<?xml version="1.0" encoding="UTF-8"?>
<testsuites name="RAD_UI_TestSuite" time="11415.318" tests="16" failures="1" errors="0">
   <testsuite name="RAD_UI_TestSuite" tests="16" failures="1" errors="0" time="11415.318" skipped="0" timestamp="2024-03-07 23:16:18" hostname="imtiaz - DESKTOP-B2QI6NS.govolution.com" id="Test Suites/RAD_TestSuite/RAD_UI_TestSuite">
      <properties>
         <property name="deviceName" value=""/>
         <property name="devicePlatform" value=""/>
         <property name="logFolder" value="E:\\Cloned-Project-Katalon\\VPS-Katalon\\Reports\\20240307_231611\\RAD_TestSuite\\RAD_UI_TestSuite\\20240307_231611"/>
         <property name="logFiles" value="E:\\Cloned-Project-Katalon\\VPS-Katalon\\Reports\\20240307_231611\\RAD_TestSuite\\RAD_UI_TestSuite\\20240307_231611\\execution0.log, E:\\Cloned-Project-Katalon\\VPS-Katalon\\Reports\\20240307_231611\\RAD_TestSuite\\RAD_UI_TestSuite\\20240307_231611\\execution1.log"/>
         <property name="attachments" value="E:\\Cloned-Project-Katalon\\VPS-Katalon\\Reports\\20240307_231611\\RAD_TestSuite\\RAD_UI_TestSuite\\20240307_231611\\1709882482375.png"/>
         <property name="hostName" value="imtiaz - DESKTOP-B2QI6NS.govolution.com"/>
         <property name="os" value="Windows 10 64bit"/>
         <property name="katalonVersion" value="8.6.6.208"/>
         <property name="browser" value="Chrome 122.0.0.0"/>
         <property name="hostAddress" value="172.31.253.185"/>
         <property name="sessionId" value="b40f0f7d2be51f96a3cc4ce84bcc8440"/>
         <property name="seleniumVersion" value="3.141.59"/>
         <property name="proxyInformation" value="ProxyInformation { proxyOption=NO_PROXY, proxyServerType=HTTP, username=, password=********, proxyServerAddress=, proxyServerPort=0, executionList=&quot;&quot;, isApplyToDesiredCapabilities=true }"/>
         <property name="platform" value="Windows 10"/>
      </properties>
      <testcase name="Test Cases/RAD_TestCases/Negative_TestCases/FEINmismatchError" time="890.484" classname="Test Cases/RAD_TestCases/Negative_TestCases/FEINmismatchError" status="PASSED">
         <system-out><![CDATA[2024-03-07 23:16:19 - [TEST_CASE][PASSED] - Test Cases/RAD_TestCases/Negative_TestCases/FEINmismatchError: Test Cases/RAD_TestCases/Negative_TestCases/FEINmismatchError

2024-03-07 23:16:20 - [TEST_STEP][PASSED] - resText = "Fail": null

2024-03-07 23:16:20 - [TEST_STEP][PASSED] - resColumn = "Result": null

2024-03-07 23:16:20 - [TEST_STEP][PASSED] - datCloumn = "Date": null

2024-03-07 23:16:20 - [TEST_STEP][PASSED] - fileLoc = "KatalonData/RADTestData/FEINmismatch.xlsx": null

2024-03-07 23:16:20 - [TEST_STEP][PASSED] - nameSheet = "FEINmismatch": null

2024-03-07 23:16:20 - [TEST_STEP][PASSED] - dataFile = "RADTestData/FEINmismatch": null

2024-03-07 23:16:20 - [TEST_STEP][PASSED] - ExecuteTC = <not implemented yet for class: org.codehaus.groovy.ast.expr.EmptyExpression>: null

2024-03-07 23:16:20 - [TEST_STEP][PASSED] - Taxtype = <not implemented yet for class: org.codehaus.groovy.ast.expr.EmptyExpression>: null

2024-03-07 23:16:20 - [TEST_STEP][PASSED] - Paymenttype = <not implemented yet for class: org.codehaus.groovy.ast.expr.EmptyExpression>: null

2024-03-07 23:16:20 - [TEST_STEP][PASSED] - numOfRows = findTestData(dataFile).getRowNumbers(): null

2024-03-07 23:16:21 - [TEST_STEP][PASSED] - println("Number of Records: " + numOfRows): null

2024-03-07 23:16:21 - [TEST_STEP][PASSED] - for ([row = 1, row <= numOfRows, (row++)]): null

2024-03-07 23:16:21 - [TEST_STEP][PASSED] - ExecuteTC = findTestData(dataFile).getValue("Execute", row): null

2024-03-07 23:16:21 - [TEST_STEP][PASSED] - Taxtype = findTestData(dataFile).getValue("TaxType", row): null

2024-03-07 23:16:21 - [TEST_STEP][PASSED] - Paymenttype = findTestData(dataFile).getValue("PaymentType", row): null

2024-03-07 23:16:21 - [TEST_STEP][PASSED] - out.println("Value of Execute is : " + ExecuteTC): null

2024-03-07 23:16:21 - [TEST_STEP][PASSED] - if (ExecuteTC.equalsIgnoreCase("Y")): null

2024-03-07 23:16:21 - [TEST_STEP][PASSED] - out.println("Begin Record Number: " + row): null

2024-03-07 23:16:21 - [TEST_STEP][PASSED] - today = new java.util.Date(): null

2024-03-07 23:16:21 - [TEST_STEP][PASSED] - println(today): null

2024-03-07 23:16:21 - [TEST_STEP][PASSED] - datText = today: null

2024-03-07 23:16:21 - [TEST_STEP][PASSED] - Taxtype = findTestData(dataFile).getValue("TaxType", row): null

2024-03-07 23:16:21 - [TEST_STEP][PASSED] - out.println("Taxtype value is : " + Taxtype): null

2024-03-07 23:16:21 - [TEST_STEP][PASSED] - openBrowser(""): Browser is opened with url: ''

2024-03-07 23:16:21 - [MESSAGE][INFO] - Starting 'Chrome' driver

2024-03-07 23:16:21 - [MESSAGE][INFO] - User set preference: ['acceptInsecureCerts', 'true']

2024-03-07 23:16:22 - [MESSAGE][INFO] - Action delay is set to 0 milliseconds

2024-03-07 23:16:25 - [MESSAGE][PASSED] - Browser is opened with url: ''

2024-03-07 23:16:25 - [TEST_STEP][PASSED] - maximizeWindow(): Current window maximized

2024-03-07 23:16:25 - [MESSAGE][PASSED] - Current window maximized

2024-03-07 23:16:25 - [TEST_STEP][PASSED] - navigateToUrl(RADurl): Navigate to 'https://qa2.velocitypayment.com/client/rad/index.html' successfully

2024-03-07 23:16:34 - [MESSAGE][PASSED] - Navigate to 'https://qa2.velocitypayment.com/client/rad/index.html' successfully

2024-03-07 23:16:34 - [TEST_STEP][PASSED] - orPath_Landing = "Object Repository/RAD_Pages/Landing_Page": null

2024-03-07 23:16:34 - [TEST_STEP][PASSED] - orPath_TaxTypeFilingYear = "Object Repository/RAD_Pages/TaxTypeFilingYear_Page": null

2024-03-07 23:16:34 - [TEST_STEP][PASSED] - orPath_TaxPayer = "Object Repository/RAD_Pages/Taxpayer_Page": null

2024-03-07 23:16:34 - [TEST_STEP][PASSED] - orPath_AddressContact = "Object Repository/RAD_Pages/AddressAndContactInfo_Page": null

2024-03-07 23:16:34 - [TEST_STEP][PASSED] - orPath_FilingStatus = "Object Repository/RAD_Pages/FilingStatus_Page": null

2024-03-07 23:16:34 - [TEST_STEP][PASSED] - orPath_Amount = "Object Repository/RAD_Pages/PaymentAmount_Page": null

2024-03-07 23:16:34 - [TEST_STEP][PASSED] - orPath_TaxInfo = "Object Repository/RAD_Pages/TaxInfo_Page": null

2024-03-07 23:16:34 - [TEST_STEP][PASSED] - orPath_Withholding = "Object Repository/RAD_Pages/Withholding_Page": null

2024-03-07 23:16:34 - [TEST_STEP][PASSED] - orPath_Summary = "Object Repository/RAD_Pages/Summary_Page": null

2024-03-07 23:16:34 - [TEST_STEP][PASSED] - orPath_PaymentReady = "Object Repository/RAD_Pages/PaymentReady_Page": null

2024-03-07 23:16:34 - [TEST_STEP][PASSED] - orPath_PaymentEntry = "Object Repository/RAD_Pages/PaymentEntry_Page": null

2024-03-07 23:16:34 - [TEST_STEP][PASSED] - orPath_PaymentConfirmation = "Object Repository/RAD_Pages/PaymentConfirmation_Page": null

2024-03-07 23:16:34 - [TEST_STEP][PASSED] - orPath_ServiceFeesAccept = "Object Repository/RAD_Pages/ServiceFeeAccept_Page": null

2024-03-07 23:16:34 - [TEST_STEP][PASSED] - selectOptionByLabel(findTestObject(orPath_Landing + "/dd_TaxType"), Paymenttype, false): All options with label 'Existing Liability w/Notice Number' are selected in object 'Object Repository/RAD_Pages/Landing_Page/dd_TaxType' 

2024-03-07 23:16:35 - [MESSAGE][PASSED] - All options with label 'Existing Liability w/Notice Number' are selected in object 'Object Repository/RAD_Pages/Landing_Page/dd_TaxType' 

2024-03-07 23:16:35 - [TEST_STEP][PASSED] - delay(1): Delayed 1 second(s)

2024-03-07 23:16:36 - [MESSAGE][PASSED] - Delayed 1 second(s)

2024-03-07 23:16:36 - [TEST_STEP][PASSED] - switch (Paymenttype): null

2024-03-07 23:16:36 - [TEST_STEP][PASSED] - case "Existing Liability w/Notice Number":: null

2024-03-07 23:16:36 - [TEST_STEP][PASSED] - selectOptionByLabel(findTestObject(orPath_TaxTypeFilingYear + "/select_TaxType_ExistingLiability"), Taxtype, false): All options with label 'Bay Restoration Fee' are selected in object 'Object Repository/RAD_Pages/TaxTypeFilingYear_Page/select_TaxType_ExistingLiability' 

2024-03-07 23:16:37 - [MESSAGE][PASSED] - All options with label 'Bay Restoration Fee' are selected in object 'Object Repository/RAD_Pages/TaxTypeFilingYear_Page/select_TaxType_ExistingLiability' 

2024-03-07 23:16:37 - [TEST_STEP][PASSED] - break: null

2024-03-07 23:16:37 - [TEST_STEP][PASSED] - delay(1): Delayed 1 second(s)

2024-03-07 23:16:38 - [MESSAGE][PASSED] - Delayed 1 second(s)

2024-03-07 23:16:38 - [TEST_STEP][PASSED] - scrollToElement(findTestObject(orPath_Amount + "/input__paymentAmount"), 2, CONTINUE_ON_FAILURE): Scroll to object 'Object Repository/RAD_Pages/PaymentAmount_Page/input__paymentAmount' successfully

2024-03-07 23:16:38 - [MESSAGE][PASSED] - Scroll to object 'Object Repository/RAD_Pages/PaymentAmount_Page/input__paymentAmount' successfully

2024-03-07 23:16:38 - [TEST_STEP][PASSED] - switch (Paymenttype): null

2024-03-07 23:16:38 - [TEST_STEP][PASSED] - case "Existing Liability w/Notice Number":: null

2024-03-07 23:16:38 - [TEST_STEP][PASSED] - setEncryptedText(findTestObject("Object Repository/RAD_RecordAndPlay/input_Existing_FEIN"), "RigbBhfdqODKcAsiUrg+1Q=="): Text ****** has been set on object 'Object Repository/RAD_RecordAndPlay/input_Existing_FEIN'

2024-03-07 23:16:39 - [MESSAGE][PASSED] - Text ****** has been set on object 'Object Repository/RAD_RecordAndPlay/input_Existing_FEIN'

2024-03-07 23:16:39 - [TEST_STEP][PASSED] - setEncryptedText(findTestObject("Object Repository/RAD_RecordAndPlay/input_Existing_RetypeFEIN"), "RigbBhfdqOBBGbZqm4oFJQ=="): Text ****** has been set on object 'Object Repository/RAD_RecordAndPlay/input_Existing_RetypeFEIN'

2024-03-07 23:16:40 - [MESSAGE][PASSED] - Text ****** has been set on object 'Object Repository/RAD_RecordAndPlay/input_Existing_RetypeFEIN'

2024-03-07 23:16:40 - [TEST_STEP][PASSED] - break: null

2024-03-07 23:16:40 - [TEST_STEP][PASSED] - setText(findTestObject(orPath_Amount + "/input__paymentAmount"), ""): Text '' is set on object 'Object Repository/RAD_Pages/PaymentAmount_Page/input__paymentAmount'

2024-03-07 23:16:41 - [MESSAGE][PASSED] - Text '' is set on object 'Object Repository/RAD_Pages/PaymentAmount_Page/input__paymentAmount'

2024-03-07 23:16:41 - [TEST_STEP][PASSED] - verifyTextPresent("The FEIN and Re-type FEIN do not match", true): Text 'The FEIN and Re-type FEIN do not match' is present on page  using regular expression

2024-03-07 23:16:41 - [MESSAGE][PASSED] - Text 'The FEIN and Re-type FEIN do not match' is present on page  using regular expression

2024-03-07 23:16:41 - [TEST_STEP][PASSED] - if (verifyTextPresent("The FEIN and Re-type FEIN do not match", true)): null

2024-03-07 23:16:42 - [MESSAGE][PASSED] - Text 'The FEIN and Re-type FEIN do not match' is present on page  using regular expression

2024-03-07 23:16:42 - [TEST_STEP][PASSED] - println("Error Message is present on the page"): null

2024-03-07 23:16:42 - [TEST_STEP][PASSED] - out.println("Pass Record Number: " + row): null

2024-03-07 23:16:42 - [TEST_STEP][PASSED] - resText = "Pass": null

2024-03-07 23:16:42 - [TEST_STEP][PASSED] - pages.WriteExcel.demoKey(resText, datText, resColumn, datCloumn, fileLoc, nameSheet, row): pages.WriteExcel.demoKey is PASSED

2024-03-07 23:16:42 - [MESSAGE][PASSED] - pages.WriteExcel.demoKey is PASSED

2024-03-07 23:16:42 - [TEST_STEP][PASSED] - ExecuteTC = findTestData(dataFile).getValue("Execute", row): null

2024-03-07 23:16:42 - [TEST_STEP][PASSED] - Taxtype = findTestData(dataFile).getValue("TaxType", row): null

2024-03-07 23:16:42 - [TEST_STEP][PASSED] - Paymenttype = findTestData(dataFile).getValue("PaymentType", row): null

2024-03-07 23:16:42 - [TEST_STEP][PASSED] - out.println("Value of Execute is : " + ExecuteTC): null

2024-03-07 23:16:42 - [TEST_STEP][PASSED] - if (ExecuteTC.equalsIgnoreCase("Y")): null

2024-03-07 23:16:42 - [TEST_STEP][PASSED] - out.println("Begin Record Number: " + row): null

2024-03-07 23:16:42 - [TEST_STEP][PASSED] - today = new java.util.Date(): null

2024-03-07 23:16:42 - [TEST_STEP][PASSED] - println(today): null

2024-03-07 23:16:42 - [TEST_STEP][PASSED] - datText = today: null

2024-03-07 23:16:42 - [TEST_STEP][PASSED] - Taxtype = findTestData(dataFile).getValue("TaxType", row): null

2024-03-07 23:16:42 - [TEST_STEP][PASSED] - out.println("Taxtype value is : " + Taxtype): null

2024-03-07 23:16:42 - [TEST_STEP][PASSED] - openBrowser(""): Browser is opened with url: ''

2024-03-07 23:16:42 - [MESSAGE][WARNING] - A browser is already opened. Closing browser and opening a new one

2024-03-07 23:17:14 - [MESSAGE][INFO] - Starting 'Chrome' driver

2024-03-07 23:17:14 - [MESSAGE][INFO] - User set preference: ['acceptInsecureCerts', 'true']

2024-03-07 23:17:14 - [MESSAGE][INFO] - Action delay is set to 0 milliseconds

2024-03-07 23:17:15 - [MESSAGE][PASSED] - Browser is opened with url: ''

2024-03-07 23:17:15 - [TEST_STEP][PASSED] - maximizeWindow(): Current window maximized

2024-03-07 23:17:15 - [MESSAGE][PASSED] - Current window maximized

2024-03-07 23:17:15 - [TEST_STEP][PASSED] - navigateToUrl(RADurl): Navigate to 'https://qa2.velocitypayment.com/client/rad/index.html' successfully

2024-03-07 23:17:17 - [MESSAGE][PASSED] - Navigate to 'https://qa2.velocitypayment.com/client/rad/index.html' successfully

2024-03-07 23:17:17 - [TEST_STEP][PASSED] - orPath_Landing = "Object Repository/RAD_Pages/Landing_Page": null

2024-03-07 23:17:17 - [TEST_STEP][PASSED] - orPath_TaxTypeFilingYear = "Object Repository/RAD_Pages/TaxTypeFilingYear_Page": null

2024-03-07 23:17:17 - [TEST_STEP][PASSED] - orPath_TaxPayer = "Object Repository/RAD_Pages/Taxpayer_Page": null

2024-03-07 23:17:17 - [TEST_STEP][PASSED] - orPath_AddressContact = "Object Repository/RAD_Pages/AddressAndContactInfo_Page": null

2024-03-07 23:17:17 - [TEST_STEP][PASSED] - orPath_FilingStatus = "Object Repository/RAD_Pages/FilingStatus_Page": null

2024-03-07 23:17:17 - [TEST_STEP][PASSED] - orPath_Amount = "Object Repository/RAD_Pages/PaymentAmount_Page": null

2024-03-07 23:17:17 - [TEST_STEP][PASSED] - orPath_TaxInfo = "Object Repository/RAD_Pages/TaxInfo_Page": null

2024-03-07 23:17:17 - [TEST_STEP][PASSED] - orPath_Withholding = "Object Repository/RAD_Pages/Withholding_Page": null

2024-03-07 23:17:17 - [TEST_STEP][PASSED] - orPath_Summary = "Object Repository/RAD_Pages/Summary_Page": null

2024-03-07 23:17:17 - [TEST_STEP][PASSED] - orPath_PaymentReady = "Object Repository/RAD_Pages/PaymentReady_Page": null

2024-03-07 23:17:17 - [TEST_STEP][PASSED] - orPath_PaymentEntry = "Object Repository/RAD_Pages/PaymentEntry_Page": null

2024-03-07 23:17:17 - [TEST_STEP][PASSED] - orPath_PaymentConfirmation = "Object Repository/RAD_Pages/PaymentConfirmation_Page": null

2024-03-07 23:17:17 - [TEST_STEP][PASSED] - orPath_ServiceFeesAccept = "Object Repository/RAD_Pages/ServiceFeeAccept_Page": null

2024-03-07 23:17:18 - [TEST_STEP][PASSED] - selectOptionByLabel(findTestObject(orPath_Landing + "/dd_TaxType"), Paymenttype, false): All options with label 'Existing Liability w/Notice Number' are selected in object 'Object Repository/RAD_Pages/Landing_Page/dd_TaxType' 

2024-03-07 23:17:18 - [MESSAGE][PASSED] - All options with label 'Existing Liability w/Notice Number' are selected in object 'Object Repository/RAD_Pages/Landing_Page/dd_TaxType' 

2024-03-07 23:17:18 - [TEST_STEP][PASSED] - delay(1): Delayed 1 second(s)

2024-03-07 23:17:19 - [MESSAGE][PASSED] - Delayed 1 second(s)

2024-03-07 23:17:19 - [TEST_STEP][PASSED] - switch (Paymenttype): null

2024-03-07 23:17:19 - [TEST_STEP][PASSED] - case "Existing Liability w/Notice Number":: null

2024-03-07 23:17:19 - [TEST_STEP][PASSED] - selectOptionByLabel(findTestObject(orPath_TaxTypeFilingYear + "/select_TaxType_ExistingLiability"), Taxtype, false): All options with label 'Corporate Income Tax' are selected in object 'Object Repository/RAD_Pages/TaxTypeFilingYear_Page/select_TaxType_ExistingLiability' 

2024-03-07 23:17:20 - [MESSAGE][PASSED] - All options with label 'Corporate Income Tax' are selected in object 'Object Repository/RAD_Pages/TaxTypeFilingYear_Page/select_TaxType_ExistingLiability' 

2024-03-07 23:17:20 - [TEST_STEP][PASSED] - break: null

2024-03-07 23:17:20 - [TEST_STEP][PASSED] - delay(1): Delayed 1 second(s)

2024-03-07 23:17:21 - [MESSAGE][PASSED] - Delayed 1 second(s)

2024-03-07 23:17:21 - [TEST_STEP][PASSED] - scrollToElement(findTestObject(orPath_Amount + "/input__paymentAmount"), 2, CONTINUE_ON_FAILURE): Scroll to object 'Object Repository/RAD_Pages/PaymentAmount_Page/input__paymentAmount' successfully

2024-03-07 23:17:21 - [MESSAGE][PASSED] - Scroll to object 'Object Repository/RAD_Pages/PaymentAmount_Page/input__paymentAmount' successfully

2024-03-07 23:17:21 - [TEST_STEP][PASSED] - switch (Paymenttype): null

2024-03-07 23:17:21 - [TEST_STEP][PASSED] - case "Existing Liability w/Notice Number":: null

2024-03-07 23:17:21 - [TEST_STEP][PASSED] - setEncryptedText(findTestObject("Object Repository/RAD_RecordAndPlay/input_Existing_FEIN"), "RigbBhfdqODKcAsiUrg+1Q=="): Text ****** has been set on object 'Object Repository/RAD_RecordAndPlay/input_Existing_FEIN'

2024-03-07 23:17:22 - [MESSAGE][PASSED] - Text ****** has been set on object 'Object Repository/RAD_RecordAndPlay/input_Existing_FEIN'

2024-03-07 23:17:22 - [TEST_STEP][PASSED] - setEncryptedText(findTestObject("Object Repository/RAD_RecordAndPlay/input_Existing_RetypeFEIN"), "RigbBhfdqOBBGbZqm4oFJQ=="): Text ****** has been set on object 'Object Repository/RAD_RecordAndPlay/input_Existing_RetypeFEIN'

2024-03-07 23:17:22 - [MESSAGE][PASSED] - Text ****** has been set on object 'Object Repository/RAD_RecordAndPlay/input_Existing_RetypeFEIN'

2024-03-07 23:17:22 - [TEST_STEP][PASSED] - break: null

2024-03-07 23:17:22 - [TEST_STEP][PASSED] - setText(findTestObject(orPath_Amount + "/input__paymentAmount"), ""): Text '' is set on object 'Object Repository/RAD_Pages/PaymentAmount_Page/input__paymentAmount'

2024-03-07 23:17:23 - [MESSAGE][PASSED] - Text '' is set on object 'Object Repository/RAD_Pages/PaymentAmount_Page/input__paymentAmount'

2024-03-07 23:17:23 - [TEST_STEP][PASSED] - verifyTextPresent("The FEIN and Re-type FEIN do not match", true): Text 'The FEIN and Re-type FEIN do not match' is present on page  using regular expression

2024-03-07 23:17:24 - [MESSAGE][PASSED] - Text 'The FEIN and Re-type FEIN do not match' is present on page  using regular expression

2024-03-07 23:17:24 - [TEST_STEP][PASSED] - if (verifyTextPresent("The FEIN and Re-type FEIN do not match", true)): null

2024-03-07 23:17:24 - [MESSAGE][PASSED] - Text 'The FEIN and Re-type FEIN do not match' is present on page  using regular expression

2024-03-07 23:17:24 - [TEST_STEP][PASSED] - println("Error Message is present on the page"): null

2024-03-07 23:17:24 - [TEST_STEP][PASSED] - out.println("Pass Record Number: " + row): null

2024-03-07 23:17:24 - [TEST_STEP][PASSED] - resText = "Pass": null

2024-03-07 23:17:24 - [TEST_STEP][PASSED] - pages.WriteExcel.demoKey(resText, datText, resColumn, datCloumn, fileLoc, nameSheet, row): pages.WriteExcel.demoKey is PASSED

2024-03-07 23:17:24 - [MESSAGE][PASSED] - pages.WriteExcel.demoKey is PASSED

2024-03-07 23:17:24 - [TEST_STEP][PASSED] - ExecuteTC = findTestData(dataFile).getValue("Execute", row): null

2024-03-07 23:17:24 - [TEST_STEP][PASSED] - Taxtype = findTestData(dataFile).getValue("TaxType", row): null

2024-03-07 23:17:25 - [TEST_STEP][PASSED] - Paymenttype = findTestData(dataFile).getValue("PaymentType", row): null

2024-03-07 23:17:25 - [TEST_STEP][PASSED] - out.println("Value of Execute is : " + ExecuteTC): null

2024-03-07 23:17:25 - [TEST_STEP][PASSED] - if (ExecuteTC.equalsIgnoreCase("Y")): null

2024-03-07 23:17:25 - [TEST_STEP][PASSED] - out.println("Begin Record Number: " + row): null

2024-03-07 23:17:25 - [TEST_STEP][PASSED] - today = new java.util.Date(): null

2024-03-07 23:17:25 - [TEST_STEP][PASSED] - println(today): null

2024-03-07 23:17:25 - [TEST_STEP][PASSED] - datText = today: null

2024-03-07 23:17:25 - [TEST_STEP][PASSED] - Taxtype = findTestData(dataFile).getValue("TaxType", row): null

2024-03-07 23:17:25 - [TEST_STEP][PASSED] - out.println("Taxtype value is : " + Taxtype): null

2024-03-07 23:17:25 - [TEST_STEP][PASSED] - openBrowser(""): Browser is opened with url: ''

2024-03-07 23:17:25 - [MESSAGE][WARNING] - A browser is already opened. Closing browser and opening a new one

2024-03-07 23:17:46 - [MESSAGE][INFO] - Starting 'Chrome' driver

2024-03-07 23:17:46 - [MESSAGE][INFO] - User set preference: ['acceptInsecureCerts', 'true']

2024-03-07 23:17:46 - [MESSAGE][INFO] - Action delay is set to 0 milliseconds

2024-03-07 23:17:47 - [MESSAGE][PASSED] - Browser is opened with url: ''

2024-03-07 23:17:47 - [TEST_STEP][PASSED] - maximizeWindow(): Current window maximized

2024-03-07 23:17:48 - [MESSAGE][PASSED] - Current window maximized

2024-03-07 23:17:48 - [TEST_STEP][PASSED] - navigateToUrl(RADurl): Navigate to 'https://qa2.velocitypayment.com/client/rad/index.html' successfully

2024-03-07 23:17:55 - [MESSAGE][PASSED] - Navigate to 'https://qa2.velocitypayment.com/client/rad/index.html' successfully

2024-03-07 23:17:55 - [TEST_STEP][PASSED] - orPath_Landing = "Object Repository/RAD_Pages/Landing_Page": null

2024-03-07 23:17:55 - [TEST_STEP][PASSED] - orPath_TaxTypeFilingYear = "Object Repository/RAD_Pages/TaxTypeFilingYear_Page": null

2024-03-07 23:17:55 - [TEST_STEP][PASSED] - orPath_TaxPayer = "Object Repository/RAD_Pages/Taxpayer_Page": null

2024-03-07 23:17:55 - [TEST_STEP][PASSED] - orPath_AddressContact = "Object Repository/RAD_Pages/AddressAndContactInfo_Page": null

2024-03-07 23:17:55 - [TEST_STEP][PASSED] - orPath_FilingStatus = "Object Repository/RAD_Pages/FilingStatus_Page": null

2024-03-07 23:17:55 - [TEST_STEP][PASSED] - orPath_Amount = "Object Repository/RAD_Pages/PaymentAmount_Page": null

2024-03-07 23:17:55 - [TEST_STEP][PASSED] - orPath_TaxInfo = "Object Repository/RAD_Pages/TaxInfo_Page": null

2024-03-07 23:17:55 - [TEST_STEP][PASSED] - orPath_Withholding = "Object Repository/RAD_Pages/Withholding_Page": null

2024-03-07 23:17:55 - [TEST_STEP][PASSED] - orPath_Summary = "Object Repository/RAD_Pages/Summary_Page": null

2024-03-07 23:17:55 - [TEST_STEP][PASSED] - orPath_PaymentReady = "Object Repository/RAD_Pages/PaymentReady_Page": null

2024-03-07 23:17:55 - [TEST_STEP][PASSED] - orPath_PaymentEntry = "Object Repository/RAD_Pages/PaymentEntry_Page": null

2024-03-07 23:17:55 - [TEST_STEP][PASSED] - orPath_PaymentConfirmation = "Object Repository/RAD_Pages/PaymentConfirmation_Page": null

2024-03-07 23:17:55 - [TEST_STEP][PASSED] - orPath_ServiceFeesAccept = "Object Repository/RAD_Pages/ServiceFeeAccept_Page": null

2024-03-07 23:17:55 - [TEST_STEP][PASSED] - selectOptionByLabel(findTestObject(orPath_Landing + "/dd_TaxType"), Paymenttype, false): All options with label 'Existing Liability w/Notice Number' are selected in object 'Object Repository/RAD_Pages/Landing_Page/dd_TaxType' 

2024-03-07 23:17:56 - [MESSAGE][PASSED] - All options with label 'Existing Liability w/Notice Number' are selected in object 'Object Repository/RAD_Pages/Landing_Page/dd_TaxType' 

2024-03-07 23:17:56 - [TEST_STEP][PASSED] - delay(1): Delayed 1 second(s)

2024-03-07 23:17:57 - [MESSAGE][PASSED] - Delayed 1 second(s)

2024-03-07 23:17:57 - [TEST_STEP][PASSED] - switch (Paymenttype): null

2024-03-07 23:17:57 - [TEST_STEP][PASSED] - case "Existing Liability w/Notice Number":: null

2024-03-07 23:17:57 - [TEST_STEP][PASSED] - selectOptionByLabel(findTestObject(orPath_TaxTypeFilingYear + "/select_TaxType_ExistingLiability"), Taxtype, false): All options with label 'Fiduciary Tax' are selected in object 'Object Repository/RAD_Pages/TaxTypeFilingYear_Page/select_TaxType_ExistingLiability' 

2024-03-07 23:17:57 - [MESSAGE][PASSED] - All options with label 'Fiduciary Tax' are selected in object 'Object Repository/RAD_Pages/TaxTypeFilingYear_Page/select_TaxType_ExistingLiability' 

2024-03-07 23:17:57 - [TEST_STEP][PASSED] - break: null

2024-03-07 23:17:57 - [TEST_STEP][PASSED] - delay(1): Delayed 1 second(s)

2024-03-07 23:17:58 - [MESSAGE][PASSED] - Delayed 1 second(s)

2024-03-07 23:17:58 - [TEST_STEP][PASSED] - scrollToElement(findTestObject(orPath_Amount + "/input__paymentAmount"), 2, CONTINUE_ON_FAILURE): Scroll to object 'Object Repository/RAD_Pages/PaymentAmount_Page/input__paymentAmount' successfully

2024-03-07 23:17:59 - [MESSAGE][PASSED] - Scroll to object 'Object Repository/RAD_Pages/PaymentAmount_Page/input__paymentAmount' successfully

2024-03-07 23:17:59 - [TEST_STEP][PASSED] - switch (Paymenttype): null

2024-03-07 23:17:59 - [TEST_STEP][PASSED] - case "Existing Liability w/Notice Number":: null

2024-03-07 23:17:59 - [TEST_STEP][PASSED] - setEncryptedText(findTestObject("Object Repository/RAD_RecordAndPlay/input_Existing_FEIN"), "RigbBhfdqODKcAsiUrg+1Q=="): Text ****** has been set on object 'Object Repository/RAD_RecordAndPlay/input_Existing_FEIN'

2024-03-07 23:17:59 - [MESSAGE][PASSED] - Text ****** has been set on object 'Object Repository/RAD_RecordAndPlay/input_Existing_FEIN'

2024-03-07 23:17:59 - [TEST_STEP][PASSED] - setEncryptedText(findTestObject("Object Repository/RAD_RecordAndPlay/input_Existing_RetypeFEIN"), "RigbBhfdqOBBGbZqm4oFJQ=="): Text ****** has been set on object 'Object Repository/RAD_RecordAndPlay/input_Existing_RetypeFEIN'

2024-03-07 23:18:00 - [MESSAGE][PASSED] - Text ****** has been set on object 'Object Repository/RAD_RecordAndPlay/input_Existing_RetypeFEIN'

2024-03-07 23:18:00 - [TEST_STEP][PASSED] - break: null

2024-03-07 23:18:00 - [TEST_STEP][PASSED] - setText(findTestObject(orPath_Amount + "/input__paymentAmount"), ""): Text '' is set on object 'Object Repository/RAD_Pages/PaymentAmount_Page/input__paymentAmount'

2024-03-07 23:18:01 - [MESSAGE][PASSED] - Text '' is set on object 'Object Repository/RAD_Pages/PaymentAmount_Page/input__paymentAmount'

2024-03-07 23:18:01 - [TEST_STEP][PASSED] - verifyTextPresent("The FEIN and Re-type FEIN do not match", true): Text 'The FEIN and Re-type FEIN do not match' is present on page  using regular expression

2024-03-07 23:18:01 - [MESSAGE][PASSED] - Text 'The FEIN and Re-type FEIN do not match' is present on page  using regular expression

2024-03-07 23:18:01 - [TEST_STEP][PASSED] - if (verifyTextPresent("The FEIN and Re-type FEIN do not match", true)): null

2024-03-07 23:18:02 - [MESSAGE][PASSED] - Text 'The FEIN and Re-type FEIN do not match' is present on page  using regular expression

2024-03-07 23:18:02 - [TEST_STEP][PASSED] - println("Error Message is present on the page"): null

2024-03-07 23:18:02 - [TEST_STEP][PASSED] - out.println("Pass Record Number: " + row): null

2024-03-07 23:18:02 - [TEST_STEP][PASSED] - resText = "Pass": null

2024-03-07 23:18:02 - [TEST_STEP][PASSED] - pages.WriteExcel.demoKey(resText, datText, resColumn, datCloumn, fileLoc, nameSheet, row): pages.WriteExcel.demoKey is PASSED

2024-03-07 23:18:02 - [MESSAGE][PASSED] - pages.WriteExcel.demoKey is PASSED

2024-03-07 23:18:02 - [TEST_STEP][PASSED] - ExecuteTC = findTestData(dataFile).getValue("Execute", row): null

2024-03-07 23:18:02 - [TEST_STEP][PASSED] - Taxtype = findTestData(dataFile).getValue("TaxType", row): null

2024-03-07 23:18:02 - [TEST_STEP][PASSED] - Paymenttype = findTestData(dataFile).getValue("PaymentType", row): null

2024-03-07 23:18:02 - [TEST_STEP][PASSED] - out.println("Value of Execute is : " + ExecuteTC): null

2024-03-07 23:18:02 - [TEST_STEP][PASSED] - if (ExecuteTC.equalsIgnoreCase("Y")): null

2024-03-07 23:18:02 - [TEST_STEP][PASSED] - out.println("Begin Record Number: " + row): null

2024-03-07 23:18:02 - [TEST_STEP][PASSED] - today = new java.util.Date(): null

2024-03-07 23:18:02 - [TEST_STEP][PASSED] - println(today): null

2024-03-07 23:18:02 - [TEST_STEP][PASSED] - datText = today: null

2024-03-07 23:18:02 - [TEST_STEP][PASSED] - Taxtype = findTestData(dataFile).getValue("TaxType", row): null

2024-03-07 23:18:02 - [TEST_STEP][PASSED] - out.println("Taxtype value is : " + Taxtype): null

2024-03-07 23:18:02 - [TEST_STEP][PASSED] - openBrowser(""): Browser is opened with url: ''

2024-03-07 23:18:02 - [MESSAGE][WARNING] - A browser is already opened. Closing browser and opening a new one

2024-03-07 23:18:15 - [MESSAGE][INFO] - Starting 'Chrome' driver

2024-03-07 23:18:15 - [MESSAGE][INFO] - User set preference: ['acceptInsecureCerts', 'true']

2024-03-07 23:18:15 - [MESSAGE][INFO] - Action delay is set to 0 milliseconds

2024-03-07 23:18:16 - [MESSAGE][PASSED] - Browser is opened with url: ''

2024-03-07 23:18:16 - [TEST_STEP][PASSED] - maximizeWindow(): Current window maximized

2024-03-07 23:18:17 - [MESSAGE][PASSED] - Current window maximized

2024-03-07 23:18:17 - [TEST_STEP][PASSED] - navigateToUrl(RADurl): Navigate to 'https://qa2.velocitypayment.com/client/rad/index.html' successfully

2024-03-07 23:18:29 - [MESSAGE][PASSED] - Navigate to 'https://qa2.velocitypayment.com/client/rad/index.html' successfully

2024-03-07 23:18:29 - [TEST_STEP][PASSED] - orPath_Landing = "Object Repository/RAD_Pages/Landing_Page": null

2024-03-07 23:18:29 - [TEST_STEP][PASSED] - orPath_TaxTypeFilingYear = "Object Repository/RAD_Pages/TaxTypeFilingYear_Page": null

2024-03-07 23:18:29 - [TEST_STEP][PASSED] - orPath_TaxPayer = "Object Repository/RAD_Pages/Taxpayer_Page": null

2024-03-07 23:18:29 - [TEST_STEP][PASSED] - orPath_AddressContact = "Object Repository/RAD_Pages/AddressAndContactInfo_Page": null

2024-03-07 23:18:29 - [TEST_STEP][PASSED] - orPath_FilingStatus = "Object Repository/RAD_Pages/FilingStatus_Page": null

2024-03-07 23:18:29 - [TEST_STEP][PASSED] - orPath_Amount = "Object Repository/RAD_Pages/PaymentAmount_Page": null

2024-03-07 23:18:29 - [TEST_STEP][PASSED] - orPath_TaxInfo = "Object Repository/RAD_Pages/TaxInfo_Page": null

2024-03-07 23:18:29 - [TEST_STEP][PASSED] - orPath_Withholding = "Object Repository/RAD_Pages/Withholding_Page": null

2024-03-07 23:18:29 - [TEST_STEP][PASSED] - orPath_Summary = "Object Repository/RAD_Pages/Summary_Page": null

2024-03-07 23:18:29 - [TEST_STEP][PASSED] - orPath_PaymentReady = "Object Repository/RAD_Pages/PaymentReady_Page": null

2024-03-07 23:18:29 - [TEST_STEP][PASSED] - orPath_PaymentEntry = "Object Repository/RAD_Pages/PaymentEntry_Page": null

2024-03-07 23:18:29 - [TEST_STEP][PASSED] - orPath_PaymentConfirmation = "Object Repository/RAD_Pages/PaymentConfirmation_Page": null

2024-03-07 23:18:29 - [TEST_STEP][PASSED] - orPath_ServiceFeesAccept = "Object Repository/RAD_Pages/ServiceFeeAccept_Page": null

2024-03-07 23:18:29 - [TEST_STEP][PASSED] - selectOptionByLabel(findTestObject(orPath_Landing + "/dd_TaxType"), Paymenttype, false): All options with label 'Existing Liability w/Notice Number' are selected in object 'Object Repository/RAD_Pages/Landing_Page/dd_TaxType' 

2024-03-07 23:18:30 - [MESSAGE][PASSED] - All options with label 'Existing Liability w/Notice Number' are selected in object 'Object Repository/RAD_Pages/Landing_Page/dd_TaxType' 

2024-03-07 23:18:30 - [TEST_STEP][PASSED] - delay(1): Delayed 1 second(s)

2024-03-07 23:18:31 - [MESSAGE][PASSED] - Delayed 1 second(s)

2024-03-07 23:18:31 - [TEST_STEP][PASSED] - switch (Paymenttype): null

2024-03-07 23:18:31 - [TEST_STEP][PASSED] - case "Existing Liability w/Notice Number":: null

2024-03-07 23:18:31 - [TEST_STEP][PASSED] - selectOptionByLabel(findTestObject(orPath_TaxTypeFilingYear + "/select_TaxType_ExistingLiability"), Taxtype, false): All options with label 'Sales & Use Tax' are selected in object 'Object Repository/RAD_Pages/TaxTypeFilingYear_Page/select_TaxType_ExistingLiability' 

2024-03-07 23:18:32 - [MESSAGE][PASSED] - All options with label 'Sales & Use Tax' are selected in object 'Object Repository/RAD_Pages/TaxTypeFilingYear_Page/select_TaxType_ExistingLiability' 

2024-03-07 23:18:32 - [TEST_STEP][PASSED] - break: null

2024-03-07 23:18:32 - [TEST_STEP][PASSED] - delay(1): Delayed 1 second(s)

2024-03-07 23:18:33 - [MESSAGE][PASSED] - Delayed 1 second(s)

2024-03-07 23:18:33 - [TEST_STEP][PASSED] - scrollToElement(findTestObject(orPath_Amount + "/input__paymentAmount"), 2, CONTINUE_ON_FAILURE): Scroll to object 'Object Repository/RAD_Pages/PaymentAmount_Page/input__paymentAmount' successfully

2024-03-07 23:18:33 - [MESSAGE][PASSED] - Scroll to object 'Object Repository/RAD_Pages/PaymentAmount_Page/input__paymentAmount' successfully

2024-03-07 23:18:33 - [TEST_STEP][PASSED] - switch (Paymenttype): null

2024-03-07 23:18:33 - [TEST_STEP][PASSED] - case "Existing Liability w/Notice Number":: null

2024-03-07 23:18:33 - [TEST_STEP][PASSED] - setEncryptedText(findTestObject("Object Repository/RAD_RecordAndPlay/input_Existing_FEIN"), "RigbBhfdqODKcAsiUrg+1Q=="): Text ****** has been set on object 'Object Repository/RAD_RecordAndPlay/input_Existing_FEIN'

2024-03-07 23:18:34 - [MESSAGE][PASSED] - Text ****** has been set on object 'Object Repository/RAD_RecordAndPlay/input_Existing_FEIN'

2024-03-07 23:18:34 - [TEST_STEP][PASSED] - setEncryptedText(findTestObject("Object Repository/RAD_RecordAndPlay/input_Existing_RetypeFEIN"), "RigbBhfdqOBBGbZqm4oFJQ=="): Text ****** has been set on object 'Object Repository/RAD_RecordAndPlay/input_Existing_RetypeFEIN'

2024-03-07 23:18:34 - [MESSAGE][PASSED] - Text ****** has been set on object 'Object Repository/RAD_RecordAndPlay/input_Existing_RetypeFEIN'

2024-03-07 23:18:34 - [TEST_STEP][PASSED] - break: null

2024-03-07 23:18:34 - [TEST_STEP][PASSED] - setText(findTestObject(orPath_Amount + "/input__paymentAmount"), ""): Text '' is set on object 'Object Repository/RAD_Pages/PaymentAmount_Page/input__paymentAmount'

2024-03-07 23:18:35 - [MESSAGE][PASSED] - Text '' is set on object 'Object Repository/RAD_Pages/PaymentAmount_Page/input__paymentAmount'

2024-03-07 23:18:35 - [TEST_STEP][PASSED] - verifyTextPresent("The FEIN and Re-type FEIN do not match", true): Text 'The FEIN and Re-type FEIN do not match' is present on page  using regular expression

2024-03-07 23:18:36 - [MESSAGE][PASSED] - Text 'The FEIN and Re-type FEIN do not match' is present on page  using regular expression

2024-03-07 23:18:36 - [TEST_STEP][PASSED] - if (verifyTextPresent("The FEIN and Re-type FEIN do not match", true)): null

2024-03-07 23:18:36 - [MESSAGE][PASSED] - Text 'The FEIN and Re-type FEIN do not match' is present on page  using regular expression

2024-03-07 23:18:36 - [TEST_STEP][PASSED] - println("Error Message is present on the page"): null

2024-03-07 23:18:36 - [TEST_STEP][PASSED] - out.println("Pass Record Number: " + row): null

2024-03-07 23:18:36 - [TEST_STEP][PASSED] - resText = "Pass": null

2024-03-07 23:18:36 - [TEST_STEP][PASSED] - pages.WriteExcel.demoKey(resText, datText, resColumn, datCloumn, fileLoc, nameSheet, row): pages.WriteExcel.demoKey is PASSED

2024-03-07 23:18:36 - [MESSAGE][PASSED] - pages.WriteExcel.demoKey is PASSED

2024-03-07 23:18:36 - [TEST_STEP][PASSED] - ExecuteTC = findTestData(dataFile).getValue("Execute", row): null

2024-03-07 23:18:36 - [TEST_STEP][PASSED] - Taxtype = findTestData(dataFile).getValue("TaxType", row): null

2024-03-07 23:18:36 - [TEST_STEP][PASSED] - Paymenttype = findTestData(dataFile).getValue("PaymentType", row): null

2024-03-07 23:18:36 - [TEST_STEP][PASSED] - out.println("Value of Execute is : " + ExecuteTC): null

2024-03-07 23:18:36 - [TEST_STEP][PASSED] - if (ExecuteTC.equalsIgnoreCase("Y")): null

2024-03-07 23:18:36 - [TEST_STEP][PASSED] - out.println("Begin Record Number: " + row): null

2024-03-07 23:18:36 - [TEST_STEP][PASSED] - today = new java.util.Date(): null

2024-03-07 23:18:36 - [TEST_STEP][PASSED] - println(today): null

2024-03-07 23:18:36 - [TEST_STEP][PASSED] - datText = today: null

2024-03-07 23:18:36 - [TEST_STEP][PASSED] - Taxtype = findTestData(dataFile).getValue("TaxType", row): null

2024-03-07 23:18:37 - [TEST_STEP][PASSED] - out.println("Taxtype value is : " + Taxtype): null

2024-03-07 23:18:37 - [TEST_STEP][PASSED] - openBrowser(""): Browser is opened with url: ''

2024-03-07 23:18:37 - [MESSAGE][WARNING] - A browser is already opened. Closing browser and opening a new one

2024-03-07 23:18:58 - [MESSAGE][INFO] - Starting 'Chrome' driver

2024-03-07 23:18:58 - [MESSAGE][INFO] - User set preference: ['acceptInsecureCerts', 'true']

2024-03-07 23:18:58 - [MESSAGE][INFO] - Action delay is set to 0 milliseconds

2024-03-07 23:19:00 - [MESSAGE][PASSED] - Browser is opened with url: ''

2024-03-07 23:19:00 - [TEST_STEP][PASSED] - maximizeWindow(): Current window maximized

2024-03-07 23:19:00 - [MESSAGE][PASSED] - Current window maximized

2024-03-07 23:19:00 - [TEST_STEP][PASSED] - navigateToUrl(RADurl): Navigate to 'https://qa2.velocitypayment.com/client/rad/index.html' successfully

2024-03-07 23:19:06 - [MESSAGE][PASSED] - Navigate to 'https://qa2.velocitypayment.com/client/rad/index.html' successfully

2024-03-07 23:19:06 - [TEST_STEP][PASSED] - orPath_Landing = "Object Repository/RAD_Pages/Landing_Page": null

2024-03-07 23:19:06 - [TEST_STEP][PASSED] - orPath_TaxTypeFilingYear = "Object Repository/RAD_Pages/TaxTypeFilingYear_Page": null

2024-03-07 23:19:06 - [TEST_STEP][PASSED] - orPath_TaxPayer = "Object Repository/RAD_Pages/Taxpayer_Page": null

2024-03-07 23:19:06 - [TEST_STEP][PASSED] - orPath_AddressContact = "Object Repository/RAD_Pages/AddressAndContactInfo_Page": null

2024-03-07 23:19:06 - [TEST_STEP][PASSED] - orPath_FilingStatus = "Object Repository/RAD_Pages/FilingStatus_Page": null

2024-03-07 23:19:06 - [TEST_STEP][PASSED] - orPath_Amount = "Object Repository/RAD_Pages/PaymentAmount_Page": null

2024-03-07 23:19:06 - [TEST_STEP][PASSED] - orPath_TaxInfo = "Object Repository/RAD_Pages/TaxInfo_Page": null

2024-03-07 23:19:06 - [TEST_STEP][PASSED] - orPath_Withholding = "Object Repository/RAD_Pages/Withholding_Page": null

2024-03-07 23:19:06 - [TEST_STEP][PASSED] - orPath_Summary = "Object Repository/RAD_Pages/Summary_Page": null

2024-03-07 23:19:06 - [TEST_STEP][PASSED] - orPath_PaymentReady = "Object Repository/RAD_Pages/PaymentReady_Page": null

2024-03-07 23:19:06 - [TEST_STEP][PASSED] - orPath_PaymentEntry = "Object Repository/RAD_Pages/PaymentEntry_Page": null

2024-03-07 23:19:06 - [TEST_STEP][PASSED] - orPath_PaymentConfirmation = "Object Repository/RAD_Pages/PaymentConfirmation_Page": null

2024-03-07 23:19:07 - [TEST_STEP][PASSED] - orPath_ServiceFeesAccept = "Object Repository/RAD_Pages/ServiceFeeAccept_Page": null

2024-03-07 23:19:07 - [TEST_STEP][PASSED] - selectOptionByLabel(findTestObject(orPath_Landing + "/dd_TaxType"), Paymenttype, false): All options with label 'Existing Liability w/Notice Number' are selected in object 'Object Repository/RAD_Pages/Landing_Page/dd_TaxType' 

2024-03-07 23:19:07 - [MESSAGE][PASSED] - All options with label 'Existing Liability w/Notice Number' are selected in object 'Object Repository/RAD_Pages/Landing_Page/dd_TaxType' 

2024-03-07 23:19:07 - [TEST_STEP][PASSED] - delay(1): Delayed 1 second(s)

2024-03-07 23:19:08 - [MESSAGE][PASSED] - Delayed 1 second(s)

2024-03-07 23:19:08 - [TEST_STEP][PASSED] - switch (Paymenttype): null

2024-03-07 23:19:08 - [TEST_STEP][PASSED] - case "Existing Liability w/Notice Number":: null

2024-03-07 23:19:08 - [TEST_STEP][PASSED] - selectOptionByLabel(findTestObject(orPath_TaxTypeFilingYear + "/select_TaxType_ExistingLiability"), Taxtype, false): All options with label 'Tire Recycling Fee' are selected in object 'Object Repository/RAD_Pages/TaxTypeFilingYear_Page/select_TaxType_ExistingLiability' 

2024-03-07 23:19:09 - [MESSAGE][PASSED] - All options with label 'Tire Recycling Fee' are selected in object 'Object Repository/RAD_Pages/TaxTypeFilingYear_Page/select_TaxType_ExistingLiability' 

2024-03-07 23:19:09 - [TEST_STEP][PASSED] - break: null

2024-03-07 23:19:09 - [TEST_STEP][PASSED] - delay(1): Delayed 1 second(s)

2024-03-07 23:19:10 - [MESSAGE][PASSED] - Delayed 1 second(s)

2024-03-07 23:19:10 - [TEST_STEP][PASSED] - scrollToElement(findTestObject(orPath_Amount + "/input__paymentAmount"), 2, CONTINUE_ON_FAILURE): Scroll to object 'Object Repository/RAD_Pages/PaymentAmount_Page/input__paymentAmount' successfully

2024-03-07 23:19:10 - [MESSAGE][PASSED] - Scroll to object 'Object Repository/RAD_Pages/PaymentAmount_Page/input__paymentAmount' successfully

2024-03-07 23:19:10 - [TEST_STEP][PASSED] - switch (Paymenttype): null

2024-03-07 23:19:10 - [TEST_STEP][PASSED] - case "Existing Liability w/Notice Number":: null

2024-03-07 23:19:10 - [TEST_STEP][PASSED] - setEncryptedText(findTestObject("Object Repository/RAD_RecordAndPlay/input_Existing_FEIN"), "RigbBhfdqODKcAsiUrg+1Q=="): Text ****** has been set on object 'Object Repository/RAD_RecordAndPlay/input_Existing_FEIN'

2024-03-07 23:19:11 - [MESSAGE][PASSED] - Text ****** has been set on object 'Object Repository/RAD_RecordAndPlay/input_Existing_FEIN'

2024-03-07 23:19:11 - [TEST_STEP][PASSED] - setEncryptedText(findTestObject("Object Repository/RAD_RecordAndPlay/input_Existing_RetypeFEIN"), "RigbBhfdqOBBGbZqm4oFJQ=="): Text ****** has been set on object 'Object Repository/RAD_RecordAndPlay/input_Existing_RetypeFEIN'

2024-03-07 23:19:11 - [MESSAGE][PASSED] - Text ****** has been set on object 'Object Repository/RAD_RecordAndPlay/input_Existing_RetypeFEIN'

2024-03-07 23:19:11 - [TEST_STEP][PASSED] - break: null

2024-03-07 23:19:11 - [TEST_STEP][PASSED] - setText(findTestObject(orPath_Amount + "/input__paymentAmount"), ""): Text '' is set on object 'Object Repository/RAD_Pages/PaymentAmount_Page/input__paymentAmount'

2024-03-07 23:19:12 - [MESSAGE][PASSED] - Text '' is set on object 'Object Repository/RAD_Pages/PaymentAmount_Page/input__paymentAmount'

2024-03-07 23:19:12 - [TEST_STEP][PASSED] - verifyTextPresent("The FEIN and Re-type FEIN do not match", true): Text 'The FEIN and Re-type FEIN do not match' is present on page  using regular expression

2024-03-07 23:19:13 - [MESSAGE][PASSED] - Text 'The FEIN and Re-type FEIN do not match' is present on page  using regular expression

2024-03-07 23:19:13 - [TEST_STEP][PASSED] - if (verifyTextPresent("The FEIN and Re-type FEIN do not match", true)): null

2024-03-07 23:19:13 - [MESSAGE][PASSED] - Text 'The FEIN and Re-type FEIN do not match' is present on page  using regular expression

2024-03-07 23:19:13 - [TEST_STEP][PASSED] - println("Error Message is present on the page"): null

2024-03-07 23:19:13 - [TEST_STEP][PASSED] - out.println("Pass Record Number: " + row): null

2024-03-07 23:19:13 - [TEST_STEP][PASSED] - resText = "Pass": null

2024-03-07 23:19:13 - [TEST_STEP][PASSED] - pages.WriteExcel.demoKey(resText, datText, resColumn, datCloumn, fileLoc, nameSheet, row): pages.WriteExcel.demoKey is PASSED

2024-03-07 23:19:13 - [MESSAGE][PASSED] - pages.WriteExcel.demoKey is PASSED

2024-03-07 23:19:13 - [TEST_STEP][PASSED] - ExecuteTC = findTestData(dataFile).getValue("Execute", row): null

2024-03-07 23:19:13 - [TEST_STEP][PASSED] - Taxtype = findTestData(dataFile).getValue("TaxType", row): null

2024-03-07 23:19:13 - [TEST_STEP][PASSED] - Paymenttype = findTestData(dataFile).getValue("PaymentType", row): null

2024-03-07 23:19:13 - [TEST_STEP][PASSED] - out.println("Value of Execute is : " + ExecuteTC): null

2024-03-07 23:19:13 - [TEST_STEP][PASSED] - if (ExecuteTC.equalsIgnoreCase("Y")): null

2024-03-07 23:19:13 - [TEST_STEP][PASSED] - out.println("Begin Record Number: " + row): null

2024-03-07 23:19:13 - [TEST_STEP][PASSED] - today = new java.util.Date(): null

2024-03-07 23:19:13 - [TEST_STEP][PASSED] - println(today): null

2024-03-07 23:19:13 - [TEST_STEP][PASSED] - datText = today: null

2024-03-07 23:19:13 - [TEST_STEP][PASSED] - Taxtype = findTestData(dataFile).getValue("TaxType", row): null

2024-03-07 23:19:13 - [TEST_STEP][PASSED] - out.println("Taxtype value is : " + Taxtype): null

2024-03-07 23:19:13 - [TEST_STEP][PASSED] - openBrowser(""): Browser is opened with url: ''

2024-03-07 23:19:13 - [MESSAGE][WARNING] - A browser is already opened. Closing browser and opening a new one

2024-03-07 23:19:36 - [MESSAGE][INFO] - Starting 'Chrome' driver

2024-03-07 23:19:36 - [MESSAGE][INFO] - User set preference: ['acceptInsecureCerts', 'true']

2024-03-07 23:19:36 - [MESSAGE][INFO] - Action delay is set to 0 milliseconds

2024-03-07 23:19:38 - [MESSAGE][PASSED] - Browser is opened with url: ''

2024-03-07 23:19:38 - [TEST_STEP][PASSED] - maximizeWindow(): Current window maximized

2024-03-07 23:19:38 - [MESSAGE][PASSED] - Current window maximized

2024-03-07 23:19:38 - [TEST_STEP][PASSED] - navigateToUrl(RADurl): Navigate to 'https://qa2.velocitypayment.com/client/rad/index.html' successfully

2024-03-07 23:19:40 - [MESSAGE][PASSED] - Navigate to 'https://qa2.velocitypayment.com/client/rad/index.html' successfully

2024-03-07 23:19:40 - [TEST_STEP][PASSED] - orPath_Landing = "Object Repository/RAD_Pages/Landing_Page": null

2024-03-07 23:19:40 - [TEST_STEP][PASSED] - orPath_TaxTypeFilingYear = "Object Repository/RAD_Pages/TaxTypeFilingYear_Page": null

2024-03-07 23:19:40 - [TEST_STEP][PASSED] - orPath_TaxPayer = "Object Repository/RAD_Pages/Taxpayer_Page": null

2024-03-07 23:19:40 - [TEST_STEP][PASSED] - orPath_AddressContact = "Object Repository/RAD_Pages/AddressAndContactInfo_Page": null

2024-03-07 23:19:40 - [TEST_STEP][PASSED] - orPath_FilingStatus = "Object Repository/RAD_Pages/FilingStatus_Page": null

2024-03-07 23:19:40 - [TEST_STEP][PASSED] - orPath_Amount = "Object Repository/RAD_Pages/PaymentAmount_Page": null

2024-03-07 23:19:40 - [TEST_STEP][PASSED] - orPath_TaxInfo = "Object Repository/RAD_Pages/TaxInfo_Page": null

2024-03-07 23:19:40 - [TEST_STEP][PASSED] - orPath_Withholding = "Object Repository/RAD_Pages/Withholding_Page": null

2024-03-07 23:19:40 - [TEST_STEP][PASSED] - orPath_Summary = "Object Repository/RAD_Pages/Summary_Page": null

2024-03-07 23:19:40 - [TEST_STEP][PASSED] - orPath_PaymentReady = "Object Repository/RAD_Pages/PaymentReady_Page": null

2024-03-07 23:19:40 - [TEST_STEP][PASSED] - orPath_PaymentEntry = "Object Repository/RAD_Pages/PaymentEntry_Page": null

2024-03-07 23:19:40 - [TEST_STEP][PASSED] - orPath_PaymentConfirmation = "Object Repository/RAD_Pages/PaymentConfirmation_Page": null

2024-03-07 23:19:40 - [TEST_STEP][PASSED] - orPath_ServiceFeesAccept = "Object Repository/RAD_Pages/ServiceFeeAccept_Page": null

2024-03-07 23:19:40 - [TEST_STEP][PASSED] - selectOptionByLabel(findTestObject(orPath_Landing + "/dd_TaxType"), Paymenttype, false): All options with label 'Existing Liability w/Notice Number' are selected in object 'Object Repository/RAD_Pages/Landing_Page/dd_TaxType' 

2024-03-07 23:19:40 - [MESSAGE][PASSED] - All options with label 'Existing Liability w/Notice Number' are selected in object 'Object Repository/RAD_Pages/Landing_Page/dd_TaxType' 

2024-03-07 23:19:40 - [TEST_STEP][PASSED] - delay(1): Delayed 1 second(s)

2024-03-07 23:19:41 - [MESSAGE][PASSED] - Delayed 1 second(s)

2024-03-07 23:19:41 - [TEST_STEP][PASSED] - switch (Paymenttype): null

2024-03-07 23:19:41 - [TEST_STEP][PASSED] - case "Existing Liability w/Notice Number":: null

2024-03-07 23:19:41 - [TEST_STEP][PASSED] - selectOptionByLabel(findTestObject(orPath_TaxTypeFilingYear + "/select_TaxType_ExistingLiability"), Taxtype, false): All options with label 'Withholding Tax' are selected in object 'Object Repository/RAD_Pages/TaxTypeFilingYear_Page/select_TaxType_ExistingLiability' 

2024-03-07 23:19:42 - [MESSAGE][PASSED] - All options with label 'Withholding Tax' are selected in object 'Object Repository/RAD_Pages/TaxTypeFilingYear_Page/select_TaxType_ExistingLiability' 

2024-03-07 23:19:42 - [TEST_STEP][PASSED] - break: null

2024-03-07 23:19:42 - [TEST_STEP][PASSED] - delay(1): Delayed 1 second(s)

2024-03-07 23:19:43 - [MESSAGE][PASSED] - Delayed 1 second(s)

2024-03-07 23:19:43 - [TEST_STEP][PASSED] - scrollToElement(findTestObject(orPath_Amount + "/input__paymentAmount"), 2, CONTINUE_ON_FAILURE): Scroll to object 'Object Repository/RAD_Pages/PaymentAmount_Page/input__paymentAmount' successfully

2024-03-07 23:19:43 - [MESSAGE][PASSED] - Scroll to object 'Object Repository/RAD_Pages/PaymentAmount_Page/input__paymentAmount' successfully

2024-03-07 23:19:43 - [TEST_STEP][PASSED] - switch (Paymenttype): null

2024-03-07 23:19:43 - [TEST_STEP][PASSED] - case "Existing Liability w/Notice Number":: null

2024-03-07 23:19:43 - [TEST_STEP][PASSED] - setEncryptedText(findTestObject("Object Repository/RAD_RecordAndPlay/input_Existing_FEIN"), "RigbBhfdqODKcAsiUrg+1Q=="): Text ****** has been set on object 'Object Repository/RAD_RecordAndPlay/input_Existing_FEIN'

2024-03-07 23:19:44 - [MESSAGE][PASSED] - Text ****** has been set on object 'Object Repository/RAD_RecordAndPlay/input_Existing_FEIN'

2024-03-07 23:19:44 - [TEST_STEP][PASSED] - setEncryptedText(findTestObject("Object Repository/RAD_RecordAndPlay/input_Existing_RetypeFEIN"), "RigbBhfdqOBBGbZqm4oFJQ=="): Text ****** has been set on object 'Object Repository/RAD_RecordAndPlay/input_Existing_RetypeFEIN'

2024-03-07 23:19:45 - [MESSAGE][PASSED] - Text ****** has been set on object 'Object Repository/RAD_RecordAndPlay/input_Existing_RetypeFEIN'

2024-03-07 23:19:45 - [TEST_STEP][PASSED] - break: null

2024-03-07 23:19:45 - [TEST_STEP][PASSED] - setText(findTestObject(orPath_Amount + "/input__paymentAmount"), ""): Text '' is set on object 'Object Repository/RAD_Pages/PaymentAmount_Page/input__paymentAmount'

2024-03-07 23:19:45 - [MESSAGE][PASSED] - Text '' is set on object 'Object Repository/RAD_Pages/PaymentAmount_Page/input__paymentAmount'

2024-03-07 23:19:45 - [TEST_STEP][PASSED] - verifyTextPresent("The FEIN and Re-type FEIN do not match", true): Text 'The FEIN and Re-type FEIN do not match' is present on page  using regular expression

2024-03-07 23:19:46 - [MESSAGE][PASSED] - Text 'The FEIN and Re-type FEIN do not match' is present on page  using regular expression

2024-03-07 23:19:46 - [TEST_STEP][PASSED] - if (verifyTextPresent("The FEIN and Re-type FEIN do not match", true)): null

2024-03-07 23:19:46 - [MESSAGE][PASSED] - Text 'The FEIN and Re-type FEIN do not match' is present on page  using regular expression

2024-03-07 23:19:46 - [TEST_STEP][PASSED] - println("Error Message is present on the page"): null

2024-03-07 23:19:46 - [TEST_STEP][PASSED] - out.println("Pass Record Number: " + row): null

2024-03-07 23:19:46 - [TEST_STEP][PASSED] - resText = "Pass": null

2024-03-07 23:19:46 - [TEST_STEP][PASSED] - pages.WriteExcel.demoKey(resText, datText, resColumn, datCloumn, fileLoc, nameSheet, row): pages.WriteExcel.demoKey is PASSED

2024-03-07 23:19:46 - [MESSAGE][PASSED] - pages.WriteExcel.demoKey is PASSED

2024-03-07 23:19:46 - [TEST_STEP][PASSED] - ExecuteTC = findTestData(dataFile).getValue("Execute", row): null

2024-03-07 23:19:46 - [TEST_STEP][PASSED] - Taxtype = findTestData(dataFile).getValue("TaxType", row): null

2024-03-07 23:19:46 - [TEST_STEP][PASSED] - Paymenttype = findTestData(dataFile).getValue("PaymentType", row): null

2024-03-07 23:19:46 - [TEST_STEP][PASSED] - out.println("Value of Execute is : " + ExecuteTC): null

2024-03-07 23:19:46 - [TEST_STEP][PASSED] - if (ExecuteTC.equalsIgnoreCase("Y")): null

2024-03-07 23:19:46 - [TEST_STEP][PASSED] - out.println("Begin Record Number: " + row): null

2024-03-07 23:19:46 - [TEST_STEP][PASSED] - today = new java.util.Date(): null

2024-03-07 23:19:46 - [TEST_STEP][PASSED] - println(today): null

2024-03-07 23:19:46 - [TEST_STEP][PASSED] - datText = today: null

2024-03-07 23:19:46 - [TEST_STEP][PASSED] - Taxtype = findTestData(dataFile).getValue("TaxType", row): null

2024-03-07 23:19:47 - [TEST_STEP][PASSED] - out.println("Taxtype value is : " + Taxtype): null

2024-03-07 23:19:47 - [TEST_STEP][PASSED] - openBrowser(""): Browser is opened with url: ''

2024-03-07 23:19:47 - [MESSAGE][WARNING] - A browser is already opened. Closing browser and opening a new one

2024-03-07 23:20:10 - [MESSAGE][INFO] - Starting 'Chrome' driver

2024-03-07 23:20:10 - [MESSAGE][INFO] - User set preference: ['acceptInsecureCerts', 'true']

2024-03-07 23:20:10 - [MESSAGE][INFO] - Action delay is set to 0 milliseconds

2024-03-07 23:20:11 - [MESSAGE][PASSED] - Browser is opened with url: ''

2024-03-07 23:20:11 - [TEST_STEP][PASSED] - maximizeWindow(): Current window maximized

2024-03-07 23:20:11 - [MESSAGE][PASSED] - Current window maximized

2024-03-07 23:20:11 - [TEST_STEP][PASSED] - navigateToUrl(RADurl): Navigate to 'https://qa2.velocitypayment.com/client/rad/index.html' successfully

2024-03-07 23:20:18 - [MESSAGE][PASSED] - Navigate to 'https://qa2.velocitypayment.com/client/rad/index.html' successfully

2024-03-07 23:20:18 - [TEST_STEP][PASSED] - orPath_Landing = "Object Repository/RAD_Pages/Landing_Page": null

2024-03-07 23:20:18 - [TEST_STEP][PASSED] - orPath_TaxTypeFilingYear = "Object Repository/RAD_Pages/TaxTypeFilingYear_Page": null

2024-03-07 23:20:18 - [TEST_STEP][PASSED] - orPath_TaxPayer = "Object Repository/RAD_Pages/Taxpayer_Page": null

2024-03-07 23:20:18 - [TEST_STEP][PASSED] - orPath_AddressContact = "Object Repository/RAD_Pages/AddressAndContactInfo_Page": null

2024-03-07 23:20:18 - [TEST_STEP][PASSED] - orPath_FilingStatus = "Object Repository/RAD_Pages/FilingStatus_Page": null

2024-03-07 23:20:18 - [TEST_STEP][PASSED] - orPath_Amount = "Object Repository/RAD_Pages/PaymentAmount_Page": null

2024-03-07 23:20:18 - [TEST_STEP][PASSED] - orPath_TaxInfo = "Object Repository/RAD_Pages/TaxInfo_Page": null

2024-03-07 23:20:18 - [TEST_STEP][PASSED] - orPath_Withholding = "Object Repository/RAD_Pages/Withholding_Page": null

2024-03-07 23:20:18 - [TEST_STEP][PASSED] - orPath_Summary = "Object Repository/RAD_Pages/Summary_Page": null

2024-03-07 23:20:18 - [TEST_STEP][PASSED] - orPath_PaymentReady = "Object Repository/RAD_Pages/PaymentReady_Page": null

2024-03-07 23:20:18 - [TEST_STEP][PASSED] - orPath_PaymentEntry = "Object Repository/RAD_Pages/PaymentEntry_Page": null

2024-03-07 23:20:18 - [TEST_STEP][PASSED] - orPath_PaymentConfirmation = "Object Repository/RAD_Pages/PaymentConfirmation_Page": null

2024-03-07 23:20:18 - [TEST_STEP][PASSED] - orPath_ServiceFeesAccept = "Object Repository/RAD_Pages/ServiceFeeAccept_Page": null

2024-03-07 23:20:18 - [TEST_STEP][PASSED] - selectOptionByLabel(findTestObject(orPath_Landing + "/dd_TaxType"), Paymenttype, false): All options with label 'Existing Liability w/Notice Number' are selected in object 'Object Repository/RAD_Pages/Landing_Page/dd_TaxType' 

2024-03-07 23:20:18 - [MESSAGE][PASSED] - All options with label 'Existing Liability w/Notice Number' are selected in object 'Object Repository/RAD_Pages/Landing_Page/dd_TaxType' 

2024-03-07 23:20:18 - [TEST_STEP][PASSED] - delay(1): Delayed 1 second(s)

2024-03-07 23:20:19 - [MESSAGE][PASSED] - Delayed 1 second(s)

2024-03-07 23:20:19 - [TEST_STEP][PASSED] - switch (Paymenttype): null

2024-03-07 23:20:19 - [TEST_STEP][PASSED] - case "Existing Liability w/Notice Number":: null

2024-03-07 23:20:19 - [TEST_STEP][PASSED] - selectOptionByLabel(findTestObject(orPath_TaxTypeFilingYear + "/select_TaxType_ExistingLiability"), Taxtype, false): All options with label 'Alcohol Tax' are selected in object 'Object Repository/RAD_Pages/TaxTypeFilingYear_Page/select_TaxType_ExistingLiability' 

2024-03-07 23:20:20 - [MESSAGE][PASSED] - All options with label 'Alcohol Tax' are selected in object 'Object Repository/RAD_Pages/TaxTypeFilingYear_Page/select_TaxType_ExistingLiability' 

2024-03-07 23:20:20 - [TEST_STEP][PASSED] - break: null

2024-03-07 23:20:20 - [TEST_STEP][PASSED] - delay(1): Delayed 1 second(s)

2024-03-07 23:20:21 - [MESSAGE][PASSED] - Delayed 1 second(s)

2024-03-07 23:20:21 - [TEST_STEP][PASSED] - scrollToElement(findTestObject(orPath_Amount + "/input__paymentAmount"), 2, CONTINUE_ON_FAILURE): Scroll to object 'Object Repository/RAD_Pages/PaymentAmount_Page/input__paymentAmount' successfully

2024-03-07 23:20:21 - [MESSAGE][PASSED] - Scroll to object 'Object Repository/RAD_Pages/PaymentAmount_Page/input__paymentAmount' successfully

2024-03-07 23:20:21 - [TEST_STEP][PASSED] - switch (Paymenttype): null

2024-03-07 23:20:21 - [TEST_STEP][PASSED] - case "Existing Liability w/Notice Number":: null

2024-03-07 23:20:21 - [TEST_STEP][PASSED] - setEncryptedText(findTestObject("Object Repository/RAD_RecordAndPlay/input_Existing_FEIN"), "RigbBhfdqODKcAsiUrg+1Q=="): Text ****** has been set on object 'Object Repository/RAD_RecordAndPlay/input_Existing_FEIN'

2024-03-07 23:20:22 - [MESSAGE][PASSED] - Text ****** has been set on object 'Object Repository/RAD_RecordAndPlay/input_Existing_FEIN'

2024-03-07 23:20:22 - [TEST_STEP][PASSED] - setEncryptedText(findTestObject("Object Repository/RAD_RecordAndPlay/input_Existing_RetypeFEIN"), "RigbBhfdqOBBGbZqm4oFJQ=="): Text ****** has been set on object 'Object Repository/RAD_RecordAndPlay/input_Existing_RetypeFEIN'

2024-03-07 23:20:23 - [MESSAGE][PASSED] - Text ****** has been set on object 'Object Repository/RAD_RecordAndPlay/input_Existing_RetypeFEIN'

2024-03-07 23:20:23 - [TEST_STEP][PASSED] - break: null

2024-03-07 23:20:23 - [TEST_STEP][PASSED] - setText(findTestObject(orPath_Amount + "/input__paymentAmount"), ""): Text '' is set on object 'Object Repository/RAD_Pages/PaymentAmount_Page/input__paymentAmount'

2024-03-07 23:20:23 - [MESSAGE][PASSED] - Text '' is set on object 'Object Repository/RAD_Pages/PaymentAmount_Page/input__paymentAmount'

2024-03-07 23:20:23 - [TEST_STEP][PASSED] - verifyTextPresent("The FEIN and Re-type FEIN do not match", true): Text 'The FEIN and Re-type FEIN do not match' is present on page  using regular expression

2024-03-07 23:20:24 - [MESSAGE][PASSED] - Text 'The FEIN and Re-type FEIN do not match' is present on page  using regular expression

2024-03-07 23:20:24 - [TEST_STEP][PASSED] - if (verifyTextPresent("The FEIN and Re-type FEIN do not match", true)): null

2024-03-07 23:20:24 - [MESSAGE][PASSED] - Text 'The FEIN and Re-type FEIN do not match' is present on page  using regular expression

2024-03-07 23:20:24 - [TEST_STEP][PASSED] - println("Error Message is present on the page"): null

2024-03-07 23:20:24 - [TEST_STEP][PASSED] - out.println("Pass Record Number: " + row): null

2024-03-07 23:20:24 - [TEST_STEP][PASSED] - resText = "Pass": null

2024-03-07 23:20:24 - [TEST_STEP][PASSED] - pages.WriteExcel.demoKey(resText, datText, resColumn, datCloumn, fileLoc, nameSheet, row): pages.WriteExcel.demoKey is PASSED

2024-03-07 23:20:24 - [MESSAGE][PASSED] - pages.WriteExcel.demoKey is PASSED

2024-03-07 23:20:24 - [TEST_STEP][PASSED] - ExecuteTC = findTestData(dataFile).getValue("Execute", row): null

2024-03-07 23:20:24 - [TEST_STEP][PASSED] - Taxtype = findTestData(dataFile).getValue("TaxType", row): null

2024-03-07 23:20:25 - [TEST_STEP][PASSED] - Paymenttype = findTestData(dataFile).getValue("PaymentType", row): null

2024-03-07 23:20:25 - [TEST_STEP][PASSED] - out.println("Value of Execute is : " + ExecuteTC): null

2024-03-07 23:20:25 - [TEST_STEP][PASSED] - if (ExecuteTC.equalsIgnoreCase("Y")): null

2024-03-07 23:20:25 - [TEST_STEP][PASSED] - out.println("Begin Record Number: " + row): null

2024-03-07 23:20:25 - [TEST_STEP][PASSED] - today = new java.util.Date(): null

2024-03-07 23:20:25 - [TEST_STEP][PASSED] - println(today): null

2024-03-07 23:20:25 - [TEST_STEP][PASSED] - datText = today: null

2024-03-07 23:20:25 - [TEST_STEP][PASSED] - Taxtype = findTestData(dataFile).getValue("TaxType", row): null

2024-03-07 23:20:25 - [TEST_STEP][PASSED] - out.println("Taxtype value is : " + Taxtype): null

2024-03-07 23:20:25 - [TEST_STEP][PASSED] - openBrowser(""): Browser is opened with url: ''

2024-03-07 23:20:25 - [MESSAGE][WARNING] - A browser is already opened. Closing browser and opening a new one

2024-03-07 23:20:47 - [MESSAGE][INFO] - Starting 'Chrome' driver

2024-03-07 23:20:47 - [MESSAGE][INFO] - User set preference: ['acceptInsecureCerts', 'true']

2024-03-07 23:20:47 - [MESSAGE][INFO] - Action delay is set to 0 milliseconds

2024-03-07 23:20:48 - [MESSAGE][PASSED] - Browser is opened with url: ''

2024-03-07 23:20:48 - [TEST_STEP][PASSED] - maximizeWindow(): Current window maximized

2024-03-07 23:20:48 - [MESSAGE][PASSED] - Current window maximized

2024-03-07 23:20:48 - [TEST_STEP][PASSED] - navigateToUrl(RADurl): Navigate to 'https://qa2.velocitypayment.com/client/rad/index.html' successfully

2024-03-07 23:20:57 - [MESSAGE][PASSED] - Navigate to 'https://qa2.velocitypayment.com/client/rad/index.html' successfully

2024-03-07 23:20:57 - [TEST_STEP][PASSED] - orPath_Landing = "Object Repository/RAD_Pages/Landing_Page": null

2024-03-07 23:20:57 - [TEST_STEP][PASSED] - orPath_TaxTypeFilingYear = "Object Repository/RAD_Pages/TaxTypeFilingYear_Page": null

2024-03-07 23:20:57 - [TEST_STEP][PASSED] - orPath_TaxPayer = "Object Repository/RAD_Pages/Taxpayer_Page": null

2024-03-07 23:20:57 - [TEST_STEP][PASSED] - orPath_AddressContact = "Object Repository/RAD_Pages/AddressAndContactInfo_Page": null

2024-03-07 23:20:57 - [TEST_STEP][PASSED] - orPath_FilingStatus = "Object Repository/RAD_Pages/FilingStatus_Page": null

2024-03-07 23:20:57 - [TEST_STEP][PASSED] - orPath_Amount = "Object Repository/RAD_Pages/PaymentAmount_Page": null

2024-03-07 23:20:57 - [TEST_STEP][PASSED] - orPath_TaxInfo = "Object Repository/RAD_Pages/TaxInfo_Page": null

2024-03-07 23:20:57 - [TEST_STEP][PASSED] - orPath_Withholding = "Object Repository/RAD_Pages/Withholding_Page": null

2024-03-07 23:20:57 - [TEST_STEP][PASSED] - orPath_Summary = "Object Repository/RAD_Pages/Summary_Page": null

2024-03-07 23:20:57 - [TEST_STEP][PASSED] - orPath_PaymentReady = "Object Repository/RAD_Pages/PaymentReady_Page": null

2024-03-07 23:20:57 - [TEST_STEP][PASSED] - orPath_PaymentEntry = "Object Repository/RAD_Pages/PaymentEntry_Page": null

2024-03-07 23:20:57 - [TEST_STEP][PASSED] - orPath_PaymentConfirmation = "Object Repository/RAD_Pages/PaymentConfirmation_Page": null

2024-03-07 23:20:57 - [TEST_STEP][PASSED] - orPath_ServiceFeesAccept = "Object Repository/RAD_Pages/ServiceFeeAccept_Page": null

2024-03-07 23:20:57 - [TEST_STEP][PASSED] - selectOptionByLabel(findTestObject(orPath_Landing + "/dd_TaxType"), Paymenttype, false): All options with label 'Quarterly Estimated Tax' are selected in object 'Object Repository/RAD_Pages/Landing_Page/dd_TaxType' 

2024-03-07 23:20:58 - [MESSAGE][PASSED] - All options with label 'Quarterly Estimated Tax' are selected in object 'Object Repository/RAD_Pages/Landing_Page/dd_TaxType' 

2024-03-07 23:20:58 - [TEST_STEP][PASSED] - delay(1): Delayed 1 second(s)

2024-03-07 23:20:59 - [MESSAGE][PASSED] - Delayed 1 second(s)

2024-03-07 23:20:59 - [TEST_STEP][PASSED] - switch (Paymenttype): null

2024-03-07 23:20:59 - [TEST_STEP][PASSED] - case "Quarterly Estimated Tax":: null

2024-03-07 23:20:59 - [TEST_STEP][PASSED] - selectOptionByLabel(findTestObject(orPath_TaxTypeFilingYear + "/select_PaymentType"), Taxtype, false): All options with label 'Corporate Income Tax' are selected in object 'Object Repository/RAD_Pages/TaxTypeFilingYear_Page/select_PaymentType' 

2024-03-07 23:20:59 - [MESSAGE][PASSED] - All options with label 'Corporate Income Tax' are selected in object 'Object Repository/RAD_Pages/TaxTypeFilingYear_Page/select_PaymentType' 

2024-03-07 23:20:59 - [TEST_STEP][PASSED] - break: null

2024-03-07 23:20:59 - [TEST_STEP][PASSED] - delay(1): Delayed 1 second(s)

2024-03-07 23:21:00 - [MESSAGE][PASSED] - Delayed 1 second(s)

2024-03-07 23:21:00 - [TEST_STEP][PASSED] - scrollToElement(findTestObject(orPath_Amount + "/input__paymentAmount"), 2, CONTINUE_ON_FAILURE): Scroll to object 'Object Repository/RAD_Pages/PaymentAmount_Page/input__paymentAmount' successfully

2024-03-07 23:21:01 - [MESSAGE][PASSED] - Scroll to object 'Object Repository/RAD_Pages/PaymentAmount_Page/input__paymentAmount' successfully

2024-03-07 23:21:01 - [TEST_STEP][PASSED] - switch (Paymenttype): null

2024-03-07 23:21:01 - [TEST_STEP][PASSED] - case "Quarterly Estimated Tax":: null

2024-03-07 23:21:01 - [TEST_STEP][PASSED] - setEncryptedText(findTestObject(orPath_TaxInfo + "/input_FederalEIN"), "RigbBhfdqODKcAsiUrg+1Q=="): Text ****** has been set on object 'Object Repository/RAD_Pages/TaxInfo_Page/input_FederalEIN'

2024-03-07 23:21:01 - [MESSAGE][PASSED] - Text ****** has been set on object 'Object Repository/RAD_Pages/TaxInfo_Page/input_FederalEIN'

2024-03-07 23:21:01 - [TEST_STEP][PASSED] - setEncryptedText(findTestObject(orPath_TaxInfo + "/input_FederalEIN_ReEnter"), "RigbBhfdqOBBGbZqm4oFJQ=="): Text ****** has been set on object 'Object Repository/RAD_Pages/TaxInfo_Page/input_FederalEIN_ReEnter'

2024-03-07 23:21:02 - [MESSAGE][PASSED] - Text ****** has been set on object 'Object Repository/RAD_Pages/TaxInfo_Page/input_FederalEIN_ReEnter'

2024-03-07 23:21:02 - [TEST_STEP][PASSED] - break: null

2024-03-07 23:21:02 - [TEST_STEP][PASSED] - setText(findTestObject(orPath_Amount + "/input__paymentAmount"), ""): Text '' is set on object 'Object Repository/RAD_Pages/PaymentAmount_Page/input__paymentAmount'

2024-03-07 23:21:03 - [MESSAGE][PASSED] - Text '' is set on object 'Object Repository/RAD_Pages/PaymentAmount_Page/input__paymentAmount'

2024-03-07 23:21:03 - [TEST_STEP][PASSED] - verifyTextPresent("The FEIN and Re-type FEIN do not match", true): Text 'The FEIN and Re-type FEIN do not match' is present on page  using regular expression

2024-03-07 23:21:03 - [MESSAGE][PASSED] - Text 'The FEIN and Re-type FEIN do not match' is present on page  using regular expression

2024-03-07 23:21:03 - [TEST_STEP][PASSED] - if (verifyTextPresent("The FEIN and Re-type FEIN do not match", true)): null

2024-03-07 23:21:04 - [MESSAGE][PASSED] - Text 'The FEIN and Re-type FEIN do not match' is present on page  using regular expression

2024-03-07 23:21:04 - [TEST_STEP][PASSED] - println("Error Message is present on the page"): null

2024-03-07 23:21:04 - [TEST_STEP][PASSED] - out.println("Pass Record Number: " + row): null

2024-03-07 23:21:04 - [TEST_STEP][PASSED] - resText = "Pass": null

2024-03-07 23:21:04 - [TEST_STEP][PASSED] - pages.WriteExcel.demoKey(resText, datText, resColumn, datCloumn, fileLoc, nameSheet, row): pages.WriteExcel.demoKey is PASSED

2024-03-07 23:21:04 - [MESSAGE][PASSED] - pages.WriteExcel.demoKey is PASSED

2024-03-07 23:21:04 - [TEST_STEP][PASSED] - ExecuteTC = findTestData(dataFile).getValue("Execute", row): null

2024-03-07 23:21:04 - [TEST_STEP][PASSED] - Taxtype = findTestData(dataFile).getValue("TaxType", row): null

2024-03-07 23:21:04 - [TEST_STEP][PASSED] - Paymenttype = findTestData(dataFile).getValue("PaymentType", row): null

2024-03-07 23:21:04 - [TEST_STEP][PASSED] - out.println("Value of Execute is : " + ExecuteTC): null

2024-03-07 23:21:04 - [TEST_STEP][PASSED] - if (ExecuteTC.equalsIgnoreCase("Y")): null

2024-03-07 23:21:04 - [TEST_STEP][PASSED] - out.println("Begin Record Number: " + row): null

2024-03-07 23:21:04 - [TEST_STEP][PASSED] - today = new java.util.Date(): null

2024-03-07 23:21:04 - [TEST_STEP][PASSED] - println(today): null

2024-03-07 23:21:04 - [TEST_STEP][PASSED] - datText = today: null

2024-03-07 23:21:04 - [TEST_STEP][PASSED] - Taxtype = findTestData(dataFile).getValue("TaxType", row): null

2024-03-07 23:21:04 - [TEST_STEP][PASSED] - out.println("Taxtype value is : " + Taxtype): null

2024-03-07 23:21:04 - [TEST_STEP][PASSED] - openBrowser(""): Browser is opened with url: ''

2024-03-07 23:21:04 - [MESSAGE][WARNING] - A browser is already opened. Closing browser and opening a new one

2024-03-07 23:21:24 - [MESSAGE][INFO] - Starting 'Chrome' driver

2024-03-07 23:21:24 - [MESSAGE][INFO] - User set preference: ['acceptInsecureCerts', 'true']

2024-03-07 23:21:24 - [MESSAGE][INFO] - Action delay is set to 0 milliseconds

2024-03-07 23:21:26 - [MESSAGE][PASSED] - Browser is opened with url: ''

2024-03-07 23:21:26 - [TEST_STEP][PASSED] - maximizeWindow(): Current window maximized

2024-03-07 23:21:26 - [MESSAGE][PASSED] - Current window maximized

2024-03-07 23:21:26 - [TEST_STEP][PASSED] - navigateToUrl(RADurl): Navigate to 'https://qa2.velocitypayment.com/client/rad/index.html' successfully

2024-03-07 23:21:36 - [MESSAGE][PASSED] - Navigate to 'https://qa2.velocitypayment.com/client/rad/index.html' successfully

2024-03-07 23:21:36 - [TEST_STEP][PASSED] - orPath_Landing = "Object Repository/RAD_Pages/Landing_Page": null

2024-03-07 23:21:36 - [TEST_STEP][PASSED] - orPath_TaxTypeFilingYear = "Object Repository/RAD_Pages/TaxTypeFilingYear_Page": null

2024-03-07 23:21:36 - [TEST_STEP][PASSED] - orPath_TaxPayer = "Object Repository/RAD_Pages/Taxpayer_Page": null

2024-03-07 23:21:36 - [TEST_STEP][PASSED] - orPath_AddressContact = "Object Repository/RAD_Pages/AddressAndContactInfo_Page": null

2024-03-07 23:21:36 - [TEST_STEP][PASSED] - orPath_FilingStatus = "Object Repository/RAD_Pages/FilingStatus_Page": null

2024-03-07 23:21:36 - [TEST_STEP][PASSED] - orPath_Amount = "Object Repository/RAD_Pages/PaymentAmount_Page": null

2024-03-07 23:21:36 - [TEST_STEP][PASSED] - orPath_TaxInfo = "Object Repository/RAD_Pages/TaxInfo_Page": null

2024-03-07 23:21:36 - [TEST_STEP][PASSED] - orPath_Withholding = "Object Repository/RAD_Pages/Withholding_Page": null

2024-03-07 23:21:36 - [TEST_STEP][PASSED] - orPath_Summary = "Object Repository/RAD_Pages/Summary_Page": null

2024-03-07 23:21:36 - [TEST_STEP][PASSED] - orPath_PaymentReady = "Object Repository/RAD_Pages/PaymentReady_Page": null

2024-03-07 23:21:36 - [TEST_STEP][PASSED] - orPath_PaymentEntry = "Object Repository/RAD_Pages/PaymentEntry_Page": null

2024-03-07 23:21:36 - [TEST_STEP][PASSED] - orPath_PaymentConfirmation = "Object Repository/RAD_Pages/PaymentConfirmation_Page": null

2024-03-07 23:21:36 - [TEST_STEP][PASSED] - orPath_ServiceFeesAccept = "Object Repository/RAD_Pages/ServiceFeeAccept_Page": null

2024-03-07 23:21:36 - [TEST_STEP][PASSED] - selectOptionByLabel(findTestObject(orPath_Landing + "/dd_TaxType"), Paymenttype, false): All options with label 'Quarterly Estimated Tax' are selected in object 'Object Repository/RAD_Pages/Landing_Page/dd_TaxType' 

2024-03-07 23:21:36 - [MESSAGE][PASSED] - All options with label 'Quarterly Estimated Tax' are selected in object 'Object Repository/RAD_Pages/Landing_Page/dd_TaxType' 

2024-03-07 23:21:36 - [TEST_STEP][PASSED] - delay(1): Delayed 1 second(s)

2024-03-07 23:21:37 - [MESSAGE][PASSED] - Delayed 1 second(s)

2024-03-07 23:21:37 - [TEST_STEP][PASSED] - switch (Paymenttype): null

2024-03-07 23:21:37 - [TEST_STEP][PASSED] - case "Quarterly Estimated Tax":: null

2024-03-07 23:21:37 - [TEST_STEP][PASSED] - selectOptionByLabel(findTestObject(orPath_TaxTypeFilingYear + "/select_PaymentType"), Taxtype, false): All options with label 'Fiduciary Tax' are selected in object 'Object Repository/RAD_Pages/TaxTypeFilingYear_Page/select_PaymentType' 

2024-03-07 23:21:38 - [MESSAGE][PASSED] - All options with label 'Fiduciary Tax' are selected in object 'Object Repository/RAD_Pages/TaxTypeFilingYear_Page/select_PaymentType' 

2024-03-07 23:21:38 - [TEST_STEP][PASSED] - break: null

2024-03-07 23:21:38 - [TEST_STEP][PASSED] - delay(1): Delayed 1 second(s)

2024-03-07 23:21:39 - [MESSAGE][PASSED] - Delayed 1 second(s)

2024-03-07 23:21:39 - [TEST_STEP][PASSED] - scrollToElement(findTestObject(orPath_Amount + "/input__paymentAmount"), 2, CONTINUE_ON_FAILURE): Scroll to object 'Object Repository/RAD_Pages/PaymentAmount_Page/input__paymentAmount' successfully

2024-03-07 23:21:39 - [MESSAGE][PASSED] - Scroll to object 'Object Repository/RAD_Pages/PaymentAmount_Page/input__paymentAmount' successfully

2024-03-07 23:21:39 - [TEST_STEP][PASSED] - switch (Paymenttype): null

2024-03-07 23:21:39 - [TEST_STEP][PASSED] - case "Quarterly Estimated Tax":: null

2024-03-07 23:21:39 - [TEST_STEP][PASSED] - setEncryptedText(findTestObject(orPath_TaxInfo + "/input_FederalEIN"), "RigbBhfdqODKcAsiUrg+1Q=="): Text ****** has been set on object 'Object Repository/RAD_Pages/TaxInfo_Page/input_FederalEIN'

2024-03-07 23:21:40 - [MESSAGE][PASSED] - Text ****** has been set on object 'Object Repository/RAD_Pages/TaxInfo_Page/input_FederalEIN'

2024-03-07 23:21:40 - [TEST_STEP][PASSED] - setEncryptedText(findTestObject(orPath_TaxInfo + "/input_FederalEIN_ReEnter"), "RigbBhfdqOBBGbZqm4oFJQ=="): Text ****** has been set on object 'Object Repository/RAD_Pages/TaxInfo_Page/input_FederalEIN_ReEnter'

2024-03-07 23:21:41 - [MESSAGE][PASSED] - Text ****** has been set on object 'Object Repository/RAD_Pages/TaxInfo_Page/input_FederalEIN_ReEnter'

2024-03-07 23:21:41 - [TEST_STEP][PASSED] - break: null

2024-03-07 23:21:41 - [TEST_STEP][PASSED] - setText(findTestObject(orPath_Amount + "/input__paymentAmount"), ""): Text '' is set on object 'Object Repository/RAD_Pages/PaymentAmount_Page/input__paymentAmount'

2024-03-07 23:21:41 - [MESSAGE][PASSED] - Text '' is set on object 'Object Repository/RAD_Pages/PaymentAmount_Page/input__paymentAmount'

2024-03-07 23:21:41 - [TEST_STEP][PASSED] - verifyTextPresent("The FEIN and Re-type FEIN do not match", true): Text 'The FEIN and Re-type FEIN do not match' is present on page  using regular expression

2024-03-07 23:21:42 - [MESSAGE][PASSED] - Text 'The FEIN and Re-type FEIN do not match' is present on page  using regular expression

2024-03-07 23:21:42 - [TEST_STEP][PASSED] - if (verifyTextPresent("The FEIN and Re-type FEIN do not match", true)): null

2024-03-07 23:21:42 - [MESSAGE][PASSED] - Text 'The FEIN and Re-type FEIN do not match' is present on page  using regular expression

2024-03-07 23:21:42 - [TEST_STEP][PASSED] - println("Error Message is present on the page"): null

2024-03-07 23:21:42 - [TEST_STEP][PASSED] - out.println("Pass Record Number: " + row): null

2024-03-07 23:21:42 - [TEST_STEP][PASSED] - resText = "Pass": null

2024-03-07 23:21:42 - [TEST_STEP][PASSED] - pages.WriteExcel.demoKey(resText, datText, resColumn, datCloumn, fileLoc, nameSheet, row): pages.WriteExcel.demoKey is PASSED

2024-03-07 23:21:42 - [MESSAGE][PASSED] - pages.WriteExcel.demoKey is PASSED

2024-03-07 23:21:42 - [TEST_STEP][PASSED] - ExecuteTC = findTestData(dataFile).getValue("Execute", row): null

2024-03-07 23:21:43 - [TEST_STEP][PASSED] - Taxtype = findTestData(dataFile).getValue("TaxType", row): null

2024-03-07 23:21:43 - [TEST_STEP][PASSED] - Paymenttype = findTestData(dataFile).getValue("PaymentType", row): null

2024-03-07 23:21:43 - [TEST_STEP][PASSED] - out.println("Value of Execute is : " + ExecuteTC): null

2024-03-07 23:21:43 - [TEST_STEP][PASSED] - if (ExecuteTC.equalsIgnoreCase("Y")): null

2024-03-07 23:21:43 - [TEST_STEP][PASSED] - ExecuteTC = findTestData(dataFile).getValue("Execute", row): null

2024-03-07 23:21:43 - [TEST_STEP][PASSED] - Taxtype = findTestData(dataFile).getValue("TaxType", row): null

2024-03-07 23:21:43 - [TEST_STEP][PASSED] - Paymenttype = findTestData(dataFile).getValue("PaymentType", row): null

2024-03-07 23:21:43 - [TEST_STEP][PASSED] - out.println("Value of Execute is : " + ExecuteTC): null

2024-03-07 23:21:43 - [TEST_STEP][PASSED] - if (ExecuteTC.equalsIgnoreCase("Y")): null

2024-03-07 23:21:43 - [TEST_STEP][PASSED] - ExecuteTC = findTestData(dataFile).getValue("Execute", row): null

2024-03-07 23:21:43 - [TEST_STEP][PASSED] - Taxtype = findTestData(dataFile).getValue("TaxType", row): null

2024-03-07 23:21:43 - [TEST_STEP][PASSED] - Paymenttype = findTestData(dataFile).getValue("PaymentType", row): null

2024-03-07 23:21:43 - [TEST_STEP][PASSED] - out.println("Value of Execute is : " + ExecuteTC): null

2024-03-07 23:21:43 - [TEST_STEP][PASSED] - if (ExecuteTC.equalsIgnoreCase("Y")): null

2024-03-07 23:21:43 - [TEST_STEP][PASSED] - out.println("Begin Record Number: " + row): null

2024-03-07 23:21:43 - [TEST_STEP][PASSED] - today = new java.util.Date(): null

2024-03-07 23:21:43 - [TEST_STEP][PASSED] - println(today): null

2024-03-07 23:21:43 - [TEST_STEP][PASSED] - datText = today: null

2024-03-07 23:21:43 - [TEST_STEP][PASSED] - Taxtype = findTestData(dataFile).getValue("TaxType", row): null

2024-03-07 23:21:43 - [TEST_STEP][PASSED] - out.println("Taxtype value is : " + Taxtype): null

2024-03-07 23:21:43 - [TEST_STEP][PASSED] - openBrowser(""): Browser is opened with url: ''

2024-03-07 23:21:43 - [MESSAGE][WARNING] - A browser is already opened. Closing browser and opening a new one

2024-03-07 23:22:00 - [MESSAGE][INFO] - Starting 'Chrome' driver

2024-03-07 23:22:00 - [MESSAGE][INFO] - User set preference: ['acceptInsecureCerts', 'true']

2024-03-07 23:22:00 - [MESSAGE][INFO] - Action delay is set to 0 milliseconds

2024-03-07 23:22:02 - [MESSAGE][PASSED] - Browser is opened with url: ''

2024-03-07 23:22:02 - [TEST_STEP][PASSED] - maximizeWindow(): Current window maximized

2024-03-07 23:22:02 - [MESSAGE][PASSED] - Current window maximized

2024-03-07 23:22:02 - [TEST_STEP][PASSED] - navigateToUrl(RADurl): Navigate to 'https://qa2.velocitypayment.com/client/rad/index.html' successfully

2024-03-07 23:22:04 - [MESSAGE][PASSED] - Navigate to 'https://qa2.velocitypayment.com/client/rad/index.html' successfully

2024-03-07 23:22:04 - [TEST_STEP][PASSED] - orPath_Landing = "Object Repository/RAD_Pages/Landing_Page": null

2024-03-07 23:22:04 - [TEST_STEP][PASSED] - orPath_TaxTypeFilingYear = "Object Repository/RAD_Pages/TaxTypeFilingYear_Page": null

2024-03-07 23:22:04 - [TEST_STEP][PASSED] - orPath_TaxPayer = "Object Repository/RAD_Pages/Taxpayer_Page": null

2024-03-07 23:22:04 - [TEST_STEP][PASSED] - orPath_AddressContact = "Object Repository/RAD_Pages/AddressAndContactInfo_Page": null

2024-03-07 23:22:04 - [TEST_STEP][PASSED] - orPath_FilingStatus = "Object Repository/RAD_Pages/FilingStatus_Page": null

2024-03-07 23:22:04 - [TEST_STEP][PASSED] - orPath_Amount = "Object Repository/RAD_Pages/PaymentAmount_Page": null

2024-03-07 23:22:04 - [TEST_STEP][PASSED] - orPath_TaxInfo = "Object Repository/RAD_Pages/TaxInfo_Page": null

2024-03-07 23:22:04 - [TEST_STEP][PASSED] - orPath_Withholding = "Object Repository/RAD_Pages/Withholding_Page": null

2024-03-07 23:22:04 - [TEST_STEP][PASSED] - orPath_Summary = "Object Repository/RAD_Pages/Summary_Page": null

2024-03-07 23:22:04 - [TEST_STEP][PASSED] - orPath_PaymentReady = "Object Repository/RAD_Pages/PaymentReady_Page": null

2024-03-07 23:22:04 - [TEST_STEP][PASSED] - orPath_PaymentEntry = "Object Repository/RAD_Pages/PaymentEntry_Page": null

2024-03-07 23:22:04 - [TEST_STEP][PASSED] - orPath_PaymentConfirmation = "Object Repository/RAD_Pages/PaymentConfirmation_Page": null

2024-03-07 23:22:04 - [TEST_STEP][PASSED] - orPath_ServiceFeesAccept = "Object Repository/RAD_Pages/ServiceFeeAccept_Page": null

2024-03-07 23:22:04 - [TEST_STEP][PASSED] - selectOptionByLabel(findTestObject(orPath_Landing + "/dd_TaxType"), Paymenttype, false): All options with label 'New Tax Return Amount Due' are selected in object 'Object Repository/RAD_Pages/Landing_Page/dd_TaxType' 

2024-03-07 23:22:05 - [MESSAGE][PASSED] - All options with label 'New Tax Return Amount Due' are selected in object 'Object Repository/RAD_Pages/Landing_Page/dd_TaxType' 

2024-03-07 23:22:05 - [TEST_STEP][PASSED] - delay(1): Delayed 1 second(s)

2024-03-07 23:22:06 - [MESSAGE][PASSED] - Delayed 1 second(s)

2024-03-07 23:22:06 - [TEST_STEP][PASSED] - switch (Paymenttype): null

2024-03-07 23:22:06 - [TEST_STEP][PASSED] - case "New Tax Return Amount Due":: null

2024-03-07 23:22:06 - [TEST_STEP][PASSED] - selectOptionByLabel(findTestObject("Object Repository/RAD_Pages/Landing_Page/select_NewTaxReturnAmountDue_TaxType"), Taxtype, false): All options with label 'Fiduciary Tax' are selected in object 'Object Repository/RAD_Pages/Landing_Page/select_NewTaxReturnAmountDue_TaxType' 

2024-03-07 23:22:06 - [MESSAGE][PASSED] - All options with label 'Fiduciary Tax' are selected in object 'Object Repository/RAD_Pages/Landing_Page/select_NewTaxReturnAmountDue_TaxType' 

2024-03-07 23:22:06 - [TEST_STEP][PASSED] - break: null

2024-03-07 23:22:06 - [TEST_STEP][PASSED] - delay(1): Delayed 1 second(s)

2024-03-07 23:22:07 - [MESSAGE][PASSED] - Delayed 1 second(s)

2024-03-07 23:22:07 - [TEST_STEP][PASSED] - scrollToElement(findTestObject(orPath_Amount + "/input__paymentAmount"), 2, CONTINUE_ON_FAILURE): Scroll to object 'Object Repository/RAD_Pages/PaymentAmount_Page/input__paymentAmount' successfully

2024-03-07 23:22:08 - [MESSAGE][PASSED] - Scroll to object 'Object Repository/RAD_Pages/PaymentAmount_Page/input__paymentAmount' successfully

2024-03-07 23:22:08 - [TEST_STEP][PASSED] - switch (Paymenttype): null

2024-03-07 23:22:08 - [TEST_STEP][PASSED] - case "New Tax Return Amount Due":: null

2024-03-07 23:22:08 - [TEST_STEP][PASSED] - setEncryptedText(findTestObject(orPath_TaxInfo + "/input_FederalEIN-2"), "RigbBhfdqODKcAsiUrg+1Q=="): Text ****** has been set on object 'Object Repository/RAD_Pages/TaxInfo_Page/input_FederalEIN-2'

2024-03-07 23:22:08 - [MESSAGE][PASSED] - Text ****** has been set on object 'Object Repository/RAD_Pages/TaxInfo_Page/input_FederalEIN-2'

2024-03-07 23:22:08 - [TEST_STEP][PASSED] - setEncryptedText(findTestObject(orPath_TaxInfo + "/input_FederalEIN_ReEnter-2"), "RigbBhfdqOBBGbZqm4oFJQ=="): Text ****** has been set on object 'Object Repository/RAD_Pages/TaxInfo_Page/input_FederalEIN_ReEnter-2'

2024-03-07 23:22:09 - [MESSAGE][PASSED] - Text ****** has been set on object 'Object Repository/RAD_Pages/TaxInfo_Page/input_FederalEIN_ReEnter-2'

2024-03-07 23:22:09 - [TEST_STEP][PASSED] - break: null

2024-03-07 23:22:09 - [TEST_STEP][PASSED] - setText(findTestObject(orPath_Amount + "/input__paymentAmount"), ""): Text '' is set on object 'Object Repository/RAD_Pages/PaymentAmount_Page/input__paymentAmount'

2024-03-07 23:22:10 - [MESSAGE][PASSED] - Text '' is set on object 'Object Repository/RAD_Pages/PaymentAmount_Page/input__paymentAmount'

2024-03-07 23:22:10 - [TEST_STEP][PASSED] - verifyTextPresent("The FEIN and Re-type FEIN do not match", true): Text 'The FEIN and Re-type FEIN do not match' is present on page  using regular expression

2024-03-07 23:22:10 - [MESSAGE][PASSED] - Text 'The FEIN and Re-type FEIN do not match' is present on page  using regular expression

2024-03-07 23:22:10 - [TEST_STEP][PASSED] - if (verifyTextPresent("The FEIN and Re-type FEIN do not match", true)): null

2024-03-07 23:22:11 - [MESSAGE][PASSED] - Text 'The FEIN and Re-type FEIN do not match' is present on page  using regular expression

2024-03-07 23:22:11 - [TEST_STEP][PASSED] - println("Error Message is present on the page"): null

2024-03-07 23:22:11 - [TEST_STEP][PASSED] - out.println("Pass Record Number: " + row): null

2024-03-07 23:22:11 - [TEST_STEP][PASSED] - resText = "Pass": null

2024-03-07 23:22:11 - [TEST_STEP][PASSED] - pages.WriteExcel.demoKey(resText, datText, resColumn, datCloumn, fileLoc, nameSheet, row): pages.WriteExcel.demoKey is PASSED

2024-03-07 23:22:11 - [MESSAGE][PASSED] - pages.WriteExcel.demoKey is PASSED

2024-03-07 23:22:11 - [TEST_STEP][PASSED] - ExecuteTC = findTestData(dataFile).getValue("Execute", row): null

2024-03-07 23:22:11 - [TEST_STEP][PASSED] - Taxtype = findTestData(dataFile).getValue("TaxType", row): null

2024-03-07 23:22:11 - [TEST_STEP][PASSED] - Paymenttype = findTestData(dataFile).getValue("PaymentType", row): null

2024-03-07 23:22:11 - [TEST_STEP][PASSED] - out.println("Value of Execute is : " + ExecuteTC): null

2024-03-07 23:22:11 - [TEST_STEP][PASSED] - if (ExecuteTC.equalsIgnoreCase("Y")): null

2024-03-07 23:22:11 - [TEST_STEP][PASSED] - out.println("Begin Record Number: " + row): null

2024-03-07 23:22:11 - [TEST_STEP][PASSED] - today = new java.util.Date(): null

2024-03-07 23:22:11 - [TEST_STEP][PASSED] - println(today): null

2024-03-07 23:22:11 - [TEST_STEP][PASSED] - datText = today: null

2024-03-07 23:22:11 - [TEST_STEP][PASSED] - Taxtype = findTestData(dataFile).getValue("TaxType", row): null

2024-03-07 23:22:11 - [TEST_STEP][PASSED] - out.println("Taxtype value is : " + Taxtype): null

2024-03-07 23:22:11 - [TEST_STEP][PASSED] - openBrowser(""): Browser is opened with url: ''

2024-03-07 23:22:11 - [MESSAGE][WARNING] - A browser is already opened. Closing browser and opening a new one

2024-03-07 23:22:13 - [MESSAGE][INFO] - Starting 'Chrome' driver

2024-03-07 23:22:13 - [MESSAGE][INFO] - User set preference: ['acceptInsecureCerts', 'true']

2024-03-07 23:22:13 - [MESSAGE][INFO] - Action delay is set to 0 milliseconds

2024-03-07 23:22:15 - [MESSAGE][PASSED] - Browser is opened with url: ''

2024-03-07 23:22:15 - [TEST_STEP][PASSED] - maximizeWindow(): Current window maximized

2024-03-07 23:22:15 - [MESSAGE][PASSED] - Current window maximized

2024-03-07 23:22:15 - [TEST_STEP][PASSED] - navigateToUrl(RADurl): Navigate to 'https://qa2.velocitypayment.com/client/rad/index.html' successfully

2024-03-07 23:22:22 - [MESSAGE][PASSED] - Navigate to 'https://qa2.velocitypayment.com/client/rad/index.html' successfully

2024-03-07 23:22:22 - [TEST_STEP][PASSED] - orPath_Landing = "Object Repository/RAD_Pages/Landing_Page": null

2024-03-07 23:22:22 - [TEST_STEP][PASSED] - orPath_TaxTypeFilingYear = "Object Repository/RAD_Pages/TaxTypeFilingYear_Page": null

2024-03-07 23:22:22 - [TEST_STEP][PASSED] - orPath_TaxPayer = "Object Repository/RAD_Pages/Taxpayer_Page": null

2024-03-07 23:22:22 - [TEST_STEP][PASSED] - orPath_AddressContact = "Object Repository/RAD_Pages/AddressAndContactInfo_Page": null

2024-03-07 23:22:22 - [TEST_STEP][PASSED] - orPath_FilingStatus = "Object Repository/RAD_Pages/FilingStatus_Page": null

2024-03-07 23:22:22 - [TEST_STEP][PASSED] - orPath_Amount = "Object Repository/RAD_Pages/PaymentAmount_Page": null

2024-03-07 23:22:22 - [TEST_STEP][PASSED] - orPath_TaxInfo = "Object Repository/RAD_Pages/TaxInfo_Page": null

2024-03-07 23:22:22 - [TEST_STEP][PASSED] - orPath_Withholding = "Object Repository/RAD_Pages/Withholding_Page": null

2024-03-07 23:22:22 - [TEST_STEP][PASSED] - orPath_Summary = "Object Repository/RAD_Pages/Summary_Page": null

2024-03-07 23:22:22 - [TEST_STEP][PASSED] - orPath_PaymentReady = "Object Repository/RAD_Pages/PaymentReady_Page": null

2024-03-07 23:22:22 - [TEST_STEP][PASSED] - orPath_PaymentEntry = "Object Repository/RAD_Pages/PaymentEntry_Page": null

2024-03-07 23:22:22 - [TEST_STEP][PASSED] - orPath_PaymentConfirmation = "Object Repository/RAD_Pages/PaymentConfirmation_Page": null

2024-03-07 23:22:22 - [TEST_STEP][PASSED] - orPath_ServiceFeesAccept = "Object Repository/RAD_Pages/ServiceFeeAccept_Page": null

2024-03-07 23:22:22 - [TEST_STEP][PASSED] - selectOptionByLabel(findTestObject(orPath_Landing + "/dd_TaxType"), Paymenttype, false): All options with label 'Existing Liability w/Notice Number' are selected in object 'Object Repository/RAD_Pages/Landing_Page/dd_TaxType' 

2024-03-07 23:22:23 - [MESSAGE][PASSED] - All options with label 'Existing Liability w/Notice Number' are selected in object 'Object Repository/RAD_Pages/Landing_Page/dd_TaxType' 

2024-03-07 23:22:23 - [TEST_STEP][PASSED] - delay(1): Delayed 1 second(s)

2024-03-07 23:22:24 - [MESSAGE][PASSED] - Delayed 1 second(s)

2024-03-07 23:22:24 - [TEST_STEP][PASSED] - switch (Paymenttype): null

2024-03-07 23:22:24 - [TEST_STEP][PASSED] - case "Existing Liability w/Notice Number":: null

2024-03-07 23:22:24 - [TEST_STEP][PASSED] - selectOptionByLabel(findTestObject(orPath_TaxTypeFilingYear + "/select_TaxType_ExistingLiability"), Taxtype, false): All options with label 'Admissions and Amusement Tax' are selected in object 'Object Repository/RAD_Pages/TaxTypeFilingYear_Page/select_TaxType_ExistingLiability' 

2024-03-07 23:22:25 - [MESSAGE][PASSED] - All options with label 'Admissions and Amusement Tax' are selected in object 'Object Repository/RAD_Pages/TaxTypeFilingYear_Page/select_TaxType_ExistingLiability' 

2024-03-07 23:22:25 - [TEST_STEP][PASSED] - break: null

2024-03-07 23:22:25 - [TEST_STEP][PASSED] - delay(1): Delayed 1 second(s)

2024-03-07 23:22:26 - [MESSAGE][PASSED] - Delayed 1 second(s)

2024-03-07 23:22:26 - [TEST_STEP][PASSED] - scrollToElement(findTestObject(orPath_Amount + "/input__paymentAmount"), 2, CONTINUE_ON_FAILURE): Scroll to object 'Object Repository/RAD_Pages/PaymentAmount_Page/input__paymentAmount' successfully

2024-03-07 23:22:26 - [MESSAGE][PASSED] - Scroll to object 'Object Repository/RAD_Pages/PaymentAmount_Page/input__paymentAmount' successfully

2024-03-07 23:22:26 - [TEST_STEP][PASSED] - switch (Paymenttype): null

2024-03-07 23:22:26 - [TEST_STEP][PASSED] - case "Existing Liability w/Notice Number":: null

2024-03-07 23:22:26 - [TEST_STEP][PASSED] - setEncryptedText(findTestObject("Object Repository/RAD_RecordAndPlay/input_Existing_FEIN"), "RigbBhfdqODKcAsiUrg+1Q=="): Text ****** has been set on object 'Object Repository/RAD_RecordAndPlay/input_Existing_FEIN'

2024-03-07 23:22:27 - [MESSAGE][PASSED] - Text ****** has been set on object 'Object Repository/RAD_RecordAndPlay/input_Existing_FEIN'

2024-03-07 23:22:27 - [TEST_STEP][PASSED] - setEncryptedText(findTestObject("Object Repository/RAD_RecordAndPlay/input_Existing_RetypeFEIN"), "RigbBhfdqOBBGbZqm4oFJQ=="): Text ****** has been set on object 'Object Repository/RAD_RecordAndPlay/input_Existing_RetypeFEIN'

2024-03-07 23:22:27 - [MESSAGE][PASSED] - Text ****** has been set on object 'Object Repository/RAD_RecordAndPlay/input_Existing_RetypeFEIN'

2024-03-07 23:22:27 - [TEST_STEP][PASSED] - break: null

2024-03-07 23:22:27 - [TEST_STEP][PASSED] - setText(findTestObject(orPath_Amount + "/input__paymentAmount"), ""): Text '' is set on object 'Object Repository/RAD_Pages/PaymentAmount_Page/input__paymentAmount'

2024-03-07 23:22:28 - [MESSAGE][PASSED] - Text '' is set on object 'Object Repository/RAD_Pages/PaymentAmount_Page/input__paymentAmount'

2024-03-07 23:22:28 - [TEST_STEP][PASSED] - verifyTextPresent("The FEIN and Re-type FEIN do not match", true): Text 'The FEIN and Re-type FEIN do not match' is present on page  using regular expression

2024-03-07 23:22:29 - [MESSAGE][PASSED] - Text 'The FEIN and Re-type FEIN do not match' is present on page  using regular expression

2024-03-07 23:22:29 - [TEST_STEP][PASSED] - if (verifyTextPresent("The FEIN and Re-type FEIN do not match", true)): null

2024-03-07 23:22:29 - [MESSAGE][PASSED] - Text 'The FEIN and Re-type FEIN do not match' is present on page  using regular expression

2024-03-07 23:22:29 - [TEST_STEP][PASSED] - println("Error Message is present on the page"): null

2024-03-07 23:22:29 - [TEST_STEP][PASSED] - out.println("Pass Record Number: " + row): null

2024-03-07 23:22:29 - [TEST_STEP][PASSED] - resText = "Pass": null

2024-03-07 23:22:29 - [TEST_STEP][PASSED] - pages.WriteExcel.demoKey(resText, datText, resColumn, datCloumn, fileLoc, nameSheet, row): pages.WriteExcel.demoKey is PASSED

2024-03-07 23:22:29 - [MESSAGE][PASSED] - pages.WriteExcel.demoKey is PASSED

2024-03-07 23:22:29 - [TEST_STEP][PASSED] - ExecuteTC = findTestData(dataFile).getValue("Execute", row): null

2024-03-07 23:22:29 - [TEST_STEP][PASSED] - Taxtype = findTestData(dataFile).getValue("TaxType", row): null

2024-03-07 23:22:29 - [TEST_STEP][PASSED] - Paymenttype = findTestData(dataFile).getValue("PaymentType", row): null

2024-03-07 23:22:29 - [TEST_STEP][PASSED] - out.println("Value of Execute is : " + ExecuteTC): null

2024-03-07 23:22:29 - [TEST_STEP][PASSED] - if (ExecuteTC.equalsIgnoreCase("Y")): null

2024-03-07 23:22:29 - [TEST_STEP][PASSED] - out.println("Begin Record Number: " + row): null

2024-03-07 23:22:29 - [TEST_STEP][PASSED] - today = new java.util.Date(): null

2024-03-07 23:22:29 - [TEST_STEP][PASSED] - println(today): null

2024-03-07 23:22:29 - [TEST_STEP][PASSED] - datText = today: null

2024-03-07 23:22:29 - [TEST_STEP][PASSED] - Taxtype = findTestData(dataFile).getValue("TaxType", row): null

2024-03-07 23:22:29 - [TEST_STEP][PASSED] - out.println("Taxtype value is : " + Taxtype): null

2024-03-07 23:22:29 - [TEST_STEP][PASSED] - openBrowser(""): Browser is opened with url: ''

2024-03-07 23:22:29 - [MESSAGE][WARNING] - A browser is already opened. Closing browser and opening a new one

2024-03-07 23:22:45 - [MESSAGE][INFO] - Starting 'Chrome' driver

2024-03-07 23:22:45 - [MESSAGE][INFO] - User set preference: ['acceptInsecureCerts', 'true']

2024-03-07 23:22:45 - [MESSAGE][INFO] - Action delay is set to 0 milliseconds

2024-03-07 23:22:47 - [MESSAGE][PASSED] - Browser is opened with url: ''

2024-03-07 23:22:47 - [TEST_STEP][PASSED] - maximizeWindow(): Current window maximized

2024-03-07 23:22:47 - [MESSAGE][PASSED] - Current window maximized

2024-03-07 23:22:47 - [TEST_STEP][PASSED] - navigateToUrl(RADurl): Navigate to 'https://qa2.velocitypayment.com/client/rad/index.html' successfully

2024-03-07 23:22:55 - [MESSAGE][PASSED] - Navigate to 'https://qa2.velocitypayment.com/client/rad/index.html' successfully

2024-03-07 23:22:55 - [TEST_STEP][PASSED] - orPath_Landing = "Object Repository/RAD_Pages/Landing_Page": null

2024-03-07 23:22:55 - [TEST_STEP][PASSED] - orPath_TaxTypeFilingYear = "Object Repository/RAD_Pages/TaxTypeFilingYear_Page": null

2024-03-07 23:22:55 - [TEST_STEP][PASSED] - orPath_TaxPayer = "Object Repository/RAD_Pages/Taxpayer_Page": null

2024-03-07 23:22:55 - [TEST_STEP][PASSED] - orPath_AddressContact = "Object Repository/RAD_Pages/AddressAndContactInfo_Page": null

2024-03-07 23:22:55 - [TEST_STEP][PASSED] - orPath_FilingStatus = "Object Repository/RAD_Pages/FilingStatus_Page": null

2024-03-07 23:22:55 - [TEST_STEP][PASSED] - orPath_Amount = "Object Repository/RAD_Pages/PaymentAmount_Page": null

2024-03-07 23:22:55 - [TEST_STEP][PASSED] - orPath_TaxInfo = "Object Repository/RAD_Pages/TaxInfo_Page": null

2024-03-07 23:22:55 - [TEST_STEP][PASSED] - orPath_Withholding = "Object Repository/RAD_Pages/Withholding_Page": null

2024-03-07 23:22:55 - [TEST_STEP][PASSED] - orPath_Summary = "Object Repository/RAD_Pages/Summary_Page": null

2024-03-07 23:22:55 - [TEST_STEP][PASSED] - orPath_PaymentReady = "Object Repository/RAD_Pages/PaymentReady_Page": null

2024-03-07 23:22:55 - [TEST_STEP][PASSED] - orPath_PaymentEntry = "Object Repository/RAD_Pages/PaymentEntry_Page": null

2024-03-07 23:22:55 - [TEST_STEP][PASSED] - orPath_PaymentConfirmation = "Object Repository/RAD_Pages/PaymentConfirmation_Page": null

2024-03-07 23:22:55 - [TEST_STEP][PASSED] - orPath_ServiceFeesAccept = "Object Repository/RAD_Pages/ServiceFeeAccept_Page": null

2024-03-07 23:22:55 - [TEST_STEP][PASSED] - selectOptionByLabel(findTestObject(orPath_Landing + "/dd_TaxType"), Paymenttype, false): All options with label 'Existing Liability w/Notice Number' are selected in object 'Object Repository/RAD_Pages/Landing_Page/dd_TaxType' 

2024-03-07 23:22:55 - [MESSAGE][PASSED] - All options with label 'Existing Liability w/Notice Number' are selected in object 'Object Repository/RAD_Pages/Landing_Page/dd_TaxType' 

2024-03-07 23:22:55 - [TEST_STEP][PASSED] - delay(1): Delayed 1 second(s)

2024-03-07 23:22:56 - [MESSAGE][PASSED] - Delayed 1 second(s)

2024-03-07 23:22:56 - [TEST_STEP][PASSED] - switch (Paymenttype): null

2024-03-07 23:22:56 - [TEST_STEP][PASSED] - case "Existing Liability w/Notice Number":: null

2024-03-07 23:22:56 - [TEST_STEP][PASSED] - selectOptionByLabel(findTestObject(orPath_TaxTypeFilingYear + "/select_TaxType_ExistingLiability"), Taxtype, false): All options with label 'Motor Fuel Tax' are selected in object 'Object Repository/RAD_Pages/TaxTypeFilingYear_Page/select_TaxType_ExistingLiability' 

2024-03-07 23:22:57 - [MESSAGE][PASSED] - All options with label 'Motor Fuel Tax' are selected in object 'Object Repository/RAD_Pages/TaxTypeFilingYear_Page/select_TaxType_ExistingLiability' 

2024-03-07 23:22:57 - [TEST_STEP][PASSED] - break: null

2024-03-07 23:22:57 - [TEST_STEP][PASSED] - delay(1): Delayed 1 second(s)

2024-03-07 23:22:58 - [MESSAGE][PASSED] - Delayed 1 second(s)

2024-03-07 23:22:58 - [TEST_STEP][PASSED] - scrollToElement(findTestObject(orPath_Amount + "/input__paymentAmount"), 2, CONTINUE_ON_FAILURE): Scroll to object 'Object Repository/RAD_Pages/PaymentAmount_Page/input__paymentAmount' successfully

2024-03-07 23:22:58 - [MESSAGE][PASSED] - Scroll to object 'Object Repository/RAD_Pages/PaymentAmount_Page/input__paymentAmount' successfully

2024-03-07 23:22:58 - [TEST_STEP][PASSED] - switch (Paymenttype): null

2024-03-07 23:22:58 - [TEST_STEP][PASSED] - case "Existing Liability w/Notice Number":: null

2024-03-07 23:22:58 - [TEST_STEP][PASSED] - setEncryptedText(findTestObject("Object Repository/RAD_RecordAndPlay/input_Existing_FEIN"), "RigbBhfdqODKcAsiUrg+1Q=="): Text ****** has been set on object 'Object Repository/RAD_RecordAndPlay/input_Existing_FEIN'

2024-03-07 23:22:59 - [MESSAGE][PASSED] - Text ****** has been set on object 'Object Repository/RAD_RecordAndPlay/input_Existing_FEIN'

2024-03-07 23:22:59 - [TEST_STEP][PASSED] - setEncryptedText(findTestObject("Object Repository/RAD_RecordAndPlay/input_Existing_RetypeFEIN"), "RigbBhfdqOBBGbZqm4oFJQ=="): Text ****** has been set on object 'Object Repository/RAD_RecordAndPlay/input_Existing_RetypeFEIN'

2024-03-07 23:22:59 - [MESSAGE][PASSED] - Text ****** has been set on object 'Object Repository/RAD_RecordAndPlay/input_Existing_RetypeFEIN'

2024-03-07 23:22:59 - [TEST_STEP][PASSED] - break: null

2024-03-07 23:22:59 - [TEST_STEP][PASSED] - setText(findTestObject(orPath_Amount + "/input__paymentAmount"), ""): Text '' is set on object 'Object Repository/RAD_Pages/PaymentAmount_Page/input__paymentAmount'

2024-03-07 23:23:00 - [MESSAGE][PASSED] - Text '' is set on object 'Object Repository/RAD_Pages/PaymentAmount_Page/input__paymentAmount'

2024-03-07 23:23:00 - [TEST_STEP][PASSED] - verifyTextPresent("The FEIN and Re-type FEIN do not match", true): Text 'The FEIN and Re-type FEIN do not match' is present on page  using regular expression

2024-03-07 23:23:01 - [MESSAGE][PASSED] - Text 'The FEIN and Re-type FEIN do not match' is present on page  using regular expression

2024-03-07 23:23:01 - [TEST_STEP][PASSED] - if (verifyTextPresent("The FEIN and Re-type FEIN do not match", true)): null

2024-03-07 23:23:01 - [MESSAGE][PASSED] - Text 'The FEIN and Re-type FEIN do not match' is present on page  using regular expression

2024-03-07 23:23:01 - [TEST_STEP][PASSED] - println("Error Message is present on the page"): null

2024-03-07 23:23:01 - [TEST_STEP][PASSED] - out.println("Pass Record Number: " + row): null

2024-03-07 23:23:01 - [TEST_STEP][PASSED] - resText = "Pass": null

2024-03-07 23:23:01 - [TEST_STEP][PASSED] - pages.WriteExcel.demoKey(resText, datText, resColumn, datCloumn, fileLoc, nameSheet, row): pages.WriteExcel.demoKey is PASSED

2024-03-07 23:23:01 - [MESSAGE][PASSED] - pages.WriteExcel.demoKey is PASSED

2024-03-07 23:23:01 - [TEST_STEP][PASSED] - ExecuteTC = findTestData(dataFile).getValue("Execute", row): null

2024-03-07 23:23:01 - [TEST_STEP][PASSED] - Taxtype = findTestData(dataFile).getValue("TaxType", row): null

2024-03-07 23:23:01 - [TEST_STEP][PASSED] - Paymenttype = findTestData(dataFile).getValue("PaymentType", row): null

2024-03-07 23:23:01 - [TEST_STEP][PASSED] - out.println("Value of Execute is : " + ExecuteTC): null

2024-03-07 23:23:01 - [TEST_STEP][PASSED] - if (ExecuteTC.equalsIgnoreCase("Y")): null

2024-03-07 23:23:01 - [TEST_STEP][PASSED] - out.println("Begin Record Number: " + row): null

2024-03-07 23:23:01 - [TEST_STEP][PASSED] - today = new java.util.Date(): null

2024-03-07 23:23:01 - [TEST_STEP][PASSED] - println(today): null

2024-03-07 23:23:01 - [TEST_STEP][PASSED] - datText = today: null

2024-03-07 23:23:01 - [TEST_STEP][PASSED] - Taxtype = findTestData(dataFile).getValue("TaxType", row): null

2024-03-07 23:23:01 - [TEST_STEP][PASSED] - out.println("Taxtype value is : " + Taxtype): null

2024-03-07 23:23:01 - [TEST_STEP][PASSED] - openBrowser(""): Browser is opened with url: ''

2024-03-07 23:23:01 - [MESSAGE][WARNING] - A browser is already opened. Closing browser and opening a new one

2024-03-07 23:23:19 - [MESSAGE][INFO] - Starting 'Chrome' driver

2024-03-07 23:23:19 - [MESSAGE][INFO] - User set preference: ['acceptInsecureCerts', 'true']

2024-03-07 23:23:19 - [MESSAGE][INFO] - Action delay is set to 0 milliseconds

2024-03-07 23:23:20 - [MESSAGE][PASSED] - Browser is opened with url: ''

2024-03-07 23:23:20 - [TEST_STEP][PASSED] - maximizeWindow(): Current window maximized

2024-03-07 23:23:20 - [MESSAGE][PASSED] - Current window maximized

2024-03-07 23:23:20 - [TEST_STEP][PASSED] - navigateToUrl(RADurl): Navigate to 'https://qa2.velocitypayment.com/client/rad/index.html' successfully

2024-03-07 23:23:21 - [MESSAGE][PASSED] - Navigate to 'https://qa2.velocitypayment.com/client/rad/index.html' successfully

2024-03-07 23:23:21 - [TEST_STEP][PASSED] - orPath_Landing = "Object Repository/RAD_Pages/Landing_Page": null

2024-03-07 23:23:21 - [TEST_STEP][PASSED] - orPath_TaxTypeFilingYear = "Object Repository/RAD_Pages/TaxTypeFilingYear_Page": null

2024-03-07 23:23:21 - [TEST_STEP][PASSED] - orPath_TaxPayer = "Object Repository/RAD_Pages/Taxpayer_Page": null

2024-03-07 23:23:21 - [TEST_STEP][PASSED] - orPath_AddressContact = "Object Repository/RAD_Pages/AddressAndContactInfo_Page": null

2024-03-07 23:23:21 - [TEST_STEP][PASSED] - orPath_FilingStatus = "Object Repository/RAD_Pages/FilingStatus_Page": null

2024-03-07 23:23:21 - [TEST_STEP][PASSED] - orPath_Amount = "Object Repository/RAD_Pages/PaymentAmount_Page": null

2024-03-07 23:23:21 - [TEST_STEP][PASSED] - orPath_TaxInfo = "Object Repository/RAD_Pages/TaxInfo_Page": null

2024-03-07 23:23:21 - [TEST_STEP][PASSED] - orPath_Withholding = "Object Repository/RAD_Pages/Withholding_Page": null

2024-03-07 23:23:21 - [TEST_STEP][PASSED] - orPath_Summary = "Object Repository/RAD_Pages/Summary_Page": null

2024-03-07 23:23:21 - [TEST_STEP][PASSED] - orPath_PaymentReady = "Object Repository/RAD_Pages/PaymentReady_Page": null

2024-03-07 23:23:21 - [TEST_STEP][PASSED] - orPath_PaymentEntry = "Object Repository/RAD_Pages/PaymentEntry_Page": null

2024-03-07 23:23:21 - [TEST_STEP][PASSED] - orPath_PaymentConfirmation = "Object Repository/RAD_Pages/PaymentConfirmation_Page": null

2024-03-07 23:23:21 - [TEST_STEP][PASSED] - orPath_ServiceFeesAccept = "Object Repository/RAD_Pages/ServiceFeeAccept_Page": null

2024-03-07 23:23:21 - [TEST_STEP][PASSED] - selectOptionByLabel(findTestObject(orPath_Landing + "/dd_TaxType"), Paymenttype, false): All options with label 'Existing Liability w/Notice Number' are selected in object 'Object Repository/RAD_Pages/Landing_Page/dd_TaxType' 

2024-03-07 23:23:30 - [MESSAGE][PASSED] - All options with label 'Existing Liability w/Notice Number' are selected in object 'Object Repository/RAD_Pages/Landing_Page/dd_TaxType' 

2024-03-07 23:23:30 - [TEST_STEP][PASSED] - delay(1): Delayed 1 second(s)

2024-03-07 23:23:31 - [MESSAGE][PASSED] - Delayed 1 second(s)

2024-03-07 23:23:31 - [TEST_STEP][PASSED] - switch (Paymenttype): null

2024-03-07 23:23:31 - [TEST_STEP][PASSED] - case "Existing Liability w/Notice Number":: null

2024-03-07 23:23:31 - [TEST_STEP][PASSED] - selectOptionByLabel(findTestObject(orPath_TaxTypeFilingYear + "/select_TaxType_ExistingLiability"), Taxtype, false): All options with label 'Slots License Fee' are selected in object 'Object Repository/RAD_Pages/TaxTypeFilingYear_Page/select_TaxType_ExistingLiability' 

2024-03-07 23:23:31 - [MESSAGE][PASSED] - All options with label 'Slots License Fee' are selected in object 'Object Repository/RAD_Pages/TaxTypeFilingYear_Page/select_TaxType_ExistingLiability' 

2024-03-07 23:23:31 - [TEST_STEP][PASSED] - break: null

2024-03-07 23:23:31 - [TEST_STEP][PASSED] - delay(1): Delayed 1 second(s)

2024-03-07 23:23:32 - [MESSAGE][PASSED] - Delayed 1 second(s)

2024-03-07 23:23:32 - [TEST_STEP][PASSED] - scrollToElement(findTestObject(orPath_Amount + "/input__paymentAmount"), 2, CONTINUE_ON_FAILURE): Scroll to object 'Object Repository/RAD_Pages/PaymentAmount_Page/input__paymentAmount' successfully

2024-03-07 23:23:33 - [MESSAGE][PASSED] - Scroll to object 'Object Repository/RAD_Pages/PaymentAmount_Page/input__paymentAmount' successfully

2024-03-07 23:23:33 - [TEST_STEP][PASSED] - switch (Paymenttype): null

2024-03-07 23:23:33 - [TEST_STEP][PASSED] - case "Existing Liability w/Notice Number":: null

2024-03-07 23:23:33 - [TEST_STEP][PASSED] - setEncryptedText(findTestObject("Object Repository/RAD_RecordAndPlay/input_Existing_FEIN"), "RigbBhfdqODKcAsiUrg+1Q=="): Text ****** has been set on object 'Object Repository/RAD_RecordAndPlay/input_Existing_FEIN'

2024-03-07 23:23:33 - [MESSAGE][PASSED] - Text ****** has been set on object 'Object Repository/RAD_RecordAndPlay/input_Existing_FEIN'

2024-03-07 23:23:33 - [TEST_STEP][PASSED] - setEncryptedText(findTestObject("Object Repository/RAD_RecordAndPlay/input_Existing_RetypeFEIN"), "RigbBhfdqOBBGbZqm4oFJQ=="): Text ****** has been set on object 'Object Repository/RAD_RecordAndPlay/input_Existing_RetypeFEIN'

2024-03-07 23:23:34 - [MESSAGE][PASSED] - Text ****** has been set on object 'Object Repository/RAD_RecordAndPlay/input_Existing_RetypeFEIN'

2024-03-07 23:23:34 - [TEST_STEP][PASSED] - break: null

2024-03-07 23:23:34 - [TEST_STEP][PASSED] - setText(findTestObject(orPath_Amount + "/input__paymentAmount"), ""): Text '' is set on object 'Object Repository/RAD_Pages/PaymentAmount_Page/input__paymentAmount'

2024-03-07 23:23:34 - [MESSAGE][PASSED] - Text '' is set on object 'Object Repository/RAD_Pages/PaymentAmount_Page/input__paymentAmount'

2024-03-07 23:23:34 - [TEST_STEP][PASSED] - verifyTextPresent("The FEIN and Re-type FEIN do not match", true): Text 'The FEIN and Re-type FEIN do not match' is present on page  using regular expression

2024-03-07 23:23:35 - [MESSAGE][PASSED] - Text 'The FEIN and Re-type FEIN do not match' is present on page  using regular expression

2024-03-07 23:23:35 - [TEST_STEP][PASSED] - if (verifyTextPresent("The FEIN and Re-type FEIN do not match", true)): null

2024-03-07 23:23:36 - [MESSAGE][PASSED] - Text 'The FEIN and Re-type FEIN do not match' is present on page  using regular expression

2024-03-07 23:23:36 - [TEST_STEP][PASSED] - println("Error Message is present on the page"): null

2024-03-07 23:23:36 - [TEST_STEP][PASSED] - out.println("Pass Record Number: " + row): null

2024-03-07 23:23:36 - [TEST_STEP][PASSED] - resText = "Pass": null

2024-03-07 23:23:36 - [TEST_STEP][PASSED] - pages.WriteExcel.demoKey(resText, datText, resColumn, datCloumn, fileLoc, nameSheet, row): pages.WriteExcel.demoKey is PASSED

2024-03-07 23:23:36 - [MESSAGE][PASSED] - pages.WriteExcel.demoKey is PASSED

2024-03-07 23:23:36 - [TEST_STEP][PASSED] - ExecuteTC = findTestData(dataFile).getValue("Execute", row): null

2024-03-07 23:23:36 - [TEST_STEP][PASSED] - Taxtype = findTestData(dataFile).getValue("TaxType", row): null

2024-03-07 23:23:36 - [TEST_STEP][PASSED] - Paymenttype = findTestData(dataFile).getValue("PaymentType", row): null

2024-03-07 23:23:36 - [TEST_STEP][PASSED] - out.println("Value of Execute is : " + ExecuteTC): null

2024-03-07 23:23:36 - [TEST_STEP][PASSED] - if (ExecuteTC.equalsIgnoreCase("Y")): null

2024-03-07 23:23:36 - [TEST_STEP][PASSED] - out.println("Begin Record Number: " + row): null

2024-03-07 23:23:36 - [TEST_STEP][PASSED] - today = new java.util.Date(): null

2024-03-07 23:23:36 - [TEST_STEP][PASSED] - println(today): null

2024-03-07 23:23:36 - [TEST_STEP][PASSED] - datText = today: null

2024-03-07 23:23:36 - [TEST_STEP][PASSED] - Taxtype = findTestData(dataFile).getValue("TaxType", row): null

2024-03-07 23:23:36 - [TEST_STEP][PASSED] - out.println("Taxtype value is : " + Taxtype): null

2024-03-07 23:23:36 - [TEST_STEP][PASSED] - openBrowser(""): Browser is opened with url: ''

2024-03-07 23:23:36 - [MESSAGE][WARNING] - A browser is already opened. Closing browser and opening a new one

2024-03-07 23:23:52 - [MESSAGE][INFO] - Starting 'Chrome' driver

2024-03-07 23:23:52 - [MESSAGE][INFO] - User set preference: ['acceptInsecureCerts', 'true']

2024-03-07 23:23:52 - [MESSAGE][INFO] - Action delay is set to 0 milliseconds

2024-03-07 23:23:53 - [MESSAGE][PASSED] - Browser is opened with url: ''

2024-03-07 23:23:53 - [TEST_STEP][PASSED] - maximizeWindow(): Current window maximized

2024-03-07 23:23:54 - [MESSAGE][PASSED] - Current window maximized

2024-03-07 23:23:54 - [TEST_STEP][PASSED] - navigateToUrl(RADurl): Navigate to 'https://qa2.velocitypayment.com/client/rad/index.html' successfully

2024-03-07 23:24:01 - [MESSAGE][PASSED] - Navigate to 'https://qa2.velocitypayment.com/client/rad/index.html' successfully

2024-03-07 23:24:01 - [TEST_STEP][PASSED] - orPath_Landing = "Object Repository/RAD_Pages/Landing_Page": null

2024-03-07 23:24:01 - [TEST_STEP][PASSED] - orPath_TaxTypeFilingYear = "Object Repository/RAD_Pages/TaxTypeFilingYear_Page": null

2024-03-07 23:24:01 - [TEST_STEP][PASSED] - orPath_TaxPayer = "Object Repository/RAD_Pages/Taxpayer_Page": null

2024-03-07 23:24:01 - [TEST_STEP][PASSED] - orPath_AddressContact = "Object Repository/RAD_Pages/AddressAndContactInfo_Page": null

2024-03-07 23:24:01 - [TEST_STEP][PASSED] - orPath_FilingStatus = "Object Repository/RAD_Pages/FilingStatus_Page": null

2024-03-07 23:24:01 - [TEST_STEP][PASSED] - orPath_Amount = "Object Repository/RAD_Pages/PaymentAmount_Page": null

2024-03-07 23:24:01 - [TEST_STEP][PASSED] - orPath_TaxInfo = "Object Repository/RAD_Pages/TaxInfo_Page": null

2024-03-07 23:24:01 - [TEST_STEP][PASSED] - orPath_Withholding = "Object Repository/RAD_Pages/Withholding_Page": null

2024-03-07 23:24:01 - [TEST_STEP][PASSED] - orPath_Summary = "Object Repository/RAD_Pages/Summary_Page": null

2024-03-07 23:24:01 - [TEST_STEP][PASSED] - orPath_PaymentReady = "Object Repository/RAD_Pages/PaymentReady_Page": null

2024-03-07 23:24:01 - [TEST_STEP][PASSED] - orPath_PaymentEntry = "Object Repository/RAD_Pages/PaymentEntry_Page": null

2024-03-07 23:24:01 - [TEST_STEP][PASSED] - orPath_PaymentConfirmation = "Object Repository/RAD_Pages/PaymentConfirmation_Page": null

2024-03-07 23:24:01 - [TEST_STEP][PASSED] - orPath_ServiceFeesAccept = "Object Repository/RAD_Pages/ServiceFeeAccept_Page": null

2024-03-07 23:24:01 - [TEST_STEP][PASSED] - selectOptionByLabel(findTestObject(orPath_Landing + "/dd_TaxType"), Paymenttype, false): All options with label 'Existing Liability w/Notice Number' are selected in object 'Object Repository/RAD_Pages/Landing_Page/dd_TaxType' 

2024-03-07 23:24:02 - [MESSAGE][PASSED] - All options with label 'Existing Liability w/Notice Number' are selected in object 'Object Repository/RAD_Pages/Landing_Page/dd_TaxType' 

2024-03-07 23:24:02 - [TEST_STEP][PASSED] - delay(1): Delayed 1 second(s)

2024-03-07 23:24:03 - [MESSAGE][PASSED] - Delayed 1 second(s)

2024-03-07 23:24:03 - [TEST_STEP][PASSED] - switch (Paymenttype): null

2024-03-07 23:24:03 - [TEST_STEP][PASSED] - case "Existing Liability w/Notice Number":: null

2024-03-07 23:24:03 - [TEST_STEP][PASSED] - selectOptionByLabel(findTestObject(orPath_TaxTypeFilingYear + "/select_TaxType_ExistingLiability"), Taxtype, false): All options with label 'Transportation Network Services' are selected in object 'Object Repository/RAD_Pages/TaxTypeFilingYear_Page/select_TaxType_ExistingLiability' 

2024-03-07 23:24:03 - [MESSAGE][PASSED] - All options with label 'Transportation Network Services' are selected in object 'Object Repository/RAD_Pages/TaxTypeFilingYear_Page/select_TaxType_ExistingLiability' 

2024-03-07 23:24:03 - [TEST_STEP][PASSED] - break: null

2024-03-07 23:24:03 - [TEST_STEP][PASSED] - delay(1): Delayed 1 second(s)

2024-03-07 23:24:04 - [MESSAGE][PASSED] - Delayed 1 second(s)

2024-03-07 23:24:04 - [TEST_STEP][PASSED] - scrollToElement(findTestObject(orPath_Amount + "/input__paymentAmount"), 2, CONTINUE_ON_FAILURE): Scroll to object 'Object Repository/RAD_Pages/PaymentAmount_Page/input__paymentAmount' successfully

2024-03-07 23:24:05 - [MESSAGE][PASSED] - Scroll to object 'Object Repository/RAD_Pages/PaymentAmount_Page/input__paymentAmount' successfully

2024-03-07 23:24:05 - [TEST_STEP][PASSED] - switch (Paymenttype): null

2024-03-07 23:24:05 - [TEST_STEP][PASSED] - case "Existing Liability w/Notice Number":: null

2024-03-07 23:24:05 - [TEST_STEP][PASSED] - setEncryptedText(findTestObject("Object Repository/RAD_RecordAndPlay/input_Existing_FEIN"), "RigbBhfdqODKcAsiUrg+1Q=="): Text ****** has been set on object 'Object Repository/RAD_RecordAndPlay/input_Existing_FEIN'

2024-03-07 23:24:05 - [MESSAGE][PASSED] - Text ****** has been set on object 'Object Repository/RAD_RecordAndPlay/input_Existing_FEIN'

2024-03-07 23:24:05 - [TEST_STEP][PASSED] - setEncryptedText(findTestObject("Object Repository/RAD_RecordAndPlay/input_Existing_RetypeFEIN"), "RigbBhfdqOBBGbZqm4oFJQ=="): Text ****** has been set on object 'Object Repository/RAD_RecordAndPlay/input_Existing_RetypeFEIN'

2024-03-07 23:24:06 - [MESSAGE][PASSED] - Text ****** has been set on object 'Object Repository/RAD_RecordAndPlay/input_Existing_RetypeFEIN'

2024-03-07 23:24:06 - [TEST_STEP][PASSED] - break: null

2024-03-07 23:24:06 - [TEST_STEP][PASSED] - setText(findTestObject(orPath_Amount + "/input__paymentAmount"), ""): Text '' is set on object 'Object Repository/RAD_Pages/PaymentAmount_Page/input__paymentAmount'

2024-03-07 23:24:07 - [MESSAGE][PASSED] - Text '' is set on object 'Object Repository/RAD_Pages/PaymentAmount_Page/input__paymentAmount'

2024-03-07 23:24:07 - [TEST_STEP][PASSED] - verifyTextPresent("The FEIN and Re-type FEIN do not match", true): Text 'The FEIN and Re-type FEIN do not match' is present on page  using regular expression

2024-03-07 23:24:07 - [MESSAGE][PASSED] - Text 'The FEIN and Re-type FEIN do not match' is present on page  using regular expression

2024-03-07 23:24:07 - [TEST_STEP][PASSED] - if (verifyTextPresent("The FEIN and Re-type FEIN do not match", true)): null

2024-03-07 23:24:08 - [MESSAGE][PASSED] - Text 'The FEIN and Re-type FEIN do not match' is present on page  using regular expression

2024-03-07 23:24:08 - [TEST_STEP][PASSED] - println("Error Message is present on the page"): null

2024-03-07 23:24:08 - [TEST_STEP][PASSED] - out.println("Pass Record Number: " + row): null

2024-03-07 23:24:08 - [TEST_STEP][PASSED] - resText = "Pass": null

2024-03-07 23:24:08 - [TEST_STEP][PASSED] - pages.WriteExcel.demoKey(resText, datText, resColumn, datCloumn, fileLoc, nameSheet, row): pages.WriteExcel.demoKey is PASSED

2024-03-07 23:24:08 - [MESSAGE][PASSED] - pages.WriteExcel.demoKey is PASSED

2024-03-07 23:24:08 - [TEST_STEP][PASSED] - ExecuteTC = findTestData(dataFile).getValue("Execute", row): null

2024-03-07 23:24:08 - [TEST_STEP][PASSED] - Taxtype = findTestData(dataFile).getValue("TaxType", row): null

2024-03-07 23:24:08 - [TEST_STEP][PASSED] - Paymenttype = findTestData(dataFile).getValue("PaymentType", row): null

2024-03-07 23:24:08 - [TEST_STEP][PASSED] - out.println("Value of Execute is : " + ExecuteTC): null

2024-03-07 23:24:08 - [TEST_STEP][PASSED] - if (ExecuteTC.equalsIgnoreCase("Y")): null

2024-03-07 23:24:08 - [TEST_STEP][PASSED] - out.println("Begin Record Number: " + row): null

2024-03-07 23:24:08 - [TEST_STEP][PASSED] - today = new java.util.Date(): null

2024-03-07 23:24:08 - [TEST_STEP][PASSED] - println(today): null

2024-03-07 23:24:08 - [TEST_STEP][PASSED] - datText = today: null

2024-03-07 23:24:08 - [TEST_STEP][PASSED] - Taxtype = findTestData(dataFile).getValue("TaxType", row): null

2024-03-07 23:24:08 - [TEST_STEP][PASSED] - out.println("Taxtype value is : " + Taxtype): null

2024-03-07 23:24:08 - [TEST_STEP][PASSED] - openBrowser(""): Browser is opened with url: ''

2024-03-07 23:24:08 - [MESSAGE][WARNING] - A browser is already opened. Closing browser and opening a new one

2024-03-07 23:24:25 - [MESSAGE][INFO] - Starting 'Chrome' driver

2024-03-07 23:24:25 - [MESSAGE][INFO] - User set preference: ['acceptInsecureCerts', 'true']

2024-03-07 23:24:25 - [MESSAGE][INFO] - Action delay is set to 0 milliseconds

2024-03-07 23:24:27 - [MESSAGE][PASSED] - Browser is opened with url: ''

2024-03-07 23:24:27 - [TEST_STEP][PASSED] - maximizeWindow(): Current window maximized

2024-03-07 23:24:27 - [MESSAGE][PASSED] - Current window maximized

2024-03-07 23:24:27 - [TEST_STEP][PASSED] - navigateToUrl(RADurl): Navigate to 'https://qa2.velocitypayment.com/client/rad/index.html' successfully

2024-03-07 23:24:40 - [MESSAGE][PASSED] - Navigate to 'https://qa2.velocitypayment.com/client/rad/index.html' successfully

2024-03-07 23:24:40 - [TEST_STEP][PASSED] - orPath_Landing = "Object Repository/RAD_Pages/Landing_Page": null

2024-03-07 23:24:40 - [TEST_STEP][PASSED] - orPath_TaxTypeFilingYear = "Object Repository/RAD_Pages/TaxTypeFilingYear_Page": null

2024-03-07 23:24:40 - [TEST_STEP][PASSED] - orPath_TaxPayer = "Object Repository/RAD_Pages/Taxpayer_Page": null

2024-03-07 23:24:40 - [TEST_STEP][PASSED] - orPath_AddressContact = "Object Repository/RAD_Pages/AddressAndContactInfo_Page": null

2024-03-07 23:24:40 - [TEST_STEP][PASSED] - orPath_FilingStatus = "Object Repository/RAD_Pages/FilingStatus_Page": null

2024-03-07 23:24:40 - [TEST_STEP][PASSED] - orPath_Amount = "Object Repository/RAD_Pages/PaymentAmount_Page": null

2024-03-07 23:24:40 - [TEST_STEP][PASSED] - orPath_TaxInfo = "Object Repository/RAD_Pages/TaxInfo_Page": null

2024-03-07 23:24:40 - [TEST_STEP][PASSED] - orPath_Withholding = "Object Repository/RAD_Pages/Withholding_Page": null

2024-03-07 23:24:40 - [TEST_STEP][PASSED] - orPath_Summary = "Object Repository/RAD_Pages/Summary_Page": null

2024-03-07 23:24:40 - [TEST_STEP][PASSED] - orPath_PaymentReady = "Object Repository/RAD_Pages/PaymentReady_Page": null

2024-03-07 23:24:40 - [TEST_STEP][PASSED] - orPath_PaymentEntry = "Object Repository/RAD_Pages/PaymentEntry_Page": null

2024-03-07 23:24:40 - [TEST_STEP][PASSED] - orPath_PaymentConfirmation = "Object Repository/RAD_Pages/PaymentConfirmation_Page": null

2024-03-07 23:24:40 - [TEST_STEP][PASSED] - orPath_ServiceFeesAccept = "Object Repository/RAD_Pages/ServiceFeeAccept_Page": null

2024-03-07 23:24:40 - [TEST_STEP][PASSED] - selectOptionByLabel(findTestObject(orPath_Landing + "/dd_TaxType"), Paymenttype, false): All options with label 'Existing Liability w/Notice Number' are selected in object 'Object Repository/RAD_Pages/Landing_Page/dd_TaxType' 

2024-03-07 23:24:50 - [MESSAGE][PASSED] - All options with label 'Existing Liability w/Notice Number' are selected in object 'Object Repository/RAD_Pages/Landing_Page/dd_TaxType' 

2024-03-07 23:24:50 - [TEST_STEP][PASSED] - delay(1): Delayed 1 second(s)

2024-03-07 23:24:51 - [MESSAGE][PASSED] - Delayed 1 second(s)

2024-03-07 23:24:51 - [TEST_STEP][PASSED] - switch (Paymenttype): null

2024-03-07 23:24:51 - [TEST_STEP][PASSED] - case "Existing Liability w/Notice Number":: null

2024-03-07 23:24:51 - [TEST_STEP][PASSED] - selectOptionByLabel(findTestObject(orPath_TaxTypeFilingYear + "/select_TaxType_ExistingLiability"), Taxtype, false): All options with label 'Unclaimed Property' are selected in object 'Object Repository/RAD_Pages/TaxTypeFilingYear_Page/select_TaxType_ExistingLiability' 

2024-03-07 23:24:51 - [MESSAGE][PASSED] - All options with label 'Unclaimed Property' are selected in object 'Object Repository/RAD_Pages/TaxTypeFilingYear_Page/select_TaxType_ExistingLiability' 

2024-03-07 23:24:51 - [TEST_STEP][PASSED] - break: null

2024-03-07 23:24:51 - [TEST_STEP][PASSED] - delay(1): Delayed 1 second(s)

2024-03-07 23:24:52 - [MESSAGE][PASSED] - Delayed 1 second(s)

2024-03-07 23:24:52 - [TEST_STEP][PASSED] - scrollToElement(findTestObject(orPath_Amount + "/input__paymentAmount"), 2, CONTINUE_ON_FAILURE): Scroll to object 'Object Repository/RAD_Pages/PaymentAmount_Page/input__paymentAmount' successfully

2024-03-07 23:24:53 - [MESSAGE][PASSED] - Scroll to object 'Object Repository/RAD_Pages/PaymentAmount_Page/input__paymentAmount' successfully

2024-03-07 23:24:53 - [TEST_STEP][PASSED] - switch (Paymenttype): null

2024-03-07 23:24:53 - [TEST_STEP][PASSED] - case "Existing Liability w/Notice Number":: null

2024-03-07 23:24:53 - [TEST_STEP][PASSED] - setEncryptedText(findTestObject("Object Repository/RAD_RecordAndPlay/input_Existing_FEIN"), "RigbBhfdqODKcAsiUrg+1Q=="): Text ****** has been set on object 'Object Repository/RAD_RecordAndPlay/input_Existing_FEIN'

2024-03-07 23:24:53 - [MESSAGE][PASSED] - Text ****** has been set on object 'Object Repository/RAD_RecordAndPlay/input_Existing_FEIN'

2024-03-07 23:24:53 - [TEST_STEP][PASSED] - setEncryptedText(findTestObject("Object Repository/RAD_RecordAndPlay/input_Existing_RetypeFEIN"), "RigbBhfdqOBBGbZqm4oFJQ=="): Text ****** has been set on object 'Object Repository/RAD_RecordAndPlay/input_Existing_RetypeFEIN'

2024-03-07 23:24:54 - [MESSAGE][PASSED] - Text ****** has been set on object 'Object Repository/RAD_RecordAndPlay/input_Existing_RetypeFEIN'

2024-03-07 23:24:54 - [TEST_STEP][PASSED] - break: null

2024-03-07 23:24:54 - [TEST_STEP][PASSED] - setText(findTestObject(orPath_Amount + "/input__paymentAmount"), ""): Text '' is set on object 'Object Repository/RAD_Pages/PaymentAmount_Page/input__paymentAmount'

2024-03-07 23:24:55 - [MESSAGE][PASSED] - Text '' is set on object 'Object Repository/RAD_Pages/PaymentAmount_Page/input__paymentAmount'

2024-03-07 23:24:55 - [TEST_STEP][PASSED] - verifyTextPresent("The FEIN and Re-type FEIN do not match", true): Text 'The FEIN and Re-type FEIN do not match' is present on page  using regular expression

2024-03-07 23:24:56 - [MESSAGE][PASSED] - Text 'The FEIN and Re-type FEIN do not match' is present on page  using regular expression

2024-03-07 23:24:56 - [TEST_STEP][PASSED] - if (verifyTextPresent("The FEIN and Re-type FEIN do not match", true)): null

2024-03-07 23:24:56 - [MESSAGE][PASSED] - Text 'The FEIN and Re-type FEIN do not match' is present on page  using regular expression

2024-03-07 23:24:56 - [TEST_STEP][PASSED] - println("Error Message is present on the page"): null

2024-03-07 23:24:56 - [TEST_STEP][PASSED] - out.println("Pass Record Number: " + row): null

2024-03-07 23:24:56 - [TEST_STEP][PASSED] - resText = "Pass": null

2024-03-07 23:24:56 - [TEST_STEP][PASSED] - pages.WriteExcel.demoKey(resText, datText, resColumn, datCloumn, fileLoc, nameSheet, row): pages.WriteExcel.demoKey is PASSED

2024-03-07 23:24:56 - [MESSAGE][PASSED] - pages.WriteExcel.demoKey is PASSED

2024-03-07 23:24:56 - [TEST_STEP][PASSED] - ExecuteTC = findTestData(dataFile).getValue("Execute", row): null

2024-03-07 23:24:56 - [TEST_STEP][PASSED] - Taxtype = findTestData(dataFile).getValue("TaxType", row): null

2024-03-07 23:24:56 - [TEST_STEP][PASSED] - Paymenttype = findTestData(dataFile).getValue("PaymentType", row): null

2024-03-07 23:24:56 - [TEST_STEP][PASSED] - out.println("Value of Execute is : " + ExecuteTC): null

2024-03-07 23:24:56 - [TEST_STEP][PASSED] - if (ExecuteTC.equalsIgnoreCase("Y")): null

2024-03-07 23:24:56 - [TEST_STEP][PASSED] - out.println("Begin Record Number: " + row): null

2024-03-07 23:24:56 - [TEST_STEP][PASSED] - today = new java.util.Date(): null

2024-03-07 23:24:56 - [TEST_STEP][PASSED] - println(today): null

2024-03-07 23:24:56 - [TEST_STEP][PASSED] - datText = today: null

2024-03-07 23:24:56 - [TEST_STEP][PASSED] - Taxtype = findTestData(dataFile).getValue("TaxType", row): null

2024-03-07 23:24:56 - [TEST_STEP][PASSED] - out.println("Taxtype value is : " + Taxtype): null

2024-03-07 23:24:56 - [TEST_STEP][PASSED] - openBrowser(""): Browser is opened with url: ''

2024-03-07 23:24:56 - [MESSAGE][WARNING] - A browser is already opened. Closing browser and opening a new one

2024-03-07 23:25:13 - [MESSAGE][INFO] - Starting 'Chrome' driver

2024-03-07 23:25:13 - [MESSAGE][INFO] - User set preference: ['acceptInsecureCerts', 'true']

2024-03-07 23:25:13 - [MESSAGE][INFO] - Action delay is set to 0 milliseconds

2024-03-07 23:25:14 - [MESSAGE][PASSED] - Browser is opened with url: ''

2024-03-07 23:25:14 - [TEST_STEP][PASSED] - maximizeWindow(): Current window maximized

2024-03-07 23:25:14 - [MESSAGE][PASSED] - Current window maximized

2024-03-07 23:25:14 - [TEST_STEP][PASSED] - navigateToUrl(RADurl): Navigate to 'https://qa2.velocitypayment.com/client/rad/index.html' successfully

2024-03-07 23:25:17 - [MESSAGE][PASSED] - Navigate to 'https://qa2.velocitypayment.com/client/rad/index.html' successfully

2024-03-07 23:25:17 - [TEST_STEP][PASSED] - orPath_Landing = "Object Repository/RAD_Pages/Landing_Page": null

2024-03-07 23:25:17 - [TEST_STEP][PASSED] - orPath_TaxTypeFilingYear = "Object Repository/RAD_Pages/TaxTypeFilingYear_Page": null

2024-03-07 23:25:17 - [TEST_STEP][PASSED] - orPath_TaxPayer = "Object Repository/RAD_Pages/Taxpayer_Page": null

2024-03-07 23:25:17 - [TEST_STEP][PASSED] - orPath_AddressContact = "Object Repository/RAD_Pages/AddressAndContactInfo_Page": null

2024-03-07 23:25:17 - [TEST_STEP][PASSED] - orPath_FilingStatus = "Object Repository/RAD_Pages/FilingStatus_Page": null

2024-03-07 23:25:17 - [TEST_STEP][PASSED] - orPath_Amount = "Object Repository/RAD_Pages/PaymentAmount_Page": null

2024-03-07 23:25:17 - [TEST_STEP][PASSED] - orPath_TaxInfo = "Object Repository/RAD_Pages/TaxInfo_Page": null

2024-03-07 23:25:17 - [TEST_STEP][PASSED] - orPath_Withholding = "Object Repository/RAD_Pages/Withholding_Page": null

2024-03-07 23:25:17 - [TEST_STEP][PASSED] - orPath_Summary = "Object Repository/RAD_Pages/Summary_Page": null

2024-03-07 23:25:17 - [TEST_STEP][PASSED] - orPath_PaymentReady = "Object Repository/RAD_Pages/PaymentReady_Page": null

2024-03-07 23:25:17 - [TEST_STEP][PASSED] - orPath_PaymentEntry = "Object Repository/RAD_Pages/PaymentEntry_Page": null

2024-03-07 23:25:17 - [TEST_STEP][PASSED] - orPath_PaymentConfirmation = "Object Repository/RAD_Pages/PaymentConfirmation_Page": null

2024-03-07 23:25:17 - [TEST_STEP][PASSED] - orPath_ServiceFeesAccept = "Object Repository/RAD_Pages/ServiceFeeAccept_Page": null

2024-03-07 23:25:17 - [TEST_STEP][PASSED] - selectOptionByLabel(findTestObject(orPath_Landing + "/dd_TaxType"), Paymenttype, false): All options with label 'Existing Liability w/Notice Number' are selected in object 'Object Repository/RAD_Pages/Landing_Page/dd_TaxType' 

2024-03-07 23:25:18 - [MESSAGE][PASSED] - All options with label 'Existing Liability w/Notice Number' are selected in object 'Object Repository/RAD_Pages/Landing_Page/dd_TaxType' 

2024-03-07 23:25:18 - [TEST_STEP][PASSED] - delay(1): Delayed 1 second(s)

2024-03-07 23:25:19 - [MESSAGE][PASSED] - Delayed 1 second(s)

2024-03-07 23:25:19 - [TEST_STEP][PASSED] - switch (Paymenttype): null

2024-03-07 23:25:19 - [TEST_STEP][PASSED] - case "Existing Liability w/Notice Number":: null

2024-03-07 23:25:19 - [TEST_STEP][PASSED] - selectOptionByLabel(findTestObject(orPath_TaxTypeFilingYear + "/select_TaxType_ExistingLiability"), Taxtype, false): All options with label 'IFTA Tax' are selected in object 'Object Repository/RAD_Pages/TaxTypeFilingYear_Page/select_TaxType_ExistingLiability' 

2024-03-07 23:25:19 - [MESSAGE][PASSED] - All options with label 'IFTA Tax' are selected in object 'Object Repository/RAD_Pages/TaxTypeFilingYear_Page/select_TaxType_ExistingLiability' 

2024-03-07 23:25:19 - [TEST_STEP][PASSED] - break: null

2024-03-07 23:25:19 - [TEST_STEP][PASSED] - delay(1): Delayed 1 second(s)

2024-03-07 23:25:20 - [MESSAGE][PASSED] - Delayed 1 second(s)

2024-03-07 23:25:20 - [TEST_STEP][PASSED] - scrollToElement(findTestObject(orPath_Amount + "/input__paymentAmount"), 2, CONTINUE_ON_FAILURE): Scroll to object 'Object Repository/RAD_Pages/PaymentAmount_Page/input__paymentAmount' successfully

2024-03-07 23:25:21 - [MESSAGE][PASSED] - Scroll to object 'Object Repository/RAD_Pages/PaymentAmount_Page/input__paymentAmount' successfully

2024-03-07 23:25:21 - [TEST_STEP][PASSED] - switch (Paymenttype): null

2024-03-07 23:25:21 - [TEST_STEP][PASSED] - case "Existing Liability w/Notice Number":: null

2024-03-07 23:25:21 - [TEST_STEP][PASSED] - setEncryptedText(findTestObject("Object Repository/RAD_RecordAndPlay/input_Existing_FEIN"), "RigbBhfdqODKcAsiUrg+1Q=="): Text ****** has been set on object 'Object Repository/RAD_RecordAndPlay/input_Existing_FEIN'

2024-03-07 23:25:21 - [MESSAGE][PASSED] - Text ****** has been set on object 'Object Repository/RAD_RecordAndPlay/input_Existing_FEIN'

2024-03-07 23:25:21 - [TEST_STEP][PASSED] - setEncryptedText(findTestObject("Object Repository/RAD_RecordAndPlay/input_Existing_RetypeFEIN"), "RigbBhfdqOBBGbZqm4oFJQ=="): Text ****** has been set on object 'Object Repository/RAD_RecordAndPlay/input_Existing_RetypeFEIN'

2024-03-07 23:25:22 - [MESSAGE][PASSED] - Text ****** has been set on object 'Object Repository/RAD_RecordAndPlay/input_Existing_RetypeFEIN'

2024-03-07 23:25:22 - [TEST_STEP][PASSED] - break: null

2024-03-07 23:25:22 - [TEST_STEP][PASSED] - setText(findTestObject(orPath_Amount + "/input__paymentAmount"), ""): Text '' is set on object 'Object Repository/RAD_Pages/PaymentAmount_Page/input__paymentAmount'

2024-03-07 23:25:22 - [MESSAGE][PASSED] - Text '' is set on object 'Object Repository/RAD_Pages/PaymentAmount_Page/input__paymentAmount'

2024-03-07 23:25:22 - [TEST_STEP][PASSED] - verifyTextPresent("The FEIN and Re-type FEIN do not match", true): Text 'The FEIN and Re-type FEIN do not match' is present on page  using regular expression

2024-03-07 23:25:23 - [MESSAGE][PASSED] - Text 'The FEIN and Re-type FEIN do not match' is present on page  using regular expression

2024-03-07 23:25:23 - [TEST_STEP][PASSED] - if (verifyTextPresent("The FEIN and Re-type FEIN do not match", true)): null

2024-03-07 23:25:24 - [MESSAGE][PASSED] - Text 'The FEIN and Re-type FEIN do not match' is present on page  using regular expression

2024-03-07 23:25:24 - [TEST_STEP][PASSED] - println("Error Message is present on the page"): null

2024-03-07 23:25:24 - [TEST_STEP][PASSED] - out.println("Pass Record Number: " + row): null

2024-03-07 23:25:24 - [TEST_STEP][PASSED] - resText = "Pass": null

2024-03-07 23:25:24 - [TEST_STEP][PASSED] - pages.WriteExcel.demoKey(resText, datText, resColumn, datCloumn, fileLoc, nameSheet, row): pages.WriteExcel.demoKey is PASSED

2024-03-07 23:25:24 - [MESSAGE][PASSED] - pages.WriteExcel.demoKey is PASSED

2024-03-07 23:25:24 - [TEST_STEP][PASSED] - ExecuteTC = findTestData(dataFile).getValue("Execute", row): null

2024-03-07 23:25:24 - [TEST_STEP][PASSED] - Taxtype = findTestData(dataFile).getValue("TaxType", row): null

2024-03-07 23:25:24 - [TEST_STEP][PASSED] - Paymenttype = findTestData(dataFile).getValue("PaymentType", row): null

2024-03-07 23:25:24 - [TEST_STEP][PASSED] - out.println("Value of Execute is : " + ExecuteTC): null

2024-03-07 23:25:24 - [TEST_STEP][PASSED] - if (ExecuteTC.equalsIgnoreCase("Y")): null

2024-03-07 23:25:24 - [TEST_STEP][PASSED] - out.println("Begin Record Number: " + row): null

2024-03-07 23:25:24 - [TEST_STEP][PASSED] - today = new java.util.Date(): null

2024-03-07 23:25:24 - [TEST_STEP][PASSED] - println(today): null

2024-03-07 23:25:24 - [TEST_STEP][PASSED] - datText = today: null

2024-03-07 23:25:24 - [TEST_STEP][PASSED] - Taxtype = findTestData(dataFile).getValue("TaxType", row): null

2024-03-07 23:25:24 - [TEST_STEP][PASSED] - out.println("Taxtype value is : " + Taxtype): null

2024-03-07 23:25:24 - [TEST_STEP][PASSED] - openBrowser(""): Browser is opened with url: ''

2024-03-07 23:25:24 - [MESSAGE][WARNING] - A browser is already opened. Closing browser and opening a new one

2024-03-07 23:25:34 - [MESSAGE][INFO] - Starting 'Chrome' driver

2024-03-07 23:25:34 - [MESSAGE][INFO] - User set preference: ['acceptInsecureCerts', 'true']

2024-03-07 23:25:34 - [MESSAGE][INFO] - Action delay is set to 0 milliseconds

2024-03-07 23:25:36 - [MESSAGE][PASSED] - Browser is opened with url: ''

2024-03-07 23:25:36 - [TEST_STEP][PASSED] - maximizeWindow(): Current window maximized

2024-03-07 23:25:36 - [MESSAGE][PASSED] - Current window maximized

2024-03-07 23:25:36 - [TEST_STEP][PASSED] - navigateToUrl(RADurl): Navigate to 'https://qa2.velocitypayment.com/client/rad/index.html' successfully

2024-03-07 23:25:43 - [MESSAGE][PASSED] - Navigate to 'https://qa2.velocitypayment.com/client/rad/index.html' successfully

2024-03-07 23:25:43 - [TEST_STEP][PASSED] - orPath_Landing = "Object Repository/RAD_Pages/Landing_Page": null

2024-03-07 23:25:43 - [TEST_STEP][PASSED] - orPath_TaxTypeFilingYear = "Object Repository/RAD_Pages/TaxTypeFilingYear_Page": null

2024-03-07 23:25:43 - [TEST_STEP][PASSED] - orPath_TaxPayer = "Object Repository/RAD_Pages/Taxpayer_Page": null

2024-03-07 23:25:43 - [TEST_STEP][PASSED] - orPath_AddressContact = "Object Repository/RAD_Pages/AddressAndContactInfo_Page": null

2024-03-07 23:25:43 - [TEST_STEP][PASSED] - orPath_FilingStatus = "Object Repository/RAD_Pages/FilingStatus_Page": null

2024-03-07 23:25:43 - [TEST_STEP][PASSED] - orPath_Amount = "Object Repository/RAD_Pages/PaymentAmount_Page": null

2024-03-07 23:25:43 - [TEST_STEP][PASSED] - orPath_TaxInfo = "Object Repository/RAD_Pages/TaxInfo_Page": null

2024-03-07 23:25:43 - [TEST_STEP][PASSED] - orPath_Withholding = "Object Repository/RAD_Pages/Withholding_Page": null

2024-03-07 23:25:43 - [TEST_STEP][PASSED] - orPath_Summary = "Object Repository/RAD_Pages/Summary_Page": null

2024-03-07 23:25:43 - [TEST_STEP][PASSED] - orPath_PaymentReady = "Object Repository/RAD_Pages/PaymentReady_Page": null

2024-03-07 23:25:43 - [TEST_STEP][PASSED] - orPath_PaymentEntry = "Object Repository/RAD_Pages/PaymentEntry_Page": null

2024-03-07 23:25:43 - [TEST_STEP][PASSED] - orPath_PaymentConfirmation = "Object Repository/RAD_Pages/PaymentConfirmation_Page": null

2024-03-07 23:25:43 - [TEST_STEP][PASSED] - orPath_ServiceFeesAccept = "Object Repository/RAD_Pages/ServiceFeeAccept_Page": null

2024-03-07 23:25:43 - [TEST_STEP][PASSED] - selectOptionByLabel(findTestObject(orPath_Landing + "/dd_TaxType"), Paymenttype, false): All options with label 'New Tax Return Amount Due' are selected in object 'Object Repository/RAD_Pages/Landing_Page/dd_TaxType' 

2024-03-07 23:25:44 - [MESSAGE][PASSED] - All options with label 'New Tax Return Amount Due' are selected in object 'Object Repository/RAD_Pages/Landing_Page/dd_TaxType' 

2024-03-07 23:25:44 - [TEST_STEP][PASSED] - delay(1): Delayed 1 second(s)

2024-03-07 23:25:45 - [MESSAGE][PASSED] - Delayed 1 second(s)

2024-03-07 23:25:45 - [TEST_STEP][PASSED] - switch (Paymenttype): null

2024-03-07 23:25:45 - [TEST_STEP][PASSED] - case "New Tax Return Amount Due":: null

2024-03-07 23:25:45 - [TEST_STEP][PASSED] - selectOptionByLabel(findTestObject("Object Repository/RAD_Pages/Landing_Page/select_NewTaxReturnAmountDue_TaxType"), Taxtype, false): All options with label 'Admissions and Amusement Tax' are selected in object 'Object Repository/RAD_Pages/Landing_Page/select_NewTaxReturnAmountDue_TaxType' 

2024-03-07 23:25:46 - [MESSAGE][PASSED] - All options with label 'Admissions and Amusement Tax' are selected in object 'Object Repository/RAD_Pages/Landing_Page/select_NewTaxReturnAmountDue_TaxType' 

2024-03-07 23:25:46 - [TEST_STEP][PASSED] - break: null

2024-03-07 23:25:46 - [TEST_STEP][PASSED] - delay(1): Delayed 1 second(s)

2024-03-07 23:25:47 - [MESSAGE][PASSED] - Delayed 1 second(s)

2024-03-07 23:25:47 - [TEST_STEP][PASSED] - scrollToElement(findTestObject(orPath_Amount + "/input__paymentAmount"), 2, CONTINUE_ON_FAILURE): Scroll to object 'Object Repository/RAD_Pages/PaymentAmount_Page/input__paymentAmount' successfully

2024-03-07 23:25:47 - [MESSAGE][PASSED] - Scroll to object 'Object Repository/RAD_Pages/PaymentAmount_Page/input__paymentAmount' successfully

2024-03-07 23:25:47 - [TEST_STEP][PASSED] - switch (Paymenttype): null

2024-03-07 23:25:47 - [TEST_STEP][PASSED] - case "New Tax Return Amount Due":: null

2024-03-07 23:25:47 - [TEST_STEP][PASSED] - setEncryptedText(findTestObject(orPath_TaxInfo + "/input_FederalEIN-2"), "RigbBhfdqODKcAsiUrg+1Q=="): Text ****** has been set on object 'Object Repository/RAD_Pages/TaxInfo_Page/input_FederalEIN-2'

2024-03-07 23:25:48 - [MESSAGE][PASSED] - Text ****** has been set on object 'Object Repository/RAD_Pages/TaxInfo_Page/input_FederalEIN-2'

2024-03-07 23:25:48 - [TEST_STEP][PASSED] - setEncryptedText(findTestObject(orPath_TaxInfo + "/input_FederalEIN_ReEnter-2"), "RigbBhfdqOBBGbZqm4oFJQ=="): Text ****** has been set on object 'Object Repository/RAD_Pages/TaxInfo_Page/input_FederalEIN_ReEnter-2'

2024-03-07 23:25:48 - [MESSAGE][PASSED] - Text ****** has been set on object 'Object Repository/RAD_Pages/TaxInfo_Page/input_FederalEIN_ReEnter-2'

2024-03-07 23:25:48 - [TEST_STEP][PASSED] - break: null

2024-03-07 23:25:48 - [TEST_STEP][PASSED] - setText(findTestObject(orPath_Amount + "/input__paymentAmount"), ""): Text '' is set on object 'Object Repository/RAD_Pages/PaymentAmount_Page/input__paymentAmount'

2024-03-07 23:25:49 - [MESSAGE][PASSED] - Text '' is set on object 'Object Repository/RAD_Pages/PaymentAmount_Page/input__paymentAmount'

2024-03-07 23:25:49 - [TEST_STEP][PASSED] - verifyTextPresent("The FEIN and Re-type FEIN do not match", true): Text 'The FEIN and Re-type FEIN do not match' is present on page  using regular expression

2024-03-07 23:25:49 - [MESSAGE][PASSED] - Text 'The FEIN and Re-type FEIN do not match' is present on page  using regular expression

2024-03-07 23:25:49 - [TEST_STEP][PASSED] - if (verifyTextPresent("The FEIN and Re-type FEIN do not match", true)): null

2024-03-07 23:25:50 - [MESSAGE][PASSED] - Text 'The FEIN and Re-type FEIN do not match' is present on page  using regular expression

2024-03-07 23:25:50 - [TEST_STEP][PASSED] - println("Error Message is present on the page"): null

2024-03-07 23:25:50 - [TEST_STEP][PASSED] - out.println("Pass Record Number: " + row): null

2024-03-07 23:25:50 - [TEST_STEP][PASSED] - resText = "Pass": null

2024-03-07 23:25:50 - [TEST_STEP][PASSED] - pages.WriteExcel.demoKey(resText, datText, resColumn, datCloumn, fileLoc, nameSheet, row): pages.WriteExcel.demoKey is PASSED

2024-03-07 23:25:50 - [MESSAGE][PASSED] - pages.WriteExcel.demoKey is PASSED

2024-03-07 23:25:50 - [TEST_STEP][PASSED] - ExecuteTC = findTestData(dataFile).getValue("Execute", row): null

2024-03-07 23:25:50 - [TEST_STEP][PASSED] - Taxtype = findTestData(dataFile).getValue("TaxType", row): null

2024-03-07 23:25:50 - [TEST_STEP][PASSED] - Paymenttype = findTestData(dataFile).getValue("PaymentType", row): null

2024-03-07 23:25:50 - [TEST_STEP][PASSED] - out.println("Value of Execute is : " + ExecuteTC): null

2024-03-07 23:25:50 - [TEST_STEP][PASSED] - if (ExecuteTC.equalsIgnoreCase("Y")): null

2024-03-07 23:25:50 - [TEST_STEP][PASSED] - out.println("Begin Record Number: " + row): null

2024-03-07 23:25:50 - [TEST_STEP][PASSED] - today = new java.util.Date(): null

2024-03-07 23:25:50 - [TEST_STEP][PASSED] - println(today): null

2024-03-07 23:25:50 - [TEST_STEP][PASSED] - datText = today: null

2024-03-07 23:25:50 - [TEST_STEP][PASSED] - Taxtype = findTestData(dataFile).getValue("TaxType", row): null

2024-03-07 23:25:50 - [TEST_STEP][PASSED] - out.println("Taxtype value is : " + Taxtype): null

2024-03-07 23:25:50 - [TEST_STEP][PASSED] - openBrowser(""): Browser is opened with url: ''

2024-03-07 23:25:50 - [MESSAGE][WARNING] - A browser is already opened. Closing browser and opening a new one

2024-03-07 23:26:01 - [MESSAGE][INFO] - Starting 'Chrome' driver

2024-03-07 23:26:01 - [MESSAGE][INFO] - User set preference: ['acceptInsecureCerts', 'true']

2024-03-07 23:26:01 - [MESSAGE][INFO] - Action delay is set to 0 milliseconds

2024-03-07 23:26:03 - [MESSAGE][PASSED] - Browser is opened with url: ''

2024-03-07 23:26:03 - [TEST_STEP][PASSED] - maximizeWindow(): Current window maximized

2024-03-07 23:26:03 - [MESSAGE][PASSED] - Current window maximized

2024-03-07 23:26:03 - [TEST_STEP][PASSED] - navigateToUrl(RADurl): Navigate to 'https://qa2.velocitypayment.com/client/rad/index.html' successfully

2024-03-07 23:26:11 - [MESSAGE][PASSED] - Navigate to 'https://qa2.velocitypayment.com/client/rad/index.html' successfully

2024-03-07 23:26:11 - [TEST_STEP][PASSED] - orPath_Landing = "Object Repository/RAD_Pages/Landing_Page": null

2024-03-07 23:26:11 - [TEST_STEP][PASSED] - orPath_TaxTypeFilingYear = "Object Repository/RAD_Pages/TaxTypeFilingYear_Page": null

2024-03-07 23:26:11 - [TEST_STEP][PASSED] - orPath_TaxPayer = "Object Repository/RAD_Pages/Taxpayer_Page": null

2024-03-07 23:26:11 - [TEST_STEP][PASSED] - orPath_AddressContact = "Object Repository/RAD_Pages/AddressAndContactInfo_Page": null

2024-03-07 23:26:11 - [TEST_STEP][PASSED] - orPath_FilingStatus = "Object Repository/RAD_Pages/FilingStatus_Page": null

2024-03-07 23:26:11 - [TEST_STEP][PASSED] - orPath_Amount = "Object Repository/RAD_Pages/PaymentAmount_Page": null

2024-03-07 23:26:11 - [TEST_STEP][PASSED] - orPath_TaxInfo = "Object Repository/RAD_Pages/TaxInfo_Page": null

2024-03-07 23:26:11 - [TEST_STEP][PASSED] - orPath_Withholding = "Object Repository/RAD_Pages/Withholding_Page": null

2024-03-07 23:26:11 - [TEST_STEP][PASSED] - orPath_Summary = "Object Repository/RAD_Pages/Summary_Page": null

2024-03-07 23:26:11 - [TEST_STEP][PASSED] - orPath_PaymentReady = "Object Repository/RAD_Pages/PaymentReady_Page": null

2024-03-07 23:26:11 - [TEST_STEP][PASSED] - orPath_PaymentEntry = "Object Repository/RAD_Pages/PaymentEntry_Page": null

2024-03-07 23:26:11 - [TEST_STEP][PASSED] - orPath_PaymentConfirmation = "Object Repository/RAD_Pages/PaymentConfirmation_Page": null

2024-03-07 23:26:11 - [TEST_STEP][PASSED] - orPath_ServiceFeesAccept = "Object Repository/RAD_Pages/ServiceFeeAccept_Page": null

2024-03-07 23:26:11 - [TEST_STEP][PASSED] - selectOptionByLabel(findTestObject(orPath_Landing + "/dd_TaxType"), Paymenttype, false): All options with label 'New Tax Return Amount Due' are selected in object 'Object Repository/RAD_Pages/Landing_Page/dd_TaxType' 

2024-03-07 23:26:12 - [MESSAGE][PASSED] - All options with label 'New Tax Return Amount Due' are selected in object 'Object Repository/RAD_Pages/Landing_Page/dd_TaxType' 

2024-03-07 23:26:12 - [TEST_STEP][PASSED] - delay(1): Delayed 1 second(s)

2024-03-07 23:26:13 - [MESSAGE][PASSED] - Delayed 1 second(s)

2024-03-07 23:26:13 - [TEST_STEP][PASSED] - switch (Paymenttype): null

2024-03-07 23:26:13 - [TEST_STEP][PASSED] - case "New Tax Return Amount Due":: null

2024-03-07 23:26:13 - [TEST_STEP][PASSED] - selectOptionByLabel(findTestObject("Object Repository/RAD_Pages/Landing_Page/select_NewTaxReturnAmountDue_TaxType"), Taxtype, false): All options with label 'Alcohol Tax' are selected in object 'Object Repository/RAD_Pages/Landing_Page/select_NewTaxReturnAmountDue_TaxType' 

2024-03-07 23:26:13 - [MESSAGE][PASSED] - All options with label 'Alcohol Tax' are selected in object 'Object Repository/RAD_Pages/Landing_Page/select_NewTaxReturnAmountDue_TaxType' 

2024-03-07 23:26:13 - [TEST_STEP][PASSED] - break: null

2024-03-07 23:26:13 - [TEST_STEP][PASSED] - delay(1): Delayed 1 second(s)

2024-03-07 23:26:14 - [MESSAGE][PASSED] - Delayed 1 second(s)

2024-03-07 23:26:14 - [TEST_STEP][PASSED] - scrollToElement(findTestObject(orPath_Amount + "/input__paymentAmount"), 2, CONTINUE_ON_FAILURE): Scroll to object 'Object Repository/RAD_Pages/PaymentAmount_Page/input__paymentAmount' successfully

2024-03-07 23:26:15 - [MESSAGE][PASSED] - Scroll to object 'Object Repository/RAD_Pages/PaymentAmount_Page/input__paymentAmount' successfully

2024-03-07 23:26:15 - [TEST_STEP][PASSED] - switch (Paymenttype): null

2024-03-07 23:26:15 - [TEST_STEP][PASSED] - case "New Tax Return Amount Due":: null

2024-03-07 23:26:15 - [TEST_STEP][PASSED] - setEncryptedText(findTestObject(orPath_TaxInfo + "/input_FederalEIN-2"), "RigbBhfdqODKcAsiUrg+1Q=="): Text ****** has been set on object 'Object Repository/RAD_Pages/TaxInfo_Page/input_FederalEIN-2'

2024-03-07 23:26:15 - [MESSAGE][PASSED] - Text ****** has been set on object 'Object Repository/RAD_Pages/TaxInfo_Page/input_FederalEIN-2'

2024-03-07 23:26:15 - [TEST_STEP][PASSED] - setEncryptedText(findTestObject(orPath_TaxInfo + "/input_FederalEIN_ReEnter-2"), "RigbBhfdqOBBGbZqm4oFJQ=="): Text ****** has been set on object 'Object Repository/RAD_Pages/TaxInfo_Page/input_FederalEIN_ReEnter-2'

2024-03-07 23:26:16 - [MESSAGE][PASSED] - Text ****** has been set on object 'Object Repository/RAD_Pages/TaxInfo_Page/input_FederalEIN_ReEnter-2'

2024-03-07 23:26:16 - [TEST_STEP][PASSED] - break: null

2024-03-07 23:26:16 - [TEST_STEP][PASSED] - setText(findTestObject(orPath_Amount + "/input__paymentAmount"), ""): Text '' is set on object 'Object Repository/RAD_Pages/PaymentAmount_Page/input__paymentAmount'

2024-03-07 23:26:16 - [MESSAGE][PASSED] - Text '' is set on object 'Object Repository/RAD_Pages/PaymentAmount_Page/input__paymentAmount'

2024-03-07 23:26:16 - [TEST_STEP][PASSED] - verifyTextPresent("The FEIN and Re-type FEIN do not match", true): Text 'The FEIN and Re-type FEIN do not match' is present on page  using regular expression

2024-03-07 23:26:17 - [MESSAGE][PASSED] - Text 'The FEIN and Re-type FEIN do not match' is present on page  using regular expression

2024-03-07 23:26:17 - [TEST_STEP][PASSED] - if (verifyTextPresent("The FEIN and Re-type FEIN do not match", true)): null

2024-03-07 23:26:18 - [MESSAGE][PASSED] - Text 'The FEIN and Re-type FEIN do not match' is present on page  using regular expression

2024-03-07 23:26:18 - [TEST_STEP][PASSED] - println("Error Message is present on the page"): null

2024-03-07 23:26:18 - [TEST_STEP][PASSED] - out.println("Pass Record Number: " + row): null

2024-03-07 23:26:18 - [TEST_STEP][PASSED] - resText = "Pass": null

2024-03-07 23:26:18 - [TEST_STEP][PASSED] - pages.WriteExcel.demoKey(resText, datText, resColumn, datCloumn, fileLoc, nameSheet, row): pages.WriteExcel.demoKey is PASSED

2024-03-07 23:26:18 - [MESSAGE][PASSED] - pages.WriteExcel.demoKey is PASSED

2024-03-07 23:26:18 - [TEST_STEP][PASSED] - ExecuteTC = findTestData(dataFile).getValue("Execute", row): null

2024-03-07 23:26:18 - [TEST_STEP][PASSED] - Taxtype = findTestData(dataFile).getValue("TaxType", row): null

2024-03-07 23:26:18 - [TEST_STEP][PASSED] - Paymenttype = findTestData(dataFile).getValue("PaymentType", row): null

2024-03-07 23:26:18 - [TEST_STEP][PASSED] - out.println("Value of Execute is : " + ExecuteTC): null

2024-03-07 23:26:18 - [TEST_STEP][PASSED] - if (ExecuteTC.equalsIgnoreCase("Y")): null

2024-03-07 23:26:18 - [TEST_STEP][PASSED] - out.println("Begin Record Number: " + row): null

2024-03-07 23:26:18 - [TEST_STEP][PASSED] - today = new java.util.Date(): null

2024-03-07 23:26:18 - [TEST_STEP][PASSED] - println(today): null

2024-03-07 23:26:18 - [TEST_STEP][PASSED] - datText = today: null

2024-03-07 23:26:18 - [TEST_STEP][PASSED] - Taxtype = findTestData(dataFile).getValue("TaxType", row): null

2024-03-07 23:26:18 - [TEST_STEP][PASSED] - out.println("Taxtype value is : " + Taxtype): null

2024-03-07 23:26:18 - [TEST_STEP][PASSED] - openBrowser(""): Browser is opened with url: ''

2024-03-07 23:26:18 - [MESSAGE][WARNING] - A browser is already opened. Closing browser and opening a new one

2024-03-07 23:26:29 - [MESSAGE][INFO] - Starting 'Chrome' driver

2024-03-07 23:26:29 - [MESSAGE][INFO] - User set preference: ['acceptInsecureCerts', 'true']

2024-03-07 23:26:29 - [MESSAGE][INFO] - Action delay is set to 0 milliseconds

2024-03-07 23:26:30 - [MESSAGE][PASSED] - Browser is opened with url: ''

2024-03-07 23:26:30 - [TEST_STEP][PASSED] - maximizeWindow(): Current window maximized

2024-03-07 23:26:30 - [MESSAGE][PASSED] - Current window maximized

2024-03-07 23:26:30 - [TEST_STEP][PASSED] - navigateToUrl(RADurl): Navigate to 'https://qa2.velocitypayment.com/client/rad/index.html' successfully

2024-03-07 23:26:38 - [MESSAGE][PASSED] - Navigate to 'https://qa2.velocitypayment.com/client/rad/index.html' successfully

2024-03-07 23:26:38 - [TEST_STEP][PASSED] - orPath_Landing = "Object Repository/RAD_Pages/Landing_Page": null

2024-03-07 23:26:38 - [TEST_STEP][PASSED] - orPath_TaxTypeFilingYear = "Object Repository/RAD_Pages/TaxTypeFilingYear_Page": null

2024-03-07 23:26:38 - [TEST_STEP][PASSED] - orPath_TaxPayer = "Object Repository/RAD_Pages/Taxpayer_Page": null

2024-03-07 23:26:38 - [TEST_STEP][PASSED] - orPath_AddressContact = "Object Repository/RAD_Pages/AddressAndContactInfo_Page": null

2024-03-07 23:26:38 - [TEST_STEP][PASSED] - orPath_FilingStatus = "Object Repository/RAD_Pages/FilingStatus_Page": null

2024-03-07 23:26:38 - [TEST_STEP][PASSED] - orPath_Amount = "Object Repository/RAD_Pages/PaymentAmount_Page": null

2024-03-07 23:26:38 - [TEST_STEP][PASSED] - orPath_TaxInfo = "Object Repository/RAD_Pages/TaxInfo_Page": null

2024-03-07 23:26:38 - [TEST_STEP][PASSED] - orPath_Withholding = "Object Repository/RAD_Pages/Withholding_Page": null

2024-03-07 23:26:38 - [TEST_STEP][PASSED] - orPath_Summary = "Object Repository/RAD_Pages/Summary_Page": null

2024-03-07 23:26:38 - [TEST_STEP][PASSED] - orPath_PaymentReady = "Object Repository/RAD_Pages/PaymentReady_Page": null

2024-03-07 23:26:38 - [TEST_STEP][PASSED] - orPath_PaymentEntry = "Object Repository/RAD_Pages/PaymentEntry_Page": null

2024-03-07 23:26:38 - [TEST_STEP][PASSED] - orPath_PaymentConfirmation = "Object Repository/RAD_Pages/PaymentConfirmation_Page": null

2024-03-07 23:26:38 - [TEST_STEP][PASSED] - orPath_ServiceFeesAccept = "Object Repository/RAD_Pages/ServiceFeeAccept_Page": null

2024-03-07 23:26:38 - [TEST_STEP][PASSED] - selectOptionByLabel(findTestObject(orPath_Landing + "/dd_TaxType"), Paymenttype, false): All options with label 'New Tax Return Amount Due' are selected in object 'Object Repository/RAD_Pages/Landing_Page/dd_TaxType' 

2024-03-07 23:26:38 - [MESSAGE][PASSED] - All options with label 'New Tax Return Amount Due' are selected in object 'Object Repository/RAD_Pages/Landing_Page/dd_TaxType' 

2024-03-07 23:26:38 - [TEST_STEP][PASSED] - delay(1): Delayed 1 second(s)

2024-03-07 23:26:39 - [MESSAGE][PASSED] - Delayed 1 second(s)

2024-03-07 23:26:39 - [TEST_STEP][PASSED] - switch (Paymenttype): null

2024-03-07 23:26:39 - [TEST_STEP][PASSED] - case "New Tax Return Amount Due":: null

2024-03-07 23:26:39 - [TEST_STEP][PASSED] - selectOptionByLabel(findTestObject("Object Repository/RAD_Pages/Landing_Page/select_NewTaxReturnAmountDue_TaxType"), Taxtype, false): All options with label 'Bay Restoration Fee' are selected in object 'Object Repository/RAD_Pages/Landing_Page/select_NewTaxReturnAmountDue_TaxType' 

2024-03-07 23:26:40 - [MESSAGE][PASSED] - All options with label 'Bay Restoration Fee' are selected in object 'Object Repository/RAD_Pages/Landing_Page/select_NewTaxReturnAmountDue_TaxType' 

2024-03-07 23:26:40 - [TEST_STEP][PASSED] - break: null

2024-03-07 23:26:40 - [TEST_STEP][PASSED] - delay(1): Delayed 1 second(s)

2024-03-07 23:26:41 - [MESSAGE][PASSED] - Delayed 1 second(s)

2024-03-07 23:26:41 - [TEST_STEP][PASSED] - scrollToElement(findTestObject(orPath_Amount + "/input__paymentAmount"), 2, CONTINUE_ON_FAILURE): Scroll to object 'Object Repository/RAD_Pages/PaymentAmount_Page/input__paymentAmount' successfully

2024-03-07 23:26:41 - [MESSAGE][PASSED] - Scroll to object 'Object Repository/RAD_Pages/PaymentAmount_Page/input__paymentAmount' successfully

2024-03-07 23:26:41 - [TEST_STEP][PASSED] - switch (Paymenttype): null

2024-03-07 23:26:41 - [TEST_STEP][PASSED] - case "New Tax Return Amount Due":: null

2024-03-07 23:26:41 - [TEST_STEP][PASSED] - setEncryptedText(findTestObject(orPath_TaxInfo + "/input_FederalEIN-2"), "RigbBhfdqODKcAsiUrg+1Q=="): Text ****** has been set on object 'Object Repository/RAD_Pages/TaxInfo_Page/input_FederalEIN-2'

2024-03-07 23:26:42 - [MESSAGE][PASSED] - Text ****** has been set on object 'Object Repository/RAD_Pages/TaxInfo_Page/input_FederalEIN-2'

2024-03-07 23:26:42 - [TEST_STEP][PASSED] - setEncryptedText(findTestObject(orPath_TaxInfo + "/input_FederalEIN_ReEnter-2"), "RigbBhfdqOBBGbZqm4oFJQ=="): Text ****** has been set on object 'Object Repository/RAD_Pages/TaxInfo_Page/input_FederalEIN_ReEnter-2'

2024-03-07 23:26:43 - [MESSAGE][PASSED] - Text ****** has been set on object 'Object Repository/RAD_Pages/TaxInfo_Page/input_FederalEIN_ReEnter-2'

2024-03-07 23:26:43 - [TEST_STEP][PASSED] - break: null

2024-03-07 23:26:43 - [TEST_STEP][PASSED] - setText(findTestObject(orPath_Amount + "/input__paymentAmount"), ""): Text '' is set on object 'Object Repository/RAD_Pages/PaymentAmount_Page/input__paymentAmount'

2024-03-07 23:26:43 - [MESSAGE][PASSED] - Text '' is set on object 'Object Repository/RAD_Pages/PaymentAmount_Page/input__paymentAmount'

2024-03-07 23:26:43 - [TEST_STEP][PASSED] - verifyTextPresent("The FEIN and Re-type FEIN do not match", true): Text 'The FEIN and Re-type FEIN do not match' is present on page  using regular expression

2024-03-07 23:26:44 - [MESSAGE][PASSED] - Text 'The FEIN and Re-type FEIN do not match' is present on page  using regular expression

2024-03-07 23:26:44 - [TEST_STEP][PASSED] - if (verifyTextPresent("The FEIN and Re-type FEIN do not match", true)): null

2024-03-07 23:26:44 - [MESSAGE][PASSED] - Text 'The FEIN and Re-type FEIN do not match' is present on page  using regular expression

2024-03-07 23:26:44 - [TEST_STEP][PASSED] - println("Error Message is present on the page"): null

2024-03-07 23:26:44 - [TEST_STEP][PASSED] - out.println("Pass Record Number: " + row): null

2024-03-07 23:26:44 - [TEST_STEP][PASSED] - resText = "Pass": null

2024-03-07 23:26:44 - [TEST_STEP][PASSED] - pages.WriteExcel.demoKey(resText, datText, resColumn, datCloumn, fileLoc, nameSheet, row): pages.WriteExcel.demoKey is PASSED

2024-03-07 23:26:44 - [MESSAGE][PASSED] - pages.WriteExcel.demoKey is PASSED

2024-03-07 23:26:44 - [TEST_STEP][PASSED] - ExecuteTC = findTestData(dataFile).getValue("Execute", row): null

2024-03-07 23:26:44 - [TEST_STEP][PASSED] - Taxtype = findTestData(dataFile).getValue("TaxType", row): null

2024-03-07 23:26:45 - [TEST_STEP][PASSED] - Paymenttype = findTestData(dataFile).getValue("PaymentType", row): null

2024-03-07 23:26:45 - [TEST_STEP][PASSED] - out.println("Value of Execute is : " + ExecuteTC): null

2024-03-07 23:26:45 - [TEST_STEP][PASSED] - if (ExecuteTC.equalsIgnoreCase("Y")): null

2024-03-07 23:26:45 - [TEST_STEP][PASSED] - out.println("Begin Record Number: " + row): null

2024-03-07 23:26:45 - [TEST_STEP][PASSED] - today = new java.util.Date(): null

2024-03-07 23:26:45 - [TEST_STEP][PASSED] - println(today): null

2024-03-07 23:26:45 - [TEST_STEP][PASSED] - datText = today: null

2024-03-07 23:26:45 - [TEST_STEP][PASSED] - Taxtype = findTestData(dataFile).getValue("TaxType", row): null

2024-03-07 23:26:45 - [TEST_STEP][PASSED] - out.println("Taxtype value is : " + Taxtype): null

2024-03-07 23:26:45 - [TEST_STEP][PASSED] - openBrowser(""): Browser is opened with url: ''

2024-03-07 23:26:45 - [MESSAGE][WARNING] - A browser is already opened. Closing browser and opening a new one

2024-03-07 23:27:01 - [MESSAGE][INFO] - Starting 'Chrome' driver

2024-03-07 23:27:01 - [MESSAGE][INFO] - User set preference: ['acceptInsecureCerts', 'true']

2024-03-07 23:27:01 - [MESSAGE][INFO] - Action delay is set to 0 milliseconds

2024-03-07 23:27:02 - [MESSAGE][PASSED] - Browser is opened with url: ''

2024-03-07 23:27:02 - [TEST_STEP][PASSED] - maximizeWindow(): Current window maximized

2024-03-07 23:27:02 - [MESSAGE][PASSED] - Current window maximized

2024-03-07 23:27:02 - [TEST_STEP][PASSED] - navigateToUrl(RADurl): Navigate to 'https://qa2.velocitypayment.com/client/rad/index.html' successfully

2024-03-07 23:27:10 - [MESSAGE][PASSED] - Navigate to 'https://qa2.velocitypayment.com/client/rad/index.html' successfully

2024-03-07 23:27:10 - [TEST_STEP][PASSED] - orPath_Landing = "Object Repository/RAD_Pages/Landing_Page": null

2024-03-07 23:27:10 - [TEST_STEP][PASSED] - orPath_TaxTypeFilingYear = "Object Repository/RAD_Pages/TaxTypeFilingYear_Page": null

2024-03-07 23:27:10 - [TEST_STEP][PASSED] - orPath_TaxPayer = "Object Repository/RAD_Pages/Taxpayer_Page": null

2024-03-07 23:27:10 - [TEST_STEP][PASSED] - orPath_AddressContact = "Object Repository/RAD_Pages/AddressAndContactInfo_Page": null

2024-03-07 23:27:10 - [TEST_STEP][PASSED] - orPath_FilingStatus = "Object Repository/RAD_Pages/FilingStatus_Page": null

2024-03-07 23:27:10 - [TEST_STEP][PASSED] - orPath_Amount = "Object Repository/RAD_Pages/PaymentAmount_Page": null

2024-03-07 23:27:10 - [TEST_STEP][PASSED] - orPath_TaxInfo = "Object Repository/RAD_Pages/TaxInfo_Page": null

2024-03-07 23:27:10 - [TEST_STEP][PASSED] - orPath_Withholding = "Object Repository/RAD_Pages/Withholding_Page": null

2024-03-07 23:27:10 - [TEST_STEP][PASSED] - orPath_Summary = "Object Repository/RAD_Pages/Summary_Page": null

2024-03-07 23:27:10 - [TEST_STEP][PASSED] - orPath_PaymentReady = "Object Repository/RAD_Pages/PaymentReady_Page": null

2024-03-07 23:27:10 - [TEST_STEP][PASSED] - orPath_PaymentEntry = "Object Repository/RAD_Pages/PaymentEntry_Page": null

2024-03-07 23:27:10 - [TEST_STEP][PASSED] - orPath_PaymentConfirmation = "Object Repository/RAD_Pages/PaymentConfirmation_Page": null

2024-03-07 23:27:10 - [TEST_STEP][PASSED] - orPath_ServiceFeesAccept = "Object Repository/RAD_Pages/ServiceFeeAccept_Page": null

2024-03-07 23:27:10 - [TEST_STEP][PASSED] - selectOptionByLabel(findTestObject(orPath_Landing + "/dd_TaxType"), Paymenttype, false): All options with label 'New Tax Return Amount Due' are selected in object 'Object Repository/RAD_Pages/Landing_Page/dd_TaxType' 

2024-03-07 23:27:10 - [MESSAGE][PASSED] - All options with label 'New Tax Return Amount Due' are selected in object 'Object Repository/RAD_Pages/Landing_Page/dd_TaxType' 

2024-03-07 23:27:10 - [TEST_STEP][PASSED] - delay(1): Delayed 1 second(s)

2024-03-07 23:27:11 - [MESSAGE][PASSED] - Delayed 1 second(s)

2024-03-07 23:27:11 - [TEST_STEP][PASSED] - switch (Paymenttype): null

2024-03-07 23:27:11 - [TEST_STEP][PASSED] - case "New Tax Return Amount Due":: null

2024-03-07 23:27:11 - [TEST_STEP][PASSED] - selectOptionByLabel(findTestObject("Object Repository/RAD_Pages/Landing_Page/select_NewTaxReturnAmountDue_TaxType"), Taxtype, false): All options with label 'Corporate Income Tax' are selected in object 'Object Repository/RAD_Pages/Landing_Page/select_NewTaxReturnAmountDue_TaxType' 

2024-03-07 23:27:12 - [MESSAGE][PASSED] - All options with label 'Corporate Income Tax' are selected in object 'Object Repository/RAD_Pages/Landing_Page/select_NewTaxReturnAmountDue_TaxType' 

2024-03-07 23:27:12 - [TEST_STEP][PASSED] - break: null

2024-03-07 23:27:12 - [TEST_STEP][PASSED] - delay(1): Delayed 1 second(s)

2024-03-07 23:27:13 - [MESSAGE][PASSED] - Delayed 1 second(s)

2024-03-07 23:27:13 - [TEST_STEP][PASSED] - scrollToElement(findTestObject(orPath_Amount + "/input__paymentAmount"), 2, CONTINUE_ON_FAILURE): Scroll to object 'Object Repository/RAD_Pages/PaymentAmount_Page/input__paymentAmount' successfully

2024-03-07 23:27:13 - [MESSAGE][PASSED] - Scroll to object 'Object Repository/RAD_Pages/PaymentAmount_Page/input__paymentAmount' successfully

2024-03-07 23:27:13 - [TEST_STEP][PASSED] - switch (Paymenttype): null

2024-03-07 23:27:13 - [TEST_STEP][PASSED] - case "New Tax Return Amount Due":: null

2024-03-07 23:27:13 - [TEST_STEP][PASSED] - setEncryptedText(findTestObject(orPath_TaxInfo + "/input_FederalEIN-2"), "RigbBhfdqODKcAsiUrg+1Q=="): Text ****** has been set on object 'Object Repository/RAD_Pages/TaxInfo_Page/input_FederalEIN-2'

2024-03-07 23:27:14 - [MESSAGE][PASSED] - Text ****** has been set on object 'Object Repository/RAD_Pages/TaxInfo_Page/input_FederalEIN-2'

2024-03-07 23:27:14 - [TEST_STEP][PASSED] - setEncryptedText(findTestObject(orPath_TaxInfo + "/input_FederalEIN_ReEnter-2"), "RigbBhfdqOBBGbZqm4oFJQ=="): Text ****** has been set on object 'Object Repository/RAD_Pages/TaxInfo_Page/input_FederalEIN_ReEnter-2'

2024-03-07 23:27:15 - [MESSAGE][PASSED] - Text ****** has been set on object 'Object Repository/RAD_Pages/TaxInfo_Page/input_FederalEIN_ReEnter-2'

2024-03-07 23:27:15 - [TEST_STEP][PASSED] - break: null

2024-03-07 23:27:15 - [TEST_STEP][PASSED] - setText(findTestObject(orPath_Amount + "/input__paymentAmount"), ""): Text '' is set on object 'Object Repository/RAD_Pages/PaymentAmount_Page/input__paymentAmount'

2024-03-07 23:27:15 - [MESSAGE][PASSED] - Text '' is set on object 'Object Repository/RAD_Pages/PaymentAmount_Page/input__paymentAmount'

2024-03-07 23:27:15 - [TEST_STEP][PASSED] - verifyTextPresent("The FEIN and Re-type FEIN do not match", true): Text 'The FEIN and Re-type FEIN do not match' is present on page  using regular expression

2024-03-07 23:27:16 - [MESSAGE][PASSED] - Text 'The FEIN and Re-type FEIN do not match' is present on page  using regular expression

2024-03-07 23:27:16 - [TEST_STEP][PASSED] - if (verifyTextPresent("The FEIN and Re-type FEIN do not match", true)): null

2024-03-07 23:27:16 - [MESSAGE][PASSED] - Text 'The FEIN and Re-type FEIN do not match' is present on page  using regular expression

2024-03-07 23:27:16 - [TEST_STEP][PASSED] - println("Error Message is present on the page"): null

2024-03-07 23:27:16 - [TEST_STEP][PASSED] - out.println("Pass Record Number: " + row): null

2024-03-07 23:27:16 - [TEST_STEP][PASSED] - resText = "Pass": null

2024-03-07 23:27:16 - [TEST_STEP][PASSED] - pages.WriteExcel.demoKey(resText, datText, resColumn, datCloumn, fileLoc, nameSheet, row): pages.WriteExcel.demoKey is PASSED

2024-03-07 23:27:16 - [MESSAGE][PASSED] - pages.WriteExcel.demoKey is PASSED

2024-03-07 23:27:16 - [TEST_STEP][PASSED] - ExecuteTC = findTestData(dataFile).getValue("Execute", row): null

2024-03-07 23:27:16 - [TEST_STEP][PASSED] - Taxtype = findTestData(dataFile).getValue("TaxType", row): null

2024-03-07 23:27:17 - [TEST_STEP][PASSED] - Paymenttype = findTestData(dataFile).getValue("PaymentType", row): null

2024-03-07 23:27:17 - [TEST_STEP][PASSED] - out.println("Value of Execute is : " + ExecuteTC): null

2024-03-07 23:27:17 - [TEST_STEP][PASSED] - if (ExecuteTC.equalsIgnoreCase("Y")): null

2024-03-07 23:27:17 - [TEST_STEP][PASSED] - out.println("Begin Record Number: " + row): null

2024-03-07 23:27:17 - [TEST_STEP][PASSED] - today = new java.util.Date(): null

2024-03-07 23:27:17 - [TEST_STEP][PASSED] - println(today): null

2024-03-07 23:27:17 - [TEST_STEP][PASSED] - datText = today: null

2024-03-07 23:27:17 - [TEST_STEP][PASSED] - Taxtype = findTestData(dataFile).getValue("TaxType", row): null

2024-03-07 23:27:17 - [TEST_STEP][PASSED] - out.println("Taxtype value is : " + Taxtype): null

2024-03-07 23:27:17 - [TEST_STEP][PASSED] - openBrowser(""): Browser is opened with url: ''

2024-03-07 23:27:17 - [MESSAGE][WARNING] - A browser is already opened. Closing browser and opening a new one

2024-03-07 23:27:32 - [MESSAGE][INFO] - Starting 'Chrome' driver

2024-03-07 23:27:32 - [MESSAGE][INFO] - User set preference: ['acceptInsecureCerts', 'true']

2024-03-07 23:27:32 - [MESSAGE][INFO] - Action delay is set to 0 milliseconds

2024-03-07 23:27:34 - [MESSAGE][PASSED] - Browser is opened with url: ''

2024-03-07 23:27:34 - [TEST_STEP][PASSED] - maximizeWindow(): Current window maximized

2024-03-07 23:27:34 - [MESSAGE][PASSED] - Current window maximized

2024-03-07 23:27:34 - [TEST_STEP][PASSED] - navigateToUrl(RADurl): Navigate to 'https://qa2.velocitypayment.com/client/rad/index.html' successfully

2024-03-07 23:27:43 - [MESSAGE][PASSED] - Navigate to 'https://qa2.velocitypayment.com/client/rad/index.html' successfully

2024-03-07 23:27:43 - [TEST_STEP][PASSED] - orPath_Landing = "Object Repository/RAD_Pages/Landing_Page": null

2024-03-07 23:27:43 - [TEST_STEP][PASSED] - orPath_TaxTypeFilingYear = "Object Repository/RAD_Pages/TaxTypeFilingYear_Page": null

2024-03-07 23:27:43 - [TEST_STEP][PASSED] - orPath_TaxPayer = "Object Repository/RAD_Pages/Taxpayer_Page": null

2024-03-07 23:27:43 - [TEST_STEP][PASSED] - orPath_AddressContact = "Object Repository/RAD_Pages/AddressAndContactInfo_Page": null

2024-03-07 23:27:43 - [TEST_STEP][PASSED] - orPath_FilingStatus = "Object Repository/RAD_Pages/FilingStatus_Page": null

2024-03-07 23:27:43 - [TEST_STEP][PASSED] - orPath_Amount = "Object Repository/RAD_Pages/PaymentAmount_Page": null

2024-03-07 23:27:43 - [TEST_STEP][PASSED] - orPath_TaxInfo = "Object Repository/RAD_Pages/TaxInfo_Page": null

2024-03-07 23:27:43 - [TEST_STEP][PASSED] - orPath_Withholding = "Object Repository/RAD_Pages/Withholding_Page": null

2024-03-07 23:27:43 - [TEST_STEP][PASSED] - orPath_Summary = "Object Repository/RAD_Pages/Summary_Page": null

2024-03-07 23:27:43 - [TEST_STEP][PASSED] - orPath_PaymentReady = "Object Repository/RAD_Pages/PaymentReady_Page": null

2024-03-07 23:27:43 - [TEST_STEP][PASSED] - orPath_PaymentEntry = "Object Repository/RAD_Pages/PaymentEntry_Page": null

2024-03-07 23:27:43 - [TEST_STEP][PASSED] - orPath_PaymentConfirmation = "Object Repository/RAD_Pages/PaymentConfirmation_Page": null

2024-03-07 23:27:43 - [TEST_STEP][PASSED] - orPath_ServiceFeesAccept = "Object Repository/RAD_Pages/ServiceFeeAccept_Page": null

2024-03-07 23:27:43 - [TEST_STEP][PASSED] - selectOptionByLabel(findTestObject(orPath_Landing + "/dd_TaxType"), Paymenttype, false): All options with label 'New Tax Return Amount Due' are selected in object 'Object Repository/RAD_Pages/Landing_Page/dd_TaxType' 

2024-03-07 23:27:44 - [MESSAGE][PASSED] - All options with label 'New Tax Return Amount Due' are selected in object 'Object Repository/RAD_Pages/Landing_Page/dd_TaxType' 

2024-03-07 23:27:44 - [TEST_STEP][PASSED] - delay(1): Delayed 1 second(s)

2024-03-07 23:27:45 - [MESSAGE][PASSED] - Delayed 1 second(s)

2024-03-07 23:27:45 - [TEST_STEP][PASSED] - switch (Paymenttype): null

2024-03-07 23:27:45 - [TEST_STEP][PASSED] - case "New Tax Return Amount Due":: null

2024-03-07 23:27:45 - [TEST_STEP][PASSED] - selectOptionByLabel(findTestObject("Object Repository/RAD_Pages/Landing_Page/select_NewTaxReturnAmountDue_TaxType"), Taxtype, false): All options with label 'Motor Fuel Tax' are selected in object 'Object Repository/RAD_Pages/Landing_Page/select_NewTaxReturnAmountDue_TaxType' 

2024-03-07 23:27:45 - [MESSAGE][PASSED] - All options with label 'Motor Fuel Tax' are selected in object 'Object Repository/RAD_Pages/Landing_Page/select_NewTaxReturnAmountDue_TaxType' 

2024-03-07 23:27:45 - [TEST_STEP][PASSED] - break: null

2024-03-07 23:27:45 - [TEST_STEP][PASSED] - delay(1): Delayed 1 second(s)

2024-03-07 23:27:46 - [MESSAGE][PASSED] - Delayed 1 second(s)

2024-03-07 23:27:46 - [TEST_STEP][PASSED] - scrollToElement(findTestObject(orPath_Amount + "/input__paymentAmount"), 2, CONTINUE_ON_FAILURE): Scroll to object 'Object Repository/RAD_Pages/PaymentAmount_Page/input__paymentAmount' successfully

2024-03-07 23:27:47 - [MESSAGE][PASSED] - Scroll to object 'Object Repository/RAD_Pages/PaymentAmount_Page/input__paymentAmount' successfully

2024-03-07 23:27:47 - [TEST_STEP][PASSED] - switch (Paymenttype): null

2024-03-07 23:27:47 - [TEST_STEP][PASSED] - case "New Tax Return Amount Due":: null

2024-03-07 23:27:47 - [TEST_STEP][PASSED] - setEncryptedText(findTestObject(orPath_TaxInfo + "/input_FederalEIN-2"), "RigbBhfdqODKcAsiUrg+1Q=="): Text ****** has been set on object 'Object Repository/RAD_Pages/TaxInfo_Page/input_FederalEIN-2'

2024-03-07 23:27:47 - [MESSAGE][PASSED] - Text ****** has been set on object 'Object Repository/RAD_Pages/TaxInfo_Page/input_FederalEIN-2'

2024-03-07 23:27:47 - [TEST_STEP][PASSED] - setEncryptedText(findTestObject(orPath_TaxInfo + "/input_FederalEIN_ReEnter-2"), "RigbBhfdqOBBGbZqm4oFJQ=="): Text ****** has been set on object 'Object Repository/RAD_Pages/TaxInfo_Page/input_FederalEIN_ReEnter-2'

2024-03-07 23:27:48 - [MESSAGE][PASSED] - Text ****** has been set on object 'Object Repository/RAD_Pages/TaxInfo_Page/input_FederalEIN_ReEnter-2'

2024-03-07 23:27:48 - [TEST_STEP][PASSED] - break: null

2024-03-07 23:27:48 - [TEST_STEP][PASSED] - setText(findTestObject(orPath_Amount + "/input__paymentAmount"), ""): Text '' is set on object 'Object Repository/RAD_Pages/PaymentAmount_Page/input__paymentAmount'

2024-03-07 23:27:49 - [MESSAGE][PASSED] - Text '' is set on object 'Object Repository/RAD_Pages/PaymentAmount_Page/input__paymentAmount'

2024-03-07 23:27:49 - [TEST_STEP][PASSED] - verifyTextPresent("The FEIN and Re-type FEIN do not match", true): Text 'The FEIN and Re-type FEIN do not match' is present on page  using regular expression

2024-03-07 23:27:49 - [MESSAGE][PASSED] - Text 'The FEIN and Re-type FEIN do not match' is present on page  using regular expression

2024-03-07 23:27:49 - [TEST_STEP][PASSED] - if (verifyTextPresent("The FEIN and Re-type FEIN do not match", true)): null

2024-03-07 23:27:50 - [MESSAGE][PASSED] - Text 'The FEIN and Re-type FEIN do not match' is present on page  using regular expression

2024-03-07 23:27:50 - [TEST_STEP][PASSED] - println("Error Message is present on the page"): null

2024-03-07 23:27:50 - [TEST_STEP][PASSED] - out.println("Pass Record Number: " + row): null

2024-03-07 23:27:50 - [TEST_STEP][PASSED] - resText = "Pass": null

2024-03-07 23:27:50 - [TEST_STEP][PASSED] - pages.WriteExcel.demoKey(resText, datText, resColumn, datCloumn, fileLoc, nameSheet, row): pages.WriteExcel.demoKey is PASSED

2024-03-07 23:27:50 - [MESSAGE][PASSED] - pages.WriteExcel.demoKey is PASSED

2024-03-07 23:27:50 - [TEST_STEP][PASSED] - ExecuteTC = findTestData(dataFile).getValue("Execute", row): null

2024-03-07 23:27:50 - [TEST_STEP][PASSED] - Taxtype = findTestData(dataFile).getValue("TaxType", row): null

2024-03-07 23:27:50 - [TEST_STEP][PASSED] - Paymenttype = findTestData(dataFile).getValue("PaymentType", row): null

2024-03-07 23:27:50 - [TEST_STEP][PASSED] - out.println("Value of Execute is : " + ExecuteTC): null

2024-03-07 23:27:50 - [TEST_STEP][PASSED] - if (ExecuteTC.equalsIgnoreCase("Y")): null

2024-03-07 23:27:50 - [TEST_STEP][PASSED] - out.println("Begin Record Number: " + row): null

2024-03-07 23:27:50 - [TEST_STEP][PASSED] - today = new java.util.Date(): null

2024-03-07 23:27:50 - [TEST_STEP][PASSED] - println(today): null

2024-03-07 23:27:50 - [TEST_STEP][PASSED] - datText = today: null

2024-03-07 23:27:50 - [TEST_STEP][PASSED] - Taxtype = findTestData(dataFile).getValue("TaxType", row): null

2024-03-07 23:27:50 - [TEST_STEP][PASSED] - out.println("Taxtype value is : " + Taxtype): null

2024-03-07 23:27:50 - [TEST_STEP][PASSED] - openBrowser(""): Browser is opened with url: ''

2024-03-07 23:27:50 - [MESSAGE][WARNING] - A browser is already opened. Closing browser and opening a new one

2024-03-07 23:28:13 - [MESSAGE][INFO] - Starting 'Chrome' driver

2024-03-07 23:28:13 - [MESSAGE][INFO] - User set preference: ['acceptInsecureCerts', 'true']

2024-03-07 23:28:13 - [MESSAGE][INFO] - Action delay is set to 0 milliseconds

2024-03-07 23:28:14 - [MESSAGE][PASSED] - Browser is opened with url: ''

2024-03-07 23:28:14 - [TEST_STEP][PASSED] - maximizeWindow(): Current window maximized

2024-03-07 23:28:15 - [MESSAGE][PASSED] - Current window maximized

2024-03-07 23:28:15 - [TEST_STEP][PASSED] - navigateToUrl(RADurl): Navigate to 'https://qa2.velocitypayment.com/client/rad/index.html' successfully

2024-03-07 23:28:23 - [MESSAGE][PASSED] - Navigate to 'https://qa2.velocitypayment.com/client/rad/index.html' successfully

2024-03-07 23:28:23 - [TEST_STEP][PASSED] - orPath_Landing = "Object Repository/RAD_Pages/Landing_Page": null

2024-03-07 23:28:23 - [TEST_STEP][PASSED] - orPath_TaxTypeFilingYear = "Object Repository/RAD_Pages/TaxTypeFilingYear_Page": null

2024-03-07 23:28:23 - [TEST_STEP][PASSED] - orPath_TaxPayer = "Object Repository/RAD_Pages/Taxpayer_Page": null

2024-03-07 23:28:23 - [TEST_STEP][PASSED] - orPath_AddressContact = "Object Repository/RAD_Pages/AddressAndContactInfo_Page": null

2024-03-07 23:28:23 - [TEST_STEP][PASSED] - orPath_FilingStatus = "Object Repository/RAD_Pages/FilingStatus_Page": null

2024-03-07 23:28:23 - [TEST_STEP][PASSED] - orPath_Amount = "Object Repository/RAD_Pages/PaymentAmount_Page": null

2024-03-07 23:28:23 - [TEST_STEP][PASSED] - orPath_TaxInfo = "Object Repository/RAD_Pages/TaxInfo_Page": null

2024-03-07 23:28:23 - [TEST_STEP][PASSED] - orPath_Withholding = "Object Repository/RAD_Pages/Withholding_Page": null

2024-03-07 23:28:23 - [TEST_STEP][PASSED] - orPath_Summary = "Object Repository/RAD_Pages/Summary_Page": null

2024-03-07 23:28:23 - [TEST_STEP][PASSED] - orPath_PaymentReady = "Object Repository/RAD_Pages/PaymentReady_Page": null

2024-03-07 23:28:23 - [TEST_STEP][PASSED] - orPath_PaymentEntry = "Object Repository/RAD_Pages/PaymentEntry_Page": null

2024-03-07 23:28:23 - [TEST_STEP][PASSED] - orPath_PaymentConfirmation = "Object Repository/RAD_Pages/PaymentConfirmation_Page": null

2024-03-07 23:28:23 - [TEST_STEP][PASSED] - orPath_ServiceFeesAccept = "Object Repository/RAD_Pages/ServiceFeeAccept_Page": null

2024-03-07 23:28:23 - [TEST_STEP][PASSED] - selectOptionByLabel(findTestObject(orPath_Landing + "/dd_TaxType"), Paymenttype, false): All options with label 'New Tax Return Amount Due' are selected in object 'Object Repository/RAD_Pages/Landing_Page/dd_TaxType' 

2024-03-07 23:28:24 - [MESSAGE][PASSED] - All options with label 'New Tax Return Amount Due' are selected in object 'Object Repository/RAD_Pages/Landing_Page/dd_TaxType' 

2024-03-07 23:28:24 - [TEST_STEP][PASSED] - delay(1): Delayed 1 second(s)

2024-03-07 23:28:25 - [MESSAGE][PASSED] - Delayed 1 second(s)

2024-03-07 23:28:25 - [TEST_STEP][PASSED] - switch (Paymenttype): null

2024-03-07 23:28:25 - [TEST_STEP][PASSED] - case "New Tax Return Amount Due":: null

2024-03-07 23:28:25 - [TEST_STEP][PASSED] - selectOptionByLabel(findTestObject("Object Repository/RAD_Pages/Landing_Page/select_NewTaxReturnAmountDue_TaxType"), Taxtype, false): All options with label 'Sales and Use Tax' are selected in object 'Object Repository/RAD_Pages/Landing_Page/select_NewTaxReturnAmountDue_TaxType' 

2024-03-07 23:28:25 - [MESSAGE][PASSED] - All options with label 'Sales and Use Tax' are selected in object 'Object Repository/RAD_Pages/Landing_Page/select_NewTaxReturnAmountDue_TaxType' 

2024-03-07 23:28:25 - [TEST_STEP][PASSED] - break: null

2024-03-07 23:28:25 - [TEST_STEP][PASSED] - delay(1): Delayed 1 second(s)

2024-03-07 23:28:26 - [MESSAGE][PASSED] - Delayed 1 second(s)

2024-03-07 23:28:26 - [TEST_STEP][PASSED] - scrollToElement(findTestObject(orPath_Amount + "/input__paymentAmount"), 2, CONTINUE_ON_FAILURE): Scroll to object 'Object Repository/RAD_Pages/PaymentAmount_Page/input__paymentAmount' successfully

2024-03-07 23:28:27 - [MESSAGE][PASSED] - Scroll to object 'Object Repository/RAD_Pages/PaymentAmount_Page/input__paymentAmount' successfully

2024-03-07 23:28:27 - [TEST_STEP][PASSED] - switch (Paymenttype): null

2024-03-07 23:28:27 - [TEST_STEP][PASSED] - case "New Tax Return Amount Due":: null

2024-03-07 23:28:27 - [TEST_STEP][PASSED] - setEncryptedText(findTestObject(orPath_TaxInfo + "/input_FederalEIN-2"), "RigbBhfdqODKcAsiUrg+1Q=="): Text ****** has been set on object 'Object Repository/RAD_Pages/TaxInfo_Page/input_FederalEIN-2'

2024-03-07 23:28:27 - [MESSAGE][PASSED] - Text ****** has been set on object 'Object Repository/RAD_Pages/TaxInfo_Page/input_FederalEIN-2'

2024-03-07 23:28:27 - [TEST_STEP][PASSED] - setEncryptedText(findTestObject(orPath_TaxInfo + "/input_FederalEIN_ReEnter-2"), "RigbBhfdqOBBGbZqm4oFJQ=="): Text ****** has been set on object 'Object Repository/RAD_Pages/TaxInfo_Page/input_FederalEIN_ReEnter-2'

2024-03-07 23:28:28 - [MESSAGE][PASSED] - Text ****** has been set on object 'Object Repository/RAD_Pages/TaxInfo_Page/input_FederalEIN_ReEnter-2'

2024-03-07 23:28:28 - [TEST_STEP][PASSED] - break: null

2024-03-07 23:28:28 - [TEST_STEP][PASSED] - setText(findTestObject(orPath_Amount + "/input__paymentAmount"), ""): Text '' is set on object 'Object Repository/RAD_Pages/PaymentAmount_Page/input__paymentAmount'

2024-03-07 23:28:29 - [MESSAGE][PASSED] - Text '' is set on object 'Object Repository/RAD_Pages/PaymentAmount_Page/input__paymentAmount'

2024-03-07 23:28:29 - [TEST_STEP][PASSED] - verifyTextPresent("The FEIN and Re-type FEIN do not match", true): Text 'The FEIN and Re-type FEIN do not match' is present on page  using regular expression

2024-03-07 23:28:29 - [MESSAGE][PASSED] - Text 'The FEIN and Re-type FEIN do not match' is present on page  using regular expression

2024-03-07 23:28:29 - [TEST_STEP][PASSED] - if (verifyTextPresent("The FEIN and Re-type FEIN do not match", true)): null

2024-03-07 23:28:30 - [MESSAGE][PASSED] - Text 'The FEIN and Re-type FEIN do not match' is present on page  using regular expression

2024-03-07 23:28:30 - [TEST_STEP][PASSED] - println("Error Message is present on the page"): null

2024-03-07 23:28:30 - [TEST_STEP][PASSED] - out.println("Pass Record Number: " + row): null

2024-03-07 23:28:30 - [TEST_STEP][PASSED] - resText = "Pass": null

2024-03-07 23:28:30 - [TEST_STEP][PASSED] - pages.WriteExcel.demoKey(resText, datText, resColumn, datCloumn, fileLoc, nameSheet, row): pages.WriteExcel.demoKey is PASSED

2024-03-07 23:28:30 - [MESSAGE][PASSED] - pages.WriteExcel.demoKey is PASSED

2024-03-07 23:28:30 - [TEST_STEP][PASSED] - ExecuteTC = findTestData(dataFile).getValue("Execute", row): null

2024-03-07 23:28:30 - [TEST_STEP][PASSED] - Taxtype = findTestData(dataFile).getValue("TaxType", row): null

2024-03-07 23:28:30 - [TEST_STEP][PASSED] - Paymenttype = findTestData(dataFile).getValue("PaymentType", row): null

2024-03-07 23:28:30 - [TEST_STEP][PASSED] - out.println("Value of Execute is : " + ExecuteTC): null

2024-03-07 23:28:30 - [TEST_STEP][PASSED] - if (ExecuteTC.equalsIgnoreCase("Y")): null

2024-03-07 23:28:30 - [TEST_STEP][PASSED] - out.println("Begin Record Number: " + row): null

2024-03-07 23:28:30 - [TEST_STEP][PASSED] - today = new java.util.Date(): null

2024-03-07 23:28:30 - [TEST_STEP][PASSED] - println(today): null

2024-03-07 23:28:30 - [TEST_STEP][PASSED] - datText = today: null

2024-03-07 23:28:30 - [TEST_STEP][PASSED] - Taxtype = findTestData(dataFile).getValue("TaxType", row): null

2024-03-07 23:28:30 - [TEST_STEP][PASSED] - out.println("Taxtype value is : " + Taxtype): null

2024-03-07 23:28:30 - [TEST_STEP][PASSED] - openBrowser(""): Browser is opened with url: ''

2024-03-07 23:28:30 - [MESSAGE][WARNING] - A browser is already opened. Closing browser and opening a new one

2024-03-07 23:28:42 - [MESSAGE][INFO] - Starting 'Chrome' driver

2024-03-07 23:28:42 - [MESSAGE][INFO] - User set preference: ['acceptInsecureCerts', 'true']

2024-03-07 23:28:42 - [MESSAGE][INFO] - Action delay is set to 0 milliseconds

2024-03-07 23:28:43 - [MESSAGE][PASSED] - Browser is opened with url: ''

2024-03-07 23:28:43 - [TEST_STEP][PASSED] - maximizeWindow(): Current window maximized

2024-03-07 23:28:43 - [MESSAGE][PASSED] - Current window maximized

2024-03-07 23:28:43 - [TEST_STEP][PASSED] - navigateToUrl(RADurl): Navigate to 'https://qa2.velocitypayment.com/client/rad/index.html' successfully

2024-03-07 23:28:51 - [MESSAGE][PASSED] - Navigate to 'https://qa2.velocitypayment.com/client/rad/index.html' successfully

2024-03-07 23:28:51 - [TEST_STEP][PASSED] - orPath_Landing = "Object Repository/RAD_Pages/Landing_Page": null

2024-03-07 23:28:51 - [TEST_STEP][PASSED] - orPath_TaxTypeFilingYear = "Object Repository/RAD_Pages/TaxTypeFilingYear_Page": null

2024-03-07 23:28:51 - [TEST_STEP][PASSED] - orPath_TaxPayer = "Object Repository/RAD_Pages/Taxpayer_Page": null

2024-03-07 23:28:51 - [TEST_STEP][PASSED] - orPath_AddressContact = "Object Repository/RAD_Pages/AddressAndContactInfo_Page": null

2024-03-07 23:28:51 - [TEST_STEP][PASSED] - orPath_FilingStatus = "Object Repository/RAD_Pages/FilingStatus_Page": null

2024-03-07 23:28:51 - [TEST_STEP][PASSED] - orPath_Amount = "Object Repository/RAD_Pages/PaymentAmount_Page": null

2024-03-07 23:28:51 - [TEST_STEP][PASSED] - orPath_TaxInfo = "Object Repository/RAD_Pages/TaxInfo_Page": null

2024-03-07 23:28:51 - [TEST_STEP][PASSED] - orPath_Withholding = "Object Repository/RAD_Pages/Withholding_Page": null

2024-03-07 23:28:51 - [TEST_STEP][PASSED] - orPath_Summary = "Object Repository/RAD_Pages/Summary_Page": null

2024-03-07 23:28:51 - [TEST_STEP][PASSED] - orPath_PaymentReady = "Object Repository/RAD_Pages/PaymentReady_Page": null

2024-03-07 23:28:51 - [TEST_STEP][PASSED] - orPath_PaymentEntry = "Object Repository/RAD_Pages/PaymentEntry_Page": null

2024-03-07 23:28:51 - [TEST_STEP][PASSED] - orPath_PaymentConfirmation = "Object Repository/RAD_Pages/PaymentConfirmation_Page": null

2024-03-07 23:28:51 - [TEST_STEP][PASSED] - orPath_ServiceFeesAccept = "Object Repository/RAD_Pages/ServiceFeeAccept_Page": null

2024-03-07 23:28:51 - [TEST_STEP][PASSED] - selectOptionByLabel(findTestObject(orPath_Landing + "/dd_TaxType"), Paymenttype, false): All options with label 'New Tax Return Amount Due' are selected in object 'Object Repository/RAD_Pages/Landing_Page/dd_TaxType' 

2024-03-07 23:28:52 - [MESSAGE][PASSED] - All options with label 'New Tax Return Amount Due' are selected in object 'Object Repository/RAD_Pages/Landing_Page/dd_TaxType' 

2024-03-07 23:28:52 - [TEST_STEP][PASSED] - delay(1): Delayed 1 second(s)

2024-03-07 23:28:53 - [MESSAGE][PASSED] - Delayed 1 second(s)

2024-03-07 23:28:53 - [TEST_STEP][PASSED] - switch (Paymenttype): null

2024-03-07 23:28:53 - [TEST_STEP][PASSED] - case "New Tax Return Amount Due":: null

2024-03-07 23:28:53 - [TEST_STEP][PASSED] - selectOptionByLabel(findTestObject("Object Repository/RAD_Pages/Landing_Page/select_NewTaxReturnAmountDue_TaxType"), Taxtype, false): All options with label 'Slots License Fee' are selected in object 'Object Repository/RAD_Pages/Landing_Page/select_NewTaxReturnAmountDue_TaxType' 

2024-03-07 23:28:53 - [MESSAGE][PASSED] - All options with label 'Slots License Fee' are selected in object 'Object Repository/RAD_Pages/Landing_Page/select_NewTaxReturnAmountDue_TaxType' 

2024-03-07 23:28:53 - [TEST_STEP][PASSED] - break: null

2024-03-07 23:28:53 - [TEST_STEP][PASSED] - delay(1): Delayed 1 second(s)

2024-03-07 23:28:54 - [MESSAGE][PASSED] - Delayed 1 second(s)

2024-03-07 23:28:54 - [TEST_STEP][PASSED] - scrollToElement(findTestObject(orPath_Amount + "/input__paymentAmount"), 2, CONTINUE_ON_FAILURE): Scroll to object 'Object Repository/RAD_Pages/PaymentAmount_Page/input__paymentAmount' successfully

2024-03-07 23:28:55 - [MESSAGE][PASSED] - Scroll to object 'Object Repository/RAD_Pages/PaymentAmount_Page/input__paymentAmount' successfully

2024-03-07 23:28:55 - [TEST_STEP][PASSED] - switch (Paymenttype): null

2024-03-07 23:28:55 - [TEST_STEP][PASSED] - case "New Tax Return Amount Due":: null

2024-03-07 23:28:55 - [TEST_STEP][PASSED] - setEncryptedText(findTestObject(orPath_TaxInfo + "/input_FederalEIN-2"), "RigbBhfdqODKcAsiUrg+1Q=="): Text ****** has been set on object 'Object Repository/RAD_Pages/TaxInfo_Page/input_FederalEIN-2'

2024-03-07 23:28:55 - [MESSAGE][PASSED] - Text ****** has been set on object 'Object Repository/RAD_Pages/TaxInfo_Page/input_FederalEIN-2'

2024-03-07 23:28:55 - [TEST_STEP][PASSED] - setEncryptedText(findTestObject(orPath_TaxInfo + "/input_FederalEIN_ReEnter-2"), "RigbBhfdqOBBGbZqm4oFJQ=="): Text ****** has been set on object 'Object Repository/RAD_Pages/TaxInfo_Page/input_FederalEIN_ReEnter-2'

2024-03-07 23:28:56 - [MESSAGE][PASSED] - Text ****** has been set on object 'Object Repository/RAD_Pages/TaxInfo_Page/input_FederalEIN_ReEnter-2'

2024-03-07 23:28:56 - [TEST_STEP][PASSED] - break: null

2024-03-07 23:28:56 - [TEST_STEP][PASSED] - setText(findTestObject(orPath_Amount + "/input__paymentAmount"), ""): Text '' is set on object 'Object Repository/RAD_Pages/PaymentAmount_Page/input__paymentAmount'

2024-03-07 23:28:56 - [MESSAGE][PASSED] - Text '' is set on object 'Object Repository/RAD_Pages/PaymentAmount_Page/input__paymentAmount'

2024-03-07 23:28:56 - [TEST_STEP][PASSED] - verifyTextPresent("The FEIN and Re-type FEIN do not match", true): Text 'The FEIN and Re-type FEIN do not match' is present on page  using regular expression

2024-03-07 23:28:57 - [MESSAGE][PASSED] - Text 'The FEIN and Re-type FEIN do not match' is present on page  using regular expression

2024-03-07 23:28:57 - [TEST_STEP][PASSED] - if (verifyTextPresent("The FEIN and Re-type FEIN do not match", true)): null

2024-03-07 23:28:57 - [MESSAGE][PASSED] - Text 'The FEIN and Re-type FEIN do not match' is present on page  using regular expression

2024-03-07 23:28:57 - [TEST_STEP][PASSED] - println("Error Message is present on the page"): null

2024-03-07 23:28:57 - [TEST_STEP][PASSED] - out.println("Pass Record Number: " + row): null

2024-03-07 23:28:57 - [TEST_STEP][PASSED] - resText = "Pass": null

2024-03-07 23:28:57 - [TEST_STEP][PASSED] - pages.WriteExcel.demoKey(resText, datText, resColumn, datCloumn, fileLoc, nameSheet, row): pages.WriteExcel.demoKey is PASSED

2024-03-07 23:28:58 - [MESSAGE][PASSED] - pages.WriteExcel.demoKey is PASSED

2024-03-07 23:28:58 - [TEST_STEP][PASSED] - ExecuteTC = findTestData(dataFile).getValue("Execute", row): null

2024-03-07 23:28:58 - [TEST_STEP][PASSED] - Taxtype = findTestData(dataFile).getValue("TaxType", row): null

2024-03-07 23:28:58 - [TEST_STEP][PASSED] - Paymenttype = findTestData(dataFile).getValue("PaymentType", row): null

2024-03-07 23:28:58 - [TEST_STEP][PASSED] - out.println("Value of Execute is : " + ExecuteTC): null

2024-03-07 23:28:58 - [TEST_STEP][PASSED] - if (ExecuteTC.equalsIgnoreCase("Y")): null

2024-03-07 23:28:58 - [TEST_STEP][PASSED] - out.println("Begin Record Number: " + row): null

2024-03-07 23:28:58 - [TEST_STEP][PASSED] - today = new java.util.Date(): null

2024-03-07 23:28:58 - [TEST_STEP][PASSED] - println(today): null

2024-03-07 23:28:58 - [TEST_STEP][PASSED] - datText = today: null

2024-03-07 23:28:58 - [TEST_STEP][PASSED] - Taxtype = findTestData(dataFile).getValue("TaxType", row): null

2024-03-07 23:28:58 - [TEST_STEP][PASSED] - out.println("Taxtype value is : " + Taxtype): null

2024-03-07 23:28:58 - [TEST_STEP][PASSED] - openBrowser(""): Browser is opened with url: ''

2024-03-07 23:28:58 - [MESSAGE][WARNING] - A browser is already opened. Closing browser and opening a new one

2024-03-07 23:29:18 - [MESSAGE][INFO] - Starting 'Chrome' driver

2024-03-07 23:29:18 - [MESSAGE][INFO] - User set preference: ['acceptInsecureCerts', 'true']

2024-03-07 23:29:18 - [MESSAGE][INFO] - Action delay is set to 0 milliseconds

2024-03-07 23:29:20 - [MESSAGE][PASSED] - Browser is opened with url: ''

2024-03-07 23:29:20 - [TEST_STEP][PASSED] - maximizeWindow(): Current window maximized

2024-03-07 23:29:20 - [MESSAGE][PASSED] - Current window maximized

2024-03-07 23:29:20 - [TEST_STEP][PASSED] - navigateToUrl(RADurl): Navigate to 'https://qa2.velocitypayment.com/client/rad/index.html' successfully

2024-03-07 23:29:29 - [MESSAGE][PASSED] - Navigate to 'https://qa2.velocitypayment.com/client/rad/index.html' successfully

2024-03-07 23:29:29 - [TEST_STEP][PASSED] - orPath_Landing = "Object Repository/RAD_Pages/Landing_Page": null

2024-03-07 23:29:29 - [TEST_STEP][PASSED] - orPath_TaxTypeFilingYear = "Object Repository/RAD_Pages/TaxTypeFilingYear_Page": null

2024-03-07 23:29:29 - [TEST_STEP][PASSED] - orPath_TaxPayer = "Object Repository/RAD_Pages/Taxpayer_Page": null

2024-03-07 23:29:29 - [TEST_STEP][PASSED] - orPath_AddressContact = "Object Repository/RAD_Pages/AddressAndContactInfo_Page": null

2024-03-07 23:29:29 - [TEST_STEP][PASSED] - orPath_FilingStatus = "Object Repository/RAD_Pages/FilingStatus_Page": null

2024-03-07 23:29:29 - [TEST_STEP][PASSED] - orPath_Amount = "Object Repository/RAD_Pages/PaymentAmount_Page": null

2024-03-07 23:29:29 - [TEST_STEP][PASSED] - orPath_TaxInfo = "Object Repository/RAD_Pages/TaxInfo_Page": null

2024-03-07 23:29:29 - [TEST_STEP][PASSED] - orPath_Withholding = "Object Repository/RAD_Pages/Withholding_Page": null

2024-03-07 23:29:29 - [TEST_STEP][PASSED] - orPath_Summary = "Object Repository/RAD_Pages/Summary_Page": null

2024-03-07 23:29:29 - [TEST_STEP][PASSED] - orPath_PaymentReady = "Object Repository/RAD_Pages/PaymentReady_Page": null

2024-03-07 23:29:29 - [TEST_STEP][PASSED] - orPath_PaymentEntry = "Object Repository/RAD_Pages/PaymentEntry_Page": null

2024-03-07 23:29:29 - [TEST_STEP][PASSED] - orPath_PaymentConfirmation = "Object Repository/RAD_Pages/PaymentConfirmation_Page": null

2024-03-07 23:29:29 - [TEST_STEP][PASSED] - orPath_ServiceFeesAccept = "Object Repository/RAD_Pages/ServiceFeeAccept_Page": null

2024-03-07 23:29:29 - [TEST_STEP][PASSED] - selectOptionByLabel(findTestObject(orPath_Landing + "/dd_TaxType"), Paymenttype, false): All options with label 'New Tax Return Amount Due' are selected in object 'Object Repository/RAD_Pages/Landing_Page/dd_TaxType' 

2024-03-07 23:29:29 - [MESSAGE][PASSED] - All options with label 'New Tax Return Amount Due' are selected in object 'Object Repository/RAD_Pages/Landing_Page/dd_TaxType' 

2024-03-07 23:29:29 - [TEST_STEP][PASSED] - delay(1): Delayed 1 second(s)

2024-03-07 23:29:30 - [MESSAGE][PASSED] - Delayed 1 second(s)

2024-03-07 23:29:30 - [TEST_STEP][PASSED] - switch (Paymenttype): null

2024-03-07 23:29:30 - [TEST_STEP][PASSED] - case "New Tax Return Amount Due":: null

2024-03-07 23:29:30 - [TEST_STEP][PASSED] - selectOptionByLabel(findTestObject("Object Repository/RAD_Pages/Landing_Page/select_NewTaxReturnAmountDue_TaxType"), Taxtype, false): All options with label 'Tire Recycling Fee' are selected in object 'Object Repository/RAD_Pages/Landing_Page/select_NewTaxReturnAmountDue_TaxType' 

2024-03-07 23:29:31 - [MESSAGE][PASSED] - All options with label 'Tire Recycling Fee' are selected in object 'Object Repository/RAD_Pages/Landing_Page/select_NewTaxReturnAmountDue_TaxType' 

2024-03-07 23:29:31 - [TEST_STEP][PASSED] - break: null

2024-03-07 23:29:31 - [TEST_STEP][PASSED] - delay(1): Delayed 1 second(s)

2024-03-07 23:29:32 - [MESSAGE][PASSED] - Delayed 1 second(s)

2024-03-07 23:29:32 - [TEST_STEP][PASSED] - scrollToElement(findTestObject(orPath_Amount + "/input__paymentAmount"), 2, CONTINUE_ON_FAILURE): Scroll to object 'Object Repository/RAD_Pages/PaymentAmount_Page/input__paymentAmount' successfully

2024-03-07 23:29:32 - [MESSAGE][PASSED] - Scroll to object 'Object Repository/RAD_Pages/PaymentAmount_Page/input__paymentAmount' successfully

2024-03-07 23:29:32 - [TEST_STEP][PASSED] - switch (Paymenttype): null

2024-03-07 23:29:32 - [TEST_STEP][PASSED] - case "New Tax Return Amount Due":: null

2024-03-07 23:29:32 - [TEST_STEP][PASSED] - setEncryptedText(findTestObject(orPath_TaxInfo + "/input_FederalEIN-2"), "RigbBhfdqODKcAsiUrg+1Q=="): Text ****** has been set on object 'Object Repository/RAD_Pages/TaxInfo_Page/input_FederalEIN-2'

2024-03-07 23:29:33 - [MESSAGE][PASSED] - Text ****** has been set on object 'Object Repository/RAD_Pages/TaxInfo_Page/input_FederalEIN-2'

2024-03-07 23:29:33 - [TEST_STEP][PASSED] - setEncryptedText(findTestObject(orPath_TaxInfo + "/input_FederalEIN_ReEnter-2"), "RigbBhfdqOBBGbZqm4oFJQ=="): Text ****** has been set on object 'Object Repository/RAD_Pages/TaxInfo_Page/input_FederalEIN_ReEnter-2'

2024-03-07 23:29:34 - [MESSAGE][PASSED] - Text ****** has been set on object 'Object Repository/RAD_Pages/TaxInfo_Page/input_FederalEIN_ReEnter-2'

2024-03-07 23:29:34 - [TEST_STEP][PASSED] - break: null

2024-03-07 23:29:34 - [TEST_STEP][PASSED] - setText(findTestObject(orPath_Amount + "/input__paymentAmount"), ""): Text '' is set on object 'Object Repository/RAD_Pages/PaymentAmount_Page/input__paymentAmount'

2024-03-07 23:29:34 - [MESSAGE][PASSED] - Text '' is set on object 'Object Repository/RAD_Pages/PaymentAmount_Page/input__paymentAmount'

2024-03-07 23:29:34 - [TEST_STEP][PASSED] - verifyTextPresent("The FEIN and Re-type FEIN do not match", true): Text 'The FEIN and Re-type FEIN do not match' is present on page  using regular expression

2024-03-07 23:29:35 - [MESSAGE][PASSED] - Text 'The FEIN and Re-type FEIN do not match' is present on page  using regular expression

2024-03-07 23:29:35 - [TEST_STEP][PASSED] - if (verifyTextPresent("The FEIN and Re-type FEIN do not match", true)): null

2024-03-07 23:29:35 - [MESSAGE][PASSED] - Text 'The FEIN and Re-type FEIN do not match' is present on page  using regular expression

2024-03-07 23:29:35 - [TEST_STEP][PASSED] - println("Error Message is present on the page"): null

2024-03-07 23:29:35 - [TEST_STEP][PASSED] - out.println("Pass Record Number: " + row): null

2024-03-07 23:29:35 - [TEST_STEP][PASSED] - resText = "Pass": null

2024-03-07 23:29:35 - [TEST_STEP][PASSED] - pages.WriteExcel.demoKey(resText, datText, resColumn, datCloumn, fileLoc, nameSheet, row): pages.WriteExcel.demoKey is PASSED

2024-03-07 23:29:35 - [MESSAGE][PASSED] - pages.WriteExcel.demoKey is PASSED

2024-03-07 23:29:35 - [TEST_STEP][PASSED] - ExecuteTC = findTestData(dataFile).getValue("Execute", row): null

2024-03-07 23:29:35 - [TEST_STEP][PASSED] - Taxtype = findTestData(dataFile).getValue("TaxType", row): null

2024-03-07 23:29:35 - [TEST_STEP][PASSED] - Paymenttype = findTestData(dataFile).getValue("PaymentType", row): null

2024-03-07 23:29:36 - [TEST_STEP][PASSED] - out.println("Value of Execute is : " + ExecuteTC): null

2024-03-07 23:29:36 - [TEST_STEP][PASSED] - if (ExecuteTC.equalsIgnoreCase("Y")): null

2024-03-07 23:29:36 - [TEST_STEP][PASSED] - out.println("Begin Record Number: " + row): null

2024-03-07 23:29:36 - [TEST_STEP][PASSED] - today = new java.util.Date(): null

2024-03-07 23:29:36 - [TEST_STEP][PASSED] - println(today): null

2024-03-07 23:29:36 - [TEST_STEP][PASSED] - datText = today: null

2024-03-07 23:29:36 - [TEST_STEP][PASSED] - Taxtype = findTestData(dataFile).getValue("TaxType", row): null

2024-03-07 23:29:36 - [TEST_STEP][PASSED] - out.println("Taxtype value is : " + Taxtype): null

2024-03-07 23:29:36 - [TEST_STEP][PASSED] - openBrowser(""): Browser is opened with url: ''

2024-03-07 23:29:36 - [MESSAGE][WARNING] - A browser is already opened. Closing browser and opening a new one

2024-03-07 23:29:51 - [MESSAGE][INFO] - Starting 'Chrome' driver

2024-03-07 23:29:51 - [MESSAGE][INFO] - User set preference: ['acceptInsecureCerts', 'true']

2024-03-07 23:29:51 - [MESSAGE][INFO] - Action delay is set to 0 milliseconds

2024-03-07 23:29:53 - [MESSAGE][PASSED] - Browser is opened with url: ''

2024-03-07 23:29:53 - [TEST_STEP][PASSED] - maximizeWindow(): Current window maximized

2024-03-07 23:29:53 - [MESSAGE][PASSED] - Current window maximized

2024-03-07 23:29:53 - [TEST_STEP][PASSED] - navigateToUrl(RADurl): Navigate to 'https://qa2.velocitypayment.com/client/rad/index.html' successfully

2024-03-07 23:30:04 - [MESSAGE][PASSED] - Navigate to 'https://qa2.velocitypayment.com/client/rad/index.html' successfully

2024-03-07 23:30:04 - [TEST_STEP][PASSED] - orPath_Landing = "Object Repository/RAD_Pages/Landing_Page": null

2024-03-07 23:30:04 - [TEST_STEP][PASSED] - orPath_TaxTypeFilingYear = "Object Repository/RAD_Pages/TaxTypeFilingYear_Page": null

2024-03-07 23:30:04 - [TEST_STEP][PASSED] - orPath_TaxPayer = "Object Repository/RAD_Pages/Taxpayer_Page": null

2024-03-07 23:30:04 - [TEST_STEP][PASSED] - orPath_AddressContact = "Object Repository/RAD_Pages/AddressAndContactInfo_Page": null

2024-03-07 23:30:04 - [TEST_STEP][PASSED] - orPath_FilingStatus = "Object Repository/RAD_Pages/FilingStatus_Page": null

2024-03-07 23:30:04 - [TEST_STEP][PASSED] - orPath_Amount = "Object Repository/RAD_Pages/PaymentAmount_Page": null

2024-03-07 23:30:04 - [TEST_STEP][PASSED] - orPath_TaxInfo = "Object Repository/RAD_Pages/TaxInfo_Page": null

2024-03-07 23:30:04 - [TEST_STEP][PASSED] - orPath_Withholding = "Object Repository/RAD_Pages/Withholding_Page": null

2024-03-07 23:30:04 - [TEST_STEP][PASSED] - orPath_Summary = "Object Repository/RAD_Pages/Summary_Page": null

2024-03-07 23:30:04 - [TEST_STEP][PASSED] - orPath_PaymentReady = "Object Repository/RAD_Pages/PaymentReady_Page": null

2024-03-07 23:30:04 - [TEST_STEP][PASSED] - orPath_PaymentEntry = "Object Repository/RAD_Pages/PaymentEntry_Page": null

2024-03-07 23:30:04 - [TEST_STEP][PASSED] - orPath_PaymentConfirmation = "Object Repository/RAD_Pages/PaymentConfirmation_Page": null

2024-03-07 23:30:04 - [TEST_STEP][PASSED] - orPath_ServiceFeesAccept = "Object Repository/RAD_Pages/ServiceFeeAccept_Page": null

2024-03-07 23:30:04 - [TEST_STEP][PASSED] - selectOptionByLabel(findTestObject(orPath_Landing + "/dd_TaxType"), Paymenttype, false): All options with label 'New Tax Return Amount Due' are selected in object 'Object Repository/RAD_Pages/Landing_Page/dd_TaxType' 

2024-03-07 23:30:04 - [MESSAGE][PASSED] - All options with label 'New Tax Return Amount Due' are selected in object 'Object Repository/RAD_Pages/Landing_Page/dd_TaxType' 

2024-03-07 23:30:04 - [TEST_STEP][PASSED] - delay(1): Delayed 1 second(s)

2024-03-07 23:30:05 - [MESSAGE][PASSED] - Delayed 1 second(s)

2024-03-07 23:30:05 - [TEST_STEP][PASSED] - switch (Paymenttype): null

2024-03-07 23:30:05 - [TEST_STEP][PASSED] - case "New Tax Return Amount Due":: null

2024-03-07 23:30:05 - [TEST_STEP][PASSED] - selectOptionByLabel(findTestObject("Object Repository/RAD_Pages/Landing_Page/select_NewTaxReturnAmountDue_TaxType"), Taxtype, false): All options with label 'Transportation Network Services' are selected in object 'Object Repository/RAD_Pages/Landing_Page/select_NewTaxReturnAmountDue_TaxType' 

2024-03-07 23:30:06 - [MESSAGE][PASSED] - All options with label 'Transportation Network Services' are selected in object 'Object Repository/RAD_Pages/Landing_Page/select_NewTaxReturnAmountDue_TaxType' 

2024-03-07 23:30:06 - [TEST_STEP][PASSED] - break: null

2024-03-07 23:30:06 - [TEST_STEP][PASSED] - delay(1): Delayed 1 second(s)

2024-03-07 23:30:07 - [MESSAGE][PASSED] - Delayed 1 second(s)

2024-03-07 23:30:07 - [TEST_STEP][PASSED] - scrollToElement(findTestObject(orPath_Amount + "/input__paymentAmount"), 2, CONTINUE_ON_FAILURE): Scroll to object 'Object Repository/RAD_Pages/PaymentAmount_Page/input__paymentAmount' successfully

2024-03-07 23:30:07 - [MESSAGE][PASSED] - Scroll to object 'Object Repository/RAD_Pages/PaymentAmount_Page/input__paymentAmount' successfully

2024-03-07 23:30:07 - [TEST_STEP][PASSED] - switch (Paymenttype): null

2024-03-07 23:30:07 - [TEST_STEP][PASSED] - case "New Tax Return Amount Due":: null

2024-03-07 23:30:07 - [TEST_STEP][PASSED] - setEncryptedText(findTestObject(orPath_TaxInfo + "/input_FederalEIN-2"), "RigbBhfdqODKcAsiUrg+1Q=="): Text ****** has been set on object 'Object Repository/RAD_Pages/TaxInfo_Page/input_FederalEIN-2'

2024-03-07 23:30:08 - [MESSAGE][PASSED] - Text ****** has been set on object 'Object Repository/RAD_Pages/TaxInfo_Page/input_FederalEIN-2'

2024-03-07 23:30:08 - [TEST_STEP][PASSED] - setEncryptedText(findTestObject(orPath_TaxInfo + "/input_FederalEIN_ReEnter-2"), "RigbBhfdqOBBGbZqm4oFJQ=="): Text ****** has been set on object 'Object Repository/RAD_Pages/TaxInfo_Page/input_FederalEIN_ReEnter-2'

2024-03-07 23:30:09 - [MESSAGE][PASSED] - Text ****** has been set on object 'Object Repository/RAD_Pages/TaxInfo_Page/input_FederalEIN_ReEnter-2'

2024-03-07 23:30:09 - [TEST_STEP][PASSED] - break: null

2024-03-07 23:30:09 - [TEST_STEP][PASSED] - setText(findTestObject(orPath_Amount + "/input__paymentAmount"), ""): Text '' is set on object 'Object Repository/RAD_Pages/PaymentAmount_Page/input__paymentAmount'

2024-03-07 23:30:09 - [MESSAGE][PASSED] - Text '' is set on object 'Object Repository/RAD_Pages/PaymentAmount_Page/input__paymentAmount'

2024-03-07 23:30:09 - [TEST_STEP][PASSED] - verifyTextPresent("The FEIN and Re-type FEIN do not match", true): Text 'The FEIN and Re-type FEIN do not match' is present on page  using regular expression

2024-03-07 23:30:10 - [MESSAGE][PASSED] - Text 'The FEIN and Re-type FEIN do not match' is present on page  using regular expression

2024-03-07 23:30:10 - [TEST_STEP][PASSED] - if (verifyTextPresent("The FEIN and Re-type FEIN do not match", true)): null

2024-03-07 23:30:10 - [MESSAGE][PASSED] - Text 'The FEIN and Re-type FEIN do not match' is present on page  using regular expression

2024-03-07 23:30:10 - [TEST_STEP][PASSED] - println("Error Message is present on the page"): null

2024-03-07 23:30:10 - [TEST_STEP][PASSED] - out.println("Pass Record Number: " + row): null

2024-03-07 23:30:10 - [TEST_STEP][PASSED] - resText = "Pass": null

2024-03-07 23:30:10 - [TEST_STEP][PASSED] - pages.WriteExcel.demoKey(resText, datText, resColumn, datCloumn, fileLoc, nameSheet, row): pages.WriteExcel.demoKey is PASSED

2024-03-07 23:30:10 - [MESSAGE][PASSED] - pages.WriteExcel.demoKey is PASSED

2024-03-07 23:30:10 - [TEST_STEP][PASSED] - ExecuteTC = findTestData(dataFile).getValue("Execute", row): null

2024-03-07 23:30:10 - [TEST_STEP][PASSED] - Taxtype = findTestData(dataFile).getValue("TaxType", row): null

2024-03-07 23:30:10 - [TEST_STEP][PASSED] - Paymenttype = findTestData(dataFile).getValue("PaymentType", row): null

2024-03-07 23:30:10 - [TEST_STEP][PASSED] - out.println("Value of Execute is : " + ExecuteTC): null

2024-03-07 23:30:10 - [TEST_STEP][PASSED] - if (ExecuteTC.equalsIgnoreCase("Y")): null

2024-03-07 23:30:10 - [TEST_STEP][PASSED] - out.println("Begin Record Number: " + row): null

2024-03-07 23:30:10 - [TEST_STEP][PASSED] - today = new java.util.Date(): null

2024-03-07 23:30:10 - [TEST_STEP][PASSED] - println(today): null

2024-03-07 23:30:10 - [TEST_STEP][PASSED] - datText = today: null

2024-03-07 23:30:10 - [TEST_STEP][PASSED] - Taxtype = findTestData(dataFile).getValue("TaxType", row): null

2024-03-07 23:30:10 - [TEST_STEP][PASSED] - out.println("Taxtype value is : " + Taxtype): null

2024-03-07 23:30:10 - [TEST_STEP][PASSED] - openBrowser(""): Browser is opened with url: ''

2024-03-07 23:30:10 - [MESSAGE][WARNING] - A browser is already opened. Closing browser and opening a new one

2024-03-07 23:30:17 - [MESSAGE][INFO] - Starting 'Chrome' driver

2024-03-07 23:30:17 - [MESSAGE][INFO] - User set preference: ['acceptInsecureCerts', 'true']

2024-03-07 23:30:17 - [MESSAGE][INFO] - Action delay is set to 0 milliseconds

2024-03-07 23:30:18 - [MESSAGE][PASSED] - Browser is opened with url: ''

2024-03-07 23:30:18 - [TEST_STEP][PASSED] - maximizeWindow(): Current window maximized

2024-03-07 23:30:18 - [MESSAGE][PASSED] - Current window maximized

2024-03-07 23:30:18 - [TEST_STEP][PASSED] - navigateToUrl(RADurl): Navigate to 'https://qa2.velocitypayment.com/client/rad/index.html' successfully

2024-03-07 23:30:19 - [MESSAGE][PASSED] - Navigate to 'https://qa2.velocitypayment.com/client/rad/index.html' successfully

2024-03-07 23:30:19 - [TEST_STEP][PASSED] - orPath_Landing = "Object Repository/RAD_Pages/Landing_Page": null

2024-03-07 23:30:19 - [TEST_STEP][PASSED] - orPath_TaxTypeFilingYear = "Object Repository/RAD_Pages/TaxTypeFilingYear_Page": null

2024-03-07 23:30:19 - [TEST_STEP][PASSED] - orPath_TaxPayer = "Object Repository/RAD_Pages/Taxpayer_Page": null

2024-03-07 23:30:19 - [TEST_STEP][PASSED] - orPath_AddressContact = "Object Repository/RAD_Pages/AddressAndContactInfo_Page": null

2024-03-07 23:30:19 - [TEST_STEP][PASSED] - orPath_FilingStatus = "Object Repository/RAD_Pages/FilingStatus_Page": null

2024-03-07 23:30:19 - [TEST_STEP][PASSED] - orPath_Amount = "Object Repository/RAD_Pages/PaymentAmount_Page": null

2024-03-07 23:30:19 - [TEST_STEP][PASSED] - orPath_TaxInfo = "Object Repository/RAD_Pages/TaxInfo_Page": null

2024-03-07 23:30:19 - [TEST_STEP][PASSED] - orPath_Withholding = "Object Repository/RAD_Pages/Withholding_Page": null

2024-03-07 23:30:19 - [TEST_STEP][PASSED] - orPath_Summary = "Object Repository/RAD_Pages/Summary_Page": null

2024-03-07 23:30:19 - [TEST_STEP][PASSED] - orPath_PaymentReady = "Object Repository/RAD_Pages/PaymentReady_Page": null

2024-03-07 23:30:19 - [TEST_STEP][PASSED] - orPath_PaymentEntry = "Object Repository/RAD_Pages/PaymentEntry_Page": null

2024-03-07 23:30:19 - [TEST_STEP][PASSED] - orPath_PaymentConfirmation = "Object Repository/RAD_Pages/PaymentConfirmation_Page": null

2024-03-07 23:30:19 - [TEST_STEP][PASSED] - orPath_ServiceFeesAccept = "Object Repository/RAD_Pages/ServiceFeeAccept_Page": null

2024-03-07 23:30:19 - [TEST_STEP][PASSED] - selectOptionByLabel(findTestObject(orPath_Landing + "/dd_TaxType"), Paymenttype, false): All options with label 'New Tax Return Amount Due' are selected in object 'Object Repository/RAD_Pages/Landing_Page/dd_TaxType' 

2024-03-07 23:30:26 - [MESSAGE][PASSED] - All options with label 'New Tax Return Amount Due' are selected in object 'Object Repository/RAD_Pages/Landing_Page/dd_TaxType' 

2024-03-07 23:30:26 - [TEST_STEP][PASSED] - delay(1): Delayed 1 second(s)

2024-03-07 23:30:27 - [MESSAGE][PASSED] - Delayed 1 second(s)

2024-03-07 23:30:27 - [TEST_STEP][PASSED] - switch (Paymenttype): null

2024-03-07 23:30:27 - [TEST_STEP][PASSED] - case "New Tax Return Amount Due":: null

2024-03-07 23:30:27 - [TEST_STEP][PASSED] - selectOptionByLabel(findTestObject("Object Repository/RAD_Pages/Landing_Page/select_NewTaxReturnAmountDue_TaxType"), Taxtype, false): All options with label 'Unclaimed Property' are selected in object 'Object Repository/RAD_Pages/Landing_Page/select_NewTaxReturnAmountDue_TaxType' 

2024-03-07 23:30:28 - [MESSAGE][PASSED] - All options with label 'Unclaimed Property' are selected in object 'Object Repository/RAD_Pages/Landing_Page/select_NewTaxReturnAmountDue_TaxType' 

2024-03-07 23:30:28 - [TEST_STEP][PASSED] - break: null

2024-03-07 23:30:28 - [TEST_STEP][PASSED] - delay(1): Delayed 1 second(s)

2024-03-07 23:30:29 - [MESSAGE][PASSED] - Delayed 1 second(s)

2024-03-07 23:30:29 - [TEST_STEP][PASSED] - scrollToElement(findTestObject(orPath_Amount + "/input__paymentAmount"), 2, CONTINUE_ON_FAILURE): Scroll to object 'Object Repository/RAD_Pages/PaymentAmount_Page/input__paymentAmount' successfully

2024-03-07 23:30:29 - [MESSAGE][PASSED] - Scroll to object 'Object Repository/RAD_Pages/PaymentAmount_Page/input__paymentAmount' successfully

2024-03-07 23:30:29 - [TEST_STEP][PASSED] - switch (Paymenttype): null

2024-03-07 23:30:29 - [TEST_STEP][PASSED] - case "New Tax Return Amount Due":: null

2024-03-07 23:30:29 - [TEST_STEP][PASSED] - setEncryptedText(findTestObject(orPath_TaxInfo + "/input_FederalEIN-2"), "RigbBhfdqODKcAsiUrg+1Q=="): Text ****** has been set on object 'Object Repository/RAD_Pages/TaxInfo_Page/input_FederalEIN-2'

2024-03-07 23:30:30 - [MESSAGE][PASSED] - Text ****** has been set on object 'Object Repository/RAD_Pages/TaxInfo_Page/input_FederalEIN-2'

2024-03-07 23:30:30 - [TEST_STEP][PASSED] - setEncryptedText(findTestObject(orPath_TaxInfo + "/input_FederalEIN_ReEnter-2"), "RigbBhfdqOBBGbZqm4oFJQ=="): Text ****** has been set on object 'Object Repository/RAD_Pages/TaxInfo_Page/input_FederalEIN_ReEnter-2'

2024-03-07 23:30:31 - [MESSAGE][PASSED] - Text ****** has been set on object 'Object Repository/RAD_Pages/TaxInfo_Page/input_FederalEIN_ReEnter-2'

2024-03-07 23:30:31 - [TEST_STEP][PASSED] - break: null

2024-03-07 23:30:31 - [TEST_STEP][PASSED] - setText(findTestObject(orPath_Amount + "/input__paymentAmount"), ""): Text '' is set on object 'Object Repository/RAD_Pages/PaymentAmount_Page/input__paymentAmount'

2024-03-07 23:30:31 - [MESSAGE][PASSED] - Text '' is set on object 'Object Repository/RAD_Pages/PaymentAmount_Page/input__paymentAmount'

2024-03-07 23:30:31 - [TEST_STEP][PASSED] - verifyTextPresent("The FEIN and Re-type FEIN do not match", true): Text 'The FEIN and Re-type FEIN do not match' is present on page  using regular expression

2024-03-07 23:30:32 - [MESSAGE][PASSED] - Text 'The FEIN and Re-type FEIN do not match' is present on page  using regular expression

2024-03-07 23:30:32 - [TEST_STEP][PASSED] - if (verifyTextPresent("The FEIN and Re-type FEIN do not match", true)): null

2024-03-07 23:30:32 - [MESSAGE][PASSED] - Text 'The FEIN and Re-type FEIN do not match' is present on page  using regular expression

2024-03-07 23:30:32 - [TEST_STEP][PASSED] - println("Error Message is present on the page"): null

2024-03-07 23:30:32 - [TEST_STEP][PASSED] - out.println("Pass Record Number: " + row): null

2024-03-07 23:30:32 - [TEST_STEP][PASSED] - resText = "Pass": null

2024-03-07 23:30:32 - [TEST_STEP][PASSED] - pages.WriteExcel.demoKey(resText, datText, resColumn, datCloumn, fileLoc, nameSheet, row): pages.WriteExcel.demoKey is PASSED

2024-03-07 23:30:32 - [MESSAGE][PASSED] - pages.WriteExcel.demoKey is PASSED

2024-03-07 23:30:32 - [TEST_STEP][PASSED] - ExecuteTC = findTestData(dataFile).getValue("Execute", row): null

2024-03-07 23:30:32 - [TEST_STEP][PASSED] - Taxtype = findTestData(dataFile).getValue("TaxType", row): null

2024-03-07 23:30:33 - [TEST_STEP][PASSED] - Paymenttype = findTestData(dataFile).getValue("PaymentType", row): null

2024-03-07 23:30:33 - [TEST_STEP][PASSED] - out.println("Value of Execute is : " + ExecuteTC): null

2024-03-07 23:30:33 - [TEST_STEP][PASSED] - if (ExecuteTC.equalsIgnoreCase("Y")): null

2024-03-07 23:30:33 - [TEST_STEP][PASSED] - out.println("Begin Record Number: " + row): null

2024-03-07 23:30:33 - [TEST_STEP][PASSED] - today = new java.util.Date(): null

2024-03-07 23:30:33 - [TEST_STEP][PASSED] - println(today): null

2024-03-07 23:30:33 - [TEST_STEP][PASSED] - datText = today: null

2024-03-07 23:30:33 - [TEST_STEP][PASSED] - Taxtype = findTestData(dataFile).getValue("TaxType", row): null

2024-03-07 23:30:33 - [TEST_STEP][PASSED] - out.println("Taxtype value is : " + Taxtype): null

2024-03-07 23:30:33 - [TEST_STEP][PASSED] - openBrowser(""): Browser is opened with url: ''

2024-03-07 23:30:33 - [MESSAGE][WARNING] - A browser is already opened. Closing browser and opening a new one

2024-03-07 23:30:54 - [MESSAGE][INFO] - Starting 'Chrome' driver

2024-03-07 23:30:54 - [MESSAGE][INFO] - User set preference: ['acceptInsecureCerts', 'true']

2024-03-07 23:30:54 - [MESSAGE][INFO] - Action delay is set to 0 milliseconds

2024-03-07 23:30:56 - [MESSAGE][PASSED] - Browser is opened with url: ''

2024-03-07 23:30:56 - [TEST_STEP][PASSED] - maximizeWindow(): Current window maximized

2024-03-07 23:30:56 - [MESSAGE][PASSED] - Current window maximized

2024-03-07 23:30:56 - [TEST_STEP][PASSED] - navigateToUrl(RADurl): Navigate to 'https://qa2.velocitypayment.com/client/rad/index.html' successfully

2024-03-07 23:31:03 - [MESSAGE][PASSED] - Navigate to 'https://qa2.velocitypayment.com/client/rad/index.html' successfully

2024-03-07 23:31:03 - [TEST_STEP][PASSED] - orPath_Landing = "Object Repository/RAD_Pages/Landing_Page": null

2024-03-07 23:31:03 - [TEST_STEP][PASSED] - orPath_TaxTypeFilingYear = "Object Repository/RAD_Pages/TaxTypeFilingYear_Page": null

2024-03-07 23:31:03 - [TEST_STEP][PASSED] - orPath_TaxPayer = "Object Repository/RAD_Pages/Taxpayer_Page": null

2024-03-07 23:31:03 - [TEST_STEP][PASSED] - orPath_AddressContact = "Object Repository/RAD_Pages/AddressAndContactInfo_Page": null

2024-03-07 23:31:03 - [TEST_STEP][PASSED] - orPath_FilingStatus = "Object Repository/RAD_Pages/FilingStatus_Page": null

2024-03-07 23:31:03 - [TEST_STEP][PASSED] - orPath_Amount = "Object Repository/RAD_Pages/PaymentAmount_Page": null

2024-03-07 23:31:03 - [TEST_STEP][PASSED] - orPath_TaxInfo = "Object Repository/RAD_Pages/TaxInfo_Page": null

2024-03-07 23:31:03 - [TEST_STEP][PASSED] - orPath_Withholding = "Object Repository/RAD_Pages/Withholding_Page": null

2024-03-07 23:31:03 - [TEST_STEP][PASSED] - orPath_Summary = "Object Repository/RAD_Pages/Summary_Page": null

2024-03-07 23:31:03 - [TEST_STEP][PASSED] - orPath_PaymentReady = "Object Repository/RAD_Pages/PaymentReady_Page": null

2024-03-07 23:31:03 - [TEST_STEP][PASSED] - orPath_PaymentEntry = "Object Repository/RAD_Pages/PaymentEntry_Page": null

2024-03-07 23:31:03 - [TEST_STEP][PASSED] - orPath_PaymentConfirmation = "Object Repository/RAD_Pages/PaymentConfirmation_Page": null

2024-03-07 23:31:03 - [TEST_STEP][PASSED] - orPath_ServiceFeesAccept = "Object Repository/RAD_Pages/ServiceFeeAccept_Page": null

2024-03-07 23:31:03 - [TEST_STEP][PASSED] - selectOptionByLabel(findTestObject(orPath_Landing + "/dd_TaxType"), Paymenttype, false): All options with label 'New Tax Return Amount Due' are selected in object 'Object Repository/RAD_Pages/Landing_Page/dd_TaxType' 

2024-03-07 23:31:03 - [MESSAGE][PASSED] - All options with label 'New Tax Return Amount Due' are selected in object 'Object Repository/RAD_Pages/Landing_Page/dd_TaxType' 

2024-03-07 23:31:03 - [TEST_STEP][PASSED] - delay(1): Delayed 1 second(s)

2024-03-07 23:31:04 - [MESSAGE][PASSED] - Delayed 1 second(s)

2024-03-07 23:31:04 - [TEST_STEP][PASSED] - switch (Paymenttype): null

2024-03-07 23:31:04 - [TEST_STEP][PASSED] - case "New Tax Return Amount Due":: null

2024-03-07 23:31:04 - [TEST_STEP][PASSED] - selectOptionByLabel(findTestObject("Object Repository/RAD_Pages/Landing_Page/select_NewTaxReturnAmountDue_TaxType"), Taxtype, false): All options with label 'Withholding Tax' are selected in object 'Object Repository/RAD_Pages/Landing_Page/select_NewTaxReturnAmountDue_TaxType' 

2024-03-07 23:31:05 - [MESSAGE][PASSED] - All options with label 'Withholding Tax' are selected in object 'Object Repository/RAD_Pages/Landing_Page/select_NewTaxReturnAmountDue_TaxType' 

2024-03-07 23:31:05 - [TEST_STEP][PASSED] - break: null

2024-03-07 23:31:05 - [TEST_STEP][PASSED] - delay(1): Delayed 1 second(s)

2024-03-07 23:31:06 - [MESSAGE][PASSED] - Delayed 1 second(s)

2024-03-07 23:31:06 - [TEST_STEP][PASSED] - scrollToElement(findTestObject(orPath_Amount + "/input__paymentAmount"), 2, CONTINUE_ON_FAILURE): Scroll to object 'Object Repository/RAD_Pages/PaymentAmount_Page/input__paymentAmount' successfully

2024-03-07 23:31:06 - [MESSAGE][PASSED] - Scroll to object 'Object Repository/RAD_Pages/PaymentAmount_Page/input__paymentAmount' successfully

2024-03-07 23:31:06 - [TEST_STEP][PASSED] - switch (Paymenttype): null

2024-03-07 23:31:06 - [TEST_STEP][PASSED] - case "New Tax Return Amount Due":: null

2024-03-07 23:31:06 - [TEST_STEP][PASSED] - setEncryptedText(findTestObject(orPath_TaxInfo + "/input_FederalEIN-2"), "RigbBhfdqODKcAsiUrg+1Q=="): Text ****** has been set on object 'Object Repository/RAD_Pages/TaxInfo_Page/input_FederalEIN-2'

2024-03-07 23:31:07 - [MESSAGE][PASSED] - Text ****** has been set on object 'Object Repository/RAD_Pages/TaxInfo_Page/input_FederalEIN-2'

2024-03-07 23:31:07 - [TEST_STEP][PASSED] - setEncryptedText(findTestObject(orPath_TaxInfo + "/input_FederalEIN_ReEnter-2"), "RigbBhfdqOBBGbZqm4oFJQ=="): Text ****** has been set on object 'Object Repository/RAD_Pages/TaxInfo_Page/input_FederalEIN_ReEnter-2'

2024-03-07 23:31:07 - [MESSAGE][PASSED] - Text ****** has been set on object 'Object Repository/RAD_Pages/TaxInfo_Page/input_FederalEIN_ReEnter-2'

2024-03-07 23:31:07 - [TEST_STEP][PASSED] - break: null

2024-03-07 23:31:07 - [TEST_STEP][PASSED] - setText(findTestObject(orPath_Amount + "/input__paymentAmount"), ""): Text '' is set on object 'Object Repository/RAD_Pages/PaymentAmount_Page/input__paymentAmount'

2024-03-07 23:31:08 - [MESSAGE][PASSED] - Text '' is set on object 'Object Repository/RAD_Pages/PaymentAmount_Page/input__paymentAmount'

2024-03-07 23:31:08 - [TEST_STEP][PASSED] - verifyTextPresent("The FEIN and Re-type FEIN do not match", true): Text 'The FEIN and Re-type FEIN do not match' is present on page  using regular expression

2024-03-07 23:31:09 - [MESSAGE][PASSED] - Text 'The FEIN and Re-type FEIN do not match' is present on page  using regular expression

2024-03-07 23:31:09 - [TEST_STEP][PASSED] - if (verifyTextPresent("The FEIN and Re-type FEIN do not match", true)): null

2024-03-07 23:31:09 - [MESSAGE][PASSED] - Text 'The FEIN and Re-type FEIN do not match' is present on page  using regular expression

2024-03-07 23:31:09 - [TEST_STEP][PASSED] - println("Error Message is present on the page"): null

2024-03-07 23:31:09 - [TEST_STEP][PASSED] - out.println("Pass Record Number: " + row): null

2024-03-07 23:31:09 - [TEST_STEP][PASSED] - resText = "Pass": null

2024-03-07 23:31:09 - [TEST_STEP][PASSED] - pages.WriteExcel.demoKey(resText, datText, resColumn, datCloumn, fileLoc, nameSheet, row): pages.WriteExcel.demoKey is PASSED

2024-03-07 23:31:09 - [MESSAGE][PASSED] - pages.WriteExcel.demoKey is PASSED]]></system-out>
         <system-err><![CDATA[]]></system-err>
      </testcase>
      <testcase name="Test Cases/RAD_TestCases/Negative_TestCases/FEINSSNmismatchError" time="453.254" classname="Test Cases/RAD_TestCases/Negative_TestCases/FEINSSNmismatchError" status="PASSED">
         <system-out><![CDATA[2024-03-07 23:31:09 - [TEST_CASE][PASSED] - Test Cases/RAD_TestCases/Negative_TestCases/FEINSSNmismatchError: Test Cases/RAD_TestCases/Negative_TestCases/FEINSSNmismatchError

2024-03-07 23:31:10 - [TEST_STEP][PASSED] - resText = "Fail": null

2024-03-07 23:31:10 - [TEST_STEP][PASSED] - resColumn = "Result": null

2024-03-07 23:31:10 - [TEST_STEP][PASSED] - datCloumn = "Date": null

2024-03-07 23:31:10 - [TEST_STEP][PASSED] - fileLoc = "KatalonData/RADTestData/FEINmismatch.xlsx": null

2024-03-07 23:31:10 - [TEST_STEP][PASSED] - nameSheet = "FEINSSNmismatch": null

2024-03-07 23:31:10 - [TEST_STEP][PASSED] - dataFile = "RADTestData/FEINSSNmismatch": null

2024-03-07 23:31:10 - [TEST_STEP][PASSED] - ExecuteTC = <not implemented yet for class: org.codehaus.groovy.ast.expr.EmptyExpression>: null

2024-03-07 23:31:10 - [TEST_STEP][PASSED] - Taxtype = <not implemented yet for class: org.codehaus.groovy.ast.expr.EmptyExpression>: null

2024-03-07 23:31:10 - [TEST_STEP][PASSED] - Paymenttype = <not implemented yet for class: org.codehaus.groovy.ast.expr.EmptyExpression>: null

2024-03-07 23:31:10 - [TEST_STEP][PASSED] - numOfRows = findTestData(dataFile).getRowNumbers(): null

2024-03-07 23:31:10 - [TEST_STEP][PASSED] - println("Number of Records: " + numOfRows): null

2024-03-07 23:31:10 - [TEST_STEP][PASSED] - for ([row = 1, row <= numOfRows, (row++)]): null

2024-03-07 23:31:10 - [TEST_STEP][PASSED] - ExecuteTC = findTestData(dataFile).getValue("Execute", row): null

2024-03-07 23:31:10 - [TEST_STEP][PASSED] - Taxtype = findTestData(dataFile).getValue("TaxType", row): null

2024-03-07 23:31:10 - [TEST_STEP][PASSED] - Paymenttype = findTestData(dataFile).getValue("PaymentType", row): null

2024-03-07 23:31:10 - [TEST_STEP][PASSED] - out.println("Value of Execute is : " + ExecuteTC): null

2024-03-07 23:31:10 - [TEST_STEP][PASSED] - if (ExecuteTC.equalsIgnoreCase("Y")): null

2024-03-07 23:31:10 - [TEST_STEP][PASSED] - out.println("Begin Record Number: " + row): null

2024-03-07 23:31:10 - [TEST_STEP][PASSED] - today = new java.util.Date(): null

2024-03-07 23:31:10 - [TEST_STEP][PASSED] - println(today): null

2024-03-07 23:31:10 - [TEST_STEP][PASSED] - datText = today: null

2024-03-07 23:31:10 - [TEST_STEP][PASSED] - Taxtype = findTestData(dataFile).getValue("TaxType", row): null

2024-03-07 23:31:10 - [TEST_STEP][PASSED] - out.println("Taxtype value is : " + Taxtype): null

2024-03-07 23:31:10 - [TEST_STEP][PASSED] - openBrowser(""): Browser is opened with url: ''

2024-03-07 23:31:10 - [MESSAGE][WARNING] - A browser is already opened. Closing browser and opening a new one

2024-03-07 23:31:43 - [MESSAGE][INFO] - Starting 'Chrome' driver

2024-03-07 23:31:43 - [MESSAGE][INFO] - User set preference: ['acceptInsecureCerts', 'true']

2024-03-07 23:31:43 - [MESSAGE][INFO] - Action delay is set to 0 milliseconds

2024-03-07 23:31:45 - [MESSAGE][PASSED] - Browser is opened with url: ''

2024-03-07 23:31:45 - [TEST_STEP][PASSED] - maximizeWindow(): Current window maximized

2024-03-07 23:31:45 - [MESSAGE][PASSED] - Current window maximized

2024-03-07 23:31:45 - [TEST_STEP][PASSED] - navigateToUrl(RADurl): Navigate to 'https://qa2.velocitypayment.com/client/rad/index.html' successfully

2024-03-07 23:31:51 - [MESSAGE][PASSED] - Navigate to 'https://qa2.velocitypayment.com/client/rad/index.html' successfully

2024-03-07 23:31:51 - [TEST_STEP][PASSED] - orPath_Landing = "Object Repository/RAD_Pages/Landing_Page": null

2024-03-07 23:31:51 - [TEST_STEP][PASSED] - orPath_TaxTypeFilingYear = "Object Repository/RAD_Pages/TaxTypeFilingYear_Page": null

2024-03-07 23:31:51 - [TEST_STEP][PASSED] - orPath_TaxPayer = "Object Repository/RAD_Pages/Taxpayer_Page": null

2024-03-07 23:31:51 - [TEST_STEP][PASSED] - orPath_AddressContact = "Object Repository/RAD_Pages/AddressAndContactInfo_Page": null

2024-03-07 23:31:51 - [TEST_STEP][PASSED] - orPath_FilingStatus = "Object Repository/RAD_Pages/FilingStatus_Page": null

2024-03-07 23:31:51 - [TEST_STEP][PASSED] - orPath_Amount = "Object Repository/RAD_Pages/PaymentAmount_Page": null

2024-03-07 23:31:51 - [TEST_STEP][PASSED] - orPath_TaxInfo = "Object Repository/RAD_Pages/TaxInfo_Page": null

2024-03-07 23:31:51 - [TEST_STEP][PASSED] - orPath_Withholding = "Object Repository/RAD_Pages/Withholding_Page": null

2024-03-07 23:31:51 - [TEST_STEP][PASSED] - orPath_Summary = "Object Repository/RAD_Pages/Summary_Page": null

2024-03-07 23:31:51 - [TEST_STEP][PASSED] - orPath_PaymentReady = "Object Repository/RAD_Pages/PaymentReady_Page": null

2024-03-07 23:31:51 - [TEST_STEP][PASSED] - orPath_PaymentEntry = "Object Repository/RAD_Pages/PaymentEntry_Page": null

2024-03-07 23:31:51 - [TEST_STEP][PASSED] - orPath_PaymentConfirmation = "Object Repository/RAD_Pages/PaymentConfirmation_Page": null

2024-03-07 23:31:51 - [TEST_STEP][PASSED] - orPath_ServiceFeesAccept = "Object Repository/RAD_Pages/ServiceFeeAccept_Page": null

2024-03-07 23:31:51 - [TEST_STEP][PASSED] - selectOptionByLabel(findTestObject(orPath_Landing + "/dd_TaxType"), Paymenttype, false): All options with label 'Existing Liability w/Notice Number' are selected in object 'Object Repository/RAD_Pages/Landing_Page/dd_TaxType' 

2024-03-07 23:31:52 - [MESSAGE][PASSED] - All options with label 'Existing Liability w/Notice Number' are selected in object 'Object Repository/RAD_Pages/Landing_Page/dd_TaxType' 

2024-03-07 23:31:52 - [TEST_STEP][PASSED] - delay(1): Delayed 1 second(s)

2024-03-07 23:31:53 - [MESSAGE][PASSED] - Delayed 1 second(s)

2024-03-07 23:31:53 - [TEST_STEP][PASSED] - switch (Paymenttype): null

2024-03-07 23:31:53 - [TEST_STEP][PASSED] - case "Existing Liability w/Notice Number":: null

2024-03-07 23:31:53 - [TEST_STEP][PASSED] - selectOptionByLabel(findTestObject(orPath_TaxTypeFilingYear + "/select_TaxType_ExistingLiability"), Taxtype, false): All options with label 'PTE Non-Electing Non-S Corp' are selected in object 'Object Repository/RAD_Pages/TaxTypeFilingYear_Page/select_TaxType_ExistingLiability' 

2024-03-07 23:31:54 - [MESSAGE][PASSED] - All options with label 'PTE Non-Electing Non-S Corp' are selected in object 'Object Repository/RAD_Pages/TaxTypeFilingYear_Page/select_TaxType_ExistingLiability' 

2024-03-07 23:31:54 - [TEST_STEP][PASSED] - break: null

2024-03-07 23:31:54 - [TEST_STEP][PASSED] - delay(1): Delayed 1 second(s)

2024-03-07 23:31:55 - [MESSAGE][PASSED] - Delayed 1 second(s)

2024-03-07 23:31:55 - [TEST_STEP][PASSED] - scrollToElement(findTestObject(orPath_Amount + "/input__paymentAmount"), 2, CONTINUE_ON_FAILURE): Scroll to object 'Object Repository/RAD_Pages/PaymentAmount_Page/input__paymentAmount' successfully

2024-03-07 23:31:55 - [MESSAGE][PASSED] - Scroll to object 'Object Repository/RAD_Pages/PaymentAmount_Page/input__paymentAmount' successfully

2024-03-07 23:31:55 - [TEST_STEP][PASSED] - switch (Paymenttype): null

2024-03-07 23:31:55 - [TEST_STEP][PASSED] - case "Existing Liability w/Notice Number":: null

2024-03-07 23:31:55 - [TEST_STEP][PASSED] - setEncryptedText(findTestObject(orPath_TaxInfo + "/input_TaxInfo_feinSsn_Existing_New"), "RigbBhfdqODKcAsiUrg+1Q=="): Text ****** has been set on object 'Object Repository/RAD_Pages/TaxInfo_Page/input_TaxInfo_feinSsn_Existing_New'

2024-03-07 23:31:56 - [MESSAGE][PASSED] - Text ****** has been set on object 'Object Repository/RAD_Pages/TaxInfo_Page/input_TaxInfo_feinSsn_Existing_New'

2024-03-07 23:31:56 - [TEST_STEP][PASSED] - setEncryptedText(findTestObject(orPath_TaxInfo + "/input_TaxInfo_RetypefeinSsn_Existing_New"), "RigbBhfdqOD+04WBHw5iKw=="): Text ****** has been set on object 'Object Repository/RAD_Pages/TaxInfo_Page/input_TaxInfo_RetypefeinSsn_Existing_New'

2024-03-07 23:31:56 - [MESSAGE][PASSED] - Text ****** has been set on object 'Object Repository/RAD_Pages/TaxInfo_Page/input_TaxInfo_RetypefeinSsn_Existing_New'

2024-03-07 23:31:56 - [TEST_STEP][PASSED] - break: null

2024-03-07 23:31:56 - [TEST_STEP][PASSED] - setText(findTestObject(orPath_Amount + "/input__paymentAmount"), ""): Text '' is set on object 'Object Repository/RAD_Pages/PaymentAmount_Page/input__paymentAmount'

2024-03-07 23:31:57 - [MESSAGE][PASSED] - Text '' is set on object 'Object Repository/RAD_Pages/PaymentAmount_Page/input__paymentAmount'

2024-03-07 23:31:57 - [TEST_STEP][PASSED] - if (verifyTextPresent("The FEIN/SSN and Re-type FEIN/SSN do not match", true)): null

2024-03-07 23:31:58 - [MESSAGE][PASSED] - Text 'The FEIN/SSN and Re-type FEIN/SSN do not match' is present on page  using regular expression

2024-03-07 23:31:58 - [TEST_STEP][PASSED] - println("Error Message is present on the page"): null

2024-03-07 23:31:58 - [TEST_STEP][PASSED] - out.println("Pass Record Number: " + row): null

2024-03-07 23:31:58 - [TEST_STEP][PASSED] - resText = "Pass": null

2024-03-07 23:31:58 - [TEST_STEP][PASSED] - pages.WriteExcel.demoKey(resText, datText, resColumn, datCloumn, fileLoc, nameSheet, row): pages.WriteExcel.demoKey is PASSED

2024-03-07 23:31:58 - [MESSAGE][PASSED] - pages.WriteExcel.demoKey is PASSED

2024-03-07 23:31:58 - [TEST_STEP][PASSED] - ExecuteTC = findTestData(dataFile).getValue("Execute", row): null

2024-03-07 23:31:58 - [TEST_STEP][PASSED] - Taxtype = findTestData(dataFile).getValue("TaxType", row): null

2024-03-07 23:31:58 - [TEST_STEP][PASSED] - Paymenttype = findTestData(dataFile).getValue("PaymentType", row): null

2024-03-07 23:31:58 - [TEST_STEP][PASSED] - out.println("Value of Execute is : " + ExecuteTC): null

2024-03-07 23:31:58 - [TEST_STEP][PASSED] - if (ExecuteTC.equalsIgnoreCase("Y")): null

2024-03-07 23:31:58 - [TEST_STEP][PASSED] - out.println("Begin Record Number: " + row): null

2024-03-07 23:31:58 - [TEST_STEP][PASSED] - today = new java.util.Date(): null

2024-03-07 23:31:58 - [TEST_STEP][PASSED] - println(today): null

2024-03-07 23:31:58 - [TEST_STEP][PASSED] - datText = today: null

2024-03-07 23:31:58 - [TEST_STEP][PASSED] - Taxtype = findTestData(dataFile).getValue("TaxType", row): null

2024-03-07 23:31:58 - [TEST_STEP][PASSED] - out.println("Taxtype value is : " + Taxtype): null

2024-03-07 23:31:58 - [TEST_STEP][PASSED] - openBrowser(""): Browser is opened with url: ''

2024-03-07 23:31:58 - [MESSAGE][WARNING] - A browser is already opened. Closing browser and opening a new one

2024-03-07 23:32:13 - [MESSAGE][INFO] - Starting 'Chrome' driver

2024-03-07 23:32:13 - [MESSAGE][INFO] - User set preference: ['acceptInsecureCerts', 'true']

2024-03-07 23:32:13 - [MESSAGE][INFO] - Action delay is set to 0 milliseconds

2024-03-07 23:32:14 - [MESSAGE][PASSED] - Browser is opened with url: ''

2024-03-07 23:32:14 - [TEST_STEP][PASSED] - maximizeWindow(): Current window maximized

2024-03-07 23:32:15 - [MESSAGE][PASSED] - Current window maximized

2024-03-07 23:32:15 - [TEST_STEP][PASSED] - navigateToUrl(RADurl): Navigate to 'https://qa2.velocitypayment.com/client/rad/index.html' successfully

2024-03-07 23:32:16 - [MESSAGE][PASSED] - Navigate to 'https://qa2.velocitypayment.com/client/rad/index.html' successfully

2024-03-07 23:32:16 - [TEST_STEP][PASSED] - orPath_Landing = "Object Repository/RAD_Pages/Landing_Page": null

2024-03-07 23:32:16 - [TEST_STEP][PASSED] - orPath_TaxTypeFilingYear = "Object Repository/RAD_Pages/TaxTypeFilingYear_Page": null

2024-03-07 23:32:16 - [TEST_STEP][PASSED] - orPath_TaxPayer = "Object Repository/RAD_Pages/Taxpayer_Page": null

2024-03-07 23:32:16 - [TEST_STEP][PASSED] - orPath_AddressContact = "Object Repository/RAD_Pages/AddressAndContactInfo_Page": null

2024-03-07 23:32:16 - [TEST_STEP][PASSED] - orPath_FilingStatus = "Object Repository/RAD_Pages/FilingStatus_Page": null

2024-03-07 23:32:16 - [TEST_STEP][PASSED] - orPath_Amount = "Object Repository/RAD_Pages/PaymentAmount_Page": null

2024-03-07 23:32:16 - [TEST_STEP][PASSED] - orPath_TaxInfo = "Object Repository/RAD_Pages/TaxInfo_Page": null

2024-03-07 23:32:16 - [TEST_STEP][PASSED] - orPath_Withholding = "Object Repository/RAD_Pages/Withholding_Page": null

2024-03-07 23:32:16 - [TEST_STEP][PASSED] - orPath_Summary = "Object Repository/RAD_Pages/Summary_Page": null

2024-03-07 23:32:16 - [TEST_STEP][PASSED] - orPath_PaymentReady = "Object Repository/RAD_Pages/PaymentReady_Page": null

2024-03-07 23:32:16 - [TEST_STEP][PASSED] - orPath_PaymentEntry = "Object Repository/RAD_Pages/PaymentEntry_Page": null

2024-03-07 23:32:16 - [TEST_STEP][PASSED] - orPath_PaymentConfirmation = "Object Repository/RAD_Pages/PaymentConfirmation_Page": null

2024-03-07 23:32:16 - [TEST_STEP][PASSED] - orPath_ServiceFeesAccept = "Object Repository/RAD_Pages/ServiceFeeAccept_Page": null

2024-03-07 23:32:16 - [TEST_STEP][PASSED] - selectOptionByLabel(findTestObject(orPath_Landing + "/dd_TaxType"), Paymenttype, false): All options with label 'Existing Liability w/Notice Number' are selected in object 'Object Repository/RAD_Pages/Landing_Page/dd_TaxType' 

2024-03-07 23:32:17 - [MESSAGE][PASSED] - All options with label 'Existing Liability w/Notice Number' are selected in object 'Object Repository/RAD_Pages/Landing_Page/dd_TaxType' 

2024-03-07 23:32:17 - [TEST_STEP][PASSED] - delay(1): Delayed 1 second(s)

2024-03-07 23:32:18 - [MESSAGE][PASSED] - Delayed 1 second(s)

2024-03-07 23:32:18 - [TEST_STEP][PASSED] - switch (Paymenttype): null

2024-03-07 23:32:18 - [TEST_STEP][PASSED] - case "Existing Liability w/Notice Number":: null

2024-03-07 23:32:18 - [TEST_STEP][PASSED] - selectOptionByLabel(findTestObject(orPath_TaxTypeFilingYear + "/select_TaxType_ExistingLiability"), Taxtype, false): All options with label 'PTE Non-Electing S Corp' are selected in object 'Object Repository/RAD_Pages/TaxTypeFilingYear_Page/select_TaxType_ExistingLiability' 

2024-03-07 23:32:19 - [MESSAGE][PASSED] - All options with label 'PTE Non-Electing S Corp' are selected in object 'Object Repository/RAD_Pages/TaxTypeFilingYear_Page/select_TaxType_ExistingLiability' 

2024-03-07 23:32:19 - [TEST_STEP][PASSED] - break: null

2024-03-07 23:32:19 - [TEST_STEP][PASSED] - delay(1): Delayed 1 second(s)

2024-03-07 23:32:20 - [MESSAGE][PASSED] - Delayed 1 second(s)

2024-03-07 23:32:20 - [TEST_STEP][PASSED] - scrollToElement(findTestObject(orPath_Amount + "/input__paymentAmount"), 2, CONTINUE_ON_FAILURE): Scroll to object 'Object Repository/RAD_Pages/PaymentAmount_Page/input__paymentAmount' successfully

2024-03-07 23:32:20 - [MESSAGE][PASSED] - Scroll to object 'Object Repository/RAD_Pages/PaymentAmount_Page/input__paymentAmount' successfully

2024-03-07 23:32:20 - [TEST_STEP][PASSED] - switch (Paymenttype): null

2024-03-07 23:32:20 - [TEST_STEP][PASSED] - case "Existing Liability w/Notice Number":: null

2024-03-07 23:32:20 - [TEST_STEP][PASSED] - setEncryptedText(findTestObject(orPath_TaxInfo + "/input_TaxInfo_feinSsn_Existing_New"), "RigbBhfdqODKcAsiUrg+1Q=="): Text ****** has been set on object 'Object Repository/RAD_Pages/TaxInfo_Page/input_TaxInfo_feinSsn_Existing_New'

2024-03-07 23:32:20 - [MESSAGE][PASSED] - Text ****** has been set on object 'Object Repository/RAD_Pages/TaxInfo_Page/input_TaxInfo_feinSsn_Existing_New'

2024-03-07 23:32:20 - [TEST_STEP][PASSED] - setEncryptedText(findTestObject(orPath_TaxInfo + "/input_TaxInfo_RetypefeinSsn_Existing_New"), "RigbBhfdqOD+04WBHw5iKw=="): Text ****** has been set on object 'Object Repository/RAD_Pages/TaxInfo_Page/input_TaxInfo_RetypefeinSsn_Existing_New'

2024-03-07 23:32:21 - [MESSAGE][PASSED] - Text ****** has been set on object 'Object Repository/RAD_Pages/TaxInfo_Page/input_TaxInfo_RetypefeinSsn_Existing_New'

2024-03-07 23:32:21 - [TEST_STEP][PASSED] - break: null

2024-03-07 23:32:21 - [TEST_STEP][PASSED] - setText(findTestObject(orPath_Amount + "/input__paymentAmount"), ""): Text '' is set on object 'Object Repository/RAD_Pages/PaymentAmount_Page/input__paymentAmount'

2024-03-07 23:32:22 - [MESSAGE][PASSED] - Text '' is set on object 'Object Repository/RAD_Pages/PaymentAmount_Page/input__paymentAmount'

2024-03-07 23:32:22 - [TEST_STEP][PASSED] - if (verifyTextPresent("The FEIN/SSN and Re-type FEIN/SSN do not match", true)): null

2024-03-07 23:32:22 - [MESSAGE][PASSED] - Text 'The FEIN/SSN and Re-type FEIN/SSN do not match' is present on page  using regular expression

2024-03-07 23:32:22 - [TEST_STEP][PASSED] - println("Error Message is present on the page"): null

2024-03-07 23:32:22 - [TEST_STEP][PASSED] - out.println("Pass Record Number: " + row): null

2024-03-07 23:32:22 - [TEST_STEP][PASSED] - resText = "Pass": null

2024-03-07 23:32:22 - [TEST_STEP][PASSED] - pages.WriteExcel.demoKey(resText, datText, resColumn, datCloumn, fileLoc, nameSheet, row): pages.WriteExcel.demoKey is PASSED

2024-03-07 23:32:22 - [MESSAGE][PASSED] - pages.WriteExcel.demoKey is PASSED

2024-03-07 23:32:22 - [TEST_STEP][PASSED] - ExecuteTC = findTestData(dataFile).getValue("Execute", row): null

2024-03-07 23:32:23 - [TEST_STEP][PASSED] - Taxtype = findTestData(dataFile).getValue("TaxType", row): null

2024-03-07 23:32:23 - [TEST_STEP][PASSED] - Paymenttype = findTestData(dataFile).getValue("PaymentType", row): null

2024-03-07 23:32:23 - [TEST_STEP][PASSED] - out.println("Value of Execute is : " + ExecuteTC): null

2024-03-07 23:32:23 - [TEST_STEP][PASSED] - if (ExecuteTC.equalsIgnoreCase("Y")): null

2024-03-07 23:32:23 - [TEST_STEP][PASSED] - out.println("Begin Record Number: " + row): null

2024-03-07 23:32:23 - [TEST_STEP][PASSED] - today = new java.util.Date(): null

2024-03-07 23:32:23 - [TEST_STEP][PASSED] - println(today): null

2024-03-07 23:32:23 - [TEST_STEP][PASSED] - datText = today: null

2024-03-07 23:32:23 - [TEST_STEP][PASSED] - Taxtype = findTestData(dataFile).getValue("TaxType", row): null

2024-03-07 23:32:23 - [TEST_STEP][PASSED] - out.println("Taxtype value is : " + Taxtype): null

2024-03-07 23:32:23 - [TEST_STEP][PASSED] - openBrowser(""): Browser is opened with url: ''

2024-03-07 23:32:23 - [MESSAGE][WARNING] - A browser is already opened. Closing browser and opening a new one

2024-03-07 23:32:47 - [MESSAGE][INFO] - Starting 'Chrome' driver

2024-03-07 23:32:47 - [MESSAGE][INFO] - User set preference: ['acceptInsecureCerts', 'true']

2024-03-07 23:32:47 - [MESSAGE][INFO] - Action delay is set to 0 milliseconds

2024-03-07 23:32:49 - [MESSAGE][PASSED] - Browser is opened with url: ''

2024-03-07 23:32:49 - [TEST_STEP][PASSED] - maximizeWindow(): Current window maximized

2024-03-07 23:32:49 - [MESSAGE][PASSED] - Current window maximized

2024-03-07 23:32:49 - [TEST_STEP][PASSED] - navigateToUrl(RADurl): Navigate to 'https://qa2.velocitypayment.com/client/rad/index.html' successfully

2024-03-07 23:32:51 - [MESSAGE][PASSED] - Navigate to 'https://qa2.velocitypayment.com/client/rad/index.html' successfully

2024-03-07 23:32:51 - [TEST_STEP][PASSED] - orPath_Landing = "Object Repository/RAD_Pages/Landing_Page": null

2024-03-07 23:32:51 - [TEST_STEP][PASSED] - orPath_TaxTypeFilingYear = "Object Repository/RAD_Pages/TaxTypeFilingYear_Page": null

2024-03-07 23:32:51 - [TEST_STEP][PASSED] - orPath_TaxPayer = "Object Repository/RAD_Pages/Taxpayer_Page": null

2024-03-07 23:32:51 - [TEST_STEP][PASSED] - orPath_AddressContact = "Object Repository/RAD_Pages/AddressAndContactInfo_Page": null

2024-03-07 23:32:51 - [TEST_STEP][PASSED] - orPath_FilingStatus = "Object Repository/RAD_Pages/FilingStatus_Page": null

2024-03-07 23:32:51 - [TEST_STEP][PASSED] - orPath_Amount = "Object Repository/RAD_Pages/PaymentAmount_Page": null

2024-03-07 23:32:51 - [TEST_STEP][PASSED] - orPath_TaxInfo = "Object Repository/RAD_Pages/TaxInfo_Page": null

2024-03-07 23:32:51 - [TEST_STEP][PASSED] - orPath_Withholding = "Object Repository/RAD_Pages/Withholding_Page": null

2024-03-07 23:32:51 - [TEST_STEP][PASSED] - orPath_Summary = "Object Repository/RAD_Pages/Summary_Page": null

2024-03-07 23:32:51 - [TEST_STEP][PASSED] - orPath_PaymentReady = "Object Repository/RAD_Pages/PaymentReady_Page": null

2024-03-07 23:32:51 - [TEST_STEP][PASSED] - orPath_PaymentEntry = "Object Repository/RAD_Pages/PaymentEntry_Page": null

2024-03-07 23:32:51 - [TEST_STEP][PASSED] - orPath_PaymentConfirmation = "Object Repository/RAD_Pages/PaymentConfirmation_Page": null

2024-03-07 23:32:51 - [TEST_STEP][PASSED] - orPath_ServiceFeesAccept = "Object Repository/RAD_Pages/ServiceFeeAccept_Page": null

2024-03-07 23:32:51 - [TEST_STEP][PASSED] - selectOptionByLabel(findTestObject(orPath_Landing + "/dd_TaxType"), Paymenttype, false): All options with label 'Existing Liability w/Notice Number' are selected in object 'Object Repository/RAD_Pages/Landing_Page/dd_TaxType' 

2024-03-07 23:32:51 - [MESSAGE][PASSED] - All options with label 'Existing Liability w/Notice Number' are selected in object 'Object Repository/RAD_Pages/Landing_Page/dd_TaxType' 

2024-03-07 23:32:51 - [TEST_STEP][PASSED] - delay(1): Delayed 1 second(s)

2024-03-07 23:32:52 - [MESSAGE][PASSED] - Delayed 1 second(s)

2024-03-07 23:32:52 - [TEST_STEP][PASSED] - switch (Paymenttype): null

2024-03-07 23:32:52 - [TEST_STEP][PASSED] - case "Existing Liability w/Notice Number":: null

2024-03-07 23:32:52 - [TEST_STEP][PASSED] - selectOptionByLabel(findTestObject(orPath_TaxTypeFilingYear + "/select_TaxType_ExistingLiability"), Taxtype, false): All options with label 'PTE Tax Electing Non-S Corp' are selected in object 'Object Repository/RAD_Pages/TaxTypeFilingYear_Page/select_TaxType_ExistingLiability' 

2024-03-07 23:32:53 - [MESSAGE][PASSED] - All options with label 'PTE Tax Electing Non-S Corp' are selected in object 'Object Repository/RAD_Pages/TaxTypeFilingYear_Page/select_TaxType_ExistingLiability' 

2024-03-07 23:32:53 - [TEST_STEP][PASSED] - break: null

2024-03-07 23:32:53 - [TEST_STEP][PASSED] - delay(1): Delayed 1 second(s)

2024-03-07 23:32:54 - [MESSAGE][PASSED] - Delayed 1 second(s)

2024-03-07 23:32:54 - [TEST_STEP][PASSED] - scrollToElement(findTestObject(orPath_Amount + "/input__paymentAmount"), 2, CONTINUE_ON_FAILURE): Scroll to object 'Object Repository/RAD_Pages/PaymentAmount_Page/input__paymentAmount' successfully

2024-03-07 23:32:54 - [MESSAGE][PASSED] - Scroll to object 'Object Repository/RAD_Pages/PaymentAmount_Page/input__paymentAmount' successfully

2024-03-07 23:32:54 - [TEST_STEP][PASSED] - switch (Paymenttype): null

2024-03-07 23:32:54 - [TEST_STEP][PASSED] - case "Existing Liability w/Notice Number":: null

2024-03-07 23:32:54 - [TEST_STEP][PASSED] - setEncryptedText(findTestObject(orPath_TaxInfo + "/input_TaxInfo_feinSsn_Existing_New"), "RigbBhfdqODKcAsiUrg+1Q=="): Text ****** has been set on object 'Object Repository/RAD_Pages/TaxInfo_Page/input_TaxInfo_feinSsn_Existing_New'

2024-03-07 23:32:55 - [MESSAGE][PASSED] - Text ****** has been set on object 'Object Repository/RAD_Pages/TaxInfo_Page/input_TaxInfo_feinSsn_Existing_New'

2024-03-07 23:32:55 - [TEST_STEP][PASSED] - setEncryptedText(findTestObject(orPath_TaxInfo + "/input_TaxInfo_RetypefeinSsn_Existing_New"), "RigbBhfdqOD+04WBHw5iKw=="): Text ****** has been set on object 'Object Repository/RAD_Pages/TaxInfo_Page/input_TaxInfo_RetypefeinSsn_Existing_New'

2024-03-07 23:32:56 - [MESSAGE][PASSED] - Text ****** has been set on object 'Object Repository/RAD_Pages/TaxInfo_Page/input_TaxInfo_RetypefeinSsn_Existing_New'

2024-03-07 23:32:56 - [TEST_STEP][PASSED] - break: null

2024-03-07 23:32:56 - [TEST_STEP][PASSED] - setText(findTestObject(orPath_Amount + "/input__paymentAmount"), ""): Text '' is set on object 'Object Repository/RAD_Pages/PaymentAmount_Page/input__paymentAmount'

2024-03-07 23:32:56 - [MESSAGE][PASSED] - Text '' is set on object 'Object Repository/RAD_Pages/PaymentAmount_Page/input__paymentAmount'

2024-03-07 23:32:56 - [TEST_STEP][PASSED] - if (verifyTextPresent("The FEIN/SSN and Re-type FEIN/SSN do not match", true)): null

2024-03-07 23:32:57 - [MESSAGE][PASSED] - Text 'The FEIN/SSN and Re-type FEIN/SSN do not match' is present on page  using regular expression

2024-03-07 23:32:57 - [TEST_STEP][PASSED] - println("Error Message is present on the page"): null

2024-03-07 23:32:57 - [TEST_STEP][PASSED] - out.println("Pass Record Number: " + row): null

2024-03-07 23:32:57 - [TEST_STEP][PASSED] - resText = "Pass": null

2024-03-07 23:32:57 - [TEST_STEP][PASSED] - pages.WriteExcel.demoKey(resText, datText, resColumn, datCloumn, fileLoc, nameSheet, row): pages.WriteExcel.demoKey is PASSED

2024-03-07 23:32:57 - [MESSAGE][PASSED] - pages.WriteExcel.demoKey is PASSED

2024-03-07 23:32:57 - [TEST_STEP][PASSED] - ExecuteTC = findTestData(dataFile).getValue("Execute", row): null

2024-03-07 23:32:57 - [TEST_STEP][PASSED] - Taxtype = findTestData(dataFile).getValue("TaxType", row): null

2024-03-07 23:32:57 - [TEST_STEP][PASSED] - Paymenttype = findTestData(dataFile).getValue("PaymentType", row): null

2024-03-07 23:32:57 - [TEST_STEP][PASSED] - out.println("Value of Execute is : " + ExecuteTC): null

2024-03-07 23:32:57 - [TEST_STEP][PASSED] - if (ExecuteTC.equalsIgnoreCase("Y")): null

2024-03-07 23:32:57 - [TEST_STEP][PASSED] - out.println("Begin Record Number: " + row): null

2024-03-07 23:32:57 - [TEST_STEP][PASSED] - today = new java.util.Date(): null

2024-03-07 23:32:57 - [TEST_STEP][PASSED] - println(today): null

2024-03-07 23:32:57 - [TEST_STEP][PASSED] - datText = today: null

2024-03-07 23:32:57 - [TEST_STEP][PASSED] - Taxtype = findTestData(dataFile).getValue("TaxType", row): null

2024-03-07 23:32:57 - [TEST_STEP][PASSED] - out.println("Taxtype value is : " + Taxtype): null

2024-03-07 23:32:57 - [TEST_STEP][PASSED] - openBrowser(""): Browser is opened with url: ''

2024-03-07 23:32:57 - [MESSAGE][WARNING] - A browser is already opened. Closing browser and opening a new one

2024-03-07 23:33:10 - [MESSAGE][INFO] - Starting 'Chrome' driver

2024-03-07 23:33:10 - [MESSAGE][INFO] - User set preference: ['acceptInsecureCerts', 'true']

2024-03-07 23:33:10 - [MESSAGE][INFO] - Action delay is set to 0 milliseconds

2024-03-07 23:33:12 - [MESSAGE][PASSED] - Browser is opened with url: ''

2024-03-07 23:33:12 - [TEST_STEP][PASSED] - maximizeWindow(): Current window maximized

2024-03-07 23:33:12 - [MESSAGE][PASSED] - Current window maximized

2024-03-07 23:33:12 - [TEST_STEP][PASSED] - navigateToUrl(RADurl): Navigate to 'https://qa2.velocitypayment.com/client/rad/index.html' successfully

2024-03-07 23:33:14 - [MESSAGE][PASSED] - Navigate to 'https://qa2.velocitypayment.com/client/rad/index.html' successfully

2024-03-07 23:33:14 - [TEST_STEP][PASSED] - orPath_Landing = "Object Repository/RAD_Pages/Landing_Page": null

2024-03-07 23:33:14 - [TEST_STEP][PASSED] - orPath_TaxTypeFilingYear = "Object Repository/RAD_Pages/TaxTypeFilingYear_Page": null

2024-03-07 23:33:14 - [TEST_STEP][PASSED] - orPath_TaxPayer = "Object Repository/RAD_Pages/Taxpayer_Page": null

2024-03-07 23:33:14 - [TEST_STEP][PASSED] - orPath_AddressContact = "Object Repository/RAD_Pages/AddressAndContactInfo_Page": null

2024-03-07 23:33:14 - [TEST_STEP][PASSED] - orPath_FilingStatus = "Object Repository/RAD_Pages/FilingStatus_Page": null

2024-03-07 23:33:14 - [TEST_STEP][PASSED] - orPath_Amount = "Object Repository/RAD_Pages/PaymentAmount_Page": null

2024-03-07 23:33:14 - [TEST_STEP][PASSED] - orPath_TaxInfo = "Object Repository/RAD_Pages/TaxInfo_Page": null

2024-03-07 23:33:14 - [TEST_STEP][PASSED] - orPath_Withholding = "Object Repository/RAD_Pages/Withholding_Page": null

2024-03-07 23:33:14 - [TEST_STEP][PASSED] - orPath_Summary = "Object Repository/RAD_Pages/Summary_Page": null

2024-03-07 23:33:14 - [TEST_STEP][PASSED] - orPath_PaymentReady = "Object Repository/RAD_Pages/PaymentReady_Page": null

2024-03-07 23:33:14 - [TEST_STEP][PASSED] - orPath_PaymentEntry = "Object Repository/RAD_Pages/PaymentEntry_Page": null

2024-03-07 23:33:14 - [TEST_STEP][PASSED] - orPath_PaymentConfirmation = "Object Repository/RAD_Pages/PaymentConfirmation_Page": null

2024-03-07 23:33:14 - [TEST_STEP][PASSED] - orPath_ServiceFeesAccept = "Object Repository/RAD_Pages/ServiceFeeAccept_Page": null

2024-03-07 23:33:14 - [TEST_STEP][PASSED] - selectOptionByLabel(findTestObject(orPath_Landing + "/dd_TaxType"), Paymenttype, false): All options with label 'Existing Liability w/Notice Number' are selected in object 'Object Repository/RAD_Pages/Landing_Page/dd_TaxType' 

2024-03-07 23:33:15 - [MESSAGE][PASSED] - All options with label 'Existing Liability w/Notice Number' are selected in object 'Object Repository/RAD_Pages/Landing_Page/dd_TaxType' 

2024-03-07 23:33:15 - [TEST_STEP][PASSED] - delay(1): Delayed 1 second(s)

2024-03-07 23:33:16 - [MESSAGE][PASSED] - Delayed 1 second(s)

2024-03-07 23:33:16 - [TEST_STEP][PASSED] - switch (Paymenttype): null

2024-03-07 23:33:16 - [TEST_STEP][PASSED] - case "Existing Liability w/Notice Number":: null

2024-03-07 23:33:16 - [TEST_STEP][PASSED] - selectOptionByLabel(findTestObject(orPath_TaxTypeFilingYear + "/select_TaxType_ExistingLiability"), Taxtype, false): All options with label 'PTE Tax Electing S Corp' are selected in object 'Object Repository/RAD_Pages/TaxTypeFilingYear_Page/select_TaxType_ExistingLiability' 

2024-03-07 23:33:16 - [MESSAGE][PASSED] - All options with label 'PTE Tax Electing S Corp' are selected in object 'Object Repository/RAD_Pages/TaxTypeFilingYear_Page/select_TaxType_ExistingLiability' 

2024-03-07 23:33:16 - [TEST_STEP][PASSED] - break: null

2024-03-07 23:33:16 - [TEST_STEP][PASSED] - delay(1): Delayed 1 second(s)

2024-03-07 23:33:17 - [MESSAGE][PASSED] - Delayed 1 second(s)

2024-03-07 23:33:17 - [TEST_STEP][PASSED] - scrollToElement(findTestObject(orPath_Amount + "/input__paymentAmount"), 2, CONTINUE_ON_FAILURE): Scroll to object 'Object Repository/RAD_Pages/PaymentAmount_Page/input__paymentAmount' successfully

2024-03-07 23:33:17 - [MESSAGE][PASSED] - Scroll to object 'Object Repository/RAD_Pages/PaymentAmount_Page/input__paymentAmount' successfully

2024-03-07 23:33:17 - [TEST_STEP][PASSED] - switch (Paymenttype): null

2024-03-07 23:33:17 - [TEST_STEP][PASSED] - case "Existing Liability w/Notice Number":: null

2024-03-07 23:33:17 - [TEST_STEP][PASSED] - setEncryptedText(findTestObject(orPath_TaxInfo + "/input_TaxInfo_feinSsn_Existing_New"), "RigbBhfdqODKcAsiUrg+1Q=="): Text ****** has been set on object 'Object Repository/RAD_Pages/TaxInfo_Page/input_TaxInfo_feinSsn_Existing_New'

2024-03-07 23:33:18 - [MESSAGE][PASSED] - Text ****** has been set on object 'Object Repository/RAD_Pages/TaxInfo_Page/input_TaxInfo_feinSsn_Existing_New'

2024-03-07 23:33:18 - [TEST_STEP][PASSED] - setEncryptedText(findTestObject(orPath_TaxInfo + "/input_TaxInfo_RetypefeinSsn_Existing_New"), "RigbBhfdqOD+04WBHw5iKw=="): Text ****** has been set on object 'Object Repository/RAD_Pages/TaxInfo_Page/input_TaxInfo_RetypefeinSsn_Existing_New'

2024-03-07 23:33:19 - [MESSAGE][PASSED] - Text ****** has been set on object 'Object Repository/RAD_Pages/TaxInfo_Page/input_TaxInfo_RetypefeinSsn_Existing_New'

2024-03-07 23:33:19 - [TEST_STEP][PASSED] - break: null

2024-03-07 23:33:19 - [TEST_STEP][PASSED] - setText(findTestObject(orPath_Amount + "/input__paymentAmount"), ""): Text '' is set on object 'Object Repository/RAD_Pages/PaymentAmount_Page/input__paymentAmount'

2024-03-07 23:33:19 - [MESSAGE][PASSED] - Text '' is set on object 'Object Repository/RAD_Pages/PaymentAmount_Page/input__paymentAmount'

2024-03-07 23:33:19 - [TEST_STEP][PASSED] - if (verifyTextPresent("The FEIN/SSN and Re-type FEIN/SSN do not match", true)): null

2024-03-07 23:33:20 - [MESSAGE][PASSED] - Text 'The FEIN/SSN and Re-type FEIN/SSN do not match' is present on page  using regular expression

2024-03-07 23:33:20 - [TEST_STEP][PASSED] - println("Error Message is present on the page"): null

2024-03-07 23:33:20 - [TEST_STEP][PASSED] - out.println("Pass Record Number: " + row): null

2024-03-07 23:33:20 - [TEST_STEP][PASSED] - resText = "Pass": null

2024-03-07 23:33:20 - [TEST_STEP][PASSED] - pages.WriteExcel.demoKey(resText, datText, resColumn, datCloumn, fileLoc, nameSheet, row): pages.WriteExcel.demoKey is PASSED

2024-03-07 23:33:20 - [MESSAGE][PASSED] - pages.WriteExcel.demoKey is PASSED

2024-03-07 23:33:20 - [TEST_STEP][PASSED] - ExecuteTC = findTestData(dataFile).getValue("Execute", row): null

2024-03-07 23:33:20 - [TEST_STEP][PASSED] - Taxtype = findTestData(dataFile).getValue("TaxType", row): null

2024-03-07 23:33:20 - [TEST_STEP][PASSED] - Paymenttype = findTestData(dataFile).getValue("PaymentType", row): null

2024-03-07 23:33:20 - [TEST_STEP][PASSED] - out.println("Value of Execute is : " + ExecuteTC): null

2024-03-07 23:33:20 - [TEST_STEP][PASSED] - if (ExecuteTC.equalsIgnoreCase("Y")): null

2024-03-07 23:33:20 - [TEST_STEP][PASSED] - out.println("Begin Record Number: " + row): null

2024-03-07 23:33:20 - [TEST_STEP][PASSED] - today = new java.util.Date(): null

2024-03-07 23:33:20 - [TEST_STEP][PASSED] - println(today): null

2024-03-07 23:33:20 - [TEST_STEP][PASSED] - datText = today: null

2024-03-07 23:33:20 - [TEST_STEP][PASSED] - Taxtype = findTestData(dataFile).getValue("TaxType", row): null

2024-03-07 23:33:20 - [TEST_STEP][PASSED] - out.println("Taxtype value is : " + Taxtype): null

2024-03-07 23:33:20 - [TEST_STEP][PASSED] - openBrowser(""): Browser is opened with url: ''

2024-03-07 23:33:20 - [MESSAGE][WARNING] - A browser is already opened. Closing browser and opening a new one

2024-03-07 23:33:43 - [MESSAGE][INFO] - Starting 'Chrome' driver

2024-03-07 23:33:43 - [MESSAGE][INFO] - User set preference: ['acceptInsecureCerts', 'true']

2024-03-07 23:33:43 - [MESSAGE][INFO] - Action delay is set to 0 milliseconds

2024-03-07 23:33:44 - [MESSAGE][PASSED] - Browser is opened with url: ''

2024-03-07 23:33:44 - [TEST_STEP][PASSED] - maximizeWindow(): Current window maximized

2024-03-07 23:33:45 - [MESSAGE][PASSED] - Current window maximized

2024-03-07 23:33:45 - [TEST_STEP][PASSED] - navigateToUrl(RADurl): Navigate to 'https://qa2.velocitypayment.com/client/rad/index.html' successfully

2024-03-07 23:33:52 - [MESSAGE][PASSED] - Navigate to 'https://qa2.velocitypayment.com/client/rad/index.html' successfully

2024-03-07 23:33:52 - [TEST_STEP][PASSED] - orPath_Landing = "Object Repository/RAD_Pages/Landing_Page": null

2024-03-07 23:33:52 - [TEST_STEP][PASSED] - orPath_TaxTypeFilingYear = "Object Repository/RAD_Pages/TaxTypeFilingYear_Page": null

2024-03-07 23:33:52 - [TEST_STEP][PASSED] - orPath_TaxPayer = "Object Repository/RAD_Pages/Taxpayer_Page": null

2024-03-07 23:33:52 - [TEST_STEP][PASSED] - orPath_AddressContact = "Object Repository/RAD_Pages/AddressAndContactInfo_Page": null

2024-03-07 23:33:52 - [TEST_STEP][PASSED] - orPath_FilingStatus = "Object Repository/RAD_Pages/FilingStatus_Page": null

2024-03-07 23:33:52 - [TEST_STEP][PASSED] - orPath_Amount = "Object Repository/RAD_Pages/PaymentAmount_Page": null

2024-03-07 23:33:52 - [TEST_STEP][PASSED] - orPath_TaxInfo = "Object Repository/RAD_Pages/TaxInfo_Page": null

2024-03-07 23:33:52 - [TEST_STEP][PASSED] - orPath_Withholding = "Object Repository/RAD_Pages/Withholding_Page": null

2024-03-07 23:33:52 - [TEST_STEP][PASSED] - orPath_Summary = "Object Repository/RAD_Pages/Summary_Page": null

2024-03-07 23:33:52 - [TEST_STEP][PASSED] - orPath_PaymentReady = "Object Repository/RAD_Pages/PaymentReady_Page": null

2024-03-07 23:33:52 - [TEST_STEP][PASSED] - orPath_PaymentEntry = "Object Repository/RAD_Pages/PaymentEntry_Page": null

2024-03-07 23:33:52 - [TEST_STEP][PASSED] - orPath_PaymentConfirmation = "Object Repository/RAD_Pages/PaymentConfirmation_Page": null

2024-03-07 23:33:52 - [TEST_STEP][PASSED] - orPath_ServiceFeesAccept = "Object Repository/RAD_Pages/ServiceFeeAccept_Page": null

2024-03-07 23:33:52 - [TEST_STEP][PASSED] - selectOptionByLabel(findTestObject(orPath_Landing + "/dd_TaxType"), Paymenttype, false): All options with label 'Quarterly Estimated Tax' are selected in object 'Object Repository/RAD_Pages/Landing_Page/dd_TaxType' 

2024-03-07 23:33:53 - [MESSAGE][PASSED] - All options with label 'Quarterly Estimated Tax' are selected in object 'Object Repository/RAD_Pages/Landing_Page/dd_TaxType' 

2024-03-07 23:33:53 - [TEST_STEP][PASSED] - delay(1): Delayed 1 second(s)

2024-03-07 23:33:54 - [MESSAGE][PASSED] - Delayed 1 second(s)

2024-03-07 23:33:54 - [TEST_STEP][PASSED] - switch (Paymenttype): null

2024-03-07 23:33:54 - [TEST_STEP][PASSED] - case "Quarterly Estimated Tax":: null

2024-03-07 23:33:54 - [TEST_STEP][PASSED] - selectOptionByLabel(findTestObject(orPath_TaxTypeFilingYear + "/select_PaymentType"), Taxtype, false): All options with label 'PTE Non-Electing Non-S Corp' are selected in object 'Object Repository/RAD_Pages/TaxTypeFilingYear_Page/select_PaymentType' 

2024-03-07 23:33:55 - [MESSAGE][PASSED] - All options with label 'PTE Non-Electing Non-S Corp' are selected in object 'Object Repository/RAD_Pages/TaxTypeFilingYear_Page/select_PaymentType' 

2024-03-07 23:33:55 - [TEST_STEP][PASSED] - break: null

2024-03-07 23:33:55 - [TEST_STEP][PASSED] - delay(1): Delayed 1 second(s)

2024-03-07 23:33:56 - [MESSAGE][PASSED] - Delayed 1 second(s)

2024-03-07 23:33:56 - [TEST_STEP][PASSED] - scrollToElement(findTestObject(orPath_Amount + "/input__paymentAmount"), 2, CONTINUE_ON_FAILURE): Scroll to object 'Object Repository/RAD_Pages/PaymentAmount_Page/input__paymentAmount' successfully

2024-03-07 23:33:56 - [MESSAGE][PASSED] - Scroll to object 'Object Repository/RAD_Pages/PaymentAmount_Page/input__paymentAmount' successfully

2024-03-07 23:33:56 - [TEST_STEP][PASSED] - switch (Paymenttype): null

2024-03-07 23:33:56 - [TEST_STEP][PASSED] - case "Quarterly Estimated Tax":: null

2024-03-07 23:33:56 - [TEST_STEP][PASSED] - setEncryptedText(findTestObject(orPath_TaxInfo + "/input_TaxInfo_FeinSsn_New_2"), "RigbBhfdqODKcAsiUrg+1Q=="): Text ****** has been set on object 'Object Repository/RAD_Pages/TaxInfo_Page/input_TaxInfo_FeinSsn_New_2'

2024-03-07 23:33:57 - [MESSAGE][PASSED] - Text ****** has been set on object 'Object Repository/RAD_Pages/TaxInfo_Page/input_TaxInfo_FeinSsn_New_2'

2024-03-07 23:33:57 - [TEST_STEP][PASSED] - setEncryptedText(findTestObject(orPath_TaxInfo + "/input_TaxInfo_RetypeFeinSsn_New_2"), "RigbBhfdqOD+04WBHw5iKw=="): Text ****** has been set on object 'Object Repository/RAD_Pages/TaxInfo_Page/input_TaxInfo_RetypeFeinSsn_New_2'

2024-03-07 23:33:57 - [MESSAGE][PASSED] - Text ****** has been set on object 'Object Repository/RAD_Pages/TaxInfo_Page/input_TaxInfo_RetypeFeinSsn_New_2'

2024-03-07 23:33:57 - [TEST_STEP][PASSED] - break: null

2024-03-07 23:33:57 - [TEST_STEP][PASSED] - setText(findTestObject(orPath_Amount + "/input__paymentAmount"), ""): Text '' is set on object 'Object Repository/RAD_Pages/PaymentAmount_Page/input__paymentAmount'

2024-03-07 23:33:58 - [MESSAGE][PASSED] - Text '' is set on object 'Object Repository/RAD_Pages/PaymentAmount_Page/input__paymentAmount'

2024-03-07 23:33:58 - [TEST_STEP][PASSED] - if (verifyTextPresent("The FEIN/SSN and Re-type FEIN/SSN do not match", true)): null

2024-03-07 23:33:59 - [MESSAGE][PASSED] - Text 'The FEIN/SSN and Re-type FEIN/SSN do not match' is present on page  using regular expression

2024-03-07 23:33:59 - [TEST_STEP][PASSED] - println("Error Message is present on the page"): null

2024-03-07 23:33:59 - [TEST_STEP][PASSED] - out.println("Pass Record Number: " + row): null

2024-03-07 23:33:59 - [TEST_STEP][PASSED] - resText = "Pass": null

2024-03-07 23:33:59 - [TEST_STEP][PASSED] - pages.WriteExcel.demoKey(resText, datText, resColumn, datCloumn, fileLoc, nameSheet, row): pages.WriteExcel.demoKey is PASSED

2024-03-07 23:33:59 - [MESSAGE][PASSED] - pages.WriteExcel.demoKey is PASSED

2024-03-07 23:33:59 - [TEST_STEP][PASSED] - ExecuteTC = findTestData(dataFile).getValue("Execute", row): null

2024-03-07 23:33:59 - [TEST_STEP][PASSED] - Taxtype = findTestData(dataFile).getValue("TaxType", row): null

2024-03-07 23:33:59 - [TEST_STEP][PASSED] - Paymenttype = findTestData(dataFile).getValue("PaymentType", row): null

2024-03-07 23:33:59 - [TEST_STEP][PASSED] - out.println("Value of Execute is : " + ExecuteTC): null

2024-03-07 23:33:59 - [TEST_STEP][PASSED] - if (ExecuteTC.equalsIgnoreCase("Y")): null

2024-03-07 23:33:59 - [TEST_STEP][PASSED] - out.println("Begin Record Number: " + row): null

2024-03-07 23:33:59 - [TEST_STEP][PASSED] - today = new java.util.Date(): null

2024-03-07 23:33:59 - [TEST_STEP][PASSED] - println(today): null

2024-03-07 23:33:59 - [TEST_STEP][PASSED] - datText = today: null

2024-03-07 23:33:59 - [TEST_STEP][PASSED] - Taxtype = findTestData(dataFile).getValue("TaxType", row): null

2024-03-07 23:33:59 - [TEST_STEP][PASSED] - out.println("Taxtype value is : " + Taxtype): null

2024-03-07 23:33:59 - [TEST_STEP][PASSED] - openBrowser(""): Browser is opened with url: ''

2024-03-07 23:33:59 - [MESSAGE][WARNING] - A browser is already opened. Closing browser and opening a new one

2024-03-07 23:34:13 - [MESSAGE][INFO] - Starting 'Chrome' driver

2024-03-07 23:34:13 - [MESSAGE][INFO] - User set preference: ['acceptInsecureCerts', 'true']

2024-03-07 23:34:13 - [MESSAGE][INFO] - Action delay is set to 0 milliseconds

2024-03-07 23:34:14 - [MESSAGE][PASSED] - Browser is opened with url: ''

2024-03-07 23:34:14 - [TEST_STEP][PASSED] - maximizeWindow(): Current window maximized

2024-03-07 23:34:14 - [MESSAGE][PASSED] - Current window maximized

2024-03-07 23:34:14 - [TEST_STEP][PASSED] - navigateToUrl(RADurl): Navigate to 'https://qa2.velocitypayment.com/client/rad/index.html' successfully

2024-03-07 23:34:21 - [MESSAGE][PASSED] - Navigate to 'https://qa2.velocitypayment.com/client/rad/index.html' successfully

2024-03-07 23:34:21 - [TEST_STEP][PASSED] - orPath_Landing = "Object Repository/RAD_Pages/Landing_Page": null

2024-03-07 23:34:21 - [TEST_STEP][PASSED] - orPath_TaxTypeFilingYear = "Object Repository/RAD_Pages/TaxTypeFilingYear_Page": null

2024-03-07 23:34:21 - [TEST_STEP][PASSED] - orPath_TaxPayer = "Object Repository/RAD_Pages/Taxpayer_Page": null

2024-03-07 23:34:21 - [TEST_STEP][PASSED] - orPath_AddressContact = "Object Repository/RAD_Pages/AddressAndContactInfo_Page": null

2024-03-07 23:34:21 - [TEST_STEP][PASSED] - orPath_FilingStatus = "Object Repository/RAD_Pages/FilingStatus_Page": null

2024-03-07 23:34:21 - [TEST_STEP][PASSED] - orPath_Amount = "Object Repository/RAD_Pages/PaymentAmount_Page": null

2024-03-07 23:34:21 - [TEST_STEP][PASSED] - orPath_TaxInfo = "Object Repository/RAD_Pages/TaxInfo_Page": null

2024-03-07 23:34:21 - [TEST_STEP][PASSED] - orPath_Withholding = "Object Repository/RAD_Pages/Withholding_Page": null

2024-03-07 23:34:21 - [TEST_STEP][PASSED] - orPath_Summary = "Object Repository/RAD_Pages/Summary_Page": null

2024-03-07 23:34:21 - [TEST_STEP][PASSED] - orPath_PaymentReady = "Object Repository/RAD_Pages/PaymentReady_Page": null

2024-03-07 23:34:21 - [TEST_STEP][PASSED] - orPath_PaymentEntry = "Object Repository/RAD_Pages/PaymentEntry_Page": null

2024-03-07 23:34:21 - [TEST_STEP][PASSED] - orPath_PaymentConfirmation = "Object Repository/RAD_Pages/PaymentConfirmation_Page": null

2024-03-07 23:34:21 - [TEST_STEP][PASSED] - orPath_ServiceFeesAccept = "Object Repository/RAD_Pages/ServiceFeeAccept_Page": null

2024-03-07 23:34:21 - [TEST_STEP][PASSED] - selectOptionByLabel(findTestObject(orPath_Landing + "/dd_TaxType"), Paymenttype, false): All options with label 'Quarterly Estimated Tax' are selected in object 'Object Repository/RAD_Pages/Landing_Page/dd_TaxType' 

2024-03-07 23:34:22 - [MESSAGE][PASSED] - All options with label 'Quarterly Estimated Tax' are selected in object 'Object Repository/RAD_Pages/Landing_Page/dd_TaxType' 

2024-03-07 23:34:22 - [TEST_STEP][PASSED] - delay(1): Delayed 1 second(s)

2024-03-07 23:34:23 - [MESSAGE][PASSED] - Delayed 1 second(s)

2024-03-07 23:34:23 - [TEST_STEP][PASSED] - switch (Paymenttype): null

2024-03-07 23:34:23 - [TEST_STEP][PASSED] - case "Quarterly Estimated Tax":: null

2024-03-07 23:34:23 - [TEST_STEP][PASSED] - selectOptionByLabel(findTestObject(orPath_TaxTypeFilingYear + "/select_PaymentType"), Taxtype, false): All options with label 'PTE Non-Electing S Corp' are selected in object 'Object Repository/RAD_Pages/TaxTypeFilingYear_Page/select_PaymentType' 

2024-03-07 23:34:23 - [MESSAGE][PASSED] - All options with label 'PTE Non-Electing S Corp' are selected in object 'Object Repository/RAD_Pages/TaxTypeFilingYear_Page/select_PaymentType' 

2024-03-07 23:34:23 - [TEST_STEP][PASSED] - break: null

2024-03-07 23:34:23 - [TEST_STEP][PASSED] - delay(1): Delayed 1 second(s)

2024-03-07 23:34:24 - [MESSAGE][PASSED] - Delayed 1 second(s)

2024-03-07 23:34:24 - [TEST_STEP][PASSED] - scrollToElement(findTestObject(orPath_Amount + "/input__paymentAmount"), 2, CONTINUE_ON_FAILURE): Scroll to object 'Object Repository/RAD_Pages/PaymentAmount_Page/input__paymentAmount' successfully

2024-03-07 23:34:25 - [MESSAGE][PASSED] - Scroll to object 'Object Repository/RAD_Pages/PaymentAmount_Page/input__paymentAmount' successfully

2024-03-07 23:34:25 - [TEST_STEP][PASSED] - switch (Paymenttype): null

2024-03-07 23:34:25 - [TEST_STEP][PASSED] - case "Quarterly Estimated Tax":: null

2024-03-07 23:34:25 - [TEST_STEP][PASSED] - setEncryptedText(findTestObject(orPath_TaxInfo + "/input_TaxInfo_FeinSsn_New_2"), "RigbBhfdqODKcAsiUrg+1Q=="): Text ****** has been set on object 'Object Repository/RAD_Pages/TaxInfo_Page/input_TaxInfo_FeinSsn_New_2'

2024-03-07 23:34:25 - [MESSAGE][PASSED] - Text ****** has been set on object 'Object Repository/RAD_Pages/TaxInfo_Page/input_TaxInfo_FeinSsn_New_2'

2024-03-07 23:34:25 - [TEST_STEP][PASSED] - setEncryptedText(findTestObject(orPath_TaxInfo + "/input_TaxInfo_RetypeFeinSsn_New_2"), "RigbBhfdqOD+04WBHw5iKw=="): Text ****** has been set on object 'Object Repository/RAD_Pages/TaxInfo_Page/input_TaxInfo_RetypeFeinSsn_New_2'

2024-03-07 23:34:26 - [MESSAGE][PASSED] - Text ****** has been set on object 'Object Repository/RAD_Pages/TaxInfo_Page/input_TaxInfo_RetypeFeinSsn_New_2'

2024-03-07 23:34:26 - [TEST_STEP][PASSED] - break: null

2024-03-07 23:34:26 - [TEST_STEP][PASSED] - setText(findTestObject(orPath_Amount + "/input__paymentAmount"), ""): Text '' is set on object 'Object Repository/RAD_Pages/PaymentAmount_Page/input__paymentAmount'

2024-03-07 23:34:26 - [MESSAGE][PASSED] - Text '' is set on object 'Object Repository/RAD_Pages/PaymentAmount_Page/input__paymentAmount'

2024-03-07 23:34:26 - [TEST_STEP][PASSED] - if (verifyTextPresent("The FEIN/SSN and Re-type FEIN/SSN do not match", true)): null

2024-03-07 23:34:27 - [MESSAGE][PASSED] - Text 'The FEIN/SSN and Re-type FEIN/SSN do not match' is present on page  using regular expression

2024-03-07 23:34:27 - [TEST_STEP][PASSED] - println("Error Message is present on the page"): null

2024-03-07 23:34:27 - [TEST_STEP][PASSED] - out.println("Pass Record Number: " + row): null

2024-03-07 23:34:27 - [TEST_STEP][PASSED] - resText = "Pass": null

2024-03-07 23:34:27 - [TEST_STEP][PASSED] - pages.WriteExcel.demoKey(resText, datText, resColumn, datCloumn, fileLoc, nameSheet, row): pages.WriteExcel.demoKey is PASSED

2024-03-07 23:34:27 - [MESSAGE][PASSED] - pages.WriteExcel.demoKey is PASSED

2024-03-07 23:34:27 - [TEST_STEP][PASSED] - ExecuteTC = findTestData(dataFile).getValue("Execute", row): null

2024-03-07 23:34:27 - [TEST_STEP][PASSED] - Taxtype = findTestData(dataFile).getValue("TaxType", row): null

2024-03-07 23:34:27 - [TEST_STEP][PASSED] - Paymenttype = findTestData(dataFile).getValue("PaymentType", row): null

2024-03-07 23:34:27 - [TEST_STEP][PASSED] - out.println("Value of Execute is : " + ExecuteTC): null

2024-03-07 23:34:27 - [TEST_STEP][PASSED] - if (ExecuteTC.equalsIgnoreCase("Y")): null

2024-03-07 23:34:27 - [TEST_STEP][PASSED] - out.println("Begin Record Number: " + row): null

2024-03-07 23:34:27 - [TEST_STEP][PASSED] - today = new java.util.Date(): null

2024-03-07 23:34:27 - [TEST_STEP][PASSED] - println(today): null

2024-03-07 23:34:27 - [TEST_STEP][PASSED] - datText = today: null

2024-03-07 23:34:27 - [TEST_STEP][PASSED] - Taxtype = findTestData(dataFile).getValue("TaxType", row): null

2024-03-07 23:34:27 - [TEST_STEP][PASSED] - out.println("Taxtype value is : " + Taxtype): null

2024-03-07 23:34:27 - [TEST_STEP][PASSED] - openBrowser(""): Browser is opened with url: ''

2024-03-07 23:34:27 - [MESSAGE][WARNING] - A browser is already opened. Closing browser and opening a new one

2024-03-07 23:34:47 - [MESSAGE][INFO] - Starting 'Chrome' driver

2024-03-07 23:34:47 - [MESSAGE][INFO] - User set preference: ['acceptInsecureCerts', 'true']

2024-03-07 23:34:47 - [MESSAGE][INFO] - Action delay is set to 0 milliseconds

2024-03-07 23:34:49 - [MESSAGE][PASSED] - Browser is opened with url: ''

2024-03-07 23:34:49 - [TEST_STEP][PASSED] - maximizeWindow(): Current window maximized

2024-03-07 23:34:49 - [MESSAGE][PASSED] - Current window maximized

2024-03-07 23:34:49 - [TEST_STEP][PASSED] - navigateToUrl(RADurl): Navigate to 'https://qa2.velocitypayment.com/client/rad/index.html' successfully

2024-03-07 23:34:57 - [MESSAGE][PASSED] - Navigate to 'https://qa2.velocitypayment.com/client/rad/index.html' successfully

2024-03-07 23:34:57 - [TEST_STEP][PASSED] - orPath_Landing = "Object Repository/RAD_Pages/Landing_Page": null

2024-03-07 23:34:57 - [TEST_STEP][PASSED] - orPath_TaxTypeFilingYear = "Object Repository/RAD_Pages/TaxTypeFilingYear_Page": null

2024-03-07 23:34:57 - [TEST_STEP][PASSED] - orPath_TaxPayer = "Object Repository/RAD_Pages/Taxpayer_Page": null

2024-03-07 23:34:57 - [TEST_STEP][PASSED] - orPath_AddressContact = "Object Repository/RAD_Pages/AddressAndContactInfo_Page": null

2024-03-07 23:34:57 - [TEST_STEP][PASSED] - orPath_FilingStatus = "Object Repository/RAD_Pages/FilingStatus_Page": null

2024-03-07 23:34:57 - [TEST_STEP][PASSED] - orPath_Amount = "Object Repository/RAD_Pages/PaymentAmount_Page": null

2024-03-07 23:34:57 - [TEST_STEP][PASSED] - orPath_TaxInfo = "Object Repository/RAD_Pages/TaxInfo_Page": null

2024-03-07 23:34:57 - [TEST_STEP][PASSED] - orPath_Withholding = "Object Repository/RAD_Pages/Withholding_Page": null

2024-03-07 23:34:57 - [TEST_STEP][PASSED] - orPath_Summary = "Object Repository/RAD_Pages/Summary_Page": null

2024-03-07 23:34:57 - [TEST_STEP][PASSED] - orPath_PaymentReady = "Object Repository/RAD_Pages/PaymentReady_Page": null

2024-03-07 23:34:57 - [TEST_STEP][PASSED] - orPath_PaymentEntry = "Object Repository/RAD_Pages/PaymentEntry_Page": null

2024-03-07 23:34:57 - [TEST_STEP][PASSED] - orPath_PaymentConfirmation = "Object Repository/RAD_Pages/PaymentConfirmation_Page": null

2024-03-07 23:34:57 - [TEST_STEP][PASSED] - orPath_ServiceFeesAccept = "Object Repository/RAD_Pages/ServiceFeeAccept_Page": null

2024-03-07 23:34:57 - [TEST_STEP][PASSED] - selectOptionByLabel(findTestObject(orPath_Landing + "/dd_TaxType"), Paymenttype, false): All options with label 'Quarterly Estimated Tax' are selected in object 'Object Repository/RAD_Pages/Landing_Page/dd_TaxType' 

2024-03-07 23:34:57 - [MESSAGE][PASSED] - All options with label 'Quarterly Estimated Tax' are selected in object 'Object Repository/RAD_Pages/Landing_Page/dd_TaxType' 

2024-03-07 23:34:57 - [TEST_STEP][PASSED] - delay(1): Delayed 1 second(s)

2024-03-07 23:34:58 - [MESSAGE][PASSED] - Delayed 1 second(s)

2024-03-07 23:34:58 - [TEST_STEP][PASSED] - switch (Paymenttype): null

2024-03-07 23:34:58 - [TEST_STEP][PASSED] - case "Quarterly Estimated Tax":: null

2024-03-07 23:34:58 - [TEST_STEP][PASSED] - selectOptionByLabel(findTestObject(orPath_TaxTypeFilingYear + "/select_PaymentType"), Taxtype, false): All options with label 'PTE Tax Electing Non-S Corp' are selected in object 'Object Repository/RAD_Pages/TaxTypeFilingYear_Page/select_PaymentType' 

2024-03-07 23:34:59 - [MESSAGE][PASSED] - All options with label 'PTE Tax Electing Non-S Corp' are selected in object 'Object Repository/RAD_Pages/TaxTypeFilingYear_Page/select_PaymentType' 

2024-03-07 23:34:59 - [TEST_STEP][PASSED] - break: null

2024-03-07 23:34:59 - [TEST_STEP][PASSED] - delay(1): Delayed 1 second(s)

2024-03-07 23:35:00 - [MESSAGE][PASSED] - Delayed 1 second(s)

2024-03-07 23:35:00 - [TEST_STEP][PASSED] - scrollToElement(findTestObject(orPath_Amount + "/input__paymentAmount"), 2, CONTINUE_ON_FAILURE): Scroll to object 'Object Repository/RAD_Pages/PaymentAmount_Page/input__paymentAmount' successfully

2024-03-07 23:35:00 - [MESSAGE][PASSED] - Scroll to object 'Object Repository/RAD_Pages/PaymentAmount_Page/input__paymentAmount' successfully

2024-03-07 23:35:00 - [TEST_STEP][PASSED] - switch (Paymenttype): null

2024-03-07 23:35:00 - [TEST_STEP][PASSED] - case "Quarterly Estimated Tax":: null

2024-03-07 23:35:00 - [TEST_STEP][PASSED] - setEncryptedText(findTestObject(orPath_TaxInfo + "/input_TaxInfo_FeinSsn_New_2"), "RigbBhfdqODKcAsiUrg+1Q=="): Text ****** has been set on object 'Object Repository/RAD_Pages/TaxInfo_Page/input_TaxInfo_FeinSsn_New_2'

2024-03-07 23:35:01 - [MESSAGE][PASSED] - Text ****** has been set on object 'Object Repository/RAD_Pages/TaxInfo_Page/input_TaxInfo_FeinSsn_New_2'

2024-03-07 23:35:01 - [TEST_STEP][PASSED] - setEncryptedText(findTestObject(orPath_TaxInfo + "/input_TaxInfo_RetypeFeinSsn_New_2"), "RigbBhfdqOD+04WBHw5iKw=="): Text ****** has been set on object 'Object Repository/RAD_Pages/TaxInfo_Page/input_TaxInfo_RetypeFeinSsn_New_2'

2024-03-07 23:35:01 - [MESSAGE][PASSED] - Text ****** has been set on object 'Object Repository/RAD_Pages/TaxInfo_Page/input_TaxInfo_RetypeFeinSsn_New_2'

2024-03-07 23:35:02 - [TEST_STEP][PASSED] - break: null

2024-03-07 23:35:02 - [TEST_STEP][PASSED] - setText(findTestObject(orPath_Amount + "/input__paymentAmount"), ""): Text '' is set on object 'Object Repository/RAD_Pages/PaymentAmount_Page/input__paymentAmount'

2024-03-07 23:35:02 - [MESSAGE][PASSED] - Text '' is set on object 'Object Repository/RAD_Pages/PaymentAmount_Page/input__paymentAmount'

2024-03-07 23:35:02 - [TEST_STEP][PASSED] - if (verifyTextPresent("The FEIN/SSN and Re-type FEIN/SSN do not match", true)): null

2024-03-07 23:35:03 - [MESSAGE][PASSED] - Text 'The FEIN/SSN and Re-type FEIN/SSN do not match' is present on page  using regular expression

2024-03-07 23:35:03 - [TEST_STEP][PASSED] - println("Error Message is present on the page"): null

2024-03-07 23:35:03 - [TEST_STEP][PASSED] - out.println("Pass Record Number: " + row): null

2024-03-07 23:35:03 - [TEST_STEP][PASSED] - resText = "Pass": null

2024-03-07 23:35:03 - [TEST_STEP][PASSED] - pages.WriteExcel.demoKey(resText, datText, resColumn, datCloumn, fileLoc, nameSheet, row): pages.WriteExcel.demoKey is PASSED

2024-03-07 23:35:03 - [MESSAGE][PASSED] - pages.WriteExcel.demoKey is PASSED

2024-03-07 23:35:03 - [TEST_STEP][PASSED] - ExecuteTC = findTestData(dataFile).getValue("Execute", row): null

2024-03-07 23:35:03 - [TEST_STEP][PASSED] - Taxtype = findTestData(dataFile).getValue("TaxType", row): null

2024-03-07 23:35:03 - [TEST_STEP][PASSED] - Paymenttype = findTestData(dataFile).getValue("PaymentType", row): null

2024-03-07 23:35:03 - [TEST_STEP][PASSED] - out.println("Value of Execute is : " + ExecuteTC): null

2024-03-07 23:35:03 - [TEST_STEP][PASSED] - if (ExecuteTC.equalsIgnoreCase("Y")): null

2024-03-07 23:35:03 - [TEST_STEP][PASSED] - out.println("Begin Record Number: " + row): null

2024-03-07 23:35:03 - [TEST_STEP][PASSED] - today = new java.util.Date(): null

2024-03-07 23:35:03 - [TEST_STEP][PASSED] - println(today): null

2024-03-07 23:35:03 - [TEST_STEP][PASSED] - datText = today: null

2024-03-07 23:35:03 - [TEST_STEP][PASSED] - Taxtype = findTestData(dataFile).getValue("TaxType", row): null

2024-03-07 23:35:03 - [TEST_STEP][PASSED] - out.println("Taxtype value is : " + Taxtype): null

2024-03-07 23:35:03 - [TEST_STEP][PASSED] - openBrowser(""): Browser is opened with url: ''

2024-03-07 23:35:03 - [MESSAGE][WARNING] - A browser is already opened. Closing browser and opening a new one

2024-03-07 23:35:19 - [MESSAGE][INFO] - Starting 'Chrome' driver

2024-03-07 23:35:19 - [MESSAGE][INFO] - User set preference: ['acceptInsecureCerts', 'true']

2024-03-07 23:35:19 - [MESSAGE][INFO] - Action delay is set to 0 milliseconds

2024-03-07 23:35:20 - [MESSAGE][PASSED] - Browser is opened with url: ''

2024-03-07 23:35:20 - [TEST_STEP][PASSED] - maximizeWindow(): Current window maximized

2024-03-07 23:35:20 - [MESSAGE][PASSED] - Current window maximized

2024-03-07 23:35:20 - [TEST_STEP][PASSED] - navigateToUrl(RADurl): Navigate to 'https://qa2.velocitypayment.com/client/rad/index.html' successfully

2024-03-07 23:35:23 - [MESSAGE][PASSED] - Navigate to 'https://qa2.velocitypayment.com/client/rad/index.html' successfully

2024-03-07 23:35:23 - [TEST_STEP][PASSED] - orPath_Landing = "Object Repository/RAD_Pages/Landing_Page": null

2024-03-07 23:35:23 - [TEST_STEP][PASSED] - orPath_TaxTypeFilingYear = "Object Repository/RAD_Pages/TaxTypeFilingYear_Page": null

2024-03-07 23:35:23 - [TEST_STEP][PASSED] - orPath_TaxPayer = "Object Repository/RAD_Pages/Taxpayer_Page": null

2024-03-07 23:35:23 - [TEST_STEP][PASSED] - orPath_AddressContact = "Object Repository/RAD_Pages/AddressAndContactInfo_Page": null

2024-03-07 23:35:23 - [TEST_STEP][PASSED] - orPath_FilingStatus = "Object Repository/RAD_Pages/FilingStatus_Page": null

2024-03-07 23:35:23 - [TEST_STEP][PASSED] - orPath_Amount = "Object Repository/RAD_Pages/PaymentAmount_Page": null

2024-03-07 23:35:23 - [TEST_STEP][PASSED] - orPath_TaxInfo = "Object Repository/RAD_Pages/TaxInfo_Page": null

2024-03-07 23:35:23 - [TEST_STEP][PASSED] - orPath_Withholding = "Object Repository/RAD_Pages/Withholding_Page": null

2024-03-07 23:35:23 - [TEST_STEP][PASSED] - orPath_Summary = "Object Repository/RAD_Pages/Summary_Page": null

2024-03-07 23:35:23 - [TEST_STEP][PASSED] - orPath_PaymentReady = "Object Repository/RAD_Pages/PaymentReady_Page": null

2024-03-07 23:35:23 - [TEST_STEP][PASSED] - orPath_PaymentEntry = "Object Repository/RAD_Pages/PaymentEntry_Page": null

2024-03-07 23:35:23 - [TEST_STEP][PASSED] - orPath_PaymentConfirmation = "Object Repository/RAD_Pages/PaymentConfirmation_Page": null

2024-03-07 23:35:23 - [TEST_STEP][PASSED] - orPath_ServiceFeesAccept = "Object Repository/RAD_Pages/ServiceFeeAccept_Page": null

2024-03-07 23:35:23 - [TEST_STEP][PASSED] - selectOptionByLabel(findTestObject(orPath_Landing + "/dd_TaxType"), Paymenttype, false): All options with label 'Quarterly Estimated Tax' are selected in object 'Object Repository/RAD_Pages/Landing_Page/dd_TaxType' 

2024-03-07 23:35:23 - [MESSAGE][PASSED] - All options with label 'Quarterly Estimated Tax' are selected in object 'Object Repository/RAD_Pages/Landing_Page/dd_TaxType' 

2024-03-07 23:35:23 - [TEST_STEP][PASSED] - delay(1): Delayed 1 second(s)

2024-03-07 23:35:24 - [MESSAGE][PASSED] - Delayed 1 second(s)

2024-03-07 23:35:24 - [TEST_STEP][PASSED] - switch (Paymenttype): null

2024-03-07 23:35:24 - [TEST_STEP][PASSED] - case "Quarterly Estimated Tax":: null

2024-03-07 23:35:24 - [TEST_STEP][PASSED] - selectOptionByLabel(findTestObject(orPath_TaxTypeFilingYear + "/select_PaymentType"), Taxtype, false): All options with label 'PTE Tax Electing S Corp' are selected in object 'Object Repository/RAD_Pages/TaxTypeFilingYear_Page/select_PaymentType' 

2024-03-07 23:35:25 - [MESSAGE][PASSED] - All options with label 'PTE Tax Electing S Corp' are selected in object 'Object Repository/RAD_Pages/TaxTypeFilingYear_Page/select_PaymentType' 

2024-03-07 23:35:25 - [TEST_STEP][PASSED] - break: null

2024-03-07 23:35:25 - [TEST_STEP][PASSED] - delay(1): Delayed 1 second(s)

2024-03-07 23:35:26 - [MESSAGE][PASSED] - Delayed 1 second(s)

2024-03-07 23:35:26 - [TEST_STEP][PASSED] - scrollToElement(findTestObject(orPath_Amount + "/input__paymentAmount"), 2, CONTINUE_ON_FAILURE): Scroll to object 'Object Repository/RAD_Pages/PaymentAmount_Page/input__paymentAmount' successfully

2024-03-07 23:35:26 - [MESSAGE][PASSED] - Scroll to object 'Object Repository/RAD_Pages/PaymentAmount_Page/input__paymentAmount' successfully

2024-03-07 23:35:26 - [TEST_STEP][PASSED] - switch (Paymenttype): null

2024-03-07 23:35:26 - [TEST_STEP][PASSED] - case "Quarterly Estimated Tax":: null

2024-03-07 23:35:26 - [TEST_STEP][PASSED] - setEncryptedText(findTestObject(orPath_TaxInfo + "/input_TaxInfo_FeinSsn_New_2"), "RigbBhfdqODKcAsiUrg+1Q=="): Text ****** has been set on object 'Object Repository/RAD_Pages/TaxInfo_Page/input_TaxInfo_FeinSsn_New_2'

2024-03-07 23:35:27 - [MESSAGE][PASSED] - Text ****** has been set on object 'Object Repository/RAD_Pages/TaxInfo_Page/input_TaxInfo_FeinSsn_New_2'

2024-03-07 23:35:27 - [TEST_STEP][PASSED] - setEncryptedText(findTestObject(orPath_TaxInfo + "/input_TaxInfo_RetypeFeinSsn_New_2"), "RigbBhfdqOD+04WBHw5iKw=="): Text ****** has been set on object 'Object Repository/RAD_Pages/TaxInfo_Page/input_TaxInfo_RetypeFeinSsn_New_2'

2024-03-07 23:35:28 - [MESSAGE][PASSED] - Text ****** has been set on object 'Object Repository/RAD_Pages/TaxInfo_Page/input_TaxInfo_RetypeFeinSsn_New_2'

2024-03-07 23:35:28 - [TEST_STEP][PASSED] - break: null

2024-03-07 23:35:28 - [TEST_STEP][PASSED] - setText(findTestObject(orPath_Amount + "/input__paymentAmount"), ""): Text '' is set on object 'Object Repository/RAD_Pages/PaymentAmount_Page/input__paymentAmount'

2024-03-07 23:35:28 - [MESSAGE][PASSED] - Text '' is set on object 'Object Repository/RAD_Pages/PaymentAmount_Page/input__paymentAmount'

2024-03-07 23:35:28 - [TEST_STEP][PASSED] - if (verifyTextPresent("The FEIN/SSN and Re-type FEIN/SSN do not match", true)): null

2024-03-07 23:35:29 - [MESSAGE][PASSED] - Text 'The FEIN/SSN and Re-type FEIN/SSN do not match' is present on page  using regular expression

2024-03-07 23:35:29 - [TEST_STEP][PASSED] - println("Error Message is present on the page"): null

2024-03-07 23:35:29 - [TEST_STEP][PASSED] - out.println("Pass Record Number: " + row): null

2024-03-07 23:35:29 - [TEST_STEP][PASSED] - resText = "Pass": null

2024-03-07 23:35:29 - [TEST_STEP][PASSED] - pages.WriteExcel.demoKey(resText, datText, resColumn, datCloumn, fileLoc, nameSheet, row): pages.WriteExcel.demoKey is PASSED

2024-03-07 23:35:29 - [MESSAGE][PASSED] - pages.WriteExcel.demoKey is PASSED

2024-03-07 23:35:29 - [TEST_STEP][PASSED] - ExecuteTC = findTestData(dataFile).getValue("Execute", row): null

2024-03-07 23:35:29 - [TEST_STEP][PASSED] - Taxtype = findTestData(dataFile).getValue("TaxType", row): null

2024-03-07 23:35:29 - [TEST_STEP][PASSED] - Paymenttype = findTestData(dataFile).getValue("PaymentType", row): null

2024-03-07 23:35:29 - [TEST_STEP][PASSED] - out.println("Value of Execute is : " + ExecuteTC): null

2024-03-07 23:35:29 - [TEST_STEP][PASSED] - if (ExecuteTC.equalsIgnoreCase("Y")): null

2024-03-07 23:35:29 - [TEST_STEP][PASSED] - ExecuteTC = findTestData(dataFile).getValue("Execute", row): null

2024-03-07 23:35:29 - [TEST_STEP][PASSED] - Taxtype = findTestData(dataFile).getValue("TaxType", row): null

2024-03-07 23:35:29 - [TEST_STEP][PASSED] - Paymenttype = findTestData(dataFile).getValue("PaymentType", row): null

2024-03-07 23:35:29 - [TEST_STEP][PASSED] - out.println("Value of Execute is : " + ExecuteTC): null

2024-03-07 23:35:29 - [TEST_STEP][PASSED] - if (ExecuteTC.equalsIgnoreCase("Y")): null

2024-03-07 23:35:29 - [TEST_STEP][PASSED] - ExecuteTC = findTestData(dataFile).getValue("Execute", row): null

2024-03-07 23:35:29 - [TEST_STEP][PASSED] - Taxtype = findTestData(dataFile).getValue("TaxType", row): null

2024-03-07 23:35:29 - [TEST_STEP][PASSED] - Paymenttype = findTestData(dataFile).getValue("PaymentType", row): null

2024-03-07 23:35:29 - [TEST_STEP][PASSED] - out.println("Value of Execute is : " + ExecuteTC): null

2024-03-07 23:35:29 - [TEST_STEP][PASSED] - if (ExecuteTC.equalsIgnoreCase("Y")): null

2024-03-07 23:35:29 - [TEST_STEP][PASSED] - ExecuteTC = findTestData(dataFile).getValue("Execute", row): null

2024-03-07 23:35:29 - [TEST_STEP][PASSED] - Taxtype = findTestData(dataFile).getValue("TaxType", row): null

2024-03-07 23:35:29 - [TEST_STEP][PASSED] - Paymenttype = findTestData(dataFile).getValue("PaymentType", row): null

2024-03-07 23:35:29 - [TEST_STEP][PASSED] - out.println("Value of Execute is : " + ExecuteTC): null

2024-03-07 23:35:29 - [TEST_STEP][PASSED] - if (ExecuteTC.equalsIgnoreCase("Y")): null

2024-03-07 23:35:29 - [TEST_STEP][PASSED] - ExecuteTC = findTestData(dataFile).getValue("Execute", row): null

2024-03-07 23:35:29 - [TEST_STEP][PASSED] - Taxtype = findTestData(dataFile).getValue("TaxType", row): null

2024-03-07 23:35:30 - [TEST_STEP][PASSED] - Paymenttype = findTestData(dataFile).getValue("PaymentType", row): null

2024-03-07 23:35:30 - [TEST_STEP][PASSED] - out.println("Value of Execute is : " + ExecuteTC): null

2024-03-07 23:35:30 - [TEST_STEP][PASSED] - if (ExecuteTC.equalsIgnoreCase("Y")): null

2024-03-07 23:35:30 - [TEST_STEP][PASSED] - out.println("Begin Record Number: " + row): null

2024-03-07 23:35:30 - [TEST_STEP][PASSED] - today = new java.util.Date(): null

2024-03-07 23:35:30 - [TEST_STEP][PASSED] - println(today): null

2024-03-07 23:35:30 - [TEST_STEP][PASSED] - datText = today: null

2024-03-07 23:35:30 - [TEST_STEP][PASSED] - Taxtype = findTestData(dataFile).getValue("TaxType", row): null

2024-03-07 23:35:30 - [TEST_STEP][PASSED] - out.println("Taxtype value is : " + Taxtype): null

2024-03-07 23:35:30 - [TEST_STEP][PASSED] - openBrowser(""): Browser is opened with url: ''

2024-03-07 23:35:30 - [MESSAGE][WARNING] - A browser is already opened. Closing browser and opening a new one

2024-03-07 23:35:49 - [MESSAGE][INFO] - Starting 'Chrome' driver

2024-03-07 23:35:49 - [MESSAGE][INFO] - User set preference: ['acceptInsecureCerts', 'true']

2024-03-07 23:35:49 - [MESSAGE][INFO] - Action delay is set to 0 milliseconds

2024-03-07 23:35:51 - [MESSAGE][PASSED] - Browser is opened with url: ''

2024-03-07 23:35:51 - [TEST_STEP][PASSED] - maximizeWindow(): Current window maximized

2024-03-07 23:35:51 - [MESSAGE][PASSED] - Current window maximized

2024-03-07 23:35:51 - [TEST_STEP][PASSED] - navigateToUrl(RADurl): Navigate to 'https://qa2.velocitypayment.com/client/rad/index.html' successfully

2024-03-07 23:35:52 - [MESSAGE][PASSED] - Navigate to 'https://qa2.velocitypayment.com/client/rad/index.html' successfully

2024-03-07 23:35:52 - [TEST_STEP][PASSED] - orPath_Landing = "Object Repository/RAD_Pages/Landing_Page": null

2024-03-07 23:35:52 - [TEST_STEP][PASSED] - orPath_TaxTypeFilingYear = "Object Repository/RAD_Pages/TaxTypeFilingYear_Page": null

2024-03-07 23:35:52 - [TEST_STEP][PASSED] - orPath_TaxPayer = "Object Repository/RAD_Pages/Taxpayer_Page": null

2024-03-07 23:35:52 - [TEST_STEP][PASSED] - orPath_AddressContact = "Object Repository/RAD_Pages/AddressAndContactInfo_Page": null

2024-03-07 23:35:52 - [TEST_STEP][PASSED] - orPath_FilingStatus = "Object Repository/RAD_Pages/FilingStatus_Page": null

2024-03-07 23:35:52 - [TEST_STEP][PASSED] - orPath_Amount = "Object Repository/RAD_Pages/PaymentAmount_Page": null

2024-03-07 23:35:52 - [TEST_STEP][PASSED] - orPath_TaxInfo = "Object Repository/RAD_Pages/TaxInfo_Page": null

2024-03-07 23:35:52 - [TEST_STEP][PASSED] - orPath_Withholding = "Object Repository/RAD_Pages/Withholding_Page": null

2024-03-07 23:35:52 - [TEST_STEP][PASSED] - orPath_Summary = "Object Repository/RAD_Pages/Summary_Page": null

2024-03-07 23:35:52 - [TEST_STEP][PASSED] - orPath_PaymentReady = "Object Repository/RAD_Pages/PaymentReady_Page": null

2024-03-07 23:35:52 - [TEST_STEP][PASSED] - orPath_PaymentEntry = "Object Repository/RAD_Pages/PaymentEntry_Page": null

2024-03-07 23:35:52 - [TEST_STEP][PASSED] - orPath_PaymentConfirmation = "Object Repository/RAD_Pages/PaymentConfirmation_Page": null

2024-03-07 23:35:52 - [TEST_STEP][PASSED] - orPath_ServiceFeesAccept = "Object Repository/RAD_Pages/ServiceFeeAccept_Page": null

2024-03-07 23:35:52 - [TEST_STEP][PASSED] - selectOptionByLabel(findTestObject(orPath_Landing + "/dd_TaxType"), Paymenttype, false): All options with label 'New Tax Return Amount Due' are selected in object 'Object Repository/RAD_Pages/Landing_Page/dd_TaxType' 

2024-03-07 23:35:53 - [MESSAGE][PASSED] - All options with label 'New Tax Return Amount Due' are selected in object 'Object Repository/RAD_Pages/Landing_Page/dd_TaxType' 

2024-03-07 23:35:53 - [TEST_STEP][PASSED] - delay(1): Delayed 1 second(s)

2024-03-07 23:35:54 - [MESSAGE][PASSED] - Delayed 1 second(s)

2024-03-07 23:35:54 - [TEST_STEP][PASSED] - switch (Paymenttype): null

2024-03-07 23:35:54 - [TEST_STEP][PASSED] - case "New Tax Return Amount Due":: null

2024-03-07 23:35:54 - [TEST_STEP][PASSED] - selectOptionByLabel(findTestObject("Object Repository/RAD_Pages/Landing_Page/select_NewTaxReturnAmountDue_TaxType"), Taxtype, false): All options with label 'PTE Non-Electing Non-S Corp' are selected in object 'Object Repository/RAD_Pages/Landing_Page/select_NewTaxReturnAmountDue_TaxType' 

2024-03-07 23:35:55 - [MESSAGE][PASSED] - All options with label 'PTE Non-Electing Non-S Corp' are selected in object 'Object Repository/RAD_Pages/Landing_Page/select_NewTaxReturnAmountDue_TaxType' 

2024-03-07 23:35:55 - [TEST_STEP][PASSED] - break: null

2024-03-07 23:35:55 - [TEST_STEP][PASSED] - delay(1): Delayed 1 second(s)

2024-03-07 23:35:56 - [MESSAGE][PASSED] - Delayed 1 second(s)

2024-03-07 23:35:56 - [TEST_STEP][PASSED] - scrollToElement(findTestObject(orPath_Amount + "/input__paymentAmount"), 2, CONTINUE_ON_FAILURE): Scroll to object 'Object Repository/RAD_Pages/PaymentAmount_Page/input__paymentAmount' successfully

2024-03-07 23:35:56 - [MESSAGE][PASSED] - Scroll to object 'Object Repository/RAD_Pages/PaymentAmount_Page/input__paymentAmount' successfully

2024-03-07 23:35:56 - [TEST_STEP][PASSED] - switch (Paymenttype): null

2024-03-07 23:35:56 - [TEST_STEP][PASSED] - case "New Tax Return Amount Due":: null

2024-03-07 23:35:56 - [TEST_STEP][PASSED] - setEncryptedText(findTestObject(orPath_TaxInfo + "/input_TaxInfo_FeinSsn_New_2"), "RigbBhfdqODKcAsiUrg+1Q=="): Text ****** has been set on object 'Object Repository/RAD_Pages/TaxInfo_Page/input_TaxInfo_FeinSsn_New_2'

2024-03-07 23:35:57 - [MESSAGE][PASSED] - Text ****** has been set on object 'Object Repository/RAD_Pages/TaxInfo_Page/input_TaxInfo_FeinSsn_New_2'

2024-03-07 23:35:57 - [TEST_STEP][PASSED] - setEncryptedText(findTestObject(orPath_TaxInfo + "/input_TaxInfo_RetypeFeinSsn_New_2"), "RigbBhfdqOD+04WBHw5iKw=="): Text ****** has been set on object 'Object Repository/RAD_Pages/TaxInfo_Page/input_TaxInfo_RetypeFeinSsn_New_2'

2024-03-07 23:35:57 - [MESSAGE][PASSED] - Text ****** has been set on object 'Object Repository/RAD_Pages/TaxInfo_Page/input_TaxInfo_RetypeFeinSsn_New_2'

2024-03-07 23:35:57 - [TEST_STEP][PASSED] - break: null

2024-03-07 23:35:57 - [TEST_STEP][PASSED] - setText(findTestObject(orPath_Amount + "/input__paymentAmount"), ""): Text '' is set on object 'Object Repository/RAD_Pages/PaymentAmount_Page/input__paymentAmount'

2024-03-07 23:35:58 - [MESSAGE][PASSED] - Text '' is set on object 'Object Repository/RAD_Pages/PaymentAmount_Page/input__paymentAmount'

2024-03-07 23:35:58 - [TEST_STEP][PASSED] - if (verifyTextPresent("The FEIN/SSN and Re-type FEIN/SSN do not match", true)): null

2024-03-07 23:35:59 - [MESSAGE][PASSED] - Text 'The FEIN/SSN and Re-type FEIN/SSN do not match' is present on page  using regular expression

2024-03-07 23:35:59 - [TEST_STEP][PASSED] - println("Error Message is present on the page"): null

2024-03-07 23:35:59 - [TEST_STEP][PASSED] - out.println("Pass Record Number: " + row): null

2024-03-07 23:35:59 - [TEST_STEP][PASSED] - resText = "Pass": null

2024-03-07 23:35:59 - [TEST_STEP][PASSED] - pages.WriteExcel.demoKey(resText, datText, resColumn, datCloumn, fileLoc, nameSheet, row): pages.WriteExcel.demoKey is PASSED

2024-03-07 23:35:59 - [MESSAGE][PASSED] - pages.WriteExcel.demoKey is PASSED

2024-03-07 23:35:59 - [TEST_STEP][PASSED] - ExecuteTC = findTestData(dataFile).getValue("Execute", row): null

2024-03-07 23:35:59 - [TEST_STEP][PASSED] - Taxtype = findTestData(dataFile).getValue("TaxType", row): null

2024-03-07 23:35:59 - [TEST_STEP][PASSED] - Paymenttype = findTestData(dataFile).getValue("PaymentType", row): null

2024-03-07 23:35:59 - [TEST_STEP][PASSED] - out.println("Value of Execute is : " + ExecuteTC): null

2024-03-07 23:35:59 - [TEST_STEP][PASSED] - if (ExecuteTC.equalsIgnoreCase("Y")): null

2024-03-07 23:35:59 - [TEST_STEP][PASSED] - out.println("Begin Record Number: " + row): null

2024-03-07 23:35:59 - [TEST_STEP][PASSED] - today = new java.util.Date(): null

2024-03-07 23:35:59 - [TEST_STEP][PASSED] - println(today): null

2024-03-07 23:35:59 - [TEST_STEP][PASSED] - datText = today: null

2024-03-07 23:35:59 - [TEST_STEP][PASSED] - Taxtype = findTestData(dataFile).getValue("TaxType", row): null

2024-03-07 23:35:59 - [TEST_STEP][PASSED] - out.println("Taxtype value is : " + Taxtype): null

2024-03-07 23:35:59 - [TEST_STEP][PASSED] - openBrowser(""): Browser is opened with url: ''

2024-03-07 23:35:59 - [MESSAGE][WARNING] - A browser is already opened. Closing browser and opening a new one

2024-03-07 23:36:11 - [MESSAGE][INFO] - Starting 'Chrome' driver

2024-03-07 23:36:11 - [MESSAGE][INFO] - User set preference: ['acceptInsecureCerts', 'true']

2024-03-07 23:36:11 - [MESSAGE][INFO] - Action delay is set to 0 milliseconds

2024-03-07 23:36:12 - [MESSAGE][PASSED] - Browser is opened with url: ''

2024-03-07 23:36:12 - [TEST_STEP][PASSED] - maximizeWindow(): Current window maximized

2024-03-07 23:36:12 - [MESSAGE][PASSED] - Current window maximized

2024-03-07 23:36:12 - [TEST_STEP][PASSED] - navigateToUrl(RADurl): Navigate to 'https://qa2.velocitypayment.com/client/rad/index.html' successfully

2024-03-07 23:36:24 - [MESSAGE][PASSED] - Navigate to 'https://qa2.velocitypayment.com/client/rad/index.html' successfully

2024-03-07 23:36:24 - [TEST_STEP][PASSED] - orPath_Landing = "Object Repository/RAD_Pages/Landing_Page": null

2024-03-07 23:36:24 - [TEST_STEP][PASSED] - orPath_TaxTypeFilingYear = "Object Repository/RAD_Pages/TaxTypeFilingYear_Page": null

2024-03-07 23:36:24 - [TEST_STEP][PASSED] - orPath_TaxPayer = "Object Repository/RAD_Pages/Taxpayer_Page": null

2024-03-07 23:36:24 - [TEST_STEP][PASSED] - orPath_AddressContact = "Object Repository/RAD_Pages/AddressAndContactInfo_Page": null

2024-03-07 23:36:24 - [TEST_STEP][PASSED] - orPath_FilingStatus = "Object Repository/RAD_Pages/FilingStatus_Page": null

2024-03-07 23:36:24 - [TEST_STEP][PASSED] - orPath_Amount = "Object Repository/RAD_Pages/PaymentAmount_Page": null

2024-03-07 23:36:24 - [TEST_STEP][PASSED] - orPath_TaxInfo = "Object Repository/RAD_Pages/TaxInfo_Page": null

2024-03-07 23:36:24 - [TEST_STEP][PASSED] - orPath_Withholding = "Object Repository/RAD_Pages/Withholding_Page": null

2024-03-07 23:36:24 - [TEST_STEP][PASSED] - orPath_Summary = "Object Repository/RAD_Pages/Summary_Page": null

2024-03-07 23:36:24 - [TEST_STEP][PASSED] - orPath_PaymentReady = "Object Repository/RAD_Pages/PaymentReady_Page": null

2024-03-07 23:36:24 - [TEST_STEP][PASSED] - orPath_PaymentEntry = "Object Repository/RAD_Pages/PaymentEntry_Page": null

2024-03-07 23:36:24 - [TEST_STEP][PASSED] - orPath_PaymentConfirmation = "Object Repository/RAD_Pages/PaymentConfirmation_Page": null

2024-03-07 23:36:24 - [TEST_STEP][PASSED] - orPath_ServiceFeesAccept = "Object Repository/RAD_Pages/ServiceFeeAccept_Page": null

2024-03-07 23:36:24 - [TEST_STEP][PASSED] - selectOptionByLabel(findTestObject(orPath_Landing + "/dd_TaxType"), Paymenttype, false): All options with label 'New Tax Return Amount Due' are selected in object 'Object Repository/RAD_Pages/Landing_Page/dd_TaxType' 

2024-03-07 23:36:25 - [MESSAGE][PASSED] - All options with label 'New Tax Return Amount Due' are selected in object 'Object Repository/RAD_Pages/Landing_Page/dd_TaxType' 

2024-03-07 23:36:25 - [TEST_STEP][PASSED] - delay(1): Delayed 1 second(s)

2024-03-07 23:36:26 - [MESSAGE][PASSED] - Delayed 1 second(s)

2024-03-07 23:36:26 - [TEST_STEP][PASSED] - switch (Paymenttype): null

2024-03-07 23:36:26 - [TEST_STEP][PASSED] - case "New Tax Return Amount Due":: null

2024-03-07 23:36:26 - [TEST_STEP][PASSED] - selectOptionByLabel(findTestObject("Object Repository/RAD_Pages/Landing_Page/select_NewTaxReturnAmountDue_TaxType"), Taxtype, false): All options with label 'PTE Non-Electing S Corp' are selected in object 'Object Repository/RAD_Pages/Landing_Page/select_NewTaxReturnAmountDue_TaxType' 

2024-03-07 23:36:27 - [MESSAGE][PASSED] - All options with label 'PTE Non-Electing S Corp' are selected in object 'Object Repository/RAD_Pages/Landing_Page/select_NewTaxReturnAmountDue_TaxType' 

2024-03-07 23:36:27 - [TEST_STEP][PASSED] - break: null

2024-03-07 23:36:27 - [TEST_STEP][PASSED] - delay(1): Delayed 1 second(s)

2024-03-07 23:36:28 - [MESSAGE][PASSED] - Delayed 1 second(s)

2024-03-07 23:36:28 - [TEST_STEP][PASSED] - scrollToElement(findTestObject(orPath_Amount + "/input__paymentAmount"), 2, CONTINUE_ON_FAILURE): Scroll to object 'Object Repository/RAD_Pages/PaymentAmount_Page/input__paymentAmount' successfully

2024-03-07 23:36:28 - [MESSAGE][PASSED] - Scroll to object 'Object Repository/RAD_Pages/PaymentAmount_Page/input__paymentAmount' successfully

2024-03-07 23:36:28 - [TEST_STEP][PASSED] - switch (Paymenttype): null

2024-03-07 23:36:28 - [TEST_STEP][PASSED] - case "New Tax Return Amount Due":: null

2024-03-07 23:36:28 - [TEST_STEP][PASSED] - setEncryptedText(findTestObject(orPath_TaxInfo + "/input_TaxInfo_FeinSsn_New_2"), "RigbBhfdqODKcAsiUrg+1Q=="): Text ****** has been set on object 'Object Repository/RAD_Pages/TaxInfo_Page/input_TaxInfo_FeinSsn_New_2'

2024-03-07 23:36:29 - [MESSAGE][PASSED] - Text ****** has been set on object 'Object Repository/RAD_Pages/TaxInfo_Page/input_TaxInfo_FeinSsn_New_2'

2024-03-07 23:36:29 - [TEST_STEP][PASSED] - setEncryptedText(findTestObject(orPath_TaxInfo + "/input_TaxInfo_RetypeFeinSsn_New_2"), "RigbBhfdqOD+04WBHw5iKw=="): Text ****** has been set on object 'Object Repository/RAD_Pages/TaxInfo_Page/input_TaxInfo_RetypeFeinSsn_New_2'

2024-03-07 23:36:29 - [MESSAGE][PASSED] - Text ****** has been set on object 'Object Repository/RAD_Pages/TaxInfo_Page/input_TaxInfo_RetypeFeinSsn_New_2'

2024-03-07 23:36:29 - [TEST_STEP][PASSED] - break: null

2024-03-07 23:36:29 - [TEST_STEP][PASSED] - setText(findTestObject(orPath_Amount + "/input__paymentAmount"), ""): Text '' is set on object 'Object Repository/RAD_Pages/PaymentAmount_Page/input__paymentAmount'

2024-03-07 23:36:30 - [MESSAGE][PASSED] - Text '' is set on object 'Object Repository/RAD_Pages/PaymentAmount_Page/input__paymentAmount'

2024-03-07 23:36:30 - [TEST_STEP][PASSED] - if (verifyTextPresent("The FEIN/SSN and Re-type FEIN/SSN do not match", true)): null

2024-03-07 23:36:31 - [MESSAGE][PASSED] - Text 'The FEIN/SSN and Re-type FEIN/SSN do not match' is present on page  using regular expression

2024-03-07 23:36:31 - [TEST_STEP][PASSED] - println("Error Message is present on the page"): null

2024-03-07 23:36:31 - [TEST_STEP][PASSED] - out.println("Pass Record Number: " + row): null

2024-03-07 23:36:31 - [TEST_STEP][PASSED] - resText = "Pass": null

2024-03-07 23:36:31 - [TEST_STEP][PASSED] - pages.WriteExcel.demoKey(resText, datText, resColumn, datCloumn, fileLoc, nameSheet, row): pages.WriteExcel.demoKey is PASSED

2024-03-07 23:36:31 - [MESSAGE][PASSED] - pages.WriteExcel.demoKey is PASSED

2024-03-07 23:36:31 - [TEST_STEP][PASSED] - ExecuteTC = findTestData(dataFile).getValue("Execute", row): null

2024-03-07 23:36:31 - [TEST_STEP][PASSED] - Taxtype = findTestData(dataFile).getValue("TaxType", row): null

2024-03-07 23:36:31 - [TEST_STEP][PASSED] - Paymenttype = findTestData(dataFile).getValue("PaymentType", row): null

2024-03-07 23:36:31 - [TEST_STEP][PASSED] - out.println("Value of Execute is : " + ExecuteTC): null

2024-03-07 23:36:31 - [TEST_STEP][PASSED] - if (ExecuteTC.equalsIgnoreCase("Y")): null

2024-03-07 23:36:31 - [TEST_STEP][PASSED] - out.println("Begin Record Number: " + row): null

2024-03-07 23:36:31 - [TEST_STEP][PASSED] - today = new java.util.Date(): null

2024-03-07 23:36:31 - [TEST_STEP][PASSED] - println(today): null

2024-03-07 23:36:31 - [TEST_STEP][PASSED] - datText = today: null

2024-03-07 23:36:31 - [TEST_STEP][PASSED] - Taxtype = findTestData(dataFile).getValue("TaxType", row): null

2024-03-07 23:36:31 - [TEST_STEP][PASSED] - out.println("Taxtype value is : " + Taxtype): null

2024-03-07 23:36:31 - [TEST_STEP][PASSED] - openBrowser(""): Browser is opened with url: ''

2024-03-07 23:36:31 - [MESSAGE][WARNING] - A browser is already opened. Closing browser and opening a new one

2024-03-07 23:36:42 - [MESSAGE][INFO] - Starting 'Chrome' driver

2024-03-07 23:36:42 - [MESSAGE][INFO] - User set preference: ['acceptInsecureCerts', 'true']

2024-03-07 23:36:42 - [MESSAGE][INFO] - Action delay is set to 0 milliseconds

2024-03-07 23:36:44 - [MESSAGE][PASSED] - Browser is opened with url: ''

2024-03-07 23:36:44 - [TEST_STEP][PASSED] - maximizeWindow(): Current window maximized

2024-03-07 23:36:44 - [MESSAGE][PASSED] - Current window maximized

2024-03-07 23:36:44 - [TEST_STEP][PASSED] - navigateToUrl(RADurl): Navigate to 'https://qa2.velocitypayment.com/client/rad/index.html' successfully

2024-03-07 23:36:53 - [MESSAGE][PASSED] - Navigate to 'https://qa2.velocitypayment.com/client/rad/index.html' successfully

2024-03-07 23:36:53 - [TEST_STEP][PASSED] - orPath_Landing = "Object Repository/RAD_Pages/Landing_Page": null

2024-03-07 23:36:53 - [TEST_STEP][PASSED] - orPath_TaxTypeFilingYear = "Object Repository/RAD_Pages/TaxTypeFilingYear_Page": null

2024-03-07 23:36:53 - [TEST_STEP][PASSED] - orPath_TaxPayer = "Object Repository/RAD_Pages/Taxpayer_Page": null

2024-03-07 23:36:53 - [TEST_STEP][PASSED] - orPath_AddressContact = "Object Repository/RAD_Pages/AddressAndContactInfo_Page": null

2024-03-07 23:36:53 - [TEST_STEP][PASSED] - orPath_FilingStatus = "Object Repository/RAD_Pages/FilingStatus_Page": null

2024-03-07 23:36:53 - [TEST_STEP][PASSED] - orPath_Amount = "Object Repository/RAD_Pages/PaymentAmount_Page": null

2024-03-07 23:36:53 - [TEST_STEP][PASSED] - orPath_TaxInfo = "Object Repository/RAD_Pages/TaxInfo_Page": null

2024-03-07 23:36:53 - [TEST_STEP][PASSED] - orPath_Withholding = "Object Repository/RAD_Pages/Withholding_Page": null

2024-03-07 23:36:53 - [TEST_STEP][PASSED] - orPath_Summary = "Object Repository/RAD_Pages/Summary_Page": null

2024-03-07 23:36:53 - [TEST_STEP][PASSED] - orPath_PaymentReady = "Object Repository/RAD_Pages/PaymentReady_Page": null

2024-03-07 23:36:53 - [TEST_STEP][PASSED] - orPath_PaymentEntry = "Object Repository/RAD_Pages/PaymentEntry_Page": null

2024-03-07 23:36:53 - [TEST_STEP][PASSED] - orPath_PaymentConfirmation = "Object Repository/RAD_Pages/PaymentConfirmation_Page": null

2024-03-07 23:36:53 - [TEST_STEP][PASSED] - orPath_ServiceFeesAccept = "Object Repository/RAD_Pages/ServiceFeeAccept_Page": null

2024-03-07 23:36:53 - [TEST_STEP][PASSED] - selectOptionByLabel(findTestObject(orPath_Landing + "/dd_TaxType"), Paymenttype, false): All options with label 'New Tax Return Amount Due' are selected in object 'Object Repository/RAD_Pages/Landing_Page/dd_TaxType' 

2024-03-07 23:36:54 - [MESSAGE][PASSED] - All options with label 'New Tax Return Amount Due' are selected in object 'Object Repository/RAD_Pages/Landing_Page/dd_TaxType' 

2024-03-07 23:36:54 - [TEST_STEP][PASSED] - delay(1): Delayed 1 second(s)

2024-03-07 23:36:55 - [MESSAGE][PASSED] - Delayed 1 second(s)

2024-03-07 23:36:55 - [TEST_STEP][PASSED] - switch (Paymenttype): null

2024-03-07 23:36:55 - [TEST_STEP][PASSED] - case "New Tax Return Amount Due":: null

2024-03-07 23:36:55 - [TEST_STEP][PASSED] - selectOptionByLabel(findTestObject("Object Repository/RAD_Pages/Landing_Page/select_NewTaxReturnAmountDue_TaxType"), Taxtype, false): All options with label 'PTE Tax Electing Non-S Corp' are selected in object 'Object Repository/RAD_Pages/Landing_Page/select_NewTaxReturnAmountDue_TaxType' 

2024-03-07 23:36:56 - [MESSAGE][PASSED] - All options with label 'PTE Tax Electing Non-S Corp' are selected in object 'Object Repository/RAD_Pages/Landing_Page/select_NewTaxReturnAmountDue_TaxType' 

2024-03-07 23:36:56 - [TEST_STEP][PASSED] - break: null

2024-03-07 23:36:56 - [TEST_STEP][PASSED] - delay(1): Delayed 1 second(s)

2024-03-07 23:36:57 - [MESSAGE][PASSED] - Delayed 1 second(s)

2024-03-07 23:36:57 - [TEST_STEP][PASSED] - scrollToElement(findTestObject(orPath_Amount + "/input__paymentAmount"), 2, CONTINUE_ON_FAILURE): Scroll to object 'Object Repository/RAD_Pages/PaymentAmount_Page/input__paymentAmount' successfully

2024-03-07 23:36:57 - [MESSAGE][PASSED] - Scroll to object 'Object Repository/RAD_Pages/PaymentAmount_Page/input__paymentAmount' successfully

2024-03-07 23:36:57 - [TEST_STEP][PASSED] - switch (Paymenttype): null

2024-03-07 23:36:57 - [TEST_STEP][PASSED] - case "New Tax Return Amount Due":: null

2024-03-07 23:36:57 - [TEST_STEP][PASSED] - setEncryptedText(findTestObject(orPath_TaxInfo + "/input_TaxInfo_FeinSsn_New_2"), "RigbBhfdqODKcAsiUrg+1Q=="): Text ****** has been set on object 'Object Repository/RAD_Pages/TaxInfo_Page/input_TaxInfo_FeinSsn_New_2'

2024-03-07 23:36:58 - [MESSAGE][PASSED] - Text ****** has been set on object 'Object Repository/RAD_Pages/TaxInfo_Page/input_TaxInfo_FeinSsn_New_2'

2024-03-07 23:36:58 - [TEST_STEP][PASSED] - setEncryptedText(findTestObject(orPath_TaxInfo + "/input_TaxInfo_RetypeFeinSsn_New_2"), "RigbBhfdqOD+04WBHw5iKw=="): Text ****** has been set on object 'Object Repository/RAD_Pages/TaxInfo_Page/input_TaxInfo_RetypeFeinSsn_New_2'

2024-03-07 23:36:58 - [MESSAGE][PASSED] - Text ****** has been set on object 'Object Repository/RAD_Pages/TaxInfo_Page/input_TaxInfo_RetypeFeinSsn_New_2'

2024-03-07 23:36:58 - [TEST_STEP][PASSED] - break: null

2024-03-07 23:36:58 - [TEST_STEP][PASSED] - setText(findTestObject(orPath_Amount + "/input__paymentAmount"), ""): Text '' is set on object 'Object Repository/RAD_Pages/PaymentAmount_Page/input__paymentAmount'

2024-03-07 23:36:59 - [MESSAGE][PASSED] - Text '' is set on object 'Object Repository/RAD_Pages/PaymentAmount_Page/input__paymentAmount'

2024-03-07 23:36:59 - [TEST_STEP][PASSED] - if (verifyTextPresent("The FEIN/SSN and Re-type FEIN/SSN do not match", true)): null

2024-03-07 23:36:59 - [MESSAGE][PASSED] - Text 'The FEIN/SSN and Re-type FEIN/SSN do not match' is present on page  using regular expression

2024-03-07 23:36:59 - [TEST_STEP][PASSED] - println("Error Message is present on the page"): null

2024-03-07 23:36:59 - [TEST_STEP][PASSED] - out.println("Pass Record Number: " + row): null

2024-03-07 23:36:59 - [TEST_STEP][PASSED] - resText = "Pass": null

2024-03-07 23:36:59 - [TEST_STEP][PASSED] - pages.WriteExcel.demoKey(resText, datText, resColumn, datCloumn, fileLoc, nameSheet, row): pages.WriteExcel.demoKey is PASSED

2024-03-07 23:36:59 - [MESSAGE][PASSED] - pages.WriteExcel.demoKey is PASSED

2024-03-07 23:36:59 - [TEST_STEP][PASSED] - ExecuteTC = findTestData(dataFile).getValue("Execute", row): null

2024-03-07 23:36:59 - [TEST_STEP][PASSED] - Taxtype = findTestData(dataFile).getValue("TaxType", row): null

2024-03-07 23:36:59 - [TEST_STEP][PASSED] - Paymenttype = findTestData(dataFile).getValue("PaymentType", row): null

2024-03-07 23:36:59 - [TEST_STEP][PASSED] - out.println("Value of Execute is : " + ExecuteTC): null

2024-03-07 23:36:59 - [TEST_STEP][PASSED] - if (ExecuteTC.equalsIgnoreCase("Y")): null

2024-03-07 23:36:59 - [TEST_STEP][PASSED] - out.println("Begin Record Number: " + row): null

2024-03-07 23:36:59 - [TEST_STEP][PASSED] - today = new java.util.Date(): null

2024-03-07 23:36:59 - [TEST_STEP][PASSED] - println(today): null

2024-03-07 23:36:59 - [TEST_STEP][PASSED] - datText = today: null

2024-03-07 23:36:59 - [TEST_STEP][PASSED] - Taxtype = findTestData(dataFile).getValue("TaxType", row): null

2024-03-07 23:36:59 - [TEST_STEP][PASSED] - out.println("Taxtype value is : " + Taxtype): null

2024-03-07 23:36:59 - [TEST_STEP][PASSED] - openBrowser(""): Browser is opened with url: ''

2024-03-07 23:36:59 - [MESSAGE][WARNING] - A browser is already opened. Closing browser and opening a new one

2024-03-07 23:37:08 - [MESSAGE][INFO] - Starting 'Chrome' driver

2024-03-07 23:37:08 - [MESSAGE][INFO] - User set preference: ['acceptInsecureCerts', 'true']

2024-03-07 23:37:08 - [MESSAGE][INFO] - Action delay is set to 0 milliseconds

2024-03-07 23:37:10 - [MESSAGE][PASSED] - Browser is opened with url: ''

2024-03-07 23:37:10 - [TEST_STEP][PASSED] - maximizeWindow(): Current window maximized

2024-03-07 23:37:10 - [MESSAGE][PASSED] - Current window maximized

2024-03-07 23:37:10 - [TEST_STEP][PASSED] - navigateToUrl(RADurl): Navigate to 'https://qa2.velocitypayment.com/client/rad/index.html' successfully

2024-03-07 23:37:17 - [MESSAGE][PASSED] - Navigate to 'https://qa2.velocitypayment.com/client/rad/index.html' successfully

2024-03-07 23:37:17 - [TEST_STEP][PASSED] - orPath_Landing = "Object Repository/RAD_Pages/Landing_Page": null

2024-03-07 23:37:17 - [TEST_STEP][PASSED] - orPath_TaxTypeFilingYear = "Object Repository/RAD_Pages/TaxTypeFilingYear_Page": null

2024-03-07 23:37:17 - [TEST_STEP][PASSED] - orPath_TaxPayer = "Object Repository/RAD_Pages/Taxpayer_Page": null

2024-03-07 23:37:17 - [TEST_STEP][PASSED] - orPath_AddressContact = "Object Repository/RAD_Pages/AddressAndContactInfo_Page": null

2024-03-07 23:37:17 - [TEST_STEP][PASSED] - orPath_FilingStatus = "Object Repository/RAD_Pages/FilingStatus_Page": null

2024-03-07 23:37:17 - [TEST_STEP][PASSED] - orPath_Amount = "Object Repository/RAD_Pages/PaymentAmount_Page": null

2024-03-07 23:37:17 - [TEST_STEP][PASSED] - orPath_TaxInfo = "Object Repository/RAD_Pages/TaxInfo_Page": null

2024-03-07 23:37:17 - [TEST_STEP][PASSED] - orPath_Withholding = "Object Repository/RAD_Pages/Withholding_Page": null

2024-03-07 23:37:17 - [TEST_STEP][PASSED] - orPath_Summary = "Object Repository/RAD_Pages/Summary_Page": null

2024-03-07 23:37:17 - [TEST_STEP][PASSED] - orPath_PaymentReady = "Object Repository/RAD_Pages/PaymentReady_Page": null

2024-03-07 23:37:17 - [TEST_STEP][PASSED] - orPath_PaymentEntry = "Object Repository/RAD_Pages/PaymentEntry_Page": null

2024-03-07 23:37:17 - [TEST_STEP][PASSED] - orPath_PaymentConfirmation = "Object Repository/RAD_Pages/PaymentConfirmation_Page": null

2024-03-07 23:37:17 - [TEST_STEP][PASSED] - orPath_ServiceFeesAccept = "Object Repository/RAD_Pages/ServiceFeeAccept_Page": null

2024-03-07 23:37:17 - [TEST_STEP][PASSED] - selectOptionByLabel(findTestObject(orPath_Landing + "/dd_TaxType"), Paymenttype, false): All options with label 'New Tax Return Amount Due' are selected in object 'Object Repository/RAD_Pages/Landing_Page/dd_TaxType' 

2024-03-07 23:37:17 - [MESSAGE][PASSED] - All options with label 'New Tax Return Amount Due' are selected in object 'Object Repository/RAD_Pages/Landing_Page/dd_TaxType' 

2024-03-07 23:37:17 - [TEST_STEP][PASSED] - delay(1): Delayed 1 second(s)

2024-03-07 23:37:18 - [MESSAGE][PASSED] - Delayed 1 second(s)

2024-03-07 23:37:18 - [TEST_STEP][PASSED] - switch (Paymenttype): null

2024-03-07 23:37:18 - [TEST_STEP][PASSED] - case "New Tax Return Amount Due":: null

2024-03-07 23:37:18 - [TEST_STEP][PASSED] - selectOptionByLabel(findTestObject("Object Repository/RAD_Pages/Landing_Page/select_NewTaxReturnAmountDue_TaxType"), Taxtype, false): All options with label 'PTE Tax Electing S Corp' are selected in object 'Object Repository/RAD_Pages/Landing_Page/select_NewTaxReturnAmountDue_TaxType' 

2024-03-07 23:37:19 - [MESSAGE][PASSED] - All options with label 'PTE Tax Electing S Corp' are selected in object 'Object Repository/RAD_Pages/Landing_Page/select_NewTaxReturnAmountDue_TaxType' 

2024-03-07 23:37:19 - [TEST_STEP][PASSED] - break: null

2024-03-07 23:37:19 - [TEST_STEP][PASSED] - delay(1): Delayed 1 second(s)

2024-03-07 23:37:20 - [MESSAGE][PASSED] - Delayed 1 second(s)

2024-03-07 23:37:20 - [TEST_STEP][PASSED] - scrollToElement(findTestObject(orPath_Amount + "/input__paymentAmount"), 2, CONTINUE_ON_FAILURE): Scroll to object 'Object Repository/RAD_Pages/PaymentAmount_Page/input__paymentAmount' successfully

2024-03-07 23:37:20 - [MESSAGE][PASSED] - Scroll to object 'Object Repository/RAD_Pages/PaymentAmount_Page/input__paymentAmount' successfully

2024-03-07 23:37:20 - [TEST_STEP][PASSED] - switch (Paymenttype): null

2024-03-07 23:37:20 - [TEST_STEP][PASSED] - case "New Tax Return Amount Due":: null

2024-03-07 23:37:20 - [TEST_STEP][PASSED] - setEncryptedText(findTestObject(orPath_TaxInfo + "/input_TaxInfo_FeinSsn_New_2"), "RigbBhfdqODKcAsiUrg+1Q=="): Text ****** has been set on object 'Object Repository/RAD_Pages/TaxInfo_Page/input_TaxInfo_FeinSsn_New_2'

2024-03-07 23:37:21 - [MESSAGE][PASSED] - Text ****** has been set on object 'Object Repository/RAD_Pages/TaxInfo_Page/input_TaxInfo_FeinSsn_New_2'

2024-03-07 23:37:21 - [TEST_STEP][PASSED] - setEncryptedText(findTestObject(orPath_TaxInfo + "/input_TaxInfo_RetypeFeinSsn_New_2"), "RigbBhfdqOD+04WBHw5iKw=="): Text ****** has been set on object 'Object Repository/RAD_Pages/TaxInfo_Page/input_TaxInfo_RetypeFeinSsn_New_2'

2024-03-07 23:37:22 - [MESSAGE][PASSED] - Text ****** has been set on object 'Object Repository/RAD_Pages/TaxInfo_Page/input_TaxInfo_RetypeFeinSsn_New_2'

2024-03-07 23:37:22 - [TEST_STEP][PASSED] - break: null

2024-03-07 23:37:22 - [TEST_STEP][PASSED] - setText(findTestObject(orPath_Amount + "/input__paymentAmount"), ""): Text '' is set on object 'Object Repository/RAD_Pages/PaymentAmount_Page/input__paymentAmount'

2024-03-07 23:37:22 - [MESSAGE][PASSED] - Text '' is set on object 'Object Repository/RAD_Pages/PaymentAmount_Page/input__paymentAmount'

2024-03-07 23:37:22 - [TEST_STEP][PASSED] - if (verifyTextPresent("The FEIN/SSN and Re-type FEIN/SSN do not match", true)): null

2024-03-07 23:37:23 - [MESSAGE][PASSED] - Text 'The FEIN/SSN and Re-type FEIN/SSN do not match' is present on page  using regular expression

2024-03-07 23:37:23 - [TEST_STEP][PASSED] - println("Error Message is present on the page"): null

2024-03-07 23:37:23 - [TEST_STEP][PASSED] - out.println("Pass Record Number: " + row): null

2024-03-07 23:37:23 - [TEST_STEP][PASSED] - resText = "Pass": null

2024-03-07 23:37:23 - [TEST_STEP][PASSED] - pages.WriteExcel.demoKey(resText, datText, resColumn, datCloumn, fileLoc, nameSheet, row): pages.WriteExcel.demoKey is PASSED

2024-03-07 23:37:23 - [MESSAGE][PASSED] - pages.WriteExcel.demoKey is PASSED

2024-03-07 23:37:23 - [TEST_STEP][PASSED] - ExecuteTC = findTestData(dataFile).getValue("Execute", row): null

2024-03-07 23:37:23 - [TEST_STEP][PASSED] - Taxtype = findTestData(dataFile).getValue("TaxType", row): null

2024-03-07 23:37:23 - [TEST_STEP][PASSED] - Paymenttype = findTestData(dataFile).getValue("PaymentType", row): null

2024-03-07 23:37:23 - [TEST_STEP][PASSED] - out.println("Value of Execute is : " + ExecuteTC): null

2024-03-07 23:37:23 - [TEST_STEP][PASSED] - if (ExecuteTC.equalsIgnoreCase("Y")): null

2024-03-07 23:37:23 - [TEST_STEP][PASSED] - out.println("Begin Record Number: " + row): null

2024-03-07 23:37:23 - [TEST_STEP][PASSED] - today = new java.util.Date(): null

2024-03-07 23:37:23 - [TEST_STEP][PASSED] - println(today): null

2024-03-07 23:37:23 - [TEST_STEP][PASSED] - datText = today: null

2024-03-07 23:37:23 - [TEST_STEP][PASSED] - Taxtype = findTestData(dataFile).getValue("TaxType", row): null

2024-03-07 23:37:23 - [TEST_STEP][PASSED] - out.println("Taxtype value is : " + Taxtype): null

2024-03-07 23:37:23 - [TEST_STEP][PASSED] - openBrowser(""): Browser is opened with url: ''

2024-03-07 23:37:23 - [MESSAGE][WARNING] - A browser is already opened. Closing browser and opening a new one

2024-03-07 23:37:35 - [MESSAGE][INFO] - Starting 'Chrome' driver

2024-03-07 23:37:35 - [MESSAGE][INFO] - User set preference: ['acceptInsecureCerts', 'true']

2024-03-07 23:37:35 - [MESSAGE][INFO] - Action delay is set to 0 milliseconds

2024-03-07 23:37:36 - [MESSAGE][PASSED] - Browser is opened with url: ''

2024-03-07 23:37:36 - [TEST_STEP][PASSED] - maximizeWindow(): Current window maximized

2024-03-07 23:37:37 - [MESSAGE][PASSED] - Current window maximized

2024-03-07 23:37:37 - [TEST_STEP][PASSED] - navigateToUrl(RADurl): Navigate to 'https://qa2.velocitypayment.com/client/rad/index.html' successfully

2024-03-07 23:37:45 - [MESSAGE][PASSED] - Navigate to 'https://qa2.velocitypayment.com/client/rad/index.html' successfully

2024-03-07 23:37:45 - [TEST_STEP][PASSED] - orPath_Landing = "Object Repository/RAD_Pages/Landing_Page": null

2024-03-07 23:37:45 - [TEST_STEP][PASSED] - orPath_TaxTypeFilingYear = "Object Repository/RAD_Pages/TaxTypeFilingYear_Page": null

2024-03-07 23:37:45 - [TEST_STEP][PASSED] - orPath_TaxPayer = "Object Repository/RAD_Pages/Taxpayer_Page": null

2024-03-07 23:37:45 - [TEST_STEP][PASSED] - orPath_AddressContact = "Object Repository/RAD_Pages/AddressAndContactInfo_Page": null

2024-03-07 23:37:45 - [TEST_STEP][PASSED] - orPath_FilingStatus = "Object Repository/RAD_Pages/FilingStatus_Page": null

2024-03-07 23:37:45 - [TEST_STEP][PASSED] - orPath_Amount = "Object Repository/RAD_Pages/PaymentAmount_Page": null

2024-03-07 23:37:45 - [TEST_STEP][PASSED] - orPath_TaxInfo = "Object Repository/RAD_Pages/TaxInfo_Page": null

2024-03-07 23:37:45 - [TEST_STEP][PASSED] - orPath_Withholding = "Object Repository/RAD_Pages/Withholding_Page": null

2024-03-07 23:37:45 - [TEST_STEP][PASSED] - orPath_Summary = "Object Repository/RAD_Pages/Summary_Page": null

2024-03-07 23:37:45 - [TEST_STEP][PASSED] - orPath_PaymentReady = "Object Repository/RAD_Pages/PaymentReady_Page": null

2024-03-07 23:37:45 - [TEST_STEP][PASSED] - orPath_PaymentEntry = "Object Repository/RAD_Pages/PaymentEntry_Page": null

2024-03-07 23:37:45 - [TEST_STEP][PASSED] - orPath_PaymentConfirmation = "Object Repository/RAD_Pages/PaymentConfirmation_Page": null

2024-03-07 23:37:45 - [TEST_STEP][PASSED] - orPath_ServiceFeesAccept = "Object Repository/RAD_Pages/ServiceFeeAccept_Page": null

2024-03-07 23:37:45 - [TEST_STEP][PASSED] - selectOptionByLabel(findTestObject(orPath_Landing + "/dd_TaxType"), Paymenttype, false): All options with label 'Existing Liability w/Notice Number' are selected in object 'Object Repository/RAD_Pages/Landing_Page/dd_TaxType' 

2024-03-07 23:37:46 - [MESSAGE][PASSED] - All options with label 'Existing Liability w/Notice Number' are selected in object 'Object Repository/RAD_Pages/Landing_Page/dd_TaxType' 

2024-03-07 23:37:46 - [TEST_STEP][PASSED] - delay(1): Delayed 1 second(s)

2024-03-07 23:37:47 - [MESSAGE][PASSED] - Delayed 1 second(s)

2024-03-07 23:37:47 - [TEST_STEP][PASSED] - switch (Paymenttype): null

2024-03-07 23:37:47 - [TEST_STEP][PASSED] - case "Existing Liability w/Notice Number":: null

2024-03-07 23:37:47 - [TEST_STEP][PASSED] - selectOptionByLabel(findTestObject(orPath_TaxTypeFilingYear + "/select_TaxType_ExistingLiability"), Taxtype, false): All options with label 'Tobacco Tax' are selected in object 'Object Repository/RAD_Pages/TaxTypeFilingYear_Page/select_TaxType_ExistingLiability' 

2024-03-07 23:37:47 - [MESSAGE][PASSED] - All options with label 'Tobacco Tax' are selected in object 'Object Repository/RAD_Pages/TaxTypeFilingYear_Page/select_TaxType_ExistingLiability' 

2024-03-07 23:37:47 - [TEST_STEP][PASSED] - break: null

2024-03-07 23:37:47 - [TEST_STEP][PASSED] - delay(1): Delayed 1 second(s)

2024-03-07 23:37:48 - [MESSAGE][PASSED] - Delayed 1 second(s)

2024-03-07 23:37:48 - [TEST_STEP][PASSED] - scrollToElement(findTestObject(orPath_Amount + "/input__paymentAmount"), 2, CONTINUE_ON_FAILURE): Scroll to object 'Object Repository/RAD_Pages/PaymentAmount_Page/input__paymentAmount' successfully

2024-03-07 23:37:49 - [MESSAGE][PASSED] - Scroll to object 'Object Repository/RAD_Pages/PaymentAmount_Page/input__paymentAmount' successfully

2024-03-07 23:37:49 - [TEST_STEP][PASSED] - switch (Paymenttype): null

2024-03-07 23:37:49 - [TEST_STEP][PASSED] - case "Existing Liability w/Notice Number":: null

2024-03-07 23:37:49 - [TEST_STEP][PASSED] - setEncryptedText(findTestObject(orPath_TaxInfo + "/input_TaxInfo_feinSsn_Existing_New"), "RigbBhfdqODKcAsiUrg+1Q=="): Text ****** has been set on object 'Object Repository/RAD_Pages/TaxInfo_Page/input_TaxInfo_feinSsn_Existing_New'

2024-03-07 23:37:49 - [MESSAGE][PASSED] - Text ****** has been set on object 'Object Repository/RAD_Pages/TaxInfo_Page/input_TaxInfo_feinSsn_Existing_New'

2024-03-07 23:37:49 - [TEST_STEP][PASSED] - setEncryptedText(findTestObject(orPath_TaxInfo + "/input_TaxInfo_RetypefeinSsn_Existing_New"), "RigbBhfdqOD+04WBHw5iKw=="): Text ****** has been set on object 'Object Repository/RAD_Pages/TaxInfo_Page/input_TaxInfo_RetypefeinSsn_Existing_New'

2024-03-07 23:37:50 - [MESSAGE][PASSED] - Text ****** has been set on object 'Object Repository/RAD_Pages/TaxInfo_Page/input_TaxInfo_RetypefeinSsn_Existing_New'

2024-03-07 23:37:50 - [TEST_STEP][PASSED] - break: null

2024-03-07 23:37:50 - [TEST_STEP][PASSED] - setText(findTestObject(orPath_Amount + "/input__paymentAmount"), ""): Text '' is set on object 'Object Repository/RAD_Pages/PaymentAmount_Page/input__paymentAmount'

2024-03-07 23:37:51 - [MESSAGE][PASSED] - Text '' is set on object 'Object Repository/RAD_Pages/PaymentAmount_Page/input__paymentAmount'

2024-03-07 23:37:51 - [TEST_STEP][PASSED] - if (verifyTextPresent("The FEIN/SSN and Re-type FEIN/SSN do not match", true)): null

2024-03-07 23:37:51 - [MESSAGE][PASSED] - Text 'The FEIN/SSN and Re-type FEIN/SSN do not match' is present on page  using regular expression

2024-03-07 23:37:51 - [TEST_STEP][PASSED] - println("Error Message is present on the page"): null

2024-03-07 23:37:51 - [TEST_STEP][PASSED] - out.println("Pass Record Number: " + row): null

2024-03-07 23:37:51 - [TEST_STEP][PASSED] - resText = "Pass": null

2024-03-07 23:37:51 - [TEST_STEP][PASSED] - pages.WriteExcel.demoKey(resText, datText, resColumn, datCloumn, fileLoc, nameSheet, row): pages.WriteExcel.demoKey is PASSED

2024-03-07 23:37:51 - [MESSAGE][PASSED] - pages.WriteExcel.demoKey is PASSED

2024-03-07 23:37:51 - [TEST_STEP][PASSED] - ExecuteTC = findTestData(dataFile).getValue("Execute", row): null

2024-03-07 23:37:52 - [TEST_STEP][PASSED] - Taxtype = findTestData(dataFile).getValue("TaxType", row): null

2024-03-07 23:37:52 - [TEST_STEP][PASSED] - Paymenttype = findTestData(dataFile).getValue("PaymentType", row): null

2024-03-07 23:37:52 - [TEST_STEP][PASSED] - out.println("Value of Execute is : " + ExecuteTC): null

2024-03-07 23:37:52 - [TEST_STEP][PASSED] - if (ExecuteTC.equalsIgnoreCase("Y")): null

2024-03-07 23:37:52 - [TEST_STEP][PASSED] - out.println("Begin Record Number: " + row): null

2024-03-07 23:37:52 - [TEST_STEP][PASSED] - today = new java.util.Date(): null

2024-03-07 23:37:52 - [TEST_STEP][PASSED] - println(today): null

2024-03-07 23:37:52 - [TEST_STEP][PASSED] - datText = today: null

2024-03-07 23:37:52 - [TEST_STEP][PASSED] - Taxtype = findTestData(dataFile).getValue("TaxType", row): null

2024-03-07 23:37:52 - [TEST_STEP][PASSED] - out.println("Taxtype value is : " + Taxtype): null

2024-03-07 23:37:52 - [TEST_STEP][PASSED] - openBrowser(""): Browser is opened with url: ''

2024-03-07 23:37:52 - [MESSAGE][WARNING] - A browser is already opened. Closing browser and opening a new one

2024-03-07 23:38:28 - [MESSAGE][INFO] - Starting 'Chrome' driver

2024-03-07 23:38:28 - [MESSAGE][INFO] - User set preference: ['acceptInsecureCerts', 'true']

2024-03-07 23:38:28 - [MESSAGE][INFO] - Action delay is set to 0 milliseconds

2024-03-07 23:38:30 - [MESSAGE][PASSED] - Browser is opened with url: ''

2024-03-07 23:38:30 - [TEST_STEP][PASSED] - maximizeWindow(): Current window maximized

2024-03-07 23:38:30 - [MESSAGE][PASSED] - Current window maximized

2024-03-07 23:38:30 - [TEST_STEP][PASSED] - navigateToUrl(RADurl): Navigate to 'https://qa2.velocitypayment.com/client/rad/index.html' successfully

2024-03-07 23:38:36 - [MESSAGE][PASSED] - Navigate to 'https://qa2.velocitypayment.com/client/rad/index.html' successfully

2024-03-07 23:38:36 - [TEST_STEP][PASSED] - orPath_Landing = "Object Repository/RAD_Pages/Landing_Page": null

2024-03-07 23:38:36 - [TEST_STEP][PASSED] - orPath_TaxTypeFilingYear = "Object Repository/RAD_Pages/TaxTypeFilingYear_Page": null

2024-03-07 23:38:36 - [TEST_STEP][PASSED] - orPath_TaxPayer = "Object Repository/RAD_Pages/Taxpayer_Page": null

2024-03-07 23:38:36 - [TEST_STEP][PASSED] - orPath_AddressContact = "Object Repository/RAD_Pages/AddressAndContactInfo_Page": null

2024-03-07 23:38:36 - [TEST_STEP][PASSED] - orPath_FilingStatus = "Object Repository/RAD_Pages/FilingStatus_Page": null

2024-03-07 23:38:36 - [TEST_STEP][PASSED] - orPath_Amount = "Object Repository/RAD_Pages/PaymentAmount_Page": null

2024-03-07 23:38:36 - [TEST_STEP][PASSED] - orPath_TaxInfo = "Object Repository/RAD_Pages/TaxInfo_Page": null

2024-03-07 23:38:36 - [TEST_STEP][PASSED] - orPath_Withholding = "Object Repository/RAD_Pages/Withholding_Page": null

2024-03-07 23:38:36 - [TEST_STEP][PASSED] - orPath_Summary = "Object Repository/RAD_Pages/Summary_Page": null

2024-03-07 23:38:36 - [TEST_STEP][PASSED] - orPath_PaymentReady = "Object Repository/RAD_Pages/PaymentReady_Page": null

2024-03-07 23:38:36 - [TEST_STEP][PASSED] - orPath_PaymentEntry = "Object Repository/RAD_Pages/PaymentEntry_Page": null

2024-03-07 23:38:36 - [TEST_STEP][PASSED] - orPath_PaymentConfirmation = "Object Repository/RAD_Pages/PaymentConfirmation_Page": null

2024-03-07 23:38:36 - [TEST_STEP][PASSED] - orPath_ServiceFeesAccept = "Object Repository/RAD_Pages/ServiceFeeAccept_Page": null

2024-03-07 23:38:36 - [TEST_STEP][PASSED] - selectOptionByLabel(findTestObject(orPath_Landing + "/dd_TaxType"), Paymenttype, false): All options with label 'New Tax Return Amount Due' are selected in object 'Object Repository/RAD_Pages/Landing_Page/dd_TaxType' 

2024-03-07 23:38:37 - [MESSAGE][PASSED] - All options with label 'New Tax Return Amount Due' are selected in object 'Object Repository/RAD_Pages/Landing_Page/dd_TaxType' 

2024-03-07 23:38:37 - [TEST_STEP][PASSED] - delay(1): Delayed 1 second(s)

2024-03-07 23:38:38 - [MESSAGE][PASSED] - Delayed 1 second(s)

2024-03-07 23:38:38 - [TEST_STEP][PASSED] - switch (Paymenttype): null

2024-03-07 23:38:38 - [TEST_STEP][PASSED] - case "New Tax Return Amount Due":: null

2024-03-07 23:38:38 - [TEST_STEP][PASSED] - selectOptionByLabel(findTestObject("Object Repository/RAD_Pages/Landing_Page/select_NewTaxReturnAmountDue_TaxType"), Taxtype, false): All options with label 'Tobacco Tax' are selected in object 'Object Repository/RAD_Pages/Landing_Page/select_NewTaxReturnAmountDue_TaxType' 

2024-03-07 23:38:38 - [MESSAGE][PASSED] - All options with label 'Tobacco Tax' are selected in object 'Object Repository/RAD_Pages/Landing_Page/select_NewTaxReturnAmountDue_TaxType' 

2024-03-07 23:38:38 - [TEST_STEP][PASSED] - break: null

2024-03-07 23:38:38 - [TEST_STEP][PASSED] - delay(1): Delayed 1 second(s)

2024-03-07 23:38:39 - [MESSAGE][PASSED] - Delayed 1 second(s)

2024-03-07 23:38:39 - [TEST_STEP][PASSED] - scrollToElement(findTestObject(orPath_Amount + "/input__paymentAmount"), 2, CONTINUE_ON_FAILURE): Scroll to object 'Object Repository/RAD_Pages/PaymentAmount_Page/input__paymentAmount' successfully

2024-03-07 23:38:40 - [MESSAGE][PASSED] - Scroll to object 'Object Repository/RAD_Pages/PaymentAmount_Page/input__paymentAmount' successfully

2024-03-07 23:38:40 - [TEST_STEP][PASSED] - switch (Paymenttype): null

2024-03-07 23:38:40 - [TEST_STEP][PASSED] - case "New Tax Return Amount Due":: null

2024-03-07 23:38:40 - [TEST_STEP][PASSED] - setEncryptedText(findTestObject(orPath_TaxInfo + "/input_TaxInfo_FeinSsn_New_2"), "RigbBhfdqODKcAsiUrg+1Q=="): Text ****** has been set on object 'Object Repository/RAD_Pages/TaxInfo_Page/input_TaxInfo_FeinSsn_New_2'

2024-03-07 23:38:40 - [MESSAGE][PASSED] - Text ****** has been set on object 'Object Repository/RAD_Pages/TaxInfo_Page/input_TaxInfo_FeinSsn_New_2'

2024-03-07 23:38:40 - [TEST_STEP][PASSED] - setEncryptedText(findTestObject(orPath_TaxInfo + "/input_TaxInfo_RetypeFeinSsn_New_2"), "RigbBhfdqOD+04WBHw5iKw=="): Text ****** has been set on object 'Object Repository/RAD_Pages/TaxInfo_Page/input_TaxInfo_RetypeFeinSsn_New_2'

2024-03-07 23:38:41 - [MESSAGE][PASSED] - Text ****** has been set on object 'Object Repository/RAD_Pages/TaxInfo_Page/input_TaxInfo_RetypeFeinSsn_New_2'

2024-03-07 23:38:41 - [TEST_STEP][PASSED] - break: null

2024-03-07 23:38:41 - [TEST_STEP][PASSED] - setText(findTestObject(orPath_Amount + "/input__paymentAmount"), ""): Text '' is set on object 'Object Repository/RAD_Pages/PaymentAmount_Page/input__paymentAmount'

2024-03-07 23:38:42 - [MESSAGE][PASSED] - Text '' is set on object 'Object Repository/RAD_Pages/PaymentAmount_Page/input__paymentAmount'

2024-03-07 23:38:42 - [TEST_STEP][PASSED] - if (verifyTextPresent("The FEIN/SSN and Re-type FEIN/SSN do not match", true)): null

2024-03-07 23:38:42 - [MESSAGE][PASSED] - Text 'The FEIN/SSN and Re-type FEIN/SSN do not match' is present on page  using regular expression

2024-03-07 23:38:42 - [TEST_STEP][PASSED] - println("Error Message is present on the page"): null

2024-03-07 23:38:42 - [TEST_STEP][PASSED] - out.println("Pass Record Number: " + row): null

2024-03-07 23:38:42 - [TEST_STEP][PASSED] - resText = "Pass": null

2024-03-07 23:38:42 - [TEST_STEP][PASSED] - pages.WriteExcel.demoKey(resText, datText, resColumn, datCloumn, fileLoc, nameSheet, row): pages.WriteExcel.demoKey is PASSED

2024-03-07 23:38:43 - [MESSAGE][PASSED] - pages.WriteExcel.demoKey is PASSED]]></system-out>
         <system-err><![CDATA[]]></system-err>
      </testcase>
      <testcase name="Test Cases/RAD_TestCases/Negative_TestCases/FEINmoreThan9Error-NEW" time="917.202" classname="Test Cases/RAD_TestCases/Negative_TestCases/FEINmoreThan9Error-NEW" status="PASSED">
         <system-out><![CDATA[2024-03-07 23:38:43 - [TEST_CASE][PASSED] - Test Cases/RAD_TestCases/Negative_TestCases/FEINmoreThan9Error-NEW: Test Cases/RAD_TestCases/Negative_TestCases/FEINmoreThan9Error-NEW

2024-03-07 23:38:43 - [TEST_STEP][PASSED] - resText = "Fail": null

2024-03-07 23:38:43 - [TEST_STEP][PASSED] - resColumn = "Result": null

2024-03-07 23:38:43 - [TEST_STEP][PASSED] - datCloumn = "Date": null

2024-03-07 23:38:43 - [TEST_STEP][PASSED] - fileLoc = "KatalonData/RADTestData/FEINmoreThan9Error.xlsx": null

2024-03-07 23:38:43 - [TEST_STEP][PASSED] - nameSheet = "Sheet1": null

2024-03-07 23:38:43 - [TEST_STEP][PASSED] - dataFile = "RADTestData/FEINmoreThan9Error": null

2024-03-07 23:38:43 - [TEST_STEP][PASSED] - ExecuteTC = <not implemented yet for class: org.codehaus.groovy.ast.expr.EmptyExpression>: null

2024-03-07 23:38:43 - [TEST_STEP][PASSED] - Taxtype = <not implemented yet for class: org.codehaus.groovy.ast.expr.EmptyExpression>: null

2024-03-07 23:38:43 - [TEST_STEP][PASSED] - Paymenttype = <not implemented yet for class: org.codehaus.groovy.ast.expr.EmptyExpression>: null

2024-03-07 23:38:43 - [TEST_STEP][PASSED] - numOfRows = findTestData(dataFile).getRowNumbers(): null

2024-03-07 23:38:43 - [TEST_STEP][PASSED] - println("Number of Records: " + numOfRows): null

2024-03-07 23:38:43 - [TEST_STEP][PASSED] - for ([row = 1, row <= numOfRows, (row++)]): null

2024-03-07 23:38:43 - [TEST_STEP][PASSED] - ExecuteTC = findTestData(dataFile).getValue("Execute", row): null

2024-03-07 23:38:43 - [TEST_STEP][PASSED] - Taxtype = findTestData(dataFile).getValue("TaxType", row): null

2024-03-07 23:38:43 - [TEST_STEP][PASSED] - Paymenttype = findTestData(dataFile).getValue("PaymentType", row): null

2024-03-07 23:38:43 - [TEST_STEP][PASSED] - out.println("Value of Execute is : " + ExecuteTC): null

2024-03-07 23:38:43 - [TEST_STEP][PASSED] - if (ExecuteTC.equalsIgnoreCase("Y")): null

2024-03-07 23:38:43 - [TEST_STEP][PASSED] - out.println("Begin Record Number: " + row): null

2024-03-07 23:38:43 - [TEST_STEP][PASSED] - today = new java.util.Date(): null

2024-03-07 23:38:43 - [TEST_STEP][PASSED] - println(today): null

2024-03-07 23:38:43 - [TEST_STEP][PASSED] - datText = today: null

2024-03-07 23:38:43 - [TEST_STEP][PASSED] - Taxtype = findTestData(dataFile).getValue("TaxType", row): null

2024-03-07 23:38:43 - [TEST_STEP][PASSED] - out.println("Taxtype value is : " + Taxtype): null

2024-03-07 23:38:43 - [TEST_STEP][PASSED] - openBrowser(""): Browser is opened with url: ''

2024-03-07 23:38:43 - [MESSAGE][WARNING] - A browser is already opened. Closing browser and opening a new one

2024-03-07 23:38:59 - [MESSAGE][INFO] - Starting 'Chrome' driver

2024-03-07 23:38:59 - [MESSAGE][INFO] - User set preference: ['acceptInsecureCerts', 'true']

2024-03-07 23:38:59 - [MESSAGE][INFO] - Action delay is set to 0 milliseconds

2024-03-07 23:39:00 - [MESSAGE][PASSED] - Browser is opened with url: ''

2024-03-07 23:39:00 - [TEST_STEP][PASSED] - maximizeWindow(): Current window maximized

2024-03-07 23:39:01 - [MESSAGE][PASSED] - Current window maximized

2024-03-07 23:39:01 - [TEST_STEP][PASSED] - navigateToUrl(RADurl): Navigate to 'https://qa2.velocitypayment.com/client/rad/index.html' successfully

2024-03-07 23:39:02 - [MESSAGE][PASSED] - Navigate to 'https://qa2.velocitypayment.com/client/rad/index.html' successfully

2024-03-07 23:39:02 - [TEST_STEP][PASSED] - orPath_Landing = "Object Repository/RAD_Pages/Landing_Page": null

2024-03-07 23:39:02 - [TEST_STEP][PASSED] - orPath_TaxTypeFilingYear = "Object Repository/RAD_Pages/TaxTypeFilingYear_Page": null

2024-03-07 23:39:02 - [TEST_STEP][PASSED] - orPath_TaxPayer = "Object Repository/RAD_Pages/Taxpayer_Page": null

2024-03-07 23:39:02 - [TEST_STEP][PASSED] - orPath_AddressContact = "Object Repository/RAD_Pages/AddressAndContactInfo_Page": null

2024-03-07 23:39:02 - [TEST_STEP][PASSED] - orPath_FilingStatus = "Object Repository/RAD_Pages/FilingStatus_Page": null

2024-03-07 23:39:02 - [TEST_STEP][PASSED] - orPath_Amount = "Object Repository/RAD_Pages/PaymentAmount_Page": null

2024-03-07 23:39:02 - [TEST_STEP][PASSED] - orPath_TaxInfo = "Object Repository/RAD_Pages/TaxInfo_Page": null

2024-03-07 23:39:02 - [TEST_STEP][PASSED] - orPath_Withholding = "Object Repository/RAD_Pages/Withholding_Page": null

2024-03-07 23:39:02 - [TEST_STEP][PASSED] - orPath_Summary = "Object Repository/RAD_Pages/Summary_Page": null

2024-03-07 23:39:02 - [TEST_STEP][PASSED] - orPath_PaymentReady = "Object Repository/RAD_Pages/PaymentReady_Page": null

2024-03-07 23:39:02 - [TEST_STEP][PASSED] - orPath_PaymentEntry = "Object Repository/RAD_Pages/PaymentEntry_Page": null

2024-03-07 23:39:02 - [TEST_STEP][PASSED] - orPath_PaymentConfirmation = "Object Repository/RAD_Pages/PaymentConfirmation_Page": null

2024-03-07 23:39:02 - [TEST_STEP][PASSED] - orPath_ServiceFeesAccept = "Object Repository/RAD_Pages/ServiceFeeAccept_Page": null

2024-03-07 23:39:02 - [TEST_STEP][PASSED] - selectOptionByLabel(findTestObject(orPath_Landing + "/dd_TaxType"), Paymenttype, false): All options with label 'Existing Liability w/Notice Number' are selected in object 'Object Repository/RAD_Pages/Landing_Page/dd_TaxType' 

2024-03-07 23:39:03 - [MESSAGE][PASSED] - All options with label 'Existing Liability w/Notice Number' are selected in object 'Object Repository/RAD_Pages/Landing_Page/dd_TaxType' 

2024-03-07 23:39:03 - [TEST_STEP][PASSED] - delay(1): Delayed 1 second(s)

2024-03-07 23:39:04 - [MESSAGE][PASSED] - Delayed 1 second(s)

2024-03-07 23:39:04 - [TEST_STEP][PASSED] - switch (Paymenttype): null

2024-03-07 23:39:04 - [TEST_STEP][PASSED] - case "Existing Liability w/Notice Number":: null

2024-03-07 23:39:04 - [TEST_STEP][PASSED] - selectOptionByLabel(findTestObject(orPath_TaxTypeFilingYear + "/select_TaxType_ExistingLiability"), Taxtype, false): All options with label 'Bay Restoration Fee' are selected in object 'Object Repository/RAD_Pages/TaxTypeFilingYear_Page/select_TaxType_ExistingLiability' 

2024-03-07 23:39:05 - [MESSAGE][PASSED] - All options with label 'Bay Restoration Fee' are selected in object 'Object Repository/RAD_Pages/TaxTypeFilingYear_Page/select_TaxType_ExistingLiability' 

2024-03-07 23:39:05 - [TEST_STEP][PASSED] - break: null

2024-03-07 23:39:05 - [TEST_STEP][PASSED] - delay(1): Delayed 1 second(s)

2024-03-07 23:39:06 - [MESSAGE][PASSED] - Delayed 1 second(s)

2024-03-07 23:39:06 - [TEST_STEP][PASSED] - switch (Paymenttype): null

2024-03-07 23:39:06 - [TEST_STEP][PASSED] - case "Existing Liability w/Notice Number":: null

2024-03-07 23:39:06 - [TEST_STEP][PASSED] - setEncryptedText(findTestObject("Object Repository/RAD_RecordAndPlay/input_Existing_FEIN"), "RigbBhfdqOBDK95asqKeHw=="): Text ****** has been set on object 'Object Repository/RAD_RecordAndPlay/input_Existing_FEIN'

2024-03-07 23:39:06 - [MESSAGE][PASSED] - Text ****** has been set on object 'Object Repository/RAD_RecordAndPlay/input_Existing_FEIN'

2024-03-07 23:39:06 - [TEST_STEP][PASSED] - setEncryptedText(findTestObject("Object Repository/RAD_RecordAndPlay/input_Existing_RetypeFEIN"), ""): Text ****** has been set on object 'Object Repository/RAD_RecordAndPlay/input_Existing_RetypeFEIN'

2024-03-07 23:39:07 - [MESSAGE][PASSED] - Text ****** has been set on object 'Object Repository/RAD_RecordAndPlay/input_Existing_RetypeFEIN'

2024-03-07 23:39:07 - [TEST_STEP][PASSED] - break: null

2024-03-07 23:39:07 - [TEST_STEP][PASSED] - verifyTextPresent("Please enter a valid FEIN with 9 digits.", true): Text 'Please enter a valid FEIN with 9 digits.' is present on page  using regular expression

2024-03-07 23:39:08 - [MESSAGE][PASSED] - Text 'Please enter a valid FEIN with 9 digits.' is present on page  using regular expression

2024-03-07 23:39:08 - [TEST_STEP][PASSED] - if (verifyTextPresent("Please enter a valid FEIN with 9 digits.", true)): null

2024-03-07 23:39:08 - [MESSAGE][PASSED] - Text 'Please enter a valid FEIN with 9 digits.' is present on page  using regular expression

2024-03-07 23:39:08 - [TEST_STEP][PASSED] - println("Error Message is present on the page"): null

2024-03-07 23:39:08 - [TEST_STEP][PASSED] - out.println("Pass Record Number: " + row): null

2024-03-07 23:39:08 - [TEST_STEP][PASSED] - resText = "Pass": null

2024-03-07 23:39:08 - [TEST_STEP][PASSED] - pages.WriteExcel.demoKey(resText, datText, resColumn, datCloumn, fileLoc, nameSheet, row): pages.WriteExcel.demoKey is PASSED

2024-03-07 23:39:08 - [MESSAGE][PASSED] - pages.WriteExcel.demoKey is PASSED

2024-03-07 23:39:08 - [TEST_STEP][PASSED] - ExecuteTC = findTestData(dataFile).getValue("Execute", row): null

2024-03-07 23:39:08 - [TEST_STEP][PASSED] - Taxtype = findTestData(dataFile).getValue("TaxType", row): null

2024-03-07 23:39:08 - [TEST_STEP][PASSED] - Paymenttype = findTestData(dataFile).getValue("PaymentType", row): null

2024-03-07 23:39:08 - [TEST_STEP][PASSED] - out.println("Value of Execute is : " + ExecuteTC): null

2024-03-07 23:39:08 - [TEST_STEP][PASSED] - if (ExecuteTC.equalsIgnoreCase("Y")): null

2024-03-07 23:39:08 - [TEST_STEP][PASSED] - out.println("Begin Record Number: " + row): null

2024-03-07 23:39:08 - [TEST_STEP][PASSED] - today = new java.util.Date(): null

2024-03-07 23:39:08 - [TEST_STEP][PASSED] - println(today): null

2024-03-07 23:39:08 - [TEST_STEP][PASSED] - datText = today: null

2024-03-07 23:39:08 - [TEST_STEP][PASSED] - Taxtype = findTestData(dataFile).getValue("TaxType", row): null

2024-03-07 23:39:08 - [TEST_STEP][PASSED] - out.println("Taxtype value is : " + Taxtype): null

2024-03-07 23:39:08 - [TEST_STEP][PASSED] - openBrowser(""): Browser is opened with url: ''

2024-03-07 23:39:08 - [MESSAGE][WARNING] - A browser is already opened. Closing browser and opening a new one

2024-03-07 23:39:31 - [MESSAGE][INFO] - Starting 'Chrome' driver

2024-03-07 23:39:31 - [MESSAGE][INFO] - User set preference: ['acceptInsecureCerts', 'true']

2024-03-07 23:39:31 - [MESSAGE][INFO] - Action delay is set to 0 milliseconds

2024-03-07 23:39:32 - [MESSAGE][PASSED] - Browser is opened with url: ''

2024-03-07 23:39:32 - [TEST_STEP][PASSED] - maximizeWindow(): Current window maximized

2024-03-07 23:39:32 - [MESSAGE][PASSED] - Current window maximized

2024-03-07 23:39:32 - [TEST_STEP][PASSED] - navigateToUrl(RADurl): Navigate to 'https://qa2.velocitypayment.com/client/rad/index.html' successfully

2024-03-07 23:39:33 - [MESSAGE][PASSED] - Navigate to 'https://qa2.velocitypayment.com/client/rad/index.html' successfully

2024-03-07 23:39:33 - [TEST_STEP][PASSED] - orPath_Landing = "Object Repository/RAD_Pages/Landing_Page": null

2024-03-07 23:39:33 - [TEST_STEP][PASSED] - orPath_TaxTypeFilingYear = "Object Repository/RAD_Pages/TaxTypeFilingYear_Page": null

2024-03-07 23:39:33 - [TEST_STEP][PASSED] - orPath_TaxPayer = "Object Repository/RAD_Pages/Taxpayer_Page": null

2024-03-07 23:39:33 - [TEST_STEP][PASSED] - orPath_AddressContact = "Object Repository/RAD_Pages/AddressAndContactInfo_Page": null

2024-03-07 23:39:33 - [TEST_STEP][PASSED] - orPath_FilingStatus = "Object Repository/RAD_Pages/FilingStatus_Page": null

2024-03-07 23:39:33 - [TEST_STEP][PASSED] - orPath_Amount = "Object Repository/RAD_Pages/PaymentAmount_Page": null

2024-03-07 23:39:33 - [TEST_STEP][PASSED] - orPath_TaxInfo = "Object Repository/RAD_Pages/TaxInfo_Page": null

2024-03-07 23:39:33 - [TEST_STEP][PASSED] - orPath_Withholding = "Object Repository/RAD_Pages/Withholding_Page": null

2024-03-07 23:39:33 - [TEST_STEP][PASSED] - orPath_Summary = "Object Repository/RAD_Pages/Summary_Page": null

2024-03-07 23:39:33 - [TEST_STEP][PASSED] - orPath_PaymentReady = "Object Repository/RAD_Pages/PaymentReady_Page": null

2024-03-07 23:39:33 - [TEST_STEP][PASSED] - orPath_PaymentEntry = "Object Repository/RAD_Pages/PaymentEntry_Page": null

2024-03-07 23:39:33 - [TEST_STEP][PASSED] - orPath_PaymentConfirmation = "Object Repository/RAD_Pages/PaymentConfirmation_Page": null

2024-03-07 23:39:33 - [TEST_STEP][PASSED] - orPath_ServiceFeesAccept = "Object Repository/RAD_Pages/ServiceFeeAccept_Page": null

2024-03-07 23:39:33 - [TEST_STEP][PASSED] - selectOptionByLabel(findTestObject(orPath_Landing + "/dd_TaxType"), Paymenttype, false): All options with label 'Existing Liability w/Notice Number' are selected in object 'Object Repository/RAD_Pages/Landing_Page/dd_TaxType' 

2024-03-07 23:39:41 - [MESSAGE][PASSED] - All options with label 'Existing Liability w/Notice Number' are selected in object 'Object Repository/RAD_Pages/Landing_Page/dd_TaxType' 

2024-03-07 23:39:41 - [TEST_STEP][PASSED] - delay(1): Delayed 1 second(s)

2024-03-07 23:39:42 - [MESSAGE][PASSED] - Delayed 1 second(s)

2024-03-07 23:39:42 - [TEST_STEP][PASSED] - switch (Paymenttype): null

2024-03-07 23:39:42 - [TEST_STEP][PASSED] - case "Existing Liability w/Notice Number":: null

2024-03-07 23:39:42 - [TEST_STEP][PASSED] - selectOptionByLabel(findTestObject(orPath_TaxTypeFilingYear + "/select_TaxType_ExistingLiability"), Taxtype, false): All options with label 'Corporate Income Tax' are selected in object 'Object Repository/RAD_Pages/TaxTypeFilingYear_Page/select_TaxType_ExistingLiability' 

2024-03-07 23:39:43 - [MESSAGE][PASSED] - All options with label 'Corporate Income Tax' are selected in object 'Object Repository/RAD_Pages/TaxTypeFilingYear_Page/select_TaxType_ExistingLiability' 

2024-03-07 23:39:43 - [TEST_STEP][PASSED] - break: null

2024-03-07 23:39:43 - [TEST_STEP][PASSED] - delay(1): Delayed 1 second(s)

2024-03-07 23:39:44 - [MESSAGE][PASSED] - Delayed 1 second(s)

2024-03-07 23:39:44 - [TEST_STEP][PASSED] - switch (Paymenttype): null

2024-03-07 23:39:44 - [TEST_STEP][PASSED] - case "Existing Liability w/Notice Number":: null

2024-03-07 23:39:44 - [TEST_STEP][PASSED] - setEncryptedText(findTestObject("Object Repository/RAD_RecordAndPlay/input_Existing_FEIN"), "RigbBhfdqOBDK95asqKeHw=="): Text ****** has been set on object 'Object Repository/RAD_RecordAndPlay/input_Existing_FEIN'

2024-03-07 23:39:44 - [MESSAGE][PASSED] - Text ****** has been set on object 'Object Repository/RAD_RecordAndPlay/input_Existing_FEIN'

2024-03-07 23:39:44 - [TEST_STEP][PASSED] - setEncryptedText(findTestObject("Object Repository/RAD_RecordAndPlay/input_Existing_RetypeFEIN"), ""): Text ****** has been set on object 'Object Repository/RAD_RecordAndPlay/input_Existing_RetypeFEIN'

2024-03-07 23:39:45 - [MESSAGE][PASSED] - Text ****** has been set on object 'Object Repository/RAD_RecordAndPlay/input_Existing_RetypeFEIN'

2024-03-07 23:39:45 - [TEST_STEP][PASSED] - break: null

2024-03-07 23:39:45 - [TEST_STEP][PASSED] - verifyTextPresent("Please enter a valid FEIN with 9 digits.", true): Text 'Please enter a valid FEIN with 9 digits.' is present on page  using regular expression

2024-03-07 23:39:45 - [MESSAGE][PASSED] - Text 'Please enter a valid FEIN with 9 digits.' is present on page  using regular expression

2024-03-07 23:39:45 - [TEST_STEP][PASSED] - if (verifyTextPresent("Please enter a valid FEIN with 9 digits.", true)): null

2024-03-07 23:39:46 - [MESSAGE][PASSED] - Text 'Please enter a valid FEIN with 9 digits.' is present on page  using regular expression

2024-03-07 23:39:46 - [TEST_STEP][PASSED] - println("Error Message is present on the page"): null

2024-03-07 23:39:46 - [TEST_STEP][PASSED] - out.println("Pass Record Number: " + row): null

2024-03-07 23:39:46 - [TEST_STEP][PASSED] - resText = "Pass": null

2024-03-07 23:39:46 - [TEST_STEP][PASSED] - pages.WriteExcel.demoKey(resText, datText, resColumn, datCloumn, fileLoc, nameSheet, row): pages.WriteExcel.demoKey is PASSED

2024-03-07 23:39:46 - [MESSAGE][PASSED] - pages.WriteExcel.demoKey is PASSED

2024-03-07 23:39:46 - [TEST_STEP][PASSED] - ExecuteTC = findTestData(dataFile).getValue("Execute", row): null

2024-03-07 23:39:46 - [TEST_STEP][PASSED] - Taxtype = findTestData(dataFile).getValue("TaxType", row): null

2024-03-07 23:39:46 - [TEST_STEP][PASSED] - Paymenttype = findTestData(dataFile).getValue("PaymentType", row): null

2024-03-07 23:39:46 - [TEST_STEP][PASSED] - out.println("Value of Execute is : " + ExecuteTC): null

2024-03-07 23:39:46 - [TEST_STEP][PASSED] - if (ExecuteTC.equalsIgnoreCase("Y")): null

2024-03-07 23:39:46 - [TEST_STEP][PASSED] - out.println("Begin Record Number: " + row): null

2024-03-07 23:39:46 - [TEST_STEP][PASSED] - today = new java.util.Date(): null

2024-03-07 23:39:46 - [TEST_STEP][PASSED] - println(today): null

2024-03-07 23:39:46 - [TEST_STEP][PASSED] - datText = today: null

2024-03-07 23:39:46 - [TEST_STEP][PASSED] - Taxtype = findTestData(dataFile).getValue("TaxType", row): null

2024-03-07 23:39:46 - [TEST_STEP][PASSED] - out.println("Taxtype value is : " + Taxtype): null

2024-03-07 23:39:46 - [TEST_STEP][PASSED] - openBrowser(""): Browser is opened with url: ''

2024-03-07 23:39:46 - [MESSAGE][WARNING] - A browser is already opened. Closing browser and opening a new one

2024-03-07 23:40:07 - [MESSAGE][INFO] - Starting 'Chrome' driver

2024-03-07 23:40:07 - [MESSAGE][INFO] - User set preference: ['acceptInsecureCerts', 'true']

2024-03-07 23:40:07 - [MESSAGE][INFO] - Action delay is set to 0 milliseconds

2024-03-07 23:40:09 - [MESSAGE][PASSED] - Browser is opened with url: ''

2024-03-07 23:40:09 - [TEST_STEP][PASSED] - maximizeWindow(): Current window maximized

2024-03-07 23:40:09 - [MESSAGE][PASSED] - Current window maximized

2024-03-07 23:40:09 - [TEST_STEP][PASSED] - navigateToUrl(RADurl): Navigate to 'https://qa2.velocitypayment.com/client/rad/index.html' successfully

2024-03-07 23:40:27 - [MESSAGE][PASSED] - Navigate to 'https://qa2.velocitypayment.com/client/rad/index.html' successfully

2024-03-07 23:40:27 - [TEST_STEP][PASSED] - orPath_Landing = "Object Repository/RAD_Pages/Landing_Page": null

2024-03-07 23:40:27 - [TEST_STEP][PASSED] - orPath_TaxTypeFilingYear = "Object Repository/RAD_Pages/TaxTypeFilingYear_Page": null

2024-03-07 23:40:27 - [TEST_STEP][PASSED] - orPath_TaxPayer = "Object Repository/RAD_Pages/Taxpayer_Page": null

2024-03-07 23:40:27 - [TEST_STEP][PASSED] - orPath_AddressContact = "Object Repository/RAD_Pages/AddressAndContactInfo_Page": null

2024-03-07 23:40:27 - [TEST_STEP][PASSED] - orPath_FilingStatus = "Object Repository/RAD_Pages/FilingStatus_Page": null

2024-03-07 23:40:27 - [TEST_STEP][PASSED] - orPath_Amount = "Object Repository/RAD_Pages/PaymentAmount_Page": null

2024-03-07 23:40:27 - [TEST_STEP][PASSED] - orPath_TaxInfo = "Object Repository/RAD_Pages/TaxInfo_Page": null

2024-03-07 23:40:27 - [TEST_STEP][PASSED] - orPath_Withholding = "Object Repository/RAD_Pages/Withholding_Page": null

2024-03-07 23:40:27 - [TEST_STEP][PASSED] - orPath_Summary = "Object Repository/RAD_Pages/Summary_Page": null

2024-03-07 23:40:27 - [TEST_STEP][PASSED] - orPath_PaymentReady = "Object Repository/RAD_Pages/PaymentReady_Page": null

2024-03-07 23:40:27 - [TEST_STEP][PASSED] - orPath_PaymentEntry = "Object Repository/RAD_Pages/PaymentEntry_Page": null

2024-03-07 23:40:27 - [TEST_STEP][PASSED] - orPath_PaymentConfirmation = "Object Repository/RAD_Pages/PaymentConfirmation_Page": null

2024-03-07 23:40:27 - [TEST_STEP][PASSED] - orPath_ServiceFeesAccept = "Object Repository/RAD_Pages/ServiceFeeAccept_Page": null

2024-03-07 23:40:27 - [TEST_STEP][PASSED] - selectOptionByLabel(findTestObject(orPath_Landing + "/dd_TaxType"), Paymenttype, false): All options with label 'Existing Liability w/Notice Number' are selected in object 'Object Repository/RAD_Pages/Landing_Page/dd_TaxType' 

2024-03-07 23:40:27 - [MESSAGE][PASSED] - All options with label 'Existing Liability w/Notice Number' are selected in object 'Object Repository/RAD_Pages/Landing_Page/dd_TaxType' 

2024-03-07 23:40:27 - [TEST_STEP][PASSED] - delay(1): Delayed 1 second(s)

2024-03-07 23:40:28 - [MESSAGE][PASSED] - Delayed 1 second(s)

2024-03-07 23:40:28 - [TEST_STEP][PASSED] - switch (Paymenttype): null

2024-03-07 23:40:28 - [TEST_STEP][PASSED] - case "Existing Liability w/Notice Number":: null

2024-03-07 23:40:28 - [TEST_STEP][PASSED] - selectOptionByLabel(findTestObject(orPath_TaxTypeFilingYear + "/select_TaxType_ExistingLiability"), Taxtype, false): All options with label 'Fiduciary Tax' are selected in object 'Object Repository/RAD_Pages/TaxTypeFilingYear_Page/select_TaxType_ExistingLiability' 

2024-03-07 23:40:29 - [MESSAGE][PASSED] - All options with label 'Fiduciary Tax' are selected in object 'Object Repository/RAD_Pages/TaxTypeFilingYear_Page/select_TaxType_ExistingLiability' 

2024-03-07 23:40:29 - [TEST_STEP][PASSED] - break: null

2024-03-07 23:40:29 - [TEST_STEP][PASSED] - delay(1): Delayed 1 second(s)

2024-03-07 23:40:30 - [MESSAGE][PASSED] - Delayed 1 second(s)

2024-03-07 23:40:30 - [TEST_STEP][PASSED] - switch (Paymenttype): null

2024-03-07 23:40:30 - [TEST_STEP][PASSED] - case "Existing Liability w/Notice Number":: null

2024-03-07 23:40:30 - [TEST_STEP][PASSED] - setEncryptedText(findTestObject("Object Repository/RAD_RecordAndPlay/input_Existing_FEIN"), "RigbBhfdqOBDK95asqKeHw=="): Text ****** has been set on object 'Object Repository/RAD_RecordAndPlay/input_Existing_FEIN'

2024-03-07 23:40:31 - [MESSAGE][PASSED] - Text ****** has been set on object 'Object Repository/RAD_RecordAndPlay/input_Existing_FEIN'

2024-03-07 23:40:31 - [TEST_STEP][PASSED] - setEncryptedText(findTestObject("Object Repository/RAD_RecordAndPlay/input_Existing_RetypeFEIN"), ""): Text ****** has been set on object 'Object Repository/RAD_RecordAndPlay/input_Existing_RetypeFEIN'

2024-03-07 23:40:31 - [MESSAGE][PASSED] - Text ****** has been set on object 'Object Repository/RAD_RecordAndPlay/input_Existing_RetypeFEIN'

2024-03-07 23:40:31 - [TEST_STEP][PASSED] - break: null

2024-03-07 23:40:31 - [TEST_STEP][PASSED] - verifyTextPresent("Please enter a valid FEIN with 9 digits.", true): Text 'Please enter a valid FEIN with 9 digits.' is present on page  using regular expression

2024-03-07 23:40:32 - [MESSAGE][PASSED] - Text 'Please enter a valid FEIN with 9 digits.' is present on page  using regular expression

2024-03-07 23:40:32 - [TEST_STEP][PASSED] - if (verifyTextPresent("Please enter a valid FEIN with 9 digits.", true)): null

2024-03-07 23:40:32 - [MESSAGE][PASSED] - Text 'Please enter a valid FEIN with 9 digits.' is present on page  using regular expression

2024-03-07 23:40:32 - [TEST_STEP][PASSED] - println("Error Message is present on the page"): null

2024-03-07 23:40:32 - [TEST_STEP][PASSED] - out.println("Pass Record Number: " + row): null

2024-03-07 23:40:32 - [TEST_STEP][PASSED] - resText = "Pass": null

2024-03-07 23:40:32 - [TEST_STEP][PASSED] - pages.WriteExcel.demoKey(resText, datText, resColumn, datCloumn, fileLoc, nameSheet, row): pages.WriteExcel.demoKey is PASSED

2024-03-07 23:40:32 - [MESSAGE][PASSED] - pages.WriteExcel.demoKey is PASSED

2024-03-07 23:40:32 - [TEST_STEP][PASSED] - ExecuteTC = findTestData(dataFile).getValue("Execute", row): null

2024-03-07 23:40:32 - [TEST_STEP][PASSED] - Taxtype = findTestData(dataFile).getValue("TaxType", row): null

2024-03-07 23:40:32 - [TEST_STEP][PASSED] - Paymenttype = findTestData(dataFile).getValue("PaymentType", row): null

2024-03-07 23:40:32 - [TEST_STEP][PASSED] - out.println("Value of Execute is : " + ExecuteTC): null

2024-03-07 23:40:32 - [TEST_STEP][PASSED] - if (ExecuteTC.equalsIgnoreCase("Y")): null

2024-03-07 23:40:32 - [TEST_STEP][PASSED] - out.println("Begin Record Number: " + row): null

2024-03-07 23:40:32 - [TEST_STEP][PASSED] - today = new java.util.Date(): null

2024-03-07 23:40:32 - [TEST_STEP][PASSED] - println(today): null

2024-03-07 23:40:32 - [TEST_STEP][PASSED] - datText = today: null

2024-03-07 23:40:32 - [TEST_STEP][PASSED] - Taxtype = findTestData(dataFile).getValue("TaxType", row): null

2024-03-07 23:40:32 - [TEST_STEP][PASSED] - out.println("Taxtype value is : " + Taxtype): null

2024-03-07 23:40:32 - [TEST_STEP][PASSED] - openBrowser(""): Browser is opened with url: ''

2024-03-07 23:40:32 - [MESSAGE][WARNING] - A browser is already opened. Closing browser and opening a new one

2024-03-07 23:40:59 - [MESSAGE][INFO] - Starting 'Chrome' driver

2024-03-07 23:40:59 - [MESSAGE][INFO] - User set preference: ['acceptInsecureCerts', 'true']

2024-03-07 23:40:59 - [MESSAGE][INFO] - Action delay is set to 0 milliseconds

2024-03-07 23:41:01 - [MESSAGE][PASSED] - Browser is opened with url: ''

2024-03-07 23:41:01 - [TEST_STEP][PASSED] - maximizeWindow(): Current window maximized

2024-03-07 23:41:01 - [MESSAGE][PASSED] - Current window maximized

2024-03-07 23:41:01 - [TEST_STEP][PASSED] - navigateToUrl(RADurl): Navigate to 'https://qa2.velocitypayment.com/client/rad/index.html' successfully

2024-03-07 23:41:08 - [MESSAGE][PASSED] - Navigate to 'https://qa2.velocitypayment.com/client/rad/index.html' successfully

2024-03-07 23:41:08 - [TEST_STEP][PASSED] - orPath_Landing = "Object Repository/RAD_Pages/Landing_Page": null

2024-03-07 23:41:08 - [TEST_STEP][PASSED] - orPath_TaxTypeFilingYear = "Object Repository/RAD_Pages/TaxTypeFilingYear_Page": null

2024-03-07 23:41:08 - [TEST_STEP][PASSED] - orPath_TaxPayer = "Object Repository/RAD_Pages/Taxpayer_Page": null

2024-03-07 23:41:08 - [TEST_STEP][PASSED] - orPath_AddressContact = "Object Repository/RAD_Pages/AddressAndContactInfo_Page": null

2024-03-07 23:41:08 - [TEST_STEP][PASSED] - orPath_FilingStatus = "Object Repository/RAD_Pages/FilingStatus_Page": null

2024-03-07 23:41:08 - [TEST_STEP][PASSED] - orPath_Amount = "Object Repository/RAD_Pages/PaymentAmount_Page": null

2024-03-07 23:41:08 - [TEST_STEP][PASSED] - orPath_TaxInfo = "Object Repository/RAD_Pages/TaxInfo_Page": null

2024-03-07 23:41:08 - [TEST_STEP][PASSED] - orPath_Withholding = "Object Repository/RAD_Pages/Withholding_Page": null

2024-03-07 23:41:08 - [TEST_STEP][PASSED] - orPath_Summary = "Object Repository/RAD_Pages/Summary_Page": null

2024-03-07 23:41:08 - [TEST_STEP][PASSED] - orPath_PaymentReady = "Object Repository/RAD_Pages/PaymentReady_Page": null

2024-03-07 23:41:08 - [TEST_STEP][PASSED] - orPath_PaymentEntry = "Object Repository/RAD_Pages/PaymentEntry_Page": null

2024-03-07 23:41:08 - [TEST_STEP][PASSED] - orPath_PaymentConfirmation = "Object Repository/RAD_Pages/PaymentConfirmation_Page": null

2024-03-07 23:41:08 - [TEST_STEP][PASSED] - orPath_ServiceFeesAccept = "Object Repository/RAD_Pages/ServiceFeeAccept_Page": null

2024-03-07 23:41:08 - [TEST_STEP][PASSED] - selectOptionByLabel(findTestObject(orPath_Landing + "/dd_TaxType"), Paymenttype, false): All options with label 'Existing Liability w/Notice Number' are selected in object 'Object Repository/RAD_Pages/Landing_Page/dd_TaxType' 

2024-03-07 23:41:09 - [MESSAGE][PASSED] - All options with label 'Existing Liability w/Notice Number' are selected in object 'Object Repository/RAD_Pages/Landing_Page/dd_TaxType' 

2024-03-07 23:41:09 - [TEST_STEP][PASSED] - delay(1): Delayed 1 second(s)

2024-03-07 23:41:10 - [MESSAGE][PASSED] - Delayed 1 second(s)

2024-03-07 23:41:10 - [TEST_STEP][PASSED] - switch (Paymenttype): null

2024-03-07 23:41:10 - [TEST_STEP][PASSED] - case "Existing Liability w/Notice Number":: null

2024-03-07 23:41:10 - [TEST_STEP][PASSED] - selectOptionByLabel(findTestObject(orPath_TaxTypeFilingYear + "/select_TaxType_ExistingLiability"), Taxtype, false): All options with label 'Sales & Use Tax' are selected in object 'Object Repository/RAD_Pages/TaxTypeFilingYear_Page/select_TaxType_ExistingLiability' 

2024-03-07 23:41:11 - [MESSAGE][PASSED] - All options with label 'Sales & Use Tax' are selected in object 'Object Repository/RAD_Pages/TaxTypeFilingYear_Page/select_TaxType_ExistingLiability' 

2024-03-07 23:41:11 - [TEST_STEP][PASSED] - break: null

2024-03-07 23:41:11 - [TEST_STEP][PASSED] - delay(1): Delayed 1 second(s)

2024-03-07 23:41:12 - [MESSAGE][PASSED] - Delayed 1 second(s)

2024-03-07 23:41:12 - [TEST_STEP][PASSED] - switch (Paymenttype): null

2024-03-07 23:41:12 - [TEST_STEP][PASSED] - case "Existing Liability w/Notice Number":: null

2024-03-07 23:41:12 - [TEST_STEP][PASSED] - setEncryptedText(findTestObject("Object Repository/RAD_RecordAndPlay/input_Existing_FEIN"), "RigbBhfdqOBDK95asqKeHw=="): Text ****** has been set on object 'Object Repository/RAD_RecordAndPlay/input_Existing_FEIN'

2024-03-07 23:41:12 - [MESSAGE][PASSED] - Text ****** has been set on object 'Object Repository/RAD_RecordAndPlay/input_Existing_FEIN'

2024-03-07 23:41:12 - [TEST_STEP][PASSED] - setEncryptedText(findTestObject("Object Repository/RAD_RecordAndPlay/input_Existing_RetypeFEIN"), ""): Text ****** has been set on object 'Object Repository/RAD_RecordAndPlay/input_Existing_RetypeFEIN'

2024-03-07 23:41:13 - [MESSAGE][PASSED] - Text ****** has been set on object 'Object Repository/RAD_RecordAndPlay/input_Existing_RetypeFEIN'

2024-03-07 23:41:13 - [TEST_STEP][PASSED] - break: null

2024-03-07 23:41:13 - [TEST_STEP][PASSED] - verifyTextPresent("Please enter a valid FEIN with 9 digits.", true): Text 'Please enter a valid FEIN with 9 digits.' is present on page  using regular expression

2024-03-07 23:41:13 - [MESSAGE][PASSED] - Text 'Please enter a valid FEIN with 9 digits.' is present on page  using regular expression

2024-03-07 23:41:13 - [TEST_STEP][PASSED] - if (verifyTextPresent("Please enter a valid FEIN with 9 digits.", true)): null

2024-03-07 23:41:14 - [MESSAGE][PASSED] - Text 'Please enter a valid FEIN with 9 digits.' is present on page  using regular expression

2024-03-07 23:41:14 - [TEST_STEP][PASSED] - println("Error Message is present on the page"): null

2024-03-07 23:41:14 - [TEST_STEP][PASSED] - out.println("Pass Record Number: " + row): null

2024-03-07 23:41:14 - [TEST_STEP][PASSED] - resText = "Pass": null

2024-03-07 23:41:14 - [TEST_STEP][PASSED] - pages.WriteExcel.demoKey(resText, datText, resColumn, datCloumn, fileLoc, nameSheet, row): pages.WriteExcel.demoKey is PASSED

2024-03-07 23:41:14 - [MESSAGE][PASSED] - pages.WriteExcel.demoKey is PASSED

2024-03-07 23:41:14 - [TEST_STEP][PASSED] - ExecuteTC = findTestData(dataFile).getValue("Execute", row): null

2024-03-07 23:41:14 - [TEST_STEP][PASSED] - Taxtype = findTestData(dataFile).getValue("TaxType", row): null

2024-03-07 23:41:14 - [TEST_STEP][PASSED] - Paymenttype = findTestData(dataFile).getValue("PaymentType", row): null

2024-03-07 23:41:14 - [TEST_STEP][PASSED] - out.println("Value of Execute is : " + ExecuteTC): null

2024-03-07 23:41:14 - [TEST_STEP][PASSED] - if (ExecuteTC.equalsIgnoreCase("Y")): null

2024-03-07 23:41:14 - [TEST_STEP][PASSED] - out.println("Begin Record Number: " + row): null

2024-03-07 23:41:14 - [TEST_STEP][PASSED] - today = new java.util.Date(): null

2024-03-07 23:41:14 - [TEST_STEP][PASSED] - println(today): null

2024-03-07 23:41:14 - [TEST_STEP][PASSED] - datText = today: null

2024-03-07 23:41:14 - [TEST_STEP][PASSED] - Taxtype = findTestData(dataFile).getValue("TaxType", row): null

2024-03-07 23:41:14 - [TEST_STEP][PASSED] - out.println("Taxtype value is : " + Taxtype): null

2024-03-07 23:41:14 - [TEST_STEP][PASSED] - openBrowser(""): Browser is opened with url: ''

2024-03-07 23:41:14 - [MESSAGE][WARNING] - A browser is already opened. Closing browser and opening a new one

2024-03-07 23:41:30 - [MESSAGE][INFO] - Starting 'Chrome' driver

2024-03-07 23:41:30 - [MESSAGE][INFO] - User set preference: ['acceptInsecureCerts', 'true']

2024-03-07 23:41:30 - [MESSAGE][INFO] - Action delay is set to 0 milliseconds

2024-03-07 23:41:31 - [MESSAGE][PASSED] - Browser is opened with url: ''

2024-03-07 23:41:31 - [TEST_STEP][PASSED] - maximizeWindow(): Current window maximized

2024-03-07 23:41:31 - [MESSAGE][PASSED] - Current window maximized

2024-03-07 23:41:31 - [TEST_STEP][PASSED] - navigateToUrl(RADurl): Navigate to 'https://qa2.velocitypayment.com/client/rad/index.html' successfully

2024-03-07 23:41:38 - [MESSAGE][PASSED] - Navigate to 'https://qa2.velocitypayment.com/client/rad/index.html' successfully

2024-03-07 23:41:38 - [TEST_STEP][PASSED] - orPath_Landing = "Object Repository/RAD_Pages/Landing_Page": null

2024-03-07 23:41:38 - [TEST_STEP][PASSED] - orPath_TaxTypeFilingYear = "Object Repository/RAD_Pages/TaxTypeFilingYear_Page": null

2024-03-07 23:41:38 - [TEST_STEP][PASSED] - orPath_TaxPayer = "Object Repository/RAD_Pages/Taxpayer_Page": null

2024-03-07 23:41:38 - [TEST_STEP][PASSED] - orPath_AddressContact = "Object Repository/RAD_Pages/AddressAndContactInfo_Page": null

2024-03-07 23:41:38 - [TEST_STEP][PASSED] - orPath_FilingStatus = "Object Repository/RAD_Pages/FilingStatus_Page": null

2024-03-07 23:41:38 - [TEST_STEP][PASSED] - orPath_Amount = "Object Repository/RAD_Pages/PaymentAmount_Page": null

2024-03-07 23:41:38 - [TEST_STEP][PASSED] - orPath_TaxInfo = "Object Repository/RAD_Pages/TaxInfo_Page": null

2024-03-07 23:41:38 - [TEST_STEP][PASSED] - orPath_Withholding = "Object Repository/RAD_Pages/Withholding_Page": null

2024-03-07 23:41:38 - [TEST_STEP][PASSED] - orPath_Summary = "Object Repository/RAD_Pages/Summary_Page": null

2024-03-07 23:41:38 - [TEST_STEP][PASSED] - orPath_PaymentReady = "Object Repository/RAD_Pages/PaymentReady_Page": null

2024-03-07 23:41:38 - [TEST_STEP][PASSED] - orPath_PaymentEntry = "Object Repository/RAD_Pages/PaymentEntry_Page": null

2024-03-07 23:41:38 - [TEST_STEP][PASSED] - orPath_PaymentConfirmation = "Object Repository/RAD_Pages/PaymentConfirmation_Page": null

2024-03-07 23:41:38 - [TEST_STEP][PASSED] - orPath_ServiceFeesAccept = "Object Repository/RAD_Pages/ServiceFeeAccept_Page": null

2024-03-07 23:41:38 - [TEST_STEP][PASSED] - selectOptionByLabel(findTestObject(orPath_Landing + "/dd_TaxType"), Paymenttype, false): All options with label 'Existing Liability w/Notice Number' are selected in object 'Object Repository/RAD_Pages/Landing_Page/dd_TaxType' 

2024-03-07 23:41:39 - [MESSAGE][PASSED] - All options with label 'Existing Liability w/Notice Number' are selected in object 'Object Repository/RAD_Pages/Landing_Page/dd_TaxType' 

2024-03-07 23:41:39 - [TEST_STEP][PASSED] - delay(1): Delayed 1 second(s)

2024-03-07 23:41:40 - [MESSAGE][PASSED] - Delayed 1 second(s)

2024-03-07 23:41:40 - [TEST_STEP][PASSED] - switch (Paymenttype): null

2024-03-07 23:41:40 - [TEST_STEP][PASSED] - case "Existing Liability w/Notice Number":: null

2024-03-07 23:41:40 - [TEST_STEP][PASSED] - selectOptionByLabel(findTestObject(orPath_TaxTypeFilingYear + "/select_TaxType_ExistingLiability"), Taxtype, false): All options with label 'Tire Recycling Fee' are selected in object 'Object Repository/RAD_Pages/TaxTypeFilingYear_Page/select_TaxType_ExistingLiability' 

2024-03-07 23:41:40 - [MESSAGE][PASSED] - All options with label 'Tire Recycling Fee' are selected in object 'Object Repository/RAD_Pages/TaxTypeFilingYear_Page/select_TaxType_ExistingLiability' 

2024-03-07 23:41:40 - [TEST_STEP][PASSED] - break: null

2024-03-07 23:41:40 - [TEST_STEP][PASSED] - delay(1): Delayed 1 second(s)

2024-03-07 23:41:41 - [MESSAGE][PASSED] - Delayed 1 second(s)

2024-03-07 23:41:41 - [TEST_STEP][PASSED] - switch (Paymenttype): null

2024-03-07 23:41:41 - [TEST_STEP][PASSED] - case "Existing Liability w/Notice Number":: null

2024-03-07 23:41:41 - [TEST_STEP][PASSED] - setEncryptedText(findTestObject("Object Repository/RAD_RecordAndPlay/input_Existing_FEIN"), "RigbBhfdqOBDK95asqKeHw=="): Text ****** has been set on object 'Object Repository/RAD_RecordAndPlay/input_Existing_FEIN'

2024-03-07 23:41:42 - [MESSAGE][PASSED] - Text ****** has been set on object 'Object Repository/RAD_RecordAndPlay/input_Existing_FEIN'

2024-03-07 23:41:42 - [TEST_STEP][PASSED] - setEncryptedText(findTestObject("Object Repository/RAD_RecordAndPlay/input_Existing_RetypeFEIN"), ""): Text ****** has been set on object 'Object Repository/RAD_RecordAndPlay/input_Existing_RetypeFEIN'

2024-03-07 23:41:42 - [MESSAGE][PASSED] - Text ****** has been set on object 'Object Repository/RAD_RecordAndPlay/input_Existing_RetypeFEIN'

2024-03-07 23:41:42 - [TEST_STEP][PASSED] - break: null

2024-03-07 23:41:42 - [TEST_STEP][PASSED] - verifyTextPresent("Please enter a valid FEIN with 9 digits.", true): Text 'Please enter a valid FEIN with 9 digits.' is present on page  using regular expression

2024-03-07 23:41:43 - [MESSAGE][PASSED] - Text 'Please enter a valid FEIN with 9 digits.' is present on page  using regular expression

2024-03-07 23:41:43 - [TEST_STEP][PASSED] - if (verifyTextPresent("Please enter a valid FEIN with 9 digits.", true)): null

2024-03-07 23:41:43 - [MESSAGE][PASSED] - Text 'Please enter a valid FEIN with 9 digits.' is present on page  using regular expression

2024-03-07 23:41:43 - [TEST_STEP][PASSED] - println("Error Message is present on the page"): null

2024-03-07 23:41:43 - [TEST_STEP][PASSED] - out.println("Pass Record Number: " + row): null

2024-03-07 23:41:43 - [TEST_STEP][PASSED] - resText = "Pass": null

2024-03-07 23:41:43 - [TEST_STEP][PASSED] - pages.WriteExcel.demoKey(resText, datText, resColumn, datCloumn, fileLoc, nameSheet, row): pages.WriteExcel.demoKey is PASSED

2024-03-07 23:41:44 - [MESSAGE][PASSED] - pages.WriteExcel.demoKey is PASSED

2024-03-07 23:41:44 - [TEST_STEP][PASSED] - ExecuteTC = findTestData(dataFile).getValue("Execute", row): null

2024-03-07 23:41:44 - [TEST_STEP][PASSED] - Taxtype = findTestData(dataFile).getValue("TaxType", row): null

2024-03-07 23:41:44 - [TEST_STEP][PASSED] - Paymenttype = findTestData(dataFile).getValue("PaymentType", row): null

2024-03-07 23:41:44 - [TEST_STEP][PASSED] - out.println("Value of Execute is : " + ExecuteTC): null

2024-03-07 23:41:44 - [TEST_STEP][PASSED] - if (ExecuteTC.equalsIgnoreCase("Y")): null

2024-03-07 23:41:44 - [TEST_STEP][PASSED] - out.println("Begin Record Number: " + row): null

2024-03-07 23:41:44 - [TEST_STEP][PASSED] - today = new java.util.Date(): null

2024-03-07 23:41:44 - [TEST_STEP][PASSED] - println(today): null

2024-03-07 23:41:44 - [TEST_STEP][PASSED] - datText = today: null

2024-03-07 23:41:44 - [TEST_STEP][PASSED] - Taxtype = findTestData(dataFile).getValue("TaxType", row): null

2024-03-07 23:41:44 - [TEST_STEP][PASSED] - out.println("Taxtype value is : " + Taxtype): null

2024-03-07 23:41:44 - [TEST_STEP][PASSED] - openBrowser(""): Browser is opened with url: ''

2024-03-07 23:41:44 - [MESSAGE][WARNING] - A browser is already opened. Closing browser and opening a new one

2024-03-07 23:41:55 - [MESSAGE][INFO] - Starting 'Chrome' driver

2024-03-07 23:41:55 - [MESSAGE][INFO] - User set preference: ['acceptInsecureCerts', 'true']

2024-03-07 23:41:55 - [MESSAGE][INFO] - Action delay is set to 0 milliseconds

2024-03-07 23:41:56 - [MESSAGE][PASSED] - Browser is opened with url: ''

2024-03-07 23:41:56 - [TEST_STEP][PASSED] - maximizeWindow(): Current window maximized

2024-03-07 23:41:57 - [MESSAGE][PASSED] - Current window maximized

2024-03-07 23:41:57 - [TEST_STEP][PASSED] - navigateToUrl(RADurl): Navigate to 'https://qa2.velocitypayment.com/client/rad/index.html' successfully

2024-03-07 23:42:03 - [MESSAGE][PASSED] - Navigate to 'https://qa2.velocitypayment.com/client/rad/index.html' successfully

2024-03-07 23:42:03 - [TEST_STEP][PASSED] - orPath_Landing = "Object Repository/RAD_Pages/Landing_Page": null

2024-03-07 23:42:03 - [TEST_STEP][PASSED] - orPath_TaxTypeFilingYear = "Object Repository/RAD_Pages/TaxTypeFilingYear_Page": null

2024-03-07 23:42:03 - [TEST_STEP][PASSED] - orPath_TaxPayer = "Object Repository/RAD_Pages/Taxpayer_Page": null

2024-03-07 23:42:03 - [TEST_STEP][PASSED] - orPath_AddressContact = "Object Repository/RAD_Pages/AddressAndContactInfo_Page": null

2024-03-07 23:42:03 - [TEST_STEP][PASSED] - orPath_FilingStatus = "Object Repository/RAD_Pages/FilingStatus_Page": null

2024-03-07 23:42:03 - [TEST_STEP][PASSED] - orPath_Amount = "Object Repository/RAD_Pages/PaymentAmount_Page": null

2024-03-07 23:42:03 - [TEST_STEP][PASSED] - orPath_TaxInfo = "Object Repository/RAD_Pages/TaxInfo_Page": null

2024-03-07 23:42:03 - [TEST_STEP][PASSED] - orPath_Withholding = "Object Repository/RAD_Pages/Withholding_Page": null

2024-03-07 23:42:03 - [TEST_STEP][PASSED] - orPath_Summary = "Object Repository/RAD_Pages/Summary_Page": null

2024-03-07 23:42:03 - [TEST_STEP][PASSED] - orPath_PaymentReady = "Object Repository/RAD_Pages/PaymentReady_Page": null

2024-03-07 23:42:03 - [TEST_STEP][PASSED] - orPath_PaymentEntry = "Object Repository/RAD_Pages/PaymentEntry_Page": null

2024-03-07 23:42:03 - [TEST_STEP][PASSED] - orPath_PaymentConfirmation = "Object Repository/RAD_Pages/PaymentConfirmation_Page": null

2024-03-07 23:42:03 - [TEST_STEP][PASSED] - orPath_ServiceFeesAccept = "Object Repository/RAD_Pages/ServiceFeeAccept_Page": null

2024-03-07 23:42:03 - [TEST_STEP][PASSED] - selectOptionByLabel(findTestObject(orPath_Landing + "/dd_TaxType"), Paymenttype, false): All options with label 'Existing Liability w/Notice Number' are selected in object 'Object Repository/RAD_Pages/Landing_Page/dd_TaxType' 

2024-03-07 23:42:03 - [MESSAGE][PASSED] - All options with label 'Existing Liability w/Notice Number' are selected in object 'Object Repository/RAD_Pages/Landing_Page/dd_TaxType' 

2024-03-07 23:42:03 - [TEST_STEP][PASSED] - delay(1): Delayed 1 second(s)

2024-03-07 23:42:04 - [MESSAGE][PASSED] - Delayed 1 second(s)

2024-03-07 23:42:04 - [TEST_STEP][PASSED] - switch (Paymenttype): null

2024-03-07 23:42:04 - [TEST_STEP][PASSED] - case "Existing Liability w/Notice Number":: null

2024-03-07 23:42:04 - [TEST_STEP][PASSED] - selectOptionByLabel(findTestObject(orPath_TaxTypeFilingYear + "/select_TaxType_ExistingLiability"), Taxtype, false): All options with label 'Withholding Tax' are selected in object 'Object Repository/RAD_Pages/TaxTypeFilingYear_Page/select_TaxType_ExistingLiability' 

2024-03-07 23:42:05 - [MESSAGE][PASSED] - All options with label 'Withholding Tax' are selected in object 'Object Repository/RAD_Pages/TaxTypeFilingYear_Page/select_TaxType_ExistingLiability' 

2024-03-07 23:42:05 - [TEST_STEP][PASSED] - break: null

2024-03-07 23:42:05 - [TEST_STEP][PASSED] - delay(1): Delayed 1 second(s)

2024-03-07 23:42:06 - [MESSAGE][PASSED] - Delayed 1 second(s)

2024-03-07 23:42:06 - [TEST_STEP][PASSED] - switch (Paymenttype): null

2024-03-07 23:42:06 - [TEST_STEP][PASSED] - case "Existing Liability w/Notice Number":: null

2024-03-07 23:42:06 - [TEST_STEP][PASSED] - setEncryptedText(findTestObject("Object Repository/RAD_RecordAndPlay/input_Existing_FEIN"), "RigbBhfdqOBDK95asqKeHw=="): Text ****** has been set on object 'Object Repository/RAD_RecordAndPlay/input_Existing_FEIN'

2024-03-07 23:42:07 - [MESSAGE][PASSED] - Text ****** has been set on object 'Object Repository/RAD_RecordAndPlay/input_Existing_FEIN'

2024-03-07 23:42:07 - [TEST_STEP][PASSED] - setEncryptedText(findTestObject("Object Repository/RAD_RecordAndPlay/input_Existing_RetypeFEIN"), ""): Text ****** has been set on object 'Object Repository/RAD_RecordAndPlay/input_Existing_RetypeFEIN'

2024-03-07 23:42:07 - [MESSAGE][PASSED] - Text ****** has been set on object 'Object Repository/RAD_RecordAndPlay/input_Existing_RetypeFEIN'

2024-03-07 23:42:07 - [TEST_STEP][PASSED] - break: null

2024-03-07 23:42:07 - [TEST_STEP][PASSED] - verifyTextPresent("Please enter a valid FEIN with 9 digits.", true): Text 'Please enter a valid FEIN with 9 digits.' is present on page  using regular expression

2024-03-07 23:42:08 - [MESSAGE][PASSED] - Text 'Please enter a valid FEIN with 9 digits.' is present on page  using regular expression

2024-03-07 23:42:08 - [TEST_STEP][PASSED] - if (verifyTextPresent("Please enter a valid FEIN with 9 digits.", true)): null

2024-03-07 23:42:08 - [MESSAGE][PASSED] - Text 'Please enter a valid FEIN with 9 digits.' is present on page  using regular expression

2024-03-07 23:42:08 - [TEST_STEP][PASSED] - println("Error Message is present on the page"): null

2024-03-07 23:42:08 - [TEST_STEP][PASSED] - out.println("Pass Record Number: " + row): null

2024-03-07 23:42:08 - [TEST_STEP][PASSED] - resText = "Pass": null

2024-03-07 23:42:08 - [TEST_STEP][PASSED] - pages.WriteExcel.demoKey(resText, datText, resColumn, datCloumn, fileLoc, nameSheet, row): pages.WriteExcel.demoKey is PASSED

2024-03-07 23:42:08 - [MESSAGE][PASSED] - pages.WriteExcel.demoKey is PASSED

2024-03-07 23:42:08 - [TEST_STEP][PASSED] - ExecuteTC = findTestData(dataFile).getValue("Execute", row): null

2024-03-07 23:42:09 - [TEST_STEP][PASSED] - Taxtype = findTestData(dataFile).getValue("TaxType", row): null

2024-03-07 23:42:09 - [TEST_STEP][PASSED] - Paymenttype = findTestData(dataFile).getValue("PaymentType", row): null

2024-03-07 23:42:09 - [TEST_STEP][PASSED] - out.println("Value of Execute is : " + ExecuteTC): null

2024-03-07 23:42:09 - [TEST_STEP][PASSED] - if (ExecuteTC.equalsIgnoreCase("Y")): null

2024-03-07 23:42:09 - [TEST_STEP][PASSED] - out.println("Begin Record Number: " + row): null

2024-03-07 23:42:09 - [TEST_STEP][PASSED] - today = new java.util.Date(): null

2024-03-07 23:42:09 - [TEST_STEP][PASSED] - println(today): null

2024-03-07 23:42:09 - [TEST_STEP][PASSED] - datText = today: null

2024-03-07 23:42:09 - [TEST_STEP][PASSED] - Taxtype = findTestData(dataFile).getValue("TaxType", row): null

2024-03-07 23:42:09 - [TEST_STEP][PASSED] - out.println("Taxtype value is : " + Taxtype): null

2024-03-07 23:42:09 - [TEST_STEP][PASSED] - openBrowser(""): Browser is opened with url: ''

2024-03-07 23:42:09 - [MESSAGE][WARNING] - A browser is already opened. Closing browser and opening a new one

2024-03-07 23:42:24 - [MESSAGE][INFO] - Starting 'Chrome' driver

2024-03-07 23:42:24 - [MESSAGE][INFO] - User set preference: ['acceptInsecureCerts', 'true']

2024-03-07 23:42:24 - [MESSAGE][INFO] - Action delay is set to 0 milliseconds

2024-03-07 23:42:26 - [MESSAGE][PASSED] - Browser is opened with url: ''

2024-03-07 23:42:26 - [TEST_STEP][PASSED] - maximizeWindow(): Current window maximized

2024-03-07 23:42:26 - [MESSAGE][PASSED] - Current window maximized

2024-03-07 23:42:26 - [TEST_STEP][PASSED] - navigateToUrl(RADurl): Navigate to 'https://qa2.velocitypayment.com/client/rad/index.html' successfully

2024-03-07 23:42:33 - [MESSAGE][PASSED] - Navigate to 'https://qa2.velocitypayment.com/client/rad/index.html' successfully

2024-03-07 23:42:33 - [TEST_STEP][PASSED] - orPath_Landing = "Object Repository/RAD_Pages/Landing_Page": null

2024-03-07 23:42:33 - [TEST_STEP][PASSED] - orPath_TaxTypeFilingYear = "Object Repository/RAD_Pages/TaxTypeFilingYear_Page": null

2024-03-07 23:42:33 - [TEST_STEP][PASSED] - orPath_TaxPayer = "Object Repository/RAD_Pages/Taxpayer_Page": null

2024-03-07 23:42:33 - [TEST_STEP][PASSED] - orPath_AddressContact = "Object Repository/RAD_Pages/AddressAndContactInfo_Page": null

2024-03-07 23:42:33 - [TEST_STEP][PASSED] - orPath_FilingStatus = "Object Repository/RAD_Pages/FilingStatus_Page": null

2024-03-07 23:42:33 - [TEST_STEP][PASSED] - orPath_Amount = "Object Repository/RAD_Pages/PaymentAmount_Page": null

2024-03-07 23:42:33 - [TEST_STEP][PASSED] - orPath_TaxInfo = "Object Repository/RAD_Pages/TaxInfo_Page": null

2024-03-07 23:42:33 - [TEST_STEP][PASSED] - orPath_Withholding = "Object Repository/RAD_Pages/Withholding_Page": null

2024-03-07 23:42:33 - [TEST_STEP][PASSED] - orPath_Summary = "Object Repository/RAD_Pages/Summary_Page": null

2024-03-07 23:42:33 - [TEST_STEP][PASSED] - orPath_PaymentReady = "Object Repository/RAD_Pages/PaymentReady_Page": null

2024-03-07 23:42:33 - [TEST_STEP][PASSED] - orPath_PaymentEntry = "Object Repository/RAD_Pages/PaymentEntry_Page": null

2024-03-07 23:42:33 - [TEST_STEP][PASSED] - orPath_PaymentConfirmation = "Object Repository/RAD_Pages/PaymentConfirmation_Page": null

2024-03-07 23:42:33 - [TEST_STEP][PASSED] - orPath_ServiceFeesAccept = "Object Repository/RAD_Pages/ServiceFeeAccept_Page": null

2024-03-07 23:42:33 - [TEST_STEP][PASSED] - selectOptionByLabel(findTestObject(orPath_Landing + "/dd_TaxType"), Paymenttype, false): All options with label 'Existing Liability w/Notice Number' are selected in object 'Object Repository/RAD_Pages/Landing_Page/dd_TaxType' 

2024-03-07 23:42:33 - [MESSAGE][PASSED] - All options with label 'Existing Liability w/Notice Number' are selected in object 'Object Repository/RAD_Pages/Landing_Page/dd_TaxType' 

2024-03-07 23:42:33 - [TEST_STEP][PASSED] - delay(1): Delayed 1 second(s)

2024-03-07 23:42:34 - [MESSAGE][PASSED] - Delayed 1 second(s)

2024-03-07 23:42:34 - [TEST_STEP][PASSED] - switch (Paymenttype): null

2024-03-07 23:42:34 - [TEST_STEP][PASSED] - case "Existing Liability w/Notice Number":: null

2024-03-07 23:42:34 - [TEST_STEP][PASSED] - selectOptionByLabel(findTestObject(orPath_TaxTypeFilingYear + "/select_TaxType_ExistingLiability"), Taxtype, false): All options with label 'Alcohol Tax' are selected in object 'Object Repository/RAD_Pages/TaxTypeFilingYear_Page/select_TaxType_ExistingLiability' 

2024-03-07 23:42:35 - [MESSAGE][PASSED] - All options with label 'Alcohol Tax' are selected in object 'Object Repository/RAD_Pages/TaxTypeFilingYear_Page/select_TaxType_ExistingLiability' 

2024-03-07 23:42:35 - [TEST_STEP][PASSED] - break: null

2024-03-07 23:42:35 - [TEST_STEP][PASSED] - delay(1): Delayed 1 second(s)

2024-03-07 23:42:36 - [MESSAGE][PASSED] - Delayed 1 second(s)

2024-03-07 23:42:36 - [TEST_STEP][PASSED] - switch (Paymenttype): null

2024-03-07 23:42:36 - [TEST_STEP][PASSED] - case "Existing Liability w/Notice Number":: null

2024-03-07 23:42:36 - [TEST_STEP][PASSED] - setEncryptedText(findTestObject("Object Repository/RAD_RecordAndPlay/input_Existing_FEIN"), "RigbBhfdqOBDK95asqKeHw=="): Text ****** has been set on object 'Object Repository/RAD_RecordAndPlay/input_Existing_FEIN'

2024-03-07 23:42:37 - [MESSAGE][PASSED] - Text ****** has been set on object 'Object Repository/RAD_RecordAndPlay/input_Existing_FEIN'

2024-03-07 23:42:37 - [TEST_STEP][PASSED] - setEncryptedText(findTestObject("Object Repository/RAD_RecordAndPlay/input_Existing_RetypeFEIN"), ""): Text ****** has been set on object 'Object Repository/RAD_RecordAndPlay/input_Existing_RetypeFEIN'

2024-03-07 23:42:37 - [MESSAGE][PASSED] - Text ****** has been set on object 'Object Repository/RAD_RecordAndPlay/input_Existing_RetypeFEIN'

2024-03-07 23:42:37 - [TEST_STEP][PASSED] - break: null

2024-03-07 23:42:37 - [TEST_STEP][PASSED] - verifyTextPresent("Please enter a valid FEIN with 9 digits.", true): Text 'Please enter a valid FEIN with 9 digits.' is present on page  using regular expression

2024-03-07 23:42:38 - [MESSAGE][PASSED] - Text 'Please enter a valid FEIN with 9 digits.' is present on page  using regular expression

2024-03-07 23:42:38 - [TEST_STEP][PASSED] - if (verifyTextPresent("Please enter a valid FEIN with 9 digits.", true)): null

2024-03-07 23:42:38 - [MESSAGE][PASSED] - Text 'Please enter a valid FEIN with 9 digits.' is present on page  using regular expression

2024-03-07 23:42:38 - [TEST_STEP][PASSED] - println("Error Message is present on the page"): null

2024-03-07 23:42:38 - [TEST_STEP][PASSED] - out.println("Pass Record Number: " + row): null

2024-03-07 23:42:38 - [TEST_STEP][PASSED] - resText = "Pass": null

2024-03-07 23:42:38 - [TEST_STEP][PASSED] - pages.WriteExcel.demoKey(resText, datText, resColumn, datCloumn, fileLoc, nameSheet, row): pages.WriteExcel.demoKey is PASSED

2024-03-07 23:42:38 - [MESSAGE][PASSED] - pages.WriteExcel.demoKey is PASSED

2024-03-07 23:42:38 - [TEST_STEP][PASSED] - ExecuteTC = findTestData(dataFile).getValue("Execute", row): null

2024-03-07 23:42:38 - [TEST_STEP][PASSED] - Taxtype = findTestData(dataFile).getValue("TaxType", row): null

2024-03-07 23:42:38 - [TEST_STEP][PASSED] - Paymenttype = findTestData(dataFile).getValue("PaymentType", row): null

2024-03-07 23:42:38 - [TEST_STEP][PASSED] - out.println("Value of Execute is : " + ExecuteTC): null

2024-03-07 23:42:38 - [TEST_STEP][PASSED] - if (ExecuteTC.equalsIgnoreCase("Y")): null

2024-03-07 23:42:38 - [TEST_STEP][PASSED] - out.println("Begin Record Number: " + row): null

2024-03-07 23:42:38 - [TEST_STEP][PASSED] - today = new java.util.Date(): null

2024-03-07 23:42:38 - [TEST_STEP][PASSED] - println(today): null

2024-03-07 23:42:38 - [TEST_STEP][PASSED] - datText = today: null

2024-03-07 23:42:38 - [TEST_STEP][PASSED] - Taxtype = findTestData(dataFile).getValue("TaxType", row): null

2024-03-07 23:42:38 - [TEST_STEP][PASSED] - out.println("Taxtype value is : " + Taxtype): null

2024-03-07 23:42:38 - [TEST_STEP][PASSED] - openBrowser(""): Browser is opened with url: ''

2024-03-07 23:42:38 - [MESSAGE][WARNING] - A browser is already opened. Closing browser and opening a new one

2024-03-07 23:43:06 - [MESSAGE][INFO] - Starting 'Chrome' driver

2024-03-07 23:43:06 - [MESSAGE][INFO] - User set preference: ['acceptInsecureCerts', 'true']

2024-03-07 23:43:06 - [MESSAGE][INFO] - Action delay is set to 0 milliseconds

2024-03-07 23:43:07 - [MESSAGE][PASSED] - Browser is opened with url: ''

2024-03-07 23:43:07 - [TEST_STEP][PASSED] - maximizeWindow(): Current window maximized

2024-03-07 23:43:07 - [MESSAGE][PASSED] - Current window maximized

2024-03-07 23:43:07 - [TEST_STEP][PASSED] - navigateToUrl(RADurl): Navigate to 'https://qa2.velocitypayment.com/client/rad/index.html' successfully

2024-03-07 23:43:15 - [MESSAGE][PASSED] - Navigate to 'https://qa2.velocitypayment.com/client/rad/index.html' successfully

2024-03-07 23:43:15 - [TEST_STEP][PASSED] - orPath_Landing = "Object Repository/RAD_Pages/Landing_Page": null

2024-03-07 23:43:15 - [TEST_STEP][PASSED] - orPath_TaxTypeFilingYear = "Object Repository/RAD_Pages/TaxTypeFilingYear_Page": null

2024-03-07 23:43:15 - [TEST_STEP][PASSED] - orPath_TaxPayer = "Object Repository/RAD_Pages/Taxpayer_Page": null

2024-03-07 23:43:15 - [TEST_STEP][PASSED] - orPath_AddressContact = "Object Repository/RAD_Pages/AddressAndContactInfo_Page": null

2024-03-07 23:43:15 - [TEST_STEP][PASSED] - orPath_FilingStatus = "Object Repository/RAD_Pages/FilingStatus_Page": null

2024-03-07 23:43:15 - [TEST_STEP][PASSED] - orPath_Amount = "Object Repository/RAD_Pages/PaymentAmount_Page": null

2024-03-07 23:43:15 - [TEST_STEP][PASSED] - orPath_TaxInfo = "Object Repository/RAD_Pages/TaxInfo_Page": null

2024-03-07 23:43:15 - [TEST_STEP][PASSED] - orPath_Withholding = "Object Repository/RAD_Pages/Withholding_Page": null

2024-03-07 23:43:15 - [TEST_STEP][PASSED] - orPath_Summary = "Object Repository/RAD_Pages/Summary_Page": null

2024-03-07 23:43:15 - [TEST_STEP][PASSED] - orPath_PaymentReady = "Object Repository/RAD_Pages/PaymentReady_Page": null

2024-03-07 23:43:15 - [TEST_STEP][PASSED] - orPath_PaymentEntry = "Object Repository/RAD_Pages/PaymentEntry_Page": null

2024-03-07 23:43:15 - [TEST_STEP][PASSED] - orPath_PaymentConfirmation = "Object Repository/RAD_Pages/PaymentConfirmation_Page": null

2024-03-07 23:43:15 - [TEST_STEP][PASSED] - orPath_ServiceFeesAccept = "Object Repository/RAD_Pages/ServiceFeeAccept_Page": null

2024-03-07 23:43:15 - [TEST_STEP][PASSED] - selectOptionByLabel(findTestObject(orPath_Landing + "/dd_TaxType"), Paymenttype, false): All options with label 'Quarterly Estimated Tax' are selected in object 'Object Repository/RAD_Pages/Landing_Page/dd_TaxType' 

2024-03-07 23:43:16 - [MESSAGE][PASSED] - All options with label 'Quarterly Estimated Tax' are selected in object 'Object Repository/RAD_Pages/Landing_Page/dd_TaxType' 

2024-03-07 23:43:16 - [TEST_STEP][PASSED] - delay(1): Delayed 1 second(s)

2024-03-07 23:43:17 - [MESSAGE][PASSED] - Delayed 1 second(s)

2024-03-07 23:43:17 - [TEST_STEP][PASSED] - switch (Paymenttype): null

2024-03-07 23:43:17 - [TEST_STEP][PASSED] - case "Quarterly Estimated Tax":: null

2024-03-07 23:43:17 - [TEST_STEP][PASSED] - selectOptionByLabel(findTestObject(orPath_TaxTypeFilingYear + "/select_PaymentType"), Taxtype, false): All options with label 'Corporate Income Tax' are selected in object 'Object Repository/RAD_Pages/TaxTypeFilingYear_Page/select_PaymentType' 

2024-03-07 23:43:18 - [MESSAGE][PASSED] - All options with label 'Corporate Income Tax' are selected in object 'Object Repository/RAD_Pages/TaxTypeFilingYear_Page/select_PaymentType' 

2024-03-07 23:43:18 - [TEST_STEP][PASSED] - break: null

2024-03-07 23:43:18 - [TEST_STEP][PASSED] - delay(1): Delayed 1 second(s)

2024-03-07 23:43:19 - [MESSAGE][PASSED] - Delayed 1 second(s)

2024-03-07 23:43:19 - [TEST_STEP][PASSED] - switch (Paymenttype): null

2024-03-07 23:43:19 - [TEST_STEP][PASSED] - case "Quarterly Estimated Tax":: null

2024-03-07 23:43:19 - [TEST_STEP][PASSED] - setEncryptedText(findTestObject(orPath_TaxInfo + "/input_FederalEIN"), "RigbBhfdqOBDK95asqKeHw=="): Text ****** has been set on object 'Object Repository/RAD_Pages/TaxInfo_Page/input_FederalEIN'

2024-03-07 23:43:19 - [MESSAGE][PASSED] - Text ****** has been set on object 'Object Repository/RAD_Pages/TaxInfo_Page/input_FederalEIN'

2024-03-07 23:43:19 - [TEST_STEP][PASSED] - setEncryptedText(findTestObject(orPath_TaxInfo + "/input_FederalEIN_ReEnter"), ""): Text ****** has been set on object 'Object Repository/RAD_Pages/TaxInfo_Page/input_FederalEIN_ReEnter'

2024-03-07 23:43:20 - [MESSAGE][PASSED] - Text ****** has been set on object 'Object Repository/RAD_Pages/TaxInfo_Page/input_FederalEIN_ReEnter'

2024-03-07 23:43:20 - [TEST_STEP][PASSED] - break: null

2024-03-07 23:43:20 - [TEST_STEP][PASSED] - verifyTextPresent("Please enter a valid FEIN with 9 digits.", true): Text 'Please enter a valid FEIN with 9 digits.' is present on page  using regular expression

2024-03-07 23:43:21 - [MESSAGE][PASSED] - Text 'Please enter a valid FEIN with 9 digits.' is present on page  using regular expression

2024-03-07 23:43:21 - [TEST_STEP][PASSED] - if (verifyTextPresent("Please enter a valid FEIN with 9 digits.", true)): null

2024-03-07 23:43:21 - [MESSAGE][PASSED] - Text 'Please enter a valid FEIN with 9 digits.' is present on page  using regular expression

2024-03-07 23:43:21 - [TEST_STEP][PASSED] - println("Error Message is present on the page"): null

2024-03-07 23:43:21 - [TEST_STEP][PASSED] - out.println("Pass Record Number: " + row): null

2024-03-07 23:43:21 - [TEST_STEP][PASSED] - resText = "Pass": null

2024-03-07 23:43:21 - [TEST_STEP][PASSED] - pages.WriteExcel.demoKey(resText, datText, resColumn, datCloumn, fileLoc, nameSheet, row): pages.WriteExcel.demoKey is PASSED

2024-03-07 23:43:21 - [MESSAGE][PASSED] - pages.WriteExcel.demoKey is PASSED

2024-03-07 23:43:21 - [TEST_STEP][PASSED] - ExecuteTC = findTestData(dataFile).getValue("Execute", row): null

2024-03-07 23:43:21 - [TEST_STEP][PASSED] - Taxtype = findTestData(dataFile).getValue("TaxType", row): null

2024-03-07 23:43:21 - [TEST_STEP][PASSED] - Paymenttype = findTestData(dataFile).getValue("PaymentType", row): null

2024-03-07 23:43:21 - [TEST_STEP][PASSED] - out.println("Value of Execute is : " + ExecuteTC): null

2024-03-07 23:43:21 - [TEST_STEP][PASSED] - if (ExecuteTC.equalsIgnoreCase("Y")): null

2024-03-07 23:43:21 - [TEST_STEP][PASSED] - out.println("Begin Record Number: " + row): null

2024-03-07 23:43:21 - [TEST_STEP][PASSED] - today = new java.util.Date(): null

2024-03-07 23:43:21 - [TEST_STEP][PASSED] - println(today): null

2024-03-07 23:43:21 - [TEST_STEP][PASSED] - datText = today: null

2024-03-07 23:43:21 - [TEST_STEP][PASSED] - Taxtype = findTestData(dataFile).getValue("TaxType", row): null

2024-03-07 23:43:21 - [TEST_STEP][PASSED] - out.println("Taxtype value is : " + Taxtype): null

2024-03-07 23:43:21 - [TEST_STEP][PASSED] - openBrowser(""): Browser is opened with url: ''

2024-03-07 23:43:21 - [MESSAGE][WARNING] - A browser is already opened. Closing browser and opening a new one

2024-03-07 23:43:32 - [MESSAGE][INFO] - Starting 'Chrome' driver

2024-03-07 23:43:32 - [MESSAGE][INFO] - User set preference: ['acceptInsecureCerts', 'true']

2024-03-07 23:43:32 - [MESSAGE][INFO] - Action delay is set to 0 milliseconds

2024-03-07 23:43:33 - [MESSAGE][PASSED] - Browser is opened with url: ''

2024-03-07 23:43:33 - [TEST_STEP][PASSED] - maximizeWindow(): Current window maximized

2024-03-07 23:43:34 - [MESSAGE][PASSED] - Current window maximized

2024-03-07 23:43:34 - [TEST_STEP][PASSED] - navigateToUrl(RADurl): Navigate to 'https://qa2.velocitypayment.com/client/rad/index.html' successfully

2024-03-07 23:43:40 - [MESSAGE][PASSED] - Navigate to 'https://qa2.velocitypayment.com/client/rad/index.html' successfully

2024-03-07 23:43:40 - [TEST_STEP][PASSED] - orPath_Landing = "Object Repository/RAD_Pages/Landing_Page": null

2024-03-07 23:43:40 - [TEST_STEP][PASSED] - orPath_TaxTypeFilingYear = "Object Repository/RAD_Pages/TaxTypeFilingYear_Page": null

2024-03-07 23:43:40 - [TEST_STEP][PASSED] - orPath_TaxPayer = "Object Repository/RAD_Pages/Taxpayer_Page": null

2024-03-07 23:43:40 - [TEST_STEP][PASSED] - orPath_AddressContact = "Object Repository/RAD_Pages/AddressAndContactInfo_Page": null

2024-03-07 23:43:40 - [TEST_STEP][PASSED] - orPath_FilingStatus = "Object Repository/RAD_Pages/FilingStatus_Page": null

2024-03-07 23:43:40 - [TEST_STEP][PASSED] - orPath_Amount = "Object Repository/RAD_Pages/PaymentAmount_Page": null

2024-03-07 23:43:40 - [TEST_STEP][PASSED] - orPath_TaxInfo = "Object Repository/RAD_Pages/TaxInfo_Page": null

2024-03-07 23:43:40 - [TEST_STEP][PASSED] - orPath_Withholding = "Object Repository/RAD_Pages/Withholding_Page": null

2024-03-07 23:43:40 - [TEST_STEP][PASSED] - orPath_Summary = "Object Repository/RAD_Pages/Summary_Page": null

2024-03-07 23:43:40 - [TEST_STEP][PASSED] - orPath_PaymentReady = "Object Repository/RAD_Pages/PaymentReady_Page": null

2024-03-07 23:43:40 - [TEST_STEP][PASSED] - orPath_PaymentEntry = "Object Repository/RAD_Pages/PaymentEntry_Page": null

2024-03-07 23:43:40 - [TEST_STEP][PASSED] - orPath_PaymentConfirmation = "Object Repository/RAD_Pages/PaymentConfirmation_Page": null

2024-03-07 23:43:40 - [TEST_STEP][PASSED] - orPath_ServiceFeesAccept = "Object Repository/RAD_Pages/ServiceFeeAccept_Page": null

2024-03-07 23:43:40 - [TEST_STEP][PASSED] - selectOptionByLabel(findTestObject(orPath_Landing + "/dd_TaxType"), Paymenttype, false): All options with label 'Quarterly Estimated Tax' are selected in object 'Object Repository/RAD_Pages/Landing_Page/dd_TaxType' 

2024-03-07 23:43:41 - [MESSAGE][PASSED] - All options with label 'Quarterly Estimated Tax' are selected in object 'Object Repository/RAD_Pages/Landing_Page/dd_TaxType' 

2024-03-07 23:43:41 - [TEST_STEP][PASSED] - delay(1): Delayed 1 second(s)

2024-03-07 23:43:42 - [MESSAGE][PASSED] - Delayed 1 second(s)

2024-03-07 23:43:42 - [TEST_STEP][PASSED] - switch (Paymenttype): null

2024-03-07 23:43:42 - [TEST_STEP][PASSED] - case "Quarterly Estimated Tax":: null

2024-03-07 23:43:42 - [TEST_STEP][PASSED] - selectOptionByLabel(findTestObject(orPath_TaxTypeFilingYear + "/select_PaymentType"), Taxtype, false): All options with label 'Fiduciary Tax' are selected in object 'Object Repository/RAD_Pages/TaxTypeFilingYear_Page/select_PaymentType' 

2024-03-07 23:43:43 - [MESSAGE][PASSED] - All options with label 'Fiduciary Tax' are selected in object 'Object Repository/RAD_Pages/TaxTypeFilingYear_Page/select_PaymentType' 

2024-03-07 23:43:43 - [TEST_STEP][PASSED] - break: null

2024-03-07 23:43:43 - [TEST_STEP][PASSED] - delay(1): Delayed 1 second(s)

2024-03-07 23:43:44 - [MESSAGE][PASSED] - Delayed 1 second(s)

2024-03-07 23:43:44 - [TEST_STEP][PASSED] - switch (Paymenttype): null

2024-03-07 23:43:44 - [TEST_STEP][PASSED] - case "Quarterly Estimated Tax":: null

2024-03-07 23:43:44 - [TEST_STEP][PASSED] - setEncryptedText(findTestObject(orPath_TaxInfo + "/input_FederalEIN"), "RigbBhfdqOBDK95asqKeHw=="): Text ****** has been set on object 'Object Repository/RAD_Pages/TaxInfo_Page/input_FederalEIN'

2024-03-07 23:43:44 - [MESSAGE][PASSED] - Text ****** has been set on object 'Object Repository/RAD_Pages/TaxInfo_Page/input_FederalEIN'

2024-03-07 23:43:44 - [TEST_STEP][PASSED] - setEncryptedText(findTestObject(orPath_TaxInfo + "/input_FederalEIN_ReEnter"), ""): Text ****** has been set on object 'Object Repository/RAD_Pages/TaxInfo_Page/input_FederalEIN_ReEnter'

2024-03-07 23:43:45 - [MESSAGE][PASSED] - Text ****** has been set on object 'Object Repository/RAD_Pages/TaxInfo_Page/input_FederalEIN_ReEnter'

2024-03-07 23:43:45 - [TEST_STEP][PASSED] - break: null

2024-03-07 23:43:45 - [TEST_STEP][PASSED] - verifyTextPresent("Please enter a valid FEIN with 9 digits.", true): Text 'Please enter a valid FEIN with 9 digits.' is present on page  using regular expression

2024-03-07 23:43:45 - [MESSAGE][PASSED] - Text 'Please enter a valid FEIN with 9 digits.' is present on page  using regular expression

2024-03-07 23:43:45 - [TEST_STEP][PASSED] - if (verifyTextPresent("Please enter a valid FEIN with 9 digits.", true)): null

2024-03-07 23:43:46 - [MESSAGE][PASSED] - Text 'Please enter a valid FEIN with 9 digits.' is present on page  using regular expression

2024-03-07 23:43:46 - [TEST_STEP][PASSED] - println("Error Message is present on the page"): null

2024-03-07 23:43:46 - [TEST_STEP][PASSED] - out.println("Pass Record Number: " + row): null

2024-03-07 23:43:46 - [TEST_STEP][PASSED] - resText = "Pass": null

2024-03-07 23:43:46 - [TEST_STEP][PASSED] - pages.WriteExcel.demoKey(resText, datText, resColumn, datCloumn, fileLoc, nameSheet, row): pages.WriteExcel.demoKey is PASSED

2024-03-07 23:43:46 - [MESSAGE][PASSED] - pages.WriteExcel.demoKey is PASSED

2024-03-07 23:43:46 - [TEST_STEP][PASSED] - ExecuteTC = findTestData(dataFile).getValue("Execute", row): null

2024-03-07 23:43:46 - [TEST_STEP][PASSED] - Taxtype = findTestData(dataFile).getValue("TaxType", row): null

2024-03-07 23:43:46 - [TEST_STEP][PASSED] - Paymenttype = findTestData(dataFile).getValue("PaymentType", row): null

2024-03-07 23:43:46 - [TEST_STEP][PASSED] - out.println("Value of Execute is : " + ExecuteTC): null

2024-03-07 23:43:46 - [TEST_STEP][PASSED] - if (ExecuteTC.equalsIgnoreCase("Y")): null

2024-03-07 23:43:46 - [TEST_STEP][PASSED] - ExecuteTC = findTestData(dataFile).getValue("Execute", row): null

2024-03-07 23:43:46 - [TEST_STEP][PASSED] - Taxtype = findTestData(dataFile).getValue("TaxType", row): null

2024-03-07 23:43:46 - [TEST_STEP][PASSED] - Paymenttype = findTestData(dataFile).getValue("PaymentType", row): null

2024-03-07 23:43:46 - [TEST_STEP][PASSED] - out.println("Value of Execute is : " + ExecuteTC): null

2024-03-07 23:43:46 - [TEST_STEP][PASSED] - if (ExecuteTC.equalsIgnoreCase("Y")): null

2024-03-07 23:43:46 - [TEST_STEP][PASSED] - ExecuteTC = findTestData(dataFile).getValue("Execute", row): null

2024-03-07 23:43:46 - [TEST_STEP][PASSED] - Taxtype = findTestData(dataFile).getValue("TaxType", row): null

2024-03-07 23:43:46 - [TEST_STEP][PASSED] - Paymenttype = findTestData(dataFile).getValue("PaymentType", row): null

2024-03-07 23:43:46 - [TEST_STEP][PASSED] - out.println("Value of Execute is : " + ExecuteTC): null

2024-03-07 23:43:46 - [TEST_STEP][PASSED] - if (ExecuteTC.equalsIgnoreCase("Y")): null

2024-03-07 23:43:46 - [TEST_STEP][PASSED] - out.println("Begin Record Number: " + row): null

2024-03-07 23:43:46 - [TEST_STEP][PASSED] - today = new java.util.Date(): null

2024-03-07 23:43:46 - [TEST_STEP][PASSED] - println(today): null

2024-03-07 23:43:46 - [TEST_STEP][PASSED] - datText = today: null

2024-03-07 23:43:46 - [TEST_STEP][PASSED] - Taxtype = findTestData(dataFile).getValue("TaxType", row): null

2024-03-07 23:43:46 - [TEST_STEP][PASSED] - out.println("Taxtype value is : " + Taxtype): null

2024-03-07 23:43:46 - [TEST_STEP][PASSED] - openBrowser(""): Browser is opened with url: ''

2024-03-07 23:43:46 - [MESSAGE][WARNING] - A browser is already opened. Closing browser and opening a new one

2024-03-07 23:44:09 - [MESSAGE][INFO] - Starting 'Chrome' driver

2024-03-07 23:44:09 - [MESSAGE][INFO] - User set preference: ['acceptInsecureCerts', 'true']

2024-03-07 23:44:09 - [MESSAGE][INFO] - Action delay is set to 0 milliseconds

2024-03-07 23:44:10 - [MESSAGE][PASSED] - Browser is opened with url: ''

2024-03-07 23:44:10 - [TEST_STEP][PASSED] - maximizeWindow(): Current window maximized

2024-03-07 23:44:10 - [MESSAGE][PASSED] - Current window maximized

2024-03-07 23:44:10 - [TEST_STEP][PASSED] - navigateToUrl(RADurl): Navigate to 'https://qa2.velocitypayment.com/client/rad/index.html' successfully

2024-03-07 23:44:12 - [MESSAGE][PASSED] - Navigate to 'https://qa2.velocitypayment.com/client/rad/index.html' successfully

2024-03-07 23:44:12 - [TEST_STEP][PASSED] - orPath_Landing = "Object Repository/RAD_Pages/Landing_Page": null

2024-03-07 23:44:12 - [TEST_STEP][PASSED] - orPath_TaxTypeFilingYear = "Object Repository/RAD_Pages/TaxTypeFilingYear_Page": null

2024-03-07 23:44:12 - [TEST_STEP][PASSED] - orPath_TaxPayer = "Object Repository/RAD_Pages/Taxpayer_Page": null

2024-03-07 23:44:12 - [TEST_STEP][PASSED] - orPath_AddressContact = "Object Repository/RAD_Pages/AddressAndContactInfo_Page": null

2024-03-07 23:44:12 - [TEST_STEP][PASSED] - orPath_FilingStatus = "Object Repository/RAD_Pages/FilingStatus_Page": null

2024-03-07 23:44:12 - [TEST_STEP][PASSED] - orPath_Amount = "Object Repository/RAD_Pages/PaymentAmount_Page": null

2024-03-07 23:44:12 - [TEST_STEP][PASSED] - orPath_TaxInfo = "Object Repository/RAD_Pages/TaxInfo_Page": null

2024-03-07 23:44:12 - [TEST_STEP][PASSED] - orPath_Withholding = "Object Repository/RAD_Pages/Withholding_Page": null

2024-03-07 23:44:12 - [TEST_STEP][PASSED] - orPath_Summary = "Object Repository/RAD_Pages/Summary_Page": null

2024-03-07 23:44:12 - [TEST_STEP][PASSED] - orPath_PaymentReady = "Object Repository/RAD_Pages/PaymentReady_Page": null

2024-03-07 23:44:12 - [TEST_STEP][PASSED] - orPath_PaymentEntry = "Object Repository/RAD_Pages/PaymentEntry_Page": null

2024-03-07 23:44:12 - [TEST_STEP][PASSED] - orPath_PaymentConfirmation = "Object Repository/RAD_Pages/PaymentConfirmation_Page": null

2024-03-07 23:44:12 - [TEST_STEP][PASSED] - orPath_ServiceFeesAccept = "Object Repository/RAD_Pages/ServiceFeeAccept_Page": null

2024-03-07 23:44:12 - [TEST_STEP][PASSED] - selectOptionByLabel(findTestObject(orPath_Landing + "/dd_TaxType"), Paymenttype, false): All options with label 'New Tax Return Amount Due' are selected in object 'Object Repository/RAD_Pages/Landing_Page/dd_TaxType' 

2024-03-07 23:44:13 - [MESSAGE][PASSED] - All options with label 'New Tax Return Amount Due' are selected in object 'Object Repository/RAD_Pages/Landing_Page/dd_TaxType' 

2024-03-07 23:44:13 - [TEST_STEP][PASSED] - delay(1): Delayed 1 second(s)

2024-03-07 23:44:14 - [MESSAGE][PASSED] - Delayed 1 second(s)

2024-03-07 23:44:14 - [TEST_STEP][PASSED] - switch (Paymenttype): null

2024-03-07 23:44:14 - [TEST_STEP][PASSED] - case "New Tax Return Amount Due":: null

2024-03-07 23:44:14 - [TEST_STEP][PASSED] - selectOptionByLabel(findTestObject("Object Repository/RAD_Pages/Landing_Page/select_NewTaxReturnAmountDue_TaxType"), Taxtype, false): All options with label 'Fiduciary Tax' are selected in object 'Object Repository/RAD_Pages/Landing_Page/select_NewTaxReturnAmountDue_TaxType' 

2024-03-07 23:44:15 - [MESSAGE][PASSED] - All options with label 'Fiduciary Tax' are selected in object 'Object Repository/RAD_Pages/Landing_Page/select_NewTaxReturnAmountDue_TaxType' 

2024-03-07 23:44:15 - [TEST_STEP][PASSED] - break: null

2024-03-07 23:44:15 - [TEST_STEP][PASSED] - delay(1): Delayed 1 second(s)

2024-03-07 23:44:16 - [MESSAGE][PASSED] - Delayed 1 second(s)

2024-03-07 23:44:16 - [TEST_STEP][PASSED] - switch (Paymenttype): null

2024-03-07 23:44:16 - [TEST_STEP][PASSED] - case "New Tax Return Amount Due":: null

2024-03-07 23:44:16 - [TEST_STEP][PASSED] - setEncryptedText(findTestObject(orPath_TaxInfo + "/input_FederalEIN-2"), "RigbBhfdqOBDK95asqKeHw=="): Text ****** has been set on object 'Object Repository/RAD_Pages/TaxInfo_Page/input_FederalEIN-2'

2024-03-07 23:44:16 - [MESSAGE][PASSED] - Text ****** has been set on object 'Object Repository/RAD_Pages/TaxInfo_Page/input_FederalEIN-2'

2024-03-07 23:44:16 - [TEST_STEP][PASSED] - setEncryptedText(findTestObject(orPath_TaxInfo + "/input_FederalEIN_ReEnter-2"), ""): Text ****** has been set on object 'Object Repository/RAD_Pages/TaxInfo_Page/input_FederalEIN_ReEnter-2'

2024-03-07 23:44:17 - [MESSAGE][PASSED] - Text ****** has been set on object 'Object Repository/RAD_Pages/TaxInfo_Page/input_FederalEIN_ReEnter-2'

2024-03-07 23:44:17 - [TEST_STEP][PASSED] - break: null

2024-03-07 23:44:17 - [TEST_STEP][PASSED] - verifyTextPresent("Please enter a valid FEIN with 9 digits.", true): Text 'Please enter a valid FEIN with 9 digits.' is present on page  using regular expression

2024-03-07 23:44:17 - [MESSAGE][PASSED] - Text 'Please enter a valid FEIN with 9 digits.' is present on page  using regular expression

2024-03-07 23:44:17 - [TEST_STEP][PASSED] - if (verifyTextPresent("Please enter a valid FEIN with 9 digits.", true)): null

2024-03-07 23:44:18 - [MESSAGE][PASSED] - Text 'Please enter a valid FEIN with 9 digits.' is present on page  using regular expression

2024-03-07 23:44:18 - [TEST_STEP][PASSED] - println("Error Message is present on the page"): null

2024-03-07 23:44:18 - [TEST_STEP][PASSED] - out.println("Pass Record Number: " + row): null

2024-03-07 23:44:18 - [TEST_STEP][PASSED] - resText = "Pass": null

2024-03-07 23:44:18 - [TEST_STEP][PASSED] - pages.WriteExcel.demoKey(resText, datText, resColumn, datCloumn, fileLoc, nameSheet, row): pages.WriteExcel.demoKey is PASSED

2024-03-07 23:44:18 - [MESSAGE][PASSED] - pages.WriteExcel.demoKey is PASSED

2024-03-07 23:44:18 - [TEST_STEP][PASSED] - ExecuteTC = findTestData(dataFile).getValue("Execute", row): null

2024-03-07 23:44:18 - [TEST_STEP][PASSED] - Taxtype = findTestData(dataFile).getValue("TaxType", row): null

2024-03-07 23:44:18 - [TEST_STEP][PASSED] - Paymenttype = findTestData(dataFile).getValue("PaymentType", row): null

2024-03-07 23:44:18 - [TEST_STEP][PASSED] - out.println("Value of Execute is : " + ExecuteTC): null

2024-03-07 23:44:18 - [TEST_STEP][PASSED] - if (ExecuteTC.equalsIgnoreCase("Y")): null

2024-03-07 23:44:18 - [TEST_STEP][PASSED] - out.println("Begin Record Number: " + row): null

2024-03-07 23:44:18 - [TEST_STEP][PASSED] - today = new java.util.Date(): null

2024-03-07 23:44:18 - [TEST_STEP][PASSED] - println(today): null

2024-03-07 23:44:18 - [TEST_STEP][PASSED] - datText = today: null

2024-03-07 23:44:18 - [TEST_STEP][PASSED] - Taxtype = findTestData(dataFile).getValue("TaxType", row): null

2024-03-07 23:44:18 - [TEST_STEP][PASSED] - out.println("Taxtype value is : " + Taxtype): null

2024-03-07 23:44:18 - [TEST_STEP][PASSED] - openBrowser(""): Browser is opened with url: ''

2024-03-07 23:44:18 - [MESSAGE][WARNING] - A browser is already opened. Closing browser and opening a new one

2024-03-07 23:44:53 - [MESSAGE][INFO] - Starting 'Chrome' driver

2024-03-07 23:44:53 - [MESSAGE][INFO] - User set preference: ['acceptInsecureCerts', 'true']

2024-03-07 23:44:53 - [MESSAGE][INFO] - Action delay is set to 0 milliseconds

2024-03-07 23:44:54 - [MESSAGE][PASSED] - Browser is opened with url: ''

2024-03-07 23:44:54 - [TEST_STEP][PASSED] - maximizeWindow(): Current window maximized

2024-03-07 23:44:54 - [MESSAGE][PASSED] - Current window maximized

2024-03-07 23:44:54 - [TEST_STEP][PASSED] - navigateToUrl(RADurl): Navigate to 'https://qa2.velocitypayment.com/client/rad/index.html' successfully

2024-03-07 23:45:01 - [MESSAGE][PASSED] - Navigate to 'https://qa2.velocitypayment.com/client/rad/index.html' successfully

2024-03-07 23:45:01 - [TEST_STEP][PASSED] - orPath_Landing = "Object Repository/RAD_Pages/Landing_Page": null

2024-03-07 23:45:01 - [TEST_STEP][PASSED] - orPath_TaxTypeFilingYear = "Object Repository/RAD_Pages/TaxTypeFilingYear_Page": null

2024-03-07 23:45:01 - [TEST_STEP][PASSED] - orPath_TaxPayer = "Object Repository/RAD_Pages/Taxpayer_Page": null

2024-03-07 23:45:01 - [TEST_STEP][PASSED] - orPath_AddressContact = "Object Repository/RAD_Pages/AddressAndContactInfo_Page": null

2024-03-07 23:45:01 - [TEST_STEP][PASSED] - orPath_FilingStatus = "Object Repository/RAD_Pages/FilingStatus_Page": null

2024-03-07 23:45:01 - [TEST_STEP][PASSED] - orPath_Amount = "Object Repository/RAD_Pages/PaymentAmount_Page": null

2024-03-07 23:45:01 - [TEST_STEP][PASSED] - orPath_TaxInfo = "Object Repository/RAD_Pages/TaxInfo_Page": null

2024-03-07 23:45:01 - [TEST_STEP][PASSED] - orPath_Withholding = "Object Repository/RAD_Pages/Withholding_Page": null

2024-03-07 23:45:01 - [TEST_STEP][PASSED] - orPath_Summary = "Object Repository/RAD_Pages/Summary_Page": null

2024-03-07 23:45:01 - [TEST_STEP][PASSED] - orPath_PaymentReady = "Object Repository/RAD_Pages/PaymentReady_Page": null

2024-03-07 23:45:01 - [TEST_STEP][PASSED] - orPath_PaymentEntry = "Object Repository/RAD_Pages/PaymentEntry_Page": null

2024-03-07 23:45:01 - [TEST_STEP][PASSED] - orPath_PaymentConfirmation = "Object Repository/RAD_Pages/PaymentConfirmation_Page": null

2024-03-07 23:45:01 - [TEST_STEP][PASSED] - orPath_ServiceFeesAccept = "Object Repository/RAD_Pages/ServiceFeeAccept_Page": null

2024-03-07 23:45:01 - [TEST_STEP][PASSED] - selectOptionByLabel(findTestObject(orPath_Landing + "/dd_TaxType"), Paymenttype, false): All options with label 'Existing Liability w/Notice Number' are selected in object 'Object Repository/RAD_Pages/Landing_Page/dd_TaxType' 

2024-03-07 23:45:02 - [MESSAGE][PASSED] - All options with label 'Existing Liability w/Notice Number' are selected in object 'Object Repository/RAD_Pages/Landing_Page/dd_TaxType' 

2024-03-07 23:45:02 - [TEST_STEP][PASSED] - delay(1): Delayed 1 second(s)

2024-03-07 23:45:03 - [MESSAGE][PASSED] - Delayed 1 second(s)

2024-03-07 23:45:03 - [TEST_STEP][PASSED] - switch (Paymenttype): null

2024-03-07 23:45:03 - [TEST_STEP][PASSED] - case "Existing Liability w/Notice Number":: null

2024-03-07 23:45:03 - [TEST_STEP][PASSED] - selectOptionByLabel(findTestObject(orPath_TaxTypeFilingYear + "/select_TaxType_ExistingLiability"), Taxtype, false): All options with label 'Admissions and Amusement Tax' are selected in object 'Object Repository/RAD_Pages/TaxTypeFilingYear_Page/select_TaxType_ExistingLiability' 

2024-03-07 23:45:03 - [MESSAGE][PASSED] - All options with label 'Admissions and Amusement Tax' are selected in object 'Object Repository/RAD_Pages/TaxTypeFilingYear_Page/select_TaxType_ExistingLiability' 

2024-03-07 23:45:03 - [TEST_STEP][PASSED] - break: null

2024-03-07 23:45:03 - [TEST_STEP][PASSED] - delay(1): Delayed 1 second(s)

2024-03-07 23:45:04 - [MESSAGE][PASSED] - Delayed 1 second(s)

2024-03-07 23:45:04 - [TEST_STEP][PASSED] - switch (Paymenttype): null

2024-03-07 23:45:04 - [TEST_STEP][PASSED] - case "Existing Liability w/Notice Number":: null

2024-03-07 23:45:04 - [TEST_STEP][PASSED] - setEncryptedText(findTestObject("Object Repository/RAD_RecordAndPlay/input_Existing_FEIN"), "RigbBhfdqOBDK95asqKeHw=="): Text ****** has been set on object 'Object Repository/RAD_RecordAndPlay/input_Existing_FEIN'

2024-03-07 23:45:05 - [MESSAGE][PASSED] - Text ****** has been set on object 'Object Repository/RAD_RecordAndPlay/input_Existing_FEIN'

2024-03-07 23:45:05 - [TEST_STEP][PASSED] - setEncryptedText(findTestObject("Object Repository/RAD_RecordAndPlay/input_Existing_RetypeFEIN"), ""): Text ****** has been set on object 'Object Repository/RAD_RecordAndPlay/input_Existing_RetypeFEIN'

2024-03-07 23:45:06 - [MESSAGE][PASSED] - Text ****** has been set on object 'Object Repository/RAD_RecordAndPlay/input_Existing_RetypeFEIN'

2024-03-07 23:45:06 - [TEST_STEP][PASSED] - break: null

2024-03-07 23:45:06 - [TEST_STEP][PASSED] - verifyTextPresent("Please enter a valid FEIN with 9 digits.", true): Text 'Please enter a valid FEIN with 9 digits.' is present on page  using regular expression

2024-03-07 23:45:06 - [MESSAGE][PASSED] - Text 'Please enter a valid FEIN with 9 digits.' is present on page  using regular expression

2024-03-07 23:45:06 - [TEST_STEP][PASSED] - if (verifyTextPresent("Please enter a valid FEIN with 9 digits.", true)): null

2024-03-07 23:45:07 - [MESSAGE][PASSED] - Text 'Please enter a valid FEIN with 9 digits.' is present on page  using regular expression

2024-03-07 23:45:07 - [TEST_STEP][PASSED] - println("Error Message is present on the page"): null

2024-03-07 23:45:07 - [TEST_STEP][PASSED] - out.println("Pass Record Number: " + row): null

2024-03-07 23:45:07 - [TEST_STEP][PASSED] - resText = "Pass": null

2024-03-07 23:45:07 - [TEST_STEP][PASSED] - pages.WriteExcel.demoKey(resText, datText, resColumn, datCloumn, fileLoc, nameSheet, row): pages.WriteExcel.demoKey is PASSED

2024-03-07 23:45:07 - [MESSAGE][PASSED] - pages.WriteExcel.demoKey is PASSED

2024-03-07 23:45:07 - [TEST_STEP][PASSED] - ExecuteTC = findTestData(dataFile).getValue("Execute", row): null

2024-03-07 23:45:07 - [TEST_STEP][PASSED] - Taxtype = findTestData(dataFile).getValue("TaxType", row): null

2024-03-07 23:45:07 - [TEST_STEP][PASSED] - Paymenttype = findTestData(dataFile).getValue("PaymentType", row): null

2024-03-07 23:45:07 - [TEST_STEP][PASSED] - out.println("Value of Execute is : " + ExecuteTC): null

2024-03-07 23:45:07 - [TEST_STEP][PASSED] - if (ExecuteTC.equalsIgnoreCase("Y")): null

2024-03-07 23:45:07 - [TEST_STEP][PASSED] - out.println("Begin Record Number: " + row): null

2024-03-07 23:45:07 - [TEST_STEP][PASSED] - today = new java.util.Date(): null

2024-03-07 23:45:07 - [TEST_STEP][PASSED] - println(today): null

2024-03-07 23:45:07 - [TEST_STEP][PASSED] - datText = today: null

2024-03-07 23:45:07 - [TEST_STEP][PASSED] - Taxtype = findTestData(dataFile).getValue("TaxType", row): null

2024-03-07 23:45:07 - [TEST_STEP][PASSED] - out.println("Taxtype value is : " + Taxtype): null

2024-03-07 23:45:07 - [TEST_STEP][PASSED] - openBrowser(""): Browser is opened with url: ''

2024-03-07 23:45:07 - [MESSAGE][WARNING] - A browser is already opened. Closing browser and opening a new one

2024-03-07 23:45:27 - [MESSAGE][INFO] - Starting 'Chrome' driver

2024-03-07 23:45:27 - [MESSAGE][INFO] - User set preference: ['acceptInsecureCerts', 'true']

2024-03-07 23:45:27 - [MESSAGE][INFO] - Action delay is set to 0 milliseconds

2024-03-07 23:45:29 - [MESSAGE][PASSED] - Browser is opened with url: ''

2024-03-07 23:45:29 - [TEST_STEP][PASSED] - maximizeWindow(): Current window maximized

2024-03-07 23:45:29 - [MESSAGE][PASSED] - Current window maximized

2024-03-07 23:45:29 - [TEST_STEP][PASSED] - navigateToUrl(RADurl): Navigate to 'https://qa2.velocitypayment.com/client/rad/index.html' successfully

2024-03-07 23:45:29 - [MESSAGE][PASSED] - Navigate to 'https://qa2.velocitypayment.com/client/rad/index.html' successfully

2024-03-07 23:45:29 - [TEST_STEP][PASSED] - orPath_Landing = "Object Repository/RAD_Pages/Landing_Page": null

2024-03-07 23:45:29 - [TEST_STEP][PASSED] - orPath_TaxTypeFilingYear = "Object Repository/RAD_Pages/TaxTypeFilingYear_Page": null

2024-03-07 23:45:29 - [TEST_STEP][PASSED] - orPath_TaxPayer = "Object Repository/RAD_Pages/Taxpayer_Page": null

2024-03-07 23:45:29 - [TEST_STEP][PASSED] - orPath_AddressContact = "Object Repository/RAD_Pages/AddressAndContactInfo_Page": null

2024-03-07 23:45:29 - [TEST_STEP][PASSED] - orPath_FilingStatus = "Object Repository/RAD_Pages/FilingStatus_Page": null

2024-03-07 23:45:29 - [TEST_STEP][PASSED] - orPath_Amount = "Object Repository/RAD_Pages/PaymentAmount_Page": null

2024-03-07 23:45:29 - [TEST_STEP][PASSED] - orPath_TaxInfo = "Object Repository/RAD_Pages/TaxInfo_Page": null

2024-03-07 23:45:29 - [TEST_STEP][PASSED] - orPath_Withholding = "Object Repository/RAD_Pages/Withholding_Page": null

2024-03-07 23:45:29 - [TEST_STEP][PASSED] - orPath_Summary = "Object Repository/RAD_Pages/Summary_Page": null

2024-03-07 23:45:29 - [TEST_STEP][PASSED] - orPath_PaymentReady = "Object Repository/RAD_Pages/PaymentReady_Page": null

2024-03-07 23:45:29 - [TEST_STEP][PASSED] - orPath_PaymentEntry = "Object Repository/RAD_Pages/PaymentEntry_Page": null

2024-03-07 23:45:29 - [TEST_STEP][PASSED] - orPath_PaymentConfirmation = "Object Repository/RAD_Pages/PaymentConfirmation_Page": null

2024-03-07 23:45:29 - [TEST_STEP][PASSED] - orPath_ServiceFeesAccept = "Object Repository/RAD_Pages/ServiceFeeAccept_Page": null

2024-03-07 23:45:29 - [TEST_STEP][PASSED] - selectOptionByLabel(findTestObject(orPath_Landing + "/dd_TaxType"), Paymenttype, false): All options with label 'Existing Liability w/Notice Number' are selected in object 'Object Repository/RAD_Pages/Landing_Page/dd_TaxType' 

2024-03-07 23:45:31 - [MESSAGE][PASSED] - All options with label 'Existing Liability w/Notice Number' are selected in object 'Object Repository/RAD_Pages/Landing_Page/dd_TaxType' 

2024-03-07 23:45:31 - [TEST_STEP][PASSED] - delay(1): Delayed 1 second(s)

2024-03-07 23:45:32 - [MESSAGE][PASSED] - Delayed 1 second(s)

2024-03-07 23:45:32 - [TEST_STEP][PASSED] - switch (Paymenttype): null

2024-03-07 23:45:32 - [TEST_STEP][PASSED] - case "Existing Liability w/Notice Number":: null

2024-03-07 23:45:32 - [TEST_STEP][PASSED] - selectOptionByLabel(findTestObject(orPath_TaxTypeFilingYear + "/select_TaxType_ExistingLiability"), Taxtype, false): All options with label 'Motor Fuel Tax' are selected in object 'Object Repository/RAD_Pages/TaxTypeFilingYear_Page/select_TaxType_ExistingLiability' 

2024-03-07 23:45:33 - [MESSAGE][PASSED] - All options with label 'Motor Fuel Tax' are selected in object 'Object Repository/RAD_Pages/TaxTypeFilingYear_Page/select_TaxType_ExistingLiability' 

2024-03-07 23:45:33 - [TEST_STEP][PASSED] - break: null

2024-03-07 23:45:33 - [TEST_STEP][PASSED] - delay(1): Delayed 1 second(s)

2024-03-07 23:45:34 - [MESSAGE][PASSED] - Delayed 1 second(s)

2024-03-07 23:45:34 - [TEST_STEP][PASSED] - switch (Paymenttype): null

2024-03-07 23:45:34 - [TEST_STEP][PASSED] - case "Existing Liability w/Notice Number":: null

2024-03-07 23:45:34 - [TEST_STEP][PASSED] - setEncryptedText(findTestObject("Object Repository/RAD_RecordAndPlay/input_Existing_FEIN"), "RigbBhfdqOBDK95asqKeHw=="): Text ****** has been set on object 'Object Repository/RAD_RecordAndPlay/input_Existing_FEIN'

2024-03-07 23:45:34 - [MESSAGE][PASSED] - Text ****** has been set on object 'Object Repository/RAD_RecordAndPlay/input_Existing_FEIN'

2024-03-07 23:45:34 - [TEST_STEP][PASSED] - setEncryptedText(findTestObject("Object Repository/RAD_RecordAndPlay/input_Existing_RetypeFEIN"), ""): Text ****** has been set on object 'Object Repository/RAD_RecordAndPlay/input_Existing_RetypeFEIN'

2024-03-07 23:45:35 - [MESSAGE][PASSED] - Text ****** has been set on object 'Object Repository/RAD_RecordAndPlay/input_Existing_RetypeFEIN'

2024-03-07 23:45:35 - [TEST_STEP][PASSED] - break: null

2024-03-07 23:45:35 - [TEST_STEP][PASSED] - verifyTextPresent("Please enter a valid FEIN with 9 digits.", true): Text 'Please enter a valid FEIN with 9 digits.' is present on page  using regular expression

2024-03-07 23:45:36 - [MESSAGE][PASSED] - Text 'Please enter a valid FEIN with 9 digits.' is present on page  using regular expression

2024-03-07 23:45:36 - [TEST_STEP][PASSED] - if (verifyTextPresent("Please enter a valid FEIN with 9 digits.", true)): null

2024-03-07 23:45:36 - [MESSAGE][PASSED] - Text 'Please enter a valid FEIN with 9 digits.' is present on page  using regular expression

2024-03-07 23:45:36 - [TEST_STEP][PASSED] - println("Error Message is present on the page"): null

2024-03-07 23:45:36 - [TEST_STEP][PASSED] - out.println("Pass Record Number: " + row): null

2024-03-07 23:45:36 - [TEST_STEP][PASSED] - resText = "Pass": null

2024-03-07 23:45:36 - [TEST_STEP][PASSED] - pages.WriteExcel.demoKey(resText, datText, resColumn, datCloumn, fileLoc, nameSheet, row): pages.WriteExcel.demoKey is PASSED

2024-03-07 23:45:36 - [MESSAGE][PASSED] - pages.WriteExcel.demoKey is PASSED

2024-03-07 23:45:36 - [TEST_STEP][PASSED] - ExecuteTC = findTestData(dataFile).getValue("Execute", row): null

2024-03-07 23:45:36 - [TEST_STEP][PASSED] - Taxtype = findTestData(dataFile).getValue("TaxType", row): null

2024-03-07 23:45:36 - [TEST_STEP][PASSED] - Paymenttype = findTestData(dataFile).getValue("PaymentType", row): null

2024-03-07 23:45:36 - [TEST_STEP][PASSED] - out.println("Value of Execute is : " + ExecuteTC): null

2024-03-07 23:45:36 - [TEST_STEP][PASSED] - if (ExecuteTC.equalsIgnoreCase("Y")): null

2024-03-07 23:45:36 - [TEST_STEP][PASSED] - out.println("Begin Record Number: " + row): null

2024-03-07 23:45:36 - [TEST_STEP][PASSED] - today = new java.util.Date(): null

2024-03-07 23:45:36 - [TEST_STEP][PASSED] - println(today): null

2024-03-07 23:45:36 - [TEST_STEP][PASSED] - datText = today: null

2024-03-07 23:45:36 - [TEST_STEP][PASSED] - Taxtype = findTestData(dataFile).getValue("TaxType", row): null

2024-03-07 23:45:36 - [TEST_STEP][PASSED] - out.println("Taxtype value is : " + Taxtype): null

2024-03-07 23:45:36 - [TEST_STEP][PASSED] - openBrowser(""): Browser is opened with url: ''

2024-03-07 23:45:36 - [MESSAGE][WARNING] - A browser is already opened. Closing browser and opening a new one

2024-03-07 23:46:08 - [MESSAGE][INFO] - Starting 'Chrome' driver

2024-03-07 23:46:08 - [MESSAGE][INFO] - User set preference: ['acceptInsecureCerts', 'true']

2024-03-07 23:46:08 - [MESSAGE][INFO] - Action delay is set to 0 milliseconds

2024-03-07 23:46:09 - [MESSAGE][PASSED] - Browser is opened with url: ''

2024-03-07 23:46:09 - [TEST_STEP][PASSED] - maximizeWindow(): Current window maximized

2024-03-07 23:46:09 - [MESSAGE][PASSED] - Current window maximized

2024-03-07 23:46:09 - [TEST_STEP][PASSED] - navigateToUrl(RADurl): Navigate to 'https://qa2.velocitypayment.com/client/rad/index.html' successfully

2024-03-07 23:46:16 - [MESSAGE][PASSED] - Navigate to 'https://qa2.velocitypayment.com/client/rad/index.html' successfully

2024-03-07 23:46:16 - [TEST_STEP][PASSED] - orPath_Landing = "Object Repository/RAD_Pages/Landing_Page": null

2024-03-07 23:46:16 - [TEST_STEP][PASSED] - orPath_TaxTypeFilingYear = "Object Repository/RAD_Pages/TaxTypeFilingYear_Page": null

2024-03-07 23:46:16 - [TEST_STEP][PASSED] - orPath_TaxPayer = "Object Repository/RAD_Pages/Taxpayer_Page": null

2024-03-07 23:46:16 - [TEST_STEP][PASSED] - orPath_AddressContact = "Object Repository/RAD_Pages/AddressAndContactInfo_Page": null

2024-03-07 23:46:16 - [TEST_STEP][PASSED] - orPath_FilingStatus = "Object Repository/RAD_Pages/FilingStatus_Page": null

2024-03-07 23:46:16 - [TEST_STEP][PASSED] - orPath_Amount = "Object Repository/RAD_Pages/PaymentAmount_Page": null

2024-03-07 23:46:16 - [TEST_STEP][PASSED] - orPath_TaxInfo = "Object Repository/RAD_Pages/TaxInfo_Page": null

2024-03-07 23:46:16 - [TEST_STEP][PASSED] - orPath_Withholding = "Object Repository/RAD_Pages/Withholding_Page": null

2024-03-07 23:46:16 - [TEST_STEP][PASSED] - orPath_Summary = "Object Repository/RAD_Pages/Summary_Page": null

2024-03-07 23:46:16 - [TEST_STEP][PASSED] - orPath_PaymentReady = "Object Repository/RAD_Pages/PaymentReady_Page": null

2024-03-07 23:46:16 - [TEST_STEP][PASSED] - orPath_PaymentEntry = "Object Repository/RAD_Pages/PaymentEntry_Page": null

2024-03-07 23:46:16 - [TEST_STEP][PASSED] - orPath_PaymentConfirmation = "Object Repository/RAD_Pages/PaymentConfirmation_Page": null

2024-03-07 23:46:16 - [TEST_STEP][PASSED] - orPath_ServiceFeesAccept = "Object Repository/RAD_Pages/ServiceFeeAccept_Page": null

2024-03-07 23:46:16 - [TEST_STEP][PASSED] - selectOptionByLabel(findTestObject(orPath_Landing + "/dd_TaxType"), Paymenttype, false): All options with label 'Existing Liability w/Notice Number' are selected in object 'Object Repository/RAD_Pages/Landing_Page/dd_TaxType' 

2024-03-07 23:46:16 - [MESSAGE][PASSED] - All options with label 'Existing Liability w/Notice Number' are selected in object 'Object Repository/RAD_Pages/Landing_Page/dd_TaxType' 

2024-03-07 23:46:16 - [TEST_STEP][PASSED] - delay(1): Delayed 1 second(s)

2024-03-07 23:46:17 - [MESSAGE][PASSED] - Delayed 1 second(s)

2024-03-07 23:46:17 - [TEST_STEP][PASSED] - switch (Paymenttype): null

2024-03-07 23:46:17 - [TEST_STEP][PASSED] - case "Existing Liability w/Notice Number":: null

2024-03-07 23:46:17 - [TEST_STEP][PASSED] - selectOptionByLabel(findTestObject(orPath_TaxTypeFilingYear + "/select_TaxType_ExistingLiability"), Taxtype, false): All options with label 'Slots License Fee' are selected in object 'Object Repository/RAD_Pages/TaxTypeFilingYear_Page/select_TaxType_ExistingLiability' 

2024-03-07 23:46:18 - [MESSAGE][PASSED] - All options with label 'Slots License Fee' are selected in object 'Object Repository/RAD_Pages/TaxTypeFilingYear_Page/select_TaxType_ExistingLiability' 

2024-03-07 23:46:18 - [TEST_STEP][PASSED] - break: null

2024-03-07 23:46:18 - [TEST_STEP][PASSED] - delay(1): Delayed 1 second(s)

2024-03-07 23:46:19 - [MESSAGE][PASSED] - Delayed 1 second(s)

2024-03-07 23:46:19 - [TEST_STEP][PASSED] - switch (Paymenttype): null

2024-03-07 23:46:19 - [TEST_STEP][PASSED] - case "Existing Liability w/Notice Number":: null

2024-03-07 23:46:19 - [TEST_STEP][PASSED] - setEncryptedText(findTestObject("Object Repository/RAD_RecordAndPlay/input_Existing_FEIN"), "RigbBhfdqOBDK95asqKeHw=="): Text ****** has been set on object 'Object Repository/RAD_RecordAndPlay/input_Existing_FEIN'

2024-03-07 23:46:20 - [MESSAGE][PASSED] - Text ****** has been set on object 'Object Repository/RAD_RecordAndPlay/input_Existing_FEIN'

2024-03-07 23:46:20 - [TEST_STEP][PASSED] - setEncryptedText(findTestObject("Object Repository/RAD_RecordAndPlay/input_Existing_RetypeFEIN"), ""): Text ****** has been set on object 'Object Repository/RAD_RecordAndPlay/input_Existing_RetypeFEIN'

2024-03-07 23:46:20 - [MESSAGE][PASSED] - Text ****** has been set on object 'Object Repository/RAD_RecordAndPlay/input_Existing_RetypeFEIN'

2024-03-07 23:46:20 - [TEST_STEP][PASSED] - break: null

2024-03-07 23:46:20 - [TEST_STEP][PASSED] - verifyTextPresent("Please enter a valid FEIN with 9 digits.", true): Text 'Please enter a valid FEIN with 9 digits.' is present on page  using regular expression

2024-03-07 23:46:21 - [MESSAGE][PASSED] - Text 'Please enter a valid FEIN with 9 digits.' is present on page  using regular expression

2024-03-07 23:46:21 - [TEST_STEP][PASSED] - if (verifyTextPresent("Please enter a valid FEIN with 9 digits.", true)): null

2024-03-07 23:46:21 - [MESSAGE][PASSED] - Text 'Please enter a valid FEIN with 9 digits.' is present on page  using regular expression

2024-03-07 23:46:21 - [TEST_STEP][PASSED] - println("Error Message is present on the page"): null

2024-03-07 23:46:21 - [TEST_STEP][PASSED] - out.println("Pass Record Number: " + row): null

2024-03-07 23:46:21 - [TEST_STEP][PASSED] - resText = "Pass": null

2024-03-07 23:46:21 - [TEST_STEP][PASSED] - pages.WriteExcel.demoKey(resText, datText, resColumn, datCloumn, fileLoc, nameSheet, row): pages.WriteExcel.demoKey is PASSED

2024-03-07 23:46:21 - [MESSAGE][PASSED] - pages.WriteExcel.demoKey is PASSED

2024-03-07 23:46:21 - [TEST_STEP][PASSED] - ExecuteTC = findTestData(dataFile).getValue("Execute", row): null

2024-03-07 23:46:21 - [TEST_STEP][PASSED] - Taxtype = findTestData(dataFile).getValue("TaxType", row): null

2024-03-07 23:46:21 - [TEST_STEP][PASSED] - Paymenttype = findTestData(dataFile).getValue("PaymentType", row): null

2024-03-07 23:46:22 - [TEST_STEP][PASSED] - out.println("Value of Execute is : " + ExecuteTC): null

2024-03-07 23:46:22 - [TEST_STEP][PASSED] - if (ExecuteTC.equalsIgnoreCase("Y")): null

2024-03-07 23:46:22 - [TEST_STEP][PASSED] - out.println("Begin Record Number: " + row): null

2024-03-07 23:46:22 - [TEST_STEP][PASSED] - today = new java.util.Date(): null

2024-03-07 23:46:22 - [TEST_STEP][PASSED] - println(today): null

2024-03-07 23:46:22 - [TEST_STEP][PASSED] - datText = today: null

2024-03-07 23:46:22 - [TEST_STEP][PASSED] - Taxtype = findTestData(dataFile).getValue("TaxType", row): null

2024-03-07 23:46:22 - [TEST_STEP][PASSED] - out.println("Taxtype value is : " + Taxtype): null

2024-03-07 23:46:22 - [TEST_STEP][PASSED] - openBrowser(""): Browser is opened with url: ''

2024-03-07 23:46:22 - [MESSAGE][WARNING] - A browser is already opened. Closing browser and opening a new one

2024-03-07 23:46:38 - [MESSAGE][INFO] - Starting 'Chrome' driver

2024-03-07 23:46:38 - [MESSAGE][INFO] - User set preference: ['acceptInsecureCerts', 'true']

2024-03-07 23:46:38 - [MESSAGE][INFO] - Action delay is set to 0 milliseconds

2024-03-07 23:46:40 - [MESSAGE][PASSED] - Browser is opened with url: ''

2024-03-07 23:46:40 - [TEST_STEP][PASSED] - maximizeWindow(): Current window maximized

2024-03-07 23:46:40 - [MESSAGE][PASSED] - Current window maximized

2024-03-07 23:46:40 - [TEST_STEP][PASSED] - navigateToUrl(RADurl): Navigate to 'https://qa2.velocitypayment.com/client/rad/index.html' successfully

2024-03-07 23:46:42 - [MESSAGE][PASSED] - Navigate to 'https://qa2.velocitypayment.com/client/rad/index.html' successfully

2024-03-07 23:46:42 - [TEST_STEP][PASSED] - orPath_Landing = "Object Repository/RAD_Pages/Landing_Page": null

2024-03-07 23:46:42 - [TEST_STEP][PASSED] - orPath_TaxTypeFilingYear = "Object Repository/RAD_Pages/TaxTypeFilingYear_Page": null

2024-03-07 23:46:42 - [TEST_STEP][PASSED] - orPath_TaxPayer = "Object Repository/RAD_Pages/Taxpayer_Page": null

2024-03-07 23:46:42 - [TEST_STEP][PASSED] - orPath_AddressContact = "Object Repository/RAD_Pages/AddressAndContactInfo_Page": null

2024-03-07 23:46:42 - [TEST_STEP][PASSED] - orPath_FilingStatus = "Object Repository/RAD_Pages/FilingStatus_Page": null

2024-03-07 23:46:42 - [TEST_STEP][PASSED] - orPath_Amount = "Object Repository/RAD_Pages/PaymentAmount_Page": null

2024-03-07 23:46:42 - [TEST_STEP][PASSED] - orPath_TaxInfo = "Object Repository/RAD_Pages/TaxInfo_Page": null

2024-03-07 23:46:42 - [TEST_STEP][PASSED] - orPath_Withholding = "Object Repository/RAD_Pages/Withholding_Page": null

2024-03-07 23:46:42 - [TEST_STEP][PASSED] - orPath_Summary = "Object Repository/RAD_Pages/Summary_Page": null

2024-03-07 23:46:42 - [TEST_STEP][PASSED] - orPath_PaymentReady = "Object Repository/RAD_Pages/PaymentReady_Page": null

2024-03-07 23:46:42 - [TEST_STEP][PASSED] - orPath_PaymentEntry = "Object Repository/RAD_Pages/PaymentEntry_Page": null

2024-03-07 23:46:42 - [TEST_STEP][PASSED] - orPath_PaymentConfirmation = "Object Repository/RAD_Pages/PaymentConfirmation_Page": null

2024-03-07 23:46:42 - [TEST_STEP][PASSED] - orPath_ServiceFeesAccept = "Object Repository/RAD_Pages/ServiceFeeAccept_Page": null

2024-03-07 23:46:42 - [TEST_STEP][PASSED] - selectOptionByLabel(findTestObject(orPath_Landing + "/dd_TaxType"), Paymenttype, false): All options with label 'Existing Liability w/Notice Number' are selected in object 'Object Repository/RAD_Pages/Landing_Page/dd_TaxType' 

2024-03-07 23:46:43 - [MESSAGE][PASSED] - All options with label 'Existing Liability w/Notice Number' are selected in object 'Object Repository/RAD_Pages/Landing_Page/dd_TaxType' 

2024-03-07 23:46:43 - [TEST_STEP][PASSED] - delay(1): Delayed 1 second(s)

2024-03-07 23:46:44 - [MESSAGE][PASSED] - Delayed 1 second(s)

2024-03-07 23:46:44 - [TEST_STEP][PASSED] - switch (Paymenttype): null

2024-03-07 23:46:44 - [TEST_STEP][PASSED] - case "Existing Liability w/Notice Number":: null

2024-03-07 23:46:44 - [TEST_STEP][PASSED] - selectOptionByLabel(findTestObject(orPath_TaxTypeFilingYear + "/select_TaxType_ExistingLiability"), Taxtype, false): All options with label 'Transportation Network Services' are selected in object 'Object Repository/RAD_Pages/TaxTypeFilingYear_Page/select_TaxType_ExistingLiability' 

2024-03-07 23:46:44 - [MESSAGE][PASSED] - All options with label 'Transportation Network Services' are selected in object 'Object Repository/RAD_Pages/TaxTypeFilingYear_Page/select_TaxType_ExistingLiability' 

2024-03-07 23:46:44 - [TEST_STEP][PASSED] - break: null

2024-03-07 23:46:44 - [TEST_STEP][PASSED] - delay(1): Delayed 1 second(s)

2024-03-07 23:46:45 - [MESSAGE][PASSED] - Delayed 1 second(s)

2024-03-07 23:46:45 - [TEST_STEP][PASSED] - switch (Paymenttype): null

2024-03-07 23:46:45 - [TEST_STEP][PASSED] - case "Existing Liability w/Notice Number":: null

2024-03-07 23:46:45 - [TEST_STEP][PASSED] - setEncryptedText(findTestObject("Object Repository/RAD_RecordAndPlay/input_Existing_FEIN"), "RigbBhfdqOBDK95asqKeHw=="): Text ****** has been set on object 'Object Repository/RAD_RecordAndPlay/input_Existing_FEIN'

2024-03-07 23:46:46 - [MESSAGE][PASSED] - Text ****** has been set on object 'Object Repository/RAD_RecordAndPlay/input_Existing_FEIN'

2024-03-07 23:46:46 - [TEST_STEP][PASSED] - setEncryptedText(findTestObject("Object Repository/RAD_RecordAndPlay/input_Existing_RetypeFEIN"), ""): Text ****** has been set on object 'Object Repository/RAD_RecordAndPlay/input_Existing_RetypeFEIN'

2024-03-07 23:46:46 - [MESSAGE][PASSED] - Text ****** has been set on object 'Object Repository/RAD_RecordAndPlay/input_Existing_RetypeFEIN'

2024-03-07 23:46:46 - [TEST_STEP][PASSED] - break: null

2024-03-07 23:46:46 - [TEST_STEP][PASSED] - verifyTextPresent("Please enter a valid FEIN with 9 digits.", true): Text 'Please enter a valid FEIN with 9 digits.' is present on page  using regular expression

2024-03-07 23:46:47 - [MESSAGE][PASSED] - Text 'Please enter a valid FEIN with 9 digits.' is present on page  using regular expression

2024-03-07 23:46:47 - [TEST_STEP][PASSED] - if (verifyTextPresent("Please enter a valid FEIN with 9 digits.", true)): null

2024-03-07 23:46:47 - [MESSAGE][PASSED] - Text 'Please enter a valid FEIN with 9 digits.' is present on page  using regular expression

2024-03-07 23:46:47 - [TEST_STEP][PASSED] - println("Error Message is present on the page"): null

2024-03-07 23:46:47 - [TEST_STEP][PASSED] - out.println("Pass Record Number: " + row): null

2024-03-07 23:46:47 - [TEST_STEP][PASSED] - resText = "Pass": null

2024-03-07 23:46:47 - [TEST_STEP][PASSED] - pages.WriteExcel.demoKey(resText, datText, resColumn, datCloumn, fileLoc, nameSheet, row): pages.WriteExcel.demoKey is PASSED

2024-03-07 23:46:47 - [MESSAGE][PASSED] - pages.WriteExcel.demoKey is PASSED

2024-03-07 23:46:47 - [TEST_STEP][PASSED] - ExecuteTC = findTestData(dataFile).getValue("Execute", row): null

2024-03-07 23:46:47 - [TEST_STEP][PASSED] - Taxtype = findTestData(dataFile).getValue("TaxType", row): null

2024-03-07 23:46:48 - [TEST_STEP][PASSED] - Paymenttype = findTestData(dataFile).getValue("PaymentType", row): null

2024-03-07 23:46:48 - [TEST_STEP][PASSED] - out.println("Value of Execute is : " + ExecuteTC): null

2024-03-07 23:46:48 - [TEST_STEP][PASSED] - if (ExecuteTC.equalsIgnoreCase("Y")): null

2024-03-07 23:46:48 - [TEST_STEP][PASSED] - out.println("Begin Record Number: " + row): null

2024-03-07 23:46:48 - [TEST_STEP][PASSED] - today = new java.util.Date(): null

2024-03-07 23:46:48 - [TEST_STEP][PASSED] - println(today): null

2024-03-07 23:46:48 - [TEST_STEP][PASSED] - datText = today: null

2024-03-07 23:46:48 - [TEST_STEP][PASSED] - Taxtype = findTestData(dataFile).getValue("TaxType", row): null

2024-03-07 23:46:48 - [TEST_STEP][PASSED] - out.println("Taxtype value is : " + Taxtype): null

2024-03-07 23:46:48 - [TEST_STEP][PASSED] - openBrowser(""): Browser is opened with url: ''

2024-03-07 23:46:48 - [MESSAGE][WARNING] - A browser is already opened. Closing browser and opening a new one

2024-03-07 23:47:15 - [MESSAGE][INFO] - Starting 'Chrome' driver

2024-03-07 23:47:15 - [MESSAGE][INFO] - User set preference: ['acceptInsecureCerts', 'true']

2024-03-07 23:47:15 - [MESSAGE][INFO] - Action delay is set to 0 milliseconds

2024-03-07 23:47:17 - [MESSAGE][PASSED] - Browser is opened with url: ''

2024-03-07 23:47:17 - [TEST_STEP][PASSED] - maximizeWindow(): Current window maximized

2024-03-07 23:47:17 - [MESSAGE][PASSED] - Current window maximized

2024-03-07 23:47:17 - [TEST_STEP][PASSED] - navigateToUrl(RADurl): Navigate to 'https://qa2.velocitypayment.com/client/rad/index.html' successfully

2024-03-07 23:47:25 - [MESSAGE][PASSED] - Navigate to 'https://qa2.velocitypayment.com/client/rad/index.html' successfully

2024-03-07 23:47:25 - [TEST_STEP][PASSED] - orPath_Landing = "Object Repository/RAD_Pages/Landing_Page": null

2024-03-07 23:47:25 - [TEST_STEP][PASSED] - orPath_TaxTypeFilingYear = "Object Repository/RAD_Pages/TaxTypeFilingYear_Page": null

2024-03-07 23:47:25 - [TEST_STEP][PASSED] - orPath_TaxPayer = "Object Repository/RAD_Pages/Taxpayer_Page": null

2024-03-07 23:47:25 - [TEST_STEP][PASSED] - orPath_AddressContact = "Object Repository/RAD_Pages/AddressAndContactInfo_Page": null

2024-03-07 23:47:25 - [TEST_STEP][PASSED] - orPath_FilingStatus = "Object Repository/RAD_Pages/FilingStatus_Page": null

2024-03-07 23:47:25 - [TEST_STEP][PASSED] - orPath_Amount = "Object Repository/RAD_Pages/PaymentAmount_Page": null

2024-03-07 23:47:25 - [TEST_STEP][PASSED] - orPath_TaxInfo = "Object Repository/RAD_Pages/TaxInfo_Page": null

2024-03-07 23:47:25 - [TEST_STEP][PASSED] - orPath_Withholding = "Object Repository/RAD_Pages/Withholding_Page": null

2024-03-07 23:47:25 - [TEST_STEP][PASSED] - orPath_Summary = "Object Repository/RAD_Pages/Summary_Page": null

2024-03-07 23:47:25 - [TEST_STEP][PASSED] - orPath_PaymentReady = "Object Repository/RAD_Pages/PaymentReady_Page": null

2024-03-07 23:47:25 - [TEST_STEP][PASSED] - orPath_PaymentEntry = "Object Repository/RAD_Pages/PaymentEntry_Page": null

2024-03-07 23:47:25 - [TEST_STEP][PASSED] - orPath_PaymentConfirmation = "Object Repository/RAD_Pages/PaymentConfirmation_Page": null

2024-03-07 23:47:25 - [TEST_STEP][PASSED] - orPath_ServiceFeesAccept = "Object Repository/RAD_Pages/ServiceFeeAccept_Page": null

2024-03-07 23:47:25 - [TEST_STEP][PASSED] - selectOptionByLabel(findTestObject(orPath_Landing + "/dd_TaxType"), Paymenttype, false): All options with label 'Existing Liability w/Notice Number' are selected in object 'Object Repository/RAD_Pages/Landing_Page/dd_TaxType' 

2024-03-07 23:47:25 - [MESSAGE][PASSED] - All options with label 'Existing Liability w/Notice Number' are selected in object 'Object Repository/RAD_Pages/Landing_Page/dd_TaxType' 

2024-03-07 23:47:25 - [TEST_STEP][PASSED] - delay(1): Delayed 1 second(s)

2024-03-07 23:47:26 - [MESSAGE][PASSED] - Delayed 1 second(s)

2024-03-07 23:47:26 - [TEST_STEP][PASSED] - switch (Paymenttype): null

2024-03-07 23:47:26 - [TEST_STEP][PASSED] - case "Existing Liability w/Notice Number":: null

2024-03-07 23:47:26 - [TEST_STEP][PASSED] - selectOptionByLabel(findTestObject(orPath_TaxTypeFilingYear + "/select_TaxType_ExistingLiability"), Taxtype, false): All options with label 'Unclaimed Property' are selected in object 'Object Repository/RAD_Pages/TaxTypeFilingYear_Page/select_TaxType_ExistingLiability' 

2024-03-07 23:47:27 - [MESSAGE][PASSED] - All options with label 'Unclaimed Property' are selected in object 'Object Repository/RAD_Pages/TaxTypeFilingYear_Page/select_TaxType_ExistingLiability' 

2024-03-07 23:47:27 - [TEST_STEP][PASSED] - break: null

2024-03-07 23:47:27 - [TEST_STEP][PASSED] - delay(1): Delayed 1 second(s)

2024-03-07 23:47:28 - [MESSAGE][PASSED] - Delayed 1 second(s)

2024-03-07 23:47:28 - [TEST_STEP][PASSED] - switch (Paymenttype): null

2024-03-07 23:47:28 - [TEST_STEP][PASSED] - case "Existing Liability w/Notice Number":: null

2024-03-07 23:47:28 - [TEST_STEP][PASSED] - setEncryptedText(findTestObject("Object Repository/RAD_RecordAndPlay/input_Existing_FEIN"), "RigbBhfdqOBDK95asqKeHw=="): Text ****** has been set on object 'Object Repository/RAD_RecordAndPlay/input_Existing_FEIN'

2024-03-07 23:47:29 - [MESSAGE][PASSED] - Text ****** has been set on object 'Object Repository/RAD_RecordAndPlay/input_Existing_FEIN'

2024-03-07 23:47:29 - [TEST_STEP][PASSED] - setEncryptedText(findTestObject("Object Repository/RAD_RecordAndPlay/input_Existing_RetypeFEIN"), ""): Text ****** has been set on object 'Object Repository/RAD_RecordAndPlay/input_Existing_RetypeFEIN'

2024-03-07 23:47:29 - [MESSAGE][PASSED] - Text ****** has been set on object 'Object Repository/RAD_RecordAndPlay/input_Existing_RetypeFEIN'

2024-03-07 23:47:29 - [TEST_STEP][PASSED] - break: null

2024-03-07 23:47:29 - [TEST_STEP][PASSED] - verifyTextPresent("Please enter a valid FEIN with 9 digits.", true): Text 'Please enter a valid FEIN with 9 digits.' is present on page  using regular expression

2024-03-07 23:47:30 - [MESSAGE][PASSED] - Text 'Please enter a valid FEIN with 9 digits.' is present on page  using regular expression

2024-03-07 23:47:30 - [TEST_STEP][PASSED] - if (verifyTextPresent("Please enter a valid FEIN with 9 digits.", true)): null

2024-03-07 23:47:30 - [MESSAGE][PASSED] - Text 'Please enter a valid FEIN with 9 digits.' is present on page  using regular expression

2024-03-07 23:47:30 - [TEST_STEP][PASSED] - println("Error Message is present on the page"): null

2024-03-07 23:47:30 - [TEST_STEP][PASSED] - out.println("Pass Record Number: " + row): null

2024-03-07 23:47:30 - [TEST_STEP][PASSED] - resText = "Pass": null

2024-03-07 23:47:30 - [TEST_STEP][PASSED] - pages.WriteExcel.demoKey(resText, datText, resColumn, datCloumn, fileLoc, nameSheet, row): pages.WriteExcel.demoKey is PASSED

2024-03-07 23:47:30 - [MESSAGE][PASSED] - pages.WriteExcel.demoKey is PASSED

2024-03-07 23:47:30 - [TEST_STEP][PASSED] - ExecuteTC = findTestData(dataFile).getValue("Execute", row): null

2024-03-07 23:47:30 - [TEST_STEP][PASSED] - Taxtype = findTestData(dataFile).getValue("TaxType", row): null

2024-03-07 23:47:30 - [TEST_STEP][PASSED] - Paymenttype = findTestData(dataFile).getValue("PaymentType", row): null

2024-03-07 23:47:31 - [TEST_STEP][PASSED] - out.println("Value of Execute is : " + ExecuteTC): null

2024-03-07 23:47:31 - [TEST_STEP][PASSED] - if (ExecuteTC.equalsIgnoreCase("Y")): null

2024-03-07 23:47:31 - [TEST_STEP][PASSED] - out.println("Begin Record Number: " + row): null

2024-03-07 23:47:31 - [TEST_STEP][PASSED] - today = new java.util.Date(): null

2024-03-07 23:47:31 - [TEST_STEP][PASSED] - println(today): null

2024-03-07 23:47:31 - [TEST_STEP][PASSED] - datText = today: null

2024-03-07 23:47:31 - [TEST_STEP][PASSED] - Taxtype = findTestData(dataFile).getValue("TaxType", row): null

2024-03-07 23:47:31 - [TEST_STEP][PASSED] - out.println("Taxtype value is : " + Taxtype): null

2024-03-07 23:47:31 - [TEST_STEP][PASSED] - openBrowser(""): Browser is opened with url: ''

2024-03-07 23:47:31 - [MESSAGE][WARNING] - A browser is already opened. Closing browser and opening a new one

2024-03-07 23:47:47 - [MESSAGE][INFO] - Starting 'Chrome' driver

2024-03-07 23:47:47 - [MESSAGE][INFO] - User set preference: ['acceptInsecureCerts', 'true']

2024-03-07 23:47:47 - [MESSAGE][INFO] - Action delay is set to 0 milliseconds

2024-03-07 23:47:48 - [MESSAGE][PASSED] - Browser is opened with url: ''

2024-03-07 23:47:48 - [TEST_STEP][PASSED] - maximizeWindow(): Current window maximized

2024-03-07 23:47:48 - [MESSAGE][PASSED] - Current window maximized

2024-03-07 23:47:48 - [TEST_STEP][PASSED] - navigateToUrl(RADurl): Navigate to 'https://qa2.velocitypayment.com/client/rad/index.html' successfully

2024-03-07 23:47:50 - [MESSAGE][PASSED] - Navigate to 'https://qa2.velocitypayment.com/client/rad/index.html' successfully

2024-03-07 23:47:50 - [TEST_STEP][PASSED] - orPath_Landing = "Object Repository/RAD_Pages/Landing_Page": null

2024-03-07 23:47:50 - [TEST_STEP][PASSED] - orPath_TaxTypeFilingYear = "Object Repository/RAD_Pages/TaxTypeFilingYear_Page": null

2024-03-07 23:47:50 - [TEST_STEP][PASSED] - orPath_TaxPayer = "Object Repository/RAD_Pages/Taxpayer_Page": null

2024-03-07 23:47:50 - [TEST_STEP][PASSED] - orPath_AddressContact = "Object Repository/RAD_Pages/AddressAndContactInfo_Page": null

2024-03-07 23:47:50 - [TEST_STEP][PASSED] - orPath_FilingStatus = "Object Repository/RAD_Pages/FilingStatus_Page": null

2024-03-07 23:47:50 - [TEST_STEP][PASSED] - orPath_Amount = "Object Repository/RAD_Pages/PaymentAmount_Page": null

2024-03-07 23:47:50 - [TEST_STEP][PASSED] - orPath_TaxInfo = "Object Repository/RAD_Pages/TaxInfo_Page": null

2024-03-07 23:47:50 - [TEST_STEP][PASSED] - orPath_Withholding = "Object Repository/RAD_Pages/Withholding_Page": null

2024-03-07 23:47:50 - [TEST_STEP][PASSED] - orPath_Summary = "Object Repository/RAD_Pages/Summary_Page": null

2024-03-07 23:47:50 - [TEST_STEP][PASSED] - orPath_PaymentReady = "Object Repository/RAD_Pages/PaymentReady_Page": null

2024-03-07 23:47:50 - [TEST_STEP][PASSED] - orPath_PaymentEntry = "Object Repository/RAD_Pages/PaymentEntry_Page": null

2024-03-07 23:47:50 - [TEST_STEP][PASSED] - orPath_PaymentConfirmation = "Object Repository/RAD_Pages/PaymentConfirmation_Page": null

2024-03-07 23:47:50 - [TEST_STEP][PASSED] - orPath_ServiceFeesAccept = "Object Repository/RAD_Pages/ServiceFeeAccept_Page": null

2024-03-07 23:47:50 - [TEST_STEP][PASSED] - selectOptionByLabel(findTestObject(orPath_Landing + "/dd_TaxType"), Paymenttype, false): All options with label 'Existing Liability w/Notice Number' are selected in object 'Object Repository/RAD_Pages/Landing_Page/dd_TaxType' 

2024-03-07 23:47:51 - [MESSAGE][PASSED] - All options with label 'Existing Liability w/Notice Number' are selected in object 'Object Repository/RAD_Pages/Landing_Page/dd_TaxType' 

2024-03-07 23:47:51 - [TEST_STEP][PASSED] - delay(1): Delayed 1 second(s)

2024-03-07 23:47:52 - [MESSAGE][PASSED] - Delayed 1 second(s)

2024-03-07 23:47:52 - [TEST_STEP][PASSED] - switch (Paymenttype): null

2024-03-07 23:47:52 - [TEST_STEP][PASSED] - case "Existing Liability w/Notice Number":: null

2024-03-07 23:47:52 - [TEST_STEP][PASSED] - selectOptionByLabel(findTestObject(orPath_TaxTypeFilingYear + "/select_TaxType_ExistingLiability"), Taxtype, false): All options with label 'IFTA Tax' are selected in object 'Object Repository/RAD_Pages/TaxTypeFilingYear_Page/select_TaxType_ExistingLiability' 

2024-03-07 23:47:53 - [MESSAGE][PASSED] - All options with label 'IFTA Tax' are selected in object 'Object Repository/RAD_Pages/TaxTypeFilingYear_Page/select_TaxType_ExistingLiability' 

2024-03-07 23:47:53 - [TEST_STEP][PASSED] - break: null

2024-03-07 23:47:53 - [TEST_STEP][PASSED] - delay(1): Delayed 1 second(s)

2024-03-07 23:47:54 - [MESSAGE][PASSED] - Delayed 1 second(s)

2024-03-07 23:47:54 - [TEST_STEP][PASSED] - switch (Paymenttype): null

2024-03-07 23:47:54 - [TEST_STEP][PASSED] - case "Existing Liability w/Notice Number":: null

2024-03-07 23:47:54 - [TEST_STEP][PASSED] - setEncryptedText(findTestObject("Object Repository/RAD_RecordAndPlay/input_Existing_FEIN"), "RigbBhfdqOBDK95asqKeHw=="): Text ****** has been set on object 'Object Repository/RAD_RecordAndPlay/input_Existing_FEIN'

2024-03-07 23:47:54 - [MESSAGE][PASSED] - Text ****** has been set on object 'Object Repository/RAD_RecordAndPlay/input_Existing_FEIN'

2024-03-07 23:47:54 - [TEST_STEP][PASSED] - setEncryptedText(findTestObject("Object Repository/RAD_RecordAndPlay/input_Existing_RetypeFEIN"), ""): Text ****** has been set on object 'Object Repository/RAD_RecordAndPlay/input_Existing_RetypeFEIN'

2024-03-07 23:47:55 - [MESSAGE][PASSED] - Text ****** has been set on object 'Object Repository/RAD_RecordAndPlay/input_Existing_RetypeFEIN'

2024-03-07 23:47:55 - [TEST_STEP][PASSED] - break: null

2024-03-07 23:47:55 - [TEST_STEP][PASSED] - verifyTextPresent("Please enter a valid FEIN with 9 digits.", true): Text 'Please enter a valid FEIN with 9 digits.' is present on page  using regular expression

2024-03-07 23:47:55 - [MESSAGE][PASSED] - Text 'Please enter a valid FEIN with 9 digits.' is present on page  using regular expression

2024-03-07 23:47:55 - [TEST_STEP][PASSED] - if (verifyTextPresent("Please enter a valid FEIN with 9 digits.", true)): null

2024-03-07 23:47:56 - [MESSAGE][PASSED] - Text 'Please enter a valid FEIN with 9 digits.' is present on page  using regular expression

2024-03-07 23:47:56 - [TEST_STEP][PASSED] - println("Error Message is present on the page"): null

2024-03-07 23:47:56 - [TEST_STEP][PASSED] - out.println("Pass Record Number: " + row): null

2024-03-07 23:47:56 - [TEST_STEP][PASSED] - resText = "Pass": null

2024-03-07 23:47:56 - [TEST_STEP][PASSED] - pages.WriteExcel.demoKey(resText, datText, resColumn, datCloumn, fileLoc, nameSheet, row): pages.WriteExcel.demoKey is PASSED

2024-03-07 23:47:56 - [MESSAGE][PASSED] - pages.WriteExcel.demoKey is PASSED

2024-03-07 23:47:56 - [TEST_STEP][PASSED] - ExecuteTC = findTestData(dataFile).getValue("Execute", row): null

2024-03-07 23:47:56 - [TEST_STEP][PASSED] - Taxtype = findTestData(dataFile).getValue("TaxType", row): null

2024-03-07 23:47:56 - [TEST_STEP][PASSED] - Paymenttype = findTestData(dataFile).getValue("PaymentType", row): null

2024-03-07 23:47:56 - [TEST_STEP][PASSED] - out.println("Value of Execute is : " + ExecuteTC): null

2024-03-07 23:47:56 - [TEST_STEP][PASSED] - if (ExecuteTC.equalsIgnoreCase("Y")): null

2024-03-07 23:47:56 - [TEST_STEP][PASSED] - out.println("Begin Record Number: " + row): null

2024-03-07 23:47:56 - [TEST_STEP][PASSED] - today = new java.util.Date(): null

2024-03-07 23:47:56 - [TEST_STEP][PASSED] - println(today): null

2024-03-07 23:47:56 - [TEST_STEP][PASSED] - datText = today: null

2024-03-07 23:47:56 - [TEST_STEP][PASSED] - Taxtype = findTestData(dataFile).getValue("TaxType", row): null

2024-03-07 23:47:56 - [TEST_STEP][PASSED] - out.println("Taxtype value is : " + Taxtype): null

2024-03-07 23:47:56 - [TEST_STEP][PASSED] - openBrowser(""): Browser is opened with url: ''

2024-03-07 23:47:56 - [MESSAGE][WARNING] - A browser is already opened. Closing browser and opening a new one

2024-03-07 23:48:16 - [MESSAGE][INFO] - Starting 'Chrome' driver

2024-03-07 23:48:16 - [MESSAGE][INFO] - User set preference: ['acceptInsecureCerts', 'true']

2024-03-07 23:48:16 - [MESSAGE][INFO] - Action delay is set to 0 milliseconds

2024-03-07 23:48:17 - [MESSAGE][PASSED] - Browser is opened with url: ''

2024-03-07 23:48:17 - [TEST_STEP][PASSED] - maximizeWindow(): Current window maximized

2024-03-07 23:48:17 - [MESSAGE][PASSED] - Current window maximized

2024-03-07 23:48:17 - [TEST_STEP][PASSED] - navigateToUrl(RADurl): Navigate to 'https://qa2.velocitypayment.com/client/rad/index.html' successfully

2024-03-07 23:48:24 - [MESSAGE][PASSED] - Navigate to 'https://qa2.velocitypayment.com/client/rad/index.html' successfully

2024-03-07 23:48:24 - [TEST_STEP][PASSED] - orPath_Landing = "Object Repository/RAD_Pages/Landing_Page": null

2024-03-07 23:48:24 - [TEST_STEP][PASSED] - orPath_TaxTypeFilingYear = "Object Repository/RAD_Pages/TaxTypeFilingYear_Page": null

2024-03-07 23:48:24 - [TEST_STEP][PASSED] - orPath_TaxPayer = "Object Repository/RAD_Pages/Taxpayer_Page": null

2024-03-07 23:48:24 - [TEST_STEP][PASSED] - orPath_AddressContact = "Object Repository/RAD_Pages/AddressAndContactInfo_Page": null

2024-03-07 23:48:24 - [TEST_STEP][PASSED] - orPath_FilingStatus = "Object Repository/RAD_Pages/FilingStatus_Page": null

2024-03-07 23:48:24 - [TEST_STEP][PASSED] - orPath_Amount = "Object Repository/RAD_Pages/PaymentAmount_Page": null

2024-03-07 23:48:24 - [TEST_STEP][PASSED] - orPath_TaxInfo = "Object Repository/RAD_Pages/TaxInfo_Page": null

2024-03-07 23:48:24 - [TEST_STEP][PASSED] - orPath_Withholding = "Object Repository/RAD_Pages/Withholding_Page": null

2024-03-07 23:48:24 - [TEST_STEP][PASSED] - orPath_Summary = "Object Repository/RAD_Pages/Summary_Page": null

2024-03-07 23:48:24 - [TEST_STEP][PASSED] - orPath_PaymentReady = "Object Repository/RAD_Pages/PaymentReady_Page": null

2024-03-07 23:48:24 - [TEST_STEP][PASSED] - orPath_PaymentEntry = "Object Repository/RAD_Pages/PaymentEntry_Page": null

2024-03-07 23:48:24 - [TEST_STEP][PASSED] - orPath_PaymentConfirmation = "Object Repository/RAD_Pages/PaymentConfirmation_Page": null

2024-03-07 23:48:24 - [TEST_STEP][PASSED] - orPath_ServiceFeesAccept = "Object Repository/RAD_Pages/ServiceFeeAccept_Page": null

2024-03-07 23:48:24 - [TEST_STEP][PASSED] - selectOptionByLabel(findTestObject(orPath_Landing + "/dd_TaxType"), Paymenttype, false): All options with label 'New Tax Return Amount Due' are selected in object 'Object Repository/RAD_Pages/Landing_Page/dd_TaxType' 

2024-03-07 23:48:25 - [MESSAGE][PASSED] - All options with label 'New Tax Return Amount Due' are selected in object 'Object Repository/RAD_Pages/Landing_Page/dd_TaxType' 

2024-03-07 23:48:25 - [TEST_STEP][PASSED] - delay(1): Delayed 1 second(s)

2024-03-07 23:48:26 - [MESSAGE][PASSED] - Delayed 1 second(s)

2024-03-07 23:48:26 - [TEST_STEP][PASSED] - switch (Paymenttype): null

2024-03-07 23:48:26 - [TEST_STEP][PASSED] - case "New Tax Return Amount Due":: null

2024-03-07 23:48:26 - [TEST_STEP][PASSED] - selectOptionByLabel(findTestObject("Object Repository/RAD_Pages/Landing_Page/select_NewTaxReturnAmountDue_TaxType"), Taxtype, false): All options with label 'Admissions and Amusement Tax' are selected in object 'Object Repository/RAD_Pages/Landing_Page/select_NewTaxReturnAmountDue_TaxType' 

2024-03-07 23:48:26 - [MESSAGE][PASSED] - All options with label 'Admissions and Amusement Tax' are selected in object 'Object Repository/RAD_Pages/Landing_Page/select_NewTaxReturnAmountDue_TaxType' 

2024-03-07 23:48:26 - [TEST_STEP][PASSED] - break: null

2024-03-07 23:48:26 - [TEST_STEP][PASSED] - delay(1): Delayed 1 second(s)

2024-03-07 23:48:27 - [MESSAGE][PASSED] - Delayed 1 second(s)

2024-03-07 23:48:27 - [TEST_STEP][PASSED] - switch (Paymenttype): null

2024-03-07 23:48:27 - [TEST_STEP][PASSED] - case "New Tax Return Amount Due":: null

2024-03-07 23:48:27 - [TEST_STEP][PASSED] - setEncryptedText(findTestObject(orPath_TaxInfo + "/input_FederalEIN-2"), "RigbBhfdqOBDK95asqKeHw=="): Text ****** has been set on object 'Object Repository/RAD_Pages/TaxInfo_Page/input_FederalEIN-2'

2024-03-07 23:48:28 - [MESSAGE][PASSED] - Text ****** has been set on object 'Object Repository/RAD_Pages/TaxInfo_Page/input_FederalEIN-2'

2024-03-07 23:48:28 - [TEST_STEP][PASSED] - setEncryptedText(findTestObject(orPath_TaxInfo + "/input_FederalEIN_ReEnter-2"), ""): Text ****** has been set on object 'Object Repository/RAD_Pages/TaxInfo_Page/input_FederalEIN_ReEnter-2'

2024-03-07 23:48:29 - [MESSAGE][PASSED] - Text ****** has been set on object 'Object Repository/RAD_Pages/TaxInfo_Page/input_FederalEIN_ReEnter-2'

2024-03-07 23:48:29 - [TEST_STEP][PASSED] - break: null

2024-03-07 23:48:29 - [TEST_STEP][PASSED] - verifyTextPresent("Please enter a valid FEIN with 9 digits.", true): Text 'Please enter a valid FEIN with 9 digits.' is present on page  using regular expression

2024-03-07 23:48:29 - [MESSAGE][PASSED] - Text 'Please enter a valid FEIN with 9 digits.' is present on page  using regular expression

2024-03-07 23:48:29 - [TEST_STEP][PASSED] - if (verifyTextPresent("Please enter a valid FEIN with 9 digits.", true)): null

2024-03-07 23:48:30 - [MESSAGE][PASSED] - Text 'Please enter a valid FEIN with 9 digits.' is present on page  using regular expression

2024-03-07 23:48:30 - [TEST_STEP][PASSED] - println("Error Message is present on the page"): null

2024-03-07 23:48:30 - [TEST_STEP][PASSED] - out.println("Pass Record Number: " + row): null

2024-03-07 23:48:30 - [TEST_STEP][PASSED] - resText = "Pass": null

2024-03-07 23:48:30 - [TEST_STEP][PASSED] - pages.WriteExcel.demoKey(resText, datText, resColumn, datCloumn, fileLoc, nameSheet, row): pages.WriteExcel.demoKey is PASSED

2024-03-07 23:48:30 - [MESSAGE][PASSED] - pages.WriteExcel.demoKey is PASSED

2024-03-07 23:48:30 - [TEST_STEP][PASSED] - ExecuteTC = findTestData(dataFile).getValue("Execute", row): null

2024-03-07 23:48:30 - [TEST_STEP][PASSED] - Taxtype = findTestData(dataFile).getValue("TaxType", row): null

2024-03-07 23:48:30 - [TEST_STEP][PASSED] - Paymenttype = findTestData(dataFile).getValue("PaymentType", row): null

2024-03-07 23:48:30 - [TEST_STEP][PASSED] - out.println("Value of Execute is : " + ExecuteTC): null

2024-03-07 23:48:30 - [TEST_STEP][PASSED] - if (ExecuteTC.equalsIgnoreCase("Y")): null

2024-03-07 23:48:30 - [TEST_STEP][PASSED] - out.println("Begin Record Number: " + row): null

2024-03-07 23:48:30 - [TEST_STEP][PASSED] - today = new java.util.Date(): null

2024-03-07 23:48:30 - [TEST_STEP][PASSED] - println(today): null

2024-03-07 23:48:30 - [TEST_STEP][PASSED] - datText = today: null

2024-03-07 23:48:30 - [TEST_STEP][PASSED] - Taxtype = findTestData(dataFile).getValue("TaxType", row): null

2024-03-07 23:48:30 - [TEST_STEP][PASSED] - out.println("Taxtype value is : " + Taxtype): null

2024-03-07 23:48:30 - [TEST_STEP][PASSED] - openBrowser(""): Browser is opened with url: ''

2024-03-07 23:48:30 - [MESSAGE][WARNING] - A browser is already opened. Closing browser and opening a new one

2024-03-07 23:48:41 - [MESSAGE][INFO] - Starting 'Chrome' driver

2024-03-07 23:48:41 - [MESSAGE][INFO] - User set preference: ['acceptInsecureCerts', 'true']

2024-03-07 23:48:41 - [MESSAGE][INFO] - Action delay is set to 0 milliseconds

2024-03-07 23:48:42 - [MESSAGE][PASSED] - Browser is opened with url: ''

2024-03-07 23:48:42 - [TEST_STEP][PASSED] - maximizeWindow(): Current window maximized

2024-03-07 23:48:42 - [MESSAGE][PASSED] - Current window maximized

2024-03-07 23:48:42 - [TEST_STEP][PASSED] - navigateToUrl(RADurl): Navigate to 'https://qa2.velocitypayment.com/client/rad/index.html' successfully

2024-03-07 23:48:44 - [MESSAGE][PASSED] - Navigate to 'https://qa2.velocitypayment.com/client/rad/index.html' successfully

2024-03-07 23:48:44 - [TEST_STEP][PASSED] - orPath_Landing = "Object Repository/RAD_Pages/Landing_Page": null

2024-03-07 23:48:44 - [TEST_STEP][PASSED] - orPath_TaxTypeFilingYear = "Object Repository/RAD_Pages/TaxTypeFilingYear_Page": null

2024-03-07 23:48:44 - [TEST_STEP][PASSED] - orPath_TaxPayer = "Object Repository/RAD_Pages/Taxpayer_Page": null

2024-03-07 23:48:44 - [TEST_STEP][PASSED] - orPath_AddressContact = "Object Repository/RAD_Pages/AddressAndContactInfo_Page": null

2024-03-07 23:48:44 - [TEST_STEP][PASSED] - orPath_FilingStatus = "Object Repository/RAD_Pages/FilingStatus_Page": null

2024-03-07 23:48:44 - [TEST_STEP][PASSED] - orPath_Amount = "Object Repository/RAD_Pages/PaymentAmount_Page": null

2024-03-07 23:48:44 - [TEST_STEP][PASSED] - orPath_TaxInfo = "Object Repository/RAD_Pages/TaxInfo_Page": null

2024-03-07 23:48:44 - [TEST_STEP][PASSED] - orPath_Withholding = "Object Repository/RAD_Pages/Withholding_Page": null

2024-03-07 23:48:44 - [TEST_STEP][PASSED] - orPath_Summary = "Object Repository/RAD_Pages/Summary_Page": null

2024-03-07 23:48:44 - [TEST_STEP][PASSED] - orPath_PaymentReady = "Object Repository/RAD_Pages/PaymentReady_Page": null

2024-03-07 23:48:44 - [TEST_STEP][PASSED] - orPath_PaymentEntry = "Object Repository/RAD_Pages/PaymentEntry_Page": null

2024-03-07 23:48:44 - [TEST_STEP][PASSED] - orPath_PaymentConfirmation = "Object Repository/RAD_Pages/PaymentConfirmation_Page": null

2024-03-07 23:48:44 - [TEST_STEP][PASSED] - orPath_ServiceFeesAccept = "Object Repository/RAD_Pages/ServiceFeeAccept_Page": null

2024-03-07 23:48:44 - [TEST_STEP][PASSED] - selectOptionByLabel(findTestObject(orPath_Landing + "/dd_TaxType"), Paymenttype, false): All options with label 'New Tax Return Amount Due' are selected in object 'Object Repository/RAD_Pages/Landing_Page/dd_TaxType' 

2024-03-07 23:48:45 - [MESSAGE][PASSED] - All options with label 'New Tax Return Amount Due' are selected in object 'Object Repository/RAD_Pages/Landing_Page/dd_TaxType' 

2024-03-07 23:48:45 - [TEST_STEP][PASSED] - delay(1): Delayed 1 second(s)

2024-03-07 23:48:46 - [MESSAGE][PASSED] - Delayed 1 second(s)

2024-03-07 23:48:46 - [TEST_STEP][PASSED] - switch (Paymenttype): null

2024-03-07 23:48:46 - [TEST_STEP][PASSED] - case "New Tax Return Amount Due":: null

2024-03-07 23:48:46 - [TEST_STEP][PASSED] - selectOptionByLabel(findTestObject("Object Repository/RAD_Pages/Landing_Page/select_NewTaxReturnAmountDue_TaxType"), Taxtype, false): All options with label 'Alcohol Tax' are selected in object 'Object Repository/RAD_Pages/Landing_Page/select_NewTaxReturnAmountDue_TaxType' 

2024-03-07 23:48:46 - [MESSAGE][PASSED] - All options with label 'Alcohol Tax' are selected in object 'Object Repository/RAD_Pages/Landing_Page/select_NewTaxReturnAmountDue_TaxType' 

2024-03-07 23:48:46 - [TEST_STEP][PASSED] - break: null

2024-03-07 23:48:46 - [TEST_STEP][PASSED] - delay(1): Delayed 1 second(s)

2024-03-07 23:48:47 - [MESSAGE][PASSED] - Delayed 1 second(s)

2024-03-07 23:48:47 - [TEST_STEP][PASSED] - switch (Paymenttype): null

2024-03-07 23:48:47 - [TEST_STEP][PASSED] - case "New Tax Return Amount Due":: null

2024-03-07 23:48:47 - [TEST_STEP][PASSED] - setEncryptedText(findTestObject(orPath_TaxInfo + "/input_FederalEIN-2"), "RigbBhfdqOBDK95asqKeHw=="): Text ****** has been set on object 'Object Repository/RAD_Pages/TaxInfo_Page/input_FederalEIN-2'

2024-03-07 23:48:48 - [MESSAGE][PASSED] - Text ****** has been set on object 'Object Repository/RAD_Pages/TaxInfo_Page/input_FederalEIN-2'

2024-03-07 23:48:48 - [TEST_STEP][PASSED] - setEncryptedText(findTestObject(orPath_TaxInfo + "/input_FederalEIN_ReEnter-2"), ""): Text ****** has been set on object 'Object Repository/RAD_Pages/TaxInfo_Page/input_FederalEIN_ReEnter-2'

2024-03-07 23:48:49 - [MESSAGE][PASSED] - Text ****** has been set on object 'Object Repository/RAD_Pages/TaxInfo_Page/input_FederalEIN_ReEnter-2'

2024-03-07 23:48:49 - [TEST_STEP][PASSED] - break: null

2024-03-07 23:48:49 - [TEST_STEP][PASSED] - verifyTextPresent("Please enter a valid FEIN with 9 digits.", true): Text 'Please enter a valid FEIN with 9 digits.' is present on page  using regular expression

2024-03-07 23:48:49 - [MESSAGE][PASSED] - Text 'Please enter a valid FEIN with 9 digits.' is present on page  using regular expression

2024-03-07 23:48:49 - [TEST_STEP][PASSED] - if (verifyTextPresent("Please enter a valid FEIN with 9 digits.", true)): null

2024-03-07 23:48:50 - [MESSAGE][PASSED] - Text 'Please enter a valid FEIN with 9 digits.' is present on page  using regular expression

2024-03-07 23:48:50 - [TEST_STEP][PASSED] - println("Error Message is present on the page"): null

2024-03-07 23:48:50 - [TEST_STEP][PASSED] - out.println("Pass Record Number: " + row): null

2024-03-07 23:48:50 - [TEST_STEP][PASSED] - resText = "Pass": null

2024-03-07 23:48:50 - [TEST_STEP][PASSED] - pages.WriteExcel.demoKey(resText, datText, resColumn, datCloumn, fileLoc, nameSheet, row): pages.WriteExcel.demoKey is PASSED

2024-03-07 23:48:50 - [MESSAGE][PASSED] - pages.WriteExcel.demoKey is PASSED

2024-03-07 23:48:50 - [TEST_STEP][PASSED] - ExecuteTC = findTestData(dataFile).getValue("Execute", row): null

2024-03-07 23:48:50 - [TEST_STEP][PASSED] - Taxtype = findTestData(dataFile).getValue("TaxType", row): null

2024-03-07 23:48:50 - [TEST_STEP][PASSED] - Paymenttype = findTestData(dataFile).getValue("PaymentType", row): null

2024-03-07 23:48:50 - [TEST_STEP][PASSED] - out.println("Value of Execute is : " + ExecuteTC): null

2024-03-07 23:48:50 - [TEST_STEP][PASSED] - if (ExecuteTC.equalsIgnoreCase("Y")): null

2024-03-07 23:48:50 - [TEST_STEP][PASSED] - out.println("Begin Record Number: " + row): null

2024-03-07 23:48:50 - [TEST_STEP][PASSED] - today = new java.util.Date(): null

2024-03-07 23:48:50 - [TEST_STEP][PASSED] - println(today): null

2024-03-07 23:48:50 - [TEST_STEP][PASSED] - datText = today: null

2024-03-07 23:48:50 - [TEST_STEP][PASSED] - Taxtype = findTestData(dataFile).getValue("TaxType", row): null

2024-03-07 23:48:50 - [TEST_STEP][PASSED] - out.println("Taxtype value is : " + Taxtype): null

2024-03-07 23:48:50 - [TEST_STEP][PASSED] - openBrowser(""): Browser is opened with url: ''

2024-03-07 23:48:50 - [MESSAGE][WARNING] - A browser is already opened. Closing browser and opening a new one

2024-03-07 23:49:15 - [MESSAGE][INFO] - Starting 'Chrome' driver

2024-03-07 23:49:15 - [MESSAGE][INFO] - User set preference: ['acceptInsecureCerts', 'true']

2024-03-07 23:49:15 - [MESSAGE][INFO] - Action delay is set to 0 milliseconds

2024-03-07 23:49:17 - [MESSAGE][PASSED] - Browser is opened with url: ''

2024-03-07 23:49:17 - [TEST_STEP][PASSED] - maximizeWindow(): Current window maximized

2024-03-07 23:49:17 - [MESSAGE][PASSED] - Current window maximized

2024-03-07 23:49:17 - [TEST_STEP][PASSED] - navigateToUrl(RADurl): Navigate to 'https://qa2.velocitypayment.com/client/rad/index.html' successfully

2024-03-07 23:49:23 - [MESSAGE][PASSED] - Navigate to 'https://qa2.velocitypayment.com/client/rad/index.html' successfully

2024-03-07 23:49:23 - [TEST_STEP][PASSED] - orPath_Landing = "Object Repository/RAD_Pages/Landing_Page": null

2024-03-07 23:49:23 - [TEST_STEP][PASSED] - orPath_TaxTypeFilingYear = "Object Repository/RAD_Pages/TaxTypeFilingYear_Page": null

2024-03-07 23:49:23 - [TEST_STEP][PASSED] - orPath_TaxPayer = "Object Repository/RAD_Pages/Taxpayer_Page": null

2024-03-07 23:49:23 - [TEST_STEP][PASSED] - orPath_AddressContact = "Object Repository/RAD_Pages/AddressAndContactInfo_Page": null

2024-03-07 23:49:23 - [TEST_STEP][PASSED] - orPath_FilingStatus = "Object Repository/RAD_Pages/FilingStatus_Page": null

2024-03-07 23:49:23 - [TEST_STEP][PASSED] - orPath_Amount = "Object Repository/RAD_Pages/PaymentAmount_Page": null

2024-03-07 23:49:23 - [TEST_STEP][PASSED] - orPath_TaxInfo = "Object Repository/RAD_Pages/TaxInfo_Page": null

2024-03-07 23:49:23 - [TEST_STEP][PASSED] - orPath_Withholding = "Object Repository/RAD_Pages/Withholding_Page": null

2024-03-07 23:49:23 - [TEST_STEP][PASSED] - orPath_Summary = "Object Repository/RAD_Pages/Summary_Page": null

2024-03-07 23:49:23 - [TEST_STEP][PASSED] - orPath_PaymentReady = "Object Repository/RAD_Pages/PaymentReady_Page": null

2024-03-07 23:49:23 - [TEST_STEP][PASSED] - orPath_PaymentEntry = "Object Repository/RAD_Pages/PaymentEntry_Page": null

2024-03-07 23:49:23 - [TEST_STEP][PASSED] - orPath_PaymentConfirmation = "Object Repository/RAD_Pages/PaymentConfirmation_Page": null

2024-03-07 23:49:23 - [TEST_STEP][PASSED] - orPath_ServiceFeesAccept = "Object Repository/RAD_Pages/ServiceFeeAccept_Page": null

2024-03-07 23:49:23 - [TEST_STEP][PASSED] - selectOptionByLabel(findTestObject(orPath_Landing + "/dd_TaxType"), Paymenttype, false): All options with label 'New Tax Return Amount Due' are selected in object 'Object Repository/RAD_Pages/Landing_Page/dd_TaxType' 

2024-03-07 23:49:24 - [MESSAGE][PASSED] - All options with label 'New Tax Return Amount Due' are selected in object 'Object Repository/RAD_Pages/Landing_Page/dd_TaxType' 

2024-03-07 23:49:24 - [TEST_STEP][PASSED] - delay(1): Delayed 1 second(s)

2024-03-07 23:49:25 - [MESSAGE][PASSED] - Delayed 1 second(s)

2024-03-07 23:49:25 - [TEST_STEP][PASSED] - switch (Paymenttype): null

2024-03-07 23:49:25 - [TEST_STEP][PASSED] - case "New Tax Return Amount Due":: null

2024-03-07 23:49:25 - [TEST_STEP][PASSED] - selectOptionByLabel(findTestObject("Object Repository/RAD_Pages/Landing_Page/select_NewTaxReturnAmountDue_TaxType"), Taxtype, false): All options with label 'Bay Restoration Fee' are selected in object 'Object Repository/RAD_Pages/Landing_Page/select_NewTaxReturnAmountDue_TaxType' 

2024-03-07 23:49:26 - [MESSAGE][PASSED] - All options with label 'Bay Restoration Fee' are selected in object 'Object Repository/RAD_Pages/Landing_Page/select_NewTaxReturnAmountDue_TaxType' 

2024-03-07 23:49:26 - [TEST_STEP][PASSED] - break: null

2024-03-07 23:49:26 - [TEST_STEP][PASSED] - delay(1): Delayed 1 second(s)

2024-03-07 23:49:27 - [MESSAGE][PASSED] - Delayed 1 second(s)

2024-03-07 23:49:27 - [TEST_STEP][PASSED] - switch (Paymenttype): null

2024-03-07 23:49:27 - [TEST_STEP][PASSED] - case "New Tax Return Amount Due":: null

2024-03-07 23:49:27 - [TEST_STEP][PASSED] - setEncryptedText(findTestObject(orPath_TaxInfo + "/input_FederalEIN-2"), "RigbBhfdqOBDK95asqKeHw=="): Text ****** has been set on object 'Object Repository/RAD_Pages/TaxInfo_Page/input_FederalEIN-2'

2024-03-07 23:49:27 - [MESSAGE][PASSED] - Text ****** has been set on object 'Object Repository/RAD_Pages/TaxInfo_Page/input_FederalEIN-2'

2024-03-07 23:49:27 - [TEST_STEP][PASSED] - setEncryptedText(findTestObject(orPath_TaxInfo + "/input_FederalEIN_ReEnter-2"), ""): Text ****** has been set on object 'Object Repository/RAD_Pages/TaxInfo_Page/input_FederalEIN_ReEnter-2'

2024-03-07 23:49:28 - [MESSAGE][PASSED] - Text ****** has been set on object 'Object Repository/RAD_Pages/TaxInfo_Page/input_FederalEIN_ReEnter-2'

2024-03-07 23:49:28 - [TEST_STEP][PASSED] - break: null

2024-03-07 23:49:28 - [TEST_STEP][PASSED] - verifyTextPresent("Please enter a valid FEIN with 9 digits.", true): Text 'Please enter a valid FEIN with 9 digits.' is present on page  using regular expression

2024-03-07 23:49:28 - [MESSAGE][PASSED] - Text 'Please enter a valid FEIN with 9 digits.' is present on page  using regular expression

2024-03-07 23:49:29 - [TEST_STEP][PASSED] - if (verifyTextPresent("Please enter a valid FEIN with 9 digits.", true)): null

2024-03-07 23:49:29 - [MESSAGE][PASSED] - Text 'Please enter a valid FEIN with 9 digits.' is present on page  using regular expression

2024-03-07 23:49:29 - [TEST_STEP][PASSED] - println("Error Message is present on the page"): null

2024-03-07 23:49:29 - [TEST_STEP][PASSED] - out.println("Pass Record Number: " + row): null

2024-03-07 23:49:29 - [TEST_STEP][PASSED] - resText = "Pass": null

2024-03-07 23:49:29 - [TEST_STEP][PASSED] - pages.WriteExcel.demoKey(resText, datText, resColumn, datCloumn, fileLoc, nameSheet, row): pages.WriteExcel.demoKey is PASSED

2024-03-07 23:49:29 - [MESSAGE][PASSED] - pages.WriteExcel.demoKey is PASSED

2024-03-07 23:49:29 - [TEST_STEP][PASSED] - ExecuteTC = findTestData(dataFile).getValue("Execute", row): null

2024-03-07 23:49:29 - [TEST_STEP][PASSED] - Taxtype = findTestData(dataFile).getValue("TaxType", row): null

2024-03-07 23:49:29 - [TEST_STEP][PASSED] - Paymenttype = findTestData(dataFile).getValue("PaymentType", row): null

2024-03-07 23:49:29 - [TEST_STEP][PASSED] - out.println("Value of Execute is : " + ExecuteTC): null

2024-03-07 23:49:29 - [TEST_STEP][PASSED] - if (ExecuteTC.equalsIgnoreCase("Y")): null

2024-03-07 23:49:29 - [TEST_STEP][PASSED] - out.println("Begin Record Number: " + row): null

2024-03-07 23:49:29 - [TEST_STEP][PASSED] - today = new java.util.Date(): null

2024-03-07 23:49:29 - [TEST_STEP][PASSED] - println(today): null

2024-03-07 23:49:29 - [TEST_STEP][PASSED] - datText = today: null

2024-03-07 23:49:29 - [TEST_STEP][PASSED] - Taxtype = findTestData(dataFile).getValue("TaxType", row): null

2024-03-07 23:49:29 - [TEST_STEP][PASSED] - out.println("Taxtype value is : " + Taxtype): null

2024-03-07 23:49:29 - [TEST_STEP][PASSED] - openBrowser(""): Browser is opened with url: ''

2024-03-07 23:49:29 - [MESSAGE][WARNING] - A browser is already opened. Closing browser and opening a new one

2024-03-07 23:49:51 - [MESSAGE][INFO] - Starting 'Chrome' driver

2024-03-07 23:49:51 - [MESSAGE][INFO] - User set preference: ['acceptInsecureCerts', 'true']

2024-03-07 23:49:51 - [MESSAGE][INFO] - Action delay is set to 0 milliseconds

2024-03-07 23:49:53 - [MESSAGE][PASSED] - Browser is opened with url: ''

2024-03-07 23:49:53 - [TEST_STEP][PASSED] - maximizeWindow(): Current window maximized

2024-03-07 23:49:53 - [MESSAGE][PASSED] - Current window maximized

2024-03-07 23:49:53 - [TEST_STEP][PASSED] - navigateToUrl(RADurl): Navigate to 'https://qa2.velocitypayment.com/client/rad/index.html' successfully

2024-03-07 23:50:01 - [MESSAGE][PASSED] - Navigate to 'https://qa2.velocitypayment.com/client/rad/index.html' successfully

2024-03-07 23:50:01 - [TEST_STEP][PASSED] - orPath_Landing = "Object Repository/RAD_Pages/Landing_Page": null

2024-03-07 23:50:01 - [TEST_STEP][PASSED] - orPath_TaxTypeFilingYear = "Object Repository/RAD_Pages/TaxTypeFilingYear_Page": null

2024-03-07 23:50:01 - [TEST_STEP][PASSED] - orPath_TaxPayer = "Object Repository/RAD_Pages/Taxpayer_Page": null

2024-03-07 23:50:01 - [TEST_STEP][PASSED] - orPath_AddressContact = "Object Repository/RAD_Pages/AddressAndContactInfo_Page": null

2024-03-07 23:50:01 - [TEST_STEP][PASSED] - orPath_FilingStatus = "Object Repository/RAD_Pages/FilingStatus_Page": null

2024-03-07 23:50:01 - [TEST_STEP][PASSED] - orPath_Amount = "Object Repository/RAD_Pages/PaymentAmount_Page": null

2024-03-07 23:50:01 - [TEST_STEP][PASSED] - orPath_TaxInfo = "Object Repository/RAD_Pages/TaxInfo_Page": null

2024-03-07 23:50:01 - [TEST_STEP][PASSED] - orPath_Withholding = "Object Repository/RAD_Pages/Withholding_Page": null

2024-03-07 23:50:01 - [TEST_STEP][PASSED] - orPath_Summary = "Object Repository/RAD_Pages/Summary_Page": null

2024-03-07 23:50:01 - [TEST_STEP][PASSED] - orPath_PaymentReady = "Object Repository/RAD_Pages/PaymentReady_Page": null

2024-03-07 23:50:01 - [TEST_STEP][PASSED] - orPath_PaymentEntry = "Object Repository/RAD_Pages/PaymentEntry_Page": null

2024-03-07 23:50:01 - [TEST_STEP][PASSED] - orPath_PaymentConfirmation = "Object Repository/RAD_Pages/PaymentConfirmation_Page": null

2024-03-07 23:50:01 - [TEST_STEP][PASSED] - orPath_ServiceFeesAccept = "Object Repository/RAD_Pages/ServiceFeeAccept_Page": null

2024-03-07 23:50:01 - [TEST_STEP][PASSED] - selectOptionByLabel(findTestObject(orPath_Landing + "/dd_TaxType"), Paymenttype, false): All options with label 'New Tax Return Amount Due' are selected in object 'Object Repository/RAD_Pages/Landing_Page/dd_TaxType' 

2024-03-07 23:50:02 - [MESSAGE][PASSED] - All options with label 'New Tax Return Amount Due' are selected in object 'Object Repository/RAD_Pages/Landing_Page/dd_TaxType' 

2024-03-07 23:50:02 - [TEST_STEP][PASSED] - delay(1): Delayed 1 second(s)

2024-03-07 23:50:03 - [MESSAGE][PASSED] - Delayed 1 second(s)

2024-03-07 23:50:03 - [TEST_STEP][PASSED] - switch (Paymenttype): null

2024-03-07 23:50:03 - [TEST_STEP][PASSED] - case "New Tax Return Amount Due":: null

2024-03-07 23:50:03 - [TEST_STEP][PASSED] - selectOptionByLabel(findTestObject("Object Repository/RAD_Pages/Landing_Page/select_NewTaxReturnAmountDue_TaxType"), Taxtype, false): All options with label 'Corporate Income Tax' are selected in object 'Object Repository/RAD_Pages/Landing_Page/select_NewTaxReturnAmountDue_TaxType' 

2024-03-07 23:50:04 - [MESSAGE][PASSED] - All options with label 'Corporate Income Tax' are selected in object 'Object Repository/RAD_Pages/Landing_Page/select_NewTaxReturnAmountDue_TaxType' 

2024-03-07 23:50:04 - [TEST_STEP][PASSED] - break: null

2024-03-07 23:50:04 - [TEST_STEP][PASSED] - delay(1): Delayed 1 second(s)

2024-03-07 23:50:05 - [MESSAGE][PASSED] - Delayed 1 second(s)

2024-03-07 23:50:05 - [TEST_STEP][PASSED] - switch (Paymenttype): null

2024-03-07 23:50:05 - [TEST_STEP][PASSED] - case "New Tax Return Amount Due":: null

2024-03-07 23:50:05 - [TEST_STEP][PASSED] - setEncryptedText(findTestObject(orPath_TaxInfo + "/input_FederalEIN-2"), "RigbBhfdqOBDK95asqKeHw=="): Text ****** has been set on object 'Object Repository/RAD_Pages/TaxInfo_Page/input_FederalEIN-2'

2024-03-07 23:50:05 - [MESSAGE][PASSED] - Text ****** has been set on object 'Object Repository/RAD_Pages/TaxInfo_Page/input_FederalEIN-2'

2024-03-07 23:50:05 - [TEST_STEP][PASSED] - setEncryptedText(findTestObject(orPath_TaxInfo + "/input_FederalEIN_ReEnter-2"), ""): Text ****** has been set on object 'Object Repository/RAD_Pages/TaxInfo_Page/input_FederalEIN_ReEnter-2'

2024-03-07 23:50:06 - [MESSAGE][PASSED] - Text ****** has been set on object 'Object Repository/RAD_Pages/TaxInfo_Page/input_FederalEIN_ReEnter-2'

2024-03-07 23:50:06 - [TEST_STEP][PASSED] - break: null

2024-03-07 23:50:06 - [TEST_STEP][PASSED] - verifyTextPresent("Please enter a valid FEIN with 9 digits.", true): Text 'Please enter a valid FEIN with 9 digits.' is present on page  using regular expression

2024-03-07 23:50:07 - [MESSAGE][PASSED] - Text 'Please enter a valid FEIN with 9 digits.' is present on page  using regular expression

2024-03-07 23:50:07 - [TEST_STEP][PASSED] - if (verifyTextPresent("Please enter a valid FEIN with 9 digits.", true)): null

2024-03-07 23:50:07 - [MESSAGE][PASSED] - Text 'Please enter a valid FEIN with 9 digits.' is present on page  using regular expression

2024-03-07 23:50:07 - [TEST_STEP][PASSED] - println("Error Message is present on the page"): null

2024-03-07 23:50:07 - [TEST_STEP][PASSED] - out.println("Pass Record Number: " + row): null

2024-03-07 23:50:07 - [TEST_STEP][PASSED] - resText = "Pass": null

2024-03-07 23:50:07 - [TEST_STEP][PASSED] - pages.WriteExcel.demoKey(resText, datText, resColumn, datCloumn, fileLoc, nameSheet, row): pages.WriteExcel.demoKey is PASSED

2024-03-07 23:50:07 - [MESSAGE][PASSED] - pages.WriteExcel.demoKey is PASSED

2024-03-07 23:50:07 - [TEST_STEP][PASSED] - ExecuteTC = findTestData(dataFile).getValue("Execute", row): null

2024-03-07 23:50:07 - [TEST_STEP][PASSED] - Taxtype = findTestData(dataFile).getValue("TaxType", row): null

2024-03-07 23:50:07 - [TEST_STEP][PASSED] - Paymenttype = findTestData(dataFile).getValue("PaymentType", row): null

2024-03-07 23:50:07 - [TEST_STEP][PASSED] - out.println("Value of Execute is : " + ExecuteTC): null

2024-03-07 23:50:07 - [TEST_STEP][PASSED] - if (ExecuteTC.equalsIgnoreCase("Y")): null

2024-03-07 23:50:07 - [TEST_STEP][PASSED] - out.println("Begin Record Number: " + row): null

2024-03-07 23:50:07 - [TEST_STEP][PASSED] - today = new java.util.Date(): null

2024-03-07 23:50:07 - [TEST_STEP][PASSED] - println(today): null

2024-03-07 23:50:07 - [TEST_STEP][PASSED] - datText = today: null

2024-03-07 23:50:07 - [TEST_STEP][PASSED] - Taxtype = findTestData(dataFile).getValue("TaxType", row): null

2024-03-07 23:50:07 - [TEST_STEP][PASSED] - out.println("Taxtype value is : " + Taxtype): null

2024-03-07 23:50:07 - [TEST_STEP][PASSED] - openBrowser(""): Browser is opened with url: ''

2024-03-07 23:50:07 - [MESSAGE][WARNING] - A browser is already opened. Closing browser and opening a new one

2024-03-07 23:50:13 - [MESSAGE][INFO] - Starting 'Chrome' driver

2024-03-07 23:50:13 - [MESSAGE][INFO] - User set preference: ['acceptInsecureCerts', 'true']

2024-03-07 23:50:13 - [MESSAGE][INFO] - Action delay is set to 0 milliseconds

2024-03-07 23:50:15 - [MESSAGE][PASSED] - Browser is opened with url: ''

2024-03-07 23:50:15 - [TEST_STEP][PASSED] - maximizeWindow(): Current window maximized

2024-03-07 23:50:15 - [MESSAGE][PASSED] - Current window maximized

2024-03-07 23:50:15 - [TEST_STEP][PASSED] - navigateToUrl(RADurl): Navigate to 'https://qa2.velocitypayment.com/client/rad/index.html' successfully

2024-03-07 23:50:17 - [MESSAGE][PASSED] - Navigate to 'https://qa2.velocitypayment.com/client/rad/index.html' successfully

2024-03-07 23:50:17 - [TEST_STEP][PASSED] - orPath_Landing = "Object Repository/RAD_Pages/Landing_Page": null

2024-03-07 23:50:17 - [TEST_STEP][PASSED] - orPath_TaxTypeFilingYear = "Object Repository/RAD_Pages/TaxTypeFilingYear_Page": null

2024-03-07 23:50:17 - [TEST_STEP][PASSED] - orPath_TaxPayer = "Object Repository/RAD_Pages/Taxpayer_Page": null

2024-03-07 23:50:17 - [TEST_STEP][PASSED] - orPath_AddressContact = "Object Repository/RAD_Pages/AddressAndContactInfo_Page": null

2024-03-07 23:50:17 - [TEST_STEP][PASSED] - orPath_FilingStatus = "Object Repository/RAD_Pages/FilingStatus_Page": null

2024-03-07 23:50:17 - [TEST_STEP][PASSED] - orPath_Amount = "Object Repository/RAD_Pages/PaymentAmount_Page": null

2024-03-07 23:50:17 - [TEST_STEP][PASSED] - orPath_TaxInfo = "Object Repository/RAD_Pages/TaxInfo_Page": null

2024-03-07 23:50:17 - [TEST_STEP][PASSED] - orPath_Withholding = "Object Repository/RAD_Pages/Withholding_Page": null

2024-03-07 23:50:17 - [TEST_STEP][PASSED] - orPath_Summary = "Object Repository/RAD_Pages/Summary_Page": null

2024-03-07 23:50:17 - [TEST_STEP][PASSED] - orPath_PaymentReady = "Object Repository/RAD_Pages/PaymentReady_Page": null

2024-03-07 23:50:17 - [TEST_STEP][PASSED] - orPath_PaymentEntry = "Object Repository/RAD_Pages/PaymentEntry_Page": null

2024-03-07 23:50:17 - [TEST_STEP][PASSED] - orPath_PaymentConfirmation = "Object Repository/RAD_Pages/PaymentConfirmation_Page": null

2024-03-07 23:50:17 - [TEST_STEP][PASSED] - orPath_ServiceFeesAccept = "Object Repository/RAD_Pages/ServiceFeeAccept_Page": null

2024-03-07 23:50:17 - [TEST_STEP][PASSED] - selectOptionByLabel(findTestObject(orPath_Landing + "/dd_TaxType"), Paymenttype, false): All options with label 'New Tax Return Amount Due' are selected in object 'Object Repository/RAD_Pages/Landing_Page/dd_TaxType' 

2024-03-07 23:50:18 - [MESSAGE][PASSED] - All options with label 'New Tax Return Amount Due' are selected in object 'Object Repository/RAD_Pages/Landing_Page/dd_TaxType' 

2024-03-07 23:50:18 - [TEST_STEP][PASSED] - delay(1): Delayed 1 second(s)

2024-03-07 23:50:19 - [MESSAGE][PASSED] - Delayed 1 second(s)

2024-03-07 23:50:19 - [TEST_STEP][PASSED] - switch (Paymenttype): null

2024-03-07 23:50:19 - [TEST_STEP][PASSED] - case "New Tax Return Amount Due":: null

2024-03-07 23:50:19 - [TEST_STEP][PASSED] - selectOptionByLabel(findTestObject("Object Repository/RAD_Pages/Landing_Page/select_NewTaxReturnAmountDue_TaxType"), Taxtype, false): All options with label 'Motor Fuel Tax' are selected in object 'Object Repository/RAD_Pages/Landing_Page/select_NewTaxReturnAmountDue_TaxType' 

2024-03-07 23:50:19 - [MESSAGE][PASSED] - All options with label 'Motor Fuel Tax' are selected in object 'Object Repository/RAD_Pages/Landing_Page/select_NewTaxReturnAmountDue_TaxType' 

2024-03-07 23:50:19 - [TEST_STEP][PASSED] - break: null

2024-03-07 23:50:19 - [TEST_STEP][PASSED] - delay(1): Delayed 1 second(s)

2024-03-07 23:50:20 - [MESSAGE][PASSED] - Delayed 1 second(s)

2024-03-07 23:50:20 - [TEST_STEP][PASSED] - switch (Paymenttype): null

2024-03-07 23:50:20 - [TEST_STEP][PASSED] - case "New Tax Return Amount Due":: null

2024-03-07 23:50:20 - [TEST_STEP][PASSED] - setEncryptedText(findTestObject(orPath_TaxInfo + "/input_FederalEIN-2"), "RigbBhfdqOBDK95asqKeHw=="): Text ****** has been set on object 'Object Repository/RAD_Pages/TaxInfo_Page/input_FederalEIN-2'

2024-03-07 23:50:21 - [MESSAGE][PASSED] - Text ****** has been set on object 'Object Repository/RAD_Pages/TaxInfo_Page/input_FederalEIN-2'

2024-03-07 23:50:21 - [TEST_STEP][PASSED] - setEncryptedText(findTestObject(orPath_TaxInfo + "/input_FederalEIN_ReEnter-2"), ""): Text ****** has been set on object 'Object Repository/RAD_Pages/TaxInfo_Page/input_FederalEIN_ReEnter-2'

2024-03-07 23:50:21 - [MESSAGE][PASSED] - Text ****** has been set on object 'Object Repository/RAD_Pages/TaxInfo_Page/input_FederalEIN_ReEnter-2'

2024-03-07 23:50:21 - [TEST_STEP][PASSED] - break: null

2024-03-07 23:50:21 - [TEST_STEP][PASSED] - verifyTextPresent("Please enter a valid FEIN with 9 digits.", true): Text 'Please enter a valid FEIN with 9 digits.' is present on page  using regular expression

2024-03-07 23:50:22 - [MESSAGE][PASSED] - Text 'Please enter a valid FEIN with 9 digits.' is present on page  using regular expression

2024-03-07 23:50:22 - [TEST_STEP][PASSED] - if (verifyTextPresent("Please enter a valid FEIN with 9 digits.", true)): null

2024-03-07 23:50:22 - [MESSAGE][PASSED] - Text 'Please enter a valid FEIN with 9 digits.' is present on page  using regular expression

2024-03-07 23:50:22 - [TEST_STEP][PASSED] - println("Error Message is present on the page"): null

2024-03-07 23:50:22 - [TEST_STEP][PASSED] - out.println("Pass Record Number: " + row): null

2024-03-07 23:50:22 - [TEST_STEP][PASSED] - resText = "Pass": null

2024-03-07 23:50:22 - [TEST_STEP][PASSED] - pages.WriteExcel.demoKey(resText, datText, resColumn, datCloumn, fileLoc, nameSheet, row): pages.WriteExcel.demoKey is PASSED

2024-03-07 23:50:22 - [MESSAGE][PASSED] - pages.WriteExcel.demoKey is PASSED

2024-03-07 23:50:22 - [TEST_STEP][PASSED] - ExecuteTC = findTestData(dataFile).getValue("Execute", row): null

2024-03-07 23:50:22 - [TEST_STEP][PASSED] - Taxtype = findTestData(dataFile).getValue("TaxType", row): null

2024-03-07 23:50:23 - [TEST_STEP][PASSED] - Paymenttype = findTestData(dataFile).getValue("PaymentType", row): null

2024-03-07 23:50:23 - [TEST_STEP][PASSED] - out.println("Value of Execute is : " + ExecuteTC): null

2024-03-07 23:50:23 - [TEST_STEP][PASSED] - if (ExecuteTC.equalsIgnoreCase("Y")): null

2024-03-07 23:50:23 - [TEST_STEP][PASSED] - out.println("Begin Record Number: " + row): null

2024-03-07 23:50:23 - [TEST_STEP][PASSED] - today = new java.util.Date(): null

2024-03-07 23:50:23 - [TEST_STEP][PASSED] - println(today): null

2024-03-07 23:50:23 - [TEST_STEP][PASSED] - datText = today: null

2024-03-07 23:50:23 - [TEST_STEP][PASSED] - Taxtype = findTestData(dataFile).getValue("TaxType", row): null

2024-03-07 23:50:23 - [TEST_STEP][PASSED] - out.println("Taxtype value is : " + Taxtype): null

2024-03-07 23:50:23 - [TEST_STEP][PASSED] - openBrowser(""): Browser is opened with url: ''

2024-03-07 23:50:23 - [MESSAGE][WARNING] - A browser is already opened. Closing browser and opening a new one

2024-03-07 23:50:39 - [MESSAGE][INFO] - Starting 'Chrome' driver

2024-03-07 23:50:39 - [MESSAGE][INFO] - User set preference: ['acceptInsecureCerts', 'true']

2024-03-07 23:50:39 - [MESSAGE][INFO] - Action delay is set to 0 milliseconds

2024-03-07 23:50:40 - [MESSAGE][PASSED] - Browser is opened with url: ''

2024-03-07 23:50:40 - [TEST_STEP][PASSED] - maximizeWindow(): Current window maximized

2024-03-07 23:50:40 - [MESSAGE][PASSED] - Current window maximized

2024-03-07 23:50:40 - [TEST_STEP][PASSED] - navigateToUrl(RADurl): Navigate to 'https://qa2.velocitypayment.com/client/rad/index.html' successfully

2024-03-07 23:50:42 - [MESSAGE][PASSED] - Navigate to 'https://qa2.velocitypayment.com/client/rad/index.html' successfully

2024-03-07 23:50:42 - [TEST_STEP][PASSED] - orPath_Landing = "Object Repository/RAD_Pages/Landing_Page": null

2024-03-07 23:50:42 - [TEST_STEP][PASSED] - orPath_TaxTypeFilingYear = "Object Repository/RAD_Pages/TaxTypeFilingYear_Page": null

2024-03-07 23:50:42 - [TEST_STEP][PASSED] - orPath_TaxPayer = "Object Repository/RAD_Pages/Taxpayer_Page": null

2024-03-07 23:50:42 - [TEST_STEP][PASSED] - orPath_AddressContact = "Object Repository/RAD_Pages/AddressAndContactInfo_Page": null

2024-03-07 23:50:42 - [TEST_STEP][PASSED] - orPath_FilingStatus = "Object Repository/RAD_Pages/FilingStatus_Page": null

2024-03-07 23:50:42 - [TEST_STEP][PASSED] - orPath_Amount = "Object Repository/RAD_Pages/PaymentAmount_Page": null

2024-03-07 23:50:42 - [TEST_STEP][PASSED] - orPath_TaxInfo = "Object Repository/RAD_Pages/TaxInfo_Page": null

2024-03-07 23:50:42 - [TEST_STEP][PASSED] - orPath_Withholding = "Object Repository/RAD_Pages/Withholding_Page": null

2024-03-07 23:50:42 - [TEST_STEP][PASSED] - orPath_Summary = "Object Repository/RAD_Pages/Summary_Page": null

2024-03-07 23:50:42 - [TEST_STEP][PASSED] - orPath_PaymentReady = "Object Repository/RAD_Pages/PaymentReady_Page": null

2024-03-07 23:50:42 - [TEST_STEP][PASSED] - orPath_PaymentEntry = "Object Repository/RAD_Pages/PaymentEntry_Page": null

2024-03-07 23:50:42 - [TEST_STEP][PASSED] - orPath_PaymentConfirmation = "Object Repository/RAD_Pages/PaymentConfirmation_Page": null

2024-03-07 23:50:42 - [TEST_STEP][PASSED] - orPath_ServiceFeesAccept = "Object Repository/RAD_Pages/ServiceFeeAccept_Page": null

2024-03-07 23:50:42 - [TEST_STEP][PASSED] - selectOptionByLabel(findTestObject(orPath_Landing + "/dd_TaxType"), Paymenttype, false): All options with label 'New Tax Return Amount Due' are selected in object 'Object Repository/RAD_Pages/Landing_Page/dd_TaxType' 

2024-03-07 23:50:43 - [MESSAGE][PASSED] - All options with label 'New Tax Return Amount Due' are selected in object 'Object Repository/RAD_Pages/Landing_Page/dd_TaxType' 

2024-03-07 23:50:43 - [TEST_STEP][PASSED] - delay(1): Delayed 1 second(s)

2024-03-07 23:50:44 - [MESSAGE][PASSED] - Delayed 1 second(s)

2024-03-07 23:50:44 - [TEST_STEP][PASSED] - switch (Paymenttype): null

2024-03-07 23:50:44 - [TEST_STEP][PASSED] - case "New Tax Return Amount Due":: null

2024-03-07 23:50:44 - [TEST_STEP][PASSED] - selectOptionByLabel(findTestObject("Object Repository/RAD_Pages/Landing_Page/select_NewTaxReturnAmountDue_TaxType"), Taxtype, false): All options with label 'Sales and Use Tax' are selected in object 'Object Repository/RAD_Pages/Landing_Page/select_NewTaxReturnAmountDue_TaxType' 

2024-03-07 23:50:44 - [MESSAGE][PASSED] - All options with label 'Sales and Use Tax' are selected in object 'Object Repository/RAD_Pages/Landing_Page/select_NewTaxReturnAmountDue_TaxType' 

2024-03-07 23:50:44 - [TEST_STEP][PASSED] - break: null

2024-03-07 23:50:44 - [TEST_STEP][PASSED] - delay(1): Delayed 1 second(s)

2024-03-07 23:50:45 - [MESSAGE][PASSED] - Delayed 1 second(s)

2024-03-07 23:50:45 - [TEST_STEP][PASSED] - switch (Paymenttype): null

2024-03-07 23:50:45 - [TEST_STEP][PASSED] - case "New Tax Return Amount Due":: null

2024-03-07 23:50:45 - [TEST_STEP][PASSED] - setEncryptedText(findTestObject(orPath_TaxInfo + "/input_FederalEIN-2"), "RigbBhfdqOBDK95asqKeHw=="): Text ****** has been set on object 'Object Repository/RAD_Pages/TaxInfo_Page/input_FederalEIN-2'

2024-03-07 23:50:46 - [MESSAGE][PASSED] - Text ****** has been set on object 'Object Repository/RAD_Pages/TaxInfo_Page/input_FederalEIN-2'

2024-03-07 23:50:46 - [TEST_STEP][PASSED] - setEncryptedText(findTestObject(orPath_TaxInfo + "/input_FederalEIN_ReEnter-2"), ""): Text ****** has been set on object 'Object Repository/RAD_Pages/TaxInfo_Page/input_FederalEIN_ReEnter-2'

2024-03-07 23:50:46 - [MESSAGE][PASSED] - Text ****** has been set on object 'Object Repository/RAD_Pages/TaxInfo_Page/input_FederalEIN_ReEnter-2'

2024-03-07 23:50:46 - [TEST_STEP][PASSED] - break: null

2024-03-07 23:50:46 - [TEST_STEP][PASSED] - verifyTextPresent("Please enter a valid FEIN with 9 digits.", true): Text 'Please enter a valid FEIN with 9 digits.' is present on page  using regular expression

2024-03-07 23:50:47 - [MESSAGE][PASSED] - Text 'Please enter a valid FEIN with 9 digits.' is present on page  using regular expression

2024-03-07 23:50:47 - [TEST_STEP][PASSED] - if (verifyTextPresent("Please enter a valid FEIN with 9 digits.", true)): null

2024-03-07 23:50:47 - [MESSAGE][PASSED] - Text 'Please enter a valid FEIN with 9 digits.' is present on page  using regular expression

2024-03-07 23:50:47 - [TEST_STEP][PASSED] - println("Error Message is present on the page"): null

2024-03-07 23:50:47 - [TEST_STEP][PASSED] - out.println("Pass Record Number: " + row): null

2024-03-07 23:50:47 - [TEST_STEP][PASSED] - resText = "Pass": null

2024-03-07 23:50:47 - [TEST_STEP][PASSED] - pages.WriteExcel.demoKey(resText, datText, resColumn, datCloumn, fileLoc, nameSheet, row): pages.WriteExcel.demoKey is PASSED

2024-03-07 23:50:48 - [MESSAGE][PASSED] - pages.WriteExcel.demoKey is PASSED

2024-03-07 23:50:48 - [TEST_STEP][PASSED] - ExecuteTC = findTestData(dataFile).getValue("Execute", row): null

2024-03-07 23:50:48 - [TEST_STEP][PASSED] - Taxtype = findTestData(dataFile).getValue("TaxType", row): null

2024-03-07 23:50:48 - [TEST_STEP][PASSED] - Paymenttype = findTestData(dataFile).getValue("PaymentType", row): null

2024-03-07 23:50:48 - [TEST_STEP][PASSED] - out.println("Value of Execute is : " + ExecuteTC): null

2024-03-07 23:50:48 - [TEST_STEP][PASSED] - if (ExecuteTC.equalsIgnoreCase("Y")): null

2024-03-07 23:50:48 - [TEST_STEP][PASSED] - out.println("Begin Record Number: " + row): null

2024-03-07 23:50:48 - [TEST_STEP][PASSED] - today = new java.util.Date(): null

2024-03-07 23:50:48 - [TEST_STEP][PASSED] - println(today): null

2024-03-07 23:50:48 - [TEST_STEP][PASSED] - datText = today: null

2024-03-07 23:50:48 - [TEST_STEP][PASSED] - Taxtype = findTestData(dataFile).getValue("TaxType", row): null

2024-03-07 23:50:48 - [TEST_STEP][PASSED] - out.println("Taxtype value is : " + Taxtype): null

2024-03-07 23:50:48 - [TEST_STEP][PASSED] - openBrowser(""): Browser is opened with url: ''

2024-03-07 23:50:48 - [MESSAGE][WARNING] - A browser is already opened. Closing browser and opening a new one

2024-03-07 23:51:15 - [MESSAGE][INFO] - Starting 'Chrome' driver

2024-03-07 23:51:15 - [MESSAGE][INFO] - User set preference: ['acceptInsecureCerts', 'true']

2024-03-07 23:51:15 - [MESSAGE][INFO] - Action delay is set to 0 milliseconds

2024-03-07 23:51:17 - [MESSAGE][PASSED] - Browser is opened with url: ''

2024-03-07 23:51:17 - [TEST_STEP][PASSED] - maximizeWindow(): Current window maximized

2024-03-07 23:51:17 - [MESSAGE][PASSED] - Current window maximized

2024-03-07 23:51:17 - [TEST_STEP][PASSED] - navigateToUrl(RADurl): Navigate to 'https://qa2.velocitypayment.com/client/rad/index.html' successfully

2024-03-07 23:51:25 - [MESSAGE][PASSED] - Navigate to 'https://qa2.velocitypayment.com/client/rad/index.html' successfully

2024-03-07 23:51:25 - [TEST_STEP][PASSED] - orPath_Landing = "Object Repository/RAD_Pages/Landing_Page": null

2024-03-07 23:51:25 - [TEST_STEP][PASSED] - orPath_TaxTypeFilingYear = "Object Repository/RAD_Pages/TaxTypeFilingYear_Page": null

2024-03-07 23:51:25 - [TEST_STEP][PASSED] - orPath_TaxPayer = "Object Repository/RAD_Pages/Taxpayer_Page": null

2024-03-07 23:51:25 - [TEST_STEP][PASSED] - orPath_AddressContact = "Object Repository/RAD_Pages/AddressAndContactInfo_Page": null

2024-03-07 23:51:25 - [TEST_STEP][PASSED] - orPath_FilingStatus = "Object Repository/RAD_Pages/FilingStatus_Page": null

2024-03-07 23:51:25 - [TEST_STEP][PASSED] - orPath_Amount = "Object Repository/RAD_Pages/PaymentAmount_Page": null

2024-03-07 23:51:25 - [TEST_STEP][PASSED] - orPath_TaxInfo = "Object Repository/RAD_Pages/TaxInfo_Page": null

2024-03-07 23:51:25 - [TEST_STEP][PASSED] - orPath_Withholding = "Object Repository/RAD_Pages/Withholding_Page": null

2024-03-07 23:51:25 - [TEST_STEP][PASSED] - orPath_Summary = "Object Repository/RAD_Pages/Summary_Page": null

2024-03-07 23:51:25 - [TEST_STEP][PASSED] - orPath_PaymentReady = "Object Repository/RAD_Pages/PaymentReady_Page": null

2024-03-07 23:51:25 - [TEST_STEP][PASSED] - orPath_PaymentEntry = "Object Repository/RAD_Pages/PaymentEntry_Page": null

2024-03-07 23:51:25 - [TEST_STEP][PASSED] - orPath_PaymentConfirmation = "Object Repository/RAD_Pages/PaymentConfirmation_Page": null

2024-03-07 23:51:25 - [TEST_STEP][PASSED] - orPath_ServiceFeesAccept = "Object Repository/RAD_Pages/ServiceFeeAccept_Page": null

2024-03-07 23:51:25 - [TEST_STEP][PASSED] - selectOptionByLabel(findTestObject(orPath_Landing + "/dd_TaxType"), Paymenttype, false): All options with label 'New Tax Return Amount Due' are selected in object 'Object Repository/RAD_Pages/Landing_Page/dd_TaxType' 

2024-03-07 23:51:25 - [MESSAGE][PASSED] - All options with label 'New Tax Return Amount Due' are selected in object 'Object Repository/RAD_Pages/Landing_Page/dd_TaxType' 

2024-03-07 23:51:25 - [TEST_STEP][PASSED] - delay(1): Delayed 1 second(s)

2024-03-07 23:51:26 - [MESSAGE][PASSED] - Delayed 1 second(s)

2024-03-07 23:51:26 - [TEST_STEP][PASSED] - switch (Paymenttype): null

2024-03-07 23:51:26 - [TEST_STEP][PASSED] - case "New Tax Return Amount Due":: null

2024-03-07 23:51:26 - [TEST_STEP][PASSED] - selectOptionByLabel(findTestObject("Object Repository/RAD_Pages/Landing_Page/select_NewTaxReturnAmountDue_TaxType"), Taxtype, false): All options with label 'Slots License Fee' are selected in object 'Object Repository/RAD_Pages/Landing_Page/select_NewTaxReturnAmountDue_TaxType' 

2024-03-07 23:51:27 - [MESSAGE][PASSED] - All options with label 'Slots License Fee' are selected in object 'Object Repository/RAD_Pages/Landing_Page/select_NewTaxReturnAmountDue_TaxType' 

2024-03-07 23:51:27 - [TEST_STEP][PASSED] - break: null

2024-03-07 23:51:27 - [TEST_STEP][PASSED] - delay(1): Delayed 1 second(s)

2024-03-07 23:51:28 - [MESSAGE][PASSED] - Delayed 1 second(s)

2024-03-07 23:51:28 - [TEST_STEP][PASSED] - switch (Paymenttype): null

2024-03-07 23:51:28 - [TEST_STEP][PASSED] - case "New Tax Return Amount Due":: null

2024-03-07 23:51:28 - [TEST_STEP][PASSED] - setEncryptedText(findTestObject(orPath_TaxInfo + "/input_FederalEIN-2"), "RigbBhfdqOBDK95asqKeHw=="): Text ****** has been set on object 'Object Repository/RAD_Pages/TaxInfo_Page/input_FederalEIN-2'

2024-03-07 23:51:29 - [MESSAGE][PASSED] - Text ****** has been set on object 'Object Repository/RAD_Pages/TaxInfo_Page/input_FederalEIN-2'

2024-03-07 23:51:29 - [TEST_STEP][PASSED] - setEncryptedText(findTestObject(orPath_TaxInfo + "/input_FederalEIN_ReEnter-2"), ""): Text ****** has been set on object 'Object Repository/RAD_Pages/TaxInfo_Page/input_FederalEIN_ReEnter-2'

2024-03-07 23:51:29 - [MESSAGE][PASSED] - Text ****** has been set on object 'Object Repository/RAD_Pages/TaxInfo_Page/input_FederalEIN_ReEnter-2'

2024-03-07 23:51:29 - [TEST_STEP][PASSED] - break: null

2024-03-07 23:51:29 - [TEST_STEP][PASSED] - verifyTextPresent("Please enter a valid FEIN with 9 digits.", true): Text 'Please enter a valid FEIN with 9 digits.' is present on page  using regular expression

2024-03-07 23:51:30 - [MESSAGE][PASSED] - Text 'Please enter a valid FEIN with 9 digits.' is present on page  using regular expression

2024-03-07 23:51:30 - [TEST_STEP][PASSED] - if (verifyTextPresent("Please enter a valid FEIN with 9 digits.", true)): null

2024-03-07 23:51:30 - [MESSAGE][PASSED] - Text 'Please enter a valid FEIN with 9 digits.' is present on page  using regular expression

2024-03-07 23:51:30 - [TEST_STEP][PASSED] - println("Error Message is present on the page"): null

2024-03-07 23:51:30 - [TEST_STEP][PASSED] - out.println("Pass Record Number: " + row): null

2024-03-07 23:51:30 - [TEST_STEP][PASSED] - resText = "Pass": null

2024-03-07 23:51:30 - [TEST_STEP][PASSED] - pages.WriteExcel.demoKey(resText, datText, resColumn, datCloumn, fileLoc, nameSheet, row): pages.WriteExcel.demoKey is PASSED

2024-03-07 23:51:30 - [MESSAGE][PASSED] - pages.WriteExcel.demoKey is PASSED

2024-03-07 23:51:30 - [TEST_STEP][PASSED] - ExecuteTC = findTestData(dataFile).getValue("Execute", row): null

2024-03-07 23:51:30 - [TEST_STEP][PASSED] - Taxtype = findTestData(dataFile).getValue("TaxType", row): null

2024-03-07 23:51:30 - [TEST_STEP][PASSED] - Paymenttype = findTestData(dataFile).getValue("PaymentType", row): null

2024-03-07 23:51:30 - [TEST_STEP][PASSED] - out.println("Value of Execute is : " + ExecuteTC): null

2024-03-07 23:51:30 - [TEST_STEP][PASSED] - if (ExecuteTC.equalsIgnoreCase("Y")): null

2024-03-07 23:51:30 - [TEST_STEP][PASSED] - out.println("Begin Record Number: " + row): null

2024-03-07 23:51:30 - [TEST_STEP][PASSED] - today = new java.util.Date(): null

2024-03-07 23:51:30 - [TEST_STEP][PASSED] - println(today): null

2024-03-07 23:51:30 - [TEST_STEP][PASSED] - datText = today: null

2024-03-07 23:51:30 - [TEST_STEP][PASSED] - Taxtype = findTestData(dataFile).getValue("TaxType", row): null

2024-03-07 23:51:30 - [TEST_STEP][PASSED] - out.println("Taxtype value is : " + Taxtype): null

2024-03-07 23:51:30 - [TEST_STEP][PASSED] - openBrowser(""): Browser is opened with url: ''

2024-03-07 23:51:30 - [MESSAGE][WARNING] - A browser is already opened. Closing browser and opening a new one

2024-03-07 23:52:03 - [MESSAGE][INFO] - Starting 'Chrome' driver

2024-03-07 23:52:03 - [MESSAGE][INFO] - User set preference: ['acceptInsecureCerts', 'true']

2024-03-07 23:52:03 - [MESSAGE][INFO] - Action delay is set to 0 milliseconds

2024-03-07 23:52:04 - [MESSAGE][PASSED] - Browser is opened with url: ''

2024-03-07 23:52:04 - [TEST_STEP][PASSED] - maximizeWindow(): Current window maximized

2024-03-07 23:52:04 - [MESSAGE][PASSED] - Current window maximized

2024-03-07 23:52:04 - [TEST_STEP][PASSED] - navigateToUrl(RADurl): Navigate to 'https://qa2.velocitypayment.com/client/rad/index.html' successfully

2024-03-07 23:52:16 - [MESSAGE][PASSED] - Navigate to 'https://qa2.velocitypayment.com/client/rad/index.html' successfully

2024-03-07 23:52:16 - [TEST_STEP][PASSED] - orPath_Landing = "Object Repository/RAD_Pages/Landing_Page": null

2024-03-07 23:52:16 - [TEST_STEP][PASSED] - orPath_TaxTypeFilingYear = "Object Repository/RAD_Pages/TaxTypeFilingYear_Page": null

2024-03-07 23:52:16 - [TEST_STEP][PASSED] - orPath_TaxPayer = "Object Repository/RAD_Pages/Taxpayer_Page": null

2024-03-07 23:52:16 - [TEST_STEP][PASSED] - orPath_AddressContact = "Object Repository/RAD_Pages/AddressAndContactInfo_Page": null

2024-03-07 23:52:16 - [TEST_STEP][PASSED] - orPath_FilingStatus = "Object Repository/RAD_Pages/FilingStatus_Page": null

2024-03-07 23:52:16 - [TEST_STEP][PASSED] - orPath_Amount = "Object Repository/RAD_Pages/PaymentAmount_Page": null

2024-03-07 23:52:16 - [TEST_STEP][PASSED] - orPath_TaxInfo = "Object Repository/RAD_Pages/TaxInfo_Page": null

2024-03-07 23:52:16 - [TEST_STEP][PASSED] - orPath_Withholding = "Object Repository/RAD_Pages/Withholding_Page": null

2024-03-07 23:52:16 - [TEST_STEP][PASSED] - orPath_Summary = "Object Repository/RAD_Pages/Summary_Page": null

2024-03-07 23:52:16 - [TEST_STEP][PASSED] - orPath_PaymentReady = "Object Repository/RAD_Pages/PaymentReady_Page": null

2024-03-07 23:52:16 - [TEST_STEP][PASSED] - orPath_PaymentEntry = "Object Repository/RAD_Pages/PaymentEntry_Page": null

2024-03-07 23:52:16 - [TEST_STEP][PASSED] - orPath_PaymentConfirmation = "Object Repository/RAD_Pages/PaymentConfirmation_Page": null

2024-03-07 23:52:16 - [TEST_STEP][PASSED] - orPath_ServiceFeesAccept = "Object Repository/RAD_Pages/ServiceFeeAccept_Page": null

2024-03-07 23:52:16 - [TEST_STEP][PASSED] - selectOptionByLabel(findTestObject(orPath_Landing + "/dd_TaxType"), Paymenttype, false): All options with label 'New Tax Return Amount Due' are selected in object 'Object Repository/RAD_Pages/Landing_Page/dd_TaxType' 

2024-03-07 23:52:16 - [MESSAGE][PASSED] - All options with label 'New Tax Return Amount Due' are selected in object 'Object Repository/RAD_Pages/Landing_Page/dd_TaxType' 

2024-03-07 23:52:16 - [TEST_STEP][PASSED] - delay(1): Delayed 1 second(s)

2024-03-07 23:52:17 - [MESSAGE][PASSED] - Delayed 1 second(s)

2024-03-07 23:52:17 - [TEST_STEP][PASSED] - switch (Paymenttype): null

2024-03-07 23:52:17 - [TEST_STEP][PASSED] - case "New Tax Return Amount Due":: null

2024-03-07 23:52:17 - [TEST_STEP][PASSED] - selectOptionByLabel(findTestObject("Object Repository/RAD_Pages/Landing_Page/select_NewTaxReturnAmountDue_TaxType"), Taxtype, false): All options with label 'Tire Recycling Fee' are selected in object 'Object Repository/RAD_Pages/Landing_Page/select_NewTaxReturnAmountDue_TaxType' 

2024-03-07 23:52:18 - [MESSAGE][PASSED] - All options with label 'Tire Recycling Fee' are selected in object 'Object Repository/RAD_Pages/Landing_Page/select_NewTaxReturnAmountDue_TaxType' 

2024-03-07 23:52:18 - [TEST_STEP][PASSED] - break: null

2024-03-07 23:52:18 - [TEST_STEP][PASSED] - delay(1): Delayed 1 second(s)

2024-03-07 23:52:19 - [MESSAGE][PASSED] - Delayed 1 second(s)

2024-03-07 23:52:19 - [TEST_STEP][PASSED] - switch (Paymenttype): null

2024-03-07 23:52:19 - [TEST_STEP][PASSED] - case "New Tax Return Amount Due":: null

2024-03-07 23:52:19 - [TEST_STEP][PASSED] - setEncryptedText(findTestObject(orPath_TaxInfo + "/input_FederalEIN-2"), "RigbBhfdqOBDK95asqKeHw=="): Text ****** has been set on object 'Object Repository/RAD_Pages/TaxInfo_Page/input_FederalEIN-2'

2024-03-07 23:52:19 - [MESSAGE][PASSED] - Text ****** has been set on object 'Object Repository/RAD_Pages/TaxInfo_Page/input_FederalEIN-2'

2024-03-07 23:52:19 - [TEST_STEP][PASSED] - setEncryptedText(findTestObject(orPath_TaxInfo + "/input_FederalEIN_ReEnter-2"), ""): Text ****** has been set on object 'Object Repository/RAD_Pages/TaxInfo_Page/input_FederalEIN_ReEnter-2'

2024-03-07 23:52:20 - [MESSAGE][PASSED] - Text ****** has been set on object 'Object Repository/RAD_Pages/TaxInfo_Page/input_FederalEIN_ReEnter-2'

2024-03-07 23:52:20 - [TEST_STEP][PASSED] - break: null

2024-03-07 23:52:20 - [TEST_STEP][PASSED] - verifyTextPresent("Please enter a valid FEIN with 9 digits.", true): Text 'Please enter a valid FEIN with 9 digits.' is present on page  using regular expression

2024-03-07 23:52:21 - [MESSAGE][PASSED] - Text 'Please enter a valid FEIN with 9 digits.' is present on page  using regular expression

2024-03-07 23:52:21 - [TEST_STEP][PASSED] - if (verifyTextPresent("Please enter a valid FEIN with 9 digits.", true)): null

2024-03-07 23:52:21 - [MESSAGE][PASSED] - Text 'Please enter a valid FEIN with 9 digits.' is present on page  using regular expression

2024-03-07 23:52:21 - [TEST_STEP][PASSED] - println("Error Message is present on the page"): null

2024-03-07 23:52:21 - [TEST_STEP][PASSED] - out.println("Pass Record Number: " + row): null

2024-03-07 23:52:21 - [TEST_STEP][PASSED] - resText = "Pass": null

2024-03-07 23:52:21 - [TEST_STEP][PASSED] - pages.WriteExcel.demoKey(resText, datText, resColumn, datCloumn, fileLoc, nameSheet, row): pages.WriteExcel.demoKey is PASSED

2024-03-07 23:52:21 - [MESSAGE][PASSED] - pages.WriteExcel.demoKey is PASSED

2024-03-07 23:52:21 - [TEST_STEP][PASSED] - ExecuteTC = findTestData(dataFile).getValue("Execute", row): null

2024-03-07 23:52:21 - [TEST_STEP][PASSED] - Taxtype = findTestData(dataFile).getValue("TaxType", row): null

2024-03-07 23:52:21 - [TEST_STEP][PASSED] - Paymenttype = findTestData(dataFile).getValue("PaymentType", row): null

2024-03-07 23:52:21 - [TEST_STEP][PASSED] - out.println("Value of Execute is : " + ExecuteTC): null

2024-03-07 23:52:21 - [TEST_STEP][PASSED] - if (ExecuteTC.equalsIgnoreCase("Y")): null

2024-03-07 23:52:21 - [TEST_STEP][PASSED] - out.println("Begin Record Number: " + row): null

2024-03-07 23:52:21 - [TEST_STEP][PASSED] - today = new java.util.Date(): null

2024-03-07 23:52:21 - [TEST_STEP][PASSED] - println(today): null

2024-03-07 23:52:21 - [TEST_STEP][PASSED] - datText = today: null

2024-03-07 23:52:21 - [TEST_STEP][PASSED] - Taxtype = findTestData(dataFile).getValue("TaxType", row): null

2024-03-07 23:52:21 - [TEST_STEP][PASSED] - out.println("Taxtype value is : " + Taxtype): null

2024-03-07 23:52:21 - [TEST_STEP][PASSED] - openBrowser(""): Browser is opened with url: ''

2024-03-07 23:52:21 - [MESSAGE][WARNING] - A browser is already opened. Closing browser and opening a new one

2024-03-07 23:52:35 - [MESSAGE][INFO] - Starting 'Chrome' driver

2024-03-07 23:52:35 - [MESSAGE][INFO] - User set preference: ['acceptInsecureCerts', 'true']

2024-03-07 23:52:35 - [MESSAGE][INFO] - Action delay is set to 0 milliseconds

2024-03-07 23:52:36 - [MESSAGE][PASSED] - Browser is opened with url: ''

2024-03-07 23:52:36 - [TEST_STEP][PASSED] - maximizeWindow(): Current window maximized

2024-03-07 23:52:36 - [MESSAGE][PASSED] - Current window maximized

2024-03-07 23:52:36 - [TEST_STEP][PASSED] - navigateToUrl(RADurl): Navigate to 'https://qa2.velocitypayment.com/client/rad/index.html' successfully

2024-03-07 23:52:43 - [MESSAGE][PASSED] - Navigate to 'https://qa2.velocitypayment.com/client/rad/index.html' successfully

2024-03-07 23:52:43 - [TEST_STEP][PASSED] - orPath_Landing = "Object Repository/RAD_Pages/Landing_Page": null

2024-03-07 23:52:43 - [TEST_STEP][PASSED] - orPath_TaxTypeFilingYear = "Object Repository/RAD_Pages/TaxTypeFilingYear_Page": null

2024-03-07 23:52:43 - [TEST_STEP][PASSED] - orPath_TaxPayer = "Object Repository/RAD_Pages/Taxpayer_Page": null

2024-03-07 23:52:43 - [TEST_STEP][PASSED] - orPath_AddressContact = "Object Repository/RAD_Pages/AddressAndContactInfo_Page": null

2024-03-07 23:52:43 - [TEST_STEP][PASSED] - orPath_FilingStatus = "Object Repository/RAD_Pages/FilingStatus_Page": null

2024-03-07 23:52:43 - [TEST_STEP][PASSED] - orPath_Amount = "Object Repository/RAD_Pages/PaymentAmount_Page": null

2024-03-07 23:52:43 - [TEST_STEP][PASSED] - orPath_TaxInfo = "Object Repository/RAD_Pages/TaxInfo_Page": null

2024-03-07 23:52:43 - [TEST_STEP][PASSED] - orPath_Withholding = "Object Repository/RAD_Pages/Withholding_Page": null

2024-03-07 23:52:43 - [TEST_STEP][PASSED] - orPath_Summary = "Object Repository/RAD_Pages/Summary_Page": null

2024-03-07 23:52:43 - [TEST_STEP][PASSED] - orPath_PaymentReady = "Object Repository/RAD_Pages/PaymentReady_Page": null

2024-03-07 23:52:43 - [TEST_STEP][PASSED] - orPath_PaymentEntry = "Object Repository/RAD_Pages/PaymentEntry_Page": null

2024-03-07 23:52:43 - [TEST_STEP][PASSED] - orPath_PaymentConfirmation = "Object Repository/RAD_Pages/PaymentConfirmation_Page": null

2024-03-07 23:52:43 - [TEST_STEP][PASSED] - orPath_ServiceFeesAccept = "Object Repository/RAD_Pages/ServiceFeeAccept_Page": null

2024-03-07 23:52:43 - [TEST_STEP][PASSED] - selectOptionByLabel(findTestObject(orPath_Landing + "/dd_TaxType"), Paymenttype, false): All options with label 'New Tax Return Amount Due' are selected in object 'Object Repository/RAD_Pages/Landing_Page/dd_TaxType' 

2024-03-07 23:52:44 - [MESSAGE][PASSED] - All options with label 'New Tax Return Amount Due' are selected in object 'Object Repository/RAD_Pages/Landing_Page/dd_TaxType' 

2024-03-07 23:52:44 - [TEST_STEP][PASSED] - delay(1): Delayed 1 second(s)

2024-03-07 23:52:45 - [MESSAGE][PASSED] - Delayed 1 second(s)

2024-03-07 23:52:45 - [TEST_STEP][PASSED] - switch (Paymenttype): null

2024-03-07 23:52:45 - [TEST_STEP][PASSED] - case "New Tax Return Amount Due":: null

2024-03-07 23:52:45 - [TEST_STEP][PASSED] - selectOptionByLabel(findTestObject("Object Repository/RAD_Pages/Landing_Page/select_NewTaxReturnAmountDue_TaxType"), Taxtype, false): All options with label 'Transportation Network Services' are selected in object 'Object Repository/RAD_Pages/Landing_Page/select_NewTaxReturnAmountDue_TaxType' 

2024-03-07 23:52:45 - [MESSAGE][PASSED] - All options with label 'Transportation Network Services' are selected in object 'Object Repository/RAD_Pages/Landing_Page/select_NewTaxReturnAmountDue_TaxType' 

2024-03-07 23:52:45 - [TEST_STEP][PASSED] - break: null

2024-03-07 23:52:45 - [TEST_STEP][PASSED] - delay(1): Delayed 1 second(s)

2024-03-07 23:52:46 - [MESSAGE][PASSED] - Delayed 1 second(s)

2024-03-07 23:52:46 - [TEST_STEP][PASSED] - switch (Paymenttype): null

2024-03-07 23:52:46 - [TEST_STEP][PASSED] - case "New Tax Return Amount Due":: null

2024-03-07 23:52:46 - [TEST_STEP][PASSED] - setEncryptedText(findTestObject(orPath_TaxInfo + "/input_FederalEIN-2"), "RigbBhfdqOBDK95asqKeHw=="): Text ****** has been set on object 'Object Repository/RAD_Pages/TaxInfo_Page/input_FederalEIN-2'

2024-03-07 23:52:47 - [MESSAGE][PASSED] - Text ****** has been set on object 'Object Repository/RAD_Pages/TaxInfo_Page/input_FederalEIN-2'

2024-03-07 23:52:47 - [TEST_STEP][PASSED] - setEncryptedText(findTestObject(orPath_TaxInfo + "/input_FederalEIN_ReEnter-2"), ""): Text ****** has been set on object 'Object Repository/RAD_Pages/TaxInfo_Page/input_FederalEIN_ReEnter-2'

2024-03-07 23:52:47 - [MESSAGE][PASSED] - Text ****** has been set on object 'Object Repository/RAD_Pages/TaxInfo_Page/input_FederalEIN_ReEnter-2'

2024-03-07 23:52:47 - [TEST_STEP][PASSED] - break: null

2024-03-07 23:52:47 - [TEST_STEP][PASSED] - verifyTextPresent("Please enter a valid FEIN with 9 digits.", true): Text 'Please enter a valid FEIN with 9 digits.' is present on page  using regular expression

2024-03-07 23:52:48 - [MESSAGE][PASSED] - Text 'Please enter a valid FEIN with 9 digits.' is present on page  using regular expression

2024-03-07 23:52:48 - [TEST_STEP][PASSED] - if (verifyTextPresent("Please enter a valid FEIN with 9 digits.", true)): null

2024-03-07 23:52:48 - [MESSAGE][PASSED] - Text 'Please enter a valid FEIN with 9 digits.' is present on page  using regular expression

2024-03-07 23:52:48 - [TEST_STEP][PASSED] - println("Error Message is present on the page"): null

2024-03-07 23:52:48 - [TEST_STEP][PASSED] - out.println("Pass Record Number: " + row): null

2024-03-07 23:52:48 - [TEST_STEP][PASSED] - resText = "Pass": null

2024-03-07 23:52:48 - [TEST_STEP][PASSED] - pages.WriteExcel.demoKey(resText, datText, resColumn, datCloumn, fileLoc, nameSheet, row): pages.WriteExcel.demoKey is PASSED

2024-03-07 23:52:48 - [MESSAGE][PASSED] - pages.WriteExcel.demoKey is PASSED

2024-03-07 23:52:48 - [TEST_STEP][PASSED] - ExecuteTC = findTestData(dataFile).getValue("Execute", row): null

2024-03-07 23:52:48 - [TEST_STEP][PASSED] - Taxtype = findTestData(dataFile).getValue("TaxType", row): null

2024-03-07 23:52:48 - [TEST_STEP][PASSED] - Paymenttype = findTestData(dataFile).getValue("PaymentType", row): null

2024-03-07 23:52:49 - [TEST_STEP][PASSED] - out.println("Value of Execute is : " + ExecuteTC): null

2024-03-07 23:52:49 - [TEST_STEP][PASSED] - if (ExecuteTC.equalsIgnoreCase("Y")): null

2024-03-07 23:52:49 - [TEST_STEP][PASSED] - out.println("Begin Record Number: " + row): null

2024-03-07 23:52:49 - [TEST_STEP][PASSED] - today = new java.util.Date(): null

2024-03-07 23:52:49 - [TEST_STEP][PASSED] - println(today): null

2024-03-07 23:52:49 - [TEST_STEP][PASSED] - datText = today: null

2024-03-07 23:52:49 - [TEST_STEP][PASSED] - Taxtype = findTestData(dataFile).getValue("TaxType", row): null

2024-03-07 23:52:49 - [TEST_STEP][PASSED] - out.println("Taxtype value is : " + Taxtype): null

2024-03-07 23:52:49 - [TEST_STEP][PASSED] - openBrowser(""): Browser is opened with url: ''

2024-03-07 23:52:49 - [MESSAGE][WARNING] - A browser is already opened. Closing browser and opening a new one

2024-03-07 23:53:07 - [MESSAGE][INFO] - Starting 'Chrome' driver

2024-03-07 23:53:07 - [MESSAGE][INFO] - User set preference: ['acceptInsecureCerts', 'true']

2024-03-07 23:53:07 - [MESSAGE][INFO] - Action delay is set to 0 milliseconds

2024-03-07 23:53:08 - [MESSAGE][PASSED] - Browser is opened with url: ''

2024-03-07 23:53:08 - [TEST_STEP][PASSED] - maximizeWindow(): Current window maximized

2024-03-07 23:53:08 - [MESSAGE][PASSED] - Current window maximized

2024-03-07 23:53:08 - [TEST_STEP][PASSED] - navigateToUrl(RADurl): Navigate to 'https://qa2.velocitypayment.com/client/rad/index.html' successfully

2024-03-07 23:53:10 - [MESSAGE][PASSED] - Navigate to 'https://qa2.velocitypayment.com/client/rad/index.html' successfully

2024-03-07 23:53:10 - [TEST_STEP][PASSED] - orPath_Landing = "Object Repository/RAD_Pages/Landing_Page": null

2024-03-07 23:53:10 - [TEST_STEP][PASSED] - orPath_TaxTypeFilingYear = "Object Repository/RAD_Pages/TaxTypeFilingYear_Page": null

2024-03-07 23:53:10 - [TEST_STEP][PASSED] - orPath_TaxPayer = "Object Repository/RAD_Pages/Taxpayer_Page": null

2024-03-07 23:53:10 - [TEST_STEP][PASSED] - orPath_AddressContact = "Object Repository/RAD_Pages/AddressAndContactInfo_Page": null

2024-03-07 23:53:10 - [TEST_STEP][PASSED] - orPath_FilingStatus = "Object Repository/RAD_Pages/FilingStatus_Page": null

2024-03-07 23:53:10 - [TEST_STEP][PASSED] - orPath_Amount = "Object Repository/RAD_Pages/PaymentAmount_Page": null

2024-03-07 23:53:10 - [TEST_STEP][PASSED] - orPath_TaxInfo = "Object Repository/RAD_Pages/TaxInfo_Page": null

2024-03-07 23:53:10 - [TEST_STEP][PASSED] - orPath_Withholding = "Object Repository/RAD_Pages/Withholding_Page": null

2024-03-07 23:53:10 - [TEST_STEP][PASSED] - orPath_Summary = "Object Repository/RAD_Pages/Summary_Page": null

2024-03-07 23:53:10 - [TEST_STEP][PASSED] - orPath_PaymentReady = "Object Repository/RAD_Pages/PaymentReady_Page": null

2024-03-07 23:53:10 - [TEST_STEP][PASSED] - orPath_PaymentEntry = "Object Repository/RAD_Pages/PaymentEntry_Page": null

2024-03-07 23:53:10 - [TEST_STEP][PASSED] - orPath_PaymentConfirmation = "Object Repository/RAD_Pages/PaymentConfirmation_Page": null

2024-03-07 23:53:10 - [TEST_STEP][PASSED] - orPath_ServiceFeesAccept = "Object Repository/RAD_Pages/ServiceFeeAccept_Page": null

2024-03-07 23:53:10 - [TEST_STEP][PASSED] - selectOptionByLabel(findTestObject(orPath_Landing + "/dd_TaxType"), Paymenttype, false): All options with label 'New Tax Return Amount Due' are selected in object 'Object Repository/RAD_Pages/Landing_Page/dd_TaxType' 

2024-03-07 23:53:11 - [MESSAGE][PASSED] - All options with label 'New Tax Return Amount Due' are selected in object 'Object Repository/RAD_Pages/Landing_Page/dd_TaxType' 

2024-03-07 23:53:11 - [TEST_STEP][PASSED] - delay(1): Delayed 1 second(s)

2024-03-07 23:53:12 - [MESSAGE][PASSED] - Delayed 1 second(s)

2024-03-07 23:53:12 - [TEST_STEP][PASSED] - switch (Paymenttype): null

2024-03-07 23:53:12 - [TEST_STEP][PASSED] - case "New Tax Return Amount Due":: null

2024-03-07 23:53:12 - [TEST_STEP][PASSED] - selectOptionByLabel(findTestObject("Object Repository/RAD_Pages/Landing_Page/select_NewTaxReturnAmountDue_TaxType"), Taxtype, false): All options with label 'Unclaimed Property' are selected in object 'Object Repository/RAD_Pages/Landing_Page/select_NewTaxReturnAmountDue_TaxType' 

2024-03-07 23:53:12 - [MESSAGE][PASSED] - All options with label 'Unclaimed Property' are selected in object 'Object Repository/RAD_Pages/Landing_Page/select_NewTaxReturnAmountDue_TaxType' 

2024-03-07 23:53:12 - [TEST_STEP][PASSED] - break: null

2024-03-07 23:53:12 - [TEST_STEP][PASSED] - delay(1): Delayed 1 second(s)

2024-03-07 23:53:13 - [MESSAGE][PASSED] - Delayed 1 second(s)

2024-03-07 23:53:13 - [TEST_STEP][PASSED] - switch (Paymenttype): null

2024-03-07 23:53:13 - [TEST_STEP][PASSED] - case "New Tax Return Amount Due":: null

2024-03-07 23:53:13 - [TEST_STEP][PASSED] - setEncryptedText(findTestObject(orPath_TaxInfo + "/input_FederalEIN-2"), "RigbBhfdqOBDK95asqKeHw=="): Text ****** has been set on object 'Object Repository/RAD_Pages/TaxInfo_Page/input_FederalEIN-2'

2024-03-07 23:53:14 - [MESSAGE][PASSED] - Text ****** has been set on object 'Object Repository/RAD_Pages/TaxInfo_Page/input_FederalEIN-2'

2024-03-07 23:53:14 - [TEST_STEP][PASSED] - setEncryptedText(findTestObject(orPath_TaxInfo + "/input_FederalEIN_ReEnter-2"), ""): Text ****** has been set on object 'Object Repository/RAD_Pages/TaxInfo_Page/input_FederalEIN_ReEnter-2'

2024-03-07 23:53:15 - [MESSAGE][PASSED] - Text ****** has been set on object 'Object Repository/RAD_Pages/TaxInfo_Page/input_FederalEIN_ReEnter-2'

2024-03-07 23:53:15 - [TEST_STEP][PASSED] - break: null

2024-03-07 23:53:15 - [TEST_STEP][PASSED] - verifyTextPresent("Please enter a valid FEIN with 9 digits.", true): Text 'Please enter a valid FEIN with 9 digits.' is present on page  using regular expression

2024-03-07 23:53:15 - [MESSAGE][PASSED] - Text 'Please enter a valid FEIN with 9 digits.' is present on page  using regular expression

2024-03-07 23:53:15 - [TEST_STEP][PASSED] - if (verifyTextPresent("Please enter a valid FEIN with 9 digits.", true)): null

2024-03-07 23:53:16 - [MESSAGE][PASSED] - Text 'Please enter a valid FEIN with 9 digits.' is present on page  using regular expression

2024-03-07 23:53:16 - [TEST_STEP][PASSED] - println("Error Message is present on the page"): null

2024-03-07 23:53:16 - [TEST_STEP][PASSED] - out.println("Pass Record Number: " + row): null

2024-03-07 23:53:16 - [TEST_STEP][PASSED] - resText = "Pass": null

2024-03-07 23:53:16 - [TEST_STEP][PASSED] - pages.WriteExcel.demoKey(resText, datText, resColumn, datCloumn, fileLoc, nameSheet, row): pages.WriteExcel.demoKey is PASSED

2024-03-07 23:53:16 - [MESSAGE][PASSED] - pages.WriteExcel.demoKey is PASSED

2024-03-07 23:53:16 - [TEST_STEP][PASSED] - ExecuteTC = findTestData(dataFile).getValue("Execute", row): null

2024-03-07 23:53:16 - [TEST_STEP][PASSED] - Taxtype = findTestData(dataFile).getValue("TaxType", row): null

2024-03-07 23:53:16 - [TEST_STEP][PASSED] - Paymenttype = findTestData(dataFile).getValue("PaymentType", row): null

2024-03-07 23:53:16 - [TEST_STEP][PASSED] - out.println("Value of Execute is : " + ExecuteTC): null

2024-03-07 23:53:16 - [TEST_STEP][PASSED] - if (ExecuteTC.equalsIgnoreCase("Y")): null

2024-03-07 23:53:16 - [TEST_STEP][PASSED] - out.println("Begin Record Number: " + row): null

2024-03-07 23:53:16 - [TEST_STEP][PASSED] - today = new java.util.Date(): null

2024-03-07 23:53:16 - [TEST_STEP][PASSED] - println(today): null

2024-03-07 23:53:16 - [TEST_STEP][PASSED] - datText = today: null

2024-03-07 23:53:16 - [TEST_STEP][PASSED] - Taxtype = findTestData(dataFile).getValue("TaxType", row): null

2024-03-07 23:53:16 - [TEST_STEP][PASSED] - out.println("Taxtype value is : " + Taxtype): null

2024-03-07 23:53:16 - [TEST_STEP][PASSED] - openBrowser(""): Browser is opened with url: ''

2024-03-07 23:53:16 - [MESSAGE][WARNING] - A browser is already opened. Closing browser and opening a new one

2024-03-07 23:53:45 - [MESSAGE][INFO] - Starting 'Chrome' driver

2024-03-07 23:53:45 - [MESSAGE][INFO] - User set preference: ['acceptInsecureCerts', 'true']

2024-03-07 23:53:45 - [MESSAGE][INFO] - Action delay is set to 0 milliseconds

2024-03-07 23:53:46 - [MESSAGE][PASSED] - Browser is opened with url: ''

2024-03-07 23:53:46 - [TEST_STEP][PASSED] - maximizeWindow(): Current window maximized

2024-03-07 23:53:46 - [MESSAGE][PASSED] - Current window maximized

2024-03-07 23:53:46 - [TEST_STEP][PASSED] - navigateToUrl(RADurl): Navigate to 'https://qa2.velocitypayment.com/client/rad/index.html' successfully

2024-03-07 23:53:54 - [MESSAGE][PASSED] - Navigate to 'https://qa2.velocitypayment.com/client/rad/index.html' successfully

2024-03-07 23:53:54 - [TEST_STEP][PASSED] - orPath_Landing = "Object Repository/RAD_Pages/Landing_Page": null

2024-03-07 23:53:54 - [TEST_STEP][PASSED] - orPath_TaxTypeFilingYear = "Object Repository/RAD_Pages/TaxTypeFilingYear_Page": null

2024-03-07 23:53:54 - [TEST_STEP][PASSED] - orPath_TaxPayer = "Object Repository/RAD_Pages/Taxpayer_Page": null

2024-03-07 23:53:54 - [TEST_STEP][PASSED] - orPath_AddressContact = "Object Repository/RAD_Pages/AddressAndContactInfo_Page": null

2024-03-07 23:53:54 - [TEST_STEP][PASSED] - orPath_FilingStatus = "Object Repository/RAD_Pages/FilingStatus_Page": null

2024-03-07 23:53:54 - [TEST_STEP][PASSED] - orPath_Amount = "Object Repository/RAD_Pages/PaymentAmount_Page": null

2024-03-07 23:53:54 - [TEST_STEP][PASSED] - orPath_TaxInfo = "Object Repository/RAD_Pages/TaxInfo_Page": null

2024-03-07 23:53:54 - [TEST_STEP][PASSED] - orPath_Withholding = "Object Repository/RAD_Pages/Withholding_Page": null

2024-03-07 23:53:54 - [TEST_STEP][PASSED] - orPath_Summary = "Object Repository/RAD_Pages/Summary_Page": null

2024-03-07 23:53:54 - [TEST_STEP][PASSED] - orPath_PaymentReady = "Object Repository/RAD_Pages/PaymentReady_Page": null

2024-03-07 23:53:54 - [TEST_STEP][PASSED] - orPath_PaymentEntry = "Object Repository/RAD_Pages/PaymentEntry_Page": null

2024-03-07 23:53:54 - [TEST_STEP][PASSED] - orPath_PaymentConfirmation = "Object Repository/RAD_Pages/PaymentConfirmation_Page": null

2024-03-07 23:53:54 - [TEST_STEP][PASSED] - orPath_ServiceFeesAccept = "Object Repository/RAD_Pages/ServiceFeeAccept_Page": null

2024-03-07 23:53:54 - [TEST_STEP][PASSED] - selectOptionByLabel(findTestObject(orPath_Landing + "/dd_TaxType"), Paymenttype, false): All options with label 'New Tax Return Amount Due' are selected in object 'Object Repository/RAD_Pages/Landing_Page/dd_TaxType' 

2024-03-07 23:53:55 - [MESSAGE][PASSED] - All options with label 'New Tax Return Amount Due' are selected in object 'Object Repository/RAD_Pages/Landing_Page/dd_TaxType' 

2024-03-07 23:53:55 - [TEST_STEP][PASSED] - delay(1): Delayed 1 second(s)

2024-03-07 23:53:56 - [MESSAGE][PASSED] - Delayed 1 second(s)

2024-03-07 23:53:56 - [TEST_STEP][PASSED] - switch (Paymenttype): null

2024-03-07 23:53:56 - [TEST_STEP][PASSED] - case "New Tax Return Amount Due":: null

2024-03-07 23:53:56 - [TEST_STEP][PASSED] - selectOptionByLabel(findTestObject("Object Repository/RAD_Pages/Landing_Page/select_NewTaxReturnAmountDue_TaxType"), Taxtype, false): All options with label 'Withholding Tax' are selected in object 'Object Repository/RAD_Pages/Landing_Page/select_NewTaxReturnAmountDue_TaxType' 

2024-03-07 23:53:56 - [MESSAGE][PASSED] - All options with label 'Withholding Tax' are selected in object 'Object Repository/RAD_Pages/Landing_Page/select_NewTaxReturnAmountDue_TaxType' 

2024-03-07 23:53:56 - [TEST_STEP][PASSED] - break: null

2024-03-07 23:53:56 - [TEST_STEP][PASSED] - delay(1): Delayed 1 second(s)

2024-03-07 23:53:57 - [MESSAGE][PASSED] - Delayed 1 second(s)

2024-03-07 23:53:57 - [TEST_STEP][PASSED] - switch (Paymenttype): null

2024-03-07 23:53:57 - [TEST_STEP][PASSED] - case "New Tax Return Amount Due":: null

2024-03-07 23:53:57 - [TEST_STEP][PASSED] - setEncryptedText(findTestObject(orPath_TaxInfo + "/input_FederalEIN-2"), "RigbBhfdqOBDK95asqKeHw=="): Text ****** has been set on object 'Object Repository/RAD_Pages/TaxInfo_Page/input_FederalEIN-2'

2024-03-07 23:53:58 - [MESSAGE][PASSED] - Text ****** has been set on object 'Object Repository/RAD_Pages/TaxInfo_Page/input_FederalEIN-2'

2024-03-07 23:53:58 - [TEST_STEP][PASSED] - setEncryptedText(findTestObject(orPath_TaxInfo + "/input_FederalEIN_ReEnter-2"), ""): Text ****** has been set on object 'Object Repository/RAD_Pages/TaxInfo_Page/input_FederalEIN_ReEnter-2'

2024-03-07 23:53:59 - [MESSAGE][PASSED] - Text ****** has been set on object 'Object Repository/RAD_Pages/TaxInfo_Page/input_FederalEIN_ReEnter-2'

2024-03-07 23:53:59 - [TEST_STEP][PASSED] - break: null

2024-03-07 23:53:59 - [TEST_STEP][PASSED] - verifyTextPresent("Please enter a valid FEIN with 9 digits.", true): Text 'Please enter a valid FEIN with 9 digits.' is present on page  using regular expression

2024-03-07 23:53:59 - [MESSAGE][PASSED] - Text 'Please enter a valid FEIN with 9 digits.' is present on page  using regular expression

2024-03-07 23:53:59 - [TEST_STEP][PASSED] - if (verifyTextPresent("Please enter a valid FEIN with 9 digits.", true)): null

2024-03-07 23:54:00 - [MESSAGE][PASSED] - Text 'Please enter a valid FEIN with 9 digits.' is present on page  using regular expression

2024-03-07 23:54:00 - [TEST_STEP][PASSED] - println("Error Message is present on the page"): null

2024-03-07 23:54:00 - [TEST_STEP][PASSED] - out.println("Pass Record Number: " + row): null

2024-03-07 23:54:00 - [TEST_STEP][PASSED] - resText = "Pass": null

2024-03-07 23:54:00 - [TEST_STEP][PASSED] - pages.WriteExcel.demoKey(resText, datText, resColumn, datCloumn, fileLoc, nameSheet, row): pages.WriteExcel.demoKey is PASSED

2024-03-07 23:54:00 - [MESSAGE][PASSED] - pages.WriteExcel.demoKey is PASSED]]></system-out>
         <system-err><![CDATA[]]></system-err>
      </testcase>
      <testcase name="Test Cases/RAD_TestCases/Negative_TestCases/FEINandFEINSSNlessThan9Error" time="1295.164" classname="Test Cases/RAD_TestCases/Negative_TestCases/FEINandFEINSSNlessThan9Error" status="PASSED">
         <system-out><![CDATA[2024-03-07 23:54:00 - [TEST_CASE][PASSED] - Test Cases/RAD_TestCases/Negative_TestCases/FEINandFEINSSNlessThan9Error: Test Cases/RAD_TestCases/Negative_TestCases/FEINandFEINSSNlessThan9Error

2024-03-07 23:54:00 - [TEST_STEP][PASSED] - resText = "Fail": null

2024-03-07 23:54:00 - [TEST_STEP][PASSED] - resColumn = "Result": null

2024-03-07 23:54:00 - [TEST_STEP][PASSED] - datCloumn = "Date": null

2024-03-07 23:54:00 - [TEST_STEP][PASSED] - fileLoc = "KatalonData/RADTestData/FEINandFEINSSNlessThan9Error.xlsx": null

2024-03-07 23:54:00 - [TEST_STEP][PASSED] - nameSheet = "Sheet1": null

2024-03-07 23:54:00 - [TEST_STEP][PASSED] - dataFile = "RADTestData/FEINandFEINSSNlessThan9Error": null

2024-03-07 23:54:00 - [TEST_STEP][PASSED] - ExecuteTC = <not implemented yet for class: org.codehaus.groovy.ast.expr.EmptyExpression>: null

2024-03-07 23:54:00 - [TEST_STEP][PASSED] - Taxtype = <not implemented yet for class: org.codehaus.groovy.ast.expr.EmptyExpression>: null

2024-03-07 23:54:00 - [TEST_STEP][PASSED] - Paymenttype = <not implemented yet for class: org.codehaus.groovy.ast.expr.EmptyExpression>: null

2024-03-07 23:54:00 - [TEST_STEP][PASSED] - feinSsn = <not implemented yet for class: org.codehaus.groovy.ast.expr.EmptyExpression>: null

2024-03-07 23:54:00 - [TEST_STEP][PASSED] - numOfRows = findTestData(dataFile).getRowNumbers(): null

2024-03-07 23:54:00 - [TEST_STEP][PASSED] - println("Number of Records: " + numOfRows): null

2024-03-07 23:54:00 - [TEST_STEP][PASSED] - for ([row = 1, row <= numOfRows, (row++)]): null

2024-03-07 23:54:00 - [TEST_STEP][PASSED] - ExecuteTC = findTestData(dataFile).getValue("Execute", row): null

2024-03-07 23:54:00 - [TEST_STEP][PASSED] - Taxtype = findTestData(dataFile).getValue("TaxType", row): null

2024-03-07 23:54:00 - [TEST_STEP][PASSED] - Paymenttype = findTestData(dataFile).getValue("PaymentType", row): null

2024-03-07 23:54:00 - [TEST_STEP][PASSED] - feinSsn = findTestData(dataFile).getValue("FEINSSN", row): null

2024-03-07 23:54:01 - [TEST_STEP][PASSED] - out.println("Value of Execute is : " + ExecuteTC): null

2024-03-07 23:54:01 - [TEST_STEP][PASSED] - if (ExecuteTC.equalsIgnoreCase("Y")): null

2024-03-07 23:54:01 - [TEST_STEP][PASSED] - out.println("Begin Record Number: " + row): null

2024-03-07 23:54:01 - [TEST_STEP][PASSED] - today = new java.util.Date(): null

2024-03-07 23:54:01 - [TEST_STEP][PASSED] - println(today): null

2024-03-07 23:54:01 - [TEST_STEP][PASSED] - datText = today: null

2024-03-07 23:54:01 - [TEST_STEP][PASSED] - Taxtype = findTestData(dataFile).getValue("TaxType", row): null

2024-03-07 23:54:01 - [TEST_STEP][PASSED] - out.println("Taxtype value is : " + Taxtype): null

2024-03-07 23:54:01 - [TEST_STEP][PASSED] - openBrowser(""): Browser is opened with url: ''

2024-03-07 23:54:01 - [MESSAGE][WARNING] - A browser is already opened. Closing browser and opening a new one

2024-03-07 23:54:26 - [MESSAGE][INFO] - Starting 'Chrome' driver

2024-03-07 23:54:26 - [MESSAGE][INFO] - User set preference: ['acceptInsecureCerts', 'true']

2024-03-07 23:54:26 - [MESSAGE][INFO] - Action delay is set to 0 milliseconds

2024-03-07 23:54:28 - [MESSAGE][PASSED] - Browser is opened with url: ''

2024-03-07 23:54:28 - [TEST_STEP][PASSED] - maximizeWindow(): Current window maximized

2024-03-07 23:54:28 - [MESSAGE][PASSED] - Current window maximized

2024-03-07 23:54:28 - [TEST_STEP][PASSED] - navigateToUrl(RADurl): Navigate to 'https://qa2.velocitypayment.com/client/rad/index.html' successfully

2024-03-07 23:54:40 - [MESSAGE][PASSED] - Navigate to 'https://qa2.velocitypayment.com/client/rad/index.html' successfully

2024-03-07 23:54:40 - [TEST_STEP][PASSED] - orPath_Landing = "Object Repository/RAD_Pages/Landing_Page": null

2024-03-07 23:54:40 - [TEST_STEP][PASSED] - orPath_TaxTypeFilingYear = "Object Repository/RAD_Pages/TaxTypeFilingYear_Page": null

2024-03-07 23:54:40 - [TEST_STEP][PASSED] - orPath_TaxPayer = "Object Repository/RAD_Pages/Taxpayer_Page": null

2024-03-07 23:54:40 - [TEST_STEP][PASSED] - orPath_AddressContact = "Object Repository/RAD_Pages/AddressAndContactInfo_Page": null

2024-03-07 23:54:40 - [TEST_STEP][PASSED] - orPath_FilingStatus = "Object Repository/RAD_Pages/FilingStatus_Page": null

2024-03-07 23:54:40 - [TEST_STEP][PASSED] - orPath_Amount = "Object Repository/RAD_Pages/PaymentAmount_Page": null

2024-03-07 23:54:40 - [TEST_STEP][PASSED] - orPath_TaxInfo = "Object Repository/RAD_Pages/TaxInfo_Page": null

2024-03-07 23:54:40 - [TEST_STEP][PASSED] - orPath_Withholding = "Object Repository/RAD_Pages/Withholding_Page": null

2024-03-07 23:54:40 - [TEST_STEP][PASSED] - orPath_Summary = "Object Repository/RAD_Pages/Summary_Page": null

2024-03-07 23:54:40 - [TEST_STEP][PASSED] - orPath_PaymentReady = "Object Repository/RAD_Pages/PaymentReady_Page": null

2024-03-07 23:54:40 - [TEST_STEP][PASSED] - orPath_PaymentEntry = "Object Repository/RAD_Pages/PaymentEntry_Page": null

2024-03-07 23:54:40 - [TEST_STEP][PASSED] - orPath_PaymentConfirmation = "Object Repository/RAD_Pages/PaymentConfirmation_Page": null

2024-03-07 23:54:40 - [TEST_STEP][PASSED] - orPath_ServiceFeesAccept = "Object Repository/RAD_Pages/ServiceFeeAccept_Page": null

2024-03-07 23:54:40 - [TEST_STEP][PASSED] - selectOptionByLabel(findTestObject(orPath_Landing + "/dd_TaxType"), Paymenttype, false): All options with label 'Existing Liability w/Notice Number' are selected in object 'Object Repository/RAD_Pages/Landing_Page/dd_TaxType' 

2024-03-07 23:54:41 - [MESSAGE][PASSED] - All options with label 'Existing Liability w/Notice Number' are selected in object 'Object Repository/RAD_Pages/Landing_Page/dd_TaxType' 

2024-03-07 23:54:41 - [TEST_STEP][PASSED] - delay(1): Delayed 1 second(s)

2024-03-07 23:54:42 - [MESSAGE][PASSED] - Delayed 1 second(s)

2024-03-07 23:54:42 - [TEST_STEP][PASSED] - switch (Paymenttype): null

2024-03-07 23:54:42 - [TEST_STEP][PASSED] - case "Existing Liability w/Notice Number":: null

2024-03-07 23:54:42 - [TEST_STEP][PASSED] - selectOptionByLabel(findTestObject(orPath_TaxTypeFilingYear + "/select_TaxType_ExistingLiability"), Taxtype, false): All options with label 'Bay Restoration Fee' are selected in object 'Object Repository/RAD_Pages/TaxTypeFilingYear_Page/select_TaxType_ExistingLiability' 

2024-03-07 23:54:43 - [MESSAGE][PASSED] - All options with label 'Bay Restoration Fee' are selected in object 'Object Repository/RAD_Pages/TaxTypeFilingYear_Page/select_TaxType_ExistingLiability' 

2024-03-07 23:54:43 - [TEST_STEP][PASSED] - break: null

2024-03-07 23:54:43 - [TEST_STEP][PASSED] - delay(1): Delayed 1 second(s)

2024-03-07 23:54:44 - [MESSAGE][PASSED] - Delayed 1 second(s)

2024-03-07 23:54:44 - [TEST_STEP][PASSED] - switch (Paymenttype): null

2024-03-07 23:54:44 - [TEST_STEP][PASSED] - case "Existing Liability w/Notice Number":: null

2024-03-07 23:54:44 - [TEST_STEP][PASSED] - if (feinSsn.equalsIgnoreCase("Y")): null

2024-03-07 23:54:44 - [TEST_STEP][PASSED] - else: Text ****** has been set on object 'Object Repository/RAD_RecordAndPlay/input_Existing_RetypeFEIN'

2024-03-07 23:54:44 - [TEST_STEP][PASSED] - setEncryptedText(findTestObject("Object Repository/RAD_RecordAndPlay/input_Existing_FEIN"), "iGDxf8hSRT4="): Text ****** has been set on object 'Object Repository/RAD_RecordAndPlay/input_Existing_FEIN'

2024-03-07 23:54:44 - [MESSAGE][PASSED] - Text ****** has been set on object 'Object Repository/RAD_RecordAndPlay/input_Existing_FEIN'

2024-03-07 23:54:44 - [TEST_STEP][PASSED] - setEncryptedText(findTestObject("Object Repository/RAD_RecordAndPlay/input_Existing_RetypeFEIN"), ""): Text ****** has been set on object 'Object Repository/RAD_RecordAndPlay/input_Existing_RetypeFEIN'

2024-03-07 23:54:45 - [MESSAGE][PASSED] - Text ****** has been set on object 'Object Repository/RAD_RecordAndPlay/input_Existing_RetypeFEIN'

2024-03-07 23:54:45 - [TEST_STEP][PASSED] - break: null

2024-03-07 23:54:45 - [TEST_STEP][PASSED] - if (feinSsn.equalsIgnoreCase("Y")): null

2024-03-07 23:54:45 - [TEST_STEP][PASSED] - else: null

2024-03-07 23:54:45 - [TEST_STEP][PASSED] - if (verifyTextPresent("Please enter a valid FEIN with 9 digits.", true)): null

2024-03-07 23:54:46 - [MESSAGE][PASSED] - Text 'Please enter a valid FEIN with 9 digits.' is present on page  using regular expression

2024-03-07 23:54:46 - [TEST_STEP][PASSED] - println("Error Message is present on the page"): null

2024-03-07 23:54:46 - [TEST_STEP][PASSED] - out.println("Pass Record Number: " + row): null

2024-03-07 23:54:46 - [TEST_STEP][PASSED] - resText = "Pass": null

2024-03-07 23:54:46 - [TEST_STEP][PASSED] - pages.WriteExcel.demoKey(resText, datText, resColumn, datCloumn, fileLoc, nameSheet, row): pages.WriteExcel.demoKey is PASSED

2024-03-07 23:54:46 - [MESSAGE][PASSED] - pages.WriteExcel.demoKey is PASSED

2024-03-07 23:54:46 - [TEST_STEP][PASSED] - ExecuteTC = findTestData(dataFile).getValue("Execute", row): null

2024-03-07 23:54:46 - [TEST_STEP][PASSED] - Taxtype = findTestData(dataFile).getValue("TaxType", row): null

2024-03-07 23:54:46 - [TEST_STEP][PASSED] - Paymenttype = findTestData(dataFile).getValue("PaymentType", row): null

2024-03-07 23:54:46 - [TEST_STEP][PASSED] - feinSsn = findTestData(dataFile).getValue("FEINSSN", row): null

2024-03-07 23:54:46 - [TEST_STEP][PASSED] - out.println("Value of Execute is : " + ExecuteTC): null

2024-03-07 23:54:46 - [TEST_STEP][PASSED] - if (ExecuteTC.equalsIgnoreCase("Y")): null

2024-03-07 23:54:46 - [TEST_STEP][PASSED] - out.println("Begin Record Number: " + row): null

2024-03-07 23:54:46 - [TEST_STEP][PASSED] - today = new java.util.Date(): null

2024-03-07 23:54:46 - [TEST_STEP][PASSED] - println(today): null

2024-03-07 23:54:46 - [TEST_STEP][PASSED] - datText = today: null

2024-03-07 23:54:46 - [TEST_STEP][PASSED] - Taxtype = findTestData(dataFile).getValue("TaxType", row): null

2024-03-07 23:54:46 - [TEST_STEP][PASSED] - out.println("Taxtype value is : " + Taxtype): null

2024-03-07 23:54:46 - [TEST_STEP][PASSED] - openBrowser(""): Browser is opened with url: ''

2024-03-07 23:54:46 - [MESSAGE][WARNING] - A browser is already opened. Closing browser and opening a new one

2024-03-07 23:54:53 - [MESSAGE][INFO] - Starting 'Chrome' driver

2024-03-07 23:54:53 - [MESSAGE][INFO] - User set preference: ['acceptInsecureCerts', 'true']

2024-03-07 23:54:53 - [MESSAGE][INFO] - Action delay is set to 0 milliseconds

2024-03-07 23:54:54 - [MESSAGE][PASSED] - Browser is opened with url: ''

2024-03-07 23:54:54 - [TEST_STEP][PASSED] - maximizeWindow(): Current window maximized

2024-03-07 23:54:55 - [MESSAGE][PASSED] - Current window maximized

2024-03-07 23:54:55 - [TEST_STEP][PASSED] - navigateToUrl(RADurl): Navigate to 'https://qa2.velocitypayment.com/client/rad/index.html' successfully

2024-03-07 23:54:55 - [MESSAGE][PASSED] - Navigate to 'https://qa2.velocitypayment.com/client/rad/index.html' successfully

2024-03-07 23:54:55 - [TEST_STEP][PASSED] - orPath_Landing = "Object Repository/RAD_Pages/Landing_Page": null

2024-03-07 23:54:55 - [TEST_STEP][PASSED] - orPath_TaxTypeFilingYear = "Object Repository/RAD_Pages/TaxTypeFilingYear_Page": null

2024-03-07 23:54:55 - [TEST_STEP][PASSED] - orPath_TaxPayer = "Object Repository/RAD_Pages/Taxpayer_Page": null

2024-03-07 23:54:55 - [TEST_STEP][PASSED] - orPath_AddressContact = "Object Repository/RAD_Pages/AddressAndContactInfo_Page": null

2024-03-07 23:54:55 - [TEST_STEP][PASSED] - orPath_FilingStatus = "Object Repository/RAD_Pages/FilingStatus_Page": null

2024-03-07 23:54:55 - [TEST_STEP][PASSED] - orPath_Amount = "Object Repository/RAD_Pages/PaymentAmount_Page": null

2024-03-07 23:54:55 - [TEST_STEP][PASSED] - orPath_TaxInfo = "Object Repository/RAD_Pages/TaxInfo_Page": null

2024-03-07 23:54:55 - [TEST_STEP][PASSED] - orPath_Withholding = "Object Repository/RAD_Pages/Withholding_Page": null

2024-03-07 23:54:55 - [TEST_STEP][PASSED] - orPath_Summary = "Object Repository/RAD_Pages/Summary_Page": null

2024-03-07 23:54:55 - [TEST_STEP][PASSED] - orPath_PaymentReady = "Object Repository/RAD_Pages/PaymentReady_Page": null

2024-03-07 23:54:55 - [TEST_STEP][PASSED] - orPath_PaymentEntry = "Object Repository/RAD_Pages/PaymentEntry_Page": null

2024-03-07 23:54:55 - [TEST_STEP][PASSED] - orPath_PaymentConfirmation = "Object Repository/RAD_Pages/PaymentConfirmation_Page": null

2024-03-07 23:54:55 - [TEST_STEP][PASSED] - orPath_ServiceFeesAccept = "Object Repository/RAD_Pages/ServiceFeeAccept_Page": null

2024-03-07 23:54:55 - [TEST_STEP][PASSED] - selectOptionByLabel(findTestObject(orPath_Landing + "/dd_TaxType"), Paymenttype, false): All options with label 'Existing Liability w/Notice Number' are selected in object 'Object Repository/RAD_Pages/Landing_Page/dd_TaxType' 

2024-03-07 23:55:02 - [MESSAGE][PASSED] - All options with label 'Existing Liability w/Notice Number' are selected in object 'Object Repository/RAD_Pages/Landing_Page/dd_TaxType' 

2024-03-07 23:55:02 - [TEST_STEP][PASSED] - delay(1): Delayed 1 second(s)

2024-03-07 23:55:03 - [MESSAGE][PASSED] - Delayed 1 second(s)

2024-03-07 23:55:03 - [TEST_STEP][PASSED] - switch (Paymenttype): null

2024-03-07 23:55:03 - [TEST_STEP][PASSED] - case "Existing Liability w/Notice Number":: null

2024-03-07 23:55:03 - [TEST_STEP][PASSED] - selectOptionByLabel(findTestObject(orPath_TaxTypeFilingYear + "/select_TaxType_ExistingLiability"), Taxtype, false): All options with label 'Corporate Income Tax' are selected in object 'Object Repository/RAD_Pages/TaxTypeFilingYear_Page/select_TaxType_ExistingLiability' 

2024-03-07 23:55:03 - [MESSAGE][PASSED] - All options with label 'Corporate Income Tax' are selected in object 'Object Repository/RAD_Pages/TaxTypeFilingYear_Page/select_TaxType_ExistingLiability' 

2024-03-07 23:55:03 - [TEST_STEP][PASSED] - break: null

2024-03-07 23:55:03 - [TEST_STEP][PASSED] - delay(1): Delayed 1 second(s)

2024-03-07 23:55:04 - [MESSAGE][PASSED] - Delayed 1 second(s)

2024-03-07 23:55:04 - [TEST_STEP][PASSED] - switch (Paymenttype): null

2024-03-07 23:55:04 - [TEST_STEP][PASSED] - case "Existing Liability w/Notice Number":: null

2024-03-07 23:55:04 - [TEST_STEP][PASSED] - if (feinSsn.equalsIgnoreCase("Y")): null

2024-03-07 23:55:04 - [TEST_STEP][PASSED] - else: Text ****** has been set on object 'Object Repository/RAD_RecordAndPlay/input_Existing_RetypeFEIN'

2024-03-07 23:55:04 - [TEST_STEP][PASSED] - setEncryptedText(findTestObject("Object Repository/RAD_RecordAndPlay/input_Existing_FEIN"), "iGDxf8hSRT4="): Text ****** has been set on object 'Object Repository/RAD_RecordAndPlay/input_Existing_FEIN'

2024-03-07 23:55:05 - [MESSAGE][PASSED] - Text ****** has been set on object 'Object Repository/RAD_RecordAndPlay/input_Existing_FEIN'

2024-03-07 23:55:05 - [TEST_STEP][PASSED] - setEncryptedText(findTestObject("Object Repository/RAD_RecordAndPlay/input_Existing_RetypeFEIN"), ""): Text ****** has been set on object 'Object Repository/RAD_RecordAndPlay/input_Existing_RetypeFEIN'

2024-03-07 23:55:06 - [MESSAGE][PASSED] - Text ****** has been set on object 'Object Repository/RAD_RecordAndPlay/input_Existing_RetypeFEIN'

2024-03-07 23:55:06 - [TEST_STEP][PASSED] - break: null

2024-03-07 23:55:06 - [TEST_STEP][PASSED] - if (feinSsn.equalsIgnoreCase("Y")): null

2024-03-07 23:55:06 - [TEST_STEP][PASSED] - else: null

2024-03-07 23:55:06 - [TEST_STEP][PASSED] - if (verifyTextPresent("Please enter a valid FEIN with 9 digits.", true)): null

2024-03-07 23:55:06 - [MESSAGE][PASSED] - Text 'Please enter a valid FEIN with 9 digits.' is present on page  using regular expression

2024-03-07 23:55:06 - [TEST_STEP][PASSED] - println("Error Message is present on the page"): null

2024-03-07 23:55:06 - [TEST_STEP][PASSED] - out.println("Pass Record Number: " + row): null

2024-03-07 23:55:06 - [TEST_STEP][PASSED] - resText = "Pass": null

2024-03-07 23:55:06 - [TEST_STEP][PASSED] - pages.WriteExcel.demoKey(resText, datText, resColumn, datCloumn, fileLoc, nameSheet, row): pages.WriteExcel.demoKey is PASSED

2024-03-07 23:55:06 - [MESSAGE][PASSED] - pages.WriteExcel.demoKey is PASSED

2024-03-07 23:55:06 - [TEST_STEP][PASSED] - ExecuteTC = findTestData(dataFile).getValue("Execute", row): null

2024-03-07 23:55:06 - [TEST_STEP][PASSED] - Taxtype = findTestData(dataFile).getValue("TaxType", row): null

2024-03-07 23:55:06 - [TEST_STEP][PASSED] - Paymenttype = findTestData(dataFile).getValue("PaymentType", row): null

2024-03-07 23:55:06 - [TEST_STEP][PASSED] - feinSsn = findTestData(dataFile).getValue("FEINSSN", row): null

2024-03-07 23:55:06 - [TEST_STEP][PASSED] - out.println("Value of Execute is : " + ExecuteTC): null

2024-03-07 23:55:06 - [TEST_STEP][PASSED] - if (ExecuteTC.equalsIgnoreCase("Y")): null

2024-03-07 23:55:06 - [TEST_STEP][PASSED] - out.println("Begin Record Number: " + row): null

2024-03-07 23:55:06 - [TEST_STEP][PASSED] - today = new java.util.Date(): null

2024-03-07 23:55:06 - [TEST_STEP][PASSED] - println(today): null

2024-03-07 23:55:06 - [TEST_STEP][PASSED] - datText = today: null

2024-03-07 23:55:06 - [TEST_STEP][PASSED] - Taxtype = findTestData(dataFile).getValue("TaxType", row): null

2024-03-07 23:55:06 - [TEST_STEP][PASSED] - out.println("Taxtype value is : " + Taxtype): null

2024-03-07 23:55:06 - [TEST_STEP][PASSED] - openBrowser(""): Browser is opened with url: ''

2024-03-07 23:55:06 - [MESSAGE][WARNING] - A browser is already opened. Closing browser and opening a new one

2024-03-07 23:55:34 - [MESSAGE][INFO] - Starting 'Chrome' driver

2024-03-07 23:55:34 - [MESSAGE][INFO] - User set preference: ['acceptInsecureCerts', 'true']

2024-03-07 23:55:34 - [MESSAGE][INFO] - Action delay is set to 0 milliseconds

2024-03-07 23:55:35 - [MESSAGE][PASSED] - Browser is opened with url: ''

2024-03-07 23:55:35 - [TEST_STEP][PASSED] - maximizeWindow(): Current window maximized

2024-03-07 23:55:36 - [MESSAGE][PASSED] - Current window maximized

2024-03-07 23:55:36 - [TEST_STEP][PASSED] - navigateToUrl(RADurl): Navigate to 'https://qa2.velocitypayment.com/client/rad/index.html' successfully

2024-03-07 23:55:42 - [MESSAGE][PASSED] - Navigate to 'https://qa2.velocitypayment.com/client/rad/index.html' successfully

2024-03-07 23:55:42 - [TEST_STEP][PASSED] - orPath_Landing = "Object Repository/RAD_Pages/Landing_Page": null

2024-03-07 23:55:42 - [TEST_STEP][PASSED] - orPath_TaxTypeFilingYear = "Object Repository/RAD_Pages/TaxTypeFilingYear_Page": null

2024-03-07 23:55:42 - [TEST_STEP][PASSED] - orPath_TaxPayer = "Object Repository/RAD_Pages/Taxpayer_Page": null

2024-03-07 23:55:42 - [TEST_STEP][PASSED] - orPath_AddressContact = "Object Repository/RAD_Pages/AddressAndContactInfo_Page": null

2024-03-07 23:55:42 - [TEST_STEP][PASSED] - orPath_FilingStatus = "Object Repository/RAD_Pages/FilingStatus_Page": null

2024-03-07 23:55:42 - [TEST_STEP][PASSED] - orPath_Amount = "Object Repository/RAD_Pages/PaymentAmount_Page": null

2024-03-07 23:55:42 - [TEST_STEP][PASSED] - orPath_TaxInfo = "Object Repository/RAD_Pages/TaxInfo_Page": null

2024-03-07 23:55:42 - [TEST_STEP][PASSED] - orPath_Withholding = "Object Repository/RAD_Pages/Withholding_Page": null

2024-03-07 23:55:42 - [TEST_STEP][PASSED] - orPath_Summary = "Object Repository/RAD_Pages/Summary_Page": null

2024-03-07 23:55:42 - [TEST_STEP][PASSED] - orPath_PaymentReady = "Object Repository/RAD_Pages/PaymentReady_Page": null

2024-03-07 23:55:42 - [TEST_STEP][PASSED] - orPath_PaymentEntry = "Object Repository/RAD_Pages/PaymentEntry_Page": null

2024-03-07 23:55:42 - [TEST_STEP][PASSED] - orPath_PaymentConfirmation = "Object Repository/RAD_Pages/PaymentConfirmation_Page": null

2024-03-07 23:55:42 - [TEST_STEP][PASSED] - orPath_ServiceFeesAccept = "Object Repository/RAD_Pages/ServiceFeeAccept_Page": null

2024-03-07 23:55:42 - [TEST_STEP][PASSED] - selectOptionByLabel(findTestObject(orPath_Landing + "/dd_TaxType"), Paymenttype, false): All options with label 'Existing Liability w/Notice Number' are selected in object 'Object Repository/RAD_Pages/Landing_Page/dd_TaxType' 

2024-03-07 23:55:43 - [MESSAGE][PASSED] - All options with label 'Existing Liability w/Notice Number' are selected in object 'Object Repository/RAD_Pages/Landing_Page/dd_TaxType' 

2024-03-07 23:55:43 - [TEST_STEP][PASSED] - delay(1): Delayed 1 second(s)

2024-03-07 23:55:44 - [MESSAGE][PASSED] - Delayed 1 second(s)

2024-03-07 23:55:44 - [TEST_STEP][PASSED] - switch (Paymenttype): null

2024-03-07 23:55:44 - [TEST_STEP][PASSED] - case "Existing Liability w/Notice Number":: null

2024-03-07 23:55:44 - [TEST_STEP][PASSED] - selectOptionByLabel(findTestObject(orPath_TaxTypeFilingYear + "/select_TaxType_ExistingLiability"), Taxtype, false): All options with label 'Fiduciary Tax' are selected in object 'Object Repository/RAD_Pages/TaxTypeFilingYear_Page/select_TaxType_ExistingLiability' 

2024-03-07 23:55:45 - [MESSAGE][PASSED] - All options with label 'Fiduciary Tax' are selected in object 'Object Repository/RAD_Pages/TaxTypeFilingYear_Page/select_TaxType_ExistingLiability' 

2024-03-07 23:55:45 - [TEST_STEP][PASSED] - break: null

2024-03-07 23:55:45 - [TEST_STEP][PASSED] - delay(1): Delayed 1 second(s)

2024-03-07 23:55:46 - [MESSAGE][PASSED] - Delayed 1 second(s)

2024-03-07 23:55:46 - [TEST_STEP][PASSED] - switch (Paymenttype): null

2024-03-07 23:55:46 - [TEST_STEP][PASSED] - case "Existing Liability w/Notice Number":: null

2024-03-07 23:55:46 - [TEST_STEP][PASSED] - if (feinSsn.equalsIgnoreCase("Y")): null

2024-03-07 23:55:46 - [TEST_STEP][PASSED] - else: Text ****** has been set on object 'Object Repository/RAD_RecordAndPlay/input_Existing_RetypeFEIN'

2024-03-07 23:55:46 - [TEST_STEP][PASSED] - setEncryptedText(findTestObject("Object Repository/RAD_RecordAndPlay/input_Existing_FEIN"), "iGDxf8hSRT4="): Text ****** has been set on object 'Object Repository/RAD_RecordAndPlay/input_Existing_FEIN'

2024-03-07 23:55:46 - [MESSAGE][PASSED] - Text ****** has been set on object 'Object Repository/RAD_RecordAndPlay/input_Existing_FEIN'

2024-03-07 23:55:46 - [TEST_STEP][PASSED] - setEncryptedText(findTestObject("Object Repository/RAD_RecordAndPlay/input_Existing_RetypeFEIN"), ""): Text ****** has been set on object 'Object Repository/RAD_RecordAndPlay/input_Existing_RetypeFEIN'

2024-03-07 23:55:47 - [MESSAGE][PASSED] - Text ****** has been set on object 'Object Repository/RAD_RecordAndPlay/input_Existing_RetypeFEIN'

2024-03-07 23:55:47 - [TEST_STEP][PASSED] - break: null

2024-03-07 23:55:47 - [TEST_STEP][PASSED] - if (feinSsn.equalsIgnoreCase("Y")): null

2024-03-07 23:55:47 - [TEST_STEP][PASSED] - else: null

2024-03-07 23:55:47 - [TEST_STEP][PASSED] - if (verifyTextPresent("Please enter a valid FEIN with 9 digits.", true)): null

2024-03-07 23:55:47 - [MESSAGE][PASSED] - Text 'Please enter a valid FEIN with 9 digits.' is present on page  using regular expression

2024-03-07 23:55:47 - [TEST_STEP][PASSED] - println("Error Message is present on the page"): null

2024-03-07 23:55:47 - [TEST_STEP][PASSED] - out.println("Pass Record Number: " + row): null

2024-03-07 23:55:47 - [TEST_STEP][PASSED] - resText = "Pass": null

2024-03-07 23:55:47 - [TEST_STEP][PASSED] - pages.WriteExcel.demoKey(resText, datText, resColumn, datCloumn, fileLoc, nameSheet, row): pages.WriteExcel.demoKey is PASSED

2024-03-07 23:55:47 - [MESSAGE][PASSED] - pages.WriteExcel.demoKey is PASSED

2024-03-07 23:55:47 - [TEST_STEP][PASSED] - ExecuteTC = findTestData(dataFile).getValue("Execute", row): null

2024-03-07 23:55:48 - [TEST_STEP][PASSED] - Taxtype = findTestData(dataFile).getValue("TaxType", row): null

2024-03-07 23:55:48 - [TEST_STEP][PASSED] - Paymenttype = findTestData(dataFile).getValue("PaymentType", row): null

2024-03-07 23:55:48 - [TEST_STEP][PASSED] - feinSsn = findTestData(dataFile).getValue("FEINSSN", row): null

2024-03-07 23:55:48 - [TEST_STEP][PASSED] - out.println("Value of Execute is : " + ExecuteTC): null

2024-03-07 23:55:48 - [TEST_STEP][PASSED] - if (ExecuteTC.equalsIgnoreCase("Y")): null

2024-03-07 23:55:48 - [TEST_STEP][PASSED] - out.println("Begin Record Number: " + row): null

2024-03-07 23:55:48 - [TEST_STEP][PASSED] - today = new java.util.Date(): null

2024-03-07 23:55:48 - [TEST_STEP][PASSED] - println(today): null

2024-03-07 23:55:48 - [TEST_STEP][PASSED] - datText = today: null

2024-03-07 23:55:48 - [TEST_STEP][PASSED] - Taxtype = findTestData(dataFile).getValue("TaxType", row): null

2024-03-07 23:55:48 - [TEST_STEP][PASSED] - out.println("Taxtype value is : " + Taxtype): null

2024-03-07 23:55:48 - [TEST_STEP][PASSED] - openBrowser(""): Browser is opened with url: ''

2024-03-07 23:55:48 - [MESSAGE][WARNING] - A browser is already opened. Closing browser and opening a new one

2024-03-07 23:56:04 - [MESSAGE][INFO] - Starting 'Chrome' driver

2024-03-07 23:56:04 - [MESSAGE][INFO] - User set preference: ['acceptInsecureCerts', 'true']

2024-03-07 23:56:04 - [MESSAGE][INFO] - Action delay is set to 0 milliseconds

2024-03-07 23:56:05 - [MESSAGE][PASSED] - Browser is opened with url: ''

2024-03-07 23:56:05 - [TEST_STEP][PASSED] - maximizeWindow(): Current window maximized

2024-03-07 23:56:05 - [MESSAGE][PASSED] - Current window maximized

2024-03-07 23:56:05 - [TEST_STEP][PASSED] - navigateToUrl(RADurl): Navigate to 'https://qa2.velocitypayment.com/client/rad/index.html' successfully

2024-03-07 23:56:06 - [MESSAGE][PASSED] - Navigate to 'https://qa2.velocitypayment.com/client/rad/index.html' successfully

2024-03-07 23:56:06 - [TEST_STEP][PASSED] - orPath_Landing = "Object Repository/RAD_Pages/Landing_Page": null

2024-03-07 23:56:06 - [TEST_STEP][PASSED] - orPath_TaxTypeFilingYear = "Object Repository/RAD_Pages/TaxTypeFilingYear_Page": null

2024-03-07 23:56:06 - [TEST_STEP][PASSED] - orPath_TaxPayer = "Object Repository/RAD_Pages/Taxpayer_Page": null

2024-03-07 23:56:06 - [TEST_STEP][PASSED] - orPath_AddressContact = "Object Repository/RAD_Pages/AddressAndContactInfo_Page": null

2024-03-07 23:56:06 - [TEST_STEP][PASSED] - orPath_FilingStatus = "Object Repository/RAD_Pages/FilingStatus_Page": null

2024-03-07 23:56:06 - [TEST_STEP][PASSED] - orPath_Amount = "Object Repository/RAD_Pages/PaymentAmount_Page": null

2024-03-07 23:56:06 - [TEST_STEP][PASSED] - orPath_TaxInfo = "Object Repository/RAD_Pages/TaxInfo_Page": null

2024-03-07 23:56:06 - [TEST_STEP][PASSED] - orPath_Withholding = "Object Repository/RAD_Pages/Withholding_Page": null

2024-03-07 23:56:06 - [TEST_STEP][PASSED] - orPath_Summary = "Object Repository/RAD_Pages/Summary_Page": null

2024-03-07 23:56:06 - [TEST_STEP][PASSED] - orPath_PaymentReady = "Object Repository/RAD_Pages/PaymentReady_Page": null

2024-03-07 23:56:06 - [TEST_STEP][PASSED] - orPath_PaymentEntry = "Object Repository/RAD_Pages/PaymentEntry_Page": null

2024-03-07 23:56:06 - [TEST_STEP][PASSED] - orPath_PaymentConfirmation = "Object Repository/RAD_Pages/PaymentConfirmation_Page": null

2024-03-07 23:56:06 - [TEST_STEP][PASSED] - orPath_ServiceFeesAccept = "Object Repository/RAD_Pages/ServiceFeeAccept_Page": null

2024-03-07 23:56:06 - [TEST_STEP][PASSED] - selectOptionByLabel(findTestObject(orPath_Landing + "/dd_TaxType"), Paymenttype, false): All options with label 'Existing Liability w/Notice Number' are selected in object 'Object Repository/RAD_Pages/Landing_Page/dd_TaxType' 

2024-03-07 23:56:08 - [MESSAGE][PASSED] - All options with label 'Existing Liability w/Notice Number' are selected in object 'Object Repository/RAD_Pages/Landing_Page/dd_TaxType' 

2024-03-07 23:56:08 - [TEST_STEP][PASSED] - delay(1): Delayed 1 second(s)

2024-03-07 23:56:09 - [MESSAGE][PASSED] - Delayed 1 second(s)

2024-03-07 23:56:09 - [TEST_STEP][PASSED] - switch (Paymenttype): null

2024-03-07 23:56:09 - [TEST_STEP][PASSED] - case "Existing Liability w/Notice Number":: null

2024-03-07 23:56:09 - [TEST_STEP][PASSED] - selectOptionByLabel(findTestObject(orPath_TaxTypeFilingYear + "/select_TaxType_ExistingLiability"), Taxtype, false): All options with label 'PTE Non-Electing Non-S Corp' are selected in object 'Object Repository/RAD_Pages/TaxTypeFilingYear_Page/select_TaxType_ExistingLiability' 

2024-03-07 23:56:10 - [MESSAGE][PASSED] - All options with label 'PTE Non-Electing Non-S Corp' are selected in object 'Object Repository/RAD_Pages/TaxTypeFilingYear_Page/select_TaxType_ExistingLiability' 

2024-03-07 23:56:10 - [TEST_STEP][PASSED] - break: null

2024-03-07 23:56:10 - [TEST_STEP][PASSED] - delay(1): Delayed 1 second(s)

2024-03-07 23:56:11 - [MESSAGE][PASSED] - Delayed 1 second(s)

2024-03-07 23:56:11 - [TEST_STEP][PASSED] - switch (Paymenttype): null

2024-03-07 23:56:11 - [TEST_STEP][PASSED] - case "Existing Liability w/Notice Number":: null

2024-03-07 23:56:11 - [TEST_STEP][PASSED] - if (feinSsn.equalsIgnoreCase("Y")): Text ****** has been set on object 'Object Repository/RAD_Pages/TaxInfo_Page/input_TaxInfo_RetypefeinSsn_Existing_New'

2024-03-07 23:56:11 - [TEST_STEP][PASSED] - setEncryptedText(findTestObject(orPath_TaxInfo + "/input_TaxInfo_feinSsn_Existing_New"), "iGDxf8hSRT4="): Text ****** has been set on object 'Object Repository/RAD_Pages/TaxInfo_Page/input_TaxInfo_feinSsn_Existing_New'

2024-03-07 23:56:11 - [MESSAGE][PASSED] - Text ****** has been set on object 'Object Repository/RAD_Pages/TaxInfo_Page/input_TaxInfo_feinSsn_Existing_New'

2024-03-07 23:56:11 - [TEST_STEP][PASSED] - setEncryptedText(findTestObject(orPath_TaxInfo + "/input_TaxInfo_RetypefeinSsn_Existing_New"), ""): Text ****** has been set on object 'Object Repository/RAD_Pages/TaxInfo_Page/input_TaxInfo_RetypefeinSsn_Existing_New'

2024-03-07 23:56:12 - [MESSAGE][PASSED] - Text ****** has been set on object 'Object Repository/RAD_Pages/TaxInfo_Page/input_TaxInfo_RetypefeinSsn_Existing_New'

2024-03-07 23:56:12 - [TEST_STEP][PASSED] - break: null

2024-03-07 23:56:12 - [TEST_STEP][PASSED] - if (feinSsn.equalsIgnoreCase("Y")): null

2024-03-07 23:56:12 - [TEST_STEP][PASSED] - if (verifyTextPresent("Please enter a valid FEIN/SSN with 9 digits", true)): null

2024-03-07 23:56:13 - [MESSAGE][PASSED] - Text 'Please enter a valid FEIN/SSN with 9 digits' is present on page  using regular expression

2024-03-07 23:56:13 - [TEST_STEP][PASSED] - println("Error Message is present on the page"): null

2024-03-07 23:56:13 - [TEST_STEP][PASSED] - out.println("Pass Record Number: " + row): null

2024-03-07 23:56:13 - [TEST_STEP][PASSED] - resText = "Pass": null

2024-03-07 23:56:13 - [TEST_STEP][PASSED] - pages.WriteExcel.demoKey(resText, datText, resColumn, datCloumn, fileLoc, nameSheet, row): pages.WriteExcel.demoKey is PASSED

2024-03-07 23:56:13 - [MESSAGE][PASSED] - pages.WriteExcel.demoKey is PASSED

2024-03-07 23:56:13 - [TEST_STEP][PASSED] - ExecuteTC = findTestData(dataFile).getValue("Execute", row): null

2024-03-07 23:56:13 - [TEST_STEP][PASSED] - Taxtype = findTestData(dataFile).getValue("TaxType", row): null

2024-03-07 23:56:13 - [TEST_STEP][PASSED] - Paymenttype = findTestData(dataFile).getValue("PaymentType", row): null

2024-03-07 23:56:13 - [TEST_STEP][PASSED] - feinSsn = findTestData(dataFile).getValue("FEINSSN", row): null

2024-03-07 23:56:13 - [TEST_STEP][PASSED] - out.println("Value of Execute is : " + ExecuteTC): null

2024-03-07 23:56:13 - [TEST_STEP][PASSED] - if (ExecuteTC.equalsIgnoreCase("Y")): null

2024-03-07 23:56:13 - [TEST_STEP][PASSED] - out.println("Begin Record Number: " + row): null

2024-03-07 23:56:13 - [TEST_STEP][PASSED] - today = new java.util.Date(): null

2024-03-07 23:56:13 - [TEST_STEP][PASSED] - println(today): null

2024-03-07 23:56:13 - [TEST_STEP][PASSED] - datText = today: null

2024-03-07 23:56:13 - [TEST_STEP][PASSED] - Taxtype = findTestData(dataFile).getValue("TaxType", row): null

2024-03-07 23:56:13 - [TEST_STEP][PASSED] - out.println("Taxtype value is : " + Taxtype): null

2024-03-07 23:56:13 - [TEST_STEP][PASSED] - openBrowser(""): Browser is opened with url: ''

2024-03-07 23:56:13 - [MESSAGE][WARNING] - A browser is already opened. Closing browser and opening a new one

2024-03-07 23:56:38 - [MESSAGE][INFO] - Starting 'Chrome' driver

2024-03-07 23:56:38 - [MESSAGE][INFO] - User set preference: ['acceptInsecureCerts', 'true']

2024-03-07 23:56:38 - [MESSAGE][INFO] - Action delay is set to 0 milliseconds

2024-03-07 23:56:40 - [MESSAGE][PASSED] - Browser is opened with url: ''

2024-03-07 23:56:40 - [TEST_STEP][PASSED] - maximizeWindow(): Current window maximized

2024-03-07 23:56:40 - [MESSAGE][PASSED] - Current window maximized

2024-03-07 23:56:40 - [TEST_STEP][PASSED] - navigateToUrl(RADurl): Navigate to 'https://qa2.velocitypayment.com/client/rad/index.html' successfully

2024-03-07 23:56:52 - [MESSAGE][PASSED] - Navigate to 'https://qa2.velocitypayment.com/client/rad/index.html' successfully

2024-03-07 23:56:52 - [TEST_STEP][PASSED] - orPath_Landing = "Object Repository/RAD_Pages/Landing_Page": null

2024-03-07 23:56:52 - [TEST_STEP][PASSED] - orPath_TaxTypeFilingYear = "Object Repository/RAD_Pages/TaxTypeFilingYear_Page": null

2024-03-07 23:56:52 - [TEST_STEP][PASSED] - orPath_TaxPayer = "Object Repository/RAD_Pages/Taxpayer_Page": null

2024-03-07 23:56:52 - [TEST_STEP][PASSED] - orPath_AddressContact = "Object Repository/RAD_Pages/AddressAndContactInfo_Page": null

2024-03-07 23:56:52 - [TEST_STEP][PASSED] - orPath_FilingStatus = "Object Repository/RAD_Pages/FilingStatus_Page": null

2024-03-07 23:56:52 - [TEST_STEP][PASSED] - orPath_Amount = "Object Repository/RAD_Pages/PaymentAmount_Page": null

2024-03-07 23:56:52 - [TEST_STEP][PASSED] - orPath_TaxInfo = "Object Repository/RAD_Pages/TaxInfo_Page": null

2024-03-07 23:56:52 - [TEST_STEP][PASSED] - orPath_Withholding = "Object Repository/RAD_Pages/Withholding_Page": null

2024-03-07 23:56:52 - [TEST_STEP][PASSED] - orPath_Summary = "Object Repository/RAD_Pages/Summary_Page": null

2024-03-07 23:56:52 - [TEST_STEP][PASSED] - orPath_PaymentReady = "Object Repository/RAD_Pages/PaymentReady_Page": null

2024-03-07 23:56:52 - [TEST_STEP][PASSED] - orPath_PaymentEntry = "Object Repository/RAD_Pages/PaymentEntry_Page": null

2024-03-07 23:56:52 - [TEST_STEP][PASSED] - orPath_PaymentConfirmation = "Object Repository/RAD_Pages/PaymentConfirmation_Page": null

2024-03-07 23:56:52 - [TEST_STEP][PASSED] - orPath_ServiceFeesAccept = "Object Repository/RAD_Pages/ServiceFeeAccept_Page": null

2024-03-07 23:56:52 - [TEST_STEP][PASSED] - selectOptionByLabel(findTestObject(orPath_Landing + "/dd_TaxType"), Paymenttype, false): All options with label 'Existing Liability w/Notice Number' are selected in object 'Object Repository/RAD_Pages/Landing_Page/dd_TaxType' 

2024-03-07 23:56:53 - [MESSAGE][PASSED] - All options with label 'Existing Liability w/Notice Number' are selected in object 'Object Repository/RAD_Pages/Landing_Page/dd_TaxType' 

2024-03-07 23:56:53 - [TEST_STEP][PASSED] - delay(1): Delayed 1 second(s)

2024-03-07 23:56:54 - [MESSAGE][PASSED] - Delayed 1 second(s)

2024-03-07 23:56:54 - [TEST_STEP][PASSED] - switch (Paymenttype): null

2024-03-07 23:56:54 - [TEST_STEP][PASSED] - case "Existing Liability w/Notice Number":: null

2024-03-07 23:56:54 - [TEST_STEP][PASSED] - selectOptionByLabel(findTestObject(orPath_TaxTypeFilingYear + "/select_TaxType_ExistingLiability"), Taxtype, false): All options with label 'PTE Non-Electing S Corp' are selected in object 'Object Repository/RAD_Pages/TaxTypeFilingYear_Page/select_TaxType_ExistingLiability' 

2024-03-07 23:56:55 - [MESSAGE][PASSED] - All options with label 'PTE Non-Electing S Corp' are selected in object 'Object Repository/RAD_Pages/TaxTypeFilingYear_Page/select_TaxType_ExistingLiability' 

2024-03-07 23:56:55 - [TEST_STEP][PASSED] - break: null

2024-03-07 23:56:55 - [TEST_STEP][PASSED] - delay(1): Delayed 1 second(s)

2024-03-07 23:56:56 - [MESSAGE][PASSED] - Delayed 1 second(s)

2024-03-07 23:56:56 - [TEST_STEP][PASSED] - switch (Paymenttype): null

2024-03-07 23:56:56 - [TEST_STEP][PASSED] - case "Existing Liability w/Notice Number":: null

2024-03-07 23:56:56 - [TEST_STEP][PASSED] - if (feinSsn.equalsIgnoreCase("Y")): Text ****** has been set on object 'Object Repository/RAD_Pages/TaxInfo_Page/input_TaxInfo_RetypefeinSsn_Existing_New'

2024-03-07 23:56:56 - [TEST_STEP][PASSED] - setEncryptedText(findTestObject(orPath_TaxInfo + "/input_TaxInfo_feinSsn_Existing_New"), "iGDxf8hSRT4="): Text ****** has been set on object 'Object Repository/RAD_Pages/TaxInfo_Page/input_TaxInfo_feinSsn_Existing_New'

2024-03-07 23:56:56 - [MESSAGE][PASSED] - Text ****** has been set on object 'Object Repository/RAD_Pages/TaxInfo_Page/input_TaxInfo_feinSsn_Existing_New'

2024-03-07 23:56:56 - [TEST_STEP][PASSED] - setEncryptedText(findTestObject(orPath_TaxInfo + "/input_TaxInfo_RetypefeinSsn_Existing_New"), ""): Text ****** has been set on object 'Object Repository/RAD_Pages/TaxInfo_Page/input_TaxInfo_RetypefeinSsn_Existing_New'

2024-03-07 23:56:57 - [MESSAGE][PASSED] - Text ****** has been set on object 'Object Repository/RAD_Pages/TaxInfo_Page/input_TaxInfo_RetypefeinSsn_Existing_New'

2024-03-07 23:56:57 - [TEST_STEP][PASSED] - break: null

2024-03-07 23:56:57 - [TEST_STEP][PASSED] - if (feinSsn.equalsIgnoreCase("Y")): null

2024-03-07 23:56:57 - [TEST_STEP][PASSED] - if (verifyTextPresent("Please enter a valid FEIN/SSN with 9 digits", true)): null

2024-03-07 23:56:57 - [MESSAGE][PASSED] - Text 'Please enter a valid FEIN/SSN with 9 digits' is present on page  using regular expression

2024-03-07 23:56:57 - [TEST_STEP][PASSED] - println("Error Message is present on the page"): null

2024-03-07 23:56:57 - [TEST_STEP][PASSED] - out.println("Pass Record Number: " + row): null

2024-03-07 23:56:57 - [TEST_STEP][PASSED] - resText = "Pass": null

2024-03-07 23:56:57 - [TEST_STEP][PASSED] - pages.WriteExcel.demoKey(resText, datText, resColumn, datCloumn, fileLoc, nameSheet, row): pages.WriteExcel.demoKey is PASSED

2024-03-07 23:56:58 - [MESSAGE][PASSED] - pages.WriteExcel.demoKey is PASSED

2024-03-07 23:56:58 - [TEST_STEP][PASSED] - ExecuteTC = findTestData(dataFile).getValue("Execute", row): null

2024-03-07 23:56:58 - [TEST_STEP][PASSED] - Taxtype = findTestData(dataFile).getValue("TaxType", row): null

2024-03-07 23:56:58 - [TEST_STEP][PASSED] - Paymenttype = findTestData(dataFile).getValue("PaymentType", row): null

2024-03-07 23:56:58 - [TEST_STEP][PASSED] - feinSsn = findTestData(dataFile).getValue("FEINSSN", row): null

2024-03-07 23:56:58 - [TEST_STEP][PASSED] - out.println("Value of Execute is : " + ExecuteTC): null

2024-03-07 23:56:58 - [TEST_STEP][PASSED] - if (ExecuteTC.equalsIgnoreCase("Y")): null

2024-03-07 23:56:58 - [TEST_STEP][PASSED] - out.println("Begin Record Number: " + row): null

2024-03-07 23:56:58 - [TEST_STEP][PASSED] - today = new java.util.Date(): null

2024-03-07 23:56:58 - [TEST_STEP][PASSED] - println(today): null

2024-03-07 23:56:58 - [TEST_STEP][PASSED] - datText = today: null

2024-03-07 23:56:58 - [TEST_STEP][PASSED] - Taxtype = findTestData(dataFile).getValue("TaxType", row): null

2024-03-07 23:56:58 - [TEST_STEP][PASSED] - out.println("Taxtype value is : " + Taxtype): null

2024-03-07 23:56:58 - [TEST_STEP][PASSED] - openBrowser(""): Browser is opened with url: ''

2024-03-07 23:56:58 - [MESSAGE][WARNING] - A browser is already opened. Closing browser and opening a new one

2024-03-07 23:57:10 - [MESSAGE][INFO] - Starting 'Chrome' driver

2024-03-07 23:57:10 - [MESSAGE][INFO] - User set preference: ['acceptInsecureCerts', 'true']

2024-03-07 23:57:10 - [MESSAGE][INFO] - Action delay is set to 0 milliseconds

2024-03-07 23:57:12 - [MESSAGE][PASSED] - Browser is opened with url: ''

2024-03-07 23:57:12 - [TEST_STEP][PASSED] - maximizeWindow(): Current window maximized

2024-03-07 23:57:12 - [MESSAGE][PASSED] - Current window maximized

2024-03-07 23:57:12 - [TEST_STEP][PASSED] - navigateToUrl(RADurl): Navigate to 'https://qa2.velocitypayment.com/client/rad/index.html' successfully

2024-03-07 23:57:13 - [MESSAGE][PASSED] - Navigate to 'https://qa2.velocitypayment.com/client/rad/index.html' successfully

2024-03-07 23:57:13 - [TEST_STEP][PASSED] - orPath_Landing = "Object Repository/RAD_Pages/Landing_Page": null

2024-03-07 23:57:13 - [TEST_STEP][PASSED] - orPath_TaxTypeFilingYear = "Object Repository/RAD_Pages/TaxTypeFilingYear_Page": null

2024-03-07 23:57:13 - [TEST_STEP][PASSED] - orPath_TaxPayer = "Object Repository/RAD_Pages/Taxpayer_Page": null

2024-03-07 23:57:13 - [TEST_STEP][PASSED] - orPath_AddressContact = "Object Repository/RAD_Pages/AddressAndContactInfo_Page": null

2024-03-07 23:57:13 - [TEST_STEP][PASSED] - orPath_FilingStatus = "Object Repository/RAD_Pages/FilingStatus_Page": null

2024-03-07 23:57:13 - [TEST_STEP][PASSED] - orPath_Amount = "Object Repository/RAD_Pages/PaymentAmount_Page": null

2024-03-07 23:57:13 - [TEST_STEP][PASSED] - orPath_TaxInfo = "Object Repository/RAD_Pages/TaxInfo_Page": null

2024-03-07 23:57:13 - [TEST_STEP][PASSED] - orPath_Withholding = "Object Repository/RAD_Pages/Withholding_Page": null

2024-03-07 23:57:13 - [TEST_STEP][PASSED] - orPath_Summary = "Object Repository/RAD_Pages/Summary_Page": null

2024-03-07 23:57:13 - [TEST_STEP][PASSED] - orPath_PaymentReady = "Object Repository/RAD_Pages/PaymentReady_Page": null

2024-03-07 23:57:13 - [TEST_STEP][PASSED] - orPath_PaymentEntry = "Object Repository/RAD_Pages/PaymentEntry_Page": null

2024-03-07 23:57:13 - [TEST_STEP][PASSED] - orPath_PaymentConfirmation = "Object Repository/RAD_Pages/PaymentConfirmation_Page": null

2024-03-07 23:57:13 - [TEST_STEP][PASSED] - orPath_ServiceFeesAccept = "Object Repository/RAD_Pages/ServiceFeeAccept_Page": null

2024-03-07 23:57:13 - [TEST_STEP][PASSED] - selectOptionByLabel(findTestObject(orPath_Landing + "/dd_TaxType"), Paymenttype, false): All options with label 'Existing Liability w/Notice Number' are selected in object 'Object Repository/RAD_Pages/Landing_Page/dd_TaxType' 

2024-03-07 23:57:14 - [MESSAGE][PASSED] - All options with label 'Existing Liability w/Notice Number' are selected in object 'Object Repository/RAD_Pages/Landing_Page/dd_TaxType' 

2024-03-07 23:57:14 - [TEST_STEP][PASSED] - delay(1): Delayed 1 second(s)

2024-03-07 23:57:15 - [MESSAGE][PASSED] - Delayed 1 second(s)

2024-03-07 23:57:15 - [TEST_STEP][PASSED] - switch (Paymenttype): null

2024-03-07 23:57:15 - [TEST_STEP][PASSED] - case "Existing Liability w/Notice Number":: null

2024-03-07 23:57:15 - [TEST_STEP][PASSED] - selectOptionByLabel(findTestObject(orPath_TaxTypeFilingYear + "/select_TaxType_ExistingLiability"), Taxtype, false): All options with label 'Sales & Use Tax' are selected in object 'Object Repository/RAD_Pages/TaxTypeFilingYear_Page/select_TaxType_ExistingLiability' 

2024-03-07 23:57:16 - [MESSAGE][PASSED] - All options with label 'Sales & Use Tax' are selected in object 'Object Repository/RAD_Pages/TaxTypeFilingYear_Page/select_TaxType_ExistingLiability' 

2024-03-07 23:57:16 - [TEST_STEP][PASSED] - break: null

2024-03-07 23:57:16 - [TEST_STEP][PASSED] - delay(1): Delayed 1 second(s)

2024-03-07 23:57:17 - [MESSAGE][PASSED] - Delayed 1 second(s)

2024-03-07 23:57:17 - [TEST_STEP][PASSED] - switch (Paymenttype): null

2024-03-07 23:57:17 - [TEST_STEP][PASSED] - case "Existing Liability w/Notice Number":: null

2024-03-07 23:57:17 - [TEST_STEP][PASSED] - if (feinSsn.equalsIgnoreCase("Y")): null

2024-03-07 23:57:17 - [TEST_STEP][PASSED] - else: Text ****** has been set on object 'Object Repository/RAD_RecordAndPlay/input_Existing_RetypeFEIN'

2024-03-07 23:57:17 - [TEST_STEP][PASSED] - setEncryptedText(findTestObject("Object Repository/RAD_RecordAndPlay/input_Existing_FEIN"), "iGDxf8hSRT4="): Text ****** has been set on object 'Object Repository/RAD_RecordAndPlay/input_Existing_FEIN'

2024-03-07 23:57:17 - [MESSAGE][PASSED] - Text ****** has been set on object 'Object Repository/RAD_RecordAndPlay/input_Existing_FEIN'

2024-03-07 23:57:17 - [TEST_STEP][PASSED] - setEncryptedText(findTestObject("Object Repository/RAD_RecordAndPlay/input_Existing_RetypeFEIN"), ""): Text ****** has been set on object 'Object Repository/RAD_RecordAndPlay/input_Existing_RetypeFEIN'

2024-03-07 23:57:18 - [MESSAGE][PASSED] - Text ****** has been set on object 'Object Repository/RAD_RecordAndPlay/input_Existing_RetypeFEIN'

2024-03-07 23:57:18 - [TEST_STEP][PASSED] - break: null

2024-03-07 23:57:18 - [TEST_STEP][PASSED] - if (feinSsn.equalsIgnoreCase("Y")): null

2024-03-07 23:57:18 - [TEST_STEP][PASSED] - else: null

2024-03-07 23:57:18 - [TEST_STEP][PASSED] - if (verifyTextPresent("Please enter a valid FEIN with 9 digits.", true)): null

2024-03-07 23:57:19 - [MESSAGE][PASSED] - Text 'Please enter a valid FEIN with 9 digits.' is present on page  using regular expression

2024-03-07 23:57:19 - [TEST_STEP][PASSED] - println("Error Message is present on the page"): null

2024-03-07 23:57:19 - [TEST_STEP][PASSED] - out.println("Pass Record Number: " + row): null

2024-03-07 23:57:19 - [TEST_STEP][PASSED] - resText = "Pass": null

2024-03-07 23:57:19 - [TEST_STEP][PASSED] - pages.WriteExcel.demoKey(resText, datText, resColumn, datCloumn, fileLoc, nameSheet, row): pages.WriteExcel.demoKey is PASSED

2024-03-07 23:57:19 - [MESSAGE][PASSED] - pages.WriteExcel.demoKey is PASSED

2024-03-07 23:57:19 - [TEST_STEP][PASSED] - ExecuteTC = findTestData(dataFile).getValue("Execute", row): null

2024-03-07 23:57:19 - [TEST_STEP][PASSED] - Taxtype = findTestData(dataFile).getValue("TaxType", row): null

2024-03-07 23:57:19 - [TEST_STEP][PASSED] - Paymenttype = findTestData(dataFile).getValue("PaymentType", row): null

2024-03-07 23:57:19 - [TEST_STEP][PASSED] - feinSsn = findTestData(dataFile).getValue("FEINSSN", row): null

2024-03-07 23:57:19 - [TEST_STEP][PASSED] - out.println("Value of Execute is : " + ExecuteTC): null

2024-03-07 23:57:19 - [TEST_STEP][PASSED] - if (ExecuteTC.equalsIgnoreCase("Y")): null

2024-03-07 23:57:19 - [TEST_STEP][PASSED] - out.println("Begin Record Number: " + row): null

2024-03-07 23:57:19 - [TEST_STEP][PASSED] - today = new java.util.Date(): null

2024-03-07 23:57:19 - [TEST_STEP][PASSED] - println(today): null

2024-03-07 23:57:19 - [TEST_STEP][PASSED] - datText = today: null

2024-03-07 23:57:19 - [TEST_STEP][PASSED] - Taxtype = findTestData(dataFile).getValue("TaxType", row): null

2024-03-07 23:57:19 - [TEST_STEP][PASSED] - out.println("Taxtype value is : " + Taxtype): null

2024-03-07 23:57:19 - [TEST_STEP][PASSED] - openBrowser(""): Browser is opened with url: ''

2024-03-07 23:57:19 - [MESSAGE][WARNING] - A browser is already opened. Closing browser and opening a new one

2024-03-07 23:57:29 - [MESSAGE][INFO] - Starting 'Chrome' driver

2024-03-07 23:57:29 - [MESSAGE][INFO] - User set preference: ['acceptInsecureCerts', 'true']

2024-03-07 23:57:29 - [MESSAGE][INFO] - Action delay is set to 0 milliseconds

2024-03-07 23:57:31 - [MESSAGE][PASSED] - Browser is opened with url: ''

2024-03-07 23:57:31 - [TEST_STEP][PASSED] - maximizeWindow(): Current window maximized

2024-03-07 23:57:31 - [MESSAGE][PASSED] - Current window maximized

2024-03-07 23:57:31 - [TEST_STEP][PASSED] - navigateToUrl(RADurl): Navigate to 'https://qa2.velocitypayment.com/client/rad/index.html' successfully

2024-03-07 23:57:39 - [MESSAGE][PASSED] - Navigate to 'https://qa2.velocitypayment.com/client/rad/index.html' successfully

2024-03-07 23:57:39 - [TEST_STEP][PASSED] - orPath_Landing = "Object Repository/RAD_Pages/Landing_Page": null

2024-03-07 23:57:39 - [TEST_STEP][PASSED] - orPath_TaxTypeFilingYear = "Object Repository/RAD_Pages/TaxTypeFilingYear_Page": null

2024-03-07 23:57:39 - [TEST_STEP][PASSED] - orPath_TaxPayer = "Object Repository/RAD_Pages/Taxpayer_Page": null

2024-03-07 23:57:39 - [TEST_STEP][PASSED] - orPath_AddressContact = "Object Repository/RAD_Pages/AddressAndContactInfo_Page": null

2024-03-07 23:57:39 - [TEST_STEP][PASSED] - orPath_FilingStatus = "Object Repository/RAD_Pages/FilingStatus_Page": null

2024-03-07 23:57:39 - [TEST_STEP][PASSED] - orPath_Amount = "Object Repository/RAD_Pages/PaymentAmount_Page": null

2024-03-07 23:57:39 - [TEST_STEP][PASSED] - orPath_TaxInfo = "Object Repository/RAD_Pages/TaxInfo_Page": null

2024-03-07 23:57:39 - [TEST_STEP][PASSED] - orPath_Withholding = "Object Repository/RAD_Pages/Withholding_Page": null

2024-03-07 23:57:39 - [TEST_STEP][PASSED] - orPath_Summary = "Object Repository/RAD_Pages/Summary_Page": null

2024-03-07 23:57:39 - [TEST_STEP][PASSED] - orPath_PaymentReady = "Object Repository/RAD_Pages/PaymentReady_Page": null

2024-03-07 23:57:39 - [TEST_STEP][PASSED] - orPath_PaymentEntry = "Object Repository/RAD_Pages/PaymentEntry_Page": null

2024-03-07 23:57:39 - [TEST_STEP][PASSED] - orPath_PaymentConfirmation = "Object Repository/RAD_Pages/PaymentConfirmation_Page": null

2024-03-07 23:57:39 - [TEST_STEP][PASSED] - orPath_ServiceFeesAccept = "Object Repository/RAD_Pages/ServiceFeeAccept_Page": null

2024-03-07 23:57:39 - [TEST_STEP][PASSED] - selectOptionByLabel(findTestObject(orPath_Landing + "/dd_TaxType"), Paymenttype, false): All options with label 'Existing Liability w/Notice Number' are selected in object 'Object Repository/RAD_Pages/Landing_Page/dd_TaxType' 

2024-03-07 23:57:39 - [MESSAGE][PASSED] - All options with label 'Existing Liability w/Notice Number' are selected in object 'Object Repository/RAD_Pages/Landing_Page/dd_TaxType' 

2024-03-07 23:57:39 - [TEST_STEP][PASSED] - delay(1): Delayed 1 second(s)

2024-03-07 23:57:40 - [MESSAGE][PASSED] - Delayed 1 second(s)

2024-03-07 23:57:40 - [TEST_STEP][PASSED] - switch (Paymenttype): null

2024-03-07 23:57:40 - [TEST_STEP][PASSED] - case "Existing Liability w/Notice Number":: null

2024-03-07 23:57:40 - [TEST_STEP][PASSED] - selectOptionByLabel(findTestObject(orPath_TaxTypeFilingYear + "/select_TaxType_ExistingLiability"), Taxtype, false): All options with label 'Tire Recycling Fee' are selected in object 'Object Repository/RAD_Pages/TaxTypeFilingYear_Page/select_TaxType_ExistingLiability' 

2024-03-07 23:57:41 - [MESSAGE][PASSED] - All options with label 'Tire Recycling Fee' are selected in object 'Object Repository/RAD_Pages/TaxTypeFilingYear_Page/select_TaxType_ExistingLiability' 

2024-03-07 23:57:41 - [TEST_STEP][PASSED] - break: null

2024-03-07 23:57:41 - [TEST_STEP][PASSED] - delay(1): Delayed 1 second(s)

2024-03-07 23:57:42 - [MESSAGE][PASSED] - Delayed 1 second(s)

2024-03-07 23:57:42 - [TEST_STEP][PASSED] - switch (Paymenttype): null

2024-03-07 23:57:42 - [TEST_STEP][PASSED] - case "Existing Liability w/Notice Number":: null

2024-03-07 23:57:42 - [TEST_STEP][PASSED] - if (feinSsn.equalsIgnoreCase("Y")): null

2024-03-07 23:57:42 - [TEST_STEP][PASSED] - else: Text ****** has been set on object 'Object Repository/RAD_RecordAndPlay/input_Existing_RetypeFEIN'

2024-03-07 23:57:42 - [TEST_STEP][PASSED] - setEncryptedText(findTestObject("Object Repository/RAD_RecordAndPlay/input_Existing_FEIN"), "iGDxf8hSRT4="): Text ****** has been set on object 'Object Repository/RAD_RecordAndPlay/input_Existing_FEIN'

2024-03-07 23:57:42 - [MESSAGE][PASSED] - Text ****** has been set on object 'Object Repository/RAD_RecordAndPlay/input_Existing_FEIN'

2024-03-07 23:57:42 - [TEST_STEP][PASSED] - setEncryptedText(findTestObject("Object Repository/RAD_RecordAndPlay/input_Existing_RetypeFEIN"), ""): Text ****** has been set on object 'Object Repository/RAD_RecordAndPlay/input_Existing_RetypeFEIN'

2024-03-07 23:57:43 - [MESSAGE][PASSED] - Text ****** has been set on object 'Object Repository/RAD_RecordAndPlay/input_Existing_RetypeFEIN'

2024-03-07 23:57:43 - [TEST_STEP][PASSED] - break: null

2024-03-07 23:57:43 - [TEST_STEP][PASSED] - if (feinSsn.equalsIgnoreCase("Y")): null

2024-03-07 23:57:43 - [TEST_STEP][PASSED] - else: null

2024-03-07 23:57:43 - [TEST_STEP][PASSED] - if (verifyTextPresent("Please enter a valid FEIN with 9 digits.", true)): null

2024-03-07 23:57:44 - [MESSAGE][PASSED] - Text 'Please enter a valid FEIN with 9 digits.' is present on page  using regular expression

2024-03-07 23:57:44 - [TEST_STEP][PASSED] - println("Error Message is present on the page"): null

2024-03-07 23:57:44 - [TEST_STEP][PASSED] - out.println("Pass Record Number: " + row): null

2024-03-07 23:57:44 - [TEST_STEP][PASSED] - resText = "Pass": null

2024-03-07 23:57:44 - [TEST_STEP][PASSED] - pages.WriteExcel.demoKey(resText, datText, resColumn, datCloumn, fileLoc, nameSheet, row): pages.WriteExcel.demoKey is PASSED

2024-03-07 23:57:44 - [MESSAGE][PASSED] - pages.WriteExcel.demoKey is PASSED

2024-03-07 23:57:44 - [TEST_STEP][PASSED] - ExecuteTC = findTestData(dataFile).getValue("Execute", row): null

2024-03-07 23:57:44 - [TEST_STEP][PASSED] - Taxtype = findTestData(dataFile).getValue("TaxType", row): null

2024-03-07 23:57:44 - [TEST_STEP][PASSED] - Paymenttype = findTestData(dataFile).getValue("PaymentType", row): null

2024-03-07 23:57:44 - [TEST_STEP][PASSED] - feinSsn = findTestData(dataFile).getValue("FEINSSN", row): null

2024-03-07 23:57:44 - [TEST_STEP][PASSED] - out.println("Value of Execute is : " + ExecuteTC): null

2024-03-07 23:57:44 - [TEST_STEP][PASSED] - if (ExecuteTC.equalsIgnoreCase("Y")): null

2024-03-07 23:57:44 - [TEST_STEP][PASSED] - out.println("Begin Record Number: " + row): null

2024-03-07 23:57:44 - [TEST_STEP][PASSED] - today = new java.util.Date(): null

2024-03-07 23:57:44 - [TEST_STEP][PASSED] - println(today): null

2024-03-07 23:57:44 - [TEST_STEP][PASSED] - datText = today: null

2024-03-07 23:57:44 - [TEST_STEP][PASSED] - Taxtype = findTestData(dataFile).getValue("TaxType", row): null

2024-03-07 23:57:44 - [TEST_STEP][PASSED] - out.println("Taxtype value is : " + Taxtype): null

2024-03-07 23:57:44 - [TEST_STEP][PASSED] - openBrowser(""): Browser is opened with url: ''

2024-03-07 23:57:44 - [MESSAGE][WARNING] - A browser is already opened. Closing browser and opening a new one

2024-03-07 23:58:05 - [MESSAGE][INFO] - Starting 'Chrome' driver

2024-03-07 23:58:05 - [MESSAGE][INFO] - User set preference: ['acceptInsecureCerts', 'true']

2024-03-07 23:58:05 - [MESSAGE][INFO] - Action delay is set to 0 milliseconds

2024-03-07 23:58:06 - [MESSAGE][PASSED] - Browser is opened with url: ''

2024-03-07 23:58:06 - [TEST_STEP][PASSED] - maximizeWindow(): Current window maximized

2024-03-07 23:58:07 - [MESSAGE][PASSED] - Current window maximized

2024-03-07 23:58:07 - [TEST_STEP][PASSED] - navigateToUrl(RADurl): Navigate to 'https://qa2.velocitypayment.com/client/rad/index.html' successfully

2024-03-07 23:58:08 - [MESSAGE][PASSED] - Navigate to 'https://qa2.velocitypayment.com/client/rad/index.html' successfully

2024-03-07 23:58:08 - [TEST_STEP][PASSED] - orPath_Landing = "Object Repository/RAD_Pages/Landing_Page": null

2024-03-07 23:58:08 - [TEST_STEP][PASSED] - orPath_TaxTypeFilingYear = "Object Repository/RAD_Pages/TaxTypeFilingYear_Page": null

2024-03-07 23:58:08 - [TEST_STEP][PASSED] - orPath_TaxPayer = "Object Repository/RAD_Pages/Taxpayer_Page": null

2024-03-07 23:58:08 - [TEST_STEP][PASSED] - orPath_AddressContact = "Object Repository/RAD_Pages/AddressAndContactInfo_Page": null

2024-03-07 23:58:08 - [TEST_STEP][PASSED] - orPath_FilingStatus = "Object Repository/RAD_Pages/FilingStatus_Page": null

2024-03-07 23:58:08 - [TEST_STEP][PASSED] - orPath_Amount = "Object Repository/RAD_Pages/PaymentAmount_Page": null

2024-03-07 23:58:08 - [TEST_STEP][PASSED] - orPath_TaxInfo = "Object Repository/RAD_Pages/TaxInfo_Page": null

2024-03-07 23:58:08 - [TEST_STEP][PASSED] - orPath_Withholding = "Object Repository/RAD_Pages/Withholding_Page": null

2024-03-07 23:58:08 - [TEST_STEP][PASSED] - orPath_Summary = "Object Repository/RAD_Pages/Summary_Page": null

2024-03-07 23:58:08 - [TEST_STEP][PASSED] - orPath_PaymentReady = "Object Repository/RAD_Pages/PaymentReady_Page": null

2024-03-07 23:58:08 - [TEST_STEP][PASSED] - orPath_PaymentEntry = "Object Repository/RAD_Pages/PaymentEntry_Page": null

2024-03-07 23:58:08 - [TEST_STEP][PASSED] - orPath_PaymentConfirmation = "Object Repository/RAD_Pages/PaymentConfirmation_Page": null

2024-03-07 23:58:08 - [TEST_STEP][PASSED] - orPath_ServiceFeesAccept = "Object Repository/RAD_Pages/ServiceFeeAccept_Page": null

2024-03-07 23:58:08 - [TEST_STEP][PASSED] - selectOptionByLabel(findTestObject(orPath_Landing + "/dd_TaxType"), Paymenttype, false): All options with label 'Existing Liability w/Notice Number' are selected in object 'Object Repository/RAD_Pages/Landing_Page/dd_TaxType' 

2024-03-07 23:58:09 - [MESSAGE][PASSED] - All options with label 'Existing Liability w/Notice Number' are selected in object 'Object Repository/RAD_Pages/Landing_Page/dd_TaxType' 

2024-03-07 23:58:09 - [TEST_STEP][PASSED] - delay(1): Delayed 1 second(s)

2024-03-07 23:58:10 - [MESSAGE][PASSED] - Delayed 1 second(s)

2024-03-07 23:58:10 - [TEST_STEP][PASSED] - switch (Paymenttype): null

2024-03-07 23:58:10 - [TEST_STEP][PASSED] - case "Existing Liability w/Notice Number":: null

2024-03-07 23:58:10 - [TEST_STEP][PASSED] - selectOptionByLabel(findTestObject(orPath_TaxTypeFilingYear + "/select_TaxType_ExistingLiability"), Taxtype, false): All options with label 'Withholding Tax' are selected in object 'Object Repository/RAD_Pages/TaxTypeFilingYear_Page/select_TaxType_ExistingLiability' 

2024-03-07 23:58:11 - [MESSAGE][PASSED] - All options with label 'Withholding Tax' are selected in object 'Object Repository/RAD_Pages/TaxTypeFilingYear_Page/select_TaxType_ExistingLiability' 

2024-03-07 23:58:11 - [TEST_STEP][PASSED] - break: null

2024-03-07 23:58:11 - [TEST_STEP][PASSED] - delay(1): Delayed 1 second(s)

2024-03-07 23:58:12 - [MESSAGE][PASSED] - Delayed 1 second(s)

2024-03-07 23:58:12 - [TEST_STEP][PASSED] - switch (Paymenttype): null

2024-03-07 23:58:12 - [TEST_STEP][PASSED] - case "Existing Liability w/Notice Number":: null

2024-03-07 23:58:12 - [TEST_STEP][PASSED] - if (feinSsn.equalsIgnoreCase("Y")): null

2024-03-07 23:58:12 - [TEST_STEP][PASSED] - else: Text ****** has been set on object 'Object Repository/RAD_RecordAndPlay/input_Existing_RetypeFEIN'

2024-03-07 23:58:12 - [TEST_STEP][PASSED] - setEncryptedText(findTestObject("Object Repository/RAD_RecordAndPlay/input_Existing_FEIN"), "iGDxf8hSRT4="): Text ****** has been set on object 'Object Repository/RAD_RecordAndPlay/input_Existing_FEIN'

2024-03-07 23:58:12 - [MESSAGE][PASSED] - Text ****** has been set on object 'Object Repository/RAD_RecordAndPlay/input_Existing_FEIN'

2024-03-07 23:58:12 - [TEST_STEP][PASSED] - setEncryptedText(findTestObject("Object Repository/RAD_RecordAndPlay/input_Existing_RetypeFEIN"), ""): Text ****** has been set on object 'Object Repository/RAD_RecordAndPlay/input_Existing_RetypeFEIN'

2024-03-07 23:58:13 - [MESSAGE][PASSED] - Text ****** has been set on object 'Object Repository/RAD_RecordAndPlay/input_Existing_RetypeFEIN'

2024-03-07 23:58:13 - [TEST_STEP][PASSED] - break: null

2024-03-07 23:58:13 - [TEST_STEP][PASSED] - if (feinSsn.equalsIgnoreCase("Y")): null

2024-03-07 23:58:13 - [TEST_STEP][PASSED] - else: null

2024-03-07 23:58:13 - [TEST_STEP][PASSED] - if (verifyTextPresent("Please enter a valid FEIN with 9 digits.", true)): null

2024-03-07 23:58:13 - [MESSAGE][PASSED] - Text 'Please enter a valid FEIN with 9 digits.' is present on page  using regular expression

2024-03-07 23:58:13 - [TEST_STEP][PASSED] - println("Error Message is present on the page"): null

2024-03-07 23:58:13 - [TEST_STEP][PASSED] - out.println("Pass Record Number: " + row): null

2024-03-07 23:58:13 - [TEST_STEP][PASSED] - resText = "Pass": null

2024-03-07 23:58:13 - [TEST_STEP][PASSED] - pages.WriteExcel.demoKey(resText, datText, resColumn, datCloumn, fileLoc, nameSheet, row): pages.WriteExcel.demoKey is PASSED

2024-03-07 23:58:14 - [MESSAGE][PASSED] - pages.WriteExcel.demoKey is PASSED

2024-03-07 23:58:14 - [TEST_STEP][PASSED] - ExecuteTC = findTestData(dataFile).getValue("Execute", row): null

2024-03-07 23:58:14 - [TEST_STEP][PASSED] - Taxtype = findTestData(dataFile).getValue("TaxType", row): null

2024-03-07 23:58:14 - [TEST_STEP][PASSED] - Paymenttype = findTestData(dataFile).getValue("PaymentType", row): null

2024-03-07 23:58:14 - [TEST_STEP][PASSED] - feinSsn = findTestData(dataFile).getValue("FEINSSN", row): null

2024-03-07 23:58:14 - [TEST_STEP][PASSED] - out.println("Value of Execute is : " + ExecuteTC): null

2024-03-07 23:58:14 - [TEST_STEP][PASSED] - if (ExecuteTC.equalsIgnoreCase("Y")): null

2024-03-07 23:58:14 - [TEST_STEP][PASSED] - out.println("Begin Record Number: " + row): null

2024-03-07 23:58:14 - [TEST_STEP][PASSED] - today = new java.util.Date(): null

2024-03-07 23:58:14 - [TEST_STEP][PASSED] - println(today): null

2024-03-07 23:58:14 - [TEST_STEP][PASSED] - datText = today: null

2024-03-07 23:58:14 - [TEST_STEP][PASSED] - Taxtype = findTestData(dataFile).getValue("TaxType", row): null

2024-03-07 23:58:14 - [TEST_STEP][PASSED] - out.println("Taxtype value is : " + Taxtype): null

2024-03-07 23:58:14 - [TEST_STEP][PASSED] - openBrowser(""): Browser is opened with url: ''

2024-03-07 23:58:14 - [MESSAGE][WARNING] - A browser is already opened. Closing browser and opening a new one

2024-03-07 23:58:36 - [MESSAGE][INFO] - Starting 'Chrome' driver

2024-03-07 23:58:36 - [MESSAGE][INFO] - User set preference: ['acceptInsecureCerts', 'true']

2024-03-07 23:58:36 - [MESSAGE][INFO] - Action delay is set to 0 milliseconds

2024-03-07 23:58:37 - [MESSAGE][PASSED] - Browser is opened with url: ''

2024-03-07 23:58:37 - [TEST_STEP][PASSED] - maximizeWindow(): Current window maximized

2024-03-07 23:58:37 - [MESSAGE][PASSED] - Current window maximized

2024-03-07 23:58:37 - [TEST_STEP][PASSED] - navigateToUrl(RADurl): Navigate to 'https://qa2.velocitypayment.com/client/rad/index.html' successfully

2024-03-07 23:58:39 - [MESSAGE][PASSED] - Navigate to 'https://qa2.velocitypayment.com/client/rad/index.html' successfully

2024-03-07 23:58:39 - [TEST_STEP][PASSED] - orPath_Landing = "Object Repository/RAD_Pages/Landing_Page": null

2024-03-07 23:58:39 - [TEST_STEP][PASSED] - orPath_TaxTypeFilingYear = "Object Repository/RAD_Pages/TaxTypeFilingYear_Page": null

2024-03-07 23:58:39 - [TEST_STEP][PASSED] - orPath_TaxPayer = "Object Repository/RAD_Pages/Taxpayer_Page": null

2024-03-07 23:58:39 - [TEST_STEP][PASSED] - orPath_AddressContact = "Object Repository/RAD_Pages/AddressAndContactInfo_Page": null

2024-03-07 23:58:39 - [TEST_STEP][PASSED] - orPath_FilingStatus = "Object Repository/RAD_Pages/FilingStatus_Page": null

2024-03-07 23:58:39 - [TEST_STEP][PASSED] - orPath_Amount = "Object Repository/RAD_Pages/PaymentAmount_Page": null

2024-03-07 23:58:39 - [TEST_STEP][PASSED] - orPath_TaxInfo = "Object Repository/RAD_Pages/TaxInfo_Page": null

2024-03-07 23:58:39 - [TEST_STEP][PASSED] - orPath_Withholding = "Object Repository/RAD_Pages/Withholding_Page": null

2024-03-07 23:58:39 - [TEST_STEP][PASSED] - orPath_Summary = "Object Repository/RAD_Pages/Summary_Page": null

2024-03-07 23:58:39 - [TEST_STEP][PASSED] - orPath_PaymentReady = "Object Repository/RAD_Pages/PaymentReady_Page": null

2024-03-07 23:58:39 - [TEST_STEP][PASSED] - orPath_PaymentEntry = "Object Repository/RAD_Pages/PaymentEntry_Page": null

2024-03-07 23:58:39 - [TEST_STEP][PASSED] - orPath_PaymentConfirmation = "Object Repository/RAD_Pages/PaymentConfirmation_Page": null

2024-03-07 23:58:39 - [TEST_STEP][PASSED] - orPath_ServiceFeesAccept = "Object Repository/RAD_Pages/ServiceFeeAccept_Page": null

2024-03-07 23:58:39 - [TEST_STEP][PASSED] - selectOptionByLabel(findTestObject(orPath_Landing + "/dd_TaxType"), Paymenttype, false): All options with label 'Existing Liability w/Notice Number' are selected in object 'Object Repository/RAD_Pages/Landing_Page/dd_TaxType' 

2024-03-07 23:58:40 - [MESSAGE][PASSED] - All options with label 'Existing Liability w/Notice Number' are selected in object 'Object Repository/RAD_Pages/Landing_Page/dd_TaxType' 

2024-03-07 23:58:40 - [TEST_STEP][PASSED] - delay(1): Delayed 1 second(s)

2024-03-07 23:58:41 - [MESSAGE][PASSED] - Delayed 1 second(s)

2024-03-07 23:58:41 - [TEST_STEP][PASSED] - switch (Paymenttype): null

2024-03-07 23:58:41 - [TEST_STEP][PASSED] - case "Existing Liability w/Notice Number":: null

2024-03-07 23:58:41 - [TEST_STEP][PASSED] - selectOptionByLabel(findTestObject(orPath_TaxTypeFilingYear + "/select_TaxType_ExistingLiability"), Taxtype, false): All options with label 'Alcohol Tax' are selected in object 'Object Repository/RAD_Pages/TaxTypeFilingYear_Page/select_TaxType_ExistingLiability' 

2024-03-07 23:58:41 - [MESSAGE][PASSED] - All options with label 'Alcohol Tax' are selected in object 'Object Repository/RAD_Pages/TaxTypeFilingYear_Page/select_TaxType_ExistingLiability' 

2024-03-07 23:58:41 - [TEST_STEP][PASSED] - break: null

2024-03-07 23:58:41 - [TEST_STEP][PASSED] - delay(1): Delayed 1 second(s)

2024-03-07 23:58:42 - [MESSAGE][PASSED] - Delayed 1 second(s)

2024-03-07 23:58:42 - [TEST_STEP][PASSED] - switch (Paymenttype): null

2024-03-07 23:58:42 - [TEST_STEP][PASSED] - case "Existing Liability w/Notice Number":: null

2024-03-07 23:58:42 - [TEST_STEP][PASSED] - if (feinSsn.equalsIgnoreCase("Y")): null

2024-03-07 23:58:42 - [TEST_STEP][PASSED] - else: Text ****** has been set on object 'Object Repository/RAD_RecordAndPlay/input_Existing_RetypeFEIN'

2024-03-07 23:58:42 - [TEST_STEP][PASSED] - setEncryptedText(findTestObject("Object Repository/RAD_RecordAndPlay/input_Existing_FEIN"), "iGDxf8hSRT4="): Text ****** has been set on object 'Object Repository/RAD_RecordAndPlay/input_Existing_FEIN'

2024-03-07 23:58:43 - [MESSAGE][PASSED] - Text ****** has been set on object 'Object Repository/RAD_RecordAndPlay/input_Existing_FEIN'

2024-03-07 23:58:43 - [TEST_STEP][PASSED] - setEncryptedText(findTestObject("Object Repository/RAD_RecordAndPlay/input_Existing_RetypeFEIN"), ""): Text ****** has been set on object 'Object Repository/RAD_RecordAndPlay/input_Existing_RetypeFEIN'

2024-03-07 23:58:44 - [MESSAGE][PASSED] - Text ****** has been set on object 'Object Repository/RAD_RecordAndPlay/input_Existing_RetypeFEIN'

2024-03-07 23:58:44 - [TEST_STEP][PASSED] - break: null

2024-03-07 23:58:44 - [TEST_STEP][PASSED] - if (feinSsn.equalsIgnoreCase("Y")): null

2024-03-07 23:58:44 - [TEST_STEP][PASSED] - else: null

2024-03-07 23:58:44 - [TEST_STEP][PASSED] - if (verifyTextPresent("Please enter a valid FEIN with 9 digits.", true)): null

2024-03-07 23:58:44 - [MESSAGE][PASSED] - Text 'Please enter a valid FEIN with 9 digits.' is present on page  using regular expression

2024-03-07 23:58:44 - [TEST_STEP][PASSED] - println("Error Message is present on the page"): null

2024-03-07 23:58:44 - [TEST_STEP][PASSED] - out.println("Pass Record Number: " + row): null

2024-03-07 23:58:44 - [TEST_STEP][PASSED] - resText = "Pass": null

2024-03-07 23:58:44 - [TEST_STEP][PASSED] - pages.WriteExcel.demoKey(resText, datText, resColumn, datCloumn, fileLoc, nameSheet, row): pages.WriteExcel.demoKey is PASSED

2024-03-07 23:58:44 - [MESSAGE][PASSED] - pages.WriteExcel.demoKey is PASSED

2024-03-07 23:58:44 - [TEST_STEP][PASSED] - ExecuteTC = findTestData(dataFile).getValue("Execute", row): null

2024-03-07 23:58:44 - [TEST_STEP][PASSED] - Taxtype = findTestData(dataFile).getValue("TaxType", row): null

2024-03-07 23:58:44 - [TEST_STEP][PASSED] - Paymenttype = findTestData(dataFile).getValue("PaymentType", row): null

2024-03-07 23:58:44 - [TEST_STEP][PASSED] - feinSsn = findTestData(dataFile).getValue("FEINSSN", row): null

2024-03-07 23:58:44 - [TEST_STEP][PASSED] - out.println("Value of Execute is : " + ExecuteTC): null

2024-03-07 23:58:44 - [TEST_STEP][PASSED] - if (ExecuteTC.equalsIgnoreCase("Y")): null

2024-03-07 23:58:44 - [TEST_STEP][PASSED] - out.println("Begin Record Number: " + row): null

2024-03-07 23:58:44 - [TEST_STEP][PASSED] - today = new java.util.Date(): null

2024-03-07 23:58:44 - [TEST_STEP][PASSED] - println(today): null

2024-03-07 23:58:44 - [TEST_STEP][PASSED] - datText = today: null

2024-03-07 23:58:44 - [TEST_STEP][PASSED] - Taxtype = findTestData(dataFile).getValue("TaxType", row): null

2024-03-07 23:58:44 - [TEST_STEP][PASSED] - out.println("Taxtype value is : " + Taxtype): null

2024-03-07 23:58:44 - [TEST_STEP][PASSED] - openBrowser(""): Browser is opened with url: ''

2024-03-07 23:58:44 - [MESSAGE][WARNING] - A browser is already opened. Closing browser and opening a new one

2024-03-07 23:59:05 - [MESSAGE][INFO] - Starting 'Chrome' driver

2024-03-07 23:59:05 - [MESSAGE][INFO] - User set preference: ['acceptInsecureCerts', 'true']

2024-03-07 23:59:05 - [MESSAGE][INFO] - Action delay is set to 0 milliseconds

2024-03-07 23:59:07 - [MESSAGE][PASSED] - Browser is opened with url: ''

2024-03-07 23:59:07 - [TEST_STEP][PASSED] - maximizeWindow(): Current window maximized

2024-03-07 23:59:07 - [MESSAGE][PASSED] - Current window maximized

2024-03-07 23:59:07 - [TEST_STEP][PASSED] - navigateToUrl(RADurl): Navigate to 'https://qa2.velocitypayment.com/client/rad/index.html' successfully

2024-03-07 23:59:14 - [MESSAGE][PASSED] - Navigate to 'https://qa2.velocitypayment.com/client/rad/index.html' successfully

2024-03-07 23:59:14 - [TEST_STEP][PASSED] - orPath_Landing = "Object Repository/RAD_Pages/Landing_Page": null

2024-03-07 23:59:14 - [TEST_STEP][PASSED] - orPath_TaxTypeFilingYear = "Object Repository/RAD_Pages/TaxTypeFilingYear_Page": null

2024-03-07 23:59:14 - [TEST_STEP][PASSED] - orPath_TaxPayer = "Object Repository/RAD_Pages/Taxpayer_Page": null

2024-03-07 23:59:14 - [TEST_STEP][PASSED] - orPath_AddressContact = "Object Repository/RAD_Pages/AddressAndContactInfo_Page": null

2024-03-07 23:59:14 - [TEST_STEP][PASSED] - orPath_FilingStatus = "Object Repository/RAD_Pages/FilingStatus_Page": null

2024-03-07 23:59:14 - [TEST_STEP][PASSED] - orPath_Amount = "Object Repository/RAD_Pages/PaymentAmount_Page": null

2024-03-07 23:59:14 - [TEST_STEP][PASSED] - orPath_TaxInfo = "Object Repository/RAD_Pages/TaxInfo_Page": null

2024-03-07 23:59:14 - [TEST_STEP][PASSED] - orPath_Withholding = "Object Repository/RAD_Pages/Withholding_Page": null

2024-03-07 23:59:14 - [TEST_STEP][PASSED] - orPath_Summary = "Object Repository/RAD_Pages/Summary_Page": null

2024-03-07 23:59:14 - [TEST_STEP][PASSED] - orPath_PaymentReady = "Object Repository/RAD_Pages/PaymentReady_Page": null

2024-03-07 23:59:14 - [TEST_STEP][PASSED] - orPath_PaymentEntry = "Object Repository/RAD_Pages/PaymentEntry_Page": null

2024-03-07 23:59:14 - [TEST_STEP][PASSED] - orPath_PaymentConfirmation = "Object Repository/RAD_Pages/PaymentConfirmation_Page": null

2024-03-07 23:59:14 - [TEST_STEP][PASSED] - orPath_ServiceFeesAccept = "Object Repository/RAD_Pages/ServiceFeeAccept_Page": null

2024-03-07 23:59:14 - [TEST_STEP][PASSED] - selectOptionByLabel(findTestObject(orPath_Landing + "/dd_TaxType"), Paymenttype, false): All options with label 'Existing Liability w/Notice Number' are selected in object 'Object Repository/RAD_Pages/Landing_Page/dd_TaxType' 

2024-03-07 23:59:14 - [MESSAGE][PASSED] - All options with label 'Existing Liability w/Notice Number' are selected in object 'Object Repository/RAD_Pages/Landing_Page/dd_TaxType' 

2024-03-07 23:59:14 - [TEST_STEP][PASSED] - delay(1): Delayed 1 second(s)

2024-03-07 23:59:15 - [MESSAGE][PASSED] - Delayed 1 second(s)

2024-03-07 23:59:15 - [TEST_STEP][PASSED] - switch (Paymenttype): null

2024-03-07 23:59:15 - [TEST_STEP][PASSED] - case "Existing Liability w/Notice Number":: null

2024-03-07 23:59:15 - [TEST_STEP][PASSED] - selectOptionByLabel(findTestObject(orPath_TaxTypeFilingYear + "/select_TaxType_ExistingLiability"), Taxtype, false): All options with label 'PTE Tax Electing Non-S Corp' are selected in object 'Object Repository/RAD_Pages/TaxTypeFilingYear_Page/select_TaxType_ExistingLiability' 

2024-03-07 23:59:16 - [MESSAGE][PASSED] - All options with label 'PTE Tax Electing Non-S Corp' are selected in object 'Object Repository/RAD_Pages/TaxTypeFilingYear_Page/select_TaxType_ExistingLiability' 

2024-03-07 23:59:16 - [TEST_STEP][PASSED] - break: null

2024-03-07 23:59:16 - [TEST_STEP][PASSED] - delay(1): Delayed 1 second(s)

2024-03-07 23:59:17 - [MESSAGE][PASSED] - Delayed 1 second(s)

2024-03-07 23:59:17 - [TEST_STEP][PASSED] - switch (Paymenttype): null

2024-03-07 23:59:17 - [TEST_STEP][PASSED] - case "Existing Liability w/Notice Number":: null

2024-03-07 23:59:17 - [TEST_STEP][PASSED] - if (feinSsn.equalsIgnoreCase("Y")): Text ****** has been set on object 'Object Repository/RAD_Pages/TaxInfo_Page/input_TaxInfo_RetypefeinSsn_Existing_New'

2024-03-07 23:59:17 - [TEST_STEP][PASSED] - setEncryptedText(findTestObject(orPath_TaxInfo + "/input_TaxInfo_feinSsn_Existing_New"), "iGDxf8hSRT4="): Text ****** has been set on object 'Object Repository/RAD_Pages/TaxInfo_Page/input_TaxInfo_feinSsn_Existing_New'

2024-03-07 23:59:17 - [MESSAGE][PASSED] - Text ****** has been set on object 'Object Repository/RAD_Pages/TaxInfo_Page/input_TaxInfo_feinSsn_Existing_New'

2024-03-07 23:59:17 - [TEST_STEP][PASSED] - setEncryptedText(findTestObject(orPath_TaxInfo + "/input_TaxInfo_RetypefeinSsn_Existing_New"), ""): Text ****** has been set on object 'Object Repository/RAD_Pages/TaxInfo_Page/input_TaxInfo_RetypefeinSsn_Existing_New'

2024-03-07 23:59:18 - [MESSAGE][PASSED] - Text ****** has been set on object 'Object Repository/RAD_Pages/TaxInfo_Page/input_TaxInfo_RetypefeinSsn_Existing_New'

2024-03-07 23:59:18 - [TEST_STEP][PASSED] - break: null

2024-03-07 23:59:18 - [TEST_STEP][PASSED] - if (feinSsn.equalsIgnoreCase("Y")): null

2024-03-07 23:59:18 - [TEST_STEP][PASSED] - if (verifyTextPresent("Please enter a valid FEIN/SSN with 9 digits", true)): null

2024-03-07 23:59:19 - [MESSAGE][PASSED] - Text 'Please enter a valid FEIN/SSN with 9 digits' is present on page  using regular expression

2024-03-07 23:59:19 - [TEST_STEP][PASSED] - println("Error Message is present on the page"): null

2024-03-07 23:59:19 - [TEST_STEP][PASSED] - out.println("Pass Record Number: " + row): null

2024-03-07 23:59:19 - [TEST_STEP][PASSED] - resText = "Pass": null

2024-03-07 23:59:19 - [TEST_STEP][PASSED] - pages.WriteExcel.demoKey(resText, datText, resColumn, datCloumn, fileLoc, nameSheet, row): pages.WriteExcel.demoKey is PASSED

2024-03-07 23:59:19 - [MESSAGE][PASSED] - pages.WriteExcel.demoKey is PASSED

2024-03-07 23:59:19 - [TEST_STEP][PASSED] - ExecuteTC = findTestData(dataFile).getValue("Execute", row): null

2024-03-07 23:59:19 - [TEST_STEP][PASSED] - Taxtype = findTestData(dataFile).getValue("TaxType", row): null

2024-03-07 23:59:19 - [TEST_STEP][PASSED] - Paymenttype = findTestData(dataFile).getValue("PaymentType", row): null

2024-03-07 23:59:19 - [TEST_STEP][PASSED] - feinSsn = findTestData(dataFile).getValue("FEINSSN", row): null

2024-03-07 23:59:19 - [TEST_STEP][PASSED] - out.println("Value of Execute is : " + ExecuteTC): null

2024-03-07 23:59:19 - [TEST_STEP][PASSED] - if (ExecuteTC.equalsIgnoreCase("Y")): null

2024-03-07 23:59:19 - [TEST_STEP][PASSED] - out.println("Begin Record Number: " + row): null

2024-03-07 23:59:19 - [TEST_STEP][PASSED] - today = new java.util.Date(): null

2024-03-07 23:59:19 - [TEST_STEP][PASSED] - println(today): null

2024-03-07 23:59:19 - [TEST_STEP][PASSED] - datText = today: null

2024-03-07 23:59:19 - [TEST_STEP][PASSED] - Taxtype = findTestData(dataFile).getValue("TaxType", row): null

2024-03-07 23:59:19 - [TEST_STEP][PASSED] - out.println("Taxtype value is : " + Taxtype): null

2024-03-07 23:59:19 - [TEST_STEP][PASSED] - openBrowser(""): Browser is opened with url: ''

2024-03-07 23:59:19 - [MESSAGE][WARNING] - A browser is already opened. Closing browser and opening a new one

2024-03-07 23:59:27 - [MESSAGE][INFO] - Starting 'Chrome' driver

2024-03-07 23:59:27 - [MESSAGE][INFO] - User set preference: ['acceptInsecureCerts', 'true']

2024-03-07 23:59:27 - [MESSAGE][INFO] - Action delay is set to 0 milliseconds

2024-03-07 23:59:28 - [MESSAGE][PASSED] - Browser is opened with url: ''

2024-03-07 23:59:28 - [TEST_STEP][PASSED] - maximizeWindow(): Current window maximized

2024-03-07 23:59:28 - [MESSAGE][PASSED] - Current window maximized

2024-03-07 23:59:28 - [TEST_STEP][PASSED] - navigateToUrl(RADurl): Navigate to 'https://qa2.velocitypayment.com/client/rad/index.html' successfully

2024-03-07 23:59:35 - [MESSAGE][PASSED] - Navigate to 'https://qa2.velocitypayment.com/client/rad/index.html' successfully

2024-03-07 23:59:35 - [TEST_STEP][PASSED] - orPath_Landing = "Object Repository/RAD_Pages/Landing_Page": null

2024-03-07 23:59:35 - [TEST_STEP][PASSED] - orPath_TaxTypeFilingYear = "Object Repository/RAD_Pages/TaxTypeFilingYear_Page": null

2024-03-07 23:59:35 - [TEST_STEP][PASSED] - orPath_TaxPayer = "Object Repository/RAD_Pages/Taxpayer_Page": null

2024-03-07 23:59:35 - [TEST_STEP][PASSED] - orPath_AddressContact = "Object Repository/RAD_Pages/AddressAndContactInfo_Page": null

2024-03-07 23:59:35 - [TEST_STEP][PASSED] - orPath_FilingStatus = "Object Repository/RAD_Pages/FilingStatus_Page": null

2024-03-07 23:59:35 - [TEST_STEP][PASSED] - orPath_Amount = "Object Repository/RAD_Pages/PaymentAmount_Page": null

2024-03-07 23:59:35 - [TEST_STEP][PASSED] - orPath_TaxInfo = "Object Repository/RAD_Pages/TaxInfo_Page": null

2024-03-07 23:59:35 - [TEST_STEP][PASSED] - orPath_Withholding = "Object Repository/RAD_Pages/Withholding_Page": null

2024-03-07 23:59:35 - [TEST_STEP][PASSED] - orPath_Summary = "Object Repository/RAD_Pages/Summary_Page": null

2024-03-07 23:59:35 - [TEST_STEP][PASSED] - orPath_PaymentReady = "Object Repository/RAD_Pages/PaymentReady_Page": null

2024-03-07 23:59:35 - [TEST_STEP][PASSED] - orPath_PaymentEntry = "Object Repository/RAD_Pages/PaymentEntry_Page": null

2024-03-07 23:59:35 - [TEST_STEP][PASSED] - orPath_PaymentConfirmation = "Object Repository/RAD_Pages/PaymentConfirmation_Page": null

2024-03-07 23:59:35 - [TEST_STEP][PASSED] - orPath_ServiceFeesAccept = "Object Repository/RAD_Pages/ServiceFeeAccept_Page": null

2024-03-07 23:59:35 - [TEST_STEP][PASSED] - selectOptionByLabel(findTestObject(orPath_Landing + "/dd_TaxType"), Paymenttype, false): All options with label 'Existing Liability w/Notice Number' are selected in object 'Object Repository/RAD_Pages/Landing_Page/dd_TaxType' 

2024-03-07 23:59:36 - [MESSAGE][PASSED] - All options with label 'Existing Liability w/Notice Number' are selected in object 'Object Repository/RAD_Pages/Landing_Page/dd_TaxType' 

2024-03-07 23:59:36 - [TEST_STEP][PASSED] - delay(1): Delayed 1 second(s)

2024-03-07 23:59:37 - [MESSAGE][PASSED] - Delayed 1 second(s)

2024-03-07 23:59:37 - [TEST_STEP][PASSED] - switch (Paymenttype): null

2024-03-07 23:59:37 - [TEST_STEP][PASSED] - case "Existing Liability w/Notice Number":: null

2024-03-07 23:59:37 - [TEST_STEP][PASSED] - selectOptionByLabel(findTestObject(orPath_TaxTypeFilingYear + "/select_TaxType_ExistingLiability"), Taxtype, false): All options with label 'PTE Tax Electing S Corp' are selected in object 'Object Repository/RAD_Pages/TaxTypeFilingYear_Page/select_TaxType_ExistingLiability' 

2024-03-07 23:59:37 - [MESSAGE][PASSED] - All options with label 'PTE Tax Electing S Corp' are selected in object 'Object Repository/RAD_Pages/TaxTypeFilingYear_Page/select_TaxType_ExistingLiability' 

2024-03-07 23:59:37 - [TEST_STEP][PASSED] - break: null

2024-03-07 23:59:37 - [TEST_STEP][PASSED] - delay(1): Delayed 1 second(s)

2024-03-07 23:59:38 - [MESSAGE][PASSED] - Delayed 1 second(s)

2024-03-07 23:59:38 - [TEST_STEP][PASSED] - switch (Paymenttype): null

2024-03-07 23:59:38 - [TEST_STEP][PASSED] - case "Existing Liability w/Notice Number":: null

2024-03-07 23:59:38 - [TEST_STEP][PASSED] - if (feinSsn.equalsIgnoreCase("Y")): Text ****** has been set on object 'Object Repository/RAD_Pages/TaxInfo_Page/input_TaxInfo_RetypefeinSsn_Existing_New'

2024-03-07 23:59:38 - [TEST_STEP][PASSED] - setEncryptedText(findTestObject(orPath_TaxInfo + "/input_TaxInfo_feinSsn_Existing_New"), "iGDxf8hSRT4="): Text ****** has been set on object 'Object Repository/RAD_Pages/TaxInfo_Page/input_TaxInfo_feinSsn_Existing_New'

2024-03-07 23:59:39 - [MESSAGE][PASSED] - Text ****** has been set on object 'Object Repository/RAD_Pages/TaxInfo_Page/input_TaxInfo_feinSsn_Existing_New'

2024-03-07 23:59:39 - [TEST_STEP][PASSED] - setEncryptedText(findTestObject(orPath_TaxInfo + "/input_TaxInfo_RetypefeinSsn_Existing_New"), ""): Text ****** has been set on object 'Object Repository/RAD_Pages/TaxInfo_Page/input_TaxInfo_RetypefeinSsn_Existing_New'

2024-03-07 23:59:40 - [MESSAGE][PASSED] - Text ****** has been set on object 'Object Repository/RAD_Pages/TaxInfo_Page/input_TaxInfo_RetypefeinSsn_Existing_New'

2024-03-07 23:59:40 - [TEST_STEP][PASSED] - break: null

2024-03-07 23:59:40 - [TEST_STEP][PASSED] - if (feinSsn.equalsIgnoreCase("Y")): null

2024-03-07 23:59:40 - [TEST_STEP][PASSED] - if (verifyTextPresent("Please enter a valid FEIN/SSN with 9 digits", true)): null

2024-03-07 23:59:40 - [MESSAGE][PASSED] - Text 'Please enter a valid FEIN/SSN with 9 digits' is present on page  using regular expression

2024-03-07 23:59:40 - [TEST_STEP][PASSED] - println("Error Message is present on the page"): null

2024-03-07 23:59:40 - [TEST_STEP][PASSED] - out.println("Pass Record Number: " + row): null

2024-03-07 23:59:40 - [TEST_STEP][PASSED] - resText = "Pass": null

2024-03-07 23:59:40 - [TEST_STEP][PASSED] - pages.WriteExcel.demoKey(resText, datText, resColumn, datCloumn, fileLoc, nameSheet, row): pages.WriteExcel.demoKey is PASSED

2024-03-07 23:59:40 - [MESSAGE][PASSED] - pages.WriteExcel.demoKey is PASSED

2024-03-07 23:59:40 - [TEST_STEP][PASSED] - ExecuteTC = findTestData(dataFile).getValue("Execute", row): null

2024-03-07 23:59:40 - [TEST_STEP][PASSED] - Taxtype = findTestData(dataFile).getValue("TaxType", row): null

2024-03-07 23:59:40 - [TEST_STEP][PASSED] - Paymenttype = findTestData(dataFile).getValue("PaymentType", row): null

2024-03-07 23:59:41 - [TEST_STEP][PASSED] - feinSsn = findTestData(dataFile).getValue("FEINSSN", row): null

2024-03-07 23:59:41 - [TEST_STEP][PASSED] - out.println("Value of Execute is : " + ExecuteTC): null

2024-03-07 23:59:41 - [TEST_STEP][PASSED] - if (ExecuteTC.equalsIgnoreCase("Y")): null

2024-03-07 23:59:41 - [TEST_STEP][PASSED] - out.println("Begin Record Number: " + row): null

2024-03-07 23:59:41 - [TEST_STEP][PASSED] - today = new java.util.Date(): null

2024-03-07 23:59:41 - [TEST_STEP][PASSED] - println(today): null

2024-03-07 23:59:41 - [TEST_STEP][PASSED] - datText = today: null

2024-03-07 23:59:41 - [TEST_STEP][PASSED] - Taxtype = findTestData(dataFile).getValue("TaxType", row): null

2024-03-07 23:59:41 - [TEST_STEP][PASSED] - out.println("Taxtype value is : " + Taxtype): null

2024-03-07 23:59:41 - [TEST_STEP][PASSED] - openBrowser(""): Browser is opened with url: ''

2024-03-07 23:59:41 - [MESSAGE][WARNING] - A browser is already opened. Closing browser and opening a new one

2024-03-07 23:59:47 - [MESSAGE][INFO] - Starting 'Chrome' driver

2024-03-07 23:59:47 - [MESSAGE][INFO] - User set preference: ['acceptInsecureCerts', 'true']

2024-03-07 23:59:47 - [MESSAGE][INFO] - Action delay is set to 0 milliseconds

2024-03-07 23:59:49 - [MESSAGE][PASSED] - Browser is opened with url: ''

2024-03-07 23:59:49 - [TEST_STEP][PASSED] - maximizeWindow(): Current window maximized

2024-03-07 23:59:49 - [MESSAGE][PASSED] - Current window maximized

2024-03-07 23:59:49 - [TEST_STEP][PASSED] - navigateToUrl(RADurl): Navigate to 'https://qa2.velocitypayment.com/client/rad/index.html' successfully

2024-03-07 23:59:51 - [MESSAGE][PASSED] - Navigate to 'https://qa2.velocitypayment.com/client/rad/index.html' successfully

2024-03-07 23:59:51 - [TEST_STEP][PASSED] - orPath_Landing = "Object Repository/RAD_Pages/Landing_Page": null

2024-03-07 23:59:51 - [TEST_STEP][PASSED] - orPath_TaxTypeFilingYear = "Object Repository/RAD_Pages/TaxTypeFilingYear_Page": null

2024-03-07 23:59:51 - [TEST_STEP][PASSED] - orPath_TaxPayer = "Object Repository/RAD_Pages/Taxpayer_Page": null

2024-03-07 23:59:51 - [TEST_STEP][PASSED] - orPath_AddressContact = "Object Repository/RAD_Pages/AddressAndContactInfo_Page": null

2024-03-07 23:59:51 - [TEST_STEP][PASSED] - orPath_FilingStatus = "Object Repository/RAD_Pages/FilingStatus_Page": null

2024-03-07 23:59:51 - [TEST_STEP][PASSED] - orPath_Amount = "Object Repository/RAD_Pages/PaymentAmount_Page": null

2024-03-07 23:59:51 - [TEST_STEP][PASSED] - orPath_TaxInfo = "Object Repository/RAD_Pages/TaxInfo_Page": null

2024-03-07 23:59:51 - [TEST_STEP][PASSED] - orPath_Withholding = "Object Repository/RAD_Pages/Withholding_Page": null

2024-03-07 23:59:51 - [TEST_STEP][PASSED] - orPath_Summary = "Object Repository/RAD_Pages/Summary_Page": null

2024-03-07 23:59:51 - [TEST_STEP][PASSED] - orPath_PaymentReady = "Object Repository/RAD_Pages/PaymentReady_Page": null

2024-03-07 23:59:51 - [TEST_STEP][PASSED] - orPath_PaymentEntry = "Object Repository/RAD_Pages/PaymentEntry_Page": null

2024-03-07 23:59:51 - [TEST_STEP][PASSED] - orPath_PaymentConfirmation = "Object Repository/RAD_Pages/PaymentConfirmation_Page": null

2024-03-07 23:59:51 - [TEST_STEP][PASSED] - orPath_ServiceFeesAccept = "Object Repository/RAD_Pages/ServiceFeeAccept_Page": null

2024-03-07 23:59:51 - [TEST_STEP][PASSED] - selectOptionByLabel(findTestObject(orPath_Landing + "/dd_TaxType"), Paymenttype, false): All options with label 'Quarterly Estimated Tax' are selected in object 'Object Repository/RAD_Pages/Landing_Page/dd_TaxType' 

2024-03-07 23:59:52 - [MESSAGE][PASSED] - All options with label 'Quarterly Estimated Tax' are selected in object 'Object Repository/RAD_Pages/Landing_Page/dd_TaxType' 

2024-03-07 23:59:52 - [TEST_STEP][PASSED] - delay(1): Delayed 1 second(s)

2024-03-07 23:59:53 - [MESSAGE][PASSED] - Delayed 1 second(s)

2024-03-07 23:59:53 - [TEST_STEP][PASSED] - switch (Paymenttype): null

2024-03-07 23:59:53 - [TEST_STEP][PASSED] - case "Quarterly Estimated Tax":: null

2024-03-07 23:59:53 - [TEST_STEP][PASSED] - selectOptionByLabel(findTestObject(orPath_TaxTypeFilingYear + "/select_PaymentType"), Taxtype, false): All options with label 'Corporate Income Tax' are selected in object 'Object Repository/RAD_Pages/TaxTypeFilingYear_Page/select_PaymentType' 

2024-03-07 23:59:53 - [MESSAGE][PASSED] - All options with label 'Corporate Income Tax' are selected in object 'Object Repository/RAD_Pages/TaxTypeFilingYear_Page/select_PaymentType' 

2024-03-07 23:59:53 - [TEST_STEP][PASSED] - break: null

2024-03-07 23:59:53 - [TEST_STEP][PASSED] - delay(1): Delayed 1 second(s)

2024-03-07 23:59:54 - [MESSAGE][PASSED] - Delayed 1 second(s)

2024-03-07 23:59:54 - [TEST_STEP][PASSED] - switch (Paymenttype): null

2024-03-07 23:59:54 - [TEST_STEP][PASSED] - case "Quarterly Estimated Tax":: null

2024-03-07 23:59:54 - [TEST_STEP][PASSED] - if (feinSsn.equalsIgnoreCase("Y")): null

2024-03-07 23:59:54 - [TEST_STEP][PASSED] - else: Text ****** has been set on object 'Object Repository/RAD_Pages/TaxInfo_Page/input_FederalEIN_ReEnter'

2024-03-07 23:59:54 - [TEST_STEP][PASSED] - setEncryptedText(findTestObject(orPath_TaxInfo + "/input_FederalEIN"), "iGDxf8hSRT4="): Text ****** has been set on object 'Object Repository/RAD_Pages/TaxInfo_Page/input_FederalEIN'

2024-03-07 23:59:55 - [MESSAGE][PASSED] - Text ****** has been set on object 'Object Repository/RAD_Pages/TaxInfo_Page/input_FederalEIN'

2024-03-07 23:59:55 - [TEST_STEP][PASSED] - setEncryptedText(findTestObject(orPath_TaxInfo + "/input_FederalEIN_ReEnter"), ""): Text ****** has been set on object 'Object Repository/RAD_Pages/TaxInfo_Page/input_FederalEIN_ReEnter'

2024-03-07 23:59:55 - [MESSAGE][PASSED] - Text ****** has been set on object 'Object Repository/RAD_Pages/TaxInfo_Page/input_FederalEIN_ReEnter'

2024-03-07 23:59:55 - [TEST_STEP][PASSED] - break: null

2024-03-07 23:59:55 - [TEST_STEP][PASSED] - if (feinSsn.equalsIgnoreCase("Y")): null

2024-03-07 23:59:55 - [TEST_STEP][PASSED] - else: null

2024-03-07 23:59:55 - [TEST_STEP][PASSED] - if (verifyTextPresent("Please enter a valid FEIN with 9 digits.", true)): null

2024-03-07 23:59:56 - [MESSAGE][PASSED] - Text 'Please enter a valid FEIN with 9 digits.' is present on page  using regular expression

2024-03-07 23:59:56 - [TEST_STEP][PASSED] - println("Error Message is present on the page"): null

2024-03-07 23:59:56 - [TEST_STEP][PASSED] - out.println("Pass Record Number: " + row): null

2024-03-07 23:59:56 - [TEST_STEP][PASSED] - resText = "Pass": null

2024-03-07 23:59:56 - [TEST_STEP][PASSED] - pages.WriteExcel.demoKey(resText, datText, resColumn, datCloumn, fileLoc, nameSheet, row): pages.WriteExcel.demoKey is PASSED

2024-03-07 23:59:56 - [MESSAGE][PASSED] - pages.WriteExcel.demoKey is PASSED

2024-03-07 23:59:56 - [TEST_STEP][PASSED] - ExecuteTC = findTestData(dataFile).getValue("Execute", row): null

2024-03-07 23:59:56 - [TEST_STEP][PASSED] - Taxtype = findTestData(dataFile).getValue("TaxType", row): null

2024-03-07 23:59:56 - [TEST_STEP][PASSED] - Paymenttype = findTestData(dataFile).getValue("PaymentType", row): null

2024-03-07 23:59:56 - [TEST_STEP][PASSED] - feinSsn = findTestData(dataFile).getValue("FEINSSN", row): null

2024-03-07 23:59:56 - [TEST_STEP][PASSED] - out.println("Value of Execute is : " + ExecuteTC): null

2024-03-07 23:59:56 - [TEST_STEP][PASSED] - if (ExecuteTC.equalsIgnoreCase("Y")): null

2024-03-07 23:59:56 - [TEST_STEP][PASSED] - out.println("Begin Record Number: " + row): null

2024-03-07 23:59:56 - [TEST_STEP][PASSED] - today = new java.util.Date(): null

2024-03-07 23:59:56 - [TEST_STEP][PASSED] - println(today): null

2024-03-07 23:59:56 - [TEST_STEP][PASSED] - datText = today: null

2024-03-07 23:59:56 - [TEST_STEP][PASSED] - Taxtype = findTestData(dataFile).getValue("TaxType", row): null

2024-03-07 23:59:56 - [TEST_STEP][PASSED] - out.println("Taxtype value is : " + Taxtype): null

2024-03-07 23:59:56 - [TEST_STEP][PASSED] - openBrowser(""): Browser is opened with url: ''

2024-03-07 23:59:56 - [MESSAGE][WARNING] - A browser is already opened. Closing browser and opening a new one

2024-03-08 00:00:15 - [MESSAGE][INFO] - Starting 'Chrome' driver

2024-03-08 00:00:15 - [MESSAGE][INFO] - User set preference: ['acceptInsecureCerts', 'true']

2024-03-08 00:00:15 - [MESSAGE][INFO] - Action delay is set to 0 milliseconds

2024-03-08 00:00:17 - [MESSAGE][PASSED] - Browser is opened with url: ''

2024-03-08 00:00:17 - [TEST_STEP][PASSED] - maximizeWindow(): Current window maximized

2024-03-08 00:00:17 - [MESSAGE][PASSED] - Current window maximized

2024-03-08 00:00:17 - [TEST_STEP][PASSED] - navigateToUrl(RADurl): Navigate to 'https://qa2.velocitypayment.com/client/rad/index.html' successfully

2024-03-08 00:00:19 - [MESSAGE][PASSED] - Navigate to 'https://qa2.velocitypayment.com/client/rad/index.html' successfully

2024-03-08 00:00:19 - [TEST_STEP][PASSED] - orPath_Landing = "Object Repository/RAD_Pages/Landing_Page": null

2024-03-08 00:00:19 - [TEST_STEP][PASSED] - orPath_TaxTypeFilingYear = "Object Repository/RAD_Pages/TaxTypeFilingYear_Page": null

2024-03-08 00:00:19 - [TEST_STEP][PASSED] - orPath_TaxPayer = "Object Repository/RAD_Pages/Taxpayer_Page": null

2024-03-08 00:00:19 - [TEST_STEP][PASSED] - orPath_AddressContact = "Object Repository/RAD_Pages/AddressAndContactInfo_Page": null

2024-03-08 00:00:19 - [TEST_STEP][PASSED] - orPath_FilingStatus = "Object Repository/RAD_Pages/FilingStatus_Page": null

2024-03-08 00:00:19 - [TEST_STEP][PASSED] - orPath_Amount = "Object Repository/RAD_Pages/PaymentAmount_Page": null

2024-03-08 00:00:19 - [TEST_STEP][PASSED] - orPath_TaxInfo = "Object Repository/RAD_Pages/TaxInfo_Page": null

2024-03-08 00:00:19 - [TEST_STEP][PASSED] - orPath_Withholding = "Object Repository/RAD_Pages/Withholding_Page": null

2024-03-08 00:00:19 - [TEST_STEP][PASSED] - orPath_Summary = "Object Repository/RAD_Pages/Summary_Page": null

2024-03-08 00:00:19 - [TEST_STEP][PASSED] - orPath_PaymentReady = "Object Repository/RAD_Pages/PaymentReady_Page": null

2024-03-08 00:00:19 - [TEST_STEP][PASSED] - orPath_PaymentEntry = "Object Repository/RAD_Pages/PaymentEntry_Page": null

2024-03-08 00:00:19 - [TEST_STEP][PASSED] - orPath_PaymentConfirmation = "Object Repository/RAD_Pages/PaymentConfirmation_Page": null

2024-03-08 00:00:19 - [TEST_STEP][PASSED] - orPath_ServiceFeesAccept = "Object Repository/RAD_Pages/ServiceFeeAccept_Page": null

2024-03-08 00:00:19 - [TEST_STEP][PASSED] - selectOptionByLabel(findTestObject(orPath_Landing + "/dd_TaxType"), Paymenttype, false): All options with label 'Quarterly Estimated Tax' are selected in object 'Object Repository/RAD_Pages/Landing_Page/dd_TaxType' 

2024-03-08 00:00:19 - [MESSAGE][PASSED] - All options with label 'Quarterly Estimated Tax' are selected in object 'Object Repository/RAD_Pages/Landing_Page/dd_TaxType' 

2024-03-08 00:00:19 - [TEST_STEP][PASSED] - delay(1): Delayed 1 second(s)

2024-03-08 00:00:20 - [MESSAGE][PASSED] - Delayed 1 second(s)

2024-03-08 00:00:20 - [TEST_STEP][PASSED] - switch (Paymenttype): null

2024-03-08 00:00:20 - [TEST_STEP][PASSED] - case "Quarterly Estimated Tax":: null

2024-03-08 00:00:20 - [TEST_STEP][PASSED] - selectOptionByLabel(findTestObject(orPath_TaxTypeFilingYear + "/select_PaymentType"), Taxtype, false): All options with label 'Fiduciary Tax' are selected in object 'Object Repository/RAD_Pages/TaxTypeFilingYear_Page/select_PaymentType' 

2024-03-08 00:00:21 - [MESSAGE][PASSED] - All options with label 'Fiduciary Tax' are selected in object 'Object Repository/RAD_Pages/TaxTypeFilingYear_Page/select_PaymentType' 

2024-03-08 00:00:21 - [TEST_STEP][PASSED] - break: null

2024-03-08 00:00:21 - [TEST_STEP][PASSED] - delay(1): Delayed 1 second(s)

2024-03-08 00:00:22 - [MESSAGE][PASSED] - Delayed 1 second(s)

2024-03-08 00:00:22 - [TEST_STEP][PASSED] - switch (Paymenttype): null

2024-03-08 00:00:22 - [TEST_STEP][PASSED] - case "Quarterly Estimated Tax":: null

2024-03-08 00:00:22 - [TEST_STEP][PASSED] - if (feinSsn.equalsIgnoreCase("Y")): null

2024-03-08 00:00:22 - [TEST_STEP][PASSED] - else: Text ****** has been set on object 'Object Repository/RAD_Pages/TaxInfo_Page/input_FederalEIN_ReEnter'

2024-03-08 00:00:22 - [TEST_STEP][PASSED] - setEncryptedText(findTestObject(orPath_TaxInfo + "/input_FederalEIN"), "iGDxf8hSRT4="): Text ****** has been set on object 'Object Repository/RAD_Pages/TaxInfo_Page/input_FederalEIN'

2024-03-08 00:00:23 - [MESSAGE][PASSED] - Text ****** has been set on object 'Object Repository/RAD_Pages/TaxInfo_Page/input_FederalEIN'

2024-03-08 00:00:23 - [TEST_STEP][PASSED] - setEncryptedText(findTestObject(orPath_TaxInfo + "/input_FederalEIN_ReEnter"), ""): Text ****** has been set on object 'Object Repository/RAD_Pages/TaxInfo_Page/input_FederalEIN_ReEnter'

2024-03-08 00:00:23 - [MESSAGE][PASSED] - Text ****** has been set on object 'Object Repository/RAD_Pages/TaxInfo_Page/input_FederalEIN_ReEnter'

2024-03-08 00:00:23 - [TEST_STEP][PASSED] - break: null

2024-03-08 00:00:23 - [TEST_STEP][PASSED] - if (feinSsn.equalsIgnoreCase("Y")): null

2024-03-08 00:00:23 - [TEST_STEP][PASSED] - else: null

2024-03-08 00:00:23 - [TEST_STEP][PASSED] - if (verifyTextPresent("Please enter a valid FEIN with 9 digits.", true)): null

2024-03-08 00:00:24 - [MESSAGE][PASSED] - Text 'Please enter a valid FEIN with 9 digits.' is present on page  using regular expression

2024-03-08 00:00:24 - [TEST_STEP][PASSED] - println("Error Message is present on the page"): null

2024-03-08 00:00:24 - [TEST_STEP][PASSED] - out.println("Pass Record Number: " + row): null

2024-03-08 00:00:24 - [TEST_STEP][PASSED] - resText = "Pass": null

2024-03-08 00:00:24 - [TEST_STEP][PASSED] - pages.WriteExcel.demoKey(resText, datText, resColumn, datCloumn, fileLoc, nameSheet, row): pages.WriteExcel.demoKey is PASSED

2024-03-08 00:00:24 - [MESSAGE][PASSED] - pages.WriteExcel.demoKey is PASSED

2024-03-08 00:00:24 - [TEST_STEP][PASSED] - ExecuteTC = findTestData(dataFile).getValue("Execute", row): null

2024-03-08 00:00:24 - [TEST_STEP][PASSED] - Taxtype = findTestData(dataFile).getValue("TaxType", row): null

2024-03-08 00:00:24 - [TEST_STEP][PASSED] - Paymenttype = findTestData(dataFile).getValue("PaymentType", row): null

2024-03-08 00:00:24 - [TEST_STEP][PASSED] - feinSsn = findTestData(dataFile).getValue("FEINSSN", row): null

2024-03-08 00:00:24 - [TEST_STEP][PASSED] - out.println("Value of Execute is : " + ExecuteTC): null

2024-03-08 00:00:24 - [TEST_STEP][PASSED] - if (ExecuteTC.equalsIgnoreCase("Y")): null

2024-03-08 00:00:24 - [TEST_STEP][PASSED] - out.println("Begin Record Number: " + row): null

2024-03-08 00:00:24 - [TEST_STEP][PASSED] - today = new java.util.Date(): null

2024-03-08 00:00:24 - [TEST_STEP][PASSED] - println(today): null

2024-03-08 00:00:24 - [TEST_STEP][PASSED] - datText = today: null

2024-03-08 00:00:24 - [TEST_STEP][PASSED] - Taxtype = findTestData(dataFile).getValue("TaxType", row): null

2024-03-08 00:00:24 - [TEST_STEP][PASSED] - out.println("Taxtype value is : " + Taxtype): null

2024-03-08 00:00:24 - [TEST_STEP][PASSED] - openBrowser(""): Browser is opened with url: ''

2024-03-08 00:00:24 - [MESSAGE][WARNING] - A browser is already opened. Closing browser and opening a new one

2024-03-08 00:00:53 - [MESSAGE][INFO] - Starting 'Chrome' driver

2024-03-08 00:00:53 - [MESSAGE][INFO] - User set preference: ['acceptInsecureCerts', 'true']

2024-03-08 00:00:53 - [MESSAGE][INFO] - Action delay is set to 0 milliseconds

2024-03-08 00:00:55 - [MESSAGE][PASSED] - Browser is opened with url: ''

2024-03-08 00:00:55 - [TEST_STEP][PASSED] - maximizeWindow(): Current window maximized

2024-03-08 00:00:55 - [MESSAGE][PASSED] - Current window maximized

2024-03-08 00:00:55 - [TEST_STEP][PASSED] - navigateToUrl(RADurl): Navigate to 'https://qa2.velocitypayment.com/client/rad/index.html' successfully

2024-03-08 00:01:02 - [MESSAGE][PASSED] - Navigate to 'https://qa2.velocitypayment.com/client/rad/index.html' successfully

2024-03-08 00:01:02 - [TEST_STEP][PASSED] - orPath_Landing = "Object Repository/RAD_Pages/Landing_Page": null

2024-03-08 00:01:02 - [TEST_STEP][PASSED] - orPath_TaxTypeFilingYear = "Object Repository/RAD_Pages/TaxTypeFilingYear_Page": null

2024-03-08 00:01:02 - [TEST_STEP][PASSED] - orPath_TaxPayer = "Object Repository/RAD_Pages/Taxpayer_Page": null

2024-03-08 00:01:02 - [TEST_STEP][PASSED] - orPath_AddressContact = "Object Repository/RAD_Pages/AddressAndContactInfo_Page": null

2024-03-08 00:01:02 - [TEST_STEP][PASSED] - orPath_FilingStatus = "Object Repository/RAD_Pages/FilingStatus_Page": null

2024-03-08 00:01:02 - [TEST_STEP][PASSED] - orPath_Amount = "Object Repository/RAD_Pages/PaymentAmount_Page": null

2024-03-08 00:01:02 - [TEST_STEP][PASSED] - orPath_TaxInfo = "Object Repository/RAD_Pages/TaxInfo_Page": null

2024-03-08 00:01:02 - [TEST_STEP][PASSED] - orPath_Withholding = "Object Repository/RAD_Pages/Withholding_Page": null

2024-03-08 00:01:02 - [TEST_STEP][PASSED] - orPath_Summary = "Object Repository/RAD_Pages/Summary_Page": null

2024-03-08 00:01:02 - [TEST_STEP][PASSED] - orPath_PaymentReady = "Object Repository/RAD_Pages/PaymentReady_Page": null

2024-03-08 00:01:02 - [TEST_STEP][PASSED] - orPath_PaymentEntry = "Object Repository/RAD_Pages/PaymentEntry_Page": null

2024-03-08 00:01:02 - [TEST_STEP][PASSED] - orPath_PaymentConfirmation = "Object Repository/RAD_Pages/PaymentConfirmation_Page": null

2024-03-08 00:01:02 - [TEST_STEP][PASSED] - orPath_ServiceFeesAccept = "Object Repository/RAD_Pages/ServiceFeeAccept_Page": null

2024-03-08 00:01:02 - [TEST_STEP][PASSED] - selectOptionByLabel(findTestObject(orPath_Landing + "/dd_TaxType"), Paymenttype, false): All options with label 'Quarterly Estimated Tax' are selected in object 'Object Repository/RAD_Pages/Landing_Page/dd_TaxType' 

2024-03-08 00:01:02 - [MESSAGE][PASSED] - All options with label 'Quarterly Estimated Tax' are selected in object 'Object Repository/RAD_Pages/Landing_Page/dd_TaxType' 

2024-03-08 00:01:02 - [TEST_STEP][PASSED] - delay(1): Delayed 1 second(s)

2024-03-08 00:01:03 - [MESSAGE][PASSED] - Delayed 1 second(s)

2024-03-08 00:01:03 - [TEST_STEP][PASSED] - switch (Paymenttype): null

2024-03-08 00:01:03 - [TEST_STEP][PASSED] - case "Quarterly Estimated Tax":: null

2024-03-08 00:01:03 - [TEST_STEP][PASSED] - selectOptionByLabel(findTestObject(orPath_TaxTypeFilingYear + "/select_PaymentType"), Taxtype, false): All options with label 'PTE Non-Electing Non-S Corp' are selected in object 'Object Repository/RAD_Pages/TaxTypeFilingYear_Page/select_PaymentType' 

2024-03-08 00:01:04 - [MESSAGE][PASSED] - All options with label 'PTE Non-Electing Non-S Corp' are selected in object 'Object Repository/RAD_Pages/TaxTypeFilingYear_Page/select_PaymentType' 

2024-03-08 00:01:04 - [TEST_STEP][PASSED] - break: null

2024-03-08 00:01:04 - [TEST_STEP][PASSED] - delay(1): Delayed 1 second(s)

2024-03-08 00:01:05 - [MESSAGE][PASSED] - Delayed 1 second(s)

2024-03-08 00:01:05 - [TEST_STEP][PASSED] - switch (Paymenttype): null

2024-03-08 00:01:05 - [TEST_STEP][PASSED] - case "Quarterly Estimated Tax":: null

2024-03-08 00:01:05 - [TEST_STEP][PASSED] - if (feinSsn.equalsIgnoreCase("Y")): Text ****** has been set on object 'Object Repository/RAD_Pages/TaxInfo_Page/input_TaxInfo_RetypeFeinSsn_New_2'

2024-03-08 00:01:05 - [TEST_STEP][PASSED] - setEncryptedText(findTestObject(orPath_TaxInfo + "/input_TaxInfo_FeinSsn_New_2"), "iGDxf8hSRT4="): Text ****** has been set on object 'Object Repository/RAD_Pages/TaxInfo_Page/input_TaxInfo_FeinSsn_New_2'

2024-03-08 00:01:06 - [MESSAGE][PASSED] - Text ****** has been set on object 'Object Repository/RAD_Pages/TaxInfo_Page/input_TaxInfo_FeinSsn_New_2'

2024-03-08 00:01:06 - [TEST_STEP][PASSED] - setEncryptedText(findTestObject(orPath_TaxInfo + "/input_TaxInfo_RetypeFeinSsn_New_2"), ""): Text ****** has been set on object 'Object Repository/RAD_Pages/TaxInfo_Page/input_TaxInfo_RetypeFeinSsn_New_2'

2024-03-08 00:01:06 - [MESSAGE][PASSED] - Text ****** has been set on object 'Object Repository/RAD_Pages/TaxInfo_Page/input_TaxInfo_RetypeFeinSsn_New_2'

2024-03-08 00:01:06 - [TEST_STEP][PASSED] - break: null

2024-03-08 00:01:06 - [TEST_STEP][PASSED] - if (feinSsn.equalsIgnoreCase("Y")): null

2024-03-08 00:01:06 - [TEST_STEP][PASSED] - if (verifyTextPresent("Please enter a valid FEIN/SSN with 9 digits", true)): null

2024-03-08 00:01:07 - [MESSAGE][PASSED] - Text 'Please enter a valid FEIN/SSN with 9 digits' is present on page  using regular expression

2024-03-08 00:01:07 - [TEST_STEP][PASSED] - println("Error Message is present on the page"): null

2024-03-08 00:01:07 - [TEST_STEP][PASSED] - out.println("Pass Record Number: " + row): null

2024-03-08 00:01:07 - [TEST_STEP][PASSED] - resText = "Pass": null

2024-03-08 00:01:07 - [TEST_STEP][PASSED] - pages.WriteExcel.demoKey(resText, datText, resColumn, datCloumn, fileLoc, nameSheet, row): pages.WriteExcel.demoKey is PASSED

2024-03-08 00:01:07 - [MESSAGE][PASSED] - pages.WriteExcel.demoKey is PASSED

2024-03-08 00:01:07 - [TEST_STEP][PASSED] - ExecuteTC = findTestData(dataFile).getValue("Execute", row): null

2024-03-08 00:01:07 - [TEST_STEP][PASSED] - Taxtype = findTestData(dataFile).getValue("TaxType", row): null

2024-03-08 00:01:07 - [TEST_STEP][PASSED] - Paymenttype = findTestData(dataFile).getValue("PaymentType", row): null

2024-03-08 00:01:07 - [TEST_STEP][PASSED] - feinSsn = findTestData(dataFile).getValue("FEINSSN", row): null

2024-03-08 00:01:07 - [TEST_STEP][PASSED] - out.println("Value of Execute is : " + ExecuteTC): null

2024-03-08 00:01:07 - [TEST_STEP][PASSED] - if (ExecuteTC.equalsIgnoreCase("Y")): null

2024-03-08 00:01:07 - [TEST_STEP][PASSED] - out.println("Begin Record Number: " + row): null

2024-03-08 00:01:07 - [TEST_STEP][PASSED] - today = new java.util.Date(): null

2024-03-08 00:01:07 - [TEST_STEP][PASSED] - println(today): null

2024-03-08 00:01:07 - [TEST_STEP][PASSED] - datText = today: null

2024-03-08 00:01:07 - [TEST_STEP][PASSED] - Taxtype = findTestData(dataFile).getValue("TaxType", row): null

2024-03-08 00:01:07 - [TEST_STEP][PASSED] - out.println("Taxtype value is : " + Taxtype): null

2024-03-08 00:01:07 - [TEST_STEP][PASSED] - openBrowser(""): Browser is opened with url: ''

2024-03-08 00:01:07 - [MESSAGE][WARNING] - A browser is already opened. Closing browser and opening a new one

2024-03-08 00:01:16 - [MESSAGE][INFO] - Starting 'Chrome' driver

2024-03-08 00:01:16 - [MESSAGE][INFO] - User set preference: ['acceptInsecureCerts', 'true']

2024-03-08 00:01:16 - [MESSAGE][INFO] - Action delay is set to 0 milliseconds

2024-03-08 00:01:18 - [MESSAGE][PASSED] - Browser is opened with url: ''

2024-03-08 00:01:18 - [TEST_STEP][PASSED] - maximizeWindow(): Current window maximized

2024-03-08 00:01:18 - [MESSAGE][PASSED] - Current window maximized

2024-03-08 00:01:18 - [TEST_STEP][PASSED] - navigateToUrl(RADurl): Navigate to 'https://qa2.velocitypayment.com/client/rad/index.html' successfully

2024-03-08 00:01:20 - [MESSAGE][PASSED] - Navigate to 'https://qa2.velocitypayment.com/client/rad/index.html' successfully

2024-03-08 00:01:20 - [TEST_STEP][PASSED] - orPath_Landing = "Object Repository/RAD_Pages/Landing_Page": null

2024-03-08 00:01:20 - [TEST_STEP][PASSED] - orPath_TaxTypeFilingYear = "Object Repository/RAD_Pages/TaxTypeFilingYear_Page": null

2024-03-08 00:01:20 - [TEST_STEP][PASSED] - orPath_TaxPayer = "Object Repository/RAD_Pages/Taxpayer_Page": null

2024-03-08 00:01:20 - [TEST_STEP][PASSED] - orPath_AddressContact = "Object Repository/RAD_Pages/AddressAndContactInfo_Page": null

2024-03-08 00:01:20 - [TEST_STEP][PASSED] - orPath_FilingStatus = "Object Repository/RAD_Pages/FilingStatus_Page": null

2024-03-08 00:01:20 - [TEST_STEP][PASSED] - orPath_Amount = "Object Repository/RAD_Pages/PaymentAmount_Page": null

2024-03-08 00:01:20 - [TEST_STEP][PASSED] - orPath_TaxInfo = "Object Repository/RAD_Pages/TaxInfo_Page": null

2024-03-08 00:01:20 - [TEST_STEP][PASSED] - orPath_Withholding = "Object Repository/RAD_Pages/Withholding_Page": null

2024-03-08 00:01:20 - [TEST_STEP][PASSED] - orPath_Summary = "Object Repository/RAD_Pages/Summary_Page": null

2024-03-08 00:01:20 - [TEST_STEP][PASSED] - orPath_PaymentReady = "Object Repository/RAD_Pages/PaymentReady_Page": null

2024-03-08 00:01:20 - [TEST_STEP][PASSED] - orPath_PaymentEntry = "Object Repository/RAD_Pages/PaymentEntry_Page": null

2024-03-08 00:01:20 - [TEST_STEP][PASSED] - orPath_PaymentConfirmation = "Object Repository/RAD_Pages/PaymentConfirmation_Page": null

2024-03-08 00:01:20 - [TEST_STEP][PASSED] - orPath_ServiceFeesAccept = "Object Repository/RAD_Pages/ServiceFeeAccept_Page": null

2024-03-08 00:01:20 - [TEST_STEP][PASSED] - selectOptionByLabel(findTestObject(orPath_Landing + "/dd_TaxType"), Paymenttype, false): All options with label 'Quarterly Estimated Tax' are selected in object 'Object Repository/RAD_Pages/Landing_Page/dd_TaxType' 

2024-03-08 00:01:20 - [MESSAGE][PASSED] - All options with label 'Quarterly Estimated Tax' are selected in object 'Object Repository/RAD_Pages/Landing_Page/dd_TaxType' 

2024-03-08 00:01:20 - [TEST_STEP][PASSED] - delay(1): Delayed 1 second(s)

2024-03-08 00:01:21 - [MESSAGE][PASSED] - Delayed 1 second(s)

2024-03-08 00:01:21 - [TEST_STEP][PASSED] - switch (Paymenttype): null

2024-03-08 00:01:21 - [TEST_STEP][PASSED] - case "Quarterly Estimated Tax":: null

2024-03-08 00:01:21 - [TEST_STEP][PASSED] - selectOptionByLabel(findTestObject(orPath_TaxTypeFilingYear + "/select_PaymentType"), Taxtype, false): All options with label 'PTE Non-Electing S Corp' are selected in object 'Object Repository/RAD_Pages/TaxTypeFilingYear_Page/select_PaymentType' 

2024-03-08 00:01:22 - [MESSAGE][PASSED] - All options with label 'PTE Non-Electing S Corp' are selected in object 'Object Repository/RAD_Pages/TaxTypeFilingYear_Page/select_PaymentType' 

2024-03-08 00:01:22 - [TEST_STEP][PASSED] - break: null

2024-03-08 00:01:22 - [TEST_STEP][PASSED] - delay(1): Delayed 1 second(s)

2024-03-08 00:01:23 - [MESSAGE][PASSED] - Delayed 1 second(s)

2024-03-08 00:01:23 - [TEST_STEP][PASSED] - switch (Paymenttype): null

2024-03-08 00:01:23 - [TEST_STEP][PASSED] - case "Quarterly Estimated Tax":: null

2024-03-08 00:01:23 - [TEST_STEP][PASSED] - if (feinSsn.equalsIgnoreCase("Y")): Text ****** has been set on object 'Object Repository/RAD_Pages/TaxInfo_Page/input_TaxInfo_RetypeFeinSsn_New_2'

2024-03-08 00:01:23 - [TEST_STEP][PASSED] - setEncryptedText(findTestObject(orPath_TaxInfo + "/input_TaxInfo_FeinSsn_New_2"), "iGDxf8hSRT4="): Text ****** has been set on object 'Object Repository/RAD_Pages/TaxInfo_Page/input_TaxInfo_FeinSsn_New_2'

2024-03-08 00:01:24 - [MESSAGE][PASSED] - Text ****** has been set on object 'Object Repository/RAD_Pages/TaxInfo_Page/input_TaxInfo_FeinSsn_New_2'

2024-03-08 00:01:24 - [TEST_STEP][PASSED] - setEncryptedText(findTestObject(orPath_TaxInfo + "/input_TaxInfo_RetypeFeinSsn_New_2"), ""): Text ****** has been set on object 'Object Repository/RAD_Pages/TaxInfo_Page/input_TaxInfo_RetypeFeinSsn_New_2'

2024-03-08 00:01:24 - [MESSAGE][PASSED] - Text ****** has been set on object 'Object Repository/RAD_Pages/TaxInfo_Page/input_TaxInfo_RetypeFeinSsn_New_2'

2024-03-08 00:01:24 - [TEST_STEP][PASSED] - break: null

2024-03-08 00:01:24 - [TEST_STEP][PASSED] - if (feinSsn.equalsIgnoreCase("Y")): null

2024-03-08 00:01:24 - [TEST_STEP][PASSED] - if (verifyTextPresent("Please enter a valid FEIN/SSN with 9 digits", true)): null

2024-03-08 00:01:25 - [MESSAGE][PASSED] - Text 'Please enter a valid FEIN/SSN with 9 digits' is present on page  using regular expression

2024-03-08 00:01:25 - [TEST_STEP][PASSED] - println("Error Message is present on the page"): null

2024-03-08 00:01:25 - [TEST_STEP][PASSED] - out.println("Pass Record Number: " + row): null

2024-03-08 00:01:25 - [TEST_STEP][PASSED] - resText = "Pass": null

2024-03-08 00:01:25 - [TEST_STEP][PASSED] - pages.WriteExcel.demoKey(resText, datText, resColumn, datCloumn, fileLoc, nameSheet, row): pages.WriteExcel.demoKey is PASSED

2024-03-08 00:01:25 - [MESSAGE][PASSED] - pages.WriteExcel.demoKey is PASSED

2024-03-08 00:01:25 - [TEST_STEP][PASSED] - ExecuteTC = findTestData(dataFile).getValue("Execute", row): null

2024-03-08 00:01:25 - [TEST_STEP][PASSED] - Taxtype = findTestData(dataFile).getValue("TaxType", row): null

2024-03-08 00:01:25 - [TEST_STEP][PASSED] - Paymenttype = findTestData(dataFile).getValue("PaymentType", row): null

2024-03-08 00:01:25 - [TEST_STEP][PASSED] - feinSsn = findTestData(dataFile).getValue("FEINSSN", row): null

2024-03-08 00:01:25 - [TEST_STEP][PASSED] - out.println("Value of Execute is : " + ExecuteTC): null

2024-03-08 00:01:25 - [TEST_STEP][PASSED] - if (ExecuteTC.equalsIgnoreCase("Y")): null

2024-03-08 00:01:25 - [TEST_STEP][PASSED] - out.println("Begin Record Number: " + row): null

2024-03-08 00:01:25 - [TEST_STEP][PASSED] - today = new java.util.Date(): null

2024-03-08 00:01:25 - [TEST_STEP][PASSED] - println(today): null

2024-03-08 00:01:25 - [TEST_STEP][PASSED] - datText = today: null

2024-03-08 00:01:25 - [TEST_STEP][PASSED] - Taxtype = findTestData(dataFile).getValue("TaxType", row): null

2024-03-08 00:01:25 - [TEST_STEP][PASSED] - out.println("Taxtype value is : " + Taxtype): null

2024-03-08 00:01:25 - [TEST_STEP][PASSED] - openBrowser(""): Browser is opened with url: ''

2024-03-08 00:01:25 - [MESSAGE][WARNING] - A browser is already opened. Closing browser and opening a new one

2024-03-08 00:01:48 - [MESSAGE][INFO] - Starting 'Chrome' driver

2024-03-08 00:01:48 - [MESSAGE][INFO] - User set preference: ['acceptInsecureCerts', 'true']

2024-03-08 00:01:48 - [MESSAGE][INFO] - Action delay is set to 0 milliseconds

2024-03-08 00:01:50 - [MESSAGE][PASSED] - Browser is opened with url: ''

2024-03-08 00:01:50 - [TEST_STEP][PASSED] - maximizeWindow(): Current window maximized

2024-03-08 00:01:50 - [MESSAGE][PASSED] - Current window maximized

2024-03-08 00:01:50 - [TEST_STEP][PASSED] - navigateToUrl(RADurl): Navigate to 'https://qa2.velocitypayment.com/client/rad/index.html' successfully

2024-03-08 00:01:50 - [MESSAGE][PASSED] - Navigate to 'https://qa2.velocitypayment.com/client/rad/index.html' successfully

2024-03-08 00:01:50 - [TEST_STEP][PASSED] - orPath_Landing = "Object Repository/RAD_Pages/Landing_Page": null

2024-03-08 00:01:50 - [TEST_STEP][PASSED] - orPath_TaxTypeFilingYear = "Object Repository/RAD_Pages/TaxTypeFilingYear_Page": null

2024-03-08 00:01:50 - [TEST_STEP][PASSED] - orPath_TaxPayer = "Object Repository/RAD_Pages/Taxpayer_Page": null

2024-03-08 00:01:50 - [TEST_STEP][PASSED] - orPath_AddressContact = "Object Repository/RAD_Pages/AddressAndContactInfo_Page": null

2024-03-08 00:01:50 - [TEST_STEP][PASSED] - orPath_FilingStatus = "Object Repository/RAD_Pages/FilingStatus_Page": null

2024-03-08 00:01:50 - [TEST_STEP][PASSED] - orPath_Amount = "Object Repository/RAD_Pages/PaymentAmount_Page": null

2024-03-08 00:01:50 - [TEST_STEP][PASSED] - orPath_TaxInfo = "Object Repository/RAD_Pages/TaxInfo_Page": null

2024-03-08 00:01:50 - [TEST_STEP][PASSED] - orPath_Withholding = "Object Repository/RAD_Pages/Withholding_Page": null

2024-03-08 00:01:50 - [TEST_STEP][PASSED] - orPath_Summary = "Object Repository/RAD_Pages/Summary_Page": null

2024-03-08 00:01:50 - [TEST_STEP][PASSED] - orPath_PaymentReady = "Object Repository/RAD_Pages/PaymentReady_Page": null

2024-03-08 00:01:50 - [TEST_STEP][PASSED] - orPath_PaymentEntry = "Object Repository/RAD_Pages/PaymentEntry_Page": null

2024-03-08 00:01:50 - [TEST_STEP][PASSED] - orPath_PaymentConfirmation = "Object Repository/RAD_Pages/PaymentConfirmation_Page": null

2024-03-08 00:01:50 - [TEST_STEP][PASSED] - orPath_ServiceFeesAccept = "Object Repository/RAD_Pages/ServiceFeeAccept_Page": null

2024-03-08 00:01:50 - [TEST_STEP][PASSED] - selectOptionByLabel(findTestObject(orPath_Landing + "/dd_TaxType"), Paymenttype, false): All options with label 'Quarterly Estimated Tax' are selected in object 'Object Repository/RAD_Pages/Landing_Page/dd_TaxType' 

2024-03-08 00:01:52 - [MESSAGE][PASSED] - All options with label 'Quarterly Estimated Tax' are selected in object 'Object Repository/RAD_Pages/Landing_Page/dd_TaxType' 

2024-03-08 00:01:52 - [TEST_STEP][PASSED] - delay(1): Delayed 1 second(s)

2024-03-08 00:01:53 - [MESSAGE][PASSED] - Delayed 1 second(s)

2024-03-08 00:01:53 - [TEST_STEP][PASSED] - switch (Paymenttype): null

2024-03-08 00:01:53 - [TEST_STEP][PASSED] - case "Quarterly Estimated Tax":: null

2024-03-08 00:01:53 - [TEST_STEP][PASSED] - selectOptionByLabel(findTestObject(orPath_TaxTypeFilingYear + "/select_PaymentType"), Taxtype, false): All options with label 'PTE Tax Electing Non-S Corp' are selected in object 'Object Repository/RAD_Pages/TaxTypeFilingYear_Page/select_PaymentType' 

2024-03-08 00:01:54 - [MESSAGE][PASSED] - All options with label 'PTE Tax Electing Non-S Corp' are selected in object 'Object Repository/RAD_Pages/TaxTypeFilingYear_Page/select_PaymentType' 

2024-03-08 00:01:54 - [TEST_STEP][PASSED] - break: null

2024-03-08 00:01:54 - [TEST_STEP][PASSED] - delay(1): Delayed 1 second(s)

2024-03-08 00:01:55 - [MESSAGE][PASSED] - Delayed 1 second(s)

2024-03-08 00:01:55 - [TEST_STEP][PASSED] - switch (Paymenttype): null

2024-03-08 00:01:55 - [TEST_STEP][PASSED] - case "Quarterly Estimated Tax":: null

2024-03-08 00:01:55 - [TEST_STEP][PASSED] - if (feinSsn.equalsIgnoreCase("Y")): Text ****** has been set on object 'Object Repository/RAD_Pages/TaxInfo_Page/input_TaxInfo_RetypeFeinSsn_New_2'

2024-03-08 00:01:55 - [TEST_STEP][PASSED] - setEncryptedText(findTestObject(orPath_TaxInfo + "/input_TaxInfo_FeinSsn_New_2"), "iGDxf8hSRT4="): Text ****** has been set on object 'Object Repository/RAD_Pages/TaxInfo_Page/input_TaxInfo_FeinSsn_New_2'

2024-03-08 00:01:55 - [MESSAGE][PASSED] - Text ****** has been set on object 'Object Repository/RAD_Pages/TaxInfo_Page/input_TaxInfo_FeinSsn_New_2'

2024-03-08 00:01:55 - [TEST_STEP][PASSED] - setEncryptedText(findTestObject(orPath_TaxInfo + "/input_TaxInfo_RetypeFeinSsn_New_2"), ""): Text ****** has been set on object 'Object Repository/RAD_Pages/TaxInfo_Page/input_TaxInfo_RetypeFeinSsn_New_2'

2024-03-08 00:01:56 - [MESSAGE][PASSED] - Text ****** has been set on object 'Object Repository/RAD_Pages/TaxInfo_Page/input_TaxInfo_RetypeFeinSsn_New_2'

2024-03-08 00:01:56 - [TEST_STEP][PASSED] - break: null

2024-03-08 00:01:56 - [TEST_STEP][PASSED] - if (feinSsn.equalsIgnoreCase("Y")): null

2024-03-08 00:01:56 - [TEST_STEP][PASSED] - if (verifyTextPresent("Please enter a valid FEIN/SSN with 9 digits", true)): null

2024-03-08 00:01:57 - [MESSAGE][PASSED] - Text 'Please enter a valid FEIN/SSN with 9 digits' is present on page  using regular expression

2024-03-08 00:01:57 - [TEST_STEP][PASSED] - println("Error Message is present on the page"): null

2024-03-08 00:01:57 - [TEST_STEP][PASSED] - out.println("Pass Record Number: " + row): null

2024-03-08 00:01:57 - [TEST_STEP][PASSED] - resText = "Pass": null

2024-03-08 00:01:57 - [TEST_STEP][PASSED] - pages.WriteExcel.demoKey(resText, datText, resColumn, datCloumn, fileLoc, nameSheet, row): pages.WriteExcel.demoKey is PASSED

2024-03-08 00:01:57 - [MESSAGE][PASSED] - pages.WriteExcel.demoKey is PASSED

2024-03-08 00:01:57 - [TEST_STEP][PASSED] - ExecuteTC = findTestData(dataFile).getValue("Execute", row): null

2024-03-08 00:01:57 - [TEST_STEP][PASSED] - Taxtype = findTestData(dataFile).getValue("TaxType", row): null

2024-03-08 00:01:57 - [TEST_STEP][PASSED] - Paymenttype = findTestData(dataFile).getValue("PaymentType", row): null

2024-03-08 00:01:57 - [TEST_STEP][PASSED] - feinSsn = findTestData(dataFile).getValue("FEINSSN", row): null

2024-03-08 00:01:57 - [TEST_STEP][PASSED] - out.println("Value of Execute is : " + ExecuteTC): null

2024-03-08 00:01:57 - [TEST_STEP][PASSED] - if (ExecuteTC.equalsIgnoreCase("Y")): null

2024-03-08 00:01:57 - [TEST_STEP][PASSED] - out.println("Begin Record Number: " + row): null

2024-03-08 00:01:57 - [TEST_STEP][PASSED] - today = new java.util.Date(): null

2024-03-08 00:01:57 - [TEST_STEP][PASSED] - println(today): null

2024-03-08 00:01:57 - [TEST_STEP][PASSED] - datText = today: null

2024-03-08 00:01:57 - [TEST_STEP][PASSED] - Taxtype = findTestData(dataFile).getValue("TaxType", row): null

2024-03-08 00:01:57 - [TEST_STEP][PASSED] - out.println("Taxtype value is : " + Taxtype): null

2024-03-08 00:01:57 - [TEST_STEP][PASSED] - openBrowser(""): Browser is opened with url: ''

2024-03-08 00:01:57 - [MESSAGE][WARNING] - A browser is already opened. Closing browser and opening a new one

2024-03-08 00:02:26 - [MESSAGE][INFO] - Starting 'Chrome' driver

2024-03-08 00:02:26 - [MESSAGE][INFO] - User set preference: ['acceptInsecureCerts', 'true']

2024-03-08 00:02:26 - [MESSAGE][INFO] - Action delay is set to 0 milliseconds

2024-03-08 00:02:28 - [MESSAGE][PASSED] - Browser is opened with url: ''

2024-03-08 00:02:28 - [TEST_STEP][PASSED] - maximizeWindow(): Current window maximized

2024-03-08 00:02:28 - [MESSAGE][PASSED] - Current window maximized

2024-03-08 00:02:28 - [TEST_STEP][PASSED] - navigateToUrl(RADurl): Navigate to 'https://qa2.velocitypayment.com/client/rad/index.html' successfully

2024-03-08 00:02:28 - [MESSAGE][PASSED] - Navigate to 'https://qa2.velocitypayment.com/client/rad/index.html' successfully

2024-03-08 00:02:28 - [TEST_STEP][PASSED] - orPath_Landing = "Object Repository/RAD_Pages/Landing_Page": null

2024-03-08 00:02:28 - [TEST_STEP][PASSED] - orPath_TaxTypeFilingYear = "Object Repository/RAD_Pages/TaxTypeFilingYear_Page": null

2024-03-08 00:02:28 - [TEST_STEP][PASSED] - orPath_TaxPayer = "Object Repository/RAD_Pages/Taxpayer_Page": null

2024-03-08 00:02:28 - [TEST_STEP][PASSED] - orPath_AddressContact = "Object Repository/RAD_Pages/AddressAndContactInfo_Page": null

2024-03-08 00:02:28 - [TEST_STEP][PASSED] - orPath_FilingStatus = "Object Repository/RAD_Pages/FilingStatus_Page": null

2024-03-08 00:02:28 - [TEST_STEP][PASSED] - orPath_Amount = "Object Repository/RAD_Pages/PaymentAmount_Page": null

2024-03-08 00:02:28 - [TEST_STEP][PASSED] - orPath_TaxInfo = "Object Repository/RAD_Pages/TaxInfo_Page": null

2024-03-08 00:02:28 - [TEST_STEP][PASSED] - orPath_Withholding = "Object Repository/RAD_Pages/Withholding_Page": null

2024-03-08 00:02:28 - [TEST_STEP][PASSED] - orPath_Summary = "Object Repository/RAD_Pages/Summary_Page": null

2024-03-08 00:02:28 - [TEST_STEP][PASSED] - orPath_PaymentReady = "Object Repository/RAD_Pages/PaymentReady_Page": null

2024-03-08 00:02:28 - [TEST_STEP][PASSED] - orPath_PaymentEntry = "Object Repository/RAD_Pages/PaymentEntry_Page": null

2024-03-08 00:02:28 - [TEST_STEP][PASSED] - orPath_PaymentConfirmation = "Object Repository/RAD_Pages/PaymentConfirmation_Page": null

2024-03-08 00:02:28 - [TEST_STEP][PASSED] - orPath_ServiceFeesAccept = "Object Repository/RAD_Pages/ServiceFeeAccept_Page": null

2024-03-08 00:02:28 - [TEST_STEP][PASSED] - selectOptionByLabel(findTestObject(orPath_Landing + "/dd_TaxType"), Paymenttype, false): All options with label 'Quarterly Estimated Tax' are selected in object 'Object Repository/RAD_Pages/Landing_Page/dd_TaxType' 

2024-03-08 00:02:30 - [MESSAGE][PASSED] - All options with label 'Quarterly Estimated Tax' are selected in object 'Object Repository/RAD_Pages/Landing_Page/dd_TaxType' 

2024-03-08 00:02:30 - [TEST_STEP][PASSED] - delay(1): Delayed 1 second(s)

2024-03-08 00:02:31 - [MESSAGE][PASSED] - Delayed 1 second(s)

2024-03-08 00:02:31 - [TEST_STEP][PASSED] - switch (Paymenttype): null

2024-03-08 00:02:31 - [TEST_STEP][PASSED] - case "Quarterly Estimated Tax":: null

2024-03-08 00:02:31 - [TEST_STEP][PASSED] - selectOptionByLabel(findTestObject(orPath_TaxTypeFilingYear + "/select_PaymentType"), Taxtype, false): All options with label 'PTE Tax Electing S Corp' are selected in object 'Object Repository/RAD_Pages/TaxTypeFilingYear_Page/select_PaymentType' 

2024-03-08 00:02:32 - [MESSAGE][PASSED] - All options with label 'PTE Tax Electing S Corp' are selected in object 'Object Repository/RAD_Pages/TaxTypeFilingYear_Page/select_PaymentType' 

2024-03-08 00:02:32 - [TEST_STEP][PASSED] - break: null

2024-03-08 00:02:32 - [TEST_STEP][PASSED] - delay(1): Delayed 1 second(s)

2024-03-08 00:02:33 - [MESSAGE][PASSED] - Delayed 1 second(s)

2024-03-08 00:02:33 - [TEST_STEP][PASSED] - switch (Paymenttype): null

2024-03-08 00:02:33 - [TEST_STEP][PASSED] - case "Quarterly Estimated Tax":: null

2024-03-08 00:02:33 - [TEST_STEP][PASSED] - if (feinSsn.equalsIgnoreCase("Y")): Text ****** has been set on object 'Object Repository/RAD_Pages/TaxInfo_Page/input_TaxInfo_RetypeFeinSsn_New_2'

2024-03-08 00:02:33 - [TEST_STEP][PASSED] - setEncryptedText(findTestObject(orPath_TaxInfo + "/input_TaxInfo_FeinSsn_New_2"), "iGDxf8hSRT4="): Text ****** has been set on object 'Object Repository/RAD_Pages/TaxInfo_Page/input_TaxInfo_FeinSsn_New_2'

2024-03-08 00:02:33 - [MESSAGE][PASSED] - Text ****** has been set on object 'Object Repository/RAD_Pages/TaxInfo_Page/input_TaxInfo_FeinSsn_New_2'

2024-03-08 00:02:33 - [TEST_STEP][PASSED] - setEncryptedText(findTestObject(orPath_TaxInfo + "/input_TaxInfo_RetypeFeinSsn_New_2"), ""): Text ****** has been set on object 'Object Repository/RAD_Pages/TaxInfo_Page/input_TaxInfo_RetypeFeinSsn_New_2'

2024-03-08 00:02:34 - [MESSAGE][PASSED] - Text ****** has been set on object 'Object Repository/RAD_Pages/TaxInfo_Page/input_TaxInfo_RetypeFeinSsn_New_2'

2024-03-08 00:02:34 - [TEST_STEP][PASSED] - break: null

2024-03-08 00:02:34 - [TEST_STEP][PASSED] - if (feinSsn.equalsIgnoreCase("Y")): null

2024-03-08 00:02:34 - [TEST_STEP][PASSED] - if (verifyTextPresent("Please enter a valid FEIN/SSN with 9 digits", true)): null

2024-03-08 00:02:34 - [MESSAGE][PASSED] - Text 'Please enter a valid FEIN/SSN with 9 digits' is present on page  using regular expression

2024-03-08 00:02:34 - [TEST_STEP][PASSED] - println("Error Message is present on the page"): null

2024-03-08 00:02:34 - [TEST_STEP][PASSED] - out.println("Pass Record Number: " + row): null

2024-03-08 00:02:34 - [TEST_STEP][PASSED] - resText = "Pass": null

2024-03-08 00:02:34 - [TEST_STEP][PASSED] - pages.WriteExcel.demoKey(resText, datText, resColumn, datCloumn, fileLoc, nameSheet, row): pages.WriteExcel.demoKey is PASSED

2024-03-08 00:02:35 - [MESSAGE][PASSED] - pages.WriteExcel.demoKey is PASSED

2024-03-08 00:02:35 - [TEST_STEP][PASSED] - ExecuteTC = findTestData(dataFile).getValue("Execute", row): null

2024-03-08 00:02:35 - [TEST_STEP][PASSED] - Taxtype = findTestData(dataFile).getValue("TaxType", row): null

2024-03-08 00:02:35 - [TEST_STEP][PASSED] - Paymenttype = findTestData(dataFile).getValue("PaymentType", row): null

2024-03-08 00:02:35 - [TEST_STEP][PASSED] - feinSsn = findTestData(dataFile).getValue("FEINSSN", row): null

2024-03-08 00:02:35 - [TEST_STEP][PASSED] - out.println("Value of Execute is : " + ExecuteTC): null

2024-03-08 00:02:35 - [TEST_STEP][PASSED] - if (ExecuteTC.equalsIgnoreCase("Y")): null

2024-03-08 00:02:35 - [TEST_STEP][PASSED] - ExecuteTC = findTestData(dataFile).getValue("Execute", row): null

2024-03-08 00:02:35 - [TEST_STEP][PASSED] - Taxtype = findTestData(dataFile).getValue("TaxType", row): null

2024-03-08 00:02:35 - [TEST_STEP][PASSED] - Paymenttype = findTestData(dataFile).getValue("PaymentType", row): null

2024-03-08 00:02:35 - [TEST_STEP][PASSED] - feinSsn = findTestData(dataFile).getValue("FEINSSN", row): null

2024-03-08 00:02:35 - [TEST_STEP][PASSED] - out.println("Value of Execute is : " + ExecuteTC): null

2024-03-08 00:02:35 - [TEST_STEP][PASSED] - if (ExecuteTC.equalsIgnoreCase("Y")): null

2024-03-08 00:02:35 - [TEST_STEP][PASSED] - ExecuteTC = findTestData(dataFile).getValue("Execute", row): null

2024-03-08 00:02:35 - [TEST_STEP][PASSED] - Taxtype = findTestData(dataFile).getValue("TaxType", row): null

2024-03-08 00:02:35 - [TEST_STEP][PASSED] - Paymenttype = findTestData(dataFile).getValue("PaymentType", row): null

2024-03-08 00:02:35 - [TEST_STEP][PASSED] - feinSsn = findTestData(dataFile).getValue("FEINSSN", row): null

2024-03-08 00:02:35 - [TEST_STEP][PASSED] - out.println("Value of Execute is : " + ExecuteTC): null

2024-03-08 00:02:35 - [TEST_STEP][PASSED] - if (ExecuteTC.equalsIgnoreCase("Y")): null

2024-03-08 00:02:35 - [TEST_STEP][PASSED] - ExecuteTC = findTestData(dataFile).getValue("Execute", row): null

2024-03-08 00:02:35 - [TEST_STEP][PASSED] - Taxtype = findTestData(dataFile).getValue("TaxType", row): null

2024-03-08 00:02:35 - [TEST_STEP][PASSED] - Paymenttype = findTestData(dataFile).getValue("PaymentType", row): null

2024-03-08 00:02:35 - [TEST_STEP][PASSED] - feinSsn = findTestData(dataFile).getValue("FEINSSN", row): null

2024-03-08 00:02:35 - [TEST_STEP][PASSED] - out.println("Value of Execute is : " + ExecuteTC): null

2024-03-08 00:02:35 - [TEST_STEP][PASSED] - if (ExecuteTC.equalsIgnoreCase("Y")): null

2024-03-08 00:02:35 - [TEST_STEP][PASSED] - ExecuteTC = findTestData(dataFile).getValue("Execute", row): null

2024-03-08 00:02:35 - [TEST_STEP][PASSED] - Taxtype = findTestData(dataFile).getValue("TaxType", row): null

2024-03-08 00:02:35 - [TEST_STEP][PASSED] - Paymenttype = findTestData(dataFile).getValue("PaymentType", row): null

2024-03-08 00:02:35 - [TEST_STEP][PASSED] - feinSsn = findTestData(dataFile).getValue("FEINSSN", row): null

2024-03-08 00:02:35 - [TEST_STEP][PASSED] - out.println("Value of Execute is : " + ExecuteTC): null

2024-03-08 00:02:35 - [TEST_STEP][PASSED] - if (ExecuteTC.equalsIgnoreCase("Y")): null

2024-03-08 00:02:35 - [TEST_STEP][PASSED] - ExecuteTC = findTestData(dataFile).getValue("Execute", row): null

2024-03-08 00:02:35 - [TEST_STEP][PASSED] - Taxtype = findTestData(dataFile).getValue("TaxType", row): null

2024-03-08 00:02:35 - [TEST_STEP][PASSED] - Paymenttype = findTestData(dataFile).getValue("PaymentType", row): null

2024-03-08 00:02:35 - [TEST_STEP][PASSED] - feinSsn = findTestData(dataFile).getValue("FEINSSN", row): null

2024-03-08 00:02:35 - [TEST_STEP][PASSED] - out.println("Value of Execute is : " + ExecuteTC): null

2024-03-08 00:02:35 - [TEST_STEP][PASSED] - if (ExecuteTC.equalsIgnoreCase("Y")): null

2024-03-08 00:02:35 - [TEST_STEP][PASSED] - ExecuteTC = findTestData(dataFile).getValue("Execute", row): null

2024-03-08 00:02:35 - [TEST_STEP][PASSED] - Taxtype = findTestData(dataFile).getValue("TaxType", row): null

2024-03-08 00:02:36 - [TEST_STEP][PASSED] - Paymenttype = findTestData(dataFile).getValue("PaymentType", row): null

2024-03-08 00:02:36 - [TEST_STEP][PASSED] - feinSsn = findTestData(dataFile).getValue("FEINSSN", row): null

2024-03-08 00:02:36 - [TEST_STEP][PASSED] - out.println("Value of Execute is : " + ExecuteTC): null

2024-03-08 00:02:36 - [TEST_STEP][PASSED] - if (ExecuteTC.equalsIgnoreCase("Y")): null

2024-03-08 00:02:36 - [TEST_STEP][PASSED] - out.println("Begin Record Number: " + row): null

2024-03-08 00:02:36 - [TEST_STEP][PASSED] - today = new java.util.Date(): null

2024-03-08 00:02:36 - [TEST_STEP][PASSED] - println(today): null

2024-03-08 00:02:36 - [TEST_STEP][PASSED] - datText = today: null

2024-03-08 00:02:36 - [TEST_STEP][PASSED] - Taxtype = findTestData(dataFile).getValue("TaxType", row): null

2024-03-08 00:02:36 - [TEST_STEP][PASSED] - out.println("Taxtype value is : " + Taxtype): null

2024-03-08 00:02:36 - [TEST_STEP][PASSED] - openBrowser(""): Browser is opened with url: ''

2024-03-08 00:02:36 - [MESSAGE][WARNING] - A browser is already opened. Closing browser and opening a new one

2024-03-08 00:02:51 - [MESSAGE][INFO] - Starting 'Chrome' driver

2024-03-08 00:02:51 - [MESSAGE][INFO] - User set preference: ['acceptInsecureCerts', 'true']

2024-03-08 00:02:51 - [MESSAGE][INFO] - Action delay is set to 0 milliseconds

2024-03-08 00:02:53 - [MESSAGE][PASSED] - Browser is opened with url: ''

2024-03-08 00:02:53 - [TEST_STEP][PASSED] - maximizeWindow(): Current window maximized

2024-03-08 00:02:53 - [MESSAGE][PASSED] - Current window maximized

2024-03-08 00:02:53 - [TEST_STEP][PASSED] - navigateToUrl(RADurl): Navigate to 'https://qa2.velocitypayment.com/client/rad/index.html' successfully

2024-03-08 00:03:00 - [MESSAGE][PASSED] - Navigate to 'https://qa2.velocitypayment.com/client/rad/index.html' successfully

2024-03-08 00:03:00 - [TEST_STEP][PASSED] - orPath_Landing = "Object Repository/RAD_Pages/Landing_Page": null

2024-03-08 00:03:00 - [TEST_STEP][PASSED] - orPath_TaxTypeFilingYear = "Object Repository/RAD_Pages/TaxTypeFilingYear_Page": null

2024-03-08 00:03:00 - [TEST_STEP][PASSED] - orPath_TaxPayer = "Object Repository/RAD_Pages/Taxpayer_Page": null

2024-03-08 00:03:00 - [TEST_STEP][PASSED] - orPath_AddressContact = "Object Repository/RAD_Pages/AddressAndContactInfo_Page": null

2024-03-08 00:03:00 - [TEST_STEP][PASSED] - orPath_FilingStatus = "Object Repository/RAD_Pages/FilingStatus_Page": null

2024-03-08 00:03:00 - [TEST_STEP][PASSED] - orPath_Amount = "Object Repository/RAD_Pages/PaymentAmount_Page": null

2024-03-08 00:03:00 - [TEST_STEP][PASSED] - orPath_TaxInfo = "Object Repository/RAD_Pages/TaxInfo_Page": null

2024-03-08 00:03:00 - [TEST_STEP][PASSED] - orPath_Withholding = "Object Repository/RAD_Pages/Withholding_Page": null

2024-03-08 00:03:00 - [TEST_STEP][PASSED] - orPath_Summary = "Object Repository/RAD_Pages/Summary_Page": null

2024-03-08 00:03:00 - [TEST_STEP][PASSED] - orPath_PaymentReady = "Object Repository/RAD_Pages/PaymentReady_Page": null

2024-03-08 00:03:00 - [TEST_STEP][PASSED] - orPath_PaymentEntry = "Object Repository/RAD_Pages/PaymentEntry_Page": null

2024-03-08 00:03:00 - [TEST_STEP][PASSED] - orPath_PaymentConfirmation = "Object Repository/RAD_Pages/PaymentConfirmation_Page": null

2024-03-08 00:03:00 - [TEST_STEP][PASSED] - orPath_ServiceFeesAccept = "Object Repository/RAD_Pages/ServiceFeeAccept_Page": null

2024-03-08 00:03:00 - [TEST_STEP][PASSED] - selectOptionByLabel(findTestObject(orPath_Landing + "/dd_TaxType"), Paymenttype, false): All options with label 'New Tax Return Amount Due' are selected in object 'Object Repository/RAD_Pages/Landing_Page/dd_TaxType' 

2024-03-08 00:03:01 - [MESSAGE][PASSED] - All options with label 'New Tax Return Amount Due' are selected in object 'Object Repository/RAD_Pages/Landing_Page/dd_TaxType' 

2024-03-08 00:03:01 - [TEST_STEP][PASSED] - delay(1): Delayed 1 second(s)

2024-03-08 00:03:02 - [MESSAGE][PASSED] - Delayed 1 second(s)

2024-03-08 00:03:02 - [TEST_STEP][PASSED] - switch (Paymenttype): null

2024-03-08 00:03:02 - [TEST_STEP][PASSED] - case "New Tax Return Amount Due":: null

2024-03-08 00:03:02 - [TEST_STEP][PASSED] - selectOptionByLabel(findTestObject("Object Repository/RAD_Pages/Landing_Page/select_NewTaxReturnAmountDue_TaxType"), Taxtype, false): All options with label 'Fiduciary Tax' are selected in object 'Object Repository/RAD_Pages/Landing_Page/select_NewTaxReturnAmountDue_TaxType' 

2024-03-08 00:03:03 - [MESSAGE][PASSED] - All options with label 'Fiduciary Tax' are selected in object 'Object Repository/RAD_Pages/Landing_Page/select_NewTaxReturnAmountDue_TaxType' 

2024-03-08 00:03:03 - [TEST_STEP][PASSED] - break: null

2024-03-08 00:03:03 - [TEST_STEP][PASSED] - delay(1): Delayed 1 second(s)

2024-03-08 00:03:04 - [MESSAGE][PASSED] - Delayed 1 second(s)

2024-03-08 00:03:04 - [TEST_STEP][PASSED] - switch (Paymenttype): null

2024-03-08 00:03:04 - [TEST_STEP][PASSED] - case "New Tax Return Amount Due":: null

2024-03-08 00:03:04 - [TEST_STEP][PASSED] - if (feinSsn.equalsIgnoreCase("Y")): null

2024-03-08 00:03:04 - [TEST_STEP][PASSED] - else: Text ****** has been set on object 'Object Repository/RAD_Pages/TaxInfo_Page/input_FederalEIN_ReEnter-2'

2024-03-08 00:03:04 - [TEST_STEP][PASSED] - setEncryptedText(findTestObject(orPath_TaxInfo + "/input_FederalEIN-2"), "iGDxf8hSRT4="): Text ****** has been set on object 'Object Repository/RAD_Pages/TaxInfo_Page/input_FederalEIN-2'

2024-03-08 00:03:04 - [MESSAGE][PASSED] - Text ****** has been set on object 'Object Repository/RAD_Pages/TaxInfo_Page/input_FederalEIN-2'

2024-03-08 00:03:04 - [TEST_STEP][PASSED] - setEncryptedText(findTestObject(orPath_TaxInfo + "/input_FederalEIN_ReEnter-2"), ""): Text ****** has been set on object 'Object Repository/RAD_Pages/TaxInfo_Page/input_FederalEIN_ReEnter-2'

2024-03-08 00:03:05 - [MESSAGE][PASSED] - Text ****** has been set on object 'Object Repository/RAD_Pages/TaxInfo_Page/input_FederalEIN_ReEnter-2'

2024-03-08 00:03:05 - [TEST_STEP][PASSED] - break: null

2024-03-08 00:03:05 - [TEST_STEP][PASSED] - if (feinSsn.equalsIgnoreCase("Y")): null

2024-03-08 00:03:05 - [TEST_STEP][PASSED] - else: null

2024-03-08 00:03:05 - [TEST_STEP][PASSED] - if (verifyTextPresent("Please enter a valid FEIN with 9 digits.", true)): null

2024-03-08 00:03:06 - [MESSAGE][PASSED] - Text 'Please enter a valid FEIN with 9 digits.' is present on page  using regular expression

2024-03-08 00:03:06 - [TEST_STEP][PASSED] - println("Error Message is present on the page"): null

2024-03-08 00:03:06 - [TEST_STEP][PASSED] - out.println("Pass Record Number: " + row): null

2024-03-08 00:03:06 - [TEST_STEP][PASSED] - resText = "Pass": null

2024-03-08 00:03:06 - [TEST_STEP][PASSED] - pages.WriteExcel.demoKey(resText, datText, resColumn, datCloumn, fileLoc, nameSheet, row): pages.WriteExcel.demoKey is PASSED

2024-03-08 00:03:06 - [MESSAGE][PASSED] - pages.WriteExcel.demoKey is PASSED

2024-03-08 00:03:06 - [TEST_STEP][PASSED] - ExecuteTC = findTestData(dataFile).getValue("Execute", row): null

2024-03-08 00:03:06 - [TEST_STEP][PASSED] - Taxtype = findTestData(dataFile).getValue("TaxType", row): null

2024-03-08 00:03:06 - [TEST_STEP][PASSED] - Paymenttype = findTestData(dataFile).getValue("PaymentType", row): null

2024-03-08 00:03:06 - [TEST_STEP][PASSED] - feinSsn = findTestData(dataFile).getValue("FEINSSN", row): null

2024-03-08 00:03:06 - [TEST_STEP][PASSED] - out.println("Value of Execute is : " + ExecuteTC): null

2024-03-08 00:03:06 - [TEST_STEP][PASSED] - if (ExecuteTC.equalsIgnoreCase("Y")): null

2024-03-08 00:03:06 - [TEST_STEP][PASSED] - out.println("Begin Record Number: " + row): null

2024-03-08 00:03:06 - [TEST_STEP][PASSED] - today = new java.util.Date(): null

2024-03-08 00:03:06 - [TEST_STEP][PASSED] - println(today): null

2024-03-08 00:03:06 - [TEST_STEP][PASSED] - datText = today: null

2024-03-08 00:03:06 - [TEST_STEP][PASSED] - Taxtype = findTestData(dataFile).getValue("TaxType", row): null

2024-03-08 00:03:06 - [TEST_STEP][PASSED] - out.println("Taxtype value is : " + Taxtype): null

2024-03-08 00:03:06 - [TEST_STEP][PASSED] - openBrowser(""): Browser is opened with url: ''

2024-03-08 00:03:06 - [MESSAGE][WARNING] - A browser is already opened. Closing browser and opening a new one

2024-03-08 00:03:22 - [MESSAGE][INFO] - Starting 'Chrome' driver

2024-03-08 00:03:22 - [MESSAGE][INFO] - User set preference: ['acceptInsecureCerts', 'true']

2024-03-08 00:03:22 - [MESSAGE][INFO] - Action delay is set to 0 milliseconds

2024-03-08 00:03:23 - [MESSAGE][PASSED] - Browser is opened with url: ''

2024-03-08 00:03:23 - [TEST_STEP][PASSED] - maximizeWindow(): Current window maximized

2024-03-08 00:03:23 - [MESSAGE][PASSED] - Current window maximized

2024-03-08 00:03:23 - [TEST_STEP][PASSED] - navigateToUrl(RADurl): Navigate to 'https://qa2.velocitypayment.com/client/rad/index.html' successfully

2024-03-08 00:03:25 - [MESSAGE][PASSED] - Navigate to 'https://qa2.velocitypayment.com/client/rad/index.html' successfully

2024-03-08 00:03:25 - [TEST_STEP][PASSED] - orPath_Landing = "Object Repository/RAD_Pages/Landing_Page": null

2024-03-08 00:03:25 - [TEST_STEP][PASSED] - orPath_TaxTypeFilingYear = "Object Repository/RAD_Pages/TaxTypeFilingYear_Page": null

2024-03-08 00:03:25 - [TEST_STEP][PASSED] - orPath_TaxPayer = "Object Repository/RAD_Pages/Taxpayer_Page": null

2024-03-08 00:03:25 - [TEST_STEP][PASSED] - orPath_AddressContact = "Object Repository/RAD_Pages/AddressAndContactInfo_Page": null

2024-03-08 00:03:25 - [TEST_STEP][PASSED] - orPath_FilingStatus = "Object Repository/RAD_Pages/FilingStatus_Page": null

2024-03-08 00:03:25 - [TEST_STEP][PASSED] - orPath_Amount = "Object Repository/RAD_Pages/PaymentAmount_Page": null

2024-03-08 00:03:25 - [TEST_STEP][PASSED] - orPath_TaxInfo = "Object Repository/RAD_Pages/TaxInfo_Page": null

2024-03-08 00:03:25 - [TEST_STEP][PASSED] - orPath_Withholding = "Object Repository/RAD_Pages/Withholding_Page": null

2024-03-08 00:03:25 - [TEST_STEP][PASSED] - orPath_Summary = "Object Repository/RAD_Pages/Summary_Page": null

2024-03-08 00:03:25 - [TEST_STEP][PASSED] - orPath_PaymentReady = "Object Repository/RAD_Pages/PaymentReady_Page": null

2024-03-08 00:03:25 - [TEST_STEP][PASSED] - orPath_PaymentEntry = "Object Repository/RAD_Pages/PaymentEntry_Page": null

2024-03-08 00:03:25 - [TEST_STEP][PASSED] - orPath_PaymentConfirmation = "Object Repository/RAD_Pages/PaymentConfirmation_Page": null

2024-03-08 00:03:25 - [TEST_STEP][PASSED] - orPath_ServiceFeesAccept = "Object Repository/RAD_Pages/ServiceFeeAccept_Page": null

2024-03-08 00:03:25 - [TEST_STEP][PASSED] - selectOptionByLabel(findTestObject(orPath_Landing + "/dd_TaxType"), Paymenttype, false): All options with label 'New Tax Return Amount Due' are selected in object 'Object Repository/RAD_Pages/Landing_Page/dd_TaxType' 

2024-03-08 00:03:26 - [MESSAGE][PASSED] - All options with label 'New Tax Return Amount Due' are selected in object 'Object Repository/RAD_Pages/Landing_Page/dd_TaxType' 

2024-03-08 00:03:26 - [TEST_STEP][PASSED] - delay(1): Delayed 1 second(s)

2024-03-08 00:03:27 - [MESSAGE][PASSED] - Delayed 1 second(s)

2024-03-08 00:03:27 - [TEST_STEP][PASSED] - switch (Paymenttype): null

2024-03-08 00:03:27 - [TEST_STEP][PASSED] - case "New Tax Return Amount Due":: null

2024-03-08 00:03:27 - [TEST_STEP][PASSED] - selectOptionByLabel(findTestObject("Object Repository/RAD_Pages/Landing_Page/select_NewTaxReturnAmountDue_TaxType"), Taxtype, false): All options with label 'PTE Non-Electing Non-S Corp' are selected in object 'Object Repository/RAD_Pages/Landing_Page/select_NewTaxReturnAmountDue_TaxType' 

2024-03-08 00:03:28 - [MESSAGE][PASSED] - All options with label 'PTE Non-Electing Non-S Corp' are selected in object 'Object Repository/RAD_Pages/Landing_Page/select_NewTaxReturnAmountDue_TaxType' 

2024-03-08 00:03:28 - [TEST_STEP][PASSED] - break: null

2024-03-08 00:03:28 - [TEST_STEP][PASSED] - delay(1): Delayed 1 second(s)

2024-03-08 00:03:29 - [MESSAGE][PASSED] - Delayed 1 second(s)

2024-03-08 00:03:29 - [TEST_STEP][PASSED] - switch (Paymenttype): null

2024-03-08 00:03:29 - [TEST_STEP][PASSED] - case "New Tax Return Amount Due":: null

2024-03-08 00:03:29 - [TEST_STEP][PASSED] - if (feinSsn.equalsIgnoreCase("Y")): Text ****** has been set on object 'Object Repository/RAD_Pages/TaxInfo_Page/input_TaxInfo_RetypeFeinSsn_New_2'

2024-03-08 00:03:29 - [TEST_STEP][PASSED] - setEncryptedText(findTestObject(orPath_TaxInfo + "//input_TaxInfo_FeinSsn_New_2"), "iGDxf8hSRT4="): Text ****** has been set on object 'Object Repository/RAD_Pages/TaxInfo_Page//input_TaxInfo_FeinSsn_New_2'

2024-03-08 00:03:29 - [MESSAGE][PASSED] - Text ****** has been set on object 'Object Repository/RAD_Pages/TaxInfo_Page//input_TaxInfo_FeinSsn_New_2'

2024-03-08 00:03:29 - [TEST_STEP][PASSED] - setEncryptedText(findTestObject(orPath_TaxInfo + "/input_TaxInfo_RetypeFeinSsn_New_2"), ""): Text ****** has been set on object 'Object Repository/RAD_Pages/TaxInfo_Page/input_TaxInfo_RetypeFeinSsn_New_2'

2024-03-08 00:03:30 - [MESSAGE][PASSED] - Text ****** has been set on object 'Object Repository/RAD_Pages/TaxInfo_Page/input_TaxInfo_RetypeFeinSsn_New_2'

2024-03-08 00:03:30 - [TEST_STEP][PASSED] - break: null

2024-03-08 00:03:30 - [TEST_STEP][PASSED] - if (feinSsn.equalsIgnoreCase("Y")): null

2024-03-08 00:03:30 - [TEST_STEP][PASSED] - if (verifyTextPresent("Please enter a valid FEIN/SSN with 9 digits", true)): null

2024-03-08 00:03:30 - [MESSAGE][PASSED] - Text 'Please enter a valid FEIN/SSN with 9 digits' is present on page  using regular expression

2024-03-08 00:03:30 - [TEST_STEP][PASSED] - println("Error Message is present on the page"): null

2024-03-08 00:03:30 - [TEST_STEP][PASSED] - out.println("Pass Record Number: " + row): null

2024-03-08 00:03:30 - [TEST_STEP][PASSED] - resText = "Pass": null

2024-03-08 00:03:30 - [TEST_STEP][PASSED] - pages.WriteExcel.demoKey(resText, datText, resColumn, datCloumn, fileLoc, nameSheet, row): pages.WriteExcel.demoKey is PASSED

2024-03-08 00:03:30 - [MESSAGE][PASSED] - pages.WriteExcel.demoKey is PASSED

2024-03-08 00:03:30 - [TEST_STEP][PASSED] - ExecuteTC = findTestData(dataFile).getValue("Execute", row): null

2024-03-08 00:03:30 - [TEST_STEP][PASSED] - Taxtype = findTestData(dataFile).getValue("TaxType", row): null

2024-03-08 00:03:31 - [TEST_STEP][PASSED] - Paymenttype = findTestData(dataFile).getValue("PaymentType", row): null

2024-03-08 00:03:31 - [TEST_STEP][PASSED] - feinSsn = findTestData(dataFile).getValue("FEINSSN", row): null

2024-03-08 00:03:31 - [TEST_STEP][PASSED] - out.println("Value of Execute is : " + ExecuteTC): null

2024-03-08 00:03:31 - [TEST_STEP][PASSED] - if (ExecuteTC.equalsIgnoreCase("Y")): null

2024-03-08 00:03:31 - [TEST_STEP][PASSED] - out.println("Begin Record Number: " + row): null

2024-03-08 00:03:31 - [TEST_STEP][PASSED] - today = new java.util.Date(): null

2024-03-08 00:03:31 - [TEST_STEP][PASSED] - println(today): null

2024-03-08 00:03:31 - [TEST_STEP][PASSED] - datText = today: null

2024-03-08 00:03:31 - [TEST_STEP][PASSED] - Taxtype = findTestData(dataFile).getValue("TaxType", row): null

2024-03-08 00:03:31 - [TEST_STEP][PASSED] - out.println("Taxtype value is : " + Taxtype): null

2024-03-08 00:03:31 - [TEST_STEP][PASSED] - openBrowser(""): Browser is opened with url: ''

2024-03-08 00:03:31 - [MESSAGE][WARNING] - A browser is already opened. Closing browser and opening a new one

2024-03-08 00:03:57 - [MESSAGE][INFO] - Starting 'Chrome' driver

2024-03-08 00:03:57 - [MESSAGE][INFO] - User set preference: ['acceptInsecureCerts', 'true']

2024-03-08 00:03:57 - [MESSAGE][INFO] - Action delay is set to 0 milliseconds

2024-03-08 00:03:59 - [MESSAGE][PASSED] - Browser is opened with url: ''

2024-03-08 00:03:59 - [TEST_STEP][PASSED] - maximizeWindow(): Current window maximized

2024-03-08 00:03:59 - [MESSAGE][PASSED] - Current window maximized

2024-03-08 00:03:59 - [TEST_STEP][PASSED] - navigateToUrl(RADurl): Navigate to 'https://qa2.velocitypayment.com/client/rad/index.html' successfully

2024-03-08 00:04:07 - [MESSAGE][PASSED] - Navigate to 'https://qa2.velocitypayment.com/client/rad/index.html' successfully

2024-03-08 00:04:07 - [TEST_STEP][PASSED] - orPath_Landing = "Object Repository/RAD_Pages/Landing_Page": null

2024-03-08 00:04:07 - [TEST_STEP][PASSED] - orPath_TaxTypeFilingYear = "Object Repository/RAD_Pages/TaxTypeFilingYear_Page": null

2024-03-08 00:04:07 - [TEST_STEP][PASSED] - orPath_TaxPayer = "Object Repository/RAD_Pages/Taxpayer_Page": null

2024-03-08 00:04:07 - [TEST_STEP][PASSED] - orPath_AddressContact = "Object Repository/RAD_Pages/AddressAndContactInfo_Page": null

2024-03-08 00:04:07 - [TEST_STEP][PASSED] - orPath_FilingStatus = "Object Repository/RAD_Pages/FilingStatus_Page": null

2024-03-08 00:04:07 - [TEST_STEP][PASSED] - orPath_Amount = "Object Repository/RAD_Pages/PaymentAmount_Page": null

2024-03-08 00:04:07 - [TEST_STEP][PASSED] - orPath_TaxInfo = "Object Repository/RAD_Pages/TaxInfo_Page": null

2024-03-08 00:04:07 - [TEST_STEP][PASSED] - orPath_Withholding = "Object Repository/RAD_Pages/Withholding_Page": null

2024-03-08 00:04:07 - [TEST_STEP][PASSED] - orPath_Summary = "Object Repository/RAD_Pages/Summary_Page": null

2024-03-08 00:04:07 - [TEST_STEP][PASSED] - orPath_PaymentReady = "Object Repository/RAD_Pages/PaymentReady_Page": null

2024-03-08 00:04:07 - [TEST_STEP][PASSED] - orPath_PaymentEntry = "Object Repository/RAD_Pages/PaymentEntry_Page": null

2024-03-08 00:04:07 - [TEST_STEP][PASSED] - orPath_PaymentConfirmation = "Object Repository/RAD_Pages/PaymentConfirmation_Page": null

2024-03-08 00:04:07 - [TEST_STEP][PASSED] - orPath_ServiceFeesAccept = "Object Repository/RAD_Pages/ServiceFeeAccept_Page": null

2024-03-08 00:04:07 - [TEST_STEP][PASSED] - selectOptionByLabel(findTestObject(orPath_Landing + "/dd_TaxType"), Paymenttype, false): All options with label 'New Tax Return Amount Due' are selected in object 'Object Repository/RAD_Pages/Landing_Page/dd_TaxType' 

2024-03-08 00:04:08 - [MESSAGE][PASSED] - All options with label 'New Tax Return Amount Due' are selected in object 'Object Repository/RAD_Pages/Landing_Page/dd_TaxType' 

2024-03-08 00:04:08 - [TEST_STEP][PASSED] - delay(1): Delayed 1 second(s)

2024-03-08 00:04:09 - [MESSAGE][PASSED] - Delayed 1 second(s)

2024-03-08 00:04:09 - [TEST_STEP][PASSED] - switch (Paymenttype): null

2024-03-08 00:04:09 - [TEST_STEP][PASSED] - case "New Tax Return Amount Due":: null

2024-03-08 00:04:09 - [TEST_STEP][PASSED] - selectOptionByLabel(findTestObject("Object Repository/RAD_Pages/Landing_Page/select_NewTaxReturnAmountDue_TaxType"), Taxtype, false): All options with label 'PTE Non-Electing S Corp' are selected in object 'Object Repository/RAD_Pages/Landing_Page/select_NewTaxReturnAmountDue_TaxType' 

2024-03-08 00:04:09 - [MESSAGE][PASSED] - All options with label 'PTE Non-Electing S Corp' are selected in object 'Object Repository/RAD_Pages/Landing_Page/select_NewTaxReturnAmountDue_TaxType' 

2024-03-08 00:04:09 - [TEST_STEP][PASSED] - break: null

2024-03-08 00:04:09 - [TEST_STEP][PASSED] - delay(1): Delayed 1 second(s)

2024-03-08 00:04:10 - [MESSAGE][PASSED] - Delayed 1 second(s)

2024-03-08 00:04:10 - [TEST_STEP][PASSED] - switch (Paymenttype): null

2024-03-08 00:04:10 - [TEST_STEP][PASSED] - case "New Tax Return Amount Due":: null

2024-03-08 00:04:10 - [TEST_STEP][PASSED] - if (feinSsn.equalsIgnoreCase("Y")): Text ****** has been set on object 'Object Repository/RAD_Pages/TaxInfo_Page/input_TaxInfo_RetypeFeinSsn_New_2'

2024-03-08 00:04:10 - [TEST_STEP][PASSED] - setEncryptedText(findTestObject(orPath_TaxInfo + "//input_TaxInfo_FeinSsn_New_2"), "iGDxf8hSRT4="): Text ****** has been set on object 'Object Repository/RAD_Pages/TaxInfo_Page//input_TaxInfo_FeinSsn_New_2'

2024-03-08 00:04:11 - [MESSAGE][PASSED] - Text ****** has been set on object 'Object Repository/RAD_Pages/TaxInfo_Page//input_TaxInfo_FeinSsn_New_2'

2024-03-08 00:04:11 - [TEST_STEP][PASSED] - setEncryptedText(findTestObject(orPath_TaxInfo + "/input_TaxInfo_RetypeFeinSsn_New_2"), ""): Text ****** has been set on object 'Object Repository/RAD_Pages/TaxInfo_Page/input_TaxInfo_RetypeFeinSsn_New_2'

2024-03-08 00:04:11 - [MESSAGE][PASSED] - Text ****** has been set on object 'Object Repository/RAD_Pages/TaxInfo_Page/input_TaxInfo_RetypeFeinSsn_New_2'

2024-03-08 00:04:11 - [TEST_STEP][PASSED] - break: null

2024-03-08 00:04:11 - [TEST_STEP][PASSED] - if (feinSsn.equalsIgnoreCase("Y")): null

2024-03-08 00:04:11 - [TEST_STEP][PASSED] - if (verifyTextPresent("Please enter a valid FEIN/SSN with 9 digits", true)): null

2024-03-08 00:04:12 - [MESSAGE][PASSED] - Text 'Please enter a valid FEIN/SSN with 9 digits' is present on page  using regular expression

2024-03-08 00:04:12 - [TEST_STEP][PASSED] - println("Error Message is present on the page"): null

2024-03-08 00:04:12 - [TEST_STEP][PASSED] - out.println("Pass Record Number: " + row): null

2024-03-08 00:04:12 - [TEST_STEP][PASSED] - resText = "Pass": null

2024-03-08 00:04:12 - [TEST_STEP][PASSED] - pages.WriteExcel.demoKey(resText, datText, resColumn, datCloumn, fileLoc, nameSheet, row): pages.WriteExcel.demoKey is PASSED

2024-03-08 00:04:12 - [MESSAGE][PASSED] - pages.WriteExcel.demoKey is PASSED

2024-03-08 00:04:12 - [TEST_STEP][PASSED] - ExecuteTC = findTestData(dataFile).getValue("Execute", row): null

2024-03-08 00:04:12 - [TEST_STEP][PASSED] - Taxtype = findTestData(dataFile).getValue("TaxType", row): null

2024-03-08 00:04:12 - [TEST_STEP][PASSED] - Paymenttype = findTestData(dataFile).getValue("PaymentType", row): null

2024-03-08 00:04:12 - [TEST_STEP][PASSED] - feinSsn = findTestData(dataFile).getValue("FEINSSN", row): null

2024-03-08 00:04:12 - [TEST_STEP][PASSED] - out.println("Value of Execute is : " + ExecuteTC): null

2024-03-08 00:04:12 - [TEST_STEP][PASSED] - if (ExecuteTC.equalsIgnoreCase("Y")): null

2024-03-08 00:04:12 - [TEST_STEP][PASSED] - out.println("Begin Record Number: " + row): null

2024-03-08 00:04:12 - [TEST_STEP][PASSED] - today = new java.util.Date(): null

2024-03-08 00:04:12 - [TEST_STEP][PASSED] - println(today): null

2024-03-08 00:04:12 - [TEST_STEP][PASSED] - datText = today: null

2024-03-08 00:04:12 - [TEST_STEP][PASSED] - Taxtype = findTestData(dataFile).getValue("TaxType", row): null

2024-03-08 00:04:12 - [TEST_STEP][PASSED] - out.println("Taxtype value is : " + Taxtype): null

2024-03-08 00:04:12 - [TEST_STEP][PASSED] - openBrowser(""): Browser is opened with url: ''

2024-03-08 00:04:12 - [MESSAGE][WARNING] - A browser is already opened. Closing browser and opening a new one

2024-03-08 00:04:45 - [MESSAGE][INFO] - Starting 'Chrome' driver

2024-03-08 00:04:45 - [MESSAGE][INFO] - User set preference: ['acceptInsecureCerts', 'true']

2024-03-08 00:04:45 - [MESSAGE][INFO] - Action delay is set to 0 milliseconds

2024-03-08 00:04:47 - [MESSAGE][PASSED] - Browser is opened with url: ''

2024-03-08 00:04:47 - [TEST_STEP][PASSED] - maximizeWindow(): Current window maximized

2024-03-08 00:04:47 - [MESSAGE][PASSED] - Current window maximized

2024-03-08 00:04:47 - [TEST_STEP][PASSED] - navigateToUrl(RADurl): Navigate to 'https://qa2.velocitypayment.com/client/rad/index.html' successfully

2024-03-08 00:04:54 - [MESSAGE][PASSED] - Navigate to 'https://qa2.velocitypayment.com/client/rad/index.html' successfully

2024-03-08 00:04:54 - [TEST_STEP][PASSED] - orPath_Landing = "Object Repository/RAD_Pages/Landing_Page": null

2024-03-08 00:04:54 - [TEST_STEP][PASSED] - orPath_TaxTypeFilingYear = "Object Repository/RAD_Pages/TaxTypeFilingYear_Page": null

2024-03-08 00:04:54 - [TEST_STEP][PASSED] - orPath_TaxPayer = "Object Repository/RAD_Pages/Taxpayer_Page": null

2024-03-08 00:04:54 - [TEST_STEP][PASSED] - orPath_AddressContact = "Object Repository/RAD_Pages/AddressAndContactInfo_Page": null

2024-03-08 00:04:54 - [TEST_STEP][PASSED] - orPath_FilingStatus = "Object Repository/RAD_Pages/FilingStatus_Page": null

2024-03-08 00:04:54 - [TEST_STEP][PASSED] - orPath_Amount = "Object Repository/RAD_Pages/PaymentAmount_Page": null

2024-03-08 00:04:54 - [TEST_STEP][PASSED] - orPath_TaxInfo = "Object Repository/RAD_Pages/TaxInfo_Page": null

2024-03-08 00:04:54 - [TEST_STEP][PASSED] - orPath_Withholding = "Object Repository/RAD_Pages/Withholding_Page": null

2024-03-08 00:04:54 - [TEST_STEP][PASSED] - orPath_Summary = "Object Repository/RAD_Pages/Summary_Page": null

2024-03-08 00:04:54 - [TEST_STEP][PASSED] - orPath_PaymentReady = "Object Repository/RAD_Pages/PaymentReady_Page": null

2024-03-08 00:04:54 - [TEST_STEP][PASSED] - orPath_PaymentEntry = "Object Repository/RAD_Pages/PaymentEntry_Page": null

2024-03-08 00:04:54 - [TEST_STEP][PASSED] - orPath_PaymentConfirmation = "Object Repository/RAD_Pages/PaymentConfirmation_Page": null

2024-03-08 00:04:54 - [TEST_STEP][PASSED] - orPath_ServiceFeesAccept = "Object Repository/RAD_Pages/ServiceFeeAccept_Page": null

2024-03-08 00:04:54 - [TEST_STEP][PASSED] - selectOptionByLabel(findTestObject(orPath_Landing + "/dd_TaxType"), Paymenttype, false): All options with label 'New Tax Return Amount Due' are selected in object 'Object Repository/RAD_Pages/Landing_Page/dd_TaxType' 

2024-03-08 00:04:55 - [MESSAGE][PASSED] - All options with label 'New Tax Return Amount Due' are selected in object 'Object Repository/RAD_Pages/Landing_Page/dd_TaxType' 

2024-03-08 00:04:55 - [TEST_STEP][PASSED] - delay(1): Delayed 1 second(s)

2024-03-08 00:04:56 - [MESSAGE][PASSED] - Delayed 1 second(s)

2024-03-08 00:04:56 - [TEST_STEP][PASSED] - switch (Paymenttype): null

2024-03-08 00:04:56 - [TEST_STEP][PASSED] - case "New Tax Return Amount Due":: null

2024-03-08 00:04:56 - [TEST_STEP][PASSED] - selectOptionByLabel(findTestObject("Object Repository/RAD_Pages/Landing_Page/select_NewTaxReturnAmountDue_TaxType"), Taxtype, false): All options with label 'PTE Tax Electing Non-S Corp' are selected in object 'Object Repository/RAD_Pages/Landing_Page/select_NewTaxReturnAmountDue_TaxType' 

2024-03-08 00:04:57 - [MESSAGE][PASSED] - All options with label 'PTE Tax Electing Non-S Corp' are selected in object 'Object Repository/RAD_Pages/Landing_Page/select_NewTaxReturnAmountDue_TaxType' 

2024-03-08 00:04:57 - [TEST_STEP][PASSED] - break: null

2024-03-08 00:04:57 - [TEST_STEP][PASSED] - delay(1): Delayed 1 second(s)

2024-03-08 00:04:58 - [MESSAGE][PASSED] - Delayed 1 second(s)

2024-03-08 00:04:58 - [TEST_STEP][PASSED] - switch (Paymenttype): null

2024-03-08 00:04:58 - [TEST_STEP][PASSED] - case "New Tax Return Amount Due":: null

2024-03-08 00:04:58 - [TEST_STEP][PASSED] - if (feinSsn.equalsIgnoreCase("Y")): Text ****** has been set on object 'Object Repository/RAD_Pages/TaxInfo_Page/input_TaxInfo_RetypeFeinSsn_New_2'

2024-03-08 00:04:58 - [TEST_STEP][PASSED] - setEncryptedText(findTestObject(orPath_TaxInfo + "//input_TaxInfo_FeinSsn_New_2"), "iGDxf8hSRT4="): Text ****** has been set on object 'Object Repository/RAD_Pages/TaxInfo_Page//input_TaxInfo_FeinSsn_New_2'

2024-03-08 00:04:58 - [MESSAGE][PASSED] - Text ****** has been set on object 'Object Repository/RAD_Pages/TaxInfo_Page//input_TaxInfo_FeinSsn_New_2'

2024-03-08 00:04:58 - [TEST_STEP][PASSED] - setEncryptedText(findTestObject(orPath_TaxInfo + "/input_TaxInfo_RetypeFeinSsn_New_2"), ""): Text ****** has been set on object 'Object Repository/RAD_Pages/TaxInfo_Page/input_TaxInfo_RetypeFeinSsn_New_2'

2024-03-08 00:04:59 - [MESSAGE][PASSED] - Text ****** has been set on object 'Object Repository/RAD_Pages/TaxInfo_Page/input_TaxInfo_RetypeFeinSsn_New_2'

2024-03-08 00:04:59 - [TEST_STEP][PASSED] - break: null

2024-03-08 00:04:59 - [TEST_STEP][PASSED] - if (feinSsn.equalsIgnoreCase("Y")): null

2024-03-08 00:04:59 - [TEST_STEP][PASSED] - if (verifyTextPresent("Please enter a valid FEIN/SSN with 9 digits", true)): null

2024-03-08 00:05:00 - [MESSAGE][PASSED] - Text 'Please enter a valid FEIN/SSN with 9 digits' is present on page  using regular expression

2024-03-08 00:05:00 - [TEST_STEP][PASSED] - println("Error Message is present on the page"): null

2024-03-08 00:05:00 - [TEST_STEP][PASSED] - out.println("Pass Record Number: " + row): null

2024-03-08 00:05:00 - [TEST_STEP][PASSED] - resText = "Pass": null

2024-03-08 00:05:00 - [TEST_STEP][PASSED] - pages.WriteExcel.demoKey(resText, datText, resColumn, datCloumn, fileLoc, nameSheet, row): pages.WriteExcel.demoKey is PASSED

2024-03-08 00:05:00 - [MESSAGE][PASSED] - pages.WriteExcel.demoKey is PASSED

2024-03-08 00:05:00 - [TEST_STEP][PASSED] - ExecuteTC = findTestData(dataFile).getValue("Execute", row): null

2024-03-08 00:05:00 - [TEST_STEP][PASSED] - Taxtype = findTestData(dataFile).getValue("TaxType", row): null

2024-03-08 00:05:00 - [TEST_STEP][PASSED] - Paymenttype = findTestData(dataFile).getValue("PaymentType", row): null

2024-03-08 00:05:00 - [TEST_STEP][PASSED] - feinSsn = findTestData(dataFile).getValue("FEINSSN", row): null

2024-03-08 00:05:00 - [TEST_STEP][PASSED] - out.println("Value of Execute is : " + ExecuteTC): null

2024-03-08 00:05:00 - [TEST_STEP][PASSED] - if (ExecuteTC.equalsIgnoreCase("Y")): null

2024-03-08 00:05:00 - [TEST_STEP][PASSED] - out.println("Begin Record Number: " + row): null

2024-03-08 00:05:00 - [TEST_STEP][PASSED] - today = new java.util.Date(): null

2024-03-08 00:05:00 - [TEST_STEP][PASSED] - println(today): null

2024-03-08 00:05:00 - [TEST_STEP][PASSED] - datText = today: null

2024-03-08 00:05:00 - [TEST_STEP][PASSED] - Taxtype = findTestData(dataFile).getValue("TaxType", row): null

2024-03-08 00:05:00 - [TEST_STEP][PASSED] - out.println("Taxtype value is : " + Taxtype): null

2024-03-08 00:05:00 - [TEST_STEP][PASSED] - openBrowser(""): Browser is opened with url: ''

2024-03-08 00:05:00 - [MESSAGE][WARNING] - A browser is already opened. Closing browser and opening a new one

2024-03-08 00:05:11 - [MESSAGE][INFO] - Starting 'Chrome' driver

2024-03-08 00:05:11 - [MESSAGE][INFO] - User set preference: ['acceptInsecureCerts', 'true']

2024-03-08 00:05:11 - [MESSAGE][INFO] - Action delay is set to 0 milliseconds

2024-03-08 00:05:13 - [MESSAGE][PASSED] - Browser is opened with url: ''

2024-03-08 00:05:13 - [TEST_STEP][PASSED] - maximizeWindow(): Current window maximized

2024-03-08 00:05:13 - [MESSAGE][PASSED] - Current window maximized

2024-03-08 00:05:13 - [TEST_STEP][PASSED] - navigateToUrl(RADurl): Navigate to 'https://qa2.velocitypayment.com/client/rad/index.html' successfully

2024-03-08 00:05:15 - [MESSAGE][PASSED] - Navigate to 'https://qa2.velocitypayment.com/client/rad/index.html' successfully

2024-03-08 00:05:15 - [TEST_STEP][PASSED] - orPath_Landing = "Object Repository/RAD_Pages/Landing_Page": null

2024-03-08 00:05:15 - [TEST_STEP][PASSED] - orPath_TaxTypeFilingYear = "Object Repository/RAD_Pages/TaxTypeFilingYear_Page": null

2024-03-08 00:05:15 - [TEST_STEP][PASSED] - orPath_TaxPayer = "Object Repository/RAD_Pages/Taxpayer_Page": null

2024-03-08 00:05:15 - [TEST_STEP][PASSED] - orPath_AddressContact = "Object Repository/RAD_Pages/AddressAndContactInfo_Page": null

2024-03-08 00:05:15 - [TEST_STEP][PASSED] - orPath_FilingStatus = "Object Repository/RAD_Pages/FilingStatus_Page": null

2024-03-08 00:05:15 - [TEST_STEP][PASSED] - orPath_Amount = "Object Repository/RAD_Pages/PaymentAmount_Page": null

2024-03-08 00:05:15 - [TEST_STEP][PASSED] - orPath_TaxInfo = "Object Repository/RAD_Pages/TaxInfo_Page": null

2024-03-08 00:05:15 - [TEST_STEP][PASSED] - orPath_Withholding = "Object Repository/RAD_Pages/Withholding_Page": null

2024-03-08 00:05:15 - [TEST_STEP][PASSED] - orPath_Summary = "Object Repository/RAD_Pages/Summary_Page": null

2024-03-08 00:05:15 - [TEST_STEP][PASSED] - orPath_PaymentReady = "Object Repository/RAD_Pages/PaymentReady_Page": null

2024-03-08 00:05:15 - [TEST_STEP][PASSED] - orPath_PaymentEntry = "Object Repository/RAD_Pages/PaymentEntry_Page": null

2024-03-08 00:05:15 - [TEST_STEP][PASSED] - orPath_PaymentConfirmation = "Object Repository/RAD_Pages/PaymentConfirmation_Page": null

2024-03-08 00:05:15 - [TEST_STEP][PASSED] - orPath_ServiceFeesAccept = "Object Repository/RAD_Pages/ServiceFeeAccept_Page": null

2024-03-08 00:05:15 - [TEST_STEP][PASSED] - selectOptionByLabel(findTestObject(orPath_Landing + "/dd_TaxType"), Paymenttype, false): All options with label 'New Tax Return Amount Due' are selected in object 'Object Repository/RAD_Pages/Landing_Page/dd_TaxType' 

2024-03-08 00:05:15 - [MESSAGE][PASSED] - All options with label 'New Tax Return Amount Due' are selected in object 'Object Repository/RAD_Pages/Landing_Page/dd_TaxType' 

2024-03-08 00:05:15 - [TEST_STEP][PASSED] - delay(1): Delayed 1 second(s)

2024-03-08 00:05:16 - [MESSAGE][PASSED] - Delayed 1 second(s)

2024-03-08 00:05:16 - [TEST_STEP][PASSED] - switch (Paymenttype): null

2024-03-08 00:05:16 - [TEST_STEP][PASSED] - case "New Tax Return Amount Due":: null

2024-03-08 00:05:16 - [TEST_STEP][PASSED] - selectOptionByLabel(findTestObject("Object Repository/RAD_Pages/Landing_Page/select_NewTaxReturnAmountDue_TaxType"), Taxtype, false): All options with label 'PTE Tax Electing S Corp' are selected in object 'Object Repository/RAD_Pages/Landing_Page/select_NewTaxReturnAmountDue_TaxType' 

2024-03-08 00:05:17 - [MESSAGE][PASSED] - All options with label 'PTE Tax Electing S Corp' are selected in object 'Object Repository/RAD_Pages/Landing_Page/select_NewTaxReturnAmountDue_TaxType' 

2024-03-08 00:05:17 - [TEST_STEP][PASSED] - break: null

2024-03-08 00:05:17 - [TEST_STEP][PASSED] - delay(1): Delayed 1 second(s)

2024-03-08 00:05:18 - [MESSAGE][PASSED] - Delayed 1 second(s)

2024-03-08 00:05:18 - [TEST_STEP][PASSED] - switch (Paymenttype): null

2024-03-08 00:05:18 - [TEST_STEP][PASSED] - case "New Tax Return Amount Due":: null

2024-03-08 00:05:18 - [TEST_STEP][PASSED] - if (feinSsn.equalsIgnoreCase("Y")): Text ****** has been set on object 'Object Repository/RAD_Pages/TaxInfo_Page/input_TaxInfo_RetypeFeinSsn_New_2'

2024-03-08 00:05:18 - [TEST_STEP][PASSED] - setEncryptedText(findTestObject(orPath_TaxInfo + "//input_TaxInfo_FeinSsn_New_2"), "iGDxf8hSRT4="): Text ****** has been set on object 'Object Repository/RAD_Pages/TaxInfo_Page//input_TaxInfo_FeinSsn_New_2'

2024-03-08 00:05:18 - [MESSAGE][PASSED] - Text ****** has been set on object 'Object Repository/RAD_Pages/TaxInfo_Page//input_TaxInfo_FeinSsn_New_2'

2024-03-08 00:05:18 - [TEST_STEP][PASSED] - setEncryptedText(findTestObject(orPath_TaxInfo + "/input_TaxInfo_RetypeFeinSsn_New_2"), ""): Text ****** has been set on object 'Object Repository/RAD_Pages/TaxInfo_Page/input_TaxInfo_RetypeFeinSsn_New_2'

2024-03-08 00:05:19 - [MESSAGE][PASSED] - Text ****** has been set on object 'Object Repository/RAD_Pages/TaxInfo_Page/input_TaxInfo_RetypeFeinSsn_New_2'

2024-03-08 00:05:19 - [TEST_STEP][PASSED] - break: null

2024-03-08 00:05:19 - [TEST_STEP][PASSED] - if (feinSsn.equalsIgnoreCase("Y")): null

2024-03-08 00:05:19 - [TEST_STEP][PASSED] - if (verifyTextPresent("Please enter a valid FEIN/SSN with 9 digits", true)): null

2024-03-08 00:05:20 - [MESSAGE][PASSED] - Text 'Please enter a valid FEIN/SSN with 9 digits' is present on page  using regular expression

2024-03-08 00:05:20 - [TEST_STEP][PASSED] - println("Error Message is present on the page"): null

2024-03-08 00:05:20 - [TEST_STEP][PASSED] - out.println("Pass Record Number: " + row): null

2024-03-08 00:05:20 - [TEST_STEP][PASSED] - resText = "Pass": null

2024-03-08 00:05:20 - [TEST_STEP][PASSED] - pages.WriteExcel.demoKey(resText, datText, resColumn, datCloumn, fileLoc, nameSheet, row): pages.WriteExcel.demoKey is PASSED

2024-03-08 00:05:20 - [MESSAGE][PASSED] - pages.WriteExcel.demoKey is PASSED

2024-03-08 00:05:20 - [TEST_STEP][PASSED] - ExecuteTC = findTestData(dataFile).getValue("Execute", row): null

2024-03-08 00:05:20 - [TEST_STEP][PASSED] - Taxtype = findTestData(dataFile).getValue("TaxType", row): null

2024-03-08 00:05:20 - [TEST_STEP][PASSED] - Paymenttype = findTestData(dataFile).getValue("PaymentType", row): null

2024-03-08 00:05:20 - [TEST_STEP][PASSED] - feinSsn = findTestData(dataFile).getValue("FEINSSN", row): null

2024-03-08 00:05:20 - [TEST_STEP][PASSED] - out.println("Value of Execute is : " + ExecuteTC): null

2024-03-08 00:05:20 - [TEST_STEP][PASSED] - if (ExecuteTC.equalsIgnoreCase("Y")): null

2024-03-08 00:05:20 - [TEST_STEP][PASSED] - out.println("Begin Record Number: " + row): null

2024-03-08 00:05:20 - [TEST_STEP][PASSED] - today = new java.util.Date(): null

2024-03-08 00:05:20 - [TEST_STEP][PASSED] - println(today): null

2024-03-08 00:05:20 - [TEST_STEP][PASSED] - datText = today: null

2024-03-08 00:05:20 - [TEST_STEP][PASSED] - Taxtype = findTestData(dataFile).getValue("TaxType", row): null

2024-03-08 00:05:20 - [TEST_STEP][PASSED] - out.println("Taxtype value is : " + Taxtype): null

2024-03-08 00:05:20 - [TEST_STEP][PASSED] - openBrowser(""): Browser is opened with url: ''

2024-03-08 00:05:20 - [MESSAGE][WARNING] - A browser is already opened. Closing browser and opening a new one

2024-03-08 00:05:36 - [MESSAGE][INFO] - Starting 'Chrome' driver

2024-03-08 00:05:36 - [MESSAGE][INFO] - User set preference: ['acceptInsecureCerts', 'true']

2024-03-08 00:05:36 - [MESSAGE][INFO] - Action delay is set to 0 milliseconds

2024-03-08 00:05:38 - [MESSAGE][PASSED] - Browser is opened with url: ''

2024-03-08 00:05:38 - [TEST_STEP][PASSED] - maximizeWindow(): Current window maximized

2024-03-08 00:05:38 - [MESSAGE][PASSED] - Current window maximized

2024-03-08 00:05:38 - [TEST_STEP][PASSED] - navigateToUrl(RADurl): Navigate to 'https://qa2.velocitypayment.com/client/rad/index.html' successfully

2024-03-08 00:05:49 - [MESSAGE][PASSED] - Navigate to 'https://qa2.velocitypayment.com/client/rad/index.html' successfully

2024-03-08 00:05:49 - [TEST_STEP][PASSED] - orPath_Landing = "Object Repository/RAD_Pages/Landing_Page": null

2024-03-08 00:05:49 - [TEST_STEP][PASSED] - orPath_TaxTypeFilingYear = "Object Repository/RAD_Pages/TaxTypeFilingYear_Page": null

2024-03-08 00:05:49 - [TEST_STEP][PASSED] - orPath_TaxPayer = "Object Repository/RAD_Pages/Taxpayer_Page": null

2024-03-08 00:05:49 - [TEST_STEP][PASSED] - orPath_AddressContact = "Object Repository/RAD_Pages/AddressAndContactInfo_Page": null

2024-03-08 00:05:49 - [TEST_STEP][PASSED] - orPath_FilingStatus = "Object Repository/RAD_Pages/FilingStatus_Page": null

2024-03-08 00:05:49 - [TEST_STEP][PASSED] - orPath_Amount = "Object Repository/RAD_Pages/PaymentAmount_Page": null

2024-03-08 00:05:49 - [TEST_STEP][PASSED] - orPath_TaxInfo = "Object Repository/RAD_Pages/TaxInfo_Page": null

2024-03-08 00:05:49 - [TEST_STEP][PASSED] - orPath_Withholding = "Object Repository/RAD_Pages/Withholding_Page": null

2024-03-08 00:05:49 - [TEST_STEP][PASSED] - orPath_Summary = "Object Repository/RAD_Pages/Summary_Page": null

2024-03-08 00:05:49 - [TEST_STEP][PASSED] - orPath_PaymentReady = "Object Repository/RAD_Pages/PaymentReady_Page": null

2024-03-08 00:05:49 - [TEST_STEP][PASSED] - orPath_PaymentEntry = "Object Repository/RAD_Pages/PaymentEntry_Page": null

2024-03-08 00:05:49 - [TEST_STEP][PASSED] - orPath_PaymentConfirmation = "Object Repository/RAD_Pages/PaymentConfirmation_Page": null

2024-03-08 00:05:49 - [TEST_STEP][PASSED] - orPath_ServiceFeesAccept = "Object Repository/RAD_Pages/ServiceFeeAccept_Page": null

2024-03-08 00:05:49 - [TEST_STEP][PASSED] - selectOptionByLabel(findTestObject(orPath_Landing + "/dd_TaxType"), Paymenttype, false): All options with label 'Existing Liability w/Notice Number' are selected in object 'Object Repository/RAD_Pages/Landing_Page/dd_TaxType' 

2024-03-08 00:05:50 - [MESSAGE][PASSED] - All options with label 'Existing Liability w/Notice Number' are selected in object 'Object Repository/RAD_Pages/Landing_Page/dd_TaxType' 

2024-03-08 00:05:50 - [TEST_STEP][PASSED] - delay(1): Delayed 1 second(s)

2024-03-08 00:05:51 - [MESSAGE][PASSED] - Delayed 1 second(s)

2024-03-08 00:05:51 - [TEST_STEP][PASSED] - switch (Paymenttype): null

2024-03-08 00:05:51 - [TEST_STEP][PASSED] - case "Existing Liability w/Notice Number":: null

2024-03-08 00:05:51 - [TEST_STEP][PASSED] - selectOptionByLabel(findTestObject(orPath_TaxTypeFilingYear + "/select_TaxType_ExistingLiability"), Taxtype, false): All options with label 'Admissions and Amusement Tax' are selected in object 'Object Repository/RAD_Pages/TaxTypeFilingYear_Page/select_TaxType_ExistingLiability' 

2024-03-08 00:05:51 - [MESSAGE][PASSED] - All options with label 'Admissions and Amusement Tax' are selected in object 'Object Repository/RAD_Pages/TaxTypeFilingYear_Page/select_TaxType_ExistingLiability' 

2024-03-08 00:05:51 - [TEST_STEP][PASSED] - break: null

2024-03-08 00:05:51 - [TEST_STEP][PASSED] - delay(1): Delayed 1 second(s)

2024-03-08 00:05:52 - [MESSAGE][PASSED] - Delayed 1 second(s)

2024-03-08 00:05:52 - [TEST_STEP][PASSED] - switch (Paymenttype): null

2024-03-08 00:05:52 - [TEST_STEP][PASSED] - case "Existing Liability w/Notice Number":: null

2024-03-08 00:05:52 - [TEST_STEP][PASSED] - if (feinSsn.equalsIgnoreCase("Y")): null

2024-03-08 00:05:52 - [TEST_STEP][PASSED] - else: Text ****** has been set on object 'Object Repository/RAD_RecordAndPlay/input_Existing_RetypeFEIN'

2024-03-08 00:05:52 - [TEST_STEP][PASSED] - setEncryptedText(findTestObject("Object Repository/RAD_RecordAndPlay/input_Existing_FEIN"), "iGDxf8hSRT4="): Text ****** has been set on object 'Object Repository/RAD_RecordAndPlay/input_Existing_FEIN'

2024-03-08 00:05:53 - [MESSAGE][PASSED] - Text ****** has been set on object 'Object Repository/RAD_RecordAndPlay/input_Existing_FEIN'

2024-03-08 00:05:53 - [TEST_STEP][PASSED] - setEncryptedText(findTestObject("Object Repository/RAD_RecordAndPlay/input_Existing_RetypeFEIN"), ""): Text ****** has been set on object 'Object Repository/RAD_RecordAndPlay/input_Existing_RetypeFEIN'

2024-03-08 00:05:54 - [MESSAGE][PASSED] - Text ****** has been set on object 'Object Repository/RAD_RecordAndPlay/input_Existing_RetypeFEIN'

2024-03-08 00:05:54 - [TEST_STEP][PASSED] - break: null

2024-03-08 00:05:54 - [TEST_STEP][PASSED] - if (feinSsn.equalsIgnoreCase("Y")): null

2024-03-08 00:05:54 - [TEST_STEP][PASSED] - else: null

2024-03-08 00:05:54 - [TEST_STEP][PASSED] - if (verifyTextPresent("Please enter a valid FEIN with 9 digits.", true)): null

2024-03-08 00:05:54 - [MESSAGE][PASSED] - Text 'Please enter a valid FEIN with 9 digits.' is present on page  using regular expression

2024-03-08 00:05:54 - [TEST_STEP][PASSED] - println("Error Message is present on the page"): null

2024-03-08 00:05:54 - [TEST_STEP][PASSED] - out.println("Pass Record Number: " + row): null

2024-03-08 00:05:54 - [TEST_STEP][PASSED] - resText = "Pass": null

2024-03-08 00:05:54 - [TEST_STEP][PASSED] - pages.WriteExcel.demoKey(resText, datText, resColumn, datCloumn, fileLoc, nameSheet, row): pages.WriteExcel.demoKey is PASSED

2024-03-08 00:05:54 - [MESSAGE][PASSED] - pages.WriteExcel.demoKey is PASSED

2024-03-08 00:05:54 - [TEST_STEP][PASSED] - ExecuteTC = findTestData(dataFile).getValue("Execute", row): null

2024-03-08 00:05:54 - [TEST_STEP][PASSED] - Taxtype = findTestData(dataFile).getValue("TaxType", row): null

2024-03-08 00:05:54 - [TEST_STEP][PASSED] - Paymenttype = findTestData(dataFile).getValue("PaymentType", row): null

2024-03-08 00:05:54 - [TEST_STEP][PASSED] - feinSsn = findTestData(dataFile).getValue("FEINSSN", row): null

2024-03-08 00:05:54 - [TEST_STEP][PASSED] - out.println("Value of Execute is : " + ExecuteTC): null

2024-03-08 00:05:54 - [TEST_STEP][PASSED] - if (ExecuteTC.equalsIgnoreCase("Y")): null

2024-03-08 00:05:54 - [TEST_STEP][PASSED] - out.println("Begin Record Number: " + row): null

2024-03-08 00:05:54 - [TEST_STEP][PASSED] - today = new java.util.Date(): null

2024-03-08 00:05:54 - [TEST_STEP][PASSED] - println(today): null

2024-03-08 00:05:54 - [TEST_STEP][PASSED] - datText = today: null

2024-03-08 00:05:54 - [TEST_STEP][PASSED] - Taxtype = findTestData(dataFile).getValue("TaxType", row): null

2024-03-08 00:05:54 - [TEST_STEP][PASSED] - out.println("Taxtype value is : " + Taxtype): null

2024-03-08 00:05:54 - [TEST_STEP][PASSED] - openBrowser(""): Browser is opened with url: ''

2024-03-08 00:05:54 - [MESSAGE][WARNING] - A browser is already opened. Closing browser and opening a new one

2024-03-08 00:06:21 - [MESSAGE][INFO] - Starting 'Chrome' driver

2024-03-08 00:06:21 - [MESSAGE][INFO] - User set preference: ['acceptInsecureCerts', 'true']

2024-03-08 00:06:21 - [MESSAGE][INFO] - Action delay is set to 0 milliseconds

2024-03-08 00:06:23 - [MESSAGE][PASSED] - Browser is opened with url: ''

2024-03-08 00:06:23 - [TEST_STEP][PASSED] - maximizeWindow(): Current window maximized

2024-03-08 00:06:23 - [MESSAGE][PASSED] - Current window maximized

2024-03-08 00:06:23 - [TEST_STEP][PASSED] - navigateToUrl(RADurl): Navigate to 'https://qa2.velocitypayment.com/client/rad/index.html' successfully

2024-03-08 00:06:25 - [MESSAGE][PASSED] - Navigate to 'https://qa2.velocitypayment.com/client/rad/index.html' successfully

2024-03-08 00:06:25 - [TEST_STEP][PASSED] - orPath_Landing = "Object Repository/RAD_Pages/Landing_Page": null

2024-03-08 00:06:25 - [TEST_STEP][PASSED] - orPath_TaxTypeFilingYear = "Object Repository/RAD_Pages/TaxTypeFilingYear_Page": null

2024-03-08 00:06:25 - [TEST_STEP][PASSED] - orPath_TaxPayer = "Object Repository/RAD_Pages/Taxpayer_Page": null

2024-03-08 00:06:25 - [TEST_STEP][PASSED] - orPath_AddressContact = "Object Repository/RAD_Pages/AddressAndContactInfo_Page": null

2024-03-08 00:06:25 - [TEST_STEP][PASSED] - orPath_FilingStatus = "Object Repository/RAD_Pages/FilingStatus_Page": null

2024-03-08 00:06:25 - [TEST_STEP][PASSED] - orPath_Amount = "Object Repository/RAD_Pages/PaymentAmount_Page": null

2024-03-08 00:06:25 - [TEST_STEP][PASSED] - orPath_TaxInfo = "Object Repository/RAD_Pages/TaxInfo_Page": null

2024-03-08 00:06:25 - [TEST_STEP][PASSED] - orPath_Withholding = "Object Repository/RAD_Pages/Withholding_Page": null

2024-03-08 00:06:25 - [TEST_STEP][PASSED] - orPath_Summary = "Object Repository/RAD_Pages/Summary_Page": null

2024-03-08 00:06:25 - [TEST_STEP][PASSED] - orPath_PaymentReady = "Object Repository/RAD_Pages/PaymentReady_Page": null

2024-03-08 00:06:25 - [TEST_STEP][PASSED] - orPath_PaymentEntry = "Object Repository/RAD_Pages/PaymentEntry_Page": null

2024-03-08 00:06:25 - [TEST_STEP][PASSED] - orPath_PaymentConfirmation = "Object Repository/RAD_Pages/PaymentConfirmation_Page": null

2024-03-08 00:06:25 - [TEST_STEP][PASSED] - orPath_ServiceFeesAccept = "Object Repository/RAD_Pages/ServiceFeeAccept_Page": null

2024-03-08 00:06:25 - [TEST_STEP][PASSED] - selectOptionByLabel(findTestObject(orPath_Landing + "/dd_TaxType"), Paymenttype, false): All options with label 'Existing Liability w/Notice Number' are selected in object 'Object Repository/RAD_Pages/Landing_Page/dd_TaxType' 

2024-03-08 00:06:25 - [MESSAGE][PASSED] - All options with label 'Existing Liability w/Notice Number' are selected in object 'Object Repository/RAD_Pages/Landing_Page/dd_TaxType' 

2024-03-08 00:06:25 - [TEST_STEP][PASSED] - delay(1): Delayed 1 second(s)

2024-03-08 00:06:26 - [MESSAGE][PASSED] - Delayed 1 second(s)

2024-03-08 00:06:26 - [TEST_STEP][PASSED] - switch (Paymenttype): null

2024-03-08 00:06:26 - [TEST_STEP][PASSED] - case "Existing Liability w/Notice Number":: null

2024-03-08 00:06:26 - [TEST_STEP][PASSED] - selectOptionByLabel(findTestObject(orPath_TaxTypeFilingYear + "/select_TaxType_ExistingLiability"), Taxtype, false): All options with label 'Motor Fuel Tax' are selected in object 'Object Repository/RAD_Pages/TaxTypeFilingYear_Page/select_TaxType_ExistingLiability' 

2024-03-08 00:06:27 - [MESSAGE][PASSED] - All options with label 'Motor Fuel Tax' are selected in object 'Object Repository/RAD_Pages/TaxTypeFilingYear_Page/select_TaxType_ExistingLiability' 

2024-03-08 00:06:27 - [TEST_STEP][PASSED] - break: null

2024-03-08 00:06:27 - [TEST_STEP][PASSED] - delay(1): Delayed 1 second(s)

2024-03-08 00:06:28 - [MESSAGE][PASSED] - Delayed 1 second(s)

2024-03-08 00:06:28 - [TEST_STEP][PASSED] - switch (Paymenttype): null

2024-03-08 00:06:28 - [TEST_STEP][PASSED] - case "Existing Liability w/Notice Number":: null

2024-03-08 00:06:28 - [TEST_STEP][PASSED] - if (feinSsn.equalsIgnoreCase("Y")): null

2024-03-08 00:06:28 - [TEST_STEP][PASSED] - else: Text ****** has been set on object 'Object Repository/RAD_RecordAndPlay/input_Existing_RetypeFEIN'

2024-03-08 00:06:28 - [TEST_STEP][PASSED] - setEncryptedText(findTestObject("Object Repository/RAD_RecordAndPlay/input_Existing_FEIN"), "iGDxf8hSRT4="): Text ****** has been set on object 'Object Repository/RAD_RecordAndPlay/input_Existing_FEIN'

2024-03-08 00:06:28 - [MESSAGE][PASSED] - Text ****** has been set on object 'Object Repository/RAD_RecordAndPlay/input_Existing_FEIN'

2024-03-08 00:06:28 - [TEST_STEP][PASSED] - setEncryptedText(findTestObject("Object Repository/RAD_RecordAndPlay/input_Existing_RetypeFEIN"), ""): Text ****** has been set on object 'Object Repository/RAD_RecordAndPlay/input_Existing_RetypeFEIN'

2024-03-08 00:06:29 - [MESSAGE][PASSED] - Text ****** has been set on object 'Object Repository/RAD_RecordAndPlay/input_Existing_RetypeFEIN'

2024-03-08 00:06:29 - [TEST_STEP][PASSED] - break: null

2024-03-08 00:06:29 - [TEST_STEP][PASSED] - if (feinSsn.equalsIgnoreCase("Y")): null

2024-03-08 00:06:29 - [TEST_STEP][PASSED] - else: null

2024-03-08 00:06:29 - [TEST_STEP][PASSED] - if (verifyTextPresent("Please enter a valid FEIN with 9 digits.", true)): null

2024-03-08 00:06:30 - [MESSAGE][PASSED] - Text 'Please enter a valid FEIN with 9 digits.' is present on page  using regular expression

2024-03-08 00:06:30 - [TEST_STEP][PASSED] - println("Error Message is present on the page"): null

2024-03-08 00:06:30 - [TEST_STEP][PASSED] - out.println("Pass Record Number: " + row): null

2024-03-08 00:06:30 - [TEST_STEP][PASSED] - resText = "Pass": null

2024-03-08 00:06:30 - [TEST_STEP][PASSED] - pages.WriteExcel.demoKey(resText, datText, resColumn, datCloumn, fileLoc, nameSheet, row): pages.WriteExcel.demoKey is PASSED

2024-03-08 00:06:30 - [MESSAGE][PASSED] - pages.WriteExcel.demoKey is PASSED

2024-03-08 00:06:30 - [TEST_STEP][PASSED] - ExecuteTC = findTestData(dataFile).getValue("Execute", row): null

2024-03-08 00:06:30 - [TEST_STEP][PASSED] - Taxtype = findTestData(dataFile).getValue("TaxType", row): null

2024-03-08 00:06:30 - [TEST_STEP][PASSED] - Paymenttype = findTestData(dataFile).getValue("PaymentType", row): null

2024-03-08 00:06:30 - [TEST_STEP][PASSED] - feinSsn = findTestData(dataFile).getValue("FEINSSN", row): null

2024-03-08 00:06:30 - [TEST_STEP][PASSED] - out.println("Value of Execute is : " + ExecuteTC): null

2024-03-08 00:06:30 - [TEST_STEP][PASSED] - if (ExecuteTC.equalsIgnoreCase("Y")): null

2024-03-08 00:06:30 - [TEST_STEP][PASSED] - out.println("Begin Record Number: " + row): null

2024-03-08 00:06:30 - [TEST_STEP][PASSED] - today = new java.util.Date(): null

2024-03-08 00:06:30 - [TEST_STEP][PASSED] - println(today): null

2024-03-08 00:06:30 - [TEST_STEP][PASSED] - datText = today: null

2024-03-08 00:06:30 - [TEST_STEP][PASSED] - Taxtype = findTestData(dataFile).getValue("TaxType", row): null

2024-03-08 00:06:30 - [TEST_STEP][PASSED] - out.println("Taxtype value is : " + Taxtype): null

2024-03-08 00:06:30 - [TEST_STEP][PASSED] - openBrowser(""): Browser is opened with url: ''

2024-03-08 00:06:30 - [MESSAGE][WARNING] - A browser is already opened. Closing browser and opening a new one

2024-03-08 00:06:42 - [MESSAGE][INFO] - Starting 'Chrome' driver

2024-03-08 00:06:42 - [MESSAGE][INFO] - User set preference: ['acceptInsecureCerts', 'true']

2024-03-08 00:06:42 - [MESSAGE][INFO] - Action delay is set to 0 milliseconds

2024-03-08 00:06:43 - [MESSAGE][PASSED] - Browser is opened with url: ''

2024-03-08 00:06:43 - [TEST_STEP][PASSED] - maximizeWindow(): Current window maximized

2024-03-08 00:06:43 - [MESSAGE][PASSED] - Current window maximized

2024-03-08 00:06:43 - [TEST_STEP][PASSED] - navigateToUrl(RADurl): Navigate to 'https://qa2.velocitypayment.com/client/rad/index.html' successfully

2024-03-08 00:06:52 - [MESSAGE][PASSED] - Navigate to 'https://qa2.velocitypayment.com/client/rad/index.html' successfully

2024-03-08 00:06:52 - [TEST_STEP][PASSED] - orPath_Landing = "Object Repository/RAD_Pages/Landing_Page": null

2024-03-08 00:06:52 - [TEST_STEP][PASSED] - orPath_TaxTypeFilingYear = "Object Repository/RAD_Pages/TaxTypeFilingYear_Page": null

2024-03-08 00:06:52 - [TEST_STEP][PASSED] - orPath_TaxPayer = "Object Repository/RAD_Pages/Taxpayer_Page": null

2024-03-08 00:06:52 - [TEST_STEP][PASSED] - orPath_AddressContact = "Object Repository/RAD_Pages/AddressAndContactInfo_Page": null

2024-03-08 00:06:52 - [TEST_STEP][PASSED] - orPath_FilingStatus = "Object Repository/RAD_Pages/FilingStatus_Page": null

2024-03-08 00:06:52 - [TEST_STEP][PASSED] - orPath_Amount = "Object Repository/RAD_Pages/PaymentAmount_Page": null

2024-03-08 00:06:52 - [TEST_STEP][PASSED] - orPath_TaxInfo = "Object Repository/RAD_Pages/TaxInfo_Page": null

2024-03-08 00:06:52 - [TEST_STEP][PASSED] - orPath_Withholding = "Object Repository/RAD_Pages/Withholding_Page": null

2024-03-08 00:06:52 - [TEST_STEP][PASSED] - orPath_Summary = "Object Repository/RAD_Pages/Summary_Page": null

2024-03-08 00:06:52 - [TEST_STEP][PASSED] - orPath_PaymentReady = "Object Repository/RAD_Pages/PaymentReady_Page": null

2024-03-08 00:06:52 - [TEST_STEP][PASSED] - orPath_PaymentEntry = "Object Repository/RAD_Pages/PaymentEntry_Page": null

2024-03-08 00:06:52 - [TEST_STEP][PASSED] - orPath_PaymentConfirmation = "Object Repository/RAD_Pages/PaymentConfirmation_Page": null

2024-03-08 00:06:52 - [TEST_STEP][PASSED] - orPath_ServiceFeesAccept = "Object Repository/RAD_Pages/ServiceFeeAccept_Page": null

2024-03-08 00:06:52 - [TEST_STEP][PASSED] - selectOptionByLabel(findTestObject(orPath_Landing + "/dd_TaxType"), Paymenttype, false): All options with label 'Existing Liability w/Notice Number' are selected in object 'Object Repository/RAD_Pages/Landing_Page/dd_TaxType' 

2024-03-08 00:06:53 - [MESSAGE][PASSED] - All options with label 'Existing Liability w/Notice Number' are selected in object 'Object Repository/RAD_Pages/Landing_Page/dd_TaxType' 

2024-03-08 00:06:53 - [TEST_STEP][PASSED] - delay(1): Delayed 1 second(s)

2024-03-08 00:06:54 - [MESSAGE][PASSED] - Delayed 1 second(s)

2024-03-08 00:06:54 - [TEST_STEP][PASSED] - switch (Paymenttype): null

2024-03-08 00:06:54 - [TEST_STEP][PASSED] - case "Existing Liability w/Notice Number":: null

2024-03-08 00:06:54 - [TEST_STEP][PASSED] - selectOptionByLabel(findTestObject(orPath_TaxTypeFilingYear + "/select_TaxType_ExistingLiability"), Taxtype, false): All options with label 'Slots License Fee' are selected in object 'Object Repository/RAD_Pages/TaxTypeFilingYear_Page/select_TaxType_ExistingLiability' 

2024-03-08 00:06:54 - [MESSAGE][PASSED] - All options with label 'Slots License Fee' are selected in object 'Object Repository/RAD_Pages/TaxTypeFilingYear_Page/select_TaxType_ExistingLiability' 

2024-03-08 00:06:54 - [TEST_STEP][PASSED] - break: null

2024-03-08 00:06:54 - [TEST_STEP][PASSED] - delay(1): Delayed 1 second(s)

2024-03-08 00:06:55 - [MESSAGE][PASSED] - Delayed 1 second(s)

2024-03-08 00:06:55 - [TEST_STEP][PASSED] - switch (Paymenttype): null

2024-03-08 00:06:55 - [TEST_STEP][PASSED] - case "Existing Liability w/Notice Number":: null

2024-03-08 00:06:55 - [TEST_STEP][PASSED] - if (feinSsn.equalsIgnoreCase("Y")): null

2024-03-08 00:06:55 - [TEST_STEP][PASSED] - else: Text ****** has been set on object 'Object Repository/RAD_RecordAndPlay/input_Existing_RetypeFEIN'

2024-03-08 00:06:55 - [TEST_STEP][PASSED] - setEncryptedText(findTestObject("Object Repository/RAD_RecordAndPlay/input_Existing_FEIN"), "iGDxf8hSRT4="): Text ****** has been set on object 'Object Repository/RAD_RecordAndPlay/input_Existing_FEIN'

2024-03-08 00:06:56 - [MESSAGE][PASSED] - Text ****** has been set on object 'Object Repository/RAD_RecordAndPlay/input_Existing_FEIN'

2024-03-08 00:06:56 - [TEST_STEP][PASSED] - setEncryptedText(findTestObject("Object Repository/RAD_RecordAndPlay/input_Existing_RetypeFEIN"), ""): Text ****** has been set on object 'Object Repository/RAD_RecordAndPlay/input_Existing_RetypeFEIN'

2024-03-08 00:06:57 - [MESSAGE][PASSED] - Text ****** has been set on object 'Object Repository/RAD_RecordAndPlay/input_Existing_RetypeFEIN'

2024-03-08 00:06:57 - [TEST_STEP][PASSED] - break: null

2024-03-08 00:06:57 - [TEST_STEP][PASSED] - if (feinSsn.equalsIgnoreCase("Y")): null

2024-03-08 00:06:57 - [TEST_STEP][PASSED] - else: null

2024-03-08 00:06:57 - [TEST_STEP][PASSED] - if (verifyTextPresent("Please enter a valid FEIN with 9 digits.", true)): null

2024-03-08 00:06:57 - [MESSAGE][PASSED] - Text 'Please enter a valid FEIN with 9 digits.' is present on page  using regular expression

2024-03-08 00:06:57 - [TEST_STEP][PASSED] - println("Error Message is present on the page"): null

2024-03-08 00:06:57 - [TEST_STEP][PASSED] - out.println("Pass Record Number: " + row): null

2024-03-08 00:06:57 - [TEST_STEP][PASSED] - resText = "Pass": null

2024-03-08 00:06:57 - [TEST_STEP][PASSED] - pages.WriteExcel.demoKey(resText, datText, resColumn, datCloumn, fileLoc, nameSheet, row): pages.WriteExcel.demoKey is PASSED

2024-03-08 00:06:57 - [MESSAGE][PASSED] - pages.WriteExcel.demoKey is PASSED

2024-03-08 00:06:57 - [TEST_STEP][PASSED] - ExecuteTC = findTestData(dataFile).getValue("Execute", row): null

2024-03-08 00:06:57 - [TEST_STEP][PASSED] - Taxtype = findTestData(dataFile).getValue("TaxType", row): null

2024-03-08 00:06:57 - [TEST_STEP][PASSED] - Paymenttype = findTestData(dataFile).getValue("PaymentType", row): null

2024-03-08 00:06:57 - [TEST_STEP][PASSED] - feinSsn = findTestData(dataFile).getValue("FEINSSN", row): null

2024-03-08 00:06:57 - [TEST_STEP][PASSED] - out.println("Value of Execute is : " + ExecuteTC): null

2024-03-08 00:06:57 - [TEST_STEP][PASSED] - if (ExecuteTC.equalsIgnoreCase("Y")): null

2024-03-08 00:06:57 - [TEST_STEP][PASSED] - out.println("Begin Record Number: " + row): null

2024-03-08 00:06:57 - [TEST_STEP][PASSED] - today = new java.util.Date(): null

2024-03-08 00:06:57 - [TEST_STEP][PASSED] - println(today): null

2024-03-08 00:06:57 - [TEST_STEP][PASSED] - datText = today: null

2024-03-08 00:06:57 - [TEST_STEP][PASSED] - Taxtype = findTestData(dataFile).getValue("TaxType", row): null

2024-03-08 00:06:57 - [TEST_STEP][PASSED] - out.println("Taxtype value is : " + Taxtype): null

2024-03-08 00:06:57 - [TEST_STEP][PASSED] - openBrowser(""): Browser is opened with url: ''

2024-03-08 00:06:57 - [MESSAGE][WARNING] - A browser is already opened. Closing browser and opening a new one

2024-03-08 00:07:17 - [MESSAGE][INFO] - Starting 'Chrome' driver

2024-03-08 00:07:17 - [MESSAGE][INFO] - User set preference: ['acceptInsecureCerts', 'true']

2024-03-08 00:07:17 - [MESSAGE][INFO] - Action delay is set to 0 milliseconds

2024-03-08 00:07:18 - [MESSAGE][PASSED] - Browser is opened with url: ''

2024-03-08 00:07:18 - [TEST_STEP][PASSED] - maximizeWindow(): Current window maximized

2024-03-08 00:07:19 - [MESSAGE][PASSED] - Current window maximized

2024-03-08 00:07:19 - [TEST_STEP][PASSED] - navigateToUrl(RADurl): Navigate to 'https://qa2.velocitypayment.com/client/rad/index.html' successfully

2024-03-08 00:07:25 - [MESSAGE][PASSED] - Navigate to 'https://qa2.velocitypayment.com/client/rad/index.html' successfully

2024-03-08 00:07:25 - [TEST_STEP][PASSED] - orPath_Landing = "Object Repository/RAD_Pages/Landing_Page": null

2024-03-08 00:07:25 - [TEST_STEP][PASSED] - orPath_TaxTypeFilingYear = "Object Repository/RAD_Pages/TaxTypeFilingYear_Page": null

2024-03-08 00:07:25 - [TEST_STEP][PASSED] - orPath_TaxPayer = "Object Repository/RAD_Pages/Taxpayer_Page": null

2024-03-08 00:07:25 - [TEST_STEP][PASSED] - orPath_AddressContact = "Object Repository/RAD_Pages/AddressAndContactInfo_Page": null

2024-03-08 00:07:25 - [TEST_STEP][PASSED] - orPath_FilingStatus = "Object Repository/RAD_Pages/FilingStatus_Page": null

2024-03-08 00:07:25 - [TEST_STEP][PASSED] - orPath_Amount = "Object Repository/RAD_Pages/PaymentAmount_Page": null

2024-03-08 00:07:25 - [TEST_STEP][PASSED] - orPath_TaxInfo = "Object Repository/RAD_Pages/TaxInfo_Page": null

2024-03-08 00:07:25 - [TEST_STEP][PASSED] - orPath_Withholding = "Object Repository/RAD_Pages/Withholding_Page": null

2024-03-08 00:07:25 - [TEST_STEP][PASSED] - orPath_Summary = "Object Repository/RAD_Pages/Summary_Page": null

2024-03-08 00:07:25 - [TEST_STEP][PASSED] - orPath_PaymentReady = "Object Repository/RAD_Pages/PaymentReady_Page": null

2024-03-08 00:07:25 - [TEST_STEP][PASSED] - orPath_PaymentEntry = "Object Repository/RAD_Pages/PaymentEntry_Page": null

2024-03-08 00:07:25 - [TEST_STEP][PASSED] - orPath_PaymentConfirmation = "Object Repository/RAD_Pages/PaymentConfirmation_Page": null

2024-03-08 00:07:25 - [TEST_STEP][PASSED] - orPath_ServiceFeesAccept = "Object Repository/RAD_Pages/ServiceFeeAccept_Page": null

2024-03-08 00:07:25 - [TEST_STEP][PASSED] - selectOptionByLabel(findTestObject(orPath_Landing + "/dd_TaxType"), Paymenttype, false): All options with label 'Existing Liability w/Notice Number' are selected in object 'Object Repository/RAD_Pages/Landing_Page/dd_TaxType' 

2024-03-08 00:07:26 - [MESSAGE][PASSED] - All options with label 'Existing Liability w/Notice Number' are selected in object 'Object Repository/RAD_Pages/Landing_Page/dd_TaxType' 

2024-03-08 00:07:26 - [TEST_STEP][PASSED] - delay(1): Delayed 1 second(s)

2024-03-08 00:07:27 - [MESSAGE][PASSED] - Delayed 1 second(s)

2024-03-08 00:07:27 - [TEST_STEP][PASSED] - switch (Paymenttype): null

2024-03-08 00:07:27 - [TEST_STEP][PASSED] - case "Existing Liability w/Notice Number":: null

2024-03-08 00:07:27 - [TEST_STEP][PASSED] - selectOptionByLabel(findTestObject(orPath_TaxTypeFilingYear + "/select_TaxType_ExistingLiability"), Taxtype, false): All options with label 'Tobacco Tax' are selected in object 'Object Repository/RAD_Pages/TaxTypeFilingYear_Page/select_TaxType_ExistingLiability' 

2024-03-08 00:07:28 - [MESSAGE][PASSED] - All options with label 'Tobacco Tax' are selected in object 'Object Repository/RAD_Pages/TaxTypeFilingYear_Page/select_TaxType_ExistingLiability' 

2024-03-08 00:07:28 - [TEST_STEP][PASSED] - break: null

2024-03-08 00:07:28 - [TEST_STEP][PASSED] - delay(1): Delayed 1 second(s)

2024-03-08 00:07:29 - [MESSAGE][PASSED] - Delayed 1 second(s)

2024-03-08 00:07:29 - [TEST_STEP][PASSED] - switch (Paymenttype): null

2024-03-08 00:07:29 - [TEST_STEP][PASSED] - case "Existing Liability w/Notice Number":: null

2024-03-08 00:07:29 - [TEST_STEP][PASSED] - if (feinSsn.equalsIgnoreCase("Y")): Text ****** has been set on object 'Object Repository/RAD_Pages/TaxInfo_Page/input_TaxInfo_RetypefeinSsn_Existing_New'

2024-03-08 00:07:29 - [TEST_STEP][PASSED] - setEncryptedText(findTestObject(orPath_TaxInfo + "/input_TaxInfo_feinSsn_Existing_New"), "iGDxf8hSRT4="): Text ****** has been set on object 'Object Repository/RAD_Pages/TaxInfo_Page/input_TaxInfo_feinSsn_Existing_New'

2024-03-08 00:07:29 - [MESSAGE][PASSED] - Text ****** has been set on object 'Object Repository/RAD_Pages/TaxInfo_Page/input_TaxInfo_feinSsn_Existing_New'

2024-03-08 00:07:29 - [TEST_STEP][PASSED] - setEncryptedText(findTestObject(orPath_TaxInfo + "/input_TaxInfo_RetypefeinSsn_Existing_New"), ""): Text ****** has been set on object 'Object Repository/RAD_Pages/TaxInfo_Page/input_TaxInfo_RetypefeinSsn_Existing_New'

2024-03-08 00:07:30 - [MESSAGE][PASSED] - Text ****** has been set on object 'Object Repository/RAD_Pages/TaxInfo_Page/input_TaxInfo_RetypefeinSsn_Existing_New'

2024-03-08 00:07:30 - [TEST_STEP][PASSED] - break: null

2024-03-08 00:07:30 - [TEST_STEP][PASSED] - if (feinSsn.equalsIgnoreCase("Y")): null

2024-03-08 00:07:30 - [TEST_STEP][PASSED] - if (verifyTextPresent("Please enter a valid FEIN/SSN with 9 digits", true)): null

2024-03-08 00:07:30 - [MESSAGE][PASSED] - Text 'Please enter a valid FEIN/SSN with 9 digits' is present on page  using regular expression

2024-03-08 00:07:30 - [TEST_STEP][PASSED] - println("Error Message is present on the page"): null

2024-03-08 00:07:30 - [TEST_STEP][PASSED] - out.println("Pass Record Number: " + row): null

2024-03-08 00:07:30 - [TEST_STEP][PASSED] - resText = "Pass": null

2024-03-08 00:07:30 - [TEST_STEP][PASSED] - pages.WriteExcel.demoKey(resText, datText, resColumn, datCloumn, fileLoc, nameSheet, row): pages.WriteExcel.demoKey is PASSED

2024-03-08 00:07:30 - [MESSAGE][PASSED] - pages.WriteExcel.demoKey is PASSED

2024-03-08 00:07:30 - [TEST_STEP][PASSED] - ExecuteTC = findTestData(dataFile).getValue("Execute", row): null

2024-03-08 00:07:31 - [TEST_STEP][PASSED] - Taxtype = findTestData(dataFile).getValue("TaxType", row): null

2024-03-08 00:07:31 - [TEST_STEP][PASSED] - Paymenttype = findTestData(dataFile).getValue("PaymentType", row): null

2024-03-08 00:07:31 - [TEST_STEP][PASSED] - feinSsn = findTestData(dataFile).getValue("FEINSSN", row): null

2024-03-08 00:07:31 - [TEST_STEP][PASSED] - out.println("Value of Execute is : " + ExecuteTC): null

2024-03-08 00:07:31 - [TEST_STEP][PASSED] - if (ExecuteTC.equalsIgnoreCase("Y")): null

2024-03-08 00:07:31 - [TEST_STEP][PASSED] - out.println("Begin Record Number: " + row): null

2024-03-08 00:07:31 - [TEST_STEP][PASSED] - today = new java.util.Date(): null

2024-03-08 00:07:31 - [TEST_STEP][PASSED] - println(today): null

2024-03-08 00:07:31 - [TEST_STEP][PASSED] - datText = today: null

2024-03-08 00:07:31 - [TEST_STEP][PASSED] - Taxtype = findTestData(dataFile).getValue("TaxType", row): null

2024-03-08 00:07:31 - [TEST_STEP][PASSED] - out.println("Taxtype value is : " + Taxtype): null

2024-03-08 00:07:31 - [TEST_STEP][PASSED] - openBrowser(""): Browser is opened with url: ''

2024-03-08 00:07:31 - [MESSAGE][WARNING] - A browser is already opened. Closing browser and opening a new one

2024-03-08 00:07:37 - [MESSAGE][INFO] - Starting 'Chrome' driver

2024-03-08 00:07:37 - [MESSAGE][INFO] - User set preference: ['acceptInsecureCerts', 'true']

2024-03-08 00:07:37 - [MESSAGE][INFO] - Action delay is set to 0 milliseconds

2024-03-08 00:07:39 - [MESSAGE][PASSED] - Browser is opened with url: ''

2024-03-08 00:07:39 - [TEST_STEP][PASSED] - maximizeWindow(): Current window maximized

2024-03-08 00:07:39 - [MESSAGE][PASSED] - Current window maximized

2024-03-08 00:07:39 - [TEST_STEP][PASSED] - navigateToUrl(RADurl): Navigate to 'https://qa2.velocitypayment.com/client/rad/index.html' successfully

2024-03-08 00:07:41 - [MESSAGE][PASSED] - Navigate to 'https://qa2.velocitypayment.com/client/rad/index.html' successfully

2024-03-08 00:07:41 - [TEST_STEP][PASSED] - orPath_Landing = "Object Repository/RAD_Pages/Landing_Page": null

2024-03-08 00:07:41 - [TEST_STEP][PASSED] - orPath_TaxTypeFilingYear = "Object Repository/RAD_Pages/TaxTypeFilingYear_Page": null

2024-03-08 00:07:41 - [TEST_STEP][PASSED] - orPath_TaxPayer = "Object Repository/RAD_Pages/Taxpayer_Page": null

2024-03-08 00:07:41 - [TEST_STEP][PASSED] - orPath_AddressContact = "Object Repository/RAD_Pages/AddressAndContactInfo_Page": null

2024-03-08 00:07:41 - [TEST_STEP][PASSED] - orPath_FilingStatus = "Object Repository/RAD_Pages/FilingStatus_Page": null

2024-03-08 00:07:41 - [TEST_STEP][PASSED] - orPath_Amount = "Object Repository/RAD_Pages/PaymentAmount_Page": null

2024-03-08 00:07:41 - [TEST_STEP][PASSED] - orPath_TaxInfo = "Object Repository/RAD_Pages/TaxInfo_Page": null

2024-03-08 00:07:41 - [TEST_STEP][PASSED] - orPath_Withholding = "Object Repository/RAD_Pages/Withholding_Page": null

2024-03-08 00:07:41 - [TEST_STEP][PASSED] - orPath_Summary = "Object Repository/RAD_Pages/Summary_Page": null

2024-03-08 00:07:41 - [TEST_STEP][PASSED] - orPath_PaymentReady = "Object Repository/RAD_Pages/PaymentReady_Page": null

2024-03-08 00:07:41 - [TEST_STEP][PASSED] - orPath_PaymentEntry = "Object Repository/RAD_Pages/PaymentEntry_Page": null

2024-03-08 00:07:41 - [TEST_STEP][PASSED] - orPath_PaymentConfirmation = "Object Repository/RAD_Pages/PaymentConfirmation_Page": null

2024-03-08 00:07:41 - [TEST_STEP][PASSED] - orPath_ServiceFeesAccept = "Object Repository/RAD_Pages/ServiceFeeAccept_Page": null

2024-03-08 00:07:41 - [TEST_STEP][PASSED] - selectOptionByLabel(findTestObject(orPath_Landing + "/dd_TaxType"), Paymenttype, false): All options with label 'Existing Liability w/Notice Number' are selected in object 'Object Repository/RAD_Pages/Landing_Page/dd_TaxType' 

2024-03-08 00:07:42 - [MESSAGE][PASSED] - All options with label 'Existing Liability w/Notice Number' are selected in object 'Object Repository/RAD_Pages/Landing_Page/dd_TaxType' 

2024-03-08 00:07:42 - [TEST_STEP][PASSED] - delay(1): Delayed 1 second(s)

2024-03-08 00:07:43 - [MESSAGE][PASSED] - Delayed 1 second(s)

2024-03-08 00:07:43 - [TEST_STEP][PASSED] - switch (Paymenttype): null

2024-03-08 00:07:43 - [TEST_STEP][PASSED] - case "Existing Liability w/Notice Number":: null

2024-03-08 00:07:43 - [TEST_STEP][PASSED] - selectOptionByLabel(findTestObject(orPath_TaxTypeFilingYear + "/select_TaxType_ExistingLiability"), Taxtype, false): All options with label 'Transportation Network Services' are selected in object 'Object Repository/RAD_Pages/TaxTypeFilingYear_Page/select_TaxType_ExistingLiability' 

2024-03-08 00:07:43 - [MESSAGE][PASSED] - All options with label 'Transportation Network Services' are selected in object 'Object Repository/RAD_Pages/TaxTypeFilingYear_Page/select_TaxType_ExistingLiability' 

2024-03-08 00:07:43 - [TEST_STEP][PASSED] - break: null

2024-03-08 00:07:43 - [TEST_STEP][PASSED] - delay(1): Delayed 1 second(s)

2024-03-08 00:07:44 - [MESSAGE][PASSED] - Delayed 1 second(s)

2024-03-08 00:07:44 - [TEST_STEP][PASSED] - switch (Paymenttype): null

2024-03-08 00:07:44 - [TEST_STEP][PASSED] - case "Existing Liability w/Notice Number":: null

2024-03-08 00:07:44 - [TEST_STEP][PASSED] - if (feinSsn.equalsIgnoreCase("Y")): null

2024-03-08 00:07:44 - [TEST_STEP][PASSED] - else: Text ****** has been set on object 'Object Repository/RAD_RecordAndPlay/input_Existing_RetypeFEIN'

2024-03-08 00:07:44 - [TEST_STEP][PASSED] - setEncryptedText(findTestObject("Object Repository/RAD_RecordAndPlay/input_Existing_FEIN"), "iGDxf8hSRT4="): Text ****** has been set on object 'Object Repository/RAD_RecordAndPlay/input_Existing_FEIN'

2024-03-08 00:07:45 - [MESSAGE][PASSED] - Text ****** has been set on object 'Object Repository/RAD_RecordAndPlay/input_Existing_FEIN'

2024-03-08 00:07:45 - [TEST_STEP][PASSED] - setEncryptedText(findTestObject("Object Repository/RAD_RecordAndPlay/input_Existing_RetypeFEIN"), ""): Text ****** has been set on object 'Object Repository/RAD_RecordAndPlay/input_Existing_RetypeFEIN'

2024-03-08 00:07:46 - [MESSAGE][PASSED] - Text ****** has been set on object 'Object Repository/RAD_RecordAndPlay/input_Existing_RetypeFEIN'

2024-03-08 00:07:46 - [TEST_STEP][PASSED] - break: null

2024-03-08 00:07:46 - [TEST_STEP][PASSED] - if (feinSsn.equalsIgnoreCase("Y")): null

2024-03-08 00:07:46 - [TEST_STEP][PASSED] - else: null

2024-03-08 00:07:46 - [TEST_STEP][PASSED] - if (verifyTextPresent("Please enter a valid FEIN with 9 digits.", true)): null

2024-03-08 00:07:46 - [MESSAGE][PASSED] - Text 'Please enter a valid FEIN with 9 digits.' is present on page  using regular expression

2024-03-08 00:07:46 - [TEST_STEP][PASSED] - println("Error Message is present on the page"): null

2024-03-08 00:07:46 - [TEST_STEP][PASSED] - out.println("Pass Record Number: " + row): null

2024-03-08 00:07:46 - [TEST_STEP][PASSED] - resText = "Pass": null

2024-03-08 00:07:46 - [TEST_STEP][PASSED] - pages.WriteExcel.demoKey(resText, datText, resColumn, datCloumn, fileLoc, nameSheet, row): pages.WriteExcel.demoKey is PASSED

2024-03-08 00:07:46 - [MESSAGE][PASSED] - pages.WriteExcel.demoKey is PASSED

2024-03-08 00:07:46 - [TEST_STEP][PASSED] - ExecuteTC = findTestData(dataFile).getValue("Execute", row): null

2024-03-08 00:07:46 - [TEST_STEP][PASSED] - Taxtype = findTestData(dataFile).getValue("TaxType", row): null

2024-03-08 00:07:46 - [TEST_STEP][PASSED] - Paymenttype = findTestData(dataFile).getValue("PaymentType", row): null

2024-03-08 00:07:46 - [TEST_STEP][PASSED] - feinSsn = findTestData(dataFile).getValue("FEINSSN", row): null

2024-03-08 00:07:46 - [TEST_STEP][PASSED] - out.println("Value of Execute is : " + ExecuteTC): null

2024-03-08 00:07:46 - [TEST_STEP][PASSED] - if (ExecuteTC.equalsIgnoreCase("Y")): null

2024-03-08 00:07:46 - [TEST_STEP][PASSED] - out.println("Begin Record Number: " + row): null

2024-03-08 00:07:46 - [TEST_STEP][PASSED] - today = new java.util.Date(): null

2024-03-08 00:07:46 - [TEST_STEP][PASSED] - println(today): null

2024-03-08 00:07:46 - [TEST_STEP][PASSED] - datText = today: null

2024-03-08 00:07:46 - [TEST_STEP][PASSED] - Taxtype = findTestData(dataFile).getValue("TaxType", row): null

2024-03-08 00:07:46 - [TEST_STEP][PASSED] - out.println("Taxtype value is : " + Taxtype): null

2024-03-08 00:07:46 - [TEST_STEP][PASSED] - openBrowser(""): Browser is opened with url: ''

2024-03-08 00:07:46 - [MESSAGE][WARNING] - A browser is already opened. Closing browser and opening a new one

2024-03-08 00:08:07 - [MESSAGE][INFO] - Starting 'Chrome' driver

2024-03-08 00:08:07 - [MESSAGE][INFO] - User set preference: ['acceptInsecureCerts', 'true']

2024-03-08 00:08:07 - [MESSAGE][INFO] - Action delay is set to 0 milliseconds

2024-03-08 00:08:09 - [MESSAGE][PASSED] - Browser is opened with url: ''

2024-03-08 00:08:09 - [TEST_STEP][PASSED] - maximizeWindow(): Current window maximized

2024-03-08 00:08:09 - [MESSAGE][PASSED] - Current window maximized

2024-03-08 00:08:09 - [TEST_STEP][PASSED] - navigateToUrl(RADurl): Navigate to 'https://qa2.velocitypayment.com/client/rad/index.html' successfully

2024-03-08 00:08:11 - [MESSAGE][PASSED] - Navigate to 'https://qa2.velocitypayment.com/client/rad/index.html' successfully

2024-03-08 00:08:11 - [TEST_STEP][PASSED] - orPath_Landing = "Object Repository/RAD_Pages/Landing_Page": null

2024-03-08 00:08:11 - [TEST_STEP][PASSED] - orPath_TaxTypeFilingYear = "Object Repository/RAD_Pages/TaxTypeFilingYear_Page": null

2024-03-08 00:08:11 - [TEST_STEP][PASSED] - orPath_TaxPayer = "Object Repository/RAD_Pages/Taxpayer_Page": null

2024-03-08 00:08:11 - [TEST_STEP][PASSED] - orPath_AddressContact = "Object Repository/RAD_Pages/AddressAndContactInfo_Page": null

2024-03-08 00:08:11 - [TEST_STEP][PASSED] - orPath_FilingStatus = "Object Repository/RAD_Pages/FilingStatus_Page": null

2024-03-08 00:08:11 - [TEST_STEP][PASSED] - orPath_Amount = "Object Repository/RAD_Pages/PaymentAmount_Page": null

2024-03-08 00:08:11 - [TEST_STEP][PASSED] - orPath_TaxInfo = "Object Repository/RAD_Pages/TaxInfo_Page": null

2024-03-08 00:08:11 - [TEST_STEP][PASSED] - orPath_Withholding = "Object Repository/RAD_Pages/Withholding_Page": null

2024-03-08 00:08:11 - [TEST_STEP][PASSED] - orPath_Summary = "Object Repository/RAD_Pages/Summary_Page": null

2024-03-08 00:08:11 - [TEST_STEP][PASSED] - orPath_PaymentReady = "Object Repository/RAD_Pages/PaymentReady_Page": null

2024-03-08 00:08:11 - [TEST_STEP][PASSED] - orPath_PaymentEntry = "Object Repository/RAD_Pages/PaymentEntry_Page": null

2024-03-08 00:08:11 - [TEST_STEP][PASSED] - orPath_PaymentConfirmation = "Object Repository/RAD_Pages/PaymentConfirmation_Page": null

2024-03-08 00:08:11 - [TEST_STEP][PASSED] - orPath_ServiceFeesAccept = "Object Repository/RAD_Pages/ServiceFeeAccept_Page": null

2024-03-08 00:08:11 - [TEST_STEP][PASSED] - selectOptionByLabel(findTestObject(orPath_Landing + "/dd_TaxType"), Paymenttype, false): All options with label 'Existing Liability w/Notice Number' are selected in object 'Object Repository/RAD_Pages/Landing_Page/dd_TaxType' 

2024-03-08 00:08:11 - [MESSAGE][PASSED] - All options with label 'Existing Liability w/Notice Number' are selected in object 'Object Repository/RAD_Pages/Landing_Page/dd_TaxType' 

2024-03-08 00:08:11 - [TEST_STEP][PASSED] - delay(1): Delayed 1 second(s)

2024-03-08 00:08:12 - [MESSAGE][PASSED] - Delayed 1 second(s)

2024-03-08 00:08:12 - [TEST_STEP][PASSED] - switch (Paymenttype): null

2024-03-08 00:08:12 - [TEST_STEP][PASSED] - case "Existing Liability w/Notice Number":: null

2024-03-08 00:08:12 - [TEST_STEP][PASSED] - selectOptionByLabel(findTestObject(orPath_TaxTypeFilingYear + "/select_TaxType_ExistingLiability"), Taxtype, false): All options with label 'Unclaimed Property' are selected in object 'Object Repository/RAD_Pages/TaxTypeFilingYear_Page/select_TaxType_ExistingLiability' 

2024-03-08 00:08:13 - [MESSAGE][PASSED] - All options with label 'Unclaimed Property' are selected in object 'Object Repository/RAD_Pages/TaxTypeFilingYear_Page/select_TaxType_ExistingLiability' 

2024-03-08 00:08:13 - [TEST_STEP][PASSED] - break: null

2024-03-08 00:08:13 - [TEST_STEP][PASSED] - delay(1): Delayed 1 second(s)

2024-03-08 00:08:14 - [MESSAGE][PASSED] - Delayed 1 second(s)

2024-03-08 00:08:14 - [TEST_STEP][PASSED] - switch (Paymenttype): null

2024-03-08 00:08:14 - [TEST_STEP][PASSED] - case "Existing Liability w/Notice Number":: null

2024-03-08 00:08:14 - [TEST_STEP][PASSED] - if (feinSsn.equalsIgnoreCase("Y")): null

2024-03-08 00:08:14 - [TEST_STEP][PASSED] - else: Text ****** has been set on object 'Object Repository/RAD_RecordAndPlay/input_Existing_RetypeFEIN'

2024-03-08 00:08:14 - [TEST_STEP][PASSED] - setEncryptedText(findTestObject("Object Repository/RAD_RecordAndPlay/input_Existing_FEIN"), "iGDxf8hSRT4="): Text ****** has been set on object 'Object Repository/RAD_RecordAndPlay/input_Existing_FEIN'

2024-03-08 00:08:14 - [MESSAGE][PASSED] - Text ****** has been set on object 'Object Repository/RAD_RecordAndPlay/input_Existing_FEIN'

2024-03-08 00:08:14 - [TEST_STEP][PASSED] - setEncryptedText(findTestObject("Object Repository/RAD_RecordAndPlay/input_Existing_RetypeFEIN"), ""): Text ****** has been set on object 'Object Repository/RAD_RecordAndPlay/input_Existing_RetypeFEIN'

2024-03-08 00:08:15 - [MESSAGE][PASSED] - Text ****** has been set on object 'Object Repository/RAD_RecordAndPlay/input_Existing_RetypeFEIN'

2024-03-08 00:08:15 - [TEST_STEP][PASSED] - break: null

2024-03-08 00:08:15 - [TEST_STEP][PASSED] - if (feinSsn.equalsIgnoreCase("Y")): null

2024-03-08 00:08:15 - [TEST_STEP][PASSED] - else: null

2024-03-08 00:08:15 - [TEST_STEP][PASSED] - if (verifyTextPresent("Please enter a valid FEIN with 9 digits.", true)): null

2024-03-08 00:08:16 - [MESSAGE][PASSED] - Text 'Please enter a valid FEIN with 9 digits.' is present on page  using regular expression

2024-03-08 00:08:16 - [TEST_STEP][PASSED] - println("Error Message is present on the page"): null

2024-03-08 00:08:16 - [TEST_STEP][PASSED] - out.println("Pass Record Number: " + row): null

2024-03-08 00:08:16 - [TEST_STEP][PASSED] - resText = "Pass": null

2024-03-08 00:08:16 - [TEST_STEP][PASSED] - pages.WriteExcel.demoKey(resText, datText, resColumn, datCloumn, fileLoc, nameSheet, row): pages.WriteExcel.demoKey is PASSED

2024-03-08 00:08:16 - [MESSAGE][PASSED] - pages.WriteExcel.demoKey is PASSED

2024-03-08 00:08:16 - [TEST_STEP][PASSED] - ExecuteTC = findTestData(dataFile).getValue("Execute", row): null

2024-03-08 00:08:16 - [TEST_STEP][PASSED] - Taxtype = findTestData(dataFile).getValue("TaxType", row): null

2024-03-08 00:08:16 - [TEST_STEP][PASSED] - Paymenttype = findTestData(dataFile).getValue("PaymentType", row): null

2024-03-08 00:08:16 - [TEST_STEP][PASSED] - feinSsn = findTestData(dataFile).getValue("FEINSSN", row): null

2024-03-08 00:08:16 - [TEST_STEP][PASSED] - out.println("Value of Execute is : " + ExecuteTC): null

2024-03-08 00:08:16 - [TEST_STEP][PASSED] - if (ExecuteTC.equalsIgnoreCase("Y")): null

2024-03-08 00:08:16 - [TEST_STEP][PASSED] - out.println("Begin Record Number: " + row): null

2024-03-08 00:08:16 - [TEST_STEP][PASSED] - today = new java.util.Date(): null

2024-03-08 00:08:16 - [TEST_STEP][PASSED] - println(today): null

2024-03-08 00:08:16 - [TEST_STEP][PASSED] - datText = today: null

2024-03-08 00:08:16 - [TEST_STEP][PASSED] - Taxtype = findTestData(dataFile).getValue("TaxType", row): null

2024-03-08 00:08:16 - [TEST_STEP][PASSED] - out.println("Taxtype value is : " + Taxtype): null

2024-03-08 00:08:16 - [TEST_STEP][PASSED] - openBrowser(""): Browser is opened with url: ''

2024-03-08 00:08:16 - [MESSAGE][WARNING] - A browser is already opened. Closing browser and opening a new one

2024-03-08 00:08:33 - [MESSAGE][INFO] - Starting 'Chrome' driver

2024-03-08 00:08:33 - [MESSAGE][INFO] - User set preference: ['acceptInsecureCerts', 'true']

2024-03-08 00:08:33 - [MESSAGE][INFO] - Action delay is set to 0 milliseconds

2024-03-08 00:08:35 - [MESSAGE][PASSED] - Browser is opened with url: ''

2024-03-08 00:08:35 - [TEST_STEP][PASSED] - maximizeWindow(): Current window maximized

2024-03-08 00:08:35 - [MESSAGE][PASSED] - Current window maximized

2024-03-08 00:08:35 - [TEST_STEP][PASSED] - navigateToUrl(RADurl): Navigate to 'https://qa2.velocitypayment.com/client/rad/index.html' successfully

2024-03-08 00:08:37 - [MESSAGE][PASSED] - Navigate to 'https://qa2.velocitypayment.com/client/rad/index.html' successfully

2024-03-08 00:08:37 - [TEST_STEP][PASSED] - orPath_Landing = "Object Repository/RAD_Pages/Landing_Page": null

2024-03-08 00:08:37 - [TEST_STEP][PASSED] - orPath_TaxTypeFilingYear = "Object Repository/RAD_Pages/TaxTypeFilingYear_Page": null

2024-03-08 00:08:37 - [TEST_STEP][PASSED] - orPath_TaxPayer = "Object Repository/RAD_Pages/Taxpayer_Page": null

2024-03-08 00:08:37 - [TEST_STEP][PASSED] - orPath_AddressContact = "Object Repository/RAD_Pages/AddressAndContactInfo_Page": null

2024-03-08 00:08:37 - [TEST_STEP][PASSED] - orPath_FilingStatus = "Object Repository/RAD_Pages/FilingStatus_Page": null

2024-03-08 00:08:37 - [TEST_STEP][PASSED] - orPath_Amount = "Object Repository/RAD_Pages/PaymentAmount_Page": null

2024-03-08 00:08:37 - [TEST_STEP][PASSED] - orPath_TaxInfo = "Object Repository/RAD_Pages/TaxInfo_Page": null

2024-03-08 00:08:37 - [TEST_STEP][PASSED] - orPath_Withholding = "Object Repository/RAD_Pages/Withholding_Page": null

2024-03-08 00:08:37 - [TEST_STEP][PASSED] - orPath_Summary = "Object Repository/RAD_Pages/Summary_Page": null

2024-03-08 00:08:37 - [TEST_STEP][PASSED] - orPath_PaymentReady = "Object Repository/RAD_Pages/PaymentReady_Page": null

2024-03-08 00:08:37 - [TEST_STEP][PASSED] - orPath_PaymentEntry = "Object Repository/RAD_Pages/PaymentEntry_Page": null

2024-03-08 00:08:37 - [TEST_STEP][PASSED] - orPath_PaymentConfirmation = "Object Repository/RAD_Pages/PaymentConfirmation_Page": null

2024-03-08 00:08:37 - [TEST_STEP][PASSED] - orPath_ServiceFeesAccept = "Object Repository/RAD_Pages/ServiceFeeAccept_Page": null

2024-03-08 00:08:37 - [TEST_STEP][PASSED] - selectOptionByLabel(findTestObject(orPath_Landing + "/dd_TaxType"), Paymenttype, false): All options with label 'Existing Liability w/Notice Number' are selected in object 'Object Repository/RAD_Pages/Landing_Page/dd_TaxType' 

2024-03-08 00:08:37 - [MESSAGE][PASSED] - All options with label 'Existing Liability w/Notice Number' are selected in object 'Object Repository/RAD_Pages/Landing_Page/dd_TaxType' 

2024-03-08 00:08:37 - [TEST_STEP][PASSED] - delay(1): Delayed 1 second(s)

2024-03-08 00:08:38 - [MESSAGE][PASSED] - Delayed 1 second(s)

2024-03-08 00:08:38 - [TEST_STEP][PASSED] - switch (Paymenttype): null

2024-03-08 00:08:38 - [TEST_STEP][PASSED] - case "Existing Liability w/Notice Number":: null

2024-03-08 00:08:38 - [TEST_STEP][PASSED] - selectOptionByLabel(findTestObject(orPath_TaxTypeFilingYear + "/select_TaxType_ExistingLiability"), Taxtype, false): All options with label 'IFTA Tax' are selected in object 'Object Repository/RAD_Pages/TaxTypeFilingYear_Page/select_TaxType_ExistingLiability' 

2024-03-08 00:08:39 - [MESSAGE][PASSED] - All options with label 'IFTA Tax' are selected in object 'Object Repository/RAD_Pages/TaxTypeFilingYear_Page/select_TaxType_ExistingLiability' 

2024-03-08 00:08:39 - [TEST_STEP][PASSED] - break: null

2024-03-08 00:08:39 - [TEST_STEP][PASSED] - delay(1): Delayed 1 second(s)

2024-03-08 00:08:40 - [MESSAGE][PASSED] - Delayed 1 second(s)

2024-03-08 00:08:40 - [TEST_STEP][PASSED] - switch (Paymenttype): null

2024-03-08 00:08:40 - [TEST_STEP][PASSED] - case "Existing Liability w/Notice Number":: null

2024-03-08 00:08:40 - [TEST_STEP][PASSED] - if (feinSsn.equalsIgnoreCase("Y")): null

2024-03-08 00:08:40 - [TEST_STEP][PASSED] - else: Text ****** has been set on object 'Object Repository/RAD_RecordAndPlay/input_Existing_RetypeFEIN'

2024-03-08 00:08:40 - [TEST_STEP][PASSED] - setEncryptedText(findTestObject("Object Repository/RAD_RecordAndPlay/input_Existing_FEIN"), "iGDxf8hSRT4="): Text ****** has been set on object 'Object Repository/RAD_RecordAndPlay/input_Existing_FEIN'

2024-03-08 00:08:41 - [MESSAGE][PASSED] - Text ****** has been set on object 'Object Repository/RAD_RecordAndPlay/input_Existing_FEIN'

2024-03-08 00:08:41 - [TEST_STEP][PASSED] - setEncryptedText(findTestObject("Object Repository/RAD_RecordAndPlay/input_Existing_RetypeFEIN"), ""): Text ****** has been set on object 'Object Repository/RAD_RecordAndPlay/input_Existing_RetypeFEIN'

2024-03-08 00:08:41 - [MESSAGE][PASSED] - Text ****** has been set on object 'Object Repository/RAD_RecordAndPlay/input_Existing_RetypeFEIN'

2024-03-08 00:08:41 - [TEST_STEP][PASSED] - break: null

2024-03-08 00:08:41 - [TEST_STEP][PASSED] - if (feinSsn.equalsIgnoreCase("Y")): null

2024-03-08 00:08:41 - [TEST_STEP][PASSED] - else: null

2024-03-08 00:08:41 - [TEST_STEP][PASSED] - if (verifyTextPresent("Please enter a valid FEIN with 9 digits.", true)): null

2024-03-08 00:08:42 - [MESSAGE][PASSED] - Text 'Please enter a valid FEIN with 9 digits.' is present on page  using regular expression

2024-03-08 00:08:42 - [TEST_STEP][PASSED] - println("Error Message is present on the page"): null

2024-03-08 00:08:42 - [TEST_STEP][PASSED] - out.println("Pass Record Number: " + row): null

2024-03-08 00:08:42 - [TEST_STEP][PASSED] - resText = "Pass": null

2024-03-08 00:08:42 - [TEST_STEP][PASSED] - pages.WriteExcel.demoKey(resText, datText, resColumn, datCloumn, fileLoc, nameSheet, row): pages.WriteExcel.demoKey is PASSED

2024-03-08 00:08:42 - [MESSAGE][PASSED] - pages.WriteExcel.demoKey is PASSED

2024-03-08 00:08:42 - [TEST_STEP][PASSED] - ExecuteTC = findTestData(dataFile).getValue("Execute", row): null

2024-03-08 00:08:42 - [TEST_STEP][PASSED] - Taxtype = findTestData(dataFile).getValue("TaxType", row): null

2024-03-08 00:08:42 - [TEST_STEP][PASSED] - Paymenttype = findTestData(dataFile).getValue("PaymentType", row): null

2024-03-08 00:08:42 - [TEST_STEP][PASSED] - feinSsn = findTestData(dataFile).getValue("FEINSSN", row): null

2024-03-08 00:08:42 - [TEST_STEP][PASSED] - out.println("Value of Execute is : " + ExecuteTC): null

2024-03-08 00:08:42 - [TEST_STEP][PASSED] - if (ExecuteTC.equalsIgnoreCase("Y")): null

2024-03-08 00:08:42 - [TEST_STEP][PASSED] - out.println("Begin Record Number: " + row): null

2024-03-08 00:08:42 - [TEST_STEP][PASSED] - today = new java.util.Date(): null

2024-03-08 00:08:42 - [TEST_STEP][PASSED] - println(today): null

2024-03-08 00:08:42 - [TEST_STEP][PASSED] - datText = today: null

2024-03-08 00:08:42 - [TEST_STEP][PASSED] - Taxtype = findTestData(dataFile).getValue("TaxType", row): null

2024-03-08 00:08:42 - [TEST_STEP][PASSED] - out.println("Taxtype value is : " + Taxtype): null

2024-03-08 00:08:42 - [TEST_STEP][PASSED] - openBrowser(""): Browser is opened with url: ''

2024-03-08 00:08:42 - [MESSAGE][WARNING] - A browser is already opened. Closing browser and opening a new one

2024-03-08 00:09:00 - [MESSAGE][INFO] - Starting 'Chrome' driver

2024-03-08 00:09:00 - [MESSAGE][INFO] - User set preference: ['acceptInsecureCerts', 'true']

2024-03-08 00:09:00 - [MESSAGE][INFO] - Action delay is set to 0 milliseconds

2024-03-08 00:09:02 - [MESSAGE][PASSED] - Browser is opened with url: ''

2024-03-08 00:09:02 - [TEST_STEP][PASSED] - maximizeWindow(): Current window maximized

2024-03-08 00:09:02 - [MESSAGE][PASSED] - Current window maximized

2024-03-08 00:09:02 - [TEST_STEP][PASSED] - navigateToUrl(RADurl): Navigate to 'https://qa2.velocitypayment.com/client/rad/index.html' successfully

2024-03-08 00:09:10 - [MESSAGE][PASSED] - Navigate to 'https://qa2.velocitypayment.com/client/rad/index.html' successfully

2024-03-08 00:09:10 - [TEST_STEP][PASSED] - orPath_Landing = "Object Repository/RAD_Pages/Landing_Page": null

2024-03-08 00:09:10 - [TEST_STEP][PASSED] - orPath_TaxTypeFilingYear = "Object Repository/RAD_Pages/TaxTypeFilingYear_Page": null

2024-03-08 00:09:10 - [TEST_STEP][PASSED] - orPath_TaxPayer = "Object Repository/RAD_Pages/Taxpayer_Page": null

2024-03-08 00:09:10 - [TEST_STEP][PASSED] - orPath_AddressContact = "Object Repository/RAD_Pages/AddressAndContactInfo_Page": null

2024-03-08 00:09:10 - [TEST_STEP][PASSED] - orPath_FilingStatus = "Object Repository/RAD_Pages/FilingStatus_Page": null

2024-03-08 00:09:10 - [TEST_STEP][PASSED] - orPath_Amount = "Object Repository/RAD_Pages/PaymentAmount_Page": null

2024-03-08 00:09:10 - [TEST_STEP][PASSED] - orPath_TaxInfo = "Object Repository/RAD_Pages/TaxInfo_Page": null

2024-03-08 00:09:10 - [TEST_STEP][PASSED] - orPath_Withholding = "Object Repository/RAD_Pages/Withholding_Page": null

2024-03-08 00:09:10 - [TEST_STEP][PASSED] - orPath_Summary = "Object Repository/RAD_Pages/Summary_Page": null

2024-03-08 00:09:10 - [TEST_STEP][PASSED] - orPath_PaymentReady = "Object Repository/RAD_Pages/PaymentReady_Page": null

2024-03-08 00:09:10 - [TEST_STEP][PASSED] - orPath_PaymentEntry = "Object Repository/RAD_Pages/PaymentEntry_Page": null

2024-03-08 00:09:10 - [TEST_STEP][PASSED] - orPath_PaymentConfirmation = "Object Repository/RAD_Pages/PaymentConfirmation_Page": null

2024-03-08 00:09:10 - [TEST_STEP][PASSED] - orPath_ServiceFeesAccept = "Object Repository/RAD_Pages/ServiceFeeAccept_Page": null

2024-03-08 00:09:10 - [TEST_STEP][PASSED] - selectOptionByLabel(findTestObject(orPath_Landing + "/dd_TaxType"), Paymenttype, false): All options with label 'New Tax Return Amount Due' are selected in object 'Object Repository/RAD_Pages/Landing_Page/dd_TaxType' 

2024-03-08 00:09:10 - [MESSAGE][PASSED] - All options with label 'New Tax Return Amount Due' are selected in object 'Object Repository/RAD_Pages/Landing_Page/dd_TaxType' 

2024-03-08 00:09:10 - [TEST_STEP][PASSED] - delay(1): Delayed 1 second(s)

2024-03-08 00:09:11 - [MESSAGE][PASSED] - Delayed 1 second(s)

2024-03-08 00:09:11 - [TEST_STEP][PASSED] - switch (Paymenttype): null

2024-03-08 00:09:11 - [TEST_STEP][PASSED] - case "New Tax Return Amount Due":: null

2024-03-08 00:09:11 - [TEST_STEP][PASSED] - selectOptionByLabel(findTestObject("Object Repository/RAD_Pages/Landing_Page/select_NewTaxReturnAmountDue_TaxType"), Taxtype, false): All options with label 'Admissions and Amusement Tax' are selected in object 'Object Repository/RAD_Pages/Landing_Page/select_NewTaxReturnAmountDue_TaxType' 

2024-03-08 00:09:12 - [MESSAGE][PASSED] - All options with label 'Admissions and Amusement Tax' are selected in object 'Object Repository/RAD_Pages/Landing_Page/select_NewTaxReturnAmountDue_TaxType' 

2024-03-08 00:09:12 - [TEST_STEP][PASSED] - break: null

2024-03-08 00:09:12 - [TEST_STEP][PASSED] - delay(1): Delayed 1 second(s)

2024-03-08 00:09:13 - [MESSAGE][PASSED] - Delayed 1 second(s)

2024-03-08 00:09:13 - [TEST_STEP][PASSED] - switch (Paymenttype): null

2024-03-08 00:09:13 - [TEST_STEP][PASSED] - case "New Tax Return Amount Due":: null

2024-03-08 00:09:13 - [TEST_STEP][PASSED] - if (feinSsn.equalsIgnoreCase("Y")): null

2024-03-08 00:09:13 - [TEST_STEP][PASSED] - else: Text ****** has been set on object 'Object Repository/RAD_Pages/TaxInfo_Page/input_FederalEIN_ReEnter-2'

2024-03-08 00:09:13 - [TEST_STEP][PASSED] - setEncryptedText(findTestObject(orPath_TaxInfo + "/input_FederalEIN-2"), "iGDxf8hSRT4="): Text ****** has been set on object 'Object Repository/RAD_Pages/TaxInfo_Page/input_FederalEIN-2'

2024-03-08 00:09:14 - [MESSAGE][PASSED] - Text ****** has been set on object 'Object Repository/RAD_Pages/TaxInfo_Page/input_FederalEIN-2'

2024-03-08 00:09:14 - [TEST_STEP][PASSED] - setEncryptedText(findTestObject(orPath_TaxInfo + "/input_FederalEIN_ReEnter-2"), ""): Text ****** has been set on object 'Object Repository/RAD_Pages/TaxInfo_Page/input_FederalEIN_ReEnter-2'

2024-03-08 00:09:14 - [MESSAGE][PASSED] - Text ****** has been set on object 'Object Repository/RAD_Pages/TaxInfo_Page/input_FederalEIN_ReEnter-2'

2024-03-08 00:09:14 - [TEST_STEP][PASSED] - break: null

2024-03-08 00:09:14 - [TEST_STEP][PASSED] - if (feinSsn.equalsIgnoreCase("Y")): null

2024-03-08 00:09:14 - [TEST_STEP][PASSED] - else: null

2024-03-08 00:09:14 - [TEST_STEP][PASSED] - if (verifyTextPresent("Please enter a valid FEIN with 9 digits.", true)): null

2024-03-08 00:09:15 - [MESSAGE][PASSED] - Text 'Please enter a valid FEIN with 9 digits.' is present on page  using regular expression

2024-03-08 00:09:15 - [TEST_STEP][PASSED] - println("Error Message is present on the page"): null

2024-03-08 00:09:15 - [TEST_STEP][PASSED] - out.println("Pass Record Number: " + row): null

2024-03-08 00:09:15 - [TEST_STEP][PASSED] - resText = "Pass": null

2024-03-08 00:09:15 - [TEST_STEP][PASSED] - pages.WriteExcel.demoKey(resText, datText, resColumn, datCloumn, fileLoc, nameSheet, row): pages.WriteExcel.demoKey is PASSED

2024-03-08 00:09:15 - [MESSAGE][PASSED] - pages.WriteExcel.demoKey is PASSED

2024-03-08 00:09:15 - [TEST_STEP][PASSED] - ExecuteTC = findTestData(dataFile).getValue("Execute", row): null

2024-03-08 00:09:15 - [TEST_STEP][PASSED] - Taxtype = findTestData(dataFile).getValue("TaxType", row): null

2024-03-08 00:09:15 - [TEST_STEP][PASSED] - Paymenttype = findTestData(dataFile).getValue("PaymentType", row): null

2024-03-08 00:09:15 - [TEST_STEP][PASSED] - feinSsn = findTestData(dataFile).getValue("FEINSSN", row): null

2024-03-08 00:09:15 - [TEST_STEP][PASSED] - out.println("Value of Execute is : " + ExecuteTC): null

2024-03-08 00:09:15 - [TEST_STEP][PASSED] - if (ExecuteTC.equalsIgnoreCase("Y")): null

2024-03-08 00:09:15 - [TEST_STEP][PASSED] - out.println("Begin Record Number: " + row): null

2024-03-08 00:09:15 - [TEST_STEP][PASSED] - today = new java.util.Date(): null

2024-03-08 00:09:15 - [TEST_STEP][PASSED] - println(today): null

2024-03-08 00:09:15 - [TEST_STEP][PASSED] - datText = today: null

2024-03-08 00:09:15 - [TEST_STEP][PASSED] - Taxtype = findTestData(dataFile).getValue("TaxType", row): null

2024-03-08 00:09:15 - [TEST_STEP][PASSED] - out.println("Taxtype value is : " + Taxtype): null

2024-03-08 00:09:15 - [TEST_STEP][PASSED] - openBrowser(""): Browser is opened with url: ''

2024-03-08 00:09:15 - [MESSAGE][WARNING] - A browser is already opened. Closing browser and opening a new one

2024-03-08 00:09:35 - [MESSAGE][INFO] - Starting 'Chrome' driver

2024-03-08 00:09:35 - [MESSAGE][INFO] - User set preference: ['acceptInsecureCerts', 'true']

2024-03-08 00:09:35 - [MESSAGE][INFO] - Action delay is set to 0 milliseconds

2024-03-08 00:09:37 - [MESSAGE][PASSED] - Browser is opened with url: ''

2024-03-08 00:09:37 - [TEST_STEP][PASSED] - maximizeWindow(): Current window maximized

2024-03-08 00:09:37 - [MESSAGE][PASSED] - Current window maximized

2024-03-08 00:09:37 - [TEST_STEP][PASSED] - navigateToUrl(RADurl): Navigate to 'https://qa2.velocitypayment.com/client/rad/index.html' successfully

2024-03-08 00:09:44 - [MESSAGE][PASSED] - Navigate to 'https://qa2.velocitypayment.com/client/rad/index.html' successfully

2024-03-08 00:09:44 - [TEST_STEP][PASSED] - orPath_Landing = "Object Repository/RAD_Pages/Landing_Page": null

2024-03-08 00:09:44 - [TEST_STEP][PASSED] - orPath_TaxTypeFilingYear = "Object Repository/RAD_Pages/TaxTypeFilingYear_Page": null

2024-03-08 00:09:44 - [TEST_STEP][PASSED] - orPath_TaxPayer = "Object Repository/RAD_Pages/Taxpayer_Page": null

2024-03-08 00:09:44 - [TEST_STEP][PASSED] - orPath_AddressContact = "Object Repository/RAD_Pages/AddressAndContactInfo_Page": null

2024-03-08 00:09:44 - [TEST_STEP][PASSED] - orPath_FilingStatus = "Object Repository/RAD_Pages/FilingStatus_Page": null

2024-03-08 00:09:44 - [TEST_STEP][PASSED] - orPath_Amount = "Object Repository/RAD_Pages/PaymentAmount_Page": null

2024-03-08 00:09:44 - [TEST_STEP][PASSED] - orPath_TaxInfo = "Object Repository/RAD_Pages/TaxInfo_Page": null

2024-03-08 00:09:44 - [TEST_STEP][PASSED] - orPath_Withholding = "Object Repository/RAD_Pages/Withholding_Page": null

2024-03-08 00:09:44 - [TEST_STEP][PASSED] - orPath_Summary = "Object Repository/RAD_Pages/Summary_Page": null

2024-03-08 00:09:44 - [TEST_STEP][PASSED] - orPath_PaymentReady = "Object Repository/RAD_Pages/PaymentReady_Page": null

2024-03-08 00:09:44 - [TEST_STEP][PASSED] - orPath_PaymentEntry = "Object Repository/RAD_Pages/PaymentEntry_Page": null

2024-03-08 00:09:44 - [TEST_STEP][PASSED] - orPath_PaymentConfirmation = "Object Repository/RAD_Pages/PaymentConfirmation_Page": null

2024-03-08 00:09:44 - [TEST_STEP][PASSED] - orPath_ServiceFeesAccept = "Object Repository/RAD_Pages/ServiceFeeAccept_Page": null

2024-03-08 00:09:44 - [TEST_STEP][PASSED] - selectOptionByLabel(findTestObject(orPath_Landing + "/dd_TaxType"), Paymenttype, false): All options with label 'New Tax Return Amount Due' are selected in object 'Object Repository/RAD_Pages/Landing_Page/dd_TaxType' 

2024-03-08 00:09:45 - [MESSAGE][PASSED] - All options with label 'New Tax Return Amount Due' are selected in object 'Object Repository/RAD_Pages/Landing_Page/dd_TaxType' 

2024-03-08 00:09:45 - [TEST_STEP][PASSED] - delay(1): Delayed 1 second(s)

2024-03-08 00:09:46 - [MESSAGE][PASSED] - Delayed 1 second(s)

2024-03-08 00:09:46 - [TEST_STEP][PASSED] - switch (Paymenttype): null

2024-03-08 00:09:46 - [TEST_STEP][PASSED] - case "New Tax Return Amount Due":: null

2024-03-08 00:09:46 - [TEST_STEP][PASSED] - selectOptionByLabel(findTestObject("Object Repository/RAD_Pages/Landing_Page/select_NewTaxReturnAmountDue_TaxType"), Taxtype, false): All options with label 'Alcohol Tax' are selected in object 'Object Repository/RAD_Pages/Landing_Page/select_NewTaxReturnAmountDue_TaxType' 

2024-03-08 00:09:47 - [MESSAGE][PASSED] - All options with label 'Alcohol Tax' are selected in object 'Object Repository/RAD_Pages/Landing_Page/select_NewTaxReturnAmountDue_TaxType' 

2024-03-08 00:09:47 - [TEST_STEP][PASSED] - break: null

2024-03-08 00:09:47 - [TEST_STEP][PASSED] - delay(1): Delayed 1 second(s)

2024-03-08 00:09:48 - [MESSAGE][PASSED] - Delayed 1 second(s)

2024-03-08 00:09:48 - [TEST_STEP][PASSED] - switch (Paymenttype): null

2024-03-08 00:09:48 - [TEST_STEP][PASSED] - case "New Tax Return Amount Due":: null

2024-03-08 00:09:48 - [TEST_STEP][PASSED] - if (feinSsn.equalsIgnoreCase("Y")): null

2024-03-08 00:09:48 - [TEST_STEP][PASSED] - else: Text ****** has been set on object 'Object Repository/RAD_Pages/TaxInfo_Page/input_FederalEIN_ReEnter-2'

2024-03-08 00:09:48 - [TEST_STEP][PASSED] - setEncryptedText(findTestObject(orPath_TaxInfo + "/input_FederalEIN-2"), "iGDxf8hSRT4="): Text ****** has been set on object 'Object Repository/RAD_Pages/TaxInfo_Page/input_FederalEIN-2'

2024-03-08 00:09:48 - [MESSAGE][PASSED] - Text ****** has been set on object 'Object Repository/RAD_Pages/TaxInfo_Page/input_FederalEIN-2'

2024-03-08 00:09:48 - [TEST_STEP][PASSED] - setEncryptedText(findTestObject(orPath_TaxInfo + "/input_FederalEIN_ReEnter-2"), ""): Text ****** has been set on object 'Object Repository/RAD_Pages/TaxInfo_Page/input_FederalEIN_ReEnter-2'

2024-03-08 00:09:49 - [MESSAGE][PASSED] - Text ****** has been set on object 'Object Repository/RAD_Pages/TaxInfo_Page/input_FederalEIN_ReEnter-2'

2024-03-08 00:09:49 - [TEST_STEP][PASSED] - break: null

2024-03-08 00:09:49 - [TEST_STEP][PASSED] - if (feinSsn.equalsIgnoreCase("Y")): null

2024-03-08 00:09:49 - [TEST_STEP][PASSED] - else: null

2024-03-08 00:09:49 - [TEST_STEP][PASSED] - if (verifyTextPresent("Please enter a valid FEIN with 9 digits.", true)): null

2024-03-08 00:09:49 - [MESSAGE][PASSED] - Text 'Please enter a valid FEIN with 9 digits.' is present on page  using regular expression

2024-03-08 00:09:49 - [TEST_STEP][PASSED] - println("Error Message is present on the page"): null

2024-03-08 00:09:49 - [TEST_STEP][PASSED] - out.println("Pass Record Number: " + row): null

2024-03-08 00:09:49 - [TEST_STEP][PASSED] - resText = "Pass": null

2024-03-08 00:09:49 - [TEST_STEP][PASSED] - pages.WriteExcel.demoKey(resText, datText, resColumn, datCloumn, fileLoc, nameSheet, row): pages.WriteExcel.demoKey is PASSED

2024-03-08 00:09:49 - [MESSAGE][PASSED] - pages.WriteExcel.demoKey is PASSED

2024-03-08 00:09:49 - [TEST_STEP][PASSED] - ExecuteTC = findTestData(dataFile).getValue("Execute", row): null

2024-03-08 00:09:50 - [TEST_STEP][PASSED] - Taxtype = findTestData(dataFile).getValue("TaxType", row): null

2024-03-08 00:09:50 - [TEST_STEP][PASSED] - Paymenttype = findTestData(dataFile).getValue("PaymentType", row): null

2024-03-08 00:09:50 - [TEST_STEP][PASSED] - feinSsn = findTestData(dataFile).getValue("FEINSSN", row): null

2024-03-08 00:09:50 - [TEST_STEP][PASSED] - out.println("Value of Execute is : " + ExecuteTC): null

2024-03-08 00:09:50 - [TEST_STEP][PASSED] - if (ExecuteTC.equalsIgnoreCase("Y")): null

2024-03-08 00:09:50 - [TEST_STEP][PASSED] - out.println("Begin Record Number: " + row): null

2024-03-08 00:09:50 - [TEST_STEP][PASSED] - today = new java.util.Date(): null

2024-03-08 00:09:50 - [TEST_STEP][PASSED] - println(today): null

2024-03-08 00:09:50 - [TEST_STEP][PASSED] - datText = today: null

2024-03-08 00:09:50 - [TEST_STEP][PASSED] - Taxtype = findTestData(dataFile).getValue("TaxType", row): null

2024-03-08 00:09:50 - [TEST_STEP][PASSED] - out.println("Taxtype value is : " + Taxtype): null

2024-03-08 00:09:50 - [TEST_STEP][PASSED] - openBrowser(""): Browser is opened with url: ''

2024-03-08 00:09:50 - [MESSAGE][WARNING] - A browser is already opened. Closing browser and opening a new one

2024-03-08 00:10:08 - [MESSAGE][INFO] - Starting 'Chrome' driver

2024-03-08 00:10:08 - [MESSAGE][INFO] - User set preference: ['acceptInsecureCerts', 'true']

2024-03-08 00:10:08 - [MESSAGE][INFO] - Action delay is set to 0 milliseconds

2024-03-08 00:10:09 - [MESSAGE][PASSED] - Browser is opened with url: ''

2024-03-08 00:10:09 - [TEST_STEP][PASSED] - maximizeWindow(): Current window maximized

2024-03-08 00:10:10 - [MESSAGE][PASSED] - Current window maximized

2024-03-08 00:10:10 - [TEST_STEP][PASSED] - navigateToUrl(RADurl): Navigate to 'https://qa2.velocitypayment.com/client/rad/index.html' successfully

2024-03-08 00:10:17 - [MESSAGE][PASSED] - Navigate to 'https://qa2.velocitypayment.com/client/rad/index.html' successfully

2024-03-08 00:10:17 - [TEST_STEP][PASSED] - orPath_Landing = "Object Repository/RAD_Pages/Landing_Page": null

2024-03-08 00:10:17 - [TEST_STEP][PASSED] - orPath_TaxTypeFilingYear = "Object Repository/RAD_Pages/TaxTypeFilingYear_Page": null

2024-03-08 00:10:17 - [TEST_STEP][PASSED] - orPath_TaxPayer = "Object Repository/RAD_Pages/Taxpayer_Page": null

2024-03-08 00:10:17 - [TEST_STEP][PASSED] - orPath_AddressContact = "Object Repository/RAD_Pages/AddressAndContactInfo_Page": null

2024-03-08 00:10:17 - [TEST_STEP][PASSED] - orPath_FilingStatus = "Object Repository/RAD_Pages/FilingStatus_Page": null

2024-03-08 00:10:17 - [TEST_STEP][PASSED] - orPath_Amount = "Object Repository/RAD_Pages/PaymentAmount_Page": null

2024-03-08 00:10:17 - [TEST_STEP][PASSED] - orPath_TaxInfo = "Object Repository/RAD_Pages/TaxInfo_Page": null

2024-03-08 00:10:17 - [TEST_STEP][PASSED] - orPath_Withholding = "Object Repository/RAD_Pages/Withholding_Page": null

2024-03-08 00:10:17 - [TEST_STEP][PASSED] - orPath_Summary = "Object Repository/RAD_Pages/Summary_Page": null

2024-03-08 00:10:17 - [TEST_STEP][PASSED] - orPath_PaymentReady = "Object Repository/RAD_Pages/PaymentReady_Page": null

2024-03-08 00:10:17 - [TEST_STEP][PASSED] - orPath_PaymentEntry = "Object Repository/RAD_Pages/PaymentEntry_Page": null

2024-03-08 00:10:17 - [TEST_STEP][PASSED] - orPath_PaymentConfirmation = "Object Repository/RAD_Pages/PaymentConfirmation_Page": null

2024-03-08 00:10:17 - [TEST_STEP][PASSED] - orPath_ServiceFeesAccept = "Object Repository/RAD_Pages/ServiceFeeAccept_Page": null

2024-03-08 00:10:17 - [TEST_STEP][PASSED] - selectOptionByLabel(findTestObject(orPath_Landing + "/dd_TaxType"), Paymenttype, false): All options with label 'New Tax Return Amount Due' are selected in object 'Object Repository/RAD_Pages/Landing_Page/dd_TaxType' 

2024-03-08 00:10:18 - [MESSAGE][PASSED] - All options with label 'New Tax Return Amount Due' are selected in object 'Object Repository/RAD_Pages/Landing_Page/dd_TaxType' 

2024-03-08 00:10:18 - [TEST_STEP][PASSED] - delay(1): Delayed 1 second(s)

2024-03-08 00:10:19 - [MESSAGE][PASSED] - Delayed 1 second(s)

2024-03-08 00:10:19 - [TEST_STEP][PASSED] - switch (Paymenttype): null

2024-03-08 00:10:19 - [TEST_STEP][PASSED] - case "New Tax Return Amount Due":: null

2024-03-08 00:10:19 - [TEST_STEP][PASSED] - selectOptionByLabel(findTestObject("Object Repository/RAD_Pages/Landing_Page/select_NewTaxReturnAmountDue_TaxType"), Taxtype, false): All options with label 'Bay Restoration Fee' are selected in object 'Object Repository/RAD_Pages/Landing_Page/select_NewTaxReturnAmountDue_TaxType' 

2024-03-08 00:10:20 - [MESSAGE][PASSED] - All options with label 'Bay Restoration Fee' are selected in object 'Object Repository/RAD_Pages/Landing_Page/select_NewTaxReturnAmountDue_TaxType' 

2024-03-08 00:10:20 - [TEST_STEP][PASSED] - break: null

2024-03-08 00:10:20 - [TEST_STEP][PASSED] - delay(1): Delayed 1 second(s)

2024-03-08 00:10:21 - [MESSAGE][PASSED] - Delayed 1 second(s)

2024-03-08 00:10:21 - [TEST_STEP][PASSED] - switch (Paymenttype): null

2024-03-08 00:10:21 - [TEST_STEP][PASSED] - case "New Tax Return Amount Due":: null

2024-03-08 00:10:21 - [TEST_STEP][PASSED] - if (feinSsn.equalsIgnoreCase("Y")): null

2024-03-08 00:10:21 - [TEST_STEP][PASSED] - else: Text ****** has been set on object 'Object Repository/RAD_Pages/TaxInfo_Page/input_FederalEIN_ReEnter-2'

2024-03-08 00:10:21 - [TEST_STEP][PASSED] - setEncryptedText(findTestObject(orPath_TaxInfo + "/input_FederalEIN-2"), "iGDxf8hSRT4="): Text ****** has been set on object 'Object Repository/RAD_Pages/TaxInfo_Page/input_FederalEIN-2'

2024-03-08 00:10:21 - [MESSAGE][PASSED] - Text ****** has been set on object 'Object Repository/RAD_Pages/TaxInfo_Page/input_FederalEIN-2'

2024-03-08 00:10:21 - [TEST_STEP][PASSED] - setEncryptedText(findTestObject(orPath_TaxInfo + "/input_FederalEIN_ReEnter-2"), ""): Text ****** has been set on object 'Object Repository/RAD_Pages/TaxInfo_Page/input_FederalEIN_ReEnter-2'

2024-03-08 00:10:22 - [MESSAGE][PASSED] - Text ****** has been set on object 'Object Repository/RAD_Pages/TaxInfo_Page/input_FederalEIN_ReEnter-2'

2024-03-08 00:10:22 - [TEST_STEP][PASSED] - break: null

2024-03-08 00:10:22 - [TEST_STEP][PASSED] - if (feinSsn.equalsIgnoreCase("Y")): null

2024-03-08 00:10:22 - [TEST_STEP][PASSED] - else: null

2024-03-08 00:10:22 - [TEST_STEP][PASSED] - if (verifyTextPresent("Please enter a valid FEIN with 9 digits.", true)): null

2024-03-08 00:10:23 - [MESSAGE][PASSED] - Text 'Please enter a valid FEIN with 9 digits.' is present on page  using regular expression

2024-03-08 00:10:23 - [TEST_STEP][PASSED] - println("Error Message is present on the page"): null

2024-03-08 00:10:23 - [TEST_STEP][PASSED] - out.println("Pass Record Number: " + row): null

2024-03-08 00:10:23 - [TEST_STEP][PASSED] - resText = "Pass": null

2024-03-08 00:10:23 - [TEST_STEP][PASSED] - pages.WriteExcel.demoKey(resText, datText, resColumn, datCloumn, fileLoc, nameSheet, row): pages.WriteExcel.demoKey is PASSED

2024-03-08 00:10:23 - [MESSAGE][PASSED] - pages.WriteExcel.demoKey is PASSED

2024-03-08 00:10:23 - [TEST_STEP][PASSED] - ExecuteTC = findTestData(dataFile).getValue("Execute", row): null

2024-03-08 00:10:23 - [TEST_STEP][PASSED] - Taxtype = findTestData(dataFile).getValue("TaxType", row): null

2024-03-08 00:10:23 - [TEST_STEP][PASSED] - Paymenttype = findTestData(dataFile).getValue("PaymentType", row): null

2024-03-08 00:10:23 - [TEST_STEP][PASSED] - feinSsn = findTestData(dataFile).getValue("FEINSSN", row): null

2024-03-08 00:10:23 - [TEST_STEP][PASSED] - out.println("Value of Execute is : " + ExecuteTC): null

2024-03-08 00:10:23 - [TEST_STEP][PASSED] - if (ExecuteTC.equalsIgnoreCase("Y")): null

2024-03-08 00:10:23 - [TEST_STEP][PASSED] - out.println("Begin Record Number: " + row): null

2024-03-08 00:10:23 - [TEST_STEP][PASSED] - today = new java.util.Date(): null

2024-03-08 00:10:23 - [TEST_STEP][PASSED] - println(today): null

2024-03-08 00:10:23 - [TEST_STEP][PASSED] - datText = today: null

2024-03-08 00:10:23 - [TEST_STEP][PASSED] - Taxtype = findTestData(dataFile).getValue("TaxType", row): null

2024-03-08 00:10:23 - [TEST_STEP][PASSED] - out.println("Taxtype value is : " + Taxtype): null

2024-03-08 00:10:23 - [TEST_STEP][PASSED] - openBrowser(""): Browser is opened with url: ''

2024-03-08 00:10:23 - [MESSAGE][WARNING] - A browser is already opened. Closing browser and opening a new one

2024-03-08 00:10:39 - [MESSAGE][INFO] - Starting 'Chrome' driver

2024-03-08 00:10:39 - [MESSAGE][INFO] - User set preference: ['acceptInsecureCerts', 'true']

2024-03-08 00:10:39 - [MESSAGE][INFO] - Action delay is set to 0 milliseconds

2024-03-08 00:10:40 - [MESSAGE][PASSED] - Browser is opened with url: ''

2024-03-08 00:10:40 - [TEST_STEP][PASSED] - maximizeWindow(): Current window maximized

2024-03-08 00:10:40 - [MESSAGE][PASSED] - Current window maximized

2024-03-08 00:10:40 - [TEST_STEP][PASSED] - navigateToUrl(RADurl): Navigate to 'https://qa2.velocitypayment.com/client/rad/index.html' successfully

2024-03-08 00:10:41 - [MESSAGE][PASSED] - Navigate to 'https://qa2.velocitypayment.com/client/rad/index.html' successfully

2024-03-08 00:10:41 - [TEST_STEP][PASSED] - orPath_Landing = "Object Repository/RAD_Pages/Landing_Page": null

2024-03-08 00:10:41 - [TEST_STEP][PASSED] - orPath_TaxTypeFilingYear = "Object Repository/RAD_Pages/TaxTypeFilingYear_Page": null

2024-03-08 00:10:41 - [TEST_STEP][PASSED] - orPath_TaxPayer = "Object Repository/RAD_Pages/Taxpayer_Page": null

2024-03-08 00:10:41 - [TEST_STEP][PASSED] - orPath_AddressContact = "Object Repository/RAD_Pages/AddressAndContactInfo_Page": null

2024-03-08 00:10:41 - [TEST_STEP][PASSED] - orPath_FilingStatus = "Object Repository/RAD_Pages/FilingStatus_Page": null

2024-03-08 00:10:41 - [TEST_STEP][PASSED] - orPath_Amount = "Object Repository/RAD_Pages/PaymentAmount_Page": null

2024-03-08 00:10:41 - [TEST_STEP][PASSED] - orPath_TaxInfo = "Object Repository/RAD_Pages/TaxInfo_Page": null

2024-03-08 00:10:41 - [TEST_STEP][PASSED] - orPath_Withholding = "Object Repository/RAD_Pages/Withholding_Page": null

2024-03-08 00:10:41 - [TEST_STEP][PASSED] - orPath_Summary = "Object Repository/RAD_Pages/Summary_Page": null

2024-03-08 00:10:41 - [TEST_STEP][PASSED] - orPath_PaymentReady = "Object Repository/RAD_Pages/PaymentReady_Page": null

2024-03-08 00:10:41 - [TEST_STEP][PASSED] - orPath_PaymentEntry = "Object Repository/RAD_Pages/PaymentEntry_Page": null

2024-03-08 00:10:41 - [TEST_STEP][PASSED] - orPath_PaymentConfirmation = "Object Repository/RAD_Pages/PaymentConfirmation_Page": null

2024-03-08 00:10:41 - [TEST_STEP][PASSED] - orPath_ServiceFeesAccept = "Object Repository/RAD_Pages/ServiceFeeAccept_Page": null

2024-03-08 00:10:41 - [TEST_STEP][PASSED] - selectOptionByLabel(findTestObject(orPath_Landing + "/dd_TaxType"), Paymenttype, false): All options with label 'New Tax Return Amount Due' are selected in object 'Object Repository/RAD_Pages/Landing_Page/dd_TaxType' 

2024-03-08 00:10:43 - [MESSAGE][PASSED] - All options with label 'New Tax Return Amount Due' are selected in object 'Object Repository/RAD_Pages/Landing_Page/dd_TaxType' 

2024-03-08 00:10:43 - [TEST_STEP][PASSED] - delay(1): Delayed 1 second(s)

2024-03-08 00:10:44 - [MESSAGE][PASSED] - Delayed 1 second(s)

2024-03-08 00:10:44 - [TEST_STEP][PASSED] - switch (Paymenttype): null

2024-03-08 00:10:44 - [TEST_STEP][PASSED] - case "New Tax Return Amount Due":: null

2024-03-08 00:10:44 - [TEST_STEP][PASSED] - selectOptionByLabel(findTestObject("Object Repository/RAD_Pages/Landing_Page/select_NewTaxReturnAmountDue_TaxType"), Taxtype, false): All options with label 'Corporate Income Tax' are selected in object 'Object Repository/RAD_Pages/Landing_Page/select_NewTaxReturnAmountDue_TaxType' 

2024-03-08 00:10:44 - [MESSAGE][PASSED] - All options with label 'Corporate Income Tax' are selected in object 'Object Repository/RAD_Pages/Landing_Page/select_NewTaxReturnAmountDue_TaxType' 

2024-03-08 00:10:44 - [TEST_STEP][PASSED] - break: null

2024-03-08 00:10:44 - [TEST_STEP][PASSED] - delay(1): Delayed 1 second(s)

2024-03-08 00:10:45 - [MESSAGE][PASSED] - Delayed 1 second(s)

2024-03-08 00:10:45 - [TEST_STEP][PASSED] - switch (Paymenttype): null

2024-03-08 00:10:45 - [TEST_STEP][PASSED] - case "New Tax Return Amount Due":: null

2024-03-08 00:10:45 - [TEST_STEP][PASSED] - if (feinSsn.equalsIgnoreCase("Y")): null

2024-03-08 00:10:45 - [TEST_STEP][PASSED] - else: Text ****** has been set on object 'Object Repository/RAD_Pages/TaxInfo_Page/input_FederalEIN_ReEnter-2'

2024-03-08 00:10:45 - [TEST_STEP][PASSED] - setEncryptedText(findTestObject(orPath_TaxInfo + "/input_FederalEIN-2"), "iGDxf8hSRT4="): Text ****** has been set on object 'Object Repository/RAD_Pages/TaxInfo_Page/input_FederalEIN-2'

2024-03-08 00:10:46 - [MESSAGE][PASSED] - Text ****** has been set on object 'Object Repository/RAD_Pages/TaxInfo_Page/input_FederalEIN-2'

2024-03-08 00:10:46 - [TEST_STEP][PASSED] - setEncryptedText(findTestObject(orPath_TaxInfo + "/input_FederalEIN_ReEnter-2"), ""): Text ****** has been set on object 'Object Repository/RAD_Pages/TaxInfo_Page/input_FederalEIN_ReEnter-2'

2024-03-08 00:10:47 - [MESSAGE][PASSED] - Text ****** has been set on object 'Object Repository/RAD_Pages/TaxInfo_Page/input_FederalEIN_ReEnter-2'

2024-03-08 00:10:47 - [TEST_STEP][PASSED] - break: null

2024-03-08 00:10:47 - [TEST_STEP][PASSED] - if (feinSsn.equalsIgnoreCase("Y")): null

2024-03-08 00:10:47 - [TEST_STEP][PASSED] - else: null

2024-03-08 00:10:47 - [TEST_STEP][PASSED] - if (verifyTextPresent("Please enter a valid FEIN with 9 digits.", true)): null

2024-03-08 00:10:47 - [MESSAGE][PASSED] - Text 'Please enter a valid FEIN with 9 digits.' is present on page  using regular expression

2024-03-08 00:10:47 - [TEST_STEP][PASSED] - println("Error Message is present on the page"): null

2024-03-08 00:10:47 - [TEST_STEP][PASSED] - out.println("Pass Record Number: " + row): null

2024-03-08 00:10:47 - [TEST_STEP][PASSED] - resText = "Pass": null

2024-03-08 00:10:47 - [TEST_STEP][PASSED] - pages.WriteExcel.demoKey(resText, datText, resColumn, datCloumn, fileLoc, nameSheet, row): pages.WriteExcel.demoKey is PASSED

2024-03-08 00:10:47 - [MESSAGE][PASSED] - pages.WriteExcel.demoKey is PASSED

2024-03-08 00:10:47 - [TEST_STEP][PASSED] - ExecuteTC = findTestData(dataFile).getValue("Execute", row): null

2024-03-08 00:10:47 - [TEST_STEP][PASSED] - Taxtype = findTestData(dataFile).getValue("TaxType", row): null

2024-03-08 00:10:47 - [TEST_STEP][PASSED] - Paymenttype = findTestData(dataFile).getValue("PaymentType", row): null

2024-03-08 00:10:47 - [TEST_STEP][PASSED] - feinSsn = findTestData(dataFile).getValue("FEINSSN", row): null

2024-03-08 00:10:47 - [TEST_STEP][PASSED] - out.println("Value of Execute is : " + ExecuteTC): null

2024-03-08 00:10:47 - [TEST_STEP][PASSED] - if (ExecuteTC.equalsIgnoreCase("Y")): null

2024-03-08 00:10:47 - [TEST_STEP][PASSED] - out.println("Begin Record Number: " + row): null

2024-03-08 00:10:47 - [TEST_STEP][PASSED] - today = new java.util.Date(): null

2024-03-08 00:10:47 - [TEST_STEP][PASSED] - println(today): null

2024-03-08 00:10:47 - [TEST_STEP][PASSED] - datText = today: null

2024-03-08 00:10:47 - [TEST_STEP][PASSED] - Taxtype = findTestData(dataFile).getValue("TaxType", row): null

2024-03-08 00:10:48 - [TEST_STEP][PASSED] - out.println("Taxtype value is : " + Taxtype): null

2024-03-08 00:10:48 - [TEST_STEP][PASSED] - openBrowser(""): Browser is opened with url: ''

2024-03-08 00:10:48 - [MESSAGE][WARNING] - A browser is already opened. Closing browser and opening a new one

2024-03-08 00:11:12 - [MESSAGE][INFO] - Starting 'Chrome' driver

2024-03-08 00:11:12 - [MESSAGE][INFO] - User set preference: ['acceptInsecureCerts', 'true']

2024-03-08 00:11:12 - [MESSAGE][INFO] - Action delay is set to 0 milliseconds

2024-03-08 00:11:14 - [MESSAGE][PASSED] - Browser is opened with url: ''

2024-03-08 00:11:14 - [TEST_STEP][PASSED] - maximizeWindow(): Current window maximized

2024-03-08 00:11:14 - [MESSAGE][PASSED] - Current window maximized

2024-03-08 00:11:14 - [TEST_STEP][PASSED] - navigateToUrl(RADurl): Navigate to 'https://qa2.velocitypayment.com/client/rad/index.html' successfully

2024-03-08 00:11:20 - [MESSAGE][PASSED] - Navigate to 'https://qa2.velocitypayment.com/client/rad/index.html' successfully

2024-03-08 00:11:20 - [TEST_STEP][PASSED] - orPath_Landing = "Object Repository/RAD_Pages/Landing_Page": null

2024-03-08 00:11:20 - [TEST_STEP][PASSED] - orPath_TaxTypeFilingYear = "Object Repository/RAD_Pages/TaxTypeFilingYear_Page": null

2024-03-08 00:11:20 - [TEST_STEP][PASSED] - orPath_TaxPayer = "Object Repository/RAD_Pages/Taxpayer_Page": null

2024-03-08 00:11:20 - [TEST_STEP][PASSED] - orPath_AddressContact = "Object Repository/RAD_Pages/AddressAndContactInfo_Page": null

2024-03-08 00:11:20 - [TEST_STEP][PASSED] - orPath_FilingStatus = "Object Repository/RAD_Pages/FilingStatus_Page": null

2024-03-08 00:11:20 - [TEST_STEP][PASSED] - orPath_Amount = "Object Repository/RAD_Pages/PaymentAmount_Page": null

2024-03-08 00:11:20 - [TEST_STEP][PASSED] - orPath_TaxInfo = "Object Repository/RAD_Pages/TaxInfo_Page": null

2024-03-08 00:11:20 - [TEST_STEP][PASSED] - orPath_Withholding = "Object Repository/RAD_Pages/Withholding_Page": null

2024-03-08 00:11:20 - [TEST_STEP][PASSED] - orPath_Summary = "Object Repository/RAD_Pages/Summary_Page": null

2024-03-08 00:11:20 - [TEST_STEP][PASSED] - orPath_PaymentReady = "Object Repository/RAD_Pages/PaymentReady_Page": null

2024-03-08 00:11:20 - [TEST_STEP][PASSED] - orPath_PaymentEntry = "Object Repository/RAD_Pages/PaymentEntry_Page": null

2024-03-08 00:11:20 - [TEST_STEP][PASSED] - orPath_PaymentConfirmation = "Object Repository/RAD_Pages/PaymentConfirmation_Page": null

2024-03-08 00:11:20 - [TEST_STEP][PASSED] - orPath_ServiceFeesAccept = "Object Repository/RAD_Pages/ServiceFeeAccept_Page": null

2024-03-08 00:11:20 - [TEST_STEP][PASSED] - selectOptionByLabel(findTestObject(orPath_Landing + "/dd_TaxType"), Paymenttype, false): All options with label 'New Tax Return Amount Due' are selected in object 'Object Repository/RAD_Pages/Landing_Page/dd_TaxType' 

2024-03-08 00:11:21 - [MESSAGE][PASSED] - All options with label 'New Tax Return Amount Due' are selected in object 'Object Repository/RAD_Pages/Landing_Page/dd_TaxType' 

2024-03-08 00:11:21 - [TEST_STEP][PASSED] - delay(1): Delayed 1 second(s)

2024-03-08 00:11:22 - [MESSAGE][PASSED] - Delayed 1 second(s)

2024-03-08 00:11:22 - [TEST_STEP][PASSED] - switch (Paymenttype): null

2024-03-08 00:11:22 - [TEST_STEP][PASSED] - case "New Tax Return Amount Due":: null

2024-03-08 00:11:22 - [TEST_STEP][PASSED] - selectOptionByLabel(findTestObject("Object Repository/RAD_Pages/Landing_Page/select_NewTaxReturnAmountDue_TaxType"), Taxtype, false): All options with label 'Motor Fuel Tax' are selected in object 'Object Repository/RAD_Pages/Landing_Page/select_NewTaxReturnAmountDue_TaxType' 

2024-03-08 00:11:23 - [MESSAGE][PASSED] - All options with label 'Motor Fuel Tax' are selected in object 'Object Repository/RAD_Pages/Landing_Page/select_NewTaxReturnAmountDue_TaxType' 

2024-03-08 00:11:23 - [TEST_STEP][PASSED] - break: null

2024-03-08 00:11:23 - [TEST_STEP][PASSED] - delay(1): Delayed 1 second(s)

2024-03-08 00:11:24 - [MESSAGE][PASSED] - Delayed 1 second(s)

2024-03-08 00:11:24 - [TEST_STEP][PASSED] - switch (Paymenttype): null

2024-03-08 00:11:24 - [TEST_STEP][PASSED] - case "New Tax Return Amount Due":: null

2024-03-08 00:11:24 - [TEST_STEP][PASSED] - if (feinSsn.equalsIgnoreCase("Y")): null

2024-03-08 00:11:24 - [TEST_STEP][PASSED] - else: Text ****** has been set on object 'Object Repository/RAD_Pages/TaxInfo_Page/input_FederalEIN_ReEnter-2'

2024-03-08 00:11:24 - [TEST_STEP][PASSED] - setEncryptedText(findTestObject(orPath_TaxInfo + "/input_FederalEIN-2"), "iGDxf8hSRT4="): Text ****** has been set on object 'Object Repository/RAD_Pages/TaxInfo_Page/input_FederalEIN-2'

2024-03-08 00:11:24 - [MESSAGE][PASSED] - Text ****** has been set on object 'Object Repository/RAD_Pages/TaxInfo_Page/input_FederalEIN-2'

2024-03-08 00:11:24 - [TEST_STEP][PASSED] - setEncryptedText(findTestObject(orPath_TaxInfo + "/input_FederalEIN_ReEnter-2"), ""): Text ****** has been set on object 'Object Repository/RAD_Pages/TaxInfo_Page/input_FederalEIN_ReEnter-2'

2024-03-08 00:11:25 - [MESSAGE][PASSED] - Text ****** has been set on object 'Object Repository/RAD_Pages/TaxInfo_Page/input_FederalEIN_ReEnter-2'

2024-03-08 00:11:25 - [TEST_STEP][PASSED] - break: null

2024-03-08 00:11:25 - [TEST_STEP][PASSED] - if (feinSsn.equalsIgnoreCase("Y")): null

2024-03-08 00:11:25 - [TEST_STEP][PASSED] - else: null

2024-03-08 00:11:25 - [TEST_STEP][PASSED] - if (verifyTextPresent("Please enter a valid FEIN with 9 digits.", true)): null

2024-03-08 00:11:25 - [MESSAGE][PASSED] - Text 'Please enter a valid FEIN with 9 digits.' is present on page  using regular expression

2024-03-08 00:11:25 - [TEST_STEP][PASSED] - println("Error Message is present on the page"): null

2024-03-08 00:11:25 - [TEST_STEP][PASSED] - out.println("Pass Record Number: " + row): null

2024-03-08 00:11:25 - [TEST_STEP][PASSED] - resText = "Pass": null

2024-03-08 00:11:25 - [TEST_STEP][PASSED] - pages.WriteExcel.demoKey(resText, datText, resColumn, datCloumn, fileLoc, nameSheet, row): pages.WriteExcel.demoKey is PASSED

2024-03-08 00:11:26 - [MESSAGE][PASSED] - pages.WriteExcel.demoKey is PASSED

2024-03-08 00:11:26 - [TEST_STEP][PASSED] - ExecuteTC = findTestData(dataFile).getValue("Execute", row): null

2024-03-08 00:11:26 - [TEST_STEP][PASSED] - Taxtype = findTestData(dataFile).getValue("TaxType", row): null

2024-03-08 00:11:26 - [TEST_STEP][PASSED] - Paymenttype = findTestData(dataFile).getValue("PaymentType", row): null

2024-03-08 00:11:26 - [TEST_STEP][PASSED] - feinSsn = findTestData(dataFile).getValue("FEINSSN", row): null

2024-03-08 00:11:26 - [TEST_STEP][PASSED] - out.println("Value of Execute is : " + ExecuteTC): null

2024-03-08 00:11:26 - [TEST_STEP][PASSED] - if (ExecuteTC.equalsIgnoreCase("Y")): null

2024-03-08 00:11:26 - [TEST_STEP][PASSED] - out.println("Begin Record Number: " + row): null

2024-03-08 00:11:26 - [TEST_STEP][PASSED] - today = new java.util.Date(): null

2024-03-08 00:11:26 - [TEST_STEP][PASSED] - println(today): null

2024-03-08 00:11:26 - [TEST_STEP][PASSED] - datText = today: null

2024-03-08 00:11:26 - [TEST_STEP][PASSED] - Taxtype = findTestData(dataFile).getValue("TaxType", row): null

2024-03-08 00:11:26 - [TEST_STEP][PASSED] - out.println("Taxtype value is : " + Taxtype): null

2024-03-08 00:11:26 - [TEST_STEP][PASSED] - openBrowser(""): Browser is opened with url: ''

2024-03-08 00:11:26 - [MESSAGE][WARNING] - A browser is already opened. Closing browser and opening a new one

2024-03-08 00:11:46 - [MESSAGE][INFO] - Starting 'Chrome' driver

2024-03-08 00:11:46 - [MESSAGE][INFO] - User set preference: ['acceptInsecureCerts', 'true']

2024-03-08 00:11:47 - [MESSAGE][INFO] - Action delay is set to 0 milliseconds

2024-03-08 00:11:48 - [MESSAGE][PASSED] - Browser is opened with url: ''

2024-03-08 00:11:48 - [TEST_STEP][PASSED] - maximizeWindow(): Current window maximized

2024-03-08 00:11:48 - [MESSAGE][PASSED] - Current window maximized

2024-03-08 00:11:48 - [TEST_STEP][PASSED] - navigateToUrl(RADurl): Navigate to 'https://qa2.velocitypayment.com/client/rad/index.html' successfully

2024-03-08 00:11:55 - [MESSAGE][PASSED] - Navigate to 'https://qa2.velocitypayment.com/client/rad/index.html' successfully

2024-03-08 00:11:55 - [TEST_STEP][PASSED] - orPath_Landing = "Object Repository/RAD_Pages/Landing_Page": null

2024-03-08 00:11:55 - [TEST_STEP][PASSED] - orPath_TaxTypeFilingYear = "Object Repository/RAD_Pages/TaxTypeFilingYear_Page": null

2024-03-08 00:11:55 - [TEST_STEP][PASSED] - orPath_TaxPayer = "Object Repository/RAD_Pages/Taxpayer_Page": null

2024-03-08 00:11:55 - [TEST_STEP][PASSED] - orPath_AddressContact = "Object Repository/RAD_Pages/AddressAndContactInfo_Page": null

2024-03-08 00:11:55 - [TEST_STEP][PASSED] - orPath_FilingStatus = "Object Repository/RAD_Pages/FilingStatus_Page": null

2024-03-08 00:11:55 - [TEST_STEP][PASSED] - orPath_Amount = "Object Repository/RAD_Pages/PaymentAmount_Page": null

2024-03-08 00:11:55 - [TEST_STEP][PASSED] - orPath_TaxInfo = "Object Repository/RAD_Pages/TaxInfo_Page": null

2024-03-08 00:11:55 - [TEST_STEP][PASSED] - orPath_Withholding = "Object Repository/RAD_Pages/Withholding_Page": null

2024-03-08 00:11:55 - [TEST_STEP][PASSED] - orPath_Summary = "Object Repository/RAD_Pages/Summary_Page": null

2024-03-08 00:11:55 - [TEST_STEP][PASSED] - orPath_PaymentReady = "Object Repository/RAD_Pages/PaymentReady_Page": null

2024-03-08 00:11:55 - [TEST_STEP][PASSED] - orPath_PaymentEntry = "Object Repository/RAD_Pages/PaymentEntry_Page": null

2024-03-08 00:11:55 - [TEST_STEP][PASSED] - orPath_PaymentConfirmation = "Object Repository/RAD_Pages/PaymentConfirmation_Page": null

2024-03-08 00:11:55 - [TEST_STEP][PASSED] - orPath_ServiceFeesAccept = "Object Repository/RAD_Pages/ServiceFeeAccept_Page": null

2024-03-08 00:11:55 - [TEST_STEP][PASSED] - selectOptionByLabel(findTestObject(orPath_Landing + "/dd_TaxType"), Paymenttype, false): All options with label 'New Tax Return Amount Due' are selected in object 'Object Repository/RAD_Pages/Landing_Page/dd_TaxType' 

2024-03-08 00:11:55 - [MESSAGE][PASSED] - All options with label 'New Tax Return Amount Due' are selected in object 'Object Repository/RAD_Pages/Landing_Page/dd_TaxType' 

2024-03-08 00:11:55 - [TEST_STEP][PASSED] - delay(1): Delayed 1 second(s)

2024-03-08 00:11:56 - [MESSAGE][PASSED] - Delayed 1 second(s)

2024-03-08 00:11:56 - [TEST_STEP][PASSED] - switch (Paymenttype): null

2024-03-08 00:11:56 - [TEST_STEP][PASSED] - case "New Tax Return Amount Due":: null

2024-03-08 00:11:56 - [TEST_STEP][PASSED] - selectOptionByLabel(findTestObject("Object Repository/RAD_Pages/Landing_Page/select_NewTaxReturnAmountDue_TaxType"), Taxtype, false): All options with label 'Sales and Use Tax' are selected in object 'Object Repository/RAD_Pages/Landing_Page/select_NewTaxReturnAmountDue_TaxType' 

2024-03-08 00:11:57 - [MESSAGE][PASSED] - All options with label 'Sales and Use Tax' are selected in object 'Object Repository/RAD_Pages/Landing_Page/select_NewTaxReturnAmountDue_TaxType' 

2024-03-08 00:11:57 - [TEST_STEP][PASSED] - break: null

2024-03-08 00:11:57 - [TEST_STEP][PASSED] - delay(1): Delayed 1 second(s)

2024-03-08 00:11:58 - [MESSAGE][PASSED] - Delayed 1 second(s)

2024-03-08 00:11:58 - [TEST_STEP][PASSED] - switch (Paymenttype): null

2024-03-08 00:11:58 - [TEST_STEP][PASSED] - case "New Tax Return Amount Due":: null

2024-03-08 00:11:58 - [TEST_STEP][PASSED] - if (feinSsn.equalsIgnoreCase("Y")): null

2024-03-08 00:11:58 - [TEST_STEP][PASSED] - else: Text ****** has been set on object 'Object Repository/RAD_Pages/TaxInfo_Page/input_FederalEIN_ReEnter-2'

2024-03-08 00:11:58 - [TEST_STEP][PASSED] - setEncryptedText(findTestObject(orPath_TaxInfo + "/input_FederalEIN-2"), "iGDxf8hSRT4="): Text ****** has been set on object 'Object Repository/RAD_Pages/TaxInfo_Page/input_FederalEIN-2'

2024-03-08 00:11:59 - [MESSAGE][PASSED] - Text ****** has been set on object 'Object Repository/RAD_Pages/TaxInfo_Page/input_FederalEIN-2'

2024-03-08 00:11:59 - [TEST_STEP][PASSED] - setEncryptedText(findTestObject(orPath_TaxInfo + "/input_FederalEIN_ReEnter-2"), ""): Text ****** has been set on object 'Object Repository/RAD_Pages/TaxInfo_Page/input_FederalEIN_ReEnter-2'

2024-03-08 00:11:59 - [MESSAGE][PASSED] - Text ****** has been set on object 'Object Repository/RAD_Pages/TaxInfo_Page/input_FederalEIN_ReEnter-2'

2024-03-08 00:11:59 - [TEST_STEP][PASSED] - break: null

2024-03-08 00:11:59 - [TEST_STEP][PASSED] - if (feinSsn.equalsIgnoreCase("Y")): null

2024-03-08 00:11:59 - [TEST_STEP][PASSED] - else: null

2024-03-08 00:11:59 - [TEST_STEP][PASSED] - if (verifyTextPresent("Please enter a valid FEIN with 9 digits.", true)): null

2024-03-08 00:12:00 - [MESSAGE][PASSED] - Text 'Please enter a valid FEIN with 9 digits.' is present on page  using regular expression

2024-03-08 00:12:00 - [TEST_STEP][PASSED] - println("Error Message is present on the page"): null

2024-03-08 00:12:00 - [TEST_STEP][PASSED] - out.println("Pass Record Number: " + row): null

2024-03-08 00:12:00 - [TEST_STEP][PASSED] - resText = "Pass": null

2024-03-08 00:12:00 - [TEST_STEP][PASSED] - pages.WriteExcel.demoKey(resText, datText, resColumn, datCloumn, fileLoc, nameSheet, row): pages.WriteExcel.demoKey is PASSED

2024-03-08 00:12:00 - [MESSAGE][PASSED] - pages.WriteExcel.demoKey is PASSED

2024-03-08 00:12:00 - [TEST_STEP][PASSED] - ExecuteTC = findTestData(dataFile).getValue("Execute", row): null

2024-03-08 00:12:00 - [TEST_STEP][PASSED] - Taxtype = findTestData(dataFile).getValue("TaxType", row): null

2024-03-08 00:12:00 - [TEST_STEP][PASSED] - Paymenttype = findTestData(dataFile).getValue("PaymentType", row): null

2024-03-08 00:12:00 - [TEST_STEP][PASSED] - feinSsn = findTestData(dataFile).getValue("FEINSSN", row): null

2024-03-08 00:12:00 - [TEST_STEP][PASSED] - out.println("Value of Execute is : " + ExecuteTC): null

2024-03-08 00:12:00 - [TEST_STEP][PASSED] - if (ExecuteTC.equalsIgnoreCase("Y")): null

2024-03-08 00:12:00 - [TEST_STEP][PASSED] - out.println("Begin Record Number: " + row): null

2024-03-08 00:12:00 - [TEST_STEP][PASSED] - today = new java.util.Date(): null

2024-03-08 00:12:00 - [TEST_STEP][PASSED] - println(today): null

2024-03-08 00:12:00 - [TEST_STEP][PASSED] - datText = today: null

2024-03-08 00:12:00 - [TEST_STEP][PASSED] - Taxtype = findTestData(dataFile).getValue("TaxType", row): null

2024-03-08 00:12:00 - [TEST_STEP][PASSED] - out.println("Taxtype value is : " + Taxtype): null

2024-03-08 00:12:00 - [TEST_STEP][PASSED] - openBrowser(""): Browser is opened with url: ''

2024-03-08 00:12:00 - [MESSAGE][WARNING] - A browser is already opened. Closing browser and opening a new one

2024-03-08 00:12:18 - [MESSAGE][INFO] - Starting 'Chrome' driver

2024-03-08 00:12:18 - [MESSAGE][INFO] - User set preference: ['acceptInsecureCerts', 'true']

2024-03-08 00:12:18 - [MESSAGE][INFO] - Action delay is set to 0 milliseconds

2024-03-08 00:12:19 - [MESSAGE][PASSED] - Browser is opened with url: ''

2024-03-08 00:12:19 - [TEST_STEP][PASSED] - maximizeWindow(): Current window maximized

2024-03-08 00:12:19 - [MESSAGE][PASSED] - Current window maximized

2024-03-08 00:12:19 - [TEST_STEP][PASSED] - navigateToUrl(RADurl): Navigate to 'https://qa2.velocitypayment.com/client/rad/index.html' successfully

2024-03-08 00:12:26 - [MESSAGE][PASSED] - Navigate to 'https://qa2.velocitypayment.com/client/rad/index.html' successfully

2024-03-08 00:12:26 - [TEST_STEP][PASSED] - orPath_Landing = "Object Repository/RAD_Pages/Landing_Page": null

2024-03-08 00:12:26 - [TEST_STEP][PASSED] - orPath_TaxTypeFilingYear = "Object Repository/RAD_Pages/TaxTypeFilingYear_Page": null

2024-03-08 00:12:26 - [TEST_STEP][PASSED] - orPath_TaxPayer = "Object Repository/RAD_Pages/Taxpayer_Page": null

2024-03-08 00:12:26 - [TEST_STEP][PASSED] - orPath_AddressContact = "Object Repository/RAD_Pages/AddressAndContactInfo_Page": null

2024-03-08 00:12:26 - [TEST_STEP][PASSED] - orPath_FilingStatus = "Object Repository/RAD_Pages/FilingStatus_Page": null

2024-03-08 00:12:26 - [TEST_STEP][PASSED] - orPath_Amount = "Object Repository/RAD_Pages/PaymentAmount_Page": null

2024-03-08 00:12:26 - [TEST_STEP][PASSED] - orPath_TaxInfo = "Object Repository/RAD_Pages/TaxInfo_Page": null

2024-03-08 00:12:26 - [TEST_STEP][PASSED] - orPath_Withholding = "Object Repository/RAD_Pages/Withholding_Page": null

2024-03-08 00:12:26 - [TEST_STEP][PASSED] - orPath_Summary = "Object Repository/RAD_Pages/Summary_Page": null

2024-03-08 00:12:26 - [TEST_STEP][PASSED] - orPath_PaymentReady = "Object Repository/RAD_Pages/PaymentReady_Page": null

2024-03-08 00:12:26 - [TEST_STEP][PASSED] - orPath_PaymentEntry = "Object Repository/RAD_Pages/PaymentEntry_Page": null

2024-03-08 00:12:26 - [TEST_STEP][PASSED] - orPath_PaymentConfirmation = "Object Repository/RAD_Pages/PaymentConfirmation_Page": null

2024-03-08 00:12:26 - [TEST_STEP][PASSED] - orPath_ServiceFeesAccept = "Object Repository/RAD_Pages/ServiceFeeAccept_Page": null

2024-03-08 00:12:26 - [TEST_STEP][PASSED] - selectOptionByLabel(findTestObject(orPath_Landing + "/dd_TaxType"), Paymenttype, false): All options with label 'New Tax Return Amount Due' are selected in object 'Object Repository/RAD_Pages/Landing_Page/dd_TaxType' 

2024-03-08 00:12:26 - [MESSAGE][PASSED] - All options with label 'New Tax Return Amount Due' are selected in object 'Object Repository/RAD_Pages/Landing_Page/dd_TaxType' 

2024-03-08 00:12:26 - [TEST_STEP][PASSED] - delay(1): Delayed 1 second(s)

2024-03-08 00:12:27 - [MESSAGE][PASSED] - Delayed 1 second(s)

2024-03-08 00:12:27 - [TEST_STEP][PASSED] - switch (Paymenttype): null

2024-03-08 00:12:27 - [TEST_STEP][PASSED] - case "New Tax Return Amount Due":: null

2024-03-08 00:12:27 - [TEST_STEP][PASSED] - selectOptionByLabel(findTestObject("Object Repository/RAD_Pages/Landing_Page/select_NewTaxReturnAmountDue_TaxType"), Taxtype, false): All options with label 'Slots License Fee' are selected in object 'Object Repository/RAD_Pages/Landing_Page/select_NewTaxReturnAmountDue_TaxType' 

2024-03-08 00:12:28 - [MESSAGE][PASSED] - All options with label 'Slots License Fee' are selected in object 'Object Repository/RAD_Pages/Landing_Page/select_NewTaxReturnAmountDue_TaxType' 

2024-03-08 00:12:28 - [TEST_STEP][PASSED] - break: null

2024-03-08 00:12:28 - [TEST_STEP][PASSED] - delay(1): Delayed 1 second(s)

2024-03-08 00:12:29 - [MESSAGE][PASSED] - Delayed 1 second(s)

2024-03-08 00:12:29 - [TEST_STEP][PASSED] - switch (Paymenttype): null

2024-03-08 00:12:29 - [TEST_STEP][PASSED] - case "New Tax Return Amount Due":: null

2024-03-08 00:12:29 - [TEST_STEP][PASSED] - if (feinSsn.equalsIgnoreCase("Y")): null

2024-03-08 00:12:29 - [TEST_STEP][PASSED] - else: Text ****** has been set on object 'Object Repository/RAD_Pages/TaxInfo_Page/input_FederalEIN_ReEnter-2'

2024-03-08 00:12:29 - [TEST_STEP][PASSED] - setEncryptedText(findTestObject(orPath_TaxInfo + "/input_FederalEIN-2"), "iGDxf8hSRT4="): Text ****** has been set on object 'Object Repository/RAD_Pages/TaxInfo_Page/input_FederalEIN-2'

2024-03-08 00:12:29 - [MESSAGE][PASSED] - Text ****** has been set on object 'Object Repository/RAD_Pages/TaxInfo_Page/input_FederalEIN-2'

2024-03-08 00:12:29 - [TEST_STEP][PASSED] - setEncryptedText(findTestObject(orPath_TaxInfo + "/input_FederalEIN_ReEnter-2"), ""): Text ****** has been set on object 'Object Repository/RAD_Pages/TaxInfo_Page/input_FederalEIN_ReEnter-2'

2024-03-08 00:12:30 - [MESSAGE][PASSED] - Text ****** has been set on object 'Object Repository/RAD_Pages/TaxInfo_Page/input_FederalEIN_ReEnter-2'

2024-03-08 00:12:30 - [TEST_STEP][PASSED] - break: null

2024-03-08 00:12:30 - [TEST_STEP][PASSED] - if (feinSsn.equalsIgnoreCase("Y")): null

2024-03-08 00:12:30 - [TEST_STEP][PASSED] - else: null

2024-03-08 00:12:30 - [TEST_STEP][PASSED] - if (verifyTextPresent("Please enter a valid FEIN with 9 digits.", true)): null

2024-03-08 00:12:31 - [MESSAGE][PASSED] - Text 'Please enter a valid FEIN with 9 digits.' is present on page  using regular expression

2024-03-08 00:12:31 - [TEST_STEP][PASSED] - println("Error Message is present on the page"): null

2024-03-08 00:12:31 - [TEST_STEP][PASSED] - out.println("Pass Record Number: " + row): null

2024-03-08 00:12:31 - [TEST_STEP][PASSED] - resText = "Pass": null

2024-03-08 00:12:31 - [TEST_STEP][PASSED] - pages.WriteExcel.demoKey(resText, datText, resColumn, datCloumn, fileLoc, nameSheet, row): pages.WriteExcel.demoKey is PASSED

2024-03-08 00:12:31 - [MESSAGE][PASSED] - pages.WriteExcel.demoKey is PASSED

2024-03-08 00:12:31 - [TEST_STEP][PASSED] - ExecuteTC = findTestData(dataFile).getValue("Execute", row): null

2024-03-08 00:12:31 - [TEST_STEP][PASSED] - Taxtype = findTestData(dataFile).getValue("TaxType", row): null

2024-03-08 00:12:31 - [TEST_STEP][PASSED] - Paymenttype = findTestData(dataFile).getValue("PaymentType", row): null

2024-03-08 00:12:31 - [TEST_STEP][PASSED] - feinSsn = findTestData(dataFile).getValue("FEINSSN", row): null

2024-03-08 00:12:31 - [TEST_STEP][PASSED] - out.println("Value of Execute is : " + ExecuteTC): null

2024-03-08 00:12:31 - [TEST_STEP][PASSED] - if (ExecuteTC.equalsIgnoreCase("Y")): null

2024-03-08 00:12:31 - [TEST_STEP][PASSED] - out.println("Begin Record Number: " + row): null

2024-03-08 00:12:31 - [TEST_STEP][PASSED] - today = new java.util.Date(): null

2024-03-08 00:12:31 - [TEST_STEP][PASSED] - println(today): null

2024-03-08 00:12:31 - [TEST_STEP][PASSED] - datText = today: null

2024-03-08 00:12:31 - [TEST_STEP][PASSED] - Taxtype = findTestData(dataFile).getValue("TaxType", row): null

2024-03-08 00:12:31 - [TEST_STEP][PASSED] - out.println("Taxtype value is : " + Taxtype): null

2024-03-08 00:12:31 - [TEST_STEP][PASSED] - openBrowser(""): Browser is opened with url: ''

2024-03-08 00:12:31 - [MESSAGE][WARNING] - A browser is already opened. Closing browser and opening a new one

2024-03-08 00:12:47 - [MESSAGE][INFO] - Starting 'Chrome' driver

2024-03-08 00:12:47 - [MESSAGE][INFO] - User set preference: ['acceptInsecureCerts', 'true']

2024-03-08 00:12:47 - [MESSAGE][INFO] - Action delay is set to 0 milliseconds

2024-03-08 00:12:49 - [MESSAGE][PASSED] - Browser is opened with url: ''

2024-03-08 00:12:49 - [TEST_STEP][PASSED] - maximizeWindow(): Current window maximized

2024-03-08 00:12:49 - [MESSAGE][PASSED] - Current window maximized

2024-03-08 00:12:49 - [TEST_STEP][PASSED] - navigateToUrl(RADurl): Navigate to 'https://qa2.velocitypayment.com/client/rad/index.html' successfully

2024-03-08 00:12:57 - [MESSAGE][PASSED] - Navigate to 'https://qa2.velocitypayment.com/client/rad/index.html' successfully

2024-03-08 00:12:57 - [TEST_STEP][PASSED] - orPath_Landing = "Object Repository/RAD_Pages/Landing_Page": null

2024-03-08 00:12:57 - [TEST_STEP][PASSED] - orPath_TaxTypeFilingYear = "Object Repository/RAD_Pages/TaxTypeFilingYear_Page": null

2024-03-08 00:12:57 - [TEST_STEP][PASSED] - orPath_TaxPayer = "Object Repository/RAD_Pages/Taxpayer_Page": null

2024-03-08 00:12:57 - [TEST_STEP][PASSED] - orPath_AddressContact = "Object Repository/RAD_Pages/AddressAndContactInfo_Page": null

2024-03-08 00:12:57 - [TEST_STEP][PASSED] - orPath_FilingStatus = "Object Repository/RAD_Pages/FilingStatus_Page": null

2024-03-08 00:12:57 - [TEST_STEP][PASSED] - orPath_Amount = "Object Repository/RAD_Pages/PaymentAmount_Page": null

2024-03-08 00:12:57 - [TEST_STEP][PASSED] - orPath_TaxInfo = "Object Repository/RAD_Pages/TaxInfo_Page": null

2024-03-08 00:12:57 - [TEST_STEP][PASSED] - orPath_Withholding = "Object Repository/RAD_Pages/Withholding_Page": null

2024-03-08 00:12:57 - [TEST_STEP][PASSED] - orPath_Summary = "Object Repository/RAD_Pages/Summary_Page": null

2024-03-08 00:12:57 - [TEST_STEP][PASSED] - orPath_PaymentReady = "Object Repository/RAD_Pages/PaymentReady_Page": null

2024-03-08 00:12:57 - [TEST_STEP][PASSED] - orPath_PaymentEntry = "Object Repository/RAD_Pages/PaymentEntry_Page": null

2024-03-08 00:12:57 - [TEST_STEP][PASSED] - orPath_PaymentConfirmation = "Object Repository/RAD_Pages/PaymentConfirmation_Page": null

2024-03-08 00:12:57 - [TEST_STEP][PASSED] - orPath_ServiceFeesAccept = "Object Repository/RAD_Pages/ServiceFeeAccept_Page": null

2024-03-08 00:12:57 - [TEST_STEP][PASSED] - selectOptionByLabel(findTestObject(orPath_Landing + "/dd_TaxType"), Paymenttype, false): All options with label 'New Tax Return Amount Due' are selected in object 'Object Repository/RAD_Pages/Landing_Page/dd_TaxType' 

2024-03-08 00:12:57 - [MESSAGE][PASSED] - All options with label 'New Tax Return Amount Due' are selected in object 'Object Repository/RAD_Pages/Landing_Page/dd_TaxType' 

2024-03-08 00:12:57 - [TEST_STEP][PASSED] - delay(1): Delayed 1 second(s)

2024-03-08 00:12:58 - [MESSAGE][PASSED] - Delayed 1 second(s)

2024-03-08 00:12:58 - [TEST_STEP][PASSED] - switch (Paymenttype): null

2024-03-08 00:12:58 - [TEST_STEP][PASSED] - case "New Tax Return Amount Due":: null

2024-03-08 00:12:58 - [TEST_STEP][PASSED] - selectOptionByLabel(findTestObject("Object Repository/RAD_Pages/Landing_Page/select_NewTaxReturnAmountDue_TaxType"), Taxtype, false): All options with label 'Tire Recycling Fee' are selected in object 'Object Repository/RAD_Pages/Landing_Page/select_NewTaxReturnAmountDue_TaxType' 

2024-03-08 00:12:59 - [MESSAGE][PASSED] - All options with label 'Tire Recycling Fee' are selected in object 'Object Repository/RAD_Pages/Landing_Page/select_NewTaxReturnAmountDue_TaxType' 

2024-03-08 00:12:59 - [TEST_STEP][PASSED] - break: null

2024-03-08 00:12:59 - [TEST_STEP][PASSED] - delay(1): Delayed 1 second(s)

2024-03-08 00:13:00 - [MESSAGE][PASSED] - Delayed 1 second(s)

2024-03-08 00:13:00 - [TEST_STEP][PASSED] - switch (Paymenttype): null

2024-03-08 00:13:00 - [TEST_STEP][PASSED] - case "New Tax Return Amount Due":: null

2024-03-08 00:13:00 - [TEST_STEP][PASSED] - if (feinSsn.equalsIgnoreCase("Y")): null

2024-03-08 00:13:00 - [TEST_STEP][PASSED] - else: Text ****** has been set on object 'Object Repository/RAD_Pages/TaxInfo_Page/input_FederalEIN_ReEnter-2'

2024-03-08 00:13:00 - [TEST_STEP][PASSED] - setEncryptedText(findTestObject(orPath_TaxInfo + "/input_FederalEIN-2"), "iGDxf8hSRT4="): Text ****** has been set on object 'Object Repository/RAD_Pages/TaxInfo_Page/input_FederalEIN-2'

2024-03-08 00:13:00 - [MESSAGE][PASSED] - Text ****** has been set on object 'Object Repository/RAD_Pages/TaxInfo_Page/input_FederalEIN-2'

2024-03-08 00:13:00 - [TEST_STEP][PASSED] - setEncryptedText(findTestObject(orPath_TaxInfo + "/input_FederalEIN_ReEnter-2"), ""): Text ****** has been set on object 'Object Repository/RAD_Pages/TaxInfo_Page/input_FederalEIN_ReEnter-2'

2024-03-08 00:13:01 - [MESSAGE][PASSED] - Text ****** has been set on object 'Object Repository/RAD_Pages/TaxInfo_Page/input_FederalEIN_ReEnter-2'

2024-03-08 00:13:01 - [TEST_STEP][PASSED] - break: null

2024-03-08 00:13:01 - [TEST_STEP][PASSED] - if (feinSsn.equalsIgnoreCase("Y")): null

2024-03-08 00:13:01 - [TEST_STEP][PASSED] - else: null

2024-03-08 00:13:01 - [TEST_STEP][PASSED] - if (verifyTextPresent("Please enter a valid FEIN with 9 digits.", true)): null

2024-03-08 00:13:02 - [MESSAGE][PASSED] - Text 'Please enter a valid FEIN with 9 digits.' is present on page  using regular expression

2024-03-08 00:13:02 - [TEST_STEP][PASSED] - println("Error Message is present on the page"): null

2024-03-08 00:13:02 - [TEST_STEP][PASSED] - out.println("Pass Record Number: " + row): null

2024-03-08 00:13:02 - [TEST_STEP][PASSED] - resText = "Pass": null

2024-03-08 00:13:02 - [TEST_STEP][PASSED] - pages.WriteExcel.demoKey(resText, datText, resColumn, datCloumn, fileLoc, nameSheet, row): pages.WriteExcel.demoKey is PASSED

2024-03-08 00:13:02 - [MESSAGE][PASSED] - pages.WriteExcel.demoKey is PASSED

2024-03-08 00:13:02 - [TEST_STEP][PASSED] - ExecuteTC = findTestData(dataFile).getValue("Execute", row): null

2024-03-08 00:13:02 - [TEST_STEP][PASSED] - Taxtype = findTestData(dataFile).getValue("TaxType", row): null

2024-03-08 00:13:02 - [TEST_STEP][PASSED] - Paymenttype = findTestData(dataFile).getValue("PaymentType", row): null

2024-03-08 00:13:02 - [TEST_STEP][PASSED] - feinSsn = findTestData(dataFile).getValue("FEINSSN", row): null

2024-03-08 00:13:02 - [TEST_STEP][PASSED] - out.println("Value of Execute is : " + ExecuteTC): null

2024-03-08 00:13:02 - [TEST_STEP][PASSED] - if (ExecuteTC.equalsIgnoreCase("Y")): null

2024-03-08 00:13:02 - [TEST_STEP][PASSED] - out.println("Begin Record Number: " + row): null

2024-03-08 00:13:02 - [TEST_STEP][PASSED] - today = new java.util.Date(): null

2024-03-08 00:13:02 - [TEST_STEP][PASSED] - println(today): null

2024-03-08 00:13:02 - [TEST_STEP][PASSED] - datText = today: null

2024-03-08 00:13:02 - [TEST_STEP][PASSED] - Taxtype = findTestData(dataFile).getValue("TaxType", row): null

2024-03-08 00:13:02 - [TEST_STEP][PASSED] - out.println("Taxtype value is : " + Taxtype): null

2024-03-08 00:13:02 - [TEST_STEP][PASSED] - openBrowser(""): Browser is opened with url: ''

2024-03-08 00:13:02 - [MESSAGE][WARNING] - A browser is already opened. Closing browser and opening a new one

2024-03-08 00:13:30 - [MESSAGE][INFO] - Starting 'Chrome' driver

2024-03-08 00:13:30 - [MESSAGE][INFO] - User set preference: ['acceptInsecureCerts', 'true']

2024-03-08 00:13:30 - [MESSAGE][INFO] - Action delay is set to 0 milliseconds

2024-03-08 00:13:31 - [MESSAGE][PASSED] - Browser is opened with url: ''

2024-03-08 00:13:31 - [TEST_STEP][PASSED] - maximizeWindow(): Current window maximized

2024-03-08 00:13:31 - [MESSAGE][PASSED] - Current window maximized

2024-03-08 00:13:31 - [TEST_STEP][PASSED] - navigateToUrl(RADurl): Navigate to 'https://qa2.velocitypayment.com/client/rad/index.html' successfully

2024-03-08 00:13:39 - [MESSAGE][PASSED] - Navigate to 'https://qa2.velocitypayment.com/client/rad/index.html' successfully

2024-03-08 00:13:39 - [TEST_STEP][PASSED] - orPath_Landing = "Object Repository/RAD_Pages/Landing_Page": null

2024-03-08 00:13:39 - [TEST_STEP][PASSED] - orPath_TaxTypeFilingYear = "Object Repository/RAD_Pages/TaxTypeFilingYear_Page": null

2024-03-08 00:13:39 - [TEST_STEP][PASSED] - orPath_TaxPayer = "Object Repository/RAD_Pages/Taxpayer_Page": null

2024-03-08 00:13:39 - [TEST_STEP][PASSED] - orPath_AddressContact = "Object Repository/RAD_Pages/AddressAndContactInfo_Page": null

2024-03-08 00:13:39 - [TEST_STEP][PASSED] - orPath_FilingStatus = "Object Repository/RAD_Pages/FilingStatus_Page": null

2024-03-08 00:13:39 - [TEST_STEP][PASSED] - orPath_Amount = "Object Repository/RAD_Pages/PaymentAmount_Page": null

2024-03-08 00:13:39 - [TEST_STEP][PASSED] - orPath_TaxInfo = "Object Repository/RAD_Pages/TaxInfo_Page": null

2024-03-08 00:13:39 - [TEST_STEP][PASSED] - orPath_Withholding = "Object Repository/RAD_Pages/Withholding_Page": null

2024-03-08 00:13:39 - [TEST_STEP][PASSED] - orPath_Summary = "Object Repository/RAD_Pages/Summary_Page": null

2024-03-08 00:13:39 - [TEST_STEP][PASSED] - orPath_PaymentReady = "Object Repository/RAD_Pages/PaymentReady_Page": null

2024-03-08 00:13:39 - [TEST_STEP][PASSED] - orPath_PaymentEntry = "Object Repository/RAD_Pages/PaymentEntry_Page": null

2024-03-08 00:13:39 - [TEST_STEP][PASSED] - orPath_PaymentConfirmation = "Object Repository/RAD_Pages/PaymentConfirmation_Page": null

2024-03-08 00:13:39 - [TEST_STEP][PASSED] - orPath_ServiceFeesAccept = "Object Repository/RAD_Pages/ServiceFeeAccept_Page": null

2024-03-08 00:13:39 - [TEST_STEP][PASSED] - selectOptionByLabel(findTestObject(orPath_Landing + "/dd_TaxType"), Paymenttype, false): All options with label 'New Tax Return Amount Due' are selected in object 'Object Repository/RAD_Pages/Landing_Page/dd_TaxType' 

2024-03-08 00:13:40 - [MESSAGE][PASSED] - All options with label 'New Tax Return Amount Due' are selected in object 'Object Repository/RAD_Pages/Landing_Page/dd_TaxType' 

2024-03-08 00:13:40 - [TEST_STEP][PASSED] - delay(1): Delayed 1 second(s)

2024-03-08 00:13:41 - [MESSAGE][PASSED] - Delayed 1 second(s)

2024-03-08 00:13:41 - [TEST_STEP][PASSED] - switch (Paymenttype): null

2024-03-08 00:13:41 - [TEST_STEP][PASSED] - case "New Tax Return Amount Due":: null

2024-03-08 00:13:41 - [TEST_STEP][PASSED] - selectOptionByLabel(findTestObject("Object Repository/RAD_Pages/Landing_Page/select_NewTaxReturnAmountDue_TaxType"), Taxtype, false): All options with label 'Tobacco Tax' are selected in object 'Object Repository/RAD_Pages/Landing_Page/select_NewTaxReturnAmountDue_TaxType' 

2024-03-08 00:13:42 - [MESSAGE][PASSED] - All options with label 'Tobacco Tax' are selected in object 'Object Repository/RAD_Pages/Landing_Page/select_NewTaxReturnAmountDue_TaxType' 

2024-03-08 00:13:42 - [TEST_STEP][PASSED] - break: null

2024-03-08 00:13:42 - [TEST_STEP][PASSED] - delay(1): Delayed 1 second(s)

2024-03-08 00:13:43 - [MESSAGE][PASSED] - Delayed 1 second(s)

2024-03-08 00:13:43 - [TEST_STEP][PASSED] - switch (Paymenttype): null

2024-03-08 00:13:43 - [TEST_STEP][PASSED] - case "New Tax Return Amount Due":: null

2024-03-08 00:13:43 - [TEST_STEP][PASSED] - if (feinSsn.equalsIgnoreCase("Y")): Text ****** has been set on object 'Object Repository/RAD_Pages/TaxInfo_Page/input_TaxInfo_RetypeFeinSsn_New_2'

2024-03-08 00:13:43 - [TEST_STEP][PASSED] - setEncryptedText(findTestObject(orPath_TaxInfo + "//input_TaxInfo_FeinSsn_New_2"), "iGDxf8hSRT4="): Text ****** has been set on object 'Object Repository/RAD_Pages/TaxInfo_Page//input_TaxInfo_FeinSsn_New_2'

2024-03-08 00:13:43 - [MESSAGE][PASSED] - Text ****** has been set on object 'Object Repository/RAD_Pages/TaxInfo_Page//input_TaxInfo_FeinSsn_New_2'

2024-03-08 00:13:43 - [TEST_STEP][PASSED] - setEncryptedText(findTestObject(orPath_TaxInfo + "/input_TaxInfo_RetypeFeinSsn_New_2"), ""): Text ****** has been set on object 'Object Repository/RAD_Pages/TaxInfo_Page/input_TaxInfo_RetypeFeinSsn_New_2'

2024-03-08 00:13:44 - [MESSAGE][PASSED] - Text ****** has been set on object 'Object Repository/RAD_Pages/TaxInfo_Page/input_TaxInfo_RetypeFeinSsn_New_2'

2024-03-08 00:13:44 - [TEST_STEP][PASSED] - break: null

2024-03-08 00:13:44 - [TEST_STEP][PASSED] - if (feinSsn.equalsIgnoreCase("Y")): null

2024-03-08 00:13:44 - [TEST_STEP][PASSED] - if (verifyTextPresent("Please enter a valid FEIN/SSN with 9 digits", true)): null

2024-03-08 00:13:44 - [MESSAGE][PASSED] - Text 'Please enter a valid FEIN/SSN with 9 digits' is present on page  using regular expression

2024-03-08 00:13:44 - [TEST_STEP][PASSED] - println("Error Message is present on the page"): null

2024-03-08 00:13:44 - [TEST_STEP][PASSED] - out.println("Pass Record Number: " + row): null

2024-03-08 00:13:44 - [TEST_STEP][PASSED] - resText = "Pass": null

2024-03-08 00:13:44 - [TEST_STEP][PASSED] - pages.WriteExcel.demoKey(resText, datText, resColumn, datCloumn, fileLoc, nameSheet, row): pages.WriteExcel.demoKey is PASSED

2024-03-08 00:13:44 - [MESSAGE][PASSED] - pages.WriteExcel.demoKey is PASSED

2024-03-08 00:13:44 - [TEST_STEP][PASSED] - ExecuteTC = findTestData(dataFile).getValue("Execute", row): null

2024-03-08 00:13:45 - [TEST_STEP][PASSED] - Taxtype = findTestData(dataFile).getValue("TaxType", row): null

2024-03-08 00:13:45 - [TEST_STEP][PASSED] - Paymenttype = findTestData(dataFile).getValue("PaymentType", row): null

2024-03-08 00:13:45 - [TEST_STEP][PASSED] - feinSsn = findTestData(dataFile).getValue("FEINSSN", row): null

2024-03-08 00:13:45 - [TEST_STEP][PASSED] - out.println("Value of Execute is : " + ExecuteTC): null

2024-03-08 00:13:45 - [TEST_STEP][PASSED] - if (ExecuteTC.equalsIgnoreCase("Y")): null

2024-03-08 00:13:45 - [TEST_STEP][PASSED] - out.println("Begin Record Number: " + row): null

2024-03-08 00:13:45 - [TEST_STEP][PASSED] - today = new java.util.Date(): null

2024-03-08 00:13:45 - [TEST_STEP][PASSED] - println(today): null

2024-03-08 00:13:45 - [TEST_STEP][PASSED] - datText = today: null

2024-03-08 00:13:45 - [TEST_STEP][PASSED] - Taxtype = findTestData(dataFile).getValue("TaxType", row): null

2024-03-08 00:13:45 - [TEST_STEP][PASSED] - out.println("Taxtype value is : " + Taxtype): null

2024-03-08 00:13:45 - [TEST_STEP][PASSED] - openBrowser(""): Browser is opened with url: ''

2024-03-08 00:13:45 - [MESSAGE][WARNING] - A browser is already opened. Closing browser and opening a new one

2024-03-08 00:14:07 - [MESSAGE][INFO] - Starting 'Chrome' driver

2024-03-08 00:14:07 - [MESSAGE][INFO] - User set preference: ['acceptInsecureCerts', 'true']

2024-03-08 00:14:07 - [MESSAGE][INFO] - Action delay is set to 0 milliseconds

2024-03-08 00:14:08 - [MESSAGE][PASSED] - Browser is opened with url: ''

2024-03-08 00:14:08 - [TEST_STEP][PASSED] - maximizeWindow(): Current window maximized

2024-03-08 00:14:08 - [MESSAGE][PASSED] - Current window maximized

2024-03-08 00:14:08 - [TEST_STEP][PASSED] - navigateToUrl(RADurl): Navigate to 'https://qa2.velocitypayment.com/client/rad/index.html' successfully

2024-03-08 00:14:21 - [MESSAGE][PASSED] - Navigate to 'https://qa2.velocitypayment.com/client/rad/index.html' successfully

2024-03-08 00:14:21 - [TEST_STEP][PASSED] - orPath_Landing = "Object Repository/RAD_Pages/Landing_Page": null

2024-03-08 00:14:21 - [TEST_STEP][PASSED] - orPath_TaxTypeFilingYear = "Object Repository/RAD_Pages/TaxTypeFilingYear_Page": null

2024-03-08 00:14:21 - [TEST_STEP][PASSED] - orPath_TaxPayer = "Object Repository/RAD_Pages/Taxpayer_Page": null

2024-03-08 00:14:21 - [TEST_STEP][PASSED] - orPath_AddressContact = "Object Repository/RAD_Pages/AddressAndContactInfo_Page": null

2024-03-08 00:14:21 - [TEST_STEP][PASSED] - orPath_FilingStatus = "Object Repository/RAD_Pages/FilingStatus_Page": null

2024-03-08 00:14:21 - [TEST_STEP][PASSED] - orPath_Amount = "Object Repository/RAD_Pages/PaymentAmount_Page": null

2024-03-08 00:14:21 - [TEST_STEP][PASSED] - orPath_TaxInfo = "Object Repository/RAD_Pages/TaxInfo_Page": null

2024-03-08 00:14:21 - [TEST_STEP][PASSED] - orPath_Withholding = "Object Repository/RAD_Pages/Withholding_Page": null

2024-03-08 00:14:21 - [TEST_STEP][PASSED] - orPath_Summary = "Object Repository/RAD_Pages/Summary_Page": null

2024-03-08 00:14:21 - [TEST_STEP][PASSED] - orPath_PaymentReady = "Object Repository/RAD_Pages/PaymentReady_Page": null

2024-03-08 00:14:21 - [TEST_STEP][PASSED] - orPath_PaymentEntry = "Object Repository/RAD_Pages/PaymentEntry_Page": null

2024-03-08 00:14:21 - [TEST_STEP][PASSED] - orPath_PaymentConfirmation = "Object Repository/RAD_Pages/PaymentConfirmation_Page": null

2024-03-08 00:14:21 - [TEST_STEP][PASSED] - orPath_ServiceFeesAccept = "Object Repository/RAD_Pages/ServiceFeeAccept_Page": null

2024-03-08 00:14:21 - [TEST_STEP][PASSED] - selectOptionByLabel(findTestObject(orPath_Landing + "/dd_TaxType"), Paymenttype, false): All options with label 'New Tax Return Amount Due' are selected in object 'Object Repository/RAD_Pages/Landing_Page/dd_TaxType' 

2024-03-08 00:14:22 - [MESSAGE][PASSED] - All options with label 'New Tax Return Amount Due' are selected in object 'Object Repository/RAD_Pages/Landing_Page/dd_TaxType' 

2024-03-08 00:14:22 - [TEST_STEP][PASSED] - delay(1): Delayed 1 second(s)

2024-03-08 00:14:23 - [MESSAGE][PASSED] - Delayed 1 second(s)

2024-03-08 00:14:23 - [TEST_STEP][PASSED] - switch (Paymenttype): null

2024-03-08 00:14:23 - [TEST_STEP][PASSED] - case "New Tax Return Amount Due":: null

2024-03-08 00:14:23 - [TEST_STEP][PASSED] - selectOptionByLabel(findTestObject("Object Repository/RAD_Pages/Landing_Page/select_NewTaxReturnAmountDue_TaxType"), Taxtype, false): All options with label 'Transportation Network Services' are selected in object 'Object Repository/RAD_Pages/Landing_Page/select_NewTaxReturnAmountDue_TaxType' 

2024-03-08 00:14:23 - [MESSAGE][PASSED] - All options with label 'Transportation Network Services' are selected in object 'Object Repository/RAD_Pages/Landing_Page/select_NewTaxReturnAmountDue_TaxType' 

2024-03-08 00:14:23 - [TEST_STEP][PASSED] - break: null

2024-03-08 00:14:23 - [TEST_STEP][PASSED] - delay(1): Delayed 1 second(s)

2024-03-08 00:14:24 - [MESSAGE][PASSED] - Delayed 1 second(s)

2024-03-08 00:14:24 - [TEST_STEP][PASSED] - switch (Paymenttype): null

2024-03-08 00:14:24 - [TEST_STEP][PASSED] - case "New Tax Return Amount Due":: null

2024-03-08 00:14:24 - [TEST_STEP][PASSED] - if (feinSsn.equalsIgnoreCase("Y")): null

2024-03-08 00:14:24 - [TEST_STEP][PASSED] - else: Text ****** has been set on object 'Object Repository/RAD_Pages/TaxInfo_Page/input_FederalEIN_ReEnter-2'

2024-03-08 00:14:24 - [TEST_STEP][PASSED] - setEncryptedText(findTestObject(orPath_TaxInfo + "/input_FederalEIN-2"), "iGDxf8hSRT4="): Text ****** has been set on object 'Object Repository/RAD_Pages/TaxInfo_Page/input_FederalEIN-2'

2024-03-08 00:14:25 - [MESSAGE][PASSED] - Text ****** has been set on object 'Object Repository/RAD_Pages/TaxInfo_Page/input_FederalEIN-2'

2024-03-08 00:14:25 - [TEST_STEP][PASSED] - setEncryptedText(findTestObject(orPath_TaxInfo + "/input_FederalEIN_ReEnter-2"), ""): Text ****** has been set on object 'Object Repository/RAD_Pages/TaxInfo_Page/input_FederalEIN_ReEnter-2'

2024-03-08 00:14:25 - [MESSAGE][PASSED] - Text ****** has been set on object 'Object Repository/RAD_Pages/TaxInfo_Page/input_FederalEIN_ReEnter-2'

2024-03-08 00:14:25 - [TEST_STEP][PASSED] - break: null

2024-03-08 00:14:25 - [TEST_STEP][PASSED] - if (feinSsn.equalsIgnoreCase("Y")): null

2024-03-08 00:14:25 - [TEST_STEP][PASSED] - else: null

2024-03-08 00:14:25 - [TEST_STEP][PASSED] - if (verifyTextPresent("Please enter a valid FEIN with 9 digits.", true)): null

2024-03-08 00:14:26 - [MESSAGE][PASSED] - Text 'Please enter a valid FEIN with 9 digits.' is present on page  using regular expression

2024-03-08 00:14:26 - [TEST_STEP][PASSED] - println("Error Message is present on the page"): null

2024-03-08 00:14:26 - [TEST_STEP][PASSED] - out.println("Pass Record Number: " + row): null

2024-03-08 00:14:26 - [TEST_STEP][PASSED] - resText = "Pass": null

2024-03-08 00:14:26 - [TEST_STEP][PASSED] - pages.WriteExcel.demoKey(resText, datText, resColumn, datCloumn, fileLoc, nameSheet, row): pages.WriteExcel.demoKey is PASSED

2024-03-08 00:14:26 - [MESSAGE][PASSED] - pages.WriteExcel.demoKey is PASSED

2024-03-08 00:14:26 - [TEST_STEP][PASSED] - ExecuteTC = findTestData(dataFile).getValue("Execute", row): null

2024-03-08 00:14:26 - [TEST_STEP][PASSED] - Taxtype = findTestData(dataFile).getValue("TaxType", row): null

2024-03-08 00:14:26 - [TEST_STEP][PASSED] - Paymenttype = findTestData(dataFile).getValue("PaymentType", row): null

2024-03-08 00:14:26 - [TEST_STEP][PASSED] - feinSsn = findTestData(dataFile).getValue("FEINSSN", row): null

2024-03-08 00:14:26 - [TEST_STEP][PASSED] - out.println("Value of Execute is : " + ExecuteTC): null

2024-03-08 00:14:26 - [TEST_STEP][PASSED] - if (ExecuteTC.equalsIgnoreCase("Y")): null

2024-03-08 00:14:26 - [TEST_STEP][PASSED] - out.println("Begin Record Number: " + row): null

2024-03-08 00:14:26 - [TEST_STEP][PASSED] - today = new java.util.Date(): null

2024-03-08 00:14:26 - [TEST_STEP][PASSED] - println(today): null

2024-03-08 00:14:26 - [TEST_STEP][PASSED] - datText = today: null

2024-03-08 00:14:26 - [TEST_STEP][PASSED] - Taxtype = findTestData(dataFile).getValue("TaxType", row): null

2024-03-08 00:14:26 - [TEST_STEP][PASSED] - out.println("Taxtype value is : " + Taxtype): null

2024-03-08 00:14:26 - [TEST_STEP][PASSED] - openBrowser(""): Browser is opened with url: ''

2024-03-08 00:14:26 - [MESSAGE][WARNING] - A browser is already opened. Closing browser and opening a new one

2024-03-08 00:14:48 - [MESSAGE][INFO] - Starting 'Chrome' driver

2024-03-08 00:14:48 - [MESSAGE][INFO] - User set preference: ['acceptInsecureCerts', 'true']

2024-03-08 00:14:48 - [MESSAGE][INFO] - Action delay is set to 0 milliseconds

2024-03-08 00:14:49 - [MESSAGE][PASSED] - Browser is opened with url: ''

2024-03-08 00:14:49 - [TEST_STEP][PASSED] - maximizeWindow(): Current window maximized

2024-03-08 00:14:50 - [MESSAGE][PASSED] - Current window maximized

2024-03-08 00:14:50 - [TEST_STEP][PASSED] - navigateToUrl(RADurl): Navigate to 'https://qa2.velocitypayment.com/client/rad/index.html' successfully

2024-03-08 00:14:51 - [MESSAGE][PASSED] - Navigate to 'https://qa2.velocitypayment.com/client/rad/index.html' successfully

2024-03-08 00:14:51 - [TEST_STEP][PASSED] - orPath_Landing = "Object Repository/RAD_Pages/Landing_Page": null

2024-03-08 00:14:51 - [TEST_STEP][PASSED] - orPath_TaxTypeFilingYear = "Object Repository/RAD_Pages/TaxTypeFilingYear_Page": null

2024-03-08 00:14:51 - [TEST_STEP][PASSED] - orPath_TaxPayer = "Object Repository/RAD_Pages/Taxpayer_Page": null

2024-03-08 00:14:51 - [TEST_STEP][PASSED] - orPath_AddressContact = "Object Repository/RAD_Pages/AddressAndContactInfo_Page": null

2024-03-08 00:14:51 - [TEST_STEP][PASSED] - orPath_FilingStatus = "Object Repository/RAD_Pages/FilingStatus_Page": null

2024-03-08 00:14:51 - [TEST_STEP][PASSED] - orPath_Amount = "Object Repository/RAD_Pages/PaymentAmount_Page": null

2024-03-08 00:14:51 - [TEST_STEP][PASSED] - orPath_TaxInfo = "Object Repository/RAD_Pages/TaxInfo_Page": null

2024-03-08 00:14:51 - [TEST_STEP][PASSED] - orPath_Withholding = "Object Repository/RAD_Pages/Withholding_Page": null

2024-03-08 00:14:51 - [TEST_STEP][PASSED] - orPath_Summary = "Object Repository/RAD_Pages/Summary_Page": null

2024-03-08 00:14:51 - [TEST_STEP][PASSED] - orPath_PaymentReady = "Object Repository/RAD_Pages/PaymentReady_Page": null

2024-03-08 00:14:51 - [TEST_STEP][PASSED] - orPath_PaymentEntry = "Object Repository/RAD_Pages/PaymentEntry_Page": null

2024-03-08 00:14:51 - [TEST_STEP][PASSED] - orPath_PaymentConfirmation = "Object Repository/RAD_Pages/PaymentConfirmation_Page": null

2024-03-08 00:14:51 - [TEST_STEP][PASSED] - orPath_ServiceFeesAccept = "Object Repository/RAD_Pages/ServiceFeeAccept_Page": null

2024-03-08 00:14:51 - [TEST_STEP][PASSED] - selectOptionByLabel(findTestObject(orPath_Landing + "/dd_TaxType"), Paymenttype, false): All options with label 'New Tax Return Amount Due' are selected in object 'Object Repository/RAD_Pages/Landing_Page/dd_TaxType' 

2024-03-08 00:14:52 - [MESSAGE][PASSED] - All options with label 'New Tax Return Amount Due' are selected in object 'Object Repository/RAD_Pages/Landing_Page/dd_TaxType' 

2024-03-08 00:14:52 - [TEST_STEP][PASSED] - delay(1): Delayed 1 second(s)

2024-03-08 00:14:53 - [MESSAGE][PASSED] - Delayed 1 second(s)

2024-03-08 00:14:53 - [TEST_STEP][PASSED] - switch (Paymenttype): null

2024-03-08 00:14:53 - [TEST_STEP][PASSED] - case "New Tax Return Amount Due":: null

2024-03-08 00:14:53 - [TEST_STEP][PASSED] - selectOptionByLabel(findTestObject("Object Repository/RAD_Pages/Landing_Page/select_NewTaxReturnAmountDue_TaxType"), Taxtype, false): All options with label 'Unclaimed Property' are selected in object 'Object Repository/RAD_Pages/Landing_Page/select_NewTaxReturnAmountDue_TaxType' 

2024-03-08 00:14:54 - [MESSAGE][PASSED] - All options with label 'Unclaimed Property' are selected in object 'Object Repository/RAD_Pages/Landing_Page/select_NewTaxReturnAmountDue_TaxType' 

2024-03-08 00:14:54 - [TEST_STEP][PASSED] - break: null

2024-03-08 00:14:54 - [TEST_STEP][PASSED] - delay(1): Delayed 1 second(s)

2024-03-08 00:14:55 - [MESSAGE][PASSED] - Delayed 1 second(s)

2024-03-08 00:14:55 - [TEST_STEP][PASSED] - switch (Paymenttype): null

2024-03-08 00:14:55 - [TEST_STEP][PASSED] - case "New Tax Return Amount Due":: null

2024-03-08 00:14:55 - [TEST_STEP][PASSED] - if (feinSsn.equalsIgnoreCase("Y")): null

2024-03-08 00:14:55 - [TEST_STEP][PASSED] - else: Text ****** has been set on object 'Object Repository/RAD_Pages/TaxInfo_Page/input_FederalEIN_ReEnter-2'

2024-03-08 00:14:55 - [TEST_STEP][PASSED] - setEncryptedText(findTestObject(orPath_TaxInfo + "/input_FederalEIN-2"), "iGDxf8hSRT4="): Text ****** has been set on object 'Object Repository/RAD_Pages/TaxInfo_Page/input_FederalEIN-2'

2024-03-08 00:14:55 - [MESSAGE][PASSED] - Text ****** has been set on object 'Object Repository/RAD_Pages/TaxInfo_Page/input_FederalEIN-2'

2024-03-08 00:14:55 - [TEST_STEP][PASSED] - setEncryptedText(findTestObject(orPath_TaxInfo + "/input_FederalEIN_ReEnter-2"), ""): Text ****** has been set on object 'Object Repository/RAD_Pages/TaxInfo_Page/input_FederalEIN_ReEnter-2'

2024-03-08 00:14:56 - [MESSAGE][PASSED] - Text ****** has been set on object 'Object Repository/RAD_Pages/TaxInfo_Page/input_FederalEIN_ReEnter-2'

2024-03-08 00:14:56 - [TEST_STEP][PASSED] - break: null

2024-03-08 00:14:56 - [TEST_STEP][PASSED] - if (feinSsn.equalsIgnoreCase("Y")): null

2024-03-08 00:14:56 - [TEST_STEP][PASSED] - else: null

2024-03-08 00:14:56 - [TEST_STEP][PASSED] - if (verifyTextPresent("Please enter a valid FEIN with 9 digits.", true)): null

2024-03-08 00:14:56 - [MESSAGE][PASSED] - Text 'Please enter a valid FEIN with 9 digits.' is present on page  using regular expression

2024-03-08 00:14:56 - [TEST_STEP][PASSED] - println("Error Message is present on the page"): null

2024-03-08 00:14:56 - [TEST_STEP][PASSED] - out.println("Pass Record Number: " + row): null

2024-03-08 00:14:56 - [TEST_STEP][PASSED] - resText = "Pass": null

2024-03-08 00:14:56 - [TEST_STEP][PASSED] - pages.WriteExcel.demoKey(resText, datText, resColumn, datCloumn, fileLoc, nameSheet, row): pages.WriteExcel.demoKey is PASSED

2024-03-08 00:14:57 - [MESSAGE][PASSED] - pages.WriteExcel.demoKey is PASSED

2024-03-08 00:14:57 - [TEST_STEP][PASSED] - ExecuteTC = findTestData(dataFile).getValue("Execute", row): null

2024-03-08 00:14:57 - [TEST_STEP][PASSED] - Taxtype = findTestData(dataFile).getValue("TaxType", row): null

2024-03-08 00:14:57 - [TEST_STEP][PASSED] - Paymenttype = findTestData(dataFile).getValue("PaymentType", row): null

2024-03-08 00:14:57 - [TEST_STEP][PASSED] - feinSsn = findTestData(dataFile).getValue("FEINSSN", row): null

2024-03-08 00:14:57 - [TEST_STEP][PASSED] - out.println("Value of Execute is : " + ExecuteTC): null

2024-03-08 00:14:57 - [TEST_STEP][PASSED] - if (ExecuteTC.equalsIgnoreCase("Y")): null

2024-03-08 00:14:57 - [TEST_STEP][PASSED] - out.println("Begin Record Number: " + row): null

2024-03-08 00:14:57 - [TEST_STEP][PASSED] - today = new java.util.Date(): null

2024-03-08 00:14:57 - [TEST_STEP][PASSED] - println(today): null

2024-03-08 00:14:57 - [TEST_STEP][PASSED] - datText = today: null

2024-03-08 00:14:57 - [TEST_STEP][PASSED] - Taxtype = findTestData(dataFile).getValue("TaxType", row): null

2024-03-08 00:14:57 - [TEST_STEP][PASSED] - out.println("Taxtype value is : " + Taxtype): null

2024-03-08 00:14:57 - [TEST_STEP][PASSED] - openBrowser(""): Browser is opened with url: ''

2024-03-08 00:14:57 - [MESSAGE][WARNING] - A browser is already opened. Closing browser and opening a new one

2024-03-08 00:15:21 - [MESSAGE][INFO] - Starting 'Chrome' driver

2024-03-08 00:15:21 - [MESSAGE][INFO] - User set preference: ['acceptInsecureCerts', 'true']

2024-03-08 00:15:21 - [MESSAGE][INFO] - Action delay is set to 0 milliseconds

2024-03-08 00:15:23 - [MESSAGE][PASSED] - Browser is opened with url: ''

2024-03-08 00:15:23 - [TEST_STEP][PASSED] - maximizeWindow(): Current window maximized

2024-03-08 00:15:23 - [MESSAGE][PASSED] - Current window maximized

2024-03-08 00:15:23 - [TEST_STEP][PASSED] - navigateToUrl(RADurl): Navigate to 'https://qa2.velocitypayment.com/client/rad/index.html' successfully

2024-03-08 00:15:30 - [MESSAGE][PASSED] - Navigate to 'https://qa2.velocitypayment.com/client/rad/index.html' successfully

2024-03-08 00:15:30 - [TEST_STEP][PASSED] - orPath_Landing = "Object Repository/RAD_Pages/Landing_Page": null

2024-03-08 00:15:30 - [TEST_STEP][PASSED] - orPath_TaxTypeFilingYear = "Object Repository/RAD_Pages/TaxTypeFilingYear_Page": null

2024-03-08 00:15:30 - [TEST_STEP][PASSED] - orPath_TaxPayer = "Object Repository/RAD_Pages/Taxpayer_Page": null

2024-03-08 00:15:30 - [TEST_STEP][PASSED] - orPath_AddressContact = "Object Repository/RAD_Pages/AddressAndContactInfo_Page": null

2024-03-08 00:15:30 - [TEST_STEP][PASSED] - orPath_FilingStatus = "Object Repository/RAD_Pages/FilingStatus_Page": null

2024-03-08 00:15:30 - [TEST_STEP][PASSED] - orPath_Amount = "Object Repository/RAD_Pages/PaymentAmount_Page": null

2024-03-08 00:15:30 - [TEST_STEP][PASSED] - orPath_TaxInfo = "Object Repository/RAD_Pages/TaxInfo_Page": null

2024-03-08 00:15:30 - [TEST_STEP][PASSED] - orPath_Withholding = "Object Repository/RAD_Pages/Withholding_Page": null

2024-03-08 00:15:30 - [TEST_STEP][PASSED] - orPath_Summary = "Object Repository/RAD_Pages/Summary_Page": null

2024-03-08 00:15:30 - [TEST_STEP][PASSED] - orPath_PaymentReady = "Object Repository/RAD_Pages/PaymentReady_Page": null

2024-03-08 00:15:30 - [TEST_STEP][PASSED] - orPath_PaymentEntry = "Object Repository/RAD_Pages/PaymentEntry_Page": null

2024-03-08 00:15:30 - [TEST_STEP][PASSED] - orPath_PaymentConfirmation = "Object Repository/RAD_Pages/PaymentConfirmation_Page": null

2024-03-08 00:15:30 - [TEST_STEP][PASSED] - orPath_ServiceFeesAccept = "Object Repository/RAD_Pages/ServiceFeeAccept_Page": null

2024-03-08 00:15:30 - [TEST_STEP][PASSED] - selectOptionByLabel(findTestObject(orPath_Landing + "/dd_TaxType"), Paymenttype, false): All options with label 'New Tax Return Amount Due' are selected in object 'Object Repository/RAD_Pages/Landing_Page/dd_TaxType' 

2024-03-08 00:15:30 - [MESSAGE][PASSED] - All options with label 'New Tax Return Amount Due' are selected in object 'Object Repository/RAD_Pages/Landing_Page/dd_TaxType' 

2024-03-08 00:15:30 - [TEST_STEP][PASSED] - delay(1): Delayed 1 second(s)

2024-03-08 00:15:31 - [MESSAGE][PASSED] - Delayed 1 second(s)

2024-03-08 00:15:31 - [TEST_STEP][PASSED] - switch (Paymenttype): null

2024-03-08 00:15:31 - [TEST_STEP][PASSED] - case "New Tax Return Amount Due":: null

2024-03-08 00:15:31 - [TEST_STEP][PASSED] - selectOptionByLabel(findTestObject("Object Repository/RAD_Pages/Landing_Page/select_NewTaxReturnAmountDue_TaxType"), Taxtype, false): All options with label 'Withholding Tax' are selected in object 'Object Repository/RAD_Pages/Landing_Page/select_NewTaxReturnAmountDue_TaxType' 

2024-03-08 00:15:32 - [MESSAGE][PASSED] - All options with label 'Withholding Tax' are selected in object 'Object Repository/RAD_Pages/Landing_Page/select_NewTaxReturnAmountDue_TaxType' 

2024-03-08 00:15:32 - [TEST_STEP][PASSED] - break: null

2024-03-08 00:15:32 - [TEST_STEP][PASSED] - delay(1): Delayed 1 second(s)

2024-03-08 00:15:33 - [MESSAGE][PASSED] - Delayed 1 second(s)

2024-03-08 00:15:33 - [TEST_STEP][PASSED] - switch (Paymenttype): null

2024-03-08 00:15:33 - [TEST_STEP][PASSED] - case "New Tax Return Amount Due":: null

2024-03-08 00:15:33 - [TEST_STEP][PASSED] - if (feinSsn.equalsIgnoreCase("Y")): null

2024-03-08 00:15:33 - [TEST_STEP][PASSED] - else: Text ****** has been set on object 'Object Repository/RAD_Pages/TaxInfo_Page/input_FederalEIN_ReEnter-2'

2024-03-08 00:15:33 - [TEST_STEP][PASSED] - setEncryptedText(findTestObject(orPath_TaxInfo + "/input_FederalEIN-2"), "iGDxf8hSRT4="): Text ****** has been set on object 'Object Repository/RAD_Pages/TaxInfo_Page/input_FederalEIN-2'

2024-03-08 00:15:34 - [MESSAGE][PASSED] - Text ****** has been set on object 'Object Repository/RAD_Pages/TaxInfo_Page/input_FederalEIN-2'

2024-03-08 00:15:34 - [TEST_STEP][PASSED] - setEncryptedText(findTestObject(orPath_TaxInfo + "/input_FederalEIN_ReEnter-2"), ""): Text ****** has been set on object 'Object Repository/RAD_Pages/TaxInfo_Page/input_FederalEIN_ReEnter-2'

2024-03-08 00:15:34 - [MESSAGE][PASSED] - Text ****** has been set on object 'Object Repository/RAD_Pages/TaxInfo_Page/input_FederalEIN_ReEnter-2'

2024-03-08 00:15:34 - [TEST_STEP][PASSED] - break: null

2024-03-08 00:15:34 - [TEST_STEP][PASSED] - if (feinSsn.equalsIgnoreCase("Y")): null

2024-03-08 00:15:34 - [TEST_STEP][PASSED] - else: null

2024-03-08 00:15:34 - [TEST_STEP][PASSED] - if (verifyTextPresent("Please enter a valid FEIN with 9 digits.", true)): null

2024-03-08 00:15:35 - [MESSAGE][PASSED] - Text 'Please enter a valid FEIN with 9 digits.' is present on page  using regular expression

2024-03-08 00:15:35 - [TEST_STEP][PASSED] - println("Error Message is present on the page"): null

2024-03-08 00:15:35 - [TEST_STEP][PASSED] - out.println("Pass Record Number: " + row): null

2024-03-08 00:15:35 - [TEST_STEP][PASSED] - resText = "Pass": null

2024-03-08 00:15:35 - [TEST_STEP][PASSED] - pages.WriteExcel.demoKey(resText, datText, resColumn, datCloumn, fileLoc, nameSheet, row): pages.WriteExcel.demoKey is PASSED

2024-03-08 00:15:35 - [MESSAGE][PASSED] - pages.WriteExcel.demoKey is PASSED]]></system-out>
         <system-err><![CDATA[]]></system-err>
      </testcase>
      <testcase name="Test Cases/RAD_TestCases/Negative_TestCases/EL-NumberValidation" time="1431.796" classname="Test Cases/RAD_TestCases/Negative_TestCases/EL-NumberValidation" status="PASSED">
         <system-out><![CDATA[2024-03-08 00:15:35 - [TEST_CASE][PASSED] - Test Cases/RAD_TestCases/Negative_TestCases/EL-NumberValidation: Test Cases/RAD_TestCases/Negative_TestCases/EL-NumberValidation

2024-03-08 00:15:35 - [TEST_STEP][PASSED] - resText = "Fail": null

2024-03-08 00:15:35 - [TEST_STEP][PASSED] - resColumn = "Result": null

2024-03-08 00:15:35 - [TEST_STEP][PASSED] - datCloumn = "Date": null

2024-03-08 00:15:35 - [TEST_STEP][PASSED] - fileLoc = "KatalonData/RADTestData/EL-NumberValidation.xlsx": null

2024-03-08 00:15:35 - [TEST_STEP][PASSED] - nameSheet = "NumberError": null

2024-03-08 00:15:35 - [TEST_STEP][PASSED] - dataFile = "RADTestData/EL-NumberValidation": null

2024-03-08 00:15:35 - [TEST_STEP][PASSED] - ExecuteTC = <not implemented yet for class: org.codehaus.groovy.ast.expr.EmptyExpression>: null

2024-03-08 00:15:35 - [TEST_STEP][PASSED] - Taxtype = <not implemented yet for class: org.codehaus.groovy.ast.expr.EmptyExpression>: null

2024-03-08 00:15:35 - [TEST_STEP][PASSED] - TaxTypeEL = <not implemented yet for class: org.codehaus.groovy.ast.expr.EmptyExpression>: null

2024-03-08 00:15:35 - [TEST_STEP][PASSED] - notInvNumber = <not implemented yet for class: org.codehaus.groovy.ast.expr.EmptyExpression>: null

2024-03-08 00:15:35 - [TEST_STEP][PASSED] - errorMsg = <not implemented yet for class: org.codehaus.groovy.ast.expr.EmptyExpression>: null

2024-03-08 00:15:35 - [TEST_STEP][PASSED] - numOfRows = findTestData(dataFile).getRowNumbers(): null

2024-03-08 00:15:36 - [TEST_STEP][PASSED] - println("Number of Records: " + numOfRows): null

2024-03-08 00:15:36 - [TEST_STEP][PASSED] - for ([row = 1, row <= numOfRows, (row++)]): null

2024-03-08 00:15:36 - [TEST_STEP][PASSED] - ExecuteTC = findTestData(dataFile).getValue("Execute", row): null

2024-03-08 00:15:36 - [TEST_STEP][PASSED] - Taxtype = findTestData(dataFile).getValue("TaxType", row): null

2024-03-08 00:15:36 - [TEST_STEP][PASSED] - TaxTypeEL = findTestData(dataFile).getValue("TaxTypeEL", row): null

2024-03-08 00:15:36 - [TEST_STEP][PASSED] - notInvNumber = findTestData(dataFile).getValue("NotiInvoNumber", row): null

2024-03-08 00:15:36 - [TEST_STEP][PASSED] - errorMsg = findTestData(dataFile).getValue("ErrorMessage", row): null

2024-03-08 00:15:36 - [TEST_STEP][PASSED] - out.println("Value of Execute is : " + ExecuteTC): null

2024-03-08 00:15:36 - [TEST_STEP][PASSED] - if (ExecuteTC.equalsIgnoreCase("Y")): null

2024-03-08 00:15:36 - [TEST_STEP][PASSED] - out.println("Begin Record Number: " + row): null

2024-03-08 00:15:36 - [TEST_STEP][PASSED] - today = new java.util.Date(): null

2024-03-08 00:15:36 - [TEST_STEP][PASSED] - println(today): null

2024-03-08 00:15:36 - [TEST_STEP][PASSED] - datText = today: null

2024-03-08 00:15:36 - [TEST_STEP][PASSED] - Taxtype = findTestData(dataFile).getValue("TaxType", row): null

2024-03-08 00:15:36 - [TEST_STEP][PASSED] - out.println("Taxtype value is : " + Taxtype): null

2024-03-08 00:15:36 - [TEST_STEP][PASSED] - openBrowser(""): Browser is opened with url: ''

2024-03-08 00:15:36 - [MESSAGE][WARNING] - A browser is already opened. Closing browser and opening a new one

2024-03-08 00:15:48 - [MESSAGE][INFO] - Starting 'Chrome' driver

2024-03-08 00:15:48 - [MESSAGE][INFO] - User set preference: ['acceptInsecureCerts', 'true']

2024-03-08 00:15:48 - [MESSAGE][INFO] - Action delay is set to 0 milliseconds

2024-03-08 00:15:49 - [MESSAGE][PASSED] - Browser is opened with url: ''

2024-03-08 00:15:49 - [TEST_STEP][PASSED] - maximizeWindow(): Current window maximized

2024-03-08 00:15:49 - [MESSAGE][PASSED] - Current window maximized

2024-03-08 00:15:49 - [TEST_STEP][PASSED] - navigateToUrl(RADurl): Navigate to 'https://qa2.velocitypayment.com/client/rad/index.html' successfully

2024-03-08 00:16:02 - [MESSAGE][PASSED] - Navigate to 'https://qa2.velocitypayment.com/client/rad/index.html' successfully

2024-03-08 00:16:02 - [TEST_STEP][PASSED] - orPath_Landing = "Object Repository/RAD_Pages/Landing_Page": null

2024-03-08 00:16:02 - [TEST_STEP][PASSED] - orPath_TaxTypeFilingYear = "Object Repository/RAD_Pages/TaxTypeFilingYear_Page": null

2024-03-08 00:16:02 - [TEST_STEP][PASSED] - orPath_TaxPayer = "Object Repository/RAD_Pages/Taxpayer_Page": null

2024-03-08 00:16:02 - [TEST_STEP][PASSED] - orPath_AddressContact = "Object Repository/RAD_Pages/AddressAndContactInfo_Page": null

2024-03-08 00:16:02 - [TEST_STEP][PASSED] - orPath_FilingStatus = "Object Repository/RAD_Pages/FilingStatus_Page": null

2024-03-08 00:16:02 - [TEST_STEP][PASSED] - orPath_Amount = "Object Repository/RAD_Pages/PaymentAmount_Page": null

2024-03-08 00:16:02 - [TEST_STEP][PASSED] - orPath_TaxInfo = "Object Repository/RAD_Pages/TaxInfo_Page": null

2024-03-08 00:16:02 - [TEST_STEP][PASSED] - orPath_Withholding = "Object Repository/RAD_Pages/Withholding_Page": null

2024-03-08 00:16:02 - [TEST_STEP][PASSED] - orPath_Summary = "Object Repository/RAD_Pages/Summary_Page": null

2024-03-08 00:16:02 - [TEST_STEP][PASSED] - orPath_PaymentReady = "Object Repository/RAD_Pages/PaymentReady_Page": null

2024-03-08 00:16:02 - [TEST_STEP][PASSED] - orPath_PaymentEntry = "Object Repository/RAD_Pages/PaymentEntry_Page": null

2024-03-08 00:16:02 - [TEST_STEP][PASSED] - orPath_PaymentConfirmation = "Object Repository/RAD_Pages/PaymentConfirmation_Page": null

2024-03-08 00:16:02 - [TEST_STEP][PASSED] - orPath_ServiceFeesAccept = "Object Repository/RAD_Pages/ServiceFeeAccept_Page": null

2024-03-08 00:16:02 - [TEST_STEP][PASSED] - selectOptionByLabel(findTestObject(orPath_Landing + "/dd_TaxType"), Taxtype, false): All options with label 'Existing Liability w/Notice Number' are selected in object 'Object Repository/RAD_Pages/Landing_Page/dd_TaxType' 

2024-03-08 00:16:03 - [MESSAGE][PASSED] - All options with label 'Existing Liability w/Notice Number' are selected in object 'Object Repository/RAD_Pages/Landing_Page/dd_TaxType' 

2024-03-08 00:16:03 - [TEST_STEP][PASSED] - delay(1): Delayed 1 second(s)

2024-03-08 00:16:04 - [MESSAGE][PASSED] - Delayed 1 second(s)

2024-03-08 00:16:04 - [TEST_STEP][PASSED] - selectOptionByLabel(findTestObject(orPath_TaxTypeFilingYear + "/select_TaxType_ExistingLiability"), TaxTypeEL, false): All options with label 'Bay Restoration Fee' are selected in object 'Object Repository/RAD_Pages/TaxTypeFilingYear_Page/select_TaxType_ExistingLiability' 

2024-03-08 00:16:05 - [MESSAGE][PASSED] - All options with label 'Bay Restoration Fee' are selected in object 'Object Repository/RAD_Pages/TaxTypeFilingYear_Page/select_TaxType_ExistingLiability' 

2024-03-08 00:16:05 - [TEST_STEP][PASSED] - setText(findTestObject(orPath_TaxInfo + "/input_NoticeInvoiceNumber"), notInvNumber): Text '123456789' is set on object 'Object Repository/RAD_Pages/TaxInfo_Page/input_NoticeInvoiceNumber'

2024-03-08 00:16:05 - [MESSAGE][PASSED] - Text '123456789' is set on object 'Object Repository/RAD_Pages/TaxInfo_Page/input_NoticeInvoiceNumber'

2024-03-08 00:16:05 - [TEST_STEP][PASSED] - setText(findTestObject(orPath_TaxInfo + "/input_reTypeNoticeInvoiceNumber"), notInvNumber): Text '123456789' is set on object 'Object Repository/RAD_Pages/TaxInfo_Page/input_reTypeNoticeInvoiceNumber'

2024-03-08 00:16:06 - [MESSAGE][PASSED] - Text '123456789' is set on object 'Object Repository/RAD_Pages/TaxInfo_Page/input_reTypeNoticeInvoiceNumber'

2024-03-08 00:16:06 - [TEST_STEP][PASSED] - println(notInvNumber): null

2024-03-08 00:16:06 - [TEST_STEP][PASSED] - if (verifyTextPresent(errorMsg, true)): null

2024-03-08 00:16:07 - [MESSAGE][PASSED] - Text 'Notice Number must be 13 digits in length, with a value greater than zero' is present on page  using regular expression

2024-03-08 00:16:07 - [TEST_STEP][PASSED] - println("Error Message is present on the page"): null

2024-03-08 00:16:07 - [TEST_STEP][PASSED] - out.println("Pass Record Number: " + row): null

2024-03-08 00:16:07 - [TEST_STEP][PASSED] - resText = "Pass": null

2024-03-08 00:16:07 - [TEST_STEP][PASSED] - pages.WriteExcel.demoKey(resText, datText, resColumn, datCloumn, fileLoc, nameSheet, row): pages.WriteExcel.demoKey is PASSED

2024-03-08 00:16:07 - [MESSAGE][PASSED] - pages.WriteExcel.demoKey is PASSED

2024-03-08 00:16:07 - [TEST_STEP][PASSED] - ExecuteTC = findTestData(dataFile).getValue("Execute", row): null

2024-03-08 00:16:07 - [TEST_STEP][PASSED] - Taxtype = findTestData(dataFile).getValue("TaxType", row): null

2024-03-08 00:16:07 - [TEST_STEP][PASSED] - TaxTypeEL = findTestData(dataFile).getValue("TaxTypeEL", row): null

2024-03-08 00:16:07 - [TEST_STEP][PASSED] - notInvNumber = findTestData(dataFile).getValue("NotiInvoNumber", row): null

2024-03-08 00:16:07 - [TEST_STEP][PASSED] - errorMsg = findTestData(dataFile).getValue("ErrorMessage", row): null

2024-03-08 00:16:07 - [TEST_STEP][PASSED] - out.println("Value of Execute is : " + ExecuteTC): null

2024-03-08 00:16:07 - [TEST_STEP][PASSED] - if (ExecuteTC.equalsIgnoreCase("Y")): null

2024-03-08 00:16:07 - [TEST_STEP][PASSED] - out.println("Begin Record Number: " + row): null

2024-03-08 00:16:07 - [TEST_STEP][PASSED] - today = new java.util.Date(): null

2024-03-08 00:16:07 - [TEST_STEP][PASSED] - println(today): null

2024-03-08 00:16:07 - [TEST_STEP][PASSED] - datText = today: null

2024-03-08 00:16:07 - [TEST_STEP][PASSED] - Taxtype = findTestData(dataFile).getValue("TaxType", row): null

2024-03-08 00:16:07 - [TEST_STEP][PASSED] - out.println("Taxtype value is : " + Taxtype): null

2024-03-08 00:16:07 - [TEST_STEP][PASSED] - openBrowser(""): Browser is opened with url: ''

2024-03-08 00:16:07 - [MESSAGE][WARNING] - A browser is already opened. Closing browser and opening a new one

2024-03-08 00:16:24 - [MESSAGE][INFO] - Starting 'Chrome' driver

2024-03-08 00:16:24 - [MESSAGE][INFO] - User set preference: ['acceptInsecureCerts', 'true']

2024-03-08 00:16:24 - [MESSAGE][INFO] - Action delay is set to 0 milliseconds

2024-03-08 00:16:26 - [MESSAGE][PASSED] - Browser is opened with url: ''

2024-03-08 00:16:26 - [TEST_STEP][PASSED] - maximizeWindow(): Current window maximized

2024-03-08 00:16:26 - [MESSAGE][PASSED] - Current window maximized

2024-03-08 00:16:26 - [TEST_STEP][PASSED] - navigateToUrl(RADurl): Navigate to 'https://qa2.velocitypayment.com/client/rad/index.html' successfully

2024-03-08 00:16:28 - [MESSAGE][PASSED] - Navigate to 'https://qa2.velocitypayment.com/client/rad/index.html' successfully

2024-03-08 00:16:28 - [TEST_STEP][PASSED] - orPath_Landing = "Object Repository/RAD_Pages/Landing_Page": null

2024-03-08 00:16:28 - [TEST_STEP][PASSED] - orPath_TaxTypeFilingYear = "Object Repository/RAD_Pages/TaxTypeFilingYear_Page": null

2024-03-08 00:16:28 - [TEST_STEP][PASSED] - orPath_TaxPayer = "Object Repository/RAD_Pages/Taxpayer_Page": null

2024-03-08 00:16:28 - [TEST_STEP][PASSED] - orPath_AddressContact = "Object Repository/RAD_Pages/AddressAndContactInfo_Page": null

2024-03-08 00:16:28 - [TEST_STEP][PASSED] - orPath_FilingStatus = "Object Repository/RAD_Pages/FilingStatus_Page": null

2024-03-08 00:16:28 - [TEST_STEP][PASSED] - orPath_Amount = "Object Repository/RAD_Pages/PaymentAmount_Page": null

2024-03-08 00:16:28 - [TEST_STEP][PASSED] - orPath_TaxInfo = "Object Repository/RAD_Pages/TaxInfo_Page": null

2024-03-08 00:16:28 - [TEST_STEP][PASSED] - orPath_Withholding = "Object Repository/RAD_Pages/Withholding_Page": null

2024-03-08 00:16:28 - [TEST_STEP][PASSED] - orPath_Summary = "Object Repository/RAD_Pages/Summary_Page": null

2024-03-08 00:16:28 - [TEST_STEP][PASSED] - orPath_PaymentReady = "Object Repository/RAD_Pages/PaymentReady_Page": null

2024-03-08 00:16:28 - [TEST_STEP][PASSED] - orPath_PaymentEntry = "Object Repository/RAD_Pages/PaymentEntry_Page": null

2024-03-08 00:16:28 - [TEST_STEP][PASSED] - orPath_PaymentConfirmation = "Object Repository/RAD_Pages/PaymentConfirmation_Page": null

2024-03-08 00:16:28 - [TEST_STEP][PASSED] - orPath_ServiceFeesAccept = "Object Repository/RAD_Pages/ServiceFeeAccept_Page": null

2024-03-08 00:16:28 - [TEST_STEP][PASSED] - selectOptionByLabel(findTestObject(orPath_Landing + "/dd_TaxType"), Taxtype, false): All options with label 'Existing Liability w/Notice Number' are selected in object 'Object Repository/RAD_Pages/Landing_Page/dd_TaxType' 

2024-03-08 00:16:29 - [MESSAGE][PASSED] - All options with label 'Existing Liability w/Notice Number' are selected in object 'Object Repository/RAD_Pages/Landing_Page/dd_TaxType' 

2024-03-08 00:16:29 - [TEST_STEP][PASSED] - delay(1): Delayed 1 second(s)

2024-03-08 00:16:30 - [MESSAGE][PASSED] - Delayed 1 second(s)

2024-03-08 00:16:30 - [TEST_STEP][PASSED] - selectOptionByLabel(findTestObject(orPath_TaxTypeFilingYear + "/select_TaxType_ExistingLiability"), TaxTypeEL, false): All options with label 'Corporate Income Tax' are selected in object 'Object Repository/RAD_Pages/TaxTypeFilingYear_Page/select_TaxType_ExistingLiability' 

2024-03-08 00:16:30 - [MESSAGE][PASSED] - All options with label 'Corporate Income Tax' are selected in object 'Object Repository/RAD_Pages/TaxTypeFilingYear_Page/select_TaxType_ExistingLiability' 

2024-03-08 00:16:30 - [TEST_STEP][PASSED] - setText(findTestObject(orPath_TaxInfo + "/input_NoticeInvoiceNumber"), notInvNumber): Text '123456789' is set on object 'Object Repository/RAD_Pages/TaxInfo_Page/input_NoticeInvoiceNumber'

2024-03-08 00:16:31 - [MESSAGE][PASSED] - Text '123456789' is set on object 'Object Repository/RAD_Pages/TaxInfo_Page/input_NoticeInvoiceNumber'

2024-03-08 00:16:31 - [TEST_STEP][PASSED] - setText(findTestObject(orPath_TaxInfo + "/input_reTypeNoticeInvoiceNumber"), notInvNumber): Text '123456789' is set on object 'Object Repository/RAD_Pages/TaxInfo_Page/input_reTypeNoticeInvoiceNumber'

2024-03-08 00:16:32 - [MESSAGE][PASSED] - Text '123456789' is set on object 'Object Repository/RAD_Pages/TaxInfo_Page/input_reTypeNoticeInvoiceNumber'

2024-03-08 00:16:32 - [TEST_STEP][PASSED] - println(notInvNumber): null

2024-03-08 00:16:32 - [TEST_STEP][PASSED] - if (verifyTextPresent(errorMsg, true)): null

2024-03-08 00:16:33 - [MESSAGE][PASSED] - Text 'Invoice Number must be 10 or 13 digits in length, with a value greater than zero' is present on page  using regular expression

2024-03-08 00:16:33 - [TEST_STEP][PASSED] - println("Error Message is present on the page"): null

2024-03-08 00:16:33 - [TEST_STEP][PASSED] - out.println("Pass Record Number: " + row): null

2024-03-08 00:16:33 - [TEST_STEP][PASSED] - resText = "Pass": null

2024-03-08 00:16:33 - [TEST_STEP][PASSED] - pages.WriteExcel.demoKey(resText, datText, resColumn, datCloumn, fileLoc, nameSheet, row): pages.WriteExcel.demoKey is PASSED

2024-03-08 00:16:33 - [MESSAGE][PASSED] - pages.WriteExcel.demoKey is PASSED

2024-03-08 00:16:33 - [TEST_STEP][PASSED] - ExecuteTC = findTestData(dataFile).getValue("Execute", row): null

2024-03-08 00:16:33 - [TEST_STEP][PASSED] - Taxtype = findTestData(dataFile).getValue("TaxType", row): null

2024-03-08 00:16:33 - [TEST_STEP][PASSED] - TaxTypeEL = findTestData(dataFile).getValue("TaxTypeEL", row): null

2024-03-08 00:16:33 - [TEST_STEP][PASSED] - notInvNumber = findTestData(dataFile).getValue("NotiInvoNumber", row): null

2024-03-08 00:16:33 - [TEST_STEP][PASSED] - errorMsg = findTestData(dataFile).getValue("ErrorMessage", row): null

2024-03-08 00:16:33 - [TEST_STEP][PASSED] - out.println("Value of Execute is : " + ExecuteTC): null

2024-03-08 00:16:33 - [TEST_STEP][PASSED] - if (ExecuteTC.equalsIgnoreCase("Y")): null

2024-03-08 00:16:33 - [TEST_STEP][PASSED] - out.println("Begin Record Number: " + row): null

2024-03-08 00:16:33 - [TEST_STEP][PASSED] - today = new java.util.Date(): null

2024-03-08 00:16:33 - [TEST_STEP][PASSED] - println(today): null

2024-03-08 00:16:33 - [TEST_STEP][PASSED] - datText = today: null

2024-03-08 00:16:33 - [TEST_STEP][PASSED] - Taxtype = findTestData(dataFile).getValue("TaxType", row): null

2024-03-08 00:16:33 - [TEST_STEP][PASSED] - out.println("Taxtype value is : " + Taxtype): null

2024-03-08 00:16:33 - [TEST_STEP][PASSED] - openBrowser(""): Browser is opened with url: ''

2024-03-08 00:16:33 - [MESSAGE][WARNING] - A browser is already opened. Closing browser and opening a new one

2024-03-08 00:16:46 - [MESSAGE][INFO] - Starting 'Chrome' driver

2024-03-08 00:16:46 - [MESSAGE][INFO] - User set preference: ['acceptInsecureCerts', 'true']

2024-03-08 00:16:46 - [MESSAGE][INFO] - Action delay is set to 0 milliseconds

2024-03-08 00:16:47 - [MESSAGE][PASSED] - Browser is opened with url: ''

2024-03-08 00:16:47 - [TEST_STEP][PASSED] - maximizeWindow(): Current window maximized

2024-03-08 00:16:47 - [MESSAGE][PASSED] - Current window maximized

2024-03-08 00:16:47 - [TEST_STEP][PASSED] - navigateToUrl(RADurl): Navigate to 'https://qa2.velocitypayment.com/client/rad/index.html' successfully

2024-03-08 00:16:49 - [MESSAGE][PASSED] - Navigate to 'https://qa2.velocitypayment.com/client/rad/index.html' successfully

2024-03-08 00:16:49 - [TEST_STEP][PASSED] - orPath_Landing = "Object Repository/RAD_Pages/Landing_Page": null

2024-03-08 00:16:49 - [TEST_STEP][PASSED] - orPath_TaxTypeFilingYear = "Object Repository/RAD_Pages/TaxTypeFilingYear_Page": null

2024-03-08 00:16:49 - [TEST_STEP][PASSED] - orPath_TaxPayer = "Object Repository/RAD_Pages/Taxpayer_Page": null

2024-03-08 00:16:49 - [TEST_STEP][PASSED] - orPath_AddressContact = "Object Repository/RAD_Pages/AddressAndContactInfo_Page": null

2024-03-08 00:16:49 - [TEST_STEP][PASSED] - orPath_FilingStatus = "Object Repository/RAD_Pages/FilingStatus_Page": null

2024-03-08 00:16:49 - [TEST_STEP][PASSED] - orPath_Amount = "Object Repository/RAD_Pages/PaymentAmount_Page": null

2024-03-08 00:16:49 - [TEST_STEP][PASSED] - orPath_TaxInfo = "Object Repository/RAD_Pages/TaxInfo_Page": null

2024-03-08 00:16:49 - [TEST_STEP][PASSED] - orPath_Withholding = "Object Repository/RAD_Pages/Withholding_Page": null

2024-03-08 00:16:49 - [TEST_STEP][PASSED] - orPath_Summary = "Object Repository/RAD_Pages/Summary_Page": null

2024-03-08 00:16:49 - [TEST_STEP][PASSED] - orPath_PaymentReady = "Object Repository/RAD_Pages/PaymentReady_Page": null

2024-03-08 00:16:49 - [TEST_STEP][PASSED] - orPath_PaymentEntry = "Object Repository/RAD_Pages/PaymentEntry_Page": null

2024-03-08 00:16:49 - [TEST_STEP][PASSED] - orPath_PaymentConfirmation = "Object Repository/RAD_Pages/PaymentConfirmation_Page": null

2024-03-08 00:16:49 - [TEST_STEP][PASSED] - orPath_ServiceFeesAccept = "Object Repository/RAD_Pages/ServiceFeeAccept_Page": null

2024-03-08 00:16:49 - [TEST_STEP][PASSED] - selectOptionByLabel(findTestObject(orPath_Landing + "/dd_TaxType"), Taxtype, false): All options with label 'Existing Liability w/Notice Number' are selected in object 'Object Repository/RAD_Pages/Landing_Page/dd_TaxType' 

2024-03-08 00:16:50 - [MESSAGE][PASSED] - All options with label 'Existing Liability w/Notice Number' are selected in object 'Object Repository/RAD_Pages/Landing_Page/dd_TaxType' 

2024-03-08 00:16:50 - [TEST_STEP][PASSED] - delay(1): Delayed 1 second(s)

2024-03-08 00:16:51 - [MESSAGE][PASSED] - Delayed 1 second(s)

2024-03-08 00:16:51 - [TEST_STEP][PASSED] - selectOptionByLabel(findTestObject(orPath_TaxTypeFilingYear + "/select_TaxType_ExistingLiability"), TaxTypeEL, false): All options with label 'Corporate Income Tax' are selected in object 'Object Repository/RAD_Pages/TaxTypeFilingYear_Page/select_TaxType_ExistingLiability' 

2024-03-08 00:16:51 - [MESSAGE][PASSED] - All options with label 'Corporate Income Tax' are selected in object 'Object Repository/RAD_Pages/TaxTypeFilingYear_Page/select_TaxType_ExistingLiability' 

2024-03-08 00:16:51 - [TEST_STEP][PASSED] - setText(findTestObject(orPath_TaxInfo + "/input_NoticeInvoiceNumber"), notInvNumber): Text '12345678901' is set on object 'Object Repository/RAD_Pages/TaxInfo_Page/input_NoticeInvoiceNumber'

2024-03-08 00:16:52 - [MESSAGE][PASSED] - Text '12345678901' is set on object 'Object Repository/RAD_Pages/TaxInfo_Page/input_NoticeInvoiceNumber'

2024-03-08 00:16:52 - [TEST_STEP][PASSED] - setText(findTestObject(orPath_TaxInfo + "/input_reTypeNoticeInvoiceNumber"), notInvNumber): Text '12345678901' is set on object 'Object Repository/RAD_Pages/TaxInfo_Page/input_reTypeNoticeInvoiceNumber'

2024-03-08 00:16:53 - [MESSAGE][PASSED] - Text '12345678901' is set on object 'Object Repository/RAD_Pages/TaxInfo_Page/input_reTypeNoticeInvoiceNumber'

2024-03-08 00:16:53 - [TEST_STEP][PASSED] - println(notInvNumber): null

2024-03-08 00:16:53 - [TEST_STEP][PASSED] - if (verifyTextPresent(errorMsg, true)): null

2024-03-08 00:16:54 - [MESSAGE][PASSED] - Text 'Invoice Number must be 10 or 13 digits in length, with a value greater than zero' is present on page  using regular expression

2024-03-08 00:16:54 - [TEST_STEP][PASSED] - println("Error Message is present on the page"): null

2024-03-08 00:16:54 - [TEST_STEP][PASSED] - out.println("Pass Record Number: " + row): null

2024-03-08 00:16:54 - [TEST_STEP][PASSED] - resText = "Pass": null

2024-03-08 00:16:54 - [TEST_STEP][PASSED] - pages.WriteExcel.demoKey(resText, datText, resColumn, datCloumn, fileLoc, nameSheet, row): pages.WriteExcel.demoKey is PASSED

2024-03-08 00:16:54 - [MESSAGE][PASSED] - pages.WriteExcel.demoKey is PASSED

2024-03-08 00:16:54 - [TEST_STEP][PASSED] - ExecuteTC = findTestData(dataFile).getValue("Execute", row): null

2024-03-08 00:16:54 - [TEST_STEP][PASSED] - Taxtype = findTestData(dataFile).getValue("TaxType", row): null

2024-03-08 00:16:54 - [TEST_STEP][PASSED] - TaxTypeEL = findTestData(dataFile).getValue("TaxTypeEL", row): null

2024-03-08 00:16:54 - [TEST_STEP][PASSED] - notInvNumber = findTestData(dataFile).getValue("NotiInvoNumber", row): null

2024-03-08 00:16:54 - [TEST_STEP][PASSED] - errorMsg = findTestData(dataFile).getValue("ErrorMessage", row): null

2024-03-08 00:16:54 - [TEST_STEP][PASSED] - out.println("Value of Execute is : " + ExecuteTC): null

2024-03-08 00:16:54 - [TEST_STEP][PASSED] - if (ExecuteTC.equalsIgnoreCase("Y")): null

2024-03-08 00:16:54 - [TEST_STEP][PASSED] - out.println("Begin Record Number: " + row): null

2024-03-08 00:16:54 - [TEST_STEP][PASSED] - today = new java.util.Date(): null

2024-03-08 00:16:54 - [TEST_STEP][PASSED] - println(today): null

2024-03-08 00:16:54 - [TEST_STEP][PASSED] - datText = today: null

2024-03-08 00:16:54 - [TEST_STEP][PASSED] - Taxtype = findTestData(dataFile).getValue("TaxType", row): null

2024-03-08 00:16:54 - [TEST_STEP][PASSED] - out.println("Taxtype value is : " + Taxtype): null

2024-03-08 00:16:54 - [TEST_STEP][PASSED] - openBrowser(""): Browser is opened with url: ''

2024-03-08 00:16:54 - [MESSAGE][WARNING] - A browser is already opened. Closing browser and opening a new one

2024-03-08 00:17:17 - [MESSAGE][INFO] - Starting 'Chrome' driver

2024-03-08 00:17:17 - [MESSAGE][INFO] - User set preference: ['acceptInsecureCerts', 'true']

2024-03-08 00:17:17 - [MESSAGE][INFO] - Action delay is set to 0 milliseconds

2024-03-08 00:17:19 - [MESSAGE][PASSED] - Browser is opened with url: ''

2024-03-08 00:17:19 - [TEST_STEP][PASSED] - maximizeWindow(): Current window maximized

2024-03-08 00:17:19 - [MESSAGE][PASSED] - Current window maximized

2024-03-08 00:17:19 - [TEST_STEP][PASSED] - navigateToUrl(RADurl): Navigate to 'https://qa2.velocitypayment.com/client/rad/index.html' successfully

2024-03-08 00:17:26 - [MESSAGE][PASSED] - Navigate to 'https://qa2.velocitypayment.com/client/rad/index.html' successfully

2024-03-08 00:17:26 - [TEST_STEP][PASSED] - orPath_Landing = "Object Repository/RAD_Pages/Landing_Page": null

2024-03-08 00:17:26 - [TEST_STEP][PASSED] - orPath_TaxTypeFilingYear = "Object Repository/RAD_Pages/TaxTypeFilingYear_Page": null

2024-03-08 00:17:26 - [TEST_STEP][PASSED] - orPath_TaxPayer = "Object Repository/RAD_Pages/Taxpayer_Page": null

2024-03-08 00:17:26 - [TEST_STEP][PASSED] - orPath_AddressContact = "Object Repository/RAD_Pages/AddressAndContactInfo_Page": null

2024-03-08 00:17:26 - [TEST_STEP][PASSED] - orPath_FilingStatus = "Object Repository/RAD_Pages/FilingStatus_Page": null

2024-03-08 00:17:26 - [TEST_STEP][PASSED] - orPath_Amount = "Object Repository/RAD_Pages/PaymentAmount_Page": null

2024-03-08 00:17:26 - [TEST_STEP][PASSED] - orPath_TaxInfo = "Object Repository/RAD_Pages/TaxInfo_Page": null

2024-03-08 00:17:26 - [TEST_STEP][PASSED] - orPath_Withholding = "Object Repository/RAD_Pages/Withholding_Page": null

2024-03-08 00:17:26 - [TEST_STEP][PASSED] - orPath_Summary = "Object Repository/RAD_Pages/Summary_Page": null

2024-03-08 00:17:26 - [TEST_STEP][PASSED] - orPath_PaymentReady = "Object Repository/RAD_Pages/PaymentReady_Page": null

2024-03-08 00:17:26 - [TEST_STEP][PASSED] - orPath_PaymentEntry = "Object Repository/RAD_Pages/PaymentEntry_Page": null

2024-03-08 00:17:26 - [TEST_STEP][PASSED] - orPath_PaymentConfirmation = "Object Repository/RAD_Pages/PaymentConfirmation_Page": null

2024-03-08 00:17:26 - [TEST_STEP][PASSED] - orPath_ServiceFeesAccept = "Object Repository/RAD_Pages/ServiceFeeAccept_Page": null

2024-03-08 00:17:26 - [TEST_STEP][PASSED] - selectOptionByLabel(findTestObject(orPath_Landing + "/dd_TaxType"), Taxtype, false): All options with label 'Existing Liability w/Notice Number' are selected in object 'Object Repository/RAD_Pages/Landing_Page/dd_TaxType' 

2024-03-08 00:17:27 - [MESSAGE][PASSED] - All options with label 'Existing Liability w/Notice Number' are selected in object 'Object Repository/RAD_Pages/Landing_Page/dd_TaxType' 

2024-03-08 00:17:27 - [TEST_STEP][PASSED] - delay(1): Delayed 1 second(s)

2024-03-08 00:17:28 - [MESSAGE][PASSED] - Delayed 1 second(s)

2024-03-08 00:17:28 - [TEST_STEP][PASSED] - selectOptionByLabel(findTestObject(orPath_TaxTypeFilingYear + "/select_TaxType_ExistingLiability"), TaxTypeEL, false): All options with label 'Corporate Income Tax' are selected in object 'Object Repository/RAD_Pages/TaxTypeFilingYear_Page/select_TaxType_ExistingLiability' 

2024-03-08 00:17:28 - [MESSAGE][PASSED] - All options with label 'Corporate Income Tax' are selected in object 'Object Repository/RAD_Pages/TaxTypeFilingYear_Page/select_TaxType_ExistingLiability' 

2024-03-08 00:17:28 - [TEST_STEP][PASSED] - setText(findTestObject(orPath_TaxInfo + "/input_NoticeInvoiceNumber"), notInvNumber): Text '123456789012' is set on object 'Object Repository/RAD_Pages/TaxInfo_Page/input_NoticeInvoiceNumber'

2024-03-08 00:17:29 - [MESSAGE][PASSED] - Text '123456789012' is set on object 'Object Repository/RAD_Pages/TaxInfo_Page/input_NoticeInvoiceNumber'

2024-03-08 00:17:29 - [TEST_STEP][PASSED] - setText(findTestObject(orPath_TaxInfo + "/input_reTypeNoticeInvoiceNumber"), notInvNumber): Text '123456789012' is set on object 'Object Repository/RAD_Pages/TaxInfo_Page/input_reTypeNoticeInvoiceNumber'

2024-03-08 00:17:30 - [MESSAGE][PASSED] - Text '123456789012' is set on object 'Object Repository/RAD_Pages/TaxInfo_Page/input_reTypeNoticeInvoiceNumber'

2024-03-08 00:17:30 - [TEST_STEP][PASSED] - println(notInvNumber): null

2024-03-08 00:17:30 - [TEST_STEP][PASSED] - if (verifyTextPresent(errorMsg, true)): null

2024-03-08 00:17:31 - [MESSAGE][PASSED] - Text 'Invoice Number must be 10 or 13 digits in length, with a value greater than zero' is present on page  using regular expression

2024-03-08 00:17:31 - [TEST_STEP][PASSED] - println("Error Message is present on the page"): null

2024-03-08 00:17:31 - [TEST_STEP][PASSED] - out.println("Pass Record Number: " + row): null

2024-03-08 00:17:31 - [TEST_STEP][PASSED] - resText = "Pass": null

2024-03-08 00:17:31 - [TEST_STEP][PASSED] - pages.WriteExcel.demoKey(resText, datText, resColumn, datCloumn, fileLoc, nameSheet, row): pages.WriteExcel.demoKey is PASSED

2024-03-08 00:17:31 - [MESSAGE][PASSED] - pages.WriteExcel.demoKey is PASSED

2024-03-08 00:17:31 - [TEST_STEP][PASSED] - ExecuteTC = findTestData(dataFile).getValue("Execute", row): null

2024-03-08 00:17:31 - [TEST_STEP][PASSED] - Taxtype = findTestData(dataFile).getValue("TaxType", row): null

2024-03-08 00:17:31 - [TEST_STEP][PASSED] - TaxTypeEL = findTestData(dataFile).getValue("TaxTypeEL", row): null

2024-03-08 00:17:31 - [TEST_STEP][PASSED] - notInvNumber = findTestData(dataFile).getValue("NotiInvoNumber", row): null

2024-03-08 00:17:31 - [TEST_STEP][PASSED] - errorMsg = findTestData(dataFile).getValue("ErrorMessage", row): null

2024-03-08 00:17:31 - [TEST_STEP][PASSED] - out.println("Value of Execute is : " + ExecuteTC): null

2024-03-08 00:17:31 - [TEST_STEP][PASSED] - if (ExecuteTC.equalsIgnoreCase("Y")): null

2024-03-08 00:17:31 - [TEST_STEP][PASSED] - out.println("Begin Record Number: " + row): null

2024-03-08 00:17:31 - [TEST_STEP][PASSED] - today = new java.util.Date(): null

2024-03-08 00:17:31 - [TEST_STEP][PASSED] - println(today): null

2024-03-08 00:17:31 - [TEST_STEP][PASSED] - datText = today: null

2024-03-08 00:17:31 - [TEST_STEP][PASSED] - Taxtype = findTestData(dataFile).getValue("TaxType", row): null

2024-03-08 00:17:31 - [TEST_STEP][PASSED] - out.println("Taxtype value is : " + Taxtype): null

2024-03-08 00:17:31 - [TEST_STEP][PASSED] - openBrowser(""): Browser is opened with url: ''

2024-03-08 00:17:31 - [MESSAGE][WARNING] - A browser is already opened. Closing browser and opening a new one

2024-03-08 00:17:48 - [MESSAGE][INFO] - Starting 'Chrome' driver

2024-03-08 00:17:48 - [MESSAGE][INFO] - User set preference: ['acceptInsecureCerts', 'true']

2024-03-08 00:17:48 - [MESSAGE][INFO] - Action delay is set to 0 milliseconds

2024-03-08 00:17:49 - [MESSAGE][PASSED] - Browser is opened with url: ''

2024-03-08 00:17:49 - [TEST_STEP][PASSED] - maximizeWindow(): Current window maximized

2024-03-08 00:17:49 - [MESSAGE][PASSED] - Current window maximized

2024-03-08 00:17:49 - [TEST_STEP][PASSED] - navigateToUrl(RADurl): Navigate to 'https://qa2.velocitypayment.com/client/rad/index.html' successfully

2024-03-08 00:17:51 - [MESSAGE][PASSED] - Navigate to 'https://qa2.velocitypayment.com/client/rad/index.html' successfully

2024-03-08 00:17:51 - [TEST_STEP][PASSED] - orPath_Landing = "Object Repository/RAD_Pages/Landing_Page": null

2024-03-08 00:17:51 - [TEST_STEP][PASSED] - orPath_TaxTypeFilingYear = "Object Repository/RAD_Pages/TaxTypeFilingYear_Page": null

2024-03-08 00:17:51 - [TEST_STEP][PASSED] - orPath_TaxPayer = "Object Repository/RAD_Pages/Taxpayer_Page": null

2024-03-08 00:17:51 - [TEST_STEP][PASSED] - orPath_AddressContact = "Object Repository/RAD_Pages/AddressAndContactInfo_Page": null

2024-03-08 00:17:51 - [TEST_STEP][PASSED] - orPath_FilingStatus = "Object Repository/RAD_Pages/FilingStatus_Page": null

2024-03-08 00:17:51 - [TEST_STEP][PASSED] - orPath_Amount = "Object Repository/RAD_Pages/PaymentAmount_Page": null

2024-03-08 00:17:51 - [TEST_STEP][PASSED] - orPath_TaxInfo = "Object Repository/RAD_Pages/TaxInfo_Page": null

2024-03-08 00:17:51 - [TEST_STEP][PASSED] - orPath_Withholding = "Object Repository/RAD_Pages/Withholding_Page": null

2024-03-08 00:17:51 - [TEST_STEP][PASSED] - orPath_Summary = "Object Repository/RAD_Pages/Summary_Page": null

2024-03-08 00:17:51 - [TEST_STEP][PASSED] - orPath_PaymentReady = "Object Repository/RAD_Pages/PaymentReady_Page": null

2024-03-08 00:17:51 - [TEST_STEP][PASSED] - orPath_PaymentEntry = "Object Repository/RAD_Pages/PaymentEntry_Page": null

2024-03-08 00:17:51 - [TEST_STEP][PASSED] - orPath_PaymentConfirmation = "Object Repository/RAD_Pages/PaymentConfirmation_Page": null

2024-03-08 00:17:51 - [TEST_STEP][PASSED] - orPath_ServiceFeesAccept = "Object Repository/RAD_Pages/ServiceFeeAccept_Page": null

2024-03-08 00:17:51 - [TEST_STEP][PASSED] - selectOptionByLabel(findTestObject(orPath_Landing + "/dd_TaxType"), Taxtype, false): All options with label 'Existing Liability w/Notice Number' are selected in object 'Object Repository/RAD_Pages/Landing_Page/dd_TaxType' 

2024-03-08 00:17:52 - [MESSAGE][PASSED] - All options with label 'Existing Liability w/Notice Number' are selected in object 'Object Repository/RAD_Pages/Landing_Page/dd_TaxType' 

2024-03-08 00:17:52 - [TEST_STEP][PASSED] - delay(1): Delayed 1 second(s)

2024-03-08 00:17:53 - [MESSAGE][PASSED] - Delayed 1 second(s)

2024-03-08 00:17:53 - [TEST_STEP][PASSED] - selectOptionByLabel(findTestObject(orPath_TaxTypeFilingYear + "/select_TaxType_ExistingLiability"), TaxTypeEL, false): All options with label 'Fiduciary Tax' are selected in object 'Object Repository/RAD_Pages/TaxTypeFilingYear_Page/select_TaxType_ExistingLiability' 

2024-03-08 00:17:53 - [MESSAGE][PASSED] - All options with label 'Fiduciary Tax' are selected in object 'Object Repository/RAD_Pages/TaxTypeFilingYear_Page/select_TaxType_ExistingLiability' 

2024-03-08 00:17:53 - [TEST_STEP][PASSED] - setText(findTestObject(orPath_TaxInfo + "/input_NoticeInvoiceNumber"), notInvNumber): Text '123456789' is set on object 'Object Repository/RAD_Pages/TaxInfo_Page/input_NoticeInvoiceNumber'

2024-03-08 00:17:54 - [MESSAGE][PASSED] - Text '123456789' is set on object 'Object Repository/RAD_Pages/TaxInfo_Page/input_NoticeInvoiceNumber'

2024-03-08 00:17:54 - [TEST_STEP][PASSED] - setText(findTestObject(orPath_TaxInfo + "/input_reTypeNoticeInvoiceNumber"), notInvNumber): Text '123456789' is set on object 'Object Repository/RAD_Pages/TaxInfo_Page/input_reTypeNoticeInvoiceNumber'

2024-03-08 00:17:55 - [MESSAGE][PASSED] - Text '123456789' is set on object 'Object Repository/RAD_Pages/TaxInfo_Page/input_reTypeNoticeInvoiceNumber'

2024-03-08 00:17:55 - [TEST_STEP][PASSED] - println(notInvNumber): null

2024-03-08 00:17:55 - [TEST_STEP][PASSED] - if (verifyTextPresent(errorMsg, true)): null

2024-03-08 00:17:56 - [MESSAGE][PASSED] - Text 'Notice Number must be 13 digits in length, with a value greater than zero' is present on page  using regular expression

2024-03-08 00:17:56 - [TEST_STEP][PASSED] - println("Error Message is present on the page"): null

2024-03-08 00:17:56 - [TEST_STEP][PASSED] - out.println("Pass Record Number: " + row): null

2024-03-08 00:17:56 - [TEST_STEP][PASSED] - resText = "Pass": null

2024-03-08 00:17:56 - [TEST_STEP][PASSED] - pages.WriteExcel.demoKey(resText, datText, resColumn, datCloumn, fileLoc, nameSheet, row): pages.WriteExcel.demoKey is PASSED

2024-03-08 00:17:56 - [MESSAGE][PASSED] - pages.WriteExcel.demoKey is PASSED

2024-03-08 00:17:56 - [TEST_STEP][PASSED] - ExecuteTC = findTestData(dataFile).getValue("Execute", row): null

2024-03-08 00:17:56 - [TEST_STEP][PASSED] - Taxtype = findTestData(dataFile).getValue("TaxType", row): null

2024-03-08 00:17:56 - [TEST_STEP][PASSED] - TaxTypeEL = findTestData(dataFile).getValue("TaxTypeEL", row): null

2024-03-08 00:17:56 - [TEST_STEP][PASSED] - notInvNumber = findTestData(dataFile).getValue("NotiInvoNumber", row): null

2024-03-08 00:17:56 - [TEST_STEP][PASSED] - errorMsg = findTestData(dataFile).getValue("ErrorMessage", row): null

2024-03-08 00:17:56 - [TEST_STEP][PASSED] - out.println("Value of Execute is : " + ExecuteTC): null

2024-03-08 00:17:56 - [TEST_STEP][PASSED] - if (ExecuteTC.equalsIgnoreCase("Y")): null

2024-03-08 00:17:56 - [TEST_STEP][PASSED] - out.println("Begin Record Number: " + row): null

2024-03-08 00:17:56 - [TEST_STEP][PASSED] - today = new java.util.Date(): null

2024-03-08 00:17:56 - [TEST_STEP][PASSED] - println(today): null

2024-03-08 00:17:56 - [TEST_STEP][PASSED] - datText = today: null

2024-03-08 00:17:56 - [TEST_STEP][PASSED] - Taxtype = findTestData(dataFile).getValue("TaxType", row): null

2024-03-08 00:17:56 - [TEST_STEP][PASSED] - out.println("Taxtype value is : " + Taxtype): null

2024-03-08 00:17:56 - [TEST_STEP][PASSED] - openBrowser(""): Browser is opened with url: ''

2024-03-08 00:17:56 - [MESSAGE][WARNING] - A browser is already opened. Closing browser and opening a new one

2024-03-08 00:18:12 - [MESSAGE][INFO] - Starting 'Chrome' driver

2024-03-08 00:18:12 - [MESSAGE][INFO] - User set preference: ['acceptInsecureCerts', 'true']

2024-03-08 00:18:12 - [MESSAGE][INFO] - Action delay is set to 0 milliseconds

2024-03-08 00:18:13 - [MESSAGE][PASSED] - Browser is opened with url: ''

2024-03-08 00:18:13 - [TEST_STEP][PASSED] - maximizeWindow(): Current window maximized

2024-03-08 00:18:13 - [MESSAGE][PASSED] - Current window maximized

2024-03-08 00:18:13 - [TEST_STEP][PASSED] - navigateToUrl(RADurl): Navigate to 'https://qa2.velocitypayment.com/client/rad/index.html' successfully

2024-03-08 00:18:15 - [MESSAGE][PASSED] - Navigate to 'https://qa2.velocitypayment.com/client/rad/index.html' successfully

2024-03-08 00:18:15 - [TEST_STEP][PASSED] - orPath_Landing = "Object Repository/RAD_Pages/Landing_Page": null

2024-03-08 00:18:15 - [TEST_STEP][PASSED] - orPath_TaxTypeFilingYear = "Object Repository/RAD_Pages/TaxTypeFilingYear_Page": null

2024-03-08 00:18:15 - [TEST_STEP][PASSED] - orPath_TaxPayer = "Object Repository/RAD_Pages/Taxpayer_Page": null

2024-03-08 00:18:15 - [TEST_STEP][PASSED] - orPath_AddressContact = "Object Repository/RAD_Pages/AddressAndContactInfo_Page": null

2024-03-08 00:18:15 - [TEST_STEP][PASSED] - orPath_FilingStatus = "Object Repository/RAD_Pages/FilingStatus_Page": null

2024-03-08 00:18:15 - [TEST_STEP][PASSED] - orPath_Amount = "Object Repository/RAD_Pages/PaymentAmount_Page": null

2024-03-08 00:18:15 - [TEST_STEP][PASSED] - orPath_TaxInfo = "Object Repository/RAD_Pages/TaxInfo_Page": null

2024-03-08 00:18:15 - [TEST_STEP][PASSED] - orPath_Withholding = "Object Repository/RAD_Pages/Withholding_Page": null

2024-03-08 00:18:15 - [TEST_STEP][PASSED] - orPath_Summary = "Object Repository/RAD_Pages/Summary_Page": null

2024-03-08 00:18:15 - [TEST_STEP][PASSED] - orPath_PaymentReady = "Object Repository/RAD_Pages/PaymentReady_Page": null

2024-03-08 00:18:15 - [TEST_STEP][PASSED] - orPath_PaymentEntry = "Object Repository/RAD_Pages/PaymentEntry_Page": null

2024-03-08 00:18:15 - [TEST_STEP][PASSED] - orPath_PaymentConfirmation = "Object Repository/RAD_Pages/PaymentConfirmation_Page": null

2024-03-08 00:18:15 - [TEST_STEP][PASSED] - orPath_ServiceFeesAccept = "Object Repository/RAD_Pages/ServiceFeeAccept_Page": null

2024-03-08 00:18:15 - [TEST_STEP][PASSED] - selectOptionByLabel(findTestObject(orPath_Landing + "/dd_TaxType"), Taxtype, false): All options with label 'Existing Liability w/Notice Number' are selected in object 'Object Repository/RAD_Pages/Landing_Page/dd_TaxType' 

2024-03-08 00:18:16 - [MESSAGE][PASSED] - All options with label 'Existing Liability w/Notice Number' are selected in object 'Object Repository/RAD_Pages/Landing_Page/dd_TaxType' 

2024-03-08 00:18:16 - [TEST_STEP][PASSED] - delay(1): Delayed 1 second(s)

2024-03-08 00:18:17 - [MESSAGE][PASSED] - Delayed 1 second(s)

2024-03-08 00:18:17 - [TEST_STEP][PASSED] - selectOptionByLabel(findTestObject(orPath_TaxTypeFilingYear + "/select_TaxType_ExistingLiability"), TaxTypeEL, false): All options with label 'Personal Income Tax' are selected in object 'Object Repository/RAD_Pages/TaxTypeFilingYear_Page/select_TaxType_ExistingLiability' 

2024-03-08 00:18:17 - [MESSAGE][PASSED] - All options with label 'Personal Income Tax' are selected in object 'Object Repository/RAD_Pages/TaxTypeFilingYear_Page/select_TaxType_ExistingLiability' 

2024-03-08 00:18:17 - [TEST_STEP][PASSED] - setText(findTestObject(orPath_TaxInfo + "/input_NoticeInvoiceNumber"), notInvNumber): Text '123456789' is set on object 'Object Repository/RAD_Pages/TaxInfo_Page/input_NoticeInvoiceNumber'

2024-03-08 00:18:18 - [MESSAGE][PASSED] - Text '123456789' is set on object 'Object Repository/RAD_Pages/TaxInfo_Page/input_NoticeInvoiceNumber'

2024-03-08 00:18:18 - [TEST_STEP][PASSED] - setText(findTestObject(orPath_TaxInfo + "/input_reTypeNoticeInvoiceNumber"), notInvNumber): Text '123456789' is set on object 'Object Repository/RAD_Pages/TaxInfo_Page/input_reTypeNoticeInvoiceNumber'

2024-03-08 00:18:19 - [MESSAGE][PASSED] - Text '123456789' is set on object 'Object Repository/RAD_Pages/TaxInfo_Page/input_reTypeNoticeInvoiceNumber'

2024-03-08 00:18:19 - [TEST_STEP][PASSED] - println(notInvNumber): null

2024-03-08 00:18:19 - [TEST_STEP][PASSED] - if (verifyTextPresent(errorMsg, true)): null

2024-03-08 00:18:20 - [MESSAGE][PASSED] - Text 'Notice Number must be 13 digits in length, with a value greater than zero' is present on page  using regular expression

2024-03-08 00:18:20 - [TEST_STEP][PASSED] - println("Error Message is present on the page"): null

2024-03-08 00:18:20 - [TEST_STEP][PASSED] - out.println("Pass Record Number: " + row): null

2024-03-08 00:18:20 - [TEST_STEP][PASSED] - resText = "Pass": null

2024-03-08 00:18:20 - [TEST_STEP][PASSED] - pages.WriteExcel.demoKey(resText, datText, resColumn, datCloumn, fileLoc, nameSheet, row): pages.WriteExcel.demoKey is PASSED

2024-03-08 00:18:20 - [MESSAGE][PASSED] - pages.WriteExcel.demoKey is PASSED

2024-03-08 00:18:20 - [TEST_STEP][PASSED] - ExecuteTC = findTestData(dataFile).getValue("Execute", row): null

2024-03-08 00:18:20 - [TEST_STEP][PASSED] - Taxtype = findTestData(dataFile).getValue("TaxType", row): null

2024-03-08 00:18:20 - [TEST_STEP][PASSED] - TaxTypeEL = findTestData(dataFile).getValue("TaxTypeEL", row): null

2024-03-08 00:18:20 - [TEST_STEP][PASSED] - notInvNumber = findTestData(dataFile).getValue("NotiInvoNumber", row): null

2024-03-08 00:18:20 - [TEST_STEP][PASSED] - errorMsg = findTestData(dataFile).getValue("ErrorMessage", row): null

2024-03-08 00:18:20 - [TEST_STEP][PASSED] - out.println("Value of Execute is : " + ExecuteTC): null

2024-03-08 00:18:20 - [TEST_STEP][PASSED] - if (ExecuteTC.equalsIgnoreCase("Y")): null

2024-03-08 00:18:20 - [TEST_STEP][PASSED] - out.println("Begin Record Number: " + row): null

2024-03-08 00:18:20 - [TEST_STEP][PASSED] - today = new java.util.Date(): null

2024-03-08 00:18:20 - [TEST_STEP][PASSED] - println(today): null

2024-03-08 00:18:20 - [TEST_STEP][PASSED] - datText = today: null

2024-03-08 00:18:20 - [TEST_STEP][PASSED] - Taxtype = findTestData(dataFile).getValue("TaxType", row): null

2024-03-08 00:18:20 - [TEST_STEP][PASSED] - out.println("Taxtype value is : " + Taxtype): null

2024-03-08 00:18:20 - [TEST_STEP][PASSED] - openBrowser(""): Browser is opened with url: ''

2024-03-08 00:18:20 - [MESSAGE][WARNING] - A browser is already opened. Closing browser and opening a new one

2024-03-08 00:18:38 - [MESSAGE][INFO] - Starting 'Chrome' driver

2024-03-08 00:18:38 - [MESSAGE][INFO] - User set preference: ['acceptInsecureCerts', 'true']

2024-03-08 00:18:38 - [MESSAGE][INFO] - Action delay is set to 0 milliseconds

2024-03-08 00:18:39 - [MESSAGE][PASSED] - Browser is opened with url: ''

2024-03-08 00:18:39 - [TEST_STEP][PASSED] - maximizeWindow(): Current window maximized

2024-03-08 00:18:39 - [MESSAGE][PASSED] - Current window maximized

2024-03-08 00:18:39 - [TEST_STEP][PASSED] - navigateToUrl(RADurl): Navigate to 'https://qa2.velocitypayment.com/client/rad/index.html' successfully

2024-03-08 00:18:41 - [MESSAGE][PASSED] - Navigate to 'https://qa2.velocitypayment.com/client/rad/index.html' successfully

2024-03-08 00:18:41 - [TEST_STEP][PASSED] - orPath_Landing = "Object Repository/RAD_Pages/Landing_Page": null

2024-03-08 00:18:41 - [TEST_STEP][PASSED] - orPath_TaxTypeFilingYear = "Object Repository/RAD_Pages/TaxTypeFilingYear_Page": null

2024-03-08 00:18:41 - [TEST_STEP][PASSED] - orPath_TaxPayer = "Object Repository/RAD_Pages/Taxpayer_Page": null

2024-03-08 00:18:41 - [TEST_STEP][PASSED] - orPath_AddressContact = "Object Repository/RAD_Pages/AddressAndContactInfo_Page": null

2024-03-08 00:18:41 - [TEST_STEP][PASSED] - orPath_FilingStatus = "Object Repository/RAD_Pages/FilingStatus_Page": null

2024-03-08 00:18:41 - [TEST_STEP][PASSED] - orPath_Amount = "Object Repository/RAD_Pages/PaymentAmount_Page": null

2024-03-08 00:18:41 - [TEST_STEP][PASSED] - orPath_TaxInfo = "Object Repository/RAD_Pages/TaxInfo_Page": null

2024-03-08 00:18:41 - [TEST_STEP][PASSED] - orPath_Withholding = "Object Repository/RAD_Pages/Withholding_Page": null

2024-03-08 00:18:41 - [TEST_STEP][PASSED] - orPath_Summary = "Object Repository/RAD_Pages/Summary_Page": null

2024-03-08 00:18:41 - [TEST_STEP][PASSED] - orPath_PaymentReady = "Object Repository/RAD_Pages/PaymentReady_Page": null

2024-03-08 00:18:41 - [TEST_STEP][PASSED] - orPath_PaymentEntry = "Object Repository/RAD_Pages/PaymentEntry_Page": null

2024-03-08 00:18:41 - [TEST_STEP][PASSED] - orPath_PaymentConfirmation = "Object Repository/RAD_Pages/PaymentConfirmation_Page": null

2024-03-08 00:18:41 - [TEST_STEP][PASSED] - orPath_ServiceFeesAccept = "Object Repository/RAD_Pages/ServiceFeeAccept_Page": null

2024-03-08 00:18:41 - [TEST_STEP][PASSED] - selectOptionByLabel(findTestObject(orPath_Landing + "/dd_TaxType"), Taxtype, false): All options with label 'Existing Liability w/Notice Number' are selected in object 'Object Repository/RAD_Pages/Landing_Page/dd_TaxType' 

2024-03-08 00:18:42 - [MESSAGE][PASSED] - All options with label 'Existing Liability w/Notice Number' are selected in object 'Object Repository/RAD_Pages/Landing_Page/dd_TaxType' 

2024-03-08 00:18:42 - [TEST_STEP][PASSED] - delay(1): Delayed 1 second(s)

2024-03-08 00:18:43 - [MESSAGE][PASSED] - Delayed 1 second(s)

2024-03-08 00:18:43 - [TEST_STEP][PASSED] - selectOptionByLabel(findTestObject(orPath_TaxTypeFilingYear + "/select_TaxType_ExistingLiability"), TaxTypeEL, false): All options with label 'PTE Non-Electing Non-S Corp' are selected in object 'Object Repository/RAD_Pages/TaxTypeFilingYear_Page/select_TaxType_ExistingLiability' 

2024-03-08 00:18:44 - [MESSAGE][PASSED] - All options with label 'PTE Non-Electing Non-S Corp' are selected in object 'Object Repository/RAD_Pages/TaxTypeFilingYear_Page/select_TaxType_ExistingLiability' 

2024-03-08 00:18:44 - [TEST_STEP][PASSED] - setText(findTestObject(orPath_TaxInfo + "/input_NoticeInvoiceNumber"), notInvNumber): Text '123456789' is set on object 'Object Repository/RAD_Pages/TaxInfo_Page/input_NoticeInvoiceNumber'

2024-03-08 00:18:44 - [MESSAGE][PASSED] - Text '123456789' is set on object 'Object Repository/RAD_Pages/TaxInfo_Page/input_NoticeInvoiceNumber'

2024-03-08 00:18:44 - [TEST_STEP][PASSED] - setText(findTestObject(orPath_TaxInfo + "/input_reTypeNoticeInvoiceNumber"), notInvNumber): Text '123456789' is set on object 'Object Repository/RAD_Pages/TaxInfo_Page/input_reTypeNoticeInvoiceNumber'

2024-03-08 00:18:45 - [MESSAGE][PASSED] - Text '123456789' is set on object 'Object Repository/RAD_Pages/TaxInfo_Page/input_reTypeNoticeInvoiceNumber'

2024-03-08 00:18:45 - [TEST_STEP][PASSED] - println(notInvNumber): null

2024-03-08 00:18:45 - [TEST_STEP][PASSED] - if (verifyTextPresent(errorMsg, true)): null

2024-03-08 00:18:46 - [MESSAGE][PASSED] - Text 'Notice Number must be 13 digits in length, with a value greater than zero' is present on page  using regular expression

2024-03-08 00:18:46 - [TEST_STEP][PASSED] - println("Error Message is present on the page"): null

2024-03-08 00:18:46 - [TEST_STEP][PASSED] - out.println("Pass Record Number: " + row): null

2024-03-08 00:18:46 - [TEST_STEP][PASSED] - resText = "Pass": null

2024-03-08 00:18:46 - [TEST_STEP][PASSED] - pages.WriteExcel.demoKey(resText, datText, resColumn, datCloumn, fileLoc, nameSheet, row): pages.WriteExcel.demoKey is PASSED

2024-03-08 00:18:46 - [MESSAGE][PASSED] - pages.WriteExcel.demoKey is PASSED

2024-03-08 00:18:46 - [TEST_STEP][PASSED] - ExecuteTC = findTestData(dataFile).getValue("Execute", row): null

2024-03-08 00:18:46 - [TEST_STEP][PASSED] - Taxtype = findTestData(dataFile).getValue("TaxType", row): null

2024-03-08 00:18:46 - [TEST_STEP][PASSED] - TaxTypeEL = findTestData(dataFile).getValue("TaxTypeEL", row): null

2024-03-08 00:18:46 - [TEST_STEP][PASSED] - notInvNumber = findTestData(dataFile).getValue("NotiInvoNumber", row): null

2024-03-08 00:18:46 - [TEST_STEP][PASSED] - errorMsg = findTestData(dataFile).getValue("ErrorMessage", row): null

2024-03-08 00:18:46 - [TEST_STEP][PASSED] - out.println("Value of Execute is : " + ExecuteTC): null

2024-03-08 00:18:46 - [TEST_STEP][PASSED] - if (ExecuteTC.equalsIgnoreCase("Y")): null

2024-03-08 00:18:46 - [TEST_STEP][PASSED] - out.println("Begin Record Number: " + row): null

2024-03-08 00:18:46 - [TEST_STEP][PASSED] - today = new java.util.Date(): null

2024-03-08 00:18:46 - [TEST_STEP][PASSED] - println(today): null

2024-03-08 00:18:46 - [TEST_STEP][PASSED] - datText = today: null

2024-03-08 00:18:46 - [TEST_STEP][PASSED] - Taxtype = findTestData(dataFile).getValue("TaxType", row): null

2024-03-08 00:18:46 - [TEST_STEP][PASSED] - out.println("Taxtype value is : " + Taxtype): null

2024-03-08 00:18:46 - [TEST_STEP][PASSED] - openBrowser(""): Browser is opened with url: ''

2024-03-08 00:18:46 - [MESSAGE][WARNING] - A browser is already opened. Closing browser and opening a new one

2024-03-08 00:19:02 - [MESSAGE][INFO] - Starting 'Chrome' driver

2024-03-08 00:19:02 - [MESSAGE][INFO] - User set preference: ['acceptInsecureCerts', 'true']

2024-03-08 00:19:02 - [MESSAGE][INFO] - Action delay is set to 0 milliseconds

2024-03-08 00:19:04 - [MESSAGE][PASSED] - Browser is opened with url: ''

2024-03-08 00:19:04 - [TEST_STEP][PASSED] - maximizeWindow(): Current window maximized

2024-03-08 00:19:04 - [MESSAGE][PASSED] - Current window maximized

2024-03-08 00:19:04 - [TEST_STEP][PASSED] - navigateToUrl(RADurl): Navigate to 'https://qa2.velocitypayment.com/client/rad/index.html' successfully

2024-03-08 00:19:19 - [MESSAGE][PASSED] - Navigate to 'https://qa2.velocitypayment.com/client/rad/index.html' successfully

2024-03-08 00:19:19 - [TEST_STEP][PASSED] - orPath_Landing = "Object Repository/RAD_Pages/Landing_Page": null

2024-03-08 00:19:19 - [TEST_STEP][PASSED] - orPath_TaxTypeFilingYear = "Object Repository/RAD_Pages/TaxTypeFilingYear_Page": null

2024-03-08 00:19:19 - [TEST_STEP][PASSED] - orPath_TaxPayer = "Object Repository/RAD_Pages/Taxpayer_Page": null

2024-03-08 00:19:19 - [TEST_STEP][PASSED] - orPath_AddressContact = "Object Repository/RAD_Pages/AddressAndContactInfo_Page": null

2024-03-08 00:19:19 - [TEST_STEP][PASSED] - orPath_FilingStatus = "Object Repository/RAD_Pages/FilingStatus_Page": null

2024-03-08 00:19:19 - [TEST_STEP][PASSED] - orPath_Amount = "Object Repository/RAD_Pages/PaymentAmount_Page": null

2024-03-08 00:19:19 - [TEST_STEP][PASSED] - orPath_TaxInfo = "Object Repository/RAD_Pages/TaxInfo_Page": null

2024-03-08 00:19:19 - [TEST_STEP][PASSED] - orPath_Withholding = "Object Repository/RAD_Pages/Withholding_Page": null

2024-03-08 00:19:19 - [TEST_STEP][PASSED] - orPath_Summary = "Object Repository/RAD_Pages/Summary_Page": null

2024-03-08 00:19:19 - [TEST_STEP][PASSED] - orPath_PaymentReady = "Object Repository/RAD_Pages/PaymentReady_Page": null

2024-03-08 00:19:19 - [TEST_STEP][PASSED] - orPath_PaymentEntry = "Object Repository/RAD_Pages/PaymentEntry_Page": null

2024-03-08 00:19:19 - [TEST_STEP][PASSED] - orPath_PaymentConfirmation = "Object Repository/RAD_Pages/PaymentConfirmation_Page": null

2024-03-08 00:19:19 - [TEST_STEP][PASSED] - orPath_ServiceFeesAccept = "Object Repository/RAD_Pages/ServiceFeeAccept_Page": null

2024-03-08 00:19:19 - [TEST_STEP][PASSED] - selectOptionByLabel(findTestObject(orPath_Landing + "/dd_TaxType"), Taxtype, false): All options with label 'Existing Liability w/Notice Number' are selected in object 'Object Repository/RAD_Pages/Landing_Page/dd_TaxType' 

2024-03-08 00:19:20 - [MESSAGE][PASSED] - All options with label 'Existing Liability w/Notice Number' are selected in object 'Object Repository/RAD_Pages/Landing_Page/dd_TaxType' 

2024-03-08 00:19:20 - [TEST_STEP][PASSED] - delay(1): Delayed 1 second(s)

2024-03-08 00:19:21 - [MESSAGE][PASSED] - Delayed 1 second(s)

2024-03-08 00:19:21 - [TEST_STEP][PASSED] - selectOptionByLabel(findTestObject(orPath_TaxTypeFilingYear + "/select_TaxType_ExistingLiability"), TaxTypeEL, false): All options with label 'PTE Non-Electing S Corp' are selected in object 'Object Repository/RAD_Pages/TaxTypeFilingYear_Page/select_TaxType_ExistingLiability' 

2024-03-08 00:19:22 - [MESSAGE][PASSED] - All options with label 'PTE Non-Electing S Corp' are selected in object 'Object Repository/RAD_Pages/TaxTypeFilingYear_Page/select_TaxType_ExistingLiability' 

2024-03-08 00:19:22 - [TEST_STEP][PASSED] - setText(findTestObject(orPath_TaxInfo + "/input_NoticeInvoiceNumber"), notInvNumber): Text '123456789' is set on object 'Object Repository/RAD_Pages/TaxInfo_Page/input_NoticeInvoiceNumber'

2024-03-08 00:19:23 - [MESSAGE][PASSED] - Text '123456789' is set on object 'Object Repository/RAD_Pages/TaxInfo_Page/input_NoticeInvoiceNumber'

2024-03-08 00:19:23 - [TEST_STEP][PASSED] - setText(findTestObject(orPath_TaxInfo + "/input_reTypeNoticeInvoiceNumber"), notInvNumber): Text '123456789' is set on object 'Object Repository/RAD_Pages/TaxInfo_Page/input_reTypeNoticeInvoiceNumber'

2024-03-08 00:19:23 - [MESSAGE][PASSED] - Text '123456789' is set on object 'Object Repository/RAD_Pages/TaxInfo_Page/input_reTypeNoticeInvoiceNumber'

2024-03-08 00:19:23 - [TEST_STEP][PASSED] - println(notInvNumber): null

2024-03-08 00:19:23 - [TEST_STEP][PASSED] - if (verifyTextPresent(errorMsg, true)): null

2024-03-08 00:19:24 - [MESSAGE][PASSED] - Text 'Notice Number must be 13 digits in length, with a value greater than zero' is present on page  using regular expression

2024-03-08 00:19:24 - [TEST_STEP][PASSED] - println("Error Message is present on the page"): null

2024-03-08 00:19:24 - [TEST_STEP][PASSED] - out.println("Pass Record Number: " + row): null

2024-03-08 00:19:24 - [TEST_STEP][PASSED] - resText = "Pass": null

2024-03-08 00:19:24 - [TEST_STEP][PASSED] - pages.WriteExcel.demoKey(resText, datText, resColumn, datCloumn, fileLoc, nameSheet, row): pages.WriteExcel.demoKey is PASSED

2024-03-08 00:19:24 - [MESSAGE][PASSED] - pages.WriteExcel.demoKey is PASSED

2024-03-08 00:19:24 - [TEST_STEP][PASSED] - ExecuteTC = findTestData(dataFile).getValue("Execute", row): null

2024-03-08 00:19:24 - [TEST_STEP][PASSED] - Taxtype = findTestData(dataFile).getValue("TaxType", row): null

2024-03-08 00:19:24 - [TEST_STEP][PASSED] - TaxTypeEL = findTestData(dataFile).getValue("TaxTypeEL", row): null

2024-03-08 00:19:24 - [TEST_STEP][PASSED] - notInvNumber = findTestData(dataFile).getValue("NotiInvoNumber", row): null

2024-03-08 00:19:24 - [TEST_STEP][PASSED] - errorMsg = findTestData(dataFile).getValue("ErrorMessage", row): null

2024-03-08 00:19:24 - [TEST_STEP][PASSED] - out.println("Value of Execute is : " + ExecuteTC): null

2024-03-08 00:19:24 - [TEST_STEP][PASSED] - if (ExecuteTC.equalsIgnoreCase("Y")): null

2024-03-08 00:19:24 - [TEST_STEP][PASSED] - out.println("Begin Record Number: " + row): null

2024-03-08 00:19:24 - [TEST_STEP][PASSED] - today = new java.util.Date(): null

2024-03-08 00:19:24 - [TEST_STEP][PASSED] - println(today): null

2024-03-08 00:19:24 - [TEST_STEP][PASSED] - datText = today: null

2024-03-08 00:19:24 - [TEST_STEP][PASSED] - Taxtype = findTestData(dataFile).getValue("TaxType", row): null

2024-03-08 00:19:24 - [TEST_STEP][PASSED] - out.println("Taxtype value is : " + Taxtype): null

2024-03-08 00:19:24 - [TEST_STEP][PASSED] - openBrowser(""): Browser is opened with url: ''

2024-03-08 00:19:24 - [MESSAGE][WARNING] - A browser is already opened. Closing browser and opening a new one

2024-03-08 00:19:39 - [MESSAGE][INFO] - Starting 'Chrome' driver

2024-03-08 00:19:39 - [MESSAGE][INFO] - User set preference: ['acceptInsecureCerts', 'true']

2024-03-08 00:19:39 - [MESSAGE][INFO] - Action delay is set to 0 milliseconds

2024-03-08 00:19:41 - [MESSAGE][PASSED] - Browser is opened with url: ''

2024-03-08 00:19:41 - [TEST_STEP][PASSED] - maximizeWindow(): Current window maximized

2024-03-08 00:19:41 - [MESSAGE][PASSED] - Current window maximized

2024-03-08 00:19:41 - [TEST_STEP][PASSED] - navigateToUrl(RADurl): Navigate to 'https://qa2.velocitypayment.com/client/rad/index.html' successfully

2024-03-08 00:19:47 - [MESSAGE][PASSED] - Navigate to 'https://qa2.velocitypayment.com/client/rad/index.html' successfully

2024-03-08 00:19:47 - [TEST_STEP][PASSED] - orPath_Landing = "Object Repository/RAD_Pages/Landing_Page": null

2024-03-08 00:19:47 - [TEST_STEP][PASSED] - orPath_TaxTypeFilingYear = "Object Repository/RAD_Pages/TaxTypeFilingYear_Page": null

2024-03-08 00:19:47 - [TEST_STEP][PASSED] - orPath_TaxPayer = "Object Repository/RAD_Pages/Taxpayer_Page": null

2024-03-08 00:19:47 - [TEST_STEP][PASSED] - orPath_AddressContact = "Object Repository/RAD_Pages/AddressAndContactInfo_Page": null

2024-03-08 00:19:47 - [TEST_STEP][PASSED] - orPath_FilingStatus = "Object Repository/RAD_Pages/FilingStatus_Page": null

2024-03-08 00:19:47 - [TEST_STEP][PASSED] - orPath_Amount = "Object Repository/RAD_Pages/PaymentAmount_Page": null

2024-03-08 00:19:47 - [TEST_STEP][PASSED] - orPath_TaxInfo = "Object Repository/RAD_Pages/TaxInfo_Page": null

2024-03-08 00:19:47 - [TEST_STEP][PASSED] - orPath_Withholding = "Object Repository/RAD_Pages/Withholding_Page": null

2024-03-08 00:19:47 - [TEST_STEP][PASSED] - orPath_Summary = "Object Repository/RAD_Pages/Summary_Page": null

2024-03-08 00:19:47 - [TEST_STEP][PASSED] - orPath_PaymentReady = "Object Repository/RAD_Pages/PaymentReady_Page": null

2024-03-08 00:19:47 - [TEST_STEP][PASSED] - orPath_PaymentEntry = "Object Repository/RAD_Pages/PaymentEntry_Page": null

2024-03-08 00:19:47 - [TEST_STEP][PASSED] - orPath_PaymentConfirmation = "Object Repository/RAD_Pages/PaymentConfirmation_Page": null

2024-03-08 00:19:47 - [TEST_STEP][PASSED] - orPath_ServiceFeesAccept = "Object Repository/RAD_Pages/ServiceFeeAccept_Page": null

2024-03-08 00:19:47 - [TEST_STEP][PASSED] - selectOptionByLabel(findTestObject(orPath_Landing + "/dd_TaxType"), Taxtype, false): All options with label 'Existing Liability w/Notice Number' are selected in object 'Object Repository/RAD_Pages/Landing_Page/dd_TaxType' 

2024-03-08 00:19:48 - [MESSAGE][PASSED] - All options with label 'Existing Liability w/Notice Number' are selected in object 'Object Repository/RAD_Pages/Landing_Page/dd_TaxType' 

2024-03-08 00:19:48 - [TEST_STEP][PASSED] - delay(1): Delayed 1 second(s)

2024-03-08 00:19:49 - [MESSAGE][PASSED] - Delayed 1 second(s)

2024-03-08 00:19:49 - [TEST_STEP][PASSED] - selectOptionByLabel(findTestObject(orPath_TaxTypeFilingYear + "/select_TaxType_ExistingLiability"), TaxTypeEL, false): All options with label 'Sales & Use Tax' are selected in object 'Object Repository/RAD_Pages/TaxTypeFilingYear_Page/select_TaxType_ExistingLiability' 

2024-03-08 00:19:50 - [MESSAGE][PASSED] - All options with label 'Sales & Use Tax' are selected in object 'Object Repository/RAD_Pages/TaxTypeFilingYear_Page/select_TaxType_ExistingLiability' 

2024-03-08 00:19:50 - [TEST_STEP][PASSED] - setText(findTestObject(orPath_TaxInfo + "/input_NoticeInvoiceNumber"), notInvNumber): Text '123456789' is set on object 'Object Repository/RAD_Pages/TaxInfo_Page/input_NoticeInvoiceNumber'

2024-03-08 00:19:51 - [MESSAGE][PASSED] - Text '123456789' is set on object 'Object Repository/RAD_Pages/TaxInfo_Page/input_NoticeInvoiceNumber'

2024-03-08 00:19:51 - [TEST_STEP][PASSED] - setText(findTestObject(orPath_TaxInfo + "/input_reTypeNoticeInvoiceNumber"), notInvNumber): Text '123456789' is set on object 'Object Repository/RAD_Pages/TaxInfo_Page/input_reTypeNoticeInvoiceNumber'

2024-03-08 00:19:51 - [MESSAGE][PASSED] - Text '123456789' is set on object 'Object Repository/RAD_Pages/TaxInfo_Page/input_reTypeNoticeInvoiceNumber'

2024-03-08 00:19:51 - [TEST_STEP][PASSED] - println(notInvNumber): null

2024-03-08 00:19:51 - [TEST_STEP][PASSED] - if (verifyTextPresent(errorMsg, true)): null

2024-03-08 00:19:52 - [MESSAGE][PASSED] - Text 'Notice Number must be 13 digits in length, with a value greater than zero' is present on page  using regular expression

2024-03-08 00:19:52 - [TEST_STEP][PASSED] - println("Error Message is present on the page"): null

2024-03-08 00:19:52 - [TEST_STEP][PASSED] - out.println("Pass Record Number: " + row): null

2024-03-08 00:19:52 - [TEST_STEP][PASSED] - resText = "Pass": null

2024-03-08 00:19:52 - [TEST_STEP][PASSED] - pages.WriteExcel.demoKey(resText, datText, resColumn, datCloumn, fileLoc, nameSheet, row): pages.WriteExcel.demoKey is PASSED

2024-03-08 00:19:52 - [MESSAGE][PASSED] - pages.WriteExcel.demoKey is PASSED

2024-03-08 00:19:52 - [TEST_STEP][PASSED] - ExecuteTC = findTestData(dataFile).getValue("Execute", row): null

2024-03-08 00:19:52 - [TEST_STEP][PASSED] - Taxtype = findTestData(dataFile).getValue("TaxType", row): null

2024-03-08 00:19:52 - [TEST_STEP][PASSED] - TaxTypeEL = findTestData(dataFile).getValue("TaxTypeEL", row): null

2024-03-08 00:19:52 - [TEST_STEP][PASSED] - notInvNumber = findTestData(dataFile).getValue("NotiInvoNumber", row): null

2024-03-08 00:19:52 - [TEST_STEP][PASSED] - errorMsg = findTestData(dataFile).getValue("ErrorMessage", row): null

2024-03-08 00:19:52 - [TEST_STEP][PASSED] - out.println("Value of Execute is : " + ExecuteTC): null

2024-03-08 00:19:52 - [TEST_STEP][PASSED] - if (ExecuteTC.equalsIgnoreCase("Y")): null

2024-03-08 00:19:52 - [TEST_STEP][PASSED] - out.println("Begin Record Number: " + row): null

2024-03-08 00:19:52 - [TEST_STEP][PASSED] - today = new java.util.Date(): null

2024-03-08 00:19:52 - [TEST_STEP][PASSED] - println(today): null

2024-03-08 00:19:52 - [TEST_STEP][PASSED] - datText = today: null

2024-03-08 00:19:52 - [TEST_STEP][PASSED] - Taxtype = findTestData(dataFile).getValue("TaxType", row): null

2024-03-08 00:19:52 - [TEST_STEP][PASSED] - out.println("Taxtype value is : " + Taxtype): null

2024-03-08 00:19:52 - [TEST_STEP][PASSED] - openBrowser(""): Browser is opened with url: ''

2024-03-08 00:19:52 - [MESSAGE][WARNING] - A browser is already opened. Closing browser and opening a new one

2024-03-08 00:20:00 - [MESSAGE][INFO] - Starting 'Chrome' driver

2024-03-08 00:20:00 - [MESSAGE][INFO] - User set preference: ['acceptInsecureCerts', 'true']

2024-03-08 00:20:00 - [MESSAGE][INFO] - Action delay is set to 0 milliseconds

2024-03-08 00:20:01 - [MESSAGE][PASSED] - Browser is opened with url: ''

2024-03-08 00:20:01 - [TEST_STEP][PASSED] - maximizeWindow(): Current window maximized

2024-03-08 00:20:01 - [MESSAGE][PASSED] - Current window maximized

2024-03-08 00:20:01 - [TEST_STEP][PASSED] - navigateToUrl(RADurl): Navigate to 'https://qa2.velocitypayment.com/client/rad/index.html' successfully

2024-03-08 00:20:03 - [MESSAGE][PASSED] - Navigate to 'https://qa2.velocitypayment.com/client/rad/index.html' successfully

2024-03-08 00:20:03 - [TEST_STEP][PASSED] - orPath_Landing = "Object Repository/RAD_Pages/Landing_Page": null

2024-03-08 00:20:03 - [TEST_STEP][PASSED] - orPath_TaxTypeFilingYear = "Object Repository/RAD_Pages/TaxTypeFilingYear_Page": null

2024-03-08 00:20:03 - [TEST_STEP][PASSED] - orPath_TaxPayer = "Object Repository/RAD_Pages/Taxpayer_Page": null

2024-03-08 00:20:03 - [TEST_STEP][PASSED] - orPath_AddressContact = "Object Repository/RAD_Pages/AddressAndContactInfo_Page": null

2024-03-08 00:20:03 - [TEST_STEP][PASSED] - orPath_FilingStatus = "Object Repository/RAD_Pages/FilingStatus_Page": null

2024-03-08 00:20:03 - [TEST_STEP][PASSED] - orPath_Amount = "Object Repository/RAD_Pages/PaymentAmount_Page": null

2024-03-08 00:20:03 - [TEST_STEP][PASSED] - orPath_TaxInfo = "Object Repository/RAD_Pages/TaxInfo_Page": null

2024-03-08 00:20:03 - [TEST_STEP][PASSED] - orPath_Withholding = "Object Repository/RAD_Pages/Withholding_Page": null

2024-03-08 00:20:03 - [TEST_STEP][PASSED] - orPath_Summary = "Object Repository/RAD_Pages/Summary_Page": null

2024-03-08 00:20:03 - [TEST_STEP][PASSED] - orPath_PaymentReady = "Object Repository/RAD_Pages/PaymentReady_Page": null

2024-03-08 00:20:03 - [TEST_STEP][PASSED] - orPath_PaymentEntry = "Object Repository/RAD_Pages/PaymentEntry_Page": null

2024-03-08 00:20:03 - [TEST_STEP][PASSED] - orPath_PaymentConfirmation = "Object Repository/RAD_Pages/PaymentConfirmation_Page": null

2024-03-08 00:20:03 - [TEST_STEP][PASSED] - orPath_ServiceFeesAccept = "Object Repository/RAD_Pages/ServiceFeeAccept_Page": null

2024-03-08 00:20:03 - [TEST_STEP][PASSED] - selectOptionByLabel(findTestObject(orPath_Landing + "/dd_TaxType"), Taxtype, false): All options with label 'Existing Liability w/Notice Number' are selected in object 'Object Repository/RAD_Pages/Landing_Page/dd_TaxType' 

2024-03-08 00:20:04 - [MESSAGE][PASSED] - All options with label 'Existing Liability w/Notice Number' are selected in object 'Object Repository/RAD_Pages/Landing_Page/dd_TaxType' 

2024-03-08 00:20:04 - [TEST_STEP][PASSED] - delay(1): Delayed 1 second(s)

2024-03-08 00:20:05 - [MESSAGE][PASSED] - Delayed 1 second(s)

2024-03-08 00:20:05 - [TEST_STEP][PASSED] - selectOptionByLabel(findTestObject(orPath_TaxTypeFilingYear + "/select_TaxType_ExistingLiability"), TaxTypeEL, false): All options with label 'Tire Recycling Fee' are selected in object 'Object Repository/RAD_Pages/TaxTypeFilingYear_Page/select_TaxType_ExistingLiability' 

2024-03-08 00:20:05 - [MESSAGE][PASSED] - All options with label 'Tire Recycling Fee' are selected in object 'Object Repository/RAD_Pages/TaxTypeFilingYear_Page/select_TaxType_ExistingLiability' 

2024-03-08 00:20:05 - [TEST_STEP][PASSED] - setText(findTestObject(orPath_TaxInfo + "/input_NoticeInvoiceNumber"), notInvNumber): Text '123456789' is set on object 'Object Repository/RAD_Pages/TaxInfo_Page/input_NoticeInvoiceNumber'

2024-03-08 00:20:06 - [MESSAGE][PASSED] - Text '123456789' is set on object 'Object Repository/RAD_Pages/TaxInfo_Page/input_NoticeInvoiceNumber'

2024-03-08 00:20:06 - [TEST_STEP][PASSED] - setText(findTestObject(orPath_TaxInfo + "/input_reTypeNoticeInvoiceNumber"), notInvNumber): Text '123456789' is set on object 'Object Repository/RAD_Pages/TaxInfo_Page/input_reTypeNoticeInvoiceNumber'

2024-03-08 00:20:07 - [MESSAGE][PASSED] - Text '123456789' is set on object 'Object Repository/RAD_Pages/TaxInfo_Page/input_reTypeNoticeInvoiceNumber'

2024-03-08 00:20:07 - [TEST_STEP][PASSED] - println(notInvNumber): null

2024-03-08 00:20:07 - [TEST_STEP][PASSED] - if (verifyTextPresent(errorMsg, true)): null

2024-03-08 00:20:08 - [MESSAGE][PASSED] - Text 'Notice Number must be 13 digits in length, with a value greater than zero' is present on page  using regular expression

2024-03-08 00:20:08 - [TEST_STEP][PASSED] - println("Error Message is present on the page"): null

2024-03-08 00:20:08 - [TEST_STEP][PASSED] - out.println("Pass Record Number: " + row): null

2024-03-08 00:20:08 - [TEST_STEP][PASSED] - resText = "Pass": null

2024-03-08 00:20:08 - [TEST_STEP][PASSED] - pages.WriteExcel.demoKey(resText, datText, resColumn, datCloumn, fileLoc, nameSheet, row): pages.WriteExcel.demoKey is PASSED

2024-03-08 00:20:08 - [MESSAGE][PASSED] - pages.WriteExcel.demoKey is PASSED

2024-03-08 00:20:08 - [TEST_STEP][PASSED] - ExecuteTC = findTestData(dataFile).getValue("Execute", row): null

2024-03-08 00:20:08 - [TEST_STEP][PASSED] - Taxtype = findTestData(dataFile).getValue("TaxType", row): null

2024-03-08 00:20:08 - [TEST_STEP][PASSED] - TaxTypeEL = findTestData(dataFile).getValue("TaxTypeEL", row): null

2024-03-08 00:20:08 - [TEST_STEP][PASSED] - notInvNumber = findTestData(dataFile).getValue("NotiInvoNumber", row): null

2024-03-08 00:20:08 - [TEST_STEP][PASSED] - errorMsg = findTestData(dataFile).getValue("ErrorMessage", row): null

2024-03-08 00:20:08 - [TEST_STEP][PASSED] - out.println("Value of Execute is : " + ExecuteTC): null

2024-03-08 00:20:08 - [TEST_STEP][PASSED] - if (ExecuteTC.equalsIgnoreCase("Y")): null

2024-03-08 00:20:08 - [TEST_STEP][PASSED] - out.println("Begin Record Number: " + row): null

2024-03-08 00:20:08 - [TEST_STEP][PASSED] - today = new java.util.Date(): null

2024-03-08 00:20:08 - [TEST_STEP][PASSED] - println(today): null

2024-03-08 00:20:08 - [TEST_STEP][PASSED] - datText = today: null

2024-03-08 00:20:08 - [TEST_STEP][PASSED] - Taxtype = findTestData(dataFile).getValue("TaxType", row): null

2024-03-08 00:20:08 - [TEST_STEP][PASSED] - out.println("Taxtype value is : " + Taxtype): null

2024-03-08 00:20:08 - [TEST_STEP][PASSED] - openBrowser(""): Browser is opened with url: ''

2024-03-08 00:20:08 - [MESSAGE][WARNING] - A browser is already opened. Closing browser and opening a new one

2024-03-08 00:20:34 - [MESSAGE][INFO] - Starting 'Chrome' driver

2024-03-08 00:20:34 - [MESSAGE][INFO] - User set preference: ['acceptInsecureCerts', 'true']

2024-03-08 00:20:34 - [MESSAGE][INFO] - Action delay is set to 0 milliseconds

2024-03-08 00:20:36 - [MESSAGE][PASSED] - Browser is opened with url: ''

2024-03-08 00:20:36 - [TEST_STEP][PASSED] - maximizeWindow(): Current window maximized

2024-03-08 00:20:36 - [MESSAGE][PASSED] - Current window maximized

2024-03-08 00:20:36 - [TEST_STEP][PASSED] - navigateToUrl(RADurl): Navigate to 'https://qa2.velocitypayment.com/client/rad/index.html' successfully

2024-03-08 00:20:48 - [MESSAGE][PASSED] - Navigate to 'https://qa2.velocitypayment.com/client/rad/index.html' successfully

2024-03-08 00:20:48 - [TEST_STEP][PASSED] - orPath_Landing = "Object Repository/RAD_Pages/Landing_Page": null

2024-03-08 00:20:48 - [TEST_STEP][PASSED] - orPath_TaxTypeFilingYear = "Object Repository/RAD_Pages/TaxTypeFilingYear_Page": null

2024-03-08 00:20:48 - [TEST_STEP][PASSED] - orPath_TaxPayer = "Object Repository/RAD_Pages/Taxpayer_Page": null

2024-03-08 00:20:48 - [TEST_STEP][PASSED] - orPath_AddressContact = "Object Repository/RAD_Pages/AddressAndContactInfo_Page": null

2024-03-08 00:20:48 - [TEST_STEP][PASSED] - orPath_FilingStatus = "Object Repository/RAD_Pages/FilingStatus_Page": null

2024-03-08 00:20:48 - [TEST_STEP][PASSED] - orPath_Amount = "Object Repository/RAD_Pages/PaymentAmount_Page": null

2024-03-08 00:20:48 - [TEST_STEP][PASSED] - orPath_TaxInfo = "Object Repository/RAD_Pages/TaxInfo_Page": null

2024-03-08 00:20:48 - [TEST_STEP][PASSED] - orPath_Withholding = "Object Repository/RAD_Pages/Withholding_Page": null

2024-03-08 00:20:48 - [TEST_STEP][PASSED] - orPath_Summary = "Object Repository/RAD_Pages/Summary_Page": null

2024-03-08 00:20:48 - [TEST_STEP][PASSED] - orPath_PaymentReady = "Object Repository/RAD_Pages/PaymentReady_Page": null

2024-03-08 00:20:48 - [TEST_STEP][PASSED] - orPath_PaymentEntry = "Object Repository/RAD_Pages/PaymentEntry_Page": null

2024-03-08 00:20:48 - [TEST_STEP][PASSED] - orPath_PaymentConfirmation = "Object Repository/RAD_Pages/PaymentConfirmation_Page": null

2024-03-08 00:20:48 - [TEST_STEP][PASSED] - orPath_ServiceFeesAccept = "Object Repository/RAD_Pages/ServiceFeeAccept_Page": null

2024-03-08 00:20:48 - [TEST_STEP][PASSED] - selectOptionByLabel(findTestObject(orPath_Landing + "/dd_TaxType"), Taxtype, false): All options with label 'Existing Liability w/Notice Number' are selected in object 'Object Repository/RAD_Pages/Landing_Page/dd_TaxType' 

2024-03-08 00:20:49 - [MESSAGE][PASSED] - All options with label 'Existing Liability w/Notice Number' are selected in object 'Object Repository/RAD_Pages/Landing_Page/dd_TaxType' 

2024-03-08 00:20:49 - [TEST_STEP][PASSED] - delay(1): Delayed 1 second(s)

2024-03-08 00:20:50 - [MESSAGE][PASSED] - Delayed 1 second(s)

2024-03-08 00:20:50 - [TEST_STEP][PASSED] - selectOptionByLabel(findTestObject(orPath_TaxTypeFilingYear + "/select_TaxType_ExistingLiability"), TaxTypeEL, false): All options with label 'Withholding Tax' are selected in object 'Object Repository/RAD_Pages/TaxTypeFilingYear_Page/select_TaxType_ExistingLiability' 

2024-03-08 00:20:51 - [MESSAGE][PASSED] - All options with label 'Withholding Tax' are selected in object 'Object Repository/RAD_Pages/TaxTypeFilingYear_Page/select_TaxType_ExistingLiability' 

2024-03-08 00:20:51 - [TEST_STEP][PASSED] - setText(findTestObject(orPath_TaxInfo + "/input_NoticeInvoiceNumber"), notInvNumber): Text '123456789' is set on object 'Object Repository/RAD_Pages/TaxInfo_Page/input_NoticeInvoiceNumber'

2024-03-08 00:20:52 - [MESSAGE][PASSED] - Text '123456789' is set on object 'Object Repository/RAD_Pages/TaxInfo_Page/input_NoticeInvoiceNumber'

2024-03-08 00:20:52 - [TEST_STEP][PASSED] - setText(findTestObject(orPath_TaxInfo + "/input_reTypeNoticeInvoiceNumber"), notInvNumber): Text '123456789' is set on object 'Object Repository/RAD_Pages/TaxInfo_Page/input_reTypeNoticeInvoiceNumber'

2024-03-08 00:20:53 - [MESSAGE][PASSED] - Text '123456789' is set on object 'Object Repository/RAD_Pages/TaxInfo_Page/input_reTypeNoticeInvoiceNumber'

2024-03-08 00:20:53 - [TEST_STEP][PASSED] - println(notInvNumber): null

2024-03-08 00:20:53 - [TEST_STEP][PASSED] - if (verifyTextPresent(errorMsg, true)): null

2024-03-08 00:20:53 - [MESSAGE][PASSED] - Text 'Notice Number must be 13 digits in length, with a value greater than zero' is present on page  using regular expression

2024-03-08 00:20:53 - [TEST_STEP][PASSED] - println("Error Message is present on the page"): null

2024-03-08 00:20:53 - [TEST_STEP][PASSED] - out.println("Pass Record Number: " + row): null

2024-03-08 00:20:53 - [TEST_STEP][PASSED] - resText = "Pass": null

2024-03-08 00:20:53 - [TEST_STEP][PASSED] - pages.WriteExcel.demoKey(resText, datText, resColumn, datCloumn, fileLoc, nameSheet, row): pages.WriteExcel.demoKey is PASSED

2024-03-08 00:20:53 - [MESSAGE][PASSED] - pages.WriteExcel.demoKey is PASSED

2024-03-08 00:20:53 - [TEST_STEP][PASSED] - ExecuteTC = findTestData(dataFile).getValue("Execute", row): null

2024-03-08 00:20:53 - [TEST_STEP][PASSED] - Taxtype = findTestData(dataFile).getValue("TaxType", row): null

2024-03-08 00:20:53 - [TEST_STEP][PASSED] - TaxTypeEL = findTestData(dataFile).getValue("TaxTypeEL", row): null

2024-03-08 00:20:53 - [TEST_STEP][PASSED] - notInvNumber = findTestData(dataFile).getValue("NotiInvoNumber", row): null

2024-03-08 00:20:53 - [TEST_STEP][PASSED] - errorMsg = findTestData(dataFile).getValue("ErrorMessage", row): null

2024-03-08 00:20:53 - [TEST_STEP][PASSED] - out.println("Value of Execute is : " + ExecuteTC): null

2024-03-08 00:20:53 - [TEST_STEP][PASSED] - if (ExecuteTC.equalsIgnoreCase("Y")): null

2024-03-08 00:20:53 - [TEST_STEP][PASSED] - out.println("Begin Record Number: " + row): null

2024-03-08 00:20:53 - [TEST_STEP][PASSED] - today = new java.util.Date(): null

2024-03-08 00:20:53 - [TEST_STEP][PASSED] - println(today): null

2024-03-08 00:20:53 - [TEST_STEP][PASSED] - datText = today: null

2024-03-08 00:20:53 - [TEST_STEP][PASSED] - Taxtype = findTestData(dataFile).getValue("TaxType", row): null

2024-03-08 00:20:53 - [TEST_STEP][PASSED] - out.println("Taxtype value is : " + Taxtype): null

2024-03-08 00:20:53 - [TEST_STEP][PASSED] - openBrowser(""): Browser is opened with url: ''

2024-03-08 00:20:53 - [MESSAGE][WARNING] - A browser is already opened. Closing browser and opening a new one

2024-03-08 00:21:19 - [MESSAGE][INFO] - Starting 'Chrome' driver

2024-03-08 00:21:19 - [MESSAGE][INFO] - User set preference: ['acceptInsecureCerts', 'true']

2024-03-08 00:21:19 - [MESSAGE][INFO] - Action delay is set to 0 milliseconds

2024-03-08 00:21:20 - [MESSAGE][PASSED] - Browser is opened with url: ''

2024-03-08 00:21:20 - [TEST_STEP][PASSED] - maximizeWindow(): Current window maximized

2024-03-08 00:21:21 - [MESSAGE][PASSED] - Current window maximized

2024-03-08 00:21:21 - [TEST_STEP][PASSED] - navigateToUrl(RADurl): Navigate to 'https://qa2.velocitypayment.com/client/rad/index.html' successfully

2024-03-08 00:21:28 - [MESSAGE][PASSED] - Navigate to 'https://qa2.velocitypayment.com/client/rad/index.html' successfully

2024-03-08 00:21:28 - [TEST_STEP][PASSED] - orPath_Landing = "Object Repository/RAD_Pages/Landing_Page": null

2024-03-08 00:21:28 - [TEST_STEP][PASSED] - orPath_TaxTypeFilingYear = "Object Repository/RAD_Pages/TaxTypeFilingYear_Page": null

2024-03-08 00:21:28 - [TEST_STEP][PASSED] - orPath_TaxPayer = "Object Repository/RAD_Pages/Taxpayer_Page": null

2024-03-08 00:21:28 - [TEST_STEP][PASSED] - orPath_AddressContact = "Object Repository/RAD_Pages/AddressAndContactInfo_Page": null

2024-03-08 00:21:28 - [TEST_STEP][PASSED] - orPath_FilingStatus = "Object Repository/RAD_Pages/FilingStatus_Page": null

2024-03-08 00:21:28 - [TEST_STEP][PASSED] - orPath_Amount = "Object Repository/RAD_Pages/PaymentAmount_Page": null

2024-03-08 00:21:28 - [TEST_STEP][PASSED] - orPath_TaxInfo = "Object Repository/RAD_Pages/TaxInfo_Page": null

2024-03-08 00:21:28 - [TEST_STEP][PASSED] - orPath_Withholding = "Object Repository/RAD_Pages/Withholding_Page": null

2024-03-08 00:21:28 - [TEST_STEP][PASSED] - orPath_Summary = "Object Repository/RAD_Pages/Summary_Page": null

2024-03-08 00:21:28 - [TEST_STEP][PASSED] - orPath_PaymentReady = "Object Repository/RAD_Pages/PaymentReady_Page": null

2024-03-08 00:21:28 - [TEST_STEP][PASSED] - orPath_PaymentEntry = "Object Repository/RAD_Pages/PaymentEntry_Page": null

2024-03-08 00:21:28 - [TEST_STEP][PASSED] - orPath_PaymentConfirmation = "Object Repository/RAD_Pages/PaymentConfirmation_Page": null

2024-03-08 00:21:28 - [TEST_STEP][PASSED] - orPath_ServiceFeesAccept = "Object Repository/RAD_Pages/ServiceFeeAccept_Page": null

2024-03-08 00:21:28 - [TEST_STEP][PASSED] - selectOptionByLabel(findTestObject(orPath_Landing + "/dd_TaxType"), Taxtype, false): All options with label 'Existing Liability w/Notice Number' are selected in object 'Object Repository/RAD_Pages/Landing_Page/dd_TaxType' 

2024-03-08 00:21:29 - [MESSAGE][PASSED] - All options with label 'Existing Liability w/Notice Number' are selected in object 'Object Repository/RAD_Pages/Landing_Page/dd_TaxType' 

2024-03-08 00:21:29 - [TEST_STEP][PASSED] - delay(1): Delayed 1 second(s)

2024-03-08 00:21:30 - [MESSAGE][PASSED] - Delayed 1 second(s)

2024-03-08 00:21:30 - [TEST_STEP][PASSED] - selectOptionByLabel(findTestObject(orPath_TaxTypeFilingYear + "/select_TaxType_ExistingLiability"), TaxTypeEL, false): All options with label 'Alcohol Tax' are selected in object 'Object Repository/RAD_Pages/TaxTypeFilingYear_Page/select_TaxType_ExistingLiability' 

2024-03-08 00:21:31 - [MESSAGE][PASSED] - All options with label 'Alcohol Tax' are selected in object 'Object Repository/RAD_Pages/TaxTypeFilingYear_Page/select_TaxType_ExistingLiability' 

2024-03-08 00:21:31 - [TEST_STEP][PASSED] - setText(findTestObject(orPath_TaxInfo + "/input_NoticeInvoiceNumber"), notInvNumber): Text '123456789' is set on object 'Object Repository/RAD_Pages/TaxInfo_Page/input_NoticeInvoiceNumber'

2024-03-08 00:21:31 - [MESSAGE][PASSED] - Text '123456789' is set on object 'Object Repository/RAD_Pages/TaxInfo_Page/input_NoticeInvoiceNumber'

2024-03-08 00:21:31 - [TEST_STEP][PASSED] - setText(findTestObject(orPath_TaxInfo + "/input_reTypeNoticeInvoiceNumber"), notInvNumber): Text '123456789' is set on object 'Object Repository/RAD_Pages/TaxInfo_Page/input_reTypeNoticeInvoiceNumber'

2024-03-08 00:21:32 - [MESSAGE][PASSED] - Text '123456789' is set on object 'Object Repository/RAD_Pages/TaxInfo_Page/input_reTypeNoticeInvoiceNumber'

2024-03-08 00:21:32 - [TEST_STEP][PASSED] - println(notInvNumber): null

2024-03-08 00:21:32 - [TEST_STEP][PASSED] - if (verifyTextPresent(errorMsg, true)): null

2024-03-08 00:21:33 - [MESSAGE][PASSED] - Text 'Invoice Number must be 10 or 13 digits in length, with a value greater than zero' is present on page  using regular expression

2024-03-08 00:21:33 - [TEST_STEP][PASSED] - println("Error Message is present on the page"): null

2024-03-08 00:21:33 - [TEST_STEP][PASSED] - out.println("Pass Record Number: " + row): null

2024-03-08 00:21:33 - [TEST_STEP][PASSED] - resText = "Pass": null

2024-03-08 00:21:33 - [TEST_STEP][PASSED] - pages.WriteExcel.demoKey(resText, datText, resColumn, datCloumn, fileLoc, nameSheet, row): pages.WriteExcel.demoKey is PASSED

2024-03-08 00:21:33 - [MESSAGE][PASSED] - pages.WriteExcel.demoKey is PASSED

2024-03-08 00:21:33 - [TEST_STEP][PASSED] - ExecuteTC = findTestData(dataFile).getValue("Execute", row): null

2024-03-08 00:21:33 - [TEST_STEP][PASSED] - Taxtype = findTestData(dataFile).getValue("TaxType", row): null

2024-03-08 00:21:33 - [TEST_STEP][PASSED] - TaxTypeEL = findTestData(dataFile).getValue("TaxTypeEL", row): null

2024-03-08 00:21:33 - [TEST_STEP][PASSED] - notInvNumber = findTestData(dataFile).getValue("NotiInvoNumber", row): null

2024-03-08 00:21:33 - [TEST_STEP][PASSED] - errorMsg = findTestData(dataFile).getValue("ErrorMessage", row): null

2024-03-08 00:21:33 - [TEST_STEP][PASSED] - out.println("Value of Execute is : " + ExecuteTC): null

2024-03-08 00:21:33 - [TEST_STEP][PASSED] - if (ExecuteTC.equalsIgnoreCase("Y")): null

2024-03-08 00:21:33 - [TEST_STEP][PASSED] - out.println("Begin Record Number: " + row): null

2024-03-08 00:21:33 - [TEST_STEP][PASSED] - today = new java.util.Date(): null

2024-03-08 00:21:33 - [TEST_STEP][PASSED] - println(today): null

2024-03-08 00:21:33 - [TEST_STEP][PASSED] - datText = today: null

2024-03-08 00:21:33 - [TEST_STEP][PASSED] - Taxtype = findTestData(dataFile).getValue("TaxType", row): null

2024-03-08 00:21:33 - [TEST_STEP][PASSED] - out.println("Taxtype value is : " + Taxtype): null

2024-03-08 00:21:33 - [TEST_STEP][PASSED] - openBrowser(""): Browser is opened with url: ''

2024-03-08 00:21:33 - [MESSAGE][WARNING] - A browser is already opened. Closing browser and opening a new one

2024-03-08 00:21:56 - [MESSAGE][INFO] - Starting 'Chrome' driver

2024-03-08 00:21:56 - [MESSAGE][INFO] - User set preference: ['acceptInsecureCerts', 'true']

2024-03-08 00:21:56 - [MESSAGE][INFO] - Action delay is set to 0 milliseconds

2024-03-08 00:21:58 - [MESSAGE][PASSED] - Browser is opened with url: ''

2024-03-08 00:21:58 - [TEST_STEP][PASSED] - maximizeWindow(): Current window maximized

2024-03-08 00:21:58 - [MESSAGE][PASSED] - Current window maximized

2024-03-08 00:21:58 - [TEST_STEP][PASSED] - navigateToUrl(RADurl): Navigate to 'https://qa2.velocitypayment.com/client/rad/index.html' successfully

2024-03-08 00:22:05 - [MESSAGE][PASSED] - Navigate to 'https://qa2.velocitypayment.com/client/rad/index.html' successfully

2024-03-08 00:22:05 - [TEST_STEP][PASSED] - orPath_Landing = "Object Repository/RAD_Pages/Landing_Page": null

2024-03-08 00:22:05 - [TEST_STEP][PASSED] - orPath_TaxTypeFilingYear = "Object Repository/RAD_Pages/TaxTypeFilingYear_Page": null

2024-03-08 00:22:05 - [TEST_STEP][PASSED] - orPath_TaxPayer = "Object Repository/RAD_Pages/Taxpayer_Page": null

2024-03-08 00:22:05 - [TEST_STEP][PASSED] - orPath_AddressContact = "Object Repository/RAD_Pages/AddressAndContactInfo_Page": null

2024-03-08 00:22:05 - [TEST_STEP][PASSED] - orPath_FilingStatus = "Object Repository/RAD_Pages/FilingStatus_Page": null

2024-03-08 00:22:05 - [TEST_STEP][PASSED] - orPath_Amount = "Object Repository/RAD_Pages/PaymentAmount_Page": null

2024-03-08 00:22:05 - [TEST_STEP][PASSED] - orPath_TaxInfo = "Object Repository/RAD_Pages/TaxInfo_Page": null

2024-03-08 00:22:05 - [TEST_STEP][PASSED] - orPath_Withholding = "Object Repository/RAD_Pages/Withholding_Page": null

2024-03-08 00:22:05 - [TEST_STEP][PASSED] - orPath_Summary = "Object Repository/RAD_Pages/Summary_Page": null

2024-03-08 00:22:05 - [TEST_STEP][PASSED] - orPath_PaymentReady = "Object Repository/RAD_Pages/PaymentReady_Page": null

2024-03-08 00:22:05 - [TEST_STEP][PASSED] - orPath_PaymentEntry = "Object Repository/RAD_Pages/PaymentEntry_Page": null

2024-03-08 00:22:05 - [TEST_STEP][PASSED] - orPath_PaymentConfirmation = "Object Repository/RAD_Pages/PaymentConfirmation_Page": null

2024-03-08 00:22:05 - [TEST_STEP][PASSED] - orPath_ServiceFeesAccept = "Object Repository/RAD_Pages/ServiceFeeAccept_Page": null

2024-03-08 00:22:05 - [TEST_STEP][PASSED] - selectOptionByLabel(findTestObject(orPath_Landing + "/dd_TaxType"), Taxtype, false): All options with label 'Existing Liability w/Notice Number' are selected in object 'Object Repository/RAD_Pages/Landing_Page/dd_TaxType' 

2024-03-08 00:22:06 - [MESSAGE][PASSED] - All options with label 'Existing Liability w/Notice Number' are selected in object 'Object Repository/RAD_Pages/Landing_Page/dd_TaxType' 

2024-03-08 00:22:06 - [TEST_STEP][PASSED] - delay(1): Delayed 1 second(s)

2024-03-08 00:22:07 - [MESSAGE][PASSED] - Delayed 1 second(s)

2024-03-08 00:22:07 - [TEST_STEP][PASSED] - selectOptionByLabel(findTestObject(orPath_TaxTypeFilingYear + "/select_TaxType_ExistingLiability"), TaxTypeEL, false): All options with label 'Alcohol Tax' are selected in object 'Object Repository/RAD_Pages/TaxTypeFilingYear_Page/select_TaxType_ExistingLiability' 

2024-03-08 00:22:07 - [MESSAGE][PASSED] - All options with label 'Alcohol Tax' are selected in object 'Object Repository/RAD_Pages/TaxTypeFilingYear_Page/select_TaxType_ExistingLiability' 

2024-03-08 00:22:07 - [TEST_STEP][PASSED] - setText(findTestObject(orPath_TaxInfo + "/input_NoticeInvoiceNumber"), notInvNumber): Text '12345678901' is set on object 'Object Repository/RAD_Pages/TaxInfo_Page/input_NoticeInvoiceNumber'

2024-03-08 00:22:08 - [MESSAGE][PASSED] - Text '12345678901' is set on object 'Object Repository/RAD_Pages/TaxInfo_Page/input_NoticeInvoiceNumber'

2024-03-08 00:22:08 - [TEST_STEP][PASSED] - setText(findTestObject(orPath_TaxInfo + "/input_reTypeNoticeInvoiceNumber"), notInvNumber): Text '12345678901' is set on object 'Object Repository/RAD_Pages/TaxInfo_Page/input_reTypeNoticeInvoiceNumber'

2024-03-08 00:22:09 - [MESSAGE][PASSED] - Text '12345678901' is set on object 'Object Repository/RAD_Pages/TaxInfo_Page/input_reTypeNoticeInvoiceNumber'

2024-03-08 00:22:09 - [TEST_STEP][PASSED] - println(notInvNumber): null

2024-03-08 00:22:09 - [TEST_STEP][PASSED] - if (verifyTextPresent(errorMsg, true)): null

2024-03-08 00:22:10 - [MESSAGE][PASSED] - Text 'Invoice Number must be 10 or 13 digits in length, with a value greater than zero' is present on page  using regular expression

2024-03-08 00:22:10 - [TEST_STEP][PASSED] - println("Error Message is present on the page"): null

2024-03-08 00:22:10 - [TEST_STEP][PASSED] - out.println("Pass Record Number: " + row): null

2024-03-08 00:22:10 - [TEST_STEP][PASSED] - resText = "Pass": null

2024-03-08 00:22:10 - [TEST_STEP][PASSED] - pages.WriteExcel.demoKey(resText, datText, resColumn, datCloumn, fileLoc, nameSheet, row): pages.WriteExcel.demoKey is PASSED

2024-03-08 00:22:10 - [MESSAGE][PASSED] - pages.WriteExcel.demoKey is PASSED

2024-03-08 00:22:10 - [TEST_STEP][PASSED] - ExecuteTC = findTestData(dataFile).getValue("Execute", row): null

2024-03-08 00:22:10 - [TEST_STEP][PASSED] - Taxtype = findTestData(dataFile).getValue("TaxType", row): null

2024-03-08 00:22:10 - [TEST_STEP][PASSED] - TaxTypeEL = findTestData(dataFile).getValue("TaxTypeEL", row): null

2024-03-08 00:22:10 - [TEST_STEP][PASSED] - notInvNumber = findTestData(dataFile).getValue("NotiInvoNumber", row): null

2024-03-08 00:22:10 - [TEST_STEP][PASSED] - errorMsg = findTestData(dataFile).getValue("ErrorMessage", row): null

2024-03-08 00:22:10 - [TEST_STEP][PASSED] - out.println("Value of Execute is : " + ExecuteTC): null

2024-03-08 00:22:10 - [TEST_STEP][PASSED] - if (ExecuteTC.equalsIgnoreCase("Y")): null

2024-03-08 00:22:10 - [TEST_STEP][PASSED] - out.println("Begin Record Number: " + row): null

2024-03-08 00:22:10 - [TEST_STEP][PASSED] - today = new java.util.Date(): null

2024-03-08 00:22:10 - [TEST_STEP][PASSED] - println(today): null

2024-03-08 00:22:10 - [TEST_STEP][PASSED] - datText = today: null

2024-03-08 00:22:10 - [TEST_STEP][PASSED] - Taxtype = findTestData(dataFile).getValue("TaxType", row): null

2024-03-08 00:22:10 - [TEST_STEP][PASSED] - out.println("Taxtype value is : " + Taxtype): null

2024-03-08 00:22:10 - [TEST_STEP][PASSED] - openBrowser(""): Browser is opened with url: ''

2024-03-08 00:22:10 - [MESSAGE][WARNING] - A browser is already opened. Closing browser and opening a new one

2024-03-08 00:22:35 - [MESSAGE][INFO] - Starting 'Chrome' driver

2024-03-08 00:22:35 - [MESSAGE][INFO] - User set preference: ['acceptInsecureCerts', 'true']

2024-03-08 00:22:35 - [MESSAGE][INFO] - Action delay is set to 0 milliseconds

2024-03-08 00:22:36 - [MESSAGE][PASSED] - Browser is opened with url: ''

2024-03-08 00:22:36 - [TEST_STEP][PASSED] - maximizeWindow(): Current window maximized

2024-03-08 00:22:37 - [MESSAGE][PASSED] - Current window maximized

2024-03-08 00:22:37 - [TEST_STEP][PASSED] - navigateToUrl(RADurl): Navigate to 'https://qa2.velocitypayment.com/client/rad/index.html' successfully

2024-03-08 00:22:43 - [MESSAGE][PASSED] - Navigate to 'https://qa2.velocitypayment.com/client/rad/index.html' successfully

2024-03-08 00:22:43 - [TEST_STEP][PASSED] - orPath_Landing = "Object Repository/RAD_Pages/Landing_Page": null

2024-03-08 00:22:43 - [TEST_STEP][PASSED] - orPath_TaxTypeFilingYear = "Object Repository/RAD_Pages/TaxTypeFilingYear_Page": null

2024-03-08 00:22:43 - [TEST_STEP][PASSED] - orPath_TaxPayer = "Object Repository/RAD_Pages/Taxpayer_Page": null

2024-03-08 00:22:43 - [TEST_STEP][PASSED] - orPath_AddressContact = "Object Repository/RAD_Pages/AddressAndContactInfo_Page": null

2024-03-08 00:22:43 - [TEST_STEP][PASSED] - orPath_FilingStatus = "Object Repository/RAD_Pages/FilingStatus_Page": null

2024-03-08 00:22:43 - [TEST_STEP][PASSED] - orPath_Amount = "Object Repository/RAD_Pages/PaymentAmount_Page": null

2024-03-08 00:22:43 - [TEST_STEP][PASSED] - orPath_TaxInfo = "Object Repository/RAD_Pages/TaxInfo_Page": null

2024-03-08 00:22:43 - [TEST_STEP][PASSED] - orPath_Withholding = "Object Repository/RAD_Pages/Withholding_Page": null

2024-03-08 00:22:43 - [TEST_STEP][PASSED] - orPath_Summary = "Object Repository/RAD_Pages/Summary_Page": null

2024-03-08 00:22:43 - [TEST_STEP][PASSED] - orPath_PaymentReady = "Object Repository/RAD_Pages/PaymentReady_Page": null

2024-03-08 00:22:43 - [TEST_STEP][PASSED] - orPath_PaymentEntry = "Object Repository/RAD_Pages/PaymentEntry_Page": null

2024-03-08 00:22:43 - [TEST_STEP][PASSED] - orPath_PaymentConfirmation = "Object Repository/RAD_Pages/PaymentConfirmation_Page": null

2024-03-08 00:22:43 - [TEST_STEP][PASSED] - orPath_ServiceFeesAccept = "Object Repository/RAD_Pages/ServiceFeeAccept_Page": null

2024-03-08 00:22:43 - [TEST_STEP][PASSED] - selectOptionByLabel(findTestObject(orPath_Landing + "/dd_TaxType"), Taxtype, false): All options with label 'Existing Liability w/Notice Number' are selected in object 'Object Repository/RAD_Pages/Landing_Page/dd_TaxType' 

2024-03-08 00:22:44 - [MESSAGE][PASSED] - All options with label 'Existing Liability w/Notice Number' are selected in object 'Object Repository/RAD_Pages/Landing_Page/dd_TaxType' 

2024-03-08 00:22:44 - [TEST_STEP][PASSED] - delay(1): Delayed 1 second(s)

2024-03-08 00:22:45 - [MESSAGE][PASSED] - Delayed 1 second(s)

2024-03-08 00:22:45 - [TEST_STEP][PASSED] - selectOptionByLabel(findTestObject(orPath_TaxTypeFilingYear + "/select_TaxType_ExistingLiability"), TaxTypeEL, false): All options with label 'Alcohol Tax' are selected in object 'Object Repository/RAD_Pages/TaxTypeFilingYear_Page/select_TaxType_ExistingLiability' 

2024-03-08 00:22:45 - [MESSAGE][PASSED] - All options with label 'Alcohol Tax' are selected in object 'Object Repository/RAD_Pages/TaxTypeFilingYear_Page/select_TaxType_ExistingLiability' 

2024-03-08 00:22:45 - [TEST_STEP][PASSED] - setText(findTestObject(orPath_TaxInfo + "/input_NoticeInvoiceNumber"), notInvNumber): Text '123456789012' is set on object 'Object Repository/RAD_Pages/TaxInfo_Page/input_NoticeInvoiceNumber'

2024-03-08 00:22:46 - [MESSAGE][PASSED] - Text '123456789012' is set on object 'Object Repository/RAD_Pages/TaxInfo_Page/input_NoticeInvoiceNumber'

2024-03-08 00:22:46 - [TEST_STEP][PASSED] - setText(findTestObject(orPath_TaxInfo + "/input_reTypeNoticeInvoiceNumber"), notInvNumber): Text '123456789012' is set on object 'Object Repository/RAD_Pages/TaxInfo_Page/input_reTypeNoticeInvoiceNumber'

2024-03-08 00:22:47 - [MESSAGE][PASSED] - Text '123456789012' is set on object 'Object Repository/RAD_Pages/TaxInfo_Page/input_reTypeNoticeInvoiceNumber'

2024-03-08 00:22:47 - [TEST_STEP][PASSED] - println(notInvNumber): null

2024-03-08 00:22:47 - [TEST_STEP][PASSED] - if (verifyTextPresent(errorMsg, true)): null

2024-03-08 00:22:48 - [MESSAGE][PASSED] - Text 'Invoice Number must be 10 or 13 digits in length, with a value greater than zero' is present on page  using regular expression

2024-03-08 00:22:48 - [TEST_STEP][PASSED] - println("Error Message is present on the page"): null

2024-03-08 00:22:48 - [TEST_STEP][PASSED] - out.println("Pass Record Number: " + row): null

2024-03-08 00:22:48 - [TEST_STEP][PASSED] - resText = "Pass": null

2024-03-08 00:22:48 - [TEST_STEP][PASSED] - pages.WriteExcel.demoKey(resText, datText, resColumn, datCloumn, fileLoc, nameSheet, row): pages.WriteExcel.demoKey is PASSED

2024-03-08 00:22:48 - [MESSAGE][PASSED] - pages.WriteExcel.demoKey is PASSED

2024-03-08 00:22:48 - [TEST_STEP][PASSED] - ExecuteTC = findTestData(dataFile).getValue("Execute", row): null

2024-03-08 00:22:48 - [TEST_STEP][PASSED] - Taxtype = findTestData(dataFile).getValue("TaxType", row): null

2024-03-08 00:22:48 - [TEST_STEP][PASSED] - TaxTypeEL = findTestData(dataFile).getValue("TaxTypeEL", row): null

2024-03-08 00:22:48 - [TEST_STEP][PASSED] - notInvNumber = findTestData(dataFile).getValue("NotiInvoNumber", row): null

2024-03-08 00:22:48 - [TEST_STEP][PASSED] - errorMsg = findTestData(dataFile).getValue("ErrorMessage", row): null

2024-03-08 00:22:48 - [TEST_STEP][PASSED] - out.println("Value of Execute is : " + ExecuteTC): null

2024-03-08 00:22:48 - [TEST_STEP][PASSED] - if (ExecuteTC.equalsIgnoreCase("Y")): null

2024-03-08 00:22:48 - [TEST_STEP][PASSED] - out.println("Begin Record Number: " + row): null

2024-03-08 00:22:48 - [TEST_STEP][PASSED] - today = new java.util.Date(): null

2024-03-08 00:22:48 - [TEST_STEP][PASSED] - println(today): null

2024-03-08 00:22:48 - [TEST_STEP][PASSED] - datText = today: null

2024-03-08 00:22:48 - [TEST_STEP][PASSED] - Taxtype = findTestData(dataFile).getValue("TaxType", row): null

2024-03-08 00:22:48 - [TEST_STEP][PASSED] - out.println("Taxtype value is : " + Taxtype): null

2024-03-08 00:22:48 - [TEST_STEP][PASSED] - openBrowser(""): Browser is opened with url: ''

2024-03-08 00:22:48 - [MESSAGE][WARNING] - A browser is already opened. Closing browser and opening a new one

2024-03-08 00:23:11 - [MESSAGE][INFO] - Starting 'Chrome' driver

2024-03-08 00:23:11 - [MESSAGE][INFO] - User set preference: ['acceptInsecureCerts', 'true']

2024-03-08 00:23:11 - [MESSAGE][INFO] - Action delay is set to 0 milliseconds

2024-03-08 00:23:12 - [MESSAGE][PASSED] - Browser is opened with url: ''

2024-03-08 00:23:12 - [TEST_STEP][PASSED] - maximizeWindow(): Current window maximized

2024-03-08 00:23:12 - [MESSAGE][PASSED] - Current window maximized

2024-03-08 00:23:12 - [TEST_STEP][PASSED] - navigateToUrl(RADurl): Navigate to 'https://qa2.velocitypayment.com/client/rad/index.html' successfully

2024-03-08 00:23:14 - [MESSAGE][PASSED] - Navigate to 'https://qa2.velocitypayment.com/client/rad/index.html' successfully

2024-03-08 00:23:14 - [TEST_STEP][PASSED] - orPath_Landing = "Object Repository/RAD_Pages/Landing_Page": null

2024-03-08 00:23:14 - [TEST_STEP][PASSED] - orPath_TaxTypeFilingYear = "Object Repository/RAD_Pages/TaxTypeFilingYear_Page": null

2024-03-08 00:23:14 - [TEST_STEP][PASSED] - orPath_TaxPayer = "Object Repository/RAD_Pages/Taxpayer_Page": null

2024-03-08 00:23:14 - [TEST_STEP][PASSED] - orPath_AddressContact = "Object Repository/RAD_Pages/AddressAndContactInfo_Page": null

2024-03-08 00:23:14 - [TEST_STEP][PASSED] - orPath_FilingStatus = "Object Repository/RAD_Pages/FilingStatus_Page": null

2024-03-08 00:23:14 - [TEST_STEP][PASSED] - orPath_Amount = "Object Repository/RAD_Pages/PaymentAmount_Page": null

2024-03-08 00:23:14 - [TEST_STEP][PASSED] - orPath_TaxInfo = "Object Repository/RAD_Pages/TaxInfo_Page": null

2024-03-08 00:23:14 - [TEST_STEP][PASSED] - orPath_Withholding = "Object Repository/RAD_Pages/Withholding_Page": null

2024-03-08 00:23:14 - [TEST_STEP][PASSED] - orPath_Summary = "Object Repository/RAD_Pages/Summary_Page": null

2024-03-08 00:23:14 - [TEST_STEP][PASSED] - orPath_PaymentReady = "Object Repository/RAD_Pages/PaymentReady_Page": null

2024-03-08 00:23:14 - [TEST_STEP][PASSED] - orPath_PaymentEntry = "Object Repository/RAD_Pages/PaymentEntry_Page": null

2024-03-08 00:23:14 - [TEST_STEP][PASSED] - orPath_PaymentConfirmation = "Object Repository/RAD_Pages/PaymentConfirmation_Page": null

2024-03-08 00:23:14 - [TEST_STEP][PASSED] - orPath_ServiceFeesAccept = "Object Repository/RAD_Pages/ServiceFeeAccept_Page": null

2024-03-08 00:23:14 - [TEST_STEP][PASSED] - selectOptionByLabel(findTestObject(orPath_Landing + "/dd_TaxType"), Taxtype, false): All options with label 'Existing Liability w/Notice Number' are selected in object 'Object Repository/RAD_Pages/Landing_Page/dd_TaxType' 

2024-03-08 00:23:15 - [MESSAGE][PASSED] - All options with label 'Existing Liability w/Notice Number' are selected in object 'Object Repository/RAD_Pages/Landing_Page/dd_TaxType' 

2024-03-08 00:23:15 - [TEST_STEP][PASSED] - delay(1): Delayed 1 second(s)

2024-03-08 00:23:16 - [MESSAGE][PASSED] - Delayed 1 second(s)

2024-03-08 00:23:16 - [TEST_STEP][PASSED] - selectOptionByLabel(findTestObject(orPath_TaxTypeFilingYear + "/select_TaxType_ExistingLiability"), TaxTypeEL, false): All options with label 'PTE Tax Electing Non-S Corp' are selected in object 'Object Repository/RAD_Pages/TaxTypeFilingYear_Page/select_TaxType_ExistingLiability' 

2024-03-08 00:23:16 - [MESSAGE][PASSED] - All options with label 'PTE Tax Electing Non-S Corp' are selected in object 'Object Repository/RAD_Pages/TaxTypeFilingYear_Page/select_TaxType_ExistingLiability' 

2024-03-08 00:23:16 - [TEST_STEP][PASSED] - setText(findTestObject(orPath_TaxInfo + "/input_NoticeInvoiceNumber"), notInvNumber): Text '123456789' is set on object 'Object Repository/RAD_Pages/TaxInfo_Page/input_NoticeInvoiceNumber'

2024-03-08 00:23:17 - [MESSAGE][PASSED] - Text '123456789' is set on object 'Object Repository/RAD_Pages/TaxInfo_Page/input_NoticeInvoiceNumber'

2024-03-08 00:23:17 - [TEST_STEP][PASSED] - setText(findTestObject(orPath_TaxInfo + "/input_reTypeNoticeInvoiceNumber"), notInvNumber): Text '123456789' is set on object 'Object Repository/RAD_Pages/TaxInfo_Page/input_reTypeNoticeInvoiceNumber'

2024-03-08 00:23:18 - [MESSAGE][PASSED] - Text '123456789' is set on object 'Object Repository/RAD_Pages/TaxInfo_Page/input_reTypeNoticeInvoiceNumber'

2024-03-08 00:23:18 - [TEST_STEP][PASSED] - println(notInvNumber): null

2024-03-08 00:23:18 - [TEST_STEP][PASSED] - if (verifyTextPresent(errorMsg, true)): null

2024-03-08 00:23:19 - [MESSAGE][PASSED] - Text 'Notice Number must be 13 digits in length, with a value greater than zero' is present on page  using regular expression

2024-03-08 00:23:19 - [TEST_STEP][PASSED] - println("Error Message is present on the page"): null

2024-03-08 00:23:19 - [TEST_STEP][PASSED] - out.println("Pass Record Number: " + row): null

2024-03-08 00:23:19 - [TEST_STEP][PASSED] - resText = "Pass": null

2024-03-08 00:23:19 - [TEST_STEP][PASSED] - pages.WriteExcel.demoKey(resText, datText, resColumn, datCloumn, fileLoc, nameSheet, row): pages.WriteExcel.demoKey is PASSED

2024-03-08 00:23:19 - [MESSAGE][PASSED] - pages.WriteExcel.demoKey is PASSED

2024-03-08 00:23:19 - [TEST_STEP][PASSED] - ExecuteTC = findTestData(dataFile).getValue("Execute", row): null

2024-03-08 00:23:19 - [TEST_STEP][PASSED] - Taxtype = findTestData(dataFile).getValue("TaxType", row): null

2024-03-08 00:23:19 - [TEST_STEP][PASSED] - TaxTypeEL = findTestData(dataFile).getValue("TaxTypeEL", row): null

2024-03-08 00:23:19 - [TEST_STEP][PASSED] - notInvNumber = findTestData(dataFile).getValue("NotiInvoNumber", row): null

2024-03-08 00:23:19 - [TEST_STEP][PASSED] - errorMsg = findTestData(dataFile).getValue("ErrorMessage", row): null

2024-03-08 00:23:19 - [TEST_STEP][PASSED] - out.println("Value of Execute is : " + ExecuteTC): null

2024-03-08 00:23:19 - [TEST_STEP][PASSED] - if (ExecuteTC.equalsIgnoreCase("Y")): null

2024-03-08 00:23:19 - [TEST_STEP][PASSED] - out.println("Begin Record Number: " + row): null

2024-03-08 00:23:19 - [TEST_STEP][PASSED] - today = new java.util.Date(): null

2024-03-08 00:23:19 - [TEST_STEP][PASSED] - println(today): null

2024-03-08 00:23:19 - [TEST_STEP][PASSED] - datText = today: null

2024-03-08 00:23:19 - [TEST_STEP][PASSED] - Taxtype = findTestData(dataFile).getValue("TaxType", row): null

2024-03-08 00:23:19 - [TEST_STEP][PASSED] - out.println("Taxtype value is : " + Taxtype): null

2024-03-08 00:23:19 - [TEST_STEP][PASSED] - openBrowser(""): Browser is opened with url: ''

2024-03-08 00:23:19 - [MESSAGE][WARNING] - A browser is already opened. Closing browser and opening a new one

2024-03-08 00:23:40 - [MESSAGE][INFO] - Starting 'Chrome' driver

2024-03-08 00:23:40 - [MESSAGE][INFO] - User set preference: ['acceptInsecureCerts', 'true']

2024-03-08 00:23:40 - [MESSAGE][INFO] - Action delay is set to 0 milliseconds

2024-03-08 00:23:42 - [MESSAGE][PASSED] - Browser is opened with url: ''

2024-03-08 00:23:42 - [TEST_STEP][PASSED] - maximizeWindow(): Current window maximized

2024-03-08 00:23:42 - [MESSAGE][PASSED] - Current window maximized

2024-03-08 00:23:42 - [TEST_STEP][PASSED] - navigateToUrl(RADurl): Navigate to 'https://qa2.velocitypayment.com/client/rad/index.html' successfully

2024-03-08 00:23:48 - [MESSAGE][PASSED] - Navigate to 'https://qa2.velocitypayment.com/client/rad/index.html' successfully

2024-03-08 00:23:48 - [TEST_STEP][PASSED] - orPath_Landing = "Object Repository/RAD_Pages/Landing_Page": null

2024-03-08 00:23:48 - [TEST_STEP][PASSED] - orPath_TaxTypeFilingYear = "Object Repository/RAD_Pages/TaxTypeFilingYear_Page": null

2024-03-08 00:23:48 - [TEST_STEP][PASSED] - orPath_TaxPayer = "Object Repository/RAD_Pages/Taxpayer_Page": null

2024-03-08 00:23:48 - [TEST_STEP][PASSED] - orPath_AddressContact = "Object Repository/RAD_Pages/AddressAndContactInfo_Page": null

2024-03-08 00:23:48 - [TEST_STEP][PASSED] - orPath_FilingStatus = "Object Repository/RAD_Pages/FilingStatus_Page": null

2024-03-08 00:23:48 - [TEST_STEP][PASSED] - orPath_Amount = "Object Repository/RAD_Pages/PaymentAmount_Page": null

2024-03-08 00:23:48 - [TEST_STEP][PASSED] - orPath_TaxInfo = "Object Repository/RAD_Pages/TaxInfo_Page": null

2024-03-08 00:23:48 - [TEST_STEP][PASSED] - orPath_Withholding = "Object Repository/RAD_Pages/Withholding_Page": null

2024-03-08 00:23:48 - [TEST_STEP][PASSED] - orPath_Summary = "Object Repository/RAD_Pages/Summary_Page": null

2024-03-08 00:23:48 - [TEST_STEP][PASSED] - orPath_PaymentReady = "Object Repository/RAD_Pages/PaymentReady_Page": null

2024-03-08 00:23:48 - [TEST_STEP][PASSED] - orPath_PaymentEntry = "Object Repository/RAD_Pages/PaymentEntry_Page": null

2024-03-08 00:23:48 - [TEST_STEP][PASSED] - orPath_PaymentConfirmation = "Object Repository/RAD_Pages/PaymentConfirmation_Page": null

2024-03-08 00:23:48 - [TEST_STEP][PASSED] - orPath_ServiceFeesAccept = "Object Repository/RAD_Pages/ServiceFeeAccept_Page": null

2024-03-08 00:23:48 - [TEST_STEP][PASSED] - selectOptionByLabel(findTestObject(orPath_Landing + "/dd_TaxType"), Taxtype, false): All options with label 'Existing Liability w/Notice Number' are selected in object 'Object Repository/RAD_Pages/Landing_Page/dd_TaxType' 

2024-03-08 00:23:49 - [MESSAGE][PASSED] - All options with label 'Existing Liability w/Notice Number' are selected in object 'Object Repository/RAD_Pages/Landing_Page/dd_TaxType' 

2024-03-08 00:23:49 - [TEST_STEP][PASSED] - delay(1): Delayed 1 second(s)

2024-03-08 00:23:50 - [MESSAGE][PASSED] - Delayed 1 second(s)

2024-03-08 00:23:50 - [TEST_STEP][PASSED] - selectOptionByLabel(findTestObject(orPath_TaxTypeFilingYear + "/select_TaxType_ExistingLiability"), TaxTypeEL, false): All options with label 'PTE Tax Electing S Corp' are selected in object 'Object Repository/RAD_Pages/TaxTypeFilingYear_Page/select_TaxType_ExistingLiability' 

2024-03-08 00:23:51 - [MESSAGE][PASSED] - All options with label 'PTE Tax Electing S Corp' are selected in object 'Object Repository/RAD_Pages/TaxTypeFilingYear_Page/select_TaxType_ExistingLiability' 

2024-03-08 00:23:51 - [TEST_STEP][PASSED] - setText(findTestObject(orPath_TaxInfo + "/input_NoticeInvoiceNumber"), notInvNumber): Text '123456789' is set on object 'Object Repository/RAD_Pages/TaxInfo_Page/input_NoticeInvoiceNumber'

2024-03-08 00:23:52 - [MESSAGE][PASSED] - Text '123456789' is set on object 'Object Repository/RAD_Pages/TaxInfo_Page/input_NoticeInvoiceNumber'

2024-03-08 00:23:52 - [TEST_STEP][PASSED] - setText(findTestObject(orPath_TaxInfo + "/input_reTypeNoticeInvoiceNumber"), notInvNumber): Text '123456789' is set on object 'Object Repository/RAD_Pages/TaxInfo_Page/input_reTypeNoticeInvoiceNumber'

2024-03-08 00:23:53 - [MESSAGE][PASSED] - Text '123456789' is set on object 'Object Repository/RAD_Pages/TaxInfo_Page/input_reTypeNoticeInvoiceNumber'

2024-03-08 00:23:53 - [TEST_STEP][PASSED] - println(notInvNumber): null

2024-03-08 00:23:53 - [TEST_STEP][PASSED] - if (verifyTextPresent(errorMsg, true)): null

2024-03-08 00:23:53 - [MESSAGE][PASSED] - Text 'Notice Number must be 13 digits in length, with a value greater than zero' is present on page  using regular expression

2024-03-08 00:23:53 - [TEST_STEP][PASSED] - println("Error Message is present on the page"): null

2024-03-08 00:23:53 - [TEST_STEP][PASSED] - out.println("Pass Record Number: " + row): null

2024-03-08 00:23:53 - [TEST_STEP][PASSED] - resText = "Pass": null

2024-03-08 00:23:53 - [TEST_STEP][PASSED] - pages.WriteExcel.demoKey(resText, datText, resColumn, datCloumn, fileLoc, nameSheet, row): pages.WriteExcel.demoKey is PASSED

2024-03-08 00:23:53 - [MESSAGE][PASSED] - pages.WriteExcel.demoKey is PASSED

2024-03-08 00:23:53 - [TEST_STEP][PASSED] - ExecuteTC = findTestData(dataFile).getValue("Execute", row): null

2024-03-08 00:23:53 - [TEST_STEP][PASSED] - Taxtype = findTestData(dataFile).getValue("TaxType", row): null

2024-03-08 00:23:53 - [TEST_STEP][PASSED] - TaxTypeEL = findTestData(dataFile).getValue("TaxTypeEL", row): null

2024-03-08 00:23:53 - [TEST_STEP][PASSED] - notInvNumber = findTestData(dataFile).getValue("NotiInvoNumber", row): null

2024-03-08 00:23:53 - [TEST_STEP][PASSED] - errorMsg = findTestData(dataFile).getValue("ErrorMessage", row): null

2024-03-08 00:23:53 - [TEST_STEP][PASSED] - out.println("Value of Execute is : " + ExecuteTC): null

2024-03-08 00:23:53 - [TEST_STEP][PASSED] - if (ExecuteTC.equalsIgnoreCase("Y")): null

2024-03-08 00:23:53 - [TEST_STEP][PASSED] - out.println("Begin Record Number: " + row): null

2024-03-08 00:23:53 - [TEST_STEP][PASSED] - today = new java.util.Date(): null

2024-03-08 00:23:53 - [TEST_STEP][PASSED] - println(today): null

2024-03-08 00:23:53 - [TEST_STEP][PASSED] - datText = today: null

2024-03-08 00:23:53 - [TEST_STEP][PASSED] - Taxtype = findTestData(dataFile).getValue("TaxType", row): null

2024-03-08 00:23:53 - [TEST_STEP][PASSED] - out.println("Taxtype value is : " + Taxtype): null

2024-03-08 00:23:53 - [TEST_STEP][PASSED] - openBrowser(""): Browser is opened with url: ''

2024-03-08 00:23:53 - [MESSAGE][WARNING] - A browser is already opened. Closing browser and opening a new one

2024-03-08 00:24:00 - [MESSAGE][INFO] - Starting 'Chrome' driver

2024-03-08 00:24:00 - [MESSAGE][INFO] - User set preference: ['acceptInsecureCerts', 'true']

2024-03-08 00:24:00 - [MESSAGE][INFO] - Action delay is set to 0 milliseconds

2024-03-08 00:24:02 - [MESSAGE][PASSED] - Browser is opened with url: ''

2024-03-08 00:24:02 - [TEST_STEP][PASSED] - maximizeWindow(): Current window maximized

2024-03-08 00:24:02 - [MESSAGE][PASSED] - Current window maximized

2024-03-08 00:24:02 - [TEST_STEP][PASSED] - navigateToUrl(RADurl): Navigate to 'https://qa2.velocitypayment.com/client/rad/index.html' successfully

2024-03-08 00:24:04 - [MESSAGE][PASSED] - Navigate to 'https://qa2.velocitypayment.com/client/rad/index.html' successfully

2024-03-08 00:24:04 - [TEST_STEP][PASSED] - orPath_Landing = "Object Repository/RAD_Pages/Landing_Page": null

2024-03-08 00:24:04 - [TEST_STEP][PASSED] - orPath_TaxTypeFilingYear = "Object Repository/RAD_Pages/TaxTypeFilingYear_Page": null

2024-03-08 00:24:04 - [TEST_STEP][PASSED] - orPath_TaxPayer = "Object Repository/RAD_Pages/Taxpayer_Page": null

2024-03-08 00:24:04 - [TEST_STEP][PASSED] - orPath_AddressContact = "Object Repository/RAD_Pages/AddressAndContactInfo_Page": null

2024-03-08 00:24:04 - [TEST_STEP][PASSED] - orPath_FilingStatus = "Object Repository/RAD_Pages/FilingStatus_Page": null

2024-03-08 00:24:04 - [TEST_STEP][PASSED] - orPath_Amount = "Object Repository/RAD_Pages/PaymentAmount_Page": null

2024-03-08 00:24:04 - [TEST_STEP][PASSED] - orPath_TaxInfo = "Object Repository/RAD_Pages/TaxInfo_Page": null

2024-03-08 00:24:04 - [TEST_STEP][PASSED] - orPath_Withholding = "Object Repository/RAD_Pages/Withholding_Page": null

2024-03-08 00:24:04 - [TEST_STEP][PASSED] - orPath_Summary = "Object Repository/RAD_Pages/Summary_Page": null

2024-03-08 00:24:04 - [TEST_STEP][PASSED] - orPath_PaymentReady = "Object Repository/RAD_Pages/PaymentReady_Page": null

2024-03-08 00:24:04 - [TEST_STEP][PASSED] - orPath_PaymentEntry = "Object Repository/RAD_Pages/PaymentEntry_Page": null

2024-03-08 00:24:04 - [TEST_STEP][PASSED] - orPath_PaymentConfirmation = "Object Repository/RAD_Pages/PaymentConfirmation_Page": null

2024-03-08 00:24:04 - [TEST_STEP][PASSED] - orPath_ServiceFeesAccept = "Object Repository/RAD_Pages/ServiceFeeAccept_Page": null

2024-03-08 00:24:04 - [TEST_STEP][PASSED] - selectOptionByLabel(findTestObject(orPath_Landing + "/dd_TaxType"), Taxtype, false): All options with label 'Existing Liability w/Notice Number' are selected in object 'Object Repository/RAD_Pages/Landing_Page/dd_TaxType' 

2024-03-08 00:24:05 - [MESSAGE][PASSED] - All options with label 'Existing Liability w/Notice Number' are selected in object 'Object Repository/RAD_Pages/Landing_Page/dd_TaxType' 

2024-03-08 00:24:05 - [TEST_STEP][PASSED] - delay(1): Delayed 1 second(s)

2024-03-08 00:24:06 - [MESSAGE][PASSED] - Delayed 1 second(s)

2024-03-08 00:24:06 - [TEST_STEP][PASSED] - selectOptionByLabel(findTestObject(orPath_TaxTypeFilingYear + "/select_TaxType_ExistingLiability"), TaxTypeEL, false): All options with label 'Bay Restoration Fee' are selected in object 'Object Repository/RAD_Pages/TaxTypeFilingYear_Page/select_TaxType_ExistingLiability' 

2024-03-08 00:24:06 - [MESSAGE][PASSED] - All options with label 'Bay Restoration Fee' are selected in object 'Object Repository/RAD_Pages/TaxTypeFilingYear_Page/select_TaxType_ExistingLiability' 

2024-03-08 00:24:06 - [TEST_STEP][PASSED] - setText(findTestObject(orPath_TaxInfo + "/input_NoticeInvoiceNumber"), notInvNumber): Text '0000000000000' is set on object 'Object Repository/RAD_Pages/TaxInfo_Page/input_NoticeInvoiceNumber'

2024-03-08 00:24:07 - [MESSAGE][PASSED] - Text '0000000000000' is set on object 'Object Repository/RAD_Pages/TaxInfo_Page/input_NoticeInvoiceNumber'

2024-03-08 00:24:07 - [TEST_STEP][PASSED] - setText(findTestObject(orPath_TaxInfo + "/input_reTypeNoticeInvoiceNumber"), notInvNumber): Text '0000000000000' is set on object 'Object Repository/RAD_Pages/TaxInfo_Page/input_reTypeNoticeInvoiceNumber'

2024-03-08 00:24:08 - [MESSAGE][PASSED] - Text '0000000000000' is set on object 'Object Repository/RAD_Pages/TaxInfo_Page/input_reTypeNoticeInvoiceNumber'

2024-03-08 00:24:08 - [TEST_STEP][PASSED] - println(notInvNumber): null

2024-03-08 00:24:08 - [TEST_STEP][PASSED] - if (verifyTextPresent(errorMsg, true)): null

2024-03-08 00:24:09 - [MESSAGE][PASSED] - Text 'Notice Number must be 13 digits in length, with a value greater than zero' is present on page  using regular expression

2024-03-08 00:24:09 - [TEST_STEP][PASSED] - println("Error Message is present on the page"): null

2024-03-08 00:24:09 - [TEST_STEP][PASSED] - out.println("Pass Record Number: " + row): null

2024-03-08 00:24:09 - [TEST_STEP][PASSED] - resText = "Pass": null

2024-03-08 00:24:09 - [TEST_STEP][PASSED] - pages.WriteExcel.demoKey(resText, datText, resColumn, datCloumn, fileLoc, nameSheet, row): pages.WriteExcel.demoKey is PASSED

2024-03-08 00:24:09 - [MESSAGE][PASSED] - pages.WriteExcel.demoKey is PASSED

2024-03-08 00:24:09 - [TEST_STEP][PASSED] - ExecuteTC = findTestData(dataFile).getValue("Execute", row): null

2024-03-08 00:24:09 - [TEST_STEP][PASSED] - Taxtype = findTestData(dataFile).getValue("TaxType", row): null

2024-03-08 00:24:09 - [TEST_STEP][PASSED] - TaxTypeEL = findTestData(dataFile).getValue("TaxTypeEL", row): null

2024-03-08 00:24:09 - [TEST_STEP][PASSED] - notInvNumber = findTestData(dataFile).getValue("NotiInvoNumber", row): null

2024-03-08 00:24:09 - [TEST_STEP][PASSED] - errorMsg = findTestData(dataFile).getValue("ErrorMessage", row): null

2024-03-08 00:24:09 - [TEST_STEP][PASSED] - out.println("Value of Execute is : " + ExecuteTC): null

2024-03-08 00:24:09 - [TEST_STEP][PASSED] - if (ExecuteTC.equalsIgnoreCase("Y")): null

2024-03-08 00:24:09 - [TEST_STEP][PASSED] - out.println("Begin Record Number: " + row): null

2024-03-08 00:24:09 - [TEST_STEP][PASSED] - today = new java.util.Date(): null

2024-03-08 00:24:09 - [TEST_STEP][PASSED] - println(today): null

2024-03-08 00:24:09 - [TEST_STEP][PASSED] - datText = today: null

2024-03-08 00:24:09 - [TEST_STEP][PASSED] - Taxtype = findTestData(dataFile).getValue("TaxType", row): null

2024-03-08 00:24:09 - [TEST_STEP][PASSED] - out.println("Taxtype value is : " + Taxtype): null

2024-03-08 00:24:09 - [TEST_STEP][PASSED] - openBrowser(""): Browser is opened with url: ''

2024-03-08 00:24:09 - [MESSAGE][WARNING] - A browser is already opened. Closing browser and opening a new one

2024-03-08 00:24:53 - [MESSAGE][INFO] - Starting 'Chrome' driver

2024-03-08 00:24:53 - [MESSAGE][INFO] - User set preference: ['acceptInsecureCerts', 'true']

2024-03-08 00:24:53 - [MESSAGE][INFO] - Action delay is set to 0 milliseconds

2024-03-08 00:24:54 - [MESSAGE][PASSED] - Browser is opened with url: ''

2024-03-08 00:24:54 - [TEST_STEP][PASSED] - maximizeWindow(): Current window maximized

2024-03-08 00:24:54 - [MESSAGE][PASSED] - Current window maximized

2024-03-08 00:24:54 - [TEST_STEP][PASSED] - navigateToUrl(RADurl): Navigate to 'https://qa2.velocitypayment.com/client/rad/index.html' successfully

2024-03-08 00:25:07 - [MESSAGE][PASSED] - Navigate to 'https://qa2.velocitypayment.com/client/rad/index.html' successfully

2024-03-08 00:25:07 - [TEST_STEP][PASSED] - orPath_Landing = "Object Repository/RAD_Pages/Landing_Page": null

2024-03-08 00:25:07 - [TEST_STEP][PASSED] - orPath_TaxTypeFilingYear = "Object Repository/RAD_Pages/TaxTypeFilingYear_Page": null

2024-03-08 00:25:07 - [TEST_STEP][PASSED] - orPath_TaxPayer = "Object Repository/RAD_Pages/Taxpayer_Page": null

2024-03-08 00:25:07 - [TEST_STEP][PASSED] - orPath_AddressContact = "Object Repository/RAD_Pages/AddressAndContactInfo_Page": null

2024-03-08 00:25:07 - [TEST_STEP][PASSED] - orPath_FilingStatus = "Object Repository/RAD_Pages/FilingStatus_Page": null

2024-03-08 00:25:07 - [TEST_STEP][PASSED] - orPath_Amount = "Object Repository/RAD_Pages/PaymentAmount_Page": null

2024-03-08 00:25:07 - [TEST_STEP][PASSED] - orPath_TaxInfo = "Object Repository/RAD_Pages/TaxInfo_Page": null

2024-03-08 00:25:07 - [TEST_STEP][PASSED] - orPath_Withholding = "Object Repository/RAD_Pages/Withholding_Page": null

2024-03-08 00:25:07 - [TEST_STEP][PASSED] - orPath_Summary = "Object Repository/RAD_Pages/Summary_Page": null

2024-03-08 00:25:07 - [TEST_STEP][PASSED] - orPath_PaymentReady = "Object Repository/RAD_Pages/PaymentReady_Page": null

2024-03-08 00:25:07 - [TEST_STEP][PASSED] - orPath_PaymentEntry = "Object Repository/RAD_Pages/PaymentEntry_Page": null

2024-03-08 00:25:07 - [TEST_STEP][PASSED] - orPath_PaymentConfirmation = "Object Repository/RAD_Pages/PaymentConfirmation_Page": null

2024-03-08 00:25:07 - [TEST_STEP][PASSED] - orPath_ServiceFeesAccept = "Object Repository/RAD_Pages/ServiceFeeAccept_Page": null

2024-03-08 00:25:07 - [TEST_STEP][PASSED] - selectOptionByLabel(findTestObject(orPath_Landing + "/dd_TaxType"), Taxtype, false): All options with label 'Existing Liability w/Notice Number' are selected in object 'Object Repository/RAD_Pages/Landing_Page/dd_TaxType' 

2024-03-08 00:25:08 - [MESSAGE][PASSED] - All options with label 'Existing Liability w/Notice Number' are selected in object 'Object Repository/RAD_Pages/Landing_Page/dd_TaxType' 

2024-03-08 00:25:08 - [TEST_STEP][PASSED] - delay(1): Delayed 1 second(s)

2024-03-08 00:25:09 - [MESSAGE][PASSED] - Delayed 1 second(s)

2024-03-08 00:25:09 - [TEST_STEP][PASSED] - selectOptionByLabel(findTestObject(orPath_TaxTypeFilingYear + "/select_TaxType_ExistingLiability"), TaxTypeEL, false): All options with label 'Corporate Income Tax' are selected in object 'Object Repository/RAD_Pages/TaxTypeFilingYear_Page/select_TaxType_ExistingLiability' 

2024-03-08 00:25:10 - [MESSAGE][PASSED] - All options with label 'Corporate Income Tax' are selected in object 'Object Repository/RAD_Pages/TaxTypeFilingYear_Page/select_TaxType_ExistingLiability' 

2024-03-08 00:25:10 - [TEST_STEP][PASSED] - setText(findTestObject(orPath_TaxInfo + "/input_NoticeInvoiceNumber"), notInvNumber): Text '0000000000000' is set on object 'Object Repository/RAD_Pages/TaxInfo_Page/input_NoticeInvoiceNumber'

2024-03-08 00:25:11 - [MESSAGE][PASSED] - Text '0000000000000' is set on object 'Object Repository/RAD_Pages/TaxInfo_Page/input_NoticeInvoiceNumber'

2024-03-08 00:25:11 - [TEST_STEP][PASSED] - setText(findTestObject(orPath_TaxInfo + "/input_reTypeNoticeInvoiceNumber"), notInvNumber): Text '0000000000000' is set on object 'Object Repository/RAD_Pages/TaxInfo_Page/input_reTypeNoticeInvoiceNumber'

2024-03-08 00:25:12 - [MESSAGE][PASSED] - Text '0000000000000' is set on object 'Object Repository/RAD_Pages/TaxInfo_Page/input_reTypeNoticeInvoiceNumber'

2024-03-08 00:25:12 - [TEST_STEP][PASSED] - println(notInvNumber): null

2024-03-08 00:25:12 - [TEST_STEP][PASSED] - if (verifyTextPresent(errorMsg, true)): null

2024-03-08 00:25:12 - [MESSAGE][PASSED] - Text 'Invoice Number must be 10 or 13 digits in length, with a value greater than zero' is present on page  using regular expression

2024-03-08 00:25:12 - [TEST_STEP][PASSED] - println("Error Message is present on the page"): null

2024-03-08 00:25:12 - [TEST_STEP][PASSED] - out.println("Pass Record Number: " + row): null

2024-03-08 00:25:12 - [TEST_STEP][PASSED] - resText = "Pass": null

2024-03-08 00:25:12 - [TEST_STEP][PASSED] - pages.WriteExcel.demoKey(resText, datText, resColumn, datCloumn, fileLoc, nameSheet, row): pages.WriteExcel.demoKey is PASSED

2024-03-08 00:25:12 - [MESSAGE][PASSED] - pages.WriteExcel.demoKey is PASSED

2024-03-08 00:25:12 - [TEST_STEP][PASSED] - ExecuteTC = findTestData(dataFile).getValue("Execute", row): null

2024-03-08 00:25:12 - [TEST_STEP][PASSED] - Taxtype = findTestData(dataFile).getValue("TaxType", row): null

2024-03-08 00:25:12 - [TEST_STEP][PASSED] - TaxTypeEL = findTestData(dataFile).getValue("TaxTypeEL", row): null

2024-03-08 00:25:12 - [TEST_STEP][PASSED] - notInvNumber = findTestData(dataFile).getValue("NotiInvoNumber", row): null

2024-03-08 00:25:12 - [TEST_STEP][PASSED] - errorMsg = findTestData(dataFile).getValue("ErrorMessage", row): null

2024-03-08 00:25:12 - [TEST_STEP][PASSED] - out.println("Value of Execute is : " + ExecuteTC): null

2024-03-08 00:25:12 - [TEST_STEP][PASSED] - if (ExecuteTC.equalsIgnoreCase("Y")): null

2024-03-08 00:25:12 - [TEST_STEP][PASSED] - out.println("Begin Record Number: " + row): null

2024-03-08 00:25:12 - [TEST_STEP][PASSED] - today = new java.util.Date(): null

2024-03-08 00:25:12 - [TEST_STEP][PASSED] - println(today): null

2024-03-08 00:25:12 - [TEST_STEP][PASSED] - datText = today: null

2024-03-08 00:25:12 - [TEST_STEP][PASSED] - Taxtype = findTestData(dataFile).getValue("TaxType", row): null

2024-03-08 00:25:12 - [TEST_STEP][PASSED] - out.println("Taxtype value is : " + Taxtype): null

2024-03-08 00:25:12 - [TEST_STEP][PASSED] - openBrowser(""): Browser is opened with url: ''

2024-03-08 00:25:12 - [MESSAGE][WARNING] - A browser is already opened. Closing browser and opening a new one

2024-03-08 00:25:24 - [MESSAGE][INFO] - Starting 'Chrome' driver

2024-03-08 00:25:24 - [MESSAGE][INFO] - User set preference: ['acceptInsecureCerts', 'true']

2024-03-08 00:25:24 - [MESSAGE][INFO] - Action delay is set to 0 milliseconds

2024-03-08 00:25:25 - [MESSAGE][PASSED] - Browser is opened with url: ''

2024-03-08 00:25:25 - [TEST_STEP][PASSED] - maximizeWindow(): Current window maximized

2024-03-08 00:25:25 - [MESSAGE][PASSED] - Current window maximized

2024-03-08 00:25:25 - [TEST_STEP][PASSED] - navigateToUrl(RADurl): Navigate to 'https://qa2.velocitypayment.com/client/rad/index.html' successfully

2024-03-08 00:25:32 - [MESSAGE][PASSED] - Navigate to 'https://qa2.velocitypayment.com/client/rad/index.html' successfully

2024-03-08 00:25:32 - [TEST_STEP][PASSED] - orPath_Landing = "Object Repository/RAD_Pages/Landing_Page": null

2024-03-08 00:25:32 - [TEST_STEP][PASSED] - orPath_TaxTypeFilingYear = "Object Repository/RAD_Pages/TaxTypeFilingYear_Page": null

2024-03-08 00:25:32 - [TEST_STEP][PASSED] - orPath_TaxPayer = "Object Repository/RAD_Pages/Taxpayer_Page": null

2024-03-08 00:25:32 - [TEST_STEP][PASSED] - orPath_AddressContact = "Object Repository/RAD_Pages/AddressAndContactInfo_Page": null

2024-03-08 00:25:32 - [TEST_STEP][PASSED] - orPath_FilingStatus = "Object Repository/RAD_Pages/FilingStatus_Page": null

2024-03-08 00:25:32 - [TEST_STEP][PASSED] - orPath_Amount = "Object Repository/RAD_Pages/PaymentAmount_Page": null

2024-03-08 00:25:32 - [TEST_STEP][PASSED] - orPath_TaxInfo = "Object Repository/RAD_Pages/TaxInfo_Page": null

2024-03-08 00:25:32 - [TEST_STEP][PASSED] - orPath_Withholding = "Object Repository/RAD_Pages/Withholding_Page": null

2024-03-08 00:25:32 - [TEST_STEP][PASSED] - orPath_Summary = "Object Repository/RAD_Pages/Summary_Page": null

2024-03-08 00:25:32 - [TEST_STEP][PASSED] - orPath_PaymentReady = "Object Repository/RAD_Pages/PaymentReady_Page": null

2024-03-08 00:25:32 - [TEST_STEP][PASSED] - orPath_PaymentEntry = "Object Repository/RAD_Pages/PaymentEntry_Page": null

2024-03-08 00:25:32 - [TEST_STEP][PASSED] - orPath_PaymentConfirmation = "Object Repository/RAD_Pages/PaymentConfirmation_Page": null

2024-03-08 00:25:32 - [TEST_STEP][PASSED] - orPath_ServiceFeesAccept = "Object Repository/RAD_Pages/ServiceFeeAccept_Page": null

2024-03-08 00:25:32 - [TEST_STEP][PASSED] - selectOptionByLabel(findTestObject(orPath_Landing + "/dd_TaxType"), Taxtype, false): All options with label 'Existing Liability w/Notice Number' are selected in object 'Object Repository/RAD_Pages/Landing_Page/dd_TaxType' 

2024-03-08 00:25:32 - [MESSAGE][PASSED] - All options with label 'Existing Liability w/Notice Number' are selected in object 'Object Repository/RAD_Pages/Landing_Page/dd_TaxType' 

2024-03-08 00:25:32 - [TEST_STEP][PASSED] - delay(1): Delayed 1 second(s)

2024-03-08 00:25:33 - [MESSAGE][PASSED] - Delayed 1 second(s)

2024-03-08 00:25:33 - [TEST_STEP][PASSED] - selectOptionByLabel(findTestObject(orPath_TaxTypeFilingYear + "/select_TaxType_ExistingLiability"), TaxTypeEL, false): All options with label 'Corporate Income Tax' are selected in object 'Object Repository/RAD_Pages/TaxTypeFilingYear_Page/select_TaxType_ExistingLiability' 

2024-03-08 00:25:34 - [MESSAGE][PASSED] - All options with label 'Corporate Income Tax' are selected in object 'Object Repository/RAD_Pages/TaxTypeFilingYear_Page/select_TaxType_ExistingLiability' 

2024-03-08 00:25:34 - [TEST_STEP][PASSED] - setText(findTestObject(orPath_TaxInfo + "/input_NoticeInvoiceNumber"), notInvNumber): Text '0000000000' is set on object 'Object Repository/RAD_Pages/TaxInfo_Page/input_NoticeInvoiceNumber'

2024-03-08 00:25:35 - [MESSAGE][PASSED] - Text '0000000000' is set on object 'Object Repository/RAD_Pages/TaxInfo_Page/input_NoticeInvoiceNumber'

2024-03-08 00:25:35 - [TEST_STEP][PASSED] - setText(findTestObject(orPath_TaxInfo + "/input_reTypeNoticeInvoiceNumber"), notInvNumber): Text '0000000000' is set on object 'Object Repository/RAD_Pages/TaxInfo_Page/input_reTypeNoticeInvoiceNumber'

2024-03-08 00:25:36 - [MESSAGE][PASSED] - Text '0000000000' is set on object 'Object Repository/RAD_Pages/TaxInfo_Page/input_reTypeNoticeInvoiceNumber'

2024-03-08 00:25:36 - [TEST_STEP][PASSED] - println(notInvNumber): null

2024-03-08 00:25:36 - [TEST_STEP][PASSED] - if (verifyTextPresent(errorMsg, true)): null

2024-03-08 00:25:36 - [MESSAGE][PASSED] - Text 'Invoice Number must be 10 or 13 digits in length, with a value greater than zero' is present on page  using regular expression

2024-03-08 00:25:36 - [TEST_STEP][PASSED] - println("Error Message is present on the page"): null

2024-03-08 00:25:36 - [TEST_STEP][PASSED] - out.println("Pass Record Number: " + row): null

2024-03-08 00:25:36 - [TEST_STEP][PASSED] - resText = "Pass": null

2024-03-08 00:25:36 - [TEST_STEP][PASSED] - pages.WriteExcel.demoKey(resText, datText, resColumn, datCloumn, fileLoc, nameSheet, row): pages.WriteExcel.demoKey is PASSED

2024-03-08 00:25:36 - [MESSAGE][PASSED] - pages.WriteExcel.demoKey is PASSED

2024-03-08 00:25:36 - [TEST_STEP][PASSED] - ExecuteTC = findTestData(dataFile).getValue("Execute", row): null

2024-03-08 00:25:37 - [TEST_STEP][PASSED] - Taxtype = findTestData(dataFile).getValue("TaxType", row): null

2024-03-08 00:25:37 - [TEST_STEP][PASSED] - TaxTypeEL = findTestData(dataFile).getValue("TaxTypeEL", row): null

2024-03-08 00:25:37 - [TEST_STEP][PASSED] - notInvNumber = findTestData(dataFile).getValue("NotiInvoNumber", row): null

2024-03-08 00:25:37 - [TEST_STEP][PASSED] - errorMsg = findTestData(dataFile).getValue("ErrorMessage", row): null

2024-03-08 00:25:37 - [TEST_STEP][PASSED] - out.println("Value of Execute is : " + ExecuteTC): null

2024-03-08 00:25:37 - [TEST_STEP][PASSED] - if (ExecuteTC.equalsIgnoreCase("Y")): null

2024-03-08 00:25:37 - [TEST_STEP][PASSED] - out.println("Begin Record Number: " + row): null

2024-03-08 00:25:37 - [TEST_STEP][PASSED] - today = new java.util.Date(): null

2024-03-08 00:25:37 - [TEST_STEP][PASSED] - println(today): null

2024-03-08 00:25:37 - [TEST_STEP][PASSED] - datText = today: null

2024-03-08 00:25:37 - [TEST_STEP][PASSED] - Taxtype = findTestData(dataFile).getValue("TaxType", row): null

2024-03-08 00:25:37 - [TEST_STEP][PASSED] - out.println("Taxtype value is : " + Taxtype): null

2024-03-08 00:25:37 - [TEST_STEP][PASSED] - openBrowser(""): Browser is opened with url: ''

2024-03-08 00:25:37 - [MESSAGE][WARNING] - A browser is already opened. Closing browser and opening a new one

2024-03-08 00:25:44 - [MESSAGE][INFO] - Starting 'Chrome' driver

2024-03-08 00:25:44 - [MESSAGE][INFO] - User set preference: ['acceptInsecureCerts', 'true']

2024-03-08 00:25:44 - [MESSAGE][INFO] - Action delay is set to 0 milliseconds

2024-03-08 00:25:45 - [MESSAGE][PASSED] - Browser is opened with url: ''

2024-03-08 00:25:45 - [TEST_STEP][PASSED] - maximizeWindow(): Current window maximized

2024-03-08 00:25:46 - [MESSAGE][PASSED] - Current window maximized

2024-03-08 00:25:46 - [TEST_STEP][PASSED] - navigateToUrl(RADurl): Navigate to 'https://qa2.velocitypayment.com/client/rad/index.html' successfully

2024-03-08 00:25:52 - [MESSAGE][PASSED] - Navigate to 'https://qa2.velocitypayment.com/client/rad/index.html' successfully

2024-03-08 00:25:52 - [TEST_STEP][PASSED] - orPath_Landing = "Object Repository/RAD_Pages/Landing_Page": null

2024-03-08 00:25:52 - [TEST_STEP][PASSED] - orPath_TaxTypeFilingYear = "Object Repository/RAD_Pages/TaxTypeFilingYear_Page": null

2024-03-08 00:25:52 - [TEST_STEP][PASSED] - orPath_TaxPayer = "Object Repository/RAD_Pages/Taxpayer_Page": null

2024-03-08 00:25:52 - [TEST_STEP][PASSED] - orPath_AddressContact = "Object Repository/RAD_Pages/AddressAndContactInfo_Page": null

2024-03-08 00:25:52 - [TEST_STEP][PASSED] - orPath_FilingStatus = "Object Repository/RAD_Pages/FilingStatus_Page": null

2024-03-08 00:25:52 - [TEST_STEP][PASSED] - orPath_Amount = "Object Repository/RAD_Pages/PaymentAmount_Page": null

2024-03-08 00:25:52 - [TEST_STEP][PASSED] - orPath_TaxInfo = "Object Repository/RAD_Pages/TaxInfo_Page": null

2024-03-08 00:25:52 - [TEST_STEP][PASSED] - orPath_Withholding = "Object Repository/RAD_Pages/Withholding_Page": null

2024-03-08 00:25:52 - [TEST_STEP][PASSED] - orPath_Summary = "Object Repository/RAD_Pages/Summary_Page": null

2024-03-08 00:25:52 - [TEST_STEP][PASSED] - orPath_PaymentReady = "Object Repository/RAD_Pages/PaymentReady_Page": null

2024-03-08 00:25:52 - [TEST_STEP][PASSED] - orPath_PaymentEntry = "Object Repository/RAD_Pages/PaymentEntry_Page": null

2024-03-08 00:25:52 - [TEST_STEP][PASSED] - orPath_PaymentConfirmation = "Object Repository/RAD_Pages/PaymentConfirmation_Page": null

2024-03-08 00:25:52 - [TEST_STEP][PASSED] - orPath_ServiceFeesAccept = "Object Repository/RAD_Pages/ServiceFeeAccept_Page": null

2024-03-08 00:25:52 - [TEST_STEP][PASSED] - selectOptionByLabel(findTestObject(orPath_Landing + "/dd_TaxType"), Taxtype, false): All options with label 'Existing Liability w/Notice Number' are selected in object 'Object Repository/RAD_Pages/Landing_Page/dd_TaxType' 

2024-03-08 00:25:53 - [MESSAGE][PASSED] - All options with label 'Existing Liability w/Notice Number' are selected in object 'Object Repository/RAD_Pages/Landing_Page/dd_TaxType' 

2024-03-08 00:25:53 - [TEST_STEP][PASSED] - delay(1): Delayed 1 second(s)

2024-03-08 00:25:54 - [MESSAGE][PASSED] - Delayed 1 second(s)

2024-03-08 00:25:54 - [TEST_STEP][PASSED] - selectOptionByLabel(findTestObject(orPath_TaxTypeFilingYear + "/select_TaxType_ExistingLiability"), TaxTypeEL, false): All options with label 'Fiduciary Tax' are selected in object 'Object Repository/RAD_Pages/TaxTypeFilingYear_Page/select_TaxType_ExistingLiability' 

2024-03-08 00:25:54 - [MESSAGE][PASSED] - All options with label 'Fiduciary Tax' are selected in object 'Object Repository/RAD_Pages/TaxTypeFilingYear_Page/select_TaxType_ExistingLiability' 

2024-03-08 00:25:54 - [TEST_STEP][PASSED] - setText(findTestObject(orPath_TaxInfo + "/input_NoticeInvoiceNumber"), notInvNumber): Text '0000000000000' is set on object 'Object Repository/RAD_Pages/TaxInfo_Page/input_NoticeInvoiceNumber'

2024-03-08 00:25:55 - [MESSAGE][PASSED] - Text '0000000000000' is set on object 'Object Repository/RAD_Pages/TaxInfo_Page/input_NoticeInvoiceNumber'

2024-03-08 00:25:55 - [TEST_STEP][PASSED] - setText(findTestObject(orPath_TaxInfo + "/input_reTypeNoticeInvoiceNumber"), notInvNumber): Text '0000000000000' is set on object 'Object Repository/RAD_Pages/TaxInfo_Page/input_reTypeNoticeInvoiceNumber'

2024-03-08 00:25:56 - [MESSAGE][PASSED] - Text '0000000000000' is set on object 'Object Repository/RAD_Pages/TaxInfo_Page/input_reTypeNoticeInvoiceNumber'

2024-03-08 00:25:56 - [TEST_STEP][PASSED] - println(notInvNumber): null

2024-03-08 00:25:56 - [TEST_STEP][PASSED] - if (verifyTextPresent(errorMsg, true)): null

2024-03-08 00:25:57 - [MESSAGE][PASSED] - Text 'Notice Number must be 13 digits in length, with a value greater than zero' is present on page  using regular expression

2024-03-08 00:25:57 - [TEST_STEP][PASSED] - println("Error Message is present on the page"): null

2024-03-08 00:25:57 - [TEST_STEP][PASSED] - out.println("Pass Record Number: " + row): null

2024-03-08 00:25:57 - [TEST_STEP][PASSED] - resText = "Pass": null

2024-03-08 00:25:57 - [TEST_STEP][PASSED] - pages.WriteExcel.demoKey(resText, datText, resColumn, datCloumn, fileLoc, nameSheet, row): pages.WriteExcel.demoKey is PASSED

2024-03-08 00:25:57 - [MESSAGE][PASSED] - pages.WriteExcel.demoKey is PASSED

2024-03-08 00:25:57 - [TEST_STEP][PASSED] - ExecuteTC = findTestData(dataFile).getValue("Execute", row): null

2024-03-08 00:25:57 - [TEST_STEP][PASSED] - Taxtype = findTestData(dataFile).getValue("TaxType", row): null

2024-03-08 00:25:57 - [TEST_STEP][PASSED] - TaxTypeEL = findTestData(dataFile).getValue("TaxTypeEL", row): null

2024-03-08 00:25:57 - [TEST_STEP][PASSED] - notInvNumber = findTestData(dataFile).getValue("NotiInvoNumber", row): null

2024-03-08 00:25:57 - [TEST_STEP][PASSED] - errorMsg = findTestData(dataFile).getValue("ErrorMessage", row): null

2024-03-08 00:25:57 - [TEST_STEP][PASSED] - out.println("Value of Execute is : " + ExecuteTC): null

2024-03-08 00:25:57 - [TEST_STEP][PASSED] - if (ExecuteTC.equalsIgnoreCase("Y")): null

2024-03-08 00:25:57 - [TEST_STEP][PASSED] - out.println("Begin Record Number: " + row): null

2024-03-08 00:25:57 - [TEST_STEP][PASSED] - today = new java.util.Date(): null

2024-03-08 00:25:57 - [TEST_STEP][PASSED] - println(today): null

2024-03-08 00:25:57 - [TEST_STEP][PASSED] - datText = today: null

2024-03-08 00:25:57 - [TEST_STEP][PASSED] - Taxtype = findTestData(dataFile).getValue("TaxType", row): null

2024-03-08 00:25:57 - [TEST_STEP][PASSED] - out.println("Taxtype value is : " + Taxtype): null

2024-03-08 00:25:57 - [TEST_STEP][PASSED] - openBrowser(""): Browser is opened with url: ''

2024-03-08 00:25:57 - [MESSAGE][WARNING] - A browser is already opened. Closing browser and opening a new one

2024-03-08 00:26:04 - [MESSAGE][INFO] - Starting 'Chrome' driver

2024-03-08 00:26:04 - [MESSAGE][INFO] - User set preference: ['acceptInsecureCerts', 'true']

2024-03-08 00:26:04 - [MESSAGE][INFO] - Action delay is set to 0 milliseconds

2024-03-08 00:26:06 - [MESSAGE][PASSED] - Browser is opened with url: ''

2024-03-08 00:26:06 - [TEST_STEP][PASSED] - maximizeWindow(): Current window maximized

2024-03-08 00:26:06 - [MESSAGE][PASSED] - Current window maximized

2024-03-08 00:26:06 - [TEST_STEP][PASSED] - navigateToUrl(RADurl): Navigate to 'https://qa2.velocitypayment.com/client/rad/index.html' successfully

2024-03-08 00:26:13 - [MESSAGE][PASSED] - Navigate to 'https://qa2.velocitypayment.com/client/rad/index.html' successfully

2024-03-08 00:26:13 - [TEST_STEP][PASSED] - orPath_Landing = "Object Repository/RAD_Pages/Landing_Page": null

2024-03-08 00:26:13 - [TEST_STEP][PASSED] - orPath_TaxTypeFilingYear = "Object Repository/RAD_Pages/TaxTypeFilingYear_Page": null

2024-03-08 00:26:13 - [TEST_STEP][PASSED] - orPath_TaxPayer = "Object Repository/RAD_Pages/Taxpayer_Page": null

2024-03-08 00:26:13 - [TEST_STEP][PASSED] - orPath_AddressContact = "Object Repository/RAD_Pages/AddressAndContactInfo_Page": null

2024-03-08 00:26:13 - [TEST_STEP][PASSED] - orPath_FilingStatus = "Object Repository/RAD_Pages/FilingStatus_Page": null

2024-03-08 00:26:13 - [TEST_STEP][PASSED] - orPath_Amount = "Object Repository/RAD_Pages/PaymentAmount_Page": null

2024-03-08 00:26:13 - [TEST_STEP][PASSED] - orPath_TaxInfo = "Object Repository/RAD_Pages/TaxInfo_Page": null

2024-03-08 00:26:13 - [TEST_STEP][PASSED] - orPath_Withholding = "Object Repository/RAD_Pages/Withholding_Page": null

2024-03-08 00:26:13 - [TEST_STEP][PASSED] - orPath_Summary = "Object Repository/RAD_Pages/Summary_Page": null

2024-03-08 00:26:13 - [TEST_STEP][PASSED] - orPath_PaymentReady = "Object Repository/RAD_Pages/PaymentReady_Page": null

2024-03-08 00:26:13 - [TEST_STEP][PASSED] - orPath_PaymentEntry = "Object Repository/RAD_Pages/PaymentEntry_Page": null

2024-03-08 00:26:13 - [TEST_STEP][PASSED] - orPath_PaymentConfirmation = "Object Repository/RAD_Pages/PaymentConfirmation_Page": null

2024-03-08 00:26:13 - [TEST_STEP][PASSED] - orPath_ServiceFeesAccept = "Object Repository/RAD_Pages/ServiceFeeAccept_Page": null

2024-03-08 00:26:13 - [TEST_STEP][PASSED] - selectOptionByLabel(findTestObject(orPath_Landing + "/dd_TaxType"), Taxtype, false): All options with label 'Existing Liability w/Notice Number' are selected in object 'Object Repository/RAD_Pages/Landing_Page/dd_TaxType' 

2024-03-08 00:26:14 - [MESSAGE][PASSED] - All options with label 'Existing Liability w/Notice Number' are selected in object 'Object Repository/RAD_Pages/Landing_Page/dd_TaxType' 

2024-03-08 00:26:14 - [TEST_STEP][PASSED] - delay(1): Delayed 1 second(s)

2024-03-08 00:26:15 - [MESSAGE][PASSED] - Delayed 1 second(s)

2024-03-08 00:26:15 - [TEST_STEP][PASSED] - selectOptionByLabel(findTestObject(orPath_TaxTypeFilingYear + "/select_TaxType_ExistingLiability"), TaxTypeEL, false): All options with label 'Personal Income Tax' are selected in object 'Object Repository/RAD_Pages/TaxTypeFilingYear_Page/select_TaxType_ExistingLiability' 

2024-03-08 00:26:16 - [MESSAGE][PASSED] - All options with label 'Personal Income Tax' are selected in object 'Object Repository/RAD_Pages/TaxTypeFilingYear_Page/select_TaxType_ExistingLiability' 

2024-03-08 00:26:16 - [TEST_STEP][PASSED] - setText(findTestObject(orPath_TaxInfo + "/input_NoticeInvoiceNumber"), notInvNumber): Text '0000000000000' is set on object 'Object Repository/RAD_Pages/TaxInfo_Page/input_NoticeInvoiceNumber'

2024-03-08 00:26:17 - [MESSAGE][PASSED] - Text '0000000000000' is set on object 'Object Repository/RAD_Pages/TaxInfo_Page/input_NoticeInvoiceNumber'

2024-03-08 00:26:17 - [TEST_STEP][PASSED] - setText(findTestObject(orPath_TaxInfo + "/input_reTypeNoticeInvoiceNumber"), notInvNumber): Text '0000000000000' is set on object 'Object Repository/RAD_Pages/TaxInfo_Page/input_reTypeNoticeInvoiceNumber'

2024-03-08 00:26:17 - [MESSAGE][PASSED] - Text '0000000000000' is set on object 'Object Repository/RAD_Pages/TaxInfo_Page/input_reTypeNoticeInvoiceNumber'

2024-03-08 00:26:17 - [TEST_STEP][PASSED] - println(notInvNumber): null

2024-03-08 00:26:17 - [TEST_STEP][PASSED] - if (verifyTextPresent(errorMsg, true)): null

2024-03-08 00:26:18 - [MESSAGE][PASSED] - Text 'Notice Number must be 13 digits in length, with a value greater than zero' is present on page  using regular expression

2024-03-08 00:26:18 - [TEST_STEP][PASSED] - println("Error Message is present on the page"): null

2024-03-08 00:26:18 - [TEST_STEP][PASSED] - out.println("Pass Record Number: " + row): null

2024-03-08 00:26:18 - [TEST_STEP][PASSED] - resText = "Pass": null

2024-03-08 00:26:18 - [TEST_STEP][PASSED] - pages.WriteExcel.demoKey(resText, datText, resColumn, datCloumn, fileLoc, nameSheet, row): pages.WriteExcel.demoKey is PASSED

2024-03-08 00:26:18 - [MESSAGE][PASSED] - pages.WriteExcel.demoKey is PASSED

2024-03-08 00:26:18 - [TEST_STEP][PASSED] - ExecuteTC = findTestData(dataFile).getValue("Execute", row): null

2024-03-08 00:26:18 - [TEST_STEP][PASSED] - Taxtype = findTestData(dataFile).getValue("TaxType", row): null

2024-03-08 00:26:18 - [TEST_STEP][PASSED] - TaxTypeEL = findTestData(dataFile).getValue("TaxTypeEL", row): null

2024-03-08 00:26:18 - [TEST_STEP][PASSED] - notInvNumber = findTestData(dataFile).getValue("NotiInvoNumber", row): null

2024-03-08 00:26:18 - [TEST_STEP][PASSED] - errorMsg = findTestData(dataFile).getValue("ErrorMessage", row): null

2024-03-08 00:26:18 - [TEST_STEP][PASSED] - out.println("Value of Execute is : " + ExecuteTC): null

2024-03-08 00:26:18 - [TEST_STEP][PASSED] - if (ExecuteTC.equalsIgnoreCase("Y")): null

2024-03-08 00:26:18 - [TEST_STEP][PASSED] - out.println("Begin Record Number: " + row): null

2024-03-08 00:26:18 - [TEST_STEP][PASSED] - today = new java.util.Date(): null

2024-03-08 00:26:18 - [TEST_STEP][PASSED] - println(today): null

2024-03-08 00:26:18 - [TEST_STEP][PASSED] - datText = today: null

2024-03-08 00:26:18 - [TEST_STEP][PASSED] - Taxtype = findTestData(dataFile).getValue("TaxType", row): null

2024-03-08 00:26:18 - [TEST_STEP][PASSED] - out.println("Taxtype value is : " + Taxtype): null

2024-03-08 00:26:18 - [TEST_STEP][PASSED] - openBrowser(""): Browser is opened with url: ''

2024-03-08 00:26:18 - [MESSAGE][WARNING] - A browser is already opened. Closing browser and opening a new one

2024-03-08 00:26:36 - [MESSAGE][INFO] - Starting 'Chrome' driver

2024-03-08 00:26:36 - [MESSAGE][INFO] - User set preference: ['acceptInsecureCerts', 'true']

2024-03-08 00:26:36 - [MESSAGE][INFO] - Action delay is set to 0 milliseconds

2024-03-08 00:26:38 - [MESSAGE][PASSED] - Browser is opened with url: ''

2024-03-08 00:26:38 - [TEST_STEP][PASSED] - maximizeWindow(): Current window maximized

2024-03-08 00:26:38 - [MESSAGE][PASSED] - Current window maximized

2024-03-08 00:26:38 - [TEST_STEP][PASSED] - navigateToUrl(RADurl): Navigate to 'https://qa2.velocitypayment.com/client/rad/index.html' successfully

2024-03-08 00:26:44 - [MESSAGE][PASSED] - Navigate to 'https://qa2.velocitypayment.com/client/rad/index.html' successfully

2024-03-08 00:26:44 - [TEST_STEP][PASSED] - orPath_Landing = "Object Repository/RAD_Pages/Landing_Page": null

2024-03-08 00:26:44 - [TEST_STEP][PASSED] - orPath_TaxTypeFilingYear = "Object Repository/RAD_Pages/TaxTypeFilingYear_Page": null

2024-03-08 00:26:44 - [TEST_STEP][PASSED] - orPath_TaxPayer = "Object Repository/RAD_Pages/Taxpayer_Page": null

2024-03-08 00:26:44 - [TEST_STEP][PASSED] - orPath_AddressContact = "Object Repository/RAD_Pages/AddressAndContactInfo_Page": null

2024-03-08 00:26:44 - [TEST_STEP][PASSED] - orPath_FilingStatus = "Object Repository/RAD_Pages/FilingStatus_Page": null

2024-03-08 00:26:44 - [TEST_STEP][PASSED] - orPath_Amount = "Object Repository/RAD_Pages/PaymentAmount_Page": null

2024-03-08 00:26:44 - [TEST_STEP][PASSED] - orPath_TaxInfo = "Object Repository/RAD_Pages/TaxInfo_Page": null

2024-03-08 00:26:44 - [TEST_STEP][PASSED] - orPath_Withholding = "Object Repository/RAD_Pages/Withholding_Page": null

2024-03-08 00:26:44 - [TEST_STEP][PASSED] - orPath_Summary = "Object Repository/RAD_Pages/Summary_Page": null

2024-03-08 00:26:44 - [TEST_STEP][PASSED] - orPath_PaymentReady = "Object Repository/RAD_Pages/PaymentReady_Page": null

2024-03-08 00:26:44 - [TEST_STEP][PASSED] - orPath_PaymentEntry = "Object Repository/RAD_Pages/PaymentEntry_Page": null

2024-03-08 00:26:44 - [TEST_STEP][PASSED] - orPath_PaymentConfirmation = "Object Repository/RAD_Pages/PaymentConfirmation_Page": null

2024-03-08 00:26:44 - [TEST_STEP][PASSED] - orPath_ServiceFeesAccept = "Object Repository/RAD_Pages/ServiceFeeAccept_Page": null

2024-03-08 00:26:44 - [TEST_STEP][PASSED] - selectOptionByLabel(findTestObject(orPath_Landing + "/dd_TaxType"), Taxtype, false): All options with label 'Existing Liability w/Notice Number' are selected in object 'Object Repository/RAD_Pages/Landing_Page/dd_TaxType' 

2024-03-08 00:26:45 - [MESSAGE][PASSED] - All options with label 'Existing Liability w/Notice Number' are selected in object 'Object Repository/RAD_Pages/Landing_Page/dd_TaxType' 

2024-03-08 00:26:45 - [TEST_STEP][PASSED] - delay(1): Delayed 1 second(s)

2024-03-08 00:26:46 - [MESSAGE][PASSED] - Delayed 1 second(s)

2024-03-08 00:26:46 - [TEST_STEP][PASSED] - selectOptionByLabel(findTestObject(orPath_TaxTypeFilingYear + "/select_TaxType_ExistingLiability"), TaxTypeEL, false): All options with label 'PTE Non-Electing Non-S Corp' are selected in object 'Object Repository/RAD_Pages/TaxTypeFilingYear_Page/select_TaxType_ExistingLiability' 

2024-03-08 00:26:47 - [MESSAGE][PASSED] - All options with label 'PTE Non-Electing Non-S Corp' are selected in object 'Object Repository/RAD_Pages/TaxTypeFilingYear_Page/select_TaxType_ExistingLiability' 

2024-03-08 00:26:47 - [TEST_STEP][PASSED] - setText(findTestObject(orPath_TaxInfo + "/input_NoticeInvoiceNumber"), notInvNumber): Text '0000000000000' is set on object 'Object Repository/RAD_Pages/TaxInfo_Page/input_NoticeInvoiceNumber'

2024-03-08 00:26:47 - [MESSAGE][PASSED] - Text '0000000000000' is set on object 'Object Repository/RAD_Pages/TaxInfo_Page/input_NoticeInvoiceNumber'

2024-03-08 00:26:47 - [TEST_STEP][PASSED] - setText(findTestObject(orPath_TaxInfo + "/input_reTypeNoticeInvoiceNumber"), notInvNumber): Text '0000000000000' is set on object 'Object Repository/RAD_Pages/TaxInfo_Page/input_reTypeNoticeInvoiceNumber'

2024-03-08 00:26:48 - [MESSAGE][PASSED] - Text '0000000000000' is set on object 'Object Repository/RAD_Pages/TaxInfo_Page/input_reTypeNoticeInvoiceNumber'

2024-03-08 00:26:48 - [TEST_STEP][PASSED] - println(notInvNumber): null

2024-03-08 00:26:48 - [TEST_STEP][PASSED] - if (verifyTextPresent(errorMsg, true)): null

2024-03-08 00:26:49 - [MESSAGE][PASSED] - Text 'Notice Number must be 13 digits in length, with a value greater than zero' is present on page  using regular expression

2024-03-08 00:26:49 - [TEST_STEP][PASSED] - println("Error Message is present on the page"): null

2024-03-08 00:26:49 - [TEST_STEP][PASSED] - out.println("Pass Record Number: " + row): null

2024-03-08 00:26:49 - [TEST_STEP][PASSED] - resText = "Pass": null

2024-03-08 00:26:49 - [TEST_STEP][PASSED] - pages.WriteExcel.demoKey(resText, datText, resColumn, datCloumn, fileLoc, nameSheet, row): pages.WriteExcel.demoKey is PASSED

2024-03-08 00:26:49 - [MESSAGE][PASSED] - pages.WriteExcel.demoKey is PASSED

2024-03-08 00:26:49 - [TEST_STEP][PASSED] - ExecuteTC = findTestData(dataFile).getValue("Execute", row): null

2024-03-08 00:26:49 - [TEST_STEP][PASSED] - Taxtype = findTestData(dataFile).getValue("TaxType", row): null

2024-03-08 00:26:49 - [TEST_STEP][PASSED] - TaxTypeEL = findTestData(dataFile).getValue("TaxTypeEL", row): null

2024-03-08 00:26:49 - [TEST_STEP][PASSED] - notInvNumber = findTestData(dataFile).getValue("NotiInvoNumber", row): null

2024-03-08 00:26:49 - [TEST_STEP][PASSED] - errorMsg = findTestData(dataFile).getValue("ErrorMessage", row): null

2024-03-08 00:26:49 - [TEST_STEP][PASSED] - out.println("Value of Execute is : " + ExecuteTC): null

2024-03-08 00:26:49 - [TEST_STEP][PASSED] - if (ExecuteTC.equalsIgnoreCase("Y")): null

2024-03-08 00:26:49 - [TEST_STEP][PASSED] - out.println("Begin Record Number: " + row): null

2024-03-08 00:26:49 - [TEST_STEP][PASSED] - today = new java.util.Date(): null

2024-03-08 00:26:49 - [TEST_STEP][PASSED] - println(today): null

2024-03-08 00:26:49 - [TEST_STEP][PASSED] - datText = today: null

2024-03-08 00:26:49 - [TEST_STEP][PASSED] - Taxtype = findTestData(dataFile).getValue("TaxType", row): null

2024-03-08 00:26:49 - [TEST_STEP][PASSED] - out.println("Taxtype value is : " + Taxtype): null

2024-03-08 00:26:49 - [TEST_STEP][PASSED] - openBrowser(""): Browser is opened with url: ''

2024-03-08 00:26:49 - [MESSAGE][WARNING] - A browser is already opened. Closing browser and opening a new one

2024-03-08 00:26:56 - [MESSAGE][INFO] - Starting 'Chrome' driver

2024-03-08 00:26:56 - [MESSAGE][INFO] - User set preference: ['acceptInsecureCerts', 'true']

2024-03-08 00:26:56 - [MESSAGE][INFO] - Action delay is set to 0 milliseconds

2024-03-08 00:26:58 - [MESSAGE][PASSED] - Browser is opened with url: ''

2024-03-08 00:26:58 - [TEST_STEP][PASSED] - maximizeWindow(): Current window maximized

2024-03-08 00:26:58 - [MESSAGE][PASSED] - Current window maximized

2024-03-08 00:26:58 - [TEST_STEP][PASSED] - navigateToUrl(RADurl): Navigate to 'https://qa2.velocitypayment.com/client/rad/index.html' successfully

2024-03-08 00:27:06 - [MESSAGE][PASSED] - Navigate to 'https://qa2.velocitypayment.com/client/rad/index.html' successfully

2024-03-08 00:27:06 - [TEST_STEP][PASSED] - orPath_Landing = "Object Repository/RAD_Pages/Landing_Page": null

2024-03-08 00:27:06 - [TEST_STEP][PASSED] - orPath_TaxTypeFilingYear = "Object Repository/RAD_Pages/TaxTypeFilingYear_Page": null

2024-03-08 00:27:06 - [TEST_STEP][PASSED] - orPath_TaxPayer = "Object Repository/RAD_Pages/Taxpayer_Page": null

2024-03-08 00:27:06 - [TEST_STEP][PASSED] - orPath_AddressContact = "Object Repository/RAD_Pages/AddressAndContactInfo_Page": null

2024-03-08 00:27:06 - [TEST_STEP][PASSED] - orPath_FilingStatus = "Object Repository/RAD_Pages/FilingStatus_Page": null

2024-03-08 00:27:06 - [TEST_STEP][PASSED] - orPath_Amount = "Object Repository/RAD_Pages/PaymentAmount_Page": null

2024-03-08 00:27:06 - [TEST_STEP][PASSED] - orPath_TaxInfo = "Object Repository/RAD_Pages/TaxInfo_Page": null

2024-03-08 00:27:06 - [TEST_STEP][PASSED] - orPath_Withholding = "Object Repository/RAD_Pages/Withholding_Page": null

2024-03-08 00:27:06 - [TEST_STEP][PASSED] - orPath_Summary = "Object Repository/RAD_Pages/Summary_Page": null

2024-03-08 00:27:06 - [TEST_STEP][PASSED] - orPath_PaymentReady = "Object Repository/RAD_Pages/PaymentReady_Page": null

2024-03-08 00:27:06 - [TEST_STEP][PASSED] - orPath_PaymentEntry = "Object Repository/RAD_Pages/PaymentEntry_Page": null

2024-03-08 00:27:06 - [TEST_STEP][PASSED] - orPath_PaymentConfirmation = "Object Repository/RAD_Pages/PaymentConfirmation_Page": null

2024-03-08 00:27:06 - [TEST_STEP][PASSED] - orPath_ServiceFeesAccept = "Object Repository/RAD_Pages/ServiceFeeAccept_Page": null

2024-03-08 00:27:06 - [TEST_STEP][PASSED] - selectOptionByLabel(findTestObject(orPath_Landing + "/dd_TaxType"), Taxtype, false): All options with label 'Existing Liability w/Notice Number' are selected in object 'Object Repository/RAD_Pages/Landing_Page/dd_TaxType' 

2024-03-08 00:27:06 - [MESSAGE][PASSED] - All options with label 'Existing Liability w/Notice Number' are selected in object 'Object Repository/RAD_Pages/Landing_Page/dd_TaxType' 

2024-03-08 00:27:06 - [TEST_STEP][PASSED] - delay(1): Delayed 1 second(s)

2024-03-08 00:27:07 - [MESSAGE][PASSED] - Delayed 1 second(s)

2024-03-08 00:27:07 - [TEST_STEP][PASSED] - selectOptionByLabel(findTestObject(orPath_TaxTypeFilingYear + "/select_TaxType_ExistingLiability"), TaxTypeEL, false): All options with label 'PTE Non-Electing S Corp' are selected in object 'Object Repository/RAD_Pages/TaxTypeFilingYear_Page/select_TaxType_ExistingLiability' 

2024-03-08 00:27:08 - [MESSAGE][PASSED] - All options with label 'PTE Non-Electing S Corp' are selected in object 'Object Repository/RAD_Pages/TaxTypeFilingYear_Page/select_TaxType_ExistingLiability' 

2024-03-08 00:27:08 - [TEST_STEP][PASSED] - setText(findTestObject(orPath_TaxInfo + "/input_NoticeInvoiceNumber"), notInvNumber): Text '0000000000000' is set on object 'Object Repository/RAD_Pages/TaxInfo_Page/input_NoticeInvoiceNumber'

2024-03-08 00:27:09 - [MESSAGE][PASSED] - Text '0000000000000' is set on object 'Object Repository/RAD_Pages/TaxInfo_Page/input_NoticeInvoiceNumber'

2024-03-08 00:27:09 - [TEST_STEP][PASSED] - setText(findTestObject(orPath_TaxInfo + "/input_reTypeNoticeInvoiceNumber"), notInvNumber): Text '0000000000000' is set on object 'Object Repository/RAD_Pages/TaxInfo_Page/input_reTypeNoticeInvoiceNumber'

2024-03-08 00:27:10 - [MESSAGE][PASSED] - Text '0000000000000' is set on object 'Object Repository/RAD_Pages/TaxInfo_Page/input_reTypeNoticeInvoiceNumber'

2024-03-08 00:27:10 - [TEST_STEP][PASSED] - println(notInvNumber): null

2024-03-08 00:27:10 - [TEST_STEP][PASSED] - if (verifyTextPresent(errorMsg, true)): null

2024-03-08 00:27:10 - [MESSAGE][PASSED] - Text 'Notice Number must be 13 digits in length, with a value greater than zero' is present on page  using regular expression

2024-03-08 00:27:10 - [TEST_STEP][PASSED] - println("Error Message is present on the page"): null

2024-03-08 00:27:10 - [TEST_STEP][PASSED] - out.println("Pass Record Number: " + row): null

2024-03-08 00:27:10 - [TEST_STEP][PASSED] - resText = "Pass": null

2024-03-08 00:27:10 - [TEST_STEP][PASSED] - pages.WriteExcel.demoKey(resText, datText, resColumn, datCloumn, fileLoc, nameSheet, row): pages.WriteExcel.demoKey is PASSED

2024-03-08 00:27:10 - [MESSAGE][PASSED] - pages.WriteExcel.demoKey is PASSED

2024-03-08 00:27:10 - [TEST_STEP][PASSED] - ExecuteTC = findTestData(dataFile).getValue("Execute", row): null

2024-03-08 00:27:10 - [TEST_STEP][PASSED] - Taxtype = findTestData(dataFile).getValue("TaxType", row): null

2024-03-08 00:27:10 - [TEST_STEP][PASSED] - TaxTypeEL = findTestData(dataFile).getValue("TaxTypeEL", row): null

2024-03-08 00:27:11 - [TEST_STEP][PASSED] - notInvNumber = findTestData(dataFile).getValue("NotiInvoNumber", row): null

2024-03-08 00:27:11 - [TEST_STEP][PASSED] - errorMsg = findTestData(dataFile).getValue("ErrorMessage", row): null

2024-03-08 00:27:11 - [TEST_STEP][PASSED] - out.println("Value of Execute is : " + ExecuteTC): null

2024-03-08 00:27:11 - [TEST_STEP][PASSED] - if (ExecuteTC.equalsIgnoreCase("Y")): null

2024-03-08 00:27:11 - [TEST_STEP][PASSED] - out.println("Begin Record Number: " + row): null

2024-03-08 00:27:11 - [TEST_STEP][PASSED] - today = new java.util.Date(): null

2024-03-08 00:27:11 - [TEST_STEP][PASSED] - println(today): null

2024-03-08 00:27:11 - [TEST_STEP][PASSED] - datText = today: null

2024-03-08 00:27:11 - [TEST_STEP][PASSED] - Taxtype = findTestData(dataFile).getValue("TaxType", row): null

2024-03-08 00:27:11 - [TEST_STEP][PASSED] - out.println("Taxtype value is : " + Taxtype): null

2024-03-08 00:27:11 - [TEST_STEP][PASSED] - openBrowser(""): Browser is opened with url: ''

2024-03-08 00:27:11 - [MESSAGE][WARNING] - A browser is already opened. Closing browser and opening a new one

2024-03-08 00:27:28 - [MESSAGE][INFO] - Starting 'Chrome' driver

2024-03-08 00:27:28 - [MESSAGE][INFO] - User set preference: ['acceptInsecureCerts', 'true']

2024-03-08 00:27:28 - [MESSAGE][INFO] - Action delay is set to 0 milliseconds

2024-03-08 00:27:30 - [MESSAGE][PASSED] - Browser is opened with url: ''

2024-03-08 00:27:30 - [TEST_STEP][PASSED] - maximizeWindow(): Current window maximized

2024-03-08 00:27:30 - [MESSAGE][PASSED] - Current window maximized

2024-03-08 00:27:30 - [TEST_STEP][PASSED] - navigateToUrl(RADurl): Navigate to 'https://qa2.velocitypayment.com/client/rad/index.html' successfully

2024-03-08 00:27:43 - [MESSAGE][PASSED] - Navigate to 'https://qa2.velocitypayment.com/client/rad/index.html' successfully

2024-03-08 00:27:43 - [TEST_STEP][PASSED] - orPath_Landing = "Object Repository/RAD_Pages/Landing_Page": null

2024-03-08 00:27:43 - [TEST_STEP][PASSED] - orPath_TaxTypeFilingYear = "Object Repository/RAD_Pages/TaxTypeFilingYear_Page": null

2024-03-08 00:27:43 - [TEST_STEP][PASSED] - orPath_TaxPayer = "Object Repository/RAD_Pages/Taxpayer_Page": null

2024-03-08 00:27:43 - [TEST_STEP][PASSED] - orPath_AddressContact = "Object Repository/RAD_Pages/AddressAndContactInfo_Page": null

2024-03-08 00:27:43 - [TEST_STEP][PASSED] - orPath_FilingStatus = "Object Repository/RAD_Pages/FilingStatus_Page": null

2024-03-08 00:27:43 - [TEST_STEP][PASSED] - orPath_Amount = "Object Repository/RAD_Pages/PaymentAmount_Page": null

2024-03-08 00:27:43 - [TEST_STEP][PASSED] - orPath_TaxInfo = "Object Repository/RAD_Pages/TaxInfo_Page": null

2024-03-08 00:27:43 - [TEST_STEP][PASSED] - orPath_Withholding = "Object Repository/RAD_Pages/Withholding_Page": null

2024-03-08 00:27:43 - [TEST_STEP][PASSED] - orPath_Summary = "Object Repository/RAD_Pages/Summary_Page": null

2024-03-08 00:27:43 - [TEST_STEP][PASSED] - orPath_PaymentReady = "Object Repository/RAD_Pages/PaymentReady_Page": null

2024-03-08 00:27:43 - [TEST_STEP][PASSED] - orPath_PaymentEntry = "Object Repository/RAD_Pages/PaymentEntry_Page": null

2024-03-08 00:27:43 - [TEST_STEP][PASSED] - orPath_PaymentConfirmation = "Object Repository/RAD_Pages/PaymentConfirmation_Page": null

2024-03-08 00:27:43 - [TEST_STEP][PASSED] - orPath_ServiceFeesAccept = "Object Repository/RAD_Pages/ServiceFeeAccept_Page": null

2024-03-08 00:27:43 - [TEST_STEP][PASSED] - selectOptionByLabel(findTestObject(orPath_Landing + "/dd_TaxType"), Taxtype, false): All options with label 'Existing Liability w/Notice Number' are selected in object 'Object Repository/RAD_Pages/Landing_Page/dd_TaxType' 

2024-03-08 00:27:44 - [MESSAGE][PASSED] - All options with label 'Existing Liability w/Notice Number' are selected in object 'Object Repository/RAD_Pages/Landing_Page/dd_TaxType' 

2024-03-08 00:27:44 - [TEST_STEP][PASSED] - delay(1): Delayed 1 second(s)

2024-03-08 00:27:45 - [MESSAGE][PASSED] - Delayed 1 second(s)

2024-03-08 00:27:45 - [TEST_STEP][PASSED] - selectOptionByLabel(findTestObject(orPath_TaxTypeFilingYear + "/select_TaxType_ExistingLiability"), TaxTypeEL, false): All options with label 'Sales & Use Tax' are selected in object 'Object Repository/RAD_Pages/TaxTypeFilingYear_Page/select_TaxType_ExistingLiability' 

2024-03-08 00:27:45 - [MESSAGE][PASSED] - All options with label 'Sales & Use Tax' are selected in object 'Object Repository/RAD_Pages/TaxTypeFilingYear_Page/select_TaxType_ExistingLiability' 

2024-03-08 00:27:45 - [TEST_STEP][PASSED] - setText(findTestObject(orPath_TaxInfo + "/input_NoticeInvoiceNumber"), notInvNumber): Text '0000000000000' is set on object 'Object Repository/RAD_Pages/TaxInfo_Page/input_NoticeInvoiceNumber'

2024-03-08 00:27:46 - [MESSAGE][PASSED] - Text '0000000000000' is set on object 'Object Repository/RAD_Pages/TaxInfo_Page/input_NoticeInvoiceNumber'

2024-03-08 00:27:46 - [TEST_STEP][PASSED] - setText(findTestObject(orPath_TaxInfo + "/input_reTypeNoticeInvoiceNumber"), notInvNumber): Text '0000000000000' is set on object 'Object Repository/RAD_Pages/TaxInfo_Page/input_reTypeNoticeInvoiceNumber'

2024-03-08 00:27:47 - [MESSAGE][PASSED] - Text '0000000000000' is set on object 'Object Repository/RAD_Pages/TaxInfo_Page/input_reTypeNoticeInvoiceNumber'

2024-03-08 00:27:47 - [TEST_STEP][PASSED] - println(notInvNumber): null

2024-03-08 00:27:47 - [TEST_STEP][PASSED] - if (verifyTextPresent(errorMsg, true)): null

2024-03-08 00:27:48 - [MESSAGE][PASSED] - Text 'Notice Number must be 13 digits in length, with a value greater than zero' is present on page  using regular expression

2024-03-08 00:27:48 - [TEST_STEP][PASSED] - println("Error Message is present on the page"): null

2024-03-08 00:27:48 - [TEST_STEP][PASSED] - out.println("Pass Record Number: " + row): null

2024-03-08 00:27:48 - [TEST_STEP][PASSED] - resText = "Pass": null

2024-03-08 00:27:48 - [TEST_STEP][PASSED] - pages.WriteExcel.demoKey(resText, datText, resColumn, datCloumn, fileLoc, nameSheet, row): pages.WriteExcel.demoKey is PASSED

2024-03-08 00:27:48 - [MESSAGE][PASSED] - pages.WriteExcel.demoKey is PASSED

2024-03-08 00:27:48 - [TEST_STEP][PASSED] - ExecuteTC = findTestData(dataFile).getValue("Execute", row): null

2024-03-08 00:27:48 - [TEST_STEP][PASSED] - Taxtype = findTestData(dataFile).getValue("TaxType", row): null

2024-03-08 00:27:48 - [TEST_STEP][PASSED] - TaxTypeEL = findTestData(dataFile).getValue("TaxTypeEL", row): null

2024-03-08 00:27:48 - [TEST_STEP][PASSED] - notInvNumber = findTestData(dataFile).getValue("NotiInvoNumber", row): null

2024-03-08 00:27:48 - [TEST_STEP][PASSED] - errorMsg = findTestData(dataFile).getValue("ErrorMessage", row): null

2024-03-08 00:27:48 - [TEST_STEP][PASSED] - out.println("Value of Execute is : " + ExecuteTC): null

2024-03-08 00:27:48 - [TEST_STEP][PASSED] - if (ExecuteTC.equalsIgnoreCase("Y")): null

2024-03-08 00:27:48 - [TEST_STEP][PASSED] - out.println("Begin Record Number: " + row): null

2024-03-08 00:27:48 - [TEST_STEP][PASSED] - today = new java.util.Date(): null

2024-03-08 00:27:48 - [TEST_STEP][PASSED] - println(today): null

2024-03-08 00:27:48 - [TEST_STEP][PASSED] - datText = today: null

2024-03-08 00:27:48 - [TEST_STEP][PASSED] - Taxtype = findTestData(dataFile).getValue("TaxType", row): null

2024-03-08 00:27:48 - [TEST_STEP][PASSED] - out.println("Taxtype value is : " + Taxtype): null

2024-03-08 00:27:48 - [TEST_STEP][PASSED] - openBrowser(""): Browser is opened with url: ''

2024-03-08 00:27:48 - [MESSAGE][WARNING] - A browser is already opened. Closing browser and opening a new one

2024-03-08 00:28:04 - [MESSAGE][INFO] - Starting 'Chrome' driver

2024-03-08 00:28:04 - [MESSAGE][INFO] - User set preference: ['acceptInsecureCerts', 'true']

2024-03-08 00:28:04 - [MESSAGE][INFO] - Action delay is set to 0 milliseconds

2024-03-08 00:28:05 - [MESSAGE][PASSED] - Browser is opened with url: ''

2024-03-08 00:28:05 - [TEST_STEP][PASSED] - maximizeWindow(): Current window maximized

2024-03-08 00:28:06 - [MESSAGE][PASSED] - Current window maximized

2024-03-08 00:28:06 - [TEST_STEP][PASSED] - navigateToUrl(RADurl): Navigate to 'https://qa2.velocitypayment.com/client/rad/index.html' successfully

2024-03-08 00:28:07 - [MESSAGE][PASSED] - Navigate to 'https://qa2.velocitypayment.com/client/rad/index.html' successfully

2024-03-08 00:28:07 - [TEST_STEP][PASSED] - orPath_Landing = "Object Repository/RAD_Pages/Landing_Page": null

2024-03-08 00:28:07 - [TEST_STEP][PASSED] - orPath_TaxTypeFilingYear = "Object Repository/RAD_Pages/TaxTypeFilingYear_Page": null

2024-03-08 00:28:07 - [TEST_STEP][PASSED] - orPath_TaxPayer = "Object Repository/RAD_Pages/Taxpayer_Page": null

2024-03-08 00:28:07 - [TEST_STEP][PASSED] - orPath_AddressContact = "Object Repository/RAD_Pages/AddressAndContactInfo_Page": null

2024-03-08 00:28:07 - [TEST_STEP][PASSED] - orPath_FilingStatus = "Object Repository/RAD_Pages/FilingStatus_Page": null

2024-03-08 00:28:07 - [TEST_STEP][PASSED] - orPath_Amount = "Object Repository/RAD_Pages/PaymentAmount_Page": null

2024-03-08 00:28:07 - [TEST_STEP][PASSED] - orPath_TaxInfo = "Object Repository/RAD_Pages/TaxInfo_Page": null

2024-03-08 00:28:07 - [TEST_STEP][PASSED] - orPath_Withholding = "Object Repository/RAD_Pages/Withholding_Page": null

2024-03-08 00:28:07 - [TEST_STEP][PASSED] - orPath_Summary = "Object Repository/RAD_Pages/Summary_Page": null

2024-03-08 00:28:07 - [TEST_STEP][PASSED] - orPath_PaymentReady = "Object Repository/RAD_Pages/PaymentReady_Page": null

2024-03-08 00:28:07 - [TEST_STEP][PASSED] - orPath_PaymentEntry = "Object Repository/RAD_Pages/PaymentEntry_Page": null

2024-03-08 00:28:07 - [TEST_STEP][PASSED] - orPath_PaymentConfirmation = "Object Repository/RAD_Pages/PaymentConfirmation_Page": null

2024-03-08 00:28:07 - [TEST_STEP][PASSED] - orPath_ServiceFeesAccept = "Object Repository/RAD_Pages/ServiceFeeAccept_Page": null

2024-03-08 00:28:07 - [TEST_STEP][PASSED] - selectOptionByLabel(findTestObject(orPath_Landing + "/dd_TaxType"), Taxtype, false): All options with label 'Existing Liability w/Notice Number' are selected in object 'Object Repository/RAD_Pages/Landing_Page/dd_TaxType' 

2024-03-08 00:28:08 - [MESSAGE][PASSED] - All options with label 'Existing Liability w/Notice Number' are selected in object 'Object Repository/RAD_Pages/Landing_Page/dd_TaxType' 

2024-03-08 00:28:08 - [TEST_STEP][PASSED] - delay(1): Delayed 1 second(s)

2024-03-08 00:28:09 - [MESSAGE][PASSED] - Delayed 1 second(s)

2024-03-08 00:28:09 - [TEST_STEP][PASSED] - selectOptionByLabel(findTestObject(orPath_TaxTypeFilingYear + "/select_TaxType_ExistingLiability"), TaxTypeEL, false): All options with label 'Tire Recycling Fee' are selected in object 'Object Repository/RAD_Pages/TaxTypeFilingYear_Page/select_TaxType_ExistingLiability' 

2024-03-08 00:28:10 - [MESSAGE][PASSED] - All options with label 'Tire Recycling Fee' are selected in object 'Object Repository/RAD_Pages/TaxTypeFilingYear_Page/select_TaxType_ExistingLiability' 

2024-03-08 00:28:10 - [TEST_STEP][PASSED] - setText(findTestObject(orPath_TaxInfo + "/input_NoticeInvoiceNumber"), notInvNumber): Text '0000000000000' is set on object 'Object Repository/RAD_Pages/TaxInfo_Page/input_NoticeInvoiceNumber'

2024-03-08 00:28:10 - [MESSAGE][PASSED] - Text '0000000000000' is set on object 'Object Repository/RAD_Pages/TaxInfo_Page/input_NoticeInvoiceNumber'

2024-03-08 00:28:10 - [TEST_STEP][PASSED] - setText(findTestObject(orPath_TaxInfo + "/input_reTypeNoticeInvoiceNumber"), notInvNumber): Text '0000000000000' is set on object 'Object Repository/RAD_Pages/TaxInfo_Page/input_reTypeNoticeInvoiceNumber'

2024-03-08 00:28:11 - [MESSAGE][PASSED] - Text '0000000000000' is set on object 'Object Repository/RAD_Pages/TaxInfo_Page/input_reTypeNoticeInvoiceNumber'

2024-03-08 00:28:11 - [TEST_STEP][PASSED] - println(notInvNumber): null

2024-03-08 00:28:11 - [TEST_STEP][PASSED] - if (verifyTextPresent(errorMsg, true)): null

2024-03-08 00:28:12 - [MESSAGE][PASSED] - Text 'Notice Number must be 13 digits in length, with a value greater than zero' is present on page  using regular expression

2024-03-08 00:28:12 - [TEST_STEP][PASSED] - println("Error Message is present on the page"): null

2024-03-08 00:28:12 - [TEST_STEP][PASSED] - out.println("Pass Record Number: " + row): null

2024-03-08 00:28:12 - [TEST_STEP][PASSED] - resText = "Pass": null

2024-03-08 00:28:12 - [TEST_STEP][PASSED] - pages.WriteExcel.demoKey(resText, datText, resColumn, datCloumn, fileLoc, nameSheet, row): pages.WriteExcel.demoKey is PASSED

2024-03-08 00:28:12 - [MESSAGE][PASSED] - pages.WriteExcel.demoKey is PASSED

2024-03-08 00:28:12 - [TEST_STEP][PASSED] - ExecuteTC = findTestData(dataFile).getValue("Execute", row): null

2024-03-08 00:28:12 - [TEST_STEP][PASSED] - Taxtype = findTestData(dataFile).getValue("TaxType", row): null

2024-03-08 00:28:12 - [TEST_STEP][PASSED] - TaxTypeEL = findTestData(dataFile).getValue("TaxTypeEL", row): null

2024-03-08 00:28:12 - [TEST_STEP][PASSED] - notInvNumber = findTestData(dataFile).getValue("NotiInvoNumber", row): null

2024-03-08 00:28:12 - [TEST_STEP][PASSED] - errorMsg = findTestData(dataFile).getValue("ErrorMessage", row): null

2024-03-08 00:28:12 - [TEST_STEP][PASSED] - out.println("Value of Execute is : " + ExecuteTC): null

2024-03-08 00:28:12 - [TEST_STEP][PASSED] - if (ExecuteTC.equalsIgnoreCase("Y")): null

2024-03-08 00:28:12 - [TEST_STEP][PASSED] - out.println("Begin Record Number: " + row): null

2024-03-08 00:28:12 - [TEST_STEP][PASSED] - today = new java.util.Date(): null

2024-03-08 00:28:12 - [TEST_STEP][PASSED] - println(today): null

2024-03-08 00:28:12 - [TEST_STEP][PASSED] - datText = today: null

2024-03-08 00:28:12 - [TEST_STEP][PASSED] - Taxtype = findTestData(dataFile).getValue("TaxType", row): null

2024-03-08 00:28:12 - [TEST_STEP][PASSED] - out.println("Taxtype value is : " + Taxtype): null

2024-03-08 00:28:12 - [TEST_STEP][PASSED] - openBrowser(""): Browser is opened with url: ''

2024-03-08 00:28:12 - [MESSAGE][WARNING] - A browser is already opened. Closing browser and opening a new one

2024-03-08 00:28:35 - [MESSAGE][INFO] - Starting 'Chrome' driver

2024-03-08 00:28:35 - [MESSAGE][INFO] - User set preference: ['acceptInsecureCerts', 'true']

2024-03-08 00:28:35 - [MESSAGE][INFO] - Action delay is set to 0 milliseconds

2024-03-08 00:28:37 - [MESSAGE][PASSED] - Browser is opened with url: ''

2024-03-08 00:28:37 - [TEST_STEP][PASSED] - maximizeWindow(): Current window maximized

2024-03-08 00:28:37 - [MESSAGE][PASSED] - Current window maximized

2024-03-08 00:28:37 - [TEST_STEP][PASSED] - navigateToUrl(RADurl): Navigate to 'https://qa2.velocitypayment.com/client/rad/index.html' successfully

2024-03-08 00:28:44 - [MESSAGE][PASSED] - Navigate to 'https://qa2.velocitypayment.com/client/rad/index.html' successfully

2024-03-08 00:28:44 - [TEST_STEP][PASSED] - orPath_Landing = "Object Repository/RAD_Pages/Landing_Page": null

2024-03-08 00:28:44 - [TEST_STEP][PASSED] - orPath_TaxTypeFilingYear = "Object Repository/RAD_Pages/TaxTypeFilingYear_Page": null

2024-03-08 00:28:44 - [TEST_STEP][PASSED] - orPath_TaxPayer = "Object Repository/RAD_Pages/Taxpayer_Page": null

2024-03-08 00:28:44 - [TEST_STEP][PASSED] - orPath_AddressContact = "Object Repository/RAD_Pages/AddressAndContactInfo_Page": null

2024-03-08 00:28:44 - [TEST_STEP][PASSED] - orPath_FilingStatus = "Object Repository/RAD_Pages/FilingStatus_Page": null

2024-03-08 00:28:44 - [TEST_STEP][PASSED] - orPath_Amount = "Object Repository/RAD_Pages/PaymentAmount_Page": null

2024-03-08 00:28:44 - [TEST_STEP][PASSED] - orPath_TaxInfo = "Object Repository/RAD_Pages/TaxInfo_Page": null

2024-03-08 00:28:44 - [TEST_STEP][PASSED] - orPath_Withholding = "Object Repository/RAD_Pages/Withholding_Page": null

2024-03-08 00:28:44 - [TEST_STEP][PASSED] - orPath_Summary = "Object Repository/RAD_Pages/Summary_Page": null

2024-03-08 00:28:44 - [TEST_STEP][PASSED] - orPath_PaymentReady = "Object Repository/RAD_Pages/PaymentReady_Page": null

2024-03-08 00:28:44 - [TEST_STEP][PASSED] - orPath_PaymentEntry = "Object Repository/RAD_Pages/PaymentEntry_Page": null

2024-03-08 00:28:44 - [TEST_STEP][PASSED] - orPath_PaymentConfirmation = "Object Repository/RAD_Pages/PaymentConfirmation_Page": null

2024-03-08 00:28:44 - [TEST_STEP][PASSED] - orPath_ServiceFeesAccept = "Object Repository/RAD_Pages/ServiceFeeAccept_Page": null

2024-03-08 00:28:44 - [TEST_STEP][PASSED] - selectOptionByLabel(findTestObject(orPath_Landing + "/dd_TaxType"), Taxtype, false): All options with label 'Existing Liability w/Notice Number' are selected in object 'Object Repository/RAD_Pages/Landing_Page/dd_TaxType' 

2024-03-08 00:28:45 - [MESSAGE][PASSED] - All options with label 'Existing Liability w/Notice Number' are selected in object 'Object Repository/RAD_Pages/Landing_Page/dd_TaxType' 

2024-03-08 00:28:45 - [TEST_STEP][PASSED] - delay(1): Delayed 1 second(s)

2024-03-08 00:28:46 - [MESSAGE][PASSED] - Delayed 1 second(s)

2024-03-08 00:28:46 - [TEST_STEP][PASSED] - selectOptionByLabel(findTestObject(orPath_TaxTypeFilingYear + "/select_TaxType_ExistingLiability"), TaxTypeEL, false): All options with label 'Withholding Tax' are selected in object 'Object Repository/RAD_Pages/TaxTypeFilingYear_Page/select_TaxType_ExistingLiability' 

2024-03-08 00:28:47 - [MESSAGE][PASSED] - All options with label 'Withholding Tax' are selected in object 'Object Repository/RAD_Pages/TaxTypeFilingYear_Page/select_TaxType_ExistingLiability' 

2024-03-08 00:28:47 - [TEST_STEP][PASSED] - setText(findTestObject(orPath_TaxInfo + "/input_NoticeInvoiceNumber"), notInvNumber): Text '0000000000000' is set on object 'Object Repository/RAD_Pages/TaxInfo_Page/input_NoticeInvoiceNumber'

2024-03-08 00:28:47 - [MESSAGE][PASSED] - Text '0000000000000' is set on object 'Object Repository/RAD_Pages/TaxInfo_Page/input_NoticeInvoiceNumber'

2024-03-08 00:28:47 - [TEST_STEP][PASSED] - setText(findTestObject(orPath_TaxInfo + "/input_reTypeNoticeInvoiceNumber"), notInvNumber): Text '0000000000000' is set on object 'Object Repository/RAD_Pages/TaxInfo_Page/input_reTypeNoticeInvoiceNumber'

2024-03-08 00:28:48 - [MESSAGE][PASSED] - Text '0000000000000' is set on object 'Object Repository/RAD_Pages/TaxInfo_Page/input_reTypeNoticeInvoiceNumber'

2024-03-08 00:28:48 - [TEST_STEP][PASSED] - println(notInvNumber): null

2024-03-08 00:28:48 - [TEST_STEP][PASSED] - if (verifyTextPresent(errorMsg, true)): null

2024-03-08 00:28:49 - [MESSAGE][PASSED] - Text 'Notice Number must be 13 digits in length, with a value greater than zero' is present on page  using regular expression

2024-03-08 00:28:49 - [TEST_STEP][PASSED] - println("Error Message is present on the page"): null

2024-03-08 00:28:49 - [TEST_STEP][PASSED] - out.println("Pass Record Number: " + row): null

2024-03-08 00:28:49 - [TEST_STEP][PASSED] - resText = "Pass": null

2024-03-08 00:28:49 - [TEST_STEP][PASSED] - pages.WriteExcel.demoKey(resText, datText, resColumn, datCloumn, fileLoc, nameSheet, row): pages.WriteExcel.demoKey is PASSED

2024-03-08 00:28:49 - [MESSAGE][PASSED] - pages.WriteExcel.demoKey is PASSED

2024-03-08 00:28:49 - [TEST_STEP][PASSED] - ExecuteTC = findTestData(dataFile).getValue("Execute", row): null

2024-03-08 00:28:49 - [TEST_STEP][PASSED] - Taxtype = findTestData(dataFile).getValue("TaxType", row): null

2024-03-08 00:28:49 - [TEST_STEP][PASSED] - TaxTypeEL = findTestData(dataFile).getValue("TaxTypeEL", row): null

2024-03-08 00:28:49 - [TEST_STEP][PASSED] - notInvNumber = findTestData(dataFile).getValue("NotiInvoNumber", row): null

2024-03-08 00:28:49 - [TEST_STEP][PASSED] - errorMsg = findTestData(dataFile).getValue("ErrorMessage", row): null

2024-03-08 00:28:49 - [TEST_STEP][PASSED] - out.println("Value of Execute is : " + ExecuteTC): null

2024-03-08 00:28:49 - [TEST_STEP][PASSED] - if (ExecuteTC.equalsIgnoreCase("Y")): null

2024-03-08 00:28:49 - [TEST_STEP][PASSED] - out.println("Begin Record Number: " + row): null

2024-03-08 00:28:49 - [TEST_STEP][PASSED] - today = new java.util.Date(): null

2024-03-08 00:28:49 - [TEST_STEP][PASSED] - println(today): null

2024-03-08 00:28:49 - [TEST_STEP][PASSED] - datText = today: null

2024-03-08 00:28:49 - [TEST_STEP][PASSED] - Taxtype = findTestData(dataFile).getValue("TaxType", row): null

2024-03-08 00:28:49 - [TEST_STEP][PASSED] - out.println("Taxtype value is : " + Taxtype): null

2024-03-08 00:28:49 - [TEST_STEP][PASSED] - openBrowser(""): Browser is opened with url: ''

2024-03-08 00:28:49 - [MESSAGE][WARNING] - A browser is already opened. Closing browser and opening a new one

2024-03-08 00:29:10 - [MESSAGE][INFO] - Starting 'Chrome' driver

2024-03-08 00:29:10 - [MESSAGE][INFO] - User set preference: ['acceptInsecureCerts', 'true']

2024-03-08 00:29:10 - [MESSAGE][INFO] - Action delay is set to 0 milliseconds

2024-03-08 00:29:12 - [MESSAGE][PASSED] - Browser is opened with url: ''

2024-03-08 00:29:12 - [TEST_STEP][PASSED] - maximizeWindow(): Current window maximized

2024-03-08 00:29:12 - [MESSAGE][PASSED] - Current window maximized

2024-03-08 00:29:12 - [TEST_STEP][PASSED] - navigateToUrl(RADurl): Navigate to 'https://qa2.velocitypayment.com/client/rad/index.html' successfully

2024-03-08 00:29:20 - [MESSAGE][PASSED] - Navigate to 'https://qa2.velocitypayment.com/client/rad/index.html' successfully

2024-03-08 00:29:20 - [TEST_STEP][PASSED] - orPath_Landing = "Object Repository/RAD_Pages/Landing_Page": null

2024-03-08 00:29:20 - [TEST_STEP][PASSED] - orPath_TaxTypeFilingYear = "Object Repository/RAD_Pages/TaxTypeFilingYear_Page": null

2024-03-08 00:29:20 - [TEST_STEP][PASSED] - orPath_TaxPayer = "Object Repository/RAD_Pages/Taxpayer_Page": null

2024-03-08 00:29:20 - [TEST_STEP][PASSED] - orPath_AddressContact = "Object Repository/RAD_Pages/AddressAndContactInfo_Page": null

2024-03-08 00:29:20 - [TEST_STEP][PASSED] - orPath_FilingStatus = "Object Repository/RAD_Pages/FilingStatus_Page": null

2024-03-08 00:29:20 - [TEST_STEP][PASSED] - orPath_Amount = "Object Repository/RAD_Pages/PaymentAmount_Page": null

2024-03-08 00:29:20 - [TEST_STEP][PASSED] - orPath_TaxInfo = "Object Repository/RAD_Pages/TaxInfo_Page": null

2024-03-08 00:29:20 - [TEST_STEP][PASSED] - orPath_Withholding = "Object Repository/RAD_Pages/Withholding_Page": null

2024-03-08 00:29:20 - [TEST_STEP][PASSED] - orPath_Summary = "Object Repository/RAD_Pages/Summary_Page": null

2024-03-08 00:29:20 - [TEST_STEP][PASSED] - orPath_PaymentReady = "Object Repository/RAD_Pages/PaymentReady_Page": null

2024-03-08 00:29:20 - [TEST_STEP][PASSED] - orPath_PaymentEntry = "Object Repository/RAD_Pages/PaymentEntry_Page": null

2024-03-08 00:29:20 - [TEST_STEP][PASSED] - orPath_PaymentConfirmation = "Object Repository/RAD_Pages/PaymentConfirmation_Page": null

2024-03-08 00:29:20 - [TEST_STEP][PASSED] - orPath_ServiceFeesAccept = "Object Repository/RAD_Pages/ServiceFeeAccept_Page": null

2024-03-08 00:29:20 - [TEST_STEP][PASSED] - selectOptionByLabel(findTestObject(orPath_Landing + "/dd_TaxType"), Taxtype, false): All options with label 'Existing Liability w/Notice Number' are selected in object 'Object Repository/RAD_Pages/Landing_Page/dd_TaxType' 

2024-03-08 00:29:21 - [MESSAGE][PASSED] - All options with label 'Existing Liability w/Notice Number' are selected in object 'Object Repository/RAD_Pages/Landing_Page/dd_TaxType' 

2024-03-08 00:29:21 - [TEST_STEP][PASSED] - delay(1): Delayed 1 second(s)

2024-03-08 00:29:22 - [MESSAGE][PASSED] - Delayed 1 second(s)

2024-03-08 00:29:22 - [TEST_STEP][PASSED] - selectOptionByLabel(findTestObject(orPath_TaxTypeFilingYear + "/select_TaxType_ExistingLiability"), TaxTypeEL, false): All options with label 'Alcohol Tax' are selected in object 'Object Repository/RAD_Pages/TaxTypeFilingYear_Page/select_TaxType_ExistingLiability' 

2024-03-08 00:29:23 - [MESSAGE][PASSED] - All options with label 'Alcohol Tax' are selected in object 'Object Repository/RAD_Pages/TaxTypeFilingYear_Page/select_TaxType_ExistingLiability' 

2024-03-08 00:29:23 - [TEST_STEP][PASSED] - setText(findTestObject(orPath_TaxInfo + "/input_NoticeInvoiceNumber"), notInvNumber): Text '0000000000000' is set on object 'Object Repository/RAD_Pages/TaxInfo_Page/input_NoticeInvoiceNumber'

2024-03-08 00:29:23 - [MESSAGE][PASSED] - Text '0000000000000' is set on object 'Object Repository/RAD_Pages/TaxInfo_Page/input_NoticeInvoiceNumber'

2024-03-08 00:29:23 - [TEST_STEP][PASSED] - setText(findTestObject(orPath_TaxInfo + "/input_reTypeNoticeInvoiceNumber"), notInvNumber): Text '0000000000000' is set on object 'Object Repository/RAD_Pages/TaxInfo_Page/input_reTypeNoticeInvoiceNumber'

2024-03-08 00:29:24 - [MESSAGE][PASSED] - Text '0000000000000' is set on object 'Object Repository/RAD_Pages/TaxInfo_Page/input_reTypeNoticeInvoiceNumber'

2024-03-08 00:29:24 - [TEST_STEP][PASSED] - println(notInvNumber): null

2024-03-08 00:29:24 - [TEST_STEP][PASSED] - if (verifyTextPresent(errorMsg, true)): null

2024-03-08 00:29:25 - [MESSAGE][PASSED] - Text 'Invoice Number must be 10 or 13 digits in length, with a value greater than zero' is present on page  using regular expression

2024-03-08 00:29:25 - [TEST_STEP][PASSED] - println("Error Message is present on the page"): null

2024-03-08 00:29:25 - [TEST_STEP][PASSED] - out.println("Pass Record Number: " + row): null

2024-03-08 00:29:25 - [TEST_STEP][PASSED] - resText = "Pass": null

2024-03-08 00:29:25 - [TEST_STEP][PASSED] - pages.WriteExcel.demoKey(resText, datText, resColumn, datCloumn, fileLoc, nameSheet, row): pages.WriteExcel.demoKey is PASSED

2024-03-08 00:29:25 - [MESSAGE][PASSED] - pages.WriteExcel.demoKey is PASSED

2024-03-08 00:29:25 - [TEST_STEP][PASSED] - ExecuteTC = findTestData(dataFile).getValue("Execute", row): null

2024-03-08 00:29:25 - [TEST_STEP][PASSED] - Taxtype = findTestData(dataFile).getValue("TaxType", row): null

2024-03-08 00:29:25 - [TEST_STEP][PASSED] - TaxTypeEL = findTestData(dataFile).getValue("TaxTypeEL", row): null

2024-03-08 00:29:25 - [TEST_STEP][PASSED] - notInvNumber = findTestData(dataFile).getValue("NotiInvoNumber", row): null

2024-03-08 00:29:25 - [TEST_STEP][PASSED] - errorMsg = findTestData(dataFile).getValue("ErrorMessage", row): null

2024-03-08 00:29:25 - [TEST_STEP][PASSED] - out.println("Value of Execute is : " + ExecuteTC): null

2024-03-08 00:29:25 - [TEST_STEP][PASSED] - if (ExecuteTC.equalsIgnoreCase("Y")): null

2024-03-08 00:29:25 - [TEST_STEP][PASSED] - out.println("Begin Record Number: " + row): null

2024-03-08 00:29:25 - [TEST_STEP][PASSED] - today = new java.util.Date(): null

2024-03-08 00:29:25 - [TEST_STEP][PASSED] - println(today): null

2024-03-08 00:29:25 - [TEST_STEP][PASSED] - datText = today: null

2024-03-08 00:29:25 - [TEST_STEP][PASSED] - Taxtype = findTestData(dataFile).getValue("TaxType", row): null

2024-03-08 00:29:25 - [TEST_STEP][PASSED] - out.println("Taxtype value is : " + Taxtype): null

2024-03-08 00:29:25 - [TEST_STEP][PASSED] - openBrowser(""): Browser is opened with url: ''

2024-03-08 00:29:25 - [MESSAGE][WARNING] - A browser is already opened. Closing browser and opening a new one

2024-03-08 00:29:40 - [MESSAGE][INFO] - Starting 'Chrome' driver

2024-03-08 00:29:40 - [MESSAGE][INFO] - User set preference: ['acceptInsecureCerts', 'true']

2024-03-08 00:29:40 - [MESSAGE][INFO] - Action delay is set to 0 milliseconds

2024-03-08 00:29:42 - [MESSAGE][PASSED] - Browser is opened with url: ''

2024-03-08 00:29:42 - [TEST_STEP][PASSED] - maximizeWindow(): Current window maximized

2024-03-08 00:29:42 - [MESSAGE][PASSED] - Current window maximized

2024-03-08 00:29:42 - [TEST_STEP][PASSED] - navigateToUrl(RADurl): Navigate to 'https://qa2.velocitypayment.com/client/rad/index.html' successfully

2024-03-08 00:29:49 - [MESSAGE][PASSED] - Navigate to 'https://qa2.velocitypayment.com/client/rad/index.html' successfully

2024-03-08 00:29:49 - [TEST_STEP][PASSED] - orPath_Landing = "Object Repository/RAD_Pages/Landing_Page": null

2024-03-08 00:29:49 - [TEST_STEP][PASSED] - orPath_TaxTypeFilingYear = "Object Repository/RAD_Pages/TaxTypeFilingYear_Page": null

2024-03-08 00:29:49 - [TEST_STEP][PASSED] - orPath_TaxPayer = "Object Repository/RAD_Pages/Taxpayer_Page": null

2024-03-08 00:29:49 - [TEST_STEP][PASSED] - orPath_AddressContact = "Object Repository/RAD_Pages/AddressAndContactInfo_Page": null

2024-03-08 00:29:49 - [TEST_STEP][PASSED] - orPath_FilingStatus = "Object Repository/RAD_Pages/FilingStatus_Page": null

2024-03-08 00:29:49 - [TEST_STEP][PASSED] - orPath_Amount = "Object Repository/RAD_Pages/PaymentAmount_Page": null

2024-03-08 00:29:49 - [TEST_STEP][PASSED] - orPath_TaxInfo = "Object Repository/RAD_Pages/TaxInfo_Page": null

2024-03-08 00:29:49 - [TEST_STEP][PASSED] - orPath_Withholding = "Object Repository/RAD_Pages/Withholding_Page": null

2024-03-08 00:29:49 - [TEST_STEP][PASSED] - orPath_Summary = "Object Repository/RAD_Pages/Summary_Page": null

2024-03-08 00:29:49 - [TEST_STEP][PASSED] - orPath_PaymentReady = "Object Repository/RAD_Pages/PaymentReady_Page": null

2024-03-08 00:29:49 - [TEST_STEP][PASSED] - orPath_PaymentEntry = "Object Repository/RAD_Pages/PaymentEntry_Page": null

2024-03-08 00:29:49 - [TEST_STEP][PASSED] - orPath_PaymentConfirmation = "Object Repository/RAD_Pages/PaymentConfirmation_Page": null

2024-03-08 00:29:49 - [TEST_STEP][PASSED] - orPath_ServiceFeesAccept = "Object Repository/RAD_Pages/ServiceFeeAccept_Page": null

2024-03-08 00:29:49 - [TEST_STEP][PASSED] - selectOptionByLabel(findTestObject(orPath_Landing + "/dd_TaxType"), Taxtype, false): All options with label 'Existing Liability w/Notice Number' are selected in object 'Object Repository/RAD_Pages/Landing_Page/dd_TaxType' 

2024-03-08 00:29:50 - [MESSAGE][PASSED] - All options with label 'Existing Liability w/Notice Number' are selected in object 'Object Repository/RAD_Pages/Landing_Page/dd_TaxType' 

2024-03-08 00:29:50 - [TEST_STEP][PASSED] - delay(1): Delayed 1 second(s)

2024-03-08 00:29:51 - [MESSAGE][PASSED] - Delayed 1 second(s)

2024-03-08 00:29:51 - [TEST_STEP][PASSED] - selectOptionByLabel(findTestObject(orPath_TaxTypeFilingYear + "/select_TaxType_ExistingLiability"), TaxTypeEL, false): All options with label 'Alcohol Tax' are selected in object 'Object Repository/RAD_Pages/TaxTypeFilingYear_Page/select_TaxType_ExistingLiability' 

2024-03-08 00:29:52 - [MESSAGE][PASSED] - All options with label 'Alcohol Tax' are selected in object 'Object Repository/RAD_Pages/TaxTypeFilingYear_Page/select_TaxType_ExistingLiability' 

2024-03-08 00:29:52 - [TEST_STEP][PASSED] - setText(findTestObject(orPath_TaxInfo + "/input_NoticeInvoiceNumber"), notInvNumber): Text '0000000000' is set on object 'Object Repository/RAD_Pages/TaxInfo_Page/input_NoticeInvoiceNumber'

2024-03-08 00:29:53 - [MESSAGE][PASSED] - Text '0000000000' is set on object 'Object Repository/RAD_Pages/TaxInfo_Page/input_NoticeInvoiceNumber'

2024-03-08 00:29:53 - [TEST_STEP][PASSED] - setText(findTestObject(orPath_TaxInfo + "/input_reTypeNoticeInvoiceNumber"), notInvNumber): Text '0000000000' is set on object 'Object Repository/RAD_Pages/TaxInfo_Page/input_reTypeNoticeInvoiceNumber'

2024-03-08 00:29:53 - [MESSAGE][PASSED] - Text '0000000000' is set on object 'Object Repository/RAD_Pages/TaxInfo_Page/input_reTypeNoticeInvoiceNumber'

2024-03-08 00:29:53 - [TEST_STEP][PASSED] - println(notInvNumber): null

2024-03-08 00:29:53 - [TEST_STEP][PASSED] - if (verifyTextPresent(errorMsg, true)): null

2024-03-08 00:29:54 - [MESSAGE][PASSED] - Text 'Invoice Number must be 10 or 13 digits in length, with a value greater than zero' is present on page  using regular expression

2024-03-08 00:29:54 - [TEST_STEP][PASSED] - println("Error Message is present on the page"): null

2024-03-08 00:29:54 - [TEST_STEP][PASSED] - out.println("Pass Record Number: " + row): null

2024-03-08 00:29:54 - [TEST_STEP][PASSED] - resText = "Pass": null

2024-03-08 00:29:54 - [TEST_STEP][PASSED] - pages.WriteExcel.demoKey(resText, datText, resColumn, datCloumn, fileLoc, nameSheet, row): pages.WriteExcel.demoKey is PASSED

2024-03-08 00:29:54 - [MESSAGE][PASSED] - pages.WriteExcel.demoKey is PASSED

2024-03-08 00:29:54 - [TEST_STEP][PASSED] - ExecuteTC = findTestData(dataFile).getValue("Execute", row): null

2024-03-08 00:29:54 - [TEST_STEP][PASSED] - Taxtype = findTestData(dataFile).getValue("TaxType", row): null

2024-03-08 00:29:54 - [TEST_STEP][PASSED] - TaxTypeEL = findTestData(dataFile).getValue("TaxTypeEL", row): null

2024-03-08 00:29:54 - [TEST_STEP][PASSED] - notInvNumber = findTestData(dataFile).getValue("NotiInvoNumber", row): null

2024-03-08 00:29:54 - [TEST_STEP][PASSED] - errorMsg = findTestData(dataFile).getValue("ErrorMessage", row): null

2024-03-08 00:29:54 - [TEST_STEP][PASSED] - out.println("Value of Execute is : " + ExecuteTC): null

2024-03-08 00:29:54 - [TEST_STEP][PASSED] - if (ExecuteTC.equalsIgnoreCase("Y")): null

2024-03-08 00:29:54 - [TEST_STEP][PASSED] - out.println("Begin Record Number: " + row): null

2024-03-08 00:29:54 - [TEST_STEP][PASSED] - today = new java.util.Date(): null

2024-03-08 00:29:54 - [TEST_STEP][PASSED] - println(today): null

2024-03-08 00:29:54 - [TEST_STEP][PASSED] - datText = today: null

2024-03-08 00:29:54 - [TEST_STEP][PASSED] - Taxtype = findTestData(dataFile).getValue("TaxType", row): null

2024-03-08 00:29:54 - [TEST_STEP][PASSED] - out.println("Taxtype value is : " + Taxtype): null

2024-03-08 00:29:54 - [TEST_STEP][PASSED] - openBrowser(""): Browser is opened with url: ''

2024-03-08 00:29:54 - [MESSAGE][WARNING] - A browser is already opened. Closing browser and opening a new one

2024-03-08 00:30:13 - [MESSAGE][INFO] - Starting 'Chrome' driver

2024-03-08 00:30:13 - [MESSAGE][INFO] - User set preference: ['acceptInsecureCerts', 'true']

2024-03-08 00:30:13 - [MESSAGE][INFO] - Action delay is set to 0 milliseconds

2024-03-08 00:30:15 - [MESSAGE][PASSED] - Browser is opened with url: ''

2024-03-08 00:30:15 - [TEST_STEP][PASSED] - maximizeWindow(): Current window maximized

2024-03-08 00:30:15 - [MESSAGE][PASSED] - Current window maximized

2024-03-08 00:30:15 - [TEST_STEP][PASSED] - navigateToUrl(RADurl): Navigate to 'https://qa2.velocitypayment.com/client/rad/index.html' successfully

2024-03-08 00:30:27 - [MESSAGE][PASSED] - Navigate to 'https://qa2.velocitypayment.com/client/rad/index.html' successfully

2024-03-08 00:30:27 - [TEST_STEP][PASSED] - orPath_Landing = "Object Repository/RAD_Pages/Landing_Page": null

2024-03-08 00:30:27 - [TEST_STEP][PASSED] - orPath_TaxTypeFilingYear = "Object Repository/RAD_Pages/TaxTypeFilingYear_Page": null

2024-03-08 00:30:27 - [TEST_STEP][PASSED] - orPath_TaxPayer = "Object Repository/RAD_Pages/Taxpayer_Page": null

2024-03-08 00:30:27 - [TEST_STEP][PASSED] - orPath_AddressContact = "Object Repository/RAD_Pages/AddressAndContactInfo_Page": null

2024-03-08 00:30:27 - [TEST_STEP][PASSED] - orPath_FilingStatus = "Object Repository/RAD_Pages/FilingStatus_Page": null

2024-03-08 00:30:27 - [TEST_STEP][PASSED] - orPath_Amount = "Object Repository/RAD_Pages/PaymentAmount_Page": null

2024-03-08 00:30:27 - [TEST_STEP][PASSED] - orPath_TaxInfo = "Object Repository/RAD_Pages/TaxInfo_Page": null

2024-03-08 00:30:27 - [TEST_STEP][PASSED] - orPath_Withholding = "Object Repository/RAD_Pages/Withholding_Page": null

2024-03-08 00:30:27 - [TEST_STEP][PASSED] - orPath_Summary = "Object Repository/RAD_Pages/Summary_Page": null

2024-03-08 00:30:27 - [TEST_STEP][PASSED] - orPath_PaymentReady = "Object Repository/RAD_Pages/PaymentReady_Page": null

2024-03-08 00:30:27 - [TEST_STEP][PASSED] - orPath_PaymentEntry = "Object Repository/RAD_Pages/PaymentEntry_Page": null

2024-03-08 00:30:27 - [TEST_STEP][PASSED] - orPath_PaymentConfirmation = "Object Repository/RAD_Pages/PaymentConfirmation_Page": null

2024-03-08 00:30:27 - [TEST_STEP][PASSED] - orPath_ServiceFeesAccept = "Object Repository/RAD_Pages/ServiceFeeAccept_Page": null

2024-03-08 00:30:27 - [TEST_STEP][PASSED] - selectOptionByLabel(findTestObject(orPath_Landing + "/dd_TaxType"), Taxtype, false): All options with label 'Existing Liability w/Notice Number' are selected in object 'Object Repository/RAD_Pages/Landing_Page/dd_TaxType' 

2024-03-08 00:30:27 - [MESSAGE][PASSED] - All options with label 'Existing Liability w/Notice Number' are selected in object 'Object Repository/RAD_Pages/Landing_Page/dd_TaxType' 

2024-03-08 00:30:27 - [TEST_STEP][PASSED] - delay(1): Delayed 1 second(s)

2024-03-08 00:30:28 - [MESSAGE][PASSED] - Delayed 1 second(s)

2024-03-08 00:30:28 - [TEST_STEP][PASSED] - selectOptionByLabel(findTestObject(orPath_TaxTypeFilingYear + "/select_TaxType_ExistingLiability"), TaxTypeEL, false): All options with label 'PTE Tax Electing Non-S Corp' are selected in object 'Object Repository/RAD_Pages/TaxTypeFilingYear_Page/select_TaxType_ExistingLiability' 

2024-03-08 00:30:29 - [MESSAGE][PASSED] - All options with label 'PTE Tax Electing Non-S Corp' are selected in object 'Object Repository/RAD_Pages/TaxTypeFilingYear_Page/select_TaxType_ExistingLiability' 

2024-03-08 00:30:29 - [TEST_STEP][PASSED] - setText(findTestObject(orPath_TaxInfo + "/input_NoticeInvoiceNumber"), notInvNumber): Text '0000000000000' is set on object 'Object Repository/RAD_Pages/TaxInfo_Page/input_NoticeInvoiceNumber'

2024-03-08 00:30:30 - [MESSAGE][PASSED] - Text '0000000000000' is set on object 'Object Repository/RAD_Pages/TaxInfo_Page/input_NoticeInvoiceNumber'

2024-03-08 00:30:30 - [TEST_STEP][PASSED] - setText(findTestObject(orPath_TaxInfo + "/input_reTypeNoticeInvoiceNumber"), notInvNumber): Text '0000000000000' is set on object 'Object Repository/RAD_Pages/TaxInfo_Page/input_reTypeNoticeInvoiceNumber'

2024-03-08 00:30:31 - [MESSAGE][PASSED] - Text '0000000000000' is set on object 'Object Repository/RAD_Pages/TaxInfo_Page/input_reTypeNoticeInvoiceNumber'

2024-03-08 00:30:31 - [TEST_STEP][PASSED] - println(notInvNumber): null

2024-03-08 00:30:31 - [TEST_STEP][PASSED] - if (verifyTextPresent(errorMsg, true)): null

2024-03-08 00:30:32 - [MESSAGE][PASSED] - Text 'Notice Number must be 13 digits in length, with a value greater than zero' is present on page  using regular expression

2024-03-08 00:30:32 - [TEST_STEP][PASSED] - println("Error Message is present on the page"): null

2024-03-08 00:30:32 - [TEST_STEP][PASSED] - out.println("Pass Record Number: " + row): null

2024-03-08 00:30:32 - [TEST_STEP][PASSED] - resText = "Pass": null

2024-03-08 00:30:32 - [TEST_STEP][PASSED] - pages.WriteExcel.demoKey(resText, datText, resColumn, datCloumn, fileLoc, nameSheet, row): pages.WriteExcel.demoKey is PASSED

2024-03-08 00:30:32 - [MESSAGE][PASSED] - pages.WriteExcel.demoKey is PASSED

2024-03-08 00:30:32 - [TEST_STEP][PASSED] - ExecuteTC = findTestData(dataFile).getValue("Execute", row): null

2024-03-08 00:30:32 - [TEST_STEP][PASSED] - Taxtype = findTestData(dataFile).getValue("TaxType", row): null

2024-03-08 00:30:32 - [TEST_STEP][PASSED] - TaxTypeEL = findTestData(dataFile).getValue("TaxTypeEL", row): null

2024-03-08 00:30:32 - [TEST_STEP][PASSED] - notInvNumber = findTestData(dataFile).getValue("NotiInvoNumber", row): null

2024-03-08 00:30:32 - [TEST_STEP][PASSED] - errorMsg = findTestData(dataFile).getValue("ErrorMessage", row): null

2024-03-08 00:30:32 - [TEST_STEP][PASSED] - out.println("Value of Execute is : " + ExecuteTC): null

2024-03-08 00:30:32 - [TEST_STEP][PASSED] - if (ExecuteTC.equalsIgnoreCase("Y")): null

2024-03-08 00:30:32 - [TEST_STEP][PASSED] - out.println("Begin Record Number: " + row): null

2024-03-08 00:30:32 - [TEST_STEP][PASSED] - today = new java.util.Date(): null

2024-03-08 00:30:32 - [TEST_STEP][PASSED] - println(today): null

2024-03-08 00:30:32 - [TEST_STEP][PASSED] - datText = today: null

2024-03-08 00:30:32 - [TEST_STEP][PASSED] - Taxtype = findTestData(dataFile).getValue("TaxType", row): null

2024-03-08 00:30:32 - [TEST_STEP][PASSED] - out.println("Taxtype value is : " + Taxtype): null

2024-03-08 00:30:32 - [TEST_STEP][PASSED] - openBrowser(""): Browser is opened with url: ''

2024-03-08 00:30:32 - [MESSAGE][WARNING] - A browser is already opened. Closing browser and opening a new one

2024-03-08 00:30:57 - [MESSAGE][INFO] - Starting 'Chrome' driver

2024-03-08 00:30:57 - [MESSAGE][INFO] - User set preference: ['acceptInsecureCerts', 'true']

2024-03-08 00:30:57 - [MESSAGE][INFO] - Action delay is set to 0 milliseconds

2024-03-08 00:30:59 - [MESSAGE][PASSED] - Browser is opened with url: ''

2024-03-08 00:30:59 - [TEST_STEP][PASSED] - maximizeWindow(): Current window maximized

2024-03-08 00:30:59 - [MESSAGE][PASSED] - Current window maximized

2024-03-08 00:30:59 - [TEST_STEP][PASSED] - navigateToUrl(RADurl): Navigate to 'https://qa2.velocitypayment.com/client/rad/index.html' successfully

2024-03-08 00:31:08 - [MESSAGE][PASSED] - Navigate to 'https://qa2.velocitypayment.com/client/rad/index.html' successfully

2024-03-08 00:31:08 - [TEST_STEP][PASSED] - orPath_Landing = "Object Repository/RAD_Pages/Landing_Page": null

2024-03-08 00:31:08 - [TEST_STEP][PASSED] - orPath_TaxTypeFilingYear = "Object Repository/RAD_Pages/TaxTypeFilingYear_Page": null

2024-03-08 00:31:08 - [TEST_STEP][PASSED] - orPath_TaxPayer = "Object Repository/RAD_Pages/Taxpayer_Page": null

2024-03-08 00:31:08 - [TEST_STEP][PASSED] - orPath_AddressContact = "Object Repository/RAD_Pages/AddressAndContactInfo_Page": null

2024-03-08 00:31:08 - [TEST_STEP][PASSED] - orPath_FilingStatus = "Object Repository/RAD_Pages/FilingStatus_Page": null

2024-03-08 00:31:08 - [TEST_STEP][PASSED] - orPath_Amount = "Object Repository/RAD_Pages/PaymentAmount_Page": null

2024-03-08 00:31:08 - [TEST_STEP][PASSED] - orPath_TaxInfo = "Object Repository/RAD_Pages/TaxInfo_Page": null

2024-03-08 00:31:08 - [TEST_STEP][PASSED] - orPath_Withholding = "Object Repository/RAD_Pages/Withholding_Page": null

2024-03-08 00:31:08 - [TEST_STEP][PASSED] - orPath_Summary = "Object Repository/RAD_Pages/Summary_Page": null

2024-03-08 00:31:08 - [TEST_STEP][PASSED] - orPath_PaymentReady = "Object Repository/RAD_Pages/PaymentReady_Page": null

2024-03-08 00:31:08 - [TEST_STEP][PASSED] - orPath_PaymentEntry = "Object Repository/RAD_Pages/PaymentEntry_Page": null

2024-03-08 00:31:08 - [TEST_STEP][PASSED] - orPath_PaymentConfirmation = "Object Repository/RAD_Pages/PaymentConfirmation_Page": null

2024-03-08 00:31:08 - [TEST_STEP][PASSED] - orPath_ServiceFeesAccept = "Object Repository/RAD_Pages/ServiceFeeAccept_Page": null

2024-03-08 00:31:08 - [TEST_STEP][PASSED] - selectOptionByLabel(findTestObject(orPath_Landing + "/dd_TaxType"), Taxtype, false): All options with label 'Existing Liability w/Notice Number' are selected in object 'Object Repository/RAD_Pages/Landing_Page/dd_TaxType' 

2024-03-08 00:31:08 - [MESSAGE][PASSED] - All options with label 'Existing Liability w/Notice Number' are selected in object 'Object Repository/RAD_Pages/Landing_Page/dd_TaxType' 

2024-03-08 00:31:08 - [TEST_STEP][PASSED] - delay(1): Delayed 1 second(s)

2024-03-08 00:31:10 - [MESSAGE][PASSED] - Delayed 1 second(s)

2024-03-08 00:31:10 - [TEST_STEP][PASSED] - selectOptionByLabel(findTestObject(orPath_TaxTypeFilingYear + "/select_TaxType_ExistingLiability"), TaxTypeEL, false): All options with label 'PTE Tax Electing S Corp' are selected in object 'Object Repository/RAD_Pages/TaxTypeFilingYear_Page/select_TaxType_ExistingLiability' 

2024-03-08 00:31:10 - [MESSAGE][PASSED] - All options with label 'PTE Tax Electing S Corp' are selected in object 'Object Repository/RAD_Pages/TaxTypeFilingYear_Page/select_TaxType_ExistingLiability' 

2024-03-08 00:31:10 - [TEST_STEP][PASSED] - setText(findTestObject(orPath_TaxInfo + "/input_NoticeInvoiceNumber"), notInvNumber): Text '0000000000000' is set on object 'Object Repository/RAD_Pages/TaxInfo_Page/input_NoticeInvoiceNumber'

2024-03-08 00:31:11 - [MESSAGE][PASSED] - Text '0000000000000' is set on object 'Object Repository/RAD_Pages/TaxInfo_Page/input_NoticeInvoiceNumber'

2024-03-08 00:31:11 - [TEST_STEP][PASSED] - setText(findTestObject(orPath_TaxInfo + "/input_reTypeNoticeInvoiceNumber"), notInvNumber): Text '0000000000000' is set on object 'Object Repository/RAD_Pages/TaxInfo_Page/input_reTypeNoticeInvoiceNumber'

2024-03-08 00:31:12 - [MESSAGE][PASSED] - Text '0000000000000' is set on object 'Object Repository/RAD_Pages/TaxInfo_Page/input_reTypeNoticeInvoiceNumber'

2024-03-08 00:31:12 - [TEST_STEP][PASSED] - println(notInvNumber): null

2024-03-08 00:31:12 - [TEST_STEP][PASSED] - if (verifyTextPresent(errorMsg, true)): null

2024-03-08 00:31:13 - [MESSAGE][PASSED] - Text 'Notice Number must be 13 digits in length, with a value greater than zero' is present on page  using regular expression

2024-03-08 00:31:13 - [TEST_STEP][PASSED] - println("Error Message is present on the page"): null

2024-03-08 00:31:13 - [TEST_STEP][PASSED] - out.println("Pass Record Number: " + row): null

2024-03-08 00:31:13 - [TEST_STEP][PASSED] - resText = "Pass": null

2024-03-08 00:31:13 - [TEST_STEP][PASSED] - pages.WriteExcel.demoKey(resText, datText, resColumn, datCloumn, fileLoc, nameSheet, row): pages.WriteExcel.demoKey is PASSED

2024-03-08 00:31:13 - [MESSAGE][PASSED] - pages.WriteExcel.demoKey is PASSED

2024-03-08 00:31:13 - [TEST_STEP][PASSED] - ExecuteTC = findTestData(dataFile).getValue("Execute", row): null

2024-03-08 00:31:13 - [TEST_STEP][PASSED] - Taxtype = findTestData(dataFile).getValue("TaxType", row): null

2024-03-08 00:31:13 - [TEST_STEP][PASSED] - TaxTypeEL = findTestData(dataFile).getValue("TaxTypeEL", row): null

2024-03-08 00:31:13 - [TEST_STEP][PASSED] - notInvNumber = findTestData(dataFile).getValue("NotiInvoNumber", row): null

2024-03-08 00:31:13 - [TEST_STEP][PASSED] - errorMsg = findTestData(dataFile).getValue("ErrorMessage", row): null

2024-03-08 00:31:13 - [TEST_STEP][PASSED] - out.println("Value of Execute is : " + ExecuteTC): null

2024-03-08 00:31:13 - [TEST_STEP][PASSED] - if (ExecuteTC.equalsIgnoreCase("Y")): null

2024-03-08 00:31:13 - [TEST_STEP][PASSED] - out.println("Begin Record Number: " + row): null

2024-03-08 00:31:13 - [TEST_STEP][PASSED] - today = new java.util.Date(): null

2024-03-08 00:31:13 - [TEST_STEP][PASSED] - println(today): null

2024-03-08 00:31:13 - [TEST_STEP][PASSED] - datText = today: null

2024-03-08 00:31:13 - [TEST_STEP][PASSED] - Taxtype = findTestData(dataFile).getValue("TaxType", row): null

2024-03-08 00:31:13 - [TEST_STEP][PASSED] - out.println("Taxtype value is : " + Taxtype): null

2024-03-08 00:31:13 - [TEST_STEP][PASSED] - openBrowser(""): Browser is opened with url: ''

2024-03-08 00:31:13 - [MESSAGE][WARNING] - A browser is already opened. Closing browser and opening a new one

2024-03-08 00:31:24 - [MESSAGE][INFO] - Starting 'Chrome' driver

2024-03-08 00:31:24 - [MESSAGE][INFO] - User set preference: ['acceptInsecureCerts', 'true']

2024-03-08 00:31:24 - [MESSAGE][INFO] - Action delay is set to 0 milliseconds

2024-03-08 00:31:26 - [MESSAGE][PASSED] - Browser is opened with url: ''

2024-03-08 00:31:26 - [TEST_STEP][PASSED] - maximizeWindow(): Current window maximized

2024-03-08 00:31:26 - [MESSAGE][PASSED] - Current window maximized

2024-03-08 00:31:26 - [TEST_STEP][PASSED] - navigateToUrl(RADurl): Navigate to 'https://qa2.velocitypayment.com/client/rad/index.html' successfully

2024-03-08 00:31:34 - [MESSAGE][PASSED] - Navigate to 'https://qa2.velocitypayment.com/client/rad/index.html' successfully

2024-03-08 00:31:34 - [TEST_STEP][PASSED] - orPath_Landing = "Object Repository/RAD_Pages/Landing_Page": null

2024-03-08 00:31:34 - [TEST_STEP][PASSED] - orPath_TaxTypeFilingYear = "Object Repository/RAD_Pages/TaxTypeFilingYear_Page": null

2024-03-08 00:31:34 - [TEST_STEP][PASSED] - orPath_TaxPayer = "Object Repository/RAD_Pages/Taxpayer_Page": null

2024-03-08 00:31:34 - [TEST_STEP][PASSED] - orPath_AddressContact = "Object Repository/RAD_Pages/AddressAndContactInfo_Page": null

2024-03-08 00:31:34 - [TEST_STEP][PASSED] - orPath_FilingStatus = "Object Repository/RAD_Pages/FilingStatus_Page": null

2024-03-08 00:31:34 - [TEST_STEP][PASSED] - orPath_Amount = "Object Repository/RAD_Pages/PaymentAmount_Page": null

2024-03-08 00:31:34 - [TEST_STEP][PASSED] - orPath_TaxInfo = "Object Repository/RAD_Pages/TaxInfo_Page": null

2024-03-08 00:31:34 - [TEST_STEP][PASSED] - orPath_Withholding = "Object Repository/RAD_Pages/Withholding_Page": null

2024-03-08 00:31:34 - [TEST_STEP][PASSED] - orPath_Summary = "Object Repository/RAD_Pages/Summary_Page": null

2024-03-08 00:31:34 - [TEST_STEP][PASSED] - orPath_PaymentReady = "Object Repository/RAD_Pages/PaymentReady_Page": null

2024-03-08 00:31:34 - [TEST_STEP][PASSED] - orPath_PaymentEntry = "Object Repository/RAD_Pages/PaymentEntry_Page": null

2024-03-08 00:31:34 - [TEST_STEP][PASSED] - orPath_PaymentConfirmation = "Object Repository/RAD_Pages/PaymentConfirmation_Page": null

2024-03-08 00:31:34 - [TEST_STEP][PASSED] - orPath_ServiceFeesAccept = "Object Repository/RAD_Pages/ServiceFeeAccept_Page": null

2024-03-08 00:31:34 - [TEST_STEP][PASSED] - selectOptionByLabel(findTestObject(orPath_Landing + "/dd_TaxType"), Taxtype, false): All options with label 'Existing Liability w/Notice Number' are selected in object 'Object Repository/RAD_Pages/Landing_Page/dd_TaxType' 

2024-03-08 00:31:35 - [MESSAGE][PASSED] - All options with label 'Existing Liability w/Notice Number' are selected in object 'Object Repository/RAD_Pages/Landing_Page/dd_TaxType' 

2024-03-08 00:31:35 - [TEST_STEP][PASSED] - delay(1): Delayed 1 second(s)

2024-03-08 00:31:36 - [MESSAGE][PASSED] - Delayed 1 second(s)

2024-03-08 00:31:36 - [TEST_STEP][PASSED] - selectOptionByLabel(findTestObject(orPath_TaxTypeFilingYear + "/select_TaxType_ExistingLiability"), TaxTypeEL, false): All options with label 'Admissions and Amusement Tax' are selected in object 'Object Repository/RAD_Pages/TaxTypeFilingYear_Page/select_TaxType_ExistingLiability' 

2024-03-08 00:31:36 - [MESSAGE][PASSED] - All options with label 'Admissions and Amusement Tax' are selected in object 'Object Repository/RAD_Pages/TaxTypeFilingYear_Page/select_TaxType_ExistingLiability' 

2024-03-08 00:31:36 - [TEST_STEP][PASSED] - setText(findTestObject(orPath_TaxInfo + "/input_NoticeInvoiceNumber"), notInvNumber): Text '123456789' is set on object 'Object Repository/RAD_Pages/TaxInfo_Page/input_NoticeInvoiceNumber'

2024-03-08 00:31:37 - [MESSAGE][PASSED] - Text '123456789' is set on object 'Object Repository/RAD_Pages/TaxInfo_Page/input_NoticeInvoiceNumber'

2024-03-08 00:31:37 - [TEST_STEP][PASSED] - setText(findTestObject(orPath_TaxInfo + "/input_reTypeNoticeInvoiceNumber"), notInvNumber): Text '123456789' is set on object 'Object Repository/RAD_Pages/TaxInfo_Page/input_reTypeNoticeInvoiceNumber'

2024-03-08 00:31:38 - [MESSAGE][PASSED] - Text '123456789' is set on object 'Object Repository/RAD_Pages/TaxInfo_Page/input_reTypeNoticeInvoiceNumber'

2024-03-08 00:31:38 - [TEST_STEP][PASSED] - println(notInvNumber): null

2024-03-08 00:31:38 - [TEST_STEP][PASSED] - if (verifyTextPresent(errorMsg, true)): null

2024-03-08 00:31:39 - [MESSAGE][PASSED] - Text 'Notice Number must be 13 digits in length, with a value greater than zero' is present on page  using regular expression

2024-03-08 00:31:39 - [TEST_STEP][PASSED] - println("Error Message is present on the page"): null

2024-03-08 00:31:39 - [TEST_STEP][PASSED] - out.println("Pass Record Number: " + row): null

2024-03-08 00:31:39 - [TEST_STEP][PASSED] - resText = "Pass": null

2024-03-08 00:31:39 - [TEST_STEP][PASSED] - pages.WriteExcel.demoKey(resText, datText, resColumn, datCloumn, fileLoc, nameSheet, row): pages.WriteExcel.demoKey is PASSED

2024-03-08 00:31:39 - [MESSAGE][PASSED] - pages.WriteExcel.demoKey is PASSED

2024-03-08 00:31:39 - [TEST_STEP][PASSED] - ExecuteTC = findTestData(dataFile).getValue("Execute", row): null

2024-03-08 00:31:39 - [TEST_STEP][PASSED] - Taxtype = findTestData(dataFile).getValue("TaxType", row): null

2024-03-08 00:31:39 - [TEST_STEP][PASSED] - TaxTypeEL = findTestData(dataFile).getValue("TaxTypeEL", row): null

2024-03-08 00:31:39 - [TEST_STEP][PASSED] - notInvNumber = findTestData(dataFile).getValue("NotiInvoNumber", row): null

2024-03-08 00:31:39 - [TEST_STEP][PASSED] - errorMsg = findTestData(dataFile).getValue("ErrorMessage", row): null

2024-03-08 00:31:39 - [TEST_STEP][PASSED] - out.println("Value of Execute is : " + ExecuteTC): null

2024-03-08 00:31:39 - [TEST_STEP][PASSED] - if (ExecuteTC.equalsIgnoreCase("Y")): null

2024-03-08 00:31:39 - [TEST_STEP][PASSED] - out.println("Begin Record Number: " + row): null

2024-03-08 00:31:39 - [TEST_STEP][PASSED] - today = new java.util.Date(): null

2024-03-08 00:31:39 - [TEST_STEP][PASSED] - println(today): null

2024-03-08 00:31:39 - [TEST_STEP][PASSED] - datText = today: null

2024-03-08 00:31:39 - [TEST_STEP][PASSED] - Taxtype = findTestData(dataFile).getValue("TaxType", row): null

2024-03-08 00:31:39 - [TEST_STEP][PASSED] - out.println("Taxtype value is : " + Taxtype): null

2024-03-08 00:31:39 - [TEST_STEP][PASSED] - openBrowser(""): Browser is opened with url: ''

2024-03-08 00:31:39 - [MESSAGE][WARNING] - A browser is already opened. Closing browser and opening a new one

2024-03-08 00:32:00 - [MESSAGE][INFO] - Starting 'Chrome' driver

2024-03-08 00:32:00 - [MESSAGE][INFO] - User set preference: ['acceptInsecureCerts', 'true']

2024-03-08 00:32:00 - [MESSAGE][INFO] - Action delay is set to 0 milliseconds

2024-03-08 00:32:02 - [MESSAGE][PASSED] - Browser is opened with url: ''

2024-03-08 00:32:02 - [TEST_STEP][PASSED] - maximizeWindow(): Current window maximized

2024-03-08 00:32:02 - [MESSAGE][PASSED] - Current window maximized

2024-03-08 00:32:02 - [TEST_STEP][PASSED] - navigateToUrl(RADurl): Navigate to 'https://qa2.velocitypayment.com/client/rad/index.html' successfully

2024-03-08 00:32:08 - [MESSAGE][PASSED] - Navigate to 'https://qa2.velocitypayment.com/client/rad/index.html' successfully

2024-03-08 00:32:08 - [TEST_STEP][PASSED] - orPath_Landing = "Object Repository/RAD_Pages/Landing_Page": null

2024-03-08 00:32:08 - [TEST_STEP][PASSED] - orPath_TaxTypeFilingYear = "Object Repository/RAD_Pages/TaxTypeFilingYear_Page": null

2024-03-08 00:32:08 - [TEST_STEP][PASSED] - orPath_TaxPayer = "Object Repository/RAD_Pages/Taxpayer_Page": null

2024-03-08 00:32:08 - [TEST_STEP][PASSED] - orPath_AddressContact = "Object Repository/RAD_Pages/AddressAndContactInfo_Page": null

2024-03-08 00:32:08 - [TEST_STEP][PASSED] - orPath_FilingStatus = "Object Repository/RAD_Pages/FilingStatus_Page": null

2024-03-08 00:32:08 - [TEST_STEP][PASSED] - orPath_Amount = "Object Repository/RAD_Pages/PaymentAmount_Page": null

2024-03-08 00:32:08 - [TEST_STEP][PASSED] - orPath_TaxInfo = "Object Repository/RAD_Pages/TaxInfo_Page": null

2024-03-08 00:32:08 - [TEST_STEP][PASSED] - orPath_Withholding = "Object Repository/RAD_Pages/Withholding_Page": null

2024-03-08 00:32:08 - [TEST_STEP][PASSED] - orPath_Summary = "Object Repository/RAD_Pages/Summary_Page": null

2024-03-08 00:32:08 - [TEST_STEP][PASSED] - orPath_PaymentReady = "Object Repository/RAD_Pages/PaymentReady_Page": null

2024-03-08 00:32:08 - [TEST_STEP][PASSED] - orPath_PaymentEntry = "Object Repository/RAD_Pages/PaymentEntry_Page": null

2024-03-08 00:32:08 - [TEST_STEP][PASSED] - orPath_PaymentConfirmation = "Object Repository/RAD_Pages/PaymentConfirmation_Page": null

2024-03-08 00:32:08 - [TEST_STEP][PASSED] - orPath_ServiceFeesAccept = "Object Repository/RAD_Pages/ServiceFeeAccept_Page": null

2024-03-08 00:32:08 - [TEST_STEP][PASSED] - selectOptionByLabel(findTestObject(orPath_Landing + "/dd_TaxType"), Taxtype, false): All options with label 'Existing Liability w/Notice Number' are selected in object 'Object Repository/RAD_Pages/Landing_Page/dd_TaxType' 

2024-03-08 00:32:09 - [MESSAGE][PASSED] - All options with label 'Existing Liability w/Notice Number' are selected in object 'Object Repository/RAD_Pages/Landing_Page/dd_TaxType' 

2024-03-08 00:32:09 - [TEST_STEP][PASSED] - delay(1): Delayed 1 second(s)

2024-03-08 00:32:10 - [MESSAGE][PASSED] - Delayed 1 second(s)

2024-03-08 00:32:10 - [TEST_STEP][PASSED] - selectOptionByLabel(findTestObject(orPath_TaxTypeFilingYear + "/select_TaxType_ExistingLiability"), TaxTypeEL, false): All options with label 'Estate Tax' are selected in object 'Object Repository/RAD_Pages/TaxTypeFilingYear_Page/select_TaxType_ExistingLiability' 

2024-03-08 00:32:11 - [MESSAGE][PASSED] - All options with label 'Estate Tax' are selected in object 'Object Repository/RAD_Pages/TaxTypeFilingYear_Page/select_TaxType_ExistingLiability' 

2024-03-08 00:32:11 - [TEST_STEP][PASSED] - setText(findTestObject(orPath_TaxInfo + "/input_NoticeInvoiceNumber"), notInvNumber): Text '123456789' is set on object 'Object Repository/RAD_Pages/TaxInfo_Page/input_NoticeInvoiceNumber'

2024-03-08 00:32:12 - [MESSAGE][PASSED] - Text '123456789' is set on object 'Object Repository/RAD_Pages/TaxInfo_Page/input_NoticeInvoiceNumber'

2024-03-08 00:32:12 - [TEST_STEP][PASSED] - setText(findTestObject(orPath_TaxInfo + "/input_reTypeNoticeInvoiceNumber"), notInvNumber): Text '123456789' is set on object 'Object Repository/RAD_Pages/TaxInfo_Page/input_reTypeNoticeInvoiceNumber'

2024-03-08 00:32:12 - [MESSAGE][PASSED] - Text '123456789' is set on object 'Object Repository/RAD_Pages/TaxInfo_Page/input_reTypeNoticeInvoiceNumber'

2024-03-08 00:32:12 - [TEST_STEP][PASSED] - println(notInvNumber): null

2024-03-08 00:32:12 - [TEST_STEP][PASSED] - if (verifyTextPresent(errorMsg, true)): null

2024-03-08 00:32:13 - [MESSAGE][PASSED] - Text 'Notice Number must be 13 digits in length, with a value greater than zero' is present on page  using regular expression

2024-03-08 00:32:13 - [TEST_STEP][PASSED] - println("Error Message is present on the page"): null

2024-03-08 00:32:13 - [TEST_STEP][PASSED] - out.println("Pass Record Number: " + row): null

2024-03-08 00:32:13 - [TEST_STEP][PASSED] - resText = "Pass": null

2024-03-08 00:32:13 - [TEST_STEP][PASSED] - pages.WriteExcel.demoKey(resText, datText, resColumn, datCloumn, fileLoc, nameSheet, row): pages.WriteExcel.demoKey is PASSED

2024-03-08 00:32:13 - [MESSAGE][PASSED] - pages.WriteExcel.demoKey is PASSED

2024-03-08 00:32:13 - [TEST_STEP][PASSED] - ExecuteTC = findTestData(dataFile).getValue("Execute", row): null

2024-03-08 00:32:13 - [TEST_STEP][PASSED] - Taxtype = findTestData(dataFile).getValue("TaxType", row): null

2024-03-08 00:32:13 - [TEST_STEP][PASSED] - TaxTypeEL = findTestData(dataFile).getValue("TaxTypeEL", row): null

2024-03-08 00:32:13 - [TEST_STEP][PASSED] - notInvNumber = findTestData(dataFile).getValue("NotiInvoNumber", row): null

2024-03-08 00:32:13 - [TEST_STEP][PASSED] - errorMsg = findTestData(dataFile).getValue("ErrorMessage", row): null

2024-03-08 00:32:13 - [TEST_STEP][PASSED] - out.println("Value of Execute is : " + ExecuteTC): null

2024-03-08 00:32:13 - [TEST_STEP][PASSED] - if (ExecuteTC.equalsIgnoreCase("Y")): null

2024-03-08 00:32:13 - [TEST_STEP][PASSED] - out.println("Begin Record Number: " + row): null

2024-03-08 00:32:13 - [TEST_STEP][PASSED] - today = new java.util.Date(): null

2024-03-08 00:32:13 - [TEST_STEP][PASSED] - println(today): null

2024-03-08 00:32:13 - [TEST_STEP][PASSED] - datText = today: null

2024-03-08 00:32:13 - [TEST_STEP][PASSED] - Taxtype = findTestData(dataFile).getValue("TaxType", row): null

2024-03-08 00:32:13 - [TEST_STEP][PASSED] - out.println("Taxtype value is : " + Taxtype): null

2024-03-08 00:32:13 - [TEST_STEP][PASSED] - openBrowser(""): Browser is opened with url: ''

2024-03-08 00:32:13 - [MESSAGE][WARNING] - A browser is already opened. Closing browser and opening a new one

2024-03-08 00:32:32 - [MESSAGE][INFO] - Starting 'Chrome' driver

2024-03-08 00:32:32 - [MESSAGE][INFO] - User set preference: ['acceptInsecureCerts', 'true']

2024-03-08 00:32:32 - [MESSAGE][INFO] - Action delay is set to 0 milliseconds

2024-03-08 00:32:34 - [MESSAGE][PASSED] - Browser is opened with url: ''

2024-03-08 00:32:34 - [TEST_STEP][PASSED] - maximizeWindow(): Current window maximized

2024-03-08 00:32:34 - [MESSAGE][PASSED] - Current window maximized

2024-03-08 00:32:34 - [TEST_STEP][PASSED] - navigateToUrl(RADurl): Navigate to 'https://qa2.velocitypayment.com/client/rad/index.html' successfully

2024-03-08 00:32:36 - [MESSAGE][PASSED] - Navigate to 'https://qa2.velocitypayment.com/client/rad/index.html' successfully

2024-03-08 00:32:36 - [TEST_STEP][PASSED] - orPath_Landing = "Object Repository/RAD_Pages/Landing_Page": null

2024-03-08 00:32:36 - [TEST_STEP][PASSED] - orPath_TaxTypeFilingYear = "Object Repository/RAD_Pages/TaxTypeFilingYear_Page": null

2024-03-08 00:32:36 - [TEST_STEP][PASSED] - orPath_TaxPayer = "Object Repository/RAD_Pages/Taxpayer_Page": null

2024-03-08 00:32:36 - [TEST_STEP][PASSED] - orPath_AddressContact = "Object Repository/RAD_Pages/AddressAndContactInfo_Page": null

2024-03-08 00:32:36 - [TEST_STEP][PASSED] - orPath_FilingStatus = "Object Repository/RAD_Pages/FilingStatus_Page": null

2024-03-08 00:32:36 - [TEST_STEP][PASSED] - orPath_Amount = "Object Repository/RAD_Pages/PaymentAmount_Page": null

2024-03-08 00:32:36 - [TEST_STEP][PASSED] - orPath_TaxInfo = "Object Repository/RAD_Pages/TaxInfo_Page": null

2024-03-08 00:32:36 - [TEST_STEP][PASSED] - orPath_Withholding = "Object Repository/RAD_Pages/Withholding_Page": null

2024-03-08 00:32:36 - [TEST_STEP][PASSED] - orPath_Summary = "Object Repository/RAD_Pages/Summary_Page": null

2024-03-08 00:32:36 - [TEST_STEP][PASSED] - orPath_PaymentReady = "Object Repository/RAD_Pages/PaymentReady_Page": null

2024-03-08 00:32:36 - [TEST_STEP][PASSED] - orPath_PaymentEntry = "Object Repository/RAD_Pages/PaymentEntry_Page": null

2024-03-08 00:32:36 - [TEST_STEP][PASSED] - orPath_PaymentConfirmation = "Object Repository/RAD_Pages/PaymentConfirmation_Page": null

2024-03-08 00:32:36 - [TEST_STEP][PASSED] - orPath_ServiceFeesAccept = "Object Repository/RAD_Pages/ServiceFeeAccept_Page": null

2024-03-08 00:32:36 - [TEST_STEP][PASSED] - selectOptionByLabel(findTestObject(orPath_Landing + "/dd_TaxType"), Taxtype, false): All options with label 'Existing Liability w/Notice Number' are selected in object 'Object Repository/RAD_Pages/Landing_Page/dd_TaxType' 

2024-03-08 00:32:36 - [MESSAGE][PASSED] - All options with label 'Existing Liability w/Notice Number' are selected in object 'Object Repository/RAD_Pages/Landing_Page/dd_TaxType' 

2024-03-08 00:32:36 - [TEST_STEP][PASSED] - delay(1): Delayed 1 second(s)

2024-03-08 00:32:37 - [MESSAGE][PASSED] - Delayed 1 second(s)

2024-03-08 00:32:37 - [TEST_STEP][PASSED] - selectOptionByLabel(findTestObject(orPath_TaxTypeFilingYear + "/select_TaxType_ExistingLiability"), TaxTypeEL, false): All options with label 'Motor Fuel Tax' are selected in object 'Object Repository/RAD_Pages/TaxTypeFilingYear_Page/select_TaxType_ExistingLiability' 

2024-03-08 00:32:38 - [MESSAGE][PASSED] - All options with label 'Motor Fuel Tax' are selected in object 'Object Repository/RAD_Pages/TaxTypeFilingYear_Page/select_TaxType_ExistingLiability' 

2024-03-08 00:32:38 - [TEST_STEP][PASSED] - setText(findTestObject(orPath_TaxInfo + "/input_NoticeInvoiceNumber"), notInvNumber): Text '123456789' is set on object 'Object Repository/RAD_Pages/TaxInfo_Page/input_NoticeInvoiceNumber'

2024-03-08 00:32:39 - [MESSAGE][PASSED] - Text '123456789' is set on object 'Object Repository/RAD_Pages/TaxInfo_Page/input_NoticeInvoiceNumber'

2024-03-08 00:32:39 - [TEST_STEP][PASSED] - setText(findTestObject(orPath_TaxInfo + "/input_reTypeNoticeInvoiceNumber"), notInvNumber): Text '123456789' is set on object 'Object Repository/RAD_Pages/TaxInfo_Page/input_reTypeNoticeInvoiceNumber'

2024-03-08 00:32:40 - [MESSAGE][PASSED] - Text '123456789' is set on object 'Object Repository/RAD_Pages/TaxInfo_Page/input_reTypeNoticeInvoiceNumber'

2024-03-08 00:32:40 - [TEST_STEP][PASSED] - println(notInvNumber): null

2024-03-08 00:32:40 - [TEST_STEP][PASSED] - if (verifyTextPresent(errorMsg, true)): null

2024-03-08 00:32:40 - [MESSAGE][PASSED] - Text 'Notice Number must be 13 digits in length, with a value greater than zero' is present on page  using regular expression

2024-03-08 00:32:40 - [TEST_STEP][PASSED] - println("Error Message is present on the page"): null

2024-03-08 00:32:40 - [TEST_STEP][PASSED] - out.println("Pass Record Number: " + row): null

2024-03-08 00:32:40 - [TEST_STEP][PASSED] - resText = "Pass": null

2024-03-08 00:32:40 - [TEST_STEP][PASSED] - pages.WriteExcel.demoKey(resText, datText, resColumn, datCloumn, fileLoc, nameSheet, row): pages.WriteExcel.demoKey is PASSED

2024-03-08 00:32:40 - [MESSAGE][PASSED] - pages.WriteExcel.demoKey is PASSED

2024-03-08 00:32:40 - [TEST_STEP][PASSED] - ExecuteTC = findTestData(dataFile).getValue("Execute", row): null

2024-03-08 00:32:41 - [TEST_STEP][PASSED] - Taxtype = findTestData(dataFile).getValue("TaxType", row): null

2024-03-08 00:32:41 - [TEST_STEP][PASSED] - TaxTypeEL = findTestData(dataFile).getValue("TaxTypeEL", row): null

2024-03-08 00:32:41 - [TEST_STEP][PASSED] - notInvNumber = findTestData(dataFile).getValue("NotiInvoNumber", row): null

2024-03-08 00:32:41 - [TEST_STEP][PASSED] - errorMsg = findTestData(dataFile).getValue("ErrorMessage", row): null

2024-03-08 00:32:41 - [TEST_STEP][PASSED] - out.println("Value of Execute is : " + ExecuteTC): null

2024-03-08 00:32:41 - [TEST_STEP][PASSED] - if (ExecuteTC.equalsIgnoreCase("Y")): null

2024-03-08 00:32:41 - [TEST_STEP][PASSED] - out.println("Begin Record Number: " + row): null

2024-03-08 00:32:41 - [TEST_STEP][PASSED] - today = new java.util.Date(): null

2024-03-08 00:32:41 - [TEST_STEP][PASSED] - println(today): null

2024-03-08 00:32:41 - [TEST_STEP][PASSED] - datText = today: null

2024-03-08 00:32:41 - [TEST_STEP][PASSED] - Taxtype = findTestData(dataFile).getValue("TaxType", row): null

2024-03-08 00:32:41 - [TEST_STEP][PASSED] - out.println("Taxtype value is : " + Taxtype): null

2024-03-08 00:32:41 - [TEST_STEP][PASSED] - openBrowser(""): Browser is opened with url: ''

2024-03-08 00:32:41 - [MESSAGE][WARNING] - A browser is already opened. Closing browser and opening a new one

2024-03-08 00:33:07 - [MESSAGE][INFO] - Starting 'Chrome' driver

2024-03-08 00:33:07 - [MESSAGE][INFO] - User set preference: ['acceptInsecureCerts', 'true']

2024-03-08 00:33:07 - [MESSAGE][INFO] - Action delay is set to 0 milliseconds

2024-03-08 00:33:08 - [MESSAGE][PASSED] - Browser is opened with url: ''

2024-03-08 00:33:08 - [TEST_STEP][PASSED] - maximizeWindow(): Current window maximized

2024-03-08 00:33:08 - [MESSAGE][PASSED] - Current window maximized

2024-03-08 00:33:08 - [TEST_STEP][PASSED] - navigateToUrl(RADurl): Navigate to 'https://qa2.velocitypayment.com/client/rad/index.html' successfully

2024-03-08 00:33:08 - [MESSAGE][PASSED] - Navigate to 'https://qa2.velocitypayment.com/client/rad/index.html' successfully

2024-03-08 00:33:08 - [TEST_STEP][PASSED] - orPath_Landing = "Object Repository/RAD_Pages/Landing_Page": null

2024-03-08 00:33:08 - [TEST_STEP][PASSED] - orPath_TaxTypeFilingYear = "Object Repository/RAD_Pages/TaxTypeFilingYear_Page": null

2024-03-08 00:33:08 - [TEST_STEP][PASSED] - orPath_TaxPayer = "Object Repository/RAD_Pages/Taxpayer_Page": null

2024-03-08 00:33:08 - [TEST_STEP][PASSED] - orPath_AddressContact = "Object Repository/RAD_Pages/AddressAndContactInfo_Page": null

2024-03-08 00:33:08 - [TEST_STEP][PASSED] - orPath_FilingStatus = "Object Repository/RAD_Pages/FilingStatus_Page": null

2024-03-08 00:33:08 - [TEST_STEP][PASSED] - orPath_Amount = "Object Repository/RAD_Pages/PaymentAmount_Page": null

2024-03-08 00:33:08 - [TEST_STEP][PASSED] - orPath_TaxInfo = "Object Repository/RAD_Pages/TaxInfo_Page": null

2024-03-08 00:33:08 - [TEST_STEP][PASSED] - orPath_Withholding = "Object Repository/RAD_Pages/Withholding_Page": null

2024-03-08 00:33:08 - [TEST_STEP][PASSED] - orPath_Summary = "Object Repository/RAD_Pages/Summary_Page": null

2024-03-08 00:33:08 - [TEST_STEP][PASSED] - orPath_PaymentReady = "Object Repository/RAD_Pages/PaymentReady_Page": null

2024-03-08 00:33:08 - [TEST_STEP][PASSED] - orPath_PaymentEntry = "Object Repository/RAD_Pages/PaymentEntry_Page": null

2024-03-08 00:33:08 - [TEST_STEP][PASSED] - orPath_PaymentConfirmation = "Object Repository/RAD_Pages/PaymentConfirmation_Page": null

2024-03-08 00:33:08 - [TEST_STEP][PASSED] - orPath_ServiceFeesAccept = "Object Repository/RAD_Pages/ServiceFeeAccept_Page": null

2024-03-08 00:33:08 - [TEST_STEP][PASSED] - selectOptionByLabel(findTestObject(orPath_Landing + "/dd_TaxType"), Taxtype, false): All options with label 'Existing Liability w/Notice Number' are selected in object 'Object Repository/RAD_Pages/Landing_Page/dd_TaxType' 

2024-03-08 00:33:11 - [MESSAGE][PASSED] - All options with label 'Existing Liability w/Notice Number' are selected in object 'Object Repository/RAD_Pages/Landing_Page/dd_TaxType' 

2024-03-08 00:33:11 - [TEST_STEP][PASSED] - delay(1): Delayed 1 second(s)

2024-03-08 00:33:12 - [MESSAGE][PASSED] - Delayed 1 second(s)

2024-03-08 00:33:12 - [TEST_STEP][PASSED] - selectOptionByLabel(findTestObject(orPath_TaxTypeFilingYear + "/select_TaxType_ExistingLiability"), TaxTypeEL, false): All options with label 'Slots License Fee' are selected in object 'Object Repository/RAD_Pages/TaxTypeFilingYear_Page/select_TaxType_ExistingLiability' 

2024-03-08 00:33:12 - [MESSAGE][PASSED] - All options with label 'Slots License Fee' are selected in object 'Object Repository/RAD_Pages/TaxTypeFilingYear_Page/select_TaxType_ExistingLiability' 

2024-03-08 00:33:12 - [TEST_STEP][PASSED] - setText(findTestObject(orPath_TaxInfo + "/input_NoticeInvoiceNumber"), notInvNumber): Text '123456789' is set on object 'Object Repository/RAD_Pages/TaxInfo_Page/input_NoticeInvoiceNumber'

2024-03-08 00:33:13 - [MESSAGE][PASSED] - Text '123456789' is set on object 'Object Repository/RAD_Pages/TaxInfo_Page/input_NoticeInvoiceNumber'

2024-03-08 00:33:13 - [TEST_STEP][PASSED] - setText(findTestObject(orPath_TaxInfo + "/input_reTypeNoticeInvoiceNumber"), notInvNumber): Text '123456789' is set on object 'Object Repository/RAD_Pages/TaxInfo_Page/input_reTypeNoticeInvoiceNumber'

2024-03-08 00:33:14 - [MESSAGE][PASSED] - Text '123456789' is set on object 'Object Repository/RAD_Pages/TaxInfo_Page/input_reTypeNoticeInvoiceNumber'

2024-03-08 00:33:14 - [TEST_STEP][PASSED] - println(notInvNumber): null

2024-03-08 00:33:14 - [TEST_STEP][PASSED] - if (verifyTextPresent(errorMsg, true)): null

2024-03-08 00:33:15 - [MESSAGE][PASSED] - Text 'Notice Number must be 13 digits in length, with a value greater than zero' is present on page  using regular expression

2024-03-08 00:33:15 - [TEST_STEP][PASSED] - println("Error Message is present on the page"): null

2024-03-08 00:33:15 - [TEST_STEP][PASSED] - out.println("Pass Record Number: " + row): null

2024-03-08 00:33:15 - [TEST_STEP][PASSED] - resText = "Pass": null

2024-03-08 00:33:15 - [TEST_STEP][PASSED] - pages.WriteExcel.demoKey(resText, datText, resColumn, datCloumn, fileLoc, nameSheet, row): pages.WriteExcel.demoKey is PASSED

2024-03-08 00:33:15 - [MESSAGE][PASSED] - pages.WriteExcel.demoKey is PASSED

2024-03-08 00:33:15 - [TEST_STEP][PASSED] - ExecuteTC = findTestData(dataFile).getValue("Execute", row): null

2024-03-08 00:33:15 - [TEST_STEP][PASSED] - Taxtype = findTestData(dataFile).getValue("TaxType", row): null

2024-03-08 00:33:15 - [TEST_STEP][PASSED] - TaxTypeEL = findTestData(dataFile).getValue("TaxTypeEL", row): null

2024-03-08 00:33:15 - [TEST_STEP][PASSED] - notInvNumber = findTestData(dataFile).getValue("NotiInvoNumber", row): null

2024-03-08 00:33:15 - [TEST_STEP][PASSED] - errorMsg = findTestData(dataFile).getValue("ErrorMessage", row): null

2024-03-08 00:33:15 - [TEST_STEP][PASSED] - out.println("Value of Execute is : " + ExecuteTC): null

2024-03-08 00:33:15 - [TEST_STEP][PASSED] - if (ExecuteTC.equalsIgnoreCase("Y")): null

2024-03-08 00:33:15 - [TEST_STEP][PASSED] - out.println("Begin Record Number: " + row): null

2024-03-08 00:33:15 - [TEST_STEP][PASSED] - today = new java.util.Date(): null

2024-03-08 00:33:15 - [TEST_STEP][PASSED] - println(today): null

2024-03-08 00:33:15 - [TEST_STEP][PASSED] - datText = today: null

2024-03-08 00:33:15 - [TEST_STEP][PASSED] - Taxtype = findTestData(dataFile).getValue("TaxType", row): null

2024-03-08 00:33:15 - [TEST_STEP][PASSED] - out.println("Taxtype value is : " + Taxtype): null

2024-03-08 00:33:15 - [TEST_STEP][PASSED] - openBrowser(""): Browser is opened with url: ''

2024-03-08 00:33:15 - [MESSAGE][WARNING] - A browser is already opened. Closing browser and opening a new one

2024-03-08 00:33:26 - [MESSAGE][INFO] - Starting 'Chrome' driver

2024-03-08 00:33:26 - [MESSAGE][INFO] - User set preference: ['acceptInsecureCerts', 'true']

2024-03-08 00:33:26 - [MESSAGE][INFO] - Action delay is set to 0 milliseconds

2024-03-08 00:33:27 - [MESSAGE][PASSED] - Browser is opened with url: ''

2024-03-08 00:33:27 - [TEST_STEP][PASSED] - maximizeWindow(): Current window maximized

2024-03-08 00:33:28 - [MESSAGE][PASSED] - Current window maximized

2024-03-08 00:33:28 - [TEST_STEP][PASSED] - navigateToUrl(RADurl): Navigate to 'https://qa2.velocitypayment.com/client/rad/index.html' successfully

2024-03-08 00:33:35 - [MESSAGE][PASSED] - Navigate to 'https://qa2.velocitypayment.com/client/rad/index.html' successfully

2024-03-08 00:33:35 - [TEST_STEP][PASSED] - orPath_Landing = "Object Repository/RAD_Pages/Landing_Page": null

2024-03-08 00:33:35 - [TEST_STEP][PASSED] - orPath_TaxTypeFilingYear = "Object Repository/RAD_Pages/TaxTypeFilingYear_Page": null

2024-03-08 00:33:35 - [TEST_STEP][PASSED] - orPath_TaxPayer = "Object Repository/RAD_Pages/Taxpayer_Page": null

2024-03-08 00:33:35 - [TEST_STEP][PASSED] - orPath_AddressContact = "Object Repository/RAD_Pages/AddressAndContactInfo_Page": null

2024-03-08 00:33:35 - [TEST_STEP][PASSED] - orPath_FilingStatus = "Object Repository/RAD_Pages/FilingStatus_Page": null

2024-03-08 00:33:35 - [TEST_STEP][PASSED] - orPath_Amount = "Object Repository/RAD_Pages/PaymentAmount_Page": null

2024-03-08 00:33:35 - [TEST_STEP][PASSED] - orPath_TaxInfo = "Object Repository/RAD_Pages/TaxInfo_Page": null

2024-03-08 00:33:35 - [TEST_STEP][PASSED] - orPath_Withholding = "Object Repository/RAD_Pages/Withholding_Page": null

2024-03-08 00:33:35 - [TEST_STEP][PASSED] - orPath_Summary = "Object Repository/RAD_Pages/Summary_Page": null

2024-03-08 00:33:35 - [TEST_STEP][PASSED] - orPath_PaymentReady = "Object Repository/RAD_Pages/PaymentReady_Page": null

2024-03-08 00:33:35 - [TEST_STEP][PASSED] - orPath_PaymentEntry = "Object Repository/RAD_Pages/PaymentEntry_Page": null

2024-03-08 00:33:35 - [TEST_STEP][PASSED] - orPath_PaymentConfirmation = "Object Repository/RAD_Pages/PaymentConfirmation_Page": null

2024-03-08 00:33:35 - [TEST_STEP][PASSED] - orPath_ServiceFeesAccept = "Object Repository/RAD_Pages/ServiceFeeAccept_Page": null

2024-03-08 00:33:35 - [TEST_STEP][PASSED] - selectOptionByLabel(findTestObject(orPath_Landing + "/dd_TaxType"), Taxtype, false): All options with label 'Existing Liability w/Notice Number' are selected in object 'Object Repository/RAD_Pages/Landing_Page/dd_TaxType' 

2024-03-08 00:33:36 - [MESSAGE][PASSED] - All options with label 'Existing Liability w/Notice Number' are selected in object 'Object Repository/RAD_Pages/Landing_Page/dd_TaxType' 

2024-03-08 00:33:36 - [TEST_STEP][PASSED] - delay(1): Delayed 1 second(s)

2024-03-08 00:33:37 - [MESSAGE][PASSED] - Delayed 1 second(s)

2024-03-08 00:33:37 - [TEST_STEP][PASSED] - selectOptionByLabel(findTestObject(orPath_TaxTypeFilingYear + "/select_TaxType_ExistingLiability"), TaxTypeEL, false): All options with label 'Tobacco Tax' are selected in object 'Object Repository/RAD_Pages/TaxTypeFilingYear_Page/select_TaxType_ExistingLiability' 

2024-03-08 00:33:37 - [MESSAGE][PASSED] - All options with label 'Tobacco Tax' are selected in object 'Object Repository/RAD_Pages/TaxTypeFilingYear_Page/select_TaxType_ExistingLiability' 

2024-03-08 00:33:37 - [TEST_STEP][PASSED] - setText(findTestObject(orPath_TaxInfo + "/input_NoticeInvoiceNumber"), notInvNumber): Text '123456789' is set on object 'Object Repository/RAD_Pages/TaxInfo_Page/input_NoticeInvoiceNumber'

2024-03-08 00:33:38 - [MESSAGE][PASSED] - Text '123456789' is set on object 'Object Repository/RAD_Pages/TaxInfo_Page/input_NoticeInvoiceNumber'

2024-03-08 00:33:38 - [TEST_STEP][PASSED] - setText(findTestObject(orPath_TaxInfo + "/input_reTypeNoticeInvoiceNumber"), notInvNumber): Text '123456789' is set on object 'Object Repository/RAD_Pages/TaxInfo_Page/input_reTypeNoticeInvoiceNumber'

2024-03-08 00:33:39 - [MESSAGE][PASSED] - Text '123456789' is set on object 'Object Repository/RAD_Pages/TaxInfo_Page/input_reTypeNoticeInvoiceNumber'

2024-03-08 00:33:39 - [TEST_STEP][PASSED] - println(notInvNumber): null

2024-03-08 00:33:39 - [TEST_STEP][PASSED] - if (verifyTextPresent(errorMsg, true)): null

2024-03-08 00:33:40 - [MESSAGE][PASSED] - Text 'Notice Number must be 13 digits in length, with a value greater than zero' is present on page  using regular expression

2024-03-08 00:33:40 - [TEST_STEP][PASSED] - println("Error Message is present on the page"): null

2024-03-08 00:33:40 - [TEST_STEP][PASSED] - out.println("Pass Record Number: " + row): null

2024-03-08 00:33:40 - [TEST_STEP][PASSED] - resText = "Pass": null

2024-03-08 00:33:40 - [TEST_STEP][PASSED] - pages.WriteExcel.demoKey(resText, datText, resColumn, datCloumn, fileLoc, nameSheet, row): pages.WriteExcel.demoKey is PASSED

2024-03-08 00:33:40 - [MESSAGE][PASSED] - pages.WriteExcel.demoKey is PASSED

2024-03-08 00:33:40 - [TEST_STEP][PASSED] - ExecuteTC = findTestData(dataFile).getValue("Execute", row): null

2024-03-08 00:33:40 - [TEST_STEP][PASSED] - Taxtype = findTestData(dataFile).getValue("TaxType", row): null

2024-03-08 00:33:40 - [TEST_STEP][PASSED] - TaxTypeEL = findTestData(dataFile).getValue("TaxTypeEL", row): null

2024-03-08 00:33:40 - [TEST_STEP][PASSED] - notInvNumber = findTestData(dataFile).getValue("NotiInvoNumber", row): null

2024-03-08 00:33:40 - [TEST_STEP][PASSED] - errorMsg = findTestData(dataFile).getValue("ErrorMessage", row): null

2024-03-08 00:33:40 - [TEST_STEP][PASSED] - out.println("Value of Execute is : " + ExecuteTC): null

2024-03-08 00:33:40 - [TEST_STEP][PASSED] - if (ExecuteTC.equalsIgnoreCase("Y")): null

2024-03-08 00:33:40 - [TEST_STEP][PASSED] - out.println("Begin Record Number: " + row): null

2024-03-08 00:33:40 - [TEST_STEP][PASSED] - today = new java.util.Date(): null

2024-03-08 00:33:40 - [TEST_STEP][PASSED] - println(today): null

2024-03-08 00:33:40 - [TEST_STEP][PASSED] - datText = today: null

2024-03-08 00:33:40 - [TEST_STEP][PASSED] - Taxtype = findTestData(dataFile).getValue("TaxType", row): null

2024-03-08 00:33:40 - [TEST_STEP][PASSED] - out.println("Taxtype value is : " + Taxtype): null

2024-03-08 00:33:40 - [TEST_STEP][PASSED] - openBrowser(""): Browser is opened with url: ''

2024-03-08 00:33:40 - [MESSAGE][WARNING] - A browser is already opened. Closing browser and opening a new one

2024-03-08 00:34:07 - [MESSAGE][INFO] - Starting 'Chrome' driver

2024-03-08 00:34:07 - [MESSAGE][INFO] - User set preference: ['acceptInsecureCerts', 'true']

2024-03-08 00:34:07 - [MESSAGE][INFO] - Action delay is set to 0 milliseconds

2024-03-08 00:34:09 - [MESSAGE][PASSED] - Browser is opened with url: ''

2024-03-08 00:34:09 - [TEST_STEP][PASSED] - maximizeWindow(): Current window maximized

2024-03-08 00:34:09 - [MESSAGE][PASSED] - Current window maximized

2024-03-08 00:34:09 - [TEST_STEP][PASSED] - navigateToUrl(RADurl): Navigate to 'https://qa2.velocitypayment.com/client/rad/index.html' successfully

2024-03-08 00:34:17 - [MESSAGE][PASSED] - Navigate to 'https://qa2.velocitypayment.com/client/rad/index.html' successfully

2024-03-08 00:34:17 - [TEST_STEP][PASSED] - orPath_Landing = "Object Repository/RAD_Pages/Landing_Page": null

2024-03-08 00:34:17 - [TEST_STEP][PASSED] - orPath_TaxTypeFilingYear = "Object Repository/RAD_Pages/TaxTypeFilingYear_Page": null

2024-03-08 00:34:17 - [TEST_STEP][PASSED] - orPath_TaxPayer = "Object Repository/RAD_Pages/Taxpayer_Page": null

2024-03-08 00:34:17 - [TEST_STEP][PASSED] - orPath_AddressContact = "Object Repository/RAD_Pages/AddressAndContactInfo_Page": null

2024-03-08 00:34:17 - [TEST_STEP][PASSED] - orPath_FilingStatus = "Object Repository/RAD_Pages/FilingStatus_Page": null

2024-03-08 00:34:17 - [TEST_STEP][PASSED] - orPath_Amount = "Object Repository/RAD_Pages/PaymentAmount_Page": null

2024-03-08 00:34:17 - [TEST_STEP][PASSED] - orPath_TaxInfo = "Object Repository/RAD_Pages/TaxInfo_Page": null

2024-03-08 00:34:17 - [TEST_STEP][PASSED] - orPath_Withholding = "Object Repository/RAD_Pages/Withholding_Page": null

2024-03-08 00:34:17 - [TEST_STEP][PASSED] - orPath_Summary = "Object Repository/RAD_Pages/Summary_Page": null

2024-03-08 00:34:17 - [TEST_STEP][PASSED] - orPath_PaymentReady = "Object Repository/RAD_Pages/PaymentReady_Page": null

2024-03-08 00:34:17 - [TEST_STEP][PASSED] - orPath_PaymentEntry = "Object Repository/RAD_Pages/PaymentEntry_Page": null

2024-03-08 00:34:17 - [TEST_STEP][PASSED] - orPath_PaymentConfirmation = "Object Repository/RAD_Pages/PaymentConfirmation_Page": null

2024-03-08 00:34:17 - [TEST_STEP][PASSED] - orPath_ServiceFeesAccept = "Object Repository/RAD_Pages/ServiceFeeAccept_Page": null

2024-03-08 00:34:17 - [TEST_STEP][PASSED] - selectOptionByLabel(findTestObject(orPath_Landing + "/dd_TaxType"), Taxtype, false): All options with label 'Existing Liability w/Notice Number' are selected in object 'Object Repository/RAD_Pages/Landing_Page/dd_TaxType' 

2024-03-08 00:34:17 - [MESSAGE][PASSED] - All options with label 'Existing Liability w/Notice Number' are selected in object 'Object Repository/RAD_Pages/Landing_Page/dd_TaxType' 

2024-03-08 00:34:17 - [TEST_STEP][PASSED] - delay(1): Delayed 1 second(s)

2024-03-08 00:34:18 - [MESSAGE][PASSED] - Delayed 1 second(s)

2024-03-08 00:34:18 - [TEST_STEP][PASSED] - selectOptionByLabel(findTestObject(orPath_TaxTypeFilingYear + "/select_TaxType_ExistingLiability"), TaxTypeEL, false): All options with label 'Transportation Network Services' are selected in object 'Object Repository/RAD_Pages/TaxTypeFilingYear_Page/select_TaxType_ExistingLiability' 

2024-03-08 00:34:19 - [MESSAGE][PASSED] - All options with label 'Transportation Network Services' are selected in object 'Object Repository/RAD_Pages/TaxTypeFilingYear_Page/select_TaxType_ExistingLiability' 

2024-03-08 00:34:19 - [TEST_STEP][PASSED] - setText(findTestObject(orPath_TaxInfo + "/input_NoticeInvoiceNumber"), notInvNumber): Text '123456789' is set on object 'Object Repository/RAD_Pages/TaxInfo_Page/input_NoticeInvoiceNumber'

2024-03-08 00:34:20 - [MESSAGE][PASSED] - Text '123456789' is set on object 'Object Repository/RAD_Pages/TaxInfo_Page/input_NoticeInvoiceNumber'

2024-03-08 00:34:20 - [TEST_STEP][PASSED] - setText(findTestObject(orPath_TaxInfo + "/input_reTypeNoticeInvoiceNumber"), notInvNumber): Text '123456789' is set on object 'Object Repository/RAD_Pages/TaxInfo_Page/input_reTypeNoticeInvoiceNumber'

2024-03-08 00:34:21 - [MESSAGE][PASSED] - Text '123456789' is set on object 'Object Repository/RAD_Pages/TaxInfo_Page/input_reTypeNoticeInvoiceNumber'

2024-03-08 00:34:21 - [TEST_STEP][PASSED] - println(notInvNumber): null

2024-03-08 00:34:21 - [TEST_STEP][PASSED] - if (verifyTextPresent(errorMsg, true)): null

2024-03-08 00:34:21 - [MESSAGE][PASSED] - Text 'Notice Number must be 13 digits in length, with a value greater than zero' is present on page  using regular expression

2024-03-08 00:34:21 - [TEST_STEP][PASSED] - println("Error Message is present on the page"): null

2024-03-08 00:34:21 - [TEST_STEP][PASSED] - out.println("Pass Record Number: " + row): null

2024-03-08 00:34:21 - [TEST_STEP][PASSED] - resText = "Pass": null

2024-03-08 00:34:21 - [TEST_STEP][PASSED] - pages.WriteExcel.demoKey(resText, datText, resColumn, datCloumn, fileLoc, nameSheet, row): pages.WriteExcel.demoKey is PASSED

2024-03-08 00:34:21 - [MESSAGE][PASSED] - pages.WriteExcel.demoKey is PASSED

2024-03-08 00:34:21 - [TEST_STEP][PASSED] - ExecuteTC = findTestData(dataFile).getValue("Execute", row): null

2024-03-08 00:34:22 - [TEST_STEP][PASSED] - Taxtype = findTestData(dataFile).getValue("TaxType", row): null

2024-03-08 00:34:22 - [TEST_STEP][PASSED] - TaxTypeEL = findTestData(dataFile).getValue("TaxTypeEL", row): null

2024-03-08 00:34:22 - [TEST_STEP][PASSED] - notInvNumber = findTestData(dataFile).getValue("NotiInvoNumber", row): null

2024-03-08 00:34:22 - [TEST_STEP][PASSED] - errorMsg = findTestData(dataFile).getValue("ErrorMessage", row): null

2024-03-08 00:34:22 - [TEST_STEP][PASSED] - out.println("Value of Execute is : " + ExecuteTC): null

2024-03-08 00:34:22 - [TEST_STEP][PASSED] - if (ExecuteTC.equalsIgnoreCase("Y")): null

2024-03-08 00:34:22 - [TEST_STEP][PASSED] - out.println("Begin Record Number: " + row): null

2024-03-08 00:34:22 - [TEST_STEP][PASSED] - today = new java.util.Date(): null

2024-03-08 00:34:22 - [TEST_STEP][PASSED] - println(today): null

2024-03-08 00:34:22 - [TEST_STEP][PASSED] - datText = today: null

2024-03-08 00:34:22 - [TEST_STEP][PASSED] - Taxtype = findTestData(dataFile).getValue("TaxType", row): null

2024-03-08 00:34:22 - [TEST_STEP][PASSED] - out.println("Taxtype value is : " + Taxtype): null

2024-03-08 00:34:22 - [TEST_STEP][PASSED] - openBrowser(""): Browser is opened with url: ''

2024-03-08 00:34:22 - [MESSAGE][WARNING] - A browser is already opened. Closing browser and opening a new one

2024-03-08 00:34:36 - [MESSAGE][INFO] - Starting 'Chrome' driver

2024-03-08 00:34:36 - [MESSAGE][INFO] - User set preference: ['acceptInsecureCerts', 'true']

2024-03-08 00:34:36 - [MESSAGE][INFO] - Action delay is set to 0 milliseconds

2024-03-08 00:34:37 - [MESSAGE][PASSED] - Browser is opened with url: ''

2024-03-08 00:34:37 - [TEST_STEP][PASSED] - maximizeWindow(): Current window maximized

2024-03-08 00:34:37 - [MESSAGE][PASSED] - Current window maximized

2024-03-08 00:34:37 - [TEST_STEP][PASSED] - navigateToUrl(RADurl): Navigate to 'https://qa2.velocitypayment.com/client/rad/index.html' successfully

2024-03-08 00:34:45 - [MESSAGE][PASSED] - Navigate to 'https://qa2.velocitypayment.com/client/rad/index.html' successfully

2024-03-08 00:34:45 - [TEST_STEP][PASSED] - orPath_Landing = "Object Repository/RAD_Pages/Landing_Page": null

2024-03-08 00:34:45 - [TEST_STEP][PASSED] - orPath_TaxTypeFilingYear = "Object Repository/RAD_Pages/TaxTypeFilingYear_Page": null

2024-03-08 00:34:45 - [TEST_STEP][PASSED] - orPath_TaxPayer = "Object Repository/RAD_Pages/Taxpayer_Page": null

2024-03-08 00:34:45 - [TEST_STEP][PASSED] - orPath_AddressContact = "Object Repository/RAD_Pages/AddressAndContactInfo_Page": null

2024-03-08 00:34:45 - [TEST_STEP][PASSED] - orPath_FilingStatus = "Object Repository/RAD_Pages/FilingStatus_Page": null

2024-03-08 00:34:45 - [TEST_STEP][PASSED] - orPath_Amount = "Object Repository/RAD_Pages/PaymentAmount_Page": null

2024-03-08 00:34:45 - [TEST_STEP][PASSED] - orPath_TaxInfo = "Object Repository/RAD_Pages/TaxInfo_Page": null

2024-03-08 00:34:45 - [TEST_STEP][PASSED] - orPath_Withholding = "Object Repository/RAD_Pages/Withholding_Page": null

2024-03-08 00:34:45 - [TEST_STEP][PASSED] - orPath_Summary = "Object Repository/RAD_Pages/Summary_Page": null

2024-03-08 00:34:45 - [TEST_STEP][PASSED] - orPath_PaymentReady = "Object Repository/RAD_Pages/PaymentReady_Page": null

2024-03-08 00:34:45 - [TEST_STEP][PASSED] - orPath_PaymentEntry = "Object Repository/RAD_Pages/PaymentEntry_Page": null

2024-03-08 00:34:45 - [TEST_STEP][PASSED] - orPath_PaymentConfirmation = "Object Repository/RAD_Pages/PaymentConfirmation_Page": null

2024-03-08 00:34:45 - [TEST_STEP][PASSED] - orPath_ServiceFeesAccept = "Object Repository/RAD_Pages/ServiceFeeAccept_Page": null

2024-03-08 00:34:45 - [TEST_STEP][PASSED] - selectOptionByLabel(findTestObject(orPath_Landing + "/dd_TaxType"), Taxtype, false): All options with label 'Existing Liability w/Notice Number' are selected in object 'Object Repository/RAD_Pages/Landing_Page/dd_TaxType' 

2024-03-08 00:34:46 - [MESSAGE][PASSED] - All options with label 'Existing Liability w/Notice Number' are selected in object 'Object Repository/RAD_Pages/Landing_Page/dd_TaxType' 

2024-03-08 00:34:46 - [TEST_STEP][PASSED] - delay(1): Delayed 1 second(s)

2024-03-08 00:34:47 - [MESSAGE][PASSED] - Delayed 1 second(s)

2024-03-08 00:34:47 - [TEST_STEP][PASSED] - selectOptionByLabel(findTestObject(orPath_TaxTypeFilingYear + "/select_TaxType_ExistingLiability"), TaxTypeEL, false): All options with label 'Unclaimed Property' are selected in object 'Object Repository/RAD_Pages/TaxTypeFilingYear_Page/select_TaxType_ExistingLiability' 

2024-03-08 00:34:47 - [MESSAGE][PASSED] - All options with label 'Unclaimed Property' are selected in object 'Object Repository/RAD_Pages/TaxTypeFilingYear_Page/select_TaxType_ExistingLiability' 

2024-03-08 00:34:47 - [TEST_STEP][PASSED] - setText(findTestObject(orPath_TaxInfo + "/input_NoticeInvoiceNumber"), notInvNumber): Text '123456789' is set on object 'Object Repository/RAD_Pages/TaxInfo_Page/input_NoticeInvoiceNumber'

2024-03-08 00:34:48 - [MESSAGE][PASSED] - Text '123456789' is set on object 'Object Repository/RAD_Pages/TaxInfo_Page/input_NoticeInvoiceNumber'

2024-03-08 00:34:48 - [TEST_STEP][PASSED] - setText(findTestObject(orPath_TaxInfo + "/input_reTypeNoticeInvoiceNumber"), notInvNumber): Text '123456789' is set on object 'Object Repository/RAD_Pages/TaxInfo_Page/input_reTypeNoticeInvoiceNumber'

2024-03-08 00:34:49 - [MESSAGE][PASSED] - Text '123456789' is set on object 'Object Repository/RAD_Pages/TaxInfo_Page/input_reTypeNoticeInvoiceNumber'

2024-03-08 00:34:49 - [TEST_STEP][PASSED] - println(notInvNumber): null

2024-03-08 00:34:49 - [TEST_STEP][PASSED] - if (verifyTextPresent(errorMsg, true)): null

2024-03-08 00:34:50 - [MESSAGE][PASSED] - Text 'Notice Number must be 13 digits in length, with a value greater than zero' is present on page  using regular expression

2024-03-08 00:34:50 - [TEST_STEP][PASSED] - println("Error Message is present on the page"): null

2024-03-08 00:34:50 - [TEST_STEP][PASSED] - out.println("Pass Record Number: " + row): null

2024-03-08 00:34:50 - [TEST_STEP][PASSED] - resText = "Pass": null

2024-03-08 00:34:50 - [TEST_STEP][PASSED] - pages.WriteExcel.demoKey(resText, datText, resColumn, datCloumn, fileLoc, nameSheet, row): pages.WriteExcel.demoKey is PASSED

2024-03-08 00:34:50 - [MESSAGE][PASSED] - pages.WriteExcel.demoKey is PASSED

2024-03-08 00:34:50 - [TEST_STEP][PASSED] - ExecuteTC = findTestData(dataFile).getValue("Execute", row): null

2024-03-08 00:34:50 - [TEST_STEP][PASSED] - Taxtype = findTestData(dataFile).getValue("TaxType", row): null

2024-03-08 00:34:50 - [TEST_STEP][PASSED] - TaxTypeEL = findTestData(dataFile).getValue("TaxTypeEL", row): null

2024-03-08 00:34:50 - [TEST_STEP][PASSED] - notInvNumber = findTestData(dataFile).getValue("NotiInvoNumber", row): null

2024-03-08 00:34:50 - [TEST_STEP][PASSED] - errorMsg = findTestData(dataFile).getValue("ErrorMessage", row): null

2024-03-08 00:34:50 - [TEST_STEP][PASSED] - out.println("Value of Execute is : " + ExecuteTC): null

2024-03-08 00:34:50 - [TEST_STEP][PASSED] - if (ExecuteTC.equalsIgnoreCase("Y")): null

2024-03-08 00:34:50 - [TEST_STEP][PASSED] - out.println("Begin Record Number: " + row): null

2024-03-08 00:34:50 - [TEST_STEP][PASSED] - today = new java.util.Date(): null

2024-03-08 00:34:50 - [TEST_STEP][PASSED] - println(today): null

2024-03-08 00:34:50 - [TEST_STEP][PASSED] - datText = today: null

2024-03-08 00:34:50 - [TEST_STEP][PASSED] - Taxtype = findTestData(dataFile).getValue("TaxType", row): null

2024-03-08 00:34:50 - [TEST_STEP][PASSED] - out.println("Taxtype value is : " + Taxtype): null

2024-03-08 00:34:50 - [TEST_STEP][PASSED] - openBrowser(""): Browser is opened with url: ''

2024-03-08 00:34:50 - [MESSAGE][WARNING] - A browser is already opened. Closing browser and opening a new one

2024-03-08 00:35:05 - [MESSAGE][INFO] - Starting 'Chrome' driver

2024-03-08 00:35:05 - [MESSAGE][INFO] - User set preference: ['acceptInsecureCerts', 'true']

2024-03-08 00:35:05 - [MESSAGE][INFO] - Action delay is set to 0 milliseconds

2024-03-08 00:35:07 - [MESSAGE][PASSED] - Browser is opened with url: ''

2024-03-08 00:35:07 - [TEST_STEP][PASSED] - maximizeWindow(): Current window maximized

2024-03-08 00:35:07 - [MESSAGE][PASSED] - Current window maximized

2024-03-08 00:35:07 - [TEST_STEP][PASSED] - navigateToUrl(RADurl): Navigate to 'https://qa2.velocitypayment.com/client/rad/index.html' successfully

2024-03-08 00:35:09 - [MESSAGE][PASSED] - Navigate to 'https://qa2.velocitypayment.com/client/rad/index.html' successfully

2024-03-08 00:35:09 - [TEST_STEP][PASSED] - orPath_Landing = "Object Repository/RAD_Pages/Landing_Page": null

2024-03-08 00:35:09 - [TEST_STEP][PASSED] - orPath_TaxTypeFilingYear = "Object Repository/RAD_Pages/TaxTypeFilingYear_Page": null

2024-03-08 00:35:09 - [TEST_STEP][PASSED] - orPath_TaxPayer = "Object Repository/RAD_Pages/Taxpayer_Page": null

2024-03-08 00:35:09 - [TEST_STEP][PASSED] - orPath_AddressContact = "Object Repository/RAD_Pages/AddressAndContactInfo_Page": null

2024-03-08 00:35:09 - [TEST_STEP][PASSED] - orPath_FilingStatus = "Object Repository/RAD_Pages/FilingStatus_Page": null

2024-03-08 00:35:09 - [TEST_STEP][PASSED] - orPath_Amount = "Object Repository/RAD_Pages/PaymentAmount_Page": null

2024-03-08 00:35:09 - [TEST_STEP][PASSED] - orPath_TaxInfo = "Object Repository/RAD_Pages/TaxInfo_Page": null

2024-03-08 00:35:09 - [TEST_STEP][PASSED] - orPath_Withholding = "Object Repository/RAD_Pages/Withholding_Page": null

2024-03-08 00:35:09 - [TEST_STEP][PASSED] - orPath_Summary = "Object Repository/RAD_Pages/Summary_Page": null

2024-03-08 00:35:09 - [TEST_STEP][PASSED] - orPath_PaymentReady = "Object Repository/RAD_Pages/PaymentReady_Page": null

2024-03-08 00:35:09 - [TEST_STEP][PASSED] - orPath_PaymentEntry = "Object Repository/RAD_Pages/PaymentEntry_Page": null

2024-03-08 00:35:09 - [TEST_STEP][PASSED] - orPath_PaymentConfirmation = "Object Repository/RAD_Pages/PaymentConfirmation_Page": null

2024-03-08 00:35:09 - [TEST_STEP][PASSED] - orPath_ServiceFeesAccept = "Object Repository/RAD_Pages/ServiceFeeAccept_Page": null

2024-03-08 00:35:09 - [TEST_STEP][PASSED] - selectOptionByLabel(findTestObject(orPath_Landing + "/dd_TaxType"), Taxtype, false): All options with label 'Existing Liability w/Notice Number' are selected in object 'Object Repository/RAD_Pages/Landing_Page/dd_TaxType' 

2024-03-08 00:35:09 - [MESSAGE][PASSED] - All options with label 'Existing Liability w/Notice Number' are selected in object 'Object Repository/RAD_Pages/Landing_Page/dd_TaxType' 

2024-03-08 00:35:09 - [TEST_STEP][PASSED] - delay(1): Delayed 1 second(s)

2024-03-08 00:35:10 - [MESSAGE][PASSED] - Delayed 1 second(s)

2024-03-08 00:35:10 - [TEST_STEP][PASSED] - selectOptionByLabel(findTestObject(orPath_TaxTypeFilingYear + "/select_TaxType_ExistingLiability"), TaxTypeEL, false): All options with label 'IFTA Tax' are selected in object 'Object Repository/RAD_Pages/TaxTypeFilingYear_Page/select_TaxType_ExistingLiability' 

2024-03-08 00:35:11 - [MESSAGE][PASSED] - All options with label 'IFTA Tax' are selected in object 'Object Repository/RAD_Pages/TaxTypeFilingYear_Page/select_TaxType_ExistingLiability' 

2024-03-08 00:35:11 - [TEST_STEP][PASSED] - setText(findTestObject(orPath_TaxInfo + "/input_NoticeInvoiceNumber"), notInvNumber): Text '123456789' is set on object 'Object Repository/RAD_Pages/TaxInfo_Page/input_NoticeInvoiceNumber'

2024-03-08 00:35:12 - [MESSAGE][PASSED] - Text '123456789' is set on object 'Object Repository/RAD_Pages/TaxInfo_Page/input_NoticeInvoiceNumber'

2024-03-08 00:35:12 - [TEST_STEP][PASSED] - setText(findTestObject(orPath_TaxInfo + "/input_reTypeNoticeInvoiceNumber"), notInvNumber): Text '123456789' is set on object 'Object Repository/RAD_Pages/TaxInfo_Page/input_reTypeNoticeInvoiceNumber'

2024-03-08 00:35:13 - [MESSAGE][PASSED] - Text '123456789' is set on object 'Object Repository/RAD_Pages/TaxInfo_Page/input_reTypeNoticeInvoiceNumber'

2024-03-08 00:35:13 - [TEST_STEP][PASSED] - println(notInvNumber): null

2024-03-08 00:35:13 - [TEST_STEP][PASSED] - if (verifyTextPresent(errorMsg, true)): null

2024-03-08 00:35:13 - [MESSAGE][PASSED] - Text 'Notice Number must be 13 digits in length, with a value greater than zero' is present on page  using regular expression

2024-03-08 00:35:13 - [TEST_STEP][PASSED] - println("Error Message is present on the page"): null

2024-03-08 00:35:13 - [TEST_STEP][PASSED] - out.println("Pass Record Number: " + row): null

2024-03-08 00:35:13 - [TEST_STEP][PASSED] - resText = "Pass": null

2024-03-08 00:35:13 - [TEST_STEP][PASSED] - pages.WriteExcel.demoKey(resText, datText, resColumn, datCloumn, fileLoc, nameSheet, row): pages.WriteExcel.demoKey is PASSED

2024-03-08 00:35:13 - [MESSAGE][PASSED] - pages.WriteExcel.demoKey is PASSED

2024-03-08 00:35:13 - [TEST_STEP][PASSED] - ExecuteTC = findTestData(dataFile).getValue("Execute", row): null

2024-03-08 00:35:14 - [TEST_STEP][PASSED] - Taxtype = findTestData(dataFile).getValue("TaxType", row): null

2024-03-08 00:35:14 - [TEST_STEP][PASSED] - TaxTypeEL = findTestData(dataFile).getValue("TaxTypeEL", row): null

2024-03-08 00:35:14 - [TEST_STEP][PASSED] - notInvNumber = findTestData(dataFile).getValue("NotiInvoNumber", row): null

2024-03-08 00:35:14 - [TEST_STEP][PASSED] - errorMsg = findTestData(dataFile).getValue("ErrorMessage", row): null

2024-03-08 00:35:14 - [TEST_STEP][PASSED] - out.println("Value of Execute is : " + ExecuteTC): null

2024-03-08 00:35:14 - [TEST_STEP][PASSED] - if (ExecuteTC.equalsIgnoreCase("Y")): null

2024-03-08 00:35:14 - [TEST_STEP][PASSED] - out.println("Begin Record Number: " + row): null

2024-03-08 00:35:14 - [TEST_STEP][PASSED] - today = new java.util.Date(): null

2024-03-08 00:35:14 - [TEST_STEP][PASSED] - println(today): null

2024-03-08 00:35:14 - [TEST_STEP][PASSED] - datText = today: null

2024-03-08 00:35:14 - [TEST_STEP][PASSED] - Taxtype = findTestData(dataFile).getValue("TaxType", row): null

2024-03-08 00:35:14 - [TEST_STEP][PASSED] - out.println("Taxtype value is : " + Taxtype): null

2024-03-08 00:35:14 - [TEST_STEP][PASSED] - openBrowser(""): Browser is opened with url: ''

2024-03-08 00:35:14 - [MESSAGE][WARNING] - A browser is already opened. Closing browser and opening a new one

2024-03-08 00:35:29 - [MESSAGE][INFO] - Starting 'Chrome' driver

2024-03-08 00:35:29 - [MESSAGE][INFO] - User set preference: ['acceptInsecureCerts', 'true']

2024-03-08 00:35:29 - [MESSAGE][INFO] - Action delay is set to 0 milliseconds

2024-03-08 00:35:31 - [MESSAGE][PASSED] - Browser is opened with url: ''

2024-03-08 00:35:31 - [TEST_STEP][PASSED] - maximizeWindow(): Current window maximized

2024-03-08 00:35:31 - [MESSAGE][PASSED] - Current window maximized

2024-03-08 00:35:31 - [TEST_STEP][PASSED] - navigateToUrl(RADurl): Navigate to 'https://qa2.velocitypayment.com/client/rad/index.html' successfully

2024-03-08 00:35:39 - [MESSAGE][PASSED] - Navigate to 'https://qa2.velocitypayment.com/client/rad/index.html' successfully

2024-03-08 00:35:39 - [TEST_STEP][PASSED] - orPath_Landing = "Object Repository/RAD_Pages/Landing_Page": null

2024-03-08 00:35:39 - [TEST_STEP][PASSED] - orPath_TaxTypeFilingYear = "Object Repository/RAD_Pages/TaxTypeFilingYear_Page": null

2024-03-08 00:35:39 - [TEST_STEP][PASSED] - orPath_TaxPayer = "Object Repository/RAD_Pages/Taxpayer_Page": null

2024-03-08 00:35:39 - [TEST_STEP][PASSED] - orPath_AddressContact = "Object Repository/RAD_Pages/AddressAndContactInfo_Page": null

2024-03-08 00:35:39 - [TEST_STEP][PASSED] - orPath_FilingStatus = "Object Repository/RAD_Pages/FilingStatus_Page": null

2024-03-08 00:35:39 - [TEST_STEP][PASSED] - orPath_Amount = "Object Repository/RAD_Pages/PaymentAmount_Page": null

2024-03-08 00:35:39 - [TEST_STEP][PASSED] - orPath_TaxInfo = "Object Repository/RAD_Pages/TaxInfo_Page": null

2024-03-08 00:35:39 - [TEST_STEP][PASSED] - orPath_Withholding = "Object Repository/RAD_Pages/Withholding_Page": null

2024-03-08 00:35:39 - [TEST_STEP][PASSED] - orPath_Summary = "Object Repository/RAD_Pages/Summary_Page": null

2024-03-08 00:35:39 - [TEST_STEP][PASSED] - orPath_PaymentReady = "Object Repository/RAD_Pages/PaymentReady_Page": null

2024-03-08 00:35:39 - [TEST_STEP][PASSED] - orPath_PaymentEntry = "Object Repository/RAD_Pages/PaymentEntry_Page": null

2024-03-08 00:35:39 - [TEST_STEP][PASSED] - orPath_PaymentConfirmation = "Object Repository/RAD_Pages/PaymentConfirmation_Page": null

2024-03-08 00:35:39 - [TEST_STEP][PASSED] - orPath_ServiceFeesAccept = "Object Repository/RAD_Pages/ServiceFeeAccept_Page": null

2024-03-08 00:35:39 - [TEST_STEP][PASSED] - selectOptionByLabel(findTestObject(orPath_Landing + "/dd_TaxType"), Taxtype, false): All options with label 'Existing Liability w/Notice Number' are selected in object 'Object Repository/RAD_Pages/Landing_Page/dd_TaxType' 

2024-03-08 00:35:39 - [MESSAGE][PASSED] - All options with label 'Existing Liability w/Notice Number' are selected in object 'Object Repository/RAD_Pages/Landing_Page/dd_TaxType' 

2024-03-08 00:35:39 - [TEST_STEP][PASSED] - delay(1): Delayed 1 second(s)

2024-03-08 00:35:40 - [MESSAGE][PASSED] - Delayed 1 second(s)

2024-03-08 00:35:40 - [TEST_STEP][PASSED] - selectOptionByLabel(findTestObject(orPath_TaxTypeFilingYear + "/select_TaxType_ExistingLiability"), TaxTypeEL, false): All options with label 'Admissions and Amusement Tax' are selected in object 'Object Repository/RAD_Pages/TaxTypeFilingYear_Page/select_TaxType_ExistingLiability' 

2024-03-08 00:35:41 - [MESSAGE][PASSED] - All options with label 'Admissions and Amusement Tax' are selected in object 'Object Repository/RAD_Pages/TaxTypeFilingYear_Page/select_TaxType_ExistingLiability' 

2024-03-08 00:35:41 - [TEST_STEP][PASSED] - setText(findTestObject(orPath_TaxInfo + "/input_NoticeInvoiceNumber"), notInvNumber): Text '0000000000000' is set on object 'Object Repository/RAD_Pages/TaxInfo_Page/input_NoticeInvoiceNumber'

2024-03-08 00:35:42 - [MESSAGE][PASSED] - Text '0000000000000' is set on object 'Object Repository/RAD_Pages/TaxInfo_Page/input_NoticeInvoiceNumber'

2024-03-08 00:35:42 - [TEST_STEP][PASSED] - setText(findTestObject(orPath_TaxInfo + "/input_reTypeNoticeInvoiceNumber"), notInvNumber): Text '0000000000000' is set on object 'Object Repository/RAD_Pages/TaxInfo_Page/input_reTypeNoticeInvoiceNumber'

2024-03-08 00:35:43 - [MESSAGE][PASSED] - Text '0000000000000' is set on object 'Object Repository/RAD_Pages/TaxInfo_Page/input_reTypeNoticeInvoiceNumber'

2024-03-08 00:35:43 - [TEST_STEP][PASSED] - println(notInvNumber): null

2024-03-08 00:35:43 - [TEST_STEP][PASSED] - if (verifyTextPresent(errorMsg, true)): null

2024-03-08 00:35:43 - [MESSAGE][PASSED] - Text 'Notice Number must be 13 digits in length, with a value greater than zero' is present on page  using regular expression

2024-03-08 00:35:43 - [TEST_STEP][PASSED] - println("Error Message is present on the page"): null

2024-03-08 00:35:43 - [TEST_STEP][PASSED] - out.println("Pass Record Number: " + row): null

2024-03-08 00:35:43 - [TEST_STEP][PASSED] - resText = "Pass": null

2024-03-08 00:35:43 - [TEST_STEP][PASSED] - pages.WriteExcel.demoKey(resText, datText, resColumn, datCloumn, fileLoc, nameSheet, row): pages.WriteExcel.demoKey is PASSED

2024-03-08 00:35:43 - [MESSAGE][PASSED] - pages.WriteExcel.demoKey is PASSED

2024-03-08 00:35:43 - [TEST_STEP][PASSED] - ExecuteTC = findTestData(dataFile).getValue("Execute", row): null

2024-03-08 00:35:43 - [TEST_STEP][PASSED] - Taxtype = findTestData(dataFile).getValue("TaxType", row): null

2024-03-08 00:35:44 - [TEST_STEP][PASSED] - TaxTypeEL = findTestData(dataFile).getValue("TaxTypeEL", row): null

2024-03-08 00:35:44 - [TEST_STEP][PASSED] - notInvNumber = findTestData(dataFile).getValue("NotiInvoNumber", row): null

2024-03-08 00:35:44 - [TEST_STEP][PASSED] - errorMsg = findTestData(dataFile).getValue("ErrorMessage", row): null

2024-03-08 00:35:44 - [TEST_STEP][PASSED] - out.println("Value of Execute is : " + ExecuteTC): null

2024-03-08 00:35:44 - [TEST_STEP][PASSED] - if (ExecuteTC.equalsIgnoreCase("Y")): null

2024-03-08 00:35:44 - [TEST_STEP][PASSED] - out.println("Begin Record Number: " + row): null

2024-03-08 00:35:44 - [TEST_STEP][PASSED] - today = new java.util.Date(): null

2024-03-08 00:35:44 - [TEST_STEP][PASSED] - println(today): null

2024-03-08 00:35:44 - [TEST_STEP][PASSED] - datText = today: null

2024-03-08 00:35:44 - [TEST_STEP][PASSED] - Taxtype = findTestData(dataFile).getValue("TaxType", row): null

2024-03-08 00:35:44 - [TEST_STEP][PASSED] - out.println("Taxtype value is : " + Taxtype): null

2024-03-08 00:35:44 - [TEST_STEP][PASSED] - openBrowser(""): Browser is opened with url: ''

2024-03-08 00:35:44 - [MESSAGE][WARNING] - A browser is already opened. Closing browser and opening a new one

2024-03-08 00:35:56 - [MESSAGE][INFO] - Starting 'Chrome' driver

2024-03-08 00:35:56 - [MESSAGE][INFO] - User set preference: ['acceptInsecureCerts', 'true']

2024-03-08 00:35:56 - [MESSAGE][INFO] - Action delay is set to 0 milliseconds

2024-03-08 00:35:58 - [MESSAGE][PASSED] - Browser is opened with url: ''

2024-03-08 00:35:58 - [TEST_STEP][PASSED] - maximizeWindow(): Current window maximized

2024-03-08 00:35:58 - [MESSAGE][PASSED] - Current window maximized

2024-03-08 00:35:58 - [TEST_STEP][PASSED] - navigateToUrl(RADurl): Navigate to 'https://qa2.velocitypayment.com/client/rad/index.html' successfully

2024-03-08 00:36:05 - [MESSAGE][PASSED] - Navigate to 'https://qa2.velocitypayment.com/client/rad/index.html' successfully

2024-03-08 00:36:05 - [TEST_STEP][PASSED] - orPath_Landing = "Object Repository/RAD_Pages/Landing_Page": null

2024-03-08 00:36:05 - [TEST_STEP][PASSED] - orPath_TaxTypeFilingYear = "Object Repository/RAD_Pages/TaxTypeFilingYear_Page": null

2024-03-08 00:36:05 - [TEST_STEP][PASSED] - orPath_TaxPayer = "Object Repository/RAD_Pages/Taxpayer_Page": null

2024-03-08 00:36:05 - [TEST_STEP][PASSED] - orPath_AddressContact = "Object Repository/RAD_Pages/AddressAndContactInfo_Page": null

2024-03-08 00:36:05 - [TEST_STEP][PASSED] - orPath_FilingStatus = "Object Repository/RAD_Pages/FilingStatus_Page": null

2024-03-08 00:36:05 - [TEST_STEP][PASSED] - orPath_Amount = "Object Repository/RAD_Pages/PaymentAmount_Page": null

2024-03-08 00:36:05 - [TEST_STEP][PASSED] - orPath_TaxInfo = "Object Repository/RAD_Pages/TaxInfo_Page": null

2024-03-08 00:36:05 - [TEST_STEP][PASSED] - orPath_Withholding = "Object Repository/RAD_Pages/Withholding_Page": null

2024-03-08 00:36:05 - [TEST_STEP][PASSED] - orPath_Summary = "Object Repository/RAD_Pages/Summary_Page": null

2024-03-08 00:36:05 - [TEST_STEP][PASSED] - orPath_PaymentReady = "Object Repository/RAD_Pages/PaymentReady_Page": null

2024-03-08 00:36:05 - [TEST_STEP][PASSED] - orPath_PaymentEntry = "Object Repository/RAD_Pages/PaymentEntry_Page": null

2024-03-08 00:36:05 - [TEST_STEP][PASSED] - orPath_PaymentConfirmation = "Object Repository/RAD_Pages/PaymentConfirmation_Page": null

2024-03-08 00:36:05 - [TEST_STEP][PASSED] - orPath_ServiceFeesAccept = "Object Repository/RAD_Pages/ServiceFeeAccept_Page": null

2024-03-08 00:36:05 - [TEST_STEP][PASSED] - selectOptionByLabel(findTestObject(orPath_Landing + "/dd_TaxType"), Taxtype, false): All options with label 'Existing Liability w/Notice Number' are selected in object 'Object Repository/RAD_Pages/Landing_Page/dd_TaxType' 

2024-03-08 00:36:05 - [MESSAGE][PASSED] - All options with label 'Existing Liability w/Notice Number' are selected in object 'Object Repository/RAD_Pages/Landing_Page/dd_TaxType' 

2024-03-08 00:36:05 - [TEST_STEP][PASSED] - delay(1): Delayed 1 second(s)

2024-03-08 00:36:06 - [MESSAGE][PASSED] - Delayed 1 second(s)

2024-03-08 00:36:06 - [TEST_STEP][PASSED] - selectOptionByLabel(findTestObject(orPath_TaxTypeFilingYear + "/select_TaxType_ExistingLiability"), TaxTypeEL, false): All options with label 'Estate Tax' are selected in object 'Object Repository/RAD_Pages/TaxTypeFilingYear_Page/select_TaxType_ExistingLiability' 

2024-03-08 00:36:07 - [MESSAGE][PASSED] - All options with label 'Estate Tax' are selected in object 'Object Repository/RAD_Pages/TaxTypeFilingYear_Page/select_TaxType_ExistingLiability' 

2024-03-08 00:36:07 - [TEST_STEP][PASSED] - setText(findTestObject(orPath_TaxInfo + "/input_NoticeInvoiceNumber"), notInvNumber): Text '0000000000000' is set on object 'Object Repository/RAD_Pages/TaxInfo_Page/input_NoticeInvoiceNumber'

2024-03-08 00:36:08 - [MESSAGE][PASSED] - Text '0000000000000' is set on object 'Object Repository/RAD_Pages/TaxInfo_Page/input_NoticeInvoiceNumber'

2024-03-08 00:36:08 - [TEST_STEP][PASSED] - setText(findTestObject(orPath_TaxInfo + "/input_reTypeNoticeInvoiceNumber"), notInvNumber): Text '0000000000000' is set on object 'Object Repository/RAD_Pages/TaxInfo_Page/input_reTypeNoticeInvoiceNumber'

2024-03-08 00:36:09 - [MESSAGE][PASSED] - Text '0000000000000' is set on object 'Object Repository/RAD_Pages/TaxInfo_Page/input_reTypeNoticeInvoiceNumber'

2024-03-08 00:36:09 - [TEST_STEP][PASSED] - println(notInvNumber): null

2024-03-08 00:36:09 - [TEST_STEP][PASSED] - if (verifyTextPresent(errorMsg, true)): null

2024-03-08 00:36:09 - [MESSAGE][PASSED] - Text 'Notice Number must be 13 digits in length, with a value greater than zero' is present on page  using regular expression

2024-03-08 00:36:09 - [TEST_STEP][PASSED] - println("Error Message is present on the page"): null

2024-03-08 00:36:09 - [TEST_STEP][PASSED] - out.println("Pass Record Number: " + row): null

2024-03-08 00:36:09 - [TEST_STEP][PASSED] - resText = "Pass": null

2024-03-08 00:36:09 - [TEST_STEP][PASSED] - pages.WriteExcel.demoKey(resText, datText, resColumn, datCloumn, fileLoc, nameSheet, row): pages.WriteExcel.demoKey is PASSED

2024-03-08 00:36:09 - [MESSAGE][PASSED] - pages.WriteExcel.demoKey is PASSED

2024-03-08 00:36:09 - [TEST_STEP][PASSED] - ExecuteTC = findTestData(dataFile).getValue("Execute", row): null

2024-03-08 00:36:10 - [TEST_STEP][PASSED] - Taxtype = findTestData(dataFile).getValue("TaxType", row): null

2024-03-08 00:36:10 - [TEST_STEP][PASSED] - TaxTypeEL = findTestData(dataFile).getValue("TaxTypeEL", row): null

2024-03-08 00:36:10 - [TEST_STEP][PASSED] - notInvNumber = findTestData(dataFile).getValue("NotiInvoNumber", row): null

2024-03-08 00:36:10 - [TEST_STEP][PASSED] - errorMsg = findTestData(dataFile).getValue("ErrorMessage", row): null

2024-03-08 00:36:10 - [TEST_STEP][PASSED] - out.println("Value of Execute is : " + ExecuteTC): null

2024-03-08 00:36:10 - [TEST_STEP][PASSED] - if (ExecuteTC.equalsIgnoreCase("Y")): null

2024-03-08 00:36:10 - [TEST_STEP][PASSED] - out.println("Begin Record Number: " + row): null

2024-03-08 00:36:10 - [TEST_STEP][PASSED] - today = new java.util.Date(): null

2024-03-08 00:36:10 - [TEST_STEP][PASSED] - println(today): null

2024-03-08 00:36:10 - [TEST_STEP][PASSED] - datText = today: null

2024-03-08 00:36:10 - [TEST_STEP][PASSED] - Taxtype = findTestData(dataFile).getValue("TaxType", row): null

2024-03-08 00:36:10 - [TEST_STEP][PASSED] - out.println("Taxtype value is : " + Taxtype): null

2024-03-08 00:36:10 - [TEST_STEP][PASSED] - openBrowser(""): Browser is opened with url: ''

2024-03-08 00:36:10 - [MESSAGE][WARNING] - A browser is already opened. Closing browser and opening a new one

2024-03-08 00:36:32 - [MESSAGE][INFO] - Starting 'Chrome' driver

2024-03-08 00:36:32 - [MESSAGE][INFO] - User set preference: ['acceptInsecureCerts', 'true']

2024-03-08 00:36:32 - [MESSAGE][INFO] - Action delay is set to 0 milliseconds

2024-03-08 00:36:34 - [MESSAGE][PASSED] - Browser is opened with url: ''

2024-03-08 00:36:34 - [TEST_STEP][PASSED] - maximizeWindow(): Current window maximized

2024-03-08 00:36:34 - [MESSAGE][PASSED] - Current window maximized

2024-03-08 00:36:34 - [TEST_STEP][PASSED] - navigateToUrl(RADurl): Navigate to 'https://qa2.velocitypayment.com/client/rad/index.html' successfully

2024-03-08 00:36:40 - [MESSAGE][PASSED] - Navigate to 'https://qa2.velocitypayment.com/client/rad/index.html' successfully

2024-03-08 00:36:40 - [TEST_STEP][PASSED] - orPath_Landing = "Object Repository/RAD_Pages/Landing_Page": null

2024-03-08 00:36:40 - [TEST_STEP][PASSED] - orPath_TaxTypeFilingYear = "Object Repository/RAD_Pages/TaxTypeFilingYear_Page": null

2024-03-08 00:36:40 - [TEST_STEP][PASSED] - orPath_TaxPayer = "Object Repository/RAD_Pages/Taxpayer_Page": null

2024-03-08 00:36:40 - [TEST_STEP][PASSED] - orPath_AddressContact = "Object Repository/RAD_Pages/AddressAndContactInfo_Page": null

2024-03-08 00:36:40 - [TEST_STEP][PASSED] - orPath_FilingStatus = "Object Repository/RAD_Pages/FilingStatus_Page": null

2024-03-08 00:36:40 - [TEST_STEP][PASSED] - orPath_Amount = "Object Repository/RAD_Pages/PaymentAmount_Page": null

2024-03-08 00:36:40 - [TEST_STEP][PASSED] - orPath_TaxInfo = "Object Repository/RAD_Pages/TaxInfo_Page": null

2024-03-08 00:36:40 - [TEST_STEP][PASSED] - orPath_Withholding = "Object Repository/RAD_Pages/Withholding_Page": null

2024-03-08 00:36:40 - [TEST_STEP][PASSED] - orPath_Summary = "Object Repository/RAD_Pages/Summary_Page": null

2024-03-08 00:36:40 - [TEST_STEP][PASSED] - orPath_PaymentReady = "Object Repository/RAD_Pages/PaymentReady_Page": null

2024-03-08 00:36:40 - [TEST_STEP][PASSED] - orPath_PaymentEntry = "Object Repository/RAD_Pages/PaymentEntry_Page": null

2024-03-08 00:36:40 - [TEST_STEP][PASSED] - orPath_PaymentConfirmation = "Object Repository/RAD_Pages/PaymentConfirmation_Page": null

2024-03-08 00:36:40 - [TEST_STEP][PASSED] - orPath_ServiceFeesAccept = "Object Repository/RAD_Pages/ServiceFeeAccept_Page": null

2024-03-08 00:36:40 - [TEST_STEP][PASSED] - selectOptionByLabel(findTestObject(orPath_Landing + "/dd_TaxType"), Taxtype, false): All options with label 'Existing Liability w/Notice Number' are selected in object 'Object Repository/RAD_Pages/Landing_Page/dd_TaxType' 

2024-03-08 00:36:41 - [MESSAGE][PASSED] - All options with label 'Existing Liability w/Notice Number' are selected in object 'Object Repository/RAD_Pages/Landing_Page/dd_TaxType' 

2024-03-08 00:36:41 - [TEST_STEP][PASSED] - delay(1): Delayed 1 second(s)

2024-03-08 00:36:42 - [MESSAGE][PASSED] - Delayed 1 second(s)

2024-03-08 00:36:42 - [TEST_STEP][PASSED] - selectOptionByLabel(findTestObject(orPath_TaxTypeFilingYear + "/select_TaxType_ExistingLiability"), TaxTypeEL, false): All options with label 'Motor Fuel Tax' are selected in object 'Object Repository/RAD_Pages/TaxTypeFilingYear_Page/select_TaxType_ExistingLiability' 

2024-03-08 00:36:43 - [MESSAGE][PASSED] - All options with label 'Motor Fuel Tax' are selected in object 'Object Repository/RAD_Pages/TaxTypeFilingYear_Page/select_TaxType_ExistingLiability' 

2024-03-08 00:36:43 - [TEST_STEP][PASSED] - setText(findTestObject(orPath_TaxInfo + "/input_NoticeInvoiceNumber"), notInvNumber): Text '0000000000000' is set on object 'Object Repository/RAD_Pages/TaxInfo_Page/input_NoticeInvoiceNumber'

2024-03-08 00:36:44 - [MESSAGE][PASSED] - Text '0000000000000' is set on object 'Object Repository/RAD_Pages/TaxInfo_Page/input_NoticeInvoiceNumber'

2024-03-08 00:36:44 - [TEST_STEP][PASSED] - setText(findTestObject(orPath_TaxInfo + "/input_reTypeNoticeInvoiceNumber"), notInvNumber): Text '0000000000000' is set on object 'Object Repository/RAD_Pages/TaxInfo_Page/input_reTypeNoticeInvoiceNumber'

2024-03-08 00:36:45 - [MESSAGE][PASSED] - Text '0000000000000' is set on object 'Object Repository/RAD_Pages/TaxInfo_Page/input_reTypeNoticeInvoiceNumber'

2024-03-08 00:36:45 - [TEST_STEP][PASSED] - println(notInvNumber): null

2024-03-08 00:36:45 - [TEST_STEP][PASSED] - if (verifyTextPresent(errorMsg, true)): null

2024-03-08 00:36:45 - [MESSAGE][PASSED] - Text 'Notice Number must be 13 digits in length, with a value greater than zero' is present on page  using regular expression

2024-03-08 00:36:45 - [TEST_STEP][PASSED] - println("Error Message is present on the page"): null

2024-03-08 00:36:45 - [TEST_STEP][PASSED] - out.println("Pass Record Number: " + row): null

2024-03-08 00:36:45 - [TEST_STEP][PASSED] - resText = "Pass": null

2024-03-08 00:36:45 - [TEST_STEP][PASSED] - pages.WriteExcel.demoKey(resText, datText, resColumn, datCloumn, fileLoc, nameSheet, row): pages.WriteExcel.demoKey is PASSED

2024-03-08 00:36:45 - [MESSAGE][PASSED] - pages.WriteExcel.demoKey is PASSED

2024-03-08 00:36:45 - [TEST_STEP][PASSED] - ExecuteTC = findTestData(dataFile).getValue("Execute", row): null

2024-03-08 00:36:45 - [TEST_STEP][PASSED] - Taxtype = findTestData(dataFile).getValue("TaxType", row): null

2024-03-08 00:36:45 - [TEST_STEP][PASSED] - TaxTypeEL = findTestData(dataFile).getValue("TaxTypeEL", row): null

2024-03-08 00:36:45 - [TEST_STEP][PASSED] - notInvNumber = findTestData(dataFile).getValue("NotiInvoNumber", row): null

2024-03-08 00:36:45 - [TEST_STEP][PASSED] - errorMsg = findTestData(dataFile).getValue("ErrorMessage", row): null

2024-03-08 00:36:45 - [TEST_STEP][PASSED] - out.println("Value of Execute is : " + ExecuteTC): null

2024-03-08 00:36:45 - [TEST_STEP][PASSED] - if (ExecuteTC.equalsIgnoreCase("Y")): null

2024-03-08 00:36:45 - [TEST_STEP][PASSED] - out.println("Begin Record Number: " + row): null

2024-03-08 00:36:45 - [TEST_STEP][PASSED] - today = new java.util.Date(): null

2024-03-08 00:36:45 - [TEST_STEP][PASSED] - println(today): null

2024-03-08 00:36:45 - [TEST_STEP][PASSED] - datText = today: null

2024-03-08 00:36:45 - [TEST_STEP][PASSED] - Taxtype = findTestData(dataFile).getValue("TaxType", row): null

2024-03-08 00:36:45 - [TEST_STEP][PASSED] - out.println("Taxtype value is : " + Taxtype): null

2024-03-08 00:36:45 - [TEST_STEP][PASSED] - openBrowser(""): Browser is opened with url: ''

2024-03-08 00:36:45 - [MESSAGE][WARNING] - A browser is already opened. Closing browser and opening a new one

2024-03-08 00:36:57 - [MESSAGE][INFO] - Starting 'Chrome' driver

2024-03-08 00:36:57 - [MESSAGE][INFO] - User set preference: ['acceptInsecureCerts', 'true']

2024-03-08 00:36:57 - [MESSAGE][INFO] - Action delay is set to 0 milliseconds

2024-03-08 00:36:59 - [MESSAGE][PASSED] - Browser is opened with url: ''

2024-03-08 00:36:59 - [TEST_STEP][PASSED] - maximizeWindow(): Current window maximized

2024-03-08 00:36:59 - [MESSAGE][PASSED] - Current window maximized

2024-03-08 00:36:59 - [TEST_STEP][PASSED] - navigateToUrl(RADurl): Navigate to 'https://qa2.velocitypayment.com/client/rad/index.html' successfully

2024-03-08 00:37:06 - [MESSAGE][PASSED] - Navigate to 'https://qa2.velocitypayment.com/client/rad/index.html' successfully

2024-03-08 00:37:06 - [TEST_STEP][PASSED] - orPath_Landing = "Object Repository/RAD_Pages/Landing_Page": null

2024-03-08 00:37:06 - [TEST_STEP][PASSED] - orPath_TaxTypeFilingYear = "Object Repository/RAD_Pages/TaxTypeFilingYear_Page": null

2024-03-08 00:37:06 - [TEST_STEP][PASSED] - orPath_TaxPayer = "Object Repository/RAD_Pages/Taxpayer_Page": null

2024-03-08 00:37:06 - [TEST_STEP][PASSED] - orPath_AddressContact = "Object Repository/RAD_Pages/AddressAndContactInfo_Page": null

2024-03-08 00:37:06 - [TEST_STEP][PASSED] - orPath_FilingStatus = "Object Repository/RAD_Pages/FilingStatus_Page": null

2024-03-08 00:37:06 - [TEST_STEP][PASSED] - orPath_Amount = "Object Repository/RAD_Pages/PaymentAmount_Page": null

2024-03-08 00:37:06 - [TEST_STEP][PASSED] - orPath_TaxInfo = "Object Repository/RAD_Pages/TaxInfo_Page": null

2024-03-08 00:37:06 - [TEST_STEP][PASSED] - orPath_Withholding = "Object Repository/RAD_Pages/Withholding_Page": null

2024-03-08 00:37:06 - [TEST_STEP][PASSED] - orPath_Summary = "Object Repository/RAD_Pages/Summary_Page": null

2024-03-08 00:37:06 - [TEST_STEP][PASSED] - orPath_PaymentReady = "Object Repository/RAD_Pages/PaymentReady_Page": null

2024-03-08 00:37:06 - [TEST_STEP][PASSED] - orPath_PaymentEntry = "Object Repository/RAD_Pages/PaymentEntry_Page": null

2024-03-08 00:37:06 - [TEST_STEP][PASSED] - orPath_PaymentConfirmation = "Object Repository/RAD_Pages/PaymentConfirmation_Page": null

2024-03-08 00:37:06 - [TEST_STEP][PASSED] - orPath_ServiceFeesAccept = "Object Repository/RAD_Pages/ServiceFeeAccept_Page": null

2024-03-08 00:37:06 - [TEST_STEP][PASSED] - selectOptionByLabel(findTestObject(orPath_Landing + "/dd_TaxType"), Taxtype, false): All options with label 'Existing Liability w/Notice Number' are selected in object 'Object Repository/RAD_Pages/Landing_Page/dd_TaxType' 

2024-03-08 00:37:07 - [MESSAGE][PASSED] - All options with label 'Existing Liability w/Notice Number' are selected in object 'Object Repository/RAD_Pages/Landing_Page/dd_TaxType' 

2024-03-08 00:37:07 - [TEST_STEP][PASSED] - delay(1): Delayed 1 second(s)

2024-03-08 00:37:08 - [MESSAGE][PASSED] - Delayed 1 second(s)

2024-03-08 00:37:08 - [TEST_STEP][PASSED] - selectOptionByLabel(findTestObject(orPath_TaxTypeFilingYear + "/select_TaxType_ExistingLiability"), TaxTypeEL, false): All options with label 'Slots License Fee' are selected in object 'Object Repository/RAD_Pages/TaxTypeFilingYear_Page/select_TaxType_ExistingLiability' 

2024-03-08 00:37:09 - [MESSAGE][PASSED] - All options with label 'Slots License Fee' are selected in object 'Object Repository/RAD_Pages/TaxTypeFilingYear_Page/select_TaxType_ExistingLiability' 

2024-03-08 00:37:09 - [TEST_STEP][PASSED] - setText(findTestObject(orPath_TaxInfo + "/input_NoticeInvoiceNumber"), notInvNumber): Text '0000000000000' is set on object 'Object Repository/RAD_Pages/TaxInfo_Page/input_NoticeInvoiceNumber'

2024-03-08 00:37:10 - [MESSAGE][PASSED] - Text '0000000000000' is set on object 'Object Repository/RAD_Pages/TaxInfo_Page/input_NoticeInvoiceNumber'

2024-03-08 00:37:10 - [TEST_STEP][PASSED] - setText(findTestObject(orPath_TaxInfo + "/input_reTypeNoticeInvoiceNumber"), notInvNumber): Text '0000000000000' is set on object 'Object Repository/RAD_Pages/TaxInfo_Page/input_reTypeNoticeInvoiceNumber'

2024-03-08 00:37:11 - [MESSAGE][PASSED] - Text '0000000000000' is set on object 'Object Repository/RAD_Pages/TaxInfo_Page/input_reTypeNoticeInvoiceNumber'

2024-03-08 00:37:11 - [TEST_STEP][PASSED] - println(notInvNumber): null

2024-03-08 00:37:11 - [TEST_STEP][PASSED] - if (verifyTextPresent(errorMsg, true)): null

2024-03-08 00:37:11 - [MESSAGE][PASSED] - Text 'Notice Number must be 13 digits in length, with a value greater than zero' is present on page  using regular expression

2024-03-08 00:37:11 - [TEST_STEP][PASSED] - println("Error Message is present on the page"): null

2024-03-08 00:37:11 - [TEST_STEP][PASSED] - out.println("Pass Record Number: " + row): null

2024-03-08 00:37:11 - [TEST_STEP][PASSED] - resText = "Pass": null

2024-03-08 00:37:11 - [TEST_STEP][PASSED] - pages.WriteExcel.demoKey(resText, datText, resColumn, datCloumn, fileLoc, nameSheet, row): pages.WriteExcel.demoKey is PASSED

2024-03-08 00:37:11 - [MESSAGE][PASSED] - pages.WriteExcel.demoKey is PASSED

2024-03-08 00:37:11 - [TEST_STEP][PASSED] - ExecuteTC = findTestData(dataFile).getValue("Execute", row): null

2024-03-08 00:37:11 - [TEST_STEP][PASSED] - Taxtype = findTestData(dataFile).getValue("TaxType", row): null

2024-03-08 00:37:11 - [TEST_STEP][PASSED] - TaxTypeEL = findTestData(dataFile).getValue("TaxTypeEL", row): null

2024-03-08 00:37:11 - [TEST_STEP][PASSED] - notInvNumber = findTestData(dataFile).getValue("NotiInvoNumber", row): null

2024-03-08 00:37:11 - [TEST_STEP][PASSED] - errorMsg = findTestData(dataFile).getValue("ErrorMessage", row): null

2024-03-08 00:37:11 - [TEST_STEP][PASSED] - out.println("Value of Execute is : " + ExecuteTC): null

2024-03-08 00:37:11 - [TEST_STEP][PASSED] - if (ExecuteTC.equalsIgnoreCase("Y")): null

2024-03-08 00:37:11 - [TEST_STEP][PASSED] - out.println("Begin Record Number: " + row): null

2024-03-08 00:37:11 - [TEST_STEP][PASSED] - today = new java.util.Date(): null

2024-03-08 00:37:11 - [TEST_STEP][PASSED] - println(today): null

2024-03-08 00:37:11 - [TEST_STEP][PASSED] - datText = today: null

2024-03-08 00:37:11 - [TEST_STEP][PASSED] - Taxtype = findTestData(dataFile).getValue("TaxType", row): null

2024-03-08 00:37:11 - [TEST_STEP][PASSED] - out.println("Taxtype value is : " + Taxtype): null

2024-03-08 00:37:11 - [TEST_STEP][PASSED] - openBrowser(""): Browser is opened with url: ''

2024-03-08 00:37:11 - [MESSAGE][WARNING] - A browser is already opened. Closing browser and opening a new one

2024-03-08 00:37:40 - [MESSAGE][INFO] - Starting 'Chrome' driver

2024-03-08 00:37:40 - [MESSAGE][INFO] - User set preference: ['acceptInsecureCerts', 'true']

2024-03-08 00:37:40 - [MESSAGE][INFO] - Action delay is set to 0 milliseconds

2024-03-08 00:37:41 - [MESSAGE][PASSED] - Browser is opened with url: ''

2024-03-08 00:37:41 - [TEST_STEP][PASSED] - maximizeWindow(): Current window maximized

2024-03-08 00:37:41 - [MESSAGE][PASSED] - Current window maximized

2024-03-08 00:37:41 - [TEST_STEP][PASSED] - navigateToUrl(RADurl): Navigate to 'https://qa2.velocitypayment.com/client/rad/index.html' successfully

2024-03-08 00:37:48 - [MESSAGE][PASSED] - Navigate to 'https://qa2.velocitypayment.com/client/rad/index.html' successfully

2024-03-08 00:37:48 - [TEST_STEP][PASSED] - orPath_Landing = "Object Repository/RAD_Pages/Landing_Page": null

2024-03-08 00:37:48 - [TEST_STEP][PASSED] - orPath_TaxTypeFilingYear = "Object Repository/RAD_Pages/TaxTypeFilingYear_Page": null

2024-03-08 00:37:48 - [TEST_STEP][PASSED] - orPath_TaxPayer = "Object Repository/RAD_Pages/Taxpayer_Page": null

2024-03-08 00:37:48 - [TEST_STEP][PASSED] - orPath_AddressContact = "Object Repository/RAD_Pages/AddressAndContactInfo_Page": null

2024-03-08 00:37:48 - [TEST_STEP][PASSED] - orPath_FilingStatus = "Object Repository/RAD_Pages/FilingStatus_Page": null

2024-03-08 00:37:48 - [TEST_STEP][PASSED] - orPath_Amount = "Object Repository/RAD_Pages/PaymentAmount_Page": null

2024-03-08 00:37:48 - [TEST_STEP][PASSED] - orPath_TaxInfo = "Object Repository/RAD_Pages/TaxInfo_Page": null

2024-03-08 00:37:48 - [TEST_STEP][PASSED] - orPath_Withholding = "Object Repository/RAD_Pages/Withholding_Page": null

2024-03-08 00:37:48 - [TEST_STEP][PASSED] - orPath_Summary = "Object Repository/RAD_Pages/Summary_Page": null

2024-03-08 00:37:48 - [TEST_STEP][PASSED] - orPath_PaymentReady = "Object Repository/RAD_Pages/PaymentReady_Page": null

2024-03-08 00:37:48 - [TEST_STEP][PASSED] - orPath_PaymentEntry = "Object Repository/RAD_Pages/PaymentEntry_Page": null

2024-03-08 00:37:48 - [TEST_STEP][PASSED] - orPath_PaymentConfirmation = "Object Repository/RAD_Pages/PaymentConfirmation_Page": null

2024-03-08 00:37:48 - [TEST_STEP][PASSED] - orPath_ServiceFeesAccept = "Object Repository/RAD_Pages/ServiceFeeAccept_Page": null

2024-03-08 00:37:48 - [TEST_STEP][PASSED] - selectOptionByLabel(findTestObject(orPath_Landing + "/dd_TaxType"), Taxtype, false): All options with label 'Existing Liability w/Notice Number' are selected in object 'Object Repository/RAD_Pages/Landing_Page/dd_TaxType' 

2024-03-08 00:37:49 - [MESSAGE][PASSED] - All options with label 'Existing Liability w/Notice Number' are selected in object 'Object Repository/RAD_Pages/Landing_Page/dd_TaxType' 

2024-03-08 00:37:49 - [TEST_STEP][PASSED] - delay(1): Delayed 1 second(s)

2024-03-08 00:37:50 - [MESSAGE][PASSED] - Delayed 1 second(s)

2024-03-08 00:37:50 - [TEST_STEP][PASSED] - selectOptionByLabel(findTestObject(orPath_TaxTypeFilingYear + "/select_TaxType_ExistingLiability"), TaxTypeEL, false): All options with label 'Tobacco Tax' are selected in object 'Object Repository/RAD_Pages/TaxTypeFilingYear_Page/select_TaxType_ExistingLiability' 

2024-03-08 00:37:50 - [MESSAGE][PASSED] - All options with label 'Tobacco Tax' are selected in object 'Object Repository/RAD_Pages/TaxTypeFilingYear_Page/select_TaxType_ExistingLiability' 

2024-03-08 00:37:50 - [TEST_STEP][PASSED] - setText(findTestObject(orPath_TaxInfo + "/input_NoticeInvoiceNumber"), notInvNumber): Text '0000000000000' is set on object 'Object Repository/RAD_Pages/TaxInfo_Page/input_NoticeInvoiceNumber'

2024-03-08 00:37:51 - [MESSAGE][PASSED] - Text '0000000000000' is set on object 'Object Repository/RAD_Pages/TaxInfo_Page/input_NoticeInvoiceNumber'

2024-03-08 00:37:51 - [TEST_STEP][PASSED] - setText(findTestObject(orPath_TaxInfo + "/input_reTypeNoticeInvoiceNumber"), notInvNumber): Text '0000000000000' is set on object 'Object Repository/RAD_Pages/TaxInfo_Page/input_reTypeNoticeInvoiceNumber'

2024-03-08 00:37:52 - [MESSAGE][PASSED] - Text '0000000000000' is set on object 'Object Repository/RAD_Pages/TaxInfo_Page/input_reTypeNoticeInvoiceNumber'

2024-03-08 00:37:52 - [TEST_STEP][PASSED] - println(notInvNumber): null

2024-03-08 00:37:52 - [TEST_STEP][PASSED] - if (verifyTextPresent(errorMsg, true)): null

2024-03-08 00:37:53 - [MESSAGE][PASSED] - Text 'Notice Number must be 13 digits in length, with a value greater than zero' is present on page  using regular expression

2024-03-08 00:37:53 - [TEST_STEP][PASSED] - println("Error Message is present on the page"): null

2024-03-08 00:37:53 - [TEST_STEP][PASSED] - out.println("Pass Record Number: " + row): null

2024-03-08 00:37:53 - [TEST_STEP][PASSED] - resText = "Pass": null

2024-03-08 00:37:53 - [TEST_STEP][PASSED] - pages.WriteExcel.demoKey(resText, datText, resColumn, datCloumn, fileLoc, nameSheet, row): pages.WriteExcel.demoKey is PASSED

2024-03-08 00:37:53 - [MESSAGE][PASSED] - pages.WriteExcel.demoKey is PASSED

2024-03-08 00:37:53 - [TEST_STEP][PASSED] - ExecuteTC = findTestData(dataFile).getValue("Execute", row): null

2024-03-08 00:37:53 - [TEST_STEP][PASSED] - Taxtype = findTestData(dataFile).getValue("TaxType", row): null

2024-03-08 00:37:53 - [TEST_STEP][PASSED] - TaxTypeEL = findTestData(dataFile).getValue("TaxTypeEL", row): null

2024-03-08 00:37:53 - [TEST_STEP][PASSED] - notInvNumber = findTestData(dataFile).getValue("NotiInvoNumber", row): null

2024-03-08 00:37:53 - [TEST_STEP][PASSED] - errorMsg = findTestData(dataFile).getValue("ErrorMessage", row): null

2024-03-08 00:37:53 - [TEST_STEP][PASSED] - out.println("Value of Execute is : " + ExecuteTC): null

2024-03-08 00:37:53 - [TEST_STEP][PASSED] - if (ExecuteTC.equalsIgnoreCase("Y")): null

2024-03-08 00:37:53 - [TEST_STEP][PASSED] - out.println("Begin Record Number: " + row): null

2024-03-08 00:37:53 - [TEST_STEP][PASSED] - today = new java.util.Date(): null

2024-03-08 00:37:53 - [TEST_STEP][PASSED] - println(today): null

2024-03-08 00:37:53 - [TEST_STEP][PASSED] - datText = today: null

2024-03-08 00:37:53 - [TEST_STEP][PASSED] - Taxtype = findTestData(dataFile).getValue("TaxType", row): null

2024-03-08 00:37:53 - [TEST_STEP][PASSED] - out.println("Taxtype value is : " + Taxtype): null

2024-03-08 00:37:53 - [TEST_STEP][PASSED] - openBrowser(""): Browser is opened with url: ''

2024-03-08 00:37:53 - [MESSAGE][WARNING] - A browser is already opened. Closing browser and opening a new one

2024-03-08 00:38:18 - [MESSAGE][INFO] - Starting 'Chrome' driver

2024-03-08 00:38:18 - [MESSAGE][INFO] - User set preference: ['acceptInsecureCerts', 'true']

2024-03-08 00:38:18 - [MESSAGE][INFO] - Action delay is set to 0 milliseconds

2024-03-08 00:38:19 - [MESSAGE][PASSED] - Browser is opened with url: ''

2024-03-08 00:38:19 - [TEST_STEP][PASSED] - maximizeWindow(): Current window maximized

2024-03-08 00:38:19 - [MESSAGE][PASSED] - Current window maximized

2024-03-08 00:38:19 - [TEST_STEP][PASSED] - navigateToUrl(RADurl): Navigate to 'https://qa2.velocitypayment.com/client/rad/index.html' successfully

2024-03-08 00:38:32 - [MESSAGE][PASSED] - Navigate to 'https://qa2.velocitypayment.com/client/rad/index.html' successfully

2024-03-08 00:38:32 - [TEST_STEP][PASSED] - orPath_Landing = "Object Repository/RAD_Pages/Landing_Page": null

2024-03-08 00:38:32 - [TEST_STEP][PASSED] - orPath_TaxTypeFilingYear = "Object Repository/RAD_Pages/TaxTypeFilingYear_Page": null

2024-03-08 00:38:32 - [TEST_STEP][PASSED] - orPath_TaxPayer = "Object Repository/RAD_Pages/Taxpayer_Page": null

2024-03-08 00:38:32 - [TEST_STEP][PASSED] - orPath_AddressContact = "Object Repository/RAD_Pages/AddressAndContactInfo_Page": null

2024-03-08 00:38:32 - [TEST_STEP][PASSED] - orPath_FilingStatus = "Object Repository/RAD_Pages/FilingStatus_Page": null

2024-03-08 00:38:32 - [TEST_STEP][PASSED] - orPath_Amount = "Object Repository/RAD_Pages/PaymentAmount_Page": null

2024-03-08 00:38:32 - [TEST_STEP][PASSED] - orPath_TaxInfo = "Object Repository/RAD_Pages/TaxInfo_Page": null

2024-03-08 00:38:32 - [TEST_STEP][PASSED] - orPath_Withholding = "Object Repository/RAD_Pages/Withholding_Page": null

2024-03-08 00:38:32 - [TEST_STEP][PASSED] - orPath_Summary = "Object Repository/RAD_Pages/Summary_Page": null

2024-03-08 00:38:32 - [TEST_STEP][PASSED] - orPath_PaymentReady = "Object Repository/RAD_Pages/PaymentReady_Page": null

2024-03-08 00:38:32 - [TEST_STEP][PASSED] - orPath_PaymentEntry = "Object Repository/RAD_Pages/PaymentEntry_Page": null

2024-03-08 00:38:32 - [TEST_STEP][PASSED] - orPath_PaymentConfirmation = "Object Repository/RAD_Pages/PaymentConfirmation_Page": null

2024-03-08 00:38:32 - [TEST_STEP][PASSED] - orPath_ServiceFeesAccept = "Object Repository/RAD_Pages/ServiceFeeAccept_Page": null

2024-03-08 00:38:32 - [TEST_STEP][PASSED] - selectOptionByLabel(findTestObject(orPath_Landing + "/dd_TaxType"), Taxtype, false): All options with label 'Existing Liability w/Notice Number' are selected in object 'Object Repository/RAD_Pages/Landing_Page/dd_TaxType' 

2024-03-08 00:38:33 - [MESSAGE][PASSED] - All options with label 'Existing Liability w/Notice Number' are selected in object 'Object Repository/RAD_Pages/Landing_Page/dd_TaxType' 

2024-03-08 00:38:33 - [TEST_STEP][PASSED] - delay(1): Delayed 1 second(s)

2024-03-08 00:38:34 - [MESSAGE][PASSED] - Delayed 1 second(s)

2024-03-08 00:38:34 - [TEST_STEP][PASSED] - selectOptionByLabel(findTestObject(orPath_TaxTypeFilingYear + "/select_TaxType_ExistingLiability"), TaxTypeEL, false): All options with label 'Transportation Network Services' are selected in object 'Object Repository/RAD_Pages/TaxTypeFilingYear_Page/select_TaxType_ExistingLiability' 

2024-03-08 00:38:34 - [MESSAGE][PASSED] - All options with label 'Transportation Network Services' are selected in object 'Object Repository/RAD_Pages/TaxTypeFilingYear_Page/select_TaxType_ExistingLiability' 

2024-03-08 00:38:34 - [TEST_STEP][PASSED] - setText(findTestObject(orPath_TaxInfo + "/input_NoticeInvoiceNumber"), notInvNumber): Text '0000000000000' is set on object 'Object Repository/RAD_Pages/TaxInfo_Page/input_NoticeInvoiceNumber'

2024-03-08 00:38:35 - [MESSAGE][PASSED] - Text '0000000000000' is set on object 'Object Repository/RAD_Pages/TaxInfo_Page/input_NoticeInvoiceNumber'

2024-03-08 00:38:35 - [TEST_STEP][PASSED] - setText(findTestObject(orPath_TaxInfo + "/input_reTypeNoticeInvoiceNumber"), notInvNumber): Text '0000000000000' is set on object 'Object Repository/RAD_Pages/TaxInfo_Page/input_reTypeNoticeInvoiceNumber'

2024-03-08 00:38:36 - [MESSAGE][PASSED] - Text '0000000000000' is set on object 'Object Repository/RAD_Pages/TaxInfo_Page/input_reTypeNoticeInvoiceNumber'

2024-03-08 00:38:36 - [TEST_STEP][PASSED] - println(notInvNumber): null

2024-03-08 00:38:36 - [TEST_STEP][PASSED] - if (verifyTextPresent(errorMsg, true)): null

2024-03-08 00:38:37 - [MESSAGE][PASSED] - Text 'Notice Number must be 13 digits in length, with a value greater than zero' is present on page  using regular expression

2024-03-08 00:38:37 - [TEST_STEP][PASSED] - println("Error Message is present on the page"): null

2024-03-08 00:38:37 - [TEST_STEP][PASSED] - out.println("Pass Record Number: " + row): null

2024-03-08 00:38:37 - [TEST_STEP][PASSED] - resText = "Pass": null

2024-03-08 00:38:37 - [TEST_STEP][PASSED] - pages.WriteExcel.demoKey(resText, datText, resColumn, datCloumn, fileLoc, nameSheet, row): pages.WriteExcel.demoKey is PASSED

2024-03-08 00:38:37 - [MESSAGE][PASSED] - pages.WriteExcel.demoKey is PASSED

2024-03-08 00:38:37 - [TEST_STEP][PASSED] - ExecuteTC = findTestData(dataFile).getValue("Execute", row): null

2024-03-08 00:38:37 - [TEST_STEP][PASSED] - Taxtype = findTestData(dataFile).getValue("TaxType", row): null

2024-03-08 00:38:37 - [TEST_STEP][PASSED] - TaxTypeEL = findTestData(dataFile).getValue("TaxTypeEL", row): null

2024-03-08 00:38:37 - [TEST_STEP][PASSED] - notInvNumber = findTestData(dataFile).getValue("NotiInvoNumber", row): null

2024-03-08 00:38:37 - [TEST_STEP][PASSED] - errorMsg = findTestData(dataFile).getValue("ErrorMessage", row): null

2024-03-08 00:38:37 - [TEST_STEP][PASSED] - out.println("Value of Execute is : " + ExecuteTC): null

2024-03-08 00:38:37 - [TEST_STEP][PASSED] - if (ExecuteTC.equalsIgnoreCase("Y")): null

2024-03-08 00:38:37 - [TEST_STEP][PASSED] - out.println("Begin Record Number: " + row): null

2024-03-08 00:38:37 - [TEST_STEP][PASSED] - today = new java.util.Date(): null

2024-03-08 00:38:37 - [TEST_STEP][PASSED] - println(today): null

2024-03-08 00:38:37 - [TEST_STEP][PASSED] - datText = today: null

2024-03-08 00:38:37 - [TEST_STEP][PASSED] - Taxtype = findTestData(dataFile).getValue("TaxType", row): null

2024-03-08 00:38:37 - [TEST_STEP][PASSED] - out.println("Taxtype value is : " + Taxtype): null

2024-03-08 00:38:37 - [TEST_STEP][PASSED] - openBrowser(""): Browser is opened with url: ''

2024-03-08 00:38:37 - [MESSAGE][WARNING] - A browser is already opened. Closing browser and opening a new one

2024-03-08 00:38:39 - [MESSAGE][INFO] - Starting 'Chrome' driver

2024-03-08 00:38:39 - [MESSAGE][INFO] - User set preference: ['acceptInsecureCerts', 'true']

2024-03-08 00:38:39 - [MESSAGE][INFO] - Action delay is set to 0 milliseconds

2024-03-08 00:38:41 - [MESSAGE][PASSED] - Browser is opened with url: ''

2024-03-08 00:38:41 - [TEST_STEP][PASSED] - maximizeWindow(): Current window maximized

2024-03-08 00:38:41 - [MESSAGE][PASSED] - Current window maximized

2024-03-08 00:38:41 - [TEST_STEP][PASSED] - navigateToUrl(RADurl): Navigate to 'https://qa2.velocitypayment.com/client/rad/index.html' successfully

2024-03-08 00:38:49 - [MESSAGE][PASSED] - Navigate to 'https://qa2.velocitypayment.com/client/rad/index.html' successfully

2024-03-08 00:38:49 - [TEST_STEP][PASSED] - orPath_Landing = "Object Repository/RAD_Pages/Landing_Page": null

2024-03-08 00:38:49 - [TEST_STEP][PASSED] - orPath_TaxTypeFilingYear = "Object Repository/RAD_Pages/TaxTypeFilingYear_Page": null

2024-03-08 00:38:49 - [TEST_STEP][PASSED] - orPath_TaxPayer = "Object Repository/RAD_Pages/Taxpayer_Page": null

2024-03-08 00:38:49 - [TEST_STEP][PASSED] - orPath_AddressContact = "Object Repository/RAD_Pages/AddressAndContactInfo_Page": null

2024-03-08 00:38:49 - [TEST_STEP][PASSED] - orPath_FilingStatus = "Object Repository/RAD_Pages/FilingStatus_Page": null

2024-03-08 00:38:49 - [TEST_STEP][PASSED] - orPath_Amount = "Object Repository/RAD_Pages/PaymentAmount_Page": null

2024-03-08 00:38:49 - [TEST_STEP][PASSED] - orPath_TaxInfo = "Object Repository/RAD_Pages/TaxInfo_Page": null

2024-03-08 00:38:49 - [TEST_STEP][PASSED] - orPath_Withholding = "Object Repository/RAD_Pages/Withholding_Page": null

2024-03-08 00:38:49 - [TEST_STEP][PASSED] - orPath_Summary = "Object Repository/RAD_Pages/Summary_Page": null

2024-03-08 00:38:49 - [TEST_STEP][PASSED] - orPath_PaymentReady = "Object Repository/RAD_Pages/PaymentReady_Page": null

2024-03-08 00:38:49 - [TEST_STEP][PASSED] - orPath_PaymentEntry = "Object Repository/RAD_Pages/PaymentEntry_Page": null

2024-03-08 00:38:49 - [TEST_STEP][PASSED] - orPath_PaymentConfirmation = "Object Repository/RAD_Pages/PaymentConfirmation_Page": null

2024-03-08 00:38:49 - [TEST_STEP][PASSED] - orPath_ServiceFeesAccept = "Object Repository/RAD_Pages/ServiceFeeAccept_Page": null

2024-03-08 00:38:49 - [TEST_STEP][PASSED] - selectOptionByLabel(findTestObject(orPath_Landing + "/dd_TaxType"), Taxtype, false): All options with label 'Existing Liability w/Notice Number' are selected in object 'Object Repository/RAD_Pages/Landing_Page/dd_TaxType' 

2024-03-08 00:38:50 - [MESSAGE][PASSED] - All options with label 'Existing Liability w/Notice Number' are selected in object 'Object Repository/RAD_Pages/Landing_Page/dd_TaxType' 

2024-03-08 00:38:50 - [TEST_STEP][PASSED] - delay(1): Delayed 1 second(s)

2024-03-08 00:38:51 - [MESSAGE][PASSED] - Delayed 1 second(s)

2024-03-08 00:38:51 - [TEST_STEP][PASSED] - selectOptionByLabel(findTestObject(orPath_TaxTypeFilingYear + "/select_TaxType_ExistingLiability"), TaxTypeEL, false): All options with label 'Unclaimed Property' are selected in object 'Object Repository/RAD_Pages/TaxTypeFilingYear_Page/select_TaxType_ExistingLiability' 

2024-03-08 00:38:52 - [MESSAGE][PASSED] - All options with label 'Unclaimed Property' are selected in object 'Object Repository/RAD_Pages/TaxTypeFilingYear_Page/select_TaxType_ExistingLiability' 

2024-03-08 00:38:52 - [TEST_STEP][PASSED] - setText(findTestObject(orPath_TaxInfo + "/input_NoticeInvoiceNumber"), notInvNumber): Text '0000000000000' is set on object 'Object Repository/RAD_Pages/TaxInfo_Page/input_NoticeInvoiceNumber'

2024-03-08 00:38:53 - [MESSAGE][PASSED] - Text '0000000000000' is set on object 'Object Repository/RAD_Pages/TaxInfo_Page/input_NoticeInvoiceNumber'

2024-03-08 00:38:53 - [TEST_STEP][PASSED] - setText(findTestObject(orPath_TaxInfo + "/input_reTypeNoticeInvoiceNumber"), notInvNumber): Text '0000000000000' is set on object 'Object Repository/RAD_Pages/TaxInfo_Page/input_reTypeNoticeInvoiceNumber'

2024-03-08 00:38:53 - [MESSAGE][PASSED] - Text '0000000000000' is set on object 'Object Repository/RAD_Pages/TaxInfo_Page/input_reTypeNoticeInvoiceNumber'

2024-03-08 00:38:53 - [TEST_STEP][PASSED] - println(notInvNumber): null

2024-03-08 00:38:53 - [TEST_STEP][PASSED] - if (verifyTextPresent(errorMsg, true)): null

2024-03-08 00:38:54 - [MESSAGE][PASSED] - Text 'Notice Number must be 13 digits in length, with a value greater than zero' is present on page  using regular expression

2024-03-08 00:38:54 - [TEST_STEP][PASSED] - println("Error Message is present on the page"): null

2024-03-08 00:38:54 - [TEST_STEP][PASSED] - out.println("Pass Record Number: " + row): null

2024-03-08 00:38:54 - [TEST_STEP][PASSED] - resText = "Pass": null

2024-03-08 00:38:54 - [TEST_STEP][PASSED] - pages.WriteExcel.demoKey(resText, datText, resColumn, datCloumn, fileLoc, nameSheet, row): pages.WriteExcel.demoKey is PASSED

2024-03-08 00:38:54 - [MESSAGE][PASSED] - pages.WriteExcel.demoKey is PASSED

2024-03-08 00:38:54 - [TEST_STEP][PASSED] - ExecuteTC = findTestData(dataFile).getValue("Execute", row): null

2024-03-08 00:38:54 - [TEST_STEP][PASSED] - Taxtype = findTestData(dataFile).getValue("TaxType", row): null

2024-03-08 00:38:54 - [TEST_STEP][PASSED] - TaxTypeEL = findTestData(dataFile).getValue("TaxTypeEL", row): null

2024-03-08 00:38:54 - [TEST_STEP][PASSED] - notInvNumber = findTestData(dataFile).getValue("NotiInvoNumber", row): null

2024-03-08 00:38:54 - [TEST_STEP][PASSED] - errorMsg = findTestData(dataFile).getValue("ErrorMessage", row): null

2024-03-08 00:38:54 - [TEST_STEP][PASSED] - out.println("Value of Execute is : " + ExecuteTC): null

2024-03-08 00:38:54 - [TEST_STEP][PASSED] - if (ExecuteTC.equalsIgnoreCase("Y")): null

2024-03-08 00:38:54 - [TEST_STEP][PASSED] - out.println("Begin Record Number: " + row): null

2024-03-08 00:38:54 - [TEST_STEP][PASSED] - today = new java.util.Date(): null

2024-03-08 00:38:54 - [TEST_STEP][PASSED] - println(today): null

2024-03-08 00:38:54 - [TEST_STEP][PASSED] - datText = today: null

2024-03-08 00:38:54 - [TEST_STEP][PASSED] - Taxtype = findTestData(dataFile).getValue("TaxType", row): null

2024-03-08 00:38:54 - [TEST_STEP][PASSED] - out.println("Taxtype value is : " + Taxtype): null

2024-03-08 00:38:54 - [TEST_STEP][PASSED] - openBrowser(""): Browser is opened with url: ''

2024-03-08 00:38:54 - [MESSAGE][WARNING] - A browser is already opened. Closing browser and opening a new one

2024-03-08 00:39:14 - [MESSAGE][INFO] - Starting 'Chrome' driver

2024-03-08 00:39:14 - [MESSAGE][INFO] - User set preference: ['acceptInsecureCerts', 'true']

2024-03-08 00:39:14 - [MESSAGE][INFO] - Action delay is set to 0 milliseconds

2024-03-08 00:39:15 - [MESSAGE][PASSED] - Browser is opened with url: ''

2024-03-08 00:39:15 - [TEST_STEP][PASSED] - maximizeWindow(): Current window maximized

2024-03-08 00:39:15 - [MESSAGE][PASSED] - Current window maximized

2024-03-08 00:39:15 - [TEST_STEP][PASSED] - navigateToUrl(RADurl): Navigate to 'https://qa2.velocitypayment.com/client/rad/index.html' successfully

2024-03-08 00:39:22 - [MESSAGE][PASSED] - Navigate to 'https://qa2.velocitypayment.com/client/rad/index.html' successfully

2024-03-08 00:39:22 - [TEST_STEP][PASSED] - orPath_Landing = "Object Repository/RAD_Pages/Landing_Page": null

2024-03-08 00:39:22 - [TEST_STEP][PASSED] - orPath_TaxTypeFilingYear = "Object Repository/RAD_Pages/TaxTypeFilingYear_Page": null

2024-03-08 00:39:22 - [TEST_STEP][PASSED] - orPath_TaxPayer = "Object Repository/RAD_Pages/Taxpayer_Page": null

2024-03-08 00:39:22 - [TEST_STEP][PASSED] - orPath_AddressContact = "Object Repository/RAD_Pages/AddressAndContactInfo_Page": null

2024-03-08 00:39:22 - [TEST_STEP][PASSED] - orPath_FilingStatus = "Object Repository/RAD_Pages/FilingStatus_Page": null

2024-03-08 00:39:22 - [TEST_STEP][PASSED] - orPath_Amount = "Object Repository/RAD_Pages/PaymentAmount_Page": null

2024-03-08 00:39:22 - [TEST_STEP][PASSED] - orPath_TaxInfo = "Object Repository/RAD_Pages/TaxInfo_Page": null

2024-03-08 00:39:22 - [TEST_STEP][PASSED] - orPath_Withholding = "Object Repository/RAD_Pages/Withholding_Page": null

2024-03-08 00:39:22 - [TEST_STEP][PASSED] - orPath_Summary = "Object Repository/RAD_Pages/Summary_Page": null

2024-03-08 00:39:22 - [TEST_STEP][PASSED] - orPath_PaymentReady = "Object Repository/RAD_Pages/PaymentReady_Page": null

2024-03-08 00:39:22 - [TEST_STEP][PASSED] - orPath_PaymentEntry = "Object Repository/RAD_Pages/PaymentEntry_Page": null

2024-03-08 00:39:22 - [TEST_STEP][PASSED] - orPath_PaymentConfirmation = "Object Repository/RAD_Pages/PaymentConfirmation_Page": null

2024-03-08 00:39:22 - [TEST_STEP][PASSED] - orPath_ServiceFeesAccept = "Object Repository/RAD_Pages/ServiceFeeAccept_Page": null

2024-03-08 00:39:22 - [TEST_STEP][PASSED] - selectOptionByLabel(findTestObject(orPath_Landing + "/dd_TaxType"), Taxtype, false): All options with label 'Existing Liability w/Notice Number' are selected in object 'Object Repository/RAD_Pages/Landing_Page/dd_TaxType' 

2024-03-08 00:39:23 - [MESSAGE][PASSED] - All options with label 'Existing Liability w/Notice Number' are selected in object 'Object Repository/RAD_Pages/Landing_Page/dd_TaxType' 

2024-03-08 00:39:23 - [TEST_STEP][PASSED] - delay(1): Delayed 1 second(s)

2024-03-08 00:39:24 - [MESSAGE][PASSED] - Delayed 1 second(s)

2024-03-08 00:39:24 - [TEST_STEP][PASSED] - selectOptionByLabel(findTestObject(orPath_TaxTypeFilingYear + "/select_TaxType_ExistingLiability"), TaxTypeEL, false): All options with label 'IFTA Tax' are selected in object 'Object Repository/RAD_Pages/TaxTypeFilingYear_Page/select_TaxType_ExistingLiability' 

2024-03-08 00:39:24 - [MESSAGE][PASSED] - All options with label 'IFTA Tax' are selected in object 'Object Repository/RAD_Pages/TaxTypeFilingYear_Page/select_TaxType_ExistingLiability' 

2024-03-08 00:39:24 - [TEST_STEP][PASSED] - setText(findTestObject(orPath_TaxInfo + "/input_NoticeInvoiceNumber"), notInvNumber): Text '0000000000000' is set on object 'Object Repository/RAD_Pages/TaxInfo_Page/input_NoticeInvoiceNumber'

2024-03-08 00:39:25 - [MESSAGE][PASSED] - Text '0000000000000' is set on object 'Object Repository/RAD_Pages/TaxInfo_Page/input_NoticeInvoiceNumber'

2024-03-08 00:39:25 - [TEST_STEP][PASSED] - setText(findTestObject(orPath_TaxInfo + "/input_reTypeNoticeInvoiceNumber"), notInvNumber): Text '0000000000000' is set on object 'Object Repository/RAD_Pages/TaxInfo_Page/input_reTypeNoticeInvoiceNumber'

2024-03-08 00:39:26 - [MESSAGE][PASSED] - Text '0000000000000' is set on object 'Object Repository/RAD_Pages/TaxInfo_Page/input_reTypeNoticeInvoiceNumber'

2024-03-08 00:39:26 - [TEST_STEP][PASSED] - println(notInvNumber): null

2024-03-08 00:39:26 - [TEST_STEP][PASSED] - if (verifyTextPresent(errorMsg, true)): null

2024-03-08 00:39:27 - [MESSAGE][PASSED] - Text 'Notice Number must be 13 digits in length, with a value greater than zero' is present on page  using regular expression

2024-03-08 00:39:27 - [TEST_STEP][PASSED] - println("Error Message is present on the page"): null

2024-03-08 00:39:27 - [TEST_STEP][PASSED] - out.println("Pass Record Number: " + row): null

2024-03-08 00:39:27 - [TEST_STEP][PASSED] - resText = "Pass": null

2024-03-08 00:39:27 - [TEST_STEP][PASSED] - pages.WriteExcel.demoKey(resText, datText, resColumn, datCloumn, fileLoc, nameSheet, row): pages.WriteExcel.demoKey is PASSED

2024-03-08 00:39:27 - [MESSAGE][PASSED] - pages.WriteExcel.demoKey is PASSED]]></system-out>
         <system-err><![CDATA[]]></system-err>
      </testcase>
      <testcase name="Test Cases/RAD_TestCases/Negative_TestCases/EMailNoMatch" time="1773.398" classname="Test Cases/RAD_TestCases/Negative_TestCases/EMailNoMatch" status="PASSED">
         <system-out><![CDATA[2024-03-08 00:39:27 - [TEST_CASE][PASSED] - Test Cases/RAD_TestCases/Negative_TestCases/EMailNoMatch: Test Cases/RAD_TestCases/Negative_TestCases/EMailNoMatch

2024-03-08 00:39:27 - [TEST_STEP][PASSED] - resText = "Fail": null

2024-03-08 00:39:27 - [TEST_STEP][PASSED] - resColumn = "Result": null

2024-03-08 00:39:27 - [TEST_STEP][PASSED] - datCloumn = "Date": null

2024-03-08 00:39:27 - [TEST_STEP][PASSED] - fileLoc = "KatalonData/RADTestData/EmailNoMatch.xlsx": null

2024-03-08 00:39:27 - [TEST_STEP][PASSED] - nameSheet = "Sheet1": null

2024-03-08 00:39:27 - [TEST_STEP][PASSED] - dataFile = "RADTestData/EmailNoMatch": null

2024-03-08 00:39:27 - [TEST_STEP][PASSED] - ExecuteTC = <not implemented yet for class: org.codehaus.groovy.ast.expr.EmptyExpression>: null

2024-03-08 00:39:27 - [TEST_STEP][PASSED] - Taxtype = <not implemented yet for class: org.codehaus.groovy.ast.expr.EmptyExpression>: null

2024-03-08 00:39:27 - [TEST_STEP][PASSED] - numOfRows = findTestData(dataFile).getRowNumbers(): null

2024-03-08 00:39:27 - [TEST_STEP][PASSED] - println("Number of Records: " + numOfRows): null

2024-03-08 00:39:27 - [TEST_STEP][PASSED] - for ([row = 1, row <= numOfRows, (row++)]): null

2024-03-08 00:39:27 - [TEST_STEP][PASSED] - ExecuteTC = findTestData(dataFile).getValue("Execute", row): null

2024-03-08 00:39:27 - [TEST_STEP][PASSED] - Taxtype = findTestData(dataFile).getValue("TaxType", row): null

2024-03-08 00:39:27 - [TEST_STEP][PASSED] - Paymenttype = findTestData(dataFile).getValue("PaymentType", row): null

2024-03-08 00:39:27 - [TEST_STEP][PASSED] - out.println("Value of Execute is : " + ExecuteTC): null

2024-03-08 00:39:27 - [TEST_STEP][PASSED] - if (ExecuteTC.equalsIgnoreCase("Y")): null

2024-03-08 00:39:27 - [TEST_STEP][PASSED] - out.println("Begin Record Number: " + row): null

2024-03-08 00:39:27 - [TEST_STEP][PASSED] - today = new java.util.Date(): null

2024-03-08 00:39:27 - [TEST_STEP][PASSED] - println(today): null

2024-03-08 00:39:27 - [TEST_STEP][PASSED] - datText = today: null

2024-03-08 00:39:27 - [TEST_STEP][PASSED] - Taxtype = findTestData(dataFile).getValue("TaxType", row): null

2024-03-08 00:39:28 - [TEST_STEP][PASSED] - out.println("Taxtype value is : " + Taxtype): null

2024-03-08 00:39:28 - [TEST_STEP][PASSED] - openBrowser(""): Browser is opened with url: ''

2024-03-08 00:39:28 - [MESSAGE][WARNING] - A browser is already opened. Closing browser and opening a new one

2024-03-08 00:39:54 - [MESSAGE][INFO] - Starting 'Chrome' driver

2024-03-08 00:39:54 - [MESSAGE][INFO] - User set preference: ['acceptInsecureCerts', 'true']

2024-03-08 00:39:54 - [MESSAGE][INFO] - Action delay is set to 0 milliseconds

2024-03-08 00:39:55 - [MESSAGE][PASSED] - Browser is opened with url: ''

2024-03-08 00:39:55 - [TEST_STEP][PASSED] - maximizeWindow(): Current window maximized

2024-03-08 00:39:56 - [MESSAGE][PASSED] - Current window maximized

2024-03-08 00:39:56 - [TEST_STEP][PASSED] - navigateToUrl(RADurl): Navigate to 'https://qa2.velocitypayment.com/client/rad/index.html' successfully

2024-03-08 00:39:57 - [MESSAGE][PASSED] - Navigate to 'https://qa2.velocitypayment.com/client/rad/index.html' successfully

2024-03-08 00:39:57 - [TEST_STEP][PASSED] - orPath_Landing = "Object Repository/RAD_Pages/Landing_Page": null

2024-03-08 00:39:57 - [TEST_STEP][PASSED] - orPath_TaxTypeFilingYear = "Object Repository/RAD_Pages/TaxTypeFilingYear_Page": null

2024-03-08 00:39:57 - [TEST_STEP][PASSED] - orPath_TaxPayer = "Object Repository/RAD_Pages/Taxpayer_Page": null

2024-03-08 00:39:57 - [TEST_STEP][PASSED] - orPath_AddressContact = "Object Repository/RAD_Pages/AddressAndContactInfo_Page": null

2024-03-08 00:39:57 - [TEST_STEP][PASSED] - orPath_FilingStatus = "Object Repository/RAD_Pages/FilingStatus_Page": null

2024-03-08 00:39:57 - [TEST_STEP][PASSED] - orPath_Amount = "Object Repository/RAD_Pages/PaymentAmount_Page": null

2024-03-08 00:39:57 - [TEST_STEP][PASSED] - selectOptionByLabel(findTestObject(orPath_Landing + "/dd_TaxType"), Paymenttype, false): All options with label 'Existing Liability w/Notice Number' are selected in object 'Object Repository/RAD_Pages/Landing_Page/dd_TaxType' 

2024-03-08 00:39:58 - [MESSAGE][PASSED] - All options with label 'Existing Liability w/Notice Number' are selected in object 'Object Repository/RAD_Pages/Landing_Page/dd_TaxType' 

2024-03-08 00:39:58 - [TEST_STEP][PASSED] - delay(1): Delayed 1 second(s)

2024-03-08 00:39:59 - [MESSAGE][PASSED] - Delayed 1 second(s)

2024-03-08 00:39:59 - [TEST_STEP][PASSED] - switch (Paymenttype): null

2024-03-08 00:39:59 - [TEST_STEP][PASSED] - case "Existing Liability w/Notice Number":: null

2024-03-08 00:39:59 - [TEST_STEP][PASSED] - selectOptionByLabel(findTestObject(orPath_TaxTypeFilingYear + "/select_TaxType_ExistingLiability"), Taxtype, false): All options with label 'Bay Restoration Fee' are selected in object 'Object Repository/RAD_Pages/TaxTypeFilingYear_Page/select_TaxType_ExistingLiability' 

2024-03-08 00:40:00 - [MESSAGE][PASSED] - All options with label 'Bay Restoration Fee' are selected in object 'Object Repository/RAD_Pages/TaxTypeFilingYear_Page/select_TaxType_ExistingLiability' 

2024-03-08 00:40:00 - [TEST_STEP][PASSED] - break: null

2024-03-08 00:40:00 - [TEST_STEP][PASSED] - delay(1): Delayed 1 second(s)

2024-03-08 00:40:01 - [MESSAGE][PASSED] - Delayed 1 second(s)

2024-03-08 00:40:01 - [TEST_STEP][PASSED] - scrollToElement(findTestObject(orPath_Amount + "/input__paymentAmount"), 3): Scroll to object 'Object Repository/RAD_Pages/PaymentAmount_Page/input__paymentAmount' successfully

2024-03-08 00:40:01 - [MESSAGE][PASSED] - Scroll to object 'Object Repository/RAD_Pages/PaymentAmount_Page/input__paymentAmount' successfully

2024-03-08 00:40:01 - [TEST_STEP][PASSED] - setText(findTestObject(orPath_AddressContact + "/input_eMailAddress"), "imtiazster@gmail.com"): Text 'imtiazster@gmail.com' is set on object 'Object Repository/RAD_Pages/AddressAndContactInfo_Page/input_eMailAddress'

2024-03-08 00:40:02 - [MESSAGE][PASSED] - Text 'imtiazster@gmail.com' is set on object 'Object Repository/RAD_Pages/AddressAndContactInfo_Page/input_eMailAddress'

2024-03-08 00:40:02 - [TEST_STEP][PASSED] - setText(findTestObject(orPath_AddressContact + "/input_reEnterEMailAddress"), "iahmed@govolution.com"): Text 'iahmed@govolution.com' is set on object 'Object Repository/RAD_Pages/AddressAndContactInfo_Page/input_reEnterEMailAddress'

2024-03-08 00:40:03 - [MESSAGE][PASSED] - Text 'iahmed@govolution.com' is set on object 'Object Repository/RAD_Pages/AddressAndContactInfo_Page/input_reEnterEMailAddress'

2024-03-08 00:40:03 - [TEST_STEP][PASSED] - delay(2): Delayed 2 second(s)

2024-03-08 00:40:05 - [MESSAGE][PASSED] - Delayed 2 second(s)

2024-03-08 00:40:05 - [TEST_STEP][PASSED] - if (verifyTextPresent("The Email and Re-enter email do not match", true)): null

2024-03-08 00:40:05 - [MESSAGE][PASSED] - Text 'The Email and Re-enter email do not match' is present on page  using regular expression

2024-03-08 00:40:05 - [TEST_STEP][PASSED] - println("Emails Dont match text is present"): null

2024-03-08 00:40:05 - [TEST_STEP][PASSED] - out.println("Pass Record Number: " + row): null

2024-03-08 00:40:05 - [TEST_STEP][PASSED] - resText = "Pass": null

2024-03-08 00:40:05 - [TEST_STEP][PASSED] - pages.WriteExcel.demoKey(resText, datText, resColumn, datCloumn, fileLoc, nameSheet, row): pages.WriteExcel.demoKey is PASSED

2024-03-08 00:40:05 - [MESSAGE][PASSED] - pages.WriteExcel.demoKey is PASSED

2024-03-08 00:40:05 - [TEST_STEP][PASSED] - ExecuteTC = findTestData(dataFile).getValue("Execute", row): null

2024-03-08 00:40:05 - [TEST_STEP][PASSED] - Taxtype = findTestData(dataFile).getValue("TaxType", row): null

2024-03-08 00:40:05 - [TEST_STEP][PASSED] - Paymenttype = findTestData(dataFile).getValue("PaymentType", row): null

2024-03-08 00:40:05 - [TEST_STEP][PASSED] - out.println("Value of Execute is : " + ExecuteTC): null

2024-03-08 00:40:05 - [TEST_STEP][PASSED] - if (ExecuteTC.equalsIgnoreCase("Y")): null

2024-03-08 00:40:05 - [TEST_STEP][PASSED] - out.println("Begin Record Number: " + row): null

2024-03-08 00:40:05 - [TEST_STEP][PASSED] - today = new java.util.Date(): null

2024-03-08 00:40:05 - [TEST_STEP][PASSED] - println(today): null

2024-03-08 00:40:05 - [TEST_STEP][PASSED] - datText = today: null

2024-03-08 00:40:05 - [TEST_STEP][PASSED] - Taxtype = findTestData(dataFile).getValue("TaxType", row): null

2024-03-08 00:40:05 - [TEST_STEP][PASSED] - out.println("Taxtype value is : " + Taxtype): null

2024-03-08 00:40:05 - [TEST_STEP][PASSED] - openBrowser(""): Browser is opened with url: ''

2024-03-08 00:40:05 - [MESSAGE][WARNING] - A browser is already opened. Closing browser and opening a new one

2024-03-08 00:40:18 - [MESSAGE][INFO] - Starting 'Chrome' driver

2024-03-08 00:40:18 - [MESSAGE][INFO] - User set preference: ['acceptInsecureCerts', 'true']

2024-03-08 00:40:18 - [MESSAGE][INFO] - Action delay is set to 0 milliseconds

2024-03-08 00:40:19 - [MESSAGE][PASSED] - Browser is opened with url: ''

2024-03-08 00:40:19 - [TEST_STEP][PASSED] - maximizeWindow(): Current window maximized

2024-03-08 00:40:19 - [MESSAGE][PASSED] - Current window maximized

2024-03-08 00:40:19 - [TEST_STEP][PASSED] - navigateToUrl(RADurl): Navigate to 'https://qa2.velocitypayment.com/client/rad/index.html' successfully

2024-03-08 00:40:21 - [MESSAGE][PASSED] - Navigate to 'https://qa2.velocitypayment.com/client/rad/index.html' successfully

2024-03-08 00:40:21 - [TEST_STEP][PASSED] - orPath_Landing = "Object Repository/RAD_Pages/Landing_Page": null

2024-03-08 00:40:21 - [TEST_STEP][PASSED] - orPath_TaxTypeFilingYear = "Object Repository/RAD_Pages/TaxTypeFilingYear_Page": null

2024-03-08 00:40:21 - [TEST_STEP][PASSED] - orPath_TaxPayer = "Object Repository/RAD_Pages/Taxpayer_Page": null

2024-03-08 00:40:21 - [TEST_STEP][PASSED] - orPath_AddressContact = "Object Repository/RAD_Pages/AddressAndContactInfo_Page": null

2024-03-08 00:40:21 - [TEST_STEP][PASSED] - orPath_FilingStatus = "Object Repository/RAD_Pages/FilingStatus_Page": null

2024-03-08 00:40:21 - [TEST_STEP][PASSED] - orPath_Amount = "Object Repository/RAD_Pages/PaymentAmount_Page": null

2024-03-08 00:40:21 - [TEST_STEP][PASSED] - selectOptionByLabel(findTestObject(orPath_Landing + "/dd_TaxType"), Paymenttype, false): All options with label 'Existing Liability w/Notice Number' are selected in object 'Object Repository/RAD_Pages/Landing_Page/dd_TaxType' 

2024-03-08 00:40:22 - [MESSAGE][PASSED] - All options with label 'Existing Liability w/Notice Number' are selected in object 'Object Repository/RAD_Pages/Landing_Page/dd_TaxType' 

2024-03-08 00:40:22 - [TEST_STEP][PASSED] - delay(1): Delayed 1 second(s)

2024-03-08 00:40:23 - [MESSAGE][PASSED] - Delayed 1 second(s)

2024-03-08 00:40:23 - [TEST_STEP][PASSED] - switch (Paymenttype): null

2024-03-08 00:40:23 - [TEST_STEP][PASSED] - case "Existing Liability w/Notice Number":: null

2024-03-08 00:40:23 - [TEST_STEP][PASSED] - selectOptionByLabel(findTestObject(orPath_TaxTypeFilingYear + "/select_TaxType_ExistingLiability"), Taxtype, false): All options with label 'Corporate Income Tax' are selected in object 'Object Repository/RAD_Pages/TaxTypeFilingYear_Page/select_TaxType_ExistingLiability' 

2024-03-08 00:40:23 - [MESSAGE][PASSED] - All options with label 'Corporate Income Tax' are selected in object 'Object Repository/RAD_Pages/TaxTypeFilingYear_Page/select_TaxType_ExistingLiability' 

2024-03-08 00:40:23 - [TEST_STEP][PASSED] - break: null

2024-03-08 00:40:23 - [TEST_STEP][PASSED] - delay(1): Delayed 1 second(s)

2024-03-08 00:40:24 - [MESSAGE][PASSED] - Delayed 1 second(s)

2024-03-08 00:40:24 - [TEST_STEP][PASSED] - scrollToElement(findTestObject(orPath_Amount + "/input__paymentAmount"), 3): Scroll to object 'Object Repository/RAD_Pages/PaymentAmount_Page/input__paymentAmount' successfully

2024-03-08 00:40:25 - [MESSAGE][PASSED] - Scroll to object 'Object Repository/RAD_Pages/PaymentAmount_Page/input__paymentAmount' successfully

2024-03-08 00:40:25 - [TEST_STEP][PASSED] - setText(findTestObject(orPath_AddressContact + "/input_eMailAddress"), "imtiazster@gmail.com"): Text 'imtiazster@gmail.com' is set on object 'Object Repository/RAD_Pages/AddressAndContactInfo_Page/input_eMailAddress'

2024-03-08 00:40:26 - [MESSAGE][PASSED] - Text 'imtiazster@gmail.com' is set on object 'Object Repository/RAD_Pages/AddressAndContactInfo_Page/input_eMailAddress'

2024-03-08 00:40:26 - [TEST_STEP][PASSED] - setText(findTestObject(orPath_AddressContact + "/input_reEnterEMailAddress"), "iahmed@govolution.com"): Text 'iahmed@govolution.com' is set on object 'Object Repository/RAD_Pages/AddressAndContactInfo_Page/input_reEnterEMailAddress'

2024-03-08 00:40:27 - [MESSAGE][PASSED] - Text 'iahmed@govolution.com' is set on object 'Object Repository/RAD_Pages/AddressAndContactInfo_Page/input_reEnterEMailAddress'

2024-03-08 00:40:27 - [TEST_STEP][PASSED] - delay(2): Delayed 2 second(s)

2024-03-08 00:40:29 - [MESSAGE][PASSED] - Delayed 2 second(s)

2024-03-08 00:40:29 - [TEST_STEP][PASSED] - if (verifyTextPresent("The Email and Re-enter email do not match", true)): null

2024-03-08 00:40:29 - [MESSAGE][PASSED] - Text 'The Email and Re-enter email do not match' is present on page  using regular expression

2024-03-08 00:40:29 - [TEST_STEP][PASSED] - println("Emails Dont match text is present"): null

2024-03-08 00:40:29 - [TEST_STEP][PASSED] - out.println("Pass Record Number: " + row): null

2024-03-08 00:40:29 - [TEST_STEP][PASSED] - resText = "Pass": null

2024-03-08 00:40:29 - [TEST_STEP][PASSED] - pages.WriteExcel.demoKey(resText, datText, resColumn, datCloumn, fileLoc, nameSheet, row): pages.WriteExcel.demoKey is PASSED

2024-03-08 00:40:29 - [MESSAGE][PASSED] - pages.WriteExcel.demoKey is PASSED

2024-03-08 00:40:29 - [TEST_STEP][PASSED] - ExecuteTC = findTestData(dataFile).getValue("Execute", row): null

2024-03-08 00:40:29 - [TEST_STEP][PASSED] - Taxtype = findTestData(dataFile).getValue("TaxType", row): null

2024-03-08 00:40:29 - [TEST_STEP][PASSED] - Paymenttype = findTestData(dataFile).getValue("PaymentType", row): null

2024-03-08 00:40:29 - [TEST_STEP][PASSED] - out.println("Value of Execute is : " + ExecuteTC): null

2024-03-08 00:40:29 - [TEST_STEP][PASSED] - if (ExecuteTC.equalsIgnoreCase("Y")): null

2024-03-08 00:40:29 - [TEST_STEP][PASSED] - out.println("Begin Record Number: " + row): null

2024-03-08 00:40:29 - [TEST_STEP][PASSED] - today = new java.util.Date(): null

2024-03-08 00:40:29 - [TEST_STEP][PASSED] - println(today): null

2024-03-08 00:40:29 - [TEST_STEP][PASSED] - datText = today: null

2024-03-08 00:40:29 - [TEST_STEP][PASSED] - Taxtype = findTestData(dataFile).getValue("TaxType", row): null

2024-03-08 00:40:29 - [TEST_STEP][PASSED] - out.println("Taxtype value is : " + Taxtype): null

2024-03-08 00:40:29 - [TEST_STEP][PASSED] - openBrowser(""): Browser is opened with url: ''

2024-03-08 00:40:29 - [MESSAGE][WARNING] - A browser is already opened. Closing browser and opening a new one

2024-03-08 00:40:45 - [MESSAGE][INFO] - Starting 'Chrome' driver

2024-03-08 00:40:45 - [MESSAGE][INFO] - User set preference: ['acceptInsecureCerts', 'true']

2024-03-08 00:40:45 - [MESSAGE][INFO] - Action delay is set to 0 milliseconds

2024-03-08 00:40:47 - [MESSAGE][PASSED] - Browser is opened with url: ''

2024-03-08 00:40:47 - [TEST_STEP][PASSED] - maximizeWindow(): Current window maximized

2024-03-08 00:40:47 - [MESSAGE][PASSED] - Current window maximized

2024-03-08 00:40:47 - [TEST_STEP][PASSED] - navigateToUrl(RADurl): Navigate to 'https://qa2.velocitypayment.com/client/rad/index.html' successfully

2024-03-08 00:40:59 - [MESSAGE][PASSED] - Navigate to 'https://qa2.velocitypayment.com/client/rad/index.html' successfully

2024-03-08 00:40:59 - [TEST_STEP][PASSED] - orPath_Landing = "Object Repository/RAD_Pages/Landing_Page": null

2024-03-08 00:40:59 - [TEST_STEP][PASSED] - orPath_TaxTypeFilingYear = "Object Repository/RAD_Pages/TaxTypeFilingYear_Page": null

2024-03-08 00:40:59 - [TEST_STEP][PASSED] - orPath_TaxPayer = "Object Repository/RAD_Pages/Taxpayer_Page": null

2024-03-08 00:40:59 - [TEST_STEP][PASSED] - orPath_AddressContact = "Object Repository/RAD_Pages/AddressAndContactInfo_Page": null

2024-03-08 00:40:59 - [TEST_STEP][PASSED] - orPath_FilingStatus = "Object Repository/RAD_Pages/FilingStatus_Page": null

2024-03-08 00:40:59 - [TEST_STEP][PASSED] - orPath_Amount = "Object Repository/RAD_Pages/PaymentAmount_Page": null

2024-03-08 00:40:59 - [TEST_STEP][PASSED] - selectOptionByLabel(findTestObject(orPath_Landing + "/dd_TaxType"), Paymenttype, false): All options with label 'Existing Liability w/Notice Number' are selected in object 'Object Repository/RAD_Pages/Landing_Page/dd_TaxType' 

2024-03-08 00:41:00 - [MESSAGE][PASSED] - All options with label 'Existing Liability w/Notice Number' are selected in object 'Object Repository/RAD_Pages/Landing_Page/dd_TaxType' 

2024-03-08 00:41:00 - [TEST_STEP][PASSED] - delay(1): Delayed 1 second(s)

2024-03-08 00:41:01 - [MESSAGE][PASSED] - Delayed 1 second(s)

2024-03-08 00:41:01 - [TEST_STEP][PASSED] - switch (Paymenttype): null

2024-03-08 00:41:01 - [TEST_STEP][PASSED] - case "Existing Liability w/Notice Number":: null

2024-03-08 00:41:01 - [TEST_STEP][PASSED] - selectOptionByLabel(findTestObject(orPath_TaxTypeFilingYear + "/select_TaxType_ExistingLiability"), Taxtype, false): All options with label 'Fiduciary Tax' are selected in object 'Object Repository/RAD_Pages/TaxTypeFilingYear_Page/select_TaxType_ExistingLiability' 

2024-03-08 00:41:02 - [MESSAGE][PASSED] - All options with label 'Fiduciary Tax' are selected in object 'Object Repository/RAD_Pages/TaxTypeFilingYear_Page/select_TaxType_ExistingLiability' 

2024-03-08 00:41:02 - [TEST_STEP][PASSED] - break: null

2024-03-08 00:41:02 - [TEST_STEP][PASSED] - delay(1): Delayed 1 second(s)

2024-03-08 00:41:03 - [MESSAGE][PASSED] - Delayed 1 second(s)

2024-03-08 00:41:03 - [TEST_STEP][PASSED] - scrollToElement(findTestObject(orPath_Amount + "/input__paymentAmount"), 3): Scroll to object 'Object Repository/RAD_Pages/PaymentAmount_Page/input__paymentAmount' successfully

2024-03-08 00:41:03 - [MESSAGE][PASSED] - Scroll to object 'Object Repository/RAD_Pages/PaymentAmount_Page/input__paymentAmount' successfully

2024-03-08 00:41:03 - [TEST_STEP][PASSED] - setText(findTestObject(orPath_AddressContact + "/input_eMailAddress"), "imtiazster@gmail.com"): Text 'imtiazster@gmail.com' is set on object 'Object Repository/RAD_Pages/AddressAndContactInfo_Page/input_eMailAddress'

2024-03-08 00:41:04 - [MESSAGE][PASSED] - Text 'imtiazster@gmail.com' is set on object 'Object Repository/RAD_Pages/AddressAndContactInfo_Page/input_eMailAddress'

2024-03-08 00:41:04 - [TEST_STEP][PASSED] - setText(findTestObject(orPath_AddressContact + "/input_reEnterEMailAddress"), "iahmed@govolution.com"): Text 'iahmed@govolution.com' is set on object 'Object Repository/RAD_Pages/AddressAndContactInfo_Page/input_reEnterEMailAddress'

2024-03-08 00:41:05 - [MESSAGE][PASSED] - Text 'iahmed@govolution.com' is set on object 'Object Repository/RAD_Pages/AddressAndContactInfo_Page/input_reEnterEMailAddress'

2024-03-08 00:41:05 - [TEST_STEP][PASSED] - delay(2): Delayed 2 second(s)

2024-03-08 00:41:07 - [MESSAGE][PASSED] - Delayed 2 second(s)

2024-03-08 00:41:07 - [TEST_STEP][PASSED] - if (verifyTextPresent("The Email and Re-enter email do not match", true)): null

2024-03-08 00:41:07 - [MESSAGE][PASSED] - Text 'The Email and Re-enter email do not match' is present on page  using regular expression

2024-03-08 00:41:07 - [TEST_STEP][PASSED] - println("Emails Dont match text is present"): null

2024-03-08 00:41:07 - [TEST_STEP][PASSED] - out.println("Pass Record Number: " + row): null

2024-03-08 00:41:07 - [TEST_STEP][PASSED] - resText = "Pass": null

2024-03-08 00:41:07 - [TEST_STEP][PASSED] - pages.WriteExcel.demoKey(resText, datText, resColumn, datCloumn, fileLoc, nameSheet, row): pages.WriteExcel.demoKey is PASSED

2024-03-08 00:41:07 - [MESSAGE][PASSED] - pages.WriteExcel.demoKey is PASSED

2024-03-08 00:41:07 - [TEST_STEP][PASSED] - ExecuteTC = findTestData(dataFile).getValue("Execute", row): null

2024-03-08 00:41:07 - [TEST_STEP][PASSED] - Taxtype = findTestData(dataFile).getValue("TaxType", row): null

2024-03-08 00:41:07 - [TEST_STEP][PASSED] - Paymenttype = findTestData(dataFile).getValue("PaymentType", row): null

2024-03-08 00:41:07 - [TEST_STEP][PASSED] - out.println("Value of Execute is : " + ExecuteTC): null

2024-03-08 00:41:07 - [TEST_STEP][PASSED] - if (ExecuteTC.equalsIgnoreCase("Y")): null

2024-03-08 00:41:07 - [TEST_STEP][PASSED] - out.println("Begin Record Number: " + row): null

2024-03-08 00:41:07 - [TEST_STEP][PASSED] - today = new java.util.Date(): null

2024-03-08 00:41:07 - [TEST_STEP][PASSED] - println(today): null

2024-03-08 00:41:07 - [TEST_STEP][PASSED] - datText = today: null

2024-03-08 00:41:07 - [TEST_STEP][PASSED] - Taxtype = findTestData(dataFile).getValue("TaxType", row): null

2024-03-08 00:41:07 - [TEST_STEP][PASSED] - out.println("Taxtype value is : " + Taxtype): null

2024-03-08 00:41:07 - [TEST_STEP][PASSED] - openBrowser(""): Browser is opened with url: ''

2024-03-08 00:41:07 - [MESSAGE][WARNING] - A browser is already opened. Closing browser and opening a new one

2024-03-08 00:41:27 - [MESSAGE][INFO] - Starting 'Chrome' driver

2024-03-08 00:41:27 - [MESSAGE][INFO] - User set preference: ['acceptInsecureCerts', 'true']

2024-03-08 00:41:27 - [MESSAGE][INFO] - Action delay is set to 0 milliseconds

2024-03-08 00:41:29 - [MESSAGE][PASSED] - Browser is opened with url: ''

2024-03-08 00:41:29 - [TEST_STEP][PASSED] - maximizeWindow(): Current window maximized

2024-03-08 00:41:29 - [MESSAGE][PASSED] - Current window maximized

2024-03-08 00:41:29 - [TEST_STEP][PASSED] - navigateToUrl(RADurl): Navigate to 'https://qa2.velocitypayment.com/client/rad/index.html' successfully

2024-03-08 00:41:36 - [MESSAGE][PASSED] - Navigate to 'https://qa2.velocitypayment.com/client/rad/index.html' successfully

2024-03-08 00:41:36 - [TEST_STEP][PASSED] - orPath_Landing = "Object Repository/RAD_Pages/Landing_Page": null

2024-03-08 00:41:36 - [TEST_STEP][PASSED] - orPath_TaxTypeFilingYear = "Object Repository/RAD_Pages/TaxTypeFilingYear_Page": null

2024-03-08 00:41:36 - [TEST_STEP][PASSED] - orPath_TaxPayer = "Object Repository/RAD_Pages/Taxpayer_Page": null

2024-03-08 00:41:36 - [TEST_STEP][PASSED] - orPath_AddressContact = "Object Repository/RAD_Pages/AddressAndContactInfo_Page": null

2024-03-08 00:41:36 - [TEST_STEP][PASSED] - orPath_FilingStatus = "Object Repository/RAD_Pages/FilingStatus_Page": null

2024-03-08 00:41:36 - [TEST_STEP][PASSED] - orPath_Amount = "Object Repository/RAD_Pages/PaymentAmount_Page": null

2024-03-08 00:41:36 - [TEST_STEP][PASSED] - selectOptionByLabel(findTestObject(orPath_Landing + "/dd_TaxType"), Paymenttype, false): All options with label 'Existing Liability w/Notice Number' are selected in object 'Object Repository/RAD_Pages/Landing_Page/dd_TaxType' 

2024-03-08 00:41:37 - [MESSAGE][PASSED] - All options with label 'Existing Liability w/Notice Number' are selected in object 'Object Repository/RAD_Pages/Landing_Page/dd_TaxType' 

2024-03-08 00:41:37 - [TEST_STEP][PASSED] - delay(1): Delayed 1 second(s)

2024-03-08 00:41:38 - [MESSAGE][PASSED] - Delayed 1 second(s)

2024-03-08 00:41:38 - [TEST_STEP][PASSED] - switch (Paymenttype): null

2024-03-08 00:41:38 - [TEST_STEP][PASSED] - case "Existing Liability w/Notice Number":: null

2024-03-08 00:41:38 - [TEST_STEP][PASSED] - selectOptionByLabel(findTestObject(orPath_TaxTypeFilingYear + "/select_TaxType_ExistingLiability"), Taxtype, false): All options with label 'PTE Non-Electing Non-S Corp' are selected in object 'Object Repository/RAD_Pages/TaxTypeFilingYear_Page/select_TaxType_ExistingLiability' 

2024-03-08 00:41:38 - [MESSAGE][PASSED] - All options with label 'PTE Non-Electing Non-S Corp' are selected in object 'Object Repository/RAD_Pages/TaxTypeFilingYear_Page/select_TaxType_ExistingLiability' 

2024-03-08 00:41:38 - [TEST_STEP][PASSED] - break: null

2024-03-08 00:41:38 - [TEST_STEP][PASSED] - delay(1): Delayed 1 second(s)

2024-03-08 00:41:39 - [MESSAGE][PASSED] - Delayed 1 second(s)

2024-03-08 00:41:39 - [TEST_STEP][PASSED] - scrollToElement(findTestObject(orPath_Amount + "/input__paymentAmount"), 3): Scroll to object 'Object Repository/RAD_Pages/PaymentAmount_Page/input__paymentAmount' successfully

2024-03-08 00:41:40 - [MESSAGE][PASSED] - Scroll to object 'Object Repository/RAD_Pages/PaymentAmount_Page/input__paymentAmount' successfully

2024-03-08 00:41:40 - [TEST_STEP][PASSED] - setText(findTestObject(orPath_AddressContact + "/input_eMailAddress"), "imtiazster@gmail.com"): Text 'imtiazster@gmail.com' is set on object 'Object Repository/RAD_Pages/AddressAndContactInfo_Page/input_eMailAddress'

2024-03-08 00:41:41 - [MESSAGE][PASSED] - Text 'imtiazster@gmail.com' is set on object 'Object Repository/RAD_Pages/AddressAndContactInfo_Page/input_eMailAddress'

2024-03-08 00:41:41 - [TEST_STEP][PASSED] - setText(findTestObject(orPath_AddressContact + "/input_reEnterEMailAddress"), "iahmed@govolution.com"): Text 'iahmed@govolution.com' is set on object 'Object Repository/RAD_Pages/AddressAndContactInfo_Page/input_reEnterEMailAddress'

2024-03-08 00:41:41 - [MESSAGE][PASSED] - Text 'iahmed@govolution.com' is set on object 'Object Repository/RAD_Pages/AddressAndContactInfo_Page/input_reEnterEMailAddress'

2024-03-08 00:41:41 - [TEST_STEP][PASSED] - delay(2): Delayed 2 second(s)

2024-03-08 00:41:43 - [MESSAGE][PASSED] - Delayed 2 second(s)

2024-03-08 00:41:43 - [TEST_STEP][PASSED] - if (verifyTextPresent("The Email and Re-enter email do not match", true)): null

2024-03-08 00:41:44 - [MESSAGE][PASSED] - Text 'The Email and Re-enter email do not match' is present on page  using regular expression

2024-03-08 00:41:44 - [TEST_STEP][PASSED] - println("Emails Dont match text is present"): null

2024-03-08 00:41:44 - [TEST_STEP][PASSED] - out.println("Pass Record Number: " + row): null

2024-03-08 00:41:44 - [TEST_STEP][PASSED] - resText = "Pass": null

2024-03-08 00:41:44 - [TEST_STEP][PASSED] - pages.WriteExcel.demoKey(resText, datText, resColumn, datCloumn, fileLoc, nameSheet, row): pages.WriteExcel.demoKey is PASSED

2024-03-08 00:41:44 - [MESSAGE][PASSED] - pages.WriteExcel.demoKey is PASSED

2024-03-08 00:41:44 - [TEST_STEP][PASSED] - ExecuteTC = findTestData(dataFile).getValue("Execute", row): null

2024-03-08 00:41:44 - [TEST_STEP][PASSED] - Taxtype = findTestData(dataFile).getValue("TaxType", row): null

2024-03-08 00:41:44 - [TEST_STEP][PASSED] - Paymenttype = findTestData(dataFile).getValue("PaymentType", row): null

2024-03-08 00:41:44 - [TEST_STEP][PASSED] - out.println("Value of Execute is : " + ExecuteTC): null

2024-03-08 00:41:44 - [TEST_STEP][PASSED] - if (ExecuteTC.equalsIgnoreCase("Y")): null

2024-03-08 00:41:44 - [TEST_STEP][PASSED] - out.println("Begin Record Number: " + row): null

2024-03-08 00:41:44 - [TEST_STEP][PASSED] - today = new java.util.Date(): null

2024-03-08 00:41:44 - [TEST_STEP][PASSED] - println(today): null

2024-03-08 00:41:44 - [TEST_STEP][PASSED] - datText = today: null

2024-03-08 00:41:44 - [TEST_STEP][PASSED] - Taxtype = findTestData(dataFile).getValue("TaxType", row): null

2024-03-08 00:41:44 - [TEST_STEP][PASSED] - out.println("Taxtype value is : " + Taxtype): null

2024-03-08 00:41:44 - [TEST_STEP][PASSED] - openBrowser(""): Browser is opened with url: ''

2024-03-08 00:41:44 - [MESSAGE][WARNING] - A browser is already opened. Closing browser and opening a new one

2024-03-08 00:42:02 - [MESSAGE][INFO] - Starting 'Chrome' driver

2024-03-08 00:42:02 - [MESSAGE][INFO] - User set preference: ['acceptInsecureCerts', 'true']

2024-03-08 00:42:02 - [MESSAGE][INFO] - Action delay is set to 0 milliseconds

2024-03-08 00:42:04 - [MESSAGE][PASSED] - Browser is opened with url: ''

2024-03-08 00:42:04 - [TEST_STEP][PASSED] - maximizeWindow(): Current window maximized

2024-03-08 00:42:04 - [MESSAGE][PASSED] - Current window maximized

2024-03-08 00:42:04 - [TEST_STEP][PASSED] - navigateToUrl(RADurl): Navigate to 'https://qa2.velocitypayment.com/client/rad/index.html' successfully

2024-03-08 00:42:06 - [MESSAGE][PASSED] - Navigate to 'https://qa2.velocitypayment.com/client/rad/index.html' successfully

2024-03-08 00:42:06 - [TEST_STEP][PASSED] - orPath_Landing = "Object Repository/RAD_Pages/Landing_Page": null

2024-03-08 00:42:06 - [TEST_STEP][PASSED] - orPath_TaxTypeFilingYear = "Object Repository/RAD_Pages/TaxTypeFilingYear_Page": null

2024-03-08 00:42:06 - [TEST_STEP][PASSED] - orPath_TaxPayer = "Object Repository/RAD_Pages/Taxpayer_Page": null

2024-03-08 00:42:06 - [TEST_STEP][PASSED] - orPath_AddressContact = "Object Repository/RAD_Pages/AddressAndContactInfo_Page": null

2024-03-08 00:42:06 - [TEST_STEP][PASSED] - orPath_FilingStatus = "Object Repository/RAD_Pages/FilingStatus_Page": null

2024-03-08 00:42:06 - [TEST_STEP][PASSED] - orPath_Amount = "Object Repository/RAD_Pages/PaymentAmount_Page": null

2024-03-08 00:42:06 - [TEST_STEP][PASSED] - selectOptionByLabel(findTestObject(orPath_Landing + "/dd_TaxType"), Paymenttype, false): All options with label 'Existing Liability w/Notice Number' are selected in object 'Object Repository/RAD_Pages/Landing_Page/dd_TaxType' 

2024-03-08 00:42:06 - [MESSAGE][PASSED] - All options with label 'Existing Liability w/Notice Number' are selected in object 'Object Repository/RAD_Pages/Landing_Page/dd_TaxType' 

2024-03-08 00:42:06 - [TEST_STEP][PASSED] - delay(1): Delayed 1 second(s)

2024-03-08 00:42:07 - [MESSAGE][PASSED] - Delayed 1 second(s)

2024-03-08 00:42:07 - [TEST_STEP][PASSED] - switch (Paymenttype): null

2024-03-08 00:42:07 - [TEST_STEP][PASSED] - case "Existing Liability w/Notice Number":: null

2024-03-08 00:42:07 - [TEST_STEP][PASSED] - selectOptionByLabel(findTestObject(orPath_TaxTypeFilingYear + "/select_TaxType_ExistingLiability"), Taxtype, false): All options with label 'PTE Non-Electing S Corp' are selected in object 'Object Repository/RAD_Pages/TaxTypeFilingYear_Page/select_TaxType_ExistingLiability' 

2024-03-08 00:42:08 - [MESSAGE][PASSED] - All options with label 'PTE Non-Electing S Corp' are selected in object 'Object Repository/RAD_Pages/TaxTypeFilingYear_Page/select_TaxType_ExistingLiability' 

2024-03-08 00:42:08 - [TEST_STEP][PASSED] - break: null

2024-03-08 00:42:08 - [TEST_STEP][PASSED] - delay(1): Delayed 1 second(s)

2024-03-08 00:42:09 - [MESSAGE][PASSED] - Delayed 1 second(s)

2024-03-08 00:42:09 - [TEST_STEP][PASSED] - scrollToElement(findTestObject(orPath_Amount + "/input__paymentAmount"), 3): Scroll to object 'Object Repository/RAD_Pages/PaymentAmount_Page/input__paymentAmount' successfully

2024-03-08 00:42:09 - [MESSAGE][PASSED] - Scroll to object 'Object Repository/RAD_Pages/PaymentAmount_Page/input__paymentAmount' successfully

2024-03-08 00:42:09 - [TEST_STEP][PASSED] - setText(findTestObject(orPath_AddressContact + "/input_eMailAddress"), "imtiazster@gmail.com"): Text 'imtiazster@gmail.com' is set on object 'Object Repository/RAD_Pages/AddressAndContactInfo_Page/input_eMailAddress'

2024-03-08 00:42:10 - [MESSAGE][PASSED] - Text 'imtiazster@gmail.com' is set on object 'Object Repository/RAD_Pages/AddressAndContactInfo_Page/input_eMailAddress'

2024-03-08 00:42:10 - [TEST_STEP][PASSED] - setText(findTestObject(orPath_AddressContact + "/input_reEnterEMailAddress"), "iahmed@govolution.com"): Text 'iahmed@govolution.com' is set on object 'Object Repository/RAD_Pages/AddressAndContactInfo_Page/input_reEnterEMailAddress'

2024-03-08 00:42:11 - [MESSAGE][PASSED] - Text 'iahmed@govolution.com' is set on object 'Object Repository/RAD_Pages/AddressAndContactInfo_Page/input_reEnterEMailAddress'

2024-03-08 00:42:11 - [TEST_STEP][PASSED] - delay(2): Delayed 2 second(s)

2024-03-08 00:42:13 - [MESSAGE][PASSED] - Delayed 2 second(s)

2024-03-08 00:42:13 - [TEST_STEP][PASSED] - if (verifyTextPresent("The Email and Re-enter email do not match", true)): null

2024-03-08 00:42:13 - [MESSAGE][PASSED] - Text 'The Email and Re-enter email do not match' is present on page  using regular expression

2024-03-08 00:42:13 - [TEST_STEP][PASSED] - println("Emails Dont match text is present"): null

2024-03-08 00:42:13 - [TEST_STEP][PASSED] - out.println("Pass Record Number: " + row): null

2024-03-08 00:42:13 - [TEST_STEP][PASSED] - resText = "Pass": null

2024-03-08 00:42:13 - [TEST_STEP][PASSED] - pages.WriteExcel.demoKey(resText, datText, resColumn, datCloumn, fileLoc, nameSheet, row): pages.WriteExcel.demoKey is PASSED

2024-03-08 00:42:14 - [MESSAGE][PASSED] - pages.WriteExcel.demoKey is PASSED

2024-03-08 00:42:14 - [TEST_STEP][PASSED] - ExecuteTC = findTestData(dataFile).getValue("Execute", row): null

2024-03-08 00:42:14 - [TEST_STEP][PASSED] - Taxtype = findTestData(dataFile).getValue("TaxType", row): null

2024-03-08 00:42:14 - [TEST_STEP][PASSED] - Paymenttype = findTestData(dataFile).getValue("PaymentType", row): null

2024-03-08 00:42:14 - [TEST_STEP][PASSED] - out.println("Value of Execute is : " + ExecuteTC): null

2024-03-08 00:42:14 - [TEST_STEP][PASSED] - if (ExecuteTC.equalsIgnoreCase("Y")): null

2024-03-08 00:42:14 - [TEST_STEP][PASSED] - out.println("Begin Record Number: " + row): null

2024-03-08 00:42:14 - [TEST_STEP][PASSED] - today = new java.util.Date(): null

2024-03-08 00:42:14 - [TEST_STEP][PASSED] - println(today): null

2024-03-08 00:42:14 - [TEST_STEP][PASSED] - datText = today: null

2024-03-08 00:42:14 - [TEST_STEP][PASSED] - Taxtype = findTestData(dataFile).getValue("TaxType", row): null

2024-03-08 00:42:14 - [TEST_STEP][PASSED] - out.println("Taxtype value is : " + Taxtype): null

2024-03-08 00:42:14 - [TEST_STEP][PASSED] - openBrowser(""): Browser is opened with url: ''

2024-03-08 00:42:14 - [MESSAGE][WARNING] - A browser is already opened. Closing browser and opening a new one

2024-03-08 00:42:47 - [MESSAGE][INFO] - Starting 'Chrome' driver

2024-03-08 00:42:47 - [MESSAGE][INFO] - User set preference: ['acceptInsecureCerts', 'true']

2024-03-08 00:42:47 - [MESSAGE][INFO] - Action delay is set to 0 milliseconds

2024-03-08 00:42:48 - [MESSAGE][PASSED] - Browser is opened with url: ''

2024-03-08 00:42:48 - [TEST_STEP][PASSED] - maximizeWindow(): Current window maximized

2024-03-08 00:42:48 - [MESSAGE][PASSED] - Current window maximized

2024-03-08 00:42:48 - [TEST_STEP][PASSED] - navigateToUrl(RADurl): Navigate to 'https://qa2.velocitypayment.com/client/rad/index.html' successfully

2024-03-08 00:43:00 - [MESSAGE][PASSED] - Navigate to 'https://qa2.velocitypayment.com/client/rad/index.html' successfully

2024-03-08 00:43:00 - [TEST_STEP][PASSED] - orPath_Landing = "Object Repository/RAD_Pages/Landing_Page": null

2024-03-08 00:43:00 - [TEST_STEP][PASSED] - orPath_TaxTypeFilingYear = "Object Repository/RAD_Pages/TaxTypeFilingYear_Page": null

2024-03-08 00:43:00 - [TEST_STEP][PASSED] - orPath_TaxPayer = "Object Repository/RAD_Pages/Taxpayer_Page": null

2024-03-08 00:43:00 - [TEST_STEP][PASSED] - orPath_AddressContact = "Object Repository/RAD_Pages/AddressAndContactInfo_Page": null

2024-03-08 00:43:00 - [TEST_STEP][PASSED] - orPath_FilingStatus = "Object Repository/RAD_Pages/FilingStatus_Page": null

2024-03-08 00:43:00 - [TEST_STEP][PASSED] - orPath_Amount = "Object Repository/RAD_Pages/PaymentAmount_Page": null

2024-03-08 00:43:00 - [TEST_STEP][PASSED] - selectOptionByLabel(findTestObject(orPath_Landing + "/dd_TaxType"), Paymenttype, false): All options with label 'Existing Liability w/Notice Number' are selected in object 'Object Repository/RAD_Pages/Landing_Page/dd_TaxType' 

2024-03-08 00:43:01 - [MESSAGE][PASSED] - All options with label 'Existing Liability w/Notice Number' are selected in object 'Object Repository/RAD_Pages/Landing_Page/dd_TaxType' 

2024-03-08 00:43:01 - [TEST_STEP][PASSED] - delay(1): Delayed 1 second(s)

2024-03-08 00:43:02 - [MESSAGE][PASSED] - Delayed 1 second(s)

2024-03-08 00:43:02 - [TEST_STEP][PASSED] - switch (Paymenttype): null

2024-03-08 00:43:02 - [TEST_STEP][PASSED] - case "Existing Liability w/Notice Number":: null

2024-03-08 00:43:02 - [TEST_STEP][PASSED] - selectOptionByLabel(findTestObject(orPath_TaxTypeFilingYear + "/select_TaxType_ExistingLiability"), Taxtype, false): All options with label 'Sales & Use Tax' are selected in object 'Object Repository/RAD_Pages/TaxTypeFilingYear_Page/select_TaxType_ExistingLiability' 

2024-03-08 00:43:03 - [MESSAGE][PASSED] - All options with label 'Sales & Use Tax' are selected in object 'Object Repository/RAD_Pages/TaxTypeFilingYear_Page/select_TaxType_ExistingLiability' 

2024-03-08 00:43:03 - [TEST_STEP][PASSED] - break: null

2024-03-08 00:43:03 - [TEST_STEP][PASSED] - delay(1): Delayed 1 second(s)

2024-03-08 00:43:04 - [MESSAGE][PASSED] - Delayed 1 second(s)

2024-03-08 00:43:04 - [TEST_STEP][PASSED] - scrollToElement(findTestObject(orPath_Amount + "/input__paymentAmount"), 3): Scroll to object 'Object Repository/RAD_Pages/PaymentAmount_Page/input__paymentAmount' successfully

2024-03-08 00:43:04 - [MESSAGE][PASSED] - Scroll to object 'Object Repository/RAD_Pages/PaymentAmount_Page/input__paymentAmount' successfully

2024-03-08 00:43:04 - [TEST_STEP][PASSED] - setText(findTestObject(orPath_AddressContact + "/input_eMailAddress"), "imtiazster@gmail.com"): Text 'imtiazster@gmail.com' is set on object 'Object Repository/RAD_Pages/AddressAndContactInfo_Page/input_eMailAddress'

2024-03-08 00:43:05 - [MESSAGE][PASSED] - Text 'imtiazster@gmail.com' is set on object 'Object Repository/RAD_Pages/AddressAndContactInfo_Page/input_eMailAddress'

2024-03-08 00:43:05 - [TEST_STEP][PASSED] - setText(findTestObject(orPath_AddressContact + "/input_reEnterEMailAddress"), "iahmed@govolution.com"): Text 'iahmed@govolution.com' is set on object 'Object Repository/RAD_Pages/AddressAndContactInfo_Page/input_reEnterEMailAddress'

2024-03-08 00:43:06 - [MESSAGE][PASSED] - Text 'iahmed@govolution.com' is set on object 'Object Repository/RAD_Pages/AddressAndContactInfo_Page/input_reEnterEMailAddress'

2024-03-08 00:43:06 - [TEST_STEP][PASSED] - delay(2): Delayed 2 second(s)

2024-03-08 00:43:08 - [MESSAGE][PASSED] - Delayed 2 second(s)

2024-03-08 00:43:08 - [TEST_STEP][PASSED] - if (verifyTextPresent("The Email and Re-enter email do not match", true)): null

2024-03-08 00:43:08 - [MESSAGE][PASSED] - Text 'The Email and Re-enter email do not match' is present on page  using regular expression

2024-03-08 00:43:08 - [TEST_STEP][PASSED] - println("Emails Dont match text is present"): null

2024-03-08 00:43:08 - [TEST_STEP][PASSED] - out.println("Pass Record Number: " + row): null

2024-03-08 00:43:08 - [TEST_STEP][PASSED] - resText = "Pass": null

2024-03-08 00:43:08 - [TEST_STEP][PASSED] - pages.WriteExcel.demoKey(resText, datText, resColumn, datCloumn, fileLoc, nameSheet, row): pages.WriteExcel.demoKey is PASSED

2024-03-08 00:43:08 - [MESSAGE][PASSED] - pages.WriteExcel.demoKey is PASSED

2024-03-08 00:43:08 - [TEST_STEP][PASSED] - ExecuteTC = findTestData(dataFile).getValue("Execute", row): null

2024-03-08 00:43:08 - [TEST_STEP][PASSED] - Taxtype = findTestData(dataFile).getValue("TaxType", row): null

2024-03-08 00:43:08 - [TEST_STEP][PASSED] - Paymenttype = findTestData(dataFile).getValue("PaymentType", row): null

2024-03-08 00:43:08 - [TEST_STEP][PASSED] - out.println("Value of Execute is : " + ExecuteTC): null

2024-03-08 00:43:08 - [TEST_STEP][PASSED] - if (ExecuteTC.equalsIgnoreCase("Y")): null

2024-03-08 00:43:08 - [TEST_STEP][PASSED] - out.println("Begin Record Number: " + row): null

2024-03-08 00:43:08 - [TEST_STEP][PASSED] - today = new java.util.Date(): null

2024-03-08 00:43:08 - [TEST_STEP][PASSED] - println(today): null

2024-03-08 00:43:08 - [TEST_STEP][PASSED] - datText = today: null

2024-03-08 00:43:08 - [TEST_STEP][PASSED] - Taxtype = findTestData(dataFile).getValue("TaxType", row): null

2024-03-08 00:43:08 - [TEST_STEP][PASSED] - out.println("Taxtype value is : " + Taxtype): null

2024-03-08 00:43:08 - [TEST_STEP][PASSED] - openBrowser(""): Browser is opened with url: ''

2024-03-08 00:43:08 - [MESSAGE][WARNING] - A browser is already opened. Closing browser and opening a new one

2024-03-08 00:43:30 - [MESSAGE][INFO] - Starting 'Chrome' driver

2024-03-08 00:43:30 - [MESSAGE][INFO] - User set preference: ['acceptInsecureCerts', 'true']

2024-03-08 00:43:30 - [MESSAGE][INFO] - Action delay is set to 0 milliseconds

2024-03-08 00:43:32 - [MESSAGE][PASSED] - Browser is opened with url: ''

2024-03-08 00:43:32 - [TEST_STEP][PASSED] - maximizeWindow(): Current window maximized

2024-03-08 00:43:32 - [MESSAGE][PASSED] - Current window maximized

2024-03-08 00:43:32 - [TEST_STEP][PASSED] - navigateToUrl(RADurl): Navigate to 'https://qa2.velocitypayment.com/client/rad/index.html' successfully

2024-03-08 00:43:32 - [MESSAGE][PASSED] - Navigate to 'https://qa2.velocitypayment.com/client/rad/index.html' successfully

2024-03-08 00:43:32 - [TEST_STEP][PASSED] - orPath_Landing = "Object Repository/RAD_Pages/Landing_Page": null

2024-03-08 00:43:32 - [TEST_STEP][PASSED] - orPath_TaxTypeFilingYear = "Object Repository/RAD_Pages/TaxTypeFilingYear_Page": null

2024-03-08 00:43:32 - [TEST_STEP][PASSED] - orPath_TaxPayer = "Object Repository/RAD_Pages/Taxpayer_Page": null

2024-03-08 00:43:32 - [TEST_STEP][PASSED] - orPath_AddressContact = "Object Repository/RAD_Pages/AddressAndContactInfo_Page": null

2024-03-08 00:43:32 - [TEST_STEP][PASSED] - orPath_FilingStatus = "Object Repository/RAD_Pages/FilingStatus_Page": null

2024-03-08 00:43:32 - [TEST_STEP][PASSED] - orPath_Amount = "Object Repository/RAD_Pages/PaymentAmount_Page": null

2024-03-08 00:43:32 - [TEST_STEP][PASSED] - selectOptionByLabel(findTestObject(orPath_Landing + "/dd_TaxType"), Paymenttype, false): All options with label 'Existing Liability w/Notice Number' are selected in object 'Object Repository/RAD_Pages/Landing_Page/dd_TaxType' 

2024-03-08 00:43:34 - [MESSAGE][PASSED] - All options with label 'Existing Liability w/Notice Number' are selected in object 'Object Repository/RAD_Pages/Landing_Page/dd_TaxType' 

2024-03-08 00:43:34 - [TEST_STEP][PASSED] - delay(1): Delayed 1 second(s)

2024-03-08 00:43:35 - [MESSAGE][PASSED] - Delayed 1 second(s)

2024-03-08 00:43:35 - [TEST_STEP][PASSED] - switch (Paymenttype): null

2024-03-08 00:43:35 - [TEST_STEP][PASSED] - case "Existing Liability w/Notice Number":: null

2024-03-08 00:43:35 - [TEST_STEP][PASSED] - selectOptionByLabel(findTestObject(orPath_TaxTypeFilingYear + "/select_TaxType_ExistingLiability"), Taxtype, false): All options with label 'Tire Recycling Fee' are selected in object 'Object Repository/RAD_Pages/TaxTypeFilingYear_Page/select_TaxType_ExistingLiability' 

2024-03-08 00:43:36 - [MESSAGE][PASSED] - All options with label 'Tire Recycling Fee' are selected in object 'Object Repository/RAD_Pages/TaxTypeFilingYear_Page/select_TaxType_ExistingLiability' 

2024-03-08 00:43:36 - [TEST_STEP][PASSED] - break: null

2024-03-08 00:43:36 - [TEST_STEP][PASSED] - delay(1): Delayed 1 second(s)

2024-03-08 00:43:37 - [MESSAGE][PASSED] - Delayed 1 second(s)

2024-03-08 00:43:37 - [TEST_STEP][PASSED] - scrollToElement(findTestObject(orPath_Amount + "/input__paymentAmount"), 3): Scroll to object 'Object Repository/RAD_Pages/PaymentAmount_Page/input__paymentAmount' successfully

2024-03-08 00:43:37 - [MESSAGE][PASSED] - Scroll to object 'Object Repository/RAD_Pages/PaymentAmount_Page/input__paymentAmount' successfully

2024-03-08 00:43:37 - [TEST_STEP][PASSED] - setText(findTestObject(orPath_AddressContact + "/input_eMailAddress"), "imtiazster@gmail.com"): Text 'imtiazster@gmail.com' is set on object 'Object Repository/RAD_Pages/AddressAndContactInfo_Page/input_eMailAddress'

2024-03-08 00:43:38 - [MESSAGE][PASSED] - Text 'imtiazster@gmail.com' is set on object 'Object Repository/RAD_Pages/AddressAndContactInfo_Page/input_eMailAddress'

2024-03-08 00:43:38 - [TEST_STEP][PASSED] - setText(findTestObject(orPath_AddressContact + "/input_reEnterEMailAddress"), "iahmed@govolution.com"): Text 'iahmed@govolution.com' is set on object 'Object Repository/RAD_Pages/AddressAndContactInfo_Page/input_reEnterEMailAddress'

2024-03-08 00:43:39 - [MESSAGE][PASSED] - Text 'iahmed@govolution.com' is set on object 'Object Repository/RAD_Pages/AddressAndContactInfo_Page/input_reEnterEMailAddress'

2024-03-08 00:43:39 - [TEST_STEP][PASSED] - delay(2): Delayed 2 second(s)

2024-03-08 00:43:41 - [MESSAGE][PASSED] - Delayed 2 second(s)

2024-03-08 00:43:41 - [TEST_STEP][PASSED] - if (verifyTextPresent("The Email and Re-enter email do not match", true)): null

2024-03-08 00:43:41 - [MESSAGE][PASSED] - Text 'The Email and Re-enter email do not match' is present on page  using regular expression

2024-03-08 00:43:41 - [TEST_STEP][PASSED] - println("Emails Dont match text is present"): null

2024-03-08 00:43:41 - [TEST_STEP][PASSED] - out.println("Pass Record Number: " + row): null

2024-03-08 00:43:41 - [TEST_STEP][PASSED] - resText = "Pass": null

2024-03-08 00:43:41 - [TEST_STEP][PASSED] - pages.WriteExcel.demoKey(resText, datText, resColumn, datCloumn, fileLoc, nameSheet, row): pages.WriteExcel.demoKey is PASSED

2024-03-08 00:43:41 - [MESSAGE][PASSED] - pages.WriteExcel.demoKey is PASSED

2024-03-08 00:43:41 - [TEST_STEP][PASSED] - ExecuteTC = findTestData(dataFile).getValue("Execute", row): null

2024-03-08 00:43:41 - [TEST_STEP][PASSED] - Taxtype = findTestData(dataFile).getValue("TaxType", row): null

2024-03-08 00:43:41 - [TEST_STEP][PASSED] - Paymenttype = findTestData(dataFile).getValue("PaymentType", row): null

2024-03-08 00:43:41 - [TEST_STEP][PASSED] - out.println("Value of Execute is : " + ExecuteTC): null

2024-03-08 00:43:41 - [TEST_STEP][PASSED] - if (ExecuteTC.equalsIgnoreCase("Y")): null

2024-03-08 00:43:41 - [TEST_STEP][PASSED] - out.println("Begin Record Number: " + row): null

2024-03-08 00:43:41 - [TEST_STEP][PASSED] - today = new java.util.Date(): null

2024-03-08 00:43:41 - [TEST_STEP][PASSED] - println(today): null

2024-03-08 00:43:41 - [TEST_STEP][PASSED] - datText = today: null

2024-03-08 00:43:41 - [TEST_STEP][PASSED] - Taxtype = findTestData(dataFile).getValue("TaxType", row): null

2024-03-08 00:43:41 - [TEST_STEP][PASSED] - out.println("Taxtype value is : " + Taxtype): null

2024-03-08 00:43:41 - [TEST_STEP][PASSED] - openBrowser(""): Browser is opened with url: ''

2024-03-08 00:43:41 - [MESSAGE][WARNING] - A browser is already opened. Closing browser and opening a new one

2024-03-08 00:44:03 - [MESSAGE][INFO] - Starting 'Chrome' driver

2024-03-08 00:44:03 - [MESSAGE][INFO] - User set preference: ['acceptInsecureCerts', 'true']

2024-03-08 00:44:03 - [MESSAGE][INFO] - Action delay is set to 0 milliseconds

2024-03-08 00:44:05 - [MESSAGE][PASSED] - Browser is opened with url: ''

2024-03-08 00:44:05 - [TEST_STEP][PASSED] - maximizeWindow(): Current window maximized

2024-03-08 00:44:05 - [MESSAGE][PASSED] - Current window maximized

2024-03-08 00:44:05 - [TEST_STEP][PASSED] - navigateToUrl(RADurl): Navigate to 'https://qa2.velocitypayment.com/client/rad/index.html' successfully

2024-03-08 00:44:07 - [MESSAGE][PASSED] - Navigate to 'https://qa2.velocitypayment.com/client/rad/index.html' successfully

2024-03-08 00:44:07 - [TEST_STEP][PASSED] - orPath_Landing = "Object Repository/RAD_Pages/Landing_Page": null

2024-03-08 00:44:07 - [TEST_STEP][PASSED] - orPath_TaxTypeFilingYear = "Object Repository/RAD_Pages/TaxTypeFilingYear_Page": null

2024-03-08 00:44:07 - [TEST_STEP][PASSED] - orPath_TaxPayer = "Object Repository/RAD_Pages/Taxpayer_Page": null

2024-03-08 00:44:07 - [TEST_STEP][PASSED] - orPath_AddressContact = "Object Repository/RAD_Pages/AddressAndContactInfo_Page": null

2024-03-08 00:44:07 - [TEST_STEP][PASSED] - orPath_FilingStatus = "Object Repository/RAD_Pages/FilingStatus_Page": null

2024-03-08 00:44:07 - [TEST_STEP][PASSED] - orPath_Amount = "Object Repository/RAD_Pages/PaymentAmount_Page": null

2024-03-08 00:44:07 - [TEST_STEP][PASSED] - selectOptionByLabel(findTestObject(orPath_Landing + "/dd_TaxType"), Paymenttype, false): All options with label 'Existing Liability w/Notice Number' are selected in object 'Object Repository/RAD_Pages/Landing_Page/dd_TaxType' 

2024-03-08 00:44:08 - [MESSAGE][PASSED] - All options with label 'Existing Liability w/Notice Number' are selected in object 'Object Repository/RAD_Pages/Landing_Page/dd_TaxType' 

2024-03-08 00:44:08 - [TEST_STEP][PASSED] - delay(1): Delayed 1 second(s)

2024-03-08 00:44:09 - [MESSAGE][PASSED] - Delayed 1 second(s)

2024-03-08 00:44:09 - [TEST_STEP][PASSED] - switch (Paymenttype): null

2024-03-08 00:44:09 - [TEST_STEP][PASSED] - case "Existing Liability w/Notice Number":: null

2024-03-08 00:44:09 - [TEST_STEP][PASSED] - selectOptionByLabel(findTestObject(orPath_TaxTypeFilingYear + "/select_TaxType_ExistingLiability"), Taxtype, false): All options with label 'Withholding Tax' are selected in object 'Object Repository/RAD_Pages/TaxTypeFilingYear_Page/select_TaxType_ExistingLiability' 

2024-03-08 00:44:09 - [MESSAGE][PASSED] - All options with label 'Withholding Tax' are selected in object 'Object Repository/RAD_Pages/TaxTypeFilingYear_Page/select_TaxType_ExistingLiability' 

2024-03-08 00:44:09 - [TEST_STEP][PASSED] - break: null

2024-03-08 00:44:09 - [TEST_STEP][PASSED] - delay(1): Delayed 1 second(s)

2024-03-08 00:44:10 - [MESSAGE][PASSED] - Delayed 1 second(s)

2024-03-08 00:44:10 - [TEST_STEP][PASSED] - scrollToElement(findTestObject(orPath_Amount + "/input__paymentAmount"), 3): Scroll to object 'Object Repository/RAD_Pages/PaymentAmount_Page/input__paymentAmount' successfully

2024-03-08 00:44:10 - [MESSAGE][PASSED] - Scroll to object 'Object Repository/RAD_Pages/PaymentAmount_Page/input__paymentAmount' successfully

2024-03-08 00:44:10 - [TEST_STEP][PASSED] - setText(findTestObject(orPath_AddressContact + "/input_eMailAddress"), "imtiazster@gmail.com"): Text 'imtiazster@gmail.com' is set on object 'Object Repository/RAD_Pages/AddressAndContactInfo_Page/input_eMailAddress'

2024-03-08 00:44:11 - [MESSAGE][PASSED] - Text 'imtiazster@gmail.com' is set on object 'Object Repository/RAD_Pages/AddressAndContactInfo_Page/input_eMailAddress'

2024-03-08 00:44:11 - [TEST_STEP][PASSED] - setText(findTestObject(orPath_AddressContact + "/input_reEnterEMailAddress"), "iahmed@govolution.com"): Text 'iahmed@govolution.com' is set on object 'Object Repository/RAD_Pages/AddressAndContactInfo_Page/input_reEnterEMailAddress'

2024-03-08 00:44:12 - [MESSAGE][PASSED] - Text 'iahmed@govolution.com' is set on object 'Object Repository/RAD_Pages/AddressAndContactInfo_Page/input_reEnterEMailAddress'

2024-03-08 00:44:12 - [TEST_STEP][PASSED] - delay(2): Delayed 2 second(s)

2024-03-08 00:44:14 - [MESSAGE][PASSED] - Delayed 2 second(s)

2024-03-08 00:44:14 - [TEST_STEP][PASSED] - if (verifyTextPresent("The Email and Re-enter email do not match", true)): null

2024-03-08 00:44:15 - [MESSAGE][PASSED] - Text 'The Email and Re-enter email do not match' is present on page  using regular expression

2024-03-08 00:44:15 - [TEST_STEP][PASSED] - println("Emails Dont match text is present"): null

2024-03-08 00:44:15 - [TEST_STEP][PASSED] - out.println("Pass Record Number: " + row): null

2024-03-08 00:44:15 - [TEST_STEP][PASSED] - resText = "Pass": null

2024-03-08 00:44:15 - [TEST_STEP][PASSED] - pages.WriteExcel.demoKey(resText, datText, resColumn, datCloumn, fileLoc, nameSheet, row): pages.WriteExcel.demoKey is PASSED

2024-03-08 00:44:15 - [MESSAGE][PASSED] - pages.WriteExcel.demoKey is PASSED

2024-03-08 00:44:15 - [TEST_STEP][PASSED] - ExecuteTC = findTestData(dataFile).getValue("Execute", row): null

2024-03-08 00:44:15 - [TEST_STEP][PASSED] - Taxtype = findTestData(dataFile).getValue("TaxType", row): null

2024-03-08 00:44:15 - [TEST_STEP][PASSED] - Paymenttype = findTestData(dataFile).getValue("PaymentType", row): null

2024-03-08 00:44:15 - [TEST_STEP][PASSED] - out.println("Value of Execute is : " + ExecuteTC): null

2024-03-08 00:44:15 - [TEST_STEP][PASSED] - if (ExecuteTC.equalsIgnoreCase("Y")): null

2024-03-08 00:44:15 - [TEST_STEP][PASSED] - out.println("Begin Record Number: " + row): null

2024-03-08 00:44:15 - [TEST_STEP][PASSED] - today = new java.util.Date(): null

2024-03-08 00:44:15 - [TEST_STEP][PASSED] - println(today): null

2024-03-08 00:44:15 - [TEST_STEP][PASSED] - datText = today: null

2024-03-08 00:44:15 - [TEST_STEP][PASSED] - Taxtype = findTestData(dataFile).getValue("TaxType", row): null

2024-03-08 00:44:15 - [TEST_STEP][PASSED] - out.println("Taxtype value is : " + Taxtype): null

2024-03-08 00:44:15 - [TEST_STEP][PASSED] - openBrowser(""): Browser is opened with url: ''

2024-03-08 00:44:15 - [MESSAGE][WARNING] - A browser is already opened. Closing browser and opening a new one

2024-03-08 00:44:30 - [MESSAGE][INFO] - Starting 'Chrome' driver

2024-03-08 00:44:30 - [MESSAGE][INFO] - User set preference: ['acceptInsecureCerts', 'true']

2024-03-08 00:44:30 - [MESSAGE][INFO] - Action delay is set to 0 milliseconds

2024-03-08 00:44:31 - [MESSAGE][PASSED] - Browser is opened with url: ''

2024-03-08 00:44:31 - [TEST_STEP][PASSED] - maximizeWindow(): Current window maximized

2024-03-08 00:44:31 - [MESSAGE][PASSED] - Current window maximized

2024-03-08 00:44:31 - [TEST_STEP][PASSED] - navigateToUrl(RADurl): Navigate to 'https://qa2.velocitypayment.com/client/rad/index.html' successfully

2024-03-08 00:44:33 - [MESSAGE][PASSED] - Navigate to 'https://qa2.velocitypayment.com/client/rad/index.html' successfully

2024-03-08 00:44:33 - [TEST_STEP][PASSED] - orPath_Landing = "Object Repository/RAD_Pages/Landing_Page": null

2024-03-08 00:44:33 - [TEST_STEP][PASSED] - orPath_TaxTypeFilingYear = "Object Repository/RAD_Pages/TaxTypeFilingYear_Page": null

2024-03-08 00:44:33 - [TEST_STEP][PASSED] - orPath_TaxPayer = "Object Repository/RAD_Pages/Taxpayer_Page": null

2024-03-08 00:44:33 - [TEST_STEP][PASSED] - orPath_AddressContact = "Object Repository/RAD_Pages/AddressAndContactInfo_Page": null

2024-03-08 00:44:33 - [TEST_STEP][PASSED] - orPath_FilingStatus = "Object Repository/RAD_Pages/FilingStatus_Page": null

2024-03-08 00:44:33 - [TEST_STEP][PASSED] - orPath_Amount = "Object Repository/RAD_Pages/PaymentAmount_Page": null

2024-03-08 00:44:33 - [TEST_STEP][PASSED] - selectOptionByLabel(findTestObject(orPath_Landing + "/dd_TaxType"), Paymenttype, false): All options with label 'Existing Liability w/Notice Number' are selected in object 'Object Repository/RAD_Pages/Landing_Page/dd_TaxType' 

2024-03-08 00:44:34 - [MESSAGE][PASSED] - All options with label 'Existing Liability w/Notice Number' are selected in object 'Object Repository/RAD_Pages/Landing_Page/dd_TaxType' 

2024-03-08 00:44:34 - [TEST_STEP][PASSED] - delay(1): Delayed 1 second(s)

2024-03-08 00:44:35 - [MESSAGE][PASSED] - Delayed 1 second(s)

2024-03-08 00:44:35 - [TEST_STEP][PASSED] - switch (Paymenttype): null

2024-03-08 00:44:35 - [TEST_STEP][PASSED] - case "Existing Liability w/Notice Number":: null

2024-03-08 00:44:35 - [TEST_STEP][PASSED] - selectOptionByLabel(findTestObject(orPath_TaxTypeFilingYear + "/select_TaxType_ExistingLiability"), Taxtype, false): All options with label 'Alcohol Tax' are selected in object 'Object Repository/RAD_Pages/TaxTypeFilingYear_Page/select_TaxType_ExistingLiability' 

2024-03-08 00:44:36 - [MESSAGE][PASSED] - All options with label 'Alcohol Tax' are selected in object 'Object Repository/RAD_Pages/TaxTypeFilingYear_Page/select_TaxType_ExistingLiability' 

2024-03-08 00:44:36 - [TEST_STEP][PASSED] - break: null

2024-03-08 00:44:36 - [TEST_STEP][PASSED] - delay(1): Delayed 1 second(s)

2024-03-08 00:44:37 - [MESSAGE][PASSED] - Delayed 1 second(s)

2024-03-08 00:44:37 - [TEST_STEP][PASSED] - scrollToElement(findTestObject(orPath_Amount + "/input__paymentAmount"), 3): Scroll to object 'Object Repository/RAD_Pages/PaymentAmount_Page/input__paymentAmount' successfully

2024-03-08 00:44:37 - [MESSAGE][PASSED] - Scroll to object 'Object Repository/RAD_Pages/PaymentAmount_Page/input__paymentAmount' successfully

2024-03-08 00:44:37 - [TEST_STEP][PASSED] - setText(findTestObject(orPath_AddressContact + "/input_eMailAddress"), "imtiazster@gmail.com"): Text 'imtiazster@gmail.com' is set on object 'Object Repository/RAD_Pages/AddressAndContactInfo_Page/input_eMailAddress'

2024-03-08 00:44:38 - [MESSAGE][PASSED] - Text 'imtiazster@gmail.com' is set on object 'Object Repository/RAD_Pages/AddressAndContactInfo_Page/input_eMailAddress'

2024-03-08 00:44:38 - [TEST_STEP][PASSED] - setText(findTestObject(orPath_AddressContact + "/input_reEnterEMailAddress"), "iahmed@govolution.com"): Text 'iahmed@govolution.com' is set on object 'Object Repository/RAD_Pages/AddressAndContactInfo_Page/input_reEnterEMailAddress'

2024-03-08 00:44:39 - [MESSAGE][PASSED] - Text 'iahmed@govolution.com' is set on object 'Object Repository/RAD_Pages/AddressAndContactInfo_Page/input_reEnterEMailAddress'

2024-03-08 00:44:39 - [TEST_STEP][PASSED] - delay(2): Delayed 2 second(s)

2024-03-08 00:44:41 - [MESSAGE][PASSED] - Delayed 2 second(s)

2024-03-08 00:44:41 - [TEST_STEP][PASSED] - if (verifyTextPresent("The Email and Re-enter email do not match", true)): null

2024-03-08 00:44:41 - [MESSAGE][PASSED] - Text 'The Email and Re-enter email do not match' is present on page  using regular expression

2024-03-08 00:44:41 - [TEST_STEP][PASSED] - println("Emails Dont match text is present"): null

2024-03-08 00:44:41 - [TEST_STEP][PASSED] - out.println("Pass Record Number: " + row): null

2024-03-08 00:44:41 - [TEST_STEP][PASSED] - resText = "Pass": null

2024-03-08 00:44:41 - [TEST_STEP][PASSED] - pages.WriteExcel.demoKey(resText, datText, resColumn, datCloumn, fileLoc, nameSheet, row): pages.WriteExcel.demoKey is PASSED

2024-03-08 00:44:41 - [MESSAGE][PASSED] - pages.WriteExcel.demoKey is PASSED

2024-03-08 00:44:41 - [TEST_STEP][PASSED] - ExecuteTC = findTestData(dataFile).getValue("Execute", row): null

2024-03-08 00:44:41 - [TEST_STEP][PASSED] - Taxtype = findTestData(dataFile).getValue("TaxType", row): null

2024-03-08 00:44:41 - [TEST_STEP][PASSED] - Paymenttype = findTestData(dataFile).getValue("PaymentType", row): null

2024-03-08 00:44:41 - [TEST_STEP][PASSED] - out.println("Value of Execute is : " + ExecuteTC): null

2024-03-08 00:44:41 - [TEST_STEP][PASSED] - if (ExecuteTC.equalsIgnoreCase("Y")): null

2024-03-08 00:44:41 - [TEST_STEP][PASSED] - out.println("Begin Record Number: " + row): null

2024-03-08 00:44:41 - [TEST_STEP][PASSED] - today = new java.util.Date(): null

2024-03-08 00:44:41 - [TEST_STEP][PASSED] - println(today): null

2024-03-08 00:44:41 - [TEST_STEP][PASSED] - datText = today: null

2024-03-08 00:44:41 - [TEST_STEP][PASSED] - Taxtype = findTestData(dataFile).getValue("TaxType", row): null

2024-03-08 00:44:41 - [TEST_STEP][PASSED] - out.println("Taxtype value is : " + Taxtype): null

2024-03-08 00:44:41 - [TEST_STEP][PASSED] - openBrowser(""): Browser is opened with url: ''

2024-03-08 00:44:41 - [MESSAGE][WARNING] - A browser is already opened. Closing browser and opening a new one

2024-03-08 00:45:10 - [MESSAGE][INFO] - Starting 'Chrome' driver

2024-03-08 00:45:10 - [MESSAGE][INFO] - User set preference: ['acceptInsecureCerts', 'true']

2024-03-08 00:45:10 - [MESSAGE][INFO] - Action delay is set to 0 milliseconds

2024-03-08 00:45:11 - [MESSAGE][PASSED] - Browser is opened with url: ''

2024-03-08 00:45:11 - [TEST_STEP][PASSED] - maximizeWindow(): Current window maximized

2024-03-08 00:45:12 - [MESSAGE][PASSED] - Current window maximized

2024-03-08 00:45:12 - [TEST_STEP][PASSED] - navigateToUrl(RADurl): Navigate to 'https://qa2.velocitypayment.com/client/rad/index.html' successfully

2024-03-08 00:45:12 - [MESSAGE][PASSED] - Navigate to 'https://qa2.velocitypayment.com/client/rad/index.html' successfully

2024-03-08 00:45:12 - [TEST_STEP][PASSED] - orPath_Landing = "Object Repository/RAD_Pages/Landing_Page": null

2024-03-08 00:45:12 - [TEST_STEP][PASSED] - orPath_TaxTypeFilingYear = "Object Repository/RAD_Pages/TaxTypeFilingYear_Page": null

2024-03-08 00:45:12 - [TEST_STEP][PASSED] - orPath_TaxPayer = "Object Repository/RAD_Pages/Taxpayer_Page": null

2024-03-08 00:45:12 - [TEST_STEP][PASSED] - orPath_AddressContact = "Object Repository/RAD_Pages/AddressAndContactInfo_Page": null

2024-03-08 00:45:12 - [TEST_STEP][PASSED] - orPath_FilingStatus = "Object Repository/RAD_Pages/FilingStatus_Page": null

2024-03-08 00:45:12 - [TEST_STEP][PASSED] - orPath_Amount = "Object Repository/RAD_Pages/PaymentAmount_Page": null

2024-03-08 00:45:12 - [TEST_STEP][PASSED] - selectOptionByLabel(findTestObject(orPath_Landing + "/dd_TaxType"), Paymenttype, false): All options with label 'Existing Liability w/Notice Number' are selected in object 'Object Repository/RAD_Pages/Landing_Page/dd_TaxType' 

2024-03-08 00:45:14 - [MESSAGE][PASSED] - All options with label 'Existing Liability w/Notice Number' are selected in object 'Object Repository/RAD_Pages/Landing_Page/dd_TaxType' 

2024-03-08 00:45:14 - [TEST_STEP][PASSED] - delay(1): Delayed 1 second(s)

2024-03-08 00:45:15 - [MESSAGE][PASSED] - Delayed 1 second(s)

2024-03-08 00:45:15 - [TEST_STEP][PASSED] - switch (Paymenttype): null

2024-03-08 00:45:15 - [TEST_STEP][PASSED] - case "Existing Liability w/Notice Number":: null

2024-03-08 00:45:15 - [TEST_STEP][PASSED] - selectOptionByLabel(findTestObject(orPath_TaxTypeFilingYear + "/select_TaxType_ExistingLiability"), Taxtype, false): All options with label 'PTE Tax Electing Non-S Corp' are selected in object 'Object Repository/RAD_Pages/TaxTypeFilingYear_Page/select_TaxType_ExistingLiability' 

2024-03-08 00:45:16 - [MESSAGE][PASSED] - All options with label 'PTE Tax Electing Non-S Corp' are selected in object 'Object Repository/RAD_Pages/TaxTypeFilingYear_Page/select_TaxType_ExistingLiability' 

2024-03-08 00:45:16 - [TEST_STEP][PASSED] - break: null

2024-03-08 00:45:16 - [TEST_STEP][PASSED] - delay(1): Delayed 1 second(s)

2024-03-08 00:45:17 - [MESSAGE][PASSED] - Delayed 1 second(s)

2024-03-08 00:45:17 - [TEST_STEP][PASSED] - scrollToElement(findTestObject(orPath_Amount + "/input__paymentAmount"), 3): Scroll to object 'Object Repository/RAD_Pages/PaymentAmount_Page/input__paymentAmount' successfully

2024-03-08 00:45:17 - [MESSAGE][PASSED] - Scroll to object 'Object Repository/RAD_Pages/PaymentAmount_Page/input__paymentAmount' successfully

2024-03-08 00:45:17 - [TEST_STEP][PASSED] - setText(findTestObject(orPath_AddressContact + "/input_eMailAddress"), "imtiazster@gmail.com"): Text 'imtiazster@gmail.com' is set on object 'Object Repository/RAD_Pages/AddressAndContactInfo_Page/input_eMailAddress'

2024-03-08 00:45:18 - [MESSAGE][PASSED] - Text 'imtiazster@gmail.com' is set on object 'Object Repository/RAD_Pages/AddressAndContactInfo_Page/input_eMailAddress'

2024-03-08 00:45:18 - [TEST_STEP][PASSED] - setText(findTestObject(orPath_AddressContact + "/input_reEnterEMailAddress"), "iahmed@govolution.com"): Text 'iahmed@govolution.com' is set on object 'Object Repository/RAD_Pages/AddressAndContactInfo_Page/input_reEnterEMailAddress'

2024-03-08 00:45:19 - [MESSAGE][PASSED] - Text 'iahmed@govolution.com' is set on object 'Object Repository/RAD_Pages/AddressAndContactInfo_Page/input_reEnterEMailAddress'

2024-03-08 00:45:19 - [TEST_STEP][PASSED] - delay(2): Delayed 2 second(s)

2024-03-08 00:45:21 - [MESSAGE][PASSED] - Delayed 2 second(s)

2024-03-08 00:45:21 - [TEST_STEP][PASSED] - if (verifyTextPresent("The Email and Re-enter email do not match", true)): null

2024-03-08 00:45:21 - [MESSAGE][PASSED] - Text 'The Email and Re-enter email do not match' is present on page  using regular expression

2024-03-08 00:45:21 - [TEST_STEP][PASSED] - println("Emails Dont match text is present"): null

2024-03-08 00:45:21 - [TEST_STEP][PASSED] - out.println("Pass Record Number: " + row): null

2024-03-08 00:45:21 - [TEST_STEP][PASSED] - resText = "Pass": null

2024-03-08 00:45:21 - [TEST_STEP][PASSED] - pages.WriteExcel.demoKey(resText, datText, resColumn, datCloumn, fileLoc, nameSheet, row): pages.WriteExcel.demoKey is PASSED

2024-03-08 00:45:21 - [MESSAGE][PASSED] - pages.WriteExcel.demoKey is PASSED

2024-03-08 00:45:21 - [TEST_STEP][PASSED] - ExecuteTC = findTestData(dataFile).getValue("Execute", row): null

2024-03-08 00:45:21 - [TEST_STEP][PASSED] - Taxtype = findTestData(dataFile).getValue("TaxType", row): null

2024-03-08 00:45:21 - [TEST_STEP][PASSED] - Paymenttype = findTestData(dataFile).getValue("PaymentType", row): null

2024-03-08 00:45:21 - [TEST_STEP][PASSED] - out.println("Value of Execute is : " + ExecuteTC): null

2024-03-08 00:45:21 - [TEST_STEP][PASSED] - if (ExecuteTC.equalsIgnoreCase("Y")): null

2024-03-08 00:45:21 - [TEST_STEP][PASSED] - out.println("Begin Record Number: " + row): null

2024-03-08 00:45:21 - [TEST_STEP][PASSED] - today = new java.util.Date(): null

2024-03-08 00:45:21 - [TEST_STEP][PASSED] - println(today): null

2024-03-08 00:45:21 - [TEST_STEP][PASSED] - datText = today: null

2024-03-08 00:45:21 - [TEST_STEP][PASSED] - Taxtype = findTestData(dataFile).getValue("TaxType", row): null

2024-03-08 00:45:21 - [TEST_STEP][PASSED] - out.println("Taxtype value is : " + Taxtype): null

2024-03-08 00:45:21 - [TEST_STEP][PASSED] - openBrowser(""): Browser is opened with url: ''

2024-03-08 00:45:21 - [MESSAGE][WARNING] - A browser is already opened. Closing browser and opening a new one

2024-03-08 00:45:44 - [MESSAGE][INFO] - Starting 'Chrome' driver

2024-03-08 00:45:44 - [MESSAGE][INFO] - User set preference: ['acceptInsecureCerts', 'true']

2024-03-08 00:45:44 - [MESSAGE][INFO] - Action delay is set to 0 milliseconds

2024-03-08 00:45:46 - [MESSAGE][PASSED] - Browser is opened with url: ''

2024-03-08 00:45:46 - [TEST_STEP][PASSED] - maximizeWindow(): Current window maximized

2024-03-08 00:45:46 - [MESSAGE][PASSED] - Current window maximized

2024-03-08 00:45:46 - [TEST_STEP][PASSED] - navigateToUrl(RADurl): Navigate to 'https://qa2.velocitypayment.com/client/rad/index.html' successfully

2024-03-08 00:45:54 - [MESSAGE][PASSED] - Navigate to 'https://qa2.velocitypayment.com/client/rad/index.html' successfully

2024-03-08 00:45:54 - [TEST_STEP][PASSED] - orPath_Landing = "Object Repository/RAD_Pages/Landing_Page": null

2024-03-08 00:45:54 - [TEST_STEP][PASSED] - orPath_TaxTypeFilingYear = "Object Repository/RAD_Pages/TaxTypeFilingYear_Page": null

2024-03-08 00:45:54 - [TEST_STEP][PASSED] - orPath_TaxPayer = "Object Repository/RAD_Pages/Taxpayer_Page": null

2024-03-08 00:45:54 - [TEST_STEP][PASSED] - orPath_AddressContact = "Object Repository/RAD_Pages/AddressAndContactInfo_Page": null

2024-03-08 00:45:54 - [TEST_STEP][PASSED] - orPath_FilingStatus = "Object Repository/RAD_Pages/FilingStatus_Page": null

2024-03-08 00:45:54 - [TEST_STEP][PASSED] - orPath_Amount = "Object Repository/RAD_Pages/PaymentAmount_Page": null

2024-03-08 00:45:54 - [TEST_STEP][PASSED] - selectOptionByLabel(findTestObject(orPath_Landing + "/dd_TaxType"), Paymenttype, false): All options with label 'Existing Liability w/Notice Number' are selected in object 'Object Repository/RAD_Pages/Landing_Page/dd_TaxType' 

2024-03-08 00:45:54 - [MESSAGE][PASSED] - All options with label 'Existing Liability w/Notice Number' are selected in object 'Object Repository/RAD_Pages/Landing_Page/dd_TaxType' 

2024-03-08 00:45:54 - [TEST_STEP][PASSED] - delay(1): Delayed 1 second(s)

2024-03-08 00:45:55 - [MESSAGE][PASSED] - Delayed 1 second(s)

2024-03-08 00:45:55 - [TEST_STEP][PASSED] - switch (Paymenttype): null

2024-03-08 00:45:55 - [TEST_STEP][PASSED] - case "Existing Liability w/Notice Number":: null

2024-03-08 00:45:55 - [TEST_STEP][PASSED] - selectOptionByLabel(findTestObject(orPath_TaxTypeFilingYear + "/select_TaxType_ExistingLiability"), Taxtype, false): All options with label 'PTE Tax Electing S Corp' are selected in object 'Object Repository/RAD_Pages/TaxTypeFilingYear_Page/select_TaxType_ExistingLiability' 

2024-03-08 00:45:56 - [MESSAGE][PASSED] - All options with label 'PTE Tax Electing S Corp' are selected in object 'Object Repository/RAD_Pages/TaxTypeFilingYear_Page/select_TaxType_ExistingLiability' 

2024-03-08 00:45:56 - [TEST_STEP][PASSED] - break: null

2024-03-08 00:45:56 - [TEST_STEP][PASSED] - delay(1): Delayed 1 second(s)

2024-03-08 00:45:57 - [MESSAGE][PASSED] - Delayed 1 second(s)

2024-03-08 00:45:57 - [TEST_STEP][PASSED] - scrollToElement(findTestObject(orPath_Amount + "/input__paymentAmount"), 3): Scroll to object 'Object Repository/RAD_Pages/PaymentAmount_Page/input__paymentAmount' successfully

2024-03-08 00:45:57 - [MESSAGE][PASSED] - Scroll to object 'Object Repository/RAD_Pages/PaymentAmount_Page/input__paymentAmount' successfully

2024-03-08 00:45:57 - [TEST_STEP][PASSED] - setText(findTestObject(orPath_AddressContact + "/input_eMailAddress"), "imtiazster@gmail.com"): Text 'imtiazster@gmail.com' is set on object 'Object Repository/RAD_Pages/AddressAndContactInfo_Page/input_eMailAddress'

2024-03-08 00:45:58 - [MESSAGE][PASSED] - Text 'imtiazster@gmail.com' is set on object 'Object Repository/RAD_Pages/AddressAndContactInfo_Page/input_eMailAddress'

2024-03-08 00:45:58 - [TEST_STEP][PASSED] - setText(findTestObject(orPath_AddressContact + "/input_reEnterEMailAddress"), "iahmed@govolution.com"): Text 'iahmed@govolution.com' is set on object 'Object Repository/RAD_Pages/AddressAndContactInfo_Page/input_reEnterEMailAddress'

2024-03-08 00:45:59 - [MESSAGE][PASSED] - Text 'iahmed@govolution.com' is set on object 'Object Repository/RAD_Pages/AddressAndContactInfo_Page/input_reEnterEMailAddress'

2024-03-08 00:45:59 - [TEST_STEP][PASSED] - delay(2): Delayed 2 second(s)

2024-03-08 00:46:01 - [MESSAGE][PASSED] - Delayed 2 second(s)

2024-03-08 00:46:01 - [TEST_STEP][PASSED] - if (verifyTextPresent("The Email and Re-enter email do not match", true)): null

2024-03-08 00:46:01 - [MESSAGE][PASSED] - Text 'The Email and Re-enter email do not match' is present on page  using regular expression

2024-03-08 00:46:01 - [TEST_STEP][PASSED] - println("Emails Dont match text is present"): null

2024-03-08 00:46:01 - [TEST_STEP][PASSED] - out.println("Pass Record Number: " + row): null

2024-03-08 00:46:01 - [TEST_STEP][PASSED] - resText = "Pass": null

2024-03-08 00:46:01 - [TEST_STEP][PASSED] - pages.WriteExcel.demoKey(resText, datText, resColumn, datCloumn, fileLoc, nameSheet, row): pages.WriteExcel.demoKey is PASSED

2024-03-08 00:46:02 - [MESSAGE][PASSED] - pages.WriteExcel.demoKey is PASSED

2024-03-08 00:46:02 - [TEST_STEP][PASSED] - ExecuteTC = findTestData(dataFile).getValue("Execute", row): null

2024-03-08 00:46:02 - [TEST_STEP][PASSED] - Taxtype = findTestData(dataFile).getValue("TaxType", row): null

2024-03-08 00:46:02 - [TEST_STEP][PASSED] - Paymenttype = findTestData(dataFile).getValue("PaymentType", row): null

2024-03-08 00:46:02 - [TEST_STEP][PASSED] - out.println("Value of Execute is : " + ExecuteTC): null

2024-03-08 00:46:02 - [TEST_STEP][PASSED] - if (ExecuteTC.equalsIgnoreCase("Y")): null

2024-03-08 00:46:02 - [TEST_STEP][PASSED] - out.println("Begin Record Number: " + row): null

2024-03-08 00:46:02 - [TEST_STEP][PASSED] - today = new java.util.Date(): null

2024-03-08 00:46:02 - [TEST_STEP][PASSED] - println(today): null

2024-03-08 00:46:02 - [TEST_STEP][PASSED] - datText = today: null

2024-03-08 00:46:02 - [TEST_STEP][PASSED] - Taxtype = findTestData(dataFile).getValue("TaxType", row): null

2024-03-08 00:46:02 - [TEST_STEP][PASSED] - out.println("Taxtype value is : " + Taxtype): null

2024-03-08 00:46:02 - [TEST_STEP][PASSED] - openBrowser(""): Browser is opened with url: ''

2024-03-08 00:46:02 - [MESSAGE][WARNING] - A browser is already opened. Closing browser and opening a new one

2024-03-08 00:46:35 - [MESSAGE][INFO] - Starting 'Chrome' driver

2024-03-08 00:46:35 - [MESSAGE][INFO] - User set preference: ['acceptInsecureCerts', 'true']

2024-03-08 00:46:35 - [MESSAGE][INFO] - Action delay is set to 0 milliseconds

2024-03-08 00:46:37 - [MESSAGE][PASSED] - Browser is opened with url: ''

2024-03-08 00:46:37 - [TEST_STEP][PASSED] - maximizeWindow(): Current window maximized

2024-03-08 00:46:37 - [MESSAGE][PASSED] - Current window maximized

2024-03-08 00:46:37 - [TEST_STEP][PASSED] - navigateToUrl(RADurl): Navigate to 'https://qa2.velocitypayment.com/client/rad/index.html' successfully

2024-03-08 00:46:44 - [MESSAGE][PASSED] - Navigate to 'https://qa2.velocitypayment.com/client/rad/index.html' successfully

2024-03-08 00:46:44 - [TEST_STEP][PASSED] - orPath_Landing = "Object Repository/RAD_Pages/Landing_Page": null

2024-03-08 00:46:44 - [TEST_STEP][PASSED] - orPath_TaxTypeFilingYear = "Object Repository/RAD_Pages/TaxTypeFilingYear_Page": null

2024-03-08 00:46:44 - [TEST_STEP][PASSED] - orPath_TaxPayer = "Object Repository/RAD_Pages/Taxpayer_Page": null

2024-03-08 00:46:44 - [TEST_STEP][PASSED] - orPath_AddressContact = "Object Repository/RAD_Pages/AddressAndContactInfo_Page": null

2024-03-08 00:46:44 - [TEST_STEP][PASSED] - orPath_FilingStatus = "Object Repository/RAD_Pages/FilingStatus_Page": null

2024-03-08 00:46:44 - [TEST_STEP][PASSED] - orPath_Amount = "Object Repository/RAD_Pages/PaymentAmount_Page": null

2024-03-08 00:46:44 - [TEST_STEP][PASSED] - selectOptionByLabel(findTestObject(orPath_Landing + "/dd_TaxType"), Paymenttype, false): All options with label 'Existing Liability w/Notice Number' are selected in object 'Object Repository/RAD_Pages/Landing_Page/dd_TaxType' 

2024-03-08 00:46:44 - [MESSAGE][PASSED] - All options with label 'Existing Liability w/Notice Number' are selected in object 'Object Repository/RAD_Pages/Landing_Page/dd_TaxType' 

2024-03-08 00:46:44 - [TEST_STEP][PASSED] - delay(1): Delayed 1 second(s)

2024-03-08 00:46:45 - [MESSAGE][PASSED] - Delayed 1 second(s)

2024-03-08 00:46:45 - [TEST_STEP][PASSED] - switch (Paymenttype): null

2024-03-08 00:46:45 - [TEST_STEP][PASSED] - case "Existing Liability w/Notice Number":: null

2024-03-08 00:46:45 - [TEST_STEP][PASSED] - selectOptionByLabel(findTestObject(orPath_TaxTypeFilingYear + "/select_TaxType_ExistingLiability"), Taxtype, false): All options with label 'Personal Income Tax' are selected in object 'Object Repository/RAD_Pages/TaxTypeFilingYear_Page/select_TaxType_ExistingLiability' 

2024-03-08 00:46:46 - [MESSAGE][PASSED] - All options with label 'Personal Income Tax' are selected in object 'Object Repository/RAD_Pages/TaxTypeFilingYear_Page/select_TaxType_ExistingLiability' 

2024-03-08 00:46:46 - [TEST_STEP][PASSED] - break: null

2024-03-08 00:46:46 - [TEST_STEP][PASSED] - delay(1): Delayed 1 second(s)

2024-03-08 00:46:47 - [MESSAGE][PASSED] - Delayed 1 second(s)

2024-03-08 00:46:47 - [TEST_STEP][PASSED] - scrollToElement(findTestObject(orPath_Amount + "/input__paymentAmount"), 3): Scroll to object 'Object Repository/RAD_Pages/PaymentAmount_Page/input__paymentAmount' successfully

2024-03-08 00:46:47 - [MESSAGE][PASSED] - Scroll to object 'Object Repository/RAD_Pages/PaymentAmount_Page/input__paymentAmount' successfully

2024-03-08 00:46:47 - [TEST_STEP][PASSED] - setText(findTestObject(orPath_AddressContact + "/input_eMailAddress"), "imtiazster@gmail.com"): Text 'imtiazster@gmail.com' is set on object 'Object Repository/RAD_Pages/AddressAndContactInfo_Page/input_eMailAddress'

2024-03-08 00:46:48 - [MESSAGE][PASSED] - Text 'imtiazster@gmail.com' is set on object 'Object Repository/RAD_Pages/AddressAndContactInfo_Page/input_eMailAddress'

2024-03-08 00:46:48 - [TEST_STEP][PASSED] - setText(findTestObject(orPath_AddressContact + "/input_reEnterEMailAddress"), "iahmed@govolution.com"): Text 'iahmed@govolution.com' is set on object 'Object Repository/RAD_Pages/AddressAndContactInfo_Page/input_reEnterEMailAddress'

2024-03-08 00:46:49 - [MESSAGE][PASSED] - Text 'iahmed@govolution.com' is set on object 'Object Repository/RAD_Pages/AddressAndContactInfo_Page/input_reEnterEMailAddress'

2024-03-08 00:46:49 - [TEST_STEP][PASSED] - delay(2): Delayed 2 second(s)

2024-03-08 00:46:51 - [MESSAGE][PASSED] - Delayed 2 second(s)

2024-03-08 00:46:51 - [TEST_STEP][PASSED] - if (verifyTextPresent("The Email and Re-enter email do not match", true)): null

2024-03-08 00:46:51 - [MESSAGE][PASSED] - Text 'The Email and Re-enter email do not match' is present on page  using regular expression

2024-03-08 00:46:51 - [TEST_STEP][PASSED] - println("Emails Dont match text is present"): null

2024-03-08 00:46:51 - [TEST_STEP][PASSED] - out.println("Pass Record Number: " + row): null

2024-03-08 00:46:51 - [TEST_STEP][PASSED] - resText = "Pass": null

2024-03-08 00:46:51 - [TEST_STEP][PASSED] - pages.WriteExcel.demoKey(resText, datText, resColumn, datCloumn, fileLoc, nameSheet, row): pages.WriteExcel.demoKey is PASSED

2024-03-08 00:46:51 - [MESSAGE][PASSED] - pages.WriteExcel.demoKey is PASSED

2024-03-08 00:46:51 - [TEST_STEP][PASSED] - ExecuteTC = findTestData(dataFile).getValue("Execute", row): null

2024-03-08 00:46:51 - [TEST_STEP][PASSED] - Taxtype = findTestData(dataFile).getValue("TaxType", row): null

2024-03-08 00:46:52 - [TEST_STEP][PASSED] - Paymenttype = findTestData(dataFile).getValue("PaymentType", row): null

2024-03-08 00:46:52 - [TEST_STEP][PASSED] - out.println("Value of Execute is : " + ExecuteTC): null

2024-03-08 00:46:52 - [TEST_STEP][PASSED] - if (ExecuteTC.equalsIgnoreCase("Y")): null

2024-03-08 00:46:52 - [TEST_STEP][PASSED] - out.println("Begin Record Number: " + row): null

2024-03-08 00:46:52 - [TEST_STEP][PASSED] - today = new java.util.Date(): null

2024-03-08 00:46:52 - [TEST_STEP][PASSED] - println(today): null

2024-03-08 00:46:52 - [TEST_STEP][PASSED] - datText = today: null

2024-03-08 00:46:52 - [TEST_STEP][PASSED] - Taxtype = findTestData(dataFile).getValue("TaxType", row): null

2024-03-08 00:46:52 - [TEST_STEP][PASSED] - out.println("Taxtype value is : " + Taxtype): null

2024-03-08 00:46:52 - [TEST_STEP][PASSED] - openBrowser(""): Browser is opened with url: ''

2024-03-08 00:46:52 - [MESSAGE][WARNING] - A browser is already opened. Closing browser and opening a new one

2024-03-08 00:47:05 - [MESSAGE][INFO] - Starting 'Chrome' driver

2024-03-08 00:47:05 - [MESSAGE][INFO] - User set preference: ['acceptInsecureCerts', 'true']

2024-03-08 00:47:05 - [MESSAGE][INFO] - Action delay is set to 0 milliseconds

2024-03-08 00:47:07 - [MESSAGE][PASSED] - Browser is opened with url: ''

2024-03-08 00:47:07 - [TEST_STEP][PASSED] - maximizeWindow(): Current window maximized

2024-03-08 00:47:07 - [MESSAGE][PASSED] - Current window maximized

2024-03-08 00:47:07 - [TEST_STEP][PASSED] - navigateToUrl(RADurl): Navigate to 'https://qa2.velocitypayment.com/client/rad/index.html' successfully

2024-03-08 00:47:15 - [MESSAGE][PASSED] - Navigate to 'https://qa2.velocitypayment.com/client/rad/index.html' successfully

2024-03-08 00:47:15 - [TEST_STEP][PASSED] - orPath_Landing = "Object Repository/RAD_Pages/Landing_Page": null

2024-03-08 00:47:15 - [TEST_STEP][PASSED] - orPath_TaxTypeFilingYear = "Object Repository/RAD_Pages/TaxTypeFilingYear_Page": null

2024-03-08 00:47:15 - [TEST_STEP][PASSED] - orPath_TaxPayer = "Object Repository/RAD_Pages/Taxpayer_Page": null

2024-03-08 00:47:15 - [TEST_STEP][PASSED] - orPath_AddressContact = "Object Repository/RAD_Pages/AddressAndContactInfo_Page": null

2024-03-08 00:47:15 - [TEST_STEP][PASSED] - orPath_FilingStatus = "Object Repository/RAD_Pages/FilingStatus_Page": null

2024-03-08 00:47:15 - [TEST_STEP][PASSED] - orPath_Amount = "Object Repository/RAD_Pages/PaymentAmount_Page": null

2024-03-08 00:47:15 - [TEST_STEP][PASSED] - selectOptionByLabel(findTestObject(orPath_Landing + "/dd_TaxType"), Paymenttype, false): All options with label 'Quarterly Estimated Tax' are selected in object 'Object Repository/RAD_Pages/Landing_Page/dd_TaxType' 

2024-03-08 00:47:16 - [MESSAGE][PASSED] - All options with label 'Quarterly Estimated Tax' are selected in object 'Object Repository/RAD_Pages/Landing_Page/dd_TaxType' 

2024-03-08 00:47:16 - [TEST_STEP][PASSED] - delay(1): Delayed 1 second(s)

2024-03-08 00:47:17 - [MESSAGE][PASSED] - Delayed 1 second(s)

2024-03-08 00:47:17 - [TEST_STEP][PASSED] - switch (Paymenttype): null

2024-03-08 00:47:17 - [TEST_STEP][PASSED] - case "Quarterly Estimated Tax":: null

2024-03-08 00:47:17 - [TEST_STEP][PASSED] - selectOptionByLabel(findTestObject(orPath_TaxTypeFilingYear + "/select_PaymentType"), Taxtype, false): All options with label 'Corporate Income Tax' are selected in object 'Object Repository/RAD_Pages/TaxTypeFilingYear_Page/select_PaymentType' 

2024-03-08 00:47:17 - [MESSAGE][PASSED] - All options with label 'Corporate Income Tax' are selected in object 'Object Repository/RAD_Pages/TaxTypeFilingYear_Page/select_PaymentType' 

2024-03-08 00:47:17 - [TEST_STEP][PASSED] - break: null

2024-03-08 00:47:17 - [TEST_STEP][PASSED] - delay(1): Delayed 1 second(s)

2024-03-08 00:47:18 - [MESSAGE][PASSED] - Delayed 1 second(s)

2024-03-08 00:47:18 - [TEST_STEP][PASSED] - scrollToElement(findTestObject(orPath_Amount + "/input__paymentAmount"), 3): Scroll to object 'Object Repository/RAD_Pages/PaymentAmount_Page/input__paymentAmount' successfully

2024-03-08 00:47:19 - [MESSAGE][PASSED] - Scroll to object 'Object Repository/RAD_Pages/PaymentAmount_Page/input__paymentAmount' successfully

2024-03-08 00:47:19 - [TEST_STEP][PASSED] - setText(findTestObject(orPath_AddressContact + "/input_eMailAddress"), "imtiazster@gmail.com"): Text 'imtiazster@gmail.com' is set on object 'Object Repository/RAD_Pages/AddressAndContactInfo_Page/input_eMailAddress'

2024-03-08 00:47:20 - [MESSAGE][PASSED] - Text 'imtiazster@gmail.com' is set on object 'Object Repository/RAD_Pages/AddressAndContactInfo_Page/input_eMailAddress'

2024-03-08 00:47:20 - [TEST_STEP][PASSED] - setText(findTestObject(orPath_AddressContact + "/input_reEnterEMailAddress"), "iahmed@govolution.com"): Text 'iahmed@govolution.com' is set on object 'Object Repository/RAD_Pages/AddressAndContactInfo_Page/input_reEnterEMailAddress'

2024-03-08 00:47:20 - [MESSAGE][PASSED] - Text 'iahmed@govolution.com' is set on object 'Object Repository/RAD_Pages/AddressAndContactInfo_Page/input_reEnterEMailAddress'

2024-03-08 00:47:20 - [TEST_STEP][PASSED] - delay(2): Delayed 2 second(s)

2024-03-08 00:47:22 - [MESSAGE][PASSED] - Delayed 2 second(s)

2024-03-08 00:47:22 - [TEST_STEP][PASSED] - if (verifyTextPresent("The Email and Re-enter email do not match", true)): null

2024-03-08 00:47:23 - [MESSAGE][PASSED] - Text 'The Email and Re-enter email do not match' is present on page  using regular expression

2024-03-08 00:47:23 - [TEST_STEP][PASSED] - println("Emails Dont match text is present"): null

2024-03-08 00:47:23 - [TEST_STEP][PASSED] - out.println("Pass Record Number: " + row): null

2024-03-08 00:47:23 - [TEST_STEP][PASSED] - resText = "Pass": null

2024-03-08 00:47:23 - [TEST_STEP][PASSED] - pages.WriteExcel.demoKey(resText, datText, resColumn, datCloumn, fileLoc, nameSheet, row): pages.WriteExcel.demoKey is PASSED

2024-03-08 00:47:23 - [MESSAGE][PASSED] - pages.WriteExcel.demoKey is PASSED

2024-03-08 00:47:23 - [TEST_STEP][PASSED] - ExecuteTC = findTestData(dataFile).getValue("Execute", row): null

2024-03-08 00:47:23 - [TEST_STEP][PASSED] - Taxtype = findTestData(dataFile).getValue("TaxType", row): null

2024-03-08 00:47:23 - [TEST_STEP][PASSED] - Paymenttype = findTestData(dataFile).getValue("PaymentType", row): null

2024-03-08 00:47:23 - [TEST_STEP][PASSED] - out.println("Value of Execute is : " + ExecuteTC): null

2024-03-08 00:47:23 - [TEST_STEP][PASSED] - if (ExecuteTC.equalsIgnoreCase("Y")): null

2024-03-08 00:47:23 - [TEST_STEP][PASSED] - out.println("Begin Record Number: " + row): null

2024-03-08 00:47:23 - [TEST_STEP][PASSED] - today = new java.util.Date(): null

2024-03-08 00:47:23 - [TEST_STEP][PASSED] - println(today): null

2024-03-08 00:47:23 - [TEST_STEP][PASSED] - datText = today: null

2024-03-08 00:47:23 - [TEST_STEP][PASSED] - Taxtype = findTestData(dataFile).getValue("TaxType", row): null

2024-03-08 00:47:23 - [TEST_STEP][PASSED] - out.println("Taxtype value is : " + Taxtype): null

2024-03-08 00:47:23 - [TEST_STEP][PASSED] - openBrowser(""): Browser is opened with url: ''

2024-03-08 00:47:23 - [MESSAGE][WARNING] - A browser is already opened. Closing browser and opening a new one

2024-03-08 00:47:49 - [MESSAGE][INFO] - Starting 'Chrome' driver

2024-03-08 00:47:49 - [MESSAGE][INFO] - User set preference: ['acceptInsecureCerts', 'true']

2024-03-08 00:47:49 - [MESSAGE][INFO] - Action delay is set to 0 milliseconds

2024-03-08 00:47:51 - [MESSAGE][PASSED] - Browser is opened with url: ''

2024-03-08 00:47:51 - [TEST_STEP][PASSED] - maximizeWindow(): Current window maximized

2024-03-08 00:47:51 - [MESSAGE][PASSED] - Current window maximized

2024-03-08 00:47:51 - [TEST_STEP][PASSED] - navigateToUrl(RADurl): Navigate to 'https://qa2.velocitypayment.com/client/rad/index.html' successfully

2024-03-08 00:47:58 - [MESSAGE][PASSED] - Navigate to 'https://qa2.velocitypayment.com/client/rad/index.html' successfully

2024-03-08 00:47:58 - [TEST_STEP][PASSED] - orPath_Landing = "Object Repository/RAD_Pages/Landing_Page": null

2024-03-08 00:47:58 - [TEST_STEP][PASSED] - orPath_TaxTypeFilingYear = "Object Repository/RAD_Pages/TaxTypeFilingYear_Page": null

2024-03-08 00:47:58 - [TEST_STEP][PASSED] - orPath_TaxPayer = "Object Repository/RAD_Pages/Taxpayer_Page": null

2024-03-08 00:47:58 - [TEST_STEP][PASSED] - orPath_AddressContact = "Object Repository/RAD_Pages/AddressAndContactInfo_Page": null

2024-03-08 00:47:58 - [TEST_STEP][PASSED] - orPath_FilingStatus = "Object Repository/RAD_Pages/FilingStatus_Page": null

2024-03-08 00:47:58 - [TEST_STEP][PASSED] - orPath_Amount = "Object Repository/RAD_Pages/PaymentAmount_Page": null

2024-03-08 00:47:58 - [TEST_STEP][PASSED] - selectOptionByLabel(findTestObject(orPath_Landing + "/dd_TaxType"), Paymenttype, false): All options with label 'Quarterly Estimated Tax' are selected in object 'Object Repository/RAD_Pages/Landing_Page/dd_TaxType' 

2024-03-08 00:47:58 - [MESSAGE][PASSED] - All options with label 'Quarterly Estimated Tax' are selected in object 'Object Repository/RAD_Pages/Landing_Page/dd_TaxType' 

2024-03-08 00:47:58 - [TEST_STEP][PASSED] - delay(1): Delayed 1 second(s)

2024-03-08 00:47:59 - [MESSAGE][PASSED] - Delayed 1 second(s)

2024-03-08 00:47:59 - [TEST_STEP][PASSED] - switch (Paymenttype): null

2024-03-08 00:47:59 - [TEST_STEP][PASSED] - case "Quarterly Estimated Tax":: null

2024-03-08 00:47:59 - [TEST_STEP][PASSED] - selectOptionByLabel(findTestObject(orPath_TaxTypeFilingYear + "/select_PaymentType"), Taxtype, false): All options with label 'Fiduciary Tax' are selected in object 'Object Repository/RAD_Pages/TaxTypeFilingYear_Page/select_PaymentType' 

2024-03-08 00:48:00 - [MESSAGE][PASSED] - All options with label 'Fiduciary Tax' are selected in object 'Object Repository/RAD_Pages/TaxTypeFilingYear_Page/select_PaymentType' 

2024-03-08 00:48:00 - [TEST_STEP][PASSED] - break: null

2024-03-08 00:48:00 - [TEST_STEP][PASSED] - delay(1): Delayed 1 second(s)

2024-03-08 00:48:01 - [MESSAGE][PASSED] - Delayed 1 second(s)

2024-03-08 00:48:01 - [TEST_STEP][PASSED] - scrollToElement(findTestObject(orPath_Amount + "/input__paymentAmount"), 3): Scroll to object 'Object Repository/RAD_Pages/PaymentAmount_Page/input__paymentAmount' successfully

2024-03-08 00:48:01 - [MESSAGE][PASSED] - Scroll to object 'Object Repository/RAD_Pages/PaymentAmount_Page/input__paymentAmount' successfully

2024-03-08 00:48:01 - [TEST_STEP][PASSED] - setText(findTestObject(orPath_AddressContact + "/input_eMailAddress"), "imtiazster@gmail.com"): Text 'imtiazster@gmail.com' is set on object 'Object Repository/RAD_Pages/AddressAndContactInfo_Page/input_eMailAddress'

2024-03-08 00:48:02 - [MESSAGE][PASSED] - Text 'imtiazster@gmail.com' is set on object 'Object Repository/RAD_Pages/AddressAndContactInfo_Page/input_eMailAddress'

2024-03-08 00:48:02 - [TEST_STEP][PASSED] - setText(findTestObject(orPath_AddressContact + "/input_reEnterEMailAddress"), "iahmed@govolution.com"): Text 'iahmed@govolution.com' is set on object 'Object Repository/RAD_Pages/AddressAndContactInfo_Page/input_reEnterEMailAddress'

2024-03-08 00:48:03 - [MESSAGE][PASSED] - Text 'iahmed@govolution.com' is set on object 'Object Repository/RAD_Pages/AddressAndContactInfo_Page/input_reEnterEMailAddress'

2024-03-08 00:48:03 - [TEST_STEP][PASSED] - delay(2): Delayed 2 second(s)

2024-03-08 00:48:05 - [MESSAGE][PASSED] - Delayed 2 second(s)

2024-03-08 00:48:05 - [TEST_STEP][PASSED] - if (verifyTextPresent("The Email and Re-enter email do not match", true)): null

2024-03-08 00:48:06 - [MESSAGE][PASSED] - Text 'The Email and Re-enter email do not match' is present on page  using regular expression

2024-03-08 00:48:06 - [TEST_STEP][PASSED] - println("Emails Dont match text is present"): null

2024-03-08 00:48:06 - [TEST_STEP][PASSED] - out.println("Pass Record Number: " + row): null

2024-03-08 00:48:06 - [TEST_STEP][PASSED] - resText = "Pass": null

2024-03-08 00:48:06 - [TEST_STEP][PASSED] - pages.WriteExcel.demoKey(resText, datText, resColumn, datCloumn, fileLoc, nameSheet, row): pages.WriteExcel.demoKey is PASSED

2024-03-08 00:48:06 - [MESSAGE][PASSED] - pages.WriteExcel.demoKey is PASSED

2024-03-08 00:48:06 - [TEST_STEP][PASSED] - ExecuteTC = findTestData(dataFile).getValue("Execute", row): null

2024-03-08 00:48:06 - [TEST_STEP][PASSED] - Taxtype = findTestData(dataFile).getValue("TaxType", row): null

2024-03-08 00:48:06 - [TEST_STEP][PASSED] - Paymenttype = findTestData(dataFile).getValue("PaymentType", row): null

2024-03-08 00:48:06 - [TEST_STEP][PASSED] - out.println("Value of Execute is : " + ExecuteTC): null

2024-03-08 00:48:06 - [TEST_STEP][PASSED] - if (ExecuteTC.equalsIgnoreCase("Y")): null

2024-03-08 00:48:06 - [TEST_STEP][PASSED] - out.println("Begin Record Number: " + row): null

2024-03-08 00:48:06 - [TEST_STEP][PASSED] - today = new java.util.Date(): null

2024-03-08 00:48:06 - [TEST_STEP][PASSED] - println(today): null

2024-03-08 00:48:06 - [TEST_STEP][PASSED] - datText = today: null

2024-03-08 00:48:06 - [TEST_STEP][PASSED] - Taxtype = findTestData(dataFile).getValue("TaxType", row): null

2024-03-08 00:48:06 - [TEST_STEP][PASSED] - out.println("Taxtype value is : " + Taxtype): null

2024-03-08 00:48:06 - [TEST_STEP][PASSED] - openBrowser(""): Browser is opened with url: ''

2024-03-08 00:48:06 - [MESSAGE][WARNING] - A browser is already opened. Closing browser and opening a new one

2024-03-08 00:48:26 - [MESSAGE][INFO] - Starting 'Chrome' driver

2024-03-08 00:48:26 - [MESSAGE][INFO] - User set preference: ['acceptInsecureCerts', 'true']

2024-03-08 00:48:26 - [MESSAGE][INFO] - Action delay is set to 0 milliseconds

2024-03-08 00:48:27 - [MESSAGE][PASSED] - Browser is opened with url: ''

2024-03-08 00:48:27 - [TEST_STEP][PASSED] - maximizeWindow(): Current window maximized

2024-03-08 00:48:27 - [MESSAGE][PASSED] - Current window maximized

2024-03-08 00:48:27 - [TEST_STEP][PASSED] - navigateToUrl(RADurl): Navigate to 'https://qa2.velocitypayment.com/client/rad/index.html' successfully

2024-03-08 00:48:34 - [MESSAGE][PASSED] - Navigate to 'https://qa2.velocitypayment.com/client/rad/index.html' successfully

2024-03-08 00:48:34 - [TEST_STEP][PASSED] - orPath_Landing = "Object Repository/RAD_Pages/Landing_Page": null

2024-03-08 00:48:34 - [TEST_STEP][PASSED] - orPath_TaxTypeFilingYear = "Object Repository/RAD_Pages/TaxTypeFilingYear_Page": null

2024-03-08 00:48:34 - [TEST_STEP][PASSED] - orPath_TaxPayer = "Object Repository/RAD_Pages/Taxpayer_Page": null

2024-03-08 00:48:34 - [TEST_STEP][PASSED] - orPath_AddressContact = "Object Repository/RAD_Pages/AddressAndContactInfo_Page": null

2024-03-08 00:48:34 - [TEST_STEP][PASSED] - orPath_FilingStatus = "Object Repository/RAD_Pages/FilingStatus_Page": null

2024-03-08 00:48:34 - [TEST_STEP][PASSED] - orPath_Amount = "Object Repository/RAD_Pages/PaymentAmount_Page": null

2024-03-08 00:48:34 - [TEST_STEP][PASSED] - selectOptionByLabel(findTestObject(orPath_Landing + "/dd_TaxType"), Paymenttype, false): All options with label 'Quarterly Estimated Tax' are selected in object 'Object Repository/RAD_Pages/Landing_Page/dd_TaxType' 

2024-03-08 00:48:35 - [MESSAGE][PASSED] - All options with label 'Quarterly Estimated Tax' are selected in object 'Object Repository/RAD_Pages/Landing_Page/dd_TaxType' 

2024-03-08 00:48:35 - [TEST_STEP][PASSED] - delay(1): Delayed 1 second(s)

2024-03-08 00:48:36 - [MESSAGE][PASSED] - Delayed 1 second(s)

2024-03-08 00:48:36 - [TEST_STEP][PASSED] - switch (Paymenttype): null

2024-03-08 00:48:36 - [TEST_STEP][PASSED] - case "Quarterly Estimated Tax":: null

2024-03-08 00:48:36 - [TEST_STEP][PASSED] - selectOptionByLabel(findTestObject(orPath_TaxTypeFilingYear + "/select_PaymentType"), Taxtype, false): All options with label 'PTE Non-Electing Non-S Corp' are selected in object 'Object Repository/RAD_Pages/TaxTypeFilingYear_Page/select_PaymentType' 

2024-03-08 00:48:36 - [MESSAGE][PASSED] - All options with label 'PTE Non-Electing Non-S Corp' are selected in object 'Object Repository/RAD_Pages/TaxTypeFilingYear_Page/select_PaymentType' 

2024-03-08 00:48:36 - [TEST_STEP][PASSED] - break: null

2024-03-08 00:48:36 - [TEST_STEP][PASSED] - delay(1): Delayed 1 second(s)

2024-03-08 00:48:37 - [MESSAGE][PASSED] - Delayed 1 second(s)

2024-03-08 00:48:37 - [TEST_STEP][PASSED] - scrollToElement(findTestObject(orPath_Amount + "/input__paymentAmount"), 3): Scroll to object 'Object Repository/RAD_Pages/PaymentAmount_Page/input__paymentAmount' successfully

2024-03-08 00:48:38 - [MESSAGE][PASSED] - Scroll to object 'Object Repository/RAD_Pages/PaymentAmount_Page/input__paymentAmount' successfully

2024-03-08 00:48:38 - [TEST_STEP][PASSED] - setText(findTestObject(orPath_AddressContact + "/input_eMailAddress"), "imtiazster@gmail.com"): Text 'imtiazster@gmail.com' is set on object 'Object Repository/RAD_Pages/AddressAndContactInfo_Page/input_eMailAddress'

2024-03-08 00:48:39 - [MESSAGE][PASSED] - Text 'imtiazster@gmail.com' is set on object 'Object Repository/RAD_Pages/AddressAndContactInfo_Page/input_eMailAddress'

2024-03-08 00:48:39 - [TEST_STEP][PASSED] - setText(findTestObject(orPath_AddressContact + "/input_reEnterEMailAddress"), "iahmed@govolution.com"): Text 'iahmed@govolution.com' is set on object 'Object Repository/RAD_Pages/AddressAndContactInfo_Page/input_reEnterEMailAddress'

2024-03-08 00:48:39 - [MESSAGE][PASSED] - Text 'iahmed@govolution.com' is set on object 'Object Repository/RAD_Pages/AddressAndContactInfo_Page/input_reEnterEMailAddress'

2024-03-08 00:48:39 - [TEST_STEP][PASSED] - delay(2): Delayed 2 second(s)

2024-03-08 00:48:41 - [MESSAGE][PASSED] - Delayed 2 second(s)

2024-03-08 00:48:41 - [TEST_STEP][PASSED] - if (verifyTextPresent("The Email and Re-enter email do not match", true)): null

2024-03-08 00:48:42 - [MESSAGE][PASSED] - Text 'The Email and Re-enter email do not match' is present on page  using regular expression

2024-03-08 00:48:42 - [TEST_STEP][PASSED] - println("Emails Dont match text is present"): null

2024-03-08 00:48:42 - [TEST_STEP][PASSED] - out.println("Pass Record Number: " + row): null

2024-03-08 00:48:42 - [TEST_STEP][PASSED] - resText = "Pass": null

2024-03-08 00:48:42 - [TEST_STEP][PASSED] - pages.WriteExcel.demoKey(resText, datText, resColumn, datCloumn, fileLoc, nameSheet, row): pages.WriteExcel.demoKey is PASSED

2024-03-08 00:48:42 - [MESSAGE][PASSED] - pages.WriteExcel.demoKey is PASSED

2024-03-08 00:48:42 - [TEST_STEP][PASSED] - ExecuteTC = findTestData(dataFile).getValue("Execute", row): null

2024-03-08 00:48:42 - [TEST_STEP][PASSED] - Taxtype = findTestData(dataFile).getValue("TaxType", row): null

2024-03-08 00:48:42 - [TEST_STEP][PASSED] - Paymenttype = findTestData(dataFile).getValue("PaymentType", row): null

2024-03-08 00:48:42 - [TEST_STEP][PASSED] - out.println("Value of Execute is : " + ExecuteTC): null

2024-03-08 00:48:42 - [TEST_STEP][PASSED] - if (ExecuteTC.equalsIgnoreCase("Y")): null

2024-03-08 00:48:42 - [TEST_STEP][PASSED] - out.println("Begin Record Number: " + row): null

2024-03-08 00:48:42 - [TEST_STEP][PASSED] - today = new java.util.Date(): null

2024-03-08 00:48:42 - [TEST_STEP][PASSED] - println(today): null

2024-03-08 00:48:42 - [TEST_STEP][PASSED] - datText = today: null

2024-03-08 00:48:42 - [TEST_STEP][PASSED] - Taxtype = findTestData(dataFile).getValue("TaxType", row): null

2024-03-08 00:48:42 - [TEST_STEP][PASSED] - out.println("Taxtype value is : " + Taxtype): null

2024-03-08 00:48:42 - [TEST_STEP][PASSED] - openBrowser(""): Browser is opened with url: ''

2024-03-08 00:48:42 - [MESSAGE][WARNING] - A browser is already opened. Closing browser and opening a new one

2024-03-08 00:49:03 - [MESSAGE][INFO] - Starting 'Chrome' driver

2024-03-08 00:49:03 - [MESSAGE][INFO] - User set preference: ['acceptInsecureCerts', 'true']

2024-03-08 00:49:03 - [MESSAGE][INFO] - Action delay is set to 0 milliseconds

2024-03-08 00:49:04 - [MESSAGE][PASSED] - Browser is opened with url: ''

2024-03-08 00:49:04 - [TEST_STEP][PASSED] - maximizeWindow(): Current window maximized

2024-03-08 00:49:04 - [MESSAGE][PASSED] - Current window maximized

2024-03-08 00:49:04 - [TEST_STEP][PASSED] - navigateToUrl(RADurl): Navigate to 'https://qa2.velocitypayment.com/client/rad/index.html' successfully

2024-03-08 00:49:12 - [MESSAGE][PASSED] - Navigate to 'https://qa2.velocitypayment.com/client/rad/index.html' successfully

2024-03-08 00:49:12 - [TEST_STEP][PASSED] - orPath_Landing = "Object Repository/RAD_Pages/Landing_Page": null

2024-03-08 00:49:12 - [TEST_STEP][PASSED] - orPath_TaxTypeFilingYear = "Object Repository/RAD_Pages/TaxTypeFilingYear_Page": null

2024-03-08 00:49:12 - [TEST_STEP][PASSED] - orPath_TaxPayer = "Object Repository/RAD_Pages/Taxpayer_Page": null

2024-03-08 00:49:12 - [TEST_STEP][PASSED] - orPath_AddressContact = "Object Repository/RAD_Pages/AddressAndContactInfo_Page": null

2024-03-08 00:49:12 - [TEST_STEP][PASSED] - orPath_FilingStatus = "Object Repository/RAD_Pages/FilingStatus_Page": null

2024-03-08 00:49:12 - [TEST_STEP][PASSED] - orPath_Amount = "Object Repository/RAD_Pages/PaymentAmount_Page": null

2024-03-08 00:49:12 - [TEST_STEP][PASSED] - selectOptionByLabel(findTestObject(orPath_Landing + "/dd_TaxType"), Paymenttype, false): All options with label 'Quarterly Estimated Tax' are selected in object 'Object Repository/RAD_Pages/Landing_Page/dd_TaxType' 

2024-03-08 00:49:13 - [MESSAGE][PASSED] - All options with label 'Quarterly Estimated Tax' are selected in object 'Object Repository/RAD_Pages/Landing_Page/dd_TaxType' 

2024-03-08 00:49:13 - [TEST_STEP][PASSED] - delay(1): Delayed 1 second(s)

2024-03-08 00:49:14 - [MESSAGE][PASSED] - Delayed 1 second(s)

2024-03-08 00:49:14 - [TEST_STEP][PASSED] - switch (Paymenttype): null

2024-03-08 00:49:14 - [TEST_STEP][PASSED] - case "Quarterly Estimated Tax":: null

2024-03-08 00:49:14 - [TEST_STEP][PASSED] - selectOptionByLabel(findTestObject(orPath_TaxTypeFilingYear + "/select_PaymentType"), Taxtype, false): All options with label 'PTE Non-Electing S Corp' are selected in object 'Object Repository/RAD_Pages/TaxTypeFilingYear_Page/select_PaymentType' 

2024-03-08 00:49:14 - [MESSAGE][PASSED] - All options with label 'PTE Non-Electing S Corp' are selected in object 'Object Repository/RAD_Pages/TaxTypeFilingYear_Page/select_PaymentType' 

2024-03-08 00:49:14 - [TEST_STEP][PASSED] - break: null

2024-03-08 00:49:14 - [TEST_STEP][PASSED] - delay(1): Delayed 1 second(s)

2024-03-08 00:49:15 - [MESSAGE][PASSED] - Delayed 1 second(s)

2024-03-08 00:49:15 - [TEST_STEP][PASSED] - scrollToElement(findTestObject(orPath_Amount + "/input__paymentAmount"), 3): Scroll to object 'Object Repository/RAD_Pages/PaymentAmount_Page/input__paymentAmount' successfully

2024-03-08 00:49:16 - [MESSAGE][PASSED] - Scroll to object 'Object Repository/RAD_Pages/PaymentAmount_Page/input__paymentAmount' successfully

2024-03-08 00:49:16 - [TEST_STEP][PASSED] - setText(findTestObject(orPath_AddressContact + "/input_eMailAddress"), "imtiazster@gmail.com"): Text 'imtiazster@gmail.com' is set on object 'Object Repository/RAD_Pages/AddressAndContactInfo_Page/input_eMailAddress'

2024-03-08 00:49:17 - [MESSAGE][PASSED] - Text 'imtiazster@gmail.com' is set on object 'Object Repository/RAD_Pages/AddressAndContactInfo_Page/input_eMailAddress'

2024-03-08 00:49:17 - [TEST_STEP][PASSED] - setText(findTestObject(orPath_AddressContact + "/input_reEnterEMailAddress"), "iahmed@govolution.com"): Text 'iahmed@govolution.com' is set on object 'Object Repository/RAD_Pages/AddressAndContactInfo_Page/input_reEnterEMailAddress'

2024-03-08 00:49:17 - [MESSAGE][PASSED] - Text 'iahmed@govolution.com' is set on object 'Object Repository/RAD_Pages/AddressAndContactInfo_Page/input_reEnterEMailAddress'

2024-03-08 00:49:17 - [TEST_STEP][PASSED] - delay(2): Delayed 2 second(s)

2024-03-08 00:49:19 - [MESSAGE][PASSED] - Delayed 2 second(s)

2024-03-08 00:49:19 - [TEST_STEP][PASSED] - if (verifyTextPresent("The Email and Re-enter email do not match", true)): null

2024-03-08 00:49:20 - [MESSAGE][PASSED] - Text 'The Email and Re-enter email do not match' is present on page  using regular expression

2024-03-08 00:49:20 - [TEST_STEP][PASSED] - println("Emails Dont match text is present"): null

2024-03-08 00:49:20 - [TEST_STEP][PASSED] - out.println("Pass Record Number: " + row): null

2024-03-08 00:49:20 - [TEST_STEP][PASSED] - resText = "Pass": null

2024-03-08 00:49:20 - [TEST_STEP][PASSED] - pages.WriteExcel.demoKey(resText, datText, resColumn, datCloumn, fileLoc, nameSheet, row): pages.WriteExcel.demoKey is PASSED

2024-03-08 00:49:20 - [MESSAGE][PASSED] - pages.WriteExcel.demoKey is PASSED

2024-03-08 00:49:20 - [TEST_STEP][PASSED] - ExecuteTC = findTestData(dataFile).getValue("Execute", row): null

2024-03-08 00:49:20 - [TEST_STEP][PASSED] - Taxtype = findTestData(dataFile).getValue("TaxType", row): null

2024-03-08 00:49:20 - [TEST_STEP][PASSED] - Paymenttype = findTestData(dataFile).getValue("PaymentType", row): null

2024-03-08 00:49:20 - [TEST_STEP][PASSED] - out.println("Value of Execute is : " + ExecuteTC): null

2024-03-08 00:49:20 - [TEST_STEP][PASSED] - if (ExecuteTC.equalsIgnoreCase("Y")): null

2024-03-08 00:49:20 - [TEST_STEP][PASSED] - out.println("Begin Record Number: " + row): null

2024-03-08 00:49:20 - [TEST_STEP][PASSED] - today = new java.util.Date(): null

2024-03-08 00:49:20 - [TEST_STEP][PASSED] - println(today): null

2024-03-08 00:49:20 - [TEST_STEP][PASSED] - datText = today: null

2024-03-08 00:49:20 - [TEST_STEP][PASSED] - Taxtype = findTestData(dataFile).getValue("TaxType", row): null

2024-03-08 00:49:20 - [TEST_STEP][PASSED] - out.println("Taxtype value is : " + Taxtype): null

2024-03-08 00:49:20 - [TEST_STEP][PASSED] - openBrowser(""): Browser is opened with url: ''

2024-03-08 00:49:20 - [MESSAGE][WARNING] - A browser is already opened. Closing browser and opening a new one

2024-03-08 00:49:42 - [MESSAGE][INFO] - Starting 'Chrome' driver

2024-03-08 00:49:42 - [MESSAGE][INFO] - User set preference: ['acceptInsecureCerts', 'true']

2024-03-08 00:49:42 - [MESSAGE][INFO] - Action delay is set to 0 milliseconds

2024-03-08 00:49:43 - [MESSAGE][PASSED] - Browser is opened with url: ''

2024-03-08 00:49:43 - [TEST_STEP][PASSED] - maximizeWindow(): Current window maximized

2024-03-08 00:49:43 - [MESSAGE][PASSED] - Current window maximized

2024-03-08 00:49:43 - [TEST_STEP][PASSED] - navigateToUrl(RADurl): Navigate to 'https://qa2.velocitypayment.com/client/rad/index.html' successfully

2024-03-08 00:49:52 - [MESSAGE][PASSED] - Navigate to 'https://qa2.velocitypayment.com/client/rad/index.html' successfully

2024-03-08 00:49:52 - [TEST_STEP][PASSED] - orPath_Landing = "Object Repository/RAD_Pages/Landing_Page": null

2024-03-08 00:49:52 - [TEST_STEP][PASSED] - orPath_TaxTypeFilingYear = "Object Repository/RAD_Pages/TaxTypeFilingYear_Page": null

2024-03-08 00:49:52 - [TEST_STEP][PASSED] - orPath_TaxPayer = "Object Repository/RAD_Pages/Taxpayer_Page": null

2024-03-08 00:49:52 - [TEST_STEP][PASSED] - orPath_AddressContact = "Object Repository/RAD_Pages/AddressAndContactInfo_Page": null

2024-03-08 00:49:52 - [TEST_STEP][PASSED] - orPath_FilingStatus = "Object Repository/RAD_Pages/FilingStatus_Page": null

2024-03-08 00:49:52 - [TEST_STEP][PASSED] - orPath_Amount = "Object Repository/RAD_Pages/PaymentAmount_Page": null

2024-03-08 00:49:52 - [TEST_STEP][PASSED] - selectOptionByLabel(findTestObject(orPath_Landing + "/dd_TaxType"), Paymenttype, false): All options with label 'Quarterly Estimated Tax' are selected in object 'Object Repository/RAD_Pages/Landing_Page/dd_TaxType' 

2024-03-08 00:49:52 - [MESSAGE][PASSED] - All options with label 'Quarterly Estimated Tax' are selected in object 'Object Repository/RAD_Pages/Landing_Page/dd_TaxType' 

2024-03-08 00:49:52 - [TEST_STEP][PASSED] - delay(1): Delayed 1 second(s)

2024-03-08 00:49:53 - [MESSAGE][PASSED] - Delayed 1 second(s)

2024-03-08 00:49:53 - [TEST_STEP][PASSED] - switch (Paymenttype): null

2024-03-08 00:49:53 - [TEST_STEP][PASSED] - case "Quarterly Estimated Tax":: null

2024-03-08 00:49:53 - [TEST_STEP][PASSED] - selectOptionByLabel(findTestObject(orPath_TaxTypeFilingYear + "/select_PaymentType"), Taxtype, false): All options with label 'PTE Tax Electing Non-S Corp' are selected in object 'Object Repository/RAD_Pages/TaxTypeFilingYear_Page/select_PaymentType' 

2024-03-08 00:49:54 - [MESSAGE][PASSED] - All options with label 'PTE Tax Electing Non-S Corp' are selected in object 'Object Repository/RAD_Pages/TaxTypeFilingYear_Page/select_PaymentType' 

2024-03-08 00:49:54 - [TEST_STEP][PASSED] - break: null

2024-03-08 00:49:54 - [TEST_STEP][PASSED] - delay(1): Delayed 1 second(s)

2024-03-08 00:49:55 - [MESSAGE][PASSED] - Delayed 1 second(s)

2024-03-08 00:49:55 - [TEST_STEP][PASSED] - scrollToElement(findTestObject(orPath_Amount + "/input__paymentAmount"), 3): Scroll to object 'Object Repository/RAD_Pages/PaymentAmount_Page/input__paymentAmount' successfully

2024-03-08 00:49:55 - [MESSAGE][PASSED] - Scroll to object 'Object Repository/RAD_Pages/PaymentAmount_Page/input__paymentAmount' successfully

2024-03-08 00:49:55 - [TEST_STEP][PASSED] - setText(findTestObject(orPath_AddressContact + "/input_eMailAddress"), "imtiazster@gmail.com"): Text 'imtiazster@gmail.com' is set on object 'Object Repository/RAD_Pages/AddressAndContactInfo_Page/input_eMailAddress'

2024-03-08 00:49:56 - [MESSAGE][PASSED] - Text 'imtiazster@gmail.com' is set on object 'Object Repository/RAD_Pages/AddressAndContactInfo_Page/input_eMailAddress'

2024-03-08 00:49:56 - [TEST_STEP][PASSED] - setText(findTestObject(orPath_AddressContact + "/input_reEnterEMailAddress"), "iahmed@govolution.com"): Text 'iahmed@govolution.com' is set on object 'Object Repository/RAD_Pages/AddressAndContactInfo_Page/input_reEnterEMailAddress'

2024-03-08 00:49:57 - [MESSAGE][PASSED] - Text 'iahmed@govolution.com' is set on object 'Object Repository/RAD_Pages/AddressAndContactInfo_Page/input_reEnterEMailAddress'

2024-03-08 00:49:57 - [TEST_STEP][PASSED] - delay(2): Delayed 2 second(s)

2024-03-08 00:49:59 - [MESSAGE][PASSED] - Delayed 2 second(s)

2024-03-08 00:49:59 - [TEST_STEP][PASSED] - if (verifyTextPresent("The Email and Re-enter email do not match", true)): null

2024-03-08 00:50:00 - [MESSAGE][PASSED] - Text 'The Email and Re-enter email do not match' is present on page  using regular expression

2024-03-08 00:50:00 - [TEST_STEP][PASSED] - println("Emails Dont match text is present"): null

2024-03-08 00:50:00 - [TEST_STEP][PASSED] - out.println("Pass Record Number: " + row): null

2024-03-08 00:50:00 - [TEST_STEP][PASSED] - resText = "Pass": null

2024-03-08 00:50:00 - [TEST_STEP][PASSED] - pages.WriteExcel.demoKey(resText, datText, resColumn, datCloumn, fileLoc, nameSheet, row): pages.WriteExcel.demoKey is PASSED

2024-03-08 00:50:00 - [MESSAGE][PASSED] - pages.WriteExcel.demoKey is PASSED

2024-03-08 00:50:00 - [TEST_STEP][PASSED] - ExecuteTC = findTestData(dataFile).getValue("Execute", row): null

2024-03-08 00:50:00 - [TEST_STEP][PASSED] - Taxtype = findTestData(dataFile).getValue("TaxType", row): null

2024-03-08 00:50:00 - [TEST_STEP][PASSED] - Paymenttype = findTestData(dataFile).getValue("PaymentType", row): null

2024-03-08 00:50:00 - [TEST_STEP][PASSED] - out.println("Value of Execute is : " + ExecuteTC): null

2024-03-08 00:50:00 - [TEST_STEP][PASSED] - if (ExecuteTC.equalsIgnoreCase("Y")): null

2024-03-08 00:50:00 - [TEST_STEP][PASSED] - out.println("Begin Record Number: " + row): null

2024-03-08 00:50:00 - [TEST_STEP][PASSED] - today = new java.util.Date(): null

2024-03-08 00:50:00 - [TEST_STEP][PASSED] - println(today): null

2024-03-08 00:50:00 - [TEST_STEP][PASSED] - datText = today: null

2024-03-08 00:50:00 - [TEST_STEP][PASSED] - Taxtype = findTestData(dataFile).getValue("TaxType", row): null

2024-03-08 00:50:00 - [TEST_STEP][PASSED] - out.println("Taxtype value is : " + Taxtype): null

2024-03-08 00:50:00 - [TEST_STEP][PASSED] - openBrowser(""): Browser is opened with url: ''

2024-03-08 00:50:00 - [MESSAGE][WARNING] - A browser is already opened. Closing browser and opening a new one

2024-03-08 00:50:20 - [MESSAGE][INFO] - Starting 'Chrome' driver

2024-03-08 00:50:20 - [MESSAGE][INFO] - User set preference: ['acceptInsecureCerts', 'true']

2024-03-08 00:50:20 - [MESSAGE][INFO] - Action delay is set to 0 milliseconds

2024-03-08 00:50:21 - [MESSAGE][PASSED] - Browser is opened with url: ''

2024-03-08 00:50:21 - [TEST_STEP][PASSED] - maximizeWindow(): Current window maximized

2024-03-08 00:50:21 - [MESSAGE][PASSED] - Current window maximized

2024-03-08 00:50:21 - [TEST_STEP][PASSED] - navigateToUrl(RADurl): Navigate to 'https://qa2.velocitypayment.com/client/rad/index.html' successfully

2024-03-08 00:50:29 - [MESSAGE][PASSED] - Navigate to 'https://qa2.velocitypayment.com/client/rad/index.html' successfully

2024-03-08 00:50:29 - [TEST_STEP][PASSED] - orPath_Landing = "Object Repository/RAD_Pages/Landing_Page": null

2024-03-08 00:50:29 - [TEST_STEP][PASSED] - orPath_TaxTypeFilingYear = "Object Repository/RAD_Pages/TaxTypeFilingYear_Page": null

2024-03-08 00:50:29 - [TEST_STEP][PASSED] - orPath_TaxPayer = "Object Repository/RAD_Pages/Taxpayer_Page": null

2024-03-08 00:50:29 - [TEST_STEP][PASSED] - orPath_AddressContact = "Object Repository/RAD_Pages/AddressAndContactInfo_Page": null

2024-03-08 00:50:29 - [TEST_STEP][PASSED] - orPath_FilingStatus = "Object Repository/RAD_Pages/FilingStatus_Page": null

2024-03-08 00:50:29 - [TEST_STEP][PASSED] - orPath_Amount = "Object Repository/RAD_Pages/PaymentAmount_Page": null

2024-03-08 00:50:29 - [TEST_STEP][PASSED] - selectOptionByLabel(findTestObject(orPath_Landing + "/dd_TaxType"), Paymenttype, false): All options with label 'Quarterly Estimated Tax' are selected in object 'Object Repository/RAD_Pages/Landing_Page/dd_TaxType' 

2024-03-08 00:50:30 - [MESSAGE][PASSED] - All options with label 'Quarterly Estimated Tax' are selected in object 'Object Repository/RAD_Pages/Landing_Page/dd_TaxType' 

2024-03-08 00:50:30 - [TEST_STEP][PASSED] - delay(1): Delayed 1 second(s)

2024-03-08 00:50:31 - [MESSAGE][PASSED] - Delayed 1 second(s)

2024-03-08 00:50:31 - [TEST_STEP][PASSED] - switch (Paymenttype): null

2024-03-08 00:50:31 - [TEST_STEP][PASSED] - case "Quarterly Estimated Tax":: null

2024-03-08 00:50:31 - [TEST_STEP][PASSED] - selectOptionByLabel(findTestObject(orPath_TaxTypeFilingYear + "/select_PaymentType"), Taxtype, false): All options with label 'PTE Tax Electing S Corp' are selected in object 'Object Repository/RAD_Pages/TaxTypeFilingYear_Page/select_PaymentType' 

2024-03-08 00:50:31 - [MESSAGE][PASSED] - All options with label 'PTE Tax Electing S Corp' are selected in object 'Object Repository/RAD_Pages/TaxTypeFilingYear_Page/select_PaymentType' 

2024-03-08 00:50:31 - [TEST_STEP][PASSED] - break: null

2024-03-08 00:50:31 - [TEST_STEP][PASSED] - delay(1): Delayed 1 second(s)

2024-03-08 00:50:32 - [MESSAGE][PASSED] - Delayed 1 second(s)

2024-03-08 00:50:32 - [TEST_STEP][PASSED] - scrollToElement(findTestObject(orPath_Amount + "/input__paymentAmount"), 3): Scroll to object 'Object Repository/RAD_Pages/PaymentAmount_Page/input__paymentAmount' successfully

2024-03-08 00:50:33 - [MESSAGE][PASSED] - Scroll to object 'Object Repository/RAD_Pages/PaymentAmount_Page/input__paymentAmount' successfully

2024-03-08 00:50:33 - [TEST_STEP][PASSED] - setText(findTestObject(orPath_AddressContact + "/input_eMailAddress"), "imtiazster@gmail.com"): Text 'imtiazster@gmail.com' is set on object 'Object Repository/RAD_Pages/AddressAndContactInfo_Page/input_eMailAddress'

2024-03-08 00:50:34 - [MESSAGE][PASSED] - Text 'imtiazster@gmail.com' is set on object 'Object Repository/RAD_Pages/AddressAndContactInfo_Page/input_eMailAddress'

2024-03-08 00:50:34 - [TEST_STEP][PASSED] - setText(findTestObject(orPath_AddressContact + "/input_reEnterEMailAddress"), "iahmed@govolution.com"): Text 'iahmed@govolution.com' is set on object 'Object Repository/RAD_Pages/AddressAndContactInfo_Page/input_reEnterEMailAddress'

2024-03-08 00:50:35 - [MESSAGE][PASSED] - Text 'iahmed@govolution.com' is set on object 'Object Repository/RAD_Pages/AddressAndContactInfo_Page/input_reEnterEMailAddress'

2024-03-08 00:50:35 - [TEST_STEP][PASSED] - delay(2): Delayed 2 second(s)

2024-03-08 00:50:37 - [MESSAGE][PASSED] - Delayed 2 second(s)

2024-03-08 00:50:37 - [TEST_STEP][PASSED] - if (verifyTextPresent("The Email and Re-enter email do not match", true)): null

2024-03-08 00:50:37 - [MESSAGE][PASSED] - Text 'The Email and Re-enter email do not match' is present on page  using regular expression

2024-03-08 00:50:37 - [TEST_STEP][PASSED] - println("Emails Dont match text is present"): null

2024-03-08 00:50:37 - [TEST_STEP][PASSED] - out.println("Pass Record Number: " + row): null

2024-03-08 00:50:37 - [TEST_STEP][PASSED] - resText = "Pass": null

2024-03-08 00:50:37 - [TEST_STEP][PASSED] - pages.WriteExcel.demoKey(resText, datText, resColumn, datCloumn, fileLoc, nameSheet, row): pages.WriteExcel.demoKey is PASSED

2024-03-08 00:50:37 - [MESSAGE][PASSED] - pages.WriteExcel.demoKey is PASSED

2024-03-08 00:50:37 - [TEST_STEP][PASSED] - ExecuteTC = findTestData(dataFile).getValue("Execute", row): null

2024-03-08 00:50:37 - [TEST_STEP][PASSED] - Taxtype = findTestData(dataFile).getValue("TaxType", row): null

2024-03-08 00:50:37 - [TEST_STEP][PASSED] - Paymenttype = findTestData(dataFile).getValue("PaymentType", row): null

2024-03-08 00:50:37 - [TEST_STEP][PASSED] - out.println("Value of Execute is : " + ExecuteTC): null

2024-03-08 00:50:37 - [TEST_STEP][PASSED] - if (ExecuteTC.equalsIgnoreCase("Y")): null

2024-03-08 00:50:37 - [TEST_STEP][PASSED] - out.println("Begin Record Number: " + row): null

2024-03-08 00:50:37 - [TEST_STEP][PASSED] - today = new java.util.Date(): null

2024-03-08 00:50:37 - [TEST_STEP][PASSED] - println(today): null

2024-03-08 00:50:37 - [TEST_STEP][PASSED] - datText = today: null

2024-03-08 00:50:37 - [TEST_STEP][PASSED] - Taxtype = findTestData(dataFile).getValue("TaxType", row): null

2024-03-08 00:50:37 - [TEST_STEP][PASSED] - out.println("Taxtype value is : " + Taxtype): null

2024-03-08 00:50:37 - [TEST_STEP][PASSED] - openBrowser(""): Browser is opened with url: ''

2024-03-08 00:50:37 - [MESSAGE][WARNING] - A browser is already opened. Closing browser and opening a new one

2024-03-08 00:50:48 - [MESSAGE][INFO] - Starting 'Chrome' driver

2024-03-08 00:50:48 - [MESSAGE][INFO] - User set preference: ['acceptInsecureCerts', 'true']

2024-03-08 00:50:48 - [MESSAGE][INFO] - Action delay is set to 0 milliseconds

2024-03-08 00:50:50 - [MESSAGE][PASSED] - Browser is opened with url: ''

2024-03-08 00:50:50 - [TEST_STEP][PASSED] - maximizeWindow(): Current window maximized

2024-03-08 00:50:50 - [MESSAGE][PASSED] - Current window maximized

2024-03-08 00:50:50 - [TEST_STEP][PASSED] - navigateToUrl(RADurl): Navigate to 'https://qa2.velocitypayment.com/client/rad/index.html' successfully

2024-03-08 00:50:50 - [MESSAGE][PASSED] - Navigate to 'https://qa2.velocitypayment.com/client/rad/index.html' successfully

2024-03-08 00:50:50 - [TEST_STEP][PASSED] - orPath_Landing = "Object Repository/RAD_Pages/Landing_Page": null

2024-03-08 00:50:50 - [TEST_STEP][PASSED] - orPath_TaxTypeFilingYear = "Object Repository/RAD_Pages/TaxTypeFilingYear_Page": null

2024-03-08 00:50:50 - [TEST_STEP][PASSED] - orPath_TaxPayer = "Object Repository/RAD_Pages/Taxpayer_Page": null

2024-03-08 00:50:50 - [TEST_STEP][PASSED] - orPath_AddressContact = "Object Repository/RAD_Pages/AddressAndContactInfo_Page": null

2024-03-08 00:50:50 - [TEST_STEP][PASSED] - orPath_FilingStatus = "Object Repository/RAD_Pages/FilingStatus_Page": null

2024-03-08 00:50:50 - [TEST_STEP][PASSED] - orPath_Amount = "Object Repository/RAD_Pages/PaymentAmount_Page": null

2024-03-08 00:50:50 - [TEST_STEP][PASSED] - selectOptionByLabel(findTestObject(orPath_Landing + "/dd_TaxType"), Paymenttype, false): All options with label 'Quarterly Estimated Tax' are selected in object 'Object Repository/RAD_Pages/Landing_Page/dd_TaxType' 

2024-03-08 00:50:59 - [MESSAGE][PASSED] - All options with label 'Quarterly Estimated Tax' are selected in object 'Object Repository/RAD_Pages/Landing_Page/dd_TaxType' 

2024-03-08 00:50:59 - [TEST_STEP][PASSED] - delay(1): Delayed 1 second(s)

2024-03-08 00:51:00 - [MESSAGE][PASSED] - Delayed 1 second(s)

2024-03-08 00:51:00 - [TEST_STEP][PASSED] - switch (Paymenttype): null

2024-03-08 00:51:00 - [TEST_STEP][PASSED] - case "Quarterly Estimated Tax":: null

2024-03-08 00:51:00 - [TEST_STEP][PASSED] - selectOptionByLabel(findTestObject(orPath_TaxTypeFilingYear + "/select_PaymentType"), Taxtype, false): All options with label 'Personal Income Tax' are selected in object 'Object Repository/RAD_Pages/TaxTypeFilingYear_Page/select_PaymentType' 

2024-03-08 00:51:00 - [MESSAGE][PASSED] - All options with label 'Personal Income Tax' are selected in object 'Object Repository/RAD_Pages/TaxTypeFilingYear_Page/select_PaymentType' 

2024-03-08 00:51:00 - [TEST_STEP][PASSED] - break: null

2024-03-08 00:51:00 - [TEST_STEP][PASSED] - delay(1): Delayed 1 second(s)

2024-03-08 00:51:01 - [MESSAGE][PASSED] - Delayed 1 second(s)

2024-03-08 00:51:01 - [TEST_STEP][PASSED] - scrollToElement(findTestObject(orPath_Amount + "/input__paymentAmount"), 3): Scroll to object 'Object Repository/RAD_Pages/PaymentAmount_Page/input__paymentAmount' successfully

2024-03-08 00:51:02 - [MESSAGE][PASSED] - Scroll to object 'Object Repository/RAD_Pages/PaymentAmount_Page/input__paymentAmount' successfully

2024-03-08 00:51:02 - [TEST_STEP][PASSED] - setText(findTestObject(orPath_AddressContact + "/input_eMailAddress"), "imtiazster@gmail.com"): Text 'imtiazster@gmail.com' is set on object 'Object Repository/RAD_Pages/AddressAndContactInfo_Page/input_eMailAddress'

2024-03-08 00:51:03 - [MESSAGE][PASSED] - Text 'imtiazster@gmail.com' is set on object 'Object Repository/RAD_Pages/AddressAndContactInfo_Page/input_eMailAddress'

2024-03-08 00:51:03 - [TEST_STEP][PASSED] - setText(findTestObject(orPath_AddressContact + "/input_reEnterEMailAddress"), "iahmed@govolution.com"): Text 'iahmed@govolution.com' is set on object 'Object Repository/RAD_Pages/AddressAndContactInfo_Page/input_reEnterEMailAddress'

2024-03-08 00:51:04 - [MESSAGE][PASSED] - Text 'iahmed@govolution.com' is set on object 'Object Repository/RAD_Pages/AddressAndContactInfo_Page/input_reEnterEMailAddress'

2024-03-08 00:51:04 - [TEST_STEP][PASSED] - delay(2): Delayed 2 second(s)

2024-03-08 00:51:06 - [MESSAGE][PASSED] - Delayed 2 second(s)

2024-03-08 00:51:06 - [TEST_STEP][PASSED] - if (verifyTextPresent("The Email and Re-enter email do not match", true)): null

2024-03-08 00:51:06 - [MESSAGE][PASSED] - Text 'The Email and Re-enter email do not match' is present on page  using regular expression

2024-03-08 00:51:06 - [TEST_STEP][PASSED] - println("Emails Dont match text is present"): null

2024-03-08 00:51:06 - [TEST_STEP][PASSED] - out.println("Pass Record Number: " + row): null

2024-03-08 00:51:06 - [TEST_STEP][PASSED] - resText = "Pass": null

2024-03-08 00:51:06 - [TEST_STEP][PASSED] - pages.WriteExcel.demoKey(resText, datText, resColumn, datCloumn, fileLoc, nameSheet, row): pages.WriteExcel.demoKey is PASSED

2024-03-08 00:51:06 - [MESSAGE][PASSED] - pages.WriteExcel.demoKey is PASSED

2024-03-08 00:51:06 - [TEST_STEP][PASSED] - ExecuteTC = findTestData(dataFile).getValue("Execute", row): null

2024-03-08 00:51:06 - [TEST_STEP][PASSED] - Taxtype = findTestData(dataFile).getValue("TaxType", row): null

2024-03-08 00:51:06 - [TEST_STEP][PASSED] - Paymenttype = findTestData(dataFile).getValue("PaymentType", row): null

2024-03-08 00:51:06 - [TEST_STEP][PASSED] - out.println("Value of Execute is : " + ExecuteTC): null

2024-03-08 00:51:06 - [TEST_STEP][PASSED] - if (ExecuteTC.equalsIgnoreCase("Y")): null

2024-03-08 00:51:06 - [TEST_STEP][PASSED] - ExecuteTC = findTestData(dataFile).getValue("Execute", row): null

2024-03-08 00:51:06 - [TEST_STEP][PASSED] - Taxtype = findTestData(dataFile).getValue("TaxType", row): null

2024-03-08 00:51:06 - [TEST_STEP][PASSED] - Paymenttype = findTestData(dataFile).getValue("PaymentType", row): null

2024-03-08 00:51:06 - [TEST_STEP][PASSED] - out.println("Value of Execute is : " + ExecuteTC): null

2024-03-08 00:51:06 - [TEST_STEP][PASSED] - if (ExecuteTC.equalsIgnoreCase("Y")): null

2024-03-08 00:51:06 - [TEST_STEP][PASSED] - ExecuteTC = findTestData(dataFile).getValue("Execute", row): null

2024-03-08 00:51:06 - [TEST_STEP][PASSED] - Taxtype = findTestData(dataFile).getValue("TaxType", row): null

2024-03-08 00:51:06 - [TEST_STEP][PASSED] - Paymenttype = findTestData(dataFile).getValue("PaymentType", row): null

2024-03-08 00:51:06 - [TEST_STEP][PASSED] - out.println("Value of Execute is : " + ExecuteTC): null

2024-03-08 00:51:06 - [TEST_STEP][PASSED] - if (ExecuteTC.equalsIgnoreCase("Y")): null

2024-03-08 00:51:06 - [TEST_STEP][PASSED] - ExecuteTC = findTestData(dataFile).getValue("Execute", row): null

2024-03-08 00:51:06 - [TEST_STEP][PASSED] - Taxtype = findTestData(dataFile).getValue("TaxType", row): null

2024-03-08 00:51:06 - [TEST_STEP][PASSED] - Paymenttype = findTestData(dataFile).getValue("PaymentType", row): null

2024-03-08 00:51:06 - [TEST_STEP][PASSED] - out.println("Value of Execute is : " + ExecuteTC): null

2024-03-08 00:51:06 - [TEST_STEP][PASSED] - if (ExecuteTC.equalsIgnoreCase("Y")): null

2024-03-08 00:51:06 - [TEST_STEP][PASSED] - ExecuteTC = findTestData(dataFile).getValue("Execute", row): null

2024-03-08 00:51:06 - [TEST_STEP][PASSED] - Taxtype = findTestData(dataFile).getValue("TaxType", row): null

2024-03-08 00:51:06 - [TEST_STEP][PASSED] - Paymenttype = findTestData(dataFile).getValue("PaymentType", row): null

2024-03-08 00:51:07 - [TEST_STEP][PASSED] - out.println("Value of Execute is : " + ExecuteTC): null

2024-03-08 00:51:07 - [TEST_STEP][PASSED] - if (ExecuteTC.equalsIgnoreCase("Y")): null

2024-03-08 00:51:07 - [TEST_STEP][PASSED] - ExecuteTC = findTestData(dataFile).getValue("Execute", row): null

2024-03-08 00:51:07 - [TEST_STEP][PASSED] - Taxtype = findTestData(dataFile).getValue("TaxType", row): null

2024-03-08 00:51:07 - [TEST_STEP][PASSED] - Paymenttype = findTestData(dataFile).getValue("PaymentType", row): null

2024-03-08 00:51:07 - [TEST_STEP][PASSED] - out.println("Value of Execute is : " + ExecuteTC): null

2024-03-08 00:51:07 - [TEST_STEP][PASSED] - if (ExecuteTC.equalsIgnoreCase("Y")): null

2024-03-08 00:51:07 - [TEST_STEP][PASSED] - ExecuteTC = findTestData(dataFile).getValue("Execute", row): null

2024-03-08 00:51:07 - [TEST_STEP][PASSED] - Taxtype = findTestData(dataFile).getValue("TaxType", row): null

2024-03-08 00:51:07 - [TEST_STEP][PASSED] - Paymenttype = findTestData(dataFile).getValue("PaymentType", row): null

2024-03-08 00:51:07 - [TEST_STEP][PASSED] - out.println("Value of Execute is : " + ExecuteTC): null

2024-03-08 00:51:07 - [TEST_STEP][PASSED] - if (ExecuteTC.equalsIgnoreCase("Y")): null

2024-03-08 00:51:07 - [TEST_STEP][PASSED] - ExecuteTC = findTestData(dataFile).getValue("Execute", row): null

2024-03-08 00:51:07 - [TEST_STEP][PASSED] - Taxtype = findTestData(dataFile).getValue("TaxType", row): null

2024-03-08 00:51:07 - [TEST_STEP][PASSED] - Paymenttype = findTestData(dataFile).getValue("PaymentType", row): null

2024-03-08 00:51:07 - [TEST_STEP][PASSED] - out.println("Value of Execute is : " + ExecuteTC): null

2024-03-08 00:51:07 - [TEST_STEP][PASSED] - if (ExecuteTC.equalsIgnoreCase("Y")): null

2024-03-08 00:51:07 - [TEST_STEP][PASSED] - out.println("Begin Record Number: " + row): null

2024-03-08 00:51:07 - [TEST_STEP][PASSED] - today = new java.util.Date(): null

2024-03-08 00:51:07 - [TEST_STEP][PASSED] - println(today): null

2024-03-08 00:51:07 - [TEST_STEP][PASSED] - datText = today: null

2024-03-08 00:51:07 - [TEST_STEP][PASSED] - Taxtype = findTestData(dataFile).getValue("TaxType", row): null

2024-03-08 00:51:07 - [TEST_STEP][PASSED] - out.println("Taxtype value is : " + Taxtype): null

2024-03-08 00:51:07 - [TEST_STEP][PASSED] - openBrowser(""): Browser is opened with url: ''

2024-03-08 00:51:07 - [MESSAGE][WARNING] - A browser is already opened. Closing browser and opening a new one

2024-03-08 00:51:18 - [MESSAGE][INFO] - Starting 'Chrome' driver

2024-03-08 00:51:18 - [MESSAGE][INFO] - User set preference: ['acceptInsecureCerts', 'true']

2024-03-08 00:51:18 - [MESSAGE][INFO] - Action delay is set to 0 milliseconds

2024-03-08 00:51:19 - [MESSAGE][PASSED] - Browser is opened with url: ''

2024-03-08 00:51:19 - [TEST_STEP][PASSED] - maximizeWindow(): Current window maximized

2024-03-08 00:51:20 - [MESSAGE][PASSED] - Current window maximized

2024-03-08 00:51:20 - [TEST_STEP][PASSED] - navigateToUrl(RADurl): Navigate to 'https://qa2.velocitypayment.com/client/rad/index.html' successfully

2024-03-08 00:51:27 - [MESSAGE][PASSED] - Navigate to 'https://qa2.velocitypayment.com/client/rad/index.html' successfully

2024-03-08 00:51:27 - [TEST_STEP][PASSED] - orPath_Landing = "Object Repository/RAD_Pages/Landing_Page": null

2024-03-08 00:51:27 - [TEST_STEP][PASSED] - orPath_TaxTypeFilingYear = "Object Repository/RAD_Pages/TaxTypeFilingYear_Page": null

2024-03-08 00:51:27 - [TEST_STEP][PASSED] - orPath_TaxPayer = "Object Repository/RAD_Pages/Taxpayer_Page": null

2024-03-08 00:51:27 - [TEST_STEP][PASSED] - orPath_AddressContact = "Object Repository/RAD_Pages/AddressAndContactInfo_Page": null

2024-03-08 00:51:27 - [TEST_STEP][PASSED] - orPath_FilingStatus = "Object Repository/RAD_Pages/FilingStatus_Page": null

2024-03-08 00:51:27 - [TEST_STEP][PASSED] - orPath_Amount = "Object Repository/RAD_Pages/PaymentAmount_Page": null

2024-03-08 00:51:27 - [TEST_STEP][PASSED] - selectOptionByLabel(findTestObject(orPath_Landing + "/dd_TaxType"), Paymenttype, false): All options with label 'New Tax Return Amount Due' are selected in object 'Object Repository/RAD_Pages/Landing_Page/dd_TaxType' 

2024-03-08 00:51:28 - [MESSAGE][PASSED] - All options with label 'New Tax Return Amount Due' are selected in object 'Object Repository/RAD_Pages/Landing_Page/dd_TaxType' 

2024-03-08 00:51:28 - [TEST_STEP][PASSED] - delay(1): Delayed 1 second(s)

2024-03-08 00:51:29 - [MESSAGE][PASSED] - Delayed 1 second(s)

2024-03-08 00:51:29 - [TEST_STEP][PASSED] - switch (Paymenttype): null

2024-03-08 00:51:29 - [TEST_STEP][PASSED] - case "New Tax Return Amount Due":: null

2024-03-08 00:51:29 - [TEST_STEP][PASSED] - selectOptionByLabel(findTestObject("Object Repository/RAD_Pages/Landing_Page/select_NewTaxReturnAmountDue_TaxType"), Taxtype, false): All options with label 'Fiduciary Tax' are selected in object 'Object Repository/RAD_Pages/Landing_Page/select_NewTaxReturnAmountDue_TaxType' 

2024-03-08 00:51:30 - [MESSAGE][PASSED] - All options with label 'Fiduciary Tax' are selected in object 'Object Repository/RAD_Pages/Landing_Page/select_NewTaxReturnAmountDue_TaxType' 

2024-03-08 00:51:30 - [TEST_STEP][PASSED] - break: null

2024-03-08 00:51:30 - [TEST_STEP][PASSED] - delay(1): Delayed 1 second(s)

2024-03-08 00:51:31 - [MESSAGE][PASSED] - Delayed 1 second(s)

2024-03-08 00:51:31 - [TEST_STEP][PASSED] - scrollToElement(findTestObject(orPath_Amount + "/input__paymentAmount"), 3): Scroll to object 'Object Repository/RAD_Pages/PaymentAmount_Page/input__paymentAmount' successfully

2024-03-08 00:51:31 - [MESSAGE][PASSED] - Scroll to object 'Object Repository/RAD_Pages/PaymentAmount_Page/input__paymentAmount' successfully

2024-03-08 00:51:31 - [TEST_STEP][PASSED] - setText(findTestObject(orPath_AddressContact + "/input_eMailAddress"), "imtiazster@gmail.com"): Text 'imtiazster@gmail.com' is set on object 'Object Repository/RAD_Pages/AddressAndContactInfo_Page/input_eMailAddress'

2024-03-08 00:51:32 - [MESSAGE][PASSED] - Text 'imtiazster@gmail.com' is set on object 'Object Repository/RAD_Pages/AddressAndContactInfo_Page/input_eMailAddress'

2024-03-08 00:51:32 - [TEST_STEP][PASSED] - setText(findTestObject(orPath_AddressContact + "/input_reEnterEMailAddress"), "iahmed@govolution.com"): Text 'iahmed@govolution.com' is set on object 'Object Repository/RAD_Pages/AddressAndContactInfo_Page/input_reEnterEMailAddress'

2024-03-08 00:51:33 - [MESSAGE][PASSED] - Text 'iahmed@govolution.com' is set on object 'Object Repository/RAD_Pages/AddressAndContactInfo_Page/input_reEnterEMailAddress'

2024-03-08 00:51:33 - [TEST_STEP][PASSED] - delay(2): Delayed 2 second(s)

2024-03-08 00:51:35 - [MESSAGE][PASSED] - Delayed 2 second(s)

2024-03-08 00:51:35 - [TEST_STEP][PASSED] - if (verifyTextPresent("The Email and Re-enter email do not match", true)): null

2024-03-08 00:51:35 - [MESSAGE][PASSED] - Text 'The Email and Re-enter email do not match' is present on page  using regular expression

2024-03-08 00:51:35 - [TEST_STEP][PASSED] - println("Emails Dont match text is present"): null

2024-03-08 00:51:35 - [TEST_STEP][PASSED] - out.println("Pass Record Number: " + row): null

2024-03-08 00:51:35 - [TEST_STEP][PASSED] - resText = "Pass": null

2024-03-08 00:51:35 - [TEST_STEP][PASSED] - pages.WriteExcel.demoKey(resText, datText, resColumn, datCloumn, fileLoc, nameSheet, row): pages.WriteExcel.demoKey is PASSED

2024-03-08 00:51:36 - [MESSAGE][PASSED] - pages.WriteExcel.demoKey is PASSED

2024-03-08 00:51:36 - [TEST_STEP][PASSED] - ExecuteTC = findTestData(dataFile).getValue("Execute", row): null

2024-03-08 00:51:36 - [TEST_STEP][PASSED] - Taxtype = findTestData(dataFile).getValue("TaxType", row): null

2024-03-08 00:51:36 - [TEST_STEP][PASSED] - Paymenttype = findTestData(dataFile).getValue("PaymentType", row): null

2024-03-08 00:51:36 - [TEST_STEP][PASSED] - out.println("Value of Execute is : " + ExecuteTC): null

2024-03-08 00:51:36 - [TEST_STEP][PASSED] - if (ExecuteTC.equalsIgnoreCase("Y")): null

2024-03-08 00:51:36 - [TEST_STEP][PASSED] - out.println("Begin Record Number: " + row): null

2024-03-08 00:51:36 - [TEST_STEP][PASSED] - today = new java.util.Date(): null

2024-03-08 00:51:36 - [TEST_STEP][PASSED] - println(today): null

2024-03-08 00:51:36 - [TEST_STEP][PASSED] - datText = today: null

2024-03-08 00:51:36 - [TEST_STEP][PASSED] - Taxtype = findTestData(dataFile).getValue("TaxType", row): null

2024-03-08 00:51:36 - [TEST_STEP][PASSED] - out.println("Taxtype value is : " + Taxtype): null

2024-03-08 00:51:36 - [TEST_STEP][PASSED] - openBrowser(""): Browser is opened with url: ''

2024-03-08 00:51:36 - [MESSAGE][WARNING] - A browser is already opened. Closing browser and opening a new one

2024-03-08 00:51:51 - [MESSAGE][INFO] - Starting 'Chrome' driver

2024-03-08 00:51:51 - [MESSAGE][INFO] - User set preference: ['acceptInsecureCerts', 'true']

2024-03-08 00:51:51 - [MESSAGE][INFO] - Action delay is set to 0 milliseconds

2024-03-08 00:51:53 - [MESSAGE][PASSED] - Browser is opened with url: ''

2024-03-08 00:51:53 - [TEST_STEP][PASSED] - maximizeWindow(): Current window maximized

2024-03-08 00:51:53 - [MESSAGE][PASSED] - Current window maximized

2024-03-08 00:51:53 - [TEST_STEP][PASSED] - navigateToUrl(RADurl): Navigate to 'https://qa2.velocitypayment.com/client/rad/index.html' successfully

2024-03-08 00:51:59 - [MESSAGE][PASSED] - Navigate to 'https://qa2.velocitypayment.com/client/rad/index.html' successfully

2024-03-08 00:51:59 - [TEST_STEP][PASSED] - orPath_Landing = "Object Repository/RAD_Pages/Landing_Page": null

2024-03-08 00:51:59 - [TEST_STEP][PASSED] - orPath_TaxTypeFilingYear = "Object Repository/RAD_Pages/TaxTypeFilingYear_Page": null

2024-03-08 00:51:59 - [TEST_STEP][PASSED] - orPath_TaxPayer = "Object Repository/RAD_Pages/Taxpayer_Page": null

2024-03-08 00:51:59 - [TEST_STEP][PASSED] - orPath_AddressContact = "Object Repository/RAD_Pages/AddressAndContactInfo_Page": null

2024-03-08 00:51:59 - [TEST_STEP][PASSED] - orPath_FilingStatus = "Object Repository/RAD_Pages/FilingStatus_Page": null

2024-03-08 00:51:59 - [TEST_STEP][PASSED] - orPath_Amount = "Object Repository/RAD_Pages/PaymentAmount_Page": null

2024-03-08 00:51:59 - [TEST_STEP][PASSED] - selectOptionByLabel(findTestObject(orPath_Landing + "/dd_TaxType"), Paymenttype, false): All options with label 'New Tax Return Amount Due' are selected in object 'Object Repository/RAD_Pages/Landing_Page/dd_TaxType' 

2024-03-08 00:52:00 - [MESSAGE][PASSED] - All options with label 'New Tax Return Amount Due' are selected in object 'Object Repository/RAD_Pages/Landing_Page/dd_TaxType' 

2024-03-08 00:52:00 - [TEST_STEP][PASSED] - delay(1): Delayed 1 second(s)

2024-03-08 00:52:01 - [MESSAGE][PASSED] - Delayed 1 second(s)

2024-03-08 00:52:01 - [TEST_STEP][PASSED] - switch (Paymenttype): null

2024-03-08 00:52:01 - [TEST_STEP][PASSED] - case "New Tax Return Amount Due":: null

2024-03-08 00:52:01 - [TEST_STEP][PASSED] - selectOptionByLabel(findTestObject("Object Repository/RAD_Pages/Landing_Page/select_NewTaxReturnAmountDue_TaxType"), Taxtype, false): All options with label 'PTE Non-Electing Non-S Corp' are selected in object 'Object Repository/RAD_Pages/Landing_Page/select_NewTaxReturnAmountDue_TaxType' 

2024-03-08 00:52:02 - [MESSAGE][PASSED] - All options with label 'PTE Non-Electing Non-S Corp' are selected in object 'Object Repository/RAD_Pages/Landing_Page/select_NewTaxReturnAmountDue_TaxType' 

2024-03-08 00:52:02 - [TEST_STEP][PASSED] - break: null

2024-03-08 00:52:02 - [TEST_STEP][PASSED] - delay(1): Delayed 1 second(s)

2024-03-08 00:52:03 - [MESSAGE][PASSED] - Delayed 1 second(s)

2024-03-08 00:52:03 - [TEST_STEP][PASSED] - scrollToElement(findTestObject(orPath_Amount + "/input__paymentAmount"), 3): Scroll to object 'Object Repository/RAD_Pages/PaymentAmount_Page/input__paymentAmount' successfully

2024-03-08 00:52:03 - [MESSAGE][PASSED] - Scroll to object 'Object Repository/RAD_Pages/PaymentAmount_Page/input__paymentAmount' successfully

2024-03-08 00:52:03 - [TEST_STEP][PASSED] - setText(findTestObject(orPath_AddressContact + "/input_eMailAddress"), "imtiazster@gmail.com"): Text 'imtiazster@gmail.com' is set on object 'Object Repository/RAD_Pages/AddressAndContactInfo_Page/input_eMailAddress'

2024-03-08 00:52:04 - [MESSAGE][PASSED] - Text 'imtiazster@gmail.com' is set on object 'Object Repository/RAD_Pages/AddressAndContactInfo_Page/input_eMailAddress'

2024-03-08 00:52:04 - [TEST_STEP][PASSED] - setText(findTestObject(orPath_AddressContact + "/input_reEnterEMailAddress"), "iahmed@govolution.com"): Text 'iahmed@govolution.com' is set on object 'Object Repository/RAD_Pages/AddressAndContactInfo_Page/input_reEnterEMailAddress'

2024-03-08 00:52:05 - [MESSAGE][PASSED] - Text 'iahmed@govolution.com' is set on object 'Object Repository/RAD_Pages/AddressAndContactInfo_Page/input_reEnterEMailAddress'

2024-03-08 00:52:05 - [TEST_STEP][PASSED] - delay(2): Delayed 2 second(s)

2024-03-08 00:52:07 - [MESSAGE][PASSED] - Delayed 2 second(s)

2024-03-08 00:52:07 - [TEST_STEP][PASSED] - if (verifyTextPresent("The Email and Re-enter email do not match", true)): null

2024-03-08 00:52:07 - [MESSAGE][PASSED] - Text 'The Email and Re-enter email do not match' is present on page  using regular expression

2024-03-08 00:52:07 - [TEST_STEP][PASSED] - println("Emails Dont match text is present"): null

2024-03-08 00:52:07 - [TEST_STEP][PASSED] - out.println("Pass Record Number: " + row): null

2024-03-08 00:52:07 - [TEST_STEP][PASSED] - resText = "Pass": null

2024-03-08 00:52:07 - [TEST_STEP][PASSED] - pages.WriteExcel.demoKey(resText, datText, resColumn, datCloumn, fileLoc, nameSheet, row): pages.WriteExcel.demoKey is PASSED

2024-03-08 00:52:07 - [MESSAGE][PASSED] - pages.WriteExcel.demoKey is PASSED

2024-03-08 00:52:07 - [TEST_STEP][PASSED] - ExecuteTC = findTestData(dataFile).getValue("Execute", row): null

2024-03-08 00:52:07 - [TEST_STEP][PASSED] - Taxtype = findTestData(dataFile).getValue("TaxType", row): null

2024-03-08 00:52:07 - [TEST_STEP][PASSED] - Paymenttype = findTestData(dataFile).getValue("PaymentType", row): null

2024-03-08 00:52:07 - [TEST_STEP][PASSED] - out.println("Value of Execute is : " + ExecuteTC): null

2024-03-08 00:52:07 - [TEST_STEP][PASSED] - if (ExecuteTC.equalsIgnoreCase("Y")): null

2024-03-08 00:52:07 - [TEST_STEP][PASSED] - out.println("Begin Record Number: " + row): null

2024-03-08 00:52:07 - [TEST_STEP][PASSED] - today = new java.util.Date(): null

2024-03-08 00:52:07 - [TEST_STEP][PASSED] - println(today): null

2024-03-08 00:52:07 - [TEST_STEP][PASSED] - datText = today: null

2024-03-08 00:52:07 - [TEST_STEP][PASSED] - Taxtype = findTestData(dataFile).getValue("TaxType", row): null

2024-03-08 00:52:07 - [TEST_STEP][PASSED] - out.println("Taxtype value is : " + Taxtype): null

2024-03-08 00:52:07 - [TEST_STEP][PASSED] - openBrowser(""): Browser is opened with url: ''

2024-03-08 00:52:07 - [MESSAGE][WARNING] - A browser is already opened. Closing browser and opening a new one

2024-03-08 00:52:29 - [MESSAGE][INFO] - Starting 'Chrome' driver

2024-03-08 00:52:29 - [MESSAGE][INFO] - User set preference: ['acceptInsecureCerts', 'true']

2024-03-08 00:52:29 - [MESSAGE][INFO] - Action delay is set to 0 milliseconds

2024-03-08 00:52:31 - [MESSAGE][PASSED] - Browser is opened with url: ''

2024-03-08 00:52:31 - [TEST_STEP][PASSED] - maximizeWindow(): Current window maximized

2024-03-08 00:52:31 - [MESSAGE][PASSED] - Current window maximized

2024-03-08 00:52:31 - [TEST_STEP][PASSED] - navigateToUrl(RADurl): Navigate to 'https://qa2.velocitypayment.com/client/rad/index.html' successfully

2024-03-08 00:52:33 - [MESSAGE][PASSED] - Navigate to 'https://qa2.velocitypayment.com/client/rad/index.html' successfully

2024-03-08 00:52:33 - [TEST_STEP][PASSED] - orPath_Landing = "Object Repository/RAD_Pages/Landing_Page": null

2024-03-08 00:52:33 - [TEST_STEP][PASSED] - orPath_TaxTypeFilingYear = "Object Repository/RAD_Pages/TaxTypeFilingYear_Page": null

2024-03-08 00:52:33 - [TEST_STEP][PASSED] - orPath_TaxPayer = "Object Repository/RAD_Pages/Taxpayer_Page": null

2024-03-08 00:52:33 - [TEST_STEP][PASSED] - orPath_AddressContact = "Object Repository/RAD_Pages/AddressAndContactInfo_Page": null

2024-03-08 00:52:33 - [TEST_STEP][PASSED] - orPath_FilingStatus = "Object Repository/RAD_Pages/FilingStatus_Page": null

2024-03-08 00:52:33 - [TEST_STEP][PASSED] - orPath_Amount = "Object Repository/RAD_Pages/PaymentAmount_Page": null

2024-03-08 00:52:33 - [TEST_STEP][PASSED] - selectOptionByLabel(findTestObject(orPath_Landing + "/dd_TaxType"), Paymenttype, false): All options with label 'New Tax Return Amount Due' are selected in object 'Object Repository/RAD_Pages/Landing_Page/dd_TaxType' 

2024-03-08 00:52:33 - [MESSAGE][PASSED] - All options with label 'New Tax Return Amount Due' are selected in object 'Object Repository/RAD_Pages/Landing_Page/dd_TaxType' 

2024-03-08 00:52:33 - [TEST_STEP][PASSED] - delay(1): Delayed 1 second(s)

2024-03-08 00:52:34 - [MESSAGE][PASSED] - Delayed 1 second(s)

2024-03-08 00:52:34 - [TEST_STEP][PASSED] - switch (Paymenttype): null

2024-03-08 00:52:34 - [TEST_STEP][PASSED] - case "New Tax Return Amount Due":: null

2024-03-08 00:52:34 - [TEST_STEP][PASSED] - selectOptionByLabel(findTestObject("Object Repository/RAD_Pages/Landing_Page/select_NewTaxReturnAmountDue_TaxType"), Taxtype, false): All options with label 'PTE Non-Electing S Corp' are selected in object 'Object Repository/RAD_Pages/Landing_Page/select_NewTaxReturnAmountDue_TaxType' 

2024-03-08 00:52:35 - [MESSAGE][PASSED] - All options with label 'PTE Non-Electing S Corp' are selected in object 'Object Repository/RAD_Pages/Landing_Page/select_NewTaxReturnAmountDue_TaxType' 

2024-03-08 00:52:35 - [TEST_STEP][PASSED] - break: null

2024-03-08 00:52:35 - [TEST_STEP][PASSED] - delay(1): Delayed 1 second(s)

2024-03-08 00:52:36 - [MESSAGE][PASSED] - Delayed 1 second(s)

2024-03-08 00:52:36 - [TEST_STEP][PASSED] - scrollToElement(findTestObject(orPath_Amount + "/input__paymentAmount"), 3): Scroll to object 'Object Repository/RAD_Pages/PaymentAmount_Page/input__paymentAmount' successfully

2024-03-08 00:52:36 - [MESSAGE][PASSED] - Scroll to object 'Object Repository/RAD_Pages/PaymentAmount_Page/input__paymentAmount' successfully

2024-03-08 00:52:36 - [TEST_STEP][PASSED] - setText(findTestObject(orPath_AddressContact + "/input_eMailAddress"), "imtiazster@gmail.com"): Text 'imtiazster@gmail.com' is set on object 'Object Repository/RAD_Pages/AddressAndContactInfo_Page/input_eMailAddress'

2024-03-08 00:52:37 - [MESSAGE][PASSED] - Text 'imtiazster@gmail.com' is set on object 'Object Repository/RAD_Pages/AddressAndContactInfo_Page/input_eMailAddress'

2024-03-08 00:52:37 - [TEST_STEP][PASSED] - setText(findTestObject(orPath_AddressContact + "/input_reEnterEMailAddress"), "iahmed@govolution.com"): Text 'iahmed@govolution.com' is set on object 'Object Repository/RAD_Pages/AddressAndContactInfo_Page/input_reEnterEMailAddress'

2024-03-08 00:52:38 - [MESSAGE][PASSED] - Text 'iahmed@govolution.com' is set on object 'Object Repository/RAD_Pages/AddressAndContactInfo_Page/input_reEnterEMailAddress'

2024-03-08 00:52:38 - [TEST_STEP][PASSED] - delay(2): Delayed 2 second(s)

2024-03-08 00:52:40 - [MESSAGE][PASSED] - Delayed 2 second(s)

2024-03-08 00:52:40 - [TEST_STEP][PASSED] - if (verifyTextPresent("The Email and Re-enter email do not match", true)): null

2024-03-08 00:52:41 - [MESSAGE][PASSED] - Text 'The Email and Re-enter email do not match' is present on page  using regular expression

2024-03-08 00:52:41 - [TEST_STEP][PASSED] - println("Emails Dont match text is present"): null

2024-03-08 00:52:41 - [TEST_STEP][PASSED] - out.println("Pass Record Number: " + row): null

2024-03-08 00:52:41 - [TEST_STEP][PASSED] - resText = "Pass": null

2024-03-08 00:52:41 - [TEST_STEP][PASSED] - pages.WriteExcel.demoKey(resText, datText, resColumn, datCloumn, fileLoc, nameSheet, row): pages.WriteExcel.demoKey is PASSED

2024-03-08 00:52:41 - [MESSAGE][PASSED] - pages.WriteExcel.demoKey is PASSED

2024-03-08 00:52:41 - [TEST_STEP][PASSED] - ExecuteTC = findTestData(dataFile).getValue("Execute", row): null

2024-03-08 00:52:41 - [TEST_STEP][PASSED] - Taxtype = findTestData(dataFile).getValue("TaxType", row): null

2024-03-08 00:52:41 - [TEST_STEP][PASSED] - Paymenttype = findTestData(dataFile).getValue("PaymentType", row): null

2024-03-08 00:52:41 - [TEST_STEP][PASSED] - out.println("Value of Execute is : " + ExecuteTC): null

2024-03-08 00:52:41 - [TEST_STEP][PASSED] - if (ExecuteTC.equalsIgnoreCase("Y")): null

2024-03-08 00:52:41 - [TEST_STEP][PASSED] - out.println("Begin Record Number: " + row): null

2024-03-08 00:52:41 - [TEST_STEP][PASSED] - today = new java.util.Date(): null

2024-03-08 00:52:41 - [TEST_STEP][PASSED] - println(today): null

2024-03-08 00:52:41 - [TEST_STEP][PASSED] - datText = today: null

2024-03-08 00:52:41 - [TEST_STEP][PASSED] - Taxtype = findTestData(dataFile).getValue("TaxType", row): null

2024-03-08 00:52:41 - [TEST_STEP][PASSED] - out.println("Taxtype value is : " + Taxtype): null

2024-03-08 00:52:41 - [TEST_STEP][PASSED] - openBrowser(""): Browser is opened with url: ''

2024-03-08 00:52:41 - [MESSAGE][WARNING] - A browser is already opened. Closing browser and opening a new one

2024-03-08 00:53:08 - [MESSAGE][INFO] - Starting 'Chrome' driver

2024-03-08 00:53:08 - [MESSAGE][INFO] - User set preference: ['acceptInsecureCerts', 'true']

2024-03-08 00:53:08 - [MESSAGE][INFO] - Action delay is set to 0 milliseconds

2024-03-08 00:53:10 - [MESSAGE][PASSED] - Browser is opened with url: ''

2024-03-08 00:53:10 - [TEST_STEP][PASSED] - maximizeWindow(): Current window maximized

2024-03-08 00:53:10 - [MESSAGE][PASSED] - Current window maximized

2024-03-08 00:53:10 - [TEST_STEP][PASSED] - navigateToUrl(RADurl): Navigate to 'https://qa2.velocitypayment.com/client/rad/index.html' successfully

2024-03-08 00:53:17 - [MESSAGE][PASSED] - Navigate to 'https://qa2.velocitypayment.com/client/rad/index.html' successfully

2024-03-08 00:53:17 - [TEST_STEP][PASSED] - orPath_Landing = "Object Repository/RAD_Pages/Landing_Page": null

2024-03-08 00:53:17 - [TEST_STEP][PASSED] - orPath_TaxTypeFilingYear = "Object Repository/RAD_Pages/TaxTypeFilingYear_Page": null

2024-03-08 00:53:17 - [TEST_STEP][PASSED] - orPath_TaxPayer = "Object Repository/RAD_Pages/Taxpayer_Page": null

2024-03-08 00:53:17 - [TEST_STEP][PASSED] - orPath_AddressContact = "Object Repository/RAD_Pages/AddressAndContactInfo_Page": null

2024-03-08 00:53:17 - [TEST_STEP][PASSED] - orPath_FilingStatus = "Object Repository/RAD_Pages/FilingStatus_Page": null

2024-03-08 00:53:17 - [TEST_STEP][PASSED] - orPath_Amount = "Object Repository/RAD_Pages/PaymentAmount_Page": null

2024-03-08 00:53:17 - [TEST_STEP][PASSED] - selectOptionByLabel(findTestObject(orPath_Landing + "/dd_TaxType"), Paymenttype, false): All options with label 'New Tax Return Amount Due' are selected in object 'Object Repository/RAD_Pages/Landing_Page/dd_TaxType' 

2024-03-08 00:53:17 - [MESSAGE][PASSED] - All options with label 'New Tax Return Amount Due' are selected in object 'Object Repository/RAD_Pages/Landing_Page/dd_TaxType' 

2024-03-08 00:53:17 - [TEST_STEP][PASSED] - delay(1): Delayed 1 second(s)

2024-03-08 00:53:18 - [MESSAGE][PASSED] - Delayed 1 second(s)

2024-03-08 00:53:18 - [TEST_STEP][PASSED] - switch (Paymenttype): null

2024-03-08 00:53:18 - [TEST_STEP][PASSED] - case "New Tax Return Amount Due":: null

2024-03-08 00:53:18 - [TEST_STEP][PASSED] - selectOptionByLabel(findTestObject("Object Repository/RAD_Pages/Landing_Page/select_NewTaxReturnAmountDue_TaxType"), Taxtype, false): All options with label 'PTE Tax Electing Non-S Corp' are selected in object 'Object Repository/RAD_Pages/Landing_Page/select_NewTaxReturnAmountDue_TaxType' 

2024-03-08 00:53:19 - [MESSAGE][PASSED] - All options with label 'PTE Tax Electing Non-S Corp' are selected in object 'Object Repository/RAD_Pages/Landing_Page/select_NewTaxReturnAmountDue_TaxType' 

2024-03-08 00:53:19 - [TEST_STEP][PASSED] - break: null

2024-03-08 00:53:19 - [TEST_STEP][PASSED] - delay(1): Delayed 1 second(s)

2024-03-08 00:53:20 - [MESSAGE][PASSED] - Delayed 1 second(s)

2024-03-08 00:53:20 - [TEST_STEP][PASSED] - scrollToElement(findTestObject(orPath_Amount + "/input__paymentAmount"), 3): Scroll to object 'Object Repository/RAD_Pages/PaymentAmount_Page/input__paymentAmount' successfully

2024-03-08 00:53:20 - [MESSAGE][PASSED] - Scroll to object 'Object Repository/RAD_Pages/PaymentAmount_Page/input__paymentAmount' successfully

2024-03-08 00:53:20 - [TEST_STEP][PASSED] - setText(findTestObject(orPath_AddressContact + "/input_eMailAddress"), "imtiazster@gmail.com"): Text 'imtiazster@gmail.com' is set on object 'Object Repository/RAD_Pages/AddressAndContactInfo_Page/input_eMailAddress'

2024-03-08 00:53:21 - [MESSAGE][PASSED] - Text 'imtiazster@gmail.com' is set on object 'Object Repository/RAD_Pages/AddressAndContactInfo_Page/input_eMailAddress'

2024-03-08 00:53:21 - [TEST_STEP][PASSED] - setText(findTestObject(orPath_AddressContact + "/input_reEnterEMailAddress"), "iahmed@govolution.com"): Text 'iahmed@govolution.com' is set on object 'Object Repository/RAD_Pages/AddressAndContactInfo_Page/input_reEnterEMailAddress'

2024-03-08 00:53:22 - [MESSAGE][PASSED] - Text 'iahmed@govolution.com' is set on object 'Object Repository/RAD_Pages/AddressAndContactInfo_Page/input_reEnterEMailAddress'

2024-03-08 00:53:22 - [TEST_STEP][PASSED] - delay(2): Delayed 2 second(s)

2024-03-08 00:53:24 - [MESSAGE][PASSED] - Delayed 2 second(s)

2024-03-08 00:53:24 - [TEST_STEP][PASSED] - if (verifyTextPresent("The Email and Re-enter email do not match", true)): null

2024-03-08 00:53:24 - [MESSAGE][PASSED] - Text 'The Email and Re-enter email do not match' is present on page  using regular expression

2024-03-08 00:53:24 - [TEST_STEP][PASSED] - println("Emails Dont match text is present"): null

2024-03-08 00:53:24 - [TEST_STEP][PASSED] - out.println("Pass Record Number: " + row): null

2024-03-08 00:53:24 - [TEST_STEP][PASSED] - resText = "Pass": null

2024-03-08 00:53:24 - [TEST_STEP][PASSED] - pages.WriteExcel.demoKey(resText, datText, resColumn, datCloumn, fileLoc, nameSheet, row): pages.WriteExcel.demoKey is PASSED

2024-03-08 00:53:24 - [MESSAGE][PASSED] - pages.WriteExcel.demoKey is PASSED

2024-03-08 00:53:24 - [TEST_STEP][PASSED] - ExecuteTC = findTestData(dataFile).getValue("Execute", row): null

2024-03-08 00:53:25 - [TEST_STEP][PASSED] - Taxtype = findTestData(dataFile).getValue("TaxType", row): null

2024-03-08 00:53:25 - [TEST_STEP][PASSED] - Paymenttype = findTestData(dataFile).getValue("PaymentType", row): null

2024-03-08 00:53:25 - [TEST_STEP][PASSED] - out.println("Value of Execute is : " + ExecuteTC): null

2024-03-08 00:53:25 - [TEST_STEP][PASSED] - if (ExecuteTC.equalsIgnoreCase("Y")): null

2024-03-08 00:53:25 - [TEST_STEP][PASSED] - out.println("Begin Record Number: " + row): null

2024-03-08 00:53:25 - [TEST_STEP][PASSED] - today = new java.util.Date(): null

2024-03-08 00:53:25 - [TEST_STEP][PASSED] - println(today): null

2024-03-08 00:53:25 - [TEST_STEP][PASSED] - datText = today: null

2024-03-08 00:53:25 - [TEST_STEP][PASSED] - Taxtype = findTestData(dataFile).getValue("TaxType", row): null

2024-03-08 00:53:25 - [TEST_STEP][PASSED] - out.println("Taxtype value is : " + Taxtype): null

2024-03-08 00:53:25 - [TEST_STEP][PASSED] - openBrowser(""): Browser is opened with url: ''

2024-03-08 00:53:25 - [MESSAGE][WARNING] - A browser is already opened. Closing browser and opening a new one

2024-03-08 00:53:58 - [MESSAGE][INFO] - Starting 'Chrome' driver

2024-03-08 00:53:58 - [MESSAGE][INFO] - User set preference: ['acceptInsecureCerts', 'true']

2024-03-08 00:53:58 - [MESSAGE][INFO] - Action delay is set to 0 milliseconds

2024-03-08 00:54:00 - [MESSAGE][PASSED] - Browser is opened with url: ''

2024-03-08 00:54:00 - [TEST_STEP][PASSED] - maximizeWindow(): Current window maximized

2024-03-08 00:54:00 - [MESSAGE][PASSED] - Current window maximized

2024-03-08 00:54:00 - [TEST_STEP][PASSED] - navigateToUrl(RADurl): Navigate to 'https://qa2.velocitypayment.com/client/rad/index.html' successfully

2024-03-08 00:54:00 - [MESSAGE][PASSED] - Navigate to 'https://qa2.velocitypayment.com/client/rad/index.html' successfully

2024-03-08 00:54:00 - [TEST_STEP][PASSED] - orPath_Landing = "Object Repository/RAD_Pages/Landing_Page": null

2024-03-08 00:54:00 - [TEST_STEP][PASSED] - orPath_TaxTypeFilingYear = "Object Repository/RAD_Pages/TaxTypeFilingYear_Page": null

2024-03-08 00:54:00 - [TEST_STEP][PASSED] - orPath_TaxPayer = "Object Repository/RAD_Pages/Taxpayer_Page": null

2024-03-08 00:54:00 - [TEST_STEP][PASSED] - orPath_AddressContact = "Object Repository/RAD_Pages/AddressAndContactInfo_Page": null

2024-03-08 00:54:00 - [TEST_STEP][PASSED] - orPath_FilingStatus = "Object Repository/RAD_Pages/FilingStatus_Page": null

2024-03-08 00:54:00 - [TEST_STEP][PASSED] - orPath_Amount = "Object Repository/RAD_Pages/PaymentAmount_Page": null

2024-03-08 00:54:00 - [TEST_STEP][PASSED] - selectOptionByLabel(findTestObject(orPath_Landing + "/dd_TaxType"), Paymenttype, false): All options with label 'New Tax Return Amount Due' are selected in object 'Object Repository/RAD_Pages/Landing_Page/dd_TaxType' 

2024-03-08 00:54:03 - [MESSAGE][PASSED] - All options with label 'New Tax Return Amount Due' are selected in object 'Object Repository/RAD_Pages/Landing_Page/dd_TaxType' 

2024-03-08 00:54:03 - [TEST_STEP][PASSED] - delay(1): Delayed 1 second(s)

2024-03-08 00:54:04 - [MESSAGE][PASSED] - Delayed 1 second(s)

2024-03-08 00:54:04 - [TEST_STEP][PASSED] - switch (Paymenttype): null

2024-03-08 00:54:04 - [TEST_STEP][PASSED] - case "New Tax Return Amount Due":: null

2024-03-08 00:54:04 - [TEST_STEP][PASSED] - selectOptionByLabel(findTestObject("Object Repository/RAD_Pages/Landing_Page/select_NewTaxReturnAmountDue_TaxType"), Taxtype, false): All options with label 'PTE Tax Electing S Corp' are selected in object 'Object Repository/RAD_Pages/Landing_Page/select_NewTaxReturnAmountDue_TaxType' 

2024-03-08 00:54:04 - [MESSAGE][PASSED] - All options with label 'PTE Tax Electing S Corp' are selected in object 'Object Repository/RAD_Pages/Landing_Page/select_NewTaxReturnAmountDue_TaxType' 

2024-03-08 00:54:04 - [TEST_STEP][PASSED] - break: null

2024-03-08 00:54:04 - [TEST_STEP][PASSED] - delay(1): Delayed 1 second(s)

2024-03-08 00:54:05 - [MESSAGE][PASSED] - Delayed 1 second(s)

2024-03-08 00:54:05 - [TEST_STEP][PASSED] - scrollToElement(findTestObject(orPath_Amount + "/input__paymentAmount"), 3): Scroll to object 'Object Repository/RAD_Pages/PaymentAmount_Page/input__paymentAmount' successfully

2024-03-08 00:54:06 - [MESSAGE][PASSED] - Scroll to object 'Object Repository/RAD_Pages/PaymentAmount_Page/input__paymentAmount' successfully

2024-03-08 00:54:06 - [TEST_STEP][PASSED] - setText(findTestObject(orPath_AddressContact + "/input_eMailAddress"), "imtiazster@gmail.com"): Text 'imtiazster@gmail.com' is set on object 'Object Repository/RAD_Pages/AddressAndContactInfo_Page/input_eMailAddress'

2024-03-08 00:54:07 - [MESSAGE][PASSED] - Text 'imtiazster@gmail.com' is set on object 'Object Repository/RAD_Pages/AddressAndContactInfo_Page/input_eMailAddress'

2024-03-08 00:54:07 - [TEST_STEP][PASSED] - setText(findTestObject(orPath_AddressContact + "/input_reEnterEMailAddress"), "iahmed@govolution.com"): Text 'iahmed@govolution.com' is set on object 'Object Repository/RAD_Pages/AddressAndContactInfo_Page/input_reEnterEMailAddress'

2024-03-08 00:54:07 - [MESSAGE][PASSED] - Text 'iahmed@govolution.com' is set on object 'Object Repository/RAD_Pages/AddressAndContactInfo_Page/input_reEnterEMailAddress'

2024-03-08 00:54:07 - [TEST_STEP][PASSED] - delay(2): Delayed 2 second(s)

2024-03-08 00:54:09 - [MESSAGE][PASSED] - Delayed 2 second(s)

2024-03-08 00:54:09 - [TEST_STEP][PASSED] - if (verifyTextPresent("The Email and Re-enter email do not match", true)): null

2024-03-08 00:54:10 - [MESSAGE][PASSED] - Text 'The Email and Re-enter email do not match' is present on page  using regular expression

2024-03-08 00:54:10 - [TEST_STEP][PASSED] - println("Emails Dont match text is present"): null

2024-03-08 00:54:10 - [TEST_STEP][PASSED] - out.println("Pass Record Number: " + row): null

2024-03-08 00:54:10 - [TEST_STEP][PASSED] - resText = "Pass": null

2024-03-08 00:54:10 - [TEST_STEP][PASSED] - pages.WriteExcel.demoKey(resText, datText, resColumn, datCloumn, fileLoc, nameSheet, row): pages.WriteExcel.demoKey is PASSED

2024-03-08 00:54:10 - [MESSAGE][PASSED] - pages.WriteExcel.demoKey is PASSED

2024-03-08 00:54:10 - [TEST_STEP][PASSED] - ExecuteTC = findTestData(dataFile).getValue("Execute", row): null

2024-03-08 00:54:10 - [TEST_STEP][PASSED] - Taxtype = findTestData(dataFile).getValue("TaxType", row): null

2024-03-08 00:54:10 - [TEST_STEP][PASSED] - Paymenttype = findTestData(dataFile).getValue("PaymentType", row): null

2024-03-08 00:54:10 - [TEST_STEP][PASSED] - out.println("Value of Execute is : " + ExecuteTC): null

2024-03-08 00:54:10 - [TEST_STEP][PASSED] - if (ExecuteTC.equalsIgnoreCase("Y")): null

2024-03-08 00:54:10 - [TEST_STEP][PASSED] - out.println("Begin Record Number: " + row): null

2024-03-08 00:54:10 - [TEST_STEP][PASSED] - today = new java.util.Date(): null

2024-03-08 00:54:10 - [TEST_STEP][PASSED] - println(today): null

2024-03-08 00:54:10 - [TEST_STEP][PASSED] - datText = today: null

2024-03-08 00:54:10 - [TEST_STEP][PASSED] - Taxtype = findTestData(dataFile).getValue("TaxType", row): null

2024-03-08 00:54:10 - [TEST_STEP][PASSED] - out.println("Taxtype value is : " + Taxtype): null

2024-03-08 00:54:10 - [TEST_STEP][PASSED] - openBrowser(""): Browser is opened with url: ''

2024-03-08 00:54:10 - [MESSAGE][WARNING] - A browser is already opened. Closing browser and opening a new one

2024-03-08 00:54:30 - [MESSAGE][INFO] - Starting 'Chrome' driver

2024-03-08 00:54:30 - [MESSAGE][INFO] - User set preference: ['acceptInsecureCerts', 'true']

2024-03-08 00:54:30 - [MESSAGE][INFO] - Action delay is set to 0 milliseconds

2024-03-08 00:54:32 - [MESSAGE][PASSED] - Browser is opened with url: ''

2024-03-08 00:54:32 - [TEST_STEP][PASSED] - maximizeWindow(): Current window maximized

2024-03-08 00:54:32 - [MESSAGE][PASSED] - Current window maximized

2024-03-08 00:54:32 - [TEST_STEP][PASSED] - navigateToUrl(RADurl): Navigate to 'https://qa2.velocitypayment.com/client/rad/index.html' successfully

2024-03-08 00:54:49 - [MESSAGE][PASSED] - Navigate to 'https://qa2.velocitypayment.com/client/rad/index.html' successfully

2024-03-08 00:54:49 - [TEST_STEP][PASSED] - orPath_Landing = "Object Repository/RAD_Pages/Landing_Page": null

2024-03-08 00:54:49 - [TEST_STEP][PASSED] - orPath_TaxTypeFilingYear = "Object Repository/RAD_Pages/TaxTypeFilingYear_Page": null

2024-03-08 00:54:49 - [TEST_STEP][PASSED] - orPath_TaxPayer = "Object Repository/RAD_Pages/Taxpayer_Page": null

2024-03-08 00:54:49 - [TEST_STEP][PASSED] - orPath_AddressContact = "Object Repository/RAD_Pages/AddressAndContactInfo_Page": null

2024-03-08 00:54:49 - [TEST_STEP][PASSED] - orPath_FilingStatus = "Object Repository/RAD_Pages/FilingStatus_Page": null

2024-03-08 00:54:49 - [TEST_STEP][PASSED] - orPath_Amount = "Object Repository/RAD_Pages/PaymentAmount_Page": null

2024-03-08 00:54:49 - [TEST_STEP][PASSED] - selectOptionByLabel(findTestObject(orPath_Landing + "/dd_TaxType"), Paymenttype, false): All options with label 'New Tax Return Amount Due' are selected in object 'Object Repository/RAD_Pages/Landing_Page/dd_TaxType' 

2024-03-08 00:54:50 - [MESSAGE][PASSED] - All options with label 'New Tax Return Amount Due' are selected in object 'Object Repository/RAD_Pages/Landing_Page/dd_TaxType' 

2024-03-08 00:54:50 - [TEST_STEP][PASSED] - delay(1): Delayed 1 second(s)

2024-03-08 00:54:51 - [MESSAGE][PASSED] - Delayed 1 second(s)

2024-03-08 00:54:51 - [TEST_STEP][PASSED] - switch (Paymenttype): null

2024-03-08 00:54:51 - [TEST_STEP][PASSED] - case "New Tax Return Amount Due":: null

2024-03-08 00:54:51 - [TEST_STEP][PASSED] - selectOptionByLabel(findTestObject("Object Repository/RAD_Pages/Landing_Page/select_NewTaxReturnAmountDue_TaxType"), Taxtype, false): All options with label 'Personal Income Tax' are selected in object 'Object Repository/RAD_Pages/Landing_Page/select_NewTaxReturnAmountDue_TaxType' 

2024-03-08 00:54:52 - [MESSAGE][PASSED] - All options with label 'Personal Income Tax' are selected in object 'Object Repository/RAD_Pages/Landing_Page/select_NewTaxReturnAmountDue_TaxType' 

2024-03-08 00:54:52 - [TEST_STEP][PASSED] - break: null

2024-03-08 00:54:52 - [TEST_STEP][PASSED] - delay(1): Delayed 1 second(s)

2024-03-08 00:54:53 - [MESSAGE][PASSED] - Delayed 1 second(s)

2024-03-08 00:54:53 - [TEST_STEP][PASSED] - scrollToElement(findTestObject(orPath_Amount + "/input__paymentAmount"), 3): Scroll to object 'Object Repository/RAD_Pages/PaymentAmount_Page/input__paymentAmount' successfully

2024-03-08 00:54:53 - [MESSAGE][PASSED] - Scroll to object 'Object Repository/RAD_Pages/PaymentAmount_Page/input__paymentAmount' successfully

2024-03-08 00:54:53 - [TEST_STEP][PASSED] - setText(findTestObject(orPath_AddressContact + "/input_eMailAddress"), "imtiazster@gmail.com"): Text 'imtiazster@gmail.com' is set on object 'Object Repository/RAD_Pages/AddressAndContactInfo_Page/input_eMailAddress'

2024-03-08 00:54:54 - [MESSAGE][PASSED] - Text 'imtiazster@gmail.com' is set on object 'Object Repository/RAD_Pages/AddressAndContactInfo_Page/input_eMailAddress'

2024-03-08 00:54:54 - [TEST_STEP][PASSED] - setText(findTestObject(orPath_AddressContact + "/input_reEnterEMailAddress"), "iahmed@govolution.com"): Text 'iahmed@govolution.com' is set on object 'Object Repository/RAD_Pages/AddressAndContactInfo_Page/input_reEnterEMailAddress'

2024-03-08 00:54:55 - [MESSAGE][PASSED] - Text 'iahmed@govolution.com' is set on object 'Object Repository/RAD_Pages/AddressAndContactInfo_Page/input_reEnterEMailAddress'

2024-03-08 00:54:55 - [TEST_STEP][PASSED] - delay(2): Delayed 2 second(s)

2024-03-08 00:54:57 - [MESSAGE][PASSED] - Delayed 2 second(s)

2024-03-08 00:54:57 - [TEST_STEP][PASSED] - if (verifyTextPresent("The Email and Re-enter email do not match", true)): null

2024-03-08 00:54:57 - [MESSAGE][PASSED] - Text 'The Email and Re-enter email do not match' is present on page  using regular expression

2024-03-08 00:54:57 - [TEST_STEP][PASSED] - println("Emails Dont match text is present"): null

2024-03-08 00:54:57 - [TEST_STEP][PASSED] - out.println("Pass Record Number: " + row): null

2024-03-08 00:54:57 - [TEST_STEP][PASSED] - resText = "Pass": null

2024-03-08 00:54:57 - [TEST_STEP][PASSED] - pages.WriteExcel.demoKey(resText, datText, resColumn, datCloumn, fileLoc, nameSheet, row): pages.WriteExcel.demoKey is PASSED

2024-03-08 00:54:57 - [MESSAGE][PASSED] - pages.WriteExcel.demoKey is PASSED

2024-03-08 00:54:57 - [TEST_STEP][PASSED] - ExecuteTC = findTestData(dataFile).getValue("Execute", row): null

2024-03-08 00:54:57 - [TEST_STEP][PASSED] - Taxtype = findTestData(dataFile).getValue("TaxType", row): null

2024-03-08 00:54:57 - [TEST_STEP][PASSED] - Paymenttype = findTestData(dataFile).getValue("PaymentType", row): null

2024-03-08 00:54:57 - [TEST_STEP][PASSED] - out.println("Value of Execute is : " + ExecuteTC): null

2024-03-08 00:54:57 - [TEST_STEP][PASSED] - if (ExecuteTC.equalsIgnoreCase("Y")): null

2024-03-08 00:54:57 - [TEST_STEP][PASSED] - out.println("Begin Record Number: " + row): null

2024-03-08 00:54:57 - [TEST_STEP][PASSED] - today = new java.util.Date(): null

2024-03-08 00:54:57 - [TEST_STEP][PASSED] - println(today): null

2024-03-08 00:54:57 - [TEST_STEP][PASSED] - datText = today: null

2024-03-08 00:54:57 - [TEST_STEP][PASSED] - Taxtype = findTestData(dataFile).getValue("TaxType", row): null

2024-03-08 00:54:57 - [TEST_STEP][PASSED] - out.println("Taxtype value is : " + Taxtype): null

2024-03-08 00:54:57 - [TEST_STEP][PASSED] - openBrowser(""): Browser is opened with url: ''

2024-03-08 00:54:57 - [MESSAGE][WARNING] - A browser is already opened. Closing browser and opening a new one

2024-03-08 00:55:41 - [MESSAGE][INFO] - Starting 'Chrome' driver

2024-03-08 00:55:41 - [MESSAGE][INFO] - User set preference: ['acceptInsecureCerts', 'true']

2024-03-08 00:55:41 - [MESSAGE][INFO] - Action delay is set to 0 milliseconds

2024-03-08 00:55:42 - [MESSAGE][PASSED] - Browser is opened with url: ''

2024-03-08 00:55:42 - [TEST_STEP][PASSED] - maximizeWindow(): Current window maximized

2024-03-08 00:55:43 - [MESSAGE][PASSED] - Current window maximized

2024-03-08 00:55:43 - [TEST_STEP][PASSED] - navigateToUrl(RADurl): Navigate to 'https://qa2.velocitypayment.com/client/rad/index.html' successfully

2024-03-08 00:55:45 - [MESSAGE][PASSED] - Navigate to 'https://qa2.velocitypayment.com/client/rad/index.html' successfully

2024-03-08 00:55:45 - [TEST_STEP][PASSED] - orPath_Landing = "Object Repository/RAD_Pages/Landing_Page": null

2024-03-08 00:55:45 - [TEST_STEP][PASSED] - orPath_TaxTypeFilingYear = "Object Repository/RAD_Pages/TaxTypeFilingYear_Page": null

2024-03-08 00:55:45 - [TEST_STEP][PASSED] - orPath_TaxPayer = "Object Repository/RAD_Pages/Taxpayer_Page": null

2024-03-08 00:55:45 - [TEST_STEP][PASSED] - orPath_AddressContact = "Object Repository/RAD_Pages/AddressAndContactInfo_Page": null

2024-03-08 00:55:45 - [TEST_STEP][PASSED] - orPath_FilingStatus = "Object Repository/RAD_Pages/FilingStatus_Page": null

2024-03-08 00:55:45 - [TEST_STEP][PASSED] - orPath_Amount = "Object Repository/RAD_Pages/PaymentAmount_Page": null

2024-03-08 00:55:45 - [TEST_STEP][PASSED] - selectOptionByLabel(findTestObject(orPath_Landing + "/dd_TaxType"), Paymenttype, false): All options with label 'Existing Liability w/Notice Number' are selected in object 'Object Repository/RAD_Pages/Landing_Page/dd_TaxType' 

2024-03-08 00:55:45 - [MESSAGE][PASSED] - All options with label 'Existing Liability w/Notice Number' are selected in object 'Object Repository/RAD_Pages/Landing_Page/dd_TaxType' 

2024-03-08 00:55:45 - [TEST_STEP][PASSED] - delay(1): Delayed 1 second(s)

2024-03-08 00:55:46 - [MESSAGE][PASSED] - Delayed 1 second(s)

2024-03-08 00:55:46 - [TEST_STEP][PASSED] - switch (Paymenttype): null

2024-03-08 00:55:46 - [TEST_STEP][PASSED] - case "Existing Liability w/Notice Number":: null

2024-03-08 00:55:46 - [TEST_STEP][PASSED] - selectOptionByLabel(findTestObject(orPath_TaxTypeFilingYear + "/select_TaxType_ExistingLiability"), Taxtype, false): All options with label 'Admissions and Amusement Tax' are selected in object 'Object Repository/RAD_Pages/TaxTypeFilingYear_Page/select_TaxType_ExistingLiability' 

2024-03-08 00:55:47 - [MESSAGE][PASSED] - All options with label 'Admissions and Amusement Tax' are selected in object 'Object Repository/RAD_Pages/TaxTypeFilingYear_Page/select_TaxType_ExistingLiability' 

2024-03-08 00:55:47 - [TEST_STEP][PASSED] - break: null

2024-03-08 00:55:47 - [TEST_STEP][PASSED] - delay(1): Delayed 1 second(s)

2024-03-08 00:55:48 - [MESSAGE][PASSED] - Delayed 1 second(s)

2024-03-08 00:55:48 - [TEST_STEP][PASSED] - scrollToElement(findTestObject(orPath_Amount + "/input__paymentAmount"), 3): Scroll to object 'Object Repository/RAD_Pages/PaymentAmount_Page/input__paymentAmount' successfully

2024-03-08 00:55:48 - [MESSAGE][PASSED] - Scroll to object 'Object Repository/RAD_Pages/PaymentAmount_Page/input__paymentAmount' successfully

2024-03-08 00:55:48 - [TEST_STEP][PASSED] - setText(findTestObject(orPath_AddressContact + "/input_eMailAddress"), "imtiazster@gmail.com"): Text 'imtiazster@gmail.com' is set on object 'Object Repository/RAD_Pages/AddressAndContactInfo_Page/input_eMailAddress'

2024-03-08 00:55:49 - [MESSAGE][PASSED] - Text 'imtiazster@gmail.com' is set on object 'Object Repository/RAD_Pages/AddressAndContactInfo_Page/input_eMailAddress'

2024-03-08 00:55:49 - [TEST_STEP][PASSED] - setText(findTestObject(orPath_AddressContact + "/input_reEnterEMailAddress"), "iahmed@govolution.com"): Text 'iahmed@govolution.com' is set on object 'Object Repository/RAD_Pages/AddressAndContactInfo_Page/input_reEnterEMailAddress'

2024-03-08 00:55:50 - [MESSAGE][PASSED] - Text 'iahmed@govolution.com' is set on object 'Object Repository/RAD_Pages/AddressAndContactInfo_Page/input_reEnterEMailAddress'

2024-03-08 00:55:50 - [TEST_STEP][PASSED] - delay(2): Delayed 2 second(s)

2024-03-08 00:55:52 - [MESSAGE][PASSED] - Delayed 2 second(s)

2024-03-08 00:55:52 - [TEST_STEP][PASSED] - if (verifyTextPresent("The Email and Re-enter email do not match", true)): null

2024-03-08 00:55:53 - [MESSAGE][PASSED] - Text 'The Email and Re-enter email do not match' is present on page  using regular expression

2024-03-08 00:55:53 - [TEST_STEP][PASSED] - println("Emails Dont match text is present"): null

2024-03-08 00:55:53 - [TEST_STEP][PASSED] - out.println("Pass Record Number: " + row): null

2024-03-08 00:55:53 - [TEST_STEP][PASSED] - resText = "Pass": null

2024-03-08 00:55:53 - [TEST_STEP][PASSED] - pages.WriteExcel.demoKey(resText, datText, resColumn, datCloumn, fileLoc, nameSheet, row): pages.WriteExcel.demoKey is PASSED

2024-03-08 00:55:53 - [MESSAGE][PASSED] - pages.WriteExcel.demoKey is PASSED

2024-03-08 00:55:53 - [TEST_STEP][PASSED] - ExecuteTC = findTestData(dataFile).getValue("Execute", row): null

2024-03-08 00:55:53 - [TEST_STEP][PASSED] - Taxtype = findTestData(dataFile).getValue("TaxType", row): null

2024-03-08 00:55:53 - [TEST_STEP][PASSED] - Paymenttype = findTestData(dataFile).getValue("PaymentType", row): null

2024-03-08 00:55:53 - [TEST_STEP][PASSED] - out.println("Value of Execute is : " + ExecuteTC): null

2024-03-08 00:55:53 - [TEST_STEP][PASSED] - if (ExecuteTC.equalsIgnoreCase("Y")): null

2024-03-08 00:55:53 - [TEST_STEP][PASSED] - out.println("Begin Record Number: " + row): null

2024-03-08 00:55:53 - [TEST_STEP][PASSED] - today = new java.util.Date(): null

2024-03-08 00:55:53 - [TEST_STEP][PASSED] - println(today): null

2024-03-08 00:55:53 - [TEST_STEP][PASSED] - datText = today: null

2024-03-08 00:55:53 - [TEST_STEP][PASSED] - Taxtype = findTestData(dataFile).getValue("TaxType", row): null

2024-03-08 00:55:53 - [TEST_STEP][PASSED] - out.println("Taxtype value is : " + Taxtype): null

2024-03-08 00:55:53 - [TEST_STEP][PASSED] - openBrowser(""): Browser is opened with url: ''

2024-03-08 00:55:53 - [MESSAGE][WARNING] - A browser is already opened. Closing browser and opening a new one

2024-03-08 00:56:26 - [MESSAGE][INFO] - Starting 'Chrome' driver

2024-03-08 00:56:26 - [MESSAGE][INFO] - User set preference: ['acceptInsecureCerts', 'true']

2024-03-08 00:56:26 - [MESSAGE][INFO] - Action delay is set to 0 milliseconds

2024-03-08 00:56:27 - [MESSAGE][PASSED] - Browser is opened with url: ''

2024-03-08 00:56:27 - [TEST_STEP][PASSED] - maximizeWindow(): Current window maximized

2024-03-08 00:56:27 - [MESSAGE][PASSED] - Current window maximized

2024-03-08 00:56:27 - [TEST_STEP][PASSED] - navigateToUrl(RADurl): Navigate to 'https://qa2.velocitypayment.com/client/rad/index.html' successfully

2024-03-08 00:56:34 - [MESSAGE][PASSED] - Navigate to 'https://qa2.velocitypayment.com/client/rad/index.html' successfully

2024-03-08 00:56:34 - [TEST_STEP][PASSED] - orPath_Landing = "Object Repository/RAD_Pages/Landing_Page": null

2024-03-08 00:56:34 - [TEST_STEP][PASSED] - orPath_TaxTypeFilingYear = "Object Repository/RAD_Pages/TaxTypeFilingYear_Page": null

2024-03-08 00:56:34 - [TEST_STEP][PASSED] - orPath_TaxPayer = "Object Repository/RAD_Pages/Taxpayer_Page": null

2024-03-08 00:56:34 - [TEST_STEP][PASSED] - orPath_AddressContact = "Object Repository/RAD_Pages/AddressAndContactInfo_Page": null

2024-03-08 00:56:34 - [TEST_STEP][PASSED] - orPath_FilingStatus = "Object Repository/RAD_Pages/FilingStatus_Page": null

2024-03-08 00:56:34 - [TEST_STEP][PASSED] - orPath_Amount = "Object Repository/RAD_Pages/PaymentAmount_Page": null

2024-03-08 00:56:34 - [TEST_STEP][PASSED] - selectOptionByLabel(findTestObject(orPath_Landing + "/dd_TaxType"), Paymenttype, false): All options with label 'Existing Liability w/Notice Number' are selected in object 'Object Repository/RAD_Pages/Landing_Page/dd_TaxType' 

2024-03-08 00:56:34 - [MESSAGE][PASSED] - All options with label 'Existing Liability w/Notice Number' are selected in object 'Object Repository/RAD_Pages/Landing_Page/dd_TaxType' 

2024-03-08 00:56:34 - [TEST_STEP][PASSED] - delay(1): Delayed 1 second(s)

2024-03-08 00:56:35 - [MESSAGE][PASSED] - Delayed 1 second(s)

2024-03-08 00:56:35 - [TEST_STEP][PASSED] - switch (Paymenttype): null

2024-03-08 00:56:35 - [TEST_STEP][PASSED] - case "Existing Liability w/Notice Number":: null

2024-03-08 00:56:35 - [TEST_STEP][PASSED] - selectOptionByLabel(findTestObject(orPath_TaxTypeFilingYear + "/select_TaxType_ExistingLiability"), Taxtype, false): All options with label 'Estate Tax' are selected in object 'Object Repository/RAD_Pages/TaxTypeFilingYear_Page/select_TaxType_ExistingLiability' 

2024-03-08 00:56:36 - [MESSAGE][PASSED] - All options with label 'Estate Tax' are selected in object 'Object Repository/RAD_Pages/TaxTypeFilingYear_Page/select_TaxType_ExistingLiability' 

2024-03-08 00:56:36 - [TEST_STEP][PASSED] - break: null

2024-03-08 00:56:36 - [TEST_STEP][PASSED] - delay(1): Delayed 1 second(s)

2024-03-08 00:56:37 - [MESSAGE][PASSED] - Delayed 1 second(s)

2024-03-08 00:56:37 - [TEST_STEP][PASSED] - scrollToElement(findTestObject(orPath_Amount + "/input__paymentAmount"), 3): Scroll to object 'Object Repository/RAD_Pages/PaymentAmount_Page/input__paymentAmount' successfully

2024-03-08 00:56:37 - [MESSAGE][PASSED] - Scroll to object 'Object Repository/RAD_Pages/PaymentAmount_Page/input__paymentAmount' successfully

2024-03-08 00:56:37 - [TEST_STEP][PASSED] - setText(findTestObject(orPath_AddressContact + "/input_eMailAddress"), "imtiazster@gmail.com"): Text 'imtiazster@gmail.com' is set on object 'Object Repository/RAD_Pages/AddressAndContactInfo_Page/input_eMailAddress'

2024-03-08 00:56:38 - [MESSAGE][PASSED] - Text 'imtiazster@gmail.com' is set on object 'Object Repository/RAD_Pages/AddressAndContactInfo_Page/input_eMailAddress'

2024-03-08 00:56:38 - [TEST_STEP][PASSED] - setText(findTestObject(orPath_AddressContact + "/input_reEnterEMailAddress"), "iahmed@govolution.com"): Text 'iahmed@govolution.com' is set on object 'Object Repository/RAD_Pages/AddressAndContactInfo_Page/input_reEnterEMailAddress'

2024-03-08 00:56:39 - [MESSAGE][PASSED] - Text 'iahmed@govolution.com' is set on object 'Object Repository/RAD_Pages/AddressAndContactInfo_Page/input_reEnterEMailAddress'

2024-03-08 00:56:39 - [TEST_STEP][PASSED] - delay(2): Delayed 2 second(s)

2024-03-08 00:56:41 - [MESSAGE][PASSED] - Delayed 2 second(s)

2024-03-08 00:56:41 - [TEST_STEP][PASSED] - if (verifyTextPresent("The Email and Re-enter email do not match", true)): null

2024-03-08 00:56:42 - [MESSAGE][PASSED] - Text 'The Email and Re-enter email do not match' is present on page  using regular expression

2024-03-08 00:56:42 - [TEST_STEP][PASSED] - println("Emails Dont match text is present"): null

2024-03-08 00:56:42 - [TEST_STEP][PASSED] - out.println("Pass Record Number: " + row): null

2024-03-08 00:56:42 - [TEST_STEP][PASSED] - resText = "Pass": null

2024-03-08 00:56:42 - [TEST_STEP][PASSED] - pages.WriteExcel.demoKey(resText, datText, resColumn, datCloumn, fileLoc, nameSheet, row): pages.WriteExcel.demoKey is PASSED

2024-03-08 00:56:42 - [MESSAGE][PASSED] - pages.WriteExcel.demoKey is PASSED

2024-03-08 00:56:42 - [TEST_STEP][PASSED] - ExecuteTC = findTestData(dataFile).getValue("Execute", row): null

2024-03-08 00:56:42 - [TEST_STEP][PASSED] - Taxtype = findTestData(dataFile).getValue("TaxType", row): null

2024-03-08 00:56:42 - [TEST_STEP][PASSED] - Paymenttype = findTestData(dataFile).getValue("PaymentType", row): null

2024-03-08 00:56:42 - [TEST_STEP][PASSED] - out.println("Value of Execute is : " + ExecuteTC): null

2024-03-08 00:56:42 - [TEST_STEP][PASSED] - if (ExecuteTC.equalsIgnoreCase("Y")): null

2024-03-08 00:56:42 - [TEST_STEP][PASSED] - out.println("Begin Record Number: " + row): null

2024-03-08 00:56:42 - [TEST_STEP][PASSED] - today = new java.util.Date(): null

2024-03-08 00:56:42 - [TEST_STEP][PASSED] - println(today): null

2024-03-08 00:56:42 - [TEST_STEP][PASSED] - datText = today: null

2024-03-08 00:56:42 - [TEST_STEP][PASSED] - Taxtype = findTestData(dataFile).getValue("TaxType", row): null

2024-03-08 00:56:42 - [TEST_STEP][PASSED] - out.println("Taxtype value is : " + Taxtype): null

2024-03-08 00:56:42 - [TEST_STEP][PASSED] - openBrowser(""): Browser is opened with url: ''

2024-03-08 00:56:42 - [MESSAGE][WARNING] - A browser is already opened. Closing browser and opening a new one

2024-03-08 00:57:18 - [MESSAGE][INFO] - Starting 'Chrome' driver

2024-03-08 00:57:18 - [MESSAGE][INFO] - User set preference: ['acceptInsecureCerts', 'true']

2024-03-08 00:57:18 - [MESSAGE][INFO] - Action delay is set to 0 milliseconds

2024-03-08 00:57:19 - [MESSAGE][PASSED] - Browser is opened with url: ''

2024-03-08 00:57:19 - [TEST_STEP][PASSED] - maximizeWindow(): Current window maximized

2024-03-08 00:57:19 - [MESSAGE][PASSED] - Current window maximized

2024-03-08 00:57:19 - [TEST_STEP][PASSED] - navigateToUrl(RADurl): Navigate to 'https://qa2.velocitypayment.com/client/rad/index.html' successfully

2024-03-08 00:57:21 - [MESSAGE][PASSED] - Navigate to 'https://qa2.velocitypayment.com/client/rad/index.html' successfully

2024-03-08 00:57:21 - [TEST_STEP][PASSED] - orPath_Landing = "Object Repository/RAD_Pages/Landing_Page": null

2024-03-08 00:57:21 - [TEST_STEP][PASSED] - orPath_TaxTypeFilingYear = "Object Repository/RAD_Pages/TaxTypeFilingYear_Page": null

2024-03-08 00:57:21 - [TEST_STEP][PASSED] - orPath_TaxPayer = "Object Repository/RAD_Pages/Taxpayer_Page": null

2024-03-08 00:57:21 - [TEST_STEP][PASSED] - orPath_AddressContact = "Object Repository/RAD_Pages/AddressAndContactInfo_Page": null

2024-03-08 00:57:21 - [TEST_STEP][PASSED] - orPath_FilingStatus = "Object Repository/RAD_Pages/FilingStatus_Page": null

2024-03-08 00:57:21 - [TEST_STEP][PASSED] - orPath_Amount = "Object Repository/RAD_Pages/PaymentAmount_Page": null

2024-03-08 00:57:21 - [TEST_STEP][PASSED] - selectOptionByLabel(findTestObject(orPath_Landing + "/dd_TaxType"), Paymenttype, false): All options with label 'Existing Liability w/Notice Number' are selected in object 'Object Repository/RAD_Pages/Landing_Page/dd_TaxType' 

2024-03-08 00:57:22 - [MESSAGE][PASSED] - All options with label 'Existing Liability w/Notice Number' are selected in object 'Object Repository/RAD_Pages/Landing_Page/dd_TaxType' 

2024-03-08 00:57:22 - [TEST_STEP][PASSED] - delay(1): Delayed 1 second(s)

2024-03-08 00:57:23 - [MESSAGE][PASSED] - Delayed 1 second(s)

2024-03-08 00:57:23 - [TEST_STEP][PASSED] - switch (Paymenttype): null

2024-03-08 00:57:23 - [TEST_STEP][PASSED] - case "Existing Liability w/Notice Number":: null

2024-03-08 00:57:23 - [TEST_STEP][PASSED] - selectOptionByLabel(findTestObject(orPath_TaxTypeFilingYear + "/select_TaxType_ExistingLiability"), Taxtype, false): All options with label 'Motor Fuel Tax' are selected in object 'Object Repository/RAD_Pages/TaxTypeFilingYear_Page/select_TaxType_ExistingLiability' 

2024-03-08 00:57:24 - [MESSAGE][PASSED] - All options with label 'Motor Fuel Tax' are selected in object 'Object Repository/RAD_Pages/TaxTypeFilingYear_Page/select_TaxType_ExistingLiability' 

2024-03-08 00:57:24 - [TEST_STEP][PASSED] - break: null

2024-03-08 00:57:24 - [TEST_STEP][PASSED] - delay(1): Delayed 1 second(s)

2024-03-08 00:57:25 - [MESSAGE][PASSED] - Delayed 1 second(s)

2024-03-08 00:57:25 - [TEST_STEP][PASSED] - scrollToElement(findTestObject(orPath_Amount + "/input__paymentAmount"), 3): Scroll to object 'Object Repository/RAD_Pages/PaymentAmount_Page/input__paymentAmount' successfully

2024-03-08 00:57:25 - [MESSAGE][PASSED] - Scroll to object 'Object Repository/RAD_Pages/PaymentAmount_Page/input__paymentAmount' successfully

2024-03-08 00:57:25 - [TEST_STEP][PASSED] - setText(findTestObject(orPath_AddressContact + "/input_eMailAddress"), "imtiazster@gmail.com"): Text 'imtiazster@gmail.com' is set on object 'Object Repository/RAD_Pages/AddressAndContactInfo_Page/input_eMailAddress'

2024-03-08 00:57:26 - [MESSAGE][PASSED] - Text 'imtiazster@gmail.com' is set on object 'Object Repository/RAD_Pages/AddressAndContactInfo_Page/input_eMailAddress'

2024-03-08 00:57:26 - [TEST_STEP][PASSED] - setText(findTestObject(orPath_AddressContact + "/input_reEnterEMailAddress"), "iahmed@govolution.com"): Text 'iahmed@govolution.com' is set on object 'Object Repository/RAD_Pages/AddressAndContactInfo_Page/input_reEnterEMailAddress'

2024-03-08 00:57:27 - [MESSAGE][PASSED] - Text 'iahmed@govolution.com' is set on object 'Object Repository/RAD_Pages/AddressAndContactInfo_Page/input_reEnterEMailAddress'

2024-03-08 00:57:27 - [TEST_STEP][PASSED] - delay(2): Delayed 2 second(s)

2024-03-08 00:57:29 - [MESSAGE][PASSED] - Delayed 2 second(s)

2024-03-08 00:57:29 - [TEST_STEP][PASSED] - if (verifyTextPresent("The Email and Re-enter email do not match", true)): null

2024-03-08 00:57:29 - [MESSAGE][PASSED] - Text 'The Email and Re-enter email do not match' is present on page  using regular expression

2024-03-08 00:57:29 - [TEST_STEP][PASSED] - println("Emails Dont match text is present"): null

2024-03-08 00:57:29 - [TEST_STEP][PASSED] - out.println("Pass Record Number: " + row): null

2024-03-08 00:57:29 - [TEST_STEP][PASSED] - resText = "Pass": null

2024-03-08 00:57:29 - [TEST_STEP][PASSED] - pages.WriteExcel.demoKey(resText, datText, resColumn, datCloumn, fileLoc, nameSheet, row): pages.WriteExcel.demoKey is PASSED

2024-03-08 00:57:29 - [MESSAGE][PASSED] - pages.WriteExcel.demoKey is PASSED

2024-03-08 00:57:29 - [TEST_STEP][PASSED] - ExecuteTC = findTestData(dataFile).getValue("Execute", row): null

2024-03-08 00:57:29 - [TEST_STEP][PASSED] - Taxtype = findTestData(dataFile).getValue("TaxType", row): null

2024-03-08 00:57:29 - [TEST_STEP][PASSED] - Paymenttype = findTestData(dataFile).getValue("PaymentType", row): null

2024-03-08 00:57:29 - [TEST_STEP][PASSED] - out.println("Value of Execute is : " + ExecuteTC): null

2024-03-08 00:57:29 - [TEST_STEP][PASSED] - if (ExecuteTC.equalsIgnoreCase("Y")): null

2024-03-08 00:57:29 - [TEST_STEP][PASSED] - out.println("Begin Record Number: " + row): null

2024-03-08 00:57:29 - [TEST_STEP][PASSED] - today = new java.util.Date(): null

2024-03-08 00:57:29 - [TEST_STEP][PASSED] - println(today): null

2024-03-08 00:57:29 - [TEST_STEP][PASSED] - datText = today: null

2024-03-08 00:57:29 - [TEST_STEP][PASSED] - Taxtype = findTestData(dataFile).getValue("TaxType", row): null

2024-03-08 00:57:29 - [TEST_STEP][PASSED] - out.println("Taxtype value is : " + Taxtype): null

2024-03-08 00:57:29 - [TEST_STEP][PASSED] - openBrowser(""): Browser is opened with url: ''

2024-03-08 00:57:29 - [MESSAGE][WARNING] - A browser is already opened. Closing browser and opening a new one

2024-03-08 00:57:56 - [MESSAGE][INFO] - Starting 'Chrome' driver

2024-03-08 00:57:56 - [MESSAGE][INFO] - User set preference: ['acceptInsecureCerts', 'true']

2024-03-08 00:57:56 - [MESSAGE][INFO] - Action delay is set to 0 milliseconds

2024-03-08 00:57:58 - [MESSAGE][PASSED] - Browser is opened with url: ''

2024-03-08 00:57:58 - [TEST_STEP][PASSED] - maximizeWindow(): Current window maximized

2024-03-08 00:57:58 - [MESSAGE][PASSED] - Current window maximized

2024-03-08 00:57:58 - [TEST_STEP][PASSED] - navigateToUrl(RADurl): Navigate to 'https://qa2.velocitypayment.com/client/rad/index.html' successfully

2024-03-08 00:58:05 - [MESSAGE][PASSED] - Navigate to 'https://qa2.velocitypayment.com/client/rad/index.html' successfully

2024-03-08 00:58:05 - [TEST_STEP][PASSED] - orPath_Landing = "Object Repository/RAD_Pages/Landing_Page": null

2024-03-08 00:58:05 - [TEST_STEP][PASSED] - orPath_TaxTypeFilingYear = "Object Repository/RAD_Pages/TaxTypeFilingYear_Page": null

2024-03-08 00:58:05 - [TEST_STEP][PASSED] - orPath_TaxPayer = "Object Repository/RAD_Pages/Taxpayer_Page": null

2024-03-08 00:58:05 - [TEST_STEP][PASSED] - orPath_AddressContact = "Object Repository/RAD_Pages/AddressAndContactInfo_Page": null

2024-03-08 00:58:05 - [TEST_STEP][PASSED] - orPath_FilingStatus = "Object Repository/RAD_Pages/FilingStatus_Page": null

2024-03-08 00:58:05 - [TEST_STEP][PASSED] - orPath_Amount = "Object Repository/RAD_Pages/PaymentAmount_Page": null

2024-03-08 00:58:05 - [TEST_STEP][PASSED] - selectOptionByLabel(findTestObject(orPath_Landing + "/dd_TaxType"), Paymenttype, false): All options with label 'Existing Liability w/Notice Number' are selected in object 'Object Repository/RAD_Pages/Landing_Page/dd_TaxType' 

2024-03-08 00:58:06 - [MESSAGE][PASSED] - All options with label 'Existing Liability w/Notice Number' are selected in object 'Object Repository/RAD_Pages/Landing_Page/dd_TaxType' 

2024-03-08 00:58:06 - [TEST_STEP][PASSED] - delay(1): Delayed 1 second(s)

2024-03-08 00:58:07 - [MESSAGE][PASSED] - Delayed 1 second(s)

2024-03-08 00:58:07 - [TEST_STEP][PASSED] - switch (Paymenttype): null

2024-03-08 00:58:07 - [TEST_STEP][PASSED] - case "Existing Liability w/Notice Number":: null

2024-03-08 00:58:07 - [TEST_STEP][PASSED] - selectOptionByLabel(findTestObject(orPath_TaxTypeFilingYear + "/select_TaxType_ExistingLiability"), Taxtype, false): All options with label 'Slots License Fee' are selected in object 'Object Repository/RAD_Pages/TaxTypeFilingYear_Page/select_TaxType_ExistingLiability' 

2024-03-08 00:58:07 - [MESSAGE][PASSED] - All options with label 'Slots License Fee' are selected in object 'Object Repository/RAD_Pages/TaxTypeFilingYear_Page/select_TaxType_ExistingLiability' 

2024-03-08 00:58:07 - [TEST_STEP][PASSED] - break: null

2024-03-08 00:58:07 - [TEST_STEP][PASSED] - delay(1): Delayed 1 second(s)

2024-03-08 00:58:08 - [MESSAGE][PASSED] - Delayed 1 second(s)

2024-03-08 00:58:08 - [TEST_STEP][PASSED] - scrollToElement(findTestObject(orPath_Amount + "/input__paymentAmount"), 3): Scroll to object 'Object Repository/RAD_Pages/PaymentAmount_Page/input__paymentAmount' successfully

2024-03-08 00:58:09 - [MESSAGE][PASSED] - Scroll to object 'Object Repository/RAD_Pages/PaymentAmount_Page/input__paymentAmount' successfully

2024-03-08 00:58:09 - [TEST_STEP][PASSED] - setText(findTestObject(orPath_AddressContact + "/input_eMailAddress"), "imtiazster@gmail.com"): Text 'imtiazster@gmail.com' is set on object 'Object Repository/RAD_Pages/AddressAndContactInfo_Page/input_eMailAddress'

2024-03-08 00:58:10 - [MESSAGE][PASSED] - Text 'imtiazster@gmail.com' is set on object 'Object Repository/RAD_Pages/AddressAndContactInfo_Page/input_eMailAddress'

2024-03-08 00:58:10 - [TEST_STEP][PASSED] - setText(findTestObject(orPath_AddressContact + "/input_reEnterEMailAddress"), "iahmed@govolution.com"): Text 'iahmed@govolution.com' is set on object 'Object Repository/RAD_Pages/AddressAndContactInfo_Page/input_reEnterEMailAddress'

2024-03-08 00:58:11 - [MESSAGE][PASSED] - Text 'iahmed@govolution.com' is set on object 'Object Repository/RAD_Pages/AddressAndContactInfo_Page/input_reEnterEMailAddress'

2024-03-08 00:58:11 - [TEST_STEP][PASSED] - delay(2): Delayed 2 second(s)

2024-03-08 00:58:13 - [MESSAGE][PASSED] - Delayed 2 second(s)

2024-03-08 00:58:13 - [TEST_STEP][PASSED] - if (verifyTextPresent("The Email and Re-enter email do not match", true)): null

2024-03-08 00:58:13 - [MESSAGE][PASSED] - Text 'The Email and Re-enter email do not match' is present on page  using regular expression

2024-03-08 00:58:13 - [TEST_STEP][PASSED] - println("Emails Dont match text is present"): null

2024-03-08 00:58:13 - [TEST_STEP][PASSED] - out.println("Pass Record Number: " + row): null

2024-03-08 00:58:13 - [TEST_STEP][PASSED] - resText = "Pass": null

2024-03-08 00:58:13 - [TEST_STEP][PASSED] - pages.WriteExcel.demoKey(resText, datText, resColumn, datCloumn, fileLoc, nameSheet, row): pages.WriteExcel.demoKey is PASSED

2024-03-08 00:58:13 - [MESSAGE][PASSED] - pages.WriteExcel.demoKey is PASSED

2024-03-08 00:58:13 - [TEST_STEP][PASSED] - ExecuteTC = findTestData(dataFile).getValue("Execute", row): null

2024-03-08 00:58:13 - [TEST_STEP][PASSED] - Taxtype = findTestData(dataFile).getValue("TaxType", row): null

2024-03-08 00:58:13 - [TEST_STEP][PASSED] - Paymenttype = findTestData(dataFile).getValue("PaymentType", row): null

2024-03-08 00:58:13 - [TEST_STEP][PASSED] - out.println("Value of Execute is : " + ExecuteTC): null

2024-03-08 00:58:13 - [TEST_STEP][PASSED] - if (ExecuteTC.equalsIgnoreCase("Y")): null

2024-03-08 00:58:13 - [TEST_STEP][PASSED] - out.println("Begin Record Number: " + row): null

2024-03-08 00:58:13 - [TEST_STEP][PASSED] - today = new java.util.Date(): null

2024-03-08 00:58:13 - [TEST_STEP][PASSED] - println(today): null

2024-03-08 00:58:13 - [TEST_STEP][PASSED] - datText = today: null

2024-03-08 00:58:13 - [TEST_STEP][PASSED] - Taxtype = findTestData(dataFile).getValue("TaxType", row): null

2024-03-08 00:58:13 - [TEST_STEP][PASSED] - out.println("Taxtype value is : " + Taxtype): null

2024-03-08 00:58:13 - [TEST_STEP][PASSED] - openBrowser(""): Browser is opened with url: ''

2024-03-08 00:58:13 - [MESSAGE][WARNING] - A browser is already opened. Closing browser and opening a new one

2024-03-08 00:58:38 - [MESSAGE][INFO] - Starting 'Chrome' driver

2024-03-08 00:58:38 - [MESSAGE][INFO] - User set preference: ['acceptInsecureCerts', 'true']

2024-03-08 00:58:39 - [MESSAGE][INFO] - Action delay is set to 0 milliseconds

2024-03-08 00:58:40 - [MESSAGE][PASSED] - Browser is opened with url: ''

2024-03-08 00:58:40 - [TEST_STEP][PASSED] - maximizeWindow(): Current window maximized

2024-03-08 00:58:40 - [MESSAGE][PASSED] - Current window maximized

2024-03-08 00:58:40 - [TEST_STEP][PASSED] - navigateToUrl(RADurl): Navigate to 'https://qa2.velocitypayment.com/client/rad/index.html' successfully

2024-03-08 00:58:47 - [MESSAGE][PASSED] - Navigate to 'https://qa2.velocitypayment.com/client/rad/index.html' successfully

2024-03-08 00:58:47 - [TEST_STEP][PASSED] - orPath_Landing = "Object Repository/RAD_Pages/Landing_Page": null

2024-03-08 00:58:47 - [TEST_STEP][PASSED] - orPath_TaxTypeFilingYear = "Object Repository/RAD_Pages/TaxTypeFilingYear_Page": null

2024-03-08 00:58:47 - [TEST_STEP][PASSED] - orPath_TaxPayer = "Object Repository/RAD_Pages/Taxpayer_Page": null

2024-03-08 00:58:47 - [TEST_STEP][PASSED] - orPath_AddressContact = "Object Repository/RAD_Pages/AddressAndContactInfo_Page": null

2024-03-08 00:58:47 - [TEST_STEP][PASSED] - orPath_FilingStatus = "Object Repository/RAD_Pages/FilingStatus_Page": null

2024-03-08 00:58:47 - [TEST_STEP][PASSED] - orPath_Amount = "Object Repository/RAD_Pages/PaymentAmount_Page": null

2024-03-08 00:58:47 - [TEST_STEP][PASSED] - selectOptionByLabel(findTestObject(orPath_Landing + "/dd_TaxType"), Paymenttype, false): All options with label 'Existing Liability w/Notice Number' are selected in object 'Object Repository/RAD_Pages/Landing_Page/dd_TaxType' 

2024-03-08 00:58:47 - [MESSAGE][PASSED] - All options with label 'Existing Liability w/Notice Number' are selected in object 'Object Repository/RAD_Pages/Landing_Page/dd_TaxType' 

2024-03-08 00:58:47 - [TEST_STEP][PASSED] - delay(1): Delayed 1 second(s)

2024-03-08 00:58:48 - [MESSAGE][PASSED] - Delayed 1 second(s)

2024-03-08 00:58:48 - [TEST_STEP][PASSED] - switch (Paymenttype): null

2024-03-08 00:58:48 - [TEST_STEP][PASSED] - case "Existing Liability w/Notice Number":: null

2024-03-08 00:58:48 - [TEST_STEP][PASSED] - selectOptionByLabel(findTestObject(orPath_TaxTypeFilingYear + "/select_TaxType_ExistingLiability"), Taxtype, false): All options with label 'Tobacco Tax' are selected in object 'Object Repository/RAD_Pages/TaxTypeFilingYear_Page/select_TaxType_ExistingLiability' 

2024-03-08 00:58:49 - [MESSAGE][PASSED] - All options with label 'Tobacco Tax' are selected in object 'Object Repository/RAD_Pages/TaxTypeFilingYear_Page/select_TaxType_ExistingLiability' 

2024-03-08 00:58:49 - [TEST_STEP][PASSED] - break: null

2024-03-08 00:58:49 - [TEST_STEP][PASSED] - delay(1): Delayed 1 second(s)

2024-03-08 00:58:50 - [MESSAGE][PASSED] - Delayed 1 second(s)

2024-03-08 00:58:50 - [TEST_STEP][PASSED] - scrollToElement(findTestObject(orPath_Amount + "/input__paymentAmount"), 3): Scroll to object 'Object Repository/RAD_Pages/PaymentAmount_Page/input__paymentAmount' successfully

2024-03-08 00:58:50 - [MESSAGE][PASSED] - Scroll to object 'Object Repository/RAD_Pages/PaymentAmount_Page/input__paymentAmount' successfully

2024-03-08 00:58:50 - [TEST_STEP][PASSED] - setText(findTestObject(orPath_AddressContact + "/input_eMailAddress"), "imtiazster@gmail.com"): Text 'imtiazster@gmail.com' is set on object 'Object Repository/RAD_Pages/AddressAndContactInfo_Page/input_eMailAddress'

2024-03-08 00:58:51 - [MESSAGE][PASSED] - Text 'imtiazster@gmail.com' is set on object 'Object Repository/RAD_Pages/AddressAndContactInfo_Page/input_eMailAddress'

2024-03-08 00:58:51 - [TEST_STEP][PASSED] - setText(findTestObject(orPath_AddressContact + "/input_reEnterEMailAddress"), "iahmed@govolution.com"): Text 'iahmed@govolution.com' is set on object 'Object Repository/RAD_Pages/AddressAndContactInfo_Page/input_reEnterEMailAddress'

2024-03-08 00:58:52 - [MESSAGE][PASSED] - Text 'iahmed@govolution.com' is set on object 'Object Repository/RAD_Pages/AddressAndContactInfo_Page/input_reEnterEMailAddress'

2024-03-08 00:58:52 - [TEST_STEP][PASSED] - delay(2): Delayed 2 second(s)

2024-03-08 00:58:54 - [MESSAGE][PASSED] - Delayed 2 second(s)

2024-03-08 00:58:54 - [TEST_STEP][PASSED] - if (verifyTextPresent("The Email and Re-enter email do not match", true)): null

2024-03-08 00:58:55 - [MESSAGE][PASSED] - Text 'The Email and Re-enter email do not match' is present on page  using regular expression

2024-03-08 00:58:55 - [TEST_STEP][PASSED] - println("Emails Dont match text is present"): null

2024-03-08 00:58:55 - [TEST_STEP][PASSED] - out.println("Pass Record Number: " + row): null

2024-03-08 00:58:55 - [TEST_STEP][PASSED] - resText = "Pass": null

2024-03-08 00:58:55 - [TEST_STEP][PASSED] - pages.WriteExcel.demoKey(resText, datText, resColumn, datCloumn, fileLoc, nameSheet, row): pages.WriteExcel.demoKey is PASSED

2024-03-08 00:58:55 - [MESSAGE][PASSED] - pages.WriteExcel.demoKey is PASSED

2024-03-08 00:58:55 - [TEST_STEP][PASSED] - ExecuteTC = findTestData(dataFile).getValue("Execute", row): null

2024-03-08 00:58:55 - [TEST_STEP][PASSED] - Taxtype = findTestData(dataFile).getValue("TaxType", row): null

2024-03-08 00:58:55 - [TEST_STEP][PASSED] - Paymenttype = findTestData(dataFile).getValue("PaymentType", row): null

2024-03-08 00:58:55 - [TEST_STEP][PASSED] - out.println("Value of Execute is : " + ExecuteTC): null

2024-03-08 00:58:55 - [TEST_STEP][PASSED] - if (ExecuteTC.equalsIgnoreCase("Y")): null

2024-03-08 00:58:55 - [TEST_STEP][PASSED] - out.println("Begin Record Number: " + row): null

2024-03-08 00:58:55 - [TEST_STEP][PASSED] - today = new java.util.Date(): null

2024-03-08 00:58:55 - [TEST_STEP][PASSED] - println(today): null

2024-03-08 00:58:55 - [TEST_STEP][PASSED] - datText = today: null

2024-03-08 00:58:55 - [TEST_STEP][PASSED] - Taxtype = findTestData(dataFile).getValue("TaxType", row): null

2024-03-08 00:58:55 - [TEST_STEP][PASSED] - out.println("Taxtype value is : " + Taxtype): null

2024-03-08 00:58:55 - [TEST_STEP][PASSED] - openBrowser(""): Browser is opened with url: ''

2024-03-08 00:58:55 - [MESSAGE][WARNING] - A browser is already opened. Closing browser and opening a new one

2024-03-08 00:59:11 - [MESSAGE][INFO] - Starting 'Chrome' driver

2024-03-08 00:59:11 - [MESSAGE][INFO] - User set preference: ['acceptInsecureCerts', 'true']

2024-03-08 00:59:11 - [MESSAGE][INFO] - Action delay is set to 0 milliseconds

2024-03-08 00:59:13 - [MESSAGE][PASSED] - Browser is opened with url: ''

2024-03-08 00:59:13 - [TEST_STEP][PASSED] - maximizeWindow(): Current window maximized

2024-03-08 00:59:13 - [MESSAGE][PASSED] - Current window maximized

2024-03-08 00:59:13 - [TEST_STEP][PASSED] - navigateToUrl(RADurl): Navigate to 'https://qa2.velocitypayment.com/client/rad/index.html' successfully

2024-03-08 00:59:29 - [MESSAGE][PASSED] - Navigate to 'https://qa2.velocitypayment.com/client/rad/index.html' successfully

2024-03-08 00:59:29 - [TEST_STEP][PASSED] - orPath_Landing = "Object Repository/RAD_Pages/Landing_Page": null

2024-03-08 00:59:29 - [TEST_STEP][PASSED] - orPath_TaxTypeFilingYear = "Object Repository/RAD_Pages/TaxTypeFilingYear_Page": null

2024-03-08 00:59:29 - [TEST_STEP][PASSED] - orPath_TaxPayer = "Object Repository/RAD_Pages/Taxpayer_Page": null

2024-03-08 00:59:29 - [TEST_STEP][PASSED] - orPath_AddressContact = "Object Repository/RAD_Pages/AddressAndContactInfo_Page": null

2024-03-08 00:59:29 - [TEST_STEP][PASSED] - orPath_FilingStatus = "Object Repository/RAD_Pages/FilingStatus_Page": null

2024-03-08 00:59:29 - [TEST_STEP][PASSED] - orPath_Amount = "Object Repository/RAD_Pages/PaymentAmount_Page": null

2024-03-08 00:59:29 - [TEST_STEP][PASSED] - selectOptionByLabel(findTestObject(orPath_Landing + "/dd_TaxType"), Paymenttype, false): All options with label 'Existing Liability w/Notice Number' are selected in object 'Object Repository/RAD_Pages/Landing_Page/dd_TaxType' 

2024-03-08 00:59:30 - [MESSAGE][PASSED] - All options with label 'Existing Liability w/Notice Number' are selected in object 'Object Repository/RAD_Pages/Landing_Page/dd_TaxType' 

2024-03-08 00:59:30 - [TEST_STEP][PASSED] - delay(1): Delayed 1 second(s)

2024-03-08 00:59:31 - [MESSAGE][PASSED] - Delayed 1 second(s)

2024-03-08 00:59:31 - [TEST_STEP][PASSED] - switch (Paymenttype): null

2024-03-08 00:59:31 - [TEST_STEP][PASSED] - case "Existing Liability w/Notice Number":: null

2024-03-08 00:59:31 - [TEST_STEP][PASSED] - selectOptionByLabel(findTestObject(orPath_TaxTypeFilingYear + "/select_TaxType_ExistingLiability"), Taxtype, false): All options with label 'Transportation Network Services' are selected in object 'Object Repository/RAD_Pages/TaxTypeFilingYear_Page/select_TaxType_ExistingLiability' 

2024-03-08 00:59:32 - [MESSAGE][PASSED] - All options with label 'Transportation Network Services' are selected in object 'Object Repository/RAD_Pages/TaxTypeFilingYear_Page/select_TaxType_ExistingLiability' 

2024-03-08 00:59:32 - [TEST_STEP][PASSED] - break: null

2024-03-08 00:59:32 - [TEST_STEP][PASSED] - delay(1): Delayed 1 second(s)

2024-03-08 00:59:33 - [MESSAGE][PASSED] - Delayed 1 second(s)

2024-03-08 00:59:33 - [TEST_STEP][PASSED] - scrollToElement(findTestObject(orPath_Amount + "/input__paymentAmount"), 3): Scroll to object 'Object Repository/RAD_Pages/PaymentAmount_Page/input__paymentAmount' successfully

2024-03-08 00:59:33 - [MESSAGE][PASSED] - Scroll to object 'Object Repository/RAD_Pages/PaymentAmount_Page/input__paymentAmount' successfully

2024-03-08 00:59:33 - [TEST_STEP][PASSED] - setText(findTestObject(orPath_AddressContact + "/input_eMailAddress"), "imtiazster@gmail.com"): Text 'imtiazster@gmail.com' is set on object 'Object Repository/RAD_Pages/AddressAndContactInfo_Page/input_eMailAddress'

2024-03-08 00:59:34 - [MESSAGE][PASSED] - Text 'imtiazster@gmail.com' is set on object 'Object Repository/RAD_Pages/AddressAndContactInfo_Page/input_eMailAddress'

2024-03-08 00:59:34 - [TEST_STEP][PASSED] - setText(findTestObject(orPath_AddressContact + "/input_reEnterEMailAddress"), "iahmed@govolution.com"): Text 'iahmed@govolution.com' is set on object 'Object Repository/RAD_Pages/AddressAndContactInfo_Page/input_reEnterEMailAddress'

2024-03-08 00:59:35 - [MESSAGE][PASSED] - Text 'iahmed@govolution.com' is set on object 'Object Repository/RAD_Pages/AddressAndContactInfo_Page/input_reEnterEMailAddress'

2024-03-08 00:59:35 - [TEST_STEP][PASSED] - delay(2): Delayed 2 second(s)

2024-03-08 00:59:37 - [MESSAGE][PASSED] - Delayed 2 second(s)

2024-03-08 00:59:37 - [TEST_STEP][PASSED] - if (verifyTextPresent("The Email and Re-enter email do not match", true)): null

2024-03-08 00:59:37 - [MESSAGE][PASSED] - Text 'The Email and Re-enter email do not match' is present on page  using regular expression

2024-03-08 00:59:37 - [TEST_STEP][PASSED] - println("Emails Dont match text is present"): null

2024-03-08 00:59:37 - [TEST_STEP][PASSED] - out.println("Pass Record Number: " + row): null

2024-03-08 00:59:37 - [TEST_STEP][PASSED] - resText = "Pass": null

2024-03-08 00:59:37 - [TEST_STEP][PASSED] - pages.WriteExcel.demoKey(resText, datText, resColumn, datCloumn, fileLoc, nameSheet, row): pages.WriteExcel.demoKey is PASSED

2024-03-08 00:59:37 - [MESSAGE][PASSED] - pages.WriteExcel.demoKey is PASSED

2024-03-08 00:59:37 - [TEST_STEP][PASSED] - ExecuteTC = findTestData(dataFile).getValue("Execute", row): null

2024-03-08 00:59:37 - [TEST_STEP][PASSED] - Taxtype = findTestData(dataFile).getValue("TaxType", row): null

2024-03-08 00:59:37 - [TEST_STEP][PASSED] - Paymenttype = findTestData(dataFile).getValue("PaymentType", row): null

2024-03-08 00:59:38 - [TEST_STEP][PASSED] - out.println("Value of Execute is : " + ExecuteTC): null

2024-03-08 00:59:38 - [TEST_STEP][PASSED] - if (ExecuteTC.equalsIgnoreCase("Y")): null

2024-03-08 00:59:38 - [TEST_STEP][PASSED] - out.println("Begin Record Number: " + row): null

2024-03-08 00:59:38 - [TEST_STEP][PASSED] - today = new java.util.Date(): null

2024-03-08 00:59:38 - [TEST_STEP][PASSED] - println(today): null

2024-03-08 00:59:38 - [TEST_STEP][PASSED] - datText = today: null

2024-03-08 00:59:38 - [TEST_STEP][PASSED] - Taxtype = findTestData(dataFile).getValue("TaxType", row): null

2024-03-08 00:59:38 - [TEST_STEP][PASSED] - out.println("Taxtype value is : " + Taxtype): null

2024-03-08 00:59:38 - [TEST_STEP][PASSED] - openBrowser(""): Browser is opened with url: ''

2024-03-08 00:59:38 - [MESSAGE][WARNING] - A browser is already opened. Closing browser and opening a new one

2024-03-08 00:59:53 - [MESSAGE][INFO] - Starting 'Chrome' driver

2024-03-08 00:59:53 - [MESSAGE][INFO] - User set preference: ['acceptInsecureCerts', 'true']

2024-03-08 00:59:53 - [MESSAGE][INFO] - Action delay is set to 0 milliseconds

2024-03-08 00:59:55 - [MESSAGE][PASSED] - Browser is opened with url: ''

2024-03-08 00:59:55 - [TEST_STEP][PASSED] - maximizeWindow(): Current window maximized

2024-03-08 00:59:55 - [MESSAGE][PASSED] - Current window maximized

2024-03-08 00:59:55 - [TEST_STEP][PASSED] - navigateToUrl(RADurl): Navigate to 'https://qa2.velocitypayment.com/client/rad/index.html' successfully

2024-03-08 01:00:08 - [MESSAGE][PASSED] - Navigate to 'https://qa2.velocitypayment.com/client/rad/index.html' successfully

2024-03-08 01:00:08 - [TEST_STEP][PASSED] - orPath_Landing = "Object Repository/RAD_Pages/Landing_Page": null

2024-03-08 01:00:08 - [TEST_STEP][PASSED] - orPath_TaxTypeFilingYear = "Object Repository/RAD_Pages/TaxTypeFilingYear_Page": null

2024-03-08 01:00:08 - [TEST_STEP][PASSED] - orPath_TaxPayer = "Object Repository/RAD_Pages/Taxpayer_Page": null

2024-03-08 01:00:08 - [TEST_STEP][PASSED] - orPath_AddressContact = "Object Repository/RAD_Pages/AddressAndContactInfo_Page": null

2024-03-08 01:00:08 - [TEST_STEP][PASSED] - orPath_FilingStatus = "Object Repository/RAD_Pages/FilingStatus_Page": null

2024-03-08 01:00:08 - [TEST_STEP][PASSED] - orPath_Amount = "Object Repository/RAD_Pages/PaymentAmount_Page": null

2024-03-08 01:00:08 - [TEST_STEP][PASSED] - selectOptionByLabel(findTestObject(orPath_Landing + "/dd_TaxType"), Paymenttype, false): All options with label 'Existing Liability w/Notice Number' are selected in object 'Object Repository/RAD_Pages/Landing_Page/dd_TaxType' 

2024-03-08 01:00:08 - [MESSAGE][PASSED] - All options with label 'Existing Liability w/Notice Number' are selected in object 'Object Repository/RAD_Pages/Landing_Page/dd_TaxType' 

2024-03-08 01:00:08 - [TEST_STEP][PASSED] - delay(1): Delayed 1 second(s)

2024-03-08 01:00:09 - [MESSAGE][PASSED] - Delayed 1 second(s)

2024-03-08 01:00:09 - [TEST_STEP][PASSED] - switch (Paymenttype): null

2024-03-08 01:00:09 - [TEST_STEP][PASSED] - case "Existing Liability w/Notice Number":: null

2024-03-08 01:00:09 - [TEST_STEP][PASSED] - selectOptionByLabel(findTestObject(orPath_TaxTypeFilingYear + "/select_TaxType_ExistingLiability"), Taxtype, false): All options with label 'Unclaimed Property' are selected in object 'Object Repository/RAD_Pages/TaxTypeFilingYear_Page/select_TaxType_ExistingLiability' 

2024-03-08 01:00:10 - [MESSAGE][PASSED] - All options with label 'Unclaimed Property' are selected in object 'Object Repository/RAD_Pages/TaxTypeFilingYear_Page/select_TaxType_ExistingLiability' 

2024-03-08 01:00:10 - [TEST_STEP][PASSED] - break: null

2024-03-08 01:00:10 - [TEST_STEP][PASSED] - delay(1): Delayed 1 second(s)

2024-03-08 01:00:11 - [MESSAGE][PASSED] - Delayed 1 second(s)

2024-03-08 01:00:11 - [TEST_STEP][PASSED] - scrollToElement(findTestObject(orPath_Amount + "/input__paymentAmount"), 3): Scroll to object 'Object Repository/RAD_Pages/PaymentAmount_Page/input__paymentAmount' successfully

2024-03-08 01:00:11 - [MESSAGE][PASSED] - Scroll to object 'Object Repository/RAD_Pages/PaymentAmount_Page/input__paymentAmount' successfully

2024-03-08 01:00:11 - [TEST_STEP][PASSED] - setText(findTestObject(orPath_AddressContact + "/input_eMailAddress"), "imtiazster@gmail.com"): Text 'imtiazster@gmail.com' is set on object 'Object Repository/RAD_Pages/AddressAndContactInfo_Page/input_eMailAddress'

2024-03-08 01:00:12 - [MESSAGE][PASSED] - Text 'imtiazster@gmail.com' is set on object 'Object Repository/RAD_Pages/AddressAndContactInfo_Page/input_eMailAddress'

2024-03-08 01:00:12 - [TEST_STEP][PASSED] - setText(findTestObject(orPath_AddressContact + "/input_reEnterEMailAddress"), "iahmed@govolution.com"): Text 'iahmed@govolution.com' is set on object 'Object Repository/RAD_Pages/AddressAndContactInfo_Page/input_reEnterEMailAddress'

2024-03-08 01:00:13 - [MESSAGE][PASSED] - Text 'iahmed@govolution.com' is set on object 'Object Repository/RAD_Pages/AddressAndContactInfo_Page/input_reEnterEMailAddress'

2024-03-08 01:00:13 - [TEST_STEP][PASSED] - delay(2): Delayed 2 second(s)

2024-03-08 01:00:15 - [MESSAGE][PASSED] - Delayed 2 second(s)

2024-03-08 01:00:15 - [TEST_STEP][PASSED] - if (verifyTextPresent("The Email and Re-enter email do not match", true)): null

2024-03-08 01:00:15 - [MESSAGE][PASSED] - Text 'The Email and Re-enter email do not match' is present on page  using regular expression

2024-03-08 01:00:15 - [TEST_STEP][PASSED] - println("Emails Dont match text is present"): null

2024-03-08 01:00:15 - [TEST_STEP][PASSED] - out.println("Pass Record Number: " + row): null

2024-03-08 01:00:15 - [TEST_STEP][PASSED] - resText = "Pass": null

2024-03-08 01:00:15 - [TEST_STEP][PASSED] - pages.WriteExcel.demoKey(resText, datText, resColumn, datCloumn, fileLoc, nameSheet, row): pages.WriteExcel.demoKey is PASSED

2024-03-08 01:00:15 - [MESSAGE][PASSED] - pages.WriteExcel.demoKey is PASSED

2024-03-08 01:00:15 - [TEST_STEP][PASSED] - ExecuteTC = findTestData(dataFile).getValue("Execute", row): null

2024-03-08 01:00:15 - [TEST_STEP][PASSED] - Taxtype = findTestData(dataFile).getValue("TaxType", row): null

2024-03-08 01:00:15 - [TEST_STEP][PASSED] - Paymenttype = findTestData(dataFile).getValue("PaymentType", row): null

2024-03-08 01:00:15 - [TEST_STEP][PASSED] - out.println("Value of Execute is : " + ExecuteTC): null

2024-03-08 01:00:15 - [TEST_STEP][PASSED] - if (ExecuteTC.equalsIgnoreCase("Y")): null

2024-03-08 01:00:15 - [TEST_STEP][PASSED] - out.println("Begin Record Number: " + row): null

2024-03-08 01:00:15 - [TEST_STEP][PASSED] - today = new java.util.Date(): null

2024-03-08 01:00:15 - [TEST_STEP][PASSED] - println(today): null

2024-03-08 01:00:15 - [TEST_STEP][PASSED] - datText = today: null

2024-03-08 01:00:15 - [TEST_STEP][PASSED] - Taxtype = findTestData(dataFile).getValue("TaxType", row): null

2024-03-08 01:00:16 - [TEST_STEP][PASSED] - out.println("Taxtype value is : " + Taxtype): null

2024-03-08 01:00:16 - [TEST_STEP][PASSED] - openBrowser(""): Browser is opened with url: ''

2024-03-08 01:00:16 - [MESSAGE][WARNING] - A browser is already opened. Closing browser and opening a new one

2024-03-08 01:00:35 - [MESSAGE][INFO] - Starting 'Chrome' driver

2024-03-08 01:00:35 - [MESSAGE][INFO] - User set preference: ['acceptInsecureCerts', 'true']

2024-03-08 01:00:35 - [MESSAGE][INFO] - Action delay is set to 0 milliseconds

2024-03-08 01:00:37 - [MESSAGE][PASSED] - Browser is opened with url: ''

2024-03-08 01:00:37 - [TEST_STEP][PASSED] - maximizeWindow(): Current window maximized

2024-03-08 01:00:37 - [MESSAGE][PASSED] - Current window maximized

2024-03-08 01:00:37 - [TEST_STEP][PASSED] - navigateToUrl(RADurl): Navigate to 'https://qa2.velocitypayment.com/client/rad/index.html' successfully

2024-03-08 01:00:44 - [MESSAGE][PASSED] - Navigate to 'https://qa2.velocitypayment.com/client/rad/index.html' successfully

2024-03-08 01:00:44 - [TEST_STEP][PASSED] - orPath_Landing = "Object Repository/RAD_Pages/Landing_Page": null

2024-03-08 01:00:44 - [TEST_STEP][PASSED] - orPath_TaxTypeFilingYear = "Object Repository/RAD_Pages/TaxTypeFilingYear_Page": null

2024-03-08 01:00:44 - [TEST_STEP][PASSED] - orPath_TaxPayer = "Object Repository/RAD_Pages/Taxpayer_Page": null

2024-03-08 01:00:44 - [TEST_STEP][PASSED] - orPath_AddressContact = "Object Repository/RAD_Pages/AddressAndContactInfo_Page": null

2024-03-08 01:00:44 - [TEST_STEP][PASSED] - orPath_FilingStatus = "Object Repository/RAD_Pages/FilingStatus_Page": null

2024-03-08 01:00:44 - [TEST_STEP][PASSED] - orPath_Amount = "Object Repository/RAD_Pages/PaymentAmount_Page": null

2024-03-08 01:00:44 - [TEST_STEP][PASSED] - selectOptionByLabel(findTestObject(orPath_Landing + "/dd_TaxType"), Paymenttype, false): All options with label 'Existing Liability w/Notice Number' are selected in object 'Object Repository/RAD_Pages/Landing_Page/dd_TaxType' 

2024-03-08 01:00:45 - [MESSAGE][PASSED] - All options with label 'Existing Liability w/Notice Number' are selected in object 'Object Repository/RAD_Pages/Landing_Page/dd_TaxType' 

2024-03-08 01:00:45 - [TEST_STEP][PASSED] - delay(1): Delayed 1 second(s)

2024-03-08 01:00:46 - [MESSAGE][PASSED] - Delayed 1 second(s)

2024-03-08 01:00:46 - [TEST_STEP][PASSED] - switch (Paymenttype): null

2024-03-08 01:00:46 - [TEST_STEP][PASSED] - case "Existing Liability w/Notice Number":: null

2024-03-08 01:00:46 - [TEST_STEP][PASSED] - selectOptionByLabel(findTestObject(orPath_TaxTypeFilingYear + "/select_TaxType_ExistingLiability"), Taxtype, false): All options with label 'IFTA Tax' are selected in object 'Object Repository/RAD_Pages/TaxTypeFilingYear_Page/select_TaxType_ExistingLiability' 

2024-03-08 01:00:47 - [MESSAGE][PASSED] - All options with label 'IFTA Tax' are selected in object 'Object Repository/RAD_Pages/TaxTypeFilingYear_Page/select_TaxType_ExistingLiability' 

2024-03-08 01:00:47 - [TEST_STEP][PASSED] - break: null

2024-03-08 01:00:47 - [TEST_STEP][PASSED] - delay(1): Delayed 1 second(s)

2024-03-08 01:00:48 - [MESSAGE][PASSED] - Delayed 1 second(s)

2024-03-08 01:00:48 - [TEST_STEP][PASSED] - scrollToElement(findTestObject(orPath_Amount + "/input__paymentAmount"), 3): Scroll to object 'Object Repository/RAD_Pages/PaymentAmount_Page/input__paymentAmount' successfully

2024-03-08 01:00:48 - [MESSAGE][PASSED] - Scroll to object 'Object Repository/RAD_Pages/PaymentAmount_Page/input__paymentAmount' successfully

2024-03-08 01:00:48 - [TEST_STEP][PASSED] - setText(findTestObject(orPath_AddressContact + "/input_eMailAddress"), "imtiazster@gmail.com"): Text 'imtiazster@gmail.com' is set on object 'Object Repository/RAD_Pages/AddressAndContactInfo_Page/input_eMailAddress'

2024-03-08 01:00:49 - [MESSAGE][PASSED] - Text 'imtiazster@gmail.com' is set on object 'Object Repository/RAD_Pages/AddressAndContactInfo_Page/input_eMailAddress'

2024-03-08 01:00:49 - [TEST_STEP][PASSED] - setText(findTestObject(orPath_AddressContact + "/input_reEnterEMailAddress"), "iahmed@govolution.com"): Text 'iahmed@govolution.com' is set on object 'Object Repository/RAD_Pages/AddressAndContactInfo_Page/input_reEnterEMailAddress'

2024-03-08 01:00:50 - [MESSAGE][PASSED] - Text 'iahmed@govolution.com' is set on object 'Object Repository/RAD_Pages/AddressAndContactInfo_Page/input_reEnterEMailAddress'

2024-03-08 01:00:50 - [TEST_STEP][PASSED] - delay(2): Delayed 2 second(s)

2024-03-08 01:00:52 - [MESSAGE][PASSED] - Delayed 2 second(s)

2024-03-08 01:00:52 - [TEST_STEP][PASSED] - if (verifyTextPresent("The Email and Re-enter email do not match", true)): null

2024-03-08 01:00:52 - [MESSAGE][PASSED] - Text 'The Email and Re-enter email do not match' is present on page  using regular expression

2024-03-08 01:00:52 - [TEST_STEP][PASSED] - println("Emails Dont match text is present"): null

2024-03-08 01:00:52 - [TEST_STEP][PASSED] - out.println("Pass Record Number: " + row): null

2024-03-08 01:00:52 - [TEST_STEP][PASSED] - resText = "Pass": null

2024-03-08 01:00:52 - [TEST_STEP][PASSED] - pages.WriteExcel.demoKey(resText, datText, resColumn, datCloumn, fileLoc, nameSheet, row): pages.WriteExcel.demoKey is PASSED

2024-03-08 01:00:52 - [MESSAGE][PASSED] - pages.WriteExcel.demoKey is PASSED

2024-03-08 01:00:52 - [TEST_STEP][PASSED] - ExecuteTC = findTestData(dataFile).getValue("Execute", row): null

2024-03-08 01:00:52 - [TEST_STEP][PASSED] - Taxtype = findTestData(dataFile).getValue("TaxType", row): null

2024-03-08 01:00:52 - [TEST_STEP][PASSED] - Paymenttype = findTestData(dataFile).getValue("PaymentType", row): null

2024-03-08 01:00:52 - [TEST_STEP][PASSED] - out.println("Value of Execute is : " + ExecuteTC): null

2024-03-08 01:00:52 - [TEST_STEP][PASSED] - if (ExecuteTC.equalsIgnoreCase("Y")): null

2024-03-08 01:00:52 - [TEST_STEP][PASSED] - out.println("Begin Record Number: " + row): null

2024-03-08 01:00:52 - [TEST_STEP][PASSED] - today = new java.util.Date(): null

2024-03-08 01:00:52 - [TEST_STEP][PASSED] - println(today): null

2024-03-08 01:00:52 - [TEST_STEP][PASSED] - datText = today: null

2024-03-08 01:00:52 - [TEST_STEP][PASSED] - Taxtype = findTestData(dataFile).getValue("TaxType", row): null

2024-03-08 01:00:52 - [TEST_STEP][PASSED] - out.println("Taxtype value is : " + Taxtype): null

2024-03-08 01:00:52 - [TEST_STEP][PASSED] - openBrowser(""): Browser is opened with url: ''

2024-03-08 01:00:52 - [MESSAGE][WARNING] - A browser is already opened. Closing browser and opening a new one

2024-03-08 01:01:03 - [MESSAGE][INFO] - Starting 'Chrome' driver

2024-03-08 01:01:03 - [MESSAGE][INFO] - User set preference: ['acceptInsecureCerts', 'true']

2024-03-08 01:01:03 - [MESSAGE][INFO] - Action delay is set to 0 milliseconds

2024-03-08 01:01:05 - [MESSAGE][PASSED] - Browser is opened with url: ''

2024-03-08 01:01:05 - [TEST_STEP][PASSED] - maximizeWindow(): Current window maximized

2024-03-08 01:01:05 - [MESSAGE][PASSED] - Current window maximized

2024-03-08 01:01:05 - [TEST_STEP][PASSED] - navigateToUrl(RADurl): Navigate to 'https://qa2.velocitypayment.com/client/rad/index.html' successfully

2024-03-08 01:01:07 - [MESSAGE][PASSED] - Navigate to 'https://qa2.velocitypayment.com/client/rad/index.html' successfully

2024-03-08 01:01:07 - [TEST_STEP][PASSED] - orPath_Landing = "Object Repository/RAD_Pages/Landing_Page": null

2024-03-08 01:01:07 - [TEST_STEP][PASSED] - orPath_TaxTypeFilingYear = "Object Repository/RAD_Pages/TaxTypeFilingYear_Page": null

2024-03-08 01:01:07 - [TEST_STEP][PASSED] - orPath_TaxPayer = "Object Repository/RAD_Pages/Taxpayer_Page": null

2024-03-08 01:01:07 - [TEST_STEP][PASSED] - orPath_AddressContact = "Object Repository/RAD_Pages/AddressAndContactInfo_Page": null

2024-03-08 01:01:07 - [TEST_STEP][PASSED] - orPath_FilingStatus = "Object Repository/RAD_Pages/FilingStatus_Page": null

2024-03-08 01:01:07 - [TEST_STEP][PASSED] - orPath_Amount = "Object Repository/RAD_Pages/PaymentAmount_Page": null

2024-03-08 01:01:07 - [TEST_STEP][PASSED] - selectOptionByLabel(findTestObject(orPath_Landing + "/dd_TaxType"), Paymenttype, false): All options with label 'New Tax Return Amount Due' are selected in object 'Object Repository/RAD_Pages/Landing_Page/dd_TaxType' 

2024-03-08 01:01:08 - [MESSAGE][PASSED] - All options with label 'New Tax Return Amount Due' are selected in object 'Object Repository/RAD_Pages/Landing_Page/dd_TaxType' 

2024-03-08 01:01:08 - [TEST_STEP][PASSED] - delay(1): Delayed 1 second(s)

2024-03-08 01:01:09 - [MESSAGE][PASSED] - Delayed 1 second(s)

2024-03-08 01:01:09 - [TEST_STEP][PASSED] - switch (Paymenttype): null

2024-03-08 01:01:09 - [TEST_STEP][PASSED] - case "New Tax Return Amount Due":: null

2024-03-08 01:01:09 - [TEST_STEP][PASSED] - selectOptionByLabel(findTestObject("Object Repository/RAD_Pages/Landing_Page/select_NewTaxReturnAmountDue_TaxType"), Taxtype, false): All options with label 'Admissions and Amusement Tax' are selected in object 'Object Repository/RAD_Pages/Landing_Page/select_NewTaxReturnAmountDue_TaxType' 

2024-03-08 01:01:09 - [MESSAGE][PASSED] - All options with label 'Admissions and Amusement Tax' are selected in object 'Object Repository/RAD_Pages/Landing_Page/select_NewTaxReturnAmountDue_TaxType' 

2024-03-08 01:01:09 - [TEST_STEP][PASSED] - break: null

2024-03-08 01:01:09 - [TEST_STEP][PASSED] - delay(1): Delayed 1 second(s)

2024-03-08 01:01:10 - [MESSAGE][PASSED] - Delayed 1 second(s)

2024-03-08 01:01:10 - [TEST_STEP][PASSED] - scrollToElement(findTestObject(orPath_Amount + "/input__paymentAmount"), 3): Scroll to object 'Object Repository/RAD_Pages/PaymentAmount_Page/input__paymentAmount' successfully

2024-03-08 01:01:11 - [MESSAGE][PASSED] - Scroll to object 'Object Repository/RAD_Pages/PaymentAmount_Page/input__paymentAmount' successfully

2024-03-08 01:01:11 - [TEST_STEP][PASSED] - setText(findTestObject(orPath_AddressContact + "/input_eMailAddress"), "imtiazster@gmail.com"): Text 'imtiazster@gmail.com' is set on object 'Object Repository/RAD_Pages/AddressAndContactInfo_Page/input_eMailAddress'

2024-03-08 01:01:11 - [MESSAGE][PASSED] - Text 'imtiazster@gmail.com' is set on object 'Object Repository/RAD_Pages/AddressAndContactInfo_Page/input_eMailAddress'

2024-03-08 01:01:11 - [TEST_STEP][PASSED] - setText(findTestObject(orPath_AddressContact + "/input_reEnterEMailAddress"), "iahmed@govolution.com"): Text 'iahmed@govolution.com' is set on object 'Object Repository/RAD_Pages/AddressAndContactInfo_Page/input_reEnterEMailAddress'

2024-03-08 01:01:12 - [MESSAGE][PASSED] - Text 'iahmed@govolution.com' is set on object 'Object Repository/RAD_Pages/AddressAndContactInfo_Page/input_reEnterEMailAddress'

2024-03-08 01:01:12 - [TEST_STEP][PASSED] - delay(2): Delayed 2 second(s)

2024-03-08 01:01:14 - [MESSAGE][PASSED] - Delayed 2 second(s)

2024-03-08 01:01:14 - [TEST_STEP][PASSED] - if (verifyTextPresent("The Email and Re-enter email do not match", true)): null

2024-03-08 01:01:15 - [MESSAGE][PASSED] - Text 'The Email and Re-enter email do not match' is present on page  using regular expression

2024-03-08 01:01:15 - [TEST_STEP][PASSED] - println("Emails Dont match text is present"): null

2024-03-08 01:01:15 - [TEST_STEP][PASSED] - out.println("Pass Record Number: " + row): null

2024-03-08 01:01:15 - [TEST_STEP][PASSED] - resText = "Pass": null

2024-03-08 01:01:15 - [TEST_STEP][PASSED] - pages.WriteExcel.demoKey(resText, datText, resColumn, datCloumn, fileLoc, nameSheet, row): pages.WriteExcel.demoKey is PASSED

2024-03-08 01:01:15 - [MESSAGE][PASSED] - pages.WriteExcel.demoKey is PASSED

2024-03-08 01:01:15 - [TEST_STEP][PASSED] - ExecuteTC = findTestData(dataFile).getValue("Execute", row): null

2024-03-08 01:01:15 - [TEST_STEP][PASSED] - Taxtype = findTestData(dataFile).getValue("TaxType", row): null

2024-03-08 01:01:15 - [TEST_STEP][PASSED] - Paymenttype = findTestData(dataFile).getValue("PaymentType", row): null

2024-03-08 01:01:15 - [TEST_STEP][PASSED] - out.println("Value of Execute is : " + ExecuteTC): null

2024-03-08 01:01:15 - [TEST_STEP][PASSED] - if (ExecuteTC.equalsIgnoreCase("Y")): null

2024-03-08 01:01:15 - [TEST_STEP][PASSED] - out.println("Begin Record Number: " + row): null

2024-03-08 01:01:15 - [TEST_STEP][PASSED] - today = new java.util.Date(): null

2024-03-08 01:01:15 - [TEST_STEP][PASSED] - println(today): null

2024-03-08 01:01:15 - [TEST_STEP][PASSED] - datText = today: null

2024-03-08 01:01:15 - [TEST_STEP][PASSED] - Taxtype = findTestData(dataFile).getValue("TaxType", row): null

2024-03-08 01:01:15 - [TEST_STEP][PASSED] - out.println("Taxtype value is : " + Taxtype): null

2024-03-08 01:01:15 - [TEST_STEP][PASSED] - openBrowser(""): Browser is opened with url: ''

2024-03-08 01:01:15 - [MESSAGE][WARNING] - A browser is already opened. Closing browser and opening a new one

2024-03-08 01:01:50 - [MESSAGE][INFO] - Starting 'Chrome' driver

2024-03-08 01:01:50 - [MESSAGE][INFO] - User set preference: ['acceptInsecureCerts', 'true']

2024-03-08 01:01:50 - [MESSAGE][INFO] - Action delay is set to 0 milliseconds

2024-03-08 01:01:51 - [MESSAGE][PASSED] - Browser is opened with url: ''

2024-03-08 01:01:51 - [TEST_STEP][PASSED] - maximizeWindow(): Current window maximized

2024-03-08 01:01:51 - [MESSAGE][PASSED] - Current window maximized

2024-03-08 01:01:51 - [TEST_STEP][PASSED] - navigateToUrl(RADurl): Navigate to 'https://qa2.velocitypayment.com/client/rad/index.html' successfully

2024-03-08 01:01:58 - [MESSAGE][PASSED] - Navigate to 'https://qa2.velocitypayment.com/client/rad/index.html' successfully

2024-03-08 01:01:58 - [TEST_STEP][PASSED] - orPath_Landing = "Object Repository/RAD_Pages/Landing_Page": null

2024-03-08 01:01:58 - [TEST_STEP][PASSED] - orPath_TaxTypeFilingYear = "Object Repository/RAD_Pages/TaxTypeFilingYear_Page": null

2024-03-08 01:01:58 - [TEST_STEP][PASSED] - orPath_TaxPayer = "Object Repository/RAD_Pages/Taxpayer_Page": null

2024-03-08 01:01:58 - [TEST_STEP][PASSED] - orPath_AddressContact = "Object Repository/RAD_Pages/AddressAndContactInfo_Page": null

2024-03-08 01:01:58 - [TEST_STEP][PASSED] - orPath_FilingStatus = "Object Repository/RAD_Pages/FilingStatus_Page": null

2024-03-08 01:01:58 - [TEST_STEP][PASSED] - orPath_Amount = "Object Repository/RAD_Pages/PaymentAmount_Page": null

2024-03-08 01:01:58 - [TEST_STEP][PASSED] - selectOptionByLabel(findTestObject(orPath_Landing + "/dd_TaxType"), Paymenttype, false): All options with label 'New Tax Return Amount Due' are selected in object 'Object Repository/RAD_Pages/Landing_Page/dd_TaxType' 

2024-03-08 01:01:59 - [MESSAGE][PASSED] - All options with label 'New Tax Return Amount Due' are selected in object 'Object Repository/RAD_Pages/Landing_Page/dd_TaxType' 

2024-03-08 01:01:59 - [TEST_STEP][PASSED] - delay(1): Delayed 1 second(s)

2024-03-08 01:02:00 - [MESSAGE][PASSED] - Delayed 1 second(s)

2024-03-08 01:02:00 - [TEST_STEP][PASSED] - switch (Paymenttype): null

2024-03-08 01:02:00 - [TEST_STEP][PASSED] - case "New Tax Return Amount Due":: null

2024-03-08 01:02:00 - [TEST_STEP][PASSED] - selectOptionByLabel(findTestObject("Object Repository/RAD_Pages/Landing_Page/select_NewTaxReturnAmountDue_TaxType"), Taxtype, false): All options with label 'Alcohol Tax' are selected in object 'Object Repository/RAD_Pages/Landing_Page/select_NewTaxReturnAmountDue_TaxType' 

2024-03-08 01:02:00 - [MESSAGE][PASSED] - All options with label 'Alcohol Tax' are selected in object 'Object Repository/RAD_Pages/Landing_Page/select_NewTaxReturnAmountDue_TaxType' 

2024-03-08 01:02:00 - [TEST_STEP][PASSED] - break: null

2024-03-08 01:02:00 - [TEST_STEP][PASSED] - delay(1): Delayed 1 second(s)

2024-03-08 01:02:01 - [MESSAGE][PASSED] - Delayed 1 second(s)

2024-03-08 01:02:01 - [TEST_STEP][PASSED] - scrollToElement(findTestObject(orPath_Amount + "/input__paymentAmount"), 3): Scroll to object 'Object Repository/RAD_Pages/PaymentAmount_Page/input__paymentAmount' successfully

2024-03-08 01:02:02 - [MESSAGE][PASSED] - Scroll to object 'Object Repository/RAD_Pages/PaymentAmount_Page/input__paymentAmount' successfully

2024-03-08 01:02:02 - [TEST_STEP][PASSED] - setText(findTestObject(orPath_AddressContact + "/input_eMailAddress"), "imtiazster@gmail.com"): Text 'imtiazster@gmail.com' is set on object 'Object Repository/RAD_Pages/AddressAndContactInfo_Page/input_eMailAddress'

2024-03-08 01:02:03 - [MESSAGE][PASSED] - Text 'imtiazster@gmail.com' is set on object 'Object Repository/RAD_Pages/AddressAndContactInfo_Page/input_eMailAddress'

2024-03-08 01:02:03 - [TEST_STEP][PASSED] - setText(findTestObject(orPath_AddressContact + "/input_reEnterEMailAddress"), "iahmed@govolution.com"): Text 'iahmed@govolution.com' is set on object 'Object Repository/RAD_Pages/AddressAndContactInfo_Page/input_reEnterEMailAddress'

2024-03-08 01:02:03 - [MESSAGE][PASSED] - Text 'iahmed@govolution.com' is set on object 'Object Repository/RAD_Pages/AddressAndContactInfo_Page/input_reEnterEMailAddress'

2024-03-08 01:02:03 - [TEST_STEP][PASSED] - delay(2): Delayed 2 second(s)

2024-03-08 01:02:05 - [MESSAGE][PASSED] - Delayed 2 second(s)

2024-03-08 01:02:05 - [TEST_STEP][PASSED] - if (verifyTextPresent("The Email and Re-enter email do not match", true)): null

2024-03-08 01:02:06 - [MESSAGE][PASSED] - Text 'The Email and Re-enter email do not match' is present on page  using regular expression

2024-03-08 01:02:06 - [TEST_STEP][PASSED] - println("Emails Dont match text is present"): null

2024-03-08 01:02:06 - [TEST_STEP][PASSED] - out.println("Pass Record Number: " + row): null

2024-03-08 01:02:06 - [TEST_STEP][PASSED] - resText = "Pass": null

2024-03-08 01:02:06 - [TEST_STEP][PASSED] - pages.WriteExcel.demoKey(resText, datText, resColumn, datCloumn, fileLoc, nameSheet, row): pages.WriteExcel.demoKey is PASSED

2024-03-08 01:02:08 - [MESSAGE][PASSED] - pages.WriteExcel.demoKey is PASSED

2024-03-08 01:02:08 - [TEST_STEP][PASSED] - ExecuteTC = findTestData(dataFile).getValue("Execute", row): null

2024-03-08 01:02:08 - [TEST_STEP][PASSED] - Taxtype = findTestData(dataFile).getValue("TaxType", row): null

2024-03-08 01:02:08 - [TEST_STEP][PASSED] - Paymenttype = findTestData(dataFile).getValue("PaymentType", row): null

2024-03-08 01:02:08 - [TEST_STEP][PASSED] - out.println("Value of Execute is : " + ExecuteTC): null

2024-03-08 01:02:08 - [TEST_STEP][PASSED] - if (ExecuteTC.equalsIgnoreCase("Y")): null

2024-03-08 01:02:08 - [TEST_STEP][PASSED] - out.println("Begin Record Number: " + row): null

2024-03-08 01:02:08 - [TEST_STEP][PASSED] - today = new java.util.Date(): null

2024-03-08 01:02:08 - [TEST_STEP][PASSED] - println(today): null

2024-03-08 01:02:08 - [TEST_STEP][PASSED] - datText = today: null

2024-03-08 01:02:08 - [TEST_STEP][PASSED] - Taxtype = findTestData(dataFile).getValue("TaxType", row): null

2024-03-08 01:02:08 - [TEST_STEP][PASSED] - out.println("Taxtype value is : " + Taxtype): null

2024-03-08 01:02:08 - [TEST_STEP][PASSED] - openBrowser(""): Browser is opened with url: ''

2024-03-08 01:02:08 - [MESSAGE][WARNING] - A browser is already opened. Closing browser and opening a new one

2024-03-08 01:02:35 - [MESSAGE][INFO] - Starting 'Chrome' driver

2024-03-08 01:02:35 - [MESSAGE][INFO] - User set preference: ['acceptInsecureCerts', 'true']

2024-03-08 01:02:35 - [MESSAGE][INFO] - Action delay is set to 0 milliseconds

2024-03-08 01:02:36 - [MESSAGE][PASSED] - Browser is opened with url: ''

2024-03-08 01:02:36 - [TEST_STEP][PASSED] - maximizeWindow(): Current window maximized

2024-03-08 01:02:36 - [MESSAGE][PASSED] - Current window maximized

2024-03-08 01:02:36 - [TEST_STEP][PASSED] - navigateToUrl(RADurl): Navigate to 'https://qa2.velocitypayment.com/client/rad/index.html' successfully

2024-03-08 01:02:50 - [MESSAGE][PASSED] - Navigate to 'https://qa2.velocitypayment.com/client/rad/index.html' successfully

2024-03-08 01:02:50 - [TEST_STEP][PASSED] - orPath_Landing = "Object Repository/RAD_Pages/Landing_Page": null

2024-03-08 01:02:50 - [TEST_STEP][PASSED] - orPath_TaxTypeFilingYear = "Object Repository/RAD_Pages/TaxTypeFilingYear_Page": null

2024-03-08 01:02:50 - [TEST_STEP][PASSED] - orPath_TaxPayer = "Object Repository/RAD_Pages/Taxpayer_Page": null

2024-03-08 01:02:50 - [TEST_STEP][PASSED] - orPath_AddressContact = "Object Repository/RAD_Pages/AddressAndContactInfo_Page": null

2024-03-08 01:02:50 - [TEST_STEP][PASSED] - orPath_FilingStatus = "Object Repository/RAD_Pages/FilingStatus_Page": null

2024-03-08 01:02:50 - [TEST_STEP][PASSED] - orPath_Amount = "Object Repository/RAD_Pages/PaymentAmount_Page": null

2024-03-08 01:02:50 - [TEST_STEP][PASSED] - selectOptionByLabel(findTestObject(orPath_Landing + "/dd_TaxType"), Paymenttype, false): All options with label 'New Tax Return Amount Due' are selected in object 'Object Repository/RAD_Pages/Landing_Page/dd_TaxType' 

2024-03-08 01:02:50 - [MESSAGE][PASSED] - All options with label 'New Tax Return Amount Due' are selected in object 'Object Repository/RAD_Pages/Landing_Page/dd_TaxType' 

2024-03-08 01:02:50 - [TEST_STEP][PASSED] - delay(1): Delayed 1 second(s)

2024-03-08 01:02:51 - [MESSAGE][PASSED] - Delayed 1 second(s)

2024-03-08 01:02:51 - [TEST_STEP][PASSED] - switch (Paymenttype): null

2024-03-08 01:02:51 - [TEST_STEP][PASSED] - case "New Tax Return Amount Due":: null

2024-03-08 01:02:51 - [TEST_STEP][PASSED] - selectOptionByLabel(findTestObject("Object Repository/RAD_Pages/Landing_Page/select_NewTaxReturnAmountDue_TaxType"), Taxtype, false): All options with label 'Bay Restoration Fee' are selected in object 'Object Repository/RAD_Pages/Landing_Page/select_NewTaxReturnAmountDue_TaxType' 

2024-03-08 01:02:52 - [MESSAGE][PASSED] - All options with label 'Bay Restoration Fee' are selected in object 'Object Repository/RAD_Pages/Landing_Page/select_NewTaxReturnAmountDue_TaxType' 

2024-03-08 01:02:52 - [TEST_STEP][PASSED] - break: null

2024-03-08 01:02:52 - [TEST_STEP][PASSED] - delay(1): Delayed 1 second(s)

2024-03-08 01:02:53 - [MESSAGE][PASSED] - Delayed 1 second(s)

2024-03-08 01:02:53 - [TEST_STEP][PASSED] - scrollToElement(findTestObject(orPath_Amount + "/input__paymentAmount"), 3): Scroll to object 'Object Repository/RAD_Pages/PaymentAmount_Page/input__paymentAmount' successfully

2024-03-08 01:02:53 - [MESSAGE][PASSED] - Scroll to object 'Object Repository/RAD_Pages/PaymentAmount_Page/input__paymentAmount' successfully

2024-03-08 01:02:53 - [TEST_STEP][PASSED] - setText(findTestObject(orPath_AddressContact + "/input_eMailAddress"), "imtiazster@gmail.com"): Text 'imtiazster@gmail.com' is set on object 'Object Repository/RAD_Pages/AddressAndContactInfo_Page/input_eMailAddress'

2024-03-08 01:02:54 - [MESSAGE][PASSED] - Text 'imtiazster@gmail.com' is set on object 'Object Repository/RAD_Pages/AddressAndContactInfo_Page/input_eMailAddress'

2024-03-08 01:02:54 - [TEST_STEP][PASSED] - setText(findTestObject(orPath_AddressContact + "/input_reEnterEMailAddress"), "iahmed@govolution.com"): Text 'iahmed@govolution.com' is set on object 'Object Repository/RAD_Pages/AddressAndContactInfo_Page/input_reEnterEMailAddress'

2024-03-08 01:02:55 - [MESSAGE][PASSED] - Text 'iahmed@govolution.com' is set on object 'Object Repository/RAD_Pages/AddressAndContactInfo_Page/input_reEnterEMailAddress'

2024-03-08 01:02:55 - [TEST_STEP][PASSED] - delay(2): Delayed 2 second(s)

2024-03-08 01:02:57 - [MESSAGE][PASSED] - Delayed 2 second(s)

2024-03-08 01:02:57 - [TEST_STEP][PASSED] - if (verifyTextPresent("The Email and Re-enter email do not match", true)): null

2024-03-08 01:02:57 - [MESSAGE][PASSED] - Text 'The Email and Re-enter email do not match' is present on page  using regular expression

2024-03-08 01:02:57 - [TEST_STEP][PASSED] - println("Emails Dont match text is present"): null

2024-03-08 01:02:57 - [TEST_STEP][PASSED] - out.println("Pass Record Number: " + row): null

2024-03-08 01:02:57 - [TEST_STEP][PASSED] - resText = "Pass": null

2024-03-08 01:02:57 - [TEST_STEP][PASSED] - pages.WriteExcel.demoKey(resText, datText, resColumn, datCloumn, fileLoc, nameSheet, row): pages.WriteExcel.demoKey is PASSED

2024-03-08 01:02:57 - [MESSAGE][PASSED] - pages.WriteExcel.demoKey is PASSED

2024-03-08 01:02:57 - [TEST_STEP][PASSED] - ExecuteTC = findTestData(dataFile).getValue("Execute", row): null

2024-03-08 01:02:57 - [TEST_STEP][PASSED] - Taxtype = findTestData(dataFile).getValue("TaxType", row): null

2024-03-08 01:02:57 - [TEST_STEP][PASSED] - Paymenttype = findTestData(dataFile).getValue("PaymentType", row): null

2024-03-08 01:02:57 - [TEST_STEP][PASSED] - out.println("Value of Execute is : " + ExecuteTC): null

2024-03-08 01:02:57 - [TEST_STEP][PASSED] - if (ExecuteTC.equalsIgnoreCase("Y")): null

2024-03-08 01:02:57 - [TEST_STEP][PASSED] - out.println("Begin Record Number: " + row): null

2024-03-08 01:02:57 - [TEST_STEP][PASSED] - today = new java.util.Date(): null

2024-03-08 01:02:57 - [TEST_STEP][PASSED] - println(today): null

2024-03-08 01:02:57 - [TEST_STEP][PASSED] - datText = today: null

2024-03-08 01:02:57 - [TEST_STEP][PASSED] - Taxtype = findTestData(dataFile).getValue("TaxType", row): null

2024-03-08 01:02:58 - [TEST_STEP][PASSED] - out.println("Taxtype value is : " + Taxtype): null

2024-03-08 01:02:58 - [TEST_STEP][PASSED] - openBrowser(""): Browser is opened with url: ''

2024-03-08 01:02:58 - [MESSAGE][WARNING] - A browser is already opened. Closing browser and opening a new one

2024-03-08 01:03:15 - [MESSAGE][INFO] - Starting 'Chrome' driver

2024-03-08 01:03:15 - [MESSAGE][INFO] - User set preference: ['acceptInsecureCerts', 'true']

2024-03-08 01:03:15 - [MESSAGE][INFO] - Action delay is set to 0 milliseconds

2024-03-08 01:03:17 - [MESSAGE][PASSED] - Browser is opened with url: ''

2024-03-08 01:03:17 - [TEST_STEP][PASSED] - maximizeWindow(): Current window maximized

2024-03-08 01:03:17 - [MESSAGE][PASSED] - Current window maximized

2024-03-08 01:03:17 - [TEST_STEP][PASSED] - navigateToUrl(RADurl): Navigate to 'https://qa2.velocitypayment.com/client/rad/index.html' successfully

2024-03-08 01:03:25 - [MESSAGE][PASSED] - Navigate to 'https://qa2.velocitypayment.com/client/rad/index.html' successfully

2024-03-08 01:03:25 - [TEST_STEP][PASSED] - orPath_Landing = "Object Repository/RAD_Pages/Landing_Page": null

2024-03-08 01:03:25 - [TEST_STEP][PASSED] - orPath_TaxTypeFilingYear = "Object Repository/RAD_Pages/TaxTypeFilingYear_Page": null

2024-03-08 01:03:25 - [TEST_STEP][PASSED] - orPath_TaxPayer = "Object Repository/RAD_Pages/Taxpayer_Page": null

2024-03-08 01:03:25 - [TEST_STEP][PASSED] - orPath_AddressContact = "Object Repository/RAD_Pages/AddressAndContactInfo_Page": null

2024-03-08 01:03:25 - [TEST_STEP][PASSED] - orPath_FilingStatus = "Object Repository/RAD_Pages/FilingStatus_Page": null

2024-03-08 01:03:25 - [TEST_STEP][PASSED] - orPath_Amount = "Object Repository/RAD_Pages/PaymentAmount_Page": null

2024-03-08 01:03:25 - [TEST_STEP][PASSED] - selectOptionByLabel(findTestObject(orPath_Landing + "/dd_TaxType"), Paymenttype, false): All options with label 'New Tax Return Amount Due' are selected in object 'Object Repository/RAD_Pages/Landing_Page/dd_TaxType' 

2024-03-08 01:03:25 - [MESSAGE][PASSED] - All options with label 'New Tax Return Amount Due' are selected in object 'Object Repository/RAD_Pages/Landing_Page/dd_TaxType' 

2024-03-08 01:03:25 - [TEST_STEP][PASSED] - delay(1): Delayed 1 second(s)

2024-03-08 01:03:26 - [MESSAGE][PASSED] - Delayed 1 second(s)

2024-03-08 01:03:26 - [TEST_STEP][PASSED] - switch (Paymenttype): null

2024-03-08 01:03:26 - [TEST_STEP][PASSED] - case "New Tax Return Amount Due":: null

2024-03-08 01:03:26 - [TEST_STEP][PASSED] - selectOptionByLabel(findTestObject("Object Repository/RAD_Pages/Landing_Page/select_NewTaxReturnAmountDue_TaxType"), Taxtype, false): All options with label 'Corporate Income Tax' are selected in object 'Object Repository/RAD_Pages/Landing_Page/select_NewTaxReturnAmountDue_TaxType' 

2024-03-08 01:03:27 - [MESSAGE][PASSED] - All options with label 'Corporate Income Tax' are selected in object 'Object Repository/RAD_Pages/Landing_Page/select_NewTaxReturnAmountDue_TaxType' 

2024-03-08 01:03:27 - [TEST_STEP][PASSED] - break: null

2024-03-08 01:03:27 - [TEST_STEP][PASSED] - delay(1): Delayed 1 second(s)

2024-03-08 01:03:28 - [MESSAGE][PASSED] - Delayed 1 second(s)

2024-03-08 01:03:28 - [TEST_STEP][PASSED] - scrollToElement(findTestObject(orPath_Amount + "/input__paymentAmount"), 3): Scroll to object 'Object Repository/RAD_Pages/PaymentAmount_Page/input__paymentAmount' successfully

2024-03-08 01:03:28 - [MESSAGE][PASSED] - Scroll to object 'Object Repository/RAD_Pages/PaymentAmount_Page/input__paymentAmount' successfully

2024-03-08 01:03:28 - [TEST_STEP][PASSED] - setText(findTestObject(orPath_AddressContact + "/input_eMailAddress"), "imtiazster@gmail.com"): Text 'imtiazster@gmail.com' is set on object 'Object Repository/RAD_Pages/AddressAndContactInfo_Page/input_eMailAddress'

2024-03-08 01:03:29 - [MESSAGE][PASSED] - Text 'imtiazster@gmail.com' is set on object 'Object Repository/RAD_Pages/AddressAndContactInfo_Page/input_eMailAddress'

2024-03-08 01:03:29 - [TEST_STEP][PASSED] - setText(findTestObject(orPath_AddressContact + "/input_reEnterEMailAddress"), "iahmed@govolution.com"): Text 'iahmed@govolution.com' is set on object 'Object Repository/RAD_Pages/AddressAndContactInfo_Page/input_reEnterEMailAddress'

2024-03-08 01:03:30 - [MESSAGE][PASSED] - Text 'iahmed@govolution.com' is set on object 'Object Repository/RAD_Pages/AddressAndContactInfo_Page/input_reEnterEMailAddress'

2024-03-08 01:03:30 - [TEST_STEP][PASSED] - delay(2): Delayed 2 second(s)

2024-03-08 01:03:32 - [MESSAGE][PASSED] - Delayed 2 second(s)

2024-03-08 01:03:32 - [TEST_STEP][PASSED] - if (verifyTextPresent("The Email and Re-enter email do not match", true)): null

2024-03-08 01:03:32 - [MESSAGE][PASSED] - Text 'The Email and Re-enter email do not match' is present on page  using regular expression

2024-03-08 01:03:32 - [TEST_STEP][PASSED] - println("Emails Dont match text is present"): null

2024-03-08 01:03:32 - [TEST_STEP][PASSED] - out.println("Pass Record Number: " + row): null

2024-03-08 01:03:32 - [TEST_STEP][PASSED] - resText = "Pass": null

2024-03-08 01:03:32 - [TEST_STEP][PASSED] - pages.WriteExcel.demoKey(resText, datText, resColumn, datCloumn, fileLoc, nameSheet, row): pages.WriteExcel.demoKey is PASSED

2024-03-08 01:03:33 - [MESSAGE][PASSED] - pages.WriteExcel.demoKey is PASSED

2024-03-08 01:03:33 - [TEST_STEP][PASSED] - ExecuteTC = findTestData(dataFile).getValue("Execute", row): null

2024-03-08 01:03:33 - [TEST_STEP][PASSED] - Taxtype = findTestData(dataFile).getValue("TaxType", row): null

2024-03-08 01:03:33 - [TEST_STEP][PASSED] - Paymenttype = findTestData(dataFile).getValue("PaymentType", row): null

2024-03-08 01:03:33 - [TEST_STEP][PASSED] - out.println("Value of Execute is : " + ExecuteTC): null

2024-03-08 01:03:33 - [TEST_STEP][PASSED] - if (ExecuteTC.equalsIgnoreCase("Y")): null

2024-03-08 01:03:33 - [TEST_STEP][PASSED] - out.println("Begin Record Number: " + row): null

2024-03-08 01:03:33 - [TEST_STEP][PASSED] - today = new java.util.Date(): null

2024-03-08 01:03:33 - [TEST_STEP][PASSED] - println(today): null

2024-03-08 01:03:33 - [TEST_STEP][PASSED] - datText = today: null

2024-03-08 01:03:33 - [TEST_STEP][PASSED] - Taxtype = findTestData(dataFile).getValue("TaxType", row): null

2024-03-08 01:03:33 - [TEST_STEP][PASSED] - out.println("Taxtype value is : " + Taxtype): null

2024-03-08 01:03:33 - [TEST_STEP][PASSED] - openBrowser(""): Browser is opened with url: ''

2024-03-08 01:03:33 - [MESSAGE][WARNING] - A browser is already opened. Closing browser and opening a new one

2024-03-08 01:03:44 - [MESSAGE][INFO] - Starting 'Chrome' driver

2024-03-08 01:03:44 - [MESSAGE][INFO] - User set preference: ['acceptInsecureCerts', 'true']

2024-03-08 01:03:44 - [MESSAGE][INFO] - Action delay is set to 0 milliseconds

2024-03-08 01:03:45 - [MESSAGE][PASSED] - Browser is opened with url: ''

2024-03-08 01:03:45 - [TEST_STEP][PASSED] - maximizeWindow(): Current window maximized

2024-03-08 01:03:45 - [MESSAGE][PASSED] - Current window maximized

2024-03-08 01:03:45 - [TEST_STEP][PASSED] - navigateToUrl(RADurl): Navigate to 'https://qa2.velocitypayment.com/client/rad/index.html' successfully

2024-03-08 01:03:52 - [MESSAGE][PASSED] - Navigate to 'https://qa2.velocitypayment.com/client/rad/index.html' successfully

2024-03-08 01:03:52 - [TEST_STEP][PASSED] - orPath_Landing = "Object Repository/RAD_Pages/Landing_Page": null

2024-03-08 01:03:52 - [TEST_STEP][PASSED] - orPath_TaxTypeFilingYear = "Object Repository/RAD_Pages/TaxTypeFilingYear_Page": null

2024-03-08 01:03:52 - [TEST_STEP][PASSED] - orPath_TaxPayer = "Object Repository/RAD_Pages/Taxpayer_Page": null

2024-03-08 01:03:52 - [TEST_STEP][PASSED] - orPath_AddressContact = "Object Repository/RAD_Pages/AddressAndContactInfo_Page": null

2024-03-08 01:03:52 - [TEST_STEP][PASSED] - orPath_FilingStatus = "Object Repository/RAD_Pages/FilingStatus_Page": null

2024-03-08 01:03:52 - [TEST_STEP][PASSED] - orPath_Amount = "Object Repository/RAD_Pages/PaymentAmount_Page": null

2024-03-08 01:03:52 - [TEST_STEP][PASSED] - selectOptionByLabel(findTestObject(orPath_Landing + "/dd_TaxType"), Paymenttype, false): All options with label 'New Tax Return Amount Due' are selected in object 'Object Repository/RAD_Pages/Landing_Page/dd_TaxType' 

2024-03-08 01:03:53 - [MESSAGE][PASSED] - All options with label 'New Tax Return Amount Due' are selected in object 'Object Repository/RAD_Pages/Landing_Page/dd_TaxType' 

2024-03-08 01:03:53 - [TEST_STEP][PASSED] - delay(1): Delayed 1 second(s)

2024-03-08 01:03:54 - [MESSAGE][PASSED] - Delayed 1 second(s)

2024-03-08 01:03:54 - [TEST_STEP][PASSED] - switch (Paymenttype): null

2024-03-08 01:03:54 - [TEST_STEP][PASSED] - case "New Tax Return Amount Due":: null

2024-03-08 01:03:54 - [TEST_STEP][PASSED] - selectOptionByLabel(findTestObject("Object Repository/RAD_Pages/Landing_Page/select_NewTaxReturnAmountDue_TaxType"), Taxtype, false): All options with label 'Estate Tax' are selected in object 'Object Repository/RAD_Pages/Landing_Page/select_NewTaxReturnAmountDue_TaxType' 

2024-03-08 01:03:54 - [MESSAGE][PASSED] - All options with label 'Estate Tax' are selected in object 'Object Repository/RAD_Pages/Landing_Page/select_NewTaxReturnAmountDue_TaxType' 

2024-03-08 01:03:54 - [TEST_STEP][PASSED] - break: null

2024-03-08 01:03:54 - [TEST_STEP][PASSED] - delay(1): Delayed 1 second(s)

2024-03-08 01:03:55 - [MESSAGE][PASSED] - Delayed 1 second(s)

2024-03-08 01:03:55 - [TEST_STEP][PASSED] - scrollToElement(findTestObject(orPath_Amount + "/input__paymentAmount"), 3): Scroll to object 'Object Repository/RAD_Pages/PaymentAmount_Page/input__paymentAmount' successfully

2024-03-08 01:03:56 - [MESSAGE][PASSED] - Scroll to object 'Object Repository/RAD_Pages/PaymentAmount_Page/input__paymentAmount' successfully

2024-03-08 01:03:56 - [TEST_STEP][PASSED] - setText(findTestObject(orPath_AddressContact + "/input_eMailAddress"), "imtiazster@gmail.com"): Text 'imtiazster@gmail.com' is set on object 'Object Repository/RAD_Pages/AddressAndContactInfo_Page/input_eMailAddress'

2024-03-08 01:03:57 - [MESSAGE][PASSED] - Text 'imtiazster@gmail.com' is set on object 'Object Repository/RAD_Pages/AddressAndContactInfo_Page/input_eMailAddress'

2024-03-08 01:03:57 - [TEST_STEP][PASSED] - setText(findTestObject(orPath_AddressContact + "/input_reEnterEMailAddress"), "iahmed@govolution.com"): Text 'iahmed@govolution.com' is set on object 'Object Repository/RAD_Pages/AddressAndContactInfo_Page/input_reEnterEMailAddress'

2024-03-08 01:03:57 - [MESSAGE][PASSED] - Text 'iahmed@govolution.com' is set on object 'Object Repository/RAD_Pages/AddressAndContactInfo_Page/input_reEnterEMailAddress'

2024-03-08 01:03:57 - [TEST_STEP][PASSED] - delay(2): Delayed 2 second(s)

2024-03-08 01:03:59 - [MESSAGE][PASSED] - Delayed 2 second(s)

2024-03-08 01:03:59 - [TEST_STEP][PASSED] - if (verifyTextPresent("The Email and Re-enter email do not match", true)): null

2024-03-08 01:04:00 - [MESSAGE][PASSED] - Text 'The Email and Re-enter email do not match' is present on page  using regular expression

2024-03-08 01:04:00 - [TEST_STEP][PASSED] - println("Emails Dont match text is present"): null

2024-03-08 01:04:00 - [TEST_STEP][PASSED] - out.println("Pass Record Number: " + row): null

2024-03-08 01:04:00 - [TEST_STEP][PASSED] - resText = "Pass": null

2024-03-08 01:04:00 - [TEST_STEP][PASSED] - pages.WriteExcel.demoKey(resText, datText, resColumn, datCloumn, fileLoc, nameSheet, row): pages.WriteExcel.demoKey is PASSED

2024-03-08 01:04:00 - [MESSAGE][PASSED] - pages.WriteExcel.demoKey is PASSED

2024-03-08 01:04:00 - [TEST_STEP][PASSED] - ExecuteTC = findTestData(dataFile).getValue("Execute", row): null

2024-03-08 01:04:00 - [TEST_STEP][PASSED] - Taxtype = findTestData(dataFile).getValue("TaxType", row): null

2024-03-08 01:04:00 - [TEST_STEP][PASSED] - Paymenttype = findTestData(dataFile).getValue("PaymentType", row): null

2024-03-08 01:04:00 - [TEST_STEP][PASSED] - out.println("Value of Execute is : " + ExecuteTC): null

2024-03-08 01:04:00 - [TEST_STEP][PASSED] - if (ExecuteTC.equalsIgnoreCase("Y")): null

2024-03-08 01:04:00 - [TEST_STEP][PASSED] - out.println("Begin Record Number: " + row): null

2024-03-08 01:04:00 - [TEST_STEP][PASSED] - today = new java.util.Date(): null

2024-03-08 01:04:00 - [TEST_STEP][PASSED] - println(today): null

2024-03-08 01:04:00 - [TEST_STEP][PASSED] - datText = today: null

2024-03-08 01:04:00 - [TEST_STEP][PASSED] - Taxtype = findTestData(dataFile).getValue("TaxType", row): null

2024-03-08 01:04:00 - [TEST_STEP][PASSED] - out.println("Taxtype value is : " + Taxtype): null

2024-03-08 01:04:00 - [TEST_STEP][PASSED] - openBrowser(""): Browser is opened with url: ''

2024-03-08 01:04:00 - [MESSAGE][WARNING] - A browser is already opened. Closing browser and opening a new one

2024-03-08 01:04:29 - [MESSAGE][INFO] - Starting 'Chrome' driver

2024-03-08 01:04:29 - [MESSAGE][INFO] - User set preference: ['acceptInsecureCerts', 'true']

2024-03-08 01:04:29 - [MESSAGE][INFO] - Action delay is set to 0 milliseconds

2024-03-08 01:04:30 - [MESSAGE][PASSED] - Browser is opened with url: ''

2024-03-08 01:04:30 - [TEST_STEP][PASSED] - maximizeWindow(): Current window maximized

2024-03-08 01:04:30 - [MESSAGE][PASSED] - Current window maximized

2024-03-08 01:04:30 - [TEST_STEP][PASSED] - navigateToUrl(RADurl): Navigate to 'https://qa2.velocitypayment.com/client/rad/index.html' successfully

2024-03-08 01:04:32 - [MESSAGE][PASSED] - Navigate to 'https://qa2.velocitypayment.com/client/rad/index.html' successfully

2024-03-08 01:04:32 - [TEST_STEP][PASSED] - orPath_Landing = "Object Repository/RAD_Pages/Landing_Page": null

2024-03-08 01:04:32 - [TEST_STEP][PASSED] - orPath_TaxTypeFilingYear = "Object Repository/RAD_Pages/TaxTypeFilingYear_Page": null

2024-03-08 01:04:32 - [TEST_STEP][PASSED] - orPath_TaxPayer = "Object Repository/RAD_Pages/Taxpayer_Page": null

2024-03-08 01:04:32 - [TEST_STEP][PASSED] - orPath_AddressContact = "Object Repository/RAD_Pages/AddressAndContactInfo_Page": null

2024-03-08 01:04:32 - [TEST_STEP][PASSED] - orPath_FilingStatus = "Object Repository/RAD_Pages/FilingStatus_Page": null

2024-03-08 01:04:32 - [TEST_STEP][PASSED] - orPath_Amount = "Object Repository/RAD_Pages/PaymentAmount_Page": null

2024-03-08 01:04:32 - [TEST_STEP][PASSED] - selectOptionByLabel(findTestObject(orPath_Landing + "/dd_TaxType"), Paymenttype, false): All options with label 'New Tax Return Amount Due' are selected in object 'Object Repository/RAD_Pages/Landing_Page/dd_TaxType' 

2024-03-08 01:04:33 - [MESSAGE][PASSED] - All options with label 'New Tax Return Amount Due' are selected in object 'Object Repository/RAD_Pages/Landing_Page/dd_TaxType' 

2024-03-08 01:04:33 - [TEST_STEP][PASSED] - delay(1): Delayed 1 second(s)

2024-03-08 01:04:34 - [MESSAGE][PASSED] - Delayed 1 second(s)

2024-03-08 01:04:34 - [TEST_STEP][PASSED] - switch (Paymenttype): null

2024-03-08 01:04:34 - [TEST_STEP][PASSED] - case "New Tax Return Amount Due":: null

2024-03-08 01:04:34 - [TEST_STEP][PASSED] - selectOptionByLabel(findTestObject("Object Repository/RAD_Pages/Landing_Page/select_NewTaxReturnAmountDue_TaxType"), Taxtype, false): All options with label 'Motor Fuel Tax' are selected in object 'Object Repository/RAD_Pages/Landing_Page/select_NewTaxReturnAmountDue_TaxType' 

2024-03-08 01:04:35 - [MESSAGE][PASSED] - All options with label 'Motor Fuel Tax' are selected in object 'Object Repository/RAD_Pages/Landing_Page/select_NewTaxReturnAmountDue_TaxType' 

2024-03-08 01:04:35 - [TEST_STEP][PASSED] - break: null

2024-03-08 01:04:35 - [TEST_STEP][PASSED] - delay(1): Delayed 1 second(s)

2024-03-08 01:04:36 - [MESSAGE][PASSED] - Delayed 1 second(s)

2024-03-08 01:04:36 - [TEST_STEP][PASSED] - scrollToElement(findTestObject(orPath_Amount + "/input__paymentAmount"), 3): Scroll to object 'Object Repository/RAD_Pages/PaymentAmount_Page/input__paymentAmount' successfully

2024-03-08 01:04:36 - [MESSAGE][PASSED] - Scroll to object 'Object Repository/RAD_Pages/PaymentAmount_Page/input__paymentAmount' successfully

2024-03-08 01:04:36 - [TEST_STEP][PASSED] - setText(findTestObject(orPath_AddressContact + "/input_eMailAddress"), "imtiazster@gmail.com"): Text 'imtiazster@gmail.com' is set on object 'Object Repository/RAD_Pages/AddressAndContactInfo_Page/input_eMailAddress'

2024-03-08 01:04:37 - [MESSAGE][PASSED] - Text 'imtiazster@gmail.com' is set on object 'Object Repository/RAD_Pages/AddressAndContactInfo_Page/input_eMailAddress'

2024-03-08 01:04:37 - [TEST_STEP][PASSED] - setText(findTestObject(orPath_AddressContact + "/input_reEnterEMailAddress"), "iahmed@govolution.com"): Text 'iahmed@govolution.com' is set on object 'Object Repository/RAD_Pages/AddressAndContactInfo_Page/input_reEnterEMailAddress'

2024-03-08 01:04:38 - [MESSAGE][PASSED] - Text 'iahmed@govolution.com' is set on object 'Object Repository/RAD_Pages/AddressAndContactInfo_Page/input_reEnterEMailAddress'

2024-03-08 01:04:38 - [TEST_STEP][PASSED] - delay(2): Delayed 2 second(s)

2024-03-08 01:04:40 - [MESSAGE][PASSED] - Delayed 2 second(s)

2024-03-08 01:04:40 - [TEST_STEP][PASSED] - if (verifyTextPresent("The Email and Re-enter email do not match", true)): null

2024-03-08 01:04:40 - [MESSAGE][PASSED] - Text 'The Email and Re-enter email do not match' is present on page  using regular expression

2024-03-08 01:04:40 - [TEST_STEP][PASSED] - println("Emails Dont match text is present"): null

2024-03-08 01:04:40 - [TEST_STEP][PASSED] - out.println("Pass Record Number: " + row): null

2024-03-08 01:04:40 - [TEST_STEP][PASSED] - resText = "Pass": null

2024-03-08 01:04:40 - [TEST_STEP][PASSED] - pages.WriteExcel.demoKey(resText, datText, resColumn, datCloumn, fileLoc, nameSheet, row): pages.WriteExcel.demoKey is PASSED

2024-03-08 01:04:40 - [MESSAGE][PASSED] - pages.WriteExcel.demoKey is PASSED

2024-03-08 01:04:40 - [TEST_STEP][PASSED] - ExecuteTC = findTestData(dataFile).getValue("Execute", row): null

2024-03-08 01:04:40 - [TEST_STEP][PASSED] - Taxtype = findTestData(dataFile).getValue("TaxType", row): null

2024-03-08 01:04:40 - [TEST_STEP][PASSED] - Paymenttype = findTestData(dataFile).getValue("PaymentType", row): null

2024-03-08 01:04:40 - [TEST_STEP][PASSED] - out.println("Value of Execute is : " + ExecuteTC): null

2024-03-08 01:04:40 - [TEST_STEP][PASSED] - if (ExecuteTC.equalsIgnoreCase("Y")): null

2024-03-08 01:04:40 - [TEST_STEP][PASSED] - out.println("Begin Record Number: " + row): null

2024-03-08 01:04:40 - [TEST_STEP][PASSED] - today = new java.util.Date(): null

2024-03-08 01:04:40 - [TEST_STEP][PASSED] - println(today): null

2024-03-08 01:04:40 - [TEST_STEP][PASSED] - datText = today: null

2024-03-08 01:04:40 - [TEST_STEP][PASSED] - Taxtype = findTestData(dataFile).getValue("TaxType", row): null

2024-03-08 01:04:40 - [TEST_STEP][PASSED] - out.println("Taxtype value is : " + Taxtype): null

2024-03-08 01:04:40 - [TEST_STEP][PASSED] - openBrowser(""): Browser is opened with url: ''

2024-03-08 01:04:40 - [MESSAGE][WARNING] - A browser is already opened. Closing browser and opening a new one

2024-03-08 01:05:01 - [MESSAGE][INFO] - Starting 'Chrome' driver

2024-03-08 01:05:01 - [MESSAGE][INFO] - User set preference: ['acceptInsecureCerts', 'true']

2024-03-08 01:05:01 - [MESSAGE][INFO] - Action delay is set to 0 milliseconds

2024-03-08 01:05:02 - [MESSAGE][PASSED] - Browser is opened with url: ''

2024-03-08 01:05:02 - [TEST_STEP][PASSED] - maximizeWindow(): Current window maximized

2024-03-08 01:05:03 - [MESSAGE][PASSED] - Current window maximized

2024-03-08 01:05:03 - [TEST_STEP][PASSED] - navigateToUrl(RADurl): Navigate to 'https://qa2.velocitypayment.com/client/rad/index.html' successfully

2024-03-08 01:05:10 - [MESSAGE][PASSED] - Navigate to 'https://qa2.velocitypayment.com/client/rad/index.html' successfully

2024-03-08 01:05:10 - [TEST_STEP][PASSED] - orPath_Landing = "Object Repository/RAD_Pages/Landing_Page": null

2024-03-08 01:05:10 - [TEST_STEP][PASSED] - orPath_TaxTypeFilingYear = "Object Repository/RAD_Pages/TaxTypeFilingYear_Page": null

2024-03-08 01:05:10 - [TEST_STEP][PASSED] - orPath_TaxPayer = "Object Repository/RAD_Pages/Taxpayer_Page": null

2024-03-08 01:05:10 - [TEST_STEP][PASSED] - orPath_AddressContact = "Object Repository/RAD_Pages/AddressAndContactInfo_Page": null

2024-03-08 01:05:10 - [TEST_STEP][PASSED] - orPath_FilingStatus = "Object Repository/RAD_Pages/FilingStatus_Page": null

2024-03-08 01:05:10 - [TEST_STEP][PASSED] - orPath_Amount = "Object Repository/RAD_Pages/PaymentAmount_Page": null

2024-03-08 01:05:10 - [TEST_STEP][PASSED] - selectOptionByLabel(findTestObject(orPath_Landing + "/dd_TaxType"), Paymenttype, false): All options with label 'New Tax Return Amount Due' are selected in object 'Object Repository/RAD_Pages/Landing_Page/dd_TaxType' 

2024-03-08 01:05:11 - [MESSAGE][PASSED] - All options with label 'New Tax Return Amount Due' are selected in object 'Object Repository/RAD_Pages/Landing_Page/dd_TaxType' 

2024-03-08 01:05:11 - [TEST_STEP][PASSED] - delay(1): Delayed 1 second(s)

2024-03-08 01:05:12 - [MESSAGE][PASSED] - Delayed 1 second(s)

2024-03-08 01:05:12 - [TEST_STEP][PASSED] - switch (Paymenttype): null

2024-03-08 01:05:12 - [TEST_STEP][PASSED] - case "New Tax Return Amount Due":: null

2024-03-08 01:05:12 - [TEST_STEP][PASSED] - selectOptionByLabel(findTestObject("Object Repository/RAD_Pages/Landing_Page/select_NewTaxReturnAmountDue_TaxType"), Taxtype, false): All options with label 'Sales and Use Tax' are selected in object 'Object Repository/RAD_Pages/Landing_Page/select_NewTaxReturnAmountDue_TaxType' 

2024-03-08 01:05:13 - [MESSAGE][PASSED] - All options with label 'Sales and Use Tax' are selected in object 'Object Repository/RAD_Pages/Landing_Page/select_NewTaxReturnAmountDue_TaxType' 

2024-03-08 01:05:13 - [TEST_STEP][PASSED] - break: null

2024-03-08 01:05:13 - [TEST_STEP][PASSED] - delay(1): Delayed 1 second(s)

2024-03-08 01:05:14 - [MESSAGE][PASSED] - Delayed 1 second(s)

2024-03-08 01:05:14 - [TEST_STEP][PASSED] - scrollToElement(findTestObject(orPath_Amount + "/input__paymentAmount"), 3): Scroll to object 'Object Repository/RAD_Pages/PaymentAmount_Page/input__paymentAmount' successfully

2024-03-08 01:05:14 - [MESSAGE][PASSED] - Scroll to object 'Object Repository/RAD_Pages/PaymentAmount_Page/input__paymentAmount' successfully

2024-03-08 01:05:14 - [TEST_STEP][PASSED] - setText(findTestObject(orPath_AddressContact + "/input_eMailAddress"), "imtiazster@gmail.com"): Text 'imtiazster@gmail.com' is set on object 'Object Repository/RAD_Pages/AddressAndContactInfo_Page/input_eMailAddress'

2024-03-08 01:05:15 - [MESSAGE][PASSED] - Text 'imtiazster@gmail.com' is set on object 'Object Repository/RAD_Pages/AddressAndContactInfo_Page/input_eMailAddress'

2024-03-08 01:05:15 - [TEST_STEP][PASSED] - setText(findTestObject(orPath_AddressContact + "/input_reEnterEMailAddress"), "iahmed@govolution.com"): Text 'iahmed@govolution.com' is set on object 'Object Repository/RAD_Pages/AddressAndContactInfo_Page/input_reEnterEMailAddress'

2024-03-08 01:05:16 - [MESSAGE][PASSED] - Text 'iahmed@govolution.com' is set on object 'Object Repository/RAD_Pages/AddressAndContactInfo_Page/input_reEnterEMailAddress'

2024-03-08 01:05:16 - [TEST_STEP][PASSED] - delay(2): Delayed 2 second(s)

2024-03-08 01:05:18 - [MESSAGE][PASSED] - Delayed 2 second(s)

2024-03-08 01:05:18 - [TEST_STEP][PASSED] - if (verifyTextPresent("The Email and Re-enter email do not match", true)): null

2024-03-08 01:05:18 - [MESSAGE][PASSED] - Text 'The Email and Re-enter email do not match' is present on page  using regular expression

2024-03-08 01:05:18 - [TEST_STEP][PASSED] - println("Emails Dont match text is present"): null

2024-03-08 01:05:18 - [TEST_STEP][PASSED] - out.println("Pass Record Number: " + row): null

2024-03-08 01:05:18 - [TEST_STEP][PASSED] - resText = "Pass": null

2024-03-08 01:05:18 - [TEST_STEP][PASSED] - pages.WriteExcel.demoKey(resText, datText, resColumn, datCloumn, fileLoc, nameSheet, row): pages.WriteExcel.demoKey is PASSED

2024-03-08 01:05:18 - [MESSAGE][PASSED] - pages.WriteExcel.demoKey is PASSED

2024-03-08 01:05:18 - [TEST_STEP][PASSED] - ExecuteTC = findTestData(dataFile).getValue("Execute", row): null

2024-03-08 01:05:18 - [TEST_STEP][PASSED] - Taxtype = findTestData(dataFile).getValue("TaxType", row): null

2024-03-08 01:05:18 - [TEST_STEP][PASSED] - Paymenttype = findTestData(dataFile).getValue("PaymentType", row): null

2024-03-08 01:05:18 - [TEST_STEP][PASSED] - out.println("Value of Execute is : " + ExecuteTC): null

2024-03-08 01:05:18 - [TEST_STEP][PASSED] - if (ExecuteTC.equalsIgnoreCase("Y")): null

2024-03-08 01:05:18 - [TEST_STEP][PASSED] - out.println("Begin Record Number: " + row): null

2024-03-08 01:05:18 - [TEST_STEP][PASSED] - today = new java.util.Date(): null

2024-03-08 01:05:18 - [TEST_STEP][PASSED] - println(today): null

2024-03-08 01:05:18 - [TEST_STEP][PASSED] - datText = today: null

2024-03-08 01:05:18 - [TEST_STEP][PASSED] - Taxtype = findTestData(dataFile).getValue("TaxType", row): null

2024-03-08 01:05:18 - [TEST_STEP][PASSED] - out.println("Taxtype value is : " + Taxtype): null

2024-03-08 01:05:18 - [TEST_STEP][PASSED] - openBrowser(""): Browser is opened with url: ''

2024-03-08 01:05:18 - [MESSAGE][WARNING] - A browser is already opened. Closing browser and opening a new one

2024-03-08 01:05:34 - [MESSAGE][INFO] - Starting 'Chrome' driver

2024-03-08 01:05:34 - [MESSAGE][INFO] - User set preference: ['acceptInsecureCerts', 'true']

2024-03-08 01:05:34 - [MESSAGE][INFO] - Action delay is set to 0 milliseconds

2024-03-08 01:05:36 - [MESSAGE][PASSED] - Browser is opened with url: ''

2024-03-08 01:05:36 - [TEST_STEP][PASSED] - maximizeWindow(): Current window maximized

2024-03-08 01:05:36 - [MESSAGE][PASSED] - Current window maximized

2024-03-08 01:05:36 - [TEST_STEP][PASSED] - navigateToUrl(RADurl): Navigate to 'https://qa2.velocitypayment.com/client/rad/index.html' successfully

2024-03-08 01:05:47 - [MESSAGE][PASSED] - Navigate to 'https://qa2.velocitypayment.com/client/rad/index.html' successfully

2024-03-08 01:05:47 - [TEST_STEP][PASSED] - orPath_Landing = "Object Repository/RAD_Pages/Landing_Page": null

2024-03-08 01:05:47 - [TEST_STEP][PASSED] - orPath_TaxTypeFilingYear = "Object Repository/RAD_Pages/TaxTypeFilingYear_Page": null

2024-03-08 01:05:47 - [TEST_STEP][PASSED] - orPath_TaxPayer = "Object Repository/RAD_Pages/Taxpayer_Page": null

2024-03-08 01:05:47 - [TEST_STEP][PASSED] - orPath_AddressContact = "Object Repository/RAD_Pages/AddressAndContactInfo_Page": null

2024-03-08 01:05:47 - [TEST_STEP][PASSED] - orPath_FilingStatus = "Object Repository/RAD_Pages/FilingStatus_Page": null

2024-03-08 01:05:47 - [TEST_STEP][PASSED] - orPath_Amount = "Object Repository/RAD_Pages/PaymentAmount_Page": null

2024-03-08 01:05:47 - [TEST_STEP][PASSED] - selectOptionByLabel(findTestObject(orPath_Landing + "/dd_TaxType"), Paymenttype, false): All options with label 'New Tax Return Amount Due' are selected in object 'Object Repository/RAD_Pages/Landing_Page/dd_TaxType' 

2024-03-08 01:05:48 - [MESSAGE][PASSED] - All options with label 'New Tax Return Amount Due' are selected in object 'Object Repository/RAD_Pages/Landing_Page/dd_TaxType' 

2024-03-08 01:05:48 - [TEST_STEP][PASSED] - delay(1): Delayed 1 second(s)

2024-03-08 01:05:49 - [MESSAGE][PASSED] - Delayed 1 second(s)

2024-03-08 01:05:49 - [TEST_STEP][PASSED] - switch (Paymenttype): null

2024-03-08 01:05:49 - [TEST_STEP][PASSED] - case "New Tax Return Amount Due":: null

2024-03-08 01:05:49 - [TEST_STEP][PASSED] - selectOptionByLabel(findTestObject("Object Repository/RAD_Pages/Landing_Page/select_NewTaxReturnAmountDue_TaxType"), Taxtype, false): All options with label 'Slots License Fee' are selected in object 'Object Repository/RAD_Pages/Landing_Page/select_NewTaxReturnAmountDue_TaxType' 

2024-03-08 01:05:49 - [MESSAGE][PASSED] - All options with label 'Slots License Fee' are selected in object 'Object Repository/RAD_Pages/Landing_Page/select_NewTaxReturnAmountDue_TaxType' 

2024-03-08 01:05:49 - [TEST_STEP][PASSED] - break: null

2024-03-08 01:05:49 - [TEST_STEP][PASSED] - delay(1): Delayed 1 second(s)

2024-03-08 01:05:50 - [MESSAGE][PASSED] - Delayed 1 second(s)

2024-03-08 01:05:50 - [TEST_STEP][PASSED] - scrollToElement(findTestObject(orPath_Amount + "/input__paymentAmount"), 3): Scroll to object 'Object Repository/RAD_Pages/PaymentAmount_Page/input__paymentAmount' successfully

2024-03-08 01:05:51 - [MESSAGE][PASSED] - Scroll to object 'Object Repository/RAD_Pages/PaymentAmount_Page/input__paymentAmount' successfully

2024-03-08 01:05:51 - [TEST_STEP][PASSED] - setText(findTestObject(orPath_AddressContact + "/input_eMailAddress"), "imtiazster@gmail.com"): Text 'imtiazster@gmail.com' is set on object 'Object Repository/RAD_Pages/AddressAndContactInfo_Page/input_eMailAddress'

2024-03-08 01:05:52 - [MESSAGE][PASSED] - Text 'imtiazster@gmail.com' is set on object 'Object Repository/RAD_Pages/AddressAndContactInfo_Page/input_eMailAddress'

2024-03-08 01:05:52 - [TEST_STEP][PASSED] - setText(findTestObject(orPath_AddressContact + "/input_reEnterEMailAddress"), "iahmed@govolution.com"): Text 'iahmed@govolution.com' is set on object 'Object Repository/RAD_Pages/AddressAndContactInfo_Page/input_reEnterEMailAddress'

2024-03-08 01:05:53 - [MESSAGE][PASSED] - Text 'iahmed@govolution.com' is set on object 'Object Repository/RAD_Pages/AddressAndContactInfo_Page/input_reEnterEMailAddress'

2024-03-08 01:05:53 - [TEST_STEP][PASSED] - delay(2): Delayed 2 second(s)

2024-03-08 01:05:55 - [MESSAGE][PASSED] - Delayed 2 second(s)

2024-03-08 01:05:55 - [TEST_STEP][PASSED] - if (verifyTextPresent("The Email and Re-enter email do not match", true)): null

2024-03-08 01:05:55 - [MESSAGE][PASSED] - Text 'The Email and Re-enter email do not match' is present on page  using regular expression

2024-03-08 01:05:55 - [TEST_STEP][PASSED] - println("Emails Dont match text is present"): null

2024-03-08 01:05:55 - [TEST_STEP][PASSED] - out.println("Pass Record Number: " + row): null

2024-03-08 01:05:55 - [TEST_STEP][PASSED] - resText = "Pass": null

2024-03-08 01:05:55 - [TEST_STEP][PASSED] - pages.WriteExcel.demoKey(resText, datText, resColumn, datCloumn, fileLoc, nameSheet, row): pages.WriteExcel.demoKey is PASSED

2024-03-08 01:05:55 - [MESSAGE][PASSED] - pages.WriteExcel.demoKey is PASSED

2024-03-08 01:05:55 - [TEST_STEP][PASSED] - ExecuteTC = findTestData(dataFile).getValue("Execute", row): null

2024-03-08 01:05:55 - [TEST_STEP][PASSED] - Taxtype = findTestData(dataFile).getValue("TaxType", row): null

2024-03-08 01:05:55 - [TEST_STEP][PASSED] - Paymenttype = findTestData(dataFile).getValue("PaymentType", row): null

2024-03-08 01:05:55 - [TEST_STEP][PASSED] - out.println("Value of Execute is : " + ExecuteTC): null

2024-03-08 01:05:55 - [TEST_STEP][PASSED] - if (ExecuteTC.equalsIgnoreCase("Y")): null

2024-03-08 01:05:55 - [TEST_STEP][PASSED] - out.println("Begin Record Number: " + row): null

2024-03-08 01:05:55 - [TEST_STEP][PASSED] - today = new java.util.Date(): null

2024-03-08 01:05:55 - [TEST_STEP][PASSED] - println(today): null

2024-03-08 01:05:55 - [TEST_STEP][PASSED] - datText = today: null

2024-03-08 01:05:55 - [TEST_STEP][PASSED] - Taxtype = findTestData(dataFile).getValue("TaxType", row): null

2024-03-08 01:05:55 - [TEST_STEP][PASSED] - out.println("Taxtype value is : " + Taxtype): null

2024-03-08 01:05:55 - [TEST_STEP][PASSED] - openBrowser(""): Browser is opened with url: ''

2024-03-08 01:05:55 - [MESSAGE][WARNING] - A browser is already opened. Closing browser and opening a new one

2024-03-08 01:06:11 - [MESSAGE][INFO] - Starting 'Chrome' driver

2024-03-08 01:06:11 - [MESSAGE][INFO] - User set preference: ['acceptInsecureCerts', 'true']

2024-03-08 01:06:11 - [MESSAGE][INFO] - Action delay is set to 0 milliseconds

2024-03-08 01:06:12 - [MESSAGE][PASSED] - Browser is opened with url: ''

2024-03-08 01:06:12 - [TEST_STEP][PASSED] - maximizeWindow(): Current window maximized

2024-03-08 01:06:13 - [MESSAGE][PASSED] - Current window maximized

2024-03-08 01:06:13 - [TEST_STEP][PASSED] - navigateToUrl(RADurl): Navigate to 'https://qa2.velocitypayment.com/client/rad/index.html' successfully

2024-03-08 01:06:30 - [MESSAGE][PASSED] - Navigate to 'https://qa2.velocitypayment.com/client/rad/index.html' successfully

2024-03-08 01:06:30 - [TEST_STEP][PASSED] - orPath_Landing = "Object Repository/RAD_Pages/Landing_Page": null

2024-03-08 01:06:30 - [TEST_STEP][PASSED] - orPath_TaxTypeFilingYear = "Object Repository/RAD_Pages/TaxTypeFilingYear_Page": null

2024-03-08 01:06:30 - [TEST_STEP][PASSED] - orPath_TaxPayer = "Object Repository/RAD_Pages/Taxpayer_Page": null

2024-03-08 01:06:30 - [TEST_STEP][PASSED] - orPath_AddressContact = "Object Repository/RAD_Pages/AddressAndContactInfo_Page": null

2024-03-08 01:06:30 - [TEST_STEP][PASSED] - orPath_FilingStatus = "Object Repository/RAD_Pages/FilingStatus_Page": null

2024-03-08 01:06:30 - [TEST_STEP][PASSED] - orPath_Amount = "Object Repository/RAD_Pages/PaymentAmount_Page": null

2024-03-08 01:06:30 - [TEST_STEP][PASSED] - selectOptionByLabel(findTestObject(orPath_Landing + "/dd_TaxType"), Paymenttype, false): All options with label 'New Tax Return Amount Due' are selected in object 'Object Repository/RAD_Pages/Landing_Page/dd_TaxType' 

2024-03-08 01:06:31 - [MESSAGE][PASSED] - All options with label 'New Tax Return Amount Due' are selected in object 'Object Repository/RAD_Pages/Landing_Page/dd_TaxType' 

2024-03-08 01:06:31 - [TEST_STEP][PASSED] - delay(1): Delayed 1 second(s)

2024-03-08 01:06:32 - [MESSAGE][PASSED] - Delayed 1 second(s)

2024-03-08 01:06:32 - [TEST_STEP][PASSED] - switch (Paymenttype): null

2024-03-08 01:06:32 - [TEST_STEP][PASSED] - case "New Tax Return Amount Due":: null

2024-03-08 01:06:32 - [TEST_STEP][PASSED] - selectOptionByLabel(findTestObject("Object Repository/RAD_Pages/Landing_Page/select_NewTaxReturnAmountDue_TaxType"), Taxtype, false): All options with label 'Tire Recycling Fee' are selected in object 'Object Repository/RAD_Pages/Landing_Page/select_NewTaxReturnAmountDue_TaxType' 

2024-03-08 01:06:32 - [MESSAGE][PASSED] - All options with label 'Tire Recycling Fee' are selected in object 'Object Repository/RAD_Pages/Landing_Page/select_NewTaxReturnAmountDue_TaxType' 

2024-03-08 01:06:32 - [TEST_STEP][PASSED] - break: null

2024-03-08 01:06:32 - [TEST_STEP][PASSED] - delay(1): Delayed 1 second(s)

2024-03-08 01:06:33 - [MESSAGE][PASSED] - Delayed 1 second(s)

2024-03-08 01:06:33 - [TEST_STEP][PASSED] - scrollToElement(findTestObject(orPath_Amount + "/input__paymentAmount"), 3): Scroll to object 'Object Repository/RAD_Pages/PaymentAmount_Page/input__paymentAmount' successfully

2024-03-08 01:06:34 - [MESSAGE][PASSED] - Scroll to object 'Object Repository/RAD_Pages/PaymentAmount_Page/input__paymentAmount' successfully

2024-03-08 01:06:34 - [TEST_STEP][PASSED] - setText(findTestObject(orPath_AddressContact + "/input_eMailAddress"), "imtiazster@gmail.com"): Text 'imtiazster@gmail.com' is set on object 'Object Repository/RAD_Pages/AddressAndContactInfo_Page/input_eMailAddress'

2024-03-08 01:06:35 - [MESSAGE][PASSED] - Text 'imtiazster@gmail.com' is set on object 'Object Repository/RAD_Pages/AddressAndContactInfo_Page/input_eMailAddress'

2024-03-08 01:06:35 - [TEST_STEP][PASSED] - setText(findTestObject(orPath_AddressContact + "/input_reEnterEMailAddress"), "iahmed@govolution.com"): Text 'iahmed@govolution.com' is set on object 'Object Repository/RAD_Pages/AddressAndContactInfo_Page/input_reEnterEMailAddress'

2024-03-08 01:06:35 - [MESSAGE][PASSED] - Text 'iahmed@govolution.com' is set on object 'Object Repository/RAD_Pages/AddressAndContactInfo_Page/input_reEnterEMailAddress'

2024-03-08 01:06:35 - [TEST_STEP][PASSED] - delay(2): Delayed 2 second(s)

2024-03-08 01:06:37 - [MESSAGE][PASSED] - Delayed 2 second(s)

2024-03-08 01:06:37 - [TEST_STEP][PASSED] - if (verifyTextPresent("The Email and Re-enter email do not match", true)): null

2024-03-08 01:06:38 - [MESSAGE][PASSED] - Text 'The Email and Re-enter email do not match' is present on page  using regular expression

2024-03-08 01:06:38 - [TEST_STEP][PASSED] - println("Emails Dont match text is present"): null

2024-03-08 01:06:38 - [TEST_STEP][PASSED] - out.println("Pass Record Number: " + row): null

2024-03-08 01:06:38 - [TEST_STEP][PASSED] - resText = "Pass": null

2024-03-08 01:06:38 - [TEST_STEP][PASSED] - pages.WriteExcel.demoKey(resText, datText, resColumn, datCloumn, fileLoc, nameSheet, row): pages.WriteExcel.demoKey is PASSED

2024-03-08 01:06:38 - [MESSAGE][PASSED] - pages.WriteExcel.demoKey is PASSED

2024-03-08 01:06:38 - [TEST_STEP][PASSED] - ExecuteTC = findTestData(dataFile).getValue("Execute", row): null

2024-03-08 01:06:38 - [TEST_STEP][PASSED] - Taxtype = findTestData(dataFile).getValue("TaxType", row): null

2024-03-08 01:06:38 - [TEST_STEP][PASSED] - Paymenttype = findTestData(dataFile).getValue("PaymentType", row): null

2024-03-08 01:06:38 - [TEST_STEP][PASSED] - out.println("Value of Execute is : " + ExecuteTC): null

2024-03-08 01:06:38 - [TEST_STEP][PASSED] - if (ExecuteTC.equalsIgnoreCase("Y")): null

2024-03-08 01:06:38 - [TEST_STEP][PASSED] - out.println("Begin Record Number: " + row): null

2024-03-08 01:06:38 - [TEST_STEP][PASSED] - today = new java.util.Date(): null

2024-03-08 01:06:38 - [TEST_STEP][PASSED] - println(today): null

2024-03-08 01:06:38 - [TEST_STEP][PASSED] - datText = today: null

2024-03-08 01:06:38 - [TEST_STEP][PASSED] - Taxtype = findTestData(dataFile).getValue("TaxType", row): null

2024-03-08 01:06:38 - [TEST_STEP][PASSED] - out.println("Taxtype value is : " + Taxtype): null

2024-03-08 01:06:38 - [TEST_STEP][PASSED] - openBrowser(""): Browser is opened with url: ''

2024-03-08 01:06:38 - [MESSAGE][WARNING] - A browser is already opened. Closing browser and opening a new one

2024-03-08 01:06:49 - [MESSAGE][INFO] - Starting 'Chrome' driver

2024-03-08 01:06:49 - [MESSAGE][INFO] - User set preference: ['acceptInsecureCerts', 'true']

2024-03-08 01:06:49 - [MESSAGE][INFO] - Action delay is set to 0 milliseconds

2024-03-08 01:06:50 - [MESSAGE][PASSED] - Browser is opened with url: ''

2024-03-08 01:06:50 - [TEST_STEP][PASSED] - maximizeWindow(): Current window maximized

2024-03-08 01:06:51 - [MESSAGE][PASSED] - Current window maximized

2024-03-08 01:06:51 - [TEST_STEP][PASSED] - navigateToUrl(RADurl): Navigate to 'https://qa2.velocitypayment.com/client/rad/index.html' successfully

2024-03-08 01:06:53 - [MESSAGE][PASSED] - Navigate to 'https://qa2.velocitypayment.com/client/rad/index.html' successfully

2024-03-08 01:06:53 - [TEST_STEP][PASSED] - orPath_Landing = "Object Repository/RAD_Pages/Landing_Page": null

2024-03-08 01:06:53 - [TEST_STEP][PASSED] - orPath_TaxTypeFilingYear = "Object Repository/RAD_Pages/TaxTypeFilingYear_Page": null

2024-03-08 01:06:53 - [TEST_STEP][PASSED] - orPath_TaxPayer = "Object Repository/RAD_Pages/Taxpayer_Page": null

2024-03-08 01:06:53 - [TEST_STEP][PASSED] - orPath_AddressContact = "Object Repository/RAD_Pages/AddressAndContactInfo_Page": null

2024-03-08 01:06:53 - [TEST_STEP][PASSED] - orPath_FilingStatus = "Object Repository/RAD_Pages/FilingStatus_Page": null

2024-03-08 01:06:53 - [TEST_STEP][PASSED] - orPath_Amount = "Object Repository/RAD_Pages/PaymentAmount_Page": null

2024-03-08 01:06:53 - [TEST_STEP][PASSED] - selectOptionByLabel(findTestObject(orPath_Landing + "/dd_TaxType"), Paymenttype, false): All options with label 'New Tax Return Amount Due' are selected in object 'Object Repository/RAD_Pages/Landing_Page/dd_TaxType' 

2024-03-08 01:06:54 - [MESSAGE][PASSED] - All options with label 'New Tax Return Amount Due' are selected in object 'Object Repository/RAD_Pages/Landing_Page/dd_TaxType' 

2024-03-08 01:06:54 - [TEST_STEP][PASSED] - delay(1): Delayed 1 second(s)

2024-03-08 01:06:55 - [MESSAGE][PASSED] - Delayed 1 second(s)

2024-03-08 01:06:55 - [TEST_STEP][PASSED] - switch (Paymenttype): null

2024-03-08 01:06:55 - [TEST_STEP][PASSED] - case "New Tax Return Amount Due":: null

2024-03-08 01:06:55 - [TEST_STEP][PASSED] - selectOptionByLabel(findTestObject("Object Repository/RAD_Pages/Landing_Page/select_NewTaxReturnAmountDue_TaxType"), Taxtype, false): All options with label 'Tobacco Tax' are selected in object 'Object Repository/RAD_Pages/Landing_Page/select_NewTaxReturnAmountDue_TaxType' 

2024-03-08 01:06:55 - [MESSAGE][PASSED] - All options with label 'Tobacco Tax' are selected in object 'Object Repository/RAD_Pages/Landing_Page/select_NewTaxReturnAmountDue_TaxType' 

2024-03-08 01:06:55 - [TEST_STEP][PASSED] - break: null

2024-03-08 01:06:55 - [TEST_STEP][PASSED] - delay(1): Delayed 1 second(s)

2024-03-08 01:06:56 - [MESSAGE][PASSED] - Delayed 1 second(s)

2024-03-08 01:06:56 - [TEST_STEP][PASSED] - scrollToElement(findTestObject(orPath_Amount + "/input__paymentAmount"), 3): Scroll to object 'Object Repository/RAD_Pages/PaymentAmount_Page/input__paymentAmount' successfully

2024-03-08 01:06:57 - [MESSAGE][PASSED] - Scroll to object 'Object Repository/RAD_Pages/PaymentAmount_Page/input__paymentAmount' successfully

2024-03-08 01:06:57 - [TEST_STEP][PASSED] - setText(findTestObject(orPath_AddressContact + "/input_eMailAddress"), "imtiazster@gmail.com"): Text 'imtiazster@gmail.com' is set on object 'Object Repository/RAD_Pages/AddressAndContactInfo_Page/input_eMailAddress'

2024-03-08 01:06:57 - [MESSAGE][PASSED] - Text 'imtiazster@gmail.com' is set on object 'Object Repository/RAD_Pages/AddressAndContactInfo_Page/input_eMailAddress'

2024-03-08 01:06:57 - [TEST_STEP][PASSED] - setText(findTestObject(orPath_AddressContact + "/input_reEnterEMailAddress"), "iahmed@govolution.com"): Text 'iahmed@govolution.com' is set on object 'Object Repository/RAD_Pages/AddressAndContactInfo_Page/input_reEnterEMailAddress'

2024-03-08 01:06:58 - [MESSAGE][PASSED] - Text 'iahmed@govolution.com' is set on object 'Object Repository/RAD_Pages/AddressAndContactInfo_Page/input_reEnterEMailAddress'

2024-03-08 01:06:58 - [TEST_STEP][PASSED] - delay(2): Delayed 2 second(s)

2024-03-08 01:07:00 - [MESSAGE][PASSED] - Delayed 2 second(s)

2024-03-08 01:07:00 - [TEST_STEP][PASSED] - if (verifyTextPresent("The Email and Re-enter email do not match", true)): null

2024-03-08 01:07:01 - [MESSAGE][PASSED] - Text 'The Email and Re-enter email do not match' is present on page  using regular expression

2024-03-08 01:07:01 - [TEST_STEP][PASSED] - println("Emails Dont match text is present"): null

2024-03-08 01:07:01 - [TEST_STEP][PASSED] - out.println("Pass Record Number: " + row): null

2024-03-08 01:07:01 - [TEST_STEP][PASSED] - resText = "Pass": null

2024-03-08 01:07:01 - [TEST_STEP][PASSED] - pages.WriteExcel.demoKey(resText, datText, resColumn, datCloumn, fileLoc, nameSheet, row): pages.WriteExcel.demoKey is PASSED

2024-03-08 01:07:01 - [MESSAGE][PASSED] - pages.WriteExcel.demoKey is PASSED

2024-03-08 01:07:01 - [TEST_STEP][PASSED] - ExecuteTC = findTestData(dataFile).getValue("Execute", row): null

2024-03-08 01:07:01 - [TEST_STEP][PASSED] - Taxtype = findTestData(dataFile).getValue("TaxType", row): null

2024-03-08 01:07:01 - [TEST_STEP][PASSED] - Paymenttype = findTestData(dataFile).getValue("PaymentType", row): null

2024-03-08 01:07:01 - [TEST_STEP][PASSED] - out.println("Value of Execute is : " + ExecuteTC): null

2024-03-08 01:07:01 - [TEST_STEP][PASSED] - if (ExecuteTC.equalsIgnoreCase("Y")): null

2024-03-08 01:07:01 - [TEST_STEP][PASSED] - out.println("Begin Record Number: " + row): null

2024-03-08 01:07:01 - [TEST_STEP][PASSED] - today = new java.util.Date(): null

2024-03-08 01:07:01 - [TEST_STEP][PASSED] - println(today): null

2024-03-08 01:07:01 - [TEST_STEP][PASSED] - datText = today: null

2024-03-08 01:07:01 - [TEST_STEP][PASSED] - Taxtype = findTestData(dataFile).getValue("TaxType", row): null

2024-03-08 01:07:01 - [TEST_STEP][PASSED] - out.println("Taxtype value is : " + Taxtype): null

2024-03-08 01:07:01 - [TEST_STEP][PASSED] - openBrowser(""): Browser is opened with url: ''

2024-03-08 01:07:01 - [MESSAGE][WARNING] - A browser is already opened. Closing browser and opening a new one

2024-03-08 01:07:23 - [MESSAGE][INFO] - Starting 'Chrome' driver

2024-03-08 01:07:23 - [MESSAGE][INFO] - User set preference: ['acceptInsecureCerts', 'true']

2024-03-08 01:07:23 - [MESSAGE][INFO] - Action delay is set to 0 milliseconds

2024-03-08 01:07:25 - [MESSAGE][PASSED] - Browser is opened with url: ''

2024-03-08 01:07:25 - [TEST_STEP][PASSED] - maximizeWindow(): Current window maximized

2024-03-08 01:07:25 - [MESSAGE][PASSED] - Current window maximized

2024-03-08 01:07:25 - [TEST_STEP][PASSED] - navigateToUrl(RADurl): Navigate to 'https://qa2.velocitypayment.com/client/rad/index.html' successfully

2024-03-08 01:07:32 - [MESSAGE][PASSED] - Navigate to 'https://qa2.velocitypayment.com/client/rad/index.html' successfully

2024-03-08 01:07:32 - [TEST_STEP][PASSED] - orPath_Landing = "Object Repository/RAD_Pages/Landing_Page": null

2024-03-08 01:07:32 - [TEST_STEP][PASSED] - orPath_TaxTypeFilingYear = "Object Repository/RAD_Pages/TaxTypeFilingYear_Page": null

2024-03-08 01:07:32 - [TEST_STEP][PASSED] - orPath_TaxPayer = "Object Repository/RAD_Pages/Taxpayer_Page": null

2024-03-08 01:07:32 - [TEST_STEP][PASSED] - orPath_AddressContact = "Object Repository/RAD_Pages/AddressAndContactInfo_Page": null

2024-03-08 01:07:32 - [TEST_STEP][PASSED] - orPath_FilingStatus = "Object Repository/RAD_Pages/FilingStatus_Page": null

2024-03-08 01:07:32 - [TEST_STEP][PASSED] - orPath_Amount = "Object Repository/RAD_Pages/PaymentAmount_Page": null

2024-03-08 01:07:32 - [TEST_STEP][PASSED] - selectOptionByLabel(findTestObject(orPath_Landing + "/dd_TaxType"), Paymenttype, false): All options with label 'New Tax Return Amount Due' are selected in object 'Object Repository/RAD_Pages/Landing_Page/dd_TaxType' 

2024-03-08 01:07:32 - [MESSAGE][PASSED] - All options with label 'New Tax Return Amount Due' are selected in object 'Object Repository/RAD_Pages/Landing_Page/dd_TaxType' 

2024-03-08 01:07:32 - [TEST_STEP][PASSED] - delay(1): Delayed 1 second(s)

2024-03-08 01:07:33 - [MESSAGE][PASSED] - Delayed 1 second(s)

2024-03-08 01:07:33 - [TEST_STEP][PASSED] - switch (Paymenttype): null

2024-03-08 01:07:33 - [TEST_STEP][PASSED] - case "New Tax Return Amount Due":: null

2024-03-08 01:07:33 - [TEST_STEP][PASSED] - selectOptionByLabel(findTestObject("Object Repository/RAD_Pages/Landing_Page/select_NewTaxReturnAmountDue_TaxType"), Taxtype, false): All options with label 'Transportation Network Services' are selected in object 'Object Repository/RAD_Pages/Landing_Page/select_NewTaxReturnAmountDue_TaxType' 

2024-03-08 01:07:34 - [MESSAGE][PASSED] - All options with label 'Transportation Network Services' are selected in object 'Object Repository/RAD_Pages/Landing_Page/select_NewTaxReturnAmountDue_TaxType' 

2024-03-08 01:07:34 - [TEST_STEP][PASSED] - break: null

2024-03-08 01:07:34 - [TEST_STEP][PASSED] - delay(1): Delayed 1 second(s)

2024-03-08 01:07:35 - [MESSAGE][PASSED] - Delayed 1 second(s)

2024-03-08 01:07:35 - [TEST_STEP][PASSED] - scrollToElement(findTestObject(orPath_Amount + "/input__paymentAmount"), 3): Scroll to object 'Object Repository/RAD_Pages/PaymentAmount_Page/input__paymentAmount' successfully

2024-03-08 01:07:35 - [MESSAGE][PASSED] - Scroll to object 'Object Repository/RAD_Pages/PaymentAmount_Page/input__paymentAmount' successfully

2024-03-08 01:07:35 - [TEST_STEP][PASSED] - setText(findTestObject(orPath_AddressContact + "/input_eMailAddress"), "imtiazster@gmail.com"): Text 'imtiazster@gmail.com' is set on object 'Object Repository/RAD_Pages/AddressAndContactInfo_Page/input_eMailAddress'

2024-03-08 01:07:36 - [MESSAGE][PASSED] - Text 'imtiazster@gmail.com' is set on object 'Object Repository/RAD_Pages/AddressAndContactInfo_Page/input_eMailAddress'

2024-03-08 01:07:36 - [TEST_STEP][PASSED] - setText(findTestObject(orPath_AddressContact + "/input_reEnterEMailAddress"), "iahmed@govolution.com"): Text 'iahmed@govolution.com' is set on object 'Object Repository/RAD_Pages/AddressAndContactInfo_Page/input_reEnterEMailAddress'

2024-03-08 01:07:37 - [MESSAGE][PASSED] - Text 'iahmed@govolution.com' is set on object 'Object Repository/RAD_Pages/AddressAndContactInfo_Page/input_reEnterEMailAddress'

2024-03-08 01:07:37 - [TEST_STEP][PASSED] - delay(2): Delayed 2 second(s)

2024-03-08 01:07:39 - [MESSAGE][PASSED] - Delayed 2 second(s)

2024-03-08 01:07:39 - [TEST_STEP][PASSED] - if (verifyTextPresent("The Email and Re-enter email do not match", true)): null

2024-03-08 01:07:39 - [MESSAGE][PASSED] - Text 'The Email and Re-enter email do not match' is present on page  using regular expression

2024-03-08 01:07:39 - [TEST_STEP][PASSED] - println("Emails Dont match text is present"): null

2024-03-08 01:07:39 - [TEST_STEP][PASSED] - out.println("Pass Record Number: " + row): null

2024-03-08 01:07:39 - [TEST_STEP][PASSED] - resText = "Pass": null

2024-03-08 01:07:39 - [TEST_STEP][PASSED] - pages.WriteExcel.demoKey(resText, datText, resColumn, datCloumn, fileLoc, nameSheet, row): pages.WriteExcel.demoKey is PASSED

2024-03-08 01:07:40 - [MESSAGE][PASSED] - pages.WriteExcel.demoKey is PASSED

2024-03-08 01:07:40 - [TEST_STEP][PASSED] - ExecuteTC = findTestData(dataFile).getValue("Execute", row): null

2024-03-08 01:07:40 - [TEST_STEP][PASSED] - Taxtype = findTestData(dataFile).getValue("TaxType", row): null

2024-03-08 01:07:40 - [TEST_STEP][PASSED] - Paymenttype = findTestData(dataFile).getValue("PaymentType", row): null

2024-03-08 01:07:40 - [TEST_STEP][PASSED] - out.println("Value of Execute is : " + ExecuteTC): null

2024-03-08 01:07:40 - [TEST_STEP][PASSED] - if (ExecuteTC.equalsIgnoreCase("Y")): null

2024-03-08 01:07:40 - [TEST_STEP][PASSED] - out.println("Begin Record Number: " + row): null

2024-03-08 01:07:40 - [TEST_STEP][PASSED] - today = new java.util.Date(): null

2024-03-08 01:07:40 - [TEST_STEP][PASSED] - println(today): null

2024-03-08 01:07:40 - [TEST_STEP][PASSED] - datText = today: null

2024-03-08 01:07:40 - [TEST_STEP][PASSED] - Taxtype = findTestData(dataFile).getValue("TaxType", row): null

2024-03-08 01:07:40 - [TEST_STEP][PASSED] - out.println("Taxtype value is : " + Taxtype): null

2024-03-08 01:07:40 - [TEST_STEP][PASSED] - openBrowser(""): Browser is opened with url: ''

2024-03-08 01:07:40 - [MESSAGE][WARNING] - A browser is already opened. Closing browser and opening a new one

2024-03-08 01:07:55 - [MESSAGE][INFO] - Starting 'Chrome' driver

2024-03-08 01:07:55 - [MESSAGE][INFO] - User set preference: ['acceptInsecureCerts', 'true']

2024-03-08 01:07:55 - [MESSAGE][INFO] - Action delay is set to 0 milliseconds

2024-03-08 01:07:57 - [MESSAGE][PASSED] - Browser is opened with url: ''

2024-03-08 01:07:57 - [TEST_STEP][PASSED] - maximizeWindow(): Current window maximized

2024-03-08 01:07:57 - [MESSAGE][PASSED] - Current window maximized

2024-03-08 01:07:57 - [TEST_STEP][PASSED] - navigateToUrl(RADurl): Navigate to 'https://qa2.velocitypayment.com/client/rad/index.html' successfully

2024-03-08 01:08:05 - [MESSAGE][PASSED] - Navigate to 'https://qa2.velocitypayment.com/client/rad/index.html' successfully

2024-03-08 01:08:05 - [TEST_STEP][PASSED] - orPath_Landing = "Object Repository/RAD_Pages/Landing_Page": null

2024-03-08 01:08:05 - [TEST_STEP][PASSED] - orPath_TaxTypeFilingYear = "Object Repository/RAD_Pages/TaxTypeFilingYear_Page": null

2024-03-08 01:08:05 - [TEST_STEP][PASSED] - orPath_TaxPayer = "Object Repository/RAD_Pages/Taxpayer_Page": null

2024-03-08 01:08:05 - [TEST_STEP][PASSED] - orPath_AddressContact = "Object Repository/RAD_Pages/AddressAndContactInfo_Page": null

2024-03-08 01:08:05 - [TEST_STEP][PASSED] - orPath_FilingStatus = "Object Repository/RAD_Pages/FilingStatus_Page": null

2024-03-08 01:08:05 - [TEST_STEP][PASSED] - orPath_Amount = "Object Repository/RAD_Pages/PaymentAmount_Page": null

2024-03-08 01:08:05 - [TEST_STEP][PASSED] - selectOptionByLabel(findTestObject(orPath_Landing + "/dd_TaxType"), Paymenttype, false): All options with label 'New Tax Return Amount Due' are selected in object 'Object Repository/RAD_Pages/Landing_Page/dd_TaxType' 

2024-03-08 01:08:06 - [MESSAGE][PASSED] - All options with label 'New Tax Return Amount Due' are selected in object 'Object Repository/RAD_Pages/Landing_Page/dd_TaxType' 

2024-03-08 01:08:06 - [TEST_STEP][PASSED] - delay(1): Delayed 1 second(s)

2024-03-08 01:08:07 - [MESSAGE][PASSED] - Delayed 1 second(s)

2024-03-08 01:08:07 - [TEST_STEP][PASSED] - switch (Paymenttype): null

2024-03-08 01:08:07 - [TEST_STEP][PASSED] - case "New Tax Return Amount Due":: null

2024-03-08 01:08:07 - [TEST_STEP][PASSED] - selectOptionByLabel(findTestObject("Object Repository/RAD_Pages/Landing_Page/select_NewTaxReturnAmountDue_TaxType"), Taxtype, false): All options with label 'Unclaimed Property' are selected in object 'Object Repository/RAD_Pages/Landing_Page/select_NewTaxReturnAmountDue_TaxType' 

2024-03-08 01:08:07 - [MESSAGE][PASSED] - All options with label 'Unclaimed Property' are selected in object 'Object Repository/RAD_Pages/Landing_Page/select_NewTaxReturnAmountDue_TaxType' 

2024-03-08 01:08:07 - [TEST_STEP][PASSED] - break: null

2024-03-08 01:08:07 - [TEST_STEP][PASSED] - delay(1): Delayed 1 second(s)

2024-03-08 01:08:08 - [MESSAGE][PASSED] - Delayed 1 second(s)

2024-03-08 01:08:08 - [TEST_STEP][PASSED] - scrollToElement(findTestObject(orPath_Amount + "/input__paymentAmount"), 3): Scroll to object 'Object Repository/RAD_Pages/PaymentAmount_Page/input__paymentAmount' successfully

2024-03-08 01:08:09 - [MESSAGE][PASSED] - Scroll to object 'Object Repository/RAD_Pages/PaymentAmount_Page/input__paymentAmount' successfully

2024-03-08 01:08:09 - [TEST_STEP][PASSED] - setText(findTestObject(orPath_AddressContact + "/input_eMailAddress"), "imtiazster@gmail.com"): Text 'imtiazster@gmail.com' is set on object 'Object Repository/RAD_Pages/AddressAndContactInfo_Page/input_eMailAddress'

2024-03-08 01:08:09 - [MESSAGE][PASSED] - Text 'imtiazster@gmail.com' is set on object 'Object Repository/RAD_Pages/AddressAndContactInfo_Page/input_eMailAddress'

2024-03-08 01:08:09 - [TEST_STEP][PASSED] - setText(findTestObject(orPath_AddressContact + "/input_reEnterEMailAddress"), "iahmed@govolution.com"): Text 'iahmed@govolution.com' is set on object 'Object Repository/RAD_Pages/AddressAndContactInfo_Page/input_reEnterEMailAddress'

2024-03-08 01:08:10 - [MESSAGE][PASSED] - Text 'iahmed@govolution.com' is set on object 'Object Repository/RAD_Pages/AddressAndContactInfo_Page/input_reEnterEMailAddress'

2024-03-08 01:08:10 - [TEST_STEP][PASSED] - delay(2): Delayed 2 second(s)

2024-03-08 01:08:12 - [MESSAGE][PASSED] - Delayed 2 second(s)

2024-03-08 01:08:12 - [TEST_STEP][PASSED] - if (verifyTextPresent("The Email and Re-enter email do not match", true)): null

2024-03-08 01:08:13 - [MESSAGE][PASSED] - Text 'The Email and Re-enter email do not match' is present on page  using regular expression

2024-03-08 01:08:13 - [TEST_STEP][PASSED] - println("Emails Dont match text is present"): null

2024-03-08 01:08:13 - [TEST_STEP][PASSED] - out.println("Pass Record Number: " + row): null

2024-03-08 01:08:13 - [TEST_STEP][PASSED] - resText = "Pass": null

2024-03-08 01:08:13 - [TEST_STEP][PASSED] - pages.WriteExcel.demoKey(resText, datText, resColumn, datCloumn, fileLoc, nameSheet, row): pages.WriteExcel.demoKey is PASSED

2024-03-08 01:08:13 - [MESSAGE][PASSED] - pages.WriteExcel.demoKey is PASSED

2024-03-08 01:08:13 - [TEST_STEP][PASSED] - ExecuteTC = findTestData(dataFile).getValue("Execute", row): null

2024-03-08 01:08:13 - [TEST_STEP][PASSED] - Taxtype = findTestData(dataFile).getValue("TaxType", row): null

2024-03-08 01:08:13 - [TEST_STEP][PASSED] - Paymenttype = findTestData(dataFile).getValue("PaymentType", row): null

2024-03-08 01:08:13 - [TEST_STEP][PASSED] - out.println("Value of Execute is : " + ExecuteTC): null

2024-03-08 01:08:13 - [TEST_STEP][PASSED] - if (ExecuteTC.equalsIgnoreCase("Y")): null

2024-03-08 01:08:13 - [TEST_STEP][PASSED] - out.println("Begin Record Number: " + row): null

2024-03-08 01:08:13 - [TEST_STEP][PASSED] - today = new java.util.Date(): null

2024-03-08 01:08:13 - [TEST_STEP][PASSED] - println(today): null

2024-03-08 01:08:13 - [TEST_STEP][PASSED] - datText = today: null

2024-03-08 01:08:13 - [TEST_STEP][PASSED] - Taxtype = findTestData(dataFile).getValue("TaxType", row): null

2024-03-08 01:08:13 - [TEST_STEP][PASSED] - out.println("Taxtype value is : " + Taxtype): null

2024-03-08 01:08:13 - [TEST_STEP][PASSED] - openBrowser(""): Browser is opened with url: ''

2024-03-08 01:08:13 - [MESSAGE][WARNING] - A browser is already opened. Closing browser and opening a new one

2024-03-08 01:08:39 - [MESSAGE][INFO] - Starting 'Chrome' driver

2024-03-08 01:08:39 - [MESSAGE][INFO] - User set preference: ['acceptInsecureCerts', 'true']

2024-03-08 01:08:39 - [MESSAGE][INFO] - Action delay is set to 0 milliseconds

2024-03-08 01:08:41 - [MESSAGE][PASSED] - Browser is opened with url: ''

2024-03-08 01:08:41 - [TEST_STEP][PASSED] - maximizeWindow(): Current window maximized

2024-03-08 01:08:41 - [MESSAGE][PASSED] - Current window maximized

2024-03-08 01:08:41 - [TEST_STEP][PASSED] - navigateToUrl(RADurl): Navigate to 'https://qa2.velocitypayment.com/client/rad/index.html' successfully

2024-03-08 01:08:49 - [MESSAGE][PASSED] - Navigate to 'https://qa2.velocitypayment.com/client/rad/index.html' successfully

2024-03-08 01:08:49 - [TEST_STEP][PASSED] - orPath_Landing = "Object Repository/RAD_Pages/Landing_Page": null

2024-03-08 01:08:49 - [TEST_STEP][PASSED] - orPath_TaxTypeFilingYear = "Object Repository/RAD_Pages/TaxTypeFilingYear_Page": null

2024-03-08 01:08:49 - [TEST_STEP][PASSED] - orPath_TaxPayer = "Object Repository/RAD_Pages/Taxpayer_Page": null

2024-03-08 01:08:49 - [TEST_STEP][PASSED] - orPath_AddressContact = "Object Repository/RAD_Pages/AddressAndContactInfo_Page": null

2024-03-08 01:08:49 - [TEST_STEP][PASSED] - orPath_FilingStatus = "Object Repository/RAD_Pages/FilingStatus_Page": null

2024-03-08 01:08:49 - [TEST_STEP][PASSED] - orPath_Amount = "Object Repository/RAD_Pages/PaymentAmount_Page": null

2024-03-08 01:08:49 - [TEST_STEP][PASSED] - selectOptionByLabel(findTestObject(orPath_Landing + "/dd_TaxType"), Paymenttype, false): All options with label 'New Tax Return Amount Due' are selected in object 'Object Repository/RAD_Pages/Landing_Page/dd_TaxType' 

2024-03-08 01:08:50 - [MESSAGE][PASSED] - All options with label 'New Tax Return Amount Due' are selected in object 'Object Repository/RAD_Pages/Landing_Page/dd_TaxType' 

2024-03-08 01:08:50 - [TEST_STEP][PASSED] - delay(1): Delayed 1 second(s)

2024-03-08 01:08:51 - [MESSAGE][PASSED] - Delayed 1 second(s)

2024-03-08 01:08:51 - [TEST_STEP][PASSED] - switch (Paymenttype): null

2024-03-08 01:08:51 - [TEST_STEP][PASSED] - case "New Tax Return Amount Due":: null

2024-03-08 01:08:51 - [TEST_STEP][PASSED] - selectOptionByLabel(findTestObject("Object Repository/RAD_Pages/Landing_Page/select_NewTaxReturnAmountDue_TaxType"), Taxtype, false): All options with label 'Withholding Tax' are selected in object 'Object Repository/RAD_Pages/Landing_Page/select_NewTaxReturnAmountDue_TaxType' 

2024-03-08 01:08:51 - [MESSAGE][PASSED] - All options with label 'Withholding Tax' are selected in object 'Object Repository/RAD_Pages/Landing_Page/select_NewTaxReturnAmountDue_TaxType' 

2024-03-08 01:08:51 - [TEST_STEP][PASSED] - break: null

2024-03-08 01:08:51 - [TEST_STEP][PASSED] - delay(1): Delayed 1 second(s)

2024-03-08 01:08:52 - [MESSAGE][PASSED] - Delayed 1 second(s)

2024-03-08 01:08:52 - [TEST_STEP][PASSED] - scrollToElement(findTestObject(orPath_Amount + "/input__paymentAmount"), 3): Scroll to object 'Object Repository/RAD_Pages/PaymentAmount_Page/input__paymentAmount' successfully

2024-03-08 01:08:53 - [MESSAGE][PASSED] - Scroll to object 'Object Repository/RAD_Pages/PaymentAmount_Page/input__paymentAmount' successfully

2024-03-08 01:08:53 - [TEST_STEP][PASSED] - setText(findTestObject(orPath_AddressContact + "/input_eMailAddress"), "imtiazster@gmail.com"): Text 'imtiazster@gmail.com' is set on object 'Object Repository/RAD_Pages/AddressAndContactInfo_Page/input_eMailAddress'

2024-03-08 01:08:53 - [MESSAGE][PASSED] - Text 'imtiazster@gmail.com' is set on object 'Object Repository/RAD_Pages/AddressAndContactInfo_Page/input_eMailAddress'

2024-03-08 01:08:53 - [TEST_STEP][PASSED] - setText(findTestObject(orPath_AddressContact + "/input_reEnterEMailAddress"), "iahmed@govolution.com"): Text 'iahmed@govolution.com' is set on object 'Object Repository/RAD_Pages/AddressAndContactInfo_Page/input_reEnterEMailAddress'

2024-03-08 01:08:54 - [MESSAGE][PASSED] - Text 'iahmed@govolution.com' is set on object 'Object Repository/RAD_Pages/AddressAndContactInfo_Page/input_reEnterEMailAddress'

2024-03-08 01:08:54 - [TEST_STEP][PASSED] - delay(2): Delayed 2 second(s)

2024-03-08 01:08:56 - [MESSAGE][PASSED] - Delayed 2 second(s)

2024-03-08 01:08:56 - [TEST_STEP][PASSED] - if (verifyTextPresent("The Email and Re-enter email do not match", true)): null

2024-03-08 01:08:57 - [MESSAGE][PASSED] - Text 'The Email and Re-enter email do not match' is present on page  using regular expression

2024-03-08 01:08:57 - [TEST_STEP][PASSED] - println("Emails Dont match text is present"): null

2024-03-08 01:08:57 - [TEST_STEP][PASSED] - out.println("Pass Record Number: " + row): null

2024-03-08 01:08:57 - [TEST_STEP][PASSED] - resText = "Pass": null

2024-03-08 01:08:57 - [TEST_STEP][PASSED] - pages.WriteExcel.demoKey(resText, datText, resColumn, datCloumn, fileLoc, nameSheet, row): pages.WriteExcel.demoKey is PASSED

2024-03-08 01:09:00 - [MESSAGE][PASSED] - pages.WriteExcel.demoKey is PASSED]]></system-out>
         <system-err><![CDATA[]]></system-err>
      </testcase>
      <testcase name="Test Cases/RAD_TestCases/Negative_TestCases/TaxPayerSSNNoMatch" time="237.396" classname="Test Cases/RAD_TestCases/Negative_TestCases/TaxPayerSSNNoMatch" status="PASSED">
         <system-out><![CDATA[2024-03-08 01:09:00 - [TEST_CASE][PASSED] - Test Cases/RAD_TestCases/Negative_TestCases/TaxPayerSSNNoMatch: Test Cases/RAD_TestCases/Negative_TestCases/TaxPayerSSNNoMatch

2024-03-08 01:09:01 - [TEST_STEP][PASSED] - resText = "Fail": null

2024-03-08 01:09:01 - [TEST_STEP][PASSED] - resColumn = "Result": null

2024-03-08 01:09:01 - [TEST_STEP][PASSED] - datCloumn = "Date": null

2024-03-08 01:09:01 - [TEST_STEP][PASSED] - fileLoc = "KatalonData/RADTestData/TaxPayerSSNNoMatch.xlsx": null

2024-03-08 01:09:01 - [TEST_STEP][PASSED] - nameSheet = "Sheet1": null

2024-03-08 01:09:01 - [TEST_STEP][PASSED] - dataFile = "RADTestData/TaxPayerSSNNoMatch": null

2024-03-08 01:09:01 - [TEST_STEP][PASSED] - ExecuteTC = <not implemented yet for class: org.codehaus.groovy.ast.expr.EmptyExpression>: null

2024-03-08 01:09:01 - [TEST_STEP][PASSED] - Taxtype = <not implemented yet for class: org.codehaus.groovy.ast.expr.EmptyExpression>: null

2024-03-08 01:09:01 - [TEST_STEP][PASSED] - numOfRows = findTestData(dataFile).getRowNumbers(): null

2024-03-08 01:09:01 - [TEST_STEP][PASSED] - println("Number of Records: " + numOfRows): null

2024-03-08 01:09:01 - [TEST_STEP][PASSED] - for ([row = 1, row <= numOfRows, (row++)]): null

2024-03-08 01:09:01 - [TEST_STEP][PASSED] - ExecuteTC = findTestData(dataFile).getValue("Execute", row): null

2024-03-08 01:09:01 - [TEST_STEP][PASSED] - Taxtype = findTestData(dataFile).getValue("TaxType", row): null

2024-03-08 01:09:01 - [TEST_STEP][PASSED] - Paymenttype = findTestData(dataFile).getValue("PaymentType", row): null

2024-03-08 01:09:01 - [TEST_STEP][PASSED] - out.println("Value of Execute is : " + ExecuteTC): null

2024-03-08 01:09:01 - [TEST_STEP][PASSED] - if (ExecuteTC.equalsIgnoreCase("Y")): null

2024-03-08 01:09:01 - [TEST_STEP][PASSED] - out.println("Begin Record Number: " + row): null

2024-03-08 01:09:01 - [TEST_STEP][PASSED] - today = new java.util.Date(): null

2024-03-08 01:09:01 - [TEST_STEP][PASSED] - println(today): null

2024-03-08 01:09:01 - [TEST_STEP][PASSED] - datText = today: null

2024-03-08 01:09:01 - [TEST_STEP][PASSED] - Taxtype = findTestData(dataFile).getValue("TaxType", row): null

2024-03-08 01:09:01 - [TEST_STEP][PASSED] - out.println("Taxtype value is : " + Taxtype): null

2024-03-08 01:09:01 - [TEST_STEP][PASSED] - openBrowser(""): Browser is opened with url: ''

2024-03-08 01:09:01 - [MESSAGE][WARNING] - A browser is already opened. Closing browser and opening a new one

2024-03-08 01:09:22 - [MESSAGE][INFO] - Starting 'Chrome' driver

2024-03-08 01:09:22 - [MESSAGE][INFO] - User set preference: ['acceptInsecureCerts', 'true']

2024-03-08 01:09:22 - [MESSAGE][INFO] - Action delay is set to 0 milliseconds

2024-03-08 01:09:24 - [MESSAGE][PASSED] - Browser is opened with url: ''

2024-03-08 01:09:24 - [TEST_STEP][PASSED] - maximizeWindow(): Current window maximized

2024-03-08 01:09:24 - [MESSAGE][PASSED] - Current window maximized

2024-03-08 01:09:24 - [TEST_STEP][PASSED] - navigateToUrl(RADurl): Navigate to 'https://qa2.velocitypayment.com/client/rad/index.html' successfully

2024-03-08 01:09:30 - [MESSAGE][PASSED] - Navigate to 'https://qa2.velocitypayment.com/client/rad/index.html' successfully

2024-03-08 01:09:30 - [TEST_STEP][PASSED] - orPath_Landing = "Object Repository/RAD_Pages/Landing_Page": null

2024-03-08 01:09:30 - [TEST_STEP][PASSED] - orPath_TaxTypeFilingYear = "Object Repository/RAD_Pages/TaxTypeFilingYear_Page": null

2024-03-08 01:09:30 - [TEST_STEP][PASSED] - orPath_TaxPayer = "Object Repository/RAD_Pages/Taxpayer_Page": null

2024-03-08 01:09:30 - [TEST_STEP][PASSED] - orPath_AddressContact = "Object Repository/RAD_Pages/AddressAndContactInfo_Page": null

2024-03-08 01:09:30 - [TEST_STEP][PASSED] - orPath_FilingStatus = "Object Repository/RAD_Pages/FilingStatus_Page": null

2024-03-08 01:09:30 - [TEST_STEP][PASSED] - orPath_Amount = "Object Repository/RAD_Pages/PaymentAmount_Page": null

2024-03-08 01:09:30 - [TEST_STEP][PASSED] - orPath_TaxInfo = "Object Repository/RAD_Pages/TaxInfo_Page": null

2024-03-08 01:09:30 - [TEST_STEP][PASSED] - selectOptionByLabel(findTestObject(orPath_Landing + "/dd_TaxType"), Paymenttype, false): All options with label 'Existing Liability w/Notice Number' are selected in object 'Object Repository/RAD_Pages/Landing_Page/dd_TaxType' 

2024-03-08 01:09:31 - [MESSAGE][PASSED] - All options with label 'Existing Liability w/Notice Number' are selected in object 'Object Repository/RAD_Pages/Landing_Page/dd_TaxType' 

2024-03-08 01:09:31 - [TEST_STEP][PASSED] - delay(1): Delayed 1 second(s)

2024-03-08 01:09:32 - [MESSAGE][PASSED] - Delayed 1 second(s)

2024-03-08 01:09:32 - [TEST_STEP][PASSED] - switch (Paymenttype): null

2024-03-08 01:09:32 - [TEST_STEP][PASSED] - case "Existing Liability w/Notice Number":: null

2024-03-08 01:09:32 - [TEST_STEP][PASSED] - selectOptionByLabel(findTestObject(orPath_TaxTypeFilingYear + "/select_TaxType_ExistingLiability"), Taxtype, false): All options with label 'Personal Income Tax' are selected in object 'Object Repository/RAD_Pages/TaxTypeFilingYear_Page/select_TaxType_ExistingLiability' 

2024-03-08 01:09:33 - [MESSAGE][PASSED] - All options with label 'Personal Income Tax' are selected in object 'Object Repository/RAD_Pages/TaxTypeFilingYear_Page/select_TaxType_ExistingLiability' 

2024-03-08 01:09:33 - [TEST_STEP][PASSED] - break: null

2024-03-08 01:09:33 - [TEST_STEP][PASSED] - delay(1): Delayed 1 second(s)

2024-03-08 01:09:34 - [MESSAGE][PASSED] - Delayed 1 second(s)

2024-03-08 01:09:34 - [TEST_STEP][PASSED] - scrollToElement(findTestObject(orPath_TaxPayer + "/input_firstName"), 3): Scroll to object 'Object Repository/RAD_Pages/Taxpayer_Page/input_firstName' successfully

2024-03-08 01:09:34 - [MESSAGE][PASSED] - Scroll to object 'Object Repository/RAD_Pages/Taxpayer_Page/input_firstName' successfully

2024-03-08 01:09:34 - [TEST_STEP][PASSED] - switch (Paymenttype): null

2024-03-08 01:09:34 - [TEST_STEP][PASSED] - case "Existing Liability w/Notice Number":: null

2024-03-08 01:09:34 - [TEST_STEP][PASSED] - if (Taxtype.equalsIgnoreCase("Estate Tax")): null

2024-03-08 01:09:34 - [TEST_STEP][PASSED] - else: Text 'Anderson' is set on object 'Object Repository/RAD_Pages/Taxpayer_Page/input_lastName'

2024-03-08 01:09:34 - [TEST_STEP][PASSED] - setText(findTestObject(orPath_TaxInfo + "/input_Existing_SSN"), "111111111"): Text '111111111' is set on object 'Object Repository/RAD_Pages/TaxInfo_Page/input_Existing_SSN'

2024-03-08 01:09:35 - [MESSAGE][PASSED] - Text '111111111' is set on object 'Object Repository/RAD_Pages/TaxInfo_Page/input_Existing_SSN'

2024-03-08 01:09:35 - [TEST_STEP][PASSED] - setText(findTestObject(orPath_TaxInfo + "/input_Existing_RetypeSSN"), "222222222"): Text '222222222' is set on object 'Object Repository/RAD_Pages/TaxInfo_Page/input_Existing_RetypeSSN'

2024-03-08 01:09:35 - [MESSAGE][PASSED] - Text '222222222' is set on object 'Object Repository/RAD_Pages/TaxInfo_Page/input_Existing_RetypeSSN'

2024-03-08 01:09:36 - [TEST_STEP][PASSED] - setText(findTestObject(orPath_TaxPayer + "/input_lastName"), "Anderson"): Text 'Anderson' is set on object 'Object Repository/RAD_Pages/Taxpayer_Page/input_lastName'

2024-03-08 01:09:37 - [MESSAGE][PASSED] - Text 'Anderson' is set on object 'Object Repository/RAD_Pages/Taxpayer_Page/input_lastName'

2024-03-08 01:09:37 - [TEST_STEP][PASSED] - break: null

2024-03-08 01:09:37 - [TEST_STEP][PASSED] - delay(2): Delayed 2 second(s)

2024-03-08 01:09:39 - [MESSAGE][PASSED] - Delayed 2 second(s)

2024-03-08 01:09:39 - [TEST_STEP][PASSED] - switch (Taxtype): null

2024-03-08 01:09:39 - [TEST_STEP][PASSED] - Default: null

2024-03-08 01:09:39 - [TEST_STEP][PASSED] - if (verifyTextPresent("The SSN and Re-type SSN do not match", true)): null

2024-03-08 01:09:39 - [MESSAGE][PASSED] - Text 'The SSN and Re-type SSN do not match' is present on page  using regular expression

2024-03-08 01:09:39 - [TEST_STEP][PASSED] - println("Taxpayer SSN Dont match text is present"): null

2024-03-08 01:09:39 - [TEST_STEP][PASSED] - out.println("Pass Record Number: " + row): null

2024-03-08 01:09:39 - [TEST_STEP][PASSED] - resText = "Pass": null

2024-03-08 01:09:39 - [TEST_STEP][PASSED] - pages.WriteExcel.demoKey(resText, datText, resColumn, datCloumn, fileLoc, nameSheet, row): pages.WriteExcel.demoKey is PASSED

2024-03-08 01:09:39 - [MESSAGE][PASSED] - pages.WriteExcel.demoKey is PASSED

2024-03-08 01:09:39 - [TEST_STEP][PASSED] - break: null

2024-03-08 01:09:39 - [TEST_STEP][PASSED] - ExecuteTC = findTestData(dataFile).getValue("Execute", row): null

2024-03-08 01:09:39 - [TEST_STEP][PASSED] - Taxtype = findTestData(dataFile).getValue("TaxType", row): null

2024-03-08 01:09:39 - [TEST_STEP][PASSED] - Paymenttype = findTestData(dataFile).getValue("PaymentType", row): null

2024-03-08 01:09:40 - [TEST_STEP][PASSED] - out.println("Value of Execute is : " + ExecuteTC): null

2024-03-08 01:09:40 - [TEST_STEP][PASSED] - if (ExecuteTC.equalsIgnoreCase("Y")): null

2024-03-08 01:09:40 - [TEST_STEP][PASSED] - out.println("Begin Record Number: " + row): null

2024-03-08 01:09:40 - [TEST_STEP][PASSED] - today = new java.util.Date(): null

2024-03-08 01:09:40 - [TEST_STEP][PASSED] - println(today): null

2024-03-08 01:09:40 - [TEST_STEP][PASSED] - datText = today: null

2024-03-08 01:09:40 - [TEST_STEP][PASSED] - Taxtype = findTestData(dataFile).getValue("TaxType", row): null

2024-03-08 01:09:40 - [TEST_STEP][PASSED] - out.println("Taxtype value is : " + Taxtype): null

2024-03-08 01:09:40 - [TEST_STEP][PASSED] - openBrowser(""): Browser is opened with url: ''

2024-03-08 01:09:40 - [MESSAGE][WARNING] - A browser is already opened. Closing browser and opening a new one

2024-03-08 01:10:05 - [MESSAGE][INFO] - Starting 'Chrome' driver

2024-03-08 01:10:05 - [MESSAGE][INFO] - User set preference: ['acceptInsecureCerts', 'true']

2024-03-08 01:10:05 - [MESSAGE][INFO] - Action delay is set to 0 milliseconds

2024-03-08 01:10:07 - [MESSAGE][PASSED] - Browser is opened with url: ''

2024-03-08 01:10:07 - [TEST_STEP][PASSED] - maximizeWindow(): Current window maximized

2024-03-08 01:10:07 - [MESSAGE][PASSED] - Current window maximized

2024-03-08 01:10:07 - [TEST_STEP][PASSED] - navigateToUrl(RADurl): Navigate to 'https://qa2.velocitypayment.com/client/rad/index.html' successfully

2024-03-08 01:10:07 - [MESSAGE][PASSED] - Navigate to 'https://qa2.velocitypayment.com/client/rad/index.html' successfully

2024-03-08 01:10:07 - [TEST_STEP][PASSED] - orPath_Landing = "Object Repository/RAD_Pages/Landing_Page": null

2024-03-08 01:10:07 - [TEST_STEP][PASSED] - orPath_TaxTypeFilingYear = "Object Repository/RAD_Pages/TaxTypeFilingYear_Page": null

2024-03-08 01:10:07 - [TEST_STEP][PASSED] - orPath_TaxPayer = "Object Repository/RAD_Pages/Taxpayer_Page": null

2024-03-08 01:10:07 - [TEST_STEP][PASSED] - orPath_AddressContact = "Object Repository/RAD_Pages/AddressAndContactInfo_Page": null

2024-03-08 01:10:07 - [TEST_STEP][PASSED] - orPath_FilingStatus = "Object Repository/RAD_Pages/FilingStatus_Page": null

2024-03-08 01:10:07 - [TEST_STEP][PASSED] - orPath_Amount = "Object Repository/RAD_Pages/PaymentAmount_Page": null

2024-03-08 01:10:07 - [TEST_STEP][PASSED] - orPath_TaxInfo = "Object Repository/RAD_Pages/TaxInfo_Page": null

2024-03-08 01:10:07 - [TEST_STEP][PASSED] - selectOptionByLabel(findTestObject(orPath_Landing + "/dd_TaxType"), Paymenttype, false): All options with label 'Quarterly Estimated Tax' are selected in object 'Object Repository/RAD_Pages/Landing_Page/dd_TaxType' 

2024-03-08 01:10:10 - [MESSAGE][PASSED] - All options with label 'Quarterly Estimated Tax' are selected in object 'Object Repository/RAD_Pages/Landing_Page/dd_TaxType' 

2024-03-08 01:10:10 - [TEST_STEP][PASSED] - delay(1): Delayed 1 second(s)

2024-03-08 01:10:11 - [MESSAGE][PASSED] - Delayed 1 second(s)

2024-03-08 01:10:11 - [TEST_STEP][PASSED] - switch (Paymenttype): null

2024-03-08 01:10:11 - [TEST_STEP][PASSED] - case "Quarterly Estimated Tax":: null

2024-03-08 01:10:11 - [TEST_STEP][PASSED] - selectOptionByLabel(findTestObject(orPath_TaxTypeFilingYear + "/select_PaymentType"), Taxtype, false): All options with label 'Personal Income Tax' are selected in object 'Object Repository/RAD_Pages/TaxTypeFilingYear_Page/select_PaymentType' 

2024-03-08 01:10:12 - [MESSAGE][PASSED] - All options with label 'Personal Income Tax' are selected in object 'Object Repository/RAD_Pages/TaxTypeFilingYear_Page/select_PaymentType' 

2024-03-08 01:10:12 - [TEST_STEP][PASSED] - break: null

2024-03-08 01:10:12 - [TEST_STEP][PASSED] - delay(1): Delayed 1 second(s)

2024-03-08 01:10:13 - [MESSAGE][PASSED] - Delayed 1 second(s)

2024-03-08 01:10:13 - [TEST_STEP][PASSED] - scrollToElement(findTestObject(orPath_TaxPayer + "/input_firstName"), 3): Scroll to object 'Object Repository/RAD_Pages/Taxpayer_Page/input_firstName' successfully

2024-03-08 01:10:13 - [MESSAGE][PASSED] - Scroll to object 'Object Repository/RAD_Pages/Taxpayer_Page/input_firstName' successfully

2024-03-08 01:10:13 - [TEST_STEP][PASSED] - switch (Paymenttype): null

2024-03-08 01:10:13 - [TEST_STEP][PASSED] - case "Quarterly Estimated Tax":: null

2024-03-08 01:10:13 - [TEST_STEP][PASSED] - setText(findTestObject("RAD_RecordAndPlay/input_concatSSN"), "111111111"): Text '111111111' is set on object 'Object Repository/RAD_RecordAndPlay/input_concatSSN'

2024-03-08 01:10:14 - [MESSAGE][PASSED] - Text '111111111' is set on object 'Object Repository/RAD_RecordAndPlay/input_concatSSN'

2024-03-08 01:10:14 - [TEST_STEP][PASSED] - setText(findTestObject("RAD_RecordAndPlay/input_concatReSSN"), "222222222"): Text '222222222' is set on object 'Object Repository/RAD_RecordAndPlay/input_concatReSSN'

2024-03-08 01:10:14 - [MESSAGE][PASSED] - Text '222222222' is set on object 'Object Repository/RAD_RecordAndPlay/input_concatReSSN'

2024-03-08 01:10:14 - [TEST_STEP][PASSED] - setText(findTestObject(orPath_TaxPayer + "/input_lastName"), "Anderson"): Text 'Anderson' is set on object 'Object Repository/RAD_Pages/Taxpayer_Page/input_lastName'

2024-03-08 01:10:15 - [MESSAGE][PASSED] - Text 'Anderson' is set on object 'Object Repository/RAD_Pages/Taxpayer_Page/input_lastName'

2024-03-08 01:10:15 - [TEST_STEP][PASSED] - break: null

2024-03-08 01:10:15 - [TEST_STEP][PASSED] - delay(2): Delayed 2 second(s)

2024-03-08 01:10:17 - [MESSAGE][PASSED] - Delayed 2 second(s)

2024-03-08 01:10:17 - [TEST_STEP][PASSED] - switch (Taxtype): null

2024-03-08 01:10:17 - [TEST_STEP][PASSED] - Default: null

2024-03-08 01:10:17 - [TEST_STEP][PASSED] - if (verifyTextPresent("The SSN and Re-type SSN do not match", true)): null

2024-03-08 01:10:18 - [MESSAGE][PASSED] - Text 'The SSN and Re-type SSN do not match' is present on page  using regular expression

2024-03-08 01:10:18 - [TEST_STEP][PASSED] - println("Taxpayer SSN Dont match text is present"): null

2024-03-08 01:10:18 - [TEST_STEP][PASSED] - out.println("Pass Record Number: " + row): null

2024-03-08 01:10:18 - [TEST_STEP][PASSED] - resText = "Pass": null

2024-03-08 01:10:18 - [TEST_STEP][PASSED] - pages.WriteExcel.demoKey(resText, datText, resColumn, datCloumn, fileLoc, nameSheet, row): pages.WriteExcel.demoKey is PASSED

2024-03-08 01:10:18 - [MESSAGE][PASSED] - pages.WriteExcel.demoKey is PASSED

2024-03-08 01:10:18 - [TEST_STEP][PASSED] - break: null

2024-03-08 01:10:18 - [TEST_STEP][PASSED] - ExecuteTC = findTestData(dataFile).getValue("Execute", row): null

2024-03-08 01:10:18 - [TEST_STEP][PASSED] - Taxtype = findTestData(dataFile).getValue("TaxType", row): null

2024-03-08 01:10:18 - [TEST_STEP][PASSED] - Paymenttype = findTestData(dataFile).getValue("PaymentType", row): null

2024-03-08 01:10:18 - [TEST_STEP][PASSED] - out.println("Value of Execute is : " + ExecuteTC): null

2024-03-08 01:10:18 - [TEST_STEP][PASSED] - if (ExecuteTC.equalsIgnoreCase("Y")): null

2024-03-08 01:10:18 - [TEST_STEP][PASSED] - ExecuteTC = findTestData(dataFile).getValue("Execute", row): null

2024-03-08 01:10:18 - [TEST_STEP][PASSED] - Taxtype = findTestData(dataFile).getValue("TaxType", row): null

2024-03-08 01:10:18 - [TEST_STEP][PASSED] - Paymenttype = findTestData(dataFile).getValue("PaymentType", row): null

2024-03-08 01:10:18 - [TEST_STEP][PASSED] - out.println("Value of Execute is : " + ExecuteTC): null

2024-03-08 01:10:18 - [TEST_STEP][PASSED] - if (ExecuteTC.equalsIgnoreCase("Y")): null

2024-03-08 01:10:18 - [TEST_STEP][PASSED] - out.println("Begin Record Number: " + row): null

2024-03-08 01:10:18 - [TEST_STEP][PASSED] - today = new java.util.Date(): null

2024-03-08 01:10:18 - [TEST_STEP][PASSED] - println(today): null

2024-03-08 01:10:18 - [TEST_STEP][PASSED] - datText = today: null

2024-03-08 01:10:18 - [TEST_STEP][PASSED] - Taxtype = findTestData(dataFile).getValue("TaxType", row): null

2024-03-08 01:10:18 - [TEST_STEP][PASSED] - out.println("Taxtype value is : " + Taxtype): null

2024-03-08 01:10:18 - [TEST_STEP][PASSED] - openBrowser(""): Browser is opened with url: ''

2024-03-08 01:10:18 - [MESSAGE][WARNING] - A browser is already opened. Closing browser and opening a new one

2024-03-08 01:11:07 - [MESSAGE][INFO] - Starting 'Chrome' driver

2024-03-08 01:11:07 - [MESSAGE][INFO] - User set preference: ['acceptInsecureCerts', 'true']

2024-03-08 01:11:07 - [MESSAGE][INFO] - Action delay is set to 0 milliseconds

2024-03-08 01:11:08 - [MESSAGE][PASSED] - Browser is opened with url: ''

2024-03-08 01:11:08 - [TEST_STEP][PASSED] - maximizeWindow(): Current window maximized

2024-03-08 01:11:08 - [MESSAGE][PASSED] - Current window maximized

2024-03-08 01:11:08 - [TEST_STEP][PASSED] - navigateToUrl(RADurl): Navigate to 'https://qa2.velocitypayment.com/client/rad/index.html' successfully

2024-03-08 01:11:17 - [MESSAGE][PASSED] - Navigate to 'https://qa2.velocitypayment.com/client/rad/index.html' successfully

2024-03-08 01:11:17 - [TEST_STEP][PASSED] - orPath_Landing = "Object Repository/RAD_Pages/Landing_Page": null

2024-03-08 01:11:17 - [TEST_STEP][PASSED] - orPath_TaxTypeFilingYear = "Object Repository/RAD_Pages/TaxTypeFilingYear_Page": null

2024-03-08 01:11:17 - [TEST_STEP][PASSED] - orPath_TaxPayer = "Object Repository/RAD_Pages/Taxpayer_Page": null

2024-03-08 01:11:17 - [TEST_STEP][PASSED] - orPath_AddressContact = "Object Repository/RAD_Pages/AddressAndContactInfo_Page": null

2024-03-08 01:11:17 - [TEST_STEP][PASSED] - orPath_FilingStatus = "Object Repository/RAD_Pages/FilingStatus_Page": null

2024-03-08 01:11:17 - [TEST_STEP][PASSED] - orPath_Amount = "Object Repository/RAD_Pages/PaymentAmount_Page": null

2024-03-08 01:11:17 - [TEST_STEP][PASSED] - orPath_TaxInfo = "Object Repository/RAD_Pages/TaxInfo_Page": null

2024-03-08 01:11:17 - [TEST_STEP][PASSED] - selectOptionByLabel(findTestObject(orPath_Landing + "/dd_TaxType"), Paymenttype, false): All options with label 'New Tax Return Amount Due' are selected in object 'Object Repository/RAD_Pages/Landing_Page/dd_TaxType' 

2024-03-08 01:11:22 - [MESSAGE][PASSED] - All options with label 'New Tax Return Amount Due' are selected in object 'Object Repository/RAD_Pages/Landing_Page/dd_TaxType' 

2024-03-08 01:11:22 - [TEST_STEP][PASSED] - delay(1): Delayed 1 second(s)

2024-03-08 01:11:23 - [MESSAGE][PASSED] - Delayed 1 second(s)

2024-03-08 01:11:23 - [TEST_STEP][PASSED] - switch (Paymenttype): null

2024-03-08 01:11:23 - [TEST_STEP][PASSED] - case "New Tax Return Amount Due":: null

2024-03-08 01:11:23 - [TEST_STEP][PASSED] - selectOptionByLabel(findTestObject("Object Repository/RAD_Pages/Landing_Page/select_NewTaxReturnAmountDue_TaxType"), Taxtype, false): All options with label 'Personal Income Tax' are selected in object 'Object Repository/RAD_Pages/Landing_Page/select_NewTaxReturnAmountDue_TaxType' 

2024-03-08 01:11:24 - [MESSAGE][PASSED] - All options with label 'Personal Income Tax' are selected in object 'Object Repository/RAD_Pages/Landing_Page/select_NewTaxReturnAmountDue_TaxType' 

2024-03-08 01:11:24 - [TEST_STEP][PASSED] - break: null

2024-03-08 01:11:24 - [TEST_STEP][PASSED] - delay(1): Delayed 1 second(s)

2024-03-08 01:11:25 - [MESSAGE][PASSED] - Delayed 1 second(s)

2024-03-08 01:11:25 - [TEST_STEP][PASSED] - scrollToElement(findTestObject(orPath_TaxPayer + "/input_firstName"), 3): Scroll to object 'Object Repository/RAD_Pages/Taxpayer_Page/input_firstName' successfully

2024-03-08 01:11:25 - [MESSAGE][PASSED] - Scroll to object 'Object Repository/RAD_Pages/Taxpayer_Page/input_firstName' successfully

2024-03-08 01:11:25 - [TEST_STEP][PASSED] - switch (Paymenttype): null

2024-03-08 01:11:25 - [TEST_STEP][PASSED] - case "New Tax Return Amount Due":: null

2024-03-08 01:11:25 - [TEST_STEP][PASSED] - if (Taxtype.equalsIgnoreCase("Estate Tax")): null

2024-03-08 01:11:25 - [TEST_STEP][PASSED] - else: Text 'Anderson' is set on object 'Object Repository/RAD_Pages/Taxpayer_Page/input_lastName'

2024-03-08 01:11:25 - [TEST_STEP][PASSED] - setText(findTestObject("RAD_RecordAndPlay/input_concatSSN"), "111111111"): Text '111111111' is set on object 'Object Repository/RAD_RecordAndPlay/input_concatSSN'

2024-03-08 01:11:26 - [MESSAGE][PASSED] - Text '111111111' is set on object 'Object Repository/RAD_RecordAndPlay/input_concatSSN'

2024-03-08 01:11:26 - [TEST_STEP][PASSED] - setText(findTestObject("RAD_RecordAndPlay/input_concatReSSN"), "222222222"): Text '222222222' is set on object 'Object Repository/RAD_RecordAndPlay/input_concatReSSN'

2024-03-08 01:11:26 - [MESSAGE][PASSED] - Text '222222222' is set on object 'Object Repository/RAD_RecordAndPlay/input_concatReSSN'

2024-03-08 01:11:26 - [TEST_STEP][PASSED] - setText(findTestObject(orPath_TaxPayer + "/input_lastName"), "Anderson"): Text 'Anderson' is set on object 'Object Repository/RAD_Pages/Taxpayer_Page/input_lastName'

2024-03-08 01:11:28 - [MESSAGE][PASSED] - Text 'Anderson' is set on object 'Object Repository/RAD_Pages/Taxpayer_Page/input_lastName'

2024-03-08 01:11:28 - [TEST_STEP][PASSED] - break: null

2024-03-08 01:11:28 - [TEST_STEP][PASSED] - delay(2): Delayed 2 second(s)

2024-03-08 01:11:30 - [MESSAGE][PASSED] - Delayed 2 second(s)

2024-03-08 01:11:30 - [TEST_STEP][PASSED] - switch (Taxtype): null

2024-03-08 01:11:30 - [TEST_STEP][PASSED] - Default: null

2024-03-08 01:11:30 - [TEST_STEP][PASSED] - if (verifyTextPresent("The SSN and Re-type SSN do not match", true)): null

2024-03-08 01:11:30 - [MESSAGE][PASSED] - Text 'The SSN and Re-type SSN do not match' is present on page  using regular expression

2024-03-08 01:11:30 - [TEST_STEP][PASSED] - println("Taxpayer SSN Dont match text is present"): null

2024-03-08 01:11:30 - [TEST_STEP][PASSED] - out.println("Pass Record Number: " + row): null

2024-03-08 01:11:30 - [TEST_STEP][PASSED] - resText = "Pass": null

2024-03-08 01:11:30 - [TEST_STEP][PASSED] - pages.WriteExcel.demoKey(resText, datText, resColumn, datCloumn, fileLoc, nameSheet, row): pages.WriteExcel.demoKey is PASSED

2024-03-08 01:11:30 - [MESSAGE][PASSED] - pages.WriteExcel.demoKey is PASSED

2024-03-08 01:11:30 - [TEST_STEP][PASSED] - break: null

2024-03-08 01:11:30 - [TEST_STEP][PASSED] - ExecuteTC = findTestData(dataFile).getValue("Execute", row): null

2024-03-08 01:11:30 - [TEST_STEP][PASSED] - Taxtype = findTestData(dataFile).getValue("TaxType", row): null

2024-03-08 01:11:30 - [TEST_STEP][PASSED] - Paymenttype = findTestData(dataFile).getValue("PaymentType", row): null

2024-03-08 01:11:30 - [TEST_STEP][PASSED] - out.println("Value of Execute is : " + ExecuteTC): null

2024-03-08 01:11:30 - [TEST_STEP][PASSED] - if (ExecuteTC.equalsIgnoreCase("Y")): null

2024-03-08 01:11:30 - [TEST_STEP][PASSED] - out.println("Begin Record Number: " + row): null

2024-03-08 01:11:30 - [TEST_STEP][PASSED] - today = new java.util.Date(): null

2024-03-08 01:11:30 - [TEST_STEP][PASSED] - println(today): null

2024-03-08 01:11:30 - [TEST_STEP][PASSED] - datText = today: null

2024-03-08 01:11:30 - [TEST_STEP][PASSED] - Taxtype = findTestData(dataFile).getValue("TaxType", row): null

2024-03-08 01:11:30 - [TEST_STEP][PASSED] - out.println("Taxtype value is : " + Taxtype): null

2024-03-08 01:11:30 - [TEST_STEP][PASSED] - openBrowser(""): Browser is opened with url: ''

2024-03-08 01:11:30 - [MESSAGE][WARNING] - A browser is already opened. Closing browser and opening a new one

2024-03-08 01:11:52 - [MESSAGE][INFO] - Starting 'Chrome' driver

2024-03-08 01:11:52 - [MESSAGE][INFO] - User set preference: ['acceptInsecureCerts', 'true']

2024-03-08 01:11:52 - [MESSAGE][INFO] - Action delay is set to 0 milliseconds

2024-03-08 01:11:53 - [MESSAGE][PASSED] - Browser is opened with url: ''

2024-03-08 01:11:53 - [TEST_STEP][PASSED] - maximizeWindow(): Current window maximized

2024-03-08 01:11:53 - [MESSAGE][PASSED] - Current window maximized

2024-03-08 01:11:53 - [TEST_STEP][PASSED] - navigateToUrl(RADurl): Navigate to 'https://qa2.velocitypayment.com/client/rad/index.html' successfully

2024-03-08 01:12:00 - [MESSAGE][PASSED] - Navigate to 'https://qa2.velocitypayment.com/client/rad/index.html' successfully

2024-03-08 01:12:00 - [TEST_STEP][PASSED] - orPath_Landing = "Object Repository/RAD_Pages/Landing_Page": null

2024-03-08 01:12:00 - [TEST_STEP][PASSED] - orPath_TaxTypeFilingYear = "Object Repository/RAD_Pages/TaxTypeFilingYear_Page": null

2024-03-08 01:12:00 - [TEST_STEP][PASSED] - orPath_TaxPayer = "Object Repository/RAD_Pages/Taxpayer_Page": null

2024-03-08 01:12:00 - [TEST_STEP][PASSED] - orPath_AddressContact = "Object Repository/RAD_Pages/AddressAndContactInfo_Page": null

2024-03-08 01:12:00 - [TEST_STEP][PASSED] - orPath_FilingStatus = "Object Repository/RAD_Pages/FilingStatus_Page": null

2024-03-08 01:12:00 - [TEST_STEP][PASSED] - orPath_Amount = "Object Repository/RAD_Pages/PaymentAmount_Page": null

2024-03-08 01:12:00 - [TEST_STEP][PASSED] - orPath_TaxInfo = "Object Repository/RAD_Pages/TaxInfo_Page": null

2024-03-08 01:12:00 - [TEST_STEP][PASSED] - selectOptionByLabel(findTestObject(orPath_Landing + "/dd_TaxType"), Paymenttype, false): All options with label 'Existing Liability w/Notice Number' are selected in object 'Object Repository/RAD_Pages/Landing_Page/dd_TaxType' 

2024-03-08 01:12:01 - [MESSAGE][PASSED] - All options with label 'Existing Liability w/Notice Number' are selected in object 'Object Repository/RAD_Pages/Landing_Page/dd_TaxType' 

2024-03-08 01:12:01 - [TEST_STEP][PASSED] - delay(1): Delayed 1 second(s)

2024-03-08 01:12:02 - [MESSAGE][PASSED] - Delayed 1 second(s)

2024-03-08 01:12:02 - [TEST_STEP][PASSED] - switch (Paymenttype): null

2024-03-08 01:12:02 - [TEST_STEP][PASSED] - case "Existing Liability w/Notice Number":: null

2024-03-08 01:12:02 - [TEST_STEP][PASSED] - selectOptionByLabel(findTestObject(orPath_TaxTypeFilingYear + "/select_TaxType_ExistingLiability"), Taxtype, false): All options with label 'Estate Tax' are selected in object 'Object Repository/RAD_Pages/TaxTypeFilingYear_Page/select_TaxType_ExistingLiability' 

2024-03-08 01:12:02 - [MESSAGE][PASSED] - All options with label 'Estate Tax' are selected in object 'Object Repository/RAD_Pages/TaxTypeFilingYear_Page/select_TaxType_ExistingLiability' 

2024-03-08 01:12:02 - [TEST_STEP][PASSED] - break: null

2024-03-08 01:12:02 - [TEST_STEP][PASSED] - delay(1): Delayed 1 second(s)

2024-03-08 01:12:03 - [MESSAGE][PASSED] - Delayed 1 second(s)

2024-03-08 01:12:03 - [TEST_STEP][PASSED] - scrollToElement(findTestObject(orPath_TaxPayer + "/input_firstName"), 3): Scroll to object 'Object Repository/RAD_Pages/Taxpayer_Page/input_firstName' successfully

2024-03-08 01:12:04 - [MESSAGE][PASSED] - Scroll to object 'Object Repository/RAD_Pages/Taxpayer_Page/input_firstName' successfully

2024-03-08 01:12:04 - [TEST_STEP][PASSED] - switch (Paymenttype): null

2024-03-08 01:12:04 - [TEST_STEP][PASSED] - case "Existing Liability w/Notice Number":: null

2024-03-08 01:12:04 - [TEST_STEP][PASSED] - if (Taxtype.equalsIgnoreCase("Estate Tax")): Text 'Anderson' is set on object 'Object Repository/RAD_Pages/Taxpayer_Page/input_lastName'

2024-03-08 01:12:04 - [TEST_STEP][PASSED] - setText(findTestObject(orPath_TaxInfo + "/input_DecedentSSN"), "1111111111"): Text '1111111111' is set on object 'Object Repository/RAD_Pages/TaxInfo_Page/input_DecedentSSN'

2024-03-08 01:12:04 - [MESSAGE][PASSED] - Text '1111111111' is set on object 'Object Repository/RAD_Pages/TaxInfo_Page/input_DecedentSSN'

2024-03-08 01:12:04 - [TEST_STEP][PASSED] - setText(findTestObject(orPath_TaxInfo + "/input_ReTypeDecedentSSN"), "222222222"): Text '222222222' is set on object 'Object Repository/RAD_Pages/TaxInfo_Page/input_ReTypeDecedentSSN'

2024-03-08 01:12:05 - [MESSAGE][PASSED] - Text '222222222' is set on object 'Object Repository/RAD_Pages/TaxInfo_Page/input_ReTypeDecedentSSN'

2024-03-08 01:12:05 - [TEST_STEP][PASSED] - setText(findTestObject(orPath_TaxPayer + "/input_lastName"), "Anderson"): Text 'Anderson' is set on object 'Object Repository/RAD_Pages/Taxpayer_Page/input_lastName'

2024-03-08 01:12:06 - [MESSAGE][PASSED] - Text 'Anderson' is set on object 'Object Repository/RAD_Pages/Taxpayer_Page/input_lastName'

2024-03-08 01:12:06 - [TEST_STEP][PASSED] - break: null

2024-03-08 01:12:06 - [TEST_STEP][PASSED] - delay(2): Delayed 2 second(s)

2024-03-08 01:12:08 - [MESSAGE][PASSED] - Delayed 2 second(s)

2024-03-08 01:12:08 - [TEST_STEP][PASSED] - switch (Taxtype): null

2024-03-08 01:12:08 - [TEST_STEP][PASSED] - case "Estate Tax":: null

2024-03-08 01:12:08 - [TEST_STEP][PASSED] - if (verifyTextPresent("The Decedent SSN and Re-type Decedent SSN do not match", true)): null

2024-03-08 01:12:08 - [MESSAGE][PASSED] - Text 'The Decedent SSN and Re-type Decedent SSN do not match' is present on page  using regular expression

2024-03-08 01:12:08 - [TEST_STEP][PASSED] - println("Taxpayer SSN Dont match text is present"): null

2024-03-08 01:12:08 - [TEST_STEP][PASSED] - out.println("Pass Record Number: " + row): null

2024-03-08 01:12:08 - [TEST_STEP][PASSED] - resText = "Pass": null

2024-03-08 01:12:08 - [TEST_STEP][PASSED] - pages.WriteExcel.demoKey(resText, datText, resColumn, datCloumn, fileLoc, nameSheet, row): pages.WriteExcel.demoKey is PASSED

2024-03-08 01:12:11 - [MESSAGE][PASSED] - pages.WriteExcel.demoKey is PASSED

2024-03-08 01:12:11 - [TEST_STEP][PASSED] - break: null

2024-03-08 01:12:11 - [TEST_STEP][PASSED] - ExecuteTC = findTestData(dataFile).getValue("Execute", row): null

2024-03-08 01:12:11 - [TEST_STEP][PASSED] - Taxtype = findTestData(dataFile).getValue("TaxType", row): null

2024-03-08 01:12:11 - [TEST_STEP][PASSED] - Paymenttype = findTestData(dataFile).getValue("PaymentType", row): null

2024-03-08 01:12:11 - [TEST_STEP][PASSED] - out.println("Value of Execute is : " + ExecuteTC): null

2024-03-08 01:12:11 - [TEST_STEP][PASSED] - if (ExecuteTC.equalsIgnoreCase("Y")): null

2024-03-08 01:12:11 - [TEST_STEP][PASSED] - out.println("Begin Record Number: " + row): null

2024-03-08 01:12:11 - [TEST_STEP][PASSED] - today = new java.util.Date(): null

2024-03-08 01:12:11 - [TEST_STEP][PASSED] - println(today): null

2024-03-08 01:12:11 - [TEST_STEP][PASSED] - datText = today: null

2024-03-08 01:12:11 - [TEST_STEP][PASSED] - Taxtype = findTestData(dataFile).getValue("TaxType", row): null

2024-03-08 01:12:11 - [TEST_STEP][PASSED] - out.println("Taxtype value is : " + Taxtype): null

2024-03-08 01:12:11 - [TEST_STEP][PASSED] - openBrowser(""): Browser is opened with url: ''

2024-03-08 01:12:11 - [MESSAGE][WARNING] - A browser is already opened. Closing browser and opening a new one

2024-03-08 01:12:33 - [MESSAGE][INFO] - Starting 'Chrome' driver

2024-03-08 01:12:33 - [MESSAGE][INFO] - User set preference: ['acceptInsecureCerts', 'true']

2024-03-08 01:12:33 - [MESSAGE][INFO] - Action delay is set to 0 milliseconds

2024-03-08 01:12:35 - [MESSAGE][PASSED] - Browser is opened with url: ''

2024-03-08 01:12:35 - [TEST_STEP][PASSED] - maximizeWindow(): Current window maximized

2024-03-08 01:12:35 - [MESSAGE][PASSED] - Current window maximized

2024-03-08 01:12:35 - [TEST_STEP][PASSED] - navigateToUrl(RADurl): Navigate to 'https://qa2.velocitypayment.com/client/rad/index.html' successfully

2024-03-08 01:12:49 - [MESSAGE][PASSED] - Navigate to 'https://qa2.velocitypayment.com/client/rad/index.html' successfully

2024-03-08 01:12:49 - [TEST_STEP][PASSED] - orPath_Landing = "Object Repository/RAD_Pages/Landing_Page": null

2024-03-08 01:12:49 - [TEST_STEP][PASSED] - orPath_TaxTypeFilingYear = "Object Repository/RAD_Pages/TaxTypeFilingYear_Page": null

2024-03-08 01:12:49 - [TEST_STEP][PASSED] - orPath_TaxPayer = "Object Repository/RAD_Pages/Taxpayer_Page": null

2024-03-08 01:12:49 - [TEST_STEP][PASSED] - orPath_AddressContact = "Object Repository/RAD_Pages/AddressAndContactInfo_Page": null

2024-03-08 01:12:49 - [TEST_STEP][PASSED] - orPath_FilingStatus = "Object Repository/RAD_Pages/FilingStatus_Page": null

2024-03-08 01:12:49 - [TEST_STEP][PASSED] - orPath_Amount = "Object Repository/RAD_Pages/PaymentAmount_Page": null

2024-03-08 01:12:49 - [TEST_STEP][PASSED] - orPath_TaxInfo = "Object Repository/RAD_Pages/TaxInfo_Page": null

2024-03-08 01:12:49 - [TEST_STEP][PASSED] - selectOptionByLabel(findTestObject(orPath_Landing + "/dd_TaxType"), Paymenttype, false): All options with label 'New Tax Return Amount Due' are selected in object 'Object Repository/RAD_Pages/Landing_Page/dd_TaxType' 

2024-03-08 01:12:50 - [MESSAGE][PASSED] - All options with label 'New Tax Return Amount Due' are selected in object 'Object Repository/RAD_Pages/Landing_Page/dd_TaxType' 

2024-03-08 01:12:50 - [TEST_STEP][PASSED] - delay(1): Delayed 1 second(s)

2024-03-08 01:12:51 - [MESSAGE][PASSED] - Delayed 1 second(s)

2024-03-08 01:12:51 - [TEST_STEP][PASSED] - switch (Paymenttype): null

2024-03-08 01:12:51 - [TEST_STEP][PASSED] - case "New Tax Return Amount Due":: null

2024-03-08 01:12:51 - [TEST_STEP][PASSED] - selectOptionByLabel(findTestObject("Object Repository/RAD_Pages/Landing_Page/select_NewTaxReturnAmountDue_TaxType"), Taxtype, false): All options with label 'Estate Tax' are selected in object 'Object Repository/RAD_Pages/Landing_Page/select_NewTaxReturnAmountDue_TaxType' 

2024-03-08 01:12:52 - [MESSAGE][PASSED] - All options with label 'Estate Tax' are selected in object 'Object Repository/RAD_Pages/Landing_Page/select_NewTaxReturnAmountDue_TaxType' 

2024-03-08 01:12:52 - [TEST_STEP][PASSED] - break: null

2024-03-08 01:12:52 - [TEST_STEP][PASSED] - delay(1): Delayed 1 second(s)

2024-03-08 01:12:53 - [MESSAGE][PASSED] - Delayed 1 second(s)

2024-03-08 01:12:53 - [TEST_STEP][PASSED] - scrollToElement(findTestObject(orPath_TaxPayer + "/input_firstName"), 3): Scroll to object 'Object Repository/RAD_Pages/Taxpayer_Page/input_firstName' successfully

2024-03-08 01:12:53 - [MESSAGE][PASSED] - Scroll to object 'Object Repository/RAD_Pages/Taxpayer_Page/input_firstName' successfully

2024-03-08 01:12:53 - [TEST_STEP][PASSED] - switch (Paymenttype): null

2024-03-08 01:12:53 - [TEST_STEP][PASSED] - case "New Tax Return Amount Due":: null

2024-03-08 01:12:53 - [TEST_STEP][PASSED] - if (Taxtype.equalsIgnoreCase("Estate Tax")): Text 'Anderson' is set on object 'Object Repository/RAD_Pages/Taxpayer_Page/input_lastName'

2024-03-08 01:12:53 - [TEST_STEP][PASSED] - setText(findTestObject(orPath_TaxPayer + "/input_NewTax_DecedentSSN"), "1111111111"): Text '1111111111' is set on object 'Object Repository/RAD_Pages/Taxpayer_Page/input_NewTax_DecedentSSN'

2024-03-08 01:12:54 - [MESSAGE][PASSED] - Text '1111111111' is set on object 'Object Repository/RAD_Pages/Taxpayer_Page/input_NewTax_DecedentSSN'

2024-03-08 01:12:54 - [TEST_STEP][PASSED] - setText(findTestObject(orPath_TaxPayer + "/input_NewTax_ReTypeDecedentSSN"), "222222222"): Text '222222222' is set on object 'Object Repository/RAD_Pages/Taxpayer_Page/input_NewTax_ReTypeDecedentSSN'

2024-03-08 01:12:54 - [MESSAGE][PASSED] - Text '222222222' is set on object 'Object Repository/RAD_Pages/Taxpayer_Page/input_NewTax_ReTypeDecedentSSN'

2024-03-08 01:12:54 - [TEST_STEP][PASSED] - setText(findTestObject(orPath_TaxPayer + "/input_lastName"), "Anderson"): Text 'Anderson' is set on object 'Object Repository/RAD_Pages/Taxpayer_Page/input_lastName'

2024-03-08 01:12:55 - [MESSAGE][PASSED] - Text 'Anderson' is set on object 'Object Repository/RAD_Pages/Taxpayer_Page/input_lastName'

2024-03-08 01:12:55 - [TEST_STEP][PASSED] - break: null

2024-03-08 01:12:55 - [TEST_STEP][PASSED] - delay(2): Delayed 2 second(s)

2024-03-08 01:12:57 - [MESSAGE][PASSED] - Delayed 2 second(s)

2024-03-08 01:12:57 - [TEST_STEP][PASSED] - switch (Taxtype): null

2024-03-08 01:12:57 - [TEST_STEP][PASSED] - case "Estate Tax":: null

2024-03-08 01:12:57 - [TEST_STEP][PASSED] - if (verifyTextPresent("The Decedent SSN and Re-type Decedent SSN do not match", true)): null

2024-03-08 01:12:58 - [MESSAGE][PASSED] - Text 'The Decedent SSN and Re-type Decedent SSN do not match' is present on page  using regular expression

2024-03-08 01:12:58 - [TEST_STEP][PASSED] - println("Taxpayer SSN Dont match text is present"): null

2024-03-08 01:12:58 - [TEST_STEP][PASSED] - out.println("Pass Record Number: " + row): null

2024-03-08 01:12:58 - [TEST_STEP][PASSED] - resText = "Pass": null

2024-03-08 01:12:58 - [TEST_STEP][PASSED] - pages.WriteExcel.demoKey(resText, datText, resColumn, datCloumn, fileLoc, nameSheet, row): pages.WriteExcel.demoKey is PASSED

2024-03-08 01:12:58 - [MESSAGE][PASSED] - pages.WriteExcel.demoKey is PASSED

2024-03-08 01:12:58 - [TEST_STEP][PASSED] - break: null]]></system-out>
         <system-err><![CDATA[]]></system-err>
      </testcase>
      <testcase name="Test Cases/RAD_TestCases/Negative_TestCases/SSNmoreThan9Error" time="174.686" classname="Test Cases/RAD_TestCases/Negative_TestCases/SSNmoreThan9Error" status="PASSED">
         <system-out><![CDATA[2024-03-08 01:12:58 - [TEST_CASE][PASSED] - Test Cases/RAD_TestCases/Negative_TestCases/SSNmoreThan9Error: Test Cases/RAD_TestCases/Negative_TestCases/SSNmoreThan9Error

2024-03-08 01:12:58 - [TEST_STEP][PASSED] - resText = "Fail": null

2024-03-08 01:12:58 - [TEST_STEP][PASSED] - resColumn = "Result": null

2024-03-08 01:12:58 - [TEST_STEP][PASSED] - datCloumn = "Date": null

2024-03-08 01:12:58 - [TEST_STEP][PASSED] - fileLoc = "KatalonData/RADTestData/SSNmoreThan9Error.xlsx": null

2024-03-08 01:12:58 - [TEST_STEP][PASSED] - nameSheet = "Sheet1": null

2024-03-08 01:12:58 - [TEST_STEP][PASSED] - dataFile = "RADTestData/SSNmoreThan9Error": null

2024-03-08 01:12:58 - [TEST_STEP][PASSED] - ExecuteTC = <not implemented yet for class: org.codehaus.groovy.ast.expr.EmptyExpression>: null

2024-03-08 01:12:58 - [TEST_STEP][PASSED] - Taxtype = <not implemented yet for class: org.codehaus.groovy.ast.expr.EmptyExpression>: null

2024-03-08 01:12:58 - [TEST_STEP][PASSED] - numOfRows = findTestData(dataFile).getRowNumbers(): null

2024-03-08 01:12:58 - [TEST_STEP][PASSED] - println("Number of Records: " + numOfRows): null

2024-03-08 01:12:58 - [TEST_STEP][PASSED] - for ([row = 1, row <= numOfRows, (row++)]): null

2024-03-08 01:12:58 - [TEST_STEP][PASSED] - ExecuteTC = findTestData(dataFile).getValue("Execute", row): null

2024-03-08 01:12:58 - [TEST_STEP][PASSED] - Taxtype = findTestData(dataFile).getValue("TaxType", row): null

2024-03-08 01:12:58 - [TEST_STEP][PASSED] - Paymenttype = findTestData(dataFile).getValue("PaymentType", row): null

2024-03-08 01:12:58 - [TEST_STEP][PASSED] - out.println("Value of Execute is : " + ExecuteTC): null

2024-03-08 01:12:58 - [TEST_STEP][PASSED] - if (ExecuteTC.equalsIgnoreCase("Y")): null

2024-03-08 01:12:58 - [TEST_STEP][PASSED] - out.println("Begin Record Number: " + row): null

2024-03-08 01:12:58 - [TEST_STEP][PASSED] - today = new java.util.Date(): null

2024-03-08 01:12:58 - [TEST_STEP][PASSED] - println(today): null

2024-03-08 01:12:58 - [TEST_STEP][PASSED] - datText = today: null

2024-03-08 01:12:58 - [TEST_STEP][PASSED] - Taxtype = findTestData(dataFile).getValue("TaxType", row): null

2024-03-08 01:12:58 - [TEST_STEP][PASSED] - out.println("Taxtype value is : " + Taxtype): null

2024-03-08 01:12:58 - [TEST_STEP][PASSED] - openBrowser(""): Browser is opened with url: ''

2024-03-08 01:12:58 - [MESSAGE][WARNING] - A browser is already opened. Closing browser and opening a new one

2024-03-08 01:13:24 - [MESSAGE][INFO] - Starting 'Chrome' driver

2024-03-08 01:13:24 - [MESSAGE][INFO] - User set preference: ['acceptInsecureCerts', 'true']

2024-03-08 01:13:24 - [MESSAGE][INFO] - Action delay is set to 0 milliseconds

2024-03-08 01:13:26 - [MESSAGE][PASSED] - Browser is opened with url: ''

2024-03-08 01:13:26 - [TEST_STEP][PASSED] - maximizeWindow(): Current window maximized

2024-03-08 01:13:26 - [MESSAGE][PASSED] - Current window maximized

2024-03-08 01:13:26 - [TEST_STEP][PASSED] - navigateToUrl(RADurl): Navigate to 'https://qa2.velocitypayment.com/client/rad/index.html' successfully

2024-03-08 01:13:28 - [MESSAGE][PASSED] - Navigate to 'https://qa2.velocitypayment.com/client/rad/index.html' successfully

2024-03-08 01:13:28 - [TEST_STEP][PASSED] - orPath_Landing = "Object Repository/RAD_Pages/Landing_Page": null

2024-03-08 01:13:28 - [TEST_STEP][PASSED] - orPath_TaxTypeFilingYear = "Object Repository/RAD_Pages/TaxTypeFilingYear_Page": null

2024-03-08 01:13:28 - [TEST_STEP][PASSED] - orPath_TaxPayer = "Object Repository/RAD_Pages/Taxpayer_Page": null

2024-03-08 01:13:28 - [TEST_STEP][PASSED] - orPath_AddressContact = "Object Repository/RAD_Pages/AddressAndContactInfo_Page": null

2024-03-08 01:13:28 - [TEST_STEP][PASSED] - orPath_FilingStatus = "Object Repository/RAD_Pages/FilingStatus_Page": null

2024-03-08 01:13:28 - [TEST_STEP][PASSED] - orPath_Amount = "Object Repository/RAD_Pages/PaymentAmount_Page": null

2024-03-08 01:13:28 - [TEST_STEP][PASSED] - orPath_TaxInfo = "Object Repository/RAD_Pages/TaxInfo_Page": null

2024-03-08 01:13:28 - [TEST_STEP][PASSED] - selectOptionByLabel(findTestObject(orPath_Landing + "/dd_TaxType"), Paymenttype, false): All options with label 'Existing Liability w/Notice Number' are selected in object 'Object Repository/RAD_Pages/Landing_Page/dd_TaxType' 

2024-03-08 01:13:28 - [MESSAGE][PASSED] - All options with label 'Existing Liability w/Notice Number' are selected in object 'Object Repository/RAD_Pages/Landing_Page/dd_TaxType' 

2024-03-08 01:13:28 - [TEST_STEP][PASSED] - delay(1): Delayed 1 second(s)

2024-03-08 01:13:29 - [MESSAGE][PASSED] - Delayed 1 second(s)

2024-03-08 01:13:29 - [TEST_STEP][PASSED] - switch (Paymenttype): null

2024-03-08 01:13:29 - [TEST_STEP][PASSED] - case "Existing Liability w/Notice Number":: null

2024-03-08 01:13:29 - [TEST_STEP][PASSED] - selectOptionByLabel(findTestObject(orPath_TaxTypeFilingYear + "/select_TaxType_ExistingLiability"), Taxtype, false): All options with label 'Personal Income Tax' are selected in object 'Object Repository/RAD_Pages/TaxTypeFilingYear_Page/select_TaxType_ExistingLiability' 

2024-03-08 01:13:30 - [MESSAGE][PASSED] - All options with label 'Personal Income Tax' are selected in object 'Object Repository/RAD_Pages/TaxTypeFilingYear_Page/select_TaxType_ExistingLiability' 

2024-03-08 01:13:30 - [TEST_STEP][PASSED] - break: null

2024-03-08 01:13:30 - [TEST_STEP][PASSED] - delay(1): Delayed 1 second(s)

2024-03-08 01:13:31 - [MESSAGE][PASSED] - Delayed 1 second(s)

2024-03-08 01:13:31 - [TEST_STEP][PASSED] - scrollToElement(findTestObject(orPath_TaxPayer + "/input_firstName"), 3): Scroll to object 'Object Repository/RAD_Pages/Taxpayer_Page/input_firstName' successfully

2024-03-08 01:13:31 - [MESSAGE][PASSED] - Scroll to object 'Object Repository/RAD_Pages/Taxpayer_Page/input_firstName' successfully

2024-03-08 01:13:31 - [TEST_STEP][PASSED] - switch (Paymenttype): null

2024-03-08 01:13:31 - [TEST_STEP][PASSED] - case "Existing Liability w/Notice Number":: null

2024-03-08 01:13:31 - [TEST_STEP][PASSED] - if (Taxtype.equalsIgnoreCase("Estate Tax")): null

2024-03-08 01:13:31 - [TEST_STEP][PASSED] - else: Text '' is set on object 'Object Repository/RAD_Pages/TaxInfo_Page/input_Existing_RetypeSSN'

2024-03-08 01:13:31 - [TEST_STEP][PASSED] - setText(findTestObject(orPath_TaxInfo + "/input_Existing_SSN"), "1111111111"): Text '1111111111' is set on object 'Object Repository/RAD_Pages/TaxInfo_Page/input_Existing_SSN'

2024-03-08 01:13:32 - [MESSAGE][PASSED] - Text '1111111111' is set on object 'Object Repository/RAD_Pages/TaxInfo_Page/input_Existing_SSN'

2024-03-08 01:13:32 - [TEST_STEP][PASSED] - setText(findTestObject(orPath_TaxInfo + "/input_Existing_RetypeSSN"), ""): Text '' is set on object 'Object Repository/RAD_Pages/TaxInfo_Page/input_Existing_RetypeSSN'

2024-03-08 01:13:33 - [MESSAGE][PASSED] - Text '' is set on object 'Object Repository/RAD_Pages/TaxInfo_Page/input_Existing_RetypeSSN'

2024-03-08 01:13:33 - [TEST_STEP][PASSED] - break: null

2024-03-08 01:13:33 - [TEST_STEP][PASSED] - delay(2): Delayed 2 second(s)

2024-03-08 01:13:35 - [MESSAGE][PASSED] - Delayed 2 second(s)

2024-03-08 01:13:35 - [TEST_STEP][PASSED] - switch (Taxtype): null

2024-03-08 01:13:35 - [TEST_STEP][PASSED] - Default: null

2024-03-08 01:13:35 - [TEST_STEP][PASSED] - if (verifyTextPresent("Please enter a valid SSN with 9 digits", true)): null

2024-03-08 01:13:35 - [MESSAGE][PASSED] - Text 'Please enter a valid SSN with 9 digits' is present on page  using regular expression

2024-03-08 01:13:35 - [TEST_STEP][PASSED] - println("Please enter a valid SSN with 9 digits"): null

2024-03-08 01:13:35 - [TEST_STEP][PASSED] - out.println("Pass Record Number: " + row): null

2024-03-08 01:13:35 - [TEST_STEP][PASSED] - resText = "Pass": null

2024-03-08 01:13:35 - [TEST_STEP][PASSED] - pages.WriteExcel.demoKey(resText, datText, resColumn, datCloumn, fileLoc, nameSheet, row): pages.WriteExcel.demoKey is PASSED

2024-03-08 01:13:35 - [MESSAGE][PASSED] - pages.WriteExcel.demoKey is PASSED

2024-03-08 01:13:35 - [TEST_STEP][PASSED] - break: null

2024-03-08 01:13:35 - [TEST_STEP][PASSED] - ExecuteTC = findTestData(dataFile).getValue("Execute", row): null

2024-03-08 01:13:35 - [TEST_STEP][PASSED] - Taxtype = findTestData(dataFile).getValue("TaxType", row): null

2024-03-08 01:13:35 - [TEST_STEP][PASSED] - Paymenttype = findTestData(dataFile).getValue("PaymentType", row): null

2024-03-08 01:13:35 - [TEST_STEP][PASSED] - out.println("Value of Execute is : " + ExecuteTC): null

2024-03-08 01:13:35 - [TEST_STEP][PASSED] - if (ExecuteTC.equalsIgnoreCase("Y")): null

2024-03-08 01:13:35 - [TEST_STEP][PASSED] - out.println("Begin Record Number: " + row): null

2024-03-08 01:13:35 - [TEST_STEP][PASSED] - today = new java.util.Date(): null

2024-03-08 01:13:35 - [TEST_STEP][PASSED] - println(today): null

2024-03-08 01:13:35 - [TEST_STEP][PASSED] - datText = today: null

2024-03-08 01:13:35 - [TEST_STEP][PASSED] - Taxtype = findTestData(dataFile).getValue("TaxType", row): null

2024-03-08 01:13:35 - [TEST_STEP][PASSED] - out.println("Taxtype value is : " + Taxtype): null

2024-03-08 01:13:35 - [TEST_STEP][PASSED] - openBrowser(""): Browser is opened with url: ''

2024-03-08 01:13:35 - [MESSAGE][WARNING] - A browser is already opened. Closing browser and opening a new one

2024-03-08 01:13:46 - [MESSAGE][INFO] - Starting 'Chrome' driver

2024-03-08 01:13:46 - [MESSAGE][INFO] - User set preference: ['acceptInsecureCerts', 'true']

2024-03-08 01:13:46 - [MESSAGE][INFO] - Action delay is set to 0 milliseconds

2024-03-08 01:13:48 - [MESSAGE][PASSED] - Browser is opened with url: ''

2024-03-08 01:13:48 - [TEST_STEP][PASSED] - maximizeWindow(): Current window maximized

2024-03-08 01:13:48 - [MESSAGE][PASSED] - Current window maximized

2024-03-08 01:13:48 - [TEST_STEP][PASSED] - navigateToUrl(RADurl): Navigate to 'https://qa2.velocitypayment.com/client/rad/index.html' successfully

2024-03-08 01:13:55 - [MESSAGE][PASSED] - Navigate to 'https://qa2.velocitypayment.com/client/rad/index.html' successfully

2024-03-08 01:13:55 - [TEST_STEP][PASSED] - orPath_Landing = "Object Repository/RAD_Pages/Landing_Page": null

2024-03-08 01:13:55 - [TEST_STEP][PASSED] - orPath_TaxTypeFilingYear = "Object Repository/RAD_Pages/TaxTypeFilingYear_Page": null

2024-03-08 01:13:55 - [TEST_STEP][PASSED] - orPath_TaxPayer = "Object Repository/RAD_Pages/Taxpayer_Page": null

2024-03-08 01:13:55 - [TEST_STEP][PASSED] - orPath_AddressContact = "Object Repository/RAD_Pages/AddressAndContactInfo_Page": null

2024-03-08 01:13:55 - [TEST_STEP][PASSED] - orPath_FilingStatus = "Object Repository/RAD_Pages/FilingStatus_Page": null

2024-03-08 01:13:55 - [TEST_STEP][PASSED] - orPath_Amount = "Object Repository/RAD_Pages/PaymentAmount_Page": null

2024-03-08 01:13:55 - [TEST_STEP][PASSED] - orPath_TaxInfo = "Object Repository/RAD_Pages/TaxInfo_Page": null

2024-03-08 01:13:55 - [TEST_STEP][PASSED] - selectOptionByLabel(findTestObject(orPath_Landing + "/dd_TaxType"), Paymenttype, false): All options with label 'Quarterly Estimated Tax' are selected in object 'Object Repository/RAD_Pages/Landing_Page/dd_TaxType' 

2024-03-08 01:13:56 - [MESSAGE][PASSED] - All options with label 'Quarterly Estimated Tax' are selected in object 'Object Repository/RAD_Pages/Landing_Page/dd_TaxType' 

2024-03-08 01:13:56 - [TEST_STEP][PASSED] - delay(1): Delayed 1 second(s)

2024-03-08 01:13:57 - [MESSAGE][PASSED] - Delayed 1 second(s)

2024-03-08 01:13:57 - [TEST_STEP][PASSED] - switch (Paymenttype): null

2024-03-08 01:13:57 - [TEST_STEP][PASSED] - case "Quarterly Estimated Tax":: null

2024-03-08 01:13:57 - [TEST_STEP][PASSED] - selectOptionByLabel(findTestObject(orPath_TaxTypeFilingYear + "/select_PaymentType"), Taxtype, false): All options with label 'Personal Income Tax' are selected in object 'Object Repository/RAD_Pages/TaxTypeFilingYear_Page/select_PaymentType' 

2024-03-08 01:13:57 - [MESSAGE][PASSED] - All options with label 'Personal Income Tax' are selected in object 'Object Repository/RAD_Pages/TaxTypeFilingYear_Page/select_PaymentType' 

2024-03-08 01:13:57 - [TEST_STEP][PASSED] - break: null

2024-03-08 01:13:57 - [TEST_STEP][PASSED] - delay(1): Delayed 1 second(s)

2024-03-08 01:13:58 - [MESSAGE][PASSED] - Delayed 1 second(s)

2024-03-08 01:13:58 - [TEST_STEP][PASSED] - scrollToElement(findTestObject(orPath_TaxPayer + "/input_firstName"), 3): Scroll to object 'Object Repository/RAD_Pages/Taxpayer_Page/input_firstName' successfully

2024-03-08 01:13:59 - [MESSAGE][PASSED] - Scroll to object 'Object Repository/RAD_Pages/Taxpayer_Page/input_firstName' successfully

2024-03-08 01:13:59 - [TEST_STEP][PASSED] - switch (Paymenttype): null

2024-03-08 01:13:59 - [TEST_STEP][PASSED] - case "Quarterly Estimated Tax":: null

2024-03-08 01:13:59 - [TEST_STEP][PASSED] - setText(findTestObject("RAD_RecordAndPlay/input_concatSSN"), "1111111111"): Text '1111111111' is set on object 'Object Repository/RAD_RecordAndPlay/input_concatSSN'

2024-03-08 01:14:00 - [MESSAGE][PASSED] - Text '1111111111' is set on object 'Object Repository/RAD_RecordAndPlay/input_concatSSN'

2024-03-08 01:14:00 - [TEST_STEP][PASSED] - setText(findTestObject("RAD_RecordAndPlay/input_concatReSSN"), ""): Text '' is set on object 'Object Repository/RAD_RecordAndPlay/input_concatReSSN'

2024-03-08 01:14:00 - [MESSAGE][PASSED] - Text '' is set on object 'Object Repository/RAD_RecordAndPlay/input_concatReSSN'

2024-03-08 01:14:00 - [TEST_STEP][PASSED] - break: null

2024-03-08 01:14:00 - [TEST_STEP][PASSED] - delay(2): Delayed 2 second(s)

2024-03-08 01:14:02 - [MESSAGE][PASSED] - Delayed 2 second(s)

2024-03-08 01:14:02 - [TEST_STEP][PASSED] - switch (Taxtype): null

2024-03-08 01:14:02 - [TEST_STEP][PASSED] - Default: null

2024-03-08 01:14:02 - [TEST_STEP][PASSED] - if (verifyTextPresent("Please enter a valid SSN with 9 digits", true)): null

2024-03-08 01:14:03 - [MESSAGE][PASSED] - Text 'Please enter a valid SSN with 9 digits' is present on page  using regular expression

2024-03-08 01:14:03 - [TEST_STEP][PASSED] - println("Please enter a valid SSN with 9 digits"): null

2024-03-08 01:14:03 - [TEST_STEP][PASSED] - out.println("Pass Record Number: " + row): null

2024-03-08 01:14:03 - [TEST_STEP][PASSED] - resText = "Pass": null

2024-03-08 01:14:03 - [TEST_STEP][PASSED] - pages.WriteExcel.demoKey(resText, datText, resColumn, datCloumn, fileLoc, nameSheet, row): pages.WriteExcel.demoKey is PASSED

2024-03-08 01:14:03 - [MESSAGE][PASSED] - pages.WriteExcel.demoKey is PASSED

2024-03-08 01:14:03 - [TEST_STEP][PASSED] - break: null

2024-03-08 01:14:03 - [TEST_STEP][PASSED] - ExecuteTC = findTestData(dataFile).getValue("Execute", row): null

2024-03-08 01:14:03 - [TEST_STEP][PASSED] - Taxtype = findTestData(dataFile).getValue("TaxType", row): null

2024-03-08 01:14:03 - [TEST_STEP][PASSED] - Paymenttype = findTestData(dataFile).getValue("PaymentType", row): null

2024-03-08 01:14:03 - [TEST_STEP][PASSED] - out.println("Value of Execute is : " + ExecuteTC): null

2024-03-08 01:14:03 - [TEST_STEP][PASSED] - if (ExecuteTC.equalsIgnoreCase("Y")): null

2024-03-08 01:14:03 - [TEST_STEP][PASSED] - ExecuteTC = findTestData(dataFile).getValue("Execute", row): null

2024-03-08 01:14:03 - [TEST_STEP][PASSED] - Taxtype = findTestData(dataFile).getValue("TaxType", row): null

2024-03-08 01:14:03 - [TEST_STEP][PASSED] - Paymenttype = findTestData(dataFile).getValue("PaymentType", row): null

2024-03-08 01:14:03 - [TEST_STEP][PASSED] - out.println("Value of Execute is : " + ExecuteTC): null

2024-03-08 01:14:03 - [TEST_STEP][PASSED] - if (ExecuteTC.equalsIgnoreCase("Y")): null

2024-03-08 01:14:03 - [TEST_STEP][PASSED] - out.println("Begin Record Number: " + row): null

2024-03-08 01:14:03 - [TEST_STEP][PASSED] - today = new java.util.Date(): null

2024-03-08 01:14:03 - [TEST_STEP][PASSED] - println(today): null

2024-03-08 01:14:03 - [TEST_STEP][PASSED] - datText = today: null

2024-03-08 01:14:03 - [TEST_STEP][PASSED] - Taxtype = findTestData(dataFile).getValue("TaxType", row): null

2024-03-08 01:14:03 - [TEST_STEP][PASSED] - out.println("Taxtype value is : " + Taxtype): null

2024-03-08 01:14:03 - [TEST_STEP][PASSED] - openBrowser(""): Browser is opened with url: ''

2024-03-08 01:14:03 - [MESSAGE][WARNING] - A browser is already opened. Closing browser and opening a new one

2024-03-08 01:14:24 - [MESSAGE][INFO] - Starting 'Chrome' driver

2024-03-08 01:14:24 - [MESSAGE][INFO] - User set preference: ['acceptInsecureCerts', 'true']

2024-03-08 01:14:24 - [MESSAGE][INFO] - Action delay is set to 0 milliseconds

2024-03-08 01:14:25 - [MESSAGE][PASSED] - Browser is opened with url: ''

2024-03-08 01:14:25 - [TEST_STEP][PASSED] - maximizeWindow(): Current window maximized

2024-03-08 01:14:25 - [MESSAGE][PASSED] - Current window maximized

2024-03-08 01:14:25 - [TEST_STEP][PASSED] - navigateToUrl(RADurl): Navigate to 'https://qa2.velocitypayment.com/client/rad/index.html' successfully

2024-03-08 01:14:32 - [MESSAGE][PASSED] - Navigate to 'https://qa2.velocitypayment.com/client/rad/index.html' successfully

2024-03-08 01:14:32 - [TEST_STEP][PASSED] - orPath_Landing = "Object Repository/RAD_Pages/Landing_Page": null

2024-03-08 01:14:32 - [TEST_STEP][PASSED] - orPath_TaxTypeFilingYear = "Object Repository/RAD_Pages/TaxTypeFilingYear_Page": null

2024-03-08 01:14:32 - [TEST_STEP][PASSED] - orPath_TaxPayer = "Object Repository/RAD_Pages/Taxpayer_Page": null

2024-03-08 01:14:32 - [TEST_STEP][PASSED] - orPath_AddressContact = "Object Repository/RAD_Pages/AddressAndContactInfo_Page": null

2024-03-08 01:14:32 - [TEST_STEP][PASSED] - orPath_FilingStatus = "Object Repository/RAD_Pages/FilingStatus_Page": null

2024-03-08 01:14:32 - [TEST_STEP][PASSED] - orPath_Amount = "Object Repository/RAD_Pages/PaymentAmount_Page": null

2024-03-08 01:14:32 - [TEST_STEP][PASSED] - orPath_TaxInfo = "Object Repository/RAD_Pages/TaxInfo_Page": null

2024-03-08 01:14:32 - [TEST_STEP][PASSED] - selectOptionByLabel(findTestObject(orPath_Landing + "/dd_TaxType"), Paymenttype, false): All options with label 'New Tax Return Amount Due' are selected in object 'Object Repository/RAD_Pages/Landing_Page/dd_TaxType' 

2024-03-08 01:14:33 - [MESSAGE][PASSED] - All options with label 'New Tax Return Amount Due' are selected in object 'Object Repository/RAD_Pages/Landing_Page/dd_TaxType' 

2024-03-08 01:14:33 - [TEST_STEP][PASSED] - delay(1): Delayed 1 second(s)

2024-03-08 01:14:34 - [MESSAGE][PASSED] - Delayed 1 second(s)

2024-03-08 01:14:34 - [TEST_STEP][PASSED] - switch (Paymenttype): null

2024-03-08 01:14:34 - [TEST_STEP][PASSED] - case "New Tax Return Amount Due":: null

2024-03-08 01:14:34 - [TEST_STEP][PASSED] - selectOptionByLabel(findTestObject("Object Repository/RAD_Pages/Landing_Page/select_NewTaxReturnAmountDue_TaxType"), Taxtype, false): All options with label 'Personal Income Tax' are selected in object 'Object Repository/RAD_Pages/Landing_Page/select_NewTaxReturnAmountDue_TaxType' 

2024-03-08 01:14:34 - [MESSAGE][PASSED] - All options with label 'Personal Income Tax' are selected in object 'Object Repository/RAD_Pages/Landing_Page/select_NewTaxReturnAmountDue_TaxType' 

2024-03-08 01:14:34 - [TEST_STEP][PASSED] - break: null

2024-03-08 01:14:34 - [TEST_STEP][PASSED] - delay(1): Delayed 1 second(s)

2024-03-08 01:14:35 - [MESSAGE][PASSED] - Delayed 1 second(s)

2024-03-08 01:14:35 - [TEST_STEP][PASSED] - scrollToElement(findTestObject(orPath_TaxPayer + "/input_firstName"), 3): Scroll to object 'Object Repository/RAD_Pages/Taxpayer_Page/input_firstName' successfully

2024-03-08 01:14:36 - [MESSAGE][PASSED] - Scroll to object 'Object Repository/RAD_Pages/Taxpayer_Page/input_firstName' successfully

2024-03-08 01:14:36 - [TEST_STEP][PASSED] - switch (Paymenttype): null

2024-03-08 01:14:36 - [TEST_STEP][PASSED] - case "New Tax Return Amount Due":: null

2024-03-08 01:14:36 - [TEST_STEP][PASSED] - if (Taxtype.equalsIgnoreCase("Estate Tax")): null

2024-03-08 01:14:36 - [TEST_STEP][PASSED] - else: Text '' is set on object 'Object Repository/RAD_RecordAndPlay/input_concatReSSN'

2024-03-08 01:14:36 - [TEST_STEP][PASSED] - setText(findTestObject("RAD_RecordAndPlay/input_concatSSN"), "1111111111"): Text '1111111111' is set on object 'Object Repository/RAD_RecordAndPlay/input_concatSSN'

2024-03-08 01:14:36 - [MESSAGE][PASSED] - Text '1111111111' is set on object 'Object Repository/RAD_RecordAndPlay/input_concatSSN'

2024-03-08 01:14:36 - [TEST_STEP][PASSED] - setText(findTestObject("RAD_RecordAndPlay/input_concatReSSN"), ""): Text '' is set on object 'Object Repository/RAD_RecordAndPlay/input_concatReSSN'

2024-03-08 01:14:37 - [MESSAGE][PASSED] - Text '' is set on object 'Object Repository/RAD_RecordAndPlay/input_concatReSSN'

2024-03-08 01:14:37 - [TEST_STEP][PASSED] - break: null

2024-03-08 01:14:37 - [TEST_STEP][PASSED] - delay(2): Delayed 2 second(s)

2024-03-08 01:14:39 - [MESSAGE][PASSED] - Delayed 2 second(s)

2024-03-08 01:14:39 - [TEST_STEP][PASSED] - switch (Taxtype): null

2024-03-08 01:14:39 - [TEST_STEP][PASSED] - Default: null

2024-03-08 01:14:39 - [TEST_STEP][PASSED] - if (verifyTextPresent("Please enter a valid SSN with 9 digits", true)): null

2024-03-08 01:14:39 - [MESSAGE][PASSED] - Text 'Please enter a valid SSN with 9 digits' is present on page  using regular expression

2024-03-08 01:14:39 - [TEST_STEP][PASSED] - println("Please enter a valid SSN with 9 digits"): null

2024-03-08 01:14:39 - [TEST_STEP][PASSED] - out.println("Pass Record Number: " + row): null

2024-03-08 01:14:39 - [TEST_STEP][PASSED] - resText = "Pass": null

2024-03-08 01:14:39 - [TEST_STEP][PASSED] - pages.WriteExcel.demoKey(resText, datText, resColumn, datCloumn, fileLoc, nameSheet, row): pages.WriteExcel.demoKey is PASSED

2024-03-08 01:14:39 - [MESSAGE][PASSED] - pages.WriteExcel.demoKey is PASSED

2024-03-08 01:14:39 - [TEST_STEP][PASSED] - break: null

2024-03-08 01:14:39 - [TEST_STEP][PASSED] - ExecuteTC = findTestData(dataFile).getValue("Execute", row): null

2024-03-08 01:14:39 - [TEST_STEP][PASSED] - Taxtype = findTestData(dataFile).getValue("TaxType", row): null

2024-03-08 01:14:39 - [TEST_STEP][PASSED] - Paymenttype = findTestData(dataFile).getValue("PaymentType", row): null

2024-03-08 01:14:39 - [TEST_STEP][PASSED] - out.println("Value of Execute is : " + ExecuteTC): null

2024-03-08 01:14:39 - [TEST_STEP][PASSED] - if (ExecuteTC.equalsIgnoreCase("Y")): null

2024-03-08 01:14:39 - [TEST_STEP][PASSED] - out.println("Begin Record Number: " + row): null

2024-03-08 01:14:39 - [TEST_STEP][PASSED] - today = new java.util.Date(): null

2024-03-08 01:14:39 - [TEST_STEP][PASSED] - println(today): null

2024-03-08 01:14:39 - [TEST_STEP][PASSED] - datText = today: null

2024-03-08 01:14:39 - [TEST_STEP][PASSED] - Taxtype = findTestData(dataFile).getValue("TaxType", row): null

2024-03-08 01:14:39 - [TEST_STEP][PASSED] - out.println("Taxtype value is : " + Taxtype): null

2024-03-08 01:14:39 - [TEST_STEP][PASSED] - openBrowser(""): Browser is opened with url: ''

2024-03-08 01:14:39 - [MESSAGE][WARNING] - A browser is already opened. Closing browser and opening a new one

2024-03-08 01:15:04 - [MESSAGE][INFO] - Starting 'Chrome' driver

2024-03-08 01:15:04 - [MESSAGE][INFO] - User set preference: ['acceptInsecureCerts', 'true']

2024-03-08 01:15:04 - [MESSAGE][INFO] - Action delay is set to 0 milliseconds

2024-03-08 01:15:06 - [MESSAGE][PASSED] - Browser is opened with url: ''

2024-03-08 01:15:06 - [TEST_STEP][PASSED] - maximizeWindow(): Current window maximized

2024-03-08 01:15:06 - [MESSAGE][PASSED] - Current window maximized

2024-03-08 01:15:06 - [TEST_STEP][PASSED] - navigateToUrl(RADurl): Navigate to 'https://qa2.velocitypayment.com/client/rad/index.html' successfully

2024-03-08 01:15:07 - [MESSAGE][PASSED] - Navigate to 'https://qa2.velocitypayment.com/client/rad/index.html' successfully

2024-03-08 01:15:07 - [TEST_STEP][PASSED] - orPath_Landing = "Object Repository/RAD_Pages/Landing_Page": null

2024-03-08 01:15:07 - [TEST_STEP][PASSED] - orPath_TaxTypeFilingYear = "Object Repository/RAD_Pages/TaxTypeFilingYear_Page": null

2024-03-08 01:15:07 - [TEST_STEP][PASSED] - orPath_TaxPayer = "Object Repository/RAD_Pages/Taxpayer_Page": null

2024-03-08 01:15:07 - [TEST_STEP][PASSED] - orPath_AddressContact = "Object Repository/RAD_Pages/AddressAndContactInfo_Page": null

2024-03-08 01:15:07 - [TEST_STEP][PASSED] - orPath_FilingStatus = "Object Repository/RAD_Pages/FilingStatus_Page": null

2024-03-08 01:15:07 - [TEST_STEP][PASSED] - orPath_Amount = "Object Repository/RAD_Pages/PaymentAmount_Page": null

2024-03-08 01:15:07 - [TEST_STEP][PASSED] - orPath_TaxInfo = "Object Repository/RAD_Pages/TaxInfo_Page": null

2024-03-08 01:15:07 - [TEST_STEP][PASSED] - selectOptionByLabel(findTestObject(orPath_Landing + "/dd_TaxType"), Paymenttype, false): All options with label 'Existing Liability w/Notice Number' are selected in object 'Object Repository/RAD_Pages/Landing_Page/dd_TaxType' 

2024-03-08 01:15:08 - [MESSAGE][PASSED] - All options with label 'Existing Liability w/Notice Number' are selected in object 'Object Repository/RAD_Pages/Landing_Page/dd_TaxType' 

2024-03-08 01:15:08 - [TEST_STEP][PASSED] - delay(1): Delayed 1 second(s)

2024-03-08 01:15:09 - [MESSAGE][PASSED] - Delayed 1 second(s)

2024-03-08 01:15:09 - [TEST_STEP][PASSED] - switch (Paymenttype): null

2024-03-08 01:15:09 - [TEST_STEP][PASSED] - case "Existing Liability w/Notice Number":: null

2024-03-08 01:15:09 - [TEST_STEP][PASSED] - selectOptionByLabel(findTestObject(orPath_TaxTypeFilingYear + "/select_TaxType_ExistingLiability"), Taxtype, false): All options with label 'Estate Tax' are selected in object 'Object Repository/RAD_Pages/TaxTypeFilingYear_Page/select_TaxType_ExistingLiability' 

2024-03-08 01:15:10 - [MESSAGE][PASSED] - All options with label 'Estate Tax' are selected in object 'Object Repository/RAD_Pages/TaxTypeFilingYear_Page/select_TaxType_ExistingLiability' 

2024-03-08 01:15:10 - [TEST_STEP][PASSED] - break: null

2024-03-08 01:15:10 - [TEST_STEP][PASSED] - delay(1): Delayed 1 second(s)

2024-03-08 01:15:11 - [MESSAGE][PASSED] - Delayed 1 second(s)

2024-03-08 01:15:11 - [TEST_STEP][PASSED] - scrollToElement(findTestObject(orPath_TaxPayer + "/input_firstName"), 3): Scroll to object 'Object Repository/RAD_Pages/Taxpayer_Page/input_firstName' successfully

2024-03-08 01:15:11 - [MESSAGE][PASSED] - Scroll to object 'Object Repository/RAD_Pages/Taxpayer_Page/input_firstName' successfully

2024-03-08 01:15:11 - [TEST_STEP][PASSED] - switch (Paymenttype): null

2024-03-08 01:15:11 - [TEST_STEP][PASSED] - case "Existing Liability w/Notice Number":: null

2024-03-08 01:15:11 - [TEST_STEP][PASSED] - if (Taxtype.equalsIgnoreCase("Estate Tax")): Text '' is set on object 'Object Repository/RAD_Pages/TaxInfo_Page/input_ReTypeDecedentSSN'

2024-03-08 01:15:11 - [TEST_STEP][PASSED] - setText(findTestObject(orPath_TaxInfo + "/input_DecedentSSN"), "1111111111"): Text '1111111111' is set on object 'Object Repository/RAD_Pages/TaxInfo_Page/input_DecedentSSN'

2024-03-08 01:15:12 - [MESSAGE][PASSED] - Text '1111111111' is set on object 'Object Repository/RAD_Pages/TaxInfo_Page/input_DecedentSSN'

2024-03-08 01:15:12 - [TEST_STEP][PASSED] - setText(findTestObject(orPath_TaxInfo + "/input_ReTypeDecedentSSN"), ""): Text '' is set on object 'Object Repository/RAD_Pages/TaxInfo_Page/input_ReTypeDecedentSSN'

2024-03-08 01:15:12 - [MESSAGE][PASSED] - Text '' is set on object 'Object Repository/RAD_Pages/TaxInfo_Page/input_ReTypeDecedentSSN'

2024-03-08 01:15:12 - [TEST_STEP][PASSED] - break: null

2024-03-08 01:15:12 - [TEST_STEP][PASSED] - delay(2): Delayed 2 second(s)

2024-03-08 01:15:14 - [MESSAGE][PASSED] - Delayed 2 second(s)

2024-03-08 01:15:14 - [TEST_STEP][PASSED] - switch (Taxtype): null

2024-03-08 01:15:14 - [TEST_STEP][PASSED] - case "Estate Tax":: null

2024-03-08 01:15:14 - [TEST_STEP][PASSED] - if (verifyTextPresent("Please enter a valid Decedent SSN with 9 digits", true)): null

2024-03-08 01:15:15 - [MESSAGE][PASSED] - Text 'Please enter a valid Decedent SSN with 9 digits' is present on page  using regular expression

2024-03-08 01:15:15 - [TEST_STEP][PASSED] - println("Please enter a valid SSN with 9 digits"): null

2024-03-08 01:15:15 - [TEST_STEP][PASSED] - out.println("Pass Record Number: " + row): null

2024-03-08 01:15:15 - [TEST_STEP][PASSED] - resText = "Pass": null

2024-03-08 01:15:15 - [TEST_STEP][PASSED] - pages.WriteExcel.demoKey(resText, datText, resColumn, datCloumn, fileLoc, nameSheet, row): pages.WriteExcel.demoKey is PASSED

2024-03-08 01:15:15 - [MESSAGE][PASSED] - pages.WriteExcel.demoKey is PASSED

2024-03-08 01:15:15 - [TEST_STEP][PASSED] - break: null

2024-03-08 01:15:15 - [TEST_STEP][PASSED] - ExecuteTC = findTestData(dataFile).getValue("Execute", row): null

2024-03-08 01:15:15 - [TEST_STEP][PASSED] - Taxtype = findTestData(dataFile).getValue("TaxType", row): null

2024-03-08 01:15:15 - [TEST_STEP][PASSED] - Paymenttype = findTestData(dataFile).getValue("PaymentType", row): null

2024-03-08 01:15:15 - [TEST_STEP][PASSED] - out.println("Value of Execute is : " + ExecuteTC): null

2024-03-08 01:15:15 - [TEST_STEP][PASSED] - if (ExecuteTC.equalsIgnoreCase("Y")): null

2024-03-08 01:15:15 - [TEST_STEP][PASSED] - out.println("Begin Record Number: " + row): null

2024-03-08 01:15:15 - [TEST_STEP][PASSED] - today = new java.util.Date(): null

2024-03-08 01:15:15 - [TEST_STEP][PASSED] - println(today): null

2024-03-08 01:15:15 - [TEST_STEP][PASSED] - datText = today: null

2024-03-08 01:15:15 - [TEST_STEP][PASSED] - Taxtype = findTestData(dataFile).getValue("TaxType", row): null

2024-03-08 01:15:15 - [TEST_STEP][PASSED] - out.println("Taxtype value is : " + Taxtype): null

2024-03-08 01:15:15 - [TEST_STEP][PASSED] - openBrowser(""): Browser is opened with url: ''

2024-03-08 01:15:15 - [MESSAGE][WARNING] - A browser is already opened. Closing browser and opening a new one

2024-03-08 01:15:36 - [MESSAGE][INFO] - Starting 'Chrome' driver

2024-03-08 01:15:36 - [MESSAGE][INFO] - User set preference: ['acceptInsecureCerts', 'true']

2024-03-08 01:15:36 - [MESSAGE][INFO] - Action delay is set to 0 milliseconds

2024-03-08 01:15:38 - [MESSAGE][PASSED] - Browser is opened with url: ''

2024-03-08 01:15:38 - [TEST_STEP][PASSED] - maximizeWindow(): Current window maximized

2024-03-08 01:15:38 - [MESSAGE][PASSED] - Current window maximized

2024-03-08 01:15:38 - [TEST_STEP][PASSED] - navigateToUrl(RADurl): Navigate to 'https://qa2.velocitypayment.com/client/rad/index.html' successfully

2024-03-08 01:15:38 - [MESSAGE][PASSED] - Navigate to 'https://qa2.velocitypayment.com/client/rad/index.html' successfully

2024-03-08 01:15:38 - [TEST_STEP][PASSED] - orPath_Landing = "Object Repository/RAD_Pages/Landing_Page": null

2024-03-08 01:15:38 - [TEST_STEP][PASSED] - orPath_TaxTypeFilingYear = "Object Repository/RAD_Pages/TaxTypeFilingYear_Page": null

2024-03-08 01:15:38 - [TEST_STEP][PASSED] - orPath_TaxPayer = "Object Repository/RAD_Pages/Taxpayer_Page": null

2024-03-08 01:15:38 - [TEST_STEP][PASSED] - orPath_AddressContact = "Object Repository/RAD_Pages/AddressAndContactInfo_Page": null

2024-03-08 01:15:38 - [TEST_STEP][PASSED] - orPath_FilingStatus = "Object Repository/RAD_Pages/FilingStatus_Page": null

2024-03-08 01:15:38 - [TEST_STEP][PASSED] - orPath_Amount = "Object Repository/RAD_Pages/PaymentAmount_Page": null

2024-03-08 01:15:38 - [TEST_STEP][PASSED] - orPath_TaxInfo = "Object Repository/RAD_Pages/TaxInfo_Page": null

2024-03-08 01:15:38 - [TEST_STEP][PASSED] - selectOptionByLabel(findTestObject(orPath_Landing + "/dd_TaxType"), Paymenttype, false): All options with label 'New Tax Return Amount Due' are selected in object 'Object Repository/RAD_Pages/Landing_Page/dd_TaxType' 

2024-03-08 01:15:46 - [MESSAGE][PASSED] - All options with label 'New Tax Return Amount Due' are selected in object 'Object Repository/RAD_Pages/Landing_Page/dd_TaxType' 

2024-03-08 01:15:46 - [TEST_STEP][PASSED] - delay(1): Delayed 1 second(s)

2024-03-08 01:15:47 - [MESSAGE][PASSED] - Delayed 1 second(s)

2024-03-08 01:15:47 - [TEST_STEP][PASSED] - switch (Paymenttype): null

2024-03-08 01:15:47 - [TEST_STEP][PASSED] - case "New Tax Return Amount Due":: null

2024-03-08 01:15:47 - [TEST_STEP][PASSED] - selectOptionByLabel(findTestObject("Object Repository/RAD_Pages/Landing_Page/select_NewTaxReturnAmountDue_TaxType"), Taxtype, false): All options with label 'Estate Tax' are selected in object 'Object Repository/RAD_Pages/Landing_Page/select_NewTaxReturnAmountDue_TaxType' 

2024-03-08 01:15:47 - [MESSAGE][PASSED] - All options with label 'Estate Tax' are selected in object 'Object Repository/RAD_Pages/Landing_Page/select_NewTaxReturnAmountDue_TaxType' 

2024-03-08 01:15:47 - [TEST_STEP][PASSED] - break: null

2024-03-08 01:15:47 - [TEST_STEP][PASSED] - delay(1): Delayed 1 second(s)

2024-03-08 01:15:48 - [MESSAGE][PASSED] - Delayed 1 second(s)

2024-03-08 01:15:48 - [TEST_STEP][PASSED] - scrollToElement(findTestObject(orPath_TaxPayer + "/input_firstName"), 3): Scroll to object 'Object Repository/RAD_Pages/Taxpayer_Page/input_firstName' successfully

2024-03-08 01:15:49 - [MESSAGE][PASSED] - Scroll to object 'Object Repository/RAD_Pages/Taxpayer_Page/input_firstName' successfully

2024-03-08 01:15:49 - [TEST_STEP][PASSED] - switch (Paymenttype): null

2024-03-08 01:15:49 - [TEST_STEP][PASSED] - case "New Tax Return Amount Due":: null

2024-03-08 01:15:49 - [TEST_STEP][PASSED] - if (Taxtype.equalsIgnoreCase("Estate Tax")): Text '' is set on object 'Object Repository/RAD_Pages/Taxpayer_Page/input_NewTax_ReTypeDecedentSSN'

2024-03-08 01:15:49 - [TEST_STEP][PASSED] - setText(findTestObject(orPath_TaxPayer + "/input_NewTax_DecedentSSN"), "1111111111"): Text '1111111111' is set on object 'Object Repository/RAD_Pages/Taxpayer_Page/input_NewTax_DecedentSSN'

2024-03-08 01:15:49 - [MESSAGE][PASSED] - Text '1111111111' is set on object 'Object Repository/RAD_Pages/Taxpayer_Page/input_NewTax_DecedentSSN'

2024-03-08 01:15:49 - [TEST_STEP][PASSED] - setText(findTestObject(orPath_TaxPayer + "/input_NewTax_ReTypeDecedentSSN"), ""): Text '' is set on object 'Object Repository/RAD_Pages/Taxpayer_Page/input_NewTax_ReTypeDecedentSSN'

2024-03-08 01:15:50 - [MESSAGE][PASSED] - Text '' is set on object 'Object Repository/RAD_Pages/Taxpayer_Page/input_NewTax_ReTypeDecedentSSN'

2024-03-08 01:15:50 - [TEST_STEP][PASSED] - break: null

2024-03-08 01:15:50 - [TEST_STEP][PASSED] - delay(2): Delayed 2 second(s)

2024-03-08 01:15:52 - [MESSAGE][PASSED] - Delayed 2 second(s)

2024-03-08 01:15:52 - [TEST_STEP][PASSED] - switch (Taxtype): null

2024-03-08 01:15:52 - [TEST_STEP][PASSED] - case "Estate Tax":: null

2024-03-08 01:15:52 - [TEST_STEP][PASSED] - if (verifyTextPresent("Please enter a valid Decedent SSN with 9 digits", true)): null

2024-03-08 01:15:52 - [MESSAGE][PASSED] - Text 'Please enter a valid Decedent SSN with 9 digits' is present on page  using regular expression

2024-03-08 01:15:52 - [TEST_STEP][PASSED] - println("Please enter a valid SSN with 9 digits"): null

2024-03-08 01:15:52 - [TEST_STEP][PASSED] - out.println("Pass Record Number: " + row): null

2024-03-08 01:15:52 - [TEST_STEP][PASSED] - resText = "Pass": null

2024-03-08 01:15:52 - [TEST_STEP][PASSED] - pages.WriteExcel.demoKey(resText, datText, resColumn, datCloumn, fileLoc, nameSheet, row): pages.WriteExcel.demoKey is PASSED

2024-03-08 01:15:52 - [MESSAGE][PASSED] - pages.WriteExcel.demoKey is PASSED

2024-03-08 01:15:52 - [TEST_STEP][PASSED] - break: null]]></system-out>
         <system-err><![CDATA[]]></system-err>
      </testcase>
      <testcase name="Test Cases/RAD_TestCases/Negative_TestCases/JointFilerSSNnoMatch-NEW" time="64.313" classname="Test Cases/RAD_TestCases/Negative_TestCases/JointFilerSSNnoMatch-NEW" status="PASSED">
         <system-out><![CDATA[2024-03-08 01:15:52 - [TEST_CASE][PASSED] - Test Cases/RAD_TestCases/Negative_TestCases/JointFilerSSNnoMatch-NEW: Test Cases/RAD_TestCases/Negative_TestCases/JointFilerSSNnoMatch-NEW

2024-03-08 01:15:53 - [TEST_STEP][PASSED] - resText = "Fail": null

2024-03-08 01:15:53 - [TEST_STEP][PASSED] - resColumn = "Result": null

2024-03-08 01:15:53 - [TEST_STEP][PASSED] - datCloumn = "Date": null

2024-03-08 01:15:53 - [TEST_STEP][PASSED] - fileLoc = "KatalonData/RADTestData/JointFilerSSNnoMatch.xlsx": null

2024-03-08 01:15:53 - [TEST_STEP][PASSED] - nameSheet = "Sheet1": null

2024-03-08 01:15:53 - [TEST_STEP][PASSED] - dataFile = "RADTestData/JointFilerSSNnoMatch": null

2024-03-08 01:15:53 - [TEST_STEP][PASSED] - ExecuteTC = <not implemented yet for class: org.codehaus.groovy.ast.expr.EmptyExpression>: null

2024-03-08 01:15:53 - [TEST_STEP][PASSED] - Taxtype = <not implemented yet for class: org.codehaus.groovy.ast.expr.EmptyExpression>: null

2024-03-08 01:15:53 - [TEST_STEP][PASSED] - numOfRows = findTestData(dataFile).getRowNumbers(): null

2024-03-08 01:15:53 - [TEST_STEP][PASSED] - println("Number of Records: " + numOfRows): null

2024-03-08 01:15:53 - [TEST_STEP][PASSED] - for ([row = 1, row <= numOfRows, (row++)]): null

2024-03-08 01:15:53 - [TEST_STEP][PASSED] - ExecuteTC = findTestData(dataFile).getValue("Execute", row): null

2024-03-08 01:15:53 - [TEST_STEP][PASSED] - Taxtype = findTestData(dataFile).getValue("TaxType", row): null

2024-03-08 01:15:53 - [TEST_STEP][PASSED] - Paymenttype = findTestData(dataFile).getValue("PaymentType", row): null

2024-03-08 01:15:53 - [TEST_STEP][PASSED] - out.println("Value of Execute is : " + ExecuteTC): null

2024-03-08 01:15:53 - [TEST_STEP][PASSED] - if (ExecuteTC.equalsIgnoreCase("Y")): null

2024-03-08 01:15:53 - [TEST_STEP][PASSED] - out.println("Begin Record Number: " + row): null

2024-03-08 01:15:53 - [TEST_STEP][PASSED] - today = new java.util.Date(): null

2024-03-08 01:15:53 - [TEST_STEP][PASSED] - println(today): null

2024-03-08 01:15:53 - [TEST_STEP][PASSED] - datText = today: null

2024-03-08 01:15:53 - [TEST_STEP][PASSED] - Taxtype = findTestData(dataFile).getValue("TaxType", row): null

2024-03-08 01:15:53 - [TEST_STEP][PASSED] - out.println("Taxtype value is : " + Taxtype): null

2024-03-08 01:15:53 - [TEST_STEP][PASSED] - openBrowser(""): Browser is opened with url: ''

2024-03-08 01:15:53 - [MESSAGE][WARNING] - A browser is already opened. Closing browser and opening a new one

2024-03-08 01:16:05 - [MESSAGE][INFO] - Starting 'Chrome' driver

2024-03-08 01:16:05 - [MESSAGE][INFO] - User set preference: ['acceptInsecureCerts', 'true']

2024-03-08 01:16:05 - [MESSAGE][INFO] - Action delay is set to 0 milliseconds

2024-03-08 01:16:06 - [MESSAGE][PASSED] - Browser is opened with url: ''

2024-03-08 01:16:06 - [TEST_STEP][PASSED] - maximizeWindow(): Current window maximized

2024-03-08 01:16:06 - [MESSAGE][PASSED] - Current window maximized

2024-03-08 01:16:06 - [TEST_STEP][PASSED] - navigateToUrl(RADurl): Navigate to 'https://qa2.velocitypayment.com/client/rad/index.html' successfully

2024-03-08 01:16:13 - [MESSAGE][PASSED] - Navigate to 'https://qa2.velocitypayment.com/client/rad/index.html' successfully

2024-03-08 01:16:13 - [TEST_STEP][PASSED] - orPath_Landing = "Object Repository/RAD_Pages/Landing_Page": null

2024-03-08 01:16:13 - [TEST_STEP][PASSED] - orPath_TaxTypeFilingYear = "Object Repository/RAD_Pages/TaxTypeFilingYear_Page": null

2024-03-08 01:16:13 - [TEST_STEP][PASSED] - orPath_TaxPayer = "Object Repository/RAD_Pages/Taxpayer_Page": null

2024-03-08 01:16:13 - [TEST_STEP][PASSED] - orPath_AddressContact = "Object Repository/RAD_Pages/AddressAndContactInfo_Page": null

2024-03-08 01:16:13 - [TEST_STEP][PASSED] - orPath_FilingStatus = "Object Repository/RAD_Pages/FilingStatus_Page": null

2024-03-08 01:16:13 - [TEST_STEP][PASSED] - orPath_Amount = "Object Repository/RAD_Pages/PaymentAmount_Page": null

2024-03-08 01:16:13 - [TEST_STEP][PASSED] - orPath_TaxInfo = "Object Repository/RAD_Pages/TaxInfo_Page": null

2024-03-08 01:16:13 - [TEST_STEP][PASSED] - selectOptionByLabel(findTestObject(orPath_Landing + "/dd_TaxType"), Paymenttype, false): All options with label 'Quarterly Estimated Tax' are selected in object 'Object Repository/RAD_Pages/Landing_Page/dd_TaxType' 

2024-03-08 01:16:14 - [MESSAGE][PASSED] - All options with label 'Quarterly Estimated Tax' are selected in object 'Object Repository/RAD_Pages/Landing_Page/dd_TaxType' 

2024-03-08 01:16:14 - [TEST_STEP][PASSED] - delay(1): Delayed 1 second(s)

2024-03-08 01:16:15 - [MESSAGE][PASSED] - Delayed 1 second(s)

2024-03-08 01:16:15 - [TEST_STEP][PASSED] - switch (Paymenttype): null

2024-03-08 01:16:15 - [TEST_STEP][PASSED] - case "Quarterly Estimated Tax":: null

2024-03-08 01:16:15 - [TEST_STEP][PASSED] - selectOptionByLabel(findTestObject(orPath_TaxTypeFilingYear + "/select_PaymentType"), Taxtype, false): All options with label 'Personal Income Tax' are selected in object 'Object Repository/RAD_Pages/TaxTypeFilingYear_Page/select_PaymentType' 

2024-03-08 01:16:15 - [MESSAGE][PASSED] - All options with label 'Personal Income Tax' are selected in object 'Object Repository/RAD_Pages/TaxTypeFilingYear_Page/select_PaymentType' 

2024-03-08 01:16:15 - [TEST_STEP][PASSED] - break: null

2024-03-08 01:16:15 - [TEST_STEP][PASSED] - delay(1): Delayed 1 second(s)

2024-03-08 01:16:16 - [MESSAGE][PASSED] - Delayed 1 second(s)

2024-03-08 01:16:16 - [TEST_STEP][PASSED] - scrollToElement(findTestObject(orPath_Amount + "/input__paymentAmount"), 2, CONTINUE_ON_FAILURE): Scroll to object 'Object Repository/RAD_Pages/PaymentAmount_Page/input__paymentAmount' successfully

2024-03-08 01:16:17 - [MESSAGE][PASSED] - Scroll to object 'Object Repository/RAD_Pages/PaymentAmount_Page/input__paymentAmount' successfully

2024-03-08 01:16:17 - [TEST_STEP][PASSED] - waitForElementClickable(findTestObject(orPath_FilingStatus + "/input_userType_Joint"), 5): Object 'Object Repository/RAD_Pages/FilingStatus_Page/input_userType_Joint' is clickable

2024-03-08 01:16:17 - [MESSAGE][PASSED] - Object 'Object Repository/RAD_Pages/FilingStatus_Page/input_userType_Joint' is clickable

2024-03-08 01:16:17 - [TEST_STEP][PASSED] - click(findTestObject(orPath_FilingStatus + "/input_userType_Joint")): Object: 'Object Repository/RAD_Pages/FilingStatus_Page/input_userType_Joint' is clicked on

2024-03-08 01:16:18 - [MESSAGE][PASSED] - Object: 'Object Repository/RAD_Pages/FilingStatus_Page/input_userType_Joint' is clicked on

2024-03-08 01:16:18 - [TEST_STEP][PASSED] - setText(findTestObject("Object Repository/RAD_RecordAndPlay/input_JointFilerSSN"), "111116523"): Text '111116523' is set on object 'Object Repository/RAD_RecordAndPlay/input_JointFilerSSN'

2024-03-08 01:16:18 - [MESSAGE][PASSED] - Text '111116523' is set on object 'Object Repository/RAD_RecordAndPlay/input_JointFilerSSN'

2024-03-08 01:16:18 - [TEST_STEP][PASSED] - setText(findTestObject("Object Repository/RAD_RecordAndPlay/input_reTypeJointFilerSSN"), "222226523"): Text '222226523' is set on object 'Object Repository/RAD_RecordAndPlay/input_reTypeJointFilerSSN'

2024-03-08 01:16:19 - [MESSAGE][PASSED] - Text '222226523' is set on object 'Object Repository/RAD_RecordAndPlay/input_reTypeJointFilerSSN'

2024-03-08 01:16:19 - [TEST_STEP][PASSED] - setText(findTestObject(orPath_Amount + "/input__paymentAmount"), ""): Text '' is set on object 'Object Repository/RAD_Pages/PaymentAmount_Page/input__paymentAmount'

2024-03-08 01:16:20 - [MESSAGE][PASSED] - Text '' is set on object 'Object Repository/RAD_Pages/PaymentAmount_Page/input__paymentAmount'

2024-03-08 01:16:20 - [TEST_STEP][PASSED] - delay(2): Delayed 2 second(s)

2024-03-08 01:16:22 - [MESSAGE][PASSED] - Delayed 2 second(s)

2024-03-08 01:16:22 - [TEST_STEP][PASSED] - if (verifyTextPresent("The SSN and Re-type SSN do not match", true)): null

2024-03-08 01:16:22 - [MESSAGE][PASSED] - Text 'The SSN and Re-type SSN do not match' is present on page  using regular expression

2024-03-08 01:16:22 - [TEST_STEP][PASSED] - println("Joint Filer SSN Dont match text is present"): null

2024-03-08 01:16:22 - [TEST_STEP][PASSED] - out.println("Pass Record Number: " + row): null

2024-03-08 01:16:22 - [TEST_STEP][PASSED] - resText = "Pass": null

2024-03-08 01:16:22 - [TEST_STEP][PASSED] - pages.WriteExcel.demoKey(resText, datText, resColumn, datCloumn, fileLoc, nameSheet, row): pages.WriteExcel.demoKey is PASSED

2024-03-08 01:16:22 - [MESSAGE][PASSED] - pages.WriteExcel.demoKey is PASSED

2024-03-08 01:16:22 - [TEST_STEP][PASSED] - ExecuteTC = findTestData(dataFile).getValue("Execute", row): null

2024-03-08 01:16:22 - [TEST_STEP][PASSED] - Taxtype = findTestData(dataFile).getValue("TaxType", row): null

2024-03-08 01:16:22 - [TEST_STEP][PASSED] - Paymenttype = findTestData(dataFile).getValue("PaymentType", row): null

2024-03-08 01:16:22 - [TEST_STEP][PASSED] - out.println("Value of Execute is : " + ExecuteTC): null

2024-03-08 01:16:22 - [TEST_STEP][PASSED] - if (ExecuteTC.equalsIgnoreCase("Y")): null

2024-03-08 01:16:22 - [TEST_STEP][PASSED] - ExecuteTC = findTestData(dataFile).getValue("Execute", row): null

2024-03-08 01:16:22 - [TEST_STEP][PASSED] - Taxtype = findTestData(dataFile).getValue("TaxType", row): null

2024-03-08 01:16:23 - [TEST_STEP][PASSED] - Paymenttype = findTestData(dataFile).getValue("PaymentType", row): null

2024-03-08 01:16:23 - [TEST_STEP][PASSED] - out.println("Value of Execute is : " + ExecuteTC): null

2024-03-08 01:16:23 - [TEST_STEP][PASSED] - if (ExecuteTC.equalsIgnoreCase("Y")): null

2024-03-08 01:16:23 - [TEST_STEP][PASSED] - out.println("Begin Record Number: " + row): null

2024-03-08 01:16:23 - [TEST_STEP][PASSED] - today = new java.util.Date(): null

2024-03-08 01:16:23 - [TEST_STEP][PASSED] - println(today): null

2024-03-08 01:16:23 - [TEST_STEP][PASSED] - datText = today: null

2024-03-08 01:16:23 - [TEST_STEP][PASSED] - Taxtype = findTestData(dataFile).getValue("TaxType", row): null

2024-03-08 01:16:23 - [TEST_STEP][PASSED] - out.println("Taxtype value is : " + Taxtype): null

2024-03-08 01:16:23 - [TEST_STEP][PASSED] - openBrowser(""): Browser is opened with url: ''

2024-03-08 01:16:23 - [MESSAGE][WARNING] - A browser is already opened. Closing browser and opening a new one

2024-03-08 01:16:38 - [MESSAGE][INFO] - Starting 'Chrome' driver

2024-03-08 01:16:38 - [MESSAGE][INFO] - User set preference: ['acceptInsecureCerts', 'true']

2024-03-08 01:16:38 - [MESSAGE][INFO] - Action delay is set to 0 milliseconds

2024-03-08 01:16:40 - [MESSAGE][PASSED] - Browser is opened with url: ''

2024-03-08 01:16:40 - [TEST_STEP][PASSED] - maximizeWindow(): Current window maximized

2024-03-08 01:16:40 - [MESSAGE][PASSED] - Current window maximized

2024-03-08 01:16:40 - [TEST_STEP][PASSED] - navigateToUrl(RADurl): Navigate to 'https://qa2.velocitypayment.com/client/rad/index.html' successfully

2024-03-08 01:16:47 - [MESSAGE][PASSED] - Navigate to 'https://qa2.velocitypayment.com/client/rad/index.html' successfully

2024-03-08 01:16:47 - [TEST_STEP][PASSED] - orPath_Landing = "Object Repository/RAD_Pages/Landing_Page": null

2024-03-08 01:16:47 - [TEST_STEP][PASSED] - orPath_TaxTypeFilingYear = "Object Repository/RAD_Pages/TaxTypeFilingYear_Page": null

2024-03-08 01:16:47 - [TEST_STEP][PASSED] - orPath_TaxPayer = "Object Repository/RAD_Pages/Taxpayer_Page": null

2024-03-08 01:16:47 - [TEST_STEP][PASSED] - orPath_AddressContact = "Object Repository/RAD_Pages/AddressAndContactInfo_Page": null

2024-03-08 01:16:47 - [TEST_STEP][PASSED] - orPath_FilingStatus = "Object Repository/RAD_Pages/FilingStatus_Page": null

2024-03-08 01:16:47 - [TEST_STEP][PASSED] - orPath_Amount = "Object Repository/RAD_Pages/PaymentAmount_Page": null

2024-03-08 01:16:47 - [TEST_STEP][PASSED] - orPath_TaxInfo = "Object Repository/RAD_Pages/TaxInfo_Page": null

2024-03-08 01:16:47 - [TEST_STEP][PASSED] - selectOptionByLabel(findTestObject(orPath_Landing + "/dd_TaxType"), Paymenttype, false): All options with label 'New Tax Return Amount Due' are selected in object 'Object Repository/RAD_Pages/Landing_Page/dd_TaxType' 

2024-03-08 01:16:48 - [MESSAGE][PASSED] - All options with label 'New Tax Return Amount Due' are selected in object 'Object Repository/RAD_Pages/Landing_Page/dd_TaxType' 

2024-03-08 01:16:48 - [TEST_STEP][PASSED] - delay(1): Delayed 1 second(s)

2024-03-08 01:16:49 - [MESSAGE][PASSED] - Delayed 1 second(s)

2024-03-08 01:16:49 - [TEST_STEP][PASSED] - switch (Paymenttype): null

2024-03-08 01:16:49 - [TEST_STEP][PASSED] - case "New Tax Return Amount Due":: null

2024-03-08 01:16:49 - [TEST_STEP][PASSED] - selectOptionByLabel(findTestObject("Object Repository/RAD_Pages/Landing_Page/select_NewTaxReturnAmountDue_TaxType"), Taxtype, false): All options with label 'Personal Income Tax' are selected in object 'Object Repository/RAD_Pages/Landing_Page/select_NewTaxReturnAmountDue_TaxType' 

2024-03-08 01:16:50 - [MESSAGE][PASSED] - All options with label 'Personal Income Tax' are selected in object 'Object Repository/RAD_Pages/Landing_Page/select_NewTaxReturnAmountDue_TaxType' 

2024-03-08 01:16:50 - [TEST_STEP][PASSED] - break: null

2024-03-08 01:16:50 - [TEST_STEP][PASSED] - delay(1): Delayed 1 second(s)

2024-03-08 01:16:51 - [MESSAGE][PASSED] - Delayed 1 second(s)

2024-03-08 01:16:51 - [TEST_STEP][PASSED] - scrollToElement(findTestObject(orPath_Amount + "/input__paymentAmount"), 2, CONTINUE_ON_FAILURE): Scroll to object 'Object Repository/RAD_Pages/PaymentAmount_Page/input__paymentAmount' successfully

2024-03-08 01:16:51 - [MESSAGE][PASSED] - Scroll to object 'Object Repository/RAD_Pages/PaymentAmount_Page/input__paymentAmount' successfully

2024-03-08 01:16:51 - [TEST_STEP][PASSED] - waitForElementClickable(findTestObject(orPath_FilingStatus + "/input_userType_Joint"), 5): Object 'Object Repository/RAD_Pages/FilingStatus_Page/input_userType_Joint' is clickable

2024-03-08 01:16:51 - [MESSAGE][PASSED] - Object 'Object Repository/RAD_Pages/FilingStatus_Page/input_userType_Joint' is clickable

2024-03-08 01:16:51 - [TEST_STEP][PASSED] - click(findTestObject(orPath_FilingStatus + "/input_userType_Joint")): Object: 'Object Repository/RAD_Pages/FilingStatus_Page/input_userType_Joint' is clicked on

2024-03-08 01:16:52 - [MESSAGE][PASSED] - Object: 'Object Repository/RAD_Pages/FilingStatus_Page/input_userType_Joint' is clicked on

2024-03-08 01:16:52 - [TEST_STEP][PASSED] - setText(findTestObject("Object Repository/RAD_RecordAndPlay/input_JointFilerSSN"), "111116523"): Text '111116523' is set on object 'Object Repository/RAD_RecordAndPlay/input_JointFilerSSN'

2024-03-08 01:16:53 - [MESSAGE][PASSED] - Text '111116523' is set on object 'Object Repository/RAD_RecordAndPlay/input_JointFilerSSN'

2024-03-08 01:16:53 - [TEST_STEP][PASSED] - setText(findTestObject("Object Repository/RAD_RecordAndPlay/input_reTypeJointFilerSSN"), "222226523"): Text '222226523' is set on object 'Object Repository/RAD_RecordAndPlay/input_reTypeJointFilerSSN'

2024-03-08 01:16:53 - [MESSAGE][PASSED] - Text '222226523' is set on object 'Object Repository/RAD_RecordAndPlay/input_reTypeJointFilerSSN'

2024-03-08 01:16:53 - [TEST_STEP][PASSED] - setText(findTestObject(orPath_Amount + "/input__paymentAmount"), ""): Text '' is set on object 'Object Repository/RAD_Pages/PaymentAmount_Page/input__paymentAmount'

2024-03-08 01:16:54 - [MESSAGE][PASSED] - Text '' is set on object 'Object Repository/RAD_Pages/PaymentAmount_Page/input__paymentAmount'

2024-03-08 01:16:54 - [TEST_STEP][PASSED] - delay(2): Delayed 2 second(s)

2024-03-08 01:16:56 - [MESSAGE][PASSED] - Delayed 2 second(s)

2024-03-08 01:16:56 - [TEST_STEP][PASSED] - if (verifyTextPresent("The SSN and Re-type SSN do not match", true)): null

2024-03-08 01:16:57 - [MESSAGE][PASSED] - Text 'The SSN and Re-type SSN do not match' is present on page  using regular expression

2024-03-08 01:16:57 - [TEST_STEP][PASSED] - println("Joint Filer SSN Dont match text is present"): null

2024-03-08 01:16:57 - [TEST_STEP][PASSED] - out.println("Pass Record Number: " + row): null

2024-03-08 01:16:57 - [TEST_STEP][PASSED] - resText = "Pass": null

2024-03-08 01:16:57 - [TEST_STEP][PASSED] - pages.WriteExcel.demoKey(resText, datText, resColumn, datCloumn, fileLoc, nameSheet, row): pages.WriteExcel.demoKey is PASSED

2024-03-08 01:16:57 - [MESSAGE][PASSED] - pages.WriteExcel.demoKey is PASSED]]></system-out>
         <system-err><![CDATA[]]></system-err>
      </testcase>
      <testcase name="Test Cases/RAD_TestCases/Negative_TestCases/JointFilerSSNmoreThan9Error" time="93.967" classname="Test Cases/RAD_TestCases/Negative_TestCases/JointFilerSSNmoreThan9Error" status="PASSED">
         <system-out><![CDATA[2024-03-08 01:16:57 - [TEST_CASE][PASSED] - Test Cases/RAD_TestCases/Negative_TestCases/JointFilerSSNmoreThan9Error: Test Cases/RAD_TestCases/Negative_TestCases/JointFilerSSNmoreThan9Error

2024-03-08 01:16:57 - [TEST_STEP][PASSED] - resText = "Fail": null

2024-03-08 01:16:57 - [TEST_STEP][PASSED] - resColumn = "Result": null

2024-03-08 01:16:57 - [TEST_STEP][PASSED] - datCloumn = "Date": null

2024-03-08 01:16:57 - [TEST_STEP][PASSED] - fileLoc = "KatalonData/RADTestData/JointFilerSSNmoreThan9Error.xlsx": null

2024-03-08 01:16:57 - [TEST_STEP][PASSED] - nameSheet = "Sheet1": null

2024-03-08 01:16:57 - [TEST_STEP][PASSED] - dataFile = "RADTestData/JointFilerSSNmoreThan9Error": null

2024-03-08 01:16:57 - [TEST_STEP][PASSED] - ExecuteTC = <not implemented yet for class: org.codehaus.groovy.ast.expr.EmptyExpression>: null

2024-03-08 01:16:57 - [TEST_STEP][PASSED] - Taxtype = <not implemented yet for class: org.codehaus.groovy.ast.expr.EmptyExpression>: null

2024-03-08 01:16:57 - [TEST_STEP][PASSED] - numOfRows = findTestData(dataFile).getRowNumbers(): null

2024-03-08 01:16:57 - [TEST_STEP][PASSED] - println("Number of Records: " + numOfRows): null

2024-03-08 01:16:57 - [TEST_STEP][PASSED] - for ([row = 1, row <= numOfRows, (row++)]): null

2024-03-08 01:16:57 - [TEST_STEP][PASSED] - ExecuteTC = findTestData(dataFile).getValue("Execute", row): null

2024-03-08 01:16:57 - [TEST_STEP][PASSED] - Taxtype = findTestData(dataFile).getValue("TaxType", row): null

2024-03-08 01:16:57 - [TEST_STEP][PASSED] - Paymenttype = findTestData(dataFile).getValue("PaymentType", row): null

2024-03-08 01:16:57 - [TEST_STEP][PASSED] - out.println("Value of Execute is : " + ExecuteTC): null

2024-03-08 01:16:57 - [TEST_STEP][PASSED] - if (ExecuteTC.equalsIgnoreCase("Y")): null

2024-03-08 01:16:57 - [TEST_STEP][PASSED] - out.println("Begin Record Number: " + row): null

2024-03-08 01:16:57 - [TEST_STEP][PASSED] - today = new java.util.Date(): null

2024-03-08 01:16:57 - [TEST_STEP][PASSED] - println(today): null

2024-03-08 01:16:57 - [TEST_STEP][PASSED] - datText = today: null

2024-03-08 01:16:57 - [TEST_STEP][PASSED] - Taxtype = findTestData(dataFile).getValue("TaxType", row): null

2024-03-08 01:16:57 - [TEST_STEP][PASSED] - out.println("Taxtype value is : " + Taxtype): null

2024-03-08 01:16:57 - [TEST_STEP][PASSED] - openBrowser(""): Browser is opened with url: ''

2024-03-08 01:16:57 - [MESSAGE][WARNING] - A browser is already opened. Closing browser and opening a new one

2024-03-08 01:17:27 - [MESSAGE][INFO] - Starting 'Chrome' driver

2024-03-08 01:17:27 - [MESSAGE][INFO] - User set preference: ['acceptInsecureCerts', 'true']

2024-03-08 01:17:27 - [MESSAGE][INFO] - Action delay is set to 0 milliseconds

2024-03-08 01:17:28 - [MESSAGE][PASSED] - Browser is opened with url: ''

2024-03-08 01:17:28 - [TEST_STEP][PASSED] - maximizeWindow(): Current window maximized

2024-03-08 01:17:28 - [MESSAGE][PASSED] - Current window maximized

2024-03-08 01:17:28 - [TEST_STEP][PASSED] - navigateToUrl(RADurl): Navigate to 'https://qa2.velocitypayment.com/client/rad/index.html' successfully

2024-03-08 01:17:35 - [MESSAGE][PASSED] - Navigate to 'https://qa2.velocitypayment.com/client/rad/index.html' successfully

2024-03-08 01:17:35 - [TEST_STEP][PASSED] - orPath_Landing = "Object Repository/RAD_Pages/Landing_Page": null

2024-03-08 01:17:35 - [TEST_STEP][PASSED] - orPath_TaxTypeFilingYear = "Object Repository/RAD_Pages/TaxTypeFilingYear_Page": null

2024-03-08 01:17:35 - [TEST_STEP][PASSED] - orPath_TaxPayer = "Object Repository/RAD_Pages/Taxpayer_Page": null

2024-03-08 01:17:35 - [TEST_STEP][PASSED] - orPath_AddressContact = "Object Repository/RAD_Pages/AddressAndContactInfo_Page": null

2024-03-08 01:17:35 - [TEST_STEP][PASSED] - orPath_FilingStatus = "Object Repository/RAD_Pages/FilingStatus_Page": null

2024-03-08 01:17:35 - [TEST_STEP][PASSED] - orPath_Amount = "Object Repository/RAD_Pages/PaymentAmount_Page": null

2024-03-08 01:17:35 - [TEST_STEP][PASSED] - orPath_TaxInfo = "Object Repository/RAD_Pages/TaxInfo_Page": null

2024-03-08 01:17:35 - [TEST_STEP][PASSED] - selectOptionByLabel(findTestObject(orPath_Landing + "/dd_TaxType"), Paymenttype, false): All options with label 'Quarterly Estimated Tax' are selected in object 'Object Repository/RAD_Pages/Landing_Page/dd_TaxType' 

2024-03-08 01:17:36 - [MESSAGE][PASSED] - All options with label 'Quarterly Estimated Tax' are selected in object 'Object Repository/RAD_Pages/Landing_Page/dd_TaxType' 

2024-03-08 01:17:36 - [TEST_STEP][PASSED] - delay(1): Delayed 1 second(s)

2024-03-08 01:17:37 - [MESSAGE][PASSED] - Delayed 1 second(s)

2024-03-08 01:17:37 - [TEST_STEP][PASSED] - switch (Paymenttype): null

2024-03-08 01:17:37 - [TEST_STEP][PASSED] - case "Quarterly Estimated Tax":: null

2024-03-08 01:17:37 - [TEST_STEP][PASSED] - selectOptionByLabel(findTestObject(orPath_TaxTypeFilingYear + "/select_PaymentType"), Taxtype, false): All options with label 'Personal Income Tax' are selected in object 'Object Repository/RAD_Pages/TaxTypeFilingYear_Page/select_PaymentType' 

2024-03-08 01:17:37 - [MESSAGE][PASSED] - All options with label 'Personal Income Tax' are selected in object 'Object Repository/RAD_Pages/TaxTypeFilingYear_Page/select_PaymentType' 

2024-03-08 01:17:37 - [TEST_STEP][PASSED] - break: null

2024-03-08 01:17:37 - [TEST_STEP][PASSED] - delay(1): Delayed 1 second(s)

2024-03-08 01:17:38 - [MESSAGE][PASSED] - Delayed 1 second(s)

2024-03-08 01:17:38 - [TEST_STEP][PASSED] - scrollToElement(findTestObject(orPath_Amount + "/input__paymentAmount"), 2, CONTINUE_ON_FAILURE): Scroll to object 'Object Repository/RAD_Pages/PaymentAmount_Page/input__paymentAmount' successfully

2024-03-08 01:17:39 - [MESSAGE][PASSED] - Scroll to object 'Object Repository/RAD_Pages/PaymentAmount_Page/input__paymentAmount' successfully

2024-03-08 01:17:39 - [TEST_STEP][PASSED] - waitForElementClickable(findTestObject(orPath_FilingStatus + "/input_userType_Joint"), 5): Object 'Object Repository/RAD_Pages/FilingStatus_Page/input_userType_Joint' is clickable

2024-03-08 01:17:39 - [MESSAGE][PASSED] - Object 'Object Repository/RAD_Pages/FilingStatus_Page/input_userType_Joint' is clickable

2024-03-08 01:17:39 - [TEST_STEP][PASSED] - click(findTestObject(orPath_FilingStatus + "/input_userType_Joint")): Object: 'Object Repository/RAD_Pages/FilingStatus_Page/input_userType_Joint' is clicked on

2024-03-08 01:17:39 - [MESSAGE][PASSED] - Object: 'Object Repository/RAD_Pages/FilingStatus_Page/input_userType_Joint' is clicked on

2024-03-08 01:17:39 - [TEST_STEP][PASSED] - setText(findTestObject("Object Repository/RAD_RecordAndPlay/input_JointFilerSSN"), "1111165230"): Text '1111165230' is set on object 'Object Repository/RAD_RecordAndPlay/input_JointFilerSSN'

2024-03-08 01:17:40 - [MESSAGE][PASSED] - Text '1111165230' is set on object 'Object Repository/RAD_RecordAndPlay/input_JointFilerSSN'

2024-03-08 01:17:40 - [TEST_STEP][PASSED] - setText(findTestObject(orPath_Amount + "/input__paymentAmount"), ""): Text '' is set on object 'Object Repository/RAD_Pages/PaymentAmount_Page/input__paymentAmount'

2024-03-08 01:17:41 - [MESSAGE][PASSED] - Text '' is set on object 'Object Repository/RAD_Pages/PaymentAmount_Page/input__paymentAmount'

2024-03-08 01:17:41 - [TEST_STEP][PASSED] - delay(2): Delayed 2 second(s)

2024-03-08 01:17:43 - [MESSAGE][PASSED] - Delayed 2 second(s)

2024-03-08 01:17:43 - [TEST_STEP][PASSED] - if (verifyTextPresent("Please enter a valid SSN with 9 digits", true)): null

2024-03-08 01:17:43 - [MESSAGE][PASSED] - Text 'Please enter a valid SSN with 9 digits' is present on page  using regular expression

2024-03-08 01:17:43 - [TEST_STEP][PASSED] - println("Please enter a valid SSN with 9 digits"): null

2024-03-08 01:17:43 - [TEST_STEP][PASSED] - out.println("Pass Record Number: " + row): null

2024-03-08 01:17:43 - [TEST_STEP][PASSED] - resText = "Pass": null

2024-03-08 01:17:43 - [TEST_STEP][PASSED] - pages.WriteExcel.demoKey(resText, datText, resColumn, datCloumn, fileLoc, nameSheet, row): pages.WriteExcel.demoKey is PASSED

2024-03-08 01:17:43 - [MESSAGE][PASSED] - pages.WriteExcel.demoKey is PASSED

2024-03-08 01:17:43 - [TEST_STEP][PASSED] - ExecuteTC = findTestData(dataFile).getValue("Execute", row): null

2024-03-08 01:17:43 - [TEST_STEP][PASSED] - Taxtype = findTestData(dataFile).getValue("TaxType", row): null

2024-03-08 01:17:43 - [TEST_STEP][PASSED] - Paymenttype = findTestData(dataFile).getValue("PaymentType", row): null

2024-03-08 01:17:43 - [TEST_STEP][PASSED] - out.println("Value of Execute is : " + ExecuteTC): null

2024-03-08 01:17:43 - [TEST_STEP][PASSED] - if (ExecuteTC.equalsIgnoreCase("Y")): null

2024-03-08 01:17:43 - [TEST_STEP][PASSED] - ExecuteTC = findTestData(dataFile).getValue("Execute", row): null

2024-03-08 01:17:43 - [TEST_STEP][PASSED] - Taxtype = findTestData(dataFile).getValue("TaxType", row): null

2024-03-08 01:17:43 - [TEST_STEP][PASSED] - Paymenttype = findTestData(dataFile).getValue("PaymentType", row): null

2024-03-08 01:17:43 - [TEST_STEP][PASSED] - out.println("Value of Execute is : " + ExecuteTC): null

2024-03-08 01:17:43 - [TEST_STEP][PASSED] - if (ExecuteTC.equalsIgnoreCase("Y")): null

2024-03-08 01:17:43 - [TEST_STEP][PASSED] - out.println("Begin Record Number: " + row): null

2024-03-08 01:17:43 - [TEST_STEP][PASSED] - today = new java.util.Date(): null

2024-03-08 01:17:43 - [TEST_STEP][PASSED] - println(today): null

2024-03-08 01:17:43 - [TEST_STEP][PASSED] - datText = today: null

2024-03-08 01:17:43 - [TEST_STEP][PASSED] - Taxtype = findTestData(dataFile).getValue("TaxType", row): null

2024-03-08 01:17:43 - [TEST_STEP][PASSED] - out.println("Taxtype value is : " + Taxtype): null

2024-03-08 01:17:43 - [TEST_STEP][PASSED] - openBrowser(""): Browser is opened with url: ''

2024-03-08 01:17:43 - [MESSAGE][WARNING] - A browser is already opened. Closing browser and opening a new one

2024-03-08 01:18:09 - [MESSAGE][INFO] - Starting 'Chrome' driver

2024-03-08 01:18:09 - [MESSAGE][INFO] - User set preference: ['acceptInsecureCerts', 'true']

2024-03-08 01:18:09 - [MESSAGE][INFO] - Action delay is set to 0 milliseconds

2024-03-08 01:18:11 - [MESSAGE][PASSED] - Browser is opened with url: ''

2024-03-08 01:18:11 - [TEST_STEP][PASSED] - maximizeWindow(): Current window maximized

2024-03-08 01:18:11 - [MESSAGE][PASSED] - Current window maximized

2024-03-08 01:18:11 - [TEST_STEP][PASSED] - navigateToUrl(RADurl): Navigate to 'https://qa2.velocitypayment.com/client/rad/index.html' successfully

2024-03-08 01:18:22 - [MESSAGE][PASSED] - Navigate to 'https://qa2.velocitypayment.com/client/rad/index.html' successfully

2024-03-08 01:18:22 - [TEST_STEP][PASSED] - orPath_Landing = "Object Repository/RAD_Pages/Landing_Page": null

2024-03-08 01:18:22 - [TEST_STEP][PASSED] - orPath_TaxTypeFilingYear = "Object Repository/RAD_Pages/TaxTypeFilingYear_Page": null

2024-03-08 01:18:22 - [TEST_STEP][PASSED] - orPath_TaxPayer = "Object Repository/RAD_Pages/Taxpayer_Page": null

2024-03-08 01:18:22 - [TEST_STEP][PASSED] - orPath_AddressContact = "Object Repository/RAD_Pages/AddressAndContactInfo_Page": null

2024-03-08 01:18:22 - [TEST_STEP][PASSED] - orPath_FilingStatus = "Object Repository/RAD_Pages/FilingStatus_Page": null

2024-03-08 01:18:22 - [TEST_STEP][PASSED] - orPath_Amount = "Object Repository/RAD_Pages/PaymentAmount_Page": null

2024-03-08 01:18:22 - [TEST_STEP][PASSED] - orPath_TaxInfo = "Object Repository/RAD_Pages/TaxInfo_Page": null

2024-03-08 01:18:22 - [TEST_STEP][PASSED] - selectOptionByLabel(findTestObject(orPath_Landing + "/dd_TaxType"), Paymenttype, false): All options with label 'New Tax Return Amount Due' are selected in object 'Object Repository/RAD_Pages/Landing_Page/dd_TaxType' 

2024-03-08 01:18:23 - [MESSAGE][PASSED] - All options with label 'New Tax Return Amount Due' are selected in object 'Object Repository/RAD_Pages/Landing_Page/dd_TaxType' 

2024-03-08 01:18:23 - [TEST_STEP][PASSED] - delay(1): Delayed 1 second(s)

2024-03-08 01:18:24 - [MESSAGE][PASSED] - Delayed 1 second(s)

2024-03-08 01:18:24 - [TEST_STEP][PASSED] - switch (Paymenttype): null

2024-03-08 01:18:24 - [TEST_STEP][PASSED] - case "New Tax Return Amount Due":: null

2024-03-08 01:18:24 - [TEST_STEP][PASSED] - selectOptionByLabel(findTestObject("Object Repository/RAD_Pages/Landing_Page/select_NewTaxReturnAmountDue_TaxType"), Taxtype, false): All options with label 'Personal Income Tax' are selected in object 'Object Repository/RAD_Pages/Landing_Page/select_NewTaxReturnAmountDue_TaxType' 

2024-03-08 01:18:25 - [MESSAGE][PASSED] - All options with label 'Personal Income Tax' are selected in object 'Object Repository/RAD_Pages/Landing_Page/select_NewTaxReturnAmountDue_TaxType' 

2024-03-08 01:18:25 - [TEST_STEP][PASSED] - break: null

2024-03-08 01:18:25 - [TEST_STEP][PASSED] - delay(1): Delayed 1 second(s)

2024-03-08 01:18:26 - [MESSAGE][PASSED] - Delayed 1 second(s)

2024-03-08 01:18:26 - [TEST_STEP][PASSED] - scrollToElement(findTestObject(orPath_Amount + "/input__paymentAmount"), 2, CONTINUE_ON_FAILURE): Scroll to object 'Object Repository/RAD_Pages/PaymentAmount_Page/input__paymentAmount' successfully

2024-03-08 01:18:26 - [MESSAGE][PASSED] - Scroll to object 'Object Repository/RAD_Pages/PaymentAmount_Page/input__paymentAmount' successfully

2024-03-08 01:18:26 - [TEST_STEP][PASSED] - waitForElementClickable(findTestObject(orPath_FilingStatus + "/input_userType_Joint"), 5): Object 'Object Repository/RAD_Pages/FilingStatus_Page/input_userType_Joint' is clickable

2024-03-08 01:18:26 - [MESSAGE][PASSED] - Object 'Object Repository/RAD_Pages/FilingStatus_Page/input_userType_Joint' is clickable

2024-03-08 01:18:26 - [TEST_STEP][PASSED] - click(findTestObject(orPath_FilingStatus + "/input_userType_Joint")): Object: 'Object Repository/RAD_Pages/FilingStatus_Page/input_userType_Joint' is clicked on

2024-03-08 01:18:27 - [MESSAGE][PASSED] - Object: 'Object Repository/RAD_Pages/FilingStatus_Page/input_userType_Joint' is clicked on

2024-03-08 01:18:27 - [TEST_STEP][PASSED] - setText(findTestObject("Object Repository/RAD_RecordAndPlay/input_JointFilerSSN"), "1111165230"): Text '1111165230' is set on object 'Object Repository/RAD_RecordAndPlay/input_JointFilerSSN'

2024-03-08 01:18:27 - [MESSAGE][PASSED] - Text '1111165230' is set on object 'Object Repository/RAD_RecordAndPlay/input_JointFilerSSN'

2024-03-08 01:18:27 - [TEST_STEP][PASSED] - setText(findTestObject(orPath_Amount + "/input__paymentAmount"), ""): Text '' is set on object 'Object Repository/RAD_Pages/PaymentAmount_Page/input__paymentAmount'

2024-03-08 01:18:28 - [MESSAGE][PASSED] - Text '' is set on object 'Object Repository/RAD_Pages/PaymentAmount_Page/input__paymentAmount'

2024-03-08 01:18:28 - [TEST_STEP][PASSED] - delay(2): Delayed 2 second(s)

2024-03-08 01:18:30 - [MESSAGE][PASSED] - Delayed 2 second(s)

2024-03-08 01:18:30 - [TEST_STEP][PASSED] - if (verifyTextPresent("Please enter a valid SSN with 9 digits", true)): null

2024-03-08 01:18:31 - [MESSAGE][PASSED] - Text 'Please enter a valid SSN with 9 digits' is present on page  using regular expression

2024-03-08 01:18:31 - [TEST_STEP][PASSED] - println("Please enter a valid SSN with 9 digits"): null

2024-03-08 01:18:31 - [TEST_STEP][PASSED] - out.println("Pass Record Number: " + row): null

2024-03-08 01:18:31 - [TEST_STEP][PASSED] - resText = "Pass": null

2024-03-08 01:18:31 - [TEST_STEP][PASSED] - pages.WriteExcel.demoKey(resText, datText, resColumn, datCloumn, fileLoc, nameSheet, row): pages.WriteExcel.demoKey is PASSED

2024-03-08 01:18:31 - [MESSAGE][PASSED] - pages.WriteExcel.demoKey is PASSED]]></system-out>
         <system-err><![CDATA[]]></system-err>
      </testcase>
      <testcase name="Test Cases/RAD_TestCases/MRF_TestCases/Estimated_MRF_TC" time="277.958" classname="Test Cases/RAD_TestCases/MRF_TestCases/Estimated_MRF_TC" status="PASSED">
         <system-out><![CDATA[2024-03-08 01:18:31 - [TEST_CASE][PASSED] - Test Cases/RAD_TestCases/MRF_TestCases/Estimated_MRF_TC: Test Cases/RAD_TestCases/MRF_TestCases/Estimated_MRF_TC

2024-03-08 01:18:31 - [TEST_STEP][PASSED] - resText = "Fail": null

2024-03-08 01:18:31 - [TEST_STEP][PASSED] - resColumn = "Result": null

2024-03-08 01:18:31 - [TEST_STEP][PASSED] - datCloumn = "Date": null

2024-03-08 01:18:31 - [TEST_STEP][PASSED] - fileLoc = "KatalonData/RADTestData/MRF.xlsx": null

2024-03-08 01:18:31 - [TEST_STEP][PASSED] - nameSheet = "Estimated": null

2024-03-08 01:18:31 - [TEST_STEP][PASSED] - dataFile = "RADTestData/MRF_Estimated": null

2024-03-08 01:18:31 - [TEST_STEP][PASSED] - orPath_Landing = "Object Repository/RAD_Pages/Landing_Page": null

2024-03-08 01:18:31 - [TEST_STEP][PASSED] - orPath_TaxTypeFilingYear = "Object Repository/RAD_Pages/TaxTypeFilingYear_Page": null

2024-03-08 01:18:31 - [TEST_STEP][PASSED] - orPath_Amount = "Object Repository/RAD_Pages/PaymentAmount_Page": null

2024-03-08 01:18:31 - [TEST_STEP][PASSED] - orPath_AddressContact = "Object Repository/RAD_Pages/AddressAndContactInfo_Page": null

2024-03-08 01:18:31 - [TEST_STEP][PASSED] - orPath_Summary = "Object Repository/RAD_Pages/Summary_Page": null

2024-03-08 01:18:31 - [TEST_STEP][PASSED] - orPath_PaymentConfirmation = "Object Repository/RAD_Pages/PaymentConfirmation_Page": null

2024-03-08 01:18:31 - [TEST_STEP][PASSED] - orPath_ServiceFeesAccept = "Object Repository/RAD_Pages/ServiceFeeAccept_Page": null

2024-03-08 01:18:31 - [TEST_STEP][PASSED] - orPath_PaymentEntry = "Object Repository/RAD_Pages/PaymentEntry_Page": null

2024-03-08 01:18:31 - [TEST_STEP][PASSED] - orPath_TaxPayer = "Object Repository/RAD_Pages/Taxpayer_Page": null

2024-03-08 01:18:31 - [TEST_STEP][PASSED] - orPath_FilingStatus = "Object Repository/RAD_Pages/FilingStatus_Page": null

2024-03-08 01:18:31 - [TEST_STEP][PASSED] - orPath_TaxInfo = "Object Repository/RAD_Pages/TaxInfo_Page": null

2024-03-08 01:18:31 - [TEST_STEP][PASSED] - ExecuteTC = <not implemented yet for class: org.codehaus.groovy.ast.expr.EmptyExpression>: null

2024-03-08 01:18:31 - [TEST_STEP][PASSED] - TaxType = <not implemented yet for class: org.codehaus.groovy.ast.expr.EmptyExpression>: null

2024-03-08 01:18:31 - [TEST_STEP][PASSED] - PaymentType = <not implemented yet for class: org.codehaus.groovy.ast.expr.EmptyExpression>: null

2024-03-08 01:18:31 - [TEST_STEP][PASSED] - FilingYear = <not implemented yet for class: org.codehaus.groovy.ast.expr.EmptyExpression>: null

2024-03-08 01:18:31 - [TEST_STEP][PASSED] - PeriodEndingMonth = <not implemented yet for class: org.codehaus.groovy.ast.expr.EmptyExpression>: null

2024-03-08 01:18:31 - [TEST_STEP][PASSED] - feinSSN = <not implemented yet for class: org.codehaus.groovy.ast.expr.EmptyExpression>: null

2024-03-08 01:18:31 - [TEST_STEP][PASSED] - numOfRows = findTestData(dataFile).getRowNumbers(): null

2024-03-08 01:18:31 - [TEST_STEP][PASSED] - println("Number of Records: " + numOfRows): null

2024-03-08 01:18:31 - [TEST_STEP][PASSED] - for ([row = 1, row <= numOfRows, (row++)]): pages.WriteExcel.demoKey is PASSED

2024-03-08 01:18:31 - [TEST_STEP][PASSED] - ExecuteTC = findTestData(dataFile).getValue("Execute", row): null

2024-03-08 01:18:31 - [TEST_STEP][PASSED] - TaxType = findTestData(dataFile).getValue("TaxType", row): null

2024-03-08 01:18:32 - [TEST_STEP][PASSED] - PaymentType = findTestData(dataFile).getValue("PaymentType", row): null

2024-03-08 01:18:32 - [TEST_STEP][PASSED] - FilingYear = findTestData(dataFile).getValue("Year", row): null

2024-03-08 01:18:32 - [TEST_STEP][PASSED] - PeriodEndingMonth = findTestData(dataFile).getValue("Month", row): null

2024-03-08 01:18:32 - [TEST_STEP][PASSED] - feinSSN = findTestData(dataFile).getValue("FeinSsn", row): null

2024-03-08 01:18:32 - [TEST_STEP][PASSED] - if (ExecuteTC.equalsIgnoreCase("Y")): pages.WriteExcel.demoKey is PASSED

2024-03-08 01:18:32 - [TEST_STEP][PASSED] - out.println("Begin Record Number: " + row): null

2024-03-08 01:18:32 - [TEST_STEP][PASSED] - today = new java.util.Date(): null

2024-03-08 01:18:32 - [TEST_STEP][PASSED] - println(today): null

2024-03-08 01:18:32 - [TEST_STEP][PASSED] - datText = today: null

2024-03-08 01:18:32 - [TEST_STEP][PASSED] - logInfo("Payment Type: Quarterly Estimated Tax"): Payment Type: Quarterly Estimated Tax

2024-03-08 01:18:32 - [MESSAGE][INFO] - Payment Type: Quarterly Estimated Tax

2024-03-08 01:18:32 - [TEST_STEP][PASSED] - logInfo("Tax Type: " + TaxType): Tax Type: Corporate Income Tax

2024-03-08 01:18:32 - [MESSAGE][INFO] - Tax Type: Corporate Income Tax

2024-03-08 01:18:32 - [TEST_STEP][PASSED] - openBrowser(""): Browser is opened with url: ''

2024-03-08 01:18:32 - [MESSAGE][WARNING] - A browser is already opened. Closing browser and opening a new one

2024-03-08 01:18:50 - [MESSAGE][INFO] - Starting 'Chrome' driver

2024-03-08 01:18:50 - [MESSAGE][INFO] - User set preference: ['acceptInsecureCerts', 'true']

2024-03-08 01:18:50 - [MESSAGE][INFO] - Action delay is set to 0 milliseconds

2024-03-08 01:18:51 - [MESSAGE][PASSED] - Browser is opened with url: ''

2024-03-08 01:18:51 - [TEST_STEP][PASSED] - maximizeWindow(): Current window maximized

2024-03-08 01:18:51 - [MESSAGE][PASSED] - Current window maximized

2024-03-08 01:18:51 - [TEST_STEP][PASSED] - navigateToUrl(RADurl): Navigate to 'https://qa2.velocitypayment.com/client/rad/index.html' successfully

2024-03-08 01:18:59 - [MESSAGE][PASSED] - Navigate to 'https://qa2.velocitypayment.com/client/rad/index.html' successfully

2024-03-08 01:18:59 - [TEST_STEP][PASSED] - selectOptionByLabel(findTestObject(orPath_Landing + "/dd_TaxType"), "Quarterly Estimated Tax", false): All options with label 'Quarterly Estimated Tax' are selected in object 'Object Repository/RAD_Pages/Landing_Page/dd_TaxType' 

2024-03-08 01:19:00 - [MESSAGE][PASSED] - All options with label 'Quarterly Estimated Tax' are selected in object 'Object Repository/RAD_Pages/Landing_Page/dd_TaxType' 

2024-03-08 01:19:00 - [TEST_STEP][PASSED] - selectOptionByLabel(findTestObject(orPath_TaxTypeFilingYear + "/select_PaymentType"), TaxType, false): All options with label 'Corporate Income Tax' are selected in object 'Object Repository/RAD_Pages/TaxTypeFilingYear_Page/select_PaymentType' 

2024-03-08 01:19:01 - [MESSAGE][PASSED] - All options with label 'Corporate Income Tax' are selected in object 'Object Repository/RAD_Pages/TaxTypeFilingYear_Page/select_PaymentType' 

2024-03-08 01:19:01 - [TEST_STEP][PASSED] - selectOptionByLabel(findTestObject(orPath_TaxTypeFilingYear + "/select_FilingYear"), FilingYear, false): All options with label '2024' are selected in object 'Object Repository/RAD_Pages/TaxTypeFilingYear_Page/select_FilingYear' 

2024-03-08 01:19:01 - [MESSAGE][PASSED] - All options with label '2024' are selected in object 'Object Repository/RAD_Pages/TaxTypeFilingYear_Page/select_FilingYear' 

2024-03-08 01:19:01 - [TEST_STEP][PASSED] - selectOptionByLabel(findTestObject(orPath_TaxTypeFilingYear + "/select_PeriodEnding"), PeriodEndingMonth, false): All options with label 'March' are selected in object 'Object Repository/RAD_Pages/TaxTypeFilingYear_Page/select_PeriodEnding' 

2024-03-08 01:19:02 - [MESSAGE][PASSED] - All options with label 'March' are selected in object 'Object Repository/RAD_Pages/TaxTypeFilingYear_Page/select_PeriodEnding' 

2024-03-08 01:19:02 - [TEST_STEP][PASSED] - setText(findTestObject(orPath_TaxPayer + "/input_businessName"), " "): Text ' ' is set on object 'Object Repository/RAD_Pages/Taxpayer_Page/input_businessName'

2024-03-08 01:19:03 - [MESSAGE][PASSED] - Text ' ' is set on object 'Object Repository/RAD_Pages/Taxpayer_Page/input_businessName'

2024-03-08 01:19:03 - [TEST_STEP][PASSED] - setText(findTestObject(orPath_TaxPayer + "/input_BusinessRepfirstName"), " "): Text ' ' is set on object 'Object Repository/RAD_Pages/Taxpayer_Page/input_BusinessRepfirstName'

2024-03-08 01:19:03 - [MESSAGE][PASSED] - Text ' ' is set on object 'Object Repository/RAD_Pages/Taxpayer_Page/input_BusinessRepfirstName'

2024-03-08 01:19:03 - [TEST_STEP][PASSED] - setText(findTestObject(orPath_TaxPayer + "/input_BusinessReplastName"), " "): Text ' ' is set on object 'Object Repository/RAD_Pages/Taxpayer_Page/input_BusinessReplastName'

2024-03-08 01:19:04 - [MESSAGE][PASSED] - Text ' ' is set on object 'Object Repository/RAD_Pages/Taxpayer_Page/input_BusinessReplastName'

2024-03-08 01:19:04 - [TEST_STEP][PASSED] - setText(findTestObject(orPath_AddressContact + "/input_streetAddress1"), " "): Text ' ' is set on object 'Object Repository/RAD_Pages/AddressAndContactInfo_Page/input_streetAddress1'

2024-03-08 01:19:05 - [MESSAGE][PASSED] - Text ' ' is set on object 'Object Repository/RAD_Pages/AddressAndContactInfo_Page/input_streetAddress1'

2024-03-08 01:19:05 - [TEST_STEP][PASSED] - setText(findTestObject(orPath_AddressContact + "/input_city"), " "): Text ' ' is set on object 'Object Repository/RAD_Pages/AddressAndContactInfo_Page/input_city'

2024-03-08 01:19:05 - [MESSAGE][PASSED] - Text ' ' is set on object 'Object Repository/RAD_Pages/AddressAndContactInfo_Page/input_city'

2024-03-08 01:19:05 - [TEST_STEP][PASSED] - setText(findTestObject(orPath_AddressContact + "/input_zipCode"), " "): Text ' ' is set on object 'Object Repository/RAD_Pages/AddressAndContactInfo_Page/input_zipCode'

2024-03-08 01:19:06 - [MESSAGE][PASSED] - Text ' ' is set on object 'Object Repository/RAD_Pages/AddressAndContactInfo_Page/input_zipCode'

2024-03-08 01:19:06 - [TEST_STEP][PASSED] - setText(findTestObject(orPath_AddressContact + "/input_phoneNumber"), " "): Text ' ' is set on object 'Object Repository/RAD_Pages/AddressAndContactInfo_Page/input_phoneNumber'

2024-03-08 01:19:07 - [MESSAGE][PASSED] - Text ' ' is set on object 'Object Repository/RAD_Pages/AddressAndContactInfo_Page/input_phoneNumber'

2024-03-08 01:19:07 - [TEST_STEP][PASSED] - setText(findTestObject(orPath_AddressContact + "/input_eMailAddress"), " "): Text ' ' is set on object 'Object Repository/RAD_Pages/AddressAndContactInfo_Page/input_eMailAddress'

2024-03-08 01:19:08 - [MESSAGE][PASSED] - Text ' ' is set on object 'Object Repository/RAD_Pages/AddressAndContactInfo_Page/input_eMailAddress'

2024-03-08 01:19:08 - [TEST_STEP][PASSED] - setText(findTestObject(orPath_AddressContact + "/input_reEnterEMailAddress"), " "): Text ' ' is set on object 'Object Repository/RAD_Pages/AddressAndContactInfo_Page/input_reEnterEMailAddress'

2024-03-08 01:19:08 - [MESSAGE][PASSED] - Text ' ' is set on object 'Object Repository/RAD_Pages/AddressAndContactInfo_Page/input_reEnterEMailAddress'

2024-03-08 01:19:08 - [TEST_STEP][PASSED] - resText = "Fail": null

2024-03-08 01:19:08 - [TEST_STEP][PASSED] - pages.WriteExcel.demoKey(resText, datText, resColumn, datCloumn, fileLoc, nameSheet, row): pages.WriteExcel.demoKey is PASSED

2024-03-08 01:19:09 - [MESSAGE][PASSED] - pages.WriteExcel.demoKey is PASSED

2024-03-08 01:19:09 - [TEST_STEP][PASSED] - verifyTextPresent("Enter business name", true, CONTINUE_ON_FAILURE): Text 'Enter business name' is present on page  using regular expression

2024-03-08 01:19:09 - [MESSAGE][PASSED] - Text 'Enter business name' is present on page  using regular expression

2024-03-08 01:19:09 - [TEST_STEP][PASSED] - verifyTextPresent("Enter business rep first name", true, CONTINUE_ON_FAILURE): Text 'Enter business rep first name' is present on page  using regular expression

2024-03-08 01:19:09 - [MESSAGE][PASSED] - Text 'Enter business rep first name' is present on page  using regular expression

2024-03-08 01:19:09 - [TEST_STEP][PASSED] - verifyTextPresent("Enter business rep last name", true, CONTINUE_ON_FAILURE): Text 'Enter business rep last name' is present on page  using regular expression

2024-03-08 01:19:10 - [MESSAGE][PASSED] - Text 'Enter business rep last name' is present on page  using regular expression

2024-03-08 01:19:10 - [TEST_STEP][PASSED] - verifyTextPresent("Enter address", true, CONTINUE_ON_FAILURE): Text 'Enter address' is present on page  using regular expression

2024-03-08 01:19:10 - [MESSAGE][PASSED] - Text 'Enter address' is present on page  using regular expression

2024-03-08 01:19:10 - [TEST_STEP][PASSED] - verifyTextPresent("Enter city", true, CONTINUE_ON_FAILURE): Text 'Enter city' is present on page  using regular expression

2024-03-08 01:19:10 - [MESSAGE][PASSED] - Text 'Enter city' is present on page  using regular expression

2024-03-08 01:19:10 - [TEST_STEP][PASSED] - verifyTextPresent("Enter ZIP code", true, CONTINUE_ON_FAILURE): Text 'Enter ZIP code' is present on page  using regular expression

2024-03-08 01:19:11 - [MESSAGE][PASSED] - Text 'Enter ZIP code' is present on page  using regular expression

2024-03-08 01:19:11 - [TEST_STEP][PASSED] - verifyTextPresent("Enter a valid phone number", true, CONTINUE_ON_FAILURE): Text 'Enter a valid phone number' is present on page  using regular expression

2024-03-08 01:19:11 - [MESSAGE][PASSED] - Text 'Enter a valid phone number' is present on page  using regular expression

2024-03-08 01:19:11 - [TEST_STEP][PASSED] - verifyTextPresent("Enter Email", true, CONTINUE_ON_FAILURE): Text 'Enter Email' is present on page  using regular expression

2024-03-08 01:19:11 - [MESSAGE][PASSED] - Text 'Enter Email' is present on page  using regular expression

2024-03-08 01:19:11 - [TEST_STEP][PASSED] - resText = "Pass": null

2024-03-08 01:19:11 - [TEST_STEP][PASSED] - pages.WriteExcel.demoKey(resText, datText, resColumn, datCloumn, fileLoc, nameSheet, row): pages.WriteExcel.demoKey is PASSED

2024-03-08 01:19:12 - [MESSAGE][PASSED] - pages.WriteExcel.demoKey is PASSED

2024-03-08 01:19:12 - [TEST_STEP][PASSED] - ExecuteTC = findTestData(dataFile).getValue("Execute", row): null

2024-03-08 01:19:12 - [TEST_STEP][PASSED] - TaxType = findTestData(dataFile).getValue("TaxType", row): null

2024-03-08 01:19:12 - [TEST_STEP][PASSED] - PaymentType = findTestData(dataFile).getValue("PaymentType", row): null

2024-03-08 01:19:12 - [TEST_STEP][PASSED] - FilingYear = findTestData(dataFile).getValue("Year", row): null

2024-03-08 01:19:12 - [TEST_STEP][PASSED] - PeriodEndingMonth = findTestData(dataFile).getValue("Month", row): null

2024-03-08 01:19:12 - [TEST_STEP][PASSED] - feinSSN = findTestData(dataFile).getValue("FeinSsn", row): null

2024-03-08 01:19:12 - [TEST_STEP][PASSED] - if (ExecuteTC.equalsIgnoreCase("Y")): pages.WriteExcel.demoKey is PASSED

2024-03-08 01:19:12 - [TEST_STEP][PASSED] - out.println("Begin Record Number: " + row): null

2024-03-08 01:19:12 - [TEST_STEP][PASSED] - today = new java.util.Date(): null

2024-03-08 01:19:12 - [TEST_STEP][PASSED] - println(today): null

2024-03-08 01:19:12 - [TEST_STEP][PASSED] - datText = today: null

2024-03-08 01:19:12 - [TEST_STEP][PASSED] - logInfo("Payment Type: Quarterly Estimated Tax"): Payment Type: Quarterly Estimated Tax

2024-03-08 01:19:12 - [MESSAGE][INFO] - Payment Type: Quarterly Estimated Tax

2024-03-08 01:19:12 - [TEST_STEP][PASSED] - logInfo("Tax Type: " + TaxType): Tax Type: Fiduciary Tax

2024-03-08 01:19:12 - [MESSAGE][INFO] - Tax Type: Fiduciary Tax

2024-03-08 01:19:12 - [TEST_STEP][PASSED] - openBrowser(""): Browser is opened with url: ''

2024-03-08 01:19:12 - [MESSAGE][WARNING] - A browser is already opened. Closing browser and opening a new one

2024-03-08 01:19:34 - [MESSAGE][INFO] - Starting 'Chrome' driver

2024-03-08 01:19:34 - [MESSAGE][INFO] - User set preference: ['acceptInsecureCerts', 'true']

2024-03-08 01:19:34 - [MESSAGE][INFO] - Action delay is set to 0 milliseconds

2024-03-08 01:19:36 - [MESSAGE][PASSED] - Browser is opened with url: ''

2024-03-08 01:19:36 - [TEST_STEP][PASSED] - maximizeWindow(): Current window maximized

2024-03-08 01:19:36 - [MESSAGE][PASSED] - Current window maximized

2024-03-08 01:19:36 - [TEST_STEP][PASSED] - navigateToUrl(RADurl): Navigate to 'https://qa2.velocitypayment.com/client/rad/index.html' successfully

2024-03-08 01:19:38 - [MESSAGE][PASSED] - Navigate to 'https://qa2.velocitypayment.com/client/rad/index.html' successfully

2024-03-08 01:19:38 - [TEST_STEP][PASSED] - selectOptionByLabel(findTestObject(orPath_Landing + "/dd_TaxType"), "Quarterly Estimated Tax", false): All options with label 'Quarterly Estimated Tax' are selected in object 'Object Repository/RAD_Pages/Landing_Page/dd_TaxType' 

2024-03-08 01:19:38 - [MESSAGE][PASSED] - All options with label 'Quarterly Estimated Tax' are selected in object 'Object Repository/RAD_Pages/Landing_Page/dd_TaxType' 

2024-03-08 01:19:38 - [TEST_STEP][PASSED] - selectOptionByLabel(findTestObject(orPath_TaxTypeFilingYear + "/select_PaymentType"), TaxType, false): All options with label 'Fiduciary Tax' are selected in object 'Object Repository/RAD_Pages/TaxTypeFilingYear_Page/select_PaymentType' 

2024-03-08 01:19:39 - [MESSAGE][PASSED] - All options with label 'Fiduciary Tax' are selected in object 'Object Repository/RAD_Pages/TaxTypeFilingYear_Page/select_PaymentType' 

2024-03-08 01:19:39 - [TEST_STEP][PASSED] - selectOptionByLabel(findTestObject(orPath_TaxTypeFilingYear + "/select_FilingYear"), FilingYear, false): All options with label '2024' are selected in object 'Object Repository/RAD_Pages/TaxTypeFilingYear_Page/select_FilingYear' 

2024-03-08 01:19:40 - [MESSAGE][PASSED] - All options with label '2024' are selected in object 'Object Repository/RAD_Pages/TaxTypeFilingYear_Page/select_FilingYear' 

2024-03-08 01:19:40 - [TEST_STEP][PASSED] - selectOptionByLabel(findTestObject(orPath_TaxTypeFilingYear + "/select_PeriodEnding"), PeriodEndingMonth, false): All options with label 'May' are selected in object 'Object Repository/RAD_Pages/TaxTypeFilingYear_Page/select_PeriodEnding' 

2024-03-08 01:19:40 - [MESSAGE][PASSED] - All options with label 'May' are selected in object 'Object Repository/RAD_Pages/TaxTypeFilingYear_Page/select_PeriodEnding' 

2024-03-08 01:19:40 - [TEST_STEP][PASSED] - setText(findTestObject(orPath_TaxPayer + "/input_businessName"), " "): Text ' ' is set on object 'Object Repository/RAD_Pages/Taxpayer_Page/input_businessName'

2024-03-08 01:19:41 - [MESSAGE][PASSED] - Text ' ' is set on object 'Object Repository/RAD_Pages/Taxpayer_Page/input_businessName'

2024-03-08 01:19:41 - [TEST_STEP][PASSED] - setText(findTestObject(orPath_TaxPayer + "/input_BusinessRepfirstName"), " "): Text ' ' is set on object 'Object Repository/RAD_Pages/Taxpayer_Page/input_BusinessRepfirstName'

2024-03-08 01:19:42 - [MESSAGE][PASSED] - Text ' ' is set on object 'Object Repository/RAD_Pages/Taxpayer_Page/input_BusinessRepfirstName'

2024-03-08 01:19:42 - [TEST_STEP][PASSED] - setText(findTestObject(orPath_TaxPayer + "/input_BusinessReplastName"), " "): Text ' ' is set on object 'Object Repository/RAD_Pages/Taxpayer_Page/input_BusinessReplastName'

2024-03-08 01:19:43 - [MESSAGE][PASSED] - Text ' ' is set on object 'Object Repository/RAD_Pages/Taxpayer_Page/input_BusinessReplastName'

2024-03-08 01:19:43 - [TEST_STEP][PASSED] - setText(findTestObject(orPath_AddressContact + "/input_streetAddress1"), " "): Text ' ' is set on object 'Object Repository/RAD_Pages/AddressAndContactInfo_Page/input_streetAddress1'

2024-03-08 01:19:43 - [MESSAGE][PASSED] - Text ' ' is set on object 'Object Repository/RAD_Pages/AddressAndContactInfo_Page/input_streetAddress1'

2024-03-08 01:19:43 - [TEST_STEP][PASSED] - setText(findTestObject(orPath_AddressContact + "/input_city"), " "): Text ' ' is set on object 'Object Repository/RAD_Pages/AddressAndContactInfo_Page/input_city'

2024-03-08 01:19:44 - [MESSAGE][PASSED] - Text ' ' is set on object 'Object Repository/RAD_Pages/AddressAndContactInfo_Page/input_city'

2024-03-08 01:19:44 - [TEST_STEP][PASSED] - setText(findTestObject(orPath_AddressContact + "/input_zipCode"), " "): Text ' ' is set on object 'Object Repository/RAD_Pages/AddressAndContactInfo_Page/input_zipCode'

2024-03-08 01:19:45 - [MESSAGE][PASSED] - Text ' ' is set on object 'Object Repository/RAD_Pages/AddressAndContactInfo_Page/input_zipCode'

2024-03-08 01:19:45 - [TEST_STEP][PASSED] - setText(findTestObject(orPath_AddressContact + "/input_phoneNumber"), " "): Text ' ' is set on object 'Object Repository/RAD_Pages/AddressAndContactInfo_Page/input_phoneNumber'

2024-03-08 01:19:45 - [MESSAGE][PASSED] - Text ' ' is set on object 'Object Repository/RAD_Pages/AddressAndContactInfo_Page/input_phoneNumber'

2024-03-08 01:19:45 - [TEST_STEP][PASSED] - setText(findTestObject(orPath_AddressContact + "/input_eMailAddress"), " "): Text ' ' is set on object 'Object Repository/RAD_Pages/AddressAndContactInfo_Page/input_eMailAddress'

2024-03-08 01:19:46 - [MESSAGE][PASSED] - Text ' ' is set on object 'Object Repository/RAD_Pages/AddressAndContactInfo_Page/input_eMailAddress'

2024-03-08 01:19:46 - [TEST_STEP][PASSED] - setText(findTestObject(orPath_AddressContact + "/input_reEnterEMailAddress"), " "): Text ' ' is set on object 'Object Repository/RAD_Pages/AddressAndContactInfo_Page/input_reEnterEMailAddress'

2024-03-08 01:19:47 - [MESSAGE][PASSED] - Text ' ' is set on object 'Object Repository/RAD_Pages/AddressAndContactInfo_Page/input_reEnterEMailAddress'

2024-03-08 01:19:47 - [TEST_STEP][PASSED] - resText = "Fail": null

2024-03-08 01:19:47 - [TEST_STEP][PASSED] - pages.WriteExcel.demoKey(resText, datText, resColumn, datCloumn, fileLoc, nameSheet, row): pages.WriteExcel.demoKey is PASSED

2024-03-08 01:19:47 - [MESSAGE][PASSED] - pages.WriteExcel.demoKey is PASSED

2024-03-08 01:19:47 - [TEST_STEP][PASSED] - verifyTextPresent("Enter business name", true, CONTINUE_ON_FAILURE): Text 'Enter business name' is present on page  using regular expression

2024-03-08 01:19:47 - [MESSAGE][PASSED] - Text 'Enter business name' is present on page  using regular expression

2024-03-08 01:19:47 - [TEST_STEP][PASSED] - verifyTextPresent("Enter business rep first name", true, CONTINUE_ON_FAILURE): Text 'Enter business rep first name' is present on page  using regular expression

2024-03-08 01:19:48 - [MESSAGE][PASSED] - Text 'Enter business rep first name' is present on page  using regular expression

2024-03-08 01:19:48 - [TEST_STEP][PASSED] - verifyTextPresent("Enter business rep last name", true, CONTINUE_ON_FAILURE): Text 'Enter business rep last name' is present on page  using regular expression

2024-03-08 01:19:48 - [MESSAGE][PASSED] - Text 'Enter business rep last name' is present on page  using regular expression

2024-03-08 01:19:48 - [TEST_STEP][PASSED] - verifyTextPresent("Enter address", true, CONTINUE_ON_FAILURE): Text 'Enter address' is present on page  using regular expression

2024-03-08 01:19:48 - [MESSAGE][PASSED] - Text 'Enter address' is present on page  using regular expression

2024-03-08 01:19:48 - [TEST_STEP][PASSED] - verifyTextPresent("Enter city", true, CONTINUE_ON_FAILURE): Text 'Enter city' is present on page  using regular expression

2024-03-08 01:19:49 - [MESSAGE][PASSED] - Text 'Enter city' is present on page  using regular expression

2024-03-08 01:19:49 - [TEST_STEP][PASSED] - verifyTextPresent("Enter ZIP code", true, CONTINUE_ON_FAILURE): Text 'Enter ZIP code' is present on page  using regular expression

2024-03-08 01:19:49 - [MESSAGE][PASSED] - Text 'Enter ZIP code' is present on page  using regular expression

2024-03-08 01:19:49 - [TEST_STEP][PASSED] - verifyTextPresent("Enter a valid phone number", true, CONTINUE_ON_FAILURE): Text 'Enter a valid phone number' is present on page  using regular expression

2024-03-08 01:19:50 - [MESSAGE][PASSED] - Text 'Enter a valid phone number' is present on page  using regular expression

2024-03-08 01:19:50 - [TEST_STEP][PASSED] - verifyTextPresent("Enter Email", true, CONTINUE_ON_FAILURE): Text 'Enter Email' is present on page  using regular expression

2024-03-08 01:19:50 - [MESSAGE][PASSED] - Text 'Enter Email' is present on page  using regular expression

2024-03-08 01:19:50 - [TEST_STEP][PASSED] - resText = "Pass": null

2024-03-08 01:19:50 - [TEST_STEP][PASSED] - pages.WriteExcel.demoKey(resText, datText, resColumn, datCloumn, fileLoc, nameSheet, row): pages.WriteExcel.demoKey is PASSED

2024-03-08 01:19:50 - [MESSAGE][PASSED] - pages.WriteExcel.demoKey is PASSED

2024-03-08 01:19:50 - [TEST_STEP][PASSED] - ExecuteTC = findTestData(dataFile).getValue("Execute", row): null

2024-03-08 01:19:50 - [TEST_STEP][PASSED] - TaxType = findTestData(dataFile).getValue("TaxType", row): null

2024-03-08 01:19:50 - [TEST_STEP][PASSED] - PaymentType = findTestData(dataFile).getValue("PaymentType", row): null

2024-03-08 01:19:50 - [TEST_STEP][PASSED] - FilingYear = findTestData(dataFile).getValue("Year", row): null

2024-03-08 01:19:50 - [TEST_STEP][PASSED] - PeriodEndingMonth = findTestData(dataFile).getValue("Month", row): null

2024-03-08 01:19:50 - [TEST_STEP][PASSED] - feinSSN = findTestData(dataFile).getValue("FeinSsn", row): null

2024-03-08 01:19:50 - [TEST_STEP][PASSED] - if (ExecuteTC.equalsIgnoreCase("Y")): pages.WriteExcel.demoKey is PASSED

2024-03-08 01:19:50 - [TEST_STEP][PASSED] - out.println("Begin Record Number: " + row): null

2024-03-08 01:19:50 - [TEST_STEP][PASSED] - today = new java.util.Date(): null

2024-03-08 01:19:50 - [TEST_STEP][PASSED] - println(today): null

2024-03-08 01:19:50 - [TEST_STEP][PASSED] - datText = today: null

2024-03-08 01:19:50 - [TEST_STEP][PASSED] - logInfo("Payment Type: Quarterly Estimated Tax"): Payment Type: Quarterly Estimated Tax

2024-03-08 01:19:50 - [MESSAGE][INFO] - Payment Type: Quarterly Estimated Tax

2024-03-08 01:19:50 - [TEST_STEP][PASSED] - logInfo("Tax Type: " + TaxType): Tax Type: PTE Non-Electing Non-S Corp

2024-03-08 01:19:50 - [MESSAGE][INFO] - Tax Type: PTE Non-Electing Non-S Corp

2024-03-08 01:19:50 - [TEST_STEP][PASSED] - openBrowser(""): Browser is opened with url: ''

2024-03-08 01:19:50 - [MESSAGE][WARNING] - A browser is already opened. Closing browser and opening a new one

2024-03-08 01:20:22 - [MESSAGE][INFO] - Starting 'Chrome' driver

2024-03-08 01:20:22 - [MESSAGE][INFO] - User set preference: ['acceptInsecureCerts', 'true']

2024-03-08 01:20:22 - [MESSAGE][INFO] - Action delay is set to 0 milliseconds

2024-03-08 01:20:24 - [MESSAGE][PASSED] - Browser is opened with url: ''

2024-03-08 01:20:24 - [TEST_STEP][PASSED] - maximizeWindow(): Current window maximized

2024-03-08 01:20:24 - [MESSAGE][PASSED] - Current window maximized

2024-03-08 01:20:24 - [TEST_STEP][PASSED] - navigateToUrl(RADurl): Navigate to 'https://qa2.velocitypayment.com/client/rad/index.html' successfully

2024-03-08 01:20:40 - [MESSAGE][PASSED] - Navigate to 'https://qa2.velocitypayment.com/client/rad/index.html' successfully

2024-03-08 01:20:40 - [TEST_STEP][PASSED] - selectOptionByLabel(findTestObject(orPath_Landing + "/dd_TaxType"), "Quarterly Estimated Tax", false): All options with label 'Quarterly Estimated Tax' are selected in object 'Object Repository/RAD_Pages/Landing_Page/dd_TaxType' 

2024-03-08 01:20:41 - [MESSAGE][PASSED] - All options with label 'Quarterly Estimated Tax' are selected in object 'Object Repository/RAD_Pages/Landing_Page/dd_TaxType' 

2024-03-08 01:20:41 - [TEST_STEP][PASSED] - selectOptionByLabel(findTestObject(orPath_TaxTypeFilingYear + "/select_PaymentType"), TaxType, false): All options with label 'PTE Non-Electing Non-S Corp' are selected in object 'Object Repository/RAD_Pages/TaxTypeFilingYear_Page/select_PaymentType' 

2024-03-08 01:20:42 - [MESSAGE][PASSED] - All options with label 'PTE Non-Electing Non-S Corp' are selected in object 'Object Repository/RAD_Pages/TaxTypeFilingYear_Page/select_PaymentType' 

2024-03-08 01:20:42 - [TEST_STEP][PASSED] - selectOptionByLabel(findTestObject(orPath_TaxTypeFilingYear + "/select_FilingYear"), FilingYear, false): All options with label '2024' are selected in object 'Object Repository/RAD_Pages/TaxTypeFilingYear_Page/select_FilingYear' 

2024-03-08 01:20:42 - [MESSAGE][PASSED] - All options with label '2024' are selected in object 'Object Repository/RAD_Pages/TaxTypeFilingYear_Page/select_FilingYear' 

2024-03-08 01:20:42 - [TEST_STEP][PASSED] - selectOptionByLabel(findTestObject(orPath_TaxTypeFilingYear + "/select_PeriodEnding"), PeriodEndingMonth, false): All options with label 'August' are selected in object 'Object Repository/RAD_Pages/TaxTypeFilingYear_Page/select_PeriodEnding' 

2024-03-08 01:20:43 - [MESSAGE][PASSED] - All options with label 'August' are selected in object 'Object Repository/RAD_Pages/TaxTypeFilingYear_Page/select_PeriodEnding' 

2024-03-08 01:20:43 - [TEST_STEP][PASSED] - setText(findTestObject(orPath_TaxPayer + "/input_businessName"), " "): Text ' ' is set on object 'Object Repository/RAD_Pages/Taxpayer_Page/input_businessName'

2024-03-08 01:20:44 - [MESSAGE][PASSED] - Text ' ' is set on object 'Object Repository/RAD_Pages/Taxpayer_Page/input_businessName'

2024-03-08 01:20:44 - [TEST_STEP][PASSED] - setText(findTestObject(orPath_TaxPayer + "/input_BusinessRepfirstName"), " "): Text ' ' is set on object 'Object Repository/RAD_Pages/Taxpayer_Page/input_BusinessRepfirstName'

2024-03-08 01:20:44 - [MESSAGE][PASSED] - Text ' ' is set on object 'Object Repository/RAD_Pages/Taxpayer_Page/input_BusinessRepfirstName'

2024-03-08 01:20:44 - [TEST_STEP][PASSED] - setText(findTestObject(orPath_TaxPayer + "/input_BusinessReplastName"), " "): Text ' ' is set on object 'Object Repository/RAD_Pages/Taxpayer_Page/input_BusinessReplastName'

2024-03-08 01:20:45 - [MESSAGE][PASSED] - Text ' ' is set on object 'Object Repository/RAD_Pages/Taxpayer_Page/input_BusinessReplastName'

2024-03-08 01:20:45 - [TEST_STEP][PASSED] - setText(findTestObject(orPath_AddressContact + "/input_streetAddress1"), " "): Text ' ' is set on object 'Object Repository/RAD_Pages/AddressAndContactInfo_Page/input_streetAddress1'

2024-03-08 01:20:46 - [MESSAGE][PASSED] - Text ' ' is set on object 'Object Repository/RAD_Pages/AddressAndContactInfo_Page/input_streetAddress1'

2024-03-08 01:20:46 - [TEST_STEP][PASSED] - setText(findTestObject(orPath_AddressContact + "/input_city"), " "): Text ' ' is set on object 'Object Repository/RAD_Pages/AddressAndContactInfo_Page/input_city'

2024-03-08 01:20:46 - [MESSAGE][PASSED] - Text ' ' is set on object 'Object Repository/RAD_Pages/AddressAndContactInfo_Page/input_city'

2024-03-08 01:20:46 - [TEST_STEP][PASSED] - setText(findTestObject(orPath_AddressContact + "/input_zipCode"), " "): Text ' ' is set on object 'Object Repository/RAD_Pages/AddressAndContactInfo_Page/input_zipCode'

2024-03-08 01:20:47 - [MESSAGE][PASSED] - Text ' ' is set on object 'Object Repository/RAD_Pages/AddressAndContactInfo_Page/input_zipCode'

2024-03-08 01:20:47 - [TEST_STEP][PASSED] - setText(findTestObject(orPath_AddressContact + "/input_phoneNumber"), " "): Text ' ' is set on object 'Object Repository/RAD_Pages/AddressAndContactInfo_Page/input_phoneNumber'

2024-03-08 01:20:48 - [MESSAGE][PASSED] - Text ' ' is set on object 'Object Repository/RAD_Pages/AddressAndContactInfo_Page/input_phoneNumber'

2024-03-08 01:20:48 - [TEST_STEP][PASSED] - setText(findTestObject(orPath_AddressContact + "/input_eMailAddress"), " "): Text ' ' is set on object 'Object Repository/RAD_Pages/AddressAndContactInfo_Page/input_eMailAddress'

2024-03-08 01:20:49 - [MESSAGE][PASSED] - Text ' ' is set on object 'Object Repository/RAD_Pages/AddressAndContactInfo_Page/input_eMailAddress'

2024-03-08 01:20:49 - [TEST_STEP][PASSED] - setText(findTestObject(orPath_AddressContact + "/input_reEnterEMailAddress"), " "): Text ' ' is set on object 'Object Repository/RAD_Pages/AddressAndContactInfo_Page/input_reEnterEMailAddress'

2024-03-08 01:20:49 - [MESSAGE][PASSED] - Text ' ' is set on object 'Object Repository/RAD_Pages/AddressAndContactInfo_Page/input_reEnterEMailAddress'

2024-03-08 01:20:49 - [TEST_STEP][PASSED] - resText = "Fail": null

2024-03-08 01:20:49 - [TEST_STEP][PASSED] - pages.WriteExcel.demoKey(resText, datText, resColumn, datCloumn, fileLoc, nameSheet, row): pages.WriteExcel.demoKey is PASSED

2024-03-08 01:20:49 - [MESSAGE][PASSED] - pages.WriteExcel.demoKey is PASSED

2024-03-08 01:20:49 - [TEST_STEP][PASSED] - verifyTextPresent("Enter business name", true, CONTINUE_ON_FAILURE): Text 'Enter business name' is present on page  using regular expression

2024-03-08 01:20:50 - [MESSAGE][PASSED] - Text 'Enter business name' is present on page  using regular expression

2024-03-08 01:20:50 - [TEST_STEP][PASSED] - verifyTextPresent("Enter business rep first name", true, CONTINUE_ON_FAILURE): Text 'Enter business rep first name' is present on page  using regular expression

2024-03-08 01:20:50 - [MESSAGE][PASSED] - Text 'Enter business rep first name' is present on page  using regular expression

2024-03-08 01:20:50 - [TEST_STEP][PASSED] - verifyTextPresent("Enter business rep last name", true, CONTINUE_ON_FAILURE): Text 'Enter business rep last name' is present on page  using regular expression

2024-03-08 01:20:51 - [MESSAGE][PASSED] - Text 'Enter business rep last name' is present on page  using regular expression

2024-03-08 01:20:51 - [TEST_STEP][PASSED] - verifyTextPresent("Enter address", true, CONTINUE_ON_FAILURE): Text 'Enter address' is present on page  using regular expression

2024-03-08 01:20:51 - [MESSAGE][PASSED] - Text 'Enter address' is present on page  using regular expression

2024-03-08 01:20:51 - [TEST_STEP][PASSED] - verifyTextPresent("Enter city", true, CONTINUE_ON_FAILURE): Text 'Enter city' is present on page  using regular expression

2024-03-08 01:20:51 - [MESSAGE][PASSED] - Text 'Enter city' is present on page  using regular expression

2024-03-08 01:20:51 - [TEST_STEP][PASSED] - verifyTextPresent("Enter ZIP code", true, CONTINUE_ON_FAILURE): Text 'Enter ZIP code' is present on page  using regular expression

2024-03-08 01:20:52 - [MESSAGE][PASSED] - Text 'Enter ZIP code' is present on page  using regular expression

2024-03-08 01:20:52 - [TEST_STEP][PASSED] - verifyTextPresent("Enter a valid phone number", true, CONTINUE_ON_FAILURE): Text 'Enter a valid phone number' is present on page  using regular expression

2024-03-08 01:20:52 - [MESSAGE][PASSED] - Text 'Enter a valid phone number' is present on page  using regular expression

2024-03-08 01:20:52 - [TEST_STEP][PASSED] - verifyTextPresent("Enter Email", true, CONTINUE_ON_FAILURE): Text 'Enter Email' is present on page  using regular expression

2024-03-08 01:20:52 - [MESSAGE][PASSED] - Text 'Enter Email' is present on page  using regular expression

2024-03-08 01:20:52 - [TEST_STEP][PASSED] - resText = "Pass": null

2024-03-08 01:20:52 - [TEST_STEP][PASSED] - pages.WriteExcel.demoKey(resText, datText, resColumn, datCloumn, fileLoc, nameSheet, row): pages.WriteExcel.demoKey is PASSED

2024-03-08 01:20:52 - [MESSAGE][PASSED] - pages.WriteExcel.demoKey is PASSED

2024-03-08 01:20:52 - [TEST_STEP][PASSED] - ExecuteTC = findTestData(dataFile).getValue("Execute", row): null

2024-03-08 01:20:52 - [TEST_STEP][PASSED] - TaxType = findTestData(dataFile).getValue("TaxType", row): null

2024-03-08 01:20:53 - [TEST_STEP][PASSED] - PaymentType = findTestData(dataFile).getValue("PaymentType", row): null

2024-03-08 01:20:53 - [TEST_STEP][PASSED] - FilingYear = findTestData(dataFile).getValue("Year", row): null

2024-03-08 01:20:53 - [TEST_STEP][PASSED] - PeriodEndingMonth = findTestData(dataFile).getValue("Month", row): null

2024-03-08 01:20:53 - [TEST_STEP][PASSED] - feinSSN = findTestData(dataFile).getValue("FeinSsn", row): null

2024-03-08 01:20:53 - [TEST_STEP][PASSED] - if (ExecuteTC.equalsIgnoreCase("Y")): pages.WriteExcel.demoKey is PASSED

2024-03-08 01:20:53 - [TEST_STEP][PASSED] - out.println("Begin Record Number: " + row): null

2024-03-08 01:20:53 - [TEST_STEP][PASSED] - today = new java.util.Date(): null

2024-03-08 01:20:53 - [TEST_STEP][PASSED] - println(today): null

2024-03-08 01:20:53 - [TEST_STEP][PASSED] - datText = today: null

2024-03-08 01:20:53 - [TEST_STEP][PASSED] - logInfo("Payment Type: Quarterly Estimated Tax"): Payment Type: Quarterly Estimated Tax

2024-03-08 01:20:53 - [MESSAGE][INFO] - Payment Type: Quarterly Estimated Tax

2024-03-08 01:20:53 - [TEST_STEP][PASSED] - logInfo("Tax Type: " + TaxType): Tax Type: PTE Non-Electing S Corp

2024-03-08 01:20:53 - [MESSAGE][INFO] - Tax Type: PTE Non-Electing S Corp

2024-03-08 01:20:53 - [TEST_STEP][PASSED] - openBrowser(""): Browser is opened with url: ''

2024-03-08 01:20:53 - [MESSAGE][WARNING] - A browser is already opened. Closing browser and opening a new one

2024-03-08 01:21:15 - [MESSAGE][INFO] - Starting 'Chrome' driver

2024-03-08 01:21:15 - [MESSAGE][INFO] - User set preference: ['acceptInsecureCerts', 'true']

2024-03-08 01:21:15 - [MESSAGE][INFO] - Action delay is set to 0 milliseconds

2024-03-08 01:21:16 - [MESSAGE][PASSED] - Browser is opened with url: ''

2024-03-08 01:21:16 - [TEST_STEP][PASSED] - maximizeWindow(): Current window maximized

2024-03-08 01:21:16 - [MESSAGE][PASSED] - Current window maximized

2024-03-08 01:21:16 - [TEST_STEP][PASSED] - navigateToUrl(RADurl): Navigate to 'https://qa2.velocitypayment.com/client/rad/index.html' successfully

2024-03-08 01:21:23 - [MESSAGE][PASSED] - Navigate to 'https://qa2.velocitypayment.com/client/rad/index.html' successfully

2024-03-08 01:21:23 - [TEST_STEP][PASSED] - selectOptionByLabel(findTestObject(orPath_Landing + "/dd_TaxType"), "Quarterly Estimated Tax", false): All options with label 'Quarterly Estimated Tax' are selected in object 'Object Repository/RAD_Pages/Landing_Page/dd_TaxType' 

2024-03-08 01:21:24 - [MESSAGE][PASSED] - All options with label 'Quarterly Estimated Tax' are selected in object 'Object Repository/RAD_Pages/Landing_Page/dd_TaxType' 

2024-03-08 01:21:24 - [TEST_STEP][PASSED] - selectOptionByLabel(findTestObject(orPath_TaxTypeFilingYear + "/select_PaymentType"), TaxType, false): All options with label 'PTE Non-Electing S Corp' are selected in object 'Object Repository/RAD_Pages/TaxTypeFilingYear_Page/select_PaymentType' 

2024-03-08 01:21:24 - [MESSAGE][PASSED] - All options with label 'PTE Non-Electing S Corp' are selected in object 'Object Repository/RAD_Pages/TaxTypeFilingYear_Page/select_PaymentType' 

2024-03-08 01:21:24 - [TEST_STEP][PASSED] - selectOptionByLabel(findTestObject(orPath_TaxTypeFilingYear + "/select_FilingYear"), FilingYear, false): All options with label '2024' are selected in object 'Object Repository/RAD_Pages/TaxTypeFilingYear_Page/select_FilingYear' 

2024-03-08 01:21:25 - [MESSAGE][PASSED] - All options with label '2024' are selected in object 'Object Repository/RAD_Pages/TaxTypeFilingYear_Page/select_FilingYear' 

2024-03-08 01:21:25 - [TEST_STEP][PASSED] - selectOptionByLabel(findTestObject(orPath_TaxTypeFilingYear + "/select_PeriodEnding"), PeriodEndingMonth, false): All options with label 'September' are selected in object 'Object Repository/RAD_Pages/TaxTypeFilingYear_Page/select_PeriodEnding' 

2024-03-08 01:21:26 - [MESSAGE][PASSED] - All options with label 'September' are selected in object 'Object Repository/RAD_Pages/TaxTypeFilingYear_Page/select_PeriodEnding' 

2024-03-08 01:21:26 - [TEST_STEP][PASSED] - setText(findTestObject(orPath_TaxPayer + "/input_businessName"), " "): Text ' ' is set on object 'Object Repository/RAD_Pages/Taxpayer_Page/input_businessName'

2024-03-08 01:21:26 - [MESSAGE][PASSED] - Text ' ' is set on object 'Object Repository/RAD_Pages/Taxpayer_Page/input_businessName'

2024-03-08 01:21:26 - [TEST_STEP][PASSED] - setText(findTestObject(orPath_TaxPayer + "/input_BusinessRepfirstName"), " "): Text ' ' is set on object 'Object Repository/RAD_Pages/Taxpayer_Page/input_BusinessRepfirstName'

2024-03-08 01:21:27 - [MESSAGE][PASSED] - Text ' ' is set on object 'Object Repository/RAD_Pages/Taxpayer_Page/input_BusinessRepfirstName'

2024-03-08 01:21:27 - [TEST_STEP][PASSED] - setText(findTestObject(orPath_TaxPayer + "/input_BusinessReplastName"), " "): Text ' ' is set on object 'Object Repository/RAD_Pages/Taxpayer_Page/input_BusinessReplastName'

2024-03-08 01:21:28 - [MESSAGE][PASSED] - Text ' ' is set on object 'Object Repository/RAD_Pages/Taxpayer_Page/input_BusinessReplastName'

2024-03-08 01:21:28 - [TEST_STEP][PASSED] - setText(findTestObject(orPath_AddressContact + "/input_streetAddress1"), " "): Text ' ' is set on object 'Object Repository/RAD_Pages/AddressAndContactInfo_Page/input_streetAddress1'

2024-03-08 01:21:28 - [MESSAGE][PASSED] - Text ' ' is set on object 'Object Repository/RAD_Pages/AddressAndContactInfo_Page/input_streetAddress1'

2024-03-08 01:21:28 - [TEST_STEP][PASSED] - setText(findTestObject(orPath_AddressContact + "/input_city"), " "): Text ' ' is set on object 'Object Repository/RAD_Pages/AddressAndContactInfo_Page/input_city'

2024-03-08 01:21:29 - [MESSAGE][PASSED] - Text ' ' is set on object 'Object Repository/RAD_Pages/AddressAndContactInfo_Page/input_city'

2024-03-08 01:21:29 - [TEST_STEP][PASSED] - setText(findTestObject(orPath_AddressContact + "/input_zipCode"), " "): Text ' ' is set on object 'Object Repository/RAD_Pages/AddressAndContactInfo_Page/input_zipCode'

2024-03-08 01:21:30 - [MESSAGE][PASSED] - Text ' ' is set on object 'Object Repository/RAD_Pages/AddressAndContactInfo_Page/input_zipCode'

2024-03-08 01:21:30 - [TEST_STEP][PASSED] - setText(findTestObject(orPath_AddressContact + "/input_phoneNumber"), " "): Text ' ' is set on object 'Object Repository/RAD_Pages/AddressAndContactInfo_Page/input_phoneNumber'

2024-03-08 01:21:31 - [MESSAGE][PASSED] - Text ' ' is set on object 'Object Repository/RAD_Pages/AddressAndContactInfo_Page/input_phoneNumber'

2024-03-08 01:21:31 - [TEST_STEP][PASSED] - setText(findTestObject(orPath_AddressContact + "/input_eMailAddress"), " "): Text ' ' is set on object 'Object Repository/RAD_Pages/AddressAndContactInfo_Page/input_eMailAddress'

2024-03-08 01:21:31 - [MESSAGE][PASSED] - Text ' ' is set on object 'Object Repository/RAD_Pages/AddressAndContactInfo_Page/input_eMailAddress'

2024-03-08 01:21:31 - [TEST_STEP][PASSED] - setText(findTestObject(orPath_AddressContact + "/input_reEnterEMailAddress"), " "): Text ' ' is set on object 'Object Repository/RAD_Pages/AddressAndContactInfo_Page/input_reEnterEMailAddress'

2024-03-08 01:21:32 - [MESSAGE][PASSED] - Text ' ' is set on object 'Object Repository/RAD_Pages/AddressAndContactInfo_Page/input_reEnterEMailAddress'

2024-03-08 01:21:32 - [TEST_STEP][PASSED] - resText = "Fail": null

2024-03-08 01:21:32 - [TEST_STEP][PASSED] - pages.WriteExcel.demoKey(resText, datText, resColumn, datCloumn, fileLoc, nameSheet, row): pages.WriteExcel.demoKey is PASSED

2024-03-08 01:21:32 - [MESSAGE][PASSED] - pages.WriteExcel.demoKey is PASSED

2024-03-08 01:21:32 - [TEST_STEP][PASSED] - verifyTextPresent("Enter business name", true, CONTINUE_ON_FAILURE): Text 'Enter business name' is present on page  using regular expression

2024-03-08 01:21:33 - [MESSAGE][PASSED] - Text 'Enter business name' is present on page  using regular expression

2024-03-08 01:21:33 - [TEST_STEP][PASSED] - verifyTextPresent("Enter business rep first name", true, CONTINUE_ON_FAILURE): Text 'Enter business rep first name' is present on page  using regular expression

2024-03-08 01:21:33 - [MESSAGE][PASSED] - Text 'Enter business rep first name' is present on page  using regular expression

2024-03-08 01:21:33 - [TEST_STEP][PASSED] - verifyTextPresent("Enter business rep last name", true, CONTINUE_ON_FAILURE): Text 'Enter business rep last name' is present on page  using regular expression

2024-03-08 01:21:33 - [MESSAGE][PASSED] - Text 'Enter business rep last name' is present on page  using regular expression

2024-03-08 01:21:33 - [TEST_STEP][PASSED] - verifyTextPresent("Enter address", true, CONTINUE_ON_FAILURE): Text 'Enter address' is present on page  using regular expression

2024-03-08 01:21:34 - [MESSAGE][PASSED] - Text 'Enter address' is present on page  using regular expression

2024-03-08 01:21:34 - [TEST_STEP][PASSED] - verifyTextPresent("Enter city", true, CONTINUE_ON_FAILURE): Text 'Enter city' is present on page  using regular expression

2024-03-08 01:21:34 - [MESSAGE][PASSED] - Text 'Enter city' is present on page  using regular expression

2024-03-08 01:21:34 - [TEST_STEP][PASSED] - verifyTextPresent("Enter ZIP code", true, CONTINUE_ON_FAILURE): Text 'Enter ZIP code' is present on page  using regular expression

2024-03-08 01:21:34 - [MESSAGE][PASSED] - Text 'Enter ZIP code' is present on page  using regular expression

2024-03-08 01:21:34 - [TEST_STEP][PASSED] - verifyTextPresent("Enter a valid phone number", true, CONTINUE_ON_FAILURE): Text 'Enter a valid phone number' is present on page  using regular expression

2024-03-08 01:21:35 - [MESSAGE][PASSED] - Text 'Enter a valid phone number' is present on page  using regular expression

2024-03-08 01:21:35 - [TEST_STEP][PASSED] - verifyTextPresent("Enter Email", true, CONTINUE_ON_FAILURE): Text 'Enter Email' is present on page  using regular expression

2024-03-08 01:21:35 - [MESSAGE][PASSED] - Text 'Enter Email' is present on page  using regular expression

2024-03-08 01:21:35 - [TEST_STEP][PASSED] - resText = "Pass": null

2024-03-08 01:21:35 - [TEST_STEP][PASSED] - pages.WriteExcel.demoKey(resText, datText, resColumn, datCloumn, fileLoc, nameSheet, row): pages.WriteExcel.demoKey is PASSED

2024-03-08 01:21:35 - [MESSAGE][PASSED] - pages.WriteExcel.demoKey is PASSED

2024-03-08 01:21:35 - [TEST_STEP][PASSED] - ExecuteTC = findTestData(dataFile).getValue("Execute", row): null

2024-03-08 01:21:35 - [TEST_STEP][PASSED] - TaxType = findTestData(dataFile).getValue("TaxType", row): null

2024-03-08 01:21:35 - [TEST_STEP][PASSED] - PaymentType = findTestData(dataFile).getValue("PaymentType", row): null

2024-03-08 01:21:35 - [TEST_STEP][PASSED] - FilingYear = findTestData(dataFile).getValue("Year", row): null

2024-03-08 01:21:36 - [TEST_STEP][PASSED] - PeriodEndingMonth = findTestData(dataFile).getValue("Month", row): null

2024-03-08 01:21:36 - [TEST_STEP][PASSED] - feinSSN = findTestData(dataFile).getValue("FeinSsn", row): null

2024-03-08 01:21:36 - [TEST_STEP][PASSED] - if (ExecuteTC.equalsIgnoreCase("Y")): pages.WriteExcel.demoKey is PASSED

2024-03-08 01:21:36 - [TEST_STEP][PASSED] - out.println("Begin Record Number: " + row): null

2024-03-08 01:21:36 - [TEST_STEP][PASSED] - today = new java.util.Date(): null

2024-03-08 01:21:36 - [TEST_STEP][PASSED] - println(today): null

2024-03-08 01:21:36 - [TEST_STEP][PASSED] - datText = today: null

2024-03-08 01:21:36 - [TEST_STEP][PASSED] - logInfo("Payment Type: Quarterly Estimated Tax"): Payment Type: Quarterly Estimated Tax

2024-03-08 01:21:36 - [MESSAGE][INFO] - Payment Type: Quarterly Estimated Tax

2024-03-08 01:21:36 - [TEST_STEP][PASSED] - logInfo("Tax Type: " + TaxType): Tax Type: PTE Tax Electing Non-S Corp

2024-03-08 01:21:36 - [MESSAGE][INFO] - Tax Type: PTE Tax Electing Non-S Corp

2024-03-08 01:21:36 - [TEST_STEP][PASSED] - openBrowser(""): Browser is opened with url: ''

2024-03-08 01:21:36 - [MESSAGE][WARNING] - A browser is already opened. Closing browser and opening a new one

2024-03-08 01:22:06 - [MESSAGE][INFO] - Starting 'Chrome' driver

2024-03-08 01:22:06 - [MESSAGE][INFO] - User set preference: ['acceptInsecureCerts', 'true']

2024-03-08 01:22:06 - [MESSAGE][INFO] - Action delay is set to 0 milliseconds

2024-03-08 01:22:07 - [MESSAGE][PASSED] - Browser is opened with url: ''

2024-03-08 01:22:07 - [TEST_STEP][PASSED] - maximizeWindow(): Current window maximized

2024-03-08 01:22:07 - [MESSAGE][PASSED] - Current window maximized

2024-03-08 01:22:07 - [TEST_STEP][PASSED] - navigateToUrl(RADurl): Navigate to 'https://qa2.velocitypayment.com/client/rad/index.html' successfully

2024-03-08 01:22:14 - [MESSAGE][PASSED] - Navigate to 'https://qa2.velocitypayment.com/client/rad/index.html' successfully

2024-03-08 01:22:14 - [TEST_STEP][PASSED] - selectOptionByLabel(findTestObject(orPath_Landing + "/dd_TaxType"), "Quarterly Estimated Tax", false): All options with label 'Quarterly Estimated Tax' are selected in object 'Object Repository/RAD_Pages/Landing_Page/dd_TaxType' 

2024-03-08 01:22:15 - [MESSAGE][PASSED] - All options with label 'Quarterly Estimated Tax' are selected in object 'Object Repository/RAD_Pages/Landing_Page/dd_TaxType' 

2024-03-08 01:22:15 - [TEST_STEP][PASSED] - selectOptionByLabel(findTestObject(orPath_TaxTypeFilingYear + "/select_PaymentType"), TaxType, false): All options with label 'PTE Tax Electing Non-S Corp' are selected in object 'Object Repository/RAD_Pages/TaxTypeFilingYear_Page/select_PaymentType' 

2024-03-08 01:22:15 - [MESSAGE][PASSED] - All options with label 'PTE Tax Electing Non-S Corp' are selected in object 'Object Repository/RAD_Pages/TaxTypeFilingYear_Page/select_PaymentType' 

2024-03-08 01:22:15 - [TEST_STEP][PASSED] - selectOptionByLabel(findTestObject(orPath_TaxTypeFilingYear + "/select_FilingYear"), FilingYear, false): All options with label '2024' are selected in object 'Object Repository/RAD_Pages/TaxTypeFilingYear_Page/select_FilingYear' 

2024-03-08 01:22:16 - [MESSAGE][PASSED] - All options with label '2024' are selected in object 'Object Repository/RAD_Pages/TaxTypeFilingYear_Page/select_FilingYear' 

2024-03-08 01:22:16 - [TEST_STEP][PASSED] - selectOptionByLabel(findTestObject(orPath_TaxTypeFilingYear + "/select_PeriodEnding"), PeriodEndingMonth, false): All options with label 'January' are selected in object 'Object Repository/RAD_Pages/TaxTypeFilingYear_Page/select_PeriodEnding' 

2024-03-08 01:22:17 - [MESSAGE][PASSED] - All options with label 'January' are selected in object 'Object Repository/RAD_Pages/TaxTypeFilingYear_Page/select_PeriodEnding' 

2024-03-08 01:22:17 - [TEST_STEP][PASSED] - setText(findTestObject(orPath_TaxPayer + "/input_businessName"), " "): Text ' ' is set on object 'Object Repository/RAD_Pages/Taxpayer_Page/input_businessName'

2024-03-08 01:22:17 - [MESSAGE][PASSED] - Text ' ' is set on object 'Object Repository/RAD_Pages/Taxpayer_Page/input_businessName'

2024-03-08 01:22:17 - [TEST_STEP][PASSED] - setText(findTestObject(orPath_TaxPayer + "/input_BusinessRepfirstName"), " "): Text ' ' is set on object 'Object Repository/RAD_Pages/Taxpayer_Page/input_BusinessRepfirstName'

2024-03-08 01:22:18 - [MESSAGE][PASSED] - Text ' ' is set on object 'Object Repository/RAD_Pages/Taxpayer_Page/input_BusinessRepfirstName'

2024-03-08 01:22:18 - [TEST_STEP][PASSED] - setText(findTestObject(orPath_TaxPayer + "/input_BusinessReplastName"), " "): Text ' ' is set on object 'Object Repository/RAD_Pages/Taxpayer_Page/input_BusinessReplastName'

2024-03-08 01:22:19 - [MESSAGE][PASSED] - Text ' ' is set on object 'Object Repository/RAD_Pages/Taxpayer_Page/input_BusinessReplastName'

2024-03-08 01:22:19 - [TEST_STEP][PASSED] - setText(findTestObject(orPath_AddressContact + "/input_streetAddress1"), " "): Text ' ' is set on object 'Object Repository/RAD_Pages/AddressAndContactInfo_Page/input_streetAddress1'

2024-03-08 01:22:19 - [MESSAGE][PASSED] - Text ' ' is set on object 'Object Repository/RAD_Pages/AddressAndContactInfo_Page/input_streetAddress1'

2024-03-08 01:22:19 - [TEST_STEP][PASSED] - setText(findTestObject(orPath_AddressContact + "/input_city"), " "): Text ' ' is set on object 'Object Repository/RAD_Pages/AddressAndContactInfo_Page/input_city'

2024-03-08 01:22:20 - [MESSAGE][PASSED] - Text ' ' is set on object 'Object Repository/RAD_Pages/AddressAndContactInfo_Page/input_city'

2024-03-08 01:22:20 - [TEST_STEP][PASSED] - setText(findTestObject(orPath_AddressContact + "/input_zipCode"), " "): Text ' ' is set on object 'Object Repository/RAD_Pages/AddressAndContactInfo_Page/input_zipCode'

2024-03-08 01:22:21 - [MESSAGE][PASSED] - Text ' ' is set on object 'Object Repository/RAD_Pages/AddressAndContactInfo_Page/input_zipCode'

2024-03-08 01:22:21 - [TEST_STEP][PASSED] - setText(findTestObject(orPath_AddressContact + "/input_phoneNumber"), " "): Text ' ' is set on object 'Object Repository/RAD_Pages/AddressAndContactInfo_Page/input_phoneNumber'

2024-03-08 01:22:22 - [MESSAGE][PASSED] - Text ' ' is set on object 'Object Repository/RAD_Pages/AddressAndContactInfo_Page/input_phoneNumber'

2024-03-08 01:22:22 - [TEST_STEP][PASSED] - setText(findTestObject(orPath_AddressContact + "/input_eMailAddress"), " "): Text ' ' is set on object 'Object Repository/RAD_Pages/AddressAndContactInfo_Page/input_eMailAddress'

2024-03-08 01:22:22 - [MESSAGE][PASSED] - Text ' ' is set on object 'Object Repository/RAD_Pages/AddressAndContactInfo_Page/input_eMailAddress'

2024-03-08 01:22:22 - [TEST_STEP][PASSED] - setText(findTestObject(orPath_AddressContact + "/input_reEnterEMailAddress"), " "): Text ' ' is set on object 'Object Repository/RAD_Pages/AddressAndContactInfo_Page/input_reEnterEMailAddress'

2024-03-08 01:22:23 - [MESSAGE][PASSED] - Text ' ' is set on object 'Object Repository/RAD_Pages/AddressAndContactInfo_Page/input_reEnterEMailAddress'

2024-03-08 01:22:23 - [TEST_STEP][PASSED] - resText = "Fail": null

2024-03-08 01:22:23 - [TEST_STEP][PASSED] - pages.WriteExcel.demoKey(resText, datText, resColumn, datCloumn, fileLoc, nameSheet, row): pages.WriteExcel.demoKey is PASSED

2024-03-08 01:22:23 - [MESSAGE][PASSED] - pages.WriteExcel.demoKey is PASSED

2024-03-08 01:22:23 - [TEST_STEP][PASSED] - verifyTextPresent("Enter business name", true, CONTINUE_ON_FAILURE): Text 'Enter business name' is present on page  using regular expression

2024-03-08 01:22:24 - [MESSAGE][PASSED] - Text 'Enter business name' is present on page  using regular expression

2024-03-08 01:22:24 - [TEST_STEP][PASSED] - verifyTextPresent("Enter business rep first name", true, CONTINUE_ON_FAILURE): Text 'Enter business rep first name' is present on page  using regular expression

2024-03-08 01:22:24 - [MESSAGE][PASSED] - Text 'Enter business rep first name' is present on page  using regular expression

2024-03-08 01:22:24 - [TEST_STEP][PASSED] - verifyTextPresent("Enter business rep last name", true, CONTINUE_ON_FAILURE): Text 'Enter business rep last name' is present on page  using regular expression

2024-03-08 01:22:24 - [MESSAGE][PASSED] - Text 'Enter business rep last name' is present on page  using regular expression

2024-03-08 01:22:24 - [TEST_STEP][PASSED] - verifyTextPresent("Enter address", true, CONTINUE_ON_FAILURE): Text 'Enter address' is present on page  using regular expression

2024-03-08 01:22:25 - [MESSAGE][PASSED] - Text 'Enter address' is present on page  using regular expression

2024-03-08 01:22:25 - [TEST_STEP][PASSED] - verifyTextPresent("Enter city", true, CONTINUE_ON_FAILURE): Text 'Enter city' is present on page  using regular expression

2024-03-08 01:22:25 - [MESSAGE][PASSED] - Text 'Enter city' is present on page  using regular expression

2024-03-08 01:22:25 - [TEST_STEP][PASSED] - verifyTextPresent("Enter ZIP code", true, CONTINUE_ON_FAILURE): Text 'Enter ZIP code' is present on page  using regular expression

2024-03-08 01:22:25 - [MESSAGE][PASSED] - Text 'Enter ZIP code' is present on page  using regular expression

2024-03-08 01:22:25 - [TEST_STEP][PASSED] - verifyTextPresent("Enter a valid phone number", true, CONTINUE_ON_FAILURE): Text 'Enter a valid phone number' is present on page  using regular expression

2024-03-08 01:22:26 - [MESSAGE][PASSED] - Text 'Enter a valid phone number' is present on page  using regular expression

2024-03-08 01:22:26 - [TEST_STEP][PASSED] - verifyTextPresent("Enter Email", true, CONTINUE_ON_FAILURE): Text 'Enter Email' is present on page  using regular expression

2024-03-08 01:22:26 - [MESSAGE][PASSED] - Text 'Enter Email' is present on page  using regular expression

2024-03-08 01:22:26 - [TEST_STEP][PASSED] - resText = "Pass": null

2024-03-08 01:22:26 - [TEST_STEP][PASSED] - pages.WriteExcel.demoKey(resText, datText, resColumn, datCloumn, fileLoc, nameSheet, row): pages.WriteExcel.demoKey is PASSED

2024-03-08 01:22:26 - [MESSAGE][PASSED] - pages.WriteExcel.demoKey is PASSED

2024-03-08 01:22:26 - [TEST_STEP][PASSED] - ExecuteTC = findTestData(dataFile).getValue("Execute", row): null

2024-03-08 01:22:26 - [TEST_STEP][PASSED] - TaxType = findTestData(dataFile).getValue("TaxType", row): null

2024-03-08 01:22:26 - [TEST_STEP][PASSED] - PaymentType = findTestData(dataFile).getValue("PaymentType", row): null

2024-03-08 01:22:26 - [TEST_STEP][PASSED] - FilingYear = findTestData(dataFile).getValue("Year", row): null

2024-03-08 01:22:26 - [TEST_STEP][PASSED] - PeriodEndingMonth = findTestData(dataFile).getValue("Month", row): null

2024-03-08 01:22:27 - [TEST_STEP][PASSED] - feinSSN = findTestData(dataFile).getValue("FeinSsn", row): null

2024-03-08 01:22:27 - [TEST_STEP][PASSED] - if (ExecuteTC.equalsIgnoreCase("Y")): pages.WriteExcel.demoKey is PASSED

2024-03-08 01:22:27 - [TEST_STEP][PASSED] - out.println("Begin Record Number: " + row): null

2024-03-08 01:22:27 - [TEST_STEP][PASSED] - today = new java.util.Date(): null

2024-03-08 01:22:27 - [TEST_STEP][PASSED] - println(today): null

2024-03-08 01:22:27 - [TEST_STEP][PASSED] - datText = today: null

2024-03-08 01:22:27 - [TEST_STEP][PASSED] - logInfo("Payment Type: Quarterly Estimated Tax"): Payment Type: Quarterly Estimated Tax

2024-03-08 01:22:27 - [MESSAGE][INFO] - Payment Type: Quarterly Estimated Tax

2024-03-08 01:22:27 - [TEST_STEP][PASSED] - logInfo("Tax Type: " + TaxType): Tax Type: PTE Tax Electing S Corp

2024-03-08 01:22:27 - [MESSAGE][INFO] - Tax Type: PTE Tax Electing S Corp

2024-03-08 01:22:27 - [TEST_STEP][PASSED] - openBrowser(""): Browser is opened with url: ''

2024-03-08 01:22:27 - [MESSAGE][WARNING] - A browser is already opened. Closing browser and opening a new one

2024-03-08 01:22:38 - [MESSAGE][INFO] - Starting 'Chrome' driver

2024-03-08 01:22:38 - [MESSAGE][INFO] - User set preference: ['acceptInsecureCerts', 'true']

2024-03-08 01:22:38 - [MESSAGE][INFO] - Action delay is set to 0 milliseconds

2024-03-08 01:22:39 - [MESSAGE][PASSED] - Browser is opened with url: ''

2024-03-08 01:22:39 - [TEST_STEP][PASSED] - maximizeWindow(): Current window maximized

2024-03-08 01:22:39 - [MESSAGE][PASSED] - Current window maximized

2024-03-08 01:22:39 - [TEST_STEP][PASSED] - navigateToUrl(RADurl): Navigate to 'https://qa2.velocitypayment.com/client/rad/index.html' successfully

2024-03-08 01:22:56 - [MESSAGE][PASSED] - Navigate to 'https://qa2.velocitypayment.com/client/rad/index.html' successfully

2024-03-08 01:22:56 - [TEST_STEP][PASSED] - selectOptionByLabel(findTestObject(orPath_Landing + "/dd_TaxType"), "Quarterly Estimated Tax", false): All options with label 'Quarterly Estimated Tax' are selected in object 'Object Repository/RAD_Pages/Landing_Page/dd_TaxType' 

2024-03-08 01:22:57 - [MESSAGE][PASSED] - All options with label 'Quarterly Estimated Tax' are selected in object 'Object Repository/RAD_Pages/Landing_Page/dd_TaxType' 

2024-03-08 01:22:57 - [TEST_STEP][PASSED] - selectOptionByLabel(findTestObject(orPath_TaxTypeFilingYear + "/select_PaymentType"), TaxType, false): All options with label 'PTE Tax Electing S Corp' are selected in object 'Object Repository/RAD_Pages/TaxTypeFilingYear_Page/select_PaymentType' 

2024-03-08 01:22:58 - [MESSAGE][PASSED] - All options with label 'PTE Tax Electing S Corp' are selected in object 'Object Repository/RAD_Pages/TaxTypeFilingYear_Page/select_PaymentType' 

2024-03-08 01:22:58 - [TEST_STEP][PASSED] - selectOptionByLabel(findTestObject(orPath_TaxTypeFilingYear + "/select_FilingYear"), FilingYear, false): All options with label '2024' are selected in object 'Object Repository/RAD_Pages/TaxTypeFilingYear_Page/select_FilingYear' 

2024-03-08 01:22:58 - [MESSAGE][PASSED] - All options with label '2024' are selected in object 'Object Repository/RAD_Pages/TaxTypeFilingYear_Page/select_FilingYear' 

2024-03-08 01:22:58 - [TEST_STEP][PASSED] - selectOptionByLabel(findTestObject(orPath_TaxTypeFilingYear + "/select_PeriodEnding"), PeriodEndingMonth, false): All options with label 'December' are selected in object 'Object Repository/RAD_Pages/TaxTypeFilingYear_Page/select_PeriodEnding' 

2024-03-08 01:22:59 - [MESSAGE][PASSED] - All options with label 'December' are selected in object 'Object Repository/RAD_Pages/TaxTypeFilingYear_Page/select_PeriodEnding' 

2024-03-08 01:22:59 - [TEST_STEP][PASSED] - setText(findTestObject(orPath_TaxPayer + "/input_businessName"), " "): Text ' ' is set on object 'Object Repository/RAD_Pages/Taxpayer_Page/input_businessName'

2024-03-08 01:23:00 - [MESSAGE][PASSED] - Text ' ' is set on object 'Object Repository/RAD_Pages/Taxpayer_Page/input_businessName'

2024-03-08 01:23:00 - [TEST_STEP][PASSED] - setText(findTestObject(orPath_TaxPayer + "/input_BusinessRepfirstName"), " "): Text ' ' is set on object 'Object Repository/RAD_Pages/Taxpayer_Page/input_BusinessRepfirstName'

2024-03-08 01:23:00 - [MESSAGE][PASSED] - Text ' ' is set on object 'Object Repository/RAD_Pages/Taxpayer_Page/input_BusinessRepfirstName'

2024-03-08 01:23:00 - [TEST_STEP][PASSED] - setText(findTestObject(orPath_TaxPayer + "/input_BusinessReplastName"), " "): Text ' ' is set on object 'Object Repository/RAD_Pages/Taxpayer_Page/input_BusinessReplastName'

2024-03-08 01:23:01 - [MESSAGE][PASSED] - Text ' ' is set on object 'Object Repository/RAD_Pages/Taxpayer_Page/input_BusinessReplastName'

2024-03-08 01:23:01 - [TEST_STEP][PASSED] - setText(findTestObject(orPath_AddressContact + "/input_streetAddress1"), " "): Text ' ' is set on object 'Object Repository/RAD_Pages/AddressAndContactInfo_Page/input_streetAddress1'

2024-03-08 01:23:02 - [MESSAGE][PASSED] - Text ' ' is set on object 'Object Repository/RAD_Pages/AddressAndContactInfo_Page/input_streetAddress1'

2024-03-08 01:23:02 - [TEST_STEP][PASSED] - setText(findTestObject(orPath_AddressContact + "/input_city"), " "): Text ' ' is set on object 'Object Repository/RAD_Pages/AddressAndContactInfo_Page/input_city'

2024-03-08 01:23:02 - [MESSAGE][PASSED] - Text ' ' is set on object 'Object Repository/RAD_Pages/AddressAndContactInfo_Page/input_city'

2024-03-08 01:23:02 - [TEST_STEP][PASSED] - setText(findTestObject(orPath_AddressContact + "/input_zipCode"), " "): Text ' ' is set on object 'Object Repository/RAD_Pages/AddressAndContactInfo_Page/input_zipCode'

2024-03-08 01:23:03 - [MESSAGE][PASSED] - Text ' ' is set on object 'Object Repository/RAD_Pages/AddressAndContactInfo_Page/input_zipCode'

2024-03-08 01:23:03 - [TEST_STEP][PASSED] - setText(findTestObject(orPath_AddressContact + "/input_phoneNumber"), " "): Text ' ' is set on object 'Object Repository/RAD_Pages/AddressAndContactInfo_Page/input_phoneNumber'

2024-03-08 01:23:04 - [MESSAGE][PASSED] - Text ' ' is set on object 'Object Repository/RAD_Pages/AddressAndContactInfo_Page/input_phoneNumber'

2024-03-08 01:23:04 - [TEST_STEP][PASSED] - setText(findTestObject(orPath_AddressContact + "/input_eMailAddress"), " "): Text ' ' is set on object 'Object Repository/RAD_Pages/AddressAndContactInfo_Page/input_eMailAddress'

2024-03-08 01:23:05 - [MESSAGE][PASSED] - Text ' ' is set on object 'Object Repository/RAD_Pages/AddressAndContactInfo_Page/input_eMailAddress'

2024-03-08 01:23:05 - [TEST_STEP][PASSED] - setText(findTestObject(orPath_AddressContact + "/input_reEnterEMailAddress"), " "): Text ' ' is set on object 'Object Repository/RAD_Pages/AddressAndContactInfo_Page/input_reEnterEMailAddress'

2024-03-08 01:23:05 - [MESSAGE][PASSED] - Text ' ' is set on object 'Object Repository/RAD_Pages/AddressAndContactInfo_Page/input_reEnterEMailAddress'

2024-03-08 01:23:05 - [TEST_STEP][PASSED] - resText = "Fail": null

2024-03-08 01:23:05 - [TEST_STEP][PASSED] - pages.WriteExcel.demoKey(resText, datText, resColumn, datCloumn, fileLoc, nameSheet, row): pages.WriteExcel.demoKey is PASSED

2024-03-08 01:23:06 - [MESSAGE][PASSED] - pages.WriteExcel.demoKey is PASSED

2024-03-08 01:23:06 - [TEST_STEP][PASSED] - verifyTextPresent("Enter business name", true, CONTINUE_ON_FAILURE): Text 'Enter business name' is present on page  using regular expression

2024-03-08 01:23:06 - [MESSAGE][PASSED] - Text 'Enter business name' is present on page  using regular expression

2024-03-08 01:23:06 - [TEST_STEP][PASSED] - verifyTextPresent("Enter business rep first name", true, CONTINUE_ON_FAILURE): Text 'Enter business rep first name' is present on page  using regular expression

2024-03-08 01:23:06 - [MESSAGE][PASSED] - Text 'Enter business rep first name' is present on page  using regular expression

2024-03-08 01:23:06 - [TEST_STEP][PASSED] - verifyTextPresent("Enter business rep last name", true, CONTINUE_ON_FAILURE): Text 'Enter business rep last name' is present on page  using regular expression

2024-03-08 01:23:07 - [MESSAGE][PASSED] - Text 'Enter business rep last name' is present on page  using regular expression

2024-03-08 01:23:07 - [TEST_STEP][PASSED] - verifyTextPresent("Enter address", true, CONTINUE_ON_FAILURE): Text 'Enter address' is present on page  using regular expression

2024-03-08 01:23:07 - [MESSAGE][PASSED] - Text 'Enter address' is present on page  using regular expression

2024-03-08 01:23:07 - [TEST_STEP][PASSED] - verifyTextPresent("Enter city", true, CONTINUE_ON_FAILURE): Text 'Enter city' is present on page  using regular expression

2024-03-08 01:23:07 - [MESSAGE][PASSED] - Text 'Enter city' is present on page  using regular expression

2024-03-08 01:23:07 - [TEST_STEP][PASSED] - verifyTextPresent("Enter ZIP code", true, CONTINUE_ON_FAILURE): Text 'Enter ZIP code' is present on page  using regular expression

2024-03-08 01:23:08 - [MESSAGE][PASSED] - Text 'Enter ZIP code' is present on page  using regular expression

2024-03-08 01:23:08 - [TEST_STEP][PASSED] - verifyTextPresent("Enter a valid phone number", true, CONTINUE_ON_FAILURE): Text 'Enter a valid phone number' is present on page  using regular expression

2024-03-08 01:23:08 - [MESSAGE][PASSED] - Text 'Enter a valid phone number' is present on page  using regular expression

2024-03-08 01:23:08 - [TEST_STEP][PASSED] - verifyTextPresent("Enter Email", true, CONTINUE_ON_FAILURE): Text 'Enter Email' is present on page  using regular expression

2024-03-08 01:23:08 - [MESSAGE][PASSED] - Text 'Enter Email' is present on page  using regular expression

2024-03-08 01:23:08 - [TEST_STEP][PASSED] - resText = "Pass": null

2024-03-08 01:23:08 - [TEST_STEP][PASSED] - pages.WriteExcel.demoKey(resText, datText, resColumn, datCloumn, fileLoc, nameSheet, row): pages.WriteExcel.demoKey is PASSED

2024-03-08 01:23:09 - [MESSAGE][PASSED] - pages.WriteExcel.demoKey is PASSED]]></system-out>
         <system-err><![CDATA[]]></system-err>
      </testcase>
      <testcase name="Test Cases/RAD_TestCases/MRF_TestCases/Existing_MRF_TC" time="779.101" classname="Test Cases/RAD_TestCases/MRF_TestCases/Existing_MRF_TC" status="PASSED">
         <system-out><![CDATA[2024-03-08 01:23:09 - [TEST_CASE][PASSED] - Test Cases/RAD_TestCases/MRF_TestCases/Existing_MRF_TC: Test Cases/RAD_TestCases/MRF_TestCases/Existing_MRF_TC

2024-03-08 01:23:09 - [TEST_STEP][PASSED] - resText = "Fail": null

2024-03-08 01:23:09 - [TEST_STEP][PASSED] - resColumn = "Result": null

2024-03-08 01:23:09 - [TEST_STEP][PASSED] - datCloumn = "Date": null

2024-03-08 01:23:09 - [TEST_STEP][PASSED] - fileLoc = "KatalonData/RADTestData/MRF.xlsx": null

2024-03-08 01:23:09 - [TEST_STEP][PASSED] - nameSheet = "Existing": null

2024-03-08 01:23:09 - [TEST_STEP][PASSED] - dataFile = "RADTestData/MRF_Existing": null

2024-03-08 01:23:09 - [TEST_STEP][PASSED] - orPath_Landing = "Object Repository/RAD_Pages/Landing_Page": null

2024-03-08 01:23:09 - [TEST_STEP][PASSED] - orPath_TaxTypeFilingYear = "Object Repository/RAD_Pages/TaxTypeFilingYear_Page": null

2024-03-08 01:23:09 - [TEST_STEP][PASSED] - orPath_Amount = "Object Repository/RAD_Pages/PaymentAmount_Page": null

2024-03-08 01:23:09 - [TEST_STEP][PASSED] - orPath_AddressContact = "Object Repository/RAD_Pages/AddressAndContactInfo_Page": null

2024-03-08 01:23:09 - [TEST_STEP][PASSED] - orPath_Summary = "Object Repository/RAD_Pages/Summary_Page": null

2024-03-08 01:23:09 - [TEST_STEP][PASSED] - orPath_PaymentConfirmation = "Object Repository/RAD_Pages/PaymentConfirmation_Page": null

2024-03-08 01:23:09 - [TEST_STEP][PASSED] - orPath_ServiceFeesAccept = "Object Repository/RAD_Pages/ServiceFeeAccept_Page": null

2024-03-08 01:23:09 - [TEST_STEP][PASSED] - orPath_PaymentEntry = "Object Repository/RAD_Pages/PaymentEntry_Page": null

2024-03-08 01:23:09 - [TEST_STEP][PASSED] - orPath_TaxInfo = "Object Repository/RAD_Pages/TaxInfo_Page": null

2024-03-08 01:23:09 - [TEST_STEP][PASSED] - orPath_TaxPayer = "Object Repository/RAD_Pages/Taxpayer_Page": null

2024-03-08 01:23:09 - [TEST_STEP][PASSED] - orPath_FilingStatus = "Object Repository/RAD_Pages/FilingStatus_Page": null

2024-03-08 01:23:09 - [TEST_STEP][PASSED] - ExecuteTC = <not implemented yet for class: org.codehaus.groovy.ast.expr.EmptyExpression>: null

2024-03-08 01:23:09 - [TEST_STEP][PASSED] - TaxType = <not implemented yet for class: org.codehaus.groovy.ast.expr.EmptyExpression>: null

2024-03-08 01:23:09 - [TEST_STEP][PASSED] - PaymentType = <not implemented yet for class: org.codehaus.groovy.ast.expr.EmptyExpression>: null

2024-03-08 01:23:09 - [TEST_STEP][PASSED] - FilingYear = <not implemented yet for class: org.codehaus.groovy.ast.expr.EmptyExpression>: null

2024-03-08 01:23:09 - [TEST_STEP][PASSED] - PeriodEndingMonth = <not implemented yet for class: org.codehaus.groovy.ast.expr.EmptyExpression>: null

2024-03-08 01:23:09 - [TEST_STEP][PASSED] - feinSsn = <not implemented yet for class: org.codehaus.groovy.ast.expr.EmptyExpression>: null

2024-03-08 01:23:09 - [TEST_STEP][PASSED] - numOfRows = findTestData(dataFile).getRowNumbers(): null

2024-03-08 01:23:09 - [TEST_STEP][PASSED] - println("Number of Records: " + numOfRows): null

2024-03-08 01:23:09 - [TEST_STEP][PASSED] - for ([row = 1, row <= numOfRows, (row++)]): pages.WriteExcel.demoKey is PASSED

2024-03-08 01:23:09 - [TEST_STEP][PASSED] - ExecuteTC = findTestData(dataFile).getValue("Execute", row): null

2024-03-08 01:23:09 - [TEST_STEP][PASSED] - TaxType = findTestData(dataFile).getValue("TaxType", row): null

2024-03-08 01:23:09 - [TEST_STEP][PASSED] - PaymentType = findTestData(dataFile).getValue("PaymentType", row): null

2024-03-08 01:23:09 - [TEST_STEP][PASSED] - feinSsn = findTestData(dataFile).getValue("FEINSSN", row): null

2024-03-08 01:23:10 - [TEST_STEP][PASSED] - if (ExecuteTC.equalsIgnoreCase("Y")): pages.WriteExcel.demoKey is PASSED

2024-03-08 01:23:10 - [TEST_STEP][PASSED] - out.println("Begin Record Number: " + row): null

2024-03-08 01:23:10 - [TEST_STEP][PASSED] - today = new java.util.Date(): null

2024-03-08 01:23:10 - [TEST_STEP][PASSED] - println(today): null

2024-03-08 01:23:10 - [TEST_STEP][PASSED] - datText = today: null

2024-03-08 01:23:10 - [TEST_STEP][PASSED] - logInfo("Payment Type: Existing Liability w/Notice Number"): Payment Type: Existing Liability w/Notice Number

2024-03-08 01:23:10 - [MESSAGE][INFO] - Payment Type: Existing Liability w/Notice Number

2024-03-08 01:23:10 - [TEST_STEP][PASSED] - logInfo("Tax Type: " + TaxType): Tax Type: Bay Restoration Fee

2024-03-08 01:23:10 - [MESSAGE][INFO] - Tax Type: Bay Restoration Fee

2024-03-08 01:23:10 - [TEST_STEP][PASSED] - openBrowser(""): Browser is opened with url: ''

2024-03-08 01:23:10 - [MESSAGE][WARNING] - A browser is already opened. Closing browser and opening a new one

2024-03-08 01:23:21 - [MESSAGE][INFO] - Starting 'Chrome' driver

2024-03-08 01:23:21 - [MESSAGE][INFO] - User set preference: ['acceptInsecureCerts', 'true']

2024-03-08 01:23:21 - [MESSAGE][INFO] - Action delay is set to 0 milliseconds

2024-03-08 01:23:22 - [MESSAGE][PASSED] - Browser is opened with url: ''

2024-03-08 01:23:22 - [TEST_STEP][PASSED] - maximizeWindow(): Current window maximized

2024-03-08 01:23:22 - [MESSAGE][PASSED] - Current window maximized

2024-03-08 01:23:22 - [TEST_STEP][PASSED] - navigateToUrl(RADurl): Navigate to 'https://qa2.velocitypayment.com/client/rad/index.html' successfully

2024-03-08 01:23:29 - [MESSAGE][PASSED] - Navigate to 'https://qa2.velocitypayment.com/client/rad/index.html' successfully

2024-03-08 01:23:29 - [TEST_STEP][PASSED] - selectOptionByLabel(findTestObject(orPath_Landing + "/dd_TaxType"), "Existing Liability w/Notice Number", false): All options with label 'Existing Liability w/Notice Number' are selected in object 'Object Repository/RAD_Pages/Landing_Page/dd_TaxType' 

2024-03-08 01:23:29 - [MESSAGE][PASSED] - All options with label 'Existing Liability w/Notice Number' are selected in object 'Object Repository/RAD_Pages/Landing_Page/dd_TaxType' 

2024-03-08 01:23:29 - [TEST_STEP][PASSED] - selectOptionByLabel(findTestObject(orPath_TaxTypeFilingYear + "/select_TaxType_ExistingLiability"), TaxType, false): All options with label 'Bay Restoration Fee' are selected in object 'Object Repository/RAD_Pages/TaxTypeFilingYear_Page/select_TaxType_ExistingLiability' 

2024-03-08 01:23:30 - [MESSAGE][PASSED] - All options with label 'Bay Restoration Fee' are selected in object 'Object Repository/RAD_Pages/TaxTypeFilingYear_Page/select_TaxType_ExistingLiability' 

2024-03-08 01:23:30 - [TEST_STEP][PASSED] - setText(findTestObject(orPath_TaxPayer + "/input_businessName"), " "): Text ' ' is set on object 'Object Repository/RAD_Pages/Taxpayer_Page/input_businessName'

2024-03-08 01:23:31 - [MESSAGE][PASSED] - Text ' ' is set on object 'Object Repository/RAD_Pages/Taxpayer_Page/input_businessName'

2024-03-08 01:23:31 - [TEST_STEP][PASSED] - setText(findTestObject(orPath_TaxPayer + "/input_BusinessRepfirstName"), " "): Text ' ' is set on object 'Object Repository/RAD_Pages/Taxpayer_Page/input_BusinessRepfirstName'

2024-03-08 01:23:32 - [MESSAGE][PASSED] - Text ' ' is set on object 'Object Repository/RAD_Pages/Taxpayer_Page/input_BusinessRepfirstName'

2024-03-08 01:23:32 - [TEST_STEP][PASSED] - setText(findTestObject(orPath_TaxPayer + "/input_BusinessReplastName"), " "): Text ' ' is set on object 'Object Repository/RAD_Pages/Taxpayer_Page/input_BusinessReplastName'

2024-03-08 01:23:32 - [MESSAGE][PASSED] - Text ' ' is set on object 'Object Repository/RAD_Pages/Taxpayer_Page/input_BusinessReplastName'

2024-03-08 01:23:32 - [TEST_STEP][PASSED] - setText(findTestObject(orPath_AddressContact + "/input_streetAddress1"), " "): Text ' ' is set on object 'Object Repository/RAD_Pages/AddressAndContactInfo_Page/input_streetAddress1'

2024-03-08 01:23:33 - [MESSAGE][PASSED] - Text ' ' is set on object 'Object Repository/RAD_Pages/AddressAndContactInfo_Page/input_streetAddress1'

2024-03-08 01:23:33 - [TEST_STEP][PASSED] - setText(findTestObject(orPath_AddressContact + "/input_city"), " "): Text ' ' is set on object 'Object Repository/RAD_Pages/AddressAndContactInfo_Page/input_city'

2024-03-08 01:23:34 - [MESSAGE][PASSED] - Text ' ' is set on object 'Object Repository/RAD_Pages/AddressAndContactInfo_Page/input_city'

2024-03-08 01:23:34 - [TEST_STEP][PASSED] - setText(findTestObject(orPath_AddressContact + "/input_zipCode"), " "): Text ' ' is set on object 'Object Repository/RAD_Pages/AddressAndContactInfo_Page/input_zipCode'

2024-03-08 01:23:34 - [MESSAGE][PASSED] - Text ' ' is set on object 'Object Repository/RAD_Pages/AddressAndContactInfo_Page/input_zipCode'

2024-03-08 01:23:34 - [TEST_STEP][PASSED] - setText(findTestObject(orPath_AddressContact + "/input_phoneNumber"), " "): Text ' ' is set on object 'Object Repository/RAD_Pages/AddressAndContactInfo_Page/input_phoneNumber'

2024-03-08 01:23:35 - [MESSAGE][PASSED] - Text ' ' is set on object 'Object Repository/RAD_Pages/AddressAndContactInfo_Page/input_phoneNumber'

2024-03-08 01:23:35 - [TEST_STEP][PASSED] - setText(findTestObject(orPath_AddressContact + "/input_eMailAddress"), " "): Text ' ' is set on object 'Object Repository/RAD_Pages/AddressAndContactInfo_Page/input_eMailAddress'

2024-03-08 01:23:36 - [MESSAGE][PASSED] - Text ' ' is set on object 'Object Repository/RAD_Pages/AddressAndContactInfo_Page/input_eMailAddress'

2024-03-08 01:23:36 - [TEST_STEP][PASSED] - setText(findTestObject(orPath_AddressContact + "/input_reEnterEMailAddress"), " "): Text ' ' is set on object 'Object Repository/RAD_Pages/AddressAndContactInfo_Page/input_reEnterEMailAddress'

2024-03-08 01:23:37 - [MESSAGE][PASSED] - Text ' ' is set on object 'Object Repository/RAD_Pages/AddressAndContactInfo_Page/input_reEnterEMailAddress'

2024-03-08 01:23:37 - [TEST_STEP][PASSED] - if (TaxType.equalsIgnoreCase("Estate Tax")): null

2024-03-08 01:23:37 - [TEST_STEP][PASSED] - setText(findTestObject(orPath_Amount + "/input__paymentAmount"), ""): Text '' is set on object 'Object Repository/RAD_Pages/PaymentAmount_Page/input__paymentAmount'

2024-03-08 01:23:37 - [MESSAGE][PASSED] - Text '' is set on object 'Object Repository/RAD_Pages/PaymentAmount_Page/input__paymentAmount'

2024-03-08 01:23:37 - [TEST_STEP][PASSED] - resText = "Fail": null

2024-03-08 01:23:37 - [TEST_STEP][PASSED] - pages.WriteExcel.demoKey(resText, datText, resColumn, datCloumn, fileLoc, nameSheet, row): pages.WriteExcel.demoKey is PASSED

2024-03-08 01:23:38 - [MESSAGE][PASSED] - pages.WriteExcel.demoKey is PASSED

2024-03-08 01:23:38 - [TEST_STEP][PASSED] - verifyTextPresent("Enter business name", true, CONTINUE_ON_FAILURE): Text 'Enter business name' is present on page  using regular expression

2024-03-08 01:23:38 - [MESSAGE][PASSED] - Text 'Enter business name' is present on page  using regular expression

2024-03-08 01:23:38 - [TEST_STEP][PASSED] - verifyTextPresent("Enter business rep first name", true, CONTINUE_ON_FAILURE): Text 'Enter business rep first name' is present on page  using regular expression

2024-03-08 01:23:38 - [MESSAGE][PASSED] - Text 'Enter business rep first name' is present on page  using regular expression

2024-03-08 01:23:38 - [TEST_STEP][PASSED] - verifyTextPresent("Enter business rep last name", true, CONTINUE_ON_FAILURE): Text 'Enter business rep last name' is present on page  using regular expression

2024-03-08 01:23:39 - [MESSAGE][PASSED] - Text 'Enter business rep last name' is present on page  using regular expression

2024-03-08 01:23:39 - [TEST_STEP][PASSED] - verifyTextPresent("Enter address", true, CONTINUE_ON_FAILURE): Text 'Enter address' is present on page  using regular expression

2024-03-08 01:23:39 - [MESSAGE][PASSED] - Text 'Enter address' is present on page  using regular expression

2024-03-08 01:23:39 - [TEST_STEP][PASSED] - verifyTextPresent("Enter city", true, CONTINUE_ON_FAILURE): Text 'Enter city' is present on page  using regular expression

2024-03-08 01:23:39 - [MESSAGE][PASSED] - Text 'Enter city' is present on page  using regular expression

2024-03-08 01:23:39 - [TEST_STEP][PASSED] - verifyTextPresent("Enter ZIP code", true, CONTINUE_ON_FAILURE): Text 'Enter ZIP code' is present on page  using regular expression

2024-03-08 01:23:40 - [MESSAGE][PASSED] - Text 'Enter ZIP code' is present on page  using regular expression

2024-03-08 01:23:40 - [TEST_STEP][PASSED] - verifyTextPresent("Enter a valid phone number", true, CONTINUE_ON_FAILURE): Text 'Enter a valid phone number' is present on page  using regular expression

2024-03-08 01:23:40 - [MESSAGE][PASSED] - Text 'Enter a valid phone number' is present on page  using regular expression

2024-03-08 01:23:40 - [TEST_STEP][PASSED] - verifyTextPresent("Enter Email", true, CONTINUE_ON_FAILURE): Text 'Enter Email' is present on page  using regular expression

2024-03-08 01:23:40 - [MESSAGE][PASSED] - Text 'Enter Email' is present on page  using regular expression

2024-03-08 01:23:40 - [TEST_STEP][PASSED] - if (TaxType.equalsIgnoreCase("Estate Tax")): null

2024-03-08 01:23:40 - [TEST_STEP][PASSED] - resText = "Pass": null

2024-03-08 01:23:40 - [TEST_STEP][PASSED] - pages.WriteExcel.demoKey(resText, datText, resColumn, datCloumn, fileLoc, nameSheet, row): pages.WriteExcel.demoKey is PASSED

2024-03-08 01:23:41 - [MESSAGE][PASSED] - pages.WriteExcel.demoKey is PASSED

2024-03-08 01:23:41 - [TEST_STEP][PASSED] - ExecuteTC = findTestData(dataFile).getValue("Execute", row): null

2024-03-08 01:23:41 - [TEST_STEP][PASSED] - TaxType = findTestData(dataFile).getValue("TaxType", row): null

2024-03-08 01:23:41 - [TEST_STEP][PASSED] - PaymentType = findTestData(dataFile).getValue("PaymentType", row): null

2024-03-08 01:23:41 - [TEST_STEP][PASSED] - feinSsn = findTestData(dataFile).getValue("FEINSSN", row): null

2024-03-08 01:23:41 - [TEST_STEP][PASSED] - if (ExecuteTC.equalsIgnoreCase("Y")): pages.WriteExcel.demoKey is PASSED

2024-03-08 01:23:41 - [TEST_STEP][PASSED] - out.println("Begin Record Number: " + row): null

2024-03-08 01:23:41 - [TEST_STEP][PASSED] - today = new java.util.Date(): null

2024-03-08 01:23:41 - [TEST_STEP][PASSED] - println(today): null

2024-03-08 01:23:41 - [TEST_STEP][PASSED] - datText = today: null

2024-03-08 01:23:41 - [TEST_STEP][PASSED] - logInfo("Payment Type: Existing Liability w/Notice Number"): Payment Type: Existing Liability w/Notice Number

2024-03-08 01:23:41 - [MESSAGE][INFO] - Payment Type: Existing Liability w/Notice Number

2024-03-08 01:23:41 - [TEST_STEP][PASSED] - logInfo("Tax Type: " + TaxType): Tax Type: Corporate Income Tax

2024-03-08 01:23:41 - [MESSAGE][INFO] - Tax Type: Corporate Income Tax

2024-03-08 01:23:41 - [TEST_STEP][PASSED] - openBrowser(""): Browser is opened with url: ''

2024-03-08 01:23:41 - [MESSAGE][WARNING] - A browser is already opened. Closing browser and opening a new one

2024-03-08 01:24:03 - [MESSAGE][INFO] - Starting 'Chrome' driver

2024-03-08 01:24:03 - [MESSAGE][INFO] - User set preference: ['acceptInsecureCerts', 'true']

2024-03-08 01:24:03 - [MESSAGE][INFO] - Action delay is set to 0 milliseconds

2024-03-08 01:24:05 - [MESSAGE][PASSED] - Browser is opened with url: ''

2024-03-08 01:24:05 - [TEST_STEP][PASSED] - maximizeWindow(): Current window maximized

2024-03-08 01:24:05 - [MESSAGE][PASSED] - Current window maximized

2024-03-08 01:24:05 - [TEST_STEP][PASSED] - navigateToUrl(RADurl): Navigate to 'https://qa2.velocitypayment.com/client/rad/index.html' successfully

2024-03-08 01:24:05 - [MESSAGE][PASSED] - Navigate to 'https://qa2.velocitypayment.com/client/rad/index.html' successfully

2024-03-08 01:24:05 - [TEST_STEP][PASSED] - selectOptionByLabel(findTestObject(orPath_Landing + "/dd_TaxType"), "Existing Liability w/Notice Number", false): All options with label 'Existing Liability w/Notice Number' are selected in object 'Object Repository/RAD_Pages/Landing_Page/dd_TaxType' 

2024-03-08 01:24:07 - [MESSAGE][PASSED] - All options with label 'Existing Liability w/Notice Number' are selected in object 'Object Repository/RAD_Pages/Landing_Page/dd_TaxType' 

2024-03-08 01:24:07 - [TEST_STEP][PASSED] - selectOptionByLabel(findTestObject(orPath_TaxTypeFilingYear + "/select_TaxType_ExistingLiability"), TaxType, false): All options with label 'Corporate Income Tax' are selected in object 'Object Repository/RAD_Pages/TaxTypeFilingYear_Page/select_TaxType_ExistingLiability' 

2024-03-08 01:24:08 - [MESSAGE][PASSED] - All options with label 'Corporate Income Tax' are selected in object 'Object Repository/RAD_Pages/TaxTypeFilingYear_Page/select_TaxType_ExistingLiability' 

2024-03-08 01:24:08 - [TEST_STEP][PASSED] - setText(findTestObject(orPath_TaxPayer + "/input_businessName"), " "): Text ' ' is set on object 'Object Repository/RAD_Pages/Taxpayer_Page/input_businessName'

2024-03-08 01:24:09 - [MESSAGE][PASSED] - Text ' ' is set on object 'Object Repository/RAD_Pages/Taxpayer_Page/input_businessName'

2024-03-08 01:24:09 - [TEST_STEP][PASSED] - setText(findTestObject(orPath_TaxPayer + "/input_BusinessRepfirstName"), " "): Text ' ' is set on object 'Object Repository/RAD_Pages/Taxpayer_Page/input_BusinessRepfirstName'

2024-03-08 01:24:09 - [MESSAGE][PASSED] - Text ' ' is set on object 'Object Repository/RAD_Pages/Taxpayer_Page/input_BusinessRepfirstName'

2024-03-08 01:24:09 - [TEST_STEP][PASSED] - setText(findTestObject(orPath_TaxPayer + "/input_BusinessReplastName"), " "): Text ' ' is set on object 'Object Repository/RAD_Pages/Taxpayer_Page/input_BusinessReplastName'

2024-03-08 01:24:10 - [MESSAGE][PASSED] - Text ' ' is set on object 'Object Repository/RAD_Pages/Taxpayer_Page/input_BusinessReplastName'

2024-03-08 01:24:10 - [TEST_STEP][PASSED] - setText(findTestObject(orPath_AddressContact + "/input_streetAddress1"), " "): Text ' ' is set on object 'Object Repository/RAD_Pages/AddressAndContactInfo_Page/input_streetAddress1'

2024-03-08 01:24:11 - [MESSAGE][PASSED] - Text ' ' is set on object 'Object Repository/RAD_Pages/AddressAndContactInfo_Page/input_streetAddress1'

2024-03-08 01:24:11 - [TEST_STEP][PASSED] - setText(findTestObject(orPath_AddressContact + "/input_city"), " "): Text ' ' is set on object 'Object Repository/RAD_Pages/AddressAndContactInfo_Page/input_city'

2024-03-08 01:24:12 - [MESSAGE][PASSED] - Text ' ' is set on object 'Object Repository/RAD_Pages/AddressAndContactInfo_Page/input_city'

2024-03-08 01:24:12 - [TEST_STEP][PASSED] - setText(findTestObject(orPath_AddressContact + "/input_zipCode"), " "): Text ' ' is set on object 'Object Repository/RAD_Pages/AddressAndContactInfo_Page/input_zipCode'

2024-03-08 01:24:12 - [MESSAGE][PASSED] - Text ' ' is set on object 'Object Repository/RAD_Pages/AddressAndContactInfo_Page/input_zipCode'

2024-03-08 01:24:12 - [TEST_STEP][PASSED] - setText(findTestObject(orPath_AddressContact + "/input_phoneNumber"), " "): Text ' ' is set on object 'Object Repository/RAD_Pages/AddressAndContactInfo_Page/input_phoneNumber'

2024-03-08 01:24:13 - [MESSAGE][PASSED] - Text ' ' is set on object 'Object Repository/RAD_Pages/AddressAndContactInfo_Page/input_phoneNumber'

2024-03-08 01:24:13 - [TEST_STEP][PASSED] - setText(findTestObject(orPath_AddressContact + "/input_eMailAddress"), " "): Text ' ' is set on object 'Object Repository/RAD_Pages/AddressAndContactInfo_Page/input_eMailAddress'

2024-03-08 01:24:14 - [MESSAGE][PASSED] - Text ' ' is set on object 'Object Repository/RAD_Pages/AddressAndContactInfo_Page/input_eMailAddress'

2024-03-08 01:24:14 - [TEST_STEP][PASSED] - setText(findTestObject(orPath_AddressContact + "/input_reEnterEMailAddress"), " "): Text ' ' is set on object 'Object Repository/RAD_Pages/AddressAndContactInfo_Page/input_reEnterEMailAddress'

2024-03-08 01:24:14 - [MESSAGE][PASSED] - Text ' ' is set on object 'Object Repository/RAD_Pages/AddressAndContactInfo_Page/input_reEnterEMailAddress'

2024-03-08 01:24:14 - [TEST_STEP][PASSED] - if (TaxType.equalsIgnoreCase("Estate Tax")): null

2024-03-08 01:24:14 - [TEST_STEP][PASSED] - setText(findTestObject(orPath_Amount + "/input__paymentAmount"), ""): Text '' is set on object 'Object Repository/RAD_Pages/PaymentAmount_Page/input__paymentAmount'

2024-03-08 01:24:15 - [MESSAGE][PASSED] - Text '' is set on object 'Object Repository/RAD_Pages/PaymentAmount_Page/input__paymentAmount'

2024-03-08 01:24:15 - [TEST_STEP][PASSED] - resText = "Fail": null

2024-03-08 01:24:15 - [TEST_STEP][PASSED] - pages.WriteExcel.demoKey(resText, datText, resColumn, datCloumn, fileLoc, nameSheet, row): pages.WriteExcel.demoKey is PASSED

2024-03-08 01:24:15 - [MESSAGE][PASSED] - pages.WriteExcel.demoKey is PASSED

2024-03-08 01:24:15 - [TEST_STEP][PASSED] - verifyTextPresent("Enter business name", true, CONTINUE_ON_FAILURE): Text 'Enter business name' is present on page  using regular expression

2024-03-08 01:24:16 - [MESSAGE][PASSED] - Text 'Enter business name' is present on page  using regular expression

2024-03-08 01:24:16 - [TEST_STEP][PASSED] - verifyTextPresent("Enter business rep first name", true, CONTINUE_ON_FAILURE): Text 'Enter business rep first name' is present on page  using regular expression

2024-03-08 01:24:16 - [MESSAGE][PASSED] - Text 'Enter business rep first name' is present on page  using regular expression

2024-03-08 01:24:16 - [TEST_STEP][PASSED] - verifyTextPresent("Enter business rep last name", true, CONTINUE_ON_FAILURE): Text 'Enter business rep last name' is present on page  using regular expression

2024-03-08 01:24:16 - [MESSAGE][PASSED] - Text 'Enter business rep last name' is present on page  using regular expression

2024-03-08 01:24:16 - [TEST_STEP][PASSED] - verifyTextPresent("Enter address", true, CONTINUE_ON_FAILURE): Text 'Enter address' is present on page  using regular expression

2024-03-08 01:24:17 - [MESSAGE][PASSED] - Text 'Enter address' is present on page  using regular expression

2024-03-08 01:24:17 - [TEST_STEP][PASSED] - verifyTextPresent("Enter city", true, CONTINUE_ON_FAILURE): Text 'Enter city' is present on page  using regular expression

2024-03-08 01:24:17 - [MESSAGE][PASSED] - Text 'Enter city' is present on page  using regular expression

2024-03-08 01:24:17 - [TEST_STEP][PASSED] - verifyTextPresent("Enter ZIP code", true, CONTINUE_ON_FAILURE): Text 'Enter ZIP code' is present on page  using regular expression

2024-03-08 01:24:18 - [MESSAGE][PASSED] - Text 'Enter ZIP code' is present on page  using regular expression

2024-03-08 01:24:18 - [TEST_STEP][PASSED] - verifyTextPresent("Enter a valid phone number", true, CONTINUE_ON_FAILURE): Text 'Enter a valid phone number' is present on page  using regular expression

2024-03-08 01:24:18 - [MESSAGE][PASSED] - Text 'Enter a valid phone number' is present on page  using regular expression

2024-03-08 01:24:18 - [TEST_STEP][PASSED] - verifyTextPresent("Enter Email", true, CONTINUE_ON_FAILURE): Text 'Enter Email' is present on page  using regular expression

2024-03-08 01:24:18 - [MESSAGE][PASSED] - Text 'Enter Email' is present on page  using regular expression

2024-03-08 01:24:18 - [TEST_STEP][PASSED] - if (TaxType.equalsIgnoreCase("Estate Tax")): null

2024-03-08 01:24:18 - [TEST_STEP][PASSED] - resText = "Pass": null

2024-03-08 01:24:18 - [TEST_STEP][PASSED] - pages.WriteExcel.demoKey(resText, datText, resColumn, datCloumn, fileLoc, nameSheet, row): pages.WriteExcel.demoKey is PASSED

2024-03-08 01:24:18 - [MESSAGE][PASSED] - pages.WriteExcel.demoKey is PASSED

2024-03-08 01:24:18 - [TEST_STEP][PASSED] - ExecuteTC = findTestData(dataFile).getValue("Execute", row): null

2024-03-08 01:24:18 - [TEST_STEP][PASSED] - TaxType = findTestData(dataFile).getValue("TaxType", row): null

2024-03-08 01:24:18 - [TEST_STEP][PASSED] - PaymentType = findTestData(dataFile).getValue("PaymentType", row): null

2024-03-08 01:24:19 - [TEST_STEP][PASSED] - feinSsn = findTestData(dataFile).getValue("FEINSSN", row): null

2024-03-08 01:24:19 - [TEST_STEP][PASSED] - if (ExecuteTC.equalsIgnoreCase("Y")): pages.WriteExcel.demoKey is PASSED

2024-03-08 01:24:19 - [TEST_STEP][PASSED] - out.println("Begin Record Number: " + row): null

2024-03-08 01:24:19 - [TEST_STEP][PASSED] - today = new java.util.Date(): null

2024-03-08 01:24:19 - [TEST_STEP][PASSED] - println(today): null

2024-03-08 01:24:19 - [TEST_STEP][PASSED] - datText = today: null

2024-03-08 01:24:19 - [TEST_STEP][PASSED] - logInfo("Payment Type: Existing Liability w/Notice Number"): Payment Type: Existing Liability w/Notice Number

2024-03-08 01:24:19 - [MESSAGE][INFO] - Payment Type: Existing Liability w/Notice Number

2024-03-08 01:24:19 - [TEST_STEP][PASSED] - logInfo("Tax Type: " + TaxType): Tax Type: Fiduciary Tax

2024-03-08 01:24:19 - [MESSAGE][INFO] - Tax Type: Fiduciary Tax

2024-03-08 01:24:19 - [TEST_STEP][PASSED] - openBrowser(""): Browser is opened with url: ''

2024-03-08 01:24:19 - [MESSAGE][WARNING] - A browser is already opened. Closing browser and opening a new one

2024-03-08 01:24:46 - [MESSAGE][INFO] - Starting 'Chrome' driver

2024-03-08 01:24:46 - [MESSAGE][INFO] - User set preference: ['acceptInsecureCerts', 'true']

2024-03-08 01:24:46 - [MESSAGE][INFO] - Action delay is set to 0 milliseconds

2024-03-08 01:24:47 - [MESSAGE][PASSED] - Browser is opened with url: ''

2024-03-08 01:24:47 - [TEST_STEP][PASSED] - maximizeWindow(): Current window maximized

2024-03-08 01:24:48 - [MESSAGE][PASSED] - Current window maximized

2024-03-08 01:24:48 - [TEST_STEP][PASSED] - navigateToUrl(RADurl): Navigate to 'https://qa2.velocitypayment.com/client/rad/index.html' successfully

2024-03-08 01:24:54 - [MESSAGE][PASSED] - Navigate to 'https://qa2.velocitypayment.com/client/rad/index.html' successfully

2024-03-08 01:24:54 - [TEST_STEP][PASSED] - selectOptionByLabel(findTestObject(orPath_Landing + "/dd_TaxType"), "Existing Liability w/Notice Number", false): All options with label 'Existing Liability w/Notice Number' are selected in object 'Object Repository/RAD_Pages/Landing_Page/dd_TaxType' 

2024-03-08 01:24:55 - [MESSAGE][PASSED] - All options with label 'Existing Liability w/Notice Number' are selected in object 'Object Repository/RAD_Pages/Landing_Page/dd_TaxType' 

2024-03-08 01:24:55 - [TEST_STEP][PASSED] - selectOptionByLabel(findTestObject(orPath_TaxTypeFilingYear + "/select_TaxType_ExistingLiability"), TaxType, false): All options with label 'Fiduciary Tax' are selected in object 'Object Repository/RAD_Pages/TaxTypeFilingYear_Page/select_TaxType_ExistingLiability' 

2024-03-08 01:24:56 - [MESSAGE][PASSED] - All options with label 'Fiduciary Tax' are selected in object 'Object Repository/RAD_Pages/TaxTypeFilingYear_Page/select_TaxType_ExistingLiability' 

2024-03-08 01:24:56 - [TEST_STEP][PASSED] - setText(findTestObject(orPath_TaxPayer + "/input_businessName"), " "): Text ' ' is set on object 'Object Repository/RAD_Pages/Taxpayer_Page/input_businessName'

2024-03-08 01:24:56 - [MESSAGE][PASSED] - Text ' ' is set on object 'Object Repository/RAD_Pages/Taxpayer_Page/input_businessName'

2024-03-08 01:24:56 - [TEST_STEP][PASSED] - setText(findTestObject(orPath_TaxPayer + "/input_BusinessRepfirstName"), " "): Text ' ' is set on object 'Object Repository/RAD_Pages/Taxpayer_Page/input_BusinessRepfirstName'

2024-03-08 01:24:57 - [MESSAGE][PASSED] - Text ' ' is set on object 'Object Repository/RAD_Pages/Taxpayer_Page/input_BusinessRepfirstName'

2024-03-08 01:24:57 - [TEST_STEP][PASSED] - setText(findTestObject(orPath_TaxPayer + "/input_BusinessReplastName"), " "): Text ' ' is set on object 'Object Repository/RAD_Pages/Taxpayer_Page/input_BusinessReplastName'

2024-03-08 01:24:58 - [MESSAGE][PASSED] - Text ' ' is set on object 'Object Repository/RAD_Pages/Taxpayer_Page/input_BusinessReplastName'

2024-03-08 01:24:58 - [TEST_STEP][PASSED] - setText(findTestObject(orPath_AddressContact + "/input_streetAddress1"), " "): Text ' ' is set on object 'Object Repository/RAD_Pages/AddressAndContactInfo_Page/input_streetAddress1'

2024-03-08 01:24:59 - [MESSAGE][PASSED] - Text ' ' is set on object 'Object Repository/RAD_Pages/AddressAndContactInfo_Page/input_streetAddress1'

2024-03-08 01:24:59 - [TEST_STEP][PASSED] - setText(findTestObject(orPath_AddressContact + "/input_city"), " "): Text ' ' is set on object 'Object Repository/RAD_Pages/AddressAndContactInfo_Page/input_city'

2024-03-08 01:24:59 - [MESSAGE][PASSED] - Text ' ' is set on object 'Object Repository/RAD_Pages/AddressAndContactInfo_Page/input_city'

2024-03-08 01:24:59 - [TEST_STEP][PASSED] - setText(findTestObject(orPath_AddressContact + "/input_zipCode"), " "): Text ' ' is set on object 'Object Repository/RAD_Pages/AddressAndContactInfo_Page/input_zipCode'

2024-03-08 01:25:00 - [MESSAGE][PASSED] - Text ' ' is set on object 'Object Repository/RAD_Pages/AddressAndContactInfo_Page/input_zipCode'

2024-03-08 01:25:00 - [TEST_STEP][PASSED] - setText(findTestObject(orPath_AddressContact + "/input_phoneNumber"), " "): Text ' ' is set on object 'Object Repository/RAD_Pages/AddressAndContactInfo_Page/input_phoneNumber'

2024-03-08 01:25:01 - [MESSAGE][PASSED] - Text ' ' is set on object 'Object Repository/RAD_Pages/AddressAndContactInfo_Page/input_phoneNumber'

2024-03-08 01:25:01 - [TEST_STEP][PASSED] - setText(findTestObject(orPath_AddressContact + "/input_eMailAddress"), " "): Text ' ' is set on object 'Object Repository/RAD_Pages/AddressAndContactInfo_Page/input_eMailAddress'

2024-03-08 01:25:01 - [MESSAGE][PASSED] - Text ' ' is set on object 'Object Repository/RAD_Pages/AddressAndContactInfo_Page/input_eMailAddress'

2024-03-08 01:25:01 - [TEST_STEP][PASSED] - setText(findTestObject(orPath_AddressContact + "/input_reEnterEMailAddress"), " "): Text ' ' is set on object 'Object Repository/RAD_Pages/AddressAndContactInfo_Page/input_reEnterEMailAddress'

2024-03-08 01:25:02 - [MESSAGE][PASSED] - Text ' ' is set on object 'Object Repository/RAD_Pages/AddressAndContactInfo_Page/input_reEnterEMailAddress'

2024-03-08 01:25:02 - [TEST_STEP][PASSED] - if (TaxType.equalsIgnoreCase("Estate Tax")): null

2024-03-08 01:25:02 - [TEST_STEP][PASSED] - setText(findTestObject(orPath_Amount + "/input__paymentAmount"), ""): Text '' is set on object 'Object Repository/RAD_Pages/PaymentAmount_Page/input__paymentAmount'

2024-03-08 01:25:03 - [MESSAGE][PASSED] - Text '' is set on object 'Object Repository/RAD_Pages/PaymentAmount_Page/input__paymentAmount'

2024-03-08 01:25:03 - [TEST_STEP][PASSED] - resText = "Fail": null

2024-03-08 01:25:03 - [TEST_STEP][PASSED] - pages.WriteExcel.demoKey(resText, datText, resColumn, datCloumn, fileLoc, nameSheet, row): pages.WriteExcel.demoKey is PASSED

2024-03-08 01:25:03 - [MESSAGE][PASSED] - pages.WriteExcel.demoKey is PASSED

2024-03-08 01:25:03 - [TEST_STEP][PASSED] - verifyTextPresent("Enter business name", true, CONTINUE_ON_FAILURE): Text 'Enter business name' is present on page  using regular expression

2024-03-08 01:25:04 - [MESSAGE][PASSED] - Text 'Enter business name' is present on page  using regular expression

2024-03-08 01:25:04 - [TEST_STEP][PASSED] - verifyTextPresent("Enter business rep first name", true, CONTINUE_ON_FAILURE): Text 'Enter business rep first name' is present on page  using regular expression

2024-03-08 01:25:04 - [MESSAGE][PASSED] - Text 'Enter business rep first name' is present on page  using regular expression

2024-03-08 01:25:04 - [TEST_STEP][PASSED] - verifyTextPresent("Enter business rep last name", true, CONTINUE_ON_FAILURE): Text 'Enter business rep last name' is present on page  using regular expression

2024-03-08 01:25:04 - [MESSAGE][PASSED] - Text 'Enter business rep last name' is present on page  using regular expression

2024-03-08 01:25:04 - [TEST_STEP][PASSED] - verifyTextPresent("Enter address", true, CONTINUE_ON_FAILURE): Text 'Enter address' is present on page  using regular expression

2024-03-08 01:25:05 - [MESSAGE][PASSED] - Text 'Enter address' is present on page  using regular expression

2024-03-08 01:25:05 - [TEST_STEP][PASSED] - verifyTextPresent("Enter city", true, CONTINUE_ON_FAILURE): Text 'Enter city' is present on page  using regular expression

2024-03-08 01:25:05 - [MESSAGE][PASSED] - Text 'Enter city' is present on page  using regular expression

2024-03-08 01:25:05 - [TEST_STEP][PASSED] - verifyTextPresent("Enter ZIP code", true, CONTINUE_ON_FAILURE): Text 'Enter ZIP code' is present on page  using regular expression

2024-03-08 01:25:05 - [MESSAGE][PASSED] - Text 'Enter ZIP code' is present on page  using regular expression

2024-03-08 01:25:05 - [TEST_STEP][PASSED] - verifyTextPresent("Enter a valid phone number", true, CONTINUE_ON_FAILURE): Text 'Enter a valid phone number' is present on page  using regular expression

2024-03-08 01:25:06 - [MESSAGE][PASSED] - Text 'Enter a valid phone number' is present on page  using regular expression

2024-03-08 01:25:06 - [TEST_STEP][PASSED] - verifyTextPresent("Enter Email", true, CONTINUE_ON_FAILURE): Text 'Enter Email' is present on page  using regular expression

2024-03-08 01:25:06 - [MESSAGE][PASSED] - Text 'Enter Email' is present on page  using regular expression

2024-03-08 01:25:06 - [TEST_STEP][PASSED] - if (TaxType.equalsIgnoreCase("Estate Tax")): null

2024-03-08 01:25:06 - [TEST_STEP][PASSED] - resText = "Pass": null

2024-03-08 01:25:06 - [TEST_STEP][PASSED] - pages.WriteExcel.demoKey(resText, datText, resColumn, datCloumn, fileLoc, nameSheet, row): pages.WriteExcel.demoKey is PASSED

2024-03-08 01:25:06 - [MESSAGE][PASSED] - pages.WriteExcel.demoKey is PASSED

2024-03-08 01:25:06 - [TEST_STEP][PASSED] - ExecuteTC = findTestData(dataFile).getValue("Execute", row): null

2024-03-08 01:25:06 - [TEST_STEP][PASSED] - TaxType = findTestData(dataFile).getValue("TaxType", row): null

2024-03-08 01:25:06 - [TEST_STEP][PASSED] - PaymentType = findTestData(dataFile).getValue("PaymentType", row): null

2024-03-08 01:25:06 - [TEST_STEP][PASSED] - feinSsn = findTestData(dataFile).getValue("FEINSSN", row): null

2024-03-08 01:25:06 - [TEST_STEP][PASSED] - if (ExecuteTC.equalsIgnoreCase("Y")): pages.WriteExcel.demoKey is PASSED

2024-03-08 01:25:06 - [TEST_STEP][PASSED] - out.println("Begin Record Number: " + row): null

2024-03-08 01:25:06 - [TEST_STEP][PASSED] - today = new java.util.Date(): null

2024-03-08 01:25:06 - [TEST_STEP][PASSED] - println(today): null

2024-03-08 01:25:06 - [TEST_STEP][PASSED] - datText = today: null

2024-03-08 01:25:06 - [TEST_STEP][PASSED] - logInfo("Payment Type: Existing Liability w/Notice Number"): Payment Type: Existing Liability w/Notice Number

2024-03-08 01:25:06 - [MESSAGE][INFO] - Payment Type: Existing Liability w/Notice Number

2024-03-08 01:25:06 - [TEST_STEP][PASSED] - logInfo("Tax Type: " + TaxType): Tax Type: PTE Non-Electing Non-S Corp

2024-03-08 01:25:06 - [MESSAGE][INFO] - Tax Type: PTE Non-Electing Non-S Corp

2024-03-08 01:25:06 - [TEST_STEP][PASSED] - openBrowser(""): Browser is opened with url: ''

2024-03-08 01:25:06 - [MESSAGE][WARNING] - A browser is already opened. Closing browser and opening a new one

2024-03-08 01:25:24 - [MESSAGE][INFO] - Starting 'Chrome' driver

2024-03-08 01:25:24 - [MESSAGE][INFO] - User set preference: ['acceptInsecureCerts', 'true']

2024-03-08 01:25:24 - [MESSAGE][INFO] - Action delay is set to 0 milliseconds

2024-03-08 01:25:26 - [MESSAGE][PASSED] - Browser is opened with url: ''

2024-03-08 01:25:26 - [TEST_STEP][PASSED] - maximizeWindow(): Current window maximized

2024-03-08 01:25:26 - [MESSAGE][PASSED] - Current window maximized

2024-03-08 01:25:26 - [TEST_STEP][PASSED] - navigateToUrl(RADurl): Navigate to 'https://qa2.velocitypayment.com/client/rad/index.html' successfully

2024-03-08 01:25:33 - [MESSAGE][PASSED] - Navigate to 'https://qa2.velocitypayment.com/client/rad/index.html' successfully

2024-03-08 01:25:33 - [TEST_STEP][PASSED] - selectOptionByLabel(findTestObject(orPath_Landing + "/dd_TaxType"), "Existing Liability w/Notice Number", false): All options with label 'Existing Liability w/Notice Number' are selected in object 'Object Repository/RAD_Pages/Landing_Page/dd_TaxType' 

2024-03-08 01:25:34 - [MESSAGE][PASSED] - All options with label 'Existing Liability w/Notice Number' are selected in object 'Object Repository/RAD_Pages/Landing_Page/dd_TaxType' 

2024-03-08 01:25:34 - [TEST_STEP][PASSED] - selectOptionByLabel(findTestObject(orPath_TaxTypeFilingYear + "/select_TaxType_ExistingLiability"), TaxType, false): All options with label 'PTE Non-Electing Non-S Corp' are selected in object 'Object Repository/RAD_Pages/TaxTypeFilingYear_Page/select_TaxType_ExistingLiability' 

2024-03-08 01:25:35 - [MESSAGE][PASSED] - All options with label 'PTE Non-Electing Non-S Corp' are selected in object 'Object Repository/RAD_Pages/TaxTypeFilingYear_Page/select_TaxType_ExistingLiability' 

2024-03-08 01:25:35 - [TEST_STEP][PASSED] - setText(findTestObject(orPath_TaxPayer + "/input_businessName"), " "): Text ' ' is set on object 'Object Repository/RAD_Pages/Taxpayer_Page/input_businessName'

2024-03-08 01:25:36 - [MESSAGE][PASSED] - Text ' ' is set on object 'Object Repository/RAD_Pages/Taxpayer_Page/input_businessName'

2024-03-08 01:25:36 - [TEST_STEP][PASSED] - setText(findTestObject(orPath_TaxPayer + "/input_BusinessRepfirstName"), " "): Text ' ' is set on object 'Object Repository/RAD_Pages/Taxpayer_Page/input_BusinessRepfirstName'

2024-03-08 01:25:36 - [MESSAGE][PASSED] - Text ' ' is set on object 'Object Repository/RAD_Pages/Taxpayer_Page/input_BusinessRepfirstName'

2024-03-08 01:25:36 - [TEST_STEP][PASSED] - setText(findTestObject(orPath_TaxPayer + "/input_BusinessReplastName"), " "): Text ' ' is set on object 'Object Repository/RAD_Pages/Taxpayer_Page/input_BusinessReplastName'

2024-03-08 01:25:37 - [MESSAGE][PASSED] - Text ' ' is set on object 'Object Repository/RAD_Pages/Taxpayer_Page/input_BusinessReplastName'

2024-03-08 01:25:37 - [TEST_STEP][PASSED] - setText(findTestObject(orPath_AddressContact + "/input_streetAddress1"), " "): Text ' ' is set on object 'Object Repository/RAD_Pages/AddressAndContactInfo_Page/input_streetAddress1'

2024-03-08 01:25:38 - [MESSAGE][PASSED] - Text ' ' is set on object 'Object Repository/RAD_Pages/AddressAndContactInfo_Page/input_streetAddress1'

2024-03-08 01:25:38 - [TEST_STEP][PASSED] - setText(findTestObject(orPath_AddressContact + "/input_city"), " "): Text ' ' is set on object 'Object Repository/RAD_Pages/AddressAndContactInfo_Page/input_city'

2024-03-08 01:25:38 - [MESSAGE][PASSED] - Text ' ' is set on object 'Object Repository/RAD_Pages/AddressAndContactInfo_Page/input_city'

2024-03-08 01:25:38 - [TEST_STEP][PASSED] - setText(findTestObject(orPath_AddressContact + "/input_zipCode"), " "): Text ' ' is set on object 'Object Repository/RAD_Pages/AddressAndContactInfo_Page/input_zipCode'

2024-03-08 01:25:39 - [MESSAGE][PASSED] - Text ' ' is set on object 'Object Repository/RAD_Pages/AddressAndContactInfo_Page/input_zipCode'

2024-03-08 01:25:39 - [TEST_STEP][PASSED] - setText(findTestObject(orPath_AddressContact + "/input_phoneNumber"), " "): Text ' ' is set on object 'Object Repository/RAD_Pages/AddressAndContactInfo_Page/input_phoneNumber'

2024-03-08 01:25:40 - [MESSAGE][PASSED] - Text ' ' is set on object 'Object Repository/RAD_Pages/AddressAndContactInfo_Page/input_phoneNumber'

2024-03-08 01:25:40 - [TEST_STEP][PASSED] - setText(findTestObject(orPath_AddressContact + "/input_eMailAddress"), " "): Text ' ' is set on object 'Object Repository/RAD_Pages/AddressAndContactInfo_Page/input_eMailAddress'

2024-03-08 01:25:41 - [MESSAGE][PASSED] - Text ' ' is set on object 'Object Repository/RAD_Pages/AddressAndContactInfo_Page/input_eMailAddress'

2024-03-08 01:25:41 - [TEST_STEP][PASSED] - setText(findTestObject(orPath_AddressContact + "/input_reEnterEMailAddress"), " "): Text ' ' is set on object 'Object Repository/RAD_Pages/AddressAndContactInfo_Page/input_reEnterEMailAddress'

2024-03-08 01:25:41 - [MESSAGE][PASSED] - Text ' ' is set on object 'Object Repository/RAD_Pages/AddressAndContactInfo_Page/input_reEnterEMailAddress'

2024-03-08 01:25:41 - [TEST_STEP][PASSED] - if (TaxType.equalsIgnoreCase("Estate Tax")): null

2024-03-08 01:25:41 - [TEST_STEP][PASSED] - setText(findTestObject(orPath_Amount + "/input__paymentAmount"), ""): Text '' is set on object 'Object Repository/RAD_Pages/PaymentAmount_Page/input__paymentAmount'

2024-03-08 01:25:42 - [MESSAGE][PASSED] - Text '' is set on object 'Object Repository/RAD_Pages/PaymentAmount_Page/input__paymentAmount'

2024-03-08 01:25:42 - [TEST_STEP][PASSED] - resText = "Fail": null

2024-03-08 01:25:42 - [TEST_STEP][PASSED] - pages.WriteExcel.demoKey(resText, datText, resColumn, datCloumn, fileLoc, nameSheet, row): pages.WriteExcel.demoKey is PASSED

2024-03-08 01:25:42 - [MESSAGE][PASSED] - pages.WriteExcel.demoKey is PASSED

2024-03-08 01:25:42 - [TEST_STEP][PASSED] - verifyTextPresent("Enter business name", true, CONTINUE_ON_FAILURE): Text 'Enter business name' is present on page  using regular expression

2024-03-08 01:25:43 - [MESSAGE][PASSED] - Text 'Enter business name' is present on page  using regular expression

2024-03-08 01:25:43 - [TEST_STEP][PASSED] - verifyTextPresent("Enter business rep first name", true, CONTINUE_ON_FAILURE): Text 'Enter business rep first name' is present on page  using regular expression

2024-03-08 01:25:43 - [MESSAGE][PASSED] - Text 'Enter business rep first name' is present on page  using regular expression

2024-03-08 01:25:43 - [TEST_STEP][PASSED] - verifyTextPresent("Enter business rep last name", true, CONTINUE_ON_FAILURE): Text 'Enter business rep last name' is present on page  using regular expression

2024-03-08 01:25:43 - [MESSAGE][PASSED] - Text 'Enter business rep last name' is present on page  using regular expression

2024-03-08 01:25:43 - [TEST_STEP][PASSED] - verifyTextPresent("Enter address", true, CONTINUE_ON_FAILURE): Text 'Enter address' is present on page  using regular expression

2024-03-08 01:25:44 - [MESSAGE][PASSED] - Text 'Enter address' is present on page  using regular expression

2024-03-08 01:25:44 - [TEST_STEP][PASSED] - verifyTextPresent("Enter city", true, CONTINUE_ON_FAILURE): Text 'Enter city' is present on page  using regular expression

2024-03-08 01:25:44 - [MESSAGE][PASSED] - Text 'Enter city' is present on page  using regular expression

2024-03-08 01:25:44 - [TEST_STEP][PASSED] - verifyTextPresent("Enter ZIP code", true, CONTINUE_ON_FAILURE): Text 'Enter ZIP code' is present on page  using regular expression

2024-03-08 01:25:44 - [MESSAGE][PASSED] - Text 'Enter ZIP code' is present on page  using regular expression

2024-03-08 01:25:44 - [TEST_STEP][PASSED] - verifyTextPresent("Enter a valid phone number", true, CONTINUE_ON_FAILURE): Text 'Enter a valid phone number' is present on page  using regular expression

2024-03-08 01:25:45 - [MESSAGE][PASSED] - Text 'Enter a valid phone number' is present on page  using regular expression

2024-03-08 01:25:45 - [TEST_STEP][PASSED] - verifyTextPresent("Enter Email", true, CONTINUE_ON_FAILURE): Text 'Enter Email' is present on page  using regular expression

2024-03-08 01:25:45 - [MESSAGE][PASSED] - Text 'Enter Email' is present on page  using regular expression

2024-03-08 01:25:45 - [TEST_STEP][PASSED] - if (TaxType.equalsIgnoreCase("Estate Tax")): null

2024-03-08 01:25:45 - [TEST_STEP][PASSED] - resText = "Pass": null

2024-03-08 01:25:45 - [TEST_STEP][PASSED] - pages.WriteExcel.demoKey(resText, datText, resColumn, datCloumn, fileLoc, nameSheet, row): pages.WriteExcel.demoKey is PASSED

2024-03-08 01:25:45 - [MESSAGE][PASSED] - pages.WriteExcel.demoKey is PASSED

2024-03-08 01:25:45 - [TEST_STEP][PASSED] - ExecuteTC = findTestData(dataFile).getValue("Execute", row): null

2024-03-08 01:25:45 - [TEST_STEP][PASSED] - TaxType = findTestData(dataFile).getValue("TaxType", row): null

2024-03-08 01:25:45 - [TEST_STEP][PASSED] - PaymentType = findTestData(dataFile).getValue("PaymentType", row): null

2024-03-08 01:25:45 - [TEST_STEP][PASSED] - feinSsn = findTestData(dataFile).getValue("FEINSSN", row): null

2024-03-08 01:25:45 - [TEST_STEP][PASSED] - if (ExecuteTC.equalsIgnoreCase("Y")): pages.WriteExcel.demoKey is PASSED

2024-03-08 01:25:45 - [TEST_STEP][PASSED] - out.println("Begin Record Number: " + row): null

2024-03-08 01:25:45 - [TEST_STEP][PASSED] - today = new java.util.Date(): null

2024-03-08 01:25:45 - [TEST_STEP][PASSED] - println(today): null

2024-03-08 01:25:45 - [TEST_STEP][PASSED] - datText = today: null

2024-03-08 01:25:45 - [TEST_STEP][PASSED] - logInfo("Payment Type: Existing Liability w/Notice Number"): Payment Type: Existing Liability w/Notice Number

2024-03-08 01:25:45 - [MESSAGE][INFO] - Payment Type: Existing Liability w/Notice Number

2024-03-08 01:25:45 - [TEST_STEP][PASSED] - logInfo("Tax Type: " + TaxType): Tax Type: PTE Non-Electing S Corp

2024-03-08 01:25:45 - [MESSAGE][INFO] - Tax Type: PTE Non-Electing S Corp

2024-03-08 01:25:45 - [TEST_STEP][PASSED] - openBrowser(""): Browser is opened with url: ''

2024-03-08 01:25:45 - [MESSAGE][WARNING] - A browser is already opened. Closing browser and opening a new one

2024-03-08 01:26:12 - [MESSAGE][INFO] - Starting 'Chrome' driver

2024-03-08 01:26:12 - [MESSAGE][INFO] - User set preference: ['acceptInsecureCerts', 'true']

2024-03-08 01:26:12 - [MESSAGE][INFO] - Action delay is set to 0 milliseconds

2024-03-08 01:26:13 - [MESSAGE][PASSED] - Browser is opened with url: ''

2024-03-08 01:26:13 - [TEST_STEP][PASSED] - maximizeWindow(): Current window maximized

2024-03-08 01:26:13 - [MESSAGE][PASSED] - Current window maximized

2024-03-08 01:26:13 - [TEST_STEP][PASSED] - navigateToUrl(RADurl): Navigate to 'https://qa2.velocitypayment.com/client/rad/index.html' successfully

2024-03-08 01:26:21 - [MESSAGE][PASSED] - Navigate to 'https://qa2.velocitypayment.com/client/rad/index.html' successfully

2024-03-08 01:26:21 - [TEST_STEP][PASSED] - selectOptionByLabel(findTestObject(orPath_Landing + "/dd_TaxType"), "Existing Liability w/Notice Number", false): All options with label 'Existing Liability w/Notice Number' are selected in object 'Object Repository/RAD_Pages/Landing_Page/dd_TaxType' 

2024-03-08 01:26:22 - [MESSAGE][PASSED] - All options with label 'Existing Liability w/Notice Number' are selected in object 'Object Repository/RAD_Pages/Landing_Page/dd_TaxType' 

2024-03-08 01:26:22 - [TEST_STEP][PASSED] - selectOptionByLabel(findTestObject(orPath_TaxTypeFilingYear + "/select_TaxType_ExistingLiability"), TaxType, false): All options with label 'PTE Non-Electing S Corp' are selected in object 'Object Repository/RAD_Pages/TaxTypeFilingYear_Page/select_TaxType_ExistingLiability' 

2024-03-08 01:26:22 - [MESSAGE][PASSED] - All options with label 'PTE Non-Electing S Corp' are selected in object 'Object Repository/RAD_Pages/TaxTypeFilingYear_Page/select_TaxType_ExistingLiability' 

2024-03-08 01:26:22 - [TEST_STEP][PASSED] - setText(findTestObject(orPath_TaxPayer + "/input_businessName"), " "): Text ' ' is set on object 'Object Repository/RAD_Pages/Taxpayer_Page/input_businessName'

2024-03-08 01:26:23 - [MESSAGE][PASSED] - Text ' ' is set on object 'Object Repository/RAD_Pages/Taxpayer_Page/input_businessName'

2024-03-08 01:26:23 - [TEST_STEP][PASSED] - setText(findTestObject(orPath_TaxPayer + "/input_BusinessRepfirstName"), " "): Text ' ' is set on object 'Object Repository/RAD_Pages/Taxpayer_Page/input_BusinessRepfirstName'

2024-03-08 01:26:24 - [MESSAGE][PASSED] - Text ' ' is set on object 'Object Repository/RAD_Pages/Taxpayer_Page/input_BusinessRepfirstName'

2024-03-08 01:26:24 - [TEST_STEP][PASSED] - setText(findTestObject(orPath_TaxPayer + "/input_BusinessReplastName"), " "): Text ' ' is set on object 'Object Repository/RAD_Pages/Taxpayer_Page/input_BusinessReplastName'

2024-03-08 01:26:25 - [MESSAGE][PASSED] - Text ' ' is set on object 'Object Repository/RAD_Pages/Taxpayer_Page/input_BusinessReplastName'

2024-03-08 01:26:25 - [TEST_STEP][PASSED] - setText(findTestObject(orPath_AddressContact + "/input_streetAddress1"), " "): Text ' ' is set on object 'Object Repository/RAD_Pages/AddressAndContactInfo_Page/input_streetAddress1'

2024-03-08 01:26:25 - [MESSAGE][PASSED] - Text ' ' is set on object 'Object Repository/RAD_Pages/AddressAndContactInfo_Page/input_streetAddress1'

2024-03-08 01:26:25 - [TEST_STEP][PASSED] - setText(findTestObject(orPath_AddressContact + "/input_city"), " "): Text ' ' is set on object 'Object Repository/RAD_Pages/AddressAndContactInfo_Page/input_city'

2024-03-08 01:26:26 - [MESSAGE][PASSED] - Text ' ' is set on object 'Object Repository/RAD_Pages/AddressAndContactInfo_Page/input_city'

2024-03-08 01:26:26 - [TEST_STEP][PASSED] - setText(findTestObject(orPath_AddressContact + "/input_zipCode"), " "): Text ' ' is set on object 'Object Repository/RAD_Pages/AddressAndContactInfo_Page/input_zipCode'

2024-03-08 01:26:27 - [MESSAGE][PASSED] - Text ' ' is set on object 'Object Repository/RAD_Pages/AddressAndContactInfo_Page/input_zipCode'

2024-03-08 01:26:27 - [TEST_STEP][PASSED] - setText(findTestObject(orPath_AddressContact + "/input_phoneNumber"), " "): Text ' ' is set on object 'Object Repository/RAD_Pages/AddressAndContactInfo_Page/input_phoneNumber'

2024-03-08 01:26:27 - [MESSAGE][PASSED] - Text ' ' is set on object 'Object Repository/RAD_Pages/AddressAndContactInfo_Page/input_phoneNumber'

2024-03-08 01:26:27 - [TEST_STEP][PASSED] - setText(findTestObject(orPath_AddressContact + "/input_eMailAddress"), " "): Text ' ' is set on object 'Object Repository/RAD_Pages/AddressAndContactInfo_Page/input_eMailAddress'

2024-03-08 01:26:28 - [MESSAGE][PASSED] - Text ' ' is set on object 'Object Repository/RAD_Pages/AddressAndContactInfo_Page/input_eMailAddress'

2024-03-08 01:26:28 - [TEST_STEP][PASSED] - setText(findTestObject(orPath_AddressContact + "/input_reEnterEMailAddress"), " "): Text ' ' is set on object 'Object Repository/RAD_Pages/AddressAndContactInfo_Page/input_reEnterEMailAddress'

2024-03-08 01:26:29 - [MESSAGE][PASSED] - Text ' ' is set on object 'Object Repository/RAD_Pages/AddressAndContactInfo_Page/input_reEnterEMailAddress'

2024-03-08 01:26:29 - [TEST_STEP][PASSED] - if (TaxType.equalsIgnoreCase("Estate Tax")): null

2024-03-08 01:26:29 - [TEST_STEP][PASSED] - setText(findTestObject(orPath_Amount + "/input__paymentAmount"), ""): Text '' is set on object 'Object Repository/RAD_Pages/PaymentAmount_Page/input__paymentAmount'

2024-03-08 01:26:30 - [MESSAGE][PASSED] - Text '' is set on object 'Object Repository/RAD_Pages/PaymentAmount_Page/input__paymentAmount'

2024-03-08 01:26:30 - [TEST_STEP][PASSED] - resText = "Fail": null

2024-03-08 01:26:30 - [TEST_STEP][PASSED] - pages.WriteExcel.demoKey(resText, datText, resColumn, datCloumn, fileLoc, nameSheet, row): pages.WriteExcel.demoKey is PASSED

2024-03-08 01:26:30 - [MESSAGE][PASSED] - pages.WriteExcel.demoKey is PASSED

2024-03-08 01:26:30 - [TEST_STEP][PASSED] - verifyTextPresent("Enter business name", true, CONTINUE_ON_FAILURE): Text 'Enter business name' is present on page  using regular expression

2024-03-08 01:26:30 - [MESSAGE][PASSED] - Text 'Enter business name' is present on page  using regular expression

2024-03-08 01:26:30 - [TEST_STEP][PASSED] - verifyTextPresent("Enter business rep first name", true, CONTINUE_ON_FAILURE): Text 'Enter business rep first name' is present on page  using regular expression

2024-03-08 01:26:31 - [MESSAGE][PASSED] - Text 'Enter business rep first name' is present on page  using regular expression

2024-03-08 01:26:31 - [TEST_STEP][PASSED] - verifyTextPresent("Enter business rep last name", true, CONTINUE_ON_FAILURE): Text 'Enter business rep last name' is present on page  using regular expression

2024-03-08 01:26:31 - [MESSAGE][PASSED] - Text 'Enter business rep last name' is present on page  using regular expression

2024-03-08 01:26:31 - [TEST_STEP][PASSED] - verifyTextPresent("Enter address", true, CONTINUE_ON_FAILURE): Text 'Enter address' is present on page  using regular expression

2024-03-08 01:26:31 - [MESSAGE][PASSED] - Text 'Enter address' is present on page  using regular expression

2024-03-08 01:26:31 - [TEST_STEP][PASSED] - verifyTextPresent("Enter city", true, CONTINUE_ON_FAILURE): Text 'Enter city' is present on page  using regular expression

2024-03-08 01:26:32 - [MESSAGE][PASSED] - Text 'Enter city' is present on page  using regular expression

2024-03-08 01:26:32 - [TEST_STEP][PASSED] - verifyTextPresent("Enter ZIP code", true, CONTINUE_ON_FAILURE): Text 'Enter ZIP code' is present on page  using regular expression

2024-03-08 01:26:32 - [MESSAGE][PASSED] - Text 'Enter ZIP code' is present on page  using regular expression

2024-03-08 01:26:32 - [TEST_STEP][PASSED] - verifyTextPresent("Enter a valid phone number", true, CONTINUE_ON_FAILURE): Text 'Enter a valid phone number' is present on page  using regular expression

2024-03-08 01:26:32 - [MESSAGE][PASSED] - Text 'Enter a valid phone number' is present on page  using regular expression

2024-03-08 01:26:32 - [TEST_STEP][PASSED] - verifyTextPresent("Enter Email", true, CONTINUE_ON_FAILURE): Text 'Enter Email' is present on page  using regular expression

2024-03-08 01:26:33 - [MESSAGE][PASSED] - Text 'Enter Email' is present on page  using regular expression

2024-03-08 01:26:33 - [TEST_STEP][PASSED] - if (TaxType.equalsIgnoreCase("Estate Tax")): null

2024-03-08 01:26:33 - [TEST_STEP][PASSED] - resText = "Pass": null

2024-03-08 01:26:33 - [TEST_STEP][PASSED] - pages.WriteExcel.demoKey(resText, datText, resColumn, datCloumn, fileLoc, nameSheet, row): pages.WriteExcel.demoKey is PASSED

2024-03-08 01:26:33 - [MESSAGE][PASSED] - pages.WriteExcel.demoKey is PASSED

2024-03-08 01:26:33 - [TEST_STEP][PASSED] - ExecuteTC = findTestData(dataFile).getValue("Execute", row): null

2024-03-08 01:26:33 - [TEST_STEP][PASSED] - TaxType = findTestData(dataFile).getValue("TaxType", row): null

2024-03-08 01:26:33 - [TEST_STEP][PASSED] - PaymentType = findTestData(dataFile).getValue("PaymentType", row): null

2024-03-08 01:26:33 - [TEST_STEP][PASSED] - feinSsn = findTestData(dataFile).getValue("FEINSSN", row): null

2024-03-08 01:26:33 - [TEST_STEP][PASSED] - if (ExecuteTC.equalsIgnoreCase("Y")): pages.WriteExcel.demoKey is PASSED

2024-03-08 01:26:33 - [TEST_STEP][PASSED] - out.println("Begin Record Number: " + row): null

2024-03-08 01:26:33 - [TEST_STEP][PASSED] - today = new java.util.Date(): null

2024-03-08 01:26:33 - [TEST_STEP][PASSED] - println(today): null

2024-03-08 01:26:33 - [TEST_STEP][PASSED] - datText = today: null

2024-03-08 01:26:33 - [TEST_STEP][PASSED] - logInfo("Payment Type: Existing Liability w/Notice Number"): Payment Type: Existing Liability w/Notice Number

2024-03-08 01:26:33 - [MESSAGE][INFO] - Payment Type: Existing Liability w/Notice Number

2024-03-08 01:26:33 - [TEST_STEP][PASSED] - logInfo("Tax Type: " + TaxType): Tax Type: Sales & Use Tax

2024-03-08 01:26:33 - [MESSAGE][INFO] - Tax Type: Sales & Use Tax

2024-03-08 01:26:33 - [TEST_STEP][PASSED] - openBrowser(""): Browser is opened with url: ''

2024-03-08 01:26:33 - [MESSAGE][WARNING] - A browser is already opened. Closing browser and opening a new one

2024-03-08 01:26:55 - [MESSAGE][INFO] - Starting 'Chrome' driver

2024-03-08 01:26:55 - [MESSAGE][INFO] - User set preference: ['acceptInsecureCerts', 'true']

2024-03-08 01:26:55 - [MESSAGE][INFO] - Action delay is set to 0 milliseconds

2024-03-08 01:26:57 - [MESSAGE][PASSED] - Browser is opened with url: ''

2024-03-08 01:26:57 - [TEST_STEP][PASSED] - maximizeWindow(): Current window maximized

2024-03-08 01:26:57 - [MESSAGE][PASSED] - Current window maximized

2024-03-08 01:26:57 - [TEST_STEP][PASSED] - navigateToUrl(RADurl): Navigate to 'https://qa2.velocitypayment.com/client/rad/index.html' successfully

2024-03-08 01:26:59 - [MESSAGE][PASSED] - Navigate to 'https://qa2.velocitypayment.com/client/rad/index.html' successfully

2024-03-08 01:26:59 - [TEST_STEP][PASSED] - selectOptionByLabel(findTestObject(orPath_Landing + "/dd_TaxType"), "Existing Liability w/Notice Number", false): All options with label 'Existing Liability w/Notice Number' are selected in object 'Object Repository/RAD_Pages/Landing_Page/dd_TaxType' 

2024-03-08 01:27:00 - [MESSAGE][PASSED] - All options with label 'Existing Liability w/Notice Number' are selected in object 'Object Repository/RAD_Pages/Landing_Page/dd_TaxType' 

2024-03-08 01:27:00 - [TEST_STEP][PASSED] - selectOptionByLabel(findTestObject(orPath_TaxTypeFilingYear + "/select_TaxType_ExistingLiability"), TaxType, false): All options with label 'Sales & Use Tax' are selected in object 'Object Repository/RAD_Pages/TaxTypeFilingYear_Page/select_TaxType_ExistingLiability' 

2024-03-08 01:27:00 - [MESSAGE][PASSED] - All options with label 'Sales & Use Tax' are selected in object 'Object Repository/RAD_Pages/TaxTypeFilingYear_Page/select_TaxType_ExistingLiability' 

2024-03-08 01:27:00 - [TEST_STEP][PASSED] - setText(findTestObject(orPath_TaxPayer + "/input_businessName"), " "): Text ' ' is set on object 'Object Repository/RAD_Pages/Taxpayer_Page/input_businessName'

2024-03-08 01:27:01 - [MESSAGE][PASSED] - Text ' ' is set on object 'Object Repository/RAD_Pages/Taxpayer_Page/input_businessName'

2024-03-08 01:27:01 - [TEST_STEP][PASSED] - setText(findTestObject(orPath_TaxPayer + "/input_BusinessRepfirstName"), " "): Text ' ' is set on object 'Object Repository/RAD_Pages/Taxpayer_Page/input_BusinessRepfirstName'

2024-03-08 01:27:02 - [MESSAGE][PASSED] - Text ' ' is set on object 'Object Repository/RAD_Pages/Taxpayer_Page/input_BusinessRepfirstName'

2024-03-08 01:27:02 - [TEST_STEP][PASSED] - setText(findTestObject(orPath_TaxPayer + "/input_BusinessReplastName"), " "): Text ' ' is set on object 'Object Repository/RAD_Pages/Taxpayer_Page/input_BusinessReplastName'

2024-03-08 01:27:03 - [MESSAGE][PASSED] - Text ' ' is set on object 'Object Repository/RAD_Pages/Taxpayer_Page/input_BusinessReplastName'

2024-03-08 01:27:03 - [TEST_STEP][PASSED] - setText(findTestObject(orPath_AddressContact + "/input_streetAddress1"), " "): Text ' ' is set on object 'Object Repository/RAD_Pages/AddressAndContactInfo_Page/input_streetAddress1'

2024-03-08 01:27:03 - [MESSAGE][PASSED] - Text ' ' is set on object 'Object Repository/RAD_Pages/AddressAndContactInfo_Page/input_streetAddress1'

2024-03-08 01:27:03 - [TEST_STEP][PASSED] - setText(findTestObject(orPath_AddressContact + "/input_city"), " "): Text ' ' is set on object 'Object Repository/RAD_Pages/AddressAndContactInfo_Page/input_city'

2024-03-08 01:27:04 - [MESSAGE][PASSED] - Text ' ' is set on object 'Object Repository/RAD_Pages/AddressAndContactInfo_Page/input_city'

2024-03-08 01:27:04 - [TEST_STEP][PASSED] - setText(findTestObject(orPath_AddressContact + "/input_zipCode"), " "): Text ' ' is set on object 'Object Repository/RAD_Pages/AddressAndContactInfo_Page/input_zipCode'

2024-03-08 01:27:05 - [MESSAGE][PASSED] - Text ' ' is set on object 'Object Repository/RAD_Pages/AddressAndContactInfo_Page/input_zipCode'

2024-03-08 01:27:05 - [TEST_STEP][PASSED] - setText(findTestObject(orPath_AddressContact + "/input_phoneNumber"), " "): Text ' ' is set on object 'Object Repository/RAD_Pages/AddressAndContactInfo_Page/input_phoneNumber'

2024-03-08 01:27:05 - [MESSAGE][PASSED] - Text ' ' is set on object 'Object Repository/RAD_Pages/AddressAndContactInfo_Page/input_phoneNumber'

2024-03-08 01:27:05 - [TEST_STEP][PASSED] - setText(findTestObject(orPath_AddressContact + "/input_eMailAddress"), " "): Text ' ' is set on object 'Object Repository/RAD_Pages/AddressAndContactInfo_Page/input_eMailAddress'

2024-03-08 01:27:06 - [MESSAGE][PASSED] - Text ' ' is set on object 'Object Repository/RAD_Pages/AddressAndContactInfo_Page/input_eMailAddress'

2024-03-08 01:27:06 - [TEST_STEP][PASSED] - setText(findTestObject(orPath_AddressContact + "/input_reEnterEMailAddress"), " "): Text ' ' is set on object 'Object Repository/RAD_Pages/AddressAndContactInfo_Page/input_reEnterEMailAddress'

2024-03-08 01:27:07 - [MESSAGE][PASSED] - Text ' ' is set on object 'Object Repository/RAD_Pages/AddressAndContactInfo_Page/input_reEnterEMailAddress'

2024-03-08 01:27:07 - [TEST_STEP][PASSED] - if (TaxType.equalsIgnoreCase("Estate Tax")): null

2024-03-08 01:27:07 - [TEST_STEP][PASSED] - setText(findTestObject(orPath_Amount + "/input__paymentAmount"), ""): Text '' is set on object 'Object Repository/RAD_Pages/PaymentAmount_Page/input__paymentAmount'

2024-03-08 01:27:08 - [MESSAGE][PASSED] - Text '' is set on object 'Object Repository/RAD_Pages/PaymentAmount_Page/input__paymentAmount'

2024-03-08 01:27:08 - [TEST_STEP][PASSED] - resText = "Fail": null

2024-03-08 01:27:08 - [TEST_STEP][PASSED] - pages.WriteExcel.demoKey(resText, datText, resColumn, datCloumn, fileLoc, nameSheet, row): pages.WriteExcel.demoKey is PASSED

2024-03-08 01:27:08 - [MESSAGE][PASSED] - pages.WriteExcel.demoKey is PASSED

2024-03-08 01:27:08 - [TEST_STEP][PASSED] - verifyTextPresent("Enter business name", true, CONTINUE_ON_FAILURE): Text 'Enter business name' is present on page  using regular expression

2024-03-08 01:27:08 - [MESSAGE][PASSED] - Text 'Enter business name' is present on page  using regular expression

2024-03-08 01:27:08 - [TEST_STEP][PASSED] - verifyTextPresent("Enter business rep first name", true, CONTINUE_ON_FAILURE): Text 'Enter business rep first name' is present on page  using regular expression

2024-03-08 01:27:09 - [MESSAGE][PASSED] - Text 'Enter business rep first name' is present on page  using regular expression

2024-03-08 01:27:09 - [TEST_STEP][PASSED] - verifyTextPresent("Enter business rep last name", true, CONTINUE_ON_FAILURE): Text 'Enter business rep last name' is present on page  using regular expression

2024-03-08 01:27:09 - [MESSAGE][PASSED] - Text 'Enter business rep last name' is present on page  using regular expression

2024-03-08 01:27:09 - [TEST_STEP][PASSED] - verifyTextPresent("Enter address", true, CONTINUE_ON_FAILURE): Text 'Enter address' is present on page  using regular expression

2024-03-08 01:27:09 - [MESSAGE][PASSED] - Text 'Enter address' is present on page  using regular expression

2024-03-08 01:27:09 - [TEST_STEP][PASSED] - verifyTextPresent("Enter city", true, CONTINUE_ON_FAILURE): Text 'Enter city' is present on page  using regular expression

2024-03-08 01:27:10 - [MESSAGE][PASSED] - Text 'Enter city' is present on page  using regular expression

2024-03-08 01:27:10 - [TEST_STEP][PASSED] - verifyTextPresent("Enter ZIP code", true, CONTINUE_ON_FAILURE): Text 'Enter ZIP code' is present on page  using regular expression

2024-03-08 01:27:10 - [MESSAGE][PASSED] - Text 'Enter ZIP code' is present on page  using regular expression

2024-03-08 01:27:10 - [TEST_STEP][PASSED] - verifyTextPresent("Enter a valid phone number", true, CONTINUE_ON_FAILURE): Text 'Enter a valid phone number' is present on page  using regular expression

2024-03-08 01:27:10 - [MESSAGE][PASSED] - Text 'Enter a valid phone number' is present on page  using regular expression

2024-03-08 01:27:10 - [TEST_STEP][PASSED] - verifyTextPresent("Enter Email", true, CONTINUE_ON_FAILURE): Text 'Enter Email' is present on page  using regular expression

2024-03-08 01:27:11 - [MESSAGE][PASSED] - Text 'Enter Email' is present on page  using regular expression

2024-03-08 01:27:11 - [TEST_STEP][PASSED] - if (TaxType.equalsIgnoreCase("Estate Tax")): null

2024-03-08 01:27:11 - [TEST_STEP][PASSED] - resText = "Pass": null

2024-03-08 01:27:11 - [TEST_STEP][PASSED] - pages.WriteExcel.demoKey(resText, datText, resColumn, datCloumn, fileLoc, nameSheet, row): pages.WriteExcel.demoKey is PASSED

2024-03-08 01:27:11 - [MESSAGE][PASSED] - pages.WriteExcel.demoKey is PASSED

2024-03-08 01:27:11 - [TEST_STEP][PASSED] - ExecuteTC = findTestData(dataFile).getValue("Execute", row): null

2024-03-08 01:27:11 - [TEST_STEP][PASSED] - TaxType = findTestData(dataFile).getValue("TaxType", row): null

2024-03-08 01:27:11 - [TEST_STEP][PASSED] - PaymentType = findTestData(dataFile).getValue("PaymentType", row): null

2024-03-08 01:27:11 - [TEST_STEP][PASSED] - feinSsn = findTestData(dataFile).getValue("FEINSSN", row): null

2024-03-08 01:27:11 - [TEST_STEP][PASSED] - if (ExecuteTC.equalsIgnoreCase("Y")): pages.WriteExcel.demoKey is PASSED

2024-03-08 01:27:11 - [TEST_STEP][PASSED] - out.println("Begin Record Number: " + row): null

2024-03-08 01:27:11 - [TEST_STEP][PASSED] - today = new java.util.Date(): null

2024-03-08 01:27:11 - [TEST_STEP][PASSED] - println(today): null

2024-03-08 01:27:11 - [TEST_STEP][PASSED] - datText = today: null

2024-03-08 01:27:11 - [TEST_STEP][PASSED] - logInfo("Payment Type: Existing Liability w/Notice Number"): Payment Type: Existing Liability w/Notice Number

2024-03-08 01:27:11 - [MESSAGE][INFO] - Payment Type: Existing Liability w/Notice Number

2024-03-08 01:27:11 - [TEST_STEP][PASSED] - logInfo("Tax Type: " + TaxType): Tax Type: Tire Recycling Fee

2024-03-08 01:27:11 - [MESSAGE][INFO] - Tax Type: Tire Recycling Fee

2024-03-08 01:27:11 - [TEST_STEP][PASSED] - openBrowser(""): Browser is opened with url: ''

2024-03-08 01:27:11 - [MESSAGE][WARNING] - A browser is already opened. Closing browser and opening a new one

2024-03-08 01:27:28 - [MESSAGE][INFO] - Starting 'Chrome' driver

2024-03-08 01:27:28 - [MESSAGE][INFO] - User set preference: ['acceptInsecureCerts', 'true']

2024-03-08 01:27:28 - [MESSAGE][INFO] - Action delay is set to 0 milliseconds

2024-03-08 01:27:29 - [MESSAGE][PASSED] - Browser is opened with url: ''

2024-03-08 01:27:29 - [TEST_STEP][PASSED] - maximizeWindow(): Current window maximized

2024-03-08 01:27:29 - [MESSAGE][PASSED] - Current window maximized

2024-03-08 01:27:29 - [TEST_STEP][PASSED] - navigateToUrl(RADurl): Navigate to 'https://qa2.velocitypayment.com/client/rad/index.html' successfully

2024-03-08 01:27:36 - [MESSAGE][PASSED] - Navigate to 'https://qa2.velocitypayment.com/client/rad/index.html' successfully

2024-03-08 01:27:36 - [TEST_STEP][PASSED] - selectOptionByLabel(findTestObject(orPath_Landing + "/dd_TaxType"), "Existing Liability w/Notice Number", false): All options with label 'Existing Liability w/Notice Number' are selected in object 'Object Repository/RAD_Pages/Landing_Page/dd_TaxType' 

2024-03-08 01:27:36 - [MESSAGE][PASSED] - All options with label 'Existing Liability w/Notice Number' are selected in object 'Object Repository/RAD_Pages/Landing_Page/dd_TaxType' 

2024-03-08 01:27:36 - [TEST_STEP][PASSED] - selectOptionByLabel(findTestObject(orPath_TaxTypeFilingYear + "/select_TaxType_ExistingLiability"), TaxType, false): All options with label 'Tire Recycling Fee' are selected in object 'Object Repository/RAD_Pages/TaxTypeFilingYear_Page/select_TaxType_ExistingLiability' 

2024-03-08 01:27:37 - [MESSAGE][PASSED] - All options with label 'Tire Recycling Fee' are selected in object 'Object Repository/RAD_Pages/TaxTypeFilingYear_Page/select_TaxType_ExistingLiability' 

2024-03-08 01:27:37 - [TEST_STEP][PASSED] - setText(findTestObject(orPath_TaxPayer + "/input_businessName"), " "): Text ' ' is set on object 'Object Repository/RAD_Pages/Taxpayer_Page/input_businessName'

2024-03-08 01:27:38 - [MESSAGE][PASSED] - Text ' ' is set on object 'Object Repository/RAD_Pages/Taxpayer_Page/input_businessName'

2024-03-08 01:27:38 - [TEST_STEP][PASSED] - setText(findTestObject(orPath_TaxPayer + "/input_BusinessRepfirstName"), " "): Text ' ' is set on object 'Object Repository/RAD_Pages/Taxpayer_Page/input_BusinessRepfirstName'

2024-03-08 01:27:39 - [MESSAGE][PASSED] - Text ' ' is set on object 'Object Repository/RAD_Pages/Taxpayer_Page/input_BusinessRepfirstName'

2024-03-08 01:27:39 - [TEST_STEP][PASSED] - setText(findTestObject(orPath_TaxPayer + "/input_BusinessReplastName"), " "): Text ' ' is set on object 'Object Repository/RAD_Pages/Taxpayer_Page/input_BusinessReplastName'

2024-03-08 01:27:39 - [MESSAGE][PASSED] - Text ' ' is set on object 'Object Repository/RAD_Pages/Taxpayer_Page/input_BusinessReplastName'

2024-03-08 01:27:39 - [TEST_STEP][PASSED] - setText(findTestObject(orPath_AddressContact + "/input_streetAddress1"), " "): Text ' ' is set on object 'Object Repository/RAD_Pages/AddressAndContactInfo_Page/input_streetAddress1'

2024-03-08 01:27:40 - [MESSAGE][PASSED] - Text ' ' is set on object 'Object Repository/RAD_Pages/AddressAndContactInfo_Page/input_streetAddress1'

2024-03-08 01:27:40 - [TEST_STEP][PASSED] - setText(findTestObject(orPath_AddressContact + "/input_city"), " "): Text ' ' is set on object 'Object Repository/RAD_Pages/AddressAndContactInfo_Page/input_city'

2024-03-08 01:27:41 - [MESSAGE][PASSED] - Text ' ' is set on object 'Object Repository/RAD_Pages/AddressAndContactInfo_Page/input_city'

2024-03-08 01:27:41 - [TEST_STEP][PASSED] - setText(findTestObject(orPath_AddressContact + "/input_zipCode"), " "): Text ' ' is set on object 'Object Repository/RAD_Pages/AddressAndContactInfo_Page/input_zipCode'

2024-03-08 01:27:42 - [MESSAGE][PASSED] - Text ' ' is set on object 'Object Repository/RAD_Pages/AddressAndContactInfo_Page/input_zipCode'

2024-03-08 01:27:42 - [TEST_STEP][PASSED] - setText(findTestObject(orPath_AddressContact + "/input_phoneNumber"), " "): Text ' ' is set on object 'Object Repository/RAD_Pages/AddressAndContactInfo_Page/input_phoneNumber'

2024-03-08 01:27:42 - [MESSAGE][PASSED] - Text ' ' is set on object 'Object Repository/RAD_Pages/AddressAndContactInfo_Page/input_phoneNumber'

2024-03-08 01:27:42 - [TEST_STEP][PASSED] - setText(findTestObject(orPath_AddressContact + "/input_eMailAddress"), " "): Text ' ' is set on object 'Object Repository/RAD_Pages/AddressAndContactInfo_Page/input_eMailAddress'

2024-03-08 01:27:43 - [MESSAGE][PASSED] - Text ' ' is set on object 'Object Repository/RAD_Pages/AddressAndContactInfo_Page/input_eMailAddress'

2024-03-08 01:27:43 - [TEST_STEP][PASSED] - setText(findTestObject(orPath_AddressContact + "/input_reEnterEMailAddress"), " "): Text ' ' is set on object 'Object Repository/RAD_Pages/AddressAndContactInfo_Page/input_reEnterEMailAddress'

2024-03-08 01:27:44 - [MESSAGE][PASSED] - Text ' ' is set on object 'Object Repository/RAD_Pages/AddressAndContactInfo_Page/input_reEnterEMailAddress'

2024-03-08 01:27:44 - [TEST_STEP][PASSED] - if (TaxType.equalsIgnoreCase("Estate Tax")): null

2024-03-08 01:27:44 - [TEST_STEP][PASSED] - setText(findTestObject(orPath_Amount + "/input__paymentAmount"), ""): Text '' is set on object 'Object Repository/RAD_Pages/PaymentAmount_Page/input__paymentAmount'

2024-03-08 01:27:44 - [MESSAGE][PASSED] - Text '' is set on object 'Object Repository/RAD_Pages/PaymentAmount_Page/input__paymentAmount'

2024-03-08 01:27:44 - [TEST_STEP][PASSED] - resText = "Fail": null

2024-03-08 01:27:44 - [TEST_STEP][PASSED] - pages.WriteExcel.demoKey(resText, datText, resColumn, datCloumn, fileLoc, nameSheet, row): pages.WriteExcel.demoKey is PASSED

2024-03-08 01:27:45 - [MESSAGE][PASSED] - pages.WriteExcel.demoKey is PASSED

2024-03-08 01:27:45 - [TEST_STEP][PASSED] - verifyTextPresent("Enter business name", true, CONTINUE_ON_FAILURE): Text 'Enter business name' is present on page  using regular expression

2024-03-08 01:27:45 - [MESSAGE][PASSED] - Text 'Enter business name' is present on page  using regular expression

2024-03-08 01:27:45 - [TEST_STEP][PASSED] - verifyTextPresent("Enter business rep first name", true, CONTINUE_ON_FAILURE): Text 'Enter business rep first name' is present on page  using regular expression

2024-03-08 01:27:45 - [MESSAGE][PASSED] - Text 'Enter business rep first name' is present on page  using regular expression

2024-03-08 01:27:45 - [TEST_STEP][PASSED] - verifyTextPresent("Enter business rep last name", true, CONTINUE_ON_FAILURE): Text 'Enter business rep last name' is present on page  using regular expression

2024-03-08 01:27:46 - [MESSAGE][PASSED] - Text 'Enter business rep last name' is present on page  using regular expression

2024-03-08 01:27:46 - [TEST_STEP][PASSED] - verifyTextPresent("Enter address", true, CONTINUE_ON_FAILURE): Text 'Enter address' is present on page  using regular expression

2024-03-08 01:27:46 - [MESSAGE][PASSED] - Text 'Enter address' is present on page  using regular expression

2024-03-08 01:27:46 - [TEST_STEP][PASSED] - verifyTextPresent("Enter city", true, CONTINUE_ON_FAILURE): Text 'Enter city' is present on page  using regular expression

2024-03-08 01:27:46 - [MESSAGE][PASSED] - Text 'Enter city' is present on page  using regular expression

2024-03-08 01:27:46 - [TEST_STEP][PASSED] - verifyTextPresent("Enter ZIP code", true, CONTINUE_ON_FAILURE): Text 'Enter ZIP code' is present on page  using regular expression

2024-03-08 01:27:47 - [MESSAGE][PASSED] - Text 'Enter ZIP code' is present on page  using regular expression

2024-03-08 01:27:47 - [TEST_STEP][PASSED] - verifyTextPresent("Enter a valid phone number", true, CONTINUE_ON_FAILURE): Text 'Enter a valid phone number' is present on page  using regular expression

2024-03-08 01:27:47 - [MESSAGE][PASSED] - Text 'Enter a valid phone number' is present on page  using regular expression

2024-03-08 01:27:47 - [TEST_STEP][PASSED] - verifyTextPresent("Enter Email", true, CONTINUE_ON_FAILURE): Text 'Enter Email' is present on page  using regular expression

2024-03-08 01:27:48 - [MESSAGE][PASSED] - Text 'Enter Email' is present on page  using regular expression

2024-03-08 01:27:48 - [TEST_STEP][PASSED] - if (TaxType.equalsIgnoreCase("Estate Tax")): null

2024-03-08 01:27:48 - [TEST_STEP][PASSED] - resText = "Pass": null

2024-03-08 01:27:48 - [TEST_STEP][PASSED] - pages.WriteExcel.demoKey(resText, datText, resColumn, datCloumn, fileLoc, nameSheet, row): pages.WriteExcel.demoKey is PASSED

2024-03-08 01:27:48 - [MESSAGE][PASSED] - pages.WriteExcel.demoKey is PASSED

2024-03-08 01:27:48 - [TEST_STEP][PASSED] - ExecuteTC = findTestData(dataFile).getValue("Execute", row): null

2024-03-08 01:27:48 - [TEST_STEP][PASSED] - TaxType = findTestData(dataFile).getValue("TaxType", row): null

2024-03-08 01:27:48 - [TEST_STEP][PASSED] - PaymentType = findTestData(dataFile).getValue("PaymentType", row): null

2024-03-08 01:27:48 - [TEST_STEP][PASSED] - feinSsn = findTestData(dataFile).getValue("FEINSSN", row): null

2024-03-08 01:27:48 - [TEST_STEP][PASSED] - if (ExecuteTC.equalsIgnoreCase("Y")): pages.WriteExcel.demoKey is PASSED

2024-03-08 01:27:48 - [TEST_STEP][PASSED] - out.println("Begin Record Number: " + row): null

2024-03-08 01:27:48 - [TEST_STEP][PASSED] - today = new java.util.Date(): null

2024-03-08 01:27:48 - [TEST_STEP][PASSED] - println(today): null

2024-03-08 01:27:48 - [TEST_STEP][PASSED] - datText = today: null

2024-03-08 01:27:48 - [TEST_STEP][PASSED] - logInfo("Payment Type: Existing Liability w/Notice Number"): Payment Type: Existing Liability w/Notice Number

2024-03-08 01:27:48 - [MESSAGE][INFO] - Payment Type: Existing Liability w/Notice Number

2024-03-08 01:27:48 - [TEST_STEP][PASSED] - logInfo("Tax Type: " + TaxType): Tax Type: Withholding Tax

2024-03-08 01:27:48 - [MESSAGE][INFO] - Tax Type: Withholding Tax

2024-03-08 01:27:48 - [TEST_STEP][PASSED] - openBrowser(""): Browser is opened with url: ''

2024-03-08 01:27:48 - [MESSAGE][WARNING] - A browser is already opened. Closing browser and opening a new one

2024-03-08 01:27:58 - [MESSAGE][INFO] - Starting 'Chrome' driver

2024-03-08 01:27:58 - [MESSAGE][INFO] - User set preference: ['acceptInsecureCerts', 'true']

2024-03-08 01:27:58 - [MESSAGE][INFO] - Action delay is set to 0 milliseconds

2024-03-08 01:28:00 - [MESSAGE][PASSED] - Browser is opened with url: ''

2024-03-08 01:28:00 - [TEST_STEP][PASSED] - maximizeWindow(): Current window maximized

2024-03-08 01:28:00 - [MESSAGE][PASSED] - Current window maximized

2024-03-08 01:28:00 - [TEST_STEP][PASSED] - navigateToUrl(RADurl): Navigate to 'https://qa2.velocitypayment.com/client/rad/index.html' successfully

2024-03-08 01:28:07 - [MESSAGE][PASSED] - Navigate to 'https://qa2.velocitypayment.com/client/rad/index.html' successfully

2024-03-08 01:28:07 - [TEST_STEP][PASSED] - selectOptionByLabel(findTestObject(orPath_Landing + "/dd_TaxType"), "Existing Liability w/Notice Number", false): All options with label 'Existing Liability w/Notice Number' are selected in object 'Object Repository/RAD_Pages/Landing_Page/dd_TaxType' 

2024-03-08 01:28:07 - [MESSAGE][PASSED] - All options with label 'Existing Liability w/Notice Number' are selected in object 'Object Repository/RAD_Pages/Landing_Page/dd_TaxType' 

2024-03-08 01:28:07 - [TEST_STEP][PASSED] - selectOptionByLabel(findTestObject(orPath_TaxTypeFilingYear + "/select_TaxType_ExistingLiability"), TaxType, false): All options with label 'Withholding Tax' are selected in object 'Object Repository/RAD_Pages/TaxTypeFilingYear_Page/select_TaxType_ExistingLiability' 

2024-03-08 01:28:08 - [MESSAGE][PASSED] - All options with label 'Withholding Tax' are selected in object 'Object Repository/RAD_Pages/TaxTypeFilingYear_Page/select_TaxType_ExistingLiability' 

2024-03-08 01:28:08 - [TEST_STEP][PASSED] - setText(findTestObject(orPath_TaxPayer + "/input_businessName"), " "): Text ' ' is set on object 'Object Repository/RAD_Pages/Taxpayer_Page/input_businessName'

2024-03-08 01:28:09 - [MESSAGE][PASSED] - Text ' ' is set on object 'Object Repository/RAD_Pages/Taxpayer_Page/input_businessName'

2024-03-08 01:28:09 - [TEST_STEP][PASSED] - setText(findTestObject(orPath_TaxPayer + "/input_BusinessRepfirstName"), " "): Text ' ' is set on object 'Object Repository/RAD_Pages/Taxpayer_Page/input_BusinessRepfirstName'

2024-03-08 01:28:10 - [MESSAGE][PASSED] - Text ' ' is set on object 'Object Repository/RAD_Pages/Taxpayer_Page/input_BusinessRepfirstName'

2024-03-08 01:28:10 - [TEST_STEP][PASSED] - setText(findTestObject(orPath_TaxPayer + "/input_BusinessReplastName"), " "): Text ' ' is set on object 'Object Repository/RAD_Pages/Taxpayer_Page/input_BusinessReplastName'

2024-03-08 01:28:10 - [MESSAGE][PASSED] - Text ' ' is set on object 'Object Repository/RAD_Pages/Taxpayer_Page/input_BusinessReplastName'

2024-03-08 01:28:10 - [TEST_STEP][PASSED] - setText(findTestObject(orPath_AddressContact + "/input_streetAddress1"), " "): Text ' ' is set on object 'Object Repository/RAD_Pages/AddressAndContactInfo_Page/input_streetAddress1'

2024-03-08 01:28:11 - [MESSAGE][PASSED] - Text ' ' is set on object 'Object Repository/RAD_Pages/AddressAndContactInfo_Page/input_streetAddress1'

2024-03-08 01:28:11 - [TEST_STEP][PASSED] - setText(findTestObject(orPath_AddressContact + "/input_city"), " "): Text ' ' is set on object 'Object Repository/RAD_Pages/AddressAndContactInfo_Page/input_city'

2024-03-08 01:28:12 - [MESSAGE][PASSED] - Text ' ' is set on object 'Object Repository/RAD_Pages/AddressAndContactInfo_Page/input_city'

2024-03-08 01:28:12 - [TEST_STEP][PASSED] - setText(findTestObject(orPath_AddressContact + "/input_zipCode"), " "): Text ' ' is set on object 'Object Repository/RAD_Pages/AddressAndContactInfo_Page/input_zipCode'

2024-03-08 01:28:12 - [MESSAGE][PASSED] - Text ' ' is set on object 'Object Repository/RAD_Pages/AddressAndContactInfo_Page/input_zipCode'

2024-03-08 01:28:12 - [TEST_STEP][PASSED] - setText(findTestObject(orPath_AddressContact + "/input_phoneNumber"), " "): Text ' ' is set on object 'Object Repository/RAD_Pages/AddressAndContactInfo_Page/input_phoneNumber'

2024-03-08 01:28:13 - [MESSAGE][PASSED] - Text ' ' is set on object 'Object Repository/RAD_Pages/AddressAndContactInfo_Page/input_phoneNumber'

2024-03-08 01:28:13 - [TEST_STEP][PASSED] - setText(findTestObject(orPath_AddressContact + "/input_eMailAddress"), " "): Text ' ' is set on object 'Object Repository/RAD_Pages/AddressAndContactInfo_Page/input_eMailAddress'

2024-03-08 01:28:14 - [MESSAGE][PASSED] - Text ' ' is set on object 'Object Repository/RAD_Pages/AddressAndContactInfo_Page/input_eMailAddress'

2024-03-08 01:28:14 - [TEST_STEP][PASSED] - setText(findTestObject(orPath_AddressContact + "/input_reEnterEMailAddress"), " "): Text ' ' is set on object 'Object Repository/RAD_Pages/AddressAndContactInfo_Page/input_reEnterEMailAddress'

2024-03-08 01:28:15 - [MESSAGE][PASSED] - Text ' ' is set on object 'Object Repository/RAD_Pages/AddressAndContactInfo_Page/input_reEnterEMailAddress'

2024-03-08 01:28:15 - [TEST_STEP][PASSED] - if (TaxType.equalsIgnoreCase("Estate Tax")): null

2024-03-08 01:28:15 - [TEST_STEP][PASSED] - setText(findTestObject(orPath_Amount + "/input__paymentAmount"), ""): Text '' is set on object 'Object Repository/RAD_Pages/PaymentAmount_Page/input__paymentAmount'

2024-03-08 01:28:15 - [MESSAGE][PASSED] - Text '' is set on object 'Object Repository/RAD_Pages/PaymentAmount_Page/input__paymentAmount'

2024-03-08 01:28:15 - [TEST_STEP][PASSED] - resText = "Fail": null

2024-03-08 01:28:15 - [TEST_STEP][PASSED] - pages.WriteExcel.demoKey(resText, datText, resColumn, datCloumn, fileLoc, nameSheet, row): pages.WriteExcel.demoKey is PASSED

2024-03-08 01:28:15 - [MESSAGE][PASSED] - pages.WriteExcel.demoKey is PASSED

2024-03-08 01:28:15 - [TEST_STEP][PASSED] - verifyTextPresent("Enter business name", true, CONTINUE_ON_FAILURE): Text 'Enter business name' is present on page  using regular expression

2024-03-08 01:28:16 - [MESSAGE][PASSED] - Text 'Enter business name' is present on page  using regular expression

2024-03-08 01:28:16 - [TEST_STEP][PASSED] - verifyTextPresent("Enter business rep first name", true, CONTINUE_ON_FAILURE): Text 'Enter business rep first name' is present on page  using regular expression

2024-03-08 01:28:16 - [MESSAGE][PASSED] - Text 'Enter business rep first name' is present on page  using regular expression

2024-03-08 01:28:16 - [TEST_STEP][PASSED] - verifyTextPresent("Enter business rep last name", true, CONTINUE_ON_FAILURE): Text 'Enter business rep last name' is present on page  using regular expression

2024-03-08 01:28:17 - [MESSAGE][PASSED] - Text 'Enter business rep last name' is present on page  using regular expression

2024-03-08 01:28:17 - [TEST_STEP][PASSED] - verifyTextPresent("Enter address", true, CONTINUE_ON_FAILURE): Text 'Enter address' is present on page  using regular expression

2024-03-08 01:28:17 - [MESSAGE][PASSED] - Text 'Enter address' is present on page  using regular expression

2024-03-08 01:28:17 - [TEST_STEP][PASSED] - verifyTextPresent("Enter city", true, CONTINUE_ON_FAILURE): Text 'Enter city' is present on page  using regular expression

2024-03-08 01:28:17 - [MESSAGE][PASSED] - Text 'Enter city' is present on page  using regular expression

2024-03-08 01:28:17 - [TEST_STEP][PASSED] - verifyTextPresent("Enter ZIP code", true, CONTINUE_ON_FAILURE): Text 'Enter ZIP code' is present on page  using regular expression

2024-03-08 01:28:18 - [MESSAGE][PASSED] - Text 'Enter ZIP code' is present on page  using regular expression

2024-03-08 01:28:18 - [TEST_STEP][PASSED] - verifyTextPresent("Enter a valid phone number", true, CONTINUE_ON_FAILURE): Text 'Enter a valid phone number' is present on page  using regular expression

2024-03-08 01:28:18 - [MESSAGE][PASSED] - Text 'Enter a valid phone number' is present on page  using regular expression

2024-03-08 01:28:18 - [TEST_STEP][PASSED] - verifyTextPresent("Enter Email", true, CONTINUE_ON_FAILURE): Text 'Enter Email' is present on page  using regular expression

2024-03-08 01:28:18 - [MESSAGE][PASSED] - Text 'Enter Email' is present on page  using regular expression

2024-03-08 01:28:18 - [TEST_STEP][PASSED] - if (TaxType.equalsIgnoreCase("Estate Tax")): null

2024-03-08 01:28:18 - [TEST_STEP][PASSED] - resText = "Pass": null

2024-03-08 01:28:18 - [TEST_STEP][PASSED] - pages.WriteExcel.demoKey(resText, datText, resColumn, datCloumn, fileLoc, nameSheet, row): pages.WriteExcel.demoKey is PASSED

2024-03-08 01:28:18 - [MESSAGE][PASSED] - pages.WriteExcel.demoKey is PASSED

2024-03-08 01:28:18 - [TEST_STEP][PASSED] - ExecuteTC = findTestData(dataFile).getValue("Execute", row): null

2024-03-08 01:28:18 - [TEST_STEP][PASSED] - TaxType = findTestData(dataFile).getValue("TaxType", row): null

2024-03-08 01:28:18 - [TEST_STEP][PASSED] - PaymentType = findTestData(dataFile).getValue("PaymentType", row): null

2024-03-08 01:28:19 - [TEST_STEP][PASSED] - feinSsn = findTestData(dataFile).getValue("FEINSSN", row): null

2024-03-08 01:28:19 - [TEST_STEP][PASSED] - if (ExecuteTC.equalsIgnoreCase("Y")): pages.WriteExcel.demoKey is PASSED

2024-03-08 01:28:19 - [TEST_STEP][PASSED] - out.println("Begin Record Number: " + row): null

2024-03-08 01:28:19 - [TEST_STEP][PASSED] - today = new java.util.Date(): null

2024-03-08 01:28:19 - [TEST_STEP][PASSED] - println(today): null

2024-03-08 01:28:19 - [TEST_STEP][PASSED] - datText = today: null

2024-03-08 01:28:19 - [TEST_STEP][PASSED] - logInfo("Payment Type: Existing Liability w/Notice Number"): Payment Type: Existing Liability w/Notice Number

2024-03-08 01:28:19 - [MESSAGE][INFO] - Payment Type: Existing Liability w/Notice Number

2024-03-08 01:28:19 - [TEST_STEP][PASSED] - logInfo("Tax Type: " + TaxType): Tax Type: Alcohol Tax

2024-03-08 01:28:19 - [MESSAGE][INFO] - Tax Type: Alcohol Tax

2024-03-08 01:28:19 - [TEST_STEP][PASSED] - openBrowser(""): Browser is opened with url: ''

2024-03-08 01:28:19 - [MESSAGE][WARNING] - A browser is already opened. Closing browser and opening a new one

2024-03-08 01:28:53 - [MESSAGE][INFO] - Starting 'Chrome' driver

2024-03-08 01:28:53 - [MESSAGE][INFO] - User set preference: ['acceptInsecureCerts', 'true']

2024-03-08 01:28:53 - [MESSAGE][INFO] - Action delay is set to 0 milliseconds

2024-03-08 01:28:55 - [MESSAGE][PASSED] - Browser is opened with url: ''

2024-03-08 01:28:55 - [TEST_STEP][PASSED] - maximizeWindow(): Current window maximized

2024-03-08 01:28:55 - [MESSAGE][PASSED] - Current window maximized

2024-03-08 01:28:55 - [TEST_STEP][PASSED] - navigateToUrl(RADurl): Navigate to 'https://qa2.velocitypayment.com/client/rad/index.html' successfully

2024-03-08 01:28:57 - [MESSAGE][PASSED] - Navigate to 'https://qa2.velocitypayment.com/client/rad/index.html' successfully

2024-03-08 01:28:57 - [TEST_STEP][PASSED] - selectOptionByLabel(findTestObject(orPath_Landing + "/dd_TaxType"), "Existing Liability w/Notice Number", false): All options with label 'Existing Liability w/Notice Number' are selected in object 'Object Repository/RAD_Pages/Landing_Page/dd_TaxType' 

2024-03-08 01:28:58 - [MESSAGE][PASSED] - All options with label 'Existing Liability w/Notice Number' are selected in object 'Object Repository/RAD_Pages/Landing_Page/dd_TaxType' 

2024-03-08 01:28:58 - [TEST_STEP][PASSED] - selectOptionByLabel(findTestObject(orPath_TaxTypeFilingYear + "/select_TaxType_ExistingLiability"), TaxType, false): All options with label 'Alcohol Tax' are selected in object 'Object Repository/RAD_Pages/TaxTypeFilingYear_Page/select_TaxType_ExistingLiability' 

2024-03-08 01:28:58 - [MESSAGE][PASSED] - All options with label 'Alcohol Tax' are selected in object 'Object Repository/RAD_Pages/TaxTypeFilingYear_Page/select_TaxType_ExistingLiability' 

2024-03-08 01:28:58 - [TEST_STEP][PASSED] - setText(findTestObject(orPath_TaxPayer + "/input_businessName"), " "): Text ' ' is set on object 'Object Repository/RAD_Pages/Taxpayer_Page/input_businessName'

2024-03-08 01:28:59 - [MESSAGE][PASSED] - Text ' ' is set on object 'Object Repository/RAD_Pages/Taxpayer_Page/input_businessName'

2024-03-08 01:28:59 - [TEST_STEP][PASSED] - setText(findTestObject(orPath_TaxPayer + "/input_BusinessRepfirstName"), " "): Text ' ' is set on object 'Object Repository/RAD_Pages/Taxpayer_Page/input_BusinessRepfirstName'

2024-03-08 01:29:00 - [MESSAGE][PASSED] - Text ' ' is set on object 'Object Repository/RAD_Pages/Taxpayer_Page/input_BusinessRepfirstName'

2024-03-08 01:29:00 - [TEST_STEP][PASSED] - setText(findTestObject(orPath_TaxPayer + "/input_BusinessReplastName"), " "): Text ' ' is set on object 'Object Repository/RAD_Pages/Taxpayer_Page/input_BusinessReplastName'

2024-03-08 01:29:01 - [MESSAGE][PASSED] - Text ' ' is set on object 'Object Repository/RAD_Pages/Taxpayer_Page/input_BusinessReplastName'

2024-03-08 01:29:01 - [TEST_STEP][PASSED] - setText(findTestObject(orPath_AddressContact + "/input_streetAddress1"), " "): Text ' ' is set on object 'Object Repository/RAD_Pages/AddressAndContactInfo_Page/input_streetAddress1'

2024-03-08 01:29:01 - [MESSAGE][PASSED] - Text ' ' is set on object 'Object Repository/RAD_Pages/AddressAndContactInfo_Page/input_streetAddress1'

2024-03-08 01:29:01 - [TEST_STEP][PASSED] - setText(findTestObject(orPath_AddressContact + "/input_city"), " "): Text ' ' is set on object 'Object Repository/RAD_Pages/AddressAndContactInfo_Page/input_city'

2024-03-08 01:29:02 - [MESSAGE][PASSED] - Text ' ' is set on object 'Object Repository/RAD_Pages/AddressAndContactInfo_Page/input_city'

2024-03-08 01:29:02 - [TEST_STEP][PASSED] - setText(findTestObject(orPath_AddressContact + "/input_zipCode"), " "): Text ' ' is set on object 'Object Repository/RAD_Pages/AddressAndContactInfo_Page/input_zipCode'

2024-03-08 01:29:03 - [MESSAGE][PASSED] - Text ' ' is set on object 'Object Repository/RAD_Pages/AddressAndContactInfo_Page/input_zipCode'

2024-03-08 01:29:03 - [TEST_STEP][PASSED] - setText(findTestObject(orPath_AddressContact + "/input_phoneNumber"), " "): Text ' ' is set on object 'Object Repository/RAD_Pages/AddressAndContactInfo_Page/input_phoneNumber'

2024-03-08 01:29:03 - [MESSAGE][PASSED] - Text ' ' is set on object 'Object Repository/RAD_Pages/AddressAndContactInfo_Page/input_phoneNumber'

2024-03-08 01:29:03 - [TEST_STEP][PASSED] - setText(findTestObject(orPath_AddressContact + "/input_eMailAddress"), " "): Text ' ' is set on object 'Object Repository/RAD_Pages/AddressAndContactInfo_Page/input_eMailAddress'

2024-03-08 01:29:04 - [MESSAGE][PASSED] - Text ' ' is set on object 'Object Repository/RAD_Pages/AddressAndContactInfo_Page/input_eMailAddress'

2024-03-08 01:29:04 - [TEST_STEP][PASSED] - setText(findTestObject(orPath_AddressContact + "/input_reEnterEMailAddress"), " "): Text ' ' is set on object 'Object Repository/RAD_Pages/AddressAndContactInfo_Page/input_reEnterEMailAddress'

2024-03-08 01:29:05 - [MESSAGE][PASSED] - Text ' ' is set on object 'Object Repository/RAD_Pages/AddressAndContactInfo_Page/input_reEnterEMailAddress'

2024-03-08 01:29:05 - [TEST_STEP][PASSED] - if (TaxType.equalsIgnoreCase("Estate Tax")): null

2024-03-08 01:29:05 - [TEST_STEP][PASSED] - setText(findTestObject(orPath_Amount + "/input__paymentAmount"), ""): Text '' is set on object 'Object Repository/RAD_Pages/PaymentAmount_Page/input__paymentAmount'

2024-03-08 01:29:06 - [MESSAGE][PASSED] - Text '' is set on object 'Object Repository/RAD_Pages/PaymentAmount_Page/input__paymentAmount'

2024-03-08 01:29:06 - [TEST_STEP][PASSED] - resText = "Fail": null

2024-03-08 01:29:06 - [TEST_STEP][PASSED] - pages.WriteExcel.demoKey(resText, datText, resColumn, datCloumn, fileLoc, nameSheet, row): pages.WriteExcel.demoKey is PASSED

2024-03-08 01:29:06 - [MESSAGE][PASSED] - pages.WriteExcel.demoKey is PASSED

2024-03-08 01:29:06 - [TEST_STEP][PASSED] - verifyTextPresent("Enter business name", true, CONTINUE_ON_FAILURE): Text 'Enter business name' is present on page  using regular expression

2024-03-08 01:29:06 - [MESSAGE][PASSED] - Text 'Enter business name' is present on page  using regular expression

2024-03-08 01:29:06 - [TEST_STEP][PASSED] - verifyTextPresent("Enter business rep first name", true, CONTINUE_ON_FAILURE): Text 'Enter business rep first name' is present on page  using regular expression

2024-03-08 01:29:07 - [MESSAGE][PASSED] - Text 'Enter business rep first name' is present on page  using regular expression

2024-03-08 01:29:07 - [TEST_STEP][PASSED] - verifyTextPresent("Enter business rep last name", true, CONTINUE_ON_FAILURE): Text 'Enter business rep last name' is present on page  using regular expression

2024-03-08 01:29:07 - [MESSAGE][PASSED] - Text 'Enter business rep last name' is present on page  using regular expression

2024-03-08 01:29:07 - [TEST_STEP][PASSED] - verifyTextPresent("Enter address", true, CONTINUE_ON_FAILURE): Text 'Enter address' is present on page  using regular expression

2024-03-08 01:29:07 - [MESSAGE][PASSED] - Text 'Enter address' is present on page  using regular expression

2024-03-08 01:29:07 - [TEST_STEP][PASSED] - verifyTextPresent("Enter city", true, CONTINUE_ON_FAILURE): Text 'Enter city' is present on page  using regular expression

2024-03-08 01:29:08 - [MESSAGE][PASSED] - Text 'Enter city' is present on page  using regular expression

2024-03-08 01:29:08 - [TEST_STEP][PASSED] - verifyTextPresent("Enter ZIP code", true, CONTINUE_ON_FAILURE): Text 'Enter ZIP code' is present on page  using regular expression

2024-03-08 01:29:08 - [MESSAGE][PASSED] - Text 'Enter ZIP code' is present on page  using regular expression

2024-03-08 01:29:08 - [TEST_STEP][PASSED] - verifyTextPresent("Enter a valid phone number", true, CONTINUE_ON_FAILURE): Text 'Enter a valid phone number' is present on page  using regular expression

2024-03-08 01:29:08 - [MESSAGE][PASSED] - Text 'Enter a valid phone number' is present on page  using regular expression

2024-03-08 01:29:08 - [TEST_STEP][PASSED] - verifyTextPresent("Enter Email", true, CONTINUE_ON_FAILURE): Text 'Enter Email' is present on page  using regular expression

2024-03-08 01:29:09 - [MESSAGE][PASSED] - Text 'Enter Email' is present on page  using regular expression

2024-03-08 01:29:09 - [TEST_STEP][PASSED] - if (TaxType.equalsIgnoreCase("Estate Tax")): null

2024-03-08 01:29:09 - [TEST_STEP][PASSED] - resText = "Pass": null

2024-03-08 01:29:09 - [TEST_STEP][PASSED] - pages.WriteExcel.demoKey(resText, datText, resColumn, datCloumn, fileLoc, nameSheet, row): pages.WriteExcel.demoKey is PASSED

2024-03-08 01:29:09 - [MESSAGE][PASSED] - pages.WriteExcel.demoKey is PASSED

2024-03-08 01:29:09 - [TEST_STEP][PASSED] - ExecuteTC = findTestData(dataFile).getValue("Execute", row): null

2024-03-08 01:29:09 - [TEST_STEP][PASSED] - TaxType = findTestData(dataFile).getValue("TaxType", row): null

2024-03-08 01:29:09 - [TEST_STEP][PASSED] - PaymentType = findTestData(dataFile).getValue("PaymentType", row): null

2024-03-08 01:29:09 - [TEST_STEP][PASSED] - feinSsn = findTestData(dataFile).getValue("FEINSSN", row): null

2024-03-08 01:29:09 - [TEST_STEP][PASSED] - if (ExecuteTC.equalsIgnoreCase("Y")): pages.WriteExcel.demoKey is PASSED

2024-03-08 01:29:09 - [TEST_STEP][PASSED] - out.println("Begin Record Number: " + row): null

2024-03-08 01:29:09 - [TEST_STEP][PASSED] - today = new java.util.Date(): null

2024-03-08 01:29:09 - [TEST_STEP][PASSED] - println(today): null

2024-03-08 01:29:09 - [TEST_STEP][PASSED] - datText = today: null

2024-03-08 01:29:09 - [TEST_STEP][PASSED] - logInfo("Payment Type: Existing Liability w/Notice Number"): Payment Type: Existing Liability w/Notice Number

2024-03-08 01:29:09 - [MESSAGE][INFO] - Payment Type: Existing Liability w/Notice Number

2024-03-08 01:29:09 - [TEST_STEP][PASSED] - logInfo("Tax Type: " + TaxType): Tax Type: PTE Tax Electing Non-S Corp

2024-03-08 01:29:09 - [MESSAGE][INFO] - Tax Type: PTE Tax Electing Non-S Corp

2024-03-08 01:29:09 - [TEST_STEP][PASSED] - openBrowser(""): Browser is opened with url: ''

2024-03-08 01:29:09 - [MESSAGE][WARNING] - A browser is already opened. Closing browser and opening a new one

2024-03-08 01:29:26 - [MESSAGE][INFO] - Starting 'Chrome' driver

2024-03-08 01:29:26 - [MESSAGE][INFO] - User set preference: ['acceptInsecureCerts', 'true']

2024-03-08 01:29:26 - [MESSAGE][INFO] - Action delay is set to 0 milliseconds

2024-03-08 01:29:28 - [MESSAGE][PASSED] - Browser is opened with url: ''

2024-03-08 01:29:28 - [TEST_STEP][PASSED] - maximizeWindow(): Current window maximized

2024-03-08 01:29:28 - [MESSAGE][PASSED] - Current window maximized

2024-03-08 01:29:28 - [TEST_STEP][PASSED] - navigateToUrl(RADurl): Navigate to 'https://qa2.velocitypayment.com/client/rad/index.html' successfully

2024-03-08 01:29:34 - [MESSAGE][PASSED] - Navigate to 'https://qa2.velocitypayment.com/client/rad/index.html' successfully

2024-03-08 01:29:34 - [TEST_STEP][PASSED] - selectOptionByLabel(findTestObject(orPath_Landing + "/dd_TaxType"), "Existing Liability w/Notice Number", false): All options with label 'Existing Liability w/Notice Number' are selected in object 'Object Repository/RAD_Pages/Landing_Page/dd_TaxType' 

2024-03-08 01:29:35 - [MESSAGE][PASSED] - All options with label 'Existing Liability w/Notice Number' are selected in object 'Object Repository/RAD_Pages/Landing_Page/dd_TaxType' 

2024-03-08 01:29:35 - [TEST_STEP][PASSED] - selectOptionByLabel(findTestObject(orPath_TaxTypeFilingYear + "/select_TaxType_ExistingLiability"), TaxType, false): All options with label 'PTE Tax Electing Non-S Corp' are selected in object 'Object Repository/RAD_Pages/TaxTypeFilingYear_Page/select_TaxType_ExistingLiability' 

2024-03-08 01:29:36 - [MESSAGE][PASSED] - All options with label 'PTE Tax Electing Non-S Corp' are selected in object 'Object Repository/RAD_Pages/TaxTypeFilingYear_Page/select_TaxType_ExistingLiability' 

2024-03-08 01:29:36 - [TEST_STEP][PASSED] - setText(findTestObject(orPath_TaxPayer + "/input_businessName"), " "): Text ' ' is set on object 'Object Repository/RAD_Pages/Taxpayer_Page/input_businessName'

2024-03-08 01:29:37 - [MESSAGE][PASSED] - Text ' ' is set on object 'Object Repository/RAD_Pages/Taxpayer_Page/input_businessName'

2024-03-08 01:29:37 - [TEST_STEP][PASSED] - setText(findTestObject(orPath_TaxPayer + "/input_BusinessRepfirstName"), " "): Text ' ' is set on object 'Object Repository/RAD_Pages/Taxpayer_Page/input_BusinessRepfirstName'

2024-03-08 01:29:37 - [MESSAGE][PASSED] - Text ' ' is set on object 'Object Repository/RAD_Pages/Taxpayer_Page/input_BusinessRepfirstName'

2024-03-08 01:29:37 - [TEST_STEP][PASSED] - setText(findTestObject(orPath_TaxPayer + "/input_BusinessReplastName"), " "): Text ' ' is set on object 'Object Repository/RAD_Pages/Taxpayer_Page/input_BusinessReplastName'

2024-03-08 01:29:38 - [MESSAGE][PASSED] - Text ' ' is set on object 'Object Repository/RAD_Pages/Taxpayer_Page/input_BusinessReplastName'

2024-03-08 01:29:38 - [TEST_STEP][PASSED] - setText(findTestObject(orPath_AddressContact + "/input_streetAddress1"), " "): Text ' ' is set on object 'Object Repository/RAD_Pages/AddressAndContactInfo_Page/input_streetAddress1'

2024-03-08 01:29:39 - [MESSAGE][PASSED] - Text ' ' is set on object 'Object Repository/RAD_Pages/AddressAndContactInfo_Page/input_streetAddress1'

2024-03-08 01:29:39 - [TEST_STEP][PASSED] - setText(findTestObject(orPath_AddressContact + "/input_city"), " "): Text ' ' is set on object 'Object Repository/RAD_Pages/AddressAndContactInfo_Page/input_city'

2024-03-08 01:29:40 - [MESSAGE][PASSED] - Text ' ' is set on object 'Object Repository/RAD_Pages/AddressAndContactInfo_Page/input_city'

2024-03-08 01:29:40 - [TEST_STEP][PASSED] - setText(findTestObject(orPath_AddressContact + "/input_zipCode"), " "): Text ' ' is set on object 'Object Repository/RAD_Pages/AddressAndContactInfo_Page/input_zipCode'

2024-03-08 01:29:40 - [MESSAGE][PASSED] - Text ' ' is set on object 'Object Repository/RAD_Pages/AddressAndContactInfo_Page/input_zipCode'

2024-03-08 01:29:40 - [TEST_STEP][PASSED] - setText(findTestObject(orPath_AddressContact + "/input_phoneNumber"), " "): Text ' ' is set on object 'Object Repository/RAD_Pages/AddressAndContactInfo_Page/input_phoneNumber'

2024-03-08 01:29:41 - [MESSAGE][PASSED] - Text ' ' is set on object 'Object Repository/RAD_Pages/AddressAndContactInfo_Page/input_phoneNumber'

2024-03-08 01:29:41 - [TEST_STEP][PASSED] - setText(findTestObject(orPath_AddressContact + "/input_eMailAddress"), " "): Text ' ' is set on object 'Object Repository/RAD_Pages/AddressAndContactInfo_Page/input_eMailAddress'

2024-03-08 01:29:42 - [MESSAGE][PASSED] - Text ' ' is set on object 'Object Repository/RAD_Pages/AddressAndContactInfo_Page/input_eMailAddress'

2024-03-08 01:29:42 - [TEST_STEP][PASSED] - setText(findTestObject(orPath_AddressContact + "/input_reEnterEMailAddress"), " "): Text ' ' is set on object 'Object Repository/RAD_Pages/AddressAndContactInfo_Page/input_reEnterEMailAddress'

2024-03-08 01:29:42 - [MESSAGE][PASSED] - Text ' ' is set on object 'Object Repository/RAD_Pages/AddressAndContactInfo_Page/input_reEnterEMailAddress'

2024-03-08 01:29:42 - [TEST_STEP][PASSED] - if (TaxType.equalsIgnoreCase("Estate Tax")): null

2024-03-08 01:29:42 - [TEST_STEP][PASSED] - setText(findTestObject(orPath_Amount + "/input__paymentAmount"), ""): Text '' is set on object 'Object Repository/RAD_Pages/PaymentAmount_Page/input__paymentAmount'

2024-03-08 01:29:43 - [MESSAGE][PASSED] - Text '' is set on object 'Object Repository/RAD_Pages/PaymentAmount_Page/input__paymentAmount'

2024-03-08 01:29:43 - [TEST_STEP][PASSED] - resText = "Fail": null

2024-03-08 01:29:43 - [TEST_STEP][PASSED] - pages.WriteExcel.demoKey(resText, datText, resColumn, datCloumn, fileLoc, nameSheet, row): pages.WriteExcel.demoKey is PASSED

2024-03-08 01:29:43 - [MESSAGE][PASSED] - pages.WriteExcel.demoKey is PASSED

2024-03-08 01:29:43 - [TEST_STEP][PASSED] - verifyTextPresent("Enter business name", true, CONTINUE_ON_FAILURE): Text 'Enter business name' is present on page  using regular expression

2024-03-08 01:29:44 - [MESSAGE][PASSED] - Text 'Enter business name' is present on page  using regular expression

2024-03-08 01:29:44 - [TEST_STEP][PASSED] - verifyTextPresent("Enter business rep first name", true, CONTINUE_ON_FAILURE): Text 'Enter business rep first name' is present on page  using regular expression

2024-03-08 01:29:44 - [MESSAGE][PASSED] - Text 'Enter business rep first name' is present on page  using regular expression

2024-03-08 01:29:44 - [TEST_STEP][PASSED] - verifyTextPresent("Enter business rep last name", true, CONTINUE_ON_FAILURE): Text 'Enter business rep last name' is present on page  using regular expression

2024-03-08 01:29:45 - [MESSAGE][PASSED] - Text 'Enter business rep last name' is present on page  using regular expression

2024-03-08 01:29:45 - [TEST_STEP][PASSED] - verifyTextPresent("Enter address", true, CONTINUE_ON_FAILURE): Text 'Enter address' is present on page  using regular expression

2024-03-08 01:29:45 - [MESSAGE][PASSED] - Text 'Enter address' is present on page  using regular expression

2024-03-08 01:29:45 - [TEST_STEP][PASSED] - verifyTextPresent("Enter city", true, CONTINUE_ON_FAILURE): Text 'Enter city' is present on page  using regular expression

2024-03-08 01:29:45 - [MESSAGE][PASSED] - Text 'Enter city' is present on page  using regular expression

2024-03-08 01:29:45 - [TEST_STEP][PASSED] - verifyTextPresent("Enter ZIP code", true, CONTINUE_ON_FAILURE): Text 'Enter ZIP code' is present on page  using regular expression

2024-03-08 01:29:46 - [MESSAGE][PASSED] - Text 'Enter ZIP code' is present on page  using regular expression

2024-03-08 01:29:46 - [TEST_STEP][PASSED] - verifyTextPresent("Enter a valid phone number", true, CONTINUE_ON_FAILURE): Text 'Enter a valid phone number' is present on page  using regular expression

2024-03-08 01:29:46 - [MESSAGE][PASSED] - Text 'Enter a valid phone number' is present on page  using regular expression

2024-03-08 01:29:46 - [TEST_STEP][PASSED] - verifyTextPresent("Enter Email", true, CONTINUE_ON_FAILURE): Text 'Enter Email' is present on page  using regular expression

2024-03-08 01:29:46 - [MESSAGE][PASSED] - Text 'Enter Email' is present on page  using regular expression

2024-03-08 01:29:46 - [TEST_STEP][PASSED] - if (TaxType.equalsIgnoreCase("Estate Tax")): null

2024-03-08 01:29:46 - [TEST_STEP][PASSED] - resText = "Pass": null

2024-03-08 01:29:46 - [TEST_STEP][PASSED] - pages.WriteExcel.demoKey(resText, datText, resColumn, datCloumn, fileLoc, nameSheet, row): pages.WriteExcel.demoKey is PASSED

2024-03-08 01:29:46 - [MESSAGE][PASSED] - pages.WriteExcel.demoKey is PASSED

2024-03-08 01:29:46 - [TEST_STEP][PASSED] - ExecuteTC = findTestData(dataFile).getValue("Execute", row): null

2024-03-08 01:29:46 - [TEST_STEP][PASSED] - TaxType = findTestData(dataFile).getValue("TaxType", row): null

2024-03-08 01:29:47 - [TEST_STEP][PASSED] - PaymentType = findTestData(dataFile).getValue("PaymentType", row): null

2024-03-08 01:29:47 - [TEST_STEP][PASSED] - feinSsn = findTestData(dataFile).getValue("FEINSSN", row): null

2024-03-08 01:29:47 - [TEST_STEP][PASSED] - if (ExecuteTC.equalsIgnoreCase("Y")): pages.WriteExcel.demoKey is PASSED

2024-03-08 01:29:47 - [TEST_STEP][PASSED] - out.println("Begin Record Number: " + row): null

2024-03-08 01:29:47 - [TEST_STEP][PASSED] - today = new java.util.Date(): null

2024-03-08 01:29:47 - [TEST_STEP][PASSED] - println(today): null

2024-03-08 01:29:47 - [TEST_STEP][PASSED] - datText = today: null

2024-03-08 01:29:47 - [TEST_STEP][PASSED] - logInfo("Payment Type: Existing Liability w/Notice Number"): Payment Type: Existing Liability w/Notice Number

2024-03-08 01:29:47 - [MESSAGE][INFO] - Payment Type: Existing Liability w/Notice Number

2024-03-08 01:29:47 - [TEST_STEP][PASSED] - logInfo("Tax Type: " + TaxType): Tax Type: PTE Tax Electing S Corp

2024-03-08 01:29:47 - [MESSAGE][INFO] - Tax Type: PTE Tax Electing S Corp

2024-03-08 01:29:47 - [TEST_STEP][PASSED] - openBrowser(""): Browser is opened with url: ''

2024-03-08 01:29:47 - [MESSAGE][WARNING] - A browser is already opened. Closing browser and opening a new one

2024-03-08 01:30:02 - [MESSAGE][INFO] - Starting 'Chrome' driver

2024-03-08 01:30:02 - [MESSAGE][INFO] - User set preference: ['acceptInsecureCerts', 'true']

2024-03-08 01:30:02 - [MESSAGE][INFO] - Action delay is set to 0 milliseconds

2024-03-08 01:30:04 - [MESSAGE][PASSED] - Browser is opened with url: ''

2024-03-08 01:30:04 - [TEST_STEP][PASSED] - maximizeWindow(): Current window maximized

2024-03-08 01:30:04 - [MESSAGE][PASSED] - Current window maximized

2024-03-08 01:30:04 - [TEST_STEP][PASSED] - navigateToUrl(RADurl): Navigate to 'https://qa2.velocitypayment.com/client/rad/index.html' successfully

2024-03-08 01:30:11 - [MESSAGE][PASSED] - Navigate to 'https://qa2.velocitypayment.com/client/rad/index.html' successfully

2024-03-08 01:30:11 - [TEST_STEP][PASSED] - selectOptionByLabel(findTestObject(orPath_Landing + "/dd_TaxType"), "Existing Liability w/Notice Number", false): All options with label 'Existing Liability w/Notice Number' are selected in object 'Object Repository/RAD_Pages/Landing_Page/dd_TaxType' 

2024-03-08 01:30:12 - [MESSAGE][PASSED] - All options with label 'Existing Liability w/Notice Number' are selected in object 'Object Repository/RAD_Pages/Landing_Page/dd_TaxType' 

2024-03-08 01:30:12 - [TEST_STEP][PASSED] - selectOptionByLabel(findTestObject(orPath_TaxTypeFilingYear + "/select_TaxType_ExistingLiability"), TaxType, false): All options with label 'PTE Tax Electing S Corp' are selected in object 'Object Repository/RAD_Pages/TaxTypeFilingYear_Page/select_TaxType_ExistingLiability' 

2024-03-08 01:30:13 - [MESSAGE][PASSED] - All options with label 'PTE Tax Electing S Corp' are selected in object 'Object Repository/RAD_Pages/TaxTypeFilingYear_Page/select_TaxType_ExistingLiability' 

2024-03-08 01:30:13 - [TEST_STEP][PASSED] - setText(findTestObject(orPath_TaxPayer + "/input_businessName"), " "): Text ' ' is set on object 'Object Repository/RAD_Pages/Taxpayer_Page/input_businessName'

2024-03-08 01:30:14 - [MESSAGE][PASSED] - Text ' ' is set on object 'Object Repository/RAD_Pages/Taxpayer_Page/input_businessName'

2024-03-08 01:30:14 - [TEST_STEP][PASSED] - setText(findTestObject(orPath_TaxPayer + "/input_BusinessRepfirstName"), " "): Text ' ' is set on object 'Object Repository/RAD_Pages/Taxpayer_Page/input_BusinessRepfirstName'

2024-03-08 01:30:14 - [MESSAGE][PASSED] - Text ' ' is set on object 'Object Repository/RAD_Pages/Taxpayer_Page/input_BusinessRepfirstName'

2024-03-08 01:30:14 - [TEST_STEP][PASSED] - setText(findTestObject(orPath_TaxPayer + "/input_BusinessReplastName"), " "): Text ' ' is set on object 'Object Repository/RAD_Pages/Taxpayer_Page/input_BusinessReplastName'

2024-03-08 01:30:15 - [MESSAGE][PASSED] - Text ' ' is set on object 'Object Repository/RAD_Pages/Taxpayer_Page/input_BusinessReplastName'

2024-03-08 01:30:15 - [TEST_STEP][PASSED] - setText(findTestObject(orPath_AddressContact + "/input_streetAddress1"), " "): Text ' ' is set on object 'Object Repository/RAD_Pages/AddressAndContactInfo_Page/input_streetAddress1'

2024-03-08 01:30:16 - [MESSAGE][PASSED] - Text ' ' is set on object 'Object Repository/RAD_Pages/AddressAndContactInfo_Page/input_streetAddress1'

2024-03-08 01:30:16 - [TEST_STEP][PASSED] - setText(findTestObject(orPath_AddressContact + "/input_city"), " "): Text ' ' is set on object 'Object Repository/RAD_Pages/AddressAndContactInfo_Page/input_city'

2024-03-08 01:30:16 - [MESSAGE][PASSED] - Text ' ' is set on object 'Object Repository/RAD_Pages/AddressAndContactInfo_Page/input_city'

2024-03-08 01:30:16 - [TEST_STEP][PASSED] - setText(findTestObject(orPath_AddressContact + "/input_zipCode"), " "): Text ' ' is set on object 'Object Repository/RAD_Pages/AddressAndContactInfo_Page/input_zipCode'

2024-03-08 01:30:17 - [MESSAGE][PASSED] - Text ' ' is set on object 'Object Repository/RAD_Pages/AddressAndContactInfo_Page/input_zipCode'

2024-03-08 01:30:17 - [TEST_STEP][PASSED] - setText(findTestObject(orPath_AddressContact + "/input_phoneNumber"), " "): Text ' ' is set on object 'Object Repository/RAD_Pages/AddressAndContactInfo_Page/input_phoneNumber'

2024-03-08 01:30:18 - [MESSAGE][PASSED] - Text ' ' is set on object 'Object Repository/RAD_Pages/AddressAndContactInfo_Page/input_phoneNumber'

2024-03-08 01:30:18 - [TEST_STEP][PASSED] - setText(findTestObject(orPath_AddressContact + "/input_eMailAddress"), " "): Text ' ' is set on object 'Object Repository/RAD_Pages/AddressAndContactInfo_Page/input_eMailAddress'

2024-03-08 01:30:19 - [MESSAGE][PASSED] - Text ' ' is set on object 'Object Repository/RAD_Pages/AddressAndContactInfo_Page/input_eMailAddress'

2024-03-08 01:30:19 - [TEST_STEP][PASSED] - setText(findTestObject(orPath_AddressContact + "/input_reEnterEMailAddress"), " "): Text ' ' is set on object 'Object Repository/RAD_Pages/AddressAndContactInfo_Page/input_reEnterEMailAddress'

2024-03-08 01:30:19 - [MESSAGE][PASSED] - Text ' ' is set on object 'Object Repository/RAD_Pages/AddressAndContactInfo_Page/input_reEnterEMailAddress'

2024-03-08 01:30:19 - [TEST_STEP][PASSED] - if (TaxType.equalsIgnoreCase("Estate Tax")): null

2024-03-08 01:30:19 - [TEST_STEP][PASSED] - setText(findTestObject(orPath_Amount + "/input__paymentAmount"), ""): Text '' is set on object 'Object Repository/RAD_Pages/PaymentAmount_Page/input__paymentAmount'

2024-03-08 01:30:20 - [MESSAGE][PASSED] - Text '' is set on object 'Object Repository/RAD_Pages/PaymentAmount_Page/input__paymentAmount'

2024-03-08 01:30:20 - [TEST_STEP][PASSED] - resText = "Fail": null

2024-03-08 01:30:20 - [TEST_STEP][PASSED] - pages.WriteExcel.demoKey(resText, datText, resColumn, datCloumn, fileLoc, nameSheet, row): pages.WriteExcel.demoKey is PASSED

2024-03-08 01:30:20 - [MESSAGE][PASSED] - pages.WriteExcel.demoKey is PASSED

2024-03-08 01:30:20 - [TEST_STEP][PASSED] - verifyTextPresent("Enter business name", true, CONTINUE_ON_FAILURE): Text 'Enter business name' is present on page  using regular expression

2024-03-08 01:30:21 - [MESSAGE][PASSED] - Text 'Enter business name' is present on page  using regular expression

2024-03-08 01:30:21 - [TEST_STEP][PASSED] - verifyTextPresent("Enter business rep first name", true, CONTINUE_ON_FAILURE): Text 'Enter business rep first name' is present on page  using regular expression

2024-03-08 01:30:21 - [MESSAGE][PASSED] - Text 'Enter business rep first name' is present on page  using regular expression

2024-03-08 01:30:21 - [TEST_STEP][PASSED] - verifyTextPresent("Enter business rep last name", true, CONTINUE_ON_FAILURE): Text 'Enter business rep last name' is present on page  using regular expression

2024-03-08 01:30:21 - [MESSAGE][PASSED] - Text 'Enter business rep last name' is present on page  using regular expression

2024-03-08 01:30:21 - [TEST_STEP][PASSED] - verifyTextPresent("Enter address", true, CONTINUE_ON_FAILURE): Text 'Enter address' is present on page  using regular expression

2024-03-08 01:30:22 - [MESSAGE][PASSED] - Text 'Enter address' is present on page  using regular expression

2024-03-08 01:30:22 - [TEST_STEP][PASSED] - verifyTextPresent("Enter city", true, CONTINUE_ON_FAILURE): Text 'Enter city' is present on page  using regular expression

2024-03-08 01:30:22 - [MESSAGE][PASSED] - Text 'Enter city' is present on page  using regular expression

2024-03-08 01:30:22 - [TEST_STEP][PASSED] - verifyTextPresent("Enter ZIP code", true, CONTINUE_ON_FAILURE): Text 'Enter ZIP code' is present on page  using regular expression

2024-03-08 01:30:23 - [MESSAGE][PASSED] - Text 'Enter ZIP code' is present on page  using regular expression

2024-03-08 01:30:23 - [TEST_STEP][PASSED] - verifyTextPresent("Enter a valid phone number", true, CONTINUE_ON_FAILURE): Text 'Enter a valid phone number' is present on page  using regular expression

2024-03-08 01:30:23 - [MESSAGE][PASSED] - Text 'Enter a valid phone number' is present on page  using regular expression

2024-03-08 01:30:23 - [TEST_STEP][PASSED] - verifyTextPresent("Enter Email", true, CONTINUE_ON_FAILURE): Text 'Enter Email' is present on page  using regular expression

2024-03-08 01:30:23 - [MESSAGE][PASSED] - Text 'Enter Email' is present on page  using regular expression

2024-03-08 01:30:23 - [TEST_STEP][PASSED] - if (TaxType.equalsIgnoreCase("Estate Tax")): null

2024-03-08 01:30:23 - [TEST_STEP][PASSED] - resText = "Pass": null

2024-03-08 01:30:23 - [TEST_STEP][PASSED] - pages.WriteExcel.demoKey(resText, datText, resColumn, datCloumn, fileLoc, nameSheet, row): pages.WriteExcel.demoKey is PASSED

2024-03-08 01:30:23 - [MESSAGE][PASSED] - pages.WriteExcel.demoKey is PASSED

2024-03-08 01:30:23 - [TEST_STEP][PASSED] - ExecuteTC = findTestData(dataFile).getValue("Execute", row): null

2024-03-08 01:30:23 - [TEST_STEP][PASSED] - TaxType = findTestData(dataFile).getValue("TaxType", row): null

2024-03-08 01:30:23 - [TEST_STEP][PASSED] - PaymentType = findTestData(dataFile).getValue("PaymentType", row): null

2024-03-08 01:30:24 - [TEST_STEP][PASSED] - feinSsn = findTestData(dataFile).getValue("FEINSSN", row): null

2024-03-08 01:30:24 - [TEST_STEP][PASSED] - if (ExecuteTC.equalsIgnoreCase("Y")): pages.WriteExcel.demoKey is PASSED

2024-03-08 01:30:24 - [TEST_STEP][PASSED] - out.println("Begin Record Number: " + row): null

2024-03-08 01:30:24 - [TEST_STEP][PASSED] - today = new java.util.Date(): null

2024-03-08 01:30:24 - [TEST_STEP][PASSED] - println(today): null

2024-03-08 01:30:24 - [TEST_STEP][PASSED] - datText = today: null

2024-03-08 01:30:24 - [TEST_STEP][PASSED] - logInfo("Payment Type: Existing Liability w/Notice Number"): Payment Type: Existing Liability w/Notice Number

2024-03-08 01:30:24 - [MESSAGE][INFO] - Payment Type: Existing Liability w/Notice Number

2024-03-08 01:30:24 - [TEST_STEP][PASSED] - logInfo("Tax Type: " + TaxType): Tax Type: Admissions and Amusement Tax

2024-03-08 01:30:24 - [MESSAGE][INFO] - Tax Type: Admissions and Amusement Tax

2024-03-08 01:30:24 - [TEST_STEP][PASSED] - openBrowser(""): Browser is opened with url: ''

2024-03-08 01:30:24 - [MESSAGE][WARNING] - A browser is already opened. Closing browser and opening a new one

2024-03-08 01:30:54 - [MESSAGE][INFO] - Starting 'Chrome' driver

2024-03-08 01:30:54 - [MESSAGE][INFO] - User set preference: ['acceptInsecureCerts', 'true']

2024-03-08 01:30:54 - [MESSAGE][INFO] - Action delay is set to 0 milliseconds

2024-03-08 01:30:56 - [MESSAGE][PASSED] - Browser is opened with url: ''

2024-03-08 01:30:56 - [TEST_STEP][PASSED] - maximizeWindow(): Current window maximized

2024-03-08 01:30:56 - [MESSAGE][PASSED] - Current window maximized

2024-03-08 01:30:56 - [TEST_STEP][PASSED] - navigateToUrl(RADurl): Navigate to 'https://qa2.velocitypayment.com/client/rad/index.html' successfully

2024-03-08 01:31:02 - [MESSAGE][PASSED] - Navigate to 'https://qa2.velocitypayment.com/client/rad/index.html' successfully

2024-03-08 01:31:02 - [TEST_STEP][PASSED] - selectOptionByLabel(findTestObject(orPath_Landing + "/dd_TaxType"), "Existing Liability w/Notice Number", false): All options with label 'Existing Liability w/Notice Number' are selected in object 'Object Repository/RAD_Pages/Landing_Page/dd_TaxType' 

2024-03-08 01:31:03 - [MESSAGE][PASSED] - All options with label 'Existing Liability w/Notice Number' are selected in object 'Object Repository/RAD_Pages/Landing_Page/dd_TaxType' 

2024-03-08 01:31:03 - [TEST_STEP][PASSED] - selectOptionByLabel(findTestObject(orPath_TaxTypeFilingYear + "/select_TaxType_ExistingLiability"), TaxType, false): All options with label 'Admissions and Amusement Tax' are selected in object 'Object Repository/RAD_Pages/TaxTypeFilingYear_Page/select_TaxType_ExistingLiability' 

2024-03-08 01:31:04 - [MESSAGE][PASSED] - All options with label 'Admissions and Amusement Tax' are selected in object 'Object Repository/RAD_Pages/TaxTypeFilingYear_Page/select_TaxType_ExistingLiability' 

2024-03-08 01:31:04 - [TEST_STEP][PASSED] - setText(findTestObject(orPath_TaxPayer + "/input_businessName"), " "): Text ' ' is set on object 'Object Repository/RAD_Pages/Taxpayer_Page/input_businessName'

2024-03-08 01:31:05 - [MESSAGE][PASSED] - Text ' ' is set on object 'Object Repository/RAD_Pages/Taxpayer_Page/input_businessName'

2024-03-08 01:31:05 - [TEST_STEP][PASSED] - setText(findTestObject(orPath_TaxPayer + "/input_BusinessRepfirstName"), " "): Text ' ' is set on object 'Object Repository/RAD_Pages/Taxpayer_Page/input_BusinessRepfirstName'

2024-03-08 01:31:05 - [MESSAGE][PASSED] - Text ' ' is set on object 'Object Repository/RAD_Pages/Taxpayer_Page/input_BusinessRepfirstName'

2024-03-08 01:31:05 - [TEST_STEP][PASSED] - setText(findTestObject(orPath_TaxPayer + "/input_BusinessReplastName"), " "): Text ' ' is set on object 'Object Repository/RAD_Pages/Taxpayer_Page/input_BusinessReplastName'

2024-03-08 01:31:06 - [MESSAGE][PASSED] - Text ' ' is set on object 'Object Repository/RAD_Pages/Taxpayer_Page/input_BusinessReplastName'

2024-03-08 01:31:06 - [TEST_STEP][PASSED] - setText(findTestObject(orPath_AddressContact + "/input_streetAddress1"), " "): Text ' ' is set on object 'Object Repository/RAD_Pages/AddressAndContactInfo_Page/input_streetAddress1'

2024-03-08 01:31:07 - [MESSAGE][PASSED] - Text ' ' is set on object 'Object Repository/RAD_Pages/AddressAndContactInfo_Page/input_streetAddress1'

2024-03-08 01:31:07 - [TEST_STEP][PASSED] - setText(findTestObject(orPath_AddressContact + "/input_city"), " "): Text ' ' is set on object 'Object Repository/RAD_Pages/AddressAndContactInfo_Page/input_city'

2024-03-08 01:31:07 - [MESSAGE][PASSED] - Text ' ' is set on object 'Object Repository/RAD_Pages/AddressAndContactInfo_Page/input_city'

2024-03-08 01:31:07 - [TEST_STEP][PASSED] - setText(findTestObject(orPath_AddressContact + "/input_zipCode"), " "): Text ' ' is set on object 'Object Repository/RAD_Pages/AddressAndContactInfo_Page/input_zipCode'

2024-03-08 01:31:08 - [MESSAGE][PASSED] - Text ' ' is set on object 'Object Repository/RAD_Pages/AddressAndContactInfo_Page/input_zipCode'

2024-03-08 01:31:08 - [TEST_STEP][PASSED] - setText(findTestObject(orPath_AddressContact + "/input_phoneNumber"), " "): Text ' ' is set on object 'Object Repository/RAD_Pages/AddressAndContactInfo_Page/input_phoneNumber'

2024-03-08 01:31:09 - [MESSAGE][PASSED] - Text ' ' is set on object 'Object Repository/RAD_Pages/AddressAndContactInfo_Page/input_phoneNumber'

2024-03-08 01:31:09 - [TEST_STEP][PASSED] - setText(findTestObject(orPath_AddressContact + "/input_eMailAddress"), " "): Text ' ' is set on object 'Object Repository/RAD_Pages/AddressAndContactInfo_Page/input_eMailAddress'

2024-03-08 01:31:10 - [MESSAGE][PASSED] - Text ' ' is set on object 'Object Repository/RAD_Pages/AddressAndContactInfo_Page/input_eMailAddress'

2024-03-08 01:31:10 - [TEST_STEP][PASSED] - setText(findTestObject(orPath_AddressContact + "/input_reEnterEMailAddress"), " "): Text ' ' is set on object 'Object Repository/RAD_Pages/AddressAndContactInfo_Page/input_reEnterEMailAddress'

2024-03-08 01:31:10 - [MESSAGE][PASSED] - Text ' ' is set on object 'Object Repository/RAD_Pages/AddressAndContactInfo_Page/input_reEnterEMailAddress'

2024-03-08 01:31:10 - [TEST_STEP][PASSED] - if (TaxType.equalsIgnoreCase("Estate Tax")): null

2024-03-08 01:31:10 - [TEST_STEP][PASSED] - setText(findTestObject(orPath_Amount + "/input__paymentAmount"), ""): Text '' is set on object 'Object Repository/RAD_Pages/PaymentAmount_Page/input__paymentAmount'

2024-03-08 01:31:11 - [MESSAGE][PASSED] - Text '' is set on object 'Object Repository/RAD_Pages/PaymentAmount_Page/input__paymentAmount'

2024-03-08 01:31:11 - [TEST_STEP][PASSED] - resText = "Fail": null

2024-03-08 01:31:11 - [TEST_STEP][PASSED] - pages.WriteExcel.demoKey(resText, datText, resColumn, datCloumn, fileLoc, nameSheet, row): pages.WriteExcel.demoKey is PASSED

2024-03-08 01:31:11 - [MESSAGE][PASSED] - pages.WriteExcel.demoKey is PASSED

2024-03-08 01:31:11 - [TEST_STEP][PASSED] - verifyTextPresent("Enter business name", true, CONTINUE_ON_FAILURE): Text 'Enter business name' is present on page  using regular expression

2024-03-08 01:31:12 - [MESSAGE][PASSED] - Text 'Enter business name' is present on page  using regular expression

2024-03-08 01:31:12 - [TEST_STEP][PASSED] - verifyTextPresent("Enter business rep first name", true, CONTINUE_ON_FAILURE): Text 'Enter business rep first name' is present on page  using regular expression

2024-03-08 01:31:12 - [MESSAGE][PASSED] - Text 'Enter business rep first name' is present on page  using regular expression

2024-03-08 01:31:12 - [TEST_STEP][PASSED] - verifyTextPresent("Enter business rep last name", true, CONTINUE_ON_FAILURE): Text 'Enter business rep last name' is present on page  using regular expression

2024-03-08 01:31:12 - [MESSAGE][PASSED] - Text 'Enter business rep last name' is present on page  using regular expression

2024-03-08 01:31:12 - [TEST_STEP][PASSED] - verifyTextPresent("Enter address", true, CONTINUE_ON_FAILURE): Text 'Enter address' is present on page  using regular expression

2024-03-08 01:31:13 - [MESSAGE][PASSED] - Text 'Enter address' is present on page  using regular expression

2024-03-08 01:31:13 - [TEST_STEP][PASSED] - verifyTextPresent("Enter city", true, CONTINUE_ON_FAILURE): Text 'Enter city' is present on page  using regular expression

2024-03-08 01:31:13 - [MESSAGE][PASSED] - Text 'Enter city' is present on page  using regular expression

2024-03-08 01:31:13 - [TEST_STEP][PASSED] - verifyTextPresent("Enter ZIP code", true, CONTINUE_ON_FAILURE): Text 'Enter ZIP code' is present on page  using regular expression

2024-03-08 01:31:13 - [MESSAGE][PASSED] - Text 'Enter ZIP code' is present on page  using regular expression

2024-03-08 01:31:13 - [TEST_STEP][PASSED] - verifyTextPresent("Enter a valid phone number", true, CONTINUE_ON_FAILURE): Text 'Enter a valid phone number' is present on page  using regular expression

2024-03-08 01:31:14 - [MESSAGE][PASSED] - Text 'Enter a valid phone number' is present on page  using regular expression

2024-03-08 01:31:14 - [TEST_STEP][PASSED] - verifyTextPresent("Enter Email", true, CONTINUE_ON_FAILURE): Text 'Enter Email' is present on page  using regular expression

2024-03-08 01:31:14 - [MESSAGE][PASSED] - Text 'Enter Email' is present on page  using regular expression

2024-03-08 01:31:14 - [TEST_STEP][PASSED] - if (TaxType.equalsIgnoreCase("Estate Tax")): null

2024-03-08 01:31:14 - [TEST_STEP][PASSED] - resText = "Pass": null

2024-03-08 01:31:14 - [TEST_STEP][PASSED] - pages.WriteExcel.demoKey(resText, datText, resColumn, datCloumn, fileLoc, nameSheet, row): pages.WriteExcel.demoKey is PASSED

2024-03-08 01:31:14 - [MESSAGE][PASSED] - pages.WriteExcel.demoKey is PASSED

2024-03-08 01:31:14 - [TEST_STEP][PASSED] - ExecuteTC = findTestData(dataFile).getValue("Execute", row): null

2024-03-08 01:31:14 - [TEST_STEP][PASSED] - TaxType = findTestData(dataFile).getValue("TaxType", row): null

2024-03-08 01:31:14 - [TEST_STEP][PASSED] - PaymentType = findTestData(dataFile).getValue("PaymentType", row): null

2024-03-08 01:31:14 - [TEST_STEP][PASSED] - feinSsn = findTestData(dataFile).getValue("FEINSSN", row): null

2024-03-08 01:31:14 - [TEST_STEP][PASSED] - if (ExecuteTC.equalsIgnoreCase("Y")): pages.WriteExcel.demoKey is PASSED

2024-03-08 01:31:14 - [TEST_STEP][PASSED] - out.println("Begin Record Number: " + row): null

2024-03-08 01:31:14 - [TEST_STEP][PASSED] - today = new java.util.Date(): null

2024-03-08 01:31:14 - [TEST_STEP][PASSED] - println(today): null

2024-03-08 01:31:14 - [TEST_STEP][PASSED] - datText = today: null

2024-03-08 01:31:14 - [TEST_STEP][PASSED] - logInfo("Payment Type: Existing Liability w/Notice Number"): Payment Type: Existing Liability w/Notice Number

2024-03-08 01:31:14 - [MESSAGE][INFO] - Payment Type: Existing Liability w/Notice Number

2024-03-08 01:31:14 - [TEST_STEP][PASSED] - logInfo("Tax Type: " + TaxType): Tax Type: Motor Fuel Tax

2024-03-08 01:31:14 - [MESSAGE][INFO] - Tax Type: Motor Fuel Tax

2024-03-08 01:31:14 - [TEST_STEP][PASSED] - openBrowser(""): Browser is opened with url: ''

2024-03-08 01:31:14 - [MESSAGE][WARNING] - A browser is already opened. Closing browser and opening a new one

2024-03-08 01:31:39 - [MESSAGE][INFO] - Starting 'Chrome' driver

2024-03-08 01:31:39 - [MESSAGE][INFO] - User set preference: ['acceptInsecureCerts', 'true']

2024-03-08 01:31:39 - [MESSAGE][INFO] - Action delay is set to 0 milliseconds

2024-03-08 01:31:41 - [MESSAGE][PASSED] - Browser is opened with url: ''

2024-03-08 01:31:41 - [TEST_STEP][PASSED] - maximizeWindow(): Current window maximized

2024-03-08 01:31:41 - [MESSAGE][PASSED] - Current window maximized

2024-03-08 01:31:41 - [TEST_STEP][PASSED] - navigateToUrl(RADurl): Navigate to 'https://qa2.velocitypayment.com/client/rad/index.html' successfully

2024-03-08 01:31:49 - [MESSAGE][PASSED] - Navigate to 'https://qa2.velocitypayment.com/client/rad/index.html' successfully

2024-03-08 01:31:49 - [TEST_STEP][PASSED] - selectOptionByLabel(findTestObject(orPath_Landing + "/dd_TaxType"), "Existing Liability w/Notice Number", false): All options with label 'Existing Liability w/Notice Number' are selected in object 'Object Repository/RAD_Pages/Landing_Page/dd_TaxType' 

2024-03-08 01:31:49 - [MESSAGE][PASSED] - All options with label 'Existing Liability w/Notice Number' are selected in object 'Object Repository/RAD_Pages/Landing_Page/dd_TaxType' 

2024-03-08 01:31:49 - [TEST_STEP][PASSED] - selectOptionByLabel(findTestObject(orPath_TaxTypeFilingYear + "/select_TaxType_ExistingLiability"), TaxType, false): All options with label 'Motor Fuel Tax' are selected in object 'Object Repository/RAD_Pages/TaxTypeFilingYear_Page/select_TaxType_ExistingLiability' 

2024-03-08 01:31:50 - [MESSAGE][PASSED] - All options with label 'Motor Fuel Tax' are selected in object 'Object Repository/RAD_Pages/TaxTypeFilingYear_Page/select_TaxType_ExistingLiability' 

2024-03-08 01:31:50 - [TEST_STEP][PASSED] - setText(findTestObject(orPath_TaxPayer + "/input_businessName"), " "): Text ' ' is set on object 'Object Repository/RAD_Pages/Taxpayer_Page/input_businessName'

2024-03-08 01:31:51 - [MESSAGE][PASSED] - Text ' ' is set on object 'Object Repository/RAD_Pages/Taxpayer_Page/input_businessName'

2024-03-08 01:31:51 - [TEST_STEP][PASSED] - setText(findTestObject(orPath_TaxPayer + "/input_BusinessRepfirstName"), " "): Text ' ' is set on object 'Object Repository/RAD_Pages/Taxpayer_Page/input_BusinessRepfirstName'

2024-03-08 01:31:52 - [MESSAGE][PASSED] - Text ' ' is set on object 'Object Repository/RAD_Pages/Taxpayer_Page/input_BusinessRepfirstName'

2024-03-08 01:31:52 - [TEST_STEP][PASSED] - setText(findTestObject(orPath_TaxPayer + "/input_BusinessReplastName"), " "): Text ' ' is set on object 'Object Repository/RAD_Pages/Taxpayer_Page/input_BusinessReplastName'

2024-03-08 01:31:52 - [MESSAGE][PASSED] - Text ' ' is set on object 'Object Repository/RAD_Pages/Taxpayer_Page/input_BusinessReplastName'

2024-03-08 01:31:52 - [TEST_STEP][PASSED] - setText(findTestObject(orPath_AddressContact + "/input_streetAddress1"), " "): Text ' ' is set on object 'Object Repository/RAD_Pages/AddressAndContactInfo_Page/input_streetAddress1'

2024-03-08 01:31:53 - [MESSAGE][PASSED] - Text ' ' is set on object 'Object Repository/RAD_Pages/AddressAndContactInfo_Page/input_streetAddress1'

2024-03-08 01:31:53 - [TEST_STEP][PASSED] - setText(findTestObject(orPath_AddressContact + "/input_city"), " "): Text ' ' is set on object 'Object Repository/RAD_Pages/AddressAndContactInfo_Page/input_city'

2024-03-08 01:31:54 - [MESSAGE][PASSED] - Text ' ' is set on object 'Object Repository/RAD_Pages/AddressAndContactInfo_Page/input_city'

2024-03-08 01:31:54 - [TEST_STEP][PASSED] - setText(findTestObject(orPath_AddressContact + "/input_zipCode"), " "): Text ' ' is set on object 'Object Repository/RAD_Pages/AddressAndContactInfo_Page/input_zipCode'

2024-03-08 01:31:55 - [MESSAGE][PASSED] - Text ' ' is set on object 'Object Repository/RAD_Pages/AddressAndContactInfo_Page/input_zipCode'

2024-03-08 01:31:55 - [TEST_STEP][PASSED] - setText(findTestObject(orPath_AddressContact + "/input_phoneNumber"), " "): Text ' ' is set on object 'Object Repository/RAD_Pages/AddressAndContactInfo_Page/input_phoneNumber'

2024-03-08 01:31:55 - [MESSAGE][PASSED] - Text ' ' is set on object 'Object Repository/RAD_Pages/AddressAndContactInfo_Page/input_phoneNumber'

2024-03-08 01:31:55 - [TEST_STEP][PASSED] - setText(findTestObject(orPath_AddressContact + "/input_eMailAddress"), " "): Text ' ' is set on object 'Object Repository/RAD_Pages/AddressAndContactInfo_Page/input_eMailAddress'

2024-03-08 01:31:56 - [MESSAGE][PASSED] - Text ' ' is set on object 'Object Repository/RAD_Pages/AddressAndContactInfo_Page/input_eMailAddress'

2024-03-08 01:31:56 - [TEST_STEP][PASSED] - setText(findTestObject(orPath_AddressContact + "/input_reEnterEMailAddress"), " "): Text ' ' is set on object 'Object Repository/RAD_Pages/AddressAndContactInfo_Page/input_reEnterEMailAddress'

2024-03-08 01:31:57 - [MESSAGE][PASSED] - Text ' ' is set on object 'Object Repository/RAD_Pages/AddressAndContactInfo_Page/input_reEnterEMailAddress'

2024-03-08 01:31:57 - [TEST_STEP][PASSED] - if (TaxType.equalsIgnoreCase("Estate Tax")): null

2024-03-08 01:31:57 - [TEST_STEP][PASSED] - setText(findTestObject(orPath_Amount + "/input__paymentAmount"), ""): Text '' is set on object 'Object Repository/RAD_Pages/PaymentAmount_Page/input__paymentAmount'

2024-03-08 01:31:57 - [MESSAGE][PASSED] - Text '' is set on object 'Object Repository/RAD_Pages/PaymentAmount_Page/input__paymentAmount'

2024-03-08 01:31:57 - [TEST_STEP][PASSED] - resText = "Fail": null

2024-03-08 01:31:57 - [TEST_STEP][PASSED] - pages.WriteExcel.demoKey(resText, datText, resColumn, datCloumn, fileLoc, nameSheet, row): pages.WriteExcel.demoKey is PASSED

2024-03-08 01:31:58 - [MESSAGE][PASSED] - pages.WriteExcel.demoKey is PASSED

2024-03-08 01:31:58 - [TEST_STEP][PASSED] - verifyTextPresent("Enter business name", true, CONTINUE_ON_FAILURE): Text 'Enter business name' is present on page  using regular expression

2024-03-08 01:31:58 - [MESSAGE][PASSED] - Text 'Enter business name' is present on page  using regular expression

2024-03-08 01:31:58 - [TEST_STEP][PASSED] - verifyTextPresent("Enter business rep first name", true, CONTINUE_ON_FAILURE): Text 'Enter business rep first name' is present on page  using regular expression

2024-03-08 01:31:58 - [MESSAGE][PASSED] - Text 'Enter business rep first name' is present on page  using regular expression

2024-03-08 01:31:58 - [TEST_STEP][PASSED] - verifyTextPresent("Enter business rep last name", true, CONTINUE_ON_FAILURE): Text 'Enter business rep last name' is present on page  using regular expression

2024-03-08 01:31:59 - [MESSAGE][PASSED] - Text 'Enter business rep last name' is present on page  using regular expression

2024-03-08 01:31:59 - [TEST_STEP][PASSED] - verifyTextPresent("Enter address", true, CONTINUE_ON_FAILURE): Text 'Enter address' is present on page  using regular expression

2024-03-08 01:31:59 - [MESSAGE][PASSED] - Text 'Enter address' is present on page  using regular expression

2024-03-08 01:31:59 - [TEST_STEP][PASSED] - verifyTextPresent("Enter city", true, CONTINUE_ON_FAILURE): Text 'Enter city' is present on page  using regular expression

2024-03-08 01:31:59 - [MESSAGE][PASSED] - Text 'Enter city' is present on page  using regular expression

2024-03-08 01:31:59 - [TEST_STEP][PASSED] - verifyTextPresent("Enter ZIP code", true, CONTINUE_ON_FAILURE): Text 'Enter ZIP code' is present on page  using regular expression

2024-03-08 01:32:00 - [MESSAGE][PASSED] - Text 'Enter ZIP code' is present on page  using regular expression

2024-03-08 01:32:00 - [TEST_STEP][PASSED] - verifyTextPresent("Enter a valid phone number", true, CONTINUE_ON_FAILURE): Text 'Enter a valid phone number' is present on page  using regular expression

2024-03-08 01:32:00 - [MESSAGE][PASSED] - Text 'Enter a valid phone number' is present on page  using regular expression

2024-03-08 01:32:00 - [TEST_STEP][PASSED] - verifyTextPresent("Enter Email", true, CONTINUE_ON_FAILURE): Text 'Enter Email' is present on page  using regular expression

2024-03-08 01:32:01 - [MESSAGE][PASSED] - Text 'Enter Email' is present on page  using regular expression

2024-03-08 01:32:01 - [TEST_STEP][PASSED] - if (TaxType.equalsIgnoreCase("Estate Tax")): null

2024-03-08 01:32:01 - [TEST_STEP][PASSED] - resText = "Pass": null

2024-03-08 01:32:01 - [TEST_STEP][PASSED] - pages.WriteExcel.demoKey(resText, datText, resColumn, datCloumn, fileLoc, nameSheet, row): pages.WriteExcel.demoKey is PASSED

2024-03-08 01:32:01 - [MESSAGE][PASSED] - pages.WriteExcel.demoKey is PASSED

2024-03-08 01:32:01 - [TEST_STEP][PASSED] - ExecuteTC = findTestData(dataFile).getValue("Execute", row): null

2024-03-08 01:32:01 - [TEST_STEP][PASSED] - TaxType = findTestData(dataFile).getValue("TaxType", row): null

2024-03-08 01:32:01 - [TEST_STEP][PASSED] - PaymentType = findTestData(dataFile).getValue("PaymentType", row): null

2024-03-08 01:32:01 - [TEST_STEP][PASSED] - feinSsn = findTestData(dataFile).getValue("FEINSSN", row): null

2024-03-08 01:32:01 - [TEST_STEP][PASSED] - if (ExecuteTC.equalsIgnoreCase("Y")): pages.WriteExcel.demoKey is PASSED

2024-03-08 01:32:01 - [TEST_STEP][PASSED] - out.println("Begin Record Number: " + row): null

2024-03-08 01:32:01 - [TEST_STEP][PASSED] - today = new java.util.Date(): null

2024-03-08 01:32:01 - [TEST_STEP][PASSED] - println(today): null

2024-03-08 01:32:01 - [TEST_STEP][PASSED] - datText = today: null

2024-03-08 01:32:01 - [TEST_STEP][PASSED] - logInfo("Payment Type: Existing Liability w/Notice Number"): Payment Type: Existing Liability w/Notice Number

2024-03-08 01:32:01 - [MESSAGE][INFO] - Payment Type: Existing Liability w/Notice Number

2024-03-08 01:32:01 - [TEST_STEP][PASSED] - logInfo("Tax Type: " + TaxType): Tax Type: Slots License Fee

2024-03-08 01:32:01 - [MESSAGE][INFO] - Tax Type: Slots License Fee

2024-03-08 01:32:01 - [TEST_STEP][PASSED] - openBrowser(""): Browser is opened with url: ''

2024-03-08 01:32:01 - [MESSAGE][WARNING] - A browser is already opened. Closing browser and opening a new one

2024-03-08 01:32:32 - [MESSAGE][INFO] - Starting 'Chrome' driver

2024-03-08 01:32:32 - [MESSAGE][INFO] - User set preference: ['acceptInsecureCerts', 'true']

2024-03-08 01:32:32 - [MESSAGE][INFO] - Action delay is set to 0 milliseconds

2024-03-08 01:32:33 - [MESSAGE][PASSED] - Browser is opened with url: ''

2024-03-08 01:32:33 - [TEST_STEP][PASSED] - maximizeWindow(): Current window maximized

2024-03-08 01:32:33 - [MESSAGE][PASSED] - Current window maximized

2024-03-08 01:32:33 - [TEST_STEP][PASSED] - navigateToUrl(RADurl): Navigate to 'https://qa2.velocitypayment.com/client/rad/index.html' successfully

2024-03-08 01:32:35 - [MESSAGE][PASSED] - Navigate to 'https://qa2.velocitypayment.com/client/rad/index.html' successfully

2024-03-08 01:32:35 - [TEST_STEP][PASSED] - selectOptionByLabel(findTestObject(orPath_Landing + "/dd_TaxType"), "Existing Liability w/Notice Number", false): All options with label 'Existing Liability w/Notice Number' are selected in object 'Object Repository/RAD_Pages/Landing_Page/dd_TaxType' 

2024-03-08 01:32:36 - [MESSAGE][PASSED] - All options with label 'Existing Liability w/Notice Number' are selected in object 'Object Repository/RAD_Pages/Landing_Page/dd_TaxType' 

2024-03-08 01:32:36 - [TEST_STEP][PASSED] - selectOptionByLabel(findTestObject(orPath_TaxTypeFilingYear + "/select_TaxType_ExistingLiability"), TaxType, false): All options with label 'Slots License Fee' are selected in object 'Object Repository/RAD_Pages/TaxTypeFilingYear_Page/select_TaxType_ExistingLiability' 

2024-03-08 01:32:36 - [MESSAGE][PASSED] - All options with label 'Slots License Fee' are selected in object 'Object Repository/RAD_Pages/TaxTypeFilingYear_Page/select_TaxType_ExistingLiability' 

2024-03-08 01:32:36 - [TEST_STEP][PASSED] - setText(findTestObject(orPath_TaxPayer + "/input_businessName"), " "): Text ' ' is set on object 'Object Repository/RAD_Pages/Taxpayer_Page/input_businessName'

2024-03-08 01:32:37 - [MESSAGE][PASSED] - Text ' ' is set on object 'Object Repository/RAD_Pages/Taxpayer_Page/input_businessName'

2024-03-08 01:32:37 - [TEST_STEP][PASSED] - setText(findTestObject(orPath_TaxPayer + "/input_BusinessRepfirstName"), " "): Text ' ' is set on object 'Object Repository/RAD_Pages/Taxpayer_Page/input_BusinessRepfirstName'

2024-03-08 01:32:38 - [MESSAGE][PASSED] - Text ' ' is set on object 'Object Repository/RAD_Pages/Taxpayer_Page/input_BusinessRepfirstName'

2024-03-08 01:32:38 - [TEST_STEP][PASSED] - setText(findTestObject(orPath_TaxPayer + "/input_BusinessReplastName"), " "): Text ' ' is set on object 'Object Repository/RAD_Pages/Taxpayer_Page/input_BusinessReplastName'

2024-03-08 01:32:39 - [MESSAGE][PASSED] - Text ' ' is set on object 'Object Repository/RAD_Pages/Taxpayer_Page/input_BusinessReplastName'

2024-03-08 01:32:39 - [TEST_STEP][PASSED] - setText(findTestObject(orPath_AddressContact + "/input_streetAddress1"), " "): Text ' ' is set on object 'Object Repository/RAD_Pages/AddressAndContactInfo_Page/input_streetAddress1'

2024-03-08 01:32:39 - [MESSAGE][PASSED] - Text ' ' is set on object 'Object Repository/RAD_Pages/AddressAndContactInfo_Page/input_streetAddress1'

2024-03-08 01:32:39 - [TEST_STEP][PASSED] - setText(findTestObject(orPath_AddressContact + "/input_city"), " "): Text ' ' is set on object 'Object Repository/RAD_Pages/AddressAndContactInfo_Page/input_city'

2024-03-08 01:32:40 - [MESSAGE][PASSED] - Text ' ' is set on object 'Object Repository/RAD_Pages/AddressAndContactInfo_Page/input_city'

2024-03-08 01:32:40 - [TEST_STEP][PASSED] - setText(findTestObject(orPath_AddressContact + "/input_zipCode"), " "): Text ' ' is set on object 'Object Repository/RAD_Pages/AddressAndContactInfo_Page/input_zipCode'

2024-03-08 01:32:41 - [MESSAGE][PASSED] - Text ' ' is set on object 'Object Repository/RAD_Pages/AddressAndContactInfo_Page/input_zipCode'

2024-03-08 01:32:41 - [TEST_STEP][PASSED] - setText(findTestObject(orPath_AddressContact + "/input_phoneNumber"), " "): Text ' ' is set on object 'Object Repository/RAD_Pages/AddressAndContactInfo_Page/input_phoneNumber'

2024-03-08 01:32:42 - [MESSAGE][PASSED] - Text ' ' is set on object 'Object Repository/RAD_Pages/AddressAndContactInfo_Page/input_phoneNumber'

2024-03-08 01:32:42 - [TEST_STEP][PASSED] - setText(findTestObject(orPath_AddressContact + "/input_eMailAddress"), " "): Text ' ' is set on object 'Object Repository/RAD_Pages/AddressAndContactInfo_Page/input_eMailAddress'

2024-03-08 01:32:42 - [MESSAGE][PASSED] - Text ' ' is set on object 'Object Repository/RAD_Pages/AddressAndContactInfo_Page/input_eMailAddress'

2024-03-08 01:32:42 - [TEST_STEP][PASSED] - setText(findTestObject(orPath_AddressContact + "/input_reEnterEMailAddress"), " "): Text ' ' is set on object 'Object Repository/RAD_Pages/AddressAndContactInfo_Page/input_reEnterEMailAddress'

2024-03-08 01:32:43 - [MESSAGE][PASSED] - Text ' ' is set on object 'Object Repository/RAD_Pages/AddressAndContactInfo_Page/input_reEnterEMailAddress'

2024-03-08 01:32:43 - [TEST_STEP][PASSED] - if (TaxType.equalsIgnoreCase("Estate Tax")): null

2024-03-08 01:32:43 - [TEST_STEP][PASSED] - setText(findTestObject(orPath_Amount + "/input__paymentAmount"), ""): Text '' is set on object 'Object Repository/RAD_Pages/PaymentAmount_Page/input__paymentAmount'

2024-03-08 01:32:44 - [MESSAGE][PASSED] - Text '' is set on object 'Object Repository/RAD_Pages/PaymentAmount_Page/input__paymentAmount'

2024-03-08 01:32:44 - [TEST_STEP][PASSED] - resText = "Fail": null

2024-03-08 01:32:44 - [TEST_STEP][PASSED] - pages.WriteExcel.demoKey(resText, datText, resColumn, datCloumn, fileLoc, nameSheet, row): pages.WriteExcel.demoKey is PASSED

2024-03-08 01:32:44 - [MESSAGE][PASSED] - pages.WriteExcel.demoKey is PASSED

2024-03-08 01:32:44 - [TEST_STEP][PASSED] - verifyTextPresent("Enter business name", true, CONTINUE_ON_FAILURE): Text 'Enter business name' is present on page  using regular expression

2024-03-08 01:32:44 - [MESSAGE][PASSED] - Text 'Enter business name' is present on page  using regular expression

2024-03-08 01:32:44 - [TEST_STEP][PASSED] - verifyTextPresent("Enter business rep first name", true, CONTINUE_ON_FAILURE): Text 'Enter business rep first name' is present on page  using regular expression

2024-03-08 01:32:45 - [MESSAGE][PASSED] - Text 'Enter business rep first name' is present on page  using regular expression

2024-03-08 01:32:45 - [TEST_STEP][PASSED] - verifyTextPresent("Enter business rep last name", true, CONTINUE_ON_FAILURE): Text 'Enter business rep last name' is present on page  using regular expression

2024-03-08 01:32:45 - [MESSAGE][PASSED] - Text 'Enter business rep last name' is present on page  using regular expression

2024-03-08 01:32:45 - [TEST_STEP][PASSED] - verifyTextPresent("Enter address", true, CONTINUE_ON_FAILURE): Text 'Enter address' is present on page  using regular expression

2024-03-08 01:32:46 - [MESSAGE][PASSED] - Text 'Enter address' is present on page  using regular expression

2024-03-08 01:32:46 - [TEST_STEP][PASSED] - verifyTextPresent("Enter city", true, CONTINUE_ON_FAILURE): Text 'Enter city' is present on page  using regular expression

2024-03-08 01:32:46 - [MESSAGE][PASSED] - Text 'Enter city' is present on page  using regular expression

2024-03-08 01:32:46 - [TEST_STEP][PASSED] - verifyTextPresent("Enter ZIP code", true, CONTINUE_ON_FAILURE): Text 'Enter ZIP code' is present on page  using regular expression

2024-03-08 01:32:46 - [MESSAGE][PASSED] - Text 'Enter ZIP code' is present on page  using regular expression

2024-03-08 01:32:46 - [TEST_STEP][PASSED] - verifyTextPresent("Enter a valid phone number", true, CONTINUE_ON_FAILURE): Text 'Enter a valid phone number' is present on page  using regular expression

2024-03-08 01:32:47 - [MESSAGE][PASSED] - Text 'Enter a valid phone number' is present on page  using regular expression

2024-03-08 01:32:47 - [TEST_STEP][PASSED] - verifyTextPresent("Enter Email", true, CONTINUE_ON_FAILURE): Text 'Enter Email' is present on page  using regular expression

2024-03-08 01:32:47 - [MESSAGE][PASSED] - Text 'Enter Email' is present on page  using regular expression

2024-03-08 01:32:47 - [TEST_STEP][PASSED] - if (TaxType.equalsIgnoreCase("Estate Tax")): null

2024-03-08 01:32:47 - [TEST_STEP][PASSED] - resText = "Pass": null

2024-03-08 01:32:47 - [TEST_STEP][PASSED] - pages.WriteExcel.demoKey(resText, datText, resColumn, datCloumn, fileLoc, nameSheet, row): pages.WriteExcel.demoKey is PASSED

2024-03-08 01:32:47 - [MESSAGE][PASSED] - pages.WriteExcel.demoKey is PASSED

2024-03-08 01:32:47 - [TEST_STEP][PASSED] - ExecuteTC = findTestData(dataFile).getValue("Execute", row): null

2024-03-08 01:32:47 - [TEST_STEP][PASSED] - TaxType = findTestData(dataFile).getValue("TaxType", row): null

2024-03-08 01:32:47 - [TEST_STEP][PASSED] - PaymentType = findTestData(dataFile).getValue("PaymentType", row): null

2024-03-08 01:32:47 - [TEST_STEP][PASSED] - feinSsn = findTestData(dataFile).getValue("FEINSSN", row): null

2024-03-08 01:32:47 - [TEST_STEP][PASSED] - if (ExecuteTC.equalsIgnoreCase("Y")): pages.WriteExcel.demoKey is PASSED

2024-03-08 01:32:47 - [TEST_STEP][PASSED] - out.println("Begin Record Number: " + row): null

2024-03-08 01:32:47 - [TEST_STEP][PASSED] - today = new java.util.Date(): null

2024-03-08 01:32:47 - [TEST_STEP][PASSED] - println(today): null

2024-03-08 01:32:47 - [TEST_STEP][PASSED] - datText = today: null

2024-03-08 01:32:47 - [TEST_STEP][PASSED] - logInfo("Payment Type: Existing Liability w/Notice Number"): Payment Type: Existing Liability w/Notice Number

2024-03-08 01:32:47 - [MESSAGE][INFO] - Payment Type: Existing Liability w/Notice Number

2024-03-08 01:32:47 - [TEST_STEP][PASSED] - logInfo("Tax Type: " + TaxType): Tax Type: Tobacco Tax

2024-03-08 01:32:47 - [MESSAGE][INFO] - Tax Type: Tobacco Tax

2024-03-08 01:32:47 - [TEST_STEP][PASSED] - openBrowser(""): Browser is opened with url: ''

2024-03-08 01:32:47 - [MESSAGE][WARNING] - A browser is already opened. Closing browser and opening a new one

2024-03-08 01:33:11 - [MESSAGE][INFO] - Starting 'Chrome' driver

2024-03-08 01:33:11 - [MESSAGE][INFO] - User set preference: ['acceptInsecureCerts', 'true']

2024-03-08 01:33:11 - [MESSAGE][INFO] - Action delay is set to 0 milliseconds

2024-03-08 01:33:12 - [MESSAGE][PASSED] - Browser is opened with url: ''

2024-03-08 01:33:12 - [TEST_STEP][PASSED] - maximizeWindow(): Current window maximized

2024-03-08 01:33:12 - [MESSAGE][PASSED] - Current window maximized

2024-03-08 01:33:12 - [TEST_STEP][PASSED] - navigateToUrl(RADurl): Navigate to 'https://qa2.velocitypayment.com/client/rad/index.html' successfully

2024-03-08 01:33:21 - [MESSAGE][PASSED] - Navigate to 'https://qa2.velocitypayment.com/client/rad/index.html' successfully

2024-03-08 01:33:21 - [TEST_STEP][PASSED] - selectOptionByLabel(findTestObject(orPath_Landing + "/dd_TaxType"), "Existing Liability w/Notice Number", false): All options with label 'Existing Liability w/Notice Number' are selected in object 'Object Repository/RAD_Pages/Landing_Page/dd_TaxType' 

2024-03-08 01:33:21 - [MESSAGE][PASSED] - All options with label 'Existing Liability w/Notice Number' are selected in object 'Object Repository/RAD_Pages/Landing_Page/dd_TaxType' 

2024-03-08 01:33:21 - [TEST_STEP][PASSED] - selectOptionByLabel(findTestObject(orPath_TaxTypeFilingYear + "/select_TaxType_ExistingLiability"), TaxType, false): All options with label 'Tobacco Tax' are selected in object 'Object Repository/RAD_Pages/TaxTypeFilingYear_Page/select_TaxType_ExistingLiability' 

2024-03-08 01:33:22 - [MESSAGE][PASSED] - All options with label 'Tobacco Tax' are selected in object 'Object Repository/RAD_Pages/TaxTypeFilingYear_Page/select_TaxType_ExistingLiability' 

2024-03-08 01:33:22 - [TEST_STEP][PASSED] - setText(findTestObject(orPath_TaxPayer + "/input_businessName"), " "): Text ' ' is set on object 'Object Repository/RAD_Pages/Taxpayer_Page/input_businessName'

2024-03-08 01:33:23 - [MESSAGE][PASSED] - Text ' ' is set on object 'Object Repository/RAD_Pages/Taxpayer_Page/input_businessName'

2024-03-08 01:33:23 - [TEST_STEP][PASSED] - setText(findTestObject(orPath_TaxPayer + "/input_BusinessRepfirstName"), " "): Text ' ' is set on object 'Object Repository/RAD_Pages/Taxpayer_Page/input_BusinessRepfirstName'

2024-03-08 01:33:23 - [MESSAGE][PASSED] - Text ' ' is set on object 'Object Repository/RAD_Pages/Taxpayer_Page/input_BusinessRepfirstName'

2024-03-08 01:33:23 - [TEST_STEP][PASSED] - setText(findTestObject(orPath_TaxPayer + "/input_BusinessReplastName"), " "): Text ' ' is set on object 'Object Repository/RAD_Pages/Taxpayer_Page/input_BusinessReplastName'

2024-03-08 01:33:24 - [MESSAGE][PASSED] - Text ' ' is set on object 'Object Repository/RAD_Pages/Taxpayer_Page/input_BusinessReplastName'

2024-03-08 01:33:24 - [TEST_STEP][PASSED] - setText(findTestObject(orPath_AddressContact + "/input_streetAddress1"), " "): Text ' ' is set on object 'Object Repository/RAD_Pages/AddressAndContactInfo_Page/input_streetAddress1'

2024-03-08 01:33:25 - [MESSAGE][PASSED] - Text ' ' is set on object 'Object Repository/RAD_Pages/AddressAndContactInfo_Page/input_streetAddress1'

2024-03-08 01:33:25 - [TEST_STEP][PASSED] - setText(findTestObject(orPath_AddressContact + "/input_city"), " "): Text ' ' is set on object 'Object Repository/RAD_Pages/AddressAndContactInfo_Page/input_city'

2024-03-08 01:33:26 - [MESSAGE][PASSED] - Text ' ' is set on object 'Object Repository/RAD_Pages/AddressAndContactInfo_Page/input_city'

2024-03-08 01:33:26 - [TEST_STEP][PASSED] - setText(findTestObject(orPath_AddressContact + "/input_zipCode"), " "): Text ' ' is set on object 'Object Repository/RAD_Pages/AddressAndContactInfo_Page/input_zipCode'

2024-03-08 01:33:26 - [MESSAGE][PASSED] - Text ' ' is set on object 'Object Repository/RAD_Pages/AddressAndContactInfo_Page/input_zipCode'

2024-03-08 01:33:26 - [TEST_STEP][PASSED] - setText(findTestObject(orPath_AddressContact + "/input_phoneNumber"), " "): Text ' ' is set on object 'Object Repository/RAD_Pages/AddressAndContactInfo_Page/input_phoneNumber'

2024-03-08 01:33:27 - [MESSAGE][PASSED] - Text ' ' is set on object 'Object Repository/RAD_Pages/AddressAndContactInfo_Page/input_phoneNumber'

2024-03-08 01:33:27 - [TEST_STEP][PASSED] - setText(findTestObject(orPath_AddressContact + "/input_eMailAddress"), " "): Text ' ' is set on object 'Object Repository/RAD_Pages/AddressAndContactInfo_Page/input_eMailAddress'

2024-03-08 01:33:28 - [MESSAGE][PASSED] - Text ' ' is set on object 'Object Repository/RAD_Pages/AddressAndContactInfo_Page/input_eMailAddress'

2024-03-08 01:33:28 - [TEST_STEP][PASSED] - setText(findTestObject(orPath_AddressContact + "/input_reEnterEMailAddress"), " "): Text ' ' is set on object 'Object Repository/RAD_Pages/AddressAndContactInfo_Page/input_reEnterEMailAddress'

2024-03-08 01:33:28 - [MESSAGE][PASSED] - Text ' ' is set on object 'Object Repository/RAD_Pages/AddressAndContactInfo_Page/input_reEnterEMailAddress'

2024-03-08 01:33:28 - [TEST_STEP][PASSED] - if (TaxType.equalsIgnoreCase("Estate Tax")): null

2024-03-08 01:33:28 - [TEST_STEP][PASSED] - setText(findTestObject(orPath_Amount + "/input__paymentAmount"), ""): Text '' is set on object 'Object Repository/RAD_Pages/PaymentAmount_Page/input__paymentAmount'

2024-03-08 01:33:29 - [MESSAGE][PASSED] - Text '' is set on object 'Object Repository/RAD_Pages/PaymentAmount_Page/input__paymentAmount'

2024-03-08 01:33:29 - [TEST_STEP][PASSED] - resText = "Fail": null

2024-03-08 01:33:29 - [TEST_STEP][PASSED] - pages.WriteExcel.demoKey(resText, datText, resColumn, datCloumn, fileLoc, nameSheet, row): pages.WriteExcel.demoKey is PASSED

2024-03-08 01:33:29 - [MESSAGE][PASSED] - pages.WriteExcel.demoKey is PASSED

2024-03-08 01:33:29 - [TEST_STEP][PASSED] - verifyTextPresent("Enter business name", true, CONTINUE_ON_FAILURE): Text 'Enter business name' is present on page  using regular expression

2024-03-08 01:33:30 - [MESSAGE][PASSED] - Text 'Enter business name' is present on page  using regular expression

2024-03-08 01:33:30 - [TEST_STEP][PASSED] - verifyTextPresent("Enter business rep first name", true, CONTINUE_ON_FAILURE): Text 'Enter business rep first name' is present on page  using regular expression

2024-03-08 01:33:30 - [MESSAGE][PASSED] - Text 'Enter business rep first name' is present on page  using regular expression

2024-03-08 01:33:30 - [TEST_STEP][PASSED] - verifyTextPresent("Enter business rep last name", true, CONTINUE_ON_FAILURE): Text 'Enter business rep last name' is present on page  using regular expression

2024-03-08 01:33:31 - [MESSAGE][PASSED] - Text 'Enter business rep last name' is present on page  using regular expression

2024-03-08 01:33:31 - [TEST_STEP][PASSED] - verifyTextPresent("Enter address", true, CONTINUE_ON_FAILURE): Text 'Enter address' is present on page  using regular expression

2024-03-08 01:33:31 - [MESSAGE][PASSED] - Text 'Enter address' is present on page  using regular expression

2024-03-08 01:33:31 - [TEST_STEP][PASSED] - verifyTextPresent("Enter city", true, CONTINUE_ON_FAILURE): Text 'Enter city' is present on page  using regular expression

2024-03-08 01:33:31 - [MESSAGE][PASSED] - Text 'Enter city' is present on page  using regular expression

2024-03-08 01:33:31 - [TEST_STEP][PASSED] - verifyTextPresent("Enter ZIP code", true, CONTINUE_ON_FAILURE): Text 'Enter ZIP code' is present on page  using regular expression

2024-03-08 01:33:36 - [MESSAGE][PASSED] - Text 'Enter ZIP code' is present on page  using regular expression

2024-03-08 01:33:36 - [TEST_STEP][PASSED] - verifyTextPresent("Enter a valid phone number", true, CONTINUE_ON_FAILURE): Text 'Enter a valid phone number' is present on page  using regular expression

2024-03-08 01:33:37 - [MESSAGE][PASSED] - Text 'Enter a valid phone number' is present on page  using regular expression

2024-03-08 01:33:37 - [TEST_STEP][PASSED] - verifyTextPresent("Enter Email", true, CONTINUE_ON_FAILURE): Text 'Enter Email' is present on page  using regular expression

2024-03-08 01:33:37 - [MESSAGE][PASSED] - Text 'Enter Email' is present on page  using regular expression

2024-03-08 01:33:37 - [TEST_STEP][PASSED] - if (TaxType.equalsIgnoreCase("Estate Tax")): null

2024-03-08 01:33:37 - [TEST_STEP][PASSED] - resText = "Pass": null

2024-03-08 01:33:37 - [TEST_STEP][PASSED] - pages.WriteExcel.demoKey(resText, datText, resColumn, datCloumn, fileLoc, nameSheet, row): pages.WriteExcel.demoKey is PASSED

2024-03-08 01:33:37 - [MESSAGE][PASSED] - pages.WriteExcel.demoKey is PASSED

2024-03-08 01:33:37 - [TEST_STEP][PASSED] - ExecuteTC = findTestData(dataFile).getValue("Execute", row): null

2024-03-08 01:33:37 - [TEST_STEP][PASSED] - TaxType = findTestData(dataFile).getValue("TaxType", row): null

2024-03-08 01:33:37 - [TEST_STEP][PASSED] - PaymentType = findTestData(dataFile).getValue("PaymentType", row): null

2024-03-08 01:33:37 - [TEST_STEP][PASSED] - feinSsn = findTestData(dataFile).getValue("FEINSSN", row): null

2024-03-08 01:33:37 - [TEST_STEP][PASSED] - if (ExecuteTC.equalsIgnoreCase("Y")): pages.WriteExcel.demoKey is PASSED

2024-03-08 01:33:37 - [TEST_STEP][PASSED] - out.println("Begin Record Number: " + row): null

2024-03-08 01:33:37 - [TEST_STEP][PASSED] - today = new java.util.Date(): null

2024-03-08 01:33:37 - [TEST_STEP][PASSED] - println(today): null

2024-03-08 01:33:37 - [TEST_STEP][PASSED] - datText = today: null

2024-03-08 01:33:37 - [TEST_STEP][PASSED] - logInfo("Payment Type: Existing Liability w/Notice Number"): Payment Type: Existing Liability w/Notice Number

2024-03-08 01:33:37 - [MESSAGE][INFO] - Payment Type: Existing Liability w/Notice Number

2024-03-08 01:33:37 - [TEST_STEP][PASSED] - logInfo("Tax Type: " + TaxType): Tax Type: Transportation Network Services

2024-03-08 01:33:37 - [MESSAGE][INFO] - Tax Type: Transportation Network Services

2024-03-08 01:33:37 - [TEST_STEP][PASSED] - openBrowser(""): Browser is opened with url: ''

2024-03-08 01:33:37 - [MESSAGE][WARNING] - A browser is already opened. Closing browser and opening a new one

2024-03-08 01:34:19 - [MESSAGE][INFO] - Starting 'Chrome' driver

2024-03-08 01:34:19 - [MESSAGE][INFO] - User set preference: ['acceptInsecureCerts', 'true']

2024-03-08 01:34:19 - [MESSAGE][INFO] - Action delay is set to 0 milliseconds

2024-03-08 01:34:20 - [MESSAGE][PASSED] - Browser is opened with url: ''

2024-03-08 01:34:20 - [TEST_STEP][PASSED] - maximizeWindow(): Current window maximized

2024-03-08 01:34:20 - [MESSAGE][PASSED] - Current window maximized

2024-03-08 01:34:20 - [TEST_STEP][PASSED] - navigateToUrl(RADurl): Navigate to 'https://qa2.velocitypayment.com/client/rad/index.html' successfully

2024-03-08 01:34:22 - [MESSAGE][PASSED] - Navigate to 'https://qa2.velocitypayment.com/client/rad/index.html' successfully

2024-03-08 01:34:22 - [TEST_STEP][PASSED] - selectOptionByLabel(findTestObject(orPath_Landing + "/dd_TaxType"), "Existing Liability w/Notice Number", false): All options with label 'Existing Liability w/Notice Number' are selected in object 'Object Repository/RAD_Pages/Landing_Page/dd_TaxType' 

2024-03-08 01:34:23 - [MESSAGE][PASSED] - All options with label 'Existing Liability w/Notice Number' are selected in object 'Object Repository/RAD_Pages/Landing_Page/dd_TaxType' 

2024-03-08 01:34:23 - [TEST_STEP][PASSED] - selectOptionByLabel(findTestObject(orPath_TaxTypeFilingYear + "/select_TaxType_ExistingLiability"), TaxType, false): All options with label 'Transportation Network Services' are selected in object 'Object Repository/RAD_Pages/TaxTypeFilingYear_Page/select_TaxType_ExistingLiability' 

2024-03-08 01:34:24 - [MESSAGE][PASSED] - All options with label 'Transportation Network Services' are selected in object 'Object Repository/RAD_Pages/TaxTypeFilingYear_Page/select_TaxType_ExistingLiability' 

2024-03-08 01:34:24 - [TEST_STEP][PASSED] - setText(findTestObject(orPath_TaxPayer + "/input_businessName"), " "): Text ' ' is set on object 'Object Repository/RAD_Pages/Taxpayer_Page/input_businessName'

2024-03-08 01:34:25 - [MESSAGE][PASSED] - Text ' ' is set on object 'Object Repository/RAD_Pages/Taxpayer_Page/input_businessName'

2024-03-08 01:34:25 - [TEST_STEP][PASSED] - setText(findTestObject(orPath_TaxPayer + "/input_BusinessRepfirstName"), " "): Text ' ' is set on object 'Object Repository/RAD_Pages/Taxpayer_Page/input_BusinessRepfirstName'

2024-03-08 01:34:25 - [MESSAGE][PASSED] - Text ' ' is set on object 'Object Repository/RAD_Pages/Taxpayer_Page/input_BusinessRepfirstName'

2024-03-08 01:34:25 - [TEST_STEP][PASSED] - setText(findTestObject(orPath_TaxPayer + "/input_BusinessReplastName"), " "): Text ' ' is set on object 'Object Repository/RAD_Pages/Taxpayer_Page/input_BusinessReplastName'

2024-03-08 01:34:26 - [MESSAGE][PASSED] - Text ' ' is set on object 'Object Repository/RAD_Pages/Taxpayer_Page/input_BusinessReplastName'

2024-03-08 01:34:26 - [TEST_STEP][PASSED] - setText(findTestObject(orPath_AddressContact + "/input_streetAddress1"), " "): Text ' ' is set on object 'Object Repository/RAD_Pages/AddressAndContactInfo_Page/input_streetAddress1'

2024-03-08 01:34:27 - [MESSAGE][PASSED] - Text ' ' is set on object 'Object Repository/RAD_Pages/AddressAndContactInfo_Page/input_streetAddress1'

2024-03-08 01:34:27 - [TEST_STEP][PASSED] - setText(findTestObject(orPath_AddressContact + "/input_city"), " "): Text ' ' is set on object 'Object Repository/RAD_Pages/AddressAndContactInfo_Page/input_city'

2024-03-08 01:34:27 - [MESSAGE][PASSED] - Text ' ' is set on object 'Object Repository/RAD_Pages/AddressAndContactInfo_Page/input_city'

2024-03-08 01:34:27 - [TEST_STEP][PASSED] - setText(findTestObject(orPath_AddressContact + "/input_zipCode"), " "): Text ' ' is set on object 'Object Repository/RAD_Pages/AddressAndContactInfo_Page/input_zipCode'

2024-03-08 01:34:28 - [MESSAGE][PASSED] - Text ' ' is set on object 'Object Repository/RAD_Pages/AddressAndContactInfo_Page/input_zipCode'

2024-03-08 01:34:28 - [TEST_STEP][PASSED] - setText(findTestObject(orPath_AddressContact + "/input_phoneNumber"), " "): Text ' ' is set on object 'Object Repository/RAD_Pages/AddressAndContactInfo_Page/input_phoneNumber'

2024-03-08 01:34:29 - [MESSAGE][PASSED] - Text ' ' is set on object 'Object Repository/RAD_Pages/AddressAndContactInfo_Page/input_phoneNumber'

2024-03-08 01:34:29 - [TEST_STEP][PASSED] - setText(findTestObject(orPath_AddressContact + "/input_eMailAddress"), " "): Text ' ' is set on object 'Object Repository/RAD_Pages/AddressAndContactInfo_Page/input_eMailAddress'

2024-03-08 01:34:30 - [MESSAGE][PASSED] - Text ' ' is set on object 'Object Repository/RAD_Pages/AddressAndContactInfo_Page/input_eMailAddress'

2024-03-08 01:34:30 - [TEST_STEP][PASSED] - setText(findTestObject(orPath_AddressContact + "/input_reEnterEMailAddress"), " "): Text ' ' is set on object 'Object Repository/RAD_Pages/AddressAndContactInfo_Page/input_reEnterEMailAddress'

2024-03-08 01:34:30 - [MESSAGE][PASSED] - Text ' ' is set on object 'Object Repository/RAD_Pages/AddressAndContactInfo_Page/input_reEnterEMailAddress'

2024-03-08 01:34:30 - [TEST_STEP][PASSED] - if (TaxType.equalsIgnoreCase("Estate Tax")): null

2024-03-08 01:34:30 - [TEST_STEP][PASSED] - setText(findTestObject(orPath_Amount + "/input__paymentAmount"), ""): Text '' is set on object 'Object Repository/RAD_Pages/PaymentAmount_Page/input__paymentAmount'

2024-03-08 01:34:31 - [MESSAGE][PASSED] - Text '' is set on object 'Object Repository/RAD_Pages/PaymentAmount_Page/input__paymentAmount'

2024-03-08 01:34:31 - [TEST_STEP][PASSED] - resText = "Fail": null

2024-03-08 01:34:31 - [TEST_STEP][PASSED] - pages.WriteExcel.demoKey(resText, datText, resColumn, datCloumn, fileLoc, nameSheet, row): pages.WriteExcel.demoKey is PASSED

2024-03-08 01:34:31 - [MESSAGE][PASSED] - pages.WriteExcel.demoKey is PASSED

2024-03-08 01:34:31 - [TEST_STEP][PASSED] - verifyTextPresent("Enter business name", true, CONTINUE_ON_FAILURE): Text 'Enter business name' is present on page  using regular expression

2024-03-08 01:34:32 - [MESSAGE][PASSED] - Text 'Enter business name' is present on page  using regular expression

2024-03-08 01:34:32 - [TEST_STEP][PASSED] - verifyTextPresent("Enter business rep first name", true, CONTINUE_ON_FAILURE): Text 'Enter business rep first name' is present on page  using regular expression

2024-03-08 01:34:32 - [MESSAGE][PASSED] - Text 'Enter business rep first name' is present on page  using regular expression

2024-03-08 01:34:32 - [TEST_STEP][PASSED] - verifyTextPresent("Enter business rep last name", true, CONTINUE_ON_FAILURE): Text 'Enter business rep last name' is present on page  using regular expression

2024-03-08 01:34:32 - [MESSAGE][PASSED] - Text 'Enter business rep last name' is present on page  using regular expression

2024-03-08 01:34:32 - [TEST_STEP][PASSED] - verifyTextPresent("Enter address", true, CONTINUE_ON_FAILURE): Text 'Enter address' is present on page  using regular expression

2024-03-08 01:34:33 - [MESSAGE][PASSED] - Text 'Enter address' is present on page  using regular expression

2024-03-08 01:34:33 - [TEST_STEP][PASSED] - verifyTextPresent("Enter city", true, CONTINUE_ON_FAILURE): Text 'Enter city' is present on page  using regular expression

2024-03-08 01:34:33 - [MESSAGE][PASSED] - Text 'Enter city' is present on page  using regular expression

2024-03-08 01:34:33 - [TEST_STEP][PASSED] - verifyTextPresent("Enter ZIP code", true, CONTINUE_ON_FAILURE): Text 'Enter ZIP code' is present on page  using regular expression

2024-03-08 01:34:34 - [MESSAGE][PASSED] - Text 'Enter ZIP code' is present on page  using regular expression

2024-03-08 01:34:34 - [TEST_STEP][PASSED] - verifyTextPresent("Enter a valid phone number", true, CONTINUE_ON_FAILURE): Text 'Enter a valid phone number' is present on page  using regular expression

2024-03-08 01:34:34 - [MESSAGE][PASSED] - Text 'Enter a valid phone number' is present on page  using regular expression

2024-03-08 01:34:34 - [TEST_STEP][PASSED] - verifyTextPresent("Enter Email", true, CONTINUE_ON_FAILURE): Text 'Enter Email' is present on page  using regular expression

2024-03-08 01:34:34 - [MESSAGE][PASSED] - Text 'Enter Email' is present on page  using regular expression

2024-03-08 01:34:34 - [TEST_STEP][PASSED] - if (TaxType.equalsIgnoreCase("Estate Tax")): null

2024-03-08 01:34:34 - [TEST_STEP][PASSED] - resText = "Pass": null

2024-03-08 01:34:34 - [TEST_STEP][PASSED] - pages.WriteExcel.demoKey(resText, datText, resColumn, datCloumn, fileLoc, nameSheet, row): pages.WriteExcel.demoKey is PASSED

2024-03-08 01:34:34 - [MESSAGE][PASSED] - pages.WriteExcel.demoKey is PASSED

2024-03-08 01:34:34 - [TEST_STEP][PASSED] - ExecuteTC = findTestData(dataFile).getValue("Execute", row): null

2024-03-08 01:34:34 - [TEST_STEP][PASSED] - TaxType = findTestData(dataFile).getValue("TaxType", row): null

2024-03-08 01:34:35 - [TEST_STEP][PASSED] - PaymentType = findTestData(dataFile).getValue("PaymentType", row): null

2024-03-08 01:34:35 - [TEST_STEP][PASSED] - feinSsn = findTestData(dataFile).getValue("FEINSSN", row): null

2024-03-08 01:34:35 - [TEST_STEP][PASSED] - if (ExecuteTC.equalsIgnoreCase("Y")): pages.WriteExcel.demoKey is PASSED

2024-03-08 01:34:35 - [TEST_STEP][PASSED] - out.println("Begin Record Number: " + row): null

2024-03-08 01:34:35 - [TEST_STEP][PASSED] - today = new java.util.Date(): null

2024-03-08 01:34:35 - [TEST_STEP][PASSED] - println(today): null

2024-03-08 01:34:35 - [TEST_STEP][PASSED] - datText = today: null

2024-03-08 01:34:35 - [TEST_STEP][PASSED] - logInfo("Payment Type: Existing Liability w/Notice Number"): Payment Type: Existing Liability w/Notice Number

2024-03-08 01:34:35 - [MESSAGE][INFO] - Payment Type: Existing Liability w/Notice Number

2024-03-08 01:34:35 - [TEST_STEP][PASSED] - logInfo("Tax Type: " + TaxType): Tax Type: Unclaimed Property

2024-03-08 01:34:35 - [MESSAGE][INFO] - Tax Type: Unclaimed Property

2024-03-08 01:34:35 - [TEST_STEP][PASSED] - openBrowser(""): Browser is opened with url: ''

2024-03-08 01:34:35 - [MESSAGE][WARNING] - A browser is already opened. Closing browser and opening a new one

2024-03-08 01:34:55 - [MESSAGE][INFO] - Starting 'Chrome' driver

2024-03-08 01:34:55 - [MESSAGE][INFO] - User set preference: ['acceptInsecureCerts', 'true']

2024-03-08 01:34:55 - [MESSAGE][INFO] - Action delay is set to 0 milliseconds

2024-03-08 01:34:57 - [MESSAGE][PASSED] - Browser is opened with url: ''

2024-03-08 01:34:57 - [TEST_STEP][PASSED] - maximizeWindow(): Current window maximized

2024-03-08 01:34:57 - [MESSAGE][PASSED] - Current window maximized

2024-03-08 01:34:57 - [TEST_STEP][PASSED] - navigateToUrl(RADurl): Navigate to 'https://qa2.velocitypayment.com/client/rad/index.html' successfully

2024-03-08 01:34:59 - [MESSAGE][PASSED] - Navigate to 'https://qa2.velocitypayment.com/client/rad/index.html' successfully

2024-03-08 01:34:59 - [TEST_STEP][PASSED] - selectOptionByLabel(findTestObject(orPath_Landing + "/dd_TaxType"), "Existing Liability w/Notice Number", false): All options with label 'Existing Liability w/Notice Number' are selected in object 'Object Repository/RAD_Pages/Landing_Page/dd_TaxType' 

2024-03-08 01:34:59 - [MESSAGE][PASSED] - All options with label 'Existing Liability w/Notice Number' are selected in object 'Object Repository/RAD_Pages/Landing_Page/dd_TaxType' 

2024-03-08 01:34:59 - [TEST_STEP][PASSED] - selectOptionByLabel(findTestObject(orPath_TaxTypeFilingYear + "/select_TaxType_ExistingLiability"), TaxType, false): All options with label 'Unclaimed Property' are selected in object 'Object Repository/RAD_Pages/TaxTypeFilingYear_Page/select_TaxType_ExistingLiability' 

2024-03-08 01:35:00 - [MESSAGE][PASSED] - All options with label 'Unclaimed Property' are selected in object 'Object Repository/RAD_Pages/TaxTypeFilingYear_Page/select_TaxType_ExistingLiability' 

2024-03-08 01:35:00 - [TEST_STEP][PASSED] - setText(findTestObject(orPath_TaxPayer + "/input_businessName"), " "): Text ' ' is set on object 'Object Repository/RAD_Pages/Taxpayer_Page/input_businessName'

2024-03-08 01:35:01 - [MESSAGE][PASSED] - Text ' ' is set on object 'Object Repository/RAD_Pages/Taxpayer_Page/input_businessName'

2024-03-08 01:35:01 - [TEST_STEP][PASSED] - setText(findTestObject(orPath_TaxPayer + "/input_BusinessRepfirstName"), " "): Text ' ' is set on object 'Object Repository/RAD_Pages/Taxpayer_Page/input_BusinessRepfirstName'

2024-03-08 01:35:02 - [MESSAGE][PASSED] - Text ' ' is set on object 'Object Repository/RAD_Pages/Taxpayer_Page/input_BusinessRepfirstName'

2024-03-08 01:35:02 - [TEST_STEP][PASSED] - setText(findTestObject(orPath_TaxPayer + "/input_BusinessReplastName"), " "): Text ' ' is set on object 'Object Repository/RAD_Pages/Taxpayer_Page/input_BusinessReplastName'

2024-03-08 01:35:02 - [MESSAGE][PASSED] - Text ' ' is set on object 'Object Repository/RAD_Pages/Taxpayer_Page/input_BusinessReplastName'

2024-03-08 01:35:02 - [TEST_STEP][PASSED] - setText(findTestObject(orPath_AddressContact + "/input_streetAddress1"), " "): Text ' ' is set on object 'Object Repository/RAD_Pages/AddressAndContactInfo_Page/input_streetAddress1'

2024-03-08 01:35:03 - [MESSAGE][PASSED] - Text ' ' is set on object 'Object Repository/RAD_Pages/AddressAndContactInfo_Page/input_streetAddress1'

2024-03-08 01:35:03 - [TEST_STEP][PASSED] - setText(findTestObject(orPath_AddressContact + "/input_city"), " "): Text ' ' is set on object 'Object Repository/RAD_Pages/AddressAndContactInfo_Page/input_city'

2024-03-08 01:35:04 - [MESSAGE][PASSED] - Text ' ' is set on object 'Object Repository/RAD_Pages/AddressAndContactInfo_Page/input_city'

2024-03-08 01:35:04 - [TEST_STEP][PASSED] - setText(findTestObject(orPath_AddressContact + "/input_zipCode"), " "): Text ' ' is set on object 'Object Repository/RAD_Pages/AddressAndContactInfo_Page/input_zipCode'

2024-03-08 01:35:05 - [MESSAGE][PASSED] - Text ' ' is set on object 'Object Repository/RAD_Pages/AddressAndContactInfo_Page/input_zipCode'

2024-03-08 01:35:05 - [TEST_STEP][PASSED] - setText(findTestObject(orPath_AddressContact + "/input_phoneNumber"), " "): Text ' ' is set on object 'Object Repository/RAD_Pages/AddressAndContactInfo_Page/input_phoneNumber'

2024-03-08 01:35:05 - [MESSAGE][PASSED] - Text ' ' is set on object 'Object Repository/RAD_Pages/AddressAndContactInfo_Page/input_phoneNumber'

2024-03-08 01:35:05 - [TEST_STEP][PASSED] - setText(findTestObject(orPath_AddressContact + "/input_eMailAddress"), " "): Text ' ' is set on object 'Object Repository/RAD_Pages/AddressAndContactInfo_Page/input_eMailAddress'

2024-03-08 01:35:06 - [MESSAGE][PASSED] - Text ' ' is set on object 'Object Repository/RAD_Pages/AddressAndContactInfo_Page/input_eMailAddress'

2024-03-08 01:35:06 - [TEST_STEP][PASSED] - setText(findTestObject(orPath_AddressContact + "/input_reEnterEMailAddress"), " "): Text ' ' is set on object 'Object Repository/RAD_Pages/AddressAndContactInfo_Page/input_reEnterEMailAddress'

2024-03-08 01:35:07 - [MESSAGE][PASSED] - Text ' ' is set on object 'Object Repository/RAD_Pages/AddressAndContactInfo_Page/input_reEnterEMailAddress'

2024-03-08 01:35:07 - [TEST_STEP][PASSED] - if (TaxType.equalsIgnoreCase("Estate Tax")): null

2024-03-08 01:35:07 - [TEST_STEP][PASSED] - setText(findTestObject(orPath_Amount + "/input__paymentAmount"), ""): Text '' is set on object 'Object Repository/RAD_Pages/PaymentAmount_Page/input__paymentAmount'

2024-03-08 01:35:07 - [MESSAGE][PASSED] - Text '' is set on object 'Object Repository/RAD_Pages/PaymentAmount_Page/input__paymentAmount'

2024-03-08 01:35:07 - [TEST_STEP][PASSED] - resText = "Fail": null

2024-03-08 01:35:07 - [TEST_STEP][PASSED] - pages.WriteExcel.demoKey(resText, datText, resColumn, datCloumn, fileLoc, nameSheet, row): pages.WriteExcel.demoKey is PASSED

2024-03-08 01:35:08 - [MESSAGE][PASSED] - pages.WriteExcel.demoKey is PASSED

2024-03-08 01:35:08 - [TEST_STEP][PASSED] - verifyTextPresent("Enter business name", true, CONTINUE_ON_FAILURE): Text 'Enter business name' is present on page  using regular expression

2024-03-08 01:35:08 - [MESSAGE][PASSED] - Text 'Enter business name' is present on page  using regular expression

2024-03-08 01:35:08 - [TEST_STEP][PASSED] - verifyTextPresent("Enter business rep first name", true, CONTINUE_ON_FAILURE): Text 'Enter business rep first name' is present on page  using regular expression

2024-03-08 01:35:08 - [MESSAGE][PASSED] - Text 'Enter business rep first name' is present on page  using regular expression

2024-03-08 01:35:08 - [TEST_STEP][PASSED] - verifyTextPresent("Enter business rep last name", true, CONTINUE_ON_FAILURE): Text 'Enter business rep last name' is present on page  using regular expression

2024-03-08 01:35:09 - [MESSAGE][PASSED] - Text 'Enter business rep last name' is present on page  using regular expression

2024-03-08 01:35:09 - [TEST_STEP][PASSED] - verifyTextPresent("Enter address", true, CONTINUE_ON_FAILURE): Text 'Enter address' is present on page  using regular expression

2024-03-08 01:35:09 - [MESSAGE][PASSED] - Text 'Enter address' is present on page  using regular expression

2024-03-08 01:35:09 - [TEST_STEP][PASSED] - verifyTextPresent("Enter city", true, CONTINUE_ON_FAILURE): Text 'Enter city' is present on page  using regular expression

2024-03-08 01:35:10 - [MESSAGE][PASSED] - Text 'Enter city' is present on page  using regular expression

2024-03-08 01:35:10 - [TEST_STEP][PASSED] - verifyTextPresent("Enter ZIP code", true, CONTINUE_ON_FAILURE): Text 'Enter ZIP code' is present on page  using regular expression

2024-03-08 01:35:10 - [MESSAGE][PASSED] - Text 'Enter ZIP code' is present on page  using regular expression

2024-03-08 01:35:10 - [TEST_STEP][PASSED] - verifyTextPresent("Enter a valid phone number", true, CONTINUE_ON_FAILURE): Text 'Enter a valid phone number' is present on page  using regular expression

2024-03-08 01:35:10 - [MESSAGE][PASSED] - Text 'Enter a valid phone number' is present on page  using regular expression

2024-03-08 01:35:10 - [TEST_STEP][PASSED] - verifyTextPresent("Enter Email", true, CONTINUE_ON_FAILURE): Text 'Enter Email' is present on page  using regular expression

2024-03-08 01:35:11 - [MESSAGE][PASSED] - Text 'Enter Email' is present on page  using regular expression

2024-03-08 01:35:11 - [TEST_STEP][PASSED] - if (TaxType.equalsIgnoreCase("Estate Tax")): null

2024-03-08 01:35:11 - [TEST_STEP][PASSED] - resText = "Pass": null

2024-03-08 01:35:11 - [TEST_STEP][PASSED] - pages.WriteExcel.demoKey(resText, datText, resColumn, datCloumn, fileLoc, nameSheet, row): pages.WriteExcel.demoKey is PASSED

2024-03-08 01:35:11 - [MESSAGE][PASSED] - pages.WriteExcel.demoKey is PASSED

2024-03-08 01:35:11 - [TEST_STEP][PASSED] - ExecuteTC = findTestData(dataFile).getValue("Execute", row): null

2024-03-08 01:35:11 - [TEST_STEP][PASSED] - TaxType = findTestData(dataFile).getValue("TaxType", row): null

2024-03-08 01:35:11 - [TEST_STEP][PASSED] - PaymentType = findTestData(dataFile).getValue("PaymentType", row): null

2024-03-08 01:35:11 - [TEST_STEP][PASSED] - feinSsn = findTestData(dataFile).getValue("FEINSSN", row): null

2024-03-08 01:35:11 - [TEST_STEP][PASSED] - if (ExecuteTC.equalsIgnoreCase("Y")): pages.WriteExcel.demoKey is PASSED

2024-03-08 01:35:11 - [TEST_STEP][PASSED] - out.println("Begin Record Number: " + row): null

2024-03-08 01:35:11 - [TEST_STEP][PASSED] - today = new java.util.Date(): null

2024-03-08 01:35:11 - [TEST_STEP][PASSED] - println(today): null

2024-03-08 01:35:11 - [TEST_STEP][PASSED] - datText = today: null

2024-03-08 01:35:11 - [TEST_STEP][PASSED] - logInfo("Payment Type: Existing Liability w/Notice Number"): Payment Type: Existing Liability w/Notice Number

2024-03-08 01:35:11 - [MESSAGE][INFO] - Payment Type: Existing Liability w/Notice Number

2024-03-08 01:35:11 - [TEST_STEP][PASSED] - logInfo("Tax Type: " + TaxType): Tax Type: IFTA Tax

2024-03-08 01:35:11 - [MESSAGE][INFO] - Tax Type: IFTA Tax

2024-03-08 01:35:11 - [TEST_STEP][PASSED] - openBrowser(""): Browser is opened with url: ''

2024-03-08 01:35:11 - [MESSAGE][WARNING] - A browser is already opened. Closing browser and opening a new one

2024-03-08 01:35:46 - [MESSAGE][INFO] - Starting 'Chrome' driver

2024-03-08 01:35:46 - [MESSAGE][INFO] - User set preference: ['acceptInsecureCerts', 'true']

2024-03-08 01:35:46 - [MESSAGE][INFO] - Action delay is set to 0 milliseconds

2024-03-08 01:35:48 - [MESSAGE][PASSED] - Browser is opened with url: ''

2024-03-08 01:35:48 - [TEST_STEP][PASSED] - maximizeWindow(): Current window maximized

2024-03-08 01:35:48 - [MESSAGE][PASSED] - Current window maximized

2024-03-08 01:35:48 - [TEST_STEP][PASSED] - navigateToUrl(RADurl): Navigate to 'https://qa2.velocitypayment.com/client/rad/index.html' successfully

2024-03-08 01:35:56 - [MESSAGE][PASSED] - Navigate to 'https://qa2.velocitypayment.com/client/rad/index.html' successfully

2024-03-08 01:35:56 - [TEST_STEP][PASSED] - selectOptionByLabel(findTestObject(orPath_Landing + "/dd_TaxType"), "Existing Liability w/Notice Number", false): All options with label 'Existing Liability w/Notice Number' are selected in object 'Object Repository/RAD_Pages/Landing_Page/dd_TaxType' 

2024-03-08 01:35:56 - [MESSAGE][PASSED] - All options with label 'Existing Liability w/Notice Number' are selected in object 'Object Repository/RAD_Pages/Landing_Page/dd_TaxType' 

2024-03-08 01:35:56 - [TEST_STEP][PASSED] - selectOptionByLabel(findTestObject(orPath_TaxTypeFilingYear + "/select_TaxType_ExistingLiability"), TaxType, false): All options with label 'IFTA Tax' are selected in object 'Object Repository/RAD_Pages/TaxTypeFilingYear_Page/select_TaxType_ExistingLiability' 

2024-03-08 01:35:57 - [MESSAGE][PASSED] - All options with label 'IFTA Tax' are selected in object 'Object Repository/RAD_Pages/TaxTypeFilingYear_Page/select_TaxType_ExistingLiability' 

2024-03-08 01:35:57 - [TEST_STEP][PASSED] - setText(findTestObject(orPath_TaxPayer + "/input_businessName"), " "): Text ' ' is set on object 'Object Repository/RAD_Pages/Taxpayer_Page/input_businessName'

2024-03-08 01:35:58 - [MESSAGE][PASSED] - Text ' ' is set on object 'Object Repository/RAD_Pages/Taxpayer_Page/input_businessName'

2024-03-08 01:35:58 - [TEST_STEP][PASSED] - setText(findTestObject(orPath_TaxPayer + "/input_BusinessRepfirstName"), " "): Text ' ' is set on object 'Object Repository/RAD_Pages/Taxpayer_Page/input_BusinessRepfirstName'

2024-03-08 01:35:59 - [MESSAGE][PASSED] - Text ' ' is set on object 'Object Repository/RAD_Pages/Taxpayer_Page/input_BusinessRepfirstName'

2024-03-08 01:35:59 - [TEST_STEP][PASSED] - setText(findTestObject(orPath_TaxPayer + "/input_BusinessReplastName"), " "): Text ' ' is set on object 'Object Repository/RAD_Pages/Taxpayer_Page/input_BusinessReplastName'

2024-03-08 01:35:59 - [MESSAGE][PASSED] - Text ' ' is set on object 'Object Repository/RAD_Pages/Taxpayer_Page/input_BusinessReplastName'

2024-03-08 01:35:59 - [TEST_STEP][PASSED] - setText(findTestObject(orPath_AddressContact + "/input_streetAddress1"), " "): Text ' ' is set on object 'Object Repository/RAD_Pages/AddressAndContactInfo_Page/input_streetAddress1'

2024-03-08 01:36:00 - [MESSAGE][PASSED] - Text ' ' is set on object 'Object Repository/RAD_Pages/AddressAndContactInfo_Page/input_streetAddress1'

2024-03-08 01:36:00 - [TEST_STEP][PASSED] - setText(findTestObject(orPath_AddressContact + "/input_city"), " "): Text ' ' is set on object 'Object Repository/RAD_Pages/AddressAndContactInfo_Page/input_city'

2024-03-08 01:36:01 - [MESSAGE][PASSED] - Text ' ' is set on object 'Object Repository/RAD_Pages/AddressAndContactInfo_Page/input_city'

2024-03-08 01:36:01 - [TEST_STEP][PASSED] - setText(findTestObject(orPath_AddressContact + "/input_zipCode"), " "): Text ' ' is set on object 'Object Repository/RAD_Pages/AddressAndContactInfo_Page/input_zipCode'

2024-03-08 01:36:02 - [MESSAGE][PASSED] - Text ' ' is set on object 'Object Repository/RAD_Pages/AddressAndContactInfo_Page/input_zipCode'

2024-03-08 01:36:02 - [TEST_STEP][PASSED] - setText(findTestObject(orPath_AddressContact + "/input_phoneNumber"), " "): Text ' ' is set on object 'Object Repository/RAD_Pages/AddressAndContactInfo_Page/input_phoneNumber'

2024-03-08 01:36:02 - [MESSAGE][PASSED] - Text ' ' is set on object 'Object Repository/RAD_Pages/AddressAndContactInfo_Page/input_phoneNumber'

2024-03-08 01:36:02 - [TEST_STEP][PASSED] - setText(findTestObject(orPath_AddressContact + "/input_eMailAddress"), " "): Text ' ' is set on object 'Object Repository/RAD_Pages/AddressAndContactInfo_Page/input_eMailAddress'

2024-03-08 01:36:03 - [MESSAGE][PASSED] - Text ' ' is set on object 'Object Repository/RAD_Pages/AddressAndContactInfo_Page/input_eMailAddress'

2024-03-08 01:36:03 - [TEST_STEP][PASSED] - setText(findTestObject(orPath_AddressContact + "/input_reEnterEMailAddress"), " "): Text ' ' is set on object 'Object Repository/RAD_Pages/AddressAndContactInfo_Page/input_reEnterEMailAddress'

2024-03-08 01:36:04 - [MESSAGE][PASSED] - Text ' ' is set on object 'Object Repository/RAD_Pages/AddressAndContactInfo_Page/input_reEnterEMailAddress'

2024-03-08 01:36:04 - [TEST_STEP][PASSED] - if (TaxType.equalsIgnoreCase("Estate Tax")): null

2024-03-08 01:36:04 - [TEST_STEP][PASSED] - setText(findTestObject(orPath_Amount + "/input__paymentAmount"), ""): Text '' is set on object 'Object Repository/RAD_Pages/PaymentAmount_Page/input__paymentAmount'

2024-03-08 01:36:04 - [MESSAGE][PASSED] - Text '' is set on object 'Object Repository/RAD_Pages/PaymentAmount_Page/input__paymentAmount'

2024-03-08 01:36:04 - [TEST_STEP][PASSED] - resText = "Fail": null

2024-03-08 01:36:04 - [TEST_STEP][PASSED] - pages.WriteExcel.demoKey(resText, datText, resColumn, datCloumn, fileLoc, nameSheet, row): pages.WriteExcel.demoKey is PASSED

2024-03-08 01:36:05 - [MESSAGE][PASSED] - pages.WriteExcel.demoKey is PASSED

2024-03-08 01:36:05 - [TEST_STEP][PASSED] - verifyTextPresent("Enter business name", true, CONTINUE_ON_FAILURE): Text 'Enter business name' is present on page  using regular expression

2024-03-08 01:36:05 - [MESSAGE][PASSED] - Text 'Enter business name' is present on page  using regular expression

2024-03-08 01:36:05 - [TEST_STEP][PASSED] - verifyTextPresent("Enter business rep first name", true, CONTINUE_ON_FAILURE): Text 'Enter business rep first name' is present on page  using regular expression

2024-03-08 01:36:05 - [MESSAGE][PASSED] - Text 'Enter business rep first name' is present on page  using regular expression

2024-03-08 01:36:05 - [TEST_STEP][PASSED] - verifyTextPresent("Enter business rep last name", true, CONTINUE_ON_FAILURE): Text 'Enter business rep last name' is present on page  using regular expression

2024-03-08 01:36:06 - [MESSAGE][PASSED] - Text 'Enter business rep last name' is present on page  using regular expression

2024-03-08 01:36:06 - [TEST_STEP][PASSED] - verifyTextPresent("Enter address", true, CONTINUE_ON_FAILURE): Text 'Enter address' is present on page  using regular expression

2024-03-08 01:36:06 - [MESSAGE][PASSED] - Text 'Enter address' is present on page  using regular expression

2024-03-08 01:36:06 - [TEST_STEP][PASSED] - verifyTextPresent("Enter city", true, CONTINUE_ON_FAILURE): Text 'Enter city' is present on page  using regular expression

2024-03-08 01:36:07 - [MESSAGE][PASSED] - Text 'Enter city' is present on page  using regular expression

2024-03-08 01:36:07 - [TEST_STEP][PASSED] - verifyTextPresent("Enter ZIP code", true, CONTINUE_ON_FAILURE): Text 'Enter ZIP code' is present on page  using regular expression

2024-03-08 01:36:07 - [MESSAGE][PASSED] - Text 'Enter ZIP code' is present on page  using regular expression

2024-03-08 01:36:07 - [TEST_STEP][PASSED] - verifyTextPresent("Enter a valid phone number", true, CONTINUE_ON_FAILURE): Text 'Enter a valid phone number' is present on page  using regular expression

2024-03-08 01:36:07 - [MESSAGE][PASSED] - Text 'Enter a valid phone number' is present on page  using regular expression

2024-03-08 01:36:07 - [TEST_STEP][PASSED] - verifyTextPresent("Enter Email", true, CONTINUE_ON_FAILURE): Text 'Enter Email' is present on page  using regular expression

2024-03-08 01:36:08 - [MESSAGE][PASSED] - Text 'Enter Email' is present on page  using regular expression

2024-03-08 01:36:08 - [TEST_STEP][PASSED] - if (TaxType.equalsIgnoreCase("Estate Tax")): null

2024-03-08 01:36:08 - [TEST_STEP][PASSED] - resText = "Pass": null

2024-03-08 01:36:08 - [TEST_STEP][PASSED] - pages.WriteExcel.demoKey(resText, datText, resColumn, datCloumn, fileLoc, nameSheet, row): pages.WriteExcel.demoKey is PASSED

2024-03-08 01:36:08 - [MESSAGE][PASSED] - pages.WriteExcel.demoKey is PASSED]]></system-out>
         <system-err><![CDATA[]]></system-err>
      </testcase>
      <testcase name="Test Cases/RAD_TestCases/MRF_TestCases/NewTaxReturn_MRF_TC" time="2398.69" classname="Test Cases/RAD_TestCases/MRF_TestCases/NewTaxReturn_MRF_TC" status="PASSED">
         <system-out><![CDATA[2024-03-08 01:36:08 - [TEST_CASE][PASSED] - Test Cases/RAD_TestCases/MRF_TestCases/NewTaxReturn_MRF_TC: Test Cases/RAD_TestCases/MRF_TestCases/NewTaxReturn_MRF_TC

2024-03-08 01:36:08 - [TEST_STEP][PASSED] - resText = "Fail": null

2024-03-08 01:36:08 - [TEST_STEP][PASSED] - resColumn = "Result": null

2024-03-08 01:36:08 - [TEST_STEP][PASSED] - datCloumn = "Date": null

2024-03-08 01:36:08 - [TEST_STEP][PASSED] - fileLoc = "KatalonData/RADTestData/MRF.xlsx": null

2024-03-08 01:36:08 - [TEST_STEP][PASSED] - nameSheet = "NewTaxReturn": null

2024-03-08 01:36:08 - [TEST_STEP][PASSED] - dataFile = "RADTestData/MRF_NewTaxReturn": null

2024-03-08 01:36:08 - [TEST_STEP][PASSED] - orPath_Landing = "Object Repository/RAD_Pages/Landing_Page": null

2024-03-08 01:36:08 - [TEST_STEP][PASSED] - orPath_TaxTypeFilingYear = "Object Repository/RAD_Pages/TaxTypeFilingYear_Page": null

2024-03-08 01:36:08 - [TEST_STEP][PASSED] - orPath_Amount = "Object Repository/RAD_Pages/PaymentAmount_Page": null

2024-03-08 01:36:08 - [TEST_STEP][PASSED] - orPath_AddressContact = "Object Repository/RAD_Pages/AddressAndContactInfo_Page": null

2024-03-08 01:36:08 - [TEST_STEP][PASSED] - orPath_Summary = "Object Repository/RAD_Pages/Summary_Page": null

2024-03-08 01:36:08 - [TEST_STEP][PASSED] - orPath_PaymentConfirmation = "Object Repository/RAD_Pages/PaymentConfirmation_Page": null

2024-03-08 01:36:08 - [TEST_STEP][PASSED] - orPath_ServiceFeesAccept = "Object Repository/RAD_Pages/ServiceFeeAccept_Page": null

2024-03-08 01:36:08 - [TEST_STEP][PASSED] - orPath_PaymentEntry = "Object Repository/RAD_Pages/PaymentEntry_Page": null

2024-03-08 01:36:08 - [TEST_STEP][PASSED] - orPath_TaxInfo = "Object Repository/RAD_Pages/TaxInfo_Page": null

2024-03-08 01:36:08 - [TEST_STEP][PASSED] - orPath_TaxPayer = "Object Repository/RAD_Pages/Taxpayer_Page": null

2024-03-08 01:36:08 - [TEST_STEP][PASSED] - ExecuteTC = <not implemented yet for class: org.codehaus.groovy.ast.expr.EmptyExpression>: null

2024-03-08 01:36:08 - [TEST_STEP][PASSED] - TaxType = <not implemented yet for class: org.codehaus.groovy.ast.expr.EmptyExpression>: null

2024-03-08 01:36:08 - [TEST_STEP][PASSED] - PaymentType = <not implemented yet for class: org.codehaus.groovy.ast.expr.EmptyExpression>: null

2024-03-08 01:36:08 - [TEST_STEP][PASSED] - FilingYear = <not implemented yet for class: org.codehaus.groovy.ast.expr.EmptyExpression>: null

2024-03-08 01:36:08 - [TEST_STEP][PASSED] - PeriodEndingMonth = <not implemented yet for class: org.codehaus.groovy.ast.expr.EmptyExpression>: null

2024-03-08 01:36:08 - [TEST_STEP][PASSED] - feinSSN = <not implemented yet for class: org.codehaus.groovy.ast.expr.EmptyExpression>: null

2024-03-08 01:36:08 - [TEST_STEP][PASSED] - CRN = <not implemented yet for class: org.codehaus.groovy.ast.expr.EmptyExpression>: null

2024-03-08 01:36:08 - [TEST_STEP][PASSED] - numOfRows = findTestData(dataFile).getRowNumbers(): null

2024-03-08 01:36:08 - [TEST_STEP][PASSED] - println("Number of Records: " + numOfRows): null

2024-03-08 01:36:08 - [TEST_STEP][PASSED] - for ([row = 1, row <= numOfRows, (row++)]): pages.WriteExcel.demoKey is PASSED

2024-03-08 01:36:08 - [TEST_STEP][PASSED] - ExecuteTC = findTestData(dataFile).getValue("Execute", row): null

2024-03-08 01:36:08 - [TEST_STEP][PASSED] - TaxType = findTestData(dataFile).getValue("TaxType", row): null

2024-03-08 01:36:08 - [TEST_STEP][PASSED] - PaymentType = findTestData(dataFile).getValue("PaymentType", row): null

2024-03-08 01:36:08 - [TEST_STEP][PASSED] - FilingYear = findTestData(dataFile).getValue("Year", row): null

2024-03-08 01:36:09 - [TEST_STEP][PASSED] - feinSSN = findTestData(dataFile).getValue("FeinSsn", row): null

2024-03-08 01:36:09 - [TEST_STEP][PASSED] - CRN = findTestData(dataFile).getValue("CRN", row): null

2024-03-08 01:36:09 - [TEST_STEP][PASSED] - if (ExecuteTC.equalsIgnoreCase("Y")): pages.WriteExcel.demoKey is PASSED

2024-03-08 01:36:09 - [TEST_STEP][PASSED] - out.println("Begin Record Number: " + row): null

2024-03-08 01:36:09 - [TEST_STEP][PASSED] - today = new java.util.Date(): null

2024-03-08 01:36:09 - [TEST_STEP][PASSED] - println(today): null

2024-03-08 01:36:09 - [TEST_STEP][PASSED] - datText = today: null

2024-03-08 01:36:09 - [TEST_STEP][PASSED] - logInfo("Payment Type: New Tax Return Amount Due"): Payment Type: New Tax Return Amount Due

2024-03-08 01:36:09 - [MESSAGE][INFO] - Payment Type: New Tax Return Amount Due

2024-03-08 01:36:09 - [TEST_STEP][PASSED] - logInfo("Tax Type: " + TaxType): Tax Type: Fiduciary Tax

2024-03-08 01:36:09 - [MESSAGE][INFO] - Tax Type: Fiduciary Tax

2024-03-08 01:36:09 - [TEST_STEP][PASSED] - openBrowser(""): Browser is opened with url: ''

2024-03-08 01:36:09 - [MESSAGE][WARNING] - A browser is already opened. Closing browser and opening a new one

2024-03-08 01:36:15 - [MESSAGE][INFO] - Starting 'Chrome' driver

2024-03-08 01:36:15 - [MESSAGE][INFO] - User set preference: ['acceptInsecureCerts', 'true']

2024-03-08 01:36:15 - [MESSAGE][INFO] - Action delay is set to 0 milliseconds

2024-03-08 01:36:16 - [MESSAGE][PASSED] - Browser is opened with url: ''

2024-03-08 01:36:16 - [TEST_STEP][PASSED] - maximizeWindow(): Current window maximized

2024-03-08 01:36:16 - [MESSAGE][PASSED] - Current window maximized

2024-03-08 01:36:16 - [TEST_STEP][PASSED] - navigateToUrl(RADurl): Navigate to 'https://qa2.velocitypayment.com/client/rad/index.html' successfully

2024-03-08 01:36:17 - [MESSAGE][PASSED] - Navigate to 'https://qa2.velocitypayment.com/client/rad/index.html' successfully

2024-03-08 01:36:17 - [TEST_STEP][PASSED] - selectOptionByLabel(findTestObject(orPath_Landing + "/dd_TaxType"), "New Tax Return Amount Due", false): All options with label 'New Tax Return Amount Due' are selected in object 'Object Repository/RAD_Pages/Landing_Page/dd_TaxType' 

2024-03-08 01:36:19 - [MESSAGE][PASSED] - All options with label 'New Tax Return Amount Due' are selected in object 'Object Repository/RAD_Pages/Landing_Page/dd_TaxType' 

2024-03-08 01:36:19 - [TEST_STEP][PASSED] - selectOptionByLabel(findTestObject("Object Repository/RAD_Pages/Landing_Page/select_NewTaxReturnAmountDue_TaxType"), TaxType, false): All options with label 'Fiduciary Tax' are selected in object 'Object Repository/RAD_Pages/Landing_Page/select_NewTaxReturnAmountDue_TaxType' 

2024-03-08 01:36:20 - [MESSAGE][PASSED] - All options with label 'Fiduciary Tax' are selected in object 'Object Repository/RAD_Pages/Landing_Page/select_NewTaxReturnAmountDue_TaxType' 

2024-03-08 01:36:20 - [TEST_STEP][PASSED] - selectOptionByLabel(findTestObject(orPath_TaxTypeFilingYear + "/select_FilingYear"), FilingYear, false): All options with label '2023' are selected in object 'Object Repository/RAD_Pages/TaxTypeFilingYear_Page/select_FilingYear' 

2024-03-08 01:36:21 - [MESSAGE][PASSED] - All options with label '2023' are selected in object 'Object Repository/RAD_Pages/TaxTypeFilingYear_Page/select_FilingYear' 

2024-03-08 01:36:21 - [TEST_STEP][PASSED] - setText(findTestObject(orPath_TaxPayer + "/input_businessName"), " "): Text ' ' is set on object 'Object Repository/RAD_Pages/Taxpayer_Page/input_businessName'

2024-03-08 01:36:21 - [MESSAGE][PASSED] - Text ' ' is set on object 'Object Repository/RAD_Pages/Taxpayer_Page/input_businessName'

2024-03-08 01:36:21 - [TEST_STEP][PASSED] - setText(findTestObject(orPath_TaxPayer + "/input_BusinessRepfirstName"), " "): Text ' ' is set on object 'Object Repository/RAD_Pages/Taxpayer_Page/input_BusinessRepfirstName'

2024-03-08 01:36:22 - [MESSAGE][PASSED] - Text ' ' is set on object 'Object Repository/RAD_Pages/Taxpayer_Page/input_BusinessRepfirstName'

2024-03-08 01:36:22 - [TEST_STEP][PASSED] - setText(findTestObject(orPath_TaxPayer + "/input_BusinessReplastName"), " "): Text ' ' is set on object 'Object Repository/RAD_Pages/Taxpayer_Page/input_BusinessReplastName'

2024-03-08 01:36:23 - [MESSAGE][PASSED] - Text ' ' is set on object 'Object Repository/RAD_Pages/Taxpayer_Page/input_BusinessReplastName'

2024-03-08 01:36:23 - [TEST_STEP][PASSED] - setText(findTestObject(orPath_AddressContact + "/input_streetAddress1"), " "): Text ' ' is set on object 'Object Repository/RAD_Pages/AddressAndContactInfo_Page/input_streetAddress1'

2024-03-08 01:36:23 - [MESSAGE][PASSED] - Text ' ' is set on object 'Object Repository/RAD_Pages/AddressAndContactInfo_Page/input_streetAddress1'

2024-03-08 01:36:23 - [TEST_STEP][PASSED] - setText(findTestObject(orPath_AddressContact + "/input_city"), " "): Text ' ' is set on object 'Object Repository/RAD_Pages/AddressAndContactInfo_Page/input_city'

2024-03-08 01:36:24 - [MESSAGE][PASSED] - Text ' ' is set on object 'Object Repository/RAD_Pages/AddressAndContactInfo_Page/input_city'

2024-03-08 01:36:24 - [TEST_STEP][PASSED] - setText(findTestObject(orPath_AddressContact + "/input_zipCode"), " "): Text ' ' is set on object 'Object Repository/RAD_Pages/AddressAndContactInfo_Page/input_zipCode'

2024-03-08 01:36:25 - [MESSAGE][PASSED] - Text ' ' is set on object 'Object Repository/RAD_Pages/AddressAndContactInfo_Page/input_zipCode'

2024-03-08 01:36:25 - [TEST_STEP][PASSED] - setText(findTestObject(orPath_AddressContact + "/input_phoneNumber"), " "): Text ' ' is set on object 'Object Repository/RAD_Pages/AddressAndContactInfo_Page/input_phoneNumber'

2024-03-08 01:36:26 - [MESSAGE][PASSED] - Text ' ' is set on object 'Object Repository/RAD_Pages/AddressAndContactInfo_Page/input_phoneNumber'

2024-03-08 01:36:26 - [TEST_STEP][PASSED] - setText(findTestObject(orPath_AddressContact + "/input_eMailAddress"), " "): Text ' ' is set on object 'Object Repository/RAD_Pages/AddressAndContactInfo_Page/input_eMailAddress'

2024-03-08 01:36:26 - [MESSAGE][PASSED] - Text ' ' is set on object 'Object Repository/RAD_Pages/AddressAndContactInfo_Page/input_eMailAddress'

2024-03-08 01:36:26 - [TEST_STEP][PASSED] - setText(findTestObject(orPath_AddressContact + "/input_reEnterEMailAddress"), " "): Text ' ' is set on object 'Object Repository/RAD_Pages/AddressAndContactInfo_Page/input_reEnterEMailAddress'

2024-03-08 01:36:27 - [MESSAGE][PASSED] - Text ' ' is set on object 'Object Repository/RAD_Pages/AddressAndContactInfo_Page/input_reEnterEMailAddress'

2024-03-08 01:36:27 - [TEST_STEP][PASSED] - if (TaxType.equalsIgnoreCase("Estate Tax")): null

2024-03-08 01:36:27 - [TEST_STEP][PASSED] - setText(findTestObject(orPath_Amount + "/input__paymentAmount"), ""): Text '' is set on object 'Object Repository/RAD_Pages/PaymentAmount_Page/input__paymentAmount'

2024-03-08 01:36:28 - [MESSAGE][PASSED] - Text '' is set on object 'Object Repository/RAD_Pages/PaymentAmount_Page/input__paymentAmount'

2024-03-08 01:36:28 - [TEST_STEP][PASSED] - resText = "Fail": null

2024-03-08 01:36:28 - [TEST_STEP][PASSED] - pages.WriteExcel.demoKey(resText, datText, resColumn, datCloumn, fileLoc, nameSheet, row): pages.WriteExcel.demoKey is PASSED

2024-03-08 01:36:28 - [MESSAGE][PASSED] - pages.WriteExcel.demoKey is PASSED

2024-03-08 01:36:28 - [TEST_STEP][PASSED] - verifyTextPresent("Enter business name", true, CONTINUE_ON_FAILURE): Text 'Enter business name' is present on page  using regular expression

2024-03-08 01:36:29 - [MESSAGE][PASSED] - Text 'Enter business name' is present on page  using regular expression

2024-03-08 01:36:29 - [TEST_STEP][PASSED] - verifyTextPresent("Enter business rep first name", true, CONTINUE_ON_FAILURE): Text 'Enter business rep first name' is present on page  using regular expression

2024-03-08 01:36:29 - [MESSAGE][PASSED] - Text 'Enter business rep first name' is present on page  using regular expression

2024-03-08 01:36:29 - [TEST_STEP][PASSED] - verifyTextPresent("Enter business rep last name", true, CONTINUE_ON_FAILURE): Text 'Enter business rep last name' is present on page  using regular expression

2024-03-08 01:36:29 - [MESSAGE][PASSED] - Text 'Enter business rep last name' is present on page  using regular expression

2024-03-08 01:36:29 - [TEST_STEP][PASSED] - verifyTextPresent("Enter address", true, CONTINUE_ON_FAILURE): Text 'Enter address' is present on page  using regular expression

2024-03-08 01:36:30 - [MESSAGE][PASSED] - Text 'Enter address' is present on page  using regular expression

2024-03-08 01:36:30 - [TEST_STEP][PASSED] - verifyTextPresent("Enter city", true, CONTINUE_ON_FAILURE): Text 'Enter city' is present on page  using regular expression

2024-03-08 01:36:30 - [MESSAGE][PASSED] - Text 'Enter city' is present on page  using regular expression

2024-03-08 01:36:30 - [TEST_STEP][PASSED] - verifyTextPresent("Enter ZIP code", true, CONTINUE_ON_FAILURE): Text 'Enter ZIP code' is present on page  using regular expression

2024-03-08 01:36:30 - [MESSAGE][PASSED] - Text 'Enter ZIP code' is present on page  using regular expression

2024-03-08 01:36:30 - [TEST_STEP][PASSED] - verifyTextPresent("Enter a valid phone number", true, CONTINUE_ON_FAILURE): Text 'Enter a valid phone number' is present on page  using regular expression

2024-03-08 01:36:31 - [MESSAGE][PASSED] - Text 'Enter a valid phone number' is present on page  using regular expression

2024-03-08 01:36:31 - [TEST_STEP][PASSED] - verifyTextPresent("Enter Email", true, CONTINUE_ON_FAILURE): Text 'Enter Email' is present on page  using regular expression

2024-03-08 01:36:31 - [MESSAGE][PASSED] - Text 'Enter Email' is present on page  using regular expression

2024-03-08 01:36:31 - [TEST_STEP][PASSED] - if (TaxType.equalsIgnoreCase("Estate Tax")): null

2024-03-08 01:36:31 - [TEST_STEP][PASSED] - if (CRN.equalsIgnoreCase("Y")): null

2024-03-08 01:36:31 - [TEST_STEP][PASSED] - resText = "Pass": null

2024-03-08 01:36:31 - [TEST_STEP][PASSED] - pages.WriteExcel.demoKey(resText, datText, resColumn, datCloumn, fileLoc, nameSheet, row): pages.WriteExcel.demoKey is PASSED

2024-03-08 01:36:31 - [MESSAGE][PASSED] - pages.WriteExcel.demoKey is PASSED

2024-03-08 01:36:31 - [TEST_STEP][PASSED] - ExecuteTC = findTestData(dataFile).getValue("Execute", row): null

2024-03-08 01:36:31 - [TEST_STEP][PASSED] - TaxType = findTestData(dataFile).getValue("TaxType", row): null

2024-03-08 01:36:31 - [TEST_STEP][PASSED] - PaymentType = findTestData(dataFile).getValue("PaymentType", row): null

2024-03-08 01:36:31 - [TEST_STEP][PASSED] - FilingYear = findTestData(dataFile).getValue("Year", row): null

2024-03-08 01:36:31 - [TEST_STEP][PASSED] - feinSSN = findTestData(dataFile).getValue("FeinSsn", row): null

2024-03-08 01:36:31 - [TEST_STEP][PASSED] - CRN = findTestData(dataFile).getValue("CRN", row): null

2024-03-08 01:36:31 - [TEST_STEP][PASSED] - if (ExecuteTC.equalsIgnoreCase("Y")): pages.WriteExcel.demoKey is PASSED

2024-03-08 01:36:31 - [TEST_STEP][PASSED] - out.println("Begin Record Number: " + row): null

2024-03-08 01:36:31 - [TEST_STEP][PASSED] - today = new java.util.Date(): null

2024-03-08 01:36:31 - [TEST_STEP][PASSED] - println(today): null

2024-03-08 01:36:31 - [TEST_STEP][PASSED] - datText = today: null

2024-03-08 01:36:31 - [TEST_STEP][PASSED] - logInfo("Payment Type: New Tax Return Amount Due"): Payment Type: New Tax Return Amount Due

2024-03-08 01:36:31 - [MESSAGE][INFO] - Payment Type: New Tax Return Amount Due

2024-03-08 01:36:31 - [TEST_STEP][PASSED] - logInfo("Tax Type: " + TaxType): Tax Type: PTE Non-Electing Non-S Corp

2024-03-08 01:36:31 - [MESSAGE][INFO] - Tax Type: PTE Non-Electing Non-S Corp

2024-03-08 01:36:31 - [TEST_STEP][PASSED] - openBrowser(""): Browser is opened with url: ''

2024-03-08 01:36:31 - [MESSAGE][WARNING] - A browser is already opened. Closing browser and opening a new one

2024-03-08 01:36:48 - [MESSAGE][INFO] - Starting 'Chrome' driver

2024-03-08 01:36:48 - [MESSAGE][INFO] - User set preference: ['acceptInsecureCerts', 'true']

2024-03-08 01:36:48 - [MESSAGE][INFO] - Action delay is set to 0 milliseconds

2024-03-08 01:36:50 - [MESSAGE][PASSED] - Browser is opened with url: ''

2024-03-08 01:36:50 - [TEST_STEP][PASSED] - maximizeWindow(): Current window maximized

2024-03-08 01:36:50 - [MESSAGE][PASSED] - Current window maximized

2024-03-08 01:36:50 - [TEST_STEP][PASSED] - navigateToUrl(RADurl): Navigate to 'https://qa2.velocitypayment.com/client/rad/index.html' successfully

2024-03-08 01:36:57 - [MESSAGE][PASSED] - Navigate to 'https://qa2.velocitypayment.com/client/rad/index.html' successfully

2024-03-08 01:36:57 - [TEST_STEP][PASSED] - selectOptionByLabel(findTestObject(orPath_Landing + "/dd_TaxType"), "New Tax Return Amount Due", false): All options with label 'New Tax Return Amount Due' are selected in object 'Object Repository/RAD_Pages/Landing_Page/dd_TaxType' 

2024-03-08 01:36:58 - [MESSAGE][PASSED] - All options with label 'New Tax Return Amount Due' are selected in object 'Object Repository/RAD_Pages/Landing_Page/dd_TaxType' 

2024-03-08 01:36:58 - [TEST_STEP][PASSED] - selectOptionByLabel(findTestObject("Object Repository/RAD_Pages/Landing_Page/select_NewTaxReturnAmountDue_TaxType"), TaxType, false): All options with label 'PTE Non-Electing Non-S Corp' are selected in object 'Object Repository/RAD_Pages/Landing_Page/select_NewTaxReturnAmountDue_TaxType' 

2024-03-08 01:36:59 - [MESSAGE][PASSED] - All options with label 'PTE Non-Electing Non-S Corp' are selected in object 'Object Repository/RAD_Pages/Landing_Page/select_NewTaxReturnAmountDue_TaxType' 

2024-03-08 01:36:59 - [TEST_STEP][PASSED] - selectOptionByLabel(findTestObject(orPath_TaxTypeFilingYear + "/select_FilingYear"), FilingYear, false): All options with label '2023' are selected in object 'Object Repository/RAD_Pages/TaxTypeFilingYear_Page/select_FilingYear' 

2024-03-08 01:37:00 - [MESSAGE][PASSED] - All options with label '2023' are selected in object 'Object Repository/RAD_Pages/TaxTypeFilingYear_Page/select_FilingYear' 

2024-03-08 01:37:00 - [TEST_STEP][PASSED] - setText(findTestObject(orPath_TaxPayer + "/input_businessName"), " "): Text ' ' is set on object 'Object Repository/RAD_Pages/Taxpayer_Page/input_businessName'

2024-03-08 01:37:00 - [MESSAGE][PASSED] - Text ' ' is set on object 'Object Repository/RAD_Pages/Taxpayer_Page/input_businessName'

2024-03-08 01:37:00 - [TEST_STEP][PASSED] - setText(findTestObject(orPath_TaxPayer + "/input_BusinessRepfirstName"), " "): Text ' ' is set on object 'Object Repository/RAD_Pages/Taxpayer_Page/input_BusinessRepfirstName'

2024-03-08 01:37:01 - [MESSAGE][PASSED] - Text ' ' is set on object 'Object Repository/RAD_Pages/Taxpayer_Page/input_BusinessRepfirstName'

2024-03-08 01:37:01 - [TEST_STEP][PASSED] - setText(findTestObject(orPath_TaxPayer + "/input_BusinessReplastName"), " "): Text ' ' is set on object 'Object Repository/RAD_Pages/Taxpayer_Page/input_BusinessReplastName'

2024-03-08 01:37:02 - [MESSAGE][PASSED] - Text ' ' is set on object 'Object Repository/RAD_Pages/Taxpayer_Page/input_BusinessReplastName'

2024-03-08 01:37:02 - [TEST_STEP][PASSED] - setText(findTestObject(orPath_AddressContact + "/input_streetAddress1"), " "): Text ' ' is set on object 'Object Repository/RAD_Pages/AddressAndContactInfo_Page/input_streetAddress1'

2024-03-08 01:37:03 - [MESSAGE][PASSED] - Text ' ' is set on object 'Object Repository/RAD_Pages/AddressAndContactInfo_Page/input_streetAddress1'

2024-03-08 01:37:03 - [TEST_STEP][PASSED] - setText(findTestObject(orPath_AddressContact + "/input_city"), " "): Text ' ' is set on object 'Object Repository/RAD_Pages/AddressAndContactInfo_Page/input_city'

2024-03-08 01:37:03 - [MESSAGE][PASSED] - Text ' ' is set on object 'Object Repository/RAD_Pages/AddressAndContactInfo_Page/input_city'

2024-03-08 01:37:03 - [TEST_STEP][PASSED] - setText(findTestObject(orPath_AddressContact + "/input_zipCode"), " "): Text ' ' is set on object 'Object Repository/RAD_Pages/AddressAndContactInfo_Page/input_zipCode'

2024-03-08 01:37:04 - [MESSAGE][PASSED] - Text ' ' is set on object 'Object Repository/RAD_Pages/AddressAndContactInfo_Page/input_zipCode'

2024-03-08 01:37:04 - [TEST_STEP][PASSED] - setText(findTestObject(orPath_AddressContact + "/input_phoneNumber"), " "): Text ' ' is set on object 'Object Repository/RAD_Pages/AddressAndContactInfo_Page/input_phoneNumber'

2024-03-08 01:37:05 - [MESSAGE][PASSED] - Text ' ' is set on object 'Object Repository/RAD_Pages/AddressAndContactInfo_Page/input_phoneNumber'

2024-03-08 01:37:05 - [TEST_STEP][PASSED] - setText(findTestObject(orPath_AddressContact + "/input_eMailAddress"), " "): Text ' ' is set on object 'Object Repository/RAD_Pages/AddressAndContactInfo_Page/input_eMailAddress'

2024-03-08 01:37:05 - [MESSAGE][PASSED] - Text ' ' is set on object 'Object Repository/RAD_Pages/AddressAndContactInfo_Page/input_eMailAddress'

2024-03-08 01:37:05 - [TEST_STEP][PASSED] - setText(findTestObject(orPath_AddressContact + "/input_reEnterEMailAddress"), " "): Text ' ' is set on object 'Object Repository/RAD_Pages/AddressAndContactInfo_Page/input_reEnterEMailAddress'

2024-03-08 01:37:06 - [MESSAGE][PASSED] - Text ' ' is set on object 'Object Repository/RAD_Pages/AddressAndContactInfo_Page/input_reEnterEMailAddress'

2024-03-08 01:37:06 - [TEST_STEP][PASSED] - if (TaxType.equalsIgnoreCase("Estate Tax")): null

2024-03-08 01:37:06 - [TEST_STEP][PASSED] - setText(findTestObject(orPath_Amount + "/input__paymentAmount"), ""): Text '' is set on object 'Object Repository/RAD_Pages/PaymentAmount_Page/input__paymentAmount'

2024-03-08 01:37:07 - [MESSAGE][PASSED] - Text '' is set on object 'Object Repository/RAD_Pages/PaymentAmount_Page/input__paymentAmount'

2024-03-08 01:37:07 - [TEST_STEP][PASSED] - resText = "Fail": null

2024-03-08 01:37:07 - [TEST_STEP][PASSED] - pages.WriteExcel.demoKey(resText, datText, resColumn, datCloumn, fileLoc, nameSheet, row): pages.WriteExcel.demoKey is PASSED

2024-03-08 01:37:07 - [MESSAGE][PASSED] - pages.WriteExcel.demoKey is PASSED

2024-03-08 01:37:07 - [TEST_STEP][PASSED] - verifyTextPresent("Enter business name", true, CONTINUE_ON_FAILURE): Text 'Enter business name' is present on page  using regular expression

2024-03-08 01:37:08 - [MESSAGE][PASSED] - Text 'Enter business name' is present on page  using regular expression

2024-03-08 01:37:08 - [TEST_STEP][PASSED] - verifyTextPresent("Enter business rep first name", true, CONTINUE_ON_FAILURE): Text 'Enter business rep first name' is present on page  using regular expression

2024-03-08 01:37:08 - [MESSAGE][PASSED] - Text 'Enter business rep first name' is present on page  using regular expression

2024-03-08 01:37:08 - [TEST_STEP][PASSED] - verifyTextPresent("Enter business rep last name", true, CONTINUE_ON_FAILURE): Text 'Enter business rep last name' is present on page  using regular expression

2024-03-08 01:37:08 - [MESSAGE][PASSED] - Text 'Enter business rep last name' is present on page  using regular expression

2024-03-08 01:37:08 - [TEST_STEP][PASSED] - verifyTextPresent("Enter address", true, CONTINUE_ON_FAILURE): Text 'Enter address' is present on page  using regular expression

2024-03-08 01:37:09 - [MESSAGE][PASSED] - Text 'Enter address' is present on page  using regular expression

2024-03-08 01:37:09 - [TEST_STEP][PASSED] - verifyTextPresent("Enter city", true, CONTINUE_ON_FAILURE): Text 'Enter city' is present on page  using regular expression

2024-03-08 01:37:09 - [MESSAGE][PASSED] - Text 'Enter city' is present on page  using regular expression

2024-03-08 01:37:09 - [TEST_STEP][PASSED] - verifyTextPresent("Enter ZIP code", true, CONTINUE_ON_FAILURE): Text 'Enter ZIP code' is present on page  using regular expression

2024-03-08 01:37:09 - [MESSAGE][PASSED] - Text 'Enter ZIP code' is present on page  using regular expression

2024-03-08 01:37:09 - [TEST_STEP][PASSED] - verifyTextPresent("Enter a valid phone number", true, CONTINUE_ON_FAILURE): Text 'Enter a valid phone number' is present on page  using regular expression

2024-03-08 01:37:10 - [MESSAGE][PASSED] - Text 'Enter a valid phone number' is present on page  using regular expression

2024-03-08 01:37:10 - [TEST_STEP][PASSED] - verifyTextPresent("Enter Email", true, CONTINUE_ON_FAILURE): Text 'Enter Email' is present on page  using regular expression

2024-03-08 01:37:10 - [MESSAGE][PASSED] - Text 'Enter Email' is present on page  using regular expression

2024-03-08 01:37:10 - [TEST_STEP][PASSED] - if (TaxType.equalsIgnoreCase("Estate Tax")): null

2024-03-08 01:37:10 - [TEST_STEP][PASSED] - if (CRN.equalsIgnoreCase("Y")): null

2024-03-08 01:37:10 - [TEST_STEP][PASSED] - resText = "Pass": null

2024-03-08 01:37:10 - [TEST_STEP][PASSED] - pages.WriteExcel.demoKey(resText, datText, resColumn, datCloumn, fileLoc, nameSheet, row): pages.WriteExcel.demoKey is PASSED

2024-03-08 01:37:10 - [MESSAGE][PASSED] - pages.WriteExcel.demoKey is PASSED

2024-03-08 01:37:10 - [TEST_STEP][PASSED] - ExecuteTC = findTestData(dataFile).getValue("Execute", row): null

2024-03-08 01:37:10 - [TEST_STEP][PASSED] - TaxType = findTestData(dataFile).getValue("TaxType", row): null

2024-03-08 01:37:10 - [TEST_STEP][PASSED] - PaymentType = findTestData(dataFile).getValue("PaymentType", row): null

2024-03-08 01:37:10 - [TEST_STEP][PASSED] - FilingYear = findTestData(dataFile).getValue("Year", row): null

2024-03-08 01:37:10 - [TEST_STEP][PASSED] - feinSSN = findTestData(dataFile).getValue("FeinSsn", row): null

2024-03-08 01:37:10 - [TEST_STEP][PASSED] - CRN = findTestData(dataFile).getValue("CRN", row): null

2024-03-08 01:37:10 - [TEST_STEP][PASSED] - if (ExecuteTC.equalsIgnoreCase("Y")): pages.WriteExcel.demoKey is PASSED

2024-03-08 01:37:10 - [TEST_STEP][PASSED] - out.println("Begin Record Number: " + row): null

2024-03-08 01:37:10 - [TEST_STEP][PASSED] - today = new java.util.Date(): null

2024-03-08 01:37:10 - [TEST_STEP][PASSED] - println(today): null

2024-03-08 01:37:10 - [TEST_STEP][PASSED] - datText = today: null

2024-03-08 01:37:10 - [TEST_STEP][PASSED] - logInfo("Payment Type: New Tax Return Amount Due"): Payment Type: New Tax Return Amount Due

2024-03-08 01:37:10 - [MESSAGE][INFO] - Payment Type: New Tax Return Amount Due

2024-03-08 01:37:10 - [TEST_STEP][PASSED] - logInfo("Tax Type: " + TaxType): Tax Type: PTE Non-Electing S Corp

2024-03-08 01:37:10 - [MESSAGE][INFO] - Tax Type: PTE Non-Electing S Corp

2024-03-08 01:37:10 - [TEST_STEP][PASSED] - openBrowser(""): Browser is opened with url: ''

2024-03-08 01:37:10 - [MESSAGE][WARNING] - A browser is already opened. Closing browser and opening a new one

2024-03-08 01:37:30 - [MESSAGE][INFO] - Starting 'Chrome' driver

2024-03-08 01:37:30 - [MESSAGE][INFO] - User set preference: ['acceptInsecureCerts', 'true']

2024-03-08 01:37:30 - [MESSAGE][INFO] - Action delay is set to 0 milliseconds

2024-03-08 01:37:31 - [MESSAGE][PASSED] - Browser is opened with url: ''

2024-03-08 01:37:31 - [TEST_STEP][PASSED] - maximizeWindow(): Current window maximized

2024-03-08 01:37:31 - [MESSAGE][PASSED] - Current window maximized

2024-03-08 01:37:31 - [TEST_STEP][PASSED] - navigateToUrl(RADurl): Navigate to 'https://qa2.velocitypayment.com/client/rad/index.html' successfully

2024-03-08 01:37:38 - [MESSAGE][PASSED] - Navigate to 'https://qa2.velocitypayment.com/client/rad/index.html' successfully

2024-03-08 01:37:38 - [TEST_STEP][PASSED] - selectOptionByLabel(findTestObject(orPath_Landing + "/dd_TaxType"), "New Tax Return Amount Due", false): All options with label 'New Tax Return Amount Due' are selected in object 'Object Repository/RAD_Pages/Landing_Page/dd_TaxType' 

2024-03-08 01:37:39 - [MESSAGE][PASSED] - All options with label 'New Tax Return Amount Due' are selected in object 'Object Repository/RAD_Pages/Landing_Page/dd_TaxType' 

2024-03-08 01:37:39 - [TEST_STEP][PASSED] - selectOptionByLabel(findTestObject("Object Repository/RAD_Pages/Landing_Page/select_NewTaxReturnAmountDue_TaxType"), TaxType, false): All options with label 'PTE Non-Electing S Corp' are selected in object 'Object Repository/RAD_Pages/Landing_Page/select_NewTaxReturnAmountDue_TaxType' 

2024-03-08 01:37:39 - [MESSAGE][PASSED] - All options with label 'PTE Non-Electing S Corp' are selected in object 'Object Repository/RAD_Pages/Landing_Page/select_NewTaxReturnAmountDue_TaxType' 

2024-03-08 01:37:39 - [TEST_STEP][PASSED] - selectOptionByLabel(findTestObject(orPath_TaxTypeFilingYear + "/select_FilingYear"), FilingYear, false): All options with label '2023' are selected in object 'Object Repository/RAD_Pages/TaxTypeFilingYear_Page/select_FilingYear' 

2024-03-08 01:37:40 - [MESSAGE][PASSED] - All options with label '2023' are selected in object 'Object Repository/RAD_Pages/TaxTypeFilingYear_Page/select_FilingYear' 

2024-03-08 01:37:40 - [TEST_STEP][PASSED] - setText(findTestObject(orPath_TaxPayer + "/input_businessName"), " "): Text ' ' is set on object 'Object Repository/RAD_Pages/Taxpayer_Page/input_businessName'

2024-03-08 01:37:41 - [MESSAGE][PASSED] - Text ' ' is set on object 'Object Repository/RAD_Pages/Taxpayer_Page/input_businessName'

2024-03-08 01:37:41 - [TEST_STEP][PASSED] - setText(findTestObject(orPath_TaxPayer + "/input_BusinessRepfirstName"), " "): Text ' ' is set on object 'Object Repository/RAD_Pages/Taxpayer_Page/input_BusinessRepfirstName'

2024-03-08 01:37:41 - [MESSAGE][PASSED] - Text ' ' is set on object 'Object Repository/RAD_Pages/Taxpayer_Page/input_BusinessRepfirstName'

2024-03-08 01:37:41 - [TEST_STEP][PASSED] - setText(findTestObject(orPath_TaxPayer + "/input_BusinessReplastName"), " "): Text ' ' is set on object 'Object Repository/RAD_Pages/Taxpayer_Page/input_BusinessReplastName'

2024-03-08 01:37:42 - [MESSAGE][PASSED] - Text ' ' is set on object 'Object Repository/RAD_Pages/Taxpayer_Page/input_BusinessReplastName'

2024-03-08 01:37:42 - [TEST_STEP][PASSED] - setText(findTestObject(orPath_AddressContact + "/input_streetAddress1"), " "): Text ' ' is set on object 'Object Repository/RAD_Pages/AddressAndContactInfo_Page/input_streetAddress1'

2024-03-08 01:37:43 - [MESSAGE][PASSED] - Text ' ' is set on object 'Object Repository/RAD_Pages/AddressAndContactInfo_Page/input_streetAddress1'

2024-03-08 01:37:43 - [TEST_STEP][PASSED] - setText(findTestObject(orPath_AddressContact + "/input_city"), " "): Text ' ' is set on object 'Object Repository/RAD_Pages/AddressAndContactInfo_Page/input_city'

2024-03-08 01:37:44 - [MESSAGE][PASSED] - Text ' ' is set on object 'Object Repository/RAD_Pages/AddressAndContactInfo_Page/input_city'

2024-03-08 01:37:44 - [TEST_STEP][PASSED] - setText(findTestObject(orPath_AddressContact + "/input_zipCode"), " "): Text ' ' is set on object 'Object Repository/RAD_Pages/AddressAndContactInfo_Page/input_zipCode'

2024-03-08 01:37:44 - [MESSAGE][PASSED] - Text ' ' is set on object 'Object Repository/RAD_Pages/AddressAndContactInfo_Page/input_zipCode'

2024-03-08 01:37:44 - [TEST_STEP][PASSED] - setText(findTestObject(orPath_AddressContact + "/input_phoneNumber"), " "): Text ' ' is set on object 'Object Repository/RAD_Pages/AddressAndContactInfo_Page/input_phoneNumber'

2024-03-08 01:37:45 - [MESSAGE][PASSED] - Text ' ' is set on object 'Object Repository/RAD_Pages/AddressAndContactInfo_Page/input_phoneNumber'

2024-03-08 01:37:45 - [TEST_STEP][PASSED] - setText(findTestObject(orPath_AddressContact + "/input_eMailAddress"), " "): Text ' ' is set on object 'Object Repository/RAD_Pages/AddressAndContactInfo_Page/input_eMailAddress'

2024-03-08 01:37:46 - [MESSAGE][PASSED] - Text ' ' is set on object 'Object Repository/RAD_Pages/AddressAndContactInfo_Page/input_eMailAddress'

2024-03-08 01:37:46 - [TEST_STEP][PASSED] - setText(findTestObject(orPath_AddressContact + "/input_reEnterEMailAddress"), " "): Text ' ' is set on object 'Object Repository/RAD_Pages/AddressAndContactInfo_Page/input_reEnterEMailAddress'

2024-03-08 01:37:46 - [MESSAGE][PASSED] - Text ' ' is set on object 'Object Repository/RAD_Pages/AddressAndContactInfo_Page/input_reEnterEMailAddress'

2024-03-08 01:37:46 - [TEST_STEP][PASSED] - if (TaxType.equalsIgnoreCase("Estate Tax")): null

2024-03-08 01:37:46 - [TEST_STEP][PASSED] - setText(findTestObject(orPath_Amount + "/input__paymentAmount"), ""): Text '' is set on object 'Object Repository/RAD_Pages/PaymentAmount_Page/input__paymentAmount'

2024-03-08 01:37:47 - [MESSAGE][PASSED] - Text '' is set on object 'Object Repository/RAD_Pages/PaymentAmount_Page/input__paymentAmount'

2024-03-08 01:37:47 - [TEST_STEP][PASSED] - resText = "Fail": null

2024-03-08 01:37:47 - [TEST_STEP][PASSED] - pages.WriteExcel.demoKey(resText, datText, resColumn, datCloumn, fileLoc, nameSheet, row): pages.WriteExcel.demoKey is PASSED

2024-03-08 01:37:47 - [MESSAGE][PASSED] - pages.WriteExcel.demoKey is PASSED

2024-03-08 01:37:47 - [TEST_STEP][PASSED] - verifyTextPresent("Enter business name", true, CONTINUE_ON_FAILURE): Text 'Enter business name' is present on page  using regular expression

2024-03-08 01:37:48 - [MESSAGE][PASSED] - Text 'Enter business name' is present on page  using regular expression

2024-03-08 01:37:48 - [TEST_STEP][PASSED] - verifyTextPresent("Enter business rep first name", true, CONTINUE_ON_FAILURE): Text 'Enter business rep first name' is present on page  using regular expression

2024-03-08 01:37:48 - [MESSAGE][PASSED] - Text 'Enter business rep first name' is present on page  using regular expression

2024-03-08 01:37:48 - [TEST_STEP][PASSED] - verifyTextPresent("Enter business rep last name", true, CONTINUE_ON_FAILURE): Text 'Enter business rep last name' is present on page  using regular expression

2024-03-08 01:37:48 - [MESSAGE][PASSED] - Text 'Enter business rep last name' is present on page  using regular expression

2024-03-08 01:37:48 - [TEST_STEP][PASSED] - verifyTextPresent("Enter address", true, CONTINUE_ON_FAILURE): Text 'Enter address' is present on page  using regular expression

2024-03-08 01:37:49 - [MESSAGE][PASSED] - Text 'Enter address' is present on page  using regular expression

2024-03-08 01:37:49 - [TEST_STEP][PASSED] - verifyTextPresent("Enter city", true, CONTINUE_ON_FAILURE): Text 'Enter city' is present on page  using regular expression

2024-03-08 01:37:49 - [MESSAGE][PASSED] - Text 'Enter city' is present on page  using regular expression

2024-03-08 01:37:49 - [TEST_STEP][PASSED] - verifyTextPresent("Enter ZIP code", true, CONTINUE_ON_FAILURE): Text 'Enter ZIP code' is present on page  using regular expression

2024-03-08 01:37:50 - [MESSAGE][PASSED] - Text 'Enter ZIP code' is present on page  using regular expression

2024-03-08 01:37:50 - [TEST_STEP][PASSED] - verifyTextPresent("Enter a valid phone number", true, CONTINUE_ON_FAILURE): Text 'Enter a valid phone number' is present on page  using regular expression

2024-03-08 01:37:50 - [MESSAGE][PASSED] - Text 'Enter a valid phone number' is present on page  using regular expression

2024-03-08 01:37:50 - [TEST_STEP][PASSED] - verifyTextPresent("Enter Email", true, CONTINUE_ON_FAILURE): Text 'Enter Email' is present on page  using regular expression

2024-03-08 01:37:50 - [MESSAGE][PASSED] - Text 'Enter Email' is present on page  using regular expression

2024-03-08 01:37:50 - [TEST_STEP][PASSED] - if (TaxType.equalsIgnoreCase("Estate Tax")): null

2024-03-08 01:37:50 - [TEST_STEP][PASSED] - if (CRN.equalsIgnoreCase("Y")): null

2024-03-08 01:37:50 - [TEST_STEP][PASSED] - resText = "Pass": null

2024-03-08 01:37:50 - [TEST_STEP][PASSED] - pages.WriteExcel.demoKey(resText, datText, resColumn, datCloumn, fileLoc, nameSheet, row): pages.WriteExcel.demoKey is PASSED

2024-03-08 01:37:50 - [MESSAGE][PASSED] - pages.WriteExcel.demoKey is PASSED

2024-03-08 01:37:50 - [TEST_STEP][PASSED] - ExecuteTC = findTestData(dataFile).getValue("Execute", row): null

2024-03-08 01:37:50 - [TEST_STEP][PASSED] - TaxType = findTestData(dataFile).getValue("TaxType", row): null

2024-03-08 01:37:50 - [TEST_STEP][PASSED] - PaymentType = findTestData(dataFile).getValue("PaymentType", row): null

2024-03-08 01:37:51 - [TEST_STEP][PASSED] - FilingYear = findTestData(dataFile).getValue("Year", row): null

2024-03-08 01:37:51 - [TEST_STEP][PASSED] - feinSSN = findTestData(dataFile).getValue("FeinSsn", row): null

2024-03-08 01:37:51 - [TEST_STEP][PASSED] - CRN = findTestData(dataFile).getValue("CRN", row): null

2024-03-08 01:37:51 - [TEST_STEP][PASSED] - if (ExecuteTC.equalsIgnoreCase("Y")): pages.WriteExcel.demoKey is PASSED

2024-03-08 01:37:51 - [TEST_STEP][PASSED] - out.println("Begin Record Number: " + row): null

2024-03-08 01:37:51 - [TEST_STEP][PASSED] - today = new java.util.Date(): null

2024-03-08 01:37:51 - [TEST_STEP][PASSED] - println(today): null

2024-03-08 01:37:51 - [TEST_STEP][PASSED] - datText = today: null

2024-03-08 01:37:51 - [TEST_STEP][PASSED] - logInfo("Payment Type: New Tax Return Amount Due"): Payment Type: New Tax Return Amount Due

2024-03-08 01:37:51 - [MESSAGE][INFO] - Payment Type: New Tax Return Amount Due

2024-03-08 01:37:51 - [TEST_STEP][PASSED] - logInfo("Tax Type: " + TaxType): Tax Type: PTE Tax Electing Non-S Corp

2024-03-08 01:37:51 - [MESSAGE][INFO] - Tax Type: PTE Tax Electing Non-S Corp

2024-03-08 01:37:51 - [TEST_STEP][PASSED] - openBrowser(""): Browser is opened with url: ''

2024-03-08 01:37:51 - [MESSAGE][WARNING] - A browser is already opened. Closing browser and opening a new one

2024-03-08 01:38:24 - [MESSAGE][INFO] - Starting 'Chrome' driver

2024-03-08 01:38:24 - [MESSAGE][INFO] - User set preference: ['acceptInsecureCerts', 'true']

2024-03-08 01:38:24 - [MESSAGE][INFO] - Action delay is set to 0 milliseconds

2024-03-08 01:38:26 - [MESSAGE][PASSED] - Browser is opened with url: ''

2024-03-08 01:38:26 - [TEST_STEP][PASSED] - maximizeWindow(): Current window maximized

2024-03-08 01:38:26 - [MESSAGE][PASSED] - Current window maximized

2024-03-08 01:38:26 - [TEST_STEP][PASSED] - navigateToUrl(RADurl): Navigate to 'https://qa2.velocitypayment.com/client/rad/index.html' successfully

2024-03-08 01:38:38 - [MESSAGE][PASSED] - Navigate to 'https://qa2.velocitypayment.com/client/rad/index.html' successfully

2024-03-08 01:38:38 - [TEST_STEP][PASSED] - selectOptionByLabel(findTestObject(orPath_Landing + "/dd_TaxType"), "New Tax Return Amount Due", false): All options with label 'New Tax Return Amount Due' are selected in object 'Object Repository/RAD_Pages/Landing_Page/dd_TaxType' 

2024-03-08 01:38:39 - [MESSAGE][PASSED] - All options with label 'New Tax Return Amount Due' are selected in object 'Object Repository/RAD_Pages/Landing_Page/dd_TaxType' 

2024-03-08 01:38:39 - [TEST_STEP][PASSED] - selectOptionByLabel(findTestObject("Object Repository/RAD_Pages/Landing_Page/select_NewTaxReturnAmountDue_TaxType"), TaxType, false): All options with label 'PTE Tax Electing Non-S Corp' are selected in object 'Object Repository/RAD_Pages/Landing_Page/select_NewTaxReturnAmountDue_TaxType' 

2024-03-08 01:38:39 - [MESSAGE][PASSED] - All options with label 'PTE Tax Electing Non-S Corp' are selected in object 'Object Repository/RAD_Pages/Landing_Page/select_NewTaxReturnAmountDue_TaxType' 

2024-03-08 01:38:39 - [TEST_STEP][PASSED] - selectOptionByLabel(findTestObject(orPath_TaxTypeFilingYear + "/select_FilingYear"), FilingYear, false): All options with label '2023' are selected in object 'Object Repository/RAD_Pages/TaxTypeFilingYear_Page/select_FilingYear' 

2024-03-08 01:38:40 - [MESSAGE][PASSED] - All options with label '2023' are selected in object 'Object Repository/RAD_Pages/TaxTypeFilingYear_Page/select_FilingYear' 

2024-03-08 01:38:40 - [TEST_STEP][PASSED] - setText(findTestObject(orPath_TaxPayer + "/input_businessName"), " "): Text ' ' is set on object 'Object Repository/RAD_Pages/Taxpayer_Page/input_businessName'

2024-03-08 01:38:41 - [MESSAGE][PASSED] - Text ' ' is set on object 'Object Repository/RAD_Pages/Taxpayer_Page/input_businessName'

2024-03-08 01:38:41 - [TEST_STEP][PASSED] - setText(findTestObject(orPath_TaxPayer + "/input_BusinessRepfirstName"), " "): Text ' ' is set on object 'Object Repository/RAD_Pages/Taxpayer_Page/input_BusinessRepfirstName'

2024-03-08 01:38:42 - [MESSAGE][PASSED] - Text ' ' is set on object 'Object Repository/RAD_Pages/Taxpayer_Page/input_BusinessRepfirstName'

2024-03-08 01:38:42 - [TEST_STEP][PASSED] - setText(findTestObject(orPath_TaxPayer + "/input_BusinessReplastName"), " "): Text ' ' is set on object 'Object Repository/RAD_Pages/Taxpayer_Page/input_BusinessReplastName'

2024-03-08 01:38:42 - [MESSAGE][PASSED] - Text ' ' is set on object 'Object Repository/RAD_Pages/Taxpayer_Page/input_BusinessReplastName'

2024-03-08 01:38:42 - [TEST_STEP][PASSED] - setText(findTestObject(orPath_AddressContact + "/input_streetAddress1"), " "): Text ' ' is set on object 'Object Repository/RAD_Pages/AddressAndContactInfo_Page/input_streetAddress1'

2024-03-08 01:38:43 - [MESSAGE][PASSED] - Text ' ' is set on object 'Object Repository/RAD_Pages/AddressAndContactInfo_Page/input_streetAddress1'

2024-03-08 01:38:43 - [TEST_STEP][PASSED] - setText(findTestObject(orPath_AddressContact + "/input_city"), " "): Text ' ' is set on object 'Object Repository/RAD_Pages/AddressAndContactInfo_Page/input_city'

2024-03-08 01:38:44 - [MESSAGE][PASSED] - Text ' ' is set on object 'Object Repository/RAD_Pages/AddressAndContactInfo_Page/input_city'

2024-03-08 01:38:44 - [TEST_STEP][PASSED] - setText(findTestObject(orPath_AddressContact + "/input_zipCode"), " "): Text ' ' is set on object 'Object Repository/RAD_Pages/AddressAndContactInfo_Page/input_zipCode'

2024-03-08 01:38:44 - [MESSAGE][PASSED] - Text ' ' is set on object 'Object Repository/RAD_Pages/AddressAndContactInfo_Page/input_zipCode'

2024-03-08 01:38:44 - [TEST_STEP][PASSED] - setText(findTestObject(orPath_AddressContact + "/input_phoneNumber"), " "): Text ' ' is set on object 'Object Repository/RAD_Pages/AddressAndContactInfo_Page/input_phoneNumber'

2024-03-08 01:38:45 - [MESSAGE][PASSED] - Text ' ' is set on object 'Object Repository/RAD_Pages/AddressAndContactInfo_Page/input_phoneNumber'

2024-03-08 01:38:45 - [TEST_STEP][PASSED] - setText(findTestObject(orPath_AddressContact + "/input_eMailAddress"), " "): Text ' ' is set on object 'Object Repository/RAD_Pages/AddressAndContactInfo_Page/input_eMailAddress'

2024-03-08 01:38:46 - [MESSAGE][PASSED] - Text ' ' is set on object 'Object Repository/RAD_Pages/AddressAndContactInfo_Page/input_eMailAddress'

2024-03-08 01:38:46 - [TEST_STEP][PASSED] - setText(findTestObject(orPath_AddressContact + "/input_reEnterEMailAddress"), " "): Text ' ' is set on object 'Object Repository/RAD_Pages/AddressAndContactInfo_Page/input_reEnterEMailAddress'

2024-03-08 01:38:47 - [MESSAGE][PASSED] - Text ' ' is set on object 'Object Repository/RAD_Pages/AddressAndContactInfo_Page/input_reEnterEMailAddress'

2024-03-08 01:38:47 - [TEST_STEP][PASSED] - if (TaxType.equalsIgnoreCase("Estate Tax")): null

2024-03-08 01:38:47 - [TEST_STEP][PASSED] - setText(findTestObject(orPath_Amount + "/input__paymentAmount"), ""): Text '' is set on object 'Object Repository/RAD_Pages/PaymentAmount_Page/input__paymentAmount'

2024-03-08 01:38:47 - [MESSAGE][PASSED] - Text '' is set on object 'Object Repository/RAD_Pages/PaymentAmount_Page/input__paymentAmount'

2024-03-08 01:38:47 - [TEST_STEP][PASSED] - resText = "Fail": null

2024-03-08 01:38:47 - [TEST_STEP][PASSED] - pages.WriteExcel.demoKey(resText, datText, resColumn, datCloumn, fileLoc, nameSheet, row): pages.WriteExcel.demoKey is PASSED

2024-03-08 01:38:47 - [MESSAGE][PASSED] - pages.WriteExcel.demoKey is PASSED

2024-03-08 01:38:47 - [TEST_STEP][PASSED] - verifyTextPresent("Enter business name", true, CONTINUE_ON_FAILURE): Text 'Enter business name' is present on page  using regular expression

2024-03-08 01:38:48 - [MESSAGE][PASSED] - Text 'Enter business name' is present on page  using regular expression

2024-03-08 01:38:48 - [TEST_STEP][PASSED] - verifyTextPresent("Enter business rep first name", true, CONTINUE_ON_FAILURE): Text 'Enter business rep first name' is present on page  using regular expression

2024-03-08 01:38:48 - [MESSAGE][PASSED] - Text 'Enter business rep first name' is present on page  using regular expression

2024-03-08 01:38:48 - [TEST_STEP][PASSED] - verifyTextPresent("Enter business rep last name", true, CONTINUE_ON_FAILURE): Text 'Enter business rep last name' is present on page  using regular expression

2024-03-08 01:38:49 - [MESSAGE][PASSED] - Text 'Enter business rep last name' is present on page  using regular expression

2024-03-08 01:38:49 - [TEST_STEP][PASSED] - verifyTextPresent("Enter address", true, CONTINUE_ON_FAILURE): Text 'Enter address' is present on page  using regular expression

2024-03-08 01:38:49 - [MESSAGE][PASSED] - Text 'Enter address' is present on page  using regular expression

2024-03-08 01:38:49 - [TEST_STEP][PASSED] - verifyTextPresent("Enter city", true, CONTINUE_ON_FAILURE): Text 'Enter city' is present on page  using regular expression

2024-03-08 01:38:49 - [MESSAGE][PASSED] - Text 'Enter city' is present on page  using regular expression

2024-03-08 01:38:49 - [TEST_STEP][PASSED] - verifyTextPresent("Enter ZIP code", true, CONTINUE_ON_FAILURE): Text 'Enter ZIP code' is present on page  using regular expression

2024-03-08 01:38:50 - [MESSAGE][PASSED] - Text 'Enter ZIP code' is present on page  using regular expression

2024-03-08 01:38:50 - [TEST_STEP][PASSED] - verifyTextPresent("Enter a valid phone number", true, CONTINUE_ON_FAILURE): Text 'Enter a valid phone number' is present on page  using regular expression

2024-03-08 01:38:50 - [MESSAGE][PASSED] - Text 'Enter a valid phone number' is present on page  using regular expression

2024-03-08 01:38:50 - [TEST_STEP][PASSED] - verifyTextPresent("Enter Email", true, CONTINUE_ON_FAILURE): Text 'Enter Email' is present on page  using regular expression

2024-03-08 01:38:50 - [MESSAGE][PASSED] - Text 'Enter Email' is present on page  using regular expression

2024-03-08 01:38:50 - [TEST_STEP][PASSED] - if (TaxType.equalsIgnoreCase("Estate Tax")): null

2024-03-08 01:38:50 - [TEST_STEP][PASSED] - if (CRN.equalsIgnoreCase("Y")): null

2024-03-08 01:38:50 - [TEST_STEP][PASSED] - resText = "Pass": null

2024-03-08 01:38:50 - [TEST_STEP][PASSED] - pages.WriteExcel.demoKey(resText, datText, resColumn, datCloumn, fileLoc, nameSheet, row): pages.WriteExcel.demoKey is PASSED

2024-03-08 01:38:50 - [MESSAGE][PASSED] - pages.WriteExcel.demoKey is PASSED

2024-03-08 01:38:50 - [TEST_STEP][PASSED] - ExecuteTC = findTestData(dataFile).getValue("Execute", row): null

2024-03-08 01:38:51 - [TEST_STEP][PASSED] - TaxType = findTestData(dataFile).getValue("TaxType", row): null

2024-03-08 01:38:51 - [TEST_STEP][PASSED] - PaymentType = findTestData(dataFile).getValue("PaymentType", row): null

2024-03-08 01:38:51 - [TEST_STEP][PASSED] - FilingYear = findTestData(dataFile).getValue("Year", row): null

2024-03-08 01:38:51 - [TEST_STEP][PASSED] - feinSSN = findTestData(dataFile).getValue("FeinSsn", row): null

2024-03-08 01:38:51 - [TEST_STEP][PASSED] - CRN = findTestData(dataFile).getValue("CRN", row): null

2024-03-08 01:38:51 - [TEST_STEP][PASSED] - if (ExecuteTC.equalsIgnoreCase("Y")): pages.WriteExcel.demoKey is PASSED

2024-03-08 01:38:51 - [TEST_STEP][PASSED] - out.println("Begin Record Number: " + row): null

2024-03-08 01:38:51 - [TEST_STEP][PASSED] - today = new java.util.Date(): null

2024-03-08 01:38:51 - [TEST_STEP][PASSED] - println(today): null

2024-03-08 01:38:51 - [TEST_STEP][PASSED] - datText = today: null

2024-03-08 01:38:51 - [TEST_STEP][PASSED] - logInfo("Payment Type: New Tax Return Amount Due"): Payment Type: New Tax Return Amount Due

2024-03-08 01:38:51 - [MESSAGE][INFO] - Payment Type: New Tax Return Amount Due

2024-03-08 01:38:51 - [TEST_STEP][PASSED] - logInfo("Tax Type: " + TaxType): Tax Type: PTE Tax Electing S Corp

2024-03-08 01:38:51 - [MESSAGE][INFO] - Tax Type: PTE Tax Electing S Corp

2024-03-08 01:38:51 - [TEST_STEP][PASSED] - openBrowser(""): Browser is opened with url: ''

2024-03-08 01:38:51 - [MESSAGE][WARNING] - A browser is already opened. Closing browser and opening a new one

2024-03-08 01:39:20 - [MESSAGE][INFO] - Starting 'Chrome' driver

2024-03-08 01:39:20 - [MESSAGE][INFO] - User set preference: ['acceptInsecureCerts', 'true']

2024-03-08 01:39:20 - [MESSAGE][INFO] - Action delay is set to 0 milliseconds

2024-03-08 01:39:22 - [MESSAGE][PASSED] - Browser is opened with url: ''

2024-03-08 01:39:22 - [TEST_STEP][PASSED] - maximizeWindow(): Current window maximized

2024-03-08 01:39:22 - [MESSAGE][PASSED] - Current window maximized

2024-03-08 01:39:22 - [TEST_STEP][PASSED] - navigateToUrl(RADurl): Navigate to 'https://qa2.velocitypayment.com/client/rad/index.html' successfully

2024-03-08 01:39:28 - [MESSAGE][PASSED] - Navigate to 'https://qa2.velocitypayment.com/client/rad/index.html' successfully

2024-03-08 01:39:28 - [TEST_STEP][PASSED] - selectOptionByLabel(findTestObject(orPath_Landing + "/dd_TaxType"), "New Tax Return Amount Due", false): All options with label 'New Tax Return Amount Due' are selected in object 'Object Repository/RAD_Pages/Landing_Page/dd_TaxType' 

2024-03-08 01:39:29 - [MESSAGE][PASSED] - All options with label 'New Tax Return Amount Due' are selected in object 'Object Repository/RAD_Pages/Landing_Page/dd_TaxType' 

2024-03-08 01:39:29 - [TEST_STEP][PASSED] - selectOptionByLabel(findTestObject("Object Repository/RAD_Pages/Landing_Page/select_NewTaxReturnAmountDue_TaxType"), TaxType, false): All options with label 'PTE Tax Electing S Corp' are selected in object 'Object Repository/RAD_Pages/Landing_Page/select_NewTaxReturnAmountDue_TaxType' 

2024-03-08 01:39:30 - [MESSAGE][PASSED] - All options with label 'PTE Tax Electing S Corp' are selected in object 'Object Repository/RAD_Pages/Landing_Page/select_NewTaxReturnAmountDue_TaxType' 

2024-03-08 01:39:30 - [TEST_STEP][PASSED] - selectOptionByLabel(findTestObject(orPath_TaxTypeFilingYear + "/select_FilingYear"), FilingYear, false): All options with label '2023' are selected in object 'Object Repository/RAD_Pages/TaxTypeFilingYear_Page/select_FilingYear' 

2024-03-08 01:39:30 - [MESSAGE][PASSED] - All options with label '2023' are selected in object 'Object Repository/RAD_Pages/TaxTypeFilingYear_Page/select_FilingYear' 

2024-03-08 01:39:30 - [TEST_STEP][PASSED] - setText(findTestObject(orPath_TaxPayer + "/input_businessName"), " "): Text ' ' is set on object 'Object Repository/RAD_Pages/Taxpayer_Page/input_businessName'

2024-03-08 01:39:31 - [MESSAGE][PASSED] - Text ' ' is set on object 'Object Repository/RAD_Pages/Taxpayer_Page/input_businessName'

2024-03-08 01:39:31 - [TEST_STEP][PASSED] - setText(findTestObject(orPath_TaxPayer + "/input_BusinessRepfirstName"), " "): Text ' ' is set on object 'Object Repository/RAD_Pages/Taxpayer_Page/input_BusinessRepfirstName'

2024-03-08 01:39:32 - [MESSAGE][PASSED] - Text ' ' is set on object 'Object Repository/RAD_Pages/Taxpayer_Page/input_BusinessRepfirstName'

2024-03-08 01:39:32 - [TEST_STEP][PASSED] - setText(findTestObject(orPath_TaxPayer + "/input_BusinessReplastName"), " "): Text ' ' is set on object 'Object Repository/RAD_Pages/Taxpayer_Page/input_BusinessReplastName'

2024-03-08 01:39:33 - [MESSAGE][PASSED] - Text ' ' is set on object 'Object Repository/RAD_Pages/Taxpayer_Page/input_BusinessReplastName'

2024-03-08 01:39:33 - [TEST_STEP][PASSED] - setText(findTestObject(orPath_AddressContact + "/input_streetAddress1"), " "): Text ' ' is set on object 'Object Repository/RAD_Pages/AddressAndContactInfo_Page/input_streetAddress1'

2024-03-08 01:39:33 - [MESSAGE][PASSED] - Text ' ' is set on object 'Object Repository/RAD_Pages/AddressAndContactInfo_Page/input_streetAddress1'

2024-03-08 01:39:33 - [TEST_STEP][PASSED] - setText(findTestObject(orPath_AddressContact + "/input_city"), " "): Text ' ' is set on object 'Object Repository/RAD_Pages/AddressAndContactInfo_Page/input_city'

2024-03-08 01:39:34 - [MESSAGE][PASSED] - Text ' ' is set on object 'Object Repository/RAD_Pages/AddressAndContactInfo_Page/input_city'

2024-03-08 01:39:34 - [TEST_STEP][PASSED] - setText(findTestObject(orPath_AddressContact + "/input_zipCode"), " "): Text ' ' is set on object 'Object Repository/RAD_Pages/AddressAndContactInfo_Page/input_zipCode'

2024-03-08 01:39:35 - [MESSAGE][PASSED] - Text ' ' is set on object 'Object Repository/RAD_Pages/AddressAndContactInfo_Page/input_zipCode'

2024-03-08 01:39:35 - [TEST_STEP][PASSED] - setText(findTestObject(orPath_AddressContact + "/input_phoneNumber"), " "): Text ' ' is set on object 'Object Repository/RAD_Pages/AddressAndContactInfo_Page/input_phoneNumber'

2024-03-08 01:39:36 - [MESSAGE][PASSED] - Text ' ' is set on object 'Object Repository/RAD_Pages/AddressAndContactInfo_Page/input_phoneNumber'

2024-03-08 01:39:36 - [TEST_STEP][PASSED] - setText(findTestObject(orPath_AddressContact + "/input_eMailAddress"), " "): Text ' ' is set on object 'Object Repository/RAD_Pages/AddressAndContactInfo_Page/input_eMailAddress'

2024-03-08 01:39:36 - [MESSAGE][PASSED] - Text ' ' is set on object 'Object Repository/RAD_Pages/AddressAndContactInfo_Page/input_eMailAddress'

2024-03-08 01:39:36 - [TEST_STEP][PASSED] - setText(findTestObject(orPath_AddressContact + "/input_reEnterEMailAddress"), " "): Text ' ' is set on object 'Object Repository/RAD_Pages/AddressAndContactInfo_Page/input_reEnterEMailAddress'

2024-03-08 01:39:37 - [MESSAGE][PASSED] - Text ' ' is set on object 'Object Repository/RAD_Pages/AddressAndContactInfo_Page/input_reEnterEMailAddress'

2024-03-08 01:39:37 - [TEST_STEP][PASSED] - if (TaxType.equalsIgnoreCase("Estate Tax")): null

2024-03-08 01:39:37 - [TEST_STEP][PASSED] - setText(findTestObject(orPath_Amount + "/input__paymentAmount"), ""): Text '' is set on object 'Object Repository/RAD_Pages/PaymentAmount_Page/input__paymentAmount'

2024-03-08 01:39:38 - [MESSAGE][PASSED] - Text '' is set on object 'Object Repository/RAD_Pages/PaymentAmount_Page/input__paymentAmount'

2024-03-08 01:39:38 - [TEST_STEP][PASSED] - resText = "Fail": null

2024-03-08 01:39:38 - [TEST_STEP][PASSED] - pages.WriteExcel.demoKey(resText, datText, resColumn, datCloumn, fileLoc, nameSheet, row): pages.WriteExcel.demoKey is PASSED

2024-03-08 01:39:38 - [MESSAGE][PASSED] - pages.WriteExcel.demoKey is PASSED

2024-03-08 01:39:38 - [TEST_STEP][PASSED] - verifyTextPresent("Enter business name", true, CONTINUE_ON_FAILURE): Text 'Enter business name' is present on page  using regular expression

2024-03-08 01:39:38 - [MESSAGE][PASSED] - Text 'Enter business name' is present on page  using regular expression

2024-03-08 01:39:38 - [TEST_STEP][PASSED] - verifyTextPresent("Enter business rep first name", true, CONTINUE_ON_FAILURE): Text 'Enter business rep first name' is present on page  using regular expression

2024-03-08 01:39:39 - [MESSAGE][PASSED] - Text 'Enter business rep first name' is present on page  using regular expression

2024-03-08 01:39:39 - [TEST_STEP][PASSED] - verifyTextPresent("Enter business rep last name", true, CONTINUE_ON_FAILURE): Text 'Enter business rep last name' is present on page  using regular expression

2024-03-08 01:39:39 - [MESSAGE][PASSED] - Text 'Enter business rep last name' is present on page  using regular expression

2024-03-08 01:39:39 - [TEST_STEP][PASSED] - verifyTextPresent("Enter address", true, CONTINUE_ON_FAILURE): Text 'Enter address' is present on page  using regular expression

2024-03-08 01:39:39 - [MESSAGE][PASSED] - Text 'Enter address' is present on page  using regular expression

2024-03-08 01:39:39 - [TEST_STEP][PASSED] - verifyTextPresent("Enter city", true, CONTINUE_ON_FAILURE): Text 'Enter city' is present on page  using regular expression

2024-03-08 01:39:40 - [MESSAGE][PASSED] - Text 'Enter city' is present on page  using regular expression

2024-03-08 01:39:40 - [TEST_STEP][PASSED] - verifyTextPresent("Enter ZIP code", true, CONTINUE_ON_FAILURE): Text 'Enter ZIP code' is present on page  using regular expression

2024-03-08 01:39:40 - [MESSAGE][PASSED] - Text 'Enter ZIP code' is present on page  using regular expression

2024-03-08 01:39:40 - [TEST_STEP][PASSED] - verifyTextPresent("Enter a valid phone number", true, CONTINUE_ON_FAILURE): Text 'Enter a valid phone number' is present on page  using regular expression

2024-03-08 01:39:40 - [MESSAGE][PASSED] - Text 'Enter a valid phone number' is present on page  using regular expression

2024-03-08 01:39:40 - [TEST_STEP][PASSED] - verifyTextPresent("Enter Email", true, CONTINUE_ON_FAILURE): Text 'Enter Email' is present on page  using regular expression

2024-03-08 01:39:41 - [MESSAGE][PASSED] - Text 'Enter Email' is present on page  using regular expression

2024-03-08 01:39:41 - [TEST_STEP][PASSED] - if (TaxType.equalsIgnoreCase("Estate Tax")): null

2024-03-08 01:39:41 - [TEST_STEP][PASSED] - if (CRN.equalsIgnoreCase("Y")): null

2024-03-08 01:39:41 - [TEST_STEP][PASSED] - resText = "Pass": null

2024-03-08 01:39:41 - [TEST_STEP][PASSED] - pages.WriteExcel.demoKey(resText, datText, resColumn, datCloumn, fileLoc, nameSheet, row): pages.WriteExcel.demoKey is PASSED

2024-03-08 01:39:41 - [MESSAGE][PASSED] - pages.WriteExcel.demoKey is PASSED

2024-03-08 01:39:41 - [TEST_STEP][PASSED] - ExecuteTC = findTestData(dataFile).getValue("Execute", row): null

2024-03-08 01:39:41 - [TEST_STEP][PASSED] - TaxType = findTestData(dataFile).getValue("TaxType", row): null

2024-03-08 01:39:41 - [TEST_STEP][PASSED] - PaymentType = findTestData(dataFile).getValue("PaymentType", row): null

2024-03-08 01:39:41 - [TEST_STEP][PASSED] - FilingYear = findTestData(dataFile).getValue("Year", row): null

2024-03-08 01:39:41 - [TEST_STEP][PASSED] - feinSSN = findTestData(dataFile).getValue("FeinSsn", row): null

2024-03-08 01:39:41 - [TEST_STEP][PASSED] - CRN = findTestData(dataFile).getValue("CRN", row): null

2024-03-08 01:39:41 - [TEST_STEP][PASSED] - if (ExecuteTC.equalsIgnoreCase("Y")): pages.WriteExcel.demoKey is PASSED

2024-03-08 01:39:41 - [TEST_STEP][PASSED] - out.println("Begin Record Number: " + row): null

2024-03-08 01:39:41 - [TEST_STEP][PASSED] - today = new java.util.Date(): null

2024-03-08 01:39:41 - [TEST_STEP][PASSED] - println(today): null

2024-03-08 01:39:41 - [TEST_STEP][PASSED] - datText = today: null

2024-03-08 01:39:41 - [TEST_STEP][PASSED] - logInfo("Payment Type: New Tax Return Amount Due"): Payment Type: New Tax Return Amount Due

2024-03-08 01:39:41 - [MESSAGE][INFO] - Payment Type: New Tax Return Amount Due

2024-03-08 01:39:41 - [TEST_STEP][PASSED] - logInfo("Tax Type: " + TaxType): Tax Type: Fiduciary Tax

2024-03-08 01:39:41 - [MESSAGE][INFO] - Tax Type: Fiduciary Tax

2024-03-08 01:39:41 - [TEST_STEP][PASSED] - openBrowser(""): Browser is opened with url: ''

2024-03-08 01:39:41 - [MESSAGE][WARNING] - A browser is already opened. Closing browser and opening a new one

2024-03-08 01:40:11 - [MESSAGE][INFO] - Starting 'Chrome' driver

2024-03-08 01:40:11 - [MESSAGE][INFO] - User set preference: ['acceptInsecureCerts', 'true']

2024-03-08 01:40:11 - [MESSAGE][INFO] - Action delay is set to 0 milliseconds

2024-03-08 01:40:13 - [MESSAGE][PASSED] - Browser is opened with url: ''

2024-03-08 01:40:13 - [TEST_STEP][PASSED] - maximizeWindow(): Current window maximized

2024-03-08 01:40:13 - [MESSAGE][PASSED] - Current window maximized

2024-03-08 01:40:13 - [TEST_STEP][PASSED] - navigateToUrl(RADurl): Navigate to 'https://qa2.velocitypayment.com/client/rad/index.html' successfully

2024-03-08 01:40:24 - [MESSAGE][PASSED] - Navigate to 'https://qa2.velocitypayment.com/client/rad/index.html' successfully

2024-03-08 01:40:24 - [TEST_STEP][PASSED] - selectOptionByLabel(findTestObject(orPath_Landing + "/dd_TaxType"), "New Tax Return Amount Due", false): All options with label 'New Tax Return Amount Due' are selected in object 'Object Repository/RAD_Pages/Landing_Page/dd_TaxType' 

2024-03-08 01:40:25 - [MESSAGE][PASSED] - All options with label 'New Tax Return Amount Due' are selected in object 'Object Repository/RAD_Pages/Landing_Page/dd_TaxType' 

2024-03-08 01:40:25 - [TEST_STEP][PASSED] - selectOptionByLabel(findTestObject("Object Repository/RAD_Pages/Landing_Page/select_NewTaxReturnAmountDue_TaxType"), TaxType, false): All options with label 'Fiduciary Tax' are selected in object 'Object Repository/RAD_Pages/Landing_Page/select_NewTaxReturnAmountDue_TaxType' 

2024-03-08 01:40:26 - [MESSAGE][PASSED] - All options with label 'Fiduciary Tax' are selected in object 'Object Repository/RAD_Pages/Landing_Page/select_NewTaxReturnAmountDue_TaxType' 

2024-03-08 01:40:26 - [TEST_STEP][PASSED] - selectOptionByLabel(findTestObject(orPath_TaxTypeFilingYear + "/select_FilingYear"), FilingYear, false): All options with label '2022' are selected in object 'Object Repository/RAD_Pages/TaxTypeFilingYear_Page/select_FilingYear' 

2024-03-08 01:40:26 - [MESSAGE][PASSED] - All options with label '2022' are selected in object 'Object Repository/RAD_Pages/TaxTypeFilingYear_Page/select_FilingYear' 

2024-03-08 01:40:26 - [TEST_STEP][PASSED] - setText(findTestObject(orPath_TaxPayer + "/input_businessName"), " "): Text ' ' is set on object 'Object Repository/RAD_Pages/Taxpayer_Page/input_businessName'

2024-03-08 01:40:27 - [MESSAGE][PASSED] - Text ' ' is set on object 'Object Repository/RAD_Pages/Taxpayer_Page/input_businessName'

2024-03-08 01:40:27 - [TEST_STEP][PASSED] - setText(findTestObject(orPath_TaxPayer + "/input_BusinessRepfirstName"), " "): Text ' ' is set on object 'Object Repository/RAD_Pages/Taxpayer_Page/input_BusinessRepfirstName'

2024-03-08 01:40:28 - [MESSAGE][PASSED] - Text ' ' is set on object 'Object Repository/RAD_Pages/Taxpayer_Page/input_BusinessRepfirstName'

2024-03-08 01:40:28 - [TEST_STEP][PASSED] - setText(findTestObject(orPath_TaxPayer + "/input_BusinessReplastName"), " "): Text ' ' is set on object 'Object Repository/RAD_Pages/Taxpayer_Page/input_BusinessReplastName'

2024-03-08 01:40:28 - [MESSAGE][PASSED] - Text ' ' is set on object 'Object Repository/RAD_Pages/Taxpayer_Page/input_BusinessReplastName'

2024-03-08 01:40:28 - [TEST_STEP][PASSED] - setText(findTestObject(orPath_AddressContact + "/input_streetAddress1"), " "): Text ' ' is set on object 'Object Repository/RAD_Pages/AddressAndContactInfo_Page/input_streetAddress1'

2024-03-08 01:40:29 - [MESSAGE][PASSED] - Text ' ' is set on object 'Object Repository/RAD_Pages/AddressAndContactInfo_Page/input_streetAddress1'

2024-03-08 01:40:29 - [TEST_STEP][PASSED] - setText(findTestObject(orPath_AddressContact + "/input_city"), " "): Text ' ' is set on object 'Object Repository/RAD_Pages/AddressAndContactInfo_Page/input_city'

2024-03-08 01:40:30 - [MESSAGE][PASSED] - Text ' ' is set on object 'Object Repository/RAD_Pages/AddressAndContactInfo_Page/input_city'

2024-03-08 01:40:30 - [TEST_STEP][PASSED] - setText(findTestObject(orPath_AddressContact + "/input_zipCode"), " "): Text ' ' is set on object 'Object Repository/RAD_Pages/AddressAndContactInfo_Page/input_zipCode'

2024-03-08 01:40:31 - [MESSAGE][PASSED] - Text ' ' is set on object 'Object Repository/RAD_Pages/AddressAndContactInfo_Page/input_zipCode'

2024-03-08 01:40:31 - [TEST_STEP][PASSED] - setText(findTestObject(orPath_AddressContact + "/input_phoneNumber"), " "): Text ' ' is set on object 'Object Repository/RAD_Pages/AddressAndContactInfo_Page/input_phoneNumber'

2024-03-08 01:40:31 - [MESSAGE][PASSED] - Text ' ' is set on object 'Object Repository/RAD_Pages/AddressAndContactInfo_Page/input_phoneNumber'

2024-03-08 01:40:31 - [TEST_STEP][PASSED] - setText(findTestObject(orPath_AddressContact + "/input_eMailAddress"), " "): Text ' ' is set on object 'Object Repository/RAD_Pages/AddressAndContactInfo_Page/input_eMailAddress'

2024-03-08 01:40:32 - [MESSAGE][PASSED] - Text ' ' is set on object 'Object Repository/RAD_Pages/AddressAndContactInfo_Page/input_eMailAddress'

2024-03-08 01:40:32 - [TEST_STEP][PASSED] - setText(findTestObject(orPath_AddressContact + "/input_reEnterEMailAddress"), " "): Text ' ' is set on object 'Object Repository/RAD_Pages/AddressAndContactInfo_Page/input_reEnterEMailAddress'

2024-03-08 01:40:33 - [MESSAGE][PASSED] - Text ' ' is set on object 'Object Repository/RAD_Pages/AddressAndContactInfo_Page/input_reEnterEMailAddress'

2024-03-08 01:40:33 - [TEST_STEP][PASSED] - if (TaxType.equalsIgnoreCase("Estate Tax")): null

2024-03-08 01:40:33 - [TEST_STEP][PASSED] - setText(findTestObject(orPath_Amount + "/input__paymentAmount"), ""): Text '' is set on object 'Object Repository/RAD_Pages/PaymentAmount_Page/input__paymentAmount'

2024-03-08 01:40:33 - [MESSAGE][PASSED] - Text '' is set on object 'Object Repository/RAD_Pages/PaymentAmount_Page/input__paymentAmount'

2024-03-08 01:40:33 - [TEST_STEP][PASSED] - resText = "Fail": null

2024-03-08 01:40:33 - [TEST_STEP][PASSED] - pages.WriteExcel.demoKey(resText, datText, resColumn, datCloumn, fileLoc, nameSheet, row): pages.WriteExcel.demoKey is PASSED

2024-03-08 01:40:34 - [MESSAGE][PASSED] - pages.WriteExcel.demoKey is PASSED

2024-03-08 01:40:34 - [TEST_STEP][PASSED] - verifyTextPresent("Enter business name", true, CONTINUE_ON_FAILURE): Text 'Enter business name' is present on page  using regular expression

2024-03-08 01:40:34 - [MESSAGE][PASSED] - Text 'Enter business name' is present on page  using regular expression

2024-03-08 01:40:34 - [TEST_STEP][PASSED] - verifyTextPresent("Enter business rep first name", true, CONTINUE_ON_FAILURE): Text 'Enter business rep first name' is present on page  using regular expression

2024-03-08 01:40:34 - [MESSAGE][PASSED] - Text 'Enter business rep first name' is present on page  using regular expression

2024-03-08 01:40:34 - [TEST_STEP][PASSED] - verifyTextPresent("Enter business rep last name", true, CONTINUE_ON_FAILURE): Text 'Enter business rep last name' is present on page  using regular expression

2024-03-08 01:40:35 - [MESSAGE][PASSED] - Text 'Enter business rep last name' is present on page  using regular expression

2024-03-08 01:40:35 - [TEST_STEP][PASSED] - verifyTextPresent("Enter address", true, CONTINUE_ON_FAILURE): Text 'Enter address' is present on page  using regular expression

2024-03-08 01:40:35 - [MESSAGE][PASSED] - Text 'Enter address' is present on page  using regular expression

2024-03-08 01:40:35 - [TEST_STEP][PASSED] - verifyTextPresent("Enter city", true, CONTINUE_ON_FAILURE): Text 'Enter city' is present on page  using regular expression

2024-03-08 01:40:35 - [MESSAGE][PASSED] - Text 'Enter city' is present on page  using regular expression

2024-03-08 01:40:35 - [TEST_STEP][PASSED] - verifyTextPresent("Enter ZIP code", true, CONTINUE_ON_FAILURE): Text 'Enter ZIP code' is present on page  using regular expression

2024-03-08 01:40:36 - [MESSAGE][PASSED] - Text 'Enter ZIP code' is present on page  using regular expression

2024-03-08 01:40:36 - [TEST_STEP][PASSED] - verifyTextPresent("Enter a valid phone number", true, CONTINUE_ON_FAILURE): Text 'Enter a valid phone number' is present on page  using regular expression

2024-03-08 01:40:36 - [MESSAGE][PASSED] - Text 'Enter a valid phone number' is present on page  using regular expression

2024-03-08 01:40:36 - [TEST_STEP][PASSED] - verifyTextPresent("Enter Email", true, CONTINUE_ON_FAILURE): Text 'Enter Email' is present on page  using regular expression

2024-03-08 01:40:36 - [MESSAGE][PASSED] - Text 'Enter Email' is present on page  using regular expression

2024-03-08 01:40:36 - [TEST_STEP][PASSED] - if (TaxType.equalsIgnoreCase("Estate Tax")): null

2024-03-08 01:40:36 - [TEST_STEP][PASSED] - if (CRN.equalsIgnoreCase("Y")): null

2024-03-08 01:40:36 - [TEST_STEP][PASSED] - resText = "Pass": null

2024-03-08 01:40:36 - [TEST_STEP][PASSED] - pages.WriteExcel.demoKey(resText, datText, resColumn, datCloumn, fileLoc, nameSheet, row): pages.WriteExcel.demoKey is PASSED

2024-03-08 01:40:37 - [MESSAGE][PASSED] - pages.WriteExcel.demoKey is PASSED

2024-03-08 01:40:37 - [TEST_STEP][PASSED] - ExecuteTC = findTestData(dataFile).getValue("Execute", row): null

2024-03-08 01:40:37 - [TEST_STEP][PASSED] - TaxType = findTestData(dataFile).getValue("TaxType", row): null

2024-03-08 01:40:37 - [TEST_STEP][PASSED] - PaymentType = findTestData(dataFile).getValue("PaymentType", row): null

2024-03-08 01:40:37 - [TEST_STEP][PASSED] - FilingYear = findTestData(dataFile).getValue("Year", row): null

2024-03-08 01:40:37 - [TEST_STEP][PASSED] - feinSSN = findTestData(dataFile).getValue("FeinSsn", row): null

2024-03-08 01:40:37 - [TEST_STEP][PASSED] - CRN = findTestData(dataFile).getValue("CRN", row): null

2024-03-08 01:40:37 - [TEST_STEP][PASSED] - if (ExecuteTC.equalsIgnoreCase("Y")): pages.WriteExcel.demoKey is PASSED

2024-03-08 01:40:37 - [TEST_STEP][PASSED] - out.println("Begin Record Number: " + row): null

2024-03-08 01:40:37 - [TEST_STEP][PASSED] - today = new java.util.Date(): null

2024-03-08 01:40:37 - [TEST_STEP][PASSED] - println(today): null

2024-03-08 01:40:37 - [TEST_STEP][PASSED] - datText = today: null

2024-03-08 01:40:37 - [TEST_STEP][PASSED] - logInfo("Payment Type: New Tax Return Amount Due"): Payment Type: New Tax Return Amount Due

2024-03-08 01:40:37 - [MESSAGE][INFO] - Payment Type: New Tax Return Amount Due

2024-03-08 01:40:37 - [TEST_STEP][PASSED] - logInfo("Tax Type: " + TaxType): Tax Type: PTE Non-Electing Non-S Corp

2024-03-08 01:40:37 - [MESSAGE][INFO] - Tax Type: PTE Non-Electing Non-S Corp

2024-03-08 01:40:37 - [TEST_STEP][PASSED] - openBrowser(""): Browser is opened with url: ''

2024-03-08 01:40:37 - [MESSAGE][WARNING] - A browser is already opened. Closing browser and opening a new one

2024-03-08 01:41:08 - [MESSAGE][INFO] - Starting 'Chrome' driver

2024-03-08 01:41:08 - [MESSAGE][INFO] - User set preference: ['acceptInsecureCerts', 'true']

2024-03-08 01:41:08 - [MESSAGE][INFO] - Action delay is set to 0 milliseconds

2024-03-08 01:41:10 - [MESSAGE][PASSED] - Browser is opened with url: ''

2024-03-08 01:41:10 - [TEST_STEP][PASSED] - maximizeWindow(): Current window maximized

2024-03-08 01:41:10 - [MESSAGE][PASSED] - Current window maximized

2024-03-08 01:41:10 - [TEST_STEP][PASSED] - navigateToUrl(RADurl): Navigate to 'https://qa2.velocitypayment.com/client/rad/index.html' successfully

2024-03-08 01:41:18 - [MESSAGE][PASSED] - Navigate to 'https://qa2.velocitypayment.com/client/rad/index.html' successfully

2024-03-08 01:41:18 - [TEST_STEP][PASSED] - selectOptionByLabel(findTestObject(orPath_Landing + "/dd_TaxType"), "New Tax Return Amount Due", false): All options with label 'New Tax Return Amount Due' are selected in object 'Object Repository/RAD_Pages/Landing_Page/dd_TaxType' 

2024-03-08 01:41:18 - [MESSAGE][PASSED] - All options with label 'New Tax Return Amount Due' are selected in object 'Object Repository/RAD_Pages/Landing_Page/dd_TaxType' 

2024-03-08 01:41:18 - [TEST_STEP][PASSED] - selectOptionByLabel(findTestObject("Object Repository/RAD_Pages/Landing_Page/select_NewTaxReturnAmountDue_TaxType"), TaxType, false): All options with label 'PTE Non-Electing Non-S Corp' are selected in object 'Object Repository/RAD_Pages/Landing_Page/select_NewTaxReturnAmountDue_TaxType' 

2024-03-08 01:41:19 - [MESSAGE][PASSED] - All options with label 'PTE Non-Electing Non-S Corp' are selected in object 'Object Repository/RAD_Pages/Landing_Page/select_NewTaxReturnAmountDue_TaxType' 

2024-03-08 01:41:19 - [TEST_STEP][PASSED] - selectOptionByLabel(findTestObject(orPath_TaxTypeFilingYear + "/select_FilingYear"), FilingYear, false): All options with label '2022' are selected in object 'Object Repository/RAD_Pages/TaxTypeFilingYear_Page/select_FilingYear' 

2024-03-08 01:41:20 - [MESSAGE][PASSED] - All options with label '2022' are selected in object 'Object Repository/RAD_Pages/TaxTypeFilingYear_Page/select_FilingYear' 

2024-03-08 01:41:20 - [TEST_STEP][PASSED] - setText(findTestObject(orPath_TaxPayer + "/input_businessName"), " "): Text ' ' is set on object 'Object Repository/RAD_Pages/Taxpayer_Page/input_businessName'

2024-03-08 01:41:20 - [MESSAGE][PASSED] - Text ' ' is set on object 'Object Repository/RAD_Pages/Taxpayer_Page/input_businessName'

2024-03-08 01:41:20 - [TEST_STEP][PASSED] - setText(findTestObject(orPath_TaxPayer + "/input_BusinessRepfirstName"), " "): Text ' ' is set on object 'Object Repository/RAD_Pages/Taxpayer_Page/input_BusinessRepfirstName'

2024-03-08 01:41:21 - [MESSAGE][PASSED] - Text ' ' is set on object 'Object Repository/RAD_Pages/Taxpayer_Page/input_BusinessRepfirstName'

2024-03-08 01:41:21 - [TEST_STEP][PASSED] - setText(findTestObject(orPath_TaxPayer + "/input_BusinessReplastName"), " "): Text ' ' is set on object 'Object Repository/RAD_Pages/Taxpayer_Page/input_BusinessReplastName'

2024-03-08 01:41:22 - [MESSAGE][PASSED] - Text ' ' is set on object 'Object Repository/RAD_Pages/Taxpayer_Page/input_BusinessReplastName'

2024-03-08 01:41:22 - [TEST_STEP][PASSED] - setText(findTestObject(orPath_AddressContact + "/input_streetAddress1"), " "): Text ' ' is set on object 'Object Repository/RAD_Pages/AddressAndContactInfo_Page/input_streetAddress1'

2024-03-08 01:41:22 - [MESSAGE][PASSED] - Text ' ' is set on object 'Object Repository/RAD_Pages/AddressAndContactInfo_Page/input_streetAddress1'

2024-03-08 01:41:22 - [TEST_STEP][PASSED] - setText(findTestObject(orPath_AddressContact + "/input_city"), " "): Text ' ' is set on object 'Object Repository/RAD_Pages/AddressAndContactInfo_Page/input_city'

2024-03-08 01:41:23 - [MESSAGE][PASSED] - Text ' ' is set on object 'Object Repository/RAD_Pages/AddressAndContactInfo_Page/input_city'

2024-03-08 01:41:23 - [TEST_STEP][PASSED] - setText(findTestObject(orPath_AddressContact + "/input_zipCode"), " "): Text ' ' is set on object 'Object Repository/RAD_Pages/AddressAndContactInfo_Page/input_zipCode'

2024-03-08 01:41:24 - [MESSAGE][PASSED] - Text ' ' is set on object 'Object Repository/RAD_Pages/AddressAndContactInfo_Page/input_zipCode'

2024-03-08 01:41:24 - [TEST_STEP][PASSED] - setText(findTestObject(orPath_AddressContact + "/input_phoneNumber"), " "): Text ' ' is set on object 'Object Repository/RAD_Pages/AddressAndContactInfo_Page/input_phoneNumber'

2024-03-08 01:41:25 - [MESSAGE][PASSED] - Text ' ' is set on object 'Object Repository/RAD_Pages/AddressAndContactInfo_Page/input_phoneNumber'

2024-03-08 01:41:25 - [TEST_STEP][PASSED] - setText(findTestObject(orPath_AddressContact + "/input_eMailAddress"), " "): Text ' ' is set on object 'Object Repository/RAD_Pages/AddressAndContactInfo_Page/input_eMailAddress'

2024-03-08 01:41:25 - [MESSAGE][PASSED] - Text ' ' is set on object 'Object Repository/RAD_Pages/AddressAndContactInfo_Page/input_eMailAddress'

2024-03-08 01:41:25 - [TEST_STEP][PASSED] - setText(findTestObject(orPath_AddressContact + "/input_reEnterEMailAddress"), " "): Text ' ' is set on object 'Object Repository/RAD_Pages/AddressAndContactInfo_Page/input_reEnterEMailAddress'

2024-03-08 01:41:26 - [MESSAGE][PASSED] - Text ' ' is set on object 'Object Repository/RAD_Pages/AddressAndContactInfo_Page/input_reEnterEMailAddress'

2024-03-08 01:41:26 - [TEST_STEP][PASSED] - if (TaxType.equalsIgnoreCase("Estate Tax")): null

2024-03-08 01:41:26 - [TEST_STEP][PASSED] - setText(findTestObject(orPath_Amount + "/input__paymentAmount"), ""): Text '' is set on object 'Object Repository/RAD_Pages/PaymentAmount_Page/input__paymentAmount'

2024-03-08 01:41:27 - [MESSAGE][PASSED] - Text '' is set on object 'Object Repository/RAD_Pages/PaymentAmount_Page/input__paymentAmount'

2024-03-08 01:41:27 - [TEST_STEP][PASSED] - resText = "Fail": null

2024-03-08 01:41:27 - [TEST_STEP][PASSED] - pages.WriteExcel.demoKey(resText, datText, resColumn, datCloumn, fileLoc, nameSheet, row): pages.WriteExcel.demoKey is PASSED

2024-03-08 01:41:27 - [MESSAGE][PASSED] - pages.WriteExcel.demoKey is PASSED

2024-03-08 01:41:27 - [TEST_STEP][PASSED] - verifyTextPresent("Enter business name", true, CONTINUE_ON_FAILURE): Text 'Enter business name' is present on page  using regular expression

2024-03-08 01:41:27 - [MESSAGE][PASSED] - Text 'Enter business name' is present on page  using regular expression

2024-03-08 01:41:27 - [TEST_STEP][PASSED] - verifyTextPresent("Enter business rep first name", true, CONTINUE_ON_FAILURE): Text 'Enter business rep first name' is present on page  using regular expression

2024-03-08 01:41:28 - [MESSAGE][PASSED] - Text 'Enter business rep first name' is present on page  using regular expression

2024-03-08 01:41:28 - [TEST_STEP][PASSED] - verifyTextPresent("Enter business rep last name", true, CONTINUE_ON_FAILURE): Text 'Enter business rep last name' is present on page  using regular expression

2024-03-08 01:41:28 - [MESSAGE][PASSED] - Text 'Enter business rep last name' is present on page  using regular expression

2024-03-08 01:41:28 - [TEST_STEP][PASSED] - verifyTextPresent("Enter address", true, CONTINUE_ON_FAILURE): Text 'Enter address' is present on page  using regular expression

2024-03-08 01:41:28 - [MESSAGE][PASSED] - Text 'Enter address' is present on page  using regular expression

2024-03-08 01:41:28 - [TEST_STEP][PASSED] - verifyTextPresent("Enter city", true, CONTINUE_ON_FAILURE): Text 'Enter city' is present on page  using regular expression

2024-03-08 01:41:29 - [MESSAGE][PASSED] - Text 'Enter city' is present on page  using regular expression

2024-03-08 01:41:29 - [TEST_STEP][PASSED] - verifyTextPresent("Enter ZIP code", true, CONTINUE_ON_FAILURE): Text 'Enter ZIP code' is present on page  using regular expression

2024-03-08 01:41:29 - [MESSAGE][PASSED] - Text 'Enter ZIP code' is present on page  using regular expression

2024-03-08 01:41:29 - [TEST_STEP][PASSED] - verifyTextPresent("Enter a valid phone number", true, CONTINUE_ON_FAILURE): Text 'Enter a valid phone number' is present on page  using regular expression

2024-03-08 01:41:30 - [MESSAGE][PASSED] - Text 'Enter a valid phone number' is present on page  using regular expression

2024-03-08 01:41:30 - [TEST_STEP][PASSED] - verifyTextPresent("Enter Email", true, CONTINUE_ON_FAILURE): Text 'Enter Email' is present on page  using regular expression

2024-03-08 01:41:30 - [MESSAGE][PASSED] - Text 'Enter Email' is present on page  using regular expression

2024-03-08 01:41:30 - [TEST_STEP][PASSED] - if (TaxType.equalsIgnoreCase("Estate Tax")): null

2024-03-08 01:41:30 - [TEST_STEP][PASSED] - if (CRN.equalsIgnoreCase("Y")): null

2024-03-08 01:41:30 - [TEST_STEP][PASSED] - resText = "Pass": null

2024-03-08 01:41:30 - [TEST_STEP][PASSED] - pages.WriteExcel.demoKey(resText, datText, resColumn, datCloumn, fileLoc, nameSheet, row): pages.WriteExcel.demoKey is PASSED

2024-03-08 01:41:30 - [MESSAGE][PASSED] - pages.WriteExcel.demoKey is PASSED

2024-03-08 01:41:30 - [TEST_STEP][PASSED] - ExecuteTC = findTestData(dataFile).getValue("Execute", row): null

2024-03-08 01:41:30 - [TEST_STEP][PASSED] - TaxType = findTestData(dataFile).getValue("TaxType", row): null

2024-03-08 01:41:30 - [TEST_STEP][PASSED] - PaymentType = findTestData(dataFile).getValue("PaymentType", row): null

2024-03-08 01:41:30 - [TEST_STEP][PASSED] - FilingYear = findTestData(dataFile).getValue("Year", row): null

2024-03-08 01:41:30 - [TEST_STEP][PASSED] - feinSSN = findTestData(dataFile).getValue("FeinSsn", row): null

2024-03-08 01:41:30 - [TEST_STEP][PASSED] - CRN = findTestData(dataFile).getValue("CRN", row): null

2024-03-08 01:41:30 - [TEST_STEP][PASSED] - if (ExecuteTC.equalsIgnoreCase("Y")): pages.WriteExcel.demoKey is PASSED

2024-03-08 01:41:30 - [TEST_STEP][PASSED] - out.println("Begin Record Number: " + row): null

2024-03-08 01:41:30 - [TEST_STEP][PASSED] - today = new java.util.Date(): null

2024-03-08 01:41:30 - [TEST_STEP][PASSED] - println(today): null

2024-03-08 01:41:30 - [TEST_STEP][PASSED] - datText = today: null

2024-03-08 01:41:30 - [TEST_STEP][PASSED] - logInfo("Payment Type: New Tax Return Amount Due"): Payment Type: New Tax Return Amount Due

2024-03-08 01:41:30 - [MESSAGE][INFO] - Payment Type: New Tax Return Amount Due

2024-03-08 01:41:30 - [TEST_STEP][PASSED] - logInfo("Tax Type: " + TaxType): Tax Type: PTE Non-Electing S Corp

2024-03-08 01:41:30 - [MESSAGE][INFO] - Tax Type: PTE Non-Electing S Corp

2024-03-08 01:41:30 - [TEST_STEP][PASSED] - openBrowser(""): Browser is opened with url: ''

2024-03-08 01:41:30 - [MESSAGE][WARNING] - A browser is already opened. Closing browser and opening a new one

2024-03-08 01:41:48 - [MESSAGE][INFO] - Starting 'Chrome' driver

2024-03-08 01:41:48 - [MESSAGE][INFO] - User set preference: ['acceptInsecureCerts', 'true']

2024-03-08 01:41:48 - [MESSAGE][INFO] - Action delay is set to 0 milliseconds

2024-03-08 01:41:49 - [MESSAGE][PASSED] - Browser is opened with url: ''

2024-03-08 01:41:49 - [TEST_STEP][PASSED] - maximizeWindow(): Current window maximized

2024-03-08 01:41:49 - [MESSAGE][PASSED] - Current window maximized

2024-03-08 01:41:49 - [TEST_STEP][PASSED] - navigateToUrl(RADurl): Navigate to 'https://qa2.velocitypayment.com/client/rad/index.html' successfully

2024-03-08 01:41:57 - [MESSAGE][PASSED] - Navigate to 'https://qa2.velocitypayment.com/client/rad/index.html' successfully

2024-03-08 01:41:57 - [TEST_STEP][PASSED] - selectOptionByLabel(findTestObject(orPath_Landing + "/dd_TaxType"), "New Tax Return Amount Due", false): All options with label 'New Tax Return Amount Due' are selected in object 'Object Repository/RAD_Pages/Landing_Page/dd_TaxType' 

2024-03-08 01:41:57 - [MESSAGE][PASSED] - All options with label 'New Tax Return Amount Due' are selected in object 'Object Repository/RAD_Pages/Landing_Page/dd_TaxType' 

2024-03-08 01:41:57 - [TEST_STEP][PASSED] - selectOptionByLabel(findTestObject("Object Repository/RAD_Pages/Landing_Page/select_NewTaxReturnAmountDue_TaxType"), TaxType, false): All options with label 'PTE Non-Electing S Corp' are selected in object 'Object Repository/RAD_Pages/Landing_Page/select_NewTaxReturnAmountDue_TaxType' 

2024-03-08 01:41:58 - [MESSAGE][PASSED] - All options with label 'PTE Non-Electing S Corp' are selected in object 'Object Repository/RAD_Pages/Landing_Page/select_NewTaxReturnAmountDue_TaxType' 

2024-03-08 01:41:58 - [TEST_STEP][PASSED] - selectOptionByLabel(findTestObject(orPath_TaxTypeFilingYear + "/select_FilingYear"), FilingYear, false): All options with label '2022' are selected in object 'Object Repository/RAD_Pages/TaxTypeFilingYear_Page/select_FilingYear' 

2024-03-08 01:41:59 - [MESSAGE][PASSED] - All options with label '2022' are selected in object 'Object Repository/RAD_Pages/TaxTypeFilingYear_Page/select_FilingYear' 

2024-03-08 01:41:59 - [TEST_STEP][PASSED] - setText(findTestObject(orPath_TaxPayer + "/input_businessName"), " "): Text ' ' is set on object 'Object Repository/RAD_Pages/Taxpayer_Page/input_businessName'

2024-03-08 01:42:00 - [MESSAGE][PASSED] - Text ' ' is set on object 'Object Repository/RAD_Pages/Taxpayer_Page/input_businessName'

2024-03-08 01:42:00 - [TEST_STEP][PASSED] - setText(findTestObject(orPath_TaxPayer + "/input_BusinessRepfirstName"), " "): Text ' ' is set on object 'Object Repository/RAD_Pages/Taxpayer_Page/input_BusinessRepfirstName'

2024-03-08 01:42:00 - [MESSAGE][PASSED] - Text ' ' is set on object 'Object Repository/RAD_Pages/Taxpayer_Page/input_BusinessRepfirstName'

2024-03-08 01:42:00 - [TEST_STEP][PASSED] - setText(findTestObject(orPath_TaxPayer + "/input_BusinessReplastName"), " "): Text ' ' is set on object 'Object Repository/RAD_Pages/Taxpayer_Page/input_BusinessReplastName'

2024-03-08 01:42:01 - [MESSAGE][PASSED] - Text ' ' is set on object 'Object Repository/RAD_Pages/Taxpayer_Page/input_BusinessReplastName'

2024-03-08 01:42:01 - [TEST_STEP][PASSED] - setText(findTestObject(orPath_AddressContact + "/input_streetAddress1"), " "): Text ' ' is set on object 'Object Repository/RAD_Pages/AddressAndContactInfo_Page/input_streetAddress1'

2024-03-08 01:42:02 - [MESSAGE][PASSED] - Text ' ' is set on object 'Object Repository/RAD_Pages/AddressAndContactInfo_Page/input_streetAddress1'

2024-03-08 01:42:02 - [TEST_STEP][PASSED] - setText(findTestObject(orPath_AddressContact + "/input_city"), " "): Text ' ' is set on object 'Object Repository/RAD_Pages/AddressAndContactInfo_Page/input_city'

2024-03-08 01:42:02 - [MESSAGE][PASSED] - Text ' ' is set on object 'Object Repository/RAD_Pages/AddressAndContactInfo_Page/input_city'

2024-03-08 01:42:02 - [TEST_STEP][PASSED] - setText(findTestObject(orPath_AddressContact + "/input_zipCode"), " "): Text ' ' is set on object 'Object Repository/RAD_Pages/AddressAndContactInfo_Page/input_zipCode'

2024-03-08 01:42:03 - [MESSAGE][PASSED] - Text ' ' is set on object 'Object Repository/RAD_Pages/AddressAndContactInfo_Page/input_zipCode'

2024-03-08 01:42:03 - [TEST_STEP][PASSED] - setText(findTestObject(orPath_AddressContact + "/input_phoneNumber"), " "): Text ' ' is set on object 'Object Repository/RAD_Pages/AddressAndContactInfo_Page/input_phoneNumber'

2024-03-08 01:42:04 - [MESSAGE][PASSED] - Text ' ' is set on object 'Object Repository/RAD_Pages/AddressAndContactInfo_Page/input_phoneNumber'

2024-03-08 01:42:04 - [TEST_STEP][PASSED] - setText(findTestObject(orPath_AddressContact + "/input_eMailAddress"), " "): Text ' ' is set on object 'Object Repository/RAD_Pages/AddressAndContactInfo_Page/input_eMailAddress'

2024-03-08 01:42:05 - [MESSAGE][PASSED] - Text ' ' is set on object 'Object Repository/RAD_Pages/AddressAndContactInfo_Page/input_eMailAddress'

2024-03-08 01:42:05 - [TEST_STEP][PASSED] - setText(findTestObject(orPath_AddressContact + "/input_reEnterEMailAddress"), " "): Text ' ' is set on object 'Object Repository/RAD_Pages/AddressAndContactInfo_Page/input_reEnterEMailAddress'

2024-03-08 01:42:05 - [MESSAGE][PASSED] - Text ' ' is set on object 'Object Repository/RAD_Pages/AddressAndContactInfo_Page/input_reEnterEMailAddress'

2024-03-08 01:42:05 - [TEST_STEP][PASSED] - if (TaxType.equalsIgnoreCase("Estate Tax")): null

2024-03-08 01:42:05 - [TEST_STEP][PASSED] - setText(findTestObject(orPath_Amount + "/input__paymentAmount"), ""): Text '' is set on object 'Object Repository/RAD_Pages/PaymentAmount_Page/input__paymentAmount'

2024-03-08 01:42:06 - [MESSAGE][PASSED] - Text '' is set on object 'Object Repository/RAD_Pages/PaymentAmount_Page/input__paymentAmount'

2024-03-08 01:42:06 - [TEST_STEP][PASSED] - resText = "Fail": null

2024-03-08 01:42:06 - [TEST_STEP][PASSED] - pages.WriteExcel.demoKey(resText, datText, resColumn, datCloumn, fileLoc, nameSheet, row): pages.WriteExcel.demoKey is PASSED

2024-03-08 01:42:06 - [MESSAGE][PASSED] - pages.WriteExcel.demoKey is PASSED

2024-03-08 01:42:06 - [TEST_STEP][PASSED] - verifyTextPresent("Enter business name", true, CONTINUE_ON_FAILURE): Text 'Enter business name' is present on page  using regular expression

2024-03-08 01:42:07 - [MESSAGE][PASSED] - Text 'Enter business name' is present on page  using regular expression

2024-03-08 01:42:07 - [TEST_STEP][PASSED] - verifyTextPresent("Enter business rep first name", true, CONTINUE_ON_FAILURE): Text 'Enter business rep first name' is present on page  using regular expression

2024-03-08 01:42:07 - [MESSAGE][PASSED] - Text 'Enter business rep first name' is present on page  using regular expression

2024-03-08 01:42:07 - [TEST_STEP][PASSED] - verifyTextPresent("Enter business rep last name", true, CONTINUE_ON_FAILURE): Text 'Enter business rep last name' is present on page  using regular expression

2024-03-08 01:42:07 - [MESSAGE][PASSED] - Text 'Enter business rep last name' is present on page  using regular expression

2024-03-08 01:42:07 - [TEST_STEP][PASSED] - verifyTextPresent("Enter address", true, CONTINUE_ON_FAILURE): Text 'Enter address' is present on page  using regular expression

2024-03-08 01:42:08 - [MESSAGE][PASSED] - Text 'Enter address' is present on page  using regular expression

2024-03-08 01:42:08 - [TEST_STEP][PASSED] - verifyTextPresent("Enter city", true, CONTINUE_ON_FAILURE): Text 'Enter city' is present on page  using regular expression

2024-03-08 01:42:08 - [MESSAGE][PASSED] - Text 'Enter city' is present on page  using regular expression

2024-03-08 01:42:08 - [TEST_STEP][PASSED] - verifyTextPresent("Enter ZIP code", true, CONTINUE_ON_FAILURE): Text 'Enter ZIP code' is present on page  using regular expression

2024-03-08 01:42:08 - [MESSAGE][PASSED] - Text 'Enter ZIP code' is present on page  using regular expression

2024-03-08 01:42:08 - [TEST_STEP][PASSED] - verifyTextPresent("Enter a valid phone number", true, CONTINUE_ON_FAILURE): Text 'Enter a valid phone number' is present on page  using regular expression

2024-03-08 01:42:09 - [MESSAGE][PASSED] - Text 'Enter a valid phone number' is present on page  using regular expression

2024-03-08 01:42:09 - [TEST_STEP][PASSED] - verifyTextPresent("Enter Email", true, CONTINUE_ON_FAILURE): Text 'Enter Email' is present on page  using regular expression

2024-03-08 01:42:09 - [MESSAGE][PASSED] - Text 'Enter Email' is present on page  using regular expression

2024-03-08 01:42:09 - [TEST_STEP][PASSED] - if (TaxType.equalsIgnoreCase("Estate Tax")): null

2024-03-08 01:42:09 - [TEST_STEP][PASSED] - if (CRN.equalsIgnoreCase("Y")): null

2024-03-08 01:42:09 - [TEST_STEP][PASSED] - resText = "Pass": null

2024-03-08 01:42:09 - [TEST_STEP][PASSED] - pages.WriteExcel.demoKey(resText, datText, resColumn, datCloumn, fileLoc, nameSheet, row): pages.WriteExcel.demoKey is PASSED

2024-03-08 01:42:09 - [MESSAGE][PASSED] - pages.WriteExcel.demoKey is PASSED

2024-03-08 01:42:09 - [TEST_STEP][PASSED] - ExecuteTC = findTestData(dataFile).getValue("Execute", row): null

2024-03-08 01:42:09 - [TEST_STEP][PASSED] - TaxType = findTestData(dataFile).getValue("TaxType", row): null

2024-03-08 01:42:09 - [TEST_STEP][PASSED] - PaymentType = findTestData(dataFile).getValue("PaymentType", row): null

2024-03-08 01:42:09 - [TEST_STEP][PASSED] - FilingYear = findTestData(dataFile).getValue("Year", row): null

2024-03-08 01:42:09 - [TEST_STEP][PASSED] - feinSSN = findTestData(dataFile).getValue("FeinSsn", row): null

2024-03-08 01:42:09 - [TEST_STEP][PASSED] - CRN = findTestData(dataFile).getValue("CRN", row): null

2024-03-08 01:42:10 - [TEST_STEP][PASSED] - if (ExecuteTC.equalsIgnoreCase("Y")): pages.WriteExcel.demoKey is PASSED

2024-03-08 01:42:10 - [TEST_STEP][PASSED] - out.println("Begin Record Number: " + row): null

2024-03-08 01:42:10 - [TEST_STEP][PASSED] - today = new java.util.Date(): null

2024-03-08 01:42:10 - [TEST_STEP][PASSED] - println(today): null

2024-03-08 01:42:10 - [TEST_STEP][PASSED] - datText = today: null

2024-03-08 01:42:10 - [TEST_STEP][PASSED] - logInfo("Payment Type: New Tax Return Amount Due"): Payment Type: New Tax Return Amount Due

2024-03-08 01:42:10 - [MESSAGE][INFO] - Payment Type: New Tax Return Amount Due

2024-03-08 01:42:10 - [TEST_STEP][PASSED] - logInfo("Tax Type: " + TaxType): Tax Type: PTE Tax Electing Non-S Corp

2024-03-08 01:42:10 - [MESSAGE][INFO] - Tax Type: PTE Tax Electing Non-S Corp

2024-03-08 01:42:10 - [TEST_STEP][PASSED] - openBrowser(""): Browser is opened with url: ''

2024-03-08 01:42:10 - [MESSAGE][WARNING] - A browser is already opened. Closing browser and opening a new one

2024-03-08 01:42:40 - [MESSAGE][INFO] - Starting 'Chrome' driver

2024-03-08 01:42:40 - [MESSAGE][INFO] - User set preference: ['acceptInsecureCerts', 'true']

2024-03-08 01:42:40 - [MESSAGE][INFO] - Action delay is set to 0 milliseconds

2024-03-08 01:42:41 - [MESSAGE][PASSED] - Browser is opened with url: ''

2024-03-08 01:42:41 - [TEST_STEP][PASSED] - maximizeWindow(): Current window maximized

2024-03-08 01:42:41 - [MESSAGE][PASSED] - Current window maximized

2024-03-08 01:42:41 - [TEST_STEP][PASSED] - navigateToUrl(RADurl): Navigate to 'https://qa2.velocitypayment.com/client/rad/index.html' successfully

2024-03-08 01:42:48 - [MESSAGE][PASSED] - Navigate to 'https://qa2.velocitypayment.com/client/rad/index.html' successfully

2024-03-08 01:42:48 - [TEST_STEP][PASSED] - selectOptionByLabel(findTestObject(orPath_Landing + "/dd_TaxType"), "New Tax Return Amount Due", false): All options with label 'New Tax Return Amount Due' are selected in object 'Object Repository/RAD_Pages/Landing_Page/dd_TaxType' 

2024-03-08 01:42:48 - [MESSAGE][PASSED] - All options with label 'New Tax Return Amount Due' are selected in object 'Object Repository/RAD_Pages/Landing_Page/dd_TaxType' 

2024-03-08 01:42:48 - [TEST_STEP][PASSED] - selectOptionByLabel(findTestObject("Object Repository/RAD_Pages/Landing_Page/select_NewTaxReturnAmountDue_TaxType"), TaxType, false): All options with label 'PTE Tax Electing Non-S Corp' are selected in object 'Object Repository/RAD_Pages/Landing_Page/select_NewTaxReturnAmountDue_TaxType' 

2024-03-08 01:42:49 - [MESSAGE][PASSED] - All options with label 'PTE Tax Electing Non-S Corp' are selected in object 'Object Repository/RAD_Pages/Landing_Page/select_NewTaxReturnAmountDue_TaxType' 

2024-03-08 01:42:49 - [TEST_STEP][PASSED] - selectOptionByLabel(findTestObject(orPath_TaxTypeFilingYear + "/select_FilingYear"), FilingYear, false): All options with label '2022' are selected in object 'Object Repository/RAD_Pages/TaxTypeFilingYear_Page/select_FilingYear' 

2024-03-08 01:42:50 - [MESSAGE][PASSED] - All options with label '2022' are selected in object 'Object Repository/RAD_Pages/TaxTypeFilingYear_Page/select_FilingYear' 

2024-03-08 01:42:50 - [TEST_STEP][PASSED] - setText(findTestObject(orPath_TaxPayer + "/input_businessName"), " "): Text ' ' is set on object 'Object Repository/RAD_Pages/Taxpayer_Page/input_businessName'

2024-03-08 01:42:51 - [MESSAGE][PASSED] - Text ' ' is set on object 'Object Repository/RAD_Pages/Taxpayer_Page/input_businessName'

2024-03-08 01:42:51 - [TEST_STEP][PASSED] - setText(findTestObject(orPath_TaxPayer + "/input_BusinessRepfirstName"), " "): Text ' ' is set on object 'Object Repository/RAD_Pages/Taxpayer_Page/input_BusinessRepfirstName'

2024-03-08 01:42:51 - [MESSAGE][PASSED] - Text ' ' is set on object 'Object Repository/RAD_Pages/Taxpayer_Page/input_BusinessRepfirstName'

2024-03-08 01:42:51 - [TEST_STEP][PASSED] - setText(findTestObject(orPath_TaxPayer + "/input_BusinessReplastName"), " "): Text ' ' is set on object 'Object Repository/RAD_Pages/Taxpayer_Page/input_BusinessReplastName'

2024-03-08 01:42:52 - [MESSAGE][PASSED] - Text ' ' is set on object 'Object Repository/RAD_Pages/Taxpayer_Page/input_BusinessReplastName'

2024-03-08 01:42:52 - [TEST_STEP][PASSED] - setText(findTestObject(orPath_AddressContact + "/input_streetAddress1"), " "): Text ' ' is set on object 'Object Repository/RAD_Pages/AddressAndContactInfo_Page/input_streetAddress1'

2024-03-08 01:42:53 - [MESSAGE][PASSED] - Text ' ' is set on object 'Object Repository/RAD_Pages/AddressAndContactInfo_Page/input_streetAddress1'

2024-03-08 01:42:53 - [TEST_STEP][PASSED] - setText(findTestObject(orPath_AddressContact + "/input_city"), " "): Text ' ' is set on object 'Object Repository/RAD_Pages/AddressAndContactInfo_Page/input_city'

2024-03-08 01:42:53 - [MESSAGE][PASSED] - Text ' ' is set on object 'Object Repository/RAD_Pages/AddressAndContactInfo_Page/input_city'

2024-03-08 01:42:53 - [TEST_STEP][PASSED] - setText(findTestObject(orPath_AddressContact + "/input_zipCode"), " "): Text ' ' is set on object 'Object Repository/RAD_Pages/AddressAndContactInfo_Page/input_zipCode'

2024-03-08 01:42:54 - [MESSAGE][PASSED] - Text ' ' is set on object 'Object Repository/RAD_Pages/AddressAndContactInfo_Page/input_zipCode'

2024-03-08 01:42:54 - [TEST_STEP][PASSED] - setText(findTestObject(orPath_AddressContact + "/input_phoneNumber"), " "): Text ' ' is set on object 'Object Repository/RAD_Pages/AddressAndContactInfo_Page/input_phoneNumber'

2024-03-08 01:42:55 - [MESSAGE][PASSED] - Text ' ' is set on object 'Object Repository/RAD_Pages/AddressAndContactInfo_Page/input_phoneNumber'

2024-03-08 01:42:55 - [TEST_STEP][PASSED] - setText(findTestObject(orPath_AddressContact + "/input_eMailAddress"), " "): Text ' ' is set on object 'Object Repository/RAD_Pages/AddressAndContactInfo_Page/input_eMailAddress'

2024-03-08 01:42:56 - [MESSAGE][PASSED] - Text ' ' is set on object 'Object Repository/RAD_Pages/AddressAndContactInfo_Page/input_eMailAddress'

2024-03-08 01:42:56 - [TEST_STEP][PASSED] - setText(findTestObject(orPath_AddressContact + "/input_reEnterEMailAddress"), " "): Text ' ' is set on object 'Object Repository/RAD_Pages/AddressAndContactInfo_Page/input_reEnterEMailAddress'

2024-03-08 01:42:56 - [MESSAGE][PASSED] - Text ' ' is set on object 'Object Repository/RAD_Pages/AddressAndContactInfo_Page/input_reEnterEMailAddress'

2024-03-08 01:42:56 - [TEST_STEP][PASSED] - if (TaxType.equalsIgnoreCase("Estate Tax")): null

2024-03-08 01:42:56 - [TEST_STEP][PASSED] - setText(findTestObject(orPath_Amount + "/input__paymentAmount"), ""): Text '' is set on object 'Object Repository/RAD_Pages/PaymentAmount_Page/input__paymentAmount'

2024-03-08 01:42:57 - [MESSAGE][PASSED] - Text '' is set on object 'Object Repository/RAD_Pages/PaymentAmount_Page/input__paymentAmount'

2024-03-08 01:42:57 - [TEST_STEP][PASSED] - resText = "Fail": null

2024-03-08 01:42:57 - [TEST_STEP][PASSED] - pages.WriteExcel.demoKey(resText, datText, resColumn, datCloumn, fileLoc, nameSheet, row): pages.WriteExcel.demoKey is PASSED

2024-03-08 01:42:57 - [MESSAGE][PASSED] - pages.WriteExcel.demoKey is PASSED

2024-03-08 01:42:57 - [TEST_STEP][PASSED] - verifyTextPresent("Enter business name", true, CONTINUE_ON_FAILURE): Text 'Enter business name' is present on page  using regular expression

2024-03-08 01:42:58 - [MESSAGE][PASSED] - Text 'Enter business name' is present on page  using regular expression

2024-03-08 01:42:58 - [TEST_STEP][PASSED] - verifyTextPresent("Enter business rep first name", true, CONTINUE_ON_FAILURE): Text 'Enter business rep first name' is present on page  using regular expression

2024-03-08 01:42:58 - [MESSAGE][PASSED] - Text 'Enter business rep first name' is present on page  using regular expression

2024-03-08 01:42:58 - [TEST_STEP][PASSED] - verifyTextPresent("Enter business rep last name", true, CONTINUE_ON_FAILURE): Text 'Enter business rep last name' is present on page  using regular expression

2024-03-08 01:42:58 - [MESSAGE][PASSED] - Text 'Enter business rep last name' is present on page  using regular expression

2024-03-08 01:42:58 - [TEST_STEP][PASSED] - verifyTextPresent("Enter address", true, CONTINUE_ON_FAILURE): Text 'Enter address' is present on page  using regular expression

2024-03-08 01:42:59 - [MESSAGE][PASSED] - Text 'Enter address' is present on page  using regular expression

2024-03-08 01:42:59 - [TEST_STEP][PASSED] - verifyTextPresent("Enter city", true, CONTINUE_ON_FAILURE): Text 'Enter city' is present on page  using regular expression

2024-03-08 01:42:59 - [MESSAGE][PASSED] - Text 'Enter city' is present on page  using regular expression

2024-03-08 01:42:59 - [TEST_STEP][PASSED] - verifyTextPresent("Enter ZIP code", true, CONTINUE_ON_FAILURE): Text 'Enter ZIP code' is present on page  using regular expression

2024-03-08 01:42:59 - [MESSAGE][PASSED] - Text 'Enter ZIP code' is present on page  using regular expression

2024-03-08 01:42:59 - [TEST_STEP][PASSED] - verifyTextPresent("Enter a valid phone number", true, CONTINUE_ON_FAILURE): Text 'Enter a valid phone number' is present on page  using regular expression

2024-03-08 01:43:00 - [MESSAGE][PASSED] - Text 'Enter a valid phone number' is present on page  using regular expression

2024-03-08 01:43:00 - [TEST_STEP][PASSED] - verifyTextPresent("Enter Email", true, CONTINUE_ON_FAILURE): Text 'Enter Email' is present on page  using regular expression

2024-03-08 01:43:00 - [MESSAGE][PASSED] - Text 'Enter Email' is present on page  using regular expression

2024-03-08 01:43:00 - [TEST_STEP][PASSED] - if (TaxType.equalsIgnoreCase("Estate Tax")): null

2024-03-08 01:43:00 - [TEST_STEP][PASSED] - if (CRN.equalsIgnoreCase("Y")): null

2024-03-08 01:43:00 - [TEST_STEP][PASSED] - resText = "Pass": null

2024-03-08 01:43:00 - [TEST_STEP][PASSED] - pages.WriteExcel.demoKey(resText, datText, resColumn, datCloumn, fileLoc, nameSheet, row): pages.WriteExcel.demoKey is PASSED

2024-03-08 01:43:00 - [MESSAGE][PASSED] - pages.WriteExcel.demoKey is PASSED

2024-03-08 01:43:00 - [TEST_STEP][PASSED] - ExecuteTC = findTestData(dataFile).getValue("Execute", row): null

2024-03-08 01:43:00 - [TEST_STEP][PASSED] - TaxType = findTestData(dataFile).getValue("TaxType", row): null

2024-03-08 01:43:00 - [TEST_STEP][PASSED] - PaymentType = findTestData(dataFile).getValue("PaymentType", row): null

2024-03-08 01:43:00 - [TEST_STEP][PASSED] - FilingYear = findTestData(dataFile).getValue("Year", row): null

2024-03-08 01:43:00 - [TEST_STEP][PASSED] - feinSSN = findTestData(dataFile).getValue("FeinSsn", row): null

2024-03-08 01:43:01 - [TEST_STEP][PASSED] - CRN = findTestData(dataFile).getValue("CRN", row): null

2024-03-08 01:43:01 - [TEST_STEP][PASSED] - if (ExecuteTC.equalsIgnoreCase("Y")): pages.WriteExcel.demoKey is PASSED

2024-03-08 01:43:01 - [TEST_STEP][PASSED] - out.println("Begin Record Number: " + row): null

2024-03-08 01:43:01 - [TEST_STEP][PASSED] - today = new java.util.Date(): null

2024-03-08 01:43:01 - [TEST_STEP][PASSED] - println(today): null

2024-03-08 01:43:01 - [TEST_STEP][PASSED] - datText = today: null

2024-03-08 01:43:01 - [TEST_STEP][PASSED] - logInfo("Payment Type: New Tax Return Amount Due"): Payment Type: New Tax Return Amount Due

2024-03-08 01:43:01 - [MESSAGE][INFO] - Payment Type: New Tax Return Amount Due

2024-03-08 01:43:01 - [TEST_STEP][PASSED] - logInfo("Tax Type: " + TaxType): Tax Type: PTE Tax Electing S Corp

2024-03-08 01:43:01 - [MESSAGE][INFO] - Tax Type: PTE Tax Electing S Corp

2024-03-08 01:43:01 - [TEST_STEP][PASSED] - openBrowser(""): Browser is opened with url: ''

2024-03-08 01:43:01 - [MESSAGE][WARNING] - A browser is already opened. Closing browser and opening a new one

2024-03-08 01:43:31 - [MESSAGE][INFO] - Starting 'Chrome' driver

2024-03-08 01:43:31 - [MESSAGE][INFO] - User set preference: ['acceptInsecureCerts', 'true']

2024-03-08 01:43:31 - [MESSAGE][INFO] - Action delay is set to 0 milliseconds

2024-03-08 01:43:32 - [MESSAGE][PASSED] - Browser is opened with url: ''

2024-03-08 01:43:32 - [TEST_STEP][PASSED] - maximizeWindow(): Current window maximized

2024-03-08 01:43:32 - [MESSAGE][PASSED] - Current window maximized

2024-03-08 01:43:32 - [TEST_STEP][PASSED] - navigateToUrl(RADurl): Navigate to 'https://qa2.velocitypayment.com/client/rad/index.html' successfully

2024-03-08 01:43:44 - [MESSAGE][PASSED] - Navigate to 'https://qa2.velocitypayment.com/client/rad/index.html' successfully

2024-03-08 01:43:44 - [TEST_STEP][PASSED] - selectOptionByLabel(findTestObject(orPath_Landing + "/dd_TaxType"), "New Tax Return Amount Due", false): All options with label 'New Tax Return Amount Due' are selected in object 'Object Repository/RAD_Pages/Landing_Page/dd_TaxType' 

2024-03-08 01:43:44 - [MESSAGE][PASSED] - All options with label 'New Tax Return Amount Due' are selected in object 'Object Repository/RAD_Pages/Landing_Page/dd_TaxType' 

2024-03-08 01:43:44 - [TEST_STEP][PASSED] - selectOptionByLabel(findTestObject("Object Repository/RAD_Pages/Landing_Page/select_NewTaxReturnAmountDue_TaxType"), TaxType, false): All options with label 'PTE Tax Electing S Corp' are selected in object 'Object Repository/RAD_Pages/Landing_Page/select_NewTaxReturnAmountDue_TaxType' 

2024-03-08 01:43:45 - [MESSAGE][PASSED] - All options with label 'PTE Tax Electing S Corp' are selected in object 'Object Repository/RAD_Pages/Landing_Page/select_NewTaxReturnAmountDue_TaxType' 

2024-03-08 01:43:45 - [TEST_STEP][PASSED] - selectOptionByLabel(findTestObject(orPath_TaxTypeFilingYear + "/select_FilingYear"), FilingYear, false): All options with label '2022' are selected in object 'Object Repository/RAD_Pages/TaxTypeFilingYear_Page/select_FilingYear' 

2024-03-08 01:43:46 - [MESSAGE][PASSED] - All options with label '2022' are selected in object 'Object Repository/RAD_Pages/TaxTypeFilingYear_Page/select_FilingYear' 

2024-03-08 01:43:46 - [TEST_STEP][PASSED] - setText(findTestObject(orPath_TaxPayer + "/input_businessName"), " "): Text ' ' is set on object 'Object Repository/RAD_Pages/Taxpayer_Page/input_businessName'

2024-03-08 01:43:46 - [MESSAGE][PASSED] - Text ' ' is set on object 'Object Repository/RAD_Pages/Taxpayer_Page/input_businessName'

2024-03-08 01:43:46 - [TEST_STEP][PASSED] - setText(findTestObject(orPath_TaxPayer + "/input_BusinessRepfirstName"), " "): Text ' ' is set on object 'Object Repository/RAD_Pages/Taxpayer_Page/input_BusinessRepfirstName'

2024-03-08 01:43:47 - [MESSAGE][PASSED] - Text ' ' is set on object 'Object Repository/RAD_Pages/Taxpayer_Page/input_BusinessRepfirstName'

2024-03-08 01:43:47 - [TEST_STEP][PASSED] - setText(findTestObject(orPath_TaxPayer + "/input_BusinessReplastName"), " "): Text ' ' is set on object 'Object Repository/RAD_Pages/Taxpayer_Page/input_BusinessReplastName'

2024-03-08 01:43:48 - [MESSAGE][PASSED] - Text ' ' is set on object 'Object Repository/RAD_Pages/Taxpayer_Page/input_BusinessReplastName'

2024-03-08 01:43:48 - [TEST_STEP][PASSED] - setText(findTestObject(orPath_AddressContact + "/input_streetAddress1"), " "): Text ' ' is set on object 'Object Repository/RAD_Pages/AddressAndContactInfo_Page/input_streetAddress1'

2024-03-08 01:43:49 - [MESSAGE][PASSED] - Text ' ' is set on object 'Object Repository/RAD_Pages/AddressAndContactInfo_Page/input_streetAddress1'

2024-03-08 01:43:49 - [TEST_STEP][PASSED] - setText(findTestObject(orPath_AddressContact + "/input_city"), " "): Text ' ' is set on object 'Object Repository/RAD_Pages/AddressAndContactInfo_Page/input_city'

2024-03-08 01:43:49 - [MESSAGE][PASSED] - Text ' ' is set on object 'Object Repository/RAD_Pages/AddressAndContactInfo_Page/input_city'

2024-03-08 01:43:49 - [TEST_STEP][PASSED] - setText(findTestObject(orPath_AddressContact + "/input_zipCode"), " "): Text ' ' is set on object 'Object Repository/RAD_Pages/AddressAndContactInfo_Page/input_zipCode'

2024-03-08 01:43:50 - [MESSAGE][PASSED] - Text ' ' is set on object 'Object Repository/RAD_Pages/AddressAndContactInfo_Page/input_zipCode'

2024-03-08 01:43:50 - [TEST_STEP][PASSED] - setText(findTestObject(orPath_AddressContact + "/input_phoneNumber"), " "): Text ' ' is set on object 'Object Repository/RAD_Pages/AddressAndContactInfo_Page/input_phoneNumber'

2024-03-08 01:43:51 - [MESSAGE][PASSED] - Text ' ' is set on object 'Object Repository/RAD_Pages/AddressAndContactInfo_Page/input_phoneNumber'

2024-03-08 01:43:51 - [TEST_STEP][PASSED] - setText(findTestObject(orPath_AddressContact + "/input_eMailAddress"), " "): Text ' ' is set on object 'Object Repository/RAD_Pages/AddressAndContactInfo_Page/input_eMailAddress'

2024-03-08 01:43:51 - [MESSAGE][PASSED] - Text ' ' is set on object 'Object Repository/RAD_Pages/AddressAndContactInfo_Page/input_eMailAddress'

2024-03-08 01:43:51 - [TEST_STEP][PASSED] - setText(findTestObject(orPath_AddressContact + "/input_reEnterEMailAddress"), " "): Text ' ' is set on object 'Object Repository/RAD_Pages/AddressAndContactInfo_Page/input_reEnterEMailAddress'

2024-03-08 01:43:52 - [MESSAGE][PASSED] - Text ' ' is set on object 'Object Repository/RAD_Pages/AddressAndContactInfo_Page/input_reEnterEMailAddress'

2024-03-08 01:43:52 - [TEST_STEP][PASSED] - if (TaxType.equalsIgnoreCase("Estate Tax")): null

2024-03-08 01:43:52 - [TEST_STEP][PASSED] - setText(findTestObject(orPath_Amount + "/input__paymentAmount"), ""): Text '' is set on object 'Object Repository/RAD_Pages/PaymentAmount_Page/input__paymentAmount'

2024-03-08 01:43:53 - [MESSAGE][PASSED] - Text '' is set on object 'Object Repository/RAD_Pages/PaymentAmount_Page/input__paymentAmount'

2024-03-08 01:43:53 - [TEST_STEP][PASSED] - resText = "Fail": null

2024-03-08 01:43:53 - [TEST_STEP][PASSED] - pages.WriteExcel.demoKey(resText, datText, resColumn, datCloumn, fileLoc, nameSheet, row): pages.WriteExcel.demoKey is PASSED

2024-03-08 01:43:53 - [MESSAGE][PASSED] - pages.WriteExcel.demoKey is PASSED

2024-03-08 01:43:53 - [TEST_STEP][PASSED] - verifyTextPresent("Enter business name", true, CONTINUE_ON_FAILURE): Text 'Enter business name' is present on page  using regular expression

2024-03-08 01:43:53 - [MESSAGE][PASSED] - Text 'Enter business name' is present on page  using regular expression

2024-03-08 01:43:53 - [TEST_STEP][PASSED] - verifyTextPresent("Enter business rep first name", true, CONTINUE_ON_FAILURE): Text 'Enter business rep first name' is present on page  using regular expression

2024-03-08 01:43:54 - [MESSAGE][PASSED] - Text 'Enter business rep first name' is present on page  using regular expression

2024-03-08 01:43:54 - [TEST_STEP][PASSED] - verifyTextPresent("Enter business rep last name", true, CONTINUE_ON_FAILURE): Text 'Enter business rep last name' is present on page  using regular expression

2024-03-08 01:43:54 - [MESSAGE][PASSED] - Text 'Enter business rep last name' is present on page  using regular expression

2024-03-08 01:43:54 - [TEST_STEP][PASSED] - verifyTextPresent("Enter address", true, CONTINUE_ON_FAILURE): Text 'Enter address' is present on page  using regular expression

2024-03-08 01:43:55 - [MESSAGE][PASSED] - Text 'Enter address' is present on page  using regular expression

2024-03-08 01:43:55 - [TEST_STEP][PASSED] - verifyTextPresent("Enter city", true, CONTINUE_ON_FAILURE): Text 'Enter city' is present on page  using regular expression

2024-03-08 01:43:55 - [MESSAGE][PASSED] - Text 'Enter city' is present on page  using regular expression

2024-03-08 01:43:55 - [TEST_STEP][PASSED] - verifyTextPresent("Enter ZIP code", true, CONTINUE_ON_FAILURE): Text 'Enter ZIP code' is present on page  using regular expression

2024-03-08 01:43:55 - [MESSAGE][PASSED] - Text 'Enter ZIP code' is present on page  using regular expression

2024-03-08 01:43:55 - [TEST_STEP][PASSED] - verifyTextPresent("Enter a valid phone number", true, CONTINUE_ON_FAILURE): Text 'Enter a valid phone number' is present on page  using regular expression

2024-03-08 01:43:56 - [MESSAGE][PASSED] - Text 'Enter a valid phone number' is present on page  using regular expression

2024-03-08 01:43:56 - [TEST_STEP][PASSED] - verifyTextPresent("Enter Email", true, CONTINUE_ON_FAILURE): Text 'Enter Email' is present on page  using regular expression

2024-03-08 01:43:56 - [MESSAGE][PASSED] - Text 'Enter Email' is present on page  using regular expression

2024-03-08 01:43:56 - [TEST_STEP][PASSED] - if (TaxType.equalsIgnoreCase("Estate Tax")): null

2024-03-08 01:43:56 - [TEST_STEP][PASSED] - if (CRN.equalsIgnoreCase("Y")): null

2024-03-08 01:43:56 - [TEST_STEP][PASSED] - resText = "Pass": null

2024-03-08 01:43:56 - [TEST_STEP][PASSED] - pages.WriteExcel.demoKey(resText, datText, resColumn, datCloumn, fileLoc, nameSheet, row): pages.WriteExcel.demoKey is PASSED

2024-03-08 01:43:56 - [MESSAGE][PASSED] - pages.WriteExcel.demoKey is PASSED

2024-03-08 01:43:56 - [TEST_STEP][PASSED] - ExecuteTC = findTestData(dataFile).getValue("Execute", row): null

2024-03-08 01:43:56 - [TEST_STEP][PASSED] - TaxType = findTestData(dataFile).getValue("TaxType", row): null

2024-03-08 01:43:56 - [TEST_STEP][PASSED] - PaymentType = findTestData(dataFile).getValue("PaymentType", row): null

2024-03-08 01:43:56 - [TEST_STEP][PASSED] - FilingYear = findTestData(dataFile).getValue("Year", row): null

2024-03-08 01:43:56 - [TEST_STEP][PASSED] - feinSSN = findTestData(dataFile).getValue("FeinSsn", row): null

2024-03-08 01:43:56 - [TEST_STEP][PASSED] - CRN = findTestData(dataFile).getValue("CRN", row): null

2024-03-08 01:43:56 - [TEST_STEP][PASSED] - if (ExecuteTC.equalsIgnoreCase("Y")): pages.WriteExcel.demoKey is PASSED

2024-03-08 01:43:56 - [TEST_STEP][PASSED] - out.println("Begin Record Number: " + row): null

2024-03-08 01:43:56 - [TEST_STEP][PASSED] - today = new java.util.Date(): null

2024-03-08 01:43:56 - [TEST_STEP][PASSED] - println(today): null

2024-03-08 01:43:56 - [TEST_STEP][PASSED] - datText = today: null

2024-03-08 01:43:56 - [TEST_STEP][PASSED] - logInfo("Payment Type: New Tax Return Amount Due"): Payment Type: New Tax Return Amount Due

2024-03-08 01:43:56 - [MESSAGE][INFO] - Payment Type: New Tax Return Amount Due

2024-03-08 01:43:56 - [TEST_STEP][PASSED] - logInfo("Tax Type: " + TaxType): Tax Type: Fiduciary Tax

2024-03-08 01:43:56 - [MESSAGE][INFO] - Tax Type: Fiduciary Tax

2024-03-08 01:43:56 - [TEST_STEP][PASSED] - openBrowser(""): Browser is opened with url: ''

2024-03-08 01:43:56 - [MESSAGE][WARNING] - A browser is already opened. Closing browser and opening a new one

2024-03-08 01:44:14 - [MESSAGE][INFO] - Starting 'Chrome' driver

2024-03-08 01:44:14 - [MESSAGE][INFO] - User set preference: ['acceptInsecureCerts', 'true']

2024-03-08 01:44:14 - [MESSAGE][INFO] - Action delay is set to 0 milliseconds

2024-03-08 01:44:15 - [MESSAGE][PASSED] - Browser is opened with url: ''

2024-03-08 01:44:15 - [TEST_STEP][PASSED] - maximizeWindow(): Current window maximized

2024-03-08 01:44:15 - [MESSAGE][PASSED] - Current window maximized

2024-03-08 01:44:15 - [TEST_STEP][PASSED] - navigateToUrl(RADurl): Navigate to 'https://qa2.velocitypayment.com/client/rad/index.html' successfully

2024-03-08 01:44:23 - [MESSAGE][PASSED] - Navigate to 'https://qa2.velocitypayment.com/client/rad/index.html' successfully

2024-03-08 01:44:23 - [TEST_STEP][PASSED] - selectOptionByLabel(findTestObject(orPath_Landing + "/dd_TaxType"), "New Tax Return Amount Due", false): All options with label 'New Tax Return Amount Due' are selected in object 'Object Repository/RAD_Pages/Landing_Page/dd_TaxType' 

2024-03-08 01:44:23 - [MESSAGE][PASSED] - All options with label 'New Tax Return Amount Due' are selected in object 'Object Repository/RAD_Pages/Landing_Page/dd_TaxType' 

2024-03-08 01:44:23 - [TEST_STEP][PASSED] - selectOptionByLabel(findTestObject("Object Repository/RAD_Pages/Landing_Page/select_NewTaxReturnAmountDue_TaxType"), TaxType, false): All options with label 'Fiduciary Tax' are selected in object 'Object Repository/RAD_Pages/Landing_Page/select_NewTaxReturnAmountDue_TaxType' 

2024-03-08 01:44:24 - [MESSAGE][PASSED] - All options with label 'Fiduciary Tax' are selected in object 'Object Repository/RAD_Pages/Landing_Page/select_NewTaxReturnAmountDue_TaxType' 

2024-03-08 01:44:24 - [TEST_STEP][PASSED] - selectOptionByLabel(findTestObject(orPath_TaxTypeFilingYear + "/select_FilingYear"), FilingYear, false): All options with label '2021' are selected in object 'Object Repository/RAD_Pages/TaxTypeFilingYear_Page/select_FilingYear' 

2024-03-08 01:44:25 - [MESSAGE][PASSED] - All options with label '2021' are selected in object 'Object Repository/RAD_Pages/TaxTypeFilingYear_Page/select_FilingYear' 

2024-03-08 01:44:25 - [TEST_STEP][PASSED] - setText(findTestObject(orPath_TaxPayer + "/input_businessName"), " "): Text ' ' is set on object 'Object Repository/RAD_Pages/Taxpayer_Page/input_businessName'

2024-03-08 01:44:26 - [MESSAGE][PASSED] - Text ' ' is set on object 'Object Repository/RAD_Pages/Taxpayer_Page/input_businessName'

2024-03-08 01:44:26 - [TEST_STEP][PASSED] - setText(findTestObject(orPath_TaxPayer + "/input_BusinessRepfirstName"), " "): Text ' ' is set on object 'Object Repository/RAD_Pages/Taxpayer_Page/input_BusinessRepfirstName'

2024-03-08 01:44:26 - [MESSAGE][PASSED] - Text ' ' is set on object 'Object Repository/RAD_Pages/Taxpayer_Page/input_BusinessRepfirstName'

2024-03-08 01:44:26 - [TEST_STEP][PASSED] - setText(findTestObject(orPath_TaxPayer + "/input_BusinessReplastName"), " "): Text ' ' is set on object 'Object Repository/RAD_Pages/Taxpayer_Page/input_BusinessReplastName'

2024-03-08 01:44:27 - [MESSAGE][PASSED] - Text ' ' is set on object 'Object Repository/RAD_Pages/Taxpayer_Page/input_BusinessReplastName'

2024-03-08 01:44:27 - [TEST_STEP][PASSED] - setText(findTestObject(orPath_AddressContact + "/input_streetAddress1"), " "): Text ' ' is set on object 'Object Repository/RAD_Pages/AddressAndContactInfo_Page/input_streetAddress1'

2024-03-08 01:44:28 - [MESSAGE][PASSED] - Text ' ' is set on object 'Object Repository/RAD_Pages/AddressAndContactInfo_Page/input_streetAddress1'

2024-03-08 01:44:28 - [TEST_STEP][PASSED] - setText(findTestObject(orPath_AddressContact + "/input_city"), " "): Text ' ' is set on object 'Object Repository/RAD_Pages/AddressAndContactInfo_Page/input_city'

2024-03-08 01:44:28 - [MESSAGE][PASSED] - Text ' ' is set on object 'Object Repository/RAD_Pages/AddressAndContactInfo_Page/input_city'

2024-03-08 01:44:28 - [TEST_STEP][PASSED] - setText(findTestObject(orPath_AddressContact + "/input_zipCode"), " "): Text ' ' is set on object 'Object Repository/RAD_Pages/AddressAndContactInfo_Page/input_zipCode'

2024-03-08 01:44:29 - [MESSAGE][PASSED] - Text ' ' is set on object 'Object Repository/RAD_Pages/AddressAndContactInfo_Page/input_zipCode'

2024-03-08 01:44:29 - [TEST_STEP][PASSED] - setText(findTestObject(orPath_AddressContact + "/input_phoneNumber"), " "): Text ' ' is set on object 'Object Repository/RAD_Pages/AddressAndContactInfo_Page/input_phoneNumber'

2024-03-08 01:44:30 - [MESSAGE][PASSED] - Text ' ' is set on object 'Object Repository/RAD_Pages/AddressAndContactInfo_Page/input_phoneNumber'

2024-03-08 01:44:30 - [TEST_STEP][PASSED] - setText(findTestObject(orPath_AddressContact + "/input_eMailAddress"), " "): Text ' ' is set on object 'Object Repository/RAD_Pages/AddressAndContactInfo_Page/input_eMailAddress'

2024-03-08 01:44:31 - [MESSAGE][PASSED] - Text ' ' is set on object 'Object Repository/RAD_Pages/AddressAndContactInfo_Page/input_eMailAddress'

2024-03-08 01:44:31 - [TEST_STEP][PASSED] - setText(findTestObject(orPath_AddressContact + "/input_reEnterEMailAddress"), " "): Text ' ' is set on object 'Object Repository/RAD_Pages/AddressAndContactInfo_Page/input_reEnterEMailAddress'

2024-03-08 01:44:31 - [MESSAGE][PASSED] - Text ' ' is set on object 'Object Repository/RAD_Pages/AddressAndContactInfo_Page/input_reEnterEMailAddress'

2024-03-08 01:44:31 - [TEST_STEP][PASSED] - if (TaxType.equalsIgnoreCase("Estate Tax")): null

2024-03-08 01:44:31 - [TEST_STEP][PASSED] - setText(findTestObject(orPath_Amount + "/input__paymentAmount"), ""): Text '' is set on object 'Object Repository/RAD_Pages/PaymentAmount_Page/input__paymentAmount'

2024-03-08 01:44:32 - [MESSAGE][PASSED] - Text '' is set on object 'Object Repository/RAD_Pages/PaymentAmount_Page/input__paymentAmount'

2024-03-08 01:44:32 - [TEST_STEP][PASSED] - resText = "Fail": null

2024-03-08 01:44:32 - [TEST_STEP][PASSED] - pages.WriteExcel.demoKey(resText, datText, resColumn, datCloumn, fileLoc, nameSheet, row): pages.WriteExcel.demoKey is PASSED

2024-03-08 01:44:32 - [MESSAGE][PASSED] - pages.WriteExcel.demoKey is PASSED

2024-03-08 01:44:32 - [TEST_STEP][PASSED] - verifyTextPresent("Enter business name", true, CONTINUE_ON_FAILURE): Text 'Enter business name' is present on page  using regular expression

2024-03-08 01:44:33 - [MESSAGE][PASSED] - Text 'Enter business name' is present on page  using regular expression

2024-03-08 01:44:33 - [TEST_STEP][PASSED] - verifyTextPresent("Enter business rep first name", true, CONTINUE_ON_FAILURE): Text 'Enter business rep first name' is present on page  using regular expression

2024-03-08 01:44:33 - [MESSAGE][PASSED] - Text 'Enter business rep first name' is present on page  using regular expression

2024-03-08 01:44:33 - [TEST_STEP][PASSED] - verifyTextPresent("Enter business rep last name", true, CONTINUE_ON_FAILURE): Text 'Enter business rep last name' is present on page  using regular expression

2024-03-08 01:44:33 - [MESSAGE][PASSED] - Text 'Enter business rep last name' is present on page  using regular expression

2024-03-08 01:44:33 - [TEST_STEP][PASSED] - verifyTextPresent("Enter address", true, CONTINUE_ON_FAILURE): Text 'Enter address' is present on page  using regular expression

2024-03-08 01:44:34 - [MESSAGE][PASSED] - Text 'Enter address' is present on page  using regular expression

2024-03-08 01:44:34 - [TEST_STEP][PASSED] - verifyTextPresent("Enter city", true, CONTINUE_ON_FAILURE): Text 'Enter city' is present on page  using regular expression

2024-03-08 01:44:34 - [MESSAGE][PASSED] - Text 'Enter city' is present on page  using regular expression

2024-03-08 01:44:34 - [TEST_STEP][PASSED] - verifyTextPresent("Enter ZIP code", true, CONTINUE_ON_FAILURE): Text 'Enter ZIP code' is present on page  using regular expression

2024-03-08 01:44:34 - [MESSAGE][PASSED] - Text 'Enter ZIP code' is present on page  using regular expression

2024-03-08 01:44:34 - [TEST_STEP][PASSED] - verifyTextPresent("Enter a valid phone number", true, CONTINUE_ON_FAILURE): Text 'Enter a valid phone number' is present on page  using regular expression

2024-03-08 01:44:35 - [MESSAGE][PASSED] - Text 'Enter a valid phone number' is present on page  using regular expression

2024-03-08 01:44:35 - [TEST_STEP][PASSED] - verifyTextPresent("Enter Email", true, CONTINUE_ON_FAILURE): Text 'Enter Email' is present on page  using regular expression

2024-03-08 01:44:35 - [MESSAGE][PASSED] - Text 'Enter Email' is present on page  using regular expression

2024-03-08 01:44:35 - [TEST_STEP][PASSED] - if (TaxType.equalsIgnoreCase("Estate Tax")): null

2024-03-08 01:44:35 - [TEST_STEP][PASSED] - if (CRN.equalsIgnoreCase("Y")): null

2024-03-08 01:44:35 - [TEST_STEP][PASSED] - resText = "Pass": null

2024-03-08 01:44:35 - [TEST_STEP][PASSED] - pages.WriteExcel.demoKey(resText, datText, resColumn, datCloumn, fileLoc, nameSheet, row): pages.WriteExcel.demoKey is PASSED

2024-03-08 01:44:35 - [MESSAGE][PASSED] - pages.WriteExcel.demoKey is PASSED

2024-03-08 01:44:35 - [TEST_STEP][PASSED] - ExecuteTC = findTestData(dataFile).getValue("Execute", row): null

2024-03-08 01:44:35 - [TEST_STEP][PASSED] - TaxType = findTestData(dataFile).getValue("TaxType", row): null

2024-03-08 01:44:35 - [TEST_STEP][PASSED] - PaymentType = findTestData(dataFile).getValue("PaymentType", row): null

2024-03-08 01:44:35 - [TEST_STEP][PASSED] - FilingYear = findTestData(dataFile).getValue("Year", row): null

2024-03-08 01:44:35 - [TEST_STEP][PASSED] - feinSSN = findTestData(dataFile).getValue("FeinSsn", row): null

2024-03-08 01:44:36 - [TEST_STEP][PASSED] - CRN = findTestData(dataFile).getValue("CRN", row): null

2024-03-08 01:44:36 - [TEST_STEP][PASSED] - if (ExecuteTC.equalsIgnoreCase("Y")): pages.WriteExcel.demoKey is PASSED

2024-03-08 01:44:36 - [TEST_STEP][PASSED] - out.println("Begin Record Number: " + row): null

2024-03-08 01:44:36 - [TEST_STEP][PASSED] - today = new java.util.Date(): null

2024-03-08 01:44:36 - [TEST_STEP][PASSED] - println(today): null

2024-03-08 01:44:36 - [TEST_STEP][PASSED] - datText = today: null

2024-03-08 01:44:36 - [TEST_STEP][PASSED] - logInfo("Payment Type: New Tax Return Amount Due"): Payment Type: New Tax Return Amount Due

2024-03-08 01:44:36 - [MESSAGE][INFO] - Payment Type: New Tax Return Amount Due

2024-03-08 01:44:36 - [TEST_STEP][PASSED] - logInfo("Tax Type: " + TaxType): Tax Type: PTE Non-Electing Non-S Corp

2024-03-08 01:44:36 - [MESSAGE][INFO] - Tax Type: PTE Non-Electing Non-S Corp

2024-03-08 01:44:36 - [TEST_STEP][PASSED] - openBrowser(""): Browser is opened with url: ''

2024-03-08 01:44:36 - [MESSAGE][WARNING] - A browser is already opened. Closing browser and opening a new one

2024-03-08 01:44:42 - [MESSAGE][INFO] - Starting 'Chrome' driver

2024-03-08 01:44:42 - [MESSAGE][INFO] - User set preference: ['acceptInsecureCerts', 'true']

2024-03-08 01:44:42 - [MESSAGE][INFO] - Action delay is set to 0 milliseconds

2024-03-08 01:44:43 - [MESSAGE][PASSED] - Browser is opened with url: ''

2024-03-08 01:44:43 - [TEST_STEP][PASSED] - maximizeWindow(): Current window maximized

2024-03-08 01:44:43 - [MESSAGE][PASSED] - Current window maximized

2024-03-08 01:44:43 - [TEST_STEP][PASSED] - navigateToUrl(RADurl): Navigate to 'https://qa2.velocitypayment.com/client/rad/index.html' successfully

2024-03-08 01:44:45 - [MESSAGE][PASSED] - Navigate to 'https://qa2.velocitypayment.com/client/rad/index.html' successfully

2024-03-08 01:44:45 - [TEST_STEP][PASSED] - selectOptionByLabel(findTestObject(orPath_Landing + "/dd_TaxType"), "New Tax Return Amount Due", false): All options with label 'New Tax Return Amount Due' are selected in object 'Object Repository/RAD_Pages/Landing_Page/dd_TaxType' 

2024-03-08 01:44:46 - [MESSAGE][PASSED] - All options with label 'New Tax Return Amount Due' are selected in object 'Object Repository/RAD_Pages/Landing_Page/dd_TaxType' 

2024-03-08 01:44:46 - [TEST_STEP][PASSED] - selectOptionByLabel(findTestObject("Object Repository/RAD_Pages/Landing_Page/select_NewTaxReturnAmountDue_TaxType"), TaxType, false): All options with label 'PTE Non-Electing Non-S Corp' are selected in object 'Object Repository/RAD_Pages/Landing_Page/select_NewTaxReturnAmountDue_TaxType' 

2024-03-08 01:44:47 - [MESSAGE][PASSED] - All options with label 'PTE Non-Electing Non-S Corp' are selected in object 'Object Repository/RAD_Pages/Landing_Page/select_NewTaxReturnAmountDue_TaxType' 

2024-03-08 01:44:47 - [TEST_STEP][PASSED] - selectOptionByLabel(findTestObject(orPath_TaxTypeFilingYear + "/select_FilingYear"), FilingYear, false): All options with label '2021' are selected in object 'Object Repository/RAD_Pages/TaxTypeFilingYear_Page/select_FilingYear' 

2024-03-08 01:44:47 - [MESSAGE][PASSED] - All options with label '2021' are selected in object 'Object Repository/RAD_Pages/TaxTypeFilingYear_Page/select_FilingYear' 

2024-03-08 01:44:47 - [TEST_STEP][PASSED] - setText(findTestObject(orPath_TaxPayer + "/input_businessName"), " "): Text ' ' is set on object 'Object Repository/RAD_Pages/Taxpayer_Page/input_businessName'

2024-03-08 01:44:48 - [MESSAGE][PASSED] - Text ' ' is set on object 'Object Repository/RAD_Pages/Taxpayer_Page/input_businessName'

2024-03-08 01:44:48 - [TEST_STEP][PASSED] - setText(findTestObject(orPath_TaxPayer + "/input_BusinessRepfirstName"), " "): Text ' ' is set on object 'Object Repository/RAD_Pages/Taxpayer_Page/input_BusinessRepfirstName'

2024-03-08 01:44:49 - [MESSAGE][PASSED] - Text ' ' is set on object 'Object Repository/RAD_Pages/Taxpayer_Page/input_BusinessRepfirstName'

2024-03-08 01:44:49 - [TEST_STEP][PASSED] - setText(findTestObject(orPath_TaxPayer + "/input_BusinessReplastName"), " "): Text ' ' is set on object 'Object Repository/RAD_Pages/Taxpayer_Page/input_BusinessReplastName'

2024-03-08 01:44:50 - [MESSAGE][PASSED] - Text ' ' is set on object 'Object Repository/RAD_Pages/Taxpayer_Page/input_BusinessReplastName'

2024-03-08 01:44:50 - [TEST_STEP][PASSED] - setText(findTestObject(orPath_AddressContact + "/input_streetAddress1"), " "): Text ' ' is set on object 'Object Repository/RAD_Pages/AddressAndContactInfo_Page/input_streetAddress1'

2024-03-08 01:44:50 - [MESSAGE][PASSED] - Text ' ' is set on object 'Object Repository/RAD_Pages/AddressAndContactInfo_Page/input_streetAddress1'

2024-03-08 01:44:50 - [TEST_STEP][PASSED] - setText(findTestObject(orPath_AddressContact + "/input_city"), " "): Text ' ' is set on object 'Object Repository/RAD_Pages/AddressAndContactInfo_Page/input_city'

2024-03-08 01:44:51 - [MESSAGE][PASSED] - Text ' ' is set on object 'Object Repository/RAD_Pages/AddressAndContactInfo_Page/input_city'

2024-03-08 01:44:51 - [TEST_STEP][PASSED] - setText(findTestObject(orPath_AddressContact + "/input_zipCode"), " "): Text ' ' is set on object 'Object Repository/RAD_Pages/AddressAndContactInfo_Page/input_zipCode'

2024-03-08 01:44:52 - [MESSAGE][PASSED] - Text ' ' is set on object 'Object Repository/RAD_Pages/AddressAndContactInfo_Page/input_zipCode'

2024-03-08 01:44:52 - [TEST_STEP][PASSED] - setText(findTestObject(orPath_AddressContact + "/input_phoneNumber"), " "): Text ' ' is set on object 'Object Repository/RAD_Pages/AddressAndContactInfo_Page/input_phoneNumber'

2024-03-08 01:44:52 - [MESSAGE][PASSED] - Text ' ' is set on object 'Object Repository/RAD_Pages/AddressAndContactInfo_Page/input_phoneNumber'

2024-03-08 01:44:52 - [TEST_STEP][PASSED] - setText(findTestObject(orPath_AddressContact + "/input_eMailAddress"), " "): Text ' ' is set on object 'Object Repository/RAD_Pages/AddressAndContactInfo_Page/input_eMailAddress'

2024-03-08 01:44:53 - [MESSAGE][PASSED] - Text ' ' is set on object 'Object Repository/RAD_Pages/AddressAndContactInfo_Page/input_eMailAddress'

2024-03-08 01:44:53 - [TEST_STEP][PASSED] - setText(findTestObject(orPath_AddressContact + "/input_reEnterEMailAddress"), " "): Text ' ' is set on object 'Object Repository/RAD_Pages/AddressAndContactInfo_Page/input_reEnterEMailAddress'

2024-03-08 01:44:54 - [MESSAGE][PASSED] - Text ' ' is set on object 'Object Repository/RAD_Pages/AddressAndContactInfo_Page/input_reEnterEMailAddress'

2024-03-08 01:44:54 - [TEST_STEP][PASSED] - if (TaxType.equalsIgnoreCase("Estate Tax")): null

2024-03-08 01:44:54 - [TEST_STEP][PASSED] - setText(findTestObject(orPath_Amount + "/input__paymentAmount"), ""): Text '' is set on object 'Object Repository/RAD_Pages/PaymentAmount_Page/input__paymentAmount'

2024-03-08 01:44:55 - [MESSAGE][PASSED] - Text '' is set on object 'Object Repository/RAD_Pages/PaymentAmount_Page/input__paymentAmount'

2024-03-08 01:44:55 - [TEST_STEP][PASSED] - resText = "Fail": null

2024-03-08 01:44:55 - [TEST_STEP][PASSED] - pages.WriteExcel.demoKey(resText, datText, resColumn, datCloumn, fileLoc, nameSheet, row): pages.WriteExcel.demoKey is PASSED

2024-03-08 01:44:55 - [MESSAGE][PASSED] - pages.WriteExcel.demoKey is PASSED

2024-03-08 01:44:55 - [TEST_STEP][PASSED] - verifyTextPresent("Enter business name", true, CONTINUE_ON_FAILURE): Text 'Enter business name' is present on page  using regular expression

2024-03-08 01:44:55 - [MESSAGE][PASSED] - Text 'Enter business name' is present on page  using regular expression

2024-03-08 01:44:55 - [TEST_STEP][PASSED] - verifyTextPresent("Enter business rep first name", true, CONTINUE_ON_FAILURE): Text 'Enter business rep first name' is present on page  using regular expression

2024-03-08 01:44:56 - [MESSAGE][PASSED] - Text 'Enter business rep first name' is present on page  using regular expression

2024-03-08 01:44:56 - [TEST_STEP][PASSED] - verifyTextPresent("Enter business rep last name", true, CONTINUE_ON_FAILURE): Text 'Enter business rep last name' is present on page  using regular expression

2024-03-08 01:44:56 - [MESSAGE][PASSED] - Text 'Enter business rep last name' is present on page  using regular expression

2024-03-08 01:44:56 - [TEST_STEP][PASSED] - verifyTextPresent("Enter address", true, CONTINUE_ON_FAILURE): Text 'Enter address' is present on page  using regular expression

2024-03-08 01:44:56 - [MESSAGE][PASSED] - Text 'Enter address' is present on page  using regular expression

2024-03-08 01:44:56 - [TEST_STEP][PASSED] - verifyTextPresent("Enter city", true, CONTINUE_ON_FAILURE): Text 'Enter city' is present on page  using regular expression

2024-03-08 01:44:57 - [MESSAGE][PASSED] - Text 'Enter city' is present on page  using regular expression

2024-03-08 01:44:57 - [TEST_STEP][PASSED] - verifyTextPresent("Enter ZIP code", true, CONTINUE_ON_FAILURE): Text 'Enter ZIP code' is present on page  using regular expression

2024-03-08 01:44:57 - [MESSAGE][PASSED] - Text 'Enter ZIP code' is present on page  using regular expression

2024-03-08 01:44:57 - [TEST_STEP][PASSED] - verifyTextPresent("Enter a valid phone number", true, CONTINUE_ON_FAILURE): Text 'Enter a valid phone number' is present on page  using regular expression

2024-03-08 01:44:57 - [MESSAGE][PASSED] - Text 'Enter a valid phone number' is present on page  using regular expression

2024-03-08 01:44:57 - [TEST_STEP][PASSED] - verifyTextPresent("Enter Email", true, CONTINUE_ON_FAILURE): Text 'Enter Email' is present on page  using regular expression

2024-03-08 01:44:58 - [MESSAGE][PASSED] - Text 'Enter Email' is present on page  using regular expression

2024-03-08 01:44:58 - [TEST_STEP][PASSED] - if (TaxType.equalsIgnoreCase("Estate Tax")): null

2024-03-08 01:44:58 - [TEST_STEP][PASSED] - if (CRN.equalsIgnoreCase("Y")): null

2024-03-08 01:44:58 - [TEST_STEP][PASSED] - resText = "Pass": null

2024-03-08 01:44:58 - [TEST_STEP][PASSED] - pages.WriteExcel.demoKey(resText, datText, resColumn, datCloumn, fileLoc, nameSheet, row): pages.WriteExcel.demoKey is PASSED

2024-03-08 01:44:58 - [MESSAGE][PASSED] - pages.WriteExcel.demoKey is PASSED

2024-03-08 01:44:58 - [TEST_STEP][PASSED] - ExecuteTC = findTestData(dataFile).getValue("Execute", row): null

2024-03-08 01:44:58 - [TEST_STEP][PASSED] - TaxType = findTestData(dataFile).getValue("TaxType", row): null

2024-03-08 01:44:58 - [TEST_STEP][PASSED] - PaymentType = findTestData(dataFile).getValue("PaymentType", row): null

2024-03-08 01:44:58 - [TEST_STEP][PASSED] - FilingYear = findTestData(dataFile).getValue("Year", row): null

2024-03-08 01:44:58 - [TEST_STEP][PASSED] - feinSSN = findTestData(dataFile).getValue("FeinSsn", row): null

2024-03-08 01:44:58 - [TEST_STEP][PASSED] - CRN = findTestData(dataFile).getValue("CRN", row): null

2024-03-08 01:44:58 - [TEST_STEP][PASSED] - if (ExecuteTC.equalsIgnoreCase("Y")): pages.WriteExcel.demoKey is PASSED

2024-03-08 01:44:58 - [TEST_STEP][PASSED] - out.println("Begin Record Number: " + row): null

2024-03-08 01:44:58 - [TEST_STEP][PASSED] - today = new java.util.Date(): null

2024-03-08 01:44:58 - [TEST_STEP][PASSED] - println(today): null

2024-03-08 01:44:58 - [TEST_STEP][PASSED] - datText = today: null

2024-03-08 01:44:58 - [TEST_STEP][PASSED] - logInfo("Payment Type: New Tax Return Amount Due"): Payment Type: New Tax Return Amount Due

2024-03-08 01:44:58 - [MESSAGE][INFO] - Payment Type: New Tax Return Amount Due

2024-03-08 01:44:58 - [TEST_STEP][PASSED] - logInfo("Tax Type: " + TaxType): Tax Type: PTE Non-Electing S Corp

2024-03-08 01:44:58 - [MESSAGE][INFO] - Tax Type: PTE Non-Electing S Corp

2024-03-08 01:44:58 - [TEST_STEP][PASSED] - openBrowser(""): Browser is opened with url: ''

2024-03-08 01:44:58 - [MESSAGE][WARNING] - A browser is already opened. Closing browser and opening a new one

2024-03-08 01:45:20 - [MESSAGE][INFO] - Starting 'Chrome' driver

2024-03-08 01:45:20 - [MESSAGE][INFO] - User set preference: ['acceptInsecureCerts', 'true']

2024-03-08 01:45:20 - [MESSAGE][INFO] - Action delay is set to 0 milliseconds

2024-03-08 01:45:22 - [MESSAGE][PASSED] - Browser is opened with url: ''

2024-03-08 01:45:22 - [TEST_STEP][PASSED] - maximizeWindow(): Current window maximized

2024-03-08 01:45:22 - [MESSAGE][PASSED] - Current window maximized

2024-03-08 01:45:22 - [TEST_STEP][PASSED] - navigateToUrl(RADurl): Navigate to 'https://qa2.velocitypayment.com/client/rad/index.html' successfully

2024-03-08 01:45:34 - [MESSAGE][PASSED] - Navigate to 'https://qa2.velocitypayment.com/client/rad/index.html' successfully

2024-03-08 01:45:34 - [TEST_STEP][PASSED] - selectOptionByLabel(findTestObject(orPath_Landing + "/dd_TaxType"), "New Tax Return Amount Due", false): All options with label 'New Tax Return Amount Due' are selected in object 'Object Repository/RAD_Pages/Landing_Page/dd_TaxType' 

2024-03-08 01:45:35 - [MESSAGE][PASSED] - All options with label 'New Tax Return Amount Due' are selected in object 'Object Repository/RAD_Pages/Landing_Page/dd_TaxType' 

2024-03-08 01:45:35 - [TEST_STEP][PASSED] - selectOptionByLabel(findTestObject("Object Repository/RAD_Pages/Landing_Page/select_NewTaxReturnAmountDue_TaxType"), TaxType, false): All options with label 'PTE Non-Electing S Corp' are selected in object 'Object Repository/RAD_Pages/Landing_Page/select_NewTaxReturnAmountDue_TaxType' 

2024-03-08 01:45:36 - [MESSAGE][PASSED] - All options with label 'PTE Non-Electing S Corp' are selected in object 'Object Repository/RAD_Pages/Landing_Page/select_NewTaxReturnAmountDue_TaxType' 

2024-03-08 01:45:36 - [TEST_STEP][PASSED] - selectOptionByLabel(findTestObject(orPath_TaxTypeFilingYear + "/select_FilingYear"), FilingYear, false): All options with label '2021' are selected in object 'Object Repository/RAD_Pages/TaxTypeFilingYear_Page/select_FilingYear' 

2024-03-08 01:45:36 - [MESSAGE][PASSED] - All options with label '2021' are selected in object 'Object Repository/RAD_Pages/TaxTypeFilingYear_Page/select_FilingYear' 

2024-03-08 01:45:36 - [TEST_STEP][PASSED] - setText(findTestObject(orPath_TaxPayer + "/input_businessName"), " "): Text ' ' is set on object 'Object Repository/RAD_Pages/Taxpayer_Page/input_businessName'

2024-03-08 01:45:37 - [MESSAGE][PASSED] - Text ' ' is set on object 'Object Repository/RAD_Pages/Taxpayer_Page/input_businessName'

2024-03-08 01:45:37 - [TEST_STEP][PASSED] - setText(findTestObject(orPath_TaxPayer + "/input_BusinessRepfirstName"), " "): Text ' ' is set on object 'Object Repository/RAD_Pages/Taxpayer_Page/input_BusinessRepfirstName'

2024-03-08 01:45:38 - [MESSAGE][PASSED] - Text ' ' is set on object 'Object Repository/RAD_Pages/Taxpayer_Page/input_BusinessRepfirstName'

2024-03-08 01:45:38 - [TEST_STEP][PASSED] - setText(findTestObject(orPath_TaxPayer + "/input_BusinessReplastName"), " "): Text ' ' is set on object 'Object Repository/RAD_Pages/Taxpayer_Page/input_BusinessReplastName'

2024-03-08 01:45:38 - [MESSAGE][PASSED] - Text ' ' is set on object 'Object Repository/RAD_Pages/Taxpayer_Page/input_BusinessReplastName'

2024-03-08 01:45:38 - [TEST_STEP][PASSED] - setText(findTestObject(orPath_AddressContact + "/input_streetAddress1"), " "): Text ' ' is set on object 'Object Repository/RAD_Pages/AddressAndContactInfo_Page/input_streetAddress1'

2024-03-08 01:45:39 - [MESSAGE][PASSED] - Text ' ' is set on object 'Object Repository/RAD_Pages/AddressAndContactInfo_Page/input_streetAddress1'

2024-03-08 01:45:39 - [TEST_STEP][PASSED] - setText(findTestObject(orPath_AddressContact + "/input_city"), " "): Text ' ' is set on object 'Object Repository/RAD_Pages/AddressAndContactInfo_Page/input_city'

2024-03-08 01:45:40 - [MESSAGE][PASSED] - Text ' ' is set on object 'Object Repository/RAD_Pages/AddressAndContactInfo_Page/input_city'

2024-03-08 01:45:40 - [TEST_STEP][PASSED] - setText(findTestObject(orPath_AddressContact + "/input_zipCode"), " "): Text ' ' is set on object 'Object Repository/RAD_Pages/AddressAndContactInfo_Page/input_zipCode'

2024-03-08 01:45:41 - [MESSAGE][PASSED] - Text ' ' is set on object 'Object Repository/RAD_Pages/AddressAndContactInfo_Page/input_zipCode'

2024-03-08 01:45:41 - [TEST_STEP][PASSED] - setText(findTestObject(orPath_AddressContact + "/input_phoneNumber"), " "): Text ' ' is set on object 'Object Repository/RAD_Pages/AddressAndContactInfo_Page/input_phoneNumber'

2024-03-08 01:45:41 - [MESSAGE][PASSED] - Text ' ' is set on object 'Object Repository/RAD_Pages/AddressAndContactInfo_Page/input_phoneNumber'

2024-03-08 01:45:41 - [TEST_STEP][PASSED] - setText(findTestObject(orPath_AddressContact + "/input_eMailAddress"), " "): Text ' ' is set on object 'Object Repository/RAD_Pages/AddressAndContactInfo_Page/input_eMailAddress'

2024-03-08 01:45:42 - [MESSAGE][PASSED] - Text ' ' is set on object 'Object Repository/RAD_Pages/AddressAndContactInfo_Page/input_eMailAddress'

2024-03-08 01:45:42 - [TEST_STEP][PASSED] - setText(findTestObject(orPath_AddressContact + "/input_reEnterEMailAddress"), " "): Text ' ' is set on object 'Object Repository/RAD_Pages/AddressAndContactInfo_Page/input_reEnterEMailAddress'

2024-03-08 01:45:43 - [MESSAGE][PASSED] - Text ' ' is set on object 'Object Repository/RAD_Pages/AddressAndContactInfo_Page/input_reEnterEMailAddress'

2024-03-08 01:45:43 - [TEST_STEP][PASSED] - if (TaxType.equalsIgnoreCase("Estate Tax")): null

2024-03-08 01:45:43 - [TEST_STEP][PASSED] - setText(findTestObject(orPath_Amount + "/input__paymentAmount"), ""): Text '' is set on object 'Object Repository/RAD_Pages/PaymentAmount_Page/input__paymentAmount'

2024-03-08 01:45:44 - [MESSAGE][PASSED] - Text '' is set on object 'Object Repository/RAD_Pages/PaymentAmount_Page/input__paymentAmount'

2024-03-08 01:45:44 - [TEST_STEP][PASSED] - resText = "Fail": null

2024-03-08 01:45:44 - [TEST_STEP][PASSED] - pages.WriteExcel.demoKey(resText, datText, resColumn, datCloumn, fileLoc, nameSheet, row): pages.WriteExcel.demoKey is PASSED

2024-03-08 01:45:44 - [MESSAGE][PASSED] - pages.WriteExcel.demoKey is PASSED

2024-03-08 01:45:44 - [TEST_STEP][PASSED] - verifyTextPresent("Enter business name", true, CONTINUE_ON_FAILURE): Text 'Enter business name' is present on page  using regular expression

2024-03-08 01:45:44 - [MESSAGE][PASSED] - Text 'Enter business name' is present on page  using regular expression

2024-03-08 01:45:44 - [TEST_STEP][PASSED] - verifyTextPresent("Enter business rep first name", true, CONTINUE_ON_FAILURE): Text 'Enter business rep first name' is present on page  using regular expression

2024-03-08 01:45:45 - [MESSAGE][PASSED] - Text 'Enter business rep first name' is present on page  using regular expression

2024-03-08 01:45:45 - [TEST_STEP][PASSED] - verifyTextPresent("Enter business rep last name", true, CONTINUE_ON_FAILURE): Text 'Enter business rep last name' is present on page  using regular expression

2024-03-08 01:45:45 - [MESSAGE][PASSED] - Text 'Enter business rep last name' is present on page  using regular expression

2024-03-08 01:45:45 - [TEST_STEP][PASSED] - verifyTextPresent("Enter address", true, CONTINUE_ON_FAILURE): Text 'Enter address' is present on page  using regular expression

2024-03-08 01:45:45 - [MESSAGE][PASSED] - Text 'Enter address' is present on page  using regular expression

2024-03-08 01:45:45 - [TEST_STEP][PASSED] - verifyTextPresent("Enter city", true, CONTINUE_ON_FAILURE): Text 'Enter city' is present on page  using regular expression

2024-03-08 01:45:46 - [MESSAGE][PASSED] - Text 'Enter city' is present on page  using regular expression

2024-03-08 01:45:46 - [TEST_STEP][PASSED] - verifyTextPresent("Enter ZIP code", true, CONTINUE_ON_FAILURE): Text 'Enter ZIP code' is present on page  using regular expression

2024-03-08 01:45:46 - [MESSAGE][PASSED] - Text 'Enter ZIP code' is present on page  using regular expression

2024-03-08 01:45:46 - [TEST_STEP][PASSED] - verifyTextPresent("Enter a valid phone number", true, CONTINUE_ON_FAILURE): Text 'Enter a valid phone number' is present on page  using regular expression

2024-03-08 01:45:46 - [MESSAGE][PASSED] - Text 'Enter a valid phone number' is present on page  using regular expression

2024-03-08 01:45:46 - [TEST_STEP][PASSED] - verifyTextPresent("Enter Email", true, CONTINUE_ON_FAILURE): Text 'Enter Email' is present on page  using regular expression

2024-03-08 01:45:47 - [MESSAGE][PASSED] - Text 'Enter Email' is present on page  using regular expression

2024-03-08 01:45:47 - [TEST_STEP][PASSED] - if (TaxType.equalsIgnoreCase("Estate Tax")): null

2024-03-08 01:45:47 - [TEST_STEP][PASSED] - if (CRN.equalsIgnoreCase("Y")): null

2024-03-08 01:45:47 - [TEST_STEP][PASSED] - resText = "Pass": null

2024-03-08 01:45:47 - [TEST_STEP][PASSED] - pages.WriteExcel.demoKey(resText, datText, resColumn, datCloumn, fileLoc, nameSheet, row): pages.WriteExcel.demoKey is PASSED

2024-03-08 01:45:47 - [MESSAGE][PASSED] - pages.WriteExcel.demoKey is PASSED

2024-03-08 01:45:47 - [TEST_STEP][PASSED] - ExecuteTC = findTestData(dataFile).getValue("Execute", row): null

2024-03-08 01:45:47 - [TEST_STEP][PASSED] - TaxType = findTestData(dataFile).getValue("TaxType", row): null

2024-03-08 01:45:47 - [TEST_STEP][PASSED] - PaymentType = findTestData(dataFile).getValue("PaymentType", row): null

2024-03-08 01:45:47 - [TEST_STEP][PASSED] - FilingYear = findTestData(dataFile).getValue("Year", row): null

2024-03-08 01:45:47 - [TEST_STEP][PASSED] - feinSSN = findTestData(dataFile).getValue("FeinSsn", row): null

2024-03-08 01:45:47 - [TEST_STEP][PASSED] - CRN = findTestData(dataFile).getValue("CRN", row): null

2024-03-08 01:45:47 - [TEST_STEP][PASSED] - if (ExecuteTC.equalsIgnoreCase("Y")): pages.WriteExcel.demoKey is PASSED

2024-03-08 01:45:47 - [TEST_STEP][PASSED] - out.println("Begin Record Number: " + row): null

2024-03-08 01:45:47 - [TEST_STEP][PASSED] - today = new java.util.Date(): null

2024-03-08 01:45:47 - [TEST_STEP][PASSED] - println(today): null

2024-03-08 01:45:47 - [TEST_STEP][PASSED] - datText = today: null

2024-03-08 01:45:47 - [TEST_STEP][PASSED] - logInfo("Payment Type: New Tax Return Amount Due"): Payment Type: New Tax Return Amount Due

2024-03-08 01:45:47 - [MESSAGE][INFO] - Payment Type: New Tax Return Amount Due

2024-03-08 01:45:47 - [TEST_STEP][PASSED] - logInfo("Tax Type: " + TaxType): Tax Type: PTE Tax Electing Non-S Corp

2024-03-08 01:45:47 - [MESSAGE][INFO] - Tax Type: PTE Tax Electing Non-S Corp

2024-03-08 01:45:47 - [TEST_STEP][PASSED] - openBrowser(""): Browser is opened with url: ''

2024-03-08 01:45:47 - [MESSAGE][WARNING] - A browser is already opened. Closing browser and opening a new one

2024-03-08 01:46:17 - [MESSAGE][INFO] - Starting 'Chrome' driver

2024-03-08 01:46:17 - [MESSAGE][INFO] - User set preference: ['acceptInsecureCerts', 'true']

2024-03-08 01:46:17 - [MESSAGE][INFO] - Action delay is set to 0 milliseconds

2024-03-08 01:46:18 - [MESSAGE][PASSED] - Browser is opened with url: ''

2024-03-08 01:46:18 - [TEST_STEP][PASSED] - maximizeWindow(): Current window maximized

2024-03-08 01:46:19 - [MESSAGE][PASSED] - Current window maximized

2024-03-08 01:46:19 - [TEST_STEP][PASSED] - navigateToUrl(RADurl): Navigate to 'https://qa2.velocitypayment.com/client/rad/index.html' successfully

2024-03-08 01:46:26 - [MESSAGE][PASSED] - Navigate to 'https://qa2.velocitypayment.com/client/rad/index.html' successfully

2024-03-08 01:46:26 - [TEST_STEP][PASSED] - selectOptionByLabel(findTestObject(orPath_Landing + "/dd_TaxType"), "New Tax Return Amount Due", false): All options with label 'New Tax Return Amount Due' are selected in object 'Object Repository/RAD_Pages/Landing_Page/dd_TaxType' 

2024-03-08 01:46:27 - [MESSAGE][PASSED] - All options with label 'New Tax Return Amount Due' are selected in object 'Object Repository/RAD_Pages/Landing_Page/dd_TaxType' 

2024-03-08 01:46:27 - [TEST_STEP][PASSED] - selectOptionByLabel(findTestObject("Object Repository/RAD_Pages/Landing_Page/select_NewTaxReturnAmountDue_TaxType"), TaxType, false): All options with label 'PTE Tax Electing Non-S Corp' are selected in object 'Object Repository/RAD_Pages/Landing_Page/select_NewTaxReturnAmountDue_TaxType' 

2024-03-08 01:46:28 - [MESSAGE][PASSED] - All options with label 'PTE Tax Electing Non-S Corp' are selected in object 'Object Repository/RAD_Pages/Landing_Page/select_NewTaxReturnAmountDue_TaxType' 

2024-03-08 01:46:28 - [TEST_STEP][PASSED] - selectOptionByLabel(findTestObject(orPath_TaxTypeFilingYear + "/select_FilingYear"), FilingYear, false): All options with label '2021' are selected in object 'Object Repository/RAD_Pages/TaxTypeFilingYear_Page/select_FilingYear' 

2024-03-08 01:46:28 - [MESSAGE][PASSED] - All options with label '2021' are selected in object 'Object Repository/RAD_Pages/TaxTypeFilingYear_Page/select_FilingYear' 

2024-03-08 01:46:28 - [TEST_STEP][PASSED] - setText(findTestObject(orPath_TaxPayer + "/input_businessName"), " "): Text ' ' is set on object 'Object Repository/RAD_Pages/Taxpayer_Page/input_businessName'

2024-03-08 01:46:29 - [MESSAGE][PASSED] - Text ' ' is set on object 'Object Repository/RAD_Pages/Taxpayer_Page/input_businessName'

2024-03-08 01:46:29 - [TEST_STEP][PASSED] - setText(findTestObject(orPath_TaxPayer + "/input_BusinessRepfirstName"), " "): Text ' ' is set on object 'Object Repository/RAD_Pages/Taxpayer_Page/input_BusinessRepfirstName'

2024-03-08 01:46:30 - [MESSAGE][PASSED] - Text ' ' is set on object 'Object Repository/RAD_Pages/Taxpayer_Page/input_BusinessRepfirstName'

2024-03-08 01:46:30 - [TEST_STEP][PASSED] - setText(findTestObject(orPath_TaxPayer + "/input_BusinessReplastName"), " "): Text ' ' is set on object 'Object Repository/RAD_Pages/Taxpayer_Page/input_BusinessReplastName'

2024-03-08 01:46:31 - [MESSAGE][PASSED] - Text ' ' is set on object 'Object Repository/RAD_Pages/Taxpayer_Page/input_BusinessReplastName'

2024-03-08 01:46:31 - [TEST_STEP][PASSED] - setText(findTestObject(orPath_AddressContact + "/input_streetAddress1"), " "): Text ' ' is set on object 'Object Repository/RAD_Pages/AddressAndContactInfo_Page/input_streetAddress1'

2024-03-08 01:46:31 - [MESSAGE][PASSED] - Text ' ' is set on object 'Object Repository/RAD_Pages/AddressAndContactInfo_Page/input_streetAddress1'

2024-03-08 01:46:31 - [TEST_STEP][PASSED] - setText(findTestObject(orPath_AddressContact + "/input_city"), " "): Text ' ' is set on object 'Object Repository/RAD_Pages/AddressAndContactInfo_Page/input_city'

2024-03-08 01:46:32 - [MESSAGE][PASSED] - Text ' ' is set on object 'Object Repository/RAD_Pages/AddressAndContactInfo_Page/input_city'

2024-03-08 01:46:32 - [TEST_STEP][PASSED] - setText(findTestObject(orPath_AddressContact + "/input_zipCode"), " "): Text ' ' is set on object 'Object Repository/RAD_Pages/AddressAndContactInfo_Page/input_zipCode'

2024-03-08 01:46:33 - [MESSAGE][PASSED] - Text ' ' is set on object 'Object Repository/RAD_Pages/AddressAndContactInfo_Page/input_zipCode'

2024-03-08 01:46:33 - [TEST_STEP][PASSED] - setText(findTestObject(orPath_AddressContact + "/input_phoneNumber"), " "): Text ' ' is set on object 'Object Repository/RAD_Pages/AddressAndContactInfo_Page/input_phoneNumber'

2024-03-08 01:46:33 - [MESSAGE][PASSED] - Text ' ' is set on object 'Object Repository/RAD_Pages/AddressAndContactInfo_Page/input_phoneNumber'

2024-03-08 01:46:33 - [TEST_STEP][PASSED] - setText(findTestObject(orPath_AddressContact + "/input_eMailAddress"), " "): Text ' ' is set on object 'Object Repository/RAD_Pages/AddressAndContactInfo_Page/input_eMailAddress'

2024-03-08 01:46:34 - [MESSAGE][PASSED] - Text ' ' is set on object 'Object Repository/RAD_Pages/AddressAndContactInfo_Page/input_eMailAddress'

2024-03-08 01:46:34 - [TEST_STEP][PASSED] - setText(findTestObject(orPath_AddressContact + "/input_reEnterEMailAddress"), " "): Text ' ' is set on object 'Object Repository/RAD_Pages/AddressAndContactInfo_Page/input_reEnterEMailAddress'

2024-03-08 01:46:35 - [MESSAGE][PASSED] - Text ' ' is set on object 'Object Repository/RAD_Pages/AddressAndContactInfo_Page/input_reEnterEMailAddress'

2024-03-08 01:46:35 - [TEST_STEP][PASSED] - if (TaxType.equalsIgnoreCase("Estate Tax")): null

2024-03-08 01:46:35 - [TEST_STEP][PASSED] - setText(findTestObject(orPath_Amount + "/input__paymentAmount"), ""): Text '' is set on object 'Object Repository/RAD_Pages/PaymentAmount_Page/input__paymentAmount'

2024-03-08 01:46:36 - [MESSAGE][PASSED] - Text '' is set on object 'Object Repository/RAD_Pages/PaymentAmount_Page/input__paymentAmount'

2024-03-08 01:46:36 - [TEST_STEP][PASSED] - resText = "Fail": null

2024-03-08 01:46:36 - [TEST_STEP][PASSED] - pages.WriteExcel.demoKey(resText, datText, resColumn, datCloumn, fileLoc, nameSheet, row): pages.WriteExcel.demoKey is PASSED

2024-03-08 01:46:36 - [MESSAGE][PASSED] - pages.WriteExcel.demoKey is PASSED

2024-03-08 01:46:36 - [TEST_STEP][PASSED] - verifyTextPresent("Enter business name", true, CONTINUE_ON_FAILURE): Text 'Enter business name' is present on page  using regular expression

2024-03-08 01:46:36 - [MESSAGE][PASSED] - Text 'Enter business name' is present on page  using regular expression

2024-03-08 01:46:36 - [TEST_STEP][PASSED] - verifyTextPresent("Enter business rep first name", true, CONTINUE_ON_FAILURE): Text 'Enter business rep first name' is present on page  using regular expression

2024-03-08 01:46:37 - [MESSAGE][PASSED] - Text 'Enter business rep first name' is present on page  using regular expression

2024-03-08 01:46:37 - [TEST_STEP][PASSED] - verifyTextPresent("Enter business rep last name", true, CONTINUE_ON_FAILURE): Text 'Enter business rep last name' is present on page  using regular expression

2024-03-08 01:46:37 - [MESSAGE][PASSED] - Text 'Enter business rep last name' is present on page  using regular expression

2024-03-08 01:46:37 - [TEST_STEP][PASSED] - verifyTextPresent("Enter address", true, CONTINUE_ON_FAILURE): Text 'Enter address' is present on page  using regular expression

2024-03-08 01:46:37 - [MESSAGE][PASSED] - Text 'Enter address' is present on page  using regular expression

2024-03-08 01:46:37 - [TEST_STEP][PASSED] - verifyTextPresent("Enter city", true, CONTINUE_ON_FAILURE): Text 'Enter city' is present on page  using regular expression

2024-03-08 01:46:38 - [MESSAGE][PASSED] - Text 'Enter city' is present on page  using regular expression

2024-03-08 01:46:38 - [TEST_STEP][PASSED] - verifyTextPresent("Enter ZIP code", true, CONTINUE_ON_FAILURE): Text 'Enter ZIP code' is present on page  using regular expression

2024-03-08 01:46:38 - [MESSAGE][PASSED] - Text 'Enter ZIP code' is present on page  using regular expression

2024-03-08 01:46:38 - [TEST_STEP][PASSED] - verifyTextPresent("Enter a valid phone number", true, CONTINUE_ON_FAILURE): Text 'Enter a valid phone number' is present on page  using regular expression

2024-03-08 01:46:38 - [MESSAGE][PASSED] - Text 'Enter a valid phone number' is present on page  using regular expression

2024-03-08 01:46:38 - [TEST_STEP][PASSED] - verifyTextPresent("Enter Email", true, CONTINUE_ON_FAILURE): Text 'Enter Email' is present on page  using regular expression

2024-03-08 01:46:39 - [MESSAGE][PASSED] - Text 'Enter Email' is present on page  using regular expression

2024-03-08 01:46:39 - [TEST_STEP][PASSED] - if (TaxType.equalsIgnoreCase("Estate Tax")): null

2024-03-08 01:46:39 - [TEST_STEP][PASSED] - if (CRN.equalsIgnoreCase("Y")): null

2024-03-08 01:46:39 - [TEST_STEP][PASSED] - resText = "Pass": null

2024-03-08 01:46:39 - [TEST_STEP][PASSED] - pages.WriteExcel.demoKey(resText, datText, resColumn, datCloumn, fileLoc, nameSheet, row): pages.WriteExcel.demoKey is PASSED

2024-03-08 01:46:39 - [MESSAGE][PASSED] - pages.WriteExcel.demoKey is PASSED

2024-03-08 01:46:39 - [TEST_STEP][PASSED] - ExecuteTC = findTestData(dataFile).getValue("Execute", row): null

2024-03-08 01:46:39 - [TEST_STEP][PASSED] - TaxType = findTestData(dataFile).getValue("TaxType", row): null

2024-03-08 01:46:39 - [TEST_STEP][PASSED] - PaymentType = findTestData(dataFile).getValue("PaymentType", row): null

2024-03-08 01:46:39 - [TEST_STEP][PASSED] - FilingYear = findTestData(dataFile).getValue("Year", row): null

2024-03-08 01:46:39 - [TEST_STEP][PASSED] - feinSSN = findTestData(dataFile).getValue("FeinSsn", row): null

2024-03-08 01:46:39 - [TEST_STEP][PASSED] - CRN = findTestData(dataFile).getValue("CRN", row): null

2024-03-08 01:46:39 - [TEST_STEP][PASSED] - if (ExecuteTC.equalsIgnoreCase("Y")): pages.WriteExcel.demoKey is PASSED

2024-03-08 01:46:39 - [TEST_STEP][PASSED] - out.println("Begin Record Number: " + row): null

2024-03-08 01:46:39 - [TEST_STEP][PASSED] - today = new java.util.Date(): null

2024-03-08 01:46:39 - [TEST_STEP][PASSED] - println(today): null

2024-03-08 01:46:39 - [TEST_STEP][PASSED] - datText = today: null

2024-03-08 01:46:39 - [TEST_STEP][PASSED] - logInfo("Payment Type: New Tax Return Amount Due"): Payment Type: New Tax Return Amount Due

2024-03-08 01:46:39 - [MESSAGE][INFO] - Payment Type: New Tax Return Amount Due

2024-03-08 01:46:39 - [TEST_STEP][PASSED] - logInfo("Tax Type: " + TaxType): Tax Type: PTE Tax Electing S Corp

2024-03-08 01:46:39 - [MESSAGE][INFO] - Tax Type: PTE Tax Electing S Corp

2024-03-08 01:46:39 - [TEST_STEP][PASSED] - openBrowser(""): Browser is opened with url: ''

2024-03-08 01:46:39 - [MESSAGE][WARNING] - A browser is already opened. Closing browser and opening a new one

2024-03-08 01:47:06 - [MESSAGE][INFO] - Starting 'Chrome' driver

2024-03-08 01:47:06 - [MESSAGE][INFO] - User set preference: ['acceptInsecureCerts', 'true']

2024-03-08 01:47:06 - [MESSAGE][INFO] - Action delay is set to 0 milliseconds

2024-03-08 01:47:07 - [MESSAGE][PASSED] - Browser is opened with url: ''

2024-03-08 01:47:07 - [TEST_STEP][PASSED] - maximizeWindow(): Current window maximized

2024-03-08 01:47:07 - [MESSAGE][PASSED] - Current window maximized

2024-03-08 01:47:07 - [TEST_STEP][PASSED] - navigateToUrl(RADurl): Navigate to 'https://qa2.velocitypayment.com/client/rad/index.html' successfully

2024-03-08 01:47:15 - [MESSAGE][PASSED] - Navigate to 'https://qa2.velocitypayment.com/client/rad/index.html' successfully

2024-03-08 01:47:15 - [TEST_STEP][PASSED] - selectOptionByLabel(findTestObject(orPath_Landing + "/dd_TaxType"), "New Tax Return Amount Due", false): All options with label 'New Tax Return Amount Due' are selected in object 'Object Repository/RAD_Pages/Landing_Page/dd_TaxType' 

2024-03-08 01:47:16 - [MESSAGE][PASSED] - All options with label 'New Tax Return Amount Due' are selected in object 'Object Repository/RAD_Pages/Landing_Page/dd_TaxType' 

2024-03-08 01:47:16 - [TEST_STEP][PASSED] - selectOptionByLabel(findTestObject("Object Repository/RAD_Pages/Landing_Page/select_NewTaxReturnAmountDue_TaxType"), TaxType, false): All options with label 'PTE Tax Electing S Corp' are selected in object 'Object Repository/RAD_Pages/Landing_Page/select_NewTaxReturnAmountDue_TaxType' 

2024-03-08 01:47:16 - [MESSAGE][PASSED] - All options with label 'PTE Tax Electing S Corp' are selected in object 'Object Repository/RAD_Pages/Landing_Page/select_NewTaxReturnAmountDue_TaxType' 

2024-03-08 01:47:16 - [TEST_STEP][PASSED] - selectOptionByLabel(findTestObject(orPath_TaxTypeFilingYear + "/select_FilingYear"), FilingYear, false): All options with label '2021' are selected in object 'Object Repository/RAD_Pages/TaxTypeFilingYear_Page/select_FilingYear' 

2024-03-08 01:47:17 - [MESSAGE][PASSED] - All options with label '2021' are selected in object 'Object Repository/RAD_Pages/TaxTypeFilingYear_Page/select_FilingYear' 

2024-03-08 01:47:17 - [TEST_STEP][PASSED] - setText(findTestObject(orPath_TaxPayer + "/input_businessName"), " "): Text ' ' is set on object 'Object Repository/RAD_Pages/Taxpayer_Page/input_businessName'

2024-03-08 01:47:18 - [MESSAGE][PASSED] - Text ' ' is set on object 'Object Repository/RAD_Pages/Taxpayer_Page/input_businessName'

2024-03-08 01:47:18 - [TEST_STEP][PASSED] - setText(findTestObject(orPath_TaxPayer + "/input_BusinessRepfirstName"), " "): Text ' ' is set on object 'Object Repository/RAD_Pages/Taxpayer_Page/input_BusinessRepfirstName'

2024-03-08 01:47:19 - [MESSAGE][PASSED] - Text ' ' is set on object 'Object Repository/RAD_Pages/Taxpayer_Page/input_BusinessRepfirstName'

2024-03-08 01:47:19 - [TEST_STEP][PASSED] - setText(findTestObject(orPath_TaxPayer + "/input_BusinessReplastName"), " "): Text ' ' is set on object 'Object Repository/RAD_Pages/Taxpayer_Page/input_BusinessReplastName'

2024-03-08 01:47:19 - [MESSAGE][PASSED] - Text ' ' is set on object 'Object Repository/RAD_Pages/Taxpayer_Page/input_BusinessReplastName'

2024-03-08 01:47:19 - [TEST_STEP][PASSED] - setText(findTestObject(orPath_AddressContact + "/input_streetAddress1"), " "): Text ' ' is set on object 'Object Repository/RAD_Pages/AddressAndContactInfo_Page/input_streetAddress1'

2024-03-08 01:47:20 - [MESSAGE][PASSED] - Text ' ' is set on object 'Object Repository/RAD_Pages/AddressAndContactInfo_Page/input_streetAddress1'

2024-03-08 01:47:20 - [TEST_STEP][PASSED] - setText(findTestObject(orPath_AddressContact + "/input_city"), " "): Text ' ' is set on object 'Object Repository/RAD_Pages/AddressAndContactInfo_Page/input_city'

2024-03-08 01:47:21 - [MESSAGE][PASSED] - Text ' ' is set on object 'Object Repository/RAD_Pages/AddressAndContactInfo_Page/input_city'

2024-03-08 01:47:21 - [TEST_STEP][PASSED] - setText(findTestObject(orPath_AddressContact + "/input_zipCode"), " "): Text ' ' is set on object 'Object Repository/RAD_Pages/AddressAndContactInfo_Page/input_zipCode'

2024-03-08 01:47:22 - [MESSAGE][PASSED] - Text ' ' is set on object 'Object Repository/RAD_Pages/AddressAndContactInfo_Page/input_zipCode'

2024-03-08 01:47:22 - [TEST_STEP][PASSED] - setText(findTestObject(orPath_AddressContact + "/input_phoneNumber"), " "): Text ' ' is set on object 'Object Repository/RAD_Pages/AddressAndContactInfo_Page/input_phoneNumber'

2024-03-08 01:47:22 - [MESSAGE][PASSED] - Text ' ' is set on object 'Object Repository/RAD_Pages/AddressAndContactInfo_Page/input_phoneNumber'

2024-03-08 01:47:22 - [TEST_STEP][PASSED] - setText(findTestObject(orPath_AddressContact + "/input_eMailAddress"), " "): Text ' ' is set on object 'Object Repository/RAD_Pages/AddressAndContactInfo_Page/input_eMailAddress'

2024-03-08 01:47:23 - [MESSAGE][PASSED] - Text ' ' is set on object 'Object Repository/RAD_Pages/AddressAndContactInfo_Page/input_eMailAddress'

2024-03-08 01:47:23 - [TEST_STEP][PASSED] - setText(findTestObject(orPath_AddressContact + "/input_reEnterEMailAddress"), " "): Text ' ' is set on object 'Object Repository/RAD_Pages/AddressAndContactInfo_Page/input_reEnterEMailAddress'

2024-03-08 01:47:24 - [MESSAGE][PASSED] - Text ' ' is set on object 'Object Repository/RAD_Pages/AddressAndContactInfo_Page/input_reEnterEMailAddress'

2024-03-08 01:47:24 - [TEST_STEP][PASSED] - if (TaxType.equalsIgnoreCase("Estate Tax")): null

2024-03-08 01:47:24 - [TEST_STEP][PASSED] - setText(findTestObject(orPath_Amount + "/input__paymentAmount"), ""): Text '' is set on object 'Object Repository/RAD_Pages/PaymentAmount_Page/input__paymentAmount'

2024-03-08 01:47:25 - [MESSAGE][PASSED] - Text '' is set on object 'Object Repository/RAD_Pages/PaymentAmount_Page/input__paymentAmount'

2024-03-08 01:47:25 - [TEST_STEP][PASSED] - resText = "Fail": null

2024-03-08 01:47:25 - [TEST_STEP][PASSED] - pages.WriteExcel.demoKey(resText, datText, resColumn, datCloumn, fileLoc, nameSheet, row): pages.WriteExcel.demoKey is PASSED

2024-03-08 01:47:25 - [MESSAGE][PASSED] - pages.WriteExcel.demoKey is PASSED

2024-03-08 01:47:25 - [TEST_STEP][PASSED] - verifyTextPresent("Enter business name", true, CONTINUE_ON_FAILURE): Text 'Enter business name' is present on page  using regular expression

2024-03-08 01:47:25 - [MESSAGE][PASSED] - Text 'Enter business name' is present on page  using regular expression

2024-03-08 01:47:25 - [TEST_STEP][PASSED] - verifyTextPresent("Enter business rep first name", true, CONTINUE_ON_FAILURE): Text 'Enter business rep first name' is present on page  using regular expression

2024-03-08 01:47:25 - [MESSAGE][PASSED] - Text 'Enter business rep first name' is present on page  using regular expression

2024-03-08 01:47:25 - [TEST_STEP][PASSED] - verifyTextPresent("Enter business rep last name", true, CONTINUE_ON_FAILURE): Text 'Enter business rep last name' is present on page  using regular expression

2024-03-08 01:47:26 - [MESSAGE][PASSED] - Text 'Enter business rep last name' is present on page  using regular expression

2024-03-08 01:47:26 - [TEST_STEP][PASSED] - verifyTextPresent("Enter address", true, CONTINUE_ON_FAILURE): Text 'Enter address' is present on page  using regular expression

2024-03-08 01:47:26 - [MESSAGE][PASSED] - Text 'Enter address' is present on page  using regular expression

2024-03-08 01:47:26 - [TEST_STEP][PASSED] - verifyTextPresent("Enter city", true, CONTINUE_ON_FAILURE): Text 'Enter city' is present on page  using regular expression

2024-03-08 01:47:27 - [MESSAGE][PASSED] - Text 'Enter city' is present on page  using regular expression

2024-03-08 01:47:27 - [TEST_STEP][PASSED] - verifyTextPresent("Enter ZIP code", true, CONTINUE_ON_FAILURE): Text 'Enter ZIP code' is present on page  using regular expression

2024-03-08 01:47:27 - [MESSAGE][PASSED] - Text 'Enter ZIP code' is present on page  using regular expression

2024-03-08 01:47:27 - [TEST_STEP][PASSED] - verifyTextPresent("Enter a valid phone number", true, CONTINUE_ON_FAILURE): Text 'Enter a valid phone number' is present on page  using regular expression

2024-03-08 01:47:27 - [MESSAGE][PASSED] - Text 'Enter a valid phone number' is present on page  using regular expression

2024-03-08 01:47:27 - [TEST_STEP][PASSED] - verifyTextPresent("Enter Email", true, CONTINUE_ON_FAILURE): Text 'Enter Email' is present on page  using regular expression

2024-03-08 01:47:28 - [MESSAGE][PASSED] - Text 'Enter Email' is present on page  using regular expression

2024-03-08 01:47:28 - [TEST_STEP][PASSED] - if (TaxType.equalsIgnoreCase("Estate Tax")): null

2024-03-08 01:47:28 - [TEST_STEP][PASSED] - if (CRN.equalsIgnoreCase("Y")): null

2024-03-08 01:47:28 - [TEST_STEP][PASSED] - resText = "Pass": null

2024-03-08 01:47:28 - [TEST_STEP][PASSED] - pages.WriteExcel.demoKey(resText, datText, resColumn, datCloumn, fileLoc, nameSheet, row): pages.WriteExcel.demoKey is PASSED

2024-03-08 01:47:28 - [MESSAGE][PASSED] - pages.WriteExcel.demoKey is PASSED

2024-03-08 01:47:28 - [TEST_STEP][PASSED] - ExecuteTC = findTestData(dataFile).getValue("Execute", row): null

2024-03-08 01:47:28 - [TEST_STEP][PASSED] - TaxType = findTestData(dataFile).getValue("TaxType", row): null

2024-03-08 01:47:28 - [TEST_STEP][PASSED] - PaymentType = findTestData(dataFile).getValue("PaymentType", row): null

2024-03-08 01:47:28 - [TEST_STEP][PASSED] - FilingYear = findTestData(dataFile).getValue("Year", row): null

2024-03-08 01:47:28 - [TEST_STEP][PASSED] - feinSSN = findTestData(dataFile).getValue("FeinSsn", row): null

2024-03-08 01:47:28 - [TEST_STEP][PASSED] - CRN = findTestData(dataFile).getValue("CRN", row): null

2024-03-08 01:47:28 - [TEST_STEP][PASSED] - if (ExecuteTC.equalsIgnoreCase("Y")): pages.WriteExcel.demoKey is PASSED

2024-03-08 01:47:28 - [TEST_STEP][PASSED] - out.println("Begin Record Number: " + row): null

2024-03-08 01:47:28 - [TEST_STEP][PASSED] - today = new java.util.Date(): null

2024-03-08 01:47:28 - [TEST_STEP][PASSED] - println(today): null

2024-03-08 01:47:28 - [TEST_STEP][PASSED] - datText = today: null

2024-03-08 01:47:28 - [TEST_STEP][PASSED] - logInfo("Payment Type: New Tax Return Amount Due"): Payment Type: New Tax Return Amount Due

2024-03-08 01:47:28 - [MESSAGE][INFO] - Payment Type: New Tax Return Amount Due

2024-03-08 01:47:28 - [TEST_STEP][PASSED] - logInfo("Tax Type: " + TaxType): Tax Type: Admissions and Amusement Tax

2024-03-08 01:47:28 - [MESSAGE][INFO] - Tax Type: Admissions and Amusement Tax

2024-03-08 01:47:28 - [TEST_STEP][PASSED] - openBrowser(""): Browser is opened with url: ''

2024-03-08 01:47:28 - [MESSAGE][WARNING] - A browser is already opened. Closing browser and opening a new one

2024-03-08 01:47:39 - [MESSAGE][INFO] - Starting 'Chrome' driver

2024-03-08 01:47:39 - [MESSAGE][INFO] - User set preference: ['acceptInsecureCerts', 'true']

2024-03-08 01:47:39 - [MESSAGE][INFO] - Action delay is set to 0 milliseconds

2024-03-08 01:47:40 - [MESSAGE][PASSED] - Browser is opened with url: ''

2024-03-08 01:47:40 - [TEST_STEP][PASSED] - maximizeWindow(): Current window maximized

2024-03-08 01:47:40 - [MESSAGE][PASSED] - Current window maximized

2024-03-08 01:47:40 - [TEST_STEP][PASSED] - navigateToUrl(RADurl): Navigate to 'https://qa2.velocitypayment.com/client/rad/index.html' successfully

2024-03-08 01:47:48 - [MESSAGE][PASSED] - Navigate to 'https://qa2.velocitypayment.com/client/rad/index.html' successfully

2024-03-08 01:47:48 - [TEST_STEP][PASSED] - selectOptionByLabel(findTestObject(orPath_Landing + "/dd_TaxType"), "New Tax Return Amount Due", false): All options with label 'New Tax Return Amount Due' are selected in object 'Object Repository/RAD_Pages/Landing_Page/dd_TaxType' 

2024-03-08 01:47:49 - [MESSAGE][PASSED] - All options with label 'New Tax Return Amount Due' are selected in object 'Object Repository/RAD_Pages/Landing_Page/dd_TaxType' 

2024-03-08 01:47:49 - [TEST_STEP][PASSED] - selectOptionByLabel(findTestObject("Object Repository/RAD_Pages/Landing_Page/select_NewTaxReturnAmountDue_TaxType"), TaxType, false): All options with label 'Admissions and Amusement Tax' are selected in object 'Object Repository/RAD_Pages/Landing_Page/select_NewTaxReturnAmountDue_TaxType' 

2024-03-08 01:47:50 - [MESSAGE][PASSED] - All options with label 'Admissions and Amusement Tax' are selected in object 'Object Repository/RAD_Pages/Landing_Page/select_NewTaxReturnAmountDue_TaxType' 

2024-03-08 01:47:50 - [TEST_STEP][PASSED] - selectOptionByLabel(findTestObject(orPath_TaxTypeFilingYear + "/select_FilingYear"), FilingYear, false): All options with label '2024' are selected in object 'Object Repository/RAD_Pages/TaxTypeFilingYear_Page/select_FilingYear' 

2024-03-08 01:47:50 - [MESSAGE][PASSED] - All options with label '2024' are selected in object 'Object Repository/RAD_Pages/TaxTypeFilingYear_Page/select_FilingYear' 

2024-03-08 01:47:50 - [TEST_STEP][PASSED] - setText(findTestObject(orPath_TaxPayer + "/input_businessName"), " "): Text ' ' is set on object 'Object Repository/RAD_Pages/Taxpayer_Page/input_businessName'

2024-03-08 01:47:51 - [MESSAGE][PASSED] - Text ' ' is set on object 'Object Repository/RAD_Pages/Taxpayer_Page/input_businessName'

2024-03-08 01:47:51 - [TEST_STEP][PASSED] - setText(findTestObject(orPath_TaxPayer + "/input_BusinessRepfirstName"), " "): Text ' ' is set on object 'Object Repository/RAD_Pages/Taxpayer_Page/input_BusinessRepfirstName'

2024-03-08 01:47:52 - [MESSAGE][PASSED] - Text ' ' is set on object 'Object Repository/RAD_Pages/Taxpayer_Page/input_BusinessRepfirstName'

2024-03-08 01:47:52 - [TEST_STEP][PASSED] - setText(findTestObject(orPath_TaxPayer + "/input_BusinessReplastName"), " "): Text ' ' is set on object 'Object Repository/RAD_Pages/Taxpayer_Page/input_BusinessReplastName'

2024-03-08 01:47:52 - [MESSAGE][PASSED] - Text ' ' is set on object 'Object Repository/RAD_Pages/Taxpayer_Page/input_BusinessReplastName'

2024-03-08 01:47:52 - [TEST_STEP][PASSED] - setText(findTestObject(orPath_AddressContact + "/input_streetAddress1"), " "): Text ' ' is set on object 'Object Repository/RAD_Pages/AddressAndContactInfo_Page/input_streetAddress1'

2024-03-08 01:47:53 - [MESSAGE][PASSED] - Text ' ' is set on object 'Object Repository/RAD_Pages/AddressAndContactInfo_Page/input_streetAddress1'

2024-03-08 01:47:53 - [TEST_STEP][PASSED] - setText(findTestObject(orPath_AddressContact + "/input_city"), " "): Text ' ' is set on object 'Object Repository/RAD_Pages/AddressAndContactInfo_Page/input_city'

2024-03-08 01:47:54 - [MESSAGE][PASSED] - Text ' ' is set on object 'Object Repository/RAD_Pages/AddressAndContactInfo_Page/input_city'

2024-03-08 01:47:54 - [TEST_STEP][PASSED] - setText(findTestObject(orPath_AddressContact + "/input_zipCode"), " "): Text ' ' is set on object 'Object Repository/RAD_Pages/AddressAndContactInfo_Page/input_zipCode'

2024-03-08 01:47:55 - [MESSAGE][PASSED] - Text ' ' is set on object 'Object Repository/RAD_Pages/AddressAndContactInfo_Page/input_zipCode'

2024-03-08 01:47:55 - [TEST_STEP][PASSED] - setText(findTestObject(orPath_AddressContact + "/input_phoneNumber"), " "): Text ' ' is set on object 'Object Repository/RAD_Pages/AddressAndContactInfo_Page/input_phoneNumber'

2024-03-08 01:47:55 - [MESSAGE][PASSED] - Text ' ' is set on object 'Object Repository/RAD_Pages/AddressAndContactInfo_Page/input_phoneNumber'

2024-03-08 01:47:55 - [TEST_STEP][PASSED] - setText(findTestObject(orPath_AddressContact + "/input_eMailAddress"), " "): Text ' ' is set on object 'Object Repository/RAD_Pages/AddressAndContactInfo_Page/input_eMailAddress'

2024-03-08 01:47:56 - [MESSAGE][PASSED] - Text ' ' is set on object 'Object Repository/RAD_Pages/AddressAndContactInfo_Page/input_eMailAddress'

2024-03-08 01:47:56 - [TEST_STEP][PASSED] - setText(findTestObject(orPath_AddressContact + "/input_reEnterEMailAddress"), " "): Text ' ' is set on object 'Object Repository/RAD_Pages/AddressAndContactInfo_Page/input_reEnterEMailAddress'

2024-03-08 01:47:57 - [MESSAGE][PASSED] - Text ' ' is set on object 'Object Repository/RAD_Pages/AddressAndContactInfo_Page/input_reEnterEMailAddress'

2024-03-08 01:47:57 - [TEST_STEP][PASSED] - if (TaxType.equalsIgnoreCase("Estate Tax")): null

2024-03-08 01:47:57 - [TEST_STEP][PASSED] - setText(findTestObject(orPath_Amount + "/input__paymentAmount"), ""): Text '' is set on object 'Object Repository/RAD_Pages/PaymentAmount_Page/input__paymentAmount'

2024-03-08 01:47:58 - [MESSAGE][PASSED] - Text '' is set on object 'Object Repository/RAD_Pages/PaymentAmount_Page/input__paymentAmount'

2024-03-08 01:47:58 - [TEST_STEP][PASSED] - resText = "Fail": null

2024-03-08 01:47:58 - [TEST_STEP][PASSED] - pages.WriteExcel.demoKey(resText, datText, resColumn, datCloumn, fileLoc, nameSheet, row): pages.WriteExcel.demoKey is PASSED

2024-03-08 01:47:58 - [MESSAGE][PASSED] - pages.WriteExcel.demoKey is PASSED

2024-03-08 01:47:58 - [TEST_STEP][PASSED] - verifyTextPresent("Enter business name", true, CONTINUE_ON_FAILURE): Text 'Enter business name' is present on page  using regular expression

2024-03-08 01:47:58 - [MESSAGE][PASSED] - Text 'Enter business name' is present on page  using regular expression

2024-03-08 01:47:58 - [TEST_STEP][PASSED] - verifyTextPresent("Enter business rep first name", true, CONTINUE_ON_FAILURE): Text 'Enter business rep first name' is present on page  using regular expression

2024-03-08 01:47:59 - [MESSAGE][PASSED] - Text 'Enter business rep first name' is present on page  using regular expression

2024-03-08 01:47:59 - [TEST_STEP][PASSED] - verifyTextPresent("Enter business rep last name", true, CONTINUE_ON_FAILURE): Text 'Enter business rep last name' is present on page  using regular expression

2024-03-08 01:47:59 - [MESSAGE][PASSED] - Text 'Enter business rep last name' is present on page  using regular expression

2024-03-08 01:47:59 - [TEST_STEP][PASSED] - verifyTextPresent("Enter address", true, CONTINUE_ON_FAILURE): Text 'Enter address' is present on page  using regular expression

2024-03-08 01:47:59 - [MESSAGE][PASSED] - Text 'Enter address' is present on page  using regular expression

2024-03-08 01:47:59 - [TEST_STEP][PASSED] - verifyTextPresent("Enter city", true, CONTINUE_ON_FAILURE): Text 'Enter city' is present on page  using regular expression

2024-03-08 01:48:00 - [MESSAGE][PASSED] - Text 'Enter city' is present on page  using regular expression

2024-03-08 01:48:00 - [TEST_STEP][PASSED] - verifyTextPresent("Enter ZIP code", true, CONTINUE_ON_FAILURE): Text 'Enter ZIP code' is present on page  using regular expression

2024-03-08 01:48:00 - [MESSAGE][PASSED] - Text 'Enter ZIP code' is present on page  using regular expression

2024-03-08 01:48:00 - [TEST_STEP][PASSED] - verifyTextPresent("Enter a valid phone number", true, CONTINUE_ON_FAILURE): Text 'Enter a valid phone number' is present on page  using regular expression

2024-03-08 01:48:00 - [MESSAGE][PASSED] - Text 'Enter a valid phone number' is present on page  using regular expression

2024-03-08 01:48:00 - [TEST_STEP][PASSED] - verifyTextPresent("Enter Email", true, CONTINUE_ON_FAILURE): Text 'Enter Email' is present on page  using regular expression

2024-03-08 01:48:01 - [MESSAGE][PASSED] - Text 'Enter Email' is present on page  using regular expression

2024-03-08 01:48:01 - [TEST_STEP][PASSED] - if (TaxType.equalsIgnoreCase("Estate Tax")): null

2024-03-08 01:48:01 - [TEST_STEP][PASSED] - if (CRN.equalsIgnoreCase("Y")): Text 'Enter valid MD Central Registration Number' is present on page  using regular expression

2024-03-08 01:48:01 - [TEST_STEP][PASSED] - setText(findTestObject(orPath_TaxInfo + "/input_MDCRegistration"), " "): Text ' ' is set on object 'Object Repository/RAD_Pages/TaxInfo_Page/input_MDCRegistration'

2024-03-08 01:48:01 - [MESSAGE][PASSED] - Text ' ' is set on object 'Object Repository/RAD_Pages/TaxInfo_Page/input_MDCRegistration'

2024-03-08 01:48:01 - [TEST_STEP][PASSED] - setText(findTestObject(orPath_Amount + "/input__paymentAmount"), ""): Text '' is set on object 'Object Repository/RAD_Pages/PaymentAmount_Page/input__paymentAmount'

2024-03-08 01:48:02 - [MESSAGE][PASSED] - Text '' is set on object 'Object Repository/RAD_Pages/PaymentAmount_Page/input__paymentAmount'

2024-03-08 01:48:02 - [TEST_STEP][PASSED] - verifyTextPresent("Enter valid MD Central Registration Number", true, CONTINUE_ON_FAILURE): Text 'Enter valid MD Central Registration Number' is present on page  using regular expression

2024-03-08 01:48:02 - [MESSAGE][PASSED] - Text 'Enter valid MD Central Registration Number' is present on page  using regular expression

2024-03-08 01:48:02 - [TEST_STEP][PASSED] - resText = "Pass": null

2024-03-08 01:48:02 - [TEST_STEP][PASSED] - pages.WriteExcel.demoKey(resText, datText, resColumn, datCloumn, fileLoc, nameSheet, row): pages.WriteExcel.demoKey is PASSED

2024-03-08 01:48:03 - [MESSAGE][PASSED] - pages.WriteExcel.demoKey is PASSED

2024-03-08 01:48:03 - [TEST_STEP][PASSED] - ExecuteTC = findTestData(dataFile).getValue("Execute", row): null

2024-03-08 01:48:03 - [TEST_STEP][PASSED] - TaxType = findTestData(dataFile).getValue("TaxType", row): null

2024-03-08 01:48:03 - [TEST_STEP][PASSED] - PaymentType = findTestData(dataFile).getValue("PaymentType", row): null

2024-03-08 01:48:03 - [TEST_STEP][PASSED] - FilingYear = findTestData(dataFile).getValue("Year", row): null

2024-03-08 01:48:03 - [TEST_STEP][PASSED] - feinSSN = findTestData(dataFile).getValue("FeinSsn", row): null

2024-03-08 01:48:03 - [TEST_STEP][PASSED] - CRN = findTestData(dataFile).getValue("CRN", row): null

2024-03-08 01:48:03 - [TEST_STEP][PASSED] - if (ExecuteTC.equalsIgnoreCase("Y")): pages.WriteExcel.demoKey is PASSED

2024-03-08 01:48:03 - [TEST_STEP][PASSED] - out.println("Begin Record Number: " + row): null

2024-03-08 01:48:03 - [TEST_STEP][PASSED] - today = new java.util.Date(): null

2024-03-08 01:48:03 - [TEST_STEP][PASSED] - println(today): null

2024-03-08 01:48:03 - [TEST_STEP][PASSED] - datText = today: null

2024-03-08 01:48:03 - [TEST_STEP][PASSED] - logInfo("Payment Type: New Tax Return Amount Due"): Payment Type: New Tax Return Amount Due

2024-03-08 01:48:03 - [MESSAGE][INFO] - Payment Type: New Tax Return Amount Due

2024-03-08 01:48:03 - [TEST_STEP][PASSED] - logInfo("Tax Type: " + TaxType): Tax Type: Alcohol Tax

2024-03-08 01:48:03 - [MESSAGE][INFO] - Tax Type: Alcohol Tax

2024-03-08 01:48:03 - [TEST_STEP][PASSED] - openBrowser(""): Browser is opened with url: ''

2024-03-08 01:48:03 - [MESSAGE][WARNING] - A browser is already opened. Closing browser and opening a new one

2024-03-08 01:48:19 - [MESSAGE][INFO] - Starting 'Chrome' driver

2024-03-08 01:48:19 - [MESSAGE][INFO] - User set preference: ['acceptInsecureCerts', 'true']

2024-03-08 01:48:19 - [MESSAGE][INFO] - Action delay is set to 0 milliseconds

2024-03-08 01:48:21 - [MESSAGE][PASSED] - Browser is opened with url: ''

2024-03-08 01:48:21 - [TEST_STEP][PASSED] - maximizeWindow(): Current window maximized

2024-03-08 01:48:21 - [MESSAGE][PASSED] - Current window maximized

2024-03-08 01:48:21 - [TEST_STEP][PASSED] - navigateToUrl(RADurl): Navigate to 'https://qa2.velocitypayment.com/client/rad/index.html' successfully

2024-03-08 01:48:21 - [MESSAGE][PASSED] - Navigate to 'https://qa2.velocitypayment.com/client/rad/index.html' successfully

2024-03-08 01:48:21 - [TEST_STEP][PASSED] - selectOptionByLabel(findTestObject(orPath_Landing + "/dd_TaxType"), "New Tax Return Amount Due", false): All options with label 'New Tax Return Amount Due' are selected in object 'Object Repository/RAD_Pages/Landing_Page/dd_TaxType' 

2024-03-08 01:48:28 - [MESSAGE][PASSED] - All options with label 'New Tax Return Amount Due' are selected in object 'Object Repository/RAD_Pages/Landing_Page/dd_TaxType' 

2024-03-08 01:48:28 - [TEST_STEP][PASSED] - selectOptionByLabel(findTestObject("Object Repository/RAD_Pages/Landing_Page/select_NewTaxReturnAmountDue_TaxType"), TaxType, false): All options with label 'Alcohol Tax' are selected in object 'Object Repository/RAD_Pages/Landing_Page/select_NewTaxReturnAmountDue_TaxType' 

2024-03-08 01:48:29 - [MESSAGE][PASSED] - All options with label 'Alcohol Tax' are selected in object 'Object Repository/RAD_Pages/Landing_Page/select_NewTaxReturnAmountDue_TaxType' 

2024-03-08 01:48:29 - [TEST_STEP][PASSED] - selectOptionByLabel(findTestObject(orPath_TaxTypeFilingYear + "/select_FilingYear"), FilingYear, false): All options with label '2024' are selected in object 'Object Repository/RAD_Pages/TaxTypeFilingYear_Page/select_FilingYear' 

2024-03-08 01:48:30 - [MESSAGE][PASSED] - All options with label '2024' are selected in object 'Object Repository/RAD_Pages/TaxTypeFilingYear_Page/select_FilingYear' 

2024-03-08 01:48:30 - [TEST_STEP][PASSED] - setText(findTestObject(orPath_TaxPayer + "/input_businessName"), " "): Text ' ' is set on object 'Object Repository/RAD_Pages/Taxpayer_Page/input_businessName'

2024-03-08 01:48:30 - [MESSAGE][PASSED] - Text ' ' is set on object 'Object Repository/RAD_Pages/Taxpayer_Page/input_businessName'

2024-03-08 01:48:30 - [TEST_STEP][PASSED] - setText(findTestObject(orPath_TaxPayer + "/input_BusinessRepfirstName"), " "): Text ' ' is set on object 'Object Repository/RAD_Pages/Taxpayer_Page/input_BusinessRepfirstName'

2024-03-08 01:48:31 - [MESSAGE][PASSED] - Text ' ' is set on object 'Object Repository/RAD_Pages/Taxpayer_Page/input_BusinessRepfirstName'

2024-03-08 01:48:31 - [TEST_STEP][PASSED] - setText(findTestObject(orPath_TaxPayer + "/input_BusinessReplastName"), " "): Text ' ' is set on object 'Object Repository/RAD_Pages/Taxpayer_Page/input_BusinessReplastName'

2024-03-08 01:48:32 - [MESSAGE][PASSED] - Text ' ' is set on object 'Object Repository/RAD_Pages/Taxpayer_Page/input_BusinessReplastName'

2024-03-08 01:48:32 - [TEST_STEP][PASSED] - setText(findTestObject(orPath_AddressContact + "/input_streetAddress1"), " "): Text ' ' is set on object 'Object Repository/RAD_Pages/AddressAndContactInfo_Page/input_streetAddress1'

2024-03-08 01:48:32 - [MESSAGE][PASSED] - Text ' ' is set on object 'Object Repository/RAD_Pages/AddressAndContactInfo_Page/input_streetAddress1'

2024-03-08 01:48:32 - [TEST_STEP][PASSED] - setText(findTestObject(orPath_AddressContact + "/input_city"), " "): Text ' ' is set on object 'Object Repository/RAD_Pages/AddressAndContactInfo_Page/input_city'

2024-03-08 01:48:33 - [MESSAGE][PASSED] - Text ' ' is set on object 'Object Repository/RAD_Pages/AddressAndContactInfo_Page/input_city'

2024-03-08 01:48:33 - [TEST_STEP][PASSED] - setText(findTestObject(orPath_AddressContact + "/input_zipCode"), " "): Text ' ' is set on object 'Object Repository/RAD_Pages/AddressAndContactInfo_Page/input_zipCode'

2024-03-08 01:48:34 - [MESSAGE][PASSED] - Text ' ' is set on object 'Object Repository/RAD_Pages/AddressAndContactInfo_Page/input_zipCode'

2024-03-08 01:48:34 - [TEST_STEP][PASSED] - setText(findTestObject(orPath_AddressContact + "/input_phoneNumber"), " "): Text ' ' is set on object 'Object Repository/RAD_Pages/AddressAndContactInfo_Page/input_phoneNumber'

2024-03-08 01:48:35 - [MESSAGE][PASSED] - Text ' ' is set on object 'Object Repository/RAD_Pages/AddressAndContactInfo_Page/input_phoneNumber'

2024-03-08 01:48:35 - [TEST_STEP][PASSED] - setText(findTestObject(orPath_AddressContact + "/input_eMailAddress"), " "): Text ' ' is set on object 'Object Repository/RAD_Pages/AddressAndContactInfo_Page/input_eMailAddress'

2024-03-08 01:48:35 - [MESSAGE][PASSED] - Text ' ' is set on object 'Object Repository/RAD_Pages/AddressAndContactInfo_Page/input_eMailAddress'

2024-03-08 01:48:35 - [TEST_STEP][PASSED] - setText(findTestObject(orPath_AddressContact + "/input_reEnterEMailAddress"), " "): Text ' ' is set on object 'Object Repository/RAD_Pages/AddressAndContactInfo_Page/input_reEnterEMailAddress'

2024-03-08 01:48:36 - [MESSAGE][PASSED] - Text ' ' is set on object 'Object Repository/RAD_Pages/AddressAndContactInfo_Page/input_reEnterEMailAddress'

2024-03-08 01:48:36 - [TEST_STEP][PASSED] - if (TaxType.equalsIgnoreCase("Estate Tax")): null

2024-03-08 01:48:36 - [TEST_STEP][PASSED] - setText(findTestObject(orPath_Amount + "/input__paymentAmount"), ""): Text '' is set on object 'Object Repository/RAD_Pages/PaymentAmount_Page/input__paymentAmount'

2024-03-08 01:48:37 - [MESSAGE][PASSED] - Text '' is set on object 'Object Repository/RAD_Pages/PaymentAmount_Page/input__paymentAmount'

2024-03-08 01:48:37 - [TEST_STEP][PASSED] - resText = "Fail": null

2024-03-08 01:48:37 - [TEST_STEP][PASSED] - pages.WriteExcel.demoKey(resText, datText, resColumn, datCloumn, fileLoc, nameSheet, row): pages.WriteExcel.demoKey is PASSED

2024-03-08 01:48:37 - [MESSAGE][PASSED] - pages.WriteExcel.demoKey is PASSED

2024-03-08 01:48:37 - [TEST_STEP][PASSED] - verifyTextPresent("Enter business name", true, CONTINUE_ON_FAILURE): Text 'Enter business name' is present on page  using regular expression

2024-03-08 01:48:37 - [MESSAGE][PASSED] - Text 'Enter business name' is present on page  using regular expression

2024-03-08 01:48:37 - [TEST_STEP][PASSED] - verifyTextPresent("Enter business rep first name", true, CONTINUE_ON_FAILURE): Text 'Enter business rep first name' is present on page  using regular expression

2024-03-08 01:48:38 - [MESSAGE][PASSED] - Text 'Enter business rep first name' is present on page  using regular expression

2024-03-08 01:48:38 - [TEST_STEP][PASSED] - verifyTextPresent("Enter business rep last name", true, CONTINUE_ON_FAILURE): Text 'Enter business rep last name' is present on page  using regular expression

2024-03-08 01:48:38 - [MESSAGE][PASSED] - Text 'Enter business rep last name' is present on page  using regular expression

2024-03-08 01:48:38 - [TEST_STEP][PASSED] - verifyTextPresent("Enter address", true, CONTINUE_ON_FAILURE): Text 'Enter address' is present on page  using regular expression

2024-03-08 01:48:39 - [MESSAGE][PASSED] - Text 'Enter address' is present on page  using regular expression

2024-03-08 01:48:39 - [TEST_STEP][PASSED] - verifyTextPresent("Enter city", true, CONTINUE_ON_FAILURE): Text 'Enter city' is present on page  using regular expression

2024-03-08 01:48:39 - [MESSAGE][PASSED] - Text 'Enter city' is present on page  using regular expression

2024-03-08 01:48:39 - [TEST_STEP][PASSED] - verifyTextPresent("Enter ZIP code", true, CONTINUE_ON_FAILURE): Text 'Enter ZIP code' is present on page  using regular expression

2024-03-08 01:48:39 - [MESSAGE][PASSED] - Text 'Enter ZIP code' is present on page  using regular expression

2024-03-08 01:48:39 - [TEST_STEP][PASSED] - verifyTextPresent("Enter a valid phone number", true, CONTINUE_ON_FAILURE): Text 'Enter a valid phone number' is present on page  using regular expression

2024-03-08 01:48:40 - [MESSAGE][PASSED] - Text 'Enter a valid phone number' is present on page  using regular expression

2024-03-08 01:48:40 - [TEST_STEP][PASSED] - verifyTextPresent("Enter Email", true, CONTINUE_ON_FAILURE): Text 'Enter Email' is present on page  using regular expression

2024-03-08 01:48:40 - [MESSAGE][PASSED] - Text 'Enter Email' is present on page  using regular expression

2024-03-08 01:48:40 - [TEST_STEP][PASSED] - if (TaxType.equalsIgnoreCase("Estate Tax")): null

2024-03-08 01:48:40 - [TEST_STEP][PASSED] - if (CRN.equalsIgnoreCase("Y")): Text 'Enter valid MD Central Registration Number' is present on page  using regular expression

2024-03-08 01:48:40 - [TEST_STEP][PASSED] - setText(findTestObject(orPath_TaxInfo + "/input_MDCRegistration"), " "): Text ' ' is set on object 'Object Repository/RAD_Pages/TaxInfo_Page/input_MDCRegistration'

2024-03-08 01:48:41 - [MESSAGE][PASSED] - Text ' ' is set on object 'Object Repository/RAD_Pages/TaxInfo_Page/input_MDCRegistration'

2024-03-08 01:48:41 - [TEST_STEP][PASSED] - setText(findTestObject(orPath_Amount + "/input__paymentAmount"), ""): Text '' is set on object 'Object Repository/RAD_Pages/PaymentAmount_Page/input__paymentAmount'

2024-03-08 01:48:41 - [MESSAGE][PASSED] - Text '' is set on object 'Object Repository/RAD_Pages/PaymentAmount_Page/input__paymentAmount'

2024-03-08 01:48:41 - [TEST_STEP][PASSED] - verifyTextPresent("Enter valid MD Central Registration Number", true, CONTINUE_ON_FAILURE): Text 'Enter valid MD Central Registration Number' is present on page  using regular expression

2024-03-08 01:48:42 - [MESSAGE][PASSED] - Text 'Enter valid MD Central Registration Number' is present on page  using regular expression

2024-03-08 01:48:42 - [TEST_STEP][PASSED] - resText = "Pass": null

2024-03-08 01:48:42 - [TEST_STEP][PASSED] - pages.WriteExcel.demoKey(resText, datText, resColumn, datCloumn, fileLoc, nameSheet, row): pages.WriteExcel.demoKey is PASSED

2024-03-08 01:48:42 - [MESSAGE][PASSED] - pages.WriteExcel.demoKey is PASSED

2024-03-08 01:48:42 - [TEST_STEP][PASSED] - ExecuteTC = findTestData(dataFile).getValue("Execute", row): null

2024-03-08 01:48:42 - [TEST_STEP][PASSED] - TaxType = findTestData(dataFile).getValue("TaxType", row): null

2024-03-08 01:48:42 - [TEST_STEP][PASSED] - PaymentType = findTestData(dataFile).getValue("PaymentType", row): null

2024-03-08 01:48:42 - [TEST_STEP][PASSED] - FilingYear = findTestData(dataFile).getValue("Year", row): null

2024-03-08 01:48:42 - [TEST_STEP][PASSED] - feinSSN = findTestData(dataFile).getValue("FeinSsn", row): null

2024-03-08 01:48:42 - [TEST_STEP][PASSED] - CRN = findTestData(dataFile).getValue("CRN", row): null

2024-03-08 01:48:42 - [TEST_STEP][PASSED] - if (ExecuteTC.equalsIgnoreCase("Y")): pages.WriteExcel.demoKey is PASSED

2024-03-08 01:48:42 - [TEST_STEP][PASSED] - out.println("Begin Record Number: " + row): null

2024-03-08 01:48:42 - [TEST_STEP][PASSED] - today = new java.util.Date(): null

2024-03-08 01:48:42 - [TEST_STEP][PASSED] - println(today): null

2024-03-08 01:48:42 - [TEST_STEP][PASSED] - datText = today: null

2024-03-08 01:48:42 - [TEST_STEP][PASSED] - logInfo("Payment Type: New Tax Return Amount Due"): Payment Type: New Tax Return Amount Due

2024-03-08 01:48:42 - [MESSAGE][INFO] - Payment Type: New Tax Return Amount Due

2024-03-08 01:48:42 - [TEST_STEP][PASSED] - logInfo("Tax Type: " + TaxType): Tax Type: Bay Restoration Fee

2024-03-08 01:48:42 - [MESSAGE][INFO] - Tax Type: Bay Restoration Fee

2024-03-08 01:48:42 - [TEST_STEP][PASSED] - openBrowser(""): Browser is opened with url: ''

2024-03-08 01:48:42 - [MESSAGE][WARNING] - A browser is already opened. Closing browser and opening a new one

2024-03-08 01:49:03 - [MESSAGE][INFO] - Starting 'Chrome' driver

2024-03-08 01:49:03 - [MESSAGE][INFO] - User set preference: ['acceptInsecureCerts', 'true']

2024-03-08 01:49:03 - [MESSAGE][INFO] - Action delay is set to 0 milliseconds

2024-03-08 01:49:05 - [MESSAGE][PASSED] - Browser is opened with url: ''

2024-03-08 01:49:05 - [TEST_STEP][PASSED] - maximizeWindow(): Current window maximized

2024-03-08 01:49:05 - [MESSAGE][PASSED] - Current window maximized

2024-03-08 01:49:05 - [TEST_STEP][PASSED] - navigateToUrl(RADurl): Navigate to 'https://qa2.velocitypayment.com/client/rad/index.html' successfully

2024-03-08 01:49:17 - [MESSAGE][PASSED] - Navigate to 'https://qa2.velocitypayment.com/client/rad/index.html' successfully

2024-03-08 01:49:17 - [TEST_STEP][PASSED] - selectOptionByLabel(findTestObject(orPath_Landing + "/dd_TaxType"), "New Tax Return Amount Due", false): All options with label 'New Tax Return Amount Due' are selected in object 'Object Repository/RAD_Pages/Landing_Page/dd_TaxType' 

2024-03-08 01:49:17 - [MESSAGE][PASSED] - All options with label 'New Tax Return Amount Due' are selected in object 'Object Repository/RAD_Pages/Landing_Page/dd_TaxType' 

2024-03-08 01:49:17 - [TEST_STEP][PASSED] - selectOptionByLabel(findTestObject("Object Repository/RAD_Pages/Landing_Page/select_NewTaxReturnAmountDue_TaxType"), TaxType, false): All options with label 'Bay Restoration Fee' are selected in object 'Object Repository/RAD_Pages/Landing_Page/select_NewTaxReturnAmountDue_TaxType' 

2024-03-08 01:49:18 - [MESSAGE][PASSED] - All options with label 'Bay Restoration Fee' are selected in object 'Object Repository/RAD_Pages/Landing_Page/select_NewTaxReturnAmountDue_TaxType' 

2024-03-08 01:49:18 - [TEST_STEP][PASSED] - selectOptionByLabel(findTestObject(orPath_TaxTypeFilingYear + "/select_FilingYear"), FilingYear, false): All options with label '2024' are selected in object 'Object Repository/RAD_Pages/TaxTypeFilingYear_Page/select_FilingYear' 

2024-03-08 01:49:19 - [MESSAGE][PASSED] - All options with label '2024' are selected in object 'Object Repository/RAD_Pages/TaxTypeFilingYear_Page/select_FilingYear' 

2024-03-08 01:49:19 - [TEST_STEP][PASSED] - setText(findTestObject(orPath_TaxPayer + "/input_businessName"), " "): Text ' ' is set on object 'Object Repository/RAD_Pages/Taxpayer_Page/input_businessName'

2024-03-08 01:49:20 - [MESSAGE][PASSED] - Text ' ' is set on object 'Object Repository/RAD_Pages/Taxpayer_Page/input_businessName'

2024-03-08 01:49:20 - [TEST_STEP][PASSED] - setText(findTestObject(orPath_TaxPayer + "/input_BusinessRepfirstName"), " "): Text ' ' is set on object 'Object Repository/RAD_Pages/Taxpayer_Page/input_BusinessRepfirstName'

2024-03-08 01:49:20 - [MESSAGE][PASSED] - Text ' ' is set on object 'Object Repository/RAD_Pages/Taxpayer_Page/input_BusinessRepfirstName'

2024-03-08 01:49:20 - [TEST_STEP][PASSED] - setText(findTestObject(orPath_TaxPayer + "/input_BusinessReplastName"), " "): Text ' ' is set on object 'Object Repository/RAD_Pages/Taxpayer_Page/input_BusinessReplastName'

2024-03-08 01:49:21 - [MESSAGE][PASSED] - Text ' ' is set on object 'Object Repository/RAD_Pages/Taxpayer_Page/input_BusinessReplastName'

2024-03-08 01:49:21 - [TEST_STEP][PASSED] - setText(findTestObject(orPath_AddressContact + "/input_streetAddress1"), " "): Text ' ' is set on object 'Object Repository/RAD_Pages/AddressAndContactInfo_Page/input_streetAddress1'

2024-03-08 01:49:22 - [MESSAGE][PASSED] - Text ' ' is set on object 'Object Repository/RAD_Pages/AddressAndContactInfo_Page/input_streetAddress1'

2024-03-08 01:49:22 - [TEST_STEP][PASSED] - setText(findTestObject(orPath_AddressContact + "/input_city"), " "): Text ' ' is set on object 'Object Repository/RAD_Pages/AddressAndContactInfo_Page/input_city'

2024-03-08 01:49:22 - [MESSAGE][PASSED] - Text ' ' is set on object 'Object Repository/RAD_Pages/AddressAndContactInfo_Page/input_city'

2024-03-08 01:49:22 - [TEST_STEP][PASSED] - setText(findTestObject(orPath_AddressContact + "/input_zipCode"), " "): Text ' ' is set on object 'Object Repository/RAD_Pages/AddressAndContactInfo_Page/input_zipCode'

2024-03-08 01:49:23 - [MESSAGE][PASSED] - Text ' ' is set on object 'Object Repository/RAD_Pages/AddressAndContactInfo_Page/input_zipCode'

2024-03-08 01:49:23 - [TEST_STEP][PASSED] - setText(findTestObject(orPath_AddressContact + "/input_phoneNumber"), " "): Text ' ' is set on object 'Object Repository/RAD_Pages/AddressAndContactInfo_Page/input_phoneNumber'

2024-03-08 01:49:24 - [MESSAGE][PASSED] - Text ' ' is set on object 'Object Repository/RAD_Pages/AddressAndContactInfo_Page/input_phoneNumber'

2024-03-08 01:49:24 - [TEST_STEP][PASSED] - setText(findTestObject(orPath_AddressContact + "/input_eMailAddress"), " "): Text ' ' is set on object 'Object Repository/RAD_Pages/AddressAndContactInfo_Page/input_eMailAddress'

2024-03-08 01:49:25 - [MESSAGE][PASSED] - Text ' ' is set on object 'Object Repository/RAD_Pages/AddressAndContactInfo_Page/input_eMailAddress'

2024-03-08 01:49:25 - [TEST_STEP][PASSED] - setText(findTestObject(orPath_AddressContact + "/input_reEnterEMailAddress"), " "): Text ' ' is set on object 'Object Repository/RAD_Pages/AddressAndContactInfo_Page/input_reEnterEMailAddress'

2024-03-08 01:49:25 - [MESSAGE][PASSED] - Text ' ' is set on object 'Object Repository/RAD_Pages/AddressAndContactInfo_Page/input_reEnterEMailAddress'

2024-03-08 01:49:25 - [TEST_STEP][PASSED] - if (TaxType.equalsIgnoreCase("Estate Tax")): null

2024-03-08 01:49:25 - [TEST_STEP][PASSED] - setText(findTestObject(orPath_Amount + "/input__paymentAmount"), ""): Text '' is set on object 'Object Repository/RAD_Pages/PaymentAmount_Page/input__paymentAmount'

2024-03-08 01:49:26 - [MESSAGE][PASSED] - Text '' is set on object 'Object Repository/RAD_Pages/PaymentAmount_Page/input__paymentAmount'

2024-03-08 01:49:26 - [TEST_STEP][PASSED] - resText = "Fail": null

2024-03-08 01:49:26 - [TEST_STEP][PASSED] - pages.WriteExcel.demoKey(resText, datText, resColumn, datCloumn, fileLoc, nameSheet, row): pages.WriteExcel.demoKey is PASSED

2024-03-08 01:49:26 - [MESSAGE][PASSED] - pages.WriteExcel.demoKey is PASSED

2024-03-08 01:49:26 - [TEST_STEP][PASSED] - verifyTextPresent("Enter business name", true, CONTINUE_ON_FAILURE): Text 'Enter business name' is present on page  using regular expression

2024-03-08 01:49:27 - [MESSAGE][PASSED] - Text 'Enter business name' is present on page  using regular expression

2024-03-08 01:49:27 - [TEST_STEP][PASSED] - verifyTextPresent("Enter business rep first name", true, CONTINUE_ON_FAILURE): Text 'Enter business rep first name' is present on page  using regular expression

2024-03-08 01:49:27 - [MESSAGE][PASSED] - Text 'Enter business rep first name' is present on page  using regular expression

2024-03-08 01:49:27 - [TEST_STEP][PASSED] - verifyTextPresent("Enter business rep last name", true, CONTINUE_ON_FAILURE): Text 'Enter business rep last name' is present on page  using regular expression

2024-03-08 01:49:27 - [MESSAGE][PASSED] - Text 'Enter business rep last name' is present on page  using regular expression

2024-03-08 01:49:27 - [TEST_STEP][PASSED] - verifyTextPresent("Enter address", true, CONTINUE_ON_FAILURE): Text 'Enter address' is present on page  using regular expression

2024-03-08 01:49:28 - [MESSAGE][PASSED] - Text 'Enter address' is present on page  using regular expression

2024-03-08 01:49:28 - [TEST_STEP][PASSED] - verifyTextPresent("Enter city", true, CONTINUE_ON_FAILURE): Text 'Enter city' is present on page  using regular expression

2024-03-08 01:49:28 - [MESSAGE][PASSED] - Text 'Enter city' is present on page  using regular expression

2024-03-08 01:49:28 - [TEST_STEP][PASSED] - verifyTextPresent("Enter ZIP code", true, CONTINUE_ON_FAILURE): Text 'Enter ZIP code' is present on page  using regular expression

2024-03-08 01:49:29 - [MESSAGE][PASSED] - Text 'Enter ZIP code' is present on page  using regular expression

2024-03-08 01:49:29 - [TEST_STEP][PASSED] - verifyTextPresent("Enter a valid phone number", true, CONTINUE_ON_FAILURE): Text 'Enter a valid phone number' is present on page  using regular expression

2024-03-08 01:49:29 - [MESSAGE][PASSED] - Text 'Enter a valid phone number' is present on page  using regular expression

2024-03-08 01:49:29 - [TEST_STEP][PASSED] - verifyTextPresent("Enter Email", true, CONTINUE_ON_FAILURE): Text 'Enter Email' is present on page  using regular expression

2024-03-08 01:49:29 - [MESSAGE][PASSED] - Text 'Enter Email' is present on page  using regular expression

2024-03-08 01:49:29 - [TEST_STEP][PASSED] - if (TaxType.equalsIgnoreCase("Estate Tax")): null

2024-03-08 01:49:29 - [TEST_STEP][PASSED] - if (CRN.equalsIgnoreCase("Y")): null

2024-03-08 01:49:29 - [TEST_STEP][PASSED] - resText = "Pass": null

2024-03-08 01:49:29 - [TEST_STEP][PASSED] - pages.WriteExcel.demoKey(resText, datText, resColumn, datCloumn, fileLoc, nameSheet, row): pages.WriteExcel.demoKey is PASSED

2024-03-08 01:49:29 - [MESSAGE][PASSED] - pages.WriteExcel.demoKey is PASSED

2024-03-08 01:49:29 - [TEST_STEP][PASSED] - ExecuteTC = findTestData(dataFile).getValue("Execute", row): null

2024-03-08 01:49:29 - [TEST_STEP][PASSED] - TaxType = findTestData(dataFile).getValue("TaxType", row): null

2024-03-08 01:49:29 - [TEST_STEP][PASSED] - PaymentType = findTestData(dataFile).getValue("PaymentType", row): null

2024-03-08 01:49:30 - [TEST_STEP][PASSED] - FilingYear = findTestData(dataFile).getValue("Year", row): null

2024-03-08 01:49:30 - [TEST_STEP][PASSED] - feinSSN = findTestData(dataFile).getValue("FeinSsn", row): null

2024-03-08 01:49:30 - [TEST_STEP][PASSED] - CRN = findTestData(dataFile).getValue("CRN", row): null

2024-03-08 01:49:30 - [TEST_STEP][PASSED] - if (ExecuteTC.equalsIgnoreCase("Y")): pages.WriteExcel.demoKey is PASSED

2024-03-08 01:49:30 - [TEST_STEP][PASSED] - out.println("Begin Record Number: " + row): null

2024-03-08 01:49:30 - [TEST_STEP][PASSED] - today = new java.util.Date(): null

2024-03-08 01:49:30 - [TEST_STEP][PASSED] - println(today): null

2024-03-08 01:49:30 - [TEST_STEP][PASSED] - datText = today: null

2024-03-08 01:49:30 - [TEST_STEP][PASSED] - logInfo("Payment Type: New Tax Return Amount Due"): Payment Type: New Tax Return Amount Due

2024-03-08 01:49:30 - [MESSAGE][INFO] - Payment Type: New Tax Return Amount Due

2024-03-08 01:49:30 - [TEST_STEP][PASSED] - logInfo("Tax Type: " + TaxType): Tax Type: Corporate Income Tax

2024-03-08 01:49:30 - [MESSAGE][INFO] - Tax Type: Corporate Income Tax

2024-03-08 01:49:30 - [TEST_STEP][PASSED] - openBrowser(""): Browser is opened with url: ''

2024-03-08 01:49:30 - [MESSAGE][WARNING] - A browser is already opened. Closing browser and opening a new one

2024-03-08 01:50:02 - [MESSAGE][INFO] - Starting 'Chrome' driver

2024-03-08 01:50:02 - [MESSAGE][INFO] - User set preference: ['acceptInsecureCerts', 'true']

2024-03-08 01:50:02 - [MESSAGE][INFO] - Action delay is set to 0 milliseconds

2024-03-08 01:50:03 - [MESSAGE][PASSED] - Browser is opened with url: ''

2024-03-08 01:50:03 - [TEST_STEP][PASSED] - maximizeWindow(): Current window maximized

2024-03-08 01:50:03 - [MESSAGE][PASSED] - Current window maximized

2024-03-08 01:50:03 - [TEST_STEP][PASSED] - navigateToUrl(RADurl): Navigate to 'https://qa2.velocitypayment.com/client/rad/index.html' successfully

2024-03-08 01:50:15 - [MESSAGE][PASSED] - Navigate to 'https://qa2.velocitypayment.com/client/rad/index.html' successfully

2024-03-08 01:50:15 - [TEST_STEP][PASSED] - selectOptionByLabel(findTestObject(orPath_Landing + "/dd_TaxType"), "New Tax Return Amount Due", false): All options with label 'New Tax Return Amount Due' are selected in object 'Object Repository/RAD_Pages/Landing_Page/dd_TaxType' 

2024-03-08 01:50:16 - [MESSAGE][PASSED] - All options with label 'New Tax Return Amount Due' are selected in object 'Object Repository/RAD_Pages/Landing_Page/dd_TaxType' 

2024-03-08 01:50:16 - [TEST_STEP][PASSED] - selectOptionByLabel(findTestObject("Object Repository/RAD_Pages/Landing_Page/select_NewTaxReturnAmountDue_TaxType"), TaxType, false): All options with label 'Corporate Income Tax' are selected in object 'Object Repository/RAD_Pages/Landing_Page/select_NewTaxReturnAmountDue_TaxType' 

2024-03-08 01:50:17 - [MESSAGE][PASSED] - All options with label 'Corporate Income Tax' are selected in object 'Object Repository/RAD_Pages/Landing_Page/select_NewTaxReturnAmountDue_TaxType' 

2024-03-08 01:50:17 - [TEST_STEP][PASSED] - selectOptionByLabel(findTestObject(orPath_TaxTypeFilingYear + "/select_FilingYear"), FilingYear, false): All options with label '2023' are selected in object 'Object Repository/RAD_Pages/TaxTypeFilingYear_Page/select_FilingYear' 

2024-03-08 01:50:18 - [MESSAGE][PASSED] - All options with label '2023' are selected in object 'Object Repository/RAD_Pages/TaxTypeFilingYear_Page/select_FilingYear' 

2024-03-08 01:50:18 - [TEST_STEP][PASSED] - setText(findTestObject(orPath_TaxPayer + "/input_businessName"), " "): Text ' ' is set on object 'Object Repository/RAD_Pages/Taxpayer_Page/input_businessName'

2024-03-08 01:50:18 - [MESSAGE][PASSED] - Text ' ' is set on object 'Object Repository/RAD_Pages/Taxpayer_Page/input_businessName'

2024-03-08 01:50:18 - [TEST_STEP][PASSED] - setText(findTestObject(orPath_TaxPayer + "/input_BusinessRepfirstName"), " "): Text ' ' is set on object 'Object Repository/RAD_Pages/Taxpayer_Page/input_BusinessRepfirstName'

2024-03-08 01:50:19 - [MESSAGE][PASSED] - Text ' ' is set on object 'Object Repository/RAD_Pages/Taxpayer_Page/input_BusinessRepfirstName'

2024-03-08 01:50:19 - [TEST_STEP][PASSED] - setText(findTestObject(orPath_TaxPayer + "/input_BusinessReplastName"), " "): Text ' ' is set on object 'Object Repository/RAD_Pages/Taxpayer_Page/input_BusinessReplastName'

2024-03-08 01:50:20 - [MESSAGE][PASSED] - Text ' ' is set on object 'Object Repository/RAD_Pages/Taxpayer_Page/input_BusinessReplastName'

2024-03-08 01:50:20 - [TEST_STEP][PASSED] - setText(findTestObject(orPath_AddressContact + "/input_streetAddress1"), " "): Text ' ' is set on object 'Object Repository/RAD_Pages/AddressAndContactInfo_Page/input_streetAddress1'

2024-03-08 01:50:20 - [MESSAGE][PASSED] - Text ' ' is set on object 'Object Repository/RAD_Pages/AddressAndContactInfo_Page/input_streetAddress1'

2024-03-08 01:50:20 - [TEST_STEP][PASSED] - setText(findTestObject(orPath_AddressContact + "/input_city"), " "): Text ' ' is set on object 'Object Repository/RAD_Pages/AddressAndContactInfo_Page/input_city'

2024-03-08 01:50:21 - [MESSAGE][PASSED] - Text ' ' is set on object 'Object Repository/RAD_Pages/AddressAndContactInfo_Page/input_city'

2024-03-08 01:50:21 - [TEST_STEP][PASSED] - setText(findTestObject(orPath_AddressContact + "/input_zipCode"), " "): Text ' ' is set on object 'Object Repository/RAD_Pages/AddressAndContactInfo_Page/input_zipCode'

2024-03-08 01:50:22 - [MESSAGE][PASSED] - Text ' ' is set on object 'Object Repository/RAD_Pages/AddressAndContactInfo_Page/input_zipCode'

2024-03-08 01:50:22 - [TEST_STEP][PASSED] - setText(findTestObject(orPath_AddressContact + "/input_phoneNumber"), " "): Text ' ' is set on object 'Object Repository/RAD_Pages/AddressAndContactInfo_Page/input_phoneNumber'

2024-03-08 01:50:23 - [MESSAGE][PASSED] - Text ' ' is set on object 'Object Repository/RAD_Pages/AddressAndContactInfo_Page/input_phoneNumber'

2024-03-08 01:50:23 - [TEST_STEP][PASSED] - setText(findTestObject(orPath_AddressContact + "/input_eMailAddress"), " "): Text ' ' is set on object 'Object Repository/RAD_Pages/AddressAndContactInfo_Page/input_eMailAddress'

2024-03-08 01:50:23 - [MESSAGE][PASSED] - Text ' ' is set on object 'Object Repository/RAD_Pages/AddressAndContactInfo_Page/input_eMailAddress'

2024-03-08 01:50:23 - [TEST_STEP][PASSED] - setText(findTestObject(orPath_AddressContact + "/input_reEnterEMailAddress"), " "): Text ' ' is set on object 'Object Repository/RAD_Pages/AddressAndContactInfo_Page/input_reEnterEMailAddress'

2024-03-08 01:50:24 - [MESSAGE][PASSED] - Text ' ' is set on object 'Object Repository/RAD_Pages/AddressAndContactInfo_Page/input_reEnterEMailAddress'

2024-03-08 01:50:24 - [TEST_STEP][PASSED] - if (TaxType.equalsIgnoreCase("Estate Tax")): null

2024-03-08 01:50:24 - [TEST_STEP][PASSED] - setText(findTestObject(orPath_Amount + "/input__paymentAmount"), ""): Text '' is set on object 'Object Repository/RAD_Pages/PaymentAmount_Page/input__paymentAmount'

2024-03-08 01:50:25 - [MESSAGE][PASSED] - Text '' is set on object 'Object Repository/RAD_Pages/PaymentAmount_Page/input__paymentAmount'

2024-03-08 01:50:25 - [TEST_STEP][PASSED] - resText = "Fail": null

2024-03-08 01:50:25 - [TEST_STEP][PASSED] - pages.WriteExcel.demoKey(resText, datText, resColumn, datCloumn, fileLoc, nameSheet, row): pages.WriteExcel.demoKey is PASSED

2024-03-08 01:50:25 - [MESSAGE][PASSED] - pages.WriteExcel.demoKey is PASSED

2024-03-08 01:50:25 - [TEST_STEP][PASSED] - verifyTextPresent("Enter business name", true, CONTINUE_ON_FAILURE): Text 'Enter business name' is present on page  using regular expression

2024-03-08 01:50:25 - [MESSAGE][PASSED] - Text 'Enter business name' is present on page  using regular expression

2024-03-08 01:50:25 - [TEST_STEP][PASSED] - verifyTextPresent("Enter business rep first name", true, CONTINUE_ON_FAILURE): Text 'Enter business rep first name' is present on page  using regular expression

2024-03-08 01:50:26 - [MESSAGE][PASSED] - Text 'Enter business rep first name' is present on page  using regular expression

2024-03-08 01:50:26 - [TEST_STEP][PASSED] - verifyTextPresent("Enter business rep last name", true, CONTINUE_ON_FAILURE): Text 'Enter business rep last name' is present on page  using regular expression

2024-03-08 01:50:26 - [MESSAGE][PASSED] - Text 'Enter business rep last name' is present on page  using regular expression

2024-03-08 01:50:26 - [TEST_STEP][PASSED] - verifyTextPresent("Enter address", true, CONTINUE_ON_FAILURE): Text 'Enter address' is present on page  using regular expression

2024-03-08 01:50:26 - [MESSAGE][PASSED] - Text 'Enter address' is present on page  using regular expression

2024-03-08 01:50:26 - [TEST_STEP][PASSED] - verifyTextPresent("Enter city", true, CONTINUE_ON_FAILURE): Text 'Enter city' is present on page  using regular expression

2024-03-08 01:50:27 - [MESSAGE][PASSED] - Text 'Enter city' is present on page  using regular expression

2024-03-08 01:50:27 - [TEST_STEP][PASSED] - verifyTextPresent("Enter ZIP code", true, CONTINUE_ON_FAILURE): Text 'Enter ZIP code' is present on page  using regular expression

2024-03-08 01:50:27 - [MESSAGE][PASSED] - Text 'Enter ZIP code' is present on page  using regular expression

2024-03-08 01:50:27 - [TEST_STEP][PASSED] - verifyTextPresent("Enter a valid phone number", true, CONTINUE_ON_FAILURE): Text 'Enter a valid phone number' is present on page  using regular expression

2024-03-08 01:50:27 - [MESSAGE][PASSED] - Text 'Enter a valid phone number' is present on page  using regular expression

2024-03-08 01:50:27 - [TEST_STEP][PASSED] - verifyTextPresent("Enter Email", true, CONTINUE_ON_FAILURE): Text 'Enter Email' is present on page  using regular expression

2024-03-08 01:50:29 - [MESSAGE][PASSED] - Text 'Enter Email' is present on page  using regular expression

2024-03-08 01:50:29 - [TEST_STEP][PASSED] - if (TaxType.equalsIgnoreCase("Estate Tax")): null

2024-03-08 01:50:29 - [TEST_STEP][PASSED] - if (CRN.equalsIgnoreCase("Y")): null

2024-03-08 01:50:29 - [TEST_STEP][PASSED] - resText = "Pass": null

2024-03-08 01:50:29 - [TEST_STEP][PASSED] - pages.WriteExcel.demoKey(resText, datText, resColumn, datCloumn, fileLoc, nameSheet, row): pages.WriteExcel.demoKey is PASSED

2024-03-08 01:50:29 - [MESSAGE][PASSED] - pages.WriteExcel.demoKey is PASSED

2024-03-08 01:50:29 - [TEST_STEP][PASSED] - ExecuteTC = findTestData(dataFile).getValue("Execute", row): null

2024-03-08 01:50:29 - [TEST_STEP][PASSED] - TaxType = findTestData(dataFile).getValue("TaxType", row): null

2024-03-08 01:50:29 - [TEST_STEP][PASSED] - PaymentType = findTestData(dataFile).getValue("PaymentType", row): null

2024-03-08 01:50:29 - [TEST_STEP][PASSED] - FilingYear = findTestData(dataFile).getValue("Year", row): null

2024-03-08 01:50:29 - [TEST_STEP][PASSED] - feinSSN = findTestData(dataFile).getValue("FeinSsn", row): null

2024-03-08 01:50:29 - [TEST_STEP][PASSED] - CRN = findTestData(dataFile).getValue("CRN", row): null

2024-03-08 01:50:29 - [TEST_STEP][PASSED] - if (ExecuteTC.equalsIgnoreCase("Y")): pages.WriteExcel.demoKey is PASSED

2024-03-08 01:50:29 - [TEST_STEP][PASSED] - out.println("Begin Record Number: " + row): null

2024-03-08 01:50:29 - [TEST_STEP][PASSED] - today = new java.util.Date(): null

2024-03-08 01:50:29 - [TEST_STEP][PASSED] - println(today): null

2024-03-08 01:50:29 - [TEST_STEP][PASSED] - datText = today: null

2024-03-08 01:50:29 - [TEST_STEP][PASSED] - logInfo("Payment Type: New Tax Return Amount Due"): Payment Type: New Tax Return Amount Due

2024-03-08 01:50:29 - [MESSAGE][INFO] - Payment Type: New Tax Return Amount Due

2024-03-08 01:50:29 - [TEST_STEP][PASSED] - logInfo("Tax Type: " + TaxType): Tax Type: Motor Fuel Tax

2024-03-08 01:50:29 - [MESSAGE][INFO] - Tax Type: Motor Fuel Tax

2024-03-08 01:50:29 - [TEST_STEP][PASSED] - openBrowser(""): Browser is opened with url: ''

2024-03-08 01:50:29 - [MESSAGE][WARNING] - A browser is already opened. Closing browser and opening a new one

2024-03-08 01:51:03 - [MESSAGE][INFO] - Starting 'Chrome' driver

2024-03-08 01:51:03 - [MESSAGE][INFO] - User set preference: ['acceptInsecureCerts', 'true']

2024-03-08 01:51:03 - [MESSAGE][INFO] - Action delay is set to 0 milliseconds

2024-03-08 01:51:05 - [MESSAGE][PASSED] - Browser is opened with url: ''

2024-03-08 01:51:05 - [TEST_STEP][PASSED] - maximizeWindow(): Current window maximized

2024-03-08 01:51:05 - [MESSAGE][PASSED] - Current window maximized

2024-03-08 01:51:05 - [TEST_STEP][PASSED] - navigateToUrl(RADurl): Navigate to 'https://qa2.velocitypayment.com/client/rad/index.html' successfully

2024-03-08 01:51:11 - [MESSAGE][PASSED] - Navigate to 'https://qa2.velocitypayment.com/client/rad/index.html' successfully

2024-03-08 01:51:11 - [TEST_STEP][PASSED] - selectOptionByLabel(findTestObject(orPath_Landing + "/dd_TaxType"), "New Tax Return Amount Due", false): All options with label 'New Tax Return Amount Due' are selected in object 'Object Repository/RAD_Pages/Landing_Page/dd_TaxType' 

2024-03-08 01:51:12 - [MESSAGE][PASSED] - All options with label 'New Tax Return Amount Due' are selected in object 'Object Repository/RAD_Pages/Landing_Page/dd_TaxType' 

2024-03-08 01:51:12 - [TEST_STEP][PASSED] - selectOptionByLabel(findTestObject("Object Repository/RAD_Pages/Landing_Page/select_NewTaxReturnAmountDue_TaxType"), TaxType, false): All options with label 'Motor Fuel Tax' are selected in object 'Object Repository/RAD_Pages/Landing_Page/select_NewTaxReturnAmountDue_TaxType' 

2024-03-08 01:51:13 - [MESSAGE][PASSED] - All options with label 'Motor Fuel Tax' are selected in object 'Object Repository/RAD_Pages/Landing_Page/select_NewTaxReturnAmountDue_TaxType' 

2024-03-08 01:51:13 - [TEST_STEP][PASSED] - selectOptionByLabel(findTestObject(orPath_TaxTypeFilingYear + "/select_FilingYear"), FilingYear, false): All options with label '2024' are selected in object 'Object Repository/RAD_Pages/TaxTypeFilingYear_Page/select_FilingYear' 

2024-03-08 01:51:13 - [MESSAGE][PASSED] - All options with label '2024' are selected in object 'Object Repository/RAD_Pages/TaxTypeFilingYear_Page/select_FilingYear' 

2024-03-08 01:51:13 - [TEST_STEP][PASSED] - setText(findTestObject(orPath_TaxPayer + "/input_businessName"), " "): Text ' ' is set on object 'Object Repository/RAD_Pages/Taxpayer_Page/input_businessName'

2024-03-08 01:51:14 - [MESSAGE][PASSED] - Text ' ' is set on object 'Object Repository/RAD_Pages/Taxpayer_Page/input_businessName'

2024-03-08 01:51:14 - [TEST_STEP][PASSED] - setText(findTestObject(orPath_TaxPayer + "/input_BusinessRepfirstName"), " "): Text ' ' is set on object 'Object Repository/RAD_Pages/Taxpayer_Page/input_BusinessRepfirstName'

2024-03-08 01:51:15 - [MESSAGE][PASSED] - Text ' ' is set on object 'Object Repository/RAD_Pages/Taxpayer_Page/input_BusinessRepfirstName'

2024-03-08 01:51:15 - [TEST_STEP][PASSED] - setText(findTestObject(orPath_TaxPayer + "/input_BusinessReplastName"), " "): Text ' ' is set on object 'Object Repository/RAD_Pages/Taxpayer_Page/input_BusinessReplastName'

2024-03-08 01:51:16 - [MESSAGE][PASSED] - Text ' ' is set on object 'Object Repository/RAD_Pages/Taxpayer_Page/input_BusinessReplastName'

2024-03-08 01:51:16 - [TEST_STEP][PASSED] - setText(findTestObject(orPath_AddressContact + "/input_streetAddress1"), " "): Text ' ' is set on object 'Object Repository/RAD_Pages/AddressAndContactInfo_Page/input_streetAddress1'

2024-03-08 01:51:16 - [MESSAGE][PASSED] - Text ' ' is set on object 'Object Repository/RAD_Pages/AddressAndContactInfo_Page/input_streetAddress1'

2024-03-08 01:51:16 - [TEST_STEP][PASSED] - setText(findTestObject(orPath_AddressContact + "/input_city"), " "): Text ' ' is set on object 'Object Repository/RAD_Pages/AddressAndContactInfo_Page/input_city'

2024-03-08 01:51:17 - [MESSAGE][PASSED] - Text ' ' is set on object 'Object Repository/RAD_Pages/AddressAndContactInfo_Page/input_city'

2024-03-08 01:51:17 - [TEST_STEP][PASSED] - setText(findTestObject(orPath_AddressContact + "/input_zipCode"), " "): Text ' ' is set on object 'Object Repository/RAD_Pages/AddressAndContactInfo_Page/input_zipCode'

2024-03-08 01:51:18 - [MESSAGE][PASSED] - Text ' ' is set on object 'Object Repository/RAD_Pages/AddressAndContactInfo_Page/input_zipCode'

2024-03-08 01:51:18 - [TEST_STEP][PASSED] - setText(findTestObject(orPath_AddressContact + "/input_phoneNumber"), " "): Text ' ' is set on object 'Object Repository/RAD_Pages/AddressAndContactInfo_Page/input_phoneNumber'

2024-03-08 01:51:18 - [MESSAGE][PASSED] - Text ' ' is set on object 'Object Repository/RAD_Pages/AddressAndContactInfo_Page/input_phoneNumber'

2024-03-08 01:51:18 - [TEST_STEP][PASSED] - setText(findTestObject(orPath_AddressContact + "/input_eMailAddress"), " "): Text ' ' is set on object 'Object Repository/RAD_Pages/AddressAndContactInfo_Page/input_eMailAddress'

2024-03-08 01:51:19 - [MESSAGE][PASSED] - Text ' ' is set on object 'Object Repository/RAD_Pages/AddressAndContactInfo_Page/input_eMailAddress'

2024-03-08 01:51:19 - [TEST_STEP][PASSED] - setText(findTestObject(orPath_AddressContact + "/input_reEnterEMailAddress"), " "): Text ' ' is set on object 'Object Repository/RAD_Pages/AddressAndContactInfo_Page/input_reEnterEMailAddress'

2024-03-08 01:51:20 - [MESSAGE][PASSED] - Text ' ' is set on object 'Object Repository/RAD_Pages/AddressAndContactInfo_Page/input_reEnterEMailAddress'

2024-03-08 01:51:20 - [TEST_STEP][PASSED] - if (TaxType.equalsIgnoreCase("Estate Tax")): null

2024-03-08 01:51:20 - [TEST_STEP][PASSED] - setText(findTestObject(orPath_Amount + "/input__paymentAmount"), ""): Text '' is set on object 'Object Repository/RAD_Pages/PaymentAmount_Page/input__paymentAmount'

2024-03-08 01:51:21 - [MESSAGE][PASSED] - Text '' is set on object 'Object Repository/RAD_Pages/PaymentAmount_Page/input__paymentAmount'

2024-03-08 01:51:21 - [TEST_STEP][PASSED] - resText = "Fail": null

2024-03-08 01:51:21 - [TEST_STEP][PASSED] - pages.WriteExcel.demoKey(resText, datText, resColumn, datCloumn, fileLoc, nameSheet, row): pages.WriteExcel.demoKey is PASSED

2024-03-08 01:51:21 - [MESSAGE][PASSED] - pages.WriteExcel.demoKey is PASSED

2024-03-08 01:51:21 - [TEST_STEP][PASSED] - verifyTextPresent("Enter business name", true, CONTINUE_ON_FAILURE): Text 'Enter business name' is present on page  using regular expression

2024-03-08 01:51:21 - [MESSAGE][PASSED] - Text 'Enter business name' is present on page  using regular expression

2024-03-08 01:51:21 - [TEST_STEP][PASSED] - verifyTextPresent("Enter business rep first name", true, CONTINUE_ON_FAILURE): Text 'Enter business rep first name' is present on page  using regular expression

2024-03-08 01:51:22 - [MESSAGE][PASSED] - Text 'Enter business rep first name' is present on page  using regular expression

2024-03-08 01:51:22 - [TEST_STEP][PASSED] - verifyTextPresent("Enter business rep last name", true, CONTINUE_ON_FAILURE): Text 'Enter business rep last name' is present on page  using regular expression

2024-03-08 01:51:22 - [MESSAGE][PASSED] - Text 'Enter business rep last name' is present on page  using regular expression

2024-03-08 01:51:22 - [TEST_STEP][PASSED] - verifyTextPresent("Enter address", true, CONTINUE_ON_FAILURE): Text 'Enter address' is present on page  using regular expression

2024-03-08 01:51:22 - [MESSAGE][PASSED] - Text 'Enter address' is present on page  using regular expression

2024-03-08 01:51:22 - [TEST_STEP][PASSED] - verifyTextPresent("Enter city", true, CONTINUE_ON_FAILURE): Text 'Enter city' is present on page  using regular expression

2024-03-08 01:51:23 - [MESSAGE][PASSED] - Text 'Enter city' is present on page  using regular expression

2024-03-08 01:51:23 - [TEST_STEP][PASSED] - verifyTextPresent("Enter ZIP code", true, CONTINUE_ON_FAILURE): Text 'Enter ZIP code' is present on page  using regular expression

2024-03-08 01:51:23 - [MESSAGE][PASSED] - Text 'Enter ZIP code' is present on page  using regular expression

2024-03-08 01:51:23 - [TEST_STEP][PASSED] - verifyTextPresent("Enter a valid phone number", true, CONTINUE_ON_FAILURE): Text 'Enter a valid phone number' is present on page  using regular expression

2024-03-08 01:51:23 - [MESSAGE][PASSED] - Text 'Enter a valid phone number' is present on page  using regular expression

2024-03-08 01:51:23 - [TEST_STEP][PASSED] - verifyTextPresent("Enter Email", true, CONTINUE_ON_FAILURE): Text 'Enter Email' is present on page  using regular expression

2024-03-08 01:51:24 - [MESSAGE][PASSED] - Text 'Enter Email' is present on page  using regular expression

2024-03-08 01:51:24 - [TEST_STEP][PASSED] - if (TaxType.equalsIgnoreCase("Estate Tax")): null

2024-03-08 01:51:24 - [TEST_STEP][PASSED] - if (CRN.equalsIgnoreCase("Y")): Text 'Enter valid MD Central Registration Number' is present on page  using regular expression

2024-03-08 01:51:24 - [TEST_STEP][PASSED] - setText(findTestObject(orPath_TaxInfo + "/input_MDCRegistration"), " "): Text ' ' is set on object 'Object Repository/RAD_Pages/TaxInfo_Page/input_MDCRegistration'

2024-03-08 01:51:24 - [MESSAGE][PASSED] - Text ' ' is set on object 'Object Repository/RAD_Pages/TaxInfo_Page/input_MDCRegistration'

2024-03-08 01:51:24 - [TEST_STEP][PASSED] - setText(findTestObject(orPath_Amount + "/input__paymentAmount"), ""): Text '' is set on object 'Object Repository/RAD_Pages/PaymentAmount_Page/input__paymentAmount'

2024-03-08 01:51:25 - [MESSAGE][PASSED] - Text '' is set on object 'Object Repository/RAD_Pages/PaymentAmount_Page/input__paymentAmount'

2024-03-08 01:51:25 - [TEST_STEP][PASSED] - verifyTextPresent("Enter valid MD Central Registration Number", true, CONTINUE_ON_FAILURE): Text 'Enter valid MD Central Registration Number' is present on page  using regular expression

2024-03-08 01:51:25 - [MESSAGE][PASSED] - Text 'Enter valid MD Central Registration Number' is present on page  using regular expression

2024-03-08 01:51:25 - [TEST_STEP][PASSED] - resText = "Pass": null

2024-03-08 01:51:25 - [TEST_STEP][PASSED] - pages.WriteExcel.demoKey(resText, datText, resColumn, datCloumn, fileLoc, nameSheet, row): pages.WriteExcel.demoKey is PASSED

2024-03-08 01:51:26 - [MESSAGE][PASSED] - pages.WriteExcel.demoKey is PASSED

2024-03-08 01:51:26 - [TEST_STEP][PASSED] - ExecuteTC = findTestData(dataFile).getValue("Execute", row): null

2024-03-08 01:51:26 - [TEST_STEP][PASSED] - TaxType = findTestData(dataFile).getValue("TaxType", row): null

2024-03-08 01:51:26 - [TEST_STEP][PASSED] - PaymentType = findTestData(dataFile).getValue("PaymentType", row): null

2024-03-08 01:51:26 - [TEST_STEP][PASSED] - FilingYear = findTestData(dataFile).getValue("Year", row): null

2024-03-08 01:51:26 - [TEST_STEP][PASSED] - feinSSN = findTestData(dataFile).getValue("FeinSsn", row): null

2024-03-08 01:51:26 - [TEST_STEP][PASSED] - CRN = findTestData(dataFile).getValue("CRN", row): null

2024-03-08 01:51:26 - [TEST_STEP][PASSED] - if (ExecuteTC.equalsIgnoreCase("Y")): pages.WriteExcel.demoKey is PASSED

2024-03-08 01:51:26 - [TEST_STEP][PASSED] - out.println("Begin Record Number: " + row): null

2024-03-08 01:51:26 - [TEST_STEP][PASSED] - today = new java.util.Date(): null

2024-03-08 01:51:26 - [TEST_STEP][PASSED] - println(today): null

2024-03-08 01:51:26 - [TEST_STEP][PASSED] - datText = today: null

2024-03-08 01:51:26 - [TEST_STEP][PASSED] - logInfo("Payment Type: New Tax Return Amount Due"): Payment Type: New Tax Return Amount Due

2024-03-08 01:51:26 - [MESSAGE][INFO] - Payment Type: New Tax Return Amount Due

2024-03-08 01:51:26 - [TEST_STEP][PASSED] - logInfo("Tax Type: " + TaxType): Tax Type: Sales and Use Tax

2024-03-08 01:51:26 - [MESSAGE][INFO] - Tax Type: Sales and Use Tax

2024-03-08 01:51:26 - [TEST_STEP][PASSED] - openBrowser(""): Browser is opened with url: ''

2024-03-08 01:51:26 - [MESSAGE][WARNING] - A browser is already opened. Closing browser and opening a new one

2024-03-08 01:51:42 - [MESSAGE][INFO] - Starting 'Chrome' driver

2024-03-08 01:51:42 - [MESSAGE][INFO] - User set preference: ['acceptInsecureCerts', 'true']

2024-03-08 01:51:42 - [MESSAGE][INFO] - Action delay is set to 0 milliseconds

2024-03-08 01:51:44 - [MESSAGE][PASSED] - Browser is opened with url: ''

2024-03-08 01:51:44 - [TEST_STEP][PASSED] - maximizeWindow(): Current window maximized

2024-03-08 01:51:44 - [MESSAGE][PASSED] - Current window maximized

2024-03-08 01:51:44 - [TEST_STEP][PASSED] - navigateToUrl(RADurl): Navigate to 'https://qa2.velocitypayment.com/client/rad/index.html' successfully

2024-03-08 01:51:44 - [MESSAGE][PASSED] - Navigate to 'https://qa2.velocitypayment.com/client/rad/index.html' successfully

2024-03-08 01:51:44 - [TEST_STEP][PASSED] - selectOptionByLabel(findTestObject(orPath_Landing + "/dd_TaxType"), "New Tax Return Amount Due", false): All options with label 'New Tax Return Amount Due' are selected in object 'Object Repository/RAD_Pages/Landing_Page/dd_TaxType' 

2024-03-08 01:51:46 - [MESSAGE][PASSED] - All options with label 'New Tax Return Amount Due' are selected in object 'Object Repository/RAD_Pages/Landing_Page/dd_TaxType' 

2024-03-08 01:51:46 - [TEST_STEP][PASSED] - selectOptionByLabel(findTestObject("Object Repository/RAD_Pages/Landing_Page/select_NewTaxReturnAmountDue_TaxType"), TaxType, false): All options with label 'Sales and Use Tax' are selected in object 'Object Repository/RAD_Pages/Landing_Page/select_NewTaxReturnAmountDue_TaxType' 

2024-03-08 01:51:47 - [MESSAGE][PASSED] - All options with label 'Sales and Use Tax' are selected in object 'Object Repository/RAD_Pages/Landing_Page/select_NewTaxReturnAmountDue_TaxType' 

2024-03-08 01:51:47 - [TEST_STEP][PASSED] - selectOptionByLabel(findTestObject(orPath_TaxTypeFilingYear + "/select_FilingYear"), FilingYear, false): All options with label '2024' are selected in object 'Object Repository/RAD_Pages/TaxTypeFilingYear_Page/select_FilingYear' 

2024-03-08 01:51:48 - [MESSAGE][PASSED] - All options with label '2024' are selected in object 'Object Repository/RAD_Pages/TaxTypeFilingYear_Page/select_FilingYear' 

2024-03-08 01:51:48 - [TEST_STEP][PASSED] - setText(findTestObject(orPath_TaxPayer + "/input_businessName"), " "): Text ' ' is set on object 'Object Repository/RAD_Pages/Taxpayer_Page/input_businessName'

2024-03-08 01:51:49 - [MESSAGE][PASSED] - Text ' ' is set on object 'Object Repository/RAD_Pages/Taxpayer_Page/input_businessName'

2024-03-08 01:51:49 - [TEST_STEP][PASSED] - setText(findTestObject(orPath_TaxPayer + "/input_BusinessRepfirstName"), " "): Text ' ' is set on object 'Object Repository/RAD_Pages/Taxpayer_Page/input_BusinessRepfirstName'

2024-03-08 01:51:49 - [MESSAGE][PASSED] - Text ' ' is set on object 'Object Repository/RAD_Pages/Taxpayer_Page/input_BusinessRepfirstName'

2024-03-08 01:51:49 - [TEST_STEP][PASSED] - setText(findTestObject(orPath_TaxPayer + "/input_BusinessReplastName"), " "): Text ' ' is set on object 'Object Repository/RAD_Pages/Taxpayer_Page/input_BusinessReplastName'

2024-03-08 01:51:50 - [MESSAGE][PASSED] - Text ' ' is set on object 'Object Repository/RAD_Pages/Taxpayer_Page/input_BusinessReplastName'

2024-03-08 01:51:50 - [TEST_STEP][PASSED] - setText(findTestObject(orPath_AddressContact + "/input_streetAddress1"), " "): Text ' ' is set on object 'Object Repository/RAD_Pages/AddressAndContactInfo_Page/input_streetAddress1'

2024-03-08 01:51:51 - [MESSAGE][PASSED] - Text ' ' is set on object 'Object Repository/RAD_Pages/AddressAndContactInfo_Page/input_streetAddress1'

2024-03-08 01:51:51 - [TEST_STEP][PASSED] - setText(findTestObject(orPath_AddressContact + "/input_city"), " "): Text ' ' is set on object 'Object Repository/RAD_Pages/AddressAndContactInfo_Page/input_city'

2024-03-08 01:51:51 - [MESSAGE][PASSED] - Text ' ' is set on object 'Object Repository/RAD_Pages/AddressAndContactInfo_Page/input_city'

2024-03-08 01:51:51 - [TEST_STEP][PASSED] - setText(findTestObject(orPath_AddressContact + "/input_zipCode"), " "): Text ' ' is set on object 'Object Repository/RAD_Pages/AddressAndContactInfo_Page/input_zipCode'

2024-03-08 01:51:52 - [MESSAGE][PASSED] - Text ' ' is set on object 'Object Repository/RAD_Pages/AddressAndContactInfo_Page/input_zipCode'

2024-03-08 01:51:52 - [TEST_STEP][PASSED] - setText(findTestObject(orPath_AddressContact + "/input_phoneNumber"), " "): Text ' ' is set on object 'Object Repository/RAD_Pages/AddressAndContactInfo_Page/input_phoneNumber'

2024-03-08 01:51:53 - [MESSAGE][PASSED] - Text ' ' is set on object 'Object Repository/RAD_Pages/AddressAndContactInfo_Page/input_phoneNumber'

2024-03-08 01:51:53 - [TEST_STEP][PASSED] - setText(findTestObject(orPath_AddressContact + "/input_eMailAddress"), " "): Text ' ' is set on object 'Object Repository/RAD_Pages/AddressAndContactInfo_Page/input_eMailAddress'

2024-03-08 01:51:54 - [MESSAGE][PASSED] - Text ' ' is set on object 'Object Repository/RAD_Pages/AddressAndContactInfo_Page/input_eMailAddress'

2024-03-08 01:51:54 - [TEST_STEP][PASSED] - setText(findTestObject(orPath_AddressContact + "/input_reEnterEMailAddress"), " "): Text ' ' is set on object 'Object Repository/RAD_Pages/AddressAndContactInfo_Page/input_reEnterEMailAddress'

2024-03-08 01:51:54 - [MESSAGE][PASSED] - Text ' ' is set on object 'Object Repository/RAD_Pages/AddressAndContactInfo_Page/input_reEnterEMailAddress'

2024-03-08 01:51:54 - [TEST_STEP][PASSED] - if (TaxType.equalsIgnoreCase("Estate Tax")): null

2024-03-08 01:51:54 - [TEST_STEP][PASSED] - setText(findTestObject(orPath_Amount + "/input__paymentAmount"), ""): Text '' is set on object 'Object Repository/RAD_Pages/PaymentAmount_Page/input__paymentAmount'

2024-03-08 01:51:55 - [MESSAGE][PASSED] - Text '' is set on object 'Object Repository/RAD_Pages/PaymentAmount_Page/input__paymentAmount'

2024-03-08 01:51:55 - [TEST_STEP][PASSED] - resText = "Fail": null

2024-03-08 01:51:55 - [TEST_STEP][PASSED] - pages.WriteExcel.demoKey(resText, datText, resColumn, datCloumn, fileLoc, nameSheet, row): pages.WriteExcel.demoKey is PASSED

2024-03-08 01:51:55 - [MESSAGE][PASSED] - pages.WriteExcel.demoKey is PASSED

2024-03-08 01:51:55 - [TEST_STEP][PASSED] - verifyTextPresent("Enter business name", true, CONTINUE_ON_FAILURE): Text 'Enter business name' is present on page  using regular expression

2024-03-08 01:51:56 - [MESSAGE][PASSED] - Text 'Enter business name' is present on page  using regular expression

2024-03-08 01:51:56 - [TEST_STEP][PASSED] - verifyTextPresent("Enter business rep first name", true, CONTINUE_ON_FAILURE): Text 'Enter business rep first name' is present on page  using regular expression

2024-03-08 01:51:56 - [MESSAGE][PASSED] - Text 'Enter business rep first name' is present on page  using regular expression

2024-03-08 01:51:56 - [TEST_STEP][PASSED] - verifyTextPresent("Enter business rep last name", true, CONTINUE_ON_FAILURE): Text 'Enter business rep last name' is present on page  using regular expression

2024-03-08 01:51:57 - [MESSAGE][PASSED] - Text 'Enter business rep last name' is present on page  using regular expression

2024-03-08 01:51:57 - [TEST_STEP][PASSED] - verifyTextPresent("Enter address", true, CONTINUE_ON_FAILURE): Text 'Enter address' is present on page  using regular expression

2024-03-08 01:51:58 - [MESSAGE][PASSED] - Text 'Enter address' is present on page  using regular expression

2024-03-08 01:51:58 - [TEST_STEP][PASSED] - verifyTextPresent("Enter city", true, CONTINUE_ON_FAILURE): Text 'Enter city' is present on page  using regular expression

2024-03-08 01:51:58 - [MESSAGE][PASSED] - Text 'Enter city' is present on page  using regular expression

2024-03-08 01:51:58 - [TEST_STEP][PASSED] - verifyTextPresent("Enter ZIP code", true, CONTINUE_ON_FAILURE): Text 'Enter ZIP code' is present on page  using regular expression

2024-03-08 01:51:58 - [MESSAGE][PASSED] - Text 'Enter ZIP code' is present on page  using regular expression

2024-03-08 01:51:58 - [TEST_STEP][PASSED] - verifyTextPresent("Enter a valid phone number", true, CONTINUE_ON_FAILURE): Text 'Enter a valid phone number' is present on page  using regular expression

2024-03-08 01:51:59 - [MESSAGE][PASSED] - Text 'Enter a valid phone number' is present on page  using regular expression

2024-03-08 01:51:59 - [TEST_STEP][PASSED] - verifyTextPresent("Enter Email", true, CONTINUE_ON_FAILURE): Text 'Enter Email' is present on page  using regular expression

2024-03-08 01:51:59 - [MESSAGE][PASSED] - Text 'Enter Email' is present on page  using regular expression

2024-03-08 01:51:59 - [TEST_STEP][PASSED] - if (TaxType.equalsIgnoreCase("Estate Tax")): null

2024-03-08 01:51:59 - [TEST_STEP][PASSED] - if (CRN.equalsIgnoreCase("Y")): Text 'Enter valid MD Central Registration Number' is present on page  using regular expression

2024-03-08 01:51:59 - [TEST_STEP][PASSED] - setText(findTestObject(orPath_TaxInfo + "/input_MDCRegistration"), " "): Text ' ' is set on object 'Object Repository/RAD_Pages/TaxInfo_Page/input_MDCRegistration'

2024-03-08 01:52:00 - [MESSAGE][PASSED] - Text ' ' is set on object 'Object Repository/RAD_Pages/TaxInfo_Page/input_MDCRegistration'

2024-03-08 01:52:00 - [TEST_STEP][PASSED] - setText(findTestObject(orPath_Amount + "/input__paymentAmount"), ""): Text '' is set on object 'Object Repository/RAD_Pages/PaymentAmount_Page/input__paymentAmount'

2024-03-08 01:52:00 - [MESSAGE][PASSED] - Text '' is set on object 'Object Repository/RAD_Pages/PaymentAmount_Page/input__paymentAmount'

2024-03-08 01:52:00 - [TEST_STEP][PASSED] - verifyTextPresent("Enter valid MD Central Registration Number", true, CONTINUE_ON_FAILURE): Text 'Enter valid MD Central Registration Number' is present on page  using regular expression

2024-03-08 01:52:01 - [MESSAGE][PASSED] - Text 'Enter valid MD Central Registration Number' is present on page  using regular expression

2024-03-08 01:52:01 - [TEST_STEP][PASSED] - resText = "Pass": null

2024-03-08 01:52:01 - [TEST_STEP][PASSED] - pages.WriteExcel.demoKey(resText, datText, resColumn, datCloumn, fileLoc, nameSheet, row): pages.WriteExcel.demoKey is PASSED

2024-03-08 01:52:01 - [MESSAGE][PASSED] - pages.WriteExcel.demoKey is PASSED

2024-03-08 01:52:01 - [TEST_STEP][PASSED] - ExecuteTC = findTestData(dataFile).getValue("Execute", row): null

2024-03-08 01:52:01 - [TEST_STEP][PASSED] - TaxType = findTestData(dataFile).getValue("TaxType", row): null

2024-03-08 01:52:01 - [TEST_STEP][PASSED] - PaymentType = findTestData(dataFile).getValue("PaymentType", row): null

2024-03-08 01:52:01 - [TEST_STEP][PASSED] - FilingYear = findTestData(dataFile).getValue("Year", row): null

2024-03-08 01:52:01 - [TEST_STEP][PASSED] - feinSSN = findTestData(dataFile).getValue("FeinSsn", row): null

2024-03-08 01:52:01 - [TEST_STEP][PASSED] - CRN = findTestData(dataFile).getValue("CRN", row): null

2024-03-08 01:52:01 - [TEST_STEP][PASSED] - if (ExecuteTC.equalsIgnoreCase("Y")): pages.WriteExcel.demoKey is PASSED

2024-03-08 01:52:01 - [TEST_STEP][PASSED] - out.println("Begin Record Number: " + row): null

2024-03-08 01:52:01 - [TEST_STEP][PASSED] - today = new java.util.Date(): null

2024-03-08 01:52:01 - [TEST_STEP][PASSED] - println(today): null

2024-03-08 01:52:01 - [TEST_STEP][PASSED] - datText = today: null

2024-03-08 01:52:01 - [TEST_STEP][PASSED] - logInfo("Payment Type: New Tax Return Amount Due"): Payment Type: New Tax Return Amount Due

2024-03-08 01:52:01 - [MESSAGE][INFO] - Payment Type: New Tax Return Amount Due

2024-03-08 01:52:01 - [TEST_STEP][PASSED] - logInfo("Tax Type: " + TaxType): Tax Type: Slots License Fee

2024-03-08 01:52:01 - [MESSAGE][INFO] - Tax Type: Slots License Fee

2024-03-08 01:52:01 - [TEST_STEP][PASSED] - openBrowser(""): Browser is opened with url: ''

2024-03-08 01:52:01 - [MESSAGE][WARNING] - A browser is already opened. Closing browser and opening a new one

2024-03-08 01:52:19 - [MESSAGE][INFO] - Starting 'Chrome' driver

2024-03-08 01:52:19 - [MESSAGE][INFO] - User set preference: ['acceptInsecureCerts', 'true']

2024-03-08 01:52:19 - [MESSAGE][INFO] - Action delay is set to 0 milliseconds

2024-03-08 01:52:21 - [MESSAGE][PASSED] - Browser is opened with url: ''

2024-03-08 01:52:21 - [TEST_STEP][PASSED] - maximizeWindow(): Current window maximized

2024-03-08 01:52:21 - [MESSAGE][PASSED] - Current window maximized

2024-03-08 01:52:21 - [TEST_STEP][PASSED] - navigateToUrl(RADurl): Navigate to 'https://qa2.velocitypayment.com/client/rad/index.html' successfully

2024-03-08 01:52:28 - [MESSAGE][PASSED] - Navigate to 'https://qa2.velocitypayment.com/client/rad/index.html' successfully

2024-03-08 01:52:28 - [TEST_STEP][PASSED] - selectOptionByLabel(findTestObject(orPath_Landing + "/dd_TaxType"), "New Tax Return Amount Due", false): All options with label 'New Tax Return Amount Due' are selected in object 'Object Repository/RAD_Pages/Landing_Page/dd_TaxType' 

2024-03-08 01:52:28 - [MESSAGE][PASSED] - All options with label 'New Tax Return Amount Due' are selected in object 'Object Repository/RAD_Pages/Landing_Page/dd_TaxType' 

2024-03-08 01:52:28 - [TEST_STEP][PASSED] - selectOptionByLabel(findTestObject("Object Repository/RAD_Pages/Landing_Page/select_NewTaxReturnAmountDue_TaxType"), TaxType, false): All options with label 'Slots License Fee' are selected in object 'Object Repository/RAD_Pages/Landing_Page/select_NewTaxReturnAmountDue_TaxType' 

2024-03-08 01:52:29 - [MESSAGE][PASSED] - All options with label 'Slots License Fee' are selected in object 'Object Repository/RAD_Pages/Landing_Page/select_NewTaxReturnAmountDue_TaxType' 

2024-03-08 01:52:29 - [TEST_STEP][PASSED] - selectOptionByLabel(findTestObject(orPath_TaxTypeFilingYear + "/select_FilingYear"), FilingYear, false): All options with label '2024' are selected in object 'Object Repository/RAD_Pages/TaxTypeFilingYear_Page/select_FilingYear' 

2024-03-08 01:52:30 - [MESSAGE][PASSED] - All options with label '2024' are selected in object 'Object Repository/RAD_Pages/TaxTypeFilingYear_Page/select_FilingYear' 

2024-03-08 01:52:30 - [TEST_STEP][PASSED] - setText(findTestObject(orPath_TaxPayer + "/input_businessName"), " "): Text ' ' is set on object 'Object Repository/RAD_Pages/Taxpayer_Page/input_businessName'

2024-03-08 01:52:31 - [MESSAGE][PASSED] - Text ' ' is set on object 'Object Repository/RAD_Pages/Taxpayer_Page/input_businessName'

2024-03-08 01:52:31 - [TEST_STEP][PASSED] - setText(findTestObject(orPath_TaxPayer + "/input_BusinessRepfirstName"), " "): Text ' ' is set on object 'Object Repository/RAD_Pages/Taxpayer_Page/input_BusinessRepfirstName'

2024-03-08 01:52:31 - [MESSAGE][PASSED] - Text ' ' is set on object 'Object Repository/RAD_Pages/Taxpayer_Page/input_BusinessRepfirstName'

2024-03-08 01:52:31 - [TEST_STEP][PASSED] - setText(findTestObject(orPath_TaxPayer + "/input_BusinessReplastName"), " "): Text ' ' is set on object 'Object Repository/RAD_Pages/Taxpayer_Page/input_BusinessReplastName'

2024-03-08 01:52:32 - [MESSAGE][PASSED] - Text ' ' is set on object 'Object Repository/RAD_Pages/Taxpayer_Page/input_BusinessReplastName'

2024-03-08 01:52:32 - [TEST_STEP][PASSED] - setText(findTestObject(orPath_AddressContact + "/input_streetAddress1"), " "): Text ' ' is set on object 'Object Repository/RAD_Pages/AddressAndContactInfo_Page/input_streetAddress1'

2024-03-08 01:52:33 - [MESSAGE][PASSED] - Text ' ' is set on object 'Object Repository/RAD_Pages/AddressAndContactInfo_Page/input_streetAddress1'

2024-03-08 01:52:33 - [TEST_STEP][PASSED] - setText(findTestObject(orPath_AddressContact + "/input_city"), " "): Text ' ' is set on object 'Object Repository/RAD_Pages/AddressAndContactInfo_Page/input_city'

2024-03-08 01:52:33 - [MESSAGE][PASSED] - Text ' ' is set on object 'Object Repository/RAD_Pages/AddressAndContactInfo_Page/input_city'

2024-03-08 01:52:33 - [TEST_STEP][PASSED] - setText(findTestObject(orPath_AddressContact + "/input_zipCode"), " "): Text ' ' is set on object 'Object Repository/RAD_Pages/AddressAndContactInfo_Page/input_zipCode'

2024-03-08 01:52:34 - [MESSAGE][PASSED] - Text ' ' is set on object 'Object Repository/RAD_Pages/AddressAndContactInfo_Page/input_zipCode'

2024-03-08 01:52:34 - [TEST_STEP][PASSED] - setText(findTestObject(orPath_AddressContact + "/input_phoneNumber"), " "): Text ' ' is set on object 'Object Repository/RAD_Pages/AddressAndContactInfo_Page/input_phoneNumber'

2024-03-08 01:52:35 - [MESSAGE][PASSED] - Text ' ' is set on object 'Object Repository/RAD_Pages/AddressAndContactInfo_Page/input_phoneNumber'

2024-03-08 01:52:35 - [TEST_STEP][PASSED] - setText(findTestObject(orPath_AddressContact + "/input_eMailAddress"), " "): Text ' ' is set on object 'Object Repository/RAD_Pages/AddressAndContactInfo_Page/input_eMailAddress'

2024-03-08 01:52:36 - [MESSAGE][PASSED] - Text ' ' is set on object 'Object Repository/RAD_Pages/AddressAndContactInfo_Page/input_eMailAddress'

2024-03-08 01:52:36 - [TEST_STEP][PASSED] - setText(findTestObject(orPath_AddressContact + "/input_reEnterEMailAddress"), " "): Text ' ' is set on object 'Object Repository/RAD_Pages/AddressAndContactInfo_Page/input_reEnterEMailAddress'

2024-03-08 01:52:36 - [MESSAGE][PASSED] - Text ' ' is set on object 'Object Repository/RAD_Pages/AddressAndContactInfo_Page/input_reEnterEMailAddress'

2024-03-08 01:52:36 - [TEST_STEP][PASSED] - if (TaxType.equalsIgnoreCase("Estate Tax")): null

2024-03-08 01:52:36 - [TEST_STEP][PASSED] - setText(findTestObject(orPath_Amount + "/input__paymentAmount"), ""): Text '' is set on object 'Object Repository/RAD_Pages/PaymentAmount_Page/input__paymentAmount'

2024-03-08 01:52:37 - [MESSAGE][PASSED] - Text '' is set on object 'Object Repository/RAD_Pages/PaymentAmount_Page/input__paymentAmount'

2024-03-08 01:52:37 - [TEST_STEP][PASSED] - resText = "Fail": null

2024-03-08 01:52:37 - [TEST_STEP][PASSED] - pages.WriteExcel.demoKey(resText, datText, resColumn, datCloumn, fileLoc, nameSheet, row): pages.WriteExcel.demoKey is PASSED

2024-03-08 01:52:37 - [MESSAGE][PASSED] - pages.WriteExcel.demoKey is PASSED

2024-03-08 01:52:37 - [TEST_STEP][PASSED] - verifyTextPresent("Enter business name", true, CONTINUE_ON_FAILURE): Text 'Enter business name' is present on page  using regular expression

2024-03-08 01:52:38 - [MESSAGE][PASSED] - Text 'Enter business name' is present on page  using regular expression

2024-03-08 01:52:38 - [TEST_STEP][PASSED] - verifyTextPresent("Enter business rep first name", true, CONTINUE_ON_FAILURE): Text 'Enter business rep first name' is present on page  using regular expression

2024-03-08 01:52:38 - [MESSAGE][PASSED] - Text 'Enter business rep first name' is present on page  using regular expression

2024-03-08 01:52:38 - [TEST_STEP][PASSED] - verifyTextPresent("Enter business rep last name", true, CONTINUE_ON_FAILURE): Text 'Enter business rep last name' is present on page  using regular expression

2024-03-08 01:52:38 - [MESSAGE][PASSED] - Text 'Enter business rep last name' is present on page  using regular expression

2024-03-08 01:52:38 - [TEST_STEP][PASSED] - verifyTextPresent("Enter address", true, CONTINUE_ON_FAILURE): Text 'Enter address' is present on page  using regular expression

2024-03-08 01:52:39 - [MESSAGE][PASSED] - Text 'Enter address' is present on page  using regular expression

2024-03-08 01:52:39 - [TEST_STEP][PASSED] - verifyTextPresent("Enter city", true, CONTINUE_ON_FAILURE): Text 'Enter city' is present on page  using regular expression

2024-03-08 01:52:39 - [MESSAGE][PASSED] - Text 'Enter city' is present on page  using regular expression

2024-03-08 01:52:39 - [TEST_STEP][PASSED] - verifyTextPresent("Enter ZIP code", true, CONTINUE_ON_FAILURE): Text 'Enter ZIP code' is present on page  using regular expression

2024-03-08 01:52:40 - [MESSAGE][PASSED] - Text 'Enter ZIP code' is present on page  using regular expression

2024-03-08 01:52:40 - [TEST_STEP][PASSED] - verifyTextPresent("Enter a valid phone number", true, CONTINUE_ON_FAILURE): Text 'Enter a valid phone number' is present on page  using regular expression

2024-03-08 01:52:40 - [MESSAGE][PASSED] - Text 'Enter a valid phone number' is present on page  using regular expression

2024-03-08 01:52:40 - [TEST_STEP][PASSED] - verifyTextPresent("Enter Email", true, CONTINUE_ON_FAILURE): Text 'Enter Email' is present on page  using regular expression

2024-03-08 01:52:40 - [MESSAGE][PASSED] - Text 'Enter Email' is present on page  using regular expression

2024-03-08 01:52:40 - [TEST_STEP][PASSED] - if (TaxType.equalsIgnoreCase("Estate Tax")): null

2024-03-08 01:52:40 - [TEST_STEP][PASSED] - if (CRN.equalsIgnoreCase("Y")): null

2024-03-08 01:52:40 - [TEST_STEP][PASSED] - resText = "Pass": null

2024-03-08 01:52:40 - [TEST_STEP][PASSED] - pages.WriteExcel.demoKey(resText, datText, resColumn, datCloumn, fileLoc, nameSheet, row): pages.WriteExcel.demoKey is PASSED

2024-03-08 01:52:40 - [MESSAGE][PASSED] - pages.WriteExcel.demoKey is PASSED

2024-03-08 01:52:40 - [TEST_STEP][PASSED] - ExecuteTC = findTestData(dataFile).getValue("Execute", row): null

2024-03-08 01:52:40 - [TEST_STEP][PASSED] - TaxType = findTestData(dataFile).getValue("TaxType", row): null

2024-03-08 01:52:40 - [TEST_STEP][PASSED] - PaymentType = findTestData(dataFile).getValue("PaymentType", row): null

2024-03-08 01:52:40 - [TEST_STEP][PASSED] - FilingYear = findTestData(dataFile).getValue("Year", row): null

2024-03-08 01:52:41 - [TEST_STEP][PASSED] - feinSSN = findTestData(dataFile).getValue("FeinSsn", row): null

2024-03-08 01:52:41 - [TEST_STEP][PASSED] - CRN = findTestData(dataFile).getValue("CRN", row): null

2024-03-08 01:52:41 - [TEST_STEP][PASSED] - if (ExecuteTC.equalsIgnoreCase("Y")): pages.WriteExcel.demoKey is PASSED

2024-03-08 01:52:41 - [TEST_STEP][PASSED] - out.println("Begin Record Number: " + row): null

2024-03-08 01:52:41 - [TEST_STEP][PASSED] - today = new java.util.Date(): null

2024-03-08 01:52:41 - [TEST_STEP][PASSED] - println(today): null

2024-03-08 01:52:41 - [TEST_STEP][PASSED] - datText = today: null

2024-03-08 01:52:41 - [TEST_STEP][PASSED] - logInfo("Payment Type: New Tax Return Amount Due"): Payment Type: New Tax Return Amount Due

2024-03-08 01:52:41 - [MESSAGE][INFO] - Payment Type: New Tax Return Amount Due

2024-03-08 01:52:41 - [TEST_STEP][PASSED] - logInfo("Tax Type: " + TaxType): Tax Type: Tire Recycling Fee

2024-03-08 01:52:41 - [MESSAGE][INFO] - Tax Type: Tire Recycling Fee

2024-03-08 01:52:41 - [TEST_STEP][PASSED] - openBrowser(""): Browser is opened with url: ''

2024-03-08 01:52:41 - [MESSAGE][WARNING] - A browser is already opened. Closing browser and opening a new one

2024-03-08 01:52:53 - [MESSAGE][INFO] - Starting 'Chrome' driver

2024-03-08 01:52:53 - [MESSAGE][INFO] - User set preference: ['acceptInsecureCerts', 'true']

2024-03-08 01:52:53 - [MESSAGE][INFO] - Action delay is set to 0 milliseconds

2024-03-08 01:52:55 - [MESSAGE][PASSED] - Browser is opened with url: ''

2024-03-08 01:52:55 - [TEST_STEP][PASSED] - maximizeWindow(): Current window maximized

2024-03-08 01:52:55 - [MESSAGE][PASSED] - Current window maximized

2024-03-08 01:52:55 - [TEST_STEP][PASSED] - navigateToUrl(RADurl): Navigate to 'https://qa2.velocitypayment.com/client/rad/index.html' successfully

2024-03-08 01:53:02 - [MESSAGE][PASSED] - Navigate to 'https://qa2.velocitypayment.com/client/rad/index.html' successfully

2024-03-08 01:53:02 - [TEST_STEP][PASSED] - selectOptionByLabel(findTestObject(orPath_Landing + "/dd_TaxType"), "New Tax Return Amount Due", false): All options with label 'New Tax Return Amount Due' are selected in object 'Object Repository/RAD_Pages/Landing_Page/dd_TaxType' 

2024-03-08 01:53:02 - [MESSAGE][PASSED] - All options with label 'New Tax Return Amount Due' are selected in object 'Object Repository/RAD_Pages/Landing_Page/dd_TaxType' 

2024-03-08 01:53:02 - [TEST_STEP][PASSED] - selectOptionByLabel(findTestObject("Object Repository/RAD_Pages/Landing_Page/select_NewTaxReturnAmountDue_TaxType"), TaxType, false): All options with label 'Tire Recycling Fee' are selected in object 'Object Repository/RAD_Pages/Landing_Page/select_NewTaxReturnAmountDue_TaxType' 

2024-03-08 01:53:03 - [MESSAGE][PASSED] - All options with label 'Tire Recycling Fee' are selected in object 'Object Repository/RAD_Pages/Landing_Page/select_NewTaxReturnAmountDue_TaxType' 

2024-03-08 01:53:03 - [TEST_STEP][PASSED] - selectOptionByLabel(findTestObject(orPath_TaxTypeFilingYear + "/select_FilingYear"), FilingYear, false): All options with label '2024' are selected in object 'Object Repository/RAD_Pages/TaxTypeFilingYear_Page/select_FilingYear' 

2024-03-08 01:53:04 - [MESSAGE][PASSED] - All options with label '2024' are selected in object 'Object Repository/RAD_Pages/TaxTypeFilingYear_Page/select_FilingYear' 

2024-03-08 01:53:04 - [TEST_STEP][PASSED] - setText(findTestObject(orPath_TaxPayer + "/input_businessName"), " "): Text ' ' is set on object 'Object Repository/RAD_Pages/Taxpayer_Page/input_businessName'

2024-03-08 01:53:05 - [MESSAGE][PASSED] - Text ' ' is set on object 'Object Repository/RAD_Pages/Taxpayer_Page/input_businessName'

2024-03-08 01:53:05 - [TEST_STEP][PASSED] - setText(findTestObject(orPath_TaxPayer + "/input_BusinessRepfirstName"), " "): Text ' ' is set on object 'Object Repository/RAD_Pages/Taxpayer_Page/input_BusinessRepfirstName'

2024-03-08 01:53:05 - [MESSAGE][PASSED] - Text ' ' is set on object 'Object Repository/RAD_Pages/Taxpayer_Page/input_BusinessRepfirstName'

2024-03-08 01:53:05 - [TEST_STEP][PASSED] - setText(findTestObject(orPath_TaxPayer + "/input_BusinessReplastName"), " "): Text ' ' is set on object 'Object Repository/RAD_Pages/Taxpayer_Page/input_BusinessReplastName'

2024-03-08 01:53:06 - [MESSAGE][PASSED] - Text ' ' is set on object 'Object Repository/RAD_Pages/Taxpayer_Page/input_BusinessReplastName'

2024-03-08 01:53:06 - [TEST_STEP][PASSED] - setText(findTestObject(orPath_AddressContact + "/input_streetAddress1"), " "): Text ' ' is set on object 'Object Repository/RAD_Pages/AddressAndContactInfo_Page/input_streetAddress1'

2024-03-08 01:53:07 - [MESSAGE][PASSED] - Text ' ' is set on object 'Object Repository/RAD_Pages/AddressAndContactInfo_Page/input_streetAddress1'

2024-03-08 01:53:07 - [TEST_STEP][PASSED] - setText(findTestObject(orPath_AddressContact + "/input_city"), " "): Text ' ' is set on object 'Object Repository/RAD_Pages/AddressAndContactInfo_Page/input_city'

2024-03-08 01:53:07 - [MESSAGE][PASSED] - Text ' ' is set on object 'Object Repository/RAD_Pages/AddressAndContactInfo_Page/input_city'

2024-03-08 01:53:07 - [TEST_STEP][PASSED] - setText(findTestObject(orPath_AddressContact + "/input_zipCode"), " "): Text ' ' is set on object 'Object Repository/RAD_Pages/AddressAndContactInfo_Page/input_zipCode'

2024-03-08 01:53:08 - [MESSAGE][PASSED] - Text ' ' is set on object 'Object Repository/RAD_Pages/AddressAndContactInfo_Page/input_zipCode'

2024-03-08 01:53:08 - [TEST_STEP][PASSED] - setText(findTestObject(orPath_AddressContact + "/input_phoneNumber"), " "): Text ' ' is set on object 'Object Repository/RAD_Pages/AddressAndContactInfo_Page/input_phoneNumber'

2024-03-08 01:53:09 - [MESSAGE][PASSED] - Text ' ' is set on object 'Object Repository/RAD_Pages/AddressAndContactInfo_Page/input_phoneNumber'

2024-03-08 01:53:09 - [TEST_STEP][PASSED] - setText(findTestObject(orPath_AddressContact + "/input_eMailAddress"), " "): Text ' ' is set on object 'Object Repository/RAD_Pages/AddressAndContactInfo_Page/input_eMailAddress'

2024-03-08 01:53:10 - [MESSAGE][PASSED] - Text ' ' is set on object 'Object Repository/RAD_Pages/AddressAndContactInfo_Page/input_eMailAddress'

2024-03-08 01:53:10 - [TEST_STEP][PASSED] - setText(findTestObject(orPath_AddressContact + "/input_reEnterEMailAddress"), " "): Text ' ' is set on object 'Object Repository/RAD_Pages/AddressAndContactInfo_Page/input_reEnterEMailAddress'

2024-03-08 01:53:10 - [MESSAGE][PASSED] - Text ' ' is set on object 'Object Repository/RAD_Pages/AddressAndContactInfo_Page/input_reEnterEMailAddress'

2024-03-08 01:53:10 - [TEST_STEP][PASSED] - if (TaxType.equalsIgnoreCase("Estate Tax")): null

2024-03-08 01:53:10 - [TEST_STEP][PASSED] - setText(findTestObject(orPath_Amount + "/input__paymentAmount"), ""): Text '' is set on object 'Object Repository/RAD_Pages/PaymentAmount_Page/input__paymentAmount'

2024-03-08 01:53:11 - [MESSAGE][PASSED] - Text '' is set on object 'Object Repository/RAD_Pages/PaymentAmount_Page/input__paymentAmount'

2024-03-08 01:53:11 - [TEST_STEP][PASSED] - resText = "Fail": null

2024-03-08 01:53:11 - [TEST_STEP][PASSED] - pages.WriteExcel.demoKey(resText, datText, resColumn, datCloumn, fileLoc, nameSheet, row): pages.WriteExcel.demoKey is PASSED

2024-03-08 01:53:11 - [MESSAGE][PASSED] - pages.WriteExcel.demoKey is PASSED

2024-03-08 01:53:11 - [TEST_STEP][PASSED] - verifyTextPresent("Enter business name", true, CONTINUE_ON_FAILURE): Text 'Enter business name' is present on page  using regular expression

2024-03-08 01:53:12 - [MESSAGE][PASSED] - Text 'Enter business name' is present on page  using regular expression

2024-03-08 01:53:12 - [TEST_STEP][PASSED] - verifyTextPresent("Enter business rep first name", true, CONTINUE_ON_FAILURE): Text 'Enter business rep first name' is present on page  using regular expression

2024-03-08 01:53:12 - [MESSAGE][PASSED] - Text 'Enter business rep first name' is present on page  using regular expression

2024-03-08 01:53:12 - [TEST_STEP][PASSED] - verifyTextPresent("Enter business rep last name", true, CONTINUE_ON_FAILURE): Text 'Enter business rep last name' is present on page  using regular expression

2024-03-08 01:53:12 - [MESSAGE][PASSED] - Text 'Enter business rep last name' is present on page  using regular expression

2024-03-08 01:53:12 - [TEST_STEP][PASSED] - verifyTextPresent("Enter address", true, CONTINUE_ON_FAILURE): Text 'Enter address' is present on page  using regular expression

2024-03-08 01:53:13 - [MESSAGE][PASSED] - Text 'Enter address' is present on page  using regular expression

2024-03-08 01:53:13 - [TEST_STEP][PASSED] - verifyTextPresent("Enter city", true, CONTINUE_ON_FAILURE): Text 'Enter city' is present on page  using regular expression

2024-03-08 01:53:13 - [MESSAGE][PASSED] - Text 'Enter city' is present on page  using regular expression

2024-03-08 01:53:13 - [TEST_STEP][PASSED] - verifyTextPresent("Enter ZIP code", true, CONTINUE_ON_FAILURE): Text 'Enter ZIP code' is present on page  using regular expression

2024-03-08 01:53:13 - [MESSAGE][PASSED] - Text 'Enter ZIP code' is present on page  using regular expression

2024-03-08 01:53:13 - [TEST_STEP][PASSED] - verifyTextPresent("Enter a valid phone number", true, CONTINUE_ON_FAILURE): Text 'Enter a valid phone number' is present on page  using regular expression

2024-03-08 01:53:14 - [MESSAGE][PASSED] - Text 'Enter a valid phone number' is present on page  using regular expression

2024-03-08 01:53:14 - [TEST_STEP][PASSED] - verifyTextPresent("Enter Email", true, CONTINUE_ON_FAILURE): Text 'Enter Email' is present on page  using regular expression

2024-03-08 01:53:14 - [MESSAGE][PASSED] - Text 'Enter Email' is present on page  using regular expression

2024-03-08 01:53:14 - [TEST_STEP][PASSED] - if (TaxType.equalsIgnoreCase("Estate Tax")): null

2024-03-08 01:53:14 - [TEST_STEP][PASSED] - if (CRN.equalsIgnoreCase("Y")): Text 'Enter valid MD Central Registration Number' is present on page  using regular expression

2024-03-08 01:53:14 - [TEST_STEP][PASSED] - setText(findTestObject(orPath_TaxInfo + "/input_MDCRegistration"), " "): Text ' ' is set on object 'Object Repository/RAD_Pages/TaxInfo_Page/input_MDCRegistration'

2024-03-08 01:53:15 - [MESSAGE][PASSED] - Text ' ' is set on object 'Object Repository/RAD_Pages/TaxInfo_Page/input_MDCRegistration'

2024-03-08 01:53:15 - [TEST_STEP][PASSED] - setText(findTestObject(orPath_Amount + "/input__paymentAmount"), ""): Text '' is set on object 'Object Repository/RAD_Pages/PaymentAmount_Page/input__paymentAmount'

2024-03-08 01:53:16 - [MESSAGE][PASSED] - Text '' is set on object 'Object Repository/RAD_Pages/PaymentAmount_Page/input__paymentAmount'

2024-03-08 01:53:16 - [TEST_STEP][PASSED] - verifyTextPresent("Enter valid MD Central Registration Number", true, CONTINUE_ON_FAILURE): Text 'Enter valid MD Central Registration Number' is present on page  using regular expression

2024-03-08 01:53:16 - [MESSAGE][PASSED] - Text 'Enter valid MD Central Registration Number' is present on page  using regular expression

2024-03-08 01:53:16 - [TEST_STEP][PASSED] - resText = "Pass": null

2024-03-08 01:53:16 - [TEST_STEP][PASSED] - pages.WriteExcel.demoKey(resText, datText, resColumn, datCloumn, fileLoc, nameSheet, row): pages.WriteExcel.demoKey is PASSED

2024-03-08 01:53:16 - [MESSAGE][PASSED] - pages.WriteExcel.demoKey is PASSED

2024-03-08 01:53:16 - [TEST_STEP][PASSED] - ExecuteTC = findTestData(dataFile).getValue("Execute", row): null

2024-03-08 01:53:16 - [TEST_STEP][PASSED] - TaxType = findTestData(dataFile).getValue("TaxType", row): null

2024-03-08 01:53:16 - [TEST_STEP][PASSED] - PaymentType = findTestData(dataFile).getValue("PaymentType", row): null

2024-03-08 01:53:16 - [TEST_STEP][PASSED] - FilingYear = findTestData(dataFile).getValue("Year", row): null

2024-03-08 01:53:16 - [TEST_STEP][PASSED] - feinSSN = findTestData(dataFile).getValue("FeinSsn", row): null

2024-03-08 01:53:16 - [TEST_STEP][PASSED] - CRN = findTestData(dataFile).getValue("CRN", row): null

2024-03-08 01:53:16 - [TEST_STEP][PASSED] - if (ExecuteTC.equalsIgnoreCase("Y")): pages.WriteExcel.demoKey is PASSED

2024-03-08 01:53:16 - [TEST_STEP][PASSED] - out.println("Begin Record Number: " + row): null

2024-03-08 01:53:16 - [TEST_STEP][PASSED] - today = new java.util.Date(): null

2024-03-08 01:53:16 - [TEST_STEP][PASSED] - println(today): null

2024-03-08 01:53:16 - [TEST_STEP][PASSED] - datText = today: null

2024-03-08 01:53:16 - [TEST_STEP][PASSED] - logInfo("Payment Type: New Tax Return Amount Due"): Payment Type: New Tax Return Amount Due

2024-03-08 01:53:16 - [MESSAGE][INFO] - Payment Type: New Tax Return Amount Due

2024-03-08 01:53:16 - [TEST_STEP][PASSED] - logInfo("Tax Type: " + TaxType): Tax Type: Tobacco Tax

2024-03-08 01:53:16 - [MESSAGE][INFO] - Tax Type: Tobacco Tax

2024-03-08 01:53:16 - [TEST_STEP][PASSED] - openBrowser(""): Browser is opened with url: ''

2024-03-08 01:53:16 - [MESSAGE][WARNING] - A browser is already opened. Closing browser and opening a new one

2024-03-08 01:53:30 - [MESSAGE][INFO] - Starting 'Chrome' driver

2024-03-08 01:53:30 - [MESSAGE][INFO] - User set preference: ['acceptInsecureCerts', 'true']

2024-03-08 01:53:30 - [MESSAGE][INFO] - Action delay is set to 0 milliseconds

2024-03-08 01:53:32 - [MESSAGE][PASSED] - Browser is opened with url: ''

2024-03-08 01:53:32 - [TEST_STEP][PASSED] - maximizeWindow(): Current window maximized

2024-03-08 01:53:32 - [MESSAGE][PASSED] - Current window maximized

2024-03-08 01:53:32 - [TEST_STEP][PASSED] - navigateToUrl(RADurl): Navigate to 'https://qa2.velocitypayment.com/client/rad/index.html' successfully

2024-03-08 01:53:34 - [MESSAGE][PASSED] - Navigate to 'https://qa2.velocitypayment.com/client/rad/index.html' successfully

2024-03-08 01:53:34 - [TEST_STEP][PASSED] - selectOptionByLabel(findTestObject(orPath_Landing + "/dd_TaxType"), "New Tax Return Amount Due", false): All options with label 'New Tax Return Amount Due' are selected in object 'Object Repository/RAD_Pages/Landing_Page/dd_TaxType' 

2024-03-08 01:53:35 - [MESSAGE][PASSED] - All options with label 'New Tax Return Amount Due' are selected in object 'Object Repository/RAD_Pages/Landing_Page/dd_TaxType' 

2024-03-08 01:53:35 - [TEST_STEP][PASSED] - selectOptionByLabel(findTestObject("Object Repository/RAD_Pages/Landing_Page/select_NewTaxReturnAmountDue_TaxType"), TaxType, false): All options with label 'Tobacco Tax' are selected in object 'Object Repository/RAD_Pages/Landing_Page/select_NewTaxReturnAmountDue_TaxType' 

2024-03-08 01:53:35 - [MESSAGE][PASSED] - All options with label 'Tobacco Tax' are selected in object 'Object Repository/RAD_Pages/Landing_Page/select_NewTaxReturnAmountDue_TaxType' 

2024-03-08 01:53:35 - [TEST_STEP][PASSED] - selectOptionByLabel(findTestObject(orPath_TaxTypeFilingYear + "/select_FilingYear"), FilingYear, false): All options with label '2024' are selected in object 'Object Repository/RAD_Pages/TaxTypeFilingYear_Page/select_FilingYear' 

2024-03-08 01:53:36 - [MESSAGE][PASSED] - All options with label '2024' are selected in object 'Object Repository/RAD_Pages/TaxTypeFilingYear_Page/select_FilingYear' 

2024-03-08 01:53:36 - [TEST_STEP][PASSED] - setText(findTestObject(orPath_TaxPayer + "/input_businessName"), " "): Text ' ' is set on object 'Object Repository/RAD_Pages/Taxpayer_Page/input_businessName'

2024-03-08 01:53:37 - [MESSAGE][PASSED] - Text ' ' is set on object 'Object Repository/RAD_Pages/Taxpayer_Page/input_businessName'

2024-03-08 01:53:37 - [TEST_STEP][PASSED] - setText(findTestObject(orPath_TaxPayer + "/input_BusinessRepfirstName"), " "): Text ' ' is set on object 'Object Repository/RAD_Pages/Taxpayer_Page/input_BusinessRepfirstName'

2024-03-08 01:53:38 - [MESSAGE][PASSED] - Text ' ' is set on object 'Object Repository/RAD_Pages/Taxpayer_Page/input_BusinessRepfirstName'

2024-03-08 01:53:38 - [TEST_STEP][PASSED] - setText(findTestObject(orPath_TaxPayer + "/input_BusinessReplastName"), " "): Text ' ' is set on object 'Object Repository/RAD_Pages/Taxpayer_Page/input_BusinessReplastName'

2024-03-08 01:53:38 - [MESSAGE][PASSED] - Text ' ' is set on object 'Object Repository/RAD_Pages/Taxpayer_Page/input_BusinessReplastName'

2024-03-08 01:53:38 - [TEST_STEP][PASSED] - setText(findTestObject(orPath_AddressContact + "/input_streetAddress1"), " "): Text ' ' is set on object 'Object Repository/RAD_Pages/AddressAndContactInfo_Page/input_streetAddress1'

2024-03-08 01:53:39 - [MESSAGE][PASSED] - Text ' ' is set on object 'Object Repository/RAD_Pages/AddressAndContactInfo_Page/input_streetAddress1'

2024-03-08 01:53:39 - [TEST_STEP][PASSED] - setText(findTestObject(orPath_AddressContact + "/input_city"), " "): Text ' ' is set on object 'Object Repository/RAD_Pages/AddressAndContactInfo_Page/input_city'

2024-03-08 01:53:40 - [MESSAGE][PASSED] - Text ' ' is set on object 'Object Repository/RAD_Pages/AddressAndContactInfo_Page/input_city'

2024-03-08 01:53:40 - [TEST_STEP][PASSED] - setText(findTestObject(orPath_AddressContact + "/input_zipCode"), " "): Text ' ' is set on object 'Object Repository/RAD_Pages/AddressAndContactInfo_Page/input_zipCode'

2024-03-08 01:53:41 - [MESSAGE][PASSED] - Text ' ' is set on object 'Object Repository/RAD_Pages/AddressAndContactInfo_Page/input_zipCode'

2024-03-08 01:53:41 - [TEST_STEP][PASSED] - setText(findTestObject(orPath_AddressContact + "/input_phoneNumber"), " "): Text ' ' is set on object 'Object Repository/RAD_Pages/AddressAndContactInfo_Page/input_phoneNumber'

2024-03-08 01:53:41 - [MESSAGE][PASSED] - Text ' ' is set on object 'Object Repository/RAD_Pages/AddressAndContactInfo_Page/input_phoneNumber'

2024-03-08 01:53:41 - [TEST_STEP][PASSED] - setText(findTestObject(orPath_AddressContact + "/input_eMailAddress"), " "): Text ' ' is set on object 'Object Repository/RAD_Pages/AddressAndContactInfo_Page/input_eMailAddress'

2024-03-08 01:53:42 - [MESSAGE][PASSED] - Text ' ' is set on object 'Object Repository/RAD_Pages/AddressAndContactInfo_Page/input_eMailAddress'

2024-03-08 01:53:42 - [TEST_STEP][PASSED] - setText(findTestObject(orPath_AddressContact + "/input_reEnterEMailAddress"), " "): Text ' ' is set on object 'Object Repository/RAD_Pages/AddressAndContactInfo_Page/input_reEnterEMailAddress'

2024-03-08 01:53:43 - [MESSAGE][PASSED] - Text ' ' is set on object 'Object Repository/RAD_Pages/AddressAndContactInfo_Page/input_reEnterEMailAddress'

2024-03-08 01:53:43 - [TEST_STEP][PASSED] - if (TaxType.equalsIgnoreCase("Estate Tax")): null

2024-03-08 01:53:43 - [TEST_STEP][PASSED] - setText(findTestObject(orPath_Amount + "/input__paymentAmount"), ""): Text '' is set on object 'Object Repository/RAD_Pages/PaymentAmount_Page/input__paymentAmount'

2024-03-08 01:53:43 - [MESSAGE][PASSED] - Text '' is set on object 'Object Repository/RAD_Pages/PaymentAmount_Page/input__paymentAmount'

2024-03-08 01:53:43 - [TEST_STEP][PASSED] - resText = "Fail": null

2024-03-08 01:53:43 - [TEST_STEP][PASSED] - pages.WriteExcel.demoKey(resText, datText, resColumn, datCloumn, fileLoc, nameSheet, row): pages.WriteExcel.demoKey is PASSED

2024-03-08 01:53:44 - [MESSAGE][PASSED] - pages.WriteExcel.demoKey is PASSED

2024-03-08 01:53:44 - [TEST_STEP][PASSED] - verifyTextPresent("Enter business name", true, CONTINUE_ON_FAILURE): Text 'Enter business name' is present on page  using regular expression

2024-03-08 01:53:44 - [MESSAGE][PASSED] - Text 'Enter business name' is present on page  using regular expression

2024-03-08 01:53:44 - [TEST_STEP][PASSED] - verifyTextPresent("Enter business rep first name", true, CONTINUE_ON_FAILURE): Text 'Enter business rep first name' is present on page  using regular expression

2024-03-08 01:53:44 - [MESSAGE][PASSED] - Text 'Enter business rep first name' is present on page  using regular expression

2024-03-08 01:53:44 - [TEST_STEP][PASSED] - verifyTextPresent("Enter business rep last name", true, CONTINUE_ON_FAILURE): Text 'Enter business rep last name' is present on page  using regular expression

2024-03-08 01:53:45 - [MESSAGE][PASSED] - Text 'Enter business rep last name' is present on page  using regular expression

2024-03-08 01:53:45 - [TEST_STEP][PASSED] - verifyTextPresent("Enter address", true, CONTINUE_ON_FAILURE): Text 'Enter address' is present on page  using regular expression

2024-03-08 01:53:45 - [MESSAGE][PASSED] - Text 'Enter address' is present on page  using regular expression

2024-03-08 01:53:45 - [TEST_STEP][PASSED] - verifyTextPresent("Enter city", true, CONTINUE_ON_FAILURE): Text 'Enter city' is present on page  using regular expression

2024-03-08 01:53:46 - [MESSAGE][PASSED] - Text 'Enter city' is present on page  using regular expression

2024-03-08 01:53:46 - [TEST_STEP][PASSED] - verifyTextPresent("Enter ZIP code", true, CONTINUE_ON_FAILURE): Text 'Enter ZIP code' is present on page  using regular expression

2024-03-08 01:53:46 - [MESSAGE][PASSED] - Text 'Enter ZIP code' is present on page  using regular expression

2024-03-08 01:53:46 - [TEST_STEP][PASSED] - verifyTextPresent("Enter a valid phone number", true, CONTINUE_ON_FAILURE): Text 'Enter a valid phone number' is present on page  using regular expression

2024-03-08 01:53:46 - [MESSAGE][PASSED] - Text 'Enter a valid phone number' is present on page  using regular expression

2024-03-08 01:53:46 - [TEST_STEP][PASSED] - verifyTextPresent("Enter Email", true, CONTINUE_ON_FAILURE): Text 'Enter Email' is present on page  using regular expression

2024-03-08 01:53:47 - [MESSAGE][PASSED] - Text 'Enter Email' is present on page  using regular expression

2024-03-08 01:53:47 - [TEST_STEP][PASSED] - if (TaxType.equalsIgnoreCase("Estate Tax")): null

2024-03-08 01:53:47 - [TEST_STEP][PASSED] - if (CRN.equalsIgnoreCase("Y")): Text 'Enter valid MD Central Registration Number' is present on page  using regular expression

2024-03-08 01:53:47 - [TEST_STEP][PASSED] - setText(findTestObject(orPath_TaxInfo + "/input_MDCRegistration"), " "): Text ' ' is set on object 'Object Repository/RAD_Pages/TaxInfo_Page/input_MDCRegistration'

2024-03-08 01:53:47 - [MESSAGE][PASSED] - Text ' ' is set on object 'Object Repository/RAD_Pages/TaxInfo_Page/input_MDCRegistration'

2024-03-08 01:53:47 - [TEST_STEP][PASSED] - setText(findTestObject(orPath_Amount + "/input__paymentAmount"), ""): Text '' is set on object 'Object Repository/RAD_Pages/PaymentAmount_Page/input__paymentAmount'

2024-03-08 01:53:48 - [MESSAGE][PASSED] - Text '' is set on object 'Object Repository/RAD_Pages/PaymentAmount_Page/input__paymentAmount'

2024-03-08 01:53:48 - [TEST_STEP][PASSED] - verifyTextPresent("Enter valid MD Central Registration Number", true, CONTINUE_ON_FAILURE): Text 'Enter valid MD Central Registration Number' is present on page  using regular expression

2024-03-08 01:53:48 - [MESSAGE][PASSED] - Text 'Enter valid MD Central Registration Number' is present on page  using regular expression

2024-03-08 01:53:48 - [TEST_STEP][PASSED] - resText = "Pass": null

2024-03-08 01:53:48 - [TEST_STEP][PASSED] - pages.WriteExcel.demoKey(resText, datText, resColumn, datCloumn, fileLoc, nameSheet, row): pages.WriteExcel.demoKey is PASSED

2024-03-08 01:53:48 - [MESSAGE][PASSED] - pages.WriteExcel.demoKey is PASSED

2024-03-08 01:53:48 - [TEST_STEP][PASSED] - ExecuteTC = findTestData(dataFile).getValue("Execute", row): null

2024-03-08 01:53:48 - [TEST_STEP][PASSED] - TaxType = findTestData(dataFile).getValue("TaxType", row): null

2024-03-08 01:53:49 - [TEST_STEP][PASSED] - PaymentType = findTestData(dataFile).getValue("PaymentType", row): null

2024-03-08 01:53:49 - [TEST_STEP][PASSED] - FilingYear = findTestData(dataFile).getValue("Year", row): null

2024-03-08 01:53:49 - [TEST_STEP][PASSED] - feinSSN = findTestData(dataFile).getValue("FeinSsn", row): null

2024-03-08 01:53:49 - [TEST_STEP][PASSED] - CRN = findTestData(dataFile).getValue("CRN", row): null

2024-03-08 01:53:49 - [TEST_STEP][PASSED] - if (ExecuteTC.equalsIgnoreCase("Y")): pages.WriteExcel.demoKey is PASSED

2024-03-08 01:53:49 - [TEST_STEP][PASSED] - out.println("Begin Record Number: " + row): null

2024-03-08 01:53:49 - [TEST_STEP][PASSED] - today = new java.util.Date(): null

2024-03-08 01:53:49 - [TEST_STEP][PASSED] - println(today): null

2024-03-08 01:53:49 - [TEST_STEP][PASSED] - datText = today: null

2024-03-08 01:53:49 - [TEST_STEP][PASSED] - logInfo("Payment Type: New Tax Return Amount Due"): Payment Type: New Tax Return Amount Due

2024-03-08 01:53:49 - [MESSAGE][INFO] - Payment Type: New Tax Return Amount Due

2024-03-08 01:53:49 - [TEST_STEP][PASSED] - logInfo("Tax Type: " + TaxType): Tax Type: Transportation Network Services

2024-03-08 01:53:49 - [MESSAGE][INFO] - Tax Type: Transportation Network Services

2024-03-08 01:53:49 - [TEST_STEP][PASSED] - openBrowser(""): Browser is opened with url: ''

2024-03-08 01:53:49 - [MESSAGE][WARNING] - A browser is already opened. Closing browser and opening a new one

2024-03-08 01:54:17 - [MESSAGE][INFO] - Starting 'Chrome' driver

2024-03-08 01:54:17 - [MESSAGE][INFO] - User set preference: ['acceptInsecureCerts', 'true']

2024-03-08 01:54:17 - [MESSAGE][INFO] - Action delay is set to 0 milliseconds

2024-03-08 01:54:18 - [MESSAGE][PASSED] - Browser is opened with url: ''

2024-03-08 01:54:18 - [TEST_STEP][PASSED] - maximizeWindow(): Current window maximized

2024-03-08 01:54:18 - [MESSAGE][PASSED] - Current window maximized

2024-03-08 01:54:18 - [TEST_STEP][PASSED] - navigateToUrl(RADurl): Navigate to 'https://qa2.velocitypayment.com/client/rad/index.html' successfully

2024-03-08 01:54:25 - [MESSAGE][PASSED] - Navigate to 'https://qa2.velocitypayment.com/client/rad/index.html' successfully

2024-03-08 01:54:25 - [TEST_STEP][PASSED] - selectOptionByLabel(findTestObject(orPath_Landing + "/dd_TaxType"), "New Tax Return Amount Due", false): All options with label 'New Tax Return Amount Due' are selected in object 'Object Repository/RAD_Pages/Landing_Page/dd_TaxType' 

2024-03-08 01:54:26 - [MESSAGE][PASSED] - All options with label 'New Tax Return Amount Due' are selected in object 'Object Repository/RAD_Pages/Landing_Page/dd_TaxType' 

2024-03-08 01:54:26 - [TEST_STEP][PASSED] - selectOptionByLabel(findTestObject("Object Repository/RAD_Pages/Landing_Page/select_NewTaxReturnAmountDue_TaxType"), TaxType, false): All options with label 'Transportation Network Services' are selected in object 'Object Repository/RAD_Pages/Landing_Page/select_NewTaxReturnAmountDue_TaxType' 

2024-03-08 01:54:26 - [MESSAGE][PASSED] - All options with label 'Transportation Network Services' are selected in object 'Object Repository/RAD_Pages/Landing_Page/select_NewTaxReturnAmountDue_TaxType' 

2024-03-08 01:54:26 - [TEST_STEP][PASSED] - selectOptionByLabel(findTestObject(orPath_TaxTypeFilingYear + "/select_FilingYear"), FilingYear, false): All options with label '2024' are selected in object 'Object Repository/RAD_Pages/TaxTypeFilingYear_Page/select_FilingYear' 

2024-03-08 01:54:27 - [MESSAGE][PASSED] - All options with label '2024' are selected in object 'Object Repository/RAD_Pages/TaxTypeFilingYear_Page/select_FilingYear' 

2024-03-08 01:54:27 - [TEST_STEP][PASSED] - setText(findTestObject(orPath_TaxPayer + "/input_businessName"), " "): Text ' ' is set on object 'Object Repository/RAD_Pages/Taxpayer_Page/input_businessName'

2024-03-08 01:54:28 - [MESSAGE][PASSED] - Text ' ' is set on object 'Object Repository/RAD_Pages/Taxpayer_Page/input_businessName'

2024-03-08 01:54:28 - [TEST_STEP][PASSED] - setText(findTestObject(orPath_TaxPayer + "/input_BusinessRepfirstName"), " "): Text ' ' is set on object 'Object Repository/RAD_Pages/Taxpayer_Page/input_BusinessRepfirstName'

2024-03-08 01:54:29 - [MESSAGE][PASSED] - Text ' ' is set on object 'Object Repository/RAD_Pages/Taxpayer_Page/input_BusinessRepfirstName'

2024-03-08 01:54:29 - [TEST_STEP][PASSED] - setText(findTestObject(orPath_TaxPayer + "/input_BusinessReplastName"), " "): Text ' ' is set on object 'Object Repository/RAD_Pages/Taxpayer_Page/input_BusinessReplastName'

2024-03-08 01:54:29 - [MESSAGE][PASSED] - Text ' ' is set on object 'Object Repository/RAD_Pages/Taxpayer_Page/input_BusinessReplastName'

2024-03-08 01:54:29 - [TEST_STEP][PASSED] - setText(findTestObject(orPath_AddressContact + "/input_streetAddress1"), " "): Text ' ' is set on object 'Object Repository/RAD_Pages/AddressAndContactInfo_Page/input_streetAddress1'

2024-03-08 01:54:30 - [MESSAGE][PASSED] - Text ' ' is set on object 'Object Repository/RAD_Pages/AddressAndContactInfo_Page/input_streetAddress1'

2024-03-08 01:54:30 - [TEST_STEP][PASSED] - setText(findTestObject(orPath_AddressContact + "/input_city"), " "): Text ' ' is set on object 'Object Repository/RAD_Pages/AddressAndContactInfo_Page/input_city'

2024-03-08 01:54:31 - [MESSAGE][PASSED] - Text ' ' is set on object 'Object Repository/RAD_Pages/AddressAndContactInfo_Page/input_city'

2024-03-08 01:54:31 - [TEST_STEP][PASSED] - setText(findTestObject(orPath_AddressContact + "/input_zipCode"), " "): Text ' ' is set on object 'Object Repository/RAD_Pages/AddressAndContactInfo_Page/input_zipCode'

2024-03-08 01:54:31 - [MESSAGE][PASSED] - Text ' ' is set on object 'Object Repository/RAD_Pages/AddressAndContactInfo_Page/input_zipCode'

2024-03-08 01:54:31 - [TEST_STEP][PASSED] - setText(findTestObject(orPath_AddressContact + "/input_phoneNumber"), " "): Text ' ' is set on object 'Object Repository/RAD_Pages/AddressAndContactInfo_Page/input_phoneNumber'

2024-03-08 01:54:32 - [MESSAGE][PASSED] - Text ' ' is set on object 'Object Repository/RAD_Pages/AddressAndContactInfo_Page/input_phoneNumber'

2024-03-08 01:54:32 - [TEST_STEP][PASSED] - setText(findTestObject(orPath_AddressContact + "/input_eMailAddress"), " "): Text ' ' is set on object 'Object Repository/RAD_Pages/AddressAndContactInfo_Page/input_eMailAddress'

2024-03-08 01:54:33 - [MESSAGE][PASSED] - Text ' ' is set on object 'Object Repository/RAD_Pages/AddressAndContactInfo_Page/input_eMailAddress'

2024-03-08 01:54:33 - [TEST_STEP][PASSED] - setText(findTestObject(orPath_AddressContact + "/input_reEnterEMailAddress"), " "): Text ' ' is set on object 'Object Repository/RAD_Pages/AddressAndContactInfo_Page/input_reEnterEMailAddress'

2024-03-08 01:54:34 - [MESSAGE][PASSED] - Text ' ' is set on object 'Object Repository/RAD_Pages/AddressAndContactInfo_Page/input_reEnterEMailAddress'

2024-03-08 01:54:34 - [TEST_STEP][PASSED] - if (TaxType.equalsIgnoreCase("Estate Tax")): null

2024-03-08 01:54:34 - [TEST_STEP][PASSED] - setText(findTestObject(orPath_Amount + "/input__paymentAmount"), ""): Text '' is set on object 'Object Repository/RAD_Pages/PaymentAmount_Page/input__paymentAmount'

2024-03-08 01:54:34 - [MESSAGE][PASSED] - Text '' is set on object 'Object Repository/RAD_Pages/PaymentAmount_Page/input__paymentAmount'

2024-03-08 01:54:34 - [TEST_STEP][PASSED] - resText = "Fail": null

2024-03-08 01:54:34 - [TEST_STEP][PASSED] - pages.WriteExcel.demoKey(resText, datText, resColumn, datCloumn, fileLoc, nameSheet, row): pages.WriteExcel.demoKey is PASSED

2024-03-08 01:54:35 - [MESSAGE][PASSED] - pages.WriteExcel.demoKey is PASSED

2024-03-08 01:54:35 - [TEST_STEP][PASSED] - verifyTextPresent("Enter business name", true, CONTINUE_ON_FAILURE): Text 'Enter business name' is present on page  using regular expression

2024-03-08 01:54:35 - [MESSAGE][PASSED] - Text 'Enter business name' is present on page  using regular expression

2024-03-08 01:54:35 - [TEST_STEP][PASSED] - verifyTextPresent("Enter business rep first name", true, CONTINUE_ON_FAILURE): Text 'Enter business rep first name' is present on page  using regular expression

2024-03-08 01:54:35 - [MESSAGE][PASSED] - Text 'Enter business rep first name' is present on page  using regular expression

2024-03-08 01:54:35 - [TEST_STEP][PASSED] - verifyTextPresent("Enter business rep last name", true, CONTINUE_ON_FAILURE): Text 'Enter business rep last name' is present on page  using regular expression

2024-03-08 01:54:36 - [MESSAGE][PASSED] - Text 'Enter business rep last name' is present on page  using regular expression

2024-03-08 01:54:36 - [TEST_STEP][PASSED] - verifyTextPresent("Enter address", true, CONTINUE_ON_FAILURE): Text 'Enter address' is present on page  using regular expression

2024-03-08 01:54:36 - [MESSAGE][PASSED] - Text 'Enter address' is present on page  using regular expression

2024-03-08 01:54:36 - [TEST_STEP][PASSED] - verifyTextPresent("Enter city", true, CONTINUE_ON_FAILURE): Text 'Enter city' is present on page  using regular expression

2024-03-08 01:54:36 - [MESSAGE][PASSED] - Text 'Enter city' is present on page  using regular expression

2024-03-08 01:54:36 - [TEST_STEP][PASSED] - verifyTextPresent("Enter ZIP code", true, CONTINUE_ON_FAILURE): Text 'Enter ZIP code' is present on page  using regular expression

2024-03-08 01:54:37 - [MESSAGE][PASSED] - Text 'Enter ZIP code' is present on page  using regular expression

2024-03-08 01:54:37 - [TEST_STEP][PASSED] - verifyTextPresent("Enter a valid phone number", true, CONTINUE_ON_FAILURE): Text 'Enter a valid phone number' is present on page  using regular expression

2024-03-08 01:54:37 - [MESSAGE][PASSED] - Text 'Enter a valid phone number' is present on page  using regular expression

2024-03-08 01:54:37 - [TEST_STEP][PASSED] - verifyTextPresent("Enter Email", true, CONTINUE_ON_FAILURE): Text 'Enter Email' is present on page  using regular expression

2024-03-08 01:54:38 - [MESSAGE][PASSED] - Text 'Enter Email' is present on page  using regular expression

2024-03-08 01:54:38 - [TEST_STEP][PASSED] - if (TaxType.equalsIgnoreCase("Estate Tax")): null

2024-03-08 01:54:38 - [TEST_STEP][PASSED] - if (CRN.equalsIgnoreCase("Y")): Text 'Enter valid MD Central Registration Number' is present on page  using regular expression

2024-03-08 01:54:38 - [TEST_STEP][PASSED] - setText(findTestObject(orPath_TaxInfo + "/input_MDCRegistration"), " "): Text ' ' is set on object 'Object Repository/RAD_Pages/TaxInfo_Page/input_MDCRegistration'

2024-03-08 01:54:38 - [MESSAGE][PASSED] - Text ' ' is set on object 'Object Repository/RAD_Pages/TaxInfo_Page/input_MDCRegistration'

2024-03-08 01:54:38 - [TEST_STEP][PASSED] - setText(findTestObject(orPath_Amount + "/input__paymentAmount"), ""): Text '' is set on object 'Object Repository/RAD_Pages/PaymentAmount_Page/input__paymentAmount'

2024-03-08 01:54:39 - [MESSAGE][PASSED] - Text '' is set on object 'Object Repository/RAD_Pages/PaymentAmount_Page/input__paymentAmount'

2024-03-08 01:54:39 - [TEST_STEP][PASSED] - verifyTextPresent("Enter valid MD Central Registration Number", true, CONTINUE_ON_FAILURE): Text 'Enter valid MD Central Registration Number' is present on page  using regular expression

2024-03-08 01:54:39 - [MESSAGE][PASSED] - Text 'Enter valid MD Central Registration Number' is present on page  using regular expression

2024-03-08 01:54:39 - [TEST_STEP][PASSED] - resText = "Pass": null

2024-03-08 01:54:39 - [TEST_STEP][PASSED] - pages.WriteExcel.demoKey(resText, datText, resColumn, datCloumn, fileLoc, nameSheet, row): pages.WriteExcel.demoKey is PASSED

2024-03-08 01:54:39 - [MESSAGE][PASSED] - pages.WriteExcel.demoKey is PASSED

2024-03-08 01:54:39 - [TEST_STEP][PASSED] - ExecuteTC = findTestData(dataFile).getValue("Execute", row): null

2024-03-08 01:54:39 - [TEST_STEP][PASSED] - TaxType = findTestData(dataFile).getValue("TaxType", row): null

2024-03-08 01:54:39 - [TEST_STEP][PASSED] - PaymentType = findTestData(dataFile).getValue("PaymentType", row): null

2024-03-08 01:54:40 - [TEST_STEP][PASSED] - FilingYear = findTestData(dataFile).getValue("Year", row): null

2024-03-08 01:54:40 - [TEST_STEP][PASSED] - feinSSN = findTestData(dataFile).getValue("FeinSsn", row): null

2024-03-08 01:54:40 - [TEST_STEP][PASSED] - CRN = findTestData(dataFile).getValue("CRN", row): null

2024-03-08 01:54:40 - [TEST_STEP][PASSED] - if (ExecuteTC.equalsIgnoreCase("Y")): pages.WriteExcel.demoKey is PASSED

2024-03-08 01:54:40 - [TEST_STEP][PASSED] - out.println("Begin Record Number: " + row): null

2024-03-08 01:54:40 - [TEST_STEP][PASSED] - today = new java.util.Date(): null

2024-03-08 01:54:40 - [TEST_STEP][PASSED] - println(today): null

2024-03-08 01:54:40 - [TEST_STEP][PASSED] - datText = today: null

2024-03-08 01:54:40 - [TEST_STEP][PASSED] - logInfo("Payment Type: New Tax Return Amount Due"): Payment Type: New Tax Return Amount Due

2024-03-08 01:54:40 - [MESSAGE][INFO] - Payment Type: New Tax Return Amount Due

2024-03-08 01:54:40 - [TEST_STEP][PASSED] - logInfo("Tax Type: " + TaxType): Tax Type: Unclaimed Property

2024-03-08 01:54:40 - [MESSAGE][INFO] - Tax Type: Unclaimed Property

2024-03-08 01:54:40 - [TEST_STEP][PASSED] - openBrowser(""): Browser is opened with url: ''

2024-03-08 01:54:40 - [MESSAGE][WARNING] - A browser is already opened. Closing browser and opening a new one

2024-03-08 01:54:56 - [MESSAGE][INFO] - Starting 'Chrome' driver

2024-03-08 01:54:56 - [MESSAGE][INFO] - User set preference: ['acceptInsecureCerts', 'true']

2024-03-08 01:54:56 - [MESSAGE][INFO] - Action delay is set to 0 milliseconds

2024-03-08 01:54:57 - [MESSAGE][PASSED] - Browser is opened with url: ''

2024-03-08 01:54:57 - [TEST_STEP][PASSED] - maximizeWindow(): Current window maximized

2024-03-08 01:54:58 - [MESSAGE][PASSED] - Current window maximized

2024-03-08 01:54:58 - [TEST_STEP][PASSED] - navigateToUrl(RADurl): Navigate to 'https://qa2.velocitypayment.com/client/rad/index.html' successfully

2024-03-08 01:55:05 - [MESSAGE][PASSED] - Navigate to 'https://qa2.velocitypayment.com/client/rad/index.html' successfully

2024-03-08 01:55:05 - [TEST_STEP][PASSED] - selectOptionByLabel(findTestObject(orPath_Landing + "/dd_TaxType"), "New Tax Return Amount Due", false): All options with label 'New Tax Return Amount Due' are selected in object 'Object Repository/RAD_Pages/Landing_Page/dd_TaxType' 

2024-03-08 01:55:06 - [MESSAGE][PASSED] - All options with label 'New Tax Return Amount Due' are selected in object 'Object Repository/RAD_Pages/Landing_Page/dd_TaxType' 

2024-03-08 01:55:06 - [TEST_STEP][PASSED] - selectOptionByLabel(findTestObject("Object Repository/RAD_Pages/Landing_Page/select_NewTaxReturnAmountDue_TaxType"), TaxType, false): All options with label 'Unclaimed Property' are selected in object 'Object Repository/RAD_Pages/Landing_Page/select_NewTaxReturnAmountDue_TaxType' 

2024-03-08 01:55:07 - [MESSAGE][PASSED] - All options with label 'Unclaimed Property' are selected in object 'Object Repository/RAD_Pages/Landing_Page/select_NewTaxReturnAmountDue_TaxType' 

2024-03-08 01:55:07 - [TEST_STEP][PASSED] - selectOptionByLabel(findTestObject(orPath_TaxTypeFilingYear + "/select_FilingYear"), FilingYear, false): All options with label '2024' are selected in object 'Object Repository/RAD_Pages/TaxTypeFilingYear_Page/select_FilingYear' 

2024-03-08 01:55:07 - [MESSAGE][PASSED] - All options with label '2024' are selected in object 'Object Repository/RAD_Pages/TaxTypeFilingYear_Page/select_FilingYear' 

2024-03-08 01:55:07 - [TEST_STEP][PASSED] - setText(findTestObject(orPath_TaxPayer + "/input_businessName"), " "): Text ' ' is set on object 'Object Repository/RAD_Pages/Taxpayer_Page/input_businessName'

2024-03-08 01:55:08 - [MESSAGE][PASSED] - Text ' ' is set on object 'Object Repository/RAD_Pages/Taxpayer_Page/input_businessName'

2024-03-08 01:55:08 - [TEST_STEP][PASSED] - setText(findTestObject(orPath_TaxPayer + "/input_BusinessRepfirstName"), " "): Text ' ' is set on object 'Object Repository/RAD_Pages/Taxpayer_Page/input_BusinessRepfirstName'

2024-03-08 01:55:09 - [MESSAGE][PASSED] - Text ' ' is set on object 'Object Repository/RAD_Pages/Taxpayer_Page/input_BusinessRepfirstName'

2024-03-08 01:55:09 - [TEST_STEP][PASSED] - setText(findTestObject(orPath_TaxPayer + "/input_BusinessReplastName"), " "): Text ' ' is set on object 'Object Repository/RAD_Pages/Taxpayer_Page/input_BusinessReplastName'

2024-03-08 01:55:10 - [MESSAGE][PASSED] - Text ' ' is set on object 'Object Repository/RAD_Pages/Taxpayer_Page/input_BusinessReplastName'

2024-03-08 01:55:10 - [TEST_STEP][PASSED] - setText(findTestObject(orPath_AddressContact + "/input_streetAddress1"), " "): Text ' ' is set on object 'Object Repository/RAD_Pages/AddressAndContactInfo_Page/input_streetAddress1'

2024-03-08 01:55:10 - [MESSAGE][PASSED] - Text ' ' is set on object 'Object Repository/RAD_Pages/AddressAndContactInfo_Page/input_streetAddress1'

2024-03-08 01:55:10 - [TEST_STEP][PASSED] - setText(findTestObject(orPath_AddressContact + "/input_city"), " "): Text ' ' is set on object 'Object Repository/RAD_Pages/AddressAndContactInfo_Page/input_city'

2024-03-08 01:55:11 - [MESSAGE][PASSED] - Text ' ' is set on object 'Object Repository/RAD_Pages/AddressAndContactInfo_Page/input_city'

2024-03-08 01:55:11 - [TEST_STEP][PASSED] - setText(findTestObject(orPath_AddressContact + "/input_zipCode"), " "): Text ' ' is set on object 'Object Repository/RAD_Pages/AddressAndContactInfo_Page/input_zipCode'

2024-03-08 01:55:12 - [MESSAGE][PASSED] - Text ' ' is set on object 'Object Repository/RAD_Pages/AddressAndContactInfo_Page/input_zipCode'

2024-03-08 01:55:12 - [TEST_STEP][PASSED] - setText(findTestObject(orPath_AddressContact + "/input_phoneNumber"), " "): Text ' ' is set on object 'Object Repository/RAD_Pages/AddressAndContactInfo_Page/input_phoneNumber'

2024-03-08 01:55:12 - [MESSAGE][PASSED] - Text ' ' is set on object 'Object Repository/RAD_Pages/AddressAndContactInfo_Page/input_phoneNumber'

2024-03-08 01:55:12 - [TEST_STEP][PASSED] - setText(findTestObject(orPath_AddressContact + "/input_eMailAddress"), " "): Text ' ' is set on object 'Object Repository/RAD_Pages/AddressAndContactInfo_Page/input_eMailAddress'

2024-03-08 01:55:13 - [MESSAGE][PASSED] - Text ' ' is set on object 'Object Repository/RAD_Pages/AddressAndContactInfo_Page/input_eMailAddress'

2024-03-08 01:55:13 - [TEST_STEP][PASSED] - setText(findTestObject(orPath_AddressContact + "/input_reEnterEMailAddress"), " "): Text ' ' is set on object 'Object Repository/RAD_Pages/AddressAndContactInfo_Page/input_reEnterEMailAddress'

2024-03-08 01:55:14 - [MESSAGE][PASSED] - Text ' ' is set on object 'Object Repository/RAD_Pages/AddressAndContactInfo_Page/input_reEnterEMailAddress'

2024-03-08 01:55:14 - [TEST_STEP][PASSED] - if (TaxType.equalsIgnoreCase("Estate Tax")): null

2024-03-08 01:55:14 - [TEST_STEP][PASSED] - setText(findTestObject(orPath_Amount + "/input__paymentAmount"), ""): Text '' is set on object 'Object Repository/RAD_Pages/PaymentAmount_Page/input__paymentAmount'

2024-03-08 01:55:15 - [MESSAGE][PASSED] - Text '' is set on object 'Object Repository/RAD_Pages/PaymentAmount_Page/input__paymentAmount'

2024-03-08 01:55:15 - [TEST_STEP][PASSED] - resText = "Fail": null

2024-03-08 01:55:15 - [TEST_STEP][PASSED] - pages.WriteExcel.demoKey(resText, datText, resColumn, datCloumn, fileLoc, nameSheet, row): pages.WriteExcel.demoKey is PASSED

2024-03-08 01:55:15 - [MESSAGE][PASSED] - pages.WriteExcel.demoKey is PASSED

2024-03-08 01:55:15 - [TEST_STEP][PASSED] - verifyTextPresent("Enter business name", true, CONTINUE_ON_FAILURE): Text 'Enter business name' is present on page  using regular expression

2024-03-08 01:55:15 - [MESSAGE][PASSED] - Text 'Enter business name' is present on page  using regular expression

2024-03-08 01:55:15 - [TEST_STEP][PASSED] - verifyTextPresent("Enter business rep first name", true, CONTINUE_ON_FAILURE): Text 'Enter business rep first name' is present on page  using regular expression

2024-03-08 01:55:16 - [MESSAGE][PASSED] - Text 'Enter business rep first name' is present on page  using regular expression

2024-03-08 01:55:16 - [TEST_STEP][PASSED] - verifyTextPresent("Enter business rep last name", true, CONTINUE_ON_FAILURE): Text 'Enter business rep last name' is present on page  using regular expression

2024-03-08 01:55:16 - [MESSAGE][PASSED] - Text 'Enter business rep last name' is present on page  using regular expression

2024-03-08 01:55:16 - [TEST_STEP][PASSED] - verifyTextPresent("Enter address", true, CONTINUE_ON_FAILURE): Text 'Enter address' is present on page  using regular expression

2024-03-08 01:55:16 - [MESSAGE][PASSED] - Text 'Enter address' is present on page  using regular expression

2024-03-08 01:55:16 - [TEST_STEP][PASSED] - verifyTextPresent("Enter city", true, CONTINUE_ON_FAILURE): Text 'Enter city' is present on page  using regular expression

2024-03-08 01:55:17 - [MESSAGE][PASSED] - Text 'Enter city' is present on page  using regular expression

2024-03-08 01:55:17 - [TEST_STEP][PASSED] - verifyTextPresent("Enter ZIP code", true, CONTINUE_ON_FAILURE): Text 'Enter ZIP code' is present on page  using regular expression

2024-03-08 01:55:17 - [MESSAGE][PASSED] - Text 'Enter ZIP code' is present on page  using regular expression

2024-03-08 01:55:17 - [TEST_STEP][PASSED] - verifyTextPresent("Enter a valid phone number", true, CONTINUE_ON_FAILURE): Text 'Enter a valid phone number' is present on page  using regular expression

2024-03-08 01:55:17 - [MESSAGE][PASSED] - Text 'Enter a valid phone number' is present on page  using regular expression

2024-03-08 01:55:17 - [TEST_STEP][PASSED] - verifyTextPresent("Enter Email", true, CONTINUE_ON_FAILURE): Text 'Enter Email' is present on page  using regular expression

2024-03-08 01:55:18 - [MESSAGE][PASSED] - Text 'Enter Email' is present on page  using regular expression

2024-03-08 01:55:18 - [TEST_STEP][PASSED] - if (TaxType.equalsIgnoreCase("Estate Tax")): null

2024-03-08 01:55:18 - [TEST_STEP][PASSED] - if (CRN.equalsIgnoreCase("Y")): null

2024-03-08 01:55:18 - [TEST_STEP][PASSED] - resText = "Pass": null

2024-03-08 01:55:18 - [TEST_STEP][PASSED] - pages.WriteExcel.demoKey(resText, datText, resColumn, datCloumn, fileLoc, nameSheet, row): pages.WriteExcel.demoKey is PASSED

2024-03-08 01:55:18 - [MESSAGE][PASSED] - pages.WriteExcel.demoKey is PASSED

2024-03-08 01:55:18 - [TEST_STEP][PASSED] - ExecuteTC = findTestData(dataFile).getValue("Execute", row): null

2024-03-08 01:55:18 - [TEST_STEP][PASSED] - TaxType = findTestData(dataFile).getValue("TaxType", row): null

2024-03-08 01:55:18 - [TEST_STEP][PASSED] - PaymentType = findTestData(dataFile).getValue("PaymentType", row): null

2024-03-08 01:55:18 - [TEST_STEP][PASSED] - FilingYear = findTestData(dataFile).getValue("Year", row): null

2024-03-08 01:55:18 - [TEST_STEP][PASSED] - feinSSN = findTestData(dataFile).getValue("FeinSsn", row): null

2024-03-08 01:55:18 - [TEST_STEP][PASSED] - CRN = findTestData(dataFile).getValue("CRN", row): null

2024-03-08 01:55:18 - [TEST_STEP][PASSED] - if (ExecuteTC.equalsIgnoreCase("Y")): pages.WriteExcel.demoKey is PASSED

2024-03-08 01:55:18 - [TEST_STEP][PASSED] - out.println("Begin Record Number: " + row): null

2024-03-08 01:55:18 - [TEST_STEP][PASSED] - today = new java.util.Date(): null

2024-03-08 01:55:18 - [TEST_STEP][PASSED] - println(today): null

2024-03-08 01:55:18 - [TEST_STEP][PASSED] - datText = today: null

2024-03-08 01:55:18 - [TEST_STEP][PASSED] - logInfo("Payment Type: New Tax Return Amount Due"): Payment Type: New Tax Return Amount Due

2024-03-08 01:55:18 - [MESSAGE][INFO] - Payment Type: New Tax Return Amount Due

2024-03-08 01:55:18 - [TEST_STEP][PASSED] - logInfo("Tax Type: " + TaxType): Tax Type: Withholding Tax

2024-03-08 01:55:18 - [MESSAGE][INFO] - Tax Type: Withholding Tax

2024-03-08 01:55:18 - [TEST_STEP][PASSED] - openBrowser(""): Browser is opened with url: ''

2024-03-08 01:55:18 - [MESSAGE][WARNING] - A browser is already opened. Closing browser and opening a new one

2024-03-08 01:55:33 - [MESSAGE][INFO] - Starting 'Chrome' driver

2024-03-08 01:55:33 - [MESSAGE][INFO] - User set preference: ['acceptInsecureCerts', 'true']

2024-03-08 01:55:33 - [MESSAGE][INFO] - Action delay is set to 0 milliseconds

2024-03-08 01:55:34 - [MESSAGE][PASSED] - Browser is opened with url: ''

2024-03-08 01:55:34 - [TEST_STEP][PASSED] - maximizeWindow(): Current window maximized

2024-03-08 01:55:34 - [MESSAGE][PASSED] - Current window maximized

2024-03-08 01:55:34 - [TEST_STEP][PASSED] - navigateToUrl(RADurl): Navigate to 'https://qa2.velocitypayment.com/client/rad/index.html' successfully

2024-03-08 01:55:36 - [MESSAGE][PASSED] - Navigate to 'https://qa2.velocitypayment.com/client/rad/index.html' successfully

2024-03-08 01:55:36 - [TEST_STEP][PASSED] - selectOptionByLabel(findTestObject(orPath_Landing + "/dd_TaxType"), "New Tax Return Amount Due", false): All options with label 'New Tax Return Amount Due' are selected in object 'Object Repository/RAD_Pages/Landing_Page/dd_TaxType' 

2024-03-08 01:55:37 - [MESSAGE][PASSED] - All options with label 'New Tax Return Amount Due' are selected in object 'Object Repository/RAD_Pages/Landing_Page/dd_TaxType' 

2024-03-08 01:55:37 - [TEST_STEP][PASSED] - selectOptionByLabel(findTestObject("Object Repository/RAD_Pages/Landing_Page/select_NewTaxReturnAmountDue_TaxType"), TaxType, false): All options with label 'Withholding Tax' are selected in object 'Object Repository/RAD_Pages/Landing_Page/select_NewTaxReturnAmountDue_TaxType' 

2024-03-08 01:55:37 - [MESSAGE][PASSED] - All options with label 'Withholding Tax' are selected in object 'Object Repository/RAD_Pages/Landing_Page/select_NewTaxReturnAmountDue_TaxType' 

2024-03-08 01:55:37 - [TEST_STEP][PASSED] - selectOptionByLabel(findTestObject(orPath_TaxTypeFilingYear + "/select_FilingYear"), FilingYear, false): All options with label '2024' are selected in object 'Object Repository/RAD_Pages/TaxTypeFilingYear_Page/select_FilingYear' 

2024-03-08 01:55:38 - [MESSAGE][PASSED] - All options with label '2024' are selected in object 'Object Repository/RAD_Pages/TaxTypeFilingYear_Page/select_FilingYear' 

2024-03-08 01:55:38 - [TEST_STEP][PASSED] - setText(findTestObject(orPath_TaxPayer + "/input_businessName"), " "): Text ' ' is set on object 'Object Repository/RAD_Pages/Taxpayer_Page/input_businessName'

2024-03-08 01:55:39 - [MESSAGE][PASSED] - Text ' ' is set on object 'Object Repository/RAD_Pages/Taxpayer_Page/input_businessName'

2024-03-08 01:55:39 - [TEST_STEP][PASSED] - setText(findTestObject(orPath_TaxPayer + "/input_BusinessRepfirstName"), " "): Text ' ' is set on object 'Object Repository/RAD_Pages/Taxpayer_Page/input_BusinessRepfirstName'

2024-03-08 01:55:40 - [MESSAGE][PASSED] - Text ' ' is set on object 'Object Repository/RAD_Pages/Taxpayer_Page/input_BusinessRepfirstName'

2024-03-08 01:55:40 - [TEST_STEP][PASSED] - setText(findTestObject(orPath_TaxPayer + "/input_BusinessReplastName"), " "): Text ' ' is set on object 'Object Repository/RAD_Pages/Taxpayer_Page/input_BusinessReplastName'

2024-03-08 01:55:40 - [MESSAGE][PASSED] - Text ' ' is set on object 'Object Repository/RAD_Pages/Taxpayer_Page/input_BusinessReplastName'

2024-03-08 01:55:40 - [TEST_STEP][PASSED] - setText(findTestObject(orPath_AddressContact + "/input_streetAddress1"), " "): Text ' ' is set on object 'Object Repository/RAD_Pages/AddressAndContactInfo_Page/input_streetAddress1'

2024-03-08 01:55:41 - [MESSAGE][PASSED] - Text ' ' is set on object 'Object Repository/RAD_Pages/AddressAndContactInfo_Page/input_streetAddress1'

2024-03-08 01:55:41 - [TEST_STEP][PASSED] - setText(findTestObject(orPath_AddressContact + "/input_city"), " "): Text ' ' is set on object 'Object Repository/RAD_Pages/AddressAndContactInfo_Page/input_city'

2024-03-08 01:55:42 - [MESSAGE][PASSED] - Text ' ' is set on object 'Object Repository/RAD_Pages/AddressAndContactInfo_Page/input_city'

2024-03-08 01:55:42 - [TEST_STEP][PASSED] - setText(findTestObject(orPath_AddressContact + "/input_zipCode"), " "): Text ' ' is set on object 'Object Repository/RAD_Pages/AddressAndContactInfo_Page/input_zipCode'

2024-03-08 01:55:43 - [MESSAGE][PASSED] - Text ' ' is set on object 'Object Repository/RAD_Pages/AddressAndContactInfo_Page/input_zipCode'

2024-03-08 01:55:43 - [TEST_STEP][PASSED] - setText(findTestObject(orPath_AddressContact + "/input_phoneNumber"), " "): Text ' ' is set on object 'Object Repository/RAD_Pages/AddressAndContactInfo_Page/input_phoneNumber'

2024-03-08 01:55:43 - [MESSAGE][PASSED] - Text ' ' is set on object 'Object Repository/RAD_Pages/AddressAndContactInfo_Page/input_phoneNumber'

2024-03-08 01:55:43 - [TEST_STEP][PASSED] - setText(findTestObject(orPath_AddressContact + "/input_eMailAddress"), " "): Text ' ' is set on object 'Object Repository/RAD_Pages/AddressAndContactInfo_Page/input_eMailAddress'

2024-03-08 01:55:44 - [MESSAGE][PASSED] - Text ' ' is set on object 'Object Repository/RAD_Pages/AddressAndContactInfo_Page/input_eMailAddress'

2024-03-08 01:55:44 - [TEST_STEP][PASSED] - setText(findTestObject(orPath_AddressContact + "/input_reEnterEMailAddress"), " "): Text ' ' is set on object 'Object Repository/RAD_Pages/AddressAndContactInfo_Page/input_reEnterEMailAddress'

2024-03-08 01:55:45 - [MESSAGE][PASSED] - Text ' ' is set on object 'Object Repository/RAD_Pages/AddressAndContactInfo_Page/input_reEnterEMailAddress'

2024-03-08 01:55:45 - [TEST_STEP][PASSED] - if (TaxType.equalsIgnoreCase("Estate Tax")): null

2024-03-08 01:55:45 - [TEST_STEP][PASSED] - setText(findTestObject(orPath_Amount + "/input__paymentAmount"), ""): Text '' is set on object 'Object Repository/RAD_Pages/PaymentAmount_Page/input__paymentAmount'

2024-03-08 01:55:45 - [MESSAGE][PASSED] - Text '' is set on object 'Object Repository/RAD_Pages/PaymentAmount_Page/input__paymentAmount'

2024-03-08 01:55:45 - [TEST_STEP][PASSED] - resText = "Fail": null

2024-03-08 01:55:45 - [TEST_STEP][PASSED] - pages.WriteExcel.demoKey(resText, datText, resColumn, datCloumn, fileLoc, nameSheet, row): pages.WriteExcel.demoKey is PASSED

2024-03-08 01:55:46 - [MESSAGE][PASSED] - pages.WriteExcel.demoKey is PASSED

2024-03-08 01:55:46 - [TEST_STEP][PASSED] - verifyTextPresent("Enter business name", true, CONTINUE_ON_FAILURE): Text 'Enter business name' is present on page  using regular expression

2024-03-08 01:55:46 - [MESSAGE][PASSED] - Text 'Enter business name' is present on page  using regular expression

2024-03-08 01:55:46 - [TEST_STEP][PASSED] - verifyTextPresent("Enter business rep first name", true, CONTINUE_ON_FAILURE): Text 'Enter business rep first name' is present on page  using regular expression

2024-03-08 01:55:46 - [MESSAGE][PASSED] - Text 'Enter business rep first name' is present on page  using regular expression

2024-03-08 01:55:46 - [TEST_STEP][PASSED] - verifyTextPresent("Enter business rep last name", true, CONTINUE_ON_FAILURE): Text 'Enter business rep last name' is present on page  using regular expression

2024-03-08 01:55:47 - [MESSAGE][PASSED] - Text 'Enter business rep last name' is present on page  using regular expression

2024-03-08 01:55:47 - [TEST_STEP][PASSED] - verifyTextPresent("Enter address", true, CONTINUE_ON_FAILURE): Text 'Enter address' is present on page  using regular expression

2024-03-08 01:55:47 - [MESSAGE][PASSED] - Text 'Enter address' is present on page  using regular expression

2024-03-08 01:55:47 - [TEST_STEP][PASSED] - verifyTextPresent("Enter city", true, CONTINUE_ON_FAILURE): Text 'Enter city' is present on page  using regular expression

2024-03-08 01:55:48 - [MESSAGE][PASSED] - Text 'Enter city' is present on page  using regular expression

2024-03-08 01:55:48 - [TEST_STEP][PASSED] - verifyTextPresent("Enter ZIP code", true, CONTINUE_ON_FAILURE): Text 'Enter ZIP code' is present on page  using regular expression

2024-03-08 01:55:48 - [MESSAGE][PASSED] - Text 'Enter ZIP code' is present on page  using regular expression

2024-03-08 01:55:48 - [TEST_STEP][PASSED] - verifyTextPresent("Enter a valid phone number", true, CONTINUE_ON_FAILURE): Text 'Enter a valid phone number' is present on page  using regular expression

2024-03-08 01:55:48 - [MESSAGE][PASSED] - Text 'Enter a valid phone number' is present on page  using regular expression

2024-03-08 01:55:48 - [TEST_STEP][PASSED] - verifyTextPresent("Enter Email", true, CONTINUE_ON_FAILURE): Text 'Enter Email' is present on page  using regular expression

2024-03-08 01:55:49 - [MESSAGE][PASSED] - Text 'Enter Email' is present on page  using regular expression

2024-03-08 01:55:49 - [TEST_STEP][PASSED] - if (TaxType.equalsIgnoreCase("Estate Tax")): null

2024-03-08 01:55:49 - [TEST_STEP][PASSED] - if (CRN.equalsIgnoreCase("Y")): Text 'Enter valid MD Central Registration Number' is present on page  using regular expression

2024-03-08 01:55:49 - [TEST_STEP][PASSED] - setText(findTestObject(orPath_TaxInfo + "/input_MDCRegistration"), " "): Text ' ' is set on object 'Object Repository/RAD_Pages/TaxInfo_Page/input_MDCRegistration'

2024-03-08 01:55:49 - [MESSAGE][PASSED] - Text ' ' is set on object 'Object Repository/RAD_Pages/TaxInfo_Page/input_MDCRegistration'

2024-03-08 01:55:49 - [TEST_STEP][PASSED] - setText(findTestObject(orPath_Amount + "/input__paymentAmount"), ""): Text '' is set on object 'Object Repository/RAD_Pages/PaymentAmount_Page/input__paymentAmount'

2024-03-08 01:55:50 - [MESSAGE][PASSED] - Text '' is set on object 'Object Repository/RAD_Pages/PaymentAmount_Page/input__paymentAmount'

2024-03-08 01:55:50 - [TEST_STEP][PASSED] - verifyTextPresent("Enter valid MD Central Registration Number", true, CONTINUE_ON_FAILURE): Text 'Enter valid MD Central Registration Number' is present on page  using regular expression

2024-03-08 01:55:50 - [MESSAGE][PASSED] - Text 'Enter valid MD Central Registration Number' is present on page  using regular expression

2024-03-08 01:55:50 - [TEST_STEP][PASSED] - resText = "Pass": null

2024-03-08 01:55:50 - [TEST_STEP][PASSED] - pages.WriteExcel.demoKey(resText, datText, resColumn, datCloumn, fileLoc, nameSheet, row): pages.WriteExcel.demoKey is PASSED

2024-03-08 01:55:50 - [MESSAGE][PASSED] - pages.WriteExcel.demoKey is PASSED

2024-03-08 01:55:50 - [TEST_STEP][PASSED] - ExecuteTC = findTestData(dataFile).getValue("Execute", row): null

2024-03-08 01:55:51 - [TEST_STEP][PASSED] - TaxType = findTestData(dataFile).getValue("TaxType", row): null

2024-03-08 01:55:51 - [TEST_STEP][PASSED] - PaymentType = findTestData(dataFile).getValue("PaymentType", row): null

2024-03-08 01:55:51 - [TEST_STEP][PASSED] - FilingYear = findTestData(dataFile).getValue("Year", row): null

2024-03-08 01:55:51 - [TEST_STEP][PASSED] - feinSSN = findTestData(dataFile).getValue("FeinSsn", row): null

2024-03-08 01:55:51 - [TEST_STEP][PASSED] - CRN = findTestData(dataFile).getValue("CRN", row): null

2024-03-08 01:55:51 - [TEST_STEP][PASSED] - if (ExecuteTC.equalsIgnoreCase("Y")): pages.WriteExcel.demoKey is PASSED

2024-03-08 01:55:51 - [TEST_STEP][PASSED] - out.println("Begin Record Number: " + row): null

2024-03-08 01:55:51 - [TEST_STEP][PASSED] - today = new java.util.Date(): null

2024-03-08 01:55:51 - [TEST_STEP][PASSED] - println(today): null

2024-03-08 01:55:51 - [TEST_STEP][PASSED] - datText = today: null

2024-03-08 01:55:51 - [TEST_STEP][PASSED] - logInfo("Payment Type: New Tax Return Amount Due"): Payment Type: New Tax Return Amount Due

2024-03-08 01:55:51 - [MESSAGE][INFO] - Payment Type: New Tax Return Amount Due

2024-03-08 01:55:51 - [TEST_STEP][PASSED] - logInfo("Tax Type: " + TaxType): Tax Type: Admissions and Amusement Tax

2024-03-08 01:55:51 - [MESSAGE][INFO] - Tax Type: Admissions and Amusement Tax

2024-03-08 01:55:51 - [TEST_STEP][PASSED] - openBrowser(""): Browser is opened with url: ''

2024-03-08 01:55:51 - [MESSAGE][WARNING] - A browser is already opened. Closing browser and opening a new one

2024-03-08 01:56:17 - [MESSAGE][INFO] - Starting 'Chrome' driver

2024-03-08 01:56:17 - [MESSAGE][INFO] - User set preference: ['acceptInsecureCerts', 'true']

2024-03-08 01:56:17 - [MESSAGE][INFO] - Action delay is set to 0 milliseconds

2024-03-08 01:56:19 - [MESSAGE][PASSED] - Browser is opened with url: ''

2024-03-08 01:56:19 - [TEST_STEP][PASSED] - maximizeWindow(): Current window maximized

2024-03-08 01:56:19 - [MESSAGE][PASSED] - Current window maximized

2024-03-08 01:56:19 - [TEST_STEP][PASSED] - navigateToUrl(RADurl): Navigate to 'https://qa2.velocitypayment.com/client/rad/index.html' successfully

2024-03-08 01:56:31 - [MESSAGE][PASSED] - Navigate to 'https://qa2.velocitypayment.com/client/rad/index.html' successfully

2024-03-08 01:56:31 - [TEST_STEP][PASSED] - selectOptionByLabel(findTestObject(orPath_Landing + "/dd_TaxType"), "New Tax Return Amount Due", false): All options with label 'New Tax Return Amount Due' are selected in object 'Object Repository/RAD_Pages/Landing_Page/dd_TaxType' 

2024-03-08 01:56:31 - [MESSAGE][PASSED] - All options with label 'New Tax Return Amount Due' are selected in object 'Object Repository/RAD_Pages/Landing_Page/dd_TaxType' 

2024-03-08 01:56:31 - [TEST_STEP][PASSED] - selectOptionByLabel(findTestObject("Object Repository/RAD_Pages/Landing_Page/select_NewTaxReturnAmountDue_TaxType"), TaxType, false): All options with label 'Admissions and Amusement Tax' are selected in object 'Object Repository/RAD_Pages/Landing_Page/select_NewTaxReturnAmountDue_TaxType' 

2024-03-08 01:56:32 - [MESSAGE][PASSED] - All options with label 'Admissions and Amusement Tax' are selected in object 'Object Repository/RAD_Pages/Landing_Page/select_NewTaxReturnAmountDue_TaxType' 

2024-03-08 01:56:32 - [TEST_STEP][PASSED] - selectOptionByLabel(findTestObject(orPath_TaxTypeFilingYear + "/select_FilingYear"), FilingYear, false): All options with label '2023' are selected in object 'Object Repository/RAD_Pages/TaxTypeFilingYear_Page/select_FilingYear' 

2024-03-08 01:56:33 - [MESSAGE][PASSED] - All options with label '2023' are selected in object 'Object Repository/RAD_Pages/TaxTypeFilingYear_Page/select_FilingYear' 

2024-03-08 01:56:33 - [TEST_STEP][PASSED] - setText(findTestObject(orPath_TaxPayer + "/input_businessName"), " "): Text ' ' is set on object 'Object Repository/RAD_Pages/Taxpayer_Page/input_businessName'

2024-03-08 01:56:34 - [MESSAGE][PASSED] - Text ' ' is set on object 'Object Repository/RAD_Pages/Taxpayer_Page/input_businessName'

2024-03-08 01:56:34 - [TEST_STEP][PASSED] - setText(findTestObject(orPath_TaxPayer + "/input_BusinessRepfirstName"), " "): Text ' ' is set on object 'Object Repository/RAD_Pages/Taxpayer_Page/input_BusinessRepfirstName'

2024-03-08 01:56:34 - [MESSAGE][PASSED] - Text ' ' is set on object 'Object Repository/RAD_Pages/Taxpayer_Page/input_BusinessRepfirstName'

2024-03-08 01:56:34 - [TEST_STEP][PASSED] - setText(findTestObject(orPath_TaxPayer + "/input_BusinessReplastName"), " "): Text ' ' is set on object 'Object Repository/RAD_Pages/Taxpayer_Page/input_BusinessReplastName'

2024-03-08 01:56:35 - [MESSAGE][PASSED] - Text ' ' is set on object 'Object Repository/RAD_Pages/Taxpayer_Page/input_BusinessReplastName'

2024-03-08 01:56:35 - [TEST_STEP][PASSED] - setText(findTestObject(orPath_AddressContact + "/input_streetAddress1"), " "): Text ' ' is set on object 'Object Repository/RAD_Pages/AddressAndContactInfo_Page/input_streetAddress1'

2024-03-08 01:56:36 - [MESSAGE][PASSED] - Text ' ' is set on object 'Object Repository/RAD_Pages/AddressAndContactInfo_Page/input_streetAddress1'

2024-03-08 01:56:36 - [TEST_STEP][PASSED] - setText(findTestObject(orPath_AddressContact + "/input_city"), " "): Text ' ' is set on object 'Object Repository/RAD_Pages/AddressAndContactInfo_Page/input_city'

2024-03-08 01:56:36 - [MESSAGE][PASSED] - Text ' ' is set on object 'Object Repository/RAD_Pages/AddressAndContactInfo_Page/input_city'

2024-03-08 01:56:36 - [TEST_STEP][PASSED] - setText(findTestObject(orPath_AddressContact + "/input_zipCode"), " "): Text ' ' is set on object 'Object Repository/RAD_Pages/AddressAndContactInfo_Page/input_zipCode'

2024-03-08 01:56:37 - [MESSAGE][PASSED] - Text ' ' is set on object 'Object Repository/RAD_Pages/AddressAndContactInfo_Page/input_zipCode'

2024-03-08 01:56:37 - [TEST_STEP][PASSED] - setText(findTestObject(orPath_AddressContact + "/input_phoneNumber"), " "): Text ' ' is set on object 'Object Repository/RAD_Pages/AddressAndContactInfo_Page/input_phoneNumber'

2024-03-08 01:56:38 - [MESSAGE][PASSED] - Text ' ' is set on object 'Object Repository/RAD_Pages/AddressAndContactInfo_Page/input_phoneNumber'

2024-03-08 01:56:38 - [TEST_STEP][PASSED] - setText(findTestObject(orPath_AddressContact + "/input_eMailAddress"), " "): Text ' ' is set on object 'Object Repository/RAD_Pages/AddressAndContactInfo_Page/input_eMailAddress'

2024-03-08 01:56:39 - [MESSAGE][PASSED] - Text ' ' is set on object 'Object Repository/RAD_Pages/AddressAndContactInfo_Page/input_eMailAddress'

2024-03-08 01:56:39 - [TEST_STEP][PASSED] - setText(findTestObject(orPath_AddressContact + "/input_reEnterEMailAddress"), " "): Text ' ' is set on object 'Object Repository/RAD_Pages/AddressAndContactInfo_Page/input_reEnterEMailAddress'

2024-03-08 01:56:39 - [MESSAGE][PASSED] - Text ' ' is set on object 'Object Repository/RAD_Pages/AddressAndContactInfo_Page/input_reEnterEMailAddress'

2024-03-08 01:56:39 - [TEST_STEP][PASSED] - if (TaxType.equalsIgnoreCase("Estate Tax")): null

2024-03-08 01:56:39 - [TEST_STEP][PASSED] - setText(findTestObject(orPath_Amount + "/input__paymentAmount"), ""): Text '' is set on object 'Object Repository/RAD_Pages/PaymentAmount_Page/input__paymentAmount'

2024-03-08 01:56:40 - [MESSAGE][PASSED] - Text '' is set on object 'Object Repository/RAD_Pages/PaymentAmount_Page/input__paymentAmount'

2024-03-08 01:56:40 - [TEST_STEP][PASSED] - resText = "Fail": null

2024-03-08 01:56:40 - [TEST_STEP][PASSED] - pages.WriteExcel.demoKey(resText, datText, resColumn, datCloumn, fileLoc, nameSheet, row): pages.WriteExcel.demoKey is PASSED

2024-03-08 01:56:40 - [MESSAGE][PASSED] - pages.WriteExcel.demoKey is PASSED

2024-03-08 01:56:40 - [TEST_STEP][PASSED] - verifyTextPresent("Enter business name", true, CONTINUE_ON_FAILURE): Text 'Enter business name' is present on page  using regular expression

2024-03-08 01:56:41 - [MESSAGE][PASSED] - Text 'Enter business name' is present on page  using regular expression

2024-03-08 01:56:41 - [TEST_STEP][PASSED] - verifyTextPresent("Enter business rep first name", true, CONTINUE_ON_FAILURE): Text 'Enter business rep first name' is present on page  using regular expression

2024-03-08 01:56:41 - [MESSAGE][PASSED] - Text 'Enter business rep first name' is present on page  using regular expression

2024-03-08 01:56:41 - [TEST_STEP][PASSED] - verifyTextPresent("Enter business rep last name", true, CONTINUE_ON_FAILURE): Text 'Enter business rep last name' is present on page  using regular expression

2024-03-08 01:56:41 - [MESSAGE][PASSED] - Text 'Enter business rep last name' is present on page  using regular expression

2024-03-08 01:56:41 - [TEST_STEP][PASSED] - verifyTextPresent("Enter address", true, CONTINUE_ON_FAILURE): Text 'Enter address' is present on page  using regular expression

2024-03-08 01:56:42 - [MESSAGE][PASSED] - Text 'Enter address' is present on page  using regular expression

2024-03-08 01:56:42 - [TEST_STEP][PASSED] - verifyTextPresent("Enter city", true, CONTINUE_ON_FAILURE): Text 'Enter city' is present on page  using regular expression

2024-03-08 01:56:42 - [MESSAGE][PASSED] - Text 'Enter city' is present on page  using regular expression

2024-03-08 01:56:42 - [TEST_STEP][PASSED] - verifyTextPresent("Enter ZIP code", true, CONTINUE_ON_FAILURE): Text 'Enter ZIP code' is present on page  using regular expression

2024-03-08 01:56:43 - [MESSAGE][PASSED] - Text 'Enter ZIP code' is present on page  using regular expression

2024-03-08 01:56:43 - [TEST_STEP][PASSED] - verifyTextPresent("Enter a valid phone number", true, CONTINUE_ON_FAILURE): Text 'Enter a valid phone number' is present on page  using regular expression

2024-03-08 01:56:43 - [MESSAGE][PASSED] - Text 'Enter a valid phone number' is present on page  using regular expression

2024-03-08 01:56:43 - [TEST_STEP][PASSED] - verifyTextPresent("Enter Email", true, CONTINUE_ON_FAILURE): Text 'Enter Email' is present on page  using regular expression

2024-03-08 01:56:43 - [MESSAGE][PASSED] - Text 'Enter Email' is present on page  using regular expression

2024-03-08 01:56:43 - [TEST_STEP][PASSED] - if (TaxType.equalsIgnoreCase("Estate Tax")): null

2024-03-08 01:56:43 - [TEST_STEP][PASSED] - if (CRN.equalsIgnoreCase("Y")): Text 'Enter valid MD Central Registration Number' is present on page  using regular expression

2024-03-08 01:56:43 - [TEST_STEP][PASSED] - setText(findTestObject(orPath_TaxInfo + "/input_MDCRegistration"), " "): Text ' ' is set on object 'Object Repository/RAD_Pages/TaxInfo_Page/input_MDCRegistration'

2024-03-08 01:56:44 - [MESSAGE][PASSED] - Text ' ' is set on object 'Object Repository/RAD_Pages/TaxInfo_Page/input_MDCRegistration'

2024-03-08 01:56:44 - [TEST_STEP][PASSED] - setText(findTestObject(orPath_Amount + "/input__paymentAmount"), ""): Text '' is set on object 'Object Repository/RAD_Pages/PaymentAmount_Page/input__paymentAmount'

2024-03-08 01:56:45 - [MESSAGE][PASSED] - Text '' is set on object 'Object Repository/RAD_Pages/PaymentAmount_Page/input__paymentAmount'

2024-03-08 01:56:45 - [TEST_STEP][PASSED] - verifyTextPresent("Enter valid MD Central Registration Number", true, CONTINUE_ON_FAILURE): Text 'Enter valid MD Central Registration Number' is present on page  using regular expression

2024-03-08 01:56:45 - [MESSAGE][PASSED] - Text 'Enter valid MD Central Registration Number' is present on page  using regular expression

2024-03-08 01:56:45 - [TEST_STEP][PASSED] - resText = "Pass": null

2024-03-08 01:56:45 - [TEST_STEP][PASSED] - pages.WriteExcel.demoKey(resText, datText, resColumn, datCloumn, fileLoc, nameSheet, row): pages.WriteExcel.demoKey is PASSED

2024-03-08 01:56:45 - [MESSAGE][PASSED] - pages.WriteExcel.demoKey is PASSED

2024-03-08 01:56:45 - [TEST_STEP][PASSED] - ExecuteTC = findTestData(dataFile).getValue("Execute", row): null

2024-03-08 01:56:45 - [TEST_STEP][PASSED] - TaxType = findTestData(dataFile).getValue("TaxType", row): null

2024-03-08 01:56:45 - [TEST_STEP][PASSED] - PaymentType = findTestData(dataFile).getValue("PaymentType", row): null

2024-03-08 01:56:45 - [TEST_STEP][PASSED] - FilingYear = findTestData(dataFile).getValue("Year", row): null

2024-03-08 01:56:45 - [TEST_STEP][PASSED] - feinSSN = findTestData(dataFile).getValue("FeinSsn", row): null

2024-03-08 01:56:45 - [TEST_STEP][PASSED] - CRN = findTestData(dataFile).getValue("CRN", row): null

2024-03-08 01:56:45 - [TEST_STEP][PASSED] - if (ExecuteTC.equalsIgnoreCase("Y")): pages.WriteExcel.demoKey is PASSED

2024-03-08 01:56:45 - [TEST_STEP][PASSED] - out.println("Begin Record Number: " + row): null

2024-03-08 01:56:45 - [TEST_STEP][PASSED] - today = new java.util.Date(): null

2024-03-08 01:56:45 - [TEST_STEP][PASSED] - println(today): null

2024-03-08 01:56:45 - [TEST_STEP][PASSED] - datText = today: null

2024-03-08 01:56:45 - [TEST_STEP][PASSED] - logInfo("Payment Type: New Tax Return Amount Due"): Payment Type: New Tax Return Amount Due

2024-03-08 01:56:45 - [MESSAGE][INFO] - Payment Type: New Tax Return Amount Due

2024-03-08 01:56:45 - [TEST_STEP][PASSED] - logInfo("Tax Type: " + TaxType): Tax Type: Alcohol Tax

2024-03-08 01:56:45 - [MESSAGE][INFO] - Tax Type: Alcohol Tax

2024-03-08 01:56:45 - [TEST_STEP][PASSED] - openBrowser(""): Browser is opened with url: ''

2024-03-08 01:56:45 - [MESSAGE][WARNING] - A browser is already opened. Closing browser and opening a new one

2024-03-08 01:57:24 - [MESSAGE][INFO] - Starting 'Chrome' driver

2024-03-08 01:57:24 - [MESSAGE][INFO] - User set preference: ['acceptInsecureCerts', 'true']

2024-03-08 01:57:24 - [MESSAGE][INFO] - Action delay is set to 0 milliseconds

2024-03-08 01:57:26 - [MESSAGE][PASSED] - Browser is opened with url: ''

2024-03-08 01:57:26 - [TEST_STEP][PASSED] - maximizeWindow(): Current window maximized

2024-03-08 01:57:26 - [MESSAGE][PASSED] - Current window maximized

2024-03-08 01:57:26 - [TEST_STEP][PASSED] - navigateToUrl(RADurl): Navigate to 'https://qa2.velocitypayment.com/client/rad/index.html' successfully

2024-03-08 01:57:34 - [MESSAGE][PASSED] - Navigate to 'https://qa2.velocitypayment.com/client/rad/index.html' successfully

2024-03-08 01:57:34 - [TEST_STEP][PASSED] - selectOptionByLabel(findTestObject(orPath_Landing + "/dd_TaxType"), "New Tax Return Amount Due", false): All options with label 'New Tax Return Amount Due' are selected in object 'Object Repository/RAD_Pages/Landing_Page/dd_TaxType' 

2024-03-08 01:57:34 - [MESSAGE][PASSED] - All options with label 'New Tax Return Amount Due' are selected in object 'Object Repository/RAD_Pages/Landing_Page/dd_TaxType' 

2024-03-08 01:57:34 - [TEST_STEP][PASSED] - selectOptionByLabel(findTestObject("Object Repository/RAD_Pages/Landing_Page/select_NewTaxReturnAmountDue_TaxType"), TaxType, false): All options with label 'Alcohol Tax' are selected in object 'Object Repository/RAD_Pages/Landing_Page/select_NewTaxReturnAmountDue_TaxType' 

2024-03-08 01:57:35 - [MESSAGE][PASSED] - All options with label 'Alcohol Tax' are selected in object 'Object Repository/RAD_Pages/Landing_Page/select_NewTaxReturnAmountDue_TaxType' 

2024-03-08 01:57:35 - [TEST_STEP][PASSED] - selectOptionByLabel(findTestObject(orPath_TaxTypeFilingYear + "/select_FilingYear"), FilingYear, false): All options with label '2023' are selected in object 'Object Repository/RAD_Pages/TaxTypeFilingYear_Page/select_FilingYear' 

2024-03-08 01:57:36 - [MESSAGE][PASSED] - All options with label '2023' are selected in object 'Object Repository/RAD_Pages/TaxTypeFilingYear_Page/select_FilingYear' 

2024-03-08 01:57:36 - [TEST_STEP][PASSED] - setText(findTestObject(orPath_TaxPayer + "/input_businessName"), " "): Text ' ' is set on object 'Object Repository/RAD_Pages/Taxpayer_Page/input_businessName'

2024-03-08 01:57:37 - [MESSAGE][PASSED] - Text ' ' is set on object 'Object Repository/RAD_Pages/Taxpayer_Page/input_businessName'

2024-03-08 01:57:37 - [TEST_STEP][PASSED] - setText(findTestObject(orPath_TaxPayer + "/input_BusinessRepfirstName"), " "): Text ' ' is set on object 'Object Repository/RAD_Pages/Taxpayer_Page/input_BusinessRepfirstName'

2024-03-08 01:57:37 - [MESSAGE][PASSED] - Text ' ' is set on object 'Object Repository/RAD_Pages/Taxpayer_Page/input_BusinessRepfirstName'

2024-03-08 01:57:37 - [TEST_STEP][PASSED] - setText(findTestObject(orPath_TaxPayer + "/input_BusinessReplastName"), " "): Text ' ' is set on object 'Object Repository/RAD_Pages/Taxpayer_Page/input_BusinessReplastName'

2024-03-08 01:57:38 - [MESSAGE][PASSED] - Text ' ' is set on object 'Object Repository/RAD_Pages/Taxpayer_Page/input_BusinessReplastName'

2024-03-08 01:57:38 - [TEST_STEP][PASSED] - setText(findTestObject(orPath_AddressContact + "/input_streetAddress1"), " "): Text ' ' is set on object 'Object Repository/RAD_Pages/AddressAndContactInfo_Page/input_streetAddress1'

2024-03-08 01:57:39 - [MESSAGE][PASSED] - Text ' ' is set on object 'Object Repository/RAD_Pages/AddressAndContactInfo_Page/input_streetAddress1'

2024-03-08 01:57:39 - [TEST_STEP][PASSED] - setText(findTestObject(orPath_AddressContact + "/input_city"), " "): Text ' ' is set on object 'Object Repository/RAD_Pages/AddressAndContactInfo_Page/input_city'

2024-03-08 01:57:39 - [MESSAGE][PASSED] - Text ' ' is set on object 'Object Repository/RAD_Pages/AddressAndContactInfo_Page/input_city'

2024-03-08 01:57:39 - [TEST_STEP][PASSED] - setText(findTestObject(orPath_AddressContact + "/input_zipCode"), " "): Text ' ' is set on object 'Object Repository/RAD_Pages/AddressAndContactInfo_Page/input_zipCode'

2024-03-08 01:57:40 - [MESSAGE][PASSED] - Text ' ' is set on object 'Object Repository/RAD_Pages/AddressAndContactInfo_Page/input_zipCode'

2024-03-08 01:57:40 - [TEST_STEP][PASSED] - setText(findTestObject(orPath_AddressContact + "/input_phoneNumber"), " "): Text ' ' is set on object 'Object Repository/RAD_Pages/AddressAndContactInfo_Page/input_phoneNumber'

2024-03-08 01:57:41 - [MESSAGE][PASSED] - Text ' ' is set on object 'Object Repository/RAD_Pages/AddressAndContactInfo_Page/input_phoneNumber'

2024-03-08 01:57:41 - [TEST_STEP][PASSED] - setText(findTestObject(orPath_AddressContact + "/input_eMailAddress"), " "): Text ' ' is set on object 'Object Repository/RAD_Pages/AddressAndContactInfo_Page/input_eMailAddress'

2024-03-08 01:57:42 - [MESSAGE][PASSED] - Text ' ' is set on object 'Object Repository/RAD_Pages/AddressAndContactInfo_Page/input_eMailAddress'

2024-03-08 01:57:42 - [TEST_STEP][PASSED] - setText(findTestObject(orPath_AddressContact + "/input_reEnterEMailAddress"), " "): Text ' ' is set on object 'Object Repository/RAD_Pages/AddressAndContactInfo_Page/input_reEnterEMailAddress'

2024-03-08 01:57:42 - [MESSAGE][PASSED] - Text ' ' is set on object 'Object Repository/RAD_Pages/AddressAndContactInfo_Page/input_reEnterEMailAddress'

2024-03-08 01:57:42 - [TEST_STEP][PASSED] - if (TaxType.equalsIgnoreCase("Estate Tax")): null

2024-03-08 01:57:42 - [TEST_STEP][PASSED] - setText(findTestObject(orPath_Amount + "/input__paymentAmount"), ""): Text '' is set on object 'Object Repository/RAD_Pages/PaymentAmount_Page/input__paymentAmount'

2024-03-08 01:57:43 - [MESSAGE][PASSED] - Text '' is set on object 'Object Repository/RAD_Pages/PaymentAmount_Page/input__paymentAmount'

2024-03-08 01:57:43 - [TEST_STEP][PASSED] - resText = "Fail": null

2024-03-08 01:57:43 - [TEST_STEP][PASSED] - pages.WriteExcel.demoKey(resText, datText, resColumn, datCloumn, fileLoc, nameSheet, row): pages.WriteExcel.demoKey is PASSED

2024-03-08 01:57:43 - [MESSAGE][PASSED] - pages.WriteExcel.demoKey is PASSED

2024-03-08 01:57:43 - [TEST_STEP][PASSED] - verifyTextPresent("Enter business name", true, CONTINUE_ON_FAILURE): Text 'Enter business name' is present on page  using regular expression

2024-03-08 01:57:44 - [MESSAGE][PASSED] - Text 'Enter business name' is present on page  using regular expression

2024-03-08 01:57:44 - [TEST_STEP][PASSED] - verifyTextPresent("Enter business rep first name", true, CONTINUE_ON_FAILURE): Text 'Enter business rep first name' is present on page  using regular expression

2024-03-08 01:57:44 - [MESSAGE][PASSED] - Text 'Enter business rep first name' is present on page  using regular expression

2024-03-08 01:57:44 - [TEST_STEP][PASSED] - verifyTextPresent("Enter business rep last name", true, CONTINUE_ON_FAILURE): Text 'Enter business rep last name' is present on page  using regular expression

2024-03-08 01:57:45 - [MESSAGE][PASSED] - Text 'Enter business rep last name' is present on page  using regular expression

2024-03-08 01:57:45 - [TEST_STEP][PASSED] - verifyTextPresent("Enter address", true, CONTINUE_ON_FAILURE): Text 'Enter address' is present on page  using regular expression

2024-03-08 01:57:45 - [MESSAGE][PASSED] - Text 'Enter address' is present on page  using regular expression

2024-03-08 01:57:45 - [TEST_STEP][PASSED] - verifyTextPresent("Enter city", true, CONTINUE_ON_FAILURE): Text 'Enter city' is present on page  using regular expression

2024-03-08 01:57:45 - [MESSAGE][PASSED] - Text 'Enter city' is present on page  using regular expression

2024-03-08 01:57:45 - [TEST_STEP][PASSED] - verifyTextPresent("Enter ZIP code", true, CONTINUE_ON_FAILURE): Text 'Enter ZIP code' is present on page  using regular expression

2024-03-08 01:57:46 - [MESSAGE][PASSED] - Text 'Enter ZIP code' is present on page  using regular expression

2024-03-08 01:57:46 - [TEST_STEP][PASSED] - verifyTextPresent("Enter a valid phone number", true, CONTINUE_ON_FAILURE): Text 'Enter a valid phone number' is present on page  using regular expression

2024-03-08 01:57:46 - [MESSAGE][PASSED] - Text 'Enter a valid phone number' is present on page  using regular expression

2024-03-08 01:57:46 - [TEST_STEP][PASSED] - verifyTextPresent("Enter Email", true, CONTINUE_ON_FAILURE): Text 'Enter Email' is present on page  using regular expression

2024-03-08 01:57:46 - [MESSAGE][PASSED] - Text 'Enter Email' is present on page  using regular expression

2024-03-08 01:57:46 - [TEST_STEP][PASSED] - if (TaxType.equalsIgnoreCase("Estate Tax")): null

2024-03-08 01:57:46 - [TEST_STEP][PASSED] - if (CRN.equalsIgnoreCase("Y")): Text 'Enter valid MD Central Registration Number' is present on page  using regular expression

2024-03-08 01:57:46 - [TEST_STEP][PASSED] - setText(findTestObject(orPath_TaxInfo + "/input_MDCRegistration"), " "): Text ' ' is set on object 'Object Repository/RAD_Pages/TaxInfo_Page/input_MDCRegistration'

2024-03-08 01:57:47 - [MESSAGE][PASSED] - Text ' ' is set on object 'Object Repository/RAD_Pages/TaxInfo_Page/input_MDCRegistration'

2024-03-08 01:57:47 - [TEST_STEP][PASSED] - setText(findTestObject(orPath_Amount + "/input__paymentAmount"), ""): Text '' is set on object 'Object Repository/RAD_Pages/PaymentAmount_Page/input__paymentAmount'

2024-03-08 01:57:48 - [MESSAGE][PASSED] - Text '' is set on object 'Object Repository/RAD_Pages/PaymentAmount_Page/input__paymentAmount'

2024-03-08 01:57:48 - [TEST_STEP][PASSED] - verifyTextPresent("Enter valid MD Central Registration Number", true, CONTINUE_ON_FAILURE): Text 'Enter valid MD Central Registration Number' is present on page  using regular expression

2024-03-08 01:57:48 - [MESSAGE][PASSED] - Text 'Enter valid MD Central Registration Number' is present on page  using regular expression

2024-03-08 01:57:48 - [TEST_STEP][PASSED] - resText = "Pass": null

2024-03-08 01:57:48 - [TEST_STEP][PASSED] - pages.WriteExcel.demoKey(resText, datText, resColumn, datCloumn, fileLoc, nameSheet, row): pages.WriteExcel.demoKey is PASSED

2024-03-08 01:57:48 - [MESSAGE][PASSED] - pages.WriteExcel.demoKey is PASSED

2024-03-08 01:57:48 - [TEST_STEP][PASSED] - ExecuteTC = findTestData(dataFile).getValue("Execute", row): null

2024-03-08 01:57:48 - [TEST_STEP][PASSED] - TaxType = findTestData(dataFile).getValue("TaxType", row): null

2024-03-08 01:57:48 - [TEST_STEP][PASSED] - PaymentType = findTestData(dataFile).getValue("PaymentType", row): null

2024-03-08 01:57:48 - [TEST_STEP][PASSED] - FilingYear = findTestData(dataFile).getValue("Year", row): null

2024-03-08 01:57:48 - [TEST_STEP][PASSED] - feinSSN = findTestData(dataFile).getValue("FeinSsn", row): null

2024-03-08 01:57:48 - [TEST_STEP][PASSED] - CRN = findTestData(dataFile).getValue("CRN", row): null

2024-03-08 01:57:48 - [TEST_STEP][PASSED] - if (ExecuteTC.equalsIgnoreCase("Y")): pages.WriteExcel.demoKey is PASSED

2024-03-08 01:57:48 - [TEST_STEP][PASSED] - out.println("Begin Record Number: " + row): null

2024-03-08 01:57:48 - [TEST_STEP][PASSED] - today = new java.util.Date(): null

2024-03-08 01:57:48 - [TEST_STEP][PASSED] - println(today): null

2024-03-08 01:57:48 - [TEST_STEP][PASSED] - datText = today: null

2024-03-08 01:57:48 - [TEST_STEP][PASSED] - logInfo("Payment Type: New Tax Return Amount Due"): Payment Type: New Tax Return Amount Due

2024-03-08 01:57:48 - [MESSAGE][INFO] - Payment Type: New Tax Return Amount Due

2024-03-08 01:57:48 - [TEST_STEP][PASSED] - logInfo("Tax Type: " + TaxType): Tax Type: Bay Restoration Fee

2024-03-08 01:57:48 - [MESSAGE][INFO] - Tax Type: Bay Restoration Fee

2024-03-08 01:57:48 - [TEST_STEP][PASSED] - openBrowser(""): Browser is opened with url: ''

2024-03-08 01:57:48 - [MESSAGE][WARNING] - A browser is already opened. Closing browser and opening a new one

2024-03-08 01:58:17 - [MESSAGE][INFO] - Starting 'Chrome' driver

2024-03-08 01:58:17 - [MESSAGE][INFO] - User set preference: ['acceptInsecureCerts', 'true']

2024-03-08 01:58:17 - [MESSAGE][INFO] - Action delay is set to 0 milliseconds

2024-03-08 01:58:18 - [MESSAGE][PASSED] - Browser is opened with url: ''

2024-03-08 01:58:18 - [TEST_STEP][PASSED] - maximizeWindow(): Current window maximized

2024-03-08 01:58:18 - [MESSAGE][PASSED] - Current window maximized

2024-03-08 01:58:18 - [TEST_STEP][PASSED] - navigateToUrl(RADurl): Navigate to 'https://qa2.velocitypayment.com/client/rad/index.html' successfully

2024-03-08 01:58:20 - [MESSAGE][PASSED] - Navigate to 'https://qa2.velocitypayment.com/client/rad/index.html' successfully

2024-03-08 01:58:20 - [TEST_STEP][PASSED] - selectOptionByLabel(findTestObject(orPath_Landing + "/dd_TaxType"), "New Tax Return Amount Due", false): All options with label 'New Tax Return Amount Due' are selected in object 'Object Repository/RAD_Pages/Landing_Page/dd_TaxType' 

2024-03-08 01:58:21 - [MESSAGE][PASSED] - All options with label 'New Tax Return Amount Due' are selected in object 'Object Repository/RAD_Pages/Landing_Page/dd_TaxType' 

2024-03-08 01:58:21 - [TEST_STEP][PASSED] - selectOptionByLabel(findTestObject("Object Repository/RAD_Pages/Landing_Page/select_NewTaxReturnAmountDue_TaxType"), TaxType, false): All options with label 'Bay Restoration Fee' are selected in object 'Object Repository/RAD_Pages/Landing_Page/select_NewTaxReturnAmountDue_TaxType' 

2024-03-08 01:58:21 - [MESSAGE][PASSED] - All options with label 'Bay Restoration Fee' are selected in object 'Object Repository/RAD_Pages/Landing_Page/select_NewTaxReturnAmountDue_TaxType' 

2024-03-08 01:58:21 - [TEST_STEP][PASSED] - selectOptionByLabel(findTestObject(orPath_TaxTypeFilingYear + "/select_FilingYear"), FilingYear, false): All options with label '2023' are selected in object 'Object Repository/RAD_Pages/TaxTypeFilingYear_Page/select_FilingYear' 

2024-03-08 01:58:22 - [MESSAGE][PASSED] - All options with label '2023' are selected in object 'Object Repository/RAD_Pages/TaxTypeFilingYear_Page/select_FilingYear' 

2024-03-08 01:58:22 - [TEST_STEP][PASSED] - setText(findTestObject(orPath_TaxPayer + "/input_businessName"), " "): Text ' ' is set on object 'Object Repository/RAD_Pages/Taxpayer_Page/input_businessName'

2024-03-08 01:58:23 - [MESSAGE][PASSED] - Text ' ' is set on object 'Object Repository/RAD_Pages/Taxpayer_Page/input_businessName'

2024-03-08 01:58:23 - [TEST_STEP][PASSED] - setText(findTestObject(orPath_TaxPayer + "/input_BusinessRepfirstName"), " "): Text ' ' is set on object 'Object Repository/RAD_Pages/Taxpayer_Page/input_BusinessRepfirstName'

2024-03-08 01:58:24 - [MESSAGE][PASSED] - Text ' ' is set on object 'Object Repository/RAD_Pages/Taxpayer_Page/input_BusinessRepfirstName'

2024-03-08 01:58:24 - [TEST_STEP][PASSED] - setText(findTestObject(orPath_TaxPayer + "/input_BusinessReplastName"), " "): Text ' ' is set on object 'Object Repository/RAD_Pages/Taxpayer_Page/input_BusinessReplastName'

2024-03-08 01:58:24 - [MESSAGE][PASSED] - Text ' ' is set on object 'Object Repository/RAD_Pages/Taxpayer_Page/input_BusinessReplastName'

2024-03-08 01:58:24 - [TEST_STEP][PASSED] - setText(findTestObject(orPath_AddressContact + "/input_streetAddress1"), " "): Text ' ' is set on object 'Object Repository/RAD_Pages/AddressAndContactInfo_Page/input_streetAddress1'

2024-03-08 01:58:25 - [MESSAGE][PASSED] - Text ' ' is set on object 'Object Repository/RAD_Pages/AddressAndContactInfo_Page/input_streetAddress1'

2024-03-08 01:58:25 - [TEST_STEP][PASSED] - setText(findTestObject(orPath_AddressContact + "/input_city"), " "): Text ' ' is set on object 'Object Repository/RAD_Pages/AddressAndContactInfo_Page/input_city'

2024-03-08 01:58:26 - [MESSAGE][PASSED] - Text ' ' is set on object 'Object Repository/RAD_Pages/AddressAndContactInfo_Page/input_city'

2024-03-08 01:58:26 - [TEST_STEP][PASSED] - setText(findTestObject(orPath_AddressContact + "/input_zipCode"), " "): Text ' ' is set on object 'Object Repository/RAD_Pages/AddressAndContactInfo_Page/input_zipCode'

2024-03-08 01:58:26 - [MESSAGE][PASSED] - Text ' ' is set on object 'Object Repository/RAD_Pages/AddressAndContactInfo_Page/input_zipCode'

2024-03-08 01:58:26 - [TEST_STEP][PASSED] - setText(findTestObject(orPath_AddressContact + "/input_phoneNumber"), " "): Text ' ' is set on object 'Object Repository/RAD_Pages/AddressAndContactInfo_Page/input_phoneNumber'

2024-03-08 01:58:27 - [MESSAGE][PASSED] - Text ' ' is set on object 'Object Repository/RAD_Pages/AddressAndContactInfo_Page/input_phoneNumber'

2024-03-08 01:58:27 - [TEST_STEP][PASSED] - setText(findTestObject(orPath_AddressContact + "/input_eMailAddress"), " "): Text ' ' is set on object 'Object Repository/RAD_Pages/AddressAndContactInfo_Page/input_eMailAddress'

2024-03-08 01:58:28 - [MESSAGE][PASSED] - Text ' ' is set on object 'Object Repository/RAD_Pages/AddressAndContactInfo_Page/input_eMailAddress'

2024-03-08 01:58:28 - [TEST_STEP][PASSED] - setText(findTestObject(orPath_AddressContact + "/input_reEnterEMailAddress"), " "): Text ' ' is set on object 'Object Repository/RAD_Pages/AddressAndContactInfo_Page/input_reEnterEMailAddress'

2024-03-08 01:58:28 - [MESSAGE][PASSED] - Text ' ' is set on object 'Object Repository/RAD_Pages/AddressAndContactInfo_Page/input_reEnterEMailAddress'

2024-03-08 01:58:28 - [TEST_STEP][PASSED] - if (TaxType.equalsIgnoreCase("Estate Tax")): null

2024-03-08 01:58:28 - [TEST_STEP][PASSED] - setText(findTestObject(orPath_Amount + "/input__paymentAmount"), ""): Text '' is set on object 'Object Repository/RAD_Pages/PaymentAmount_Page/input__paymentAmount'

2024-03-08 01:58:29 - [MESSAGE][PASSED] - Text '' is set on object 'Object Repository/RAD_Pages/PaymentAmount_Page/input__paymentAmount'

2024-03-08 01:58:29 - [TEST_STEP][PASSED] - resText = "Fail": null

2024-03-08 01:58:29 - [TEST_STEP][PASSED] - pages.WriteExcel.demoKey(resText, datText, resColumn, datCloumn, fileLoc, nameSheet, row): pages.WriteExcel.demoKey is PASSED

2024-03-08 01:58:29 - [MESSAGE][PASSED] - pages.WriteExcel.demoKey is PASSED

2024-03-08 01:58:29 - [TEST_STEP][PASSED] - verifyTextPresent("Enter business name", true, CONTINUE_ON_FAILURE): Text 'Enter business name' is present on page  using regular expression

2024-03-08 01:58:30 - [MESSAGE][PASSED] - Text 'Enter business name' is present on page  using regular expression

2024-03-08 01:58:30 - [TEST_STEP][PASSED] - verifyTextPresent("Enter business rep first name", true, CONTINUE_ON_FAILURE): Text 'Enter business rep first name' is present on page  using regular expression

2024-03-08 01:58:30 - [MESSAGE][PASSED] - Text 'Enter business rep first name' is present on page  using regular expression

2024-03-08 01:58:30 - [TEST_STEP][PASSED] - verifyTextPresent("Enter business rep last name", true, CONTINUE_ON_FAILURE): Text 'Enter business rep last name' is present on page  using regular expression

2024-03-08 01:58:31 - [MESSAGE][PASSED] - Text 'Enter business rep last name' is present on page  using regular expression

2024-03-08 01:58:31 - [TEST_STEP][PASSED] - verifyTextPresent("Enter address", true, CONTINUE_ON_FAILURE): Text 'Enter address' is present on page  using regular expression

2024-03-08 01:58:31 - [MESSAGE][PASSED] - Text 'Enter address' is present on page  using regular expression

2024-03-08 01:58:31 - [TEST_STEP][PASSED] - verifyTextPresent("Enter city", true, CONTINUE_ON_FAILURE): Text 'Enter city' is present on page  using regular expression

2024-03-08 01:58:31 - [MESSAGE][PASSED] - Text 'Enter city' is present on page  using regular expression

2024-03-08 01:58:31 - [TEST_STEP][PASSED] - verifyTextPresent("Enter ZIP code", true, CONTINUE_ON_FAILURE): Text 'Enter ZIP code' is present on page  using regular expression

2024-03-08 01:58:32 - [MESSAGE][PASSED] - Text 'Enter ZIP code' is present on page  using regular expression

2024-03-08 01:58:32 - [TEST_STEP][PASSED] - verifyTextPresent("Enter a valid phone number", true, CONTINUE_ON_FAILURE): Text 'Enter a valid phone number' is present on page  using regular expression

2024-03-08 01:58:32 - [MESSAGE][PASSED] - Text 'Enter a valid phone number' is present on page  using regular expression

2024-03-08 01:58:32 - [TEST_STEP][PASSED] - verifyTextPresent("Enter Email", true, CONTINUE_ON_FAILURE): Text 'Enter Email' is present on page  using regular expression

2024-03-08 01:58:32 - [MESSAGE][PASSED] - Text 'Enter Email' is present on page  using regular expression

2024-03-08 01:58:32 - [TEST_STEP][PASSED] - if (TaxType.equalsIgnoreCase("Estate Tax")): null

2024-03-08 01:58:32 - [TEST_STEP][PASSED] - if (CRN.equalsIgnoreCase("Y")): null

2024-03-08 01:58:32 - [TEST_STEP][PASSED] - resText = "Pass": null

2024-03-08 01:58:32 - [TEST_STEP][PASSED] - pages.WriteExcel.demoKey(resText, datText, resColumn, datCloumn, fileLoc, nameSheet, row): pages.WriteExcel.demoKey is PASSED

2024-03-08 01:58:32 - [MESSAGE][PASSED] - pages.WriteExcel.demoKey is PASSED

2024-03-08 01:58:32 - [TEST_STEP][PASSED] - ExecuteTC = findTestData(dataFile).getValue("Execute", row): null

2024-03-08 01:58:32 - [TEST_STEP][PASSED] - TaxType = findTestData(dataFile).getValue("TaxType", row): null

2024-03-08 01:58:33 - [TEST_STEP][PASSED] - PaymentType = findTestData(dataFile).getValue("PaymentType", row): null

2024-03-08 01:58:33 - [TEST_STEP][PASSED] - FilingYear = findTestData(dataFile).getValue("Year", row): null

2024-03-08 01:58:33 - [TEST_STEP][PASSED] - feinSSN = findTestData(dataFile).getValue("FeinSsn", row): null

2024-03-08 01:58:33 - [TEST_STEP][PASSED] - CRN = findTestData(dataFile).getValue("CRN", row): null

2024-03-08 01:58:33 - [TEST_STEP][PASSED] - if (ExecuteTC.equalsIgnoreCase("Y")): pages.WriteExcel.demoKey is PASSED

2024-03-08 01:58:33 - [TEST_STEP][PASSED] - out.println("Begin Record Number: " + row): null

2024-03-08 01:58:33 - [TEST_STEP][PASSED] - today = new java.util.Date(): null

2024-03-08 01:58:33 - [TEST_STEP][PASSED] - println(today): null

2024-03-08 01:58:33 - [TEST_STEP][PASSED] - datText = today: null

2024-03-08 01:58:33 - [TEST_STEP][PASSED] - logInfo("Payment Type: New Tax Return Amount Due"): Payment Type: New Tax Return Amount Due

2024-03-08 01:58:33 - [MESSAGE][INFO] - Payment Type: New Tax Return Amount Due

2024-03-08 01:58:33 - [TEST_STEP][PASSED] - logInfo("Tax Type: " + TaxType): Tax Type: Corporate Income Tax

2024-03-08 01:58:33 - [MESSAGE][INFO] - Tax Type: Corporate Income Tax

2024-03-08 01:58:33 - [TEST_STEP][PASSED] - openBrowser(""): Browser is opened with url: ''

2024-03-08 01:58:33 - [MESSAGE][WARNING] - A browser is already opened. Closing browser and opening a new one

2024-03-08 01:59:23 - [MESSAGE][INFO] - Starting 'Chrome' driver

2024-03-08 01:59:23 - [MESSAGE][INFO] - User set preference: ['acceptInsecureCerts', 'true']

2024-03-08 01:59:23 - [MESSAGE][INFO] - Action delay is set to 0 milliseconds

2024-03-08 01:59:24 - [MESSAGE][PASSED] - Browser is opened with url: ''

2024-03-08 01:59:24 - [TEST_STEP][PASSED] - maximizeWindow(): Current window maximized

2024-03-08 01:59:25 - [MESSAGE][PASSED] - Current window maximized

2024-03-08 01:59:25 - [TEST_STEP][PASSED] - navigateToUrl(RADurl): Navigate to 'https://qa2.velocitypayment.com/client/rad/index.html' successfully

2024-03-08 01:59:31 - [MESSAGE][PASSED] - Navigate to 'https://qa2.velocitypayment.com/client/rad/index.html' successfully

2024-03-08 01:59:31 - [TEST_STEP][PASSED] - selectOptionByLabel(findTestObject(orPath_Landing + "/dd_TaxType"), "New Tax Return Amount Due", false): All options with label 'New Tax Return Amount Due' are selected in object 'Object Repository/RAD_Pages/Landing_Page/dd_TaxType' 

2024-03-08 01:59:32 - [MESSAGE][PASSED] - All options with label 'New Tax Return Amount Due' are selected in object 'Object Repository/RAD_Pages/Landing_Page/dd_TaxType' 

2024-03-08 01:59:32 - [TEST_STEP][PASSED] - selectOptionByLabel(findTestObject("Object Repository/RAD_Pages/Landing_Page/select_NewTaxReturnAmountDue_TaxType"), TaxType, false): All options with label 'Corporate Income Tax' are selected in object 'Object Repository/RAD_Pages/Landing_Page/select_NewTaxReturnAmountDue_TaxType' 

2024-03-08 01:59:33 - [MESSAGE][PASSED] - All options with label 'Corporate Income Tax' are selected in object 'Object Repository/RAD_Pages/Landing_Page/select_NewTaxReturnAmountDue_TaxType' 

2024-03-08 01:59:33 - [TEST_STEP][PASSED] - selectOptionByLabel(findTestObject(orPath_TaxTypeFilingYear + "/select_FilingYear"), FilingYear, false): All options with label '2022' are selected in object 'Object Repository/RAD_Pages/TaxTypeFilingYear_Page/select_FilingYear' 

2024-03-08 01:59:33 - [MESSAGE][PASSED] - All options with label '2022' are selected in object 'Object Repository/RAD_Pages/TaxTypeFilingYear_Page/select_FilingYear' 

2024-03-08 01:59:33 - [TEST_STEP][PASSED] - setText(findTestObject(orPath_TaxPayer + "/input_businessName"), " "): Text ' ' is set on object 'Object Repository/RAD_Pages/Taxpayer_Page/input_businessName'

2024-03-08 01:59:34 - [MESSAGE][PASSED] - Text ' ' is set on object 'Object Repository/RAD_Pages/Taxpayer_Page/input_businessName'

2024-03-08 01:59:34 - [TEST_STEP][PASSED] - setText(findTestObject(orPath_TaxPayer + "/input_BusinessRepfirstName"), " "): Text ' ' is set on object 'Object Repository/RAD_Pages/Taxpayer_Page/input_BusinessRepfirstName'

2024-03-08 01:59:35 - [MESSAGE][PASSED] - Text ' ' is set on object 'Object Repository/RAD_Pages/Taxpayer_Page/input_BusinessRepfirstName'

2024-03-08 01:59:35 - [TEST_STEP][PASSED] - setText(findTestObject(orPath_TaxPayer + "/input_BusinessReplastName"), " "): Text ' ' is set on object 'Object Repository/RAD_Pages/Taxpayer_Page/input_BusinessReplastName'

2024-03-08 01:59:35 - [MESSAGE][PASSED] - Text ' ' is set on object 'Object Repository/RAD_Pages/Taxpayer_Page/input_BusinessReplastName'

2024-03-08 01:59:35 - [TEST_STEP][PASSED] - setText(findTestObject(orPath_AddressContact + "/input_streetAddress1"), " "): Text ' ' is set on object 'Object Repository/RAD_Pages/AddressAndContactInfo_Page/input_streetAddress1'

2024-03-08 01:59:36 - [MESSAGE][PASSED] - Text ' ' is set on object 'Object Repository/RAD_Pages/AddressAndContactInfo_Page/input_streetAddress1'

2024-03-08 01:59:36 - [TEST_STEP][PASSED] - setText(findTestObject(orPath_AddressContact + "/input_city"), " "): Text ' ' is set on object 'Object Repository/RAD_Pages/AddressAndContactInfo_Page/input_city'

2024-03-08 01:59:37 - [MESSAGE][PASSED] - Text ' ' is set on object 'Object Repository/RAD_Pages/AddressAndContactInfo_Page/input_city'

2024-03-08 01:59:37 - [TEST_STEP][PASSED] - setText(findTestObject(orPath_AddressContact + "/input_zipCode"), " "): Text ' ' is set on object 'Object Repository/RAD_Pages/AddressAndContactInfo_Page/input_zipCode'

2024-03-08 01:59:38 - [MESSAGE][PASSED] - Text ' ' is set on object 'Object Repository/RAD_Pages/AddressAndContactInfo_Page/input_zipCode'

2024-03-08 01:59:38 - [TEST_STEP][PASSED] - setText(findTestObject(orPath_AddressContact + "/input_phoneNumber"), " "): Text ' ' is set on object 'Object Repository/RAD_Pages/AddressAndContactInfo_Page/input_phoneNumber'

2024-03-08 01:59:38 - [MESSAGE][PASSED] - Text ' ' is set on object 'Object Repository/RAD_Pages/AddressAndContactInfo_Page/input_phoneNumber'

2024-03-08 01:59:38 - [TEST_STEP][PASSED] - setText(findTestObject(orPath_AddressContact + "/input_eMailAddress"), " "): Text ' ' is set on object 'Object Repository/RAD_Pages/AddressAndContactInfo_Page/input_eMailAddress'

2024-03-08 01:59:39 - [MESSAGE][PASSED] - Text ' ' is set on object 'Object Repository/RAD_Pages/AddressAndContactInfo_Page/input_eMailAddress'

2024-03-08 01:59:39 - [TEST_STEP][PASSED] - setText(findTestObject(orPath_AddressContact + "/input_reEnterEMailAddress"), " "): Text ' ' is set on object 'Object Repository/RAD_Pages/AddressAndContactInfo_Page/input_reEnterEMailAddress'

2024-03-08 01:59:40 - [MESSAGE][PASSED] - Text ' ' is set on object 'Object Repository/RAD_Pages/AddressAndContactInfo_Page/input_reEnterEMailAddress'

2024-03-08 01:59:40 - [TEST_STEP][PASSED] - if (TaxType.equalsIgnoreCase("Estate Tax")): null

2024-03-08 01:59:40 - [TEST_STEP][PASSED] - setText(findTestObject(orPath_Amount + "/input__paymentAmount"), ""): Text '' is set on object 'Object Repository/RAD_Pages/PaymentAmount_Page/input__paymentAmount'

2024-03-08 01:59:40 - [MESSAGE][PASSED] - Text '' is set on object 'Object Repository/RAD_Pages/PaymentAmount_Page/input__paymentAmount'

2024-03-08 01:59:40 - [TEST_STEP][PASSED] - resText = "Fail": null

2024-03-08 01:59:40 - [TEST_STEP][PASSED] - pages.WriteExcel.demoKey(resText, datText, resColumn, datCloumn, fileLoc, nameSheet, row): pages.WriteExcel.demoKey is PASSED

2024-03-08 01:59:41 - [MESSAGE][PASSED] - pages.WriteExcel.demoKey is PASSED

2024-03-08 01:59:41 - [TEST_STEP][PASSED] - verifyTextPresent("Enter business name", true, CONTINUE_ON_FAILURE): Text 'Enter business name' is present on page  using regular expression

2024-03-08 01:59:41 - [MESSAGE][PASSED] - Text 'Enter business name' is present on page  using regular expression

2024-03-08 01:59:41 - [TEST_STEP][PASSED] - verifyTextPresent("Enter business rep first name", true, CONTINUE_ON_FAILURE): Text 'Enter business rep first name' is present on page  using regular expression

2024-03-08 01:59:41 - [MESSAGE][PASSED] - Text 'Enter business rep first name' is present on page  using regular expression

2024-03-08 01:59:41 - [TEST_STEP][PASSED] - verifyTextPresent("Enter business rep last name", true, CONTINUE_ON_FAILURE): Text 'Enter business rep last name' is present on page  using regular expression

2024-03-08 01:59:42 - [MESSAGE][PASSED] - Text 'Enter business rep last name' is present on page  using regular expression

2024-03-08 01:59:42 - [TEST_STEP][PASSED] - verifyTextPresent("Enter address", true, CONTINUE_ON_FAILURE): Text 'Enter address' is present on page  using regular expression

2024-03-08 01:59:42 - [MESSAGE][PASSED] - Text 'Enter address' is present on page  using regular expression

2024-03-08 01:59:42 - [TEST_STEP][PASSED] - verifyTextPresent("Enter city", true, CONTINUE_ON_FAILURE): Text 'Enter city' is present on page  using regular expression

2024-03-08 01:59:42 - [MESSAGE][PASSED] - Text 'Enter city' is present on page  using regular expression

2024-03-08 01:59:42 - [TEST_STEP][PASSED] - verifyTextPresent("Enter ZIP code", true, CONTINUE_ON_FAILURE): Text 'Enter ZIP code' is present on page  using regular expression

2024-03-08 01:59:43 - [MESSAGE][PASSED] - Text 'Enter ZIP code' is present on page  using regular expression

2024-03-08 01:59:43 - [TEST_STEP][PASSED] - verifyTextPresent("Enter a valid phone number", true, CONTINUE_ON_FAILURE): Text 'Enter a valid phone number' is present on page  using regular expression

2024-03-08 01:59:43 - [MESSAGE][PASSED] - Text 'Enter a valid phone number' is present on page  using regular expression

2024-03-08 01:59:43 - [TEST_STEP][PASSED] - verifyTextPresent("Enter Email", true, CONTINUE_ON_FAILURE): Text 'Enter Email' is present on page  using regular expression

2024-03-08 01:59:44 - [MESSAGE][PASSED] - Text 'Enter Email' is present on page  using regular expression

2024-03-08 01:59:44 - [TEST_STEP][PASSED] - if (TaxType.equalsIgnoreCase("Estate Tax")): null

2024-03-08 01:59:44 - [TEST_STEP][PASSED] - if (CRN.equalsIgnoreCase("Y")): null

2024-03-08 01:59:44 - [TEST_STEP][PASSED] - resText = "Pass": null

2024-03-08 01:59:44 - [TEST_STEP][PASSED] - pages.WriteExcel.demoKey(resText, datText, resColumn, datCloumn, fileLoc, nameSheet, row): pages.WriteExcel.demoKey is PASSED

2024-03-08 01:59:44 - [MESSAGE][PASSED] - pages.WriteExcel.demoKey is PASSED

2024-03-08 01:59:44 - [TEST_STEP][PASSED] - ExecuteTC = findTestData(dataFile).getValue("Execute", row): null

2024-03-08 01:59:44 - [TEST_STEP][PASSED] - TaxType = findTestData(dataFile).getValue("TaxType", row): null

2024-03-08 01:59:44 - [TEST_STEP][PASSED] - PaymentType = findTestData(dataFile).getValue("PaymentType", row): null

2024-03-08 01:59:44 - [TEST_STEP][PASSED] - FilingYear = findTestData(dataFile).getValue("Year", row): null

2024-03-08 01:59:44 - [TEST_STEP][PASSED] - feinSSN = findTestData(dataFile).getValue("FeinSsn", row): null

2024-03-08 01:59:44 - [TEST_STEP][PASSED] - CRN = findTestData(dataFile).getValue("CRN", row): null

2024-03-08 01:59:44 - [TEST_STEP][PASSED] - if (ExecuteTC.equalsIgnoreCase("Y")): pages.WriteExcel.demoKey is PASSED

2024-03-08 01:59:44 - [TEST_STEP][PASSED] - out.println("Begin Record Number: " + row): null

2024-03-08 01:59:44 - [TEST_STEP][PASSED] - today = new java.util.Date(): null

2024-03-08 01:59:44 - [TEST_STEP][PASSED] - println(today): null

2024-03-08 01:59:44 - [TEST_STEP][PASSED] - datText = today: null

2024-03-08 01:59:44 - [TEST_STEP][PASSED] - logInfo("Payment Type: New Tax Return Amount Due"): Payment Type: New Tax Return Amount Due

2024-03-08 01:59:44 - [MESSAGE][INFO] - Payment Type: New Tax Return Amount Due

2024-03-08 01:59:44 - [TEST_STEP][PASSED] - logInfo("Tax Type: " + TaxType): Tax Type: Motor Fuel Tax

2024-03-08 01:59:44 - [MESSAGE][INFO] - Tax Type: Motor Fuel Tax

2024-03-08 01:59:44 - [TEST_STEP][PASSED] - openBrowser(""): Browser is opened with url: ''

2024-03-08 01:59:44 - [MESSAGE][WARNING] - A browser is already opened. Closing browser and opening a new one

2024-03-08 02:00:00 - [MESSAGE][INFO] - Starting 'Chrome' driver

2024-03-08 02:00:00 - [MESSAGE][INFO] - User set preference: ['acceptInsecureCerts', 'true']

2024-03-08 02:00:00 - [MESSAGE][INFO] - Action delay is set to 0 milliseconds

2024-03-08 02:00:01 - [MESSAGE][PASSED] - Browser is opened with url: ''

2024-03-08 02:00:01 - [TEST_STEP][PASSED] - maximizeWindow(): Current window maximized

2024-03-08 02:00:01 - [MESSAGE][PASSED] - Current window maximized

2024-03-08 02:00:01 - [TEST_STEP][PASSED] - navigateToUrl(RADurl): Navigate to 'https://qa2.velocitypayment.com/client/rad/index.html' successfully

2024-03-08 02:00:09 - [MESSAGE][PASSED] - Navigate to 'https://qa2.velocitypayment.com/client/rad/index.html' successfully

2024-03-08 02:00:09 - [TEST_STEP][PASSED] - selectOptionByLabel(findTestObject(orPath_Landing + "/dd_TaxType"), "New Tax Return Amount Due", false): All options with label 'New Tax Return Amount Due' are selected in object 'Object Repository/RAD_Pages/Landing_Page/dd_TaxType' 

2024-03-08 02:00:10 - [MESSAGE][PASSED] - All options with label 'New Tax Return Amount Due' are selected in object 'Object Repository/RAD_Pages/Landing_Page/dd_TaxType' 

2024-03-08 02:00:10 - [TEST_STEP][PASSED] - selectOptionByLabel(findTestObject("Object Repository/RAD_Pages/Landing_Page/select_NewTaxReturnAmountDue_TaxType"), TaxType, false): All options with label 'Motor Fuel Tax' are selected in object 'Object Repository/RAD_Pages/Landing_Page/select_NewTaxReturnAmountDue_TaxType' 

2024-03-08 02:00:11 - [MESSAGE][PASSED] - All options with label 'Motor Fuel Tax' are selected in object 'Object Repository/RAD_Pages/Landing_Page/select_NewTaxReturnAmountDue_TaxType' 

2024-03-08 02:00:11 - [TEST_STEP][PASSED] - selectOptionByLabel(findTestObject(orPath_TaxTypeFilingYear + "/select_FilingYear"), FilingYear, false): All options with label '2023' are selected in object 'Object Repository/RAD_Pages/TaxTypeFilingYear_Page/select_FilingYear' 

2024-03-08 02:00:11 - [MESSAGE][PASSED] - All options with label '2023' are selected in object 'Object Repository/RAD_Pages/TaxTypeFilingYear_Page/select_FilingYear' 

2024-03-08 02:00:11 - [TEST_STEP][PASSED] - setText(findTestObject(orPath_TaxPayer + "/input_businessName"), " "): Text ' ' is set on object 'Object Repository/RAD_Pages/Taxpayer_Page/input_businessName'

2024-03-08 02:00:12 - [MESSAGE][PASSED] - Text ' ' is set on object 'Object Repository/RAD_Pages/Taxpayer_Page/input_businessName'

2024-03-08 02:00:12 - [TEST_STEP][PASSED] - setText(findTestObject(orPath_TaxPayer + "/input_BusinessRepfirstName"), " "): Text ' ' is set on object 'Object Repository/RAD_Pages/Taxpayer_Page/input_BusinessRepfirstName'

2024-03-08 02:00:13 - [MESSAGE][PASSED] - Text ' ' is set on object 'Object Repository/RAD_Pages/Taxpayer_Page/input_BusinessRepfirstName'

2024-03-08 02:00:13 - [TEST_STEP][PASSED] - setText(findTestObject(orPath_TaxPayer + "/input_BusinessReplastName"), " "): Text ' ' is set on object 'Object Repository/RAD_Pages/Taxpayer_Page/input_BusinessReplastName'

2024-03-08 02:00:14 - [MESSAGE][PASSED] - Text ' ' is set on object 'Object Repository/RAD_Pages/Taxpayer_Page/input_BusinessReplastName'

2024-03-08 02:00:14 - [TEST_STEP][PASSED] - setText(findTestObject(orPath_AddressContact + "/input_streetAddress1"), " "): Text ' ' is set on object 'Object Repository/RAD_Pages/AddressAndContactInfo_Page/input_streetAddress1'

2024-03-08 02:00:14 - [MESSAGE][PASSED] - Text ' ' is set on object 'Object Repository/RAD_Pages/AddressAndContactInfo_Page/input_streetAddress1'

2024-03-08 02:00:14 - [TEST_STEP][PASSED] - setText(findTestObject(orPath_AddressContact + "/input_city"), " "): Text ' ' is set on object 'Object Repository/RAD_Pages/AddressAndContactInfo_Page/input_city'

2024-03-08 02:00:15 - [MESSAGE][PASSED] - Text ' ' is set on object 'Object Repository/RAD_Pages/AddressAndContactInfo_Page/input_city'

2024-03-08 02:00:15 - [TEST_STEP][PASSED] - setText(findTestObject(orPath_AddressContact + "/input_zipCode"), " "): Text ' ' is set on object 'Object Repository/RAD_Pages/AddressAndContactInfo_Page/input_zipCode'

2024-03-08 02:00:16 - [MESSAGE][PASSED] - Text ' ' is set on object 'Object Repository/RAD_Pages/AddressAndContactInfo_Page/input_zipCode'

2024-03-08 02:00:16 - [TEST_STEP][PASSED] - setText(findTestObject(orPath_AddressContact + "/input_phoneNumber"), " "): Text ' ' is set on object 'Object Repository/RAD_Pages/AddressAndContactInfo_Page/input_phoneNumber'

2024-03-08 02:00:16 - [MESSAGE][PASSED] - Text ' ' is set on object 'Object Repository/RAD_Pages/AddressAndContactInfo_Page/input_phoneNumber'

2024-03-08 02:00:16 - [TEST_STEP][PASSED] - setText(findTestObject(orPath_AddressContact + "/input_eMailAddress"), " "): Text ' ' is set on object 'Object Repository/RAD_Pages/AddressAndContactInfo_Page/input_eMailAddress'

2024-03-08 02:00:17 - [MESSAGE][PASSED] - Text ' ' is set on object 'Object Repository/RAD_Pages/AddressAndContactInfo_Page/input_eMailAddress'

2024-03-08 02:00:17 - [TEST_STEP][PASSED] - setText(findTestObject(orPath_AddressContact + "/input_reEnterEMailAddress"), " "): Text ' ' is set on object 'Object Repository/RAD_Pages/AddressAndContactInfo_Page/input_reEnterEMailAddress'

2024-03-08 02:00:18 - [MESSAGE][PASSED] - Text ' ' is set on object 'Object Repository/RAD_Pages/AddressAndContactInfo_Page/input_reEnterEMailAddress'

2024-03-08 02:00:18 - [TEST_STEP][PASSED] - if (TaxType.equalsIgnoreCase("Estate Tax")): null

2024-03-08 02:00:18 - [TEST_STEP][PASSED] - setText(findTestObject(orPath_Amount + "/input__paymentAmount"), ""): Text '' is set on object 'Object Repository/RAD_Pages/PaymentAmount_Page/input__paymentAmount'

2024-03-08 02:00:19 - [MESSAGE][PASSED] - Text '' is set on object 'Object Repository/RAD_Pages/PaymentAmount_Page/input__paymentAmount'

2024-03-08 02:00:19 - [TEST_STEP][PASSED] - resText = "Fail": null

2024-03-08 02:00:19 - [TEST_STEP][PASSED] - pages.WriteExcel.demoKey(resText, datText, resColumn, datCloumn, fileLoc, nameSheet, row): pages.WriteExcel.demoKey is PASSED

2024-03-08 02:00:19 - [MESSAGE][PASSED] - pages.WriteExcel.demoKey is PASSED

2024-03-08 02:00:19 - [TEST_STEP][PASSED] - verifyTextPresent("Enter business name", true, CONTINUE_ON_FAILURE): Text 'Enter business name' is present on page  using regular expression

2024-03-08 02:00:19 - [MESSAGE][PASSED] - Text 'Enter business name' is present on page  using regular expression

2024-03-08 02:00:19 - [TEST_STEP][PASSED] - verifyTextPresent("Enter business rep first name", true, CONTINUE_ON_FAILURE): Text 'Enter business rep first name' is present on page  using regular expression

2024-03-08 02:00:20 - [MESSAGE][PASSED] - Text 'Enter business rep first name' is present on page  using regular expression

2024-03-08 02:00:20 - [TEST_STEP][PASSED] - verifyTextPresent("Enter business rep last name", true, CONTINUE_ON_FAILURE): Text 'Enter business rep last name' is present on page  using regular expression

2024-03-08 02:00:20 - [MESSAGE][PASSED] - Text 'Enter business rep last name' is present on page  using regular expression

2024-03-08 02:00:20 - [TEST_STEP][PASSED] - verifyTextPresent("Enter address", true, CONTINUE_ON_FAILURE): Text 'Enter address' is present on page  using regular expression

2024-03-08 02:00:20 - [MESSAGE][PASSED] - Text 'Enter address' is present on page  using regular expression

2024-03-08 02:00:20 - [TEST_STEP][PASSED] - verifyTextPresent("Enter city", true, CONTINUE_ON_FAILURE): Text 'Enter city' is present on page  using regular expression

2024-03-08 02:00:21 - [MESSAGE][PASSED] - Text 'Enter city' is present on page  using regular expression

2024-03-08 02:00:21 - [TEST_STEP][PASSED] - verifyTextPresent("Enter ZIP code", true, CONTINUE_ON_FAILURE): Text 'Enter ZIP code' is present on page  using regular expression

2024-03-08 02:00:21 - [MESSAGE][PASSED] - Text 'Enter ZIP code' is present on page  using regular expression

2024-03-08 02:00:21 - [TEST_STEP][PASSED] - verifyTextPresent("Enter a valid phone number", true, CONTINUE_ON_FAILURE): Text 'Enter a valid phone number' is present on page  using regular expression

2024-03-08 02:00:21 - [MESSAGE][PASSED] - Text 'Enter a valid phone number' is present on page  using regular expression

2024-03-08 02:00:21 - [TEST_STEP][PASSED] - verifyTextPresent("Enter Email", true, CONTINUE_ON_FAILURE): Text 'Enter Email' is present on page  using regular expression

2024-03-08 02:00:22 - [MESSAGE][PASSED] - Text 'Enter Email' is present on page  using regular expression

2024-03-08 02:00:22 - [TEST_STEP][PASSED] - if (TaxType.equalsIgnoreCase("Estate Tax")): null

2024-03-08 02:00:22 - [TEST_STEP][PASSED] - if (CRN.equalsIgnoreCase("Y")): Text 'Enter valid MD Central Registration Number' is present on page  using regular expression

2024-03-08 02:00:22 - [TEST_STEP][PASSED] - setText(findTestObject(orPath_TaxInfo + "/input_MDCRegistration"), " "): Text ' ' is set on object 'Object Repository/RAD_Pages/TaxInfo_Page/input_MDCRegistration'

2024-03-08 02:00:22 - [MESSAGE][PASSED] - Text ' ' is set on object 'Object Repository/RAD_Pages/TaxInfo_Page/input_MDCRegistration'

2024-03-08 02:00:22 - [TEST_STEP][PASSED] - setText(findTestObject(orPath_Amount + "/input__paymentAmount"), ""): Text '' is set on object 'Object Repository/RAD_Pages/PaymentAmount_Page/input__paymentAmount'

2024-03-08 02:00:23 - [MESSAGE][PASSED] - Text '' is set on object 'Object Repository/RAD_Pages/PaymentAmount_Page/input__paymentAmount'

2024-03-08 02:00:23 - [TEST_STEP][PASSED] - verifyTextPresent("Enter valid MD Central Registration Number", true, CONTINUE_ON_FAILURE): Text 'Enter valid MD Central Registration Number' is present on page  using regular expression

2024-03-08 02:00:23 - [MESSAGE][PASSED] - Text 'Enter valid MD Central Registration Number' is present on page  using regular expression

2024-03-08 02:00:23 - [TEST_STEP][PASSED] - resText = "Pass": null

2024-03-08 02:00:23 - [TEST_STEP][PASSED] - pages.WriteExcel.demoKey(resText, datText, resColumn, datCloumn, fileLoc, nameSheet, row): pages.WriteExcel.demoKey is PASSED

2024-03-08 02:00:23 - [MESSAGE][PASSED] - pages.WriteExcel.demoKey is PASSED

2024-03-08 02:00:23 - [TEST_STEP][PASSED] - ExecuteTC = findTestData(dataFile).getValue("Execute", row): null

2024-03-08 02:00:24 - [TEST_STEP][PASSED] - TaxType = findTestData(dataFile).getValue("TaxType", row): null

2024-03-08 02:00:24 - [TEST_STEP][PASSED] - PaymentType = findTestData(dataFile).getValue("PaymentType", row): null

2024-03-08 02:00:24 - [TEST_STEP][PASSED] - FilingYear = findTestData(dataFile).getValue("Year", row): null

2024-03-08 02:00:24 - [TEST_STEP][PASSED] - feinSSN = findTestData(dataFile).getValue("FeinSsn", row): null

2024-03-08 02:00:24 - [TEST_STEP][PASSED] - CRN = findTestData(dataFile).getValue("CRN", row): null

2024-03-08 02:00:24 - [TEST_STEP][PASSED] - if (ExecuteTC.equalsIgnoreCase("Y")): pages.WriteExcel.demoKey is PASSED

2024-03-08 02:00:24 - [TEST_STEP][PASSED] - out.println("Begin Record Number: " + row): null

2024-03-08 02:00:24 - [TEST_STEP][PASSED] - today = new java.util.Date(): null

2024-03-08 02:00:24 - [TEST_STEP][PASSED] - println(today): null

2024-03-08 02:00:24 - [TEST_STEP][PASSED] - datText = today: null

2024-03-08 02:00:24 - [TEST_STEP][PASSED] - logInfo("Payment Type: New Tax Return Amount Due"): Payment Type: New Tax Return Amount Due

2024-03-08 02:00:24 - [MESSAGE][INFO] - Payment Type: New Tax Return Amount Due

2024-03-08 02:00:24 - [TEST_STEP][PASSED] - logInfo("Tax Type: " + TaxType): Tax Type: Sales and Use Tax

2024-03-08 02:00:24 - [MESSAGE][INFO] - Tax Type: Sales and Use Tax

2024-03-08 02:00:24 - [TEST_STEP][PASSED] - openBrowser(""): Browser is opened with url: ''

2024-03-08 02:00:24 - [MESSAGE][WARNING] - A browser is already opened. Closing browser and opening a new one

2024-03-08 02:00:56 - [MESSAGE][INFO] - Starting 'Chrome' driver

2024-03-08 02:00:56 - [MESSAGE][INFO] - User set preference: ['acceptInsecureCerts', 'true']

2024-03-08 02:00:56 - [MESSAGE][INFO] - Action delay is set to 0 milliseconds

2024-03-08 02:00:57 - [MESSAGE][PASSED] - Browser is opened with url: ''

2024-03-08 02:00:57 - [TEST_STEP][PASSED] - maximizeWindow(): Current window maximized

2024-03-08 02:00:57 - [MESSAGE][PASSED] - Current window maximized

2024-03-08 02:00:57 - [TEST_STEP][PASSED] - navigateToUrl(RADurl): Navigate to 'https://qa2.velocitypayment.com/client/rad/index.html' successfully

2024-03-08 02:00:57 - [MESSAGE][PASSED] - Navigate to 'https://qa2.velocitypayment.com/client/rad/index.html' successfully

2024-03-08 02:00:57 - [TEST_STEP][PASSED] - selectOptionByLabel(findTestObject(orPath_Landing + "/dd_TaxType"), "New Tax Return Amount Due", false): All options with label 'New Tax Return Amount Due' are selected in object 'Object Repository/RAD_Pages/Landing_Page/dd_TaxType' 

2024-03-08 02:01:00 - [MESSAGE][PASSED] - All options with label 'New Tax Return Amount Due' are selected in object 'Object Repository/RAD_Pages/Landing_Page/dd_TaxType' 

2024-03-08 02:01:00 - [TEST_STEP][PASSED] - selectOptionByLabel(findTestObject("Object Repository/RAD_Pages/Landing_Page/select_NewTaxReturnAmountDue_TaxType"), TaxType, false): All options with label 'Sales and Use Tax' are selected in object 'Object Repository/RAD_Pages/Landing_Page/select_NewTaxReturnAmountDue_TaxType' 

2024-03-08 02:01:00 - [MESSAGE][PASSED] - All options with label 'Sales and Use Tax' are selected in object 'Object Repository/RAD_Pages/Landing_Page/select_NewTaxReturnAmountDue_TaxType' 

2024-03-08 02:01:00 - [TEST_STEP][PASSED] - selectOptionByLabel(findTestObject(orPath_TaxTypeFilingYear + "/select_FilingYear"), FilingYear, false): All options with label '2023' are selected in object 'Object Repository/RAD_Pages/TaxTypeFilingYear_Page/select_FilingYear' 

2024-03-08 02:01:01 - [MESSAGE][PASSED] - All options with label '2023' are selected in object 'Object Repository/RAD_Pages/TaxTypeFilingYear_Page/select_FilingYear' 

2024-03-08 02:01:01 - [TEST_STEP][PASSED] - setText(findTestObject(orPath_TaxPayer + "/input_businessName"), " "): Text ' ' is set on object 'Object Repository/RAD_Pages/Taxpayer_Page/input_businessName'

2024-03-08 02:01:02 - [MESSAGE][PASSED] - Text ' ' is set on object 'Object Repository/RAD_Pages/Taxpayer_Page/input_businessName'

2024-03-08 02:01:02 - [TEST_STEP][PASSED] - setText(findTestObject(orPath_TaxPayer + "/input_BusinessRepfirstName"), " "): Text ' ' is set on object 'Object Repository/RAD_Pages/Taxpayer_Page/input_BusinessRepfirstName'

2024-03-08 02:01:03 - [MESSAGE][PASSED] - Text ' ' is set on object 'Object Repository/RAD_Pages/Taxpayer_Page/input_BusinessRepfirstName'

2024-03-08 02:01:03 - [TEST_STEP][PASSED] - setText(findTestObject(orPath_TaxPayer + "/input_BusinessReplastName"), " "): Text ' ' is set on object 'Object Repository/RAD_Pages/Taxpayer_Page/input_BusinessReplastName'

2024-03-08 02:01:03 - [MESSAGE][PASSED] - Text ' ' is set on object 'Object Repository/RAD_Pages/Taxpayer_Page/input_BusinessReplastName'

2024-03-08 02:01:03 - [TEST_STEP][PASSED] - setText(findTestObject(orPath_AddressContact + "/input_streetAddress1"), " "): Text ' ' is set on object 'Object Repository/RAD_Pages/AddressAndContactInfo_Page/input_streetAddress1'

2024-03-08 02:01:04 - [MESSAGE][PASSED] - Text ' ' is set on object 'Object Repository/RAD_Pages/AddressAndContactInfo_Page/input_streetAddress1'

2024-03-08 02:01:04 - [TEST_STEP][PASSED] - setText(findTestObject(orPath_AddressContact + "/input_city"), " "): Text ' ' is set on object 'Object Repository/RAD_Pages/AddressAndContactInfo_Page/input_city'

2024-03-08 02:01:05 - [MESSAGE][PASSED] - Text ' ' is set on object 'Object Repository/RAD_Pages/AddressAndContactInfo_Page/input_city'

2024-03-08 02:01:05 - [TEST_STEP][PASSED] - setText(findTestObject(orPath_AddressContact + "/input_zipCode"), " "): Text ' ' is set on object 'Object Repository/RAD_Pages/AddressAndContactInfo_Page/input_zipCode'

2024-03-08 02:01:05 - [MESSAGE][PASSED] - Text ' ' is set on object 'Object Repository/RAD_Pages/AddressAndContactInfo_Page/input_zipCode'

2024-03-08 02:01:05 - [TEST_STEP][PASSED] - setText(findTestObject(orPath_AddressContact + "/input_phoneNumber"), " "): Text ' ' is set on object 'Object Repository/RAD_Pages/AddressAndContactInfo_Page/input_phoneNumber'

2024-03-08 02:01:06 - [MESSAGE][PASSED] - Text ' ' is set on object 'Object Repository/RAD_Pages/AddressAndContactInfo_Page/input_phoneNumber'

2024-03-08 02:01:06 - [TEST_STEP][PASSED] - setText(findTestObject(orPath_AddressContact + "/input_eMailAddress"), " "): Text ' ' is set on object 'Object Repository/RAD_Pages/AddressAndContactInfo_Page/input_eMailAddress'

2024-03-08 02:01:07 - [MESSAGE][PASSED] - Text ' ' is set on object 'Object Repository/RAD_Pages/AddressAndContactInfo_Page/input_eMailAddress'

2024-03-08 02:01:07 - [TEST_STEP][PASSED] - setText(findTestObject(orPath_AddressContact + "/input_reEnterEMailAddress"), " "): Text ' ' is set on object 'Object Repository/RAD_Pages/AddressAndContactInfo_Page/input_reEnterEMailAddress'

2024-03-08 02:01:08 - [MESSAGE][PASSED] - Text ' ' is set on object 'Object Repository/RAD_Pages/AddressAndContactInfo_Page/input_reEnterEMailAddress'

2024-03-08 02:01:08 - [TEST_STEP][PASSED] - if (TaxType.equalsIgnoreCase("Estate Tax")): null

2024-03-08 02:01:08 - [TEST_STEP][PASSED] - setText(findTestObject(orPath_Amount + "/input__paymentAmount"), ""): Text '' is set on object 'Object Repository/RAD_Pages/PaymentAmount_Page/input__paymentAmount'

2024-03-08 02:01:08 - [MESSAGE][PASSED] - Text '' is set on object 'Object Repository/RAD_Pages/PaymentAmount_Page/input__paymentAmount'

2024-03-08 02:01:08 - [TEST_STEP][PASSED] - resText = "Fail": null

2024-03-08 02:01:08 - [TEST_STEP][PASSED] - pages.WriteExcel.demoKey(resText, datText, resColumn, datCloumn, fileLoc, nameSheet, row): pages.WriteExcel.demoKey is PASSED

2024-03-08 02:01:08 - [MESSAGE][PASSED] - pages.WriteExcel.demoKey is PASSED

2024-03-08 02:01:08 - [TEST_STEP][PASSED] - verifyTextPresent("Enter business name", true, CONTINUE_ON_FAILURE): Text 'Enter business name' is present on page  using regular expression

2024-03-08 02:01:09 - [MESSAGE][PASSED] - Text 'Enter business name' is present on page  using regular expression

2024-03-08 02:01:09 - [TEST_STEP][PASSED] - verifyTextPresent("Enter business rep first name", true, CONTINUE_ON_FAILURE): Text 'Enter business rep first name' is present on page  using regular expression

2024-03-08 02:01:09 - [MESSAGE][PASSED] - Text 'Enter business rep first name' is present on page  using regular expression

2024-03-08 02:01:09 - [TEST_STEP][PASSED] - verifyTextPresent("Enter business rep last name", true, CONTINUE_ON_FAILURE): Text 'Enter business rep last name' is present on page  using regular expression

2024-03-08 02:01:10 - [MESSAGE][PASSED] - Text 'Enter business rep last name' is present on page  using regular expression

2024-03-08 02:01:10 - [TEST_STEP][PASSED] - verifyTextPresent("Enter address", true, CONTINUE_ON_FAILURE): Text 'Enter address' is present on page  using regular expression

2024-03-08 02:01:10 - [MESSAGE][PASSED] - Text 'Enter address' is present on page  using regular expression

2024-03-08 02:01:10 - [TEST_STEP][PASSED] - verifyTextPresent("Enter city", true, CONTINUE_ON_FAILURE): Text 'Enter city' is present on page  using regular expression

2024-03-08 02:01:10 - [MESSAGE][PASSED] - Text 'Enter city' is present on page  using regular expression

2024-03-08 02:01:10 - [TEST_STEP][PASSED] - verifyTextPresent("Enter ZIP code", true, CONTINUE_ON_FAILURE): Text 'Enter ZIP code' is present on page  using regular expression

2024-03-08 02:01:11 - [MESSAGE][PASSED] - Text 'Enter ZIP code' is present on page  using regular expression

2024-03-08 02:01:11 - [TEST_STEP][PASSED] - verifyTextPresent("Enter a valid phone number", true, CONTINUE_ON_FAILURE): Text 'Enter a valid phone number' is present on page  using regular expression

2024-03-08 02:01:11 - [MESSAGE][PASSED] - Text 'Enter a valid phone number' is present on page  using regular expression

2024-03-08 02:01:11 - [TEST_STEP][PASSED] - verifyTextPresent("Enter Email", true, CONTINUE_ON_FAILURE): Text 'Enter Email' is present on page  using regular expression

2024-03-08 02:01:11 - [MESSAGE][PASSED] - Text 'Enter Email' is present on page  using regular expression

2024-03-08 02:01:11 - [TEST_STEP][PASSED] - if (TaxType.equalsIgnoreCase("Estate Tax")): null

2024-03-08 02:01:11 - [TEST_STEP][PASSED] - if (CRN.equalsIgnoreCase("Y")): Text 'Enter valid MD Central Registration Number' is present on page  using regular expression

2024-03-08 02:01:11 - [TEST_STEP][PASSED] - setText(findTestObject(orPath_TaxInfo + "/input_MDCRegistration"), " "): Text ' ' is set on object 'Object Repository/RAD_Pages/TaxInfo_Page/input_MDCRegistration'

2024-03-08 02:01:12 - [MESSAGE][PASSED] - Text ' ' is set on object 'Object Repository/RAD_Pages/TaxInfo_Page/input_MDCRegistration'

2024-03-08 02:01:12 - [TEST_STEP][PASSED] - setText(findTestObject(orPath_Amount + "/input__paymentAmount"), ""): Text '' is set on object 'Object Repository/RAD_Pages/PaymentAmount_Page/input__paymentAmount'

2024-03-08 02:01:13 - [MESSAGE][PASSED] - Text '' is set on object 'Object Repository/RAD_Pages/PaymentAmount_Page/input__paymentAmount'

2024-03-08 02:01:13 - [TEST_STEP][PASSED] - verifyTextPresent("Enter valid MD Central Registration Number", true, CONTINUE_ON_FAILURE): Text 'Enter valid MD Central Registration Number' is present on page  using regular expression

2024-03-08 02:01:13 - [MESSAGE][PASSED] - Text 'Enter valid MD Central Registration Number' is present on page  using regular expression

2024-03-08 02:01:13 - [TEST_STEP][PASSED] - resText = "Pass": null

2024-03-08 02:01:13 - [TEST_STEP][PASSED] - pages.WriteExcel.demoKey(resText, datText, resColumn, datCloumn, fileLoc, nameSheet, row): pages.WriteExcel.demoKey is PASSED

2024-03-08 02:01:13 - [MESSAGE][PASSED] - pages.WriteExcel.demoKey is PASSED

2024-03-08 02:01:13 - [TEST_STEP][PASSED] - ExecuteTC = findTestData(dataFile).getValue("Execute", row): null

2024-03-08 02:01:13 - [TEST_STEP][PASSED] - TaxType = findTestData(dataFile).getValue("TaxType", row): null

2024-03-08 02:01:13 - [TEST_STEP][PASSED] - PaymentType = findTestData(dataFile).getValue("PaymentType", row): null

2024-03-08 02:01:13 - [TEST_STEP][PASSED] - FilingYear = findTestData(dataFile).getValue("Year", row): null

2024-03-08 02:01:13 - [TEST_STEP][PASSED] - feinSSN = findTestData(dataFile).getValue("FeinSsn", row): null

2024-03-08 02:01:13 - [TEST_STEP][PASSED] - CRN = findTestData(dataFile).getValue("CRN", row): null

2024-03-08 02:01:14 - [TEST_STEP][PASSED] - if (ExecuteTC.equalsIgnoreCase("Y")): pages.WriteExcel.demoKey is PASSED

2024-03-08 02:01:14 - [TEST_STEP][PASSED] - out.println("Begin Record Number: " + row): null

2024-03-08 02:01:14 - [TEST_STEP][PASSED] - today = new java.util.Date(): null

2024-03-08 02:01:14 - [TEST_STEP][PASSED] - println(today): null

2024-03-08 02:01:14 - [TEST_STEP][PASSED] - datText = today: null

2024-03-08 02:01:14 - [TEST_STEP][PASSED] - logInfo("Payment Type: New Tax Return Amount Due"): Payment Type: New Tax Return Amount Due

2024-03-08 02:01:14 - [MESSAGE][INFO] - Payment Type: New Tax Return Amount Due

2024-03-08 02:01:14 - [TEST_STEP][PASSED] - logInfo("Tax Type: " + TaxType): Tax Type: Slots License Fee

2024-03-08 02:01:14 - [MESSAGE][INFO] - Tax Type: Slots License Fee

2024-03-08 02:01:14 - [TEST_STEP][PASSED] - openBrowser(""): Browser is opened with url: ''

2024-03-08 02:01:14 - [MESSAGE][WARNING] - A browser is already opened. Closing browser and opening a new one

2024-03-08 02:01:40 - [MESSAGE][INFO] - Starting 'Chrome' driver

2024-03-08 02:01:40 - [MESSAGE][INFO] - User set preference: ['acceptInsecureCerts', 'true']

2024-03-08 02:01:40 - [MESSAGE][INFO] - Action delay is set to 0 milliseconds

2024-03-08 02:01:41 - [MESSAGE][PASSED] - Browser is opened with url: ''

2024-03-08 02:01:41 - [TEST_STEP][PASSED] - maximizeWindow(): Current window maximized

2024-03-08 02:01:41 - [MESSAGE][PASSED] - Current window maximized

2024-03-08 02:01:41 - [TEST_STEP][PASSED] - navigateToUrl(RADurl): Navigate to 'https://qa2.velocitypayment.com/client/rad/index.html' successfully

2024-03-08 02:01:49 - [MESSAGE][PASSED] - Navigate to 'https://qa2.velocitypayment.com/client/rad/index.html' successfully

2024-03-08 02:01:49 - [TEST_STEP][PASSED] - selectOptionByLabel(findTestObject(orPath_Landing + "/dd_TaxType"), "New Tax Return Amount Due", false): All options with label 'New Tax Return Amount Due' are selected in object 'Object Repository/RAD_Pages/Landing_Page/dd_TaxType' 

2024-03-08 02:01:50 - [MESSAGE][PASSED] - All options with label 'New Tax Return Amount Due' are selected in object 'Object Repository/RAD_Pages/Landing_Page/dd_TaxType' 

2024-03-08 02:01:50 - [TEST_STEP][PASSED] - selectOptionByLabel(findTestObject("Object Repository/RAD_Pages/Landing_Page/select_NewTaxReturnAmountDue_TaxType"), TaxType, false): All options with label 'Slots License Fee' are selected in object 'Object Repository/RAD_Pages/Landing_Page/select_NewTaxReturnAmountDue_TaxType' 

2024-03-08 02:01:50 - [MESSAGE][PASSED] - All options with label 'Slots License Fee' are selected in object 'Object Repository/RAD_Pages/Landing_Page/select_NewTaxReturnAmountDue_TaxType' 

2024-03-08 02:01:50 - [TEST_STEP][PASSED] - selectOptionByLabel(findTestObject(orPath_TaxTypeFilingYear + "/select_FilingYear"), FilingYear, false): All options with label '2023' are selected in object 'Object Repository/RAD_Pages/TaxTypeFilingYear_Page/select_FilingYear' 

2024-03-08 02:01:51 - [MESSAGE][PASSED] - All options with label '2023' are selected in object 'Object Repository/RAD_Pages/TaxTypeFilingYear_Page/select_FilingYear' 

2024-03-08 02:01:51 - [TEST_STEP][PASSED] - setText(findTestObject(orPath_TaxPayer + "/input_businessName"), " "): Text ' ' is set on object 'Object Repository/RAD_Pages/Taxpayer_Page/input_businessName'

2024-03-08 02:01:52 - [MESSAGE][PASSED] - Text ' ' is set on object 'Object Repository/RAD_Pages/Taxpayer_Page/input_businessName'

2024-03-08 02:01:52 - [TEST_STEP][PASSED] - setText(findTestObject(orPath_TaxPayer + "/input_BusinessRepfirstName"), " "): Text ' ' is set on object 'Object Repository/RAD_Pages/Taxpayer_Page/input_BusinessRepfirstName'

2024-03-08 02:01:53 - [MESSAGE][PASSED] - Text ' ' is set on object 'Object Repository/RAD_Pages/Taxpayer_Page/input_BusinessRepfirstName'

2024-03-08 02:01:53 - [TEST_STEP][PASSED] - setText(findTestObject(orPath_TaxPayer + "/input_BusinessReplastName"), " "): Text ' ' is set on object 'Object Repository/RAD_Pages/Taxpayer_Page/input_BusinessReplastName'

2024-03-08 02:01:53 - [MESSAGE][PASSED] - Text ' ' is set on object 'Object Repository/RAD_Pages/Taxpayer_Page/input_BusinessReplastName'

2024-03-08 02:01:53 - [TEST_STEP][PASSED] - setText(findTestObject(orPath_AddressContact + "/input_streetAddress1"), " "): Text ' ' is set on object 'Object Repository/RAD_Pages/AddressAndContactInfo_Page/input_streetAddress1'

2024-03-08 02:01:54 - [MESSAGE][PASSED] - Text ' ' is set on object 'Object Repository/RAD_Pages/AddressAndContactInfo_Page/input_streetAddress1'

2024-03-08 02:01:54 - [TEST_STEP][PASSED] - setText(findTestObject(orPath_AddressContact + "/input_city"), " "): Text ' ' is set on object 'Object Repository/RAD_Pages/AddressAndContactInfo_Page/input_city'

2024-03-08 02:01:55 - [MESSAGE][PASSED] - Text ' ' is set on object 'Object Repository/RAD_Pages/AddressAndContactInfo_Page/input_city'

2024-03-08 02:01:55 - [TEST_STEP][PASSED] - setText(findTestObject(orPath_AddressContact + "/input_zipCode"), " "): Text ' ' is set on object 'Object Repository/RAD_Pages/AddressAndContactInfo_Page/input_zipCode'

2024-03-08 02:01:56 - [MESSAGE][PASSED] - Text ' ' is set on object 'Object Repository/RAD_Pages/AddressAndContactInfo_Page/input_zipCode'

2024-03-08 02:01:56 - [TEST_STEP][PASSED] - setText(findTestObject(orPath_AddressContact + "/input_phoneNumber"), " "): Text ' ' is set on object 'Object Repository/RAD_Pages/AddressAndContactInfo_Page/input_phoneNumber'

2024-03-08 02:01:56 - [MESSAGE][PASSED] - Text ' ' is set on object 'Object Repository/RAD_Pages/AddressAndContactInfo_Page/input_phoneNumber'

2024-03-08 02:01:56 - [TEST_STEP][PASSED] - setText(findTestObject(orPath_AddressContact + "/input_eMailAddress"), " "): Text ' ' is set on object 'Object Repository/RAD_Pages/AddressAndContactInfo_Page/input_eMailAddress'

2024-03-08 02:01:57 - [MESSAGE][PASSED] - Text ' ' is set on object 'Object Repository/RAD_Pages/AddressAndContactInfo_Page/input_eMailAddress'

2024-03-08 02:01:57 - [TEST_STEP][PASSED] - setText(findTestObject(orPath_AddressContact + "/input_reEnterEMailAddress"), " "): Text ' ' is set on object 'Object Repository/RAD_Pages/AddressAndContactInfo_Page/input_reEnterEMailAddress'

2024-03-08 02:01:58 - [MESSAGE][PASSED] - Text ' ' is set on object 'Object Repository/RAD_Pages/AddressAndContactInfo_Page/input_reEnterEMailAddress'

2024-03-08 02:01:58 - [TEST_STEP][PASSED] - if (TaxType.equalsIgnoreCase("Estate Tax")): null

2024-03-08 02:01:58 - [TEST_STEP][PASSED] - setText(findTestObject(orPath_Amount + "/input__paymentAmount"), ""): Text '' is set on object 'Object Repository/RAD_Pages/PaymentAmount_Page/input__paymentAmount'

2024-03-08 02:01:58 - [MESSAGE][PASSED] - Text '' is set on object 'Object Repository/RAD_Pages/PaymentAmount_Page/input__paymentAmount'

2024-03-08 02:01:58 - [TEST_STEP][PASSED] - resText = "Fail": null

2024-03-08 02:01:58 - [TEST_STEP][PASSED] - pages.WriteExcel.demoKey(resText, datText, resColumn, datCloumn, fileLoc, nameSheet, row): pages.WriteExcel.demoKey is PASSED

2024-03-08 02:01:59 - [MESSAGE][PASSED] - pages.WriteExcel.demoKey is PASSED

2024-03-08 02:01:59 - [TEST_STEP][PASSED] - verifyTextPresent("Enter business name", true, CONTINUE_ON_FAILURE): Text 'Enter business name' is present on page  using regular expression

2024-03-08 02:01:59 - [MESSAGE][PASSED] - Text 'Enter business name' is present on page  using regular expression

2024-03-08 02:01:59 - [TEST_STEP][PASSED] - verifyTextPresent("Enter business rep first name", true, CONTINUE_ON_FAILURE): Text 'Enter business rep first name' is present on page  using regular expression

2024-03-08 02:01:59 - [MESSAGE][PASSED] - Text 'Enter business rep first name' is present on page  using regular expression

2024-03-08 02:01:59 - [TEST_STEP][PASSED] - verifyTextPresent("Enter business rep last name", true, CONTINUE_ON_FAILURE): Text 'Enter business rep last name' is present on page  using regular expression

2024-03-08 02:02:00 - [MESSAGE][PASSED] - Text 'Enter business rep last name' is present on page  using regular expression

2024-03-08 02:02:00 - [TEST_STEP][PASSED] - verifyTextPresent("Enter address", true, CONTINUE_ON_FAILURE): Text 'Enter address' is present on page  using regular expression

2024-03-08 02:02:00 - [MESSAGE][PASSED] - Text 'Enter address' is present on page  using regular expression

2024-03-08 02:02:00 - [TEST_STEP][PASSED] - verifyTextPresent("Enter city", true, CONTINUE_ON_FAILURE): Text 'Enter city' is present on page  using regular expression

2024-03-08 02:02:00 - [MESSAGE][PASSED] - Text 'Enter city' is present on page  using regular expression

2024-03-08 02:02:00 - [TEST_STEP][PASSED] - verifyTextPresent("Enter ZIP code", true, CONTINUE_ON_FAILURE): Text 'Enter ZIP code' is present on page  using regular expression

2024-03-08 02:02:01 - [MESSAGE][PASSED] - Text 'Enter ZIP code' is present on page  using regular expression

2024-03-08 02:02:01 - [TEST_STEP][PASSED] - verifyTextPresent("Enter a valid phone number", true, CONTINUE_ON_FAILURE): Text 'Enter a valid phone number' is present on page  using regular expression

2024-03-08 02:02:01 - [MESSAGE][PASSED] - Text 'Enter a valid phone number' is present on page  using regular expression

2024-03-08 02:02:01 - [TEST_STEP][PASSED] - verifyTextPresent("Enter Email", true, CONTINUE_ON_FAILURE): Text 'Enter Email' is present on page  using regular expression

2024-03-08 02:02:02 - [MESSAGE][PASSED] - Text 'Enter Email' is present on page  using regular expression

2024-03-08 02:02:02 - [TEST_STEP][PASSED] - if (TaxType.equalsIgnoreCase("Estate Tax")): null

2024-03-08 02:02:02 - [TEST_STEP][PASSED] - if (CRN.equalsIgnoreCase("Y")): null

2024-03-08 02:02:02 - [TEST_STEP][PASSED] - resText = "Pass": null

2024-03-08 02:02:02 - [TEST_STEP][PASSED] - pages.WriteExcel.demoKey(resText, datText, resColumn, datCloumn, fileLoc, nameSheet, row): pages.WriteExcel.demoKey is PASSED

2024-03-08 02:02:02 - [MESSAGE][PASSED] - pages.WriteExcel.demoKey is PASSED

2024-03-08 02:02:02 - [TEST_STEP][PASSED] - ExecuteTC = findTestData(dataFile).getValue("Execute", row): null

2024-03-08 02:02:02 - [TEST_STEP][PASSED] - TaxType = findTestData(dataFile).getValue("TaxType", row): null

2024-03-08 02:02:02 - [TEST_STEP][PASSED] - PaymentType = findTestData(dataFile).getValue("PaymentType", row): null

2024-03-08 02:02:02 - [TEST_STEP][PASSED] - FilingYear = findTestData(dataFile).getValue("Year", row): null

2024-03-08 02:02:02 - [TEST_STEP][PASSED] - feinSSN = findTestData(dataFile).getValue("FeinSsn", row): null

2024-03-08 02:02:02 - [TEST_STEP][PASSED] - CRN = findTestData(dataFile).getValue("CRN", row): null

2024-03-08 02:02:02 - [TEST_STEP][PASSED] - if (ExecuteTC.equalsIgnoreCase("Y")): pages.WriteExcel.demoKey is PASSED

2024-03-08 02:02:02 - [TEST_STEP][PASSED] - out.println("Begin Record Number: " + row): null

2024-03-08 02:02:02 - [TEST_STEP][PASSED] - today = new java.util.Date(): null

2024-03-08 02:02:02 - [TEST_STEP][PASSED] - println(today): null

2024-03-08 02:02:02 - [TEST_STEP][PASSED] - datText = today: null

2024-03-08 02:02:02 - [TEST_STEP][PASSED] - logInfo("Payment Type: New Tax Return Amount Due"): Payment Type: New Tax Return Amount Due

2024-03-08 02:02:02 - [MESSAGE][INFO] - Payment Type: New Tax Return Amount Due

2024-03-08 02:02:02 - [TEST_STEP][PASSED] - logInfo("Tax Type: " + TaxType): Tax Type: Tire Recycling Fee

2024-03-08 02:02:02 - [MESSAGE][INFO] - Tax Type: Tire Recycling Fee

2024-03-08 02:02:02 - [TEST_STEP][PASSED] - openBrowser(""): Browser is opened with url: ''

2024-03-08 02:02:02 - [MESSAGE][WARNING] - A browser is already opened. Closing browser and opening a new one

2024-03-08 02:02:13 - [MESSAGE][INFO] - Starting 'Chrome' driver

2024-03-08 02:02:13 - [MESSAGE][INFO] - User set preference: ['acceptInsecureCerts', 'true']

2024-03-08 02:02:13 - [MESSAGE][INFO] - Action delay is set to 0 milliseconds

2024-03-08 02:02:14 - [MESSAGE][PASSED] - Browser is opened with url: ''

2024-03-08 02:02:14 - [TEST_STEP][PASSED] - maximizeWindow(): Current window maximized

2024-03-08 02:02:14 - [MESSAGE][PASSED] - Current window maximized

2024-03-08 02:02:14 - [TEST_STEP][PASSED] - navigateToUrl(RADurl): Navigate to 'https://qa2.velocitypayment.com/client/rad/index.html' successfully

2024-03-08 02:02:16 - [MESSAGE][PASSED] - Navigate to 'https://qa2.velocitypayment.com/client/rad/index.html' successfully

2024-03-08 02:02:16 - [TEST_STEP][PASSED] - selectOptionByLabel(findTestObject(orPath_Landing + "/dd_TaxType"), "New Tax Return Amount Due", false): All options with label 'New Tax Return Amount Due' are selected in object 'Object Repository/RAD_Pages/Landing_Page/dd_TaxType' 

2024-03-08 02:02:17 - [MESSAGE][PASSED] - All options with label 'New Tax Return Amount Due' are selected in object 'Object Repository/RAD_Pages/Landing_Page/dd_TaxType' 

2024-03-08 02:02:17 - [TEST_STEP][PASSED] - selectOptionByLabel(findTestObject("Object Repository/RAD_Pages/Landing_Page/select_NewTaxReturnAmountDue_TaxType"), TaxType, false): All options with label 'Tire Recycling Fee' are selected in object 'Object Repository/RAD_Pages/Landing_Page/select_NewTaxReturnAmountDue_TaxType' 

2024-03-08 02:02:18 - [MESSAGE][PASSED] - All options with label 'Tire Recycling Fee' are selected in object 'Object Repository/RAD_Pages/Landing_Page/select_NewTaxReturnAmountDue_TaxType' 

2024-03-08 02:02:18 - [TEST_STEP][PASSED] - selectOptionByLabel(findTestObject(orPath_TaxTypeFilingYear + "/select_FilingYear"), FilingYear, false): All options with label '2023' are selected in object 'Object Repository/RAD_Pages/TaxTypeFilingYear_Page/select_FilingYear' 

2024-03-08 02:02:18 - [MESSAGE][PASSED] - All options with label '2023' are selected in object 'Object Repository/RAD_Pages/TaxTypeFilingYear_Page/select_FilingYear' 

2024-03-08 02:02:18 - [TEST_STEP][PASSED] - setText(findTestObject(orPath_TaxPayer + "/input_businessName"), " "): Text ' ' is set on object 'Object Repository/RAD_Pages/Taxpayer_Page/input_businessName'

2024-03-08 02:02:19 - [MESSAGE][PASSED] - Text ' ' is set on object 'Object Repository/RAD_Pages/Taxpayer_Page/input_businessName'

2024-03-08 02:02:19 - [TEST_STEP][PASSED] - setText(findTestObject(orPath_TaxPayer + "/input_BusinessRepfirstName"), " "): Text ' ' is set on object 'Object Repository/RAD_Pages/Taxpayer_Page/input_BusinessRepfirstName'

2024-03-08 02:02:20 - [MESSAGE][PASSED] - Text ' ' is set on object 'Object Repository/RAD_Pages/Taxpayer_Page/input_BusinessRepfirstName'

2024-03-08 02:02:20 - [TEST_STEP][PASSED] - setText(findTestObject(orPath_TaxPayer + "/input_BusinessReplastName"), " "): Text ' ' is set on object 'Object Repository/RAD_Pages/Taxpayer_Page/input_BusinessReplastName'

2024-03-08 02:02:21 - [MESSAGE][PASSED] - Text ' ' is set on object 'Object Repository/RAD_Pages/Taxpayer_Page/input_BusinessReplastName'

2024-03-08 02:02:21 - [TEST_STEP][PASSED] - setText(findTestObject(orPath_AddressContact + "/input_streetAddress1"), " "): Text ' ' is set on object 'Object Repository/RAD_Pages/AddressAndContactInfo_Page/input_streetAddress1'

2024-03-08 02:02:21 - [MESSAGE][PASSED] - Text ' ' is set on object 'Object Repository/RAD_Pages/AddressAndContactInfo_Page/input_streetAddress1'

2024-03-08 02:02:21 - [TEST_STEP][PASSED] - setText(findTestObject(orPath_AddressContact + "/input_city"), " "): Text ' ' is set on object 'Object Repository/RAD_Pages/AddressAndContactInfo_Page/input_city'

2024-03-08 02:02:22 - [MESSAGE][PASSED] - Text ' ' is set on object 'Object Repository/RAD_Pages/AddressAndContactInfo_Page/input_city'

2024-03-08 02:02:22 - [TEST_STEP][PASSED] - setText(findTestObject(orPath_AddressContact + "/input_zipCode"), " "): Text ' ' is set on object 'Object Repository/RAD_Pages/AddressAndContactInfo_Page/input_zipCode'

2024-03-08 02:02:23 - [MESSAGE][PASSED] - Text ' ' is set on object 'Object Repository/RAD_Pages/AddressAndContactInfo_Page/input_zipCode'

2024-03-08 02:02:23 - [TEST_STEP][PASSED] - setText(findTestObject(orPath_AddressContact + "/input_phoneNumber"), " "): Text ' ' is set on object 'Object Repository/RAD_Pages/AddressAndContactInfo_Page/input_phoneNumber'

2024-03-08 02:02:23 - [MESSAGE][PASSED] - Text ' ' is set on object 'Object Repository/RAD_Pages/AddressAndContactInfo_Page/input_phoneNumber'

2024-03-08 02:02:23 - [TEST_STEP][PASSED] - setText(findTestObject(orPath_AddressContact + "/input_eMailAddress"), " "): Text ' ' is set on object 'Object Repository/RAD_Pages/AddressAndContactInfo_Page/input_eMailAddress'

2024-03-08 02:02:24 - [MESSAGE][PASSED] - Text ' ' is set on object 'Object Repository/RAD_Pages/AddressAndContactInfo_Page/input_eMailAddress'

2024-03-08 02:02:24 - [TEST_STEP][PASSED] - setText(findTestObject(orPath_AddressContact + "/input_reEnterEMailAddress"), " "): Text ' ' is set on object 'Object Repository/RAD_Pages/AddressAndContactInfo_Page/input_reEnterEMailAddress'

2024-03-08 02:02:25 - [MESSAGE][PASSED] - Text ' ' is set on object 'Object Repository/RAD_Pages/AddressAndContactInfo_Page/input_reEnterEMailAddress'

2024-03-08 02:02:25 - [TEST_STEP][PASSED] - if (TaxType.equalsIgnoreCase("Estate Tax")): null

2024-03-08 02:02:25 - [TEST_STEP][PASSED] - setText(findTestObject(orPath_Amount + "/input__paymentAmount"), ""): Text '' is set on object 'Object Repository/RAD_Pages/PaymentAmount_Page/input__paymentAmount'

2024-03-08 02:02:26 - [MESSAGE][PASSED] - Text '' is set on object 'Object Repository/RAD_Pages/PaymentAmount_Page/input__paymentAmount'

2024-03-08 02:02:26 - [TEST_STEP][PASSED] - resText = "Fail": null

2024-03-08 02:02:26 - [TEST_STEP][PASSED] - pages.WriteExcel.demoKey(resText, datText, resColumn, datCloumn, fileLoc, nameSheet, row): pages.WriteExcel.demoKey is PASSED

2024-03-08 02:02:26 - [MESSAGE][PASSED] - pages.WriteExcel.demoKey is PASSED

2024-03-08 02:02:26 - [TEST_STEP][PASSED] - verifyTextPresent("Enter business name", true, CONTINUE_ON_FAILURE): Text 'Enter business name' is present on page  using regular expression

2024-03-08 02:02:26 - [MESSAGE][PASSED] - Text 'Enter business name' is present on page  using regular expression

2024-03-08 02:02:26 - [TEST_STEP][PASSED] - verifyTextPresent("Enter business rep first name", true, CONTINUE_ON_FAILURE): Text 'Enter business rep first name' is present on page  using regular expression

2024-03-08 02:02:27 - [MESSAGE][PASSED] - Text 'Enter business rep first name' is present on page  using regular expression

2024-03-08 02:02:27 - [TEST_STEP][PASSED] - verifyTextPresent("Enter business rep last name", true, CONTINUE_ON_FAILURE): Text 'Enter business rep last name' is present on page  using regular expression

2024-03-08 02:02:27 - [MESSAGE][PASSED] - Text 'Enter business rep last name' is present on page  using regular expression

2024-03-08 02:02:27 - [TEST_STEP][PASSED] - verifyTextPresent("Enter address", true, CONTINUE_ON_FAILURE): Text 'Enter address' is present on page  using regular expression

2024-03-08 02:02:27 - [MESSAGE][PASSED] - Text 'Enter address' is present on page  using regular expression

2024-03-08 02:02:27 - [TEST_STEP][PASSED] - verifyTextPresent("Enter city", true, CONTINUE_ON_FAILURE): Text 'Enter city' is present on page  using regular expression

2024-03-08 02:02:28 - [MESSAGE][PASSED] - Text 'Enter city' is present on page  using regular expression

2024-03-08 02:02:28 - [TEST_STEP][PASSED] - verifyTextPresent("Enter ZIP code", true, CONTINUE_ON_FAILURE): Text 'Enter ZIP code' is present on page  using regular expression

2024-03-08 02:02:28 - [MESSAGE][PASSED] - Text 'Enter ZIP code' is present on page  using regular expression

2024-03-08 02:02:28 - [TEST_STEP][PASSED] - verifyTextPresent("Enter a valid phone number", true, CONTINUE_ON_FAILURE): Text 'Enter a valid phone number' is present on page  using regular expression

2024-03-08 02:02:28 - [MESSAGE][PASSED] - Text 'Enter a valid phone number' is present on page  using regular expression

2024-03-08 02:02:28 - [TEST_STEP][PASSED] - verifyTextPresent("Enter Email", true, CONTINUE_ON_FAILURE): Text 'Enter Email' is present on page  using regular expression

2024-03-08 02:02:29 - [MESSAGE][PASSED] - Text 'Enter Email' is present on page  using regular expression

2024-03-08 02:02:29 - [TEST_STEP][PASSED] - if (TaxType.equalsIgnoreCase("Estate Tax")): null

2024-03-08 02:02:29 - [TEST_STEP][PASSED] - if (CRN.equalsIgnoreCase("Y")): Text 'Enter valid MD Central Registration Number' is present on page  using regular expression

2024-03-08 02:02:29 - [TEST_STEP][PASSED] - setText(findTestObject(orPath_TaxInfo + "/input_MDCRegistration"), " "): Text ' ' is set on object 'Object Repository/RAD_Pages/TaxInfo_Page/input_MDCRegistration'

2024-03-08 02:02:29 - [MESSAGE][PASSED] - Text ' ' is set on object 'Object Repository/RAD_Pages/TaxInfo_Page/input_MDCRegistration'

2024-03-08 02:02:29 - [TEST_STEP][PASSED] - setText(findTestObject(orPath_Amount + "/input__paymentAmount"), ""): Text '' is set on object 'Object Repository/RAD_Pages/PaymentAmount_Page/input__paymentAmount'

2024-03-08 02:02:30 - [MESSAGE][PASSED] - Text '' is set on object 'Object Repository/RAD_Pages/PaymentAmount_Page/input__paymentAmount'

2024-03-08 02:02:30 - [TEST_STEP][PASSED] - verifyTextPresent("Enter valid MD Central Registration Number", true, CONTINUE_ON_FAILURE): Text 'Enter valid MD Central Registration Number' is present on page  using regular expression

2024-03-08 02:02:31 - [MESSAGE][PASSED] - Text 'Enter valid MD Central Registration Number' is present on page  using regular expression

2024-03-08 02:02:31 - [TEST_STEP][PASSED] - resText = "Pass": null

2024-03-08 02:02:31 - [TEST_STEP][PASSED] - pages.WriteExcel.demoKey(resText, datText, resColumn, datCloumn, fileLoc, nameSheet, row): pages.WriteExcel.demoKey is PASSED

2024-03-08 02:02:31 - [MESSAGE][PASSED] - pages.WriteExcel.demoKey is PASSED

2024-03-08 02:02:31 - [TEST_STEP][PASSED] - ExecuteTC = findTestData(dataFile).getValue("Execute", row): null

2024-03-08 02:02:31 - [TEST_STEP][PASSED] - TaxType = findTestData(dataFile).getValue("TaxType", row): null

2024-03-08 02:02:31 - [TEST_STEP][PASSED] - PaymentType = findTestData(dataFile).getValue("PaymentType", row): null

2024-03-08 02:02:31 - [TEST_STEP][PASSED] - FilingYear = findTestData(dataFile).getValue("Year", row): null

2024-03-08 02:02:31 - [TEST_STEP][PASSED] - feinSSN = findTestData(dataFile).getValue("FeinSsn", row): null

2024-03-08 02:02:31 - [TEST_STEP][PASSED] - CRN = findTestData(dataFile).getValue("CRN", row): null

2024-03-08 02:02:31 - [TEST_STEP][PASSED] - if (ExecuteTC.equalsIgnoreCase("Y")): pages.WriteExcel.demoKey is PASSED

2024-03-08 02:02:31 - [TEST_STEP][PASSED] - out.println("Begin Record Number: " + row): null

2024-03-08 02:02:31 - [TEST_STEP][PASSED] - today = new java.util.Date(): null

2024-03-08 02:02:31 - [TEST_STEP][PASSED] - println(today): null

2024-03-08 02:02:31 - [TEST_STEP][PASSED] - datText = today: null

2024-03-08 02:02:31 - [TEST_STEP][PASSED] - logInfo("Payment Type: New Tax Return Amount Due"): Payment Type: New Tax Return Amount Due

2024-03-08 02:02:31 - [MESSAGE][INFO] - Payment Type: New Tax Return Amount Due

2024-03-08 02:02:31 - [TEST_STEP][PASSED] - logInfo("Tax Type: " + TaxType): Tax Type: Tobacco Tax

2024-03-08 02:02:31 - [MESSAGE][INFO] - Tax Type: Tobacco Tax

2024-03-08 02:02:31 - [TEST_STEP][PASSED] - openBrowser(""): Browser is opened with url: ''

2024-03-08 02:02:31 - [MESSAGE][WARNING] - A browser is already opened. Closing browser and opening a new one

2024-03-08 02:02:57 - [MESSAGE][INFO] - Starting 'Chrome' driver

2024-03-08 02:02:57 - [MESSAGE][INFO] - User set preference: ['acceptInsecureCerts', 'true']

2024-03-08 02:02:57 - [MESSAGE][INFO] - Action delay is set to 0 milliseconds

2024-03-08 02:02:58 - [MESSAGE][PASSED] - Browser is opened with url: ''

2024-03-08 02:02:58 - [TEST_STEP][PASSED] - maximizeWindow(): Current window maximized

2024-03-08 02:02:58 - [MESSAGE][PASSED] - Current window maximized

2024-03-08 02:02:58 - [TEST_STEP][PASSED] - navigateToUrl(RADurl): Navigate to 'https://qa2.velocitypayment.com/client/rad/index.html' successfully

2024-03-08 02:02:59 - [MESSAGE][PASSED] - Navigate to 'https://qa2.velocitypayment.com/client/rad/index.html' successfully

2024-03-08 02:02:59 - [TEST_STEP][PASSED] - selectOptionByLabel(findTestObject(orPath_Landing + "/dd_TaxType"), "New Tax Return Amount Due", false): All options with label 'New Tax Return Amount Due' are selected in object 'Object Repository/RAD_Pages/Landing_Page/dd_TaxType' 

2024-03-08 02:03:06 - [MESSAGE][PASSED] - All options with label 'New Tax Return Amount Due' are selected in object 'Object Repository/RAD_Pages/Landing_Page/dd_TaxType' 

2024-03-08 02:03:06 - [TEST_STEP][PASSED] - selectOptionByLabel(findTestObject("Object Repository/RAD_Pages/Landing_Page/select_NewTaxReturnAmountDue_TaxType"), TaxType, false): All options with label 'Tobacco Tax' are selected in object 'Object Repository/RAD_Pages/Landing_Page/select_NewTaxReturnAmountDue_TaxType' 

2024-03-08 02:03:07 - [MESSAGE][PASSED] - All options with label 'Tobacco Tax' are selected in object 'Object Repository/RAD_Pages/Landing_Page/select_NewTaxReturnAmountDue_TaxType' 

2024-03-08 02:03:07 - [TEST_STEP][PASSED] - selectOptionByLabel(findTestObject(orPath_TaxTypeFilingYear + "/select_FilingYear"), FilingYear, false): All options with label '2023' are selected in object 'Object Repository/RAD_Pages/TaxTypeFilingYear_Page/select_FilingYear' 

2024-03-08 02:03:08 - [MESSAGE][PASSED] - All options with label '2023' are selected in object 'Object Repository/RAD_Pages/TaxTypeFilingYear_Page/select_FilingYear' 

2024-03-08 02:03:08 - [TEST_STEP][PASSED] - setText(findTestObject(orPath_TaxPayer + "/input_businessName"), " "): Text ' ' is set on object 'Object Repository/RAD_Pages/Taxpayer_Page/input_businessName'

2024-03-08 02:03:08 - [MESSAGE][PASSED] - Text ' ' is set on object 'Object Repository/RAD_Pages/Taxpayer_Page/input_businessName'

2024-03-08 02:03:08 - [TEST_STEP][PASSED] - setText(findTestObject(orPath_TaxPayer + "/input_BusinessRepfirstName"), " "): Text ' ' is set on object 'Object Repository/RAD_Pages/Taxpayer_Page/input_BusinessRepfirstName'

2024-03-08 02:03:09 - [MESSAGE][PASSED] - Text ' ' is set on object 'Object Repository/RAD_Pages/Taxpayer_Page/input_BusinessRepfirstName'

2024-03-08 02:03:09 - [TEST_STEP][PASSED] - setText(findTestObject(orPath_TaxPayer + "/input_BusinessReplastName"), " "): Text ' ' is set on object 'Object Repository/RAD_Pages/Taxpayer_Page/input_BusinessReplastName'

2024-03-08 02:03:10 - [MESSAGE][PASSED] - Text ' ' is set on object 'Object Repository/RAD_Pages/Taxpayer_Page/input_BusinessReplastName'

2024-03-08 02:03:10 - [TEST_STEP][PASSED] - setText(findTestObject(orPath_AddressContact + "/input_streetAddress1"), " "): Text ' ' is set on object 'Object Repository/RAD_Pages/AddressAndContactInfo_Page/input_streetAddress1'

2024-03-08 02:03:10 - [MESSAGE][PASSED] - Text ' ' is set on object 'Object Repository/RAD_Pages/AddressAndContactInfo_Page/input_streetAddress1'

2024-03-08 02:03:10 - [TEST_STEP][PASSED] - setText(findTestObject(orPath_AddressContact + "/input_city"), " "): Text ' ' is set on object 'Object Repository/RAD_Pages/AddressAndContactInfo_Page/input_city'

2024-03-08 02:03:11 - [MESSAGE][PASSED] - Text ' ' is set on object 'Object Repository/RAD_Pages/AddressAndContactInfo_Page/input_city'

2024-03-08 02:03:11 - [TEST_STEP][PASSED] - setText(findTestObject(orPath_AddressContact + "/input_zipCode"), " "): Text ' ' is set on object 'Object Repository/RAD_Pages/AddressAndContactInfo_Page/input_zipCode'

2024-03-08 02:03:12 - [MESSAGE][PASSED] - Text ' ' is set on object 'Object Repository/RAD_Pages/AddressAndContactInfo_Page/input_zipCode'

2024-03-08 02:03:12 - [TEST_STEP][PASSED] - setText(findTestObject(orPath_AddressContact + "/input_phoneNumber"), " "): Text ' ' is set on object 'Object Repository/RAD_Pages/AddressAndContactInfo_Page/input_phoneNumber'

2024-03-08 02:03:12 - [MESSAGE][PASSED] - Text ' ' is set on object 'Object Repository/RAD_Pages/AddressAndContactInfo_Page/input_phoneNumber'

2024-03-08 02:03:12 - [TEST_STEP][PASSED] - setText(findTestObject(orPath_AddressContact + "/input_eMailAddress"), " "): Text ' ' is set on object 'Object Repository/RAD_Pages/AddressAndContactInfo_Page/input_eMailAddress'

2024-03-08 02:03:13 - [MESSAGE][PASSED] - Text ' ' is set on object 'Object Repository/RAD_Pages/AddressAndContactInfo_Page/input_eMailAddress'

2024-03-08 02:03:13 - [TEST_STEP][PASSED] - setText(findTestObject(orPath_AddressContact + "/input_reEnterEMailAddress"), " "): Text ' ' is set on object 'Object Repository/RAD_Pages/AddressAndContactInfo_Page/input_reEnterEMailAddress'

2024-03-08 02:03:14 - [MESSAGE][PASSED] - Text ' ' is set on object 'Object Repository/RAD_Pages/AddressAndContactInfo_Page/input_reEnterEMailAddress'

2024-03-08 02:03:14 - [TEST_STEP][PASSED] - if (TaxType.equalsIgnoreCase("Estate Tax")): null

2024-03-08 02:03:14 - [TEST_STEP][PASSED] - setText(findTestObject(orPath_Amount + "/input__paymentAmount"), ""): Text '' is set on object 'Object Repository/RAD_Pages/PaymentAmount_Page/input__paymentAmount'

2024-03-08 02:03:15 - [MESSAGE][PASSED] - Text '' is set on object 'Object Repository/RAD_Pages/PaymentAmount_Page/input__paymentAmount'

2024-03-08 02:03:15 - [TEST_STEP][PASSED] - resText = "Fail": null

2024-03-08 02:03:15 - [TEST_STEP][PASSED] - pages.WriteExcel.demoKey(resText, datText, resColumn, datCloumn, fileLoc, nameSheet, row): pages.WriteExcel.demoKey is PASSED

2024-03-08 02:03:15 - [MESSAGE][PASSED] - pages.WriteExcel.demoKey is PASSED

2024-03-08 02:03:15 - [TEST_STEP][PASSED] - verifyTextPresent("Enter business name", true, CONTINUE_ON_FAILURE): Text 'Enter business name' is present on page  using regular expression

2024-03-08 02:03:15 - [MESSAGE][PASSED] - Text 'Enter business name' is present on page  using regular expression

2024-03-08 02:03:15 - [TEST_STEP][PASSED] - verifyTextPresent("Enter business rep first name", true, CONTINUE_ON_FAILURE): Text 'Enter business rep first name' is present on page  using regular expression

2024-03-08 02:03:16 - [MESSAGE][PASSED] - Text 'Enter business rep first name' is present on page  using regular expression

2024-03-08 02:03:16 - [TEST_STEP][PASSED] - verifyTextPresent("Enter business rep last name", true, CONTINUE_ON_FAILURE): Text 'Enter business rep last name' is present on page  using regular expression

2024-03-08 02:03:16 - [MESSAGE][PASSED] - Text 'Enter business rep last name' is present on page  using regular expression

2024-03-08 02:03:16 - [TEST_STEP][PASSED] - verifyTextPresent("Enter address", true, CONTINUE_ON_FAILURE): Text 'Enter address' is present on page  using regular expression

2024-03-08 02:03:16 - [MESSAGE][PASSED] - Text 'Enter address' is present on page  using regular expression

2024-03-08 02:03:16 - [TEST_STEP][PASSED] - verifyTextPresent("Enter city", true, CONTINUE_ON_FAILURE): Text 'Enter city' is present on page  using regular expression

2024-03-08 02:03:17 - [MESSAGE][PASSED] - Text 'Enter city' is present on page  using regular expression

2024-03-08 02:03:17 - [TEST_STEP][PASSED] - verifyTextPresent("Enter ZIP code", true, CONTINUE_ON_FAILURE): Text 'Enter ZIP code' is present on page  using regular expression

2024-03-08 02:03:17 - [MESSAGE][PASSED] - Text 'Enter ZIP code' is present on page  using regular expression

2024-03-08 02:03:17 - [TEST_STEP][PASSED] - verifyTextPresent("Enter a valid phone number", true, CONTINUE_ON_FAILURE): Text 'Enter a valid phone number' is present on page  using regular expression

2024-03-08 02:03:17 - [MESSAGE][PASSED] - Text 'Enter a valid phone number' is present on page  using regular expression

2024-03-08 02:03:17 - [TEST_STEP][PASSED] - verifyTextPresent("Enter Email", true, CONTINUE_ON_FAILURE): Text 'Enter Email' is present on page  using regular expression

2024-03-08 02:03:18 - [MESSAGE][PASSED] - Text 'Enter Email' is present on page  using regular expression

2024-03-08 02:03:18 - [TEST_STEP][PASSED] - if (TaxType.equalsIgnoreCase("Estate Tax")): null

2024-03-08 02:03:18 - [TEST_STEP][PASSED] - if (CRN.equalsIgnoreCase("Y")): Text 'Enter valid MD Central Registration Number' is present on page  using regular expression

2024-03-08 02:03:18 - [TEST_STEP][PASSED] - setText(findTestObject(orPath_TaxInfo + "/input_MDCRegistration"), " "): Text ' ' is set on object 'Object Repository/RAD_Pages/TaxInfo_Page/input_MDCRegistration'

2024-03-08 02:03:18 - [MESSAGE][PASSED] - Text ' ' is set on object 'Object Repository/RAD_Pages/TaxInfo_Page/input_MDCRegistration'

2024-03-08 02:03:18 - [TEST_STEP][PASSED] - setText(findTestObject(orPath_Amount + "/input__paymentAmount"), ""): Text '' is set on object 'Object Repository/RAD_Pages/PaymentAmount_Page/input__paymentAmount'

2024-03-08 02:03:19 - [MESSAGE][PASSED] - Text '' is set on object 'Object Repository/RAD_Pages/PaymentAmount_Page/input__paymentAmount'

2024-03-08 02:03:19 - [TEST_STEP][PASSED] - verifyTextPresent("Enter valid MD Central Registration Number", true, CONTINUE_ON_FAILURE): Text 'Enter valid MD Central Registration Number' is present on page  using regular expression

2024-03-08 02:03:19 - [MESSAGE][PASSED] - Text 'Enter valid MD Central Registration Number' is present on page  using regular expression

2024-03-08 02:03:19 - [TEST_STEP][PASSED] - resText = "Pass": null

2024-03-08 02:03:19 - [TEST_STEP][PASSED] - pages.WriteExcel.demoKey(resText, datText, resColumn, datCloumn, fileLoc, nameSheet, row): pages.WriteExcel.demoKey is PASSED

2024-03-08 02:03:20 - [MESSAGE][PASSED] - pages.WriteExcel.demoKey is PASSED

2024-03-08 02:03:20 - [TEST_STEP][PASSED] - ExecuteTC = findTestData(dataFile).getValue("Execute", row): null

2024-03-08 02:03:20 - [TEST_STEP][PASSED] - TaxType = findTestData(dataFile).getValue("TaxType", row): null

2024-03-08 02:03:20 - [TEST_STEP][PASSED] - PaymentType = findTestData(dataFile).getValue("PaymentType", row): null

2024-03-08 02:03:20 - [TEST_STEP][PASSED] - FilingYear = findTestData(dataFile).getValue("Year", row): null

2024-03-08 02:03:20 - [TEST_STEP][PASSED] - feinSSN = findTestData(dataFile).getValue("FeinSsn", row): null

2024-03-08 02:03:20 - [TEST_STEP][PASSED] - CRN = findTestData(dataFile).getValue("CRN", row): null

2024-03-08 02:03:20 - [TEST_STEP][PASSED] - if (ExecuteTC.equalsIgnoreCase("Y")): pages.WriteExcel.demoKey is PASSED

2024-03-08 02:03:20 - [TEST_STEP][PASSED] - out.println("Begin Record Number: " + row): null

2024-03-08 02:03:20 - [TEST_STEP][PASSED] - today = new java.util.Date(): null

2024-03-08 02:03:20 - [TEST_STEP][PASSED] - println(today): null

2024-03-08 02:03:20 - [TEST_STEP][PASSED] - datText = today: null

2024-03-08 02:03:20 - [TEST_STEP][PASSED] - logInfo("Payment Type: New Tax Return Amount Due"): Payment Type: New Tax Return Amount Due

2024-03-08 02:03:20 - [MESSAGE][INFO] - Payment Type: New Tax Return Amount Due

2024-03-08 02:03:20 - [TEST_STEP][PASSED] - logInfo("Tax Type: " + TaxType): Tax Type: Transportation Network Services

2024-03-08 02:03:20 - [MESSAGE][INFO] - Tax Type: Transportation Network Services

2024-03-08 02:03:20 - [TEST_STEP][PASSED] - openBrowser(""): Browser is opened with url: ''

2024-03-08 02:03:20 - [MESSAGE][WARNING] - A browser is already opened. Closing browser and opening a new one

2024-03-08 02:03:58 - [MESSAGE][INFO] - Starting 'Chrome' driver

2024-03-08 02:03:58 - [MESSAGE][INFO] - User set preference: ['acceptInsecureCerts', 'true']

2024-03-08 02:03:58 - [MESSAGE][INFO] - Action delay is set to 0 milliseconds

2024-03-08 02:03:59 - [MESSAGE][PASSED] - Browser is opened with url: ''

2024-03-08 02:03:59 - [TEST_STEP][PASSED] - maximizeWindow(): Current window maximized

2024-03-08 02:03:59 - [MESSAGE][PASSED] - Current window maximized

2024-03-08 02:03:59 - [TEST_STEP][PASSED] - navigateToUrl(RADurl): Navigate to 'https://qa2.velocitypayment.com/client/rad/index.html' successfully

2024-03-08 02:04:12 - [MESSAGE][PASSED] - Navigate to 'https://qa2.velocitypayment.com/client/rad/index.html' successfully

2024-03-08 02:04:12 - [TEST_STEP][PASSED] - selectOptionByLabel(findTestObject(orPath_Landing + "/dd_TaxType"), "New Tax Return Amount Due", false): All options with label 'New Tax Return Amount Due' are selected in object 'Object Repository/RAD_Pages/Landing_Page/dd_TaxType' 

2024-03-08 02:04:13 - [MESSAGE][PASSED] - All options with label 'New Tax Return Amount Due' are selected in object 'Object Repository/RAD_Pages/Landing_Page/dd_TaxType' 

2024-03-08 02:04:13 - [TEST_STEP][PASSED] - selectOptionByLabel(findTestObject("Object Repository/RAD_Pages/Landing_Page/select_NewTaxReturnAmountDue_TaxType"), TaxType, false): All options with label 'Transportation Network Services' are selected in object 'Object Repository/RAD_Pages/Landing_Page/select_NewTaxReturnAmountDue_TaxType' 

2024-03-08 02:04:14 - [MESSAGE][PASSED] - All options with label 'Transportation Network Services' are selected in object 'Object Repository/RAD_Pages/Landing_Page/select_NewTaxReturnAmountDue_TaxType' 

2024-03-08 02:04:14 - [TEST_STEP][PASSED] - selectOptionByLabel(findTestObject(orPath_TaxTypeFilingYear + "/select_FilingYear"), FilingYear, false): All options with label '2024' are selected in object 'Object Repository/RAD_Pages/TaxTypeFilingYear_Page/select_FilingYear' 

2024-03-08 02:04:14 - [MESSAGE][PASSED] - All options with label '2024' are selected in object 'Object Repository/RAD_Pages/TaxTypeFilingYear_Page/select_FilingYear' 

2024-03-08 02:04:14 - [TEST_STEP][PASSED] - setText(findTestObject(orPath_TaxPayer + "/input_businessName"), " "): Text ' ' is set on object 'Object Repository/RAD_Pages/Taxpayer_Page/input_businessName'

2024-03-08 02:04:15 - [MESSAGE][PASSED] - Text ' ' is set on object 'Object Repository/RAD_Pages/Taxpayer_Page/input_businessName'

2024-03-08 02:04:15 - [TEST_STEP][PASSED] - setText(findTestObject(orPath_TaxPayer + "/input_BusinessRepfirstName"), " "): Text ' ' is set on object 'Object Repository/RAD_Pages/Taxpayer_Page/input_BusinessRepfirstName'

2024-03-08 02:04:16 - [MESSAGE][PASSED] - Text ' ' is set on object 'Object Repository/RAD_Pages/Taxpayer_Page/input_BusinessRepfirstName'

2024-03-08 02:04:16 - [TEST_STEP][PASSED] - setText(findTestObject(orPath_TaxPayer + "/input_BusinessReplastName"), " "): Text ' ' is set on object 'Object Repository/RAD_Pages/Taxpayer_Page/input_BusinessReplastName'

2024-03-08 02:04:16 - [MESSAGE][PASSED] - Text ' ' is set on object 'Object Repository/RAD_Pages/Taxpayer_Page/input_BusinessReplastName'

2024-03-08 02:04:16 - [TEST_STEP][PASSED] - setText(findTestObject(orPath_AddressContact + "/input_streetAddress1"), " "): Text ' ' is set on object 'Object Repository/RAD_Pages/AddressAndContactInfo_Page/input_streetAddress1'

2024-03-08 02:04:17 - [MESSAGE][PASSED] - Text ' ' is set on object 'Object Repository/RAD_Pages/AddressAndContactInfo_Page/input_streetAddress1'

2024-03-08 02:04:17 - [TEST_STEP][PASSED] - setText(findTestObject(orPath_AddressContact + "/input_city"), " "): Text ' ' is set on object 'Object Repository/RAD_Pages/AddressAndContactInfo_Page/input_city'

2024-03-08 02:04:18 - [MESSAGE][PASSED] - Text ' ' is set on object 'Object Repository/RAD_Pages/AddressAndContactInfo_Page/input_city'

2024-03-08 02:04:18 - [TEST_STEP][PASSED] - setText(findTestObject(orPath_AddressContact + "/input_zipCode"), " "): Text ' ' is set on object 'Object Repository/RAD_Pages/AddressAndContactInfo_Page/input_zipCode'

2024-03-08 02:04:19 - [MESSAGE][PASSED] - Text ' ' is set on object 'Object Repository/RAD_Pages/AddressAndContactInfo_Page/input_zipCode'

2024-03-08 02:04:19 - [TEST_STEP][PASSED] - setText(findTestObject(orPath_AddressContact + "/input_phoneNumber"), " "): Text ' ' is set on object 'Object Repository/RAD_Pages/AddressAndContactInfo_Page/input_phoneNumber'

2024-03-08 02:04:19 - [MESSAGE][PASSED] - Text ' ' is set on object 'Object Repository/RAD_Pages/AddressAndContactInfo_Page/input_phoneNumber'

2024-03-08 02:04:19 - [TEST_STEP][PASSED] - setText(findTestObject(orPath_AddressContact + "/input_eMailAddress"), " "): Text ' ' is set on object 'Object Repository/RAD_Pages/AddressAndContactInfo_Page/input_eMailAddress'

2024-03-08 02:04:20 - [MESSAGE][PASSED] - Text ' ' is set on object 'Object Repository/RAD_Pages/AddressAndContactInfo_Page/input_eMailAddress'

2024-03-08 02:04:20 - [TEST_STEP][PASSED] - setText(findTestObject(orPath_AddressContact + "/input_reEnterEMailAddress"), " "): Text ' ' is set on object 'Object Repository/RAD_Pages/AddressAndContactInfo_Page/input_reEnterEMailAddress'

2024-03-08 02:04:21 - [MESSAGE][PASSED] - Text ' ' is set on object 'Object Repository/RAD_Pages/AddressAndContactInfo_Page/input_reEnterEMailAddress'

2024-03-08 02:04:21 - [TEST_STEP][PASSED] - if (TaxType.equalsIgnoreCase("Estate Tax")): null

2024-03-08 02:04:21 - [TEST_STEP][PASSED] - setText(findTestObject(orPath_Amount + "/input__paymentAmount"), ""): Text '' is set on object 'Object Repository/RAD_Pages/PaymentAmount_Page/input__paymentAmount'

2024-03-08 02:04:22 - [MESSAGE][PASSED] - Text '' is set on object 'Object Repository/RAD_Pages/PaymentAmount_Page/input__paymentAmount'

2024-03-08 02:04:22 - [TEST_STEP][PASSED] - resText = "Fail": null

2024-03-08 02:04:22 - [TEST_STEP][PASSED] - pages.WriteExcel.demoKey(resText, datText, resColumn, datCloumn, fileLoc, nameSheet, row): pages.WriteExcel.demoKey is PASSED

2024-03-08 02:04:22 - [MESSAGE][PASSED] - pages.WriteExcel.demoKey is PASSED

2024-03-08 02:04:22 - [TEST_STEP][PASSED] - verifyTextPresent("Enter business name", true, CONTINUE_ON_FAILURE): Text 'Enter business name' is present on page  using regular expression

2024-03-08 02:04:22 - [MESSAGE][PASSED] - Text 'Enter business name' is present on page  using regular expression

2024-03-08 02:04:22 - [TEST_STEP][PASSED] - verifyTextPresent("Enter business rep first name", true, CONTINUE_ON_FAILURE): Text 'Enter business rep first name' is present on page  using regular expression

2024-03-08 02:04:23 - [MESSAGE][PASSED] - Text 'Enter business rep first name' is present on page  using regular expression

2024-03-08 02:04:23 - [TEST_STEP][PASSED] - verifyTextPresent("Enter business rep last name", true, CONTINUE_ON_FAILURE): Text 'Enter business rep last name' is present on page  using regular expression

2024-03-08 02:04:23 - [MESSAGE][PASSED] - Text 'Enter business rep last name' is present on page  using regular expression

2024-03-08 02:04:23 - [TEST_STEP][PASSED] - verifyTextPresent("Enter address", true, CONTINUE_ON_FAILURE): Text 'Enter address' is present on page  using regular expression

2024-03-08 02:04:23 - [MESSAGE][PASSED] - Text 'Enter address' is present on page  using regular expression

2024-03-08 02:04:23 - [TEST_STEP][PASSED] - verifyTextPresent("Enter city", true, CONTINUE_ON_FAILURE): Text 'Enter city' is present on page  using regular expression

2024-03-08 02:04:24 - [MESSAGE][PASSED] - Text 'Enter city' is present on page  using regular expression

2024-03-08 02:04:24 - [TEST_STEP][PASSED] - verifyTextPresent("Enter ZIP code", true, CONTINUE_ON_FAILURE): Text 'Enter ZIP code' is present on page  using regular expression

2024-03-08 02:04:24 - [MESSAGE][PASSED] - Text 'Enter ZIP code' is present on page  using regular expression

2024-03-08 02:04:24 - [TEST_STEP][PASSED] - verifyTextPresent("Enter a valid phone number", true, CONTINUE_ON_FAILURE): Text 'Enter a valid phone number' is present on page  using regular expression

2024-03-08 02:04:24 - [MESSAGE][PASSED] - Text 'Enter a valid phone number' is present on page  using regular expression

2024-03-08 02:04:24 - [TEST_STEP][PASSED] - verifyTextPresent("Enter Email", true, CONTINUE_ON_FAILURE): Text 'Enter Email' is present on page  using regular expression

2024-03-08 02:04:25 - [MESSAGE][PASSED] - Text 'Enter Email' is present on page  using regular expression

2024-03-08 02:04:25 - [TEST_STEP][PASSED] - if (TaxType.equalsIgnoreCase("Estate Tax")): null

2024-03-08 02:04:25 - [TEST_STEP][PASSED] - if (CRN.equalsIgnoreCase("Y")): Text 'Enter valid MD Central Registration Number' is present on page  using regular expression

2024-03-08 02:04:25 - [TEST_STEP][PASSED] - setText(findTestObject(orPath_TaxInfo + "/input_MDCRegistration"), " "): Text ' ' is set on object 'Object Repository/RAD_Pages/TaxInfo_Page/input_MDCRegistration'

2024-03-08 02:04:25 - [MESSAGE][PASSED] - Text ' ' is set on object 'Object Repository/RAD_Pages/TaxInfo_Page/input_MDCRegistration'

2024-03-08 02:04:25 - [TEST_STEP][PASSED] - setText(findTestObject(orPath_Amount + "/input__paymentAmount"), ""): Text '' is set on object 'Object Repository/RAD_Pages/PaymentAmount_Page/input__paymentAmount'

2024-03-08 02:04:26 - [MESSAGE][PASSED] - Text '' is set on object 'Object Repository/RAD_Pages/PaymentAmount_Page/input__paymentAmount'

2024-03-08 02:04:26 - [TEST_STEP][PASSED] - verifyTextPresent("Enter valid MD Central Registration Number", true, CONTINUE_ON_FAILURE): Text 'Enter valid MD Central Registration Number' is present on page  using regular expression

2024-03-08 02:04:26 - [MESSAGE][PASSED] - Text 'Enter valid MD Central Registration Number' is present on page  using regular expression

2024-03-08 02:04:26 - [TEST_STEP][PASSED] - resText = "Pass": null

2024-03-08 02:04:26 - [TEST_STEP][PASSED] - pages.WriteExcel.demoKey(resText, datText, resColumn, datCloumn, fileLoc, nameSheet, row): pages.WriteExcel.demoKey is PASSED

2024-03-08 02:04:26 - [MESSAGE][PASSED] - pages.WriteExcel.demoKey is PASSED

2024-03-08 02:04:26 - [TEST_STEP][PASSED] - ExecuteTC = findTestData(dataFile).getValue("Execute", row): null

2024-03-08 02:04:26 - [TEST_STEP][PASSED] - TaxType = findTestData(dataFile).getValue("TaxType", row): null

2024-03-08 02:04:27 - [TEST_STEP][PASSED] - PaymentType = findTestData(dataFile).getValue("PaymentType", row): null

2024-03-08 02:04:27 - [TEST_STEP][PASSED] - FilingYear = findTestData(dataFile).getValue("Year", row): null

2024-03-08 02:04:27 - [TEST_STEP][PASSED] - feinSSN = findTestData(dataFile).getValue("FeinSsn", row): null

2024-03-08 02:04:27 - [TEST_STEP][PASSED] - CRN = findTestData(dataFile).getValue("CRN", row): null

2024-03-08 02:04:27 - [TEST_STEP][PASSED] - if (ExecuteTC.equalsIgnoreCase("Y")): pages.WriteExcel.demoKey is PASSED

2024-03-08 02:04:27 - [TEST_STEP][PASSED] - out.println("Begin Record Number: " + row): null

2024-03-08 02:04:27 - [TEST_STEP][PASSED] - today = new java.util.Date(): null

2024-03-08 02:04:27 - [TEST_STEP][PASSED] - println(today): null

2024-03-08 02:04:27 - [TEST_STEP][PASSED] - datText = today: null

2024-03-08 02:04:27 - [TEST_STEP][PASSED] - logInfo("Payment Type: New Tax Return Amount Due"): Payment Type: New Tax Return Amount Due

2024-03-08 02:04:27 - [MESSAGE][INFO] - Payment Type: New Tax Return Amount Due

2024-03-08 02:04:27 - [TEST_STEP][PASSED] - logInfo("Tax Type: " + TaxType): Tax Type: Unclaimed Property

2024-03-08 02:04:27 - [MESSAGE][INFO] - Tax Type: Unclaimed Property

2024-03-08 02:04:27 - [TEST_STEP][PASSED] - openBrowser(""): Browser is opened with url: ''

2024-03-08 02:04:27 - [MESSAGE][WARNING] - A browser is already opened. Closing browser and opening a new one

2024-03-08 02:04:50 - [MESSAGE][INFO] - Starting 'Chrome' driver

2024-03-08 02:04:50 - [MESSAGE][INFO] - User set preference: ['acceptInsecureCerts', 'true']

2024-03-08 02:04:50 - [MESSAGE][INFO] - Action delay is set to 0 milliseconds

2024-03-08 02:04:51 - [MESSAGE][PASSED] - Browser is opened with url: ''

2024-03-08 02:04:51 - [TEST_STEP][PASSED] - maximizeWindow(): Current window maximized

2024-03-08 02:04:51 - [MESSAGE][PASSED] - Current window maximized

2024-03-08 02:04:51 - [TEST_STEP][PASSED] - navigateToUrl(RADurl): Navigate to 'https://qa2.velocitypayment.com/client/rad/index.html' successfully

2024-03-08 02:04:58 - [MESSAGE][PASSED] - Navigate to 'https://qa2.velocitypayment.com/client/rad/index.html' successfully

2024-03-08 02:04:58 - [TEST_STEP][PASSED] - selectOptionByLabel(findTestObject(orPath_Landing + "/dd_TaxType"), "New Tax Return Amount Due", false): All options with label 'New Tax Return Amount Due' are selected in object 'Object Repository/RAD_Pages/Landing_Page/dd_TaxType' 

2024-03-08 02:04:58 - [MESSAGE][PASSED] - All options with label 'New Tax Return Amount Due' are selected in object 'Object Repository/RAD_Pages/Landing_Page/dd_TaxType' 

2024-03-08 02:04:58 - [TEST_STEP][PASSED] - selectOptionByLabel(findTestObject("Object Repository/RAD_Pages/Landing_Page/select_NewTaxReturnAmountDue_TaxType"), TaxType, false): All options with label 'Unclaimed Property' are selected in object 'Object Repository/RAD_Pages/Landing_Page/select_NewTaxReturnAmountDue_TaxType' 

2024-03-08 02:04:59 - [MESSAGE][PASSED] - All options with label 'Unclaimed Property' are selected in object 'Object Repository/RAD_Pages/Landing_Page/select_NewTaxReturnAmountDue_TaxType' 

2024-03-08 02:04:59 - [TEST_STEP][PASSED] - selectOptionByLabel(findTestObject(orPath_TaxTypeFilingYear + "/select_FilingYear"), FilingYear, false): All options with label '2023' are selected in object 'Object Repository/RAD_Pages/TaxTypeFilingYear_Page/select_FilingYear' 

2024-03-08 02:05:00 - [MESSAGE][PASSED] - All options with label '2023' are selected in object 'Object Repository/RAD_Pages/TaxTypeFilingYear_Page/select_FilingYear' 

2024-03-08 02:05:00 - [TEST_STEP][PASSED] - setText(findTestObject(orPath_TaxPayer + "/input_businessName"), " "): Text ' ' is set on object 'Object Repository/RAD_Pages/Taxpayer_Page/input_businessName'

2024-03-08 02:05:01 - [MESSAGE][PASSED] - Text ' ' is set on object 'Object Repository/RAD_Pages/Taxpayer_Page/input_businessName'

2024-03-08 02:05:01 - [TEST_STEP][PASSED] - setText(findTestObject(orPath_TaxPayer + "/input_BusinessRepfirstName"), " "): Text ' ' is set on object 'Object Repository/RAD_Pages/Taxpayer_Page/input_BusinessRepfirstName'

2024-03-08 02:05:01 - [MESSAGE][PASSED] - Text ' ' is set on object 'Object Repository/RAD_Pages/Taxpayer_Page/input_BusinessRepfirstName'

2024-03-08 02:05:01 - [TEST_STEP][PASSED] - setText(findTestObject(orPath_TaxPayer + "/input_BusinessReplastName"), " "): Text ' ' is set on object 'Object Repository/RAD_Pages/Taxpayer_Page/input_BusinessReplastName'

2024-03-08 02:05:02 - [MESSAGE][PASSED] - Text ' ' is set on object 'Object Repository/RAD_Pages/Taxpayer_Page/input_BusinessReplastName'

2024-03-08 02:05:02 - [TEST_STEP][PASSED] - setText(findTestObject(orPath_AddressContact + "/input_streetAddress1"), " "): Text ' ' is set on object 'Object Repository/RAD_Pages/AddressAndContactInfo_Page/input_streetAddress1'

2024-03-08 02:05:03 - [MESSAGE][PASSED] - Text ' ' is set on object 'Object Repository/RAD_Pages/AddressAndContactInfo_Page/input_streetAddress1'

2024-03-08 02:05:03 - [TEST_STEP][PASSED] - setText(findTestObject(orPath_AddressContact + "/input_city"), " "): Text ' ' is set on object 'Object Repository/RAD_Pages/AddressAndContactInfo_Page/input_city'

2024-03-08 02:05:03 - [MESSAGE][PASSED] - Text ' ' is set on object 'Object Repository/RAD_Pages/AddressAndContactInfo_Page/input_city'

2024-03-08 02:05:03 - [TEST_STEP][PASSED] - setText(findTestObject(orPath_AddressContact + "/input_zipCode"), " "): Text ' ' is set on object 'Object Repository/RAD_Pages/AddressAndContactInfo_Page/input_zipCode'

2024-03-08 02:05:04 - [MESSAGE][PASSED] - Text ' ' is set on object 'Object Repository/RAD_Pages/AddressAndContactInfo_Page/input_zipCode'

2024-03-08 02:05:04 - [TEST_STEP][PASSED] - setText(findTestObject(orPath_AddressContact + "/input_phoneNumber"), " "): Text ' ' is set on object 'Object Repository/RAD_Pages/AddressAndContactInfo_Page/input_phoneNumber'

2024-03-08 02:05:05 - [MESSAGE][PASSED] - Text ' ' is set on object 'Object Repository/RAD_Pages/AddressAndContactInfo_Page/input_phoneNumber'

2024-03-08 02:05:05 - [TEST_STEP][PASSED] - setText(findTestObject(orPath_AddressContact + "/input_eMailAddress"), " "): Text ' ' is set on object 'Object Repository/RAD_Pages/AddressAndContactInfo_Page/input_eMailAddress'

2024-03-08 02:05:06 - [MESSAGE][PASSED] - Text ' ' is set on object 'Object Repository/RAD_Pages/AddressAndContactInfo_Page/input_eMailAddress'

2024-03-08 02:05:06 - [TEST_STEP][PASSED] - setText(findTestObject(orPath_AddressContact + "/input_reEnterEMailAddress"), " "): Text ' ' is set on object 'Object Repository/RAD_Pages/AddressAndContactInfo_Page/input_reEnterEMailAddress'

2024-03-08 02:05:06 - [MESSAGE][PASSED] - Text ' ' is set on object 'Object Repository/RAD_Pages/AddressAndContactInfo_Page/input_reEnterEMailAddress'

2024-03-08 02:05:06 - [TEST_STEP][PASSED] - if (TaxType.equalsIgnoreCase("Estate Tax")): null

2024-03-08 02:05:06 - [TEST_STEP][PASSED] - setText(findTestObject(orPath_Amount + "/input__paymentAmount"), ""): Text '' is set on object 'Object Repository/RAD_Pages/PaymentAmount_Page/input__paymentAmount'

2024-03-08 02:05:07 - [MESSAGE][PASSED] - Text '' is set on object 'Object Repository/RAD_Pages/PaymentAmount_Page/input__paymentAmount'

2024-03-08 02:05:07 - [TEST_STEP][PASSED] - resText = "Fail": null

2024-03-08 02:05:07 - [TEST_STEP][PASSED] - pages.WriteExcel.demoKey(resText, datText, resColumn, datCloumn, fileLoc, nameSheet, row): pages.WriteExcel.demoKey is PASSED

2024-03-08 02:05:07 - [MESSAGE][PASSED] - pages.WriteExcel.demoKey is PASSED

2024-03-08 02:05:07 - [TEST_STEP][PASSED] - verifyTextPresent("Enter business name", true, CONTINUE_ON_FAILURE): Text 'Enter business name' is present on page  using regular expression

2024-03-08 02:05:08 - [MESSAGE][PASSED] - Text 'Enter business name' is present on page  using regular expression

2024-03-08 02:05:08 - [TEST_STEP][PASSED] - verifyTextPresent("Enter business rep first name", true, CONTINUE_ON_FAILURE): Text 'Enter business rep first name' is present on page  using regular expression

2024-03-08 02:05:08 - [MESSAGE][PASSED] - Text 'Enter business rep first name' is present on page  using regular expression

2024-03-08 02:05:08 - [TEST_STEP][PASSED] - verifyTextPresent("Enter business rep last name", true, CONTINUE_ON_FAILURE): Text 'Enter business rep last name' is present on page  using regular expression

2024-03-08 02:05:08 - [MESSAGE][PASSED] - Text 'Enter business rep last name' is present on page  using regular expression

2024-03-08 02:05:08 - [TEST_STEP][PASSED] - verifyTextPresent("Enter address", true, CONTINUE_ON_FAILURE): Text 'Enter address' is present on page  using regular expression

2024-03-08 02:05:09 - [MESSAGE][PASSED] - Text 'Enter address' is present on page  using regular expression

2024-03-08 02:05:09 - [TEST_STEP][PASSED] - verifyTextPresent("Enter city", true, CONTINUE_ON_FAILURE): Text 'Enter city' is present on page  using regular expression

2024-03-08 02:05:09 - [MESSAGE][PASSED] - Text 'Enter city' is present on page  using regular expression

2024-03-08 02:05:09 - [TEST_STEP][PASSED] - verifyTextPresent("Enter ZIP code", true, CONTINUE_ON_FAILURE): Text 'Enter ZIP code' is present on page  using regular expression

2024-03-08 02:05:09 - [MESSAGE][PASSED] - Text 'Enter ZIP code' is present on page  using regular expression

2024-03-08 02:05:09 - [TEST_STEP][PASSED] - verifyTextPresent("Enter a valid phone number", true, CONTINUE_ON_FAILURE): Text 'Enter a valid phone number' is present on page  using regular expression

2024-03-08 02:05:10 - [MESSAGE][PASSED] - Text 'Enter a valid phone number' is present on page  using regular expression

2024-03-08 02:05:10 - [TEST_STEP][PASSED] - verifyTextPresent("Enter Email", true, CONTINUE_ON_FAILURE): Text 'Enter Email' is present on page  using regular expression

2024-03-08 02:05:10 - [MESSAGE][PASSED] - Text 'Enter Email' is present on page  using regular expression

2024-03-08 02:05:10 - [TEST_STEP][PASSED] - if (TaxType.equalsIgnoreCase("Estate Tax")): null

2024-03-08 02:05:10 - [TEST_STEP][PASSED] - if (CRN.equalsIgnoreCase("Y")): null

2024-03-08 02:05:10 - [TEST_STEP][PASSED] - resText = "Pass": null

2024-03-08 02:05:10 - [TEST_STEP][PASSED] - pages.WriteExcel.demoKey(resText, datText, resColumn, datCloumn, fileLoc, nameSheet, row): pages.WriteExcel.demoKey is PASSED

2024-03-08 02:05:10 - [MESSAGE][PASSED] - pages.WriteExcel.demoKey is PASSED

2024-03-08 02:05:10 - [TEST_STEP][PASSED] - ExecuteTC = findTestData(dataFile).getValue("Execute", row): null

2024-03-08 02:05:10 - [TEST_STEP][PASSED] - TaxType = findTestData(dataFile).getValue("TaxType", row): null

2024-03-08 02:05:10 - [TEST_STEP][PASSED] - PaymentType = findTestData(dataFile).getValue("PaymentType", row): null

2024-03-08 02:05:10 - [TEST_STEP][PASSED] - FilingYear = findTestData(dataFile).getValue("Year", row): null

2024-03-08 02:05:10 - [TEST_STEP][PASSED] - feinSSN = findTestData(dataFile).getValue("FeinSsn", row): null

2024-03-08 02:05:11 - [TEST_STEP][PASSED] - CRN = findTestData(dataFile).getValue("CRN", row): null

2024-03-08 02:05:11 - [TEST_STEP][PASSED] - if (ExecuteTC.equalsIgnoreCase("Y")): pages.WriteExcel.demoKey is PASSED

2024-03-08 02:05:11 - [TEST_STEP][PASSED] - out.println("Begin Record Number: " + row): null

2024-03-08 02:05:11 - [TEST_STEP][PASSED] - today = new java.util.Date(): null

2024-03-08 02:05:11 - [TEST_STEP][PASSED] - println(today): null

2024-03-08 02:05:11 - [TEST_STEP][PASSED] - datText = today: null

2024-03-08 02:05:11 - [TEST_STEP][PASSED] - logInfo("Payment Type: New Tax Return Amount Due"): Payment Type: New Tax Return Amount Due

2024-03-08 02:05:11 - [MESSAGE][INFO] - Payment Type: New Tax Return Amount Due

2024-03-08 02:05:11 - [TEST_STEP][PASSED] - logInfo("Tax Type: " + TaxType): Tax Type: Withholding Tax

2024-03-08 02:05:11 - [MESSAGE][INFO] - Tax Type: Withholding Tax

2024-03-08 02:05:11 - [TEST_STEP][PASSED] - openBrowser(""): Browser is opened with url: ''

2024-03-08 02:05:11 - [MESSAGE][WARNING] - A browser is already opened. Closing browser and opening a new one

2024-03-08 02:05:33 - [MESSAGE][INFO] - Starting 'Chrome' driver

2024-03-08 02:05:33 - [MESSAGE][INFO] - User set preference: ['acceptInsecureCerts', 'true']

2024-03-08 02:05:33 - [MESSAGE][INFO] - Action delay is set to 0 milliseconds

2024-03-08 02:05:35 - [MESSAGE][PASSED] - Browser is opened with url: ''

2024-03-08 02:05:35 - [TEST_STEP][PASSED] - maximizeWindow(): Current window maximized

2024-03-08 02:05:35 - [MESSAGE][PASSED] - Current window maximized

2024-03-08 02:05:35 - [TEST_STEP][PASSED] - navigateToUrl(RADurl): Navigate to 'https://qa2.velocitypayment.com/client/rad/index.html' successfully

2024-03-08 02:05:37 - [MESSAGE][PASSED] - Navigate to 'https://qa2.velocitypayment.com/client/rad/index.html' successfully

2024-03-08 02:05:37 - [TEST_STEP][PASSED] - selectOptionByLabel(findTestObject(orPath_Landing + "/dd_TaxType"), "New Tax Return Amount Due", false): All options with label 'New Tax Return Amount Due' are selected in object 'Object Repository/RAD_Pages/Landing_Page/dd_TaxType' 

2024-03-08 02:05:38 - [MESSAGE][PASSED] - All options with label 'New Tax Return Amount Due' are selected in object 'Object Repository/RAD_Pages/Landing_Page/dd_TaxType' 

2024-03-08 02:05:38 - [TEST_STEP][PASSED] - selectOptionByLabel(findTestObject("Object Repository/RAD_Pages/Landing_Page/select_NewTaxReturnAmountDue_TaxType"), TaxType, false): All options with label 'Withholding Tax' are selected in object 'Object Repository/RAD_Pages/Landing_Page/select_NewTaxReturnAmountDue_TaxType' 

2024-03-08 02:05:39 - [MESSAGE][PASSED] - All options with label 'Withholding Tax' are selected in object 'Object Repository/RAD_Pages/Landing_Page/select_NewTaxReturnAmountDue_TaxType' 

2024-03-08 02:05:39 - [TEST_STEP][PASSED] - selectOptionByLabel(findTestObject(orPath_TaxTypeFilingYear + "/select_FilingYear"), FilingYear, false): All options with label '2023' are selected in object 'Object Repository/RAD_Pages/TaxTypeFilingYear_Page/select_FilingYear' 

2024-03-08 02:05:40 - [MESSAGE][PASSED] - All options with label '2023' are selected in object 'Object Repository/RAD_Pages/TaxTypeFilingYear_Page/select_FilingYear' 

2024-03-08 02:05:40 - [TEST_STEP][PASSED] - setText(findTestObject(orPath_TaxPayer + "/input_businessName"), " "): Text ' ' is set on object 'Object Repository/RAD_Pages/Taxpayer_Page/input_businessName'

2024-03-08 02:05:40 - [MESSAGE][PASSED] - Text ' ' is set on object 'Object Repository/RAD_Pages/Taxpayer_Page/input_businessName'

2024-03-08 02:05:40 - [TEST_STEP][PASSED] - setText(findTestObject(orPath_TaxPayer + "/input_BusinessRepfirstName"), " "): Text ' ' is set on object 'Object Repository/RAD_Pages/Taxpayer_Page/input_BusinessRepfirstName'

2024-03-08 02:05:41 - [MESSAGE][PASSED] - Text ' ' is set on object 'Object Repository/RAD_Pages/Taxpayer_Page/input_BusinessRepfirstName'

2024-03-08 02:05:41 - [TEST_STEP][PASSED] - setText(findTestObject(orPath_TaxPayer + "/input_BusinessReplastName"), " "): Text ' ' is set on object 'Object Repository/RAD_Pages/Taxpayer_Page/input_BusinessReplastName'

2024-03-08 02:05:42 - [MESSAGE][PASSED] - Text ' ' is set on object 'Object Repository/RAD_Pages/Taxpayer_Page/input_BusinessReplastName'

2024-03-08 02:05:42 - [TEST_STEP][PASSED] - setText(findTestObject(orPath_AddressContact + "/input_streetAddress1"), " "): Text ' ' is set on object 'Object Repository/RAD_Pages/AddressAndContactInfo_Page/input_streetAddress1'

2024-03-08 02:05:42 - [MESSAGE][PASSED] - Text ' ' is set on object 'Object Repository/RAD_Pages/AddressAndContactInfo_Page/input_streetAddress1'

2024-03-08 02:05:42 - [TEST_STEP][PASSED] - setText(findTestObject(orPath_AddressContact + "/input_city"), " "): Text ' ' is set on object 'Object Repository/RAD_Pages/AddressAndContactInfo_Page/input_city'

2024-03-08 02:05:43 - [MESSAGE][PASSED] - Text ' ' is set on object 'Object Repository/RAD_Pages/AddressAndContactInfo_Page/input_city'

2024-03-08 02:05:43 - [TEST_STEP][PASSED] - setText(findTestObject(orPath_AddressContact + "/input_zipCode"), " "): Text ' ' is set on object 'Object Repository/RAD_Pages/AddressAndContactInfo_Page/input_zipCode'

2024-03-08 02:05:44 - [MESSAGE][PASSED] - Text ' ' is set on object 'Object Repository/RAD_Pages/AddressAndContactInfo_Page/input_zipCode'

2024-03-08 02:05:44 - [TEST_STEP][PASSED] - setText(findTestObject(orPath_AddressContact + "/input_phoneNumber"), " "): Text ' ' is set on object 'Object Repository/RAD_Pages/AddressAndContactInfo_Page/input_phoneNumber'

2024-03-08 02:05:45 - [MESSAGE][PASSED] - Text ' ' is set on object 'Object Repository/RAD_Pages/AddressAndContactInfo_Page/input_phoneNumber'

2024-03-08 02:05:45 - [TEST_STEP][PASSED] - setText(findTestObject(orPath_AddressContact + "/input_eMailAddress"), " "): Text ' ' is set on object 'Object Repository/RAD_Pages/AddressAndContactInfo_Page/input_eMailAddress'

2024-03-08 02:05:45 - [MESSAGE][PASSED] - Text ' ' is set on object 'Object Repository/RAD_Pages/AddressAndContactInfo_Page/input_eMailAddress'

2024-03-08 02:05:45 - [TEST_STEP][PASSED] - setText(findTestObject(orPath_AddressContact + "/input_reEnterEMailAddress"), " "): Text ' ' is set on object 'Object Repository/RAD_Pages/AddressAndContactInfo_Page/input_reEnterEMailAddress'

2024-03-08 02:05:46 - [MESSAGE][PASSED] - Text ' ' is set on object 'Object Repository/RAD_Pages/AddressAndContactInfo_Page/input_reEnterEMailAddress'

2024-03-08 02:05:46 - [TEST_STEP][PASSED] - if (TaxType.equalsIgnoreCase("Estate Tax")): null

2024-03-08 02:05:46 - [TEST_STEP][PASSED] - setText(findTestObject(orPath_Amount + "/input__paymentAmount"), ""): Text '' is set on object 'Object Repository/RAD_Pages/PaymentAmount_Page/input__paymentAmount'

2024-03-08 02:05:47 - [MESSAGE][PASSED] - Text '' is set on object 'Object Repository/RAD_Pages/PaymentAmount_Page/input__paymentAmount'

2024-03-08 02:05:47 - [TEST_STEP][PASSED] - resText = "Fail": null

2024-03-08 02:05:47 - [TEST_STEP][PASSED] - pages.WriteExcel.demoKey(resText, datText, resColumn, datCloumn, fileLoc, nameSheet, row): pages.WriteExcel.demoKey is PASSED

2024-03-08 02:05:47 - [MESSAGE][PASSED] - pages.WriteExcel.demoKey is PASSED

2024-03-08 02:05:47 - [TEST_STEP][PASSED] - verifyTextPresent("Enter business name", true, CONTINUE_ON_FAILURE): Text 'Enter business name' is present on page  using regular expression

2024-03-08 02:05:47 - [MESSAGE][PASSED] - Text 'Enter business name' is present on page  using regular expression

2024-03-08 02:05:47 - [TEST_STEP][PASSED] - verifyTextPresent("Enter business rep first name", true, CONTINUE_ON_FAILURE): Text 'Enter business rep first name' is present on page  using regular expression

2024-03-08 02:05:48 - [MESSAGE][PASSED] - Text 'Enter business rep first name' is present on page  using regular expression

2024-03-08 02:05:48 - [TEST_STEP][PASSED] - verifyTextPresent("Enter business rep last name", true, CONTINUE_ON_FAILURE): Text 'Enter business rep last name' is present on page  using regular expression

2024-03-08 02:05:48 - [MESSAGE][PASSED] - Text 'Enter business rep last name' is present on page  using regular expression

2024-03-08 02:05:48 - [TEST_STEP][PASSED] - verifyTextPresent("Enter address", true, CONTINUE_ON_FAILURE): Text 'Enter address' is present on page  using regular expression

2024-03-08 02:05:49 - [MESSAGE][PASSED] - Text 'Enter address' is present on page  using regular expression

2024-03-08 02:05:49 - [TEST_STEP][PASSED] - verifyTextPresent("Enter city", true, CONTINUE_ON_FAILURE): Text 'Enter city' is present on page  using regular expression

2024-03-08 02:05:49 - [MESSAGE][PASSED] - Text 'Enter city' is present on page  using regular expression

2024-03-08 02:05:49 - [TEST_STEP][PASSED] - verifyTextPresent("Enter ZIP code", true, CONTINUE_ON_FAILURE): Text 'Enter ZIP code' is present on page  using regular expression

2024-03-08 02:05:49 - [MESSAGE][PASSED] - Text 'Enter ZIP code' is present on page  using regular expression

2024-03-08 02:05:49 - [TEST_STEP][PASSED] - verifyTextPresent("Enter a valid phone number", true, CONTINUE_ON_FAILURE): Text 'Enter a valid phone number' is present on page  using regular expression

2024-03-08 02:05:50 - [MESSAGE][PASSED] - Text 'Enter a valid phone number' is present on page  using regular expression

2024-03-08 02:05:50 - [TEST_STEP][PASSED] - verifyTextPresent("Enter Email", true, CONTINUE_ON_FAILURE): Text 'Enter Email' is present on page  using regular expression

2024-03-08 02:05:50 - [MESSAGE][PASSED] - Text 'Enter Email' is present on page  using regular expression

2024-03-08 02:05:50 - [TEST_STEP][PASSED] - if (TaxType.equalsIgnoreCase("Estate Tax")): null

2024-03-08 02:05:50 - [TEST_STEP][PASSED] - if (CRN.equalsIgnoreCase("Y")): Text 'Enter valid MD Central Registration Number' is present on page  using regular expression

2024-03-08 02:05:50 - [TEST_STEP][PASSED] - setText(findTestObject(orPath_TaxInfo + "/input_MDCRegistration"), " "): Text ' ' is set on object 'Object Repository/RAD_Pages/TaxInfo_Page/input_MDCRegistration'

2024-03-08 02:05:51 - [MESSAGE][PASSED] - Text ' ' is set on object 'Object Repository/RAD_Pages/TaxInfo_Page/input_MDCRegistration'

2024-03-08 02:05:51 - [TEST_STEP][PASSED] - setText(findTestObject(orPath_Amount + "/input__paymentAmount"), ""): Text '' is set on object 'Object Repository/RAD_Pages/PaymentAmount_Page/input__paymentAmount'

2024-03-08 02:05:51 - [MESSAGE][PASSED] - Text '' is set on object 'Object Repository/RAD_Pages/PaymentAmount_Page/input__paymentAmount'

2024-03-08 02:05:51 - [TEST_STEP][PASSED] - verifyTextPresent("Enter valid MD Central Registration Number", true, CONTINUE_ON_FAILURE): Text 'Enter valid MD Central Registration Number' is present on page  using regular expression

2024-03-08 02:05:52 - [MESSAGE][PASSED] - Text 'Enter valid MD Central Registration Number' is present on page  using regular expression

2024-03-08 02:05:52 - [TEST_STEP][PASSED] - resText = "Pass": null

2024-03-08 02:05:52 - [TEST_STEP][PASSED] - pages.WriteExcel.demoKey(resText, datText, resColumn, datCloumn, fileLoc, nameSheet, row): pages.WriteExcel.demoKey is PASSED

2024-03-08 02:05:52 - [MESSAGE][PASSED] - pages.WriteExcel.demoKey is PASSED

2024-03-08 02:05:52 - [TEST_STEP][PASSED] - ExecuteTC = findTestData(dataFile).getValue("Execute", row): null

2024-03-08 02:05:52 - [TEST_STEP][PASSED] - TaxType = findTestData(dataFile).getValue("TaxType", row): null

2024-03-08 02:05:52 - [TEST_STEP][PASSED] - PaymentType = findTestData(dataFile).getValue("PaymentType", row): null

2024-03-08 02:05:52 - [TEST_STEP][PASSED] - FilingYear = findTestData(dataFile).getValue("Year", row): null

2024-03-08 02:05:52 - [TEST_STEP][PASSED] - feinSSN = findTestData(dataFile).getValue("FeinSsn", row): null

2024-03-08 02:05:52 - [TEST_STEP][PASSED] - CRN = findTestData(dataFile).getValue("CRN", row): null

2024-03-08 02:05:52 - [TEST_STEP][PASSED] - if (ExecuteTC.equalsIgnoreCase("Y")): pages.WriteExcel.demoKey is PASSED

2024-03-08 02:05:52 - [TEST_STEP][PASSED] - out.println("Begin Record Number: " + row): null

2024-03-08 02:05:52 - [TEST_STEP][PASSED] - today = new java.util.Date(): null

2024-03-08 02:05:52 - [TEST_STEP][PASSED] - println(today): null

2024-03-08 02:05:52 - [TEST_STEP][PASSED] - datText = today: null

2024-03-08 02:05:52 - [TEST_STEP][PASSED] - logInfo("Payment Type: New Tax Return Amount Due"): Payment Type: New Tax Return Amount Due

2024-03-08 02:05:52 - [MESSAGE][INFO] - Payment Type: New Tax Return Amount Due

2024-03-08 02:05:52 - [TEST_STEP][PASSED] - logInfo("Tax Type: " + TaxType): Tax Type: Admissions and Amusement Tax

2024-03-08 02:05:52 - [MESSAGE][INFO] - Tax Type: Admissions and Amusement Tax

2024-03-08 02:05:52 - [TEST_STEP][PASSED] - openBrowser(""): Browser is opened with url: ''

2024-03-08 02:05:52 - [MESSAGE][WARNING] - A browser is already opened. Closing browser and opening a new one

2024-03-08 02:06:21 - [MESSAGE][INFO] - Starting 'Chrome' driver

2024-03-08 02:06:21 - [MESSAGE][INFO] - User set preference: ['acceptInsecureCerts', 'true']

2024-03-08 02:06:21 - [MESSAGE][INFO] - Action delay is set to 0 milliseconds

2024-03-08 02:06:23 - [MESSAGE][PASSED] - Browser is opened with url: ''

2024-03-08 02:06:23 - [TEST_STEP][PASSED] - maximizeWindow(): Current window maximized

2024-03-08 02:06:23 - [MESSAGE][PASSED] - Current window maximized

2024-03-08 02:06:23 - [TEST_STEP][PASSED] - navigateToUrl(RADurl): Navigate to 'https://qa2.velocitypayment.com/client/rad/index.html' successfully

2024-03-08 02:06:24 - [MESSAGE][PASSED] - Navigate to 'https://qa2.velocitypayment.com/client/rad/index.html' successfully

2024-03-08 02:06:24 - [TEST_STEP][PASSED] - selectOptionByLabel(findTestObject(orPath_Landing + "/dd_TaxType"), "New Tax Return Amount Due", false): All options with label 'New Tax Return Amount Due' are selected in object 'Object Repository/RAD_Pages/Landing_Page/dd_TaxType' 

2024-03-08 02:06:25 - [MESSAGE][PASSED] - All options with label 'New Tax Return Amount Due' are selected in object 'Object Repository/RAD_Pages/Landing_Page/dd_TaxType' 

2024-03-08 02:06:25 - [TEST_STEP][PASSED] - selectOptionByLabel(findTestObject("Object Repository/RAD_Pages/Landing_Page/select_NewTaxReturnAmountDue_TaxType"), TaxType, false): All options with label 'Admissions and Amusement Tax' are selected in object 'Object Repository/RAD_Pages/Landing_Page/select_NewTaxReturnAmountDue_TaxType' 

2024-03-08 02:06:26 - [MESSAGE][PASSED] - All options with label 'Admissions and Amusement Tax' are selected in object 'Object Repository/RAD_Pages/Landing_Page/select_NewTaxReturnAmountDue_TaxType' 

2024-03-08 02:06:26 - [TEST_STEP][PASSED] - selectOptionByLabel(findTestObject(orPath_TaxTypeFilingYear + "/select_FilingYear"), FilingYear, false): All options with label '2022' are selected in object 'Object Repository/RAD_Pages/TaxTypeFilingYear_Page/select_FilingYear' 

2024-03-08 02:06:27 - [MESSAGE][PASSED] - All options with label '2022' are selected in object 'Object Repository/RAD_Pages/TaxTypeFilingYear_Page/select_FilingYear' 

2024-03-08 02:06:27 - [TEST_STEP][PASSED] - setText(findTestObject(orPath_TaxPayer + "/input_businessName"), " "): Text ' ' is set on object 'Object Repository/RAD_Pages/Taxpayer_Page/input_businessName'

2024-03-08 02:06:27 - [MESSAGE][PASSED] - Text ' ' is set on object 'Object Repository/RAD_Pages/Taxpayer_Page/input_businessName'

2024-03-08 02:06:27 - [TEST_STEP][PASSED] - setText(findTestObject(orPath_TaxPayer + "/input_BusinessRepfirstName"), " "): Text ' ' is set on object 'Object Repository/RAD_Pages/Taxpayer_Page/input_BusinessRepfirstName'

2024-03-08 02:06:28 - [MESSAGE][PASSED] - Text ' ' is set on object 'Object Repository/RAD_Pages/Taxpayer_Page/input_BusinessRepfirstName'

2024-03-08 02:06:28 - [TEST_STEP][PASSED] - setText(findTestObject(orPath_TaxPayer + "/input_BusinessReplastName"), " "): Text ' ' is set on object 'Object Repository/RAD_Pages/Taxpayer_Page/input_BusinessReplastName'

2024-03-08 02:06:29 - [MESSAGE][PASSED] - Text ' ' is set on object 'Object Repository/RAD_Pages/Taxpayer_Page/input_BusinessReplastName'

2024-03-08 02:06:29 - [TEST_STEP][PASSED] - setText(findTestObject(orPath_AddressContact + "/input_streetAddress1"), " "): Text ' ' is set on object 'Object Repository/RAD_Pages/AddressAndContactInfo_Page/input_streetAddress1'

2024-03-08 02:06:29 - [MESSAGE][PASSED] - Text ' ' is set on object 'Object Repository/RAD_Pages/AddressAndContactInfo_Page/input_streetAddress1'

2024-03-08 02:06:29 - [TEST_STEP][PASSED] - setText(findTestObject(orPath_AddressContact + "/input_city"), " "): Text ' ' is set on object 'Object Repository/RAD_Pages/AddressAndContactInfo_Page/input_city'

2024-03-08 02:06:30 - [MESSAGE][PASSED] - Text ' ' is set on object 'Object Repository/RAD_Pages/AddressAndContactInfo_Page/input_city'

2024-03-08 02:06:30 - [TEST_STEP][PASSED] - setText(findTestObject(orPath_AddressContact + "/input_zipCode"), " "): Text ' ' is set on object 'Object Repository/RAD_Pages/AddressAndContactInfo_Page/input_zipCode'

2024-03-08 02:06:31 - [MESSAGE][PASSED] - Text ' ' is set on object 'Object Repository/RAD_Pages/AddressAndContactInfo_Page/input_zipCode'

2024-03-08 02:06:31 - [TEST_STEP][PASSED] - setText(findTestObject(orPath_AddressContact + "/input_phoneNumber"), " "): Text ' ' is set on object 'Object Repository/RAD_Pages/AddressAndContactInfo_Page/input_phoneNumber'

2024-03-08 02:06:31 - [MESSAGE][PASSED] - Text ' ' is set on object 'Object Repository/RAD_Pages/AddressAndContactInfo_Page/input_phoneNumber'

2024-03-08 02:06:31 - [TEST_STEP][PASSED] - setText(findTestObject(orPath_AddressContact + "/input_eMailAddress"), " "): Text ' ' is set on object 'Object Repository/RAD_Pages/AddressAndContactInfo_Page/input_eMailAddress'

2024-03-08 02:06:32 - [MESSAGE][PASSED] - Text ' ' is set on object 'Object Repository/RAD_Pages/AddressAndContactInfo_Page/input_eMailAddress'

2024-03-08 02:06:32 - [TEST_STEP][PASSED] - setText(findTestObject(orPath_AddressContact + "/input_reEnterEMailAddress"), " "): Text ' ' is set on object 'Object Repository/RAD_Pages/AddressAndContactInfo_Page/input_reEnterEMailAddress'

2024-03-08 02:06:33 - [MESSAGE][PASSED] - Text ' ' is set on object 'Object Repository/RAD_Pages/AddressAndContactInfo_Page/input_reEnterEMailAddress'

2024-03-08 02:06:33 - [TEST_STEP][PASSED] - if (TaxType.equalsIgnoreCase("Estate Tax")): null

2024-03-08 02:06:33 - [TEST_STEP][PASSED] - setText(findTestObject(orPath_Amount + "/input__paymentAmount"), ""): Text '' is set on object 'Object Repository/RAD_Pages/PaymentAmount_Page/input__paymentAmount'

2024-03-08 02:06:34 - [MESSAGE][PASSED] - Text '' is set on object 'Object Repository/RAD_Pages/PaymentAmount_Page/input__paymentAmount'

2024-03-08 02:06:34 - [TEST_STEP][PASSED] - resText = "Fail": null

2024-03-08 02:06:34 - [TEST_STEP][PASSED] - pages.WriteExcel.demoKey(resText, datText, resColumn, datCloumn, fileLoc, nameSheet, row): pages.WriteExcel.demoKey is PASSED

2024-03-08 02:06:34 - [MESSAGE][PASSED] - pages.WriteExcel.demoKey is PASSED

2024-03-08 02:06:34 - [TEST_STEP][PASSED] - verifyTextPresent("Enter business name", true, CONTINUE_ON_FAILURE): Text 'Enter business name' is present on page  using regular expression

2024-03-08 02:06:34 - [MESSAGE][PASSED] - Text 'Enter business name' is present on page  using regular expression

2024-03-08 02:06:34 - [TEST_STEP][PASSED] - verifyTextPresent("Enter business rep first name", true, CONTINUE_ON_FAILURE): Text 'Enter business rep first name' is present on page  using regular expression

2024-03-08 02:06:35 - [MESSAGE][PASSED] - Text 'Enter business rep first name' is present on page  using regular expression

2024-03-08 02:06:35 - [TEST_STEP][PASSED] - verifyTextPresent("Enter business rep last name", true, CONTINUE_ON_FAILURE): Text 'Enter business rep last name' is present on page  using regular expression

2024-03-08 02:06:35 - [MESSAGE][PASSED] - Text 'Enter business rep last name' is present on page  using regular expression

2024-03-08 02:06:35 - [TEST_STEP][PASSED] - verifyTextPresent("Enter address", true, CONTINUE_ON_FAILURE): Text 'Enter address' is present on page  using regular expression

2024-03-08 02:06:35 - [MESSAGE][PASSED] - Text 'Enter address' is present on page  using regular expression

2024-03-08 02:06:35 - [TEST_STEP][PASSED] - verifyTextPresent("Enter city", true, CONTINUE_ON_FAILURE): Text 'Enter city' is present on page  using regular expression

2024-03-08 02:06:36 - [MESSAGE][PASSED] - Text 'Enter city' is present on page  using regular expression

2024-03-08 02:06:36 - [TEST_STEP][PASSED] - verifyTextPresent("Enter ZIP code", true, CONTINUE_ON_FAILURE): Text 'Enter ZIP code' is present on page  using regular expression

2024-03-08 02:06:36 - [MESSAGE][PASSED] - Text 'Enter ZIP code' is present on page  using regular expression

2024-03-08 02:06:36 - [TEST_STEP][PASSED] - verifyTextPresent("Enter a valid phone number", true, CONTINUE_ON_FAILURE): Text 'Enter a valid phone number' is present on page  using regular expression

2024-03-08 02:06:36 - [MESSAGE][PASSED] - Text 'Enter a valid phone number' is present on page  using regular expression

2024-03-08 02:06:36 - [TEST_STEP][PASSED] - verifyTextPresent("Enter Email", true, CONTINUE_ON_FAILURE): Text 'Enter Email' is present on page  using regular expression

2024-03-08 02:06:37 - [MESSAGE][PASSED] - Text 'Enter Email' is present on page  using regular expression

2024-03-08 02:06:37 - [TEST_STEP][PASSED] - if (TaxType.equalsIgnoreCase("Estate Tax")): null

2024-03-08 02:06:37 - [TEST_STEP][PASSED] - if (CRN.equalsIgnoreCase("Y")): Text 'Enter valid MD Central Registration Number' is present on page  using regular expression

2024-03-08 02:06:37 - [TEST_STEP][PASSED] - setText(findTestObject(orPath_TaxInfo + "/input_MDCRegistration"), " "): Text ' ' is set on object 'Object Repository/RAD_Pages/TaxInfo_Page/input_MDCRegistration'

2024-03-08 02:06:37 - [MESSAGE][PASSED] - Text ' ' is set on object 'Object Repository/RAD_Pages/TaxInfo_Page/input_MDCRegistration'

2024-03-08 02:06:37 - [TEST_STEP][PASSED] - setText(findTestObject(orPath_Amount + "/input__paymentAmount"), ""): Text '' is set on object 'Object Repository/RAD_Pages/PaymentAmount_Page/input__paymentAmount'

2024-03-08 02:06:38 - [MESSAGE][PASSED] - Text '' is set on object 'Object Repository/RAD_Pages/PaymentAmount_Page/input__paymentAmount'

2024-03-08 02:06:38 - [TEST_STEP][PASSED] - verifyTextPresent("Enter valid MD Central Registration Number", true, CONTINUE_ON_FAILURE): Text 'Enter valid MD Central Registration Number' is present on page  using regular expression

2024-03-08 02:06:38 - [MESSAGE][PASSED] - Text 'Enter valid MD Central Registration Number' is present on page  using regular expression

2024-03-08 02:06:38 - [TEST_STEP][PASSED] - resText = "Pass": null

2024-03-08 02:06:38 - [TEST_STEP][PASSED] - pages.WriteExcel.demoKey(resText, datText, resColumn, datCloumn, fileLoc, nameSheet, row): pages.WriteExcel.demoKey is PASSED

2024-03-08 02:06:39 - [MESSAGE][PASSED] - pages.WriteExcel.demoKey is PASSED

2024-03-08 02:06:39 - [TEST_STEP][PASSED] - ExecuteTC = findTestData(dataFile).getValue("Execute", row): null

2024-03-08 02:06:39 - [TEST_STEP][PASSED] - TaxType = findTestData(dataFile).getValue("TaxType", row): null

2024-03-08 02:06:39 - [TEST_STEP][PASSED] - PaymentType = findTestData(dataFile).getValue("PaymentType", row): null

2024-03-08 02:06:39 - [TEST_STEP][PASSED] - FilingYear = findTestData(dataFile).getValue("Year", row): null

2024-03-08 02:06:39 - [TEST_STEP][PASSED] - feinSSN = findTestData(dataFile).getValue("FeinSsn", row): null

2024-03-08 02:06:39 - [TEST_STEP][PASSED] - CRN = findTestData(dataFile).getValue("CRN", row): null

2024-03-08 02:06:39 - [TEST_STEP][PASSED] - if (ExecuteTC.equalsIgnoreCase("Y")): pages.WriteExcel.demoKey is PASSED

2024-03-08 02:06:39 - [TEST_STEP][PASSED] - out.println("Begin Record Number: " + row): null

2024-03-08 02:06:39 - [TEST_STEP][PASSED] - today = new java.util.Date(): null

2024-03-08 02:06:39 - [TEST_STEP][PASSED] - println(today): null

2024-03-08 02:06:39 - [TEST_STEP][PASSED] - datText = today: null

2024-03-08 02:06:39 - [TEST_STEP][PASSED] - logInfo("Payment Type: New Tax Return Amount Due"): Payment Type: New Tax Return Amount Due

2024-03-08 02:06:39 - [MESSAGE][INFO] - Payment Type: New Tax Return Amount Due

2024-03-08 02:06:39 - [TEST_STEP][PASSED] - logInfo("Tax Type: " + TaxType): Tax Type: Alcohol Tax

2024-03-08 02:06:39 - [MESSAGE][INFO] - Tax Type: Alcohol Tax

2024-03-08 02:06:39 - [TEST_STEP][PASSED] - openBrowser(""): Browser is opened with url: ''

2024-03-08 02:06:39 - [MESSAGE][WARNING] - A browser is already opened. Closing browser and opening a new one

2024-03-08 02:07:10 - [MESSAGE][INFO] - Starting 'Chrome' driver

2024-03-08 02:07:10 - [MESSAGE][INFO] - User set preference: ['acceptInsecureCerts', 'true']

2024-03-08 02:07:10 - [MESSAGE][INFO] - Action delay is set to 0 milliseconds

2024-03-08 02:07:11 - [MESSAGE][PASSED] - Browser is opened with url: ''

2024-03-08 02:07:11 - [TEST_STEP][PASSED] - maximizeWindow(): Current window maximized

2024-03-08 02:07:11 - [MESSAGE][PASSED] - Current window maximized

2024-03-08 02:07:11 - [TEST_STEP][PASSED] - navigateToUrl(RADurl): Navigate to 'https://qa2.velocitypayment.com/client/rad/index.html' successfully

2024-03-08 02:07:19 - [MESSAGE][PASSED] - Navigate to 'https://qa2.velocitypayment.com/client/rad/index.html' successfully

2024-03-08 02:07:19 - [TEST_STEP][PASSED] - selectOptionByLabel(findTestObject(orPath_Landing + "/dd_TaxType"), "New Tax Return Amount Due", false): All options with label 'New Tax Return Amount Due' are selected in object 'Object Repository/RAD_Pages/Landing_Page/dd_TaxType' 

2024-03-08 02:07:19 - [MESSAGE][PASSED] - All options with label 'New Tax Return Amount Due' are selected in object 'Object Repository/RAD_Pages/Landing_Page/dd_TaxType' 

2024-03-08 02:07:19 - [TEST_STEP][PASSED] - selectOptionByLabel(findTestObject("Object Repository/RAD_Pages/Landing_Page/select_NewTaxReturnAmountDue_TaxType"), TaxType, false): All options with label 'Alcohol Tax' are selected in object 'Object Repository/RAD_Pages/Landing_Page/select_NewTaxReturnAmountDue_TaxType' 

2024-03-08 02:07:20 - [MESSAGE][PASSED] - All options with label 'Alcohol Tax' are selected in object 'Object Repository/RAD_Pages/Landing_Page/select_NewTaxReturnAmountDue_TaxType' 

2024-03-08 02:07:20 - [TEST_STEP][PASSED] - selectOptionByLabel(findTestObject(orPath_TaxTypeFilingYear + "/select_FilingYear"), FilingYear, false): All options with label '2022' are selected in object 'Object Repository/RAD_Pages/TaxTypeFilingYear_Page/select_FilingYear' 

2024-03-08 02:07:21 - [MESSAGE][PASSED] - All options with label '2022' are selected in object 'Object Repository/RAD_Pages/TaxTypeFilingYear_Page/select_FilingYear' 

2024-03-08 02:07:21 - [TEST_STEP][PASSED] - setText(findTestObject(orPath_TaxPayer + "/input_businessName"), " "): Text ' ' is set on object 'Object Repository/RAD_Pages/Taxpayer_Page/input_businessName'

2024-03-08 02:07:21 - [MESSAGE][PASSED] - Text ' ' is set on object 'Object Repository/RAD_Pages/Taxpayer_Page/input_businessName'

2024-03-08 02:07:21 - [TEST_STEP][PASSED] - setText(findTestObject(orPath_TaxPayer + "/input_BusinessRepfirstName"), " "): Text ' ' is set on object 'Object Repository/RAD_Pages/Taxpayer_Page/input_BusinessRepfirstName'

2024-03-08 02:07:22 - [MESSAGE][PASSED] - Text ' ' is set on object 'Object Repository/RAD_Pages/Taxpayer_Page/input_BusinessRepfirstName'

2024-03-08 02:07:22 - [TEST_STEP][PASSED] - setText(findTestObject(orPath_TaxPayer + "/input_BusinessReplastName"), " "): Text ' ' is set on object 'Object Repository/RAD_Pages/Taxpayer_Page/input_BusinessReplastName'

2024-03-08 02:07:23 - [MESSAGE][PASSED] - Text ' ' is set on object 'Object Repository/RAD_Pages/Taxpayer_Page/input_BusinessReplastName'

2024-03-08 02:07:23 - [TEST_STEP][PASSED] - setText(findTestObject(orPath_AddressContact + "/input_streetAddress1"), " "): Text ' ' is set on object 'Object Repository/RAD_Pages/AddressAndContactInfo_Page/input_streetAddress1'

2024-03-08 02:07:24 - [MESSAGE][PASSED] - Text ' ' is set on object 'Object Repository/RAD_Pages/AddressAndContactInfo_Page/input_streetAddress1'

2024-03-08 02:07:24 - [TEST_STEP][PASSED] - setText(findTestObject(orPath_AddressContact + "/input_city"), " "): Text ' ' is set on object 'Object Repository/RAD_Pages/AddressAndContactInfo_Page/input_city'

2024-03-08 02:07:24 - [MESSAGE][PASSED] - Text ' ' is set on object 'Object Repository/RAD_Pages/AddressAndContactInfo_Page/input_city'

2024-03-08 02:07:24 - [TEST_STEP][PASSED] - setText(findTestObject(orPath_AddressContact + "/input_zipCode"), " "): Text ' ' is set on object 'Object Repository/RAD_Pages/AddressAndContactInfo_Page/input_zipCode'

2024-03-08 02:07:25 - [MESSAGE][PASSED] - Text ' ' is set on object 'Object Repository/RAD_Pages/AddressAndContactInfo_Page/input_zipCode'

2024-03-08 02:07:25 - [TEST_STEP][PASSED] - setText(findTestObject(orPath_AddressContact + "/input_phoneNumber"), " "): Text ' ' is set on object 'Object Repository/RAD_Pages/AddressAndContactInfo_Page/input_phoneNumber'

2024-03-08 02:07:26 - [MESSAGE][PASSED] - Text ' ' is set on object 'Object Repository/RAD_Pages/AddressAndContactInfo_Page/input_phoneNumber'

2024-03-08 02:07:26 - [TEST_STEP][PASSED] - setText(findTestObject(orPath_AddressContact + "/input_eMailAddress"), " "): Text ' ' is set on object 'Object Repository/RAD_Pages/AddressAndContactInfo_Page/input_eMailAddress'

2024-03-08 02:07:27 - [MESSAGE][PASSED] - Text ' ' is set on object 'Object Repository/RAD_Pages/AddressAndContactInfo_Page/input_eMailAddress'

2024-03-08 02:07:27 - [TEST_STEP][PASSED] - setText(findTestObject(orPath_AddressContact + "/input_reEnterEMailAddress"), " "): Text ' ' is set on object 'Object Repository/RAD_Pages/AddressAndContactInfo_Page/input_reEnterEMailAddress'

2024-03-08 02:07:27 - [MESSAGE][PASSED] - Text ' ' is set on object 'Object Repository/RAD_Pages/AddressAndContactInfo_Page/input_reEnterEMailAddress'

2024-03-08 02:07:27 - [TEST_STEP][PASSED] - if (TaxType.equalsIgnoreCase("Estate Tax")): null

2024-03-08 02:07:27 - [TEST_STEP][PASSED] - setText(findTestObject(orPath_Amount + "/input__paymentAmount"), ""): Text '' is set on object 'Object Repository/RAD_Pages/PaymentAmount_Page/input__paymentAmount'

2024-03-08 02:07:28 - [MESSAGE][PASSED] - Text '' is set on object 'Object Repository/RAD_Pages/PaymentAmount_Page/input__paymentAmount'

2024-03-08 02:07:28 - [TEST_STEP][PASSED] - resText = "Fail": null

2024-03-08 02:07:28 - [TEST_STEP][PASSED] - pages.WriteExcel.demoKey(resText, datText, resColumn, datCloumn, fileLoc, nameSheet, row): pages.WriteExcel.demoKey is PASSED

2024-03-08 02:07:28 - [MESSAGE][PASSED] - pages.WriteExcel.demoKey is PASSED

2024-03-08 02:07:28 - [TEST_STEP][PASSED] - verifyTextPresent("Enter business name", true, CONTINUE_ON_FAILURE): Text 'Enter business name' is present on page  using regular expression

2024-03-08 02:07:29 - [MESSAGE][PASSED] - Text 'Enter business name' is present on page  using regular expression

2024-03-08 02:07:29 - [TEST_STEP][PASSED] - verifyTextPresent("Enter business rep first name", true, CONTINUE_ON_FAILURE): Text 'Enter business rep first name' is present on page  using regular expression

2024-03-08 02:07:29 - [MESSAGE][PASSED] - Text 'Enter business rep first name' is present on page  using regular expression

2024-03-08 02:07:29 - [TEST_STEP][PASSED] - verifyTextPresent("Enter business rep last name", true, CONTINUE_ON_FAILURE): Text 'Enter business rep last name' is present on page  using regular expression

2024-03-08 02:07:29 - [MESSAGE][PASSED] - Text 'Enter business rep last name' is present on page  using regular expression

2024-03-08 02:07:29 - [TEST_STEP][PASSED] - verifyTextPresent("Enter address", true, CONTINUE_ON_FAILURE): Text 'Enter address' is present on page  using regular expression

2024-03-08 02:07:30 - [MESSAGE][PASSED] - Text 'Enter address' is present on page  using regular expression

2024-03-08 02:07:30 - [TEST_STEP][PASSED] - verifyTextPresent("Enter city", true, CONTINUE_ON_FAILURE): Text 'Enter city' is present on page  using regular expression

2024-03-08 02:07:30 - [MESSAGE][PASSED] - Text 'Enter city' is present on page  using regular expression

2024-03-08 02:07:30 - [TEST_STEP][PASSED] - verifyTextPresent("Enter ZIP code", true, CONTINUE_ON_FAILURE): Text 'Enter ZIP code' is present on page  using regular expression

2024-03-08 02:07:30 - [MESSAGE][PASSED] - Text 'Enter ZIP code' is present on page  using regular expression

2024-03-08 02:07:30 - [TEST_STEP][PASSED] - verifyTextPresent("Enter a valid phone number", true, CONTINUE_ON_FAILURE): Text 'Enter a valid phone number' is present on page  using regular expression

2024-03-08 02:07:31 - [MESSAGE][PASSED] - Text 'Enter a valid phone number' is present on page  using regular expression

2024-03-08 02:07:31 - [TEST_STEP][PASSED] - verifyTextPresent("Enter Email", true, CONTINUE_ON_FAILURE): Text 'Enter Email' is present on page  using regular expression

2024-03-08 02:07:31 - [MESSAGE][PASSED] - Text 'Enter Email' is present on page  using regular expression

2024-03-08 02:07:31 - [TEST_STEP][PASSED] - if (TaxType.equalsIgnoreCase("Estate Tax")): null

2024-03-08 02:07:31 - [TEST_STEP][PASSED] - if (CRN.equalsIgnoreCase("Y")): Text 'Enter valid MD Central Registration Number' is present on page  using regular expression

2024-03-08 02:07:31 - [TEST_STEP][PASSED] - setText(findTestObject(orPath_TaxInfo + "/input_MDCRegistration"), " "): Text ' ' is set on object 'Object Repository/RAD_Pages/TaxInfo_Page/input_MDCRegistration'

2024-03-08 02:07:32 - [MESSAGE][PASSED] - Text ' ' is set on object 'Object Repository/RAD_Pages/TaxInfo_Page/input_MDCRegistration'

2024-03-08 02:07:32 - [TEST_STEP][PASSED] - setText(findTestObject(orPath_Amount + "/input__paymentAmount"), ""): Text '' is set on object 'Object Repository/RAD_Pages/PaymentAmount_Page/input__paymentAmount'

2024-03-08 02:07:32 - [MESSAGE][PASSED] - Text '' is set on object 'Object Repository/RAD_Pages/PaymentAmount_Page/input__paymentAmount'

2024-03-08 02:07:32 - [TEST_STEP][PASSED] - verifyTextPresent("Enter valid MD Central Registration Number", true, CONTINUE_ON_FAILURE): Text 'Enter valid MD Central Registration Number' is present on page  using regular expression

2024-03-08 02:07:33 - [MESSAGE][PASSED] - Text 'Enter valid MD Central Registration Number' is present on page  using regular expression

2024-03-08 02:07:33 - [TEST_STEP][PASSED] - resText = "Pass": null

2024-03-08 02:07:33 - [TEST_STEP][PASSED] - pages.WriteExcel.demoKey(resText, datText, resColumn, datCloumn, fileLoc, nameSheet, row): pages.WriteExcel.demoKey is PASSED

2024-03-08 02:07:33 - [MESSAGE][PASSED] - pages.WriteExcel.demoKey is PASSED

2024-03-08 02:07:33 - [TEST_STEP][PASSED] - ExecuteTC = findTestData(dataFile).getValue("Execute", row): null

2024-03-08 02:07:33 - [TEST_STEP][PASSED] - TaxType = findTestData(dataFile).getValue("TaxType", row): null

2024-03-08 02:07:33 - [TEST_STEP][PASSED] - PaymentType = findTestData(dataFile).getValue("PaymentType", row): null

2024-03-08 02:07:33 - [TEST_STEP][PASSED] - FilingYear = findTestData(dataFile).getValue("Year", row): null

2024-03-08 02:07:33 - [TEST_STEP][PASSED] - feinSSN = findTestData(dataFile).getValue("FeinSsn", row): null

2024-03-08 02:07:33 - [TEST_STEP][PASSED] - CRN = findTestData(dataFile).getValue("CRN", row): null

2024-03-08 02:07:33 - [TEST_STEP][PASSED] - if (ExecuteTC.equalsIgnoreCase("Y")): pages.WriteExcel.demoKey is PASSED

2024-03-08 02:07:33 - [TEST_STEP][PASSED] - out.println("Begin Record Number: " + row): null

2024-03-08 02:07:33 - [TEST_STEP][PASSED] - today = new java.util.Date(): null

2024-03-08 02:07:33 - [TEST_STEP][PASSED] - println(today): null

2024-03-08 02:07:33 - [TEST_STEP][PASSED] - datText = today: null

2024-03-08 02:07:33 - [TEST_STEP][PASSED] - logInfo("Payment Type: New Tax Return Amount Due"): Payment Type: New Tax Return Amount Due

2024-03-08 02:07:33 - [MESSAGE][INFO] - Payment Type: New Tax Return Amount Due

2024-03-08 02:07:33 - [TEST_STEP][PASSED] - logInfo("Tax Type: " + TaxType): Tax Type: Bay Restoration Fee

2024-03-08 02:07:33 - [MESSAGE][INFO] - Tax Type: Bay Restoration Fee

2024-03-08 02:07:33 - [TEST_STEP][PASSED] - openBrowser(""): Browser is opened with url: ''

2024-03-08 02:07:33 - [MESSAGE][WARNING] - A browser is already opened. Closing browser and opening a new one

2024-03-08 02:07:56 - [MESSAGE][INFO] - Starting 'Chrome' driver

2024-03-08 02:07:56 - [MESSAGE][INFO] - User set preference: ['acceptInsecureCerts', 'true']

2024-03-08 02:07:56 - [MESSAGE][INFO] - Action delay is set to 0 milliseconds

2024-03-08 02:07:58 - [MESSAGE][PASSED] - Browser is opened with url: ''

2024-03-08 02:07:58 - [TEST_STEP][PASSED] - maximizeWindow(): Current window maximized

2024-03-08 02:07:58 - [MESSAGE][PASSED] - Current window maximized

2024-03-08 02:07:58 - [TEST_STEP][PASSED] - navigateToUrl(RADurl): Navigate to 'https://qa2.velocitypayment.com/client/rad/index.html' successfully

2024-03-08 02:08:05 - [MESSAGE][PASSED] - Navigate to 'https://qa2.velocitypayment.com/client/rad/index.html' successfully

2024-03-08 02:08:05 - [TEST_STEP][PASSED] - selectOptionByLabel(findTestObject(orPath_Landing + "/dd_TaxType"), "New Tax Return Amount Due", false): All options with label 'New Tax Return Amount Due' are selected in object 'Object Repository/RAD_Pages/Landing_Page/dd_TaxType' 

2024-03-08 02:08:06 - [MESSAGE][PASSED] - All options with label 'New Tax Return Amount Due' are selected in object 'Object Repository/RAD_Pages/Landing_Page/dd_TaxType' 

2024-03-08 02:08:06 - [TEST_STEP][PASSED] - selectOptionByLabel(findTestObject("Object Repository/RAD_Pages/Landing_Page/select_NewTaxReturnAmountDue_TaxType"), TaxType, false): All options with label 'Bay Restoration Fee' are selected in object 'Object Repository/RAD_Pages/Landing_Page/select_NewTaxReturnAmountDue_TaxType' 

2024-03-08 02:08:07 - [MESSAGE][PASSED] - All options with label 'Bay Restoration Fee' are selected in object 'Object Repository/RAD_Pages/Landing_Page/select_NewTaxReturnAmountDue_TaxType' 

2024-03-08 02:08:07 - [TEST_STEP][PASSED] - selectOptionByLabel(findTestObject(orPath_TaxTypeFilingYear + "/select_FilingYear"), FilingYear, false): All options with label '2022' are selected in object 'Object Repository/RAD_Pages/TaxTypeFilingYear_Page/select_FilingYear' 

2024-03-08 02:08:08 - [MESSAGE][PASSED] - All options with label '2022' are selected in object 'Object Repository/RAD_Pages/TaxTypeFilingYear_Page/select_FilingYear' 

2024-03-08 02:08:08 - [TEST_STEP][PASSED] - setText(findTestObject(orPath_TaxPayer + "/input_businessName"), " "): Text ' ' is set on object 'Object Repository/RAD_Pages/Taxpayer_Page/input_businessName'

2024-03-08 02:08:08 - [MESSAGE][PASSED] - Text ' ' is set on object 'Object Repository/RAD_Pages/Taxpayer_Page/input_businessName'

2024-03-08 02:08:08 - [TEST_STEP][PASSED] - setText(findTestObject(orPath_TaxPayer + "/input_BusinessRepfirstName"), " "): Text ' ' is set on object 'Object Repository/RAD_Pages/Taxpayer_Page/input_BusinessRepfirstName'

2024-03-08 02:08:09 - [MESSAGE][PASSED] - Text ' ' is set on object 'Object Repository/RAD_Pages/Taxpayer_Page/input_BusinessRepfirstName'

2024-03-08 02:08:09 - [TEST_STEP][PASSED] - setText(findTestObject(orPath_TaxPayer + "/input_BusinessReplastName"), " "): Text ' ' is set on object 'Object Repository/RAD_Pages/Taxpayer_Page/input_BusinessReplastName'

2024-03-08 02:08:10 - [MESSAGE][PASSED] - Text ' ' is set on object 'Object Repository/RAD_Pages/Taxpayer_Page/input_BusinessReplastName'

2024-03-08 02:08:10 - [TEST_STEP][PASSED] - setText(findTestObject(orPath_AddressContact + "/input_streetAddress1"), " "): Text ' ' is set on object 'Object Repository/RAD_Pages/AddressAndContactInfo_Page/input_streetAddress1'

2024-03-08 02:08:10 - [MESSAGE][PASSED] - Text ' ' is set on object 'Object Repository/RAD_Pages/AddressAndContactInfo_Page/input_streetAddress1'

2024-03-08 02:08:10 - [TEST_STEP][PASSED] - setText(findTestObject(orPath_AddressContact + "/input_city"), " "): Text ' ' is set on object 'Object Repository/RAD_Pages/AddressAndContactInfo_Page/input_city'

2024-03-08 02:08:11 - [MESSAGE][PASSED] - Text ' ' is set on object 'Object Repository/RAD_Pages/AddressAndContactInfo_Page/input_city'

2024-03-08 02:08:11 - [TEST_STEP][PASSED] - setText(findTestObject(orPath_AddressContact + "/input_zipCode"), " "): Text ' ' is set on object 'Object Repository/RAD_Pages/AddressAndContactInfo_Page/input_zipCode'

2024-03-08 02:08:12 - [MESSAGE][PASSED] - Text ' ' is set on object 'Object Repository/RAD_Pages/AddressAndContactInfo_Page/input_zipCode'

2024-03-08 02:08:12 - [TEST_STEP][PASSED] - setText(findTestObject(orPath_AddressContact + "/input_phoneNumber"), " "): Text ' ' is set on object 'Object Repository/RAD_Pages/AddressAndContactInfo_Page/input_phoneNumber'

2024-03-08 02:08:13 - [MESSAGE][PASSED] - Text ' ' is set on object 'Object Repository/RAD_Pages/AddressAndContactInfo_Page/input_phoneNumber'

2024-03-08 02:08:13 - [TEST_STEP][PASSED] - setText(findTestObject(orPath_AddressContact + "/input_eMailAddress"), " "): Text ' ' is set on object 'Object Repository/RAD_Pages/AddressAndContactInfo_Page/input_eMailAddress'

2024-03-08 02:08:13 - [MESSAGE][PASSED] - Text ' ' is set on object 'Object Repository/RAD_Pages/AddressAndContactInfo_Page/input_eMailAddress'

2024-03-08 02:08:13 - [TEST_STEP][PASSED] - setText(findTestObject(orPath_AddressContact + "/input_reEnterEMailAddress"), " "): Text ' ' is set on object 'Object Repository/RAD_Pages/AddressAndContactInfo_Page/input_reEnterEMailAddress'

2024-03-08 02:08:14 - [MESSAGE][PASSED] - Text ' ' is set on object 'Object Repository/RAD_Pages/AddressAndContactInfo_Page/input_reEnterEMailAddress'

2024-03-08 02:08:14 - [TEST_STEP][PASSED] - if (TaxType.equalsIgnoreCase("Estate Tax")): null

2024-03-08 02:08:14 - [TEST_STEP][PASSED] - setText(findTestObject(orPath_Amount + "/input__paymentAmount"), ""): Text '' is set on object 'Object Repository/RAD_Pages/PaymentAmount_Page/input__paymentAmount'

2024-03-08 02:08:15 - [MESSAGE][PASSED] - Text '' is set on object 'Object Repository/RAD_Pages/PaymentAmount_Page/input__paymentAmount'

2024-03-08 02:08:15 - [TEST_STEP][PASSED] - resText = "Fail": null

2024-03-08 02:08:15 - [TEST_STEP][PASSED] - pages.WriteExcel.demoKey(resText, datText, resColumn, datCloumn, fileLoc, nameSheet, row): pages.WriteExcel.demoKey is PASSED

2024-03-08 02:08:15 - [MESSAGE][PASSED] - pages.WriteExcel.demoKey is PASSED

2024-03-08 02:08:15 - [TEST_STEP][PASSED] - verifyTextPresent("Enter business name", true, CONTINUE_ON_FAILURE): Text 'Enter business name' is present on page  using regular expression

2024-03-08 02:08:15 - [MESSAGE][PASSED] - Text 'Enter business name' is present on page  using regular expression

2024-03-08 02:08:15 - [TEST_STEP][PASSED] - verifyTextPresent("Enter business rep first name", true, CONTINUE_ON_FAILURE): Text 'Enter business rep first name' is present on page  using regular expression

2024-03-08 02:08:16 - [MESSAGE][PASSED] - Text 'Enter business rep first name' is present on page  using regular expression

2024-03-08 02:08:16 - [TEST_STEP][PASSED] - verifyTextPresent("Enter business rep last name", true, CONTINUE_ON_FAILURE): Text 'Enter business rep last name' is present on page  using regular expression

2024-03-08 02:08:16 - [MESSAGE][PASSED] - Text 'Enter business rep last name' is present on page  using regular expression

2024-03-08 02:08:16 - [TEST_STEP][PASSED] - verifyTextPresent("Enter address", true, CONTINUE_ON_FAILURE): Text 'Enter address' is present on page  using regular expression

2024-03-08 02:08:16 - [MESSAGE][PASSED] - Text 'Enter address' is present on page  using regular expression

2024-03-08 02:08:16 - [TEST_STEP][PASSED] - verifyTextPresent("Enter city", true, CONTINUE_ON_FAILURE): Text 'Enter city' is present on page  using regular expression

2024-03-08 02:08:17 - [MESSAGE][PASSED] - Text 'Enter city' is present on page  using regular expression

2024-03-08 02:08:17 - [TEST_STEP][PASSED] - verifyTextPresent("Enter ZIP code", true, CONTINUE_ON_FAILURE): Text 'Enter ZIP code' is present on page  using regular expression

2024-03-08 02:08:17 - [MESSAGE][PASSED] - Text 'Enter ZIP code' is present on page  using regular expression

2024-03-08 02:08:17 - [TEST_STEP][PASSED] - verifyTextPresent("Enter a valid phone number", true, CONTINUE_ON_FAILURE): Text 'Enter a valid phone number' is present on page  using regular expression

2024-03-08 02:08:17 - [MESSAGE][PASSED] - Text 'Enter a valid phone number' is present on page  using regular expression

2024-03-08 02:08:17 - [TEST_STEP][PASSED] - verifyTextPresent("Enter Email", true, CONTINUE_ON_FAILURE): Text 'Enter Email' is present on page  using regular expression

2024-03-08 02:08:18 - [MESSAGE][PASSED] - Text 'Enter Email' is present on page  using regular expression

2024-03-08 02:08:18 - [TEST_STEP][PASSED] - if (TaxType.equalsIgnoreCase("Estate Tax")): null

2024-03-08 02:08:18 - [TEST_STEP][PASSED] - if (CRN.equalsIgnoreCase("Y")): null

2024-03-08 02:08:18 - [TEST_STEP][PASSED] - resText = "Pass": null

2024-03-08 02:08:18 - [TEST_STEP][PASSED] - pages.WriteExcel.demoKey(resText, datText, resColumn, datCloumn, fileLoc, nameSheet, row): pages.WriteExcel.demoKey is PASSED

2024-03-08 02:08:18 - [MESSAGE][PASSED] - pages.WriteExcel.demoKey is PASSED

2024-03-08 02:08:18 - [TEST_STEP][PASSED] - ExecuteTC = findTestData(dataFile).getValue("Execute", row): null

2024-03-08 02:08:18 - [TEST_STEP][PASSED] - TaxType = findTestData(dataFile).getValue("TaxType", row): null

2024-03-08 02:08:18 - [TEST_STEP][PASSED] - PaymentType = findTestData(dataFile).getValue("PaymentType", row): null

2024-03-08 02:08:18 - [TEST_STEP][PASSED] - FilingYear = findTestData(dataFile).getValue("Year", row): null

2024-03-08 02:08:18 - [TEST_STEP][PASSED] - feinSSN = findTestData(dataFile).getValue("FeinSsn", row): null

2024-03-08 02:08:18 - [TEST_STEP][PASSED] - CRN = findTestData(dataFile).getValue("CRN", row): null

2024-03-08 02:08:18 - [TEST_STEP][PASSED] - if (ExecuteTC.equalsIgnoreCase("Y")): pages.WriteExcel.demoKey is PASSED

2024-03-08 02:08:18 - [TEST_STEP][PASSED] - out.println("Begin Record Number: " + row): null

2024-03-08 02:08:18 - [TEST_STEP][PASSED] - today = new java.util.Date(): null

2024-03-08 02:08:18 - [TEST_STEP][PASSED] - println(today): null

2024-03-08 02:08:18 - [TEST_STEP][PASSED] - datText = today: null

2024-03-08 02:08:18 - [TEST_STEP][PASSED] - logInfo("Payment Type: New Tax Return Amount Due"): Payment Type: New Tax Return Amount Due

2024-03-08 02:08:18 - [MESSAGE][INFO] - Payment Type: New Tax Return Amount Due

2024-03-08 02:08:18 - [TEST_STEP][PASSED] - logInfo("Tax Type: " + TaxType): Tax Type: Corporate Income Tax

2024-03-08 02:08:18 - [MESSAGE][INFO] - Tax Type: Corporate Income Tax

2024-03-08 02:08:18 - [TEST_STEP][PASSED] - openBrowser(""): Browser is opened with url: ''

2024-03-08 02:08:18 - [MESSAGE][WARNING] - A browser is already opened. Closing browser and opening a new one

2024-03-08 02:08:40 - [MESSAGE][INFO] - Starting 'Chrome' driver

2024-03-08 02:08:40 - [MESSAGE][INFO] - User set preference: ['acceptInsecureCerts', 'true']

2024-03-08 02:08:40 - [MESSAGE][INFO] - Action delay is set to 0 milliseconds

2024-03-08 02:08:41 - [MESSAGE][PASSED] - Browser is opened with url: ''

2024-03-08 02:08:41 - [TEST_STEP][PASSED] - maximizeWindow(): Current window maximized

2024-03-08 02:08:41 - [MESSAGE][PASSED] - Current window maximized

2024-03-08 02:08:41 - [TEST_STEP][PASSED] - navigateToUrl(RADurl): Navigate to 'https://qa2.velocitypayment.com/client/rad/index.html' successfully

2024-03-08 02:08:48 - [MESSAGE][PASSED] - Navigate to 'https://qa2.velocitypayment.com/client/rad/index.html' successfully

2024-03-08 02:08:48 - [TEST_STEP][PASSED] - selectOptionByLabel(findTestObject(orPath_Landing + "/dd_TaxType"), "New Tax Return Amount Due", false): All options with label 'New Tax Return Amount Due' are selected in object 'Object Repository/RAD_Pages/Landing_Page/dd_TaxType' 

2024-03-08 02:08:49 - [MESSAGE][PASSED] - All options with label 'New Tax Return Amount Due' are selected in object 'Object Repository/RAD_Pages/Landing_Page/dd_TaxType' 

2024-03-08 02:08:49 - [TEST_STEP][PASSED] - selectOptionByLabel(findTestObject("Object Repository/RAD_Pages/Landing_Page/select_NewTaxReturnAmountDue_TaxType"), TaxType, false): All options with label 'Corporate Income Tax' are selected in object 'Object Repository/RAD_Pages/Landing_Page/select_NewTaxReturnAmountDue_TaxType' 

2024-03-08 02:08:50 - [MESSAGE][PASSED] - All options with label 'Corporate Income Tax' are selected in object 'Object Repository/RAD_Pages/Landing_Page/select_NewTaxReturnAmountDue_TaxType' 

2024-03-08 02:08:50 - [TEST_STEP][PASSED] - selectOptionByLabel(findTestObject(orPath_TaxTypeFilingYear + "/select_FilingYear"), FilingYear, false): All options with label '2021' are selected in object 'Object Repository/RAD_Pages/TaxTypeFilingYear_Page/select_FilingYear' 

2024-03-08 02:08:50 - [MESSAGE][PASSED] - All options with label '2021' are selected in object 'Object Repository/RAD_Pages/TaxTypeFilingYear_Page/select_FilingYear' 

2024-03-08 02:08:50 - [TEST_STEP][PASSED] - setText(findTestObject(orPath_TaxPayer + "/input_businessName"), " "): Text ' ' is set on object 'Object Repository/RAD_Pages/Taxpayer_Page/input_businessName'

2024-03-08 02:08:51 - [MESSAGE][PASSED] - Text ' ' is set on object 'Object Repository/RAD_Pages/Taxpayer_Page/input_businessName'

2024-03-08 02:08:51 - [TEST_STEP][PASSED] - setText(findTestObject(orPath_TaxPayer + "/input_BusinessRepfirstName"), " "): Text ' ' is set on object 'Object Repository/RAD_Pages/Taxpayer_Page/input_BusinessRepfirstName'

2024-03-08 02:08:52 - [MESSAGE][PASSED] - Text ' ' is set on object 'Object Repository/RAD_Pages/Taxpayer_Page/input_BusinessRepfirstName'

2024-03-08 02:08:52 - [TEST_STEP][PASSED] - setText(findTestObject(orPath_TaxPayer + "/input_BusinessReplastName"), " "): Text ' ' is set on object 'Object Repository/RAD_Pages/Taxpayer_Page/input_BusinessReplastName'

2024-03-08 02:08:53 - [MESSAGE][PASSED] - Text ' ' is set on object 'Object Repository/RAD_Pages/Taxpayer_Page/input_BusinessReplastName'

2024-03-08 02:08:53 - [TEST_STEP][PASSED] - setText(findTestObject(orPath_AddressContact + "/input_streetAddress1"), " "): Text ' ' is set on object 'Object Repository/RAD_Pages/AddressAndContactInfo_Page/input_streetAddress1'

2024-03-08 02:08:53 - [MESSAGE][PASSED] - Text ' ' is set on object 'Object Repository/RAD_Pages/AddressAndContactInfo_Page/input_streetAddress1'

2024-03-08 02:08:53 - [TEST_STEP][PASSED] - setText(findTestObject(orPath_AddressContact + "/input_city"), " "): Text ' ' is set on object 'Object Repository/RAD_Pages/AddressAndContactInfo_Page/input_city'

2024-03-08 02:08:54 - [MESSAGE][PASSED] - Text ' ' is set on object 'Object Repository/RAD_Pages/AddressAndContactInfo_Page/input_city'

2024-03-08 02:08:54 - [TEST_STEP][PASSED] - setText(findTestObject(orPath_AddressContact + "/input_zipCode"), " "): Text ' ' is set on object 'Object Repository/RAD_Pages/AddressAndContactInfo_Page/input_zipCode'

2024-03-08 02:08:55 - [MESSAGE][PASSED] - Text ' ' is set on object 'Object Repository/RAD_Pages/AddressAndContactInfo_Page/input_zipCode'

2024-03-08 02:08:55 - [TEST_STEP][PASSED] - setText(findTestObject(orPath_AddressContact + "/input_phoneNumber"), " "): Text ' ' is set on object 'Object Repository/RAD_Pages/AddressAndContactInfo_Page/input_phoneNumber'

2024-03-08 02:08:56 - [MESSAGE][PASSED] - Text ' ' is set on object 'Object Repository/RAD_Pages/AddressAndContactInfo_Page/input_phoneNumber'

2024-03-08 02:08:56 - [TEST_STEP][PASSED] - setText(findTestObject(orPath_AddressContact + "/input_eMailAddress"), " "): Text ' ' is set on object 'Object Repository/RAD_Pages/AddressAndContactInfo_Page/input_eMailAddress'

2024-03-08 02:08:56 - [MESSAGE][PASSED] - Text ' ' is set on object 'Object Repository/RAD_Pages/AddressAndContactInfo_Page/input_eMailAddress'

2024-03-08 02:08:56 - [TEST_STEP][PASSED] - setText(findTestObject(orPath_AddressContact + "/input_reEnterEMailAddress"), " "): Text ' ' is set on object 'Object Repository/RAD_Pages/AddressAndContactInfo_Page/input_reEnterEMailAddress'

2024-03-08 02:08:57 - [MESSAGE][PASSED] - Text ' ' is set on object 'Object Repository/RAD_Pages/AddressAndContactInfo_Page/input_reEnterEMailAddress'

2024-03-08 02:08:57 - [TEST_STEP][PASSED] - if (TaxType.equalsIgnoreCase("Estate Tax")): null

2024-03-08 02:08:57 - [TEST_STEP][PASSED] - setText(findTestObject(orPath_Amount + "/input__paymentAmount"), ""): Text '' is set on object 'Object Repository/RAD_Pages/PaymentAmount_Page/input__paymentAmount'

2024-03-08 02:08:58 - [MESSAGE][PASSED] - Text '' is set on object 'Object Repository/RAD_Pages/PaymentAmount_Page/input__paymentAmount'

2024-03-08 02:08:58 - [TEST_STEP][PASSED] - resText = "Fail": null

2024-03-08 02:08:58 - [TEST_STEP][PASSED] - pages.WriteExcel.demoKey(resText, datText, resColumn, datCloumn, fileLoc, nameSheet, row): pages.WriteExcel.demoKey is PASSED

2024-03-08 02:08:58 - [MESSAGE][PASSED] - pages.WriteExcel.demoKey is PASSED

2024-03-08 02:08:58 - [TEST_STEP][PASSED] - verifyTextPresent("Enter business name", true, CONTINUE_ON_FAILURE): Text 'Enter business name' is present on page  using regular expression

2024-03-08 02:08:59 - [MESSAGE][PASSED] - Text 'Enter business name' is present on page  using regular expression

2024-03-08 02:08:59 - [TEST_STEP][PASSED] - verifyTextPresent("Enter business rep first name", true, CONTINUE_ON_FAILURE): Text 'Enter business rep first name' is present on page  using regular expression

2024-03-08 02:08:59 - [MESSAGE][PASSED] - Text 'Enter business rep first name' is present on page  using regular expression

2024-03-08 02:08:59 - [TEST_STEP][PASSED] - verifyTextPresent("Enter business rep last name", true, CONTINUE_ON_FAILURE): Text 'Enter business rep last name' is present on page  using regular expression

2024-03-08 02:08:59 - [MESSAGE][PASSED] - Text 'Enter business rep last name' is present on page  using regular expression

2024-03-08 02:08:59 - [TEST_STEP][PASSED] - verifyTextPresent("Enter address", true, CONTINUE_ON_FAILURE): Text 'Enter address' is present on page  using regular expression

2024-03-08 02:09:00 - [MESSAGE][PASSED] - Text 'Enter address' is present on page  using regular expression

2024-03-08 02:09:00 - [TEST_STEP][PASSED] - verifyTextPresent("Enter city", true, CONTINUE_ON_FAILURE): Text 'Enter city' is present on page  using regular expression

2024-03-08 02:09:00 - [MESSAGE][PASSED] - Text 'Enter city' is present on page  using regular expression

2024-03-08 02:09:00 - [TEST_STEP][PASSED] - verifyTextPresent("Enter ZIP code", true, CONTINUE_ON_FAILURE): Text 'Enter ZIP code' is present on page  using regular expression

2024-03-08 02:09:00 - [MESSAGE][PASSED] - Text 'Enter ZIP code' is present on page  using regular expression

2024-03-08 02:09:00 - [TEST_STEP][PASSED] - verifyTextPresent("Enter a valid phone number", true, CONTINUE_ON_FAILURE): Text 'Enter a valid phone number' is present on page  using regular expression

2024-03-08 02:09:01 - [MESSAGE][PASSED] - Text 'Enter a valid phone number' is present on page  using regular expression

2024-03-08 02:09:01 - [TEST_STEP][PASSED] - verifyTextPresent("Enter Email", true, CONTINUE_ON_FAILURE): Text 'Enter Email' is present on page  using regular expression

2024-03-08 02:09:01 - [MESSAGE][PASSED] - Text 'Enter Email' is present on page  using regular expression

2024-03-08 02:09:01 - [TEST_STEP][PASSED] - if (TaxType.equalsIgnoreCase("Estate Tax")): null

2024-03-08 02:09:01 - [TEST_STEP][PASSED] - if (CRN.equalsIgnoreCase("Y")): null

2024-03-08 02:09:01 - [TEST_STEP][PASSED] - resText = "Pass": null

2024-03-08 02:09:01 - [TEST_STEP][PASSED] - pages.WriteExcel.demoKey(resText, datText, resColumn, datCloumn, fileLoc, nameSheet, row): pages.WriteExcel.demoKey is PASSED

2024-03-08 02:09:01 - [MESSAGE][PASSED] - pages.WriteExcel.demoKey is PASSED

2024-03-08 02:09:01 - [TEST_STEP][PASSED] - ExecuteTC = findTestData(dataFile).getValue("Execute", row): null

2024-03-08 02:09:01 - [TEST_STEP][PASSED] - TaxType = findTestData(dataFile).getValue("TaxType", row): null

2024-03-08 02:09:01 - [TEST_STEP][PASSED] - PaymentType = findTestData(dataFile).getValue("PaymentType", row): null

2024-03-08 02:09:01 - [TEST_STEP][PASSED] - FilingYear = findTestData(dataFile).getValue("Year", row): null

2024-03-08 02:09:01 - [TEST_STEP][PASSED] - feinSSN = findTestData(dataFile).getValue("FeinSsn", row): null

2024-03-08 02:09:01 - [TEST_STEP][PASSED] - CRN = findTestData(dataFile).getValue("CRN", row): null

2024-03-08 02:09:01 - [TEST_STEP][PASSED] - if (ExecuteTC.equalsIgnoreCase("Y")): pages.WriteExcel.demoKey is PASSED

2024-03-08 02:09:01 - [TEST_STEP][PASSED] - out.println("Begin Record Number: " + row): null

2024-03-08 02:09:01 - [TEST_STEP][PASSED] - today = new java.util.Date(): null

2024-03-08 02:09:01 - [TEST_STEP][PASSED] - println(today): null

2024-03-08 02:09:01 - [TEST_STEP][PASSED] - datText = today: null

2024-03-08 02:09:01 - [TEST_STEP][PASSED] - logInfo("Payment Type: New Tax Return Amount Due"): Payment Type: New Tax Return Amount Due

2024-03-08 02:09:01 - [MESSAGE][INFO] - Payment Type: New Tax Return Amount Due

2024-03-08 02:09:01 - [TEST_STEP][PASSED] - logInfo("Tax Type: " + TaxType): Tax Type: Motor Fuel Tax

2024-03-08 02:09:01 - [MESSAGE][INFO] - Tax Type: Motor Fuel Tax

2024-03-08 02:09:01 - [TEST_STEP][PASSED] - openBrowser(""): Browser is opened with url: ''

2024-03-08 02:09:01 - [MESSAGE][WARNING] - A browser is already opened. Closing browser and opening a new one

2024-03-08 02:09:36 - [MESSAGE][INFO] - Starting 'Chrome' driver

2024-03-08 02:09:36 - [MESSAGE][INFO] - User set preference: ['acceptInsecureCerts', 'true']

2024-03-08 02:09:36 - [MESSAGE][INFO] - Action delay is set to 0 milliseconds

2024-03-08 02:09:37 - [MESSAGE][PASSED] - Browser is opened with url: ''

2024-03-08 02:09:37 - [TEST_STEP][PASSED] - maximizeWindow(): Current window maximized

2024-03-08 02:09:37 - [MESSAGE][PASSED] - Current window maximized

2024-03-08 02:09:37 - [TEST_STEP][PASSED] - navigateToUrl(RADurl): Navigate to 'https://qa2.velocitypayment.com/client/rad/index.html' successfully

2024-03-08 02:09:39 - [MESSAGE][PASSED] - Navigate to 'https://qa2.velocitypayment.com/client/rad/index.html' successfully

2024-03-08 02:09:39 - [TEST_STEP][PASSED] - selectOptionByLabel(findTestObject(orPath_Landing + "/dd_TaxType"), "New Tax Return Amount Due", false): All options with label 'New Tax Return Amount Due' are selected in object 'Object Repository/RAD_Pages/Landing_Page/dd_TaxType' 

2024-03-08 02:09:40 - [MESSAGE][PASSED] - All options with label 'New Tax Return Amount Due' are selected in object 'Object Repository/RAD_Pages/Landing_Page/dd_TaxType' 

2024-03-08 02:09:40 - [TEST_STEP][PASSED] - selectOptionByLabel(findTestObject("Object Repository/RAD_Pages/Landing_Page/select_NewTaxReturnAmountDue_TaxType"), TaxType, false): All options with label 'Motor Fuel Tax' are selected in object 'Object Repository/RAD_Pages/Landing_Page/select_NewTaxReturnAmountDue_TaxType' 

2024-03-08 02:09:41 - [MESSAGE][PASSED] - All options with label 'Motor Fuel Tax' are selected in object 'Object Repository/RAD_Pages/Landing_Page/select_NewTaxReturnAmountDue_TaxType' 

2024-03-08 02:09:41 - [TEST_STEP][PASSED] - selectOptionByLabel(findTestObject(orPath_TaxTypeFilingYear + "/select_FilingYear"), FilingYear, false): All options with label '2022' are selected in object 'Object Repository/RAD_Pages/TaxTypeFilingYear_Page/select_FilingYear' 

2024-03-08 02:09:41 - [MESSAGE][PASSED] - All options with label '2022' are selected in object 'Object Repository/RAD_Pages/TaxTypeFilingYear_Page/select_FilingYear' 

2024-03-08 02:09:41 - [TEST_STEP][PASSED] - setText(findTestObject(orPath_TaxPayer + "/input_businessName"), " "): Text ' ' is set on object 'Object Repository/RAD_Pages/Taxpayer_Page/input_businessName'

2024-03-08 02:09:42 - [MESSAGE][PASSED] - Text ' ' is set on object 'Object Repository/RAD_Pages/Taxpayer_Page/input_businessName'

2024-03-08 02:09:42 - [TEST_STEP][PASSED] - setText(findTestObject(orPath_TaxPayer + "/input_BusinessRepfirstName"), " "): Text ' ' is set on object 'Object Repository/RAD_Pages/Taxpayer_Page/input_BusinessRepfirstName'

2024-03-08 02:09:43 - [MESSAGE][PASSED] - Text ' ' is set on object 'Object Repository/RAD_Pages/Taxpayer_Page/input_BusinessRepfirstName'

2024-03-08 02:09:43 - [TEST_STEP][PASSED] - setText(findTestObject(orPath_TaxPayer + "/input_BusinessReplastName"), " "): Text ' ' is set on object 'Object Repository/RAD_Pages/Taxpayer_Page/input_BusinessReplastName'

2024-03-08 02:09:43 - [MESSAGE][PASSED] - Text ' ' is set on object 'Object Repository/RAD_Pages/Taxpayer_Page/input_BusinessReplastName'

2024-03-08 02:09:43 - [TEST_STEP][PASSED] - setText(findTestObject(orPath_AddressContact + "/input_streetAddress1"), " "): Text ' ' is set on object 'Object Repository/RAD_Pages/AddressAndContactInfo_Page/input_streetAddress1'

2024-03-08 02:09:44 - [MESSAGE][PASSED] - Text ' ' is set on object 'Object Repository/RAD_Pages/AddressAndContactInfo_Page/input_streetAddress1'

2024-03-08 02:09:44 - [TEST_STEP][PASSED] - setText(findTestObject(orPath_AddressContact + "/input_city"), " "): Text ' ' is set on object 'Object Repository/RAD_Pages/AddressAndContactInfo_Page/input_city'

2024-03-08 02:09:45 - [MESSAGE][PASSED] - Text ' ' is set on object 'Object Repository/RAD_Pages/AddressAndContactInfo_Page/input_city'

2024-03-08 02:09:45 - [TEST_STEP][PASSED] - setText(findTestObject(orPath_AddressContact + "/input_zipCode"), " "): Text ' ' is set on object 'Object Repository/RAD_Pages/AddressAndContactInfo_Page/input_zipCode'

2024-03-08 02:09:46 - [MESSAGE][PASSED] - Text ' ' is set on object 'Object Repository/RAD_Pages/AddressAndContactInfo_Page/input_zipCode'

2024-03-08 02:09:46 - [TEST_STEP][PASSED] - setText(findTestObject(orPath_AddressContact + "/input_phoneNumber"), " "): Text ' ' is set on object 'Object Repository/RAD_Pages/AddressAndContactInfo_Page/input_phoneNumber'

2024-03-08 02:09:46 - [MESSAGE][PASSED] - Text ' ' is set on object 'Object Repository/RAD_Pages/AddressAndContactInfo_Page/input_phoneNumber'

2024-03-08 02:09:46 - [TEST_STEP][PASSED] - setText(findTestObject(orPath_AddressContact + "/input_eMailAddress"), " "): Text ' ' is set on object 'Object Repository/RAD_Pages/AddressAndContactInfo_Page/input_eMailAddress'

2024-03-08 02:09:47 - [MESSAGE][PASSED] - Text ' ' is set on object 'Object Repository/RAD_Pages/AddressAndContactInfo_Page/input_eMailAddress'

2024-03-08 02:09:47 - [TEST_STEP][PASSED] - setText(findTestObject(orPath_AddressContact + "/input_reEnterEMailAddress"), " "): Text ' ' is set on object 'Object Repository/RAD_Pages/AddressAndContactInfo_Page/input_reEnterEMailAddress'

2024-03-08 02:09:48 - [MESSAGE][PASSED] - Text ' ' is set on object 'Object Repository/RAD_Pages/AddressAndContactInfo_Page/input_reEnterEMailAddress'

2024-03-08 02:09:48 - [TEST_STEP][PASSED] - if (TaxType.equalsIgnoreCase("Estate Tax")): null

2024-03-08 02:09:48 - [TEST_STEP][PASSED] - setText(findTestObject(orPath_Amount + "/input__paymentAmount"), ""): Text '' is set on object 'Object Repository/RAD_Pages/PaymentAmount_Page/input__paymentAmount'

2024-03-08 02:09:49 - [MESSAGE][PASSED] - Text '' is set on object 'Object Repository/RAD_Pages/PaymentAmount_Page/input__paymentAmount'

2024-03-08 02:09:49 - [TEST_STEP][PASSED] - resText = "Fail": null

2024-03-08 02:09:49 - [TEST_STEP][PASSED] - pages.WriteExcel.demoKey(resText, datText, resColumn, datCloumn, fileLoc, nameSheet, row): pages.WriteExcel.demoKey is PASSED

2024-03-08 02:09:49 - [MESSAGE][PASSED] - pages.WriteExcel.demoKey is PASSED

2024-03-08 02:09:49 - [TEST_STEP][PASSED] - verifyTextPresent("Enter business name", true, CONTINUE_ON_FAILURE): Text 'Enter business name' is present on page  using regular expression

2024-03-08 02:09:49 - [MESSAGE][PASSED] - Text 'Enter business name' is present on page  using regular expression

2024-03-08 02:09:49 - [TEST_STEP][PASSED] - verifyTextPresent("Enter business rep first name", true, CONTINUE_ON_FAILURE): Text 'Enter business rep first name' is present on page  using regular expression

2024-03-08 02:09:49 - [MESSAGE][PASSED] - Text 'Enter business rep first name' is present on page  using regular expression

2024-03-08 02:09:49 - [TEST_STEP][PASSED] - verifyTextPresent("Enter business rep last name", true, CONTINUE_ON_FAILURE): Text 'Enter business rep last name' is present on page  using regular expression

2024-03-08 02:09:50 - [MESSAGE][PASSED] - Text 'Enter business rep last name' is present on page  using regular expression

2024-03-08 02:09:50 - [TEST_STEP][PASSED] - verifyTextPresent("Enter address", true, CONTINUE_ON_FAILURE): Text 'Enter address' is present on page  using regular expression

2024-03-08 02:09:50 - [MESSAGE][PASSED] - Text 'Enter address' is present on page  using regular expression

2024-03-08 02:09:50 - [TEST_STEP][PASSED] - verifyTextPresent("Enter city", true, CONTINUE_ON_FAILURE): Text 'Enter city' is present on page  using regular expression

2024-03-08 02:09:51 - [MESSAGE][PASSED] - Text 'Enter city' is present on page  using regular expression

2024-03-08 02:09:51 - [TEST_STEP][PASSED] - verifyTextPresent("Enter ZIP code", true, CONTINUE_ON_FAILURE): Text 'Enter ZIP code' is present on page  using regular expression

2024-03-08 02:09:51 - [MESSAGE][PASSED] - Text 'Enter ZIP code' is present on page  using regular expression

2024-03-08 02:09:51 - [TEST_STEP][PASSED] - verifyTextPresent("Enter a valid phone number", true, CONTINUE_ON_FAILURE): Text 'Enter a valid phone number' is present on page  using regular expression

2024-03-08 02:09:51 - [MESSAGE][PASSED] - Text 'Enter a valid phone number' is present on page  using regular expression

2024-03-08 02:09:51 - [TEST_STEP][PASSED] - verifyTextPresent("Enter Email", true, CONTINUE_ON_FAILURE): Text 'Enter Email' is present on page  using regular expression

2024-03-08 02:09:52 - [MESSAGE][PASSED] - Text 'Enter Email' is present on page  using regular expression

2024-03-08 02:09:52 - [TEST_STEP][PASSED] - if (TaxType.equalsIgnoreCase("Estate Tax")): null

2024-03-08 02:09:52 - [TEST_STEP][PASSED] - if (CRN.equalsIgnoreCase("Y")): Text 'Enter valid MD Central Registration Number' is present on page  using regular expression

2024-03-08 02:09:52 - [TEST_STEP][PASSED] - setText(findTestObject(orPath_TaxInfo + "/input_MDCRegistration"), " "): Text ' ' is set on object 'Object Repository/RAD_Pages/TaxInfo_Page/input_MDCRegistration'

2024-03-08 02:09:52 - [MESSAGE][PASSED] - Text ' ' is set on object 'Object Repository/RAD_Pages/TaxInfo_Page/input_MDCRegistration'

2024-03-08 02:09:52 - [TEST_STEP][PASSED] - setText(findTestObject(orPath_Amount + "/input__paymentAmount"), ""): Text '' is set on object 'Object Repository/RAD_Pages/PaymentAmount_Page/input__paymentAmount'

2024-03-08 02:09:53 - [MESSAGE][PASSED] - Text '' is set on object 'Object Repository/RAD_Pages/PaymentAmount_Page/input__paymentAmount'

2024-03-08 02:09:53 - [TEST_STEP][PASSED] - verifyTextPresent("Enter valid MD Central Registration Number", true, CONTINUE_ON_FAILURE): Text 'Enter valid MD Central Registration Number' is present on page  using regular expression

2024-03-08 02:09:53 - [MESSAGE][PASSED] - Text 'Enter valid MD Central Registration Number' is present on page  using regular expression

2024-03-08 02:09:53 - [TEST_STEP][PASSED] - resText = "Pass": null

2024-03-08 02:09:53 - [TEST_STEP][PASSED] - pages.WriteExcel.demoKey(resText, datText, resColumn, datCloumn, fileLoc, nameSheet, row): pages.WriteExcel.demoKey is PASSED

2024-03-08 02:09:53 - [MESSAGE][PASSED] - pages.WriteExcel.demoKey is PASSED

2024-03-08 02:09:53 - [TEST_STEP][PASSED] - ExecuteTC = findTestData(dataFile).getValue("Execute", row): null

2024-03-08 02:09:53 - [TEST_STEP][PASSED] - TaxType = findTestData(dataFile).getValue("TaxType", row): null

2024-03-08 02:09:53 - [TEST_STEP][PASSED] - PaymentType = findTestData(dataFile).getValue("PaymentType", row): null

2024-03-08 02:09:54 - [TEST_STEP][PASSED] - FilingYear = findTestData(dataFile).getValue("Year", row): null

2024-03-08 02:09:54 - [TEST_STEP][PASSED] - feinSSN = findTestData(dataFile).getValue("FeinSsn", row): null

2024-03-08 02:09:54 - [TEST_STEP][PASSED] - CRN = findTestData(dataFile).getValue("CRN", row): null

2024-03-08 02:09:54 - [TEST_STEP][PASSED] - if (ExecuteTC.equalsIgnoreCase("Y")): pages.WriteExcel.demoKey is PASSED

2024-03-08 02:09:54 - [TEST_STEP][PASSED] - out.println("Begin Record Number: " + row): null

2024-03-08 02:09:54 - [TEST_STEP][PASSED] - today = new java.util.Date(): null

2024-03-08 02:09:54 - [TEST_STEP][PASSED] - println(today): null

2024-03-08 02:09:54 - [TEST_STEP][PASSED] - datText = today: null

2024-03-08 02:09:54 - [TEST_STEP][PASSED] - logInfo("Payment Type: New Tax Return Amount Due"): Payment Type: New Tax Return Amount Due

2024-03-08 02:09:54 - [MESSAGE][INFO] - Payment Type: New Tax Return Amount Due

2024-03-08 02:09:54 - [TEST_STEP][PASSED] - logInfo("Tax Type: " + TaxType): Tax Type: Sales and Use Tax

2024-03-08 02:09:54 - [MESSAGE][INFO] - Tax Type: Sales and Use Tax

2024-03-08 02:09:54 - [TEST_STEP][PASSED] - openBrowser(""): Browser is opened with url: ''

2024-03-08 02:09:54 - [MESSAGE][WARNING] - A browser is already opened. Closing browser and opening a new one

2024-03-08 02:10:09 - [MESSAGE][INFO] - Starting 'Chrome' driver

2024-03-08 02:10:09 - [MESSAGE][INFO] - User set preference: ['acceptInsecureCerts', 'true']

2024-03-08 02:10:09 - [MESSAGE][INFO] - Action delay is set to 0 milliseconds

2024-03-08 02:10:10 - [MESSAGE][PASSED] - Browser is opened with url: ''

2024-03-08 02:10:10 - [TEST_STEP][PASSED] - maximizeWindow(): Current window maximized

2024-03-08 02:10:11 - [MESSAGE][PASSED] - Current window maximized

2024-03-08 02:10:11 - [TEST_STEP][PASSED] - navigateToUrl(RADurl): Navigate to 'https://qa2.velocitypayment.com/client/rad/index.html' successfully

2024-03-08 02:10:17 - [MESSAGE][PASSED] - Navigate to 'https://qa2.velocitypayment.com/client/rad/index.html' successfully

2024-03-08 02:10:17 - [TEST_STEP][PASSED] - selectOptionByLabel(findTestObject(orPath_Landing + "/dd_TaxType"), "New Tax Return Amount Due", false): All options with label 'New Tax Return Amount Due' are selected in object 'Object Repository/RAD_Pages/Landing_Page/dd_TaxType' 

2024-03-08 02:10:18 - [MESSAGE][PASSED] - All options with label 'New Tax Return Amount Due' are selected in object 'Object Repository/RAD_Pages/Landing_Page/dd_TaxType' 

2024-03-08 02:10:18 - [TEST_STEP][PASSED] - selectOptionByLabel(findTestObject("Object Repository/RAD_Pages/Landing_Page/select_NewTaxReturnAmountDue_TaxType"), TaxType, false): All options with label 'Sales and Use Tax' are selected in object 'Object Repository/RAD_Pages/Landing_Page/select_NewTaxReturnAmountDue_TaxType' 

2024-03-08 02:10:19 - [MESSAGE][PASSED] - All options with label 'Sales and Use Tax' are selected in object 'Object Repository/RAD_Pages/Landing_Page/select_NewTaxReturnAmountDue_TaxType' 

2024-03-08 02:10:19 - [TEST_STEP][PASSED] - selectOptionByLabel(findTestObject(orPath_TaxTypeFilingYear + "/select_FilingYear"), FilingYear, false): All options with label '2022' are selected in object 'Object Repository/RAD_Pages/TaxTypeFilingYear_Page/select_FilingYear' 

2024-03-08 02:10:19 - [MESSAGE][PASSED] - All options with label '2022' are selected in object 'Object Repository/RAD_Pages/TaxTypeFilingYear_Page/select_FilingYear' 

2024-03-08 02:10:19 - [TEST_STEP][PASSED] - setText(findTestObject(orPath_TaxPayer + "/input_businessName"), " "): Text ' ' is set on object 'Object Repository/RAD_Pages/Taxpayer_Page/input_businessName'

2024-03-08 02:10:20 - [MESSAGE][PASSED] - Text ' ' is set on object 'Object Repository/RAD_Pages/Taxpayer_Page/input_businessName'

2024-03-08 02:10:20 - [TEST_STEP][PASSED] - setText(findTestObject(orPath_TaxPayer + "/input_BusinessRepfirstName"), " "): Text ' ' is set on object 'Object Repository/RAD_Pages/Taxpayer_Page/input_BusinessRepfirstName'

2024-03-08 02:10:21 - [MESSAGE][PASSED] - Text ' ' is set on object 'Object Repository/RAD_Pages/Taxpayer_Page/input_BusinessRepfirstName'

2024-03-08 02:10:21 - [TEST_STEP][PASSED] - setText(findTestObject(orPath_TaxPayer + "/input_BusinessReplastName"), " "): Text ' ' is set on object 'Object Repository/RAD_Pages/Taxpayer_Page/input_BusinessReplastName'

2024-03-08 02:10:22 - [MESSAGE][PASSED] - Text ' ' is set on object 'Object Repository/RAD_Pages/Taxpayer_Page/input_BusinessReplastName'

2024-03-08 02:10:22 - [TEST_STEP][PASSED] - setText(findTestObject(orPath_AddressContact + "/input_streetAddress1"), " "): Text ' ' is set on object 'Object Repository/RAD_Pages/AddressAndContactInfo_Page/input_streetAddress1'

2024-03-08 02:10:22 - [MESSAGE][PASSED] - Text ' ' is set on object 'Object Repository/RAD_Pages/AddressAndContactInfo_Page/input_streetAddress1'

2024-03-08 02:10:22 - [TEST_STEP][PASSED] - setText(findTestObject(orPath_AddressContact + "/input_city"), " "): Text ' ' is set on object 'Object Repository/RAD_Pages/AddressAndContactInfo_Page/input_city'

2024-03-08 02:10:23 - [MESSAGE][PASSED] - Text ' ' is set on object 'Object Repository/RAD_Pages/AddressAndContactInfo_Page/input_city'

2024-03-08 02:10:23 - [TEST_STEP][PASSED] - setText(findTestObject(orPath_AddressContact + "/input_zipCode"), " "): Text ' ' is set on object 'Object Repository/RAD_Pages/AddressAndContactInfo_Page/input_zipCode'

2024-03-08 02:10:24 - [MESSAGE][PASSED] - Text ' ' is set on object 'Object Repository/RAD_Pages/AddressAndContactInfo_Page/input_zipCode'

2024-03-08 02:10:24 - [TEST_STEP][PASSED] - setText(findTestObject(orPath_AddressContact + "/input_phoneNumber"), " "): Text ' ' is set on object 'Object Repository/RAD_Pages/AddressAndContactInfo_Page/input_phoneNumber'

2024-03-08 02:10:24 - [MESSAGE][PASSED] - Text ' ' is set on object 'Object Repository/RAD_Pages/AddressAndContactInfo_Page/input_phoneNumber'

2024-03-08 02:10:24 - [TEST_STEP][PASSED] - setText(findTestObject(orPath_AddressContact + "/input_eMailAddress"), " "): Text ' ' is set on object 'Object Repository/RAD_Pages/AddressAndContactInfo_Page/input_eMailAddress'

2024-03-08 02:10:25 - [MESSAGE][PASSED] - Text ' ' is set on object 'Object Repository/RAD_Pages/AddressAndContactInfo_Page/input_eMailAddress'

2024-03-08 02:10:25 - [TEST_STEP][PASSED] - setText(findTestObject(orPath_AddressContact + "/input_reEnterEMailAddress"), " "): Text ' ' is set on object 'Object Repository/RAD_Pages/AddressAndContactInfo_Page/input_reEnterEMailAddress'

2024-03-08 02:10:26 - [MESSAGE][PASSED] - Text ' ' is set on object 'Object Repository/RAD_Pages/AddressAndContactInfo_Page/input_reEnterEMailAddress'

2024-03-08 02:10:26 - [TEST_STEP][PASSED] - if (TaxType.equalsIgnoreCase("Estate Tax")): null

2024-03-08 02:10:26 - [TEST_STEP][PASSED] - setText(findTestObject(orPath_Amount + "/input__paymentAmount"), ""): Text '' is set on object 'Object Repository/RAD_Pages/PaymentAmount_Page/input__paymentAmount'

2024-03-08 02:10:27 - [MESSAGE][PASSED] - Text '' is set on object 'Object Repository/RAD_Pages/PaymentAmount_Page/input__paymentAmount'

2024-03-08 02:10:27 - [TEST_STEP][PASSED] - resText = "Fail": null

2024-03-08 02:10:27 - [TEST_STEP][PASSED] - pages.WriteExcel.demoKey(resText, datText, resColumn, datCloumn, fileLoc, nameSheet, row): pages.WriteExcel.demoKey is PASSED

2024-03-08 02:10:27 - [MESSAGE][PASSED] - pages.WriteExcel.demoKey is PASSED

2024-03-08 02:10:27 - [TEST_STEP][PASSED] - verifyTextPresent("Enter business name", true, CONTINUE_ON_FAILURE): Text 'Enter business name' is present on page  using regular expression

2024-03-08 02:10:27 - [MESSAGE][PASSED] - Text 'Enter business name' is present on page  using regular expression

2024-03-08 02:10:27 - [TEST_STEP][PASSED] - verifyTextPresent("Enter business rep first name", true, CONTINUE_ON_FAILURE): Text 'Enter business rep first name' is present on page  using regular expression

2024-03-08 02:10:28 - [MESSAGE][PASSED] - Text 'Enter business rep first name' is present on page  using regular expression

2024-03-08 02:10:28 - [TEST_STEP][PASSED] - verifyTextPresent("Enter business rep last name", true, CONTINUE_ON_FAILURE): Text 'Enter business rep last name' is present on page  using regular expression

2024-03-08 02:10:28 - [MESSAGE][PASSED] - Text 'Enter business rep last name' is present on page  using regular expression

2024-03-08 02:10:28 - [TEST_STEP][PASSED] - verifyTextPresent("Enter address", true, CONTINUE_ON_FAILURE): Text 'Enter address' is present on page  using regular expression

2024-03-08 02:10:28 - [MESSAGE][PASSED] - Text 'Enter address' is present on page  using regular expression

2024-03-08 02:10:28 - [TEST_STEP][PASSED] - verifyTextPresent("Enter city", true, CONTINUE_ON_FAILURE): Text 'Enter city' is present on page  using regular expression

2024-03-08 02:10:29 - [MESSAGE][PASSED] - Text 'Enter city' is present on page  using regular expression

2024-03-08 02:10:29 - [TEST_STEP][PASSED] - verifyTextPresent("Enter ZIP code", true, CONTINUE_ON_FAILURE): Text 'Enter ZIP code' is present on page  using regular expression

2024-03-08 02:10:29 - [MESSAGE][PASSED] - Text 'Enter ZIP code' is present on page  using regular expression

2024-03-08 02:10:29 - [TEST_STEP][PASSED] - verifyTextPresent("Enter a valid phone number", true, CONTINUE_ON_FAILURE): Text 'Enter a valid phone number' is present on page  using regular expression

2024-03-08 02:10:29 - [MESSAGE][PASSED] - Text 'Enter a valid phone number' is present on page  using regular expression

2024-03-08 02:10:29 - [TEST_STEP][PASSED] - verifyTextPresent("Enter Email", true, CONTINUE_ON_FAILURE): Text 'Enter Email' is present on page  using regular expression

2024-03-08 02:10:30 - [MESSAGE][PASSED] - Text 'Enter Email' is present on page  using regular expression

2024-03-08 02:10:30 - [TEST_STEP][PASSED] - if (TaxType.equalsIgnoreCase("Estate Tax")): null

2024-03-08 02:10:30 - [TEST_STEP][PASSED] - if (CRN.equalsIgnoreCase("Y")): Text 'Enter valid MD Central Registration Number' is present on page  using regular expression

2024-03-08 02:10:30 - [TEST_STEP][PASSED] - setText(findTestObject(orPath_TaxInfo + "/input_MDCRegistration"), " "): Text ' ' is set on object 'Object Repository/RAD_Pages/TaxInfo_Page/input_MDCRegistration'

2024-03-08 02:10:30 - [MESSAGE][PASSED] - Text ' ' is set on object 'Object Repository/RAD_Pages/TaxInfo_Page/input_MDCRegistration'

2024-03-08 02:10:30 - [TEST_STEP][PASSED] - setText(findTestObject(orPath_Amount + "/input__paymentAmount"), ""): Text '' is set on object 'Object Repository/RAD_Pages/PaymentAmount_Page/input__paymentAmount'

2024-03-08 02:10:31 - [MESSAGE][PASSED] - Text '' is set on object 'Object Repository/RAD_Pages/PaymentAmount_Page/input__paymentAmount'

2024-03-08 02:10:31 - [TEST_STEP][PASSED] - verifyTextPresent("Enter valid MD Central Registration Number", true, CONTINUE_ON_FAILURE): Text 'Enter valid MD Central Registration Number' is present on page  using regular expression

2024-03-08 02:10:32 - [MESSAGE][PASSED] - Text 'Enter valid MD Central Registration Number' is present on page  using regular expression

2024-03-08 02:10:32 - [TEST_STEP][PASSED] - resText = "Pass": null

2024-03-08 02:10:32 - [TEST_STEP][PASSED] - pages.WriteExcel.demoKey(resText, datText, resColumn, datCloumn, fileLoc, nameSheet, row): pages.WriteExcel.demoKey is PASSED

2024-03-08 02:10:32 - [MESSAGE][PASSED] - pages.WriteExcel.demoKey is PASSED

2024-03-08 02:10:32 - [TEST_STEP][PASSED] - ExecuteTC = findTestData(dataFile).getValue("Execute", row): null

2024-03-08 02:10:32 - [TEST_STEP][PASSED] - TaxType = findTestData(dataFile).getValue("TaxType", row): null

2024-03-08 02:10:32 - [TEST_STEP][PASSED] - PaymentType = findTestData(dataFile).getValue("PaymentType", row): null

2024-03-08 02:10:32 - [TEST_STEP][PASSED] - FilingYear = findTestData(dataFile).getValue("Year", row): null

2024-03-08 02:10:32 - [TEST_STEP][PASSED] - feinSSN = findTestData(dataFile).getValue("FeinSsn", row): null

2024-03-08 02:10:32 - [TEST_STEP][PASSED] - CRN = findTestData(dataFile).getValue("CRN", row): null

2024-03-08 02:10:32 - [TEST_STEP][PASSED] - if (ExecuteTC.equalsIgnoreCase("Y")): pages.WriteExcel.demoKey is PASSED

2024-03-08 02:10:32 - [TEST_STEP][PASSED] - out.println("Begin Record Number: " + row): null

2024-03-08 02:10:32 - [TEST_STEP][PASSED] - today = new java.util.Date(): null

2024-03-08 02:10:32 - [TEST_STEP][PASSED] - println(today): null

2024-03-08 02:10:32 - [TEST_STEP][PASSED] - datText = today: null

2024-03-08 02:10:32 - [TEST_STEP][PASSED] - logInfo("Payment Type: New Tax Return Amount Due"): Payment Type: New Tax Return Amount Due

2024-03-08 02:10:32 - [MESSAGE][INFO] - Payment Type: New Tax Return Amount Due

2024-03-08 02:10:32 - [TEST_STEP][PASSED] - logInfo("Tax Type: " + TaxType): Tax Type: Slots License Fee

2024-03-08 02:10:32 - [MESSAGE][INFO] - Tax Type: Slots License Fee

2024-03-08 02:10:32 - [TEST_STEP][PASSED] - openBrowser(""): Browser is opened with url: ''

2024-03-08 02:10:32 - [MESSAGE][WARNING] - A browser is already opened. Closing browser and opening a new one

2024-03-08 02:11:32 - [MESSAGE][INFO] - Starting 'Chrome' driver

2024-03-08 02:11:32 - [MESSAGE][INFO] - User set preference: ['acceptInsecureCerts', 'true']

2024-03-08 02:11:32 - [MESSAGE][INFO] - Action delay is set to 0 milliseconds

2024-03-08 02:11:34 - [MESSAGE][PASSED] - Browser is opened with url: ''

2024-03-08 02:11:34 - [TEST_STEP][PASSED] - maximizeWindow(): Current window maximized

2024-03-08 02:11:34 - [MESSAGE][PASSED] - Current window maximized

2024-03-08 02:11:34 - [TEST_STEP][PASSED] - navigateToUrl(RADurl): Navigate to 'https://qa2.velocitypayment.com/client/rad/index.html' successfully

2024-03-08 02:11:36 - [MESSAGE][PASSED] - Navigate to 'https://qa2.velocitypayment.com/client/rad/index.html' successfully

2024-03-08 02:11:36 - [TEST_STEP][PASSED] - selectOptionByLabel(findTestObject(orPath_Landing + "/dd_TaxType"), "New Tax Return Amount Due", false): All options with label 'New Tax Return Amount Due' are selected in object 'Object Repository/RAD_Pages/Landing_Page/dd_TaxType' 

2024-03-08 02:11:37 - [MESSAGE][PASSED] - All options with label 'New Tax Return Amount Due' are selected in object 'Object Repository/RAD_Pages/Landing_Page/dd_TaxType' 

2024-03-08 02:11:37 - [TEST_STEP][PASSED] - selectOptionByLabel(findTestObject("Object Repository/RAD_Pages/Landing_Page/select_NewTaxReturnAmountDue_TaxType"), TaxType, false): All options with label 'Slots License Fee' are selected in object 'Object Repository/RAD_Pages/Landing_Page/select_NewTaxReturnAmountDue_TaxType' 

2024-03-08 02:11:38 - [MESSAGE][PASSED] - All options with label 'Slots License Fee' are selected in object 'Object Repository/RAD_Pages/Landing_Page/select_NewTaxReturnAmountDue_TaxType' 

2024-03-08 02:11:38 - [TEST_STEP][PASSED] - selectOptionByLabel(findTestObject(orPath_TaxTypeFilingYear + "/select_FilingYear"), FilingYear, false): All options with label '2022' are selected in object 'Object Repository/RAD_Pages/TaxTypeFilingYear_Page/select_FilingYear' 

2024-03-08 02:11:38 - [MESSAGE][PASSED] - All options with label '2022' are selected in object 'Object Repository/RAD_Pages/TaxTypeFilingYear_Page/select_FilingYear' 

2024-03-08 02:11:38 - [TEST_STEP][PASSED] - setText(findTestObject(orPath_TaxPayer + "/input_businessName"), " "): Text ' ' is set on object 'Object Repository/RAD_Pages/Taxpayer_Page/input_businessName'

2024-03-08 02:11:39 - [MESSAGE][PASSED] - Text ' ' is set on object 'Object Repository/RAD_Pages/Taxpayer_Page/input_businessName'

2024-03-08 02:11:39 - [TEST_STEP][PASSED] - setText(findTestObject(orPath_TaxPayer + "/input_BusinessRepfirstName"), " "): Text ' ' is set on object 'Object Repository/RAD_Pages/Taxpayer_Page/input_BusinessRepfirstName'

2024-03-08 02:11:40 - [MESSAGE][PASSED] - Text ' ' is set on object 'Object Repository/RAD_Pages/Taxpayer_Page/input_BusinessRepfirstName'

2024-03-08 02:11:40 - [TEST_STEP][PASSED] - setText(findTestObject(orPath_TaxPayer + "/input_BusinessReplastName"), " "): Text ' ' is set on object 'Object Repository/RAD_Pages/Taxpayer_Page/input_BusinessReplastName'

2024-03-08 02:11:40 - [MESSAGE][PASSED] - Text ' ' is set on object 'Object Repository/RAD_Pages/Taxpayer_Page/input_BusinessReplastName'

2024-03-08 02:11:40 - [TEST_STEP][PASSED] - setText(findTestObject(orPath_AddressContact + "/input_streetAddress1"), " "): Text ' ' is set on object 'Object Repository/RAD_Pages/AddressAndContactInfo_Page/input_streetAddress1'

2024-03-08 02:11:41 - [MESSAGE][PASSED] - Text ' ' is set on object 'Object Repository/RAD_Pages/AddressAndContactInfo_Page/input_streetAddress1'

2024-03-08 02:11:41 - [TEST_STEP][PASSED] - setText(findTestObject(orPath_AddressContact + "/input_city"), " "): Text ' ' is set on object 'Object Repository/RAD_Pages/AddressAndContactInfo_Page/input_city'

2024-03-08 02:11:42 - [MESSAGE][PASSED] - Text ' ' is set on object 'Object Repository/RAD_Pages/AddressAndContactInfo_Page/input_city'

2024-03-08 02:11:42 - [TEST_STEP][PASSED] - setText(findTestObject(orPath_AddressContact + "/input_zipCode"), " "): Text ' ' is set on object 'Object Repository/RAD_Pages/AddressAndContactInfo_Page/input_zipCode'

2024-03-08 02:11:42 - [MESSAGE][PASSED] - Text ' ' is set on object 'Object Repository/RAD_Pages/AddressAndContactInfo_Page/input_zipCode'

2024-03-08 02:11:42 - [TEST_STEP][PASSED] - setText(findTestObject(orPath_AddressContact + "/input_phoneNumber"), " "): Text ' ' is set on object 'Object Repository/RAD_Pages/AddressAndContactInfo_Page/input_phoneNumber'

2024-03-08 02:11:43 - [MESSAGE][PASSED] - Text ' ' is set on object 'Object Repository/RAD_Pages/AddressAndContactInfo_Page/input_phoneNumber'

2024-03-08 02:11:43 - [TEST_STEP][PASSED] - setText(findTestObject(orPath_AddressContact + "/input_eMailAddress"), " "): Text ' ' is set on object 'Object Repository/RAD_Pages/AddressAndContactInfo_Page/input_eMailAddress'

2024-03-08 02:11:44 - [MESSAGE][PASSED] - Text ' ' is set on object 'Object Repository/RAD_Pages/AddressAndContactInfo_Page/input_eMailAddress'

2024-03-08 02:11:44 - [TEST_STEP][PASSED] - setText(findTestObject(orPath_AddressContact + "/input_reEnterEMailAddress"), " "): Text ' ' is set on object 'Object Repository/RAD_Pages/AddressAndContactInfo_Page/input_reEnterEMailAddress'

2024-03-08 02:11:45 - [MESSAGE][PASSED] - Text ' ' is set on object 'Object Repository/RAD_Pages/AddressAndContactInfo_Page/input_reEnterEMailAddress'

2024-03-08 02:11:45 - [TEST_STEP][PASSED] - if (TaxType.equalsIgnoreCase("Estate Tax")): null

2024-03-08 02:11:45 - [TEST_STEP][PASSED] - setText(findTestObject(orPath_Amount + "/input__paymentAmount"), ""): Text '' is set on object 'Object Repository/RAD_Pages/PaymentAmount_Page/input__paymentAmount'

2024-03-08 02:11:45 - [MESSAGE][PASSED] - Text '' is set on object 'Object Repository/RAD_Pages/PaymentAmount_Page/input__paymentAmount'

2024-03-08 02:11:45 - [TEST_STEP][PASSED] - resText = "Fail": null

2024-03-08 02:11:45 - [TEST_STEP][PASSED] - pages.WriteExcel.demoKey(resText, datText, resColumn, datCloumn, fileLoc, nameSheet, row): pages.WriteExcel.demoKey is PASSED

2024-03-08 02:11:46 - [MESSAGE][PASSED] - pages.WriteExcel.demoKey is PASSED

2024-03-08 02:11:46 - [TEST_STEP][PASSED] - verifyTextPresent("Enter business name", true, CONTINUE_ON_FAILURE): Text 'Enter business name' is present on page  using regular expression

2024-03-08 02:11:46 - [MESSAGE][PASSED] - Text 'Enter business name' is present on page  using regular expression

2024-03-08 02:11:46 - [TEST_STEP][PASSED] - verifyTextPresent("Enter business rep first name", true, CONTINUE_ON_FAILURE): Text 'Enter business rep first name' is present on page  using regular expression

2024-03-08 02:11:46 - [MESSAGE][PASSED] - Text 'Enter business rep first name' is present on page  using regular expression

2024-03-08 02:11:46 - [TEST_STEP][PASSED] - verifyTextPresent("Enter business rep last name", true, CONTINUE_ON_FAILURE): Text 'Enter business rep last name' is present on page  using regular expression

2024-03-08 02:11:47 - [MESSAGE][PASSED] - Text 'Enter business rep last name' is present on page  using regular expression

2024-03-08 02:11:47 - [TEST_STEP][PASSED] - verifyTextPresent("Enter address", true, CONTINUE_ON_FAILURE): Text 'Enter address' is present on page  using regular expression

2024-03-08 02:11:47 - [MESSAGE][PASSED] - Text 'Enter address' is present on page  using regular expression

2024-03-08 02:11:47 - [TEST_STEP][PASSED] - verifyTextPresent("Enter city", true, CONTINUE_ON_FAILURE): Text 'Enter city' is present on page  using regular expression

2024-03-08 02:11:47 - [MESSAGE][PASSED] - Text 'Enter city' is present on page  using regular expression

2024-03-08 02:11:47 - [TEST_STEP][PASSED] - verifyTextPresent("Enter ZIP code", true, CONTINUE_ON_FAILURE): Text 'Enter ZIP code' is present on page  using regular expression

2024-03-08 02:11:48 - [MESSAGE][PASSED] - Text 'Enter ZIP code' is present on page  using regular expression

2024-03-08 02:11:48 - [TEST_STEP][PASSED] - verifyTextPresent("Enter a valid phone number", true, CONTINUE_ON_FAILURE): Text 'Enter a valid phone number' is present on page  using regular expression

2024-03-08 02:11:48 - [MESSAGE][PASSED] - Text 'Enter a valid phone number' is present on page  using regular expression

2024-03-08 02:11:48 - [TEST_STEP][PASSED] - verifyTextPresent("Enter Email", true, CONTINUE_ON_FAILURE): Text 'Enter Email' is present on page  using regular expression

2024-03-08 02:11:49 - [MESSAGE][PASSED] - Text 'Enter Email' is present on page  using regular expression

2024-03-08 02:11:49 - [TEST_STEP][PASSED] - if (TaxType.equalsIgnoreCase("Estate Tax")): null

2024-03-08 02:11:49 - [TEST_STEP][PASSED] - if (CRN.equalsIgnoreCase("Y")): null

2024-03-08 02:11:49 - [TEST_STEP][PASSED] - resText = "Pass": null

2024-03-08 02:11:49 - [TEST_STEP][PASSED] - pages.WriteExcel.demoKey(resText, datText, resColumn, datCloumn, fileLoc, nameSheet, row): pages.WriteExcel.demoKey is PASSED

2024-03-08 02:11:49 - [MESSAGE][PASSED] - pages.WriteExcel.demoKey is PASSED

2024-03-08 02:11:49 - [TEST_STEP][PASSED] - ExecuteTC = findTestData(dataFile).getValue("Execute", row): null

2024-03-08 02:11:49 - [TEST_STEP][PASSED] - TaxType = findTestData(dataFile).getValue("TaxType", row): null

2024-03-08 02:11:49 - [TEST_STEP][PASSED] - PaymentType = findTestData(dataFile).getValue("PaymentType", row): null

2024-03-08 02:11:49 - [TEST_STEP][PASSED] - FilingYear = findTestData(dataFile).getValue("Year", row): null

2024-03-08 02:11:49 - [TEST_STEP][PASSED] - feinSSN = findTestData(dataFile).getValue("FeinSsn", row): null

2024-03-08 02:11:49 - [TEST_STEP][PASSED] - CRN = findTestData(dataFile).getValue("CRN", row): null

2024-03-08 02:11:49 - [TEST_STEP][PASSED] - if (ExecuteTC.equalsIgnoreCase("Y")): pages.WriteExcel.demoKey is PASSED

2024-03-08 02:11:49 - [TEST_STEP][PASSED] - out.println("Begin Record Number: " + row): null

2024-03-08 02:11:49 - [TEST_STEP][PASSED] - today = new java.util.Date(): null

2024-03-08 02:11:49 - [TEST_STEP][PASSED] - println(today): null

2024-03-08 02:11:49 - [TEST_STEP][PASSED] - datText = today: null

2024-03-08 02:11:49 - [TEST_STEP][PASSED] - logInfo("Payment Type: New Tax Return Amount Due"): Payment Type: New Tax Return Amount Due

2024-03-08 02:11:49 - [MESSAGE][INFO] - Payment Type: New Tax Return Amount Due

2024-03-08 02:11:49 - [TEST_STEP][PASSED] - logInfo("Tax Type: " + TaxType): Tax Type: Tire Recycling Fee

2024-03-08 02:11:49 - [MESSAGE][INFO] - Tax Type: Tire Recycling Fee

2024-03-08 02:11:49 - [TEST_STEP][PASSED] - openBrowser(""): Browser is opened with url: ''

2024-03-08 02:11:49 - [MESSAGE][WARNING] - A browser is already opened. Closing browser and opening a new one

2024-03-08 02:12:08 - [MESSAGE][INFO] - Starting 'Chrome' driver

2024-03-08 02:12:08 - [MESSAGE][INFO] - User set preference: ['acceptInsecureCerts', 'true']

2024-03-08 02:12:08 - [MESSAGE][INFO] - Action delay is set to 0 milliseconds

2024-03-08 02:12:10 - [MESSAGE][PASSED] - Browser is opened with url: ''

2024-03-08 02:12:10 - [TEST_STEP][PASSED] - maximizeWindow(): Current window maximized

2024-03-08 02:12:10 - [MESSAGE][PASSED] - Current window maximized

2024-03-08 02:12:10 - [TEST_STEP][PASSED] - navigateToUrl(RADurl): Navigate to 'https://qa2.velocitypayment.com/client/rad/index.html' successfully

2024-03-08 02:12:17 - [MESSAGE][PASSED] - Navigate to 'https://qa2.velocitypayment.com/client/rad/index.html' successfully

2024-03-08 02:12:17 - [TEST_STEP][PASSED] - selectOptionByLabel(findTestObject(orPath_Landing + "/dd_TaxType"), "New Tax Return Amount Due", false): All options with label 'New Tax Return Amount Due' are selected in object 'Object Repository/RAD_Pages/Landing_Page/dd_TaxType' 

2024-03-08 02:12:18 - [MESSAGE][PASSED] - All options with label 'New Tax Return Amount Due' are selected in object 'Object Repository/RAD_Pages/Landing_Page/dd_TaxType' 

2024-03-08 02:12:18 - [TEST_STEP][PASSED] - selectOptionByLabel(findTestObject("Object Repository/RAD_Pages/Landing_Page/select_NewTaxReturnAmountDue_TaxType"), TaxType, false): All options with label 'Tire Recycling Fee' are selected in object 'Object Repository/RAD_Pages/Landing_Page/select_NewTaxReturnAmountDue_TaxType' 

2024-03-08 02:12:19 - [MESSAGE][PASSED] - All options with label 'Tire Recycling Fee' are selected in object 'Object Repository/RAD_Pages/Landing_Page/select_NewTaxReturnAmountDue_TaxType' 

2024-03-08 02:12:19 - [TEST_STEP][PASSED] - selectOptionByLabel(findTestObject(orPath_TaxTypeFilingYear + "/select_FilingYear"), FilingYear, false): All options with label '2022' are selected in object 'Object Repository/RAD_Pages/TaxTypeFilingYear_Page/select_FilingYear' 

2024-03-08 02:12:19 - [MESSAGE][PASSED] - All options with label '2022' are selected in object 'Object Repository/RAD_Pages/TaxTypeFilingYear_Page/select_FilingYear' 

2024-03-08 02:12:19 - [TEST_STEP][PASSED] - setText(findTestObject(orPath_TaxPayer + "/input_businessName"), " "): Text ' ' is set on object 'Object Repository/RAD_Pages/Taxpayer_Page/input_businessName'

2024-03-08 02:12:20 - [MESSAGE][PASSED] - Text ' ' is set on object 'Object Repository/RAD_Pages/Taxpayer_Page/input_businessName'

2024-03-08 02:12:20 - [TEST_STEP][PASSED] - setText(findTestObject(orPath_TaxPayer + "/input_BusinessRepfirstName"), " "): Text ' ' is set on object 'Object Repository/RAD_Pages/Taxpayer_Page/input_BusinessRepfirstName'

2024-03-08 02:12:21 - [MESSAGE][PASSED] - Text ' ' is set on object 'Object Repository/RAD_Pages/Taxpayer_Page/input_BusinessRepfirstName'

2024-03-08 02:12:21 - [TEST_STEP][PASSED] - setText(findTestObject(orPath_TaxPayer + "/input_BusinessReplastName"), " "): Text ' ' is set on object 'Object Repository/RAD_Pages/Taxpayer_Page/input_BusinessReplastName'

2024-03-08 02:12:22 - [MESSAGE][PASSED] - Text ' ' is set on object 'Object Repository/RAD_Pages/Taxpayer_Page/input_BusinessReplastName'

2024-03-08 02:12:22 - [TEST_STEP][PASSED] - setText(findTestObject(orPath_AddressContact + "/input_streetAddress1"), " "): Text ' ' is set on object 'Object Repository/RAD_Pages/AddressAndContactInfo_Page/input_streetAddress1'

2024-03-08 02:12:22 - [MESSAGE][PASSED] - Text ' ' is set on object 'Object Repository/RAD_Pages/AddressAndContactInfo_Page/input_streetAddress1'

2024-03-08 02:12:22 - [TEST_STEP][PASSED] - setText(findTestObject(orPath_AddressContact + "/input_city"), " "): Text ' ' is set on object 'Object Repository/RAD_Pages/AddressAndContactInfo_Page/input_city'

2024-03-08 02:12:23 - [MESSAGE][PASSED] - Text ' ' is set on object 'Object Repository/RAD_Pages/AddressAndContactInfo_Page/input_city'

2024-03-08 02:12:23 - [TEST_STEP][PASSED] - setText(findTestObject(orPath_AddressContact + "/input_zipCode"), " "): Text ' ' is set on object 'Object Repository/RAD_Pages/AddressAndContactInfo_Page/input_zipCode'

2024-03-08 02:12:24 - [MESSAGE][PASSED] - Text ' ' is set on object 'Object Repository/RAD_Pages/AddressAndContactInfo_Page/input_zipCode'

2024-03-08 02:12:24 - [TEST_STEP][PASSED] - setText(findTestObject(orPath_AddressContact + "/input_phoneNumber"), " "): Text ' ' is set on object 'Object Repository/RAD_Pages/AddressAndContactInfo_Page/input_phoneNumber'

2024-03-08 02:12:24 - [MESSAGE][PASSED] - Text ' ' is set on object 'Object Repository/RAD_Pages/AddressAndContactInfo_Page/input_phoneNumber'

2024-03-08 02:12:24 - [TEST_STEP][PASSED] - setText(findTestObject(orPath_AddressContact + "/input_eMailAddress"), " "): Text ' ' is set on object 'Object Repository/RAD_Pages/AddressAndContactInfo_Page/input_eMailAddress'

2024-03-08 02:12:25 - [MESSAGE][PASSED] - Text ' ' is set on object 'Object Repository/RAD_Pages/AddressAndContactInfo_Page/input_eMailAddress'

2024-03-08 02:12:25 - [TEST_STEP][PASSED] - setText(findTestObject(orPath_AddressContact + "/input_reEnterEMailAddress"), " "): Text ' ' is set on object 'Object Repository/RAD_Pages/AddressAndContactInfo_Page/input_reEnterEMailAddress'

2024-03-08 02:12:26 - [MESSAGE][PASSED] - Text ' ' is set on object 'Object Repository/RAD_Pages/AddressAndContactInfo_Page/input_reEnterEMailAddress'

2024-03-08 02:12:26 - [TEST_STEP][PASSED] - if (TaxType.equalsIgnoreCase("Estate Tax")): null

2024-03-08 02:12:26 - [TEST_STEP][PASSED] - setText(findTestObject(orPath_Amount + "/input__paymentAmount"), ""): Text '' is set on object 'Object Repository/RAD_Pages/PaymentAmount_Page/input__paymentAmount'

2024-03-08 02:12:27 - [MESSAGE][PASSED] - Text '' is set on object 'Object Repository/RAD_Pages/PaymentAmount_Page/input__paymentAmount'

2024-03-08 02:12:27 - [TEST_STEP][PASSED] - resText = "Fail": null

2024-03-08 02:12:27 - [TEST_STEP][PASSED] - pages.WriteExcel.demoKey(resText, datText, resColumn, datCloumn, fileLoc, nameSheet, row): pages.WriteExcel.demoKey is PASSED

2024-03-08 02:12:27 - [MESSAGE][PASSED] - pages.WriteExcel.demoKey is PASSED

2024-03-08 02:12:27 - [TEST_STEP][PASSED] - verifyTextPresent("Enter business name", true, CONTINUE_ON_FAILURE): Text 'Enter business name' is present on page  using regular expression

2024-03-08 02:12:27 - [MESSAGE][PASSED] - Text 'Enter business name' is present on page  using regular expression

2024-03-08 02:12:27 - [TEST_STEP][PASSED] - verifyTextPresent("Enter business rep first name", true, CONTINUE_ON_FAILURE): Text 'Enter business rep first name' is present on page  using regular expression

2024-03-08 02:12:28 - [MESSAGE][PASSED] - Text 'Enter business rep first name' is present on page  using regular expression

2024-03-08 02:12:28 - [TEST_STEP][PASSED] - verifyTextPresent("Enter business rep last name", true, CONTINUE_ON_FAILURE): Text 'Enter business rep last name' is present on page  using regular expression

2024-03-08 02:12:28 - [MESSAGE][PASSED] - Text 'Enter business rep last name' is present on page  using regular expression

2024-03-08 02:12:28 - [TEST_STEP][PASSED] - verifyTextPresent("Enter address", true, CONTINUE_ON_FAILURE): Text 'Enter address' is present on page  using regular expression

2024-03-08 02:12:28 - [MESSAGE][PASSED] - Text 'Enter address' is present on page  using regular expression

2024-03-08 02:12:28 - [TEST_STEP][PASSED] - verifyTextPresent("Enter city", true, CONTINUE_ON_FAILURE): Text 'Enter city' is present on page  using regular expression

2024-03-08 02:12:29 - [MESSAGE][PASSED] - Text 'Enter city' is present on page  using regular expression

2024-03-08 02:12:29 - [TEST_STEP][PASSED] - verifyTextPresent("Enter ZIP code", true, CONTINUE_ON_FAILURE): Text 'Enter ZIP code' is present on page  using regular expression

2024-03-08 02:12:29 - [MESSAGE][PASSED] - Text 'Enter ZIP code' is present on page  using regular expression

2024-03-08 02:12:29 - [TEST_STEP][PASSED] - verifyTextPresent("Enter a valid phone number", true, CONTINUE_ON_FAILURE): Text 'Enter a valid phone number' is present on page  using regular expression

2024-03-08 02:12:29 - [MESSAGE][PASSED] - Text 'Enter a valid phone number' is present on page  using regular expression

2024-03-08 02:12:29 - [TEST_STEP][PASSED] - verifyTextPresent("Enter Email", true, CONTINUE_ON_FAILURE): Text 'Enter Email' is present on page  using regular expression

2024-03-08 02:12:30 - [MESSAGE][PASSED] - Text 'Enter Email' is present on page  using regular expression

2024-03-08 02:12:30 - [TEST_STEP][PASSED] - if (TaxType.equalsIgnoreCase("Estate Tax")): null

2024-03-08 02:12:30 - [TEST_STEP][PASSED] - if (CRN.equalsIgnoreCase("Y")): Text 'Enter valid MD Central Registration Number' is present on page  using regular expression

2024-03-08 02:12:30 - [TEST_STEP][PASSED] - setText(findTestObject(orPath_TaxInfo + "/input_MDCRegistration"), " "): Text ' ' is set on object 'Object Repository/RAD_Pages/TaxInfo_Page/input_MDCRegistration'

2024-03-08 02:12:30 - [MESSAGE][PASSED] - Text ' ' is set on object 'Object Repository/RAD_Pages/TaxInfo_Page/input_MDCRegistration'

2024-03-08 02:12:30 - [TEST_STEP][PASSED] - setText(findTestObject(orPath_Amount + "/input__paymentAmount"), ""): Text '' is set on object 'Object Repository/RAD_Pages/PaymentAmount_Page/input__paymentAmount'

2024-03-08 02:12:31 - [MESSAGE][PASSED] - Text '' is set on object 'Object Repository/RAD_Pages/PaymentAmount_Page/input__paymentAmount'

2024-03-08 02:12:31 - [TEST_STEP][PASSED] - verifyTextPresent("Enter valid MD Central Registration Number", true, CONTINUE_ON_FAILURE): Text 'Enter valid MD Central Registration Number' is present on page  using regular expression

2024-03-08 02:12:31 - [MESSAGE][PASSED] - Text 'Enter valid MD Central Registration Number' is present on page  using regular expression

2024-03-08 02:12:31 - [TEST_STEP][PASSED] - resText = "Pass": null

2024-03-08 02:12:31 - [TEST_STEP][PASSED] - pages.WriteExcel.demoKey(resText, datText, resColumn, datCloumn, fileLoc, nameSheet, row): pages.WriteExcel.demoKey is PASSED

2024-03-08 02:12:31 - [MESSAGE][PASSED] - pages.WriteExcel.demoKey is PASSED

2024-03-08 02:12:31 - [TEST_STEP][PASSED] - ExecuteTC = findTestData(dataFile).getValue("Execute", row): null

2024-03-08 02:12:31 - [TEST_STEP][PASSED] - TaxType = findTestData(dataFile).getValue("TaxType", row): null

2024-03-08 02:12:32 - [TEST_STEP][PASSED] - PaymentType = findTestData(dataFile).getValue("PaymentType", row): null

2024-03-08 02:12:32 - [TEST_STEP][PASSED] - FilingYear = findTestData(dataFile).getValue("Year", row): null

2024-03-08 02:12:32 - [TEST_STEP][PASSED] - feinSSN = findTestData(dataFile).getValue("FeinSsn", row): null

2024-03-08 02:12:32 - [TEST_STEP][PASSED] - CRN = findTestData(dataFile).getValue("CRN", row): null

2024-03-08 02:12:32 - [TEST_STEP][PASSED] - if (ExecuteTC.equalsIgnoreCase("Y")): pages.WriteExcel.demoKey is PASSED

2024-03-08 02:12:32 - [TEST_STEP][PASSED] - out.println("Begin Record Number: " + row): null

2024-03-08 02:12:32 - [TEST_STEP][PASSED] - today = new java.util.Date(): null

2024-03-08 02:12:32 - [TEST_STEP][PASSED] - println(today): null

2024-03-08 02:12:32 - [TEST_STEP][PASSED] - datText = today: null

2024-03-08 02:12:32 - [TEST_STEP][PASSED] - logInfo("Payment Type: New Tax Return Amount Due"): Payment Type: New Tax Return Amount Due

2024-03-08 02:12:32 - [MESSAGE][INFO] - Payment Type: New Tax Return Amount Due

2024-03-08 02:12:32 - [TEST_STEP][PASSED] - logInfo("Tax Type: " + TaxType): Tax Type: Tobacco Tax

2024-03-08 02:12:32 - [MESSAGE][INFO] - Tax Type: Tobacco Tax

2024-03-08 02:12:32 - [TEST_STEP][PASSED] - openBrowser(""): Browser is opened with url: ''

2024-03-08 02:12:32 - [MESSAGE][WARNING] - A browser is already opened. Closing browser and opening a new one

2024-03-08 02:13:19 - [MESSAGE][INFO] - Starting 'Chrome' driver

2024-03-08 02:13:19 - [MESSAGE][INFO] - User set preference: ['acceptInsecureCerts', 'true']

2024-03-08 02:13:19 - [MESSAGE][INFO] - Action delay is set to 0 milliseconds

2024-03-08 02:13:21 - [MESSAGE][PASSED] - Browser is opened with url: ''

2024-03-08 02:13:21 - [TEST_STEP][PASSED] - maximizeWindow(): Current window maximized

2024-03-08 02:13:21 - [MESSAGE][PASSED] - Current window maximized

2024-03-08 02:13:21 - [TEST_STEP][PASSED] - navigateToUrl(RADurl): Navigate to 'https://qa2.velocitypayment.com/client/rad/index.html' successfully

2024-03-08 02:13:28 - [MESSAGE][PASSED] - Navigate to 'https://qa2.velocitypayment.com/client/rad/index.html' successfully

2024-03-08 02:13:28 - [TEST_STEP][PASSED] - selectOptionByLabel(findTestObject(orPath_Landing + "/dd_TaxType"), "New Tax Return Amount Due", false): All options with label 'New Tax Return Amount Due' are selected in object 'Object Repository/RAD_Pages/Landing_Page/dd_TaxType' 

2024-03-08 02:13:29 - [MESSAGE][PASSED] - All options with label 'New Tax Return Amount Due' are selected in object 'Object Repository/RAD_Pages/Landing_Page/dd_TaxType' 

2024-03-08 02:13:29 - [TEST_STEP][PASSED] - selectOptionByLabel(findTestObject("Object Repository/RAD_Pages/Landing_Page/select_NewTaxReturnAmountDue_TaxType"), TaxType, false): All options with label 'Tobacco Tax' are selected in object 'Object Repository/RAD_Pages/Landing_Page/select_NewTaxReturnAmountDue_TaxType' 

2024-03-08 02:13:30 - [MESSAGE][PASSED] - All options with label 'Tobacco Tax' are selected in object 'Object Repository/RAD_Pages/Landing_Page/select_NewTaxReturnAmountDue_TaxType' 

2024-03-08 02:13:30 - [TEST_STEP][PASSED] - selectOptionByLabel(findTestObject(orPath_TaxTypeFilingYear + "/select_FilingYear"), FilingYear, false): All options with label '2022' are selected in object 'Object Repository/RAD_Pages/TaxTypeFilingYear_Page/select_FilingYear' 

2024-03-08 02:13:31 - [MESSAGE][PASSED] - All options with label '2022' are selected in object 'Object Repository/RAD_Pages/TaxTypeFilingYear_Page/select_FilingYear' 

2024-03-08 02:13:31 - [TEST_STEP][PASSED] - setText(findTestObject(orPath_TaxPayer + "/input_businessName"), " "): Text ' ' is set on object 'Object Repository/RAD_Pages/Taxpayer_Page/input_businessName'

2024-03-08 02:13:31 - [MESSAGE][PASSED] - Text ' ' is set on object 'Object Repository/RAD_Pages/Taxpayer_Page/input_businessName'

2024-03-08 02:13:31 - [TEST_STEP][PASSED] - setText(findTestObject(orPath_TaxPayer + "/input_BusinessRepfirstName"), " "): Text ' ' is set on object 'Object Repository/RAD_Pages/Taxpayer_Page/input_BusinessRepfirstName'

2024-03-08 02:13:32 - [MESSAGE][PASSED] - Text ' ' is set on object 'Object Repository/RAD_Pages/Taxpayer_Page/input_BusinessRepfirstName'

2024-03-08 02:13:32 - [TEST_STEP][PASSED] - setText(findTestObject(orPath_TaxPayer + "/input_BusinessReplastName"), " "): Text ' ' is set on object 'Object Repository/RAD_Pages/Taxpayer_Page/input_BusinessReplastName'

2024-03-08 02:13:33 - [MESSAGE][PASSED] - Text ' ' is set on object 'Object Repository/RAD_Pages/Taxpayer_Page/input_BusinessReplastName'

2024-03-08 02:13:33 - [TEST_STEP][PASSED] - setText(findTestObject(orPath_AddressContact + "/input_streetAddress1"), " "): Text ' ' is set on object 'Object Repository/RAD_Pages/AddressAndContactInfo_Page/input_streetAddress1'

2024-03-08 02:13:33 - [MESSAGE][PASSED] - Text ' ' is set on object 'Object Repository/RAD_Pages/AddressAndContactInfo_Page/input_streetAddress1'

2024-03-08 02:13:33 - [TEST_STEP][PASSED] - setText(findTestObject(orPath_AddressContact + "/input_city"), " "): Text ' ' is set on object 'Object Repository/RAD_Pages/AddressAndContactInfo_Page/input_city'

2024-03-08 02:13:34 - [MESSAGE][PASSED] - Text ' ' is set on object 'Object Repository/RAD_Pages/AddressAndContactInfo_Page/input_city'

2024-03-08 02:13:34 - [TEST_STEP][PASSED] - setText(findTestObject(orPath_AddressContact + "/input_zipCode"), " "): Text ' ' is set on object 'Object Repository/RAD_Pages/AddressAndContactInfo_Page/input_zipCode'

2024-03-08 02:13:35 - [MESSAGE][PASSED] - Text ' ' is set on object 'Object Repository/RAD_Pages/AddressAndContactInfo_Page/input_zipCode'

2024-03-08 02:13:35 - [TEST_STEP][PASSED] - setText(findTestObject(orPath_AddressContact + "/input_phoneNumber"), " "): Text ' ' is set on object 'Object Repository/RAD_Pages/AddressAndContactInfo_Page/input_phoneNumber'

2024-03-08 02:13:35 - [MESSAGE][PASSED] - Text ' ' is set on object 'Object Repository/RAD_Pages/AddressAndContactInfo_Page/input_phoneNumber'

2024-03-08 02:13:35 - [TEST_STEP][PASSED] - setText(findTestObject(orPath_AddressContact + "/input_eMailAddress"), " "): Text ' ' is set on object 'Object Repository/RAD_Pages/AddressAndContactInfo_Page/input_eMailAddress'

2024-03-08 02:13:36 - [MESSAGE][PASSED] - Text ' ' is set on object 'Object Repository/RAD_Pages/AddressAndContactInfo_Page/input_eMailAddress'

2024-03-08 02:13:36 - [TEST_STEP][PASSED] - setText(findTestObject(orPath_AddressContact + "/input_reEnterEMailAddress"), " "): Text ' ' is set on object 'Object Repository/RAD_Pages/AddressAndContactInfo_Page/input_reEnterEMailAddress'

2024-03-08 02:13:37 - [MESSAGE][PASSED] - Text ' ' is set on object 'Object Repository/RAD_Pages/AddressAndContactInfo_Page/input_reEnterEMailAddress'

2024-03-08 02:13:37 - [TEST_STEP][PASSED] - if (TaxType.equalsIgnoreCase("Estate Tax")): null

2024-03-08 02:13:37 - [TEST_STEP][PASSED] - setText(findTestObject(orPath_Amount + "/input__paymentAmount"), ""): Text '' is set on object 'Object Repository/RAD_Pages/PaymentAmount_Page/input__paymentAmount'

2024-03-08 02:13:38 - [MESSAGE][PASSED] - Text '' is set on object 'Object Repository/RAD_Pages/PaymentAmount_Page/input__paymentAmount'

2024-03-08 02:13:38 - [TEST_STEP][PASSED] - resText = "Fail": null

2024-03-08 02:13:38 - [TEST_STEP][PASSED] - pages.WriteExcel.demoKey(resText, datText, resColumn, datCloumn, fileLoc, nameSheet, row): pages.WriteExcel.demoKey is PASSED

2024-03-08 02:13:42 - [MESSAGE][PASSED] - pages.WriteExcel.demoKey is PASSED

2024-03-08 02:13:42 - [TEST_STEP][PASSED] - verifyTextPresent("Enter business name", true, CONTINUE_ON_FAILURE): Text 'Enter business name' is present on page  using regular expression

2024-03-08 02:13:42 - [MESSAGE][PASSED] - Text 'Enter business name' is present on page  using regular expression

2024-03-08 02:13:42 - [TEST_STEP][PASSED] - verifyTextPresent("Enter business rep first name", true, CONTINUE_ON_FAILURE): Text 'Enter business rep first name' is present on page  using regular expression

2024-03-08 02:13:43 - [MESSAGE][PASSED] - Text 'Enter business rep first name' is present on page  using regular expression

2024-03-08 02:13:43 - [TEST_STEP][PASSED] - verifyTextPresent("Enter business rep last name", true, CONTINUE_ON_FAILURE): Text 'Enter business rep last name' is present on page  using regular expression

2024-03-08 02:13:43 - [MESSAGE][PASSED] - Text 'Enter business rep last name' is present on page  using regular expression

2024-03-08 02:13:43 - [TEST_STEP][PASSED] - verifyTextPresent("Enter address", true, CONTINUE_ON_FAILURE): Text 'Enter address' is present on page  using regular expression

2024-03-08 02:13:43 - [MESSAGE][PASSED] - Text 'Enter address' is present on page  using regular expression

2024-03-08 02:13:44 - [TEST_STEP][PASSED] - verifyTextPresent("Enter city", true, CONTINUE_ON_FAILURE): Text 'Enter city' is present on page  using regular expression

2024-03-08 02:13:44 - [MESSAGE][PASSED] - Text 'Enter city' is present on page  using regular expression

2024-03-08 02:13:44 - [TEST_STEP][PASSED] - verifyTextPresent("Enter ZIP code", true, CONTINUE_ON_FAILURE): Text 'Enter ZIP code' is present on page  using regular expression

2024-03-08 02:13:44 - [MESSAGE][PASSED] - Text 'Enter ZIP code' is present on page  using regular expression

2024-03-08 02:13:44 - [TEST_STEP][PASSED] - verifyTextPresent("Enter a valid phone number", true, CONTINUE_ON_FAILURE): Text 'Enter a valid phone number' is present on page  using regular expression

2024-03-08 02:13:45 - [MESSAGE][PASSED] - Text 'Enter a valid phone number' is present on page  using regular expression

2024-03-08 02:13:45 - [TEST_STEP][PASSED] - verifyTextPresent("Enter Email", true, CONTINUE_ON_FAILURE): Text 'Enter Email' is present on page  using regular expression

2024-03-08 02:13:45 - [MESSAGE][PASSED] - Text 'Enter Email' is present on page  using regular expression

2024-03-08 02:13:45 - [TEST_STEP][PASSED] - if (TaxType.equalsIgnoreCase("Estate Tax")): null

2024-03-08 02:13:45 - [TEST_STEP][PASSED] - if (CRN.equalsIgnoreCase("Y")): Text 'Enter valid MD Central Registration Number' is present on page  using regular expression

2024-03-08 02:13:45 - [TEST_STEP][PASSED] - setText(findTestObject(orPath_TaxInfo + "/input_MDCRegistration"), " "): Text ' ' is set on object 'Object Repository/RAD_Pages/TaxInfo_Page/input_MDCRegistration'

2024-03-08 02:13:46 - [MESSAGE][PASSED] - Text ' ' is set on object 'Object Repository/RAD_Pages/TaxInfo_Page/input_MDCRegistration'

2024-03-08 02:13:46 - [TEST_STEP][PASSED] - setText(findTestObject(orPath_Amount + "/input__paymentAmount"), ""): Text '' is set on object 'Object Repository/RAD_Pages/PaymentAmount_Page/input__paymentAmount'

2024-03-08 02:13:46 - [MESSAGE][PASSED] - Text '' is set on object 'Object Repository/RAD_Pages/PaymentAmount_Page/input__paymentAmount'

2024-03-08 02:13:46 - [TEST_STEP][PASSED] - verifyTextPresent("Enter valid MD Central Registration Number", true, CONTINUE_ON_FAILURE): Text 'Enter valid MD Central Registration Number' is present on page  using regular expression

2024-03-08 02:13:47 - [MESSAGE][PASSED] - Text 'Enter valid MD Central Registration Number' is present on page  using regular expression

2024-03-08 02:13:47 - [TEST_STEP][PASSED] - resText = "Pass": null

2024-03-08 02:13:47 - [TEST_STEP][PASSED] - pages.WriteExcel.demoKey(resText, datText, resColumn, datCloumn, fileLoc, nameSheet, row): pages.WriteExcel.demoKey is PASSED

2024-03-08 02:13:47 - [MESSAGE][PASSED] - pages.WriteExcel.demoKey is PASSED

2024-03-08 02:13:47 - [TEST_STEP][PASSED] - ExecuteTC = findTestData(dataFile).getValue("Execute", row): null

2024-03-08 02:13:47 - [TEST_STEP][PASSED] - TaxType = findTestData(dataFile).getValue("TaxType", row): null

2024-03-08 02:13:47 - [TEST_STEP][PASSED] - PaymentType = findTestData(dataFile).getValue("PaymentType", row): null

2024-03-08 02:13:47 - [TEST_STEP][PASSED] - FilingYear = findTestData(dataFile).getValue("Year", row): null

2024-03-08 02:13:47 - [TEST_STEP][PASSED] - feinSSN = findTestData(dataFile).getValue("FeinSsn", row): null

2024-03-08 02:13:47 - [TEST_STEP][PASSED] - CRN = findTestData(dataFile).getValue("CRN", row): null

2024-03-08 02:13:47 - [TEST_STEP][PASSED] - if (ExecuteTC.equalsIgnoreCase("Y")): pages.WriteExcel.demoKey is PASSED

2024-03-08 02:13:47 - [TEST_STEP][PASSED] - out.println("Begin Record Number: " + row): null

2024-03-08 02:13:47 - [TEST_STEP][PASSED] - today = new java.util.Date(): null

2024-03-08 02:13:47 - [TEST_STEP][PASSED] - println(today): null

2024-03-08 02:13:47 - [TEST_STEP][PASSED] - datText = today: null

2024-03-08 02:13:47 - [TEST_STEP][PASSED] - logInfo("Payment Type: New Tax Return Amount Due"): Payment Type: New Tax Return Amount Due

2024-03-08 02:13:47 - [MESSAGE][INFO] - Payment Type: New Tax Return Amount Due

2024-03-08 02:13:47 - [TEST_STEP][PASSED] - logInfo("Tax Type: " + TaxType): Tax Type: Transportation Network Services

2024-03-08 02:13:47 - [MESSAGE][INFO] - Tax Type: Transportation Network Services

2024-03-08 02:13:47 - [TEST_STEP][PASSED] - openBrowser(""): Browser is opened with url: ''

2024-03-08 02:13:47 - [MESSAGE][WARNING] - A browser is already opened. Closing browser and opening a new one

2024-03-08 02:14:05 - [MESSAGE][INFO] - Starting 'Chrome' driver

2024-03-08 02:14:05 - [MESSAGE][INFO] - User set preference: ['acceptInsecureCerts', 'true']

2024-03-08 02:14:05 - [MESSAGE][INFO] - Action delay is set to 0 milliseconds

2024-03-08 02:14:07 - [MESSAGE][PASSED] - Browser is opened with url: ''

2024-03-08 02:14:07 - [TEST_STEP][PASSED] - maximizeWindow(): Current window maximized

2024-03-08 02:14:07 - [MESSAGE][PASSED] - Current window maximized

2024-03-08 02:14:07 - [TEST_STEP][PASSED] - navigateToUrl(RADurl): Navigate to 'https://qa2.velocitypayment.com/client/rad/index.html' successfully

2024-03-08 02:14:13 - [MESSAGE][PASSED] - Navigate to 'https://qa2.velocitypayment.com/client/rad/index.html' successfully

2024-03-08 02:14:13 - [TEST_STEP][PASSED] - selectOptionByLabel(findTestObject(orPath_Landing + "/dd_TaxType"), "New Tax Return Amount Due", false): All options with label 'New Tax Return Amount Due' are selected in object 'Object Repository/RAD_Pages/Landing_Page/dd_TaxType' 

2024-03-08 02:14:14 - [MESSAGE][PASSED] - All options with label 'New Tax Return Amount Due' are selected in object 'Object Repository/RAD_Pages/Landing_Page/dd_TaxType' 

2024-03-08 02:14:14 - [TEST_STEP][PASSED] - selectOptionByLabel(findTestObject("Object Repository/RAD_Pages/Landing_Page/select_NewTaxReturnAmountDue_TaxType"), TaxType, false): All options with label 'Transportation Network Services' are selected in object 'Object Repository/RAD_Pages/Landing_Page/select_NewTaxReturnAmountDue_TaxType' 

2024-03-08 02:14:15 - [MESSAGE][PASSED] - All options with label 'Transportation Network Services' are selected in object 'Object Repository/RAD_Pages/Landing_Page/select_NewTaxReturnAmountDue_TaxType' 

2024-03-08 02:14:15 - [TEST_STEP][PASSED] - selectOptionByLabel(findTestObject(orPath_TaxTypeFilingYear + "/select_FilingYear"), FilingYear, false): All options with label '2022' are selected in object 'Object Repository/RAD_Pages/TaxTypeFilingYear_Page/select_FilingYear' 

2024-03-08 02:14:16 - [MESSAGE][PASSED] - All options with label '2022' are selected in object 'Object Repository/RAD_Pages/TaxTypeFilingYear_Page/select_FilingYear' 

2024-03-08 02:14:16 - [TEST_STEP][PASSED] - setText(findTestObject(orPath_TaxPayer + "/input_businessName"), " "): Text ' ' is set on object 'Object Repository/RAD_Pages/Taxpayer_Page/input_businessName'

2024-03-08 02:14:16 - [MESSAGE][PASSED] - Text ' ' is set on object 'Object Repository/RAD_Pages/Taxpayer_Page/input_businessName'

2024-03-08 02:14:16 - [TEST_STEP][PASSED] - setText(findTestObject(orPath_TaxPayer + "/input_BusinessRepfirstName"), " "): Text ' ' is set on object 'Object Repository/RAD_Pages/Taxpayer_Page/input_BusinessRepfirstName'

2024-03-08 02:14:17 - [MESSAGE][PASSED] - Text ' ' is set on object 'Object Repository/RAD_Pages/Taxpayer_Page/input_BusinessRepfirstName'

2024-03-08 02:14:17 - [TEST_STEP][PASSED] - setText(findTestObject(orPath_TaxPayer + "/input_BusinessReplastName"), " "): Text ' ' is set on object 'Object Repository/RAD_Pages/Taxpayer_Page/input_BusinessReplastName'

2024-03-08 02:14:18 - [MESSAGE][PASSED] - Text ' ' is set on object 'Object Repository/RAD_Pages/Taxpayer_Page/input_BusinessReplastName'

2024-03-08 02:14:18 - [TEST_STEP][PASSED] - setText(findTestObject(orPath_AddressContact + "/input_streetAddress1"), " "): Text ' ' is set on object 'Object Repository/RAD_Pages/AddressAndContactInfo_Page/input_streetAddress1'

2024-03-08 02:14:18 - [MESSAGE][PASSED] - Text ' ' is set on object 'Object Repository/RAD_Pages/AddressAndContactInfo_Page/input_streetAddress1'

2024-03-08 02:14:18 - [TEST_STEP][PASSED] - setText(findTestObject(orPath_AddressContact + "/input_city"), " "): Text ' ' is set on object 'Object Repository/RAD_Pages/AddressAndContactInfo_Page/input_city'

2024-03-08 02:14:19 - [MESSAGE][PASSED] - Text ' ' is set on object 'Object Repository/RAD_Pages/AddressAndContactInfo_Page/input_city'

2024-03-08 02:14:19 - [TEST_STEP][PASSED] - setText(findTestObject(orPath_AddressContact + "/input_zipCode"), " "): Text ' ' is set on object 'Object Repository/RAD_Pages/AddressAndContactInfo_Page/input_zipCode'

2024-03-08 02:14:20 - [MESSAGE][PASSED] - Text ' ' is set on object 'Object Repository/RAD_Pages/AddressAndContactInfo_Page/input_zipCode'

2024-03-08 02:14:20 - [TEST_STEP][PASSED] - setText(findTestObject(orPath_AddressContact + "/input_phoneNumber"), " "): Text ' ' is set on object 'Object Repository/RAD_Pages/AddressAndContactInfo_Page/input_phoneNumber'

2024-03-08 02:14:21 - [MESSAGE][PASSED] - Text ' ' is set on object 'Object Repository/RAD_Pages/AddressAndContactInfo_Page/input_phoneNumber'

2024-03-08 02:14:21 - [TEST_STEP][PASSED] - setText(findTestObject(orPath_AddressContact + "/input_eMailAddress"), " "): Text ' ' is set on object 'Object Repository/RAD_Pages/AddressAndContactInfo_Page/input_eMailAddress'

2024-03-08 02:14:21 - [MESSAGE][PASSED] - Text ' ' is set on object 'Object Repository/RAD_Pages/AddressAndContactInfo_Page/input_eMailAddress'

2024-03-08 02:14:21 - [TEST_STEP][PASSED] - setText(findTestObject(orPath_AddressContact + "/input_reEnterEMailAddress"), " "): Text ' ' is set on object 'Object Repository/RAD_Pages/AddressAndContactInfo_Page/input_reEnterEMailAddress'

2024-03-08 02:14:22 - [MESSAGE][PASSED] - Text ' ' is set on object 'Object Repository/RAD_Pages/AddressAndContactInfo_Page/input_reEnterEMailAddress'

2024-03-08 02:14:22 - [TEST_STEP][PASSED] - if (TaxType.equalsIgnoreCase("Estate Tax")): null

2024-03-08 02:14:22 - [TEST_STEP][PASSED] - setText(findTestObject(orPath_Amount + "/input__paymentAmount"), ""): Text '' is set on object 'Object Repository/RAD_Pages/PaymentAmount_Page/input__paymentAmount'

2024-03-08 02:14:23 - [MESSAGE][PASSED] - Text '' is set on object 'Object Repository/RAD_Pages/PaymentAmount_Page/input__paymentAmount'

2024-03-08 02:14:23 - [TEST_STEP][PASSED] - resText = "Fail": null

2024-03-08 02:14:23 - [TEST_STEP][PASSED] - pages.WriteExcel.demoKey(resText, datText, resColumn, datCloumn, fileLoc, nameSheet, row): pages.WriteExcel.demoKey is PASSED

2024-03-08 02:14:23 - [MESSAGE][PASSED] - pages.WriteExcel.demoKey is PASSED

2024-03-08 02:14:23 - [TEST_STEP][PASSED] - verifyTextPresent("Enter business name", true, CONTINUE_ON_FAILURE): Text 'Enter business name' is present on page  using regular expression

2024-03-08 02:14:23 - [MESSAGE][PASSED] - Text 'Enter business name' is present on page  using regular expression

2024-03-08 02:14:23 - [TEST_STEP][PASSED] - verifyTextPresent("Enter business rep first name", true, CONTINUE_ON_FAILURE): Text 'Enter business rep first name' is present on page  using regular expression

2024-03-08 02:14:24 - [MESSAGE][PASSED] - Text 'Enter business rep first name' is present on page  using regular expression

2024-03-08 02:14:24 - [TEST_STEP][PASSED] - verifyTextPresent("Enter business rep last name", true, CONTINUE_ON_FAILURE): Text 'Enter business rep last name' is present on page  using regular expression

2024-03-08 02:14:24 - [MESSAGE][PASSED] - Text 'Enter business rep last name' is present on page  using regular expression

2024-03-08 02:14:24 - [TEST_STEP][PASSED] - verifyTextPresent("Enter address", true, CONTINUE_ON_FAILURE): Text 'Enter address' is present on page  using regular expression

2024-03-08 02:14:24 - [MESSAGE][PASSED] - Text 'Enter address' is present on page  using regular expression

2024-03-08 02:14:24 - [TEST_STEP][PASSED] - verifyTextPresent("Enter city", true, CONTINUE_ON_FAILURE): Text 'Enter city' is present on page  using regular expression

2024-03-08 02:14:25 - [MESSAGE][PASSED] - Text 'Enter city' is present on page  using regular expression

2024-03-08 02:14:25 - [TEST_STEP][PASSED] - verifyTextPresent("Enter ZIP code", true, CONTINUE_ON_FAILURE): Text 'Enter ZIP code' is present on page  using regular expression

2024-03-08 02:14:25 - [MESSAGE][PASSED] - Text 'Enter ZIP code' is present on page  using regular expression

2024-03-08 02:14:25 - [TEST_STEP][PASSED] - verifyTextPresent("Enter a valid phone number", true, CONTINUE_ON_FAILURE): Text 'Enter a valid phone number' is present on page  using regular expression

2024-03-08 02:14:26 - [MESSAGE][PASSED] - Text 'Enter a valid phone number' is present on page  using regular expression

2024-03-08 02:14:26 - [TEST_STEP][PASSED] - verifyTextPresent("Enter Email", true, CONTINUE_ON_FAILURE): Text 'Enter Email' is present on page  using regular expression

2024-03-08 02:14:26 - [MESSAGE][PASSED] - Text 'Enter Email' is present on page  using regular expression

2024-03-08 02:14:26 - [TEST_STEP][PASSED] - if (TaxType.equalsIgnoreCase("Estate Tax")): null

2024-03-08 02:14:26 - [TEST_STEP][PASSED] - if (CRN.equalsIgnoreCase("Y")): Text 'Enter valid MD Central Registration Number' is present on page  using regular expression

2024-03-08 02:14:26 - [TEST_STEP][PASSED] - setText(findTestObject(orPath_TaxInfo + "/input_MDCRegistration"), " "): Text ' ' is set on object 'Object Repository/RAD_Pages/TaxInfo_Page/input_MDCRegistration'

2024-03-08 02:14:27 - [MESSAGE][PASSED] - Text ' ' is set on object 'Object Repository/RAD_Pages/TaxInfo_Page/input_MDCRegistration'

2024-03-08 02:14:27 - [TEST_STEP][PASSED] - setText(findTestObject(orPath_Amount + "/input__paymentAmount"), ""): Text '' is set on object 'Object Repository/RAD_Pages/PaymentAmount_Page/input__paymentAmount'

2024-03-08 02:14:27 - [MESSAGE][PASSED] - Text '' is set on object 'Object Repository/RAD_Pages/PaymentAmount_Page/input__paymentAmount'

2024-03-08 02:14:27 - [TEST_STEP][PASSED] - verifyTextPresent("Enter valid MD Central Registration Number", true, CONTINUE_ON_FAILURE): Text 'Enter valid MD Central Registration Number' is present on page  using regular expression

2024-03-08 02:14:28 - [MESSAGE][PASSED] - Text 'Enter valid MD Central Registration Number' is present on page  using regular expression

2024-03-08 02:14:28 - [TEST_STEP][PASSED] - resText = "Pass": null

2024-03-08 02:14:28 - [TEST_STEP][PASSED] - pages.WriteExcel.demoKey(resText, datText, resColumn, datCloumn, fileLoc, nameSheet, row): pages.WriteExcel.demoKey is PASSED

2024-03-08 02:14:28 - [MESSAGE][PASSED] - pages.WriteExcel.demoKey is PASSED

2024-03-08 02:14:28 - [TEST_STEP][PASSED] - ExecuteTC = findTestData(dataFile).getValue("Execute", row): null

2024-03-08 02:14:28 - [TEST_STEP][PASSED] - TaxType = findTestData(dataFile).getValue("TaxType", row): null

2024-03-08 02:14:28 - [TEST_STEP][PASSED] - PaymentType = findTestData(dataFile).getValue("PaymentType", row): null

2024-03-08 02:14:28 - [TEST_STEP][PASSED] - FilingYear = findTestData(dataFile).getValue("Year", row): null

2024-03-08 02:14:28 - [TEST_STEP][PASSED] - feinSSN = findTestData(dataFile).getValue("FeinSsn", row): null

2024-03-08 02:14:28 - [TEST_STEP][PASSED] - CRN = findTestData(dataFile).getValue("CRN", row): null

2024-03-08 02:14:28 - [TEST_STEP][PASSED] - if (ExecuteTC.equalsIgnoreCase("Y")): pages.WriteExcel.demoKey is PASSED

2024-03-08 02:14:28 - [TEST_STEP][PASSED] - out.println("Begin Record Number: " + row): null

2024-03-08 02:14:28 - [TEST_STEP][PASSED] - today = new java.util.Date(): null

2024-03-08 02:14:28 - [TEST_STEP][PASSED] - println(today): null

2024-03-08 02:14:28 - [TEST_STEP][PASSED] - datText = today: null

2024-03-08 02:14:28 - [TEST_STEP][PASSED] - logInfo("Payment Type: New Tax Return Amount Due"): Payment Type: New Tax Return Amount Due

2024-03-08 02:14:28 - [MESSAGE][INFO] - Payment Type: New Tax Return Amount Due

2024-03-08 02:14:28 - [TEST_STEP][PASSED] - logInfo("Tax Type: " + TaxType): Tax Type: Unclaimed Property

2024-03-08 02:14:28 - [MESSAGE][INFO] - Tax Type: Unclaimed Property

2024-03-08 02:14:28 - [TEST_STEP][PASSED] - openBrowser(""): Browser is opened with url: ''

2024-03-08 02:14:28 - [MESSAGE][WARNING] - A browser is already opened. Closing browser and opening a new one

2024-03-08 02:14:54 - [MESSAGE][INFO] - Starting 'Chrome' driver

2024-03-08 02:14:54 - [MESSAGE][INFO] - User set preference: ['acceptInsecureCerts', 'true']

2024-03-08 02:14:54 - [MESSAGE][INFO] - Action delay is set to 0 milliseconds

2024-03-08 02:14:55 - [MESSAGE][PASSED] - Browser is opened with url: ''

2024-03-08 02:14:55 - [TEST_STEP][PASSED] - maximizeWindow(): Current window maximized

2024-03-08 02:14:56 - [MESSAGE][PASSED] - Current window maximized

2024-03-08 02:14:56 - [TEST_STEP][PASSED] - navigateToUrl(RADurl): Navigate to 'https://qa2.velocitypayment.com/client/rad/index.html' successfully

2024-03-08 02:15:03 - [MESSAGE][PASSED] - Navigate to 'https://qa2.velocitypayment.com/client/rad/index.html' successfully

2024-03-08 02:15:03 - [TEST_STEP][PASSED] - selectOptionByLabel(findTestObject(orPath_Landing + "/dd_TaxType"), "New Tax Return Amount Due", false): All options with label 'New Tax Return Amount Due' are selected in object 'Object Repository/RAD_Pages/Landing_Page/dd_TaxType' 

2024-03-08 02:15:04 - [MESSAGE][PASSED] - All options with label 'New Tax Return Amount Due' are selected in object 'Object Repository/RAD_Pages/Landing_Page/dd_TaxType' 

2024-03-08 02:15:04 - [TEST_STEP][PASSED] - selectOptionByLabel(findTestObject("Object Repository/RAD_Pages/Landing_Page/select_NewTaxReturnAmountDue_TaxType"), TaxType, false): All options with label 'Unclaimed Property' are selected in object 'Object Repository/RAD_Pages/Landing_Page/select_NewTaxReturnAmountDue_TaxType' 

2024-03-08 02:15:05 - [MESSAGE][PASSED] - All options with label 'Unclaimed Property' are selected in object 'Object Repository/RAD_Pages/Landing_Page/select_NewTaxReturnAmountDue_TaxType' 

2024-03-08 02:15:05 - [TEST_STEP][PASSED] - selectOptionByLabel(findTestObject(orPath_TaxTypeFilingYear + "/select_FilingYear"), FilingYear, false): All options with label '2022' are selected in object 'Object Repository/RAD_Pages/TaxTypeFilingYear_Page/select_FilingYear' 

2024-03-08 02:15:06 - [MESSAGE][PASSED] - All options with label '2022' are selected in object 'Object Repository/RAD_Pages/TaxTypeFilingYear_Page/select_FilingYear' 

2024-03-08 02:15:06 - [TEST_STEP][PASSED] - setText(findTestObject(orPath_TaxPayer + "/input_businessName"), " "): Text ' ' is set on object 'Object Repository/RAD_Pages/Taxpayer_Page/input_businessName'

2024-03-08 02:15:06 - [MESSAGE][PASSED] - Text ' ' is set on object 'Object Repository/RAD_Pages/Taxpayer_Page/input_businessName'

2024-03-08 02:15:06 - [TEST_STEP][PASSED] - setText(findTestObject(orPath_TaxPayer + "/input_BusinessRepfirstName"), " "): Text ' ' is set on object 'Object Repository/RAD_Pages/Taxpayer_Page/input_BusinessRepfirstName'

2024-03-08 02:15:07 - [MESSAGE][PASSED] - Text ' ' is set on object 'Object Repository/RAD_Pages/Taxpayer_Page/input_BusinessRepfirstName'

2024-03-08 02:15:07 - [TEST_STEP][PASSED] - setText(findTestObject(orPath_TaxPayer + "/input_BusinessReplastName"), " "): Text ' ' is set on object 'Object Repository/RAD_Pages/Taxpayer_Page/input_BusinessReplastName'

2024-03-08 02:15:08 - [MESSAGE][PASSED] - Text ' ' is set on object 'Object Repository/RAD_Pages/Taxpayer_Page/input_BusinessReplastName'

2024-03-08 02:15:08 - [TEST_STEP][PASSED] - setText(findTestObject(orPath_AddressContact + "/input_streetAddress1"), " "): Text ' ' is set on object 'Object Repository/RAD_Pages/AddressAndContactInfo_Page/input_streetAddress1'

2024-03-08 02:15:08 - [MESSAGE][PASSED] - Text ' ' is set on object 'Object Repository/RAD_Pages/AddressAndContactInfo_Page/input_streetAddress1'

2024-03-08 02:15:08 - [TEST_STEP][PASSED] - setText(findTestObject(orPath_AddressContact + "/input_city"), " "): Text ' ' is set on object 'Object Repository/RAD_Pages/AddressAndContactInfo_Page/input_city'

2024-03-08 02:15:09 - [MESSAGE][PASSED] - Text ' ' is set on object 'Object Repository/RAD_Pages/AddressAndContactInfo_Page/input_city'

2024-03-08 02:15:09 - [TEST_STEP][PASSED] - setText(findTestObject(orPath_AddressContact + "/input_zipCode"), " "): Text ' ' is set on object 'Object Repository/RAD_Pages/AddressAndContactInfo_Page/input_zipCode'

2024-03-08 02:15:10 - [MESSAGE][PASSED] - Text ' ' is set on object 'Object Repository/RAD_Pages/AddressAndContactInfo_Page/input_zipCode'

2024-03-08 02:15:10 - [TEST_STEP][PASSED] - setText(findTestObject(orPath_AddressContact + "/input_phoneNumber"), " "): Text ' ' is set on object 'Object Repository/RAD_Pages/AddressAndContactInfo_Page/input_phoneNumber'

2024-03-08 02:15:11 - [MESSAGE][PASSED] - Text ' ' is set on object 'Object Repository/RAD_Pages/AddressAndContactInfo_Page/input_phoneNumber'

2024-03-08 02:15:11 - [TEST_STEP][PASSED] - setText(findTestObject(orPath_AddressContact + "/input_eMailAddress"), " "): Text ' ' is set on object 'Object Repository/RAD_Pages/AddressAndContactInfo_Page/input_eMailAddress'

2024-03-08 02:15:11 - [MESSAGE][PASSED] - Text ' ' is set on object 'Object Repository/RAD_Pages/AddressAndContactInfo_Page/input_eMailAddress'

2024-03-08 02:15:11 - [TEST_STEP][PASSED] - setText(findTestObject(orPath_AddressContact + "/input_reEnterEMailAddress"), " "): Text ' ' is set on object 'Object Repository/RAD_Pages/AddressAndContactInfo_Page/input_reEnterEMailAddress'

2024-03-08 02:15:12 - [MESSAGE][PASSED] - Text ' ' is set on object 'Object Repository/RAD_Pages/AddressAndContactInfo_Page/input_reEnterEMailAddress'

2024-03-08 02:15:12 - [TEST_STEP][PASSED] - if (TaxType.equalsIgnoreCase("Estate Tax")): null

2024-03-08 02:15:12 - [TEST_STEP][PASSED] - setText(findTestObject(orPath_Amount + "/input__paymentAmount"), ""): Text '' is set on object 'Object Repository/RAD_Pages/PaymentAmount_Page/input__paymentAmount'

2024-03-08 02:15:13 - [MESSAGE][PASSED] - Text '' is set on object 'Object Repository/RAD_Pages/PaymentAmount_Page/input__paymentAmount'

2024-03-08 02:15:13 - [TEST_STEP][PASSED] - resText = "Fail": null

2024-03-08 02:15:13 - [TEST_STEP][PASSED] - pages.WriteExcel.demoKey(resText, datText, resColumn, datCloumn, fileLoc, nameSheet, row): pages.WriteExcel.demoKey is PASSED

2024-03-08 02:15:13 - [MESSAGE][PASSED] - pages.WriteExcel.demoKey is PASSED

2024-03-08 02:15:13 - [TEST_STEP][PASSED] - verifyTextPresent("Enter business name", true, CONTINUE_ON_FAILURE): Text 'Enter business name' is present on page  using regular expression

2024-03-08 02:15:14 - [MESSAGE][PASSED] - Text 'Enter business name' is present on page  using regular expression

2024-03-08 02:15:14 - [TEST_STEP][PASSED] - verifyTextPresent("Enter business rep first name", true, CONTINUE_ON_FAILURE): Text 'Enter business rep first name' is present on page  using regular expression

2024-03-08 02:15:14 - [MESSAGE][PASSED] - Text 'Enter business rep first name' is present on page  using regular expression

2024-03-08 02:15:14 - [TEST_STEP][PASSED] - verifyTextPresent("Enter business rep last name", true, CONTINUE_ON_FAILURE): Text 'Enter business rep last name' is present on page  using regular expression

2024-03-08 02:15:14 - [MESSAGE][PASSED] - Text 'Enter business rep last name' is present on page  using regular expression

2024-03-08 02:15:14 - [TEST_STEP][PASSED] - verifyTextPresent("Enter address", true, CONTINUE_ON_FAILURE): Text 'Enter address' is present on page  using regular expression

2024-03-08 02:15:15 - [MESSAGE][PASSED] - Text 'Enter address' is present on page  using regular expression

2024-03-08 02:15:15 - [TEST_STEP][PASSED] - verifyTextPresent("Enter city", true, CONTINUE_ON_FAILURE): Text 'Enter city' is present on page  using regular expression

2024-03-08 02:15:15 - [MESSAGE][PASSED] - Text 'Enter city' is present on page  using regular expression

2024-03-08 02:15:15 - [TEST_STEP][PASSED] - verifyTextPresent("Enter ZIP code", true, CONTINUE_ON_FAILURE): Text 'Enter ZIP code' is present on page  using regular expression

2024-03-08 02:15:15 - [MESSAGE][PASSED] - Text 'Enter ZIP code' is present on page  using regular expression

2024-03-08 02:15:15 - [TEST_STEP][PASSED] - verifyTextPresent("Enter a valid phone number", true, CONTINUE_ON_FAILURE): Text 'Enter a valid phone number' is present on page  using regular expression

2024-03-08 02:15:16 - [MESSAGE][PASSED] - Text 'Enter a valid phone number' is present on page  using regular expression

2024-03-08 02:15:16 - [TEST_STEP][PASSED] - verifyTextPresent("Enter Email", true, CONTINUE_ON_FAILURE): Text 'Enter Email' is present on page  using regular expression

2024-03-08 02:15:16 - [MESSAGE][PASSED] - Text 'Enter Email' is present on page  using regular expression

2024-03-08 02:15:16 - [TEST_STEP][PASSED] - if (TaxType.equalsIgnoreCase("Estate Tax")): null

2024-03-08 02:15:16 - [TEST_STEP][PASSED] - if (CRN.equalsIgnoreCase("Y")): null

2024-03-08 02:15:16 - [TEST_STEP][PASSED] - resText = "Pass": null

2024-03-08 02:15:16 - [TEST_STEP][PASSED] - pages.WriteExcel.demoKey(resText, datText, resColumn, datCloumn, fileLoc, nameSheet, row): pages.WriteExcel.demoKey is PASSED

2024-03-08 02:15:16 - [MESSAGE][PASSED] - pages.WriteExcel.demoKey is PASSED

2024-03-08 02:15:16 - [TEST_STEP][PASSED] - ExecuteTC = findTestData(dataFile).getValue("Execute", row): null

2024-03-08 02:15:16 - [TEST_STEP][PASSED] - TaxType = findTestData(dataFile).getValue("TaxType", row): null

2024-03-08 02:15:16 - [TEST_STEP][PASSED] - PaymentType = findTestData(dataFile).getValue("PaymentType", row): null

2024-03-08 02:15:16 - [TEST_STEP][PASSED] - FilingYear = findTestData(dataFile).getValue("Year", row): null

2024-03-08 02:15:16 - [TEST_STEP][PASSED] - feinSSN = findTestData(dataFile).getValue("FeinSsn", row): null

2024-03-08 02:15:16 - [TEST_STEP][PASSED] - CRN = findTestData(dataFile).getValue("CRN", row): null

2024-03-08 02:15:17 - [TEST_STEP][PASSED] - if (ExecuteTC.equalsIgnoreCase("Y")): pages.WriteExcel.demoKey is PASSED

2024-03-08 02:15:17 - [TEST_STEP][PASSED] - out.println("Begin Record Number: " + row): null

2024-03-08 02:15:17 - [TEST_STEP][PASSED] - today = new java.util.Date(): null

2024-03-08 02:15:17 - [TEST_STEP][PASSED] - println(today): null

2024-03-08 02:15:17 - [TEST_STEP][PASSED] - datText = today: null

2024-03-08 02:15:17 - [TEST_STEP][PASSED] - logInfo("Payment Type: New Tax Return Amount Due"): Payment Type: New Tax Return Amount Due

2024-03-08 02:15:17 - [MESSAGE][INFO] - Payment Type: New Tax Return Amount Due

2024-03-08 02:15:17 - [TEST_STEP][PASSED] - logInfo("Tax Type: " + TaxType): Tax Type: Withholding Tax

2024-03-08 02:15:17 - [MESSAGE][INFO] - Tax Type: Withholding Tax

2024-03-08 02:15:17 - [TEST_STEP][PASSED] - openBrowser(""): Browser is opened with url: ''

2024-03-08 02:15:17 - [MESSAGE][WARNING] - A browser is already opened. Closing browser and opening a new one

2024-03-08 02:15:44 - [MESSAGE][INFO] - Starting 'Chrome' driver

2024-03-08 02:15:44 - [MESSAGE][INFO] - User set preference: ['acceptInsecureCerts', 'true']

2024-03-08 02:15:44 - [MESSAGE][INFO] - Action delay is set to 0 milliseconds

2024-03-08 02:15:45 - [MESSAGE][PASSED] - Browser is opened with url: ''

2024-03-08 02:15:45 - [TEST_STEP][PASSED] - maximizeWindow(): Current window maximized

2024-03-08 02:15:45 - [MESSAGE][PASSED] - Current window maximized

2024-03-08 02:15:45 - [TEST_STEP][PASSED] - navigateToUrl(RADurl): Navigate to 'https://qa2.velocitypayment.com/client/rad/index.html' successfully

2024-03-08 02:15:52 - [MESSAGE][PASSED] - Navigate to 'https://qa2.velocitypayment.com/client/rad/index.html' successfully

2024-03-08 02:15:52 - [TEST_STEP][PASSED] - selectOptionByLabel(findTestObject(orPath_Landing + "/dd_TaxType"), "New Tax Return Amount Due", false): All options with label 'New Tax Return Amount Due' are selected in object 'Object Repository/RAD_Pages/Landing_Page/dd_TaxType' 

2024-03-08 02:15:53 - [MESSAGE][PASSED] - All options with label 'New Tax Return Amount Due' are selected in object 'Object Repository/RAD_Pages/Landing_Page/dd_TaxType' 

2024-03-08 02:15:53 - [TEST_STEP][PASSED] - selectOptionByLabel(findTestObject("Object Repository/RAD_Pages/Landing_Page/select_NewTaxReturnAmountDue_TaxType"), TaxType, false): All options with label 'Withholding Tax' are selected in object 'Object Repository/RAD_Pages/Landing_Page/select_NewTaxReturnAmountDue_TaxType' 

2024-03-08 02:15:54 - [MESSAGE][PASSED] - All options with label 'Withholding Tax' are selected in object 'Object Repository/RAD_Pages/Landing_Page/select_NewTaxReturnAmountDue_TaxType' 

2024-03-08 02:15:54 - [TEST_STEP][PASSED] - selectOptionByLabel(findTestObject(orPath_TaxTypeFilingYear + "/select_FilingYear"), FilingYear, false): All options with label '2022' are selected in object 'Object Repository/RAD_Pages/TaxTypeFilingYear_Page/select_FilingYear' 

2024-03-08 02:15:54 - [MESSAGE][PASSED] - All options with label '2022' are selected in object 'Object Repository/RAD_Pages/TaxTypeFilingYear_Page/select_FilingYear' 

2024-03-08 02:15:54 - [TEST_STEP][PASSED] - setText(findTestObject(orPath_TaxPayer + "/input_businessName"), " "): Text ' ' is set on object 'Object Repository/RAD_Pages/Taxpayer_Page/input_businessName'

2024-03-08 02:15:55 - [MESSAGE][PASSED] - Text ' ' is set on object 'Object Repository/RAD_Pages/Taxpayer_Page/input_businessName'

2024-03-08 02:15:55 - [TEST_STEP][PASSED] - setText(findTestObject(orPath_TaxPayer + "/input_BusinessRepfirstName"), " "): Text ' ' is set on object 'Object Repository/RAD_Pages/Taxpayer_Page/input_BusinessRepfirstName'

2024-03-08 02:15:56 - [MESSAGE][PASSED] - Text ' ' is set on object 'Object Repository/RAD_Pages/Taxpayer_Page/input_BusinessRepfirstName'

2024-03-08 02:15:56 - [TEST_STEP][PASSED] - setText(findTestObject(orPath_TaxPayer + "/input_BusinessReplastName"), " "): Text ' ' is set on object 'Object Repository/RAD_Pages/Taxpayer_Page/input_BusinessReplastName'

2024-03-08 02:15:56 - [MESSAGE][PASSED] - Text ' ' is set on object 'Object Repository/RAD_Pages/Taxpayer_Page/input_BusinessReplastName'

2024-03-08 02:15:56 - [TEST_STEP][PASSED] - setText(findTestObject(orPath_AddressContact + "/input_streetAddress1"), " "): Text ' ' is set on object 'Object Repository/RAD_Pages/AddressAndContactInfo_Page/input_streetAddress1'

2024-03-08 02:15:57 - [MESSAGE][PASSED] - Text ' ' is set on object 'Object Repository/RAD_Pages/AddressAndContactInfo_Page/input_streetAddress1'

2024-03-08 02:15:57 - [TEST_STEP][PASSED] - setText(findTestObject(orPath_AddressContact + "/input_city"), " "): Text ' ' is set on object 'Object Repository/RAD_Pages/AddressAndContactInfo_Page/input_city'

2024-03-08 02:15:58 - [MESSAGE][PASSED] - Text ' ' is set on object 'Object Repository/RAD_Pages/AddressAndContactInfo_Page/input_city'

2024-03-08 02:15:58 - [TEST_STEP][PASSED] - setText(findTestObject(orPath_AddressContact + "/input_zipCode"), " "): Text ' ' is set on object 'Object Repository/RAD_Pages/AddressAndContactInfo_Page/input_zipCode'

2024-03-08 02:15:59 - [MESSAGE][PASSED] - Text ' ' is set on object 'Object Repository/RAD_Pages/AddressAndContactInfo_Page/input_zipCode'

2024-03-08 02:15:59 - [TEST_STEP][PASSED] - setText(findTestObject(orPath_AddressContact + "/input_phoneNumber"), " "): Text ' ' is set on object 'Object Repository/RAD_Pages/AddressAndContactInfo_Page/input_phoneNumber'

2024-03-08 02:15:59 - [MESSAGE][PASSED] - Text ' ' is set on object 'Object Repository/RAD_Pages/AddressAndContactInfo_Page/input_phoneNumber'

2024-03-08 02:15:59 - [TEST_STEP][PASSED] - setText(findTestObject(orPath_AddressContact + "/input_eMailAddress"), " "): Text ' ' is set on object 'Object Repository/RAD_Pages/AddressAndContactInfo_Page/input_eMailAddress'

2024-03-08 02:16:00 - [MESSAGE][PASSED] - Text ' ' is set on object 'Object Repository/RAD_Pages/AddressAndContactInfo_Page/input_eMailAddress'

2024-03-08 02:16:00 - [TEST_STEP][PASSED] - setText(findTestObject(orPath_AddressContact + "/input_reEnterEMailAddress"), " "): Text ' ' is set on object 'Object Repository/RAD_Pages/AddressAndContactInfo_Page/input_reEnterEMailAddress'

2024-03-08 02:16:01 - [MESSAGE][PASSED] - Text ' ' is set on object 'Object Repository/RAD_Pages/AddressAndContactInfo_Page/input_reEnterEMailAddress'

2024-03-08 02:16:01 - [TEST_STEP][PASSED] - if (TaxType.equalsIgnoreCase("Estate Tax")): null

2024-03-08 02:16:01 - [TEST_STEP][PASSED] - setText(findTestObject(orPath_Amount + "/input__paymentAmount"), ""): Text '' is set on object 'Object Repository/RAD_Pages/PaymentAmount_Page/input__paymentAmount'

2024-03-08 02:16:01 - [MESSAGE][PASSED] - Text '' is set on object 'Object Repository/RAD_Pages/PaymentAmount_Page/input__paymentAmount'

2024-03-08 02:16:01 - [TEST_STEP][PASSED] - resText = "Fail": null

2024-03-08 02:16:01 - [TEST_STEP][PASSED] - pages.WriteExcel.demoKey(resText, datText, resColumn, datCloumn, fileLoc, nameSheet, row): pages.WriteExcel.demoKey is PASSED

2024-03-08 02:16:02 - [MESSAGE][PASSED] - pages.WriteExcel.demoKey is PASSED

2024-03-08 02:16:02 - [TEST_STEP][PASSED] - verifyTextPresent("Enter business name", true, CONTINUE_ON_FAILURE): Text 'Enter business name' is present on page  using regular expression

2024-03-08 02:16:02 - [MESSAGE][PASSED] - Text 'Enter business name' is present on page  using regular expression

2024-03-08 02:16:02 - [TEST_STEP][PASSED] - verifyTextPresent("Enter business rep first name", true, CONTINUE_ON_FAILURE): Text 'Enter business rep first name' is present on page  using regular expression

2024-03-08 02:16:02 - [MESSAGE][PASSED] - Text 'Enter business rep first name' is present on page  using regular expression

2024-03-08 02:16:02 - [TEST_STEP][PASSED] - verifyTextPresent("Enter business rep last name", true, CONTINUE_ON_FAILURE): Text 'Enter business rep last name' is present on page  using regular expression

2024-03-08 02:16:03 - [MESSAGE][PASSED] - Text 'Enter business rep last name' is present on page  using regular expression

2024-03-08 02:16:03 - [TEST_STEP][PASSED] - verifyTextPresent("Enter address", true, CONTINUE_ON_FAILURE): Text 'Enter address' is present on page  using regular expression

2024-03-08 02:16:03 - [MESSAGE][PASSED] - Text 'Enter address' is present on page  using regular expression

2024-03-08 02:16:03 - [TEST_STEP][PASSED] - verifyTextPresent("Enter city", true, CONTINUE_ON_FAILURE): Text 'Enter city' is present on page  using regular expression

2024-03-08 02:16:04 - [MESSAGE][PASSED] - Text 'Enter city' is present on page  using regular expression

2024-03-08 02:16:04 - [TEST_STEP][PASSED] - verifyTextPresent("Enter ZIP code", true, CONTINUE_ON_FAILURE): Text 'Enter ZIP code' is present on page  using regular expression

2024-03-08 02:16:04 - [MESSAGE][PASSED] - Text 'Enter ZIP code' is present on page  using regular expression

2024-03-08 02:16:04 - [TEST_STEP][PASSED] - verifyTextPresent("Enter a valid phone number", true, CONTINUE_ON_FAILURE): Text 'Enter a valid phone number' is present on page  using regular expression

2024-03-08 02:16:04 - [MESSAGE][PASSED] - Text 'Enter a valid phone number' is present on page  using regular expression

2024-03-08 02:16:04 - [TEST_STEP][PASSED] - verifyTextPresent("Enter Email", true, CONTINUE_ON_FAILURE): Text 'Enter Email' is present on page  using regular expression

2024-03-08 02:16:05 - [MESSAGE][PASSED] - Text 'Enter Email' is present on page  using regular expression

2024-03-08 02:16:05 - [TEST_STEP][PASSED] - if (TaxType.equalsIgnoreCase("Estate Tax")): null

2024-03-08 02:16:05 - [TEST_STEP][PASSED] - if (CRN.equalsIgnoreCase("Y")): Text 'Enter valid MD Central Registration Number' is present on page  using regular expression

2024-03-08 02:16:05 - [TEST_STEP][PASSED] - setText(findTestObject(orPath_TaxInfo + "/input_MDCRegistration"), " "): Text ' ' is set on object 'Object Repository/RAD_Pages/TaxInfo_Page/input_MDCRegistration'

2024-03-08 02:16:05 - [MESSAGE][PASSED] - Text ' ' is set on object 'Object Repository/RAD_Pages/TaxInfo_Page/input_MDCRegistration'

2024-03-08 02:16:05 - [TEST_STEP][PASSED] - setText(findTestObject(orPath_Amount + "/input__paymentAmount"), ""): Text '' is set on object 'Object Repository/RAD_Pages/PaymentAmount_Page/input__paymentAmount'

2024-03-08 02:16:06 - [MESSAGE][PASSED] - Text '' is set on object 'Object Repository/RAD_Pages/PaymentAmount_Page/input__paymentAmount'

2024-03-08 02:16:06 - [TEST_STEP][PASSED] - verifyTextPresent("Enter valid MD Central Registration Number", true, CONTINUE_ON_FAILURE): Text 'Enter valid MD Central Registration Number' is present on page  using regular expression

2024-03-08 02:16:06 - [MESSAGE][PASSED] - Text 'Enter valid MD Central Registration Number' is present on page  using regular expression

2024-03-08 02:16:06 - [TEST_STEP][PASSED] - resText = "Pass": null

2024-03-08 02:16:06 - [TEST_STEP][PASSED] - pages.WriteExcel.demoKey(resText, datText, resColumn, datCloumn, fileLoc, nameSheet, row): pages.WriteExcel.demoKey is PASSED

2024-03-08 02:16:06 - [MESSAGE][PASSED] - pages.WriteExcel.demoKey is PASSED]]></system-out>
         <system-err><![CDATA[]]></system-err>
      </testcase>
      <testcase name="Test Cases/RAD_TestCases/MRF_TestCases/Personal_EL_MRF_TC" time="103.297" classname="Test Cases/RAD_TestCases/MRF_TestCases/Personal_EL_MRF_TC" status="PASSED">
         <system-out><![CDATA[2024-03-08 02:16:06 - [TEST_CASE][PASSED] - Test Cases/RAD_TestCases/MRF_TestCases/Personal_EL_MRF_TC: Test Cases/RAD_TestCases/MRF_TestCases/Personal_EL_MRF_TC

2024-03-08 02:16:07 - [TEST_STEP][PASSED] - resText = "Fail": null

2024-03-08 02:16:07 - [TEST_STEP][PASSED] - resColumn = "Result": null

2024-03-08 02:16:07 - [TEST_STEP][PASSED] - datCloumn = "Date": null

2024-03-08 02:16:07 - [TEST_STEP][PASSED] - fileLoc = "KatalonData/RADTestData/MRF.xlsx": null

2024-03-08 02:16:07 - [TEST_STEP][PASSED] - nameSheet = "Personal_EL": null

2024-03-08 02:16:07 - [TEST_STEP][PASSED] - dataFile = "RADTestData/MRF_Personal_EL": null

2024-03-08 02:16:07 - [TEST_STEP][PASSED] - orPath_Landing = "Object Repository/RAD_Pages/Landing_Page": null

2024-03-08 02:16:07 - [TEST_STEP][PASSED] - orPath_TaxTypeFilingYear = "Object Repository/RAD_Pages/TaxTypeFilingYear_Page": null

2024-03-08 02:16:07 - [TEST_STEP][PASSED] - orPath_Amount = "Object Repository/RAD_Pages/PaymentAmount_Page": null

2024-03-08 02:16:07 - [TEST_STEP][PASSED] - orPath_AddressContact = "Object Repository/RAD_Pages/AddressAndContactInfo_Page": null

2024-03-08 02:16:07 - [TEST_STEP][PASSED] - orPath_Summary = "Object Repository/RAD_Pages/Summary_Page": null

2024-03-08 02:16:07 - [TEST_STEP][PASSED] - orPath_PaymentConfirmation = "Object Repository/RAD_Pages/PaymentConfirmation_Page": null

2024-03-08 02:16:07 - [TEST_STEP][PASSED] - orPath_ServiceFeesAccept = "Object Repository/RAD_Pages/ServiceFeeAccept_Page": null

2024-03-08 02:16:07 - [TEST_STEP][PASSED] - orPath_PaymentEntry = "Object Repository/RAD_Pages/PaymentEntry_Page": null

2024-03-08 02:16:07 - [TEST_STEP][PASSED] - orPath_TaxPayer = "Object Repository/RAD_Pages/Taxpayer_Page": null

2024-03-08 02:16:07 - [TEST_STEP][PASSED] - orPath_TaxInfo = "Object Repository/RAD_Pages/TaxInfo_Page": null

2024-03-08 02:16:07 - [TEST_STEP][PASSED] - ExecuteTC = <not implemented yet for class: org.codehaus.groovy.ast.expr.EmptyExpression>: null

2024-03-08 02:16:07 - [TEST_STEP][PASSED] - TaxType = <not implemented yet for class: org.codehaus.groovy.ast.expr.EmptyExpression>: null

2024-03-08 02:16:07 - [TEST_STEP][PASSED] - PaymentType = <not implemented yet for class: org.codehaus.groovy.ast.expr.EmptyExpression>: null

2024-03-08 02:16:07 - [TEST_STEP][PASSED] - FilingYear = <not implemented yet for class: org.codehaus.groovy.ast.expr.EmptyExpression>: null

2024-03-08 02:16:07 - [TEST_STEP][PASSED] - PeriodEndingMonth = <not implemented yet for class: org.codehaus.groovy.ast.expr.EmptyExpression>: null

2024-03-08 02:16:07 - [TEST_STEP][PASSED] - executionProfile = getExecutionProfile(): null

2024-03-08 02:16:07 - [TEST_STEP][PASSED] - numOfRows = findTestData(dataFile).getRowNumbers(): null

2024-03-08 02:16:07 - [TEST_STEP][PASSED] - println("Number of Records: " + numOfRows): null

2024-03-08 02:16:07 - [TEST_STEP][PASSED] - for ([row = 1, row <= numOfRows, (row++)]): pages.WriteExcel.demoKey is PASSED

2024-03-08 02:16:07 - [TEST_STEP][PASSED] - ExecuteTC = findTestData(dataFile).getValue("Execute", row): null

2024-03-08 02:16:07 - [TEST_STEP][PASSED] - TaxType = findTestData(dataFile).getValue("TaxType", row): null

2024-03-08 02:16:07 - [TEST_STEP][PASSED] - PaymentType = findTestData(dataFile).getValue("PaymentType", row): null

2024-03-08 02:16:07 - [TEST_STEP][PASSED] - if (ExecuteTC.equalsIgnoreCase("Y")): pages.WriteExcel.demoKey is PASSED

2024-03-08 02:16:07 - [TEST_STEP][PASSED] - out.println("Begin Record Number: " + row): null

2024-03-08 02:16:07 - [TEST_STEP][PASSED] - today = new java.util.Date(): null

2024-03-08 02:16:07 - [TEST_STEP][PASSED] - println(today): null

2024-03-08 02:16:07 - [TEST_STEP][PASSED] - datText = today: null

2024-03-08 02:16:07 - [TEST_STEP][PASSED] - logInfo("Payment Type: " + PaymentType): Payment Type: Existing Liability w/Notice Number

2024-03-08 02:16:07 - [MESSAGE][INFO] - Payment Type: Existing Liability w/Notice Number

2024-03-08 02:16:07 - [TEST_STEP][PASSED] - logInfo("Tax Type: " + TaxType): Tax Type: Personal Income Tax

2024-03-08 02:16:07 - [MESSAGE][INFO] - Tax Type: Personal Income Tax

2024-03-08 02:16:07 - [TEST_STEP][PASSED] - openBrowser(""): Browser is opened with url: ''

2024-03-08 02:16:07 - [MESSAGE][WARNING] - A browser is already opened. Closing browser and opening a new one

2024-03-08 02:16:49 - [MESSAGE][INFO] - Starting 'Chrome' driver

2024-03-08 02:16:49 - [MESSAGE][INFO] - User set preference: ['acceptInsecureCerts', 'true']

2024-03-08 02:16:49 - [MESSAGE][INFO] - Action delay is set to 0 milliseconds

2024-03-08 02:16:51 - [MESSAGE][PASSED] - Browser is opened with url: ''

2024-03-08 02:16:51 - [TEST_STEP][PASSED] - maximizeWindow(): Current window maximized

2024-03-08 02:16:51 - [MESSAGE][PASSED] - Current window maximized

2024-03-08 02:16:51 - [TEST_STEP][PASSED] - navigateToUrl(RADurl): Navigate to 'https://qa2.velocitypayment.com/client/rad/index.html' successfully

2024-03-08 02:16:51 - [MESSAGE][PASSED] - Navigate to 'https://qa2.velocitypayment.com/client/rad/index.html' successfully

2024-03-08 02:16:51 - [TEST_STEP][PASSED] - selectOptionByLabel(findTestObject(orPath_Landing + "/dd_TaxType"), PaymentType, false): All options with label 'Existing Liability w/Notice Number' are selected in object 'Object Repository/RAD_Pages/Landing_Page/dd_TaxType' 

2024-03-08 02:16:53 - [MESSAGE][PASSED] - All options with label 'Existing Liability w/Notice Number' are selected in object 'Object Repository/RAD_Pages/Landing_Page/dd_TaxType' 

2024-03-08 02:16:53 - [TEST_STEP][PASSED] - selectOptionByLabel(findTestObject(orPath_TaxTypeFilingYear + "/select_TaxType_ExistingLiability"), TaxType, false): All options with label 'Personal Income Tax' are selected in object 'Object Repository/RAD_Pages/TaxTypeFilingYear_Page/select_TaxType_ExistingLiability' 

2024-03-08 02:16:54 - [MESSAGE][PASSED] - All options with label 'Personal Income Tax' are selected in object 'Object Repository/RAD_Pages/TaxTypeFilingYear_Page/select_TaxType_ExistingLiability' 

2024-03-08 02:16:54 - [TEST_STEP][PASSED] - setText(findTestObject(orPath_TaxPayer + "/input_firstName"), " "): Text ' ' is set on object 'Object Repository/RAD_Pages/Taxpayer_Page/input_firstName'

2024-03-08 02:16:55 - [MESSAGE][PASSED] - Text ' ' is set on object 'Object Repository/RAD_Pages/Taxpayer_Page/input_firstName'

2024-03-08 02:16:55 - [TEST_STEP][PASSED] - setText(findTestObject(orPath_TaxPayer + "/input_lastName"), " "): Text ' ' is set on object 'Object Repository/RAD_Pages/Taxpayer_Page/input_lastName'

2024-03-08 02:16:55 - [MESSAGE][PASSED] - Text ' ' is set on object 'Object Repository/RAD_Pages/Taxpayer_Page/input_lastName'

2024-03-08 02:16:55 - [TEST_STEP][PASSED] - setText(findTestObject(orPath_AddressContact + "/input_streetAddress1"), " "): Text ' ' is set on object 'Object Repository/RAD_Pages/AddressAndContactInfo_Page/input_streetAddress1'

2024-03-08 02:16:56 - [MESSAGE][PASSED] - Text ' ' is set on object 'Object Repository/RAD_Pages/AddressAndContactInfo_Page/input_streetAddress1'

2024-03-08 02:16:56 - [TEST_STEP][PASSED] - setText(findTestObject(orPath_AddressContact + "/input_city"), " "): Text ' ' is set on object 'Object Repository/RAD_Pages/AddressAndContactInfo_Page/input_city'

2024-03-08 02:16:57 - [MESSAGE][PASSED] - Text ' ' is set on object 'Object Repository/RAD_Pages/AddressAndContactInfo_Page/input_city'

2024-03-08 02:16:57 - [TEST_STEP][PASSED] - setText(findTestObject(orPath_AddressContact + "/input_zipCode"), " "): Text ' ' is set on object 'Object Repository/RAD_Pages/AddressAndContactInfo_Page/input_zipCode'

2024-03-08 02:16:57 - [MESSAGE][PASSED] - Text ' ' is set on object 'Object Repository/RAD_Pages/AddressAndContactInfo_Page/input_zipCode'

2024-03-08 02:16:57 - [TEST_STEP][PASSED] - setText(findTestObject(orPath_AddressContact + "/input_phoneNumber"), " "): Text ' ' is set on object 'Object Repository/RAD_Pages/AddressAndContactInfo_Page/input_phoneNumber'

2024-03-08 02:16:58 - [MESSAGE][PASSED] - Text ' ' is set on object 'Object Repository/RAD_Pages/AddressAndContactInfo_Page/input_phoneNumber'

2024-03-08 02:16:58 - [TEST_STEP][PASSED] - setText(findTestObject(orPath_AddressContact + "/input_eMailAddress"), " "): Text ' ' is set on object 'Object Repository/RAD_Pages/AddressAndContactInfo_Page/input_eMailAddress'

2024-03-08 02:16:59 - [MESSAGE][PASSED] - Text ' ' is set on object 'Object Repository/RAD_Pages/AddressAndContactInfo_Page/input_eMailAddress'

2024-03-08 02:16:59 - [TEST_STEP][PASSED] - setText(findTestObject(orPath_AddressContact + "/input_reEnterEMailAddress"), " "): Text ' ' is set on object 'Object Repository/RAD_Pages/AddressAndContactInfo_Page/input_reEnterEMailAddress'

2024-03-08 02:17:00 - [MESSAGE][PASSED] - Text ' ' is set on object 'Object Repository/RAD_Pages/AddressAndContactInfo_Page/input_reEnterEMailAddress'

2024-03-08 02:17:00 - [TEST_STEP][PASSED] - if (TaxType.equalsIgnoreCase("Estate Tax")): null

2024-03-08 02:17:00 - [TEST_STEP][PASSED] - else: Text ' ' is set on object 'Object Repository/RAD_Pages/TaxInfo_Page/input_TaxInfo_reTaxTypeExisitingSSN'

2024-03-08 02:17:00 - [TEST_STEP][PASSED] - setText(findTestObject(orPath_TaxInfo + "/input_TaxInfo_ExisitingSSN"), " "): Text ' ' is set on object 'Object Repository/RAD_Pages/TaxInfo_Page/input_TaxInfo_ExisitingSSN'

2024-03-08 02:17:00 - [MESSAGE][PASSED] - Text ' ' is set on object 'Object Repository/RAD_Pages/TaxInfo_Page/input_TaxInfo_ExisitingSSN'

2024-03-08 02:17:00 - [TEST_STEP][PASSED] - setText(findTestObject(orPath_TaxInfo + "/input_TaxInfo_reTaxTypeExisitingSSN"), " "): Text ' ' is set on object 'Object Repository/RAD_Pages/TaxInfo_Page/input_TaxInfo_reTaxTypeExisitingSSN'

2024-03-08 02:17:01 - [MESSAGE][PASSED] - Text ' ' is set on object 'Object Repository/RAD_Pages/TaxInfo_Page/input_TaxInfo_reTaxTypeExisitingSSN'

2024-03-08 02:17:01 - [TEST_STEP][PASSED] - setText(findTestObject(orPath_TaxInfo + "/input_NoticeInvoiceNumber"), " "): Text ' ' is set on object 'Object Repository/RAD_Pages/TaxInfo_Page/input_NoticeInvoiceNumber'

2024-03-08 02:17:02 - [MESSAGE][PASSED] - Text ' ' is set on object 'Object Repository/RAD_Pages/TaxInfo_Page/input_NoticeInvoiceNumber'

2024-03-08 02:17:02 - [TEST_STEP][PASSED] - setText(findTestObject(orPath_TaxInfo + "/input_reTypeNoticeInvoiceNumber"), " "): Text ' ' is set on object 'Object Repository/RAD_Pages/TaxInfo_Page/input_reTypeNoticeInvoiceNumber'

2024-03-08 02:17:03 - [MESSAGE][PASSED] - Text ' ' is set on object 'Object Repository/RAD_Pages/TaxInfo_Page/input_reTypeNoticeInvoiceNumber'

2024-03-08 02:17:03 - [TEST_STEP][PASSED] - resText = "Fail": null

2024-03-08 02:17:03 - [TEST_STEP][PASSED] - pages.WriteExcel.demoKey(resText, datText, resColumn, datCloumn, fileLoc, nameSheet, row): pages.WriteExcel.demoKey is PASSED

2024-03-08 02:17:03 - [MESSAGE][PASSED] - pages.WriteExcel.demoKey is PASSED

2024-03-08 02:17:03 - [TEST_STEP][PASSED] - verifyTextPresent("Enter first name", true, CONTINUE_ON_FAILURE): Text 'Enter first name' is present on page  using regular expression

2024-03-08 02:17:03 - [MESSAGE][PASSED] - Text 'Enter first name' is present on page  using regular expression

2024-03-08 02:17:03 - [TEST_STEP][PASSED] - verifyTextPresent("Enter last name", true, CONTINUE_ON_FAILURE): Text 'Enter last name' is present on page  using regular expression

2024-03-08 02:17:04 - [MESSAGE][PASSED] - Text 'Enter last name' is present on page  using regular expression

2024-03-08 02:17:04 - [TEST_STEP][PASSED] - verifyTextPresent("Enter address", true, CONTINUE_ON_FAILURE): Text 'Enter address' is present on page  using regular expression

2024-03-08 02:17:04 - [MESSAGE][PASSED] - Text 'Enter address' is present on page  using regular expression

2024-03-08 02:17:04 - [TEST_STEP][PASSED] - verifyTextPresent("Enter city", true, CONTINUE_ON_FAILURE): Text 'Enter city' is present on page  using regular expression

2024-03-08 02:17:04 - [MESSAGE][PASSED] - Text 'Enter city' is present on page  using regular expression

2024-03-08 02:17:04 - [TEST_STEP][PASSED] - verifyTextPresent("Enter ZIP code", true, CONTINUE_ON_FAILURE): Text 'Enter ZIP code' is present on page  using regular expression

2024-03-08 02:17:05 - [MESSAGE][PASSED] - Text 'Enter ZIP code' is present on page  using regular expression

2024-03-08 02:17:05 - [TEST_STEP][PASSED] - verifyTextPresent("Enter a valid phone number", true, CONTINUE_ON_FAILURE): Text 'Enter a valid phone number' is present on page  using regular expression

2024-03-08 02:17:05 - [MESSAGE][PASSED] - Text 'Enter a valid phone number' is present on page  using regular expression

2024-03-08 02:17:05 - [TEST_STEP][PASSED] - verifyTextPresent("Enter Email", true, CONTINUE_ON_FAILURE): Text 'Enter Email' is present on page  using regular expression

2024-03-08 02:17:05 - [MESSAGE][PASSED] - Text 'Enter Email' is present on page  using regular expression

2024-03-08 02:17:05 - [TEST_STEP][PASSED] - verifyTextPresent("Notice Number must be 13 digits in length, with a value greater than zero", true, CONTINUE_ON_FAILURE): Text 'Notice Number must be 13 digits in length, with a value greater than zero' is present on page  using regular expression

2024-03-08 02:17:06 - [MESSAGE][PASSED] - Text 'Notice Number must be 13 digits in length, with a value greater than zero' is present on page  using regular expression

2024-03-08 02:17:06 - [TEST_STEP][PASSED] - if (TaxType.equalsIgnoreCase("Estate Tax")): null

2024-03-08 02:17:06 - [TEST_STEP][PASSED] - else: Text 'Re-type SSN Validation Error' is present on page  using regular expression

2024-03-08 02:17:06 - [TEST_STEP][PASSED] - verifyTextPresent("Please enter a valid SSN with 9 digits", true, CONTINUE_ON_FAILURE): Text 'Please enter a valid SSN with 9 digits' is present on page  using regular expression

2024-03-08 02:17:06 - [MESSAGE][PASSED] - Text 'Please enter a valid SSN with 9 digits' is present on page  using regular expression

2024-03-08 02:17:06 - [TEST_STEP][PASSED] - verifyTextPresent("Re-type SSN Validation Error", true, CONTINUE_ON_FAILURE): Text 'Re-type SSN Validation Error' is present on page  using regular expression

2024-03-08 02:17:06 - [MESSAGE][PASSED] - Text 'Re-type SSN Validation Error' is present on page  using regular expression

2024-03-08 02:17:06 - [TEST_STEP][PASSED] - resText = "Pass": null

2024-03-08 02:17:06 - [TEST_STEP][PASSED] - pages.WriteExcel.demoKey(resText, datText, resColumn, datCloumn, fileLoc, nameSheet, row): pages.WriteExcel.demoKey is PASSED

2024-03-08 02:17:07 - [MESSAGE][PASSED] - pages.WriteExcel.demoKey is PASSED

2024-03-08 02:17:07 - [TEST_STEP][PASSED] - ExecuteTC = findTestData(dataFile).getValue("Execute", row): null

2024-03-08 02:17:07 - [TEST_STEP][PASSED] - TaxType = findTestData(dataFile).getValue("TaxType", row): null

2024-03-08 02:17:07 - [TEST_STEP][PASSED] - PaymentType = findTestData(dataFile).getValue("PaymentType", row): null

2024-03-08 02:17:07 - [TEST_STEP][PASSED] - if (ExecuteTC.equalsIgnoreCase("Y")): pages.WriteExcel.demoKey is PASSED

2024-03-08 02:17:07 - [TEST_STEP][PASSED] - out.println("Begin Record Number: " + row): null

2024-03-08 02:17:07 - [TEST_STEP][PASSED] - today = new java.util.Date(): null

2024-03-08 02:17:07 - [TEST_STEP][PASSED] - println(today): null

2024-03-08 02:17:07 - [TEST_STEP][PASSED] - datText = today: null

2024-03-08 02:17:07 - [TEST_STEP][PASSED] - logInfo("Payment Type: " + PaymentType): Payment Type: Existing Liability w/Notice Number

2024-03-08 02:17:07 - [MESSAGE][INFO] - Payment Type: Existing Liability w/Notice Number

2024-03-08 02:17:07 - [TEST_STEP][PASSED] - logInfo("Tax Type: " + TaxType): Tax Type: Estate Tax

2024-03-08 02:17:07 - [MESSAGE][INFO] - Tax Type: Estate Tax

2024-03-08 02:17:07 - [TEST_STEP][PASSED] - openBrowser(""): Browser is opened with url: ''

2024-03-08 02:17:07 - [MESSAGE][WARNING] - A browser is already opened. Closing browser and opening a new one

2024-03-08 02:17:24 - [MESSAGE][INFO] - Starting 'Chrome' driver

2024-03-08 02:17:24 - [MESSAGE][INFO] - User set preference: ['acceptInsecureCerts', 'true']

2024-03-08 02:17:24 - [MESSAGE][INFO] - Action delay is set to 0 milliseconds

2024-03-08 02:17:25 - [MESSAGE][PASSED] - Browser is opened with url: ''

2024-03-08 02:17:25 - [TEST_STEP][PASSED] - maximizeWindow(): Current window maximized

2024-03-08 02:17:26 - [MESSAGE][PASSED] - Current window maximized

2024-03-08 02:17:26 - [TEST_STEP][PASSED] - navigateToUrl(RADurl): Navigate to 'https://qa2.velocitypayment.com/client/rad/index.html' successfully

2024-03-08 02:17:33 - [MESSAGE][PASSED] - Navigate to 'https://qa2.velocitypayment.com/client/rad/index.html' successfully

2024-03-08 02:17:33 - [TEST_STEP][PASSED] - selectOptionByLabel(findTestObject(orPath_Landing + "/dd_TaxType"), PaymentType, false): All options with label 'Existing Liability w/Notice Number' are selected in object 'Object Repository/RAD_Pages/Landing_Page/dd_TaxType' 

2024-03-08 02:17:34 - [MESSAGE][PASSED] - All options with label 'Existing Liability w/Notice Number' are selected in object 'Object Repository/RAD_Pages/Landing_Page/dd_TaxType' 

2024-03-08 02:17:34 - [TEST_STEP][PASSED] - selectOptionByLabel(findTestObject(orPath_TaxTypeFilingYear + "/select_TaxType_ExistingLiability"), TaxType, false): All options with label 'Estate Tax' are selected in object 'Object Repository/RAD_Pages/TaxTypeFilingYear_Page/select_TaxType_ExistingLiability' 

2024-03-08 02:17:34 - [MESSAGE][PASSED] - All options with label 'Estate Tax' are selected in object 'Object Repository/RAD_Pages/TaxTypeFilingYear_Page/select_TaxType_ExistingLiability' 

2024-03-08 02:17:34 - [TEST_STEP][PASSED] - setText(findTestObject(orPath_TaxPayer + "/input_firstName"), " "): Text ' ' is set on object 'Object Repository/RAD_Pages/Taxpayer_Page/input_firstName'

2024-03-08 02:17:35 - [MESSAGE][PASSED] - Text ' ' is set on object 'Object Repository/RAD_Pages/Taxpayer_Page/input_firstName'

2024-03-08 02:17:35 - [TEST_STEP][PASSED] - setText(findTestObject(orPath_TaxPayer + "/input_lastName"), " "): Text ' ' is set on object 'Object Repository/RAD_Pages/Taxpayer_Page/input_lastName'

2024-03-08 02:17:36 - [MESSAGE][PASSED] - Text ' ' is set on object 'Object Repository/RAD_Pages/Taxpayer_Page/input_lastName'

2024-03-08 02:17:36 - [TEST_STEP][PASSED] - setText(findTestObject(orPath_AddressContact + "/input_streetAddress1"), " "): Text ' ' is set on object 'Object Repository/RAD_Pages/AddressAndContactInfo_Page/input_streetAddress1'

2024-03-08 02:17:37 - [MESSAGE][PASSED] - Text ' ' is set on object 'Object Repository/RAD_Pages/AddressAndContactInfo_Page/input_streetAddress1'

2024-03-08 02:17:37 - [TEST_STEP][PASSED] - setText(findTestObject(orPath_AddressContact + "/input_city"), " "): Text ' ' is set on object 'Object Repository/RAD_Pages/AddressAndContactInfo_Page/input_city'

2024-03-08 02:17:37 - [MESSAGE][PASSED] - Text ' ' is set on object 'Object Repository/RAD_Pages/AddressAndContactInfo_Page/input_city'

2024-03-08 02:17:37 - [TEST_STEP][PASSED] - setText(findTestObject(orPath_AddressContact + "/input_zipCode"), " "): Text ' ' is set on object 'Object Repository/RAD_Pages/AddressAndContactInfo_Page/input_zipCode'

2024-03-08 02:17:38 - [MESSAGE][PASSED] - Text ' ' is set on object 'Object Repository/RAD_Pages/AddressAndContactInfo_Page/input_zipCode'

2024-03-08 02:17:38 - [TEST_STEP][PASSED] - setText(findTestObject(orPath_AddressContact + "/input_phoneNumber"), " "): Text ' ' is set on object 'Object Repository/RAD_Pages/AddressAndContactInfo_Page/input_phoneNumber'

2024-03-08 02:17:39 - [MESSAGE][PASSED] - Text ' ' is set on object 'Object Repository/RAD_Pages/AddressAndContactInfo_Page/input_phoneNumber'

2024-03-08 02:17:39 - [TEST_STEP][PASSED] - setText(findTestObject(orPath_AddressContact + "/input_eMailAddress"), " "): Text ' ' is set on object 'Object Repository/RAD_Pages/AddressAndContactInfo_Page/input_eMailAddress'

2024-03-08 02:17:40 - [MESSAGE][PASSED] - Text ' ' is set on object 'Object Repository/RAD_Pages/AddressAndContactInfo_Page/input_eMailAddress'

2024-03-08 02:17:40 - [TEST_STEP][PASSED] - setText(findTestObject(orPath_AddressContact + "/input_reEnterEMailAddress"), " "): Text ' ' is set on object 'Object Repository/RAD_Pages/AddressAndContactInfo_Page/input_reEnterEMailAddress'

2024-03-08 02:17:40 - [MESSAGE][PASSED] - Text ' ' is set on object 'Object Repository/RAD_Pages/AddressAndContactInfo_Page/input_reEnterEMailAddress'

2024-03-08 02:17:40 - [TEST_STEP][PASSED] - if (TaxType.equalsIgnoreCase("Estate Tax")): Text ' ' is set on object 'Object Repository/RAD_Pages/TaxInfo_Page/input_ReTypeDecedentSSN'

2024-03-08 02:17:40 - [TEST_STEP][PASSED] - setText(findTestObject(orPath_TaxInfo + "/input_DecedentSSN"), " "): Text ' ' is set on object 'Object Repository/RAD_Pages/TaxInfo_Page/input_DecedentSSN'

2024-03-08 02:17:44 - [MESSAGE][PASSED] - Text ' ' is set on object 'Object Repository/RAD_Pages/TaxInfo_Page/input_DecedentSSN'

2024-03-08 02:17:44 - [TEST_STEP][PASSED] - setText(findTestObject(orPath_TaxInfo + "/input_ReTypeDecedentSSN"), " "): Text ' ' is set on object 'Object Repository/RAD_Pages/TaxInfo_Page/input_ReTypeDecedentSSN'

2024-03-08 02:17:44 - [MESSAGE][PASSED] - Text ' ' is set on object 'Object Repository/RAD_Pages/TaxInfo_Page/input_ReTypeDecedentSSN'

2024-03-08 02:17:44 - [TEST_STEP][PASSED] - setText(findTestObject(orPath_TaxInfo + "/input_NoticeInvoiceNumber"), " "): Text ' ' is set on object 'Object Repository/RAD_Pages/TaxInfo_Page/input_NoticeInvoiceNumber'

2024-03-08 02:17:45 - [MESSAGE][PASSED] - Text ' ' is set on object 'Object Repository/RAD_Pages/TaxInfo_Page/input_NoticeInvoiceNumber'

2024-03-08 02:17:45 - [TEST_STEP][PASSED] - setText(findTestObject(orPath_TaxInfo + "/input_reTypeNoticeInvoiceNumber"), " "): Text ' ' is set on object 'Object Repository/RAD_Pages/TaxInfo_Page/input_reTypeNoticeInvoiceNumber'

2024-03-08 02:17:46 - [MESSAGE][PASSED] - Text ' ' is set on object 'Object Repository/RAD_Pages/TaxInfo_Page/input_reTypeNoticeInvoiceNumber'

2024-03-08 02:17:46 - [TEST_STEP][PASSED] - resText = "Fail": null

2024-03-08 02:17:46 - [TEST_STEP][PASSED] - pages.WriteExcel.demoKey(resText, datText, resColumn, datCloumn, fileLoc, nameSheet, row): pages.WriteExcel.demoKey is PASSED

2024-03-08 02:17:46 - [MESSAGE][PASSED] - pages.WriteExcel.demoKey is PASSED

2024-03-08 02:17:46 - [TEST_STEP][PASSED] - verifyTextPresent("Enter first name", true, CONTINUE_ON_FAILURE): Text 'Enter first name' is present on page  using regular expression

2024-03-08 02:17:46 - [MESSAGE][PASSED] - Text 'Enter first name' is present on page  using regular expression

2024-03-08 02:17:46 - [TEST_STEP][PASSED] - verifyTextPresent("Enter last name", true, CONTINUE_ON_FAILURE): Text 'Enter last name' is present on page  using regular expression

2024-03-08 02:17:47 - [MESSAGE][PASSED] - Text 'Enter last name' is present on page  using regular expression

2024-03-08 02:17:47 - [TEST_STEP][PASSED] - verifyTextPresent("Enter address", true, CONTINUE_ON_FAILURE): Text 'Enter address' is present on page  using regular expression

2024-03-08 02:17:47 - [MESSAGE][PASSED] - Text 'Enter address' is present on page  using regular expression

2024-03-08 02:17:47 - [TEST_STEP][PASSED] - verifyTextPresent("Enter city", true, CONTINUE_ON_FAILURE): Text 'Enter city' is present on page  using regular expression

2024-03-08 02:17:48 - [MESSAGE][PASSED] - Text 'Enter city' is present on page  using regular expression

2024-03-08 02:17:48 - [TEST_STEP][PASSED] - verifyTextPresent("Enter ZIP code", true, CONTINUE_ON_FAILURE): Text 'Enter ZIP code' is present on page  using regular expression

2024-03-08 02:17:48 - [MESSAGE][PASSED] - Text 'Enter ZIP code' is present on page  using regular expression

2024-03-08 02:17:48 - [TEST_STEP][PASSED] - verifyTextPresent("Enter a valid phone number", true, CONTINUE_ON_FAILURE): Text 'Enter a valid phone number' is present on page  using regular expression

2024-03-08 02:17:48 - [MESSAGE][PASSED] - Text 'Enter a valid phone number' is present on page  using regular expression

2024-03-08 02:17:48 - [TEST_STEP][PASSED] - verifyTextPresent("Enter Email", true, CONTINUE_ON_FAILURE): Text 'Enter Email' is present on page  using regular expression

2024-03-08 02:17:49 - [MESSAGE][PASSED] - Text 'Enter Email' is present on page  using regular expression

2024-03-08 02:17:49 - [TEST_STEP][PASSED] - verifyTextPresent("Notice Number must be 13 digits in length, with a value greater than zero", true, CONTINUE_ON_FAILURE): Text 'Notice Number must be 13 digits in length, with a value greater than zero' is present on page  using regular expression

2024-03-08 02:17:49 - [MESSAGE][PASSED] - Text 'Notice Number must be 13 digits in length, with a value greater than zero' is present on page  using regular expression

2024-03-08 02:17:49 - [TEST_STEP][PASSED] - if (TaxType.equalsIgnoreCase("Estate Tax")): Text 'Re-type Decedent SSN Validation Error' is present on page  using regular expression

2024-03-08 02:17:49 - [TEST_STEP][PASSED] - verifyTextPresent("Please enter a valid Decedent SSN with 9 digits", true, CONTINUE_ON_FAILURE): Text 'Please enter a valid Decedent SSN with 9 digits' is present on page  using regular expression

2024-03-08 02:17:49 - [MESSAGE][PASSED] - Text 'Please enter a valid Decedent SSN with 9 digits' is present on page  using regular expression

2024-03-08 02:17:49 - [TEST_STEP][PASSED] - verifyTextPresent("Re-type Decedent SSN Validation Error", true, CONTINUE_ON_FAILURE): Text 'Re-type Decedent SSN Validation Error' is present on page  using regular expression

2024-03-08 02:17:50 - [MESSAGE][PASSED] - Text 'Re-type Decedent SSN Validation Error' is present on page  using regular expression

2024-03-08 02:17:50 - [TEST_STEP][PASSED] - resText = "Pass": null

2024-03-08 02:17:50 - [TEST_STEP][PASSED] - pages.WriteExcel.demoKey(resText, datText, resColumn, datCloumn, fileLoc, nameSheet, row): pages.WriteExcel.demoKey is PASSED

2024-03-08 02:17:50 - [MESSAGE][PASSED] - pages.WriteExcel.demoKey is PASSED]]></system-out>
         <system-err><![CDATA[]]></system-err>
      </testcase>
      <testcase name="Test Cases/RAD_TestCases/MRF_TestCases/Personal_Individual_MRF_TC" time="309.838" classname="Test Cases/RAD_TestCases/MRF_TestCases/Personal_Individual_MRF_TC" status="FAILED">
         <failure type="FAILED" message="Test Cases/RAD_TestCases/MRF_TestCases/Personal_Individual_MRF_TC FAILED.
Reason:
com.kms.katalon.core.exception.StepFailedException: Unable to select option by label '2024' of object 'Object Repository/RAD_Pages/TaxTypeFilingYear_Page/select_FilingYear'  (Root cause: com.kms.katalon.core.exception.StepFailedException: Unable to select option by label '2024' of object 'Object Repository/RAD_Pages/TaxTypeFilingYear_Page/select_FilingYear' 
	at com.kms.katalon.core.webui.keyword.internal.WebUIKeywordMain.stepFailed(WebUIKeywordMain.groovy:64)
	at com.kms.katalon.core.webui.keyword.internal.WebUIKeywordMain.runKeyword(WebUIKeywordMain.groovy:26)
	at com.kms.katalon.core.webui.keyword.builtin.SelectOptionByLabelKeyword.selectOptionByLabel(SelectOptionByLabelKeyword.groovy:98)
	at com.kms.katalon.core.webui.keyword.builtin.SelectOptionByLabelKeyword.execute(SelectOptionByLabelKeyword.groovy:71)
	at com.kms.katalon.core.keyword.internal.KeywordExecutor.executeKeywordForPlatform(KeywordExecutor.groovy:74)
	at com.kms.katalon.core.webui.keyword.WebUiBuiltInKeywords.selectOptionByLabel(WebUiBuiltInKeywords.groovy:1230)
	at com.kms.katalon.core.webui.keyword.WebUiBuiltInKeywords$selectOptionByLabel$2.call(Unknown Source)
	at Personal_Individual_MRF_TC.run(Personal_Individual_MRF_TC:113)
	at com.kms.katalon.core.main.ScriptEngine.run(ScriptEngine.java:194)
	at com.kms.katalon.core.main.ScriptEngine.runScriptAsRawText(ScriptEngine.java:119)
	at com.kms.katalon.core.main.TestCaseExecutor.runScript(TestCaseExecutor.java:448)
	at com.kms.katalon.core.main.TestCaseExecutor.doExecute(TestCaseExecutor.java:439)
	at com.kms.katalon.core.main.TestCaseExecutor.processExecutionPhase(TestCaseExecutor.java:418)
	at com.kms.katalon.core.main.TestCaseExecutor.accessMainPhase(TestCaseExecutor.java:410)
	at com.kms.katalon.core.main.TestCaseExecutor.execute(TestCaseExecutor.java:285)
	at com.kms.katalon.core.common.CommonExecutor.accessTestCaseMainPhase(CommonExecutor.java:65)
	at com.kms.katalon.core.main.TestSuiteExecutor.accessTestSuiteMainPhase(TestSuiteExecutor.java:148)
	at com.kms.katalon.core.main.TestSuiteExecutor.execute(TestSuiteExecutor.java:106)
	at com.kms.katalon.core.main.TestCaseMain.startTestSuite(TestCaseMain.java:187)
	at com.kms.katalon.core.main.TestCaseMain$startTestSuite$0.call(Unknown Source)
	at TempTestSuite1709871371648.run(TempTestSuite1709871371648.groovy:36)
Caused by: org.openqa.selenium.NoSuchElementException: Cannot locate element with text: 2024
For documentation on this error, please visit: https://www.seleniumhq.org/exceptions/no_such_element.html
Build info: version: '3.141.59', revision: 'e82be7d358', time: '2018-11-14T08:25:53'
System info: host: 'DESKTOP-B2QI6NS', ip: '172.31.253.185', os.name: 'Windows 10', os.arch: 'amd64', os.version: '10.0', java.version: '1.8.0_181'
Driver info: driver.version: unknown
	at org.openqa.selenium.support.ui.Select.selectByVisibleText(Select.java:147)
	at com.kms.katalon.core.webui.common.WebUiCommonHelper.selectOrDeselectOptionsByLabel(WebUiCommonHelper.java:310)
	at com.kms.katalon.core.webui.keyword.builtin.SelectOptionByLabelKeyword$_selectOptionByLabel_closure1.doCall(SelectOptionByLabelKeyword.groovy:87)
	at com.kms.katalon.core.webui.keyword.builtin.SelectOptionByLabelKeyword$_selectOptionByLabel_closure1.call(SelectOptionByLabelKeyword.groovy)
	at com.kms.katalon.core.webui.keyword.internal.WebUIKeywordMain.runKeyword(WebUIKeywordMain.groovy:20)
	at com.kms.katalon.core.webui.keyword.builtin.SelectOptionByLabelKeyword.selectOptionByLabel(SelectOptionByLabelKeyword.groovy:98)
	at com.kms.katalon.core.webui.keyword.builtin.SelectOptionByLabelKeyword.execute(SelectOptionByLabelKeyword.groovy:71)
	at com.kms.katalon.core.keyword.internal.KeywordExecutor.executeKeywordForPlatform(KeywordExecutor.groovy:74)
	at com.kms.katalon.core.webui.keyword.WebUiBuiltInKeywords.selectOptionByLabel(WebUiBuiltInKeywords.groovy:1230)
	at com.kms.katalon.core.webui.keyword.WebUiBuiltInKeywords$selectOptionByLabel$2.call(Unknown Source)
	at Script1696265299704.run(Script1696265299704.groovy:113)
	... 13 more
)
	at com.kms.katalon.core.keyword.internal.KeywordMain.stepFailed(KeywordMain.groovy:39)
	at com.kms.katalon.core.webui.keyword.internal.WebUIKeywordMain.stepFailed(WebUIKeywordMain.groovy:64)
	at com.kms.katalon.core.webui.keyword.internal.WebUIKeywordMain.runKeyword(WebUIKeywordMain.groovy:26)
	at com.kms.katalon.core.webui.keyword.builtin.SelectOptionByLabelKeyword.selectOptionByLabel(SelectOptionByLabelKeyword.groovy:98)
	at com.kms.katalon.core.webui.keyword.builtin.SelectOptionByLabelKeyword.execute(SelectOptionByLabelKeyword.groovy:71)
	at com.kms.katalon.core.keyword.internal.KeywordExecutor.executeKeywordForPlatform(KeywordExecutor.groovy:74)
	at com.kms.katalon.core.webui.keyword.WebUiBuiltInKeywords.selectOptionByLabel(WebUiBuiltInKeywords.groovy:1230)
	at com.kms.katalon.core.webui.keyword.WebUiBuiltInKeywords$selectOptionByLabel$2.call(Unknown Source)
	at Personal_Individual_MRF_TC.run(Personal_Individual_MRF_TC:113)
	at com.kms.katalon.core.main.ScriptEngine.run(ScriptEngine.java:194)
	at com.kms.katalon.core.main.ScriptEngine.runScriptAsRawText(ScriptEngine.java:119)
	at com.kms.katalon.core.main.TestCaseExecutor.runScript(TestCaseExecutor.java:448)
	at com.kms.katalon.core.main.TestCaseExecutor.doExecute(TestCaseExecutor.java:439)
	at com.kms.katalon.core.main.TestCaseExecutor.processExecutionPhase(TestCaseExecutor.java:418)
	at com.kms.katalon.core.main.TestCaseExecutor.accessMainPhase(TestCaseExecutor.java:410)
	at com.kms.katalon.core.main.TestCaseExecutor.execute(TestCaseExecutor.java:285)
	at com.kms.katalon.core.common.CommonExecutor.accessTestCaseMainPhase(CommonExecutor.java:65)
	at com.kms.katalon.core.main.TestSuiteExecutor.accessTestSuiteMainPhase(TestSuiteExecutor.java:148)
	at com.kms.katalon.core.main.TestSuiteExecutor.execute(TestSuiteExecutor.java:106)
	at com.kms.katalon.core.main.TestCaseMain.startTestSuite(TestCaseMain.java:187)
	at com.kms.katalon.core.main.TestCaseMain$startTestSuite$0.call(Unknown Source)
	at TempTestSuite1709871371648.run(TempTestSuite1709871371648.groovy:36)
Caused by: com.kms.katalon.core.exception.StepFailedException: Unable to select option by label '2024' of object 'Object Repository/RAD_Pages/TaxTypeFilingYear_Page/select_FilingYear' 
	... 21 more
Caused by: org.openqa.selenium.NoSuchElementException: Cannot locate element with text: 2024
For documentation on this error, please visit: https://www.seleniumhq.org/exceptions/no_such_element.html
Build info: version: '3.141.59', revision: 'e82be7d358', time: '2018-11-14T08:25:53'
System info: host: 'DESKTOP-B2QI6NS', ip: '172.31.253.185', os.name: 'Windows 10', os.arch: 'amd64', os.version: '10.0', java.version: '1.8.0_181'
Driver info: driver.version: unknown
	at org.openqa.selenium.support.ui.Select.selectByVisibleText(Select.java:147)
	at com.kms.katalon.core.webui.common.WebUiCommonHelper.selectOrDeselectOptionsByLabel(WebUiCommonHelper.java:310)
	at com.kms.katalon.core.webui.keyword.builtin.SelectOptionByLabelKeyword$_selectOptionByLabel_closure1.doCall(SelectOptionByLabelKeyword.groovy:87)
	at com.kms.katalon.core.webui.keyword.builtin.SelectOptionByLabelKeyword$_selectOptionByLabel_closure1.call(SelectOptionByLabelKeyword.groovy)
	at com.kms.katalon.core.webui.keyword.internal.WebUIKeywordMain.runKeyword(WebUIKeywordMain.groovy:20)
	... 19 more
"/>
         <system-out><![CDATA[2024-03-08 02:17:50 - [TEST_CASE][FAILED] - Test Cases/RAD_TestCases/MRF_TestCases/Personal_Individual_MRF_TC: Test Cases/RAD_TestCases/MRF_TestCases/Personal_Individual_MRF_TC FAILED.
Reason:
com.kms.katalon.core.exception.StepFailedException: Unable to select option by label '2024' of object 'Object Repository/RAD_Pages/TaxTypeFilingYear_Page/select_FilingYear'  (Root cause: com.kms.katalon.core.exception.StepFailedException: Unable to select option by label '2024' of object 'Object Repository/RAD_Pages/TaxTypeFilingYear_Page/select_FilingYear' 
	at com.kms.katalon.core.webui.keyword.internal.WebUIKeywordMain.stepFailed(WebUIKeywordMain.groovy:64)
	at com.kms.katalon.core.webui.keyword.internal.WebUIKeywordMain.runKeyword(WebUIKeywordMain.groovy:26)
	at com.kms.katalon.core.webui.keyword.builtin.SelectOptionByLabelKeyword.selectOptionByLabel(SelectOptionByLabelKeyword.groovy:98)
	at com.kms.katalon.core.webui.keyword.builtin.SelectOptionByLabelKeyword.execute(SelectOptionByLabelKeyword.groovy:71)
	at com.kms.katalon.core.keyword.internal.KeywordExecutor.executeKeywordForPlatform(KeywordExecutor.groovy:74)
	at com.kms.katalon.core.webui.keyword.WebUiBuiltInKeywords.selectOptionByLabel(WebUiBuiltInKeywords.groovy:1230)
	at com.kms.katalon.core.webui.keyword.WebUiBuiltInKeywords$selectOptionByLabel$2.call(Unknown Source)
	at Personal_Individual_MRF_TC.run(Personal_Individual_MRF_TC:113)
	at com.kms.katalon.core.main.ScriptEngine.run(ScriptEngine.java:194)
	at com.kms.katalon.core.main.ScriptEngine.runScriptAsRawText(ScriptEngine.java:119)
	at com.kms.katalon.core.main.TestCaseExecutor.runScript(TestCaseExecutor.java:448)
	at com.kms.katalon.core.main.TestCaseExecutor.doExecute(TestCaseExecutor.java:439)
	at com.kms.katalon.core.main.TestCaseExecutor.processExecutionPhase(TestCaseExecutor.java:418)
	at com.kms.katalon.core.main.TestCaseExecutor.accessMainPhase(TestCaseExecutor.java:410)
	at com.kms.katalon.core.main.TestCaseExecutor.execute(TestCaseExecutor.java:285)
	at com.kms.katalon.core.common.CommonExecutor.accessTestCaseMainPhase(CommonExecutor.java:65)
	at com.kms.katalon.core.main.TestSuiteExecutor.accessTestSuiteMainPhase(TestSuiteExecutor.java:148)
	at com.kms.katalon.core.main.TestSuiteExecutor.execute(TestSuiteExecutor.java:106)
	at com.kms.katalon.core.main.TestCaseMain.startTestSuite(TestCaseMain.java:187)
	at com.kms.katalon.core.main.TestCaseMain$startTestSuite$0.call(Unknown Source)
	at TempTestSuite1709871371648.run(TempTestSuite1709871371648.groovy:36)
Caused by: org.openqa.selenium.NoSuchElementException: Cannot locate element with text: 2024
For documentation on this error, please visit: https://www.seleniumhq.org/exceptions/no_such_element.html
Build info: version: '3.141.59', revision: 'e82be7d358', time: '2018-11-14T08:25:53'
System info: host: 'DESKTOP-B2QI6NS', ip: '172.31.253.185', os.name: 'Windows 10', os.arch: 'amd64', os.version: '10.0', java.version: '1.8.0_181'
Driver info: driver.version: unknown
	at org.openqa.selenium.support.ui.Select.selectByVisibleText(Select.java:147)
	at com.kms.katalon.core.webui.common.WebUiCommonHelper.selectOrDeselectOptionsByLabel(WebUiCommonHelper.java:310)
	at com.kms.katalon.core.webui.keyword.builtin.SelectOptionByLabelKeyword$_selectOptionByLabel_closure1.doCall(SelectOptionByLabelKeyword.groovy:87)
	at com.kms.katalon.core.webui.keyword.builtin.SelectOptionByLabelKeyword$_selectOptionByLabel_closure1.call(SelectOptionByLabelKeyword.groovy)
	at com.kms.katalon.core.webui.keyword.internal.WebUIKeywordMain.runKeyword(WebUIKeywordMain.groovy:20)
	at com.kms.katalon.core.webui.keyword.builtin.SelectOptionByLabelKeyword.selectOptionByLabel(SelectOptionByLabelKeyword.groovy:98)
	at com.kms.katalon.core.webui.keyword.builtin.SelectOptionByLabelKeyword.execute(SelectOptionByLabelKeyword.groovy:71)
	at com.kms.katalon.core.keyword.internal.KeywordExecutor.executeKeywordForPlatform(KeywordExecutor.groovy:74)
	at com.kms.katalon.core.webui.keyword.WebUiBuiltInKeywords.selectOptionByLabel(WebUiBuiltInKeywords.groovy:1230)
	at com.kms.katalon.core.webui.keyword.WebUiBuiltInKeywords$selectOptionByLabel$2.call(Unknown Source)
	at Script1696265299704.run(Script1696265299704.groovy:113)
	... 13 more
)
	at com.kms.katalon.core.keyword.internal.KeywordMain.stepFailed(KeywordMain.groovy:39)
	at com.kms.katalon.core.webui.keyword.internal.WebUIKeywordMain.stepFailed(WebUIKeywordMain.groovy:64)
	at com.kms.katalon.core.webui.keyword.internal.WebUIKeywordMain.runKeyword(WebUIKeywordMain.groovy:26)
	at com.kms.katalon.core.webui.keyword.builtin.SelectOptionByLabelKeyword.selectOptionByLabel(SelectOptionByLabelKeyword.groovy:98)
	at com.kms.katalon.core.webui.keyword.builtin.SelectOptionByLabelKeyword.execute(SelectOptionByLabelKeyword.groovy:71)
	at com.kms.katalon.core.keyword.internal.KeywordExecutor.executeKeywordForPlatform(KeywordExecutor.groovy:74)
	at com.kms.katalon.core.webui.keyword.WebUiBuiltInKeywords.selectOptionByLabel(WebUiBuiltInKeywords.groovy:1230)
	at com.kms.katalon.core.webui.keyword.WebUiBuiltInKeywords$selectOptionByLabel$2.call(Unknown Source)
	at Personal_Individual_MRF_TC.run(Personal_Individual_MRF_TC:113)
	at com.kms.katalon.core.main.ScriptEngine.run(ScriptEngine.java:194)
	at com.kms.katalon.core.main.ScriptEngine.runScriptAsRawText(ScriptEngine.java:119)
	at com.kms.katalon.core.main.TestCaseExecutor.runScript(TestCaseExecutor.java:448)
	at com.kms.katalon.core.main.TestCaseExecutor.doExecute(TestCaseExecutor.java:439)
	at com.kms.katalon.core.main.TestCaseExecutor.processExecutionPhase(TestCaseExecutor.java:418)
	at com.kms.katalon.core.main.TestCaseExecutor.accessMainPhase(TestCaseExecutor.java:410)
	at com.kms.katalon.core.main.TestCaseExecutor.execute(TestCaseExecutor.java:285)
	at com.kms.katalon.core.common.CommonExecutor.accessTestCaseMainPhase(CommonExecutor.java:65)
	at com.kms.katalon.core.main.TestSuiteExecutor.accessTestSuiteMainPhase(TestSuiteExecutor.java:148)
	at com.kms.katalon.core.main.TestSuiteExecutor.execute(TestSuiteExecutor.java:106)
	at com.kms.katalon.core.main.TestCaseMain.startTestSuite(TestCaseMain.java:187)
	at com.kms.katalon.core.main.TestCaseMain$startTestSuite$0.call(Unknown Source)
	at TempTestSuite1709871371648.run(TempTestSuite1709871371648.groovy:36)
Caused by: com.kms.katalon.core.exception.StepFailedException: Unable to select option by label '2024' of object 'Object Repository/RAD_Pages/TaxTypeFilingYear_Page/select_FilingYear' 
	... 21 more
Caused by: org.openqa.selenium.NoSuchElementException: Cannot locate element with text: 2024
For documentation on this error, please visit: https://www.seleniumhq.org/exceptions/no_such_element.html
Build info: version: '3.141.59', revision: 'e82be7d358', time: '2018-11-14T08:25:53'
System info: host: 'DESKTOP-B2QI6NS', ip: '172.31.253.185', os.name: 'Windows 10', os.arch: 'amd64', os.version: '10.0', java.version: '1.8.0_181'
Driver info: driver.version: unknown
	at org.openqa.selenium.support.ui.Select.selectByVisibleText(Select.java:147)
	at com.kms.katalon.core.webui.common.WebUiCommonHelper.selectOrDeselectOptionsByLabel(WebUiCommonHelper.java:310)
	at com.kms.katalon.core.webui.keyword.builtin.SelectOptionByLabelKeyword$_selectOptionByLabel_closure1.doCall(SelectOptionByLabelKeyword.groovy:87)
	at com.kms.katalon.core.webui.keyword.builtin.SelectOptionByLabelKeyword$_selectOptionByLabel_closure1.call(SelectOptionByLabelKeyword.groovy)
	at com.kms.katalon.core.webui.keyword.internal.WebUIKeywordMain.runKeyword(WebUIKeywordMain.groovy:20)
	... 19 more


2024-03-08 02:17:50 - [TEST_STEP][PASSED] - resText = "Fail": null

2024-03-08 02:17:50 - [TEST_STEP][PASSED] - resColumn = "Result": null

2024-03-08 02:17:50 - [TEST_STEP][PASSED] - datCloumn = "Date": null

2024-03-08 02:17:50 - [TEST_STEP][PASSED] - fileLoc = "KatalonData/RADTestData/MRF.xlsx": null

2024-03-08 02:17:50 - [TEST_STEP][PASSED] - nameSheet = "Personal_IND": null

2024-03-08 02:17:50 - [TEST_STEP][PASSED] - dataFile = "RADTestData/MRF_Personal_IND": null

2024-03-08 02:17:50 - [TEST_STEP][PASSED] - orPath_Landing = "Object Repository/RAD_Pages/Landing_Page": null

2024-03-08 02:17:50 - [TEST_STEP][PASSED] - orPath_TaxTypeFilingYear = "Object Repository/RAD_Pages/TaxTypeFilingYear_Page": null

2024-03-08 02:17:50 - [TEST_STEP][PASSED] - orPath_Amount = "Object Repository/RAD_Pages/PaymentAmount_Page": null

2024-03-08 02:17:50 - [TEST_STEP][PASSED] - orPath_AddressContact = "Object Repository/RAD_Pages/AddressAndContactInfo_Page": null

2024-03-08 02:17:50 - [TEST_STEP][PASSED] - orPath_Summary = "Object Repository/RAD_Pages/Summary_Page": null

2024-03-08 02:17:50 - [TEST_STEP][PASSED] - orPath_PaymentConfirmation = "Object Repository/RAD_Pages/PaymentConfirmation_Page": null

2024-03-08 02:17:50 - [TEST_STEP][PASSED] - orPath_ServiceFeesAccept = "Object Repository/RAD_Pages/ServiceFeeAccept_Page": null

2024-03-08 02:17:50 - [TEST_STEP][PASSED] - orPath_PaymentEntry = "Object Repository/RAD_Pages/PaymentEntry_Page": null

2024-03-08 02:17:50 - [TEST_STEP][PASSED] - orPath_TaxPayer = "Object Repository/RAD_Pages/Taxpayer_Page": null

2024-03-08 02:17:50 - [TEST_STEP][PASSED] - ExecuteTC = <not implemented yet for class: org.codehaus.groovy.ast.expr.EmptyExpression>: null

2024-03-08 02:17:50 - [TEST_STEP][PASSED] - TaxType = <not implemented yet for class: org.codehaus.groovy.ast.expr.EmptyExpression>: null

2024-03-08 02:17:50 - [TEST_STEP][PASSED] - PaymentType = <not implemented yet for class: org.codehaus.groovy.ast.expr.EmptyExpression>: null

2024-03-08 02:17:50 - [TEST_STEP][PASSED] - FilingYear = <not implemented yet for class: org.codehaus.groovy.ast.expr.EmptyExpression>: null

2024-03-08 02:17:50 - [TEST_STEP][PASSED] - PeriodEndingMonth = <not implemented yet for class: org.codehaus.groovy.ast.expr.EmptyExpression>: null

2024-03-08 02:17:50 - [TEST_STEP][PASSED] - executionProfile = getExecutionProfile(): null

2024-03-08 02:17:50 - [TEST_STEP][PASSED] - numOfRows = findTestData(dataFile).getRowNumbers(): null

2024-03-08 02:17:50 - [TEST_STEP][PASSED] - println("Number of Records: " + numOfRows): null

2024-03-08 02:17:50 - [TEST_STEP][FAILED] - for ([row = 1, row <= numOfRows, (row++)]): null

2024-03-08 02:17:50 - [TEST_STEP][PASSED] - ExecuteTC = findTestData(dataFile).getValue("Execute", row): null

2024-03-08 02:17:51 - [TEST_STEP][PASSED] - TaxType = findTestData(dataFile).getValue("TaxType", row): null

2024-03-08 02:17:51 - [TEST_STEP][PASSED] - PaymentType = findTestData(dataFile).getValue("PaymentType", row): null

2024-03-08 02:17:51 - [TEST_STEP][PASSED] - FilingYear = findTestData(dataFile).getValue("Year", row): null

2024-03-08 02:17:51 - [TEST_STEP][PASSED] - if (ExecuteTC.equalsIgnoreCase("Y")): pages.WriteExcel.demoKey is PASSED

2024-03-08 02:17:51 - [TEST_STEP][PASSED] - out.println("Begin Record Number: " + row): null

2024-03-08 02:17:51 - [TEST_STEP][PASSED] - today = new java.util.Date(): null

2024-03-08 02:17:51 - [TEST_STEP][PASSED] - println(today): null

2024-03-08 02:17:51 - [TEST_STEP][PASSED] - datText = today: null

2024-03-08 02:17:51 - [TEST_STEP][PASSED] - logInfo("Payment Type: " + PaymentType): Payment Type: Quarterly Estimated Tax

2024-03-08 02:17:51 - [MESSAGE][INFO] - Payment Type: Quarterly Estimated Tax

2024-03-08 02:17:51 - [TEST_STEP][PASSED] - logInfo("Tax Type: " + TaxType): Tax Type: Personal Income Tax

2024-03-08 02:17:51 - [MESSAGE][INFO] - Tax Type: Personal Income Tax

2024-03-08 02:17:51 - [TEST_STEP][PASSED] - openBrowser(""): Browser is opened with url: ''

2024-03-08 02:17:51 - [MESSAGE][WARNING] - A browser is already opened. Closing browser and opening a new one

2024-03-08 02:18:06 - [MESSAGE][INFO] - Starting 'Chrome' driver

2024-03-08 02:18:06 - [MESSAGE][INFO] - User set preference: ['acceptInsecureCerts', 'true']

2024-03-08 02:18:06 - [MESSAGE][INFO] - Action delay is set to 0 milliseconds

2024-03-08 02:18:08 - [MESSAGE][PASSED] - Browser is opened with url: ''

2024-03-08 02:18:08 - [TEST_STEP][PASSED] - maximizeWindow(): Current window maximized

2024-03-08 02:18:08 - [MESSAGE][PASSED] - Current window maximized

2024-03-08 02:18:08 - [TEST_STEP][PASSED] - navigateToUrl(RADurl): Navigate to 'https://qa2.velocitypayment.com/client/rad/index.html' successfully

2024-03-08 02:18:19 - [MESSAGE][PASSED] - Navigate to 'https://qa2.velocitypayment.com/client/rad/index.html' successfully

2024-03-08 02:18:19 - [TEST_STEP][PASSED] - selectOptionByLabel(findTestObject(orPath_Landing + "/dd_TaxType"), PaymentType, false): All options with label 'Quarterly Estimated Tax' are selected in object 'Object Repository/RAD_Pages/Landing_Page/dd_TaxType' 

2024-03-08 02:18:20 - [MESSAGE][PASSED] - All options with label 'Quarterly Estimated Tax' are selected in object 'Object Repository/RAD_Pages/Landing_Page/dd_TaxType' 

2024-03-08 02:18:20 - [TEST_STEP][PASSED] - switch (PaymentType): null

2024-03-08 02:18:20 - [TEST_STEP][PASSED] - case "Quarterly Estimated Tax":: null

2024-03-08 02:18:20 - [TEST_STEP][PASSED] - selectOptionByLabel(findTestObject(orPath_TaxTypeFilingYear + "/select_PaymentType"), TaxType, false): All options with label 'Personal Income Tax' are selected in object 'Object Repository/RAD_Pages/TaxTypeFilingYear_Page/select_PaymentType' 

2024-03-08 02:18:21 - [MESSAGE][PASSED] - All options with label 'Personal Income Tax' are selected in object 'Object Repository/RAD_Pages/TaxTypeFilingYear_Page/select_PaymentType' 

2024-03-08 02:18:21 - [TEST_STEP][PASSED] - break: null

2024-03-08 02:18:21 - [TEST_STEP][PASSED] - if (!(FilingYear.isEmpty())): All options with label '2024' are selected in object 'Object Repository/RAD_Pages/TaxTypeFilingYear_Page/select_FilingYear' 

2024-03-08 02:18:21 - [TEST_STEP][PASSED] - selectOptionByLabel(findTestObject(orPath_TaxTypeFilingYear + "/select_FilingYear"), FilingYear, false): All options with label '2024' are selected in object 'Object Repository/RAD_Pages/TaxTypeFilingYear_Page/select_FilingYear' 

2024-03-08 02:18:21 - [MESSAGE][PASSED] - All options with label '2024' are selected in object 'Object Repository/RAD_Pages/TaxTypeFilingYear_Page/select_FilingYear' 

2024-03-08 02:18:21 - [TEST_STEP][PASSED] - setText(findTestObject(orPath_TaxPayer + "/input_firstName"), " "): Text ' ' is set on object 'Object Repository/RAD_Pages/Taxpayer_Page/input_firstName'

2024-03-08 02:18:22 - [MESSAGE][PASSED] - Text ' ' is set on object 'Object Repository/RAD_Pages/Taxpayer_Page/input_firstName'

2024-03-08 02:18:22 - [TEST_STEP][PASSED] - setText(findTestObject(orPath_TaxPayer + "/input_lastName"), " "): Text ' ' is set on object 'Object Repository/RAD_Pages/Taxpayer_Page/input_lastName'

2024-03-08 02:18:23 - [MESSAGE][PASSED] - Text ' ' is set on object 'Object Repository/RAD_Pages/Taxpayer_Page/input_lastName'

2024-03-08 02:18:23 - [TEST_STEP][PASSED] - if (TaxType.equalsIgnoreCase("Estate Tax")): null

2024-03-08 02:18:23 - [TEST_STEP][PASSED] - else: Text ' ' is set on object 'Object Repository/RAD_RecordAndPlay/input_concatReSSN'

2024-03-08 02:18:23 - [TEST_STEP][PASSED] - setText(findTestObject("RAD_RecordAndPlay/input_concatSSN"), " "): Text ' ' is set on object 'Object Repository/RAD_RecordAndPlay/input_concatSSN'

2024-03-08 02:18:23 - [MESSAGE][PASSED] - Text ' ' is set on object 'Object Repository/RAD_RecordAndPlay/input_concatSSN'

2024-03-08 02:18:23 - [TEST_STEP][PASSED] - setText(findTestObject("RAD_RecordAndPlay/input_concatReSSN"), " "): Text ' ' is set on object 'Object Repository/RAD_RecordAndPlay/input_concatReSSN'

2024-03-08 02:18:24 - [MESSAGE][PASSED] - Text ' ' is set on object 'Object Repository/RAD_RecordAndPlay/input_concatReSSN'

2024-03-08 02:18:24 - [TEST_STEP][PASSED] - setText(findTestObject(orPath_AddressContact + "/input_streetAddress1"), " "): Text ' ' is set on object 'Object Repository/RAD_Pages/AddressAndContactInfo_Page/input_streetAddress1'

2024-03-08 02:18:25 - [MESSAGE][PASSED] - Text ' ' is set on object 'Object Repository/RAD_Pages/AddressAndContactInfo_Page/input_streetAddress1'

2024-03-08 02:18:25 - [TEST_STEP][PASSED] - setText(findTestObject(orPath_AddressContact + "/input_city"), " "): Text ' ' is set on object 'Object Repository/RAD_Pages/AddressAndContactInfo_Page/input_city'

2024-03-08 02:18:25 - [MESSAGE][PASSED] - Text ' ' is set on object 'Object Repository/RAD_Pages/AddressAndContactInfo_Page/input_city'

2024-03-08 02:18:25 - [TEST_STEP][PASSED] - setText(findTestObject(orPath_AddressContact + "/input_zipCode"), " "): Text ' ' is set on object 'Object Repository/RAD_Pages/AddressAndContactInfo_Page/input_zipCode'

2024-03-08 02:18:26 - [MESSAGE][PASSED] - Text ' ' is set on object 'Object Repository/RAD_Pages/AddressAndContactInfo_Page/input_zipCode'

2024-03-08 02:18:26 - [TEST_STEP][PASSED] - setText(findTestObject(orPath_AddressContact + "/input_phoneNumber"), " "): Text ' ' is set on object 'Object Repository/RAD_Pages/AddressAndContactInfo_Page/input_phoneNumber'

2024-03-08 02:18:27 - [MESSAGE][PASSED] - Text ' ' is set on object 'Object Repository/RAD_Pages/AddressAndContactInfo_Page/input_phoneNumber'

2024-03-08 02:18:27 - [TEST_STEP][PASSED] - setText(findTestObject(orPath_AddressContact + "/input_eMailAddress"), " "): Text ' ' is set on object 'Object Repository/RAD_Pages/AddressAndContactInfo_Page/input_eMailAddress'

2024-03-08 02:18:28 - [MESSAGE][PASSED] - Text ' ' is set on object 'Object Repository/RAD_Pages/AddressAndContactInfo_Page/input_eMailAddress'

2024-03-08 02:18:28 - [TEST_STEP][PASSED] - setText(findTestObject(orPath_AddressContact + "/input_reEnterEMailAddress"), " "): Text ' ' is set on object 'Object Repository/RAD_Pages/AddressAndContactInfo_Page/input_reEnterEMailAddress'

2024-03-08 02:18:28 - [MESSAGE][PASSED] - Text ' ' is set on object 'Object Repository/RAD_Pages/AddressAndContactInfo_Page/input_reEnterEMailAddress'

2024-03-08 02:18:28 - [TEST_STEP][PASSED] - resText = "Fail": null

2024-03-08 02:18:28 - [TEST_STEP][PASSED] - pages.WriteExcel.demoKey(resText, datText, resColumn, datCloumn, fileLoc, nameSheet, row): pages.WriteExcel.demoKey is PASSED

2024-03-08 02:18:29 - [MESSAGE][PASSED] - pages.WriteExcel.demoKey is PASSED

2024-03-08 02:18:29 - [TEST_STEP][PASSED] - verifyTextPresent("Enter first name", true, CONTINUE_ON_FAILURE): Text 'Enter first name' is present on page  using regular expression

2024-03-08 02:18:29 - [MESSAGE][PASSED] - Text 'Enter first name' is present on page  using regular expression

2024-03-08 02:18:29 - [TEST_STEP][PASSED] - verifyTextPresent("Enter last name", true, CONTINUE_ON_FAILURE): Text 'Enter last name' is present on page  using regular expression

2024-03-08 02:18:29 - [MESSAGE][PASSED] - Text 'Enter last name' is present on page  using regular expression

2024-03-08 02:18:29 - [TEST_STEP][PASSED] - verifyTextPresent("Enter address", true, CONTINUE_ON_FAILURE): Text 'Enter address' is present on page  using regular expression

2024-03-08 02:18:30 - [MESSAGE][PASSED] - Text 'Enter address' is present on page  using regular expression

2024-03-08 02:18:30 - [TEST_STEP][PASSED] - verifyTextPresent("Enter city", true, CONTINUE_ON_FAILURE): Text 'Enter city' is present on page  using regular expression

2024-03-08 02:18:30 - [MESSAGE][PASSED] - Text 'Enter city' is present on page  using regular expression

2024-03-08 02:18:30 - [TEST_STEP][PASSED] - verifyTextPresent("Enter ZIP code", true, CONTINUE_ON_FAILURE): Text 'Enter ZIP code' is present on page  using regular expression

2024-03-08 02:18:30 - [MESSAGE][PASSED] - Text 'Enter ZIP code' is present on page  using regular expression

2024-03-08 02:18:30 - [TEST_STEP][PASSED] - verifyTextPresent("Enter a valid phone number", true, CONTINUE_ON_FAILURE): Text 'Enter a valid phone number' is present on page  using regular expression

2024-03-08 02:18:31 - [MESSAGE][PASSED] - Text 'Enter a valid phone number' is present on page  using regular expression

2024-03-08 02:18:31 - [TEST_STEP][PASSED] - verifyTextPresent("Enter Email", true, CONTINUE_ON_FAILURE): Text 'Enter Email' is present on page  using regular expression

2024-03-08 02:18:31 - [MESSAGE][PASSED] - Text 'Enter Email' is present on page  using regular expression

2024-03-08 02:18:31 - [TEST_STEP][PASSED] - if (TaxType.equalsIgnoreCase("Estate Tax")): null

2024-03-08 02:18:31 - [TEST_STEP][PASSED] - else: Text 'Re-type SSN Validation Error' is present on page  using regular expression

2024-03-08 02:18:31 - [TEST_STEP][PASSED] - verifyTextPresent("Please enter a valid SSN with 9 digits", true, CONTINUE_ON_FAILURE): Text 'Please enter a valid SSN with 9 digits' is present on page  using regular expression

2024-03-08 02:18:31 - [MESSAGE][PASSED] - Text 'Please enter a valid SSN with 9 digits' is present on page  using regular expression

2024-03-08 02:18:31 - [TEST_STEP][PASSED] - verifyTextPresent("Re-type SSN Validation Error", true, CONTINUE_ON_FAILURE): Text 'Re-type SSN Validation Error' is present on page  using regular expression

2024-03-08 02:18:32 - [MESSAGE][PASSED] - Text 'Re-type SSN Validation Error' is present on page  using regular expression

2024-03-08 02:18:32 - [TEST_STEP][PASSED] - resText = "Pass": null

2024-03-08 02:18:32 - [TEST_STEP][PASSED] - pages.WriteExcel.demoKey(resText, datText, resColumn, datCloumn, fileLoc, nameSheet, row): pages.WriteExcel.demoKey is PASSED

2024-03-08 02:18:32 - [MESSAGE][PASSED] - pages.WriteExcel.demoKey is PASSED

2024-03-08 02:18:32 - [TEST_STEP][PASSED] - ExecuteTC = findTestData(dataFile).getValue("Execute", row): null

2024-03-08 02:18:32 - [TEST_STEP][PASSED] - TaxType = findTestData(dataFile).getValue("TaxType", row): null

2024-03-08 02:18:32 - [TEST_STEP][PASSED] - PaymentType = findTestData(dataFile).getValue("PaymentType", row): null

2024-03-08 02:18:32 - [TEST_STEP][PASSED] - FilingYear = findTestData(dataFile).getValue("Year", row): null

2024-03-08 02:18:32 - [TEST_STEP][PASSED] - if (ExecuteTC.equalsIgnoreCase("Y")): null

2024-03-08 02:18:32 - [TEST_STEP][PASSED] - ExecuteTC = findTestData(dataFile).getValue("Execute", row): null

2024-03-08 02:18:32 - [TEST_STEP][PASSED] - TaxType = findTestData(dataFile).getValue("TaxType", row): null

2024-03-08 02:18:32 - [TEST_STEP][PASSED] - PaymentType = findTestData(dataFile).getValue("PaymentType", row): null

2024-03-08 02:18:32 - [TEST_STEP][PASSED] - FilingYear = findTestData(dataFile).getValue("Year", row): null

2024-03-08 02:18:32 - [TEST_STEP][PASSED] - if (ExecuteTC.equalsIgnoreCase("Y")): pages.WriteExcel.demoKey is PASSED

2024-03-08 02:18:32 - [TEST_STEP][PASSED] - out.println("Begin Record Number: " + row): null

2024-03-08 02:18:32 - [TEST_STEP][PASSED] - today = new java.util.Date(): null

2024-03-08 02:18:32 - [TEST_STEP][PASSED] - println(today): null

2024-03-08 02:18:32 - [TEST_STEP][PASSED] - datText = today: null

2024-03-08 02:18:32 - [TEST_STEP][PASSED] - logInfo("Payment Type: " + PaymentType): Payment Type: New Tax Return Amount Due

2024-03-08 02:18:32 - [MESSAGE][INFO] - Payment Type: New Tax Return Amount Due

2024-03-08 02:18:32 - [TEST_STEP][PASSED] - logInfo("Tax Type: " + TaxType): Tax Type: Personal Income Tax

2024-03-08 02:18:32 - [MESSAGE][INFO] - Tax Type: Personal Income Tax

2024-03-08 02:18:32 - [TEST_STEP][PASSED] - openBrowser(""): Browser is opened with url: ''

2024-03-08 02:18:32 - [MESSAGE][WARNING] - A browser is already opened. Closing browser and opening a new one

2024-03-08 02:18:51 - [MESSAGE][INFO] - Starting 'Chrome' driver

2024-03-08 02:18:51 - [MESSAGE][INFO] - User set preference: ['acceptInsecureCerts', 'true']

2024-03-08 02:18:51 - [MESSAGE][INFO] - Action delay is set to 0 milliseconds

2024-03-08 02:18:52 - [MESSAGE][PASSED] - Browser is opened with url: ''

2024-03-08 02:18:52 - [TEST_STEP][PASSED] - maximizeWindow(): Current window maximized

2024-03-08 02:18:52 - [MESSAGE][PASSED] - Current window maximized

2024-03-08 02:18:52 - [TEST_STEP][PASSED] - navigateToUrl(RADurl): Navigate to 'https://qa2.velocitypayment.com/client/rad/index.html' successfully

2024-03-08 02:18:54 - [MESSAGE][PASSED] - Navigate to 'https://qa2.velocitypayment.com/client/rad/index.html' successfully

2024-03-08 02:18:54 - [TEST_STEP][PASSED] - selectOptionByLabel(findTestObject(orPath_Landing + "/dd_TaxType"), PaymentType, false): All options with label 'New Tax Return Amount Due' are selected in object 'Object Repository/RAD_Pages/Landing_Page/dd_TaxType' 

2024-03-08 02:18:55 - [MESSAGE][PASSED] - All options with label 'New Tax Return Amount Due' are selected in object 'Object Repository/RAD_Pages/Landing_Page/dd_TaxType' 

2024-03-08 02:18:55 - [TEST_STEP][PASSED] - switch (PaymentType): null

2024-03-08 02:18:55 - [TEST_STEP][PASSED] - case "New Tax Return Amount Due":: null

2024-03-08 02:18:55 - [TEST_STEP][PASSED] - selectOptionByLabel(findTestObject("Object Repository/RAD_Pages/Landing_Page/select_NewTaxReturnAmountDue_TaxType"), TaxType, false): All options with label 'Personal Income Tax' are selected in object 'Object Repository/RAD_Pages/Landing_Page/select_NewTaxReturnAmountDue_TaxType' 

2024-03-08 02:18:56 - [MESSAGE][PASSED] - All options with label 'Personal Income Tax' are selected in object 'Object Repository/RAD_Pages/Landing_Page/select_NewTaxReturnAmountDue_TaxType' 

2024-03-08 02:18:56 - [TEST_STEP][PASSED] - break: null

2024-03-08 02:18:56 - [TEST_STEP][PASSED] - if (!(FilingYear.isEmpty())): All options with label '2023' are selected in object 'Object Repository/RAD_Pages/TaxTypeFilingYear_Page/select_FilingYear' 

2024-03-08 02:18:56 - [TEST_STEP][PASSED] - selectOptionByLabel(findTestObject(orPath_TaxTypeFilingYear + "/select_FilingYear"), FilingYear, false): All options with label '2023' are selected in object 'Object Repository/RAD_Pages/TaxTypeFilingYear_Page/select_FilingYear' 

2024-03-08 02:18:56 - [MESSAGE][PASSED] - All options with label '2023' are selected in object 'Object Repository/RAD_Pages/TaxTypeFilingYear_Page/select_FilingYear' 

2024-03-08 02:18:56 - [TEST_STEP][PASSED] - setText(findTestObject(orPath_TaxPayer + "/input_firstName"), " "): Text ' ' is set on object 'Object Repository/RAD_Pages/Taxpayer_Page/input_firstName'

2024-03-08 02:18:57 - [MESSAGE][PASSED] - Text ' ' is set on object 'Object Repository/RAD_Pages/Taxpayer_Page/input_firstName'

2024-03-08 02:18:57 - [TEST_STEP][PASSED] - setText(findTestObject(orPath_TaxPayer + "/input_lastName"), " "): Text ' ' is set on object 'Object Repository/RAD_Pages/Taxpayer_Page/input_lastName'

2024-03-08 02:18:58 - [MESSAGE][PASSED] - Text ' ' is set on object 'Object Repository/RAD_Pages/Taxpayer_Page/input_lastName'

2024-03-08 02:18:58 - [TEST_STEP][PASSED] - if (TaxType.equalsIgnoreCase("Estate Tax")): null

2024-03-08 02:18:58 - [TEST_STEP][PASSED] - else: Text ' ' is set on object 'Object Repository/RAD_RecordAndPlay/input_concatReSSN'

2024-03-08 02:18:58 - [TEST_STEP][PASSED] - setText(findTestObject("RAD_RecordAndPlay/input_concatSSN"), " "): Text ' ' is set on object 'Object Repository/RAD_RecordAndPlay/input_concatSSN'

2024-03-08 02:18:58 - [MESSAGE][PASSED] - Text ' ' is set on object 'Object Repository/RAD_RecordAndPlay/input_concatSSN'

2024-03-08 02:18:58 - [TEST_STEP][PASSED] - setText(findTestObject("RAD_RecordAndPlay/input_concatReSSN"), " "): Text ' ' is set on object 'Object Repository/RAD_RecordAndPlay/input_concatReSSN'

2024-03-08 02:18:59 - [MESSAGE][PASSED] - Text ' ' is set on object 'Object Repository/RAD_RecordAndPlay/input_concatReSSN'

2024-03-08 02:18:59 - [TEST_STEP][PASSED] - setText(findTestObject(orPath_AddressContact + "/input_streetAddress1"), " "): Text ' ' is set on object 'Object Repository/RAD_Pages/AddressAndContactInfo_Page/input_streetAddress1'

2024-03-08 02:19:00 - [MESSAGE][PASSED] - Text ' ' is set on object 'Object Repository/RAD_Pages/AddressAndContactInfo_Page/input_streetAddress1'

2024-03-08 02:19:00 - [TEST_STEP][PASSED] - setText(findTestObject(orPath_AddressContact + "/input_city"), " "): Text ' ' is set on object 'Object Repository/RAD_Pages/AddressAndContactInfo_Page/input_city'

2024-03-08 02:19:01 - [MESSAGE][PASSED] - Text ' ' is set on object 'Object Repository/RAD_Pages/AddressAndContactInfo_Page/input_city'

2024-03-08 02:19:01 - [TEST_STEP][PASSED] - setText(findTestObject(orPath_AddressContact + "/input_zipCode"), " "): Text ' ' is set on object 'Object Repository/RAD_Pages/AddressAndContactInfo_Page/input_zipCode'

2024-03-08 02:19:01 - [MESSAGE][PASSED] - Text ' ' is set on object 'Object Repository/RAD_Pages/AddressAndContactInfo_Page/input_zipCode'

2024-03-08 02:19:01 - [TEST_STEP][PASSED] - setText(findTestObject(orPath_AddressContact + "/input_phoneNumber"), " "): Text ' ' is set on object 'Object Repository/RAD_Pages/AddressAndContactInfo_Page/input_phoneNumber'

2024-03-08 02:19:02 - [MESSAGE][PASSED] - Text ' ' is set on object 'Object Repository/RAD_Pages/AddressAndContactInfo_Page/input_phoneNumber'

2024-03-08 02:19:02 - [TEST_STEP][PASSED] - setText(findTestObject(orPath_AddressContact + "/input_eMailAddress"), " "): Text ' ' is set on object 'Object Repository/RAD_Pages/AddressAndContactInfo_Page/input_eMailAddress'

2024-03-08 02:19:03 - [MESSAGE][PASSED] - Text ' ' is set on object 'Object Repository/RAD_Pages/AddressAndContactInfo_Page/input_eMailAddress'

2024-03-08 02:19:03 - [TEST_STEP][PASSED] - setText(findTestObject(orPath_AddressContact + "/input_reEnterEMailAddress"), " "): Text ' ' is set on object 'Object Repository/RAD_Pages/AddressAndContactInfo_Page/input_reEnterEMailAddress'

2024-03-08 02:19:04 - [MESSAGE][PASSED] - Text ' ' is set on object 'Object Repository/RAD_Pages/AddressAndContactInfo_Page/input_reEnterEMailAddress'

2024-03-08 02:19:04 - [TEST_STEP][PASSED] - resText = "Fail": null

2024-03-08 02:19:04 - [TEST_STEP][PASSED] - pages.WriteExcel.demoKey(resText, datText, resColumn, datCloumn, fileLoc, nameSheet, row): pages.WriteExcel.demoKey is PASSED

2024-03-08 02:19:04 - [MESSAGE][PASSED] - pages.WriteExcel.demoKey is PASSED

2024-03-08 02:19:04 - [TEST_STEP][PASSED] - verifyTextPresent("Enter first name", true, CONTINUE_ON_FAILURE): Text 'Enter first name' is present on page  using regular expression

2024-03-08 02:19:04 - [MESSAGE][PASSED] - Text 'Enter first name' is present on page  using regular expression

2024-03-08 02:19:04 - [TEST_STEP][PASSED] - verifyTextPresent("Enter last name", true, CONTINUE_ON_FAILURE): Text 'Enter last name' is present on page  using regular expression

2024-03-08 02:19:04 - [MESSAGE][PASSED] - Text 'Enter last name' is present on page  using regular expression

2024-03-08 02:19:04 - [TEST_STEP][PASSED] - verifyTextPresent("Enter address", true, CONTINUE_ON_FAILURE): Text 'Enter address' is present on page  using regular expression

2024-03-08 02:19:05 - [MESSAGE][PASSED] - Text 'Enter address' is present on page  using regular expression

2024-03-08 02:19:05 - [TEST_STEP][PASSED] - verifyTextPresent("Enter city", true, CONTINUE_ON_FAILURE): Text 'Enter city' is present on page  using regular expression

2024-03-08 02:19:05 - [MESSAGE][PASSED] - Text 'Enter city' is present on page  using regular expression

2024-03-08 02:19:05 - [TEST_STEP][PASSED] - verifyTextPresent("Enter ZIP code", true, CONTINUE_ON_FAILURE): Text 'Enter ZIP code' is present on page  using regular expression

2024-03-08 02:19:06 - [MESSAGE][PASSED] - Text 'Enter ZIP code' is present on page  using regular expression

2024-03-08 02:19:06 - [TEST_STEP][PASSED] - verifyTextPresent("Enter a valid phone number", true, CONTINUE_ON_FAILURE): Text 'Enter a valid phone number' is present on page  using regular expression

2024-03-08 02:19:06 - [MESSAGE][PASSED] - Text 'Enter a valid phone number' is present on page  using regular expression

2024-03-08 02:19:06 - [TEST_STEP][PASSED] - verifyTextPresent("Enter Email", true, CONTINUE_ON_FAILURE): Text 'Enter Email' is present on page  using regular expression

2024-03-08 02:19:06 - [MESSAGE][PASSED] - Text 'Enter Email' is present on page  using regular expression

2024-03-08 02:19:06 - [TEST_STEP][PASSED] - if (TaxType.equalsIgnoreCase("Estate Tax")): null

2024-03-08 02:19:06 - [TEST_STEP][PASSED] - else: Text 'Re-type SSN Validation Error' is present on page  using regular expression

2024-03-08 02:19:06 - [TEST_STEP][PASSED] - verifyTextPresent("Please enter a valid SSN with 9 digits", true, CONTINUE_ON_FAILURE): Text 'Please enter a valid SSN with 9 digits' is present on page  using regular expression

2024-03-08 02:19:07 - [MESSAGE][PASSED] - Text 'Please enter a valid SSN with 9 digits' is present on page  using regular expression

2024-03-08 02:19:07 - [TEST_STEP][PASSED] - verifyTextPresent("Re-type SSN Validation Error", true, CONTINUE_ON_FAILURE): Text 'Re-type SSN Validation Error' is present on page  using regular expression

2024-03-08 02:19:07 - [MESSAGE][PASSED] - Text 'Re-type SSN Validation Error' is present on page  using regular expression

2024-03-08 02:19:07 - [TEST_STEP][PASSED] - resText = "Pass": null

2024-03-08 02:19:07 - [TEST_STEP][PASSED] - pages.WriteExcel.demoKey(resText, datText, resColumn, datCloumn, fileLoc, nameSheet, row): pages.WriteExcel.demoKey is PASSED

2024-03-08 02:19:07 - [MESSAGE][PASSED] - pages.WriteExcel.demoKey is PASSED

2024-03-08 02:19:07 - [TEST_STEP][PASSED] - ExecuteTC = findTestData(dataFile).getValue("Execute", row): null

2024-03-08 02:19:07 - [TEST_STEP][PASSED] - TaxType = findTestData(dataFile).getValue("TaxType", row): null

2024-03-08 02:19:07 - [TEST_STEP][PASSED] - PaymentType = findTestData(dataFile).getValue("PaymentType", row): null

2024-03-08 02:19:07 - [TEST_STEP][PASSED] - FilingYear = findTestData(dataFile).getValue("Year", row): null

2024-03-08 02:19:07 - [TEST_STEP][PASSED] - if (ExecuteTC.equalsIgnoreCase("Y")): pages.WriteExcel.demoKey is PASSED

2024-03-08 02:19:07 - [TEST_STEP][PASSED] - out.println("Begin Record Number: " + row): null

2024-03-08 02:19:07 - [TEST_STEP][PASSED] - today = new java.util.Date(): null

2024-03-08 02:19:07 - [TEST_STEP][PASSED] - println(today): null

2024-03-08 02:19:07 - [TEST_STEP][PASSED] - datText = today: null

2024-03-08 02:19:07 - [TEST_STEP][PASSED] - logInfo("Payment Type: " + PaymentType): Payment Type: New Tax Return Amount Due

2024-03-08 02:19:07 - [MESSAGE][INFO] - Payment Type: New Tax Return Amount Due

2024-03-08 02:19:07 - [TEST_STEP][PASSED] - logInfo("Tax Type: " + TaxType): Tax Type: Personal Income Tax

2024-03-08 02:19:07 - [MESSAGE][INFO] - Tax Type: Personal Income Tax

2024-03-08 02:19:07 - [TEST_STEP][PASSED] - openBrowser(""): Browser is opened with url: ''

2024-03-08 02:19:07 - [MESSAGE][WARNING] - A browser is already opened. Closing browser and opening a new one

2024-03-08 02:19:34 - [MESSAGE][INFO] - Starting 'Chrome' driver

2024-03-08 02:19:34 - [MESSAGE][INFO] - User set preference: ['acceptInsecureCerts', 'true']

2024-03-08 02:19:34 - [MESSAGE][INFO] - Action delay is set to 0 milliseconds

2024-03-08 02:19:36 - [MESSAGE][PASSED] - Browser is opened with url: ''

2024-03-08 02:19:36 - [TEST_STEP][PASSED] - maximizeWindow(): Current window maximized

2024-03-08 02:19:36 - [MESSAGE][PASSED] - Current window maximized

2024-03-08 02:19:36 - [TEST_STEP][PASSED] - navigateToUrl(RADurl): Navigate to 'https://qa2.velocitypayment.com/client/rad/index.html' successfully

2024-03-08 02:19:44 - [MESSAGE][PASSED] - Navigate to 'https://qa2.velocitypayment.com/client/rad/index.html' successfully

2024-03-08 02:19:44 - [TEST_STEP][PASSED] - selectOptionByLabel(findTestObject(orPath_Landing + "/dd_TaxType"), PaymentType, false): All options with label 'New Tax Return Amount Due' are selected in object 'Object Repository/RAD_Pages/Landing_Page/dd_TaxType' 

2024-03-08 02:19:44 - [MESSAGE][PASSED] - All options with label 'New Tax Return Amount Due' are selected in object 'Object Repository/RAD_Pages/Landing_Page/dd_TaxType' 

2024-03-08 02:19:44 - [TEST_STEP][PASSED] - switch (PaymentType): null

2024-03-08 02:19:44 - [TEST_STEP][PASSED] - case "New Tax Return Amount Due":: null

2024-03-08 02:19:44 - [TEST_STEP][PASSED] - selectOptionByLabel(findTestObject("Object Repository/RAD_Pages/Landing_Page/select_NewTaxReturnAmountDue_TaxType"), TaxType, false): All options with label 'Personal Income Tax' are selected in object 'Object Repository/RAD_Pages/Landing_Page/select_NewTaxReturnAmountDue_TaxType' 

2024-03-08 02:19:45 - [MESSAGE][PASSED] - All options with label 'Personal Income Tax' are selected in object 'Object Repository/RAD_Pages/Landing_Page/select_NewTaxReturnAmountDue_TaxType' 

2024-03-08 02:19:45 - [TEST_STEP][PASSED] - break: null

2024-03-08 02:19:45 - [TEST_STEP][PASSED] - if (!(FilingYear.isEmpty())): All options with label '2022' are selected in object 'Object Repository/RAD_Pages/TaxTypeFilingYear_Page/select_FilingYear' 

2024-03-08 02:19:45 - [TEST_STEP][PASSED] - selectOptionByLabel(findTestObject(orPath_TaxTypeFilingYear + "/select_FilingYear"), FilingYear, false): All options with label '2022' are selected in object 'Object Repository/RAD_Pages/TaxTypeFilingYear_Page/select_FilingYear' 

2024-03-08 02:19:46 - [MESSAGE][PASSED] - All options with label '2022' are selected in object 'Object Repository/RAD_Pages/TaxTypeFilingYear_Page/select_FilingYear' 

2024-03-08 02:19:46 - [TEST_STEP][PASSED] - setText(findTestObject(orPath_TaxPayer + "/input_firstName"), " "): Text ' ' is set on object 'Object Repository/RAD_Pages/Taxpayer_Page/input_firstName'

2024-03-08 02:19:47 - [MESSAGE][PASSED] - Text ' ' is set on object 'Object Repository/RAD_Pages/Taxpayer_Page/input_firstName'

2024-03-08 02:19:47 - [TEST_STEP][PASSED] - setText(findTestObject(orPath_TaxPayer + "/input_lastName"), " "): Text ' ' is set on object 'Object Repository/RAD_Pages/Taxpayer_Page/input_lastName'

2024-03-08 02:19:47 - [MESSAGE][PASSED] - Text ' ' is set on object 'Object Repository/RAD_Pages/Taxpayer_Page/input_lastName'

2024-03-08 02:19:47 - [TEST_STEP][PASSED] - if (TaxType.equalsIgnoreCase("Estate Tax")): null

2024-03-08 02:19:47 - [TEST_STEP][PASSED] - else: Text ' ' is set on object 'Object Repository/RAD_RecordAndPlay/input_concatReSSN'

2024-03-08 02:19:47 - [TEST_STEP][PASSED] - setText(findTestObject("RAD_RecordAndPlay/input_concatSSN"), " "): Text ' ' is set on object 'Object Repository/RAD_RecordAndPlay/input_concatSSN'

2024-03-08 02:19:48 - [MESSAGE][PASSED] - Text ' ' is set on object 'Object Repository/RAD_RecordAndPlay/input_concatSSN'

2024-03-08 02:19:48 - [TEST_STEP][PASSED] - setText(findTestObject("RAD_RecordAndPlay/input_concatReSSN"), " "): Text ' ' is set on object 'Object Repository/RAD_RecordAndPlay/input_concatReSSN'

2024-03-08 02:19:48 - [MESSAGE][PASSED] - Text ' ' is set on object 'Object Repository/RAD_RecordAndPlay/input_concatReSSN'

2024-03-08 02:19:48 - [TEST_STEP][PASSED] - setText(findTestObject(orPath_AddressContact + "/input_streetAddress1"), " "): Text ' ' is set on object 'Object Repository/RAD_Pages/AddressAndContactInfo_Page/input_streetAddress1'

2024-03-08 02:19:49 - [MESSAGE][PASSED] - Text ' ' is set on object 'Object Repository/RAD_Pages/AddressAndContactInfo_Page/input_streetAddress1'

2024-03-08 02:19:49 - [TEST_STEP][PASSED] - setText(findTestObject(orPath_AddressContact + "/input_city"), " "): Text ' ' is set on object 'Object Repository/RAD_Pages/AddressAndContactInfo_Page/input_city'

2024-03-08 02:19:50 - [MESSAGE][PASSED] - Text ' ' is set on object 'Object Repository/RAD_Pages/AddressAndContactInfo_Page/input_city'

2024-03-08 02:19:50 - [TEST_STEP][PASSED] - setText(findTestObject(orPath_AddressContact + "/input_zipCode"), " "): Text ' ' is set on object 'Object Repository/RAD_Pages/AddressAndContactInfo_Page/input_zipCode'

2024-03-08 02:19:51 - [MESSAGE][PASSED] - Text ' ' is set on object 'Object Repository/RAD_Pages/AddressAndContactInfo_Page/input_zipCode'

2024-03-08 02:19:51 - [TEST_STEP][PASSED] - setText(findTestObject(orPath_AddressContact + "/input_phoneNumber"), " "): Text ' ' is set on object 'Object Repository/RAD_Pages/AddressAndContactInfo_Page/input_phoneNumber'

2024-03-08 02:19:52 - [MESSAGE][PASSED] - Text ' ' is set on object 'Object Repository/RAD_Pages/AddressAndContactInfo_Page/input_phoneNumber'

2024-03-08 02:19:52 - [TEST_STEP][PASSED] - setText(findTestObject(orPath_AddressContact + "/input_eMailAddress"), " "): Text ' ' is set on object 'Object Repository/RAD_Pages/AddressAndContactInfo_Page/input_eMailAddress'

2024-03-08 02:19:52 - [MESSAGE][PASSED] - Text ' ' is set on object 'Object Repository/RAD_Pages/AddressAndContactInfo_Page/input_eMailAddress'

2024-03-08 02:19:52 - [TEST_STEP][PASSED] - setText(findTestObject(orPath_AddressContact + "/input_reEnterEMailAddress"), " "): Text ' ' is set on object 'Object Repository/RAD_Pages/AddressAndContactInfo_Page/input_reEnterEMailAddress'

2024-03-08 02:19:53 - [MESSAGE][PASSED] - Text ' ' is set on object 'Object Repository/RAD_Pages/AddressAndContactInfo_Page/input_reEnterEMailAddress'

2024-03-08 02:19:53 - [TEST_STEP][PASSED] - resText = "Fail": null

2024-03-08 02:19:53 - [TEST_STEP][PASSED] - pages.WriteExcel.demoKey(resText, datText, resColumn, datCloumn, fileLoc, nameSheet, row): pages.WriteExcel.demoKey is PASSED

2024-03-08 02:19:53 - [MESSAGE][PASSED] - pages.WriteExcel.demoKey is PASSED

2024-03-08 02:19:53 - [TEST_STEP][PASSED] - verifyTextPresent("Enter first name", true, CONTINUE_ON_FAILURE): Text 'Enter first name' is present on page  using regular expression

2024-03-08 02:19:54 - [MESSAGE][PASSED] - Text 'Enter first name' is present on page  using regular expression

2024-03-08 02:19:54 - [TEST_STEP][PASSED] - verifyTextPresent("Enter last name", true, CONTINUE_ON_FAILURE): Text 'Enter last name' is present on page  using regular expression

2024-03-08 02:19:54 - [MESSAGE][PASSED] - Text 'Enter last name' is present on page  using regular expression

2024-03-08 02:19:54 - [TEST_STEP][PASSED] - verifyTextPresent("Enter address", true, CONTINUE_ON_FAILURE): Text 'Enter address' is present on page  using regular expression

2024-03-08 02:19:54 - [MESSAGE][PASSED] - Text 'Enter address' is present on page  using regular expression

2024-03-08 02:19:54 - [TEST_STEP][PASSED] - verifyTextPresent("Enter city", true, CONTINUE_ON_FAILURE): Text 'Enter city' is present on page  using regular expression

2024-03-08 02:19:55 - [MESSAGE][PASSED] - Text 'Enter city' is present on page  using regular expression

2024-03-08 02:19:55 - [TEST_STEP][PASSED] - verifyTextPresent("Enter ZIP code", true, CONTINUE_ON_FAILURE): Text 'Enter ZIP code' is present on page  using regular expression

2024-03-08 02:19:55 - [MESSAGE][PASSED] - Text 'Enter ZIP code' is present on page  using regular expression

2024-03-08 02:19:55 - [TEST_STEP][PASSED] - verifyTextPresent("Enter a valid phone number", true, CONTINUE_ON_FAILURE): Text 'Enter a valid phone number' is present on page  using regular expression

2024-03-08 02:19:55 - [MESSAGE][PASSED] - Text 'Enter a valid phone number' is present on page  using regular expression

2024-03-08 02:19:55 - [TEST_STEP][PASSED] - verifyTextPresent("Enter Email", true, CONTINUE_ON_FAILURE): Text 'Enter Email' is present on page  using regular expression

2024-03-08 02:19:56 - [MESSAGE][PASSED] - Text 'Enter Email' is present on page  using regular expression

2024-03-08 02:19:56 - [TEST_STEP][PASSED] - if (TaxType.equalsIgnoreCase("Estate Tax")): null

2024-03-08 02:19:56 - [TEST_STEP][PASSED] - else: Text 'Re-type SSN Validation Error' is present on page  using regular expression

2024-03-08 02:19:56 - [TEST_STEP][PASSED] - verifyTextPresent("Please enter a valid SSN with 9 digits", true, CONTINUE_ON_FAILURE): Text 'Please enter a valid SSN with 9 digits' is present on page  using regular expression

2024-03-08 02:19:56 - [MESSAGE][PASSED] - Text 'Please enter a valid SSN with 9 digits' is present on page  using regular expression

2024-03-08 02:19:56 - [TEST_STEP][PASSED] - verifyTextPresent("Re-type SSN Validation Error", true, CONTINUE_ON_FAILURE): Text 'Re-type SSN Validation Error' is present on page  using regular expression

2024-03-08 02:19:56 - [MESSAGE][PASSED] - Text 'Re-type SSN Validation Error' is present on page  using regular expression

2024-03-08 02:19:56 - [TEST_STEP][PASSED] - resText = "Pass": null

2024-03-08 02:19:56 - [TEST_STEP][PASSED] - pages.WriteExcel.demoKey(resText, datText, resColumn, datCloumn, fileLoc, nameSheet, row): pages.WriteExcel.demoKey is PASSED

2024-03-08 02:19:56 - [MESSAGE][PASSED] - pages.WriteExcel.demoKey is PASSED

2024-03-08 02:19:56 - [TEST_STEP][PASSED] - ExecuteTC = findTestData(dataFile).getValue("Execute", row): null

2024-03-08 02:19:56 - [TEST_STEP][PASSED] - TaxType = findTestData(dataFile).getValue("TaxType", row): null

2024-03-08 02:19:57 - [TEST_STEP][PASSED] - PaymentType = findTestData(dataFile).getValue("PaymentType", row): null

2024-03-08 02:19:57 - [TEST_STEP][PASSED] - FilingYear = findTestData(dataFile).getValue("Year", row): null

2024-03-08 02:19:57 - [TEST_STEP][PASSED] - if (ExecuteTC.equalsIgnoreCase("Y")): pages.WriteExcel.demoKey is PASSED

2024-03-08 02:19:57 - [TEST_STEP][PASSED] - out.println("Begin Record Number: " + row): null

2024-03-08 02:19:57 - [TEST_STEP][PASSED] - today = new java.util.Date(): null

2024-03-08 02:19:57 - [TEST_STEP][PASSED] - println(today): null

2024-03-08 02:19:57 - [TEST_STEP][PASSED] - datText = today: null

2024-03-08 02:19:57 - [TEST_STEP][PASSED] - logInfo("Payment Type: " + PaymentType): Payment Type: New Tax Return Amount Due

2024-03-08 02:19:57 - [MESSAGE][INFO] - Payment Type: New Tax Return Amount Due

2024-03-08 02:19:57 - [TEST_STEP][PASSED] - logInfo("Tax Type: " + TaxType): Tax Type: Personal Income Tax

2024-03-08 02:19:57 - [MESSAGE][INFO] - Tax Type: Personal Income Tax

2024-03-08 02:19:57 - [TEST_STEP][PASSED] - openBrowser(""): Browser is opened with url: ''

2024-03-08 02:19:57 - [MESSAGE][WARNING] - A browser is already opened. Closing browser and opening a new one

2024-03-08 02:20:17 - [MESSAGE][INFO] - Starting 'Chrome' driver

2024-03-08 02:20:17 - [MESSAGE][INFO] - User set preference: ['acceptInsecureCerts', 'true']

2024-03-08 02:20:17 - [MESSAGE][INFO] - Action delay is set to 0 milliseconds

2024-03-08 02:20:19 - [MESSAGE][PASSED] - Browser is opened with url: ''

2024-03-08 02:20:19 - [TEST_STEP][PASSED] - maximizeWindow(): Current window maximized

2024-03-08 02:20:19 - [MESSAGE][PASSED] - Current window maximized

2024-03-08 02:20:19 - [TEST_STEP][PASSED] - navigateToUrl(RADurl): Navigate to 'https://qa2.velocitypayment.com/client/rad/index.html' successfully

2024-03-08 02:20:26 - [MESSAGE][PASSED] - Navigate to 'https://qa2.velocitypayment.com/client/rad/index.html' successfully

2024-03-08 02:20:26 - [TEST_STEP][PASSED] - selectOptionByLabel(findTestObject(orPath_Landing + "/dd_TaxType"), PaymentType, false): All options with label 'New Tax Return Amount Due' are selected in object 'Object Repository/RAD_Pages/Landing_Page/dd_TaxType' 

2024-03-08 02:20:27 - [MESSAGE][PASSED] - All options with label 'New Tax Return Amount Due' are selected in object 'Object Repository/RAD_Pages/Landing_Page/dd_TaxType' 

2024-03-08 02:20:27 - [TEST_STEP][PASSED] - switch (PaymentType): null

2024-03-08 02:20:27 - [TEST_STEP][PASSED] - case "New Tax Return Amount Due":: null

2024-03-08 02:20:27 - [TEST_STEP][PASSED] - selectOptionByLabel(findTestObject("Object Repository/RAD_Pages/Landing_Page/select_NewTaxReturnAmountDue_TaxType"), TaxType, false): All options with label 'Personal Income Tax' are selected in object 'Object Repository/RAD_Pages/Landing_Page/select_NewTaxReturnAmountDue_TaxType' 

2024-03-08 02:20:27 - [MESSAGE][PASSED] - All options with label 'Personal Income Tax' are selected in object 'Object Repository/RAD_Pages/Landing_Page/select_NewTaxReturnAmountDue_TaxType' 

2024-03-08 02:20:27 - [TEST_STEP][PASSED] - break: null

2024-03-08 02:20:27 - [TEST_STEP][PASSED] - if (!(FilingYear.isEmpty())): All options with label '2021' are selected in object 'Object Repository/RAD_Pages/TaxTypeFilingYear_Page/select_FilingYear' 

2024-03-08 02:20:27 - [TEST_STEP][PASSED] - selectOptionByLabel(findTestObject(orPath_TaxTypeFilingYear + "/select_FilingYear"), FilingYear, false): All options with label '2021' are selected in object 'Object Repository/RAD_Pages/TaxTypeFilingYear_Page/select_FilingYear' 

2024-03-08 02:20:28 - [MESSAGE][PASSED] - All options with label '2021' are selected in object 'Object Repository/RAD_Pages/TaxTypeFilingYear_Page/select_FilingYear' 

2024-03-08 02:20:28 - [TEST_STEP][PASSED] - setText(findTestObject(orPath_TaxPayer + "/input_firstName"), " "): Text ' ' is set on object 'Object Repository/RAD_Pages/Taxpayer_Page/input_firstName'

2024-03-08 02:20:29 - [MESSAGE][PASSED] - Text ' ' is set on object 'Object Repository/RAD_Pages/Taxpayer_Page/input_firstName'

2024-03-08 02:20:29 - [TEST_STEP][PASSED] - setText(findTestObject(orPath_TaxPayer + "/input_lastName"), " "): Text ' ' is set on object 'Object Repository/RAD_Pages/Taxpayer_Page/input_lastName'

2024-03-08 02:20:30 - [MESSAGE][PASSED] - Text ' ' is set on object 'Object Repository/RAD_Pages/Taxpayer_Page/input_lastName'

2024-03-08 02:20:30 - [TEST_STEP][PASSED] - if (TaxType.equalsIgnoreCase("Estate Tax")): null

2024-03-08 02:20:30 - [TEST_STEP][PASSED] - else: Text ' ' is set on object 'Object Repository/RAD_RecordAndPlay/input_concatReSSN'

2024-03-08 02:20:30 - [TEST_STEP][PASSED] - setText(findTestObject("RAD_RecordAndPlay/input_concatSSN"), " "): Text ' ' is set on object 'Object Repository/RAD_RecordAndPlay/input_concatSSN'

2024-03-08 02:20:30 - [MESSAGE][PASSED] - Text ' ' is set on object 'Object Repository/RAD_RecordAndPlay/input_concatSSN'

2024-03-08 02:20:30 - [TEST_STEP][PASSED] - setText(findTestObject("RAD_RecordAndPlay/input_concatReSSN"), " "): Text ' ' is set on object 'Object Repository/RAD_RecordAndPlay/input_concatReSSN'

2024-03-08 02:20:31 - [MESSAGE][PASSED] - Text ' ' is set on object 'Object Repository/RAD_RecordAndPlay/input_concatReSSN'

2024-03-08 02:20:31 - [TEST_STEP][PASSED] - setText(findTestObject(orPath_AddressContact + "/input_streetAddress1"), " "): Text ' ' is set on object 'Object Repository/RAD_Pages/AddressAndContactInfo_Page/input_streetAddress1'

2024-03-08 02:20:31 - [MESSAGE][PASSED] - Text ' ' is set on object 'Object Repository/RAD_Pages/AddressAndContactInfo_Page/input_streetAddress1'

2024-03-08 02:20:31 - [TEST_STEP][PASSED] - setText(findTestObject(orPath_AddressContact + "/input_city"), " "): Text ' ' is set on object 'Object Repository/RAD_Pages/AddressAndContactInfo_Page/input_city'

2024-03-08 02:20:32 - [MESSAGE][PASSED] - Text ' ' is set on object 'Object Repository/RAD_Pages/AddressAndContactInfo_Page/input_city'

2024-03-08 02:20:32 - [TEST_STEP][PASSED] - setText(findTestObject(orPath_AddressContact + "/input_zipCode"), " "): Text ' ' is set on object 'Object Repository/RAD_Pages/AddressAndContactInfo_Page/input_zipCode'

2024-03-08 02:20:33 - [MESSAGE][PASSED] - Text ' ' is set on object 'Object Repository/RAD_Pages/AddressAndContactInfo_Page/input_zipCode'

2024-03-08 02:20:33 - [TEST_STEP][PASSED] - setText(findTestObject(orPath_AddressContact + "/input_phoneNumber"), " "): Text ' ' is set on object 'Object Repository/RAD_Pages/AddressAndContactInfo_Page/input_phoneNumber'

2024-03-08 02:20:34 - [MESSAGE][PASSED] - Text ' ' is set on object 'Object Repository/RAD_Pages/AddressAndContactInfo_Page/input_phoneNumber'

2024-03-08 02:20:34 - [TEST_STEP][PASSED] - setText(findTestObject(orPath_AddressContact + "/input_eMailAddress"), " "): Text ' ' is set on object 'Object Repository/RAD_Pages/AddressAndContactInfo_Page/input_eMailAddress'

2024-03-08 02:20:35 - [MESSAGE][PASSED] - Text ' ' is set on object 'Object Repository/RAD_Pages/AddressAndContactInfo_Page/input_eMailAddress'

2024-03-08 02:20:35 - [TEST_STEP][PASSED] - setText(findTestObject(orPath_AddressContact + "/input_reEnterEMailAddress"), " "): Text ' ' is set on object 'Object Repository/RAD_Pages/AddressAndContactInfo_Page/input_reEnterEMailAddress'

2024-03-08 02:20:35 - [MESSAGE][PASSED] - Text ' ' is set on object 'Object Repository/RAD_Pages/AddressAndContactInfo_Page/input_reEnterEMailAddress'

2024-03-08 02:20:35 - [TEST_STEP][PASSED] - resText = "Fail": null

2024-03-08 02:20:35 - [TEST_STEP][PASSED] - pages.WriteExcel.demoKey(resText, datText, resColumn, datCloumn, fileLoc, nameSheet, row): pages.WriteExcel.demoKey is PASSED

2024-03-08 02:20:35 - [MESSAGE][PASSED] - pages.WriteExcel.demoKey is PASSED

2024-03-08 02:20:35 - [TEST_STEP][PASSED] - verifyTextPresent("Enter first name", true, CONTINUE_ON_FAILURE): Text 'Enter first name' is present on page  using regular expression

2024-03-08 02:20:36 - [MESSAGE][PASSED] - Text 'Enter first name' is present on page  using regular expression

2024-03-08 02:20:36 - [TEST_STEP][PASSED] - verifyTextPresent("Enter last name", true, CONTINUE_ON_FAILURE): Text 'Enter last name' is present on page  using regular expression

2024-03-08 02:20:36 - [MESSAGE][PASSED] - Text 'Enter last name' is present on page  using regular expression

2024-03-08 02:20:36 - [TEST_STEP][PASSED] - verifyTextPresent("Enter address", true, CONTINUE_ON_FAILURE): Text 'Enter address' is present on page  using regular expression

2024-03-08 02:20:37 - [MESSAGE][PASSED] - Text 'Enter address' is present on page  using regular expression

2024-03-08 02:20:37 - [TEST_STEP][PASSED] - verifyTextPresent("Enter city", true, CONTINUE_ON_FAILURE): Text 'Enter city' is present on page  using regular expression

2024-03-08 02:20:37 - [MESSAGE][PASSED] - Text 'Enter city' is present on page  using regular expression

2024-03-08 02:20:37 - [TEST_STEP][PASSED] - verifyTextPresent("Enter ZIP code", true, CONTINUE_ON_FAILURE): Text 'Enter ZIP code' is present on page  using regular expression

2024-03-08 02:20:37 - [MESSAGE][PASSED] - Text 'Enter ZIP code' is present on page  using regular expression

2024-03-08 02:20:37 - [TEST_STEP][PASSED] - verifyTextPresent("Enter a valid phone number", true, CONTINUE_ON_FAILURE): Text 'Enter a valid phone number' is present on page  using regular expression

2024-03-08 02:20:38 - [MESSAGE][PASSED] - Text 'Enter a valid phone number' is present on page  using regular expression

2024-03-08 02:20:38 - [TEST_STEP][PASSED] - verifyTextPresent("Enter Email", true, CONTINUE_ON_FAILURE): Text 'Enter Email' is present on page  using regular expression

2024-03-08 02:20:43 - [MESSAGE][PASSED] - Text 'Enter Email' is present on page  using regular expression

2024-03-08 02:20:43 - [TEST_STEP][PASSED] - if (TaxType.equalsIgnoreCase("Estate Tax")): null

2024-03-08 02:20:43 - [TEST_STEP][PASSED] - else: Text 'Re-type SSN Validation Error' is present on page  using regular expression

2024-03-08 02:20:43 - [TEST_STEP][PASSED] - verifyTextPresent("Please enter a valid SSN with 9 digits", true, CONTINUE_ON_FAILURE): Text 'Please enter a valid SSN with 9 digits' is present on page  using regular expression

2024-03-08 02:20:43 - [MESSAGE][PASSED] - Text 'Please enter a valid SSN with 9 digits' is present on page  using regular expression

2024-03-08 02:20:43 - [TEST_STEP][PASSED] - verifyTextPresent("Re-type SSN Validation Error", true, CONTINUE_ON_FAILURE): Text 'Re-type SSN Validation Error' is present on page  using regular expression

2024-03-08 02:20:43 - [MESSAGE][PASSED] - Text 'Re-type SSN Validation Error' is present on page  using regular expression

2024-03-08 02:20:43 - [TEST_STEP][PASSED] - resText = "Pass": null

2024-03-08 02:20:43 - [TEST_STEP][PASSED] - pages.WriteExcel.demoKey(resText, datText, resColumn, datCloumn, fileLoc, nameSheet, row): pages.WriteExcel.demoKey is PASSED

2024-03-08 02:20:43 - [MESSAGE][PASSED] - pages.WriteExcel.demoKey is PASSED

2024-03-08 02:20:43 - [TEST_STEP][PASSED] - ExecuteTC = findTestData(dataFile).getValue("Execute", row): null

2024-03-08 02:20:44 - [TEST_STEP][PASSED] - TaxType = findTestData(dataFile).getValue("TaxType", row): null

2024-03-08 02:20:44 - [TEST_STEP][PASSED] - PaymentType = findTestData(dataFile).getValue("PaymentType", row): null

2024-03-08 02:20:44 - [TEST_STEP][PASSED] - FilingYear = findTestData(dataFile).getValue("Year", row): null

2024-03-08 02:20:44 - [TEST_STEP][FAILED] - if (ExecuteTC.equalsIgnoreCase("Y")): null

2024-03-08 02:20:44 - [TEST_STEP][PASSED] - out.println("Begin Record Number: " + row): null

2024-03-08 02:20:44 - [TEST_STEP][PASSED] - today = new java.util.Date(): null

2024-03-08 02:20:44 - [TEST_STEP][PASSED] - println(today): null

2024-03-08 02:20:44 - [TEST_STEP][PASSED] - datText = today: null

2024-03-08 02:20:44 - [TEST_STEP][PASSED] - logInfo("Payment Type: " + PaymentType): Payment Type: New Tax Return Amount Due

2024-03-08 02:20:44 - [MESSAGE][INFO] - Payment Type: New Tax Return Amount Due

2024-03-08 02:20:44 - [TEST_STEP][PASSED] - logInfo("Tax Type: " + TaxType): Tax Type: Estate Tax

2024-03-08 02:20:44 - [MESSAGE][INFO] - Tax Type: Estate Tax

2024-03-08 02:20:44 - [TEST_STEP][PASSED] - openBrowser(""): Browser is opened with url: ''

2024-03-08 02:20:44 - [MESSAGE][WARNING] - A browser is already opened. Closing browser and opening a new one

2024-03-08 02:21:07 - [MESSAGE][INFO] - Starting 'Chrome' driver

2024-03-08 02:21:07 - [MESSAGE][INFO] - User set preference: ['acceptInsecureCerts', 'true']

2024-03-08 02:21:07 - [MESSAGE][INFO] - Action delay is set to 0 milliseconds

2024-03-08 02:21:08 - [MESSAGE][PASSED] - Browser is opened with url: ''

2024-03-08 02:21:08 - [TEST_STEP][PASSED] - maximizeWindow(): Current window maximized

2024-03-08 02:21:08 - [MESSAGE][PASSED] - Current window maximized

2024-03-08 02:21:08 - [TEST_STEP][PASSED] - navigateToUrl(RADurl): Navigate to 'https://qa2.velocitypayment.com/client/rad/index.html' successfully

2024-03-08 02:21:09 - [MESSAGE][PASSED] - Navigate to 'https://qa2.velocitypayment.com/client/rad/index.html' successfully

2024-03-08 02:21:09 - [TEST_STEP][PASSED] - selectOptionByLabel(findTestObject(orPath_Landing + "/dd_TaxType"), PaymentType, false): All options with label 'New Tax Return Amount Due' are selected in object 'Object Repository/RAD_Pages/Landing_Page/dd_TaxType' 

2024-03-08 02:21:20 - [MESSAGE][PASSED] - All options with label 'New Tax Return Amount Due' are selected in object 'Object Repository/RAD_Pages/Landing_Page/dd_TaxType' 

2024-03-08 02:21:20 - [TEST_STEP][PASSED] - switch (PaymentType): null

2024-03-08 02:21:20 - [TEST_STEP][PASSED] - case "New Tax Return Amount Due":: null

2024-03-08 02:21:20 - [TEST_STEP][PASSED] - selectOptionByLabel(findTestObject("Object Repository/RAD_Pages/Landing_Page/select_NewTaxReturnAmountDue_TaxType"), TaxType, false): All options with label 'Estate Tax' are selected in object 'Object Repository/RAD_Pages/Landing_Page/select_NewTaxReturnAmountDue_TaxType' 

2024-03-08 02:21:21 - [MESSAGE][PASSED] - All options with label 'Estate Tax' are selected in object 'Object Repository/RAD_Pages/Landing_Page/select_NewTaxReturnAmountDue_TaxType' 

2024-03-08 02:21:21 - [TEST_STEP][PASSED] - break: null

2024-03-08 02:21:21 - [TEST_STEP][FAILED] - if (!(FilingYear.isEmpty())): Unable to select option by label '2024' of object 'Object Repository/RAD_Pages/TaxTypeFilingYear_Page/select_FilingYear'  (Root cause: com.kms.katalon.core.exception.StepFailedException: Unable to select option by label '2024' of object 'Object Repository/RAD_Pages/TaxTypeFilingYear_Page/select_FilingYear' 
	at com.kms.katalon.core.webui.keyword.internal.WebUIKeywordMain.stepFailed(WebUIKeywordMain.groovy:64)
	at com.kms.katalon.core.webui.keyword.internal.WebUIKeywordMain.runKeyword(WebUIKeywordMain.groovy:26)
	at com.kms.katalon.core.webui.keyword.builtin.SelectOptionByLabelKeyword.selectOptionByLabel(SelectOptionByLabelKeyword.groovy:98)
	at com.kms.katalon.core.webui.keyword.builtin.SelectOptionByLabelKeyword.execute(SelectOptionByLabelKeyword.groovy:71)
	at com.kms.katalon.core.keyword.internal.KeywordExecutor.executeKeywordForPlatform(KeywordExecutor.groovy:74)
	at com.kms.katalon.core.webui.keyword.WebUiBuiltInKeywords.selectOptionByLabel(WebUiBuiltInKeywords.groovy:1230)
	at com.kms.katalon.core.webui.keyword.WebUiBuiltInKeywords$selectOptionByLabel$2.call(Unknown Source)
	at Personal_Individual_MRF_TC.run(Personal_Individual_MRF_TC:113)
	at com.kms.katalon.core.main.ScriptEngine.run(ScriptEngine.java:194)
	at com.kms.katalon.core.main.ScriptEngine.runScriptAsRawText(ScriptEngine.java:119)
	at com.kms.katalon.core.main.TestCaseExecutor.runScript(TestCaseExecutor.java:448)
	at com.kms.katalon.core.main.TestCaseExecutor.doExecute(TestCaseExecutor.java:439)
	at com.kms.katalon.core.main.TestCaseExecutor.processExecutionPhase(TestCaseExecutor.java:418)
	at com.kms.katalon.core.main.TestCaseExecutor.accessMainPhase(TestCaseExecutor.java:410)
	at com.kms.katalon.core.main.TestCaseExecutor.execute(TestCaseExecutor.java:285)
	at com.kms.katalon.core.common.CommonExecutor.accessTestCaseMainPhase(CommonExecutor.java:65)
	at com.kms.katalon.core.main.TestSuiteExecutor.accessTestSuiteMainPhase(TestSuiteExecutor.java:148)
	at com.kms.katalon.core.main.TestSuiteExecutor.execute(TestSuiteExecutor.java:106)
	at com.kms.katalon.core.main.TestCaseMain.startTestSuite(TestCaseMain.java:187)
	at com.kms.katalon.core.main.TestCaseMain$startTestSuite$0.call(Unknown Source)
	at TempTestSuite1709871371648.run(TempTestSuite1709871371648.groovy:36)
Caused by: org.openqa.selenium.NoSuchElementException: Cannot locate element with text: 2024
For documentation on this error, please visit: https://www.seleniumhq.org/exceptions/no_such_element.html
Build info: version: '3.141.59', revision: 'e82be7d358', time: '2018-11-14T08:25:53'
System info: host: 'DESKTOP-B2QI6NS', ip: '172.31.253.185', os.name: 'Windows 10', os.arch: 'amd64', os.version: '10.0', java.version: '1.8.0_181'
Driver info: driver.version: unknown
	at org.openqa.selenium.support.ui.Select.selectByVisibleText(Select.java:147)
	at com.kms.katalon.core.webui.common.WebUiCommonHelper.selectOrDeselectOptionsByLabel(WebUiCommonHelper.java:310)
	at com.kms.katalon.core.webui.keyword.builtin.SelectOptionByLabelKeyword$_selectOptionByLabel_closure1.doCall(SelectOptionByLabelKeyword.groovy:87)
	at com.kms.katalon.core.webui.keyword.builtin.SelectOptionByLabelKeyword$_selectOptionByLabel_closure1.call(SelectOptionByLabelKeyword.groovy)
	at com.kms.katalon.core.webui.keyword.internal.WebUIKeywordMain.runKeyword(WebUIKeywordMain.groovy:20)
	at com.kms.katalon.core.webui.keyword.builtin.SelectOptionByLabelKeyword.selectOptionByLabel(SelectOptionByLabelKeyword.groovy:98)
	at com.kms.katalon.core.webui.keyword.builtin.SelectOptionByLabelKeyword.execute(SelectOptionByLabelKeyword.groovy:71)
	at com.kms.katalon.core.keyword.internal.KeywordExecutor.executeKeywordForPlatform(KeywordExecutor.groovy:74)
	at com.kms.katalon.core.webui.keyword.WebUiBuiltInKeywords.selectOptionByLabel(WebUiBuiltInKeywords.groovy:1230)
	at com.kms.katalon.core.webui.keyword.WebUiBuiltInKeywords$selectOptionByLabel$2.call(Unknown Source)
	at Script1696265299704.run(Script1696265299704.groovy:113)
	... 13 more
)

2024-03-08 02:21:21 - [TEST_STEP][FAILED] - selectOptionByLabel(findTestObject(orPath_TaxTypeFilingYear + "/select_FilingYear"), FilingYear, false): Unable to select option by label '2024' of object 'Object Repository/RAD_Pages/TaxTypeFilingYear_Page/select_FilingYear'  (Root cause: com.kms.katalon.core.exception.StepFailedException: Unable to select option by label '2024' of object 'Object Repository/RAD_Pages/TaxTypeFilingYear_Page/select_FilingYear' 
	at com.kms.katalon.core.webui.keyword.internal.WebUIKeywordMain.stepFailed(WebUIKeywordMain.groovy:64)
	at com.kms.katalon.core.webui.keyword.internal.WebUIKeywordMain.runKeyword(WebUIKeywordMain.groovy:26)
	at com.kms.katalon.core.webui.keyword.builtin.SelectOptionByLabelKeyword.selectOptionByLabel(SelectOptionByLabelKeyword.groovy:98)
	at com.kms.katalon.core.webui.keyword.builtin.SelectOptionByLabelKeyword.execute(SelectOptionByLabelKeyword.groovy:71)
	at com.kms.katalon.core.keyword.internal.KeywordExecutor.executeKeywordForPlatform(KeywordExecutor.groovy:74)
	at com.kms.katalon.core.webui.keyword.WebUiBuiltInKeywords.selectOptionByLabel(WebUiBuiltInKeywords.groovy:1230)
	at com.kms.katalon.core.webui.keyword.WebUiBuiltInKeywords$selectOptionByLabel$2.call(Unknown Source)
	at Personal_Individual_MRF_TC.run(Personal_Individual_MRF_TC:113)
	at com.kms.katalon.core.main.ScriptEngine.run(ScriptEngine.java:194)
	at com.kms.katalon.core.main.ScriptEngine.runScriptAsRawText(ScriptEngine.java:119)
	at com.kms.katalon.core.main.TestCaseExecutor.runScript(TestCaseExecutor.java:448)
	at com.kms.katalon.core.main.TestCaseExecutor.doExecute(TestCaseExecutor.java:439)
	at com.kms.katalon.core.main.TestCaseExecutor.processExecutionPhase(TestCaseExecutor.java:418)
	at com.kms.katalon.core.main.TestCaseExecutor.accessMainPhase(TestCaseExecutor.java:410)
	at com.kms.katalon.core.main.TestCaseExecutor.execute(TestCaseExecutor.java:285)
	at com.kms.katalon.core.common.CommonExecutor.accessTestCaseMainPhase(CommonExecutor.java:65)
	at com.kms.katalon.core.main.TestSuiteExecutor.accessTestSuiteMainPhase(TestSuiteExecutor.java:148)
	at com.kms.katalon.core.main.TestSuiteExecutor.execute(TestSuiteExecutor.java:106)
	at com.kms.katalon.core.main.TestCaseMain.startTestSuite(TestCaseMain.java:187)
	at com.kms.katalon.core.main.TestCaseMain$startTestSuite$0.call(Unknown Source)
	at TempTestSuite1709871371648.run(TempTestSuite1709871371648.groovy:36)
Caused by: org.openqa.selenium.NoSuchElementException: Cannot locate element with text: 2024
For documentation on this error, please visit: https://www.seleniumhq.org/exceptions/no_such_element.html
Build info: version: '3.141.59', revision: 'e82be7d358', time: '2018-11-14T08:25:53'
System info: host: 'DESKTOP-B2QI6NS', ip: '172.31.253.185', os.name: 'Windows 10', os.arch: 'amd64', os.version: '10.0', java.version: '1.8.0_181'
Driver info: driver.version: unknown
	at org.openqa.selenium.support.ui.Select.selectByVisibleText(Select.java:147)
	at com.kms.katalon.core.webui.common.WebUiCommonHelper.selectOrDeselectOptionsByLabel(WebUiCommonHelper.java:310)
	at com.kms.katalon.core.webui.keyword.builtin.SelectOptionByLabelKeyword$_selectOptionByLabel_closure1.doCall(SelectOptionByLabelKeyword.groovy:87)
	at com.kms.katalon.core.webui.keyword.builtin.SelectOptionByLabelKeyword$_selectOptionByLabel_closure1.call(SelectOptionByLabelKeyword.groovy)
	at com.kms.katalon.core.webui.keyword.internal.WebUIKeywordMain.runKeyword(WebUIKeywordMain.groovy:20)
	at com.kms.katalon.core.webui.keyword.builtin.SelectOptionByLabelKeyword.selectOptionByLabel(SelectOptionByLabelKeyword.groovy:98)
	at com.kms.katalon.core.webui.keyword.builtin.SelectOptionByLabelKeyword.execute(SelectOptionByLabelKeyword.groovy:71)
	at com.kms.katalon.core.keyword.internal.KeywordExecutor.executeKeywordForPlatform(KeywordExecutor.groovy:74)
	at com.kms.katalon.core.webui.keyword.WebUiBuiltInKeywords.selectOptionByLabel(WebUiBuiltInKeywords.groovy:1230)
	at com.kms.katalon.core.webui.keyword.WebUiBuiltInKeywords$selectOptionByLabel$2.call(Unknown Source)
	at Script1696265299704.run(Script1696265299704.groovy:113)
	... 13 more
)

2024-03-08 02:21:22 - [MESSAGE][FAILED] - Unable to select option by label '2024' of object 'Object Repository/RAD_Pages/TaxTypeFilingYear_Page/select_FilingYear'  (Root cause: com.kms.katalon.core.exception.StepFailedException: Unable to select option by label '2024' of object 'Object Repository/RAD_Pages/TaxTypeFilingYear_Page/select_FilingYear' 
	at com.kms.katalon.core.webui.keyword.internal.WebUIKeywordMain.stepFailed(WebUIKeywordMain.groovy:64)
	at com.kms.katalon.core.webui.keyword.internal.WebUIKeywordMain.runKeyword(WebUIKeywordMain.groovy:26)
	at com.kms.katalon.core.webui.keyword.builtin.SelectOptionByLabelKeyword.selectOptionByLabel(SelectOptionByLabelKeyword.groovy:98)
	at com.kms.katalon.core.webui.keyword.builtin.SelectOptionByLabelKeyword.execute(SelectOptionByLabelKeyword.groovy:71)
	at com.kms.katalon.core.keyword.internal.KeywordExecutor.executeKeywordForPlatform(KeywordExecutor.groovy:74)
	at com.kms.katalon.core.webui.keyword.WebUiBuiltInKeywords.selectOptionByLabel(WebUiBuiltInKeywords.groovy:1230)
	at com.kms.katalon.core.webui.keyword.WebUiBuiltInKeywords$selectOptionByLabel$2.call(Unknown Source)
	at Personal_Individual_MRF_TC.run(Personal_Individual_MRF_TC:113)
	at com.kms.katalon.core.main.ScriptEngine.run(ScriptEngine.java:194)
	at com.kms.katalon.core.main.ScriptEngine.runScriptAsRawText(ScriptEngine.java:119)
	at com.kms.katalon.core.main.TestCaseExecutor.runScript(TestCaseExecutor.java:448)
	at com.kms.katalon.core.main.TestCaseExecutor.doExecute(TestCaseExecutor.java:439)
	at com.kms.katalon.core.main.TestCaseExecutor.processExecutionPhase(TestCaseExecutor.java:418)
	at com.kms.katalon.core.main.TestCaseExecutor.accessMainPhase(TestCaseExecutor.java:410)
	at com.kms.katalon.core.main.TestCaseExecutor.execute(TestCaseExecutor.java:285)
	at com.kms.katalon.core.common.CommonExecutor.accessTestCaseMainPhase(CommonExecutor.java:65)
	at com.kms.katalon.core.main.TestSuiteExecutor.accessTestSuiteMainPhase(TestSuiteExecutor.java:148)
	at com.kms.katalon.core.main.TestSuiteExecutor.execute(TestSuiteExecutor.java:106)
	at com.kms.katalon.core.main.TestCaseMain.startTestSuite(TestCaseMain.java:187)
	at com.kms.katalon.core.main.TestCaseMain$startTestSuite$0.call(Unknown Source)
	at TempTestSuite1709871371648.run(TempTestSuite1709871371648.groovy:36)
Caused by: org.openqa.selenium.NoSuchElementException: Cannot locate element with text: 2024
For documentation on this error, please visit: https://www.seleniumhq.org/exceptions/no_such_element.html
Build info: version: '3.141.59', revision: 'e82be7d358', time: '2018-11-14T08:25:53'
System info: host: 'DESKTOP-B2QI6NS', ip: '172.31.253.185', os.name: 'Windows 10', os.arch: 'amd64', os.version: '10.0', java.version: '1.8.0_181'
Driver info: driver.version: unknown
	at org.openqa.selenium.support.ui.Select.selectByVisibleText(Select.java:147)
	at com.kms.katalon.core.webui.common.WebUiCommonHelper.selectOrDeselectOptionsByLabel(WebUiCommonHelper.java:310)
	at com.kms.katalon.core.webui.keyword.builtin.SelectOptionByLabelKeyword$_selectOptionByLabel_closure1.doCall(SelectOptionByLabelKeyword.groovy:87)
	at com.kms.katalon.core.webui.keyword.builtin.SelectOptionByLabelKeyword$_selectOptionByLabel_closure1.call(SelectOptionByLabelKeyword.groovy)
	at com.kms.katalon.core.webui.keyword.internal.WebUIKeywordMain.runKeyword(WebUIKeywordMain.groovy:20)
	at com.kms.katalon.core.webui.keyword.builtin.SelectOptionByLabelKeyword.selectOptionByLabel(SelectOptionByLabelKeyword.groovy:98)
	at com.kms.katalon.core.webui.keyword.builtin.SelectOptionByLabelKeyword.execute(SelectOptionByLabelKeyword.groovy:71)
	at com.kms.katalon.core.keyword.internal.KeywordExecutor.executeKeywordForPlatform(KeywordExecutor.groovy:74)
	at com.kms.katalon.core.webui.keyword.WebUiBuiltInKeywords.selectOptionByLabel(WebUiBuiltInKeywords.groovy:1230)
	at com.kms.katalon.core.webui.keyword.WebUiBuiltInKeywords$selectOptionByLabel$2.call(Unknown Source)
	at Script1696265299704.run(Script1696265299704.groovy:113)
	... 13 more
)
[[ATTACHMENT|E:\\Cloned-Project-Katalon\\VPS-Katalon\\Reports\\20240307_231611\\RAD_TestSuite\\RAD_UI_TestSuite\\20240307_231611\\1709882482375.png]]

2024-03-08 02:21:22 - [TEST_STEP][PASSED] - setText(findTestObject(orPath_TaxPayer + "/input_firstName"), " "): Text ' ' is set on object 'Object Repository/RAD_Pages/Taxpayer_Page/input_firstName'

2024-03-08 02:21:23 - [MESSAGE][PASSED] - Text ' ' is set on object 'Object Repository/RAD_Pages/Taxpayer_Page/input_firstName'

2024-03-08 02:21:23 - [TEST_STEP][PASSED] - setText(findTestObject(orPath_TaxPayer + "/input_lastName"), " "): Text ' ' is set on object 'Object Repository/RAD_Pages/Taxpayer_Page/input_lastName'

2024-03-08 02:21:24 - [MESSAGE][PASSED] - Text ' ' is set on object 'Object Repository/RAD_Pages/Taxpayer_Page/input_lastName'

2024-03-08 02:21:24 - [TEST_STEP][PASSED] - if (TaxType.equalsIgnoreCase("Estate Tax")): Text ' ' is set on object 'Object Repository/RAD_Pages/Taxpayer_Page/input_NewTax_ReTypeDecedentSSN'

2024-03-08 02:21:24 - [TEST_STEP][PASSED] - setText(findTestObject(orPath_TaxPayer + "/input_NewTax_DecedentSSN"), " "): Text ' ' is set on object 'Object Repository/RAD_Pages/Taxpayer_Page/input_NewTax_DecedentSSN'

2024-03-08 02:21:24 - [MESSAGE][PASSED] - Text ' ' is set on object 'Object Repository/RAD_Pages/Taxpayer_Page/input_NewTax_DecedentSSN'

2024-03-08 02:21:24 - [TEST_STEP][PASSED] - setText(findTestObject(orPath_TaxPayer + "/input_NewTax_ReTypeDecedentSSN"), " "): Text ' ' is set on object 'Object Repository/RAD_Pages/Taxpayer_Page/input_NewTax_ReTypeDecedentSSN'

2024-03-08 02:21:25 - [MESSAGE][PASSED] - Text ' ' is set on object 'Object Repository/RAD_Pages/Taxpayer_Page/input_NewTax_ReTypeDecedentSSN'

2024-03-08 02:21:25 - [TEST_STEP][PASSED] - setText(findTestObject(orPath_AddressContact + "/input_streetAddress1"), " "): Text ' ' is set on object 'Object Repository/RAD_Pages/AddressAndContactInfo_Page/input_streetAddress1'

2024-03-08 02:21:26 - [MESSAGE][PASSED] - Text ' ' is set on object 'Object Repository/RAD_Pages/AddressAndContactInfo_Page/input_streetAddress1'

2024-03-08 02:21:26 - [TEST_STEP][PASSED] - setText(findTestObject(orPath_AddressContact + "/input_city"), " "): Text ' ' is set on object 'Object Repository/RAD_Pages/AddressAndContactInfo_Page/input_city'

2024-03-08 02:21:26 - [MESSAGE][PASSED] - Text ' ' is set on object 'Object Repository/RAD_Pages/AddressAndContactInfo_Page/input_city'

2024-03-08 02:21:26 - [TEST_STEP][PASSED] - setText(findTestObject(orPath_AddressContact + "/input_zipCode"), " "): Text ' ' is set on object 'Object Repository/RAD_Pages/AddressAndContactInfo_Page/input_zipCode'

2024-03-08 02:21:27 - [MESSAGE][PASSED] - Text ' ' is set on object 'Object Repository/RAD_Pages/AddressAndContactInfo_Page/input_zipCode'

2024-03-08 02:21:27 - [TEST_STEP][PASSED] - setText(findTestObject(orPath_AddressContact + "/input_phoneNumber"), " "): Text ' ' is set on object 'Object Repository/RAD_Pages/AddressAndContactInfo_Page/input_phoneNumber'

2024-03-08 02:21:28 - [MESSAGE][PASSED] - Text ' ' is set on object 'Object Repository/RAD_Pages/AddressAndContactInfo_Page/input_phoneNumber'

2024-03-08 02:21:28 - [TEST_STEP][PASSED] - setText(findTestObject(orPath_AddressContact + "/input_eMailAddress"), " "): Text ' ' is set on object 'Object Repository/RAD_Pages/AddressAndContactInfo_Page/input_eMailAddress'

2024-03-08 02:21:28 - [MESSAGE][PASSED] - Text ' ' is set on object 'Object Repository/RAD_Pages/AddressAndContactInfo_Page/input_eMailAddress'

2024-03-08 02:21:28 - [TEST_STEP][PASSED] - setText(findTestObject(orPath_AddressContact + "/input_reEnterEMailAddress"), " "): Text ' ' is set on object 'Object Repository/RAD_Pages/AddressAndContactInfo_Page/input_reEnterEMailAddress'

2024-03-08 02:21:29 - [MESSAGE][PASSED] - Text ' ' is set on object 'Object Repository/RAD_Pages/AddressAndContactInfo_Page/input_reEnterEMailAddress'

2024-03-08 02:21:29 - [TEST_STEP][PASSED] - resText = "Fail": null

2024-03-08 02:21:29 - [TEST_STEP][PASSED] - pages.WriteExcel.demoKey(resText, datText, resColumn, datCloumn, fileLoc, nameSheet, row): pages.WriteExcel.demoKey is PASSED

2024-03-08 02:21:29 - [MESSAGE][PASSED] - pages.WriteExcel.demoKey is PASSED

2024-03-08 02:21:29 - [TEST_STEP][PASSED] - verifyTextPresent("Enter first name", true, CONTINUE_ON_FAILURE): Text 'Enter first name' is present on page  using regular expression

2024-03-08 02:21:30 - [MESSAGE][PASSED] - Text 'Enter first name' is present on page  using regular expression

2024-03-08 02:21:30 - [TEST_STEP][PASSED] - verifyTextPresent("Enter last name", true, CONTINUE_ON_FAILURE): Text 'Enter last name' is present on page  using regular expression

2024-03-08 02:21:30 - [MESSAGE][PASSED] - Text 'Enter last name' is present on page  using regular expression

2024-03-08 02:21:30 - [TEST_STEP][PASSED] - verifyTextPresent("Enter address", true, CONTINUE_ON_FAILURE): Text 'Enter address' is present on page  using regular expression

2024-03-08 02:21:30 - [MESSAGE][PASSED] - Text 'Enter address' is present on page  using regular expression

2024-03-08 02:21:30 - [TEST_STEP][PASSED] - verifyTextPresent("Enter city", true, CONTINUE_ON_FAILURE): Text 'Enter city' is present on page  using regular expression

2024-03-08 02:21:31 - [MESSAGE][PASSED] - Text 'Enter city' is present on page  using regular expression

2024-03-08 02:21:31 - [TEST_STEP][PASSED] - verifyTextPresent("Enter ZIP code", true, CONTINUE_ON_FAILURE): Text 'Enter ZIP code' is present on page  using regular expression

2024-03-08 02:21:31 - [MESSAGE][PASSED] - Text 'Enter ZIP code' is present on page  using regular expression

2024-03-08 02:21:31 - [TEST_STEP][PASSED] - verifyTextPresent("Enter a valid phone number", true, CONTINUE_ON_FAILURE): Text 'Enter a valid phone number' is present on page  using regular expression

2024-03-08 02:21:31 - [MESSAGE][PASSED] - Text 'Enter a valid phone number' is present on page  using regular expression

2024-03-08 02:21:31 - [TEST_STEP][PASSED] - verifyTextPresent("Enter Email", true, CONTINUE_ON_FAILURE): Text 'Enter Email' is present on page  using regular expression

2024-03-08 02:21:32 - [MESSAGE][PASSED] - Text 'Enter Email' is present on page  using regular expression

2024-03-08 02:21:32 - [TEST_STEP][PASSED] - if (TaxType.equalsIgnoreCase("Estate Tax")): Text 'Re-type Decedent SSN Validation Error' is present on page  using regular expression

2024-03-08 02:21:32 - [TEST_STEP][PASSED] - verifyTextPresent("Please enter a valid Decedent SSN with 9 digits", true, CONTINUE_ON_FAILURE): Text 'Please enter a valid Decedent SSN with 9 digits' is present on page  using regular expression

2024-03-08 02:21:32 - [MESSAGE][PASSED] - Text 'Please enter a valid Decedent SSN with 9 digits' is present on page  using regular expression

2024-03-08 02:21:32 - [TEST_STEP][PASSED] - verifyTextPresent("Re-type Decedent SSN Validation Error", true, CONTINUE_ON_FAILURE): Text 'Re-type Decedent SSN Validation Error' is present on page  using regular expression

2024-03-08 02:21:33 - [MESSAGE][PASSED] - Text 'Re-type Decedent SSN Validation Error' is present on page  using regular expression

2024-03-08 02:21:33 - [TEST_STEP][PASSED] - resText = "Pass": null

2024-03-08 02:21:33 - [TEST_STEP][PASSED] - pages.WriteExcel.demoKey(resText, datText, resColumn, datCloumn, fileLoc, nameSheet, row): pages.WriteExcel.demoKey is PASSED

2024-03-08 02:21:33 - [MESSAGE][PASSED] - pages.WriteExcel.demoKey is PASSED

2024-03-08 02:21:33 - [TEST_STEP][PASSED] - ExecuteTC = findTestData(dataFile).getValue("Execute", row): null

2024-03-08 02:21:33 - [TEST_STEP][PASSED] - TaxType = findTestData(dataFile).getValue("TaxType", row): null

2024-03-08 02:21:33 - [TEST_STEP][PASSED] - PaymentType = findTestData(dataFile).getValue("PaymentType", row): null

2024-03-08 02:21:33 - [TEST_STEP][PASSED] - FilingYear = findTestData(dataFile).getValue("Year", row): null

2024-03-08 02:21:33 - [TEST_STEP][PASSED] - if (ExecuteTC.equalsIgnoreCase("Y")): pages.WriteExcel.demoKey is PASSED

2024-03-08 02:21:33 - [TEST_STEP][PASSED] - out.println("Begin Record Number: " + row): null

2024-03-08 02:21:33 - [TEST_STEP][PASSED] - today = new java.util.Date(): null

2024-03-08 02:21:33 - [TEST_STEP][PASSED] - println(today): null

2024-03-08 02:21:33 - [TEST_STEP][PASSED] - datText = today: null

2024-03-08 02:21:33 - [TEST_STEP][PASSED] - logInfo("Payment Type: " + PaymentType): Payment Type: New Tax Return Amount Due

2024-03-08 02:21:33 - [MESSAGE][INFO] - Payment Type: New Tax Return Amount Due

2024-03-08 02:21:33 - [TEST_STEP][PASSED] - logInfo("Tax Type: " + TaxType): Tax Type: Estate Tax

2024-03-08 02:21:33 - [MESSAGE][INFO] - Tax Type: Estate Tax

2024-03-08 02:21:33 - [TEST_STEP][PASSED] - openBrowser(""): Browser is opened with url: ''

2024-03-08 02:21:33 - [MESSAGE][WARNING] - A browser is already opened. Closing browser and opening a new one

2024-03-08 02:21:58 - [MESSAGE][INFO] - Starting 'Chrome' driver

2024-03-08 02:21:58 - [MESSAGE][INFO] - User set preference: ['acceptInsecureCerts', 'true']

2024-03-08 02:21:58 - [MESSAGE][INFO] - Action delay is set to 0 milliseconds

2024-03-08 02:22:00 - [MESSAGE][PASSED] - Browser is opened with url: ''

2024-03-08 02:22:00 - [TEST_STEP][PASSED] - maximizeWindow(): Current window maximized

2024-03-08 02:22:00 - [MESSAGE][PASSED] - Current window maximized

2024-03-08 02:22:00 - [TEST_STEP][PASSED] - navigateToUrl(RADurl): Navigate to 'https://qa2.velocitypayment.com/client/rad/index.html' successfully

2024-03-08 02:22:13 - [MESSAGE][PASSED] - Navigate to 'https://qa2.velocitypayment.com/client/rad/index.html' successfully

2024-03-08 02:22:13 - [TEST_STEP][PASSED] - selectOptionByLabel(findTestObject(orPath_Landing + "/dd_TaxType"), PaymentType, false): All options with label 'New Tax Return Amount Due' are selected in object 'Object Repository/RAD_Pages/Landing_Page/dd_TaxType' 

2024-03-08 02:22:13 - [MESSAGE][PASSED] - All options with label 'New Tax Return Amount Due' are selected in object 'Object Repository/RAD_Pages/Landing_Page/dd_TaxType' 

2024-03-08 02:22:13 - [TEST_STEP][PASSED] - switch (PaymentType): null

2024-03-08 02:22:13 - [TEST_STEP][PASSED] - case "New Tax Return Amount Due":: null

2024-03-08 02:22:13 - [TEST_STEP][PASSED] - selectOptionByLabel(findTestObject("Object Repository/RAD_Pages/Landing_Page/select_NewTaxReturnAmountDue_TaxType"), TaxType, false): All options with label 'Estate Tax' are selected in object 'Object Repository/RAD_Pages/Landing_Page/select_NewTaxReturnAmountDue_TaxType' 

2024-03-08 02:22:14 - [MESSAGE][PASSED] - All options with label 'Estate Tax' are selected in object 'Object Repository/RAD_Pages/Landing_Page/select_NewTaxReturnAmountDue_TaxType' 

2024-03-08 02:22:14 - [TEST_STEP][PASSED] - break: null

2024-03-08 02:22:14 - [TEST_STEP][PASSED] - if (!(FilingYear.isEmpty())): All options with label '2023' are selected in object 'Object Repository/RAD_Pages/TaxTypeFilingYear_Page/select_FilingYear' 

2024-03-08 02:22:14 - [TEST_STEP][PASSED] - selectOptionByLabel(findTestObject(orPath_TaxTypeFilingYear + "/select_FilingYear"), FilingYear, false): All options with label '2023' are selected in object 'Object Repository/RAD_Pages/TaxTypeFilingYear_Page/select_FilingYear' 

2024-03-08 02:22:15 - [MESSAGE][PASSED] - All options with label '2023' are selected in object 'Object Repository/RAD_Pages/TaxTypeFilingYear_Page/select_FilingYear' 

2024-03-08 02:22:15 - [TEST_STEP][PASSED] - setText(findTestObject(orPath_TaxPayer + "/input_firstName"), " "): Text ' ' is set on object 'Object Repository/RAD_Pages/Taxpayer_Page/input_firstName'

2024-03-08 02:22:16 - [MESSAGE][PASSED] - Text ' ' is set on object 'Object Repository/RAD_Pages/Taxpayer_Page/input_firstName'

2024-03-08 02:22:16 - [TEST_STEP][PASSED] - setText(findTestObject(orPath_TaxPayer + "/input_lastName"), " "): Text ' ' is set on object 'Object Repository/RAD_Pages/Taxpayer_Page/input_lastName'

2024-03-08 02:22:16 - [MESSAGE][PASSED] - Text ' ' is set on object 'Object Repository/RAD_Pages/Taxpayer_Page/input_lastName'

2024-03-08 02:22:16 - [TEST_STEP][PASSED] - if (TaxType.equalsIgnoreCase("Estate Tax")): Text ' ' is set on object 'Object Repository/RAD_Pages/Taxpayer_Page/input_NewTax_ReTypeDecedentSSN'

2024-03-08 02:22:16 - [TEST_STEP][PASSED] - setText(findTestObject(orPath_TaxPayer + "/input_NewTax_DecedentSSN"), " "): Text ' ' is set on object 'Object Repository/RAD_Pages/Taxpayer_Page/input_NewTax_DecedentSSN'

2024-03-08 02:22:17 - [MESSAGE][PASSED] - Text ' ' is set on object 'Object Repository/RAD_Pages/Taxpayer_Page/input_NewTax_DecedentSSN'

2024-03-08 02:22:17 - [TEST_STEP][PASSED] - setText(findTestObject(orPath_TaxPayer + "/input_NewTax_ReTypeDecedentSSN"), " "): Text ' ' is set on object 'Object Repository/RAD_Pages/Taxpayer_Page/input_NewTax_ReTypeDecedentSSN'

2024-03-08 02:22:18 - [MESSAGE][PASSED] - Text ' ' is set on object 'Object Repository/RAD_Pages/Taxpayer_Page/input_NewTax_ReTypeDecedentSSN'

2024-03-08 02:22:18 - [TEST_STEP][PASSED] - setText(findTestObject(orPath_AddressContact + "/input_streetAddress1"), " "): Text ' ' is set on object 'Object Repository/RAD_Pages/AddressAndContactInfo_Page/input_streetAddress1'

2024-03-08 02:22:18 - [MESSAGE][PASSED] - Text ' ' is set on object 'Object Repository/RAD_Pages/AddressAndContactInfo_Page/input_streetAddress1'

2024-03-08 02:22:18 - [TEST_STEP][PASSED] - setText(findTestObject(orPath_AddressContact + "/input_city"), " "): Text ' ' is set on object 'Object Repository/RAD_Pages/AddressAndContactInfo_Page/input_city'

2024-03-08 02:22:19 - [MESSAGE][PASSED] - Text ' ' is set on object 'Object Repository/RAD_Pages/AddressAndContactInfo_Page/input_city'

2024-03-08 02:22:19 - [TEST_STEP][PASSED] - setText(findTestObject(orPath_AddressContact + "/input_zipCode"), " "): Text ' ' is set on object 'Object Repository/RAD_Pages/AddressAndContactInfo_Page/input_zipCode'

2024-03-08 02:22:20 - [MESSAGE][PASSED] - Text ' ' is set on object 'Object Repository/RAD_Pages/AddressAndContactInfo_Page/input_zipCode'

2024-03-08 02:22:20 - [TEST_STEP][PASSED] - setText(findTestObject(orPath_AddressContact + "/input_phoneNumber"), " "): Text ' ' is set on object 'Object Repository/RAD_Pages/AddressAndContactInfo_Page/input_phoneNumber'

2024-03-08 02:22:21 - [MESSAGE][PASSED] - Text ' ' is set on object 'Object Repository/RAD_Pages/AddressAndContactInfo_Page/input_phoneNumber'

2024-03-08 02:22:21 - [TEST_STEP][PASSED] - setText(findTestObject(orPath_AddressContact + "/input_eMailAddress"), " "): Text ' ' is set on object 'Object Repository/RAD_Pages/AddressAndContactInfo_Page/input_eMailAddress'

2024-03-08 02:22:21 - [MESSAGE][PASSED] - Text ' ' is set on object 'Object Repository/RAD_Pages/AddressAndContactInfo_Page/input_eMailAddress'

2024-03-08 02:22:21 - [TEST_STEP][PASSED] - setText(findTestObject(orPath_AddressContact + "/input_reEnterEMailAddress"), " "): Text ' ' is set on object 'Object Repository/RAD_Pages/AddressAndContactInfo_Page/input_reEnterEMailAddress'

2024-03-08 02:22:22 - [MESSAGE][PASSED] - Text ' ' is set on object 'Object Repository/RAD_Pages/AddressAndContactInfo_Page/input_reEnterEMailAddress'

2024-03-08 02:22:22 - [TEST_STEP][PASSED] - resText = "Fail": null

2024-03-08 02:22:22 - [TEST_STEP][PASSED] - pages.WriteExcel.demoKey(resText, datText, resColumn, datCloumn, fileLoc, nameSheet, row): pages.WriteExcel.demoKey is PASSED

2024-03-08 02:22:22 - [MESSAGE][PASSED] - pages.WriteExcel.demoKey is PASSED

2024-03-08 02:22:22 - [TEST_STEP][PASSED] - verifyTextPresent("Enter first name", true, CONTINUE_ON_FAILURE): Text 'Enter first name' is present on page  using regular expression

2024-03-08 02:22:23 - [MESSAGE][PASSED] - Text 'Enter first name' is present on page  using regular expression

2024-03-08 02:22:23 - [TEST_STEP][PASSED] - verifyTextPresent("Enter last name", true, CONTINUE_ON_FAILURE): Text 'Enter last name' is present on page  using regular expression

2024-03-08 02:22:23 - [MESSAGE][PASSED] - Text 'Enter last name' is present on page  using regular expression

2024-03-08 02:22:23 - [TEST_STEP][PASSED] - verifyTextPresent("Enter address", true, CONTINUE_ON_FAILURE): Text 'Enter address' is present on page  using regular expression

2024-03-08 02:22:23 - [MESSAGE][PASSED] - Text 'Enter address' is present on page  using regular expression

2024-03-08 02:22:23 - [TEST_STEP][PASSED] - verifyTextPresent("Enter city", true, CONTINUE_ON_FAILURE): Text 'Enter city' is present on page  using regular expression

2024-03-08 02:22:24 - [MESSAGE][PASSED] - Text 'Enter city' is present on page  using regular expression

2024-03-08 02:22:24 - [TEST_STEP][PASSED] - verifyTextPresent("Enter ZIP code", true, CONTINUE_ON_FAILURE): Text 'Enter ZIP code' is present on page  using regular expression

2024-03-08 02:22:24 - [MESSAGE][PASSED] - Text 'Enter ZIP code' is present on page  using regular expression

2024-03-08 02:22:24 - [TEST_STEP][PASSED] - verifyTextPresent("Enter a valid phone number", true, CONTINUE_ON_FAILURE): Text 'Enter a valid phone number' is present on page  using regular expression

2024-03-08 02:22:24 - [MESSAGE][PASSED] - Text 'Enter a valid phone number' is present on page  using regular expression

2024-03-08 02:22:24 - [TEST_STEP][PASSED] - verifyTextPresent("Enter Email", true, CONTINUE_ON_FAILURE): Text 'Enter Email' is present on page  using regular expression

2024-03-08 02:22:25 - [MESSAGE][PASSED] - Text 'Enter Email' is present on page  using regular expression

2024-03-08 02:22:25 - [TEST_STEP][PASSED] - if (TaxType.equalsIgnoreCase("Estate Tax")): Text 'Re-type Decedent SSN Validation Error' is present on page  using regular expression

2024-03-08 02:22:25 - [TEST_STEP][PASSED] - verifyTextPresent("Please enter a valid Decedent SSN with 9 digits", true, CONTINUE_ON_FAILURE): Text 'Please enter a valid Decedent SSN with 9 digits' is present on page  using regular expression

2024-03-08 02:22:25 - [MESSAGE][PASSED] - Text 'Please enter a valid Decedent SSN with 9 digits' is present on page  using regular expression

2024-03-08 02:22:25 - [TEST_STEP][PASSED] - verifyTextPresent("Re-type Decedent SSN Validation Error", true, CONTINUE_ON_FAILURE): Text 'Re-type Decedent SSN Validation Error' is present on page  using regular expression

2024-03-08 02:22:26 - [MESSAGE][PASSED] - Text 'Re-type Decedent SSN Validation Error' is present on page  using regular expression

2024-03-08 02:22:26 - [TEST_STEP][PASSED] - resText = "Pass": null

2024-03-08 02:22:26 - [TEST_STEP][PASSED] - pages.WriteExcel.demoKey(resText, datText, resColumn, datCloumn, fileLoc, nameSheet, row): pages.WriteExcel.demoKey is PASSED

2024-03-08 02:22:26 - [MESSAGE][PASSED] - pages.WriteExcel.demoKey is PASSED

2024-03-08 02:22:26 - [TEST_STEP][PASSED] - ExecuteTC = findTestData(dataFile).getValue("Execute", row): null

2024-03-08 02:22:26 - [TEST_STEP][PASSED] - TaxType = findTestData(dataFile).getValue("TaxType", row): null

2024-03-08 02:22:26 - [TEST_STEP][PASSED] - PaymentType = findTestData(dataFile).getValue("PaymentType", row): null

2024-03-08 02:22:26 - [TEST_STEP][PASSED] - FilingYear = findTestData(dataFile).getValue("Year", row): null

2024-03-08 02:22:26 - [TEST_STEP][PASSED] - if (ExecuteTC.equalsIgnoreCase("Y")): pages.WriteExcel.demoKey is PASSED

2024-03-08 02:22:26 - [TEST_STEP][PASSED] - out.println("Begin Record Number: " + row): null

2024-03-08 02:22:26 - [TEST_STEP][PASSED] - today = new java.util.Date(): null

2024-03-08 02:22:26 - [TEST_STEP][PASSED] - println(today): null

2024-03-08 02:22:26 - [TEST_STEP][PASSED] - datText = today: null

2024-03-08 02:22:26 - [TEST_STEP][PASSED] - logInfo("Payment Type: " + PaymentType): Payment Type: New Tax Return Amount Due

2024-03-08 02:22:26 - [MESSAGE][INFO] - Payment Type: New Tax Return Amount Due

2024-03-08 02:22:26 - [TEST_STEP][PASSED] - logInfo("Tax Type: " + TaxType): Tax Type: Estate Tax

2024-03-08 02:22:26 - [MESSAGE][INFO] - Tax Type: Estate Tax

2024-03-08 02:22:26 - [TEST_STEP][PASSED] - openBrowser(""): Browser is opened with url: ''

2024-03-08 02:22:26 - [MESSAGE][WARNING] - A browser is already opened. Closing browser and opening a new one

2024-03-08 02:22:38 - [MESSAGE][INFO] - Starting 'Chrome' driver

2024-03-08 02:22:38 - [MESSAGE][INFO] - User set preference: ['acceptInsecureCerts', 'true']

2024-03-08 02:22:38 - [MESSAGE][INFO] - Action delay is set to 0 milliseconds

2024-03-08 02:22:40 - [MESSAGE][PASSED] - Browser is opened with url: ''

2024-03-08 02:22:40 - [TEST_STEP][PASSED] - maximizeWindow(): Current window maximized

2024-03-08 02:22:40 - [MESSAGE][PASSED] - Current window maximized

2024-03-08 02:22:40 - [TEST_STEP][PASSED] - navigateToUrl(RADurl): Navigate to 'https://qa2.velocitypayment.com/client/rad/index.html' successfully

2024-03-08 02:22:47 - [MESSAGE][PASSED] - Navigate to 'https://qa2.velocitypayment.com/client/rad/index.html' successfully

2024-03-08 02:22:47 - [TEST_STEP][PASSED] - selectOptionByLabel(findTestObject(orPath_Landing + "/dd_TaxType"), PaymentType, false): All options with label 'New Tax Return Amount Due' are selected in object 'Object Repository/RAD_Pages/Landing_Page/dd_TaxType' 

2024-03-08 02:22:47 - [MESSAGE][PASSED] - All options with label 'New Tax Return Amount Due' are selected in object 'Object Repository/RAD_Pages/Landing_Page/dd_TaxType' 

2024-03-08 02:22:47 - [TEST_STEP][PASSED] - switch (PaymentType): null

2024-03-08 02:22:47 - [TEST_STEP][PASSED] - case "New Tax Return Amount Due":: null

2024-03-08 02:22:47 - [TEST_STEP][PASSED] - selectOptionByLabel(findTestObject("Object Repository/RAD_Pages/Landing_Page/select_NewTaxReturnAmountDue_TaxType"), TaxType, false): All options with label 'Estate Tax' are selected in object 'Object Repository/RAD_Pages/Landing_Page/select_NewTaxReturnAmountDue_TaxType' 

2024-03-08 02:22:48 - [MESSAGE][PASSED] - All options with label 'Estate Tax' are selected in object 'Object Repository/RAD_Pages/Landing_Page/select_NewTaxReturnAmountDue_TaxType' 

2024-03-08 02:22:48 - [TEST_STEP][PASSED] - break: null

2024-03-08 02:22:48 - [TEST_STEP][PASSED] - if (!(FilingYear.isEmpty())): All options with label '2022' are selected in object 'Object Repository/RAD_Pages/TaxTypeFilingYear_Page/select_FilingYear' 

2024-03-08 02:22:48 - [TEST_STEP][PASSED] - selectOptionByLabel(findTestObject(orPath_TaxTypeFilingYear + "/select_FilingYear"), FilingYear, false): All options with label '2022' are selected in object 'Object Repository/RAD_Pages/TaxTypeFilingYear_Page/select_FilingYear' 

2024-03-08 02:22:49 - [MESSAGE][PASSED] - All options with label '2022' are selected in object 'Object Repository/RAD_Pages/TaxTypeFilingYear_Page/select_FilingYear' 

2024-03-08 02:22:49 - [TEST_STEP][PASSED] - setText(findTestObject(orPath_TaxPayer + "/input_firstName"), " "): Text ' ' is set on object 'Object Repository/RAD_Pages/Taxpayer_Page/input_firstName'

2024-03-08 02:22:50 - [MESSAGE][PASSED] - Text ' ' is set on object 'Object Repository/RAD_Pages/Taxpayer_Page/input_firstName'

2024-03-08 02:22:50 - [TEST_STEP][PASSED] - setText(findTestObject(orPath_TaxPayer + "/input_lastName"), " "): Text ' ' is set on object 'Object Repository/RAD_Pages/Taxpayer_Page/input_lastName'

2024-03-08 02:22:50 - [MESSAGE][PASSED] - Text ' ' is set on object 'Object Repository/RAD_Pages/Taxpayer_Page/input_lastName'

2024-03-08 02:22:50 - [TEST_STEP][PASSED] - if (TaxType.equalsIgnoreCase("Estate Tax")): Text ' ' is set on object 'Object Repository/RAD_Pages/Taxpayer_Page/input_NewTax_ReTypeDecedentSSN'

2024-03-08 02:22:50 - [TEST_STEP][PASSED] - setText(findTestObject(orPath_TaxPayer + "/input_NewTax_DecedentSSN"), " "): Text ' ' is set on object 'Object Repository/RAD_Pages/Taxpayer_Page/input_NewTax_DecedentSSN'

2024-03-08 02:22:51 - [MESSAGE][PASSED] - Text ' ' is set on object 'Object Repository/RAD_Pages/Taxpayer_Page/input_NewTax_DecedentSSN'

2024-03-08 02:22:51 - [TEST_STEP][PASSED] - setText(findTestObject(orPath_TaxPayer + "/input_NewTax_ReTypeDecedentSSN"), " "): Text ' ' is set on object 'Object Repository/RAD_Pages/Taxpayer_Page/input_NewTax_ReTypeDecedentSSN'

2024-03-08 02:22:51 - [MESSAGE][PASSED] - Text ' ' is set on object 'Object Repository/RAD_Pages/Taxpayer_Page/input_NewTax_ReTypeDecedentSSN'

2024-03-08 02:22:52 - [TEST_STEP][PASSED] - setText(findTestObject(orPath_AddressContact + "/input_streetAddress1"), " "): Text ' ' is set on object 'Object Repository/RAD_Pages/AddressAndContactInfo_Page/input_streetAddress1'

2024-03-08 02:22:52 - [MESSAGE][PASSED] - Text ' ' is set on object 'Object Repository/RAD_Pages/AddressAndContactInfo_Page/input_streetAddress1'

2024-03-08 02:22:52 - [TEST_STEP][PASSED] - setText(findTestObject(orPath_AddressContact + "/input_city"), " "): Text ' ' is set on object 'Object Repository/RAD_Pages/AddressAndContactInfo_Page/input_city'

2024-03-08 02:22:53 - [MESSAGE][PASSED] - Text ' ' is set on object 'Object Repository/RAD_Pages/AddressAndContactInfo_Page/input_city'

2024-03-08 02:22:53 - [TEST_STEP][PASSED] - setText(findTestObject(orPath_AddressContact + "/input_zipCode"), " "): Text ' ' is set on object 'Object Repository/RAD_Pages/AddressAndContactInfo_Page/input_zipCode'

2024-03-08 02:22:54 - [MESSAGE][PASSED] - Text ' ' is set on object 'Object Repository/RAD_Pages/AddressAndContactInfo_Page/input_zipCode'

2024-03-08 02:22:54 - [TEST_STEP][PASSED] - setText(findTestObject(orPath_AddressContact + "/input_phoneNumber"), " "): Text ' ' is set on object 'Object Repository/RAD_Pages/AddressAndContactInfo_Page/input_phoneNumber'

2024-03-08 02:22:55 - [MESSAGE][PASSED] - Text ' ' is set on object 'Object Repository/RAD_Pages/AddressAndContactInfo_Page/input_phoneNumber'

2024-03-08 02:22:55 - [TEST_STEP][PASSED] - setText(findTestObject(orPath_AddressContact + "/input_eMailAddress"), " "): Text ' ' is set on object 'Object Repository/RAD_Pages/AddressAndContactInfo_Page/input_eMailAddress'

2024-03-08 02:22:55 - [MESSAGE][PASSED] - Text ' ' is set on object 'Object Repository/RAD_Pages/AddressAndContactInfo_Page/input_eMailAddress'

2024-03-08 02:22:55 - [TEST_STEP][PASSED] - setText(findTestObject(orPath_AddressContact + "/input_reEnterEMailAddress"), " "): Text ' ' is set on object 'Object Repository/RAD_Pages/AddressAndContactInfo_Page/input_reEnterEMailAddress'

2024-03-08 02:22:56 - [MESSAGE][PASSED] - Text ' ' is set on object 'Object Repository/RAD_Pages/AddressAndContactInfo_Page/input_reEnterEMailAddress'

2024-03-08 02:22:56 - [TEST_STEP][PASSED] - resText = "Fail": null

2024-03-08 02:22:56 - [TEST_STEP][PASSED] - pages.WriteExcel.demoKey(resText, datText, resColumn, datCloumn, fileLoc, nameSheet, row): pages.WriteExcel.demoKey is PASSED

2024-03-08 02:22:56 - [MESSAGE][PASSED] - pages.WriteExcel.demoKey is PASSED

2024-03-08 02:22:56 - [TEST_STEP][PASSED] - verifyTextPresent("Enter first name", true, CONTINUE_ON_FAILURE): Text 'Enter first name' is present on page  using regular expression

2024-03-08 02:22:57 - [MESSAGE][PASSED] - Text 'Enter first name' is present on page  using regular expression

2024-03-08 02:22:57 - [TEST_STEP][PASSED] - verifyTextPresent("Enter last name", true, CONTINUE_ON_FAILURE): Text 'Enter last name' is present on page  using regular expression

2024-03-08 02:22:57 - [MESSAGE][PASSED] - Text 'Enter last name' is present on page  using regular expression

2024-03-08 02:22:57 - [TEST_STEP][PASSED] - verifyTextPresent("Enter address", true, CONTINUE_ON_FAILURE): Text 'Enter address' is present on page  using regular expression

2024-03-08 02:22:57 - [MESSAGE][PASSED] - Text 'Enter address' is present on page  using regular expression

2024-03-08 02:22:57 - [TEST_STEP][PASSED] - verifyTextPresent("Enter city", true, CONTINUE_ON_FAILURE): Text 'Enter city' is present on page  using regular expression

2024-03-08 02:22:58 - [MESSAGE][PASSED] - Text 'Enter city' is present on page  using regular expression

2024-03-08 02:22:58 - [TEST_STEP][PASSED] - verifyTextPresent("Enter ZIP code", true, CONTINUE_ON_FAILURE): Text 'Enter ZIP code' is present on page  using regular expression

2024-03-08 02:22:58 - [MESSAGE][PASSED] - Text 'Enter ZIP code' is present on page  using regular expression

2024-03-08 02:22:58 - [TEST_STEP][PASSED] - verifyTextPresent("Enter a valid phone number", true, CONTINUE_ON_FAILURE): Text 'Enter a valid phone number' is present on page  using regular expression

2024-03-08 02:22:58 - [MESSAGE][PASSED] - Text 'Enter a valid phone number' is present on page  using regular expression

2024-03-08 02:22:58 - [TEST_STEP][PASSED] - verifyTextPresent("Enter Email", true, CONTINUE_ON_FAILURE): Text 'Enter Email' is present on page  using regular expression

2024-03-08 02:22:59 - [MESSAGE][PASSED] - Text 'Enter Email' is present on page  using regular expression

2024-03-08 02:22:59 - [TEST_STEP][PASSED] - if (TaxType.equalsIgnoreCase("Estate Tax")): Text 'Re-type Decedent SSN Validation Error' is present on page  using regular expression

2024-03-08 02:22:59 - [TEST_STEP][PASSED] - verifyTextPresent("Please enter a valid Decedent SSN with 9 digits", true, CONTINUE_ON_FAILURE): Text 'Please enter a valid Decedent SSN with 9 digits' is present on page  using regular expression

2024-03-08 02:22:59 - [MESSAGE][PASSED] - Text 'Please enter a valid Decedent SSN with 9 digits' is present on page  using regular expression

2024-03-08 02:22:59 - [TEST_STEP][PASSED] - verifyTextPresent("Re-type Decedent SSN Validation Error", true, CONTINUE_ON_FAILURE): Text 'Re-type Decedent SSN Validation Error' is present on page  using regular expression

2024-03-08 02:22:59 - [MESSAGE][PASSED] - Text 'Re-type Decedent SSN Validation Error' is present on page  using regular expression

2024-03-08 02:22:59 - [TEST_STEP][PASSED] - resText = "Pass": null

2024-03-08 02:22:59 - [TEST_STEP][PASSED] - pages.WriteExcel.demoKey(resText, datText, resColumn, datCloumn, fileLoc, nameSheet, row): pages.WriteExcel.demoKey is PASSED

2024-03-08 02:23:00 - [MESSAGE][PASSED] - pages.WriteExcel.demoKey is PASSED]]></system-out>
         <system-err><![CDATA[2024-03-08 02:17:50 - [TEST_CASE][FAILED] - Test Cases/RAD_TestCases/MRF_TestCases/Personal_Individual_MRF_TC: Test Cases/RAD_TestCases/MRF_TestCases/Personal_Individual_MRF_TC FAILED.
Reason:
com.kms.katalon.core.exception.StepFailedException: Unable to select option by label '2024' of object 'Object Repository/RAD_Pages/TaxTypeFilingYear_Page/select_FilingYear'  (Root cause: com.kms.katalon.core.exception.StepFailedException: Unable to select option by label '2024' of object 'Object Repository/RAD_Pages/TaxTypeFilingYear_Page/select_FilingYear' 
	at com.kms.katalon.core.webui.keyword.internal.WebUIKeywordMain.stepFailed(WebUIKeywordMain.groovy:64)
	at com.kms.katalon.core.webui.keyword.internal.WebUIKeywordMain.runKeyword(WebUIKeywordMain.groovy:26)
	at com.kms.katalon.core.webui.keyword.builtin.SelectOptionByLabelKeyword.selectOptionByLabel(SelectOptionByLabelKeyword.groovy:98)
	at com.kms.katalon.core.webui.keyword.builtin.SelectOptionByLabelKeyword.execute(SelectOptionByLabelKeyword.groovy:71)
	at com.kms.katalon.core.keyword.internal.KeywordExecutor.executeKeywordForPlatform(KeywordExecutor.groovy:74)
	at com.kms.katalon.core.webui.keyword.WebUiBuiltInKeywords.selectOptionByLabel(WebUiBuiltInKeywords.groovy:1230)
	at com.kms.katalon.core.webui.keyword.WebUiBuiltInKeywords$selectOptionByLabel$2.call(Unknown Source)
	at Personal_Individual_MRF_TC.run(Personal_Individual_MRF_TC:113)
	at com.kms.katalon.core.main.ScriptEngine.run(ScriptEngine.java:194)
	at com.kms.katalon.core.main.ScriptEngine.runScriptAsRawText(ScriptEngine.java:119)
	at com.kms.katalon.core.main.TestCaseExecutor.runScript(TestCaseExecutor.java:448)
	at com.kms.katalon.core.main.TestCaseExecutor.doExecute(TestCaseExecutor.java:439)
	at com.kms.katalon.core.main.TestCaseExecutor.processExecutionPhase(TestCaseExecutor.java:418)
	at com.kms.katalon.core.main.TestCaseExecutor.accessMainPhase(TestCaseExecutor.java:410)
	at com.kms.katalon.core.main.TestCaseExecutor.execute(TestCaseExecutor.java:285)
	at com.kms.katalon.core.common.CommonExecutor.accessTestCaseMainPhase(CommonExecutor.java:65)
	at com.kms.katalon.core.main.TestSuiteExecutor.accessTestSuiteMainPhase(TestSuiteExecutor.java:148)
	at com.kms.katalon.core.main.TestSuiteExecutor.execute(TestSuiteExecutor.java:106)
	at com.kms.katalon.core.main.TestCaseMain.startTestSuite(TestCaseMain.java:187)
	at com.kms.katalon.core.main.TestCaseMain$startTestSuite$0.call(Unknown Source)
	at TempTestSuite1709871371648.run(TempTestSuite1709871371648.groovy:36)
Caused by: org.openqa.selenium.NoSuchElementException: Cannot locate element with text: 2024
For documentation on this error, please visit: https://www.seleniumhq.org/exceptions/no_such_element.html
Build info: version: '3.141.59', revision: 'e82be7d358', time: '2018-11-14T08:25:53'
System info: host: 'DESKTOP-B2QI6NS', ip: '172.31.253.185', os.name: 'Windows 10', os.arch: 'amd64', os.version: '10.0', java.version: '1.8.0_181'
Driver info: driver.version: unknown
	at org.openqa.selenium.support.ui.Select.selectByVisibleText(Select.java:147)
	at com.kms.katalon.core.webui.common.WebUiCommonHelper.selectOrDeselectOptionsByLabel(WebUiCommonHelper.java:310)
	at com.kms.katalon.core.webui.keyword.builtin.SelectOptionByLabelKeyword$_selectOptionByLabel_closure1.doCall(SelectOptionByLabelKeyword.groovy:87)
	at com.kms.katalon.core.webui.keyword.builtin.SelectOptionByLabelKeyword$_selectOptionByLabel_closure1.call(SelectOptionByLabelKeyword.groovy)
	at com.kms.katalon.core.webui.keyword.internal.WebUIKeywordMain.runKeyword(WebUIKeywordMain.groovy:20)
	at com.kms.katalon.core.webui.keyword.builtin.SelectOptionByLabelKeyword.selectOptionByLabel(SelectOptionByLabelKeyword.groovy:98)
	at com.kms.katalon.core.webui.keyword.builtin.SelectOptionByLabelKeyword.execute(SelectOptionByLabelKeyword.groovy:71)
	at com.kms.katalon.core.keyword.internal.KeywordExecutor.executeKeywordForPlatform(KeywordExecutor.groovy:74)
	at com.kms.katalon.core.webui.keyword.WebUiBuiltInKeywords.selectOptionByLabel(WebUiBuiltInKeywords.groovy:1230)
	at com.kms.katalon.core.webui.keyword.WebUiBuiltInKeywords$selectOptionByLabel$2.call(Unknown Source)
	at Script1696265299704.run(Script1696265299704.groovy:113)
	... 13 more
)
	at com.kms.katalon.core.keyword.internal.KeywordMain.stepFailed(KeywordMain.groovy:39)
	at com.kms.katalon.core.webui.keyword.internal.WebUIKeywordMain.stepFailed(WebUIKeywordMain.groovy:64)
	at com.kms.katalon.core.webui.keyword.internal.WebUIKeywordMain.runKeyword(WebUIKeywordMain.groovy:26)
	at com.kms.katalon.core.webui.keyword.builtin.SelectOptionByLabelKeyword.selectOptionByLabel(SelectOptionByLabelKeyword.groovy:98)
	at com.kms.katalon.core.webui.keyword.builtin.SelectOptionByLabelKeyword.execute(SelectOptionByLabelKeyword.groovy:71)
	at com.kms.katalon.core.keyword.internal.KeywordExecutor.executeKeywordForPlatform(KeywordExecutor.groovy:74)
	at com.kms.katalon.core.webui.keyword.WebUiBuiltInKeywords.selectOptionByLabel(WebUiBuiltInKeywords.groovy:1230)
	at com.kms.katalon.core.webui.keyword.WebUiBuiltInKeywords$selectOptionByLabel$2.call(Unknown Source)
	at Personal_Individual_MRF_TC.run(Personal_Individual_MRF_TC:113)
	at com.kms.katalon.core.main.ScriptEngine.run(ScriptEngine.java:194)
	at com.kms.katalon.core.main.ScriptEngine.runScriptAsRawText(ScriptEngine.java:119)
	at com.kms.katalon.core.main.TestCaseExecutor.runScript(TestCaseExecutor.java:448)
	at com.kms.katalon.core.main.TestCaseExecutor.doExecute(TestCaseExecutor.java:439)
	at com.kms.katalon.core.main.TestCaseExecutor.processExecutionPhase(TestCaseExecutor.java:418)
	at com.kms.katalon.core.main.TestCaseExecutor.accessMainPhase(TestCaseExecutor.java:410)
	at com.kms.katalon.core.main.TestCaseExecutor.execute(TestCaseExecutor.java:285)
	at com.kms.katalon.core.common.CommonExecutor.accessTestCaseMainPhase(CommonExecutor.java:65)
	at com.kms.katalon.core.main.TestSuiteExecutor.accessTestSuiteMainPhase(TestSuiteExecutor.java:148)
	at com.kms.katalon.core.main.TestSuiteExecutor.execute(TestSuiteExecutor.java:106)
	at com.kms.katalon.core.main.TestCaseMain.startTestSuite(TestCaseMain.java:187)
	at com.kms.katalon.core.main.TestCaseMain$startTestSuite$0.call(Unknown Source)
	at TempTestSuite1709871371648.run(TempTestSuite1709871371648.groovy:36)
Caused by: com.kms.katalon.core.exception.StepFailedException: Unable to select option by label '2024' of object 'Object Repository/RAD_Pages/TaxTypeFilingYear_Page/select_FilingYear' 
	... 21 more
Caused by: org.openqa.selenium.NoSuchElementException: Cannot locate element with text: 2024
For documentation on this error, please visit: https://www.seleniumhq.org/exceptions/no_such_element.html
Build info: version: '3.141.59', revision: 'e82be7d358', time: '2018-11-14T08:25:53'
System info: host: 'DESKTOP-B2QI6NS', ip: '172.31.253.185', os.name: 'Windows 10', os.arch: 'amd64', os.version: '10.0', java.version: '1.8.0_181'
Driver info: driver.version: unknown
	at org.openqa.selenium.support.ui.Select.selectByVisibleText(Select.java:147)
	at com.kms.katalon.core.webui.common.WebUiCommonHelper.selectOrDeselectOptionsByLabel(WebUiCommonHelper.java:310)
	at com.kms.katalon.core.webui.keyword.builtin.SelectOptionByLabelKeyword$_selectOptionByLabel_closure1.doCall(SelectOptionByLabelKeyword.groovy:87)
	at com.kms.katalon.core.webui.keyword.builtin.SelectOptionByLabelKeyword$_selectOptionByLabel_closure1.call(SelectOptionByLabelKeyword.groovy)
	at com.kms.katalon.core.webui.keyword.internal.WebUIKeywordMain.runKeyword(WebUIKeywordMain.groovy:20)
	... 19 more]]></system-err>
      </testcase>
      <testcase name="Test Cases/RAD_TestCases/MRF_TestCases/Personal_Joint_MRF_TC" time="213.989" classname="Test Cases/RAD_TestCases/MRF_TestCases/Personal_Joint_MRF_TC" status="PASSED">
         <system-out><![CDATA[2024-03-08 02:23:00 - [TEST_CASE][PASSED] - Test Cases/RAD_TestCases/MRF_TestCases/Personal_Joint_MRF_TC: Test Cases/RAD_TestCases/MRF_TestCases/Personal_Joint_MRF_TC

2024-03-08 02:23:00 - [TEST_STEP][PASSED] - resText = "Fail": null

2024-03-08 02:23:00 - [TEST_STEP][PASSED] - resColumn = "Result": null

2024-03-08 02:23:00 - [TEST_STEP][PASSED] - datCloumn = "Date": null

2024-03-08 02:23:00 - [TEST_STEP][PASSED] - fileLoc = "KatalonData/RADTestData/MRF.xlsx": null

2024-03-08 02:23:00 - [TEST_STEP][PASSED] - nameSheet = "Personal_JNT": null

2024-03-08 02:23:00 - [TEST_STEP][PASSED] - dataFile = "RADTestData/MRF_Personal_JNT": null

2024-03-08 02:23:00 - [TEST_STEP][PASSED] - orPath_Landing = "Object Repository/RAD_Pages/Landing_Page": null

2024-03-08 02:23:00 - [TEST_STEP][PASSED] - orPath_TaxTypeFilingYear = "Object Repository/RAD_Pages/TaxTypeFilingYear_Page": null

2024-03-08 02:23:00 - [TEST_STEP][PASSED] - orPath_Amount = "Object Repository/RAD_Pages/PaymentAmount_Page": null

2024-03-08 02:23:00 - [TEST_STEP][PASSED] - orPath_AddressContact = "Object Repository/RAD_Pages/AddressAndContactInfo_Page": null

2024-03-08 02:23:00 - [TEST_STEP][PASSED] - orPath_Summary = "Object Repository/RAD_Pages/Summary_Page": null

2024-03-08 02:23:00 - [TEST_STEP][PASSED] - orPath_PaymentConfirmation = "Object Repository/RAD_Pages/PaymentConfirmation_Page": null

2024-03-08 02:23:00 - [TEST_STEP][PASSED] - orPath_ServiceFeesAccept = "Object Repository/RAD_Pages/ServiceFeeAccept_Page": null

2024-03-08 02:23:00 - [TEST_STEP][PASSED] - orPath_PaymentEntry = "Object Repository/RAD_Pages/PaymentEntry_Page": null

2024-03-08 02:23:00 - [TEST_STEP][PASSED] - orPath_FilingStatus = "Object Repository/RAD_Pages/FilingStatus_Page": null

2024-03-08 02:23:00 - [TEST_STEP][PASSED] - orPath_TaxPayer = "Object Repository/RAD_Pages/Taxpayer_Page": null

2024-03-08 02:23:00 - [TEST_STEP][PASSED] - ExecuteTC = <not implemented yet for class: org.codehaus.groovy.ast.expr.EmptyExpression>: null

2024-03-08 02:23:00 - [TEST_STEP][PASSED] - TaxType = <not implemented yet for class: org.codehaus.groovy.ast.expr.EmptyExpression>: null

2024-03-08 02:23:00 - [TEST_STEP][PASSED] - PaymentType = <not implemented yet for class: org.codehaus.groovy.ast.expr.EmptyExpression>: null

2024-03-08 02:23:00 - [TEST_STEP][PASSED] - FilingYear = <not implemented yet for class: org.codehaus.groovy.ast.expr.EmptyExpression>: null

2024-03-08 02:23:00 - [TEST_STEP][PASSED] - PeriodEndingMonth = <not implemented yet for class: org.codehaus.groovy.ast.expr.EmptyExpression>: null

2024-03-08 02:23:00 - [TEST_STEP][PASSED] - executionProfile = getExecutionProfile(): null

2024-03-08 02:23:00 - [TEST_STEP][PASSED] - numOfRows = findTestData(dataFile).getRowNumbers(): null

2024-03-08 02:23:00 - [TEST_STEP][PASSED] - println("Number of Records: " + numOfRows): null

2024-03-08 02:23:00 - [TEST_STEP][PASSED] - for ([row = 1, row <= numOfRows, (row++)]): pages.WriteExcel.demoKey is PASSED

2024-03-08 02:23:00 - [TEST_STEP][PASSED] - ExecuteTC = findTestData(dataFile).getValue("Execute", row): null

2024-03-08 02:23:00 - [TEST_STEP][PASSED] - TaxType = findTestData(dataFile).getValue("TaxType", row): null

2024-03-08 02:23:00 - [TEST_STEP][PASSED] - PaymentType = findTestData(dataFile).getValue("PaymentType", row): null

2024-03-08 02:23:00 - [TEST_STEP][PASSED] - FilingYear = findTestData(dataFile).getValue("Year", row): null

2024-03-08 02:23:00 - [TEST_STEP][PASSED] - if (ExecuteTC.equalsIgnoreCase("Y")): pages.WriteExcel.demoKey is PASSED

2024-03-08 02:23:00 - [TEST_STEP][PASSED] - out.println("Begin Record Number: " + row): null

2024-03-08 02:23:00 - [TEST_STEP][PASSED] - today = new java.util.Date(): null

2024-03-08 02:23:00 - [TEST_STEP][PASSED] - println(today): null

2024-03-08 02:23:00 - [TEST_STEP][PASSED] - datText = today: null

2024-03-08 02:23:00 - [TEST_STEP][PASSED] - logInfo("Payment Type: " + PaymentType): Payment Type: Quarterly Estimated Tax

2024-03-08 02:23:00 - [MESSAGE][INFO] - Payment Type: Quarterly Estimated Tax

2024-03-08 02:23:00 - [TEST_STEP][PASSED] - logInfo("Tax Type: " + TaxType): Tax Type: Personal Income Tax

2024-03-08 02:23:00 - [MESSAGE][INFO] - Tax Type: Personal Income Tax

2024-03-08 02:23:00 - [TEST_STEP][PASSED] - openBrowser(""): Browser is opened with url: ''

2024-03-08 02:23:00 - [MESSAGE][WARNING] - A browser is already opened. Closing browser and opening a new one

2024-03-08 02:23:17 - [MESSAGE][INFO] - Starting 'Chrome' driver

2024-03-08 02:23:17 - [MESSAGE][INFO] - User set preference: ['acceptInsecureCerts', 'true']

2024-03-08 02:23:17 - [MESSAGE][INFO] - Action delay is set to 0 milliseconds

2024-03-08 02:23:19 - [MESSAGE][PASSED] - Browser is opened with url: ''

2024-03-08 02:23:19 - [TEST_STEP][PASSED] - maximizeWindow(): Current window maximized

2024-03-08 02:23:19 - [MESSAGE][PASSED] - Current window maximized

2024-03-08 02:23:19 - [TEST_STEP][PASSED] - navigateToUrl(RADurl): Navigate to 'https://qa2.velocitypayment.com/client/rad/index.html' successfully

2024-03-08 02:23:26 - [MESSAGE][PASSED] - Navigate to 'https://qa2.velocitypayment.com/client/rad/index.html' successfully

2024-03-08 02:23:26 - [TEST_STEP][PASSED] - selectOptionByLabel(findTestObject(orPath_Landing + "/dd_TaxType"), PaymentType, false): All options with label 'Quarterly Estimated Tax' are selected in object 'Object Repository/RAD_Pages/Landing_Page/dd_TaxType' 

2024-03-08 02:23:26 - [MESSAGE][PASSED] - All options with label 'Quarterly Estimated Tax' are selected in object 'Object Repository/RAD_Pages/Landing_Page/dd_TaxType' 

2024-03-08 02:23:26 - [TEST_STEP][PASSED] - switch (PaymentType): null

2024-03-08 02:23:26 - [TEST_STEP][PASSED] - case "Quarterly Estimated Tax":: null

2024-03-08 02:23:26 - [TEST_STEP][PASSED] - selectOptionByLabel(findTestObject(orPath_TaxTypeFilingYear + "/select_PaymentType"), TaxType, false): All options with label 'Personal Income Tax' are selected in object 'Object Repository/RAD_Pages/TaxTypeFilingYear_Page/select_PaymentType' 

2024-03-08 02:23:27 - [MESSAGE][PASSED] - All options with label 'Personal Income Tax' are selected in object 'Object Repository/RAD_Pages/TaxTypeFilingYear_Page/select_PaymentType' 

2024-03-08 02:23:27 - [TEST_STEP][PASSED] - break: null

2024-03-08 02:23:27 - [TEST_STEP][PASSED] - if (!(FilingYear.isEmpty())): All options with label '2024' are selected in object 'Object Repository/RAD_Pages/TaxTypeFilingYear_Page/select_FilingYear' 

2024-03-08 02:23:27 - [TEST_STEP][PASSED] - selectOptionByLabel(findTestObject(orPath_TaxTypeFilingYear + "/select_FilingYear"), FilingYear, false): All options with label '2024' are selected in object 'Object Repository/RAD_Pages/TaxTypeFilingYear_Page/select_FilingYear' 

2024-03-08 02:23:28 - [MESSAGE][PASSED] - All options with label '2024' are selected in object 'Object Repository/RAD_Pages/TaxTypeFilingYear_Page/select_FilingYear' 

2024-03-08 02:23:28 - [TEST_STEP][PASSED] - setText(findTestObject(orPath_TaxPayer + "/input_firstName"), " "): Text ' ' is set on object 'Object Repository/RAD_Pages/Taxpayer_Page/input_firstName'

2024-03-08 02:23:28 - [MESSAGE][PASSED] - Text ' ' is set on object 'Object Repository/RAD_Pages/Taxpayer_Page/input_firstName'

2024-03-08 02:23:28 - [TEST_STEP][PASSED] - setText(findTestObject(orPath_TaxPayer + "/input_lastName"), " "): Text ' ' is set on object 'Object Repository/RAD_Pages/Taxpayer_Page/input_lastName'

2024-03-08 02:23:29 - [MESSAGE][PASSED] - Text ' ' is set on object 'Object Repository/RAD_Pages/Taxpayer_Page/input_lastName'

2024-03-08 02:23:29 - [TEST_STEP][PASSED] - setText(findTestObject("RAD_RecordAndPlay/input_concatSSN"), " "): Text ' ' is set on object 'Object Repository/RAD_RecordAndPlay/input_concatSSN'

2024-03-08 02:23:30 - [MESSAGE][PASSED] - Text ' ' is set on object 'Object Repository/RAD_RecordAndPlay/input_concatSSN'

2024-03-08 02:23:30 - [TEST_STEP][PASSED] - setText(findTestObject("RAD_RecordAndPlay/input_concatReSSN"), " "): Text ' ' is set on object 'Object Repository/RAD_RecordAndPlay/input_concatReSSN'

2024-03-08 02:23:30 - [MESSAGE][PASSED] - Text ' ' is set on object 'Object Repository/RAD_RecordAndPlay/input_concatReSSN'

2024-03-08 02:23:30 - [TEST_STEP][PASSED] - setText(findTestObject(orPath_AddressContact + "/input_streetAddress1"), " "): Text ' ' is set on object 'Object Repository/RAD_Pages/AddressAndContactInfo_Page/input_streetAddress1'

2024-03-08 02:23:31 - [MESSAGE][PASSED] - Text ' ' is set on object 'Object Repository/RAD_Pages/AddressAndContactInfo_Page/input_streetAddress1'

2024-03-08 02:23:31 - [TEST_STEP][PASSED] - setText(findTestObject(orPath_AddressContact + "/input_city"), " "): Text ' ' is set on object 'Object Repository/RAD_Pages/AddressAndContactInfo_Page/input_city'

2024-03-08 02:23:32 - [MESSAGE][PASSED] - Text ' ' is set on object 'Object Repository/RAD_Pages/AddressAndContactInfo_Page/input_city'

2024-03-08 02:23:32 - [TEST_STEP][PASSED] - setText(findTestObject(orPath_AddressContact + "/input_zipCode"), " "): Text ' ' is set on object 'Object Repository/RAD_Pages/AddressAndContactInfo_Page/input_zipCode'

2024-03-08 02:23:33 - [MESSAGE][PASSED] - Text ' ' is set on object 'Object Repository/RAD_Pages/AddressAndContactInfo_Page/input_zipCode'

2024-03-08 02:23:33 - [TEST_STEP][PASSED] - setText(findTestObject(orPath_AddressContact + "/input_phoneNumber"), " "): Text ' ' is set on object 'Object Repository/RAD_Pages/AddressAndContactInfo_Page/input_phoneNumber'

2024-03-08 02:23:33 - [MESSAGE][PASSED] - Text ' ' is set on object 'Object Repository/RAD_Pages/AddressAndContactInfo_Page/input_phoneNumber'

2024-03-08 02:23:33 - [TEST_STEP][PASSED] - setText(findTestObject(orPath_AddressContact + "/input_eMailAddress"), " "): Text ' ' is set on object 'Object Repository/RAD_Pages/AddressAndContactInfo_Page/input_eMailAddress'

2024-03-08 02:23:34 - [MESSAGE][PASSED] - Text ' ' is set on object 'Object Repository/RAD_Pages/AddressAndContactInfo_Page/input_eMailAddress'

2024-03-08 02:23:34 - [TEST_STEP][PASSED] - setText(findTestObject(orPath_AddressContact + "/input_reEnterEMailAddress"), " "): Text ' ' is set on object 'Object Repository/RAD_Pages/AddressAndContactInfo_Page/input_reEnterEMailAddress'

2024-03-08 02:23:35 - [MESSAGE][PASSED] - Text ' ' is set on object 'Object Repository/RAD_Pages/AddressAndContactInfo_Page/input_reEnterEMailAddress'

2024-03-08 02:23:35 - [TEST_STEP][PASSED] - scrollToElement(findTestObject(orPath_Landing + "/button_Continue"), 3): Scroll to object 'Object Repository/RAD_Pages/Landing_Page/button_Continue' successfully

2024-03-08 02:23:35 - [MESSAGE][PASSED] - Scroll to object 'Object Repository/RAD_Pages/Landing_Page/button_Continue' successfully

2024-03-08 02:23:35 - [TEST_STEP][PASSED] - waitForElementClickable(findTestObject(orPath_FilingStatus + "/input_JointFiling_userType_New"), 5): Object 'Object Repository/RAD_Pages/FilingStatus_Page/input_JointFiling_userType_New' is clickable

2024-03-08 02:23:36 - [MESSAGE][PASSED] - Object 'Object Repository/RAD_Pages/FilingStatus_Page/input_JointFiling_userType_New' is clickable

2024-03-08 02:23:36 - [TEST_STEP][PASSED] - check(findTestObject(orPath_FilingStatus + "/input_JointFiling_userType_New")): Object 'Object Repository/RAD_Pages/FilingStatus_Page/input_JointFiling_userType_New' is checked

2024-03-08 02:23:36 - [MESSAGE][PASSED] - Object 'Object Repository/RAD_Pages/FilingStatus_Page/input_JointFiling_userType_New' is checked

2024-03-08 02:23:36 - [TEST_STEP][PASSED] - delay(2): Delayed 2 second(s)

2024-03-08 02:23:38 - [MESSAGE][PASSED] - Delayed 2 second(s)

2024-03-08 02:23:38 - [TEST_STEP][PASSED] - setText(findTestObject(orPath_FilingStatus + "/input_jointFirstName"), " "): Text ' ' is set on object 'Object Repository/RAD_Pages/FilingStatus_Page/input_jointFirstName'

2024-03-08 02:23:39 - [MESSAGE][PASSED] - Text ' ' is set on object 'Object Repository/RAD_Pages/FilingStatus_Page/input_jointFirstName'

2024-03-08 02:23:39 - [TEST_STEP][PASSED] - setText(findTestObject(orPath_FilingStatus + "/input_jointLastName"), " "): Text ' ' is set on object 'Object Repository/RAD_Pages/FilingStatus_Page/input_jointLastName'

2024-03-08 02:23:39 - [MESSAGE][PASSED] - Text ' ' is set on object 'Object Repository/RAD_Pages/FilingStatus_Page/input_jointLastName'

2024-03-08 02:23:39 - [TEST_STEP][PASSED] - setText(findTestObject("Object Repository/RAD_RecordAndPlay/input_JointFilerSSN"), " "): Text ' ' is set on object 'Object Repository/RAD_RecordAndPlay/input_JointFilerSSN'

2024-03-08 02:23:40 - [MESSAGE][PASSED] - Text ' ' is set on object 'Object Repository/RAD_RecordAndPlay/input_JointFilerSSN'

2024-03-08 02:23:40 - [TEST_STEP][PASSED] - setText(findTestObject("Object Repository/RAD_RecordAndPlay/input_reTypeJointFilerSSN"), " "): Text ' ' is set on object 'Object Repository/RAD_RecordAndPlay/input_reTypeJointFilerSSN'

2024-03-08 02:23:40 - [MESSAGE][PASSED] - Text ' ' is set on object 'Object Repository/RAD_RecordAndPlay/input_reTypeJointFilerSSN'

2024-03-08 02:23:41 - [TEST_STEP][PASSED] - resText = "Fail": null

2024-03-08 02:23:41 - [TEST_STEP][PASSED] - pages.WriteExcel.demoKey(resText, datText, resColumn, datCloumn, fileLoc, nameSheet, row): pages.WriteExcel.demoKey is PASSED

2024-03-08 02:23:41 - [MESSAGE][PASSED] - pages.WriteExcel.demoKey is PASSED

2024-03-08 02:23:41 - [TEST_STEP][PASSED] - verifyTextPresent("Enter first name", true, CONTINUE_ON_FAILURE): Text 'Enter first name' is present on page  using regular expression

2024-03-08 02:23:41 - [MESSAGE][PASSED] - Text 'Enter first name' is present on page  using regular expression

2024-03-08 02:23:41 - [TEST_STEP][PASSED] - verifyTextPresent("Enter last name", true, CONTINUE_ON_FAILURE): Text 'Enter last name' is present on page  using regular expression

2024-03-08 02:23:41 - [MESSAGE][PASSED] - Text 'Enter last name' is present on page  using regular expression

2024-03-08 02:23:41 - [TEST_STEP][PASSED] - verifyTextPresent("Please enter a valid SSN with 9 digits", true, CONTINUE_ON_FAILURE): Text 'Please enter a valid SSN with 9 digits' is present on page  using regular expression

2024-03-08 02:23:42 - [MESSAGE][PASSED] - Text 'Please enter a valid SSN with 9 digits' is present on page  using regular expression

2024-03-08 02:23:42 - [TEST_STEP][PASSED] - verifyTextPresent("Re-type SSN Validation Error", true, CONTINUE_ON_FAILURE): Text 'Re-type SSN Validation Error' is present on page  using regular expression

2024-03-08 02:23:42 - [MESSAGE][PASSED] - Text 'Re-type SSN Validation Error' is present on page  using regular expression

2024-03-08 02:23:42 - [TEST_STEP][PASSED] - verifyTextPresent("Enter address", true, CONTINUE_ON_FAILURE): Text 'Enter address' is present on page  using regular expression

2024-03-08 02:23:43 - [MESSAGE][PASSED] - Text 'Enter address' is present on page  using regular expression

2024-03-08 02:23:43 - [TEST_STEP][PASSED] - verifyTextPresent("Enter city", true, CONTINUE_ON_FAILURE): Text 'Enter city' is present on page  using regular expression

2024-03-08 02:23:43 - [MESSAGE][PASSED] - Text 'Enter city' is present on page  using regular expression

2024-03-08 02:23:43 - [TEST_STEP][PASSED] - verifyTextPresent("Enter ZIP code", true, CONTINUE_ON_FAILURE): Text 'Enter ZIP code' is present on page  using regular expression

2024-03-08 02:23:43 - [MESSAGE][PASSED] - Text 'Enter ZIP code' is present on page  using regular expression

2024-03-08 02:23:43 - [TEST_STEP][PASSED] - verifyTextPresent("Enter a valid phone number", true, CONTINUE_ON_FAILURE): Text 'Enter a valid phone number' is present on page  using regular expression

2024-03-08 02:23:44 - [MESSAGE][PASSED] - Text 'Enter a valid phone number' is present on page  using regular expression

2024-03-08 02:23:44 - [TEST_STEP][PASSED] - verifyTextPresent("Enter Email", true, CONTINUE_ON_FAILURE): Text 'Enter Email' is present on page  using regular expression

2024-03-08 02:23:44 - [MESSAGE][PASSED] - Text 'Enter Email' is present on page  using regular expression

2024-03-08 02:23:44 - [TEST_STEP][PASSED] - verifyTextPresent("Enter joint payer first name", true, CONTINUE_ON_FAILURE): Text 'Enter joint payer first name' is present on page  using regular expression

2024-03-08 02:23:44 - [MESSAGE][PASSED] - Text 'Enter joint payer first name' is present on page  using regular expression

2024-03-08 02:23:44 - [TEST_STEP][PASSED] - verifyTextPresent("Enter joint payer last name", true, CONTINUE_ON_FAILURE): Text 'Enter joint payer last name' is present on page  using regular expression

2024-03-08 02:23:45 - [MESSAGE][PASSED] - Text 'Enter joint payer last name' is present on page  using regular expression

2024-03-08 02:23:45 - [TEST_STEP][PASSED] - verifyTextPresent("Please enter a valid SSN with 9 digits", true, CONTINUE_ON_FAILURE): Text 'Please enter a valid SSN with 9 digits' is present on page  using regular expression

2024-03-08 02:23:45 - [MESSAGE][PASSED] - Text 'Please enter a valid SSN with 9 digits' is present on page  using regular expression

2024-03-08 02:23:45 - [TEST_STEP][PASSED] - verifyTextPresent("Re-type SSN Validation Error", true, CONTINUE_ON_FAILURE): Text 'Re-type SSN Validation Error' is present on page  using regular expression

2024-03-08 02:23:45 - [MESSAGE][PASSED] - Text 'Re-type SSN Validation Error' is present on page  using regular expression

2024-03-08 02:23:45 - [TEST_STEP][PASSED] - resText = "Pass": null

2024-03-08 02:23:45 - [TEST_STEP][PASSED] - pages.WriteExcel.demoKey(resText, datText, resColumn, datCloumn, fileLoc, nameSheet, row): pages.WriteExcel.demoKey is PASSED

2024-03-08 02:23:45 - [MESSAGE][PASSED] - pages.WriteExcel.demoKey is PASSED

2024-03-08 02:23:45 - [TEST_STEP][PASSED] - ExecuteTC = findTestData(dataFile).getValue("Execute", row): null

2024-03-08 02:23:46 - [TEST_STEP][PASSED] - TaxType = findTestData(dataFile).getValue("TaxType", row): null

2024-03-08 02:23:46 - [TEST_STEP][PASSED] - PaymentType = findTestData(dataFile).getValue("PaymentType", row): null

2024-03-08 02:23:46 - [TEST_STEP][PASSED] - FilingYear = findTestData(dataFile).getValue("Year", row): null

2024-03-08 02:23:46 - [TEST_STEP][PASSED] - if (ExecuteTC.equalsIgnoreCase("Y")): null

2024-03-08 02:23:46 - [TEST_STEP][PASSED] - ExecuteTC = findTestData(dataFile).getValue("Execute", row): null

2024-03-08 02:23:46 - [TEST_STEP][PASSED] - TaxType = findTestData(dataFile).getValue("TaxType", row): null

2024-03-08 02:23:46 - [TEST_STEP][PASSED] - PaymentType = findTestData(dataFile).getValue("PaymentType", row): null

2024-03-08 02:23:46 - [TEST_STEP][PASSED] - FilingYear = findTestData(dataFile).getValue("Year", row): null

2024-03-08 02:23:46 - [TEST_STEP][PASSED] - if (ExecuteTC.equalsIgnoreCase("Y")): pages.WriteExcel.demoKey is PASSED

2024-03-08 02:23:46 - [TEST_STEP][PASSED] - out.println("Begin Record Number: " + row): null

2024-03-08 02:23:46 - [TEST_STEP][PASSED] - today = new java.util.Date(): null

2024-03-08 02:23:46 - [TEST_STEP][PASSED] - println(today): null

2024-03-08 02:23:46 - [TEST_STEP][PASSED] - datText = today: null

2024-03-08 02:23:46 - [TEST_STEP][PASSED] - logInfo("Payment Type: " + PaymentType): Payment Type: New Tax Return Amount Due

2024-03-08 02:23:46 - [MESSAGE][INFO] - Payment Type: New Tax Return Amount Due

2024-03-08 02:23:46 - [TEST_STEP][PASSED] - logInfo("Tax Type: " + TaxType): Tax Type: Personal Income Tax

2024-03-08 02:23:46 - [MESSAGE][INFO] - Tax Type: Personal Income Tax

2024-03-08 02:23:46 - [TEST_STEP][PASSED] - openBrowser(""): Browser is opened with url: ''

2024-03-08 02:23:46 - [MESSAGE][WARNING] - A browser is already opened. Closing browser and opening a new one

2024-03-08 02:24:18 - [MESSAGE][INFO] - Starting 'Chrome' driver

2024-03-08 02:24:18 - [MESSAGE][INFO] - User set preference: ['acceptInsecureCerts', 'true']

2024-03-08 02:24:18 - [MESSAGE][INFO] - Action delay is set to 0 milliseconds

2024-03-08 02:24:19 - [MESSAGE][PASSED] - Browser is opened with url: ''

2024-03-08 02:24:19 - [TEST_STEP][PASSED] - maximizeWindow(): Current window maximized

2024-03-08 02:24:20 - [MESSAGE][PASSED] - Current window maximized

2024-03-08 02:24:20 - [TEST_STEP][PASSED] - navigateToUrl(RADurl): Navigate to 'https://qa2.velocitypayment.com/client/rad/index.html' successfully

2024-03-08 02:24:26 - [MESSAGE][PASSED] - Navigate to 'https://qa2.velocitypayment.com/client/rad/index.html' successfully

2024-03-08 02:24:26 - [TEST_STEP][PASSED] - selectOptionByLabel(findTestObject(orPath_Landing + "/dd_TaxType"), PaymentType, false): All options with label 'New Tax Return Amount Due' are selected in object 'Object Repository/RAD_Pages/Landing_Page/dd_TaxType' 

2024-03-08 02:24:27 - [MESSAGE][PASSED] - All options with label 'New Tax Return Amount Due' are selected in object 'Object Repository/RAD_Pages/Landing_Page/dd_TaxType' 

2024-03-08 02:24:27 - [TEST_STEP][PASSED] - switch (PaymentType): null

2024-03-08 02:24:27 - [TEST_STEP][PASSED] - case "New Tax Return Amount Due":: null

2024-03-08 02:24:27 - [TEST_STEP][PASSED] - selectOptionByLabel(findTestObject("Object Repository/RAD_Pages/Landing_Page/select_NewTaxReturnAmountDue_TaxType"), TaxType, false): All options with label 'Personal Income Tax' are selected in object 'Object Repository/RAD_Pages/Landing_Page/select_NewTaxReturnAmountDue_TaxType' 

2024-03-08 02:24:28 - [MESSAGE][PASSED] - All options with label 'Personal Income Tax' are selected in object 'Object Repository/RAD_Pages/Landing_Page/select_NewTaxReturnAmountDue_TaxType' 

2024-03-08 02:24:28 - [TEST_STEP][PASSED] - break: null

2024-03-08 02:24:28 - [TEST_STEP][PASSED] - if (!(FilingYear.isEmpty())): All options with label '2023' are selected in object 'Object Repository/RAD_Pages/TaxTypeFilingYear_Page/select_FilingYear' 

2024-03-08 02:24:28 - [TEST_STEP][PASSED] - selectOptionByLabel(findTestObject(orPath_TaxTypeFilingYear + "/select_FilingYear"), FilingYear, false): All options with label '2023' are selected in object 'Object Repository/RAD_Pages/TaxTypeFilingYear_Page/select_FilingYear' 

2024-03-08 02:24:28 - [MESSAGE][PASSED] - All options with label '2023' are selected in object 'Object Repository/RAD_Pages/TaxTypeFilingYear_Page/select_FilingYear' 

2024-03-08 02:24:28 - [TEST_STEP][PASSED] - setText(findTestObject(orPath_TaxPayer + "/input_firstName"), " "): Text ' ' is set on object 'Object Repository/RAD_Pages/Taxpayer_Page/input_firstName'

2024-03-08 02:24:29 - [MESSAGE][PASSED] - Text ' ' is set on object 'Object Repository/RAD_Pages/Taxpayer_Page/input_firstName'

2024-03-08 02:24:29 - [TEST_STEP][PASSED] - setText(findTestObject(orPath_TaxPayer + "/input_lastName"), " "): Text ' ' is set on object 'Object Repository/RAD_Pages/Taxpayer_Page/input_lastName'

2024-03-08 02:24:30 - [MESSAGE][PASSED] - Text ' ' is set on object 'Object Repository/RAD_Pages/Taxpayer_Page/input_lastName'

2024-03-08 02:24:30 - [TEST_STEP][PASSED] - setText(findTestObject("RAD_RecordAndPlay/input_concatSSN"), " "): Text ' ' is set on object 'Object Repository/RAD_RecordAndPlay/input_concatSSN'

2024-03-08 02:24:30 - [MESSAGE][PASSED] - Text ' ' is set on object 'Object Repository/RAD_RecordAndPlay/input_concatSSN'

2024-03-08 02:24:30 - [TEST_STEP][PASSED] - setText(findTestObject("RAD_RecordAndPlay/input_concatReSSN"), " "): Text ' ' is set on object 'Object Repository/RAD_RecordAndPlay/input_concatReSSN'

2024-03-08 02:24:31 - [MESSAGE][PASSED] - Text ' ' is set on object 'Object Repository/RAD_RecordAndPlay/input_concatReSSN'

2024-03-08 02:24:31 - [TEST_STEP][PASSED] - setText(findTestObject(orPath_AddressContact + "/input_streetAddress1"), " "): Text ' ' is set on object 'Object Repository/RAD_Pages/AddressAndContactInfo_Page/input_streetAddress1'

2024-03-08 02:24:32 - [MESSAGE][PASSED] - Text ' ' is set on object 'Object Repository/RAD_Pages/AddressAndContactInfo_Page/input_streetAddress1'

2024-03-08 02:24:32 - [TEST_STEP][PASSED] - setText(findTestObject(orPath_AddressContact + "/input_city"), " "): Text ' ' is set on object 'Object Repository/RAD_Pages/AddressAndContactInfo_Page/input_city'

2024-03-08 02:24:33 - [MESSAGE][PASSED] - Text ' ' is set on object 'Object Repository/RAD_Pages/AddressAndContactInfo_Page/input_city'

2024-03-08 02:24:33 - [TEST_STEP][PASSED] - setText(findTestObject(orPath_AddressContact + "/input_zipCode"), " "): Text ' ' is set on object 'Object Repository/RAD_Pages/AddressAndContactInfo_Page/input_zipCode'

2024-03-08 02:24:33 - [MESSAGE][PASSED] - Text ' ' is set on object 'Object Repository/RAD_Pages/AddressAndContactInfo_Page/input_zipCode'

2024-03-08 02:24:33 - [TEST_STEP][PASSED] - setText(findTestObject(orPath_AddressContact + "/input_phoneNumber"), " "): Text ' ' is set on object 'Object Repository/RAD_Pages/AddressAndContactInfo_Page/input_phoneNumber'

2024-03-08 02:24:34 - [MESSAGE][PASSED] - Text ' ' is set on object 'Object Repository/RAD_Pages/AddressAndContactInfo_Page/input_phoneNumber'

2024-03-08 02:24:34 - [TEST_STEP][PASSED] - setText(findTestObject(orPath_AddressContact + "/input_eMailAddress"), " "): Text ' ' is set on object 'Object Repository/RAD_Pages/AddressAndContactInfo_Page/input_eMailAddress'

2024-03-08 02:24:35 - [MESSAGE][PASSED] - Text ' ' is set on object 'Object Repository/RAD_Pages/AddressAndContactInfo_Page/input_eMailAddress'

2024-03-08 02:24:35 - [TEST_STEP][PASSED] - setText(findTestObject(orPath_AddressContact + "/input_reEnterEMailAddress"), " "): Text ' ' is set on object 'Object Repository/RAD_Pages/AddressAndContactInfo_Page/input_reEnterEMailAddress'

2024-03-08 02:24:35 - [MESSAGE][PASSED] - Text ' ' is set on object 'Object Repository/RAD_Pages/AddressAndContactInfo_Page/input_reEnterEMailAddress'

2024-03-08 02:24:35 - [TEST_STEP][PASSED] - scrollToElement(findTestObject(orPath_Landing + "/button_Continue"), 3): Scroll to object 'Object Repository/RAD_Pages/Landing_Page/button_Continue' successfully

2024-03-08 02:24:36 - [MESSAGE][PASSED] - Scroll to object 'Object Repository/RAD_Pages/Landing_Page/button_Continue' successfully

2024-03-08 02:24:36 - [TEST_STEP][PASSED] - waitForElementClickable(findTestObject(orPath_FilingStatus + "/input_JointFiling_userType_New"), 5): Object 'Object Repository/RAD_Pages/FilingStatus_Page/input_JointFiling_userType_New' is clickable

2024-03-08 02:24:36 - [MESSAGE][PASSED] - Object 'Object Repository/RAD_Pages/FilingStatus_Page/input_JointFiling_userType_New' is clickable

2024-03-08 02:24:36 - [TEST_STEP][PASSED] - check(findTestObject(orPath_FilingStatus + "/input_JointFiling_userType_New")): Object 'Object Repository/RAD_Pages/FilingStatus_Page/input_JointFiling_userType_New' is checked

2024-03-08 02:24:37 - [MESSAGE][PASSED] - Object 'Object Repository/RAD_Pages/FilingStatus_Page/input_JointFiling_userType_New' is checked

2024-03-08 02:24:37 - [TEST_STEP][PASSED] - delay(2): Delayed 2 second(s)

2024-03-08 02:24:39 - [MESSAGE][PASSED] - Delayed 2 second(s)

2024-03-08 02:24:39 - [TEST_STEP][PASSED] - setText(findTestObject(orPath_FilingStatus + "/input_jointFirstName"), " "): Text ' ' is set on object 'Object Repository/RAD_Pages/FilingStatus_Page/input_jointFirstName'

2024-03-08 02:24:39 - [MESSAGE][PASSED] - Text ' ' is set on object 'Object Repository/RAD_Pages/FilingStatus_Page/input_jointFirstName'

2024-03-08 02:24:39 - [TEST_STEP][PASSED] - setText(findTestObject(orPath_FilingStatus + "/input_jointLastName"), " "): Text ' ' is set on object 'Object Repository/RAD_Pages/FilingStatus_Page/input_jointLastName'

2024-03-08 02:24:40 - [MESSAGE][PASSED] - Text ' ' is set on object 'Object Repository/RAD_Pages/FilingStatus_Page/input_jointLastName'

2024-03-08 02:24:40 - [TEST_STEP][PASSED] - setText(findTestObject("Object Repository/RAD_RecordAndPlay/input_JointFilerSSN"), " "): Text ' ' is set on object 'Object Repository/RAD_RecordAndPlay/input_JointFilerSSN'

2024-03-08 02:24:40 - [MESSAGE][PASSED] - Text ' ' is set on object 'Object Repository/RAD_RecordAndPlay/input_JointFilerSSN'

2024-03-08 02:24:40 - [TEST_STEP][PASSED] - setText(findTestObject("Object Repository/RAD_RecordAndPlay/input_reTypeJointFilerSSN"), " "): Text ' ' is set on object 'Object Repository/RAD_RecordAndPlay/input_reTypeJointFilerSSN'

2024-03-08 02:24:41 - [MESSAGE][PASSED] - Text ' ' is set on object 'Object Repository/RAD_RecordAndPlay/input_reTypeJointFilerSSN'

2024-03-08 02:24:41 - [TEST_STEP][PASSED] - resText = "Fail": null

2024-03-08 02:24:41 - [TEST_STEP][PASSED] - pages.WriteExcel.demoKey(resText, datText, resColumn, datCloumn, fileLoc, nameSheet, row): pages.WriteExcel.demoKey is PASSED

2024-03-08 02:24:41 - [MESSAGE][PASSED] - pages.WriteExcel.demoKey is PASSED

2024-03-08 02:24:41 - [TEST_STEP][PASSED] - verifyTextPresent("Enter first name", true, CONTINUE_ON_FAILURE): Text 'Enter first name' is present on page  using regular expression

2024-03-08 02:24:42 - [MESSAGE][PASSED] - Text 'Enter first name' is present on page  using regular expression

2024-03-08 02:24:42 - [TEST_STEP][PASSED] - verifyTextPresent("Enter last name", true, CONTINUE_ON_FAILURE): Text 'Enter last name' is present on page  using regular expression

2024-03-08 02:24:42 - [MESSAGE][PASSED] - Text 'Enter last name' is present on page  using regular expression

2024-03-08 02:24:42 - [TEST_STEP][PASSED] - verifyTextPresent("Please enter a valid SSN with 9 digits", true, CONTINUE_ON_FAILURE): Text 'Please enter a valid SSN with 9 digits' is present on page  using regular expression

2024-03-08 02:24:42 - [MESSAGE][PASSED] - Text 'Please enter a valid SSN with 9 digits' is present on page  using regular expression

2024-03-08 02:24:42 - [TEST_STEP][PASSED] - verifyTextPresent("Re-type SSN Validation Error", true, CONTINUE_ON_FAILURE): Text 'Re-type SSN Validation Error' is present on page  using regular expression

2024-03-08 02:24:43 - [MESSAGE][PASSED] - Text 'Re-type SSN Validation Error' is present on page  using regular expression

2024-03-08 02:24:43 - [TEST_STEP][PASSED] - verifyTextPresent("Enter address", true, CONTINUE_ON_FAILURE): Text 'Enter address' is present on page  using regular expression

2024-03-08 02:24:43 - [MESSAGE][PASSED] - Text 'Enter address' is present on page  using regular expression

2024-03-08 02:24:43 - [TEST_STEP][PASSED] - verifyTextPresent("Enter city", true, CONTINUE_ON_FAILURE): Text 'Enter city' is present on page  using regular expression

2024-03-08 02:24:43 - [MESSAGE][PASSED] - Text 'Enter city' is present on page  using regular expression

2024-03-08 02:24:43 - [TEST_STEP][PASSED] - verifyTextPresent("Enter ZIP code", true, CONTINUE_ON_FAILURE): Text 'Enter ZIP code' is present on page  using regular expression

2024-03-08 02:24:44 - [MESSAGE][PASSED] - Text 'Enter ZIP code' is present on page  using regular expression

2024-03-08 02:24:44 - [TEST_STEP][PASSED] - verifyTextPresent("Enter a valid phone number", true, CONTINUE_ON_FAILURE): Text 'Enter a valid phone number' is present on page  using regular expression

2024-03-08 02:24:44 - [MESSAGE][PASSED] - Text 'Enter a valid phone number' is present on page  using regular expression

2024-03-08 02:24:44 - [TEST_STEP][PASSED] - verifyTextPresent("Enter Email", true, CONTINUE_ON_FAILURE): Text 'Enter Email' is present on page  using regular expression

2024-03-08 02:24:44 - [MESSAGE][PASSED] - Text 'Enter Email' is present on page  using regular expression

2024-03-08 02:24:44 - [TEST_STEP][PASSED] - verifyTextPresent("Enter joint payer first name", true, CONTINUE_ON_FAILURE): Text 'Enter joint payer first name' is present on page  using regular expression

2024-03-08 02:24:45 - [MESSAGE][PASSED] - Text 'Enter joint payer first name' is present on page  using regular expression

2024-03-08 02:24:45 - [TEST_STEP][PASSED] - verifyTextPresent("Enter joint payer last name", true, CONTINUE_ON_FAILURE): Text 'Enter joint payer last name' is present on page  using regular expression

2024-03-08 02:24:45 - [MESSAGE][PASSED] - Text 'Enter joint payer last name' is present on page  using regular expression

2024-03-08 02:24:45 - [TEST_STEP][PASSED] - verifyTextPresent("Please enter a valid SSN with 9 digits", true, CONTINUE_ON_FAILURE): Text 'Please enter a valid SSN with 9 digits' is present on page  using regular expression

2024-03-08 02:24:46 - [MESSAGE][PASSED] - Text 'Please enter a valid SSN with 9 digits' is present on page  using regular expression

2024-03-08 02:24:46 - [TEST_STEP][PASSED] - verifyTextPresent("Re-type SSN Validation Error", true, CONTINUE_ON_FAILURE): Text 'Re-type SSN Validation Error' is present on page  using regular expression

2024-03-08 02:24:46 - [MESSAGE][PASSED] - Text 'Re-type SSN Validation Error' is present on page  using regular expression

2024-03-08 02:24:46 - [TEST_STEP][PASSED] - resText = "Pass": null

2024-03-08 02:24:46 - [TEST_STEP][PASSED] - pages.WriteExcel.demoKey(resText, datText, resColumn, datCloumn, fileLoc, nameSheet, row): pages.WriteExcel.demoKey is PASSED

2024-03-08 02:24:46 - [MESSAGE][PASSED] - pages.WriteExcel.demoKey is PASSED

2024-03-08 02:24:46 - [TEST_STEP][PASSED] - ExecuteTC = findTestData(dataFile).getValue("Execute", row): null

2024-03-08 02:24:46 - [TEST_STEP][PASSED] - TaxType = findTestData(dataFile).getValue("TaxType", row): null

2024-03-08 02:24:46 - [TEST_STEP][PASSED] - PaymentType = findTestData(dataFile).getValue("PaymentType", row): null

2024-03-08 02:24:46 - [TEST_STEP][PASSED] - FilingYear = findTestData(dataFile).getValue("Year", row): null

2024-03-08 02:24:46 - [TEST_STEP][PASSED] - if (ExecuteTC.equalsIgnoreCase("Y")): pages.WriteExcel.demoKey is PASSED

2024-03-08 02:24:46 - [TEST_STEP][PASSED] - out.println("Begin Record Number: " + row): null

2024-03-08 02:24:46 - [TEST_STEP][PASSED] - today = new java.util.Date(): null

2024-03-08 02:24:46 - [TEST_STEP][PASSED] - println(today): null

2024-03-08 02:24:46 - [TEST_STEP][PASSED] - datText = today: null

2024-03-08 02:24:46 - [TEST_STEP][PASSED] - logInfo("Payment Type: " + PaymentType): Payment Type: New Tax Return Amount Due

2024-03-08 02:24:46 - [MESSAGE][INFO] - Payment Type: New Tax Return Amount Due

2024-03-08 02:24:46 - [TEST_STEP][PASSED] - logInfo("Tax Type: " + TaxType): Tax Type: Personal Income Tax

2024-03-08 02:24:46 - [MESSAGE][INFO] - Tax Type: Personal Income Tax

2024-03-08 02:24:46 - [TEST_STEP][PASSED] - openBrowser(""): Browser is opened with url: ''

2024-03-08 02:24:46 - [MESSAGE][WARNING] - A browser is already opened. Closing browser and opening a new one

2024-03-08 02:25:07 - [MESSAGE][INFO] - Starting 'Chrome' driver

2024-03-08 02:25:07 - [MESSAGE][INFO] - User set preference: ['acceptInsecureCerts', 'true']

2024-03-08 02:25:07 - [MESSAGE][INFO] - Action delay is set to 0 milliseconds

2024-03-08 02:25:08 - [MESSAGE][PASSED] - Browser is opened with url: ''

2024-03-08 02:25:08 - [TEST_STEP][PASSED] - maximizeWindow(): Current window maximized

2024-03-08 02:25:08 - [MESSAGE][PASSED] - Current window maximized

2024-03-08 02:25:08 - [TEST_STEP][PASSED] - navigateToUrl(RADurl): Navigate to 'https://qa2.velocitypayment.com/client/rad/index.html' successfully

2024-03-08 02:25:16 - [MESSAGE][PASSED] - Navigate to 'https://qa2.velocitypayment.com/client/rad/index.html' successfully

2024-03-08 02:25:16 - [TEST_STEP][PASSED] - selectOptionByLabel(findTestObject(orPath_Landing + "/dd_TaxType"), PaymentType, false): All options with label 'New Tax Return Amount Due' are selected in object 'Object Repository/RAD_Pages/Landing_Page/dd_TaxType' 

2024-03-08 02:25:17 - [MESSAGE][PASSED] - All options with label 'New Tax Return Amount Due' are selected in object 'Object Repository/RAD_Pages/Landing_Page/dd_TaxType' 

2024-03-08 02:25:17 - [TEST_STEP][PASSED] - switch (PaymentType): null

2024-03-08 02:25:17 - [TEST_STEP][PASSED] - case "New Tax Return Amount Due":: null

2024-03-08 02:25:17 - [TEST_STEP][PASSED] - selectOptionByLabel(findTestObject("Object Repository/RAD_Pages/Landing_Page/select_NewTaxReturnAmountDue_TaxType"), TaxType, false): All options with label 'Personal Income Tax' are selected in object 'Object Repository/RAD_Pages/Landing_Page/select_NewTaxReturnAmountDue_TaxType' 

2024-03-08 02:25:18 - [MESSAGE][PASSED] - All options with label 'Personal Income Tax' are selected in object 'Object Repository/RAD_Pages/Landing_Page/select_NewTaxReturnAmountDue_TaxType' 

2024-03-08 02:25:18 - [TEST_STEP][PASSED] - break: null

2024-03-08 02:25:18 - [TEST_STEP][PASSED] - if (!(FilingYear.isEmpty())): All options with label '2022' are selected in object 'Object Repository/RAD_Pages/TaxTypeFilingYear_Page/select_FilingYear' 

2024-03-08 02:25:18 - [TEST_STEP][PASSED] - selectOptionByLabel(findTestObject(orPath_TaxTypeFilingYear + "/select_FilingYear"), FilingYear, false): All options with label '2022' are selected in object 'Object Repository/RAD_Pages/TaxTypeFilingYear_Page/select_FilingYear' 

2024-03-08 02:25:19 - [MESSAGE][PASSED] - All options with label '2022' are selected in object 'Object Repository/RAD_Pages/TaxTypeFilingYear_Page/select_FilingYear' 

2024-03-08 02:25:19 - [TEST_STEP][PASSED] - setText(findTestObject(orPath_TaxPayer + "/input_firstName"), " "): Text ' ' is set on object 'Object Repository/RAD_Pages/Taxpayer_Page/input_firstName'

2024-03-08 02:25:19 - [MESSAGE][PASSED] - Text ' ' is set on object 'Object Repository/RAD_Pages/Taxpayer_Page/input_firstName'

2024-03-08 02:25:19 - [TEST_STEP][PASSED] - setText(findTestObject(orPath_TaxPayer + "/input_lastName"), " "): Text ' ' is set on object 'Object Repository/RAD_Pages/Taxpayer_Page/input_lastName'

2024-03-08 02:25:20 - [MESSAGE][PASSED] - Text ' ' is set on object 'Object Repository/RAD_Pages/Taxpayer_Page/input_lastName'

2024-03-08 02:25:20 - [TEST_STEP][PASSED] - setText(findTestObject("RAD_RecordAndPlay/input_concatSSN"), " "): Text ' ' is set on object 'Object Repository/RAD_RecordAndPlay/input_concatSSN'

2024-03-08 02:25:21 - [MESSAGE][PASSED] - Text ' ' is set on object 'Object Repository/RAD_RecordAndPlay/input_concatSSN'

2024-03-08 02:25:21 - [TEST_STEP][PASSED] - setText(findTestObject("RAD_RecordAndPlay/input_concatReSSN"), " "): Text ' ' is set on object 'Object Repository/RAD_RecordAndPlay/input_concatReSSN'

2024-03-08 02:25:21 - [MESSAGE][PASSED] - Text ' ' is set on object 'Object Repository/RAD_RecordAndPlay/input_concatReSSN'

2024-03-08 02:25:21 - [TEST_STEP][PASSED] - setText(findTestObject(orPath_AddressContact + "/input_streetAddress1"), " "): Text ' ' is set on object 'Object Repository/RAD_Pages/AddressAndContactInfo_Page/input_streetAddress1'

2024-03-08 02:25:22 - [MESSAGE][PASSED] - Text ' ' is set on object 'Object Repository/RAD_Pages/AddressAndContactInfo_Page/input_streetAddress1'

2024-03-08 02:25:22 - [TEST_STEP][PASSED] - setText(findTestObject(orPath_AddressContact + "/input_city"), " "): Text ' ' is set on object 'Object Repository/RAD_Pages/AddressAndContactInfo_Page/input_city'

2024-03-08 02:25:23 - [MESSAGE][PASSED] - Text ' ' is set on object 'Object Repository/RAD_Pages/AddressAndContactInfo_Page/input_city'

2024-03-08 02:25:23 - [TEST_STEP][PASSED] - setText(findTestObject(orPath_AddressContact + "/input_zipCode"), " "): Text ' ' is set on object 'Object Repository/RAD_Pages/AddressAndContactInfo_Page/input_zipCode'

2024-03-08 02:25:23 - [MESSAGE][PASSED] - Text ' ' is set on object 'Object Repository/RAD_Pages/AddressAndContactInfo_Page/input_zipCode'

2024-03-08 02:25:23 - [TEST_STEP][PASSED] - setText(findTestObject(orPath_AddressContact + "/input_phoneNumber"), " "): Text ' ' is set on object 'Object Repository/RAD_Pages/AddressAndContactInfo_Page/input_phoneNumber'

2024-03-08 02:25:24 - [MESSAGE][PASSED] - Text ' ' is set on object 'Object Repository/RAD_Pages/AddressAndContactInfo_Page/input_phoneNumber'

2024-03-08 02:25:24 - [TEST_STEP][PASSED] - setText(findTestObject(orPath_AddressContact + "/input_eMailAddress"), " "): Text ' ' is set on object 'Object Repository/RAD_Pages/AddressAndContactInfo_Page/input_eMailAddress'

2024-03-08 02:25:25 - [MESSAGE][PASSED] - Text ' ' is set on object 'Object Repository/RAD_Pages/AddressAndContactInfo_Page/input_eMailAddress'

2024-03-08 02:25:25 - [TEST_STEP][PASSED] - setText(findTestObject(orPath_AddressContact + "/input_reEnterEMailAddress"), " "): Text ' ' is set on object 'Object Repository/RAD_Pages/AddressAndContactInfo_Page/input_reEnterEMailAddress'

2024-03-08 02:25:26 - [MESSAGE][PASSED] - Text ' ' is set on object 'Object Repository/RAD_Pages/AddressAndContactInfo_Page/input_reEnterEMailAddress'

2024-03-08 02:25:26 - [TEST_STEP][PASSED] - scrollToElement(findTestObject(orPath_Landing + "/button_Continue"), 3): Scroll to object 'Object Repository/RAD_Pages/Landing_Page/button_Continue' successfully

2024-03-08 02:25:26 - [MESSAGE][PASSED] - Scroll to object 'Object Repository/RAD_Pages/Landing_Page/button_Continue' successfully

2024-03-08 02:25:26 - [TEST_STEP][PASSED] - waitForElementClickable(findTestObject(orPath_FilingStatus + "/input_JointFiling_userType_New"), 5): Object 'Object Repository/RAD_Pages/FilingStatus_Page/input_JointFiling_userType_New' is clickable

2024-03-08 02:25:26 - [MESSAGE][PASSED] - Object 'Object Repository/RAD_Pages/FilingStatus_Page/input_JointFiling_userType_New' is clickable

2024-03-08 02:25:26 - [TEST_STEP][PASSED] - check(findTestObject(orPath_FilingStatus + "/input_JointFiling_userType_New")): Object 'Object Repository/RAD_Pages/FilingStatus_Page/input_JointFiling_userType_New' is checked

2024-03-08 02:25:27 - [MESSAGE][PASSED] - Object 'Object Repository/RAD_Pages/FilingStatus_Page/input_JointFiling_userType_New' is checked

2024-03-08 02:25:27 - [TEST_STEP][PASSED] - delay(2): Delayed 2 second(s)

2024-03-08 02:25:29 - [MESSAGE][PASSED] - Delayed 2 second(s)

2024-03-08 02:25:29 - [TEST_STEP][PASSED] - setText(findTestObject(orPath_FilingStatus + "/input_jointFirstName"), " "): Text ' ' is set on object 'Object Repository/RAD_Pages/FilingStatus_Page/input_jointFirstName'

2024-03-08 02:25:29 - [MESSAGE][PASSED] - Text ' ' is set on object 'Object Repository/RAD_Pages/FilingStatus_Page/input_jointFirstName'

2024-03-08 02:25:29 - [TEST_STEP][PASSED] - setText(findTestObject(orPath_FilingStatus + "/input_jointLastName"), " "): Text ' ' is set on object 'Object Repository/RAD_Pages/FilingStatus_Page/input_jointLastName'

2024-03-08 02:25:30 - [MESSAGE][PASSED] - Text ' ' is set on object 'Object Repository/RAD_Pages/FilingStatus_Page/input_jointLastName'

2024-03-08 02:25:30 - [TEST_STEP][PASSED] - setText(findTestObject("Object Repository/RAD_RecordAndPlay/input_JointFilerSSN"), " "): Text ' ' is set on object 'Object Repository/RAD_RecordAndPlay/input_JointFilerSSN'

2024-03-08 02:25:31 - [MESSAGE][PASSED] - Text ' ' is set on object 'Object Repository/RAD_RecordAndPlay/input_JointFilerSSN'

2024-03-08 02:25:31 - [TEST_STEP][PASSED] - setText(findTestObject("Object Repository/RAD_RecordAndPlay/input_reTypeJointFilerSSN"), " "): Text ' ' is set on object 'Object Repository/RAD_RecordAndPlay/input_reTypeJointFilerSSN'

2024-03-08 02:25:31 - [MESSAGE][PASSED] - Text ' ' is set on object 'Object Repository/RAD_RecordAndPlay/input_reTypeJointFilerSSN'

2024-03-08 02:25:31 - [TEST_STEP][PASSED] - resText = "Fail": null

2024-03-08 02:25:31 - [TEST_STEP][PASSED] - pages.WriteExcel.demoKey(resText, datText, resColumn, datCloumn, fileLoc, nameSheet, row): pages.WriteExcel.demoKey is PASSED

2024-03-08 02:25:31 - [MESSAGE][PASSED] - pages.WriteExcel.demoKey is PASSED

2024-03-08 02:25:31 - [TEST_STEP][PASSED] - verifyTextPresent("Enter first name", true, CONTINUE_ON_FAILURE): Text 'Enter first name' is present on page  using regular expression

2024-03-08 02:25:32 - [MESSAGE][PASSED] - Text 'Enter first name' is present on page  using regular expression

2024-03-08 02:25:32 - [TEST_STEP][PASSED] - verifyTextPresent("Enter last name", true, CONTINUE_ON_FAILURE): Text 'Enter last name' is present on page  using regular expression

2024-03-08 02:25:32 - [MESSAGE][PASSED] - Text 'Enter last name' is present on page  using regular expression

2024-03-08 02:25:32 - [TEST_STEP][PASSED] - verifyTextPresent("Please enter a valid SSN with 9 digits", true, CONTINUE_ON_FAILURE): Text 'Please enter a valid SSN with 9 digits' is present on page  using regular expression

2024-03-08 02:25:32 - [MESSAGE][PASSED] - Text 'Please enter a valid SSN with 9 digits' is present on page  using regular expression

2024-03-08 02:25:32 - [TEST_STEP][PASSED] - verifyTextPresent("Re-type SSN Validation Error", true, CONTINUE_ON_FAILURE): Text 'Re-type SSN Validation Error' is present on page  using regular expression

2024-03-08 02:25:33 - [MESSAGE][PASSED] - Text 'Re-type SSN Validation Error' is present on page  using regular expression

2024-03-08 02:25:33 - [TEST_STEP][PASSED] - verifyTextPresent("Enter address", true, CONTINUE_ON_FAILURE): Text 'Enter address' is present on page  using regular expression

2024-03-08 02:25:33 - [MESSAGE][PASSED] - Text 'Enter address' is present on page  using regular expression

2024-03-08 02:25:33 - [TEST_STEP][PASSED] - verifyTextPresent("Enter city", true, CONTINUE_ON_FAILURE): Text 'Enter city' is present on page  using regular expression

2024-03-08 02:25:34 - [MESSAGE][PASSED] - Text 'Enter city' is present on page  using regular expression

2024-03-08 02:25:34 - [TEST_STEP][PASSED] - verifyTextPresent("Enter ZIP code", true, CONTINUE_ON_FAILURE): Text 'Enter ZIP code' is present on page  using regular expression

2024-03-08 02:25:34 - [MESSAGE][PASSED] - Text 'Enter ZIP code' is present on page  using regular expression

2024-03-08 02:25:34 - [TEST_STEP][PASSED] - verifyTextPresent("Enter a valid phone number", true, CONTINUE_ON_FAILURE): Text 'Enter a valid phone number' is present on page  using regular expression

2024-03-08 02:25:34 - [MESSAGE][PASSED] - Text 'Enter a valid phone number' is present on page  using regular expression

2024-03-08 02:25:34 - [TEST_STEP][PASSED] - verifyTextPresent("Enter Email", true, CONTINUE_ON_FAILURE): Text 'Enter Email' is present on page  using regular expression

2024-03-08 02:25:35 - [MESSAGE][PASSED] - Text 'Enter Email' is present on page  using regular expression

2024-03-08 02:25:35 - [TEST_STEP][PASSED] - verifyTextPresent("Enter joint payer first name", true, CONTINUE_ON_FAILURE): Text 'Enter joint payer first name' is present on page  using regular expression

2024-03-08 02:25:35 - [MESSAGE][PASSED] - Text 'Enter joint payer first name' is present on page  using regular expression

2024-03-08 02:25:35 - [TEST_STEP][PASSED] - verifyTextPresent("Enter joint payer last name", true, CONTINUE_ON_FAILURE): Text 'Enter joint payer last name' is present on page  using regular expression

2024-03-08 02:25:35 - [MESSAGE][PASSED] - Text 'Enter joint payer last name' is present on page  using regular expression

2024-03-08 02:25:35 - [TEST_STEP][PASSED] - verifyTextPresent("Please enter a valid SSN with 9 digits", true, CONTINUE_ON_FAILURE): Text 'Please enter a valid SSN with 9 digits' is present on page  using regular expression

2024-03-08 02:25:36 - [MESSAGE][PASSED] - Text 'Please enter a valid SSN with 9 digits' is present on page  using regular expression

2024-03-08 02:25:36 - [TEST_STEP][PASSED] - verifyTextPresent("Re-type SSN Validation Error", true, CONTINUE_ON_FAILURE): Text 'Re-type SSN Validation Error' is present on page  using regular expression

2024-03-08 02:25:36 - [MESSAGE][PASSED] - Text 'Re-type SSN Validation Error' is present on page  using regular expression

2024-03-08 02:25:36 - [TEST_STEP][PASSED] - resText = "Pass": null

2024-03-08 02:25:36 - [TEST_STEP][PASSED] - pages.WriteExcel.demoKey(resText, datText, resColumn, datCloumn, fileLoc, nameSheet, row): pages.WriteExcel.demoKey is PASSED

2024-03-08 02:25:36 - [MESSAGE][PASSED] - pages.WriteExcel.demoKey is PASSED

2024-03-08 02:25:36 - [TEST_STEP][PASSED] - ExecuteTC = findTestData(dataFile).getValue("Execute", row): null

2024-03-08 02:25:36 - [TEST_STEP][PASSED] - TaxType = findTestData(dataFile).getValue("TaxType", row): null

2024-03-08 02:25:36 - [TEST_STEP][PASSED] - PaymentType = findTestData(dataFile).getValue("PaymentType", row): null

2024-03-08 02:25:36 - [TEST_STEP][PASSED] - FilingYear = findTestData(dataFile).getValue("Year", row): null

2024-03-08 02:25:36 - [TEST_STEP][PASSED] - if (ExecuteTC.equalsIgnoreCase("Y")): pages.WriteExcel.demoKey is PASSED

2024-03-08 02:25:36 - [TEST_STEP][PASSED] - out.println("Begin Record Number: " + row): null

2024-03-08 02:25:36 - [TEST_STEP][PASSED] - today = new java.util.Date(): null

2024-03-08 02:25:36 - [TEST_STEP][PASSED] - println(today): null

2024-03-08 02:25:36 - [TEST_STEP][PASSED] - datText = today: null

2024-03-08 02:25:36 - [TEST_STEP][PASSED] - logInfo("Payment Type: " + PaymentType): Payment Type: New Tax Return Amount Due

2024-03-08 02:25:36 - [MESSAGE][INFO] - Payment Type: New Tax Return Amount Due

2024-03-08 02:25:36 - [TEST_STEP][PASSED] - logInfo("Tax Type: " + TaxType): Tax Type: Personal Income Tax

2024-03-08 02:25:36 - [MESSAGE][INFO] - Tax Type: Personal Income Tax

2024-03-08 02:25:36 - [TEST_STEP][PASSED] - openBrowser(""): Browser is opened with url: ''

2024-03-08 02:25:36 - [MESSAGE][WARNING] - A browser is already opened. Closing browser and opening a new one

2024-03-08 02:25:59 - [MESSAGE][INFO] - Starting 'Chrome' driver

2024-03-08 02:25:59 - [MESSAGE][INFO] - User set preference: ['acceptInsecureCerts', 'true']

2024-03-08 02:25:59 - [MESSAGE][INFO] - Action delay is set to 0 milliseconds

2024-03-08 02:26:00 - [MESSAGE][PASSED] - Browser is opened with url: ''

2024-03-08 02:26:00 - [TEST_STEP][PASSED] - maximizeWindow(): Current window maximized

2024-03-08 02:26:01 - [MESSAGE][PASSED] - Current window maximized

2024-03-08 02:26:01 - [TEST_STEP][PASSED] - navigateToUrl(RADurl): Navigate to 'https://qa2.velocitypayment.com/client/rad/index.html' successfully

2024-03-08 02:26:14 - [MESSAGE][PASSED] - Navigate to 'https://qa2.velocitypayment.com/client/rad/index.html' successfully

2024-03-08 02:26:14 - [TEST_STEP][PASSED] - selectOptionByLabel(findTestObject(orPath_Landing + "/dd_TaxType"), PaymentType, false): All options with label 'New Tax Return Amount Due' are selected in object 'Object Repository/RAD_Pages/Landing_Page/dd_TaxType' 

2024-03-08 02:26:14 - [MESSAGE][PASSED] - All options with label 'New Tax Return Amount Due' are selected in object 'Object Repository/RAD_Pages/Landing_Page/dd_TaxType' 

2024-03-08 02:26:14 - [TEST_STEP][PASSED] - switch (PaymentType): null

2024-03-08 02:26:14 - [TEST_STEP][PASSED] - case "New Tax Return Amount Due":: null

2024-03-08 02:26:14 - [TEST_STEP][PASSED] - selectOptionByLabel(findTestObject("Object Repository/RAD_Pages/Landing_Page/select_NewTaxReturnAmountDue_TaxType"), TaxType, false): All options with label 'Personal Income Tax' are selected in object 'Object Repository/RAD_Pages/Landing_Page/select_NewTaxReturnAmountDue_TaxType' 

2024-03-08 02:26:15 - [MESSAGE][PASSED] - All options with label 'Personal Income Tax' are selected in object 'Object Repository/RAD_Pages/Landing_Page/select_NewTaxReturnAmountDue_TaxType' 

2024-03-08 02:26:15 - [TEST_STEP][PASSED] - break: null

2024-03-08 02:26:15 - [TEST_STEP][PASSED] - if (!(FilingYear.isEmpty())): All options with label '2021' are selected in object 'Object Repository/RAD_Pages/TaxTypeFilingYear_Page/select_FilingYear' 

2024-03-08 02:26:15 - [TEST_STEP][PASSED] - selectOptionByLabel(findTestObject(orPath_TaxTypeFilingYear + "/select_FilingYear"), FilingYear, false): All options with label '2021' are selected in object 'Object Repository/RAD_Pages/TaxTypeFilingYear_Page/select_FilingYear' 

2024-03-08 02:26:16 - [MESSAGE][PASSED] - All options with label '2021' are selected in object 'Object Repository/RAD_Pages/TaxTypeFilingYear_Page/select_FilingYear' 

2024-03-08 02:26:16 - [TEST_STEP][PASSED] - setText(findTestObject(orPath_TaxPayer + "/input_firstName"), " "): Text ' ' is set on object 'Object Repository/RAD_Pages/Taxpayer_Page/input_firstName'

2024-03-08 02:26:17 - [MESSAGE][PASSED] - Text ' ' is set on object 'Object Repository/RAD_Pages/Taxpayer_Page/input_firstName'

2024-03-08 02:26:17 - [TEST_STEP][PASSED] - setText(findTestObject(orPath_TaxPayer + "/input_lastName"), " "): Text ' ' is set on object 'Object Repository/RAD_Pages/Taxpayer_Page/input_lastName'

2024-03-08 02:26:17 - [MESSAGE][PASSED] - Text ' ' is set on object 'Object Repository/RAD_Pages/Taxpayer_Page/input_lastName'

2024-03-08 02:26:17 - [TEST_STEP][PASSED] - setText(findTestObject("RAD_RecordAndPlay/input_concatSSN"), " "): Text ' ' is set on object 'Object Repository/RAD_RecordAndPlay/input_concatSSN'

2024-03-08 02:26:18 - [MESSAGE][PASSED] - Text ' ' is set on object 'Object Repository/RAD_RecordAndPlay/input_concatSSN'

2024-03-08 02:26:18 - [TEST_STEP][PASSED] - setText(findTestObject("RAD_RecordAndPlay/input_concatReSSN"), " "): Text ' ' is set on object 'Object Repository/RAD_RecordAndPlay/input_concatReSSN'

2024-03-08 02:26:18 - [MESSAGE][PASSED] - Text ' ' is set on object 'Object Repository/RAD_RecordAndPlay/input_concatReSSN'

2024-03-08 02:26:18 - [TEST_STEP][PASSED] - setText(findTestObject(orPath_AddressContact + "/input_streetAddress1"), " "): Text ' ' is set on object 'Object Repository/RAD_Pages/AddressAndContactInfo_Page/input_streetAddress1'

2024-03-08 02:26:19 - [MESSAGE][PASSED] - Text ' ' is set on object 'Object Repository/RAD_Pages/AddressAndContactInfo_Page/input_streetAddress1'

2024-03-08 02:26:19 - [TEST_STEP][PASSED] - setText(findTestObject(orPath_AddressContact + "/input_city"), " "): Text ' ' is set on object 'Object Repository/RAD_Pages/AddressAndContactInfo_Page/input_city'

2024-03-08 02:26:20 - [MESSAGE][PASSED] - Text ' ' is set on object 'Object Repository/RAD_Pages/AddressAndContactInfo_Page/input_city'

2024-03-08 02:26:20 - [TEST_STEP][PASSED] - setText(findTestObject(orPath_AddressContact + "/input_zipCode"), " "): Text ' ' is set on object 'Object Repository/RAD_Pages/AddressAndContactInfo_Page/input_zipCode'

2024-03-08 02:26:21 - [MESSAGE][PASSED] - Text ' ' is set on object 'Object Repository/RAD_Pages/AddressAndContactInfo_Page/input_zipCode'

2024-03-08 02:26:21 - [TEST_STEP][PASSED] - setText(findTestObject(orPath_AddressContact + "/input_phoneNumber"), " "): Text ' ' is set on object 'Object Repository/RAD_Pages/AddressAndContactInfo_Page/input_phoneNumber'

2024-03-08 02:26:21 - [MESSAGE][PASSED] - Text ' ' is set on object 'Object Repository/RAD_Pages/AddressAndContactInfo_Page/input_phoneNumber'

2024-03-08 02:26:21 - [TEST_STEP][PASSED] - setText(findTestObject(orPath_AddressContact + "/input_eMailAddress"), " "): Text ' ' is set on object 'Object Repository/RAD_Pages/AddressAndContactInfo_Page/input_eMailAddress'

2024-03-08 02:26:22 - [MESSAGE][PASSED] - Text ' ' is set on object 'Object Repository/RAD_Pages/AddressAndContactInfo_Page/input_eMailAddress'

2024-03-08 02:26:22 - [TEST_STEP][PASSED] - setText(findTestObject(orPath_AddressContact + "/input_reEnterEMailAddress"), " "): Text ' ' is set on object 'Object Repository/RAD_Pages/AddressAndContactInfo_Page/input_reEnterEMailAddress'

2024-03-08 02:26:23 - [MESSAGE][PASSED] - Text ' ' is set on object 'Object Repository/RAD_Pages/AddressAndContactInfo_Page/input_reEnterEMailAddress'

2024-03-08 02:26:23 - [TEST_STEP][PASSED] - scrollToElement(findTestObject(orPath_Landing + "/button_Continue"), 3): Scroll to object 'Object Repository/RAD_Pages/Landing_Page/button_Continue' successfully

2024-03-08 02:26:23 - [MESSAGE][PASSED] - Scroll to object 'Object Repository/RAD_Pages/Landing_Page/button_Continue' successfully

2024-03-08 02:26:23 - [TEST_STEP][PASSED] - waitForElementClickable(findTestObject(orPath_FilingStatus + "/input_JointFiling_userType_New"), 5): Object 'Object Repository/RAD_Pages/FilingStatus_Page/input_JointFiling_userType_New' is clickable

2024-03-08 02:26:24 - [MESSAGE][PASSED] - Object 'Object Repository/RAD_Pages/FilingStatus_Page/input_JointFiling_userType_New' is clickable

2024-03-08 02:26:24 - [TEST_STEP][PASSED] - check(findTestObject(orPath_FilingStatus + "/input_JointFiling_userType_New")): Object 'Object Repository/RAD_Pages/FilingStatus_Page/input_JointFiling_userType_New' is checked

2024-03-08 02:26:24 - [MESSAGE][PASSED] - Object 'Object Repository/RAD_Pages/FilingStatus_Page/input_JointFiling_userType_New' is checked

2024-03-08 02:26:24 - [TEST_STEP][PASSED] - delay(2): Delayed 2 second(s)

2024-03-08 02:26:26 - [MESSAGE][PASSED] - Delayed 2 second(s)

2024-03-08 02:26:26 - [TEST_STEP][PASSED] - setText(findTestObject(orPath_FilingStatus + "/input_jointFirstName"), " "): Text ' ' is set on object 'Object Repository/RAD_Pages/FilingStatus_Page/input_jointFirstName'

2024-03-08 02:26:27 - [MESSAGE][PASSED] - Text ' ' is set on object 'Object Repository/RAD_Pages/FilingStatus_Page/input_jointFirstName'

2024-03-08 02:26:27 - [TEST_STEP][PASSED] - setText(findTestObject(orPath_FilingStatus + "/input_jointLastName"), " "): Text ' ' is set on object 'Object Repository/RAD_Pages/FilingStatus_Page/input_jointLastName'

2024-03-08 02:26:27 - [MESSAGE][PASSED] - Text ' ' is set on object 'Object Repository/RAD_Pages/FilingStatus_Page/input_jointLastName'

2024-03-08 02:26:27 - [TEST_STEP][PASSED] - setText(findTestObject("Object Repository/RAD_RecordAndPlay/input_JointFilerSSN"), " "): Text ' ' is set on object 'Object Repository/RAD_RecordAndPlay/input_JointFilerSSN'

2024-03-08 02:26:28 - [MESSAGE][PASSED] - Text ' ' is set on object 'Object Repository/RAD_RecordAndPlay/input_JointFilerSSN'

2024-03-08 02:26:28 - [TEST_STEP][PASSED] - setText(findTestObject("Object Repository/RAD_RecordAndPlay/input_reTypeJointFilerSSN"), " "): Text ' ' is set on object 'Object Repository/RAD_RecordAndPlay/input_reTypeJointFilerSSN'

2024-03-08 02:26:29 - [MESSAGE][PASSED] - Text ' ' is set on object 'Object Repository/RAD_RecordAndPlay/input_reTypeJointFilerSSN'

2024-03-08 02:26:29 - [TEST_STEP][PASSED] - resText = "Fail": null

2024-03-08 02:26:29 - [TEST_STEP][PASSED] - pages.WriteExcel.demoKey(resText, datText, resColumn, datCloumn, fileLoc, nameSheet, row): pages.WriteExcel.demoKey is PASSED

2024-03-08 02:26:29 - [MESSAGE][PASSED] - pages.WriteExcel.demoKey is PASSED

2024-03-08 02:26:29 - [TEST_STEP][PASSED] - verifyTextPresent("Enter first name", true, CONTINUE_ON_FAILURE): Text 'Enter first name' is present on page  using regular expression

2024-03-08 02:26:29 - [MESSAGE][PASSED] - Text 'Enter first name' is present on page  using regular expression

2024-03-08 02:26:29 - [TEST_STEP][PASSED] - verifyTextPresent("Enter last name", true, CONTINUE_ON_FAILURE): Text 'Enter last name' is present on page  using regular expression

2024-03-08 02:26:30 - [MESSAGE][PASSED] - Text 'Enter last name' is present on page  using regular expression

2024-03-08 02:26:30 - [TEST_STEP][PASSED] - verifyTextPresent("Please enter a valid SSN with 9 digits", true, CONTINUE_ON_FAILURE): Text 'Please enter a valid SSN with 9 digits' is present on page  using regular expression

2024-03-08 02:26:30 - [MESSAGE][PASSED] - Text 'Please enter a valid SSN with 9 digits' is present on page  using regular expression

2024-03-08 02:26:30 - [TEST_STEP][PASSED] - verifyTextPresent("Re-type SSN Validation Error", true, CONTINUE_ON_FAILURE): Text 'Re-type SSN Validation Error' is present on page  using regular expression

2024-03-08 02:26:30 - [MESSAGE][PASSED] - Text 'Re-type SSN Validation Error' is present on page  using regular expression

2024-03-08 02:26:30 - [TEST_STEP][PASSED] - verifyTextPresent("Enter address", true, CONTINUE_ON_FAILURE): Text 'Enter address' is present on page  using regular expression

2024-03-08 02:26:31 - [MESSAGE][PASSED] - Text 'Enter address' is present on page  using regular expression

2024-03-08 02:26:31 - [TEST_STEP][PASSED] - verifyTextPresent("Enter city", true, CONTINUE_ON_FAILURE): Text 'Enter city' is present on page  using regular expression

2024-03-08 02:26:31 - [MESSAGE][PASSED] - Text 'Enter city' is present on page  using regular expression

2024-03-08 02:26:31 - [TEST_STEP][PASSED] - verifyTextPresent("Enter ZIP code", true, CONTINUE_ON_FAILURE): Text 'Enter ZIP code' is present on page  using regular expression

2024-03-08 02:26:31 - [MESSAGE][PASSED] - Text 'Enter ZIP code' is present on page  using regular expression

2024-03-08 02:26:31 - [TEST_STEP][PASSED] - verifyTextPresent("Enter a valid phone number", true, CONTINUE_ON_FAILURE): Text 'Enter a valid phone number' is present on page  using regular expression

2024-03-08 02:26:32 - [MESSAGE][PASSED] - Text 'Enter a valid phone number' is present on page  using regular expression

2024-03-08 02:26:32 - [TEST_STEP][PASSED] - verifyTextPresent("Enter Email", true, CONTINUE_ON_FAILURE): Text 'Enter Email' is present on page  using regular expression

2024-03-08 02:26:32 - [MESSAGE][PASSED] - Text 'Enter Email' is present on page  using regular expression

2024-03-08 02:26:32 - [TEST_STEP][PASSED] - verifyTextPresent("Enter joint payer first name", true, CONTINUE_ON_FAILURE): Text 'Enter joint payer first name' is present on page  using regular expression

2024-03-08 02:26:32 - [MESSAGE][PASSED] - Text 'Enter joint payer first name' is present on page  using regular expression

2024-03-08 02:26:32 - [TEST_STEP][PASSED] - verifyTextPresent("Enter joint payer last name", true, CONTINUE_ON_FAILURE): Text 'Enter joint payer last name' is present on page  using regular expression

2024-03-08 02:26:33 - [MESSAGE][PASSED] - Text 'Enter joint payer last name' is present on page  using regular expression

2024-03-08 02:26:33 - [TEST_STEP][PASSED] - verifyTextPresent("Please enter a valid SSN with 9 digits", true, CONTINUE_ON_FAILURE): Text 'Please enter a valid SSN with 9 digits' is present on page  using regular expression

2024-03-08 02:26:33 - [MESSAGE][PASSED] - Text 'Please enter a valid SSN with 9 digits' is present on page  using regular expression

2024-03-08 02:26:33 - [TEST_STEP][PASSED] - verifyTextPresent("Re-type SSN Validation Error", true, CONTINUE_ON_FAILURE): Text 'Re-type SSN Validation Error' is present on page  using regular expression

2024-03-08 02:26:33 - [MESSAGE][PASSED] - Text 'Re-type SSN Validation Error' is present on page  using regular expression

2024-03-08 02:26:33 - [TEST_STEP][PASSED] - resText = "Pass": null

2024-03-08 02:26:33 - [TEST_STEP][PASSED] - pages.WriteExcel.demoKey(resText, datText, resColumn, datCloumn, fileLoc, nameSheet, row): pages.WriteExcel.demoKey is PASSED

2024-03-08 02:26:34 - [MESSAGE][PASSED] - pages.WriteExcel.demoKey is PASSED]]></system-out>
         <system-err><![CDATA[]]></system-err>
      </testcase>
      <system-out><![CDATA[2024-03-07 23:16:18 - [TEST_SUITE][FAILED] - RAD_UI_TestSuite: Test Cases/RAD_TestCases/MRF_TestCases/Personal_Individual_MRF_TC FAILED.
Reason:
com.kms.katalon.core.exception.StepFailedException: Unable to select option by label '2024' of object 'Object Repository/RAD_Pages/TaxTypeFilingYear_Page/select_FilingYear'  (Root cause: com.kms.katalon.core.exception.StepFailedException: Unable to select option by label '2024' of object 'Object Repository/RAD_Pages/TaxTypeFilingYear_Page/select_FilingYear' 
	at com.kms.katalon.core.webui.keyword.internal.WebUIKeywordMain.stepFailed(WebUIKeywordMain.groovy:64)
	at com.kms.katalon.core.webui.keyword.internal.WebUIKeywordMain.runKeyword(WebUIKeywordMain.groovy:26)
	at com.kms.katalon.core.webui.keyword.builtin.SelectOptionByLabelKeyword.selectOptionByLabel(SelectOptionByLabelKeyword.groovy:98)
	at com.kms.katalon.core.webui.keyword.builtin.SelectOptionByLabelKeyword.execute(SelectOptionByLabelKeyword.groovy:71)
	at com.kms.katalon.core.keyword.internal.KeywordExecutor.executeKeywordForPlatform(KeywordExecutor.groovy:74)
	at com.kms.katalon.core.webui.keyword.WebUiBuiltInKeywords.selectOptionByLabel(WebUiBuiltInKeywords.groovy:1230)
	at com.kms.katalon.core.webui.keyword.WebUiBuiltInKeywords$selectOptionByLabel$2.call(Unknown Source)
	at Personal_Individual_MRF_TC.run(Personal_Individual_MRF_TC:113)
	at com.kms.katalon.core.main.ScriptEngine.run(ScriptEngine.java:194)
	at com.kms.katalon.core.main.ScriptEngine.runScriptAsRawText(ScriptEngine.java:119)
	at com.kms.katalon.core.main.TestCaseExecutor.runScript(TestCaseExecutor.java:448)
	at com.kms.katalon.core.main.TestCaseExecutor.doExecute(TestCaseExecutor.java:439)
	at com.kms.katalon.core.main.TestCaseExecutor.processExecutionPhase(TestCaseExecutor.java:418)
	at com.kms.katalon.core.main.TestCaseExecutor.accessMainPhase(TestCaseExecutor.java:410)
	at com.kms.katalon.core.main.TestCaseExecutor.execute(TestCaseExecutor.java:285)
	at com.kms.katalon.core.common.CommonExecutor.accessTestCaseMainPhase(CommonExecutor.java:65)
	at com.kms.katalon.core.main.TestSuiteExecutor.accessTestSuiteMainPhase(TestSuiteExecutor.java:148)
	at com.kms.katalon.core.main.TestSuiteExecutor.execute(TestSuiteExecutor.java:106)
	at com.kms.katalon.core.main.TestCaseMain.startTestSuite(TestCaseMain.java:187)
	at com.kms.katalon.core.main.TestCaseMain$startTestSuite$0.call(Unknown Source)
	at TempTestSuite1709871371648.run(TempTestSuite1709871371648.groovy:36)
Caused by: org.openqa.selenium.NoSuchElementException: Cannot locate element with text: 2024
For documentation on this error, please visit: https://www.seleniumhq.org/exceptions/no_such_element.html
Build info: version: '3.141.59', revision: 'e82be7d358', time: '2018-11-14T08:25:53'
System info: host: 'DESKTOP-B2QI6NS', ip: '172.31.253.185', os.name: 'Windows 10', os.arch: 'amd64', os.version: '10.0', java.version: '1.8.0_181'
Driver info: driver.version: unknown
	at org.openqa.selenium.support.ui.Select.selectByVisibleText(Select.java:147)
	at com.kms.katalon.core.webui.common.WebUiCommonHelper.selectOrDeselectOptionsByLabel(WebUiCommonHelper.java:310)
	at com.kms.katalon.core.webui.keyword.builtin.SelectOptionByLabelKeyword$_selectOptionByLabel_closure1.doCall(SelectOptionByLabelKeyword.groovy:87)
	at com.kms.katalon.core.webui.keyword.builtin.SelectOptionByLabelKeyword$_selectOptionByLabel_closure1.call(SelectOptionByLabelKeyword.groovy)
	at com.kms.katalon.core.webui.keyword.internal.WebUIKeywordMain.runKeyword(WebUIKeywordMain.groovy:20)
	at com.kms.katalon.core.webui.keyword.builtin.SelectOptionByLabelKeyword.selectOptionByLabel(SelectOptionByLabelKeyword.groovy:98)
	at com.kms.katalon.core.webui.keyword.builtin.SelectOptionByLabelKeyword.execute(SelectOptionByLabelKeyword.groovy:71)
	at com.kms.katalon.core.keyword.internal.KeywordExecutor.executeKeywordForPlatform(KeywordExecutor.groovy:74)
	at com.kms.katalon.core.webui.keyword.WebUiBuiltInKeywords.selectOptionByLabel(WebUiBuiltInKeywords.groovy:1230)
	at com.kms.katalon.core.webui.keyword.WebUiBuiltInKeywords$selectOptionByLabel$2.call(Unknown Source)
	at Script1696265299704.run(Script1696265299704.groovy:113)
	... 13 more
)
	at com.kms.katalon.core.keyword.internal.KeywordMain.stepFailed(KeywordMain.groovy:39)
	at com.kms.katalon.core.webui.keyword.internal.WebUIKeywordMain.stepFailed(WebUIKeywordMain.groovy:64)
	at com.kms.katalon.core.webui.keyword.internal.WebUIKeywordMain.runKeyword(WebUIKeywordMain.groovy:26)
	at com.kms.katalon.core.webui.keyword.builtin.SelectOptionByLabelKeyword.selectOptionByLabel(SelectOptionByLabelKeyword.groovy:98)
	at com.kms.katalon.core.webui.keyword.builtin.SelectOptionByLabelKeyword.execute(SelectOptionByLabelKeyword.groovy:71)
	at com.kms.katalon.core.keyword.internal.KeywordExecutor.executeKeywordForPlatform(KeywordExecutor.groovy:74)
	at com.kms.katalon.core.webui.keyword.WebUiBuiltInKeywords.selectOptionByLabel(WebUiBuiltInKeywords.groovy:1230)
	at com.kms.katalon.core.webui.keyword.WebUiBuiltInKeywords$selectOptionByLabel$2.call(Unknown Source)
	at Personal_Individual_MRF_TC.run(Personal_Individual_MRF_TC:113)
	at com.kms.katalon.core.main.ScriptEngine.run(ScriptEngine.java:194)
	at com.kms.katalon.core.main.ScriptEngine.runScriptAsRawText(ScriptEngine.java:119)
	at com.kms.katalon.core.main.TestCaseExecutor.runScript(TestCaseExecutor.java:448)
	at com.kms.katalon.core.main.TestCaseExecutor.doExecute(TestCaseExecutor.java:439)
	at com.kms.katalon.core.main.TestCaseExecutor.processExecutionPhase(TestCaseExecutor.java:418)
	at com.kms.katalon.core.main.TestCaseExecutor.accessMainPhase(TestCaseExecutor.java:410)
	at com.kms.katalon.core.main.TestCaseExecutor.execute(TestCaseExecutor.java:285)
	at com.kms.katalon.core.common.CommonExecutor.accessTestCaseMainPhase(CommonExecutor.java:65)
	at com.kms.katalon.core.main.TestSuiteExecutor.accessTestSuiteMainPhase(TestSuiteExecutor.java:148)
	at com.kms.katalon.core.main.TestSuiteExecutor.execute(TestSuiteExecutor.java:106)
	at com.kms.katalon.core.main.TestCaseMain.startTestSuite(TestCaseMain.java:187)
	at com.kms.katalon.core.main.TestCaseMain$startTestSuite$0.call(Unknown Source)
	at TempTestSuite1709871371648.run(TempTestSuite1709871371648.groovy:36)
Caused by: com.kms.katalon.core.exception.StepFailedException: Unable to select option by label '2024' of object 'Object Repository/RAD_Pages/TaxTypeFilingYear_Page/select_FilingYear' 
	... 21 more
Caused by: org.openqa.selenium.NoSuchElementException: Cannot locate element with text: 2024
For documentation on this error, please visit: https://www.seleniumhq.org/exceptions/no_such_element.html
Build info: version: '3.141.59', revision: 'e82be7d358', time: '2018-11-14T08:25:53'
System info: host: 'DESKTOP-B2QI6NS', ip: '172.31.253.185', os.name: 'Windows 10', os.arch: 'amd64', os.version: '10.0', java.version: '1.8.0_181'
Driver info: driver.version: unknown
	at org.openqa.selenium.support.ui.Select.selectByVisibleText(Select.java:147)
	at com.kms.katalon.core.webui.common.WebUiCommonHelper.selectOrDeselectOptionsByLabel(WebUiCommonHelper.java:310)
	at com.kms.katalon.core.webui.keyword.builtin.SelectOptionByLabelKeyword$_selectOptionByLabel_closure1.doCall(SelectOptionByLabelKeyword.groovy:87)
	at com.kms.katalon.core.webui.keyword.builtin.SelectOptionByLabelKeyword$_selectOptionByLabel_closure1.call(SelectOptionByLabelKeyword.groovy)
	at com.kms.katalon.core.webui.keyword.internal.WebUIKeywordMain.runKeyword(WebUIKeywordMain.groovy:20)
	... 19 more]]></system-out>
      <system-err><![CDATA[2024-03-07 23:16:18 - [TEST_SUITE][FAILED] - RAD_UI_TestSuite: Test Cases/RAD_TestCases/MRF_TestCases/Personal_Individual_MRF_TC FAILED.
Reason:
com.kms.katalon.core.exception.StepFailedException: Unable to select option by label '2024' of object 'Object Repository/RAD_Pages/TaxTypeFilingYear_Page/select_FilingYear'  (Root cause: com.kms.katalon.core.exception.StepFailedException: Unable to select option by label '2024' of object 'Object Repository/RAD_Pages/TaxTypeFilingYear_Page/select_FilingYear' 
	at com.kms.katalon.core.webui.keyword.internal.WebUIKeywordMain.stepFailed(WebUIKeywordMain.groovy:64)
	at com.kms.katalon.core.webui.keyword.internal.WebUIKeywordMain.runKeyword(WebUIKeywordMain.groovy:26)
	at com.kms.katalon.core.webui.keyword.builtin.SelectOptionByLabelKeyword.selectOptionByLabel(SelectOptionByLabelKeyword.groovy:98)
	at com.kms.katalon.core.webui.keyword.builtin.SelectOptionByLabelKeyword.execute(SelectOptionByLabelKeyword.groovy:71)
	at com.kms.katalon.core.keyword.internal.KeywordExecutor.executeKeywordForPlatform(KeywordExecutor.groovy:74)
	at com.kms.katalon.core.webui.keyword.WebUiBuiltInKeywords.selectOptionByLabel(WebUiBuiltInKeywords.groovy:1230)
	at com.kms.katalon.core.webui.keyword.WebUiBuiltInKeywords$selectOptionByLabel$2.call(Unknown Source)
	at Personal_Individual_MRF_TC.run(Personal_Individual_MRF_TC:113)
	at com.kms.katalon.core.main.ScriptEngine.run(ScriptEngine.java:194)
	at com.kms.katalon.core.main.ScriptEngine.runScriptAsRawText(ScriptEngine.java:119)
	at com.kms.katalon.core.main.TestCaseExecutor.runScript(TestCaseExecutor.java:448)
	at com.kms.katalon.core.main.TestCaseExecutor.doExecute(TestCaseExecutor.java:439)
	at com.kms.katalon.core.main.TestCaseExecutor.processExecutionPhase(TestCaseExecutor.java:418)
	at com.kms.katalon.core.main.TestCaseExecutor.accessMainPhase(TestCaseExecutor.java:410)
	at com.kms.katalon.core.main.TestCaseExecutor.execute(TestCaseExecutor.java:285)
	at com.kms.katalon.core.common.CommonExecutor.accessTestCaseMainPhase(CommonExecutor.java:65)
	at com.kms.katalon.core.main.TestSuiteExecutor.accessTestSuiteMainPhase(TestSuiteExecutor.java:148)
	at com.kms.katalon.core.main.TestSuiteExecutor.execute(TestSuiteExecutor.java:106)
	at com.kms.katalon.core.main.TestCaseMain.startTestSuite(TestCaseMain.java:187)
	at com.kms.katalon.core.main.TestCaseMain$startTestSuite$0.call(Unknown Source)
	at TempTestSuite1709871371648.run(TempTestSuite1709871371648.groovy:36)
Caused by: org.openqa.selenium.NoSuchElementException: Cannot locate element with text: 2024
For documentation on this error, please visit: https://www.seleniumhq.org/exceptions/no_such_element.html
Build info: version: '3.141.59', revision: 'e82be7d358', time: '2018-11-14T08:25:53'
System info: host: 'DESKTOP-B2QI6NS', ip: '172.31.253.185', os.name: 'Windows 10', os.arch: 'amd64', os.version: '10.0', java.version: '1.8.0_181'
Driver info: driver.version: unknown
	at org.openqa.selenium.support.ui.Select.selectByVisibleText(Select.java:147)
	at com.kms.katalon.core.webui.common.WebUiCommonHelper.selectOrDeselectOptionsByLabel(WebUiCommonHelper.java:310)
	at com.kms.katalon.core.webui.keyword.builtin.SelectOptionByLabelKeyword$_selectOptionByLabel_closure1.doCall(SelectOptionByLabelKeyword.groovy:87)
	at com.kms.katalon.core.webui.keyword.builtin.SelectOptionByLabelKeyword$_selectOptionByLabel_closure1.call(SelectOptionByLabelKeyword.groovy)
	at com.kms.katalon.core.webui.keyword.internal.WebUIKeywordMain.runKeyword(WebUIKeywordMain.groovy:20)
	at com.kms.katalon.core.webui.keyword.builtin.SelectOptionByLabelKeyword.selectOptionByLabel(SelectOptionByLabelKeyword.groovy:98)
	at com.kms.katalon.core.webui.keyword.builtin.SelectOptionByLabelKeyword.execute(SelectOptionByLabelKeyword.groovy:71)
	at com.kms.katalon.core.keyword.internal.KeywordExecutor.executeKeywordForPlatform(KeywordExecutor.groovy:74)
	at com.kms.katalon.core.webui.keyword.WebUiBuiltInKeywords.selectOptionByLabel(WebUiBuiltInKeywords.groovy:1230)
	at com.kms.katalon.core.webui.keyword.WebUiBuiltInKeywords$selectOptionByLabel$2.call(Unknown Source)
	at Script1696265299704.run(Script1696265299704.groovy:113)
	... 13 more
)
	at com.kms.katalon.core.keyword.internal.KeywordMain.stepFailed(KeywordMain.groovy:39)
	at com.kms.katalon.core.webui.keyword.internal.WebUIKeywordMain.stepFailed(WebUIKeywordMain.groovy:64)
	at com.kms.katalon.core.webui.keyword.internal.WebUIKeywordMain.runKeyword(WebUIKeywordMain.groovy:26)
	at com.kms.katalon.core.webui.keyword.builtin.SelectOptionByLabelKeyword.selectOptionByLabel(SelectOptionByLabelKeyword.groovy:98)
	at com.kms.katalon.core.webui.keyword.builtin.SelectOptionByLabelKeyword.execute(SelectOptionByLabelKeyword.groovy:71)
	at com.kms.katalon.core.keyword.internal.KeywordExecutor.executeKeywordForPlatform(KeywordExecutor.groovy:74)
	at com.kms.katalon.core.webui.keyword.WebUiBuiltInKeywords.selectOptionByLabel(WebUiBuiltInKeywords.groovy:1230)
	at com.kms.katalon.core.webui.keyword.WebUiBuiltInKeywords$selectOptionByLabel$2.call(Unknown Source)
	at Personal_Individual_MRF_TC.run(Personal_Individual_MRF_TC:113)
	at com.kms.katalon.core.main.ScriptEngine.run(ScriptEngine.java:194)
	at com.kms.katalon.core.main.ScriptEngine.runScriptAsRawText(ScriptEngine.java:119)
	at com.kms.katalon.core.main.TestCaseExecutor.runScript(TestCaseExecutor.java:448)
	at com.kms.katalon.core.main.TestCaseExecutor.doExecute(TestCaseExecutor.java:439)
	at com.kms.katalon.core.main.TestCaseExecutor.processExecutionPhase(TestCaseExecutor.java:418)
	at com.kms.katalon.core.main.TestCaseExecutor.accessMainPhase(TestCaseExecutor.java:410)
	at com.kms.katalon.core.main.TestCaseExecutor.execute(TestCaseExecutor.java:285)
	at com.kms.katalon.core.common.CommonExecutor.accessTestCaseMainPhase(CommonExecutor.java:65)
	at com.kms.katalon.core.main.TestSuiteExecutor.accessTestSuiteMainPhase(TestSuiteExecutor.java:148)
	at com.kms.katalon.core.main.TestSuiteExecutor.execute(TestSuiteExecutor.java:106)
	at com.kms.katalon.core.main.TestCaseMain.startTestSuite(TestCaseMain.java:187)
	at com.kms.katalon.core.main.TestCaseMain$startTestSuite$0.call(Unknown Source)
	at TempTestSuite1709871371648.run(TempTestSuite1709871371648.groovy:36)
Caused by: com.kms.katalon.core.exception.StepFailedException: Unable to select option by label '2024' of object 'Object Repository/RAD_Pages/TaxTypeFilingYear_Page/select_FilingYear' 
	... 21 more
Caused by: org.openqa.selenium.NoSuchElementException: Cannot locate element with text: 2024
For documentation on this error, please visit: https://www.seleniumhq.org/exceptions/no_such_element.html
Build info: version: '3.141.59', revision: 'e82be7d358', time: '2018-11-14T08:25:53'
System info: host: 'DESKTOP-B2QI6NS', ip: '172.31.253.185', os.name: 'Windows 10', os.arch: 'amd64', os.version: '10.0', java.version: '1.8.0_181'
Driver info: driver.version: unknown
	at org.openqa.selenium.support.ui.Select.selectByVisibleText(Select.java:147)
	at com.kms.katalon.core.webui.common.WebUiCommonHelper.selectOrDeselectOptionsByLabel(WebUiCommonHelper.java:310)
	at com.kms.katalon.core.webui.keyword.builtin.SelectOptionByLabelKeyword$_selectOptionByLabel_closure1.doCall(SelectOptionByLabelKeyword.groovy:87)
	at com.kms.katalon.core.webui.keyword.builtin.SelectOptionByLabelKeyword$_selectOptionByLabel_closure1.call(SelectOptionByLabelKeyword.groovy)
	at com.kms.katalon.core.webui.keyword.internal.WebUIKeywordMain.runKeyword(WebUIKeywordMain.groovy:20)
	... 19 more]]></system-err>
   </testsuite>
</testsuites>
