<?xml version="1.0" encoding="UTF-8"?>
<testsuites name="QA_Smoke_Test" time="5599.896" tests="37" failures="1" errors="0">
   <testsuite name="QA_Smoke_Test" tests="37" failures="1" errors="0" time="5599.896" skipped="0" timestamp="2023-02-08 18:03:53" hostname="imtiaz - DESKTOP-B2QI6NS.govolution.com" id="Test Suites/QA/VLink/QA_Smoke_Test">
      <properties>
         <property name="deviceName" value=""/>
         <property name="devicePlatform" value=""/>
         <property name="logFolder" value="E:\\Cloned-Project-Katalon\\VPS-Katalon\\Reports\\20230208_180348\\QA\\VLink\\QA_Smoke_Test\\20230208_180348"/>
         <property name="logFiles" value="E:\\Cloned-Project-Katalon\\VPS-Katalon\\Reports\\20230208_180348\\QA\\VLink\\QA_Smoke_Test\\20230208_180348\\execution0.log, E:\\Cloned-Project-Katalon\\VPS-Katalon\\Reports\\20230208_180348\\QA\\VLink\\QA_Smoke_Test\\20230208_180348\\execution1.log"/>
         <property name="attachments" value=""/>
         <property name="hostName" value="imtiaz - DESKTOP-B2QI6NS.govolution.com"/>
         <property name="os" value="Windows 10 64bit"/>
         <property name="katalonVersion" value="8.2.5.208"/>
         <property name="browser" value="Chrome 110.0.0.0"/>
         <property name="hostAddress" value="172.31.253.135"/>
         <property name="sessionId" value="da1c1f158c0ec878963c7c2f3f07be43"/>
         <property name="seleniumVersion" value="3.141.59"/>
         <property name="proxyInformation" value="ProxyInformation { proxyOption=NO_PROXY, proxyServerType=HTTP, username=, password=********, proxyServerAddress=, proxyServerPort=0, executionList=&quot;&quot;, isApplyToDesiredCapabilities=true }"/>
         <property name="platform" value="Windows 10"/>
      </properties>
      <testcase name="Test Cases/RecAndPlayBk/VLink/AuthOnly" time="92.569" classname="Test Cases/RecAndPlayBk/VLink/AuthOnly" status="PASSED">
         <system-out><![CDATA[2023-02-08 18:03:54 - [TEST_CASE][PASSED] - Test Cases/RecAndPlayBk/VLink/AuthOnly: Test Cases/RecAndPlayBk/VLink/AuthOnly

2023-02-08 18:03:54 - [TEST_STEP][PASSED] - executionProfile = getExecutionProfile(): null

2023-02-08 18:03:54 - [TEST_STEP][PASSED] - out.println("executionProfile : " + executionProfile): null

2023-02-08 18:03:54 - [TEST_STEP][PASSED] - appName = <not implemented yet for class: org.codehaus.groovy.ast.expr.EmptyExpression>: null

2023-02-08 18:03:54 - [TEST_STEP][PASSED] - appID = <not implemented yet for class: org.codehaus.groovy.ast.expr.EmptyExpression>: null

2023-02-08 18:03:54 - [TEST_STEP][PASSED] - username = <not implemented yet for class: org.codehaus.groovy.ast.expr.EmptyExpression>: null

2023-02-08 18:03:54 - [TEST_STEP][PASSED] - password = <not implemented yet for class: org.codehaus.groovy.ast.expr.EmptyExpression>: null

2023-02-08 18:03:54 - [TEST_STEP][PASSED] - cardNameV = <not implemented yet for class: org.codehaus.groovy.ast.expr.EmptyExpression>: null

2023-02-08 18:03:54 - [TEST_STEP][PASSED] - al1V = <not implemented yet for class: org.codehaus.groovy.ast.expr.EmptyExpression>: null

2023-02-08 18:03:54 - [TEST_STEP][PASSED] - al2V = <not implemented yet for class: org.codehaus.groovy.ast.expr.EmptyExpression>: null

2023-02-08 18:03:54 - [TEST_STEP][PASSED] - zipV = <not implemented yet for class: org.codehaus.groovy.ast.expr.EmptyExpression>: null

2023-02-08 18:03:54 - [TEST_STEP][PASSED] - cardTypeV = <not implemented yet for class: org.codehaus.groovy.ast.expr.EmptyExpression>: null

2023-02-08 18:03:54 - [TEST_STEP][PASSED] - last4V = <not implemented yet for class: org.codehaus.groovy.ast.expr.EmptyExpression>: null

2023-02-08 18:03:54 - [TEST_STEP][PASSED] - resText = "Fail": null

2023-02-08 18:03:54 - [TEST_STEP][PASSED] - resColumn = "Result": null

2023-02-08 18:03:54 - [TEST_STEP][PASSED] - datCloumn = "Date": null

2023-02-08 18:03:54 - [TEST_STEP][PASSED] - fileLoc = "KatalonData/VLinkSmokeData.xlsx": null

2023-02-08 18:03:54 - [TEST_STEP][PASSED] - numOfRows = <not implemented yet for class: org.codehaus.groovy.ast.expr.EmptyExpression>: null

2023-02-08 18:03:54 - [TEST_STEP][PASSED] - dataFile = <not implemented yet for class: org.codehaus.groovy.ast.expr.EmptyExpression>: null

2023-02-08 18:03:54 - [TEST_STEP][PASSED] - nameSheet = <not implemented yet for class: org.codehaus.groovy.ast.expr.EmptyExpression>: null

2023-02-08 18:03:54 - [TEST_STEP][PASSED] - nameSheet = "Auth": null

2023-02-08 18:03:54 - [TEST_STEP][PASSED] - numOfRows = findTestData("QA/VLinkTestData/VLinkSmokeData").getRowNumbers(): null

2023-02-08 18:03:55 - [TEST_STEP][PASSED] - println("Number of Records: " + numOfRows): null

2023-02-08 18:03:55 - [TEST_STEP][PASSED] - dataFile = "QA/VLinkTestData/VLinkSmokeData": null

2023-02-08 18:03:55 - [TEST_STEP][PASSED] - for ([row = 1, row <= numOfRows, (row++)]): null

2023-02-08 18:03:55 - [TEST_STEP][PASSED] - ExecuteTC = findTestData(dataFile).getValue("Execute", row): null

2023-02-08 18:03:55 - [TEST_STEP][PASSED] - out.println("Value of Execute is : " + ExecuteTC): null

2023-02-08 18:03:55 - [TEST_STEP][PASSED] - switch (executionProfile): null

2023-02-08 18:03:55 - [TEST_STEP][PASSED] - case "QAProfile":: null

2023-02-08 18:03:55 - [TEST_STEP][PASSED] - appID = findTestData(dataFile).getValue("AppIDQA", row): null

2023-02-08 18:03:56 - [TEST_STEP][PASSED] - username = findTestData(dataFile).getValue("UsernameQA", row): null

2023-02-08 18:03:56 - [TEST_STEP][PASSED] - password = findTestData(dataFile).getValue("PasswordQA", row): null

2023-02-08 18:03:56 - [TEST_STEP][PASSED] - break: null

2023-02-08 18:03:56 - [TEST_STEP][PASSED] - if (ExecuteTC.equalsIgnoreCase("Y")): null

2023-02-08 18:03:56 - [TEST_STEP][PASSED] - out.println("Begin Record Number: " + row): null

2023-02-08 18:03:56 - [TEST_STEP][PASSED] - today = new java.util.Date(): null

2023-02-08 18:03:56 - [TEST_STEP][PASSED] - println(today): null

2023-02-08 18:03:56 - [TEST_STEP][PASSED] - datText = today: null

2023-02-08 18:03:56 - [TEST_STEP][PASSED] - category = findTestData(dataFile).getValue("Category", row): null

2023-02-08 18:03:56 - [TEST_STEP][PASSED] - amount = findTestData(dataFile).getValue("Amount", row): null

2023-02-08 18:03:56 - [TEST_STEP][PASSED] - cardNumber = findTestData(dataFile).getValue("CardNumber", row): null

2023-02-08 18:03:56 - [TEST_STEP][PASSED] - exM = findTestData(dataFile).getValue("ExM", row): null

2023-02-08 18:03:56 - [TEST_STEP][PASSED] - exY = findTestData(dataFile).getValue("ExY", row): null

2023-02-08 18:03:57 - [TEST_STEP][PASSED] - openBrowser(VLinkURL + "auth.html"): Browser is opened with url: 'https://dev-algorithm.govolution.com/vlinktest/QA/version_2_0/auth.html'

2023-02-08 18:03:57 - [MESSAGE][INFO] - Starting 'Chrome' driver

2023-02-08 18:03:57 - [MESSAGE][INFO] - User set preference: ['acceptInsecureCerts', 'true']

2023-02-08 18:03:57 - [MESSAGE][INFO] - Action delay is set to 0 milliseconds

2023-02-08 18:04:01 - [MESSAGE][PASSED] - Browser is opened with url: 'https://dev-algorithm.govolution.com/vlinktest/QA/version_2_0/auth.html'

2023-02-08 18:04:01 - [TEST_STEP][PASSED] - maximizeWindow(): Current window maximized

2023-02-08 18:04:01 - [MESSAGE][PASSED] - Current window maximized

2023-02-08 18:04:01 - [TEST_STEP][PASSED] - maximizeWindow(): Current window maximized

2023-02-08 18:04:01 - [MESSAGE][PASSED] - Current window maximized

2023-02-08 18:04:01 - [TEST_STEP][PASSED] - genRemID = RandomStringUtils.random(12, true, true): null

2023-02-08 18:04:01 - [TEST_STEP][PASSED] - setText(findTestObject("Object Repository/VLink/Page_CCSale/txt_RemID"), genRemID): Text 'mEuipR1DbUe5' is set on object 'Object Repository/VLink/Page_CCSale/txt_RemID'

2023-02-08 18:04:02 - [MESSAGE][PASSED] - Text 'mEuipR1DbUe5' is set on object 'Object Repository/VLink/Page_CCSale/txt_RemID'

2023-02-08 18:04:02 - [TEST_STEP][PASSED] - setText(findTestObject("Object Repository/RecAndPlayBk/Page-Vlink-AuthOnly/input_Remittance Id_remittance_id"), genRemID): Text 'mEuipR1DbUe5' is set on object 'Object Repository/RecAndPlayBk/Page-Vlink-AuthOnly/input_Remittance Id_remittance_id'

2023-02-08 18:04:03 - [MESSAGE][PASSED] - Text 'mEuipR1DbUe5' is set on object 'Object Repository/RecAndPlayBk/Page-Vlink-AuthOnly/input_Remittance Id_remittance_id'

2023-02-08 18:04:03 - [TEST_STEP][PASSED] - setText(findTestObject("Object Repository/RecAndPlayBk/Page-Vlink-AuthOnly/input_Application Id_application_id"), appID): Text '234' is set on object 'Object Repository/RecAndPlayBk/Page-Vlink-AuthOnly/input_Application Id_application_id'

2023-02-08 18:04:03 - [MESSAGE][PASSED] - Text '234' is set on object 'Object Repository/RecAndPlayBk/Page-Vlink-AuthOnly/input_Application Id_application_id'

2023-02-08 18:04:03 - [TEST_STEP][PASSED] - setText(findTestObject("Object Repository/RecAndPlayBk/Page-Vlink-AuthOnly/input_Username_username"), username): Text 'username' is set on object 'Object Repository/RecAndPlayBk/Page-Vlink-AuthOnly/input_Username_username'

2023-02-08 18:04:04 - [MESSAGE][PASSED] - Text 'username' is set on object 'Object Repository/RecAndPlayBk/Page-Vlink-AuthOnly/input_Username_username'

2023-02-08 18:04:04 - [TEST_STEP][PASSED] - setText(findTestObject("Object Repository/RecAndPlayBk/Page-Vlink-AuthOnly/input_Password_password"), password): Text 'password' is set on object 'Object Repository/RecAndPlayBk/Page-Vlink-AuthOnly/input_Password_password'

2023-02-08 18:04:05 - [MESSAGE][PASSED] - Text 'password' is set on object 'Object Repository/RecAndPlayBk/Page-Vlink-AuthOnly/input_Password_password'

2023-02-08 18:04:05 - [TEST_STEP][PASSED] - setText(findTestObject("Object Repository/RecAndPlayBk/Page-Vlink-AuthOnly/input_Category_category"), category): Text 'ECOM' is set on object 'Object Repository/RecAndPlayBk/Page-Vlink-AuthOnly/input_Category_category'

2023-02-08 18:04:05 - [MESSAGE][PASSED] - Text 'ECOM' is set on object 'Object Repository/RecAndPlayBk/Page-Vlink-AuthOnly/input_Category_category'

2023-02-08 18:04:05 - [TEST_STEP][PASSED] - setText(findTestObject("Object Repository/RecAndPlayBk/Page-Vlink-AuthOnly/input_Amount_amount"), amount): Text '10.5' is set on object 'Object Repository/RecAndPlayBk/Page-Vlink-AuthOnly/input_Amount_amount'

2023-02-08 18:04:06 - [MESSAGE][PASSED] - Text '10.5' is set on object 'Object Repository/RecAndPlayBk/Page-Vlink-AuthOnly/input_Amount_amount'

2023-02-08 18:04:06 - [TEST_STEP][PASSED] - doubleClick(findTestObject("Object Repository/RecAndPlayBk/Page-Vlink-AuthOnly/input_Card number_card_number")): Object: 'Object Repository/RecAndPlayBk/Page-Vlink-AuthOnly/input_Card number_card_number' is double clicked on

2023-02-08 18:04:06 - [MESSAGE][PASSED] - Object: 'Object Repository/RecAndPlayBk/Page-Vlink-AuthOnly/input_Card number_card_number' is double clicked on

2023-02-08 18:04:06 - [TEST_STEP][PASSED] - setText(findTestObject("Object Repository/RecAndPlayBk/Page-Vlink-AuthOnly/input_Card number_card_number"), cardNumber): Text '4111111111111111' is set on object 'Object Repository/RecAndPlayBk/Page-Vlink-AuthOnly/input_Card number_card_number'

2023-02-08 18:04:07 - [MESSAGE][PASSED] - Text '4111111111111111' is set on object 'Object Repository/RecAndPlayBk/Page-Vlink-AuthOnly/input_Card number_card_number'

2023-02-08 18:04:07 - [TEST_STEP][PASSED] - setText(findTestObject("Object Repository/RecAndPlayBk/Page-Vlink-AuthOnly/input_Card ex month_card_exmo"), exM): Text '12' is set on object 'Object Repository/RecAndPlayBk/Page-Vlink-AuthOnly/input_Card ex month_card_exmo'

2023-02-08 18:04:08 - [MESSAGE][PASSED] - Text '12' is set on object 'Object Repository/RecAndPlayBk/Page-Vlink-AuthOnly/input_Card ex month_card_exmo'

2023-02-08 18:04:08 - [TEST_STEP][PASSED] - setText(findTestObject("Object Repository/RecAndPlayBk/Page-Vlink-AuthOnly/input_Card ex year_card_exyr"), exY): Text '2029' is set on object 'Object Repository/RecAndPlayBk/Page-Vlink-AuthOnly/input_Card ex year_card_exyr'

2023-02-08 18:04:08 - [MESSAGE][PASSED] - Text '2029' is set on object 'Object Repository/RecAndPlayBk/Page-Vlink-AuthOnly/input_Card ex year_card_exyr'

2023-02-08 18:04:08 - [TEST_STEP][PASSED] - click(findTestObject("Object Repository/RecAndPlayBk/Page-Vlink-AuthOnly/input_Track Data_track_data")): Object: 'Object Repository/RecAndPlayBk/Page-Vlink-AuthOnly/input_Track Data_track_data' is clicked on

2023-02-08 18:04:09 - [MESSAGE][PASSED] - Object: 'Object Repository/RecAndPlayBk/Page-Vlink-AuthOnly/input_Track Data_track_data' is clicked on

2023-02-08 18:04:09 - [TEST_STEP][PASSED] - click(findTestObject("Object Repository/RecAndPlayBk/Page-Vlink-AuthOnly/input_CVV state_cvv_state")): Object: 'Object Repository/RecAndPlayBk/Page-Vlink-AuthOnly/input_CVV state_cvv_state' is clicked on

2023-02-08 18:04:09 - [MESSAGE][PASSED] - Object: 'Object Repository/RecAndPlayBk/Page-Vlink-AuthOnly/input_CVV state_cvv_state' is clicked on

2023-02-08 18:04:09 - [TEST_STEP][PASSED] - setText(findTestObject("Object Repository/RecAndPlayBk/Page-Vlink-AuthOnly/input_Track Data_track_data"), ""): Text '' is set on object 'Object Repository/RecAndPlayBk/Page-Vlink-AuthOnly/input_Track Data_track_data'

2023-02-08 18:04:10 - [MESSAGE][PASSED] - Text '' is set on object 'Object Repository/RecAndPlayBk/Page-Vlink-AuthOnly/input_Track Data_track_data'

2023-02-08 18:04:10 - [TEST_STEP][PASSED] - setText(findTestObject("Object Repository/RecAndPlayBk/Page-Vlink-AuthOnly/input_concat(Cardholder, , s email)_email"), ""): Text '' is set on object 'Object Repository/RecAndPlayBk/Page-Vlink-AuthOnly/input_concat(Cardholder, , s email)_email'

2023-02-08 18:04:10 - [MESSAGE][PASSED] - Text '' is set on object 'Object Repository/RecAndPlayBk/Page-Vlink-AuthOnly/input_concat(Cardholder, , s email)_email'

2023-02-08 18:04:10 - [TEST_STEP][PASSED] - click(findTestObject("Object Repository/RecAndPlayBk/Page-Vlink-AuthOnly/input_user_defined10_user_defined10")): Object: 'Object Repository/RecAndPlayBk/Page-Vlink-AuthOnly/input_user_defined10_user_defined10' is clicked on

2023-02-08 18:04:11 - [MESSAGE][PASSED] - Object: 'Object Repository/RecAndPlayBk/Page-Vlink-AuthOnly/input_user_defined10_user_defined10' is clicked on

2023-02-08 18:04:11 - [TEST_STEP][PASSED] - if (executionProfile.equalsIgnoreCase("QAProfile")): Text '' is set on object 'Object Repository/RecAndPlayBk/Page-Vlink-AuthOnly/input_COF Transaction Initiated by_cof_tran_6cded5'

2023-02-08 18:04:11 - [TEST_STEP][PASSED] - setText(findTestObject("Object Repository/RecAndPlayBk/Page-Vlink-AuthOnly/input_Card on File Indicator_card_on_file_i_157dae"), ""): Text '' is set on object 'Object Repository/RecAndPlayBk/Page-Vlink-AuthOnly/input_Card on File Indicator_card_on_file_i_157dae'

2023-02-08 18:04:11 - [MESSAGE][PASSED] - Text '' is set on object 'Object Repository/RecAndPlayBk/Page-Vlink-AuthOnly/input_Card on File Indicator_card_on_file_i_157dae'

2023-02-08 18:04:11 - [TEST_STEP][PASSED] - setText(findTestObject("Object Repository/RecAndPlayBk/Page-Vlink-AuthOnly/input_Stored Credential Indicator_stored_cr_4ae73c"), ""): Text '' is set on object 'Object Repository/RecAndPlayBk/Page-Vlink-AuthOnly/input_Stored Credential Indicator_stored_cr_4ae73c'

2023-02-08 18:04:12 - [MESSAGE][PASSED] - Text '' is set on object 'Object Repository/RecAndPlayBk/Page-Vlink-AuthOnly/input_Stored Credential Indicator_stored_cr_4ae73c'

2023-02-08 18:04:12 - [TEST_STEP][PASSED] - setText(findTestObject("Object Repository/RecAndPlayBk/Page-Vlink-AuthOnly/input_COF Scheduled indicator_cof_scheduled_8df7d8"), ""): Text '' is set on object 'Object Repository/RecAndPlayBk/Page-Vlink-AuthOnly/input_COF Scheduled indicator_cof_scheduled_8df7d8'

2023-02-08 18:04:13 - [MESSAGE][PASSED] - Text '' is set on object 'Object Repository/RecAndPlayBk/Page-Vlink-AuthOnly/input_COF Scheduled indicator_cof_scheduled_8df7d8'

2023-02-08 18:04:13 - [TEST_STEP][PASSED] - setText(findTestObject("Object Repository/RecAndPlayBk/Page-Vlink-AuthOnly/input_COF Transaction Initiated by_cof_tran_6cded5"), ""): Text '' is set on object 'Object Repository/RecAndPlayBk/Page-Vlink-AuthOnly/input_COF Transaction Initiated by_cof_tran_6cded5'

2023-02-08 18:04:13 - [MESSAGE][PASSED] - Text '' is set on object 'Object Repository/RecAndPlayBk/Page-Vlink-AuthOnly/input_COF Transaction Initiated by_cof_tran_6cded5'

2023-02-08 18:04:13 - [TEST_STEP][PASSED] - click(findTestObject("Object Repository/RecAndPlayBk/Page-Vlink-AuthOnly/input")): Object: 'Object Repository/RecAndPlayBk/Page-Vlink-AuthOnly/input' is clicked on

2023-02-08 18:04:15 - [MESSAGE][PASSED] - Object: 'Object Repository/RecAndPlayBk/Page-Vlink-AuthOnly/input' is clicked on

2023-02-08 18:04:15 - [TEST_STEP][PASSED] - if (verifyTextPresent("Transaction approved, no errors", true)): null

2023-02-08 18:04:16 - [MESSAGE][PASSED] - Text 'Transaction approved, no errors' is present on page  using regular expression

2023-02-08 18:04:16 - [TEST_STEP][PASSED] - println("Transaction Approved, no errors text is present on the Confirmation page"): null

2023-02-08 18:04:16 - [TEST_STEP][PASSED] - out.println("Pass Record Number: " + row): null

2023-02-08 18:04:16 - [TEST_STEP][PASSED] - resText = "Pass": null

2023-02-08 18:04:16 - [TEST_STEP][PASSED] - pages.WriteExcel.demoKey(resText, datText, resColumn, datCloumn, fileLoc, nameSheet, row): pages.WriteExcel.demoKey is PASSED

2023-02-08 18:04:17 - [MESSAGE][PASSED] - pages.WriteExcel.demoKey is PASSED

2023-02-08 18:04:17 - [TEST_STEP][PASSED] - ExecuteTC = findTestData(dataFile).getValue("Execute", row): null

2023-02-08 18:04:17 - [TEST_STEP][PASSED] - out.println("Value of Execute is : " + ExecuteTC): null

2023-02-08 18:04:17 - [TEST_STEP][PASSED] - switch (executionProfile): null

2023-02-08 18:04:17 - [TEST_STEP][PASSED] - case "QAProfile":: null

2023-02-08 18:04:17 - [TEST_STEP][PASSED] - appID = findTestData(dataFile).getValue("AppIDQA", row): null

2023-02-08 18:04:17 - [TEST_STEP][PASSED] - username = findTestData(dataFile).getValue("UsernameQA", row): null

2023-02-08 18:04:17 - [TEST_STEP][PASSED] - password = findTestData(dataFile).getValue("PasswordQA", row): null

2023-02-08 18:04:17 - [TEST_STEP][PASSED] - break: null

2023-02-08 18:04:17 - [TEST_STEP][PASSED] - if (ExecuteTC.equalsIgnoreCase("Y")): null

2023-02-08 18:04:17 - [TEST_STEP][PASSED] - out.println("Begin Record Number: " + row): null

2023-02-08 18:04:17 - [TEST_STEP][PASSED] - today = new java.util.Date(): null

2023-02-08 18:04:17 - [TEST_STEP][PASSED] - println(today): null

2023-02-08 18:04:17 - [TEST_STEP][PASSED] - datText = today: null

2023-02-08 18:04:17 - [TEST_STEP][PASSED] - category = findTestData(dataFile).getValue("Category", row): null

2023-02-08 18:04:18 - [TEST_STEP][PASSED] - amount = findTestData(dataFile).getValue("Amount", row): null

2023-02-08 18:04:18 - [TEST_STEP][PASSED] - cardNumber = findTestData(dataFile).getValue("CardNumber", row): null

2023-02-08 18:04:18 - [TEST_STEP][PASSED] - exM = findTestData(dataFile).getValue("ExM", row): null

2023-02-08 18:04:18 - [TEST_STEP][PASSED] - exY = findTestData(dataFile).getValue("ExY", row): null

2023-02-08 18:04:18 - [TEST_STEP][PASSED] - openBrowser(VLinkURL + "auth.html"): Browser is opened with url: 'https://dev-algorithm.govolution.com/vlinktest/QA/version_2_0/auth.html'

2023-02-08 18:04:18 - [MESSAGE][WARNING] - A browser is already opened. Closing browser and opening a new one

2023-02-08 18:04:19 - [MESSAGE][INFO] - Starting 'Chrome' driver

2023-02-08 18:04:19 - [MESSAGE][INFO] - User set preference: ['acceptInsecureCerts', 'true']

2023-02-08 18:04:19 - [MESSAGE][INFO] - Action delay is set to 0 milliseconds

2023-02-08 18:04:21 - [MESSAGE][PASSED] - Browser is opened with url: 'https://dev-algorithm.govolution.com/vlinktest/QA/version_2_0/auth.html'

2023-02-08 18:04:21 - [TEST_STEP][PASSED] - maximizeWindow(): Current window maximized

2023-02-08 18:04:21 - [MESSAGE][PASSED] - Current window maximized

2023-02-08 18:04:21 - [TEST_STEP][PASSED] - maximizeWindow(): Current window maximized

2023-02-08 18:04:21 - [MESSAGE][PASSED] - Current window maximized

2023-02-08 18:04:21 - [TEST_STEP][PASSED] - genRemID = RandomStringUtils.random(12, true, true): null

2023-02-08 18:04:21 - [TEST_STEP][PASSED] - setText(findTestObject("Object Repository/VLink/Page_CCSale/txt_RemID"), genRemID): Text '7FBAcXZKeTFV' is set on object 'Object Repository/VLink/Page_CCSale/txt_RemID'

2023-02-08 18:04:22 - [MESSAGE][PASSED] - Text '7FBAcXZKeTFV' is set on object 'Object Repository/VLink/Page_CCSale/txt_RemID'

2023-02-08 18:04:22 - [TEST_STEP][PASSED] - setText(findTestObject("Object Repository/RecAndPlayBk/Page-Vlink-AuthOnly/input_Remittance Id_remittance_id"), genRemID): Text '7FBAcXZKeTFV' is set on object 'Object Repository/RecAndPlayBk/Page-Vlink-AuthOnly/input_Remittance Id_remittance_id'

2023-02-08 18:04:22 - [MESSAGE][PASSED] - Text '7FBAcXZKeTFV' is set on object 'Object Repository/RecAndPlayBk/Page-Vlink-AuthOnly/input_Remittance Id_remittance_id'

2023-02-08 18:04:22 - [TEST_STEP][PASSED] - setText(findTestObject("Object Repository/RecAndPlayBk/Page-Vlink-AuthOnly/input_Application Id_application_id"), appID): Text '234' is set on object 'Object Repository/RecAndPlayBk/Page-Vlink-AuthOnly/input_Application Id_application_id'

2023-02-08 18:04:23 - [MESSAGE][PASSED] - Text '234' is set on object 'Object Repository/RecAndPlayBk/Page-Vlink-AuthOnly/input_Application Id_application_id'

2023-02-08 18:04:23 - [TEST_STEP][PASSED] - setText(findTestObject("Object Repository/RecAndPlayBk/Page-Vlink-AuthOnly/input_Username_username"), username): Text 'username' is set on object 'Object Repository/RecAndPlayBk/Page-Vlink-AuthOnly/input_Username_username'

2023-02-08 18:04:24 - [MESSAGE][PASSED] - Text 'username' is set on object 'Object Repository/RecAndPlayBk/Page-Vlink-AuthOnly/input_Username_username'

2023-02-08 18:04:24 - [TEST_STEP][PASSED] - setText(findTestObject("Object Repository/RecAndPlayBk/Page-Vlink-AuthOnly/input_Password_password"), password): Text 'password' is set on object 'Object Repository/RecAndPlayBk/Page-Vlink-AuthOnly/input_Password_password'

2023-02-08 18:04:24 - [MESSAGE][PASSED] - Text 'password' is set on object 'Object Repository/RecAndPlayBk/Page-Vlink-AuthOnly/input_Password_password'

2023-02-08 18:04:24 - [TEST_STEP][PASSED] - setText(findTestObject("Object Repository/RecAndPlayBk/Page-Vlink-AuthOnly/input_Category_category"), category): Text 'MOTO' is set on object 'Object Repository/RecAndPlayBk/Page-Vlink-AuthOnly/input_Category_category'

2023-02-08 18:04:25 - [MESSAGE][PASSED] - Text 'MOTO' is set on object 'Object Repository/RecAndPlayBk/Page-Vlink-AuthOnly/input_Category_category'

2023-02-08 18:04:25 - [TEST_STEP][PASSED] - setText(findTestObject("Object Repository/RecAndPlayBk/Page-Vlink-AuthOnly/input_Amount_amount"), amount): Text '10.5' is set on object 'Object Repository/RecAndPlayBk/Page-Vlink-AuthOnly/input_Amount_amount'

2023-02-08 18:04:25 - [MESSAGE][PASSED] - Text '10.5' is set on object 'Object Repository/RecAndPlayBk/Page-Vlink-AuthOnly/input_Amount_amount'

2023-02-08 18:04:25 - [TEST_STEP][PASSED] - doubleClick(findTestObject("Object Repository/RecAndPlayBk/Page-Vlink-AuthOnly/input_Card number_card_number")): Object: 'Object Repository/RecAndPlayBk/Page-Vlink-AuthOnly/input_Card number_card_number' is double clicked on

2023-02-08 18:04:26 - [MESSAGE][PASSED] - Object: 'Object Repository/RecAndPlayBk/Page-Vlink-AuthOnly/input_Card number_card_number' is double clicked on

2023-02-08 18:04:26 - [TEST_STEP][PASSED] - setText(findTestObject("Object Repository/RecAndPlayBk/Page-Vlink-AuthOnly/input_Card number_card_number"), cardNumber): Text '5424000000000015' is set on object 'Object Repository/RecAndPlayBk/Page-Vlink-AuthOnly/input_Card number_card_number'

2023-02-08 18:04:27 - [MESSAGE][PASSED] - Text '5424000000000015' is set on object 'Object Repository/RecAndPlayBk/Page-Vlink-AuthOnly/input_Card number_card_number'

2023-02-08 18:04:27 - [TEST_STEP][PASSED] - setText(findTestObject("Object Repository/RecAndPlayBk/Page-Vlink-AuthOnly/input_Card ex month_card_exmo"), exM): Text '12' is set on object 'Object Repository/RecAndPlayBk/Page-Vlink-AuthOnly/input_Card ex month_card_exmo'

2023-02-08 18:04:27 - [MESSAGE][PASSED] - Text '12' is set on object 'Object Repository/RecAndPlayBk/Page-Vlink-AuthOnly/input_Card ex month_card_exmo'

2023-02-08 18:04:27 - [TEST_STEP][PASSED] - setText(findTestObject("Object Repository/RecAndPlayBk/Page-Vlink-AuthOnly/input_Card ex year_card_exyr"), exY): Text '2029' is set on object 'Object Repository/RecAndPlayBk/Page-Vlink-AuthOnly/input_Card ex year_card_exyr'

2023-02-08 18:04:28 - [MESSAGE][PASSED] - Text '2029' is set on object 'Object Repository/RecAndPlayBk/Page-Vlink-AuthOnly/input_Card ex year_card_exyr'

2023-02-08 18:04:28 - [TEST_STEP][PASSED] - click(findTestObject("Object Repository/RecAndPlayBk/Page-Vlink-AuthOnly/input_Track Data_track_data")): Object: 'Object Repository/RecAndPlayBk/Page-Vlink-AuthOnly/input_Track Data_track_data' is clicked on

2023-02-08 18:04:28 - [MESSAGE][PASSED] - Object: 'Object Repository/RecAndPlayBk/Page-Vlink-AuthOnly/input_Track Data_track_data' is clicked on

2023-02-08 18:04:28 - [TEST_STEP][PASSED] - click(findTestObject("Object Repository/RecAndPlayBk/Page-Vlink-AuthOnly/input_CVV state_cvv_state")): Object: 'Object Repository/RecAndPlayBk/Page-Vlink-AuthOnly/input_CVV state_cvv_state' is clicked on

2023-02-08 18:04:28 - [MESSAGE][PASSED] - Object: 'Object Repository/RecAndPlayBk/Page-Vlink-AuthOnly/input_CVV state_cvv_state' is clicked on

2023-02-08 18:04:28 - [TEST_STEP][PASSED] - setText(findTestObject("Object Repository/RecAndPlayBk/Page-Vlink-AuthOnly/input_Track Data_track_data"), ""): Text '' is set on object 'Object Repository/RecAndPlayBk/Page-Vlink-AuthOnly/input_Track Data_track_data'

2023-02-08 18:04:29 - [MESSAGE][PASSED] - Text '' is set on object 'Object Repository/RecAndPlayBk/Page-Vlink-AuthOnly/input_Track Data_track_data'

2023-02-08 18:04:29 - [TEST_STEP][PASSED] - setText(findTestObject("Object Repository/RecAndPlayBk/Page-Vlink-AuthOnly/input_concat(Cardholder, , s email)_email"), ""): Text '' is set on object 'Object Repository/RecAndPlayBk/Page-Vlink-AuthOnly/input_concat(Cardholder, , s email)_email'

2023-02-08 18:04:30 - [MESSAGE][PASSED] - Text '' is set on object 'Object Repository/RecAndPlayBk/Page-Vlink-AuthOnly/input_concat(Cardholder, , s email)_email'

2023-02-08 18:04:30 - [TEST_STEP][PASSED] - click(findTestObject("Object Repository/RecAndPlayBk/Page-Vlink-AuthOnly/input_user_defined10_user_defined10")): Object: 'Object Repository/RecAndPlayBk/Page-Vlink-AuthOnly/input_user_defined10_user_defined10' is clicked on

2023-02-08 18:04:30 - [MESSAGE][PASSED] - Object: 'Object Repository/RecAndPlayBk/Page-Vlink-AuthOnly/input_user_defined10_user_defined10' is clicked on

2023-02-08 18:04:30 - [TEST_STEP][PASSED] - if (executionProfile.equalsIgnoreCase("QAProfile")): Text '' is set on object 'Object Repository/RecAndPlayBk/Page-Vlink-AuthOnly/input_COF Transaction Initiated by_cof_tran_6cded5'

2023-02-08 18:04:30 - [TEST_STEP][PASSED] - setText(findTestObject("Object Repository/RecAndPlayBk/Page-Vlink-AuthOnly/input_Card on File Indicator_card_on_file_i_157dae"), ""): Text '' is set on object 'Object Repository/RecAndPlayBk/Page-Vlink-AuthOnly/input_Card on File Indicator_card_on_file_i_157dae'

2023-02-08 18:04:31 - [MESSAGE][PASSED] - Text '' is set on object 'Object Repository/RecAndPlayBk/Page-Vlink-AuthOnly/input_Card on File Indicator_card_on_file_i_157dae'

2023-02-08 18:04:31 - [TEST_STEP][PASSED] - setText(findTestObject("Object Repository/RecAndPlayBk/Page-Vlink-AuthOnly/input_Stored Credential Indicator_stored_cr_4ae73c"), ""): Text '' is set on object 'Object Repository/RecAndPlayBk/Page-Vlink-AuthOnly/input_Stored Credential Indicator_stored_cr_4ae73c'

2023-02-08 18:04:31 - [MESSAGE][PASSED] - Text '' is set on object 'Object Repository/RecAndPlayBk/Page-Vlink-AuthOnly/input_Stored Credential Indicator_stored_cr_4ae73c'

2023-02-08 18:04:31 - [TEST_STEP][PASSED] - setText(findTestObject("Object Repository/RecAndPlayBk/Page-Vlink-AuthOnly/input_COF Scheduled indicator_cof_scheduled_8df7d8"), ""): Text '' is set on object 'Object Repository/RecAndPlayBk/Page-Vlink-AuthOnly/input_COF Scheduled indicator_cof_scheduled_8df7d8'

2023-02-08 18:04:32 - [MESSAGE][PASSED] - Text '' is set on object 'Object Repository/RecAndPlayBk/Page-Vlink-AuthOnly/input_COF Scheduled indicator_cof_scheduled_8df7d8'

2023-02-08 18:04:32 - [TEST_STEP][PASSED] - setText(findTestObject("Object Repository/RecAndPlayBk/Page-Vlink-AuthOnly/input_COF Transaction Initiated by_cof_tran_6cded5"), ""): Text '' is set on object 'Object Repository/RecAndPlayBk/Page-Vlink-AuthOnly/input_COF Transaction Initiated by_cof_tran_6cded5'

2023-02-08 18:04:33 - [MESSAGE][PASSED] - Text '' is set on object 'Object Repository/RecAndPlayBk/Page-Vlink-AuthOnly/input_COF Transaction Initiated by_cof_tran_6cded5'

2023-02-08 18:04:33 - [TEST_STEP][PASSED] - click(findTestObject("Object Repository/RecAndPlayBk/Page-Vlink-AuthOnly/input")): Object: 'Object Repository/RecAndPlayBk/Page-Vlink-AuthOnly/input' is clicked on

2023-02-08 18:04:34 - [MESSAGE][PASSED] - Object: 'Object Repository/RecAndPlayBk/Page-Vlink-AuthOnly/input' is clicked on

2023-02-08 18:04:34 - [TEST_STEP][PASSED] - if (verifyTextPresent("Transaction approved, no errors", true)): null

2023-02-08 18:04:34 - [MESSAGE][PASSED] - Text 'Transaction approved, no errors' is present on page  using regular expression

2023-02-08 18:04:34 - [TEST_STEP][PASSED] - println("Transaction Approved, no errors text is present on the Confirmation page"): null

2023-02-08 18:04:34 - [TEST_STEP][PASSED] - out.println("Pass Record Number: " + row): null

2023-02-08 18:04:34 - [TEST_STEP][PASSED] - resText = "Pass": null

2023-02-08 18:04:34 - [TEST_STEP][PASSED] - pages.WriteExcel.demoKey(resText, datText, resColumn, datCloumn, fileLoc, nameSheet, row): pages.WriteExcel.demoKey is PASSED

2023-02-08 18:04:34 - [MESSAGE][PASSED] - pages.WriteExcel.demoKey is PASSED

2023-02-08 18:04:34 - [TEST_STEP][PASSED] - ExecuteTC = findTestData(dataFile).getValue("Execute", row): null

2023-02-08 18:04:34 - [TEST_STEP][PASSED] - out.println("Value of Execute is : " + ExecuteTC): null

2023-02-08 18:04:34 - [TEST_STEP][PASSED] - switch (executionProfile): null

2023-02-08 18:04:34 - [TEST_STEP][PASSED] - case "QAProfile":: null

2023-02-08 18:04:34 - [TEST_STEP][PASSED] - appID = findTestData(dataFile).getValue("AppIDQA", row): null

2023-02-08 18:04:34 - [TEST_STEP][PASSED] - username = findTestData(dataFile).getValue("UsernameQA", row): null

2023-02-08 18:04:35 - [TEST_STEP][PASSED] - password = findTestData(dataFile).getValue("PasswordQA", row): null

2023-02-08 18:04:35 - [TEST_STEP][PASSED] - break: null

2023-02-08 18:04:35 - [TEST_STEP][PASSED] - if (ExecuteTC.equalsIgnoreCase("Y")): null

2023-02-08 18:04:35 - [TEST_STEP][PASSED] - out.println("Begin Record Number: " + row): null

2023-02-08 18:04:35 - [TEST_STEP][PASSED] - today = new java.util.Date(): null

2023-02-08 18:04:35 - [TEST_STEP][PASSED] - println(today): null

2023-02-08 18:04:35 - [TEST_STEP][PASSED] - datText = today: null

2023-02-08 18:04:35 - [TEST_STEP][PASSED] - category = findTestData(dataFile).getValue("Category", row): null

2023-02-08 18:04:35 - [TEST_STEP][PASSED] - amount = findTestData(dataFile).getValue("Amount", row): null

2023-02-08 18:04:35 - [TEST_STEP][PASSED] - cardNumber = findTestData(dataFile).getValue("CardNumber", row): null

2023-02-08 18:04:35 - [TEST_STEP][PASSED] - exM = findTestData(dataFile).getValue("ExM", row): null

2023-02-08 18:04:35 - [TEST_STEP][PASSED] - exY = findTestData(dataFile).getValue("ExY", row): null

2023-02-08 18:04:35 - [TEST_STEP][PASSED] - openBrowser(VLinkURL + "auth.html"): Browser is opened with url: 'https://dev-algorithm.govolution.com/vlinktest/QA/version_2_0/auth.html'

2023-02-08 18:04:35 - [MESSAGE][WARNING] - A browser is already opened. Closing browser and opening a new one

2023-02-08 18:04:36 - [MESSAGE][INFO] - Starting 'Chrome' driver

2023-02-08 18:04:36 - [MESSAGE][INFO] - User set preference: ['acceptInsecureCerts', 'true']

2023-02-08 18:04:36 - [MESSAGE][INFO] - Action delay is set to 0 milliseconds

2023-02-08 18:04:38 - [MESSAGE][PASSED] - Browser is opened with url: 'https://dev-algorithm.govolution.com/vlinktest/QA/version_2_0/auth.html'

2023-02-08 18:04:38 - [TEST_STEP][PASSED] - maximizeWindow(): Current window maximized

2023-02-08 18:04:38 - [MESSAGE][PASSED] - Current window maximized

2023-02-08 18:04:38 - [TEST_STEP][PASSED] - maximizeWindow(): Current window maximized

2023-02-08 18:04:38 - [MESSAGE][PASSED] - Current window maximized

2023-02-08 18:04:38 - [TEST_STEP][PASSED] - genRemID = RandomStringUtils.random(12, true, true): null

2023-02-08 18:04:38 - [TEST_STEP][PASSED] - setText(findTestObject("Object Repository/VLink/Page_CCSale/txt_RemID"), genRemID): Text 'jARozzHp7Z4I' is set on object 'Object Repository/VLink/Page_CCSale/txt_RemID'

2023-02-08 18:04:39 - [MESSAGE][PASSED] - Text 'jARozzHp7Z4I' is set on object 'Object Repository/VLink/Page_CCSale/txt_RemID'

2023-02-08 18:04:39 - [TEST_STEP][PASSED] - setText(findTestObject("Object Repository/RecAndPlayBk/Page-Vlink-AuthOnly/input_Remittance Id_remittance_id"), genRemID): Text 'jARozzHp7Z4I' is set on object 'Object Repository/RecAndPlayBk/Page-Vlink-AuthOnly/input_Remittance Id_remittance_id'

2023-02-08 18:04:40 - [MESSAGE][PASSED] - Text 'jARozzHp7Z4I' is set on object 'Object Repository/RecAndPlayBk/Page-Vlink-AuthOnly/input_Remittance Id_remittance_id'

2023-02-08 18:04:40 - [TEST_STEP][PASSED] - setText(findTestObject("Object Repository/RecAndPlayBk/Page-Vlink-AuthOnly/input_Application Id_application_id"), appID): Text '234' is set on object 'Object Repository/RecAndPlayBk/Page-Vlink-AuthOnly/input_Application Id_application_id'

2023-02-08 18:04:40 - [MESSAGE][PASSED] - Text '234' is set on object 'Object Repository/RecAndPlayBk/Page-Vlink-AuthOnly/input_Application Id_application_id'

2023-02-08 18:04:40 - [TEST_STEP][PASSED] - setText(findTestObject("Object Repository/RecAndPlayBk/Page-Vlink-AuthOnly/input_Username_username"), username): Text 'username' is set on object 'Object Repository/RecAndPlayBk/Page-Vlink-AuthOnly/input_Username_username'

2023-02-08 18:04:41 - [MESSAGE][PASSED] - Text 'username' is set on object 'Object Repository/RecAndPlayBk/Page-Vlink-AuthOnly/input_Username_username'

2023-02-08 18:04:41 - [TEST_STEP][PASSED] - setText(findTestObject("Object Repository/RecAndPlayBk/Page-Vlink-AuthOnly/input_Password_password"), password): Text 'password' is set on object 'Object Repository/RecAndPlayBk/Page-Vlink-AuthOnly/input_Password_password'

2023-02-08 18:04:41 - [MESSAGE][PASSED] - Text 'password' is set on object 'Object Repository/RecAndPlayBk/Page-Vlink-AuthOnly/input_Password_password'

2023-02-08 18:04:41 - [TEST_STEP][PASSED] - setText(findTestObject("Object Repository/RecAndPlayBk/Page-Vlink-AuthOnly/input_Category_category"), category): Text 'RETL' is set on object 'Object Repository/RecAndPlayBk/Page-Vlink-AuthOnly/input_Category_category'

2023-02-08 18:04:42 - [MESSAGE][PASSED] - Text 'RETL' is set on object 'Object Repository/RecAndPlayBk/Page-Vlink-AuthOnly/input_Category_category'

2023-02-08 18:04:42 - [TEST_STEP][PASSED] - setText(findTestObject("Object Repository/RecAndPlayBk/Page-Vlink-AuthOnly/input_Amount_amount"), amount): Text '10.5' is set on object 'Object Repository/RecAndPlayBk/Page-Vlink-AuthOnly/input_Amount_amount'

2023-02-08 18:04:43 - [MESSAGE][PASSED] - Text '10.5' is set on object 'Object Repository/RecAndPlayBk/Page-Vlink-AuthOnly/input_Amount_amount'

2023-02-08 18:04:43 - [TEST_STEP][PASSED] - doubleClick(findTestObject("Object Repository/RecAndPlayBk/Page-Vlink-AuthOnly/input_Card number_card_number")): Object: 'Object Repository/RecAndPlayBk/Page-Vlink-AuthOnly/input_Card number_card_number' is double clicked on

2023-02-08 18:04:43 - [MESSAGE][PASSED] - Object: 'Object Repository/RecAndPlayBk/Page-Vlink-AuthOnly/input_Card number_card_number' is double clicked on

2023-02-08 18:04:43 - [TEST_STEP][PASSED] - setText(findTestObject("Object Repository/RecAndPlayBk/Page-Vlink-AuthOnly/input_Card number_card_number"), cardNumber): Text '370000000000002' is set on object 'Object Repository/RecAndPlayBk/Page-Vlink-AuthOnly/input_Card number_card_number'

2023-02-08 18:04:44 - [MESSAGE][PASSED] - Text '370000000000002' is set on object 'Object Repository/RecAndPlayBk/Page-Vlink-AuthOnly/input_Card number_card_number'

2023-02-08 18:04:44 - [TEST_STEP][PASSED] - setText(findTestObject("Object Repository/RecAndPlayBk/Page-Vlink-AuthOnly/input_Card ex month_card_exmo"), exM): Text '12' is set on object 'Object Repository/RecAndPlayBk/Page-Vlink-AuthOnly/input_Card ex month_card_exmo'

2023-02-08 18:04:44 - [MESSAGE][PASSED] - Text '12' is set on object 'Object Repository/RecAndPlayBk/Page-Vlink-AuthOnly/input_Card ex month_card_exmo'

2023-02-08 18:04:44 - [TEST_STEP][PASSED] - setText(findTestObject("Object Repository/RecAndPlayBk/Page-Vlink-AuthOnly/input_Card ex year_card_exyr"), exY): Text '2029' is set on object 'Object Repository/RecAndPlayBk/Page-Vlink-AuthOnly/input_Card ex year_card_exyr'

2023-02-08 18:04:45 - [MESSAGE][PASSED] - Text '2029' is set on object 'Object Repository/RecAndPlayBk/Page-Vlink-AuthOnly/input_Card ex year_card_exyr'

2023-02-08 18:04:45 - [TEST_STEP][PASSED] - click(findTestObject("Object Repository/RecAndPlayBk/Page-Vlink-AuthOnly/input_Track Data_track_data")): Object: 'Object Repository/RecAndPlayBk/Page-Vlink-AuthOnly/input_Track Data_track_data' is clicked on

2023-02-08 18:04:45 - [MESSAGE][PASSED] - Object: 'Object Repository/RecAndPlayBk/Page-Vlink-AuthOnly/input_Track Data_track_data' is clicked on

2023-02-08 18:04:45 - [TEST_STEP][PASSED] - click(findTestObject("Object Repository/RecAndPlayBk/Page-Vlink-AuthOnly/input_CVV state_cvv_state")): Object: 'Object Repository/RecAndPlayBk/Page-Vlink-AuthOnly/input_CVV state_cvv_state' is clicked on

2023-02-08 18:04:46 - [MESSAGE][PASSED] - Object: 'Object Repository/RecAndPlayBk/Page-Vlink-AuthOnly/input_CVV state_cvv_state' is clicked on

2023-02-08 18:04:46 - [TEST_STEP][PASSED] - setText(findTestObject("Object Repository/RecAndPlayBk/Page-Vlink-AuthOnly/input_Track Data_track_data"), ""): Text '' is set on object 'Object Repository/RecAndPlayBk/Page-Vlink-AuthOnly/input_Track Data_track_data'

2023-02-08 18:04:46 - [MESSAGE][PASSED] - Text '' is set on object 'Object Repository/RecAndPlayBk/Page-Vlink-AuthOnly/input_Track Data_track_data'

2023-02-08 18:04:46 - [TEST_STEP][PASSED] - setText(findTestObject("Object Repository/RecAndPlayBk/Page-Vlink-AuthOnly/input_concat(Cardholder, , s email)_email"), ""): Text '' is set on object 'Object Repository/RecAndPlayBk/Page-Vlink-AuthOnly/input_concat(Cardholder, , s email)_email'

2023-02-08 18:04:47 - [MESSAGE][PASSED] - Text '' is set on object 'Object Repository/RecAndPlayBk/Page-Vlink-AuthOnly/input_concat(Cardholder, , s email)_email'

2023-02-08 18:04:47 - [TEST_STEP][PASSED] - click(findTestObject("Object Repository/RecAndPlayBk/Page-Vlink-AuthOnly/input_user_defined10_user_defined10")): Object: 'Object Repository/RecAndPlayBk/Page-Vlink-AuthOnly/input_user_defined10_user_defined10' is clicked on

2023-02-08 18:04:47 - [MESSAGE][PASSED] - Object: 'Object Repository/RecAndPlayBk/Page-Vlink-AuthOnly/input_user_defined10_user_defined10' is clicked on

2023-02-08 18:04:47 - [TEST_STEP][PASSED] - if (executionProfile.equalsIgnoreCase("QAProfile")): Text '' is set on object 'Object Repository/RecAndPlayBk/Page-Vlink-AuthOnly/input_COF Transaction Initiated by_cof_tran_6cded5'

2023-02-08 18:04:47 - [TEST_STEP][PASSED] - setText(findTestObject("Object Repository/RecAndPlayBk/Page-Vlink-AuthOnly/input_Card on File Indicator_card_on_file_i_157dae"), ""): Text '' is set on object 'Object Repository/RecAndPlayBk/Page-Vlink-AuthOnly/input_Card on File Indicator_card_on_file_i_157dae'

2023-02-08 18:04:48 - [MESSAGE][PASSED] - Text '' is set on object 'Object Repository/RecAndPlayBk/Page-Vlink-AuthOnly/input_Card on File Indicator_card_on_file_i_157dae'

2023-02-08 18:04:48 - [TEST_STEP][PASSED] - setText(findTestObject("Object Repository/RecAndPlayBk/Page-Vlink-AuthOnly/input_Stored Credential Indicator_stored_cr_4ae73c"), ""): Text '' is set on object 'Object Repository/RecAndPlayBk/Page-Vlink-AuthOnly/input_Stored Credential Indicator_stored_cr_4ae73c'

2023-02-08 18:04:48 - [MESSAGE][PASSED] - Text '' is set on object 'Object Repository/RecAndPlayBk/Page-Vlink-AuthOnly/input_Stored Credential Indicator_stored_cr_4ae73c'

2023-02-08 18:04:48 - [TEST_STEP][PASSED] - setText(findTestObject("Object Repository/RecAndPlayBk/Page-Vlink-AuthOnly/input_COF Scheduled indicator_cof_scheduled_8df7d8"), ""): Text '' is set on object 'Object Repository/RecAndPlayBk/Page-Vlink-AuthOnly/input_COF Scheduled indicator_cof_scheduled_8df7d8'

2023-02-08 18:04:49 - [MESSAGE][PASSED] - Text '' is set on object 'Object Repository/RecAndPlayBk/Page-Vlink-AuthOnly/input_COF Scheduled indicator_cof_scheduled_8df7d8'

2023-02-08 18:04:49 - [TEST_STEP][PASSED] - setText(findTestObject("Object Repository/RecAndPlayBk/Page-Vlink-AuthOnly/input_COF Transaction Initiated by_cof_tran_6cded5"), ""): Text '' is set on object 'Object Repository/RecAndPlayBk/Page-Vlink-AuthOnly/input_COF Transaction Initiated by_cof_tran_6cded5'

2023-02-08 18:04:50 - [MESSAGE][PASSED] - Text '' is set on object 'Object Repository/RecAndPlayBk/Page-Vlink-AuthOnly/input_COF Transaction Initiated by_cof_tran_6cded5'

2023-02-08 18:04:50 - [TEST_STEP][PASSED] - click(findTestObject("Object Repository/RecAndPlayBk/Page-Vlink-AuthOnly/input")): Object: 'Object Repository/RecAndPlayBk/Page-Vlink-AuthOnly/input' is clicked on

2023-02-08 18:04:51 - [MESSAGE][PASSED] - Object: 'Object Repository/RecAndPlayBk/Page-Vlink-AuthOnly/input' is clicked on

2023-02-08 18:04:51 - [TEST_STEP][PASSED] - if (verifyTextPresent("Transaction approved, no errors", true)): null

2023-02-08 18:04:51 - [MESSAGE][PASSED] - Text 'Transaction approved, no errors' is present on page  using regular expression

2023-02-08 18:04:51 - [TEST_STEP][PASSED] - println("Transaction Approved, no errors text is present on the Confirmation page"): null

2023-02-08 18:04:51 - [TEST_STEP][PASSED] - out.println("Pass Record Number: " + row): null

2023-02-08 18:04:51 - [TEST_STEP][PASSED] - resText = "Pass": null

2023-02-08 18:04:51 - [TEST_STEP][PASSED] - pages.WriteExcel.demoKey(resText, datText, resColumn, datCloumn, fileLoc, nameSheet, row): pages.WriteExcel.demoKey is PASSED

2023-02-08 18:04:51 - [MESSAGE][PASSED] - pages.WriteExcel.demoKey is PASSED

2023-02-08 18:04:51 - [TEST_STEP][PASSED] - ExecuteTC = findTestData(dataFile).getValue("Execute", row): null

2023-02-08 18:04:51 - [TEST_STEP][PASSED] - out.println("Value of Execute is : " + ExecuteTC): null

2023-02-08 18:04:51 - [TEST_STEP][PASSED] - switch (executionProfile): null

2023-02-08 18:04:51 - [TEST_STEP][PASSED] - case "QAProfile":: null

2023-02-08 18:04:51 - [TEST_STEP][PASSED] - appID = findTestData(dataFile).getValue("AppIDQA", row): null

2023-02-08 18:04:51 - [TEST_STEP][PASSED] - username = findTestData(dataFile).getValue("UsernameQA", row): null

2023-02-08 18:04:52 - [TEST_STEP][PASSED] - password = findTestData(dataFile).getValue("PasswordQA", row): null

2023-02-08 18:04:52 - [TEST_STEP][PASSED] - break: null

2023-02-08 18:04:52 - [TEST_STEP][PASSED] - if (ExecuteTC.equalsIgnoreCase("Y")): null

2023-02-08 18:04:52 - [TEST_STEP][PASSED] - out.println("Begin Record Number: " + row): null

2023-02-08 18:04:52 - [TEST_STEP][PASSED] - today = new java.util.Date(): null

2023-02-08 18:04:52 - [TEST_STEP][PASSED] - println(today): null

2023-02-08 18:04:52 - [TEST_STEP][PASSED] - datText = today: null

2023-02-08 18:04:52 - [TEST_STEP][PASSED] - category = findTestData(dataFile).getValue("Category", row): null

2023-02-08 18:04:52 - [TEST_STEP][PASSED] - amount = findTestData(dataFile).getValue("Amount", row): null

2023-02-08 18:04:52 - [TEST_STEP][PASSED] - cardNumber = findTestData(dataFile).getValue("CardNumber", row): null

2023-02-08 18:04:52 - [TEST_STEP][PASSED] - exM = findTestData(dataFile).getValue("ExM", row): null

2023-02-08 18:04:52 - [TEST_STEP][PASSED] - exY = findTestData(dataFile).getValue("ExY", row): null

2023-02-08 18:04:52 - [TEST_STEP][PASSED] - openBrowser(VLinkURL + "auth.html"): Browser is opened with url: 'https://dev-algorithm.govolution.com/vlinktest/QA/version_2_0/auth.html'

2023-02-08 18:04:52 - [MESSAGE][WARNING] - A browser is already opened. Closing browser and opening a new one

2023-02-08 18:04:53 - [MESSAGE][INFO] - Starting 'Chrome' driver

2023-02-08 18:04:53 - [MESSAGE][INFO] - User set preference: ['acceptInsecureCerts', 'true']

2023-02-08 18:04:53 - [MESSAGE][INFO] - Action delay is set to 0 milliseconds

2023-02-08 18:04:55 - [MESSAGE][PASSED] - Browser is opened with url: 'https://dev-algorithm.govolution.com/vlinktest/QA/version_2_0/auth.html'

2023-02-08 18:04:55 - [TEST_STEP][PASSED] - maximizeWindow(): Current window maximized

2023-02-08 18:04:55 - [MESSAGE][PASSED] - Current window maximized

2023-02-08 18:04:55 - [TEST_STEP][PASSED] - maximizeWindow(): Current window maximized

2023-02-08 18:04:55 - [MESSAGE][PASSED] - Current window maximized

2023-02-08 18:04:55 - [TEST_STEP][PASSED] - genRemID = RandomStringUtils.random(12, true, true): null

2023-02-08 18:04:55 - [TEST_STEP][PASSED] - setText(findTestObject("Object Repository/VLink/Page_CCSale/txt_RemID"), genRemID): Text 'woz4FsJ48slA' is set on object 'Object Repository/VLink/Page_CCSale/txt_RemID'

2023-02-08 18:04:56 - [MESSAGE][PASSED] - Text 'woz4FsJ48slA' is set on object 'Object Repository/VLink/Page_CCSale/txt_RemID'

2023-02-08 18:04:56 - [TEST_STEP][PASSED] - setText(findTestObject("Object Repository/RecAndPlayBk/Page-Vlink-AuthOnly/input_Remittance Id_remittance_id"), genRemID): Text 'woz4FsJ48slA' is set on object 'Object Repository/RecAndPlayBk/Page-Vlink-AuthOnly/input_Remittance Id_remittance_id'

2023-02-08 18:04:56 - [MESSAGE][PASSED] - Text 'woz4FsJ48slA' is set on object 'Object Repository/RecAndPlayBk/Page-Vlink-AuthOnly/input_Remittance Id_remittance_id'

2023-02-08 18:04:56 - [TEST_STEP][PASSED] - setText(findTestObject("Object Repository/RecAndPlayBk/Page-Vlink-AuthOnly/input_Application Id_application_id"), appID): Text '87' is set on object 'Object Repository/RecAndPlayBk/Page-Vlink-AuthOnly/input_Application Id_application_id'

2023-02-08 18:04:57 - [MESSAGE][PASSED] - Text '87' is set on object 'Object Repository/RecAndPlayBk/Page-Vlink-AuthOnly/input_Application Id_application_id'

2023-02-08 18:04:57 - [TEST_STEP][PASSED] - setText(findTestObject("Object Repository/RecAndPlayBk/Page-Vlink-AuthOnly/input_Username_username"), username): Text 'username' is set on object 'Object Repository/RecAndPlayBk/Page-Vlink-AuthOnly/input_Username_username'

2023-02-08 18:04:58 - [MESSAGE][PASSED] - Text 'username' is set on object 'Object Repository/RecAndPlayBk/Page-Vlink-AuthOnly/input_Username_username'

2023-02-08 18:04:58 - [TEST_STEP][PASSED] - setText(findTestObject("Object Repository/RecAndPlayBk/Page-Vlink-AuthOnly/input_Password_password"), password): Text 'password' is set on object 'Object Repository/RecAndPlayBk/Page-Vlink-AuthOnly/input_Password_password'

2023-02-08 18:04:58 - [MESSAGE][PASSED] - Text 'password' is set on object 'Object Repository/RecAndPlayBk/Page-Vlink-AuthOnly/input_Password_password'

2023-02-08 18:04:58 - [TEST_STEP][PASSED] - setText(findTestObject("Object Repository/RecAndPlayBk/Page-Vlink-AuthOnly/input_Category_category"), category): Text 'ECOM' is set on object 'Object Repository/RecAndPlayBk/Page-Vlink-AuthOnly/input_Category_category'

2023-02-08 18:04:59 - [MESSAGE][PASSED] - Text 'ECOM' is set on object 'Object Repository/RecAndPlayBk/Page-Vlink-AuthOnly/input_Category_category'

2023-02-08 18:04:59 - [TEST_STEP][PASSED] - setText(findTestObject("Object Repository/RecAndPlayBk/Page-Vlink-AuthOnly/input_Amount_amount"), amount): Text '10.5' is set on object 'Object Repository/RecAndPlayBk/Page-Vlink-AuthOnly/input_Amount_amount'

2023-02-08 18:05:00 - [MESSAGE][PASSED] - Text '10.5' is set on object 'Object Repository/RecAndPlayBk/Page-Vlink-AuthOnly/input_Amount_amount'

2023-02-08 18:05:00 - [TEST_STEP][PASSED] - doubleClick(findTestObject("Object Repository/RecAndPlayBk/Page-Vlink-AuthOnly/input_Card number_card_number")): Object: 'Object Repository/RecAndPlayBk/Page-Vlink-AuthOnly/input_Card number_card_number' is double clicked on

2023-02-08 18:05:00 - [MESSAGE][PASSED] - Object: 'Object Repository/RecAndPlayBk/Page-Vlink-AuthOnly/input_Card number_card_number' is double clicked on

2023-02-08 18:05:00 - [TEST_STEP][PASSED] - setText(findTestObject("Object Repository/RecAndPlayBk/Page-Vlink-AuthOnly/input_Card number_card_number"), cardNumber): Text '4012000098765439' is set on object 'Object Repository/RecAndPlayBk/Page-Vlink-AuthOnly/input_Card number_card_number'

2023-02-08 18:05:01 - [MESSAGE][PASSED] - Text '4012000098765439' is set on object 'Object Repository/RecAndPlayBk/Page-Vlink-AuthOnly/input_Card number_card_number'

2023-02-08 18:05:01 - [TEST_STEP][PASSED] - setText(findTestObject("Object Repository/RecAndPlayBk/Page-Vlink-AuthOnly/input_Card ex month_card_exmo"), exM): Text '12' is set on object 'Object Repository/RecAndPlayBk/Page-Vlink-AuthOnly/input_Card ex month_card_exmo'

2023-02-08 18:05:01 - [MESSAGE][PASSED] - Text '12' is set on object 'Object Repository/RecAndPlayBk/Page-Vlink-AuthOnly/input_Card ex month_card_exmo'

2023-02-08 18:05:01 - [TEST_STEP][PASSED] - setText(findTestObject("Object Repository/RecAndPlayBk/Page-Vlink-AuthOnly/input_Card ex year_card_exyr"), exY): Text '2029' is set on object 'Object Repository/RecAndPlayBk/Page-Vlink-AuthOnly/input_Card ex year_card_exyr'

2023-02-08 18:05:02 - [MESSAGE][PASSED] - Text '2029' is set on object 'Object Repository/RecAndPlayBk/Page-Vlink-AuthOnly/input_Card ex year_card_exyr'

2023-02-08 18:05:02 - [TEST_STEP][PASSED] - click(findTestObject("Object Repository/RecAndPlayBk/Page-Vlink-AuthOnly/input_Track Data_track_data")): Object: 'Object Repository/RecAndPlayBk/Page-Vlink-AuthOnly/input_Track Data_track_data' is clicked on

2023-02-08 18:05:02 - [MESSAGE][PASSED] - Object: 'Object Repository/RecAndPlayBk/Page-Vlink-AuthOnly/input_Track Data_track_data' is clicked on

2023-02-08 18:05:02 - [TEST_STEP][PASSED] - click(findTestObject("Object Repository/RecAndPlayBk/Page-Vlink-AuthOnly/input_CVV state_cvv_state")): Object: 'Object Repository/RecAndPlayBk/Page-Vlink-AuthOnly/input_CVV state_cvv_state' is clicked on

2023-02-08 18:05:03 - [MESSAGE][PASSED] - Object: 'Object Repository/RecAndPlayBk/Page-Vlink-AuthOnly/input_CVV state_cvv_state' is clicked on

2023-02-08 18:05:03 - [TEST_STEP][PASSED] - setText(findTestObject("Object Repository/RecAndPlayBk/Page-Vlink-AuthOnly/input_Track Data_track_data"), ""): Text '' is set on object 'Object Repository/RecAndPlayBk/Page-Vlink-AuthOnly/input_Track Data_track_data'

2023-02-08 18:05:03 - [MESSAGE][PASSED] - Text '' is set on object 'Object Repository/RecAndPlayBk/Page-Vlink-AuthOnly/input_Track Data_track_data'

2023-02-08 18:05:03 - [TEST_STEP][PASSED] - setText(findTestObject("Object Repository/RecAndPlayBk/Page-Vlink-AuthOnly/input_concat(Cardholder, , s email)_email"), ""): Text '' is set on object 'Object Repository/RecAndPlayBk/Page-Vlink-AuthOnly/input_concat(Cardholder, , s email)_email'

2023-02-08 18:05:04 - [MESSAGE][PASSED] - Text '' is set on object 'Object Repository/RecAndPlayBk/Page-Vlink-AuthOnly/input_concat(Cardholder, , s email)_email'

2023-02-08 18:05:04 - [TEST_STEP][PASSED] - click(findTestObject("Object Repository/RecAndPlayBk/Page-Vlink-AuthOnly/input_user_defined10_user_defined10")): Object: 'Object Repository/RecAndPlayBk/Page-Vlink-AuthOnly/input_user_defined10_user_defined10' is clicked on

2023-02-08 18:05:04 - [MESSAGE][PASSED] - Object: 'Object Repository/RecAndPlayBk/Page-Vlink-AuthOnly/input_user_defined10_user_defined10' is clicked on

2023-02-08 18:05:04 - [TEST_STEP][PASSED] - if (executionProfile.equalsIgnoreCase("QAProfile")): Text '' is set on object 'Object Repository/RecAndPlayBk/Page-Vlink-AuthOnly/input_COF Transaction Initiated by_cof_tran_6cded5'

2023-02-08 18:05:04 - [TEST_STEP][PASSED] - setText(findTestObject("Object Repository/RecAndPlayBk/Page-Vlink-AuthOnly/input_Card on File Indicator_card_on_file_i_157dae"), ""): Text '' is set on object 'Object Repository/RecAndPlayBk/Page-Vlink-AuthOnly/input_Card on File Indicator_card_on_file_i_157dae'

2023-02-08 18:05:05 - [MESSAGE][PASSED] - Text '' is set on object 'Object Repository/RecAndPlayBk/Page-Vlink-AuthOnly/input_Card on File Indicator_card_on_file_i_157dae'

2023-02-08 18:05:05 - [TEST_STEP][PASSED] - setText(findTestObject("Object Repository/RecAndPlayBk/Page-Vlink-AuthOnly/input_Stored Credential Indicator_stored_cr_4ae73c"), ""): Text '' is set on object 'Object Repository/RecAndPlayBk/Page-Vlink-AuthOnly/input_Stored Credential Indicator_stored_cr_4ae73c'

2023-02-08 18:05:05 - [MESSAGE][PASSED] - Text '' is set on object 'Object Repository/RecAndPlayBk/Page-Vlink-AuthOnly/input_Stored Credential Indicator_stored_cr_4ae73c'

2023-02-08 18:05:05 - [TEST_STEP][PASSED] - setText(findTestObject("Object Repository/RecAndPlayBk/Page-Vlink-AuthOnly/input_COF Scheduled indicator_cof_scheduled_8df7d8"), ""): Text '' is set on object 'Object Repository/RecAndPlayBk/Page-Vlink-AuthOnly/input_COF Scheduled indicator_cof_scheduled_8df7d8'

2023-02-08 18:05:06 - [MESSAGE][PASSED] - Text '' is set on object 'Object Repository/RecAndPlayBk/Page-Vlink-AuthOnly/input_COF Scheduled indicator_cof_scheduled_8df7d8'

2023-02-08 18:05:06 - [TEST_STEP][PASSED] - setText(findTestObject("Object Repository/RecAndPlayBk/Page-Vlink-AuthOnly/input_COF Transaction Initiated by_cof_tran_6cded5"), ""): Text '' is set on object 'Object Repository/RecAndPlayBk/Page-Vlink-AuthOnly/input_COF Transaction Initiated by_cof_tran_6cded5'

2023-02-08 18:05:07 - [MESSAGE][PASSED] - Text '' is set on object 'Object Repository/RecAndPlayBk/Page-Vlink-AuthOnly/input_COF Transaction Initiated by_cof_tran_6cded5'

2023-02-08 18:05:07 - [TEST_STEP][PASSED] - click(findTestObject("Object Repository/RecAndPlayBk/Page-Vlink-AuthOnly/input")): Object: 'Object Repository/RecAndPlayBk/Page-Vlink-AuthOnly/input' is clicked on

2023-02-08 18:05:09 - [MESSAGE][PASSED] - Object: 'Object Repository/RecAndPlayBk/Page-Vlink-AuthOnly/input' is clicked on

2023-02-08 18:05:09 - [TEST_STEP][PASSED] - if (verifyTextPresent("Transaction approved, no errors", true)): null

2023-02-08 18:05:09 - [MESSAGE][PASSED] - Text 'Transaction approved, no errors' is present on page  using regular expression

2023-02-08 18:05:09 - [TEST_STEP][PASSED] - println("Transaction Approved, no errors text is present on the Confirmation page"): null

2023-02-08 18:05:09 - [TEST_STEP][PASSED] - out.println("Pass Record Number: " + row): null

2023-02-08 18:05:09 - [TEST_STEP][PASSED] - resText = "Pass": null

2023-02-08 18:05:09 - [TEST_STEP][PASSED] - pages.WriteExcel.demoKey(resText, datText, resColumn, datCloumn, fileLoc, nameSheet, row): pages.WriteExcel.demoKey is PASSED

2023-02-08 18:05:09 - [MESSAGE][PASSED] - pages.WriteExcel.demoKey is PASSED

2023-02-08 18:05:09 - [TEST_STEP][PASSED] - ExecuteTC = findTestData(dataFile).getValue("Execute", row): null

2023-02-08 18:05:09 - [TEST_STEP][PASSED] - out.println("Value of Execute is : " + ExecuteTC): null

2023-02-08 18:05:09 - [TEST_STEP][PASSED] - switch (executionProfile): null

2023-02-08 18:05:09 - [TEST_STEP][PASSED] - case "QAProfile":: null

2023-02-08 18:05:09 - [TEST_STEP][PASSED] - appID = findTestData(dataFile).getValue("AppIDQA", row): null

2023-02-08 18:05:09 - [TEST_STEP][PASSED] - username = findTestData(dataFile).getValue("UsernameQA", row): null

2023-02-08 18:05:09 - [TEST_STEP][PASSED] - password = findTestData(dataFile).getValue("PasswordQA", row): null

2023-02-08 18:05:10 - [TEST_STEP][PASSED] - break: null

2023-02-08 18:05:10 - [TEST_STEP][PASSED] - if (ExecuteTC.equalsIgnoreCase("Y")): null

2023-02-08 18:05:10 - [TEST_STEP][PASSED] - out.println("Begin Record Number: " + row): null

2023-02-08 18:05:10 - [TEST_STEP][PASSED] - today = new java.util.Date(): null

2023-02-08 18:05:10 - [TEST_STEP][PASSED] - println(today): null

2023-02-08 18:05:10 - [TEST_STEP][PASSED] - datText = today: null

2023-02-08 18:05:10 - [TEST_STEP][PASSED] - category = findTestData(dataFile).getValue("Category", row): null

2023-02-08 18:05:10 - [TEST_STEP][PASSED] - amount = findTestData(dataFile).getValue("Amount", row): null

2023-02-08 18:05:10 - [TEST_STEP][PASSED] - cardNumber = findTestData(dataFile).getValue("CardNumber", row): null

2023-02-08 18:05:10 - [TEST_STEP][PASSED] - exM = findTestData(dataFile).getValue("ExM", row): null

2023-02-08 18:05:10 - [TEST_STEP][PASSED] - exY = findTestData(dataFile).getValue("ExY", row): null

2023-02-08 18:05:10 - [TEST_STEP][PASSED] - openBrowser(VLinkURL + "auth.html"): Browser is opened with url: 'https://dev-algorithm.govolution.com/vlinktest/QA/version_2_0/auth.html'

2023-02-08 18:05:10 - [MESSAGE][WARNING] - A browser is already opened. Closing browser and opening a new one

2023-02-08 18:05:11 - [MESSAGE][INFO] - Starting 'Chrome' driver

2023-02-08 18:05:11 - [MESSAGE][INFO] - User set preference: ['acceptInsecureCerts', 'true']

2023-02-08 18:05:11 - [MESSAGE][INFO] - Action delay is set to 0 milliseconds

2023-02-08 18:05:13 - [MESSAGE][PASSED] - Browser is opened with url: 'https://dev-algorithm.govolution.com/vlinktest/QA/version_2_0/auth.html'

2023-02-08 18:05:13 - [TEST_STEP][PASSED] - maximizeWindow(): Current window maximized

2023-02-08 18:05:13 - [MESSAGE][PASSED] - Current window maximized

2023-02-08 18:05:13 - [TEST_STEP][PASSED] - maximizeWindow(): Current window maximized

2023-02-08 18:05:13 - [MESSAGE][PASSED] - Current window maximized

2023-02-08 18:05:13 - [TEST_STEP][PASSED] - genRemID = RandomStringUtils.random(12, true, true): null

2023-02-08 18:05:13 - [TEST_STEP][PASSED] - setText(findTestObject("Object Repository/VLink/Page_CCSale/txt_RemID"), genRemID): Text 'gBFducoIR9gA' is set on object 'Object Repository/VLink/Page_CCSale/txt_RemID'

2023-02-08 18:05:14 - [MESSAGE][PASSED] - Text 'gBFducoIR9gA' is set on object 'Object Repository/VLink/Page_CCSale/txt_RemID'

2023-02-08 18:05:14 - [TEST_STEP][PASSED] - setText(findTestObject("Object Repository/RecAndPlayBk/Page-Vlink-AuthOnly/input_Remittance Id_remittance_id"), genRemID): Text 'gBFducoIR9gA' is set on object 'Object Repository/RecAndPlayBk/Page-Vlink-AuthOnly/input_Remittance Id_remittance_id'

2023-02-08 18:05:14 - [MESSAGE][PASSED] - Text 'gBFducoIR9gA' is set on object 'Object Repository/RecAndPlayBk/Page-Vlink-AuthOnly/input_Remittance Id_remittance_id'

2023-02-08 18:05:14 - [TEST_STEP][PASSED] - setText(findTestObject("Object Repository/RecAndPlayBk/Page-Vlink-AuthOnly/input_Application Id_application_id"), appID): Text '581' is set on object 'Object Repository/RecAndPlayBk/Page-Vlink-AuthOnly/input_Application Id_application_id'

2023-02-08 18:05:15 - [MESSAGE][PASSED] - Text '581' is set on object 'Object Repository/RecAndPlayBk/Page-Vlink-AuthOnly/input_Application Id_application_id'

2023-02-08 18:05:15 - [TEST_STEP][PASSED] - setText(findTestObject("Object Repository/RecAndPlayBk/Page-Vlink-AuthOnly/input_Username_username"), username): Text 'usr581' is set on object 'Object Repository/RecAndPlayBk/Page-Vlink-AuthOnly/input_Username_username'

2023-02-08 18:05:16 - [MESSAGE][PASSED] - Text 'usr581' is set on object 'Object Repository/RecAndPlayBk/Page-Vlink-AuthOnly/input_Username_username'

2023-02-08 18:05:16 - [TEST_STEP][PASSED] - setText(findTestObject("Object Repository/RecAndPlayBk/Page-Vlink-AuthOnly/input_Password_password"), password): Text 'pwd581' is set on object 'Object Repository/RecAndPlayBk/Page-Vlink-AuthOnly/input_Password_password'

2023-02-08 18:05:16 - [MESSAGE][PASSED] - Text 'pwd581' is set on object 'Object Repository/RecAndPlayBk/Page-Vlink-AuthOnly/input_Password_password'

2023-02-08 18:05:16 - [TEST_STEP][PASSED] - setText(findTestObject("Object Repository/RecAndPlayBk/Page-Vlink-AuthOnly/input_Category_category"), category): Text 'ECOM' is set on object 'Object Repository/RecAndPlayBk/Page-Vlink-AuthOnly/input_Category_category'

2023-02-08 18:05:17 - [MESSAGE][PASSED] - Text 'ECOM' is set on object 'Object Repository/RecAndPlayBk/Page-Vlink-AuthOnly/input_Category_category'

2023-02-08 18:05:17 - [TEST_STEP][PASSED] - setText(findTestObject("Object Repository/RecAndPlayBk/Page-Vlink-AuthOnly/input_Amount_amount"), amount): Text '10.5' is set on object 'Object Repository/RecAndPlayBk/Page-Vlink-AuthOnly/input_Amount_amount'

2023-02-08 18:05:18 - [MESSAGE][PASSED] - Text '10.5' is set on object 'Object Repository/RecAndPlayBk/Page-Vlink-AuthOnly/input_Amount_amount'

2023-02-08 18:05:18 - [TEST_STEP][PASSED] - doubleClick(findTestObject("Object Repository/RecAndPlayBk/Page-Vlink-AuthOnly/input_Card number_card_number")): Object: 'Object Repository/RecAndPlayBk/Page-Vlink-AuthOnly/input_Card number_card_number' is double clicked on

2023-02-08 18:05:18 - [MESSAGE][PASSED] - Object: 'Object Repository/RecAndPlayBk/Page-Vlink-AuthOnly/input_Card number_card_number' is double clicked on

2023-02-08 18:05:18 - [TEST_STEP][PASSED] - setText(findTestObject("Object Repository/RecAndPlayBk/Page-Vlink-AuthOnly/input_Card number_card_number"), cardNumber): Text '5146312200000035' is set on object 'Object Repository/RecAndPlayBk/Page-Vlink-AuthOnly/input_Card number_card_number'

2023-02-08 18:05:19 - [MESSAGE][PASSED] - Text '5146312200000035' is set on object 'Object Repository/RecAndPlayBk/Page-Vlink-AuthOnly/input_Card number_card_number'

2023-02-08 18:05:19 - [TEST_STEP][PASSED] - setText(findTestObject("Object Repository/RecAndPlayBk/Page-Vlink-AuthOnly/input_Card ex month_card_exmo"), exM): Text '12' is set on object 'Object Repository/RecAndPlayBk/Page-Vlink-AuthOnly/input_Card ex month_card_exmo'

2023-02-08 18:05:19 - [MESSAGE][PASSED] - Text '12' is set on object 'Object Repository/RecAndPlayBk/Page-Vlink-AuthOnly/input_Card ex month_card_exmo'

2023-02-08 18:05:19 - [TEST_STEP][PASSED] - setText(findTestObject("Object Repository/RecAndPlayBk/Page-Vlink-AuthOnly/input_Card ex year_card_exyr"), exY): Text '2029' is set on object 'Object Repository/RecAndPlayBk/Page-Vlink-AuthOnly/input_Card ex year_card_exyr'

2023-02-08 18:05:20 - [MESSAGE][PASSED] - Text '2029' is set on object 'Object Repository/RecAndPlayBk/Page-Vlink-AuthOnly/input_Card ex year_card_exyr'

2023-02-08 18:05:20 - [TEST_STEP][PASSED] - click(findTestObject("Object Repository/RecAndPlayBk/Page-Vlink-AuthOnly/input_Track Data_track_data")): Object: 'Object Repository/RecAndPlayBk/Page-Vlink-AuthOnly/input_Track Data_track_data' is clicked on

2023-02-08 18:05:20 - [MESSAGE][PASSED] - Object: 'Object Repository/RecAndPlayBk/Page-Vlink-AuthOnly/input_Track Data_track_data' is clicked on

2023-02-08 18:05:20 - [TEST_STEP][PASSED] - click(findTestObject("Object Repository/RecAndPlayBk/Page-Vlink-AuthOnly/input_CVV state_cvv_state")): Object: 'Object Repository/RecAndPlayBk/Page-Vlink-AuthOnly/input_CVV state_cvv_state' is clicked on

2023-02-08 18:05:21 - [MESSAGE][PASSED] - Object: 'Object Repository/RecAndPlayBk/Page-Vlink-AuthOnly/input_CVV state_cvv_state' is clicked on

2023-02-08 18:05:21 - [TEST_STEP][PASSED] - setText(findTestObject("Object Repository/RecAndPlayBk/Page-Vlink-AuthOnly/input_Track Data_track_data"), ""): Text '' is set on object 'Object Repository/RecAndPlayBk/Page-Vlink-AuthOnly/input_Track Data_track_data'

2023-02-08 18:05:21 - [MESSAGE][PASSED] - Text '' is set on object 'Object Repository/RecAndPlayBk/Page-Vlink-AuthOnly/input_Track Data_track_data'

2023-02-08 18:05:21 - [TEST_STEP][PASSED] - setText(findTestObject("Object Repository/RecAndPlayBk/Page-Vlink-AuthOnly/input_concat(Cardholder, , s email)_email"), ""): Text '' is set on object 'Object Repository/RecAndPlayBk/Page-Vlink-AuthOnly/input_concat(Cardholder, , s email)_email'

2023-02-08 18:05:22 - [MESSAGE][PASSED] - Text '' is set on object 'Object Repository/RecAndPlayBk/Page-Vlink-AuthOnly/input_concat(Cardholder, , s email)_email'

2023-02-08 18:05:22 - [TEST_STEP][PASSED] - click(findTestObject("Object Repository/RecAndPlayBk/Page-Vlink-AuthOnly/input_user_defined10_user_defined10")): Object: 'Object Repository/RecAndPlayBk/Page-Vlink-AuthOnly/input_user_defined10_user_defined10' is clicked on

2023-02-08 18:05:22 - [MESSAGE][PASSED] - Object: 'Object Repository/RecAndPlayBk/Page-Vlink-AuthOnly/input_user_defined10_user_defined10' is clicked on

2023-02-08 18:05:22 - [TEST_STEP][PASSED] - if (executionProfile.equalsIgnoreCase("QAProfile")): Text '' is set on object 'Object Repository/RecAndPlayBk/Page-Vlink-AuthOnly/input_COF Transaction Initiated by_cof_tran_6cded5'

2023-02-08 18:05:22 - [TEST_STEP][PASSED] - setText(findTestObject("Object Repository/RecAndPlayBk/Page-Vlink-AuthOnly/input_Card on File Indicator_card_on_file_i_157dae"), ""): Text '' is set on object 'Object Repository/RecAndPlayBk/Page-Vlink-AuthOnly/input_Card on File Indicator_card_on_file_i_157dae'

2023-02-08 18:05:23 - [MESSAGE][PASSED] - Text '' is set on object 'Object Repository/RecAndPlayBk/Page-Vlink-AuthOnly/input_Card on File Indicator_card_on_file_i_157dae'

2023-02-08 18:05:23 - [TEST_STEP][PASSED] - setText(findTestObject("Object Repository/RecAndPlayBk/Page-Vlink-AuthOnly/input_Stored Credential Indicator_stored_cr_4ae73c"), ""): Text '' is set on object 'Object Repository/RecAndPlayBk/Page-Vlink-AuthOnly/input_Stored Credential Indicator_stored_cr_4ae73c'

2023-02-08 18:05:23 - [MESSAGE][PASSED] - Text '' is set on object 'Object Repository/RecAndPlayBk/Page-Vlink-AuthOnly/input_Stored Credential Indicator_stored_cr_4ae73c'

2023-02-08 18:05:23 - [TEST_STEP][PASSED] - setText(findTestObject("Object Repository/RecAndPlayBk/Page-Vlink-AuthOnly/input_COF Scheduled indicator_cof_scheduled_8df7d8"), ""): Text '' is set on object 'Object Repository/RecAndPlayBk/Page-Vlink-AuthOnly/input_COF Scheduled indicator_cof_scheduled_8df7d8'

2023-02-08 18:05:24 - [MESSAGE][PASSED] - Text '' is set on object 'Object Repository/RecAndPlayBk/Page-Vlink-AuthOnly/input_COF Scheduled indicator_cof_scheduled_8df7d8'

2023-02-08 18:05:24 - [TEST_STEP][PASSED] - setText(findTestObject("Object Repository/RecAndPlayBk/Page-Vlink-AuthOnly/input_COF Transaction Initiated by_cof_tran_6cded5"), ""): Text '' is set on object 'Object Repository/RecAndPlayBk/Page-Vlink-AuthOnly/input_COF Transaction Initiated by_cof_tran_6cded5'

2023-02-08 18:05:24 - [MESSAGE][PASSED] - Text '' is set on object 'Object Repository/RecAndPlayBk/Page-Vlink-AuthOnly/input_COF Transaction Initiated by_cof_tran_6cded5'

2023-02-08 18:05:24 - [TEST_STEP][PASSED] - click(findTestObject("Object Repository/RecAndPlayBk/Page-Vlink-AuthOnly/input")): Object: 'Object Repository/RecAndPlayBk/Page-Vlink-AuthOnly/input' is clicked on

2023-02-08 18:05:26 - [MESSAGE][PASSED] - Object: 'Object Repository/RecAndPlayBk/Page-Vlink-AuthOnly/input' is clicked on

2023-02-08 18:05:26 - [TEST_STEP][PASSED] - if (verifyTextPresent("Transaction approved, no errors", true)): null

2023-02-08 18:05:26 - [MESSAGE][PASSED] - Text 'Transaction approved, no errors' is present on page  using regular expression

2023-02-08 18:05:26 - [TEST_STEP][PASSED] - println("Transaction Approved, no errors text is present on the Confirmation page"): null

2023-02-08 18:05:26 - [TEST_STEP][PASSED] - out.println("Pass Record Number: " + row): null

2023-02-08 18:05:26 - [TEST_STEP][PASSED] - resText = "Pass": null

2023-02-08 18:05:26 - [TEST_STEP][PASSED] - pages.WriteExcel.demoKey(resText, datText, resColumn, datCloumn, fileLoc, nameSheet, row): pages.WriteExcel.demoKey is PASSED

2023-02-08 18:05:26 - [MESSAGE][PASSED] - pages.WriteExcel.demoKey is PASSED]]></system-out>
         <system-err><![CDATA[]]></system-err>
      </testcase>
      <testcase name="Test Cases/RecAndPlayBk/VLink/Auth-Capture" time="125.045" classname="Test Cases/RecAndPlayBk/VLink/Auth-Capture" status="PASSED">
         <system-out><![CDATA[2023-02-08 18:05:26 - [TEST_CASE][PASSED] - Test Cases/RecAndPlayBk/VLink/Auth-Capture: Test Cases/RecAndPlayBk/VLink/Auth-Capture

2023-02-08 18:05:27 - [TEST_STEP][PASSED] - executionProfile = getExecutionProfile(): null

2023-02-08 18:05:27 - [TEST_STEP][PASSED] - out.println("executionProfile : " + executionProfile): null

2023-02-08 18:05:27 - [TEST_STEP][PASSED] - appName = <not implemented yet for class: org.codehaus.groovy.ast.expr.EmptyExpression>: null

2023-02-08 18:05:27 - [TEST_STEP][PASSED] - appID = <not implemented yet for class: org.codehaus.groovy.ast.expr.EmptyExpression>: null

2023-02-08 18:05:27 - [TEST_STEP][PASSED] - username = <not implemented yet for class: org.codehaus.groovy.ast.expr.EmptyExpression>: null

2023-02-08 18:05:27 - [TEST_STEP][PASSED] - password = <not implemented yet for class: org.codehaus.groovy.ast.expr.EmptyExpression>: null

2023-02-08 18:05:27 - [TEST_STEP][PASSED] - cardNameV = <not implemented yet for class: org.codehaus.groovy.ast.expr.EmptyExpression>: null

2023-02-08 18:05:27 - [TEST_STEP][PASSED] - al1V = <not implemented yet for class: org.codehaus.groovy.ast.expr.EmptyExpression>: null

2023-02-08 18:05:27 - [TEST_STEP][PASSED] - al2V = <not implemented yet for class: org.codehaus.groovy.ast.expr.EmptyExpression>: null

2023-02-08 18:05:27 - [TEST_STEP][PASSED] - zipV = <not implemented yet for class: org.codehaus.groovy.ast.expr.EmptyExpression>: null

2023-02-08 18:05:27 - [TEST_STEP][PASSED] - cardTypeV = <not implemented yet for class: org.codehaus.groovy.ast.expr.EmptyExpression>: null

2023-02-08 18:05:27 - [TEST_STEP][PASSED] - last4V = <not implemented yet for class: org.codehaus.groovy.ast.expr.EmptyExpression>: null

2023-02-08 18:05:27 - [TEST_STEP][PASSED] - resText = "Fail": null

2023-02-08 18:05:27 - [TEST_STEP][PASSED] - resColumn = "Result": null

2023-02-08 18:05:27 - [TEST_STEP][PASSED] - datCloumn = "Date": null

2023-02-08 18:05:27 - [TEST_STEP][PASSED] - fileLoc = "KatalonData/VLinkSmokeData.xlsx": null

2023-02-08 18:05:27 - [TEST_STEP][PASSED] - numOfRows = <not implemented yet for class: org.codehaus.groovy.ast.expr.EmptyExpression>: null

2023-02-08 18:05:27 - [TEST_STEP][PASSED] - dataFile = <not implemented yet for class: org.codehaus.groovy.ast.expr.EmptyExpression>: null

2023-02-08 18:05:27 - [TEST_STEP][PASSED] - nameSheet = <not implemented yet for class: org.codehaus.groovy.ast.expr.EmptyExpression>: null

2023-02-08 18:05:27 - [TEST_STEP][PASSED] - nameSheet = "AuthCapture": null

2023-02-08 18:05:27 - [TEST_STEP][PASSED] - numOfRows = findTestData("QA/VLinkTestData/VLinkAuthCaptureData").getRowNumbers(): null

2023-02-08 18:05:27 - [TEST_STEP][PASSED] - println("Number of Records: " + numOfRows): null

2023-02-08 18:05:27 - [TEST_STEP][PASSED] - dataFile = "QA/VLinkTestData/VLinkAuthCaptureData": null

2023-02-08 18:05:27 - [TEST_STEP][PASSED] - for ([row = 1, row <= numOfRows, (row++)]): null

2023-02-08 18:05:27 - [TEST_STEP][PASSED] - ExecuteTC = findTestData(dataFile).getValue("Execute", row): null

2023-02-08 18:05:27 - [TEST_STEP][PASSED] - out.println("Value of Execute is : " + ExecuteTC): null

2023-02-08 18:05:27 - [TEST_STEP][PASSED] - switch (executionProfile): null

2023-02-08 18:05:27 - [TEST_STEP][PASSED] - case "QAProfile":: null

2023-02-08 18:05:27 - [TEST_STEP][PASSED] - appID = findTestData(dataFile).getValue("AppIDQA", row): null

2023-02-08 18:05:27 - [TEST_STEP][PASSED] - username = findTestData(dataFile).getValue("UsernameQA", row): null

2023-02-08 18:05:27 - [TEST_STEP][PASSED] - password = findTestData(dataFile).getValue("PasswordQA", row): null

2023-02-08 18:05:27 - [TEST_STEP][PASSED] - break: null

2023-02-08 18:05:27 - [TEST_STEP][PASSED] - if (ExecuteTC.equalsIgnoreCase("Y")): null

2023-02-08 18:05:27 - [TEST_STEP][PASSED] - out.println("Begin Record Number: " + row): null

2023-02-08 18:05:27 - [TEST_STEP][PASSED] - today = new java.util.Date(): null

2023-02-08 18:05:27 - [TEST_STEP][PASSED] - println(today): null

2023-02-08 18:05:27 - [TEST_STEP][PASSED] - datText = today: null

2023-02-08 18:05:27 - [TEST_STEP][PASSED] - category = findTestData(dataFile).getValue("Category", row): null

2023-02-08 18:05:28 - [TEST_STEP][PASSED] - amount = findTestData(dataFile).getValue("Amount", row): null

2023-02-08 18:05:28 - [TEST_STEP][PASSED] - cardNumber = findTestData(dataFile).getValue("CardNumber", row): null

2023-02-08 18:05:28 - [TEST_STEP][PASSED] - exM = findTestData(dataFile).getValue("ExM", row): null

2023-02-08 18:05:28 - [TEST_STEP][PASSED] - exY = findTestData(dataFile).getValue("ExY", row): null

2023-02-08 18:05:28 - [TEST_STEP][PASSED] - openBrowser(VLinkURL + "auth.html"): Browser is opened with url: 'https://dev-algorithm.govolution.com/vlinktest/QA/version_2_0/auth.html'

2023-02-08 18:05:28 - [MESSAGE][WARNING] - A browser is already opened. Closing browser and opening a new one

2023-02-08 18:05:29 - [MESSAGE][INFO] - Starting 'Chrome' driver

2023-02-08 18:05:29 - [MESSAGE][INFO] - User set preference: ['acceptInsecureCerts', 'true']

2023-02-08 18:05:29 - [MESSAGE][INFO] - Action delay is set to 0 milliseconds

2023-02-08 18:05:31 - [MESSAGE][PASSED] - Browser is opened with url: 'https://dev-algorithm.govolution.com/vlinktest/QA/version_2_0/auth.html'

2023-02-08 18:05:31 - [TEST_STEP][PASSED] - maximizeWindow(): Current window maximized

2023-02-08 18:05:31 - [MESSAGE][PASSED] - Current window maximized

2023-02-08 18:05:31 - [TEST_STEP][PASSED] - genRemID = RandomStringUtils.random(12, true, true): null

2023-02-08 18:05:31 - [TEST_STEP][PASSED] - setText(findTestObject("Object Repository/RecAndPlayBk/Page-Vlink-AuthOnly/input_Remittance Id_remittance_id"), genRemID): Text 'AKUCckoq8ZAg' is set on object 'Object Repository/RecAndPlayBk/Page-Vlink-AuthOnly/input_Remittance Id_remittance_id'

2023-02-08 18:05:31 - [MESSAGE][PASSED] - Text 'AKUCckoq8ZAg' is set on object 'Object Repository/RecAndPlayBk/Page-Vlink-AuthOnly/input_Remittance Id_remittance_id'

2023-02-08 18:05:31 - [TEST_STEP][PASSED] - setText(findTestObject("Object Repository/RecAndPlayBk/Page-Vlink-AuthOnly/input_Application Id_application_id"), appID): Text '234' is set on object 'Object Repository/RecAndPlayBk/Page-Vlink-AuthOnly/input_Application Id_application_id'

2023-02-08 18:05:32 - [MESSAGE][PASSED] - Text '234' is set on object 'Object Repository/RecAndPlayBk/Page-Vlink-AuthOnly/input_Application Id_application_id'

2023-02-08 18:05:32 - [TEST_STEP][PASSED] - setText(findTestObject("Object Repository/RecAndPlayBk/Page-Vlink-AuthOnly/input_Username_username"), username): Text 'username' is set on object 'Object Repository/RecAndPlayBk/Page-Vlink-AuthOnly/input_Username_username'

2023-02-08 18:05:33 - [MESSAGE][PASSED] - Text 'username' is set on object 'Object Repository/RecAndPlayBk/Page-Vlink-AuthOnly/input_Username_username'

2023-02-08 18:05:33 - [TEST_STEP][PASSED] - setText(findTestObject("Object Repository/RecAndPlayBk/Page-Vlink-AuthOnly/input_Password_password"), password): Text 'password' is set on object 'Object Repository/RecAndPlayBk/Page-Vlink-AuthOnly/input_Password_password'

2023-02-08 18:05:33 - [MESSAGE][PASSED] - Text 'password' is set on object 'Object Repository/RecAndPlayBk/Page-Vlink-AuthOnly/input_Password_password'

2023-02-08 18:05:33 - [TEST_STEP][PASSED] - setText(findTestObject("Object Repository/RecAndPlayBk/Page-Vlink-AuthOnly/input_Category_category"), category): Text 'ECOM' is set on object 'Object Repository/RecAndPlayBk/Page-Vlink-AuthOnly/input_Category_category'

2023-02-08 18:05:34 - [MESSAGE][PASSED] - Text 'ECOM' is set on object 'Object Repository/RecAndPlayBk/Page-Vlink-AuthOnly/input_Category_category'

2023-02-08 18:05:34 - [TEST_STEP][PASSED] - setText(findTestObject("Object Repository/RecAndPlayBk/Page-Vlink-AuthOnly/input_Amount_amount"), amount): Text '10.5' is set on object 'Object Repository/RecAndPlayBk/Page-Vlink-AuthOnly/input_Amount_amount'

2023-02-08 18:05:35 - [MESSAGE][PASSED] - Text '10.5' is set on object 'Object Repository/RecAndPlayBk/Page-Vlink-AuthOnly/input_Amount_amount'

2023-02-08 18:05:35 - [TEST_STEP][PASSED] - doubleClick(findTestObject("Object Repository/RecAndPlayBk/Page-Vlink-AuthOnly/input_Card number_card_number")): Object: 'Object Repository/RecAndPlayBk/Page-Vlink-AuthOnly/input_Card number_card_number' is double clicked on

2023-02-08 18:05:35 - [MESSAGE][PASSED] - Object: 'Object Repository/RecAndPlayBk/Page-Vlink-AuthOnly/input_Card number_card_number' is double clicked on

2023-02-08 18:05:35 - [TEST_STEP][PASSED] - setText(findTestObject("Object Repository/RecAndPlayBk/Page-Vlink-AuthOnly/input_Card number_card_number"), cardNumber): Text '4111111111111111' is set on object 'Object Repository/RecAndPlayBk/Page-Vlink-AuthOnly/input_Card number_card_number'

2023-02-08 18:05:36 - [MESSAGE][PASSED] - Text '4111111111111111' is set on object 'Object Repository/RecAndPlayBk/Page-Vlink-AuthOnly/input_Card number_card_number'

2023-02-08 18:05:36 - [TEST_STEP][PASSED] - setText(findTestObject("Object Repository/RecAndPlayBk/Page-Vlink-AuthOnly/input_Card ex month_card_exmo"), exM): Text '12' is set on object 'Object Repository/RecAndPlayBk/Page-Vlink-AuthOnly/input_Card ex month_card_exmo'

2023-02-08 18:05:36 - [MESSAGE][PASSED] - Text '12' is set on object 'Object Repository/RecAndPlayBk/Page-Vlink-AuthOnly/input_Card ex month_card_exmo'

2023-02-08 18:05:36 - [TEST_STEP][PASSED] - setText(findTestObject("Object Repository/RecAndPlayBk/Page-Vlink-AuthOnly/input_Card ex year_card_exyr"), exY): Text '2029' is set on object 'Object Repository/RecAndPlayBk/Page-Vlink-AuthOnly/input_Card ex year_card_exyr'

2023-02-08 18:05:37 - [MESSAGE][PASSED] - Text '2029' is set on object 'Object Repository/RecAndPlayBk/Page-Vlink-AuthOnly/input_Card ex year_card_exyr'

2023-02-08 18:05:37 - [TEST_STEP][PASSED] - click(findTestObject("Object Repository/RecAndPlayBk/Page-Vlink-AuthOnly/input_Track Data_track_data")): Object: 'Object Repository/RecAndPlayBk/Page-Vlink-AuthOnly/input_Track Data_track_data' is clicked on

2023-02-08 18:05:37 - [MESSAGE][PASSED] - Object: 'Object Repository/RecAndPlayBk/Page-Vlink-AuthOnly/input_Track Data_track_data' is clicked on

2023-02-08 18:05:37 - [TEST_STEP][PASSED] - click(findTestObject("Object Repository/RecAndPlayBk/Page-Vlink-AuthOnly/input_CVV state_cvv_state")): Object: 'Object Repository/RecAndPlayBk/Page-Vlink-AuthOnly/input_CVV state_cvv_state' is clicked on

2023-02-08 18:05:38 - [MESSAGE][PASSED] - Object: 'Object Repository/RecAndPlayBk/Page-Vlink-AuthOnly/input_CVV state_cvv_state' is clicked on

2023-02-08 18:05:38 - [TEST_STEP][PASSED] - setText(findTestObject("Object Repository/RecAndPlayBk/Page-Vlink-AuthOnly/input_Track Data_track_data"), ""): Text '' is set on object 'Object Repository/RecAndPlayBk/Page-Vlink-AuthOnly/input_Track Data_track_data'

2023-02-08 18:05:38 - [MESSAGE][PASSED] - Text '' is set on object 'Object Repository/RecAndPlayBk/Page-Vlink-AuthOnly/input_Track Data_track_data'

2023-02-08 18:05:38 - [TEST_STEP][PASSED] - setText(findTestObject("Object Repository/RecAndPlayBk/Page-Vlink-AuthOnly/input_concat(Cardholder, , s email)_email"), ""): Text '' is set on object 'Object Repository/RecAndPlayBk/Page-Vlink-AuthOnly/input_concat(Cardholder, , s email)_email'

2023-02-08 18:05:39 - [MESSAGE][PASSED] - Text '' is set on object 'Object Repository/RecAndPlayBk/Page-Vlink-AuthOnly/input_concat(Cardholder, , s email)_email'

2023-02-08 18:05:39 - [TEST_STEP][PASSED] - click(findTestObject("Object Repository/RecAndPlayBk/Page-Vlink-AuthOnly/input_user_defined10_user_defined10")): Object: 'Object Repository/RecAndPlayBk/Page-Vlink-AuthOnly/input_user_defined10_user_defined10' is clicked on

2023-02-08 18:05:39 - [MESSAGE][PASSED] - Object: 'Object Repository/RecAndPlayBk/Page-Vlink-AuthOnly/input_user_defined10_user_defined10' is clicked on

2023-02-08 18:05:39 - [TEST_STEP][PASSED] - if (executionProfile.equalsIgnoreCase("QAProfile")): Text '' is set on object 'Object Repository/RecAndPlayBk/Page-Vlink-AuthOnly/input_COF Transaction Initiated by_cof_tran_6cded5'

2023-02-08 18:05:39 - [TEST_STEP][PASSED] - setText(findTestObject("Object Repository/RecAndPlayBk/Page-Vlink-AuthOnly/input_Card on File Indicator_card_on_file_i_157dae"), ""): Text '' is set on object 'Object Repository/RecAndPlayBk/Page-Vlink-AuthOnly/input_Card on File Indicator_card_on_file_i_157dae'

2023-02-08 18:05:40 - [MESSAGE][PASSED] - Text '' is set on object 'Object Repository/RecAndPlayBk/Page-Vlink-AuthOnly/input_Card on File Indicator_card_on_file_i_157dae'

2023-02-08 18:05:40 - [TEST_STEP][PASSED] - setText(findTestObject("Object Repository/RecAndPlayBk/Page-Vlink-AuthOnly/input_Stored Credential Indicator_stored_cr_4ae73c"), ""): Text '' is set on object 'Object Repository/RecAndPlayBk/Page-Vlink-AuthOnly/input_Stored Credential Indicator_stored_cr_4ae73c'

2023-02-08 18:05:40 - [MESSAGE][PASSED] - Text '' is set on object 'Object Repository/RecAndPlayBk/Page-Vlink-AuthOnly/input_Stored Credential Indicator_stored_cr_4ae73c'

2023-02-08 18:05:40 - [TEST_STEP][PASSED] - setText(findTestObject("Object Repository/RecAndPlayBk/Page-Vlink-AuthOnly/input_COF Scheduled indicator_cof_scheduled_8df7d8"), ""): Text '' is set on object 'Object Repository/RecAndPlayBk/Page-Vlink-AuthOnly/input_COF Scheduled indicator_cof_scheduled_8df7d8'

2023-02-08 18:05:41 - [MESSAGE][PASSED] - Text '' is set on object 'Object Repository/RecAndPlayBk/Page-Vlink-AuthOnly/input_COF Scheduled indicator_cof_scheduled_8df7d8'

2023-02-08 18:05:41 - [TEST_STEP][PASSED] - setText(findTestObject("Object Repository/RecAndPlayBk/Page-Vlink-AuthOnly/input_COF Transaction Initiated by_cof_tran_6cded5"), ""): Text '' is set on object 'Object Repository/RecAndPlayBk/Page-Vlink-AuthOnly/input_COF Transaction Initiated by_cof_tran_6cded5'

2023-02-08 18:05:42 - [MESSAGE][PASSED] - Text '' is set on object 'Object Repository/RecAndPlayBk/Page-Vlink-AuthOnly/input_COF Transaction Initiated by_cof_tran_6cded5'

2023-02-08 18:05:42 - [TEST_STEP][PASSED] - click(findTestObject("Object Repository/RecAndPlayBk/Page-Vlink-AuthOnly/input")): Object: 'Object Repository/RecAndPlayBk/Page-Vlink-AuthOnly/input' is clicked on

2023-02-08 18:05:43 - [MESSAGE][PASSED] - Object: 'Object Repository/RecAndPlayBk/Page-Vlink-AuthOnly/input' is clicked on

2023-02-08 18:05:43 - [TEST_STEP][PASSED] - if (verifyTextPresent("Transaction approved, no errors", true)): null

2023-02-08 18:05:43 - [MESSAGE][PASSED] - Text 'Transaction approved, no errors' is present on page  using regular expression

2023-02-08 18:05:43 - [TEST_STEP][PASSED] - out.println("Auth was successful, Capture now"): null

2023-02-08 18:05:43 - [TEST_STEP][PASSED] - sdfo = getText(findTestObject("Object Repository/Page_VLinkReceipt/pre_STX")): Text of object 'Object Repository/Page_VLinkReceipt/pre_STX' is: '<STX>AKUCckoq8ZAg                  12125156            0  Transaction approved, no errors                   0                                                                                  Y 143120261<ETX>'

2023-02-08 18:05:43 - [MESSAGE][PASSED] - Text of object 'Object Repository/Page_VLinkReceipt/pre_STX' is: '<STX>AKUCckoq8ZAg                  12125156            0  Transaction approved, no errors                   0                                                                                  Y 143120261<ETX>'

2023-02-08 18:05:43 - [TEST_STEP][PASSED] - out.println("sdfo: " + sdfo): null

2023-02-08 18:05:43 - [TEST_STEP][PASSED] - remID = substring(5, 35).trim(): null

2023-02-08 18:05:43 - [TEST_STEP][PASSED] - out.println("remID: " + remID): null

2023-02-08 18:05:43 - [TEST_STEP][PASSED] - traxID = substring(35, 55).trim(): null

2023-02-08 18:05:43 - [TEST_STEP][PASSED] - out.println("traxID: " + traxID): null

2023-02-08 18:05:43 - [TEST_STEP][PASSED] - VLinkSaleRemID = remID: null

2023-02-08 18:05:43 - [TEST_STEP][PASSED] - VLinkSaleTranxID = traxID: null

2023-02-08 18:05:43 - [TEST_STEP][PASSED] - openBrowser(VLinkURL + "capture.html"): Browser is opened with url: 'https://dev-algorithm.govolution.com/vlinktest/QA/version_2_0/capture.html'

2023-02-08 18:05:43 - [MESSAGE][WARNING] - A browser is already opened. Closing browser and opening a new one

2023-02-08 18:05:44 - [MESSAGE][INFO] - Starting 'Chrome' driver

2023-02-08 18:05:44 - [MESSAGE][INFO] - User set preference: ['acceptInsecureCerts', 'true']

2023-02-08 18:05:44 - [MESSAGE][INFO] - Action delay is set to 0 milliseconds

2023-02-08 18:05:46 - [MESSAGE][PASSED] - Browser is opened with url: 'https://dev-algorithm.govolution.com/vlinktest/QA/version_2_0/capture.html'

2023-02-08 18:05:46 - [TEST_STEP][PASSED] - maximizeWindow(): Current window maximized

2023-02-08 18:05:46 - [MESSAGE][PASSED] - Current window maximized

2023-02-08 18:05:46 - [TEST_STEP][PASSED] - setText(findTestObject("Object Repository/RecAndPlayBk/Page-VLink-Capture/input_Remittance Id_remittance_id"), VLinkSaleRemID): Text 'AKUCckoq8ZAg' is set on object 'Object Repository/RecAndPlayBk/Page-VLink-Capture/input_Remittance Id_remittance_id'

2023-02-08 18:05:47 - [MESSAGE][PASSED] - Text 'AKUCckoq8ZAg' is set on object 'Object Repository/RecAndPlayBk/Page-VLink-Capture/input_Remittance Id_remittance_id'

2023-02-08 18:05:47 - [TEST_STEP][PASSED] - setText(findTestObject("Object Repository/RecAndPlayBk/Page-VLink-Capture/input_Application Id_application_id"), appID): Text '234' is set on object 'Object Repository/RecAndPlayBk/Page-VLink-Capture/input_Application Id_application_id'

2023-02-08 18:05:47 - [MESSAGE][PASSED] - Text '234' is set on object 'Object Repository/RecAndPlayBk/Page-VLink-Capture/input_Application Id_application_id'

2023-02-08 18:05:47 - [TEST_STEP][PASSED] - setText(findTestObject("Object Repository/RecAndPlayBk/Page-VLink-Capture/input_Username_username"), username): Text 'username' is set on object 'Object Repository/RecAndPlayBk/Page-VLink-Capture/input_Username_username'

2023-02-08 18:05:48 - [MESSAGE][PASSED] - Text 'username' is set on object 'Object Repository/RecAndPlayBk/Page-VLink-Capture/input_Username_username'

2023-02-08 18:05:48 - [TEST_STEP][PASSED] - setText(findTestObject("Object Repository/RecAndPlayBk/Page-VLink-Capture/input_Password_password"), password): Text 'password' is set on object 'Object Repository/RecAndPlayBk/Page-VLink-Capture/input_Password_password'

2023-02-08 18:05:48 - [MESSAGE][PASSED] - Text 'password' is set on object 'Object Repository/RecAndPlayBk/Page-VLink-Capture/input_Password_password'

2023-02-08 18:05:48 - [TEST_STEP][PASSED] - setText(findTestObject("Object Repository/RecAndPlayBk/Page-VLink-Capture/input_Transaction ID_transaction_id"), VLinkSaleTranxID): Text '12125156' is set on object 'Object Repository/RecAndPlayBk/Page-VLink-Capture/input_Transaction ID_transaction_id'

2023-02-08 18:05:49 - [MESSAGE][PASSED] - Text '12125156' is set on object 'Object Repository/RecAndPlayBk/Page-VLink-Capture/input_Transaction ID_transaction_id'

2023-02-08 18:05:49 - [TEST_STEP][PASSED] - setText(findTestObject("Object Repository/RecAndPlayBk/Page-VLink-Capture/input_Amount_amount"), amount): Text '10.5' is set on object 'Object Repository/RecAndPlayBk/Page-VLink-Capture/input_Amount_amount'

2023-02-08 18:05:50 - [MESSAGE][PASSED] - Text '10.5' is set on object 'Object Repository/RecAndPlayBk/Page-VLink-Capture/input_Amount_amount'

2023-02-08 18:05:50 - [TEST_STEP][PASSED] - click(findTestObject("Object Repository/RecAndPlayBk/Page-VLink-Capture/input")): Object: 'Object Repository/RecAndPlayBk/Page-VLink-Capture/input' is clicked on

2023-02-08 18:05:51 - [MESSAGE][PASSED] - Object: 'Object Repository/RecAndPlayBk/Page-VLink-Capture/input' is clicked on

2023-02-08 18:05:51 - [TEST_STEP][PASSED] - if (verifyTextPresent("Transaction approved, no errors", true)): null

2023-02-08 18:05:51 - [MESSAGE][PASSED] - Text 'Transaction approved, no errors' is present on page  using regular expression

2023-02-08 18:05:51 - [TEST_STEP][PASSED] - println("Transaction Approved, no errors text is present on the Confirmation page"): null

2023-02-08 18:05:51 - [TEST_STEP][PASSED] - out.println("Pass Record Number: " + row): null

2023-02-08 18:05:51 - [TEST_STEP][PASSED] - resText = "Pass": null

2023-02-08 18:05:51 - [TEST_STEP][PASSED] - pages.WriteExcel.demoKey(resText, datText, resColumn, datCloumn, fileLoc, nameSheet, row): pages.WriteExcel.demoKey is PASSED

2023-02-08 18:05:52 - [MESSAGE][PASSED] - pages.WriteExcel.demoKey is PASSED

2023-02-08 18:05:52 - [TEST_STEP][PASSED] - ExecuteTC = findTestData(dataFile).getValue("Execute", row): null

2023-02-08 18:05:52 - [TEST_STEP][PASSED] - out.println("Value of Execute is : " + ExecuteTC): null

2023-02-08 18:05:52 - [TEST_STEP][PASSED] - switch (executionProfile): null

2023-02-08 18:05:52 - [TEST_STEP][PASSED] - case "QAProfile":: null

2023-02-08 18:05:52 - [TEST_STEP][PASSED] - appID = findTestData(dataFile).getValue("AppIDQA", row): null

2023-02-08 18:05:52 - [TEST_STEP][PASSED] - username = findTestData(dataFile).getValue("UsernameQA", row): null

2023-02-08 18:05:52 - [TEST_STEP][PASSED] - password = findTestData(dataFile).getValue("PasswordQA", row): null

2023-02-08 18:05:52 - [TEST_STEP][PASSED] - break: null

2023-02-08 18:05:52 - [TEST_STEP][PASSED] - if (ExecuteTC.equalsIgnoreCase("Y")): null

2023-02-08 18:05:52 - [TEST_STEP][PASSED] - out.println("Begin Record Number: " + row): null

2023-02-08 18:05:52 - [TEST_STEP][PASSED] - today = new java.util.Date(): null

2023-02-08 18:05:52 - [TEST_STEP][PASSED] - println(today): null

2023-02-08 18:05:52 - [TEST_STEP][PASSED] - datText = today: null

2023-02-08 18:05:52 - [TEST_STEP][PASSED] - category = findTestData(dataFile).getValue("Category", row): null

2023-02-08 18:05:52 - [TEST_STEP][PASSED] - amount = findTestData(dataFile).getValue("Amount", row): null

2023-02-08 18:05:52 - [TEST_STEP][PASSED] - cardNumber = findTestData(dataFile).getValue("CardNumber", row): null

2023-02-08 18:05:52 - [TEST_STEP][PASSED] - exM = findTestData(dataFile).getValue("ExM", row): null

2023-02-08 18:05:52 - [TEST_STEP][PASSED] - exY = findTestData(dataFile).getValue("ExY", row): null

2023-02-08 18:05:52 - [TEST_STEP][PASSED] - openBrowser(VLinkURL + "auth.html"): Browser is opened with url: 'https://dev-algorithm.govolution.com/vlinktest/QA/version_2_0/auth.html'

2023-02-08 18:05:52 - [MESSAGE][WARNING] - A browser is already opened. Closing browser and opening a new one

2023-02-08 18:05:53 - [MESSAGE][INFO] - Starting 'Chrome' driver

2023-02-08 18:05:53 - [MESSAGE][INFO] - User set preference: ['acceptInsecureCerts', 'true']

2023-02-08 18:05:53 - [MESSAGE][INFO] - Action delay is set to 0 milliseconds

2023-02-08 18:05:55 - [MESSAGE][PASSED] - Browser is opened with url: 'https://dev-algorithm.govolution.com/vlinktest/QA/version_2_0/auth.html'

2023-02-08 18:05:55 - [TEST_STEP][PASSED] - maximizeWindow(): Current window maximized

2023-02-08 18:05:55 - [MESSAGE][PASSED] - Current window maximized

2023-02-08 18:05:55 - [TEST_STEP][PASSED] - genRemID = RandomStringUtils.random(12, true, true): null

2023-02-08 18:05:55 - [TEST_STEP][PASSED] - setText(findTestObject("Object Repository/RecAndPlayBk/Page-Vlink-AuthOnly/input_Remittance Id_remittance_id"), genRemID): Text 'KAzQPJUnOvAG' is set on object 'Object Repository/RecAndPlayBk/Page-Vlink-AuthOnly/input_Remittance Id_remittance_id'

2023-02-08 18:05:56 - [MESSAGE][PASSED] - Text 'KAzQPJUnOvAG' is set on object 'Object Repository/RecAndPlayBk/Page-Vlink-AuthOnly/input_Remittance Id_remittance_id'

2023-02-08 18:05:56 - [TEST_STEP][PASSED] - setText(findTestObject("Object Repository/RecAndPlayBk/Page-Vlink-AuthOnly/input_Application Id_application_id"), appID): Text '234' is set on object 'Object Repository/RecAndPlayBk/Page-Vlink-AuthOnly/input_Application Id_application_id'

2023-02-08 18:05:57 - [MESSAGE][PASSED] - Text '234' is set on object 'Object Repository/RecAndPlayBk/Page-Vlink-AuthOnly/input_Application Id_application_id'

2023-02-08 18:05:57 - [TEST_STEP][PASSED] - setText(findTestObject("Object Repository/RecAndPlayBk/Page-Vlink-AuthOnly/input_Username_username"), username): Text 'username' is set on object 'Object Repository/RecAndPlayBk/Page-Vlink-AuthOnly/input_Username_username'

2023-02-08 18:05:57 - [MESSAGE][PASSED] - Text 'username' is set on object 'Object Repository/RecAndPlayBk/Page-Vlink-AuthOnly/input_Username_username'

2023-02-08 18:05:57 - [TEST_STEP][PASSED] - setText(findTestObject("Object Repository/RecAndPlayBk/Page-Vlink-AuthOnly/input_Password_password"), password): Text 'password' is set on object 'Object Repository/RecAndPlayBk/Page-Vlink-AuthOnly/input_Password_password'

2023-02-08 18:05:58 - [MESSAGE][PASSED] - Text 'password' is set on object 'Object Repository/RecAndPlayBk/Page-Vlink-AuthOnly/input_Password_password'

2023-02-08 18:05:58 - [TEST_STEP][PASSED] - setText(findTestObject("Object Repository/RecAndPlayBk/Page-Vlink-AuthOnly/input_Category_category"), category): Text 'MOTO' is set on object 'Object Repository/RecAndPlayBk/Page-Vlink-AuthOnly/input_Category_category'

2023-02-08 18:05:59 - [MESSAGE][PASSED] - Text 'MOTO' is set on object 'Object Repository/RecAndPlayBk/Page-Vlink-AuthOnly/input_Category_category'

2023-02-08 18:05:59 - [TEST_STEP][PASSED] - setText(findTestObject("Object Repository/RecAndPlayBk/Page-Vlink-AuthOnly/input_Amount_amount"), amount): Text '10.5' is set on object 'Object Repository/RecAndPlayBk/Page-Vlink-AuthOnly/input_Amount_amount'

2023-02-08 18:05:59 - [MESSAGE][PASSED] - Text '10.5' is set on object 'Object Repository/RecAndPlayBk/Page-Vlink-AuthOnly/input_Amount_amount'

2023-02-08 18:05:59 - [TEST_STEP][PASSED] - doubleClick(findTestObject("Object Repository/RecAndPlayBk/Page-Vlink-AuthOnly/input_Card number_card_number")): Object: 'Object Repository/RecAndPlayBk/Page-Vlink-AuthOnly/input_Card number_card_number' is double clicked on

2023-02-08 18:06:00 - [MESSAGE][PASSED] - Object: 'Object Repository/RecAndPlayBk/Page-Vlink-AuthOnly/input_Card number_card_number' is double clicked on

2023-02-08 18:06:00 - [TEST_STEP][PASSED] - setText(findTestObject("Object Repository/RecAndPlayBk/Page-Vlink-AuthOnly/input_Card number_card_number"), cardNumber): Text '5424000000000015' is set on object 'Object Repository/RecAndPlayBk/Page-Vlink-AuthOnly/input_Card number_card_number'

2023-02-08 18:06:00 - [MESSAGE][PASSED] - Text '5424000000000015' is set on object 'Object Repository/RecAndPlayBk/Page-Vlink-AuthOnly/input_Card number_card_number'

2023-02-08 18:06:00 - [TEST_STEP][PASSED] - setText(findTestObject("Object Repository/RecAndPlayBk/Page-Vlink-AuthOnly/input_Card ex month_card_exmo"), exM): Text '12' is set on object 'Object Repository/RecAndPlayBk/Page-Vlink-AuthOnly/input_Card ex month_card_exmo'

2023-02-08 18:06:01 - [MESSAGE][PASSED] - Text '12' is set on object 'Object Repository/RecAndPlayBk/Page-Vlink-AuthOnly/input_Card ex month_card_exmo'

2023-02-08 18:06:01 - [TEST_STEP][PASSED] - setText(findTestObject("Object Repository/RecAndPlayBk/Page-Vlink-AuthOnly/input_Card ex year_card_exyr"), exY): Text '2029' is set on object 'Object Repository/RecAndPlayBk/Page-Vlink-AuthOnly/input_Card ex year_card_exyr'

2023-02-08 18:06:02 - [MESSAGE][PASSED] - Text '2029' is set on object 'Object Repository/RecAndPlayBk/Page-Vlink-AuthOnly/input_Card ex year_card_exyr'

2023-02-08 18:06:02 - [TEST_STEP][PASSED] - click(findTestObject("Object Repository/RecAndPlayBk/Page-Vlink-AuthOnly/input_Track Data_track_data")): Object: 'Object Repository/RecAndPlayBk/Page-Vlink-AuthOnly/input_Track Data_track_data' is clicked on

2023-02-08 18:06:02 - [MESSAGE][PASSED] - Object: 'Object Repository/RecAndPlayBk/Page-Vlink-AuthOnly/input_Track Data_track_data' is clicked on

2023-02-08 18:06:02 - [TEST_STEP][PASSED] - click(findTestObject("Object Repository/RecAndPlayBk/Page-Vlink-AuthOnly/input_CVV state_cvv_state")): Object: 'Object Repository/RecAndPlayBk/Page-Vlink-AuthOnly/input_CVV state_cvv_state' is clicked on

2023-02-08 18:06:02 - [MESSAGE][PASSED] - Object: 'Object Repository/RecAndPlayBk/Page-Vlink-AuthOnly/input_CVV state_cvv_state' is clicked on

2023-02-08 18:06:02 - [TEST_STEP][PASSED] - setText(findTestObject("Object Repository/RecAndPlayBk/Page-Vlink-AuthOnly/input_Track Data_track_data"), ""): Text '' is set on object 'Object Repository/RecAndPlayBk/Page-Vlink-AuthOnly/input_Track Data_track_data'

2023-02-08 18:06:03 - [MESSAGE][PASSED] - Text '' is set on object 'Object Repository/RecAndPlayBk/Page-Vlink-AuthOnly/input_Track Data_track_data'

2023-02-08 18:06:03 - [TEST_STEP][PASSED] - setText(findTestObject("Object Repository/RecAndPlayBk/Page-Vlink-AuthOnly/input_concat(Cardholder, , s email)_email"), ""): Text '' is set on object 'Object Repository/RecAndPlayBk/Page-Vlink-AuthOnly/input_concat(Cardholder, , s email)_email'

2023-02-08 18:06:03 - [MESSAGE][PASSED] - Text '' is set on object 'Object Repository/RecAndPlayBk/Page-Vlink-AuthOnly/input_concat(Cardholder, , s email)_email'

2023-02-08 18:06:03 - [TEST_STEP][PASSED] - click(findTestObject("Object Repository/RecAndPlayBk/Page-Vlink-AuthOnly/input_user_defined10_user_defined10")): Object: 'Object Repository/RecAndPlayBk/Page-Vlink-AuthOnly/input_user_defined10_user_defined10' is clicked on

2023-02-08 18:06:04 - [MESSAGE][PASSED] - Object: 'Object Repository/RecAndPlayBk/Page-Vlink-AuthOnly/input_user_defined10_user_defined10' is clicked on

2023-02-08 18:06:04 - [TEST_STEP][PASSED] - if (executionProfile.equalsIgnoreCase("QAProfile")): Text '' is set on object 'Object Repository/RecAndPlayBk/Page-Vlink-AuthOnly/input_COF Transaction Initiated by_cof_tran_6cded5'

2023-02-08 18:06:04 - [TEST_STEP][PASSED] - setText(findTestObject("Object Repository/RecAndPlayBk/Page-Vlink-AuthOnly/input_Card on File Indicator_card_on_file_i_157dae"), ""): Text '' is set on object 'Object Repository/RecAndPlayBk/Page-Vlink-AuthOnly/input_Card on File Indicator_card_on_file_i_157dae'

2023-02-08 18:06:04 - [MESSAGE][PASSED] - Text '' is set on object 'Object Repository/RecAndPlayBk/Page-Vlink-AuthOnly/input_Card on File Indicator_card_on_file_i_157dae'

2023-02-08 18:06:04 - [TEST_STEP][PASSED] - setText(findTestObject("Object Repository/RecAndPlayBk/Page-Vlink-AuthOnly/input_Stored Credential Indicator_stored_cr_4ae73c"), ""): Text '' is set on object 'Object Repository/RecAndPlayBk/Page-Vlink-AuthOnly/input_Stored Credential Indicator_stored_cr_4ae73c'

2023-02-08 18:06:05 - [MESSAGE][PASSED] - Text '' is set on object 'Object Repository/RecAndPlayBk/Page-Vlink-AuthOnly/input_Stored Credential Indicator_stored_cr_4ae73c'

2023-02-08 18:06:05 - [TEST_STEP][PASSED] - setText(findTestObject("Object Repository/RecAndPlayBk/Page-Vlink-AuthOnly/input_COF Scheduled indicator_cof_scheduled_8df7d8"), ""): Text '' is set on object 'Object Repository/RecAndPlayBk/Page-Vlink-AuthOnly/input_COF Scheduled indicator_cof_scheduled_8df7d8'

2023-02-08 18:06:06 - [MESSAGE][PASSED] - Text '' is set on object 'Object Repository/RecAndPlayBk/Page-Vlink-AuthOnly/input_COF Scheduled indicator_cof_scheduled_8df7d8'

2023-02-08 18:06:06 - [TEST_STEP][PASSED] - setText(findTestObject("Object Repository/RecAndPlayBk/Page-Vlink-AuthOnly/input_COF Transaction Initiated by_cof_tran_6cded5"), ""): Text '' is set on object 'Object Repository/RecAndPlayBk/Page-Vlink-AuthOnly/input_COF Transaction Initiated by_cof_tran_6cded5'

2023-02-08 18:06:06 - [MESSAGE][PASSED] - Text '' is set on object 'Object Repository/RecAndPlayBk/Page-Vlink-AuthOnly/input_COF Transaction Initiated by_cof_tran_6cded5'

2023-02-08 18:06:06 - [TEST_STEP][PASSED] - click(findTestObject("Object Repository/RecAndPlayBk/Page-Vlink-AuthOnly/input")): Object: 'Object Repository/RecAndPlayBk/Page-Vlink-AuthOnly/input' is clicked on

2023-02-08 18:06:07 - [MESSAGE][PASSED] - Object: 'Object Repository/RecAndPlayBk/Page-Vlink-AuthOnly/input' is clicked on

2023-02-08 18:06:07 - [TEST_STEP][PASSED] - if (verifyTextPresent("Transaction approved, no errors", true)): null

2023-02-08 18:06:07 - [MESSAGE][PASSED] - Text 'Transaction approved, no errors' is present on page  using regular expression

2023-02-08 18:06:07 - [TEST_STEP][PASSED] - out.println("Auth was successful, Capture now"): null

2023-02-08 18:06:07 - [TEST_STEP][PASSED] - sdfo = getText(findTestObject("Object Repository/Page_VLinkReceipt/pre_STX")): Text of object 'Object Repository/Page_VLinkReceipt/pre_STX' is: '<STX>KAzQPJUnOvAG                  12125158            0  Transaction approved, no errors                   0                                                                                  Y 114841203<ETX>'

2023-02-08 18:06:08 - [MESSAGE][PASSED] - Text of object 'Object Repository/Page_VLinkReceipt/pre_STX' is: '<STX>KAzQPJUnOvAG                  12125158            0  Transaction approved, no errors                   0                                                                                  Y 114841203<ETX>'

2023-02-08 18:06:08 - [TEST_STEP][PASSED] - out.println("sdfo: " + sdfo): null

2023-02-08 18:06:08 - [TEST_STEP][PASSED] - remID = substring(5, 35).trim(): null

2023-02-08 18:06:08 - [TEST_STEP][PASSED] - out.println("remID: " + remID): null

2023-02-08 18:06:08 - [TEST_STEP][PASSED] - traxID = substring(35, 55).trim(): null

2023-02-08 18:06:08 - [TEST_STEP][PASSED] - out.println("traxID: " + traxID): null

2023-02-08 18:06:08 - [TEST_STEP][PASSED] - VLinkSaleRemID = remID: null

2023-02-08 18:06:08 - [TEST_STEP][PASSED] - VLinkSaleTranxID = traxID: null

2023-02-08 18:06:08 - [TEST_STEP][PASSED] - openBrowser(VLinkURL + "capture.html"): Browser is opened with url: 'https://dev-algorithm.govolution.com/vlinktest/QA/version_2_0/capture.html'

2023-02-08 18:06:08 - [MESSAGE][WARNING] - A browser is already opened. Closing browser and opening a new one

2023-02-08 18:06:09 - [MESSAGE][INFO] - Starting 'Chrome' driver

2023-02-08 18:06:09 - [MESSAGE][INFO] - User set preference: ['acceptInsecureCerts', 'true']

2023-02-08 18:06:09 - [MESSAGE][INFO] - Action delay is set to 0 milliseconds

2023-02-08 18:06:10 - [MESSAGE][PASSED] - Browser is opened with url: 'https://dev-algorithm.govolution.com/vlinktest/QA/version_2_0/capture.html'

2023-02-08 18:06:10 - [TEST_STEP][PASSED] - maximizeWindow(): Current window maximized

2023-02-08 18:06:10 - [MESSAGE][PASSED] - Current window maximized

2023-02-08 18:06:10 - [TEST_STEP][PASSED] - setText(findTestObject("Object Repository/RecAndPlayBk/Page-VLink-Capture/input_Remittance Id_remittance_id"), VLinkSaleRemID): Text 'KAzQPJUnOvAG' is set on object 'Object Repository/RecAndPlayBk/Page-VLink-Capture/input_Remittance Id_remittance_id'

2023-02-08 18:06:11 - [MESSAGE][PASSED] - Text 'KAzQPJUnOvAG' is set on object 'Object Repository/RecAndPlayBk/Page-VLink-Capture/input_Remittance Id_remittance_id'

2023-02-08 18:06:11 - [TEST_STEP][PASSED] - setText(findTestObject("Object Repository/RecAndPlayBk/Page-VLink-Capture/input_Application Id_application_id"), appID): Text '234' is set on object 'Object Repository/RecAndPlayBk/Page-VLink-Capture/input_Application Id_application_id'

2023-02-08 18:06:12 - [MESSAGE][PASSED] - Text '234' is set on object 'Object Repository/RecAndPlayBk/Page-VLink-Capture/input_Application Id_application_id'

2023-02-08 18:06:12 - [TEST_STEP][PASSED] - setText(findTestObject("Object Repository/RecAndPlayBk/Page-VLink-Capture/input_Username_username"), username): Text 'username' is set on object 'Object Repository/RecAndPlayBk/Page-VLink-Capture/input_Username_username'

2023-02-08 18:06:12 - [MESSAGE][PASSED] - Text 'username' is set on object 'Object Repository/RecAndPlayBk/Page-VLink-Capture/input_Username_username'

2023-02-08 18:06:12 - [TEST_STEP][PASSED] - setText(findTestObject("Object Repository/RecAndPlayBk/Page-VLink-Capture/input_Password_password"), password): Text 'password' is set on object 'Object Repository/RecAndPlayBk/Page-VLink-Capture/input_Password_password'

2023-02-08 18:06:13 - [MESSAGE][PASSED] - Text 'password' is set on object 'Object Repository/RecAndPlayBk/Page-VLink-Capture/input_Password_password'

2023-02-08 18:06:13 - [TEST_STEP][PASSED] - setText(findTestObject("Object Repository/RecAndPlayBk/Page-VLink-Capture/input_Transaction ID_transaction_id"), VLinkSaleTranxID): Text '12125158' is set on object 'Object Repository/RecAndPlayBk/Page-VLink-Capture/input_Transaction ID_transaction_id'

2023-02-08 18:06:14 - [MESSAGE][PASSED] - Text '12125158' is set on object 'Object Repository/RecAndPlayBk/Page-VLink-Capture/input_Transaction ID_transaction_id'

2023-02-08 18:06:14 - [TEST_STEP][PASSED] - setText(findTestObject("Object Repository/RecAndPlayBk/Page-VLink-Capture/input_Amount_amount"), amount): Text '10.5' is set on object 'Object Repository/RecAndPlayBk/Page-VLink-Capture/input_Amount_amount'

2023-02-08 18:06:14 - [MESSAGE][PASSED] - Text '10.5' is set on object 'Object Repository/RecAndPlayBk/Page-VLink-Capture/input_Amount_amount'

2023-02-08 18:06:14 - [TEST_STEP][PASSED] - click(findTestObject("Object Repository/RecAndPlayBk/Page-VLink-Capture/input")): Object: 'Object Repository/RecAndPlayBk/Page-VLink-Capture/input' is clicked on

2023-02-08 18:06:16 - [MESSAGE][PASSED] - Object: 'Object Repository/RecAndPlayBk/Page-VLink-Capture/input' is clicked on

2023-02-08 18:06:16 - [TEST_STEP][PASSED] - if (verifyTextPresent("Transaction approved, no errors", true)): null

2023-02-08 18:06:16 - [MESSAGE][PASSED] - Text 'Transaction approved, no errors' is present on page  using regular expression

2023-02-08 18:06:16 - [TEST_STEP][PASSED] - println("Transaction Approved, no errors text is present on the Confirmation page"): null

2023-02-08 18:06:16 - [TEST_STEP][PASSED] - out.println("Pass Record Number: " + row): null

2023-02-08 18:06:16 - [TEST_STEP][PASSED] - resText = "Pass": null

2023-02-08 18:06:16 - [TEST_STEP][PASSED] - pages.WriteExcel.demoKey(resText, datText, resColumn, datCloumn, fileLoc, nameSheet, row): pages.WriteExcel.demoKey is PASSED

2023-02-08 18:06:16 - [MESSAGE][PASSED] - pages.WriteExcel.demoKey is PASSED

2023-02-08 18:06:16 - [TEST_STEP][PASSED] - ExecuteTC = findTestData(dataFile).getValue("Execute", row): null

2023-02-08 18:06:16 - [TEST_STEP][PASSED] - out.println("Value of Execute is : " + ExecuteTC): null

2023-02-08 18:06:16 - [TEST_STEP][PASSED] - switch (executionProfile): null

2023-02-08 18:06:16 - [TEST_STEP][PASSED] - case "QAProfile":: null

2023-02-08 18:06:16 - [TEST_STEP][PASSED] - appID = findTestData(dataFile).getValue("AppIDQA", row): null

2023-02-08 18:06:16 - [TEST_STEP][PASSED] - username = findTestData(dataFile).getValue("UsernameQA", row): null

2023-02-08 18:06:17 - [TEST_STEP][PASSED] - password = findTestData(dataFile).getValue("PasswordQA", row): null

2023-02-08 18:06:17 - [TEST_STEP][PASSED] - break: null

2023-02-08 18:06:17 - [TEST_STEP][PASSED] - if (ExecuteTC.equalsIgnoreCase("Y")): null

2023-02-08 18:06:17 - [TEST_STEP][PASSED] - out.println("Begin Record Number: " + row): null

2023-02-08 18:06:17 - [TEST_STEP][PASSED] - today = new java.util.Date(): null

2023-02-08 18:06:17 - [TEST_STEP][PASSED] - println(today): null

2023-02-08 18:06:17 - [TEST_STEP][PASSED] - datText = today: null

2023-02-08 18:06:17 - [TEST_STEP][PASSED] - category = findTestData(dataFile).getValue("Category", row): null

2023-02-08 18:06:17 - [TEST_STEP][PASSED] - amount = findTestData(dataFile).getValue("Amount", row): null

2023-02-08 18:06:17 - [TEST_STEP][PASSED] - cardNumber = findTestData(dataFile).getValue("CardNumber", row): null

2023-02-08 18:06:17 - [TEST_STEP][PASSED] - exM = findTestData(dataFile).getValue("ExM", row): null

2023-02-08 18:06:17 - [TEST_STEP][PASSED] - exY = findTestData(dataFile).getValue("ExY", row): null

2023-02-08 18:06:17 - [TEST_STEP][PASSED] - openBrowser(VLinkURL + "auth.html"): Browser is opened with url: 'https://dev-algorithm.govolution.com/vlinktest/QA/version_2_0/auth.html'

2023-02-08 18:06:17 - [MESSAGE][WARNING] - A browser is already opened. Closing browser and opening a new one

2023-02-08 18:06:18 - [MESSAGE][INFO] - Starting 'Chrome' driver

2023-02-08 18:06:18 - [MESSAGE][INFO] - User set preference: ['acceptInsecureCerts', 'true']

2023-02-08 18:06:18 - [MESSAGE][INFO] - Action delay is set to 0 milliseconds

2023-02-08 18:06:20 - [MESSAGE][PASSED] - Browser is opened with url: 'https://dev-algorithm.govolution.com/vlinktest/QA/version_2_0/auth.html'

2023-02-08 18:06:20 - [TEST_STEP][PASSED] - maximizeWindow(): Current window maximized

2023-02-08 18:06:20 - [MESSAGE][PASSED] - Current window maximized

2023-02-08 18:06:20 - [TEST_STEP][PASSED] - genRemID = RandomStringUtils.random(12, true, true): null

2023-02-08 18:06:20 - [TEST_STEP][PASSED] - setText(findTestObject("Object Repository/RecAndPlayBk/Page-Vlink-AuthOnly/input_Remittance Id_remittance_id"), genRemID): Text '3LNbG6MHpYHq' is set on object 'Object Repository/RecAndPlayBk/Page-Vlink-AuthOnly/input_Remittance Id_remittance_id'

2023-02-08 18:06:21 - [MESSAGE][PASSED] - Text '3LNbG6MHpYHq' is set on object 'Object Repository/RecAndPlayBk/Page-Vlink-AuthOnly/input_Remittance Id_remittance_id'

2023-02-08 18:06:21 - [TEST_STEP][PASSED] - setText(findTestObject("Object Repository/RecAndPlayBk/Page-Vlink-AuthOnly/input_Application Id_application_id"), appID): Text '234' is set on object 'Object Repository/RecAndPlayBk/Page-Vlink-AuthOnly/input_Application Id_application_id'

2023-02-08 18:06:21 - [MESSAGE][PASSED] - Text '234' is set on object 'Object Repository/RecAndPlayBk/Page-Vlink-AuthOnly/input_Application Id_application_id'

2023-02-08 18:06:21 - [TEST_STEP][PASSED] - setText(findTestObject("Object Repository/RecAndPlayBk/Page-Vlink-AuthOnly/input_Username_username"), username): Text 'username' is set on object 'Object Repository/RecAndPlayBk/Page-Vlink-AuthOnly/input_Username_username'

2023-02-08 18:06:22 - [MESSAGE][PASSED] - Text 'username' is set on object 'Object Repository/RecAndPlayBk/Page-Vlink-AuthOnly/input_Username_username'

2023-02-08 18:06:22 - [TEST_STEP][PASSED] - setText(findTestObject("Object Repository/RecAndPlayBk/Page-Vlink-AuthOnly/input_Password_password"), password): Text 'password' is set on object 'Object Repository/RecAndPlayBk/Page-Vlink-AuthOnly/input_Password_password'

2023-02-08 18:06:23 - [MESSAGE][PASSED] - Text 'password' is set on object 'Object Repository/RecAndPlayBk/Page-Vlink-AuthOnly/input_Password_password'

2023-02-08 18:06:23 - [TEST_STEP][PASSED] - setText(findTestObject("Object Repository/RecAndPlayBk/Page-Vlink-AuthOnly/input_Category_category"), category): Text 'RETL' is set on object 'Object Repository/RecAndPlayBk/Page-Vlink-AuthOnly/input_Category_category'

2023-02-08 18:06:23 - [MESSAGE][PASSED] - Text 'RETL' is set on object 'Object Repository/RecAndPlayBk/Page-Vlink-AuthOnly/input_Category_category'

2023-02-08 18:06:23 - [TEST_STEP][PASSED] - setText(findTestObject("Object Repository/RecAndPlayBk/Page-Vlink-AuthOnly/input_Amount_amount"), amount): Text '10.5' is set on object 'Object Repository/RecAndPlayBk/Page-Vlink-AuthOnly/input_Amount_amount'

2023-02-08 18:06:24 - [MESSAGE][PASSED] - Text '10.5' is set on object 'Object Repository/RecAndPlayBk/Page-Vlink-AuthOnly/input_Amount_amount'

2023-02-08 18:06:24 - [TEST_STEP][PASSED] - doubleClick(findTestObject("Object Repository/RecAndPlayBk/Page-Vlink-AuthOnly/input_Card number_card_number")): Object: 'Object Repository/RecAndPlayBk/Page-Vlink-AuthOnly/input_Card number_card_number' is double clicked on

2023-02-08 18:06:24 - [MESSAGE][PASSED] - Object: 'Object Repository/RecAndPlayBk/Page-Vlink-AuthOnly/input_Card number_card_number' is double clicked on

2023-02-08 18:06:24 - [TEST_STEP][PASSED] - setText(findTestObject("Object Repository/RecAndPlayBk/Page-Vlink-AuthOnly/input_Card number_card_number"), cardNumber): Text '370000000000002' is set on object 'Object Repository/RecAndPlayBk/Page-Vlink-AuthOnly/input_Card number_card_number'

2023-02-08 18:06:25 - [MESSAGE][PASSED] - Text '370000000000002' is set on object 'Object Repository/RecAndPlayBk/Page-Vlink-AuthOnly/input_Card number_card_number'

2023-02-08 18:06:25 - [TEST_STEP][PASSED] - setText(findTestObject("Object Repository/RecAndPlayBk/Page-Vlink-AuthOnly/input_Card ex month_card_exmo"), exM): Text '12' is set on object 'Object Repository/RecAndPlayBk/Page-Vlink-AuthOnly/input_Card ex month_card_exmo'

2023-02-08 18:06:25 - [MESSAGE][PASSED] - Text '12' is set on object 'Object Repository/RecAndPlayBk/Page-Vlink-AuthOnly/input_Card ex month_card_exmo'

2023-02-08 18:06:25 - [TEST_STEP][PASSED] - setText(findTestObject("Object Repository/RecAndPlayBk/Page-Vlink-AuthOnly/input_Card ex year_card_exyr"), exY): Text '2029' is set on object 'Object Repository/RecAndPlayBk/Page-Vlink-AuthOnly/input_Card ex year_card_exyr'

2023-02-08 18:06:26 - [MESSAGE][PASSED] - Text '2029' is set on object 'Object Repository/RecAndPlayBk/Page-Vlink-AuthOnly/input_Card ex year_card_exyr'

2023-02-08 18:06:26 - [TEST_STEP][PASSED] - click(findTestObject("Object Repository/RecAndPlayBk/Page-Vlink-AuthOnly/input_Track Data_track_data")): Object: 'Object Repository/RecAndPlayBk/Page-Vlink-AuthOnly/input_Track Data_track_data' is clicked on

2023-02-08 18:06:26 - [MESSAGE][PASSED] - Object: 'Object Repository/RecAndPlayBk/Page-Vlink-AuthOnly/input_Track Data_track_data' is clicked on

2023-02-08 18:06:26 - [TEST_STEP][PASSED] - click(findTestObject("Object Repository/RecAndPlayBk/Page-Vlink-AuthOnly/input_CVV state_cvv_state")): Object: 'Object Repository/RecAndPlayBk/Page-Vlink-AuthOnly/input_CVV state_cvv_state' is clicked on

2023-02-08 18:06:27 - [MESSAGE][PASSED] - Object: 'Object Repository/RecAndPlayBk/Page-Vlink-AuthOnly/input_CVV state_cvv_state' is clicked on

2023-02-08 18:06:27 - [TEST_STEP][PASSED] - setText(findTestObject("Object Repository/RecAndPlayBk/Page-Vlink-AuthOnly/input_Track Data_track_data"), ""): Text '' is set on object 'Object Repository/RecAndPlayBk/Page-Vlink-AuthOnly/input_Track Data_track_data'

2023-02-08 18:06:27 - [MESSAGE][PASSED] - Text '' is set on object 'Object Repository/RecAndPlayBk/Page-Vlink-AuthOnly/input_Track Data_track_data'

2023-02-08 18:06:27 - [TEST_STEP][PASSED] - setText(findTestObject("Object Repository/RecAndPlayBk/Page-Vlink-AuthOnly/input_concat(Cardholder, , s email)_email"), ""): Text '' is set on object 'Object Repository/RecAndPlayBk/Page-Vlink-AuthOnly/input_concat(Cardholder, , s email)_email'

2023-02-08 18:06:28 - [MESSAGE][PASSED] - Text '' is set on object 'Object Repository/RecAndPlayBk/Page-Vlink-AuthOnly/input_concat(Cardholder, , s email)_email'

2023-02-08 18:06:28 - [TEST_STEP][PASSED] - click(findTestObject("Object Repository/RecAndPlayBk/Page-Vlink-AuthOnly/input_user_defined10_user_defined10")): Object: 'Object Repository/RecAndPlayBk/Page-Vlink-AuthOnly/input_user_defined10_user_defined10' is clicked on

2023-02-08 18:06:28 - [MESSAGE][PASSED] - Object: 'Object Repository/RecAndPlayBk/Page-Vlink-AuthOnly/input_user_defined10_user_defined10' is clicked on

2023-02-08 18:06:28 - [TEST_STEP][PASSED] - if (executionProfile.equalsIgnoreCase("QAProfile")): Text '' is set on object 'Object Repository/RecAndPlayBk/Page-Vlink-AuthOnly/input_COF Transaction Initiated by_cof_tran_6cded5'

2023-02-08 18:06:28 - [TEST_STEP][PASSED] - setText(findTestObject("Object Repository/RecAndPlayBk/Page-Vlink-AuthOnly/input_Card on File Indicator_card_on_file_i_157dae"), ""): Text '' is set on object 'Object Repository/RecAndPlayBk/Page-Vlink-AuthOnly/input_Card on File Indicator_card_on_file_i_157dae'

2023-02-08 18:06:29 - [MESSAGE][PASSED] - Text '' is set on object 'Object Repository/RecAndPlayBk/Page-Vlink-AuthOnly/input_Card on File Indicator_card_on_file_i_157dae'

2023-02-08 18:06:29 - [TEST_STEP][PASSED] - setText(findTestObject("Object Repository/RecAndPlayBk/Page-Vlink-AuthOnly/input_Stored Credential Indicator_stored_cr_4ae73c"), ""): Text '' is set on object 'Object Repository/RecAndPlayBk/Page-Vlink-AuthOnly/input_Stored Credential Indicator_stored_cr_4ae73c'

2023-02-08 18:06:30 - [MESSAGE][PASSED] - Text '' is set on object 'Object Repository/RecAndPlayBk/Page-Vlink-AuthOnly/input_Stored Credential Indicator_stored_cr_4ae73c'

2023-02-08 18:06:30 - [TEST_STEP][PASSED] - setText(findTestObject("Object Repository/RecAndPlayBk/Page-Vlink-AuthOnly/input_COF Scheduled indicator_cof_scheduled_8df7d8"), ""): Text '' is set on object 'Object Repository/RecAndPlayBk/Page-Vlink-AuthOnly/input_COF Scheduled indicator_cof_scheduled_8df7d8'

2023-02-08 18:06:30 - [MESSAGE][PASSED] - Text '' is set on object 'Object Repository/RecAndPlayBk/Page-Vlink-AuthOnly/input_COF Scheduled indicator_cof_scheduled_8df7d8'

2023-02-08 18:06:30 - [TEST_STEP][PASSED] - setText(findTestObject("Object Repository/RecAndPlayBk/Page-Vlink-AuthOnly/input_COF Transaction Initiated by_cof_tran_6cded5"), ""): Text '' is set on object 'Object Repository/RecAndPlayBk/Page-Vlink-AuthOnly/input_COF Transaction Initiated by_cof_tran_6cded5'

2023-02-08 18:06:31 - [MESSAGE][PASSED] - Text '' is set on object 'Object Repository/RecAndPlayBk/Page-Vlink-AuthOnly/input_COF Transaction Initiated by_cof_tran_6cded5'

2023-02-08 18:06:31 - [TEST_STEP][PASSED] - click(findTestObject("Object Repository/RecAndPlayBk/Page-Vlink-AuthOnly/input")): Object: 'Object Repository/RecAndPlayBk/Page-Vlink-AuthOnly/input' is clicked on

2023-02-08 18:06:32 - [MESSAGE][PASSED] - Object: 'Object Repository/RecAndPlayBk/Page-Vlink-AuthOnly/input' is clicked on

2023-02-08 18:06:32 - [TEST_STEP][PASSED] - if (verifyTextPresent("Transaction approved, no errors", true)): null

2023-02-08 18:06:32 - [MESSAGE][PASSED] - Text 'Transaction approved, no errors' is present on page  using regular expression

2023-02-08 18:06:32 - [TEST_STEP][PASSED] - out.println("Auth was successful, Capture now"): null

2023-02-08 18:06:32 - [TEST_STEP][PASSED] - sdfo = getText(findTestObject("Object Repository/Page_VLinkReceipt/pre_STX")): Text of object 'Object Repository/Page_VLinkReceipt/pre_STX' is: '<STX>3LNbG6MHpYHq                  12125160            0  Transaction approved, no errors                   0                                                                                  Y 773359724<ETX>'

2023-02-08 18:06:32 - [MESSAGE][PASSED] - Text of object 'Object Repository/Page_VLinkReceipt/pre_STX' is: '<STX>3LNbG6MHpYHq                  12125160            0  Transaction approved, no errors                   0                                                                                  Y 773359724<ETX>'

2023-02-08 18:06:32 - [TEST_STEP][PASSED] - out.println("sdfo: " + sdfo): null

2023-02-08 18:06:32 - [TEST_STEP][PASSED] - remID = substring(5, 35).trim(): null

2023-02-08 18:06:32 - [TEST_STEP][PASSED] - out.println("remID: " + remID): null

2023-02-08 18:06:32 - [TEST_STEP][PASSED] - traxID = substring(35, 55).trim(): null

2023-02-08 18:06:32 - [TEST_STEP][PASSED] - out.println("traxID: " + traxID): null

2023-02-08 18:06:32 - [TEST_STEP][PASSED] - VLinkSaleRemID = remID: null

2023-02-08 18:06:32 - [TEST_STEP][PASSED] - VLinkSaleTranxID = traxID: null

2023-02-08 18:06:32 - [TEST_STEP][PASSED] - openBrowser(VLinkURL + "capture.html"): Browser is opened with url: 'https://dev-algorithm.govolution.com/vlinktest/QA/version_2_0/capture.html'

2023-02-08 18:06:32 - [MESSAGE][WARNING] - A browser is already opened. Closing browser and opening a new one

2023-02-08 18:06:33 - [MESSAGE][INFO] - Starting 'Chrome' driver

2023-02-08 18:06:33 - [MESSAGE][INFO] - User set preference: ['acceptInsecureCerts', 'true']

2023-02-08 18:06:33 - [MESSAGE][INFO] - Action delay is set to 0 milliseconds

2023-02-08 18:06:35 - [MESSAGE][PASSED] - Browser is opened with url: 'https://dev-algorithm.govolution.com/vlinktest/QA/version_2_0/capture.html'

2023-02-08 18:06:35 - [TEST_STEP][PASSED] - maximizeWindow(): Current window maximized

2023-02-08 18:06:35 - [MESSAGE][PASSED] - Current window maximized

2023-02-08 18:06:35 - [TEST_STEP][PASSED] - setText(findTestObject("Object Repository/RecAndPlayBk/Page-VLink-Capture/input_Remittance Id_remittance_id"), VLinkSaleRemID): Text '3LNbG6MHpYHq' is set on object 'Object Repository/RecAndPlayBk/Page-VLink-Capture/input_Remittance Id_remittance_id'

2023-02-08 18:06:36 - [MESSAGE][PASSED] - Text '3LNbG6MHpYHq' is set on object 'Object Repository/RecAndPlayBk/Page-VLink-Capture/input_Remittance Id_remittance_id'

2023-02-08 18:06:36 - [TEST_STEP][PASSED] - setText(findTestObject("Object Repository/RecAndPlayBk/Page-VLink-Capture/input_Application Id_application_id"), appID): Text '234' is set on object 'Object Repository/RecAndPlayBk/Page-VLink-Capture/input_Application Id_application_id'

2023-02-08 18:06:36 - [MESSAGE][PASSED] - Text '234' is set on object 'Object Repository/RecAndPlayBk/Page-VLink-Capture/input_Application Id_application_id'

2023-02-08 18:06:36 - [TEST_STEP][PASSED] - setText(findTestObject("Object Repository/RecAndPlayBk/Page-VLink-Capture/input_Username_username"), username): Text 'username' is set on object 'Object Repository/RecAndPlayBk/Page-VLink-Capture/input_Username_username'

2023-02-08 18:06:37 - [MESSAGE][PASSED] - Text 'username' is set on object 'Object Repository/RecAndPlayBk/Page-VLink-Capture/input_Username_username'

2023-02-08 18:06:37 - [TEST_STEP][PASSED] - setText(findTestObject("Object Repository/RecAndPlayBk/Page-VLink-Capture/input_Password_password"), password): Text 'password' is set on object 'Object Repository/RecAndPlayBk/Page-VLink-Capture/input_Password_password'

2023-02-08 18:06:38 - [MESSAGE][PASSED] - Text 'password' is set on object 'Object Repository/RecAndPlayBk/Page-VLink-Capture/input_Password_password'

2023-02-08 18:06:38 - [TEST_STEP][PASSED] - setText(findTestObject("Object Repository/RecAndPlayBk/Page-VLink-Capture/input_Transaction ID_transaction_id"), VLinkSaleTranxID): Text '12125160' is set on object 'Object Repository/RecAndPlayBk/Page-VLink-Capture/input_Transaction ID_transaction_id'

2023-02-08 18:06:38 - [MESSAGE][PASSED] - Text '12125160' is set on object 'Object Repository/RecAndPlayBk/Page-VLink-Capture/input_Transaction ID_transaction_id'

2023-02-08 18:06:38 - [TEST_STEP][PASSED] - setText(findTestObject("Object Repository/RecAndPlayBk/Page-VLink-Capture/input_Amount_amount"), amount): Text '10.5' is set on object 'Object Repository/RecAndPlayBk/Page-VLink-Capture/input_Amount_amount'

2023-02-08 18:06:39 - [MESSAGE][PASSED] - Text '10.5' is set on object 'Object Repository/RecAndPlayBk/Page-VLink-Capture/input_Amount_amount'

2023-02-08 18:06:39 - [TEST_STEP][PASSED] - click(findTestObject("Object Repository/RecAndPlayBk/Page-VLink-Capture/input")): Object: 'Object Repository/RecAndPlayBk/Page-VLink-Capture/input' is clicked on

2023-02-08 18:06:40 - [MESSAGE][PASSED] - Object: 'Object Repository/RecAndPlayBk/Page-VLink-Capture/input' is clicked on

2023-02-08 18:06:40 - [TEST_STEP][PASSED] - if (verifyTextPresent("Transaction approved, no errors", true)): null

2023-02-08 18:06:41 - [MESSAGE][PASSED] - Text 'Transaction approved, no errors' is present on page  using regular expression

2023-02-08 18:06:41 - [TEST_STEP][PASSED] - println("Transaction Approved, no errors text is present on the Confirmation page"): null

2023-02-08 18:06:41 - [TEST_STEP][PASSED] - out.println("Pass Record Number: " + row): null

2023-02-08 18:06:41 - [TEST_STEP][PASSED] - resText = "Pass": null

2023-02-08 18:06:41 - [TEST_STEP][PASSED] - pages.WriteExcel.demoKey(resText, datText, resColumn, datCloumn, fileLoc, nameSheet, row): pages.WriteExcel.demoKey is PASSED

2023-02-08 18:06:41 - [MESSAGE][PASSED] - pages.WriteExcel.demoKey is PASSED

2023-02-08 18:06:41 - [TEST_STEP][PASSED] - ExecuteTC = findTestData(dataFile).getValue("Execute", row): null

2023-02-08 18:06:41 - [TEST_STEP][PASSED] - out.println("Value of Execute is : " + ExecuteTC): null

2023-02-08 18:06:41 - [TEST_STEP][PASSED] - switch (executionProfile): null

2023-02-08 18:06:41 - [TEST_STEP][PASSED] - case "QAProfile":: null

2023-02-08 18:06:41 - [TEST_STEP][PASSED] - appID = findTestData(dataFile).getValue("AppIDQA", row): null

2023-02-08 18:06:41 - [TEST_STEP][PASSED] - username = findTestData(dataFile).getValue("UsernameQA", row): null

2023-02-08 18:06:41 - [TEST_STEP][PASSED] - password = findTestData(dataFile).getValue("PasswordQA", row): null

2023-02-08 18:06:41 - [TEST_STEP][PASSED] - break: null

2023-02-08 18:06:41 - [TEST_STEP][PASSED] - if (ExecuteTC.equalsIgnoreCase("Y")): null

2023-02-08 18:06:41 - [TEST_STEP][PASSED] - out.println("Begin Record Number: " + row): null

2023-02-08 18:06:41 - [TEST_STEP][PASSED] - today = new java.util.Date(): null

2023-02-08 18:06:41 - [TEST_STEP][PASSED] - println(today): null

2023-02-08 18:06:41 - [TEST_STEP][PASSED] - datText = today: null

2023-02-08 18:06:41 - [TEST_STEP][PASSED] - category = findTestData(dataFile).getValue("Category", row): null

2023-02-08 18:06:41 - [TEST_STEP][PASSED] - amount = findTestData(dataFile).getValue("Amount", row): null

2023-02-08 18:06:41 - [TEST_STEP][PASSED] - cardNumber = findTestData(dataFile).getValue("CardNumber", row): null

2023-02-08 18:06:41 - [TEST_STEP][PASSED] - exM = findTestData(dataFile).getValue("ExM", row): null

2023-02-08 18:06:41 - [TEST_STEP][PASSED] - exY = findTestData(dataFile).getValue("ExY", row): null

2023-02-08 18:06:42 - [TEST_STEP][PASSED] - openBrowser(VLinkURL + "auth.html"): Browser is opened with url: 'https://dev-algorithm.govolution.com/vlinktest/QA/version_2_0/auth.html'

2023-02-08 18:06:42 - [MESSAGE][WARNING] - A browser is already opened. Closing browser and opening a new one

2023-02-08 18:06:42 - [MESSAGE][INFO] - Starting 'Chrome' driver

2023-02-08 18:06:42 - [MESSAGE][INFO] - User set preference: ['acceptInsecureCerts', 'true']

2023-02-08 18:06:42 - [MESSAGE][INFO] - Action delay is set to 0 milliseconds

2023-02-08 18:06:44 - [MESSAGE][PASSED] - Browser is opened with url: 'https://dev-algorithm.govolution.com/vlinktest/QA/version_2_0/auth.html'

2023-02-08 18:06:44 - [TEST_STEP][PASSED] - maximizeWindow(): Current window maximized

2023-02-08 18:06:44 - [MESSAGE][PASSED] - Current window maximized

2023-02-08 18:06:44 - [TEST_STEP][PASSED] - genRemID = RandomStringUtils.random(12, true, true): null

2023-02-08 18:06:44 - [TEST_STEP][PASSED] - setText(findTestObject("Object Repository/RecAndPlayBk/Page-Vlink-AuthOnly/input_Remittance Id_remittance_id"), genRemID): Text 'sKP1Esx6ch3q' is set on object 'Object Repository/RecAndPlayBk/Page-Vlink-AuthOnly/input_Remittance Id_remittance_id'

2023-02-08 18:06:45 - [MESSAGE][PASSED] - Text 'sKP1Esx6ch3q' is set on object 'Object Repository/RecAndPlayBk/Page-Vlink-AuthOnly/input_Remittance Id_remittance_id'

2023-02-08 18:06:45 - [TEST_STEP][PASSED] - setText(findTestObject("Object Repository/RecAndPlayBk/Page-Vlink-AuthOnly/input_Application Id_application_id"), appID): Text '87' is set on object 'Object Repository/RecAndPlayBk/Page-Vlink-AuthOnly/input_Application Id_application_id'

2023-02-08 18:06:46 - [MESSAGE][PASSED] - Text '87' is set on object 'Object Repository/RecAndPlayBk/Page-Vlink-AuthOnly/input_Application Id_application_id'

2023-02-08 18:06:46 - [TEST_STEP][PASSED] - setText(findTestObject("Object Repository/RecAndPlayBk/Page-Vlink-AuthOnly/input_Username_username"), username): Text 'username' is set on object 'Object Repository/RecAndPlayBk/Page-Vlink-AuthOnly/input_Username_username'

2023-02-08 18:06:46 - [MESSAGE][PASSED] - Text 'username' is set on object 'Object Repository/RecAndPlayBk/Page-Vlink-AuthOnly/input_Username_username'

2023-02-08 18:06:46 - [TEST_STEP][PASSED] - setText(findTestObject("Object Repository/RecAndPlayBk/Page-Vlink-AuthOnly/input_Password_password"), password): Text 'password' is set on object 'Object Repository/RecAndPlayBk/Page-Vlink-AuthOnly/input_Password_password'

2023-02-08 18:06:47 - [MESSAGE][PASSED] - Text 'password' is set on object 'Object Repository/RecAndPlayBk/Page-Vlink-AuthOnly/input_Password_password'

2023-02-08 18:06:47 - [TEST_STEP][PASSED] - setText(findTestObject("Object Repository/RecAndPlayBk/Page-Vlink-AuthOnly/input_Category_category"), category): Text 'ECOM' is set on object 'Object Repository/RecAndPlayBk/Page-Vlink-AuthOnly/input_Category_category'

2023-02-08 18:06:48 - [MESSAGE][PASSED] - Text 'ECOM' is set on object 'Object Repository/RecAndPlayBk/Page-Vlink-AuthOnly/input_Category_category'

2023-02-08 18:06:48 - [TEST_STEP][PASSED] - setText(findTestObject("Object Repository/RecAndPlayBk/Page-Vlink-AuthOnly/input_Amount_amount"), amount): Text '10.5' is set on object 'Object Repository/RecAndPlayBk/Page-Vlink-AuthOnly/input_Amount_amount'

2023-02-08 18:06:48 - [MESSAGE][PASSED] - Text '10.5' is set on object 'Object Repository/RecAndPlayBk/Page-Vlink-AuthOnly/input_Amount_amount'

2023-02-08 18:06:48 - [TEST_STEP][PASSED] - doubleClick(findTestObject("Object Repository/RecAndPlayBk/Page-Vlink-AuthOnly/input_Card number_card_number")): Object: 'Object Repository/RecAndPlayBk/Page-Vlink-AuthOnly/input_Card number_card_number' is double clicked on

2023-02-08 18:06:49 - [MESSAGE][PASSED] - Object: 'Object Repository/RecAndPlayBk/Page-Vlink-AuthOnly/input_Card number_card_number' is double clicked on

2023-02-08 18:06:49 - [TEST_STEP][PASSED] - setText(findTestObject("Object Repository/RecAndPlayBk/Page-Vlink-AuthOnly/input_Card number_card_number"), cardNumber): Text '4012000098765439' is set on object 'Object Repository/RecAndPlayBk/Page-Vlink-AuthOnly/input_Card number_card_number'

2023-02-08 18:06:49 - [MESSAGE][PASSED] - Text '4012000098765439' is set on object 'Object Repository/RecAndPlayBk/Page-Vlink-AuthOnly/input_Card number_card_number'

2023-02-08 18:06:49 - [TEST_STEP][PASSED] - setText(findTestObject("Object Repository/RecAndPlayBk/Page-Vlink-AuthOnly/input_Card ex month_card_exmo"), exM): Text '12' is set on object 'Object Repository/RecAndPlayBk/Page-Vlink-AuthOnly/input_Card ex month_card_exmo'

2023-02-08 18:06:50 - [MESSAGE][PASSED] - Text '12' is set on object 'Object Repository/RecAndPlayBk/Page-Vlink-AuthOnly/input_Card ex month_card_exmo'

2023-02-08 18:06:50 - [TEST_STEP][PASSED] - setText(findTestObject("Object Repository/RecAndPlayBk/Page-Vlink-AuthOnly/input_Card ex year_card_exyr"), exY): Text '2029' is set on object 'Object Repository/RecAndPlayBk/Page-Vlink-AuthOnly/input_Card ex year_card_exyr'

2023-02-08 18:06:51 - [MESSAGE][PASSED] - Text '2029' is set on object 'Object Repository/RecAndPlayBk/Page-Vlink-AuthOnly/input_Card ex year_card_exyr'

2023-02-08 18:06:51 - [TEST_STEP][PASSED] - click(findTestObject("Object Repository/RecAndPlayBk/Page-Vlink-AuthOnly/input_Track Data_track_data")): Object: 'Object Repository/RecAndPlayBk/Page-Vlink-AuthOnly/input_Track Data_track_data' is clicked on

2023-02-08 18:06:51 - [MESSAGE][PASSED] - Object: 'Object Repository/RecAndPlayBk/Page-Vlink-AuthOnly/input_Track Data_track_data' is clicked on

2023-02-08 18:06:51 - [TEST_STEP][PASSED] - click(findTestObject("Object Repository/RecAndPlayBk/Page-Vlink-AuthOnly/input_CVV state_cvv_state")): Object: 'Object Repository/RecAndPlayBk/Page-Vlink-AuthOnly/input_CVV state_cvv_state' is clicked on

2023-02-08 18:06:51 - [MESSAGE][PASSED] - Object: 'Object Repository/RecAndPlayBk/Page-Vlink-AuthOnly/input_CVV state_cvv_state' is clicked on

2023-02-08 18:06:51 - [TEST_STEP][PASSED] - setText(findTestObject("Object Repository/RecAndPlayBk/Page-Vlink-AuthOnly/input_Track Data_track_data"), ""): Text '' is set on object 'Object Repository/RecAndPlayBk/Page-Vlink-AuthOnly/input_Track Data_track_data'

2023-02-08 18:06:52 - [MESSAGE][PASSED] - Text '' is set on object 'Object Repository/RecAndPlayBk/Page-Vlink-AuthOnly/input_Track Data_track_data'

2023-02-08 18:06:52 - [TEST_STEP][PASSED] - setText(findTestObject("Object Repository/RecAndPlayBk/Page-Vlink-AuthOnly/input_concat(Cardholder, , s email)_email"), ""): Text '' is set on object 'Object Repository/RecAndPlayBk/Page-Vlink-AuthOnly/input_concat(Cardholder, , s email)_email'

2023-02-08 18:06:53 - [MESSAGE][PASSED] - Text '' is set on object 'Object Repository/RecAndPlayBk/Page-Vlink-AuthOnly/input_concat(Cardholder, , s email)_email'

2023-02-08 18:06:53 - [TEST_STEP][PASSED] - click(findTestObject("Object Repository/RecAndPlayBk/Page-Vlink-AuthOnly/input_user_defined10_user_defined10")): Object: 'Object Repository/RecAndPlayBk/Page-Vlink-AuthOnly/input_user_defined10_user_defined10' is clicked on

2023-02-08 18:06:53 - [MESSAGE][PASSED] - Object: 'Object Repository/RecAndPlayBk/Page-Vlink-AuthOnly/input_user_defined10_user_defined10' is clicked on

2023-02-08 18:06:53 - [TEST_STEP][PASSED] - if (executionProfile.equalsIgnoreCase("QAProfile")): Text '' is set on object 'Object Repository/RecAndPlayBk/Page-Vlink-AuthOnly/input_COF Transaction Initiated by_cof_tran_6cded5'

2023-02-08 18:06:53 - [TEST_STEP][PASSED] - setText(findTestObject("Object Repository/RecAndPlayBk/Page-Vlink-AuthOnly/input_Card on File Indicator_card_on_file_i_157dae"), ""): Text '' is set on object 'Object Repository/RecAndPlayBk/Page-Vlink-AuthOnly/input_Card on File Indicator_card_on_file_i_157dae'

2023-02-08 18:06:54 - [MESSAGE][PASSED] - Text '' is set on object 'Object Repository/RecAndPlayBk/Page-Vlink-AuthOnly/input_Card on File Indicator_card_on_file_i_157dae'

2023-02-08 18:06:54 - [TEST_STEP][PASSED] - setText(findTestObject("Object Repository/RecAndPlayBk/Page-Vlink-AuthOnly/input_Stored Credential Indicator_stored_cr_4ae73c"), ""): Text '' is set on object 'Object Repository/RecAndPlayBk/Page-Vlink-AuthOnly/input_Stored Credential Indicator_stored_cr_4ae73c'

2023-02-08 18:06:54 - [MESSAGE][PASSED] - Text '' is set on object 'Object Repository/RecAndPlayBk/Page-Vlink-AuthOnly/input_Stored Credential Indicator_stored_cr_4ae73c'

2023-02-08 18:06:54 - [TEST_STEP][PASSED] - setText(findTestObject("Object Repository/RecAndPlayBk/Page-Vlink-AuthOnly/input_COF Scheduled indicator_cof_scheduled_8df7d8"), ""): Text '' is set on object 'Object Repository/RecAndPlayBk/Page-Vlink-AuthOnly/input_COF Scheduled indicator_cof_scheduled_8df7d8'

2023-02-08 18:06:55 - [MESSAGE][PASSED] - Text '' is set on object 'Object Repository/RecAndPlayBk/Page-Vlink-AuthOnly/input_COF Scheduled indicator_cof_scheduled_8df7d8'

2023-02-08 18:06:55 - [TEST_STEP][PASSED] - setText(findTestObject("Object Repository/RecAndPlayBk/Page-Vlink-AuthOnly/input_COF Transaction Initiated by_cof_tran_6cded5"), ""): Text '' is set on object 'Object Repository/RecAndPlayBk/Page-Vlink-AuthOnly/input_COF Transaction Initiated by_cof_tran_6cded5'

2023-02-08 18:06:55 - [MESSAGE][PASSED] - Text '' is set on object 'Object Repository/RecAndPlayBk/Page-Vlink-AuthOnly/input_COF Transaction Initiated by_cof_tran_6cded5'

2023-02-08 18:06:55 - [TEST_STEP][PASSED] - click(findTestObject("Object Repository/RecAndPlayBk/Page-Vlink-AuthOnly/input")): Object: 'Object Repository/RecAndPlayBk/Page-Vlink-AuthOnly/input' is clicked on

2023-02-08 18:06:57 - [MESSAGE][PASSED] - Object: 'Object Repository/RecAndPlayBk/Page-Vlink-AuthOnly/input' is clicked on

2023-02-08 18:06:57 - [TEST_STEP][PASSED] - if (verifyTextPresent("Transaction approved, no errors", true)): null

2023-02-08 18:06:57 - [MESSAGE][PASSED] - Text 'Transaction approved, no errors' is present on page  using regular expression

2023-02-08 18:06:57 - [TEST_STEP][PASSED] - out.println("Auth was successful, Capture now"): null

2023-02-08 18:06:57 - [TEST_STEP][PASSED] - sdfo = getText(findTestObject("Object Repository/Page_VLinkReceipt/pre_STX")): Text of object 'Object Repository/Page_VLinkReceipt/pre_STX' is: '<STX>sKP1Esx6ch3q                  12125162            0  Transaction approved, no errors                   0                                                                                  N TAS677   <ETX>'

2023-02-08 18:06:58 - [MESSAGE][PASSED] - Text of object 'Object Repository/Page_VLinkReceipt/pre_STX' is: '<STX>sKP1Esx6ch3q                  12125162            0  Transaction approved, no errors                   0                                                                                  N TAS677   <ETX>'

2023-02-08 18:06:58 - [TEST_STEP][PASSED] - out.println("sdfo: " + sdfo): null

2023-02-08 18:06:58 - [TEST_STEP][PASSED] - remID = substring(5, 35).trim(): null

2023-02-08 18:06:58 - [TEST_STEP][PASSED] - out.println("remID: " + remID): null

2023-02-08 18:06:58 - [TEST_STEP][PASSED] - traxID = substring(35, 55).trim(): null

2023-02-08 18:06:58 - [TEST_STEP][PASSED] - out.println("traxID: " + traxID): null

2023-02-08 18:06:58 - [TEST_STEP][PASSED] - VLinkSaleRemID = remID: null

2023-02-08 18:06:58 - [TEST_STEP][PASSED] - VLinkSaleTranxID = traxID: null

2023-02-08 18:06:58 - [TEST_STEP][PASSED] - openBrowser(VLinkURL + "capture.html"): Browser is opened with url: 'https://dev-algorithm.govolution.com/vlinktest/QA/version_2_0/capture.html'

2023-02-08 18:06:58 - [MESSAGE][WARNING] - A browser is already opened. Closing browser and opening a new one

2023-02-08 18:06:59 - [MESSAGE][INFO] - Starting 'Chrome' driver

2023-02-08 18:06:59 - [MESSAGE][INFO] - User set preference: ['acceptInsecureCerts', 'true']

2023-02-08 18:06:59 - [MESSAGE][INFO] - Action delay is set to 0 milliseconds

2023-02-08 18:07:00 - [MESSAGE][PASSED] - Browser is opened with url: 'https://dev-algorithm.govolution.com/vlinktest/QA/version_2_0/capture.html'

2023-02-08 18:07:00 - [TEST_STEP][PASSED] - maximizeWindow(): Current window maximized

2023-02-08 18:07:01 - [MESSAGE][PASSED] - Current window maximized

2023-02-08 18:07:01 - [TEST_STEP][PASSED] - setText(findTestObject("Object Repository/RecAndPlayBk/Page-VLink-Capture/input_Remittance Id_remittance_id"), VLinkSaleRemID): Text 'sKP1Esx6ch3q' is set on object 'Object Repository/RecAndPlayBk/Page-VLink-Capture/input_Remittance Id_remittance_id'

2023-02-08 18:07:01 - [MESSAGE][PASSED] - Text 'sKP1Esx6ch3q' is set on object 'Object Repository/RecAndPlayBk/Page-VLink-Capture/input_Remittance Id_remittance_id'

2023-02-08 18:07:01 - [TEST_STEP][PASSED] - setText(findTestObject("Object Repository/RecAndPlayBk/Page-VLink-Capture/input_Application Id_application_id"), appID): Text '87' is set on object 'Object Repository/RecAndPlayBk/Page-VLink-Capture/input_Application Id_application_id'

2023-02-08 18:07:02 - [MESSAGE][PASSED] - Text '87' is set on object 'Object Repository/RecAndPlayBk/Page-VLink-Capture/input_Application Id_application_id'

2023-02-08 18:07:02 - [TEST_STEP][PASSED] - setText(findTestObject("Object Repository/RecAndPlayBk/Page-VLink-Capture/input_Username_username"), username): Text 'username' is set on object 'Object Repository/RecAndPlayBk/Page-VLink-Capture/input_Username_username'

2023-02-08 18:07:03 - [MESSAGE][PASSED] - Text 'username' is set on object 'Object Repository/RecAndPlayBk/Page-VLink-Capture/input_Username_username'

2023-02-08 18:07:03 - [TEST_STEP][PASSED] - setText(findTestObject("Object Repository/RecAndPlayBk/Page-VLink-Capture/input_Password_password"), password): Text 'password' is set on object 'Object Repository/RecAndPlayBk/Page-VLink-Capture/input_Password_password'

2023-02-08 18:07:03 - [MESSAGE][PASSED] - Text 'password' is set on object 'Object Repository/RecAndPlayBk/Page-VLink-Capture/input_Password_password'

2023-02-08 18:07:03 - [TEST_STEP][PASSED] - setText(findTestObject("Object Repository/RecAndPlayBk/Page-VLink-Capture/input_Transaction ID_transaction_id"), VLinkSaleTranxID): Text '12125162' is set on object 'Object Repository/RecAndPlayBk/Page-VLink-Capture/input_Transaction ID_transaction_id'

2023-02-08 18:07:04 - [MESSAGE][PASSED] - Text '12125162' is set on object 'Object Repository/RecAndPlayBk/Page-VLink-Capture/input_Transaction ID_transaction_id'

2023-02-08 18:07:04 - [TEST_STEP][PASSED] - setText(findTestObject("Object Repository/RecAndPlayBk/Page-VLink-Capture/input_Amount_amount"), amount): Text '10.5' is set on object 'Object Repository/RecAndPlayBk/Page-VLink-Capture/input_Amount_amount'

2023-02-08 18:07:04 - [MESSAGE][PASSED] - Text '10.5' is set on object 'Object Repository/RecAndPlayBk/Page-VLink-Capture/input_Amount_amount'

2023-02-08 18:07:04 - [TEST_STEP][PASSED] - click(findTestObject("Object Repository/RecAndPlayBk/Page-VLink-Capture/input")): Object: 'Object Repository/RecAndPlayBk/Page-VLink-Capture/input' is clicked on

2023-02-08 18:07:06 - [MESSAGE][PASSED] - Object: 'Object Repository/RecAndPlayBk/Page-VLink-Capture/input' is clicked on

2023-02-08 18:07:06 - [TEST_STEP][PASSED] - if (verifyTextPresent("Transaction approved, no errors", true)): null

2023-02-08 18:07:06 - [MESSAGE][PASSED] - Text 'Transaction approved, no errors' is present on page  using regular expression

2023-02-08 18:07:06 - [TEST_STEP][PASSED] - println("Transaction Approved, no errors text is present on the Confirmation page"): null

2023-02-08 18:07:06 - [TEST_STEP][PASSED] - out.println("Pass Record Number: " + row): null

2023-02-08 18:07:06 - [TEST_STEP][PASSED] - resText = "Pass": null

2023-02-08 18:07:06 - [TEST_STEP][PASSED] - pages.WriteExcel.demoKey(resText, datText, resColumn, datCloumn, fileLoc, nameSheet, row): pages.WriteExcel.demoKey is PASSED

2023-02-08 18:07:07 - [MESSAGE][PASSED] - pages.WriteExcel.demoKey is PASSED

2023-02-08 18:07:07 - [TEST_STEP][PASSED] - ExecuteTC = findTestData(dataFile).getValue("Execute", row): null

2023-02-08 18:07:07 - [TEST_STEP][PASSED] - out.println("Value of Execute is : " + ExecuteTC): null

2023-02-08 18:07:07 - [TEST_STEP][PASSED] - switch (executionProfile): null

2023-02-08 18:07:07 - [TEST_STEP][PASSED] - case "QAProfile":: null

2023-02-08 18:07:07 - [TEST_STEP][PASSED] - appID = findTestData(dataFile).getValue("AppIDQA", row): null

2023-02-08 18:07:07 - [TEST_STEP][PASSED] - username = findTestData(dataFile).getValue("UsernameQA", row): null

2023-02-08 18:07:07 - [TEST_STEP][PASSED] - password = findTestData(dataFile).getValue("PasswordQA", row): null

2023-02-08 18:07:07 - [TEST_STEP][PASSED] - break: null

2023-02-08 18:07:07 - [TEST_STEP][PASSED] - if (ExecuteTC.equalsIgnoreCase("Y")): null

2023-02-08 18:07:07 - [TEST_STEP][PASSED] - out.println("Begin Record Number: " + row): null

2023-02-08 18:07:07 - [TEST_STEP][PASSED] - today = new java.util.Date(): null

2023-02-08 18:07:07 - [TEST_STEP][PASSED] - println(today): null

2023-02-08 18:07:07 - [TEST_STEP][PASSED] - datText = today: null

2023-02-08 18:07:07 - [TEST_STEP][PASSED] - category = findTestData(dataFile).getValue("Category", row): null

2023-02-08 18:07:07 - [TEST_STEP][PASSED] - amount = findTestData(dataFile).getValue("Amount", row): null

2023-02-08 18:07:07 - [TEST_STEP][PASSED] - cardNumber = findTestData(dataFile).getValue("CardNumber", row): null

2023-02-08 18:07:07 - [TEST_STEP][PASSED] - exM = findTestData(dataFile).getValue("ExM", row): null

2023-02-08 18:07:07 - [TEST_STEP][PASSED] - exY = findTestData(dataFile).getValue("ExY", row): null

2023-02-08 18:07:07 - [TEST_STEP][PASSED] - openBrowser(VLinkURL + "auth.html"): Browser is opened with url: 'https://dev-algorithm.govolution.com/vlinktest/QA/version_2_0/auth.html'

2023-02-08 18:07:07 - [MESSAGE][WARNING] - A browser is already opened. Closing browser and opening a new one

2023-02-08 18:07:08 - [MESSAGE][INFO] - Starting 'Chrome' driver

2023-02-08 18:07:08 - [MESSAGE][INFO] - User set preference: ['acceptInsecureCerts', 'true']

2023-02-08 18:07:08 - [MESSAGE][INFO] - Action delay is set to 0 milliseconds

2023-02-08 18:07:10 - [MESSAGE][PASSED] - Browser is opened with url: 'https://dev-algorithm.govolution.com/vlinktest/QA/version_2_0/auth.html'

2023-02-08 18:07:10 - [TEST_STEP][PASSED] - maximizeWindow(): Current window maximized

2023-02-08 18:07:10 - [MESSAGE][PASSED] - Current window maximized

2023-02-08 18:07:10 - [TEST_STEP][PASSED] - genRemID = RandomStringUtils.random(12, true, true): null

2023-02-08 18:07:10 - [TEST_STEP][PASSED] - setText(findTestObject("Object Repository/RecAndPlayBk/Page-Vlink-AuthOnly/input_Remittance Id_remittance_id"), genRemID): Text '6rrL8mNa95Fb' is set on object 'Object Repository/RecAndPlayBk/Page-Vlink-AuthOnly/input_Remittance Id_remittance_id'

2023-02-08 18:07:11 - [MESSAGE][PASSED] - Text '6rrL8mNa95Fb' is set on object 'Object Repository/RecAndPlayBk/Page-Vlink-AuthOnly/input_Remittance Id_remittance_id'

2023-02-08 18:07:11 - [TEST_STEP][PASSED] - setText(findTestObject("Object Repository/RecAndPlayBk/Page-Vlink-AuthOnly/input_Application Id_application_id"), appID): Text '581' is set on object 'Object Repository/RecAndPlayBk/Page-Vlink-AuthOnly/input_Application Id_application_id'

2023-02-08 18:07:12 - [MESSAGE][PASSED] - Text '581' is set on object 'Object Repository/RecAndPlayBk/Page-Vlink-AuthOnly/input_Application Id_application_id'

2023-02-08 18:07:12 - [TEST_STEP][PASSED] - setText(findTestObject("Object Repository/RecAndPlayBk/Page-Vlink-AuthOnly/input_Username_username"), username): Text 'usr581' is set on object 'Object Repository/RecAndPlayBk/Page-Vlink-AuthOnly/input_Username_username'

2023-02-08 18:07:12 - [MESSAGE][PASSED] - Text 'usr581' is set on object 'Object Repository/RecAndPlayBk/Page-Vlink-AuthOnly/input_Username_username'

2023-02-08 18:07:12 - [TEST_STEP][PASSED] - setText(findTestObject("Object Repository/RecAndPlayBk/Page-Vlink-AuthOnly/input_Password_password"), password): Text 'pwd581' is set on object 'Object Repository/RecAndPlayBk/Page-Vlink-AuthOnly/input_Password_password'

2023-02-08 18:07:13 - [MESSAGE][PASSED] - Text 'pwd581' is set on object 'Object Repository/RecAndPlayBk/Page-Vlink-AuthOnly/input_Password_password'

2023-02-08 18:07:13 - [TEST_STEP][PASSED] - setText(findTestObject("Object Repository/RecAndPlayBk/Page-Vlink-AuthOnly/input_Category_category"), category): Text 'ECOM' is set on object 'Object Repository/RecAndPlayBk/Page-Vlink-AuthOnly/input_Category_category'

2023-02-08 18:07:13 - [MESSAGE][PASSED] - Text 'ECOM' is set on object 'Object Repository/RecAndPlayBk/Page-Vlink-AuthOnly/input_Category_category'

2023-02-08 18:07:13 - [TEST_STEP][PASSED] - setText(findTestObject("Object Repository/RecAndPlayBk/Page-Vlink-AuthOnly/input_Amount_amount"), amount): Text '10.5' is set on object 'Object Repository/RecAndPlayBk/Page-Vlink-AuthOnly/input_Amount_amount'

2023-02-08 18:07:14 - [MESSAGE][PASSED] - Text '10.5' is set on object 'Object Repository/RecAndPlayBk/Page-Vlink-AuthOnly/input_Amount_amount'

2023-02-08 18:07:14 - [TEST_STEP][PASSED] - doubleClick(findTestObject("Object Repository/RecAndPlayBk/Page-Vlink-AuthOnly/input_Card number_card_number")): Object: 'Object Repository/RecAndPlayBk/Page-Vlink-AuthOnly/input_Card number_card_number' is double clicked on

2023-02-08 18:07:15 - [MESSAGE][PASSED] - Object: 'Object Repository/RecAndPlayBk/Page-Vlink-AuthOnly/input_Card number_card_number' is double clicked on

2023-02-08 18:07:15 - [TEST_STEP][PASSED] - setText(findTestObject("Object Repository/RecAndPlayBk/Page-Vlink-AuthOnly/input_Card number_card_number"), cardNumber): Text '5146312200000035' is set on object 'Object Repository/RecAndPlayBk/Page-Vlink-AuthOnly/input_Card number_card_number'

2023-02-08 18:07:15 - [MESSAGE][PASSED] - Text '5146312200000035' is set on object 'Object Repository/RecAndPlayBk/Page-Vlink-AuthOnly/input_Card number_card_number'

2023-02-08 18:07:15 - [TEST_STEP][PASSED] - setText(findTestObject("Object Repository/RecAndPlayBk/Page-Vlink-AuthOnly/input_Card ex month_card_exmo"), exM): Text '12' is set on object 'Object Repository/RecAndPlayBk/Page-Vlink-AuthOnly/input_Card ex month_card_exmo'

2023-02-08 18:07:16 - [MESSAGE][PASSED] - Text '12' is set on object 'Object Repository/RecAndPlayBk/Page-Vlink-AuthOnly/input_Card ex month_card_exmo'

2023-02-08 18:07:16 - [TEST_STEP][PASSED] - setText(findTestObject("Object Repository/RecAndPlayBk/Page-Vlink-AuthOnly/input_Card ex year_card_exyr"), exY): Text '2029' is set on object 'Object Repository/RecAndPlayBk/Page-Vlink-AuthOnly/input_Card ex year_card_exyr'

2023-02-08 18:07:16 - [MESSAGE][PASSED] - Text '2029' is set on object 'Object Repository/RecAndPlayBk/Page-Vlink-AuthOnly/input_Card ex year_card_exyr'

2023-02-08 18:07:16 - [TEST_STEP][PASSED] - click(findTestObject("Object Repository/RecAndPlayBk/Page-Vlink-AuthOnly/input_Track Data_track_data")): Object: 'Object Repository/RecAndPlayBk/Page-Vlink-AuthOnly/input_Track Data_track_data' is clicked on

2023-02-08 18:07:17 - [MESSAGE][PASSED] - Object: 'Object Repository/RecAndPlayBk/Page-Vlink-AuthOnly/input_Track Data_track_data' is clicked on

2023-02-08 18:07:17 - [TEST_STEP][PASSED] - click(findTestObject("Object Repository/RecAndPlayBk/Page-Vlink-AuthOnly/input_CVV state_cvv_state")): Object: 'Object Repository/RecAndPlayBk/Page-Vlink-AuthOnly/input_CVV state_cvv_state' is clicked on

2023-02-08 18:07:17 - [MESSAGE][PASSED] - Object: 'Object Repository/RecAndPlayBk/Page-Vlink-AuthOnly/input_CVV state_cvv_state' is clicked on

2023-02-08 18:07:17 - [TEST_STEP][PASSED] - setText(findTestObject("Object Repository/RecAndPlayBk/Page-Vlink-AuthOnly/input_Track Data_track_data"), ""): Text '' is set on object 'Object Repository/RecAndPlayBk/Page-Vlink-AuthOnly/input_Track Data_track_data'

2023-02-08 18:07:18 - [MESSAGE][PASSED] - Text '' is set on object 'Object Repository/RecAndPlayBk/Page-Vlink-AuthOnly/input_Track Data_track_data'

2023-02-08 18:07:18 - [TEST_STEP][PASSED] - setText(findTestObject("Object Repository/RecAndPlayBk/Page-Vlink-AuthOnly/input_concat(Cardholder, , s email)_email"), ""): Text '' is set on object 'Object Repository/RecAndPlayBk/Page-Vlink-AuthOnly/input_concat(Cardholder, , s email)_email'

2023-02-08 18:07:18 - [MESSAGE][PASSED] - Text '' is set on object 'Object Repository/RecAndPlayBk/Page-Vlink-AuthOnly/input_concat(Cardholder, , s email)_email'

2023-02-08 18:07:18 - [TEST_STEP][PASSED] - click(findTestObject("Object Repository/RecAndPlayBk/Page-Vlink-AuthOnly/input_user_defined10_user_defined10")): Object: 'Object Repository/RecAndPlayBk/Page-Vlink-AuthOnly/input_user_defined10_user_defined10' is clicked on

2023-02-08 18:07:19 - [MESSAGE][PASSED] - Object: 'Object Repository/RecAndPlayBk/Page-Vlink-AuthOnly/input_user_defined10_user_defined10' is clicked on

2023-02-08 18:07:19 - [TEST_STEP][PASSED] - if (executionProfile.equalsIgnoreCase("QAProfile")): Text '' is set on object 'Object Repository/RecAndPlayBk/Page-Vlink-AuthOnly/input_COF Transaction Initiated by_cof_tran_6cded5'

2023-02-08 18:07:19 - [TEST_STEP][PASSED] - setText(findTestObject("Object Repository/RecAndPlayBk/Page-Vlink-AuthOnly/input_Card on File Indicator_card_on_file_i_157dae"), ""): Text '' is set on object 'Object Repository/RecAndPlayBk/Page-Vlink-AuthOnly/input_Card on File Indicator_card_on_file_i_157dae'

2023-02-08 18:07:19 - [MESSAGE][PASSED] - Text '' is set on object 'Object Repository/RecAndPlayBk/Page-Vlink-AuthOnly/input_Card on File Indicator_card_on_file_i_157dae'

2023-02-08 18:07:19 - [TEST_STEP][PASSED] - setText(findTestObject("Object Repository/RecAndPlayBk/Page-Vlink-AuthOnly/input_Stored Credential Indicator_stored_cr_4ae73c"), ""): Text '' is set on object 'Object Repository/RecAndPlayBk/Page-Vlink-AuthOnly/input_Stored Credential Indicator_stored_cr_4ae73c'

2023-02-08 18:07:20 - [MESSAGE][PASSED] - Text '' is set on object 'Object Repository/RecAndPlayBk/Page-Vlink-AuthOnly/input_Stored Credential Indicator_stored_cr_4ae73c'

2023-02-08 18:07:20 - [TEST_STEP][PASSED] - setText(findTestObject("Object Repository/RecAndPlayBk/Page-Vlink-AuthOnly/input_COF Scheduled indicator_cof_scheduled_8df7d8"), ""): Text '' is set on object 'Object Repository/RecAndPlayBk/Page-Vlink-AuthOnly/input_COF Scheduled indicator_cof_scheduled_8df7d8'

2023-02-08 18:07:20 - [MESSAGE][PASSED] - Text '' is set on object 'Object Repository/RecAndPlayBk/Page-Vlink-AuthOnly/input_COF Scheduled indicator_cof_scheduled_8df7d8'

2023-02-08 18:07:20 - [TEST_STEP][PASSED] - setText(findTestObject("Object Repository/RecAndPlayBk/Page-Vlink-AuthOnly/input_COF Transaction Initiated by_cof_tran_6cded5"), ""): Text '' is set on object 'Object Repository/RecAndPlayBk/Page-Vlink-AuthOnly/input_COF Transaction Initiated by_cof_tran_6cded5'

2023-02-08 18:07:21 - [MESSAGE][PASSED] - Text '' is set on object 'Object Repository/RecAndPlayBk/Page-Vlink-AuthOnly/input_COF Transaction Initiated by_cof_tran_6cded5'

2023-02-08 18:07:21 - [TEST_STEP][PASSED] - click(findTestObject("Object Repository/RecAndPlayBk/Page-Vlink-AuthOnly/input")): Object: 'Object Repository/RecAndPlayBk/Page-Vlink-AuthOnly/input' is clicked on

2023-02-08 18:07:22 - [MESSAGE][PASSED] - Object: 'Object Repository/RecAndPlayBk/Page-Vlink-AuthOnly/input' is clicked on

2023-02-08 18:07:22 - [TEST_STEP][PASSED] - if (verifyTextPresent("Transaction approved, no errors", true)): null

2023-02-08 18:07:22 - [MESSAGE][PASSED] - Text 'Transaction approved, no errors' is present on page  using regular expression

2023-02-08 18:07:22 - [TEST_STEP][PASSED] - out.println("Auth was successful, Capture now"): null

2023-02-08 18:07:22 - [TEST_STEP][PASSED] - sdfo = getText(findTestObject("Object Repository/Page_VLinkReceipt/pre_STX")): Text of object 'Object Repository/Page_VLinkReceipt/pre_STX' is: '<STX>6rrL8mNa95Fb                  12125164            0  Transaction approved, no errors                   0                                                                                  YM000016   <ETX>'

2023-02-08 18:07:23 - [MESSAGE][PASSED] - Text of object 'Object Repository/Page_VLinkReceipt/pre_STX' is: '<STX>6rrL8mNa95Fb                  12125164            0  Transaction approved, no errors                   0                                                                                  YM000016   <ETX>'

2023-02-08 18:07:23 - [TEST_STEP][PASSED] - out.println("sdfo: " + sdfo): null

2023-02-08 18:07:23 - [TEST_STEP][PASSED] - remID = substring(5, 35).trim(): null

2023-02-08 18:07:23 - [TEST_STEP][PASSED] - out.println("remID: " + remID): null

2023-02-08 18:07:23 - [TEST_STEP][PASSED] - traxID = substring(35, 55).trim(): null

2023-02-08 18:07:23 - [TEST_STEP][PASSED] - out.println("traxID: " + traxID): null

2023-02-08 18:07:23 - [TEST_STEP][PASSED] - VLinkSaleRemID = remID: null

2023-02-08 18:07:23 - [TEST_STEP][PASSED] - VLinkSaleTranxID = traxID: null

2023-02-08 18:07:23 - [TEST_STEP][PASSED] - openBrowser(VLinkURL + "capture.html"): Browser is opened with url: 'https://dev-algorithm.govolution.com/vlinktest/QA/version_2_0/capture.html'

2023-02-08 18:07:23 - [MESSAGE][WARNING] - A browser is already opened. Closing browser and opening a new one

2023-02-08 18:07:24 - [MESSAGE][INFO] - Starting 'Chrome' driver

2023-02-08 18:07:24 - [MESSAGE][INFO] - User set preference: ['acceptInsecureCerts', 'true']

2023-02-08 18:07:24 - [MESSAGE][INFO] - Action delay is set to 0 milliseconds

2023-02-08 18:07:25 - [MESSAGE][PASSED] - Browser is opened with url: 'https://dev-algorithm.govolution.com/vlinktest/QA/version_2_0/capture.html'

2023-02-08 18:07:25 - [TEST_STEP][PASSED] - maximizeWindow(): Current window maximized

2023-02-08 18:07:26 - [MESSAGE][PASSED] - Current window maximized

2023-02-08 18:07:26 - [TEST_STEP][PASSED] - setText(findTestObject("Object Repository/RecAndPlayBk/Page-VLink-Capture/input_Remittance Id_remittance_id"), VLinkSaleRemID): Text '6rrL8mNa95Fb' is set on object 'Object Repository/RecAndPlayBk/Page-VLink-Capture/input_Remittance Id_remittance_id'

2023-02-08 18:07:26 - [MESSAGE][PASSED] - Text '6rrL8mNa95Fb' is set on object 'Object Repository/RecAndPlayBk/Page-VLink-Capture/input_Remittance Id_remittance_id'

2023-02-08 18:07:26 - [TEST_STEP][PASSED] - setText(findTestObject("Object Repository/RecAndPlayBk/Page-VLink-Capture/input_Application Id_application_id"), appID): Text '581' is set on object 'Object Repository/RecAndPlayBk/Page-VLink-Capture/input_Application Id_application_id'

2023-02-08 18:07:27 - [MESSAGE][PASSED] - Text '581' is set on object 'Object Repository/RecAndPlayBk/Page-VLink-Capture/input_Application Id_application_id'

2023-02-08 18:07:27 - [TEST_STEP][PASSED] - setText(findTestObject("Object Repository/RecAndPlayBk/Page-VLink-Capture/input_Username_username"), username): Text 'usr581' is set on object 'Object Repository/RecAndPlayBk/Page-VLink-Capture/input_Username_username'

2023-02-08 18:07:27 - [MESSAGE][PASSED] - Text 'usr581' is set on object 'Object Repository/RecAndPlayBk/Page-VLink-Capture/input_Username_username'

2023-02-08 18:07:27 - [TEST_STEP][PASSED] - setText(findTestObject("Object Repository/RecAndPlayBk/Page-VLink-Capture/input_Password_password"), password): Text 'pwd581' is set on object 'Object Repository/RecAndPlayBk/Page-VLink-Capture/input_Password_password'

2023-02-08 18:07:28 - [MESSAGE][PASSED] - Text 'pwd581' is set on object 'Object Repository/RecAndPlayBk/Page-VLink-Capture/input_Password_password'

2023-02-08 18:07:28 - [TEST_STEP][PASSED] - setText(findTestObject("Object Repository/RecAndPlayBk/Page-VLink-Capture/input_Transaction ID_transaction_id"), VLinkSaleTranxID): Text '12125164' is set on object 'Object Repository/RecAndPlayBk/Page-VLink-Capture/input_Transaction ID_transaction_id'

2023-02-08 18:07:29 - [MESSAGE][PASSED] - Text '12125164' is set on object 'Object Repository/RecAndPlayBk/Page-VLink-Capture/input_Transaction ID_transaction_id'

2023-02-08 18:07:29 - [TEST_STEP][PASSED] - setText(findTestObject("Object Repository/RecAndPlayBk/Page-VLink-Capture/input_Amount_amount"), amount): Text '10.5' is set on object 'Object Repository/RecAndPlayBk/Page-VLink-Capture/input_Amount_amount'

2023-02-08 18:07:29 - [MESSAGE][PASSED] - Text '10.5' is set on object 'Object Repository/RecAndPlayBk/Page-VLink-Capture/input_Amount_amount'

2023-02-08 18:07:29 - [TEST_STEP][PASSED] - click(findTestObject("Object Repository/RecAndPlayBk/Page-VLink-Capture/input")): Object: 'Object Repository/RecAndPlayBk/Page-VLink-Capture/input' is clicked on

2023-02-08 18:07:31 - [MESSAGE][PASSED] - Object: 'Object Repository/RecAndPlayBk/Page-VLink-Capture/input' is clicked on

2023-02-08 18:07:31 - [TEST_STEP][PASSED] - if (verifyTextPresent("Transaction approved, no errors", true)): null

2023-02-08 18:07:31 - [MESSAGE][PASSED] - Text 'Transaction approved, no errors' is present on page  using regular expression

2023-02-08 18:07:31 - [TEST_STEP][PASSED] - println("Transaction Approved, no errors text is present on the Confirmation page"): null

2023-02-08 18:07:31 - [TEST_STEP][PASSED] - out.println("Pass Record Number: " + row): null

2023-02-08 18:07:31 - [TEST_STEP][PASSED] - resText = "Pass": null

2023-02-08 18:07:31 - [TEST_STEP][PASSED] - pages.WriteExcel.demoKey(resText, datText, resColumn, datCloumn, fileLoc, nameSheet, row): pages.WriteExcel.demoKey is PASSED

2023-02-08 18:07:31 - [MESSAGE][PASSED] - pages.WriteExcel.demoKey is PASSED]]></system-out>
         <system-err><![CDATA[]]></system-err>
      </testcase>
      <testcase name="Test Cases/VLink/Imported-SelIDE/VLinkXMLTests/AuthCaptureRemIDPipe" time="14.309" classname="Test Cases/VLink/Imported-SelIDE/VLinkXMLTests/AuthCaptureRemIDPipe" status="PASSED">
         <system-out><![CDATA[2023-02-08 18:07:31 - [TEST_CASE][PASSED] - Test Cases/VLink/Imported-SelIDE/VLinkXMLTests/AuthCaptureRemIDPipe: Test Cases/VLink/Imported-SelIDE/VLinkXMLTests/AuthCaptureRemIDPipe

2023-02-08 18:07:32 - [TEST_STEP][PASSED] - softAssertion = new org.testng.asserts.SoftAssert(): null

2023-02-08 18:07:32 - [TEST_STEP][PASSED] - openBrowser("https://www.google.com/"): Browser is opened with url: 'https://www.google.com/'

2023-02-08 18:07:32 - [MESSAGE][WARNING] - A browser is already opened. Closing browser and opening a new one

2023-02-08 18:07:33 - [MESSAGE][INFO] - Starting 'Chrome' driver

2023-02-08 18:07:33 - [MESSAGE][INFO] - User set preference: ['acceptInsecureCerts', 'true']

2023-02-08 18:07:33 - [MESSAGE][INFO] - Action delay is set to 0 milliseconds

2023-02-08 18:07:36 - [MESSAGE][PASSED] - Browser is opened with url: 'https://www.google.com/'

2023-02-08 18:07:36 - [TEST_STEP][PASSED] - driver = getWebDriver(): null

2023-02-08 18:07:36 - [TEST_STEP][PASSED] - baseUrl = "https://www.google.com/": null

2023-02-08 18:07:36 - [TEST_STEP][PASSED] - selenium = new com.thoughtworks.selenium.webdriven.WebDriverBackedSelenium(driver, baseUrl): null

2023-02-08 18:07:36 - [TEST_STEP][PASSED] - ran1 = random() * 99999)").toInteger(): null

2023-02-08 18:07:36 - [TEST_STEP][PASSED] - println(ran1): null

2023-02-08 18:07:36 - [TEST_STEP][PASSED] - ran2 = random() * 999)").toInteger(): null

2023-02-08 18:07:36 - [TEST_STEP][PASSED] - println(ran2): null

2023-02-08 18:07:36 - [TEST_STEP][PASSED] - ran3 = random() * 9999)").toInteger(): null

2023-02-08 18:07:36 - [TEST_STEP][PASSED] - println(ran3): null

2023-02-08 18:07:36 - [TEST_STEP][PASSED] - println(ran1 + "|" + ran2 + "|" + ran3): null

2023-02-08 18:07:36 - [TEST_STEP][PASSED] - selenium.open("https://dev-algorithm.govolution.com/vlinktest/QA/version_2_0/auth.html"): null

2023-02-08 18:07:37 - [TEST_STEP][PASSED] - selenium.type("name=transaction_type", "100"): null

2023-02-08 18:07:37 - [TEST_STEP][PASSED] - selenium.type("name=message_version", 0C".toString()): null

2023-02-08 18:07:37 - [TEST_STEP][PASSED] - selenium.type("name=remittance_id", ran1 + "|" + ran2 + "|" + ran3.toString()): null

2023-02-08 18:07:37 - [TEST_STEP][PASSED] - selenium.type("name=application_id", "234"): null

2023-02-08 18:07:37 - [TEST_STEP][PASSED] - selenium.type("name=username", "username"): null

2023-02-08 18:07:37 - [TEST_STEP][PASSED] - selenium.type("name=password", "password"): null

2023-02-08 18:07:37 - [TEST_STEP][PASSED] - selenium.type("name=response_format", "fixed_width"): null

2023-02-08 18:07:37 - [TEST_STEP][PASSED] - selenium.type("name=category", "ECOM"): null

2023-02-08 18:07:37 - [TEST_STEP][PASSED] - selenium.type("name=transaction_id", ""): null

2023-02-08 18:07:37 - [TEST_STEP][PASSED] - selenium.type("name=approval_code", ""): null

2023-02-08 18:07:37 - [TEST_STEP][PASSED] - selenium.type("name=card_name", "Michael Slater".toString()): null

2023-02-08 18:07:37 - [TEST_STEP][PASSED] - selenium.type("name=card_address", "2000 14th street".toString()): null

2023-02-08 18:07:37 - [TEST_STEP][PASSED] - selenium.type("name=card_address2", ""): null

2023-02-08 18:07:37 - [TEST_STEP][PASSED] - selenium.type("name=card_city", "Arlington"): null

2023-02-08 18:07:37 - [TEST_STEP][PASSED] - selenium.type("name=card_state", "VA"): null

2023-02-08 18:07:38 - [TEST_STEP][PASSED] - selenium.type("name=card_zip", "22201"): null

2023-02-08 18:07:38 - [TEST_STEP][PASSED] - selenium.type("name=country_id", ""): null

2023-02-08 18:07:38 - [TEST_STEP][PASSED] - selenium.type("name=amount", 50".toString()): null

2023-02-08 18:07:38 - [TEST_STEP][PASSED] - selenium.type("name=card_number", "4111111111111111"): null

2023-02-08 18:07:38 - [TEST_STEP][PASSED] - selenium.type("name=card_exmo", "06"): null

2023-02-08 18:07:38 - [TEST_STEP][PASSED] - selenium.type("name=card_exyr", "2025"): null

2023-02-08 18:07:38 - [TEST_STEP][PASSED] - selenium.type("name=cvv_data", ""): null

2023-02-08 18:07:38 - [TEST_STEP][PASSED] - selenium.type("name=cvv_state", ""): null

2023-02-08 18:07:38 - [TEST_STEP][PASSED] - selenium.type("name=track_data", ""): null

2023-02-08 18:07:38 - [TEST_STEP][PASSED] - selenium.type("name=track_1_data", ""): null

2023-02-08 18:07:38 - [TEST_STEP][PASSED] - selenium.type("name=track_2_data", ""): null

2023-02-08 18:07:38 - [TEST_STEP][PASSED] - selenium.type("name=entry_mode", ""): null

2023-02-08 18:07:38 - [TEST_STEP][PASSED] - selenium.type("name=email", ""): null

2023-02-08 18:07:38 - [TEST_STEP][PASSED] - selenium.type("name=order_number", ""): null

2023-02-08 18:07:38 - [TEST_STEP][PASSED] - selenium.type("name=tax_amount", ""): null

2023-02-08 18:07:38 - [TEST_STEP][PASSED] - selenium.type("name=charge_description", ""): null

2023-02-08 18:07:38 - [TEST_STEP][PASSED] - selenium.type("name=client_account_number", ""): null

2023-02-08 18:07:39 - [TEST_STEP][PASSED] - selenium.type("name=bill_payment_indicator", ""): null

2023-02-08 18:07:39 - [TEST_STEP][PASSED] - selenium.type("name=user_defined1", ""): null

2023-02-08 18:07:39 - [TEST_STEP][PASSED] - selenium.type("name=user_defined2", ""): null

2023-02-08 18:07:39 - [TEST_STEP][PASSED] - selenium.type("name=user_defined3", ""): null

2023-02-08 18:07:39 - [TEST_STEP][PASSED] - selenium.type("name=user_defined4", ""): null

2023-02-08 18:07:39 - [TEST_STEP][PASSED] - selenium.type("name=user_defined5", ""): null

2023-02-08 18:07:39 - [TEST_STEP][PASSED] - selenium.type("name=user_defined6", ""): null

2023-02-08 18:07:39 - [TEST_STEP][PASSED] - selenium.type("name=user_defined7", ""): null

2023-02-08 18:07:39 - [TEST_STEP][PASSED] - selenium.type("name=user_defined8", ""): null

2023-02-08 18:07:39 - [TEST_STEP][PASSED] - selenium.type("name=user_defined9", ""): null

2023-02-08 18:07:39 - [TEST_STEP][PASSED] - selenium.type("name=user_defined10", ""): null

2023-02-08 18:07:39 - [TEST_STEP][PASSED] - selenium.type("name=card_on_file_indicator", ""): null

2023-02-08 18:07:39 - [TEST_STEP][PASSED] - selenium.type("name=stored_credential_indicator", ""): null

2023-02-08 18:07:39 - [TEST_STEP][PASSED] - selenium.type("name=cof_scheduled_indicator", ""): null

2023-02-08 18:07:39 - [TEST_STEP][PASSED] - selenium.type("name=cof_transaction_init_indicator", ""): null

2023-02-08 18:07:39 - [TEST_STEP][PASSED] - selenium.click("css=input[type="submit"]"): null

2023-02-08 18:07:41 - [TEST_STEP][PASSED] - selenium.waitForPageToLoad("30000"): null

2023-02-08 18:07:41 - [TEST_STEP][PASSED] - verifyTextPresent("Transaction approved, no errors", true): Text 'Transaction approved, no errors' is present on page  using regular expression

2023-02-08 18:07:41 - [MESSAGE][PASSED] - Text 'Transaction approved, no errors' is present on page  using regular expression

2023-02-08 18:07:41 - [TEST_STEP][PASSED] - resText = selenium.getText("css=pre"): null

2023-02-08 18:07:42 - [TEST_STEP][PASSED] - println(resText): null

2023-02-08 18:07:42 - [TEST_STEP][PASSED] - tranID = substring(35, 44).trim(): null

2023-02-08 18:07:42 - [TEST_STEP][PASSED] - println(tranID): null

2023-02-08 18:07:42 - [TEST_STEP][PASSED] - selenium.open("https://dev-algorithm.govolution.com/vlinktest/QA/version_2_0/capture.html"): null

2023-02-08 18:07:42 - [TEST_STEP][PASSED] - selenium.type("name=transaction_type", "102"): null

2023-02-08 18:07:42 - [TEST_STEP][PASSED] - selenium.type("name=message_version", 0C".toString()): null

2023-02-08 18:07:42 - [TEST_STEP][PASSED] - selenium.type("name=remittance_id", ran1 + "|" + ran2 + "|" + ran3.toString()): null

2023-02-08 18:07:42 - [TEST_STEP][PASSED] - selenium.type("name=application_id", "234"): null

2023-02-08 18:07:42 - [TEST_STEP][PASSED] - selenium.type("name=username", "username"): null

2023-02-08 18:07:42 - [TEST_STEP][PASSED] - selenium.type("name=password", "password"): null

2023-02-08 18:07:42 - [TEST_STEP][PASSED] - selenium.type("name=response_format", "fixed_width"): null

2023-02-08 18:07:42 - [TEST_STEP][PASSED] - selenium.type("name=transaction_id", tranID): null

2023-02-08 18:07:42 - [TEST_STEP][PASSED] - selenium.type("name=amount", 50".toString()): null

2023-02-08 18:07:42 - [TEST_STEP][PASSED] - selenium.type("name=order_number", ""): null

2023-02-08 18:07:42 - [TEST_STEP][PASSED] - selenium.type("name=tax_amount", ""): null

2023-02-08 18:07:43 - [TEST_STEP][PASSED] - selenium.type("name=charge_description", ""): null

2023-02-08 18:07:43 - [TEST_STEP][PASSED] - selenium.type("name=client_account_number", ""): null

2023-02-08 18:07:43 - [TEST_STEP][PASSED] - selenium.type("name=bill_payment_indicator", ""): null

2023-02-08 18:07:43 - [TEST_STEP][PASSED] - selenium.type("name=user_defined1", ""): null

2023-02-08 18:07:43 - [TEST_STEP][PASSED] - selenium.type("name=user_defined2", ""): null

2023-02-08 18:07:43 - [TEST_STEP][PASSED] - selenium.type("name=user_defined3", ""): null

2023-02-08 18:07:43 - [TEST_STEP][PASSED] - selenium.type("name=user_defined4", ""): null

2023-02-08 18:07:43 - [TEST_STEP][PASSED] - selenium.type("name=user_defined5", ""): null

2023-02-08 18:07:43 - [TEST_STEP][PASSED] - selenium.type("name=user_defined6", ""): null

2023-02-08 18:07:43 - [TEST_STEP][PASSED] - selenium.type("name=user_defined7", ""): null

2023-02-08 18:07:43 - [TEST_STEP][PASSED] - selenium.type("name=user_defined8", ""): null

2023-02-08 18:07:43 - [TEST_STEP][PASSED] - selenium.type("name=user_defined9", ""): null

2023-02-08 18:07:43 - [TEST_STEP][PASSED] - selenium.type("name=user_defined10", ""): null

2023-02-08 18:07:43 - [TEST_STEP][PASSED] - selenium.click("css=input[type="submit"]"): null

2023-02-08 18:07:45 - [TEST_STEP][PASSED] - selenium.waitForPageToLoad("30000"): null

2023-02-08 18:07:45 - [TEST_STEP][PASSED] - verifyTextPresent("Transaction approved, no errors", true): Text 'Transaction approved, no errors' is present on page  using regular expression

2023-02-08 18:07:45 - [MESSAGE][PASSED] - Text 'Transaction approved, no errors' is present on page  using regular expression

2023-02-08 18:07:45 - [TEST_STEP][PASSED] - resTextCap = selenium.getText("css=pre"): null

2023-02-08 18:07:46 - [TEST_STEP][PASSED] - println(resTextCap): null

2023-02-08 18:07:46 - [TEST_STEP][PASSED] - tranIDCap = selenium.getEval(" var ran1 = "" + ran1 + "";var ran2 = "" + ran2 + "";var ran3 = "" + ran3 + "";var resText = "" + resText + "";var tranID = "" + tranID + "";var resTextCap = "" + resTextCap + "";var storedVars = { 'ran1': ran1,'ran2': ran2,'ran3': ran3,'resText': resText,'tranID': tranID,'resTextCap': resTextCap }; " + "storedVars['resTextCap'].substring(19,28).trim()"): null

2023-02-08 18:07:46 - [TEST_STEP][PASSED] - println(tranIDCap): null]]></system-out>
         <system-err><![CDATA[]]></system-err>
      </testcase>
      <testcase name="Test Cases/VLink/Imported-SelIDE/VLinkXMLTests/EncryptedRemIDPipe" time="10.03" classname="Test Cases/VLink/Imported-SelIDE/VLinkXMLTests/EncryptedRemIDPipe" status="PASSED">
         <system-out><![CDATA[2023-02-08 18:07:46 - [TEST_CASE][PASSED] - Test Cases/VLink/Imported-SelIDE/VLinkXMLTests/EncryptedRemIDPipe: Test Cases/VLink/Imported-SelIDE/VLinkXMLTests/EncryptedRemIDPipe

2023-02-08 18:07:46 - [TEST_STEP][PASSED] - softAssertion = new org.testng.asserts.SoftAssert(): null

2023-02-08 18:07:46 - [TEST_STEP][PASSED] - openBrowser("https://www.google.com/"): Browser is opened with url: 'https://www.google.com/'

2023-02-08 18:07:46 - [MESSAGE][WARNING] - A browser is already opened. Closing browser and opening a new one

2023-02-08 18:07:47 - [MESSAGE][INFO] - Starting 'Chrome' driver

2023-02-08 18:07:47 - [MESSAGE][INFO] - User set preference: ['acceptInsecureCerts', 'true']

2023-02-08 18:07:47 - [MESSAGE][INFO] - Action delay is set to 0 milliseconds

2023-02-08 18:07:50 - [MESSAGE][PASSED] - Browser is opened with url: 'https://www.google.com/'

2023-02-08 18:07:50 - [TEST_STEP][PASSED] - driver = getWebDriver(): null

2023-02-08 18:07:50 - [TEST_STEP][PASSED] - baseUrl = "https://www.google.com/": null

2023-02-08 18:07:50 - [TEST_STEP][PASSED] - selenium = new com.thoughtworks.selenium.webdriven.WebDriverBackedSelenium(driver, baseUrl): null

2023-02-08 18:07:50 - [TEST_STEP][PASSED] - ran1 = random() * 99999)").toInteger(): null

2023-02-08 18:07:50 - [TEST_STEP][PASSED] - println(ran1): null

2023-02-08 18:07:50 - [TEST_STEP][PASSED] - ran2 = random() * 999)").toInteger(): null

2023-02-08 18:07:50 - [TEST_STEP][PASSED] - println(ran2): null

2023-02-08 18:07:50 - [TEST_STEP][PASSED] - ran3 = random() * 9999)").toInteger(): null

2023-02-08 18:07:50 - [TEST_STEP][PASSED] - println(ran3): null

2023-02-08 18:07:50 - [TEST_STEP][PASSED] - println(ran1 + "|" + ran2 + "|" + ran3): null

2023-02-08 18:07:50 - [TEST_STEP][PASSED] - selenium.open("https://dev-algorithm.govolution.com/vlinktest/QA/version_2_0/vlinkEncryptedSwipe.html"): null

2023-02-08 18:07:50 - [TEST_STEP][PASSED] - selenium.type("name=transaction_type", "104"): null

2023-02-08 18:07:50 - [TEST_STEP][PASSED] - selenium.type("name=message_version", 0C".toString()): null

2023-02-08 18:07:51 - [TEST_STEP][PASSED] - selenium.type("name=remittance_id", ran1 + "|" + ran2 + "|" + ran3.toString()): null

2023-02-08 18:07:51 - [TEST_STEP][PASSED] - selenium.type("name=application_id", "234"): null

2023-02-08 18:07:51 - [TEST_STEP][PASSED] - selenium.type("name=username", "username"): null

2023-02-08 18:07:51 - [TEST_STEP][PASSED] - selenium.type("name=password", "password"): null

2023-02-08 18:07:51 - [TEST_STEP][PASSED] - selenium.type("name=response_format", "fixed_width"): null

2023-02-08 18:07:51 - [TEST_STEP][PASSED] - selenium.type("name=category", "RETL"): null

2023-02-08 18:07:51 - [TEST_STEP][PASSED] - selenium.type("name=transaction_id", ""): null

2023-02-08 18:07:51 - [TEST_STEP][PASSED] - selenium.type("name=approval_code", ""): null

2023-02-08 18:07:51 - [TEST_STEP][PASSED] - selenium.type("name=card_name", ""): null

2023-02-08 18:07:51 - [TEST_STEP][PASSED] - selenium.type("name=card_address", "2311 york road".toString()): null

2023-02-08 18:07:51 - [TEST_STEP][PASSED] - selenium.type("name=card_address2", ""): null

2023-02-08 18:07:51 - [TEST_STEP][PASSED] - selenium.type("name=card_city", "Arlington"): null

2023-02-08 18:07:51 - [TEST_STEP][PASSED] - selenium.type("name=card_state", "VA"): null

2023-02-08 18:07:51 - [TEST_STEP][PASSED] - selenium.type("name=card_zip", "22201"): null

2023-02-08 18:07:51 - [TEST_STEP][PASSED] - selenium.type("name=country_id", ""): null

2023-02-08 18:07:51 - [TEST_STEP][PASSED] - selenium.type("name=amount", 00".toString()): null

2023-02-08 18:07:51 - [TEST_STEP][PASSED] - selenium.type("name=card_number", ""): null

2023-02-08 18:07:51 - [TEST_STEP][PASSED] - selenium.type("name=card_exmo", ""): null

2023-02-08 18:07:52 - [TEST_STEP][PASSED] - selenium.type("name=card_exyr", ""): null

2023-02-08 18:07:52 - [TEST_STEP][PASSED] - selenium.type("name=cvv_data", ""): null

2023-02-08 18:07:52 - [TEST_STEP][PASSED] - selenium.type("name=cvv_state", ""): null

2023-02-08 18:07:52 - [TEST_STEP][PASSED] - selenium.type("name=track_data", ""): null

2023-02-08 18:07:52 - [TEST_STEP][PASSED] - selenium.type("name=track_1_data", ""): null

2023-02-08 18:07:52 - [TEST_STEP][PASSED] - selenium.type("name=track_2_data", ""): null

2023-02-08 18:07:52 - [TEST_STEP][PASSED] - selenium.type("name=entry_mode", "track"): null

2023-02-08 18:07:52 - [TEST_STEP][PASSED] - selenium.type("name=email", ""): null

2023-02-08 18:07:52 - [TEST_STEP][PASSED] - selenium.type("name=order_number", ""): null

2023-02-08 18:07:52 - [TEST_STEP][PASSED] - selenium.type("name=tax_amount", ""): null

2023-02-08 18:07:52 - [TEST_STEP][PASSED] - selenium.type("name=charge_description", ""): null

2023-02-08 18:07:52 - [TEST_STEP][PASSED] - selenium.type("name=client_account_number", ""): null

2023-02-08 18:07:52 - [TEST_STEP][PASSED] - selenium.type("name=bill_payment_indicator", ""): null

2023-02-08 18:07:52 - [TEST_STEP][PASSED] - selenium.type("name=user_defined1", ""): null

2023-02-08 18:07:52 - [TEST_STEP][PASSED] - selenium.type("name=user_defined2", ""): null

2023-02-08 18:07:52 - [TEST_STEP][PASSED] - selenium.type("name=user_defined3", ""): null

2023-02-08 18:07:52 - [TEST_STEP][PASSED] - selenium.type("name=user_defined4", ""): null

2023-02-08 18:07:53 - [TEST_STEP][PASSED] - selenium.type("name=user_defined5", ""): null

2023-02-08 18:07:53 - [TEST_STEP][PASSED] - selenium.type("name=user_defined6", ""): null

2023-02-08 18:07:53 - [TEST_STEP][PASSED] - selenium.type("name=user_defined7", ""): null

2023-02-08 18:07:53 - [TEST_STEP][PASSED] - selenium.type("name=user_defined8", ""): null

2023-02-08 18:07:53 - [TEST_STEP][PASSED] - selenium.type("name=user_defined9", ""): null

2023-02-08 18:07:53 - [TEST_STEP][PASSED] - selenium.type("name=user_defined10", ""): null

2023-02-08 18:07:53 - [TEST_STEP][PASSED] - selenium.type("name=encrypted_track_1_data", "8CC5F2E7D8E5F1B8B3D7E884E119C94C968815CAD2DFD5FC9E6C5A470F98215174A2FC6703FF121CABA8263000A6E77B2C64A319A559F013554E12A5FA8122E7DC5F398937E52B55425F08DCB1C73C9CE2DB0C5F4E322B5B9C7A39E8C6765E96"): null

2023-02-08 18:07:53 - [TEST_STEP][PASSED] - selenium.type("name=encrypted_track_2_data", ""): null

2023-02-08 18:07:53 - [TEST_STEP][PASSED] - selenium.type("name=slot_number", "11"): null

2023-02-08 18:07:53 - [TEST_STEP][PASSED] - selenium.type("name=ksn", "FFFF862134D00140005A"): null

2023-02-08 18:07:53 - [TEST_STEP][PASSED] - selenium.click("css=input[type="submit"]"): null

2023-02-08 18:07:55 - [TEST_STEP][PASSED] - selenium.waitForPageToLoad("30000"): null

2023-02-08 18:07:55 - [TEST_STEP][PASSED] - verifyTextPresent("Transaction approved, no errors", true): Text 'Transaction approved, no errors' is present on page  using regular expression

2023-02-08 18:07:55 - [MESSAGE][PASSED] - Text 'Transaction approved, no errors' is present on page  using regular expression

2023-02-08 18:07:55 - [TEST_STEP][PASSED] - resText = selenium.getText("css=pre"): null

2023-02-08 18:07:56 - [TEST_STEP][PASSED] - println(resText): null

2023-02-08 18:07:56 - [TEST_STEP][PASSED] - tranID = selenium.getEval(" var ran1 = "" + ran1 + "";var ran2 = "" + ran2 + "";var ran3 = "" + ran3 + "";var resText = "" + resText + "";var storedVars = { 'ran1': ran1,'ran2': ran2,'ran3': ran3,'resText': resText }; " + "storedVars['resText'].substring(19,28).trim()"): null

2023-02-08 18:07:56 - [TEST_STEP][PASSED] - println(tranID): null]]></system-out>
         <system-err><![CDATA[]]></system-err>
      </testcase>
      <testcase name="Test Cases/VLink/Imported-SelIDE/VLinkXMLTests/IncorrectPassword" time="9.604" classname="Test Cases/VLink/Imported-SelIDE/VLinkXMLTests/IncorrectPassword" status="PASSED">
         <system-out><![CDATA[2023-02-08 18:07:56 - [TEST_CASE][PASSED] - Test Cases/VLink/Imported-SelIDE/VLinkXMLTests/IncorrectPassword: Test Cases/VLink/Imported-SelIDE/VLinkXMLTests/IncorrectPassword

2023-02-08 18:07:56 - [TEST_STEP][PASSED] - softAssertion = new org.testng.asserts.SoftAssert(): null

2023-02-08 18:07:56 - [TEST_STEP][PASSED] - openBrowser("https://www.google.com/"): Browser is opened with url: 'https://www.google.com/'

2023-02-08 18:07:56 - [MESSAGE][WARNING] - A browser is already opened. Closing browser and opening a new one

2023-02-08 18:07:58 - [MESSAGE][INFO] - Starting 'Chrome' driver

2023-02-08 18:07:58 - [MESSAGE][INFO] - User set preference: ['acceptInsecureCerts', 'true']

2023-02-08 18:07:58 - [MESSAGE][INFO] - Action delay is set to 0 milliseconds

2023-02-08 18:08:00 - [MESSAGE][PASSED] - Browser is opened with url: 'https://www.google.com/'

2023-02-08 18:08:00 - [TEST_STEP][PASSED] - driver = getWebDriver(): null

2023-02-08 18:08:00 - [TEST_STEP][PASSED] - baseUrl = "https://www.google.com/": null

2023-02-08 18:08:00 - [TEST_STEP][PASSED] - selenium = new com.thoughtworks.selenium.webdriven.WebDriverBackedSelenium(driver, baseUrl): null

2023-02-08 18:08:00 - [TEST_STEP][PASSED] - selenium.open("https://dev-algorithm.govolution.com/vlinktest/QA/version_2_0/authcap.html"): null

2023-02-08 18:08:01 - [TEST_STEP][PASSED] - selenium.type("name=transaction_type", "104"): null

2023-02-08 18:08:01 - [TEST_STEP][PASSED] - selenium.type("name=message_version", 0C".toString()): null

2023-02-08 18:08:01 - [TEST_STEP][PASSED] - genRemID = RandomStringUtils.random(12, true, true): null

2023-02-08 18:08:01 - [TEST_STEP][PASSED] - setText(findTestObject("Object Repository/RecAndPlayBk/Page-Vlink-AuthOnly/input_Remittance Id_remittance_id"), genRemID): Text 'I9riW74kvWof' is set on object 'Object Repository/RecAndPlayBk/Page-Vlink-AuthOnly/input_Remittance Id_remittance_id'

2023-02-08 18:08:01 - [MESSAGE][PASSED] - Text 'I9riW74kvWof' is set on object 'Object Repository/RecAndPlayBk/Page-Vlink-AuthOnly/input_Remittance Id_remittance_id'

2023-02-08 18:08:01 - [TEST_STEP][PASSED] - selenium.type("name=application_id", "180"): null

2023-02-08 18:08:02 - [TEST_STEP][PASSED] - selenium.type("name=username", "junit"): null

2023-02-08 18:08:02 - [TEST_STEP][PASSED] - selenium.type("name=password", "hello"): null

2023-02-08 18:08:02 - [TEST_STEP][PASSED] - selenium.type("name=response_format", "fixed_width"): null

2023-02-08 18:08:02 - [TEST_STEP][PASSED] - selenium.type("name=category", "ECOM"): null

2023-02-08 18:08:02 - [TEST_STEP][PASSED] - selenium.type("name=transaction_id", ""): null

2023-02-08 18:08:02 - [TEST_STEP][PASSED] - selenium.type("name=approval_code", ""): null

2023-02-08 18:08:02 - [TEST_STEP][PASSED] - selenium.type("name=card_name", "John Smith".toString()): null

2023-02-08 18:08:02 - [TEST_STEP][PASSED] - selenium.type("name=card_address", "2311 york road".toString()): null

2023-02-08 18:08:02 - [TEST_STEP][PASSED] - selenium.type("name=card_address2", ""): null

2023-02-08 18:08:02 - [TEST_STEP][PASSED] - selenium.type("name=card_city", "Arlington"): null

2023-02-08 18:08:02 - [TEST_STEP][PASSED] - selenium.type("name=card_state", "VA"): null

2023-02-08 18:08:02 - [TEST_STEP][PASSED] - selenium.type("name=card_zip", "22201"): null

2023-02-08 18:08:02 - [TEST_STEP][PASSED] - selenium.type("name=country_id", ""): null

2023-02-08 18:08:02 - [TEST_STEP][PASSED] - selenium.type("name=amount", 00".toString()): null

2023-02-08 18:08:02 - [TEST_STEP][PASSED] - selenium.type("name=card_number", "4111111111111111"): null

2023-02-08 18:08:03 - [TEST_STEP][PASSED] - selenium.type("name=card_exmo", "12"): null

2023-02-08 18:08:03 - [TEST_STEP][PASSED] - selenium.type("name=card_exyr", "2020"): null

2023-02-08 18:08:03 - [TEST_STEP][PASSED] - selenium.type("name=cvv_data", ""): null

2023-02-08 18:08:03 - [TEST_STEP][PASSED] - selenium.type("name=cvv_state", ""): null

2023-02-08 18:08:03 - [TEST_STEP][PASSED] - selenium.type("name=track_data", ""): null

2023-02-08 18:08:03 - [TEST_STEP][PASSED] - selenium.type("name=track_1_data", ""): null

2023-02-08 18:08:03 - [TEST_STEP][PASSED] - selenium.type("name=track_2_data", ""): null

2023-02-08 18:08:03 - [TEST_STEP][PASSED] - selenium.type("name=entry_mode", "manual"): null

2023-02-08 18:08:03 - [TEST_STEP][PASSED] - selenium.type("name=email", ""): null

2023-02-08 18:08:03 - [TEST_STEP][PASSED] - selenium.type("name=order_number", ""): null

2023-02-08 18:08:03 - [TEST_STEP][PASSED] - selenium.type("name=tax_amount", ""): null

2023-02-08 18:08:03 - [TEST_STEP][PASSED] - selenium.type("name=charge_description", ""): null

2023-02-08 18:08:03 - [TEST_STEP][PASSED] - selenium.type("name=client_account_number", ""): null

2023-02-08 18:08:03 - [TEST_STEP][PASSED] - selenium.type("name=bill_payment_indicator", ""): null

2023-02-08 18:08:03 - [TEST_STEP][PASSED] - selenium.type("name=user_defined1", ""): null

2023-02-08 18:08:03 - [TEST_STEP][PASSED] - selenium.type("name=user_defined2", ""): null

2023-02-08 18:08:03 - [TEST_STEP][PASSED] - selenium.type("name=user_defined3", ""): null

2023-02-08 18:08:04 - [TEST_STEP][PASSED] - selenium.type("name=user_defined4", ""): null

2023-02-08 18:08:04 - [TEST_STEP][PASSED] - selenium.type("name=user_defined5", ""): null

2023-02-08 18:08:04 - [TEST_STEP][PASSED] - selenium.type("name=user_defined6", ""): null

2023-02-08 18:08:04 - [TEST_STEP][PASSED] - selenium.type("name=user_defined7", ""): null

2023-02-08 18:08:04 - [TEST_STEP][PASSED] - selenium.type("name=user_defined8", ""): null

2023-02-08 18:08:04 - [TEST_STEP][PASSED] - selenium.type("name=user_defined9", ""): null

2023-02-08 18:08:04 - [TEST_STEP][PASSED] - selenium.type("name=user_defined10", ""): null

2023-02-08 18:08:04 - [TEST_STEP][PASSED] - selenium.click("css=input[type="submit"]"): null

2023-02-08 18:08:05 - [TEST_STEP][PASSED] - selenium.waitForPageToLoad("30000"): null

2023-02-08 18:08:05 - [TEST_STEP][PASSED] - selenium.selectWindow("null"): null

2023-02-08 18:08:05 - [TEST_STEP][PASSED] - verifyTextPresent("Signon authentication error.", true): Text 'Signon authentication error.' is present on page  using regular expression

2023-02-08 18:08:05 - [MESSAGE][PASSED] - Text 'Signon authentication error.' is present on page  using regular expression]]></system-out>
         <system-err><![CDATA[]]></system-err>
      </testcase>
      <testcase name="Test Cases/VLink/Imported-SelIDE/VLinkXMLTests/IncorrectUsername" time="12.12" classname="Test Cases/VLink/Imported-SelIDE/VLinkXMLTests/IncorrectUsername" status="PASSED">
         <system-out><![CDATA[2023-02-08 18:08:05 - [TEST_CASE][PASSED] - Test Cases/VLink/Imported-SelIDE/VLinkXMLTests/IncorrectUsername: Test Cases/VLink/Imported-SelIDE/VLinkXMLTests/IncorrectUsername

2023-02-08 18:08:06 - [TEST_STEP][PASSED] - softAssertion = new org.testng.asserts.SoftAssert(): null

2023-02-08 18:08:06 - [TEST_STEP][PASSED] - openBrowser("https://www.google.com/"): Browser is opened with url: 'https://www.google.com/'

2023-02-08 18:08:06 - [MESSAGE][WARNING] - A browser is already opened. Closing browser and opening a new one

2023-02-08 18:08:10 - [MESSAGE][INFO] - Starting 'Chrome' driver

2023-02-08 18:08:10 - [MESSAGE][INFO] - User set preference: ['acceptInsecureCerts', 'true']

2023-02-08 18:08:10 - [MESSAGE][INFO] - Action delay is set to 0 milliseconds

2023-02-08 18:08:12 - [MESSAGE][PASSED] - Browser is opened with url: 'https://www.google.com/'

2023-02-08 18:08:13 - [TEST_STEP][PASSED] - driver = getWebDriver(): null

2023-02-08 18:08:13 - [TEST_STEP][PASSED] - baseUrl = "https://www.google.com/": null

2023-02-08 18:08:13 - [TEST_STEP][PASSED] - selenium = new com.thoughtworks.selenium.webdriven.WebDriverBackedSelenium(driver, baseUrl): null

2023-02-08 18:08:13 - [TEST_STEP][PASSED] - selenium.open("https://dev-algorithm.govolution.com/vlinktest/QA/version_2_0/authcap.html"): null

2023-02-08 18:08:13 - [TEST_STEP][PASSED] - selenium.type("name=transaction_type", "104"): null

2023-02-08 18:08:13 - [TEST_STEP][PASSED] - selenium.type("name=message_version", 0C".toString()): null

2023-02-08 18:08:13 - [TEST_STEP][PASSED] - genRemID = RandomStringUtils.random(12, true, true): null

2023-02-08 18:08:13 - [TEST_STEP][PASSED] - setText(findTestObject("Object Repository/RecAndPlayBk/Page-Vlink-AuthOnly/input_Remittance Id_remittance_id"), genRemID): Text 'Z1crPePTerfX' is set on object 'Object Repository/RecAndPlayBk/Page-Vlink-AuthOnly/input_Remittance Id_remittance_id'

2023-02-08 18:08:14 - [MESSAGE][PASSED] - Text 'Z1crPePTerfX' is set on object 'Object Repository/RecAndPlayBk/Page-Vlink-AuthOnly/input_Remittance Id_remittance_id'

2023-02-08 18:08:14 - [TEST_STEP][PASSED] - selenium.type("name=application_id", "180"): null

2023-02-08 18:08:14 - [TEST_STEP][PASSED] - selenium.type("name=username", "hello"): null

2023-02-08 18:08:14 - [TEST_STEP][PASSED] - selenium.type("name=password", "testing"): null

2023-02-08 18:08:14 - [TEST_STEP][PASSED] - selenium.type("name=response_format", "fixed_width"): null

2023-02-08 18:08:14 - [TEST_STEP][PASSED] - selenium.type("name=category", "ECOM"): null

2023-02-08 18:08:14 - [TEST_STEP][PASSED] - selenium.type("name=transaction_id", ""): null

2023-02-08 18:08:14 - [TEST_STEP][PASSED] - selenium.type("name=approval_code", ""): null

2023-02-08 18:08:14 - [TEST_STEP][PASSED] - selenium.type("name=card_name", "John Smith".toString()): null

2023-02-08 18:08:14 - [TEST_STEP][PASSED] - selenium.type("name=card_address", "2311 york road".toString()): null

2023-02-08 18:08:14 - [TEST_STEP][PASSED] - selenium.type("name=card_address2", ""): null

2023-02-08 18:08:14 - [TEST_STEP][PASSED] - selenium.type("name=card_city", "Arlington"): null

2023-02-08 18:08:14 - [TEST_STEP][PASSED] - selenium.type("name=card_state", "VA"): null

2023-02-08 18:08:14 - [TEST_STEP][PASSED] - selenium.type("name=card_zip", "22201"): null

2023-02-08 18:08:14 - [TEST_STEP][PASSED] - selenium.type("name=country_id", ""): null

2023-02-08 18:08:15 - [TEST_STEP][PASSED] - selenium.type("name=amount", 00".toString()): null

2023-02-08 18:08:15 - [TEST_STEP][PASSED] - selenium.type("name=card_number", "4111111111111111"): null

2023-02-08 18:08:15 - [TEST_STEP][PASSED] - selenium.type("name=card_exmo", "12"): null

2023-02-08 18:08:15 - [TEST_STEP][PASSED] - selenium.type("name=card_exyr", "2020"): null

2023-02-08 18:08:15 - [TEST_STEP][PASSED] - selenium.type("name=cvv_data", ""): null

2023-02-08 18:08:15 - [TEST_STEP][PASSED] - selenium.type("name=cvv_state", ""): null

2023-02-08 18:08:15 - [TEST_STEP][PASSED] - selenium.type("name=track_data", ""): null

2023-02-08 18:08:15 - [TEST_STEP][PASSED] - selenium.type("name=track_1_data", ""): null

2023-02-08 18:08:15 - [TEST_STEP][PASSED] - selenium.type("name=track_2_data", ""): null

2023-02-08 18:08:15 - [TEST_STEP][PASSED] - selenium.type("name=entry_mode", "manual"): null

2023-02-08 18:08:15 - [TEST_STEP][PASSED] - selenium.type("name=email", ""): null

2023-02-08 18:08:15 - [TEST_STEP][PASSED] - selenium.type("name=order_number", ""): null

2023-02-08 18:08:15 - [TEST_STEP][PASSED] - selenium.type("name=tax_amount", ""): null

2023-02-08 18:08:15 - [TEST_STEP][PASSED] - selenium.type("name=charge_description", ""): null

2023-02-08 18:08:15 - [TEST_STEP][PASSED] - selenium.type("name=client_account_number", ""): null

2023-02-08 18:08:15 - [TEST_STEP][PASSED] - selenium.type("name=bill_payment_indicator", ""): null

2023-02-08 18:08:15 - [TEST_STEP][PASSED] - selenium.type("name=user_defined1", ""): null

2023-02-08 18:08:16 - [TEST_STEP][PASSED] - selenium.type("name=user_defined2", ""): null

2023-02-08 18:08:16 - [TEST_STEP][PASSED] - selenium.type("name=user_defined3", ""): null

2023-02-08 18:08:16 - [TEST_STEP][PASSED] - selenium.type("name=user_defined4", ""): null

2023-02-08 18:08:16 - [TEST_STEP][PASSED] - selenium.type("name=user_defined5", ""): null

2023-02-08 18:08:16 - [TEST_STEP][PASSED] - selenium.type("name=user_defined6", ""): null

2023-02-08 18:08:16 - [TEST_STEP][PASSED] - selenium.type("name=user_defined7", ""): null

2023-02-08 18:08:16 - [TEST_STEP][PASSED] - selenium.type("name=user_defined8", ""): null

2023-02-08 18:08:16 - [TEST_STEP][PASSED] - selenium.type("name=user_defined9", ""): null

2023-02-08 18:08:16 - [TEST_STEP][PASSED] - selenium.type("name=user_defined10", ""): null

2023-02-08 18:08:16 - [TEST_STEP][PASSED] - selenium.click("css=input[type="submit"]"): null

2023-02-08 18:08:17 - [TEST_STEP][PASSED] - selenium.waitForPageToLoad("30000"): null

2023-02-08 18:08:17 - [TEST_STEP][PASSED] - selenium.selectWindow("null"): null

2023-02-08 18:08:17 - [TEST_STEP][PASSED] - verifyTextPresent("Signon authentication error.", true): Text 'Signon authentication error.' is present on page  using regular expression

2023-02-08 18:08:17 - [MESSAGE][PASSED] - Text 'Signon authentication error.' is present on page  using regular expression]]></system-out>
         <system-err><![CDATA[]]></system-err>
      </testcase>
      <testcase name="Test Cases/VLink/Imported-SelIDE/VLinkXMLTests/IncorrectUsernameAndPassword" time="9.414" classname="Test Cases/VLink/Imported-SelIDE/VLinkXMLTests/IncorrectUsernameAndPassword" status="PASSED">
         <system-out><![CDATA[2023-02-08 18:08:17 - [TEST_CASE][PASSED] - Test Cases/VLink/Imported-SelIDE/VLinkXMLTests/IncorrectUsernameAndPassword: Test Cases/VLink/Imported-SelIDE/VLinkXMLTests/IncorrectUsernameAndPassword

2023-02-08 18:08:18 - [TEST_STEP][PASSED] - softAssertion = new org.testng.asserts.SoftAssert(): null

2023-02-08 18:08:18 - [TEST_STEP][PASSED] - openBrowser("https://www.google.com/"): Browser is opened with url: 'https://www.google.com/'

2023-02-08 18:08:18 - [MESSAGE][WARNING] - A browser is already opened. Closing browser and opening a new one

2023-02-08 18:08:19 - [MESSAGE][INFO] - Starting 'Chrome' driver

2023-02-08 18:08:19 - [MESSAGE][INFO] - User set preference: ['acceptInsecureCerts', 'true']

2023-02-08 18:08:19 - [MESSAGE][INFO] - Action delay is set to 0 milliseconds

2023-02-08 18:08:22 - [MESSAGE][PASSED] - Browser is opened with url: 'https://www.google.com/'

2023-02-08 18:08:22 - [TEST_STEP][PASSED] - driver = getWebDriver(): null

2023-02-08 18:08:22 - [TEST_STEP][PASSED] - baseUrl = "https://www.google.com/": null

2023-02-08 18:08:22 - [TEST_STEP][PASSED] - selenium = new com.thoughtworks.selenium.webdriven.WebDriverBackedSelenium(driver, baseUrl): null

2023-02-08 18:08:22 - [TEST_STEP][PASSED] - selenium.open("https://dev-algorithm.govolution.com/vlinktest/QA/version_2_0/authcap.html"): null

2023-02-08 18:08:22 - [TEST_STEP][PASSED] - selenium.type("name=transaction_type", "104"): null

2023-02-08 18:08:22 - [TEST_STEP][PASSED] - selenium.type("name=message_version", 0C".toString()): null

2023-02-08 18:08:22 - [TEST_STEP][PASSED] - genRemID = RandomStringUtils.random(12, true, true): null

2023-02-08 18:08:22 - [TEST_STEP][PASSED] - setText(findTestObject("Object Repository/RecAndPlayBk/Page-Vlink-AuthOnly/input_Remittance Id_remittance_id"), genRemID): Text 'uyl8E20hTg00' is set on object 'Object Repository/RecAndPlayBk/Page-Vlink-AuthOnly/input_Remittance Id_remittance_id'

2023-02-08 18:08:23 - [MESSAGE][PASSED] - Text 'uyl8E20hTg00' is set on object 'Object Repository/RecAndPlayBk/Page-Vlink-AuthOnly/input_Remittance Id_remittance_id'

2023-02-08 18:08:23 - [TEST_STEP][PASSED] - selenium.type("name=application_id", "180"): null

2023-02-08 18:08:23 - [TEST_STEP][PASSED] - selenium.type("name=username", "hello"): null

2023-02-08 18:08:23 - [TEST_STEP][PASSED] - selenium.type("name=password", "world"): null

2023-02-08 18:08:23 - [TEST_STEP][PASSED] - selenium.type("name=response_format", "fixed_width"): null

2023-02-08 18:08:23 - [TEST_STEP][PASSED] - selenium.type("name=category", "ECOM"): null

2023-02-08 18:08:23 - [TEST_STEP][PASSED] - selenium.type("name=transaction_id", ""): null

2023-02-08 18:08:23 - [TEST_STEP][PASSED] - selenium.type("name=approval_code", ""): null

2023-02-08 18:08:24 - [TEST_STEP][PASSED] - selenium.type("name=card_name", "John Smith".toString()): null

2023-02-08 18:08:24 - [TEST_STEP][PASSED] - selenium.type("name=card_address", "2311 york road".toString()): null

2023-02-08 18:08:24 - [TEST_STEP][PASSED] - selenium.type("name=card_address2", ""): null

2023-02-08 18:08:24 - [TEST_STEP][PASSED] - selenium.type("name=card_city", "Arlington"): null

2023-02-08 18:08:24 - [TEST_STEP][PASSED] - selenium.type("name=card_state", "VA"): null

2023-02-08 18:08:24 - [TEST_STEP][PASSED] - selenium.type("name=card_zip", "22201"): null

2023-02-08 18:08:24 - [TEST_STEP][PASSED] - selenium.type("name=country_id", ""): null

2023-02-08 18:08:24 - [TEST_STEP][PASSED] - selenium.type("name=amount", 00".toString()): null

2023-02-08 18:08:24 - [TEST_STEP][PASSED] - selenium.type("name=card_number", "4111111111111111"): null

2023-02-08 18:08:24 - [TEST_STEP][PASSED] - selenium.type("name=card_exmo", "12"): null

2023-02-08 18:08:24 - [TEST_STEP][PASSED] - selenium.type("name=card_exyr", "2020"): null

2023-02-08 18:08:24 - [TEST_STEP][PASSED] - selenium.type("name=cvv_data", ""): null

2023-02-08 18:08:24 - [TEST_STEP][PASSED] - selenium.type("name=cvv_state", ""): null

2023-02-08 18:08:24 - [TEST_STEP][PASSED] - selenium.type("name=track_data", ""): null

2023-02-08 18:08:24 - [TEST_STEP][PASSED] - selenium.type("name=track_1_data", ""): null

2023-02-08 18:08:24 - [TEST_STEP][PASSED] - selenium.type("name=track_2_data", ""): null

2023-02-08 18:08:24 - [TEST_STEP][PASSED] - selenium.type("name=entry_mode", "manual"): null

2023-02-08 18:08:24 - [TEST_STEP][PASSED] - selenium.type("name=email", ""): null

2023-02-08 18:08:25 - [TEST_STEP][PASSED] - selenium.type("name=order_number", ""): null

2023-02-08 18:08:25 - [TEST_STEP][PASSED] - selenium.type("name=tax_amount", ""): null

2023-02-08 18:08:25 - [TEST_STEP][PASSED] - selenium.type("name=charge_description", ""): null

2023-02-08 18:08:25 - [TEST_STEP][PASSED] - selenium.type("name=client_account_number", ""): null

2023-02-08 18:08:25 - [TEST_STEP][PASSED] - selenium.type("name=bill_payment_indicator", ""): null

2023-02-08 18:08:25 - [TEST_STEP][PASSED] - selenium.type("name=user_defined1", ""): null

2023-02-08 18:08:25 - [TEST_STEP][PASSED] - selenium.type("name=user_defined2", ""): null

2023-02-08 18:08:25 - [TEST_STEP][PASSED] - selenium.type("name=user_defined3", ""): null

2023-02-08 18:08:25 - [TEST_STEP][PASSED] - selenium.type("name=user_defined4", ""): null

2023-02-08 18:08:25 - [TEST_STEP][PASSED] - selenium.type("name=user_defined5", ""): null

2023-02-08 18:08:25 - [TEST_STEP][PASSED] - selenium.type("name=user_defined6", ""): null

2023-02-08 18:08:25 - [TEST_STEP][PASSED] - selenium.type("name=user_defined7", ""): null

2023-02-08 18:08:25 - [TEST_STEP][PASSED] - selenium.type("name=user_defined8", ""): null

2023-02-08 18:08:25 - [TEST_STEP][PASSED] - selenium.type("name=user_defined9", ""): null

2023-02-08 18:08:25 - [TEST_STEP][PASSED] - selenium.type("name=user_defined10", ""): null

2023-02-08 18:08:25 - [TEST_STEP][PASSED] - selenium.click("css=input[type="submit"]"): null

2023-02-08 18:08:26 - [TEST_STEP][PASSED] - selenium.waitForPageToLoad("30000"): null

2023-02-08 18:08:27 - [TEST_STEP][PASSED] - selenium.selectWindow("null"): null

2023-02-08 18:08:27 - [TEST_STEP][PASSED] - verifyTextPresent("Signon authentication error", true): Text 'Signon authentication error' is present on page  using regular expression

2023-02-08 18:08:27 - [MESSAGE][PASSED] - Text 'Signon authentication error' is present on page  using regular expression]]></system-out>
         <system-err><![CDATA[]]></system-err>
      </testcase>
      <testcase name="Test Cases/VLink/Imported-SelIDE/VLinkXMLTests/MissingUsernameAndPassword" time="11.852" classname="Test Cases/VLink/Imported-SelIDE/VLinkXMLTests/MissingUsernameAndPassword" status="PASSED">
         <system-out><![CDATA[2023-02-08 18:08:27 - [TEST_CASE][PASSED] - Test Cases/VLink/Imported-SelIDE/VLinkXMLTests/MissingUsernameAndPassword: Test Cases/VLink/Imported-SelIDE/VLinkXMLTests/MissingUsernameAndPassword

2023-02-08 18:08:27 - [TEST_STEP][PASSED] - softAssertion = new org.testng.asserts.SoftAssert(): null

2023-02-08 18:08:27 - [TEST_STEP][PASSED] - openBrowser("https://www.google.com/"): Browser is opened with url: 'https://www.google.com/'

2023-02-08 18:08:27 - [MESSAGE][WARNING] - A browser is already opened. Closing browser and opening a new one

2023-02-08 18:08:31 - [MESSAGE][INFO] - Starting 'Chrome' driver

2023-02-08 18:08:31 - [MESSAGE][INFO] - User set preference: ['acceptInsecureCerts', 'true']

2023-02-08 18:08:31 - [MESSAGE][INFO] - Action delay is set to 0 milliseconds

2023-02-08 18:08:34 - [MESSAGE][PASSED] - Browser is opened with url: 'https://www.google.com/'

2023-02-08 18:08:34 - [TEST_STEP][PASSED] - driver = getWebDriver(): null

2023-02-08 18:08:34 - [TEST_STEP][PASSED] - baseUrl = "https://www.google.com/": null

2023-02-08 18:08:34 - [TEST_STEP][PASSED] - selenium = new com.thoughtworks.selenium.webdriven.WebDriverBackedSelenium(driver, baseUrl): null

2023-02-08 18:08:34 - [TEST_STEP][PASSED] - selenium.open("https://dev-algorithm.govolution.com/vlinktest/QA/version_2_0/authcap.html"): null

2023-02-08 18:08:34 - [TEST_STEP][PASSED] - selenium.type("name=transaction_type", "104"): null

2023-02-08 18:08:34 - [TEST_STEP][PASSED] - selenium.type("name=message_version", 0C".toString()): null

2023-02-08 18:08:34 - [TEST_STEP][PASSED] - genRemID = RandomStringUtils.random(12, true, true): null

2023-02-08 18:08:34 - [TEST_STEP][PASSED] - setText(findTestObject("Object Repository/RecAndPlayBk/Page-Vlink-AuthOnly/input_Remittance Id_remittance_id"), genRemID): Text 'bivTTU1DzkEi' is set on object 'Object Repository/RecAndPlayBk/Page-Vlink-AuthOnly/input_Remittance Id_remittance_id'

2023-02-08 18:08:35 - [MESSAGE][PASSED] - Text 'bivTTU1DzkEi' is set on object 'Object Repository/RecAndPlayBk/Page-Vlink-AuthOnly/input_Remittance Id_remittance_id'

2023-02-08 18:08:35 - [TEST_STEP][PASSED] - selenium.type("name=application_id", "180"): null

2023-02-08 18:08:35 - [TEST_STEP][PASSED] - selenium.type("name=username", ""): null

2023-02-08 18:08:35 - [TEST_STEP][PASSED] - selenium.type("name=password", ""): null

2023-02-08 18:08:35 - [TEST_STEP][PASSED] - selenium.type("name=response_format", "fixed_width"): null

2023-02-08 18:08:35 - [TEST_STEP][PASSED] - selenium.type("name=category", "ECOM"): null

2023-02-08 18:08:35 - [TEST_STEP][PASSED] - selenium.type("name=transaction_id", ""): null

2023-02-08 18:08:35 - [TEST_STEP][PASSED] - selenium.type("name=approval_code", ""): null

2023-02-08 18:08:35 - [TEST_STEP][PASSED] - selenium.type("name=card_name", "John Smith".toString()): null

2023-02-08 18:08:36 - [TEST_STEP][PASSED] - selenium.type("name=card_address", "2311 york road".toString()): null

2023-02-08 18:08:36 - [TEST_STEP][PASSED] - selenium.type("name=card_address2", ""): null

2023-02-08 18:08:36 - [TEST_STEP][PASSED] - selenium.type("name=card_city", "Arlington"): null

2023-02-08 18:08:36 - [TEST_STEP][PASSED] - selenium.type("name=card_state", "VA"): null

2023-02-08 18:08:36 - [TEST_STEP][PASSED] - selenium.type("name=card_zip", "22201"): null

2023-02-08 18:08:36 - [TEST_STEP][PASSED] - selenium.type("name=country_id", ""): null

2023-02-08 18:08:36 - [TEST_STEP][PASSED] - selenium.type("name=amount", 00".toString()): null

2023-02-08 18:08:36 - [TEST_STEP][PASSED] - selenium.type("name=card_number", "4111111111111111"): null

2023-02-08 18:08:36 - [TEST_STEP][PASSED] - selenium.type("name=card_exmo", "12"): null

2023-02-08 18:08:36 - [TEST_STEP][PASSED] - selenium.type("name=card_exyr", "2020"): null

2023-02-08 18:08:36 - [TEST_STEP][PASSED] - selenium.type("name=cvv_data", ""): null

2023-02-08 18:08:36 - [TEST_STEP][PASSED] - selenium.type("name=cvv_state", ""): null

2023-02-08 18:08:36 - [TEST_STEP][PASSED] - selenium.type("name=track_data", ""): null

2023-02-08 18:08:36 - [TEST_STEP][PASSED] - selenium.type("name=track_1_data", ""): null

2023-02-08 18:08:36 - [TEST_STEP][PASSED] - selenium.type("name=track_2_data", ""): null

2023-02-08 18:08:36 - [TEST_STEP][PASSED] - selenium.type("name=entry_mode", "manual"): null

2023-02-08 18:08:36 - [TEST_STEP][PASSED] - selenium.type("name=email", ""): null

2023-02-08 18:08:36 - [TEST_STEP][PASSED] - selenium.type("name=order_number", ""): null

2023-02-08 18:08:37 - [TEST_STEP][PASSED] - selenium.type("name=tax_amount", ""): null

2023-02-08 18:08:37 - [TEST_STEP][PASSED] - selenium.type("name=charge_description", ""): null

2023-02-08 18:08:37 - [TEST_STEP][PASSED] - selenium.type("name=client_account_number", ""): null

2023-02-08 18:08:37 - [TEST_STEP][PASSED] - selenium.type("name=bill_payment_indicator", ""): null

2023-02-08 18:08:37 - [TEST_STEP][PASSED] - selenium.type("name=user_defined1", ""): null

2023-02-08 18:08:37 - [TEST_STEP][PASSED] - selenium.type("name=user_defined2", ""): null

2023-02-08 18:08:37 - [TEST_STEP][PASSED] - selenium.type("name=user_defined3", ""): null

2023-02-08 18:08:37 - [TEST_STEP][PASSED] - selenium.type("name=user_defined4", ""): null

2023-02-08 18:08:37 - [TEST_STEP][PASSED] - selenium.type("name=user_defined5", ""): null

2023-02-08 18:08:37 - [TEST_STEP][PASSED] - selenium.type("name=user_defined6", ""): null

2023-02-08 18:08:37 - [TEST_STEP][PASSED] - selenium.type("name=user_defined7", ""): null

2023-02-08 18:08:37 - [TEST_STEP][PASSED] - selenium.type("name=user_defined8", ""): null

2023-02-08 18:08:37 - [TEST_STEP][PASSED] - selenium.type("name=user_defined9", ""): null

2023-02-08 18:08:37 - [TEST_STEP][PASSED] - selenium.type("name=user_defined10", ""): null

2023-02-08 18:08:37 - [TEST_STEP][PASSED] - selenium.click("css=input[type="submit"]"): null

2023-02-08 18:08:38 - [TEST_STEP][PASSED] - selenium.waitForPageToLoad("30000"): null

2023-02-08 18:08:38 - [TEST_STEP][PASSED] - selenium.selectWindow("null"): null

2023-02-08 18:08:38 - [TEST_STEP][PASSED] - verifyTextPresent("Signon authentication error", true): Text 'Signon authentication error' is present on page  using regular expression

2023-02-08 18:08:39 - [MESSAGE][PASSED] - Text 'Signon authentication error' is present on page  using regular expression]]></system-out>
         <system-err><![CDATA[]]></system-err>
      </testcase>
      <testcase name="Test Cases/VLink/Imported-SelIDE/VLinkXMLTests/SaleCreditRemIDPipe" time="12.745" classname="Test Cases/VLink/Imported-SelIDE/VLinkXMLTests/SaleCreditRemIDPipe" status="PASSED">
         <system-out><![CDATA[2023-02-08 18:08:39 - [TEST_CASE][PASSED] - Test Cases/VLink/Imported-SelIDE/VLinkXMLTests/SaleCreditRemIDPipe: Test Cases/VLink/Imported-SelIDE/VLinkXMLTests/SaleCreditRemIDPipe

2023-02-08 18:08:39 - [TEST_STEP][PASSED] - softAssertion = new org.testng.asserts.SoftAssert(): null

2023-02-08 18:08:39 - [TEST_STEP][PASSED] - openBrowser("https://www.google.com/"): Browser is opened with url: 'https://www.google.com/'

2023-02-08 18:08:39 - [MESSAGE][WARNING] - A browser is already opened. Closing browser and opening a new one

2023-02-08 18:08:40 - [MESSAGE][INFO] - Starting 'Chrome' driver

2023-02-08 18:08:40 - [MESSAGE][INFO] - User set preference: ['acceptInsecureCerts', 'true']

2023-02-08 18:08:40 - [MESSAGE][INFO] - Action delay is set to 0 milliseconds

2023-02-08 18:08:43 - [MESSAGE][PASSED] - Browser is opened with url: 'https://www.google.com/'

2023-02-08 18:08:43 - [TEST_STEP][PASSED] - driver = getWebDriver(): null

2023-02-08 18:08:43 - [TEST_STEP][PASSED] - baseUrl = "https://www.google.com/": null

2023-02-08 18:08:43 - [TEST_STEP][PASSED] - selenium = new com.thoughtworks.selenium.webdriven.WebDriverBackedSelenium(driver, baseUrl): null

2023-02-08 18:08:43 - [TEST_STEP][PASSED] - ran1 = random() * 99999)").toInteger(): null

2023-02-08 18:08:43 - [TEST_STEP][PASSED] - println(ran1): null

2023-02-08 18:08:43 - [TEST_STEP][PASSED] - ran2 = random() * 999)").toInteger(): null

2023-02-08 18:08:43 - [TEST_STEP][PASSED] - println(ran2): null

2023-02-08 18:08:43 - [TEST_STEP][PASSED] - ran3 = random() * 9999)").toInteger(): null

2023-02-08 18:08:43 - [TEST_STEP][PASSED] - println(ran3): null

2023-02-08 18:08:43 - [TEST_STEP][PASSED] - println(ran1 + "|" + ran2 + "|" + ran3): null

2023-02-08 18:08:43 - [TEST_STEP][PASSED] - selenium.open("https://dev-algorithm.govolution.com/vlinktest/QA/version_2_0/authcap.html"): null

2023-02-08 18:08:43 - [TEST_STEP][PASSED] - selenium.type("name=transaction_type", "104"): null

2023-02-08 18:08:43 - [TEST_STEP][PASSED] - selenium.type("name=message_version", 0C".toString()): null

2023-02-08 18:08:43 - [TEST_STEP][PASSED] - selenium.type("name=remittance_id", ran1 + "|" + ran2 + "|" + ran3.toString()): null

2023-02-08 18:08:44 - [TEST_STEP][PASSED] - selenium.type("name=application_id", "234"): null

2023-02-08 18:08:44 - [TEST_STEP][PASSED] - selenium.type("name=username", "username"): null

2023-02-08 18:08:44 - [TEST_STEP][PASSED] - selenium.type("name=password", "password"): null

2023-02-08 18:08:44 - [TEST_STEP][PASSED] - selenium.type("name=response_format", "fixed_width"): null

2023-02-08 18:08:44 - [TEST_STEP][PASSED] - selenium.type("name=category", "ECOM"): null

2023-02-08 18:08:44 - [TEST_STEP][PASSED] - selenium.type("name=transaction_id", ""): null

2023-02-08 18:08:44 - [TEST_STEP][PASSED] - selenium.type("name=approval_code", ""): null

2023-02-08 18:08:44 - [TEST_STEP][PASSED] - selenium.type("name=card_name", "Jim Corbett".toString()): null

2023-02-08 18:08:44 - [TEST_STEP][PASSED] - selenium.type("name=card_address", "2311 york road".toString()): null

2023-02-08 18:08:44 - [TEST_STEP][PASSED] - selenium.type("name=card_address2", ""): null

2023-02-08 18:08:44 - [TEST_STEP][PASSED] - selenium.type("name=card_city", "Arlington"): null

2023-02-08 18:08:44 - [TEST_STEP][PASSED] - selenium.type("name=card_state", "VA"): null

2023-02-08 18:08:44 - [TEST_STEP][PASSED] - selenium.type("name=card_zip", "22201"): null

2023-02-08 18:08:44 - [TEST_STEP][PASSED] - selenium.type("name=country_id", ""): null

2023-02-08 18:08:44 - [TEST_STEP][PASSED] - selenium.type("name=amount", 50".toString()): null

2023-02-08 18:08:44 - [TEST_STEP][PASSED] - selenium.type("name=card_number", "4111111111111111"): null

2023-02-08 18:08:44 - [TEST_STEP][PASSED] - selenium.type("name=card_exmo", "12"): null

2023-02-08 18:08:44 - [TEST_STEP][PASSED] - selenium.type("name=card_exyr", "2025"): null

2023-02-08 18:08:44 - [TEST_STEP][PASSED] - selenium.type("name=cvv_data", ""): null

2023-02-08 18:08:45 - [TEST_STEP][PASSED] - selenium.type("name=cvv_state", ""): null

2023-02-08 18:08:45 - [TEST_STEP][PASSED] - selenium.type("name=track_data", ""): null

2023-02-08 18:08:45 - [TEST_STEP][PASSED] - selenium.type("name=track_1_data", ""): null

2023-02-08 18:08:45 - [TEST_STEP][PASSED] - selenium.type("name=track_2_data", ""): null

2023-02-08 18:08:45 - [TEST_STEP][PASSED] - selenium.type("name=entry_mode", "manual"): null

2023-02-08 18:08:45 - [TEST_STEP][PASSED] - selenium.type("name=email", ""): null

2023-02-08 18:08:45 - [TEST_STEP][PASSED] - selenium.type("name=order_number", ""): null

2023-02-08 18:08:45 - [TEST_STEP][PASSED] - selenium.type("name=tax_amount", ""): null

2023-02-08 18:08:45 - [TEST_STEP][PASSED] - selenium.type("name=charge_description", ""): null

2023-02-08 18:08:45 - [TEST_STEP][PASSED] - selenium.type("name=client_account_number", ""): null

2023-02-08 18:08:45 - [TEST_STEP][PASSED] - selenium.type("name=bill_payment_indicator", ""): null

2023-02-08 18:08:45 - [TEST_STEP][PASSED] - selenium.type("name=user_defined1", ""): null

2023-02-08 18:08:45 - [TEST_STEP][PASSED] - selenium.type("name=user_defined2", ""): null

2023-02-08 18:08:45 - [TEST_STEP][PASSED] - selenium.type("name=user_defined3", ""): null

2023-02-08 18:08:45 - [TEST_STEP][PASSED] - selenium.type("name=user_defined4", ""): null

2023-02-08 18:08:45 - [TEST_STEP][PASSED] - selenium.type("name=user_defined5", ""): null

2023-02-08 18:08:45 - [TEST_STEP][PASSED] - selenium.type("name=user_defined6", ""): null

2023-02-08 18:08:46 - [TEST_STEP][PASSED] - selenium.type("name=user_defined7", ""): null

2023-02-08 18:08:46 - [TEST_STEP][PASSED] - selenium.type("name=user_defined8", ""): null

2023-02-08 18:08:46 - [TEST_STEP][PASSED] - selenium.type("name=user_defined9", ""): null

2023-02-08 18:08:46 - [TEST_STEP][PASSED] - selenium.type("name=user_defined10", ""): null

2023-02-08 18:08:46 - [TEST_STEP][PASSED] - selenium.click("css=input[type="submit"]"): null

2023-02-08 18:08:47 - [TEST_STEP][PASSED] - selenium.waitForPageToLoad("30000"): null

2023-02-08 18:08:47 - [TEST_STEP][PASSED] - verifyTextPresent("Transaction approved, no errors", true): Text 'Transaction approved, no errors' is present on page  using regular expression

2023-02-08 18:08:48 - [MESSAGE][PASSED] - Text 'Transaction approved, no errors' is present on page  using regular expression

2023-02-08 18:08:48 - [TEST_STEP][PASSED] - resText = selenium.getText("css=pre"): null

2023-02-08 18:08:48 - [TEST_STEP][PASSED] - println(resText): null

2023-02-08 18:08:48 - [TEST_STEP][PASSED] - tranID = substring(35, 44).trim(): null

2023-02-08 18:08:48 - [TEST_STEP][PASSED] - println(tranID): null

2023-02-08 18:08:48 - [TEST_STEP][PASSED] - selenium.open("https://dev-algorithm.govolution.com/vlinktest/QA/version_2_0/CC_credit.html"): null

2023-02-08 18:08:48 - [TEST_STEP][PASSED] - selenium.type("name=transaction_type", "103"): null

2023-02-08 18:08:48 - [TEST_STEP][PASSED] - selenium.type("name=message_version", 0C".toString()): null

2023-02-08 18:08:48 - [TEST_STEP][PASSED] - selenium.type("name=remittance_id", ran1 + "|" + ran2 + "|" + ran3.toString()): null

2023-02-08 18:08:48 - [TEST_STEP][PASSED] - selenium.type("name=application_id", "234"): null

2023-02-08 18:08:48 - [TEST_STEP][PASSED] - selenium.type("name=username", "username"): null

2023-02-08 18:08:48 - [TEST_STEP][PASSED] - selenium.type("name=password", "password"): null

2023-02-08 18:08:48 - [TEST_STEP][PASSED] - selenium.type("name=transaction_id", tranID): null

2023-02-08 18:08:48 - [TEST_STEP][PASSED] - selenium.type("name=response_format", "fixed_width"): null

2023-02-08 18:08:49 - [TEST_STEP][PASSED] - selenium.type("name=amount", 50".toString()): null

2023-02-08 18:08:49 - [TEST_STEP][PASSED] - selenium.type("name=order_number", ""): null

2023-02-08 18:08:49 - [TEST_STEP][PASSED] - selenium.type("name=tax_amount", ""): null

2023-02-08 18:08:49 - [TEST_STEP][PASSED] - selenium.type("name=charge_description", ""): null

2023-02-08 18:08:49 - [TEST_STEP][PASSED] - selenium.type("name=card_number", ""): null

2023-02-08 18:08:49 - [TEST_STEP][PASSED] - selenium.type("name=card_exmo", ""): null

2023-02-08 18:08:49 - [TEST_STEP][PASSED] - selenium.type("name=card_exyr", ""): null

2023-02-08 18:08:49 - [TEST_STEP][PASSED] - selenium.type("name=track_data", ""): null

2023-02-08 18:08:49 - [TEST_STEP][PASSED] - selenium.type("name=track_1_data", ""): null

2023-02-08 18:08:49 - [TEST_STEP][PASSED] - selenium.type("name=track_2_data", ""): null

2023-02-08 18:08:49 - [TEST_STEP][PASSED] - selenium.type("name=category", ""): null

2023-02-08 18:08:49 - [TEST_STEP][PASSED] - selenium.type("name=client_account_number", ""): null

2023-02-08 18:08:49 - [TEST_STEP][PASSED] - selenium.click("css=input[type="submit"]"): null

2023-02-08 18:08:50 - [TEST_STEP][PASSED] - selenium.waitForPageToLoad("30000"): null

2023-02-08 18:08:51 - [TEST_STEP][PASSED] - verifyTextPresent("Transaction approved, no errors", true): Text 'Transaction approved, no errors' is present on page  using regular expression

2023-02-08 18:08:51 - [MESSAGE][PASSED] - Text 'Transaction approved, no errors' is present on page  using regular expression

2023-02-08 18:08:51 - [TEST_STEP][PASSED] - resTextVoid = selenium.getText("css=pre"): null

2023-02-08 18:08:51 - [TEST_STEP][PASSED] - println(resTextVoid): null

2023-02-08 18:08:51 - [TEST_STEP][PASSED] - tranIDVoid = selenium.getEval(" var ran1 = "" + ran1 + "";var ran2 = "" + ran2 + "";var ran3 = "" + ran3 + "";var resText = "" + resText + "";var tranID = "" + tranID + "";var resTextVoid = "" + resTextVoid + "";var storedVars = { 'ran1': ran1,'ran2': ran2,'ran3': ran3,'resText': resText,'tranID': tranID,'resTextVoid': resTextVoid }; " + "storedVars['resTextVoid'].substring(19,28).trim()"): null

2023-02-08 18:08:51 - [TEST_STEP][PASSED] - println(tranIDVoid): null]]></system-out>
         <system-err><![CDATA[]]></system-err>
      </testcase>
      <testcase name="Test Cases/VLink/Imported-SelIDE/VLinkXMLTests/UnencryptedRemIDPipe" time="9.252" classname="Test Cases/VLink/Imported-SelIDE/VLinkXMLTests/UnencryptedRemIDPipe" status="PASSED">
         <system-out><![CDATA[2023-02-08 18:08:51 - [TEST_CASE][PASSED] - Test Cases/VLink/Imported-SelIDE/VLinkXMLTests/UnencryptedRemIDPipe: Test Cases/VLink/Imported-SelIDE/VLinkXMLTests/UnencryptedRemIDPipe

2023-02-08 18:08:52 - [TEST_STEP][PASSED] - softAssertion = new org.testng.asserts.SoftAssert(): null

2023-02-08 18:08:52 - [TEST_STEP][PASSED] - openBrowser("https://www.google.com/"): Browser is opened with url: 'https://www.google.com/'

2023-02-08 18:08:52 - [MESSAGE][WARNING] - A browser is already opened. Closing browser and opening a new one

2023-02-08 18:08:53 - [MESSAGE][INFO] - Starting 'Chrome' driver

2023-02-08 18:08:53 - [MESSAGE][INFO] - User set preference: ['acceptInsecureCerts', 'true']

2023-02-08 18:08:53 - [MESSAGE][INFO] - Action delay is set to 0 milliseconds

2023-02-08 18:08:56 - [MESSAGE][PASSED] - Browser is opened with url: 'https://www.google.com/'

2023-02-08 18:08:56 - [TEST_STEP][PASSED] - driver = getWebDriver(): null

2023-02-08 18:08:56 - [TEST_STEP][PASSED] - baseUrl = "https://www.google.com/": null

2023-02-08 18:08:56 - [TEST_STEP][PASSED] - selenium = new com.thoughtworks.selenium.webdriven.WebDriverBackedSelenium(driver, baseUrl): null

2023-02-08 18:08:56 - [TEST_STEP][PASSED] - ran1 = random() * 99999)").toInteger(): null

2023-02-08 18:08:56 - [TEST_STEP][PASSED] - println(ran1): null

2023-02-08 18:08:56 - [TEST_STEP][PASSED] - ran2 = random() * 999)").toInteger(): null

2023-02-08 18:08:56 - [TEST_STEP][PASSED] - println(ran2): null

2023-02-08 18:08:56 - [TEST_STEP][PASSED] - ran3 = random() * 9999)").toInteger(): null

2023-02-08 18:08:56 - [TEST_STEP][PASSED] - println(ran3): null

2023-02-08 18:08:56 - [TEST_STEP][PASSED] - println(ran1 + "|" + ran2 + "|" + ran3): null

2023-02-08 18:08:56 - [TEST_STEP][PASSED] - selenium.open("https://dev-algorithm.govolution.com/vlinktest/QA/version_2_0/authcap.html"): null

2023-02-08 18:08:56 - [TEST_STEP][PASSED] - selenium.type("name=transaction_type", "104"): null

2023-02-08 18:08:56 - [TEST_STEP][PASSED] - selenium.type("name=message_version", 0C".toString()): null

2023-02-08 18:08:56 - [TEST_STEP][PASSED] - selenium.type("name=remittance_id", ran1 + "|" + ran2 + "|" + ran3.toString()): null

2023-02-08 18:08:56 - [TEST_STEP][PASSED] - selenium.type("name=application_id", "234"): null

2023-02-08 18:08:56 - [TEST_STEP][PASSED] - selenium.type("name=username", "username"): null

2023-02-08 18:08:56 - [TEST_STEP][PASSED] - selenium.type("name=password", "password"): null

2023-02-08 18:08:56 - [TEST_STEP][PASSED] - selenium.type("name=response_format", "fixed_width"): null

2023-02-08 18:08:56 - [TEST_STEP][PASSED] - selenium.type("name=category", "RETL"): null

2023-02-08 18:08:57 - [TEST_STEP][PASSED] - selenium.type("name=transaction_id", ""): null

2023-02-08 18:08:57 - [TEST_STEP][PASSED] - selenium.type("name=approval_code", ""): null

2023-02-08 18:08:57 - [TEST_STEP][PASSED] - selenium.type("name=card_name", "Jon Latham".toString()): null

2023-02-08 18:08:57 - [TEST_STEP][PASSED] - selenium.type("name=card_address", "2311 york road".toString()): null

2023-02-08 18:08:57 - [TEST_STEP][PASSED] - selenium.type("name=card_address2", ""): null

2023-02-08 18:08:57 - [TEST_STEP][PASSED] - selenium.type("name=card_city", "Arlington"): null

2023-02-08 18:08:57 - [TEST_STEP][PASSED] - selenium.type("name=card_state", "VA"): null

2023-02-08 18:08:57 - [TEST_STEP][PASSED] - selenium.type("name=card_zip", "22201"): null

2023-02-08 18:08:57 - [TEST_STEP][PASSED] - selenium.type("name=country_id", ""): null

2023-02-08 18:08:57 - [TEST_STEP][PASSED] - selenium.type("name=amount", 00".toString()): null

2023-02-08 18:08:57 - [TEST_STEP][PASSED] - selenium.type("name=card_number", ""): null

2023-02-08 18:08:57 - [TEST_STEP][PASSED] - selenium.type("name=card_exmo", ""): null

2023-02-08 18:08:57 - [TEST_STEP][PASSED] - selenium.type("name=card_exyr", ""): null

2023-02-08 18:08:57 - [TEST_STEP][PASSED] - selenium.type("name=cvv_data", ""): null

2023-02-08 18:08:57 - [TEST_STEP][PASSED] - selenium.type("name=cvv_state", ""): null

2023-02-08 18:08:57 - [TEST_STEP][PASSED] - selenium.type("name=track_data", "%B4012000033330026^FDMS TEST CARD&nbsp;&nbsp;&nbsp;/VISA^251210054321000000000000000&nbsp;&nbsp;150&nbsp;&nbsp;A?;4012000033330026=25121011000012345678?".toString()): null

2023-02-08 18:08:57 - [TEST_STEP][PASSED] - selenium.type("name=track_1_data", ""): null

2023-02-08 18:08:57 - [TEST_STEP][PASSED] - selenium.type("name=track_2_data", ""): null

2023-02-08 18:08:57 - [TEST_STEP][PASSED] - selenium.type("name=entry_mode", "track"): null

2023-02-08 18:08:58 - [TEST_STEP][PASSED] - selenium.type("name=email", ""): null

2023-02-08 18:08:58 - [TEST_STEP][PASSED] - selenium.type("name=order_number", ""): null

2023-02-08 18:08:58 - [TEST_STEP][PASSED] - selenium.type("name=tax_amount", ""): null

2023-02-08 18:08:58 - [TEST_STEP][PASSED] - selenium.type("name=charge_description", ""): null

2023-02-08 18:08:58 - [TEST_STEP][PASSED] - selenium.type("name=client_account_number", ""): null

2023-02-08 18:08:58 - [TEST_STEP][PASSED] - selenium.type("name=bill_payment_indicator", ""): null

2023-02-08 18:08:58 - [TEST_STEP][PASSED] - selenium.type("name=user_defined1", ""): null

2023-02-08 18:08:58 - [TEST_STEP][PASSED] - selenium.type("name=user_defined2", ""): null

2023-02-08 18:08:58 - [TEST_STEP][PASSED] - selenium.type("name=user_defined3", ""): null

2023-02-08 18:08:58 - [TEST_STEP][PASSED] - selenium.type("name=user_defined4", ""): null

2023-02-08 18:08:58 - [TEST_STEP][PASSED] - selenium.type("name=user_defined5", ""): null

2023-02-08 18:08:58 - [TEST_STEP][PASSED] - selenium.type("name=user_defined6", ""): null

2023-02-08 18:08:58 - [TEST_STEP][PASSED] - selenium.type("name=user_defined7", ""): null

2023-02-08 18:08:58 - [TEST_STEP][PASSED] - selenium.type("name=user_defined8", ""): null

2023-02-08 18:08:58 - [TEST_STEP][PASSED] - selenium.type("name=user_defined9", ""): null

2023-02-08 18:08:58 - [TEST_STEP][PASSED] - selenium.type("name=user_defined10", ""): null

2023-02-08 18:08:59 - [TEST_STEP][PASSED] - selenium.click("css=input[type="submit"]"): null

2023-02-08 18:09:00 - [TEST_STEP][PASSED] - selenium.waitForPageToLoad("30000"): null

2023-02-08 18:09:00 - [TEST_STEP][PASSED] - softAssertion.assertEquals(selenium.isTextPresent("Transaction approved, no errors"), true): null

2023-02-08 18:09:00 - [TEST_STEP][PASSED] - verifyTextPresent("Transaction approved, no errors", true): Text 'Transaction approved, no errors' is present on page  using regular expression

2023-02-08 18:09:00 - [MESSAGE][PASSED] - Text 'Transaction approved, no errors' is present on page  using regular expression

2023-02-08 18:09:00 - [TEST_STEP][PASSED] - resText = selenium.getText("css=pre"): null

2023-02-08 18:09:01 - [TEST_STEP][PASSED] - println(resText): null

2023-02-08 18:09:01 - [TEST_STEP][PASSED] - tranID = selenium.getEval(" var ran1 = "" + ran1 + "";var ran2 = "" + ran2 + "";var ran3 = "" + ran3 + "";var resText = "" + resText + "";var storedVars = { 'ran1': ran1,'ran2': ran2,'ran3': ran3,'resText': resText }; " + "storedVars['resText'].substring(19,28).trim()"): null

2023-02-08 18:09:01 - [TEST_STEP][PASSED] - println(tranID): null]]></system-out>
         <system-err><![CDATA[]]></system-err>
      </testcase>
      <testcase name="Test Cases/VLink/Imported-SelIDE/VLinkXMLTests/SaleVoidRemIDPipe" time="12.443" classname="Test Cases/VLink/Imported-SelIDE/VLinkXMLTests/SaleVoidRemIDPipe" status="PASSED">
         <system-out><![CDATA[2023-02-08 18:09:01 - [TEST_CASE][PASSED] - Test Cases/VLink/Imported-SelIDE/VLinkXMLTests/SaleVoidRemIDPipe: Test Cases/VLink/Imported-SelIDE/VLinkXMLTests/SaleVoidRemIDPipe

2023-02-08 18:09:01 - [TEST_STEP][PASSED] - softAssertion = new org.testng.asserts.SoftAssert(): null

2023-02-08 18:09:01 - [TEST_STEP][PASSED] - openBrowser("https://www.google.com/"): Browser is opened with url: 'https://www.google.com/'

2023-02-08 18:09:01 - [MESSAGE][WARNING] - A browser is already opened. Closing browser and opening a new one

2023-02-08 18:09:02 - [MESSAGE][INFO] - Starting 'Chrome' driver

2023-02-08 18:09:02 - [MESSAGE][INFO] - User set preference: ['acceptInsecureCerts', 'true']

2023-02-08 18:09:02 - [MESSAGE][INFO] - Action delay is set to 0 milliseconds

2023-02-08 18:09:05 - [MESSAGE][PASSED] - Browser is opened with url: 'https://www.google.com/'

2023-02-08 18:09:05 - [TEST_STEP][PASSED] - driver = getWebDriver(): null

2023-02-08 18:09:05 - [TEST_STEP][PASSED] - baseUrl = "https://www.google.com/": null

2023-02-08 18:09:05 - [TEST_STEP][PASSED] - selenium = new com.thoughtworks.selenium.webdriven.WebDriverBackedSelenium(driver, baseUrl): null

2023-02-08 18:09:05 - [TEST_STEP][PASSED] - ran1 = random() * 99999)").toInteger(): null

2023-02-08 18:09:05 - [TEST_STEP][PASSED] - println(ran1): null

2023-02-08 18:09:05 - [TEST_STEP][PASSED] - ran2 = random() * 999)").toInteger(): null

2023-02-08 18:09:05 - [TEST_STEP][PASSED] - println(ran2): null

2023-02-08 18:09:05 - [TEST_STEP][PASSED] - ran3 = random() * 9999)").toInteger(): null

2023-02-08 18:09:05 - [TEST_STEP][PASSED] - println(ran3): null

2023-02-08 18:09:05 - [TEST_STEP][PASSED] - println(ran1 + "|" + ran2 + "|" + ran3): null

2023-02-08 18:09:05 - [TEST_STEP][PASSED] - selenium.open("https://dev-algorithm.govolution.com/vlinktest/QA/version_2_0/authcap.html"): null

2023-02-08 18:09:05 - [TEST_STEP][PASSED] - selenium.type("name=transaction_type", "104"): null

2023-02-08 18:09:05 - [TEST_STEP][PASSED] - selenium.type("name=message_version", 0C".toString()): null

2023-02-08 18:09:05 - [TEST_STEP][PASSED] - selenium.type("name=remittance_id", ran1 + "|" + ran2 + "|" + ran3.toString()): null

2023-02-08 18:09:05 - [TEST_STEP][PASSED] - selenium.type("name=application_id", "234"): null

2023-02-08 18:09:05 - [TEST_STEP][PASSED] - selenium.type("name=username", "username"): null

2023-02-08 18:09:05 - [TEST_STEP][PASSED] - selenium.type("name=password", "password"): null

2023-02-08 18:09:06 - [TEST_STEP][PASSED] - selenium.type("name=response_format", "fixed_width"): null

2023-02-08 18:09:06 - [TEST_STEP][PASSED] - selenium.type("name=category", "ECOM"): null

2023-02-08 18:09:06 - [TEST_STEP][PASSED] - selenium.type("name=transaction_id", ""): null

2023-02-08 18:09:06 - [TEST_STEP][PASSED] - selenium.type("name=approval_code", ""): null

2023-02-08 18:09:06 - [TEST_STEP][PASSED] - selenium.type("name=card_name", "Jim Corbett".toString()): null

2023-02-08 18:09:06 - [TEST_STEP][PASSED] - selenium.type("name=card_address", "2311 york road".toString()): null

2023-02-08 18:09:06 - [TEST_STEP][PASSED] - selenium.type("name=card_address2", ""): null

2023-02-08 18:09:06 - [TEST_STEP][PASSED] - selenium.type("name=card_city", "Arlington"): null

2023-02-08 18:09:06 - [TEST_STEP][PASSED] - selenium.type("name=card_state", "VA"): null

2023-02-08 18:09:06 - [TEST_STEP][PASSED] - selenium.type("name=card_zip", "22201"): null

2023-02-08 18:09:06 - [TEST_STEP][PASSED] - selenium.type("name=country_id", ""): null

2023-02-08 18:09:06 - [TEST_STEP][PASSED] - selenium.type("name=amount", 50".toString()): null

2023-02-08 18:09:06 - [TEST_STEP][PASSED] - selenium.type("name=card_number", "4111111111111111"): null

2023-02-08 18:09:06 - [TEST_STEP][PASSED] - selenium.type("name=card_exmo", "12"): null

2023-02-08 18:09:06 - [TEST_STEP][PASSED] - selenium.type("name=card_exyr", "2025"): null

2023-02-08 18:09:06 - [TEST_STEP][PASSED] - selenium.type("name=cvv_data", ""): null

2023-02-08 18:09:06 - [TEST_STEP][PASSED] - selenium.type("name=cvv_state", ""): null

2023-02-08 18:09:06 - [TEST_STEP][PASSED] - selenium.type("name=track_data", ""): null

2023-02-08 18:09:06 - [TEST_STEP][PASSED] - selenium.type("name=track_1_data", ""): null

2023-02-08 18:09:07 - [TEST_STEP][PASSED] - selenium.type("name=track_2_data", ""): null

2023-02-08 18:09:07 - [TEST_STEP][PASSED] - selenium.type("name=entry_mode", "manual"): null

2023-02-08 18:09:07 - [TEST_STEP][PASSED] - selenium.type("name=email", ""): null

2023-02-08 18:09:07 - [TEST_STEP][PASSED] - selenium.type("name=order_number", ""): null

2023-02-08 18:09:07 - [TEST_STEP][PASSED] - selenium.type("name=tax_amount", ""): null

2023-02-08 18:09:07 - [TEST_STEP][PASSED] - selenium.type("name=charge_description", ""): null

2023-02-08 18:09:07 - [TEST_STEP][PASSED] - selenium.type("name=client_account_number", ""): null

2023-02-08 18:09:07 - [TEST_STEP][PASSED] - selenium.type("name=bill_payment_indicator", ""): null

2023-02-08 18:09:07 - [TEST_STEP][PASSED] - selenium.type("name=user_defined1", ""): null

2023-02-08 18:09:07 - [TEST_STEP][PASSED] - selenium.type("name=user_defined2", ""): null

2023-02-08 18:09:07 - [TEST_STEP][PASSED] - selenium.type("name=user_defined3", ""): null

2023-02-08 18:09:07 - [TEST_STEP][PASSED] - selenium.type("name=user_defined4", ""): null

2023-02-08 18:09:07 - [TEST_STEP][PASSED] - selenium.type("name=user_defined5", ""): null

2023-02-08 18:09:07 - [TEST_STEP][PASSED] - selenium.type("name=user_defined6", ""): null

2023-02-08 18:09:07 - [TEST_STEP][PASSED] - selenium.type("name=user_defined7", ""): null

2023-02-08 18:09:07 - [TEST_STEP][PASSED] - selenium.type("name=user_defined8", ""): null

2023-02-08 18:09:07 - [TEST_STEP][PASSED] - selenium.type("name=user_defined9", ""): null

2023-02-08 18:09:08 - [TEST_STEP][PASSED] - selenium.type("name=user_defined10", ""): null

2023-02-08 18:09:08 - [TEST_STEP][PASSED] - selenium.click("css=input[type="submit"]"): null

2023-02-08 18:09:09 - [TEST_STEP][PASSED] - selenium.waitForPageToLoad("30000"): null

2023-02-08 18:09:09 - [TEST_STEP][PASSED] - verifyTextPresent("Transaction approved, no errors", true): Text 'Transaction approved, no errors' is present on page  using regular expression

2023-02-08 18:09:09 - [MESSAGE][PASSED] - Text 'Transaction approved, no errors' is present on page  using regular expression

2023-02-08 18:09:09 - [TEST_STEP][PASSED] - resText = selenium.getText("css=pre"): null

2023-02-08 18:09:10 - [TEST_STEP][PASSED] - println(resText): null

2023-02-08 18:09:10 - [TEST_STEP][PASSED] - tranID = substring(35, 44).trim(): null

2023-02-08 18:09:10 - [TEST_STEP][PASSED] - println(tranID): null

2023-02-08 18:09:10 - [TEST_STEP][PASSED] - selenium.open("https://dev-algorithm.govolution.com/vlinktest/QA/version_2_0/CC_void.html"): null

2023-02-08 18:09:10 - [TEST_STEP][PASSED] - selenium.type("name=transaction_type", "106"): null

2023-02-08 18:09:10 - [TEST_STEP][PASSED] - selenium.type("name=message_version", 0C".toString()): null

2023-02-08 18:09:10 - [TEST_STEP][PASSED] - selenium.type("name=remittance_id", ran1 + "|" + ran2 + "|" + ran3.toString()): null

2023-02-08 18:09:10 - [TEST_STEP][PASSED] - selenium.type("name=application_id", "234"): null

2023-02-08 18:09:10 - [TEST_STEP][PASSED] - selenium.type("name=username", "username"): null

2023-02-08 18:09:10 - [TEST_STEP][PASSED] - selenium.type("name=password", "password"): null

2023-02-08 18:09:10 - [TEST_STEP][PASSED] - selenium.type("name=response_format", "fixed_width"): null

2023-02-08 18:09:10 - [TEST_STEP][PASSED] - selenium.type("name=transaction_id", tranID): null

2023-02-08 18:09:10 - [TEST_STEP][PASSED] - selenium.type("name=original_transaction_type", "104"): null

2023-02-08 18:09:10 - [TEST_STEP][PASSED] - selenium.type("name=track_data", ""): null

2023-02-08 18:09:11 - [TEST_STEP][PASSED] - selenium.type("name=track_1_data", ""): null

2023-02-08 18:09:11 - [TEST_STEP][PASSED] - selenium.type("name=track_2_data", ""): null

2023-02-08 18:09:11 - [TEST_STEP][PASSED] - selenium.type("name=tax_amount", ""): null

2023-02-08 18:09:11 - [TEST_STEP][PASSED] - selenium.type("name=client_account_number", ""): null

2023-02-08 18:09:11 - [TEST_STEP][PASSED] - selenium.click("css=input[type="submit"]"): null

2023-02-08 18:09:12 - [TEST_STEP][PASSED] - selenium.waitForPageToLoad("30000"): null

2023-02-08 18:09:13 - [TEST_STEP][PASSED] - verifyTextPresent("Transaction approved, no errors", true): Text 'Transaction approved, no errors' is present on page  using regular expression

2023-02-08 18:09:13 - [MESSAGE][PASSED] - Text 'Transaction approved, no errors' is present on page  using regular expression

2023-02-08 18:09:13 - [TEST_STEP][PASSED] - resTextVoid = selenium.getText("css=pre"): null

2023-02-08 18:09:13 - [TEST_STEP][PASSED] - println(resTextVoid): null

2023-02-08 18:09:13 - [TEST_STEP][PASSED] - tranIDVoid = selenium.getEval(" var ran1 = "" + ran1 + "";var ran2 = "" + ran2 + "";var ran3 = "" + ran3 + "";var resText = "" + resText + "";var tranID = "" + tranID + "";var resTextVoid = "" + resTextVoid + "";var storedVars = { 'ran1': ran1,'ran2': ran2,'ran3': ran3,'resText': resText,'tranID': tranID,'resTextVoid': resTextVoid }; " + "storedVars['resTextVoid'].substring(19,28).trim()"): null

2023-02-08 18:09:13 - [TEST_STEP][PASSED] - println(tranIDVoid): null]]></system-out>
         <system-err><![CDATA[]]></system-err>
      </testcase>
      <testcase name="Test Cases/RecAndPlayBk/VLink/Sale" time="81.135" classname="Test Cases/RecAndPlayBk/VLink/Sale" status="PASSED">
         <system-out><![CDATA[2023-02-08 18:09:13 - [TEST_CASE][PASSED] - Test Cases/RecAndPlayBk/VLink/Sale: Test Cases/RecAndPlayBk/VLink/Sale

2023-02-08 18:09:14 - [TEST_STEP][PASSED] - executionProfile = getExecutionProfile(): null

2023-02-08 18:09:14 - [TEST_STEP][PASSED] - out.println("executionProfile : " + executionProfile): null

2023-02-08 18:09:14 - [TEST_STEP][PASSED] - appName = <not implemented yet for class: org.codehaus.groovy.ast.expr.EmptyExpression>: null

2023-02-08 18:09:14 - [TEST_STEP][PASSED] - appID = <not implemented yet for class: org.codehaus.groovy.ast.expr.EmptyExpression>: null

2023-02-08 18:09:14 - [TEST_STEP][PASSED] - username = <not implemented yet for class: org.codehaus.groovy.ast.expr.EmptyExpression>: null

2023-02-08 18:09:14 - [TEST_STEP][PASSED] - password = <not implemented yet for class: org.codehaus.groovy.ast.expr.EmptyExpression>: null

2023-02-08 18:09:14 - [TEST_STEP][PASSED] - cardNameV = <not implemented yet for class: org.codehaus.groovy.ast.expr.EmptyExpression>: null

2023-02-08 18:09:14 - [TEST_STEP][PASSED] - al1V = <not implemented yet for class: org.codehaus.groovy.ast.expr.EmptyExpression>: null

2023-02-08 18:09:14 - [TEST_STEP][PASSED] - al2V = <not implemented yet for class: org.codehaus.groovy.ast.expr.EmptyExpression>: null

2023-02-08 18:09:14 - [TEST_STEP][PASSED] - zipV = <not implemented yet for class: org.codehaus.groovy.ast.expr.EmptyExpression>: null

2023-02-08 18:09:14 - [TEST_STEP][PASSED] - cardTypeV = <not implemented yet for class: org.codehaus.groovy.ast.expr.EmptyExpression>: null

2023-02-08 18:09:14 - [TEST_STEP][PASSED] - last4V = <not implemented yet for class: org.codehaus.groovy.ast.expr.EmptyExpression>: null

2023-02-08 18:09:14 - [TEST_STEP][PASSED] - resText = "Fail": null

2023-02-08 18:09:14 - [TEST_STEP][PASSED] - resColumn = "Result": null

2023-02-08 18:09:14 - [TEST_STEP][PASSED] - datCloumn = "Date": null

2023-02-08 18:09:14 - [TEST_STEP][PASSED] - fileLoc = "KatalonData/VLinkSmokeData.xlsx": null

2023-02-08 18:09:14 - [TEST_STEP][PASSED] - numOfRows = <not implemented yet for class: org.codehaus.groovy.ast.expr.EmptyExpression>: null

2023-02-08 18:09:14 - [TEST_STEP][PASSED] - dataFile = <not implemented yet for class: org.codehaus.groovy.ast.expr.EmptyExpression>: null

2023-02-08 18:09:14 - [TEST_STEP][PASSED] - nameSheet = <not implemented yet for class: org.codehaus.groovy.ast.expr.EmptyExpression>: null

2023-02-08 18:09:14 - [TEST_STEP][PASSED] - nameSheet = "Sale": null

2023-02-08 18:09:14 - [TEST_STEP][PASSED] - numOfRows = findTestData("QA/VLinkTestData/VLinkSaleData").getRowNumbers(): null

2023-02-08 18:09:14 - [TEST_STEP][PASSED] - println("Number of Records: " + numOfRows): null

2023-02-08 18:09:14 - [TEST_STEP][PASSED] - dataFile = "QA/VLinkTestData/VLinkSaleData": null

2023-02-08 18:09:14 - [TEST_STEP][PASSED] - for ([row = 1, row <= numOfRows, (row++)]): null

2023-02-08 18:09:14 - [TEST_STEP][PASSED] - ExecuteTC = findTestData(dataFile).getValue("Execute", row): null

2023-02-08 18:09:14 - [TEST_STEP][PASSED] - out.println("Value of Execute is : " + ExecuteTC): null

2023-02-08 18:09:14 - [TEST_STEP][PASSED] - switch (executionProfile): null

2023-02-08 18:09:14 - [TEST_STEP][PASSED] - case "QAProfile":: null

2023-02-08 18:09:14 - [TEST_STEP][PASSED] - appID = findTestData(dataFile).getValue("AppIDQA", row): null

2023-02-08 18:09:14 - [TEST_STEP][PASSED] - username = findTestData(dataFile).getValue("UsernameQA", row): null

2023-02-08 18:09:14 - [TEST_STEP][PASSED] - password = findTestData(dataFile).getValue("PasswordQA", row): null

2023-02-08 18:09:14 - [TEST_STEP][PASSED] - break: null

2023-02-08 18:09:14 - [TEST_STEP][PASSED] - if (ExecuteTC.equalsIgnoreCase("Y")): null

2023-02-08 18:09:14 - [TEST_STEP][PASSED] - out.println("Begin Record Number: " + row): null

2023-02-08 18:09:14 - [TEST_STEP][PASSED] - today = new java.util.Date(): null

2023-02-08 18:09:14 - [TEST_STEP][PASSED] - println(today): null

2023-02-08 18:09:14 - [TEST_STEP][PASSED] - datText = today: null

2023-02-08 18:09:14 - [TEST_STEP][PASSED] - category = findTestData(dataFile).getValue("Category", row): null

2023-02-08 18:09:14 - [TEST_STEP][PASSED] - amount = findTestData(dataFile).getValue("Amount", row): null

2023-02-08 18:09:14 - [TEST_STEP][PASSED] - cardNumber = findTestData(dataFile).getValue("CardNumber", row): null

2023-02-08 18:09:14 - [TEST_STEP][PASSED] - exM = findTestData(dataFile).getValue("ExM", row): null

2023-02-08 18:09:14 - [TEST_STEP][PASSED] - exY = findTestData(dataFile).getValue("ExY", row): null

2023-02-08 18:09:15 - [TEST_STEP][PASSED] - openBrowser(VLinkURL + "authcap.html"): Browser is opened with url: 'https://dev-algorithm.govolution.com/vlinktest/QA/version_2_0/authcap.html'

2023-02-08 18:09:15 - [MESSAGE][WARNING] - A browser is already opened. Closing browser and opening a new one

2023-02-08 18:09:16 - [MESSAGE][INFO] - Starting 'Chrome' driver

2023-02-08 18:09:16 - [MESSAGE][INFO] - User set preference: ['acceptInsecureCerts', 'true']

2023-02-08 18:09:16 - [MESSAGE][INFO] - Action delay is set to 0 milliseconds

2023-02-08 18:09:17 - [MESSAGE][PASSED] - Browser is opened with url: 'https://dev-algorithm.govolution.com/vlinktest/QA/version_2_0/authcap.html'

2023-02-08 18:09:17 - [TEST_STEP][PASSED] - maximizeWindow(): Current window maximized

2023-02-08 18:09:18 - [MESSAGE][PASSED] - Current window maximized

2023-02-08 18:09:18 - [TEST_STEP][PASSED] - maximizeWindow(): Current window maximized

2023-02-08 18:09:18 - [MESSAGE][PASSED] - Current window maximized

2023-02-08 18:09:18 - [TEST_STEP][PASSED] - genRemID = RandomStringUtils.random(12, true, true): null

2023-02-08 18:09:18 - [TEST_STEP][PASSED] - setText(findTestObject("Object Repository/RecAndPlayBk/Page-Vlink-Sale/input_Remittance Id_remittance_id"), genRemID): Text 'vW79IbxsRc2N' is set on object 'Object Repository/RecAndPlayBk/Page-Vlink-Sale/input_Remittance Id_remittance_id'

2023-02-08 18:09:18 - [MESSAGE][PASSED] - Text 'vW79IbxsRc2N' is set on object 'Object Repository/RecAndPlayBk/Page-Vlink-Sale/input_Remittance Id_remittance_id'

2023-02-08 18:09:18 - [TEST_STEP][PASSED] - setText(findTestObject("Object Repository/RecAndPlayBk/Page-Vlink-Sale/input_Application Id_application_id"), appID): Text '234' is set on object 'Object Repository/RecAndPlayBk/Page-Vlink-Sale/input_Application Id_application_id'

2023-02-08 18:09:19 - [MESSAGE][PASSED] - Text '234' is set on object 'Object Repository/RecAndPlayBk/Page-Vlink-Sale/input_Application Id_application_id'

2023-02-08 18:09:19 - [TEST_STEP][PASSED] - setText(findTestObject("Object Repository/RecAndPlayBk/Page-Vlink-Sale/input_Username_username"), username): Text 'username' is set on object 'Object Repository/RecAndPlayBk/Page-Vlink-Sale/input_Username_username'

2023-02-08 18:09:20 - [MESSAGE][PASSED] - Text 'username' is set on object 'Object Repository/RecAndPlayBk/Page-Vlink-Sale/input_Username_username'

2023-02-08 18:09:20 - [TEST_STEP][PASSED] - setText(findTestObject("Object Repository/RecAndPlayBk/Page-Vlink-Sale/input_Password_password"), password): Text 'password' is set on object 'Object Repository/RecAndPlayBk/Page-Vlink-Sale/input_Password_password'

2023-02-08 18:09:20 - [MESSAGE][PASSED] - Text 'password' is set on object 'Object Repository/RecAndPlayBk/Page-Vlink-Sale/input_Password_password'

2023-02-08 18:09:20 - [TEST_STEP][PASSED] - setText(findTestObject("Object Repository/RecAndPlayBk/Page-Vlink-Sale/input_Category_category"), category): Text 'ECOM' is set on object 'Object Repository/RecAndPlayBk/Page-Vlink-Sale/input_Category_category'

2023-02-08 18:09:21 - [MESSAGE][PASSED] - Text 'ECOM' is set on object 'Object Repository/RecAndPlayBk/Page-Vlink-Sale/input_Category_category'

2023-02-08 18:09:21 - [TEST_STEP][PASSED] - setText(findTestObject("Object Repository/RecAndPlayBk/Page-Vlink-Sale/input_Amount_amount"), amount): Text '10.5' is set on object 'Object Repository/RecAndPlayBk/Page-Vlink-Sale/input_Amount_amount'

2023-02-08 18:09:21 - [MESSAGE][PASSED] - Text '10.5' is set on object 'Object Repository/RecAndPlayBk/Page-Vlink-Sale/input_Amount_amount'

2023-02-08 18:09:21 - [TEST_STEP][PASSED] - doubleClick(findTestObject("Object Repository/RecAndPlayBk/Page-Vlink-Sale/input_Card number_card_number")): Object: 'Object Repository/RecAndPlayBk/Page-Vlink-Sale/input_Card number_card_number' is double clicked on

2023-02-08 18:09:22 - [MESSAGE][PASSED] - Object: 'Object Repository/RecAndPlayBk/Page-Vlink-Sale/input_Card number_card_number' is double clicked on

2023-02-08 18:09:22 - [TEST_STEP][PASSED] - setText(findTestObject("Object Repository/RecAndPlayBk/Page-Vlink-Sale/input_Card number_card_number"), cardNumber): Text '4111111111111111' is set on object 'Object Repository/RecAndPlayBk/Page-Vlink-Sale/input_Card number_card_number'

2023-02-08 18:09:23 - [MESSAGE][PASSED] - Text '4111111111111111' is set on object 'Object Repository/RecAndPlayBk/Page-Vlink-Sale/input_Card number_card_number'

2023-02-08 18:09:23 - [TEST_STEP][PASSED] - setText(findTestObject("Object Repository/RecAndPlayBk/Page-Vlink-Sale/input_Card ex month_card_exmo"), exM): Text '12' is set on object 'Object Repository/RecAndPlayBk/Page-Vlink-Sale/input_Card ex month_card_exmo'

2023-02-08 18:09:23 - [MESSAGE][PASSED] - Text '12' is set on object 'Object Repository/RecAndPlayBk/Page-Vlink-Sale/input_Card ex month_card_exmo'

2023-02-08 18:09:23 - [TEST_STEP][PASSED] - setText(findTestObject("Object Repository/RecAndPlayBk/Page-Vlink-Sale/input_Card ex year_card_exyr"), exY): Text '2029' is set on object 'Object Repository/RecAndPlayBk/Page-Vlink-Sale/input_Card ex year_card_exyr'

2023-02-08 18:09:24 - [MESSAGE][PASSED] - Text '2029' is set on object 'Object Repository/RecAndPlayBk/Page-Vlink-Sale/input_Card ex year_card_exyr'

2023-02-08 18:09:24 - [TEST_STEP][PASSED] - click(findTestObject("Object Repository/RecAndPlayBk/Page-Vlink-Sale/input_Track Data_track_data")): Object: 'Object Repository/RecAndPlayBk/Page-Vlink-Sale/input_Track Data_track_data' is clicked on

2023-02-08 18:09:24 - [MESSAGE][PASSED] - Object: 'Object Repository/RecAndPlayBk/Page-Vlink-Sale/input_Track Data_track_data' is clicked on

2023-02-08 18:09:24 - [TEST_STEP][PASSED] - click(findTestObject("Object Repository/RecAndPlayBk/Page-Vlink-Sale/input_CVV state_cvv_state")): Object: 'Object Repository/RecAndPlayBk/Page-Vlink-Sale/input_CVV state_cvv_state' is clicked on

2023-02-08 18:09:24 - [MESSAGE][PASSED] - Object: 'Object Repository/RecAndPlayBk/Page-Vlink-Sale/input_CVV state_cvv_state' is clicked on

2023-02-08 18:09:24 - [TEST_STEP][PASSED] - setText(findTestObject("Object Repository/RecAndPlayBk/Page-Vlink-Sale/input_Track Data_track_data"), ""): Text '' is set on object 'Object Repository/RecAndPlayBk/Page-Vlink-Sale/input_Track Data_track_data'

2023-02-08 18:09:25 - [MESSAGE][PASSED] - Text '' is set on object 'Object Repository/RecAndPlayBk/Page-Vlink-Sale/input_Track Data_track_data'

2023-02-08 18:09:25 - [TEST_STEP][PASSED] - setText(findTestObject("Object Repository/RecAndPlayBk/Page-Vlink-Sale/input_concat(Cardholder, , s email)_email"), ""): Text '' is set on object 'Object Repository/RecAndPlayBk/Page-Vlink-Sale/input_concat(Cardholder, , s email)_email'

2023-02-08 18:09:26 - [MESSAGE][PASSED] - Text '' is set on object 'Object Repository/RecAndPlayBk/Page-Vlink-Sale/input_concat(Cardholder, , s email)_email'

2023-02-08 18:09:26 - [TEST_STEP][PASSED] - click(findTestObject("Object Repository/RecAndPlayBk/Page-Vlink-Sale/input_user_defined10_user_defined10")): Object: 'Object Repository/RecAndPlayBk/Page-Vlink-Sale/input_user_defined10_user_defined10' is clicked on

2023-02-08 18:09:26 - [MESSAGE][PASSED] - Object: 'Object Repository/RecAndPlayBk/Page-Vlink-Sale/input_user_defined10_user_defined10' is clicked on

2023-02-08 18:09:26 - [TEST_STEP][PASSED] - if (executionProfile.equalsIgnoreCase("QAProfile") || executionProfile.equalsIgnoreCase("DemoProfile")): Text '' is set on object 'Object Repository/RecAndPlayBk/Page-Vlink-Sale/input_COF Transaction Initiated by_cof_tran_6cded5'

2023-02-08 18:09:26 - [TEST_STEP][PASSED] - setText(findTestObject("Object Repository/RecAndPlayBk/Page-Vlink-Sale/input_Card on File Indicator_card_on_file_i_157dae"), ""): Text '' is set on object 'Object Repository/RecAndPlayBk/Page-Vlink-Sale/input_Card on File Indicator_card_on_file_i_157dae'

2023-02-08 18:09:27 - [MESSAGE][PASSED] - Text '' is set on object 'Object Repository/RecAndPlayBk/Page-Vlink-Sale/input_Card on File Indicator_card_on_file_i_157dae'

2023-02-08 18:09:27 - [TEST_STEP][PASSED] - setText(findTestObject("Object Repository/RecAndPlayBk/Page-Vlink-Sale/input_Stored Credential Indicator_stored_cr_4ae73c"), ""): Text '' is set on object 'Object Repository/RecAndPlayBk/Page-Vlink-Sale/input_Stored Credential Indicator_stored_cr_4ae73c'

2023-02-08 18:09:27 - [MESSAGE][PASSED] - Text '' is set on object 'Object Repository/RecAndPlayBk/Page-Vlink-Sale/input_Stored Credential Indicator_stored_cr_4ae73c'

2023-02-08 18:09:27 - [TEST_STEP][PASSED] - setText(findTestObject("Object Repository/RecAndPlayBk/Page-Vlink-Sale/input_COF Scheduled indicator_cof_scheduled_8df7d8"), ""): Text '' is set on object 'Object Repository/RecAndPlayBk/Page-Vlink-Sale/input_COF Scheduled indicator_cof_scheduled_8df7d8'

2023-02-08 18:09:28 - [MESSAGE][PASSED] - Text '' is set on object 'Object Repository/RecAndPlayBk/Page-Vlink-Sale/input_COF Scheduled indicator_cof_scheduled_8df7d8'

2023-02-08 18:09:28 - [TEST_STEP][PASSED] - setText(findTestObject("Object Repository/RecAndPlayBk/Page-Vlink-Sale/input_COF Transaction Initiated by_cof_tran_6cded5"), ""): Text '' is set on object 'Object Repository/RecAndPlayBk/Page-Vlink-Sale/input_COF Transaction Initiated by_cof_tran_6cded5'

2023-02-08 18:09:28 - [MESSAGE][PASSED] - Text '' is set on object 'Object Repository/RecAndPlayBk/Page-Vlink-Sale/input_COF Transaction Initiated by_cof_tran_6cded5'

2023-02-08 18:09:28 - [TEST_STEP][PASSED] - click(findTestObject("Object Repository/RecAndPlayBk/Page-Vlink-Sale/input")): Object: 'Object Repository/RecAndPlayBk/Page-Vlink-Sale/input' is clicked on

2023-02-08 18:09:29 - [MESSAGE][PASSED] - Object: 'Object Repository/RecAndPlayBk/Page-Vlink-Sale/input' is clicked on

2023-02-08 18:09:29 - [TEST_STEP][PASSED] - if (verifyTextPresent("Transaction approved, no errors", true)): null

2023-02-08 18:09:30 - [MESSAGE][PASSED] - Text 'Transaction approved, no errors' is present on page  using regular expression

2023-02-08 18:09:30 - [TEST_STEP][PASSED] - println("Transaction Approved, no errors text is present on the Confirmation page"): null

2023-02-08 18:09:30 - [TEST_STEP][PASSED] - out.println("Pass Record Number: " + row): null

2023-02-08 18:09:30 - [TEST_STEP][PASSED] - resText = "Pass": null

2023-02-08 18:09:30 - [TEST_STEP][PASSED] - pages.WriteExcel.demoKey(resText, datText, resColumn, datCloumn, fileLoc, nameSheet, row): pages.WriteExcel.demoKey is PASSED

2023-02-08 18:09:30 - [MESSAGE][PASSED] - pages.WriteExcel.demoKey is PASSED

2023-02-08 18:09:30 - [TEST_STEP][PASSED] - ExecuteTC = findTestData(dataFile).getValue("Execute", row): null

2023-02-08 18:09:30 - [TEST_STEP][PASSED] - out.println("Value of Execute is : " + ExecuteTC): null

2023-02-08 18:09:30 - [TEST_STEP][PASSED] - switch (executionProfile): null

2023-02-08 18:09:30 - [TEST_STEP][PASSED] - case "QAProfile":: null

2023-02-08 18:09:30 - [TEST_STEP][PASSED] - appID = findTestData(dataFile).getValue("AppIDQA", row): null

2023-02-08 18:09:30 - [TEST_STEP][PASSED] - username = findTestData(dataFile).getValue("UsernameQA", row): null

2023-02-08 18:09:30 - [TEST_STEP][PASSED] - password = findTestData(dataFile).getValue("PasswordQA", row): null

2023-02-08 18:09:30 - [TEST_STEP][PASSED] - break: null

2023-02-08 18:09:30 - [TEST_STEP][PASSED] - if (ExecuteTC.equalsIgnoreCase("Y")): null

2023-02-08 18:09:30 - [TEST_STEP][PASSED] - out.println("Begin Record Number: " + row): null

2023-02-08 18:09:30 - [TEST_STEP][PASSED] - today = new java.util.Date(): null

2023-02-08 18:09:30 - [TEST_STEP][PASSED] - println(today): null

2023-02-08 18:09:30 - [TEST_STEP][PASSED] - datText = today: null

2023-02-08 18:09:30 - [TEST_STEP][PASSED] - category = findTestData(dataFile).getValue("Category", row): null

2023-02-08 18:09:30 - [TEST_STEP][PASSED] - amount = findTestData(dataFile).getValue("Amount", row): null

2023-02-08 18:09:30 - [TEST_STEP][PASSED] - cardNumber = findTestData(dataFile).getValue("CardNumber", row): null

2023-02-08 18:09:30 - [TEST_STEP][PASSED] - exM = findTestData(dataFile).getValue("ExM", row): null

2023-02-08 18:09:30 - [TEST_STEP][PASSED] - exY = findTestData(dataFile).getValue("ExY", row): null

2023-02-08 18:09:31 - [TEST_STEP][PASSED] - openBrowser(VLinkURL + "authcap.html"): Browser is opened with url: 'https://dev-algorithm.govolution.com/vlinktest/QA/version_2_0/authcap.html'

2023-02-08 18:09:31 - [MESSAGE][WARNING] - A browser is already opened. Closing browser and opening a new one

2023-02-08 18:09:31 - [MESSAGE][INFO] - Starting 'Chrome' driver

2023-02-08 18:09:31 - [MESSAGE][INFO] - User set preference: ['acceptInsecureCerts', 'true']

2023-02-08 18:09:31 - [MESSAGE][INFO] - Action delay is set to 0 milliseconds

2023-02-08 18:09:33 - [MESSAGE][PASSED] - Browser is opened with url: 'https://dev-algorithm.govolution.com/vlinktest/QA/version_2_0/authcap.html'

2023-02-08 18:09:33 - [TEST_STEP][PASSED] - maximizeWindow(): Current window maximized

2023-02-08 18:09:33 - [MESSAGE][PASSED] - Current window maximized

2023-02-08 18:09:33 - [TEST_STEP][PASSED] - maximizeWindow(): Current window maximized

2023-02-08 18:09:33 - [MESSAGE][PASSED] - Current window maximized

2023-02-08 18:09:33 - [TEST_STEP][PASSED] - genRemID = RandomStringUtils.random(12, true, true): null

2023-02-08 18:09:33 - [TEST_STEP][PASSED] - setText(findTestObject("Object Repository/RecAndPlayBk/Page-Vlink-Sale/input_Remittance Id_remittance_id"), genRemID): Text 'FlUKL29O9iEb' is set on object 'Object Repository/RecAndPlayBk/Page-Vlink-Sale/input_Remittance Id_remittance_id'

2023-02-08 18:09:34 - [MESSAGE][PASSED] - Text 'FlUKL29O9iEb' is set on object 'Object Repository/RecAndPlayBk/Page-Vlink-Sale/input_Remittance Id_remittance_id'

2023-02-08 18:09:34 - [TEST_STEP][PASSED] - setText(findTestObject("Object Repository/RecAndPlayBk/Page-Vlink-Sale/input_Application Id_application_id"), appID): Text '234' is set on object 'Object Repository/RecAndPlayBk/Page-Vlink-Sale/input_Application Id_application_id'

2023-02-08 18:09:35 - [MESSAGE][PASSED] - Text '234' is set on object 'Object Repository/RecAndPlayBk/Page-Vlink-Sale/input_Application Id_application_id'

2023-02-08 18:09:35 - [TEST_STEP][PASSED] - setText(findTestObject("Object Repository/RecAndPlayBk/Page-Vlink-Sale/input_Username_username"), username): Text 'username' is set on object 'Object Repository/RecAndPlayBk/Page-Vlink-Sale/input_Username_username'

2023-02-08 18:09:35 - [MESSAGE][PASSED] - Text 'username' is set on object 'Object Repository/RecAndPlayBk/Page-Vlink-Sale/input_Username_username'

2023-02-08 18:09:35 - [TEST_STEP][PASSED] - setText(findTestObject("Object Repository/RecAndPlayBk/Page-Vlink-Sale/input_Password_password"), password): Text 'password' is set on object 'Object Repository/RecAndPlayBk/Page-Vlink-Sale/input_Password_password'

2023-02-08 18:09:36 - [MESSAGE][PASSED] - Text 'password' is set on object 'Object Repository/RecAndPlayBk/Page-Vlink-Sale/input_Password_password'

2023-02-08 18:09:36 - [TEST_STEP][PASSED] - setText(findTestObject("Object Repository/RecAndPlayBk/Page-Vlink-Sale/input_Category_category"), category): Text 'MOTO' is set on object 'Object Repository/RecAndPlayBk/Page-Vlink-Sale/input_Category_category'

2023-02-08 18:09:37 - [MESSAGE][PASSED] - Text 'MOTO' is set on object 'Object Repository/RecAndPlayBk/Page-Vlink-Sale/input_Category_category'

2023-02-08 18:09:37 - [TEST_STEP][PASSED] - setText(findTestObject("Object Repository/RecAndPlayBk/Page-Vlink-Sale/input_Amount_amount"), amount): Text '10.5' is set on object 'Object Repository/RecAndPlayBk/Page-Vlink-Sale/input_Amount_amount'

2023-02-08 18:09:37 - [MESSAGE][PASSED] - Text '10.5' is set on object 'Object Repository/RecAndPlayBk/Page-Vlink-Sale/input_Amount_amount'

2023-02-08 18:09:37 - [TEST_STEP][PASSED] - doubleClick(findTestObject("Object Repository/RecAndPlayBk/Page-Vlink-Sale/input_Card number_card_number")): Object: 'Object Repository/RecAndPlayBk/Page-Vlink-Sale/input_Card number_card_number' is double clicked on

2023-02-08 18:09:38 - [MESSAGE][PASSED] - Object: 'Object Repository/RecAndPlayBk/Page-Vlink-Sale/input_Card number_card_number' is double clicked on

2023-02-08 18:09:38 - [TEST_STEP][PASSED] - setText(findTestObject("Object Repository/RecAndPlayBk/Page-Vlink-Sale/input_Card number_card_number"), cardNumber): Text '5424000000000015' is set on object 'Object Repository/RecAndPlayBk/Page-Vlink-Sale/input_Card number_card_number'

2023-02-08 18:09:38 - [MESSAGE][PASSED] - Text '5424000000000015' is set on object 'Object Repository/RecAndPlayBk/Page-Vlink-Sale/input_Card number_card_number'

2023-02-08 18:09:38 - [TEST_STEP][PASSED] - setText(findTestObject("Object Repository/RecAndPlayBk/Page-Vlink-Sale/input_Card ex month_card_exmo"), exM): Text '12' is set on object 'Object Repository/RecAndPlayBk/Page-Vlink-Sale/input_Card ex month_card_exmo'

2023-02-08 18:09:39 - [MESSAGE][PASSED] - Text '12' is set on object 'Object Repository/RecAndPlayBk/Page-Vlink-Sale/input_Card ex month_card_exmo'

2023-02-08 18:09:39 - [TEST_STEP][PASSED] - setText(findTestObject("Object Repository/RecAndPlayBk/Page-Vlink-Sale/input_Card ex year_card_exyr"), exY): Text '2029' is set on object 'Object Repository/RecAndPlayBk/Page-Vlink-Sale/input_Card ex year_card_exyr'

2023-02-08 18:09:40 - [MESSAGE][PASSED] - Text '2029' is set on object 'Object Repository/RecAndPlayBk/Page-Vlink-Sale/input_Card ex year_card_exyr'

2023-02-08 18:09:40 - [TEST_STEP][PASSED] - click(findTestObject("Object Repository/RecAndPlayBk/Page-Vlink-Sale/input_Track Data_track_data")): Object: 'Object Repository/RecAndPlayBk/Page-Vlink-Sale/input_Track Data_track_data' is clicked on

2023-02-08 18:09:40 - [MESSAGE][PASSED] - Object: 'Object Repository/RecAndPlayBk/Page-Vlink-Sale/input_Track Data_track_data' is clicked on

2023-02-08 18:09:40 - [TEST_STEP][PASSED] - click(findTestObject("Object Repository/RecAndPlayBk/Page-Vlink-Sale/input_CVV state_cvv_state")): Object: 'Object Repository/RecAndPlayBk/Page-Vlink-Sale/input_CVV state_cvv_state' is clicked on

2023-02-08 18:09:40 - [MESSAGE][PASSED] - Object: 'Object Repository/RecAndPlayBk/Page-Vlink-Sale/input_CVV state_cvv_state' is clicked on

2023-02-08 18:09:40 - [TEST_STEP][PASSED] - setText(findTestObject("Object Repository/RecAndPlayBk/Page-Vlink-Sale/input_Track Data_track_data"), ""): Text '' is set on object 'Object Repository/RecAndPlayBk/Page-Vlink-Sale/input_Track Data_track_data'

2023-02-08 18:09:41 - [MESSAGE][PASSED] - Text '' is set on object 'Object Repository/RecAndPlayBk/Page-Vlink-Sale/input_Track Data_track_data'

2023-02-08 18:09:41 - [TEST_STEP][PASSED] - setText(findTestObject("Object Repository/RecAndPlayBk/Page-Vlink-Sale/input_concat(Cardholder, , s email)_email"), ""): Text '' is set on object 'Object Repository/RecAndPlayBk/Page-Vlink-Sale/input_concat(Cardholder, , s email)_email'

2023-02-08 18:09:41 - [MESSAGE][PASSED] - Text '' is set on object 'Object Repository/RecAndPlayBk/Page-Vlink-Sale/input_concat(Cardholder, , s email)_email'

2023-02-08 18:09:41 - [TEST_STEP][PASSED] - click(findTestObject("Object Repository/RecAndPlayBk/Page-Vlink-Sale/input_user_defined10_user_defined10")): Object: 'Object Repository/RecAndPlayBk/Page-Vlink-Sale/input_user_defined10_user_defined10' is clicked on

2023-02-08 18:09:42 - [MESSAGE][PASSED] - Object: 'Object Repository/RecAndPlayBk/Page-Vlink-Sale/input_user_defined10_user_defined10' is clicked on

2023-02-08 18:09:42 - [TEST_STEP][PASSED] - if (executionProfile.equalsIgnoreCase("QAProfile") || executionProfile.equalsIgnoreCase("DemoProfile")): Text '' is set on object 'Object Repository/RecAndPlayBk/Page-Vlink-Sale/input_COF Transaction Initiated by_cof_tran_6cded5'

2023-02-08 18:09:42 - [TEST_STEP][PASSED] - setText(findTestObject("Object Repository/RecAndPlayBk/Page-Vlink-Sale/input_Card on File Indicator_card_on_file_i_157dae"), ""): Text '' is set on object 'Object Repository/RecAndPlayBk/Page-Vlink-Sale/input_Card on File Indicator_card_on_file_i_157dae'

2023-02-08 18:09:42 - [MESSAGE][PASSED] - Text '' is set on object 'Object Repository/RecAndPlayBk/Page-Vlink-Sale/input_Card on File Indicator_card_on_file_i_157dae'

2023-02-08 18:09:42 - [TEST_STEP][PASSED] - setText(findTestObject("Object Repository/RecAndPlayBk/Page-Vlink-Sale/input_Stored Credential Indicator_stored_cr_4ae73c"), ""): Text '' is set on object 'Object Repository/RecAndPlayBk/Page-Vlink-Sale/input_Stored Credential Indicator_stored_cr_4ae73c'

2023-02-08 18:09:43 - [MESSAGE][PASSED] - Text '' is set on object 'Object Repository/RecAndPlayBk/Page-Vlink-Sale/input_Stored Credential Indicator_stored_cr_4ae73c'

2023-02-08 18:09:43 - [TEST_STEP][PASSED] - setText(findTestObject("Object Repository/RecAndPlayBk/Page-Vlink-Sale/input_COF Scheduled indicator_cof_scheduled_8df7d8"), ""): Text '' is set on object 'Object Repository/RecAndPlayBk/Page-Vlink-Sale/input_COF Scheduled indicator_cof_scheduled_8df7d8'

2023-02-08 18:09:44 - [MESSAGE][PASSED] - Text '' is set on object 'Object Repository/RecAndPlayBk/Page-Vlink-Sale/input_COF Scheduled indicator_cof_scheduled_8df7d8'

2023-02-08 18:09:44 - [TEST_STEP][PASSED] - setText(findTestObject("Object Repository/RecAndPlayBk/Page-Vlink-Sale/input_COF Transaction Initiated by_cof_tran_6cded5"), ""): Text '' is set on object 'Object Repository/RecAndPlayBk/Page-Vlink-Sale/input_COF Transaction Initiated by_cof_tran_6cded5'

2023-02-08 18:09:44 - [MESSAGE][PASSED] - Text '' is set on object 'Object Repository/RecAndPlayBk/Page-Vlink-Sale/input_COF Transaction Initiated by_cof_tran_6cded5'

2023-02-08 18:09:44 - [TEST_STEP][PASSED] - click(findTestObject("Object Repository/RecAndPlayBk/Page-Vlink-Sale/input")): Object: 'Object Repository/RecAndPlayBk/Page-Vlink-Sale/input' is clicked on

2023-02-08 18:09:45 - [MESSAGE][PASSED] - Object: 'Object Repository/RecAndPlayBk/Page-Vlink-Sale/input' is clicked on

2023-02-08 18:09:45 - [TEST_STEP][PASSED] - if (verifyTextPresent("Transaction approved, no errors", true)): null

2023-02-08 18:09:45 - [MESSAGE][PASSED] - Text 'Transaction approved, no errors' is present on page  using regular expression

2023-02-08 18:09:45 - [TEST_STEP][PASSED] - println("Transaction Approved, no errors text is present on the Confirmation page"): null

2023-02-08 18:09:45 - [TEST_STEP][PASSED] - out.println("Pass Record Number: " + row): null

2023-02-08 18:09:45 - [TEST_STEP][PASSED] - resText = "Pass": null

2023-02-08 18:09:45 - [TEST_STEP][PASSED] - pages.WriteExcel.demoKey(resText, datText, resColumn, datCloumn, fileLoc, nameSheet, row): pages.WriteExcel.demoKey is PASSED

2023-02-08 18:09:46 - [MESSAGE][PASSED] - pages.WriteExcel.demoKey is PASSED

2023-02-08 18:09:46 - [TEST_STEP][PASSED] - ExecuteTC = findTestData(dataFile).getValue("Execute", row): null

2023-02-08 18:09:46 - [TEST_STEP][PASSED] - out.println("Value of Execute is : " + ExecuteTC): null

2023-02-08 18:09:46 - [TEST_STEP][PASSED] - switch (executionProfile): null

2023-02-08 18:09:46 - [TEST_STEP][PASSED] - case "QAProfile":: null

2023-02-08 18:09:46 - [TEST_STEP][PASSED] - appID = findTestData(dataFile).getValue("AppIDQA", row): null

2023-02-08 18:09:46 - [TEST_STEP][PASSED] - username = findTestData(dataFile).getValue("UsernameQA", row): null

2023-02-08 18:09:46 - [TEST_STEP][PASSED] - password = findTestData(dataFile).getValue("PasswordQA", row): null

2023-02-08 18:09:46 - [TEST_STEP][PASSED] - break: null

2023-02-08 18:09:46 - [TEST_STEP][PASSED] - if (ExecuteTC.equalsIgnoreCase("Y")): null

2023-02-08 18:09:46 - [TEST_STEP][PASSED] - out.println("Begin Record Number: " + row): null

2023-02-08 18:09:46 - [TEST_STEP][PASSED] - today = new java.util.Date(): null

2023-02-08 18:09:46 - [TEST_STEP][PASSED] - println(today): null

2023-02-08 18:09:46 - [TEST_STEP][PASSED] - datText = today: null

2023-02-08 18:09:46 - [TEST_STEP][PASSED] - category = findTestData(dataFile).getValue("Category", row): null

2023-02-08 18:09:46 - [TEST_STEP][PASSED] - amount = findTestData(dataFile).getValue("Amount", row): null

2023-02-08 18:09:46 - [TEST_STEP][PASSED] - cardNumber = findTestData(dataFile).getValue("CardNumber", row): null

2023-02-08 18:09:46 - [TEST_STEP][PASSED] - exM = findTestData(dataFile).getValue("ExM", row): null

2023-02-08 18:09:46 - [TEST_STEP][PASSED] - exY = findTestData(dataFile).getValue("ExY", row): null

2023-02-08 18:09:46 - [TEST_STEP][PASSED] - openBrowser(VLinkURL + "authcap.html"): Browser is opened with url: 'https://dev-algorithm.govolution.com/vlinktest/QA/version_2_0/authcap.html'

2023-02-08 18:09:46 - [MESSAGE][WARNING] - A browser is already opened. Closing browser and opening a new one

2023-02-08 18:09:47 - [MESSAGE][INFO] - Starting 'Chrome' driver

2023-02-08 18:09:47 - [MESSAGE][INFO] - User set preference: ['acceptInsecureCerts', 'true']

2023-02-08 18:09:47 - [MESSAGE][INFO] - Action delay is set to 0 milliseconds

2023-02-08 18:09:49 - [MESSAGE][PASSED] - Browser is opened with url: 'https://dev-algorithm.govolution.com/vlinktest/QA/version_2_0/authcap.html'

2023-02-08 18:09:49 - [TEST_STEP][PASSED] - maximizeWindow(): Current window maximized

2023-02-08 18:09:49 - [MESSAGE][PASSED] - Current window maximized

2023-02-08 18:09:49 - [TEST_STEP][PASSED] - maximizeWindow(): Current window maximized

2023-02-08 18:09:49 - [MESSAGE][PASSED] - Current window maximized

2023-02-08 18:09:49 - [TEST_STEP][PASSED] - genRemID = RandomStringUtils.random(12, true, true): null

2023-02-08 18:09:49 - [TEST_STEP][PASSED] - setText(findTestObject("Object Repository/RecAndPlayBk/Page-Vlink-Sale/input_Remittance Id_remittance_id"), genRemID): Text 'LlTnbxflYVyl' is set on object 'Object Repository/RecAndPlayBk/Page-Vlink-Sale/input_Remittance Id_remittance_id'

2023-02-08 18:09:50 - [MESSAGE][PASSED] - Text 'LlTnbxflYVyl' is set on object 'Object Repository/RecAndPlayBk/Page-Vlink-Sale/input_Remittance Id_remittance_id'

2023-02-08 18:09:50 - [TEST_STEP][PASSED] - setText(findTestObject("Object Repository/RecAndPlayBk/Page-Vlink-Sale/input_Application Id_application_id"), appID): Text '234' is set on object 'Object Repository/RecAndPlayBk/Page-Vlink-Sale/input_Application Id_application_id'

2023-02-08 18:09:51 - [MESSAGE][PASSED] - Text '234' is set on object 'Object Repository/RecAndPlayBk/Page-Vlink-Sale/input_Application Id_application_id'

2023-02-08 18:09:51 - [TEST_STEP][PASSED] - setText(findTestObject("Object Repository/RecAndPlayBk/Page-Vlink-Sale/input_Username_username"), username): Text 'username' is set on object 'Object Repository/RecAndPlayBk/Page-Vlink-Sale/input_Username_username'

2023-02-08 18:09:51 - [MESSAGE][PASSED] - Text 'username' is set on object 'Object Repository/RecAndPlayBk/Page-Vlink-Sale/input_Username_username'

2023-02-08 18:09:51 - [TEST_STEP][PASSED] - setText(findTestObject("Object Repository/RecAndPlayBk/Page-Vlink-Sale/input_Password_password"), password): Text 'password' is set on object 'Object Repository/RecAndPlayBk/Page-Vlink-Sale/input_Password_password'

2023-02-08 18:09:52 - [MESSAGE][PASSED] - Text 'password' is set on object 'Object Repository/RecAndPlayBk/Page-Vlink-Sale/input_Password_password'

2023-02-08 18:09:52 - [TEST_STEP][PASSED] - setText(findTestObject("Object Repository/RecAndPlayBk/Page-Vlink-Sale/input_Category_category"), category): Text 'RETL' is set on object 'Object Repository/RecAndPlayBk/Page-Vlink-Sale/input_Category_category'

2023-02-08 18:09:53 - [MESSAGE][PASSED] - Text 'RETL' is set on object 'Object Repository/RecAndPlayBk/Page-Vlink-Sale/input_Category_category'

2023-02-08 18:09:53 - [TEST_STEP][PASSED] - setText(findTestObject("Object Repository/RecAndPlayBk/Page-Vlink-Sale/input_Amount_amount"), amount): Text '10.5' is set on object 'Object Repository/RecAndPlayBk/Page-Vlink-Sale/input_Amount_amount'

2023-02-08 18:09:53 - [MESSAGE][PASSED] - Text '10.5' is set on object 'Object Repository/RecAndPlayBk/Page-Vlink-Sale/input_Amount_amount'

2023-02-08 18:09:53 - [TEST_STEP][PASSED] - doubleClick(findTestObject("Object Repository/RecAndPlayBk/Page-Vlink-Sale/input_Card number_card_number")): Object: 'Object Repository/RecAndPlayBk/Page-Vlink-Sale/input_Card number_card_number' is double clicked on

2023-02-08 18:09:54 - [MESSAGE][PASSED] - Object: 'Object Repository/RecAndPlayBk/Page-Vlink-Sale/input_Card number_card_number' is double clicked on

2023-02-08 18:09:54 - [TEST_STEP][PASSED] - setText(findTestObject("Object Repository/RecAndPlayBk/Page-Vlink-Sale/input_Card number_card_number"), cardNumber): Text '370000000000002' is set on object 'Object Repository/RecAndPlayBk/Page-Vlink-Sale/input_Card number_card_number'

2023-02-08 18:09:54 - [MESSAGE][PASSED] - Text '370000000000002' is set on object 'Object Repository/RecAndPlayBk/Page-Vlink-Sale/input_Card number_card_number'

2023-02-08 18:09:54 - [TEST_STEP][PASSED] - setText(findTestObject("Object Repository/RecAndPlayBk/Page-Vlink-Sale/input_Card ex month_card_exmo"), exM): Text '12' is set on object 'Object Repository/RecAndPlayBk/Page-Vlink-Sale/input_Card ex month_card_exmo'

2023-02-08 18:09:55 - [MESSAGE][PASSED] - Text '12' is set on object 'Object Repository/RecAndPlayBk/Page-Vlink-Sale/input_Card ex month_card_exmo'

2023-02-08 18:09:55 - [TEST_STEP][PASSED] - setText(findTestObject("Object Repository/RecAndPlayBk/Page-Vlink-Sale/input_Card ex year_card_exyr"), exY): Text '2029' is set on object 'Object Repository/RecAndPlayBk/Page-Vlink-Sale/input_Card ex year_card_exyr'

2023-02-08 18:09:55 - [MESSAGE][PASSED] - Text '2029' is set on object 'Object Repository/RecAndPlayBk/Page-Vlink-Sale/input_Card ex year_card_exyr'

2023-02-08 18:09:55 - [TEST_STEP][PASSED] - click(findTestObject("Object Repository/RecAndPlayBk/Page-Vlink-Sale/input_Track Data_track_data")): Object: 'Object Repository/RecAndPlayBk/Page-Vlink-Sale/input_Track Data_track_data' is clicked on

2023-02-08 18:09:56 - [MESSAGE][PASSED] - Object: 'Object Repository/RecAndPlayBk/Page-Vlink-Sale/input_Track Data_track_data' is clicked on

2023-02-08 18:09:56 - [TEST_STEP][PASSED] - click(findTestObject("Object Repository/RecAndPlayBk/Page-Vlink-Sale/input_CVV state_cvv_state")): Object: 'Object Repository/RecAndPlayBk/Page-Vlink-Sale/input_CVV state_cvv_state' is clicked on

2023-02-08 18:09:56 - [MESSAGE][PASSED] - Object: 'Object Repository/RecAndPlayBk/Page-Vlink-Sale/input_CVV state_cvv_state' is clicked on

2023-02-08 18:09:56 - [TEST_STEP][PASSED] - setText(findTestObject("Object Repository/RecAndPlayBk/Page-Vlink-Sale/input_Track Data_track_data"), ""): Text '' is set on object 'Object Repository/RecAndPlayBk/Page-Vlink-Sale/input_Track Data_track_data'

2023-02-08 18:09:57 - [MESSAGE][PASSED] - Text '' is set on object 'Object Repository/RecAndPlayBk/Page-Vlink-Sale/input_Track Data_track_data'

2023-02-08 18:09:57 - [TEST_STEP][PASSED] - setText(findTestObject("Object Repository/RecAndPlayBk/Page-Vlink-Sale/input_concat(Cardholder, , s email)_email"), ""): Text '' is set on object 'Object Repository/RecAndPlayBk/Page-Vlink-Sale/input_concat(Cardholder, , s email)_email'

2023-02-08 18:09:57 - [MESSAGE][PASSED] - Text '' is set on object 'Object Repository/RecAndPlayBk/Page-Vlink-Sale/input_concat(Cardholder, , s email)_email'

2023-02-08 18:09:57 - [TEST_STEP][PASSED] - click(findTestObject("Object Repository/RecAndPlayBk/Page-Vlink-Sale/input_user_defined10_user_defined10")): Object: 'Object Repository/RecAndPlayBk/Page-Vlink-Sale/input_user_defined10_user_defined10' is clicked on

2023-02-08 18:09:58 - [MESSAGE][PASSED] - Object: 'Object Repository/RecAndPlayBk/Page-Vlink-Sale/input_user_defined10_user_defined10' is clicked on

2023-02-08 18:09:58 - [TEST_STEP][PASSED] - if (executionProfile.equalsIgnoreCase("QAProfile") || executionProfile.equalsIgnoreCase("DemoProfile")): Text '' is set on object 'Object Repository/RecAndPlayBk/Page-Vlink-Sale/input_COF Transaction Initiated by_cof_tran_6cded5'

2023-02-08 18:09:58 - [TEST_STEP][PASSED] - setText(findTestObject("Object Repository/RecAndPlayBk/Page-Vlink-Sale/input_Card on File Indicator_card_on_file_i_157dae"), ""): Text '' is set on object 'Object Repository/RecAndPlayBk/Page-Vlink-Sale/input_Card on File Indicator_card_on_file_i_157dae'

2023-02-08 18:09:58 - [MESSAGE][PASSED] - Text '' is set on object 'Object Repository/RecAndPlayBk/Page-Vlink-Sale/input_Card on File Indicator_card_on_file_i_157dae'

2023-02-08 18:09:58 - [TEST_STEP][PASSED] - setText(findTestObject("Object Repository/RecAndPlayBk/Page-Vlink-Sale/input_Stored Credential Indicator_stored_cr_4ae73c"), ""): Text '' is set on object 'Object Repository/RecAndPlayBk/Page-Vlink-Sale/input_Stored Credential Indicator_stored_cr_4ae73c'

2023-02-08 18:09:59 - [MESSAGE][PASSED] - Text '' is set on object 'Object Repository/RecAndPlayBk/Page-Vlink-Sale/input_Stored Credential Indicator_stored_cr_4ae73c'

2023-02-08 18:09:59 - [TEST_STEP][PASSED] - setText(findTestObject("Object Repository/RecAndPlayBk/Page-Vlink-Sale/input_COF Scheduled indicator_cof_scheduled_8df7d8"), ""): Text '' is set on object 'Object Repository/RecAndPlayBk/Page-Vlink-Sale/input_COF Scheduled indicator_cof_scheduled_8df7d8'

2023-02-08 18:09:59 - [MESSAGE][PASSED] - Text '' is set on object 'Object Repository/RecAndPlayBk/Page-Vlink-Sale/input_COF Scheduled indicator_cof_scheduled_8df7d8'

2023-02-08 18:09:59 - [TEST_STEP][PASSED] - setText(findTestObject("Object Repository/RecAndPlayBk/Page-Vlink-Sale/input_COF Transaction Initiated by_cof_tran_6cded5"), ""): Text '' is set on object 'Object Repository/RecAndPlayBk/Page-Vlink-Sale/input_COF Transaction Initiated by_cof_tran_6cded5'

2023-02-08 18:10:00 - [MESSAGE][PASSED] - Text '' is set on object 'Object Repository/RecAndPlayBk/Page-Vlink-Sale/input_COF Transaction Initiated by_cof_tran_6cded5'

2023-02-08 18:10:00 - [TEST_STEP][PASSED] - click(findTestObject("Object Repository/RecAndPlayBk/Page-Vlink-Sale/input")): Object: 'Object Repository/RecAndPlayBk/Page-Vlink-Sale/input' is clicked on

2023-02-08 18:10:01 - [MESSAGE][PASSED] - Object: 'Object Repository/RecAndPlayBk/Page-Vlink-Sale/input' is clicked on

2023-02-08 18:10:01 - [TEST_STEP][PASSED] - if (verifyTextPresent("Transaction approved, no errors", true)): null

2023-02-08 18:10:01 - [MESSAGE][PASSED] - Text 'Transaction approved, no errors' is present on page  using regular expression

2023-02-08 18:10:01 - [TEST_STEP][PASSED] - println("Transaction Approved, no errors text is present on the Confirmation page"): null

2023-02-08 18:10:01 - [TEST_STEP][PASSED] - out.println("Pass Record Number: " + row): null

2023-02-08 18:10:01 - [TEST_STEP][PASSED] - resText = "Pass": null

2023-02-08 18:10:01 - [TEST_STEP][PASSED] - pages.WriteExcel.demoKey(resText, datText, resColumn, datCloumn, fileLoc, nameSheet, row): pages.WriteExcel.demoKey is PASSED

2023-02-08 18:10:01 - [MESSAGE][PASSED] - pages.WriteExcel.demoKey is PASSED

2023-02-08 18:10:01 - [TEST_STEP][PASSED] - ExecuteTC = findTestData(dataFile).getValue("Execute", row): null

2023-02-08 18:10:02 - [TEST_STEP][PASSED] - out.println("Value of Execute is : " + ExecuteTC): null

2023-02-08 18:10:02 - [TEST_STEP][PASSED] - switch (executionProfile): null

2023-02-08 18:10:02 - [TEST_STEP][PASSED] - case "QAProfile":: null

2023-02-08 18:10:02 - [TEST_STEP][PASSED] - appID = findTestData(dataFile).getValue("AppIDQA", row): null

2023-02-08 18:10:02 - [TEST_STEP][PASSED] - username = findTestData(dataFile).getValue("UsernameQA", row): null

2023-02-08 18:10:02 - [TEST_STEP][PASSED] - password = findTestData(dataFile).getValue("PasswordQA", row): null

2023-02-08 18:10:02 - [TEST_STEP][PASSED] - break: null

2023-02-08 18:10:02 - [TEST_STEP][PASSED] - if (ExecuteTC.equalsIgnoreCase("Y")): null

2023-02-08 18:10:02 - [TEST_STEP][PASSED] - out.println("Begin Record Number: " + row): null

2023-02-08 18:10:02 - [TEST_STEP][PASSED] - today = new java.util.Date(): null

2023-02-08 18:10:02 - [TEST_STEP][PASSED] - println(today): null

2023-02-08 18:10:02 - [TEST_STEP][PASSED] - datText = today: null

2023-02-08 18:10:02 - [TEST_STEP][PASSED] - category = findTestData(dataFile).getValue("Category", row): null

2023-02-08 18:10:02 - [TEST_STEP][PASSED] - amount = findTestData(dataFile).getValue("Amount", row): null

2023-02-08 18:10:02 - [TEST_STEP][PASSED] - cardNumber = findTestData(dataFile).getValue("CardNumber", row): null

2023-02-08 18:10:02 - [TEST_STEP][PASSED] - exM = findTestData(dataFile).getValue("ExM", row): null

2023-02-08 18:10:02 - [TEST_STEP][PASSED] - exY = findTestData(dataFile).getValue("ExY", row): null

2023-02-08 18:10:02 - [TEST_STEP][PASSED] - openBrowser(VLinkURL + "authcap.html"): Browser is opened with url: 'https://dev-algorithm.govolution.com/vlinktest/QA/version_2_0/authcap.html'

2023-02-08 18:10:02 - [MESSAGE][WARNING] - A browser is already opened. Closing browser and opening a new one

2023-02-08 18:10:03 - [MESSAGE][INFO] - Starting 'Chrome' driver

2023-02-08 18:10:03 - [MESSAGE][INFO] - User set preference: ['acceptInsecureCerts', 'true']

2023-02-08 18:10:03 - [MESSAGE][INFO] - Action delay is set to 0 milliseconds

2023-02-08 18:10:05 - [MESSAGE][PASSED] - Browser is opened with url: 'https://dev-algorithm.govolution.com/vlinktest/QA/version_2_0/authcap.html'

2023-02-08 18:10:05 - [TEST_STEP][PASSED] - maximizeWindow(): Current window maximized

2023-02-08 18:10:05 - [MESSAGE][PASSED] - Current window maximized

2023-02-08 18:10:05 - [TEST_STEP][PASSED] - maximizeWindow(): Current window maximized

2023-02-08 18:10:05 - [MESSAGE][PASSED] - Current window maximized

2023-02-08 18:10:05 - [TEST_STEP][PASSED] - genRemID = RandomStringUtils.random(12, true, true): null

2023-02-08 18:10:05 - [TEST_STEP][PASSED] - setText(findTestObject("Object Repository/RecAndPlayBk/Page-Vlink-Sale/input_Remittance Id_remittance_id"), genRemID): Text 'ePeEO7EzETlq' is set on object 'Object Repository/RecAndPlayBk/Page-Vlink-Sale/input_Remittance Id_remittance_id'

2023-02-08 18:10:06 - [MESSAGE][PASSED] - Text 'ePeEO7EzETlq' is set on object 'Object Repository/RecAndPlayBk/Page-Vlink-Sale/input_Remittance Id_remittance_id'

2023-02-08 18:10:06 - [TEST_STEP][PASSED] - setText(findTestObject("Object Repository/RecAndPlayBk/Page-Vlink-Sale/input_Application Id_application_id"), appID): Text '87' is set on object 'Object Repository/RecAndPlayBk/Page-Vlink-Sale/input_Application Id_application_id'

2023-02-08 18:10:07 - [MESSAGE][PASSED] - Text '87' is set on object 'Object Repository/RecAndPlayBk/Page-Vlink-Sale/input_Application Id_application_id'

2023-02-08 18:10:07 - [TEST_STEP][PASSED] - setText(findTestObject("Object Repository/RecAndPlayBk/Page-Vlink-Sale/input_Username_username"), username): Text 'username' is set on object 'Object Repository/RecAndPlayBk/Page-Vlink-Sale/input_Username_username'

2023-02-08 18:10:07 - [MESSAGE][PASSED] - Text 'username' is set on object 'Object Repository/RecAndPlayBk/Page-Vlink-Sale/input_Username_username'

2023-02-08 18:10:07 - [TEST_STEP][PASSED] - setText(findTestObject("Object Repository/RecAndPlayBk/Page-Vlink-Sale/input_Password_password"), password): Text 'password' is set on object 'Object Repository/RecAndPlayBk/Page-Vlink-Sale/input_Password_password'

2023-02-08 18:10:08 - [MESSAGE][PASSED] - Text 'password' is set on object 'Object Repository/RecAndPlayBk/Page-Vlink-Sale/input_Password_password'

2023-02-08 18:10:08 - [TEST_STEP][PASSED] - setText(findTestObject("Object Repository/RecAndPlayBk/Page-Vlink-Sale/input_Category_category"), category): Text 'ECOM' is set on object 'Object Repository/RecAndPlayBk/Page-Vlink-Sale/input_Category_category'

2023-02-08 18:10:09 - [MESSAGE][PASSED] - Text 'ECOM' is set on object 'Object Repository/RecAndPlayBk/Page-Vlink-Sale/input_Category_category'

2023-02-08 18:10:09 - [TEST_STEP][PASSED] - setText(findTestObject("Object Repository/RecAndPlayBk/Page-Vlink-Sale/input_Amount_amount"), amount): Text '10.5' is set on object 'Object Repository/RecAndPlayBk/Page-Vlink-Sale/input_Amount_amount'

2023-02-08 18:10:09 - [MESSAGE][PASSED] - Text '10.5' is set on object 'Object Repository/RecAndPlayBk/Page-Vlink-Sale/input_Amount_amount'

2023-02-08 18:10:09 - [TEST_STEP][PASSED] - doubleClick(findTestObject("Object Repository/RecAndPlayBk/Page-Vlink-Sale/input_Card number_card_number")): Object: 'Object Repository/RecAndPlayBk/Page-Vlink-Sale/input_Card number_card_number' is double clicked on

2023-02-08 18:10:10 - [MESSAGE][PASSED] - Object: 'Object Repository/RecAndPlayBk/Page-Vlink-Sale/input_Card number_card_number' is double clicked on

2023-02-08 18:10:10 - [TEST_STEP][PASSED] - setText(findTestObject("Object Repository/RecAndPlayBk/Page-Vlink-Sale/input_Card number_card_number"), cardNumber): Text '4012000098765439' is set on object 'Object Repository/RecAndPlayBk/Page-Vlink-Sale/input_Card number_card_number'

2023-02-08 18:10:10 - [MESSAGE][PASSED] - Text '4012000098765439' is set on object 'Object Repository/RecAndPlayBk/Page-Vlink-Sale/input_Card number_card_number'

2023-02-08 18:10:10 - [TEST_STEP][PASSED] - setText(findTestObject("Object Repository/RecAndPlayBk/Page-Vlink-Sale/input_Card ex month_card_exmo"), exM): Text '12' is set on object 'Object Repository/RecAndPlayBk/Page-Vlink-Sale/input_Card ex month_card_exmo'

2023-02-08 18:10:11 - [MESSAGE][PASSED] - Text '12' is set on object 'Object Repository/RecAndPlayBk/Page-Vlink-Sale/input_Card ex month_card_exmo'

2023-02-08 18:10:11 - [TEST_STEP][PASSED] - setText(findTestObject("Object Repository/RecAndPlayBk/Page-Vlink-Sale/input_Card ex year_card_exyr"), exY): Text '2029' is set on object 'Object Repository/RecAndPlayBk/Page-Vlink-Sale/input_Card ex year_card_exyr'

2023-02-08 18:10:11 - [MESSAGE][PASSED] - Text '2029' is set on object 'Object Repository/RecAndPlayBk/Page-Vlink-Sale/input_Card ex year_card_exyr'

2023-02-08 18:10:11 - [TEST_STEP][PASSED] - click(findTestObject("Object Repository/RecAndPlayBk/Page-Vlink-Sale/input_Track Data_track_data")): Object: 'Object Repository/RecAndPlayBk/Page-Vlink-Sale/input_Track Data_track_data' is clicked on

2023-02-08 18:10:12 - [MESSAGE][PASSED] - Object: 'Object Repository/RecAndPlayBk/Page-Vlink-Sale/input_Track Data_track_data' is clicked on

2023-02-08 18:10:12 - [TEST_STEP][PASSED] - click(findTestObject("Object Repository/RecAndPlayBk/Page-Vlink-Sale/input_CVV state_cvv_state")): Object: 'Object Repository/RecAndPlayBk/Page-Vlink-Sale/input_CVV state_cvv_state' is clicked on

2023-02-08 18:10:12 - [MESSAGE][PASSED] - Object: 'Object Repository/RecAndPlayBk/Page-Vlink-Sale/input_CVV state_cvv_state' is clicked on

2023-02-08 18:10:12 - [TEST_STEP][PASSED] - setText(findTestObject("Object Repository/RecAndPlayBk/Page-Vlink-Sale/input_Track Data_track_data"), ""): Text '' is set on object 'Object Repository/RecAndPlayBk/Page-Vlink-Sale/input_Track Data_track_data'

2023-02-08 18:10:13 - [MESSAGE][PASSED] - Text '' is set on object 'Object Repository/RecAndPlayBk/Page-Vlink-Sale/input_Track Data_track_data'

2023-02-08 18:10:13 - [TEST_STEP][PASSED] - setText(findTestObject("Object Repository/RecAndPlayBk/Page-Vlink-Sale/input_concat(Cardholder, , s email)_email"), ""): Text '' is set on object 'Object Repository/RecAndPlayBk/Page-Vlink-Sale/input_concat(Cardholder, , s email)_email'

2023-02-08 18:10:13 - [MESSAGE][PASSED] - Text '' is set on object 'Object Repository/RecAndPlayBk/Page-Vlink-Sale/input_concat(Cardholder, , s email)_email'

2023-02-08 18:10:13 - [TEST_STEP][PASSED] - click(findTestObject("Object Repository/RecAndPlayBk/Page-Vlink-Sale/input_user_defined10_user_defined10")): Object: 'Object Repository/RecAndPlayBk/Page-Vlink-Sale/input_user_defined10_user_defined10' is clicked on

2023-02-08 18:10:14 - [MESSAGE][PASSED] - Object: 'Object Repository/RecAndPlayBk/Page-Vlink-Sale/input_user_defined10_user_defined10' is clicked on

2023-02-08 18:10:14 - [TEST_STEP][PASSED] - if (executionProfile.equalsIgnoreCase("QAProfile") || executionProfile.equalsIgnoreCase("DemoProfile")): Text '' is set on object 'Object Repository/RecAndPlayBk/Page-Vlink-Sale/input_COF Transaction Initiated by_cof_tran_6cded5'

2023-02-08 18:10:14 - [TEST_STEP][PASSED] - setText(findTestObject("Object Repository/RecAndPlayBk/Page-Vlink-Sale/input_Card on File Indicator_card_on_file_i_157dae"), ""): Text '' is set on object 'Object Repository/RecAndPlayBk/Page-Vlink-Sale/input_Card on File Indicator_card_on_file_i_157dae'

2023-02-08 18:10:14 - [MESSAGE][PASSED] - Text '' is set on object 'Object Repository/RecAndPlayBk/Page-Vlink-Sale/input_Card on File Indicator_card_on_file_i_157dae'

2023-02-08 18:10:14 - [TEST_STEP][PASSED] - setText(findTestObject("Object Repository/RecAndPlayBk/Page-Vlink-Sale/input_Stored Credential Indicator_stored_cr_4ae73c"), ""): Text '' is set on object 'Object Repository/RecAndPlayBk/Page-Vlink-Sale/input_Stored Credential Indicator_stored_cr_4ae73c'

2023-02-08 18:10:15 - [MESSAGE][PASSED] - Text '' is set on object 'Object Repository/RecAndPlayBk/Page-Vlink-Sale/input_Stored Credential Indicator_stored_cr_4ae73c'

2023-02-08 18:10:15 - [TEST_STEP][PASSED] - setText(findTestObject("Object Repository/RecAndPlayBk/Page-Vlink-Sale/input_COF Scheduled indicator_cof_scheduled_8df7d8"), ""): Text '' is set on object 'Object Repository/RecAndPlayBk/Page-Vlink-Sale/input_COF Scheduled indicator_cof_scheduled_8df7d8'

2023-02-08 18:10:15 - [MESSAGE][PASSED] - Text '' is set on object 'Object Repository/RecAndPlayBk/Page-Vlink-Sale/input_COF Scheduled indicator_cof_scheduled_8df7d8'

2023-02-08 18:10:15 - [TEST_STEP][PASSED] - setText(findTestObject("Object Repository/RecAndPlayBk/Page-Vlink-Sale/input_COF Transaction Initiated by_cof_tran_6cded5"), ""): Text '' is set on object 'Object Repository/RecAndPlayBk/Page-Vlink-Sale/input_COF Transaction Initiated by_cof_tran_6cded5'

2023-02-08 18:10:16 - [MESSAGE][PASSED] - Text '' is set on object 'Object Repository/RecAndPlayBk/Page-Vlink-Sale/input_COF Transaction Initiated by_cof_tran_6cded5'

2023-02-08 18:10:16 - [TEST_STEP][PASSED] - click(findTestObject("Object Repository/RecAndPlayBk/Page-Vlink-Sale/input")): Object: 'Object Repository/RecAndPlayBk/Page-Vlink-Sale/input' is clicked on

2023-02-08 18:10:18 - [MESSAGE][PASSED] - Object: 'Object Repository/RecAndPlayBk/Page-Vlink-Sale/input' is clicked on

2023-02-08 18:10:18 - [TEST_STEP][PASSED] - if (verifyTextPresent("Transaction approved, no errors", true)): null

2023-02-08 18:10:18 - [MESSAGE][PASSED] - Text 'Transaction approved, no errors' is present on page  using regular expression

2023-02-08 18:10:18 - [TEST_STEP][PASSED] - println("Transaction Approved, no errors text is present on the Confirmation page"): null

2023-02-08 18:10:18 - [TEST_STEP][PASSED] - out.println("Pass Record Number: " + row): null

2023-02-08 18:10:18 - [TEST_STEP][PASSED] - resText = "Pass": null

2023-02-08 18:10:18 - [TEST_STEP][PASSED] - pages.WriteExcel.demoKey(resText, datText, resColumn, datCloumn, fileLoc, nameSheet, row): pages.WriteExcel.demoKey is PASSED

2023-02-08 18:10:18 - [MESSAGE][PASSED] - pages.WriteExcel.demoKey is PASSED

2023-02-08 18:10:18 - [TEST_STEP][PASSED] - ExecuteTC = findTestData(dataFile).getValue("Execute", row): null

2023-02-08 18:10:18 - [TEST_STEP][PASSED] - out.println("Value of Execute is : " + ExecuteTC): null

2023-02-08 18:10:18 - [TEST_STEP][PASSED] - switch (executionProfile): null

2023-02-08 18:10:18 - [TEST_STEP][PASSED] - case "QAProfile":: null

2023-02-08 18:10:18 - [TEST_STEP][PASSED] - appID = findTestData(dataFile).getValue("AppIDQA", row): null

2023-02-08 18:10:18 - [TEST_STEP][PASSED] - username = findTestData(dataFile).getValue("UsernameQA", row): null

2023-02-08 18:10:19 - [TEST_STEP][PASSED] - password = findTestData(dataFile).getValue("PasswordQA", row): null

2023-02-08 18:10:19 - [TEST_STEP][PASSED] - break: null

2023-02-08 18:10:19 - [TEST_STEP][PASSED] - if (ExecuteTC.equalsIgnoreCase("Y")): null

2023-02-08 18:10:19 - [TEST_STEP][PASSED] - out.println("Begin Record Number: " + row): null

2023-02-08 18:10:19 - [TEST_STEP][PASSED] - today = new java.util.Date(): null

2023-02-08 18:10:19 - [TEST_STEP][PASSED] - println(today): null

2023-02-08 18:10:19 - [TEST_STEP][PASSED] - datText = today: null

2023-02-08 18:10:19 - [TEST_STEP][PASSED] - category = findTestData(dataFile).getValue("Category", row): null

2023-02-08 18:10:19 - [TEST_STEP][PASSED] - amount = findTestData(dataFile).getValue("Amount", row): null

2023-02-08 18:10:19 - [TEST_STEP][PASSED] - cardNumber = findTestData(dataFile).getValue("CardNumber", row): null

2023-02-08 18:10:19 - [TEST_STEP][PASSED] - exM = findTestData(dataFile).getValue("ExM", row): null

2023-02-08 18:10:19 - [TEST_STEP][PASSED] - exY = findTestData(dataFile).getValue("ExY", row): null

2023-02-08 18:10:19 - [TEST_STEP][PASSED] - openBrowser(VLinkURL + "authcap.html"): Browser is opened with url: 'https://dev-algorithm.govolution.com/vlinktest/QA/version_2_0/authcap.html'

2023-02-08 18:10:19 - [MESSAGE][WARNING] - A browser is already opened. Closing browser and opening a new one

2023-02-08 18:10:20 - [MESSAGE][INFO] - Starting 'Chrome' driver

2023-02-08 18:10:20 - [MESSAGE][INFO] - User set preference: ['acceptInsecureCerts', 'true']

2023-02-08 18:10:20 - [MESSAGE][INFO] - Action delay is set to 0 milliseconds

2023-02-08 18:10:22 - [MESSAGE][PASSED] - Browser is opened with url: 'https://dev-algorithm.govolution.com/vlinktest/QA/version_2_0/authcap.html'

2023-02-08 18:10:22 - [TEST_STEP][PASSED] - maximizeWindow(): Current window maximized

2023-02-08 18:10:22 - [MESSAGE][PASSED] - Current window maximized

2023-02-08 18:10:22 - [TEST_STEP][PASSED] - maximizeWindow(): Current window maximized

2023-02-08 18:10:22 - [MESSAGE][PASSED] - Current window maximized

2023-02-08 18:10:22 - [TEST_STEP][PASSED] - genRemID = RandomStringUtils.random(12, true, true): null

2023-02-08 18:10:22 - [TEST_STEP][PASSED] - setText(findTestObject("Object Repository/RecAndPlayBk/Page-Vlink-Sale/input_Remittance Id_remittance_id"), genRemID): Text 'FyLQHWZ9rJ4e' is set on object 'Object Repository/RecAndPlayBk/Page-Vlink-Sale/input_Remittance Id_remittance_id'

2023-02-08 18:10:23 - [MESSAGE][PASSED] - Text 'FyLQHWZ9rJ4e' is set on object 'Object Repository/RecAndPlayBk/Page-Vlink-Sale/input_Remittance Id_remittance_id'

2023-02-08 18:10:23 - [TEST_STEP][PASSED] - setText(findTestObject("Object Repository/RecAndPlayBk/Page-Vlink-Sale/input_Application Id_application_id"), appID): Text '581' is set on object 'Object Repository/RecAndPlayBk/Page-Vlink-Sale/input_Application Id_application_id'

2023-02-08 18:10:23 - [MESSAGE][PASSED] - Text '581' is set on object 'Object Repository/RecAndPlayBk/Page-Vlink-Sale/input_Application Id_application_id'

2023-02-08 18:10:23 - [TEST_STEP][PASSED] - setText(findTestObject("Object Repository/RecAndPlayBk/Page-Vlink-Sale/input_Username_username"), username): Text 'usr581' is set on object 'Object Repository/RecAndPlayBk/Page-Vlink-Sale/input_Username_username'

2023-02-08 18:10:24 - [MESSAGE][PASSED] - Text 'usr581' is set on object 'Object Repository/RecAndPlayBk/Page-Vlink-Sale/input_Username_username'

2023-02-08 18:10:24 - [TEST_STEP][PASSED] - setText(findTestObject("Object Repository/RecAndPlayBk/Page-Vlink-Sale/input_Password_password"), password): Text 'pwd581' is set on object 'Object Repository/RecAndPlayBk/Page-Vlink-Sale/input_Password_password'

2023-02-08 18:10:25 - [MESSAGE][PASSED] - Text 'pwd581' is set on object 'Object Repository/RecAndPlayBk/Page-Vlink-Sale/input_Password_password'

2023-02-08 18:10:25 - [TEST_STEP][PASSED] - setText(findTestObject("Object Repository/RecAndPlayBk/Page-Vlink-Sale/input_Category_category"), category): Text 'ECOM' is set on object 'Object Repository/RecAndPlayBk/Page-Vlink-Sale/input_Category_category'

2023-02-08 18:10:25 - [MESSAGE][PASSED] - Text 'ECOM' is set on object 'Object Repository/RecAndPlayBk/Page-Vlink-Sale/input_Category_category'

2023-02-08 18:10:25 - [TEST_STEP][PASSED] - setText(findTestObject("Object Repository/RecAndPlayBk/Page-Vlink-Sale/input_Amount_amount"), amount): Text '10.5' is set on object 'Object Repository/RecAndPlayBk/Page-Vlink-Sale/input_Amount_amount'

2023-02-08 18:10:26 - [MESSAGE][PASSED] - Text '10.5' is set on object 'Object Repository/RecAndPlayBk/Page-Vlink-Sale/input_Amount_amount'

2023-02-08 18:10:26 - [TEST_STEP][PASSED] - doubleClick(findTestObject("Object Repository/RecAndPlayBk/Page-Vlink-Sale/input_Card number_card_number")): Object: 'Object Repository/RecAndPlayBk/Page-Vlink-Sale/input_Card number_card_number' is double clicked on

2023-02-08 18:10:26 - [MESSAGE][PASSED] - Object: 'Object Repository/RecAndPlayBk/Page-Vlink-Sale/input_Card number_card_number' is double clicked on

2023-02-08 18:10:26 - [TEST_STEP][PASSED] - setText(findTestObject("Object Repository/RecAndPlayBk/Page-Vlink-Sale/input_Card number_card_number"), cardNumber): Text '5146312200000035' is set on object 'Object Repository/RecAndPlayBk/Page-Vlink-Sale/input_Card number_card_number'

2023-02-08 18:10:27 - [MESSAGE][PASSED] - Text '5146312200000035' is set on object 'Object Repository/RecAndPlayBk/Page-Vlink-Sale/input_Card number_card_number'

2023-02-08 18:10:27 - [TEST_STEP][PASSED] - setText(findTestObject("Object Repository/RecAndPlayBk/Page-Vlink-Sale/input_Card ex month_card_exmo"), exM): Text '12' is set on object 'Object Repository/RecAndPlayBk/Page-Vlink-Sale/input_Card ex month_card_exmo'

2023-02-08 18:10:28 - [MESSAGE][PASSED] - Text '12' is set on object 'Object Repository/RecAndPlayBk/Page-Vlink-Sale/input_Card ex month_card_exmo'

2023-02-08 18:10:28 - [TEST_STEP][PASSED] - setText(findTestObject("Object Repository/RecAndPlayBk/Page-Vlink-Sale/input_Card ex year_card_exyr"), exY): Text '2029' is set on object 'Object Repository/RecAndPlayBk/Page-Vlink-Sale/input_Card ex year_card_exyr'

2023-02-08 18:10:28 - [MESSAGE][PASSED] - Text '2029' is set on object 'Object Repository/RecAndPlayBk/Page-Vlink-Sale/input_Card ex year_card_exyr'

2023-02-08 18:10:28 - [TEST_STEP][PASSED] - click(findTestObject("Object Repository/RecAndPlayBk/Page-Vlink-Sale/input_Track Data_track_data")): Object: 'Object Repository/RecAndPlayBk/Page-Vlink-Sale/input_Track Data_track_data' is clicked on

2023-02-08 18:10:29 - [MESSAGE][PASSED] - Object: 'Object Repository/RecAndPlayBk/Page-Vlink-Sale/input_Track Data_track_data' is clicked on

2023-02-08 18:10:29 - [TEST_STEP][PASSED] - click(findTestObject("Object Repository/RecAndPlayBk/Page-Vlink-Sale/input_CVV state_cvv_state")): Object: 'Object Repository/RecAndPlayBk/Page-Vlink-Sale/input_CVV state_cvv_state' is clicked on

2023-02-08 18:10:29 - [MESSAGE][PASSED] - Object: 'Object Repository/RecAndPlayBk/Page-Vlink-Sale/input_CVV state_cvv_state' is clicked on

2023-02-08 18:10:29 - [TEST_STEP][PASSED] - setText(findTestObject("Object Repository/RecAndPlayBk/Page-Vlink-Sale/input_Track Data_track_data"), ""): Text '' is set on object 'Object Repository/RecAndPlayBk/Page-Vlink-Sale/input_Track Data_track_data'

2023-02-08 18:10:29 - [MESSAGE][PASSED] - Text '' is set on object 'Object Repository/RecAndPlayBk/Page-Vlink-Sale/input_Track Data_track_data'

2023-02-08 18:10:29 - [TEST_STEP][PASSED] - setText(findTestObject("Object Repository/RecAndPlayBk/Page-Vlink-Sale/input_concat(Cardholder, , s email)_email"), ""): Text '' is set on object 'Object Repository/RecAndPlayBk/Page-Vlink-Sale/input_concat(Cardholder, , s email)_email'

2023-02-08 18:10:30 - [MESSAGE][PASSED] - Text '' is set on object 'Object Repository/RecAndPlayBk/Page-Vlink-Sale/input_concat(Cardholder, , s email)_email'

2023-02-08 18:10:30 - [TEST_STEP][PASSED] - click(findTestObject("Object Repository/RecAndPlayBk/Page-Vlink-Sale/input_user_defined10_user_defined10")): Object: 'Object Repository/RecAndPlayBk/Page-Vlink-Sale/input_user_defined10_user_defined10' is clicked on

2023-02-08 18:10:30 - [MESSAGE][PASSED] - Object: 'Object Repository/RecAndPlayBk/Page-Vlink-Sale/input_user_defined10_user_defined10' is clicked on

2023-02-08 18:10:30 - [TEST_STEP][PASSED] - if (executionProfile.equalsIgnoreCase("QAProfile") || executionProfile.equalsIgnoreCase("DemoProfile")): Text '' is set on object 'Object Repository/RecAndPlayBk/Page-Vlink-Sale/input_COF Transaction Initiated by_cof_tran_6cded5'

2023-02-08 18:10:30 - [TEST_STEP][PASSED] - setText(findTestObject("Object Repository/RecAndPlayBk/Page-Vlink-Sale/input_Card on File Indicator_card_on_file_i_157dae"), ""): Text '' is set on object 'Object Repository/RecAndPlayBk/Page-Vlink-Sale/input_Card on File Indicator_card_on_file_i_157dae'

2023-02-08 18:10:31 - [MESSAGE][PASSED] - Text '' is set on object 'Object Repository/RecAndPlayBk/Page-Vlink-Sale/input_Card on File Indicator_card_on_file_i_157dae'

2023-02-08 18:10:31 - [TEST_STEP][PASSED] - setText(findTestObject("Object Repository/RecAndPlayBk/Page-Vlink-Sale/input_Stored Credential Indicator_stored_cr_4ae73c"), ""): Text '' is set on object 'Object Repository/RecAndPlayBk/Page-Vlink-Sale/input_Stored Credential Indicator_stored_cr_4ae73c'

2023-02-08 18:10:32 - [MESSAGE][PASSED] - Text '' is set on object 'Object Repository/RecAndPlayBk/Page-Vlink-Sale/input_Stored Credential Indicator_stored_cr_4ae73c'

2023-02-08 18:10:32 - [TEST_STEP][PASSED] - setText(findTestObject("Object Repository/RecAndPlayBk/Page-Vlink-Sale/input_COF Scheduled indicator_cof_scheduled_8df7d8"), ""): Text '' is set on object 'Object Repository/RecAndPlayBk/Page-Vlink-Sale/input_COF Scheduled indicator_cof_scheduled_8df7d8'

2023-02-08 18:10:32 - [MESSAGE][PASSED] - Text '' is set on object 'Object Repository/RecAndPlayBk/Page-Vlink-Sale/input_COF Scheduled indicator_cof_scheduled_8df7d8'

2023-02-08 18:10:32 - [TEST_STEP][PASSED] - setText(findTestObject("Object Repository/RecAndPlayBk/Page-Vlink-Sale/input_COF Transaction Initiated by_cof_tran_6cded5"), ""): Text '' is set on object 'Object Repository/RecAndPlayBk/Page-Vlink-Sale/input_COF Transaction Initiated by_cof_tran_6cded5'

2023-02-08 18:10:33 - [MESSAGE][PASSED] - Text '' is set on object 'Object Repository/RecAndPlayBk/Page-Vlink-Sale/input_COF Transaction Initiated by_cof_tran_6cded5'

2023-02-08 18:10:33 - [TEST_STEP][PASSED] - click(findTestObject("Object Repository/RecAndPlayBk/Page-Vlink-Sale/input")): Object: 'Object Repository/RecAndPlayBk/Page-Vlink-Sale/input' is clicked on

2023-02-08 18:10:34 - [MESSAGE][PASSED] - Object: 'Object Repository/RecAndPlayBk/Page-Vlink-Sale/input' is clicked on

2023-02-08 18:10:34 - [TEST_STEP][PASSED] - if (verifyTextPresent("Transaction approved, no errors", true)): null

2023-02-08 18:10:34 - [MESSAGE][PASSED] - Text 'Transaction approved, no errors' is present on page  using regular expression

2023-02-08 18:10:34 - [TEST_STEP][PASSED] - println("Transaction Approved, no errors text is present on the Confirmation page"): null

2023-02-08 18:10:34 - [TEST_STEP][PASSED] - out.println("Pass Record Number: " + row): null

2023-02-08 18:10:34 - [TEST_STEP][PASSED] - resText = "Pass": null

2023-02-08 18:10:34 - [TEST_STEP][PASSED] - pages.WriteExcel.demoKey(resText, datText, resColumn, datCloumn, fileLoc, nameSheet, row): pages.WriteExcel.demoKey is PASSED

2023-02-08 18:10:34 - [MESSAGE][PASSED] - pages.WriteExcel.demoKey is PASSED]]></system-out>
         <system-err><![CDATA[]]></system-err>
      </testcase>
      <testcase name="Test Cases/RecAndPlayBk/VLink/Sale-Void" time="131.54" classname="Test Cases/RecAndPlayBk/VLink/Sale-Void" status="PASSED">
         <system-out><![CDATA[2023-02-08 18:10:34 - [TEST_CASE][PASSED] - Test Cases/RecAndPlayBk/VLink/Sale-Void: Test Cases/RecAndPlayBk/VLink/Sale-Void

2023-02-08 18:10:35 - [TEST_STEP][PASSED] - executionProfile = getExecutionProfile(): null

2023-02-08 18:10:35 - [TEST_STEP][PASSED] - out.println("executionProfile : " + executionProfile): null

2023-02-08 18:10:35 - [TEST_STEP][PASSED] - appName = <not implemented yet for class: org.codehaus.groovy.ast.expr.EmptyExpression>: null

2023-02-08 18:10:35 - [TEST_STEP][PASSED] - appID = <not implemented yet for class: org.codehaus.groovy.ast.expr.EmptyExpression>: null

2023-02-08 18:10:35 - [TEST_STEP][PASSED] - username = <not implemented yet for class: org.codehaus.groovy.ast.expr.EmptyExpression>: null

2023-02-08 18:10:35 - [TEST_STEP][PASSED] - password = <not implemented yet for class: org.codehaus.groovy.ast.expr.EmptyExpression>: null

2023-02-08 18:10:35 - [TEST_STEP][PASSED] - cardNameV = <not implemented yet for class: org.codehaus.groovy.ast.expr.EmptyExpression>: null

2023-02-08 18:10:35 - [TEST_STEP][PASSED] - al1V = <not implemented yet for class: org.codehaus.groovy.ast.expr.EmptyExpression>: null

2023-02-08 18:10:35 - [TEST_STEP][PASSED] - al2V = <not implemented yet for class: org.codehaus.groovy.ast.expr.EmptyExpression>: null

2023-02-08 18:10:35 - [TEST_STEP][PASSED] - zipV = <not implemented yet for class: org.codehaus.groovy.ast.expr.EmptyExpression>: null

2023-02-08 18:10:35 - [TEST_STEP][PASSED] - cardTypeV = <not implemented yet for class: org.codehaus.groovy.ast.expr.EmptyExpression>: null

2023-02-08 18:10:35 - [TEST_STEP][PASSED] - last4V = <not implemented yet for class: org.codehaus.groovy.ast.expr.EmptyExpression>: null

2023-02-08 18:10:35 - [TEST_STEP][PASSED] - resText = "Fail": null

2023-02-08 18:10:35 - [TEST_STEP][PASSED] - resColumn = "Result": null

2023-02-08 18:10:35 - [TEST_STEP][PASSED] - datCloumn = "Date": null

2023-02-08 18:10:35 - [TEST_STEP][PASSED] - fileLoc = "KatalonData/VLinkSmokeData.xlsx": null

2023-02-08 18:10:35 - [TEST_STEP][PASSED] - numOfRows = <not implemented yet for class: org.codehaus.groovy.ast.expr.EmptyExpression>: null

2023-02-08 18:10:35 - [TEST_STEP][PASSED] - dataFile = <not implemented yet for class: org.codehaus.groovy.ast.expr.EmptyExpression>: null

2023-02-08 18:10:35 - [TEST_STEP][PASSED] - nameSheet = <not implemented yet for class: org.codehaus.groovy.ast.expr.EmptyExpression>: null

2023-02-08 18:10:35 - [TEST_STEP][PASSED] - nameSheet = "Sale-Void": null

2023-02-08 18:10:35 - [TEST_STEP][PASSED] - numOfRows = findTestData("QA/VLinkTestData/VLinkSaleVoidData").getRowNumbers(): null

2023-02-08 18:10:35 - [TEST_STEP][PASSED] - println("Number of Records: " + numOfRows): null

2023-02-08 18:10:35 - [TEST_STEP][PASSED] - dataFile = "QA/VLinkTestData/VLinkSaleVoidData": null

2023-02-08 18:10:35 - [TEST_STEP][PASSED] - for ([row = 1, row <= numOfRows, (row++)]): null

2023-02-08 18:10:35 - [TEST_STEP][PASSED] - ExecuteTC = findTestData(dataFile).getValue("Execute", row): null

2023-02-08 18:10:35 - [TEST_STEP][PASSED] - out.println("Value of Execute is : " + ExecuteTC): null

2023-02-08 18:10:35 - [TEST_STEP][PASSED] - switch (executionProfile): null

2023-02-08 18:10:35 - [TEST_STEP][PASSED] - case "QAProfile":: null

2023-02-08 18:10:35 - [TEST_STEP][PASSED] - appID = findTestData(dataFile).getValue("AppIDQA", row): null

2023-02-08 18:10:35 - [TEST_STEP][PASSED] - username = findTestData(dataFile).getValue("UsernameQA", row): null

2023-02-08 18:10:35 - [TEST_STEP][PASSED] - password = findTestData(dataFile).getValue("PasswordQA", row): null

2023-02-08 18:10:35 - [TEST_STEP][PASSED] - break: null

2023-02-08 18:10:35 - [TEST_STEP][PASSED] - if (ExecuteTC.equalsIgnoreCase("Y")): null

2023-02-08 18:10:35 - [TEST_STEP][PASSED] - out.println("Begin Record Number: " + row): null

2023-02-08 18:10:35 - [TEST_STEP][PASSED] - today = new java.util.Date(): null

2023-02-08 18:10:35 - [TEST_STEP][PASSED] - println(today): null

2023-02-08 18:10:35 - [TEST_STEP][PASSED] - datText = today: null

2023-02-08 18:10:35 - [TEST_STEP][PASSED] - category = findTestData(dataFile).getValue("Category", row): null

2023-02-08 18:10:35 - [TEST_STEP][PASSED] - amount = findTestData(dataFile).getValue("Amount", row): null

2023-02-08 18:10:35 - [TEST_STEP][PASSED] - cardNumber = findTestData(dataFile).getValue("CardNumber", row): null

2023-02-08 18:10:36 - [TEST_STEP][PASSED] - exM = findTestData(dataFile).getValue("ExM", row): null

2023-02-08 18:10:36 - [TEST_STEP][PASSED] - exY = findTestData(dataFile).getValue("ExY", row): null

2023-02-08 18:10:36 - [TEST_STEP][PASSED] - openBrowser(VLinkURL + "authcap.html"): Browser is opened with url: 'https://dev-algorithm.govolution.com/vlinktest/QA/version_2_0/authcap.html'

2023-02-08 18:10:36 - [MESSAGE][WARNING] - A browser is already opened. Closing browser and opening a new one

2023-02-08 18:10:37 - [MESSAGE][INFO] - Starting 'Chrome' driver

2023-02-08 18:10:37 - [MESSAGE][INFO] - User set preference: ['acceptInsecureCerts', 'true']

2023-02-08 18:10:37 - [MESSAGE][INFO] - Action delay is set to 0 milliseconds

2023-02-08 18:10:38 - [MESSAGE][PASSED] - Browser is opened with url: 'https://dev-algorithm.govolution.com/vlinktest/QA/version_2_0/authcap.html'

2023-02-08 18:10:38 - [TEST_STEP][PASSED] - maximizeWindow(): Current window maximized

2023-02-08 18:10:39 - [MESSAGE][PASSED] - Current window maximized

2023-02-08 18:10:39 - [TEST_STEP][PASSED] - maximizeWindow(): Current window maximized

2023-02-08 18:10:39 - [MESSAGE][PASSED] - Current window maximized

2023-02-08 18:10:39 - [TEST_STEP][PASSED] - genRemID = RandomStringUtils.random(12, true, true): null

2023-02-08 18:10:39 - [TEST_STEP][PASSED] - setText(findTestObject("Object Repository/RecAndPlayBk/Page-Vlink-Sale/input_Remittance Id_remittance_id"), genRemID): Text 'bM6ny4A7wZjY' is set on object 'Object Repository/RecAndPlayBk/Page-Vlink-Sale/input_Remittance Id_remittance_id'

2023-02-08 18:10:39 - [MESSAGE][PASSED] - Text 'bM6ny4A7wZjY' is set on object 'Object Repository/RecAndPlayBk/Page-Vlink-Sale/input_Remittance Id_remittance_id'

2023-02-08 18:10:39 - [TEST_STEP][PASSED] - setText(findTestObject("Object Repository/RecAndPlayBk/Page-Vlink-Sale/input_Application Id_application_id"), appID): Text '234' is set on object 'Object Repository/RecAndPlayBk/Page-Vlink-Sale/input_Application Id_application_id'

2023-02-08 18:10:40 - [MESSAGE][PASSED] - Text '234' is set on object 'Object Repository/RecAndPlayBk/Page-Vlink-Sale/input_Application Id_application_id'

2023-02-08 18:10:40 - [TEST_STEP][PASSED] - setText(findTestObject("Object Repository/RecAndPlayBk/Page-Vlink-Sale/input_Username_username"), username): Text 'username' is set on object 'Object Repository/RecAndPlayBk/Page-Vlink-Sale/input_Username_username'

2023-02-08 18:10:41 - [MESSAGE][PASSED] - Text 'username' is set on object 'Object Repository/RecAndPlayBk/Page-Vlink-Sale/input_Username_username'

2023-02-08 18:10:41 - [TEST_STEP][PASSED] - setText(findTestObject("Object Repository/RecAndPlayBk/Page-Vlink-Sale/input_Password_password"), password): Text 'password' is set on object 'Object Repository/RecAndPlayBk/Page-Vlink-Sale/input_Password_password'

2023-02-08 18:10:41 - [MESSAGE][PASSED] - Text 'password' is set on object 'Object Repository/RecAndPlayBk/Page-Vlink-Sale/input_Password_password'

2023-02-08 18:10:41 - [TEST_STEP][PASSED] - setText(findTestObject("Object Repository/RecAndPlayBk/Page-Vlink-Sale/input_Category_category"), category): Text 'ECOM' is set on object 'Object Repository/RecAndPlayBk/Page-Vlink-Sale/input_Category_category'

2023-02-08 18:10:42 - [MESSAGE][PASSED] - Text 'ECOM' is set on object 'Object Repository/RecAndPlayBk/Page-Vlink-Sale/input_Category_category'

2023-02-08 18:10:42 - [TEST_STEP][PASSED] - setText(findTestObject("Object Repository/RecAndPlayBk/Page-Vlink-Sale/input_Amount_amount"), amount): Text '10.5' is set on object 'Object Repository/RecAndPlayBk/Page-Vlink-Sale/input_Amount_amount'

2023-02-08 18:10:42 - [MESSAGE][PASSED] - Text '10.5' is set on object 'Object Repository/RecAndPlayBk/Page-Vlink-Sale/input_Amount_amount'

2023-02-08 18:10:42 - [TEST_STEP][PASSED] - doubleClick(findTestObject("Object Repository/RecAndPlayBk/Page-Vlink-Sale/input_Card number_card_number")): Object: 'Object Repository/RecAndPlayBk/Page-Vlink-Sale/input_Card number_card_number' is double clicked on

2023-02-08 18:10:43 - [MESSAGE][PASSED] - Object: 'Object Repository/RecAndPlayBk/Page-Vlink-Sale/input_Card number_card_number' is double clicked on

2023-02-08 18:10:43 - [TEST_STEP][PASSED] - setText(findTestObject("Object Repository/RecAndPlayBk/Page-Vlink-Sale/input_Card number_card_number"), cardNumber): Text '4111111111111111' is set on object 'Object Repository/RecAndPlayBk/Page-Vlink-Sale/input_Card number_card_number'

2023-02-08 18:10:43 - [MESSAGE][PASSED] - Text '4111111111111111' is set on object 'Object Repository/RecAndPlayBk/Page-Vlink-Sale/input_Card number_card_number'

2023-02-08 18:10:43 - [TEST_STEP][PASSED] - setText(findTestObject("Object Repository/RecAndPlayBk/Page-Vlink-Sale/input_Card ex month_card_exmo"), exM): Text '12' is set on object 'Object Repository/RecAndPlayBk/Page-Vlink-Sale/input_Card ex month_card_exmo'

2023-02-08 18:10:44 - [MESSAGE][PASSED] - Text '12' is set on object 'Object Repository/RecAndPlayBk/Page-Vlink-Sale/input_Card ex month_card_exmo'

2023-02-08 18:10:44 - [TEST_STEP][PASSED] - setText(findTestObject("Object Repository/RecAndPlayBk/Page-Vlink-Sale/input_Card ex year_card_exyr"), exY): Text '2029' is set on object 'Object Repository/RecAndPlayBk/Page-Vlink-Sale/input_Card ex year_card_exyr'

2023-02-08 18:10:45 - [MESSAGE][PASSED] - Text '2029' is set on object 'Object Repository/RecAndPlayBk/Page-Vlink-Sale/input_Card ex year_card_exyr'

2023-02-08 18:10:45 - [TEST_STEP][PASSED] - click(findTestObject("Object Repository/RecAndPlayBk/Page-Vlink-Sale/input_Track Data_track_data")): Object: 'Object Repository/RecAndPlayBk/Page-Vlink-Sale/input_Track Data_track_data' is clicked on

2023-02-08 18:10:45 - [MESSAGE][PASSED] - Object: 'Object Repository/RecAndPlayBk/Page-Vlink-Sale/input_Track Data_track_data' is clicked on

2023-02-08 18:10:45 - [TEST_STEP][PASSED] - click(findTestObject("Object Repository/RecAndPlayBk/Page-Vlink-Sale/input_CVV state_cvv_state")): Object: 'Object Repository/RecAndPlayBk/Page-Vlink-Sale/input_CVV state_cvv_state' is clicked on

2023-02-08 18:10:45 - [MESSAGE][PASSED] - Object: 'Object Repository/RecAndPlayBk/Page-Vlink-Sale/input_CVV state_cvv_state' is clicked on

2023-02-08 18:10:45 - [TEST_STEP][PASSED] - setText(findTestObject("Object Repository/RecAndPlayBk/Page-Vlink-Sale/input_Track Data_track_data"), ""): Text '' is set on object 'Object Repository/RecAndPlayBk/Page-Vlink-Sale/input_Track Data_track_data'

2023-02-08 18:10:46 - [MESSAGE][PASSED] - Text '' is set on object 'Object Repository/RecAndPlayBk/Page-Vlink-Sale/input_Track Data_track_data'

2023-02-08 18:10:46 - [TEST_STEP][PASSED] - setText(findTestObject("Object Repository/RecAndPlayBk/Page-Vlink-Sale/input_concat(Cardholder, , s email)_email"), ""): Text '' is set on object 'Object Repository/RecAndPlayBk/Page-Vlink-Sale/input_concat(Cardholder, , s email)_email'

2023-02-08 18:10:47 - [MESSAGE][PASSED] - Text '' is set on object 'Object Repository/RecAndPlayBk/Page-Vlink-Sale/input_concat(Cardholder, , s email)_email'

2023-02-08 18:10:47 - [TEST_STEP][PASSED] - click(findTestObject("Object Repository/RecAndPlayBk/Page-Vlink-Sale/input_user_defined10_user_defined10")): Object: 'Object Repository/RecAndPlayBk/Page-Vlink-Sale/input_user_defined10_user_defined10' is clicked on

2023-02-08 18:10:47 - [MESSAGE][PASSED] - Object: 'Object Repository/RecAndPlayBk/Page-Vlink-Sale/input_user_defined10_user_defined10' is clicked on

2023-02-08 18:10:47 - [TEST_STEP][PASSED] - if (executionProfile.equalsIgnoreCase("QAProfile") || executionProfile.equalsIgnoreCase("DemoProfile")): Text '' is set on object 'Object Repository/RecAndPlayBk/Page-Vlink-Sale/input_COF Transaction Initiated by_cof_tran_6cded5'

2023-02-08 18:10:47 - [TEST_STEP][PASSED] - setText(findTestObject("Object Repository/RecAndPlayBk/Page-Vlink-Sale/input_Card on File Indicator_card_on_file_i_157dae"), ""): Text '' is set on object 'Object Repository/RecAndPlayBk/Page-Vlink-Sale/input_Card on File Indicator_card_on_file_i_157dae'

2023-02-08 18:10:47 - [MESSAGE][PASSED] - Text '' is set on object 'Object Repository/RecAndPlayBk/Page-Vlink-Sale/input_Card on File Indicator_card_on_file_i_157dae'

2023-02-08 18:10:47 - [TEST_STEP][PASSED] - setText(findTestObject("Object Repository/RecAndPlayBk/Page-Vlink-Sale/input_Stored Credential Indicator_stored_cr_4ae73c"), ""): Text '' is set on object 'Object Repository/RecAndPlayBk/Page-Vlink-Sale/input_Stored Credential Indicator_stored_cr_4ae73c'

2023-02-08 18:10:48 - [MESSAGE][PASSED] - Text '' is set on object 'Object Repository/RecAndPlayBk/Page-Vlink-Sale/input_Stored Credential Indicator_stored_cr_4ae73c'

2023-02-08 18:10:48 - [TEST_STEP][PASSED] - setText(findTestObject("Object Repository/RecAndPlayBk/Page-Vlink-Sale/input_COF Scheduled indicator_cof_scheduled_8df7d8"), ""): Text '' is set on object 'Object Repository/RecAndPlayBk/Page-Vlink-Sale/input_COF Scheduled indicator_cof_scheduled_8df7d8'

2023-02-08 18:10:49 - [MESSAGE][PASSED] - Text '' is set on object 'Object Repository/RecAndPlayBk/Page-Vlink-Sale/input_COF Scheduled indicator_cof_scheduled_8df7d8'

2023-02-08 18:10:49 - [TEST_STEP][PASSED] - setText(findTestObject("Object Repository/RecAndPlayBk/Page-Vlink-Sale/input_COF Transaction Initiated by_cof_tran_6cded5"), ""): Text '' is set on object 'Object Repository/RecAndPlayBk/Page-Vlink-Sale/input_COF Transaction Initiated by_cof_tran_6cded5'

2023-02-08 18:10:49 - [MESSAGE][PASSED] - Text '' is set on object 'Object Repository/RecAndPlayBk/Page-Vlink-Sale/input_COF Transaction Initiated by_cof_tran_6cded5'

2023-02-08 18:10:49 - [TEST_STEP][PASSED] - click(findTestObject("Object Repository/RecAndPlayBk/Page-Vlink-Sale/input")): Object: 'Object Repository/RecAndPlayBk/Page-Vlink-Sale/input' is clicked on

2023-02-08 18:10:50 - [MESSAGE][PASSED] - Object: 'Object Repository/RecAndPlayBk/Page-Vlink-Sale/input' is clicked on

2023-02-08 18:10:50 - [TEST_STEP][PASSED] - if (verifyTextPresent("Transaction approved, no errors", true)): null

2023-02-08 18:10:51 - [MESSAGE][PASSED] - Text 'Transaction approved, no errors' is present on page  using regular expression

2023-02-08 18:10:51 - [TEST_STEP][PASSED] - println("Transaction Approved, no errors text is present on the Confirmation page"): null

2023-02-08 18:10:51 - [TEST_STEP][PASSED] - sdfo = getText(findTestObject("Object Repository/Page_VLinkReceipt/pre_STX")): Text of object 'Object Repository/Page_VLinkReceipt/pre_STX' is: '<STX>bM6ny4A7wZjY                  12125179            0  Transaction approved, no errors                   0                                                                                  Y 141093995<ETX>'

2023-02-08 18:10:51 - [MESSAGE][PASSED] - Text of object 'Object Repository/Page_VLinkReceipt/pre_STX' is: '<STX>bM6ny4A7wZjY                  12125179            0  Transaction approved, no errors                   0                                                                                  Y 141093995<ETX>'

2023-02-08 18:10:51 - [TEST_STEP][PASSED] - out.println("sdfo: " + sdfo): null

2023-02-08 18:10:51 - [TEST_STEP][PASSED] - remID = substring(5, 35).trim(): null

2023-02-08 18:10:51 - [TEST_STEP][PASSED] - out.println("remID: " + remID): null

2023-02-08 18:10:51 - [TEST_STEP][PASSED] - traxID = substring(35, 55).trim(): null

2023-02-08 18:10:51 - [TEST_STEP][PASSED] - out.println("traxID: " + traxID): null

2023-02-08 18:10:51 - [TEST_STEP][PASSED] - VLinkSaleRemID = remID: null

2023-02-08 18:10:51 - [TEST_STEP][PASSED] - VLinkSaleTranxID = traxID: null

2023-02-08 18:10:51 - [TEST_STEP][PASSED] - openBrowser(VLinkURL + "CC_void.html"): Browser is opened with url: 'https://dev-algorithm.govolution.com/vlinktest/QA/version_2_0/CC_void.html'

2023-02-08 18:10:51 - [MESSAGE][WARNING] - A browser is already opened. Closing browser and opening a new one

2023-02-08 18:10:52 - [MESSAGE][INFO] - Starting 'Chrome' driver

2023-02-08 18:10:52 - [MESSAGE][INFO] - User set preference: ['acceptInsecureCerts', 'true']

2023-02-08 18:10:52 - [MESSAGE][INFO] - Action delay is set to 0 milliseconds

2023-02-08 18:10:54 - [MESSAGE][PASSED] - Browser is opened with url: 'https://dev-algorithm.govolution.com/vlinktest/QA/version_2_0/CC_void.html'

2023-02-08 18:10:54 - [TEST_STEP][PASSED] - maximizeWindow(): Current window maximized

2023-02-08 18:10:54 - [MESSAGE][PASSED] - Current window maximized

2023-02-08 18:10:54 - [TEST_STEP][PASSED] - setText(findTestObject("Object Repository/RecAndPlayBk/Page-Vlink-CC-Void/txt_RemID"), VLinkSaleRemID): Text 'bM6ny4A7wZjY' is set on object 'Object Repository/RecAndPlayBk/Page-Vlink-CC-Void/txt_RemID'

2023-02-08 18:10:54 - [MESSAGE][PASSED] - Text 'bM6ny4A7wZjY' is set on object 'Object Repository/RecAndPlayBk/Page-Vlink-CC-Void/txt_RemID'

2023-02-08 18:10:54 - [TEST_STEP][PASSED] - setText(findTestObject("Object Repository/RecAndPlayBk/Page-Vlink-CC-Void/txt_ApplicationID"), appID): Text '234' is set on object 'Object Repository/RecAndPlayBk/Page-Vlink-CC-Void/txt_ApplicationID'

2023-02-08 18:10:55 - [MESSAGE][PASSED] - Text '234' is set on object 'Object Repository/RecAndPlayBk/Page-Vlink-CC-Void/txt_ApplicationID'

2023-02-08 18:10:55 - [TEST_STEP][PASSED] - setText(findTestObject("Object Repository/RecAndPlayBk/Page-Vlink-CC-Void/txt_Username"), username): Text 'username' is set on object 'Object Repository/RecAndPlayBk/Page-Vlink-CC-Void/txt_Username'

2023-02-08 18:10:56 - [MESSAGE][PASSED] - Text 'username' is set on object 'Object Repository/RecAndPlayBk/Page-Vlink-CC-Void/txt_Username'

2023-02-08 18:10:56 - [TEST_STEP][PASSED] - setText(findTestObject("Object Repository/RecAndPlayBk/Page-Vlink-CC-Void/txt_Password"), password): Text 'password' is set on object 'Object Repository/RecAndPlayBk/Page-Vlink-CC-Void/txt_Password'

2023-02-08 18:10:56 - [MESSAGE][PASSED] - Text 'password' is set on object 'Object Repository/RecAndPlayBk/Page-Vlink-CC-Void/txt_Password'

2023-02-08 18:10:56 - [TEST_STEP][PASSED] - setText(findTestObject("Object Repository/RecAndPlayBk/Page-Vlink-CC-Void/txt_TransactionID"), VLinkSaleTranxID): Text '12125179' is set on object 'Object Repository/RecAndPlayBk/Page-Vlink-CC-Void/txt_TransactionID'

2023-02-08 18:10:57 - [MESSAGE][PASSED] - Text '12125179' is set on object 'Object Repository/RecAndPlayBk/Page-Vlink-CC-Void/txt_TransactionID'

2023-02-08 18:10:57 - [TEST_STEP][PASSED] - setText(findTestObject("Object Repository/RecAndPlayBk/Page-Vlink-CC-Void/txt_OriginalTransactionType"), "104"): Text '104' is set on object 'Object Repository/RecAndPlayBk/Page-Vlink-CC-Void/txt_OriginalTransactionType'

2023-02-08 18:10:57 - [MESSAGE][PASSED] - Text '104' is set on object 'Object Repository/RecAndPlayBk/Page-Vlink-CC-Void/txt_OriginalTransactionType'

2023-02-08 18:10:57 - [TEST_STEP][PASSED] - setText(findTestObject("Object Repository/RecAndPlayBk/Page-Vlink-CC-Void/txt_TrackData"), ""): Text '' is set on object 'Object Repository/RecAndPlayBk/Page-Vlink-CC-Void/txt_TrackData'

2023-02-08 18:10:58 - [MESSAGE][PASSED] - Text '' is set on object 'Object Repository/RecAndPlayBk/Page-Vlink-CC-Void/txt_TrackData'

2023-02-08 18:10:58 - [TEST_STEP][PASSED] - click(findTestObject("Object Repository/RecAndPlayBk/Page-Vlink-CC-Void/btn_ProcessVLinkTransaction")): Object: 'Object Repository/RecAndPlayBk/Page-Vlink-CC-Void/btn_ProcessVLinkTransaction' is clicked on

2023-02-08 18:11:00 - [MESSAGE][PASSED] - Object: 'Object Repository/RecAndPlayBk/Page-Vlink-CC-Void/btn_ProcessVLinkTransaction' is clicked on

2023-02-08 18:11:00 - [TEST_STEP][PASSED] - if (verifyTextPresent("Transaction approved, no errors", true)): null

2023-02-08 18:11:00 - [MESSAGE][PASSED] - Text 'Transaction approved, no errors' is present on page  using regular expression

2023-02-08 18:11:00 - [TEST_STEP][PASSED] - println("Transaction Approved, no errors text is present on the Confirmation page"): null

2023-02-08 18:11:00 - [TEST_STEP][PASSED] - out.println("Pass Record Number: " + row): null

2023-02-08 18:11:00 - [TEST_STEP][PASSED] - resText = "Pass": null

2023-02-08 18:11:00 - [TEST_STEP][PASSED] - pages.WriteExcel.demoKey(resText, datText, resColumn, datCloumn, fileLoc, nameSheet, row): pages.WriteExcel.demoKey is PASSED

2023-02-08 18:11:00 - [MESSAGE][PASSED] - pages.WriteExcel.demoKey is PASSED

2023-02-08 18:11:00 - [TEST_STEP][PASSED] - ExecuteTC = findTestData(dataFile).getValue("Execute", row): null

2023-02-08 18:11:00 - [TEST_STEP][PASSED] - out.println("Value of Execute is : " + ExecuteTC): null

2023-02-08 18:11:00 - [TEST_STEP][PASSED] - switch (executionProfile): null

2023-02-08 18:11:00 - [TEST_STEP][PASSED] - case "QAProfile":: null

2023-02-08 18:11:00 - [TEST_STEP][PASSED] - appID = findTestData(dataFile).getValue("AppIDQA", row): null

2023-02-08 18:11:00 - [TEST_STEP][PASSED] - username = findTestData(dataFile).getValue("UsernameQA", row): null

2023-02-08 18:11:00 - [TEST_STEP][PASSED] - password = findTestData(dataFile).getValue("PasswordQA", row): null

2023-02-08 18:11:00 - [TEST_STEP][PASSED] - break: null

2023-02-08 18:11:00 - [TEST_STEP][PASSED] - if (ExecuteTC.equalsIgnoreCase("Y")): null

2023-02-08 18:11:00 - [TEST_STEP][PASSED] - out.println("Begin Record Number: " + row): null

2023-02-08 18:11:00 - [TEST_STEP][PASSED] - today = new java.util.Date(): null

2023-02-08 18:11:00 - [TEST_STEP][PASSED] - println(today): null

2023-02-08 18:11:00 - [TEST_STEP][PASSED] - datText = today: null

2023-02-08 18:11:00 - [TEST_STEP][PASSED] - category = findTestData(dataFile).getValue("Category", row): null

2023-02-08 18:11:01 - [TEST_STEP][PASSED] - amount = findTestData(dataFile).getValue("Amount", row): null

2023-02-08 18:11:01 - [TEST_STEP][PASSED] - cardNumber = findTestData(dataFile).getValue("CardNumber", row): null

2023-02-08 18:11:01 - [TEST_STEP][PASSED] - exM = findTestData(dataFile).getValue("ExM", row): null

2023-02-08 18:11:01 - [TEST_STEP][PASSED] - exY = findTestData(dataFile).getValue("ExY", row): null

2023-02-08 18:11:01 - [TEST_STEP][PASSED] - openBrowser(VLinkURL + "authcap.html"): Browser is opened with url: 'https://dev-algorithm.govolution.com/vlinktest/QA/version_2_0/authcap.html'

2023-02-08 18:11:01 - [MESSAGE][WARNING] - A browser is already opened. Closing browser and opening a new one

2023-02-08 18:11:02 - [MESSAGE][INFO] - Starting 'Chrome' driver

2023-02-08 18:11:02 - [MESSAGE][INFO] - User set preference: ['acceptInsecureCerts', 'true']

2023-02-08 18:11:02 - [MESSAGE][INFO] - Action delay is set to 0 milliseconds

2023-02-08 18:11:04 - [MESSAGE][PASSED] - Browser is opened with url: 'https://dev-algorithm.govolution.com/vlinktest/QA/version_2_0/authcap.html'

2023-02-08 18:11:04 - [TEST_STEP][PASSED] - maximizeWindow(): Current window maximized

2023-02-08 18:11:04 - [MESSAGE][PASSED] - Current window maximized

2023-02-08 18:11:04 - [TEST_STEP][PASSED] - maximizeWindow(): Current window maximized

2023-02-08 18:11:04 - [MESSAGE][PASSED] - Current window maximized

2023-02-08 18:11:04 - [TEST_STEP][PASSED] - genRemID = RandomStringUtils.random(12, true, true): null

2023-02-08 18:11:04 - [TEST_STEP][PASSED] - setText(findTestObject("Object Repository/RecAndPlayBk/Page-Vlink-Sale/input_Remittance Id_remittance_id"), genRemID): Text 'iac1ATaI49HS' is set on object 'Object Repository/RecAndPlayBk/Page-Vlink-Sale/input_Remittance Id_remittance_id'

2023-02-08 18:11:05 - [MESSAGE][PASSED] - Text 'iac1ATaI49HS' is set on object 'Object Repository/RecAndPlayBk/Page-Vlink-Sale/input_Remittance Id_remittance_id'

2023-02-08 18:11:05 - [TEST_STEP][PASSED] - setText(findTestObject("Object Repository/RecAndPlayBk/Page-Vlink-Sale/input_Application Id_application_id"), appID): Text '234' is set on object 'Object Repository/RecAndPlayBk/Page-Vlink-Sale/input_Application Id_application_id'

2023-02-08 18:11:05 - [MESSAGE][PASSED] - Text '234' is set on object 'Object Repository/RecAndPlayBk/Page-Vlink-Sale/input_Application Id_application_id'

2023-02-08 18:11:05 - [TEST_STEP][PASSED] - setText(findTestObject("Object Repository/RecAndPlayBk/Page-Vlink-Sale/input_Username_username"), username): Text 'username' is set on object 'Object Repository/RecAndPlayBk/Page-Vlink-Sale/input_Username_username'

2023-02-08 18:11:06 - [MESSAGE][PASSED] - Text 'username' is set on object 'Object Repository/RecAndPlayBk/Page-Vlink-Sale/input_Username_username'

2023-02-08 18:11:06 - [TEST_STEP][PASSED] - setText(findTestObject("Object Repository/RecAndPlayBk/Page-Vlink-Sale/input_Password_password"), password): Text 'password' is set on object 'Object Repository/RecAndPlayBk/Page-Vlink-Sale/input_Password_password'

2023-02-08 18:11:07 - [MESSAGE][PASSED] - Text 'password' is set on object 'Object Repository/RecAndPlayBk/Page-Vlink-Sale/input_Password_password'

2023-02-08 18:11:07 - [TEST_STEP][PASSED] - setText(findTestObject("Object Repository/RecAndPlayBk/Page-Vlink-Sale/input_Category_category"), category): Text 'MOTO' is set on object 'Object Repository/RecAndPlayBk/Page-Vlink-Sale/input_Category_category'

2023-02-08 18:11:07 - [MESSAGE][PASSED] - Text 'MOTO' is set on object 'Object Repository/RecAndPlayBk/Page-Vlink-Sale/input_Category_category'

2023-02-08 18:11:07 - [TEST_STEP][PASSED] - setText(findTestObject("Object Repository/RecAndPlayBk/Page-Vlink-Sale/input_Amount_amount"), amount): Text '10.5' is set on object 'Object Repository/RecAndPlayBk/Page-Vlink-Sale/input_Amount_amount'

2023-02-08 18:11:08 - [MESSAGE][PASSED] - Text '10.5' is set on object 'Object Repository/RecAndPlayBk/Page-Vlink-Sale/input_Amount_amount'

2023-02-08 18:11:08 - [TEST_STEP][PASSED] - doubleClick(findTestObject("Object Repository/RecAndPlayBk/Page-Vlink-Sale/input_Card number_card_number")): Object: 'Object Repository/RecAndPlayBk/Page-Vlink-Sale/input_Card number_card_number' is double clicked on

2023-02-08 18:11:08 - [MESSAGE][PASSED] - Object: 'Object Repository/RecAndPlayBk/Page-Vlink-Sale/input_Card number_card_number' is double clicked on

2023-02-08 18:11:08 - [TEST_STEP][PASSED] - setText(findTestObject("Object Repository/RecAndPlayBk/Page-Vlink-Sale/input_Card number_card_number"), cardNumber): Text '5424000000000015' is set on object 'Object Repository/RecAndPlayBk/Page-Vlink-Sale/input_Card number_card_number'

2023-02-08 18:11:09 - [MESSAGE][PASSED] - Text '5424000000000015' is set on object 'Object Repository/RecAndPlayBk/Page-Vlink-Sale/input_Card number_card_number'

2023-02-08 18:11:09 - [TEST_STEP][PASSED] - setText(findTestObject("Object Repository/RecAndPlayBk/Page-Vlink-Sale/input_Card ex month_card_exmo"), exM): Text '12' is set on object 'Object Repository/RecAndPlayBk/Page-Vlink-Sale/input_Card ex month_card_exmo'

2023-02-08 18:11:09 - [MESSAGE][PASSED] - Text '12' is set on object 'Object Repository/RecAndPlayBk/Page-Vlink-Sale/input_Card ex month_card_exmo'

2023-02-08 18:11:09 - [TEST_STEP][PASSED] - setText(findTestObject("Object Repository/RecAndPlayBk/Page-Vlink-Sale/input_Card ex year_card_exyr"), exY): Text '2029' is set on object 'Object Repository/RecAndPlayBk/Page-Vlink-Sale/input_Card ex year_card_exyr'

2023-02-08 18:11:10 - [MESSAGE][PASSED] - Text '2029' is set on object 'Object Repository/RecAndPlayBk/Page-Vlink-Sale/input_Card ex year_card_exyr'

2023-02-08 18:11:10 - [TEST_STEP][PASSED] - click(findTestObject("Object Repository/RecAndPlayBk/Page-Vlink-Sale/input_Track Data_track_data")): Object: 'Object Repository/RecAndPlayBk/Page-Vlink-Sale/input_Track Data_track_data' is clicked on

2023-02-08 18:11:10 - [MESSAGE][PASSED] - Object: 'Object Repository/RecAndPlayBk/Page-Vlink-Sale/input_Track Data_track_data' is clicked on

2023-02-08 18:11:10 - [TEST_STEP][PASSED] - click(findTestObject("Object Repository/RecAndPlayBk/Page-Vlink-Sale/input_CVV state_cvv_state")): Object: 'Object Repository/RecAndPlayBk/Page-Vlink-Sale/input_CVV state_cvv_state' is clicked on

2023-02-08 18:11:11 - [MESSAGE][PASSED] - Object: 'Object Repository/RecAndPlayBk/Page-Vlink-Sale/input_CVV state_cvv_state' is clicked on

2023-02-08 18:11:11 - [TEST_STEP][PASSED] - setText(findTestObject("Object Repository/RecAndPlayBk/Page-Vlink-Sale/input_Track Data_track_data"), ""): Text '' is set on object 'Object Repository/RecAndPlayBk/Page-Vlink-Sale/input_Track Data_track_data'

2023-02-08 18:11:11 - [MESSAGE][PASSED] - Text '' is set on object 'Object Repository/RecAndPlayBk/Page-Vlink-Sale/input_Track Data_track_data'

2023-02-08 18:11:11 - [TEST_STEP][PASSED] - setText(findTestObject("Object Repository/RecAndPlayBk/Page-Vlink-Sale/input_concat(Cardholder, , s email)_email"), ""): Text '' is set on object 'Object Repository/RecAndPlayBk/Page-Vlink-Sale/input_concat(Cardholder, , s email)_email'

2023-02-08 18:11:12 - [MESSAGE][PASSED] - Text '' is set on object 'Object Repository/RecAndPlayBk/Page-Vlink-Sale/input_concat(Cardholder, , s email)_email'

2023-02-08 18:11:12 - [TEST_STEP][PASSED] - click(findTestObject("Object Repository/RecAndPlayBk/Page-Vlink-Sale/input_user_defined10_user_defined10")): Object: 'Object Repository/RecAndPlayBk/Page-Vlink-Sale/input_user_defined10_user_defined10' is clicked on

2023-02-08 18:11:12 - [MESSAGE][PASSED] - Object: 'Object Repository/RecAndPlayBk/Page-Vlink-Sale/input_user_defined10_user_defined10' is clicked on

2023-02-08 18:11:12 - [TEST_STEP][PASSED] - if (executionProfile.equalsIgnoreCase("QAProfile") || executionProfile.equalsIgnoreCase("DemoProfile")): Text '' is set on object 'Object Repository/RecAndPlayBk/Page-Vlink-Sale/input_COF Transaction Initiated by_cof_tran_6cded5'

2023-02-08 18:11:12 - [TEST_STEP][PASSED] - setText(findTestObject("Object Repository/RecAndPlayBk/Page-Vlink-Sale/input_Card on File Indicator_card_on_file_i_157dae"), ""): Text '' is set on object 'Object Repository/RecAndPlayBk/Page-Vlink-Sale/input_Card on File Indicator_card_on_file_i_157dae'

2023-02-08 18:11:13 - [MESSAGE][PASSED] - Text '' is set on object 'Object Repository/RecAndPlayBk/Page-Vlink-Sale/input_Card on File Indicator_card_on_file_i_157dae'

2023-02-08 18:11:13 - [TEST_STEP][PASSED] - setText(findTestObject("Object Repository/RecAndPlayBk/Page-Vlink-Sale/input_Stored Credential Indicator_stored_cr_4ae73c"), ""): Text '' is set on object 'Object Repository/RecAndPlayBk/Page-Vlink-Sale/input_Stored Credential Indicator_stored_cr_4ae73c'

2023-02-08 18:11:13 - [MESSAGE][PASSED] - Text '' is set on object 'Object Repository/RecAndPlayBk/Page-Vlink-Sale/input_Stored Credential Indicator_stored_cr_4ae73c'

2023-02-08 18:11:13 - [TEST_STEP][PASSED] - setText(findTestObject("Object Repository/RecAndPlayBk/Page-Vlink-Sale/input_COF Scheduled indicator_cof_scheduled_8df7d8"), ""): Text '' is set on object 'Object Repository/RecAndPlayBk/Page-Vlink-Sale/input_COF Scheduled indicator_cof_scheduled_8df7d8'

2023-02-08 18:11:14 - [MESSAGE][PASSED] - Text '' is set on object 'Object Repository/RecAndPlayBk/Page-Vlink-Sale/input_COF Scheduled indicator_cof_scheduled_8df7d8'

2023-02-08 18:11:14 - [TEST_STEP][PASSED] - setText(findTestObject("Object Repository/RecAndPlayBk/Page-Vlink-Sale/input_COF Transaction Initiated by_cof_tran_6cded5"), ""): Text '' is set on object 'Object Repository/RecAndPlayBk/Page-Vlink-Sale/input_COF Transaction Initiated by_cof_tran_6cded5'

2023-02-08 18:11:15 - [MESSAGE][PASSED] - Text '' is set on object 'Object Repository/RecAndPlayBk/Page-Vlink-Sale/input_COF Transaction Initiated by_cof_tran_6cded5'

2023-02-08 18:11:15 - [TEST_STEP][PASSED] - click(findTestObject("Object Repository/RecAndPlayBk/Page-Vlink-Sale/input")): Object: 'Object Repository/RecAndPlayBk/Page-Vlink-Sale/input' is clicked on

2023-02-08 18:11:16 - [MESSAGE][PASSED] - Object: 'Object Repository/RecAndPlayBk/Page-Vlink-Sale/input' is clicked on

2023-02-08 18:11:16 - [TEST_STEP][PASSED] - if (verifyTextPresent("Transaction approved, no errors", true)): null

2023-02-08 18:11:16 - [MESSAGE][PASSED] - Text 'Transaction approved, no errors' is present on page  using regular expression

2023-02-08 18:11:16 - [TEST_STEP][PASSED] - println("Transaction Approved, no errors text is present on the Confirmation page"): null

2023-02-08 18:11:16 - [TEST_STEP][PASSED] - sdfo = getText(findTestObject("Object Repository/Page_VLinkReceipt/pre_STX")): Text of object 'Object Repository/Page_VLinkReceipt/pre_STX' is: '<STX>iac1ATaI49HS                  12125181            0  Transaction approved, no errors                   0                                                                                  Y 540574812<ETX>'

2023-02-08 18:11:16 - [MESSAGE][PASSED] - Text of object 'Object Repository/Page_VLinkReceipt/pre_STX' is: '<STX>iac1ATaI49HS                  12125181            0  Transaction approved, no errors                   0                                                                                  Y 540574812<ETX>'

2023-02-08 18:11:16 - [TEST_STEP][PASSED] - out.println("sdfo: " + sdfo): null

2023-02-08 18:11:16 - [TEST_STEP][PASSED] - remID = substring(5, 35).trim(): null

2023-02-08 18:11:16 - [TEST_STEP][PASSED] - out.println("remID: " + remID): null

2023-02-08 18:11:16 - [TEST_STEP][PASSED] - traxID = substring(35, 55).trim(): null

2023-02-08 18:11:16 - [TEST_STEP][PASSED] - out.println("traxID: " + traxID): null

2023-02-08 18:11:16 - [TEST_STEP][PASSED] - VLinkSaleRemID = remID: null

2023-02-08 18:11:16 - [TEST_STEP][PASSED] - VLinkSaleTranxID = traxID: null

2023-02-08 18:11:16 - [TEST_STEP][PASSED] - openBrowser(VLinkURL + "CC_void.html"): Browser is opened with url: 'https://dev-algorithm.govolution.com/vlinktest/QA/version_2_0/CC_void.html'

2023-02-08 18:11:16 - [MESSAGE][WARNING] - A browser is already opened. Closing browser and opening a new one

2023-02-08 18:11:17 - [MESSAGE][INFO] - Starting 'Chrome' driver

2023-02-08 18:11:17 - [MESSAGE][INFO] - User set preference: ['acceptInsecureCerts', 'true']

2023-02-08 18:11:17 - [MESSAGE][INFO] - Action delay is set to 0 milliseconds

2023-02-08 18:11:19 - [MESSAGE][PASSED] - Browser is opened with url: 'https://dev-algorithm.govolution.com/vlinktest/QA/version_2_0/CC_void.html'

2023-02-08 18:11:19 - [TEST_STEP][PASSED] - maximizeWindow(): Current window maximized

2023-02-08 18:11:19 - [MESSAGE][PASSED] - Current window maximized

2023-02-08 18:11:19 - [TEST_STEP][PASSED] - setText(findTestObject("Object Repository/RecAndPlayBk/Page-Vlink-CC-Void/txt_RemID"), VLinkSaleRemID): Text 'iac1ATaI49HS' is set on object 'Object Repository/RecAndPlayBk/Page-Vlink-CC-Void/txt_RemID'

2023-02-08 18:11:20 - [MESSAGE][PASSED] - Text 'iac1ATaI49HS' is set on object 'Object Repository/RecAndPlayBk/Page-Vlink-CC-Void/txt_RemID'

2023-02-08 18:11:20 - [TEST_STEP][PASSED] - setText(findTestObject("Object Repository/RecAndPlayBk/Page-Vlink-CC-Void/txt_ApplicationID"), appID): Text '234' is set on object 'Object Repository/RecAndPlayBk/Page-Vlink-CC-Void/txt_ApplicationID'

2023-02-08 18:11:20 - [MESSAGE][PASSED] - Text '234' is set on object 'Object Repository/RecAndPlayBk/Page-Vlink-CC-Void/txt_ApplicationID'

2023-02-08 18:11:20 - [TEST_STEP][PASSED] - setText(findTestObject("Object Repository/RecAndPlayBk/Page-Vlink-CC-Void/txt_Username"), username): Text 'username' is set on object 'Object Repository/RecAndPlayBk/Page-Vlink-CC-Void/txt_Username'

2023-02-08 18:11:21 - [MESSAGE][PASSED] - Text 'username' is set on object 'Object Repository/RecAndPlayBk/Page-Vlink-CC-Void/txt_Username'

2023-02-08 18:11:21 - [TEST_STEP][PASSED] - setText(findTestObject("Object Repository/RecAndPlayBk/Page-Vlink-CC-Void/txt_Password"), password): Text 'password' is set on object 'Object Repository/RecAndPlayBk/Page-Vlink-CC-Void/txt_Password'

2023-02-08 18:11:22 - [MESSAGE][PASSED] - Text 'password' is set on object 'Object Repository/RecAndPlayBk/Page-Vlink-CC-Void/txt_Password'

2023-02-08 18:11:22 - [TEST_STEP][PASSED] - setText(findTestObject("Object Repository/RecAndPlayBk/Page-Vlink-CC-Void/txt_TransactionID"), VLinkSaleTranxID): Text '12125181' is set on object 'Object Repository/RecAndPlayBk/Page-Vlink-CC-Void/txt_TransactionID'

2023-02-08 18:11:22 - [MESSAGE][PASSED] - Text '12125181' is set on object 'Object Repository/RecAndPlayBk/Page-Vlink-CC-Void/txt_TransactionID'

2023-02-08 18:11:22 - [TEST_STEP][PASSED] - setText(findTestObject("Object Repository/RecAndPlayBk/Page-Vlink-CC-Void/txt_OriginalTransactionType"), "104"): Text '104' is set on object 'Object Repository/RecAndPlayBk/Page-Vlink-CC-Void/txt_OriginalTransactionType'

2023-02-08 18:11:23 - [MESSAGE][PASSED] - Text '104' is set on object 'Object Repository/RecAndPlayBk/Page-Vlink-CC-Void/txt_OriginalTransactionType'

2023-02-08 18:11:23 - [TEST_STEP][PASSED] - setText(findTestObject("Object Repository/RecAndPlayBk/Page-Vlink-CC-Void/txt_TrackData"), ""): Text '' is set on object 'Object Repository/RecAndPlayBk/Page-Vlink-CC-Void/txt_TrackData'

2023-02-08 18:11:23 - [MESSAGE][PASSED] - Text '' is set on object 'Object Repository/RecAndPlayBk/Page-Vlink-CC-Void/txt_TrackData'

2023-02-08 18:11:23 - [TEST_STEP][PASSED] - click(findTestObject("Object Repository/RecAndPlayBk/Page-Vlink-CC-Void/btn_ProcessVLinkTransaction")): Object: 'Object Repository/RecAndPlayBk/Page-Vlink-CC-Void/btn_ProcessVLinkTransaction' is clicked on

2023-02-08 18:11:25 - [MESSAGE][PASSED] - Object: 'Object Repository/RecAndPlayBk/Page-Vlink-CC-Void/btn_ProcessVLinkTransaction' is clicked on

2023-02-08 18:11:25 - [TEST_STEP][PASSED] - if (verifyTextPresent("Transaction approved, no errors", true)): null

2023-02-08 18:11:25 - [MESSAGE][PASSED] - Text 'Transaction approved, no errors' is present on page  using regular expression

2023-02-08 18:11:25 - [TEST_STEP][PASSED] - println("Transaction Approved, no errors text is present on the Confirmation page"): null

2023-02-08 18:11:25 - [TEST_STEP][PASSED] - out.println("Pass Record Number: " + row): null

2023-02-08 18:11:25 - [TEST_STEP][PASSED] - resText = "Pass": null

2023-02-08 18:11:25 - [TEST_STEP][PASSED] - pages.WriteExcel.demoKey(resText, datText, resColumn, datCloumn, fileLoc, nameSheet, row): pages.WriteExcel.demoKey is PASSED

2023-02-08 18:11:25 - [MESSAGE][PASSED] - pages.WriteExcel.demoKey is PASSED

2023-02-08 18:11:25 - [TEST_STEP][PASSED] - ExecuteTC = findTestData(dataFile).getValue("Execute", row): null

2023-02-08 18:11:25 - [TEST_STEP][PASSED] - out.println("Value of Execute is : " + ExecuteTC): null

2023-02-08 18:11:25 - [TEST_STEP][PASSED] - switch (executionProfile): null

2023-02-08 18:11:25 - [TEST_STEP][PASSED] - case "QAProfile":: null

2023-02-08 18:11:25 - [TEST_STEP][PASSED] - appID = findTestData(dataFile).getValue("AppIDQA", row): null

2023-02-08 18:11:26 - [TEST_STEP][PASSED] - username = findTestData(dataFile).getValue("UsernameQA", row): null

2023-02-08 18:11:26 - [TEST_STEP][PASSED] - password = findTestData(dataFile).getValue("PasswordQA", row): null

2023-02-08 18:11:26 - [TEST_STEP][PASSED] - break: null

2023-02-08 18:11:26 - [TEST_STEP][PASSED] - if (ExecuteTC.equalsIgnoreCase("Y")): null

2023-02-08 18:11:26 - [TEST_STEP][PASSED] - out.println("Begin Record Number: " + row): null

2023-02-08 18:11:26 - [TEST_STEP][PASSED] - today = new java.util.Date(): null

2023-02-08 18:11:26 - [TEST_STEP][PASSED] - println(today): null

2023-02-08 18:11:26 - [TEST_STEP][PASSED] - datText = today: null

2023-02-08 18:11:26 - [TEST_STEP][PASSED] - category = findTestData(dataFile).getValue("Category", row): null

2023-02-08 18:11:26 - [TEST_STEP][PASSED] - amount = findTestData(dataFile).getValue("Amount", row): null

2023-02-08 18:11:26 - [TEST_STEP][PASSED] - cardNumber = findTestData(dataFile).getValue("CardNumber", row): null

2023-02-08 18:11:26 - [TEST_STEP][PASSED] - exM = findTestData(dataFile).getValue("ExM", row): null

2023-02-08 18:11:26 - [TEST_STEP][PASSED] - exY = findTestData(dataFile).getValue("ExY", row): null

2023-02-08 18:11:26 - [TEST_STEP][PASSED] - openBrowser(VLinkURL + "authcap.html"): Browser is opened with url: 'https://dev-algorithm.govolution.com/vlinktest/QA/version_2_0/authcap.html'

2023-02-08 18:11:26 - [MESSAGE][WARNING] - A browser is already opened. Closing browser and opening a new one

2023-02-08 18:11:27 - [MESSAGE][INFO] - Starting 'Chrome' driver

2023-02-08 18:11:27 - [MESSAGE][INFO] - User set preference: ['acceptInsecureCerts', 'true']

2023-02-08 18:11:27 - [MESSAGE][INFO] - Action delay is set to 0 milliseconds

2023-02-08 18:11:29 - [MESSAGE][PASSED] - Browser is opened with url: 'https://dev-algorithm.govolution.com/vlinktest/QA/version_2_0/authcap.html'

2023-02-08 18:11:29 - [TEST_STEP][PASSED] - maximizeWindow(): Current window maximized

2023-02-08 18:11:29 - [MESSAGE][PASSED] - Current window maximized

2023-02-08 18:11:29 - [TEST_STEP][PASSED] - maximizeWindow(): Current window maximized

2023-02-08 18:11:29 - [MESSAGE][PASSED] - Current window maximized

2023-02-08 18:11:29 - [TEST_STEP][PASSED] - genRemID = RandomStringUtils.random(12, true, true): null

2023-02-08 18:11:29 - [TEST_STEP][PASSED] - setText(findTestObject("Object Repository/RecAndPlayBk/Page-Vlink-Sale/input_Remittance Id_remittance_id"), genRemID): Text '5euiCLaR41Hz' is set on object 'Object Repository/RecAndPlayBk/Page-Vlink-Sale/input_Remittance Id_remittance_id'

2023-02-08 18:11:30 - [MESSAGE][PASSED] - Text '5euiCLaR41Hz' is set on object 'Object Repository/RecAndPlayBk/Page-Vlink-Sale/input_Remittance Id_remittance_id'

2023-02-08 18:11:30 - [TEST_STEP][PASSED] - setText(findTestObject("Object Repository/RecAndPlayBk/Page-Vlink-Sale/input_Application Id_application_id"), appID): Text '234' is set on object 'Object Repository/RecAndPlayBk/Page-Vlink-Sale/input_Application Id_application_id'

2023-02-08 18:11:31 - [MESSAGE][PASSED] - Text '234' is set on object 'Object Repository/RecAndPlayBk/Page-Vlink-Sale/input_Application Id_application_id'

2023-02-08 18:11:31 - [TEST_STEP][PASSED] - setText(findTestObject("Object Repository/RecAndPlayBk/Page-Vlink-Sale/input_Username_username"), username): Text 'username' is set on object 'Object Repository/RecAndPlayBk/Page-Vlink-Sale/input_Username_username'

2023-02-08 18:11:31 - [MESSAGE][PASSED] - Text 'username' is set on object 'Object Repository/RecAndPlayBk/Page-Vlink-Sale/input_Username_username'

2023-02-08 18:11:31 - [TEST_STEP][PASSED] - setText(findTestObject("Object Repository/RecAndPlayBk/Page-Vlink-Sale/input_Password_password"), password): Text 'password' is set on object 'Object Repository/RecAndPlayBk/Page-Vlink-Sale/input_Password_password'

2023-02-08 18:11:32 - [MESSAGE][PASSED] - Text 'password' is set on object 'Object Repository/RecAndPlayBk/Page-Vlink-Sale/input_Password_password'

2023-02-08 18:11:32 - [TEST_STEP][PASSED] - setText(findTestObject("Object Repository/RecAndPlayBk/Page-Vlink-Sale/input_Category_category"), category): Text 'RETL' is set on object 'Object Repository/RecAndPlayBk/Page-Vlink-Sale/input_Category_category'

2023-02-08 18:11:32 - [MESSAGE][PASSED] - Text 'RETL' is set on object 'Object Repository/RecAndPlayBk/Page-Vlink-Sale/input_Category_category'

2023-02-08 18:11:32 - [TEST_STEP][PASSED] - setText(findTestObject("Object Repository/RecAndPlayBk/Page-Vlink-Sale/input_Amount_amount"), amount): Text '10.5' is set on object 'Object Repository/RecAndPlayBk/Page-Vlink-Sale/input_Amount_amount'

2023-02-08 18:11:33 - [MESSAGE][PASSED] - Text '10.5' is set on object 'Object Repository/RecAndPlayBk/Page-Vlink-Sale/input_Amount_amount'

2023-02-08 18:11:33 - [TEST_STEP][PASSED] - doubleClick(findTestObject("Object Repository/RecAndPlayBk/Page-Vlink-Sale/input_Card number_card_number")): Object: 'Object Repository/RecAndPlayBk/Page-Vlink-Sale/input_Card number_card_number' is double clicked on

2023-02-08 18:11:33 - [MESSAGE][PASSED] - Object: 'Object Repository/RecAndPlayBk/Page-Vlink-Sale/input_Card number_card_number' is double clicked on

2023-02-08 18:11:33 - [TEST_STEP][PASSED] - setText(findTestObject("Object Repository/RecAndPlayBk/Page-Vlink-Sale/input_Card number_card_number"), cardNumber): Text '370000000000002' is set on object 'Object Repository/RecAndPlayBk/Page-Vlink-Sale/input_Card number_card_number'

2023-02-08 18:11:34 - [MESSAGE][PASSED] - Text '370000000000002' is set on object 'Object Repository/RecAndPlayBk/Page-Vlink-Sale/input_Card number_card_number'

2023-02-08 18:11:34 - [TEST_STEP][PASSED] - setText(findTestObject("Object Repository/RecAndPlayBk/Page-Vlink-Sale/input_Card ex month_card_exmo"), exM): Text '12' is set on object 'Object Repository/RecAndPlayBk/Page-Vlink-Sale/input_Card ex month_card_exmo'

2023-02-08 18:11:35 - [MESSAGE][PASSED] - Text '12' is set on object 'Object Repository/RecAndPlayBk/Page-Vlink-Sale/input_Card ex month_card_exmo'

2023-02-08 18:11:35 - [TEST_STEP][PASSED] - setText(findTestObject("Object Repository/RecAndPlayBk/Page-Vlink-Sale/input_Card ex year_card_exyr"), exY): Text '2029' is set on object 'Object Repository/RecAndPlayBk/Page-Vlink-Sale/input_Card ex year_card_exyr'

2023-02-08 18:11:35 - [MESSAGE][PASSED] - Text '2029' is set on object 'Object Repository/RecAndPlayBk/Page-Vlink-Sale/input_Card ex year_card_exyr'

2023-02-08 18:11:35 - [TEST_STEP][PASSED] - click(findTestObject("Object Repository/RecAndPlayBk/Page-Vlink-Sale/input_Track Data_track_data")): Object: 'Object Repository/RecAndPlayBk/Page-Vlink-Sale/input_Track Data_track_data' is clicked on

2023-02-08 18:11:36 - [MESSAGE][PASSED] - Object: 'Object Repository/RecAndPlayBk/Page-Vlink-Sale/input_Track Data_track_data' is clicked on

2023-02-08 18:11:36 - [TEST_STEP][PASSED] - click(findTestObject("Object Repository/RecAndPlayBk/Page-Vlink-Sale/input_CVV state_cvv_state")): Object: 'Object Repository/RecAndPlayBk/Page-Vlink-Sale/input_CVV state_cvv_state' is clicked on

2023-02-08 18:11:36 - [MESSAGE][PASSED] - Object: 'Object Repository/RecAndPlayBk/Page-Vlink-Sale/input_CVV state_cvv_state' is clicked on

2023-02-08 18:11:36 - [TEST_STEP][PASSED] - setText(findTestObject("Object Repository/RecAndPlayBk/Page-Vlink-Sale/input_Track Data_track_data"), ""): Text '' is set on object 'Object Repository/RecAndPlayBk/Page-Vlink-Sale/input_Track Data_track_data'

2023-02-08 18:11:37 - [MESSAGE][PASSED] - Text '' is set on object 'Object Repository/RecAndPlayBk/Page-Vlink-Sale/input_Track Data_track_data'

2023-02-08 18:11:37 - [TEST_STEP][PASSED] - setText(findTestObject("Object Repository/RecAndPlayBk/Page-Vlink-Sale/input_concat(Cardholder, , s email)_email"), ""): Text '' is set on object 'Object Repository/RecAndPlayBk/Page-Vlink-Sale/input_concat(Cardholder, , s email)_email'

2023-02-08 18:11:37 - [MESSAGE][PASSED] - Text '' is set on object 'Object Repository/RecAndPlayBk/Page-Vlink-Sale/input_concat(Cardholder, , s email)_email'

2023-02-08 18:11:37 - [TEST_STEP][PASSED] - click(findTestObject("Object Repository/RecAndPlayBk/Page-Vlink-Sale/input_user_defined10_user_defined10")): Object: 'Object Repository/RecAndPlayBk/Page-Vlink-Sale/input_user_defined10_user_defined10' is clicked on

2023-02-08 18:11:37 - [MESSAGE][PASSED] - Object: 'Object Repository/RecAndPlayBk/Page-Vlink-Sale/input_user_defined10_user_defined10' is clicked on

2023-02-08 18:11:37 - [TEST_STEP][PASSED] - if (executionProfile.equalsIgnoreCase("QAProfile") || executionProfile.equalsIgnoreCase("DemoProfile")): Text '' is set on object 'Object Repository/RecAndPlayBk/Page-Vlink-Sale/input_COF Transaction Initiated by_cof_tran_6cded5'

2023-02-08 18:11:37 - [TEST_STEP][PASSED] - setText(findTestObject("Object Repository/RecAndPlayBk/Page-Vlink-Sale/input_Card on File Indicator_card_on_file_i_157dae"), ""): Text '' is set on object 'Object Repository/RecAndPlayBk/Page-Vlink-Sale/input_Card on File Indicator_card_on_file_i_157dae'

2023-02-08 18:11:38 - [MESSAGE][PASSED] - Text '' is set on object 'Object Repository/RecAndPlayBk/Page-Vlink-Sale/input_Card on File Indicator_card_on_file_i_157dae'

2023-02-08 18:11:38 - [TEST_STEP][PASSED] - setText(findTestObject("Object Repository/RecAndPlayBk/Page-Vlink-Sale/input_Stored Credential Indicator_stored_cr_4ae73c"), ""): Text '' is set on object 'Object Repository/RecAndPlayBk/Page-Vlink-Sale/input_Stored Credential Indicator_stored_cr_4ae73c'

2023-02-08 18:11:39 - [MESSAGE][PASSED] - Text '' is set on object 'Object Repository/RecAndPlayBk/Page-Vlink-Sale/input_Stored Credential Indicator_stored_cr_4ae73c'

2023-02-08 18:11:39 - [TEST_STEP][PASSED] - setText(findTestObject("Object Repository/RecAndPlayBk/Page-Vlink-Sale/input_COF Scheduled indicator_cof_scheduled_8df7d8"), ""): Text '' is set on object 'Object Repository/RecAndPlayBk/Page-Vlink-Sale/input_COF Scheduled indicator_cof_scheduled_8df7d8'

2023-02-08 18:11:39 - [MESSAGE][PASSED] - Text '' is set on object 'Object Repository/RecAndPlayBk/Page-Vlink-Sale/input_COF Scheduled indicator_cof_scheduled_8df7d8'

2023-02-08 18:11:39 - [TEST_STEP][PASSED] - setText(findTestObject("Object Repository/RecAndPlayBk/Page-Vlink-Sale/input_COF Transaction Initiated by_cof_tran_6cded5"), ""): Text '' is set on object 'Object Repository/RecAndPlayBk/Page-Vlink-Sale/input_COF Transaction Initiated by_cof_tran_6cded5'

2023-02-08 18:11:40 - [MESSAGE][PASSED] - Text '' is set on object 'Object Repository/RecAndPlayBk/Page-Vlink-Sale/input_COF Transaction Initiated by_cof_tran_6cded5'

2023-02-08 18:11:40 - [TEST_STEP][PASSED] - click(findTestObject("Object Repository/RecAndPlayBk/Page-Vlink-Sale/input")): Object: 'Object Repository/RecAndPlayBk/Page-Vlink-Sale/input' is clicked on

2023-02-08 18:11:41 - [MESSAGE][PASSED] - Object: 'Object Repository/RecAndPlayBk/Page-Vlink-Sale/input' is clicked on

2023-02-08 18:11:41 - [TEST_STEP][PASSED] - if (verifyTextPresent("Transaction approved, no errors", true)): null

2023-02-08 18:11:41 - [MESSAGE][PASSED] - Text 'Transaction approved, no errors' is present on page  using regular expression

2023-02-08 18:11:41 - [TEST_STEP][PASSED] - println("Transaction Approved, no errors text is present on the Confirmation page"): null

2023-02-08 18:11:41 - [TEST_STEP][PASSED] - sdfo = getText(findTestObject("Object Repository/Page_VLinkReceipt/pre_STX")): Text of object 'Object Repository/Page_VLinkReceipt/pre_STX' is: '<STX>5euiCLaR41Hz                  12125183            0  Transaction approved, no errors                   0                                                                                  Y 915219433<ETX>'

2023-02-08 18:11:41 - [MESSAGE][PASSED] - Text of object 'Object Repository/Page_VLinkReceipt/pre_STX' is: '<STX>5euiCLaR41Hz                  12125183            0  Transaction approved, no errors                   0                                                                                  Y 915219433<ETX>'

2023-02-08 18:11:41 - [TEST_STEP][PASSED] - out.println("sdfo: " + sdfo): null

2023-02-08 18:11:41 - [TEST_STEP][PASSED] - remID = substring(5, 35).trim(): null

2023-02-08 18:11:41 - [TEST_STEP][PASSED] - out.println("remID: " + remID): null

2023-02-08 18:11:41 - [TEST_STEP][PASSED] - traxID = substring(35, 55).trim(): null

2023-02-08 18:11:41 - [TEST_STEP][PASSED] - out.println("traxID: " + traxID): null

2023-02-08 18:11:41 - [TEST_STEP][PASSED] - VLinkSaleRemID = remID: null

2023-02-08 18:11:41 - [TEST_STEP][PASSED] - VLinkSaleTranxID = traxID: null

2023-02-08 18:11:41 - [TEST_STEP][PASSED] - openBrowser(VLinkURL + "CC_void.html"): Browser is opened with url: 'https://dev-algorithm.govolution.com/vlinktest/QA/version_2_0/CC_void.html'

2023-02-08 18:11:41 - [MESSAGE][WARNING] - A browser is already opened. Closing browser and opening a new one

2023-02-08 18:11:42 - [MESSAGE][INFO] - Starting 'Chrome' driver

2023-02-08 18:11:42 - [MESSAGE][INFO] - User set preference: ['acceptInsecureCerts', 'true']

2023-02-08 18:11:42 - [MESSAGE][INFO] - Action delay is set to 0 milliseconds

2023-02-08 18:11:44 - [MESSAGE][PASSED] - Browser is opened with url: 'https://dev-algorithm.govolution.com/vlinktest/QA/version_2_0/CC_void.html'

2023-02-08 18:11:44 - [TEST_STEP][PASSED] - maximizeWindow(): Current window maximized

2023-02-08 18:11:44 - [MESSAGE][PASSED] - Current window maximized

2023-02-08 18:11:44 - [TEST_STEP][PASSED] - setText(findTestObject("Object Repository/RecAndPlayBk/Page-Vlink-CC-Void/txt_RemID"), VLinkSaleRemID): Text '5euiCLaR41Hz' is set on object 'Object Repository/RecAndPlayBk/Page-Vlink-CC-Void/txt_RemID'

2023-02-08 18:11:45 - [MESSAGE][PASSED] - Text '5euiCLaR41Hz' is set on object 'Object Repository/RecAndPlayBk/Page-Vlink-CC-Void/txt_RemID'

2023-02-08 18:11:45 - [TEST_STEP][PASSED] - setText(findTestObject("Object Repository/RecAndPlayBk/Page-Vlink-CC-Void/txt_ApplicationID"), appID): Text '234' is set on object 'Object Repository/RecAndPlayBk/Page-Vlink-CC-Void/txt_ApplicationID'

2023-02-08 18:11:45 - [MESSAGE][PASSED] - Text '234' is set on object 'Object Repository/RecAndPlayBk/Page-Vlink-CC-Void/txt_ApplicationID'

2023-02-08 18:11:45 - [TEST_STEP][PASSED] - setText(findTestObject("Object Repository/RecAndPlayBk/Page-Vlink-CC-Void/txt_Username"), username): Text 'username' is set on object 'Object Repository/RecAndPlayBk/Page-Vlink-CC-Void/txt_Username'

2023-02-08 18:11:46 - [MESSAGE][PASSED] - Text 'username' is set on object 'Object Repository/RecAndPlayBk/Page-Vlink-CC-Void/txt_Username'

2023-02-08 18:11:46 - [TEST_STEP][PASSED] - setText(findTestObject("Object Repository/RecAndPlayBk/Page-Vlink-CC-Void/txt_Password"), password): Text 'password' is set on object 'Object Repository/RecAndPlayBk/Page-Vlink-CC-Void/txt_Password'

2023-02-08 18:11:47 - [MESSAGE][PASSED] - Text 'password' is set on object 'Object Repository/RecAndPlayBk/Page-Vlink-CC-Void/txt_Password'

2023-02-08 18:11:47 - [TEST_STEP][PASSED] - setText(findTestObject("Object Repository/RecAndPlayBk/Page-Vlink-CC-Void/txt_TransactionID"), VLinkSaleTranxID): Text '12125183' is set on object 'Object Repository/RecAndPlayBk/Page-Vlink-CC-Void/txt_TransactionID'

2023-02-08 18:11:47 - [MESSAGE][PASSED] - Text '12125183' is set on object 'Object Repository/RecAndPlayBk/Page-Vlink-CC-Void/txt_TransactionID'

2023-02-08 18:11:47 - [TEST_STEP][PASSED] - setText(findTestObject("Object Repository/RecAndPlayBk/Page-Vlink-CC-Void/txt_OriginalTransactionType"), "104"): Text '104' is set on object 'Object Repository/RecAndPlayBk/Page-Vlink-CC-Void/txt_OriginalTransactionType'

2023-02-08 18:11:48 - [MESSAGE][PASSED] - Text '104' is set on object 'Object Repository/RecAndPlayBk/Page-Vlink-CC-Void/txt_OriginalTransactionType'

2023-02-08 18:11:48 - [TEST_STEP][PASSED] - setText(findTestObject("Object Repository/RecAndPlayBk/Page-Vlink-CC-Void/txt_TrackData"), ""): Text '' is set on object 'Object Repository/RecAndPlayBk/Page-Vlink-CC-Void/txt_TrackData'

2023-02-08 18:11:48 - [MESSAGE][PASSED] - Text '' is set on object 'Object Repository/RecAndPlayBk/Page-Vlink-CC-Void/txt_TrackData'

2023-02-08 18:11:48 - [TEST_STEP][PASSED] - click(findTestObject("Object Repository/RecAndPlayBk/Page-Vlink-CC-Void/btn_ProcessVLinkTransaction")): Object: 'Object Repository/RecAndPlayBk/Page-Vlink-CC-Void/btn_ProcessVLinkTransaction' is clicked on

2023-02-08 18:11:50 - [MESSAGE][PASSED] - Object: 'Object Repository/RecAndPlayBk/Page-Vlink-CC-Void/btn_ProcessVLinkTransaction' is clicked on

2023-02-08 18:11:50 - [TEST_STEP][PASSED] - if (verifyTextPresent("Transaction approved, no errors", true)): null

2023-02-08 18:11:50 - [MESSAGE][PASSED] - Text 'Transaction approved, no errors' is present on page  using regular expression

2023-02-08 18:11:50 - [TEST_STEP][PASSED] - println("Transaction Approved, no errors text is present on the Confirmation page"): null

2023-02-08 18:11:50 - [TEST_STEP][PASSED] - out.println("Pass Record Number: " + row): null

2023-02-08 18:11:50 - [TEST_STEP][PASSED] - resText = "Pass": null

2023-02-08 18:11:50 - [TEST_STEP][PASSED] - pages.WriteExcel.demoKey(resText, datText, resColumn, datCloumn, fileLoc, nameSheet, row): pages.WriteExcel.demoKey is PASSED

2023-02-08 18:11:50 - [MESSAGE][PASSED] - pages.WriteExcel.demoKey is PASSED

2023-02-08 18:11:50 - [TEST_STEP][PASSED] - ExecuteTC = findTestData(dataFile).getValue("Execute", row): null

2023-02-08 18:11:50 - [TEST_STEP][PASSED] - out.println("Value of Execute is : " + ExecuteTC): null

2023-02-08 18:11:50 - [TEST_STEP][PASSED] - switch (executionProfile): null

2023-02-08 18:11:50 - [TEST_STEP][PASSED] - case "QAProfile":: null

2023-02-08 18:11:50 - [TEST_STEP][PASSED] - appID = findTestData(dataFile).getValue("AppIDQA", row): null

2023-02-08 18:11:51 - [TEST_STEP][PASSED] - username = findTestData(dataFile).getValue("UsernameQA", row): null

2023-02-08 18:11:51 - [TEST_STEP][PASSED] - password = findTestData(dataFile).getValue("PasswordQA", row): null

2023-02-08 18:11:51 - [TEST_STEP][PASSED] - break: null

2023-02-08 18:11:51 - [TEST_STEP][PASSED] - if (ExecuteTC.equalsIgnoreCase("Y")): null

2023-02-08 18:11:51 - [TEST_STEP][PASSED] - out.println("Begin Record Number: " + row): null

2023-02-08 18:11:51 - [TEST_STEP][PASSED] - today = new java.util.Date(): null

2023-02-08 18:11:51 - [TEST_STEP][PASSED] - println(today): null

2023-02-08 18:11:51 - [TEST_STEP][PASSED] - datText = today: null

2023-02-08 18:11:51 - [TEST_STEP][PASSED] - category = findTestData(dataFile).getValue("Category", row): null

2023-02-08 18:11:51 - [TEST_STEP][PASSED] - amount = findTestData(dataFile).getValue("Amount", row): null

2023-02-08 18:11:51 - [TEST_STEP][PASSED] - cardNumber = findTestData(dataFile).getValue("CardNumber", row): null

2023-02-08 18:11:51 - [TEST_STEP][PASSED] - exM = findTestData(dataFile).getValue("ExM", row): null

2023-02-08 18:11:51 - [TEST_STEP][PASSED] - exY = findTestData(dataFile).getValue("ExY", row): null

2023-02-08 18:11:51 - [TEST_STEP][PASSED] - openBrowser(VLinkURL + "authcap.html"): Browser is opened with url: 'https://dev-algorithm.govolution.com/vlinktest/QA/version_2_0/authcap.html'

2023-02-08 18:11:51 - [MESSAGE][WARNING] - A browser is already opened. Closing browser and opening a new one

2023-02-08 18:11:52 - [MESSAGE][INFO] - Starting 'Chrome' driver

2023-02-08 18:11:52 - [MESSAGE][INFO] - User set preference: ['acceptInsecureCerts', 'true']

2023-02-08 18:11:52 - [MESSAGE][INFO] - Action delay is set to 0 milliseconds

2023-02-08 18:11:54 - [MESSAGE][PASSED] - Browser is opened with url: 'https://dev-algorithm.govolution.com/vlinktest/QA/version_2_0/authcap.html'

2023-02-08 18:11:54 - [TEST_STEP][PASSED] - maximizeWindow(): Current window maximized

2023-02-08 18:11:54 - [MESSAGE][PASSED] - Current window maximized

2023-02-08 18:11:54 - [TEST_STEP][PASSED] - maximizeWindow(): Current window maximized

2023-02-08 18:11:54 - [MESSAGE][PASSED] - Current window maximized

2023-02-08 18:11:54 - [TEST_STEP][PASSED] - genRemID = RandomStringUtils.random(12, true, true): null

2023-02-08 18:11:54 - [TEST_STEP][PASSED] - setText(findTestObject("Object Repository/RecAndPlayBk/Page-Vlink-Sale/input_Remittance Id_remittance_id"), genRemID): Text 'nnwUWEnNyt3s' is set on object 'Object Repository/RecAndPlayBk/Page-Vlink-Sale/input_Remittance Id_remittance_id'

2023-02-08 18:11:55 - [MESSAGE][PASSED] - Text 'nnwUWEnNyt3s' is set on object 'Object Repository/RecAndPlayBk/Page-Vlink-Sale/input_Remittance Id_remittance_id'

2023-02-08 18:11:55 - [TEST_STEP][PASSED] - setText(findTestObject("Object Repository/RecAndPlayBk/Page-Vlink-Sale/input_Application Id_application_id"), appID): Text '87' is set on object 'Object Repository/RecAndPlayBk/Page-Vlink-Sale/input_Application Id_application_id'

2023-02-08 18:11:56 - [MESSAGE][PASSED] - Text '87' is set on object 'Object Repository/RecAndPlayBk/Page-Vlink-Sale/input_Application Id_application_id'

2023-02-08 18:11:56 - [TEST_STEP][PASSED] - setText(findTestObject("Object Repository/RecAndPlayBk/Page-Vlink-Sale/input_Username_username"), username): Text 'username' is set on object 'Object Repository/RecAndPlayBk/Page-Vlink-Sale/input_Username_username'

2023-02-08 18:11:56 - [MESSAGE][PASSED] - Text 'username' is set on object 'Object Repository/RecAndPlayBk/Page-Vlink-Sale/input_Username_username'

2023-02-08 18:11:56 - [TEST_STEP][PASSED] - setText(findTestObject("Object Repository/RecAndPlayBk/Page-Vlink-Sale/input_Password_password"), password): Text 'password' is set on object 'Object Repository/RecAndPlayBk/Page-Vlink-Sale/input_Password_password'

2023-02-08 18:11:57 - [MESSAGE][PASSED] - Text 'password' is set on object 'Object Repository/RecAndPlayBk/Page-Vlink-Sale/input_Password_password'

2023-02-08 18:11:57 - [TEST_STEP][PASSED] - setText(findTestObject("Object Repository/RecAndPlayBk/Page-Vlink-Sale/input_Category_category"), category): Text 'ECOM' is set on object 'Object Repository/RecAndPlayBk/Page-Vlink-Sale/input_Category_category'

2023-02-08 18:11:57 - [MESSAGE][PASSED] - Text 'ECOM' is set on object 'Object Repository/RecAndPlayBk/Page-Vlink-Sale/input_Category_category'

2023-02-08 18:11:57 - [TEST_STEP][PASSED] - setText(findTestObject("Object Repository/RecAndPlayBk/Page-Vlink-Sale/input_Amount_amount"), amount): Text '10.5' is set on object 'Object Repository/RecAndPlayBk/Page-Vlink-Sale/input_Amount_amount'

2023-02-08 18:11:58 - [MESSAGE][PASSED] - Text '10.5' is set on object 'Object Repository/RecAndPlayBk/Page-Vlink-Sale/input_Amount_amount'

2023-02-08 18:11:58 - [TEST_STEP][PASSED] - doubleClick(findTestObject("Object Repository/RecAndPlayBk/Page-Vlink-Sale/input_Card number_card_number")): Object: 'Object Repository/RecAndPlayBk/Page-Vlink-Sale/input_Card number_card_number' is double clicked on

2023-02-08 18:11:58 - [MESSAGE][PASSED] - Object: 'Object Repository/RecAndPlayBk/Page-Vlink-Sale/input_Card number_card_number' is double clicked on

2023-02-08 18:11:59 - [TEST_STEP][PASSED] - setText(findTestObject("Object Repository/RecAndPlayBk/Page-Vlink-Sale/input_Card number_card_number"), cardNumber): Text '4012000098765439' is set on object 'Object Repository/RecAndPlayBk/Page-Vlink-Sale/input_Card number_card_number'

2023-02-08 18:11:59 - [MESSAGE][PASSED] - Text '4012000098765439' is set on object 'Object Repository/RecAndPlayBk/Page-Vlink-Sale/input_Card number_card_number'

2023-02-08 18:11:59 - [TEST_STEP][PASSED] - setText(findTestObject("Object Repository/RecAndPlayBk/Page-Vlink-Sale/input_Card ex month_card_exmo"), exM): Text '12' is set on object 'Object Repository/RecAndPlayBk/Page-Vlink-Sale/input_Card ex month_card_exmo'

2023-02-08 18:12:00 - [MESSAGE][PASSED] - Text '12' is set on object 'Object Repository/RecAndPlayBk/Page-Vlink-Sale/input_Card ex month_card_exmo'

2023-02-08 18:12:00 - [TEST_STEP][PASSED] - setText(findTestObject("Object Repository/RecAndPlayBk/Page-Vlink-Sale/input_Card ex year_card_exyr"), exY): Text '2029' is set on object 'Object Repository/RecAndPlayBk/Page-Vlink-Sale/input_Card ex year_card_exyr'

2023-02-08 18:12:00 - [MESSAGE][PASSED] - Text '2029' is set on object 'Object Repository/RecAndPlayBk/Page-Vlink-Sale/input_Card ex year_card_exyr'

2023-02-08 18:12:00 - [TEST_STEP][PASSED] - click(findTestObject("Object Repository/RecAndPlayBk/Page-Vlink-Sale/input_Track Data_track_data")): Object: 'Object Repository/RecAndPlayBk/Page-Vlink-Sale/input_Track Data_track_data' is clicked on

2023-02-08 18:12:01 - [MESSAGE][PASSED] - Object: 'Object Repository/RecAndPlayBk/Page-Vlink-Sale/input_Track Data_track_data' is clicked on

2023-02-08 18:12:01 - [TEST_STEP][PASSED] - click(findTestObject("Object Repository/RecAndPlayBk/Page-Vlink-Sale/input_CVV state_cvv_state")): Object: 'Object Repository/RecAndPlayBk/Page-Vlink-Sale/input_CVV state_cvv_state' is clicked on

2023-02-08 18:12:01 - [MESSAGE][PASSED] - Object: 'Object Repository/RecAndPlayBk/Page-Vlink-Sale/input_CVV state_cvv_state' is clicked on

2023-02-08 18:12:01 - [TEST_STEP][PASSED] - setText(findTestObject("Object Repository/RecAndPlayBk/Page-Vlink-Sale/input_Track Data_track_data"), ""): Text '' is set on object 'Object Repository/RecAndPlayBk/Page-Vlink-Sale/input_Track Data_track_data'

2023-02-08 18:12:02 - [MESSAGE][PASSED] - Text '' is set on object 'Object Repository/RecAndPlayBk/Page-Vlink-Sale/input_Track Data_track_data'

2023-02-08 18:12:02 - [TEST_STEP][PASSED] - setText(findTestObject("Object Repository/RecAndPlayBk/Page-Vlink-Sale/input_concat(Cardholder, , s email)_email"), ""): Text '' is set on object 'Object Repository/RecAndPlayBk/Page-Vlink-Sale/input_concat(Cardholder, , s email)_email'

2023-02-08 18:12:02 - [MESSAGE][PASSED] - Text '' is set on object 'Object Repository/RecAndPlayBk/Page-Vlink-Sale/input_concat(Cardholder, , s email)_email'

2023-02-08 18:12:02 - [TEST_STEP][PASSED] - click(findTestObject("Object Repository/RecAndPlayBk/Page-Vlink-Sale/input_user_defined10_user_defined10")): Object: 'Object Repository/RecAndPlayBk/Page-Vlink-Sale/input_user_defined10_user_defined10' is clicked on

2023-02-08 18:12:03 - [MESSAGE][PASSED] - Object: 'Object Repository/RecAndPlayBk/Page-Vlink-Sale/input_user_defined10_user_defined10' is clicked on

2023-02-08 18:12:03 - [TEST_STEP][PASSED] - if (executionProfile.equalsIgnoreCase("QAProfile") || executionProfile.equalsIgnoreCase("DemoProfile")): Text '' is set on object 'Object Repository/RecAndPlayBk/Page-Vlink-Sale/input_COF Transaction Initiated by_cof_tran_6cded5'

2023-02-08 18:12:03 - [TEST_STEP][PASSED] - setText(findTestObject("Object Repository/RecAndPlayBk/Page-Vlink-Sale/input_Card on File Indicator_card_on_file_i_157dae"), ""): Text '' is set on object 'Object Repository/RecAndPlayBk/Page-Vlink-Sale/input_Card on File Indicator_card_on_file_i_157dae'

2023-02-08 18:12:03 - [MESSAGE][PASSED] - Text '' is set on object 'Object Repository/RecAndPlayBk/Page-Vlink-Sale/input_Card on File Indicator_card_on_file_i_157dae'

2023-02-08 18:12:03 - [TEST_STEP][PASSED] - setText(findTestObject("Object Repository/RecAndPlayBk/Page-Vlink-Sale/input_Stored Credential Indicator_stored_cr_4ae73c"), ""): Text '' is set on object 'Object Repository/RecAndPlayBk/Page-Vlink-Sale/input_Stored Credential Indicator_stored_cr_4ae73c'

2023-02-08 18:12:04 - [MESSAGE][PASSED] - Text '' is set on object 'Object Repository/RecAndPlayBk/Page-Vlink-Sale/input_Stored Credential Indicator_stored_cr_4ae73c'

2023-02-08 18:12:04 - [TEST_STEP][PASSED] - setText(findTestObject("Object Repository/RecAndPlayBk/Page-Vlink-Sale/input_COF Scheduled indicator_cof_scheduled_8df7d8"), ""): Text '' is set on object 'Object Repository/RecAndPlayBk/Page-Vlink-Sale/input_COF Scheduled indicator_cof_scheduled_8df7d8'

2023-02-08 18:12:04 - [MESSAGE][PASSED] - Text '' is set on object 'Object Repository/RecAndPlayBk/Page-Vlink-Sale/input_COF Scheduled indicator_cof_scheduled_8df7d8'

2023-02-08 18:12:04 - [TEST_STEP][PASSED] - setText(findTestObject("Object Repository/RecAndPlayBk/Page-Vlink-Sale/input_COF Transaction Initiated by_cof_tran_6cded5"), ""): Text '' is set on object 'Object Repository/RecAndPlayBk/Page-Vlink-Sale/input_COF Transaction Initiated by_cof_tran_6cded5'

2023-02-08 18:12:05 - [MESSAGE][PASSED] - Text '' is set on object 'Object Repository/RecAndPlayBk/Page-Vlink-Sale/input_COF Transaction Initiated by_cof_tran_6cded5'

2023-02-08 18:12:05 - [TEST_STEP][PASSED] - click(findTestObject("Object Repository/RecAndPlayBk/Page-Vlink-Sale/input")): Object: 'Object Repository/RecAndPlayBk/Page-Vlink-Sale/input' is clicked on

2023-02-08 18:12:07 - [MESSAGE][PASSED] - Object: 'Object Repository/RecAndPlayBk/Page-Vlink-Sale/input' is clicked on

2023-02-08 18:12:07 - [TEST_STEP][PASSED] - if (verifyTextPresent("Transaction approved, no errors", true)): null

2023-02-08 18:12:07 - [MESSAGE][PASSED] - Text 'Transaction approved, no errors' is present on page  using regular expression

2023-02-08 18:12:07 - [TEST_STEP][PASSED] - println("Transaction Approved, no errors text is present on the Confirmation page"): null

2023-02-08 18:12:07 - [TEST_STEP][PASSED] - sdfo = getText(findTestObject("Object Repository/Page_VLinkReceipt/pre_STX")): Text of object 'Object Repository/Page_VLinkReceipt/pre_STX' is: '<STX>nnwUWEnNyt3s                  12125185            0  Transaction approved, no errors                   0                                                                                  N TAS730   <ETX>'

2023-02-08 18:12:08 - [MESSAGE][PASSED] - Text of object 'Object Repository/Page_VLinkReceipt/pre_STX' is: '<STX>nnwUWEnNyt3s                  12125185            0  Transaction approved, no errors                   0                                                                                  N TAS730   <ETX>'

2023-02-08 18:12:08 - [TEST_STEP][PASSED] - out.println("sdfo: " + sdfo): null

2023-02-08 18:12:08 - [TEST_STEP][PASSED] - remID = substring(5, 35).trim(): null

2023-02-08 18:12:08 - [TEST_STEP][PASSED] - out.println("remID: " + remID): null

2023-02-08 18:12:08 - [TEST_STEP][PASSED] - traxID = substring(35, 55).trim(): null

2023-02-08 18:12:08 - [TEST_STEP][PASSED] - out.println("traxID: " + traxID): null

2023-02-08 18:12:08 - [TEST_STEP][PASSED] - VLinkSaleRemID = remID: null

2023-02-08 18:12:08 - [TEST_STEP][PASSED] - VLinkSaleTranxID = traxID: null

2023-02-08 18:12:08 - [TEST_STEP][PASSED] - openBrowser(VLinkURL + "CC_void.html"): Browser is opened with url: 'https://dev-algorithm.govolution.com/vlinktest/QA/version_2_0/CC_void.html'

2023-02-08 18:12:08 - [MESSAGE][WARNING] - A browser is already opened. Closing browser and opening a new one

2023-02-08 18:12:11 - [MESSAGE][INFO] - Starting 'Chrome' driver

2023-02-08 18:12:11 - [MESSAGE][INFO] - User set preference: ['acceptInsecureCerts', 'true']

2023-02-08 18:12:11 - [MESSAGE][INFO] - Action delay is set to 0 milliseconds

2023-02-08 18:12:13 - [MESSAGE][PASSED] - Browser is opened with url: 'https://dev-algorithm.govolution.com/vlinktest/QA/version_2_0/CC_void.html'

2023-02-08 18:12:13 - [TEST_STEP][PASSED] - maximizeWindow(): Current window maximized

2023-02-08 18:12:13 - [MESSAGE][PASSED] - Current window maximized

2023-02-08 18:12:13 - [TEST_STEP][PASSED] - setText(findTestObject("Object Repository/RecAndPlayBk/Page-Vlink-CC-Void/txt_RemID"), VLinkSaleRemID): Text 'nnwUWEnNyt3s' is set on object 'Object Repository/RecAndPlayBk/Page-Vlink-CC-Void/txt_RemID'

2023-02-08 18:12:14 - [MESSAGE][PASSED] - Text 'nnwUWEnNyt3s' is set on object 'Object Repository/RecAndPlayBk/Page-Vlink-CC-Void/txt_RemID'

2023-02-08 18:12:14 - [TEST_STEP][PASSED] - setText(findTestObject("Object Repository/RecAndPlayBk/Page-Vlink-CC-Void/txt_ApplicationID"), appID): Text '87' is set on object 'Object Repository/RecAndPlayBk/Page-Vlink-CC-Void/txt_ApplicationID'

2023-02-08 18:12:14 - [MESSAGE][PASSED] - Text '87' is set on object 'Object Repository/RecAndPlayBk/Page-Vlink-CC-Void/txt_ApplicationID'

2023-02-08 18:12:14 - [TEST_STEP][PASSED] - setText(findTestObject("Object Repository/RecAndPlayBk/Page-Vlink-CC-Void/txt_Username"), username): Text 'username' is set on object 'Object Repository/RecAndPlayBk/Page-Vlink-CC-Void/txt_Username'

2023-02-08 18:12:15 - [MESSAGE][PASSED] - Text 'username' is set on object 'Object Repository/RecAndPlayBk/Page-Vlink-CC-Void/txt_Username'

2023-02-08 18:12:15 - [TEST_STEP][PASSED] - setText(findTestObject("Object Repository/RecAndPlayBk/Page-Vlink-CC-Void/txt_Password"), password): Text 'password' is set on object 'Object Repository/RecAndPlayBk/Page-Vlink-CC-Void/txt_Password'

2023-02-08 18:12:16 - [MESSAGE][PASSED] - Text 'password' is set on object 'Object Repository/RecAndPlayBk/Page-Vlink-CC-Void/txt_Password'

2023-02-08 18:12:16 - [TEST_STEP][PASSED] - setText(findTestObject("Object Repository/RecAndPlayBk/Page-Vlink-CC-Void/txt_TransactionID"), VLinkSaleTranxID): Text '12125185' is set on object 'Object Repository/RecAndPlayBk/Page-Vlink-CC-Void/txt_TransactionID'

2023-02-08 18:12:16 - [MESSAGE][PASSED] - Text '12125185' is set on object 'Object Repository/RecAndPlayBk/Page-Vlink-CC-Void/txt_TransactionID'

2023-02-08 18:12:16 - [TEST_STEP][PASSED] - setText(findTestObject("Object Repository/RecAndPlayBk/Page-Vlink-CC-Void/txt_OriginalTransactionType"), "104"): Text '104' is set on object 'Object Repository/RecAndPlayBk/Page-Vlink-CC-Void/txt_OriginalTransactionType'

2023-02-08 18:12:17 - [MESSAGE][PASSED] - Text '104' is set on object 'Object Repository/RecAndPlayBk/Page-Vlink-CC-Void/txt_OriginalTransactionType'

2023-02-08 18:12:17 - [TEST_STEP][PASSED] - setText(findTestObject("Object Repository/RecAndPlayBk/Page-Vlink-CC-Void/txt_TrackData"), ""): Text '' is set on object 'Object Repository/RecAndPlayBk/Page-Vlink-CC-Void/txt_TrackData'

2023-02-08 18:12:17 - [MESSAGE][PASSED] - Text '' is set on object 'Object Repository/RecAndPlayBk/Page-Vlink-CC-Void/txt_TrackData'

2023-02-08 18:12:17 - [TEST_STEP][PASSED] - click(findTestObject("Object Repository/RecAndPlayBk/Page-Vlink-CC-Void/btn_ProcessVLinkTransaction")): Object: 'Object Repository/RecAndPlayBk/Page-Vlink-CC-Void/btn_ProcessVLinkTransaction' is clicked on

2023-02-08 18:12:20 - [MESSAGE][PASSED] - Object: 'Object Repository/RecAndPlayBk/Page-Vlink-CC-Void/btn_ProcessVLinkTransaction' is clicked on

2023-02-08 18:12:20 - [TEST_STEP][PASSED] - if (verifyTextPresent("Transaction approved, no errors", true)): null

2023-02-08 18:12:20 - [MESSAGE][PASSED] - Text 'Transaction approved, no errors' is present on page  using regular expression

2023-02-08 18:12:20 - [TEST_STEP][PASSED] - println("Transaction Approved, no errors text is present on the Confirmation page"): null

2023-02-08 18:12:20 - [TEST_STEP][PASSED] - out.println("Pass Record Number: " + row): null

2023-02-08 18:12:20 - [TEST_STEP][PASSED] - resText = "Pass": null

2023-02-08 18:12:20 - [TEST_STEP][PASSED] - pages.WriteExcel.demoKey(resText, datText, resColumn, datCloumn, fileLoc, nameSheet, row): pages.WriteExcel.demoKey is PASSED

2023-02-08 18:12:20 - [MESSAGE][PASSED] - pages.WriteExcel.demoKey is PASSED

2023-02-08 18:12:20 - [TEST_STEP][PASSED] - ExecuteTC = findTestData(dataFile).getValue("Execute", row): null

2023-02-08 18:12:20 - [TEST_STEP][PASSED] - out.println("Value of Execute is : " + ExecuteTC): null

2023-02-08 18:12:20 - [TEST_STEP][PASSED] - switch (executionProfile): null

2023-02-08 18:12:20 - [TEST_STEP][PASSED] - case "QAProfile":: null

2023-02-08 18:12:20 - [TEST_STEP][PASSED] - appID = findTestData(dataFile).getValue("AppIDQA", row): null

2023-02-08 18:12:20 - [TEST_STEP][PASSED] - username = findTestData(dataFile).getValue("UsernameQA", row): null

2023-02-08 18:12:20 - [TEST_STEP][PASSED] - password = findTestData(dataFile).getValue("PasswordQA", row): null

2023-02-08 18:12:21 - [TEST_STEP][PASSED] - break: null

2023-02-08 18:12:21 - [TEST_STEP][PASSED] - if (ExecuteTC.equalsIgnoreCase("Y")): null

2023-02-08 18:12:21 - [TEST_STEP][PASSED] - out.println("Begin Record Number: " + row): null

2023-02-08 18:12:21 - [TEST_STEP][PASSED] - today = new java.util.Date(): null

2023-02-08 18:12:21 - [TEST_STEP][PASSED] - println(today): null

2023-02-08 18:12:21 - [TEST_STEP][PASSED] - datText = today: null

2023-02-08 18:12:21 - [TEST_STEP][PASSED] - category = findTestData(dataFile).getValue("Category", row): null

2023-02-08 18:12:21 - [TEST_STEP][PASSED] - amount = findTestData(dataFile).getValue("Amount", row): null

2023-02-08 18:12:21 - [TEST_STEP][PASSED] - cardNumber = findTestData(dataFile).getValue("CardNumber", row): null

2023-02-08 18:12:21 - [TEST_STEP][PASSED] - exM = findTestData(dataFile).getValue("ExM", row): null

2023-02-08 18:12:21 - [TEST_STEP][PASSED] - exY = findTestData(dataFile).getValue("ExY", row): null

2023-02-08 18:12:21 - [TEST_STEP][PASSED] - openBrowser(VLinkURL + "authcap.html"): Browser is opened with url: 'https://dev-algorithm.govolution.com/vlinktest/QA/version_2_0/authcap.html'

2023-02-08 18:12:21 - [MESSAGE][WARNING] - A browser is already opened. Closing browser and opening a new one

2023-02-08 18:12:22 - [MESSAGE][INFO] - Starting 'Chrome' driver

2023-02-08 18:12:22 - [MESSAGE][INFO] - User set preference: ['acceptInsecureCerts', 'true']

2023-02-08 18:12:22 - [MESSAGE][INFO] - Action delay is set to 0 milliseconds

2023-02-08 18:12:24 - [MESSAGE][PASSED] - Browser is opened with url: 'https://dev-algorithm.govolution.com/vlinktest/QA/version_2_0/authcap.html'

2023-02-08 18:12:24 - [TEST_STEP][PASSED] - maximizeWindow(): Current window maximized

2023-02-08 18:12:24 - [MESSAGE][PASSED] - Current window maximized

2023-02-08 18:12:24 - [TEST_STEP][PASSED] - maximizeWindow(): Current window maximized

2023-02-08 18:12:24 - [MESSAGE][PASSED] - Current window maximized

2023-02-08 18:12:24 - [TEST_STEP][PASSED] - genRemID = RandomStringUtils.random(12, true, true): null

2023-02-08 18:12:24 - [TEST_STEP][PASSED] - setText(findTestObject("Object Repository/RecAndPlayBk/Page-Vlink-Sale/input_Remittance Id_remittance_id"), genRemID): Text 'osCn7RUaim9D' is set on object 'Object Repository/RecAndPlayBk/Page-Vlink-Sale/input_Remittance Id_remittance_id'

2023-02-08 18:12:25 - [MESSAGE][PASSED] - Text 'osCn7RUaim9D' is set on object 'Object Repository/RecAndPlayBk/Page-Vlink-Sale/input_Remittance Id_remittance_id'

2023-02-08 18:12:25 - [TEST_STEP][PASSED] - setText(findTestObject("Object Repository/RecAndPlayBk/Page-Vlink-Sale/input_Application Id_application_id"), appID): Text '581' is set on object 'Object Repository/RecAndPlayBk/Page-Vlink-Sale/input_Application Id_application_id'

2023-02-08 18:12:25 - [MESSAGE][PASSED] - Text '581' is set on object 'Object Repository/RecAndPlayBk/Page-Vlink-Sale/input_Application Id_application_id'

2023-02-08 18:12:25 - [TEST_STEP][PASSED] - setText(findTestObject("Object Repository/RecAndPlayBk/Page-Vlink-Sale/input_Username_username"), username): Text 'usr581' is set on object 'Object Repository/RecAndPlayBk/Page-Vlink-Sale/input_Username_username'

2023-02-08 18:12:26 - [MESSAGE][PASSED] - Text 'usr581' is set on object 'Object Repository/RecAndPlayBk/Page-Vlink-Sale/input_Username_username'

2023-02-08 18:12:26 - [TEST_STEP][PASSED] - setText(findTestObject("Object Repository/RecAndPlayBk/Page-Vlink-Sale/input_Password_password"), password): Text 'pwd581' is set on object 'Object Repository/RecAndPlayBk/Page-Vlink-Sale/input_Password_password'

2023-02-08 18:12:27 - [MESSAGE][PASSED] - Text 'pwd581' is set on object 'Object Repository/RecAndPlayBk/Page-Vlink-Sale/input_Password_password'

2023-02-08 18:12:27 - [TEST_STEP][PASSED] - setText(findTestObject("Object Repository/RecAndPlayBk/Page-Vlink-Sale/input_Category_category"), category): Text 'ECOM' is set on object 'Object Repository/RecAndPlayBk/Page-Vlink-Sale/input_Category_category'

2023-02-08 18:12:27 - [MESSAGE][PASSED] - Text 'ECOM' is set on object 'Object Repository/RecAndPlayBk/Page-Vlink-Sale/input_Category_category'

2023-02-08 18:12:27 - [TEST_STEP][PASSED] - setText(findTestObject("Object Repository/RecAndPlayBk/Page-Vlink-Sale/input_Amount_amount"), amount): Text '10.5' is set on object 'Object Repository/RecAndPlayBk/Page-Vlink-Sale/input_Amount_amount'

2023-02-08 18:12:28 - [MESSAGE][PASSED] - Text '10.5' is set on object 'Object Repository/RecAndPlayBk/Page-Vlink-Sale/input_Amount_amount'

2023-02-08 18:12:28 - [TEST_STEP][PASSED] - doubleClick(findTestObject("Object Repository/RecAndPlayBk/Page-Vlink-Sale/input_Card number_card_number")): Object: 'Object Repository/RecAndPlayBk/Page-Vlink-Sale/input_Card number_card_number' is double clicked on

2023-02-08 18:12:28 - [MESSAGE][PASSED] - Object: 'Object Repository/RecAndPlayBk/Page-Vlink-Sale/input_Card number_card_number' is double clicked on

2023-02-08 18:12:28 - [TEST_STEP][PASSED] - setText(findTestObject("Object Repository/RecAndPlayBk/Page-Vlink-Sale/input_Card number_card_number"), cardNumber): Text '5146312200000035' is set on object 'Object Repository/RecAndPlayBk/Page-Vlink-Sale/input_Card number_card_number'

2023-02-08 18:12:29 - [MESSAGE][PASSED] - Text '5146312200000035' is set on object 'Object Repository/RecAndPlayBk/Page-Vlink-Sale/input_Card number_card_number'

2023-02-08 18:12:29 - [TEST_STEP][PASSED] - setText(findTestObject("Object Repository/RecAndPlayBk/Page-Vlink-Sale/input_Card ex month_card_exmo"), exM): Text '12' is set on object 'Object Repository/RecAndPlayBk/Page-Vlink-Sale/input_Card ex month_card_exmo'

2023-02-08 18:12:29 - [MESSAGE][PASSED] - Text '12' is set on object 'Object Repository/RecAndPlayBk/Page-Vlink-Sale/input_Card ex month_card_exmo'

2023-02-08 18:12:29 - [TEST_STEP][PASSED] - setText(findTestObject("Object Repository/RecAndPlayBk/Page-Vlink-Sale/input_Card ex year_card_exyr"), exY): Text '2029' is set on object 'Object Repository/RecAndPlayBk/Page-Vlink-Sale/input_Card ex year_card_exyr'

2023-02-08 18:12:30 - [MESSAGE][PASSED] - Text '2029' is set on object 'Object Repository/RecAndPlayBk/Page-Vlink-Sale/input_Card ex year_card_exyr'

2023-02-08 18:12:30 - [TEST_STEP][PASSED] - click(findTestObject("Object Repository/RecAndPlayBk/Page-Vlink-Sale/input_Track Data_track_data")): Object: 'Object Repository/RecAndPlayBk/Page-Vlink-Sale/input_Track Data_track_data' is clicked on

2023-02-08 18:12:30 - [MESSAGE][PASSED] - Object: 'Object Repository/RecAndPlayBk/Page-Vlink-Sale/input_Track Data_track_data' is clicked on

2023-02-08 18:12:30 - [TEST_STEP][PASSED] - click(findTestObject("Object Repository/RecAndPlayBk/Page-Vlink-Sale/input_CVV state_cvv_state")): Object: 'Object Repository/RecAndPlayBk/Page-Vlink-Sale/input_CVV state_cvv_state' is clicked on

2023-02-08 18:12:31 - [MESSAGE][PASSED] - Object: 'Object Repository/RecAndPlayBk/Page-Vlink-Sale/input_CVV state_cvv_state' is clicked on

2023-02-08 18:12:31 - [TEST_STEP][PASSED] - setText(findTestObject("Object Repository/RecAndPlayBk/Page-Vlink-Sale/input_Track Data_track_data"), ""): Text '' is set on object 'Object Repository/RecAndPlayBk/Page-Vlink-Sale/input_Track Data_track_data'

2023-02-08 18:12:31 - [MESSAGE][PASSED] - Text '' is set on object 'Object Repository/RecAndPlayBk/Page-Vlink-Sale/input_Track Data_track_data'

2023-02-08 18:12:31 - [TEST_STEP][PASSED] - setText(findTestObject("Object Repository/RecAndPlayBk/Page-Vlink-Sale/input_concat(Cardholder, , s email)_email"), ""): Text '' is set on object 'Object Repository/RecAndPlayBk/Page-Vlink-Sale/input_concat(Cardholder, , s email)_email'

2023-02-08 18:12:32 - [MESSAGE][PASSED] - Text '' is set on object 'Object Repository/RecAndPlayBk/Page-Vlink-Sale/input_concat(Cardholder, , s email)_email'

2023-02-08 18:12:32 - [TEST_STEP][PASSED] - click(findTestObject("Object Repository/RecAndPlayBk/Page-Vlink-Sale/input_user_defined10_user_defined10")): Object: 'Object Repository/RecAndPlayBk/Page-Vlink-Sale/input_user_defined10_user_defined10' is clicked on

2023-02-08 18:12:32 - [MESSAGE][PASSED] - Object: 'Object Repository/RecAndPlayBk/Page-Vlink-Sale/input_user_defined10_user_defined10' is clicked on

2023-02-08 18:12:32 - [TEST_STEP][PASSED] - if (executionProfile.equalsIgnoreCase("QAProfile") || executionProfile.equalsIgnoreCase("DemoProfile")): Text '' is set on object 'Object Repository/RecAndPlayBk/Page-Vlink-Sale/input_COF Transaction Initiated by_cof_tran_6cded5'

2023-02-08 18:12:32 - [TEST_STEP][PASSED] - setText(findTestObject("Object Repository/RecAndPlayBk/Page-Vlink-Sale/input_Card on File Indicator_card_on_file_i_157dae"), ""): Text '' is set on object 'Object Repository/RecAndPlayBk/Page-Vlink-Sale/input_Card on File Indicator_card_on_file_i_157dae'

2023-02-08 18:12:33 - [MESSAGE][PASSED] - Text '' is set on object 'Object Repository/RecAndPlayBk/Page-Vlink-Sale/input_Card on File Indicator_card_on_file_i_157dae'

2023-02-08 18:12:33 - [TEST_STEP][PASSED] - setText(findTestObject("Object Repository/RecAndPlayBk/Page-Vlink-Sale/input_Stored Credential Indicator_stored_cr_4ae73c"), ""): Text '' is set on object 'Object Repository/RecAndPlayBk/Page-Vlink-Sale/input_Stored Credential Indicator_stored_cr_4ae73c'

2023-02-08 18:12:33 - [MESSAGE][PASSED] - Text '' is set on object 'Object Repository/RecAndPlayBk/Page-Vlink-Sale/input_Stored Credential Indicator_stored_cr_4ae73c'

2023-02-08 18:12:33 - [TEST_STEP][PASSED] - setText(findTestObject("Object Repository/RecAndPlayBk/Page-Vlink-Sale/input_COF Scheduled indicator_cof_scheduled_8df7d8"), ""): Text '' is set on object 'Object Repository/RecAndPlayBk/Page-Vlink-Sale/input_COF Scheduled indicator_cof_scheduled_8df7d8'

2023-02-08 18:12:34 - [MESSAGE][PASSED] - Text '' is set on object 'Object Repository/RecAndPlayBk/Page-Vlink-Sale/input_COF Scheduled indicator_cof_scheduled_8df7d8'

2023-02-08 18:12:34 - [TEST_STEP][PASSED] - setText(findTestObject("Object Repository/RecAndPlayBk/Page-Vlink-Sale/input_COF Transaction Initiated by_cof_tran_6cded5"), ""): Text '' is set on object 'Object Repository/RecAndPlayBk/Page-Vlink-Sale/input_COF Transaction Initiated by_cof_tran_6cded5'

2023-02-08 18:12:35 - [MESSAGE][PASSED] - Text '' is set on object 'Object Repository/RecAndPlayBk/Page-Vlink-Sale/input_COF Transaction Initiated by_cof_tran_6cded5'

2023-02-08 18:12:35 - [TEST_STEP][PASSED] - click(findTestObject("Object Repository/RecAndPlayBk/Page-Vlink-Sale/input")): Object: 'Object Repository/RecAndPlayBk/Page-Vlink-Sale/input' is clicked on

2023-02-08 18:12:36 - [MESSAGE][PASSED] - Object: 'Object Repository/RecAndPlayBk/Page-Vlink-Sale/input' is clicked on

2023-02-08 18:12:36 - [TEST_STEP][PASSED] - if (verifyTextPresent("Transaction approved, no errors", true)): null

2023-02-08 18:12:36 - [MESSAGE][PASSED] - Text 'Transaction approved, no errors' is present on page  using regular expression

2023-02-08 18:12:36 - [TEST_STEP][PASSED] - println("Transaction Approved, no errors text is present on the Confirmation page"): null

2023-02-08 18:12:36 - [TEST_STEP][PASSED] - sdfo = getText(findTestObject("Object Repository/Page_VLinkReceipt/pre_STX")): Text of object 'Object Repository/Page_VLinkReceipt/pre_STX' is: '<STX>osCn7RUaim9D                  12125187            0  Transaction approved, no errors                   0                                                                                  Y 000019   <ETX>'

2023-02-08 18:12:36 - [MESSAGE][PASSED] - Text of object 'Object Repository/Page_VLinkReceipt/pre_STX' is: '<STX>osCn7RUaim9D                  12125187            0  Transaction approved, no errors                   0                                                                                  Y 000019   <ETX>'

2023-02-08 18:12:36 - [TEST_STEP][PASSED] - out.println("sdfo: " + sdfo): null

2023-02-08 18:12:36 - [TEST_STEP][PASSED] - remID = substring(5, 35).trim(): null

2023-02-08 18:12:36 - [TEST_STEP][PASSED] - out.println("remID: " + remID): null

2023-02-08 18:12:36 - [TEST_STEP][PASSED] - traxID = substring(35, 55).trim(): null

2023-02-08 18:12:36 - [TEST_STEP][PASSED] - out.println("traxID: " + traxID): null

2023-02-08 18:12:36 - [TEST_STEP][PASSED] - VLinkSaleRemID = remID: null

2023-02-08 18:12:36 - [TEST_STEP][PASSED] - VLinkSaleTranxID = traxID: null

2023-02-08 18:12:36 - [TEST_STEP][PASSED] - openBrowser(VLinkURL + "CC_void.html"): Browser is opened with url: 'https://dev-algorithm.govolution.com/vlinktest/QA/version_2_0/CC_void.html'

2023-02-08 18:12:36 - [MESSAGE][WARNING] - A browser is already opened. Closing browser and opening a new one

2023-02-08 18:12:37 - [MESSAGE][INFO] - Starting 'Chrome' driver

2023-02-08 18:12:37 - [MESSAGE][INFO] - User set preference: ['acceptInsecureCerts', 'true']

2023-02-08 18:12:37 - [MESSAGE][INFO] - Action delay is set to 0 milliseconds

2023-02-08 18:12:39 - [MESSAGE][PASSED] - Browser is opened with url: 'https://dev-algorithm.govolution.com/vlinktest/QA/version_2_0/CC_void.html'

2023-02-08 18:12:39 - [TEST_STEP][PASSED] - maximizeWindow(): Current window maximized

2023-02-08 18:12:39 - [MESSAGE][PASSED] - Current window maximized

2023-02-08 18:12:39 - [TEST_STEP][PASSED] - setText(findTestObject("Object Repository/RecAndPlayBk/Page-Vlink-CC-Void/txt_RemID"), VLinkSaleRemID): Text 'osCn7RUaim9D' is set on object 'Object Repository/RecAndPlayBk/Page-Vlink-CC-Void/txt_RemID'

2023-02-08 18:12:40 - [MESSAGE][PASSED] - Text 'osCn7RUaim9D' is set on object 'Object Repository/RecAndPlayBk/Page-Vlink-CC-Void/txt_RemID'

2023-02-08 18:12:40 - [TEST_STEP][PASSED] - setText(findTestObject("Object Repository/RecAndPlayBk/Page-Vlink-CC-Void/txt_ApplicationID"), appID): Text '581' is set on object 'Object Repository/RecAndPlayBk/Page-Vlink-CC-Void/txt_ApplicationID'

2023-02-08 18:12:41 - [MESSAGE][PASSED] - Text '581' is set on object 'Object Repository/RecAndPlayBk/Page-Vlink-CC-Void/txt_ApplicationID'

2023-02-08 18:12:41 - [TEST_STEP][PASSED] - setText(findTestObject("Object Repository/RecAndPlayBk/Page-Vlink-CC-Void/txt_Username"), username): Text 'usr581' is set on object 'Object Repository/RecAndPlayBk/Page-Vlink-CC-Void/txt_Username'

2023-02-08 18:12:41 - [MESSAGE][PASSED] - Text 'usr581' is set on object 'Object Repository/RecAndPlayBk/Page-Vlink-CC-Void/txt_Username'

2023-02-08 18:12:41 - [TEST_STEP][PASSED] - setText(findTestObject("Object Repository/RecAndPlayBk/Page-Vlink-CC-Void/txt_Password"), password): Text 'pwd581' is set on object 'Object Repository/RecAndPlayBk/Page-Vlink-CC-Void/txt_Password'

2023-02-08 18:12:42 - [MESSAGE][PASSED] - Text 'pwd581' is set on object 'Object Repository/RecAndPlayBk/Page-Vlink-CC-Void/txt_Password'

2023-02-08 18:12:42 - [TEST_STEP][PASSED] - setText(findTestObject("Object Repository/RecAndPlayBk/Page-Vlink-CC-Void/txt_TransactionID"), VLinkSaleTranxID): Text '12125187' is set on object 'Object Repository/RecAndPlayBk/Page-Vlink-CC-Void/txt_TransactionID'

2023-02-08 18:12:42 - [MESSAGE][PASSED] - Text '12125187' is set on object 'Object Repository/RecAndPlayBk/Page-Vlink-CC-Void/txt_TransactionID'

2023-02-08 18:12:42 - [TEST_STEP][PASSED] - setText(findTestObject("Object Repository/RecAndPlayBk/Page-Vlink-CC-Void/txt_OriginalTransactionType"), "104"): Text '104' is set on object 'Object Repository/RecAndPlayBk/Page-Vlink-CC-Void/txt_OriginalTransactionType'

2023-02-08 18:12:43 - [MESSAGE][PASSED] - Text '104' is set on object 'Object Repository/RecAndPlayBk/Page-Vlink-CC-Void/txt_OriginalTransactionType'

2023-02-08 18:12:43 - [TEST_STEP][PASSED] - setText(findTestObject("Object Repository/RecAndPlayBk/Page-Vlink-CC-Void/txt_TrackData"), ""): Text '' is set on object 'Object Repository/RecAndPlayBk/Page-Vlink-CC-Void/txt_TrackData'

2023-02-08 18:12:44 - [MESSAGE][PASSED] - Text '' is set on object 'Object Repository/RecAndPlayBk/Page-Vlink-CC-Void/txt_TrackData'

2023-02-08 18:12:44 - [TEST_STEP][PASSED] - click(findTestObject("Object Repository/RecAndPlayBk/Page-Vlink-CC-Void/btn_ProcessVLinkTransaction")): Object: 'Object Repository/RecAndPlayBk/Page-Vlink-CC-Void/btn_ProcessVLinkTransaction' is clicked on

2023-02-08 18:12:45 - [MESSAGE][PASSED] - Object: 'Object Repository/RecAndPlayBk/Page-Vlink-CC-Void/btn_ProcessVLinkTransaction' is clicked on

2023-02-08 18:12:45 - [TEST_STEP][PASSED] - if (verifyTextPresent("Transaction approved, no errors", true)): null

2023-02-08 18:12:46 - [MESSAGE][PASSED] - Text 'Transaction approved, no errors' is present on page  using regular expression

2023-02-08 18:12:46 - [TEST_STEP][PASSED] - println("Transaction Approved, no errors text is present on the Confirmation page"): null

2023-02-08 18:12:46 - [TEST_STEP][PASSED] - out.println("Pass Record Number: " + row): null

2023-02-08 18:12:46 - [TEST_STEP][PASSED] - resText = "Pass": null

2023-02-08 18:12:46 - [TEST_STEP][PASSED] - pages.WriteExcel.demoKey(resText, datText, resColumn, datCloumn, fileLoc, nameSheet, row): pages.WriteExcel.demoKey is PASSED

2023-02-08 18:12:46 - [MESSAGE][PASSED] - pages.WriteExcel.demoKey is PASSED]]></system-out>
         <system-err><![CDATA[]]></system-err>
      </testcase>
      <testcase name="Test Cases/RecAndPlayBk/VLink/Sale-Credit" time="138.683" classname="Test Cases/RecAndPlayBk/VLink/Sale-Credit" status="PASSED">
         <system-out><![CDATA[2023-02-08 18:12:46 - [TEST_CASE][PASSED] - Test Cases/RecAndPlayBk/VLink/Sale-Credit: Test Cases/RecAndPlayBk/VLink/Sale-Credit

2023-02-08 18:12:46 - [TEST_STEP][PASSED] - executionProfile = getExecutionProfile(): null

2023-02-08 18:12:46 - [TEST_STEP][PASSED] - out.println("executionProfile : " + executionProfile): null

2023-02-08 18:12:46 - [TEST_STEP][PASSED] - appName = <not implemented yet for class: org.codehaus.groovy.ast.expr.EmptyExpression>: null

2023-02-08 18:12:46 - [TEST_STEP][PASSED] - appID = <not implemented yet for class: org.codehaus.groovy.ast.expr.EmptyExpression>: null

2023-02-08 18:12:46 - [TEST_STEP][PASSED] - username = <not implemented yet for class: org.codehaus.groovy.ast.expr.EmptyExpression>: null

2023-02-08 18:12:46 - [TEST_STEP][PASSED] - password = <not implemented yet for class: org.codehaus.groovy.ast.expr.EmptyExpression>: null

2023-02-08 18:12:46 - [TEST_STEP][PASSED] - cardNameV = <not implemented yet for class: org.codehaus.groovy.ast.expr.EmptyExpression>: null

2023-02-08 18:12:46 - [TEST_STEP][PASSED] - al1V = <not implemented yet for class: org.codehaus.groovy.ast.expr.EmptyExpression>: null

2023-02-08 18:12:46 - [TEST_STEP][PASSED] - al2V = <not implemented yet for class: org.codehaus.groovy.ast.expr.EmptyExpression>: null

2023-02-08 18:12:46 - [TEST_STEP][PASSED] - zipV = <not implemented yet for class: org.codehaus.groovy.ast.expr.EmptyExpression>: null

2023-02-08 18:12:46 - [TEST_STEP][PASSED] - cardTypeV = <not implemented yet for class: org.codehaus.groovy.ast.expr.EmptyExpression>: null

2023-02-08 18:12:46 - [TEST_STEP][PASSED] - last4V = <not implemented yet for class: org.codehaus.groovy.ast.expr.EmptyExpression>: null

2023-02-08 18:12:46 - [TEST_STEP][PASSED] - resText = "Fail": null

2023-02-08 18:12:46 - [TEST_STEP][PASSED] - resColumn = "Result": null

2023-02-08 18:12:46 - [TEST_STEP][PASSED] - datCloumn = "Date": null

2023-02-08 18:12:46 - [TEST_STEP][PASSED] - fileLoc = "KatalonData/VLinkSmokeData.xlsx": null

2023-02-08 18:12:46 - [TEST_STEP][PASSED] - numOfRows = <not implemented yet for class: org.codehaus.groovy.ast.expr.EmptyExpression>: null

2023-02-08 18:12:46 - [TEST_STEP][PASSED] - dataFile = <not implemented yet for class: org.codehaus.groovy.ast.expr.EmptyExpression>: null

2023-02-08 18:12:46 - [TEST_STEP][PASSED] - nameSheet = <not implemented yet for class: org.codehaus.groovy.ast.expr.EmptyExpression>: null

2023-02-08 18:12:46 - [TEST_STEP][PASSED] - nameSheet = "Sale-Credit": null

2023-02-08 18:12:46 - [TEST_STEP][PASSED] - numOfRows = findTestData("QA/VLinkTestData/VLinkSaleCreditData").getRowNumbers(): null

2023-02-08 18:12:47 - [TEST_STEP][PASSED] - println("Number of Records: " + numOfRows): null

2023-02-08 18:12:47 - [TEST_STEP][PASSED] - dataFile = "QA/VLinkTestData/VLinkSaleCreditData": null

2023-02-08 18:12:47 - [TEST_STEP][PASSED] - for ([row = 1, row <= numOfRows, (row++)]): null

2023-02-08 18:12:47 - [TEST_STEP][PASSED] - ExecuteTC = findTestData(dataFile).getValue("Execute", row): null

2023-02-08 18:12:47 - [TEST_STEP][PASSED] - out.println("Value of Execute is : " + ExecuteTC): null

2023-02-08 18:12:47 - [TEST_STEP][PASSED] - switch (executionProfile): null

2023-02-08 18:12:47 - [TEST_STEP][PASSED] - case "QAProfile":: null

2023-02-08 18:12:47 - [TEST_STEP][PASSED] - appID = findTestData(dataFile).getValue("AppIDQA", row): null

2023-02-08 18:12:47 - [TEST_STEP][PASSED] - username = findTestData(dataFile).getValue("UsernameQA", row): null

2023-02-08 18:12:47 - [TEST_STEP][PASSED] - password = findTestData(dataFile).getValue("PasswordQA", row): null

2023-02-08 18:12:47 - [TEST_STEP][PASSED] - break: null

2023-02-08 18:12:47 - [TEST_STEP][PASSED] - if (ExecuteTC.equalsIgnoreCase("Y")): null

2023-02-08 18:12:47 - [TEST_STEP][PASSED] - out.println("Begin Record Number: " + row): null

2023-02-08 18:12:47 - [TEST_STEP][PASSED] - today = new java.util.Date(): null

2023-02-08 18:12:47 - [TEST_STEP][PASSED] - println(today): null

2023-02-08 18:12:47 - [TEST_STEP][PASSED] - datText = today: null

2023-02-08 18:12:47 - [TEST_STEP][PASSED] - category = findTestData(dataFile).getValue("Category", row): null

2023-02-08 18:12:47 - [TEST_STEP][PASSED] - amount = findTestData(dataFile).getValue("Amount", row): null

2023-02-08 18:12:47 - [TEST_STEP][PASSED] - cardNumber = findTestData(dataFile).getValue("CardNumber", row): null

2023-02-08 18:12:47 - [TEST_STEP][PASSED] - exM = findTestData(dataFile).getValue("ExM", row): null

2023-02-08 18:12:47 - [TEST_STEP][PASSED] - exY = findTestData(dataFile).getValue("ExY", row): null

2023-02-08 18:12:47 - [TEST_STEP][PASSED] - openBrowser(VLinkURL + "authcap.html"): Browser is opened with url: 'https://dev-algorithm.govolution.com/vlinktest/QA/version_2_0/authcap.html'

2023-02-08 18:12:47 - [MESSAGE][WARNING] - A browser is already opened. Closing browser and opening a new one

2023-02-08 18:12:48 - [MESSAGE][INFO] - Starting 'Chrome' driver

2023-02-08 18:12:48 - [MESSAGE][INFO] - User set preference: ['acceptInsecureCerts', 'true']

2023-02-08 18:12:48 - [MESSAGE][INFO] - Action delay is set to 0 milliseconds

2023-02-08 18:12:50 - [MESSAGE][PASSED] - Browser is opened with url: 'https://dev-algorithm.govolution.com/vlinktest/QA/version_2_0/authcap.html'

2023-02-08 18:12:50 - [TEST_STEP][PASSED] - maximizeWindow(): Current window maximized

2023-02-08 18:12:50 - [MESSAGE][PASSED] - Current window maximized

2023-02-08 18:12:50 - [TEST_STEP][PASSED] - maximizeWindow(): Current window maximized

2023-02-08 18:12:50 - [MESSAGE][PASSED] - Current window maximized

2023-02-08 18:12:50 - [TEST_STEP][PASSED] - genRemID = RandomStringUtils.random(12, true, true): null

2023-02-08 18:12:50 - [TEST_STEP][PASSED] - setText(findTestObject("Object Repository/RecAndPlayBk/Page-Vlink-Sale/input_Remittance Id_remittance_id"), genRemID): Text 'MK079XR1GEQv' is set on object 'Object Repository/RecAndPlayBk/Page-Vlink-Sale/input_Remittance Id_remittance_id'

2023-02-08 18:12:51 - [MESSAGE][PASSED] - Text 'MK079XR1GEQv' is set on object 'Object Repository/RecAndPlayBk/Page-Vlink-Sale/input_Remittance Id_remittance_id'

2023-02-08 18:12:51 - [TEST_STEP][PASSED] - setText(findTestObject("Object Repository/RecAndPlayBk/Page-Vlink-Sale/input_Application Id_application_id"), appID): Text '234' is set on object 'Object Repository/RecAndPlayBk/Page-Vlink-Sale/input_Application Id_application_id'

2023-02-08 18:12:52 - [MESSAGE][PASSED] - Text '234' is set on object 'Object Repository/RecAndPlayBk/Page-Vlink-Sale/input_Application Id_application_id'

2023-02-08 18:12:52 - [TEST_STEP][PASSED] - setText(findTestObject("Object Repository/RecAndPlayBk/Page-Vlink-Sale/input_Username_username"), username): Text 'username' is set on object 'Object Repository/RecAndPlayBk/Page-Vlink-Sale/input_Username_username'

2023-02-08 18:12:52 - [MESSAGE][PASSED] - Text 'username' is set on object 'Object Repository/RecAndPlayBk/Page-Vlink-Sale/input_Username_username'

2023-02-08 18:12:52 - [TEST_STEP][PASSED] - setText(findTestObject("Object Repository/RecAndPlayBk/Page-Vlink-Sale/input_Password_password"), password): Text 'password' is set on object 'Object Repository/RecAndPlayBk/Page-Vlink-Sale/input_Password_password'

2023-02-08 18:12:53 - [MESSAGE][PASSED] - Text 'password' is set on object 'Object Repository/RecAndPlayBk/Page-Vlink-Sale/input_Password_password'

2023-02-08 18:12:53 - [TEST_STEP][PASSED] - setText(findTestObject("Object Repository/RecAndPlayBk/Page-Vlink-Sale/input_Category_category"), category): Text 'ECOM' is set on object 'Object Repository/RecAndPlayBk/Page-Vlink-Sale/input_Category_category'

2023-02-08 18:12:54 - [MESSAGE][PASSED] - Text 'ECOM' is set on object 'Object Repository/RecAndPlayBk/Page-Vlink-Sale/input_Category_category'

2023-02-08 18:12:54 - [TEST_STEP][PASSED] - setText(findTestObject("Object Repository/RecAndPlayBk/Page-Vlink-Sale/input_Amount_amount"), amount): Text '10.5' is set on object 'Object Repository/RecAndPlayBk/Page-Vlink-Sale/input_Amount_amount'

2023-02-08 18:12:54 - [MESSAGE][PASSED] - Text '10.5' is set on object 'Object Repository/RecAndPlayBk/Page-Vlink-Sale/input_Amount_amount'

2023-02-08 18:12:54 - [TEST_STEP][PASSED] - doubleClick(findTestObject("Object Repository/RecAndPlayBk/Page-Vlink-Sale/input_Card number_card_number")): Object: 'Object Repository/RecAndPlayBk/Page-Vlink-Sale/input_Card number_card_number' is double clicked on

2023-02-08 18:12:55 - [MESSAGE][PASSED] - Object: 'Object Repository/RecAndPlayBk/Page-Vlink-Sale/input_Card number_card_number' is double clicked on

2023-02-08 18:12:55 - [TEST_STEP][PASSED] - setText(findTestObject("Object Repository/RecAndPlayBk/Page-Vlink-Sale/input_Card number_card_number"), cardNumber): Text '4111111111111111' is set on object 'Object Repository/RecAndPlayBk/Page-Vlink-Sale/input_Card number_card_number'

2023-02-08 18:12:55 - [MESSAGE][PASSED] - Text '4111111111111111' is set on object 'Object Repository/RecAndPlayBk/Page-Vlink-Sale/input_Card number_card_number'

2023-02-08 18:12:55 - [TEST_STEP][PASSED] - setText(findTestObject("Object Repository/RecAndPlayBk/Page-Vlink-Sale/input_Card ex month_card_exmo"), exM): Text '12' is set on object 'Object Repository/RecAndPlayBk/Page-Vlink-Sale/input_Card ex month_card_exmo'

2023-02-08 18:12:56 - [MESSAGE][PASSED] - Text '12' is set on object 'Object Repository/RecAndPlayBk/Page-Vlink-Sale/input_Card ex month_card_exmo'

2023-02-08 18:12:56 - [TEST_STEP][PASSED] - setText(findTestObject("Object Repository/RecAndPlayBk/Page-Vlink-Sale/input_Card ex year_card_exyr"), exY): Text '2029' is set on object 'Object Repository/RecAndPlayBk/Page-Vlink-Sale/input_Card ex year_card_exyr'

2023-02-08 18:12:56 - [MESSAGE][PASSED] - Text '2029' is set on object 'Object Repository/RecAndPlayBk/Page-Vlink-Sale/input_Card ex year_card_exyr'

2023-02-08 18:12:56 - [TEST_STEP][PASSED] - click(findTestObject("Object Repository/RecAndPlayBk/Page-Vlink-Sale/input_Track Data_track_data")): Object: 'Object Repository/RecAndPlayBk/Page-Vlink-Sale/input_Track Data_track_data' is clicked on

2023-02-08 18:12:57 - [MESSAGE][PASSED] - Object: 'Object Repository/RecAndPlayBk/Page-Vlink-Sale/input_Track Data_track_data' is clicked on

2023-02-08 18:12:57 - [TEST_STEP][PASSED] - click(findTestObject("Object Repository/RecAndPlayBk/Page-Vlink-Sale/input_CVV state_cvv_state")): Object: 'Object Repository/RecAndPlayBk/Page-Vlink-Sale/input_CVV state_cvv_state' is clicked on

2023-02-08 18:12:57 - [MESSAGE][PASSED] - Object: 'Object Repository/RecAndPlayBk/Page-Vlink-Sale/input_CVV state_cvv_state' is clicked on

2023-02-08 18:12:57 - [TEST_STEP][PASSED] - setText(findTestObject("Object Repository/RecAndPlayBk/Page-Vlink-Sale/input_Track Data_track_data"), ""): Text '' is set on object 'Object Repository/RecAndPlayBk/Page-Vlink-Sale/input_Track Data_track_data'

2023-02-08 18:12:58 - [MESSAGE][PASSED] - Text '' is set on object 'Object Repository/RecAndPlayBk/Page-Vlink-Sale/input_Track Data_track_data'

2023-02-08 18:12:58 - [TEST_STEP][PASSED] - setText(findTestObject("Object Repository/RecAndPlayBk/Page-Vlink-Sale/input_concat(Cardholder, , s email)_email"), ""): Text '' is set on object 'Object Repository/RecAndPlayBk/Page-Vlink-Sale/input_concat(Cardholder, , s email)_email'

2023-02-08 18:12:58 - [MESSAGE][PASSED] - Text '' is set on object 'Object Repository/RecAndPlayBk/Page-Vlink-Sale/input_concat(Cardholder, , s email)_email'

2023-02-08 18:12:58 - [TEST_STEP][PASSED] - click(findTestObject("Object Repository/RecAndPlayBk/Page-Vlink-Sale/input_user_defined10_user_defined10")): Object: 'Object Repository/RecAndPlayBk/Page-Vlink-Sale/input_user_defined10_user_defined10' is clicked on

2023-02-08 18:12:59 - [MESSAGE][PASSED] - Object: 'Object Repository/RecAndPlayBk/Page-Vlink-Sale/input_user_defined10_user_defined10' is clicked on

2023-02-08 18:12:59 - [TEST_STEP][PASSED] - if (executionProfile.equalsIgnoreCase("QAProfile") || executionProfile.equalsIgnoreCase("DemoProfile")): Text '' is set on object 'Object Repository/RecAndPlayBk/Page-Vlink-Sale/input_COF Transaction Initiated by_cof_tran_6cded5'

2023-02-08 18:12:59 - [TEST_STEP][PASSED] - setText(findTestObject("Object Repository/RecAndPlayBk/Page-Vlink-Sale/input_Card on File Indicator_card_on_file_i_157dae"), ""): Text '' is set on object 'Object Repository/RecAndPlayBk/Page-Vlink-Sale/input_Card on File Indicator_card_on_file_i_157dae'

2023-02-08 18:12:59 - [MESSAGE][PASSED] - Text '' is set on object 'Object Repository/RecAndPlayBk/Page-Vlink-Sale/input_Card on File Indicator_card_on_file_i_157dae'

2023-02-08 18:12:59 - [TEST_STEP][PASSED] - setText(findTestObject("Object Repository/RecAndPlayBk/Page-Vlink-Sale/input_Stored Credential Indicator_stored_cr_4ae73c"), ""): Text '' is set on object 'Object Repository/RecAndPlayBk/Page-Vlink-Sale/input_Stored Credential Indicator_stored_cr_4ae73c'

2023-02-08 18:13:00 - [MESSAGE][PASSED] - Text '' is set on object 'Object Repository/RecAndPlayBk/Page-Vlink-Sale/input_Stored Credential Indicator_stored_cr_4ae73c'

2023-02-08 18:13:00 - [TEST_STEP][PASSED] - setText(findTestObject("Object Repository/RecAndPlayBk/Page-Vlink-Sale/input_COF Scheduled indicator_cof_scheduled_8df7d8"), ""): Text '' is set on object 'Object Repository/RecAndPlayBk/Page-Vlink-Sale/input_COF Scheduled indicator_cof_scheduled_8df7d8'

2023-02-08 18:13:00 - [MESSAGE][PASSED] - Text '' is set on object 'Object Repository/RecAndPlayBk/Page-Vlink-Sale/input_COF Scheduled indicator_cof_scheduled_8df7d8'

2023-02-08 18:13:00 - [TEST_STEP][PASSED] - setText(findTestObject("Object Repository/RecAndPlayBk/Page-Vlink-Sale/input_COF Transaction Initiated by_cof_tran_6cded5"), ""): Text '' is set on object 'Object Repository/RecAndPlayBk/Page-Vlink-Sale/input_COF Transaction Initiated by_cof_tran_6cded5'

2023-02-08 18:13:01 - [MESSAGE][PASSED] - Text '' is set on object 'Object Repository/RecAndPlayBk/Page-Vlink-Sale/input_COF Transaction Initiated by_cof_tran_6cded5'

2023-02-08 18:13:01 - [TEST_STEP][PASSED] - click(findTestObject("Object Repository/RecAndPlayBk/Page-Vlink-Sale/input")): Object: 'Object Repository/RecAndPlayBk/Page-Vlink-Sale/input' is clicked on

2023-02-08 18:13:02 - [MESSAGE][PASSED] - Object: 'Object Repository/RecAndPlayBk/Page-Vlink-Sale/input' is clicked on

2023-02-08 18:13:02 - [TEST_STEP][PASSED] - if (verifyTextPresent("Transaction approved, no errors", true)): null

2023-02-08 18:13:02 - [MESSAGE][PASSED] - Text 'Transaction approved, no errors' is present on page  using regular expression

2023-02-08 18:13:02 - [TEST_STEP][PASSED] - println("Transaction Approved, no errors text is present on the Confirmation page"): null

2023-02-08 18:13:02 - [TEST_STEP][PASSED] - sdfo = getText(findTestObject("Object Repository/Page_VLinkReceipt/pre_STX")): Text of object 'Object Repository/Page_VLinkReceipt/pre_STX' is: '<STX>MK079XR1GEQv                  12125189            0  Transaction approved, no errors                   0                                                                                  Y 411011342<ETX>'

2023-02-08 18:13:03 - [MESSAGE][PASSED] - Text of object 'Object Repository/Page_VLinkReceipt/pre_STX' is: '<STX>MK079XR1GEQv                  12125189            0  Transaction approved, no errors                   0                                                                                  Y 411011342<ETX>'

2023-02-08 18:13:03 - [TEST_STEP][PASSED] - out.println("sdfo: " + sdfo): null

2023-02-08 18:13:03 - [TEST_STEP][PASSED] - remID = substring(5, 35).trim(): null

2023-02-08 18:13:03 - [TEST_STEP][PASSED] - out.println("remID: " + remID): null

2023-02-08 18:13:03 - [TEST_STEP][PASSED] - traxID = substring(35, 55).trim(): null

2023-02-08 18:13:03 - [TEST_STEP][PASSED] - out.println("traxID: " + traxID): null

2023-02-08 18:13:03 - [TEST_STEP][PASSED] - VLinkSaleRemID = remID: null

2023-02-08 18:13:03 - [TEST_STEP][PASSED] - VLinkSaleTranxID = traxID: null

2023-02-08 18:13:03 - [TEST_STEP][PASSED] - openBrowser(VLinkURL + "CC_credit.html"): Browser is opened with url: 'https://dev-algorithm.govolution.com/vlinktest/QA/version_2_0/CC_credit.html'

2023-02-08 18:13:03 - [MESSAGE][WARNING] - A browser is already opened. Closing browser and opening a new one

2023-02-08 18:13:04 - [MESSAGE][INFO] - Starting 'Chrome' driver

2023-02-08 18:13:04 - [MESSAGE][INFO] - User set preference: ['acceptInsecureCerts', 'true']

2023-02-08 18:13:04 - [MESSAGE][INFO] - Action delay is set to 0 milliseconds

2023-02-08 18:13:05 - [MESSAGE][PASSED] - Browser is opened with url: 'https://dev-algorithm.govolution.com/vlinktest/QA/version_2_0/CC_credit.html'

2023-02-08 18:13:05 - [TEST_STEP][PASSED] - maximizeWindow(): Current window maximized

2023-02-08 18:13:05 - [MESSAGE][PASSED] - Current window maximized

2023-02-08 18:13:05 - [TEST_STEP][PASSED] - setText(findTestObject("Object Repository/RecAndPlayBk/Page-Vlink-CC-Credit/input_Remittance Id"), VLinkSaleRemID): Text 'MK079XR1GEQv' is set on object 'Object Repository/RecAndPlayBk/Page-Vlink-CC-Credit/input_Remittance Id'

2023-02-08 18:13:06 - [MESSAGE][PASSED] - Text 'MK079XR1GEQv' is set on object 'Object Repository/RecAndPlayBk/Page-Vlink-CC-Credit/input_Remittance Id'

2023-02-08 18:13:06 - [TEST_STEP][PASSED] - setText(findTestObject("Object Repository/RecAndPlayBk/Page-Vlink-CC-Credit/input_Application Id"), appID): Text '234' is set on object 'Object Repository/RecAndPlayBk/Page-Vlink-CC-Credit/input_Application Id'

2023-02-08 18:13:07 - [MESSAGE][PASSED] - Text '234' is set on object 'Object Repository/RecAndPlayBk/Page-Vlink-CC-Credit/input_Application Id'

2023-02-08 18:13:07 - [TEST_STEP][PASSED] - setText(findTestObject("Object Repository/RecAndPlayBk/Page-Vlink-CC-Credit/input_Username"), username): Text 'username' is set on object 'Object Repository/RecAndPlayBk/Page-Vlink-CC-Credit/input_Username'

2023-02-08 18:13:07 - [MESSAGE][PASSED] - Text 'username' is set on object 'Object Repository/RecAndPlayBk/Page-Vlink-CC-Credit/input_Username'

2023-02-08 18:13:07 - [TEST_STEP][PASSED] - setText(findTestObject("Object Repository/RecAndPlayBk/Page-Vlink-CC-Credit/input_Password"), password): Text 'password' is set on object 'Object Repository/RecAndPlayBk/Page-Vlink-CC-Credit/input_Password'

2023-02-08 18:13:08 - [MESSAGE][PASSED] - Text 'password' is set on object 'Object Repository/RecAndPlayBk/Page-Vlink-CC-Credit/input_Password'

2023-02-08 18:13:08 - [TEST_STEP][PASSED] - setText(findTestObject("Object Repository/RecAndPlayBk/Page-Vlink-CC-Credit/input_Transaction ID"), VLinkSaleTranxID): Text '12125189' is set on object 'Object Repository/RecAndPlayBk/Page-Vlink-CC-Credit/input_Transaction ID'

2023-02-08 18:13:09 - [MESSAGE][PASSED] - Text '12125189' is set on object 'Object Repository/RecAndPlayBk/Page-Vlink-CC-Credit/input_Transaction ID'

2023-02-08 18:13:09 - [TEST_STEP][PASSED] - setText(findTestObject("Object Repository/RecAndPlayBk/Page-Vlink-CC-Credit/input_Amount"), amount): Text '10.5' is set on object 'Object Repository/RecAndPlayBk/Page-Vlink-CC-Credit/input_Amount'

2023-02-08 18:13:09 - [MESSAGE][PASSED] - Text '10.5' is set on object 'Object Repository/RecAndPlayBk/Page-Vlink-CC-Credit/input_Amount'

2023-02-08 18:13:09 - [TEST_STEP][PASSED] - setText(findTestObject("Object Repository/RecAndPlayBk/Page-Vlink-CC-Credit/input_Card number"), ""): Text '' is set on object 'Object Repository/RecAndPlayBk/Page-Vlink-CC-Credit/input_Card number'

2023-02-08 18:13:10 - [MESSAGE][PASSED] - Text '' is set on object 'Object Repository/RecAndPlayBk/Page-Vlink-CC-Credit/input_Card number'

2023-02-08 18:13:10 - [TEST_STEP][PASSED] - setText(findTestObject("Object Repository/RecAndPlayBk/Page-Vlink-CC-Credit/input_Card ex month"), ""): Text '' is set on object 'Object Repository/RecAndPlayBk/Page-Vlink-CC-Credit/input_Card ex month'

2023-02-08 18:13:10 - [MESSAGE][PASSED] - Text '' is set on object 'Object Repository/RecAndPlayBk/Page-Vlink-CC-Credit/input_Card ex month'

2023-02-08 18:13:10 - [TEST_STEP][PASSED] - setText(findTestObject("Object Repository/RecAndPlayBk/Page-Vlink-CC-Credit/input_Card ex year"), ""): Text '' is set on object 'Object Repository/RecAndPlayBk/Page-Vlink-CC-Credit/input_Card ex year'

2023-02-08 18:13:11 - [MESSAGE][PASSED] - Text '' is set on object 'Object Repository/RecAndPlayBk/Page-Vlink-CC-Credit/input_Card ex year'

2023-02-08 18:13:11 - [TEST_STEP][PASSED] - setText(findTestObject("Object Repository/RecAndPlayBk/Page-Vlink-CC-Credit/input_Track Data"), ""): Text '' is set on object 'Object Repository/RecAndPlayBk/Page-Vlink-CC-Credit/input_Track Data'

2023-02-08 18:13:12 - [MESSAGE][PASSED] - Text '' is set on object 'Object Repository/RecAndPlayBk/Page-Vlink-CC-Credit/input_Track Data'

2023-02-08 18:13:12 - [TEST_STEP][PASSED] - setText(findTestObject("Object Repository/RecAndPlayBk/Page-Vlink-CC-Credit/input_Category Code"), category): Text 'ECOM' is set on object 'Object Repository/RecAndPlayBk/Page-Vlink-CC-Credit/input_Category Code'

2023-02-08 18:13:12 - [MESSAGE][PASSED] - Text 'ECOM' is set on object 'Object Repository/RecAndPlayBk/Page-Vlink-CC-Credit/input_Category Code'

2023-02-08 18:13:12 - [TEST_STEP][PASSED] - click(findTestObject("Object Repository/RecAndPlayBk/Page-Vlink-CC-Credit/input")): Object: 'Object Repository/RecAndPlayBk/Page-Vlink-CC-Credit/input' is clicked on

2023-02-08 18:13:14 - [MESSAGE][PASSED] - Object: 'Object Repository/RecAndPlayBk/Page-Vlink-CC-Credit/input' is clicked on

2023-02-08 18:13:14 - [TEST_STEP][PASSED] - if (verifyTextPresent("Transaction approved, no errors", true)): null

2023-02-08 18:13:14 - [MESSAGE][PASSED] - Text 'Transaction approved, no errors' is present on page  using regular expression

2023-02-08 18:13:14 - [TEST_STEP][PASSED] - println("Transaction Approved, no errors text is present on the Confirmation page"): null

2023-02-08 18:13:14 - [TEST_STEP][PASSED] - out.println("Pass Record Number: " + row): null

2023-02-08 18:13:14 - [TEST_STEP][PASSED] - resText = "Pass": null

2023-02-08 18:13:14 - [TEST_STEP][PASSED] - pages.WriteExcel.demoKey(resText, datText, resColumn, datCloumn, fileLoc, nameSheet, row): pages.WriteExcel.demoKey is PASSED

2023-02-08 18:13:14 - [MESSAGE][PASSED] - pages.WriteExcel.demoKey is PASSED

2023-02-08 18:13:14 - [TEST_STEP][PASSED] - ExecuteTC = findTestData(dataFile).getValue("Execute", row): null

2023-02-08 18:13:14 - [TEST_STEP][PASSED] - out.println("Value of Execute is : " + ExecuteTC): null

2023-02-08 18:13:14 - [TEST_STEP][PASSED] - switch (executionProfile): null

2023-02-08 18:13:14 - [TEST_STEP][PASSED] - case "QAProfile":: null

2023-02-08 18:13:14 - [TEST_STEP][PASSED] - appID = findTestData(dataFile).getValue("AppIDQA", row): null

2023-02-08 18:13:14 - [TEST_STEP][PASSED] - username = findTestData(dataFile).getValue("UsernameQA", row): null

2023-02-08 18:13:14 - [TEST_STEP][PASSED] - password = findTestData(dataFile).getValue("PasswordQA", row): null

2023-02-08 18:13:14 - [TEST_STEP][PASSED] - break: null

2023-02-08 18:13:14 - [TEST_STEP][PASSED] - if (ExecuteTC.equalsIgnoreCase("Y")): null

2023-02-08 18:13:14 - [TEST_STEP][PASSED] - out.println("Begin Record Number: " + row): null

2023-02-08 18:13:14 - [TEST_STEP][PASSED] - today = new java.util.Date(): null

2023-02-08 18:13:14 - [TEST_STEP][PASSED] - println(today): null

2023-02-08 18:13:14 - [TEST_STEP][PASSED] - datText = today: null

2023-02-08 18:13:14 - [TEST_STEP][PASSED] - category = findTestData(dataFile).getValue("Category", row): null

2023-02-08 18:13:14 - [TEST_STEP][PASSED] - amount = findTestData(dataFile).getValue("Amount", row): null

2023-02-08 18:13:15 - [TEST_STEP][PASSED] - cardNumber = findTestData(dataFile).getValue("CardNumber", row): null

2023-02-08 18:13:15 - [TEST_STEP][PASSED] - exM = findTestData(dataFile).getValue("ExM", row): null

2023-02-08 18:13:15 - [TEST_STEP][PASSED] - exY = findTestData(dataFile).getValue("ExY", row): null

2023-02-08 18:13:15 - [TEST_STEP][PASSED] - openBrowser(VLinkURL + "authcap.html"): Browser is opened with url: 'https://dev-algorithm.govolution.com/vlinktest/QA/version_2_0/authcap.html'

2023-02-08 18:13:15 - [MESSAGE][WARNING] - A browser is already opened. Closing browser and opening a new one

2023-02-08 18:13:16 - [MESSAGE][INFO] - Starting 'Chrome' driver

2023-02-08 18:13:16 - [MESSAGE][INFO] - User set preference: ['acceptInsecureCerts', 'true']

2023-02-08 18:13:16 - [MESSAGE][INFO] - Action delay is set to 0 milliseconds

2023-02-08 18:13:17 - [MESSAGE][PASSED] - Browser is opened with url: 'https://dev-algorithm.govolution.com/vlinktest/QA/version_2_0/authcap.html'

2023-02-08 18:13:17 - [TEST_STEP][PASSED] - maximizeWindow(): Current window maximized

2023-02-08 18:13:18 - [MESSAGE][PASSED] - Current window maximized

2023-02-08 18:13:18 - [TEST_STEP][PASSED] - maximizeWindow(): Current window maximized

2023-02-08 18:13:18 - [MESSAGE][PASSED] - Current window maximized

2023-02-08 18:13:18 - [TEST_STEP][PASSED] - genRemID = RandomStringUtils.random(12, true, true): null

2023-02-08 18:13:18 - [TEST_STEP][PASSED] - setText(findTestObject("Object Repository/RecAndPlayBk/Page-Vlink-Sale/input_Remittance Id_remittance_id"), genRemID): Text 'pG8Q2ygO7WAS' is set on object 'Object Repository/RecAndPlayBk/Page-Vlink-Sale/input_Remittance Id_remittance_id'

2023-02-08 18:13:18 - [MESSAGE][PASSED] - Text 'pG8Q2ygO7WAS' is set on object 'Object Repository/RecAndPlayBk/Page-Vlink-Sale/input_Remittance Id_remittance_id'

2023-02-08 18:13:18 - [TEST_STEP][PASSED] - setText(findTestObject("Object Repository/RecAndPlayBk/Page-Vlink-Sale/input_Application Id_application_id"), appID): Text '234' is set on object 'Object Repository/RecAndPlayBk/Page-Vlink-Sale/input_Application Id_application_id'

2023-02-08 18:13:19 - [MESSAGE][PASSED] - Text '234' is set on object 'Object Repository/RecAndPlayBk/Page-Vlink-Sale/input_Application Id_application_id'

2023-02-08 18:13:19 - [TEST_STEP][PASSED] - setText(findTestObject("Object Repository/RecAndPlayBk/Page-Vlink-Sale/input_Username_username"), username): Text 'username' is set on object 'Object Repository/RecAndPlayBk/Page-Vlink-Sale/input_Username_username'

2023-02-08 18:13:20 - [MESSAGE][PASSED] - Text 'username' is set on object 'Object Repository/RecAndPlayBk/Page-Vlink-Sale/input_Username_username'

2023-02-08 18:13:20 - [TEST_STEP][PASSED] - setText(findTestObject("Object Repository/RecAndPlayBk/Page-Vlink-Sale/input_Password_password"), password): Text 'password' is set on object 'Object Repository/RecAndPlayBk/Page-Vlink-Sale/input_Password_password'

2023-02-08 18:13:20 - [MESSAGE][PASSED] - Text 'password' is set on object 'Object Repository/RecAndPlayBk/Page-Vlink-Sale/input_Password_password'

2023-02-08 18:13:20 - [TEST_STEP][PASSED] - setText(findTestObject("Object Repository/RecAndPlayBk/Page-Vlink-Sale/input_Category_category"), category): Text 'MOTO' is set on object 'Object Repository/RecAndPlayBk/Page-Vlink-Sale/input_Category_category'

2023-02-08 18:13:21 - [MESSAGE][PASSED] - Text 'MOTO' is set on object 'Object Repository/RecAndPlayBk/Page-Vlink-Sale/input_Category_category'

2023-02-08 18:13:21 - [TEST_STEP][PASSED] - setText(findTestObject("Object Repository/RecAndPlayBk/Page-Vlink-Sale/input_Amount_amount"), amount): Text '10.5' is set on object 'Object Repository/RecAndPlayBk/Page-Vlink-Sale/input_Amount_amount'

2023-02-08 18:13:21 - [MESSAGE][PASSED] - Text '10.5' is set on object 'Object Repository/RecAndPlayBk/Page-Vlink-Sale/input_Amount_amount'

2023-02-08 18:13:21 - [TEST_STEP][PASSED] - doubleClick(findTestObject("Object Repository/RecAndPlayBk/Page-Vlink-Sale/input_Card number_card_number")): Object: 'Object Repository/RecAndPlayBk/Page-Vlink-Sale/input_Card number_card_number' is double clicked on

2023-02-08 18:13:22 - [MESSAGE][PASSED] - Object: 'Object Repository/RecAndPlayBk/Page-Vlink-Sale/input_Card number_card_number' is double clicked on

2023-02-08 18:13:22 - [TEST_STEP][PASSED] - setText(findTestObject("Object Repository/RecAndPlayBk/Page-Vlink-Sale/input_Card number_card_number"), cardNumber): Text '5424000000000015' is set on object 'Object Repository/RecAndPlayBk/Page-Vlink-Sale/input_Card number_card_number'

2023-02-08 18:13:22 - [MESSAGE][PASSED] - Text '5424000000000015' is set on object 'Object Repository/RecAndPlayBk/Page-Vlink-Sale/input_Card number_card_number'

2023-02-08 18:13:22 - [TEST_STEP][PASSED] - setText(findTestObject("Object Repository/RecAndPlayBk/Page-Vlink-Sale/input_Card ex month_card_exmo"), exM): Text '12' is set on object 'Object Repository/RecAndPlayBk/Page-Vlink-Sale/input_Card ex month_card_exmo'

2023-02-08 18:13:23 - [MESSAGE][PASSED] - Text '12' is set on object 'Object Repository/RecAndPlayBk/Page-Vlink-Sale/input_Card ex month_card_exmo'

2023-02-08 18:13:23 - [TEST_STEP][PASSED] - setText(findTestObject("Object Repository/RecAndPlayBk/Page-Vlink-Sale/input_Card ex year_card_exyr"), exY): Text '2029' is set on object 'Object Repository/RecAndPlayBk/Page-Vlink-Sale/input_Card ex year_card_exyr'

2023-02-08 18:13:24 - [MESSAGE][PASSED] - Text '2029' is set on object 'Object Repository/RecAndPlayBk/Page-Vlink-Sale/input_Card ex year_card_exyr'

2023-02-08 18:13:24 - [TEST_STEP][PASSED] - click(findTestObject("Object Repository/RecAndPlayBk/Page-Vlink-Sale/input_Track Data_track_data")): Object: 'Object Repository/RecAndPlayBk/Page-Vlink-Sale/input_Track Data_track_data' is clicked on

2023-02-08 18:13:24 - [MESSAGE][PASSED] - Object: 'Object Repository/RecAndPlayBk/Page-Vlink-Sale/input_Track Data_track_data' is clicked on

2023-02-08 18:13:24 - [TEST_STEP][PASSED] - click(findTestObject("Object Repository/RecAndPlayBk/Page-Vlink-Sale/input_CVV state_cvv_state")): Object: 'Object Repository/RecAndPlayBk/Page-Vlink-Sale/input_CVV state_cvv_state' is clicked on

2023-02-08 18:13:24 - [MESSAGE][PASSED] - Object: 'Object Repository/RecAndPlayBk/Page-Vlink-Sale/input_CVV state_cvv_state' is clicked on

2023-02-08 18:13:24 - [TEST_STEP][PASSED] - setText(findTestObject("Object Repository/RecAndPlayBk/Page-Vlink-Sale/input_Track Data_track_data"), ""): Text '' is set on object 'Object Repository/RecAndPlayBk/Page-Vlink-Sale/input_Track Data_track_data'

2023-02-08 18:13:25 - [MESSAGE][PASSED] - Text '' is set on object 'Object Repository/RecAndPlayBk/Page-Vlink-Sale/input_Track Data_track_data'

2023-02-08 18:13:25 - [TEST_STEP][PASSED] - setText(findTestObject("Object Repository/RecAndPlayBk/Page-Vlink-Sale/input_concat(Cardholder, , s email)_email"), ""): Text '' is set on object 'Object Repository/RecAndPlayBk/Page-Vlink-Sale/input_concat(Cardholder, , s email)_email'

2023-02-08 18:13:26 - [MESSAGE][PASSED] - Text '' is set on object 'Object Repository/RecAndPlayBk/Page-Vlink-Sale/input_concat(Cardholder, , s email)_email'

2023-02-08 18:13:26 - [TEST_STEP][PASSED] - click(findTestObject("Object Repository/RecAndPlayBk/Page-Vlink-Sale/input_user_defined10_user_defined10")): Object: 'Object Repository/RecAndPlayBk/Page-Vlink-Sale/input_user_defined10_user_defined10' is clicked on

2023-02-08 18:13:26 - [MESSAGE][PASSED] - Object: 'Object Repository/RecAndPlayBk/Page-Vlink-Sale/input_user_defined10_user_defined10' is clicked on

2023-02-08 18:13:26 - [TEST_STEP][PASSED] - if (executionProfile.equalsIgnoreCase("QAProfile") || executionProfile.equalsIgnoreCase("DemoProfile")): Text '' is set on object 'Object Repository/RecAndPlayBk/Page-Vlink-Sale/input_COF Transaction Initiated by_cof_tran_6cded5'

2023-02-08 18:13:26 - [TEST_STEP][PASSED] - setText(findTestObject("Object Repository/RecAndPlayBk/Page-Vlink-Sale/input_Card on File Indicator_card_on_file_i_157dae"), ""): Text '' is set on object 'Object Repository/RecAndPlayBk/Page-Vlink-Sale/input_Card on File Indicator_card_on_file_i_157dae'

2023-02-08 18:13:27 - [MESSAGE][PASSED] - Text '' is set on object 'Object Repository/RecAndPlayBk/Page-Vlink-Sale/input_Card on File Indicator_card_on_file_i_157dae'

2023-02-08 18:13:27 - [TEST_STEP][PASSED] - setText(findTestObject("Object Repository/RecAndPlayBk/Page-Vlink-Sale/input_Stored Credential Indicator_stored_cr_4ae73c"), ""): Text '' is set on object 'Object Repository/RecAndPlayBk/Page-Vlink-Sale/input_Stored Credential Indicator_stored_cr_4ae73c'

2023-02-08 18:13:27 - [MESSAGE][PASSED] - Text '' is set on object 'Object Repository/RecAndPlayBk/Page-Vlink-Sale/input_Stored Credential Indicator_stored_cr_4ae73c'

2023-02-08 18:13:27 - [TEST_STEP][PASSED] - setText(findTestObject("Object Repository/RecAndPlayBk/Page-Vlink-Sale/input_COF Scheduled indicator_cof_scheduled_8df7d8"), ""): Text '' is set on object 'Object Repository/RecAndPlayBk/Page-Vlink-Sale/input_COF Scheduled indicator_cof_scheduled_8df7d8'

2023-02-08 18:13:28 - [MESSAGE][PASSED] - Text '' is set on object 'Object Repository/RecAndPlayBk/Page-Vlink-Sale/input_COF Scheduled indicator_cof_scheduled_8df7d8'

2023-02-08 18:13:28 - [TEST_STEP][PASSED] - setText(findTestObject("Object Repository/RecAndPlayBk/Page-Vlink-Sale/input_COF Transaction Initiated by_cof_tran_6cded5"), ""): Text '' is set on object 'Object Repository/RecAndPlayBk/Page-Vlink-Sale/input_COF Transaction Initiated by_cof_tran_6cded5'

2023-02-08 18:13:28 - [MESSAGE][PASSED] - Text '' is set on object 'Object Repository/RecAndPlayBk/Page-Vlink-Sale/input_COF Transaction Initiated by_cof_tran_6cded5'

2023-02-08 18:13:28 - [TEST_STEP][PASSED] - click(findTestObject("Object Repository/RecAndPlayBk/Page-Vlink-Sale/input")): Object: 'Object Repository/RecAndPlayBk/Page-Vlink-Sale/input' is clicked on

2023-02-08 18:13:29 - [MESSAGE][PASSED] - Object: 'Object Repository/RecAndPlayBk/Page-Vlink-Sale/input' is clicked on

2023-02-08 18:13:29 - [TEST_STEP][PASSED] - if (verifyTextPresent("Transaction approved, no errors", true)): null

2023-02-08 18:13:29 - [MESSAGE][PASSED] - Text 'Transaction approved, no errors' is present on page  using regular expression

2023-02-08 18:13:29 - [TEST_STEP][PASSED] - println("Transaction Approved, no errors text is present on the Confirmation page"): null

2023-02-08 18:13:29 - [TEST_STEP][PASSED] - sdfo = getText(findTestObject("Object Repository/Page_VLinkReceipt/pre_STX")): Text of object 'Object Repository/Page_VLinkReceipt/pre_STX' is: '<STX>pG8Q2ygO7WAS                  12125191            0  Transaction approved, no errors                   0                                                                                  Y 089173200<ETX>'

2023-02-08 18:13:30 - [MESSAGE][PASSED] - Text of object 'Object Repository/Page_VLinkReceipt/pre_STX' is: '<STX>pG8Q2ygO7WAS                  12125191            0  Transaction approved, no errors                   0                                                                                  Y 089173200<ETX>'

2023-02-08 18:13:30 - [TEST_STEP][PASSED] - out.println("sdfo: " + sdfo): null

2023-02-08 18:13:30 - [TEST_STEP][PASSED] - remID = substring(5, 35).trim(): null

2023-02-08 18:13:30 - [TEST_STEP][PASSED] - out.println("remID: " + remID): null

2023-02-08 18:13:30 - [TEST_STEP][PASSED] - traxID = substring(35, 55).trim(): null

2023-02-08 18:13:30 - [TEST_STEP][PASSED] - out.println("traxID: " + traxID): null

2023-02-08 18:13:30 - [TEST_STEP][PASSED] - VLinkSaleRemID = remID: null

2023-02-08 18:13:30 - [TEST_STEP][PASSED] - VLinkSaleTranxID = traxID: null

2023-02-08 18:13:30 - [TEST_STEP][PASSED] - openBrowser(VLinkURL + "CC_credit.html"): Browser is opened with url: 'https://dev-algorithm.govolution.com/vlinktest/QA/version_2_0/CC_credit.html'

2023-02-08 18:13:30 - [MESSAGE][WARNING] - A browser is already opened. Closing browser and opening a new one

2023-02-08 18:13:31 - [MESSAGE][INFO] - Starting 'Chrome' driver

2023-02-08 18:13:31 - [MESSAGE][INFO] - User set preference: ['acceptInsecureCerts', 'true']

2023-02-08 18:13:31 - [MESSAGE][INFO] - Action delay is set to 0 milliseconds

2023-02-08 18:13:32 - [MESSAGE][PASSED] - Browser is opened with url: 'https://dev-algorithm.govolution.com/vlinktest/QA/version_2_0/CC_credit.html'

2023-02-08 18:13:32 - [TEST_STEP][PASSED] - maximizeWindow(): Current window maximized

2023-02-08 18:13:33 - [MESSAGE][PASSED] - Current window maximized

2023-02-08 18:13:33 - [TEST_STEP][PASSED] - setText(findTestObject("Object Repository/RecAndPlayBk/Page-Vlink-CC-Credit/input_Remittance Id"), VLinkSaleRemID): Text 'pG8Q2ygO7WAS' is set on object 'Object Repository/RecAndPlayBk/Page-Vlink-CC-Credit/input_Remittance Id'

2023-02-08 18:13:33 - [MESSAGE][PASSED] - Text 'pG8Q2ygO7WAS' is set on object 'Object Repository/RecAndPlayBk/Page-Vlink-CC-Credit/input_Remittance Id'

2023-02-08 18:13:33 - [TEST_STEP][PASSED] - setText(findTestObject("Object Repository/RecAndPlayBk/Page-Vlink-CC-Credit/input_Application Id"), appID): Text '234' is set on object 'Object Repository/RecAndPlayBk/Page-Vlink-CC-Credit/input_Application Id'

2023-02-08 18:13:34 - [MESSAGE][PASSED] - Text '234' is set on object 'Object Repository/RecAndPlayBk/Page-Vlink-CC-Credit/input_Application Id'

2023-02-08 18:13:34 - [TEST_STEP][PASSED] - setText(findTestObject("Object Repository/RecAndPlayBk/Page-Vlink-CC-Credit/input_Username"), username): Text 'username' is set on object 'Object Repository/RecAndPlayBk/Page-Vlink-CC-Credit/input_Username'

2023-02-08 18:13:35 - [MESSAGE][PASSED] - Text 'username' is set on object 'Object Repository/RecAndPlayBk/Page-Vlink-CC-Credit/input_Username'

2023-02-08 18:13:35 - [TEST_STEP][PASSED] - setText(findTestObject("Object Repository/RecAndPlayBk/Page-Vlink-CC-Credit/input_Password"), password): Text 'password' is set on object 'Object Repository/RecAndPlayBk/Page-Vlink-CC-Credit/input_Password'

2023-02-08 18:13:35 - [MESSAGE][PASSED] - Text 'password' is set on object 'Object Repository/RecAndPlayBk/Page-Vlink-CC-Credit/input_Password'

2023-02-08 18:13:35 - [TEST_STEP][PASSED] - setText(findTestObject("Object Repository/RecAndPlayBk/Page-Vlink-CC-Credit/input_Transaction ID"), VLinkSaleTranxID): Text '12125191' is set on object 'Object Repository/RecAndPlayBk/Page-Vlink-CC-Credit/input_Transaction ID'

2023-02-08 18:13:36 - [MESSAGE][PASSED] - Text '12125191' is set on object 'Object Repository/RecAndPlayBk/Page-Vlink-CC-Credit/input_Transaction ID'

2023-02-08 18:13:36 - [TEST_STEP][PASSED] - setText(findTestObject("Object Repository/RecAndPlayBk/Page-Vlink-CC-Credit/input_Amount"), amount): Text '10.5' is set on object 'Object Repository/RecAndPlayBk/Page-Vlink-CC-Credit/input_Amount'

2023-02-08 18:13:36 - [MESSAGE][PASSED] - Text '10.5' is set on object 'Object Repository/RecAndPlayBk/Page-Vlink-CC-Credit/input_Amount'

2023-02-08 18:13:36 - [TEST_STEP][PASSED] - setText(findTestObject("Object Repository/RecAndPlayBk/Page-Vlink-CC-Credit/input_Card number"), ""): Text '' is set on object 'Object Repository/RecAndPlayBk/Page-Vlink-CC-Credit/input_Card number'

2023-02-08 18:13:37 - [MESSAGE][PASSED] - Text '' is set on object 'Object Repository/RecAndPlayBk/Page-Vlink-CC-Credit/input_Card number'

2023-02-08 18:13:37 - [TEST_STEP][PASSED] - setText(findTestObject("Object Repository/RecAndPlayBk/Page-Vlink-CC-Credit/input_Card ex month"), ""): Text '' is set on object 'Object Repository/RecAndPlayBk/Page-Vlink-CC-Credit/input_Card ex month'

2023-02-08 18:13:38 - [MESSAGE][PASSED] - Text '' is set on object 'Object Repository/RecAndPlayBk/Page-Vlink-CC-Credit/input_Card ex month'

2023-02-08 18:13:38 - [TEST_STEP][PASSED] - setText(findTestObject("Object Repository/RecAndPlayBk/Page-Vlink-CC-Credit/input_Card ex year"), ""): Text '' is set on object 'Object Repository/RecAndPlayBk/Page-Vlink-CC-Credit/input_Card ex year'

2023-02-08 18:13:38 - [MESSAGE][PASSED] - Text '' is set on object 'Object Repository/RecAndPlayBk/Page-Vlink-CC-Credit/input_Card ex year'

2023-02-08 18:13:38 - [TEST_STEP][PASSED] - setText(findTestObject("Object Repository/RecAndPlayBk/Page-Vlink-CC-Credit/input_Track Data"), ""): Text '' is set on object 'Object Repository/RecAndPlayBk/Page-Vlink-CC-Credit/input_Track Data'

2023-02-08 18:13:39 - [MESSAGE][PASSED] - Text '' is set on object 'Object Repository/RecAndPlayBk/Page-Vlink-CC-Credit/input_Track Data'

2023-02-08 18:13:39 - [TEST_STEP][PASSED] - setText(findTestObject("Object Repository/RecAndPlayBk/Page-Vlink-CC-Credit/input_Category Code"), category): Text 'MOTO' is set on object 'Object Repository/RecAndPlayBk/Page-Vlink-CC-Credit/input_Category Code'

2023-02-08 18:13:39 - [MESSAGE][PASSED] - Text 'MOTO' is set on object 'Object Repository/RecAndPlayBk/Page-Vlink-CC-Credit/input_Category Code'

2023-02-08 18:13:39 - [TEST_STEP][PASSED] - click(findTestObject("Object Repository/RecAndPlayBk/Page-Vlink-CC-Credit/input")): Object: 'Object Repository/RecAndPlayBk/Page-Vlink-CC-Credit/input' is clicked on

2023-02-08 18:13:41 - [MESSAGE][PASSED] - Object: 'Object Repository/RecAndPlayBk/Page-Vlink-CC-Credit/input' is clicked on

2023-02-08 18:13:41 - [TEST_STEP][PASSED] - if (verifyTextPresent("Transaction approved, no errors", true)): null

2023-02-08 18:13:41 - [MESSAGE][PASSED] - Text 'Transaction approved, no errors' is present on page  using regular expression

2023-02-08 18:13:41 - [TEST_STEP][PASSED] - println("Transaction Approved, no errors text is present on the Confirmation page"): null

2023-02-08 18:13:41 - [TEST_STEP][PASSED] - out.println("Pass Record Number: " + row): null

2023-02-08 18:13:41 - [TEST_STEP][PASSED] - resText = "Pass": null

2023-02-08 18:13:41 - [TEST_STEP][PASSED] - pages.WriteExcel.demoKey(resText, datText, resColumn, datCloumn, fileLoc, nameSheet, row): pages.WriteExcel.demoKey is PASSED

2023-02-08 18:13:41 - [MESSAGE][PASSED] - pages.WriteExcel.demoKey is PASSED

2023-02-08 18:13:41 - [TEST_STEP][PASSED] - ExecuteTC = findTestData(dataFile).getValue("Execute", row): null

2023-02-08 18:13:41 - [TEST_STEP][PASSED] - out.println("Value of Execute is : " + ExecuteTC): null

2023-02-08 18:13:41 - [TEST_STEP][PASSED] - switch (executionProfile): null

2023-02-08 18:13:41 - [TEST_STEP][PASSED] - case "QAProfile":: null

2023-02-08 18:13:41 - [TEST_STEP][PASSED] - appID = findTestData(dataFile).getValue("AppIDQA", row): null

2023-02-08 18:13:41 - [TEST_STEP][PASSED] - username = findTestData(dataFile).getValue("UsernameQA", row): null

2023-02-08 18:13:41 - [TEST_STEP][PASSED] - password = findTestData(dataFile).getValue("PasswordQA", row): null

2023-02-08 18:13:41 - [TEST_STEP][PASSED] - break: null

2023-02-08 18:13:41 - [TEST_STEP][PASSED] - if (ExecuteTC.equalsIgnoreCase("Y")): null

2023-02-08 18:13:41 - [TEST_STEP][PASSED] - out.println("Begin Record Number: " + row): null

2023-02-08 18:13:41 - [TEST_STEP][PASSED] - today = new java.util.Date(): null

2023-02-08 18:13:41 - [TEST_STEP][PASSED] - println(today): null

2023-02-08 18:13:41 - [TEST_STEP][PASSED] - datText = today: null

2023-02-08 18:13:41 - [TEST_STEP][PASSED] - category = findTestData(dataFile).getValue("Category", row): null

2023-02-08 18:13:41 - [TEST_STEP][PASSED] - amount = findTestData(dataFile).getValue("Amount", row): null

2023-02-08 18:13:42 - [TEST_STEP][PASSED] - cardNumber = findTestData(dataFile).getValue("CardNumber", row): null

2023-02-08 18:13:42 - [TEST_STEP][PASSED] - exM = findTestData(dataFile).getValue("ExM", row): null

2023-02-08 18:13:42 - [TEST_STEP][PASSED] - exY = findTestData(dataFile).getValue("ExY", row): null

2023-02-08 18:13:42 - [TEST_STEP][PASSED] - openBrowser(VLinkURL + "authcap.html"): Browser is opened with url: 'https://dev-algorithm.govolution.com/vlinktest/QA/version_2_0/authcap.html'

2023-02-08 18:13:42 - [MESSAGE][WARNING] - A browser is already opened. Closing browser and opening a new one

2023-02-08 18:13:43 - [MESSAGE][INFO] - Starting 'Chrome' driver

2023-02-08 18:13:43 - [MESSAGE][INFO] - User set preference: ['acceptInsecureCerts', 'true']

2023-02-08 18:13:43 - [MESSAGE][INFO] - Action delay is set to 0 milliseconds

2023-02-08 18:13:45 - [MESSAGE][PASSED] - Browser is opened with url: 'https://dev-algorithm.govolution.com/vlinktest/QA/version_2_0/authcap.html'

2023-02-08 18:13:45 - [TEST_STEP][PASSED] - maximizeWindow(): Current window maximized

2023-02-08 18:13:45 - [MESSAGE][PASSED] - Current window maximized

2023-02-08 18:13:45 - [TEST_STEP][PASSED] - maximizeWindow(): Current window maximized

2023-02-08 18:13:45 - [MESSAGE][PASSED] - Current window maximized

2023-02-08 18:13:45 - [TEST_STEP][PASSED] - genRemID = RandomStringUtils.random(12, true, true): null

2023-02-08 18:13:45 - [TEST_STEP][PASSED] - setText(findTestObject("Object Repository/RecAndPlayBk/Page-Vlink-Sale/input_Remittance Id_remittance_id"), genRemID): Text 'hsD9pFLWQaRo' is set on object 'Object Repository/RecAndPlayBk/Page-Vlink-Sale/input_Remittance Id_remittance_id'

2023-02-08 18:13:45 - [MESSAGE][PASSED] - Text 'hsD9pFLWQaRo' is set on object 'Object Repository/RecAndPlayBk/Page-Vlink-Sale/input_Remittance Id_remittance_id'

2023-02-08 18:13:45 - [TEST_STEP][PASSED] - setText(findTestObject("Object Repository/RecAndPlayBk/Page-Vlink-Sale/input_Application Id_application_id"), appID): Text '234' is set on object 'Object Repository/RecAndPlayBk/Page-Vlink-Sale/input_Application Id_application_id'

2023-02-08 18:13:46 - [MESSAGE][PASSED] - Text '234' is set on object 'Object Repository/RecAndPlayBk/Page-Vlink-Sale/input_Application Id_application_id'

2023-02-08 18:13:46 - [TEST_STEP][PASSED] - setText(findTestObject("Object Repository/RecAndPlayBk/Page-Vlink-Sale/input_Username_username"), username): Text 'username' is set on object 'Object Repository/RecAndPlayBk/Page-Vlink-Sale/input_Username_username'

2023-02-08 18:13:47 - [MESSAGE][PASSED] - Text 'username' is set on object 'Object Repository/RecAndPlayBk/Page-Vlink-Sale/input_Username_username'

2023-02-08 18:13:47 - [TEST_STEP][PASSED] - setText(findTestObject("Object Repository/RecAndPlayBk/Page-Vlink-Sale/input_Password_password"), password): Text 'password' is set on object 'Object Repository/RecAndPlayBk/Page-Vlink-Sale/input_Password_password'

2023-02-08 18:13:47 - [MESSAGE][PASSED] - Text 'password' is set on object 'Object Repository/RecAndPlayBk/Page-Vlink-Sale/input_Password_password'

2023-02-08 18:13:47 - [TEST_STEP][PASSED] - setText(findTestObject("Object Repository/RecAndPlayBk/Page-Vlink-Sale/input_Category_category"), category): Text 'RETL' is set on object 'Object Repository/RecAndPlayBk/Page-Vlink-Sale/input_Category_category'

2023-02-08 18:13:48 - [MESSAGE][PASSED] - Text 'RETL' is set on object 'Object Repository/RecAndPlayBk/Page-Vlink-Sale/input_Category_category'

2023-02-08 18:13:48 - [TEST_STEP][PASSED] - setText(findTestObject("Object Repository/RecAndPlayBk/Page-Vlink-Sale/input_Amount_amount"), amount): Text '10.5' is set on object 'Object Repository/RecAndPlayBk/Page-Vlink-Sale/input_Amount_amount'

2023-02-08 18:13:48 - [MESSAGE][PASSED] - Text '10.5' is set on object 'Object Repository/RecAndPlayBk/Page-Vlink-Sale/input_Amount_amount'

2023-02-08 18:13:48 - [TEST_STEP][PASSED] - doubleClick(findTestObject("Object Repository/RecAndPlayBk/Page-Vlink-Sale/input_Card number_card_number")): Object: 'Object Repository/RecAndPlayBk/Page-Vlink-Sale/input_Card number_card_number' is double clicked on

2023-02-08 18:13:49 - [MESSAGE][PASSED] - Object: 'Object Repository/RecAndPlayBk/Page-Vlink-Sale/input_Card number_card_number' is double clicked on

2023-02-08 18:13:49 - [TEST_STEP][PASSED] - setText(findTestObject("Object Repository/RecAndPlayBk/Page-Vlink-Sale/input_Card number_card_number"), cardNumber): Text '370000000000002' is set on object 'Object Repository/RecAndPlayBk/Page-Vlink-Sale/input_Card number_card_number'

2023-02-08 18:13:50 - [MESSAGE][PASSED] - Text '370000000000002' is set on object 'Object Repository/RecAndPlayBk/Page-Vlink-Sale/input_Card number_card_number'

2023-02-08 18:13:50 - [TEST_STEP][PASSED] - setText(findTestObject("Object Repository/RecAndPlayBk/Page-Vlink-Sale/input_Card ex month_card_exmo"), exM): Text '12' is set on object 'Object Repository/RecAndPlayBk/Page-Vlink-Sale/input_Card ex month_card_exmo'

2023-02-08 18:13:50 - [MESSAGE][PASSED] - Text '12' is set on object 'Object Repository/RecAndPlayBk/Page-Vlink-Sale/input_Card ex month_card_exmo'

2023-02-08 18:13:50 - [TEST_STEP][PASSED] - setText(findTestObject("Object Repository/RecAndPlayBk/Page-Vlink-Sale/input_Card ex year_card_exyr"), exY): Text '2029' is set on object 'Object Repository/RecAndPlayBk/Page-Vlink-Sale/input_Card ex year_card_exyr'

2023-02-08 18:13:51 - [MESSAGE][PASSED] - Text '2029' is set on object 'Object Repository/RecAndPlayBk/Page-Vlink-Sale/input_Card ex year_card_exyr'

2023-02-08 18:13:51 - [TEST_STEP][PASSED] - click(findTestObject("Object Repository/RecAndPlayBk/Page-Vlink-Sale/input_Track Data_track_data")): Object: 'Object Repository/RecAndPlayBk/Page-Vlink-Sale/input_Track Data_track_data' is clicked on

2023-02-08 18:13:51 - [MESSAGE][PASSED] - Object: 'Object Repository/RecAndPlayBk/Page-Vlink-Sale/input_Track Data_track_data' is clicked on

2023-02-08 18:13:51 - [TEST_STEP][PASSED] - click(findTestObject("Object Repository/RecAndPlayBk/Page-Vlink-Sale/input_CVV state_cvv_state")): Object: 'Object Repository/RecAndPlayBk/Page-Vlink-Sale/input_CVV state_cvv_state' is clicked on

2023-02-08 18:13:51 - [MESSAGE][PASSED] - Object: 'Object Repository/RecAndPlayBk/Page-Vlink-Sale/input_CVV state_cvv_state' is clicked on

2023-02-08 18:13:51 - [TEST_STEP][PASSED] - setText(findTestObject("Object Repository/RecAndPlayBk/Page-Vlink-Sale/input_Track Data_track_data"), ""): Text '' is set on object 'Object Repository/RecAndPlayBk/Page-Vlink-Sale/input_Track Data_track_data'

2023-02-08 18:13:52 - [MESSAGE][PASSED] - Text '' is set on object 'Object Repository/RecAndPlayBk/Page-Vlink-Sale/input_Track Data_track_data'

2023-02-08 18:13:52 - [TEST_STEP][PASSED] - setText(findTestObject("Object Repository/RecAndPlayBk/Page-Vlink-Sale/input_concat(Cardholder, , s email)_email"), ""): Text '' is set on object 'Object Repository/RecAndPlayBk/Page-Vlink-Sale/input_concat(Cardholder, , s email)_email'

2023-02-08 18:13:53 - [MESSAGE][PASSED] - Text '' is set on object 'Object Repository/RecAndPlayBk/Page-Vlink-Sale/input_concat(Cardholder, , s email)_email'

2023-02-08 18:13:53 - [TEST_STEP][PASSED] - click(findTestObject("Object Repository/RecAndPlayBk/Page-Vlink-Sale/input_user_defined10_user_defined10")): Object: 'Object Repository/RecAndPlayBk/Page-Vlink-Sale/input_user_defined10_user_defined10' is clicked on

2023-02-08 18:13:53 - [MESSAGE][PASSED] - Object: 'Object Repository/RecAndPlayBk/Page-Vlink-Sale/input_user_defined10_user_defined10' is clicked on

2023-02-08 18:13:53 - [TEST_STEP][PASSED] - if (executionProfile.equalsIgnoreCase("QAProfile") || executionProfile.equalsIgnoreCase("DemoProfile")): Text '' is set on object 'Object Repository/RecAndPlayBk/Page-Vlink-Sale/input_COF Transaction Initiated by_cof_tran_6cded5'

2023-02-08 18:13:53 - [TEST_STEP][PASSED] - setText(findTestObject("Object Repository/RecAndPlayBk/Page-Vlink-Sale/input_Card on File Indicator_card_on_file_i_157dae"), ""): Text '' is set on object 'Object Repository/RecAndPlayBk/Page-Vlink-Sale/input_Card on File Indicator_card_on_file_i_157dae'

2023-02-08 18:13:54 - [MESSAGE][PASSED] - Text '' is set on object 'Object Repository/RecAndPlayBk/Page-Vlink-Sale/input_Card on File Indicator_card_on_file_i_157dae'

2023-02-08 18:13:54 - [TEST_STEP][PASSED] - setText(findTestObject("Object Repository/RecAndPlayBk/Page-Vlink-Sale/input_Stored Credential Indicator_stored_cr_4ae73c"), ""): Text '' is set on object 'Object Repository/RecAndPlayBk/Page-Vlink-Sale/input_Stored Credential Indicator_stored_cr_4ae73c'

2023-02-08 18:13:54 - [MESSAGE][PASSED] - Text '' is set on object 'Object Repository/RecAndPlayBk/Page-Vlink-Sale/input_Stored Credential Indicator_stored_cr_4ae73c'

2023-02-08 18:13:54 - [TEST_STEP][PASSED] - setText(findTestObject("Object Repository/RecAndPlayBk/Page-Vlink-Sale/input_COF Scheduled indicator_cof_scheduled_8df7d8"), ""): Text '' is set on object 'Object Repository/RecAndPlayBk/Page-Vlink-Sale/input_COF Scheduled indicator_cof_scheduled_8df7d8'

2023-02-08 18:13:55 - [MESSAGE][PASSED] - Text '' is set on object 'Object Repository/RecAndPlayBk/Page-Vlink-Sale/input_COF Scheduled indicator_cof_scheduled_8df7d8'

2023-02-08 18:13:55 - [TEST_STEP][PASSED] - setText(findTestObject("Object Repository/RecAndPlayBk/Page-Vlink-Sale/input_COF Transaction Initiated by_cof_tran_6cded5"), ""): Text '' is set on object 'Object Repository/RecAndPlayBk/Page-Vlink-Sale/input_COF Transaction Initiated by_cof_tran_6cded5'

2023-02-08 18:13:55 - [MESSAGE][PASSED] - Text '' is set on object 'Object Repository/RecAndPlayBk/Page-Vlink-Sale/input_COF Transaction Initiated by_cof_tran_6cded5'

2023-02-08 18:13:55 - [TEST_STEP][PASSED] - click(findTestObject("Object Repository/RecAndPlayBk/Page-Vlink-Sale/input")): Object: 'Object Repository/RecAndPlayBk/Page-Vlink-Sale/input' is clicked on

2023-02-08 18:13:56 - [MESSAGE][PASSED] - Object: 'Object Repository/RecAndPlayBk/Page-Vlink-Sale/input' is clicked on

2023-02-08 18:13:56 - [TEST_STEP][PASSED] - if (verifyTextPresent("Transaction approved, no errors", true)): null

2023-02-08 18:13:57 - [MESSAGE][PASSED] - Text 'Transaction approved, no errors' is present on page  using regular expression

2023-02-08 18:13:57 - [TEST_STEP][PASSED] - println("Transaction Approved, no errors text is present on the Confirmation page"): null

2023-02-08 18:13:57 - [TEST_STEP][PASSED] - sdfo = getText(findTestObject("Object Repository/Page_VLinkReceipt/pre_STX")): Text of object 'Object Repository/Page_VLinkReceipt/pre_STX' is: '<STX>hsD9pFLWQaRo                  12125193            0  Transaction approved, no errors                   0                                                                                  Y 040855629<ETX>'

2023-02-08 18:13:57 - [MESSAGE][PASSED] - Text of object 'Object Repository/Page_VLinkReceipt/pre_STX' is: '<STX>hsD9pFLWQaRo                  12125193            0  Transaction approved, no errors                   0                                                                                  Y 040855629<ETX>'

2023-02-08 18:13:57 - [TEST_STEP][PASSED] - out.println("sdfo: " + sdfo): null

2023-02-08 18:13:57 - [TEST_STEP][PASSED] - remID = substring(5, 35).trim(): null

2023-02-08 18:13:57 - [TEST_STEP][PASSED] - out.println("remID: " + remID): null

2023-02-08 18:13:57 - [TEST_STEP][PASSED] - traxID = substring(35, 55).trim(): null

2023-02-08 18:13:57 - [TEST_STEP][PASSED] - out.println("traxID: " + traxID): null

2023-02-08 18:13:57 - [TEST_STEP][PASSED] - VLinkSaleRemID = remID: null

2023-02-08 18:13:57 - [TEST_STEP][PASSED] - VLinkSaleTranxID = traxID: null

2023-02-08 18:13:57 - [TEST_STEP][PASSED] - openBrowser(VLinkURL + "CC_credit.html"): Browser is opened with url: 'https://dev-algorithm.govolution.com/vlinktest/QA/version_2_0/CC_credit.html'

2023-02-08 18:13:57 - [MESSAGE][WARNING] - A browser is already opened. Closing browser and opening a new one

2023-02-08 18:13:58 - [MESSAGE][INFO] - Starting 'Chrome' driver

2023-02-08 18:13:58 - [MESSAGE][INFO] - User set preference: ['acceptInsecureCerts', 'true']

2023-02-08 18:13:58 - [MESSAGE][INFO] - Action delay is set to 0 milliseconds

2023-02-08 18:14:00 - [MESSAGE][PASSED] - Browser is opened with url: 'https://dev-algorithm.govolution.com/vlinktest/QA/version_2_0/CC_credit.html'

2023-02-08 18:14:00 - [TEST_STEP][PASSED] - maximizeWindow(): Current window maximized

2023-02-08 18:14:00 - [MESSAGE][PASSED] - Current window maximized

2023-02-08 18:14:00 - [TEST_STEP][PASSED] - setText(findTestObject("Object Repository/RecAndPlayBk/Page-Vlink-CC-Credit/input_Remittance Id"), VLinkSaleRemID): Text 'hsD9pFLWQaRo' is set on object 'Object Repository/RecAndPlayBk/Page-Vlink-CC-Credit/input_Remittance Id'

2023-02-08 18:14:00 - [MESSAGE][PASSED] - Text 'hsD9pFLWQaRo' is set on object 'Object Repository/RecAndPlayBk/Page-Vlink-CC-Credit/input_Remittance Id'

2023-02-08 18:14:00 - [TEST_STEP][PASSED] - setText(findTestObject("Object Repository/RecAndPlayBk/Page-Vlink-CC-Credit/input_Application Id"), appID): Text '234' is set on object 'Object Repository/RecAndPlayBk/Page-Vlink-CC-Credit/input_Application Id'

2023-02-08 18:14:01 - [MESSAGE][PASSED] - Text '234' is set on object 'Object Repository/RecAndPlayBk/Page-Vlink-CC-Credit/input_Application Id'

2023-02-08 18:14:01 - [TEST_STEP][PASSED] - setText(findTestObject("Object Repository/RecAndPlayBk/Page-Vlink-CC-Credit/input_Username"), username): Text 'username' is set on object 'Object Repository/RecAndPlayBk/Page-Vlink-CC-Credit/input_Username'

2023-02-08 18:14:02 - [MESSAGE][PASSED] - Text 'username' is set on object 'Object Repository/RecAndPlayBk/Page-Vlink-CC-Credit/input_Username'

2023-02-08 18:14:02 - [TEST_STEP][PASSED] - setText(findTestObject("Object Repository/RecAndPlayBk/Page-Vlink-CC-Credit/input_Password"), password): Text 'password' is set on object 'Object Repository/RecAndPlayBk/Page-Vlink-CC-Credit/input_Password'

2023-02-08 18:14:02 - [MESSAGE][PASSED] - Text 'password' is set on object 'Object Repository/RecAndPlayBk/Page-Vlink-CC-Credit/input_Password'

2023-02-08 18:14:02 - [TEST_STEP][PASSED] - setText(findTestObject("Object Repository/RecAndPlayBk/Page-Vlink-CC-Credit/input_Transaction ID"), VLinkSaleTranxID): Text '12125193' is set on object 'Object Repository/RecAndPlayBk/Page-Vlink-CC-Credit/input_Transaction ID'

2023-02-08 18:14:03 - [MESSAGE][PASSED] - Text '12125193' is set on object 'Object Repository/RecAndPlayBk/Page-Vlink-CC-Credit/input_Transaction ID'

2023-02-08 18:14:03 - [TEST_STEP][PASSED] - setText(findTestObject("Object Repository/RecAndPlayBk/Page-Vlink-CC-Credit/input_Amount"), amount): Text '10.5' is set on object 'Object Repository/RecAndPlayBk/Page-Vlink-CC-Credit/input_Amount'

2023-02-08 18:14:03 - [MESSAGE][PASSED] - Text '10.5' is set on object 'Object Repository/RecAndPlayBk/Page-Vlink-CC-Credit/input_Amount'

2023-02-08 18:14:03 - [TEST_STEP][PASSED] - setText(findTestObject("Object Repository/RecAndPlayBk/Page-Vlink-CC-Credit/input_Card number"), ""): Text '' is set on object 'Object Repository/RecAndPlayBk/Page-Vlink-CC-Credit/input_Card number'

2023-02-08 18:14:04 - [MESSAGE][PASSED] - Text '' is set on object 'Object Repository/RecAndPlayBk/Page-Vlink-CC-Credit/input_Card number'

2023-02-08 18:14:04 - [TEST_STEP][PASSED] - setText(findTestObject("Object Repository/RecAndPlayBk/Page-Vlink-CC-Credit/input_Card ex month"), ""): Text '' is set on object 'Object Repository/RecAndPlayBk/Page-Vlink-CC-Credit/input_Card ex month'

2023-02-08 18:14:05 - [MESSAGE][PASSED] - Text '' is set on object 'Object Repository/RecAndPlayBk/Page-Vlink-CC-Credit/input_Card ex month'

2023-02-08 18:14:05 - [TEST_STEP][PASSED] - setText(findTestObject("Object Repository/RecAndPlayBk/Page-Vlink-CC-Credit/input_Card ex year"), ""): Text '' is set on object 'Object Repository/RecAndPlayBk/Page-Vlink-CC-Credit/input_Card ex year'

2023-02-08 18:14:05 - [MESSAGE][PASSED] - Text '' is set on object 'Object Repository/RecAndPlayBk/Page-Vlink-CC-Credit/input_Card ex year'

2023-02-08 18:14:05 - [TEST_STEP][PASSED] - setText(findTestObject("Object Repository/RecAndPlayBk/Page-Vlink-CC-Credit/input_Track Data"), ""): Text '' is set on object 'Object Repository/RecAndPlayBk/Page-Vlink-CC-Credit/input_Track Data'

2023-02-08 18:14:06 - [MESSAGE][PASSED] - Text '' is set on object 'Object Repository/RecAndPlayBk/Page-Vlink-CC-Credit/input_Track Data'

2023-02-08 18:14:06 - [TEST_STEP][PASSED] - setText(findTestObject("Object Repository/RecAndPlayBk/Page-Vlink-CC-Credit/input_Category Code"), category): Text 'RETL' is set on object 'Object Repository/RecAndPlayBk/Page-Vlink-CC-Credit/input_Category Code'

2023-02-08 18:14:06 - [MESSAGE][PASSED] - Text 'RETL' is set on object 'Object Repository/RecAndPlayBk/Page-Vlink-CC-Credit/input_Category Code'

2023-02-08 18:14:06 - [TEST_STEP][PASSED] - click(findTestObject("Object Repository/RecAndPlayBk/Page-Vlink-CC-Credit/input")): Object: 'Object Repository/RecAndPlayBk/Page-Vlink-CC-Credit/input' is clicked on

2023-02-08 18:14:08 - [MESSAGE][PASSED] - Object: 'Object Repository/RecAndPlayBk/Page-Vlink-CC-Credit/input' is clicked on

2023-02-08 18:14:08 - [TEST_STEP][PASSED] - if (verifyTextPresent("Transaction approved, no errors", true)): null

2023-02-08 18:14:08 - [MESSAGE][PASSED] - Text 'Transaction approved, no errors' is present on page  using regular expression

2023-02-08 18:14:08 - [TEST_STEP][PASSED] - println("Transaction Approved, no errors text is present on the Confirmation page"): null

2023-02-08 18:14:08 - [TEST_STEP][PASSED] - out.println("Pass Record Number: " + row): null

2023-02-08 18:14:08 - [TEST_STEP][PASSED] - resText = "Pass": null

2023-02-08 18:14:08 - [TEST_STEP][PASSED] - pages.WriteExcel.demoKey(resText, datText, resColumn, datCloumn, fileLoc, nameSheet, row): pages.WriteExcel.demoKey is PASSED

2023-02-08 18:14:08 - [MESSAGE][PASSED] - pages.WriteExcel.demoKey is PASSED

2023-02-08 18:14:08 - [TEST_STEP][PASSED] - ExecuteTC = findTestData(dataFile).getValue("Execute", row): null

2023-02-08 18:14:08 - [TEST_STEP][PASSED] - out.println("Value of Execute is : " + ExecuteTC): null

2023-02-08 18:14:08 - [TEST_STEP][PASSED] - switch (executionProfile): null

2023-02-08 18:14:08 - [TEST_STEP][PASSED] - case "QAProfile":: null

2023-02-08 18:14:08 - [TEST_STEP][PASSED] - appID = findTestData(dataFile).getValue("AppIDQA", row): null

2023-02-08 18:14:08 - [TEST_STEP][PASSED] - username = findTestData(dataFile).getValue("UsernameQA", row): null

2023-02-08 18:14:08 - [TEST_STEP][PASSED] - password = findTestData(dataFile).getValue("PasswordQA", row): null

2023-02-08 18:14:08 - [TEST_STEP][PASSED] - break: null

2023-02-08 18:14:08 - [TEST_STEP][PASSED] - if (ExecuteTC.equalsIgnoreCase("Y")): null

2023-02-08 18:14:08 - [TEST_STEP][PASSED] - out.println("Begin Record Number: " + row): null

2023-02-08 18:14:08 - [TEST_STEP][PASSED] - today = new java.util.Date(): null

2023-02-08 18:14:08 - [TEST_STEP][PASSED] - println(today): null

2023-02-08 18:14:08 - [TEST_STEP][PASSED] - datText = today: null

2023-02-08 18:14:08 - [TEST_STEP][PASSED] - category = findTestData(dataFile).getValue("Category", row): null

2023-02-08 18:14:09 - [TEST_STEP][PASSED] - amount = findTestData(dataFile).getValue("Amount", row): null

2023-02-08 18:14:09 - [TEST_STEP][PASSED] - cardNumber = findTestData(dataFile).getValue("CardNumber", row): null

2023-02-08 18:14:09 - [TEST_STEP][PASSED] - exM = findTestData(dataFile).getValue("ExM", row): null

2023-02-08 18:14:09 - [TEST_STEP][PASSED] - exY = findTestData(dataFile).getValue("ExY", row): null

2023-02-08 18:14:09 - [TEST_STEP][PASSED] - openBrowser(VLinkURL + "authcap.html"): Browser is opened with url: 'https://dev-algorithm.govolution.com/vlinktest/QA/version_2_0/authcap.html'

2023-02-08 18:14:09 - [MESSAGE][WARNING] - A browser is already opened. Closing browser and opening a new one

2023-02-08 18:14:10 - [MESSAGE][INFO] - Starting 'Chrome' driver

2023-02-08 18:14:10 - [MESSAGE][INFO] - User set preference: ['acceptInsecureCerts', 'true']

2023-02-08 18:14:10 - [MESSAGE][INFO] - Action delay is set to 0 milliseconds

2023-02-08 18:14:12 - [MESSAGE][PASSED] - Browser is opened with url: 'https://dev-algorithm.govolution.com/vlinktest/QA/version_2_0/authcap.html'

2023-02-08 18:14:12 - [TEST_STEP][PASSED] - maximizeWindow(): Current window maximized

2023-02-08 18:14:12 - [MESSAGE][PASSED] - Current window maximized

2023-02-08 18:14:12 - [TEST_STEP][PASSED] - maximizeWindow(): Current window maximized

2023-02-08 18:14:12 - [MESSAGE][PASSED] - Current window maximized

2023-02-08 18:14:12 - [TEST_STEP][PASSED] - genRemID = RandomStringUtils.random(12, true, true): null

2023-02-08 18:14:12 - [TEST_STEP][PASSED] - setText(findTestObject("Object Repository/RecAndPlayBk/Page-Vlink-Sale/input_Remittance Id_remittance_id"), genRemID): Text '2y2pfVUR48pi' is set on object 'Object Repository/RecAndPlayBk/Page-Vlink-Sale/input_Remittance Id_remittance_id'

2023-02-08 18:14:13 - [MESSAGE][PASSED] - Text '2y2pfVUR48pi' is set on object 'Object Repository/RecAndPlayBk/Page-Vlink-Sale/input_Remittance Id_remittance_id'

2023-02-08 18:14:13 - [TEST_STEP][PASSED] - setText(findTestObject("Object Repository/RecAndPlayBk/Page-Vlink-Sale/input_Application Id_application_id"), appID): Text '87' is set on object 'Object Repository/RecAndPlayBk/Page-Vlink-Sale/input_Application Id_application_id'

2023-02-08 18:14:13 - [MESSAGE][PASSED] - Text '87' is set on object 'Object Repository/RecAndPlayBk/Page-Vlink-Sale/input_Application Id_application_id'

2023-02-08 18:14:13 - [TEST_STEP][PASSED] - setText(findTestObject("Object Repository/RecAndPlayBk/Page-Vlink-Sale/input_Username_username"), username): Text 'username' is set on object 'Object Repository/RecAndPlayBk/Page-Vlink-Sale/input_Username_username'

2023-02-08 18:14:14 - [MESSAGE][PASSED] - Text 'username' is set on object 'Object Repository/RecAndPlayBk/Page-Vlink-Sale/input_Username_username'

2023-02-08 18:14:14 - [TEST_STEP][PASSED] - setText(findTestObject("Object Repository/RecAndPlayBk/Page-Vlink-Sale/input_Password_password"), password): Text 'password' is set on object 'Object Repository/RecAndPlayBk/Page-Vlink-Sale/input_Password_password'

2023-02-08 18:14:14 - [MESSAGE][PASSED] - Text 'password' is set on object 'Object Repository/RecAndPlayBk/Page-Vlink-Sale/input_Password_password'

2023-02-08 18:14:14 - [TEST_STEP][PASSED] - setText(findTestObject("Object Repository/RecAndPlayBk/Page-Vlink-Sale/input_Category_category"), category): Text 'ECOM' is set on object 'Object Repository/RecAndPlayBk/Page-Vlink-Sale/input_Category_category'

2023-02-08 18:14:15 - [MESSAGE][PASSED] - Text 'ECOM' is set on object 'Object Repository/RecAndPlayBk/Page-Vlink-Sale/input_Category_category'

2023-02-08 18:14:15 - [TEST_STEP][PASSED] - setText(findTestObject("Object Repository/RecAndPlayBk/Page-Vlink-Sale/input_Amount_amount"), amount): Text '10.5' is set on object 'Object Repository/RecAndPlayBk/Page-Vlink-Sale/input_Amount_amount'

2023-02-08 18:14:16 - [MESSAGE][PASSED] - Text '10.5' is set on object 'Object Repository/RecAndPlayBk/Page-Vlink-Sale/input_Amount_amount'

2023-02-08 18:14:16 - [TEST_STEP][PASSED] - doubleClick(findTestObject("Object Repository/RecAndPlayBk/Page-Vlink-Sale/input_Card number_card_number")): Object: 'Object Repository/RecAndPlayBk/Page-Vlink-Sale/input_Card number_card_number' is double clicked on

2023-02-08 18:14:16 - [MESSAGE][PASSED] - Object: 'Object Repository/RecAndPlayBk/Page-Vlink-Sale/input_Card number_card_number' is double clicked on

2023-02-08 18:14:16 - [TEST_STEP][PASSED] - setText(findTestObject("Object Repository/RecAndPlayBk/Page-Vlink-Sale/input_Card number_card_number"), cardNumber): Text '4012000098765439' is set on object 'Object Repository/RecAndPlayBk/Page-Vlink-Sale/input_Card number_card_number'

2023-02-08 18:14:17 - [MESSAGE][PASSED] - Text '4012000098765439' is set on object 'Object Repository/RecAndPlayBk/Page-Vlink-Sale/input_Card number_card_number'

2023-02-08 18:14:17 - [TEST_STEP][PASSED] - setText(findTestObject("Object Repository/RecAndPlayBk/Page-Vlink-Sale/input_Card ex month_card_exmo"), exM): Text '12' is set on object 'Object Repository/RecAndPlayBk/Page-Vlink-Sale/input_Card ex month_card_exmo'

2023-02-08 18:14:17 - [MESSAGE][PASSED] - Text '12' is set on object 'Object Repository/RecAndPlayBk/Page-Vlink-Sale/input_Card ex month_card_exmo'

2023-02-08 18:14:17 - [TEST_STEP][PASSED] - setText(findTestObject("Object Repository/RecAndPlayBk/Page-Vlink-Sale/input_Card ex year_card_exyr"), exY): Text '2029' is set on object 'Object Repository/RecAndPlayBk/Page-Vlink-Sale/input_Card ex year_card_exyr'

2023-02-08 18:14:18 - [MESSAGE][PASSED] - Text '2029' is set on object 'Object Repository/RecAndPlayBk/Page-Vlink-Sale/input_Card ex year_card_exyr'

2023-02-08 18:14:18 - [TEST_STEP][PASSED] - click(findTestObject("Object Repository/RecAndPlayBk/Page-Vlink-Sale/input_Track Data_track_data")): Object: 'Object Repository/RecAndPlayBk/Page-Vlink-Sale/input_Track Data_track_data' is clicked on

2023-02-08 18:14:18 - [MESSAGE][PASSED] - Object: 'Object Repository/RecAndPlayBk/Page-Vlink-Sale/input_Track Data_track_data' is clicked on

2023-02-08 18:14:18 - [TEST_STEP][PASSED] - click(findTestObject("Object Repository/RecAndPlayBk/Page-Vlink-Sale/input_CVV state_cvv_state")): Object: 'Object Repository/RecAndPlayBk/Page-Vlink-Sale/input_CVV state_cvv_state' is clicked on

2023-02-08 18:14:19 - [MESSAGE][PASSED] - Object: 'Object Repository/RecAndPlayBk/Page-Vlink-Sale/input_CVV state_cvv_state' is clicked on

2023-02-08 18:14:19 - [TEST_STEP][PASSED] - setText(findTestObject("Object Repository/RecAndPlayBk/Page-Vlink-Sale/input_Track Data_track_data"), ""): Text '' is set on object 'Object Repository/RecAndPlayBk/Page-Vlink-Sale/input_Track Data_track_data'

2023-02-08 18:14:19 - [MESSAGE][PASSED] - Text '' is set on object 'Object Repository/RecAndPlayBk/Page-Vlink-Sale/input_Track Data_track_data'

2023-02-08 18:14:19 - [TEST_STEP][PASSED] - setText(findTestObject("Object Repository/RecAndPlayBk/Page-Vlink-Sale/input_concat(Cardholder, , s email)_email"), ""): Text '' is set on object 'Object Repository/RecAndPlayBk/Page-Vlink-Sale/input_concat(Cardholder, , s email)_email'

2023-02-08 18:14:20 - [MESSAGE][PASSED] - Text '' is set on object 'Object Repository/RecAndPlayBk/Page-Vlink-Sale/input_concat(Cardholder, , s email)_email'

2023-02-08 18:14:20 - [TEST_STEP][PASSED] - click(findTestObject("Object Repository/RecAndPlayBk/Page-Vlink-Sale/input_user_defined10_user_defined10")): Object: 'Object Repository/RecAndPlayBk/Page-Vlink-Sale/input_user_defined10_user_defined10' is clicked on

2023-02-08 18:14:20 - [MESSAGE][PASSED] - Object: 'Object Repository/RecAndPlayBk/Page-Vlink-Sale/input_user_defined10_user_defined10' is clicked on

2023-02-08 18:14:20 - [TEST_STEP][PASSED] - if (executionProfile.equalsIgnoreCase("QAProfile") || executionProfile.equalsIgnoreCase("DemoProfile")): Text '' is set on object 'Object Repository/RecAndPlayBk/Page-Vlink-Sale/input_COF Transaction Initiated by_cof_tran_6cded5'

2023-02-08 18:14:20 - [TEST_STEP][PASSED] - setText(findTestObject("Object Repository/RecAndPlayBk/Page-Vlink-Sale/input_Card on File Indicator_card_on_file_i_157dae"), ""): Text '' is set on object 'Object Repository/RecAndPlayBk/Page-Vlink-Sale/input_Card on File Indicator_card_on_file_i_157dae'

2023-02-08 18:14:21 - [MESSAGE][PASSED] - Text '' is set on object 'Object Repository/RecAndPlayBk/Page-Vlink-Sale/input_Card on File Indicator_card_on_file_i_157dae'

2023-02-08 18:14:21 - [TEST_STEP][PASSED] - setText(findTestObject("Object Repository/RecAndPlayBk/Page-Vlink-Sale/input_Stored Credential Indicator_stored_cr_4ae73c"), ""): Text '' is set on object 'Object Repository/RecAndPlayBk/Page-Vlink-Sale/input_Stored Credential Indicator_stored_cr_4ae73c'

2023-02-08 18:14:21 - [MESSAGE][PASSED] - Text '' is set on object 'Object Repository/RecAndPlayBk/Page-Vlink-Sale/input_Stored Credential Indicator_stored_cr_4ae73c'

2023-02-08 18:14:21 - [TEST_STEP][PASSED] - setText(findTestObject("Object Repository/RecAndPlayBk/Page-Vlink-Sale/input_COF Scheduled indicator_cof_scheduled_8df7d8"), ""): Text '' is set on object 'Object Repository/RecAndPlayBk/Page-Vlink-Sale/input_COF Scheduled indicator_cof_scheduled_8df7d8'

2023-02-08 18:14:22 - [MESSAGE][PASSED] - Text '' is set on object 'Object Repository/RecAndPlayBk/Page-Vlink-Sale/input_COF Scheduled indicator_cof_scheduled_8df7d8'

2023-02-08 18:14:22 - [TEST_STEP][PASSED] - setText(findTestObject("Object Repository/RecAndPlayBk/Page-Vlink-Sale/input_COF Transaction Initiated by_cof_tran_6cded5"), ""): Text '' is set on object 'Object Repository/RecAndPlayBk/Page-Vlink-Sale/input_COF Transaction Initiated by_cof_tran_6cded5'

2023-02-08 18:14:23 - [MESSAGE][PASSED] - Text '' is set on object 'Object Repository/RecAndPlayBk/Page-Vlink-Sale/input_COF Transaction Initiated by_cof_tran_6cded5'

2023-02-08 18:14:23 - [TEST_STEP][PASSED] - click(findTestObject("Object Repository/RecAndPlayBk/Page-Vlink-Sale/input")): Object: 'Object Repository/RecAndPlayBk/Page-Vlink-Sale/input' is clicked on

2023-02-08 18:14:24 - [MESSAGE][PASSED] - Object: 'Object Repository/RecAndPlayBk/Page-Vlink-Sale/input' is clicked on

2023-02-08 18:14:24 - [TEST_STEP][PASSED] - if (verifyTextPresent("Transaction approved, no errors", true)): null

2023-02-08 18:14:24 - [MESSAGE][PASSED] - Text 'Transaction approved, no errors' is present on page  using regular expression

2023-02-08 18:14:24 - [TEST_STEP][PASSED] - println("Transaction Approved, no errors text is present on the Confirmation page"): null

2023-02-08 18:14:24 - [TEST_STEP][PASSED] - sdfo = getText(findTestObject("Object Repository/Page_VLinkReceipt/pre_STX")): Text of object 'Object Repository/Page_VLinkReceipt/pre_STX' is: '<STX>2y2pfVUR48pi                  12125195            0  Transaction approved, no errors                   0                                                                                  N TAS746   <ETX>'

2023-02-08 18:14:25 - [MESSAGE][PASSED] - Text of object 'Object Repository/Page_VLinkReceipt/pre_STX' is: '<STX>2y2pfVUR48pi                  12125195            0  Transaction approved, no errors                   0                                                                                  N TAS746   <ETX>'

2023-02-08 18:14:25 - [TEST_STEP][PASSED] - out.println("sdfo: " + sdfo): null

2023-02-08 18:14:25 - [TEST_STEP][PASSED] - remID = substring(5, 35).trim(): null

2023-02-08 18:14:25 - [TEST_STEP][PASSED] - out.println("remID: " + remID): null

2023-02-08 18:14:25 - [TEST_STEP][PASSED] - traxID = substring(35, 55).trim(): null

2023-02-08 18:14:25 - [TEST_STEP][PASSED] - out.println("traxID: " + traxID): null

2023-02-08 18:14:25 - [TEST_STEP][PASSED] - VLinkSaleRemID = remID: null

2023-02-08 18:14:25 - [TEST_STEP][PASSED] - VLinkSaleTranxID = traxID: null

2023-02-08 18:14:25 - [TEST_STEP][PASSED] - openBrowser(VLinkURL + "CC_credit.html"): Browser is opened with url: 'https://dev-algorithm.govolution.com/vlinktest/QA/version_2_0/CC_credit.html'

2023-02-08 18:14:25 - [MESSAGE][WARNING] - A browser is already opened. Closing browser and opening a new one

2023-02-08 18:14:26 - [MESSAGE][INFO] - Starting 'Chrome' driver

2023-02-08 18:14:26 - [MESSAGE][INFO] - User set preference: ['acceptInsecureCerts', 'true']

2023-02-08 18:14:26 - [MESSAGE][INFO] - Action delay is set to 0 milliseconds

2023-02-08 18:14:27 - [MESSAGE][PASSED] - Browser is opened with url: 'https://dev-algorithm.govolution.com/vlinktest/QA/version_2_0/CC_credit.html'

2023-02-08 18:14:27 - [TEST_STEP][PASSED] - maximizeWindow(): Current window maximized

2023-02-08 18:14:27 - [MESSAGE][PASSED] - Current window maximized

2023-02-08 18:14:27 - [TEST_STEP][PASSED] - setText(findTestObject("Object Repository/RecAndPlayBk/Page-Vlink-CC-Credit/input_Remittance Id"), VLinkSaleRemID): Text '2y2pfVUR48pi' is set on object 'Object Repository/RecAndPlayBk/Page-Vlink-CC-Credit/input_Remittance Id'

2023-02-08 18:14:28 - [MESSAGE][PASSED] - Text '2y2pfVUR48pi' is set on object 'Object Repository/RecAndPlayBk/Page-Vlink-CC-Credit/input_Remittance Id'

2023-02-08 18:14:28 - [TEST_STEP][PASSED] - setText(findTestObject("Object Repository/RecAndPlayBk/Page-Vlink-CC-Credit/input_Application Id"), appID): Text '87' is set on object 'Object Repository/RecAndPlayBk/Page-Vlink-CC-Credit/input_Application Id'

2023-02-08 18:14:29 - [MESSAGE][PASSED] - Text '87' is set on object 'Object Repository/RecAndPlayBk/Page-Vlink-CC-Credit/input_Application Id'

2023-02-08 18:14:29 - [TEST_STEP][PASSED] - setText(findTestObject("Object Repository/RecAndPlayBk/Page-Vlink-CC-Credit/input_Username"), username): Text 'username' is set on object 'Object Repository/RecAndPlayBk/Page-Vlink-CC-Credit/input_Username'

2023-02-08 18:14:29 - [MESSAGE][PASSED] - Text 'username' is set on object 'Object Repository/RecAndPlayBk/Page-Vlink-CC-Credit/input_Username'

2023-02-08 18:14:29 - [TEST_STEP][PASSED] - setText(findTestObject("Object Repository/RecAndPlayBk/Page-Vlink-CC-Credit/input_Password"), password): Text 'password' is set on object 'Object Repository/RecAndPlayBk/Page-Vlink-CC-Credit/input_Password'

2023-02-08 18:14:30 - [MESSAGE][PASSED] - Text 'password' is set on object 'Object Repository/RecAndPlayBk/Page-Vlink-CC-Credit/input_Password'

2023-02-08 18:14:30 - [TEST_STEP][PASSED] - setText(findTestObject("Object Repository/RecAndPlayBk/Page-Vlink-CC-Credit/input_Transaction ID"), VLinkSaleTranxID): Text '12125195' is set on object 'Object Repository/RecAndPlayBk/Page-Vlink-CC-Credit/input_Transaction ID'

2023-02-08 18:14:31 - [MESSAGE][PASSED] - Text '12125195' is set on object 'Object Repository/RecAndPlayBk/Page-Vlink-CC-Credit/input_Transaction ID'

2023-02-08 18:14:31 - [TEST_STEP][PASSED] - setText(findTestObject("Object Repository/RecAndPlayBk/Page-Vlink-CC-Credit/input_Amount"), amount): Text '10.5' is set on object 'Object Repository/RecAndPlayBk/Page-Vlink-CC-Credit/input_Amount'

2023-02-08 18:14:31 - [MESSAGE][PASSED] - Text '10.5' is set on object 'Object Repository/RecAndPlayBk/Page-Vlink-CC-Credit/input_Amount'

2023-02-08 18:14:31 - [TEST_STEP][PASSED] - setText(findTestObject("Object Repository/RecAndPlayBk/Page-Vlink-CC-Credit/input_Card number"), ""): Text '' is set on object 'Object Repository/RecAndPlayBk/Page-Vlink-CC-Credit/input_Card number'

2023-02-08 18:14:32 - [MESSAGE][PASSED] - Text '' is set on object 'Object Repository/RecAndPlayBk/Page-Vlink-CC-Credit/input_Card number'

2023-02-08 18:14:32 - [TEST_STEP][PASSED] - setText(findTestObject("Object Repository/RecAndPlayBk/Page-Vlink-CC-Credit/input_Card ex month"), ""): Text '' is set on object 'Object Repository/RecAndPlayBk/Page-Vlink-CC-Credit/input_Card ex month'

2023-02-08 18:14:32 - [MESSAGE][PASSED] - Text '' is set on object 'Object Repository/RecAndPlayBk/Page-Vlink-CC-Credit/input_Card ex month'

2023-02-08 18:14:32 - [TEST_STEP][PASSED] - setText(findTestObject("Object Repository/RecAndPlayBk/Page-Vlink-CC-Credit/input_Card ex year"), ""): Text '' is set on object 'Object Repository/RecAndPlayBk/Page-Vlink-CC-Credit/input_Card ex year'

2023-02-08 18:14:33 - [MESSAGE][PASSED] - Text '' is set on object 'Object Repository/RecAndPlayBk/Page-Vlink-CC-Credit/input_Card ex year'

2023-02-08 18:14:33 - [TEST_STEP][PASSED] - setText(findTestObject("Object Repository/RecAndPlayBk/Page-Vlink-CC-Credit/input_Track Data"), ""): Text '' is set on object 'Object Repository/RecAndPlayBk/Page-Vlink-CC-Credit/input_Track Data'

2023-02-08 18:14:34 - [MESSAGE][PASSED] - Text '' is set on object 'Object Repository/RecAndPlayBk/Page-Vlink-CC-Credit/input_Track Data'

2023-02-08 18:14:34 - [TEST_STEP][PASSED] - setText(findTestObject("Object Repository/RecAndPlayBk/Page-Vlink-CC-Credit/input_Category Code"), category): Text 'ECOM' is set on object 'Object Repository/RecAndPlayBk/Page-Vlink-CC-Credit/input_Category Code'

2023-02-08 18:14:34 - [MESSAGE][PASSED] - Text 'ECOM' is set on object 'Object Repository/RecAndPlayBk/Page-Vlink-CC-Credit/input_Category Code'

2023-02-08 18:14:34 - [TEST_STEP][PASSED] - click(findTestObject("Object Repository/RecAndPlayBk/Page-Vlink-CC-Credit/input")): Object: 'Object Repository/RecAndPlayBk/Page-Vlink-CC-Credit/input' is clicked on

2023-02-08 18:14:36 - [MESSAGE][PASSED] - Object: 'Object Repository/RecAndPlayBk/Page-Vlink-CC-Credit/input' is clicked on

2023-02-08 18:14:36 - [TEST_STEP][PASSED] - if (verifyTextPresent("Transaction approved, no errors", true)): null

2023-02-08 18:14:37 - [MESSAGE][PASSED] - Text 'Transaction approved, no errors' is present on page  using regular expression

2023-02-08 18:14:37 - [TEST_STEP][PASSED] - println("Transaction Approved, no errors text is present on the Confirmation page"): null

2023-02-08 18:14:37 - [TEST_STEP][PASSED] - out.println("Pass Record Number: " + row): null

2023-02-08 18:14:37 - [TEST_STEP][PASSED] - resText = "Pass": null

2023-02-08 18:14:37 - [TEST_STEP][PASSED] - pages.WriteExcel.demoKey(resText, datText, resColumn, datCloumn, fileLoc, nameSheet, row): pages.WriteExcel.demoKey is PASSED

2023-02-08 18:14:37 - [MESSAGE][PASSED] - pages.WriteExcel.demoKey is PASSED

2023-02-08 18:14:37 - [TEST_STEP][PASSED] - ExecuteTC = findTestData(dataFile).getValue("Execute", row): null

2023-02-08 18:14:37 - [TEST_STEP][PASSED] - out.println("Value of Execute is : " + ExecuteTC): null

2023-02-08 18:14:37 - [TEST_STEP][PASSED] - switch (executionProfile): null

2023-02-08 18:14:37 - [TEST_STEP][PASSED] - case "QAProfile":: null

2023-02-08 18:14:37 - [TEST_STEP][PASSED] - appID = findTestData(dataFile).getValue("AppIDQA", row): null

2023-02-08 18:14:37 - [TEST_STEP][PASSED] - username = findTestData(dataFile).getValue("UsernameQA", row): null

2023-02-08 18:14:37 - [TEST_STEP][PASSED] - password = findTestData(dataFile).getValue("PasswordQA", row): null

2023-02-08 18:14:37 - [TEST_STEP][PASSED] - break: null

2023-02-08 18:14:37 - [TEST_STEP][PASSED] - if (ExecuteTC.equalsIgnoreCase("Y")): null

2023-02-08 18:14:37 - [TEST_STEP][PASSED] - out.println("Begin Record Number: " + row): null

2023-02-08 18:14:37 - [TEST_STEP][PASSED] - today = new java.util.Date(): null

2023-02-08 18:14:37 - [TEST_STEP][PASSED] - println(today): null

2023-02-08 18:14:37 - [TEST_STEP][PASSED] - datText = today: null

2023-02-08 18:14:37 - [TEST_STEP][PASSED] - category = findTestData(dataFile).getValue("Category", row): null

2023-02-08 18:14:37 - [TEST_STEP][PASSED] - amount = findTestData(dataFile).getValue("Amount", row): null

2023-02-08 18:14:37 - [TEST_STEP][PASSED] - cardNumber = findTestData(dataFile).getValue("CardNumber", row): null

2023-02-08 18:14:37 - [TEST_STEP][PASSED] - exM = findTestData(dataFile).getValue("ExM", row): null

2023-02-08 18:14:37 - [TEST_STEP][PASSED] - exY = findTestData(dataFile).getValue("ExY", row): null

2023-02-08 18:14:38 - [TEST_STEP][PASSED] - openBrowser(VLinkURL + "authcap.html"): Browser is opened with url: 'https://dev-algorithm.govolution.com/vlinktest/QA/version_2_0/authcap.html'

2023-02-08 18:14:38 - [MESSAGE][WARNING] - A browser is already opened. Closing browser and opening a new one

2023-02-08 18:14:39 - [MESSAGE][INFO] - Starting 'Chrome' driver

2023-02-08 18:14:39 - [MESSAGE][INFO] - User set preference: ['acceptInsecureCerts', 'true']

2023-02-08 18:14:39 - [MESSAGE][INFO] - Action delay is set to 0 milliseconds

2023-02-08 18:14:40 - [MESSAGE][PASSED] - Browser is opened with url: 'https://dev-algorithm.govolution.com/vlinktest/QA/version_2_0/authcap.html'

2023-02-08 18:14:40 - [TEST_STEP][PASSED] - maximizeWindow(): Current window maximized

2023-02-08 18:14:40 - [MESSAGE][PASSED] - Current window maximized

2023-02-08 18:14:40 - [TEST_STEP][PASSED] - maximizeWindow(): Current window maximized

2023-02-08 18:14:40 - [MESSAGE][PASSED] - Current window maximized

2023-02-08 18:14:40 - [TEST_STEP][PASSED] - genRemID = RandomStringUtils.random(12, true, true): null

2023-02-08 18:14:40 - [TEST_STEP][PASSED] - setText(findTestObject("Object Repository/RecAndPlayBk/Page-Vlink-Sale/input_Remittance Id_remittance_id"), genRemID): Text '3xJ6bYbjHUGK' is set on object 'Object Repository/RecAndPlayBk/Page-Vlink-Sale/input_Remittance Id_remittance_id'

2023-02-08 18:14:41 - [MESSAGE][PASSED] - Text '3xJ6bYbjHUGK' is set on object 'Object Repository/RecAndPlayBk/Page-Vlink-Sale/input_Remittance Id_remittance_id'

2023-02-08 18:14:41 - [TEST_STEP][PASSED] - setText(findTestObject("Object Repository/RecAndPlayBk/Page-Vlink-Sale/input_Application Id_application_id"), appID): Text '581' is set on object 'Object Repository/RecAndPlayBk/Page-Vlink-Sale/input_Application Id_application_id'

2023-02-08 18:14:42 - [MESSAGE][PASSED] - Text '581' is set on object 'Object Repository/RecAndPlayBk/Page-Vlink-Sale/input_Application Id_application_id'

2023-02-08 18:14:42 - [TEST_STEP][PASSED] - setText(findTestObject("Object Repository/RecAndPlayBk/Page-Vlink-Sale/input_Username_username"), username): Text 'usr581' is set on object 'Object Repository/RecAndPlayBk/Page-Vlink-Sale/input_Username_username'

2023-02-08 18:14:42 - [MESSAGE][PASSED] - Text 'usr581' is set on object 'Object Repository/RecAndPlayBk/Page-Vlink-Sale/input_Username_username'

2023-02-08 18:14:42 - [TEST_STEP][PASSED] - setText(findTestObject("Object Repository/RecAndPlayBk/Page-Vlink-Sale/input_Password_password"), password): Text 'pwd581' is set on object 'Object Repository/RecAndPlayBk/Page-Vlink-Sale/input_Password_password'

2023-02-08 18:14:43 - [MESSAGE][PASSED] - Text 'pwd581' is set on object 'Object Repository/RecAndPlayBk/Page-Vlink-Sale/input_Password_password'

2023-02-08 18:14:43 - [TEST_STEP][PASSED] - setText(findTestObject("Object Repository/RecAndPlayBk/Page-Vlink-Sale/input_Category_category"), category): Text 'ECOM' is set on object 'Object Repository/RecAndPlayBk/Page-Vlink-Sale/input_Category_category'

2023-02-08 18:14:44 - [MESSAGE][PASSED] - Text 'ECOM' is set on object 'Object Repository/RecAndPlayBk/Page-Vlink-Sale/input_Category_category'

2023-02-08 18:14:44 - [TEST_STEP][PASSED] - setText(findTestObject("Object Repository/RecAndPlayBk/Page-Vlink-Sale/input_Amount_amount"), amount): Text '10.5' is set on object 'Object Repository/RecAndPlayBk/Page-Vlink-Sale/input_Amount_amount'

2023-02-08 18:14:44 - [MESSAGE][PASSED] - Text '10.5' is set on object 'Object Repository/RecAndPlayBk/Page-Vlink-Sale/input_Amount_amount'

2023-02-08 18:14:44 - [TEST_STEP][PASSED] - doubleClick(findTestObject("Object Repository/RecAndPlayBk/Page-Vlink-Sale/input_Card number_card_number")): Object: 'Object Repository/RecAndPlayBk/Page-Vlink-Sale/input_Card number_card_number' is double clicked on

2023-02-08 18:14:45 - [MESSAGE][PASSED] - Object: 'Object Repository/RecAndPlayBk/Page-Vlink-Sale/input_Card number_card_number' is double clicked on

2023-02-08 18:14:45 - [TEST_STEP][PASSED] - setText(findTestObject("Object Repository/RecAndPlayBk/Page-Vlink-Sale/input_Card number_card_number"), cardNumber): Text '5146312200000035' is set on object 'Object Repository/RecAndPlayBk/Page-Vlink-Sale/input_Card number_card_number'

2023-02-08 18:14:45 - [MESSAGE][PASSED] - Text '5146312200000035' is set on object 'Object Repository/RecAndPlayBk/Page-Vlink-Sale/input_Card number_card_number'

2023-02-08 18:14:45 - [TEST_STEP][PASSED] - setText(findTestObject("Object Repository/RecAndPlayBk/Page-Vlink-Sale/input_Card ex month_card_exmo"), exM): Text '12' is set on object 'Object Repository/RecAndPlayBk/Page-Vlink-Sale/input_Card ex month_card_exmo'

2023-02-08 18:14:46 - [MESSAGE][PASSED] - Text '12' is set on object 'Object Repository/RecAndPlayBk/Page-Vlink-Sale/input_Card ex month_card_exmo'

2023-02-08 18:14:46 - [TEST_STEP][PASSED] - setText(findTestObject("Object Repository/RecAndPlayBk/Page-Vlink-Sale/input_Card ex year_card_exyr"), exY): Text '2029' is set on object 'Object Repository/RecAndPlayBk/Page-Vlink-Sale/input_Card ex year_card_exyr'

2023-02-08 18:14:47 - [MESSAGE][PASSED] - Text '2029' is set on object 'Object Repository/RecAndPlayBk/Page-Vlink-Sale/input_Card ex year_card_exyr'

2023-02-08 18:14:47 - [TEST_STEP][PASSED] - click(findTestObject("Object Repository/RecAndPlayBk/Page-Vlink-Sale/input_Track Data_track_data")): Object: 'Object Repository/RecAndPlayBk/Page-Vlink-Sale/input_Track Data_track_data' is clicked on

2023-02-08 18:14:47 - [MESSAGE][PASSED] - Object: 'Object Repository/RecAndPlayBk/Page-Vlink-Sale/input_Track Data_track_data' is clicked on

2023-02-08 18:14:47 - [TEST_STEP][PASSED] - click(findTestObject("Object Repository/RecAndPlayBk/Page-Vlink-Sale/input_CVV state_cvv_state")): Object: 'Object Repository/RecAndPlayBk/Page-Vlink-Sale/input_CVV state_cvv_state' is clicked on

2023-02-08 18:14:47 - [MESSAGE][PASSED] - Object: 'Object Repository/RecAndPlayBk/Page-Vlink-Sale/input_CVV state_cvv_state' is clicked on

2023-02-08 18:14:47 - [TEST_STEP][PASSED] - setText(findTestObject("Object Repository/RecAndPlayBk/Page-Vlink-Sale/input_Track Data_track_data"), ""): Text '' is set on object 'Object Repository/RecAndPlayBk/Page-Vlink-Sale/input_Track Data_track_data'

2023-02-08 18:14:48 - [MESSAGE][PASSED] - Text '' is set on object 'Object Repository/RecAndPlayBk/Page-Vlink-Sale/input_Track Data_track_data'

2023-02-08 18:14:48 - [TEST_STEP][PASSED] - setText(findTestObject("Object Repository/RecAndPlayBk/Page-Vlink-Sale/input_concat(Cardholder, , s email)_email"), ""): Text '' is set on object 'Object Repository/RecAndPlayBk/Page-Vlink-Sale/input_concat(Cardholder, , s email)_email'

2023-02-08 18:14:48 - [MESSAGE][PASSED] - Text '' is set on object 'Object Repository/RecAndPlayBk/Page-Vlink-Sale/input_concat(Cardholder, , s email)_email'

2023-02-08 18:14:48 - [TEST_STEP][PASSED] - click(findTestObject("Object Repository/RecAndPlayBk/Page-Vlink-Sale/input_user_defined10_user_defined10")): Object: 'Object Repository/RecAndPlayBk/Page-Vlink-Sale/input_user_defined10_user_defined10' is clicked on

2023-02-08 18:14:49 - [MESSAGE][PASSED] - Object: 'Object Repository/RecAndPlayBk/Page-Vlink-Sale/input_user_defined10_user_defined10' is clicked on

2023-02-08 18:14:49 - [TEST_STEP][PASSED] - if (executionProfile.equalsIgnoreCase("QAProfile") || executionProfile.equalsIgnoreCase("DemoProfile")): Text '' is set on object 'Object Repository/RecAndPlayBk/Page-Vlink-Sale/input_COF Transaction Initiated by_cof_tran_6cded5'

2023-02-08 18:14:49 - [TEST_STEP][PASSED] - setText(findTestObject("Object Repository/RecAndPlayBk/Page-Vlink-Sale/input_Card on File Indicator_card_on_file_i_157dae"), ""): Text '' is set on object 'Object Repository/RecAndPlayBk/Page-Vlink-Sale/input_Card on File Indicator_card_on_file_i_157dae'

2023-02-08 18:14:49 - [MESSAGE][PASSED] - Text '' is set on object 'Object Repository/RecAndPlayBk/Page-Vlink-Sale/input_Card on File Indicator_card_on_file_i_157dae'

2023-02-08 18:14:49 - [TEST_STEP][PASSED] - setText(findTestObject("Object Repository/RecAndPlayBk/Page-Vlink-Sale/input_Stored Credential Indicator_stored_cr_4ae73c"), ""): Text '' is set on object 'Object Repository/RecAndPlayBk/Page-Vlink-Sale/input_Stored Credential Indicator_stored_cr_4ae73c'

2023-02-08 18:14:50 - [MESSAGE][PASSED] - Text '' is set on object 'Object Repository/RecAndPlayBk/Page-Vlink-Sale/input_Stored Credential Indicator_stored_cr_4ae73c'

2023-02-08 18:14:50 - [TEST_STEP][PASSED] - setText(findTestObject("Object Repository/RecAndPlayBk/Page-Vlink-Sale/input_COF Scheduled indicator_cof_scheduled_8df7d8"), ""): Text '' is set on object 'Object Repository/RecAndPlayBk/Page-Vlink-Sale/input_COF Scheduled indicator_cof_scheduled_8df7d8'

2023-02-08 18:14:51 - [MESSAGE][PASSED] - Text '' is set on object 'Object Repository/RecAndPlayBk/Page-Vlink-Sale/input_COF Scheduled indicator_cof_scheduled_8df7d8'

2023-02-08 18:14:51 - [TEST_STEP][PASSED] - setText(findTestObject("Object Repository/RecAndPlayBk/Page-Vlink-Sale/input_COF Transaction Initiated by_cof_tran_6cded5"), ""): Text '' is set on object 'Object Repository/RecAndPlayBk/Page-Vlink-Sale/input_COF Transaction Initiated by_cof_tran_6cded5'

2023-02-08 18:14:51 - [MESSAGE][PASSED] - Text '' is set on object 'Object Repository/RecAndPlayBk/Page-Vlink-Sale/input_COF Transaction Initiated by_cof_tran_6cded5'

2023-02-08 18:14:51 - [TEST_STEP][PASSED] - click(findTestObject("Object Repository/RecAndPlayBk/Page-Vlink-Sale/input")): Object: 'Object Repository/RecAndPlayBk/Page-Vlink-Sale/input' is clicked on

2023-02-08 18:14:52 - [MESSAGE][PASSED] - Object: 'Object Repository/RecAndPlayBk/Page-Vlink-Sale/input' is clicked on

2023-02-08 18:14:52 - [TEST_STEP][PASSED] - if (verifyTextPresent("Transaction approved, no errors", true)): null

2023-02-08 18:14:52 - [MESSAGE][PASSED] - Text 'Transaction approved, no errors' is present on page  using regular expression

2023-02-08 18:14:52 - [TEST_STEP][PASSED] - println("Transaction Approved, no errors text is present on the Confirmation page"): null

2023-02-08 18:14:52 - [TEST_STEP][PASSED] - sdfo = getText(findTestObject("Object Repository/Page_VLinkReceipt/pre_STX")): Text of object 'Object Repository/Page_VLinkReceipt/pre_STX' is: '<STX>3xJ6bYbjHUGK                  12125197            0  Transaction approved, no errors                   0                                                                                  Y 000021   <ETX>'

2023-02-08 18:14:53 - [MESSAGE][PASSED] - Text of object 'Object Repository/Page_VLinkReceipt/pre_STX' is: '<STX>3xJ6bYbjHUGK                  12125197            0  Transaction approved, no errors                   0                                                                                  Y 000021   <ETX>'

2023-02-08 18:14:53 - [TEST_STEP][PASSED] - out.println("sdfo: " + sdfo): null

2023-02-08 18:14:53 - [TEST_STEP][PASSED] - remID = substring(5, 35).trim(): null

2023-02-08 18:14:53 - [TEST_STEP][PASSED] - out.println("remID: " + remID): null

2023-02-08 18:14:53 - [TEST_STEP][PASSED] - traxID = substring(35, 55).trim(): null

2023-02-08 18:14:53 - [TEST_STEP][PASSED] - out.println("traxID: " + traxID): null

2023-02-08 18:14:53 - [TEST_STEP][PASSED] - VLinkSaleRemID = remID: null

2023-02-08 18:14:53 - [TEST_STEP][PASSED] - VLinkSaleTranxID = traxID: null

2023-02-08 18:14:53 - [TEST_STEP][PASSED] - openBrowser(VLinkURL + "CC_credit.html"): Browser is opened with url: 'https://dev-algorithm.govolution.com/vlinktest/QA/version_2_0/CC_credit.html'

2023-02-08 18:14:53 - [MESSAGE][WARNING] - A browser is already opened. Closing browser and opening a new one

2023-02-08 18:14:54 - [MESSAGE][INFO] - Starting 'Chrome' driver

2023-02-08 18:14:54 - [MESSAGE][INFO] - User set preference: ['acceptInsecureCerts', 'true']

2023-02-08 18:14:54 - [MESSAGE][INFO] - Action delay is set to 0 milliseconds

2023-02-08 18:14:56 - [MESSAGE][PASSED] - Browser is opened with url: 'https://dev-algorithm.govolution.com/vlinktest/QA/version_2_0/CC_credit.html'

2023-02-08 18:14:56 - [TEST_STEP][PASSED] - maximizeWindow(): Current window maximized

2023-02-08 18:14:56 - [MESSAGE][PASSED] - Current window maximized

2023-02-08 18:14:56 - [TEST_STEP][PASSED] - setText(findTestObject("Object Repository/RecAndPlayBk/Page-Vlink-CC-Credit/input_Remittance Id"), VLinkSaleRemID): Text '3xJ6bYbjHUGK' is set on object 'Object Repository/RecAndPlayBk/Page-Vlink-CC-Credit/input_Remittance Id'

2023-02-08 18:14:57 - [MESSAGE][PASSED] - Text '3xJ6bYbjHUGK' is set on object 'Object Repository/RecAndPlayBk/Page-Vlink-CC-Credit/input_Remittance Id'

2023-02-08 18:14:57 - [TEST_STEP][PASSED] - setText(findTestObject("Object Repository/RecAndPlayBk/Page-Vlink-CC-Credit/input_Application Id"), appID): Text '581' is set on object 'Object Repository/RecAndPlayBk/Page-Vlink-CC-Credit/input_Application Id'

2023-02-08 18:14:57 - [MESSAGE][PASSED] - Text '581' is set on object 'Object Repository/RecAndPlayBk/Page-Vlink-CC-Credit/input_Application Id'

2023-02-08 18:14:57 - [TEST_STEP][PASSED] - setText(findTestObject("Object Repository/RecAndPlayBk/Page-Vlink-CC-Credit/input_Username"), username): Text 'usr581' is set on object 'Object Repository/RecAndPlayBk/Page-Vlink-CC-Credit/input_Username'

2023-02-08 18:14:58 - [MESSAGE][PASSED] - Text 'usr581' is set on object 'Object Repository/RecAndPlayBk/Page-Vlink-CC-Credit/input_Username'

2023-02-08 18:14:58 - [TEST_STEP][PASSED] - setText(findTestObject("Object Repository/RecAndPlayBk/Page-Vlink-CC-Credit/input_Password"), password): Text 'pwd581' is set on object 'Object Repository/RecAndPlayBk/Page-Vlink-CC-Credit/input_Password'

2023-02-08 18:14:58 - [MESSAGE][PASSED] - Text 'pwd581' is set on object 'Object Repository/RecAndPlayBk/Page-Vlink-CC-Credit/input_Password'

2023-02-08 18:14:58 - [TEST_STEP][PASSED] - setText(findTestObject("Object Repository/RecAndPlayBk/Page-Vlink-CC-Credit/input_Transaction ID"), VLinkSaleTranxID): Text '12125197' is set on object 'Object Repository/RecAndPlayBk/Page-Vlink-CC-Credit/input_Transaction ID'

2023-02-08 18:14:59 - [MESSAGE][PASSED] - Text '12125197' is set on object 'Object Repository/RecAndPlayBk/Page-Vlink-CC-Credit/input_Transaction ID'

2023-02-08 18:14:59 - [TEST_STEP][PASSED] - setText(findTestObject("Object Repository/RecAndPlayBk/Page-Vlink-CC-Credit/input_Amount"), amount): Text '10.5' is set on object 'Object Repository/RecAndPlayBk/Page-Vlink-CC-Credit/input_Amount'

2023-02-08 18:15:00 - [MESSAGE][PASSED] - Text '10.5' is set on object 'Object Repository/RecAndPlayBk/Page-Vlink-CC-Credit/input_Amount'

2023-02-08 18:15:00 - [TEST_STEP][PASSED] - setText(findTestObject("Object Repository/RecAndPlayBk/Page-Vlink-CC-Credit/input_Card number"), ""): Text '' is set on object 'Object Repository/RecAndPlayBk/Page-Vlink-CC-Credit/input_Card number'

2023-02-08 18:15:00 - [MESSAGE][PASSED] - Text '' is set on object 'Object Repository/RecAndPlayBk/Page-Vlink-CC-Credit/input_Card number'

2023-02-08 18:15:00 - [TEST_STEP][PASSED] - setText(findTestObject("Object Repository/RecAndPlayBk/Page-Vlink-CC-Credit/input_Card ex month"), ""): Text '' is set on object 'Object Repository/RecAndPlayBk/Page-Vlink-CC-Credit/input_Card ex month'

2023-02-08 18:15:01 - [MESSAGE][PASSED] - Text '' is set on object 'Object Repository/RecAndPlayBk/Page-Vlink-CC-Credit/input_Card ex month'

2023-02-08 18:15:01 - [TEST_STEP][PASSED] - setText(findTestObject("Object Repository/RecAndPlayBk/Page-Vlink-CC-Credit/input_Card ex year"), ""): Text '' is set on object 'Object Repository/RecAndPlayBk/Page-Vlink-CC-Credit/input_Card ex year'

2023-02-08 18:15:01 - [MESSAGE][PASSED] - Text '' is set on object 'Object Repository/RecAndPlayBk/Page-Vlink-CC-Credit/input_Card ex year'

2023-02-08 18:15:01 - [TEST_STEP][PASSED] - setText(findTestObject("Object Repository/RecAndPlayBk/Page-Vlink-CC-Credit/input_Track Data"), ""): Text '' is set on object 'Object Repository/RecAndPlayBk/Page-Vlink-CC-Credit/input_Track Data'

2023-02-08 18:15:02 - [MESSAGE][PASSED] - Text '' is set on object 'Object Repository/RecAndPlayBk/Page-Vlink-CC-Credit/input_Track Data'

2023-02-08 18:15:02 - [TEST_STEP][PASSED] - setText(findTestObject("Object Repository/RecAndPlayBk/Page-Vlink-CC-Credit/input_Category Code"), category): Text 'ECOM' is set on object 'Object Repository/RecAndPlayBk/Page-Vlink-CC-Credit/input_Category Code'

2023-02-08 18:15:03 - [MESSAGE][PASSED] - Text 'ECOM' is set on object 'Object Repository/RecAndPlayBk/Page-Vlink-CC-Credit/input_Category Code'

2023-02-08 18:15:03 - [TEST_STEP][PASSED] - click(findTestObject("Object Repository/RecAndPlayBk/Page-Vlink-CC-Credit/input")): Object: 'Object Repository/RecAndPlayBk/Page-Vlink-CC-Credit/input' is clicked on

2023-02-08 18:15:04 - [MESSAGE][PASSED] - Object: 'Object Repository/RecAndPlayBk/Page-Vlink-CC-Credit/input' is clicked on

2023-02-08 18:15:04 - [TEST_STEP][PASSED] - if (verifyTextPresent("Transaction approved, no errors", true)): null

2023-02-08 18:15:04 - [MESSAGE][PASSED] - Text 'Transaction approved, no errors' is present on page  using regular expression

2023-02-08 18:15:04 - [TEST_STEP][PASSED] - println("Transaction Approved, no errors text is present on the Confirmation page"): null

2023-02-08 18:15:04 - [TEST_STEP][PASSED] - out.println("Pass Record Number: " + row): null

2023-02-08 18:15:04 - [TEST_STEP][PASSED] - resText = "Pass": null

2023-02-08 18:15:04 - [TEST_STEP][PASSED] - pages.WriteExcel.demoKey(resText, datText, resColumn, datCloumn, fileLoc, nameSheet, row): pages.WriteExcel.demoKey is PASSED

2023-02-08 18:15:05 - [MESSAGE][PASSED] - pages.WriteExcel.demoKey is PASSED]]></system-out>
         <system-err><![CDATA[]]></system-err>
      </testcase>
      <testcase name="Test Cases/RecAndPlayBk/VLink/Sale-Unencrypted" time="47.161" classname="Test Cases/RecAndPlayBk/VLink/Sale-Unencrypted" status="PASSED">
         <system-out><![CDATA[2023-02-08 18:15:05 - [TEST_CASE][PASSED] - Test Cases/RecAndPlayBk/VLink/Sale-Unencrypted: Test Cases/RecAndPlayBk/VLink/Sale-Unencrypted

2023-02-08 18:15:05 - [TEST_STEP][PASSED] - executionProfile = getExecutionProfile(): null

2023-02-08 18:15:05 - [TEST_STEP][PASSED] - out.println("executionProfile : " + executionProfile): null

2023-02-08 18:15:05 - [TEST_STEP][PASSED] - appName = <not implemented yet for class: org.codehaus.groovy.ast.expr.EmptyExpression>: null

2023-02-08 18:15:05 - [TEST_STEP][PASSED] - appID = <not implemented yet for class: org.codehaus.groovy.ast.expr.EmptyExpression>: null

2023-02-08 18:15:05 - [TEST_STEP][PASSED] - username = <not implemented yet for class: org.codehaus.groovy.ast.expr.EmptyExpression>: null

2023-02-08 18:15:05 - [TEST_STEP][PASSED] - password = <not implemented yet for class: org.codehaus.groovy.ast.expr.EmptyExpression>: null

2023-02-08 18:15:05 - [TEST_STEP][PASSED] - cardNameV = <not implemented yet for class: org.codehaus.groovy.ast.expr.EmptyExpression>: null

2023-02-08 18:15:05 - [TEST_STEP][PASSED] - al1V = <not implemented yet for class: org.codehaus.groovy.ast.expr.EmptyExpression>: null

2023-02-08 18:15:05 - [TEST_STEP][PASSED] - al2V = <not implemented yet for class: org.codehaus.groovy.ast.expr.EmptyExpression>: null

2023-02-08 18:15:05 - [TEST_STEP][PASSED] - zipV = <not implemented yet for class: org.codehaus.groovy.ast.expr.EmptyExpression>: null

2023-02-08 18:15:05 - [TEST_STEP][PASSED] - cardTypeV = <not implemented yet for class: org.codehaus.groovy.ast.expr.EmptyExpression>: null

2023-02-08 18:15:05 - [TEST_STEP][PASSED] - last4V = <not implemented yet for class: org.codehaus.groovy.ast.expr.EmptyExpression>: null

2023-02-08 18:15:05 - [TEST_STEP][PASSED] - trackData = <not implemented yet for class: org.codehaus.groovy.ast.expr.EmptyExpression>: null

2023-02-08 18:15:05 - [TEST_STEP][PASSED] - resText = "Fail": null

2023-02-08 18:15:05 - [TEST_STEP][PASSED] - resColumn = "Result": null

2023-02-08 18:15:05 - [TEST_STEP][PASSED] - datCloumn = "Date": null

2023-02-08 18:15:05 - [TEST_STEP][PASSED] - fileLoc = "KatalonData/VLinkSmokeData.xlsx": null

2023-02-08 18:15:05 - [TEST_STEP][PASSED] - numOfRows = <not implemented yet for class: org.codehaus.groovy.ast.expr.EmptyExpression>: null

2023-02-08 18:15:05 - [TEST_STEP][PASSED] - dataFile = <not implemented yet for class: org.codehaus.groovy.ast.expr.EmptyExpression>: null

2023-02-08 18:15:05 - [TEST_STEP][PASSED] - nameSheet = <not implemented yet for class: org.codehaus.groovy.ast.expr.EmptyExpression>: null

2023-02-08 18:15:05 - [TEST_STEP][PASSED] - nameSheet = "Sale-Unencrypted": null

2023-02-08 18:15:05 - [TEST_STEP][PASSED] - numOfRows = findTestData("QA/VLinkTestData/VLinkSaleUnencryptedData").getRowNumbers(): null

2023-02-08 18:15:05 - [TEST_STEP][PASSED] - println("Number of Records: " + numOfRows): null

2023-02-08 18:15:05 - [TEST_STEP][PASSED] - dataFile = "QA/VLinkTestData/VLinkSaleUnencryptedData": null

2023-02-08 18:15:05 - [TEST_STEP][PASSED] - for ([row = 1, row <= numOfRows, (row++)]): null

2023-02-08 18:15:05 - [TEST_STEP][PASSED] - ExecuteTC = findTestData(dataFile).getValue("Execute", row): null

2023-02-08 18:15:05 - [TEST_STEP][PASSED] - out.println("Value of Execute is : " + ExecuteTC): null

2023-02-08 18:15:05 - [TEST_STEP][PASSED] - switch (executionProfile): null

2023-02-08 18:15:05 - [TEST_STEP][PASSED] - case "QAProfile":: null

2023-02-08 18:15:05 - [TEST_STEP][PASSED] - appID = findTestData(dataFile).getValue("AppIDQA", row): null

2023-02-08 18:15:05 - [TEST_STEP][PASSED] - username = findTestData(dataFile).getValue("UsernameQA", row): null

2023-02-08 18:15:05 - [TEST_STEP][PASSED] - password = findTestData(dataFile).getValue("PasswordQA", row): null

2023-02-08 18:15:05 - [TEST_STEP][PASSED] - break: null

2023-02-08 18:15:05 - [TEST_STEP][PASSED] - if (ExecuteTC.equalsIgnoreCase("Y")): null

2023-02-08 18:15:05 - [TEST_STEP][PASSED] - out.println("Begin Record Number: " + row): null

2023-02-08 18:15:05 - [TEST_STEP][PASSED] - today = new java.util.Date(): null

2023-02-08 18:15:05 - [TEST_STEP][PASSED] - println(today): null

2023-02-08 18:15:05 - [TEST_STEP][PASSED] - datText = today: null

2023-02-08 18:15:05 - [TEST_STEP][PASSED] - category = findTestData(dataFile).getValue("Category", row): null

2023-02-08 18:15:06 - [TEST_STEP][PASSED] - amount = findTestData(dataFile).getValue("Amount", row): null

2023-02-08 18:15:06 - [TEST_STEP][PASSED] - trackData = findTestData(dataFile).getValue("TrackData", row): null

2023-02-08 18:15:06 - [TEST_STEP][PASSED] - openBrowser(VLinkURL + "authcap.html"): Browser is opened with url: 'https://dev-algorithm.govolution.com/vlinktest/QA/version_2_0/authcap.html'

2023-02-08 18:15:06 - [MESSAGE][WARNING] - A browser is already opened. Closing browser and opening a new one

2023-02-08 18:15:07 - [MESSAGE][INFO] - Starting 'Chrome' driver

2023-02-08 18:15:07 - [MESSAGE][INFO] - User set preference: ['acceptInsecureCerts', 'true']

2023-02-08 18:15:07 - [MESSAGE][INFO] - Action delay is set to 0 milliseconds

2023-02-08 18:15:08 - [MESSAGE][PASSED] - Browser is opened with url: 'https://dev-algorithm.govolution.com/vlinktest/QA/version_2_0/authcap.html'

2023-02-08 18:15:08 - [TEST_STEP][PASSED] - maximizeWindow(): Current window maximized

2023-02-08 18:15:09 - [MESSAGE][PASSED] - Current window maximized

2023-02-08 18:15:09 - [TEST_STEP][PASSED] - maximizeWindow(): Current window maximized

2023-02-08 18:15:09 - [MESSAGE][PASSED] - Current window maximized

2023-02-08 18:15:09 - [TEST_STEP][PASSED] - genRemID = RandomStringUtils.random(12, true, true): null

2023-02-08 18:15:09 - [TEST_STEP][PASSED] - setText(findTestObject("Object Repository/RecAndPlayBk/Page-Vlink-Sale/input_Remittance Id_remittance_id"), genRemID): Text '72nmeZEtMqDb' is set on object 'Object Repository/RecAndPlayBk/Page-Vlink-Sale/input_Remittance Id_remittance_id'

2023-02-08 18:15:09 - [MESSAGE][PASSED] - Text '72nmeZEtMqDb' is set on object 'Object Repository/RecAndPlayBk/Page-Vlink-Sale/input_Remittance Id_remittance_id'

2023-02-08 18:15:09 - [TEST_STEP][PASSED] - setText(findTestObject("Object Repository/RecAndPlayBk/Page-Vlink-Sale/input_Application Id_application_id"), appID): Text '234' is set on object 'Object Repository/RecAndPlayBk/Page-Vlink-Sale/input_Application Id_application_id'

2023-02-08 18:15:10 - [MESSAGE][PASSED] - Text '234' is set on object 'Object Repository/RecAndPlayBk/Page-Vlink-Sale/input_Application Id_application_id'

2023-02-08 18:15:10 - [TEST_STEP][PASSED] - setText(findTestObject("Object Repository/RecAndPlayBk/Page-Vlink-Sale/input_Username_username"), username): Text 'username' is set on object 'Object Repository/RecAndPlayBk/Page-Vlink-Sale/input_Username_username'

2023-02-08 18:15:11 - [MESSAGE][PASSED] - Text 'username' is set on object 'Object Repository/RecAndPlayBk/Page-Vlink-Sale/input_Username_username'

2023-02-08 18:15:11 - [TEST_STEP][PASSED] - setText(findTestObject("Object Repository/RecAndPlayBk/Page-Vlink-Sale/input_Password_password"), password): Text 'password' is set on object 'Object Repository/RecAndPlayBk/Page-Vlink-Sale/input_Password_password'

2023-02-08 18:15:11 - [MESSAGE][PASSED] - Text 'password' is set on object 'Object Repository/RecAndPlayBk/Page-Vlink-Sale/input_Password_password'

2023-02-08 18:15:11 - [TEST_STEP][PASSED] - setText(findTestObject("Object Repository/RecAndPlayBk/Page-Vlink-Sale/input_Category_category"), category): Text 'RETL' is set on object 'Object Repository/RecAndPlayBk/Page-Vlink-Sale/input_Category_category'

2023-02-08 18:15:12 - [MESSAGE][PASSED] - Text 'RETL' is set on object 'Object Repository/RecAndPlayBk/Page-Vlink-Sale/input_Category_category'

2023-02-08 18:15:12 - [TEST_STEP][PASSED] - setText(findTestObject("Object Repository/RecAndPlayBk/Page-Vlink-Sale/input_Amount_amount"), amount): Text '10.5' is set on object 'Object Repository/RecAndPlayBk/Page-Vlink-Sale/input_Amount_amount'

2023-02-08 18:15:12 - [MESSAGE][PASSED] - Text '10.5' is set on object 'Object Repository/RecAndPlayBk/Page-Vlink-Sale/input_Amount_amount'

2023-02-08 18:15:12 - [TEST_STEP][PASSED] - setText(findTestObject("Object Repository/RecAndPlayBk/Page-Vlink-Sale/input_Card number_card_number"), ""): Text '' is set on object 'Object Repository/RecAndPlayBk/Page-Vlink-Sale/input_Card number_card_number'

2023-02-08 18:15:13 - [MESSAGE][PASSED] - Text '' is set on object 'Object Repository/RecAndPlayBk/Page-Vlink-Sale/input_Card number_card_number'

2023-02-08 18:15:13 - [TEST_STEP][PASSED] - setText(findTestObject("Object Repository/RecAndPlayBk/Page-Vlink-Sale/input_Card ex month_card_exmo"), ""): Text '' is set on object 'Object Repository/RecAndPlayBk/Page-Vlink-Sale/input_Card ex month_card_exmo'

2023-02-08 18:15:14 - [MESSAGE][PASSED] - Text '' is set on object 'Object Repository/RecAndPlayBk/Page-Vlink-Sale/input_Card ex month_card_exmo'

2023-02-08 18:15:14 - [TEST_STEP][PASSED] - setText(findTestObject("Object Repository/RecAndPlayBk/Page-Vlink-Sale/input_Card ex year_card_exyr"), ""): Text '' is set on object 'Object Repository/RecAndPlayBk/Page-Vlink-Sale/input_Card ex year_card_exyr'

2023-02-08 18:15:14 - [MESSAGE][PASSED] - Text '' is set on object 'Object Repository/RecAndPlayBk/Page-Vlink-Sale/input_Card ex year_card_exyr'

2023-02-08 18:15:14 - [TEST_STEP][PASSED] - setText(findTestObject("Object Repository/RecAndPlayBk/Page-Vlink-Sale/input_Track Data_track_data"), trackData): Text '%B5567080011582646^AHMED/IMTIAZ              ^2303201090200000000000354000015?;5567080011582646=23032010902035400015?' is set on object 'Object Repository/RecAndPlayBk/Page-Vlink-Sale/input_Track Data_track_data'

2023-02-08 18:15:15 - [MESSAGE][PASSED] - Text '%B5567080011582646^AHMED/IMTIAZ              ^2303201090200000000000354000015?;5567080011582646=23032010902035400015?' is set on object 'Object Repository/RecAndPlayBk/Page-Vlink-Sale/input_Track Data_track_data'

2023-02-08 18:15:15 - [TEST_STEP][PASSED] - setText(findTestObject("Object Repository/RecAndPlayBk/Page-Vlink-Sale/txt_POSEntryMode"), "track"): Text 'track' is set on object 'Object Repository/RecAndPlayBk/Page-Vlink-Sale/txt_POSEntryMode'

2023-02-08 18:15:16 - [MESSAGE][PASSED] - Text 'track' is set on object 'Object Repository/RecAndPlayBk/Page-Vlink-Sale/txt_POSEntryMode'

2023-02-08 18:15:16 - [TEST_STEP][PASSED] - setText(findTestObject("Object Repository/RecAndPlayBk/Page-Vlink-Sale/input_concat(Cardholder, , s email)_email"), ""): Text '' is set on object 'Object Repository/RecAndPlayBk/Page-Vlink-Sale/input_concat(Cardholder, , s email)_email'

2023-02-08 18:15:16 - [MESSAGE][PASSED] - Text '' is set on object 'Object Repository/RecAndPlayBk/Page-Vlink-Sale/input_concat(Cardholder, , s email)_email'

2023-02-08 18:15:16 - [TEST_STEP][PASSED] - click(findTestObject("Object Repository/RecAndPlayBk/Page-Vlink-Sale/input_user_defined10_user_defined10")): Object: 'Object Repository/RecAndPlayBk/Page-Vlink-Sale/input_user_defined10_user_defined10' is clicked on

2023-02-08 18:15:17 - [MESSAGE][PASSED] - Object: 'Object Repository/RecAndPlayBk/Page-Vlink-Sale/input_user_defined10_user_defined10' is clicked on

2023-02-08 18:15:17 - [TEST_STEP][PASSED] - if (executionProfile.equalsIgnoreCase("QAProfile") || executionProfile.equalsIgnoreCase("DemoProfile")): Text '' is set on object 'Object Repository/RecAndPlayBk/Page-Vlink-Sale/input_COF Transaction Initiated by_cof_tran_6cded5'

2023-02-08 18:15:17 - [TEST_STEP][PASSED] - setText(findTestObject("Object Repository/RecAndPlayBk/Page-Vlink-Sale/input_Card on File Indicator_card_on_file_i_157dae"), ""): Text '' is set on object 'Object Repository/RecAndPlayBk/Page-Vlink-Sale/input_Card on File Indicator_card_on_file_i_157dae'

2023-02-08 18:15:17 - [MESSAGE][PASSED] - Text '' is set on object 'Object Repository/RecAndPlayBk/Page-Vlink-Sale/input_Card on File Indicator_card_on_file_i_157dae'

2023-02-08 18:15:17 - [TEST_STEP][PASSED] - setText(findTestObject("Object Repository/RecAndPlayBk/Page-Vlink-Sale/input_Stored Credential Indicator_stored_cr_4ae73c"), ""): Text '' is set on object 'Object Repository/RecAndPlayBk/Page-Vlink-Sale/input_Stored Credential Indicator_stored_cr_4ae73c'

2023-02-08 18:15:18 - [MESSAGE][PASSED] - Text '' is set on object 'Object Repository/RecAndPlayBk/Page-Vlink-Sale/input_Stored Credential Indicator_stored_cr_4ae73c'

2023-02-08 18:15:18 - [TEST_STEP][PASSED] - setText(findTestObject("Object Repository/RecAndPlayBk/Page-Vlink-Sale/input_COF Scheduled indicator_cof_scheduled_8df7d8"), ""): Text '' is set on object 'Object Repository/RecAndPlayBk/Page-Vlink-Sale/input_COF Scheduled indicator_cof_scheduled_8df7d8'

2023-02-08 18:15:18 - [MESSAGE][PASSED] - Text '' is set on object 'Object Repository/RecAndPlayBk/Page-Vlink-Sale/input_COF Scheduled indicator_cof_scheduled_8df7d8'

2023-02-08 18:15:18 - [TEST_STEP][PASSED] - setText(findTestObject("Object Repository/RecAndPlayBk/Page-Vlink-Sale/input_COF Transaction Initiated by_cof_tran_6cded5"), ""): Text '' is set on object 'Object Repository/RecAndPlayBk/Page-Vlink-Sale/input_COF Transaction Initiated by_cof_tran_6cded5'

2023-02-08 18:15:19 - [MESSAGE][PASSED] - Text '' is set on object 'Object Repository/RecAndPlayBk/Page-Vlink-Sale/input_COF Transaction Initiated by_cof_tran_6cded5'

2023-02-08 18:15:19 - [TEST_STEP][PASSED] - click(findTestObject("Object Repository/RecAndPlayBk/Page-Vlink-Sale/input")): Object: 'Object Repository/RecAndPlayBk/Page-Vlink-Sale/input' is clicked on

2023-02-08 18:15:20 - [MESSAGE][PASSED] - Object: 'Object Repository/RecAndPlayBk/Page-Vlink-Sale/input' is clicked on

2023-02-08 18:15:20 - [TEST_STEP][PASSED] - if (verifyTextPresent("Transaction approved, no errors", true)): null

2023-02-08 18:15:20 - [MESSAGE][PASSED] - Text 'Transaction approved, no errors' is present on page  using regular expression

2023-02-08 18:15:20 - [TEST_STEP][PASSED] - println("Transaction Approved, no errors text is present on the Confirmation page"): null

2023-02-08 18:15:20 - [TEST_STEP][PASSED] - out.println("Pass Record Number: " + row): null

2023-02-08 18:15:20 - [TEST_STEP][PASSED] - resText = "Pass": null

2023-02-08 18:15:20 - [TEST_STEP][PASSED] - pages.WriteExcel.demoKey(resText, datText, resColumn, datCloumn, fileLoc, nameSheet, row): pages.WriteExcel.demoKey is PASSED

2023-02-08 18:15:20 - [MESSAGE][PASSED] - pages.WriteExcel.demoKey is PASSED

2023-02-08 18:15:20 - [TEST_STEP][PASSED] - ExecuteTC = findTestData(dataFile).getValue("Execute", row): null

2023-02-08 18:15:20 - [TEST_STEP][PASSED] - out.println("Value of Execute is : " + ExecuteTC): null

2023-02-08 18:15:20 - [TEST_STEP][PASSED] - switch (executionProfile): null

2023-02-08 18:15:20 - [TEST_STEP][PASSED] - case "QAProfile":: null

2023-02-08 18:15:20 - [TEST_STEP][PASSED] - appID = findTestData(dataFile).getValue("AppIDQA", row): null

2023-02-08 18:15:21 - [TEST_STEP][PASSED] - username = findTestData(dataFile).getValue("UsernameQA", row): null

2023-02-08 18:15:21 - [TEST_STEP][PASSED] - password = findTestData(dataFile).getValue("PasswordQA", row): null

2023-02-08 18:15:21 - [TEST_STEP][PASSED] - break: null

2023-02-08 18:15:21 - [TEST_STEP][PASSED] - if (ExecuteTC.equalsIgnoreCase("Y")): null

2023-02-08 18:15:21 - [TEST_STEP][PASSED] - out.println("Begin Record Number: " + row): null

2023-02-08 18:15:21 - [TEST_STEP][PASSED] - today = new java.util.Date(): null

2023-02-08 18:15:21 - [TEST_STEP][PASSED] - println(today): null

2023-02-08 18:15:21 - [TEST_STEP][PASSED] - datText = today: null

2023-02-08 18:15:21 - [TEST_STEP][PASSED] - category = findTestData(dataFile).getValue("Category", row): null

2023-02-08 18:15:21 - [TEST_STEP][PASSED] - amount = findTestData(dataFile).getValue("Amount", row): null

2023-02-08 18:15:21 - [TEST_STEP][PASSED] - trackData = findTestData(dataFile).getValue("TrackData", row): null

2023-02-08 18:15:21 - [TEST_STEP][PASSED] - openBrowser(VLinkURL + "authcap.html"): Browser is opened with url: 'https://dev-algorithm.govolution.com/vlinktest/QA/version_2_0/authcap.html'

2023-02-08 18:15:21 - [MESSAGE][WARNING] - A browser is already opened. Closing browser and opening a new one

2023-02-08 18:15:22 - [MESSAGE][INFO] - Starting 'Chrome' driver

2023-02-08 18:15:22 - [MESSAGE][INFO] - User set preference: ['acceptInsecureCerts', 'true']

2023-02-08 18:15:22 - [MESSAGE][INFO] - Action delay is set to 0 milliseconds

2023-02-08 18:15:24 - [MESSAGE][PASSED] - Browser is opened with url: 'https://dev-algorithm.govolution.com/vlinktest/QA/version_2_0/authcap.html'

2023-02-08 18:15:24 - [TEST_STEP][PASSED] - maximizeWindow(): Current window maximized

2023-02-08 18:15:24 - [MESSAGE][PASSED] - Current window maximized

2023-02-08 18:15:24 - [TEST_STEP][PASSED] - maximizeWindow(): Current window maximized

2023-02-08 18:15:24 - [MESSAGE][PASSED] - Current window maximized

2023-02-08 18:15:24 - [TEST_STEP][PASSED] - genRemID = RandomStringUtils.random(12, true, true): null

2023-02-08 18:15:24 - [TEST_STEP][PASSED] - setText(findTestObject("Object Repository/RecAndPlayBk/Page-Vlink-Sale/input_Remittance Id_remittance_id"), genRemID): Text 'rLzS6w5TZY1N' is set on object 'Object Repository/RecAndPlayBk/Page-Vlink-Sale/input_Remittance Id_remittance_id'

2023-02-08 18:15:25 - [MESSAGE][PASSED] - Text 'rLzS6w5TZY1N' is set on object 'Object Repository/RecAndPlayBk/Page-Vlink-Sale/input_Remittance Id_remittance_id'

2023-02-08 18:15:25 - [TEST_STEP][PASSED] - setText(findTestObject("Object Repository/RecAndPlayBk/Page-Vlink-Sale/input_Application Id_application_id"), appID): Text '87' is set on object 'Object Repository/RecAndPlayBk/Page-Vlink-Sale/input_Application Id_application_id'

2023-02-08 18:15:25 - [MESSAGE][PASSED] - Text '87' is set on object 'Object Repository/RecAndPlayBk/Page-Vlink-Sale/input_Application Id_application_id'

2023-02-08 18:15:25 - [TEST_STEP][PASSED] - setText(findTestObject("Object Repository/RecAndPlayBk/Page-Vlink-Sale/input_Username_username"), username): Text 'username' is set on object 'Object Repository/RecAndPlayBk/Page-Vlink-Sale/input_Username_username'

2023-02-08 18:15:26 - [MESSAGE][PASSED] - Text 'username' is set on object 'Object Repository/RecAndPlayBk/Page-Vlink-Sale/input_Username_username'

2023-02-08 18:15:26 - [TEST_STEP][PASSED] - setText(findTestObject("Object Repository/RecAndPlayBk/Page-Vlink-Sale/input_Password_password"), password): Text 'password' is set on object 'Object Repository/RecAndPlayBk/Page-Vlink-Sale/input_Password_password'

2023-02-08 18:15:27 - [MESSAGE][PASSED] - Text 'password' is set on object 'Object Repository/RecAndPlayBk/Page-Vlink-Sale/input_Password_password'

2023-02-08 18:15:27 - [TEST_STEP][PASSED] - setText(findTestObject("Object Repository/RecAndPlayBk/Page-Vlink-Sale/input_Category_category"), category): Text 'RETL' is set on object 'Object Repository/RecAndPlayBk/Page-Vlink-Sale/input_Category_category'

2023-02-08 18:15:27 - [MESSAGE][PASSED] - Text 'RETL' is set on object 'Object Repository/RecAndPlayBk/Page-Vlink-Sale/input_Category_category'

2023-02-08 18:15:27 - [TEST_STEP][PASSED] - setText(findTestObject("Object Repository/RecAndPlayBk/Page-Vlink-Sale/input_Amount_amount"), amount): Text '10.5' is set on object 'Object Repository/RecAndPlayBk/Page-Vlink-Sale/input_Amount_amount'

2023-02-08 18:15:28 - [MESSAGE][PASSED] - Text '10.5' is set on object 'Object Repository/RecAndPlayBk/Page-Vlink-Sale/input_Amount_amount'

2023-02-08 18:15:28 - [TEST_STEP][PASSED] - setText(findTestObject("Object Repository/RecAndPlayBk/Page-Vlink-Sale/input_Card number_card_number"), ""): Text '' is set on object 'Object Repository/RecAndPlayBk/Page-Vlink-Sale/input_Card number_card_number'

2023-02-08 18:15:28 - [MESSAGE][PASSED] - Text '' is set on object 'Object Repository/RecAndPlayBk/Page-Vlink-Sale/input_Card number_card_number'

2023-02-08 18:15:28 - [TEST_STEP][PASSED] - setText(findTestObject("Object Repository/RecAndPlayBk/Page-Vlink-Sale/input_Card ex month_card_exmo"), ""): Text '' is set on object 'Object Repository/RecAndPlayBk/Page-Vlink-Sale/input_Card ex month_card_exmo'

2023-02-08 18:15:29 - [MESSAGE][PASSED] - Text '' is set on object 'Object Repository/RecAndPlayBk/Page-Vlink-Sale/input_Card ex month_card_exmo'

2023-02-08 18:15:29 - [TEST_STEP][PASSED] - setText(findTestObject("Object Repository/RecAndPlayBk/Page-Vlink-Sale/input_Card ex year_card_exyr"), ""): Text '' is set on object 'Object Repository/RecAndPlayBk/Page-Vlink-Sale/input_Card ex year_card_exyr'

2023-02-08 18:15:30 - [MESSAGE][PASSED] - Text '' is set on object 'Object Repository/RecAndPlayBk/Page-Vlink-Sale/input_Card ex year_card_exyr'

2023-02-08 18:15:30 - [TEST_STEP][PASSED] - setText(findTestObject("Object Repository/RecAndPlayBk/Page-Vlink-Sale/input_Track Data_track_data"), trackData): Text '%B5567080011582646^AHMED/IMTIAZ              ^2303201090200000000000354000015?;5567080011582646=23032010902035400015?' is set on object 'Object Repository/RecAndPlayBk/Page-Vlink-Sale/input_Track Data_track_data'

2023-02-08 18:15:30 - [MESSAGE][PASSED] - Text '%B5567080011582646^AHMED/IMTIAZ              ^2303201090200000000000354000015?;5567080011582646=23032010902035400015?' is set on object 'Object Repository/RecAndPlayBk/Page-Vlink-Sale/input_Track Data_track_data'

2023-02-08 18:15:30 - [TEST_STEP][PASSED] - setText(findTestObject("Object Repository/RecAndPlayBk/Page-Vlink-Sale/txt_POSEntryMode"), "track"): Text 'track' is set on object 'Object Repository/RecAndPlayBk/Page-Vlink-Sale/txt_POSEntryMode'

2023-02-08 18:15:31 - [MESSAGE][PASSED] - Text 'track' is set on object 'Object Repository/RecAndPlayBk/Page-Vlink-Sale/txt_POSEntryMode'

2023-02-08 18:15:31 - [TEST_STEP][PASSED] - setText(findTestObject("Object Repository/RecAndPlayBk/Page-Vlink-Sale/input_concat(Cardholder, , s email)_email"), ""): Text '' is set on object 'Object Repository/RecAndPlayBk/Page-Vlink-Sale/input_concat(Cardholder, , s email)_email'

2023-02-08 18:15:32 - [MESSAGE][PASSED] - Text '' is set on object 'Object Repository/RecAndPlayBk/Page-Vlink-Sale/input_concat(Cardholder, , s email)_email'

2023-02-08 18:15:32 - [TEST_STEP][PASSED] - click(findTestObject("Object Repository/RecAndPlayBk/Page-Vlink-Sale/input_user_defined10_user_defined10")): Object: 'Object Repository/RecAndPlayBk/Page-Vlink-Sale/input_user_defined10_user_defined10' is clicked on

2023-02-08 18:15:32 - [MESSAGE][PASSED] - Object: 'Object Repository/RecAndPlayBk/Page-Vlink-Sale/input_user_defined10_user_defined10' is clicked on

2023-02-08 18:15:32 - [TEST_STEP][PASSED] - if (executionProfile.equalsIgnoreCase("QAProfile") || executionProfile.equalsIgnoreCase("DemoProfile")): Text '' is set on object 'Object Repository/RecAndPlayBk/Page-Vlink-Sale/input_COF Transaction Initiated by_cof_tran_6cded5'

2023-02-08 18:15:32 - [TEST_STEP][PASSED] - setText(findTestObject("Object Repository/RecAndPlayBk/Page-Vlink-Sale/input_Card on File Indicator_card_on_file_i_157dae"), ""): Text '' is set on object 'Object Repository/RecAndPlayBk/Page-Vlink-Sale/input_Card on File Indicator_card_on_file_i_157dae'

2023-02-08 18:15:33 - [MESSAGE][PASSED] - Text '' is set on object 'Object Repository/RecAndPlayBk/Page-Vlink-Sale/input_Card on File Indicator_card_on_file_i_157dae'

2023-02-08 18:15:33 - [TEST_STEP][PASSED] - setText(findTestObject("Object Repository/RecAndPlayBk/Page-Vlink-Sale/input_Stored Credential Indicator_stored_cr_4ae73c"), ""): Text '' is set on object 'Object Repository/RecAndPlayBk/Page-Vlink-Sale/input_Stored Credential Indicator_stored_cr_4ae73c'

2023-02-08 18:15:33 - [MESSAGE][PASSED] - Text '' is set on object 'Object Repository/RecAndPlayBk/Page-Vlink-Sale/input_Stored Credential Indicator_stored_cr_4ae73c'

2023-02-08 18:15:33 - [TEST_STEP][PASSED] - setText(findTestObject("Object Repository/RecAndPlayBk/Page-Vlink-Sale/input_COF Scheduled indicator_cof_scheduled_8df7d8"), ""): Text '' is set on object 'Object Repository/RecAndPlayBk/Page-Vlink-Sale/input_COF Scheduled indicator_cof_scheduled_8df7d8'

2023-02-08 18:15:34 - [MESSAGE][PASSED] - Text '' is set on object 'Object Repository/RecAndPlayBk/Page-Vlink-Sale/input_COF Scheduled indicator_cof_scheduled_8df7d8'

2023-02-08 18:15:34 - [TEST_STEP][PASSED] - setText(findTestObject("Object Repository/RecAndPlayBk/Page-Vlink-Sale/input_COF Transaction Initiated by_cof_tran_6cded5"), ""): Text '' is set on object 'Object Repository/RecAndPlayBk/Page-Vlink-Sale/input_COF Transaction Initiated by_cof_tran_6cded5'

2023-02-08 18:15:34 - [MESSAGE][PASSED] - Text '' is set on object 'Object Repository/RecAndPlayBk/Page-Vlink-Sale/input_COF Transaction Initiated by_cof_tran_6cded5'

2023-02-08 18:15:34 - [TEST_STEP][PASSED] - click(findTestObject("Object Repository/RecAndPlayBk/Page-Vlink-Sale/input")): Object: 'Object Repository/RecAndPlayBk/Page-Vlink-Sale/input' is clicked on

2023-02-08 18:15:36 - [MESSAGE][PASSED] - Object: 'Object Repository/RecAndPlayBk/Page-Vlink-Sale/input' is clicked on

2023-02-08 18:15:36 - [TEST_STEP][PASSED] - if (verifyTextPresent("Transaction approved, no errors", true)): null

2023-02-08 18:15:36 - [MESSAGE][PASSED] - Text 'Transaction approved, no errors' is present on page  using regular expression

2023-02-08 18:15:36 - [TEST_STEP][PASSED] - println("Transaction Approved, no errors text is present on the Confirmation page"): null

2023-02-08 18:15:36 - [TEST_STEP][PASSED] - out.println("Pass Record Number: " + row): null

2023-02-08 18:15:36 - [TEST_STEP][PASSED] - resText = "Pass": null

2023-02-08 18:15:36 - [TEST_STEP][PASSED] - pages.WriteExcel.demoKey(resText, datText, resColumn, datCloumn, fileLoc, nameSheet, row): pages.WriteExcel.demoKey is PASSED

2023-02-08 18:15:36 - [MESSAGE][PASSED] - pages.WriteExcel.demoKey is PASSED

2023-02-08 18:15:36 - [TEST_STEP][PASSED] - ExecuteTC = findTestData(dataFile).getValue("Execute", row): null

2023-02-08 18:15:36 - [TEST_STEP][PASSED] - out.println("Value of Execute is : " + ExecuteTC): null

2023-02-08 18:15:36 - [TEST_STEP][PASSED] - switch (executionProfile): null

2023-02-08 18:15:36 - [TEST_STEP][PASSED] - case "QAProfile":: null

2023-02-08 18:15:36 - [TEST_STEP][PASSED] - appID = findTestData(dataFile).getValue("AppIDQA", row): null

2023-02-08 18:15:37 - [TEST_STEP][PASSED] - username = findTestData(dataFile).getValue("UsernameQA", row): null

2023-02-08 18:15:37 - [TEST_STEP][PASSED] - password = findTestData(dataFile).getValue("PasswordQA", row): null

2023-02-08 18:15:37 - [TEST_STEP][PASSED] - break: null

2023-02-08 18:15:37 - [TEST_STEP][PASSED] - if (ExecuteTC.equalsIgnoreCase("Y")): null

2023-02-08 18:15:37 - [TEST_STEP][PASSED] - out.println("Begin Record Number: " + row): null

2023-02-08 18:15:37 - [TEST_STEP][PASSED] - today = new java.util.Date(): null

2023-02-08 18:15:37 - [TEST_STEP][PASSED] - println(today): null

2023-02-08 18:15:37 - [TEST_STEP][PASSED] - datText = today: null

2023-02-08 18:15:37 - [TEST_STEP][PASSED] - category = findTestData(dataFile).getValue("Category", row): null

2023-02-08 18:15:37 - [TEST_STEP][PASSED] - amount = findTestData(dataFile).getValue("Amount", row): null

2023-02-08 18:15:37 - [TEST_STEP][PASSED] - trackData = findTestData(dataFile).getValue("TrackData", row): null

2023-02-08 18:15:37 - [TEST_STEP][PASSED] - openBrowser(VLinkURL + "authcap.html"): Browser is opened with url: 'https://dev-algorithm.govolution.com/vlinktest/QA/version_2_0/authcap.html'

2023-02-08 18:15:37 - [MESSAGE][WARNING] - A browser is already opened. Closing browser and opening a new one

2023-02-08 18:15:38 - [MESSAGE][INFO] - Starting 'Chrome' driver

2023-02-08 18:15:38 - [MESSAGE][INFO] - User set preference: ['acceptInsecureCerts', 'true']

2023-02-08 18:15:38 - [MESSAGE][INFO] - Action delay is set to 0 milliseconds

2023-02-08 18:15:40 - [MESSAGE][PASSED] - Browser is opened with url: 'https://dev-algorithm.govolution.com/vlinktest/QA/version_2_0/authcap.html'

2023-02-08 18:15:40 - [TEST_STEP][PASSED] - maximizeWindow(): Current window maximized

2023-02-08 18:15:40 - [MESSAGE][PASSED] - Current window maximized

2023-02-08 18:15:40 - [TEST_STEP][PASSED] - maximizeWindow(): Current window maximized

2023-02-08 18:15:40 - [MESSAGE][PASSED] - Current window maximized

2023-02-08 18:15:40 - [TEST_STEP][PASSED] - genRemID = RandomStringUtils.random(12, true, true): null

2023-02-08 18:15:40 - [TEST_STEP][PASSED] - setText(findTestObject("Object Repository/RecAndPlayBk/Page-Vlink-Sale/input_Remittance Id_remittance_id"), genRemID): Text 'ZxpqeGL4pIPW' is set on object 'Object Repository/RecAndPlayBk/Page-Vlink-Sale/input_Remittance Id_remittance_id'

2023-02-08 18:15:41 - [MESSAGE][PASSED] - Text 'ZxpqeGL4pIPW' is set on object 'Object Repository/RecAndPlayBk/Page-Vlink-Sale/input_Remittance Id_remittance_id'

2023-02-08 18:15:41 - [TEST_STEP][PASSED] - setText(findTestObject("Object Repository/RecAndPlayBk/Page-Vlink-Sale/input_Application Id_application_id"), appID): Text '581' is set on object 'Object Repository/RecAndPlayBk/Page-Vlink-Sale/input_Application Id_application_id'

2023-02-08 18:15:41 - [MESSAGE][PASSED] - Text '581' is set on object 'Object Repository/RecAndPlayBk/Page-Vlink-Sale/input_Application Id_application_id'

2023-02-08 18:15:41 - [TEST_STEP][PASSED] - setText(findTestObject("Object Repository/RecAndPlayBk/Page-Vlink-Sale/input_Username_username"), username): Text 'usr581' is set on object 'Object Repository/RecAndPlayBk/Page-Vlink-Sale/input_Username_username'

2023-02-08 18:15:42 - [MESSAGE][PASSED] - Text 'usr581' is set on object 'Object Repository/RecAndPlayBk/Page-Vlink-Sale/input_Username_username'

2023-02-08 18:15:42 - [TEST_STEP][PASSED] - setText(findTestObject("Object Repository/RecAndPlayBk/Page-Vlink-Sale/input_Password_password"), password): Text 'pwd581' is set on object 'Object Repository/RecAndPlayBk/Page-Vlink-Sale/input_Password_password'

2023-02-08 18:15:42 - [MESSAGE][PASSED] - Text 'pwd581' is set on object 'Object Repository/RecAndPlayBk/Page-Vlink-Sale/input_Password_password'

2023-02-08 18:15:42 - [TEST_STEP][PASSED] - setText(findTestObject("Object Repository/RecAndPlayBk/Page-Vlink-Sale/input_Category_category"), category): Text 'RETL' is set on object 'Object Repository/RecAndPlayBk/Page-Vlink-Sale/input_Category_category'

2023-02-08 18:15:43 - [MESSAGE][PASSED] - Text 'RETL' is set on object 'Object Repository/RecAndPlayBk/Page-Vlink-Sale/input_Category_category'

2023-02-08 18:15:43 - [TEST_STEP][PASSED] - setText(findTestObject("Object Repository/RecAndPlayBk/Page-Vlink-Sale/input_Amount_amount"), amount): Text '10.5' is set on object 'Object Repository/RecAndPlayBk/Page-Vlink-Sale/input_Amount_amount'

2023-02-08 18:15:44 - [MESSAGE][PASSED] - Text '10.5' is set on object 'Object Repository/RecAndPlayBk/Page-Vlink-Sale/input_Amount_amount'

2023-02-08 18:15:44 - [TEST_STEP][PASSED] - setText(findTestObject("Object Repository/RecAndPlayBk/Page-Vlink-Sale/input_Card number_card_number"), ""): Text '' is set on object 'Object Repository/RecAndPlayBk/Page-Vlink-Sale/input_Card number_card_number'

2023-02-08 18:15:44 - [MESSAGE][PASSED] - Text '' is set on object 'Object Repository/RecAndPlayBk/Page-Vlink-Sale/input_Card number_card_number'

2023-02-08 18:15:44 - [TEST_STEP][PASSED] - setText(findTestObject("Object Repository/RecAndPlayBk/Page-Vlink-Sale/input_Card ex month_card_exmo"), ""): Text '' is set on object 'Object Repository/RecAndPlayBk/Page-Vlink-Sale/input_Card ex month_card_exmo'

2023-02-08 18:15:45 - [MESSAGE][PASSED] - Text '' is set on object 'Object Repository/RecAndPlayBk/Page-Vlink-Sale/input_Card ex month_card_exmo'

2023-02-08 18:15:45 - [TEST_STEP][PASSED] - setText(findTestObject("Object Repository/RecAndPlayBk/Page-Vlink-Sale/input_Card ex year_card_exyr"), ""): Text '' is set on object 'Object Repository/RecAndPlayBk/Page-Vlink-Sale/input_Card ex year_card_exyr'

2023-02-08 18:15:45 - [MESSAGE][PASSED] - Text '' is set on object 'Object Repository/RecAndPlayBk/Page-Vlink-Sale/input_Card ex year_card_exyr'

2023-02-08 18:15:45 - [TEST_STEP][PASSED] - setText(findTestObject("Object Repository/RecAndPlayBk/Page-Vlink-Sale/input_Track Data_track_data"), trackData): Text '%B5567080011582646^AHMED/IMTIAZ              ^2303201090200000000000354000015?;5567080011582646=23032010902035400015?' is set on object 'Object Repository/RecAndPlayBk/Page-Vlink-Sale/input_Track Data_track_data'

2023-02-08 18:15:46 - [MESSAGE][PASSED] - Text '%B5567080011582646^AHMED/IMTIAZ              ^2303201090200000000000354000015?;5567080011582646=23032010902035400015?' is set on object 'Object Repository/RecAndPlayBk/Page-Vlink-Sale/input_Track Data_track_data'

2023-02-08 18:15:46 - [TEST_STEP][PASSED] - setText(findTestObject("Object Repository/RecAndPlayBk/Page-Vlink-Sale/txt_POSEntryMode"), "track"): Text 'track' is set on object 'Object Repository/RecAndPlayBk/Page-Vlink-Sale/txt_POSEntryMode'

2023-02-08 18:15:47 - [MESSAGE][PASSED] - Text 'track' is set on object 'Object Repository/RecAndPlayBk/Page-Vlink-Sale/txt_POSEntryMode'

2023-02-08 18:15:47 - [TEST_STEP][PASSED] - setText(findTestObject("Object Repository/RecAndPlayBk/Page-Vlink-Sale/input_concat(Cardholder, , s email)_email"), ""): Text '' is set on object 'Object Repository/RecAndPlayBk/Page-Vlink-Sale/input_concat(Cardholder, , s email)_email'

2023-02-08 18:15:47 - [MESSAGE][PASSED] - Text '' is set on object 'Object Repository/RecAndPlayBk/Page-Vlink-Sale/input_concat(Cardholder, , s email)_email'

2023-02-08 18:15:47 - [TEST_STEP][PASSED] - click(findTestObject("Object Repository/RecAndPlayBk/Page-Vlink-Sale/input_user_defined10_user_defined10")): Object: 'Object Repository/RecAndPlayBk/Page-Vlink-Sale/input_user_defined10_user_defined10' is clicked on

2023-02-08 18:15:48 - [MESSAGE][PASSED] - Object: 'Object Repository/RecAndPlayBk/Page-Vlink-Sale/input_user_defined10_user_defined10' is clicked on

2023-02-08 18:15:48 - [TEST_STEP][PASSED] - if (executionProfile.equalsIgnoreCase("QAProfile") || executionProfile.equalsIgnoreCase("DemoProfile")): Text '' is set on object 'Object Repository/RecAndPlayBk/Page-Vlink-Sale/input_COF Transaction Initiated by_cof_tran_6cded5'

2023-02-08 18:15:48 - [TEST_STEP][PASSED] - setText(findTestObject("Object Repository/RecAndPlayBk/Page-Vlink-Sale/input_Card on File Indicator_card_on_file_i_157dae"), ""): Text '' is set on object 'Object Repository/RecAndPlayBk/Page-Vlink-Sale/input_Card on File Indicator_card_on_file_i_157dae'

2023-02-08 18:15:48 - [MESSAGE][PASSED] - Text '' is set on object 'Object Repository/RecAndPlayBk/Page-Vlink-Sale/input_Card on File Indicator_card_on_file_i_157dae'

2023-02-08 18:15:48 - [TEST_STEP][PASSED] - setText(findTestObject("Object Repository/RecAndPlayBk/Page-Vlink-Sale/input_Stored Credential Indicator_stored_cr_4ae73c"), ""): Text '' is set on object 'Object Repository/RecAndPlayBk/Page-Vlink-Sale/input_Stored Credential Indicator_stored_cr_4ae73c'

2023-02-08 18:15:49 - [MESSAGE][PASSED] - Text '' is set on object 'Object Repository/RecAndPlayBk/Page-Vlink-Sale/input_Stored Credential Indicator_stored_cr_4ae73c'

2023-02-08 18:15:49 - [TEST_STEP][PASSED] - setText(findTestObject("Object Repository/RecAndPlayBk/Page-Vlink-Sale/input_COF Scheduled indicator_cof_scheduled_8df7d8"), ""): Text '' is set on object 'Object Repository/RecAndPlayBk/Page-Vlink-Sale/input_COF Scheduled indicator_cof_scheduled_8df7d8'

2023-02-08 18:15:50 - [MESSAGE][PASSED] - Text '' is set on object 'Object Repository/RecAndPlayBk/Page-Vlink-Sale/input_COF Scheduled indicator_cof_scheduled_8df7d8'

2023-02-08 18:15:50 - [TEST_STEP][PASSED] - setText(findTestObject("Object Repository/RecAndPlayBk/Page-Vlink-Sale/input_COF Transaction Initiated by_cof_tran_6cded5"), ""): Text '' is set on object 'Object Repository/RecAndPlayBk/Page-Vlink-Sale/input_COF Transaction Initiated by_cof_tran_6cded5'

2023-02-08 18:15:50 - [MESSAGE][PASSED] - Text '' is set on object 'Object Repository/RecAndPlayBk/Page-Vlink-Sale/input_COF Transaction Initiated by_cof_tran_6cded5'

2023-02-08 18:15:50 - [TEST_STEP][PASSED] - click(findTestObject("Object Repository/RecAndPlayBk/Page-Vlink-Sale/input")): Object: 'Object Repository/RecAndPlayBk/Page-Vlink-Sale/input' is clicked on

2023-02-08 18:15:51 - [MESSAGE][PASSED] - Object: 'Object Repository/RecAndPlayBk/Page-Vlink-Sale/input' is clicked on

2023-02-08 18:15:51 - [TEST_STEP][PASSED] - if (verifyTextPresent("Transaction approved, no errors", true)): null

2023-02-08 18:15:52 - [MESSAGE][PASSED] - Text 'Transaction approved, no errors' is present on page  using regular expression

2023-02-08 18:15:52 - [TEST_STEP][PASSED] - println("Transaction Approved, no errors text is present on the Confirmation page"): null

2023-02-08 18:15:52 - [TEST_STEP][PASSED] - out.println("Pass Record Number: " + row): null

2023-02-08 18:15:52 - [TEST_STEP][PASSED] - resText = "Pass": null

2023-02-08 18:15:52 - [TEST_STEP][PASSED] - pages.WriteExcel.demoKey(resText, datText, resColumn, datCloumn, fileLoc, nameSheet, row): pages.WriteExcel.demoKey is PASSED

2023-02-08 18:15:52 - [MESSAGE][PASSED] - pages.WriteExcel.demoKey is PASSED]]></system-out>
         <system-err><![CDATA[]]></system-err>
      </testcase>
      <testcase name="Test Cases/RecAndPlayBk/VLink/Sale-ZeroDollar-Error" time="73.788" classname="Test Cases/RecAndPlayBk/VLink/Sale-ZeroDollar-Error" status="PASSED">
         <system-out><![CDATA[2023-02-08 18:15:52 - [TEST_CASE][PASSED] - Test Cases/RecAndPlayBk/VLink/Sale-ZeroDollar-Error: Test Cases/RecAndPlayBk/VLink/Sale-ZeroDollar-Error

2023-02-08 18:15:52 - [TEST_STEP][PASSED] - executionProfile = getExecutionProfile(): null

2023-02-08 18:15:52 - [TEST_STEP][PASSED] - out.println("executionProfile : " + executionProfile): null

2023-02-08 18:15:52 - [TEST_STEP][PASSED] - appName = <not implemented yet for class: org.codehaus.groovy.ast.expr.EmptyExpression>: null

2023-02-08 18:15:52 - [TEST_STEP][PASSED] - appID = <not implemented yet for class: org.codehaus.groovy.ast.expr.EmptyExpression>: null

2023-02-08 18:15:52 - [TEST_STEP][PASSED] - username = <not implemented yet for class: org.codehaus.groovy.ast.expr.EmptyExpression>: null

2023-02-08 18:15:52 - [TEST_STEP][PASSED] - password = <not implemented yet for class: org.codehaus.groovy.ast.expr.EmptyExpression>: null

2023-02-08 18:15:52 - [TEST_STEP][PASSED] - cardNameV = <not implemented yet for class: org.codehaus.groovy.ast.expr.EmptyExpression>: null

2023-02-08 18:15:52 - [TEST_STEP][PASSED] - al1V = <not implemented yet for class: org.codehaus.groovy.ast.expr.EmptyExpression>: null

2023-02-08 18:15:52 - [TEST_STEP][PASSED] - al2V = <not implemented yet for class: org.codehaus.groovy.ast.expr.EmptyExpression>: null

2023-02-08 18:15:52 - [TEST_STEP][PASSED] - zipV = <not implemented yet for class: org.codehaus.groovy.ast.expr.EmptyExpression>: null

2023-02-08 18:15:52 - [TEST_STEP][PASSED] - cardTypeV = <not implemented yet for class: org.codehaus.groovy.ast.expr.EmptyExpression>: null

2023-02-08 18:15:52 - [TEST_STEP][PASSED] - last4V = <not implemented yet for class: org.codehaus.groovy.ast.expr.EmptyExpression>: null

2023-02-08 18:15:52 - [TEST_STEP][PASSED] - resText = "Fail": null

2023-02-08 18:15:52 - [TEST_STEP][PASSED] - resColumn = "Result": null

2023-02-08 18:15:52 - [TEST_STEP][PASSED] - datCloumn = "Date": null

2023-02-08 18:15:52 - [TEST_STEP][PASSED] - fileLoc = "KatalonData/VLinkSmokeData.xlsx": null

2023-02-08 18:15:52 - [TEST_STEP][PASSED] - numOfRows = <not implemented yet for class: org.codehaus.groovy.ast.expr.EmptyExpression>: null

2023-02-08 18:15:52 - [TEST_STEP][PASSED] - dataFile = <not implemented yet for class: org.codehaus.groovy.ast.expr.EmptyExpression>: null

2023-02-08 18:15:52 - [TEST_STEP][PASSED] - nameSheet = <not implemented yet for class: org.codehaus.groovy.ast.expr.EmptyExpression>: null

2023-02-08 18:15:52 - [TEST_STEP][PASSED] - nameSheet = "Sale-ZeroDollar": null

2023-02-08 18:15:52 - [TEST_STEP][PASSED] - numOfRows = findTestData("QA/VLinkTestData/VLinkSaleZeroDollar").getRowNumbers(): null

2023-02-08 18:15:52 - [TEST_STEP][PASSED] - println("Number of Records: " + numOfRows): null

2023-02-08 18:15:52 - [TEST_STEP][PASSED] - dataFile = "QA/VLinkTestData/VLinkSaleZeroDollar": null

2023-02-08 18:15:52 - [TEST_STEP][PASSED] - for ([row = 1, row <= numOfRows, (row++)]): null

2023-02-08 18:15:52 - [TEST_STEP][PASSED] - ExecuteTC = findTestData(dataFile).getValue("Execute", row): null

2023-02-08 18:15:52 - [TEST_STEP][PASSED] - out.println("Value of Execute is : " + ExecuteTC): null

2023-02-08 18:15:52 - [TEST_STEP][PASSED] - switch (executionProfile): null

2023-02-08 18:15:52 - [TEST_STEP][PASSED] - case "QAProfile":: null

2023-02-08 18:15:52 - [TEST_STEP][PASSED] - appID = findTestData(dataFile).getValue("AppIDQA", row): null

2023-02-08 18:15:52 - [TEST_STEP][PASSED] - username = findTestData(dataFile).getValue("UsernameQA", row): null

2023-02-08 18:15:53 - [TEST_STEP][PASSED] - password = findTestData(dataFile).getValue("PasswordQA", row): null

2023-02-08 18:15:53 - [TEST_STEP][PASSED] - break: null

2023-02-08 18:15:53 - [TEST_STEP][PASSED] - if (ExecuteTC.equalsIgnoreCase("Y")): null

2023-02-08 18:15:53 - [TEST_STEP][PASSED] - out.println("Begin Record Number: " + row): null

2023-02-08 18:15:53 - [TEST_STEP][PASSED] - today = new java.util.Date(): null

2023-02-08 18:15:53 - [TEST_STEP][PASSED] - println(today): null

2023-02-08 18:15:53 - [TEST_STEP][PASSED] - datText = today: null

2023-02-08 18:15:53 - [TEST_STEP][PASSED] - category = findTestData(dataFile).getValue("Category", row): null

2023-02-08 18:15:53 - [TEST_STEP][PASSED] - amount = findTestData(dataFile).getValue("Amount", row): null

2023-02-08 18:15:53 - [TEST_STEP][PASSED] - cardNumber = findTestData(dataFile).getValue("CardNumber", row): null

2023-02-08 18:15:53 - [TEST_STEP][PASSED] - exM = findTestData(dataFile).getValue("ExM", row): null

2023-02-08 18:15:53 - [TEST_STEP][PASSED] - exY = findTestData(dataFile).getValue("ExY", row): null

2023-02-08 18:15:53 - [TEST_STEP][PASSED] - openBrowser(VLinkURL + "authcap.html"): Browser is opened with url: 'https://dev-algorithm.govolution.com/vlinktest/QA/version_2_0/authcap.html'

2023-02-08 18:15:53 - [MESSAGE][WARNING] - A browser is already opened. Closing browser and opening a new one

2023-02-08 18:15:55 - [MESSAGE][INFO] - Starting 'Chrome' driver

2023-02-08 18:15:55 - [MESSAGE][INFO] - User set preference: ['acceptInsecureCerts', 'true']

2023-02-08 18:15:55 - [MESSAGE][INFO] - Action delay is set to 0 milliseconds

2023-02-08 18:15:57 - [MESSAGE][PASSED] - Browser is opened with url: 'https://dev-algorithm.govolution.com/vlinktest/QA/version_2_0/authcap.html'

2023-02-08 18:15:57 - [TEST_STEP][PASSED] - maximizeWindow(): Current window maximized

2023-02-08 18:15:57 - [MESSAGE][PASSED] - Current window maximized

2023-02-08 18:15:57 - [TEST_STEP][PASSED] - maximizeWindow(): Current window maximized

2023-02-08 18:15:57 - [MESSAGE][PASSED] - Current window maximized

2023-02-08 18:15:57 - [TEST_STEP][PASSED] - genRemID = RandomStringUtils.random(12, true, true): null

2023-02-08 18:15:57 - [TEST_STEP][PASSED] - setText(findTestObject("Object Repository/RecAndPlayBk/Page-Vlink-Sale/input_Remittance Id_remittance_id"), genRemID): Text 'MgAJGbrhiNmy' is set on object 'Object Repository/RecAndPlayBk/Page-Vlink-Sale/input_Remittance Id_remittance_id'

2023-02-08 18:15:57 - [MESSAGE][PASSED] - Text 'MgAJGbrhiNmy' is set on object 'Object Repository/RecAndPlayBk/Page-Vlink-Sale/input_Remittance Id_remittance_id'

2023-02-08 18:15:57 - [TEST_STEP][PASSED] - setText(findTestObject("Object Repository/RecAndPlayBk/Page-Vlink-Sale/input_Application Id_application_id"), appID): Text '234' is set on object 'Object Repository/RecAndPlayBk/Page-Vlink-Sale/input_Application Id_application_id'

2023-02-08 18:15:58 - [MESSAGE][PASSED] - Text '234' is set on object 'Object Repository/RecAndPlayBk/Page-Vlink-Sale/input_Application Id_application_id'

2023-02-08 18:15:58 - [TEST_STEP][PASSED] - setText(findTestObject("Object Repository/RecAndPlayBk/Page-Vlink-Sale/input_Username_username"), username): Text 'username' is set on object 'Object Repository/RecAndPlayBk/Page-Vlink-Sale/input_Username_username'

2023-02-08 18:15:59 - [MESSAGE][PASSED] - Text 'username' is set on object 'Object Repository/RecAndPlayBk/Page-Vlink-Sale/input_Username_username'

2023-02-08 18:15:59 - [TEST_STEP][PASSED] - setText(findTestObject("Object Repository/RecAndPlayBk/Page-Vlink-Sale/input_Password_password"), password): Text 'password' is set on object 'Object Repository/RecAndPlayBk/Page-Vlink-Sale/input_Password_password'

2023-02-08 18:15:59 - [MESSAGE][PASSED] - Text 'password' is set on object 'Object Repository/RecAndPlayBk/Page-Vlink-Sale/input_Password_password'

2023-02-08 18:15:59 - [TEST_STEP][PASSED] - setText(findTestObject("Object Repository/RecAndPlayBk/Page-Vlink-Sale/input_Category_category"), category): Text 'ECOM' is set on object 'Object Repository/RecAndPlayBk/Page-Vlink-Sale/input_Category_category'

2023-02-08 18:16:00 - [MESSAGE][PASSED] - Text 'ECOM' is set on object 'Object Repository/RecAndPlayBk/Page-Vlink-Sale/input_Category_category'

2023-02-08 18:16:00 - [TEST_STEP][PASSED] - setText(findTestObject("Object Repository/RecAndPlayBk/Page-Vlink-Sale/input_Amount_amount"), amount): Text '0' is set on object 'Object Repository/RecAndPlayBk/Page-Vlink-Sale/input_Amount_amount'

2023-02-08 18:16:00 - [MESSAGE][PASSED] - Text '0' is set on object 'Object Repository/RecAndPlayBk/Page-Vlink-Sale/input_Amount_amount'

2023-02-08 18:16:00 - [TEST_STEP][PASSED] - setText(findTestObject("Object Repository/RecAndPlayBk/Page-Vlink-Sale/input_Card number_card_number"), cardNumber): Text '4111111111111111' is set on object 'Object Repository/RecAndPlayBk/Page-Vlink-Sale/input_Card number_card_number'

2023-02-08 18:16:01 - [MESSAGE][PASSED] - Text '4111111111111111' is set on object 'Object Repository/RecAndPlayBk/Page-Vlink-Sale/input_Card number_card_number'

2023-02-08 18:16:01 - [TEST_STEP][PASSED] - setText(findTestObject("Object Repository/RecAndPlayBk/Page-Vlink-Sale/input_Card ex month_card_exmo"), exM): Text '12' is set on object 'Object Repository/RecAndPlayBk/Page-Vlink-Sale/input_Card ex month_card_exmo'

2023-02-08 18:16:02 - [MESSAGE][PASSED] - Text '12' is set on object 'Object Repository/RecAndPlayBk/Page-Vlink-Sale/input_Card ex month_card_exmo'

2023-02-08 18:16:02 - [TEST_STEP][PASSED] - setText(findTestObject("Object Repository/RecAndPlayBk/Page-Vlink-Sale/input_Card ex year_card_exyr"), exY): Text '2029' is set on object 'Object Repository/RecAndPlayBk/Page-Vlink-Sale/input_Card ex year_card_exyr'

2023-02-08 18:16:02 - [MESSAGE][PASSED] - Text '2029' is set on object 'Object Repository/RecAndPlayBk/Page-Vlink-Sale/input_Card ex year_card_exyr'

2023-02-08 18:16:02 - [TEST_STEP][PASSED] - setText(findTestObject("Object Repository/RecAndPlayBk/Page-Vlink-Sale/input_Track Data_track_data"), ""): Text '' is set on object 'Object Repository/RecAndPlayBk/Page-Vlink-Sale/input_Track Data_track_data'

2023-02-08 18:16:03 - [MESSAGE][PASSED] - Text '' is set on object 'Object Repository/RecAndPlayBk/Page-Vlink-Sale/input_Track Data_track_data'

2023-02-08 18:16:03 - [TEST_STEP][PASSED] - setText(findTestObject("Object Repository/RecAndPlayBk/Page-Vlink-Sale/input_concat(Cardholder, , s email)_email"), ""): Text '' is set on object 'Object Repository/RecAndPlayBk/Page-Vlink-Sale/input_concat(Cardholder, , s email)_email'

2023-02-08 18:16:04 - [MESSAGE][PASSED] - Text '' is set on object 'Object Repository/RecAndPlayBk/Page-Vlink-Sale/input_concat(Cardholder, , s email)_email'

2023-02-08 18:16:04 - [TEST_STEP][PASSED] - click(findTestObject("Object Repository/RecAndPlayBk/Page-Vlink-Sale/input_user_defined10_user_defined10")): Object: 'Object Repository/RecAndPlayBk/Page-Vlink-Sale/input_user_defined10_user_defined10' is clicked on

2023-02-08 18:16:04 - [MESSAGE][PASSED] - Object: 'Object Repository/RecAndPlayBk/Page-Vlink-Sale/input_user_defined10_user_defined10' is clicked on

2023-02-08 18:16:04 - [TEST_STEP][PASSED] - if (executionProfile.equalsIgnoreCase("QAProfile") || executionProfile.equalsIgnoreCase("DemoProfile")): Text '' is set on object 'Object Repository/RecAndPlayBk/Page-Vlink-Sale/input_COF Transaction Initiated by_cof_tran_6cded5'

2023-02-08 18:16:04 - [TEST_STEP][PASSED] - setText(findTestObject("Object Repository/RecAndPlayBk/Page-Vlink-Sale/input_Card on File Indicator_card_on_file_i_157dae"), ""): Text '' is set on object 'Object Repository/RecAndPlayBk/Page-Vlink-Sale/input_Card on File Indicator_card_on_file_i_157dae'

2023-02-08 18:16:05 - [MESSAGE][PASSED] - Text '' is set on object 'Object Repository/RecAndPlayBk/Page-Vlink-Sale/input_Card on File Indicator_card_on_file_i_157dae'

2023-02-08 18:16:05 - [TEST_STEP][PASSED] - setText(findTestObject("Object Repository/RecAndPlayBk/Page-Vlink-Sale/input_Stored Credential Indicator_stored_cr_4ae73c"), ""): Text '' is set on object 'Object Repository/RecAndPlayBk/Page-Vlink-Sale/input_Stored Credential Indicator_stored_cr_4ae73c'

2023-02-08 18:16:05 - [MESSAGE][PASSED] - Text '' is set on object 'Object Repository/RecAndPlayBk/Page-Vlink-Sale/input_Stored Credential Indicator_stored_cr_4ae73c'

2023-02-08 18:16:05 - [TEST_STEP][PASSED] - setText(findTestObject("Object Repository/RecAndPlayBk/Page-Vlink-Sale/input_COF Scheduled indicator_cof_scheduled_8df7d8"), ""): Text '' is set on object 'Object Repository/RecAndPlayBk/Page-Vlink-Sale/input_COF Scheduled indicator_cof_scheduled_8df7d8'

2023-02-08 18:16:06 - [MESSAGE][PASSED] - Text '' is set on object 'Object Repository/RecAndPlayBk/Page-Vlink-Sale/input_COF Scheduled indicator_cof_scheduled_8df7d8'

2023-02-08 18:16:06 - [TEST_STEP][PASSED] - setText(findTestObject("Object Repository/RecAndPlayBk/Page-Vlink-Sale/input_COF Transaction Initiated by_cof_tran_6cded5"), ""): Text '' is set on object 'Object Repository/RecAndPlayBk/Page-Vlink-Sale/input_COF Transaction Initiated by_cof_tran_6cded5'

2023-02-08 18:16:06 - [MESSAGE][PASSED] - Text '' is set on object 'Object Repository/RecAndPlayBk/Page-Vlink-Sale/input_COF Transaction Initiated by_cof_tran_6cded5'

2023-02-08 18:16:06 - [TEST_STEP][PASSED] - click(findTestObject("Object Repository/RecAndPlayBk/Page-Vlink-Sale/input")): Object: 'Object Repository/RecAndPlayBk/Page-Vlink-Sale/input' is clicked on

2023-02-08 18:16:07 - [MESSAGE][PASSED] - Object: 'Object Repository/RecAndPlayBk/Page-Vlink-Sale/input' is clicked on

2023-02-08 18:16:07 - [TEST_STEP][PASSED] - if (verifyTextPresent("invalid: amount", true)): null

2023-02-08 18:16:07 - [MESSAGE][PASSED] - Text 'invalid: amount' is present on page  using regular expression

2023-02-08 18:16:07 - [TEST_STEP][PASSED] - println("Parameter value(s) invalid: amount text is present on the Confirmation page"): null

2023-02-08 18:16:07 - [TEST_STEP][PASSED] - out.println("Pass Record Number: " + row): null

2023-02-08 18:16:07 - [TEST_STEP][PASSED] - resText = "Pass": null

2023-02-08 18:16:07 - [TEST_STEP][PASSED] - pages.WriteExcel.demoKey(resText, datText, resColumn, datCloumn, fileLoc, nameSheet, row): pages.WriteExcel.demoKey is PASSED

2023-02-08 18:16:07 - [MESSAGE][PASSED] - pages.WriteExcel.demoKey is PASSED

2023-02-08 18:16:07 - [TEST_STEP][PASSED] - ExecuteTC = findTestData(dataFile).getValue("Execute", row): null

2023-02-08 18:16:07 - [TEST_STEP][PASSED] - out.println("Value of Execute is : " + ExecuteTC): null

2023-02-08 18:16:07 - [TEST_STEP][PASSED] - switch (executionProfile): null

2023-02-08 18:16:07 - [TEST_STEP][PASSED] - case "QAProfile":: null

2023-02-08 18:16:07 - [TEST_STEP][PASSED] - appID = findTestData(dataFile).getValue("AppIDQA", row): null

2023-02-08 18:16:08 - [TEST_STEP][PASSED] - username = findTestData(dataFile).getValue("UsernameQA", row): null

2023-02-08 18:16:08 - [TEST_STEP][PASSED] - password = findTestData(dataFile).getValue("PasswordQA", row): null

2023-02-08 18:16:08 - [TEST_STEP][PASSED] - break: null

2023-02-08 18:16:08 - [TEST_STEP][PASSED] - if (ExecuteTC.equalsIgnoreCase("Y")): null

2023-02-08 18:16:08 - [TEST_STEP][PASSED] - out.println("Begin Record Number: " + row): null

2023-02-08 18:16:08 - [TEST_STEP][PASSED] - today = new java.util.Date(): null

2023-02-08 18:16:08 - [TEST_STEP][PASSED] - println(today): null

2023-02-08 18:16:08 - [TEST_STEP][PASSED] - datText = today: null

2023-02-08 18:16:08 - [TEST_STEP][PASSED] - category = findTestData(dataFile).getValue("Category", row): null

2023-02-08 18:16:08 - [TEST_STEP][PASSED] - amount = findTestData(dataFile).getValue("Amount", row): null

2023-02-08 18:16:08 - [TEST_STEP][PASSED] - cardNumber = findTestData(dataFile).getValue("CardNumber", row): null

2023-02-08 18:16:08 - [TEST_STEP][PASSED] - exM = findTestData(dataFile).getValue("ExM", row): null

2023-02-08 18:16:08 - [TEST_STEP][PASSED] - exY = findTestData(dataFile).getValue("ExY", row): null

2023-02-08 18:16:08 - [TEST_STEP][PASSED] - openBrowser(VLinkURL + "authcap.html"): Browser is opened with url: 'https://dev-algorithm.govolution.com/vlinktest/QA/version_2_0/authcap.html'

2023-02-08 18:16:08 - [MESSAGE][WARNING] - A browser is already opened. Closing browser and opening a new one

2023-02-08 18:16:09 - [MESSAGE][INFO] - Starting 'Chrome' driver

2023-02-08 18:16:09 - [MESSAGE][INFO] - User set preference: ['acceptInsecureCerts', 'true']

2023-02-08 18:16:09 - [MESSAGE][INFO] - Action delay is set to 0 milliseconds

2023-02-08 18:16:11 - [MESSAGE][PASSED] - Browser is opened with url: 'https://dev-algorithm.govolution.com/vlinktest/QA/version_2_0/authcap.html'

2023-02-08 18:16:11 - [TEST_STEP][PASSED] - maximizeWindow(): Current window maximized

2023-02-08 18:16:11 - [MESSAGE][PASSED] - Current window maximized

2023-02-08 18:16:11 - [TEST_STEP][PASSED] - maximizeWindow(): Current window maximized

2023-02-08 18:16:11 - [MESSAGE][PASSED] - Current window maximized

2023-02-08 18:16:11 - [TEST_STEP][PASSED] - genRemID = RandomStringUtils.random(12, true, true): null

2023-02-08 18:16:11 - [TEST_STEP][PASSED] - setText(findTestObject("Object Repository/RecAndPlayBk/Page-Vlink-Sale/input_Remittance Id_remittance_id"), genRemID): Text 'AZxtzkntFMR4' is set on object 'Object Repository/RecAndPlayBk/Page-Vlink-Sale/input_Remittance Id_remittance_id'

2023-02-08 18:16:12 - [MESSAGE][PASSED] - Text 'AZxtzkntFMR4' is set on object 'Object Repository/RecAndPlayBk/Page-Vlink-Sale/input_Remittance Id_remittance_id'

2023-02-08 18:16:12 - [TEST_STEP][PASSED] - setText(findTestObject("Object Repository/RecAndPlayBk/Page-Vlink-Sale/input_Application Id_application_id"), appID): Text '234' is set on object 'Object Repository/RecAndPlayBk/Page-Vlink-Sale/input_Application Id_application_id'

2023-02-08 18:16:13 - [MESSAGE][PASSED] - Text '234' is set on object 'Object Repository/RecAndPlayBk/Page-Vlink-Sale/input_Application Id_application_id'

2023-02-08 18:16:13 - [TEST_STEP][PASSED] - setText(findTestObject("Object Repository/RecAndPlayBk/Page-Vlink-Sale/input_Username_username"), username): Text 'username' is set on object 'Object Repository/RecAndPlayBk/Page-Vlink-Sale/input_Username_username'

2023-02-08 18:16:13 - [MESSAGE][PASSED] - Text 'username' is set on object 'Object Repository/RecAndPlayBk/Page-Vlink-Sale/input_Username_username'

2023-02-08 18:16:13 - [TEST_STEP][PASSED] - setText(findTestObject("Object Repository/RecAndPlayBk/Page-Vlink-Sale/input_Password_password"), password): Text 'password' is set on object 'Object Repository/RecAndPlayBk/Page-Vlink-Sale/input_Password_password'

2023-02-08 18:16:14 - [MESSAGE][PASSED] - Text 'password' is set on object 'Object Repository/RecAndPlayBk/Page-Vlink-Sale/input_Password_password'

2023-02-08 18:16:14 - [TEST_STEP][PASSED] - setText(findTestObject("Object Repository/RecAndPlayBk/Page-Vlink-Sale/input_Category_category"), category): Text 'MOTO' is set on object 'Object Repository/RecAndPlayBk/Page-Vlink-Sale/input_Category_category'

2023-02-08 18:16:14 - [MESSAGE][PASSED] - Text 'MOTO' is set on object 'Object Repository/RecAndPlayBk/Page-Vlink-Sale/input_Category_category'

2023-02-08 18:16:14 - [TEST_STEP][PASSED] - setText(findTestObject("Object Repository/RecAndPlayBk/Page-Vlink-Sale/input_Amount_amount"), amount): Text '0' is set on object 'Object Repository/RecAndPlayBk/Page-Vlink-Sale/input_Amount_amount'

2023-02-08 18:16:15 - [MESSAGE][PASSED] - Text '0' is set on object 'Object Repository/RecAndPlayBk/Page-Vlink-Sale/input_Amount_amount'

2023-02-08 18:16:15 - [TEST_STEP][PASSED] - setText(findTestObject("Object Repository/RecAndPlayBk/Page-Vlink-Sale/input_Card number_card_number"), cardNumber): Text '5424000000000015' is set on object 'Object Repository/RecAndPlayBk/Page-Vlink-Sale/input_Card number_card_number'

2023-02-08 18:16:16 - [MESSAGE][PASSED] - Text '5424000000000015' is set on object 'Object Repository/RecAndPlayBk/Page-Vlink-Sale/input_Card number_card_number'

2023-02-08 18:16:16 - [TEST_STEP][PASSED] - setText(findTestObject("Object Repository/RecAndPlayBk/Page-Vlink-Sale/input_Card ex month_card_exmo"), exM): Text '12' is set on object 'Object Repository/RecAndPlayBk/Page-Vlink-Sale/input_Card ex month_card_exmo'

2023-02-08 18:16:16 - [MESSAGE][PASSED] - Text '12' is set on object 'Object Repository/RecAndPlayBk/Page-Vlink-Sale/input_Card ex month_card_exmo'

2023-02-08 18:16:16 - [TEST_STEP][PASSED] - setText(findTestObject("Object Repository/RecAndPlayBk/Page-Vlink-Sale/input_Card ex year_card_exyr"), exY): Text '2029' is set on object 'Object Repository/RecAndPlayBk/Page-Vlink-Sale/input_Card ex year_card_exyr'

2023-02-08 18:16:17 - [MESSAGE][PASSED] - Text '2029' is set on object 'Object Repository/RecAndPlayBk/Page-Vlink-Sale/input_Card ex year_card_exyr'

2023-02-08 18:16:17 - [TEST_STEP][PASSED] - setText(findTestObject("Object Repository/RecAndPlayBk/Page-Vlink-Sale/input_Track Data_track_data"), ""): Text '' is set on object 'Object Repository/RecAndPlayBk/Page-Vlink-Sale/input_Track Data_track_data'

2023-02-08 18:16:18 - [MESSAGE][PASSED] - Text '' is set on object 'Object Repository/RecAndPlayBk/Page-Vlink-Sale/input_Track Data_track_data'

2023-02-08 18:16:18 - [TEST_STEP][PASSED] - setText(findTestObject("Object Repository/RecAndPlayBk/Page-Vlink-Sale/input_concat(Cardholder, , s email)_email"), ""): Text '' is set on object 'Object Repository/RecAndPlayBk/Page-Vlink-Sale/input_concat(Cardholder, , s email)_email'

2023-02-08 18:16:18 - [MESSAGE][PASSED] - Text '' is set on object 'Object Repository/RecAndPlayBk/Page-Vlink-Sale/input_concat(Cardholder, , s email)_email'

2023-02-08 18:16:18 - [TEST_STEP][PASSED] - click(findTestObject("Object Repository/RecAndPlayBk/Page-Vlink-Sale/input_user_defined10_user_defined10")): Object: 'Object Repository/RecAndPlayBk/Page-Vlink-Sale/input_user_defined10_user_defined10' is clicked on

2023-02-08 18:16:18 - [MESSAGE][PASSED] - Object: 'Object Repository/RecAndPlayBk/Page-Vlink-Sale/input_user_defined10_user_defined10' is clicked on

2023-02-08 18:16:18 - [TEST_STEP][PASSED] - if (executionProfile.equalsIgnoreCase("QAProfile") || executionProfile.equalsIgnoreCase("DemoProfile")): Text '' is set on object 'Object Repository/RecAndPlayBk/Page-Vlink-Sale/input_COF Transaction Initiated by_cof_tran_6cded5'

2023-02-08 18:16:18 - [TEST_STEP][PASSED] - setText(findTestObject("Object Repository/RecAndPlayBk/Page-Vlink-Sale/input_Card on File Indicator_card_on_file_i_157dae"), ""): Text '' is set on object 'Object Repository/RecAndPlayBk/Page-Vlink-Sale/input_Card on File Indicator_card_on_file_i_157dae'

2023-02-08 18:16:19 - [MESSAGE][PASSED] - Text '' is set on object 'Object Repository/RecAndPlayBk/Page-Vlink-Sale/input_Card on File Indicator_card_on_file_i_157dae'

2023-02-08 18:16:19 - [TEST_STEP][PASSED] - setText(findTestObject("Object Repository/RecAndPlayBk/Page-Vlink-Sale/input_Stored Credential Indicator_stored_cr_4ae73c"), ""): Text '' is set on object 'Object Repository/RecAndPlayBk/Page-Vlink-Sale/input_Stored Credential Indicator_stored_cr_4ae73c'

2023-02-08 18:16:20 - [MESSAGE][PASSED] - Text '' is set on object 'Object Repository/RecAndPlayBk/Page-Vlink-Sale/input_Stored Credential Indicator_stored_cr_4ae73c'

2023-02-08 18:16:20 - [TEST_STEP][PASSED] - setText(findTestObject("Object Repository/RecAndPlayBk/Page-Vlink-Sale/input_COF Scheduled indicator_cof_scheduled_8df7d8"), ""): Text '' is set on object 'Object Repository/RecAndPlayBk/Page-Vlink-Sale/input_COF Scheduled indicator_cof_scheduled_8df7d8'

2023-02-08 18:16:20 - [MESSAGE][PASSED] - Text '' is set on object 'Object Repository/RecAndPlayBk/Page-Vlink-Sale/input_COF Scheduled indicator_cof_scheduled_8df7d8'

2023-02-08 18:16:20 - [TEST_STEP][PASSED] - setText(findTestObject("Object Repository/RecAndPlayBk/Page-Vlink-Sale/input_COF Transaction Initiated by_cof_tran_6cded5"), ""): Text '' is set on object 'Object Repository/RecAndPlayBk/Page-Vlink-Sale/input_COF Transaction Initiated by_cof_tran_6cded5'

2023-02-08 18:16:21 - [MESSAGE][PASSED] - Text '' is set on object 'Object Repository/RecAndPlayBk/Page-Vlink-Sale/input_COF Transaction Initiated by_cof_tran_6cded5'

2023-02-08 18:16:21 - [TEST_STEP][PASSED] - click(findTestObject("Object Repository/RecAndPlayBk/Page-Vlink-Sale/input")): Object: 'Object Repository/RecAndPlayBk/Page-Vlink-Sale/input' is clicked on

2023-02-08 18:16:21 - [MESSAGE][PASSED] - Object: 'Object Repository/RecAndPlayBk/Page-Vlink-Sale/input' is clicked on

2023-02-08 18:16:21 - [TEST_STEP][PASSED] - if (verifyTextPresent("invalid: amount", true)): null

2023-02-08 18:16:22 - [MESSAGE][PASSED] - Text 'invalid: amount' is present on page  using regular expression

2023-02-08 18:16:22 - [TEST_STEP][PASSED] - println("Parameter value(s) invalid: amount text is present on the Confirmation page"): null

2023-02-08 18:16:22 - [TEST_STEP][PASSED] - out.println("Pass Record Number: " + row): null

2023-02-08 18:16:22 - [TEST_STEP][PASSED] - resText = "Pass": null

2023-02-08 18:16:22 - [TEST_STEP][PASSED] - pages.WriteExcel.demoKey(resText, datText, resColumn, datCloumn, fileLoc, nameSheet, row): pages.WriteExcel.demoKey is PASSED

2023-02-08 18:16:22 - [MESSAGE][PASSED] - pages.WriteExcel.demoKey is PASSED

2023-02-08 18:16:22 - [TEST_STEP][PASSED] - ExecuteTC = findTestData(dataFile).getValue("Execute", row): null

2023-02-08 18:16:22 - [TEST_STEP][PASSED] - out.println("Value of Execute is : " + ExecuteTC): null

2023-02-08 18:16:22 - [TEST_STEP][PASSED] - switch (executionProfile): null

2023-02-08 18:16:22 - [TEST_STEP][PASSED] - case "QAProfile":: null

2023-02-08 18:16:22 - [TEST_STEP][PASSED] - appID = findTestData(dataFile).getValue("AppIDQA", row): null

2023-02-08 18:16:22 - [TEST_STEP][PASSED] - username = findTestData(dataFile).getValue("UsernameQA", row): null

2023-02-08 18:16:22 - [TEST_STEP][PASSED] - password = findTestData(dataFile).getValue("PasswordQA", row): null

2023-02-08 18:16:22 - [TEST_STEP][PASSED] - break: null

2023-02-08 18:16:22 - [TEST_STEP][PASSED] - if (ExecuteTC.equalsIgnoreCase("Y")): null

2023-02-08 18:16:22 - [TEST_STEP][PASSED] - out.println("Begin Record Number: " + row): null

2023-02-08 18:16:22 - [TEST_STEP][PASSED] - today = new java.util.Date(): null

2023-02-08 18:16:22 - [TEST_STEP][PASSED] - println(today): null

2023-02-08 18:16:22 - [TEST_STEP][PASSED] - datText = today: null

2023-02-08 18:16:22 - [TEST_STEP][PASSED] - category = findTestData(dataFile).getValue("Category", row): null

2023-02-08 18:16:22 - [TEST_STEP][PASSED] - amount = findTestData(dataFile).getValue("Amount", row): null

2023-02-08 18:16:22 - [TEST_STEP][PASSED] - cardNumber = findTestData(dataFile).getValue("CardNumber", row): null

2023-02-08 18:16:22 - [TEST_STEP][PASSED] - exM = findTestData(dataFile).getValue("ExM", row): null

2023-02-08 18:16:23 - [TEST_STEP][PASSED] - exY = findTestData(dataFile).getValue("ExY", row): null

2023-02-08 18:16:23 - [TEST_STEP][PASSED] - openBrowser(VLinkURL + "authcap.html"): Browser is opened with url: 'https://dev-algorithm.govolution.com/vlinktest/QA/version_2_0/authcap.html'

2023-02-08 18:16:23 - [MESSAGE][WARNING] - A browser is already opened. Closing browser and opening a new one

2023-02-08 18:16:24 - [MESSAGE][INFO] - Starting 'Chrome' driver

2023-02-08 18:16:24 - [MESSAGE][INFO] - User set preference: ['acceptInsecureCerts', 'true']

2023-02-08 18:16:24 - [MESSAGE][INFO] - Action delay is set to 0 milliseconds

2023-02-08 18:16:25 - [MESSAGE][PASSED] - Browser is opened with url: 'https://dev-algorithm.govolution.com/vlinktest/QA/version_2_0/authcap.html'

2023-02-08 18:16:25 - [TEST_STEP][PASSED] - maximizeWindow(): Current window maximized

2023-02-08 18:16:25 - [MESSAGE][PASSED] - Current window maximized

2023-02-08 18:16:25 - [TEST_STEP][PASSED] - maximizeWindow(): Current window maximized

2023-02-08 18:16:25 - [MESSAGE][PASSED] - Current window maximized

2023-02-08 18:16:25 - [TEST_STEP][PASSED] - genRemID = RandomStringUtils.random(12, true, true): null

2023-02-08 18:16:25 - [TEST_STEP][PASSED] - setText(findTestObject("Object Repository/RecAndPlayBk/Page-Vlink-Sale/input_Remittance Id_remittance_id"), genRemID): Text 'ZFvfygwDQhTa' is set on object 'Object Repository/RecAndPlayBk/Page-Vlink-Sale/input_Remittance Id_remittance_id'

2023-02-08 18:16:26 - [MESSAGE][PASSED] - Text 'ZFvfygwDQhTa' is set on object 'Object Repository/RecAndPlayBk/Page-Vlink-Sale/input_Remittance Id_remittance_id'

2023-02-08 18:16:26 - [TEST_STEP][PASSED] - setText(findTestObject("Object Repository/RecAndPlayBk/Page-Vlink-Sale/input_Application Id_application_id"), appID): Text '234' is set on object 'Object Repository/RecAndPlayBk/Page-Vlink-Sale/input_Application Id_application_id'

2023-02-08 18:16:27 - [MESSAGE][PASSED] - Text '234' is set on object 'Object Repository/RecAndPlayBk/Page-Vlink-Sale/input_Application Id_application_id'

2023-02-08 18:16:27 - [TEST_STEP][PASSED] - setText(findTestObject("Object Repository/RecAndPlayBk/Page-Vlink-Sale/input_Username_username"), username): Text 'username' is set on object 'Object Repository/RecAndPlayBk/Page-Vlink-Sale/input_Username_username'

2023-02-08 18:16:27 - [MESSAGE][PASSED] - Text 'username' is set on object 'Object Repository/RecAndPlayBk/Page-Vlink-Sale/input_Username_username'

2023-02-08 18:16:27 - [TEST_STEP][PASSED] - setText(findTestObject("Object Repository/RecAndPlayBk/Page-Vlink-Sale/input_Password_password"), password): Text 'password' is set on object 'Object Repository/RecAndPlayBk/Page-Vlink-Sale/input_Password_password'

2023-02-08 18:16:28 - [MESSAGE][PASSED] - Text 'password' is set on object 'Object Repository/RecAndPlayBk/Page-Vlink-Sale/input_Password_password'

2023-02-08 18:16:28 - [TEST_STEP][PASSED] - setText(findTestObject("Object Repository/RecAndPlayBk/Page-Vlink-Sale/input_Category_category"), category): Text 'RETL' is set on object 'Object Repository/RecAndPlayBk/Page-Vlink-Sale/input_Category_category'

2023-02-08 18:16:29 - [MESSAGE][PASSED] - Text 'RETL' is set on object 'Object Repository/RecAndPlayBk/Page-Vlink-Sale/input_Category_category'

2023-02-08 18:16:29 - [TEST_STEP][PASSED] - setText(findTestObject("Object Repository/RecAndPlayBk/Page-Vlink-Sale/input_Amount_amount"), amount): Text '0' is set on object 'Object Repository/RecAndPlayBk/Page-Vlink-Sale/input_Amount_amount'

2023-02-08 18:16:29 - [MESSAGE][PASSED] - Text '0' is set on object 'Object Repository/RecAndPlayBk/Page-Vlink-Sale/input_Amount_amount'

2023-02-08 18:16:29 - [TEST_STEP][PASSED] - setText(findTestObject("Object Repository/RecAndPlayBk/Page-Vlink-Sale/input_Card number_card_number"), cardNumber): Text '370000000000002' is set on object 'Object Repository/RecAndPlayBk/Page-Vlink-Sale/input_Card number_card_number'

2023-02-08 18:16:30 - [MESSAGE][PASSED] - Text '370000000000002' is set on object 'Object Repository/RecAndPlayBk/Page-Vlink-Sale/input_Card number_card_number'

2023-02-08 18:16:30 - [TEST_STEP][PASSED] - setText(findTestObject("Object Repository/RecAndPlayBk/Page-Vlink-Sale/input_Card ex month_card_exmo"), exM): Text '12' is set on object 'Object Repository/RecAndPlayBk/Page-Vlink-Sale/input_Card ex month_card_exmo'

2023-02-08 18:16:31 - [MESSAGE][PASSED] - Text '12' is set on object 'Object Repository/RecAndPlayBk/Page-Vlink-Sale/input_Card ex month_card_exmo'

2023-02-08 18:16:31 - [TEST_STEP][PASSED] - setText(findTestObject("Object Repository/RecAndPlayBk/Page-Vlink-Sale/input_Card ex year_card_exyr"), exY): Text '2029' is set on object 'Object Repository/RecAndPlayBk/Page-Vlink-Sale/input_Card ex year_card_exyr'

2023-02-08 18:16:31 - [MESSAGE][PASSED] - Text '2029' is set on object 'Object Repository/RecAndPlayBk/Page-Vlink-Sale/input_Card ex year_card_exyr'

2023-02-08 18:16:31 - [TEST_STEP][PASSED] - setText(findTestObject("Object Repository/RecAndPlayBk/Page-Vlink-Sale/input_Track Data_track_data"), ""): Text '' is set on object 'Object Repository/RecAndPlayBk/Page-Vlink-Sale/input_Track Data_track_data'

2023-02-08 18:16:32 - [MESSAGE][PASSED] - Text '' is set on object 'Object Repository/RecAndPlayBk/Page-Vlink-Sale/input_Track Data_track_data'

2023-02-08 18:16:32 - [TEST_STEP][PASSED] - setText(findTestObject("Object Repository/RecAndPlayBk/Page-Vlink-Sale/input_concat(Cardholder, , s email)_email"), ""): Text '' is set on object 'Object Repository/RecAndPlayBk/Page-Vlink-Sale/input_concat(Cardholder, , s email)_email'

2023-02-08 18:16:32 - [MESSAGE][PASSED] - Text '' is set on object 'Object Repository/RecAndPlayBk/Page-Vlink-Sale/input_concat(Cardholder, , s email)_email'

2023-02-08 18:16:32 - [TEST_STEP][PASSED] - click(findTestObject("Object Repository/RecAndPlayBk/Page-Vlink-Sale/input_user_defined10_user_defined10")): Object: 'Object Repository/RecAndPlayBk/Page-Vlink-Sale/input_user_defined10_user_defined10' is clicked on

2023-02-08 18:16:33 - [MESSAGE][PASSED] - Object: 'Object Repository/RecAndPlayBk/Page-Vlink-Sale/input_user_defined10_user_defined10' is clicked on

2023-02-08 18:16:33 - [TEST_STEP][PASSED] - if (executionProfile.equalsIgnoreCase("QAProfile") || executionProfile.equalsIgnoreCase("DemoProfile")): Text '' is set on object 'Object Repository/RecAndPlayBk/Page-Vlink-Sale/input_COF Transaction Initiated by_cof_tran_6cded5'

2023-02-08 18:16:33 - [TEST_STEP][PASSED] - setText(findTestObject("Object Repository/RecAndPlayBk/Page-Vlink-Sale/input_Card on File Indicator_card_on_file_i_157dae"), ""): Text '' is set on object 'Object Repository/RecAndPlayBk/Page-Vlink-Sale/input_Card on File Indicator_card_on_file_i_157dae'

2023-02-08 18:16:33 - [MESSAGE][PASSED] - Text '' is set on object 'Object Repository/RecAndPlayBk/Page-Vlink-Sale/input_Card on File Indicator_card_on_file_i_157dae'

2023-02-08 18:16:33 - [TEST_STEP][PASSED] - setText(findTestObject("Object Repository/RecAndPlayBk/Page-Vlink-Sale/input_Stored Credential Indicator_stored_cr_4ae73c"), ""): Text '' is set on object 'Object Repository/RecAndPlayBk/Page-Vlink-Sale/input_Stored Credential Indicator_stored_cr_4ae73c'

2023-02-08 18:16:34 - [MESSAGE][PASSED] - Text '' is set on object 'Object Repository/RecAndPlayBk/Page-Vlink-Sale/input_Stored Credential Indicator_stored_cr_4ae73c'

2023-02-08 18:16:34 - [TEST_STEP][PASSED] - setText(findTestObject("Object Repository/RecAndPlayBk/Page-Vlink-Sale/input_COF Scheduled indicator_cof_scheduled_8df7d8"), ""): Text '' is set on object 'Object Repository/RecAndPlayBk/Page-Vlink-Sale/input_COF Scheduled indicator_cof_scheduled_8df7d8'

2023-02-08 18:16:34 - [MESSAGE][PASSED] - Text '' is set on object 'Object Repository/RecAndPlayBk/Page-Vlink-Sale/input_COF Scheduled indicator_cof_scheduled_8df7d8'

2023-02-08 18:16:34 - [TEST_STEP][PASSED] - setText(findTestObject("Object Repository/RecAndPlayBk/Page-Vlink-Sale/input_COF Transaction Initiated by_cof_tran_6cded5"), ""): Text '' is set on object 'Object Repository/RecAndPlayBk/Page-Vlink-Sale/input_COF Transaction Initiated by_cof_tran_6cded5'

2023-02-08 18:16:35 - [MESSAGE][PASSED] - Text '' is set on object 'Object Repository/RecAndPlayBk/Page-Vlink-Sale/input_COF Transaction Initiated by_cof_tran_6cded5'

2023-02-08 18:16:35 - [TEST_STEP][PASSED] - click(findTestObject("Object Repository/RecAndPlayBk/Page-Vlink-Sale/input")): Object: 'Object Repository/RecAndPlayBk/Page-Vlink-Sale/input' is clicked on

2023-02-08 18:16:36 - [MESSAGE][PASSED] - Object: 'Object Repository/RecAndPlayBk/Page-Vlink-Sale/input' is clicked on

2023-02-08 18:16:36 - [TEST_STEP][PASSED] - if (verifyTextPresent("invalid: amount", true)): null

2023-02-08 18:16:36 - [MESSAGE][PASSED] - Text 'invalid: amount' is present on page  using regular expression

2023-02-08 18:16:36 - [TEST_STEP][PASSED] - println("Parameter value(s) invalid: amount text is present on the Confirmation page"): null

2023-02-08 18:16:36 - [TEST_STEP][PASSED] - out.println("Pass Record Number: " + row): null

2023-02-08 18:16:36 - [TEST_STEP][PASSED] - resText = "Pass": null

2023-02-08 18:16:36 - [TEST_STEP][PASSED] - pages.WriteExcel.demoKey(resText, datText, resColumn, datCloumn, fileLoc, nameSheet, row): pages.WriteExcel.demoKey is PASSED

2023-02-08 18:16:36 - [MESSAGE][PASSED] - pages.WriteExcel.demoKey is PASSED

2023-02-08 18:16:36 - [TEST_STEP][PASSED] - ExecuteTC = findTestData(dataFile).getValue("Execute", row): null

2023-02-08 18:16:36 - [TEST_STEP][PASSED] - out.println("Value of Execute is : " + ExecuteTC): null

2023-02-08 18:16:36 - [TEST_STEP][PASSED] - switch (executionProfile): null

2023-02-08 18:16:36 - [TEST_STEP][PASSED] - case "QAProfile":: null

2023-02-08 18:16:36 - [TEST_STEP][PASSED] - appID = findTestData(dataFile).getValue("AppIDQA", row): null

2023-02-08 18:16:36 - [TEST_STEP][PASSED] - username = findTestData(dataFile).getValue("UsernameQA", row): null

2023-02-08 18:16:36 - [TEST_STEP][PASSED] - password = findTestData(dataFile).getValue("PasswordQA", row): null

2023-02-08 18:16:36 - [TEST_STEP][PASSED] - break: null

2023-02-08 18:16:36 - [TEST_STEP][PASSED] - if (ExecuteTC.equalsIgnoreCase("Y")): null

2023-02-08 18:16:36 - [TEST_STEP][PASSED] - out.println("Begin Record Number: " + row): null

2023-02-08 18:16:36 - [TEST_STEP][PASSED] - today = new java.util.Date(): null

2023-02-08 18:16:36 - [TEST_STEP][PASSED] - println(today): null

2023-02-08 18:16:36 - [TEST_STEP][PASSED] - datText = today: null

2023-02-08 18:16:36 - [TEST_STEP][PASSED] - category = findTestData(dataFile).getValue("Category", row): null

2023-02-08 18:16:36 - [TEST_STEP][PASSED] - amount = findTestData(dataFile).getValue("Amount", row): null

2023-02-08 18:16:37 - [TEST_STEP][PASSED] - cardNumber = findTestData(dataFile).getValue("CardNumber", row): null

2023-02-08 18:16:37 - [TEST_STEP][PASSED] - exM = findTestData(dataFile).getValue("ExM", row): null

2023-02-08 18:16:37 - [TEST_STEP][PASSED] - exY = findTestData(dataFile).getValue("ExY", row): null

2023-02-08 18:16:37 - [TEST_STEP][PASSED] - openBrowser(VLinkURL + "authcap.html"): Browser is opened with url: 'https://dev-algorithm.govolution.com/vlinktest/QA/version_2_0/authcap.html'

2023-02-08 18:16:37 - [MESSAGE][WARNING] - A browser is already opened. Closing browser and opening a new one

2023-02-08 18:16:38 - [MESSAGE][INFO] - Starting 'Chrome' driver

2023-02-08 18:16:38 - [MESSAGE][INFO] - User set preference: ['acceptInsecureCerts', 'true']

2023-02-08 18:16:38 - [MESSAGE][INFO] - Action delay is set to 0 milliseconds

2023-02-08 18:16:39 - [MESSAGE][PASSED] - Browser is opened with url: 'https://dev-algorithm.govolution.com/vlinktest/QA/version_2_0/authcap.html'

2023-02-08 18:16:39 - [TEST_STEP][PASSED] - maximizeWindow(): Current window maximized

2023-02-08 18:16:40 - [MESSAGE][PASSED] - Current window maximized

2023-02-08 18:16:40 - [TEST_STEP][PASSED] - maximizeWindow(): Current window maximized

2023-02-08 18:16:40 - [MESSAGE][PASSED] - Current window maximized

2023-02-08 18:16:40 - [TEST_STEP][PASSED] - genRemID = RandomStringUtils.random(12, true, true): null

2023-02-08 18:16:40 - [TEST_STEP][PASSED] - setText(findTestObject("Object Repository/RecAndPlayBk/Page-Vlink-Sale/input_Remittance Id_remittance_id"), genRemID): Text 'LDQXIqcsJTif' is set on object 'Object Repository/RecAndPlayBk/Page-Vlink-Sale/input_Remittance Id_remittance_id'

2023-02-08 18:16:40 - [MESSAGE][PASSED] - Text 'LDQXIqcsJTif' is set on object 'Object Repository/RecAndPlayBk/Page-Vlink-Sale/input_Remittance Id_remittance_id'

2023-02-08 18:16:40 - [TEST_STEP][PASSED] - setText(findTestObject("Object Repository/RecAndPlayBk/Page-Vlink-Sale/input_Application Id_application_id"), appID): Text '87' is set on object 'Object Repository/RecAndPlayBk/Page-Vlink-Sale/input_Application Id_application_id'

2023-02-08 18:16:41 - [MESSAGE][PASSED] - Text '87' is set on object 'Object Repository/RecAndPlayBk/Page-Vlink-Sale/input_Application Id_application_id'

2023-02-08 18:16:41 - [TEST_STEP][PASSED] - setText(findTestObject("Object Repository/RecAndPlayBk/Page-Vlink-Sale/input_Username_username"), username): Text 'username' is set on object 'Object Repository/RecAndPlayBk/Page-Vlink-Sale/input_Username_username'

2023-02-08 18:16:42 - [MESSAGE][PASSED] - Text 'username' is set on object 'Object Repository/RecAndPlayBk/Page-Vlink-Sale/input_Username_username'

2023-02-08 18:16:42 - [TEST_STEP][PASSED] - setText(findTestObject("Object Repository/RecAndPlayBk/Page-Vlink-Sale/input_Password_password"), password): Text 'password' is set on object 'Object Repository/RecAndPlayBk/Page-Vlink-Sale/input_Password_password'

2023-02-08 18:16:42 - [MESSAGE][PASSED] - Text 'password' is set on object 'Object Repository/RecAndPlayBk/Page-Vlink-Sale/input_Password_password'

2023-02-08 18:16:42 - [TEST_STEP][PASSED] - setText(findTestObject("Object Repository/RecAndPlayBk/Page-Vlink-Sale/input_Category_category"), category): Text 'ECOM' is set on object 'Object Repository/RecAndPlayBk/Page-Vlink-Sale/input_Category_category'

2023-02-08 18:16:43 - [MESSAGE][PASSED] - Text 'ECOM' is set on object 'Object Repository/RecAndPlayBk/Page-Vlink-Sale/input_Category_category'

2023-02-08 18:16:43 - [TEST_STEP][PASSED] - setText(findTestObject("Object Repository/RecAndPlayBk/Page-Vlink-Sale/input_Amount_amount"), amount): Text '0' is set on object 'Object Repository/RecAndPlayBk/Page-Vlink-Sale/input_Amount_amount'

2023-02-08 18:16:44 - [MESSAGE][PASSED] - Text '0' is set on object 'Object Repository/RecAndPlayBk/Page-Vlink-Sale/input_Amount_amount'

2023-02-08 18:16:44 - [TEST_STEP][PASSED] - setText(findTestObject("Object Repository/RecAndPlayBk/Page-Vlink-Sale/input_Card number_card_number"), cardNumber): Text '4012000098765439' is set on object 'Object Repository/RecAndPlayBk/Page-Vlink-Sale/input_Card number_card_number'

2023-02-08 18:16:44 - [MESSAGE][PASSED] - Text '4012000098765439' is set on object 'Object Repository/RecAndPlayBk/Page-Vlink-Sale/input_Card number_card_number'

2023-02-08 18:16:44 - [TEST_STEP][PASSED] - setText(findTestObject("Object Repository/RecAndPlayBk/Page-Vlink-Sale/input_Card ex month_card_exmo"), exM): Text '12' is set on object 'Object Repository/RecAndPlayBk/Page-Vlink-Sale/input_Card ex month_card_exmo'

2023-02-08 18:16:45 - [MESSAGE][PASSED] - Text '12' is set on object 'Object Repository/RecAndPlayBk/Page-Vlink-Sale/input_Card ex month_card_exmo'

2023-02-08 18:16:45 - [TEST_STEP][PASSED] - setText(findTestObject("Object Repository/RecAndPlayBk/Page-Vlink-Sale/input_Card ex year_card_exyr"), exY): Text '2029' is set on object 'Object Repository/RecAndPlayBk/Page-Vlink-Sale/input_Card ex year_card_exyr'

2023-02-08 18:16:45 - [MESSAGE][PASSED] - Text '2029' is set on object 'Object Repository/RecAndPlayBk/Page-Vlink-Sale/input_Card ex year_card_exyr'

2023-02-08 18:16:45 - [TEST_STEP][PASSED] - setText(findTestObject("Object Repository/RecAndPlayBk/Page-Vlink-Sale/input_Track Data_track_data"), ""): Text '' is set on object 'Object Repository/RecAndPlayBk/Page-Vlink-Sale/input_Track Data_track_data'

2023-02-08 18:16:46 - [MESSAGE][PASSED] - Text '' is set on object 'Object Repository/RecAndPlayBk/Page-Vlink-Sale/input_Track Data_track_data'

2023-02-08 18:16:46 - [TEST_STEP][PASSED] - setText(findTestObject("Object Repository/RecAndPlayBk/Page-Vlink-Sale/input_concat(Cardholder, , s email)_email"), ""): Text '' is set on object 'Object Repository/RecAndPlayBk/Page-Vlink-Sale/input_concat(Cardholder, , s email)_email'

2023-02-08 18:16:47 - [MESSAGE][PASSED] - Text '' is set on object 'Object Repository/RecAndPlayBk/Page-Vlink-Sale/input_concat(Cardholder, , s email)_email'

2023-02-08 18:16:47 - [TEST_STEP][PASSED] - click(findTestObject("Object Repository/RecAndPlayBk/Page-Vlink-Sale/input_user_defined10_user_defined10")): Object: 'Object Repository/RecAndPlayBk/Page-Vlink-Sale/input_user_defined10_user_defined10' is clicked on

2023-02-08 18:16:47 - [MESSAGE][PASSED] - Object: 'Object Repository/RecAndPlayBk/Page-Vlink-Sale/input_user_defined10_user_defined10' is clicked on

2023-02-08 18:16:47 - [TEST_STEP][PASSED] - if (executionProfile.equalsIgnoreCase("QAProfile") || executionProfile.equalsIgnoreCase("DemoProfile")): Text '' is set on object 'Object Repository/RecAndPlayBk/Page-Vlink-Sale/input_COF Transaction Initiated by_cof_tran_6cded5'

2023-02-08 18:16:47 - [TEST_STEP][PASSED] - setText(findTestObject("Object Repository/RecAndPlayBk/Page-Vlink-Sale/input_Card on File Indicator_card_on_file_i_157dae"), ""): Text '' is set on object 'Object Repository/RecAndPlayBk/Page-Vlink-Sale/input_Card on File Indicator_card_on_file_i_157dae'

2023-02-08 18:16:48 - [MESSAGE][PASSED] - Text '' is set on object 'Object Repository/RecAndPlayBk/Page-Vlink-Sale/input_Card on File Indicator_card_on_file_i_157dae'

2023-02-08 18:16:48 - [TEST_STEP][PASSED] - setText(findTestObject("Object Repository/RecAndPlayBk/Page-Vlink-Sale/input_Stored Credential Indicator_stored_cr_4ae73c"), ""): Text '' is set on object 'Object Repository/RecAndPlayBk/Page-Vlink-Sale/input_Stored Credential Indicator_stored_cr_4ae73c'

2023-02-08 18:16:48 - [MESSAGE][PASSED] - Text '' is set on object 'Object Repository/RecAndPlayBk/Page-Vlink-Sale/input_Stored Credential Indicator_stored_cr_4ae73c'

2023-02-08 18:16:48 - [TEST_STEP][PASSED] - setText(findTestObject("Object Repository/RecAndPlayBk/Page-Vlink-Sale/input_COF Scheduled indicator_cof_scheduled_8df7d8"), ""): Text '' is set on object 'Object Repository/RecAndPlayBk/Page-Vlink-Sale/input_COF Scheduled indicator_cof_scheduled_8df7d8'

2023-02-08 18:16:49 - [MESSAGE][PASSED] - Text '' is set on object 'Object Repository/RecAndPlayBk/Page-Vlink-Sale/input_COF Scheduled indicator_cof_scheduled_8df7d8'

2023-02-08 18:16:49 - [TEST_STEP][PASSED] - setText(findTestObject("Object Repository/RecAndPlayBk/Page-Vlink-Sale/input_COF Transaction Initiated by_cof_tran_6cded5"), ""): Text '' is set on object 'Object Repository/RecAndPlayBk/Page-Vlink-Sale/input_COF Transaction Initiated by_cof_tran_6cded5'

2023-02-08 18:16:49 - [MESSAGE][PASSED] - Text '' is set on object 'Object Repository/RecAndPlayBk/Page-Vlink-Sale/input_COF Transaction Initiated by_cof_tran_6cded5'

2023-02-08 18:16:49 - [TEST_STEP][PASSED] - click(findTestObject("Object Repository/RecAndPlayBk/Page-Vlink-Sale/input")): Object: 'Object Repository/RecAndPlayBk/Page-Vlink-Sale/input' is clicked on

2023-02-08 18:16:50 - [MESSAGE][PASSED] - Object: 'Object Repository/RecAndPlayBk/Page-Vlink-Sale/input' is clicked on

2023-02-08 18:16:50 - [TEST_STEP][PASSED] - if (verifyTextPresent("invalid: amount", true)): null

2023-02-08 18:16:50 - [MESSAGE][PASSED] - Text 'invalid: amount' is present on page  using regular expression

2023-02-08 18:16:50 - [TEST_STEP][PASSED] - println("Parameter value(s) invalid: amount text is present on the Confirmation page"): null

2023-02-08 18:16:50 - [TEST_STEP][PASSED] - out.println("Pass Record Number: " + row): null

2023-02-08 18:16:50 - [TEST_STEP][PASSED] - resText = "Pass": null

2023-02-08 18:16:50 - [TEST_STEP][PASSED] - pages.WriteExcel.demoKey(resText, datText, resColumn, datCloumn, fileLoc, nameSheet, row): pages.WriteExcel.demoKey is PASSED

2023-02-08 18:16:50 - [MESSAGE][PASSED] - pages.WriteExcel.demoKey is PASSED

2023-02-08 18:16:50 - [TEST_STEP][PASSED] - ExecuteTC = findTestData(dataFile).getValue("Execute", row): null

2023-02-08 18:16:50 - [TEST_STEP][PASSED] - out.println("Value of Execute is : " + ExecuteTC): null

2023-02-08 18:16:50 - [TEST_STEP][PASSED] - switch (executionProfile): null

2023-02-08 18:16:50 - [TEST_STEP][PASSED] - case "QAProfile":: null

2023-02-08 18:16:50 - [TEST_STEP][PASSED] - appID = findTestData(dataFile).getValue("AppIDQA", row): null

2023-02-08 18:16:50 - [TEST_STEP][PASSED] - username = findTestData(dataFile).getValue("UsernameQA", row): null

2023-02-08 18:16:51 - [TEST_STEP][PASSED] - password = findTestData(dataFile).getValue("PasswordQA", row): null

2023-02-08 18:16:51 - [TEST_STEP][PASSED] - break: null

2023-02-08 18:16:51 - [TEST_STEP][PASSED] - if (ExecuteTC.equalsIgnoreCase("Y")): null

2023-02-08 18:16:51 - [TEST_STEP][PASSED] - out.println("Begin Record Number: " + row): null

2023-02-08 18:16:51 - [TEST_STEP][PASSED] - today = new java.util.Date(): null

2023-02-08 18:16:51 - [TEST_STEP][PASSED] - println(today): null

2023-02-08 18:16:51 - [TEST_STEP][PASSED] - datText = today: null

2023-02-08 18:16:51 - [TEST_STEP][PASSED] - category = findTestData(dataFile).getValue("Category", row): null

2023-02-08 18:16:51 - [TEST_STEP][PASSED] - amount = findTestData(dataFile).getValue("Amount", row): null

2023-02-08 18:16:51 - [TEST_STEP][PASSED] - cardNumber = findTestData(dataFile).getValue("CardNumber", row): null

2023-02-08 18:16:51 - [TEST_STEP][PASSED] - exM = findTestData(dataFile).getValue("ExM", row): null

2023-02-08 18:16:51 - [TEST_STEP][PASSED] - exY = findTestData(dataFile).getValue("ExY", row): null

2023-02-08 18:16:51 - [TEST_STEP][PASSED] - openBrowser(VLinkURL + "authcap.html"): Browser is opened with url: 'https://dev-algorithm.govolution.com/vlinktest/QA/version_2_0/authcap.html'

2023-02-08 18:16:51 - [MESSAGE][WARNING] - A browser is already opened. Closing browser and opening a new one

2023-02-08 18:16:52 - [MESSAGE][INFO] - Starting 'Chrome' driver

2023-02-08 18:16:52 - [MESSAGE][INFO] - User set preference: ['acceptInsecureCerts', 'true']

2023-02-08 18:16:52 - [MESSAGE][INFO] - Action delay is set to 0 milliseconds

2023-02-08 18:16:54 - [MESSAGE][PASSED] - Browser is opened with url: 'https://dev-algorithm.govolution.com/vlinktest/QA/version_2_0/authcap.html'

2023-02-08 18:16:54 - [TEST_STEP][PASSED] - maximizeWindow(): Current window maximized

2023-02-08 18:16:54 - [MESSAGE][PASSED] - Current window maximized

2023-02-08 18:16:54 - [TEST_STEP][PASSED] - maximizeWindow(): Current window maximized

2023-02-08 18:16:54 - [MESSAGE][PASSED] - Current window maximized

2023-02-08 18:16:54 - [TEST_STEP][PASSED] - genRemID = RandomStringUtils.random(12, true, true): null

2023-02-08 18:16:54 - [TEST_STEP][PASSED] - setText(findTestObject("Object Repository/RecAndPlayBk/Page-Vlink-Sale/input_Remittance Id_remittance_id"), genRemID): Text 'vzX9Rju7sIOC' is set on object 'Object Repository/RecAndPlayBk/Page-Vlink-Sale/input_Remittance Id_remittance_id'

2023-02-08 18:16:55 - [MESSAGE][PASSED] - Text 'vzX9Rju7sIOC' is set on object 'Object Repository/RecAndPlayBk/Page-Vlink-Sale/input_Remittance Id_remittance_id'

2023-02-08 18:16:55 - [TEST_STEP][PASSED] - setText(findTestObject("Object Repository/RecAndPlayBk/Page-Vlink-Sale/input_Application Id_application_id"), appID): Text '581' is set on object 'Object Repository/RecAndPlayBk/Page-Vlink-Sale/input_Application Id_application_id'

2023-02-08 18:16:55 - [MESSAGE][PASSED] - Text '581' is set on object 'Object Repository/RecAndPlayBk/Page-Vlink-Sale/input_Application Id_application_id'

2023-02-08 18:16:55 - [TEST_STEP][PASSED] - setText(findTestObject("Object Repository/RecAndPlayBk/Page-Vlink-Sale/input_Username_username"), username): Text 'usr581' is set on object 'Object Repository/RecAndPlayBk/Page-Vlink-Sale/input_Username_username'

2023-02-08 18:16:56 - [MESSAGE][PASSED] - Text 'usr581' is set on object 'Object Repository/RecAndPlayBk/Page-Vlink-Sale/input_Username_username'

2023-02-08 18:16:56 - [TEST_STEP][PASSED] - setText(findTestObject("Object Repository/RecAndPlayBk/Page-Vlink-Sale/input_Password_password"), password): Text 'pwd581' is set on object 'Object Repository/RecAndPlayBk/Page-Vlink-Sale/input_Password_password'

2023-02-08 18:16:57 - [MESSAGE][PASSED] - Text 'pwd581' is set on object 'Object Repository/RecAndPlayBk/Page-Vlink-Sale/input_Password_password'

2023-02-08 18:16:57 - [TEST_STEP][PASSED] - setText(findTestObject("Object Repository/RecAndPlayBk/Page-Vlink-Sale/input_Category_category"), category): Text 'ECOM' is set on object 'Object Repository/RecAndPlayBk/Page-Vlink-Sale/input_Category_category'

2023-02-08 18:16:58 - [MESSAGE][PASSED] - Text 'ECOM' is set on object 'Object Repository/RecAndPlayBk/Page-Vlink-Sale/input_Category_category'

2023-02-08 18:16:58 - [TEST_STEP][PASSED] - setText(findTestObject("Object Repository/RecAndPlayBk/Page-Vlink-Sale/input_Amount_amount"), amount): Text '0' is set on object 'Object Repository/RecAndPlayBk/Page-Vlink-Sale/input_Amount_amount'

2023-02-08 18:16:58 - [MESSAGE][PASSED] - Text '0' is set on object 'Object Repository/RecAndPlayBk/Page-Vlink-Sale/input_Amount_amount'

2023-02-08 18:16:58 - [TEST_STEP][PASSED] - setText(findTestObject("Object Repository/RecAndPlayBk/Page-Vlink-Sale/input_Card number_card_number"), cardNumber): Text '5146312200000035' is set on object 'Object Repository/RecAndPlayBk/Page-Vlink-Sale/input_Card number_card_number'

2023-02-08 18:16:59 - [MESSAGE][PASSED] - Text '5146312200000035' is set on object 'Object Repository/RecAndPlayBk/Page-Vlink-Sale/input_Card number_card_number'

2023-02-08 18:16:59 - [TEST_STEP][PASSED] - setText(findTestObject("Object Repository/RecAndPlayBk/Page-Vlink-Sale/input_Card ex month_card_exmo"), exM): Text '12' is set on object 'Object Repository/RecAndPlayBk/Page-Vlink-Sale/input_Card ex month_card_exmo'

2023-02-08 18:17:00 - [MESSAGE][PASSED] - Text '12' is set on object 'Object Repository/RecAndPlayBk/Page-Vlink-Sale/input_Card ex month_card_exmo'

2023-02-08 18:17:00 - [TEST_STEP][PASSED] - setText(findTestObject("Object Repository/RecAndPlayBk/Page-Vlink-Sale/input_Card ex year_card_exyr"), exY): Text '2029' is set on object 'Object Repository/RecAndPlayBk/Page-Vlink-Sale/input_Card ex year_card_exyr'

2023-02-08 18:17:00 - [MESSAGE][PASSED] - Text '2029' is set on object 'Object Repository/RecAndPlayBk/Page-Vlink-Sale/input_Card ex year_card_exyr'

2023-02-08 18:17:00 - [TEST_STEP][PASSED] - setText(findTestObject("Object Repository/RecAndPlayBk/Page-Vlink-Sale/input_Track Data_track_data"), ""): Text '' is set on object 'Object Repository/RecAndPlayBk/Page-Vlink-Sale/input_Track Data_track_data'

2023-02-08 18:17:01 - [MESSAGE][PASSED] - Text '' is set on object 'Object Repository/RecAndPlayBk/Page-Vlink-Sale/input_Track Data_track_data'

2023-02-08 18:17:01 - [TEST_STEP][PASSED] - setText(findTestObject("Object Repository/RecAndPlayBk/Page-Vlink-Sale/input_concat(Cardholder, , s email)_email"), ""): Text '' is set on object 'Object Repository/RecAndPlayBk/Page-Vlink-Sale/input_concat(Cardholder, , s email)_email'

2023-02-08 18:17:02 - [MESSAGE][PASSED] - Text '' is set on object 'Object Repository/RecAndPlayBk/Page-Vlink-Sale/input_concat(Cardholder, , s email)_email'

2023-02-08 18:17:02 - [TEST_STEP][PASSED] - click(findTestObject("Object Repository/RecAndPlayBk/Page-Vlink-Sale/input_user_defined10_user_defined10")): Object: 'Object Repository/RecAndPlayBk/Page-Vlink-Sale/input_user_defined10_user_defined10' is clicked on

2023-02-08 18:17:02 - [MESSAGE][PASSED] - Object: 'Object Repository/RecAndPlayBk/Page-Vlink-Sale/input_user_defined10_user_defined10' is clicked on

2023-02-08 18:17:02 - [TEST_STEP][PASSED] - if (executionProfile.equalsIgnoreCase("QAProfile") || executionProfile.equalsIgnoreCase("DemoProfile")): Text '' is set on object 'Object Repository/RecAndPlayBk/Page-Vlink-Sale/input_COF Transaction Initiated by_cof_tran_6cded5'

2023-02-08 18:17:02 - [TEST_STEP][PASSED] - setText(findTestObject("Object Repository/RecAndPlayBk/Page-Vlink-Sale/input_Card on File Indicator_card_on_file_i_157dae"), ""): Text '' is set on object 'Object Repository/RecAndPlayBk/Page-Vlink-Sale/input_Card on File Indicator_card_on_file_i_157dae'

2023-02-08 18:17:03 - [MESSAGE][PASSED] - Text '' is set on object 'Object Repository/RecAndPlayBk/Page-Vlink-Sale/input_Card on File Indicator_card_on_file_i_157dae'

2023-02-08 18:17:03 - [TEST_STEP][PASSED] - setText(findTestObject("Object Repository/RecAndPlayBk/Page-Vlink-Sale/input_Stored Credential Indicator_stored_cr_4ae73c"), ""): Text '' is set on object 'Object Repository/RecAndPlayBk/Page-Vlink-Sale/input_Stored Credential Indicator_stored_cr_4ae73c'

2023-02-08 18:17:03 - [MESSAGE][PASSED] - Text '' is set on object 'Object Repository/RecAndPlayBk/Page-Vlink-Sale/input_Stored Credential Indicator_stored_cr_4ae73c'

2023-02-08 18:17:03 - [TEST_STEP][PASSED] - setText(findTestObject("Object Repository/RecAndPlayBk/Page-Vlink-Sale/input_COF Scheduled indicator_cof_scheduled_8df7d8"), ""): Text '' is set on object 'Object Repository/RecAndPlayBk/Page-Vlink-Sale/input_COF Scheduled indicator_cof_scheduled_8df7d8'

2023-02-08 18:17:04 - [MESSAGE][PASSED] - Text '' is set on object 'Object Repository/RecAndPlayBk/Page-Vlink-Sale/input_COF Scheduled indicator_cof_scheduled_8df7d8'

2023-02-08 18:17:04 - [TEST_STEP][PASSED] - setText(findTestObject("Object Repository/RecAndPlayBk/Page-Vlink-Sale/input_COF Transaction Initiated by_cof_tran_6cded5"), ""): Text '' is set on object 'Object Repository/RecAndPlayBk/Page-Vlink-Sale/input_COF Transaction Initiated by_cof_tran_6cded5'

2023-02-08 18:17:04 - [MESSAGE][PASSED] - Text '' is set on object 'Object Repository/RecAndPlayBk/Page-Vlink-Sale/input_COF Transaction Initiated by_cof_tran_6cded5'

2023-02-08 18:17:04 - [TEST_STEP][PASSED] - click(findTestObject("Object Repository/RecAndPlayBk/Page-Vlink-Sale/input")): Object: 'Object Repository/RecAndPlayBk/Page-Vlink-Sale/input' is clicked on

2023-02-08 18:17:05 - [MESSAGE][PASSED] - Object: 'Object Repository/RecAndPlayBk/Page-Vlink-Sale/input' is clicked on

2023-02-08 18:17:05 - [TEST_STEP][PASSED] - if (verifyTextPresent("invalid: amount", true)): null

2023-02-08 18:17:05 - [MESSAGE][PASSED] - Text 'invalid: amount' is present on page  using regular expression

2023-02-08 18:17:05 - [TEST_STEP][PASSED] - println("Parameter value(s) invalid: amount text is present on the Confirmation page"): null

2023-02-08 18:17:05 - [TEST_STEP][PASSED] - out.println("Pass Record Number: " + row): null

2023-02-08 18:17:05 - [TEST_STEP][PASSED] - resText = "Pass": null

2023-02-08 18:17:05 - [TEST_STEP][PASSED] - pages.WriteExcel.demoKey(resText, datText, resColumn, datCloumn, fileLoc, nameSheet, row): pages.WriteExcel.demoKey is PASSED

2023-02-08 18:17:05 - [MESSAGE][PASSED] - pages.WriteExcel.demoKey is PASSED]]></system-out>
         <system-err><![CDATA[]]></system-err>
      </testcase>
      <testcase name="Test Cases/RecAndPlayBk/VLink/Sale-Void-NoTranxID" time="138.522" classname="Test Cases/RecAndPlayBk/VLink/Sale-Void-NoTranxID" status="PASSED">
         <system-out><![CDATA[2023-02-08 18:17:05 - [TEST_CASE][PASSED] - Test Cases/RecAndPlayBk/VLink/Sale-Void-NoTranxID: Test Cases/RecAndPlayBk/VLink/Sale-Void-NoTranxID

2023-02-08 18:17:06 - [TEST_STEP][PASSED] - executionProfile = getExecutionProfile(): null

2023-02-08 18:17:06 - [TEST_STEP][PASSED] - out.println("executionProfile : " + executionProfile): null

2023-02-08 18:17:06 - [TEST_STEP][PASSED] - appName = <not implemented yet for class: org.codehaus.groovy.ast.expr.EmptyExpression>: null

2023-02-08 18:17:06 - [TEST_STEP][PASSED] - appID = <not implemented yet for class: org.codehaus.groovy.ast.expr.EmptyExpression>: null

2023-02-08 18:17:06 - [TEST_STEP][PASSED] - username = <not implemented yet for class: org.codehaus.groovy.ast.expr.EmptyExpression>: null

2023-02-08 18:17:06 - [TEST_STEP][PASSED] - password = <not implemented yet for class: org.codehaus.groovy.ast.expr.EmptyExpression>: null

2023-02-08 18:17:06 - [TEST_STEP][PASSED] - cardNameV = <not implemented yet for class: org.codehaus.groovy.ast.expr.EmptyExpression>: null

2023-02-08 18:17:06 - [TEST_STEP][PASSED] - al1V = <not implemented yet for class: org.codehaus.groovy.ast.expr.EmptyExpression>: null

2023-02-08 18:17:06 - [TEST_STEP][PASSED] - al2V = <not implemented yet for class: org.codehaus.groovy.ast.expr.EmptyExpression>: null

2023-02-08 18:17:06 - [TEST_STEP][PASSED] - zipV = <not implemented yet for class: org.codehaus.groovy.ast.expr.EmptyExpression>: null

2023-02-08 18:17:06 - [TEST_STEP][PASSED] - cardTypeV = <not implemented yet for class: org.codehaus.groovy.ast.expr.EmptyExpression>: null

2023-02-08 18:17:06 - [TEST_STEP][PASSED] - last4V = <not implemented yet for class: org.codehaus.groovy.ast.expr.EmptyExpression>: null

2023-02-08 18:17:06 - [TEST_STEP][PASSED] - resText = "Fail": null

2023-02-08 18:17:06 - [TEST_STEP][PASSED] - resColumn = "Result": null

2023-02-08 18:17:06 - [TEST_STEP][PASSED] - datCloumn = "Date": null

2023-02-08 18:17:06 - [TEST_STEP][PASSED] - fileLoc = "KatalonData/VLinkSmokeData.xlsx": null

2023-02-08 18:17:06 - [TEST_STEP][PASSED] - numOfRows = <not implemented yet for class: org.codehaus.groovy.ast.expr.EmptyExpression>: null

2023-02-08 18:17:06 - [TEST_STEP][PASSED] - dataFile = <not implemented yet for class: org.codehaus.groovy.ast.expr.EmptyExpression>: null

2023-02-08 18:17:06 - [TEST_STEP][PASSED] - nameSheet = <not implemented yet for class: org.codehaus.groovy.ast.expr.EmptyExpression>: null

2023-02-08 18:17:06 - [TEST_STEP][PASSED] - nameSheet = "Sale-Void-NoTranxID": null

2023-02-08 18:17:06 - [TEST_STEP][PASSED] - numOfRows = findTestData("QA/VLinkTestData/VLinkSaleVoidNoTranxID").getRowNumbers(): null

2023-02-08 18:17:06 - [TEST_STEP][PASSED] - println("Number of Records: " + numOfRows): null

2023-02-08 18:17:06 - [TEST_STEP][PASSED] - dataFile = "QA/VLinkTestData/VLinkSaleVoidNoTranxID": null

2023-02-08 18:17:06 - [TEST_STEP][PASSED] - for ([row = 1, row <= numOfRows, (row++)]): null

2023-02-08 18:17:06 - [TEST_STEP][PASSED] - ExecuteTC = findTestData(dataFile).getValue("Execute", row): null

2023-02-08 18:17:06 - [TEST_STEP][PASSED] - out.println("Value of Execute is : " + ExecuteTC): null

2023-02-08 18:17:06 - [TEST_STEP][PASSED] - switch (executionProfile): null

2023-02-08 18:17:06 - [TEST_STEP][PASSED] - case "QAProfile":: null

2023-02-08 18:17:06 - [TEST_STEP][PASSED] - appID = findTestData(dataFile).getValue("AppIDQA", row): null

2023-02-08 18:17:06 - [TEST_STEP][PASSED] - username = findTestData(dataFile).getValue("UsernameQA", row): null

2023-02-08 18:17:06 - [TEST_STEP][PASSED] - password = findTestData(dataFile).getValue("PasswordQA", row): null

2023-02-08 18:17:06 - [TEST_STEP][PASSED] - break: null

2023-02-08 18:17:06 - [TEST_STEP][PASSED] - if (ExecuteTC.equalsIgnoreCase("Y")): null

2023-02-08 18:17:06 - [TEST_STEP][PASSED] - out.println("Begin Record Number: " + row): null

2023-02-08 18:17:06 - [TEST_STEP][PASSED] - today = new java.util.Date(): null

2023-02-08 18:17:06 - [TEST_STEP][PASSED] - println(today): null

2023-02-08 18:17:06 - [TEST_STEP][PASSED] - datText = today: null

2023-02-08 18:17:06 - [TEST_STEP][PASSED] - category = findTestData(dataFile).getValue("Category", row): null

2023-02-08 18:17:06 - [TEST_STEP][PASSED] - amount = findTestData(dataFile).getValue("Amount", row): null

2023-02-08 18:17:07 - [TEST_STEP][PASSED] - cardNumber = findTestData(dataFile).getValue("CardNumber", row): null

2023-02-08 18:17:07 - [TEST_STEP][PASSED] - exM = findTestData(dataFile).getValue("ExM", row): null

2023-02-08 18:17:07 - [TEST_STEP][PASSED] - exY = findTestData(dataFile).getValue("ExY", row): null

2023-02-08 18:17:07 - [TEST_STEP][PASSED] - openBrowser(VLinkURL + "authcap.html"): Browser is opened with url: 'https://dev-algorithm.govolution.com/vlinktest/QA/version_2_0/authcap.html'

2023-02-08 18:17:07 - [MESSAGE][WARNING] - A browser is already opened. Closing browser and opening a new one

2023-02-08 18:17:08 - [MESSAGE][INFO] - Starting 'Chrome' driver

2023-02-08 18:17:08 - [MESSAGE][INFO] - User set preference: ['acceptInsecureCerts', 'true']

2023-02-08 18:17:08 - [MESSAGE][INFO] - Action delay is set to 0 milliseconds

2023-02-08 18:17:10 - [MESSAGE][PASSED] - Browser is opened with url: 'https://dev-algorithm.govolution.com/vlinktest/QA/version_2_0/authcap.html'

2023-02-08 18:17:10 - [TEST_STEP][PASSED] - maximizeWindow(): Current window maximized

2023-02-08 18:17:10 - [MESSAGE][PASSED] - Current window maximized

2023-02-08 18:17:10 - [TEST_STEP][PASSED] - maximizeWindow(): Current window maximized

2023-02-08 18:17:10 - [MESSAGE][PASSED] - Current window maximized

2023-02-08 18:17:10 - [TEST_STEP][PASSED] - genRemID = RandomStringUtils.random(12, true, true): null

2023-02-08 18:17:10 - [TEST_STEP][PASSED] - setText(findTestObject("Object Repository/RecAndPlayBk/Page-Vlink-Sale/input_Remittance Id_remittance_id"), genRemID): Text 'UGnuFJ8yyWRz' is set on object 'Object Repository/RecAndPlayBk/Page-Vlink-Sale/input_Remittance Id_remittance_id'

2023-02-08 18:17:10 - [MESSAGE][PASSED] - Text 'UGnuFJ8yyWRz' is set on object 'Object Repository/RecAndPlayBk/Page-Vlink-Sale/input_Remittance Id_remittance_id'

2023-02-08 18:17:10 - [TEST_STEP][PASSED] - setText(findTestObject("Object Repository/RecAndPlayBk/Page-Vlink-Sale/input_Application Id_application_id"), appID): Text '234' is set on object 'Object Repository/RecAndPlayBk/Page-Vlink-Sale/input_Application Id_application_id'

2023-02-08 18:17:11 - [MESSAGE][PASSED] - Text '234' is set on object 'Object Repository/RecAndPlayBk/Page-Vlink-Sale/input_Application Id_application_id'

2023-02-08 18:17:11 - [TEST_STEP][PASSED] - setText(findTestObject("Object Repository/RecAndPlayBk/Page-Vlink-Sale/input_Username_username"), username): Text 'username' is set on object 'Object Repository/RecAndPlayBk/Page-Vlink-Sale/input_Username_username'

2023-02-08 18:17:12 - [MESSAGE][PASSED] - Text 'username' is set on object 'Object Repository/RecAndPlayBk/Page-Vlink-Sale/input_Username_username'

2023-02-08 18:17:12 - [TEST_STEP][PASSED] - setText(findTestObject("Object Repository/RecAndPlayBk/Page-Vlink-Sale/input_Password_password"), password): Text 'password' is set on object 'Object Repository/RecAndPlayBk/Page-Vlink-Sale/input_Password_password'

2023-02-08 18:17:12 - [MESSAGE][PASSED] - Text 'password' is set on object 'Object Repository/RecAndPlayBk/Page-Vlink-Sale/input_Password_password'

2023-02-08 18:17:12 - [TEST_STEP][PASSED] - setText(findTestObject("Object Repository/RecAndPlayBk/Page-Vlink-Sale/input_Category_category"), category): Text 'ECOM' is set on object 'Object Repository/RecAndPlayBk/Page-Vlink-Sale/input_Category_category'

2023-02-08 18:17:13 - [MESSAGE][PASSED] - Text 'ECOM' is set on object 'Object Repository/RecAndPlayBk/Page-Vlink-Sale/input_Category_category'

2023-02-08 18:17:13 - [TEST_STEP][PASSED] - setText(findTestObject("Object Repository/RecAndPlayBk/Page-Vlink-Sale/input_Amount_amount"), amount): Text '10.5' is set on object 'Object Repository/RecAndPlayBk/Page-Vlink-Sale/input_Amount_amount'

2023-02-08 18:17:13 - [MESSAGE][PASSED] - Text '10.5' is set on object 'Object Repository/RecAndPlayBk/Page-Vlink-Sale/input_Amount_amount'

2023-02-08 18:17:13 - [TEST_STEP][PASSED] - doubleClick(findTestObject("Object Repository/RecAndPlayBk/Page-Vlink-Sale/input_Card number_card_number")): Object: 'Object Repository/RecAndPlayBk/Page-Vlink-Sale/input_Card number_card_number' is double clicked on

2023-02-08 18:17:14 - [MESSAGE][PASSED] - Object: 'Object Repository/RecAndPlayBk/Page-Vlink-Sale/input_Card number_card_number' is double clicked on

2023-02-08 18:17:14 - [TEST_STEP][PASSED] - setText(findTestObject("Object Repository/RecAndPlayBk/Page-Vlink-Sale/input_Card number_card_number"), cardNumber): Text '4111111111111111' is set on object 'Object Repository/RecAndPlayBk/Page-Vlink-Sale/input_Card number_card_number'

2023-02-08 18:17:15 - [MESSAGE][PASSED] - Text '4111111111111111' is set on object 'Object Repository/RecAndPlayBk/Page-Vlink-Sale/input_Card number_card_number'

2023-02-08 18:17:15 - [TEST_STEP][PASSED] - setText(findTestObject("Object Repository/RecAndPlayBk/Page-Vlink-Sale/input_Card ex month_card_exmo"), exM): Text '12' is set on object 'Object Repository/RecAndPlayBk/Page-Vlink-Sale/input_Card ex month_card_exmo'

2023-02-08 18:17:15 - [MESSAGE][PASSED] - Text '12' is set on object 'Object Repository/RecAndPlayBk/Page-Vlink-Sale/input_Card ex month_card_exmo'

2023-02-08 18:17:15 - [TEST_STEP][PASSED] - setText(findTestObject("Object Repository/RecAndPlayBk/Page-Vlink-Sale/input_Card ex year_card_exyr"), exY): Text '2029' is set on object 'Object Repository/RecAndPlayBk/Page-Vlink-Sale/input_Card ex year_card_exyr'

2023-02-08 18:17:16 - [MESSAGE][PASSED] - Text '2029' is set on object 'Object Repository/RecAndPlayBk/Page-Vlink-Sale/input_Card ex year_card_exyr'

2023-02-08 18:17:16 - [TEST_STEP][PASSED] - click(findTestObject("Object Repository/RecAndPlayBk/Page-Vlink-Sale/input_Track Data_track_data")): Object: 'Object Repository/RecAndPlayBk/Page-Vlink-Sale/input_Track Data_track_data' is clicked on

2023-02-08 18:17:16 - [MESSAGE][PASSED] - Object: 'Object Repository/RecAndPlayBk/Page-Vlink-Sale/input_Track Data_track_data' is clicked on

2023-02-08 18:17:16 - [TEST_STEP][PASSED] - click(findTestObject("Object Repository/RecAndPlayBk/Page-Vlink-Sale/input_CVV state_cvv_state")): Object: 'Object Repository/RecAndPlayBk/Page-Vlink-Sale/input_CVV state_cvv_state' is clicked on

2023-02-08 18:17:16 - [MESSAGE][PASSED] - Object: 'Object Repository/RecAndPlayBk/Page-Vlink-Sale/input_CVV state_cvv_state' is clicked on

2023-02-08 18:17:16 - [TEST_STEP][PASSED] - setText(findTestObject("Object Repository/RecAndPlayBk/Page-Vlink-Sale/input_Track Data_track_data"), ""): Text '' is set on object 'Object Repository/RecAndPlayBk/Page-Vlink-Sale/input_Track Data_track_data'

2023-02-08 18:17:17 - [MESSAGE][PASSED] - Text '' is set on object 'Object Repository/RecAndPlayBk/Page-Vlink-Sale/input_Track Data_track_data'

2023-02-08 18:17:17 - [TEST_STEP][PASSED] - setText(findTestObject("Object Repository/RecAndPlayBk/Page-Vlink-Sale/input_concat(Cardholder, , s email)_email"), ""): Text '' is set on object 'Object Repository/RecAndPlayBk/Page-Vlink-Sale/input_concat(Cardholder, , s email)_email'

2023-02-08 18:17:18 - [MESSAGE][PASSED] - Text '' is set on object 'Object Repository/RecAndPlayBk/Page-Vlink-Sale/input_concat(Cardholder, , s email)_email'

2023-02-08 18:17:18 - [TEST_STEP][PASSED] - click(findTestObject("Object Repository/RecAndPlayBk/Page-Vlink-Sale/input_user_defined10_user_defined10")): Object: 'Object Repository/RecAndPlayBk/Page-Vlink-Sale/input_user_defined10_user_defined10' is clicked on

2023-02-08 18:17:18 - [MESSAGE][PASSED] - Object: 'Object Repository/RecAndPlayBk/Page-Vlink-Sale/input_user_defined10_user_defined10' is clicked on

2023-02-08 18:17:18 - [TEST_STEP][PASSED] - if (executionProfile.equalsIgnoreCase("QAProfile") || executionProfile.equalsIgnoreCase("DemoProfile")): Text '' is set on object 'Object Repository/RecAndPlayBk/Page-Vlink-Sale/input_COF Transaction Initiated by_cof_tran_6cded5'

2023-02-08 18:17:18 - [TEST_STEP][PASSED] - setText(findTestObject("Object Repository/RecAndPlayBk/Page-Vlink-Sale/input_Card on File Indicator_card_on_file_i_157dae"), ""): Text '' is set on object 'Object Repository/RecAndPlayBk/Page-Vlink-Sale/input_Card on File Indicator_card_on_file_i_157dae'

2023-02-08 18:17:19 - [MESSAGE][PASSED] - Text '' is set on object 'Object Repository/RecAndPlayBk/Page-Vlink-Sale/input_Card on File Indicator_card_on_file_i_157dae'

2023-02-08 18:17:19 - [TEST_STEP][PASSED] - setText(findTestObject("Object Repository/RecAndPlayBk/Page-Vlink-Sale/input_Stored Credential Indicator_stored_cr_4ae73c"), ""): Text '' is set on object 'Object Repository/RecAndPlayBk/Page-Vlink-Sale/input_Stored Credential Indicator_stored_cr_4ae73c'

2023-02-08 18:17:19 - [MESSAGE][PASSED] - Text '' is set on object 'Object Repository/RecAndPlayBk/Page-Vlink-Sale/input_Stored Credential Indicator_stored_cr_4ae73c'

2023-02-08 18:17:19 - [TEST_STEP][PASSED] - setText(findTestObject("Object Repository/RecAndPlayBk/Page-Vlink-Sale/input_COF Scheduled indicator_cof_scheduled_8df7d8"), ""): Text '' is set on object 'Object Repository/RecAndPlayBk/Page-Vlink-Sale/input_COF Scheduled indicator_cof_scheduled_8df7d8'

2023-02-08 18:17:20 - [MESSAGE][PASSED] - Text '' is set on object 'Object Repository/RecAndPlayBk/Page-Vlink-Sale/input_COF Scheduled indicator_cof_scheduled_8df7d8'

2023-02-08 18:17:20 - [TEST_STEP][PASSED] - setText(findTestObject("Object Repository/RecAndPlayBk/Page-Vlink-Sale/input_COF Transaction Initiated by_cof_tran_6cded5"), ""): Text '' is set on object 'Object Repository/RecAndPlayBk/Page-Vlink-Sale/input_COF Transaction Initiated by_cof_tran_6cded5'

2023-02-08 18:17:20 - [MESSAGE][PASSED] - Text '' is set on object 'Object Repository/RecAndPlayBk/Page-Vlink-Sale/input_COF Transaction Initiated by_cof_tran_6cded5'

2023-02-08 18:17:20 - [TEST_STEP][PASSED] - click(findTestObject("Object Repository/RecAndPlayBk/Page-Vlink-Sale/input")): Object: 'Object Repository/RecAndPlayBk/Page-Vlink-Sale/input' is clicked on

2023-02-08 18:17:21 - [MESSAGE][PASSED] - Object: 'Object Repository/RecAndPlayBk/Page-Vlink-Sale/input' is clicked on

2023-02-08 18:17:21 - [TEST_STEP][PASSED] - if (verifyTextPresent("Transaction approved, no errors", true)): null

2023-02-08 18:17:22 - [MESSAGE][PASSED] - Text 'Transaction approved, no errors' is present on page  using regular expression

2023-02-08 18:17:22 - [TEST_STEP][PASSED] - println("Transaction Approved, no errors text is present on the Confirmation page"): null

2023-02-08 18:17:22 - [TEST_STEP][PASSED] - sdfo = getText(findTestObject("Object Repository/Page_VLinkReceipt/pre_STX")): Text of object 'Object Repository/Page_VLinkReceipt/pre_STX' is: '<STX>UGnuFJ8yyWRz                  12125202            0  Transaction approved, no errors                   0                                                                                  Y 830104520<ETX>'

2023-02-08 18:17:22 - [MESSAGE][PASSED] - Text of object 'Object Repository/Page_VLinkReceipt/pre_STX' is: '<STX>UGnuFJ8yyWRz                  12125202            0  Transaction approved, no errors                   0                                                                                  Y 830104520<ETX>'

2023-02-08 18:17:22 - [TEST_STEP][PASSED] - out.println("sdfo: " + sdfo): null

2023-02-08 18:17:22 - [TEST_STEP][PASSED] - remID = substring(5, 35).trim(): null

2023-02-08 18:17:22 - [TEST_STEP][PASSED] - out.println("remID: " + remID): null

2023-02-08 18:17:22 - [TEST_STEP][PASSED] - traxID = substring(35, 55).trim(): null

2023-02-08 18:17:22 - [TEST_STEP][PASSED] - out.println("traxID: " + traxID): null

2023-02-08 18:17:22 - [TEST_STEP][PASSED] - VLinkSaleRemID = remID: null

2023-02-08 18:17:22 - [TEST_STEP][PASSED] - VLinkSaleTranxID = traxID: null

2023-02-08 18:17:22 - [TEST_STEP][PASSED] - openBrowser(VLinkURL + "CC_void.html"): Browser is opened with url: 'https://dev-algorithm.govolution.com/vlinktest/QA/version_2_0/CC_void.html'

2023-02-08 18:17:22 - [MESSAGE][WARNING] - A browser is already opened. Closing browser and opening a new one

2023-02-08 18:17:23 - [MESSAGE][INFO] - Starting 'Chrome' driver

2023-02-08 18:17:23 - [MESSAGE][INFO] - User set preference: ['acceptInsecureCerts', 'true']

2023-02-08 18:17:23 - [MESSAGE][INFO] - Action delay is set to 0 milliseconds

2023-02-08 18:17:25 - [MESSAGE][PASSED] - Browser is opened with url: 'https://dev-algorithm.govolution.com/vlinktest/QA/version_2_0/CC_void.html'

2023-02-08 18:17:25 - [TEST_STEP][PASSED] - maximizeWindow(): Current window maximized

2023-02-08 18:17:25 - [MESSAGE][PASSED] - Current window maximized

2023-02-08 18:17:25 - [TEST_STEP][PASSED] - setText(findTestObject("Object Repository/RecAndPlayBk/Page-Vlink-CC-Void/txt_RemID"), VLinkSaleRemID): Text 'UGnuFJ8yyWRz' is set on object 'Object Repository/RecAndPlayBk/Page-Vlink-CC-Void/txt_RemID'

2023-02-08 18:17:25 - [MESSAGE][PASSED] - Text 'UGnuFJ8yyWRz' is set on object 'Object Repository/RecAndPlayBk/Page-Vlink-CC-Void/txt_RemID'

2023-02-08 18:17:25 - [TEST_STEP][PASSED] - setText(findTestObject("Object Repository/RecAndPlayBk/Page-Vlink-CC-Void/txt_ApplicationID"), appID): Text '234' is set on object 'Object Repository/RecAndPlayBk/Page-Vlink-CC-Void/txt_ApplicationID'

2023-02-08 18:17:26 - [MESSAGE][PASSED] - Text '234' is set on object 'Object Repository/RecAndPlayBk/Page-Vlink-CC-Void/txt_ApplicationID'

2023-02-08 18:17:26 - [TEST_STEP][PASSED] - setText(findTestObject("Object Repository/RecAndPlayBk/Page-Vlink-CC-Void/txt_Username"), username): Text 'username' is set on object 'Object Repository/RecAndPlayBk/Page-Vlink-CC-Void/txt_Username'

2023-02-08 18:17:27 - [MESSAGE][PASSED] - Text 'username' is set on object 'Object Repository/RecAndPlayBk/Page-Vlink-CC-Void/txt_Username'

2023-02-08 18:17:27 - [TEST_STEP][PASSED] - setText(findTestObject("Object Repository/RecAndPlayBk/Page-Vlink-CC-Void/txt_Password"), password): Text 'password' is set on object 'Object Repository/RecAndPlayBk/Page-Vlink-CC-Void/txt_Password'

2023-02-08 18:17:27 - [MESSAGE][PASSED] - Text 'password' is set on object 'Object Repository/RecAndPlayBk/Page-Vlink-CC-Void/txt_Password'

2023-02-08 18:17:27 - [TEST_STEP][PASSED] - setText(findTestObject("Object Repository/RecAndPlayBk/Page-Vlink-CC-Void/txt_TransactionID"), "-1"): Text '-1' is set on object 'Object Repository/RecAndPlayBk/Page-Vlink-CC-Void/txt_TransactionID'

2023-02-08 18:17:28 - [MESSAGE][PASSED] - Text '-1' is set on object 'Object Repository/RecAndPlayBk/Page-Vlink-CC-Void/txt_TransactionID'

2023-02-08 18:17:28 - [TEST_STEP][PASSED] - setText(findTestObject("Object Repository/RecAndPlayBk/Page-Vlink-CC-Void/txt_OriginalTransactionType"), "104"): Text '104' is set on object 'Object Repository/RecAndPlayBk/Page-Vlink-CC-Void/txt_OriginalTransactionType'

2023-02-08 18:17:29 - [MESSAGE][PASSED] - Text '104' is set on object 'Object Repository/RecAndPlayBk/Page-Vlink-CC-Void/txt_OriginalTransactionType'

2023-02-08 18:17:29 - [TEST_STEP][PASSED] - setText(findTestObject("Object Repository/RecAndPlayBk/Page-Vlink-CC-Void/txt_TrackData"), ""): Text '' is set on object 'Object Repository/RecAndPlayBk/Page-Vlink-CC-Void/txt_TrackData'

2023-02-08 18:17:29 - [MESSAGE][PASSED] - Text '' is set on object 'Object Repository/RecAndPlayBk/Page-Vlink-CC-Void/txt_TrackData'

2023-02-08 18:17:29 - [TEST_STEP][PASSED] - click(findTestObject("Object Repository/RecAndPlayBk/Page-Vlink-CC-Void/btn_ProcessVLinkTransaction")): Object: 'Object Repository/RecAndPlayBk/Page-Vlink-CC-Void/btn_ProcessVLinkTransaction' is clicked on

2023-02-08 18:17:31 - [MESSAGE][PASSED] - Object: 'Object Repository/RecAndPlayBk/Page-Vlink-CC-Void/btn_ProcessVLinkTransaction' is clicked on

2023-02-08 18:17:31 - [TEST_STEP][PASSED] - if (verifyTextPresent("Transaction approved, no errors", true)): null

2023-02-08 18:17:31 - [MESSAGE][PASSED] - Text 'Transaction approved, no errors' is present on page  using regular expression

2023-02-08 18:17:31 - [TEST_STEP][PASSED] - println("Transaction Approved, no errors text is present on the Confirmation page"): null

2023-02-08 18:17:31 - [TEST_STEP][PASSED] - out.println("Pass Record Number: " + row): null

2023-02-08 18:17:31 - [TEST_STEP][PASSED] - resText = "Pass": null

2023-02-08 18:17:31 - [TEST_STEP][PASSED] - pages.WriteExcel.demoKey(resText, datText, resColumn, datCloumn, fileLoc, nameSheet, row): pages.WriteExcel.demoKey is PASSED

2023-02-08 18:17:31 - [MESSAGE][PASSED] - pages.WriteExcel.demoKey is PASSED

2023-02-08 18:17:31 - [TEST_STEP][PASSED] - ExecuteTC = findTestData(dataFile).getValue("Execute", row): null

2023-02-08 18:17:31 - [TEST_STEP][PASSED] - out.println("Value of Execute is : " + ExecuteTC): null

2023-02-08 18:17:31 - [TEST_STEP][PASSED] - switch (executionProfile): null

2023-02-08 18:17:31 - [TEST_STEP][PASSED] - case "QAProfile":: null

2023-02-08 18:17:31 - [TEST_STEP][PASSED] - appID = findTestData(dataFile).getValue("AppIDQA", row): null

2023-02-08 18:17:31 - [TEST_STEP][PASSED] - username = findTestData(dataFile).getValue("UsernameQA", row): null

2023-02-08 18:17:31 - [TEST_STEP][PASSED] - password = findTestData(dataFile).getValue("PasswordQA", row): null

2023-02-08 18:17:31 - [TEST_STEP][PASSED] - break: null

2023-02-08 18:17:31 - [TEST_STEP][PASSED] - if (ExecuteTC.equalsIgnoreCase("Y")): null

2023-02-08 18:17:31 - [TEST_STEP][PASSED] - out.println("Begin Record Number: " + row): null

2023-02-08 18:17:31 - [TEST_STEP][PASSED] - today = new java.util.Date(): null

2023-02-08 18:17:31 - [TEST_STEP][PASSED] - println(today): null

2023-02-08 18:17:31 - [TEST_STEP][PASSED] - datText = today: null

2023-02-08 18:17:31 - [TEST_STEP][PASSED] - category = findTestData(dataFile).getValue("Category", row): null

2023-02-08 18:17:31 - [TEST_STEP][PASSED] - amount = findTestData(dataFile).getValue("Amount", row): null

2023-02-08 18:17:31 - [TEST_STEP][PASSED] - cardNumber = findTestData(dataFile).getValue("CardNumber", row): null

2023-02-08 18:17:31 - [TEST_STEP][PASSED] - exM = findTestData(dataFile).getValue("ExM", row): null

2023-02-08 18:17:32 - [TEST_STEP][PASSED] - exY = findTestData(dataFile).getValue("ExY", row): null

2023-02-08 18:17:32 - [TEST_STEP][PASSED] - openBrowser(VLinkURL + "authcap.html"): Browser is opened with url: 'https://dev-algorithm.govolution.com/vlinktest/QA/version_2_0/authcap.html'

2023-02-08 18:17:32 - [MESSAGE][WARNING] - A browser is already opened. Closing browser and opening a new one

2023-02-08 18:17:33 - [MESSAGE][INFO] - Starting 'Chrome' driver

2023-02-08 18:17:33 - [MESSAGE][INFO] - User set preference: ['acceptInsecureCerts', 'true']

2023-02-08 18:17:33 - [MESSAGE][INFO] - Action delay is set to 0 milliseconds

2023-02-08 18:17:35 - [MESSAGE][PASSED] - Browser is opened with url: 'https://dev-algorithm.govolution.com/vlinktest/QA/version_2_0/authcap.html'

2023-02-08 18:17:35 - [TEST_STEP][PASSED] - maximizeWindow(): Current window maximized

2023-02-08 18:17:35 - [MESSAGE][PASSED] - Current window maximized

2023-02-08 18:17:35 - [TEST_STEP][PASSED] - maximizeWindow(): Current window maximized

2023-02-08 18:17:35 - [MESSAGE][PASSED] - Current window maximized

2023-02-08 18:17:35 - [TEST_STEP][PASSED] - genRemID = RandomStringUtils.random(12, true, true): null

2023-02-08 18:17:35 - [TEST_STEP][PASSED] - setText(findTestObject("Object Repository/RecAndPlayBk/Page-Vlink-Sale/input_Remittance Id_remittance_id"), genRemID): Text 'kxDPatt8PDbd' is set on object 'Object Repository/RecAndPlayBk/Page-Vlink-Sale/input_Remittance Id_remittance_id'

2023-02-08 18:17:36 - [MESSAGE][PASSED] - Text 'kxDPatt8PDbd' is set on object 'Object Repository/RecAndPlayBk/Page-Vlink-Sale/input_Remittance Id_remittance_id'

2023-02-08 18:17:36 - [TEST_STEP][PASSED] - setText(findTestObject("Object Repository/RecAndPlayBk/Page-Vlink-Sale/input_Application Id_application_id"), appID): Text '234' is set on object 'Object Repository/RecAndPlayBk/Page-Vlink-Sale/input_Application Id_application_id'

2023-02-08 18:17:37 - [MESSAGE][PASSED] - Text '234' is set on object 'Object Repository/RecAndPlayBk/Page-Vlink-Sale/input_Application Id_application_id'

2023-02-08 18:17:37 - [TEST_STEP][PASSED] - setText(findTestObject("Object Repository/RecAndPlayBk/Page-Vlink-Sale/input_Username_username"), username): Text 'username' is set on object 'Object Repository/RecAndPlayBk/Page-Vlink-Sale/input_Username_username'

2023-02-08 18:17:37 - [MESSAGE][PASSED] - Text 'username' is set on object 'Object Repository/RecAndPlayBk/Page-Vlink-Sale/input_Username_username'

2023-02-08 18:17:37 - [TEST_STEP][PASSED] - setText(findTestObject("Object Repository/RecAndPlayBk/Page-Vlink-Sale/input_Password_password"), password): Text 'password' is set on object 'Object Repository/RecAndPlayBk/Page-Vlink-Sale/input_Password_password'

2023-02-08 18:17:38 - [MESSAGE][PASSED] - Text 'password' is set on object 'Object Repository/RecAndPlayBk/Page-Vlink-Sale/input_Password_password'

2023-02-08 18:17:38 - [TEST_STEP][PASSED] - setText(findTestObject("Object Repository/RecAndPlayBk/Page-Vlink-Sale/input_Category_category"), category): Text 'MOTO' is set on object 'Object Repository/RecAndPlayBk/Page-Vlink-Sale/input_Category_category'

2023-02-08 18:17:38 - [MESSAGE][PASSED] - Text 'MOTO' is set on object 'Object Repository/RecAndPlayBk/Page-Vlink-Sale/input_Category_category'

2023-02-08 18:17:38 - [TEST_STEP][PASSED] - setText(findTestObject("Object Repository/RecAndPlayBk/Page-Vlink-Sale/input_Amount_amount"), amount): Text '10.5' is set on object 'Object Repository/RecAndPlayBk/Page-Vlink-Sale/input_Amount_amount'

2023-02-08 18:17:39 - [MESSAGE][PASSED] - Text '10.5' is set on object 'Object Repository/RecAndPlayBk/Page-Vlink-Sale/input_Amount_amount'

2023-02-08 18:17:39 - [TEST_STEP][PASSED] - doubleClick(findTestObject("Object Repository/RecAndPlayBk/Page-Vlink-Sale/input_Card number_card_number")): Object: 'Object Repository/RecAndPlayBk/Page-Vlink-Sale/input_Card number_card_number' is double clicked on

2023-02-08 18:17:39 - [MESSAGE][PASSED] - Object: 'Object Repository/RecAndPlayBk/Page-Vlink-Sale/input_Card number_card_number' is double clicked on

2023-02-08 18:17:39 - [TEST_STEP][PASSED] - setText(findTestObject("Object Repository/RecAndPlayBk/Page-Vlink-Sale/input_Card number_card_number"), cardNumber): Text '5424000000000015' is set on object 'Object Repository/RecAndPlayBk/Page-Vlink-Sale/input_Card number_card_number'

2023-02-08 18:17:40 - [MESSAGE][PASSED] - Text '5424000000000015' is set on object 'Object Repository/RecAndPlayBk/Page-Vlink-Sale/input_Card number_card_number'

2023-02-08 18:17:40 - [TEST_STEP][PASSED] - setText(findTestObject("Object Repository/RecAndPlayBk/Page-Vlink-Sale/input_Card ex month_card_exmo"), exM): Text '12' is set on object 'Object Repository/RecAndPlayBk/Page-Vlink-Sale/input_Card ex month_card_exmo'

2023-02-08 18:17:41 - [MESSAGE][PASSED] - Text '12' is set on object 'Object Repository/RecAndPlayBk/Page-Vlink-Sale/input_Card ex month_card_exmo'

2023-02-08 18:17:41 - [TEST_STEP][PASSED] - setText(findTestObject("Object Repository/RecAndPlayBk/Page-Vlink-Sale/input_Card ex year_card_exyr"), exY): Text '2029' is set on object 'Object Repository/RecAndPlayBk/Page-Vlink-Sale/input_Card ex year_card_exyr'

2023-02-08 18:17:41 - [MESSAGE][PASSED] - Text '2029' is set on object 'Object Repository/RecAndPlayBk/Page-Vlink-Sale/input_Card ex year_card_exyr'

2023-02-08 18:17:41 - [TEST_STEP][PASSED] - click(findTestObject("Object Repository/RecAndPlayBk/Page-Vlink-Sale/input_Track Data_track_data")): Object: 'Object Repository/RecAndPlayBk/Page-Vlink-Sale/input_Track Data_track_data' is clicked on

2023-02-08 18:17:42 - [MESSAGE][PASSED] - Object: 'Object Repository/RecAndPlayBk/Page-Vlink-Sale/input_Track Data_track_data' is clicked on

2023-02-08 18:17:42 - [TEST_STEP][PASSED] - click(findTestObject("Object Repository/RecAndPlayBk/Page-Vlink-Sale/input_CVV state_cvv_state")): Object: 'Object Repository/RecAndPlayBk/Page-Vlink-Sale/input_CVV state_cvv_state' is clicked on

2023-02-08 18:17:42 - [MESSAGE][PASSED] - Object: 'Object Repository/RecAndPlayBk/Page-Vlink-Sale/input_CVV state_cvv_state' is clicked on

2023-02-08 18:17:42 - [TEST_STEP][PASSED] - setText(findTestObject("Object Repository/RecAndPlayBk/Page-Vlink-Sale/input_Track Data_track_data"), ""): Text '' is set on object 'Object Repository/RecAndPlayBk/Page-Vlink-Sale/input_Track Data_track_data'

2023-02-08 18:17:43 - [MESSAGE][PASSED] - Text '' is set on object 'Object Repository/RecAndPlayBk/Page-Vlink-Sale/input_Track Data_track_data'

2023-02-08 18:17:43 - [TEST_STEP][PASSED] - setText(findTestObject("Object Repository/RecAndPlayBk/Page-Vlink-Sale/input_concat(Cardholder, , s email)_email"), ""): Text '' is set on object 'Object Repository/RecAndPlayBk/Page-Vlink-Sale/input_concat(Cardholder, , s email)_email'

2023-02-08 18:17:43 - [MESSAGE][PASSED] - Text '' is set on object 'Object Repository/RecAndPlayBk/Page-Vlink-Sale/input_concat(Cardholder, , s email)_email'

2023-02-08 18:17:43 - [TEST_STEP][PASSED] - click(findTestObject("Object Repository/RecAndPlayBk/Page-Vlink-Sale/input_user_defined10_user_defined10")): Object: 'Object Repository/RecAndPlayBk/Page-Vlink-Sale/input_user_defined10_user_defined10' is clicked on

2023-02-08 18:17:43 - [MESSAGE][PASSED] - Object: 'Object Repository/RecAndPlayBk/Page-Vlink-Sale/input_user_defined10_user_defined10' is clicked on

2023-02-08 18:17:43 - [TEST_STEP][PASSED] - if (executionProfile.equalsIgnoreCase("QAProfile") || executionProfile.equalsIgnoreCase("DemoProfile")): Text '' is set on object 'Object Repository/RecAndPlayBk/Page-Vlink-Sale/input_COF Transaction Initiated by_cof_tran_6cded5'

2023-02-08 18:17:43 - [TEST_STEP][PASSED] - setText(findTestObject("Object Repository/RecAndPlayBk/Page-Vlink-Sale/input_Card on File Indicator_card_on_file_i_157dae"), ""): Text '' is set on object 'Object Repository/RecAndPlayBk/Page-Vlink-Sale/input_Card on File Indicator_card_on_file_i_157dae'

2023-02-08 18:17:44 - [MESSAGE][PASSED] - Text '' is set on object 'Object Repository/RecAndPlayBk/Page-Vlink-Sale/input_Card on File Indicator_card_on_file_i_157dae'

2023-02-08 18:17:44 - [TEST_STEP][PASSED] - setText(findTestObject("Object Repository/RecAndPlayBk/Page-Vlink-Sale/input_Stored Credential Indicator_stored_cr_4ae73c"), ""): Text '' is set on object 'Object Repository/RecAndPlayBk/Page-Vlink-Sale/input_Stored Credential Indicator_stored_cr_4ae73c'

2023-02-08 18:17:45 - [MESSAGE][PASSED] - Text '' is set on object 'Object Repository/RecAndPlayBk/Page-Vlink-Sale/input_Stored Credential Indicator_stored_cr_4ae73c'

2023-02-08 18:17:45 - [TEST_STEP][PASSED] - setText(findTestObject("Object Repository/RecAndPlayBk/Page-Vlink-Sale/input_COF Scheduled indicator_cof_scheduled_8df7d8"), ""): Text '' is set on object 'Object Repository/RecAndPlayBk/Page-Vlink-Sale/input_COF Scheduled indicator_cof_scheduled_8df7d8'

2023-02-08 18:17:45 - [MESSAGE][PASSED] - Text '' is set on object 'Object Repository/RecAndPlayBk/Page-Vlink-Sale/input_COF Scheduled indicator_cof_scheduled_8df7d8'

2023-02-08 18:17:45 - [TEST_STEP][PASSED] - setText(findTestObject("Object Repository/RecAndPlayBk/Page-Vlink-Sale/input_COF Transaction Initiated by_cof_tran_6cded5"), ""): Text '' is set on object 'Object Repository/RecAndPlayBk/Page-Vlink-Sale/input_COF Transaction Initiated by_cof_tran_6cded5'

2023-02-08 18:17:46 - [MESSAGE][PASSED] - Text '' is set on object 'Object Repository/RecAndPlayBk/Page-Vlink-Sale/input_COF Transaction Initiated by_cof_tran_6cded5'

2023-02-08 18:17:46 - [TEST_STEP][PASSED] - click(findTestObject("Object Repository/RecAndPlayBk/Page-Vlink-Sale/input")): Object: 'Object Repository/RecAndPlayBk/Page-Vlink-Sale/input' is clicked on

2023-02-08 18:17:47 - [MESSAGE][PASSED] - Object: 'Object Repository/RecAndPlayBk/Page-Vlink-Sale/input' is clicked on

2023-02-08 18:17:47 - [TEST_STEP][PASSED] - if (verifyTextPresent("Transaction approved, no errors", true)): null

2023-02-08 18:17:47 - [MESSAGE][PASSED] - Text 'Transaction approved, no errors' is present on page  using regular expression

2023-02-08 18:17:47 - [TEST_STEP][PASSED] - println("Transaction Approved, no errors text is present on the Confirmation page"): null

2023-02-08 18:17:47 - [TEST_STEP][PASSED] - sdfo = getText(findTestObject("Object Repository/Page_VLinkReceipt/pre_STX")): Text of object 'Object Repository/Page_VLinkReceipt/pre_STX' is: '<STX>kxDPatt8PDbd                  12125204            0  Transaction approved, no errors                   0                                                                                  Y 869964103<ETX>'

2023-02-08 18:17:47 - [MESSAGE][PASSED] - Text of object 'Object Repository/Page_VLinkReceipt/pre_STX' is: '<STX>kxDPatt8PDbd                  12125204            0  Transaction approved, no errors                   0                                                                                  Y 869964103<ETX>'

2023-02-08 18:17:47 - [TEST_STEP][PASSED] - out.println("sdfo: " + sdfo): null

2023-02-08 18:17:47 - [TEST_STEP][PASSED] - remID = substring(5, 35).trim(): null

2023-02-08 18:17:47 - [TEST_STEP][PASSED] - out.println("remID: " + remID): null

2023-02-08 18:17:47 - [TEST_STEP][PASSED] - traxID = substring(35, 55).trim(): null

2023-02-08 18:17:47 - [TEST_STEP][PASSED] - out.println("traxID: " + traxID): null

2023-02-08 18:17:47 - [TEST_STEP][PASSED] - VLinkSaleRemID = remID: null

2023-02-08 18:17:47 - [TEST_STEP][PASSED] - VLinkSaleTranxID = traxID: null

2023-02-08 18:17:47 - [TEST_STEP][PASSED] - openBrowser(VLinkURL + "CC_void.html"): Browser is opened with url: 'https://dev-algorithm.govolution.com/vlinktest/QA/version_2_0/CC_void.html'

2023-02-08 18:17:47 - [MESSAGE][WARNING] - A browser is already opened. Closing browser and opening a new one

2023-02-08 18:17:54 - [MESSAGE][INFO] - Starting 'Chrome' driver

2023-02-08 18:17:54 - [MESSAGE][INFO] - User set preference: ['acceptInsecureCerts', 'true']

2023-02-08 18:17:54 - [MESSAGE][INFO] - Action delay is set to 0 milliseconds

2023-02-08 18:17:56 - [MESSAGE][PASSED] - Browser is opened with url: 'https://dev-algorithm.govolution.com/vlinktest/QA/version_2_0/CC_void.html'

2023-02-08 18:17:56 - [TEST_STEP][PASSED] - maximizeWindow(): Current window maximized

2023-02-08 18:17:56 - [MESSAGE][PASSED] - Current window maximized

2023-02-08 18:17:56 - [TEST_STEP][PASSED] - setText(findTestObject("Object Repository/RecAndPlayBk/Page-Vlink-CC-Void/txt_RemID"), VLinkSaleRemID): Text 'kxDPatt8PDbd' is set on object 'Object Repository/RecAndPlayBk/Page-Vlink-CC-Void/txt_RemID'

2023-02-08 18:17:56 - [MESSAGE][PASSED] - Text 'kxDPatt8PDbd' is set on object 'Object Repository/RecAndPlayBk/Page-Vlink-CC-Void/txt_RemID'

2023-02-08 18:17:56 - [TEST_STEP][PASSED] - setText(findTestObject("Object Repository/RecAndPlayBk/Page-Vlink-CC-Void/txt_ApplicationID"), appID): Text '234' is set on object 'Object Repository/RecAndPlayBk/Page-Vlink-CC-Void/txt_ApplicationID'

2023-02-08 18:17:57 - [MESSAGE][PASSED] - Text '234' is set on object 'Object Repository/RecAndPlayBk/Page-Vlink-CC-Void/txt_ApplicationID'

2023-02-08 18:17:57 - [TEST_STEP][PASSED] - setText(findTestObject("Object Repository/RecAndPlayBk/Page-Vlink-CC-Void/txt_Username"), username): Text 'username' is set on object 'Object Repository/RecAndPlayBk/Page-Vlink-CC-Void/txt_Username'

2023-02-08 18:17:58 - [MESSAGE][PASSED] - Text 'username' is set on object 'Object Repository/RecAndPlayBk/Page-Vlink-CC-Void/txt_Username'

2023-02-08 18:17:58 - [TEST_STEP][PASSED] - setText(findTestObject("Object Repository/RecAndPlayBk/Page-Vlink-CC-Void/txt_Password"), password): Text 'password' is set on object 'Object Repository/RecAndPlayBk/Page-Vlink-CC-Void/txt_Password'

2023-02-08 18:17:58 - [MESSAGE][PASSED] - Text 'password' is set on object 'Object Repository/RecAndPlayBk/Page-Vlink-CC-Void/txt_Password'

2023-02-08 18:17:58 - [TEST_STEP][PASSED] - setText(findTestObject("Object Repository/RecAndPlayBk/Page-Vlink-CC-Void/txt_TransactionID"), "-1"): Text '-1' is set on object 'Object Repository/RecAndPlayBk/Page-Vlink-CC-Void/txt_TransactionID'

2023-02-08 18:17:59 - [MESSAGE][PASSED] - Text '-1' is set on object 'Object Repository/RecAndPlayBk/Page-Vlink-CC-Void/txt_TransactionID'

2023-02-08 18:17:59 - [TEST_STEP][PASSED] - setText(findTestObject("Object Repository/RecAndPlayBk/Page-Vlink-CC-Void/txt_OriginalTransactionType"), "104"): Text '104' is set on object 'Object Repository/RecAndPlayBk/Page-Vlink-CC-Void/txt_OriginalTransactionType'

2023-02-08 18:17:59 - [MESSAGE][PASSED] - Text '104' is set on object 'Object Repository/RecAndPlayBk/Page-Vlink-CC-Void/txt_OriginalTransactionType'

2023-02-08 18:17:59 - [TEST_STEP][PASSED] - setText(findTestObject("Object Repository/RecAndPlayBk/Page-Vlink-CC-Void/txt_TrackData"), ""): Text '' is set on object 'Object Repository/RecAndPlayBk/Page-Vlink-CC-Void/txt_TrackData'

2023-02-08 18:18:00 - [MESSAGE][PASSED] - Text '' is set on object 'Object Repository/RecAndPlayBk/Page-Vlink-CC-Void/txt_TrackData'

2023-02-08 18:18:00 - [TEST_STEP][PASSED] - click(findTestObject("Object Repository/RecAndPlayBk/Page-Vlink-CC-Void/btn_ProcessVLinkTransaction")): Object: 'Object Repository/RecAndPlayBk/Page-Vlink-CC-Void/btn_ProcessVLinkTransaction' is clicked on

2023-02-08 18:18:01 - [MESSAGE][PASSED] - Object: 'Object Repository/RecAndPlayBk/Page-Vlink-CC-Void/btn_ProcessVLinkTransaction' is clicked on

2023-02-08 18:18:01 - [TEST_STEP][PASSED] - if (verifyTextPresent("Transaction approved, no errors", true)): null

2023-02-08 18:18:02 - [MESSAGE][PASSED] - Text 'Transaction approved, no errors' is present on page  using regular expression

2023-02-08 18:18:02 - [TEST_STEP][PASSED] - println("Transaction Approved, no errors text is present on the Confirmation page"): null

2023-02-08 18:18:02 - [TEST_STEP][PASSED] - out.println("Pass Record Number: " + row): null

2023-02-08 18:18:02 - [TEST_STEP][PASSED] - resText = "Pass": null

2023-02-08 18:18:02 - [TEST_STEP][PASSED] - pages.WriteExcel.demoKey(resText, datText, resColumn, datCloumn, fileLoc, nameSheet, row): pages.WriteExcel.demoKey is PASSED

2023-02-08 18:18:02 - [MESSAGE][PASSED] - pages.WriteExcel.demoKey is PASSED

2023-02-08 18:18:02 - [TEST_STEP][PASSED] - ExecuteTC = findTestData(dataFile).getValue("Execute", row): null

2023-02-08 18:18:02 - [TEST_STEP][PASSED] - out.println("Value of Execute is : " + ExecuteTC): null

2023-02-08 18:18:02 - [TEST_STEP][PASSED] - switch (executionProfile): null

2023-02-08 18:18:02 - [TEST_STEP][PASSED] - case "QAProfile":: null

2023-02-08 18:18:02 - [TEST_STEP][PASSED] - appID = findTestData(dataFile).getValue("AppIDQA", row): null

2023-02-08 18:18:02 - [TEST_STEP][PASSED] - username = findTestData(dataFile).getValue("UsernameQA", row): null

2023-02-08 18:18:02 - [TEST_STEP][PASSED] - password = findTestData(dataFile).getValue("PasswordQA", row): null

2023-02-08 18:18:02 - [TEST_STEP][PASSED] - break: null

2023-02-08 18:18:02 - [TEST_STEP][PASSED] - if (ExecuteTC.equalsIgnoreCase("Y")): null

2023-02-08 18:18:02 - [TEST_STEP][PASSED] - out.println("Begin Record Number: " + row): null

2023-02-08 18:18:02 - [TEST_STEP][PASSED] - today = new java.util.Date(): null

2023-02-08 18:18:02 - [TEST_STEP][PASSED] - println(today): null

2023-02-08 18:18:02 - [TEST_STEP][PASSED] - datText = today: null

2023-02-08 18:18:02 - [TEST_STEP][PASSED] - category = findTestData(dataFile).getValue("Category", row): null

2023-02-08 18:18:02 - [TEST_STEP][PASSED] - amount = findTestData(dataFile).getValue("Amount", row): null

2023-02-08 18:18:02 - [TEST_STEP][PASSED] - cardNumber = findTestData(dataFile).getValue("CardNumber", row): null

2023-02-08 18:18:02 - [TEST_STEP][PASSED] - exM = findTestData(dataFile).getValue("ExM", row): null

2023-02-08 18:18:02 - [TEST_STEP][PASSED] - exY = findTestData(dataFile).getValue("ExY", row): null

2023-02-08 18:18:03 - [TEST_STEP][PASSED] - openBrowser(VLinkURL + "authcap.html"): Browser is opened with url: 'https://dev-algorithm.govolution.com/vlinktest/QA/version_2_0/authcap.html'

2023-02-08 18:18:03 - [MESSAGE][WARNING] - A browser is already opened. Closing browser and opening a new one

2023-02-08 18:18:04 - [MESSAGE][INFO] - Starting 'Chrome' driver

2023-02-08 18:18:04 - [MESSAGE][INFO] - User set preference: ['acceptInsecureCerts', 'true']

2023-02-08 18:18:04 - [MESSAGE][INFO] - Action delay is set to 0 milliseconds

2023-02-08 18:18:06 - [MESSAGE][PASSED] - Browser is opened with url: 'https://dev-algorithm.govolution.com/vlinktest/QA/version_2_0/authcap.html'

2023-02-08 18:18:06 - [TEST_STEP][PASSED] - maximizeWindow(): Current window maximized

2023-02-08 18:18:06 - [MESSAGE][PASSED] - Current window maximized

2023-02-08 18:18:06 - [TEST_STEP][PASSED] - maximizeWindow(): Current window maximized

2023-02-08 18:18:06 - [MESSAGE][PASSED] - Current window maximized

2023-02-08 18:18:06 - [TEST_STEP][PASSED] - genRemID = RandomStringUtils.random(12, true, true): null

2023-02-08 18:18:06 - [TEST_STEP][PASSED] - setText(findTestObject("Object Repository/RecAndPlayBk/Page-Vlink-Sale/input_Remittance Id_remittance_id"), genRemID): Text 'USGLhaX4ouAE' is set on object 'Object Repository/RecAndPlayBk/Page-Vlink-Sale/input_Remittance Id_remittance_id'

2023-02-08 18:18:07 - [MESSAGE][PASSED] - Text 'USGLhaX4ouAE' is set on object 'Object Repository/RecAndPlayBk/Page-Vlink-Sale/input_Remittance Id_remittance_id'

2023-02-08 18:18:07 - [TEST_STEP][PASSED] - setText(findTestObject("Object Repository/RecAndPlayBk/Page-Vlink-Sale/input_Application Id_application_id"), appID): Text '234' is set on object 'Object Repository/RecAndPlayBk/Page-Vlink-Sale/input_Application Id_application_id'

2023-02-08 18:18:07 - [MESSAGE][PASSED] - Text '234' is set on object 'Object Repository/RecAndPlayBk/Page-Vlink-Sale/input_Application Id_application_id'

2023-02-08 18:18:07 - [TEST_STEP][PASSED] - setText(findTestObject("Object Repository/RecAndPlayBk/Page-Vlink-Sale/input_Username_username"), username): Text 'username' is set on object 'Object Repository/RecAndPlayBk/Page-Vlink-Sale/input_Username_username'

2023-02-08 18:18:08 - [MESSAGE][PASSED] - Text 'username' is set on object 'Object Repository/RecAndPlayBk/Page-Vlink-Sale/input_Username_username'

2023-02-08 18:18:08 - [TEST_STEP][PASSED] - setText(findTestObject("Object Repository/RecAndPlayBk/Page-Vlink-Sale/input_Password_password"), password): Text 'password' is set on object 'Object Repository/RecAndPlayBk/Page-Vlink-Sale/input_Password_password'

2023-02-08 18:18:09 - [MESSAGE][PASSED] - Text 'password' is set on object 'Object Repository/RecAndPlayBk/Page-Vlink-Sale/input_Password_password'

2023-02-08 18:18:09 - [TEST_STEP][PASSED] - setText(findTestObject("Object Repository/RecAndPlayBk/Page-Vlink-Sale/input_Category_category"), category): Text 'RETL' is set on object 'Object Repository/RecAndPlayBk/Page-Vlink-Sale/input_Category_category'

2023-02-08 18:18:09 - [MESSAGE][PASSED] - Text 'RETL' is set on object 'Object Repository/RecAndPlayBk/Page-Vlink-Sale/input_Category_category'

2023-02-08 18:18:09 - [TEST_STEP][PASSED] - setText(findTestObject("Object Repository/RecAndPlayBk/Page-Vlink-Sale/input_Amount_amount"), amount): Text '10.5' is set on object 'Object Repository/RecAndPlayBk/Page-Vlink-Sale/input_Amount_amount'

2023-02-08 18:18:10 - [MESSAGE][PASSED] - Text '10.5' is set on object 'Object Repository/RecAndPlayBk/Page-Vlink-Sale/input_Amount_amount'

2023-02-08 18:18:10 - [TEST_STEP][PASSED] - doubleClick(findTestObject("Object Repository/RecAndPlayBk/Page-Vlink-Sale/input_Card number_card_number")): Object: 'Object Repository/RecAndPlayBk/Page-Vlink-Sale/input_Card number_card_number' is double clicked on

2023-02-08 18:18:10 - [MESSAGE][PASSED] - Object: 'Object Repository/RecAndPlayBk/Page-Vlink-Sale/input_Card number_card_number' is double clicked on

2023-02-08 18:18:10 - [TEST_STEP][PASSED] - setText(findTestObject("Object Repository/RecAndPlayBk/Page-Vlink-Sale/input_Card number_card_number"), cardNumber): Text '370000000000002' is set on object 'Object Repository/RecAndPlayBk/Page-Vlink-Sale/input_Card number_card_number'

2023-02-08 18:18:11 - [MESSAGE][PASSED] - Text '370000000000002' is set on object 'Object Repository/RecAndPlayBk/Page-Vlink-Sale/input_Card number_card_number'

2023-02-08 18:18:11 - [TEST_STEP][PASSED] - setText(findTestObject("Object Repository/RecAndPlayBk/Page-Vlink-Sale/input_Card ex month_card_exmo"), exM): Text '12' is set on object 'Object Repository/RecAndPlayBk/Page-Vlink-Sale/input_Card ex month_card_exmo'

2023-02-08 18:18:12 - [MESSAGE][PASSED] - Text '12' is set on object 'Object Repository/RecAndPlayBk/Page-Vlink-Sale/input_Card ex month_card_exmo'

2023-02-08 18:18:12 - [TEST_STEP][PASSED] - setText(findTestObject("Object Repository/RecAndPlayBk/Page-Vlink-Sale/input_Card ex year_card_exyr"), exY): Text '2029' is set on object 'Object Repository/RecAndPlayBk/Page-Vlink-Sale/input_Card ex year_card_exyr'

2023-02-08 18:18:12 - [MESSAGE][PASSED] - Text '2029' is set on object 'Object Repository/RecAndPlayBk/Page-Vlink-Sale/input_Card ex year_card_exyr'

2023-02-08 18:18:12 - [TEST_STEP][PASSED] - click(findTestObject("Object Repository/RecAndPlayBk/Page-Vlink-Sale/input_Track Data_track_data")): Object: 'Object Repository/RecAndPlayBk/Page-Vlink-Sale/input_Track Data_track_data' is clicked on

2023-02-08 18:18:13 - [MESSAGE][PASSED] - Object: 'Object Repository/RecAndPlayBk/Page-Vlink-Sale/input_Track Data_track_data' is clicked on

2023-02-08 18:18:13 - [TEST_STEP][PASSED] - click(findTestObject("Object Repository/RecAndPlayBk/Page-Vlink-Sale/input_CVV state_cvv_state")): Object: 'Object Repository/RecAndPlayBk/Page-Vlink-Sale/input_CVV state_cvv_state' is clicked on

2023-02-08 18:18:13 - [MESSAGE][PASSED] - Object: 'Object Repository/RecAndPlayBk/Page-Vlink-Sale/input_CVV state_cvv_state' is clicked on

2023-02-08 18:18:13 - [TEST_STEP][PASSED] - setText(findTestObject("Object Repository/RecAndPlayBk/Page-Vlink-Sale/input_Track Data_track_data"), ""): Text '' is set on object 'Object Repository/RecAndPlayBk/Page-Vlink-Sale/input_Track Data_track_data'

2023-02-08 18:18:14 - [MESSAGE][PASSED] - Text '' is set on object 'Object Repository/RecAndPlayBk/Page-Vlink-Sale/input_Track Data_track_data'

2023-02-08 18:18:14 - [TEST_STEP][PASSED] - setText(findTestObject("Object Repository/RecAndPlayBk/Page-Vlink-Sale/input_concat(Cardholder, , s email)_email"), ""): Text '' is set on object 'Object Repository/RecAndPlayBk/Page-Vlink-Sale/input_concat(Cardholder, , s email)_email'

2023-02-08 18:18:14 - [MESSAGE][PASSED] - Text '' is set on object 'Object Repository/RecAndPlayBk/Page-Vlink-Sale/input_concat(Cardholder, , s email)_email'

2023-02-08 18:18:14 - [TEST_STEP][PASSED] - click(findTestObject("Object Repository/RecAndPlayBk/Page-Vlink-Sale/input_user_defined10_user_defined10")): Object: 'Object Repository/RecAndPlayBk/Page-Vlink-Sale/input_user_defined10_user_defined10' is clicked on

2023-02-08 18:18:14 - [MESSAGE][PASSED] - Object: 'Object Repository/RecAndPlayBk/Page-Vlink-Sale/input_user_defined10_user_defined10' is clicked on

2023-02-08 18:18:14 - [TEST_STEP][PASSED] - if (executionProfile.equalsIgnoreCase("QAProfile") || executionProfile.equalsIgnoreCase("DemoProfile")): Text '' is set on object 'Object Repository/RecAndPlayBk/Page-Vlink-Sale/input_COF Transaction Initiated by_cof_tran_6cded5'

2023-02-08 18:18:14 - [TEST_STEP][PASSED] - setText(findTestObject("Object Repository/RecAndPlayBk/Page-Vlink-Sale/input_Card on File Indicator_card_on_file_i_157dae"), ""): Text '' is set on object 'Object Repository/RecAndPlayBk/Page-Vlink-Sale/input_Card on File Indicator_card_on_file_i_157dae'

2023-02-08 18:18:15 - [MESSAGE][PASSED] - Text '' is set on object 'Object Repository/RecAndPlayBk/Page-Vlink-Sale/input_Card on File Indicator_card_on_file_i_157dae'

2023-02-08 18:18:15 - [TEST_STEP][PASSED] - setText(findTestObject("Object Repository/RecAndPlayBk/Page-Vlink-Sale/input_Stored Credential Indicator_stored_cr_4ae73c"), ""): Text '' is set on object 'Object Repository/RecAndPlayBk/Page-Vlink-Sale/input_Stored Credential Indicator_stored_cr_4ae73c'

2023-02-08 18:18:16 - [MESSAGE][PASSED] - Text '' is set on object 'Object Repository/RecAndPlayBk/Page-Vlink-Sale/input_Stored Credential Indicator_stored_cr_4ae73c'

2023-02-08 18:18:16 - [TEST_STEP][PASSED] - setText(findTestObject("Object Repository/RecAndPlayBk/Page-Vlink-Sale/input_COF Scheduled indicator_cof_scheduled_8df7d8"), ""): Text '' is set on object 'Object Repository/RecAndPlayBk/Page-Vlink-Sale/input_COF Scheduled indicator_cof_scheduled_8df7d8'

2023-02-08 18:18:16 - [MESSAGE][PASSED] - Text '' is set on object 'Object Repository/RecAndPlayBk/Page-Vlink-Sale/input_COF Scheduled indicator_cof_scheduled_8df7d8'

2023-02-08 18:18:16 - [TEST_STEP][PASSED] - setText(findTestObject("Object Repository/RecAndPlayBk/Page-Vlink-Sale/input_COF Transaction Initiated by_cof_tran_6cded5"), ""): Text '' is set on object 'Object Repository/RecAndPlayBk/Page-Vlink-Sale/input_COF Transaction Initiated by_cof_tran_6cded5'

2023-02-08 18:18:17 - [MESSAGE][PASSED] - Text '' is set on object 'Object Repository/RecAndPlayBk/Page-Vlink-Sale/input_COF Transaction Initiated by_cof_tran_6cded5'

2023-02-08 18:18:17 - [TEST_STEP][PASSED] - click(findTestObject("Object Repository/RecAndPlayBk/Page-Vlink-Sale/input")): Object: 'Object Repository/RecAndPlayBk/Page-Vlink-Sale/input' is clicked on

2023-02-08 18:18:18 - [MESSAGE][PASSED] - Object: 'Object Repository/RecAndPlayBk/Page-Vlink-Sale/input' is clicked on

2023-02-08 18:18:18 - [TEST_STEP][PASSED] - if (verifyTextPresent("Transaction approved, no errors", true)): null

2023-02-08 18:18:18 - [MESSAGE][PASSED] - Text 'Transaction approved, no errors' is present on page  using regular expression

2023-02-08 18:18:18 - [TEST_STEP][PASSED] - println("Transaction Approved, no errors text is present on the Confirmation page"): null

2023-02-08 18:18:18 - [TEST_STEP][PASSED] - sdfo = getText(findTestObject("Object Repository/Page_VLinkReceipt/pre_STX")): Text of object 'Object Repository/Page_VLinkReceipt/pre_STX' is: '<STX>USGLhaX4ouAE                  12125206            0  Transaction approved, no errors                   0                                                                                  Y 328079629<ETX>'

2023-02-08 18:18:18 - [MESSAGE][PASSED] - Text of object 'Object Repository/Page_VLinkReceipt/pre_STX' is: '<STX>USGLhaX4ouAE                  12125206            0  Transaction approved, no errors                   0                                                                                  Y 328079629<ETX>'

2023-02-08 18:18:18 - [TEST_STEP][PASSED] - out.println("sdfo: " + sdfo): null

2023-02-08 18:18:18 - [TEST_STEP][PASSED] - remID = substring(5, 35).trim(): null

2023-02-08 18:18:18 - [TEST_STEP][PASSED] - out.println("remID: " + remID): null

2023-02-08 18:18:18 - [TEST_STEP][PASSED] - traxID = substring(35, 55).trim(): null

2023-02-08 18:18:18 - [TEST_STEP][PASSED] - out.println("traxID: " + traxID): null

2023-02-08 18:18:18 - [TEST_STEP][PASSED] - VLinkSaleRemID = remID: null

2023-02-08 18:18:18 - [TEST_STEP][PASSED] - VLinkSaleTranxID = traxID: null

2023-02-08 18:18:18 - [TEST_STEP][PASSED] - openBrowser(VLinkURL + "CC_void.html"): Browser is opened with url: 'https://dev-algorithm.govolution.com/vlinktest/QA/version_2_0/CC_void.html'

2023-02-08 18:18:18 - [MESSAGE][WARNING] - A browser is already opened. Closing browser and opening a new one

2023-02-08 18:18:21 - [MESSAGE][INFO] - Starting 'Chrome' driver

2023-02-08 18:18:21 - [MESSAGE][INFO] - User set preference: ['acceptInsecureCerts', 'true']

2023-02-08 18:18:21 - [MESSAGE][INFO] - Action delay is set to 0 milliseconds

2023-02-08 18:18:22 - [MESSAGE][PASSED] - Browser is opened with url: 'https://dev-algorithm.govolution.com/vlinktest/QA/version_2_0/CC_void.html'

2023-02-08 18:18:22 - [TEST_STEP][PASSED] - maximizeWindow(): Current window maximized

2023-02-08 18:18:23 - [MESSAGE][PASSED] - Current window maximized

2023-02-08 18:18:23 - [TEST_STEP][PASSED] - setText(findTestObject("Object Repository/RecAndPlayBk/Page-Vlink-CC-Void/txt_RemID"), VLinkSaleRemID): Text 'USGLhaX4ouAE' is set on object 'Object Repository/RecAndPlayBk/Page-Vlink-CC-Void/txt_RemID'

2023-02-08 18:18:23 - [MESSAGE][PASSED] - Text 'USGLhaX4ouAE' is set on object 'Object Repository/RecAndPlayBk/Page-Vlink-CC-Void/txt_RemID'

2023-02-08 18:18:23 - [TEST_STEP][PASSED] - setText(findTestObject("Object Repository/RecAndPlayBk/Page-Vlink-CC-Void/txt_ApplicationID"), appID): Text '234' is set on object 'Object Repository/RecAndPlayBk/Page-Vlink-CC-Void/txt_ApplicationID'

2023-02-08 18:18:24 - [MESSAGE][PASSED] - Text '234' is set on object 'Object Repository/RecAndPlayBk/Page-Vlink-CC-Void/txt_ApplicationID'

2023-02-08 18:18:24 - [TEST_STEP][PASSED] - setText(findTestObject("Object Repository/RecAndPlayBk/Page-Vlink-CC-Void/txt_Username"), username): Text 'username' is set on object 'Object Repository/RecAndPlayBk/Page-Vlink-CC-Void/txt_Username'

2023-02-08 18:18:25 - [MESSAGE][PASSED] - Text 'username' is set on object 'Object Repository/RecAndPlayBk/Page-Vlink-CC-Void/txt_Username'

2023-02-08 18:18:25 - [TEST_STEP][PASSED] - setText(findTestObject("Object Repository/RecAndPlayBk/Page-Vlink-CC-Void/txt_Password"), password): Text 'password' is set on object 'Object Repository/RecAndPlayBk/Page-Vlink-CC-Void/txt_Password'

2023-02-08 18:18:25 - [MESSAGE][PASSED] - Text 'password' is set on object 'Object Repository/RecAndPlayBk/Page-Vlink-CC-Void/txt_Password'

2023-02-08 18:18:25 - [TEST_STEP][PASSED] - setText(findTestObject("Object Repository/RecAndPlayBk/Page-Vlink-CC-Void/txt_TransactionID"), "-1"): Text '-1' is set on object 'Object Repository/RecAndPlayBk/Page-Vlink-CC-Void/txt_TransactionID'

2023-02-08 18:18:26 - [MESSAGE][PASSED] - Text '-1' is set on object 'Object Repository/RecAndPlayBk/Page-Vlink-CC-Void/txt_TransactionID'

2023-02-08 18:18:26 - [TEST_STEP][PASSED] - setText(findTestObject("Object Repository/RecAndPlayBk/Page-Vlink-CC-Void/txt_OriginalTransactionType"), "104"): Text '104' is set on object 'Object Repository/RecAndPlayBk/Page-Vlink-CC-Void/txt_OriginalTransactionType'

2023-02-08 18:18:26 - [MESSAGE][PASSED] - Text '104' is set on object 'Object Repository/RecAndPlayBk/Page-Vlink-CC-Void/txt_OriginalTransactionType'

2023-02-08 18:18:26 - [TEST_STEP][PASSED] - setText(findTestObject("Object Repository/RecAndPlayBk/Page-Vlink-CC-Void/txt_TrackData"), ""): Text '' is set on object 'Object Repository/RecAndPlayBk/Page-Vlink-CC-Void/txt_TrackData'

2023-02-08 18:18:27 - [MESSAGE][PASSED] - Text '' is set on object 'Object Repository/RecAndPlayBk/Page-Vlink-CC-Void/txt_TrackData'

2023-02-08 18:18:27 - [TEST_STEP][PASSED] - click(findTestObject("Object Repository/RecAndPlayBk/Page-Vlink-CC-Void/btn_ProcessVLinkTransaction")): Object: 'Object Repository/RecAndPlayBk/Page-Vlink-CC-Void/btn_ProcessVLinkTransaction' is clicked on

2023-02-08 18:18:28 - [MESSAGE][PASSED] - Object: 'Object Repository/RecAndPlayBk/Page-Vlink-CC-Void/btn_ProcessVLinkTransaction' is clicked on

2023-02-08 18:18:28 - [TEST_STEP][PASSED] - if (verifyTextPresent("Transaction approved, no errors", true)): null

2023-02-08 18:18:29 - [MESSAGE][PASSED] - Text 'Transaction approved, no errors' is present on page  using regular expression

2023-02-08 18:18:29 - [TEST_STEP][PASSED] - println("Transaction Approved, no errors text is present on the Confirmation page"): null

2023-02-08 18:18:29 - [TEST_STEP][PASSED] - out.println("Pass Record Number: " + row): null

2023-02-08 18:18:29 - [TEST_STEP][PASSED] - resText = "Pass": null

2023-02-08 18:18:29 - [TEST_STEP][PASSED] - pages.WriteExcel.demoKey(resText, datText, resColumn, datCloumn, fileLoc, nameSheet, row): pages.WriteExcel.demoKey is PASSED

2023-02-08 18:18:29 - [MESSAGE][PASSED] - pages.WriteExcel.demoKey is PASSED

2023-02-08 18:18:29 - [TEST_STEP][PASSED] - ExecuteTC = findTestData(dataFile).getValue("Execute", row): null

2023-02-08 18:18:29 - [TEST_STEP][PASSED] - out.println("Value of Execute is : " + ExecuteTC): null

2023-02-08 18:18:29 - [TEST_STEP][PASSED] - switch (executionProfile): null

2023-02-08 18:18:29 - [TEST_STEP][PASSED] - case "QAProfile":: null

2023-02-08 18:18:29 - [TEST_STEP][PASSED] - appID = findTestData(dataFile).getValue("AppIDQA", row): null

2023-02-08 18:18:29 - [TEST_STEP][PASSED] - username = findTestData(dataFile).getValue("UsernameQA", row): null

2023-02-08 18:18:29 - [TEST_STEP][PASSED] - password = findTestData(dataFile).getValue("PasswordQA", row): null

2023-02-08 18:18:29 - [TEST_STEP][PASSED] - break: null

2023-02-08 18:18:29 - [TEST_STEP][PASSED] - if (ExecuteTC.equalsIgnoreCase("Y")): null

2023-02-08 18:18:29 - [TEST_STEP][PASSED] - out.println("Begin Record Number: " + row): null

2023-02-08 18:18:29 - [TEST_STEP][PASSED] - today = new java.util.Date(): null

2023-02-08 18:18:29 - [TEST_STEP][PASSED] - println(today): null

2023-02-08 18:18:29 - [TEST_STEP][PASSED] - datText = today: null

2023-02-08 18:18:29 - [TEST_STEP][PASSED] - category = findTestData(dataFile).getValue("Category", row): null

2023-02-08 18:18:29 - [TEST_STEP][PASSED] - amount = findTestData(dataFile).getValue("Amount", row): null

2023-02-08 18:18:29 - [TEST_STEP][PASSED] - cardNumber = findTestData(dataFile).getValue("CardNumber", row): null

2023-02-08 18:18:29 - [TEST_STEP][PASSED] - exM = findTestData(dataFile).getValue("ExM", row): null

2023-02-08 18:18:29 - [TEST_STEP][PASSED] - exY = findTestData(dataFile).getValue("ExY", row): null

2023-02-08 18:18:30 - [TEST_STEP][PASSED] - openBrowser(VLinkURL + "authcap.html"): Browser is opened with url: 'https://dev-algorithm.govolution.com/vlinktest/QA/version_2_0/authcap.html'

2023-02-08 18:18:30 - [MESSAGE][WARNING] - A browser is already opened. Closing browser and opening a new one

2023-02-08 18:18:30 - [MESSAGE][INFO] - Starting 'Chrome' driver

2023-02-08 18:18:30 - [MESSAGE][INFO] - User set preference: ['acceptInsecureCerts', 'true']

2023-02-08 18:18:30 - [MESSAGE][INFO] - Action delay is set to 0 milliseconds

2023-02-08 18:18:32 - [MESSAGE][PASSED] - Browser is opened with url: 'https://dev-algorithm.govolution.com/vlinktest/QA/version_2_0/authcap.html'

2023-02-08 18:18:32 - [TEST_STEP][PASSED] - maximizeWindow(): Current window maximized

2023-02-08 18:18:32 - [MESSAGE][PASSED] - Current window maximized

2023-02-08 18:18:32 - [TEST_STEP][PASSED] - maximizeWindow(): Current window maximized

2023-02-08 18:18:33 - [MESSAGE][PASSED] - Current window maximized

2023-02-08 18:18:33 - [TEST_STEP][PASSED] - genRemID = RandomStringUtils.random(12, true, true): null

2023-02-08 18:18:33 - [TEST_STEP][PASSED] - setText(findTestObject("Object Repository/RecAndPlayBk/Page-Vlink-Sale/input_Remittance Id_remittance_id"), genRemID): Text 'huHvVWPNbAOD' is set on object 'Object Repository/RecAndPlayBk/Page-Vlink-Sale/input_Remittance Id_remittance_id'

2023-02-08 18:18:33 - [MESSAGE][PASSED] - Text 'huHvVWPNbAOD' is set on object 'Object Repository/RecAndPlayBk/Page-Vlink-Sale/input_Remittance Id_remittance_id'

2023-02-08 18:18:33 - [TEST_STEP][PASSED] - setText(findTestObject("Object Repository/RecAndPlayBk/Page-Vlink-Sale/input_Application Id_application_id"), appID): Text '87' is set on object 'Object Repository/RecAndPlayBk/Page-Vlink-Sale/input_Application Id_application_id'

2023-02-08 18:18:34 - [MESSAGE][PASSED] - Text '87' is set on object 'Object Repository/RecAndPlayBk/Page-Vlink-Sale/input_Application Id_application_id'

2023-02-08 18:18:34 - [TEST_STEP][PASSED] - setText(findTestObject("Object Repository/RecAndPlayBk/Page-Vlink-Sale/input_Username_username"), username): Text 'username' is set on object 'Object Repository/RecAndPlayBk/Page-Vlink-Sale/input_Username_username'

2023-02-08 18:18:34 - [MESSAGE][PASSED] - Text 'username' is set on object 'Object Repository/RecAndPlayBk/Page-Vlink-Sale/input_Username_username'

2023-02-08 18:18:34 - [TEST_STEP][PASSED] - setText(findTestObject("Object Repository/RecAndPlayBk/Page-Vlink-Sale/input_Password_password"), password): Text 'password' is set on object 'Object Repository/RecAndPlayBk/Page-Vlink-Sale/input_Password_password'

2023-02-08 18:18:35 - [MESSAGE][PASSED] - Text 'password' is set on object 'Object Repository/RecAndPlayBk/Page-Vlink-Sale/input_Password_password'

2023-02-08 18:18:35 - [TEST_STEP][PASSED] - setText(findTestObject("Object Repository/RecAndPlayBk/Page-Vlink-Sale/input_Category_category"), category): Text 'ECOM' is set on object 'Object Repository/RecAndPlayBk/Page-Vlink-Sale/input_Category_category'

2023-02-08 18:18:36 - [MESSAGE][PASSED] - Text 'ECOM' is set on object 'Object Repository/RecAndPlayBk/Page-Vlink-Sale/input_Category_category'

2023-02-08 18:18:36 - [TEST_STEP][PASSED] - setText(findTestObject("Object Repository/RecAndPlayBk/Page-Vlink-Sale/input_Amount_amount"), amount): Text '10.5' is set on object 'Object Repository/RecAndPlayBk/Page-Vlink-Sale/input_Amount_amount'

2023-02-08 18:18:36 - [MESSAGE][PASSED] - Text '10.5' is set on object 'Object Repository/RecAndPlayBk/Page-Vlink-Sale/input_Amount_amount'

2023-02-08 18:18:36 - [TEST_STEP][PASSED] - doubleClick(findTestObject("Object Repository/RecAndPlayBk/Page-Vlink-Sale/input_Card number_card_number")): Object: 'Object Repository/RecAndPlayBk/Page-Vlink-Sale/input_Card number_card_number' is double clicked on

2023-02-08 18:18:37 - [MESSAGE][PASSED] - Object: 'Object Repository/RecAndPlayBk/Page-Vlink-Sale/input_Card number_card_number' is double clicked on

2023-02-08 18:18:37 - [TEST_STEP][PASSED] - setText(findTestObject("Object Repository/RecAndPlayBk/Page-Vlink-Sale/input_Card number_card_number"), cardNumber): Text '4012000098765439' is set on object 'Object Repository/RecAndPlayBk/Page-Vlink-Sale/input_Card number_card_number'

2023-02-08 18:18:37 - [MESSAGE][PASSED] - Text '4012000098765439' is set on object 'Object Repository/RecAndPlayBk/Page-Vlink-Sale/input_Card number_card_number'

2023-02-08 18:18:37 - [TEST_STEP][PASSED] - setText(findTestObject("Object Repository/RecAndPlayBk/Page-Vlink-Sale/input_Card ex month_card_exmo"), exM): Text '12' is set on object 'Object Repository/RecAndPlayBk/Page-Vlink-Sale/input_Card ex month_card_exmo'

2023-02-08 18:18:38 - [MESSAGE][PASSED] - Text '12' is set on object 'Object Repository/RecAndPlayBk/Page-Vlink-Sale/input_Card ex month_card_exmo'

2023-02-08 18:18:38 - [TEST_STEP][PASSED] - setText(findTestObject("Object Repository/RecAndPlayBk/Page-Vlink-Sale/input_Card ex year_card_exyr"), exY): Text '2029' is set on object 'Object Repository/RecAndPlayBk/Page-Vlink-Sale/input_Card ex year_card_exyr'

2023-02-08 18:18:39 - [MESSAGE][PASSED] - Text '2029' is set on object 'Object Repository/RecAndPlayBk/Page-Vlink-Sale/input_Card ex year_card_exyr'

2023-02-08 18:18:39 - [TEST_STEP][PASSED] - click(findTestObject("Object Repository/RecAndPlayBk/Page-Vlink-Sale/input_Track Data_track_data")): Object: 'Object Repository/RecAndPlayBk/Page-Vlink-Sale/input_Track Data_track_data' is clicked on

2023-02-08 18:18:39 - [MESSAGE][PASSED] - Object: 'Object Repository/RecAndPlayBk/Page-Vlink-Sale/input_Track Data_track_data' is clicked on

2023-02-08 18:18:39 - [TEST_STEP][PASSED] - click(findTestObject("Object Repository/RecAndPlayBk/Page-Vlink-Sale/input_CVV state_cvv_state")): Object: 'Object Repository/RecAndPlayBk/Page-Vlink-Sale/input_CVV state_cvv_state' is clicked on

2023-02-08 18:18:39 - [MESSAGE][PASSED] - Object: 'Object Repository/RecAndPlayBk/Page-Vlink-Sale/input_CVV state_cvv_state' is clicked on

2023-02-08 18:18:39 - [TEST_STEP][PASSED] - setText(findTestObject("Object Repository/RecAndPlayBk/Page-Vlink-Sale/input_Track Data_track_data"), ""): Text '' is set on object 'Object Repository/RecAndPlayBk/Page-Vlink-Sale/input_Track Data_track_data'

2023-02-08 18:18:40 - [MESSAGE][PASSED] - Text '' is set on object 'Object Repository/RecAndPlayBk/Page-Vlink-Sale/input_Track Data_track_data'

2023-02-08 18:18:40 - [TEST_STEP][PASSED] - setText(findTestObject("Object Repository/RecAndPlayBk/Page-Vlink-Sale/input_concat(Cardholder, , s email)_email"), ""): Text '' is set on object 'Object Repository/RecAndPlayBk/Page-Vlink-Sale/input_concat(Cardholder, , s email)_email'

2023-02-08 18:18:40 - [MESSAGE][PASSED] - Text '' is set on object 'Object Repository/RecAndPlayBk/Page-Vlink-Sale/input_concat(Cardholder, , s email)_email'

2023-02-08 18:18:40 - [TEST_STEP][PASSED] - click(findTestObject("Object Repository/RecAndPlayBk/Page-Vlink-Sale/input_user_defined10_user_defined10")): Object: 'Object Repository/RecAndPlayBk/Page-Vlink-Sale/input_user_defined10_user_defined10' is clicked on

2023-02-08 18:18:41 - [MESSAGE][PASSED] - Object: 'Object Repository/RecAndPlayBk/Page-Vlink-Sale/input_user_defined10_user_defined10' is clicked on

2023-02-08 18:18:41 - [TEST_STEP][PASSED] - if (executionProfile.equalsIgnoreCase("QAProfile") || executionProfile.equalsIgnoreCase("DemoProfile")): Text '' is set on object 'Object Repository/RecAndPlayBk/Page-Vlink-Sale/input_COF Transaction Initiated by_cof_tran_6cded5'

2023-02-08 18:18:41 - [TEST_STEP][PASSED] - setText(findTestObject("Object Repository/RecAndPlayBk/Page-Vlink-Sale/input_Card on File Indicator_card_on_file_i_157dae"), ""): Text '' is set on object 'Object Repository/RecAndPlayBk/Page-Vlink-Sale/input_Card on File Indicator_card_on_file_i_157dae'

2023-02-08 18:18:41 - [MESSAGE][PASSED] - Text '' is set on object 'Object Repository/RecAndPlayBk/Page-Vlink-Sale/input_Card on File Indicator_card_on_file_i_157dae'

2023-02-08 18:18:41 - [TEST_STEP][PASSED] - setText(findTestObject("Object Repository/RecAndPlayBk/Page-Vlink-Sale/input_Stored Credential Indicator_stored_cr_4ae73c"), ""): Text '' is set on object 'Object Repository/RecAndPlayBk/Page-Vlink-Sale/input_Stored Credential Indicator_stored_cr_4ae73c'

2023-02-08 18:18:42 - [MESSAGE][PASSED] - Text '' is set on object 'Object Repository/RecAndPlayBk/Page-Vlink-Sale/input_Stored Credential Indicator_stored_cr_4ae73c'

2023-02-08 18:18:42 - [TEST_STEP][PASSED] - setText(findTestObject("Object Repository/RecAndPlayBk/Page-Vlink-Sale/input_COF Scheduled indicator_cof_scheduled_8df7d8"), ""): Text '' is set on object 'Object Repository/RecAndPlayBk/Page-Vlink-Sale/input_COF Scheduled indicator_cof_scheduled_8df7d8'

2023-02-08 18:18:43 - [MESSAGE][PASSED] - Text '' is set on object 'Object Repository/RecAndPlayBk/Page-Vlink-Sale/input_COF Scheduled indicator_cof_scheduled_8df7d8'

2023-02-08 18:18:43 - [TEST_STEP][PASSED] - setText(findTestObject("Object Repository/RecAndPlayBk/Page-Vlink-Sale/input_COF Transaction Initiated by_cof_tran_6cded5"), ""): Text '' is set on object 'Object Repository/RecAndPlayBk/Page-Vlink-Sale/input_COF Transaction Initiated by_cof_tran_6cded5'

2023-02-08 18:18:43 - [MESSAGE][PASSED] - Text '' is set on object 'Object Repository/RecAndPlayBk/Page-Vlink-Sale/input_COF Transaction Initiated by_cof_tran_6cded5'

2023-02-08 18:18:43 - [TEST_STEP][PASSED] - click(findTestObject("Object Repository/RecAndPlayBk/Page-Vlink-Sale/input")): Object: 'Object Repository/RecAndPlayBk/Page-Vlink-Sale/input' is clicked on

2023-02-08 18:18:46 - [MESSAGE][PASSED] - Object: 'Object Repository/RecAndPlayBk/Page-Vlink-Sale/input' is clicked on

2023-02-08 18:18:46 - [TEST_STEP][PASSED] - if (verifyTextPresent("Transaction approved, no errors", true)): null

2023-02-08 18:18:47 - [MESSAGE][PASSED] - Text 'Transaction approved, no errors' is present on page  using regular expression

2023-02-08 18:18:47 - [TEST_STEP][PASSED] - println("Transaction Approved, no errors text is present on the Confirmation page"): null

2023-02-08 18:18:47 - [TEST_STEP][PASSED] - sdfo = getText(findTestObject("Object Repository/Page_VLinkReceipt/pre_STX")): Text of object 'Object Repository/Page_VLinkReceipt/pre_STX' is: '<STX>huHvVWPNbAOD                  12125208            0  Transaction approved, no errors                   0                                                                                  N TAS889   <ETX>'

2023-02-08 18:18:47 - [MESSAGE][PASSED] - Text of object 'Object Repository/Page_VLinkReceipt/pre_STX' is: '<STX>huHvVWPNbAOD                  12125208            0  Transaction approved, no errors                   0                                                                                  N TAS889   <ETX>'

2023-02-08 18:18:47 - [TEST_STEP][PASSED] - out.println("sdfo: " + sdfo): null

2023-02-08 18:18:47 - [TEST_STEP][PASSED] - remID = substring(5, 35).trim(): null

2023-02-08 18:18:47 - [TEST_STEP][PASSED] - out.println("remID: " + remID): null

2023-02-08 18:18:47 - [TEST_STEP][PASSED] - traxID = substring(35, 55).trim(): null

2023-02-08 18:18:47 - [TEST_STEP][PASSED] - out.println("traxID: " + traxID): null

2023-02-08 18:18:47 - [TEST_STEP][PASSED] - VLinkSaleRemID = remID: null

2023-02-08 18:18:47 - [TEST_STEP][PASSED] - VLinkSaleTranxID = traxID: null

2023-02-08 18:18:47 - [TEST_STEP][PASSED] - openBrowser(VLinkURL + "CC_void.html"): Browser is opened with url: 'https://dev-algorithm.govolution.com/vlinktest/QA/version_2_0/CC_void.html'

2023-02-08 18:18:47 - [MESSAGE][WARNING] - A browser is already opened. Closing browser and opening a new one

2023-02-08 18:18:50 - [MESSAGE][INFO] - Starting 'Chrome' driver

2023-02-08 18:18:50 - [MESSAGE][INFO] - User set preference: ['acceptInsecureCerts', 'true']

2023-02-08 18:18:50 - [MESSAGE][INFO] - Action delay is set to 0 milliseconds

2023-02-08 18:18:52 - [MESSAGE][PASSED] - Browser is opened with url: 'https://dev-algorithm.govolution.com/vlinktest/QA/version_2_0/CC_void.html'

2023-02-08 18:18:52 - [TEST_STEP][PASSED] - maximizeWindow(): Current window maximized

2023-02-08 18:18:52 - [MESSAGE][PASSED] - Current window maximized

2023-02-08 18:18:52 - [TEST_STEP][PASSED] - setText(findTestObject("Object Repository/RecAndPlayBk/Page-Vlink-CC-Void/txt_RemID"), VLinkSaleRemID): Text 'huHvVWPNbAOD' is set on object 'Object Repository/RecAndPlayBk/Page-Vlink-CC-Void/txt_RemID'

2023-02-08 18:18:52 - [MESSAGE][PASSED] - Text 'huHvVWPNbAOD' is set on object 'Object Repository/RecAndPlayBk/Page-Vlink-CC-Void/txt_RemID'

2023-02-08 18:18:52 - [TEST_STEP][PASSED] - setText(findTestObject("Object Repository/RecAndPlayBk/Page-Vlink-CC-Void/txt_ApplicationID"), appID): Text '87' is set on object 'Object Repository/RecAndPlayBk/Page-Vlink-CC-Void/txt_ApplicationID'

2023-02-08 18:18:53 - [MESSAGE][PASSED] - Text '87' is set on object 'Object Repository/RecAndPlayBk/Page-Vlink-CC-Void/txt_ApplicationID'

2023-02-08 18:18:53 - [TEST_STEP][PASSED] - setText(findTestObject("Object Repository/RecAndPlayBk/Page-Vlink-CC-Void/txt_Username"), username): Text 'username' is set on object 'Object Repository/RecAndPlayBk/Page-Vlink-CC-Void/txt_Username'

2023-02-08 18:18:54 - [MESSAGE][PASSED] - Text 'username' is set on object 'Object Repository/RecAndPlayBk/Page-Vlink-CC-Void/txt_Username'

2023-02-08 18:18:54 - [TEST_STEP][PASSED] - setText(findTestObject("Object Repository/RecAndPlayBk/Page-Vlink-CC-Void/txt_Password"), password): Text 'password' is set on object 'Object Repository/RecAndPlayBk/Page-Vlink-CC-Void/txt_Password'

2023-02-08 18:18:54 - [MESSAGE][PASSED] - Text 'password' is set on object 'Object Repository/RecAndPlayBk/Page-Vlink-CC-Void/txt_Password'

2023-02-08 18:18:54 - [TEST_STEP][PASSED] - setText(findTestObject("Object Repository/RecAndPlayBk/Page-Vlink-CC-Void/txt_TransactionID"), "-1"): Text '-1' is set on object 'Object Repository/RecAndPlayBk/Page-Vlink-CC-Void/txt_TransactionID'

2023-02-08 18:18:55 - [MESSAGE][PASSED] - Text '-1' is set on object 'Object Repository/RecAndPlayBk/Page-Vlink-CC-Void/txt_TransactionID'

2023-02-08 18:18:55 - [TEST_STEP][PASSED] - setText(findTestObject("Object Repository/RecAndPlayBk/Page-Vlink-CC-Void/txt_OriginalTransactionType"), "104"): Text '104' is set on object 'Object Repository/RecAndPlayBk/Page-Vlink-CC-Void/txt_OriginalTransactionType'

2023-02-08 18:18:55 - [MESSAGE][PASSED] - Text '104' is set on object 'Object Repository/RecAndPlayBk/Page-Vlink-CC-Void/txt_OriginalTransactionType'

2023-02-08 18:18:55 - [TEST_STEP][PASSED] - setText(findTestObject("Object Repository/RecAndPlayBk/Page-Vlink-CC-Void/txt_TrackData"), ""): Text '' is set on object 'Object Repository/RecAndPlayBk/Page-Vlink-CC-Void/txt_TrackData'

2023-02-08 18:18:56 - [MESSAGE][PASSED] - Text '' is set on object 'Object Repository/RecAndPlayBk/Page-Vlink-CC-Void/txt_TrackData'

2023-02-08 18:18:56 - [TEST_STEP][PASSED] - click(findTestObject("Object Repository/RecAndPlayBk/Page-Vlink-CC-Void/btn_ProcessVLinkTransaction")): Object: 'Object Repository/RecAndPlayBk/Page-Vlink-CC-Void/btn_ProcessVLinkTransaction' is clicked on

2023-02-08 18:18:58 - [MESSAGE][PASSED] - Object: 'Object Repository/RecAndPlayBk/Page-Vlink-CC-Void/btn_ProcessVLinkTransaction' is clicked on

2023-02-08 18:18:58 - [TEST_STEP][PASSED] - if (verifyTextPresent("Transaction approved, no errors", true)): null

2023-02-08 18:18:59 - [MESSAGE][PASSED] - Text 'Transaction approved, no errors' is present on page  using regular expression

2023-02-08 18:18:59 - [TEST_STEP][PASSED] - println("Transaction Approved, no errors text is present on the Confirmation page"): null

2023-02-08 18:18:59 - [TEST_STEP][PASSED] - out.println("Pass Record Number: " + row): null

2023-02-08 18:18:59 - [TEST_STEP][PASSED] - resText = "Pass": null

2023-02-08 18:18:59 - [TEST_STEP][PASSED] - pages.WriteExcel.demoKey(resText, datText, resColumn, datCloumn, fileLoc, nameSheet, row): pages.WriteExcel.demoKey is PASSED

2023-02-08 18:18:59 - [MESSAGE][PASSED] - pages.WriteExcel.demoKey is PASSED

2023-02-08 18:18:59 - [TEST_STEP][PASSED] - ExecuteTC = findTestData(dataFile).getValue("Execute", row): null

2023-02-08 18:18:59 - [TEST_STEP][PASSED] - out.println("Value of Execute is : " + ExecuteTC): null

2023-02-08 18:18:59 - [TEST_STEP][PASSED] - switch (executionProfile): null

2023-02-08 18:18:59 - [TEST_STEP][PASSED] - case "QAProfile":: null

2023-02-08 18:18:59 - [TEST_STEP][PASSED] - appID = findTestData(dataFile).getValue("AppIDQA", row): null

2023-02-08 18:18:59 - [TEST_STEP][PASSED] - username = findTestData(dataFile).getValue("UsernameQA", row): null

2023-02-08 18:18:59 - [TEST_STEP][PASSED] - password = findTestData(dataFile).getValue("PasswordQA", row): null

2023-02-08 18:18:59 - [TEST_STEP][PASSED] - break: null

2023-02-08 18:18:59 - [TEST_STEP][PASSED] - if (ExecuteTC.equalsIgnoreCase("Y")): null

2023-02-08 18:18:59 - [TEST_STEP][PASSED] - out.println("Begin Record Number: " + row): null

2023-02-08 18:18:59 - [TEST_STEP][PASSED] - today = new java.util.Date(): null

2023-02-08 18:18:59 - [TEST_STEP][PASSED] - println(today): null

2023-02-08 18:18:59 - [TEST_STEP][PASSED] - datText = today: null

2023-02-08 18:18:59 - [TEST_STEP][PASSED] - category = findTestData(dataFile).getValue("Category", row): null

2023-02-08 18:18:59 - [TEST_STEP][PASSED] - amount = findTestData(dataFile).getValue("Amount", row): null

2023-02-08 18:18:59 - [TEST_STEP][PASSED] - cardNumber = findTestData(dataFile).getValue("CardNumber", row): null

2023-02-08 18:18:59 - [TEST_STEP][PASSED] - exM = findTestData(dataFile).getValue("ExM", row): null

2023-02-08 18:18:59 - [TEST_STEP][PASSED] - exY = findTestData(dataFile).getValue("ExY", row): null

2023-02-08 18:18:59 - [TEST_STEP][PASSED] - openBrowser(VLinkURL + "authcap.html"): Browser is opened with url: 'https://dev-algorithm.govolution.com/vlinktest/QA/version_2_0/authcap.html'

2023-02-08 18:18:59 - [MESSAGE][WARNING] - A browser is already opened. Closing browser and opening a new one

2023-02-08 18:19:00 - [MESSAGE][INFO] - Starting 'Chrome' driver

2023-02-08 18:19:00 - [MESSAGE][INFO] - User set preference: ['acceptInsecureCerts', 'true']

2023-02-08 18:19:00 - [MESSAGE][INFO] - Action delay is set to 0 milliseconds

2023-02-08 18:19:02 - [MESSAGE][PASSED] - Browser is opened with url: 'https://dev-algorithm.govolution.com/vlinktest/QA/version_2_0/authcap.html'

2023-02-08 18:19:02 - [TEST_STEP][PASSED] - maximizeWindow(): Current window maximized

2023-02-08 18:19:02 - [MESSAGE][PASSED] - Current window maximized

2023-02-08 18:19:02 - [TEST_STEP][PASSED] - maximizeWindow(): Current window maximized

2023-02-08 18:19:02 - [MESSAGE][PASSED] - Current window maximized

2023-02-08 18:19:02 - [TEST_STEP][PASSED] - genRemID = RandomStringUtils.random(12, true, true): null

2023-02-08 18:19:02 - [TEST_STEP][PASSED] - setText(findTestObject("Object Repository/RecAndPlayBk/Page-Vlink-Sale/input_Remittance Id_remittance_id"), genRemID): Text 'qilKeIwBye7O' is set on object 'Object Repository/RecAndPlayBk/Page-Vlink-Sale/input_Remittance Id_remittance_id'

2023-02-08 18:19:03 - [MESSAGE][PASSED] - Text 'qilKeIwBye7O' is set on object 'Object Repository/RecAndPlayBk/Page-Vlink-Sale/input_Remittance Id_remittance_id'

2023-02-08 18:19:03 - [TEST_STEP][PASSED] - setText(findTestObject("Object Repository/RecAndPlayBk/Page-Vlink-Sale/input_Application Id_application_id"), appID): Text '581' is set on object 'Object Repository/RecAndPlayBk/Page-Vlink-Sale/input_Application Id_application_id'

2023-02-08 18:19:04 - [MESSAGE][PASSED] - Text '581' is set on object 'Object Repository/RecAndPlayBk/Page-Vlink-Sale/input_Application Id_application_id'

2023-02-08 18:19:04 - [TEST_STEP][PASSED] - setText(findTestObject("Object Repository/RecAndPlayBk/Page-Vlink-Sale/input_Username_username"), username): Text 'usr581' is set on object 'Object Repository/RecAndPlayBk/Page-Vlink-Sale/input_Username_username'

2023-02-08 18:19:04 - [MESSAGE][PASSED] - Text 'usr581' is set on object 'Object Repository/RecAndPlayBk/Page-Vlink-Sale/input_Username_username'

2023-02-08 18:19:04 - [TEST_STEP][PASSED] - setText(findTestObject("Object Repository/RecAndPlayBk/Page-Vlink-Sale/input_Password_password"), password): Text 'pwd581' is set on object 'Object Repository/RecAndPlayBk/Page-Vlink-Sale/input_Password_password'

2023-02-08 18:19:05 - [MESSAGE][PASSED] - Text 'pwd581' is set on object 'Object Repository/RecAndPlayBk/Page-Vlink-Sale/input_Password_password'

2023-02-08 18:19:05 - [TEST_STEP][PASSED] - setText(findTestObject("Object Repository/RecAndPlayBk/Page-Vlink-Sale/input_Category_category"), category): Text 'ECOM' is set on object 'Object Repository/RecAndPlayBk/Page-Vlink-Sale/input_Category_category'

2023-02-08 18:19:06 - [MESSAGE][PASSED] - Text 'ECOM' is set on object 'Object Repository/RecAndPlayBk/Page-Vlink-Sale/input_Category_category'

2023-02-08 18:19:06 - [TEST_STEP][PASSED] - setText(findTestObject("Object Repository/RecAndPlayBk/Page-Vlink-Sale/input_Amount_amount"), amount): Text '10.5' is set on object 'Object Repository/RecAndPlayBk/Page-Vlink-Sale/input_Amount_amount'

2023-02-08 18:19:06 - [MESSAGE][PASSED] - Text '10.5' is set on object 'Object Repository/RecAndPlayBk/Page-Vlink-Sale/input_Amount_amount'

2023-02-08 18:19:06 - [TEST_STEP][PASSED] - doubleClick(findTestObject("Object Repository/RecAndPlayBk/Page-Vlink-Sale/input_Card number_card_number")): Object: 'Object Repository/RecAndPlayBk/Page-Vlink-Sale/input_Card number_card_number' is double clicked on

2023-02-08 18:19:07 - [MESSAGE][PASSED] - Object: 'Object Repository/RecAndPlayBk/Page-Vlink-Sale/input_Card number_card_number' is double clicked on

2023-02-08 18:19:07 - [TEST_STEP][PASSED] - setText(findTestObject("Object Repository/RecAndPlayBk/Page-Vlink-Sale/input_Card number_card_number"), cardNumber): Text '5146312200000035' is set on object 'Object Repository/RecAndPlayBk/Page-Vlink-Sale/input_Card number_card_number'

2023-02-08 18:19:07 - [MESSAGE][PASSED] - Text '5146312200000035' is set on object 'Object Repository/RecAndPlayBk/Page-Vlink-Sale/input_Card number_card_number'

2023-02-08 18:19:07 - [TEST_STEP][PASSED] - setText(findTestObject("Object Repository/RecAndPlayBk/Page-Vlink-Sale/input_Card ex month_card_exmo"), exM): Text '12' is set on object 'Object Repository/RecAndPlayBk/Page-Vlink-Sale/input_Card ex month_card_exmo'

2023-02-08 18:19:08 - [MESSAGE][PASSED] - Text '12' is set on object 'Object Repository/RecAndPlayBk/Page-Vlink-Sale/input_Card ex month_card_exmo'

2023-02-08 18:19:08 - [TEST_STEP][PASSED] - setText(findTestObject("Object Repository/RecAndPlayBk/Page-Vlink-Sale/input_Card ex year_card_exyr"), exY): Text '2029' is set on object 'Object Repository/RecAndPlayBk/Page-Vlink-Sale/input_Card ex year_card_exyr'

2023-02-08 18:19:08 - [MESSAGE][PASSED] - Text '2029' is set on object 'Object Repository/RecAndPlayBk/Page-Vlink-Sale/input_Card ex year_card_exyr'

2023-02-08 18:19:08 - [TEST_STEP][PASSED] - click(findTestObject("Object Repository/RecAndPlayBk/Page-Vlink-Sale/input_Track Data_track_data")): Object: 'Object Repository/RecAndPlayBk/Page-Vlink-Sale/input_Track Data_track_data' is clicked on

2023-02-08 18:19:09 - [MESSAGE][PASSED] - Object: 'Object Repository/RecAndPlayBk/Page-Vlink-Sale/input_Track Data_track_data' is clicked on

2023-02-08 18:19:09 - [TEST_STEP][PASSED] - click(findTestObject("Object Repository/RecAndPlayBk/Page-Vlink-Sale/input_CVV state_cvv_state")): Object: 'Object Repository/RecAndPlayBk/Page-Vlink-Sale/input_CVV state_cvv_state' is clicked on

2023-02-08 18:19:09 - [MESSAGE][PASSED] - Object: 'Object Repository/RecAndPlayBk/Page-Vlink-Sale/input_CVV state_cvv_state' is clicked on

2023-02-08 18:19:09 - [TEST_STEP][PASSED] - setText(findTestObject("Object Repository/RecAndPlayBk/Page-Vlink-Sale/input_Track Data_track_data"), ""): Text '' is set on object 'Object Repository/RecAndPlayBk/Page-Vlink-Sale/input_Track Data_track_data'

2023-02-08 18:19:10 - [MESSAGE][PASSED] - Text '' is set on object 'Object Repository/RecAndPlayBk/Page-Vlink-Sale/input_Track Data_track_data'

2023-02-08 18:19:10 - [TEST_STEP][PASSED] - setText(findTestObject("Object Repository/RecAndPlayBk/Page-Vlink-Sale/input_concat(Cardholder, , s email)_email"), ""): Text '' is set on object 'Object Repository/RecAndPlayBk/Page-Vlink-Sale/input_concat(Cardholder, , s email)_email'

2023-02-08 18:19:10 - [MESSAGE][PASSED] - Text '' is set on object 'Object Repository/RecAndPlayBk/Page-Vlink-Sale/input_concat(Cardholder, , s email)_email'

2023-02-08 18:19:10 - [TEST_STEP][PASSED] - click(findTestObject("Object Repository/RecAndPlayBk/Page-Vlink-Sale/input_user_defined10_user_defined10")): Object: 'Object Repository/RecAndPlayBk/Page-Vlink-Sale/input_user_defined10_user_defined10' is clicked on

2023-02-08 18:19:11 - [MESSAGE][PASSED] - Object: 'Object Repository/RecAndPlayBk/Page-Vlink-Sale/input_user_defined10_user_defined10' is clicked on

2023-02-08 18:19:11 - [TEST_STEP][PASSED] - if (executionProfile.equalsIgnoreCase("QAProfile") || executionProfile.equalsIgnoreCase("DemoProfile")): Text '' is set on object 'Object Repository/RecAndPlayBk/Page-Vlink-Sale/input_COF Transaction Initiated by_cof_tran_6cded5'

2023-02-08 18:19:11 - [TEST_STEP][PASSED] - setText(findTestObject("Object Repository/RecAndPlayBk/Page-Vlink-Sale/input_Card on File Indicator_card_on_file_i_157dae"), ""): Text '' is set on object 'Object Repository/RecAndPlayBk/Page-Vlink-Sale/input_Card on File Indicator_card_on_file_i_157dae'

2023-02-08 18:19:11 - [MESSAGE][PASSED] - Text '' is set on object 'Object Repository/RecAndPlayBk/Page-Vlink-Sale/input_Card on File Indicator_card_on_file_i_157dae'

2023-02-08 18:19:11 - [TEST_STEP][PASSED] - setText(findTestObject("Object Repository/RecAndPlayBk/Page-Vlink-Sale/input_Stored Credential Indicator_stored_cr_4ae73c"), ""): Text '' is set on object 'Object Repository/RecAndPlayBk/Page-Vlink-Sale/input_Stored Credential Indicator_stored_cr_4ae73c'

2023-02-08 18:19:12 - [MESSAGE][PASSED] - Text '' is set on object 'Object Repository/RecAndPlayBk/Page-Vlink-Sale/input_Stored Credential Indicator_stored_cr_4ae73c'

2023-02-08 18:19:12 - [TEST_STEP][PASSED] - setText(findTestObject("Object Repository/RecAndPlayBk/Page-Vlink-Sale/input_COF Scheduled indicator_cof_scheduled_8df7d8"), ""): Text '' is set on object 'Object Repository/RecAndPlayBk/Page-Vlink-Sale/input_COF Scheduled indicator_cof_scheduled_8df7d8'

2023-02-08 18:19:12 - [MESSAGE][PASSED] - Text '' is set on object 'Object Repository/RecAndPlayBk/Page-Vlink-Sale/input_COF Scheduled indicator_cof_scheduled_8df7d8'

2023-02-08 18:19:13 - [TEST_STEP][PASSED] - setText(findTestObject("Object Repository/RecAndPlayBk/Page-Vlink-Sale/input_COF Transaction Initiated by_cof_tran_6cded5"), ""): Text '' is set on object 'Object Repository/RecAndPlayBk/Page-Vlink-Sale/input_COF Transaction Initiated by_cof_tran_6cded5'

2023-02-08 18:19:13 - [MESSAGE][PASSED] - Text '' is set on object 'Object Repository/RecAndPlayBk/Page-Vlink-Sale/input_COF Transaction Initiated by_cof_tran_6cded5'

2023-02-08 18:19:13 - [TEST_STEP][PASSED] - click(findTestObject("Object Repository/RecAndPlayBk/Page-Vlink-Sale/input")): Object: 'Object Repository/RecAndPlayBk/Page-Vlink-Sale/input' is clicked on

2023-02-08 18:19:14 - [MESSAGE][PASSED] - Object: 'Object Repository/RecAndPlayBk/Page-Vlink-Sale/input' is clicked on

2023-02-08 18:19:14 - [TEST_STEP][PASSED] - if (verifyTextPresent("Transaction approved, no errors", true)): null

2023-02-08 18:19:14 - [MESSAGE][PASSED] - Text 'Transaction approved, no errors' is present on page  using regular expression

2023-02-08 18:19:14 - [TEST_STEP][PASSED] - println("Transaction Approved, no errors text is present on the Confirmation page"): null

2023-02-08 18:19:14 - [TEST_STEP][PASSED] - sdfo = getText(findTestObject("Object Repository/Page_VLinkReceipt/pre_STX")): Text of object 'Object Repository/Page_VLinkReceipt/pre_STX' is: '<STX>qilKeIwBye7O                  12125210            0  Transaction approved, no errors                   0                                                                                  Y 000024   <ETX>'

2023-02-08 18:19:15 - [MESSAGE][PASSED] - Text of object 'Object Repository/Page_VLinkReceipt/pre_STX' is: '<STX>qilKeIwBye7O                  12125210            0  Transaction approved, no errors                   0                                                                                  Y 000024   <ETX>'

2023-02-08 18:19:15 - [TEST_STEP][PASSED] - out.println("sdfo: " + sdfo): null

2023-02-08 18:19:15 - [TEST_STEP][PASSED] - remID = substring(5, 35).trim(): null

2023-02-08 18:19:15 - [TEST_STEP][PASSED] - out.println("remID: " + remID): null

2023-02-08 18:19:15 - [TEST_STEP][PASSED] - traxID = substring(35, 55).trim(): null

2023-02-08 18:19:15 - [TEST_STEP][PASSED] - out.println("traxID: " + traxID): null

2023-02-08 18:19:15 - [TEST_STEP][PASSED] - VLinkSaleRemID = remID: null

2023-02-08 18:19:15 - [TEST_STEP][PASSED] - VLinkSaleTranxID = traxID: null

2023-02-08 18:19:15 - [TEST_STEP][PASSED] - openBrowser(VLinkURL + "CC_void.html"): Browser is opened with url: 'https://dev-algorithm.govolution.com/vlinktest/QA/version_2_0/CC_void.html'

2023-02-08 18:19:15 - [MESSAGE][WARNING] - A browser is already opened. Closing browser and opening a new one

2023-02-08 18:19:16 - [MESSAGE][INFO] - Starting 'Chrome' driver

2023-02-08 18:19:16 - [MESSAGE][INFO] - User set preference: ['acceptInsecureCerts', 'true']

2023-02-08 18:19:16 - [MESSAGE][INFO] - Action delay is set to 0 milliseconds

2023-02-08 18:19:17 - [MESSAGE][PASSED] - Browser is opened with url: 'https://dev-algorithm.govolution.com/vlinktest/QA/version_2_0/CC_void.html'

2023-02-08 18:19:17 - [TEST_STEP][PASSED] - maximizeWindow(): Current window maximized

2023-02-08 18:19:18 - [MESSAGE][PASSED] - Current window maximized

2023-02-08 18:19:18 - [TEST_STEP][PASSED] - setText(findTestObject("Object Repository/RecAndPlayBk/Page-Vlink-CC-Void/txt_RemID"), VLinkSaleRemID): Text 'qilKeIwBye7O' is set on object 'Object Repository/RecAndPlayBk/Page-Vlink-CC-Void/txt_RemID'

2023-02-08 18:19:18 - [MESSAGE][PASSED] - Text 'qilKeIwBye7O' is set on object 'Object Repository/RecAndPlayBk/Page-Vlink-CC-Void/txt_RemID'

2023-02-08 18:19:18 - [TEST_STEP][PASSED] - setText(findTestObject("Object Repository/RecAndPlayBk/Page-Vlink-CC-Void/txt_ApplicationID"), appID): Text '581' is set on object 'Object Repository/RecAndPlayBk/Page-Vlink-CC-Void/txt_ApplicationID'

2023-02-08 18:19:19 - [MESSAGE][PASSED] - Text '581' is set on object 'Object Repository/RecAndPlayBk/Page-Vlink-CC-Void/txt_ApplicationID'

2023-02-08 18:19:19 - [TEST_STEP][PASSED] - setText(findTestObject("Object Repository/RecAndPlayBk/Page-Vlink-CC-Void/txt_Username"), username): Text 'usr581' is set on object 'Object Repository/RecAndPlayBk/Page-Vlink-CC-Void/txt_Username'

2023-02-08 18:19:19 - [MESSAGE][PASSED] - Text 'usr581' is set on object 'Object Repository/RecAndPlayBk/Page-Vlink-CC-Void/txt_Username'

2023-02-08 18:19:19 - [TEST_STEP][PASSED] - setText(findTestObject("Object Repository/RecAndPlayBk/Page-Vlink-CC-Void/txt_Password"), password): Text 'pwd581' is set on object 'Object Repository/RecAndPlayBk/Page-Vlink-CC-Void/txt_Password'

2023-02-08 18:19:20 - [MESSAGE][PASSED] - Text 'pwd581' is set on object 'Object Repository/RecAndPlayBk/Page-Vlink-CC-Void/txt_Password'

2023-02-08 18:19:20 - [TEST_STEP][PASSED] - setText(findTestObject("Object Repository/RecAndPlayBk/Page-Vlink-CC-Void/txt_TransactionID"), "-1"): Text '-1' is set on object 'Object Repository/RecAndPlayBk/Page-Vlink-CC-Void/txt_TransactionID'

2023-02-08 18:19:21 - [MESSAGE][PASSED] - Text '-1' is set on object 'Object Repository/RecAndPlayBk/Page-Vlink-CC-Void/txt_TransactionID'

2023-02-08 18:19:21 - [TEST_STEP][PASSED] - setText(findTestObject("Object Repository/RecAndPlayBk/Page-Vlink-CC-Void/txt_OriginalTransactionType"), "104"): Text '104' is set on object 'Object Repository/RecAndPlayBk/Page-Vlink-CC-Void/txt_OriginalTransactionType'

2023-02-08 18:19:21 - [MESSAGE][PASSED] - Text '104' is set on object 'Object Repository/RecAndPlayBk/Page-Vlink-CC-Void/txt_OriginalTransactionType'

2023-02-08 18:19:21 - [TEST_STEP][PASSED] - setText(findTestObject("Object Repository/RecAndPlayBk/Page-Vlink-CC-Void/txt_TrackData"), ""): Text '' is set on object 'Object Repository/RecAndPlayBk/Page-Vlink-CC-Void/txt_TrackData'

2023-02-08 18:19:22 - [MESSAGE][PASSED] - Text '' is set on object 'Object Repository/RecAndPlayBk/Page-Vlink-CC-Void/txt_TrackData'

2023-02-08 18:19:22 - [TEST_STEP][PASSED] - click(findTestObject("Object Repository/RecAndPlayBk/Page-Vlink-CC-Void/btn_ProcessVLinkTransaction")): Object: 'Object Repository/RecAndPlayBk/Page-Vlink-CC-Void/btn_ProcessVLinkTransaction' is clicked on

2023-02-08 18:19:24 - [MESSAGE][PASSED] - Object: 'Object Repository/RecAndPlayBk/Page-Vlink-CC-Void/btn_ProcessVLinkTransaction' is clicked on

2023-02-08 18:19:24 - [TEST_STEP][PASSED] - if (verifyTextPresent("Transaction approved, no errors", true)): null

2023-02-08 18:19:24 - [MESSAGE][PASSED] - Text 'Transaction approved, no errors' is present on page  using regular expression

2023-02-08 18:19:24 - [TEST_STEP][PASSED] - println("Transaction Approved, no errors text is present on the Confirmation page"): null

2023-02-08 18:19:24 - [TEST_STEP][PASSED] - out.println("Pass Record Number: " + row): null

2023-02-08 18:19:24 - [TEST_STEP][PASSED] - resText = "Pass": null

2023-02-08 18:19:24 - [TEST_STEP][PASSED] - pages.WriteExcel.demoKey(resText, datText, resColumn, datCloumn, fileLoc, nameSheet, row): pages.WriteExcel.demoKey is PASSED

2023-02-08 18:19:24 - [MESSAGE][PASSED] - pages.WriteExcel.demoKey is PASSED]]></system-out>
         <system-err><![CDATA[]]></system-err>
      </testcase>
      <testcase name="Test Cases/RecAndPlayBk/VLink/Sale-Credit-Void" time="188.35" classname="Test Cases/RecAndPlayBk/VLink/Sale-Credit-Void" status="PASSED">
         <system-out><![CDATA[2023-02-08 18:19:24 - [TEST_CASE][PASSED] - Test Cases/RecAndPlayBk/VLink/Sale-Credit-Void: Test Cases/RecAndPlayBk/VLink/Sale-Credit-Void

2023-02-08 18:19:25 - [TEST_STEP][PASSED] - executionProfile = getExecutionProfile(): null

2023-02-08 18:19:25 - [TEST_STEP][PASSED] - out.println("executionProfile : " + executionProfile): null

2023-02-08 18:19:25 - [TEST_STEP][PASSED] - appName = <not implemented yet for class: org.codehaus.groovy.ast.expr.EmptyExpression>: null

2023-02-08 18:19:25 - [TEST_STEP][PASSED] - appID = <not implemented yet for class: org.codehaus.groovy.ast.expr.EmptyExpression>: null

2023-02-08 18:19:25 - [TEST_STEP][PASSED] - username = <not implemented yet for class: org.codehaus.groovy.ast.expr.EmptyExpression>: null

2023-02-08 18:19:25 - [TEST_STEP][PASSED] - password = <not implemented yet for class: org.codehaus.groovy.ast.expr.EmptyExpression>: null

2023-02-08 18:19:25 - [TEST_STEP][PASSED] - cardNameV = <not implemented yet for class: org.codehaus.groovy.ast.expr.EmptyExpression>: null

2023-02-08 18:19:25 - [TEST_STEP][PASSED] - al1V = <not implemented yet for class: org.codehaus.groovy.ast.expr.EmptyExpression>: null

2023-02-08 18:19:25 - [TEST_STEP][PASSED] - al2V = <not implemented yet for class: org.codehaus.groovy.ast.expr.EmptyExpression>: null

2023-02-08 18:19:25 - [TEST_STEP][PASSED] - zipV = <not implemented yet for class: org.codehaus.groovy.ast.expr.EmptyExpression>: null

2023-02-08 18:19:25 - [TEST_STEP][PASSED] - cardTypeV = <not implemented yet for class: org.codehaus.groovy.ast.expr.EmptyExpression>: null

2023-02-08 18:19:25 - [TEST_STEP][PASSED] - last4V = <not implemented yet for class: org.codehaus.groovy.ast.expr.EmptyExpression>: null

2023-02-08 18:19:25 - [TEST_STEP][PASSED] - resText = "Fail": null

2023-02-08 18:19:25 - [TEST_STEP][PASSED] - resColumn = "Result": null

2023-02-08 18:19:25 - [TEST_STEP][PASSED] - datCloumn = "Date": null

2023-02-08 18:19:25 - [TEST_STEP][PASSED] - fileLoc = "KatalonData/VLinkSmokeData.xlsx": null

2023-02-08 18:19:25 - [TEST_STEP][PASSED] - numOfRows = <not implemented yet for class: org.codehaus.groovy.ast.expr.EmptyExpression>: null

2023-02-08 18:19:25 - [TEST_STEP][PASSED] - dataFile = <not implemented yet for class: org.codehaus.groovy.ast.expr.EmptyExpression>: null

2023-02-08 18:19:25 - [TEST_STEP][PASSED] - nameSheet = <not implemented yet for class: org.codehaus.groovy.ast.expr.EmptyExpression>: null

2023-02-08 18:19:25 - [TEST_STEP][PASSED] - nameSheet = "Sale-Credit-Void": null

2023-02-08 18:19:25 - [TEST_STEP][PASSED] - numOfRows = findTestData("QA/VLinkTestData/VLinkSaleCreditVoidData").getRowNumbers(): null

2023-02-08 18:19:25 - [TEST_STEP][PASSED] - println("Number of Records: " + numOfRows): null

2023-02-08 18:19:25 - [TEST_STEP][PASSED] - dataFile = "QA/VLinkTestData/VLinkSaleCreditVoidData": null

2023-02-08 18:19:25 - [TEST_STEP][PASSED] - for ([row = 1, row <= numOfRows, (row++)]): null

2023-02-08 18:19:25 - [TEST_STEP][PASSED] - ExecuteTC = findTestData(dataFile).getValue("Execute", row): null

2023-02-08 18:19:25 - [TEST_STEP][PASSED] - out.println("Value of Execute is : " + ExecuteTC): null

2023-02-08 18:19:25 - [TEST_STEP][PASSED] - switch (executionProfile): null

2023-02-08 18:19:25 - [TEST_STEP][PASSED] - case "QAProfile":: null

2023-02-08 18:19:25 - [TEST_STEP][PASSED] - appID = findTestData(dataFile).getValue("AppIDQA", row): null

2023-02-08 18:19:25 - [TEST_STEP][PASSED] - username = findTestData(dataFile).getValue("UsernameQA", row): null

2023-02-08 18:19:25 - [TEST_STEP][PASSED] - password = findTestData(dataFile).getValue("PasswordQA", row): null

2023-02-08 18:19:25 - [TEST_STEP][PASSED] - break: null

2023-02-08 18:19:25 - [TEST_STEP][PASSED] - if (ExecuteTC.equalsIgnoreCase("Y")): null

2023-02-08 18:19:25 - [TEST_STEP][PASSED] - out.println("Begin Record Number: " + row): null

2023-02-08 18:19:25 - [TEST_STEP][PASSED] - today = new java.util.Date(): null

2023-02-08 18:19:25 - [TEST_STEP][PASSED] - println(today): null

2023-02-08 18:19:25 - [TEST_STEP][PASSED] - datText = today: null

2023-02-08 18:19:25 - [TEST_STEP][PASSED] - category = findTestData(dataFile).getValue("Category", row): null

2023-02-08 18:19:25 - [TEST_STEP][PASSED] - amount = findTestData(dataFile).getValue("Amount", row): null

2023-02-08 18:19:25 - [TEST_STEP][PASSED] - cardNumber = findTestData(dataFile).getValue("CardNumber", row): null

2023-02-08 18:19:25 - [TEST_STEP][PASSED] - exM = findTestData(dataFile).getValue("ExM", row): null

2023-02-08 18:19:25 - [TEST_STEP][PASSED] - exY = findTestData(dataFile).getValue("ExY", row): null

2023-02-08 18:19:25 - [TEST_STEP][PASSED] - openBrowser(VLinkURL + "authcap.html"): Browser is opened with url: 'https://dev-algorithm.govolution.com/vlinktest/QA/version_2_0/authcap.html'

2023-02-08 18:19:25 - [MESSAGE][WARNING] - A browser is already opened. Closing browser and opening a new one

2023-02-08 18:19:26 - [MESSAGE][INFO] - Starting 'Chrome' driver

2023-02-08 18:19:26 - [MESSAGE][INFO] - User set preference: ['acceptInsecureCerts', 'true']

2023-02-08 18:19:26 - [MESSAGE][INFO] - Action delay is set to 0 milliseconds

2023-02-08 18:19:28 - [MESSAGE][PASSED] - Browser is opened with url: 'https://dev-algorithm.govolution.com/vlinktest/QA/version_2_0/authcap.html'

2023-02-08 18:19:28 - [TEST_STEP][PASSED] - maximizeWindow(): Current window maximized

2023-02-08 18:19:28 - [MESSAGE][PASSED] - Current window maximized

2023-02-08 18:19:28 - [TEST_STEP][PASSED] - maximizeWindow(): Current window maximized

2023-02-08 18:19:28 - [MESSAGE][PASSED] - Current window maximized

2023-02-08 18:19:28 - [TEST_STEP][PASSED] - genRemID = RandomStringUtils.random(12, true, true): null

2023-02-08 18:19:28 - [TEST_STEP][PASSED] - setText(findTestObject("Object Repository/RecAndPlayBk/Page-Vlink-Sale/input_Remittance Id_remittance_id"), genRemID): Text 'MUKFdzN1J8DN' is set on object 'Object Repository/RecAndPlayBk/Page-Vlink-Sale/input_Remittance Id_remittance_id'

2023-02-08 18:19:29 - [MESSAGE][PASSED] - Text 'MUKFdzN1J8DN' is set on object 'Object Repository/RecAndPlayBk/Page-Vlink-Sale/input_Remittance Id_remittance_id'

2023-02-08 18:19:29 - [TEST_STEP][PASSED] - setText(findTestObject("Object Repository/RecAndPlayBk/Page-Vlink-Sale/input_Application Id_application_id"), appID): Text '234' is set on object 'Object Repository/RecAndPlayBk/Page-Vlink-Sale/input_Application Id_application_id'

2023-02-08 18:19:30 - [MESSAGE][PASSED] - Text '234' is set on object 'Object Repository/RecAndPlayBk/Page-Vlink-Sale/input_Application Id_application_id'

2023-02-08 18:19:30 - [TEST_STEP][PASSED] - setText(findTestObject("Object Repository/RecAndPlayBk/Page-Vlink-Sale/input_Username_username"), username): Text 'username' is set on object 'Object Repository/RecAndPlayBk/Page-Vlink-Sale/input_Username_username'

2023-02-08 18:19:30 - [MESSAGE][PASSED] - Text 'username' is set on object 'Object Repository/RecAndPlayBk/Page-Vlink-Sale/input_Username_username'

2023-02-08 18:19:30 - [TEST_STEP][PASSED] - setText(findTestObject("Object Repository/RecAndPlayBk/Page-Vlink-Sale/input_Password_password"), password): Text 'password' is set on object 'Object Repository/RecAndPlayBk/Page-Vlink-Sale/input_Password_password'

2023-02-08 18:19:31 - [MESSAGE][PASSED] - Text 'password' is set on object 'Object Repository/RecAndPlayBk/Page-Vlink-Sale/input_Password_password'

2023-02-08 18:19:31 - [TEST_STEP][PASSED] - setText(findTestObject("Object Repository/RecAndPlayBk/Page-Vlink-Sale/input_Category_category"), category): Text 'ECOM' is set on object 'Object Repository/RecAndPlayBk/Page-Vlink-Sale/input_Category_category'

2023-02-08 18:19:32 - [MESSAGE][PASSED] - Text 'ECOM' is set on object 'Object Repository/RecAndPlayBk/Page-Vlink-Sale/input_Category_category'

2023-02-08 18:19:32 - [TEST_STEP][PASSED] - setText(findTestObject("Object Repository/RecAndPlayBk/Page-Vlink-Sale/input_Amount_amount"), amount): Text '10.5' is set on object 'Object Repository/RecAndPlayBk/Page-Vlink-Sale/input_Amount_amount'

2023-02-08 18:19:32 - [MESSAGE][PASSED] - Text '10.5' is set on object 'Object Repository/RecAndPlayBk/Page-Vlink-Sale/input_Amount_amount'

2023-02-08 18:19:32 - [TEST_STEP][PASSED] - doubleClick(findTestObject("Object Repository/RecAndPlayBk/Page-Vlink-Sale/input_Card number_card_number")): Object: 'Object Repository/RecAndPlayBk/Page-Vlink-Sale/input_Card number_card_number' is double clicked on

2023-02-08 18:19:33 - [MESSAGE][PASSED] - Object: 'Object Repository/RecAndPlayBk/Page-Vlink-Sale/input_Card number_card_number' is double clicked on

2023-02-08 18:19:33 - [TEST_STEP][PASSED] - setText(findTestObject("Object Repository/RecAndPlayBk/Page-Vlink-Sale/input_Card number_card_number"), cardNumber): Text '4111111111111111' is set on object 'Object Repository/RecAndPlayBk/Page-Vlink-Sale/input_Card number_card_number'

2023-02-08 18:19:33 - [MESSAGE][PASSED] - Text '4111111111111111' is set on object 'Object Repository/RecAndPlayBk/Page-Vlink-Sale/input_Card number_card_number'

2023-02-08 18:19:33 - [TEST_STEP][PASSED] - setText(findTestObject("Object Repository/RecAndPlayBk/Page-Vlink-Sale/input_Card ex month_card_exmo"), exM): Text '12' is set on object 'Object Repository/RecAndPlayBk/Page-Vlink-Sale/input_Card ex month_card_exmo'

2023-02-08 18:19:34 - [MESSAGE][PASSED] - Text '12' is set on object 'Object Repository/RecAndPlayBk/Page-Vlink-Sale/input_Card ex month_card_exmo'

2023-02-08 18:19:34 - [TEST_STEP][PASSED] - setText(findTestObject("Object Repository/RecAndPlayBk/Page-Vlink-Sale/input_Card ex year_card_exyr"), exY): Text '2029' is set on object 'Object Repository/RecAndPlayBk/Page-Vlink-Sale/input_Card ex year_card_exyr'

2023-02-08 18:19:35 - [MESSAGE][PASSED] - Text '2029' is set on object 'Object Repository/RecAndPlayBk/Page-Vlink-Sale/input_Card ex year_card_exyr'

2023-02-08 18:19:35 - [TEST_STEP][PASSED] - click(findTestObject("Object Repository/RecAndPlayBk/Page-Vlink-Sale/input_Track Data_track_data")): Object: 'Object Repository/RecAndPlayBk/Page-Vlink-Sale/input_Track Data_track_data' is clicked on

2023-02-08 18:19:35 - [MESSAGE][PASSED] - Object: 'Object Repository/RecAndPlayBk/Page-Vlink-Sale/input_Track Data_track_data' is clicked on

2023-02-08 18:19:35 - [TEST_STEP][PASSED] - click(findTestObject("Object Repository/RecAndPlayBk/Page-Vlink-Sale/input_CVV state_cvv_state")): Object: 'Object Repository/RecAndPlayBk/Page-Vlink-Sale/input_CVV state_cvv_state' is clicked on

2023-02-08 18:19:35 - [MESSAGE][PASSED] - Object: 'Object Repository/RecAndPlayBk/Page-Vlink-Sale/input_CVV state_cvv_state' is clicked on

2023-02-08 18:19:35 - [TEST_STEP][PASSED] - setText(findTestObject("Object Repository/RecAndPlayBk/Page-Vlink-Sale/input_Track Data_track_data"), ""): Text '' is set on object 'Object Repository/RecAndPlayBk/Page-Vlink-Sale/input_Track Data_track_data'

2023-02-08 18:19:36 - [MESSAGE][PASSED] - Text '' is set on object 'Object Repository/RecAndPlayBk/Page-Vlink-Sale/input_Track Data_track_data'

2023-02-08 18:19:36 - [TEST_STEP][PASSED] - setText(findTestObject("Object Repository/RecAndPlayBk/Page-Vlink-Sale/input_concat(Cardholder, , s email)_email"), ""): Text '' is set on object 'Object Repository/RecAndPlayBk/Page-Vlink-Sale/input_concat(Cardholder, , s email)_email'

2023-02-08 18:19:36 - [MESSAGE][PASSED] - Text '' is set on object 'Object Repository/RecAndPlayBk/Page-Vlink-Sale/input_concat(Cardholder, , s email)_email'

2023-02-08 18:19:36 - [TEST_STEP][PASSED] - click(findTestObject("Object Repository/RecAndPlayBk/Page-Vlink-Sale/input_user_defined10_user_defined10")): Object: 'Object Repository/RecAndPlayBk/Page-Vlink-Sale/input_user_defined10_user_defined10' is clicked on

2023-02-08 18:19:37 - [MESSAGE][PASSED] - Object: 'Object Repository/RecAndPlayBk/Page-Vlink-Sale/input_user_defined10_user_defined10' is clicked on

2023-02-08 18:19:37 - [TEST_STEP][PASSED] - if (executionProfile.equalsIgnoreCase("QAProfile") || executionProfile.equalsIgnoreCase("DemoProfile")): Text '' is set on object 'Object Repository/RecAndPlayBk/Page-Vlink-Sale/input_COF Transaction Initiated by_cof_tran_6cded5'

2023-02-08 18:19:37 - [TEST_STEP][PASSED] - setText(findTestObject("Object Repository/RecAndPlayBk/Page-Vlink-Sale/input_Card on File Indicator_card_on_file_i_157dae"), ""): Text '' is set on object 'Object Repository/RecAndPlayBk/Page-Vlink-Sale/input_Card on File Indicator_card_on_file_i_157dae'

2023-02-08 18:19:37 - [MESSAGE][PASSED] - Text '' is set on object 'Object Repository/RecAndPlayBk/Page-Vlink-Sale/input_Card on File Indicator_card_on_file_i_157dae'

2023-02-08 18:19:37 - [TEST_STEP][PASSED] - setText(findTestObject("Object Repository/RecAndPlayBk/Page-Vlink-Sale/input_Stored Credential Indicator_stored_cr_4ae73c"), ""): Text '' is set on object 'Object Repository/RecAndPlayBk/Page-Vlink-Sale/input_Stored Credential Indicator_stored_cr_4ae73c'

2023-02-08 18:19:38 - [MESSAGE][PASSED] - Text '' is set on object 'Object Repository/RecAndPlayBk/Page-Vlink-Sale/input_Stored Credential Indicator_stored_cr_4ae73c'

2023-02-08 18:19:38 - [TEST_STEP][PASSED] - setText(findTestObject("Object Repository/RecAndPlayBk/Page-Vlink-Sale/input_COF Scheduled indicator_cof_scheduled_8df7d8"), ""): Text '' is set on object 'Object Repository/RecAndPlayBk/Page-Vlink-Sale/input_COF Scheduled indicator_cof_scheduled_8df7d8'

2023-02-08 18:19:39 - [MESSAGE][PASSED] - Text '' is set on object 'Object Repository/RecAndPlayBk/Page-Vlink-Sale/input_COF Scheduled indicator_cof_scheduled_8df7d8'

2023-02-08 18:19:39 - [TEST_STEP][PASSED] - setText(findTestObject("Object Repository/RecAndPlayBk/Page-Vlink-Sale/input_COF Transaction Initiated by_cof_tran_6cded5"), ""): Text '' is set on object 'Object Repository/RecAndPlayBk/Page-Vlink-Sale/input_COF Transaction Initiated by_cof_tran_6cded5'

2023-02-08 18:19:39 - [MESSAGE][PASSED] - Text '' is set on object 'Object Repository/RecAndPlayBk/Page-Vlink-Sale/input_COF Transaction Initiated by_cof_tran_6cded5'

2023-02-08 18:19:39 - [TEST_STEP][PASSED] - click(findTestObject("Object Repository/RecAndPlayBk/Page-Vlink-Sale/input")): Object: 'Object Repository/RecAndPlayBk/Page-Vlink-Sale/input' is clicked on

2023-02-08 18:19:40 - [MESSAGE][PASSED] - Object: 'Object Repository/RecAndPlayBk/Page-Vlink-Sale/input' is clicked on

2023-02-08 18:19:40 - [TEST_STEP][PASSED] - if (verifyTextPresent("Transaction approved, no errors", true)): null

2023-02-08 18:19:40 - [MESSAGE][PASSED] - Text 'Transaction approved, no errors' is present on page  using regular expression

2023-02-08 18:19:40 - [TEST_STEP][PASSED] - println("Transaction Approved, no errors text is present on the Confirmation page"): null

2023-02-08 18:19:40 - [TEST_STEP][PASSED] - sdfo = getText(findTestObject("Object Repository/Page_VLinkReceipt/pre_STX")): Text of object 'Object Repository/Page_VLinkReceipt/pre_STX' is: '<STX>MUKFdzN1J8DN                  12125212            0  Transaction approved, no errors                   0                                                                                  Y 729722024<ETX>'

2023-02-08 18:19:41 - [MESSAGE][PASSED] - Text of object 'Object Repository/Page_VLinkReceipt/pre_STX' is: '<STX>MUKFdzN1J8DN                  12125212            0  Transaction approved, no errors                   0                                                                                  Y 729722024<ETX>'

2023-02-08 18:19:41 - [TEST_STEP][PASSED] - out.println("sdfo: " + sdfo): null

2023-02-08 18:19:41 - [TEST_STEP][PASSED] - remID = substring(5, 35).trim(): null

2023-02-08 18:19:41 - [TEST_STEP][PASSED] - out.println("remID: " + remID): null

2023-02-08 18:19:41 - [TEST_STEP][PASSED] - traxID = substring(35, 55).trim(): null

2023-02-08 18:19:41 - [TEST_STEP][PASSED] - out.println("traxID: " + traxID): null

2023-02-08 18:19:41 - [TEST_STEP][PASSED] - VLinkSaleRemID = remID: null

2023-02-08 18:19:41 - [TEST_STEP][PASSED] - VLinkSaleTranxID = traxID: null

2023-02-08 18:19:41 - [TEST_STEP][PASSED] - openBrowser(VLinkURL + "CC_credit.html"): Browser is opened with url: 'https://dev-algorithm.govolution.com/vlinktest/QA/version_2_0/CC_credit.html'

2023-02-08 18:19:41 - [MESSAGE][WARNING] - A browser is already opened. Closing browser and opening a new one

2023-02-08 18:19:42 - [MESSAGE][INFO] - Starting 'Chrome' driver

2023-02-08 18:19:42 - [MESSAGE][INFO] - User set preference: ['acceptInsecureCerts', 'true']

2023-02-08 18:19:42 - [MESSAGE][INFO] - Action delay is set to 0 milliseconds

2023-02-08 18:19:43 - [MESSAGE][PASSED] - Browser is opened with url: 'https://dev-algorithm.govolution.com/vlinktest/QA/version_2_0/CC_credit.html'

2023-02-08 18:19:43 - [TEST_STEP][PASSED] - maximizeWindow(): Current window maximized

2023-02-08 18:19:44 - [MESSAGE][PASSED] - Current window maximized

2023-02-08 18:19:44 - [TEST_STEP][PASSED] - setText(findTestObject("Object Repository/RecAndPlayBk/Page-Vlink-CC-Credit/input_Remittance Id"), VLinkSaleRemID): Text 'MUKFdzN1J8DN' is set on object 'Object Repository/RecAndPlayBk/Page-Vlink-CC-Credit/input_Remittance Id'

2023-02-08 18:19:44 - [MESSAGE][PASSED] - Text 'MUKFdzN1J8DN' is set on object 'Object Repository/RecAndPlayBk/Page-Vlink-CC-Credit/input_Remittance Id'

2023-02-08 18:19:44 - [TEST_STEP][PASSED] - setText(findTestObject("Object Repository/RecAndPlayBk/Page-Vlink-CC-Credit/input_Application Id"), appID): Text '234' is set on object 'Object Repository/RecAndPlayBk/Page-Vlink-CC-Credit/input_Application Id'

2023-02-08 18:19:45 - [MESSAGE][PASSED] - Text '234' is set on object 'Object Repository/RecAndPlayBk/Page-Vlink-CC-Credit/input_Application Id'

2023-02-08 18:19:45 - [TEST_STEP][PASSED] - setText(findTestObject("Object Repository/RecAndPlayBk/Page-Vlink-CC-Credit/input_Username"), username): Text 'username' is set on object 'Object Repository/RecAndPlayBk/Page-Vlink-CC-Credit/input_Username'

2023-02-08 18:19:45 - [MESSAGE][PASSED] - Text 'username' is set on object 'Object Repository/RecAndPlayBk/Page-Vlink-CC-Credit/input_Username'

2023-02-08 18:19:45 - [TEST_STEP][PASSED] - setText(findTestObject("Object Repository/RecAndPlayBk/Page-Vlink-CC-Credit/input_Password"), password): Text 'password' is set on object 'Object Repository/RecAndPlayBk/Page-Vlink-CC-Credit/input_Password'

2023-02-08 18:19:46 - [MESSAGE][PASSED] - Text 'password' is set on object 'Object Repository/RecAndPlayBk/Page-Vlink-CC-Credit/input_Password'

2023-02-08 18:19:46 - [TEST_STEP][PASSED] - setText(findTestObject("Object Repository/RecAndPlayBk/Page-Vlink-CC-Credit/input_Transaction ID"), VLinkSaleTranxID): Text '12125212' is set on object 'Object Repository/RecAndPlayBk/Page-Vlink-CC-Credit/input_Transaction ID'

2023-02-08 18:19:47 - [MESSAGE][PASSED] - Text '12125212' is set on object 'Object Repository/RecAndPlayBk/Page-Vlink-CC-Credit/input_Transaction ID'

2023-02-08 18:19:47 - [TEST_STEP][PASSED] - setText(findTestObject("Object Repository/RecAndPlayBk/Page-Vlink-CC-Credit/input_Amount"), amount): Text '10.5' is set on object 'Object Repository/RecAndPlayBk/Page-Vlink-CC-Credit/input_Amount'

2023-02-08 18:19:47 - [MESSAGE][PASSED] - Text '10.5' is set on object 'Object Repository/RecAndPlayBk/Page-Vlink-CC-Credit/input_Amount'

2023-02-08 18:19:47 - [TEST_STEP][PASSED] - setText(findTestObject("Object Repository/RecAndPlayBk/Page-Vlink-CC-Credit/input_Card number"), ""): Text '' is set on object 'Object Repository/RecAndPlayBk/Page-Vlink-CC-Credit/input_Card number'

2023-02-08 18:19:48 - [MESSAGE][PASSED] - Text '' is set on object 'Object Repository/RecAndPlayBk/Page-Vlink-CC-Credit/input_Card number'

2023-02-08 18:19:48 - [TEST_STEP][PASSED] - setText(findTestObject("Object Repository/RecAndPlayBk/Page-Vlink-CC-Credit/input_Card ex month"), ""): Text '' is set on object 'Object Repository/RecAndPlayBk/Page-Vlink-CC-Credit/input_Card ex month'

2023-02-08 18:19:48 - [MESSAGE][PASSED] - Text '' is set on object 'Object Repository/RecAndPlayBk/Page-Vlink-CC-Credit/input_Card ex month'

2023-02-08 18:19:48 - [TEST_STEP][PASSED] - setText(findTestObject("Object Repository/RecAndPlayBk/Page-Vlink-CC-Credit/input_Card ex year"), ""): Text '' is set on object 'Object Repository/RecAndPlayBk/Page-Vlink-CC-Credit/input_Card ex year'

2023-02-08 18:19:49 - [MESSAGE][PASSED] - Text '' is set on object 'Object Repository/RecAndPlayBk/Page-Vlink-CC-Credit/input_Card ex year'

2023-02-08 18:19:49 - [TEST_STEP][PASSED] - setText(findTestObject("Object Repository/RecAndPlayBk/Page-Vlink-CC-Credit/input_Track Data"), ""): Text '' is set on object 'Object Repository/RecAndPlayBk/Page-Vlink-CC-Credit/input_Track Data'

2023-02-08 18:19:50 - [MESSAGE][PASSED] - Text '' is set on object 'Object Repository/RecAndPlayBk/Page-Vlink-CC-Credit/input_Track Data'

2023-02-08 18:19:50 - [TEST_STEP][PASSED] - setText(findTestObject("Object Repository/RecAndPlayBk/Page-Vlink-CC-Credit/input_Category Code"), category): Text 'ECOM' is set on object 'Object Repository/RecAndPlayBk/Page-Vlink-CC-Credit/input_Category Code'

2023-02-08 18:19:50 - [MESSAGE][PASSED] - Text 'ECOM' is set on object 'Object Repository/RecAndPlayBk/Page-Vlink-CC-Credit/input_Category Code'

2023-02-08 18:19:50 - [TEST_STEP][PASSED] - click(findTestObject("Object Repository/RecAndPlayBk/Page-Vlink-CC-Credit/input")): Object: 'Object Repository/RecAndPlayBk/Page-Vlink-CC-Credit/input' is clicked on

2023-02-08 18:19:52 - [MESSAGE][PASSED] - Object: 'Object Repository/RecAndPlayBk/Page-Vlink-CC-Credit/input' is clicked on

2023-02-08 18:19:52 - [TEST_STEP][PASSED] - if (verifyTextPresent("Transaction approved, no errors", true)): null

2023-02-08 18:19:52 - [MESSAGE][PASSED] - Text 'Transaction approved, no errors' is present on page  using regular expression

2023-02-08 18:19:52 - [TEST_STEP][PASSED] - sdfo = getText(findTestObject("Object Repository/Page_VLinkReceipt/pre_STX")): Text of object 'Object Repository/Page_VLinkReceipt/pre_STX' is: '<STX>MUKFdzN1J8DN                  12125213            0  Transaction approved, no errors                   0                                                                                             <ETX>'

2023-02-08 18:19:52 - [MESSAGE][PASSED] - Text of object 'Object Repository/Page_VLinkReceipt/pre_STX' is: '<STX>MUKFdzN1J8DN                  12125213            0  Transaction approved, no errors                   0                                                                                             <ETX>'

2023-02-08 18:19:52 - [TEST_STEP][PASSED] - out.println("sdfo: " + sdfo): null

2023-02-08 18:19:52 - [TEST_STEP][PASSED] - remID = substring(5, 35).trim(): null

2023-02-08 18:19:52 - [TEST_STEP][PASSED] - out.println("remID: " + remID): null

2023-02-08 18:19:52 - [TEST_STEP][PASSED] - traxID = substring(35, 55).trim(): null

2023-02-08 18:19:52 - [TEST_STEP][PASSED] - out.println("traxID: " + traxID): null

2023-02-08 18:19:52 - [TEST_STEP][PASSED] - VLinkSaleRemID = remID: null

2023-02-08 18:19:52 - [TEST_STEP][PASSED] - VLinkSaleTranxID = traxID: null

2023-02-08 18:19:52 - [TEST_STEP][PASSED] - openBrowser(VLinkURL + "CC_void.html"): Browser is opened with url: 'https://dev-algorithm.govolution.com/vlinktest/QA/version_2_0/CC_void.html'

2023-02-08 18:19:52 - [MESSAGE][WARNING] - A browser is already opened. Closing browser and opening a new one

2023-02-08 18:19:53 - [MESSAGE][INFO] - Starting 'Chrome' driver

2023-02-08 18:19:53 - [MESSAGE][INFO] - User set preference: ['acceptInsecureCerts', 'true']

2023-02-08 18:19:53 - [MESSAGE][INFO] - Action delay is set to 0 milliseconds

2023-02-08 18:19:55 - [MESSAGE][PASSED] - Browser is opened with url: 'https://dev-algorithm.govolution.com/vlinktest/QA/version_2_0/CC_void.html'

2023-02-08 18:19:55 - [TEST_STEP][PASSED] - maximizeWindow(): Current window maximized

2023-02-08 18:19:55 - [MESSAGE][PASSED] - Current window maximized

2023-02-08 18:19:55 - [TEST_STEP][PASSED] - setText(findTestObject("Object Repository/RecAndPlayBk/Page-Vlink-CC-Void/txt_RemID"), VLinkSaleRemID): Text 'MUKFdzN1J8DN' is set on object 'Object Repository/RecAndPlayBk/Page-Vlink-CC-Void/txt_RemID'

2023-02-08 18:19:56 - [MESSAGE][PASSED] - Text 'MUKFdzN1J8DN' is set on object 'Object Repository/RecAndPlayBk/Page-Vlink-CC-Void/txt_RemID'

2023-02-08 18:19:56 - [TEST_STEP][PASSED] - setText(findTestObject("Object Repository/RecAndPlayBk/Page-Vlink-CC-Void/txt_ApplicationID"), appID): Text '234' is set on object 'Object Repository/RecAndPlayBk/Page-Vlink-CC-Void/txt_ApplicationID'

2023-02-08 18:19:56 - [MESSAGE][PASSED] - Text '234' is set on object 'Object Repository/RecAndPlayBk/Page-Vlink-CC-Void/txt_ApplicationID'

2023-02-08 18:19:56 - [TEST_STEP][PASSED] - setText(findTestObject("Object Repository/RecAndPlayBk/Page-Vlink-CC-Void/txt_Username"), username): Text 'username' is set on object 'Object Repository/RecAndPlayBk/Page-Vlink-CC-Void/txt_Username'

2023-02-08 18:19:57 - [MESSAGE][PASSED] - Text 'username' is set on object 'Object Repository/RecAndPlayBk/Page-Vlink-CC-Void/txt_Username'

2023-02-08 18:19:57 - [TEST_STEP][PASSED] - setText(findTestObject("Object Repository/RecAndPlayBk/Page-Vlink-CC-Void/txt_Password"), password): Text 'password' is set on object 'Object Repository/RecAndPlayBk/Page-Vlink-CC-Void/txt_Password'

2023-02-08 18:19:57 - [MESSAGE][PASSED] - Text 'password' is set on object 'Object Repository/RecAndPlayBk/Page-Vlink-CC-Void/txt_Password'

2023-02-08 18:19:57 - [TEST_STEP][PASSED] - setText(findTestObject("Object Repository/RecAndPlayBk/Page-Vlink-CC-Void/txt_TransactionID"), VLinkSaleTranxID): Text '12125213' is set on object 'Object Repository/RecAndPlayBk/Page-Vlink-CC-Void/txt_TransactionID'

2023-02-08 18:19:58 - [MESSAGE][PASSED] - Text '12125213' is set on object 'Object Repository/RecAndPlayBk/Page-Vlink-CC-Void/txt_TransactionID'

2023-02-08 18:19:58 - [TEST_STEP][PASSED] - setText(findTestObject("Object Repository/RecAndPlayBk/Page-Vlink-CC-Void/txt_OriginalTransactionType"), "104"): Text '104' is set on object 'Object Repository/RecAndPlayBk/Page-Vlink-CC-Void/txt_OriginalTransactionType'

2023-02-08 18:19:59 - [MESSAGE][PASSED] - Text '104' is set on object 'Object Repository/RecAndPlayBk/Page-Vlink-CC-Void/txt_OriginalTransactionType'

2023-02-08 18:19:59 - [TEST_STEP][PASSED] - setText(findTestObject("Object Repository/RecAndPlayBk/Page-Vlink-CC-Void/txt_TrackData"), ""): Text '' is set on object 'Object Repository/RecAndPlayBk/Page-Vlink-CC-Void/txt_TrackData'

2023-02-08 18:19:59 - [MESSAGE][PASSED] - Text '' is set on object 'Object Repository/RecAndPlayBk/Page-Vlink-CC-Void/txt_TrackData'

2023-02-08 18:19:59 - [TEST_STEP][PASSED] - click(findTestObject("Object Repository/RecAndPlayBk/Page-Vlink-CC-Void/btn_ProcessVLinkTransaction")): Object: 'Object Repository/RecAndPlayBk/Page-Vlink-CC-Void/btn_ProcessVLinkTransaction' is clicked on

2023-02-08 18:20:01 - [MESSAGE][PASSED] - Object: 'Object Repository/RecAndPlayBk/Page-Vlink-CC-Void/btn_ProcessVLinkTransaction' is clicked on

2023-02-08 18:20:01 - [TEST_STEP][PASSED] - if (verifyTextPresent("Transaction approved, no errors", true)): null

2023-02-08 18:20:01 - [MESSAGE][PASSED] - Text 'Transaction approved, no errors' is present on page  using regular expression

2023-02-08 18:20:01 - [TEST_STEP][PASSED] - println("Transaction Approved, no errors text is present on the Confirmation page"): null

2023-02-08 18:20:01 - [TEST_STEP][PASSED] - out.println("Pass Record Number: " + row): null

2023-02-08 18:20:01 - [TEST_STEP][PASSED] - resText = "Pass": null

2023-02-08 18:20:01 - [TEST_STEP][PASSED] - pages.WriteExcel.demoKey(resText, datText, resColumn, datCloumn, fileLoc, nameSheet, row): pages.WriteExcel.demoKey is PASSED

2023-02-08 18:20:01 - [MESSAGE][PASSED] - pages.WriteExcel.demoKey is PASSED

2023-02-08 18:20:01 - [TEST_STEP][PASSED] - ExecuteTC = findTestData(dataFile).getValue("Execute", row): null

2023-02-08 18:20:01 - [TEST_STEP][PASSED] - out.println("Value of Execute is : " + ExecuteTC): null

2023-02-08 18:20:01 - [TEST_STEP][PASSED] - switch (executionProfile): null

2023-02-08 18:20:01 - [TEST_STEP][PASSED] - case "QAProfile":: null

2023-02-08 18:20:01 - [TEST_STEP][PASSED] - appID = findTestData(dataFile).getValue("AppIDQA", row): null

2023-02-08 18:20:01 - [TEST_STEP][PASSED] - username = findTestData(dataFile).getValue("UsernameQA", row): null

2023-02-08 18:20:01 - [TEST_STEP][PASSED] - password = findTestData(dataFile).getValue("PasswordQA", row): null

2023-02-08 18:20:01 - [TEST_STEP][PASSED] - break: null

2023-02-08 18:20:01 - [TEST_STEP][PASSED] - if (ExecuteTC.equalsIgnoreCase("Y")): null

2023-02-08 18:20:01 - [TEST_STEP][PASSED] - out.println("Begin Record Number: " + row): null

2023-02-08 18:20:01 - [TEST_STEP][PASSED] - today = new java.util.Date(): null

2023-02-08 18:20:01 - [TEST_STEP][PASSED] - println(today): null

2023-02-08 18:20:01 - [TEST_STEP][PASSED] - datText = today: null

2023-02-08 18:20:01 - [TEST_STEP][PASSED] - category = findTestData(dataFile).getValue("Category", row): null

2023-02-08 18:20:02 - [TEST_STEP][PASSED] - amount = findTestData(dataFile).getValue("Amount", row): null

2023-02-08 18:20:02 - [TEST_STEP][PASSED] - cardNumber = findTestData(dataFile).getValue("CardNumber", row): null

2023-02-08 18:20:02 - [TEST_STEP][PASSED] - exM = findTestData(dataFile).getValue("ExM", row): null

2023-02-08 18:20:02 - [TEST_STEP][PASSED] - exY = findTestData(dataFile).getValue("ExY", row): null

2023-02-08 18:20:02 - [TEST_STEP][PASSED] - openBrowser(VLinkURL + "authcap.html"): Browser is opened with url: 'https://dev-algorithm.govolution.com/vlinktest/QA/version_2_0/authcap.html'

2023-02-08 18:20:02 - [MESSAGE][WARNING] - A browser is already opened. Closing browser and opening a new one

2023-02-08 18:20:04 - [MESSAGE][INFO] - Starting 'Chrome' driver

2023-02-08 18:20:04 - [MESSAGE][INFO] - User set preference: ['acceptInsecureCerts', 'true']

2023-02-08 18:20:04 - [MESSAGE][INFO] - Action delay is set to 0 milliseconds

2023-02-08 18:20:05 - [MESSAGE][PASSED] - Browser is opened with url: 'https://dev-algorithm.govolution.com/vlinktest/QA/version_2_0/authcap.html'

2023-02-08 18:20:05 - [TEST_STEP][PASSED] - maximizeWindow(): Current window maximized

2023-02-08 18:20:05 - [MESSAGE][PASSED] - Current window maximized

2023-02-08 18:20:05 - [TEST_STEP][PASSED] - maximizeWindow(): Current window maximized

2023-02-08 18:20:05 - [MESSAGE][PASSED] - Current window maximized

2023-02-08 18:20:05 - [TEST_STEP][PASSED] - genRemID = RandomStringUtils.random(12, true, true): null

2023-02-08 18:20:05 - [TEST_STEP][PASSED] - setText(findTestObject("Object Repository/RecAndPlayBk/Page-Vlink-Sale/input_Remittance Id_remittance_id"), genRemID): Text '2Imq5lCBFFRV' is set on object 'Object Repository/RecAndPlayBk/Page-Vlink-Sale/input_Remittance Id_remittance_id'

2023-02-08 18:20:06 - [MESSAGE][PASSED] - Text '2Imq5lCBFFRV' is set on object 'Object Repository/RecAndPlayBk/Page-Vlink-Sale/input_Remittance Id_remittance_id'

2023-02-08 18:20:06 - [TEST_STEP][PASSED] - setText(findTestObject("Object Repository/RecAndPlayBk/Page-Vlink-Sale/input_Application Id_application_id"), appID): Text '234' is set on object 'Object Repository/RecAndPlayBk/Page-Vlink-Sale/input_Application Id_application_id'

2023-02-08 18:20:07 - [MESSAGE][PASSED] - Text '234' is set on object 'Object Repository/RecAndPlayBk/Page-Vlink-Sale/input_Application Id_application_id'

2023-02-08 18:20:07 - [TEST_STEP][PASSED] - setText(findTestObject("Object Repository/RecAndPlayBk/Page-Vlink-Sale/input_Username_username"), username): Text 'username' is set on object 'Object Repository/RecAndPlayBk/Page-Vlink-Sale/input_Username_username'

2023-02-08 18:20:08 - [MESSAGE][PASSED] - Text 'username' is set on object 'Object Repository/RecAndPlayBk/Page-Vlink-Sale/input_Username_username'

2023-02-08 18:20:08 - [TEST_STEP][PASSED] - setText(findTestObject("Object Repository/RecAndPlayBk/Page-Vlink-Sale/input_Password_password"), password): Text 'password' is set on object 'Object Repository/RecAndPlayBk/Page-Vlink-Sale/input_Password_password'

2023-02-08 18:20:08 - [MESSAGE][PASSED] - Text 'password' is set on object 'Object Repository/RecAndPlayBk/Page-Vlink-Sale/input_Password_password'

2023-02-08 18:20:08 - [TEST_STEP][PASSED] - setText(findTestObject("Object Repository/RecAndPlayBk/Page-Vlink-Sale/input_Category_category"), category): Text 'MOTO' is set on object 'Object Repository/RecAndPlayBk/Page-Vlink-Sale/input_Category_category'

2023-02-08 18:20:09 - [MESSAGE][PASSED] - Text 'MOTO' is set on object 'Object Repository/RecAndPlayBk/Page-Vlink-Sale/input_Category_category'

2023-02-08 18:20:09 - [TEST_STEP][PASSED] - setText(findTestObject("Object Repository/RecAndPlayBk/Page-Vlink-Sale/input_Amount_amount"), amount): Text '10.5' is set on object 'Object Repository/RecAndPlayBk/Page-Vlink-Sale/input_Amount_amount'

2023-02-08 18:20:09 - [MESSAGE][PASSED] - Text '10.5' is set on object 'Object Repository/RecAndPlayBk/Page-Vlink-Sale/input_Amount_amount'

2023-02-08 18:20:09 - [TEST_STEP][PASSED] - doubleClick(findTestObject("Object Repository/RecAndPlayBk/Page-Vlink-Sale/input_Card number_card_number")): Object: 'Object Repository/RecAndPlayBk/Page-Vlink-Sale/input_Card number_card_number' is double clicked on

2023-02-08 18:20:10 - [MESSAGE][PASSED] - Object: 'Object Repository/RecAndPlayBk/Page-Vlink-Sale/input_Card number_card_number' is double clicked on

2023-02-08 18:20:10 - [TEST_STEP][PASSED] - setText(findTestObject("Object Repository/RecAndPlayBk/Page-Vlink-Sale/input_Card number_card_number"), cardNumber): Text '5424000000000015' is set on object 'Object Repository/RecAndPlayBk/Page-Vlink-Sale/input_Card number_card_number'

2023-02-08 18:20:10 - [MESSAGE][PASSED] - Text '5424000000000015' is set on object 'Object Repository/RecAndPlayBk/Page-Vlink-Sale/input_Card number_card_number'

2023-02-08 18:20:10 - [TEST_STEP][PASSED] - setText(findTestObject("Object Repository/RecAndPlayBk/Page-Vlink-Sale/input_Card ex month_card_exmo"), exM): Text '12' is set on object 'Object Repository/RecAndPlayBk/Page-Vlink-Sale/input_Card ex month_card_exmo'

2023-02-08 18:20:11 - [MESSAGE][PASSED] - Text '12' is set on object 'Object Repository/RecAndPlayBk/Page-Vlink-Sale/input_Card ex month_card_exmo'

2023-02-08 18:20:11 - [TEST_STEP][PASSED] - setText(findTestObject("Object Repository/RecAndPlayBk/Page-Vlink-Sale/input_Card ex year_card_exyr"), exY): Text '2029' is set on object 'Object Repository/RecAndPlayBk/Page-Vlink-Sale/input_Card ex year_card_exyr'

2023-02-08 18:20:12 - [MESSAGE][PASSED] - Text '2029' is set on object 'Object Repository/RecAndPlayBk/Page-Vlink-Sale/input_Card ex year_card_exyr'

2023-02-08 18:20:12 - [TEST_STEP][PASSED] - click(findTestObject("Object Repository/RecAndPlayBk/Page-Vlink-Sale/input_Track Data_track_data")): Object: 'Object Repository/RecAndPlayBk/Page-Vlink-Sale/input_Track Data_track_data' is clicked on

2023-02-08 18:20:12 - [MESSAGE][PASSED] - Object: 'Object Repository/RecAndPlayBk/Page-Vlink-Sale/input_Track Data_track_data' is clicked on

2023-02-08 18:20:12 - [TEST_STEP][PASSED] - click(findTestObject("Object Repository/RecAndPlayBk/Page-Vlink-Sale/input_CVV state_cvv_state")): Object: 'Object Repository/RecAndPlayBk/Page-Vlink-Sale/input_CVV state_cvv_state' is clicked on

2023-02-08 18:20:12 - [MESSAGE][PASSED] - Object: 'Object Repository/RecAndPlayBk/Page-Vlink-Sale/input_CVV state_cvv_state' is clicked on

2023-02-08 18:20:12 - [TEST_STEP][PASSED] - setText(findTestObject("Object Repository/RecAndPlayBk/Page-Vlink-Sale/input_Track Data_track_data"), ""): Text '' is set on object 'Object Repository/RecAndPlayBk/Page-Vlink-Sale/input_Track Data_track_data'

2023-02-08 18:20:13 - [MESSAGE][PASSED] - Text '' is set on object 'Object Repository/RecAndPlayBk/Page-Vlink-Sale/input_Track Data_track_data'

2023-02-08 18:20:13 - [TEST_STEP][PASSED] - setText(findTestObject("Object Repository/RecAndPlayBk/Page-Vlink-Sale/input_concat(Cardholder, , s email)_email"), ""): Text '' is set on object 'Object Repository/RecAndPlayBk/Page-Vlink-Sale/input_concat(Cardholder, , s email)_email'

2023-02-08 18:20:14 - [MESSAGE][PASSED] - Text '' is set on object 'Object Repository/RecAndPlayBk/Page-Vlink-Sale/input_concat(Cardholder, , s email)_email'

2023-02-08 18:20:14 - [TEST_STEP][PASSED] - click(findTestObject("Object Repository/RecAndPlayBk/Page-Vlink-Sale/input_user_defined10_user_defined10")): Object: 'Object Repository/RecAndPlayBk/Page-Vlink-Sale/input_user_defined10_user_defined10' is clicked on

2023-02-08 18:20:14 - [MESSAGE][PASSED] - Object: 'Object Repository/RecAndPlayBk/Page-Vlink-Sale/input_user_defined10_user_defined10' is clicked on

2023-02-08 18:20:14 - [TEST_STEP][PASSED] - if (executionProfile.equalsIgnoreCase("QAProfile") || executionProfile.equalsIgnoreCase("DemoProfile")): Text '' is set on object 'Object Repository/RecAndPlayBk/Page-Vlink-Sale/input_COF Transaction Initiated by_cof_tran_6cded5'

2023-02-08 18:20:14 - [TEST_STEP][PASSED] - setText(findTestObject("Object Repository/RecAndPlayBk/Page-Vlink-Sale/input_Card on File Indicator_card_on_file_i_157dae"), ""): Text '' is set on object 'Object Repository/RecAndPlayBk/Page-Vlink-Sale/input_Card on File Indicator_card_on_file_i_157dae'

2023-02-08 18:20:14 - [MESSAGE][PASSED] - Text '' is set on object 'Object Repository/RecAndPlayBk/Page-Vlink-Sale/input_Card on File Indicator_card_on_file_i_157dae'

2023-02-08 18:20:14 - [TEST_STEP][PASSED] - setText(findTestObject("Object Repository/RecAndPlayBk/Page-Vlink-Sale/input_Stored Credential Indicator_stored_cr_4ae73c"), ""): Text '' is set on object 'Object Repository/RecAndPlayBk/Page-Vlink-Sale/input_Stored Credential Indicator_stored_cr_4ae73c'

2023-02-08 18:20:15 - [MESSAGE][PASSED] - Text '' is set on object 'Object Repository/RecAndPlayBk/Page-Vlink-Sale/input_Stored Credential Indicator_stored_cr_4ae73c'

2023-02-08 18:20:15 - [TEST_STEP][PASSED] - setText(findTestObject("Object Repository/RecAndPlayBk/Page-Vlink-Sale/input_COF Scheduled indicator_cof_scheduled_8df7d8"), ""): Text '' is set on object 'Object Repository/RecAndPlayBk/Page-Vlink-Sale/input_COF Scheduled indicator_cof_scheduled_8df7d8'

2023-02-08 18:20:16 - [MESSAGE][PASSED] - Text '' is set on object 'Object Repository/RecAndPlayBk/Page-Vlink-Sale/input_COF Scheduled indicator_cof_scheduled_8df7d8'

2023-02-08 18:20:16 - [TEST_STEP][PASSED] - setText(findTestObject("Object Repository/RecAndPlayBk/Page-Vlink-Sale/input_COF Transaction Initiated by_cof_tran_6cded5"), ""): Text '' is set on object 'Object Repository/RecAndPlayBk/Page-Vlink-Sale/input_COF Transaction Initiated by_cof_tran_6cded5'

2023-02-08 18:20:16 - [MESSAGE][PASSED] - Text '' is set on object 'Object Repository/RecAndPlayBk/Page-Vlink-Sale/input_COF Transaction Initiated by_cof_tran_6cded5'

2023-02-08 18:20:16 - [TEST_STEP][PASSED] - click(findTestObject("Object Repository/RecAndPlayBk/Page-Vlink-Sale/input")): Object: 'Object Repository/RecAndPlayBk/Page-Vlink-Sale/input' is clicked on

2023-02-08 18:20:17 - [MESSAGE][PASSED] - Object: 'Object Repository/RecAndPlayBk/Page-Vlink-Sale/input' is clicked on

2023-02-08 18:20:17 - [TEST_STEP][PASSED] - if (verifyTextPresent("Transaction approved, no errors", true)): null

2023-02-08 18:20:18 - [MESSAGE][PASSED] - Text 'Transaction approved, no errors' is present on page  using regular expression

2023-02-08 18:20:18 - [TEST_STEP][PASSED] - println("Transaction Approved, no errors text is present on the Confirmation page"): null

2023-02-08 18:20:18 - [TEST_STEP][PASSED] - sdfo = getText(findTestObject("Object Repository/Page_VLinkReceipt/pre_STX")): Text of object 'Object Repository/Page_VLinkReceipt/pre_STX' is: '<STX>2Imq5lCBFFRV                  12125215            0  Transaction approved, no errors                   0                                                                                  Y 531879328<ETX>'

2023-02-08 18:20:18 - [MESSAGE][PASSED] - Text of object 'Object Repository/Page_VLinkReceipt/pre_STX' is: '<STX>2Imq5lCBFFRV                  12125215            0  Transaction approved, no errors                   0                                                                                  Y 531879328<ETX>'

2023-02-08 18:20:18 - [TEST_STEP][PASSED] - out.println("sdfo: " + sdfo): null

2023-02-08 18:20:18 - [TEST_STEP][PASSED] - remID = substring(5, 35).trim(): null

2023-02-08 18:20:18 - [TEST_STEP][PASSED] - out.println("remID: " + remID): null

2023-02-08 18:20:18 - [TEST_STEP][PASSED] - traxID = substring(35, 55).trim(): null

2023-02-08 18:20:18 - [TEST_STEP][PASSED] - out.println("traxID: " + traxID): null

2023-02-08 18:20:18 - [TEST_STEP][PASSED] - VLinkSaleRemID = remID: null

2023-02-08 18:20:18 - [TEST_STEP][PASSED] - VLinkSaleTranxID = traxID: null

2023-02-08 18:20:18 - [TEST_STEP][PASSED] - openBrowser(VLinkURL + "CC_credit.html"): Browser is opened with url: 'https://dev-algorithm.govolution.com/vlinktest/QA/version_2_0/CC_credit.html'

2023-02-08 18:20:18 - [MESSAGE][WARNING] - A browser is already opened. Closing browser and opening a new one

2023-02-08 18:20:19 - [MESSAGE][INFO] - Starting 'Chrome' driver

2023-02-08 18:20:19 - [MESSAGE][INFO] - User set preference: ['acceptInsecureCerts', 'true']

2023-02-08 18:20:19 - [MESSAGE][INFO] - Action delay is set to 0 milliseconds

2023-02-08 18:20:20 - [MESSAGE][PASSED] - Browser is opened with url: 'https://dev-algorithm.govolution.com/vlinktest/QA/version_2_0/CC_credit.html'

2023-02-08 18:20:20 - [TEST_STEP][PASSED] - maximizeWindow(): Current window maximized

2023-02-08 18:20:21 - [MESSAGE][PASSED] - Current window maximized

2023-02-08 18:20:21 - [TEST_STEP][PASSED] - setText(findTestObject("Object Repository/RecAndPlayBk/Page-Vlink-CC-Credit/input_Remittance Id"), VLinkSaleRemID): Text '2Imq5lCBFFRV' is set on object 'Object Repository/RecAndPlayBk/Page-Vlink-CC-Credit/input_Remittance Id'

2023-02-08 18:20:21 - [MESSAGE][PASSED] - Text '2Imq5lCBFFRV' is set on object 'Object Repository/RecAndPlayBk/Page-Vlink-CC-Credit/input_Remittance Id'

2023-02-08 18:20:21 - [TEST_STEP][PASSED] - setText(findTestObject("Object Repository/RecAndPlayBk/Page-Vlink-CC-Credit/input_Application Id"), appID): Text '234' is set on object 'Object Repository/RecAndPlayBk/Page-Vlink-CC-Credit/input_Application Id'

2023-02-08 18:20:22 - [MESSAGE][PASSED] - Text '234' is set on object 'Object Repository/RecAndPlayBk/Page-Vlink-CC-Credit/input_Application Id'

2023-02-08 18:20:22 - [TEST_STEP][PASSED] - setText(findTestObject("Object Repository/RecAndPlayBk/Page-Vlink-CC-Credit/input_Username"), username): Text 'username' is set on object 'Object Repository/RecAndPlayBk/Page-Vlink-CC-Credit/input_Username'

2023-02-08 18:20:22 - [MESSAGE][PASSED] - Text 'username' is set on object 'Object Repository/RecAndPlayBk/Page-Vlink-CC-Credit/input_Username'

2023-02-08 18:20:22 - [TEST_STEP][PASSED] - setText(findTestObject("Object Repository/RecAndPlayBk/Page-Vlink-CC-Credit/input_Password"), password): Text 'password' is set on object 'Object Repository/RecAndPlayBk/Page-Vlink-CC-Credit/input_Password'

2023-02-08 18:20:23 - [MESSAGE][PASSED] - Text 'password' is set on object 'Object Repository/RecAndPlayBk/Page-Vlink-CC-Credit/input_Password'

2023-02-08 18:20:23 - [TEST_STEP][PASSED] - setText(findTestObject("Object Repository/RecAndPlayBk/Page-Vlink-CC-Credit/input_Transaction ID"), VLinkSaleTranxID): Text '12125215' is set on object 'Object Repository/RecAndPlayBk/Page-Vlink-CC-Credit/input_Transaction ID'

2023-02-08 18:20:24 - [MESSAGE][PASSED] - Text '12125215' is set on object 'Object Repository/RecAndPlayBk/Page-Vlink-CC-Credit/input_Transaction ID'

2023-02-08 18:20:24 - [TEST_STEP][PASSED] - setText(findTestObject("Object Repository/RecAndPlayBk/Page-Vlink-CC-Credit/input_Amount"), amount): Text '10.5' is set on object 'Object Repository/RecAndPlayBk/Page-Vlink-CC-Credit/input_Amount'

2023-02-08 18:20:24 - [MESSAGE][PASSED] - Text '10.5' is set on object 'Object Repository/RecAndPlayBk/Page-Vlink-CC-Credit/input_Amount'

2023-02-08 18:20:24 - [TEST_STEP][PASSED] - setText(findTestObject("Object Repository/RecAndPlayBk/Page-Vlink-CC-Credit/input_Card number"), ""): Text '' is set on object 'Object Repository/RecAndPlayBk/Page-Vlink-CC-Credit/input_Card number'

2023-02-08 18:20:25 - [MESSAGE][PASSED] - Text '' is set on object 'Object Repository/RecAndPlayBk/Page-Vlink-CC-Credit/input_Card number'

2023-02-08 18:20:25 - [TEST_STEP][PASSED] - setText(findTestObject("Object Repository/RecAndPlayBk/Page-Vlink-CC-Credit/input_Card ex month"), ""): Text '' is set on object 'Object Repository/RecAndPlayBk/Page-Vlink-CC-Credit/input_Card ex month'

2023-02-08 18:20:26 - [MESSAGE][PASSED] - Text '' is set on object 'Object Repository/RecAndPlayBk/Page-Vlink-CC-Credit/input_Card ex month'

2023-02-08 18:20:26 - [TEST_STEP][PASSED] - setText(findTestObject("Object Repository/RecAndPlayBk/Page-Vlink-CC-Credit/input_Card ex year"), ""): Text '' is set on object 'Object Repository/RecAndPlayBk/Page-Vlink-CC-Credit/input_Card ex year'

2023-02-08 18:20:26 - [MESSAGE][PASSED] - Text '' is set on object 'Object Repository/RecAndPlayBk/Page-Vlink-CC-Credit/input_Card ex year'

2023-02-08 18:20:26 - [TEST_STEP][PASSED] - setText(findTestObject("Object Repository/RecAndPlayBk/Page-Vlink-CC-Credit/input_Track Data"), ""): Text '' is set on object 'Object Repository/RecAndPlayBk/Page-Vlink-CC-Credit/input_Track Data'

2023-02-08 18:20:27 - [MESSAGE][PASSED] - Text '' is set on object 'Object Repository/RecAndPlayBk/Page-Vlink-CC-Credit/input_Track Data'

2023-02-08 18:20:27 - [TEST_STEP][PASSED] - setText(findTestObject("Object Repository/RecAndPlayBk/Page-Vlink-CC-Credit/input_Category Code"), category): Text 'MOTO' is set on object 'Object Repository/RecAndPlayBk/Page-Vlink-CC-Credit/input_Category Code'

2023-02-08 18:20:27 - [MESSAGE][PASSED] - Text 'MOTO' is set on object 'Object Repository/RecAndPlayBk/Page-Vlink-CC-Credit/input_Category Code'

2023-02-08 18:20:27 - [TEST_STEP][PASSED] - click(findTestObject("Object Repository/RecAndPlayBk/Page-Vlink-CC-Credit/input")): Object: 'Object Repository/RecAndPlayBk/Page-Vlink-CC-Credit/input' is clicked on

2023-02-08 18:20:29 - [MESSAGE][PASSED] - Object: 'Object Repository/RecAndPlayBk/Page-Vlink-CC-Credit/input' is clicked on

2023-02-08 18:20:29 - [TEST_STEP][PASSED] - if (verifyTextPresent("Transaction approved, no errors", true)): null

2023-02-08 18:20:29 - [MESSAGE][PASSED] - Text 'Transaction approved, no errors' is present on page  using regular expression

2023-02-08 18:20:29 - [TEST_STEP][PASSED] - sdfo = getText(findTestObject("Object Repository/Page_VLinkReceipt/pre_STX")): Text of object 'Object Repository/Page_VLinkReceipt/pre_STX' is: '<STX>2Imq5lCBFFRV                  12125216            0  Transaction approved, no errors                   0                                                                                             <ETX>'

2023-02-08 18:20:29 - [MESSAGE][PASSED] - Text of object 'Object Repository/Page_VLinkReceipt/pre_STX' is: '<STX>2Imq5lCBFFRV                  12125216            0  Transaction approved, no errors                   0                                                                                             <ETX>'

2023-02-08 18:20:29 - [TEST_STEP][PASSED] - out.println("sdfo: " + sdfo): null

2023-02-08 18:20:29 - [TEST_STEP][PASSED] - remID = substring(5, 35).trim(): null

2023-02-08 18:20:29 - [TEST_STEP][PASSED] - out.println("remID: " + remID): null

2023-02-08 18:20:29 - [TEST_STEP][PASSED] - traxID = substring(35, 55).trim(): null

2023-02-08 18:20:29 - [TEST_STEP][PASSED] - out.println("traxID: " + traxID): null

2023-02-08 18:20:29 - [TEST_STEP][PASSED] - VLinkSaleRemID = remID: null

2023-02-08 18:20:29 - [TEST_STEP][PASSED] - VLinkSaleTranxID = traxID: null

2023-02-08 18:20:29 - [TEST_STEP][PASSED] - openBrowser(VLinkURL + "CC_void.html"): Browser is opened with url: 'https://dev-algorithm.govolution.com/vlinktest/QA/version_2_0/CC_void.html'

2023-02-08 18:20:29 - [MESSAGE][WARNING] - A browser is already opened. Closing browser and opening a new one

2023-02-08 18:20:30 - [MESSAGE][INFO] - Starting 'Chrome' driver

2023-02-08 18:20:30 - [MESSAGE][INFO] - User set preference: ['acceptInsecureCerts', 'true']

2023-02-08 18:20:30 - [MESSAGE][INFO] - Action delay is set to 0 milliseconds

2023-02-08 18:20:32 - [MESSAGE][PASSED] - Browser is opened with url: 'https://dev-algorithm.govolution.com/vlinktest/QA/version_2_0/CC_void.html'

2023-02-08 18:20:32 - [TEST_STEP][PASSED] - maximizeWindow(): Current window maximized

2023-02-08 18:20:32 - [MESSAGE][PASSED] - Current window maximized

2023-02-08 18:20:32 - [TEST_STEP][PASSED] - setText(findTestObject("Object Repository/RecAndPlayBk/Page-Vlink-CC-Void/txt_RemID"), VLinkSaleRemID): Text '2Imq5lCBFFRV' is set on object 'Object Repository/RecAndPlayBk/Page-Vlink-CC-Void/txt_RemID'

2023-02-08 18:20:33 - [MESSAGE][PASSED] - Text '2Imq5lCBFFRV' is set on object 'Object Repository/RecAndPlayBk/Page-Vlink-CC-Void/txt_RemID'

2023-02-08 18:20:33 - [TEST_STEP][PASSED] - setText(findTestObject("Object Repository/RecAndPlayBk/Page-Vlink-CC-Void/txt_ApplicationID"), appID): Text '234' is set on object 'Object Repository/RecAndPlayBk/Page-Vlink-CC-Void/txt_ApplicationID'

2023-02-08 18:20:33 - [MESSAGE][PASSED] - Text '234' is set on object 'Object Repository/RecAndPlayBk/Page-Vlink-CC-Void/txt_ApplicationID'

2023-02-08 18:20:33 - [TEST_STEP][PASSED] - setText(findTestObject("Object Repository/RecAndPlayBk/Page-Vlink-CC-Void/txt_Username"), username): Text 'username' is set on object 'Object Repository/RecAndPlayBk/Page-Vlink-CC-Void/txt_Username'

2023-02-08 18:20:34 - [MESSAGE][PASSED] - Text 'username' is set on object 'Object Repository/RecAndPlayBk/Page-Vlink-CC-Void/txt_Username'

2023-02-08 18:20:34 - [TEST_STEP][PASSED] - setText(findTestObject("Object Repository/RecAndPlayBk/Page-Vlink-CC-Void/txt_Password"), password): Text 'password' is set on object 'Object Repository/RecAndPlayBk/Page-Vlink-CC-Void/txt_Password'

2023-02-08 18:20:35 - [MESSAGE][PASSED] - Text 'password' is set on object 'Object Repository/RecAndPlayBk/Page-Vlink-CC-Void/txt_Password'

2023-02-08 18:20:35 - [TEST_STEP][PASSED] - setText(findTestObject("Object Repository/RecAndPlayBk/Page-Vlink-CC-Void/txt_TransactionID"), VLinkSaleTranxID): Text '12125216' is set on object 'Object Repository/RecAndPlayBk/Page-Vlink-CC-Void/txt_TransactionID'

2023-02-08 18:20:35 - [MESSAGE][PASSED] - Text '12125216' is set on object 'Object Repository/RecAndPlayBk/Page-Vlink-CC-Void/txt_TransactionID'

2023-02-08 18:20:35 - [TEST_STEP][PASSED] - setText(findTestObject("Object Repository/RecAndPlayBk/Page-Vlink-CC-Void/txt_OriginalTransactionType"), "104"): Text '104' is set on object 'Object Repository/RecAndPlayBk/Page-Vlink-CC-Void/txt_OriginalTransactionType'

2023-02-08 18:20:36 - [MESSAGE][PASSED] - Text '104' is set on object 'Object Repository/RecAndPlayBk/Page-Vlink-CC-Void/txt_OriginalTransactionType'

2023-02-08 18:20:36 - [TEST_STEP][PASSED] - setText(findTestObject("Object Repository/RecAndPlayBk/Page-Vlink-CC-Void/txt_TrackData"), ""): Text '' is set on object 'Object Repository/RecAndPlayBk/Page-Vlink-CC-Void/txt_TrackData'

2023-02-08 18:20:37 - [MESSAGE][PASSED] - Text '' is set on object 'Object Repository/RecAndPlayBk/Page-Vlink-CC-Void/txt_TrackData'

2023-02-08 18:20:37 - [TEST_STEP][PASSED] - click(findTestObject("Object Repository/RecAndPlayBk/Page-Vlink-CC-Void/btn_ProcessVLinkTransaction")): Object: 'Object Repository/RecAndPlayBk/Page-Vlink-CC-Void/btn_ProcessVLinkTransaction' is clicked on

2023-02-08 18:20:38 - [MESSAGE][PASSED] - Object: 'Object Repository/RecAndPlayBk/Page-Vlink-CC-Void/btn_ProcessVLinkTransaction' is clicked on

2023-02-08 18:20:38 - [TEST_STEP][PASSED] - if (verifyTextPresent("Transaction approved, no errors", true)): null

2023-02-08 18:20:39 - [MESSAGE][PASSED] - Text 'Transaction approved, no errors' is present on page  using regular expression

2023-02-08 18:20:39 - [TEST_STEP][PASSED] - println("Transaction Approved, no errors text is present on the Confirmation page"): null

2023-02-08 18:20:39 - [TEST_STEP][PASSED] - out.println("Pass Record Number: " + row): null

2023-02-08 18:20:39 - [TEST_STEP][PASSED] - resText = "Pass": null

2023-02-08 18:20:39 - [TEST_STEP][PASSED] - pages.WriteExcel.demoKey(resText, datText, resColumn, datCloumn, fileLoc, nameSheet, row): pages.WriteExcel.demoKey is PASSED

2023-02-08 18:20:39 - [MESSAGE][PASSED] - pages.WriteExcel.demoKey is PASSED

2023-02-08 18:20:39 - [TEST_STEP][PASSED] - ExecuteTC = findTestData(dataFile).getValue("Execute", row): null

2023-02-08 18:20:39 - [TEST_STEP][PASSED] - out.println("Value of Execute is : " + ExecuteTC): null

2023-02-08 18:20:39 - [TEST_STEP][PASSED] - switch (executionProfile): null

2023-02-08 18:20:39 - [TEST_STEP][PASSED] - case "QAProfile":: null

2023-02-08 18:20:39 - [TEST_STEP][PASSED] - appID = findTestData(dataFile).getValue("AppIDQA", row): null

2023-02-08 18:20:39 - [TEST_STEP][PASSED] - username = findTestData(dataFile).getValue("UsernameQA", row): null

2023-02-08 18:20:39 - [TEST_STEP][PASSED] - password = findTestData(dataFile).getValue("PasswordQA", row): null

2023-02-08 18:20:39 - [TEST_STEP][PASSED] - break: null

2023-02-08 18:20:39 - [TEST_STEP][PASSED] - if (ExecuteTC.equalsIgnoreCase("Y")): null

2023-02-08 18:20:39 - [TEST_STEP][PASSED] - out.println("Begin Record Number: " + row): null

2023-02-08 18:20:39 - [TEST_STEP][PASSED] - today = new java.util.Date(): null

2023-02-08 18:20:39 - [TEST_STEP][PASSED] - println(today): null

2023-02-08 18:20:39 - [TEST_STEP][PASSED] - datText = today: null

2023-02-08 18:20:39 - [TEST_STEP][PASSED] - category = findTestData(dataFile).getValue("Category", row): null

2023-02-08 18:20:39 - [TEST_STEP][PASSED] - amount = findTestData(dataFile).getValue("Amount", row): null

2023-02-08 18:20:39 - [TEST_STEP][PASSED] - cardNumber = findTestData(dataFile).getValue("CardNumber", row): null

2023-02-08 18:20:39 - [TEST_STEP][PASSED] - exM = findTestData(dataFile).getValue("ExM", row): null

2023-02-08 18:20:39 - [TEST_STEP][PASSED] - exY = findTestData(dataFile).getValue("ExY", row): null

2023-02-08 18:20:39 - [TEST_STEP][PASSED] - openBrowser(VLinkURL + "authcap.html"): Browser is opened with url: 'https://dev-algorithm.govolution.com/vlinktest/QA/version_2_0/authcap.html'

2023-02-08 18:20:39 - [MESSAGE][WARNING] - A browser is already opened. Closing browser and opening a new one

2023-02-08 18:20:40 - [MESSAGE][INFO] - Starting 'Chrome' driver

2023-02-08 18:20:40 - [MESSAGE][INFO] - User set preference: ['acceptInsecureCerts', 'true']

2023-02-08 18:20:40 - [MESSAGE][INFO] - Action delay is set to 0 milliseconds

2023-02-08 18:20:42 - [MESSAGE][PASSED] - Browser is opened with url: 'https://dev-algorithm.govolution.com/vlinktest/QA/version_2_0/authcap.html'

2023-02-08 18:20:42 - [TEST_STEP][PASSED] - maximizeWindow(): Current window maximized

2023-02-08 18:20:42 - [MESSAGE][PASSED] - Current window maximized

2023-02-08 18:20:42 - [TEST_STEP][PASSED] - maximizeWindow(): Current window maximized

2023-02-08 18:20:42 - [MESSAGE][PASSED] - Current window maximized

2023-02-08 18:20:42 - [TEST_STEP][PASSED] - genRemID = RandomStringUtils.random(12, true, true): null

2023-02-08 18:20:42 - [TEST_STEP][PASSED] - setText(findTestObject("Object Repository/RecAndPlayBk/Page-Vlink-Sale/input_Remittance Id_remittance_id"), genRemID): Text 'lHOLNjjb11ar' is set on object 'Object Repository/RecAndPlayBk/Page-Vlink-Sale/input_Remittance Id_remittance_id'

2023-02-08 18:20:43 - [MESSAGE][PASSED] - Text 'lHOLNjjb11ar' is set on object 'Object Repository/RecAndPlayBk/Page-Vlink-Sale/input_Remittance Id_remittance_id'

2023-02-08 18:20:43 - [TEST_STEP][PASSED] - setText(findTestObject("Object Repository/RecAndPlayBk/Page-Vlink-Sale/input_Application Id_application_id"), appID): Text '234' is set on object 'Object Repository/RecAndPlayBk/Page-Vlink-Sale/input_Application Id_application_id'

2023-02-08 18:20:44 - [MESSAGE][PASSED] - Text '234' is set on object 'Object Repository/RecAndPlayBk/Page-Vlink-Sale/input_Application Id_application_id'

2023-02-08 18:20:44 - [TEST_STEP][PASSED] - setText(findTestObject("Object Repository/RecAndPlayBk/Page-Vlink-Sale/input_Username_username"), username): Text 'username' is set on object 'Object Repository/RecAndPlayBk/Page-Vlink-Sale/input_Username_username'

2023-02-08 18:20:44 - [MESSAGE][PASSED] - Text 'username' is set on object 'Object Repository/RecAndPlayBk/Page-Vlink-Sale/input_Username_username'

2023-02-08 18:20:44 - [TEST_STEP][PASSED] - setText(findTestObject("Object Repository/RecAndPlayBk/Page-Vlink-Sale/input_Password_password"), password): Text 'password' is set on object 'Object Repository/RecAndPlayBk/Page-Vlink-Sale/input_Password_password'

2023-02-08 18:20:45 - [MESSAGE][PASSED] - Text 'password' is set on object 'Object Repository/RecAndPlayBk/Page-Vlink-Sale/input_Password_password'

2023-02-08 18:20:45 - [TEST_STEP][PASSED] - setText(findTestObject("Object Repository/RecAndPlayBk/Page-Vlink-Sale/input_Category_category"), category): Text 'RETL' is set on object 'Object Repository/RecAndPlayBk/Page-Vlink-Sale/input_Category_category'

2023-02-08 18:20:45 - [MESSAGE][PASSED] - Text 'RETL' is set on object 'Object Repository/RecAndPlayBk/Page-Vlink-Sale/input_Category_category'

2023-02-08 18:20:45 - [TEST_STEP][PASSED] - setText(findTestObject("Object Repository/RecAndPlayBk/Page-Vlink-Sale/input_Amount_amount"), amount): Text '10.5' is set on object 'Object Repository/RecAndPlayBk/Page-Vlink-Sale/input_Amount_amount'

2023-02-08 18:20:46 - [MESSAGE][PASSED] - Text '10.5' is set on object 'Object Repository/RecAndPlayBk/Page-Vlink-Sale/input_Amount_amount'

2023-02-08 18:20:46 - [TEST_STEP][PASSED] - doubleClick(findTestObject("Object Repository/RecAndPlayBk/Page-Vlink-Sale/input_Card number_card_number")): Object: 'Object Repository/RecAndPlayBk/Page-Vlink-Sale/input_Card number_card_number' is double clicked on

2023-02-08 18:20:47 - [MESSAGE][PASSED] - Object: 'Object Repository/RecAndPlayBk/Page-Vlink-Sale/input_Card number_card_number' is double clicked on

2023-02-08 18:20:47 - [TEST_STEP][PASSED] - setText(findTestObject("Object Repository/RecAndPlayBk/Page-Vlink-Sale/input_Card number_card_number"), cardNumber): Text '370000000000002' is set on object 'Object Repository/RecAndPlayBk/Page-Vlink-Sale/input_Card number_card_number'

2023-02-08 18:20:47 - [MESSAGE][PASSED] - Text '370000000000002' is set on object 'Object Repository/RecAndPlayBk/Page-Vlink-Sale/input_Card number_card_number'

2023-02-08 18:20:47 - [TEST_STEP][PASSED] - setText(findTestObject("Object Repository/RecAndPlayBk/Page-Vlink-Sale/input_Card ex month_card_exmo"), exM): Text '12' is set on object 'Object Repository/RecAndPlayBk/Page-Vlink-Sale/input_Card ex month_card_exmo'

2023-02-08 18:20:48 - [MESSAGE][PASSED] - Text '12' is set on object 'Object Repository/RecAndPlayBk/Page-Vlink-Sale/input_Card ex month_card_exmo'

2023-02-08 18:20:48 - [TEST_STEP][PASSED] - setText(findTestObject("Object Repository/RecAndPlayBk/Page-Vlink-Sale/input_Card ex year_card_exyr"), exY): Text '2029' is set on object 'Object Repository/RecAndPlayBk/Page-Vlink-Sale/input_Card ex year_card_exyr'

2023-02-08 18:20:48 - [MESSAGE][PASSED] - Text '2029' is set on object 'Object Repository/RecAndPlayBk/Page-Vlink-Sale/input_Card ex year_card_exyr'

2023-02-08 18:20:48 - [TEST_STEP][PASSED] - click(findTestObject("Object Repository/RecAndPlayBk/Page-Vlink-Sale/input_Track Data_track_data")): Object: 'Object Repository/RecAndPlayBk/Page-Vlink-Sale/input_Track Data_track_data' is clicked on

2023-02-08 18:20:49 - [MESSAGE][PASSED] - Object: 'Object Repository/RecAndPlayBk/Page-Vlink-Sale/input_Track Data_track_data' is clicked on

2023-02-08 18:20:49 - [TEST_STEP][PASSED] - click(findTestObject("Object Repository/RecAndPlayBk/Page-Vlink-Sale/input_CVV state_cvv_state")): Object: 'Object Repository/RecAndPlayBk/Page-Vlink-Sale/input_CVV state_cvv_state' is clicked on

2023-02-08 18:20:49 - [MESSAGE][PASSED] - Object: 'Object Repository/RecAndPlayBk/Page-Vlink-Sale/input_CVV state_cvv_state' is clicked on

2023-02-08 18:20:49 - [TEST_STEP][PASSED] - setText(findTestObject("Object Repository/RecAndPlayBk/Page-Vlink-Sale/input_Track Data_track_data"), ""): Text '' is set on object 'Object Repository/RecAndPlayBk/Page-Vlink-Sale/input_Track Data_track_data'

2023-02-08 18:20:50 - [MESSAGE][PASSED] - Text '' is set on object 'Object Repository/RecAndPlayBk/Page-Vlink-Sale/input_Track Data_track_data'

2023-02-08 18:20:50 - [TEST_STEP][PASSED] - setText(findTestObject("Object Repository/RecAndPlayBk/Page-Vlink-Sale/input_concat(Cardholder, , s email)_email"), ""): Text '' is set on object 'Object Repository/RecAndPlayBk/Page-Vlink-Sale/input_concat(Cardholder, , s email)_email'

2023-02-08 18:20:50 - [MESSAGE][PASSED] - Text '' is set on object 'Object Repository/RecAndPlayBk/Page-Vlink-Sale/input_concat(Cardholder, , s email)_email'

2023-02-08 18:20:50 - [TEST_STEP][PASSED] - click(findTestObject("Object Repository/RecAndPlayBk/Page-Vlink-Sale/input_user_defined10_user_defined10")): Object: 'Object Repository/RecAndPlayBk/Page-Vlink-Sale/input_user_defined10_user_defined10' is clicked on

2023-02-08 18:20:51 - [MESSAGE][PASSED] - Object: 'Object Repository/RecAndPlayBk/Page-Vlink-Sale/input_user_defined10_user_defined10' is clicked on

2023-02-08 18:20:51 - [TEST_STEP][PASSED] - if (executionProfile.equalsIgnoreCase("QAProfile") || executionProfile.equalsIgnoreCase("DemoProfile")): Text '' is set on object 'Object Repository/RecAndPlayBk/Page-Vlink-Sale/input_COF Transaction Initiated by_cof_tran_6cded5'

2023-02-08 18:20:51 - [TEST_STEP][PASSED] - setText(findTestObject("Object Repository/RecAndPlayBk/Page-Vlink-Sale/input_Card on File Indicator_card_on_file_i_157dae"), ""): Text '' is set on object 'Object Repository/RecAndPlayBk/Page-Vlink-Sale/input_Card on File Indicator_card_on_file_i_157dae'

2023-02-08 18:20:51 - [MESSAGE][PASSED] - Text '' is set on object 'Object Repository/RecAndPlayBk/Page-Vlink-Sale/input_Card on File Indicator_card_on_file_i_157dae'

2023-02-08 18:20:51 - [TEST_STEP][PASSED] - setText(findTestObject("Object Repository/RecAndPlayBk/Page-Vlink-Sale/input_Stored Credential Indicator_stored_cr_4ae73c"), ""): Text '' is set on object 'Object Repository/RecAndPlayBk/Page-Vlink-Sale/input_Stored Credential Indicator_stored_cr_4ae73c'

2023-02-08 18:20:52 - [MESSAGE][PASSED] - Text '' is set on object 'Object Repository/RecAndPlayBk/Page-Vlink-Sale/input_Stored Credential Indicator_stored_cr_4ae73c'

2023-02-08 18:20:52 - [TEST_STEP][PASSED] - setText(findTestObject("Object Repository/RecAndPlayBk/Page-Vlink-Sale/input_COF Scheduled indicator_cof_scheduled_8df7d8"), ""): Text '' is set on object 'Object Repository/RecAndPlayBk/Page-Vlink-Sale/input_COF Scheduled indicator_cof_scheduled_8df7d8'

2023-02-08 18:20:53 - [MESSAGE][PASSED] - Text '' is set on object 'Object Repository/RecAndPlayBk/Page-Vlink-Sale/input_COF Scheduled indicator_cof_scheduled_8df7d8'

2023-02-08 18:20:53 - [TEST_STEP][PASSED] - setText(findTestObject("Object Repository/RecAndPlayBk/Page-Vlink-Sale/input_COF Transaction Initiated by_cof_tran_6cded5"), ""): Text '' is set on object 'Object Repository/RecAndPlayBk/Page-Vlink-Sale/input_COF Transaction Initiated by_cof_tran_6cded5'

2023-02-08 18:20:53 - [MESSAGE][PASSED] - Text '' is set on object 'Object Repository/RecAndPlayBk/Page-Vlink-Sale/input_COF Transaction Initiated by_cof_tran_6cded5'

2023-02-08 18:20:53 - [TEST_STEP][PASSED] - click(findTestObject("Object Repository/RecAndPlayBk/Page-Vlink-Sale/input")): Object: 'Object Repository/RecAndPlayBk/Page-Vlink-Sale/input' is clicked on

2023-02-08 18:20:54 - [MESSAGE][PASSED] - Object: 'Object Repository/RecAndPlayBk/Page-Vlink-Sale/input' is clicked on

2023-02-08 18:20:54 - [TEST_STEP][PASSED] - if (verifyTextPresent("Transaction approved, no errors", true)): null

2023-02-08 18:20:54 - [MESSAGE][PASSED] - Text 'Transaction approved, no errors' is present on page  using regular expression

2023-02-08 18:20:54 - [TEST_STEP][PASSED] - println("Transaction Approved, no errors text is present on the Confirmation page"): null

2023-02-08 18:20:54 - [TEST_STEP][PASSED] - sdfo = getText(findTestObject("Object Repository/Page_VLinkReceipt/pre_STX")): Text of object 'Object Repository/Page_VLinkReceipt/pre_STX' is: '<STX>lHOLNjjb11ar                  12125218            0  Transaction approved, no errors                   0                                                                                  Y 601068622<ETX>'

2023-02-08 18:20:55 - [MESSAGE][PASSED] - Text of object 'Object Repository/Page_VLinkReceipt/pre_STX' is: '<STX>lHOLNjjb11ar                  12125218            0  Transaction approved, no errors                   0                                                                                  Y 601068622<ETX>'

2023-02-08 18:20:55 - [TEST_STEP][PASSED] - out.println("sdfo: " + sdfo): null

2023-02-08 18:20:55 - [TEST_STEP][PASSED] - remID = substring(5, 35).trim(): null

2023-02-08 18:20:55 - [TEST_STEP][PASSED] - out.println("remID: " + remID): null

2023-02-08 18:20:55 - [TEST_STEP][PASSED] - traxID = substring(35, 55).trim(): null

2023-02-08 18:20:55 - [TEST_STEP][PASSED] - out.println("traxID: " + traxID): null

2023-02-08 18:20:55 - [TEST_STEP][PASSED] - VLinkSaleRemID = remID: null

2023-02-08 18:20:55 - [TEST_STEP][PASSED] - VLinkSaleTranxID = traxID: null

2023-02-08 18:20:55 - [TEST_STEP][PASSED] - openBrowser(VLinkURL + "CC_credit.html"): Browser is opened with url: 'https://dev-algorithm.govolution.com/vlinktest/QA/version_2_0/CC_credit.html'

2023-02-08 18:20:55 - [MESSAGE][WARNING] - A browser is already opened. Closing browser and opening a new one

2023-02-08 18:20:56 - [MESSAGE][INFO] - Starting 'Chrome' driver

2023-02-08 18:20:56 - [MESSAGE][INFO] - User set preference: ['acceptInsecureCerts', 'true']

2023-02-08 18:20:56 - [MESSAGE][INFO] - Action delay is set to 0 milliseconds

2023-02-08 18:20:58 - [MESSAGE][PASSED] - Browser is opened with url: 'https://dev-algorithm.govolution.com/vlinktest/QA/version_2_0/CC_credit.html'

2023-02-08 18:20:58 - [TEST_STEP][PASSED] - maximizeWindow(): Current window maximized

2023-02-08 18:20:58 - [MESSAGE][PASSED] - Current window maximized

2023-02-08 18:20:58 - [TEST_STEP][PASSED] - setText(findTestObject("Object Repository/RecAndPlayBk/Page-Vlink-CC-Credit/input_Remittance Id"), VLinkSaleRemID): Text 'lHOLNjjb11ar' is set on object 'Object Repository/RecAndPlayBk/Page-Vlink-CC-Credit/input_Remittance Id'

2023-02-08 18:20:59 - [MESSAGE][PASSED] - Text 'lHOLNjjb11ar' is set on object 'Object Repository/RecAndPlayBk/Page-Vlink-CC-Credit/input_Remittance Id'

2023-02-08 18:20:59 - [TEST_STEP][PASSED] - setText(findTestObject("Object Repository/RecAndPlayBk/Page-Vlink-CC-Credit/input_Application Id"), appID): Text '234' is set on object 'Object Repository/RecAndPlayBk/Page-Vlink-CC-Credit/input_Application Id'

2023-02-08 18:20:59 - [MESSAGE][PASSED] - Text '234' is set on object 'Object Repository/RecAndPlayBk/Page-Vlink-CC-Credit/input_Application Id'

2023-02-08 18:20:59 - [TEST_STEP][PASSED] - setText(findTestObject("Object Repository/RecAndPlayBk/Page-Vlink-CC-Credit/input_Username"), username): Text 'username' is set on object 'Object Repository/RecAndPlayBk/Page-Vlink-CC-Credit/input_Username'

2023-02-08 18:21:00 - [MESSAGE][PASSED] - Text 'username' is set on object 'Object Repository/RecAndPlayBk/Page-Vlink-CC-Credit/input_Username'

2023-02-08 18:21:00 - [TEST_STEP][PASSED] - setText(findTestObject("Object Repository/RecAndPlayBk/Page-Vlink-CC-Credit/input_Password"), password): Text 'password' is set on object 'Object Repository/RecAndPlayBk/Page-Vlink-CC-Credit/input_Password'

2023-02-08 18:21:01 - [MESSAGE][PASSED] - Text 'password' is set on object 'Object Repository/RecAndPlayBk/Page-Vlink-CC-Credit/input_Password'

2023-02-08 18:21:01 - [TEST_STEP][PASSED] - setText(findTestObject("Object Repository/RecAndPlayBk/Page-Vlink-CC-Credit/input_Transaction ID"), VLinkSaleTranxID): Text '12125218' is set on object 'Object Repository/RecAndPlayBk/Page-Vlink-CC-Credit/input_Transaction ID'

2023-02-08 18:21:01 - [MESSAGE][PASSED] - Text '12125218' is set on object 'Object Repository/RecAndPlayBk/Page-Vlink-CC-Credit/input_Transaction ID'

2023-02-08 18:21:01 - [TEST_STEP][PASSED] - setText(findTestObject("Object Repository/RecAndPlayBk/Page-Vlink-CC-Credit/input_Amount"), amount): Text '10.5' is set on object 'Object Repository/RecAndPlayBk/Page-Vlink-CC-Credit/input_Amount'

2023-02-08 18:21:02 - [MESSAGE][PASSED] - Text '10.5' is set on object 'Object Repository/RecAndPlayBk/Page-Vlink-CC-Credit/input_Amount'

2023-02-08 18:21:02 - [TEST_STEP][PASSED] - setText(findTestObject("Object Repository/RecAndPlayBk/Page-Vlink-CC-Credit/input_Card number"), ""): Text '' is set on object 'Object Repository/RecAndPlayBk/Page-Vlink-CC-Credit/input_Card number'

2023-02-08 18:21:03 - [MESSAGE][PASSED] - Text '' is set on object 'Object Repository/RecAndPlayBk/Page-Vlink-CC-Credit/input_Card number'

2023-02-08 18:21:03 - [TEST_STEP][PASSED] - setText(findTestObject("Object Repository/RecAndPlayBk/Page-Vlink-CC-Credit/input_Card ex month"), ""): Text '' is set on object 'Object Repository/RecAndPlayBk/Page-Vlink-CC-Credit/input_Card ex month'

2023-02-08 18:21:03 - [MESSAGE][PASSED] - Text '' is set on object 'Object Repository/RecAndPlayBk/Page-Vlink-CC-Credit/input_Card ex month'

2023-02-08 18:21:03 - [TEST_STEP][PASSED] - setText(findTestObject("Object Repository/RecAndPlayBk/Page-Vlink-CC-Credit/input_Card ex year"), ""): Text '' is set on object 'Object Repository/RecAndPlayBk/Page-Vlink-CC-Credit/input_Card ex year'

2023-02-08 18:21:04 - [MESSAGE][PASSED] - Text '' is set on object 'Object Repository/RecAndPlayBk/Page-Vlink-CC-Credit/input_Card ex year'

2023-02-08 18:21:04 - [TEST_STEP][PASSED] - setText(findTestObject("Object Repository/RecAndPlayBk/Page-Vlink-CC-Credit/input_Track Data"), ""): Text '' is set on object 'Object Repository/RecAndPlayBk/Page-Vlink-CC-Credit/input_Track Data'

2023-02-08 18:21:04 - [MESSAGE][PASSED] - Text '' is set on object 'Object Repository/RecAndPlayBk/Page-Vlink-CC-Credit/input_Track Data'

2023-02-08 18:21:04 - [TEST_STEP][PASSED] - setText(findTestObject("Object Repository/RecAndPlayBk/Page-Vlink-CC-Credit/input_Category Code"), category): Text 'RETL' is set on object 'Object Repository/RecAndPlayBk/Page-Vlink-CC-Credit/input_Category Code'

2023-02-08 18:21:05 - [MESSAGE][PASSED] - Text 'RETL' is set on object 'Object Repository/RecAndPlayBk/Page-Vlink-CC-Credit/input_Category Code'

2023-02-08 18:21:05 - [TEST_STEP][PASSED] - click(findTestObject("Object Repository/RecAndPlayBk/Page-Vlink-CC-Credit/input")): Object: 'Object Repository/RecAndPlayBk/Page-Vlink-CC-Credit/input' is clicked on

2023-02-08 18:21:06 - [MESSAGE][PASSED] - Object: 'Object Repository/RecAndPlayBk/Page-Vlink-CC-Credit/input' is clicked on

2023-02-08 18:21:06 - [TEST_STEP][PASSED] - if (verifyTextPresent("Transaction approved, no errors", true)): null

2023-02-08 18:21:06 - [MESSAGE][PASSED] - Text 'Transaction approved, no errors' is present on page  using regular expression

2023-02-08 18:21:06 - [TEST_STEP][PASSED] - sdfo = getText(findTestObject("Object Repository/Page_VLinkReceipt/pre_STX")): Text of object 'Object Repository/Page_VLinkReceipt/pre_STX' is: '<STX>lHOLNjjb11ar                  12125219            0  Transaction approved, no errors                   0                                                                                             <ETX>'

2023-02-08 18:21:07 - [MESSAGE][PASSED] - Text of object 'Object Repository/Page_VLinkReceipt/pre_STX' is: '<STX>lHOLNjjb11ar                  12125219            0  Transaction approved, no errors                   0                                                                                             <ETX>'

2023-02-08 18:21:07 - [TEST_STEP][PASSED] - out.println("sdfo: " + sdfo): null

2023-02-08 18:21:07 - [TEST_STEP][PASSED] - remID = substring(5, 35).trim(): null

2023-02-08 18:21:07 - [TEST_STEP][PASSED] - out.println("remID: " + remID): null

2023-02-08 18:21:07 - [TEST_STEP][PASSED] - traxID = substring(35, 55).trim(): null

2023-02-08 18:21:07 - [TEST_STEP][PASSED] - out.println("traxID: " + traxID): null

2023-02-08 18:21:07 - [TEST_STEP][PASSED] - VLinkSaleRemID = remID: null

2023-02-08 18:21:07 - [TEST_STEP][PASSED] - VLinkSaleTranxID = traxID: null

2023-02-08 18:21:07 - [TEST_STEP][PASSED] - openBrowser(VLinkURL + "CC_void.html"): Browser is opened with url: 'https://dev-algorithm.govolution.com/vlinktest/QA/version_2_0/CC_void.html'

2023-02-08 18:21:07 - [MESSAGE][WARNING] - A browser is already opened. Closing browser and opening a new one

2023-02-08 18:21:08 - [MESSAGE][INFO] - Starting 'Chrome' driver

2023-02-08 18:21:08 - [MESSAGE][INFO] - User set preference: ['acceptInsecureCerts', 'true']

2023-02-08 18:21:08 - [MESSAGE][INFO] - Action delay is set to 0 milliseconds

2023-02-08 18:21:09 - [MESSAGE][PASSED] - Browser is opened with url: 'https://dev-algorithm.govolution.com/vlinktest/QA/version_2_0/CC_void.html'

2023-02-08 18:21:09 - [TEST_STEP][PASSED] - maximizeWindow(): Current window maximized

2023-02-08 18:21:10 - [MESSAGE][PASSED] - Current window maximized

2023-02-08 18:21:10 - [TEST_STEP][PASSED] - setText(findTestObject("Object Repository/RecAndPlayBk/Page-Vlink-CC-Void/txt_RemID"), VLinkSaleRemID): Text 'lHOLNjjb11ar' is set on object 'Object Repository/RecAndPlayBk/Page-Vlink-CC-Void/txt_RemID'

2023-02-08 18:21:10 - [MESSAGE][PASSED] - Text 'lHOLNjjb11ar' is set on object 'Object Repository/RecAndPlayBk/Page-Vlink-CC-Void/txt_RemID'

2023-02-08 18:21:10 - [TEST_STEP][PASSED] - setText(findTestObject("Object Repository/RecAndPlayBk/Page-Vlink-CC-Void/txt_ApplicationID"), appID): Text '234' is set on object 'Object Repository/RecAndPlayBk/Page-Vlink-CC-Void/txt_ApplicationID'

2023-02-08 18:21:11 - [MESSAGE][PASSED] - Text '234' is set on object 'Object Repository/RecAndPlayBk/Page-Vlink-CC-Void/txt_ApplicationID'

2023-02-08 18:21:11 - [TEST_STEP][PASSED] - setText(findTestObject("Object Repository/RecAndPlayBk/Page-Vlink-CC-Void/txt_Username"), username): Text 'username' is set on object 'Object Repository/RecAndPlayBk/Page-Vlink-CC-Void/txt_Username'

2023-02-08 18:21:11 - [MESSAGE][PASSED] - Text 'username' is set on object 'Object Repository/RecAndPlayBk/Page-Vlink-CC-Void/txt_Username'

2023-02-08 18:21:11 - [TEST_STEP][PASSED] - setText(findTestObject("Object Repository/RecAndPlayBk/Page-Vlink-CC-Void/txt_Password"), password): Text 'password' is set on object 'Object Repository/RecAndPlayBk/Page-Vlink-CC-Void/txt_Password'

2023-02-08 18:21:12 - [MESSAGE][PASSED] - Text 'password' is set on object 'Object Repository/RecAndPlayBk/Page-Vlink-CC-Void/txt_Password'

2023-02-08 18:21:12 - [TEST_STEP][PASSED] - setText(findTestObject("Object Repository/RecAndPlayBk/Page-Vlink-CC-Void/txt_TransactionID"), VLinkSaleTranxID): Text '12125219' is set on object 'Object Repository/RecAndPlayBk/Page-Vlink-CC-Void/txt_TransactionID'

2023-02-08 18:21:13 - [MESSAGE][PASSED] - Text '12125219' is set on object 'Object Repository/RecAndPlayBk/Page-Vlink-CC-Void/txt_TransactionID'

2023-02-08 18:21:13 - [TEST_STEP][PASSED] - setText(findTestObject("Object Repository/RecAndPlayBk/Page-Vlink-CC-Void/txt_OriginalTransactionType"), "104"): Text '104' is set on object 'Object Repository/RecAndPlayBk/Page-Vlink-CC-Void/txt_OriginalTransactionType'

2023-02-08 18:21:13 - [MESSAGE][PASSED] - Text '104' is set on object 'Object Repository/RecAndPlayBk/Page-Vlink-CC-Void/txt_OriginalTransactionType'

2023-02-08 18:21:13 - [TEST_STEP][PASSED] - setText(findTestObject("Object Repository/RecAndPlayBk/Page-Vlink-CC-Void/txt_TrackData"), ""): Text '' is set on object 'Object Repository/RecAndPlayBk/Page-Vlink-CC-Void/txt_TrackData'

2023-02-08 18:21:14 - [MESSAGE][PASSED] - Text '' is set on object 'Object Repository/RecAndPlayBk/Page-Vlink-CC-Void/txt_TrackData'

2023-02-08 18:21:14 - [TEST_STEP][PASSED] - click(findTestObject("Object Repository/RecAndPlayBk/Page-Vlink-CC-Void/btn_ProcessVLinkTransaction")): Object: 'Object Repository/RecAndPlayBk/Page-Vlink-CC-Void/btn_ProcessVLinkTransaction' is clicked on

2023-02-08 18:21:15 - [MESSAGE][PASSED] - Object: 'Object Repository/RecAndPlayBk/Page-Vlink-CC-Void/btn_ProcessVLinkTransaction' is clicked on

2023-02-08 18:21:15 - [TEST_STEP][PASSED] - if (verifyTextPresent("Transaction approved, no errors", true)): null

2023-02-08 18:21:16 - [MESSAGE][PASSED] - Text 'Transaction approved, no errors' is present on page  using regular expression

2023-02-08 18:21:16 - [TEST_STEP][PASSED] - println("Transaction Approved, no errors text is present on the Confirmation page"): null

2023-02-08 18:21:16 - [TEST_STEP][PASSED] - out.println("Pass Record Number: " + row): null

2023-02-08 18:21:16 - [TEST_STEP][PASSED] - resText = "Pass": null

2023-02-08 18:21:16 - [TEST_STEP][PASSED] - pages.WriteExcel.demoKey(resText, datText, resColumn, datCloumn, fileLoc, nameSheet, row): pages.WriteExcel.demoKey is PASSED

2023-02-08 18:21:16 - [MESSAGE][PASSED] - pages.WriteExcel.demoKey is PASSED

2023-02-08 18:21:16 - [TEST_STEP][PASSED] - ExecuteTC = findTestData(dataFile).getValue("Execute", row): null

2023-02-08 18:21:16 - [TEST_STEP][PASSED] - out.println("Value of Execute is : " + ExecuteTC): null

2023-02-08 18:21:16 - [TEST_STEP][PASSED] - switch (executionProfile): null

2023-02-08 18:21:16 - [TEST_STEP][PASSED] - case "QAProfile":: null

2023-02-08 18:21:16 - [TEST_STEP][PASSED] - appID = findTestData(dataFile).getValue("AppIDQA", row): null

2023-02-08 18:21:16 - [TEST_STEP][PASSED] - username = findTestData(dataFile).getValue("UsernameQA", row): null

2023-02-08 18:21:16 - [TEST_STEP][PASSED] - password = findTestData(dataFile).getValue("PasswordQA", row): null

2023-02-08 18:21:16 - [TEST_STEP][PASSED] - break: null

2023-02-08 18:21:16 - [TEST_STEP][PASSED] - if (ExecuteTC.equalsIgnoreCase("Y")): null

2023-02-08 18:21:16 - [TEST_STEP][PASSED] - out.println("Begin Record Number: " + row): null

2023-02-08 18:21:16 - [TEST_STEP][PASSED] - today = new java.util.Date(): null

2023-02-08 18:21:16 - [TEST_STEP][PASSED] - println(today): null

2023-02-08 18:21:16 - [TEST_STEP][PASSED] - datText = today: null

2023-02-08 18:21:16 - [TEST_STEP][PASSED] - category = findTestData(dataFile).getValue("Category", row): null

2023-02-08 18:21:16 - [TEST_STEP][PASSED] - amount = findTestData(dataFile).getValue("Amount", row): null

2023-02-08 18:21:16 - [TEST_STEP][PASSED] - cardNumber = findTestData(dataFile).getValue("CardNumber", row): null

2023-02-08 18:21:16 - [TEST_STEP][PASSED] - exM = findTestData(dataFile).getValue("ExM", row): null

2023-02-08 18:21:16 - [TEST_STEP][PASSED] - exY = findTestData(dataFile).getValue("ExY", row): null

2023-02-08 18:21:16 - [TEST_STEP][PASSED] - openBrowser(VLinkURL + "authcap.html"): Browser is opened with url: 'https://dev-algorithm.govolution.com/vlinktest/QA/version_2_0/authcap.html'

2023-02-08 18:21:16 - [MESSAGE][WARNING] - A browser is already opened. Closing browser and opening a new one

2023-02-08 18:21:18 - [MESSAGE][INFO] - Starting 'Chrome' driver

2023-02-08 18:21:18 - [MESSAGE][INFO] - User set preference: ['acceptInsecureCerts', 'true']

2023-02-08 18:21:18 - [MESSAGE][INFO] - Action delay is set to 0 milliseconds

2023-02-08 18:21:20 - [MESSAGE][PASSED] - Browser is opened with url: 'https://dev-algorithm.govolution.com/vlinktest/QA/version_2_0/authcap.html'

2023-02-08 18:21:20 - [TEST_STEP][PASSED] - maximizeWindow(): Current window maximized

2023-02-08 18:21:20 - [MESSAGE][PASSED] - Current window maximized

2023-02-08 18:21:20 - [TEST_STEP][PASSED] - maximizeWindow(): Current window maximized

2023-02-08 18:21:20 - [MESSAGE][PASSED] - Current window maximized

2023-02-08 18:21:20 - [TEST_STEP][PASSED] - genRemID = RandomStringUtils.random(12, true, true): null

2023-02-08 18:21:20 - [TEST_STEP][PASSED] - setText(findTestObject("Object Repository/RecAndPlayBk/Page-Vlink-Sale/input_Remittance Id_remittance_id"), genRemID): Text 'BEp80FV6AvhO' is set on object 'Object Repository/RecAndPlayBk/Page-Vlink-Sale/input_Remittance Id_remittance_id'

2023-02-08 18:21:21 - [MESSAGE][PASSED] - Text 'BEp80FV6AvhO' is set on object 'Object Repository/RecAndPlayBk/Page-Vlink-Sale/input_Remittance Id_remittance_id'

2023-02-08 18:21:21 - [TEST_STEP][PASSED] - setText(findTestObject("Object Repository/RecAndPlayBk/Page-Vlink-Sale/input_Application Id_application_id"), appID): Text '87' is set on object 'Object Repository/RecAndPlayBk/Page-Vlink-Sale/input_Application Id_application_id'

2023-02-08 18:21:21 - [MESSAGE][PASSED] - Text '87' is set on object 'Object Repository/RecAndPlayBk/Page-Vlink-Sale/input_Application Id_application_id'

2023-02-08 18:21:21 - [TEST_STEP][PASSED] - setText(findTestObject("Object Repository/RecAndPlayBk/Page-Vlink-Sale/input_Username_username"), username): Text 'username' is set on object 'Object Repository/RecAndPlayBk/Page-Vlink-Sale/input_Username_username'

2023-02-08 18:21:22 - [MESSAGE][PASSED] - Text 'username' is set on object 'Object Repository/RecAndPlayBk/Page-Vlink-Sale/input_Username_username'

2023-02-08 18:21:22 - [TEST_STEP][PASSED] - setText(findTestObject("Object Repository/RecAndPlayBk/Page-Vlink-Sale/input_Password_password"), password): Text 'password' is set on object 'Object Repository/RecAndPlayBk/Page-Vlink-Sale/input_Password_password'

2023-02-08 18:21:22 - [MESSAGE][PASSED] - Text 'password' is set on object 'Object Repository/RecAndPlayBk/Page-Vlink-Sale/input_Password_password'

2023-02-08 18:21:22 - [TEST_STEP][PASSED] - setText(findTestObject("Object Repository/RecAndPlayBk/Page-Vlink-Sale/input_Category_category"), category): Text 'ECOM' is set on object 'Object Repository/RecAndPlayBk/Page-Vlink-Sale/input_Category_category'

2023-02-08 18:21:23 - [MESSAGE][PASSED] - Text 'ECOM' is set on object 'Object Repository/RecAndPlayBk/Page-Vlink-Sale/input_Category_category'

2023-02-08 18:21:23 - [TEST_STEP][PASSED] - setText(findTestObject("Object Repository/RecAndPlayBk/Page-Vlink-Sale/input_Amount_amount"), amount): Text '10.5' is set on object 'Object Repository/RecAndPlayBk/Page-Vlink-Sale/input_Amount_amount'

2023-02-08 18:21:24 - [MESSAGE][PASSED] - Text '10.5' is set on object 'Object Repository/RecAndPlayBk/Page-Vlink-Sale/input_Amount_amount'

2023-02-08 18:21:24 - [TEST_STEP][PASSED] - doubleClick(findTestObject("Object Repository/RecAndPlayBk/Page-Vlink-Sale/input_Card number_card_number")): Object: 'Object Repository/RecAndPlayBk/Page-Vlink-Sale/input_Card number_card_number' is double clicked on

2023-02-08 18:21:24 - [MESSAGE][PASSED] - Object: 'Object Repository/RecAndPlayBk/Page-Vlink-Sale/input_Card number_card_number' is double clicked on

2023-02-08 18:21:24 - [TEST_STEP][PASSED] - setText(findTestObject("Object Repository/RecAndPlayBk/Page-Vlink-Sale/input_Card number_card_number"), cardNumber): Text '4012000098765439' is set on object 'Object Repository/RecAndPlayBk/Page-Vlink-Sale/input_Card number_card_number'

2023-02-08 18:21:25 - [MESSAGE][PASSED] - Text '4012000098765439' is set on object 'Object Repository/RecAndPlayBk/Page-Vlink-Sale/input_Card number_card_number'

2023-02-08 18:21:25 - [TEST_STEP][PASSED] - setText(findTestObject("Object Repository/RecAndPlayBk/Page-Vlink-Sale/input_Card ex month_card_exmo"), exM): Text '12' is set on object 'Object Repository/RecAndPlayBk/Page-Vlink-Sale/input_Card ex month_card_exmo'

2023-02-08 18:21:25 - [MESSAGE][PASSED] - Text '12' is set on object 'Object Repository/RecAndPlayBk/Page-Vlink-Sale/input_Card ex month_card_exmo'

2023-02-08 18:21:25 - [TEST_STEP][PASSED] - setText(findTestObject("Object Repository/RecAndPlayBk/Page-Vlink-Sale/input_Card ex year_card_exyr"), exY): Text '2029' is set on object 'Object Repository/RecAndPlayBk/Page-Vlink-Sale/input_Card ex year_card_exyr'

2023-02-08 18:21:26 - [MESSAGE][PASSED] - Text '2029' is set on object 'Object Repository/RecAndPlayBk/Page-Vlink-Sale/input_Card ex year_card_exyr'

2023-02-08 18:21:26 - [TEST_STEP][PASSED] - click(findTestObject("Object Repository/RecAndPlayBk/Page-Vlink-Sale/input_Track Data_track_data")): Object: 'Object Repository/RecAndPlayBk/Page-Vlink-Sale/input_Track Data_track_data' is clicked on

2023-02-08 18:21:26 - [MESSAGE][PASSED] - Object: 'Object Repository/RecAndPlayBk/Page-Vlink-Sale/input_Track Data_track_data' is clicked on

2023-02-08 18:21:26 - [TEST_STEP][PASSED] - click(findTestObject("Object Repository/RecAndPlayBk/Page-Vlink-Sale/input_CVV state_cvv_state")): Object: 'Object Repository/RecAndPlayBk/Page-Vlink-Sale/input_CVV state_cvv_state' is clicked on

2023-02-08 18:21:27 - [MESSAGE][PASSED] - Object: 'Object Repository/RecAndPlayBk/Page-Vlink-Sale/input_CVV state_cvv_state' is clicked on

2023-02-08 18:21:27 - [TEST_STEP][PASSED] - setText(findTestObject("Object Repository/RecAndPlayBk/Page-Vlink-Sale/input_Track Data_track_data"), ""): Text '' is set on object 'Object Repository/RecAndPlayBk/Page-Vlink-Sale/input_Track Data_track_data'

2023-02-08 18:21:27 - [MESSAGE][PASSED] - Text '' is set on object 'Object Repository/RecAndPlayBk/Page-Vlink-Sale/input_Track Data_track_data'

2023-02-08 18:21:27 - [TEST_STEP][PASSED] - setText(findTestObject("Object Repository/RecAndPlayBk/Page-Vlink-Sale/input_concat(Cardholder, , s email)_email"), ""): Text '' is set on object 'Object Repository/RecAndPlayBk/Page-Vlink-Sale/input_concat(Cardholder, , s email)_email'

2023-02-08 18:21:28 - [MESSAGE][PASSED] - Text '' is set on object 'Object Repository/RecAndPlayBk/Page-Vlink-Sale/input_concat(Cardholder, , s email)_email'

2023-02-08 18:21:28 - [TEST_STEP][PASSED] - click(findTestObject("Object Repository/RecAndPlayBk/Page-Vlink-Sale/input_user_defined10_user_defined10")): Object: 'Object Repository/RecAndPlayBk/Page-Vlink-Sale/input_user_defined10_user_defined10' is clicked on

2023-02-08 18:21:28 - [MESSAGE][PASSED] - Object: 'Object Repository/RecAndPlayBk/Page-Vlink-Sale/input_user_defined10_user_defined10' is clicked on

2023-02-08 18:21:28 - [TEST_STEP][PASSED] - if (executionProfile.equalsIgnoreCase("QAProfile") || executionProfile.equalsIgnoreCase("DemoProfile")): Text '' is set on object 'Object Repository/RecAndPlayBk/Page-Vlink-Sale/input_COF Transaction Initiated by_cof_tran_6cded5'

2023-02-08 18:21:28 - [TEST_STEP][PASSED] - setText(findTestObject("Object Repository/RecAndPlayBk/Page-Vlink-Sale/input_Card on File Indicator_card_on_file_i_157dae"), ""): Text '' is set on object 'Object Repository/RecAndPlayBk/Page-Vlink-Sale/input_Card on File Indicator_card_on_file_i_157dae'

2023-02-08 18:21:29 - [MESSAGE][PASSED] - Text '' is set on object 'Object Repository/RecAndPlayBk/Page-Vlink-Sale/input_Card on File Indicator_card_on_file_i_157dae'

2023-02-08 18:21:29 - [TEST_STEP][PASSED] - setText(findTestObject("Object Repository/RecAndPlayBk/Page-Vlink-Sale/input_Stored Credential Indicator_stored_cr_4ae73c"), ""): Text '' is set on object 'Object Repository/RecAndPlayBk/Page-Vlink-Sale/input_Stored Credential Indicator_stored_cr_4ae73c'

2023-02-08 18:21:29 - [MESSAGE][PASSED] - Text '' is set on object 'Object Repository/RecAndPlayBk/Page-Vlink-Sale/input_Stored Credential Indicator_stored_cr_4ae73c'

2023-02-08 18:21:29 - [TEST_STEP][PASSED] - setText(findTestObject("Object Repository/RecAndPlayBk/Page-Vlink-Sale/input_COF Scheduled indicator_cof_scheduled_8df7d8"), ""): Text '' is set on object 'Object Repository/RecAndPlayBk/Page-Vlink-Sale/input_COF Scheduled indicator_cof_scheduled_8df7d8'

2023-02-08 18:21:30 - [MESSAGE][PASSED] - Text '' is set on object 'Object Repository/RecAndPlayBk/Page-Vlink-Sale/input_COF Scheduled indicator_cof_scheduled_8df7d8'

2023-02-08 18:21:30 - [TEST_STEP][PASSED] - setText(findTestObject("Object Repository/RecAndPlayBk/Page-Vlink-Sale/input_COF Transaction Initiated by_cof_tran_6cded5"), ""): Text '' is set on object 'Object Repository/RecAndPlayBk/Page-Vlink-Sale/input_COF Transaction Initiated by_cof_tran_6cded5'

2023-02-08 18:21:31 - [MESSAGE][PASSED] - Text '' is set on object 'Object Repository/RecAndPlayBk/Page-Vlink-Sale/input_COF Transaction Initiated by_cof_tran_6cded5'

2023-02-08 18:21:31 - [TEST_STEP][PASSED] - click(findTestObject("Object Repository/RecAndPlayBk/Page-Vlink-Sale/input")): Object: 'Object Repository/RecAndPlayBk/Page-Vlink-Sale/input' is clicked on

2023-02-08 18:21:32 - [MESSAGE][PASSED] - Object: 'Object Repository/RecAndPlayBk/Page-Vlink-Sale/input' is clicked on

2023-02-08 18:21:32 - [TEST_STEP][PASSED] - if (verifyTextPresent("Transaction approved, no errors", true)): null

2023-02-08 18:21:32 - [MESSAGE][PASSED] - Text 'Transaction approved, no errors' is present on page  using regular expression

2023-02-08 18:21:32 - [TEST_STEP][PASSED] - println("Transaction Approved, no errors text is present on the Confirmation page"): null

2023-02-08 18:21:32 - [TEST_STEP][PASSED] - sdfo = getText(findTestObject("Object Repository/Page_VLinkReceipt/pre_STX")): Text of object 'Object Repository/Page_VLinkReceipt/pre_STX' is: '<STX>BEp80FV6AvhO                  12125221            0  Transaction approved, no errors                   0                                                                                  N TAS950   <ETX>'

2023-02-08 18:21:33 - [MESSAGE][PASSED] - Text of object 'Object Repository/Page_VLinkReceipt/pre_STX' is: '<STX>BEp80FV6AvhO                  12125221            0  Transaction approved, no errors                   0                                                                                  N TAS950   <ETX>'

2023-02-08 18:21:33 - [TEST_STEP][PASSED] - out.println("sdfo: " + sdfo): null

2023-02-08 18:21:33 - [TEST_STEP][PASSED] - remID = substring(5, 35).trim(): null

2023-02-08 18:21:33 - [TEST_STEP][PASSED] - out.println("remID: " + remID): null

2023-02-08 18:21:33 - [TEST_STEP][PASSED] - traxID = substring(35, 55).trim(): null

2023-02-08 18:21:33 - [TEST_STEP][PASSED] - out.println("traxID: " + traxID): null

2023-02-08 18:21:33 - [TEST_STEP][PASSED] - VLinkSaleRemID = remID: null

2023-02-08 18:21:33 - [TEST_STEP][PASSED] - VLinkSaleTranxID = traxID: null

2023-02-08 18:21:33 - [TEST_STEP][PASSED] - openBrowser(VLinkURL + "CC_credit.html"): Browser is opened with url: 'https://dev-algorithm.govolution.com/vlinktest/QA/version_2_0/CC_credit.html'

2023-02-08 18:21:33 - [MESSAGE][WARNING] - A browser is already opened. Closing browser and opening a new one

2023-02-08 18:21:34 - [MESSAGE][INFO] - Starting 'Chrome' driver

2023-02-08 18:21:34 - [MESSAGE][INFO] - User set preference: ['acceptInsecureCerts', 'true']

2023-02-08 18:21:34 - [MESSAGE][INFO] - Action delay is set to 0 milliseconds

2023-02-08 18:21:35 - [MESSAGE][PASSED] - Browser is opened with url: 'https://dev-algorithm.govolution.com/vlinktest/QA/version_2_0/CC_credit.html'

2023-02-08 18:21:35 - [TEST_STEP][PASSED] - maximizeWindow(): Current window maximized

2023-02-08 18:21:35 - [MESSAGE][PASSED] - Current window maximized

2023-02-08 18:21:35 - [TEST_STEP][PASSED] - setText(findTestObject("Object Repository/RecAndPlayBk/Page-Vlink-CC-Credit/input_Remittance Id"), VLinkSaleRemID): Text 'BEp80FV6AvhO' is set on object 'Object Repository/RecAndPlayBk/Page-Vlink-CC-Credit/input_Remittance Id'

2023-02-08 18:21:36 - [MESSAGE][PASSED] - Text 'BEp80FV6AvhO' is set on object 'Object Repository/RecAndPlayBk/Page-Vlink-CC-Credit/input_Remittance Id'

2023-02-08 18:21:36 - [TEST_STEP][PASSED] - setText(findTestObject("Object Repository/RecAndPlayBk/Page-Vlink-CC-Credit/input_Application Id"), appID): Text '87' is set on object 'Object Repository/RecAndPlayBk/Page-Vlink-CC-Credit/input_Application Id'

2023-02-08 18:21:37 - [MESSAGE][PASSED] - Text '87' is set on object 'Object Repository/RecAndPlayBk/Page-Vlink-CC-Credit/input_Application Id'

2023-02-08 18:21:37 - [TEST_STEP][PASSED] - setText(findTestObject("Object Repository/RecAndPlayBk/Page-Vlink-CC-Credit/input_Username"), username): Text 'username' is set on object 'Object Repository/RecAndPlayBk/Page-Vlink-CC-Credit/input_Username'

2023-02-08 18:21:37 - [MESSAGE][PASSED] - Text 'username' is set on object 'Object Repository/RecAndPlayBk/Page-Vlink-CC-Credit/input_Username'

2023-02-08 18:21:37 - [TEST_STEP][PASSED] - setText(findTestObject("Object Repository/RecAndPlayBk/Page-Vlink-CC-Credit/input_Password"), password): Text 'password' is set on object 'Object Repository/RecAndPlayBk/Page-Vlink-CC-Credit/input_Password'

2023-02-08 18:21:38 - [MESSAGE][PASSED] - Text 'password' is set on object 'Object Repository/RecAndPlayBk/Page-Vlink-CC-Credit/input_Password'

2023-02-08 18:21:38 - [TEST_STEP][PASSED] - setText(findTestObject("Object Repository/RecAndPlayBk/Page-Vlink-CC-Credit/input_Transaction ID"), VLinkSaleTranxID): Text '12125221' is set on object 'Object Repository/RecAndPlayBk/Page-Vlink-CC-Credit/input_Transaction ID'

2023-02-08 18:21:39 - [MESSAGE][PASSED] - Text '12125221' is set on object 'Object Repository/RecAndPlayBk/Page-Vlink-CC-Credit/input_Transaction ID'

2023-02-08 18:21:39 - [TEST_STEP][PASSED] - setText(findTestObject("Object Repository/RecAndPlayBk/Page-Vlink-CC-Credit/input_Amount"), amount): Text '10.5' is set on object 'Object Repository/RecAndPlayBk/Page-Vlink-CC-Credit/input_Amount'

2023-02-08 18:21:39 - [MESSAGE][PASSED] - Text '10.5' is set on object 'Object Repository/RecAndPlayBk/Page-Vlink-CC-Credit/input_Amount'

2023-02-08 18:21:39 - [TEST_STEP][PASSED] - setText(findTestObject("Object Repository/RecAndPlayBk/Page-Vlink-CC-Credit/input_Card number"), ""): Text '' is set on object 'Object Repository/RecAndPlayBk/Page-Vlink-CC-Credit/input_Card number'

2023-02-08 18:21:40 - [MESSAGE][PASSED] - Text '' is set on object 'Object Repository/RecAndPlayBk/Page-Vlink-CC-Credit/input_Card number'

2023-02-08 18:21:40 - [TEST_STEP][PASSED] - setText(findTestObject("Object Repository/RecAndPlayBk/Page-Vlink-CC-Credit/input_Card ex month"), ""): Text '' is set on object 'Object Repository/RecAndPlayBk/Page-Vlink-CC-Credit/input_Card ex month'

2023-02-08 18:21:40 - [MESSAGE][PASSED] - Text '' is set on object 'Object Repository/RecAndPlayBk/Page-Vlink-CC-Credit/input_Card ex month'

2023-02-08 18:21:40 - [TEST_STEP][PASSED] - setText(findTestObject("Object Repository/RecAndPlayBk/Page-Vlink-CC-Credit/input_Card ex year"), ""): Text '' is set on object 'Object Repository/RecAndPlayBk/Page-Vlink-CC-Credit/input_Card ex year'

2023-02-08 18:21:41 - [MESSAGE][PASSED] - Text '' is set on object 'Object Repository/RecAndPlayBk/Page-Vlink-CC-Credit/input_Card ex year'

2023-02-08 18:21:41 - [TEST_STEP][PASSED] - setText(findTestObject("Object Repository/RecAndPlayBk/Page-Vlink-CC-Credit/input_Track Data"), ""): Text '' is set on object 'Object Repository/RecAndPlayBk/Page-Vlink-CC-Credit/input_Track Data'

2023-02-08 18:21:42 - [MESSAGE][PASSED] - Text '' is set on object 'Object Repository/RecAndPlayBk/Page-Vlink-CC-Credit/input_Track Data'

2023-02-08 18:21:42 - [TEST_STEP][PASSED] - setText(findTestObject("Object Repository/RecAndPlayBk/Page-Vlink-CC-Credit/input_Category Code"), category): Text 'ECOM' is set on object 'Object Repository/RecAndPlayBk/Page-Vlink-CC-Credit/input_Category Code'

2023-02-08 18:21:42 - [MESSAGE][PASSED] - Text 'ECOM' is set on object 'Object Repository/RecAndPlayBk/Page-Vlink-CC-Credit/input_Category Code'

2023-02-08 18:21:42 - [TEST_STEP][PASSED] - click(findTestObject("Object Repository/RecAndPlayBk/Page-Vlink-CC-Credit/input")): Object: 'Object Repository/RecAndPlayBk/Page-Vlink-CC-Credit/input' is clicked on

2023-02-08 18:21:44 - [MESSAGE][PASSED] - Object: 'Object Repository/RecAndPlayBk/Page-Vlink-CC-Credit/input' is clicked on

2023-02-08 18:21:44 - [TEST_STEP][PASSED] - if (verifyTextPresent("Transaction approved, no errors", true)): null

2023-02-08 18:21:44 - [MESSAGE][PASSED] - Text 'Transaction approved, no errors' is present on page  using regular expression

2023-02-08 18:21:44 - [TEST_STEP][PASSED] - sdfo = getText(findTestObject("Object Repository/Page_VLinkReceipt/pre_STX")): Text of object 'Object Repository/Page_VLinkReceipt/pre_STX' is: '<STX>BEp80FV6AvhO                  12125222            0  Transaction approved, no errors                   0                                                                                  N TAS955   <ETX>'

2023-02-08 18:21:45 - [MESSAGE][PASSED] - Text of object 'Object Repository/Page_VLinkReceipt/pre_STX' is: '<STX>BEp80FV6AvhO                  12125222            0  Transaction approved, no errors                   0                                                                                  N TAS955   <ETX>'

2023-02-08 18:21:45 - [TEST_STEP][PASSED] - out.println("sdfo: " + sdfo): null

2023-02-08 18:21:45 - [TEST_STEP][PASSED] - remID = substring(5, 35).trim(): null

2023-02-08 18:21:45 - [TEST_STEP][PASSED] - out.println("remID: " + remID): null

2023-02-08 18:21:45 - [TEST_STEP][PASSED] - traxID = substring(35, 55).trim(): null

2023-02-08 18:21:45 - [TEST_STEP][PASSED] - out.println("traxID: " + traxID): null

2023-02-08 18:21:45 - [TEST_STEP][PASSED] - VLinkSaleRemID = remID: null

2023-02-08 18:21:45 - [TEST_STEP][PASSED] - VLinkSaleTranxID = traxID: null

2023-02-08 18:21:45 - [TEST_STEP][PASSED] - openBrowser(VLinkURL + "CC_void.html"): Browser is opened with url: 'https://dev-algorithm.govolution.com/vlinktest/QA/version_2_0/CC_void.html'

2023-02-08 18:21:45 - [MESSAGE][WARNING] - A browser is already opened. Closing browser and opening a new one

2023-02-08 18:21:46 - [MESSAGE][INFO] - Starting 'Chrome' driver

2023-02-08 18:21:46 - [MESSAGE][INFO] - User set preference: ['acceptInsecureCerts', 'true']

2023-02-08 18:21:46 - [MESSAGE][INFO] - Action delay is set to 0 milliseconds

2023-02-08 18:21:47 - [MESSAGE][PASSED] - Browser is opened with url: 'https://dev-algorithm.govolution.com/vlinktest/QA/version_2_0/CC_void.html'

2023-02-08 18:21:47 - [TEST_STEP][PASSED] - maximizeWindow(): Current window maximized

2023-02-08 18:21:48 - [MESSAGE][PASSED] - Current window maximized

2023-02-08 18:21:48 - [TEST_STEP][PASSED] - setText(findTestObject("Object Repository/RecAndPlayBk/Page-Vlink-CC-Void/txt_RemID"), VLinkSaleRemID): Text 'BEp80FV6AvhO' is set on object 'Object Repository/RecAndPlayBk/Page-Vlink-CC-Void/txt_RemID'

2023-02-08 18:21:48 - [MESSAGE][PASSED] - Text 'BEp80FV6AvhO' is set on object 'Object Repository/RecAndPlayBk/Page-Vlink-CC-Void/txt_RemID'

2023-02-08 18:21:48 - [TEST_STEP][PASSED] - setText(findTestObject("Object Repository/RecAndPlayBk/Page-Vlink-CC-Void/txt_ApplicationID"), appID): Text '87' is set on object 'Object Repository/RecAndPlayBk/Page-Vlink-CC-Void/txt_ApplicationID'

2023-02-08 18:21:49 - [MESSAGE][PASSED] - Text '87' is set on object 'Object Repository/RecAndPlayBk/Page-Vlink-CC-Void/txt_ApplicationID'

2023-02-08 18:21:49 - [TEST_STEP][PASSED] - setText(findTestObject("Object Repository/RecAndPlayBk/Page-Vlink-CC-Void/txt_Username"), username): Text 'username' is set on object 'Object Repository/RecAndPlayBk/Page-Vlink-CC-Void/txt_Username'

2023-02-08 18:21:49 - [MESSAGE][PASSED] - Text 'username' is set on object 'Object Repository/RecAndPlayBk/Page-Vlink-CC-Void/txt_Username'

2023-02-08 18:21:49 - [TEST_STEP][PASSED] - setText(findTestObject("Object Repository/RecAndPlayBk/Page-Vlink-CC-Void/txt_Password"), password): Text 'password' is set on object 'Object Repository/RecAndPlayBk/Page-Vlink-CC-Void/txt_Password'

2023-02-08 18:21:50 - [MESSAGE][PASSED] - Text 'password' is set on object 'Object Repository/RecAndPlayBk/Page-Vlink-CC-Void/txt_Password'

2023-02-08 18:21:50 - [TEST_STEP][PASSED] - setText(findTestObject("Object Repository/RecAndPlayBk/Page-Vlink-CC-Void/txt_TransactionID"), VLinkSaleTranxID): Text '12125222' is set on object 'Object Repository/RecAndPlayBk/Page-Vlink-CC-Void/txt_TransactionID'

2023-02-08 18:21:51 - [MESSAGE][PASSED] - Text '12125222' is set on object 'Object Repository/RecAndPlayBk/Page-Vlink-CC-Void/txt_TransactionID'

2023-02-08 18:21:51 - [TEST_STEP][PASSED] - setText(findTestObject("Object Repository/RecAndPlayBk/Page-Vlink-CC-Void/txt_OriginalTransactionType"), "104"): Text '104' is set on object 'Object Repository/RecAndPlayBk/Page-Vlink-CC-Void/txt_OriginalTransactionType'

2023-02-08 18:21:51 - [MESSAGE][PASSED] - Text '104' is set on object 'Object Repository/RecAndPlayBk/Page-Vlink-CC-Void/txt_OriginalTransactionType'

2023-02-08 18:21:51 - [TEST_STEP][PASSED] - setText(findTestObject("Object Repository/RecAndPlayBk/Page-Vlink-CC-Void/txt_TrackData"), ""): Text '' is set on object 'Object Repository/RecAndPlayBk/Page-Vlink-CC-Void/txt_TrackData'

2023-02-08 18:21:52 - [MESSAGE][PASSED] - Text '' is set on object 'Object Repository/RecAndPlayBk/Page-Vlink-CC-Void/txt_TrackData'

2023-02-08 18:21:52 - [TEST_STEP][PASSED] - click(findTestObject("Object Repository/RecAndPlayBk/Page-Vlink-CC-Void/btn_ProcessVLinkTransaction")): Object: 'Object Repository/RecAndPlayBk/Page-Vlink-CC-Void/btn_ProcessVLinkTransaction' is clicked on

2023-02-08 18:21:54 - [MESSAGE][PASSED] - Object: 'Object Repository/RecAndPlayBk/Page-Vlink-CC-Void/btn_ProcessVLinkTransaction' is clicked on

2023-02-08 18:21:54 - [TEST_STEP][PASSED] - if (verifyTextPresent("Transaction approved, no errors", true)): null

2023-02-08 18:21:54 - [MESSAGE][PASSED] - Text 'Transaction approved, no errors' is present on page  using regular expression

2023-02-08 18:21:54 - [TEST_STEP][PASSED] - println("Transaction Approved, no errors text is present on the Confirmation page"): null

2023-02-08 18:21:54 - [TEST_STEP][PASSED] - out.println("Pass Record Number: " + row): null

2023-02-08 18:21:54 - [TEST_STEP][PASSED] - resText = "Pass": null

2023-02-08 18:21:54 - [TEST_STEP][PASSED] - pages.WriteExcel.demoKey(resText, datText, resColumn, datCloumn, fileLoc, nameSheet, row): pages.WriteExcel.demoKey is PASSED

2023-02-08 18:21:55 - [MESSAGE][PASSED] - pages.WriteExcel.demoKey is PASSED

2023-02-08 18:21:55 - [TEST_STEP][PASSED] - ExecuteTC = findTestData(dataFile).getValue("Execute", row): null

2023-02-08 18:21:55 - [TEST_STEP][PASSED] - out.println("Value of Execute is : " + ExecuteTC): null

2023-02-08 18:21:55 - [TEST_STEP][PASSED] - switch (executionProfile): null

2023-02-08 18:21:55 - [TEST_STEP][PASSED] - case "QAProfile":: null

2023-02-08 18:21:55 - [TEST_STEP][PASSED] - appID = findTestData(dataFile).getValue("AppIDQA", row): null

2023-02-08 18:21:55 - [TEST_STEP][PASSED] - username = findTestData(dataFile).getValue("UsernameQA", row): null

2023-02-08 18:21:55 - [TEST_STEP][PASSED] - password = findTestData(dataFile).getValue("PasswordQA", row): null

2023-02-08 18:21:55 - [TEST_STEP][PASSED] - break: null

2023-02-08 18:21:55 - [TEST_STEP][PASSED] - if (ExecuteTC.equalsIgnoreCase("Y")): null

2023-02-08 18:21:55 - [TEST_STEP][PASSED] - out.println("Begin Record Number: " + row): null

2023-02-08 18:21:55 - [TEST_STEP][PASSED] - today = new java.util.Date(): null

2023-02-08 18:21:55 - [TEST_STEP][PASSED] - println(today): null

2023-02-08 18:21:55 - [TEST_STEP][PASSED] - datText = today: null

2023-02-08 18:21:55 - [TEST_STEP][PASSED] - category = findTestData(dataFile).getValue("Category", row): null

2023-02-08 18:21:55 - [TEST_STEP][PASSED] - amount = findTestData(dataFile).getValue("Amount", row): null

2023-02-08 18:21:55 - [TEST_STEP][PASSED] - cardNumber = findTestData(dataFile).getValue("CardNumber", row): null

2023-02-08 18:21:55 - [TEST_STEP][PASSED] - exM = findTestData(dataFile).getValue("ExM", row): null

2023-02-08 18:21:55 - [TEST_STEP][PASSED] - exY = findTestData(dataFile).getValue("ExY", row): null

2023-02-08 18:21:55 - [TEST_STEP][PASSED] - openBrowser(VLinkURL + "authcap.html"): Browser is opened with url: 'https://dev-algorithm.govolution.com/vlinktest/QA/version_2_0/authcap.html'

2023-02-08 18:21:55 - [MESSAGE][WARNING] - A browser is already opened. Closing browser and opening a new one

2023-02-08 18:21:57 - [MESSAGE][INFO] - Starting 'Chrome' driver

2023-02-08 18:21:57 - [MESSAGE][INFO] - User set preference: ['acceptInsecureCerts', 'true']

2023-02-08 18:21:57 - [MESSAGE][INFO] - Action delay is set to 0 milliseconds

2023-02-08 18:21:59 - [MESSAGE][PASSED] - Browser is opened with url: 'https://dev-algorithm.govolution.com/vlinktest/QA/version_2_0/authcap.html'

2023-02-08 18:21:59 - [TEST_STEP][PASSED] - maximizeWindow(): Current window maximized

2023-02-08 18:21:59 - [MESSAGE][PASSED] - Current window maximized

2023-02-08 18:21:59 - [TEST_STEP][PASSED] - maximizeWindow(): Current window maximized

2023-02-08 18:21:59 - [MESSAGE][PASSED] - Current window maximized

2023-02-08 18:21:59 - [TEST_STEP][PASSED] - genRemID = RandomStringUtils.random(12, true, true): null

2023-02-08 18:21:59 - [TEST_STEP][PASSED] - setText(findTestObject("Object Repository/RecAndPlayBk/Page-Vlink-Sale/input_Remittance Id_remittance_id"), genRemID): Text 'iETYDoEWO6xe' is set on object 'Object Repository/RecAndPlayBk/Page-Vlink-Sale/input_Remittance Id_remittance_id'

2023-02-08 18:22:00 - [MESSAGE][PASSED] - Text 'iETYDoEWO6xe' is set on object 'Object Repository/RecAndPlayBk/Page-Vlink-Sale/input_Remittance Id_remittance_id'

2023-02-08 18:22:00 - [TEST_STEP][PASSED] - setText(findTestObject("Object Repository/RecAndPlayBk/Page-Vlink-Sale/input_Application Id_application_id"), appID): Text '581' is set on object 'Object Repository/RecAndPlayBk/Page-Vlink-Sale/input_Application Id_application_id'

2023-02-08 18:22:01 - [MESSAGE][PASSED] - Text '581' is set on object 'Object Repository/RecAndPlayBk/Page-Vlink-Sale/input_Application Id_application_id'

2023-02-08 18:22:01 - [TEST_STEP][PASSED] - setText(findTestObject("Object Repository/RecAndPlayBk/Page-Vlink-Sale/input_Username_username"), username): Text 'usr581' is set on object 'Object Repository/RecAndPlayBk/Page-Vlink-Sale/input_Username_username'

2023-02-08 18:22:01 - [MESSAGE][PASSED] - Text 'usr581' is set on object 'Object Repository/RecAndPlayBk/Page-Vlink-Sale/input_Username_username'

2023-02-08 18:22:01 - [TEST_STEP][PASSED] - setText(findTestObject("Object Repository/RecAndPlayBk/Page-Vlink-Sale/input_Password_password"), password): Text 'pwd581' is set on object 'Object Repository/RecAndPlayBk/Page-Vlink-Sale/input_Password_password'

2023-02-08 18:22:02 - [MESSAGE][PASSED] - Text 'pwd581' is set on object 'Object Repository/RecAndPlayBk/Page-Vlink-Sale/input_Password_password'

2023-02-08 18:22:02 - [TEST_STEP][PASSED] - setText(findTestObject("Object Repository/RecAndPlayBk/Page-Vlink-Sale/input_Category_category"), category): Text 'ECOM' is set on object 'Object Repository/RecAndPlayBk/Page-Vlink-Sale/input_Category_category'

2023-02-08 18:22:03 - [MESSAGE][PASSED] - Text 'ECOM' is set on object 'Object Repository/RecAndPlayBk/Page-Vlink-Sale/input_Category_category'

2023-02-08 18:22:03 - [TEST_STEP][PASSED] - setText(findTestObject("Object Repository/RecAndPlayBk/Page-Vlink-Sale/input_Amount_amount"), amount): Text '10.5' is set on object 'Object Repository/RecAndPlayBk/Page-Vlink-Sale/input_Amount_amount'

2023-02-08 18:22:03 - [MESSAGE][PASSED] - Text '10.5' is set on object 'Object Repository/RecAndPlayBk/Page-Vlink-Sale/input_Amount_amount'

2023-02-08 18:22:03 - [TEST_STEP][PASSED] - doubleClick(findTestObject("Object Repository/RecAndPlayBk/Page-Vlink-Sale/input_Card number_card_number")): Object: 'Object Repository/RecAndPlayBk/Page-Vlink-Sale/input_Card number_card_number' is double clicked on

2023-02-08 18:22:04 - [MESSAGE][PASSED] - Object: 'Object Repository/RecAndPlayBk/Page-Vlink-Sale/input_Card number_card_number' is double clicked on

2023-02-08 18:22:04 - [TEST_STEP][PASSED] - setText(findTestObject("Object Repository/RecAndPlayBk/Page-Vlink-Sale/input_Card number_card_number"), cardNumber): Text '5146312200000035' is set on object 'Object Repository/RecAndPlayBk/Page-Vlink-Sale/input_Card number_card_number'

2023-02-08 18:22:04 - [MESSAGE][PASSED] - Text '5146312200000035' is set on object 'Object Repository/RecAndPlayBk/Page-Vlink-Sale/input_Card number_card_number'

2023-02-08 18:22:04 - [TEST_STEP][PASSED] - setText(findTestObject("Object Repository/RecAndPlayBk/Page-Vlink-Sale/input_Card ex month_card_exmo"), exM): Text '12' is set on object 'Object Repository/RecAndPlayBk/Page-Vlink-Sale/input_Card ex month_card_exmo'

2023-02-08 18:22:05 - [MESSAGE][PASSED] - Text '12' is set on object 'Object Repository/RecAndPlayBk/Page-Vlink-Sale/input_Card ex month_card_exmo'

2023-02-08 18:22:05 - [TEST_STEP][PASSED] - setText(findTestObject("Object Repository/RecAndPlayBk/Page-Vlink-Sale/input_Card ex year_card_exyr"), exY): Text '2029' is set on object 'Object Repository/RecAndPlayBk/Page-Vlink-Sale/input_Card ex year_card_exyr'

2023-02-08 18:22:05 - [MESSAGE][PASSED] - Text '2029' is set on object 'Object Repository/RecAndPlayBk/Page-Vlink-Sale/input_Card ex year_card_exyr'

2023-02-08 18:22:05 - [TEST_STEP][PASSED] - click(findTestObject("Object Repository/RecAndPlayBk/Page-Vlink-Sale/input_Track Data_track_data")): Object: 'Object Repository/RecAndPlayBk/Page-Vlink-Sale/input_Track Data_track_data' is clicked on

2023-02-08 18:22:06 - [MESSAGE][PASSED] - Object: 'Object Repository/RecAndPlayBk/Page-Vlink-Sale/input_Track Data_track_data' is clicked on

2023-02-08 18:22:06 - [TEST_STEP][PASSED] - click(findTestObject("Object Repository/RecAndPlayBk/Page-Vlink-Sale/input_CVV state_cvv_state")): Object: 'Object Repository/RecAndPlayBk/Page-Vlink-Sale/input_CVV state_cvv_state' is clicked on

2023-02-08 18:22:06 - [MESSAGE][PASSED] - Object: 'Object Repository/RecAndPlayBk/Page-Vlink-Sale/input_CVV state_cvv_state' is clicked on

2023-02-08 18:22:06 - [TEST_STEP][PASSED] - setText(findTestObject("Object Repository/RecAndPlayBk/Page-Vlink-Sale/input_Track Data_track_data"), ""): Text '' is set on object 'Object Repository/RecAndPlayBk/Page-Vlink-Sale/input_Track Data_track_data'

2023-02-08 18:22:07 - [MESSAGE][PASSED] - Text '' is set on object 'Object Repository/RecAndPlayBk/Page-Vlink-Sale/input_Track Data_track_data'

2023-02-08 18:22:07 - [TEST_STEP][PASSED] - setText(findTestObject("Object Repository/RecAndPlayBk/Page-Vlink-Sale/input_concat(Cardholder, , s email)_email"), ""): Text '' is set on object 'Object Repository/RecAndPlayBk/Page-Vlink-Sale/input_concat(Cardholder, , s email)_email'

2023-02-08 18:22:07 - [MESSAGE][PASSED] - Text '' is set on object 'Object Repository/RecAndPlayBk/Page-Vlink-Sale/input_concat(Cardholder, , s email)_email'

2023-02-08 18:22:07 - [TEST_STEP][PASSED] - click(findTestObject("Object Repository/RecAndPlayBk/Page-Vlink-Sale/input_user_defined10_user_defined10")): Object: 'Object Repository/RecAndPlayBk/Page-Vlink-Sale/input_user_defined10_user_defined10' is clicked on

2023-02-08 18:22:08 - [MESSAGE][PASSED] - Object: 'Object Repository/RecAndPlayBk/Page-Vlink-Sale/input_user_defined10_user_defined10' is clicked on

2023-02-08 18:22:08 - [TEST_STEP][PASSED] - if (executionProfile.equalsIgnoreCase("QAProfile") || executionProfile.equalsIgnoreCase("DemoProfile")): Text '' is set on object 'Object Repository/RecAndPlayBk/Page-Vlink-Sale/input_COF Transaction Initiated by_cof_tran_6cded5'

2023-02-08 18:22:08 - [TEST_STEP][PASSED] - setText(findTestObject("Object Repository/RecAndPlayBk/Page-Vlink-Sale/input_Card on File Indicator_card_on_file_i_157dae"), ""): Text '' is set on object 'Object Repository/RecAndPlayBk/Page-Vlink-Sale/input_Card on File Indicator_card_on_file_i_157dae'

2023-02-08 18:22:08 - [MESSAGE][PASSED] - Text '' is set on object 'Object Repository/RecAndPlayBk/Page-Vlink-Sale/input_Card on File Indicator_card_on_file_i_157dae'

2023-02-08 18:22:08 - [TEST_STEP][PASSED] - setText(findTestObject("Object Repository/RecAndPlayBk/Page-Vlink-Sale/input_Stored Credential Indicator_stored_cr_4ae73c"), ""): Text '' is set on object 'Object Repository/RecAndPlayBk/Page-Vlink-Sale/input_Stored Credential Indicator_stored_cr_4ae73c'

2023-02-08 18:22:09 - [MESSAGE][PASSED] - Text '' is set on object 'Object Repository/RecAndPlayBk/Page-Vlink-Sale/input_Stored Credential Indicator_stored_cr_4ae73c'

2023-02-08 18:22:09 - [TEST_STEP][PASSED] - setText(findTestObject("Object Repository/RecAndPlayBk/Page-Vlink-Sale/input_COF Scheduled indicator_cof_scheduled_8df7d8"), ""): Text '' is set on object 'Object Repository/RecAndPlayBk/Page-Vlink-Sale/input_COF Scheduled indicator_cof_scheduled_8df7d8'

2023-02-08 18:22:09 - [MESSAGE][PASSED] - Text '' is set on object 'Object Repository/RecAndPlayBk/Page-Vlink-Sale/input_COF Scheduled indicator_cof_scheduled_8df7d8'

2023-02-08 18:22:09 - [TEST_STEP][PASSED] - setText(findTestObject("Object Repository/RecAndPlayBk/Page-Vlink-Sale/input_COF Transaction Initiated by_cof_tran_6cded5"), ""): Text '' is set on object 'Object Repository/RecAndPlayBk/Page-Vlink-Sale/input_COF Transaction Initiated by_cof_tran_6cded5'

2023-02-08 18:22:10 - [MESSAGE][PASSED] - Text '' is set on object 'Object Repository/RecAndPlayBk/Page-Vlink-Sale/input_COF Transaction Initiated by_cof_tran_6cded5'

2023-02-08 18:22:10 - [TEST_STEP][PASSED] - click(findTestObject("Object Repository/RecAndPlayBk/Page-Vlink-Sale/input")): Object: 'Object Repository/RecAndPlayBk/Page-Vlink-Sale/input' is clicked on

2023-02-08 18:22:11 - [MESSAGE][PASSED] - Object: 'Object Repository/RecAndPlayBk/Page-Vlink-Sale/input' is clicked on

2023-02-08 18:22:11 - [TEST_STEP][PASSED] - if (verifyTextPresent("Transaction approved, no errors", true)): null

2023-02-08 18:22:11 - [MESSAGE][PASSED] - Text 'Transaction approved, no errors' is present on page  using regular expression

2023-02-08 18:22:11 - [TEST_STEP][PASSED] - println("Transaction Approved, no errors text is present on the Confirmation page"): null

2023-02-08 18:22:11 - [TEST_STEP][PASSED] - sdfo = getText(findTestObject("Object Repository/Page_VLinkReceipt/pre_STX")): Text of object 'Object Repository/Page_VLinkReceipt/pre_STX' is: '<STX>iETYDoEWO6xe                  12125224            0  Transaction approved, no errors                   0                                                                                  Y 000026   <ETX>'

2023-02-08 18:22:12 - [MESSAGE][PASSED] - Text of object 'Object Repository/Page_VLinkReceipt/pre_STX' is: '<STX>iETYDoEWO6xe                  12125224            0  Transaction approved, no errors                   0                                                                                  Y 000026   <ETX>'

2023-02-08 18:22:12 - [TEST_STEP][PASSED] - out.println("sdfo: " + sdfo): null

2023-02-08 18:22:12 - [TEST_STEP][PASSED] - remID = substring(5, 35).trim(): null

2023-02-08 18:22:12 - [TEST_STEP][PASSED] - out.println("remID: " + remID): null

2023-02-08 18:22:12 - [TEST_STEP][PASSED] - traxID = substring(35, 55).trim(): null

2023-02-08 18:22:12 - [TEST_STEP][PASSED] - out.println("traxID: " + traxID): null

2023-02-08 18:22:12 - [TEST_STEP][PASSED] - VLinkSaleRemID = remID: null

2023-02-08 18:22:12 - [TEST_STEP][PASSED] - VLinkSaleTranxID = traxID: null

2023-02-08 18:22:12 - [TEST_STEP][PASSED] - openBrowser(VLinkURL + "CC_credit.html"): Browser is opened with url: 'https://dev-algorithm.govolution.com/vlinktest/QA/version_2_0/CC_credit.html'

2023-02-08 18:22:12 - [MESSAGE][WARNING] - A browser is already opened. Closing browser and opening a new one

2023-02-08 18:22:13 - [MESSAGE][INFO] - Starting 'Chrome' driver

2023-02-08 18:22:13 - [MESSAGE][INFO] - User set preference: ['acceptInsecureCerts', 'true']

2023-02-08 18:22:13 - [MESSAGE][INFO] - Action delay is set to 0 milliseconds

2023-02-08 18:22:14 - [MESSAGE][PASSED] - Browser is opened with url: 'https://dev-algorithm.govolution.com/vlinktest/QA/version_2_0/CC_credit.html'

2023-02-08 18:22:14 - [TEST_STEP][PASSED] - maximizeWindow(): Current window maximized

2023-02-08 18:22:14 - [MESSAGE][PASSED] - Current window maximized

2023-02-08 18:22:14 - [TEST_STEP][PASSED] - setText(findTestObject("Object Repository/RecAndPlayBk/Page-Vlink-CC-Credit/input_Remittance Id"), VLinkSaleRemID): Text 'iETYDoEWO6xe' is set on object 'Object Repository/RecAndPlayBk/Page-Vlink-CC-Credit/input_Remittance Id'

2023-02-08 18:22:15 - [MESSAGE][PASSED] - Text 'iETYDoEWO6xe' is set on object 'Object Repository/RecAndPlayBk/Page-Vlink-CC-Credit/input_Remittance Id'

2023-02-08 18:22:15 - [TEST_STEP][PASSED] - setText(findTestObject("Object Repository/RecAndPlayBk/Page-Vlink-CC-Credit/input_Application Id"), appID): Text '581' is set on object 'Object Repository/RecAndPlayBk/Page-Vlink-CC-Credit/input_Application Id'

2023-02-08 18:22:16 - [MESSAGE][PASSED] - Text '581' is set on object 'Object Repository/RecAndPlayBk/Page-Vlink-CC-Credit/input_Application Id'

2023-02-08 18:22:16 - [TEST_STEP][PASSED] - setText(findTestObject("Object Repository/RecAndPlayBk/Page-Vlink-CC-Credit/input_Username"), username): Text 'usr581' is set on object 'Object Repository/RecAndPlayBk/Page-Vlink-CC-Credit/input_Username'

2023-02-08 18:22:16 - [MESSAGE][PASSED] - Text 'usr581' is set on object 'Object Repository/RecAndPlayBk/Page-Vlink-CC-Credit/input_Username'

2023-02-08 18:22:16 - [TEST_STEP][PASSED] - setText(findTestObject("Object Repository/RecAndPlayBk/Page-Vlink-CC-Credit/input_Password"), password): Text 'pwd581' is set on object 'Object Repository/RecAndPlayBk/Page-Vlink-CC-Credit/input_Password'

2023-02-08 18:22:17 - [MESSAGE][PASSED] - Text 'pwd581' is set on object 'Object Repository/RecAndPlayBk/Page-Vlink-CC-Credit/input_Password'

2023-02-08 18:22:17 - [TEST_STEP][PASSED] - setText(findTestObject("Object Repository/RecAndPlayBk/Page-Vlink-CC-Credit/input_Transaction ID"), VLinkSaleTranxID): Text '12125224' is set on object 'Object Repository/RecAndPlayBk/Page-Vlink-CC-Credit/input_Transaction ID'

2023-02-08 18:22:17 - [MESSAGE][PASSED] - Text '12125224' is set on object 'Object Repository/RecAndPlayBk/Page-Vlink-CC-Credit/input_Transaction ID'

2023-02-08 18:22:17 - [TEST_STEP][PASSED] - setText(findTestObject("Object Repository/RecAndPlayBk/Page-Vlink-CC-Credit/input_Amount"), amount): Text '10.5' is set on object 'Object Repository/RecAndPlayBk/Page-Vlink-CC-Credit/input_Amount'

2023-02-08 18:22:18 - [MESSAGE][PASSED] - Text '10.5' is set on object 'Object Repository/RecAndPlayBk/Page-Vlink-CC-Credit/input_Amount'

2023-02-08 18:22:18 - [TEST_STEP][PASSED] - setText(findTestObject("Object Repository/RecAndPlayBk/Page-Vlink-CC-Credit/input_Card number"), ""): Text '' is set on object 'Object Repository/RecAndPlayBk/Page-Vlink-CC-Credit/input_Card number'

2023-02-08 18:22:19 - [MESSAGE][PASSED] - Text '' is set on object 'Object Repository/RecAndPlayBk/Page-Vlink-CC-Credit/input_Card number'

2023-02-08 18:22:19 - [TEST_STEP][PASSED] - setText(findTestObject("Object Repository/RecAndPlayBk/Page-Vlink-CC-Credit/input_Card ex month"), ""): Text '' is set on object 'Object Repository/RecAndPlayBk/Page-Vlink-CC-Credit/input_Card ex month'

2023-02-08 18:22:19 - [MESSAGE][PASSED] - Text '' is set on object 'Object Repository/RecAndPlayBk/Page-Vlink-CC-Credit/input_Card ex month'

2023-02-08 18:22:19 - [TEST_STEP][PASSED] - setText(findTestObject("Object Repository/RecAndPlayBk/Page-Vlink-CC-Credit/input_Card ex year"), ""): Text '' is set on object 'Object Repository/RecAndPlayBk/Page-Vlink-CC-Credit/input_Card ex year'

2023-02-08 18:22:20 - [MESSAGE][PASSED] - Text '' is set on object 'Object Repository/RecAndPlayBk/Page-Vlink-CC-Credit/input_Card ex year'

2023-02-08 18:22:20 - [TEST_STEP][PASSED] - setText(findTestObject("Object Repository/RecAndPlayBk/Page-Vlink-CC-Credit/input_Track Data"), ""): Text '' is set on object 'Object Repository/RecAndPlayBk/Page-Vlink-CC-Credit/input_Track Data'

2023-02-08 18:22:20 - [MESSAGE][PASSED] - Text '' is set on object 'Object Repository/RecAndPlayBk/Page-Vlink-CC-Credit/input_Track Data'

2023-02-08 18:22:20 - [TEST_STEP][PASSED] - setText(findTestObject("Object Repository/RecAndPlayBk/Page-Vlink-CC-Credit/input_Category Code"), category): Text 'ECOM' is set on object 'Object Repository/RecAndPlayBk/Page-Vlink-CC-Credit/input_Category Code'

2023-02-08 18:22:21 - [MESSAGE][PASSED] - Text 'ECOM' is set on object 'Object Repository/RecAndPlayBk/Page-Vlink-CC-Credit/input_Category Code'

2023-02-08 18:22:21 - [TEST_STEP][PASSED] - click(findTestObject("Object Repository/RecAndPlayBk/Page-Vlink-CC-Credit/input")): Object: 'Object Repository/RecAndPlayBk/Page-Vlink-CC-Credit/input' is clicked on

2023-02-08 18:22:23 - [MESSAGE][PASSED] - Object: 'Object Repository/RecAndPlayBk/Page-Vlink-CC-Credit/input' is clicked on

2023-02-08 18:22:23 - [TEST_STEP][PASSED] - if (verifyTextPresent("Transaction approved, no errors", true)): null

2023-02-08 18:22:23 - [MESSAGE][PASSED] - Text 'Transaction approved, no errors' is present on page  using regular expression

2023-02-08 18:22:23 - [TEST_STEP][PASSED] - sdfo = getText(findTestObject("Object Repository/Page_VLinkReceipt/pre_STX")): Text of object 'Object Repository/Page_VLinkReceipt/pre_STX' is: '<STX>iETYDoEWO6xe                  12125225            0  Transaction approved, no errors                   0                                                                                    000027   <ETX>'

2023-02-08 18:22:23 - [MESSAGE][PASSED] - Text of object 'Object Repository/Page_VLinkReceipt/pre_STX' is: '<STX>iETYDoEWO6xe                  12125225            0  Transaction approved, no errors                   0                                                                                    000027   <ETX>'

2023-02-08 18:22:23 - [TEST_STEP][PASSED] - out.println("sdfo: " + sdfo): null

2023-02-08 18:22:23 - [TEST_STEP][PASSED] - remID = substring(5, 35).trim(): null

2023-02-08 18:22:23 - [TEST_STEP][PASSED] - out.println("remID: " + remID): null

2023-02-08 18:22:23 - [TEST_STEP][PASSED] - traxID = substring(35, 55).trim(): null

2023-02-08 18:22:23 - [TEST_STEP][PASSED] - out.println("traxID: " + traxID): null

2023-02-08 18:22:23 - [TEST_STEP][PASSED] - VLinkSaleRemID = remID: null

2023-02-08 18:22:23 - [TEST_STEP][PASSED] - VLinkSaleTranxID = traxID: null

2023-02-08 18:22:23 - [TEST_STEP][PASSED] - openBrowser(VLinkURL + "CC_void.html"): Browser is opened with url: 'https://dev-algorithm.govolution.com/vlinktest/QA/version_2_0/CC_void.html'

2023-02-08 18:22:23 - [MESSAGE][WARNING] - A browser is already opened. Closing browser and opening a new one

2023-02-08 18:22:24 - [MESSAGE][INFO] - Starting 'Chrome' driver

2023-02-08 18:22:24 - [MESSAGE][INFO] - User set preference: ['acceptInsecureCerts', 'true']

2023-02-08 18:22:24 - [MESSAGE][INFO] - Action delay is set to 0 milliseconds

2023-02-08 18:22:26 - [MESSAGE][PASSED] - Browser is opened with url: 'https://dev-algorithm.govolution.com/vlinktest/QA/version_2_0/CC_void.html'

2023-02-08 18:22:26 - [TEST_STEP][PASSED] - maximizeWindow(): Current window maximized

2023-02-08 18:22:26 - [MESSAGE][PASSED] - Current window maximized

2023-02-08 18:22:26 - [TEST_STEP][PASSED] - setText(findTestObject("Object Repository/RecAndPlayBk/Page-Vlink-CC-Void/txt_RemID"), VLinkSaleRemID): Text 'iETYDoEWO6xe' is set on object 'Object Repository/RecAndPlayBk/Page-Vlink-CC-Void/txt_RemID'

2023-02-08 18:22:27 - [MESSAGE][PASSED] - Text 'iETYDoEWO6xe' is set on object 'Object Repository/RecAndPlayBk/Page-Vlink-CC-Void/txt_RemID'

2023-02-08 18:22:27 - [TEST_STEP][PASSED] - setText(findTestObject("Object Repository/RecAndPlayBk/Page-Vlink-CC-Void/txt_ApplicationID"), appID): Text '581' is set on object 'Object Repository/RecAndPlayBk/Page-Vlink-CC-Void/txt_ApplicationID'

2023-02-08 18:22:27 - [MESSAGE][PASSED] - Text '581' is set on object 'Object Repository/RecAndPlayBk/Page-Vlink-CC-Void/txt_ApplicationID'

2023-02-08 18:22:27 - [TEST_STEP][PASSED] - setText(findTestObject("Object Repository/RecAndPlayBk/Page-Vlink-CC-Void/txt_Username"), username): Text 'usr581' is set on object 'Object Repository/RecAndPlayBk/Page-Vlink-CC-Void/txt_Username'

2023-02-08 18:22:28 - [MESSAGE][PASSED] - Text 'usr581' is set on object 'Object Repository/RecAndPlayBk/Page-Vlink-CC-Void/txt_Username'

2023-02-08 18:22:28 - [TEST_STEP][PASSED] - setText(findTestObject("Object Repository/RecAndPlayBk/Page-Vlink-CC-Void/txt_Password"), password): Text 'pwd581' is set on object 'Object Repository/RecAndPlayBk/Page-Vlink-CC-Void/txt_Password'

2023-02-08 18:22:28 - [MESSAGE][PASSED] - Text 'pwd581' is set on object 'Object Repository/RecAndPlayBk/Page-Vlink-CC-Void/txt_Password'

2023-02-08 18:22:28 - [TEST_STEP][PASSED] - setText(findTestObject("Object Repository/RecAndPlayBk/Page-Vlink-CC-Void/txt_TransactionID"), VLinkSaleTranxID): Text '12125225' is set on object 'Object Repository/RecAndPlayBk/Page-Vlink-CC-Void/txt_TransactionID'

2023-02-08 18:22:29 - [MESSAGE][PASSED] - Text '12125225' is set on object 'Object Repository/RecAndPlayBk/Page-Vlink-CC-Void/txt_TransactionID'

2023-02-08 18:22:29 - [TEST_STEP][PASSED] - setText(findTestObject("Object Repository/RecAndPlayBk/Page-Vlink-CC-Void/txt_OriginalTransactionType"), "104"): Text '104' is set on object 'Object Repository/RecAndPlayBk/Page-Vlink-CC-Void/txt_OriginalTransactionType'

2023-02-08 18:22:30 - [MESSAGE][PASSED] - Text '104' is set on object 'Object Repository/RecAndPlayBk/Page-Vlink-CC-Void/txt_OriginalTransactionType'

2023-02-08 18:22:30 - [TEST_STEP][PASSED] - setText(findTestObject("Object Repository/RecAndPlayBk/Page-Vlink-CC-Void/txt_TrackData"), ""): Text '' is set on object 'Object Repository/RecAndPlayBk/Page-Vlink-CC-Void/txt_TrackData'

2023-02-08 18:22:30 - [MESSAGE][PASSED] - Text '' is set on object 'Object Repository/RecAndPlayBk/Page-Vlink-CC-Void/txt_TrackData'

2023-02-08 18:22:30 - [TEST_STEP][PASSED] - click(findTestObject("Object Repository/RecAndPlayBk/Page-Vlink-CC-Void/btn_ProcessVLinkTransaction")): Object: 'Object Repository/RecAndPlayBk/Page-Vlink-CC-Void/btn_ProcessVLinkTransaction' is clicked on

2023-02-08 18:22:32 - [MESSAGE][PASSED] - Object: 'Object Repository/RecAndPlayBk/Page-Vlink-CC-Void/btn_ProcessVLinkTransaction' is clicked on

2023-02-08 18:22:32 - [TEST_STEP][PASSED] - if (verifyTextPresent("Transaction approved, no errors", true)): null

2023-02-08 18:22:32 - [MESSAGE][PASSED] - Text 'Transaction approved, no errors' is present on page  using regular expression

2023-02-08 18:22:32 - [TEST_STEP][PASSED] - println("Transaction Approved, no errors text is present on the Confirmation page"): null

2023-02-08 18:22:32 - [TEST_STEP][PASSED] - out.println("Pass Record Number: " + row): null

2023-02-08 18:22:32 - [TEST_STEP][PASSED] - resText = "Pass": null

2023-02-08 18:22:32 - [TEST_STEP][PASSED] - pages.WriteExcel.demoKey(resText, datText, resColumn, datCloumn, fileLoc, nameSheet, row): pages.WriteExcel.demoKey is PASSED

2023-02-08 18:22:32 - [MESSAGE][PASSED] - pages.WriteExcel.demoKey is PASSED]]></system-out>
         <system-err><![CDATA[]]></system-err>
      </testcase>
      <testcase name="Test Cases/RecAndPlayBk/VLink/Auth-Cap-Void" time="171.997" classname="Test Cases/RecAndPlayBk/VLink/Auth-Cap-Void" status="PASSED">
         <system-out><![CDATA[2023-02-08 18:22:32 - [TEST_CASE][PASSED] - Test Cases/RecAndPlayBk/VLink/Auth-Cap-Void: Test Cases/RecAndPlayBk/VLink/Auth-Cap-Void

2023-02-08 18:22:33 - [TEST_STEP][PASSED] - executionProfile = getExecutionProfile(): null

2023-02-08 18:22:33 - [TEST_STEP][PASSED] - out.println("executionProfile : " + executionProfile): null

2023-02-08 18:22:33 - [TEST_STEP][PASSED] - appName = <not implemented yet for class: org.codehaus.groovy.ast.expr.EmptyExpression>: null

2023-02-08 18:22:33 - [TEST_STEP][PASSED] - appID = <not implemented yet for class: org.codehaus.groovy.ast.expr.EmptyExpression>: null

2023-02-08 18:22:33 - [TEST_STEP][PASSED] - username = <not implemented yet for class: org.codehaus.groovy.ast.expr.EmptyExpression>: null

2023-02-08 18:22:33 - [TEST_STEP][PASSED] - password = <not implemented yet for class: org.codehaus.groovy.ast.expr.EmptyExpression>: null

2023-02-08 18:22:33 - [TEST_STEP][PASSED] - cardNameV = <not implemented yet for class: org.codehaus.groovy.ast.expr.EmptyExpression>: null

2023-02-08 18:22:33 - [TEST_STEP][PASSED] - al1V = <not implemented yet for class: org.codehaus.groovy.ast.expr.EmptyExpression>: null

2023-02-08 18:22:33 - [TEST_STEP][PASSED] - al2V = <not implemented yet for class: org.codehaus.groovy.ast.expr.EmptyExpression>: null

2023-02-08 18:22:33 - [TEST_STEP][PASSED] - zipV = <not implemented yet for class: org.codehaus.groovy.ast.expr.EmptyExpression>: null

2023-02-08 18:22:33 - [TEST_STEP][PASSED] - cardTypeV = <not implemented yet for class: org.codehaus.groovy.ast.expr.EmptyExpression>: null

2023-02-08 18:22:33 - [TEST_STEP][PASSED] - last4V = <not implemented yet for class: org.codehaus.groovy.ast.expr.EmptyExpression>: null

2023-02-08 18:22:33 - [TEST_STEP][PASSED] - resText = "Fail": null

2023-02-08 18:22:33 - [TEST_STEP][PASSED] - resColumn = "Result": null

2023-02-08 18:22:33 - [TEST_STEP][PASSED] - datCloumn = "Date": null

2023-02-08 18:22:33 - [TEST_STEP][PASSED] - fileLoc = "KatalonData/VLinkSmokeData.xlsx": null

2023-02-08 18:22:33 - [TEST_STEP][PASSED] - numOfRows = <not implemented yet for class: org.codehaus.groovy.ast.expr.EmptyExpression>: null

2023-02-08 18:22:33 - [TEST_STEP][PASSED] - dataFile = <not implemented yet for class: org.codehaus.groovy.ast.expr.EmptyExpression>: null

2023-02-08 18:22:33 - [TEST_STEP][PASSED] - nameSheet = <not implemented yet for class: org.codehaus.groovy.ast.expr.EmptyExpression>: null

2023-02-08 18:22:33 - [TEST_STEP][PASSED] - nameSheet = "Auth-Cap-Void": null

2023-02-08 18:22:33 - [TEST_STEP][PASSED] - numOfRows = findTestData("QA/VLinkTestData/VLinkAuthCapVoidData").getRowNumbers(): null

2023-02-08 18:22:33 - [TEST_STEP][PASSED] - println("Number of Records: " + numOfRows): null

2023-02-08 18:22:33 - [TEST_STEP][PASSED] - dataFile = "QA/VLinkTestData/VLinkAuthCapVoidData": null

2023-02-08 18:22:33 - [TEST_STEP][PASSED] - for ([row = 1, row <= numOfRows, (row++)]): null

2023-02-08 18:22:33 - [TEST_STEP][PASSED] - ExecuteTC = findTestData(dataFile).getValue("Execute", row): null

2023-02-08 18:22:33 - [TEST_STEP][PASSED] - out.println("Value of Execute is : " + ExecuteTC): null

2023-02-08 18:22:33 - [TEST_STEP][PASSED] - switch (executionProfile): null

2023-02-08 18:22:33 - [TEST_STEP][PASSED] - case "QAProfile":: null

2023-02-08 18:22:33 - [TEST_STEP][PASSED] - appID = findTestData(dataFile).getValue("AppIDQA", row): null

2023-02-08 18:22:33 - [TEST_STEP][PASSED] - username = findTestData(dataFile).getValue("UsernameQA", row): null

2023-02-08 18:22:33 - [TEST_STEP][PASSED] - password = findTestData(dataFile).getValue("PasswordQA", row): null

2023-02-08 18:22:33 - [TEST_STEP][PASSED] - break: null

2023-02-08 18:22:33 - [TEST_STEP][PASSED] - if (ExecuteTC.equalsIgnoreCase("Y")): null

2023-02-08 18:22:33 - [TEST_STEP][PASSED] - out.println("Begin Record Number: " + row): null

2023-02-08 18:22:33 - [TEST_STEP][PASSED] - today = new java.util.Date(): null

2023-02-08 18:22:33 - [TEST_STEP][PASSED] - println(today): null

2023-02-08 18:22:33 - [TEST_STEP][PASSED] - datText = today: null

2023-02-08 18:22:33 - [TEST_STEP][PASSED] - category = findTestData(dataFile).getValue("Category", row): null

2023-02-08 18:22:33 - [TEST_STEP][PASSED] - amount = findTestData(dataFile).getValue("Amount", row): null

2023-02-08 18:22:34 - [TEST_STEP][PASSED] - cardNumber = findTestData(dataFile).getValue("CardNumber", row): null

2023-02-08 18:22:34 - [TEST_STEP][PASSED] - exM = findTestData(dataFile).getValue("ExM", row): null

2023-02-08 18:22:34 - [TEST_STEP][PASSED] - exY = findTestData(dataFile).getValue("ExY", row): null

2023-02-08 18:22:34 - [TEST_STEP][PASSED] - openBrowser(VLinkURL + "auth.html"): Browser is opened with url: 'https://dev-algorithm.govolution.com/vlinktest/QA/version_2_0/auth.html'

2023-02-08 18:22:34 - [MESSAGE][WARNING] - A browser is already opened. Closing browser and opening a new one

2023-02-08 18:22:35 - [MESSAGE][INFO] - Starting 'Chrome' driver

2023-02-08 18:22:35 - [MESSAGE][INFO] - User set preference: ['acceptInsecureCerts', 'true']

2023-02-08 18:22:35 - [MESSAGE][INFO] - Action delay is set to 0 milliseconds

2023-02-08 18:22:36 - [MESSAGE][PASSED] - Browser is opened with url: 'https://dev-algorithm.govolution.com/vlinktest/QA/version_2_0/auth.html'

2023-02-08 18:22:36 - [TEST_STEP][PASSED] - maximizeWindow(): Current window maximized

2023-02-08 18:22:37 - [MESSAGE][PASSED] - Current window maximized

2023-02-08 18:22:37 - [TEST_STEP][PASSED] - genRemID = RandomStringUtils.random(12, true, true): null

2023-02-08 18:22:37 - [TEST_STEP][PASSED] - setText(findTestObject("Object Repository/RecAndPlayBk/Page-Vlink-AuthOnly/input_Remittance Id_remittance_id"), genRemID): Text 'xWxx2Q3L9wV3' is set on object 'Object Repository/RecAndPlayBk/Page-Vlink-AuthOnly/input_Remittance Id_remittance_id'

2023-02-08 18:22:37 - [MESSAGE][PASSED] - Text 'xWxx2Q3L9wV3' is set on object 'Object Repository/RecAndPlayBk/Page-Vlink-AuthOnly/input_Remittance Id_remittance_id'

2023-02-08 18:22:37 - [TEST_STEP][PASSED] - setText(findTestObject("Object Repository/RecAndPlayBk/Page-Vlink-AuthOnly/input_Application Id_application_id"), appID): Text '234' is set on object 'Object Repository/RecAndPlayBk/Page-Vlink-AuthOnly/input_Application Id_application_id'

2023-02-08 18:22:38 - [MESSAGE][PASSED] - Text '234' is set on object 'Object Repository/RecAndPlayBk/Page-Vlink-AuthOnly/input_Application Id_application_id'

2023-02-08 18:22:38 - [TEST_STEP][PASSED] - setText(findTestObject("Object Repository/RecAndPlayBk/Page-Vlink-AuthOnly/input_Username_username"), username): Text 'username' is set on object 'Object Repository/RecAndPlayBk/Page-Vlink-AuthOnly/input_Username_username'

2023-02-08 18:22:39 - [MESSAGE][PASSED] - Text 'username' is set on object 'Object Repository/RecAndPlayBk/Page-Vlink-AuthOnly/input_Username_username'

2023-02-08 18:22:39 - [TEST_STEP][PASSED] - setText(findTestObject("Object Repository/RecAndPlayBk/Page-Vlink-AuthOnly/input_Password_password"), password): Text 'password' is set on object 'Object Repository/RecAndPlayBk/Page-Vlink-AuthOnly/input_Password_password'

2023-02-08 18:22:39 - [MESSAGE][PASSED] - Text 'password' is set on object 'Object Repository/RecAndPlayBk/Page-Vlink-AuthOnly/input_Password_password'

2023-02-08 18:22:39 - [TEST_STEP][PASSED] - setText(findTestObject("Object Repository/RecAndPlayBk/Page-Vlink-AuthOnly/input_Category_category"), category): Text 'ECOM' is set on object 'Object Repository/RecAndPlayBk/Page-Vlink-AuthOnly/input_Category_category'

2023-02-08 18:22:40 - [MESSAGE][PASSED] - Text 'ECOM' is set on object 'Object Repository/RecAndPlayBk/Page-Vlink-AuthOnly/input_Category_category'

2023-02-08 18:22:40 - [TEST_STEP][PASSED] - setText(findTestObject("Object Repository/RecAndPlayBk/Page-Vlink-AuthOnly/input_Amount_amount"), amount): Text '10.5' is set on object 'Object Repository/RecAndPlayBk/Page-Vlink-AuthOnly/input_Amount_amount'

2023-02-08 18:22:40 - [MESSAGE][PASSED] - Text '10.5' is set on object 'Object Repository/RecAndPlayBk/Page-Vlink-AuthOnly/input_Amount_amount'

2023-02-08 18:22:40 - [TEST_STEP][PASSED] - doubleClick(findTestObject("Object Repository/RecAndPlayBk/Page-Vlink-AuthOnly/input_Card number_card_number")): Object: 'Object Repository/RecAndPlayBk/Page-Vlink-AuthOnly/input_Card number_card_number' is double clicked on

2023-02-08 18:22:41 - [MESSAGE][PASSED] - Object: 'Object Repository/RecAndPlayBk/Page-Vlink-AuthOnly/input_Card number_card_number' is double clicked on

2023-02-08 18:22:41 - [TEST_STEP][PASSED] - setText(findTestObject("Object Repository/RecAndPlayBk/Page-Vlink-AuthOnly/input_Card number_card_number"), cardNumber): Text '4111111111111111' is set on object 'Object Repository/RecAndPlayBk/Page-Vlink-AuthOnly/input_Card number_card_number'

2023-02-08 18:22:41 - [MESSAGE][PASSED] - Text '4111111111111111' is set on object 'Object Repository/RecAndPlayBk/Page-Vlink-AuthOnly/input_Card number_card_number'

2023-02-08 18:22:41 - [TEST_STEP][PASSED] - setText(findTestObject("Object Repository/RecAndPlayBk/Page-Vlink-AuthOnly/input_Card ex month_card_exmo"), exM): Text '12' is set on object 'Object Repository/RecAndPlayBk/Page-Vlink-AuthOnly/input_Card ex month_card_exmo'

2023-02-08 18:22:42 - [MESSAGE][PASSED] - Text '12' is set on object 'Object Repository/RecAndPlayBk/Page-Vlink-AuthOnly/input_Card ex month_card_exmo'

2023-02-08 18:22:42 - [TEST_STEP][PASSED] - setText(findTestObject("Object Repository/RecAndPlayBk/Page-Vlink-AuthOnly/input_Card ex year_card_exyr"), exY): Text '2029' is set on object 'Object Repository/RecAndPlayBk/Page-Vlink-AuthOnly/input_Card ex year_card_exyr'

2023-02-08 18:22:43 - [MESSAGE][PASSED] - Text '2029' is set on object 'Object Repository/RecAndPlayBk/Page-Vlink-AuthOnly/input_Card ex year_card_exyr'

2023-02-08 18:22:43 - [TEST_STEP][PASSED] - click(findTestObject("Object Repository/RecAndPlayBk/Page-Vlink-AuthOnly/input_Track Data_track_data")): Object: 'Object Repository/RecAndPlayBk/Page-Vlink-AuthOnly/input_Track Data_track_data' is clicked on

2023-02-08 18:22:43 - [MESSAGE][PASSED] - Object: 'Object Repository/RecAndPlayBk/Page-Vlink-AuthOnly/input_Track Data_track_data' is clicked on

2023-02-08 18:22:43 - [TEST_STEP][PASSED] - click(findTestObject("Object Repository/RecAndPlayBk/Page-Vlink-AuthOnly/input_CVV state_cvv_state")): Object: 'Object Repository/RecAndPlayBk/Page-Vlink-AuthOnly/input_CVV state_cvv_state' is clicked on

2023-02-08 18:22:43 - [MESSAGE][PASSED] - Object: 'Object Repository/RecAndPlayBk/Page-Vlink-AuthOnly/input_CVV state_cvv_state' is clicked on

2023-02-08 18:22:43 - [TEST_STEP][PASSED] - setText(findTestObject("Object Repository/RecAndPlayBk/Page-Vlink-AuthOnly/input_Track Data_track_data"), ""): Text '' is set on object 'Object Repository/RecAndPlayBk/Page-Vlink-AuthOnly/input_Track Data_track_data'

2023-02-08 18:22:44 - [MESSAGE][PASSED] - Text '' is set on object 'Object Repository/RecAndPlayBk/Page-Vlink-AuthOnly/input_Track Data_track_data'

2023-02-08 18:22:44 - [TEST_STEP][PASSED] - setText(findTestObject("Object Repository/RecAndPlayBk/Page-Vlink-AuthOnly/input_concat(Cardholder, , s email)_email"), ""): Text '' is set on object 'Object Repository/RecAndPlayBk/Page-Vlink-AuthOnly/input_concat(Cardholder, , s email)_email'

2023-02-08 18:22:45 - [MESSAGE][PASSED] - Text '' is set on object 'Object Repository/RecAndPlayBk/Page-Vlink-AuthOnly/input_concat(Cardholder, , s email)_email'

2023-02-08 18:22:45 - [TEST_STEP][PASSED] - click(findTestObject("Object Repository/RecAndPlayBk/Page-Vlink-AuthOnly/input_user_defined10_user_defined10")): Object: 'Object Repository/RecAndPlayBk/Page-Vlink-AuthOnly/input_user_defined10_user_defined10' is clicked on

2023-02-08 18:22:45 - [MESSAGE][PASSED] - Object: 'Object Repository/RecAndPlayBk/Page-Vlink-AuthOnly/input_user_defined10_user_defined10' is clicked on

2023-02-08 18:22:45 - [TEST_STEP][PASSED] - if (executionProfile.equalsIgnoreCase("QAProfile")): Text '' is set on object 'Object Repository/RecAndPlayBk/Page-Vlink-AuthOnly/input_COF Transaction Initiated by_cof_tran_6cded5'

2023-02-08 18:22:45 - [TEST_STEP][PASSED] - setText(findTestObject("Object Repository/RecAndPlayBk/Page-Vlink-AuthOnly/input_Card on File Indicator_card_on_file_i_157dae"), ""): Text '' is set on object 'Object Repository/RecAndPlayBk/Page-Vlink-AuthOnly/input_Card on File Indicator_card_on_file_i_157dae'

2023-02-08 18:22:45 - [MESSAGE][PASSED] - Text '' is set on object 'Object Repository/RecAndPlayBk/Page-Vlink-AuthOnly/input_Card on File Indicator_card_on_file_i_157dae'

2023-02-08 18:22:45 - [TEST_STEP][PASSED] - setText(findTestObject("Object Repository/RecAndPlayBk/Page-Vlink-AuthOnly/input_Stored Credential Indicator_stored_cr_4ae73c"), ""): Text '' is set on object 'Object Repository/RecAndPlayBk/Page-Vlink-AuthOnly/input_Stored Credential Indicator_stored_cr_4ae73c'

2023-02-08 18:22:46 - [MESSAGE][PASSED] - Text '' is set on object 'Object Repository/RecAndPlayBk/Page-Vlink-AuthOnly/input_Stored Credential Indicator_stored_cr_4ae73c'

2023-02-08 18:22:46 - [TEST_STEP][PASSED] - setText(findTestObject("Object Repository/RecAndPlayBk/Page-Vlink-AuthOnly/input_COF Scheduled indicator_cof_scheduled_8df7d8"), ""): Text '' is set on object 'Object Repository/RecAndPlayBk/Page-Vlink-AuthOnly/input_COF Scheduled indicator_cof_scheduled_8df7d8'

2023-02-08 18:22:47 - [MESSAGE][PASSED] - Text '' is set on object 'Object Repository/RecAndPlayBk/Page-Vlink-AuthOnly/input_COF Scheduled indicator_cof_scheduled_8df7d8'

2023-02-08 18:22:47 - [TEST_STEP][PASSED] - setText(findTestObject("Object Repository/RecAndPlayBk/Page-Vlink-AuthOnly/input_COF Transaction Initiated by_cof_tran_6cded5"), ""): Text '' is set on object 'Object Repository/RecAndPlayBk/Page-Vlink-AuthOnly/input_COF Transaction Initiated by_cof_tran_6cded5'

2023-02-08 18:22:47 - [MESSAGE][PASSED] - Text '' is set on object 'Object Repository/RecAndPlayBk/Page-Vlink-AuthOnly/input_COF Transaction Initiated by_cof_tran_6cded5'

2023-02-08 18:22:47 - [TEST_STEP][PASSED] - click(findTestObject("Object Repository/RecAndPlayBk/Page-Vlink-AuthOnly/input")): Object: 'Object Repository/RecAndPlayBk/Page-Vlink-AuthOnly/input' is clicked on

2023-02-08 18:22:48 - [MESSAGE][PASSED] - Object: 'Object Repository/RecAndPlayBk/Page-Vlink-AuthOnly/input' is clicked on

2023-02-08 18:22:48 - [TEST_STEP][PASSED] - if (verifyTextPresent("Transaction approved, no errors", true)): null

2023-02-08 18:22:48 - [MESSAGE][PASSED] - Text 'Transaction approved, no errors' is present on page  using regular expression

2023-02-08 18:22:48 - [TEST_STEP][PASSED] - out.println("Auth was successful, Capture now"): null

2023-02-08 18:22:48 - [TEST_STEP][PASSED] - sdfo = getText(findTestObject("Object Repository/Page_VLinkReceipt/pre_STX")): Text of object 'Object Repository/Page_VLinkReceipt/pre_STX' is: '<STX>xWxx2Q3L9wV3                  12125227            0  Transaction approved, no errors                   0                                                                                  Y 861065551<ETX>'

2023-02-08 18:22:49 - [MESSAGE][PASSED] - Text of object 'Object Repository/Page_VLinkReceipt/pre_STX' is: '<STX>xWxx2Q3L9wV3                  12125227            0  Transaction approved, no errors                   0                                                                                  Y 861065551<ETX>'

2023-02-08 18:22:49 - [TEST_STEP][PASSED] - out.println("sdfo: " + sdfo): null

2023-02-08 18:22:49 - [TEST_STEP][PASSED] - remID = substring(5, 35).trim(): null

2023-02-08 18:22:49 - [TEST_STEP][PASSED] - out.println("remID: " + remID): null

2023-02-08 18:22:49 - [TEST_STEP][PASSED] - traxID = substring(35, 55).trim(): null

2023-02-08 18:22:49 - [TEST_STEP][PASSED] - out.println("traxID: " + traxID): null

2023-02-08 18:22:49 - [TEST_STEP][PASSED] - VLinkSaleRemID = remID: null

2023-02-08 18:22:49 - [TEST_STEP][PASSED] - VLinkSaleTranxID = traxID: null

2023-02-08 18:22:49 - [TEST_STEP][PASSED] - openBrowser(VLinkURL + "capture.html"): Browser is opened with url: 'https://dev-algorithm.govolution.com/vlinktest/QA/version_2_0/capture.html'

2023-02-08 18:22:49 - [MESSAGE][WARNING] - A browser is already opened. Closing browser and opening a new one

2023-02-08 18:22:50 - [MESSAGE][INFO] - Starting 'Chrome' driver

2023-02-08 18:22:50 - [MESSAGE][INFO] - User set preference: ['acceptInsecureCerts', 'true']

2023-02-08 18:22:50 - [MESSAGE][INFO] - Action delay is set to 0 milliseconds

2023-02-08 18:22:52 - [MESSAGE][PASSED] - Browser is opened with url: 'https://dev-algorithm.govolution.com/vlinktest/QA/version_2_0/capture.html'

2023-02-08 18:22:52 - [TEST_STEP][PASSED] - maximizeWindow(): Current window maximized

2023-02-08 18:22:52 - [MESSAGE][PASSED] - Current window maximized

2023-02-08 18:22:52 - [TEST_STEP][PASSED] - setText(findTestObject("Object Repository/RecAndPlayBk/Page-VLink-Capture/input_Remittance Id_remittance_id"), VLinkSaleRemID): Text 'xWxx2Q3L9wV3' is set on object 'Object Repository/RecAndPlayBk/Page-VLink-Capture/input_Remittance Id_remittance_id'

2023-02-08 18:22:53 - [MESSAGE][PASSED] - Text 'xWxx2Q3L9wV3' is set on object 'Object Repository/RecAndPlayBk/Page-VLink-Capture/input_Remittance Id_remittance_id'

2023-02-08 18:22:53 - [TEST_STEP][PASSED] - setText(findTestObject("Object Repository/RecAndPlayBk/Page-VLink-Capture/input_Application Id_application_id"), appID): Text '234' is set on object 'Object Repository/RecAndPlayBk/Page-VLink-Capture/input_Application Id_application_id'

2023-02-08 18:22:53 - [MESSAGE][PASSED] - Text '234' is set on object 'Object Repository/RecAndPlayBk/Page-VLink-Capture/input_Application Id_application_id'

2023-02-08 18:22:53 - [TEST_STEP][PASSED] - setText(findTestObject("Object Repository/RecAndPlayBk/Page-VLink-Capture/input_Username_username"), username): Text 'username' is set on object 'Object Repository/RecAndPlayBk/Page-VLink-Capture/input_Username_username'

2023-02-08 18:22:54 - [MESSAGE][PASSED] - Text 'username' is set on object 'Object Repository/RecAndPlayBk/Page-VLink-Capture/input_Username_username'

2023-02-08 18:22:54 - [TEST_STEP][PASSED] - setText(findTestObject("Object Repository/RecAndPlayBk/Page-VLink-Capture/input_Password_password"), password): Text 'password' is set on object 'Object Repository/RecAndPlayBk/Page-VLink-Capture/input_Password_password'

2023-02-08 18:22:54 - [MESSAGE][PASSED] - Text 'password' is set on object 'Object Repository/RecAndPlayBk/Page-VLink-Capture/input_Password_password'

2023-02-08 18:22:54 - [TEST_STEP][PASSED] - setText(findTestObject("Object Repository/RecAndPlayBk/Page-VLink-Capture/input_Transaction ID_transaction_id"), VLinkSaleTranxID): Text '12125227' is set on object 'Object Repository/RecAndPlayBk/Page-VLink-Capture/input_Transaction ID_transaction_id'

2023-02-08 18:22:55 - [MESSAGE][PASSED] - Text '12125227' is set on object 'Object Repository/RecAndPlayBk/Page-VLink-Capture/input_Transaction ID_transaction_id'

2023-02-08 18:22:55 - [TEST_STEP][PASSED] - setText(findTestObject("Object Repository/RecAndPlayBk/Page-VLink-Capture/input_Amount_amount"), amount): Text '10.5' is set on object 'Object Repository/RecAndPlayBk/Page-VLink-Capture/input_Amount_amount'

2023-02-08 18:22:56 - [MESSAGE][PASSED] - Text '10.5' is set on object 'Object Repository/RecAndPlayBk/Page-VLink-Capture/input_Amount_amount'

2023-02-08 18:22:56 - [TEST_STEP][PASSED] - click(findTestObject("Object Repository/RecAndPlayBk/Page-VLink-Capture/input")): Object: 'Object Repository/RecAndPlayBk/Page-VLink-Capture/input' is clicked on

2023-02-08 18:22:57 - [MESSAGE][PASSED] - Object: 'Object Repository/RecAndPlayBk/Page-VLink-Capture/input' is clicked on

2023-02-08 18:22:57 - [TEST_STEP][PASSED] - if (verifyTextPresent("Transaction approved, no errors", true)): null

2023-02-08 18:22:57 - [MESSAGE][PASSED] - Text 'Transaction approved, no errors' is present on page  using regular expression

2023-02-08 18:22:57 - [TEST_STEP][PASSED] - sdfo = getText(findTestObject("Object Repository/Page_VLinkReceipt/pre_STX")): Text of object 'Object Repository/Page_VLinkReceipt/pre_STX' is: '<STX>xWxx2Q3L9wV3                  12125228            0  Transaction approved, no errors                   0                                                                                  Y 861065551<ETX>'

2023-02-08 18:22:57 - [MESSAGE][PASSED] - Text of object 'Object Repository/Page_VLinkReceipt/pre_STX' is: '<STX>xWxx2Q3L9wV3                  12125228            0  Transaction approved, no errors                   0                                                                                  Y 861065551<ETX>'

2023-02-08 18:22:57 - [TEST_STEP][PASSED] - out.println("sdfo: " + sdfo): null

2023-02-08 18:22:57 - [TEST_STEP][PASSED] - remID = substring(5, 35).trim(): null

2023-02-08 18:22:57 - [TEST_STEP][PASSED] - out.println("remID: " + remID): null

2023-02-08 18:22:57 - [TEST_STEP][PASSED] - traxID = substring(35, 55).trim(): null

2023-02-08 18:22:57 - [TEST_STEP][PASSED] - out.println("traxID: " + traxID): null

2023-02-08 18:22:57 - [TEST_STEP][PASSED] - VLinkSaleRemID = remID: null

2023-02-08 18:22:57 - [TEST_STEP][PASSED] - VLinkSaleTranxID = traxID: null

2023-02-08 18:22:57 - [TEST_STEP][PASSED] - openBrowser(VLinkURL + "CC_void.html"): Browser is opened with url: 'https://dev-algorithm.govolution.com/vlinktest/QA/version_2_0/CC_void.html'

2023-02-08 18:22:57 - [MESSAGE][WARNING] - A browser is already opened. Closing browser and opening a new one

2023-02-08 18:22:59 - [MESSAGE][INFO] - Starting 'Chrome' driver

2023-02-08 18:22:59 - [MESSAGE][INFO] - User set preference: ['acceptInsecureCerts', 'true']

2023-02-08 18:22:59 - [MESSAGE][INFO] - Action delay is set to 0 milliseconds

2023-02-08 18:23:00 - [MESSAGE][PASSED] - Browser is opened with url: 'https://dev-algorithm.govolution.com/vlinktest/QA/version_2_0/CC_void.html'

2023-02-08 18:23:00 - [TEST_STEP][PASSED] - maximizeWindow(): Current window maximized

2023-02-08 18:23:01 - [MESSAGE][PASSED] - Current window maximized

2023-02-08 18:23:01 - [TEST_STEP][PASSED] - setText(findTestObject("Object Repository/RecAndPlayBk/Page-Vlink-CC-Void/txt_RemID"), VLinkSaleRemID): Text 'xWxx2Q3L9wV3' is set on object 'Object Repository/RecAndPlayBk/Page-Vlink-CC-Void/txt_RemID'

2023-02-08 18:23:01 - [MESSAGE][PASSED] - Text 'xWxx2Q3L9wV3' is set on object 'Object Repository/RecAndPlayBk/Page-Vlink-CC-Void/txt_RemID'

2023-02-08 18:23:01 - [TEST_STEP][PASSED] - setText(findTestObject("Object Repository/RecAndPlayBk/Page-Vlink-CC-Void/txt_ApplicationID"), appID): Text '234' is set on object 'Object Repository/RecAndPlayBk/Page-Vlink-CC-Void/txt_ApplicationID'

2023-02-08 18:23:02 - [MESSAGE][PASSED] - Text '234' is set on object 'Object Repository/RecAndPlayBk/Page-Vlink-CC-Void/txt_ApplicationID'

2023-02-08 18:23:02 - [TEST_STEP][PASSED] - setText(findTestObject("Object Repository/RecAndPlayBk/Page-Vlink-CC-Void/txt_Username"), username): Text 'username' is set on object 'Object Repository/RecAndPlayBk/Page-Vlink-CC-Void/txt_Username'

2023-02-08 18:23:03 - [MESSAGE][PASSED] - Text 'username' is set on object 'Object Repository/RecAndPlayBk/Page-Vlink-CC-Void/txt_Username'

2023-02-08 18:23:03 - [TEST_STEP][PASSED] - setText(findTestObject("Object Repository/RecAndPlayBk/Page-Vlink-CC-Void/txt_Password"), password): Text 'password' is set on object 'Object Repository/RecAndPlayBk/Page-Vlink-CC-Void/txt_Password'

2023-02-08 18:23:03 - [MESSAGE][PASSED] - Text 'password' is set on object 'Object Repository/RecAndPlayBk/Page-Vlink-CC-Void/txt_Password'

2023-02-08 18:23:03 - [TEST_STEP][PASSED] - setText(findTestObject("Object Repository/RecAndPlayBk/Page-Vlink-CC-Void/txt_TransactionID"), VLinkSaleTranxID): Text '12125228' is set on object 'Object Repository/RecAndPlayBk/Page-Vlink-CC-Void/txt_TransactionID'

2023-02-08 18:23:04 - [MESSAGE][PASSED] - Text '12125228' is set on object 'Object Repository/RecAndPlayBk/Page-Vlink-CC-Void/txt_TransactionID'

2023-02-08 18:23:04 - [TEST_STEP][PASSED] - setText(findTestObject("Object Repository/RecAndPlayBk/Page-Vlink-CC-Void/txt_OriginalTransactionType"), "102"): Text '102' is set on object 'Object Repository/RecAndPlayBk/Page-Vlink-CC-Void/txt_OriginalTransactionType'

2023-02-08 18:23:04 - [MESSAGE][PASSED] - Text '102' is set on object 'Object Repository/RecAndPlayBk/Page-Vlink-CC-Void/txt_OriginalTransactionType'

2023-02-08 18:23:04 - [TEST_STEP][PASSED] - setText(findTestObject("Object Repository/RecAndPlayBk/Page-Vlink-CC-Void/txt_TrackData"), ""): Text '' is set on object 'Object Repository/RecAndPlayBk/Page-Vlink-CC-Void/txt_TrackData'

2023-02-08 18:23:05 - [MESSAGE][PASSED] - Text '' is set on object 'Object Repository/RecAndPlayBk/Page-Vlink-CC-Void/txt_TrackData'

2023-02-08 18:23:05 - [TEST_STEP][PASSED] - click(findTestObject("Object Repository/RecAndPlayBk/Page-Vlink-CC-Void/btn_ProcessVLinkTransaction")): Object: 'Object Repository/RecAndPlayBk/Page-Vlink-CC-Void/btn_ProcessVLinkTransaction' is clicked on

2023-02-08 18:23:06 - [MESSAGE][PASSED] - Object: 'Object Repository/RecAndPlayBk/Page-Vlink-CC-Void/btn_ProcessVLinkTransaction' is clicked on

2023-02-08 18:23:06 - [TEST_STEP][PASSED] - if (verifyTextPresent("Transaction approved, no errors", true)): null

2023-02-08 18:23:07 - [MESSAGE][PASSED] - Text 'Transaction approved, no errors' is present on page  using regular expression

2023-02-08 18:23:07 - [TEST_STEP][PASSED] - println("Transaction Approved, no errors text is present on the Confirmation page"): null

2023-02-08 18:23:07 - [TEST_STEP][PASSED] - out.println("Pass Record Number: " + row): null

2023-02-08 18:23:07 - [TEST_STEP][PASSED] - resText = "Pass": null

2023-02-08 18:23:07 - [TEST_STEP][PASSED] - pages.WriteExcel.demoKey(resText, datText, resColumn, datCloumn, fileLoc, nameSheet, row): pages.WriteExcel.demoKey is PASSED

2023-02-08 18:23:07 - [MESSAGE][PASSED] - pages.WriteExcel.demoKey is PASSED

2023-02-08 18:23:07 - [TEST_STEP][PASSED] - ExecuteTC = findTestData(dataFile).getValue("Execute", row): null

2023-02-08 18:23:07 - [TEST_STEP][PASSED] - out.println("Value of Execute is : " + ExecuteTC): null

2023-02-08 18:23:07 - [TEST_STEP][PASSED] - switch (executionProfile): null

2023-02-08 18:23:07 - [TEST_STEP][PASSED] - case "QAProfile":: null

2023-02-08 18:23:07 - [TEST_STEP][PASSED] - appID = findTestData(dataFile).getValue("AppIDQA", row): null

2023-02-08 18:23:07 - [TEST_STEP][PASSED] - username = findTestData(dataFile).getValue("UsernameQA", row): null

2023-02-08 18:23:07 - [TEST_STEP][PASSED] - password = findTestData(dataFile).getValue("PasswordQA", row): null

2023-02-08 18:23:07 - [TEST_STEP][PASSED] - break: null

2023-02-08 18:23:07 - [TEST_STEP][PASSED] - if (ExecuteTC.equalsIgnoreCase("Y")): null

2023-02-08 18:23:07 - [TEST_STEP][PASSED] - out.println("Begin Record Number: " + row): null

2023-02-08 18:23:07 - [TEST_STEP][PASSED] - today = new java.util.Date(): null

2023-02-08 18:23:07 - [TEST_STEP][PASSED] - println(today): null

2023-02-08 18:23:07 - [TEST_STEP][PASSED] - datText = today: null

2023-02-08 18:23:07 - [TEST_STEP][PASSED] - category = findTestData(dataFile).getValue("Category", row): null

2023-02-08 18:23:07 - [TEST_STEP][PASSED] - amount = findTestData(dataFile).getValue("Amount", row): null

2023-02-08 18:23:07 - [TEST_STEP][PASSED] - cardNumber = findTestData(dataFile).getValue("CardNumber", row): null

2023-02-08 18:23:07 - [TEST_STEP][PASSED] - exM = findTestData(dataFile).getValue("ExM", row): null

2023-02-08 18:23:07 - [TEST_STEP][PASSED] - exY = findTestData(dataFile).getValue("ExY", row): null

2023-02-08 18:23:07 - [TEST_STEP][PASSED] - openBrowser(VLinkURL + "auth.html"): Browser is opened with url: 'https://dev-algorithm.govolution.com/vlinktest/QA/version_2_0/auth.html'

2023-02-08 18:23:07 - [MESSAGE][WARNING] - A browser is already opened. Closing browser and opening a new one

2023-02-08 18:23:08 - [MESSAGE][INFO] - Starting 'Chrome' driver

2023-02-08 18:23:08 - [MESSAGE][INFO] - User set preference: ['acceptInsecureCerts', 'true']

2023-02-08 18:23:08 - [MESSAGE][INFO] - Action delay is set to 0 milliseconds

2023-02-08 18:23:10 - [MESSAGE][PASSED] - Browser is opened with url: 'https://dev-algorithm.govolution.com/vlinktest/QA/version_2_0/auth.html'

2023-02-08 18:23:10 - [TEST_STEP][PASSED] - maximizeWindow(): Current window maximized

2023-02-08 18:23:10 - [MESSAGE][PASSED] - Current window maximized

2023-02-08 18:23:10 - [TEST_STEP][PASSED] - genRemID = RandomStringUtils.random(12, true, true): null

2023-02-08 18:23:10 - [TEST_STEP][PASSED] - setText(findTestObject("Object Repository/RecAndPlayBk/Page-Vlink-AuthOnly/input_Remittance Id_remittance_id"), genRemID): Text '84dhnaseOUJg' is set on object 'Object Repository/RecAndPlayBk/Page-Vlink-AuthOnly/input_Remittance Id_remittance_id'

2023-02-08 18:23:11 - [MESSAGE][PASSED] - Text '84dhnaseOUJg' is set on object 'Object Repository/RecAndPlayBk/Page-Vlink-AuthOnly/input_Remittance Id_remittance_id'

2023-02-08 18:23:11 - [TEST_STEP][PASSED] - setText(findTestObject("Object Repository/RecAndPlayBk/Page-Vlink-AuthOnly/input_Application Id_application_id"), appID): Text '234' is set on object 'Object Repository/RecAndPlayBk/Page-Vlink-AuthOnly/input_Application Id_application_id'

2023-02-08 18:23:12 - [MESSAGE][PASSED] - Text '234' is set on object 'Object Repository/RecAndPlayBk/Page-Vlink-AuthOnly/input_Application Id_application_id'

2023-02-08 18:23:12 - [TEST_STEP][PASSED] - setText(findTestObject("Object Repository/RecAndPlayBk/Page-Vlink-AuthOnly/input_Username_username"), username): Text 'username' is set on object 'Object Repository/RecAndPlayBk/Page-Vlink-AuthOnly/input_Username_username'

2023-02-08 18:23:12 - [MESSAGE][PASSED] - Text 'username' is set on object 'Object Repository/RecAndPlayBk/Page-Vlink-AuthOnly/input_Username_username'

2023-02-08 18:23:12 - [TEST_STEP][PASSED] - setText(findTestObject("Object Repository/RecAndPlayBk/Page-Vlink-AuthOnly/input_Password_password"), password): Text 'password' is set on object 'Object Repository/RecAndPlayBk/Page-Vlink-AuthOnly/input_Password_password'

2023-02-08 18:23:13 - [MESSAGE][PASSED] - Text 'password' is set on object 'Object Repository/RecAndPlayBk/Page-Vlink-AuthOnly/input_Password_password'

2023-02-08 18:23:13 - [TEST_STEP][PASSED] - setText(findTestObject("Object Repository/RecAndPlayBk/Page-Vlink-AuthOnly/input_Category_category"), category): Text 'MOTO' is set on object 'Object Repository/RecAndPlayBk/Page-Vlink-AuthOnly/input_Category_category'

2023-02-08 18:23:13 - [MESSAGE][PASSED] - Text 'MOTO' is set on object 'Object Repository/RecAndPlayBk/Page-Vlink-AuthOnly/input_Category_category'

2023-02-08 18:23:13 - [TEST_STEP][PASSED] - setText(findTestObject("Object Repository/RecAndPlayBk/Page-Vlink-AuthOnly/input_Amount_amount"), amount): Text '10.5' is set on object 'Object Repository/RecAndPlayBk/Page-Vlink-AuthOnly/input_Amount_amount'

2023-02-08 18:23:14 - [MESSAGE][PASSED] - Text '10.5' is set on object 'Object Repository/RecAndPlayBk/Page-Vlink-AuthOnly/input_Amount_amount'

2023-02-08 18:23:14 - [TEST_STEP][PASSED] - doubleClick(findTestObject("Object Repository/RecAndPlayBk/Page-Vlink-AuthOnly/input_Card number_card_number")): Object: 'Object Repository/RecAndPlayBk/Page-Vlink-AuthOnly/input_Card number_card_number' is double clicked on

2023-02-08 18:23:15 - [MESSAGE][PASSED] - Object: 'Object Repository/RecAndPlayBk/Page-Vlink-AuthOnly/input_Card number_card_number' is double clicked on

2023-02-08 18:23:15 - [TEST_STEP][PASSED] - setText(findTestObject("Object Repository/RecAndPlayBk/Page-Vlink-AuthOnly/input_Card number_card_number"), cardNumber): Text '5424000000000015' is set on object 'Object Repository/RecAndPlayBk/Page-Vlink-AuthOnly/input_Card number_card_number'

2023-02-08 18:23:15 - [MESSAGE][PASSED] - Text '5424000000000015' is set on object 'Object Repository/RecAndPlayBk/Page-Vlink-AuthOnly/input_Card number_card_number'

2023-02-08 18:23:15 - [TEST_STEP][PASSED] - setText(findTestObject("Object Repository/RecAndPlayBk/Page-Vlink-AuthOnly/input_Card ex month_card_exmo"), exM): Text '12' is set on object 'Object Repository/RecAndPlayBk/Page-Vlink-AuthOnly/input_Card ex month_card_exmo'

2023-02-08 18:23:16 - [MESSAGE][PASSED] - Text '12' is set on object 'Object Repository/RecAndPlayBk/Page-Vlink-AuthOnly/input_Card ex month_card_exmo'

2023-02-08 18:23:16 - [TEST_STEP][PASSED] - setText(findTestObject("Object Repository/RecAndPlayBk/Page-Vlink-AuthOnly/input_Card ex year_card_exyr"), exY): Text '2029' is set on object 'Object Repository/RecAndPlayBk/Page-Vlink-AuthOnly/input_Card ex year_card_exyr'

2023-02-08 18:23:16 - [MESSAGE][PASSED] - Text '2029' is set on object 'Object Repository/RecAndPlayBk/Page-Vlink-AuthOnly/input_Card ex year_card_exyr'

2023-02-08 18:23:16 - [TEST_STEP][PASSED] - click(findTestObject("Object Repository/RecAndPlayBk/Page-Vlink-AuthOnly/input_Track Data_track_data")): Object: 'Object Repository/RecAndPlayBk/Page-Vlink-AuthOnly/input_Track Data_track_data' is clicked on

2023-02-08 18:23:17 - [MESSAGE][PASSED] - Object: 'Object Repository/RecAndPlayBk/Page-Vlink-AuthOnly/input_Track Data_track_data' is clicked on

2023-02-08 18:23:17 - [TEST_STEP][PASSED] - click(findTestObject("Object Repository/RecAndPlayBk/Page-Vlink-AuthOnly/input_CVV state_cvv_state")): Object: 'Object Repository/RecAndPlayBk/Page-Vlink-AuthOnly/input_CVV state_cvv_state' is clicked on

2023-02-08 18:23:17 - [MESSAGE][PASSED] - Object: 'Object Repository/RecAndPlayBk/Page-Vlink-AuthOnly/input_CVV state_cvv_state' is clicked on

2023-02-08 18:23:17 - [TEST_STEP][PASSED] - setText(findTestObject("Object Repository/RecAndPlayBk/Page-Vlink-AuthOnly/input_Track Data_track_data"), ""): Text '' is set on object 'Object Repository/RecAndPlayBk/Page-Vlink-AuthOnly/input_Track Data_track_data'

2023-02-08 18:23:18 - [MESSAGE][PASSED] - Text '' is set on object 'Object Repository/RecAndPlayBk/Page-Vlink-AuthOnly/input_Track Data_track_data'

2023-02-08 18:23:18 - [TEST_STEP][PASSED] - setText(findTestObject("Object Repository/RecAndPlayBk/Page-Vlink-AuthOnly/input_concat(Cardholder, , s email)_email"), ""): Text '' is set on object 'Object Repository/RecAndPlayBk/Page-Vlink-AuthOnly/input_concat(Cardholder, , s email)_email'

2023-02-08 18:23:18 - [MESSAGE][PASSED] - Text '' is set on object 'Object Repository/RecAndPlayBk/Page-Vlink-AuthOnly/input_concat(Cardholder, , s email)_email'

2023-02-08 18:23:18 - [TEST_STEP][PASSED] - click(findTestObject("Object Repository/RecAndPlayBk/Page-Vlink-AuthOnly/input_user_defined10_user_defined10")): Object: 'Object Repository/RecAndPlayBk/Page-Vlink-AuthOnly/input_user_defined10_user_defined10' is clicked on

2023-02-08 18:23:19 - [MESSAGE][PASSED] - Object: 'Object Repository/RecAndPlayBk/Page-Vlink-AuthOnly/input_user_defined10_user_defined10' is clicked on

2023-02-08 18:23:19 - [TEST_STEP][PASSED] - if (executionProfile.equalsIgnoreCase("QAProfile")): Text '' is set on object 'Object Repository/RecAndPlayBk/Page-Vlink-AuthOnly/input_COF Transaction Initiated by_cof_tran_6cded5'

2023-02-08 18:23:19 - [TEST_STEP][PASSED] - setText(findTestObject("Object Repository/RecAndPlayBk/Page-Vlink-AuthOnly/input_Card on File Indicator_card_on_file_i_157dae"), ""): Text '' is set on object 'Object Repository/RecAndPlayBk/Page-Vlink-AuthOnly/input_Card on File Indicator_card_on_file_i_157dae'

2023-02-08 18:23:19 - [MESSAGE][PASSED] - Text '' is set on object 'Object Repository/RecAndPlayBk/Page-Vlink-AuthOnly/input_Card on File Indicator_card_on_file_i_157dae'

2023-02-08 18:23:19 - [TEST_STEP][PASSED] - setText(findTestObject("Object Repository/RecAndPlayBk/Page-Vlink-AuthOnly/input_Stored Credential Indicator_stored_cr_4ae73c"), ""): Text '' is set on object 'Object Repository/RecAndPlayBk/Page-Vlink-AuthOnly/input_Stored Credential Indicator_stored_cr_4ae73c'

2023-02-08 18:23:20 - [MESSAGE][PASSED] - Text '' is set on object 'Object Repository/RecAndPlayBk/Page-Vlink-AuthOnly/input_Stored Credential Indicator_stored_cr_4ae73c'

2023-02-08 18:23:20 - [TEST_STEP][PASSED] - setText(findTestObject("Object Repository/RecAndPlayBk/Page-Vlink-AuthOnly/input_COF Scheduled indicator_cof_scheduled_8df7d8"), ""): Text '' is set on object 'Object Repository/RecAndPlayBk/Page-Vlink-AuthOnly/input_COF Scheduled indicator_cof_scheduled_8df7d8'

2023-02-08 18:23:20 - [MESSAGE][PASSED] - Text '' is set on object 'Object Repository/RecAndPlayBk/Page-Vlink-AuthOnly/input_COF Scheduled indicator_cof_scheduled_8df7d8'

2023-02-08 18:23:20 - [TEST_STEP][PASSED] - setText(findTestObject("Object Repository/RecAndPlayBk/Page-Vlink-AuthOnly/input_COF Transaction Initiated by_cof_tran_6cded5"), ""): Text '' is set on object 'Object Repository/RecAndPlayBk/Page-Vlink-AuthOnly/input_COF Transaction Initiated by_cof_tran_6cded5'

2023-02-08 18:23:21 - [MESSAGE][PASSED] - Text '' is set on object 'Object Repository/RecAndPlayBk/Page-Vlink-AuthOnly/input_COF Transaction Initiated by_cof_tran_6cded5'

2023-02-08 18:23:21 - [TEST_STEP][PASSED] - click(findTestObject("Object Repository/RecAndPlayBk/Page-Vlink-AuthOnly/input")): Object: 'Object Repository/RecAndPlayBk/Page-Vlink-AuthOnly/input' is clicked on

2023-02-08 18:23:22 - [MESSAGE][PASSED] - Object: 'Object Repository/RecAndPlayBk/Page-Vlink-AuthOnly/input' is clicked on

2023-02-08 18:23:22 - [TEST_STEP][PASSED] - if (verifyTextPresent("Transaction approved, no errors", true)): null

2023-02-08 18:23:22 - [MESSAGE][PASSED] - Text 'Transaction approved, no errors' is present on page  using regular expression

2023-02-08 18:23:22 - [TEST_STEP][PASSED] - out.println("Auth was successful, Capture now"): null

2023-02-08 18:23:22 - [TEST_STEP][PASSED] - sdfo = getText(findTestObject("Object Repository/Page_VLinkReceipt/pre_STX")): Text of object 'Object Repository/Page_VLinkReceipt/pre_STX' is: '<STX>84dhnaseOUJg                  12125230            0  Transaction approved, no errors                   0                                                                                  Y 013889508<ETX>'

2023-02-08 18:23:23 - [MESSAGE][PASSED] - Text of object 'Object Repository/Page_VLinkReceipt/pre_STX' is: '<STX>84dhnaseOUJg                  12125230            0  Transaction approved, no errors                   0                                                                                  Y 013889508<ETX>'

2023-02-08 18:23:23 - [TEST_STEP][PASSED] - out.println("sdfo: " + sdfo): null

2023-02-08 18:23:23 - [TEST_STEP][PASSED] - remID = substring(5, 35).trim(): null

2023-02-08 18:23:23 - [TEST_STEP][PASSED] - out.println("remID: " + remID): null

2023-02-08 18:23:23 - [TEST_STEP][PASSED] - traxID = substring(35, 55).trim(): null

2023-02-08 18:23:23 - [TEST_STEP][PASSED] - out.println("traxID: " + traxID): null

2023-02-08 18:23:23 - [TEST_STEP][PASSED] - VLinkSaleRemID = remID: null

2023-02-08 18:23:23 - [TEST_STEP][PASSED] - VLinkSaleTranxID = traxID: null

2023-02-08 18:23:23 - [TEST_STEP][PASSED] - openBrowser(VLinkURL + "capture.html"): Browser is opened with url: 'https://dev-algorithm.govolution.com/vlinktest/QA/version_2_0/capture.html'

2023-02-08 18:23:23 - [MESSAGE][WARNING] - A browser is already opened. Closing browser and opening a new one

2023-02-08 18:23:24 - [MESSAGE][INFO] - Starting 'Chrome' driver

2023-02-08 18:23:24 - [MESSAGE][INFO] - User set preference: ['acceptInsecureCerts', 'true']

2023-02-08 18:23:24 - [MESSAGE][INFO] - Action delay is set to 0 milliseconds

2023-02-08 18:23:25 - [MESSAGE][PASSED] - Browser is opened with url: 'https://dev-algorithm.govolution.com/vlinktest/QA/version_2_0/capture.html'

2023-02-08 18:23:25 - [TEST_STEP][PASSED] - maximizeWindow(): Current window maximized

2023-02-08 18:23:25 - [MESSAGE][PASSED] - Current window maximized

2023-02-08 18:23:25 - [TEST_STEP][PASSED] - setText(findTestObject("Object Repository/RecAndPlayBk/Page-VLink-Capture/input_Remittance Id_remittance_id"), VLinkSaleRemID): Text '84dhnaseOUJg' is set on object 'Object Repository/RecAndPlayBk/Page-VLink-Capture/input_Remittance Id_remittance_id'

2023-02-08 18:23:26 - [MESSAGE][PASSED] - Text '84dhnaseOUJg' is set on object 'Object Repository/RecAndPlayBk/Page-VLink-Capture/input_Remittance Id_remittance_id'

2023-02-08 18:23:26 - [TEST_STEP][PASSED] - setText(findTestObject("Object Repository/RecAndPlayBk/Page-VLink-Capture/input_Application Id_application_id"), appID): Text '234' is set on object 'Object Repository/RecAndPlayBk/Page-VLink-Capture/input_Application Id_application_id'

2023-02-08 18:23:27 - [MESSAGE][PASSED] - Text '234' is set on object 'Object Repository/RecAndPlayBk/Page-VLink-Capture/input_Application Id_application_id'

2023-02-08 18:23:27 - [TEST_STEP][PASSED] - setText(findTestObject("Object Repository/RecAndPlayBk/Page-VLink-Capture/input_Username_username"), username): Text 'username' is set on object 'Object Repository/RecAndPlayBk/Page-VLink-Capture/input_Username_username'

2023-02-08 18:23:27 - [MESSAGE][PASSED] - Text 'username' is set on object 'Object Repository/RecAndPlayBk/Page-VLink-Capture/input_Username_username'

2023-02-08 18:23:27 - [TEST_STEP][PASSED] - setText(findTestObject("Object Repository/RecAndPlayBk/Page-VLink-Capture/input_Password_password"), password): Text 'password' is set on object 'Object Repository/RecAndPlayBk/Page-VLink-Capture/input_Password_password'

2023-02-08 18:23:28 - [MESSAGE][PASSED] - Text 'password' is set on object 'Object Repository/RecAndPlayBk/Page-VLink-Capture/input_Password_password'

2023-02-08 18:23:28 - [TEST_STEP][PASSED] - setText(findTestObject("Object Repository/RecAndPlayBk/Page-VLink-Capture/input_Transaction ID_transaction_id"), VLinkSaleTranxID): Text '12125230' is set on object 'Object Repository/RecAndPlayBk/Page-VLink-Capture/input_Transaction ID_transaction_id'

2023-02-08 18:23:29 - [MESSAGE][PASSED] - Text '12125230' is set on object 'Object Repository/RecAndPlayBk/Page-VLink-Capture/input_Transaction ID_transaction_id'

2023-02-08 18:23:29 - [TEST_STEP][PASSED] - setText(findTestObject("Object Repository/RecAndPlayBk/Page-VLink-Capture/input_Amount_amount"), amount): Text '10.5' is set on object 'Object Repository/RecAndPlayBk/Page-VLink-Capture/input_Amount_amount'

2023-02-08 18:23:29 - [MESSAGE][PASSED] - Text '10.5' is set on object 'Object Repository/RecAndPlayBk/Page-VLink-Capture/input_Amount_amount'

2023-02-08 18:23:29 - [TEST_STEP][PASSED] - click(findTestObject("Object Repository/RecAndPlayBk/Page-VLink-Capture/input")): Object: 'Object Repository/RecAndPlayBk/Page-VLink-Capture/input' is clicked on

2023-02-08 18:23:30 - [MESSAGE][PASSED] - Object: 'Object Repository/RecAndPlayBk/Page-VLink-Capture/input' is clicked on

2023-02-08 18:23:30 - [TEST_STEP][PASSED] - if (verifyTextPresent("Transaction approved, no errors", true)): null

2023-02-08 18:23:31 - [MESSAGE][PASSED] - Text 'Transaction approved, no errors' is present on page  using regular expression

2023-02-08 18:23:31 - [TEST_STEP][PASSED] - sdfo = getText(findTestObject("Object Repository/Page_VLinkReceipt/pre_STX")): Text of object 'Object Repository/Page_VLinkReceipt/pre_STX' is: '<STX>84dhnaseOUJg                  12125231            0  Transaction approved, no errors                   0                                                                                  Y 013889508<ETX>'

2023-02-08 18:23:31 - [MESSAGE][PASSED] - Text of object 'Object Repository/Page_VLinkReceipt/pre_STX' is: '<STX>84dhnaseOUJg                  12125231            0  Transaction approved, no errors                   0                                                                                  Y 013889508<ETX>'

2023-02-08 18:23:31 - [TEST_STEP][PASSED] - out.println("sdfo: " + sdfo): null

2023-02-08 18:23:31 - [TEST_STEP][PASSED] - remID = substring(5, 35).trim(): null

2023-02-08 18:23:31 - [TEST_STEP][PASSED] - out.println("remID: " + remID): null

2023-02-08 18:23:31 - [TEST_STEP][PASSED] - traxID = substring(35, 55).trim(): null

2023-02-08 18:23:31 - [TEST_STEP][PASSED] - out.println("traxID: " + traxID): null

2023-02-08 18:23:31 - [TEST_STEP][PASSED] - VLinkSaleRemID = remID: null

2023-02-08 18:23:31 - [TEST_STEP][PASSED] - VLinkSaleTranxID = traxID: null

2023-02-08 18:23:31 - [TEST_STEP][PASSED] - openBrowser(VLinkURL + "CC_void.html"): Browser is opened with url: 'https://dev-algorithm.govolution.com/vlinktest/QA/version_2_0/CC_void.html'

2023-02-08 18:23:31 - [MESSAGE][WARNING] - A browser is already opened. Closing browser and opening a new one

2023-02-08 18:23:32 - [MESSAGE][INFO] - Starting 'Chrome' driver

2023-02-08 18:23:32 - [MESSAGE][INFO] - User set preference: ['acceptInsecureCerts', 'true']

2023-02-08 18:23:32 - [MESSAGE][INFO] - Action delay is set to 0 milliseconds

2023-02-08 18:23:34 - [MESSAGE][PASSED] - Browser is opened with url: 'https://dev-algorithm.govolution.com/vlinktest/QA/version_2_0/CC_void.html'

2023-02-08 18:23:34 - [TEST_STEP][PASSED] - maximizeWindow(): Current window maximized

2023-02-08 18:23:34 - [MESSAGE][PASSED] - Current window maximized

2023-02-08 18:23:34 - [TEST_STEP][PASSED] - setText(findTestObject("Object Repository/RecAndPlayBk/Page-Vlink-CC-Void/txt_RemID"), VLinkSaleRemID): Text '84dhnaseOUJg' is set on object 'Object Repository/RecAndPlayBk/Page-Vlink-CC-Void/txt_RemID'

2023-02-08 18:23:35 - [MESSAGE][PASSED] - Text '84dhnaseOUJg' is set on object 'Object Repository/RecAndPlayBk/Page-Vlink-CC-Void/txt_RemID'

2023-02-08 18:23:35 - [TEST_STEP][PASSED] - setText(findTestObject("Object Repository/RecAndPlayBk/Page-Vlink-CC-Void/txt_ApplicationID"), appID): Text '234' is set on object 'Object Repository/RecAndPlayBk/Page-Vlink-CC-Void/txt_ApplicationID'

2023-02-08 18:23:35 - [MESSAGE][PASSED] - Text '234' is set on object 'Object Repository/RecAndPlayBk/Page-Vlink-CC-Void/txt_ApplicationID'

2023-02-08 18:23:35 - [TEST_STEP][PASSED] - setText(findTestObject("Object Repository/RecAndPlayBk/Page-Vlink-CC-Void/txt_Username"), username): Text 'username' is set on object 'Object Repository/RecAndPlayBk/Page-Vlink-CC-Void/txt_Username'

2023-02-08 18:23:36 - [MESSAGE][PASSED] - Text 'username' is set on object 'Object Repository/RecAndPlayBk/Page-Vlink-CC-Void/txt_Username'

2023-02-08 18:23:36 - [TEST_STEP][PASSED] - setText(findTestObject("Object Repository/RecAndPlayBk/Page-Vlink-CC-Void/txt_Password"), password): Text 'password' is set on object 'Object Repository/RecAndPlayBk/Page-Vlink-CC-Void/txt_Password'

2023-02-08 18:23:36 - [MESSAGE][PASSED] - Text 'password' is set on object 'Object Repository/RecAndPlayBk/Page-Vlink-CC-Void/txt_Password'

2023-02-08 18:23:36 - [TEST_STEP][PASSED] - setText(findTestObject("Object Repository/RecAndPlayBk/Page-Vlink-CC-Void/txt_TransactionID"), VLinkSaleTranxID): Text '12125231' is set on object 'Object Repository/RecAndPlayBk/Page-Vlink-CC-Void/txt_TransactionID'

2023-02-08 18:23:37 - [MESSAGE][PASSED] - Text '12125231' is set on object 'Object Repository/RecAndPlayBk/Page-Vlink-CC-Void/txt_TransactionID'

2023-02-08 18:23:37 - [TEST_STEP][PASSED] - setText(findTestObject("Object Repository/RecAndPlayBk/Page-Vlink-CC-Void/txt_OriginalTransactionType"), "102"): Text '102' is set on object 'Object Repository/RecAndPlayBk/Page-Vlink-CC-Void/txt_OriginalTransactionType'

2023-02-08 18:23:38 - [MESSAGE][PASSED] - Text '102' is set on object 'Object Repository/RecAndPlayBk/Page-Vlink-CC-Void/txt_OriginalTransactionType'

2023-02-08 18:23:38 - [TEST_STEP][PASSED] - setText(findTestObject("Object Repository/RecAndPlayBk/Page-Vlink-CC-Void/txt_TrackData"), ""): Text '' is set on object 'Object Repository/RecAndPlayBk/Page-Vlink-CC-Void/txt_TrackData'

2023-02-08 18:23:38 - [MESSAGE][PASSED] - Text '' is set on object 'Object Repository/RecAndPlayBk/Page-Vlink-CC-Void/txt_TrackData'

2023-02-08 18:23:38 - [TEST_STEP][PASSED] - click(findTestObject("Object Repository/RecAndPlayBk/Page-Vlink-CC-Void/btn_ProcessVLinkTransaction")): Object: 'Object Repository/RecAndPlayBk/Page-Vlink-CC-Void/btn_ProcessVLinkTransaction' is clicked on

2023-02-08 18:23:40 - [MESSAGE][PASSED] - Object: 'Object Repository/RecAndPlayBk/Page-Vlink-CC-Void/btn_ProcessVLinkTransaction' is clicked on

2023-02-08 18:23:40 - [TEST_STEP][PASSED] - if (verifyTextPresent("Transaction approved, no errors", true)): null

2023-02-08 18:23:40 - [MESSAGE][PASSED] - Text 'Transaction approved, no errors' is present on page  using regular expression

2023-02-08 18:23:40 - [TEST_STEP][PASSED] - println("Transaction Approved, no errors text is present on the Confirmation page"): null

2023-02-08 18:23:40 - [TEST_STEP][PASSED] - out.println("Pass Record Number: " + row): null

2023-02-08 18:23:40 - [TEST_STEP][PASSED] - resText = "Pass": null

2023-02-08 18:23:40 - [TEST_STEP][PASSED] - pages.WriteExcel.demoKey(resText, datText, resColumn, datCloumn, fileLoc, nameSheet, row): pages.WriteExcel.demoKey is PASSED

2023-02-08 18:23:40 - [MESSAGE][PASSED] - pages.WriteExcel.demoKey is PASSED

2023-02-08 18:23:40 - [TEST_STEP][PASSED] - ExecuteTC = findTestData(dataFile).getValue("Execute", row): null

2023-02-08 18:23:40 - [TEST_STEP][PASSED] - out.println("Value of Execute is : " + ExecuteTC): null

2023-02-08 18:23:40 - [TEST_STEP][PASSED] - switch (executionProfile): null

2023-02-08 18:23:40 - [TEST_STEP][PASSED] - case "QAProfile":: null

2023-02-08 18:23:40 - [TEST_STEP][PASSED] - appID = findTestData(dataFile).getValue("AppIDQA", row): null

2023-02-08 18:23:40 - [TEST_STEP][PASSED] - username = findTestData(dataFile).getValue("UsernameQA", row): null

2023-02-08 18:23:40 - [TEST_STEP][PASSED] - password = findTestData(dataFile).getValue("PasswordQA", row): null

2023-02-08 18:23:40 - [TEST_STEP][PASSED] - break: null

2023-02-08 18:23:40 - [TEST_STEP][PASSED] - if (ExecuteTC.equalsIgnoreCase("Y")): null

2023-02-08 18:23:40 - [TEST_STEP][PASSED] - out.println("Begin Record Number: " + row): null

2023-02-08 18:23:40 - [TEST_STEP][PASSED] - today = new java.util.Date(): null

2023-02-08 18:23:40 - [TEST_STEP][PASSED] - println(today): null

2023-02-08 18:23:40 - [TEST_STEP][PASSED] - datText = today: null

2023-02-08 18:23:40 - [TEST_STEP][PASSED] - category = findTestData(dataFile).getValue("Category", row): null

2023-02-08 18:23:40 - [TEST_STEP][PASSED] - amount = findTestData(dataFile).getValue("Amount", row): null

2023-02-08 18:23:40 - [TEST_STEP][PASSED] - cardNumber = findTestData(dataFile).getValue("CardNumber", row): null

2023-02-08 18:23:40 - [TEST_STEP][PASSED] - exM = findTestData(dataFile).getValue("ExM", row): null

2023-02-08 18:23:41 - [TEST_STEP][PASSED] - exY = findTestData(dataFile).getValue("ExY", row): null

2023-02-08 18:23:41 - [TEST_STEP][PASSED] - openBrowser(VLinkURL + "auth.html"): Browser is opened with url: 'https://dev-algorithm.govolution.com/vlinktest/QA/version_2_0/auth.html'

2023-02-08 18:23:41 - [MESSAGE][WARNING] - A browser is already opened. Closing browser and opening a new one

2023-02-08 18:23:42 - [MESSAGE][INFO] - Starting 'Chrome' driver

2023-02-08 18:23:42 - [MESSAGE][INFO] - User set preference: ['acceptInsecureCerts', 'true']

2023-02-08 18:23:42 - [MESSAGE][INFO] - Action delay is set to 0 milliseconds

2023-02-08 18:23:44 - [MESSAGE][PASSED] - Browser is opened with url: 'https://dev-algorithm.govolution.com/vlinktest/QA/version_2_0/auth.html'

2023-02-08 18:23:44 - [TEST_STEP][PASSED] - maximizeWindow(): Current window maximized

2023-02-08 18:23:44 - [MESSAGE][PASSED] - Current window maximized

2023-02-08 18:23:44 - [TEST_STEP][PASSED] - genRemID = RandomStringUtils.random(12, true, true): null

2023-02-08 18:23:44 - [TEST_STEP][PASSED] - setText(findTestObject("Object Repository/RecAndPlayBk/Page-Vlink-AuthOnly/input_Remittance Id_remittance_id"), genRemID): Text '4Vb8GY1LgC9C' is set on object 'Object Repository/RecAndPlayBk/Page-Vlink-AuthOnly/input_Remittance Id_remittance_id'

2023-02-08 18:23:45 - [MESSAGE][PASSED] - Text '4Vb8GY1LgC9C' is set on object 'Object Repository/RecAndPlayBk/Page-Vlink-AuthOnly/input_Remittance Id_remittance_id'

2023-02-08 18:23:45 - [TEST_STEP][PASSED] - setText(findTestObject("Object Repository/RecAndPlayBk/Page-Vlink-AuthOnly/input_Application Id_application_id"), appID): Text '234' is set on object 'Object Repository/RecAndPlayBk/Page-Vlink-AuthOnly/input_Application Id_application_id'

2023-02-08 18:23:46 - [MESSAGE][PASSED] - Text '234' is set on object 'Object Repository/RecAndPlayBk/Page-Vlink-AuthOnly/input_Application Id_application_id'

2023-02-08 18:23:46 - [TEST_STEP][PASSED] - setText(findTestObject("Object Repository/RecAndPlayBk/Page-Vlink-AuthOnly/input_Username_username"), username): Text 'username' is set on object 'Object Repository/RecAndPlayBk/Page-Vlink-AuthOnly/input_Username_username'

2023-02-08 18:23:46 - [MESSAGE][PASSED] - Text 'username' is set on object 'Object Repository/RecAndPlayBk/Page-Vlink-AuthOnly/input_Username_username'

2023-02-08 18:23:46 - [TEST_STEP][PASSED] - setText(findTestObject("Object Repository/RecAndPlayBk/Page-Vlink-AuthOnly/input_Password_password"), password): Text 'password' is set on object 'Object Repository/RecAndPlayBk/Page-Vlink-AuthOnly/input_Password_password'

2023-02-08 18:23:47 - [MESSAGE][PASSED] - Text 'password' is set on object 'Object Repository/RecAndPlayBk/Page-Vlink-AuthOnly/input_Password_password'

2023-02-08 18:23:47 - [TEST_STEP][PASSED] - setText(findTestObject("Object Repository/RecAndPlayBk/Page-Vlink-AuthOnly/input_Category_category"), category): Text 'RETL' is set on object 'Object Repository/RecAndPlayBk/Page-Vlink-AuthOnly/input_Category_category'

2023-02-08 18:23:48 - [MESSAGE][PASSED] - Text 'RETL' is set on object 'Object Repository/RecAndPlayBk/Page-Vlink-AuthOnly/input_Category_category'

2023-02-08 18:23:48 - [TEST_STEP][PASSED] - setText(findTestObject("Object Repository/RecAndPlayBk/Page-Vlink-AuthOnly/input_Amount_amount"), amount): Text '10.5' is set on object 'Object Repository/RecAndPlayBk/Page-Vlink-AuthOnly/input_Amount_amount'

2023-02-08 18:23:48 - [MESSAGE][PASSED] - Text '10.5' is set on object 'Object Repository/RecAndPlayBk/Page-Vlink-AuthOnly/input_Amount_amount'

2023-02-08 18:23:48 - [TEST_STEP][PASSED] - doubleClick(findTestObject("Object Repository/RecAndPlayBk/Page-Vlink-AuthOnly/input_Card number_card_number")): Object: 'Object Repository/RecAndPlayBk/Page-Vlink-AuthOnly/input_Card number_card_number' is double clicked on

2023-02-08 18:23:49 - [MESSAGE][PASSED] - Object: 'Object Repository/RecAndPlayBk/Page-Vlink-AuthOnly/input_Card number_card_number' is double clicked on

2023-02-08 18:23:49 - [TEST_STEP][PASSED] - setText(findTestObject("Object Repository/RecAndPlayBk/Page-Vlink-AuthOnly/input_Card number_card_number"), cardNumber): Text '370000000000002' is set on object 'Object Repository/RecAndPlayBk/Page-Vlink-AuthOnly/input_Card number_card_number'

2023-02-08 18:23:49 - [MESSAGE][PASSED] - Text '370000000000002' is set on object 'Object Repository/RecAndPlayBk/Page-Vlink-AuthOnly/input_Card number_card_number'

2023-02-08 18:23:49 - [TEST_STEP][PASSED] - setText(findTestObject("Object Repository/RecAndPlayBk/Page-Vlink-AuthOnly/input_Card ex month_card_exmo"), exM): Text '12' is set on object 'Object Repository/RecAndPlayBk/Page-Vlink-AuthOnly/input_Card ex month_card_exmo'

2023-02-08 18:23:50 - [MESSAGE][PASSED] - Text '12' is set on object 'Object Repository/RecAndPlayBk/Page-Vlink-AuthOnly/input_Card ex month_card_exmo'

2023-02-08 18:23:50 - [TEST_STEP][PASSED] - setText(findTestObject("Object Repository/RecAndPlayBk/Page-Vlink-AuthOnly/input_Card ex year_card_exyr"), exY): Text '2029' is set on object 'Object Repository/RecAndPlayBk/Page-Vlink-AuthOnly/input_Card ex year_card_exyr'

2023-02-08 18:23:50 - [MESSAGE][PASSED] - Text '2029' is set on object 'Object Repository/RecAndPlayBk/Page-Vlink-AuthOnly/input_Card ex year_card_exyr'

2023-02-08 18:23:50 - [TEST_STEP][PASSED] - click(findTestObject("Object Repository/RecAndPlayBk/Page-Vlink-AuthOnly/input_Track Data_track_data")): Object: 'Object Repository/RecAndPlayBk/Page-Vlink-AuthOnly/input_Track Data_track_data' is clicked on

2023-02-08 18:23:51 - [MESSAGE][PASSED] - Object: 'Object Repository/RecAndPlayBk/Page-Vlink-AuthOnly/input_Track Data_track_data' is clicked on

2023-02-08 18:23:51 - [TEST_STEP][PASSED] - click(findTestObject("Object Repository/RecAndPlayBk/Page-Vlink-AuthOnly/input_CVV state_cvv_state")): Object: 'Object Repository/RecAndPlayBk/Page-Vlink-AuthOnly/input_CVV state_cvv_state' is clicked on

2023-02-08 18:23:51 - [MESSAGE][PASSED] - Object: 'Object Repository/RecAndPlayBk/Page-Vlink-AuthOnly/input_CVV state_cvv_state' is clicked on

2023-02-08 18:23:51 - [TEST_STEP][PASSED] - setText(findTestObject("Object Repository/RecAndPlayBk/Page-Vlink-AuthOnly/input_Track Data_track_data"), ""): Text '' is set on object 'Object Repository/RecAndPlayBk/Page-Vlink-AuthOnly/input_Track Data_track_data'

2023-02-08 18:23:52 - [MESSAGE][PASSED] - Text '' is set on object 'Object Repository/RecAndPlayBk/Page-Vlink-AuthOnly/input_Track Data_track_data'

2023-02-08 18:23:52 - [TEST_STEP][PASSED] - setText(findTestObject("Object Repository/RecAndPlayBk/Page-Vlink-AuthOnly/input_concat(Cardholder, , s email)_email"), ""): Text '' is set on object 'Object Repository/RecAndPlayBk/Page-Vlink-AuthOnly/input_concat(Cardholder, , s email)_email'

2023-02-08 18:23:52 - [MESSAGE][PASSED] - Text '' is set on object 'Object Repository/RecAndPlayBk/Page-Vlink-AuthOnly/input_concat(Cardholder, , s email)_email'

2023-02-08 18:23:52 - [TEST_STEP][PASSED] - click(findTestObject("Object Repository/RecAndPlayBk/Page-Vlink-AuthOnly/input_user_defined10_user_defined10")): Object: 'Object Repository/RecAndPlayBk/Page-Vlink-AuthOnly/input_user_defined10_user_defined10' is clicked on

2023-02-08 18:23:53 - [MESSAGE][PASSED] - Object: 'Object Repository/RecAndPlayBk/Page-Vlink-AuthOnly/input_user_defined10_user_defined10' is clicked on

2023-02-08 18:23:53 - [TEST_STEP][PASSED] - if (executionProfile.equalsIgnoreCase("QAProfile")): Text '' is set on object 'Object Repository/RecAndPlayBk/Page-Vlink-AuthOnly/input_COF Transaction Initiated by_cof_tran_6cded5'

2023-02-08 18:23:53 - [TEST_STEP][PASSED] - setText(findTestObject("Object Repository/RecAndPlayBk/Page-Vlink-AuthOnly/input_Card on File Indicator_card_on_file_i_157dae"), ""): Text '' is set on object 'Object Repository/RecAndPlayBk/Page-Vlink-AuthOnly/input_Card on File Indicator_card_on_file_i_157dae'

2023-02-08 18:23:53 - [MESSAGE][PASSED] - Text '' is set on object 'Object Repository/RecAndPlayBk/Page-Vlink-AuthOnly/input_Card on File Indicator_card_on_file_i_157dae'

2023-02-08 18:23:53 - [TEST_STEP][PASSED] - setText(findTestObject("Object Repository/RecAndPlayBk/Page-Vlink-AuthOnly/input_Stored Credential Indicator_stored_cr_4ae73c"), ""): Text '' is set on object 'Object Repository/RecAndPlayBk/Page-Vlink-AuthOnly/input_Stored Credential Indicator_stored_cr_4ae73c'

2023-02-08 18:23:54 - [MESSAGE][PASSED] - Text '' is set on object 'Object Repository/RecAndPlayBk/Page-Vlink-AuthOnly/input_Stored Credential Indicator_stored_cr_4ae73c'

2023-02-08 18:23:54 - [TEST_STEP][PASSED] - setText(findTestObject("Object Repository/RecAndPlayBk/Page-Vlink-AuthOnly/input_COF Scheduled indicator_cof_scheduled_8df7d8"), ""): Text '' is set on object 'Object Repository/RecAndPlayBk/Page-Vlink-AuthOnly/input_COF Scheduled indicator_cof_scheduled_8df7d8'

2023-02-08 18:23:54 - [MESSAGE][PASSED] - Text '' is set on object 'Object Repository/RecAndPlayBk/Page-Vlink-AuthOnly/input_COF Scheduled indicator_cof_scheduled_8df7d8'

2023-02-08 18:23:54 - [TEST_STEP][PASSED] - setText(findTestObject("Object Repository/RecAndPlayBk/Page-Vlink-AuthOnly/input_COF Transaction Initiated by_cof_tran_6cded5"), ""): Text '' is set on object 'Object Repository/RecAndPlayBk/Page-Vlink-AuthOnly/input_COF Transaction Initiated by_cof_tran_6cded5'

2023-02-08 18:23:55 - [MESSAGE][PASSED] - Text '' is set on object 'Object Repository/RecAndPlayBk/Page-Vlink-AuthOnly/input_COF Transaction Initiated by_cof_tran_6cded5'

2023-02-08 18:23:55 - [TEST_STEP][PASSED] - click(findTestObject("Object Repository/RecAndPlayBk/Page-Vlink-AuthOnly/input")): Object: 'Object Repository/RecAndPlayBk/Page-Vlink-AuthOnly/input' is clicked on

2023-02-08 18:23:56 - [MESSAGE][PASSED] - Object: 'Object Repository/RecAndPlayBk/Page-Vlink-AuthOnly/input' is clicked on

2023-02-08 18:23:56 - [TEST_STEP][PASSED] - if (verifyTextPresent("Transaction approved, no errors", true)): null

2023-02-08 18:23:56 - [MESSAGE][PASSED] - Text 'Transaction approved, no errors' is present on page  using regular expression

2023-02-08 18:23:56 - [TEST_STEP][PASSED] - out.println("Auth was successful, Capture now"): null

2023-02-08 18:23:56 - [TEST_STEP][PASSED] - sdfo = getText(findTestObject("Object Repository/Page_VLinkReceipt/pre_STX")): Text of object 'Object Repository/Page_VLinkReceipt/pre_STX' is: '<STX>4Vb8GY1LgC9C                  12125233            0  Transaction approved, no errors                   0                                                                                  Y 183243444<ETX>'

2023-02-08 18:23:56 - [MESSAGE][PASSED] - Text of object 'Object Repository/Page_VLinkReceipt/pre_STX' is: '<STX>4Vb8GY1LgC9C                  12125233            0  Transaction approved, no errors                   0                                                                                  Y 183243444<ETX>'

2023-02-08 18:23:56 - [TEST_STEP][PASSED] - out.println("sdfo: " + sdfo): null

2023-02-08 18:23:56 - [TEST_STEP][PASSED] - remID = substring(5, 35).trim(): null

2023-02-08 18:23:56 - [TEST_STEP][PASSED] - out.println("remID: " + remID): null

2023-02-08 18:23:56 - [TEST_STEP][PASSED] - traxID = substring(35, 55).trim(): null

2023-02-08 18:23:56 - [TEST_STEP][PASSED] - out.println("traxID: " + traxID): null

2023-02-08 18:23:56 - [TEST_STEP][PASSED] - VLinkSaleRemID = remID: null

2023-02-08 18:23:56 - [TEST_STEP][PASSED] - VLinkSaleTranxID = traxID: null

2023-02-08 18:23:56 - [TEST_STEP][PASSED] - openBrowser(VLinkURL + "capture.html"): Browser is opened with url: 'https://dev-algorithm.govolution.com/vlinktest/QA/version_2_0/capture.html'

2023-02-08 18:23:56 - [MESSAGE][WARNING] - A browser is already opened. Closing browser and opening a new one

2023-02-08 18:23:57 - [MESSAGE][INFO] - Starting 'Chrome' driver

2023-02-08 18:23:57 - [MESSAGE][INFO] - User set preference: ['acceptInsecureCerts', 'true']

2023-02-08 18:23:57 - [MESSAGE][INFO] - Action delay is set to 0 milliseconds

2023-02-08 18:23:59 - [MESSAGE][PASSED] - Browser is opened with url: 'https://dev-algorithm.govolution.com/vlinktest/QA/version_2_0/capture.html'

2023-02-08 18:23:59 - [TEST_STEP][PASSED] - maximizeWindow(): Current window maximized

2023-02-08 18:23:59 - [MESSAGE][PASSED] - Current window maximized

2023-02-08 18:23:59 - [TEST_STEP][PASSED] - setText(findTestObject("Object Repository/RecAndPlayBk/Page-VLink-Capture/input_Remittance Id_remittance_id"), VLinkSaleRemID): Text '4Vb8GY1LgC9C' is set on object 'Object Repository/RecAndPlayBk/Page-VLink-Capture/input_Remittance Id_remittance_id'

2023-02-08 18:24:00 - [MESSAGE][PASSED] - Text '4Vb8GY1LgC9C' is set on object 'Object Repository/RecAndPlayBk/Page-VLink-Capture/input_Remittance Id_remittance_id'

2023-02-08 18:24:00 - [TEST_STEP][PASSED] - setText(findTestObject("Object Repository/RecAndPlayBk/Page-VLink-Capture/input_Application Id_application_id"), appID): Text '234' is set on object 'Object Repository/RecAndPlayBk/Page-VLink-Capture/input_Application Id_application_id'

2023-02-08 18:24:01 - [MESSAGE][PASSED] - Text '234' is set on object 'Object Repository/RecAndPlayBk/Page-VLink-Capture/input_Application Id_application_id'

2023-02-08 18:24:01 - [TEST_STEP][PASSED] - setText(findTestObject("Object Repository/RecAndPlayBk/Page-VLink-Capture/input_Username_username"), username): Text 'username' is set on object 'Object Repository/RecAndPlayBk/Page-VLink-Capture/input_Username_username'

2023-02-08 18:24:01 - [MESSAGE][PASSED] - Text 'username' is set on object 'Object Repository/RecAndPlayBk/Page-VLink-Capture/input_Username_username'

2023-02-08 18:24:01 - [TEST_STEP][PASSED] - setText(findTestObject("Object Repository/RecAndPlayBk/Page-VLink-Capture/input_Password_password"), password): Text 'password' is set on object 'Object Repository/RecAndPlayBk/Page-VLink-Capture/input_Password_password'

2023-02-08 18:24:02 - [MESSAGE][PASSED] - Text 'password' is set on object 'Object Repository/RecAndPlayBk/Page-VLink-Capture/input_Password_password'

2023-02-08 18:24:02 - [TEST_STEP][PASSED] - setText(findTestObject("Object Repository/RecAndPlayBk/Page-VLink-Capture/input_Transaction ID_transaction_id"), VLinkSaleTranxID): Text '12125233' is set on object 'Object Repository/RecAndPlayBk/Page-VLink-Capture/input_Transaction ID_transaction_id'

2023-02-08 18:24:02 - [MESSAGE][PASSED] - Text '12125233' is set on object 'Object Repository/RecAndPlayBk/Page-VLink-Capture/input_Transaction ID_transaction_id'

2023-02-08 18:24:02 - [TEST_STEP][PASSED] - setText(findTestObject("Object Repository/RecAndPlayBk/Page-VLink-Capture/input_Amount_amount"), amount): Text '10.5' is set on object 'Object Repository/RecAndPlayBk/Page-VLink-Capture/input_Amount_amount'

2023-02-08 18:24:03 - [MESSAGE][PASSED] - Text '10.5' is set on object 'Object Repository/RecAndPlayBk/Page-VLink-Capture/input_Amount_amount'

2023-02-08 18:24:03 - [TEST_STEP][PASSED] - click(findTestObject("Object Repository/RecAndPlayBk/Page-VLink-Capture/input")): Object: 'Object Repository/RecAndPlayBk/Page-VLink-Capture/input' is clicked on

2023-02-08 18:24:04 - [MESSAGE][PASSED] - Object: 'Object Repository/RecAndPlayBk/Page-VLink-Capture/input' is clicked on

2023-02-08 18:24:04 - [TEST_STEP][PASSED] - if (verifyTextPresent("Transaction approved, no errors", true)): null

2023-02-08 18:24:05 - [MESSAGE][PASSED] - Text 'Transaction approved, no errors' is present on page  using regular expression

2023-02-08 18:24:05 - [TEST_STEP][PASSED] - sdfo = getText(findTestObject("Object Repository/Page_VLinkReceipt/pre_STX")): Text of object 'Object Repository/Page_VLinkReceipt/pre_STX' is: '<STX>4Vb8GY1LgC9C                  12125234            0  Transaction approved, no errors                   0                                                                                  Y 183243444<ETX>'

2023-02-08 18:24:05 - [MESSAGE][PASSED] - Text of object 'Object Repository/Page_VLinkReceipt/pre_STX' is: '<STX>4Vb8GY1LgC9C                  12125234            0  Transaction approved, no errors                   0                                                                                  Y 183243444<ETX>'

2023-02-08 18:24:05 - [TEST_STEP][PASSED] - out.println("sdfo: " + sdfo): null

2023-02-08 18:24:05 - [TEST_STEP][PASSED] - remID = substring(5, 35).trim(): null

2023-02-08 18:24:05 - [TEST_STEP][PASSED] - out.println("remID: " + remID): null

2023-02-08 18:24:05 - [TEST_STEP][PASSED] - traxID = substring(35, 55).trim(): null

2023-02-08 18:24:05 - [TEST_STEP][PASSED] - out.println("traxID: " + traxID): null

2023-02-08 18:24:05 - [TEST_STEP][PASSED] - VLinkSaleRemID = remID: null

2023-02-08 18:24:05 - [TEST_STEP][PASSED] - VLinkSaleTranxID = traxID: null

2023-02-08 18:24:05 - [TEST_STEP][PASSED] - openBrowser(VLinkURL + "CC_void.html"): Browser is opened with url: 'https://dev-algorithm.govolution.com/vlinktest/QA/version_2_0/CC_void.html'

2023-02-08 18:24:05 - [MESSAGE][WARNING] - A browser is already opened. Closing browser and opening a new one

2023-02-08 18:24:06 - [MESSAGE][INFO] - Starting 'Chrome' driver

2023-02-08 18:24:06 - [MESSAGE][INFO] - User set preference: ['acceptInsecureCerts', 'true']

2023-02-08 18:24:06 - [MESSAGE][INFO] - Action delay is set to 0 milliseconds

2023-02-08 18:24:08 - [MESSAGE][PASSED] - Browser is opened with url: 'https://dev-algorithm.govolution.com/vlinktest/QA/version_2_0/CC_void.html'

2023-02-08 18:24:08 - [TEST_STEP][PASSED] - maximizeWindow(): Current window maximized

2023-02-08 18:24:08 - [MESSAGE][PASSED] - Current window maximized

2023-02-08 18:24:08 - [TEST_STEP][PASSED] - setText(findTestObject("Object Repository/RecAndPlayBk/Page-Vlink-CC-Void/txt_RemID"), VLinkSaleRemID): Text '4Vb8GY1LgC9C' is set on object 'Object Repository/RecAndPlayBk/Page-Vlink-CC-Void/txt_RemID'

2023-02-08 18:24:09 - [MESSAGE][PASSED] - Text '4Vb8GY1LgC9C' is set on object 'Object Repository/RecAndPlayBk/Page-Vlink-CC-Void/txt_RemID'

2023-02-08 18:24:09 - [TEST_STEP][PASSED] - setText(findTestObject("Object Repository/RecAndPlayBk/Page-Vlink-CC-Void/txt_ApplicationID"), appID): Text '234' is set on object 'Object Repository/RecAndPlayBk/Page-Vlink-CC-Void/txt_ApplicationID'

2023-02-08 18:24:09 - [MESSAGE][PASSED] - Text '234' is set on object 'Object Repository/RecAndPlayBk/Page-Vlink-CC-Void/txt_ApplicationID'

2023-02-08 18:24:09 - [TEST_STEP][PASSED] - setText(findTestObject("Object Repository/RecAndPlayBk/Page-Vlink-CC-Void/txt_Username"), username): Text 'username' is set on object 'Object Repository/RecAndPlayBk/Page-Vlink-CC-Void/txt_Username'

2023-02-08 18:24:10 - [MESSAGE][PASSED] - Text 'username' is set on object 'Object Repository/RecAndPlayBk/Page-Vlink-CC-Void/txt_Username'

2023-02-08 18:24:10 - [TEST_STEP][PASSED] - setText(findTestObject("Object Repository/RecAndPlayBk/Page-Vlink-CC-Void/txt_Password"), password): Text 'password' is set on object 'Object Repository/RecAndPlayBk/Page-Vlink-CC-Void/txt_Password'

2023-02-08 18:24:10 - [MESSAGE][PASSED] - Text 'password' is set on object 'Object Repository/RecAndPlayBk/Page-Vlink-CC-Void/txt_Password'

2023-02-08 18:24:10 - [TEST_STEP][PASSED] - setText(findTestObject("Object Repository/RecAndPlayBk/Page-Vlink-CC-Void/txt_TransactionID"), VLinkSaleTranxID): Text '12125234' is set on object 'Object Repository/RecAndPlayBk/Page-Vlink-CC-Void/txt_TransactionID'

2023-02-08 18:24:11 - [MESSAGE][PASSED] - Text '12125234' is set on object 'Object Repository/RecAndPlayBk/Page-Vlink-CC-Void/txt_TransactionID'

2023-02-08 18:24:11 - [TEST_STEP][PASSED] - setText(findTestObject("Object Repository/RecAndPlayBk/Page-Vlink-CC-Void/txt_OriginalTransactionType"), "102"): Text '102' is set on object 'Object Repository/RecAndPlayBk/Page-Vlink-CC-Void/txt_OriginalTransactionType'

2023-02-08 18:24:12 - [MESSAGE][PASSED] - Text '102' is set on object 'Object Repository/RecAndPlayBk/Page-Vlink-CC-Void/txt_OriginalTransactionType'

2023-02-08 18:24:12 - [TEST_STEP][PASSED] - setText(findTestObject("Object Repository/RecAndPlayBk/Page-Vlink-CC-Void/txt_TrackData"), ""): Text '' is set on object 'Object Repository/RecAndPlayBk/Page-Vlink-CC-Void/txt_TrackData'

2023-02-08 18:24:12 - [MESSAGE][PASSED] - Text '' is set on object 'Object Repository/RecAndPlayBk/Page-Vlink-CC-Void/txt_TrackData'

2023-02-08 18:24:12 - [TEST_STEP][PASSED] - click(findTestObject("Object Repository/RecAndPlayBk/Page-Vlink-CC-Void/btn_ProcessVLinkTransaction")): Object: 'Object Repository/RecAndPlayBk/Page-Vlink-CC-Void/btn_ProcessVLinkTransaction' is clicked on

2023-02-08 18:24:14 - [MESSAGE][PASSED] - Object: 'Object Repository/RecAndPlayBk/Page-Vlink-CC-Void/btn_ProcessVLinkTransaction' is clicked on

2023-02-08 18:24:14 - [TEST_STEP][PASSED] - if (verifyTextPresent("Transaction approved, no errors", true)): null

2023-02-08 18:24:14 - [MESSAGE][PASSED] - Text 'Transaction approved, no errors' is present on page  using regular expression

2023-02-08 18:24:14 - [TEST_STEP][PASSED] - println("Transaction Approved, no errors text is present on the Confirmation page"): null

2023-02-08 18:24:14 - [TEST_STEP][PASSED] - out.println("Pass Record Number: " + row): null

2023-02-08 18:24:14 - [TEST_STEP][PASSED] - resText = "Pass": null

2023-02-08 18:24:14 - [TEST_STEP][PASSED] - pages.WriteExcel.demoKey(resText, datText, resColumn, datCloumn, fileLoc, nameSheet, row): pages.WriteExcel.demoKey is PASSED

2023-02-08 18:24:14 - [MESSAGE][PASSED] - pages.WriteExcel.demoKey is PASSED

2023-02-08 18:24:14 - [TEST_STEP][PASSED] - ExecuteTC = findTestData(dataFile).getValue("Execute", row): null

2023-02-08 18:24:14 - [TEST_STEP][PASSED] - out.println("Value of Execute is : " + ExecuteTC): null

2023-02-08 18:24:14 - [TEST_STEP][PASSED] - switch (executionProfile): null

2023-02-08 18:24:14 - [TEST_STEP][PASSED] - case "QAProfile":: null

2023-02-08 18:24:14 - [TEST_STEP][PASSED] - appID = findTestData(dataFile).getValue("AppIDQA", row): null

2023-02-08 18:24:14 - [TEST_STEP][PASSED] - username = findTestData(dataFile).getValue("UsernameQA", row): null

2023-02-08 18:24:14 - [TEST_STEP][PASSED] - password = findTestData(dataFile).getValue("PasswordQA", row): null

2023-02-08 18:24:14 - [TEST_STEP][PASSED] - break: null

2023-02-08 18:24:14 - [TEST_STEP][PASSED] - if (ExecuteTC.equalsIgnoreCase("Y")): null

2023-02-08 18:24:14 - [TEST_STEP][PASSED] - out.println("Begin Record Number: " + row): null

2023-02-08 18:24:14 - [TEST_STEP][PASSED] - today = new java.util.Date(): null

2023-02-08 18:24:14 - [TEST_STEP][PASSED] - println(today): null

2023-02-08 18:24:14 - [TEST_STEP][PASSED] - datText = today: null

2023-02-08 18:24:14 - [TEST_STEP][PASSED] - category = findTestData(dataFile).getValue("Category", row): null

2023-02-08 18:24:14 - [TEST_STEP][PASSED] - amount = findTestData(dataFile).getValue("Amount", row): null

2023-02-08 18:24:15 - [TEST_STEP][PASSED] - cardNumber = findTestData(dataFile).getValue("CardNumber", row): null

2023-02-08 18:24:15 - [TEST_STEP][PASSED] - exM = findTestData(dataFile).getValue("ExM", row): null

2023-02-08 18:24:15 - [TEST_STEP][PASSED] - exY = findTestData(dataFile).getValue("ExY", row): null

2023-02-08 18:24:15 - [TEST_STEP][PASSED] - openBrowser(VLinkURL + "auth.html"): Browser is opened with url: 'https://dev-algorithm.govolution.com/vlinktest/QA/version_2_0/auth.html'

2023-02-08 18:24:15 - [MESSAGE][WARNING] - A browser is already opened. Closing browser and opening a new one

2023-02-08 18:24:16 - [MESSAGE][INFO] - Starting 'Chrome' driver

2023-02-08 18:24:16 - [MESSAGE][INFO] - User set preference: ['acceptInsecureCerts', 'true']

2023-02-08 18:24:16 - [MESSAGE][INFO] - Action delay is set to 0 milliseconds

2023-02-08 18:24:18 - [MESSAGE][PASSED] - Browser is opened with url: 'https://dev-algorithm.govolution.com/vlinktest/QA/version_2_0/auth.html'

2023-02-08 18:24:18 - [TEST_STEP][PASSED] - maximizeWindow(): Current window maximized

2023-02-08 18:24:18 - [MESSAGE][PASSED] - Current window maximized

2023-02-08 18:24:18 - [TEST_STEP][PASSED] - genRemID = RandomStringUtils.random(12, true, true): null

2023-02-08 18:24:18 - [TEST_STEP][PASSED] - setText(findTestObject("Object Repository/RecAndPlayBk/Page-Vlink-AuthOnly/input_Remittance Id_remittance_id"), genRemID): Text '6dpStdEiI0VA' is set on object 'Object Repository/RecAndPlayBk/Page-Vlink-AuthOnly/input_Remittance Id_remittance_id'

2023-02-08 18:24:19 - [MESSAGE][PASSED] - Text '6dpStdEiI0VA' is set on object 'Object Repository/RecAndPlayBk/Page-Vlink-AuthOnly/input_Remittance Id_remittance_id'

2023-02-08 18:24:19 - [TEST_STEP][PASSED] - setText(findTestObject("Object Repository/RecAndPlayBk/Page-Vlink-AuthOnly/input_Application Id_application_id"), appID): Text '87' is set on object 'Object Repository/RecAndPlayBk/Page-Vlink-AuthOnly/input_Application Id_application_id'

2023-02-08 18:24:19 - [MESSAGE][PASSED] - Text '87' is set on object 'Object Repository/RecAndPlayBk/Page-Vlink-AuthOnly/input_Application Id_application_id'

2023-02-08 18:24:19 - [TEST_STEP][PASSED] - setText(findTestObject("Object Repository/RecAndPlayBk/Page-Vlink-AuthOnly/input_Username_username"), username): Text 'username' is set on object 'Object Repository/RecAndPlayBk/Page-Vlink-AuthOnly/input_Username_username'

2023-02-08 18:24:20 - [MESSAGE][PASSED] - Text 'username' is set on object 'Object Repository/RecAndPlayBk/Page-Vlink-AuthOnly/input_Username_username'

2023-02-08 18:24:20 - [TEST_STEP][PASSED] - setText(findTestObject("Object Repository/RecAndPlayBk/Page-Vlink-AuthOnly/input_Password_password"), password): Text 'password' is set on object 'Object Repository/RecAndPlayBk/Page-Vlink-AuthOnly/input_Password_password'

2023-02-08 18:24:20 - [MESSAGE][PASSED] - Text 'password' is set on object 'Object Repository/RecAndPlayBk/Page-Vlink-AuthOnly/input_Password_password'

2023-02-08 18:24:20 - [TEST_STEP][PASSED] - setText(findTestObject("Object Repository/RecAndPlayBk/Page-Vlink-AuthOnly/input_Category_category"), category): Text 'ECOM' is set on object 'Object Repository/RecAndPlayBk/Page-Vlink-AuthOnly/input_Category_category'

2023-02-08 18:24:21 - [MESSAGE][PASSED] - Text 'ECOM' is set on object 'Object Repository/RecAndPlayBk/Page-Vlink-AuthOnly/input_Category_category'

2023-02-08 18:24:21 - [TEST_STEP][PASSED] - setText(findTestObject("Object Repository/RecAndPlayBk/Page-Vlink-AuthOnly/input_Amount_amount"), amount): Text '10.5' is set on object 'Object Repository/RecAndPlayBk/Page-Vlink-AuthOnly/input_Amount_amount'

2023-02-08 18:24:22 - [MESSAGE][PASSED] - Text '10.5' is set on object 'Object Repository/RecAndPlayBk/Page-Vlink-AuthOnly/input_Amount_amount'

2023-02-08 18:24:22 - [TEST_STEP][PASSED] - doubleClick(findTestObject("Object Repository/RecAndPlayBk/Page-Vlink-AuthOnly/input_Card number_card_number")): Object: 'Object Repository/RecAndPlayBk/Page-Vlink-AuthOnly/input_Card number_card_number' is double clicked on

2023-02-08 18:24:22 - [MESSAGE][PASSED] - Object: 'Object Repository/RecAndPlayBk/Page-Vlink-AuthOnly/input_Card number_card_number' is double clicked on

2023-02-08 18:24:22 - [TEST_STEP][PASSED] - setText(findTestObject("Object Repository/RecAndPlayBk/Page-Vlink-AuthOnly/input_Card number_card_number"), cardNumber): Text '4012000098765439' is set on object 'Object Repository/RecAndPlayBk/Page-Vlink-AuthOnly/input_Card number_card_number'

2023-02-08 18:24:23 - [MESSAGE][PASSED] - Text '4012000098765439' is set on object 'Object Repository/RecAndPlayBk/Page-Vlink-AuthOnly/input_Card number_card_number'

2023-02-08 18:24:23 - [TEST_STEP][PASSED] - setText(findTestObject("Object Repository/RecAndPlayBk/Page-Vlink-AuthOnly/input_Card ex month_card_exmo"), exM): Text '12' is set on object 'Object Repository/RecAndPlayBk/Page-Vlink-AuthOnly/input_Card ex month_card_exmo'

2023-02-08 18:24:23 - [MESSAGE][PASSED] - Text '12' is set on object 'Object Repository/RecAndPlayBk/Page-Vlink-AuthOnly/input_Card ex month_card_exmo'

2023-02-08 18:24:23 - [TEST_STEP][PASSED] - setText(findTestObject("Object Repository/RecAndPlayBk/Page-Vlink-AuthOnly/input_Card ex year_card_exyr"), exY): Text '2029' is set on object 'Object Repository/RecAndPlayBk/Page-Vlink-AuthOnly/input_Card ex year_card_exyr'

2023-02-08 18:24:24 - [MESSAGE][PASSED] - Text '2029' is set on object 'Object Repository/RecAndPlayBk/Page-Vlink-AuthOnly/input_Card ex year_card_exyr'

2023-02-08 18:24:24 - [TEST_STEP][PASSED] - click(findTestObject("Object Repository/RecAndPlayBk/Page-Vlink-AuthOnly/input_Track Data_track_data")): Object: 'Object Repository/RecAndPlayBk/Page-Vlink-AuthOnly/input_Track Data_track_data' is clicked on

2023-02-08 18:24:24 - [MESSAGE][PASSED] - Object: 'Object Repository/RecAndPlayBk/Page-Vlink-AuthOnly/input_Track Data_track_data' is clicked on

2023-02-08 18:24:24 - [TEST_STEP][PASSED] - click(findTestObject("Object Repository/RecAndPlayBk/Page-Vlink-AuthOnly/input_CVV state_cvv_state")): Object: 'Object Repository/RecAndPlayBk/Page-Vlink-AuthOnly/input_CVV state_cvv_state' is clicked on

2023-02-08 18:24:25 - [MESSAGE][PASSED] - Object: 'Object Repository/RecAndPlayBk/Page-Vlink-AuthOnly/input_CVV state_cvv_state' is clicked on

2023-02-08 18:24:25 - [TEST_STEP][PASSED] - setText(findTestObject("Object Repository/RecAndPlayBk/Page-Vlink-AuthOnly/input_Track Data_track_data"), ""): Text '' is set on object 'Object Repository/RecAndPlayBk/Page-Vlink-AuthOnly/input_Track Data_track_data'

2023-02-08 18:24:25 - [MESSAGE][PASSED] - Text '' is set on object 'Object Repository/RecAndPlayBk/Page-Vlink-AuthOnly/input_Track Data_track_data'

2023-02-08 18:24:25 - [TEST_STEP][PASSED] - setText(findTestObject("Object Repository/RecAndPlayBk/Page-Vlink-AuthOnly/input_concat(Cardholder, , s email)_email"), ""): Text '' is set on object 'Object Repository/RecAndPlayBk/Page-Vlink-AuthOnly/input_concat(Cardholder, , s email)_email'

2023-02-08 18:24:26 - [MESSAGE][PASSED] - Text '' is set on object 'Object Repository/RecAndPlayBk/Page-Vlink-AuthOnly/input_concat(Cardholder, , s email)_email'

2023-02-08 18:24:26 - [TEST_STEP][PASSED] - click(findTestObject("Object Repository/RecAndPlayBk/Page-Vlink-AuthOnly/input_user_defined10_user_defined10")): Object: 'Object Repository/RecAndPlayBk/Page-Vlink-AuthOnly/input_user_defined10_user_defined10' is clicked on

2023-02-08 18:24:26 - [MESSAGE][PASSED] - Object: 'Object Repository/RecAndPlayBk/Page-Vlink-AuthOnly/input_user_defined10_user_defined10' is clicked on

2023-02-08 18:24:26 - [TEST_STEP][PASSED] - if (executionProfile.equalsIgnoreCase("QAProfile")): Text '' is set on object 'Object Repository/RecAndPlayBk/Page-Vlink-AuthOnly/input_COF Transaction Initiated by_cof_tran_6cded5'

2023-02-08 18:24:26 - [TEST_STEP][PASSED] - setText(findTestObject("Object Repository/RecAndPlayBk/Page-Vlink-AuthOnly/input_Card on File Indicator_card_on_file_i_157dae"), ""): Text '' is set on object 'Object Repository/RecAndPlayBk/Page-Vlink-AuthOnly/input_Card on File Indicator_card_on_file_i_157dae'

2023-02-08 18:24:27 - [MESSAGE][PASSED] - Text '' is set on object 'Object Repository/RecAndPlayBk/Page-Vlink-AuthOnly/input_Card on File Indicator_card_on_file_i_157dae'

2023-02-08 18:24:27 - [TEST_STEP][PASSED] - setText(findTestObject("Object Repository/RecAndPlayBk/Page-Vlink-AuthOnly/input_Stored Credential Indicator_stored_cr_4ae73c"), ""): Text '' is set on object 'Object Repository/RecAndPlayBk/Page-Vlink-AuthOnly/input_Stored Credential Indicator_stored_cr_4ae73c'

2023-02-08 18:24:27 - [MESSAGE][PASSED] - Text '' is set on object 'Object Repository/RecAndPlayBk/Page-Vlink-AuthOnly/input_Stored Credential Indicator_stored_cr_4ae73c'

2023-02-08 18:24:27 - [TEST_STEP][PASSED] - setText(findTestObject("Object Repository/RecAndPlayBk/Page-Vlink-AuthOnly/input_COF Scheduled indicator_cof_scheduled_8df7d8"), ""): Text '' is set on object 'Object Repository/RecAndPlayBk/Page-Vlink-AuthOnly/input_COF Scheduled indicator_cof_scheduled_8df7d8'

2023-02-08 18:24:28 - [MESSAGE][PASSED] - Text '' is set on object 'Object Repository/RecAndPlayBk/Page-Vlink-AuthOnly/input_COF Scheduled indicator_cof_scheduled_8df7d8'

2023-02-08 18:24:28 - [TEST_STEP][PASSED] - setText(findTestObject("Object Repository/RecAndPlayBk/Page-Vlink-AuthOnly/input_COF Transaction Initiated by_cof_tran_6cded5"), ""): Text '' is set on object 'Object Repository/RecAndPlayBk/Page-Vlink-AuthOnly/input_COF Transaction Initiated by_cof_tran_6cded5'

2023-02-08 18:24:28 - [MESSAGE][PASSED] - Text '' is set on object 'Object Repository/RecAndPlayBk/Page-Vlink-AuthOnly/input_COF Transaction Initiated by_cof_tran_6cded5'

2023-02-08 18:24:28 - [TEST_STEP][PASSED] - click(findTestObject("Object Repository/RecAndPlayBk/Page-Vlink-AuthOnly/input")): Object: 'Object Repository/RecAndPlayBk/Page-Vlink-AuthOnly/input' is clicked on

2023-02-08 18:24:30 - [MESSAGE][PASSED] - Object: 'Object Repository/RecAndPlayBk/Page-Vlink-AuthOnly/input' is clicked on

2023-02-08 18:24:30 - [TEST_STEP][PASSED] - if (verifyTextPresent("Transaction approved, no errors", true)): null

2023-02-08 18:24:30 - [MESSAGE][PASSED] - Text 'Transaction approved, no errors' is present on page  using regular expression

2023-02-08 18:24:30 - [TEST_STEP][PASSED] - out.println("Auth was successful, Capture now"): null

2023-02-08 18:24:30 - [TEST_STEP][PASSED] - sdfo = getText(findTestObject("Object Repository/Page_VLinkReceipt/pre_STX")): Text of object 'Object Repository/Page_VLinkReceipt/pre_STX' is: '<STX>6dpStdEiI0VA                  12125236            0  Transaction approved, no errors                   0                                                                                  N TAS976   <ETX>'

2023-02-08 18:24:31 - [MESSAGE][PASSED] - Text of object 'Object Repository/Page_VLinkReceipt/pre_STX' is: '<STX>6dpStdEiI0VA                  12125236            0  Transaction approved, no errors                   0                                                                                  N TAS976   <ETX>'

2023-02-08 18:24:31 - [TEST_STEP][PASSED] - out.println("sdfo: " + sdfo): null

2023-02-08 18:24:31 - [TEST_STEP][PASSED] - remID = substring(5, 35).trim(): null

2023-02-08 18:24:31 - [TEST_STEP][PASSED] - out.println("remID: " + remID): null

2023-02-08 18:24:31 - [TEST_STEP][PASSED] - traxID = substring(35, 55).trim(): null

2023-02-08 18:24:31 - [TEST_STEP][PASSED] - out.println("traxID: " + traxID): null

2023-02-08 18:24:31 - [TEST_STEP][PASSED] - VLinkSaleRemID = remID: null

2023-02-08 18:24:31 - [TEST_STEP][PASSED] - VLinkSaleTranxID = traxID: null

2023-02-08 18:24:31 - [TEST_STEP][PASSED] - openBrowser(VLinkURL + "capture.html"): Browser is opened with url: 'https://dev-algorithm.govolution.com/vlinktest/QA/version_2_0/capture.html'

2023-02-08 18:24:31 - [MESSAGE][WARNING] - A browser is already opened. Closing browser and opening a new one

2023-02-08 18:24:32 - [MESSAGE][INFO] - Starting 'Chrome' driver

2023-02-08 18:24:32 - [MESSAGE][INFO] - User set preference: ['acceptInsecureCerts', 'true']

2023-02-08 18:24:32 - [MESSAGE][INFO] - Action delay is set to 0 milliseconds

2023-02-08 18:24:33 - [MESSAGE][PASSED] - Browser is opened with url: 'https://dev-algorithm.govolution.com/vlinktest/QA/version_2_0/capture.html'

2023-02-08 18:24:33 - [TEST_STEP][PASSED] - maximizeWindow(): Current window maximized

2023-02-08 18:24:33 - [MESSAGE][PASSED] - Current window maximized

2023-02-08 18:24:33 - [TEST_STEP][PASSED] - setText(findTestObject("Object Repository/RecAndPlayBk/Page-VLink-Capture/input_Remittance Id_remittance_id"), VLinkSaleRemID): Text '6dpStdEiI0VA' is set on object 'Object Repository/RecAndPlayBk/Page-VLink-Capture/input_Remittance Id_remittance_id'

2023-02-08 18:24:34 - [MESSAGE][PASSED] - Text '6dpStdEiI0VA' is set on object 'Object Repository/RecAndPlayBk/Page-VLink-Capture/input_Remittance Id_remittance_id'

2023-02-08 18:24:34 - [TEST_STEP][PASSED] - setText(findTestObject("Object Repository/RecAndPlayBk/Page-VLink-Capture/input_Application Id_application_id"), appID): Text '87' is set on object 'Object Repository/RecAndPlayBk/Page-VLink-Capture/input_Application Id_application_id'

2023-02-08 18:24:35 - [MESSAGE][PASSED] - Text '87' is set on object 'Object Repository/RecAndPlayBk/Page-VLink-Capture/input_Application Id_application_id'

2023-02-08 18:24:35 - [TEST_STEP][PASSED] - setText(findTestObject("Object Repository/RecAndPlayBk/Page-VLink-Capture/input_Username_username"), username): Text 'username' is set on object 'Object Repository/RecAndPlayBk/Page-VLink-Capture/input_Username_username'

2023-02-08 18:24:36 - [MESSAGE][PASSED] - Text 'username' is set on object 'Object Repository/RecAndPlayBk/Page-VLink-Capture/input_Username_username'

2023-02-08 18:24:36 - [TEST_STEP][PASSED] - setText(findTestObject("Object Repository/RecAndPlayBk/Page-VLink-Capture/input_Password_password"), password): Text 'password' is set on object 'Object Repository/RecAndPlayBk/Page-VLink-Capture/input_Password_password'

2023-02-08 18:24:36 - [MESSAGE][PASSED] - Text 'password' is set on object 'Object Repository/RecAndPlayBk/Page-VLink-Capture/input_Password_password'

2023-02-08 18:24:36 - [TEST_STEP][PASSED] - setText(findTestObject("Object Repository/RecAndPlayBk/Page-VLink-Capture/input_Transaction ID_transaction_id"), VLinkSaleTranxID): Text '12125236' is set on object 'Object Repository/RecAndPlayBk/Page-VLink-Capture/input_Transaction ID_transaction_id'

2023-02-08 18:24:37 - [MESSAGE][PASSED] - Text '12125236' is set on object 'Object Repository/RecAndPlayBk/Page-VLink-Capture/input_Transaction ID_transaction_id'

2023-02-08 18:24:37 - [TEST_STEP][PASSED] - setText(findTestObject("Object Repository/RecAndPlayBk/Page-VLink-Capture/input_Amount_amount"), amount): Text '10.5' is set on object 'Object Repository/RecAndPlayBk/Page-VLink-Capture/input_Amount_amount'

2023-02-08 18:24:37 - [MESSAGE][PASSED] - Text '10.5' is set on object 'Object Repository/RecAndPlayBk/Page-VLink-Capture/input_Amount_amount'

2023-02-08 18:24:37 - [TEST_STEP][PASSED] - click(findTestObject("Object Repository/RecAndPlayBk/Page-VLink-Capture/input")): Object: 'Object Repository/RecAndPlayBk/Page-VLink-Capture/input' is clicked on

2023-02-08 18:24:39 - [MESSAGE][PASSED] - Object: 'Object Repository/RecAndPlayBk/Page-VLink-Capture/input' is clicked on

2023-02-08 18:24:39 - [TEST_STEP][PASSED] - if (verifyTextPresent("Transaction approved, no errors", true)): null

2023-02-08 18:24:39 - [MESSAGE][PASSED] - Text 'Transaction approved, no errors' is present on page  using regular expression

2023-02-08 18:24:39 - [TEST_STEP][PASSED] - sdfo = getText(findTestObject("Object Repository/Page_VLinkReceipt/pre_STX")): Text of object 'Object Repository/Page_VLinkReceipt/pre_STX' is: '<STX>6dpStdEiI0VA                  12125237            0  Transaction approved, no errors                   0                                                                                  N TAS976   <ETX>'

2023-02-08 18:24:40 - [MESSAGE][PASSED] - Text of object 'Object Repository/Page_VLinkReceipt/pre_STX' is: '<STX>6dpStdEiI0VA                  12125237            0  Transaction approved, no errors                   0                                                                                  N TAS976   <ETX>'

2023-02-08 18:24:40 - [TEST_STEP][PASSED] - out.println("sdfo: " + sdfo): null

2023-02-08 18:24:40 - [TEST_STEP][PASSED] - remID = substring(5, 35).trim(): null

2023-02-08 18:24:40 - [TEST_STEP][PASSED] - out.println("remID: " + remID): null

2023-02-08 18:24:40 - [TEST_STEP][PASSED] - traxID = substring(35, 55).trim(): null

2023-02-08 18:24:40 - [TEST_STEP][PASSED] - out.println("traxID: " + traxID): null

2023-02-08 18:24:40 - [TEST_STEP][PASSED] - VLinkSaleRemID = remID: null

2023-02-08 18:24:40 - [TEST_STEP][PASSED] - VLinkSaleTranxID = traxID: null

2023-02-08 18:24:40 - [TEST_STEP][PASSED] - openBrowser(VLinkURL + "CC_void.html"): Browser is opened with url: 'https://dev-algorithm.govolution.com/vlinktest/QA/version_2_0/CC_void.html'

2023-02-08 18:24:40 - [MESSAGE][WARNING] - A browser is already opened. Closing browser and opening a new one

2023-02-08 18:24:42 - [MESSAGE][INFO] - Starting 'Chrome' driver

2023-02-08 18:24:42 - [MESSAGE][INFO] - User set preference: ['acceptInsecureCerts', 'true']

2023-02-08 18:24:42 - [MESSAGE][INFO] - Action delay is set to 0 milliseconds

2023-02-08 18:24:44 - [MESSAGE][PASSED] - Browser is opened with url: 'https://dev-algorithm.govolution.com/vlinktest/QA/version_2_0/CC_void.html'

2023-02-08 18:24:44 - [TEST_STEP][PASSED] - maximizeWindow(): Current window maximized

2023-02-08 18:24:44 - [MESSAGE][PASSED] - Current window maximized

2023-02-08 18:24:44 - [TEST_STEP][PASSED] - setText(findTestObject("Object Repository/RecAndPlayBk/Page-Vlink-CC-Void/txt_RemID"), VLinkSaleRemID): Text '6dpStdEiI0VA' is set on object 'Object Repository/RecAndPlayBk/Page-Vlink-CC-Void/txt_RemID'

2023-02-08 18:24:45 - [MESSAGE][PASSED] - Text '6dpStdEiI0VA' is set on object 'Object Repository/RecAndPlayBk/Page-Vlink-CC-Void/txt_RemID'

2023-02-08 18:24:45 - [TEST_STEP][PASSED] - setText(findTestObject("Object Repository/RecAndPlayBk/Page-Vlink-CC-Void/txt_ApplicationID"), appID): Text '87' is set on object 'Object Repository/RecAndPlayBk/Page-Vlink-CC-Void/txt_ApplicationID'

2023-02-08 18:24:45 - [MESSAGE][PASSED] - Text '87' is set on object 'Object Repository/RecAndPlayBk/Page-Vlink-CC-Void/txt_ApplicationID'

2023-02-08 18:24:45 - [TEST_STEP][PASSED] - setText(findTestObject("Object Repository/RecAndPlayBk/Page-Vlink-CC-Void/txt_Username"), username): Text 'username' is set on object 'Object Repository/RecAndPlayBk/Page-Vlink-CC-Void/txt_Username'

2023-02-08 18:24:46 - [MESSAGE][PASSED] - Text 'username' is set on object 'Object Repository/RecAndPlayBk/Page-Vlink-CC-Void/txt_Username'

2023-02-08 18:24:46 - [TEST_STEP][PASSED] - setText(findTestObject("Object Repository/RecAndPlayBk/Page-Vlink-CC-Void/txt_Password"), password): Text 'password' is set on object 'Object Repository/RecAndPlayBk/Page-Vlink-CC-Void/txt_Password'

2023-02-08 18:24:46 - [MESSAGE][PASSED] - Text 'password' is set on object 'Object Repository/RecAndPlayBk/Page-Vlink-CC-Void/txt_Password'

2023-02-08 18:24:46 - [TEST_STEP][PASSED] - setText(findTestObject("Object Repository/RecAndPlayBk/Page-Vlink-CC-Void/txt_TransactionID"), VLinkSaleTranxID): Text '12125237' is set on object 'Object Repository/RecAndPlayBk/Page-Vlink-CC-Void/txt_TransactionID'

2023-02-08 18:24:47 - [MESSAGE][PASSED] - Text '12125237' is set on object 'Object Repository/RecAndPlayBk/Page-Vlink-CC-Void/txt_TransactionID'

2023-02-08 18:24:47 - [TEST_STEP][PASSED] - setText(findTestObject("Object Repository/RecAndPlayBk/Page-Vlink-CC-Void/txt_OriginalTransactionType"), "102"): Text '102' is set on object 'Object Repository/RecAndPlayBk/Page-Vlink-CC-Void/txt_OriginalTransactionType'

2023-02-08 18:24:48 - [MESSAGE][PASSED] - Text '102' is set on object 'Object Repository/RecAndPlayBk/Page-Vlink-CC-Void/txt_OriginalTransactionType'

2023-02-08 18:24:48 - [TEST_STEP][PASSED] - setText(findTestObject("Object Repository/RecAndPlayBk/Page-Vlink-CC-Void/txt_TrackData"), ""): Text '' is set on object 'Object Repository/RecAndPlayBk/Page-Vlink-CC-Void/txt_TrackData'

2023-02-08 18:24:48 - [MESSAGE][PASSED] - Text '' is set on object 'Object Repository/RecAndPlayBk/Page-Vlink-CC-Void/txt_TrackData'

2023-02-08 18:24:48 - [TEST_STEP][PASSED] - click(findTestObject("Object Repository/RecAndPlayBk/Page-Vlink-CC-Void/btn_ProcessVLinkTransaction")): Object: 'Object Repository/RecAndPlayBk/Page-Vlink-CC-Void/btn_ProcessVLinkTransaction' is clicked on

2023-02-08 18:24:50 - [MESSAGE][PASSED] - Object: 'Object Repository/RecAndPlayBk/Page-Vlink-CC-Void/btn_ProcessVLinkTransaction' is clicked on

2023-02-08 18:24:50 - [TEST_STEP][PASSED] - if (verifyTextPresent("Transaction approved, no errors", true)): null

2023-02-08 18:24:51 - [MESSAGE][PASSED] - Text 'Transaction approved, no errors' is present on page  using regular expression

2023-02-08 18:24:51 - [TEST_STEP][PASSED] - println("Transaction Approved, no errors text is present on the Confirmation page"): null

2023-02-08 18:24:51 - [TEST_STEP][PASSED] - out.println("Pass Record Number: " + row): null

2023-02-08 18:24:51 - [TEST_STEP][PASSED] - resText = "Pass": null

2023-02-08 18:24:51 - [TEST_STEP][PASSED] - pages.WriteExcel.demoKey(resText, datText, resColumn, datCloumn, fileLoc, nameSheet, row): pages.WriteExcel.demoKey is PASSED

2023-02-08 18:24:51 - [MESSAGE][PASSED] - pages.WriteExcel.demoKey is PASSED

2023-02-08 18:24:51 - [TEST_STEP][PASSED] - ExecuteTC = findTestData(dataFile).getValue("Execute", row): null

2023-02-08 18:24:51 - [TEST_STEP][PASSED] - out.println("Value of Execute is : " + ExecuteTC): null

2023-02-08 18:24:51 - [TEST_STEP][PASSED] - switch (executionProfile): null

2023-02-08 18:24:51 - [TEST_STEP][PASSED] - case "QAProfile":: null

2023-02-08 18:24:51 - [TEST_STEP][PASSED] - appID = findTestData(dataFile).getValue("AppIDQA", row): null

2023-02-08 18:24:51 - [TEST_STEP][PASSED] - username = findTestData(dataFile).getValue("UsernameQA", row): null

2023-02-08 18:24:51 - [TEST_STEP][PASSED] - password = findTestData(dataFile).getValue("PasswordQA", row): null

2023-02-08 18:24:51 - [TEST_STEP][PASSED] - break: null

2023-02-08 18:24:51 - [TEST_STEP][PASSED] - if (ExecuteTC.equalsIgnoreCase("Y")): null

2023-02-08 18:24:51 - [TEST_STEP][PASSED] - out.println("Begin Record Number: " + row): null

2023-02-08 18:24:51 - [TEST_STEP][PASSED] - today = new java.util.Date(): null

2023-02-08 18:24:51 - [TEST_STEP][PASSED] - println(today): null

2023-02-08 18:24:51 - [TEST_STEP][PASSED] - datText = today: null

2023-02-08 18:24:51 - [TEST_STEP][PASSED] - category = findTestData(dataFile).getValue("Category", row): null

2023-02-08 18:24:51 - [TEST_STEP][PASSED] - amount = findTestData(dataFile).getValue("Amount", row): null

2023-02-08 18:24:51 - [TEST_STEP][PASSED] - cardNumber = findTestData(dataFile).getValue("CardNumber", row): null

2023-02-08 18:24:51 - [TEST_STEP][PASSED] - exM = findTestData(dataFile).getValue("ExM", row): null

2023-02-08 18:24:51 - [TEST_STEP][PASSED] - exY = findTestData(dataFile).getValue("ExY", row): null

2023-02-08 18:24:51 - [TEST_STEP][PASSED] - openBrowser(VLinkURL + "auth.html"): Browser is opened with url: 'https://dev-algorithm.govolution.com/vlinktest/QA/version_2_0/auth.html'

2023-02-08 18:24:51 - [MESSAGE][WARNING] - A browser is already opened. Closing browser and opening a new one

2023-02-08 18:24:52 - [MESSAGE][INFO] - Starting 'Chrome' driver

2023-02-08 18:24:52 - [MESSAGE][INFO] - User set preference: ['acceptInsecureCerts', 'true']

2023-02-08 18:24:52 - [MESSAGE][INFO] - Action delay is set to 0 milliseconds

2023-02-08 18:24:54 - [MESSAGE][PASSED] - Browser is opened with url: 'https://dev-algorithm.govolution.com/vlinktest/QA/version_2_0/auth.html'

2023-02-08 18:24:54 - [TEST_STEP][PASSED] - maximizeWindow(): Current window maximized

2023-02-08 18:24:54 - [MESSAGE][PASSED] - Current window maximized

2023-02-08 18:24:54 - [TEST_STEP][PASSED] - genRemID = RandomStringUtils.random(12, true, true): null

2023-02-08 18:24:54 - [TEST_STEP][PASSED] - setText(findTestObject("Object Repository/RecAndPlayBk/Page-Vlink-AuthOnly/input_Remittance Id_remittance_id"), genRemID): Text 'fEPerFgu4sTQ' is set on object 'Object Repository/RecAndPlayBk/Page-Vlink-AuthOnly/input_Remittance Id_remittance_id'

2023-02-08 18:24:55 - [MESSAGE][PASSED] - Text 'fEPerFgu4sTQ' is set on object 'Object Repository/RecAndPlayBk/Page-Vlink-AuthOnly/input_Remittance Id_remittance_id'

2023-02-08 18:24:55 - [TEST_STEP][PASSED] - setText(findTestObject("Object Repository/RecAndPlayBk/Page-Vlink-AuthOnly/input_Application Id_application_id"), appID): Text '581' is set on object 'Object Repository/RecAndPlayBk/Page-Vlink-AuthOnly/input_Application Id_application_id'

2023-02-08 18:24:55 - [MESSAGE][PASSED] - Text '581' is set on object 'Object Repository/RecAndPlayBk/Page-Vlink-AuthOnly/input_Application Id_application_id'

2023-02-08 18:24:55 - [TEST_STEP][PASSED] - setText(findTestObject("Object Repository/RecAndPlayBk/Page-Vlink-AuthOnly/input_Username_username"), username): Text 'usr581' is set on object 'Object Repository/RecAndPlayBk/Page-Vlink-AuthOnly/input_Username_username'

2023-02-08 18:24:56 - [MESSAGE][PASSED] - Text 'usr581' is set on object 'Object Repository/RecAndPlayBk/Page-Vlink-AuthOnly/input_Username_username'

2023-02-08 18:24:56 - [TEST_STEP][PASSED] - setText(findTestObject("Object Repository/RecAndPlayBk/Page-Vlink-AuthOnly/input_Password_password"), password): Text 'pwd581' is set on object 'Object Repository/RecAndPlayBk/Page-Vlink-AuthOnly/input_Password_password'

2023-02-08 18:24:57 - [MESSAGE][PASSED] - Text 'pwd581' is set on object 'Object Repository/RecAndPlayBk/Page-Vlink-AuthOnly/input_Password_password'

2023-02-08 18:24:57 - [TEST_STEP][PASSED] - setText(findTestObject("Object Repository/RecAndPlayBk/Page-Vlink-AuthOnly/input_Category_category"), category): Text 'ECOM' is set on object 'Object Repository/RecAndPlayBk/Page-Vlink-AuthOnly/input_Category_category'

2023-02-08 18:24:57 - [MESSAGE][PASSED] - Text 'ECOM' is set on object 'Object Repository/RecAndPlayBk/Page-Vlink-AuthOnly/input_Category_category'

2023-02-08 18:24:57 - [TEST_STEP][PASSED] - setText(findTestObject("Object Repository/RecAndPlayBk/Page-Vlink-AuthOnly/input_Amount_amount"), amount): Text '10.5' is set on object 'Object Repository/RecAndPlayBk/Page-Vlink-AuthOnly/input_Amount_amount'

2023-02-08 18:24:58 - [MESSAGE][PASSED] - Text '10.5' is set on object 'Object Repository/RecAndPlayBk/Page-Vlink-AuthOnly/input_Amount_amount'

2023-02-08 18:24:58 - [TEST_STEP][PASSED] - doubleClick(findTestObject("Object Repository/RecAndPlayBk/Page-Vlink-AuthOnly/input_Card number_card_number")): Object: 'Object Repository/RecAndPlayBk/Page-Vlink-AuthOnly/input_Card number_card_number' is double clicked on

2023-02-08 18:24:58 - [MESSAGE][PASSED] - Object: 'Object Repository/RecAndPlayBk/Page-Vlink-AuthOnly/input_Card number_card_number' is double clicked on

2023-02-08 18:24:58 - [TEST_STEP][PASSED] - setText(findTestObject("Object Repository/RecAndPlayBk/Page-Vlink-AuthOnly/input_Card number_card_number"), cardNumber): Text '5146312200000035' is set on object 'Object Repository/RecAndPlayBk/Page-Vlink-AuthOnly/input_Card number_card_number'

2023-02-08 18:24:59 - [MESSAGE][PASSED] - Text '5146312200000035' is set on object 'Object Repository/RecAndPlayBk/Page-Vlink-AuthOnly/input_Card number_card_number'

2023-02-08 18:24:59 - [TEST_STEP][PASSED] - setText(findTestObject("Object Repository/RecAndPlayBk/Page-Vlink-AuthOnly/input_Card ex month_card_exmo"), exM): Text '12' is set on object 'Object Repository/RecAndPlayBk/Page-Vlink-AuthOnly/input_Card ex month_card_exmo'

2023-02-08 18:25:00 - [MESSAGE][PASSED] - Text '12' is set on object 'Object Repository/RecAndPlayBk/Page-Vlink-AuthOnly/input_Card ex month_card_exmo'

2023-02-08 18:25:00 - [TEST_STEP][PASSED] - setText(findTestObject("Object Repository/RecAndPlayBk/Page-Vlink-AuthOnly/input_Card ex year_card_exyr"), exY): Text '2029' is set on object 'Object Repository/RecAndPlayBk/Page-Vlink-AuthOnly/input_Card ex year_card_exyr'

2023-02-08 18:25:00 - [MESSAGE][PASSED] - Text '2029' is set on object 'Object Repository/RecAndPlayBk/Page-Vlink-AuthOnly/input_Card ex year_card_exyr'

2023-02-08 18:25:00 - [TEST_STEP][PASSED] - click(findTestObject("Object Repository/RecAndPlayBk/Page-Vlink-AuthOnly/input_Track Data_track_data")): Object: 'Object Repository/RecAndPlayBk/Page-Vlink-AuthOnly/input_Track Data_track_data' is clicked on

2023-02-08 18:25:00 - [MESSAGE][PASSED] - Object: 'Object Repository/RecAndPlayBk/Page-Vlink-AuthOnly/input_Track Data_track_data' is clicked on

2023-02-08 18:25:01 - [TEST_STEP][PASSED] - click(findTestObject("Object Repository/RecAndPlayBk/Page-Vlink-AuthOnly/input_CVV state_cvv_state")): Object: 'Object Repository/RecAndPlayBk/Page-Vlink-AuthOnly/input_CVV state_cvv_state' is clicked on

2023-02-08 18:25:01 - [MESSAGE][PASSED] - Object: 'Object Repository/RecAndPlayBk/Page-Vlink-AuthOnly/input_CVV state_cvv_state' is clicked on

2023-02-08 18:25:01 - [TEST_STEP][PASSED] - setText(findTestObject("Object Repository/RecAndPlayBk/Page-Vlink-AuthOnly/input_Track Data_track_data"), ""): Text '' is set on object 'Object Repository/RecAndPlayBk/Page-Vlink-AuthOnly/input_Track Data_track_data'

2023-02-08 18:25:01 - [MESSAGE][PASSED] - Text '' is set on object 'Object Repository/RecAndPlayBk/Page-Vlink-AuthOnly/input_Track Data_track_data'

2023-02-08 18:25:01 - [TEST_STEP][PASSED] - setText(findTestObject("Object Repository/RecAndPlayBk/Page-Vlink-AuthOnly/input_concat(Cardholder, , s email)_email"), ""): Text '' is set on object 'Object Repository/RecAndPlayBk/Page-Vlink-AuthOnly/input_concat(Cardholder, , s email)_email'

2023-02-08 18:25:02 - [MESSAGE][PASSED] - Text '' is set on object 'Object Repository/RecAndPlayBk/Page-Vlink-AuthOnly/input_concat(Cardholder, , s email)_email'

2023-02-08 18:25:02 - [TEST_STEP][PASSED] - click(findTestObject("Object Repository/RecAndPlayBk/Page-Vlink-AuthOnly/input_user_defined10_user_defined10")): Object: 'Object Repository/RecAndPlayBk/Page-Vlink-AuthOnly/input_user_defined10_user_defined10' is clicked on

2023-02-08 18:25:02 - [MESSAGE][PASSED] - Object: 'Object Repository/RecAndPlayBk/Page-Vlink-AuthOnly/input_user_defined10_user_defined10' is clicked on

2023-02-08 18:25:02 - [TEST_STEP][PASSED] - if (executionProfile.equalsIgnoreCase("QAProfile")): Text '' is set on object 'Object Repository/RecAndPlayBk/Page-Vlink-AuthOnly/input_COF Transaction Initiated by_cof_tran_6cded5'

2023-02-08 18:25:02 - [TEST_STEP][PASSED] - setText(findTestObject("Object Repository/RecAndPlayBk/Page-Vlink-AuthOnly/input_Card on File Indicator_card_on_file_i_157dae"), ""): Text '' is set on object 'Object Repository/RecAndPlayBk/Page-Vlink-AuthOnly/input_Card on File Indicator_card_on_file_i_157dae'

2023-02-08 18:25:03 - [MESSAGE][PASSED] - Text '' is set on object 'Object Repository/RecAndPlayBk/Page-Vlink-AuthOnly/input_Card on File Indicator_card_on_file_i_157dae'

2023-02-08 18:25:03 - [TEST_STEP][PASSED] - setText(findTestObject("Object Repository/RecAndPlayBk/Page-Vlink-AuthOnly/input_Stored Credential Indicator_stored_cr_4ae73c"), ""): Text '' is set on object 'Object Repository/RecAndPlayBk/Page-Vlink-AuthOnly/input_Stored Credential Indicator_stored_cr_4ae73c'

2023-02-08 18:25:04 - [MESSAGE][PASSED] - Text '' is set on object 'Object Repository/RecAndPlayBk/Page-Vlink-AuthOnly/input_Stored Credential Indicator_stored_cr_4ae73c'

2023-02-08 18:25:04 - [TEST_STEP][PASSED] - setText(findTestObject("Object Repository/RecAndPlayBk/Page-Vlink-AuthOnly/input_COF Scheduled indicator_cof_scheduled_8df7d8"), ""): Text '' is set on object 'Object Repository/RecAndPlayBk/Page-Vlink-AuthOnly/input_COF Scheduled indicator_cof_scheduled_8df7d8'

2023-02-08 18:25:04 - [MESSAGE][PASSED] - Text '' is set on object 'Object Repository/RecAndPlayBk/Page-Vlink-AuthOnly/input_COF Scheduled indicator_cof_scheduled_8df7d8'

2023-02-08 18:25:04 - [TEST_STEP][PASSED] - setText(findTestObject("Object Repository/RecAndPlayBk/Page-Vlink-AuthOnly/input_COF Transaction Initiated by_cof_tran_6cded5"), ""): Text '' is set on object 'Object Repository/RecAndPlayBk/Page-Vlink-AuthOnly/input_COF Transaction Initiated by_cof_tran_6cded5'

2023-02-08 18:25:05 - [MESSAGE][PASSED] - Text '' is set on object 'Object Repository/RecAndPlayBk/Page-Vlink-AuthOnly/input_COF Transaction Initiated by_cof_tran_6cded5'

2023-02-08 18:25:05 - [TEST_STEP][PASSED] - click(findTestObject("Object Repository/RecAndPlayBk/Page-Vlink-AuthOnly/input")): Object: 'Object Repository/RecAndPlayBk/Page-Vlink-AuthOnly/input' is clicked on

2023-02-08 18:25:06 - [MESSAGE][PASSED] - Object: 'Object Repository/RecAndPlayBk/Page-Vlink-AuthOnly/input' is clicked on

2023-02-08 18:25:06 - [TEST_STEP][PASSED] - if (verifyTextPresent("Transaction approved, no errors", true)): null

2023-02-08 18:25:06 - [MESSAGE][PASSED] - Text 'Transaction approved, no errors' is present on page  using regular expression

2023-02-08 18:25:06 - [TEST_STEP][PASSED] - out.println("Auth was successful, Capture now"): null

2023-02-08 18:25:06 - [TEST_STEP][PASSED] - sdfo = getText(findTestObject("Object Repository/Page_VLinkReceipt/pre_STX")): Text of object 'Object Repository/Page_VLinkReceipt/pre_STX' is: '<STX>fEPerFgu4sTQ                  12125239            0  Transaction approved, no errors                   0                                                                                  YM000029   <ETX>'

2023-02-08 18:25:06 - [MESSAGE][PASSED] - Text of object 'Object Repository/Page_VLinkReceipt/pre_STX' is: '<STX>fEPerFgu4sTQ                  12125239            0  Transaction approved, no errors                   0                                                                                  YM000029   <ETX>'

2023-02-08 18:25:06 - [TEST_STEP][PASSED] - out.println("sdfo: " + sdfo): null

2023-02-08 18:25:06 - [TEST_STEP][PASSED] - remID = substring(5, 35).trim(): null

2023-02-08 18:25:06 - [TEST_STEP][PASSED] - out.println("remID: " + remID): null

2023-02-08 18:25:06 - [TEST_STEP][PASSED] - traxID = substring(35, 55).trim(): null

2023-02-08 18:25:06 - [TEST_STEP][PASSED] - out.println("traxID: " + traxID): null

2023-02-08 18:25:06 - [TEST_STEP][PASSED] - VLinkSaleRemID = remID: null

2023-02-08 18:25:06 - [TEST_STEP][PASSED] - VLinkSaleTranxID = traxID: null

2023-02-08 18:25:06 - [TEST_STEP][PASSED] - openBrowser(VLinkURL + "capture.html"): Browser is opened with url: 'https://dev-algorithm.govolution.com/vlinktest/QA/version_2_0/capture.html'

2023-02-08 18:25:06 - [MESSAGE][WARNING] - A browser is already opened. Closing browser and opening a new one

2023-02-08 18:25:07 - [MESSAGE][INFO] - Starting 'Chrome' driver

2023-02-08 18:25:07 - [MESSAGE][INFO] - User set preference: ['acceptInsecureCerts', 'true']

2023-02-08 18:25:07 - [MESSAGE][INFO] - Action delay is set to 0 milliseconds

2023-02-08 18:25:09 - [MESSAGE][PASSED] - Browser is opened with url: 'https://dev-algorithm.govolution.com/vlinktest/QA/version_2_0/capture.html'

2023-02-08 18:25:09 - [TEST_STEP][PASSED] - maximizeWindow(): Current window maximized

2023-02-08 18:25:09 - [MESSAGE][PASSED] - Current window maximized

2023-02-08 18:25:09 - [TEST_STEP][PASSED] - setText(findTestObject("Object Repository/RecAndPlayBk/Page-VLink-Capture/input_Remittance Id_remittance_id"), VLinkSaleRemID): Text 'fEPerFgu4sTQ' is set on object 'Object Repository/RecAndPlayBk/Page-VLink-Capture/input_Remittance Id_remittance_id'

2023-02-08 18:25:10 - [MESSAGE][PASSED] - Text 'fEPerFgu4sTQ' is set on object 'Object Repository/RecAndPlayBk/Page-VLink-Capture/input_Remittance Id_remittance_id'

2023-02-08 18:25:10 - [TEST_STEP][PASSED] - setText(findTestObject("Object Repository/RecAndPlayBk/Page-VLink-Capture/input_Application Id_application_id"), appID): Text '581' is set on object 'Object Repository/RecAndPlayBk/Page-VLink-Capture/input_Application Id_application_id'

2023-02-08 18:25:10 - [MESSAGE][PASSED] - Text '581' is set on object 'Object Repository/RecAndPlayBk/Page-VLink-Capture/input_Application Id_application_id'

2023-02-08 18:25:10 - [TEST_STEP][PASSED] - setText(findTestObject("Object Repository/RecAndPlayBk/Page-VLink-Capture/input_Username_username"), username): Text 'usr581' is set on object 'Object Repository/RecAndPlayBk/Page-VLink-Capture/input_Username_username'

2023-02-08 18:25:11 - [MESSAGE][PASSED] - Text 'usr581' is set on object 'Object Repository/RecAndPlayBk/Page-VLink-Capture/input_Username_username'

2023-02-08 18:25:11 - [TEST_STEP][PASSED] - setText(findTestObject("Object Repository/RecAndPlayBk/Page-VLink-Capture/input_Password_password"), password): Text 'pwd581' is set on object 'Object Repository/RecAndPlayBk/Page-VLink-Capture/input_Password_password'

2023-02-08 18:25:12 - [MESSAGE][PASSED] - Text 'pwd581' is set on object 'Object Repository/RecAndPlayBk/Page-VLink-Capture/input_Password_password'

2023-02-08 18:25:12 - [TEST_STEP][PASSED] - setText(findTestObject("Object Repository/RecAndPlayBk/Page-VLink-Capture/input_Transaction ID_transaction_id"), VLinkSaleTranxID): Text '12125239' is set on object 'Object Repository/RecAndPlayBk/Page-VLink-Capture/input_Transaction ID_transaction_id'

2023-02-08 18:25:12 - [MESSAGE][PASSED] - Text '12125239' is set on object 'Object Repository/RecAndPlayBk/Page-VLink-Capture/input_Transaction ID_transaction_id'

2023-02-08 18:25:12 - [TEST_STEP][PASSED] - setText(findTestObject("Object Repository/RecAndPlayBk/Page-VLink-Capture/input_Amount_amount"), amount): Text '10.5' is set on object 'Object Repository/RecAndPlayBk/Page-VLink-Capture/input_Amount_amount'

2023-02-08 18:25:13 - [MESSAGE][PASSED] - Text '10.5' is set on object 'Object Repository/RecAndPlayBk/Page-VLink-Capture/input_Amount_amount'

2023-02-08 18:25:13 - [TEST_STEP][PASSED] - click(findTestObject("Object Repository/RecAndPlayBk/Page-VLink-Capture/input")): Object: 'Object Repository/RecAndPlayBk/Page-VLink-Capture/input' is clicked on

2023-02-08 18:25:14 - [MESSAGE][PASSED] - Object: 'Object Repository/RecAndPlayBk/Page-VLink-Capture/input' is clicked on

2023-02-08 18:25:14 - [TEST_STEP][PASSED] - if (verifyTextPresent("Transaction approved, no errors", true)): null

2023-02-08 18:25:15 - [MESSAGE][PASSED] - Text 'Transaction approved, no errors' is present on page  using regular expression

2023-02-08 18:25:15 - [TEST_STEP][PASSED] - sdfo = getText(findTestObject("Object Repository/Page_VLinkReceipt/pre_STX")): Text of object 'Object Repository/Page_VLinkReceipt/pre_STX' is: '<STX>fEPerFgu4sTQ                  12125240            0  Transaction approved, no errors                   0                                                                                    000030   <ETX>'

2023-02-08 18:25:15 - [MESSAGE][PASSED] - Text of object 'Object Repository/Page_VLinkReceipt/pre_STX' is: '<STX>fEPerFgu4sTQ                  12125240            0  Transaction approved, no errors                   0                                                                                    000030   <ETX>'

2023-02-08 18:25:15 - [TEST_STEP][PASSED] - out.println("sdfo: " + sdfo): null

2023-02-08 18:25:15 - [TEST_STEP][PASSED] - remID = substring(5, 35).trim(): null

2023-02-08 18:25:15 - [TEST_STEP][PASSED] - out.println("remID: " + remID): null

2023-02-08 18:25:15 - [TEST_STEP][PASSED] - traxID = substring(35, 55).trim(): null

2023-02-08 18:25:15 - [TEST_STEP][PASSED] - out.println("traxID: " + traxID): null

2023-02-08 18:25:15 - [TEST_STEP][PASSED] - VLinkSaleRemID = remID: null

2023-02-08 18:25:15 - [TEST_STEP][PASSED] - VLinkSaleTranxID = traxID: null

2023-02-08 18:25:15 - [TEST_STEP][PASSED] - openBrowser(VLinkURL + "CC_void.html"): Browser is opened with url: 'https://dev-algorithm.govolution.com/vlinktest/QA/version_2_0/CC_void.html'

2023-02-08 18:25:15 - [MESSAGE][WARNING] - A browser is already opened. Closing browser and opening a new one

2023-02-08 18:25:16 - [MESSAGE][INFO] - Starting 'Chrome' driver

2023-02-08 18:25:16 - [MESSAGE][INFO] - User set preference: ['acceptInsecureCerts', 'true']

2023-02-08 18:25:16 - [MESSAGE][INFO] - Action delay is set to 0 milliseconds

2023-02-08 18:25:18 - [MESSAGE][PASSED] - Browser is opened with url: 'https://dev-algorithm.govolution.com/vlinktest/QA/version_2_0/CC_void.html'

2023-02-08 18:25:18 - [TEST_STEP][PASSED] - maximizeWindow(): Current window maximized

2023-02-08 18:25:18 - [MESSAGE][PASSED] - Current window maximized

2023-02-08 18:25:18 - [TEST_STEP][PASSED] - setText(findTestObject("Object Repository/RecAndPlayBk/Page-Vlink-CC-Void/txt_RemID"), VLinkSaleRemID): Text 'fEPerFgu4sTQ' is set on object 'Object Repository/RecAndPlayBk/Page-Vlink-CC-Void/txt_RemID'

2023-02-08 18:25:19 - [MESSAGE][PASSED] - Text 'fEPerFgu4sTQ' is set on object 'Object Repository/RecAndPlayBk/Page-Vlink-CC-Void/txt_RemID'

2023-02-08 18:25:19 - [TEST_STEP][PASSED] - setText(findTestObject("Object Repository/RecAndPlayBk/Page-Vlink-CC-Void/txt_ApplicationID"), appID): Text '581' is set on object 'Object Repository/RecAndPlayBk/Page-Vlink-CC-Void/txt_ApplicationID'

2023-02-08 18:25:19 - [MESSAGE][PASSED] - Text '581' is set on object 'Object Repository/RecAndPlayBk/Page-Vlink-CC-Void/txt_ApplicationID'

2023-02-08 18:25:19 - [TEST_STEP][PASSED] - setText(findTestObject("Object Repository/RecAndPlayBk/Page-Vlink-CC-Void/txt_Username"), username): Text 'usr581' is set on object 'Object Repository/RecAndPlayBk/Page-Vlink-CC-Void/txt_Username'

2023-02-08 18:25:20 - [MESSAGE][PASSED] - Text 'usr581' is set on object 'Object Repository/RecAndPlayBk/Page-Vlink-CC-Void/txt_Username'

2023-02-08 18:25:20 - [TEST_STEP][PASSED] - setText(findTestObject("Object Repository/RecAndPlayBk/Page-Vlink-CC-Void/txt_Password"), password): Text 'pwd581' is set on object 'Object Repository/RecAndPlayBk/Page-Vlink-CC-Void/txt_Password'

2023-02-08 18:25:20 - [MESSAGE][PASSED] - Text 'pwd581' is set on object 'Object Repository/RecAndPlayBk/Page-Vlink-CC-Void/txt_Password'

2023-02-08 18:25:20 - [TEST_STEP][PASSED] - setText(findTestObject("Object Repository/RecAndPlayBk/Page-Vlink-CC-Void/txt_TransactionID"), VLinkSaleTranxID): Text '12125240' is set on object 'Object Repository/RecAndPlayBk/Page-Vlink-CC-Void/txt_TransactionID'

2023-02-08 18:25:21 - [MESSAGE][PASSED] - Text '12125240' is set on object 'Object Repository/RecAndPlayBk/Page-Vlink-CC-Void/txt_TransactionID'

2023-02-08 18:25:21 - [TEST_STEP][PASSED] - setText(findTestObject("Object Repository/RecAndPlayBk/Page-Vlink-CC-Void/txt_OriginalTransactionType"), "102"): Text '102' is set on object 'Object Repository/RecAndPlayBk/Page-Vlink-CC-Void/txt_OriginalTransactionType'

2023-02-08 18:25:22 - [MESSAGE][PASSED] - Text '102' is set on object 'Object Repository/RecAndPlayBk/Page-Vlink-CC-Void/txt_OriginalTransactionType'

2023-02-08 18:25:22 - [TEST_STEP][PASSED] - setText(findTestObject("Object Repository/RecAndPlayBk/Page-Vlink-CC-Void/txt_TrackData"), ""): Text '' is set on object 'Object Repository/RecAndPlayBk/Page-Vlink-CC-Void/txt_TrackData'

2023-02-08 18:25:22 - [MESSAGE][PASSED] - Text '' is set on object 'Object Repository/RecAndPlayBk/Page-Vlink-CC-Void/txt_TrackData'

2023-02-08 18:25:22 - [TEST_STEP][PASSED] - click(findTestObject("Object Repository/RecAndPlayBk/Page-Vlink-CC-Void/btn_ProcessVLinkTransaction")): Object: 'Object Repository/RecAndPlayBk/Page-Vlink-CC-Void/btn_ProcessVLinkTransaction' is clicked on

2023-02-08 18:25:24 - [MESSAGE][PASSED] - Object: 'Object Repository/RecAndPlayBk/Page-Vlink-CC-Void/btn_ProcessVLinkTransaction' is clicked on

2023-02-08 18:25:24 - [TEST_STEP][PASSED] - if (verifyTextPresent("Transaction approved, no errors", true)): null

2023-02-08 18:25:24 - [MESSAGE][PASSED] - Text 'Transaction approved, no errors' is present on page  using regular expression

2023-02-08 18:25:24 - [TEST_STEP][PASSED] - println("Transaction Approved, no errors text is present on the Confirmation page"): null

2023-02-08 18:25:24 - [TEST_STEP][PASSED] - out.println("Pass Record Number: " + row): null

2023-02-08 18:25:24 - [TEST_STEP][PASSED] - resText = "Pass": null

2023-02-08 18:25:24 - [TEST_STEP][PASSED] - pages.WriteExcel.demoKey(resText, datText, resColumn, datCloumn, fileLoc, nameSheet, row): pages.WriteExcel.demoKey is PASSED

2023-02-08 18:25:24 - [MESSAGE][PASSED] - pages.WriteExcel.demoKey is PASSED]]></system-out>
         <system-err><![CDATA[]]></system-err>
      </testcase>
      <testcase name="Test Cases/RecAndPlayBk/VLink/Auth-Cap-Credit" time="190.723" classname="Test Cases/RecAndPlayBk/VLink/Auth-Cap-Credit" status="PASSED">
         <system-out><![CDATA[2023-02-08 18:25:24 - [TEST_CASE][PASSED] - Test Cases/RecAndPlayBk/VLink/Auth-Cap-Credit: Test Cases/RecAndPlayBk/VLink/Auth-Cap-Credit

2023-02-08 18:25:25 - [TEST_STEP][PASSED] - executionProfile = getExecutionProfile(): null

2023-02-08 18:25:25 - [TEST_STEP][PASSED] - out.println("executionProfile : " + executionProfile): null

2023-02-08 18:25:25 - [TEST_STEP][PASSED] - appName = <not implemented yet for class: org.codehaus.groovy.ast.expr.EmptyExpression>: null

2023-02-08 18:25:25 - [TEST_STEP][PASSED] - appID = <not implemented yet for class: org.codehaus.groovy.ast.expr.EmptyExpression>: null

2023-02-08 18:25:25 - [TEST_STEP][PASSED] - username = <not implemented yet for class: org.codehaus.groovy.ast.expr.EmptyExpression>: null

2023-02-08 18:25:25 - [TEST_STEP][PASSED] - password = <not implemented yet for class: org.codehaus.groovy.ast.expr.EmptyExpression>: null

2023-02-08 18:25:25 - [TEST_STEP][PASSED] - cardNameV = <not implemented yet for class: org.codehaus.groovy.ast.expr.EmptyExpression>: null

2023-02-08 18:25:25 - [TEST_STEP][PASSED] - al1V = <not implemented yet for class: org.codehaus.groovy.ast.expr.EmptyExpression>: null

2023-02-08 18:25:25 - [TEST_STEP][PASSED] - al2V = <not implemented yet for class: org.codehaus.groovy.ast.expr.EmptyExpression>: null

2023-02-08 18:25:25 - [TEST_STEP][PASSED] - zipV = <not implemented yet for class: org.codehaus.groovy.ast.expr.EmptyExpression>: null

2023-02-08 18:25:25 - [TEST_STEP][PASSED] - cardTypeV = <not implemented yet for class: org.codehaus.groovy.ast.expr.EmptyExpression>: null

2023-02-08 18:25:25 - [TEST_STEP][PASSED] - last4V = <not implemented yet for class: org.codehaus.groovy.ast.expr.EmptyExpression>: null

2023-02-08 18:25:25 - [TEST_STEP][PASSED] - resText = "Fail": null

2023-02-08 18:25:25 - [TEST_STEP][PASSED] - resColumn = "Result": null

2023-02-08 18:25:25 - [TEST_STEP][PASSED] - datCloumn = "Date": null

2023-02-08 18:25:25 - [TEST_STEP][PASSED] - fileLoc = "KatalonData/VLinkSmokeData.xlsx": null

2023-02-08 18:25:25 - [TEST_STEP][PASSED] - numOfRows = <not implemented yet for class: org.codehaus.groovy.ast.expr.EmptyExpression>: null

2023-02-08 18:25:25 - [TEST_STEP][PASSED] - dataFile = <not implemented yet for class: org.codehaus.groovy.ast.expr.EmptyExpression>: null

2023-02-08 18:25:25 - [TEST_STEP][PASSED] - nameSheet = <not implemented yet for class: org.codehaus.groovy.ast.expr.EmptyExpression>: null

2023-02-08 18:25:25 - [TEST_STEP][PASSED] - nameSheet = "Auth-Cap-Credit": null

2023-02-08 18:25:25 - [TEST_STEP][PASSED] - numOfRows = findTestData("QA/VLinkTestData/VLinkAuthCapCreditData").getRowNumbers(): null

2023-02-08 18:25:25 - [TEST_STEP][PASSED] - println("Number of Records: " + numOfRows): null

2023-02-08 18:25:25 - [TEST_STEP][PASSED] - dataFile = "QA/VLinkTestData/VLinkAuthCapCreditData": null

2023-02-08 18:25:25 - [TEST_STEP][PASSED] - for ([row = 1, row <= numOfRows, (row++)]): null

2023-02-08 18:25:25 - [TEST_STEP][PASSED] - ExecuteTC = findTestData(dataFile).getValue("Execute", row): null

2023-02-08 18:25:25 - [TEST_STEP][PASSED] - out.println("Value of Execute is : " + ExecuteTC): null

2023-02-08 18:25:25 - [TEST_STEP][PASSED] - switch (executionProfile): null

2023-02-08 18:25:25 - [TEST_STEP][PASSED] - case "QAProfile":: null

2023-02-08 18:25:25 - [TEST_STEP][PASSED] - appID = findTestData(dataFile).getValue("AppIDQA", row): null

2023-02-08 18:25:25 - [TEST_STEP][PASSED] - username = findTestData(dataFile).getValue("UsernameQA", row): null

2023-02-08 18:25:25 - [TEST_STEP][PASSED] - password = findTestData(dataFile).getValue("PasswordQA", row): null

2023-02-08 18:25:25 - [TEST_STEP][PASSED] - break: null

2023-02-08 18:25:25 - [TEST_STEP][PASSED] - if (ExecuteTC.equalsIgnoreCase("Y")): null

2023-02-08 18:25:25 - [TEST_STEP][PASSED] - out.println("Begin Record Number: " + row): null

2023-02-08 18:25:25 - [TEST_STEP][PASSED] - today = new java.util.Date(): null

2023-02-08 18:25:25 - [TEST_STEP][PASSED] - println(today): null

2023-02-08 18:25:25 - [TEST_STEP][PASSED] - datText = today: null

2023-02-08 18:25:25 - [TEST_STEP][PASSED] - category = findTestData(dataFile).getValue("Category", row): null

2023-02-08 18:25:25 - [TEST_STEP][PASSED] - amount = findTestData(dataFile).getValue("Amount", row): null

2023-02-08 18:25:25 - [TEST_STEP][PASSED] - cardNumber = findTestData(dataFile).getValue("CardNumber", row): null

2023-02-08 18:25:25 - [TEST_STEP][PASSED] - exM = findTestData(dataFile).getValue("ExM", row): null

2023-02-08 18:25:26 - [TEST_STEP][PASSED] - exY = findTestData(dataFile).getValue("ExY", row): null

2023-02-08 18:25:26 - [TEST_STEP][PASSED] - openBrowser(VLinkURL + "auth.html"): Browser is opened with url: 'https://dev-algorithm.govolution.com/vlinktest/QA/version_2_0/auth.html'

2023-02-08 18:25:26 - [MESSAGE][WARNING] - A browser is already opened. Closing browser and opening a new one

2023-02-08 18:25:27 - [MESSAGE][INFO] - Starting 'Chrome' driver

2023-02-08 18:25:27 - [MESSAGE][INFO] - User set preference: ['acceptInsecureCerts', 'true']

2023-02-08 18:25:27 - [MESSAGE][INFO] - Action delay is set to 0 milliseconds

2023-02-08 18:25:29 - [MESSAGE][PASSED] - Browser is opened with url: 'https://dev-algorithm.govolution.com/vlinktest/QA/version_2_0/auth.html'

2023-02-08 18:25:29 - [TEST_STEP][PASSED] - maximizeWindow(): Current window maximized

2023-02-08 18:25:29 - [MESSAGE][PASSED] - Current window maximized

2023-02-08 18:25:29 - [TEST_STEP][PASSED] - genRemID = RandomStringUtils.random(12, true, true): null

2023-02-08 18:25:29 - [TEST_STEP][PASSED] - setText(findTestObject("Object Repository/RecAndPlayBk/Page-Vlink-AuthOnly/input_Remittance Id_remittance_id"), genRemID): Text 'GpVFJ2EvxzO7' is set on object 'Object Repository/RecAndPlayBk/Page-Vlink-AuthOnly/input_Remittance Id_remittance_id'

2023-02-08 18:25:29 - [MESSAGE][PASSED] - Text 'GpVFJ2EvxzO7' is set on object 'Object Repository/RecAndPlayBk/Page-Vlink-AuthOnly/input_Remittance Id_remittance_id'

2023-02-08 18:25:29 - [TEST_STEP][PASSED] - setText(findTestObject("Object Repository/RecAndPlayBk/Page-Vlink-AuthOnly/input_Application Id_application_id"), appID): Text '234' is set on object 'Object Repository/RecAndPlayBk/Page-Vlink-AuthOnly/input_Application Id_application_id'

2023-02-08 18:25:30 - [MESSAGE][PASSED] - Text '234' is set on object 'Object Repository/RecAndPlayBk/Page-Vlink-AuthOnly/input_Application Id_application_id'

2023-02-08 18:25:30 - [TEST_STEP][PASSED] - setText(findTestObject("Object Repository/RecAndPlayBk/Page-Vlink-AuthOnly/input_Username_username"), username): Text 'username' is set on object 'Object Repository/RecAndPlayBk/Page-Vlink-AuthOnly/input_Username_username'

2023-02-08 18:25:31 - [MESSAGE][PASSED] - Text 'username' is set on object 'Object Repository/RecAndPlayBk/Page-Vlink-AuthOnly/input_Username_username'

2023-02-08 18:25:31 - [TEST_STEP][PASSED] - setText(findTestObject("Object Repository/RecAndPlayBk/Page-Vlink-AuthOnly/input_Password_password"), password): Text 'password' is set on object 'Object Repository/RecAndPlayBk/Page-Vlink-AuthOnly/input_Password_password'

2023-02-08 18:25:31 - [MESSAGE][PASSED] - Text 'password' is set on object 'Object Repository/RecAndPlayBk/Page-Vlink-AuthOnly/input_Password_password'

2023-02-08 18:25:31 - [TEST_STEP][PASSED] - setText(findTestObject("Object Repository/RecAndPlayBk/Page-Vlink-AuthOnly/input_Category_category"), category): Text 'ECOM' is set on object 'Object Repository/RecAndPlayBk/Page-Vlink-AuthOnly/input_Category_category'

2023-02-08 18:25:32 - [MESSAGE][PASSED] - Text 'ECOM' is set on object 'Object Repository/RecAndPlayBk/Page-Vlink-AuthOnly/input_Category_category'

2023-02-08 18:25:32 - [TEST_STEP][PASSED] - setText(findTestObject("Object Repository/RecAndPlayBk/Page-Vlink-AuthOnly/input_Amount_amount"), amount): Text '10.5' is set on object 'Object Repository/RecAndPlayBk/Page-Vlink-AuthOnly/input_Amount_amount'

2023-02-08 18:25:32 - [MESSAGE][PASSED] - Text '10.5' is set on object 'Object Repository/RecAndPlayBk/Page-Vlink-AuthOnly/input_Amount_amount'

2023-02-08 18:25:32 - [TEST_STEP][PASSED] - doubleClick(findTestObject("Object Repository/RecAndPlayBk/Page-Vlink-AuthOnly/input_Card number_card_number")): Object: 'Object Repository/RecAndPlayBk/Page-Vlink-AuthOnly/input_Card number_card_number' is double clicked on

2023-02-08 18:25:33 - [MESSAGE][PASSED] - Object: 'Object Repository/RecAndPlayBk/Page-Vlink-AuthOnly/input_Card number_card_number' is double clicked on

2023-02-08 18:25:33 - [TEST_STEP][PASSED] - setText(findTestObject("Object Repository/RecAndPlayBk/Page-Vlink-AuthOnly/input_Card number_card_number"), cardNumber): Text '4111111111111111' is set on object 'Object Repository/RecAndPlayBk/Page-Vlink-AuthOnly/input_Card number_card_number'

2023-02-08 18:25:33 - [MESSAGE][PASSED] - Text '4111111111111111' is set on object 'Object Repository/RecAndPlayBk/Page-Vlink-AuthOnly/input_Card number_card_number'

2023-02-08 18:25:33 - [TEST_STEP][PASSED] - setText(findTestObject("Object Repository/RecAndPlayBk/Page-Vlink-AuthOnly/input_Card ex month_card_exmo"), exM): Text '12' is set on object 'Object Repository/RecAndPlayBk/Page-Vlink-AuthOnly/input_Card ex month_card_exmo'

2023-02-08 18:25:34 - [MESSAGE][PASSED] - Text '12' is set on object 'Object Repository/RecAndPlayBk/Page-Vlink-AuthOnly/input_Card ex month_card_exmo'

2023-02-08 18:25:34 - [TEST_STEP][PASSED] - setText(findTestObject("Object Repository/RecAndPlayBk/Page-Vlink-AuthOnly/input_Card ex year_card_exyr"), exY): Text '2029' is set on object 'Object Repository/RecAndPlayBk/Page-Vlink-AuthOnly/input_Card ex year_card_exyr'

2023-02-08 18:25:35 - [MESSAGE][PASSED] - Text '2029' is set on object 'Object Repository/RecAndPlayBk/Page-Vlink-AuthOnly/input_Card ex year_card_exyr'

2023-02-08 18:25:35 - [TEST_STEP][PASSED] - click(findTestObject("Object Repository/RecAndPlayBk/Page-Vlink-AuthOnly/input_Track Data_track_data")): Object: 'Object Repository/RecAndPlayBk/Page-Vlink-AuthOnly/input_Track Data_track_data' is clicked on

2023-02-08 18:25:35 - [MESSAGE][PASSED] - Object: 'Object Repository/RecAndPlayBk/Page-Vlink-AuthOnly/input_Track Data_track_data' is clicked on

2023-02-08 18:25:35 - [TEST_STEP][PASSED] - click(findTestObject("Object Repository/RecAndPlayBk/Page-Vlink-AuthOnly/input_CVV state_cvv_state")): Object: 'Object Repository/RecAndPlayBk/Page-Vlink-AuthOnly/input_CVV state_cvv_state' is clicked on

2023-02-08 18:25:35 - [MESSAGE][PASSED] - Object: 'Object Repository/RecAndPlayBk/Page-Vlink-AuthOnly/input_CVV state_cvv_state' is clicked on

2023-02-08 18:25:35 - [TEST_STEP][PASSED] - setText(findTestObject("Object Repository/RecAndPlayBk/Page-Vlink-AuthOnly/input_Track Data_track_data"), ""): Text '' is set on object 'Object Repository/RecAndPlayBk/Page-Vlink-AuthOnly/input_Track Data_track_data'

2023-02-08 18:25:36 - [MESSAGE][PASSED] - Text '' is set on object 'Object Repository/RecAndPlayBk/Page-Vlink-AuthOnly/input_Track Data_track_data'

2023-02-08 18:25:36 - [TEST_STEP][PASSED] - setText(findTestObject("Object Repository/RecAndPlayBk/Page-Vlink-AuthOnly/input_concat(Cardholder, , s email)_email"), ""): Text '' is set on object 'Object Repository/RecAndPlayBk/Page-Vlink-AuthOnly/input_concat(Cardholder, , s email)_email'

2023-02-08 18:25:37 - [MESSAGE][PASSED] - Text '' is set on object 'Object Repository/RecAndPlayBk/Page-Vlink-AuthOnly/input_concat(Cardholder, , s email)_email'

2023-02-08 18:25:37 - [TEST_STEP][PASSED] - click(findTestObject("Object Repository/RecAndPlayBk/Page-Vlink-AuthOnly/input_user_defined10_user_defined10")): Object: 'Object Repository/RecAndPlayBk/Page-Vlink-AuthOnly/input_user_defined10_user_defined10' is clicked on

2023-02-08 18:25:37 - [MESSAGE][PASSED] - Object: 'Object Repository/RecAndPlayBk/Page-Vlink-AuthOnly/input_user_defined10_user_defined10' is clicked on

2023-02-08 18:25:37 - [TEST_STEP][PASSED] - if (executionProfile.equalsIgnoreCase("QAProfile")): Text '' is set on object 'Object Repository/RecAndPlayBk/Page-Vlink-AuthOnly/input_COF Transaction Initiated by_cof_tran_6cded5'

2023-02-08 18:25:37 - [TEST_STEP][PASSED] - setText(findTestObject("Object Repository/RecAndPlayBk/Page-Vlink-AuthOnly/input_Card on File Indicator_card_on_file_i_157dae"), ""): Text '' is set on object 'Object Repository/RecAndPlayBk/Page-Vlink-AuthOnly/input_Card on File Indicator_card_on_file_i_157dae'

2023-02-08 18:25:37 - [MESSAGE][PASSED] - Text '' is set on object 'Object Repository/RecAndPlayBk/Page-Vlink-AuthOnly/input_Card on File Indicator_card_on_file_i_157dae'

2023-02-08 18:25:37 - [TEST_STEP][PASSED] - setText(findTestObject("Object Repository/RecAndPlayBk/Page-Vlink-AuthOnly/input_Stored Credential Indicator_stored_cr_4ae73c"), ""): Text '' is set on object 'Object Repository/RecAndPlayBk/Page-Vlink-AuthOnly/input_Stored Credential Indicator_stored_cr_4ae73c'

2023-02-08 18:25:38 - [MESSAGE][PASSED] - Text '' is set on object 'Object Repository/RecAndPlayBk/Page-Vlink-AuthOnly/input_Stored Credential Indicator_stored_cr_4ae73c'

2023-02-08 18:25:38 - [TEST_STEP][PASSED] - setText(findTestObject("Object Repository/RecAndPlayBk/Page-Vlink-AuthOnly/input_COF Scheduled indicator_cof_scheduled_8df7d8"), ""): Text '' is set on object 'Object Repository/RecAndPlayBk/Page-Vlink-AuthOnly/input_COF Scheduled indicator_cof_scheduled_8df7d8'

2023-02-08 18:25:39 - [MESSAGE][PASSED] - Text '' is set on object 'Object Repository/RecAndPlayBk/Page-Vlink-AuthOnly/input_COF Scheduled indicator_cof_scheduled_8df7d8'

2023-02-08 18:25:39 - [TEST_STEP][PASSED] - setText(findTestObject("Object Repository/RecAndPlayBk/Page-Vlink-AuthOnly/input_COF Transaction Initiated by_cof_tran_6cded5"), ""): Text '' is set on object 'Object Repository/RecAndPlayBk/Page-Vlink-AuthOnly/input_COF Transaction Initiated by_cof_tran_6cded5'

2023-02-08 18:25:39 - [MESSAGE][PASSED] - Text '' is set on object 'Object Repository/RecAndPlayBk/Page-Vlink-AuthOnly/input_COF Transaction Initiated by_cof_tran_6cded5'

2023-02-08 18:25:39 - [TEST_STEP][PASSED] - click(findTestObject("Object Repository/RecAndPlayBk/Page-Vlink-AuthOnly/input")): Object: 'Object Repository/RecAndPlayBk/Page-Vlink-AuthOnly/input' is clicked on

2023-02-08 18:25:40 - [MESSAGE][PASSED] - Object: 'Object Repository/RecAndPlayBk/Page-Vlink-AuthOnly/input' is clicked on

2023-02-08 18:25:40 - [TEST_STEP][PASSED] - if (verifyTextPresent("Transaction approved, no errors", true)): null

2023-02-08 18:25:41 - [MESSAGE][PASSED] - Text 'Transaction approved, no errors' is present on page  using regular expression

2023-02-08 18:25:41 - [TEST_STEP][PASSED] - out.println("Auth was successful, Capture now"): null

2023-02-08 18:25:41 - [TEST_STEP][PASSED] - sdfo = getText(findTestObject("Object Repository/Page_VLinkReceipt/pre_STX")): Text of object 'Object Repository/Page_VLinkReceipt/pre_STX' is: '<STX>GpVFJ2EvxzO7                  12125242            0  Transaction approved, no errors                   0                                                                                  Y 520596102<ETX>'

2023-02-08 18:25:41 - [MESSAGE][PASSED] - Text of object 'Object Repository/Page_VLinkReceipt/pre_STX' is: '<STX>GpVFJ2EvxzO7                  12125242            0  Transaction approved, no errors                   0                                                                                  Y 520596102<ETX>'

2023-02-08 18:25:41 - [TEST_STEP][PASSED] - out.println("sdfo: " + sdfo): null

2023-02-08 18:25:41 - [TEST_STEP][PASSED] - remID = substring(5, 35).trim(): null

2023-02-08 18:25:41 - [TEST_STEP][PASSED] - out.println("remID: " + remID): null

2023-02-08 18:25:41 - [TEST_STEP][PASSED] - traxID = substring(35, 55).trim(): null

2023-02-08 18:25:41 - [TEST_STEP][PASSED] - out.println("traxID: " + traxID): null

2023-02-08 18:25:41 - [TEST_STEP][PASSED] - VLinkSaleRemID = remID: null

2023-02-08 18:25:41 - [TEST_STEP][PASSED] - VLinkSaleTranxID = traxID: null

2023-02-08 18:25:41 - [TEST_STEP][PASSED] - openBrowser(VLinkURL + "capture.html"): Browser is opened with url: 'https://dev-algorithm.govolution.com/vlinktest/QA/version_2_0/capture.html'

2023-02-08 18:25:41 - [MESSAGE][WARNING] - A browser is already opened. Closing browser and opening a new one

2023-02-08 18:25:42 - [MESSAGE][INFO] - Starting 'Chrome' driver

2023-02-08 18:25:42 - [MESSAGE][INFO] - User set preference: ['acceptInsecureCerts', 'true']

2023-02-08 18:25:42 - [MESSAGE][INFO] - Action delay is set to 0 milliseconds

2023-02-08 18:25:43 - [MESSAGE][PASSED] - Browser is opened with url: 'https://dev-algorithm.govolution.com/vlinktest/QA/version_2_0/capture.html'

2023-02-08 18:25:43 - [TEST_STEP][PASSED] - maximizeWindow(): Current window maximized

2023-02-08 18:25:44 - [MESSAGE][PASSED] - Current window maximized

2023-02-08 18:25:44 - [TEST_STEP][PASSED] - setText(findTestObject("Object Repository/RecAndPlayBk/Page-VLink-Capture/input_Remittance Id_remittance_id"), VLinkSaleRemID): Text 'GpVFJ2EvxzO7' is set on object 'Object Repository/RecAndPlayBk/Page-VLink-Capture/input_Remittance Id_remittance_id'

2023-02-08 18:25:44 - [MESSAGE][PASSED] - Text 'GpVFJ2EvxzO7' is set on object 'Object Repository/RecAndPlayBk/Page-VLink-Capture/input_Remittance Id_remittance_id'

2023-02-08 18:25:44 - [TEST_STEP][PASSED] - setText(findTestObject("Object Repository/RecAndPlayBk/Page-VLink-Capture/input_Application Id_application_id"), appID): Text '234' is set on object 'Object Repository/RecAndPlayBk/Page-VLink-Capture/input_Application Id_application_id'

2023-02-08 18:25:45 - [MESSAGE][PASSED] - Text '234' is set on object 'Object Repository/RecAndPlayBk/Page-VLink-Capture/input_Application Id_application_id'

2023-02-08 18:25:45 - [TEST_STEP][PASSED] - setText(findTestObject("Object Repository/RecAndPlayBk/Page-VLink-Capture/input_Username_username"), username): Text 'username' is set on object 'Object Repository/RecAndPlayBk/Page-VLink-Capture/input_Username_username'

2023-02-08 18:25:45 - [MESSAGE][PASSED] - Text 'username' is set on object 'Object Repository/RecAndPlayBk/Page-VLink-Capture/input_Username_username'

2023-02-08 18:25:45 - [TEST_STEP][PASSED] - setText(findTestObject("Object Repository/RecAndPlayBk/Page-VLink-Capture/input_Password_password"), password): Text 'password' is set on object 'Object Repository/RecAndPlayBk/Page-VLink-Capture/input_Password_password'

2023-02-08 18:25:46 - [MESSAGE][PASSED] - Text 'password' is set on object 'Object Repository/RecAndPlayBk/Page-VLink-Capture/input_Password_password'

2023-02-08 18:25:46 - [TEST_STEP][PASSED] - setText(findTestObject("Object Repository/RecAndPlayBk/Page-VLink-Capture/input_Transaction ID_transaction_id"), VLinkSaleTranxID): Text '12125242' is set on object 'Object Repository/RecAndPlayBk/Page-VLink-Capture/input_Transaction ID_transaction_id'

2023-02-08 18:25:47 - [MESSAGE][PASSED] - Text '12125242' is set on object 'Object Repository/RecAndPlayBk/Page-VLink-Capture/input_Transaction ID_transaction_id'

2023-02-08 18:25:47 - [TEST_STEP][PASSED] - setText(findTestObject("Object Repository/RecAndPlayBk/Page-VLink-Capture/input_Amount_amount"), amount): Text '10.5' is set on object 'Object Repository/RecAndPlayBk/Page-VLink-Capture/input_Amount_amount'

2023-02-08 18:25:47 - [MESSAGE][PASSED] - Text '10.5' is set on object 'Object Repository/RecAndPlayBk/Page-VLink-Capture/input_Amount_amount'

2023-02-08 18:25:47 - [TEST_STEP][PASSED] - click(findTestObject("Object Repository/RecAndPlayBk/Page-VLink-Capture/input")): Object: 'Object Repository/RecAndPlayBk/Page-VLink-Capture/input' is clicked on

2023-02-08 18:25:49 - [MESSAGE][PASSED] - Object: 'Object Repository/RecAndPlayBk/Page-VLink-Capture/input' is clicked on

2023-02-08 18:25:49 - [TEST_STEP][PASSED] - if (verifyTextPresent("Transaction approved, no errors", true)): null

2023-02-08 18:25:49 - [MESSAGE][PASSED] - Text 'Transaction approved, no errors' is present on page  using regular expression

2023-02-08 18:25:49 - [TEST_STEP][PASSED] - sdfo = getText(findTestObject("Object Repository/Page_VLinkReceipt/pre_STX")): Text of object 'Object Repository/Page_VLinkReceipt/pre_STX' is: '<STX>GpVFJ2EvxzO7                  12125243            0  Transaction approved, no errors                   0                                                                                  Y 520596102<ETX>'

2023-02-08 18:25:49 - [MESSAGE][PASSED] - Text of object 'Object Repository/Page_VLinkReceipt/pre_STX' is: '<STX>GpVFJ2EvxzO7                  12125243            0  Transaction approved, no errors                   0                                                                                  Y 520596102<ETX>'

2023-02-08 18:25:49 - [TEST_STEP][PASSED] - out.println("sdfo: " + sdfo): null

2023-02-08 18:25:49 - [TEST_STEP][PASSED] - remID = substring(5, 35).trim(): null

2023-02-08 18:25:49 - [TEST_STEP][PASSED] - out.println("remID: " + remID): null

2023-02-08 18:25:49 - [TEST_STEP][PASSED] - traxID = substring(35, 55).trim(): null

2023-02-08 18:25:49 - [TEST_STEP][PASSED] - out.println("traxID: " + traxID): null

2023-02-08 18:25:49 - [TEST_STEP][PASSED] - VLinkSaleRemID = remID: null

2023-02-08 18:25:49 - [TEST_STEP][PASSED] - VLinkSaleTranxID = traxID: null

2023-02-08 18:25:49 - [TEST_STEP][PASSED] - openBrowser(VLinkURL + "CC_credit.html"): Browser is opened with url: 'https://dev-algorithm.govolution.com/vlinktest/QA/version_2_0/CC_credit.html'

2023-02-08 18:25:49 - [MESSAGE][WARNING] - A browser is already opened. Closing browser and opening a new one

2023-02-08 18:25:52 - [MESSAGE][INFO] - Starting 'Chrome' driver

2023-02-08 18:25:52 - [MESSAGE][INFO] - User set preference: ['acceptInsecureCerts', 'true']

2023-02-08 18:25:52 - [MESSAGE][INFO] - Action delay is set to 0 milliseconds

2023-02-08 18:25:54 - [MESSAGE][PASSED] - Browser is opened with url: 'https://dev-algorithm.govolution.com/vlinktest/QA/version_2_0/CC_credit.html'

2023-02-08 18:25:54 - [TEST_STEP][PASSED] - maximizeWindow(): Current window maximized

2023-02-08 18:25:54 - [MESSAGE][PASSED] - Current window maximized

2023-02-08 18:25:54 - [TEST_STEP][PASSED] - setText(findTestObject("Object Repository/RecAndPlayBk/Page-Vlink-CC-Credit/input_Remittance Id"), VLinkSaleRemID): Text 'GpVFJ2EvxzO7' is set on object 'Object Repository/RecAndPlayBk/Page-Vlink-CC-Credit/input_Remittance Id'

2023-02-08 18:25:55 - [MESSAGE][PASSED] - Text 'GpVFJ2EvxzO7' is set on object 'Object Repository/RecAndPlayBk/Page-Vlink-CC-Credit/input_Remittance Id'

2023-02-08 18:25:55 - [TEST_STEP][PASSED] - setText(findTestObject("Object Repository/RecAndPlayBk/Page-Vlink-CC-Credit/input_Application Id"), appID): Text '234' is set on object 'Object Repository/RecAndPlayBk/Page-Vlink-CC-Credit/input_Application Id'

2023-02-08 18:25:56 - [MESSAGE][PASSED] - Text '234' is set on object 'Object Repository/RecAndPlayBk/Page-Vlink-CC-Credit/input_Application Id'

2023-02-08 18:25:56 - [TEST_STEP][PASSED] - setText(findTestObject("Object Repository/RecAndPlayBk/Page-Vlink-CC-Credit/input_Username"), username): Text 'username' is set on object 'Object Repository/RecAndPlayBk/Page-Vlink-CC-Credit/input_Username'

2023-02-08 18:25:56 - [MESSAGE][PASSED] - Text 'username' is set on object 'Object Repository/RecAndPlayBk/Page-Vlink-CC-Credit/input_Username'

2023-02-08 18:25:56 - [TEST_STEP][PASSED] - setText(findTestObject("Object Repository/RecAndPlayBk/Page-Vlink-CC-Credit/input_Password"), password): Text 'password' is set on object 'Object Repository/RecAndPlayBk/Page-Vlink-CC-Credit/input_Password'

2023-02-08 18:25:57 - [MESSAGE][PASSED] - Text 'password' is set on object 'Object Repository/RecAndPlayBk/Page-Vlink-CC-Credit/input_Password'

2023-02-08 18:25:57 - [TEST_STEP][PASSED] - setText(findTestObject("Object Repository/RecAndPlayBk/Page-Vlink-CC-Credit/input_Transaction ID"), VLinkSaleTranxID): Text '12125243' is set on object 'Object Repository/RecAndPlayBk/Page-Vlink-CC-Credit/input_Transaction ID'

2023-02-08 18:25:57 - [MESSAGE][PASSED] - Text '12125243' is set on object 'Object Repository/RecAndPlayBk/Page-Vlink-CC-Credit/input_Transaction ID'

2023-02-08 18:25:57 - [TEST_STEP][PASSED] - setText(findTestObject("Object Repository/RecAndPlayBk/Page-Vlink-CC-Credit/input_Amount"), amount): Text '10.5' is set on object 'Object Repository/RecAndPlayBk/Page-Vlink-CC-Credit/input_Amount'

2023-02-08 18:25:58 - [MESSAGE][PASSED] - Text '10.5' is set on object 'Object Repository/RecAndPlayBk/Page-Vlink-CC-Credit/input_Amount'

2023-02-08 18:25:58 - [TEST_STEP][PASSED] - setText(findTestObject("Object Repository/RecAndPlayBk/Page-Vlink-CC-Credit/input_Card number"), ""): Text '' is set on object 'Object Repository/RecAndPlayBk/Page-Vlink-CC-Credit/input_Card number'

2023-02-08 18:25:59 - [MESSAGE][PASSED] - Text '' is set on object 'Object Repository/RecAndPlayBk/Page-Vlink-CC-Credit/input_Card number'

2023-02-08 18:25:59 - [TEST_STEP][PASSED] - setText(findTestObject("Object Repository/RecAndPlayBk/Page-Vlink-CC-Credit/input_Card ex month"), ""): Text '' is set on object 'Object Repository/RecAndPlayBk/Page-Vlink-CC-Credit/input_Card ex month'

2023-02-08 18:25:59 - [MESSAGE][PASSED] - Text '' is set on object 'Object Repository/RecAndPlayBk/Page-Vlink-CC-Credit/input_Card ex month'

2023-02-08 18:25:59 - [TEST_STEP][PASSED] - setText(findTestObject("Object Repository/RecAndPlayBk/Page-Vlink-CC-Credit/input_Card ex year"), ""): Text '' is set on object 'Object Repository/RecAndPlayBk/Page-Vlink-CC-Credit/input_Card ex year'

2023-02-08 18:26:00 - [MESSAGE][PASSED] - Text '' is set on object 'Object Repository/RecAndPlayBk/Page-Vlink-CC-Credit/input_Card ex year'

2023-02-08 18:26:00 - [TEST_STEP][PASSED] - setText(findTestObject("Object Repository/RecAndPlayBk/Page-Vlink-CC-Credit/input_Track Data"), ""): Text '' is set on object 'Object Repository/RecAndPlayBk/Page-Vlink-CC-Credit/input_Track Data'

2023-02-08 18:26:01 - [MESSAGE][PASSED] - Text '' is set on object 'Object Repository/RecAndPlayBk/Page-Vlink-CC-Credit/input_Track Data'

2023-02-08 18:26:01 - [TEST_STEP][PASSED] - setText(findTestObject("Object Repository/RecAndPlayBk/Page-Vlink-CC-Credit/input_Category Code"), category): Text 'ECOM' is set on object 'Object Repository/RecAndPlayBk/Page-Vlink-CC-Credit/input_Category Code'

2023-02-08 18:26:01 - [MESSAGE][PASSED] - Text 'ECOM' is set on object 'Object Repository/RecAndPlayBk/Page-Vlink-CC-Credit/input_Category Code'

2023-02-08 18:26:01 - [TEST_STEP][PASSED] - click(findTestObject("Object Repository/RecAndPlayBk/Page-Vlink-CC-Credit/input")): Object: 'Object Repository/RecAndPlayBk/Page-Vlink-CC-Credit/input' is clicked on

2023-02-08 18:26:02 - [MESSAGE][PASSED] - Object: 'Object Repository/RecAndPlayBk/Page-Vlink-CC-Credit/input' is clicked on

2023-02-08 18:26:02 - [TEST_STEP][PASSED] - if (verifyTextPresent("Transaction approved, no errors", true)): null

2023-02-08 18:26:03 - [MESSAGE][PASSED] - Text 'Transaction approved, no errors' is present on page  using regular expression

2023-02-08 18:26:03 - [TEST_STEP][PASSED] - println("Transaction Approved, no errors text is present on the Confirmation page"): null

2023-02-08 18:26:03 - [TEST_STEP][PASSED] - out.println("Pass Record Number: " + row): null

2023-02-08 18:26:03 - [TEST_STEP][PASSED] - resText = "Pass": null

2023-02-08 18:26:03 - [TEST_STEP][PASSED] - pages.WriteExcel.demoKey(resText, datText, resColumn, datCloumn, fileLoc, nameSheet, row): pages.WriteExcel.demoKey is PASSED

2023-02-08 18:26:03 - [MESSAGE][PASSED] - pages.WriteExcel.demoKey is PASSED

2023-02-08 18:26:03 - [TEST_STEP][PASSED] - ExecuteTC = findTestData(dataFile).getValue("Execute", row): null

2023-02-08 18:26:03 - [TEST_STEP][PASSED] - out.println("Value of Execute is : " + ExecuteTC): null

2023-02-08 18:26:03 - [TEST_STEP][PASSED] - switch (executionProfile): null

2023-02-08 18:26:03 - [TEST_STEP][PASSED] - case "QAProfile":: null

2023-02-08 18:26:03 - [TEST_STEP][PASSED] - appID = findTestData(dataFile).getValue("AppIDQA", row): null

2023-02-08 18:26:03 - [TEST_STEP][PASSED] - username = findTestData(dataFile).getValue("UsernameQA", row): null

2023-02-08 18:26:03 - [TEST_STEP][PASSED] - password = findTestData(dataFile).getValue("PasswordQA", row): null

2023-02-08 18:26:03 - [TEST_STEP][PASSED] - break: null

2023-02-08 18:26:03 - [TEST_STEP][PASSED] - if (ExecuteTC.equalsIgnoreCase("Y")): null

2023-02-08 18:26:03 - [TEST_STEP][PASSED] - out.println("Begin Record Number: " + row): null

2023-02-08 18:26:03 - [TEST_STEP][PASSED] - today = new java.util.Date(): null

2023-02-08 18:26:03 - [TEST_STEP][PASSED] - println(today): null

2023-02-08 18:26:03 - [TEST_STEP][PASSED] - datText = today: null

2023-02-08 18:26:03 - [TEST_STEP][PASSED] - category = findTestData(dataFile).getValue("Category", row): null

2023-02-08 18:26:03 - [TEST_STEP][PASSED] - amount = findTestData(dataFile).getValue("Amount", row): null

2023-02-08 18:26:03 - [TEST_STEP][PASSED] - cardNumber = findTestData(dataFile).getValue("CardNumber", row): null

2023-02-08 18:26:03 - [TEST_STEP][PASSED] - exM = findTestData(dataFile).getValue("ExM", row): null

2023-02-08 18:26:04 - [TEST_STEP][PASSED] - exY = findTestData(dataFile).getValue("ExY", row): null

2023-02-08 18:26:04 - [TEST_STEP][PASSED] - openBrowser(VLinkURL + "auth.html"): Browser is opened with url: 'https://dev-algorithm.govolution.com/vlinktest/QA/version_2_0/auth.html'

2023-02-08 18:26:04 - [MESSAGE][WARNING] - A browser is already opened. Closing browser and opening a new one

2023-02-08 18:26:05 - [MESSAGE][INFO] - Starting 'Chrome' driver

2023-02-08 18:26:05 - [MESSAGE][INFO] - User set preference: ['acceptInsecureCerts', 'true']

2023-02-08 18:26:05 - [MESSAGE][INFO] - Action delay is set to 0 milliseconds

2023-02-08 18:26:06 - [MESSAGE][PASSED] - Browser is opened with url: 'https://dev-algorithm.govolution.com/vlinktest/QA/version_2_0/auth.html'

2023-02-08 18:26:06 - [TEST_STEP][PASSED] - maximizeWindow(): Current window maximized

2023-02-08 18:26:06 - [MESSAGE][PASSED] - Current window maximized

2023-02-08 18:26:06 - [TEST_STEP][PASSED] - genRemID = RandomStringUtils.random(12, true, true): null

2023-02-08 18:26:06 - [TEST_STEP][PASSED] - setText(findTestObject("Object Repository/RecAndPlayBk/Page-Vlink-AuthOnly/input_Remittance Id_remittance_id"), genRemID): Text 'YOC4xplB0BEJ' is set on object 'Object Repository/RecAndPlayBk/Page-Vlink-AuthOnly/input_Remittance Id_remittance_id'

2023-02-08 18:26:07 - [MESSAGE][PASSED] - Text 'YOC4xplB0BEJ' is set on object 'Object Repository/RecAndPlayBk/Page-Vlink-AuthOnly/input_Remittance Id_remittance_id'

2023-02-08 18:26:07 - [TEST_STEP][PASSED] - setText(findTestObject("Object Repository/RecAndPlayBk/Page-Vlink-AuthOnly/input_Application Id_application_id"), appID): Text '234' is set on object 'Object Repository/RecAndPlayBk/Page-Vlink-AuthOnly/input_Application Id_application_id'

2023-02-08 18:26:08 - [MESSAGE][PASSED] - Text '234' is set on object 'Object Repository/RecAndPlayBk/Page-Vlink-AuthOnly/input_Application Id_application_id'

2023-02-08 18:26:08 - [TEST_STEP][PASSED] - setText(findTestObject("Object Repository/RecAndPlayBk/Page-Vlink-AuthOnly/input_Username_username"), username): Text 'username' is set on object 'Object Repository/RecAndPlayBk/Page-Vlink-AuthOnly/input_Username_username'

2023-02-08 18:26:08 - [MESSAGE][PASSED] - Text 'username' is set on object 'Object Repository/RecAndPlayBk/Page-Vlink-AuthOnly/input_Username_username'

2023-02-08 18:26:08 - [TEST_STEP][PASSED] - setText(findTestObject("Object Repository/RecAndPlayBk/Page-Vlink-AuthOnly/input_Password_password"), password): Text 'password' is set on object 'Object Repository/RecAndPlayBk/Page-Vlink-AuthOnly/input_Password_password'

2023-02-08 18:26:09 - [MESSAGE][PASSED] - Text 'password' is set on object 'Object Repository/RecAndPlayBk/Page-Vlink-AuthOnly/input_Password_password'

2023-02-08 18:26:09 - [TEST_STEP][PASSED] - setText(findTestObject("Object Repository/RecAndPlayBk/Page-Vlink-AuthOnly/input_Category_category"), category): Text 'MOTO' is set on object 'Object Repository/RecAndPlayBk/Page-Vlink-AuthOnly/input_Category_category'

2023-02-08 18:26:10 - [MESSAGE][PASSED] - Text 'MOTO' is set on object 'Object Repository/RecAndPlayBk/Page-Vlink-AuthOnly/input_Category_category'

2023-02-08 18:26:10 - [TEST_STEP][PASSED] - setText(findTestObject("Object Repository/RecAndPlayBk/Page-Vlink-AuthOnly/input_Amount_amount"), amount): Text '10.5' is set on object 'Object Repository/RecAndPlayBk/Page-Vlink-AuthOnly/input_Amount_amount'

2023-02-08 18:26:10 - [MESSAGE][PASSED] - Text '10.5' is set on object 'Object Repository/RecAndPlayBk/Page-Vlink-AuthOnly/input_Amount_amount'

2023-02-08 18:26:10 - [TEST_STEP][PASSED] - doubleClick(findTestObject("Object Repository/RecAndPlayBk/Page-Vlink-AuthOnly/input_Card number_card_number")): Object: 'Object Repository/RecAndPlayBk/Page-Vlink-AuthOnly/input_Card number_card_number' is double clicked on

2023-02-08 18:26:11 - [MESSAGE][PASSED] - Object: 'Object Repository/RecAndPlayBk/Page-Vlink-AuthOnly/input_Card number_card_number' is double clicked on

2023-02-08 18:26:11 - [TEST_STEP][PASSED] - setText(findTestObject("Object Repository/RecAndPlayBk/Page-Vlink-AuthOnly/input_Card number_card_number"), cardNumber): Text '5424000000000015' is set on object 'Object Repository/RecAndPlayBk/Page-Vlink-AuthOnly/input_Card number_card_number'

2023-02-08 18:26:11 - [MESSAGE][PASSED] - Text '5424000000000015' is set on object 'Object Repository/RecAndPlayBk/Page-Vlink-AuthOnly/input_Card number_card_number'

2023-02-08 18:26:11 - [TEST_STEP][PASSED] - setText(findTestObject("Object Repository/RecAndPlayBk/Page-Vlink-AuthOnly/input_Card ex month_card_exmo"), exM): Text '12' is set on object 'Object Repository/RecAndPlayBk/Page-Vlink-AuthOnly/input_Card ex month_card_exmo'

2023-02-08 18:26:12 - [MESSAGE][PASSED] - Text '12' is set on object 'Object Repository/RecAndPlayBk/Page-Vlink-AuthOnly/input_Card ex month_card_exmo'

2023-02-08 18:26:12 - [TEST_STEP][PASSED] - setText(findTestObject("Object Repository/RecAndPlayBk/Page-Vlink-AuthOnly/input_Card ex year_card_exyr"), exY): Text '2029' is set on object 'Object Repository/RecAndPlayBk/Page-Vlink-AuthOnly/input_Card ex year_card_exyr'

2023-02-08 18:26:13 - [MESSAGE][PASSED] - Text '2029' is set on object 'Object Repository/RecAndPlayBk/Page-Vlink-AuthOnly/input_Card ex year_card_exyr'

2023-02-08 18:26:13 - [TEST_STEP][PASSED] - click(findTestObject("Object Repository/RecAndPlayBk/Page-Vlink-AuthOnly/input_Track Data_track_data")): Object: 'Object Repository/RecAndPlayBk/Page-Vlink-AuthOnly/input_Track Data_track_data' is clicked on

2023-02-08 18:26:13 - [MESSAGE][PASSED] - Object: 'Object Repository/RecAndPlayBk/Page-Vlink-AuthOnly/input_Track Data_track_data' is clicked on

2023-02-08 18:26:13 - [TEST_STEP][PASSED] - click(findTestObject("Object Repository/RecAndPlayBk/Page-Vlink-AuthOnly/input_CVV state_cvv_state")): Object: 'Object Repository/RecAndPlayBk/Page-Vlink-AuthOnly/input_CVV state_cvv_state' is clicked on

2023-02-08 18:26:13 - [MESSAGE][PASSED] - Object: 'Object Repository/RecAndPlayBk/Page-Vlink-AuthOnly/input_CVV state_cvv_state' is clicked on

2023-02-08 18:26:13 - [TEST_STEP][PASSED] - setText(findTestObject("Object Repository/RecAndPlayBk/Page-Vlink-AuthOnly/input_Track Data_track_data"), ""): Text '' is set on object 'Object Repository/RecAndPlayBk/Page-Vlink-AuthOnly/input_Track Data_track_data'

2023-02-08 18:26:14 - [MESSAGE][PASSED] - Text '' is set on object 'Object Repository/RecAndPlayBk/Page-Vlink-AuthOnly/input_Track Data_track_data'

2023-02-08 18:26:14 - [TEST_STEP][PASSED] - setText(findTestObject("Object Repository/RecAndPlayBk/Page-Vlink-AuthOnly/input_concat(Cardholder, , s email)_email"), ""): Text '' is set on object 'Object Repository/RecAndPlayBk/Page-Vlink-AuthOnly/input_concat(Cardholder, , s email)_email'

2023-02-08 18:26:14 - [MESSAGE][PASSED] - Text '' is set on object 'Object Repository/RecAndPlayBk/Page-Vlink-AuthOnly/input_concat(Cardholder, , s email)_email'

2023-02-08 18:26:14 - [TEST_STEP][PASSED] - click(findTestObject("Object Repository/RecAndPlayBk/Page-Vlink-AuthOnly/input_user_defined10_user_defined10")): Object: 'Object Repository/RecAndPlayBk/Page-Vlink-AuthOnly/input_user_defined10_user_defined10' is clicked on

2023-02-08 18:26:15 - [MESSAGE][PASSED] - Object: 'Object Repository/RecAndPlayBk/Page-Vlink-AuthOnly/input_user_defined10_user_defined10' is clicked on

2023-02-08 18:26:15 - [TEST_STEP][PASSED] - if (executionProfile.equalsIgnoreCase("QAProfile")): Text '' is set on object 'Object Repository/RecAndPlayBk/Page-Vlink-AuthOnly/input_COF Transaction Initiated by_cof_tran_6cded5'

2023-02-08 18:26:15 - [TEST_STEP][PASSED] - setText(findTestObject("Object Repository/RecAndPlayBk/Page-Vlink-AuthOnly/input_Card on File Indicator_card_on_file_i_157dae"), ""): Text '' is set on object 'Object Repository/RecAndPlayBk/Page-Vlink-AuthOnly/input_Card on File Indicator_card_on_file_i_157dae'

2023-02-08 18:26:15 - [MESSAGE][PASSED] - Text '' is set on object 'Object Repository/RecAndPlayBk/Page-Vlink-AuthOnly/input_Card on File Indicator_card_on_file_i_157dae'

2023-02-08 18:26:15 - [TEST_STEP][PASSED] - setText(findTestObject("Object Repository/RecAndPlayBk/Page-Vlink-AuthOnly/input_Stored Credential Indicator_stored_cr_4ae73c"), ""): Text '' is set on object 'Object Repository/RecAndPlayBk/Page-Vlink-AuthOnly/input_Stored Credential Indicator_stored_cr_4ae73c'

2023-02-08 18:26:16 - [MESSAGE][PASSED] - Text '' is set on object 'Object Repository/RecAndPlayBk/Page-Vlink-AuthOnly/input_Stored Credential Indicator_stored_cr_4ae73c'

2023-02-08 18:26:16 - [TEST_STEP][PASSED] - setText(findTestObject("Object Repository/RecAndPlayBk/Page-Vlink-AuthOnly/input_COF Scheduled indicator_cof_scheduled_8df7d8"), ""): Text '' is set on object 'Object Repository/RecAndPlayBk/Page-Vlink-AuthOnly/input_COF Scheduled indicator_cof_scheduled_8df7d8'

2023-02-08 18:26:17 - [MESSAGE][PASSED] - Text '' is set on object 'Object Repository/RecAndPlayBk/Page-Vlink-AuthOnly/input_COF Scheduled indicator_cof_scheduled_8df7d8'

2023-02-08 18:26:17 - [TEST_STEP][PASSED] - setText(findTestObject("Object Repository/RecAndPlayBk/Page-Vlink-AuthOnly/input_COF Transaction Initiated by_cof_tran_6cded5"), ""): Text '' is set on object 'Object Repository/RecAndPlayBk/Page-Vlink-AuthOnly/input_COF Transaction Initiated by_cof_tran_6cded5'

2023-02-08 18:26:17 - [MESSAGE][PASSED] - Text '' is set on object 'Object Repository/RecAndPlayBk/Page-Vlink-AuthOnly/input_COF Transaction Initiated by_cof_tran_6cded5'

2023-02-08 18:26:17 - [TEST_STEP][PASSED] - click(findTestObject("Object Repository/RecAndPlayBk/Page-Vlink-AuthOnly/input")): Object: 'Object Repository/RecAndPlayBk/Page-Vlink-AuthOnly/input' is clicked on

2023-02-08 18:26:18 - [MESSAGE][PASSED] - Object: 'Object Repository/RecAndPlayBk/Page-Vlink-AuthOnly/input' is clicked on

2023-02-08 18:26:18 - [TEST_STEP][PASSED] - if (verifyTextPresent("Transaction approved, no errors", true)): null

2023-02-08 18:26:18 - [MESSAGE][PASSED] - Text 'Transaction approved, no errors' is present on page  using regular expression

2023-02-08 18:26:18 - [TEST_STEP][PASSED] - out.println("Auth was successful, Capture now"): null

2023-02-08 18:26:18 - [TEST_STEP][PASSED] - sdfo = getText(findTestObject("Object Repository/Page_VLinkReceipt/pre_STX")): Text of object 'Object Repository/Page_VLinkReceipt/pre_STX' is: '<STX>YOC4xplB0BEJ                  12125245            0  Transaction approved, no errors                   0                                                                                  Y 449909496<ETX>'

2023-02-08 18:26:19 - [MESSAGE][PASSED] - Text of object 'Object Repository/Page_VLinkReceipt/pre_STX' is: '<STX>YOC4xplB0BEJ                  12125245            0  Transaction approved, no errors                   0                                                                                  Y 449909496<ETX>'

2023-02-08 18:26:19 - [TEST_STEP][PASSED] - out.println("sdfo: " + sdfo): null

2023-02-08 18:26:19 - [TEST_STEP][PASSED] - remID = substring(5, 35).trim(): null

2023-02-08 18:26:19 - [TEST_STEP][PASSED] - out.println("remID: " + remID): null

2023-02-08 18:26:19 - [TEST_STEP][PASSED] - traxID = substring(35, 55).trim(): null

2023-02-08 18:26:19 - [TEST_STEP][PASSED] - out.println("traxID: " + traxID): null

2023-02-08 18:26:19 - [TEST_STEP][PASSED] - VLinkSaleRemID = remID: null

2023-02-08 18:26:19 - [TEST_STEP][PASSED] - VLinkSaleTranxID = traxID: null

2023-02-08 18:26:19 - [TEST_STEP][PASSED] - openBrowser(VLinkURL + "capture.html"): Browser is opened with url: 'https://dev-algorithm.govolution.com/vlinktest/QA/version_2_0/capture.html'

2023-02-08 18:26:19 - [MESSAGE][WARNING] - A browser is already opened. Closing browser and opening a new one

2023-02-08 18:26:20 - [MESSAGE][INFO] - Starting 'Chrome' driver

2023-02-08 18:26:20 - [MESSAGE][INFO] - User set preference: ['acceptInsecureCerts', 'true']

2023-02-08 18:26:20 - [MESSAGE][INFO] - Action delay is set to 0 milliseconds

2023-02-08 18:26:21 - [MESSAGE][PASSED] - Browser is opened with url: 'https://dev-algorithm.govolution.com/vlinktest/QA/version_2_0/capture.html'

2023-02-08 18:26:21 - [TEST_STEP][PASSED] - maximizeWindow(): Current window maximized

2023-02-08 18:26:22 - [MESSAGE][PASSED] - Current window maximized

2023-02-08 18:26:22 - [TEST_STEP][PASSED] - setText(findTestObject("Object Repository/RecAndPlayBk/Page-VLink-Capture/input_Remittance Id_remittance_id"), VLinkSaleRemID): Text 'YOC4xplB0BEJ' is set on object 'Object Repository/RecAndPlayBk/Page-VLink-Capture/input_Remittance Id_remittance_id'

2023-02-08 18:26:22 - [MESSAGE][PASSED] - Text 'YOC4xplB0BEJ' is set on object 'Object Repository/RecAndPlayBk/Page-VLink-Capture/input_Remittance Id_remittance_id'

2023-02-08 18:26:22 - [TEST_STEP][PASSED] - setText(findTestObject("Object Repository/RecAndPlayBk/Page-VLink-Capture/input_Application Id_application_id"), appID): Text '234' is set on object 'Object Repository/RecAndPlayBk/Page-VLink-Capture/input_Application Id_application_id'

2023-02-08 18:26:23 - [MESSAGE][PASSED] - Text '234' is set on object 'Object Repository/RecAndPlayBk/Page-VLink-Capture/input_Application Id_application_id'

2023-02-08 18:26:23 - [TEST_STEP][PASSED] - setText(findTestObject("Object Repository/RecAndPlayBk/Page-VLink-Capture/input_Username_username"), username): Text 'username' is set on object 'Object Repository/RecAndPlayBk/Page-VLink-Capture/input_Username_username'

2023-02-08 18:26:23 - [MESSAGE][PASSED] - Text 'username' is set on object 'Object Repository/RecAndPlayBk/Page-VLink-Capture/input_Username_username'

2023-02-08 18:26:23 - [TEST_STEP][PASSED] - setText(findTestObject("Object Repository/RecAndPlayBk/Page-VLink-Capture/input_Password_password"), password): Text 'password' is set on object 'Object Repository/RecAndPlayBk/Page-VLink-Capture/input_Password_password'

2023-02-08 18:26:24 - [MESSAGE][PASSED] - Text 'password' is set on object 'Object Repository/RecAndPlayBk/Page-VLink-Capture/input_Password_password'

2023-02-08 18:26:24 - [TEST_STEP][PASSED] - setText(findTestObject("Object Repository/RecAndPlayBk/Page-VLink-Capture/input_Transaction ID_transaction_id"), VLinkSaleTranxID): Text '12125245' is set on object 'Object Repository/RecAndPlayBk/Page-VLink-Capture/input_Transaction ID_transaction_id'

2023-02-08 18:26:25 - [MESSAGE][PASSED] - Text '12125245' is set on object 'Object Repository/RecAndPlayBk/Page-VLink-Capture/input_Transaction ID_transaction_id'

2023-02-08 18:26:25 - [TEST_STEP][PASSED] - setText(findTestObject("Object Repository/RecAndPlayBk/Page-VLink-Capture/input_Amount_amount"), amount): Text '10.5' is set on object 'Object Repository/RecAndPlayBk/Page-VLink-Capture/input_Amount_amount'

2023-02-08 18:26:25 - [MESSAGE][PASSED] - Text '10.5' is set on object 'Object Repository/RecAndPlayBk/Page-VLink-Capture/input_Amount_amount'

2023-02-08 18:26:25 - [TEST_STEP][PASSED] - click(findTestObject("Object Repository/RecAndPlayBk/Page-VLink-Capture/input")): Object: 'Object Repository/RecAndPlayBk/Page-VLink-Capture/input' is clicked on

2023-02-08 18:26:26 - [MESSAGE][PASSED] - Object: 'Object Repository/RecAndPlayBk/Page-VLink-Capture/input' is clicked on

2023-02-08 18:26:26 - [TEST_STEP][PASSED] - if (verifyTextPresent("Transaction approved, no errors", true)): null

2023-02-08 18:26:27 - [MESSAGE][PASSED] - Text 'Transaction approved, no errors' is present on page  using regular expression

2023-02-08 18:26:27 - [TEST_STEP][PASSED] - sdfo = getText(findTestObject("Object Repository/Page_VLinkReceipt/pre_STX")): Text of object 'Object Repository/Page_VLinkReceipt/pre_STX' is: '<STX>YOC4xplB0BEJ                  12125246            0  Transaction approved, no errors                   0                                                                                  Y 449909496<ETX>'

2023-02-08 18:26:27 - [MESSAGE][PASSED] - Text of object 'Object Repository/Page_VLinkReceipt/pre_STX' is: '<STX>YOC4xplB0BEJ                  12125246            0  Transaction approved, no errors                   0                                                                                  Y 449909496<ETX>'

2023-02-08 18:26:27 - [TEST_STEP][PASSED] - out.println("sdfo: " + sdfo): null

2023-02-08 18:26:27 - [TEST_STEP][PASSED] - remID = substring(5, 35).trim(): null

2023-02-08 18:26:27 - [TEST_STEP][PASSED] - out.println("remID: " + remID): null

2023-02-08 18:26:27 - [TEST_STEP][PASSED] - traxID = substring(35, 55).trim(): null

2023-02-08 18:26:27 - [TEST_STEP][PASSED] - out.println("traxID: " + traxID): null

2023-02-08 18:26:27 - [TEST_STEP][PASSED] - VLinkSaleRemID = remID: null

2023-02-08 18:26:27 - [TEST_STEP][PASSED] - VLinkSaleTranxID = traxID: null

2023-02-08 18:26:27 - [TEST_STEP][PASSED] - openBrowser(VLinkURL + "CC_credit.html"): Browser is opened with url: 'https://dev-algorithm.govolution.com/vlinktest/QA/version_2_0/CC_credit.html'

2023-02-08 18:26:27 - [MESSAGE][WARNING] - A browser is already opened. Closing browser and opening a new one

2023-02-08 18:26:29 - [MESSAGE][INFO] - Starting 'Chrome' driver

2023-02-08 18:26:29 - [MESSAGE][INFO] - User set preference: ['acceptInsecureCerts', 'true']

2023-02-08 18:26:29 - [MESSAGE][INFO] - Action delay is set to 0 milliseconds

2023-02-08 18:26:31 - [MESSAGE][PASSED] - Browser is opened with url: 'https://dev-algorithm.govolution.com/vlinktest/QA/version_2_0/CC_credit.html'

2023-02-08 18:26:31 - [TEST_STEP][PASSED] - maximizeWindow(): Current window maximized

2023-02-08 18:26:31 - [MESSAGE][PASSED] - Current window maximized

2023-02-08 18:26:31 - [TEST_STEP][PASSED] - setText(findTestObject("Object Repository/RecAndPlayBk/Page-Vlink-CC-Credit/input_Remittance Id"), VLinkSaleRemID): Text 'YOC4xplB0BEJ' is set on object 'Object Repository/RecAndPlayBk/Page-Vlink-CC-Credit/input_Remittance Id'

2023-02-08 18:26:32 - [MESSAGE][PASSED] - Text 'YOC4xplB0BEJ' is set on object 'Object Repository/RecAndPlayBk/Page-Vlink-CC-Credit/input_Remittance Id'

2023-02-08 18:26:32 - [TEST_STEP][PASSED] - setText(findTestObject("Object Repository/RecAndPlayBk/Page-Vlink-CC-Credit/input_Application Id"), appID): Text '234' is set on object 'Object Repository/RecAndPlayBk/Page-Vlink-CC-Credit/input_Application Id'

2023-02-08 18:26:33 - [MESSAGE][PASSED] - Text '234' is set on object 'Object Repository/RecAndPlayBk/Page-Vlink-CC-Credit/input_Application Id'

2023-02-08 18:26:33 - [TEST_STEP][PASSED] - setText(findTestObject("Object Repository/RecAndPlayBk/Page-Vlink-CC-Credit/input_Username"), username): Text 'username' is set on object 'Object Repository/RecAndPlayBk/Page-Vlink-CC-Credit/input_Username'

2023-02-08 18:26:33 - [MESSAGE][PASSED] - Text 'username' is set on object 'Object Repository/RecAndPlayBk/Page-Vlink-CC-Credit/input_Username'

2023-02-08 18:26:33 - [TEST_STEP][PASSED] - setText(findTestObject("Object Repository/RecAndPlayBk/Page-Vlink-CC-Credit/input_Password"), password): Text 'password' is set on object 'Object Repository/RecAndPlayBk/Page-Vlink-CC-Credit/input_Password'

2023-02-08 18:26:34 - [MESSAGE][PASSED] - Text 'password' is set on object 'Object Repository/RecAndPlayBk/Page-Vlink-CC-Credit/input_Password'

2023-02-08 18:26:34 - [TEST_STEP][PASSED] - setText(findTestObject("Object Repository/RecAndPlayBk/Page-Vlink-CC-Credit/input_Transaction ID"), VLinkSaleTranxID): Text '12125246' is set on object 'Object Repository/RecAndPlayBk/Page-Vlink-CC-Credit/input_Transaction ID'

2023-02-08 18:26:34 - [MESSAGE][PASSED] - Text '12125246' is set on object 'Object Repository/RecAndPlayBk/Page-Vlink-CC-Credit/input_Transaction ID'

2023-02-08 18:26:34 - [TEST_STEP][PASSED] - setText(findTestObject("Object Repository/RecAndPlayBk/Page-Vlink-CC-Credit/input_Amount"), amount): Text '10.5' is set on object 'Object Repository/RecAndPlayBk/Page-Vlink-CC-Credit/input_Amount'

2023-02-08 18:26:35 - [MESSAGE][PASSED] - Text '10.5' is set on object 'Object Repository/RecAndPlayBk/Page-Vlink-CC-Credit/input_Amount'

2023-02-08 18:26:35 - [TEST_STEP][PASSED] - setText(findTestObject("Object Repository/RecAndPlayBk/Page-Vlink-CC-Credit/input_Card number"), ""): Text '' is set on object 'Object Repository/RecAndPlayBk/Page-Vlink-CC-Credit/input_Card number'

2023-02-08 18:26:36 - [MESSAGE][PASSED] - Text '' is set on object 'Object Repository/RecAndPlayBk/Page-Vlink-CC-Credit/input_Card number'

2023-02-08 18:26:36 - [TEST_STEP][PASSED] - setText(findTestObject("Object Repository/RecAndPlayBk/Page-Vlink-CC-Credit/input_Card ex month"), ""): Text '' is set on object 'Object Repository/RecAndPlayBk/Page-Vlink-CC-Credit/input_Card ex month'

2023-02-08 18:26:36 - [MESSAGE][PASSED] - Text '' is set on object 'Object Repository/RecAndPlayBk/Page-Vlink-CC-Credit/input_Card ex month'

2023-02-08 18:26:36 - [TEST_STEP][PASSED] - setText(findTestObject("Object Repository/RecAndPlayBk/Page-Vlink-CC-Credit/input_Card ex year"), ""): Text '' is set on object 'Object Repository/RecAndPlayBk/Page-Vlink-CC-Credit/input_Card ex year'

2023-02-08 18:26:37 - [MESSAGE][PASSED] - Text '' is set on object 'Object Repository/RecAndPlayBk/Page-Vlink-CC-Credit/input_Card ex year'

2023-02-08 18:26:37 - [TEST_STEP][PASSED] - setText(findTestObject("Object Repository/RecAndPlayBk/Page-Vlink-CC-Credit/input_Track Data"), ""): Text '' is set on object 'Object Repository/RecAndPlayBk/Page-Vlink-CC-Credit/input_Track Data'

2023-02-08 18:26:37 - [MESSAGE][PASSED] - Text '' is set on object 'Object Repository/RecAndPlayBk/Page-Vlink-CC-Credit/input_Track Data'

2023-02-08 18:26:37 - [TEST_STEP][PASSED] - setText(findTestObject("Object Repository/RecAndPlayBk/Page-Vlink-CC-Credit/input_Category Code"), category): Text 'MOTO' is set on object 'Object Repository/RecAndPlayBk/Page-Vlink-CC-Credit/input_Category Code'

2023-02-08 18:26:38 - [MESSAGE][PASSED] - Text 'MOTO' is set on object 'Object Repository/RecAndPlayBk/Page-Vlink-CC-Credit/input_Category Code'

2023-02-08 18:26:38 - [TEST_STEP][PASSED] - click(findTestObject("Object Repository/RecAndPlayBk/Page-Vlink-CC-Credit/input")): Object: 'Object Repository/RecAndPlayBk/Page-Vlink-CC-Credit/input' is clicked on

2023-02-08 18:26:39 - [MESSAGE][PASSED] - Object: 'Object Repository/RecAndPlayBk/Page-Vlink-CC-Credit/input' is clicked on

2023-02-08 18:26:39 - [TEST_STEP][PASSED] - if (verifyTextPresent("Transaction approved, no errors", true)): null

2023-02-08 18:26:40 - [MESSAGE][PASSED] - Text 'Transaction approved, no errors' is present on page  using regular expression

2023-02-08 18:26:40 - [TEST_STEP][PASSED] - println("Transaction Approved, no errors text is present on the Confirmation page"): null

2023-02-08 18:26:40 - [TEST_STEP][PASSED] - out.println("Pass Record Number: " + row): null

2023-02-08 18:26:40 - [TEST_STEP][PASSED] - resText = "Pass": null

2023-02-08 18:26:40 - [TEST_STEP][PASSED] - pages.WriteExcel.demoKey(resText, datText, resColumn, datCloumn, fileLoc, nameSheet, row): pages.WriteExcel.demoKey is PASSED

2023-02-08 18:26:40 - [MESSAGE][PASSED] - pages.WriteExcel.demoKey is PASSED

2023-02-08 18:26:40 - [TEST_STEP][PASSED] - ExecuteTC = findTestData(dataFile).getValue("Execute", row): null

2023-02-08 18:26:40 - [TEST_STEP][PASSED] - out.println("Value of Execute is : " + ExecuteTC): null

2023-02-08 18:26:40 - [TEST_STEP][PASSED] - switch (executionProfile): null

2023-02-08 18:26:40 - [TEST_STEP][PASSED] - case "QAProfile":: null

2023-02-08 18:26:40 - [TEST_STEP][PASSED] - appID = findTestData(dataFile).getValue("AppIDQA", row): null

2023-02-08 18:26:40 - [TEST_STEP][PASSED] - username = findTestData(dataFile).getValue("UsernameQA", row): null

2023-02-08 18:26:40 - [TEST_STEP][PASSED] - password = findTestData(dataFile).getValue("PasswordQA", row): null

2023-02-08 18:26:40 - [TEST_STEP][PASSED] - break: null

2023-02-08 18:26:40 - [TEST_STEP][PASSED] - if (ExecuteTC.equalsIgnoreCase("Y")): null

2023-02-08 18:26:40 - [TEST_STEP][PASSED] - out.println("Begin Record Number: " + row): null

2023-02-08 18:26:40 - [TEST_STEP][PASSED] - today = new java.util.Date(): null

2023-02-08 18:26:40 - [TEST_STEP][PASSED] - println(today): null

2023-02-08 18:26:40 - [TEST_STEP][PASSED] - datText = today: null

2023-02-08 18:26:40 - [TEST_STEP][PASSED] - category = findTestData(dataFile).getValue("Category", row): null

2023-02-08 18:26:40 - [TEST_STEP][PASSED] - amount = findTestData(dataFile).getValue("Amount", row): null

2023-02-08 18:26:40 - [TEST_STEP][PASSED] - cardNumber = findTestData(dataFile).getValue("CardNumber", row): null

2023-02-08 18:26:40 - [TEST_STEP][PASSED] - exM = findTestData(dataFile).getValue("ExM", row): null

2023-02-08 18:26:40 - [TEST_STEP][PASSED] - exY = findTestData(dataFile).getValue("ExY", row): null

2023-02-08 18:26:40 - [TEST_STEP][PASSED] - openBrowser(VLinkURL + "auth.html"): Browser is opened with url: 'https://dev-algorithm.govolution.com/vlinktest/QA/version_2_0/auth.html'

2023-02-08 18:26:40 - [MESSAGE][WARNING] - A browser is already opened. Closing browser and opening a new one

2023-02-08 18:26:42 - [MESSAGE][INFO] - Starting 'Chrome' driver

2023-02-08 18:26:42 - [MESSAGE][INFO] - User set preference: ['acceptInsecureCerts', 'true']

2023-02-08 18:26:42 - [MESSAGE][INFO] - Action delay is set to 0 milliseconds

2023-02-08 18:26:44 - [MESSAGE][PASSED] - Browser is opened with url: 'https://dev-algorithm.govolution.com/vlinktest/QA/version_2_0/auth.html'

2023-02-08 18:26:44 - [TEST_STEP][PASSED] - maximizeWindow(): Current window maximized

2023-02-08 18:26:44 - [MESSAGE][PASSED] - Current window maximized

2023-02-08 18:26:44 - [TEST_STEP][PASSED] - genRemID = RandomStringUtils.random(12, true, true): null

2023-02-08 18:26:44 - [TEST_STEP][PASSED] - setText(findTestObject("Object Repository/RecAndPlayBk/Page-Vlink-AuthOnly/input_Remittance Id_remittance_id"), genRemID): Text 'TTb3ruKCI1DN' is set on object 'Object Repository/RecAndPlayBk/Page-Vlink-AuthOnly/input_Remittance Id_remittance_id'

2023-02-08 18:26:44 - [MESSAGE][PASSED] - Text 'TTb3ruKCI1DN' is set on object 'Object Repository/RecAndPlayBk/Page-Vlink-AuthOnly/input_Remittance Id_remittance_id'

2023-02-08 18:26:44 - [TEST_STEP][PASSED] - setText(findTestObject("Object Repository/RecAndPlayBk/Page-Vlink-AuthOnly/input_Application Id_application_id"), appID): Text '234' is set on object 'Object Repository/RecAndPlayBk/Page-Vlink-AuthOnly/input_Application Id_application_id'

2023-02-08 18:26:45 - [MESSAGE][PASSED] - Text '234' is set on object 'Object Repository/RecAndPlayBk/Page-Vlink-AuthOnly/input_Application Id_application_id'

2023-02-08 18:26:45 - [TEST_STEP][PASSED] - setText(findTestObject("Object Repository/RecAndPlayBk/Page-Vlink-AuthOnly/input_Username_username"), username): Text 'username' is set on object 'Object Repository/RecAndPlayBk/Page-Vlink-AuthOnly/input_Username_username'

2023-02-08 18:26:46 - [MESSAGE][PASSED] - Text 'username' is set on object 'Object Repository/RecAndPlayBk/Page-Vlink-AuthOnly/input_Username_username'

2023-02-08 18:26:46 - [TEST_STEP][PASSED] - setText(findTestObject("Object Repository/RecAndPlayBk/Page-Vlink-AuthOnly/input_Password_password"), password): Text 'password' is set on object 'Object Repository/RecAndPlayBk/Page-Vlink-AuthOnly/input_Password_password'

2023-02-08 18:26:46 - [MESSAGE][PASSED] - Text 'password' is set on object 'Object Repository/RecAndPlayBk/Page-Vlink-AuthOnly/input_Password_password'

2023-02-08 18:26:46 - [TEST_STEP][PASSED] - setText(findTestObject("Object Repository/RecAndPlayBk/Page-Vlink-AuthOnly/input_Category_category"), category): Text 'RETL' is set on object 'Object Repository/RecAndPlayBk/Page-Vlink-AuthOnly/input_Category_category'

2023-02-08 18:26:47 - [MESSAGE][PASSED] - Text 'RETL' is set on object 'Object Repository/RecAndPlayBk/Page-Vlink-AuthOnly/input_Category_category'

2023-02-08 18:26:47 - [TEST_STEP][PASSED] - setText(findTestObject("Object Repository/RecAndPlayBk/Page-Vlink-AuthOnly/input_Amount_amount"), amount): Text '10.5' is set on object 'Object Repository/RecAndPlayBk/Page-Vlink-AuthOnly/input_Amount_amount'

2023-02-08 18:26:48 - [MESSAGE][PASSED] - Text '10.5' is set on object 'Object Repository/RecAndPlayBk/Page-Vlink-AuthOnly/input_Amount_amount'

2023-02-08 18:26:48 - [TEST_STEP][PASSED] - doubleClick(findTestObject("Object Repository/RecAndPlayBk/Page-Vlink-AuthOnly/input_Card number_card_number")): Object: 'Object Repository/RecAndPlayBk/Page-Vlink-AuthOnly/input_Card number_card_number' is double clicked on

2023-02-08 18:26:48 - [MESSAGE][PASSED] - Object: 'Object Repository/RecAndPlayBk/Page-Vlink-AuthOnly/input_Card number_card_number' is double clicked on

2023-02-08 18:26:48 - [TEST_STEP][PASSED] - setText(findTestObject("Object Repository/RecAndPlayBk/Page-Vlink-AuthOnly/input_Card number_card_number"), cardNumber): Text '370000000000002' is set on object 'Object Repository/RecAndPlayBk/Page-Vlink-AuthOnly/input_Card number_card_number'

2023-02-08 18:26:49 - [MESSAGE][PASSED] - Text '370000000000002' is set on object 'Object Repository/RecAndPlayBk/Page-Vlink-AuthOnly/input_Card number_card_number'

2023-02-08 18:26:49 - [TEST_STEP][PASSED] - setText(findTestObject("Object Repository/RecAndPlayBk/Page-Vlink-AuthOnly/input_Card ex month_card_exmo"), exM): Text '12' is set on object 'Object Repository/RecAndPlayBk/Page-Vlink-AuthOnly/input_Card ex month_card_exmo'

2023-02-08 18:26:49 - [MESSAGE][PASSED] - Text '12' is set on object 'Object Repository/RecAndPlayBk/Page-Vlink-AuthOnly/input_Card ex month_card_exmo'

2023-02-08 18:26:49 - [TEST_STEP][PASSED] - setText(findTestObject("Object Repository/RecAndPlayBk/Page-Vlink-AuthOnly/input_Card ex year_card_exyr"), exY): Text '2029' is set on object 'Object Repository/RecAndPlayBk/Page-Vlink-AuthOnly/input_Card ex year_card_exyr'

2023-02-08 18:26:50 - [MESSAGE][PASSED] - Text '2029' is set on object 'Object Repository/RecAndPlayBk/Page-Vlink-AuthOnly/input_Card ex year_card_exyr'

2023-02-08 18:26:50 - [TEST_STEP][PASSED] - click(findTestObject("Object Repository/RecAndPlayBk/Page-Vlink-AuthOnly/input_Track Data_track_data")): Object: 'Object Repository/RecAndPlayBk/Page-Vlink-AuthOnly/input_Track Data_track_data' is clicked on

2023-02-08 18:26:50 - [MESSAGE][PASSED] - Object: 'Object Repository/RecAndPlayBk/Page-Vlink-AuthOnly/input_Track Data_track_data' is clicked on

2023-02-08 18:26:50 - [TEST_STEP][PASSED] - click(findTestObject("Object Repository/RecAndPlayBk/Page-Vlink-AuthOnly/input_CVV state_cvv_state")): Object: 'Object Repository/RecAndPlayBk/Page-Vlink-AuthOnly/input_CVV state_cvv_state' is clicked on

2023-02-08 18:26:51 - [MESSAGE][PASSED] - Object: 'Object Repository/RecAndPlayBk/Page-Vlink-AuthOnly/input_CVV state_cvv_state' is clicked on

2023-02-08 18:26:51 - [TEST_STEP][PASSED] - setText(findTestObject("Object Repository/RecAndPlayBk/Page-Vlink-AuthOnly/input_Track Data_track_data"), ""): Text '' is set on object 'Object Repository/RecAndPlayBk/Page-Vlink-AuthOnly/input_Track Data_track_data'

2023-02-08 18:26:51 - [MESSAGE][PASSED] - Text '' is set on object 'Object Repository/RecAndPlayBk/Page-Vlink-AuthOnly/input_Track Data_track_data'

2023-02-08 18:26:51 - [TEST_STEP][PASSED] - setText(findTestObject("Object Repository/RecAndPlayBk/Page-Vlink-AuthOnly/input_concat(Cardholder, , s email)_email"), ""): Text '' is set on object 'Object Repository/RecAndPlayBk/Page-Vlink-AuthOnly/input_concat(Cardholder, , s email)_email'

2023-02-08 18:26:52 - [MESSAGE][PASSED] - Text '' is set on object 'Object Repository/RecAndPlayBk/Page-Vlink-AuthOnly/input_concat(Cardholder, , s email)_email'

2023-02-08 18:26:52 - [TEST_STEP][PASSED] - click(findTestObject("Object Repository/RecAndPlayBk/Page-Vlink-AuthOnly/input_user_defined10_user_defined10")): Object: 'Object Repository/RecAndPlayBk/Page-Vlink-AuthOnly/input_user_defined10_user_defined10' is clicked on

2023-02-08 18:26:52 - [MESSAGE][PASSED] - Object: 'Object Repository/RecAndPlayBk/Page-Vlink-AuthOnly/input_user_defined10_user_defined10' is clicked on

2023-02-08 18:26:52 - [TEST_STEP][PASSED] - if (executionProfile.equalsIgnoreCase("QAProfile")): Text '' is set on object 'Object Repository/RecAndPlayBk/Page-Vlink-AuthOnly/input_COF Transaction Initiated by_cof_tran_6cded5'

2023-02-08 18:26:52 - [TEST_STEP][PASSED] - setText(findTestObject("Object Repository/RecAndPlayBk/Page-Vlink-AuthOnly/input_Card on File Indicator_card_on_file_i_157dae"), ""): Text '' is set on object 'Object Repository/RecAndPlayBk/Page-Vlink-AuthOnly/input_Card on File Indicator_card_on_file_i_157dae'

2023-02-08 18:26:53 - [MESSAGE][PASSED] - Text '' is set on object 'Object Repository/RecAndPlayBk/Page-Vlink-AuthOnly/input_Card on File Indicator_card_on_file_i_157dae'

2023-02-08 18:26:53 - [TEST_STEP][PASSED] - setText(findTestObject("Object Repository/RecAndPlayBk/Page-Vlink-AuthOnly/input_Stored Credential Indicator_stored_cr_4ae73c"), ""): Text '' is set on object 'Object Repository/RecAndPlayBk/Page-Vlink-AuthOnly/input_Stored Credential Indicator_stored_cr_4ae73c'

2023-02-08 18:26:53 - [MESSAGE][PASSED] - Text '' is set on object 'Object Repository/RecAndPlayBk/Page-Vlink-AuthOnly/input_Stored Credential Indicator_stored_cr_4ae73c'

2023-02-08 18:26:53 - [TEST_STEP][PASSED] - setText(findTestObject("Object Repository/RecAndPlayBk/Page-Vlink-AuthOnly/input_COF Scheduled indicator_cof_scheduled_8df7d8"), ""): Text '' is set on object 'Object Repository/RecAndPlayBk/Page-Vlink-AuthOnly/input_COF Scheduled indicator_cof_scheduled_8df7d8'

2023-02-08 18:26:54 - [MESSAGE][PASSED] - Text '' is set on object 'Object Repository/RecAndPlayBk/Page-Vlink-AuthOnly/input_COF Scheduled indicator_cof_scheduled_8df7d8'

2023-02-08 18:26:54 - [TEST_STEP][PASSED] - setText(findTestObject("Object Repository/RecAndPlayBk/Page-Vlink-AuthOnly/input_COF Transaction Initiated by_cof_tran_6cded5"), ""): Text '' is set on object 'Object Repository/RecAndPlayBk/Page-Vlink-AuthOnly/input_COF Transaction Initiated by_cof_tran_6cded5'

2023-02-08 18:26:55 - [MESSAGE][PASSED] - Text '' is set on object 'Object Repository/RecAndPlayBk/Page-Vlink-AuthOnly/input_COF Transaction Initiated by_cof_tran_6cded5'

2023-02-08 18:26:55 - [TEST_STEP][PASSED] - click(findTestObject("Object Repository/RecAndPlayBk/Page-Vlink-AuthOnly/input")): Object: 'Object Repository/RecAndPlayBk/Page-Vlink-AuthOnly/input' is clicked on

2023-02-08 18:26:55 - [MESSAGE][PASSED] - Object: 'Object Repository/RecAndPlayBk/Page-Vlink-AuthOnly/input' is clicked on

2023-02-08 18:26:55 - [TEST_STEP][PASSED] - if (verifyTextPresent("Transaction approved, no errors", true)): null

2023-02-08 18:26:56 - [MESSAGE][PASSED] - Text 'Transaction approved, no errors' is present on page  using regular expression

2023-02-08 18:26:56 - [TEST_STEP][PASSED] - out.println("Auth was successful, Capture now"): null

2023-02-08 18:26:56 - [TEST_STEP][PASSED] - sdfo = getText(findTestObject("Object Repository/Page_VLinkReceipt/pre_STX")): Text of object 'Object Repository/Page_VLinkReceipt/pre_STX' is: '<STX>TTb3ruKCI1DN                  12125248            0  Transaction approved, no errors                   0                                                                                  Y 894425602<ETX>'

2023-02-08 18:26:56 - [MESSAGE][PASSED] - Text of object 'Object Repository/Page_VLinkReceipt/pre_STX' is: '<STX>TTb3ruKCI1DN                  12125248            0  Transaction approved, no errors                   0                                                                                  Y 894425602<ETX>'

2023-02-08 18:26:56 - [TEST_STEP][PASSED] - out.println("sdfo: " + sdfo): null

2023-02-08 18:26:56 - [TEST_STEP][PASSED] - remID = substring(5, 35).trim(): null

2023-02-08 18:26:56 - [TEST_STEP][PASSED] - out.println("remID: " + remID): null

2023-02-08 18:26:56 - [TEST_STEP][PASSED] - traxID = substring(35, 55).trim(): null

2023-02-08 18:26:56 - [TEST_STEP][PASSED] - out.println("traxID: " + traxID): null

2023-02-08 18:26:56 - [TEST_STEP][PASSED] - VLinkSaleRemID = remID: null

2023-02-08 18:26:56 - [TEST_STEP][PASSED] - VLinkSaleTranxID = traxID: null

2023-02-08 18:26:56 - [TEST_STEP][PASSED] - openBrowser(VLinkURL + "capture.html"): Browser is opened with url: 'https://dev-algorithm.govolution.com/vlinktest/QA/version_2_0/capture.html'

2023-02-08 18:26:56 - [MESSAGE][WARNING] - A browser is already opened. Closing browser and opening a new one

2023-02-08 18:26:57 - [MESSAGE][INFO] - Starting 'Chrome' driver

2023-02-08 18:26:57 - [MESSAGE][INFO] - User set preference: ['acceptInsecureCerts', 'true']

2023-02-08 18:26:57 - [MESSAGE][INFO] - Action delay is set to 0 milliseconds

2023-02-08 18:26:59 - [MESSAGE][PASSED] - Browser is opened with url: 'https://dev-algorithm.govolution.com/vlinktest/QA/version_2_0/capture.html'

2023-02-08 18:26:59 - [TEST_STEP][PASSED] - maximizeWindow(): Current window maximized

2023-02-08 18:26:59 - [MESSAGE][PASSED] - Current window maximized

2023-02-08 18:26:59 - [TEST_STEP][PASSED] - setText(findTestObject("Object Repository/RecAndPlayBk/Page-VLink-Capture/input_Remittance Id_remittance_id"), VLinkSaleRemID): Text 'TTb3ruKCI1DN' is set on object 'Object Repository/RecAndPlayBk/Page-VLink-Capture/input_Remittance Id_remittance_id'

2023-02-08 18:26:59 - [MESSAGE][PASSED] - Text 'TTb3ruKCI1DN' is set on object 'Object Repository/RecAndPlayBk/Page-VLink-Capture/input_Remittance Id_remittance_id'

2023-02-08 18:26:59 - [TEST_STEP][PASSED] - setText(findTestObject("Object Repository/RecAndPlayBk/Page-VLink-Capture/input_Application Id_application_id"), appID): Text '234' is set on object 'Object Repository/RecAndPlayBk/Page-VLink-Capture/input_Application Id_application_id'

2023-02-08 18:27:00 - [MESSAGE][PASSED] - Text '234' is set on object 'Object Repository/RecAndPlayBk/Page-VLink-Capture/input_Application Id_application_id'

2023-02-08 18:27:00 - [TEST_STEP][PASSED] - setText(findTestObject("Object Repository/RecAndPlayBk/Page-VLink-Capture/input_Username_username"), username): Text 'username' is set on object 'Object Repository/RecAndPlayBk/Page-VLink-Capture/input_Username_username'

2023-02-08 18:27:01 - [MESSAGE][PASSED] - Text 'username' is set on object 'Object Repository/RecAndPlayBk/Page-VLink-Capture/input_Username_username'

2023-02-08 18:27:01 - [TEST_STEP][PASSED] - setText(findTestObject("Object Repository/RecAndPlayBk/Page-VLink-Capture/input_Password_password"), password): Text 'password' is set on object 'Object Repository/RecAndPlayBk/Page-VLink-Capture/input_Password_password'

2023-02-08 18:27:01 - [MESSAGE][PASSED] - Text 'password' is set on object 'Object Repository/RecAndPlayBk/Page-VLink-Capture/input_Password_password'

2023-02-08 18:27:01 - [TEST_STEP][PASSED] - setText(findTestObject("Object Repository/RecAndPlayBk/Page-VLink-Capture/input_Transaction ID_transaction_id"), VLinkSaleTranxID): Text '12125248' is set on object 'Object Repository/RecAndPlayBk/Page-VLink-Capture/input_Transaction ID_transaction_id'

2023-02-08 18:27:02 - [MESSAGE][PASSED] - Text '12125248' is set on object 'Object Repository/RecAndPlayBk/Page-VLink-Capture/input_Transaction ID_transaction_id'

2023-02-08 18:27:02 - [TEST_STEP][PASSED] - setText(findTestObject("Object Repository/RecAndPlayBk/Page-VLink-Capture/input_Amount_amount"), amount): Text '10.5' is set on object 'Object Repository/RecAndPlayBk/Page-VLink-Capture/input_Amount_amount'

2023-02-08 18:27:03 - [MESSAGE][PASSED] - Text '10.5' is set on object 'Object Repository/RecAndPlayBk/Page-VLink-Capture/input_Amount_amount'

2023-02-08 18:27:03 - [TEST_STEP][PASSED] - click(findTestObject("Object Repository/RecAndPlayBk/Page-VLink-Capture/input")): Object: 'Object Repository/RecAndPlayBk/Page-VLink-Capture/input' is clicked on

2023-02-08 18:27:04 - [MESSAGE][PASSED] - Object: 'Object Repository/RecAndPlayBk/Page-VLink-Capture/input' is clicked on

2023-02-08 18:27:04 - [TEST_STEP][PASSED] - if (verifyTextPresent("Transaction approved, no errors", true)): null

2023-02-08 18:27:04 - [MESSAGE][PASSED] - Text 'Transaction approved, no errors' is present on page  using regular expression

2023-02-08 18:27:04 - [TEST_STEP][PASSED] - sdfo = getText(findTestObject("Object Repository/Page_VLinkReceipt/pre_STX")): Text of object 'Object Repository/Page_VLinkReceipt/pre_STX' is: '<STX>TTb3ruKCI1DN                  12125249            0  Transaction approved, no errors                   0                                                                                  Y 894425602<ETX>'

2023-02-08 18:27:04 - [MESSAGE][PASSED] - Text of object 'Object Repository/Page_VLinkReceipt/pre_STX' is: '<STX>TTb3ruKCI1DN                  12125249            0  Transaction approved, no errors                   0                                                                                  Y 894425602<ETX>'

2023-02-08 18:27:04 - [TEST_STEP][PASSED] - out.println("sdfo: " + sdfo): null

2023-02-08 18:27:04 - [TEST_STEP][PASSED] - remID = substring(5, 35).trim(): null

2023-02-08 18:27:04 - [TEST_STEP][PASSED] - out.println("remID: " + remID): null

2023-02-08 18:27:04 - [TEST_STEP][PASSED] - traxID = substring(35, 55).trim(): null

2023-02-08 18:27:04 - [TEST_STEP][PASSED] - out.println("traxID: " + traxID): null

2023-02-08 18:27:04 - [TEST_STEP][PASSED] - VLinkSaleRemID = remID: null

2023-02-08 18:27:04 - [TEST_STEP][PASSED] - VLinkSaleTranxID = traxID: null

2023-02-08 18:27:04 - [TEST_STEP][PASSED] - openBrowser(VLinkURL + "CC_credit.html"): Browser is opened with url: 'https://dev-algorithm.govolution.com/vlinktest/QA/version_2_0/CC_credit.html'

2023-02-08 18:27:04 - [MESSAGE][WARNING] - A browser is already opened. Closing browser and opening a new one

2023-02-08 18:27:08 - [MESSAGE][INFO] - Starting 'Chrome' driver

2023-02-08 18:27:08 - [MESSAGE][INFO] - User set preference: ['acceptInsecureCerts', 'true']

2023-02-08 18:27:08 - [MESSAGE][INFO] - Action delay is set to 0 milliseconds

2023-02-08 18:27:09 - [MESSAGE][PASSED] - Browser is opened with url: 'https://dev-algorithm.govolution.com/vlinktest/QA/version_2_0/CC_credit.html'

2023-02-08 18:27:09 - [TEST_STEP][PASSED] - maximizeWindow(): Current window maximized

2023-02-08 18:27:10 - [MESSAGE][PASSED] - Current window maximized

2023-02-08 18:27:10 - [TEST_STEP][PASSED] - setText(findTestObject("Object Repository/RecAndPlayBk/Page-Vlink-CC-Credit/input_Remittance Id"), VLinkSaleRemID): Text 'TTb3ruKCI1DN' is set on object 'Object Repository/RecAndPlayBk/Page-Vlink-CC-Credit/input_Remittance Id'

2023-02-08 18:27:10 - [MESSAGE][PASSED] - Text 'TTb3ruKCI1DN' is set on object 'Object Repository/RecAndPlayBk/Page-Vlink-CC-Credit/input_Remittance Id'

2023-02-08 18:27:10 - [TEST_STEP][PASSED] - setText(findTestObject("Object Repository/RecAndPlayBk/Page-Vlink-CC-Credit/input_Application Id"), appID): Text '234' is set on object 'Object Repository/RecAndPlayBk/Page-Vlink-CC-Credit/input_Application Id'

2023-02-08 18:27:11 - [MESSAGE][PASSED] - Text '234' is set on object 'Object Repository/RecAndPlayBk/Page-Vlink-CC-Credit/input_Application Id'

2023-02-08 18:27:11 - [TEST_STEP][PASSED] - setText(findTestObject("Object Repository/RecAndPlayBk/Page-Vlink-CC-Credit/input_Username"), username): Text 'username' is set on object 'Object Repository/RecAndPlayBk/Page-Vlink-CC-Credit/input_Username'

2023-02-08 18:27:12 - [MESSAGE][PASSED] - Text 'username' is set on object 'Object Repository/RecAndPlayBk/Page-Vlink-CC-Credit/input_Username'

2023-02-08 18:27:12 - [TEST_STEP][PASSED] - setText(findTestObject("Object Repository/RecAndPlayBk/Page-Vlink-CC-Credit/input_Password"), password): Text 'password' is set on object 'Object Repository/RecAndPlayBk/Page-Vlink-CC-Credit/input_Password'

2023-02-08 18:27:12 - [MESSAGE][PASSED] - Text 'password' is set on object 'Object Repository/RecAndPlayBk/Page-Vlink-CC-Credit/input_Password'

2023-02-08 18:27:12 - [TEST_STEP][PASSED] - setText(findTestObject("Object Repository/RecAndPlayBk/Page-Vlink-CC-Credit/input_Transaction ID"), VLinkSaleTranxID): Text '12125249' is set on object 'Object Repository/RecAndPlayBk/Page-Vlink-CC-Credit/input_Transaction ID'

2023-02-08 18:27:13 - [MESSAGE][PASSED] - Text '12125249' is set on object 'Object Repository/RecAndPlayBk/Page-Vlink-CC-Credit/input_Transaction ID'

2023-02-08 18:27:13 - [TEST_STEP][PASSED] - setText(findTestObject("Object Repository/RecAndPlayBk/Page-Vlink-CC-Credit/input_Amount"), amount): Text '10.5' is set on object 'Object Repository/RecAndPlayBk/Page-Vlink-CC-Credit/input_Amount'

2023-02-08 18:27:13 - [MESSAGE][PASSED] - Text '10.5' is set on object 'Object Repository/RecAndPlayBk/Page-Vlink-CC-Credit/input_Amount'

2023-02-08 18:27:13 - [TEST_STEP][PASSED] - setText(findTestObject("Object Repository/RecAndPlayBk/Page-Vlink-CC-Credit/input_Card number"), ""): Text '' is set on object 'Object Repository/RecAndPlayBk/Page-Vlink-CC-Credit/input_Card number'

2023-02-08 18:27:14 - [MESSAGE][PASSED] - Text '' is set on object 'Object Repository/RecAndPlayBk/Page-Vlink-CC-Credit/input_Card number'

2023-02-08 18:27:14 - [TEST_STEP][PASSED] - setText(findTestObject("Object Repository/RecAndPlayBk/Page-Vlink-CC-Credit/input_Card ex month"), ""): Text '' is set on object 'Object Repository/RecAndPlayBk/Page-Vlink-CC-Credit/input_Card ex month'

2023-02-08 18:27:15 - [MESSAGE][PASSED] - Text '' is set on object 'Object Repository/RecAndPlayBk/Page-Vlink-CC-Credit/input_Card ex month'

2023-02-08 18:27:15 - [TEST_STEP][PASSED] - setText(findTestObject("Object Repository/RecAndPlayBk/Page-Vlink-CC-Credit/input_Card ex year"), ""): Text '' is set on object 'Object Repository/RecAndPlayBk/Page-Vlink-CC-Credit/input_Card ex year'

2023-02-08 18:27:15 - [MESSAGE][PASSED] - Text '' is set on object 'Object Repository/RecAndPlayBk/Page-Vlink-CC-Credit/input_Card ex year'

2023-02-08 18:27:15 - [TEST_STEP][PASSED] - setText(findTestObject("Object Repository/RecAndPlayBk/Page-Vlink-CC-Credit/input_Track Data"), ""): Text '' is set on object 'Object Repository/RecAndPlayBk/Page-Vlink-CC-Credit/input_Track Data'

2023-02-08 18:27:16 - [MESSAGE][PASSED] - Text '' is set on object 'Object Repository/RecAndPlayBk/Page-Vlink-CC-Credit/input_Track Data'

2023-02-08 18:27:16 - [TEST_STEP][PASSED] - setText(findTestObject("Object Repository/RecAndPlayBk/Page-Vlink-CC-Credit/input_Category Code"), category): Text 'RETL' is set on object 'Object Repository/RecAndPlayBk/Page-Vlink-CC-Credit/input_Category Code'

2023-02-08 18:27:16 - [MESSAGE][PASSED] - Text 'RETL' is set on object 'Object Repository/RecAndPlayBk/Page-Vlink-CC-Credit/input_Category Code'

2023-02-08 18:27:16 - [TEST_STEP][PASSED] - click(findTestObject("Object Repository/RecAndPlayBk/Page-Vlink-CC-Credit/input")): Object: 'Object Repository/RecAndPlayBk/Page-Vlink-CC-Credit/input' is clicked on

2023-02-08 18:27:18 - [MESSAGE][PASSED] - Object: 'Object Repository/RecAndPlayBk/Page-Vlink-CC-Credit/input' is clicked on

2023-02-08 18:27:18 - [TEST_STEP][PASSED] - if (verifyTextPresent("Transaction approved, no errors", true)): null

2023-02-08 18:27:18 - [MESSAGE][PASSED] - Text 'Transaction approved, no errors' is present on page  using regular expression

2023-02-08 18:27:18 - [TEST_STEP][PASSED] - println("Transaction Approved, no errors text is present on the Confirmation page"): null

2023-02-08 18:27:18 - [TEST_STEP][PASSED] - out.println("Pass Record Number: " + row): null

2023-02-08 18:27:18 - [TEST_STEP][PASSED] - resText = "Pass": null

2023-02-08 18:27:18 - [TEST_STEP][PASSED] - pages.WriteExcel.demoKey(resText, datText, resColumn, datCloumn, fileLoc, nameSheet, row): pages.WriteExcel.demoKey is PASSED

2023-02-08 18:27:18 - [MESSAGE][PASSED] - pages.WriteExcel.demoKey is PASSED

2023-02-08 18:27:18 - [TEST_STEP][PASSED] - ExecuteTC = findTestData(dataFile).getValue("Execute", row): null

2023-02-08 18:27:18 - [TEST_STEP][PASSED] - out.println("Value of Execute is : " + ExecuteTC): null

2023-02-08 18:27:18 - [TEST_STEP][PASSED] - switch (executionProfile): null

2023-02-08 18:27:18 - [TEST_STEP][PASSED] - case "QAProfile":: null

2023-02-08 18:27:18 - [TEST_STEP][PASSED] - appID = findTestData(dataFile).getValue("AppIDQA", row): null

2023-02-08 18:27:18 - [TEST_STEP][PASSED] - username = findTestData(dataFile).getValue("UsernameQA", row): null

2023-02-08 18:27:18 - [TEST_STEP][PASSED] - password = findTestData(dataFile).getValue("PasswordQA", row): null

2023-02-08 18:27:18 - [TEST_STEP][PASSED] - break: null

2023-02-08 18:27:18 - [TEST_STEP][PASSED] - if (ExecuteTC.equalsIgnoreCase("Y")): null

2023-02-08 18:27:18 - [TEST_STEP][PASSED] - out.println("Begin Record Number: " + row): null

2023-02-08 18:27:18 - [TEST_STEP][PASSED] - today = new java.util.Date(): null

2023-02-08 18:27:18 - [TEST_STEP][PASSED] - println(today): null

2023-02-08 18:27:18 - [TEST_STEP][PASSED] - datText = today: null

2023-02-08 18:27:18 - [TEST_STEP][PASSED] - category = findTestData(dataFile).getValue("Category", row): null

2023-02-08 18:27:18 - [TEST_STEP][PASSED] - amount = findTestData(dataFile).getValue("Amount", row): null

2023-02-08 18:27:18 - [TEST_STEP][PASSED] - cardNumber = findTestData(dataFile).getValue("CardNumber", row): null

2023-02-08 18:27:19 - [TEST_STEP][PASSED] - exM = findTestData(dataFile).getValue("ExM", row): null

2023-02-08 18:27:19 - [TEST_STEP][PASSED] - exY = findTestData(dataFile).getValue("ExY", row): null

2023-02-08 18:27:19 - [TEST_STEP][PASSED] - openBrowser(VLinkURL + "auth.html"): Browser is opened with url: 'https://dev-algorithm.govolution.com/vlinktest/QA/version_2_0/auth.html'

2023-02-08 18:27:19 - [MESSAGE][WARNING] - A browser is already opened. Closing browser and opening a new one

2023-02-08 18:27:20 - [MESSAGE][INFO] - Starting 'Chrome' driver

2023-02-08 18:27:20 - [MESSAGE][INFO] - User set preference: ['acceptInsecureCerts', 'true']

2023-02-08 18:27:20 - [MESSAGE][INFO] - Action delay is set to 0 milliseconds

2023-02-08 18:27:22 - [MESSAGE][PASSED] - Browser is opened with url: 'https://dev-algorithm.govolution.com/vlinktest/QA/version_2_0/auth.html'

2023-02-08 18:27:22 - [TEST_STEP][PASSED] - maximizeWindow(): Current window maximized

2023-02-08 18:27:22 - [MESSAGE][PASSED] - Current window maximized

2023-02-08 18:27:22 - [TEST_STEP][PASSED] - genRemID = RandomStringUtils.random(12, true, true): null

2023-02-08 18:27:22 - [TEST_STEP][PASSED] - setText(findTestObject("Object Repository/RecAndPlayBk/Page-Vlink-AuthOnly/input_Remittance Id_remittance_id"), genRemID): Text '0U0ZNH4fQz8T' is set on object 'Object Repository/RecAndPlayBk/Page-Vlink-AuthOnly/input_Remittance Id_remittance_id'

2023-02-08 18:27:22 - [MESSAGE][PASSED] - Text '0U0ZNH4fQz8T' is set on object 'Object Repository/RecAndPlayBk/Page-Vlink-AuthOnly/input_Remittance Id_remittance_id'

2023-02-08 18:27:22 - [TEST_STEP][PASSED] - setText(findTestObject("Object Repository/RecAndPlayBk/Page-Vlink-AuthOnly/input_Application Id_application_id"), appID): Text '87' is set on object 'Object Repository/RecAndPlayBk/Page-Vlink-AuthOnly/input_Application Id_application_id'

2023-02-08 18:27:23 - [MESSAGE][PASSED] - Text '87' is set on object 'Object Repository/RecAndPlayBk/Page-Vlink-AuthOnly/input_Application Id_application_id'

2023-02-08 18:27:23 - [TEST_STEP][PASSED] - setText(findTestObject("Object Repository/RecAndPlayBk/Page-Vlink-AuthOnly/input_Username_username"), username): Text 'username' is set on object 'Object Repository/RecAndPlayBk/Page-Vlink-AuthOnly/input_Username_username'

2023-02-08 18:27:24 - [MESSAGE][PASSED] - Text 'username' is set on object 'Object Repository/RecAndPlayBk/Page-Vlink-AuthOnly/input_Username_username'

2023-02-08 18:27:24 - [TEST_STEP][PASSED] - setText(findTestObject("Object Repository/RecAndPlayBk/Page-Vlink-AuthOnly/input_Password_password"), password): Text 'password' is set on object 'Object Repository/RecAndPlayBk/Page-Vlink-AuthOnly/input_Password_password'

2023-02-08 18:27:24 - [MESSAGE][PASSED] - Text 'password' is set on object 'Object Repository/RecAndPlayBk/Page-Vlink-AuthOnly/input_Password_password'

2023-02-08 18:27:24 - [TEST_STEP][PASSED] - setText(findTestObject("Object Repository/RecAndPlayBk/Page-Vlink-AuthOnly/input_Category_category"), category): Text 'ECOM' is set on object 'Object Repository/RecAndPlayBk/Page-Vlink-AuthOnly/input_Category_category'

2023-02-08 18:27:25 - [MESSAGE][PASSED] - Text 'ECOM' is set on object 'Object Repository/RecAndPlayBk/Page-Vlink-AuthOnly/input_Category_category'

2023-02-08 18:27:25 - [TEST_STEP][PASSED] - setText(findTestObject("Object Repository/RecAndPlayBk/Page-Vlink-AuthOnly/input_Amount_amount"), amount): Text '10.5' is set on object 'Object Repository/RecAndPlayBk/Page-Vlink-AuthOnly/input_Amount_amount'

2023-02-08 18:27:25 - [MESSAGE][PASSED] - Text '10.5' is set on object 'Object Repository/RecAndPlayBk/Page-Vlink-AuthOnly/input_Amount_amount'

2023-02-08 18:27:25 - [TEST_STEP][PASSED] - doubleClick(findTestObject("Object Repository/RecAndPlayBk/Page-Vlink-AuthOnly/input_Card number_card_number")): Object: 'Object Repository/RecAndPlayBk/Page-Vlink-AuthOnly/input_Card number_card_number' is double clicked on

2023-02-08 18:27:26 - [MESSAGE][PASSED] - Object: 'Object Repository/RecAndPlayBk/Page-Vlink-AuthOnly/input_Card number_card_number' is double clicked on

2023-02-08 18:27:26 - [TEST_STEP][PASSED] - setText(findTestObject("Object Repository/RecAndPlayBk/Page-Vlink-AuthOnly/input_Card number_card_number"), cardNumber): Text '4012000098765439' is set on object 'Object Repository/RecAndPlayBk/Page-Vlink-AuthOnly/input_Card number_card_number'

2023-02-08 18:27:26 - [MESSAGE][PASSED] - Text '4012000098765439' is set on object 'Object Repository/RecAndPlayBk/Page-Vlink-AuthOnly/input_Card number_card_number'

2023-02-08 18:27:27 - [TEST_STEP][PASSED] - setText(findTestObject("Object Repository/RecAndPlayBk/Page-Vlink-AuthOnly/input_Card ex month_card_exmo"), exM): Text '12' is set on object 'Object Repository/RecAndPlayBk/Page-Vlink-AuthOnly/input_Card ex month_card_exmo'

2023-02-08 18:27:27 - [MESSAGE][PASSED] - Text '12' is set on object 'Object Repository/RecAndPlayBk/Page-Vlink-AuthOnly/input_Card ex month_card_exmo'

2023-02-08 18:27:27 - [TEST_STEP][PASSED] - setText(findTestObject("Object Repository/RecAndPlayBk/Page-Vlink-AuthOnly/input_Card ex year_card_exyr"), exY): Text '2029' is set on object 'Object Repository/RecAndPlayBk/Page-Vlink-AuthOnly/input_Card ex year_card_exyr'

2023-02-08 18:27:28 - [MESSAGE][PASSED] - Text '2029' is set on object 'Object Repository/RecAndPlayBk/Page-Vlink-AuthOnly/input_Card ex year_card_exyr'

2023-02-08 18:27:28 - [TEST_STEP][PASSED] - click(findTestObject("Object Repository/RecAndPlayBk/Page-Vlink-AuthOnly/input_Track Data_track_data")): Object: 'Object Repository/RecAndPlayBk/Page-Vlink-AuthOnly/input_Track Data_track_data' is clicked on

2023-02-08 18:27:28 - [MESSAGE][PASSED] - Object: 'Object Repository/RecAndPlayBk/Page-Vlink-AuthOnly/input_Track Data_track_data' is clicked on

2023-02-08 18:27:28 - [TEST_STEP][PASSED] - click(findTestObject("Object Repository/RecAndPlayBk/Page-Vlink-AuthOnly/input_CVV state_cvv_state")): Object: 'Object Repository/RecAndPlayBk/Page-Vlink-AuthOnly/input_CVV state_cvv_state' is clicked on

2023-02-08 18:27:28 - [MESSAGE][PASSED] - Object: 'Object Repository/RecAndPlayBk/Page-Vlink-AuthOnly/input_CVV state_cvv_state' is clicked on

2023-02-08 18:27:28 - [TEST_STEP][PASSED] - setText(findTestObject("Object Repository/RecAndPlayBk/Page-Vlink-AuthOnly/input_Track Data_track_data"), ""): Text '' is set on object 'Object Repository/RecAndPlayBk/Page-Vlink-AuthOnly/input_Track Data_track_data'

2023-02-08 18:27:29 - [MESSAGE][PASSED] - Text '' is set on object 'Object Repository/RecAndPlayBk/Page-Vlink-AuthOnly/input_Track Data_track_data'

2023-02-08 18:27:29 - [TEST_STEP][PASSED] - setText(findTestObject("Object Repository/RecAndPlayBk/Page-Vlink-AuthOnly/input_concat(Cardholder, , s email)_email"), ""): Text '' is set on object 'Object Repository/RecAndPlayBk/Page-Vlink-AuthOnly/input_concat(Cardholder, , s email)_email'

2023-02-08 18:27:30 - [MESSAGE][PASSED] - Text '' is set on object 'Object Repository/RecAndPlayBk/Page-Vlink-AuthOnly/input_concat(Cardholder, , s email)_email'

2023-02-08 18:27:30 - [TEST_STEP][PASSED] - click(findTestObject("Object Repository/RecAndPlayBk/Page-Vlink-AuthOnly/input_user_defined10_user_defined10")): Object: 'Object Repository/RecAndPlayBk/Page-Vlink-AuthOnly/input_user_defined10_user_defined10' is clicked on

2023-02-08 18:27:30 - [MESSAGE][PASSED] - Object: 'Object Repository/RecAndPlayBk/Page-Vlink-AuthOnly/input_user_defined10_user_defined10' is clicked on

2023-02-08 18:27:30 - [TEST_STEP][PASSED] - if (executionProfile.equalsIgnoreCase("QAProfile")): Text '' is set on object 'Object Repository/RecAndPlayBk/Page-Vlink-AuthOnly/input_COF Transaction Initiated by_cof_tran_6cded5'

2023-02-08 18:27:30 - [TEST_STEP][PASSED] - setText(findTestObject("Object Repository/RecAndPlayBk/Page-Vlink-AuthOnly/input_Card on File Indicator_card_on_file_i_157dae"), ""): Text '' is set on object 'Object Repository/RecAndPlayBk/Page-Vlink-AuthOnly/input_Card on File Indicator_card_on_file_i_157dae'

2023-02-08 18:27:30 - [MESSAGE][PASSED] - Text '' is set on object 'Object Repository/RecAndPlayBk/Page-Vlink-AuthOnly/input_Card on File Indicator_card_on_file_i_157dae'

2023-02-08 18:27:30 - [TEST_STEP][PASSED] - setText(findTestObject("Object Repository/RecAndPlayBk/Page-Vlink-AuthOnly/input_Stored Credential Indicator_stored_cr_4ae73c"), ""): Text '' is set on object 'Object Repository/RecAndPlayBk/Page-Vlink-AuthOnly/input_Stored Credential Indicator_stored_cr_4ae73c'

2023-02-08 18:27:31 - [MESSAGE][PASSED] - Text '' is set on object 'Object Repository/RecAndPlayBk/Page-Vlink-AuthOnly/input_Stored Credential Indicator_stored_cr_4ae73c'

2023-02-08 18:27:31 - [TEST_STEP][PASSED] - setText(findTestObject("Object Repository/RecAndPlayBk/Page-Vlink-AuthOnly/input_COF Scheduled indicator_cof_scheduled_8df7d8"), ""): Text '' is set on object 'Object Repository/RecAndPlayBk/Page-Vlink-AuthOnly/input_COF Scheduled indicator_cof_scheduled_8df7d8'

2023-02-08 18:27:32 - [MESSAGE][PASSED] - Text '' is set on object 'Object Repository/RecAndPlayBk/Page-Vlink-AuthOnly/input_COF Scheduled indicator_cof_scheduled_8df7d8'

2023-02-08 18:27:32 - [TEST_STEP][PASSED] - setText(findTestObject("Object Repository/RecAndPlayBk/Page-Vlink-AuthOnly/input_COF Transaction Initiated by_cof_tran_6cded5"), ""): Text '' is set on object 'Object Repository/RecAndPlayBk/Page-Vlink-AuthOnly/input_COF Transaction Initiated by_cof_tran_6cded5'

2023-02-08 18:27:32 - [MESSAGE][PASSED] - Text '' is set on object 'Object Repository/RecAndPlayBk/Page-Vlink-AuthOnly/input_COF Transaction Initiated by_cof_tran_6cded5'

2023-02-08 18:27:32 - [TEST_STEP][PASSED] - click(findTestObject("Object Repository/RecAndPlayBk/Page-Vlink-AuthOnly/input")): Object: 'Object Repository/RecAndPlayBk/Page-Vlink-AuthOnly/input' is clicked on

2023-02-08 18:27:34 - [MESSAGE][PASSED] - Object: 'Object Repository/RecAndPlayBk/Page-Vlink-AuthOnly/input' is clicked on

2023-02-08 18:27:34 - [TEST_STEP][PASSED] - if (verifyTextPresent("Transaction approved, no errors", true)): null

2023-02-08 18:27:34 - [MESSAGE][PASSED] - Text 'Transaction approved, no errors' is present on page  using regular expression

2023-02-08 18:27:34 - [TEST_STEP][PASSED] - out.println("Auth was successful, Capture now"): null

2023-02-08 18:27:34 - [TEST_STEP][PASSED] - sdfo = getText(findTestObject("Object Repository/Page_VLinkReceipt/pre_STX")): Text of object 'Object Repository/Page_VLinkReceipt/pre_STX' is: '<STX>0U0ZNH4fQz8T                  12125251            0  Transaction approved, no errors                   0                                                                                  N TAS004   <ETX>'

2023-02-08 18:27:34 - [MESSAGE][PASSED] - Text of object 'Object Repository/Page_VLinkReceipt/pre_STX' is: '<STX>0U0ZNH4fQz8T                  12125251            0  Transaction approved, no errors                   0                                                                                  N TAS004   <ETX>'

2023-02-08 18:27:34 - [TEST_STEP][PASSED] - out.println("sdfo: " + sdfo): null

2023-02-08 18:27:34 - [TEST_STEP][PASSED] - remID = substring(5, 35).trim(): null

2023-02-08 18:27:34 - [TEST_STEP][PASSED] - out.println("remID: " + remID): null

2023-02-08 18:27:34 - [TEST_STEP][PASSED] - traxID = substring(35, 55).trim(): null

2023-02-08 18:27:34 - [TEST_STEP][PASSED] - out.println("traxID: " + traxID): null

2023-02-08 18:27:34 - [TEST_STEP][PASSED] - VLinkSaleRemID = remID: null

2023-02-08 18:27:34 - [TEST_STEP][PASSED] - VLinkSaleTranxID = traxID: null

2023-02-08 18:27:34 - [TEST_STEP][PASSED] - openBrowser(VLinkURL + "capture.html"): Browser is opened with url: 'https://dev-algorithm.govolution.com/vlinktest/QA/version_2_0/capture.html'

2023-02-08 18:27:34 - [MESSAGE][WARNING] - A browser is already opened. Closing browser and opening a new one

2023-02-08 18:27:35 - [MESSAGE][INFO] - Starting 'Chrome' driver

2023-02-08 18:27:35 - [MESSAGE][INFO] - User set preference: ['acceptInsecureCerts', 'true']

2023-02-08 18:27:35 - [MESSAGE][INFO] - Action delay is set to 0 milliseconds

2023-02-08 18:27:37 - [MESSAGE][PASSED] - Browser is opened with url: 'https://dev-algorithm.govolution.com/vlinktest/QA/version_2_0/capture.html'

2023-02-08 18:27:37 - [TEST_STEP][PASSED] - maximizeWindow(): Current window maximized

2023-02-08 18:27:37 - [MESSAGE][PASSED] - Current window maximized

2023-02-08 18:27:37 - [TEST_STEP][PASSED] - setText(findTestObject("Object Repository/RecAndPlayBk/Page-VLink-Capture/input_Remittance Id_remittance_id"), VLinkSaleRemID): Text '0U0ZNH4fQz8T' is set on object 'Object Repository/RecAndPlayBk/Page-VLink-Capture/input_Remittance Id_remittance_id'

2023-02-08 18:27:38 - [MESSAGE][PASSED] - Text '0U0ZNH4fQz8T' is set on object 'Object Repository/RecAndPlayBk/Page-VLink-Capture/input_Remittance Id_remittance_id'

2023-02-08 18:27:38 - [TEST_STEP][PASSED] - setText(findTestObject("Object Repository/RecAndPlayBk/Page-VLink-Capture/input_Application Id_application_id"), appID): Text '87' is set on object 'Object Repository/RecAndPlayBk/Page-VLink-Capture/input_Application Id_application_id'

2023-02-08 18:27:39 - [MESSAGE][PASSED] - Text '87' is set on object 'Object Repository/RecAndPlayBk/Page-VLink-Capture/input_Application Id_application_id'

2023-02-08 18:27:39 - [TEST_STEP][PASSED] - setText(findTestObject("Object Repository/RecAndPlayBk/Page-VLink-Capture/input_Username_username"), username): Text 'username' is set on object 'Object Repository/RecAndPlayBk/Page-VLink-Capture/input_Username_username'

2023-02-08 18:27:39 - [MESSAGE][PASSED] - Text 'username' is set on object 'Object Repository/RecAndPlayBk/Page-VLink-Capture/input_Username_username'

2023-02-08 18:27:39 - [TEST_STEP][PASSED] - setText(findTestObject("Object Repository/RecAndPlayBk/Page-VLink-Capture/input_Password_password"), password): Text 'password' is set on object 'Object Repository/RecAndPlayBk/Page-VLink-Capture/input_Password_password'

2023-02-08 18:27:40 - [MESSAGE][PASSED] - Text 'password' is set on object 'Object Repository/RecAndPlayBk/Page-VLink-Capture/input_Password_password'

2023-02-08 18:27:40 - [TEST_STEP][PASSED] - setText(findTestObject("Object Repository/RecAndPlayBk/Page-VLink-Capture/input_Transaction ID_transaction_id"), VLinkSaleTranxID): Text '12125251' is set on object 'Object Repository/RecAndPlayBk/Page-VLink-Capture/input_Transaction ID_transaction_id'

2023-02-08 18:27:40 - [MESSAGE][PASSED] - Text '12125251' is set on object 'Object Repository/RecAndPlayBk/Page-VLink-Capture/input_Transaction ID_transaction_id'

2023-02-08 18:27:40 - [TEST_STEP][PASSED] - setText(findTestObject("Object Repository/RecAndPlayBk/Page-VLink-Capture/input_Amount_amount"), amount): Text '10.5' is set on object 'Object Repository/RecAndPlayBk/Page-VLink-Capture/input_Amount_amount'

2023-02-08 18:27:41 - [MESSAGE][PASSED] - Text '10.5' is set on object 'Object Repository/RecAndPlayBk/Page-VLink-Capture/input_Amount_amount'

2023-02-08 18:27:41 - [TEST_STEP][PASSED] - click(findTestObject("Object Repository/RecAndPlayBk/Page-VLink-Capture/input")): Object: 'Object Repository/RecAndPlayBk/Page-VLink-Capture/input' is clicked on

2023-02-08 18:27:43 - [MESSAGE][PASSED] - Object: 'Object Repository/RecAndPlayBk/Page-VLink-Capture/input' is clicked on

2023-02-08 18:27:43 - [TEST_STEP][PASSED] - if (verifyTextPresent("Transaction approved, no errors", true)): null

2023-02-08 18:27:43 - [MESSAGE][PASSED] - Text 'Transaction approved, no errors' is present on page  using regular expression

2023-02-08 18:27:43 - [TEST_STEP][PASSED] - sdfo = getText(findTestObject("Object Repository/Page_VLinkReceipt/pre_STX")): Text of object 'Object Repository/Page_VLinkReceipt/pre_STX' is: '<STX>0U0ZNH4fQz8T                  12125252            0  Transaction approved, no errors                   0                                                                                  N TAS004   <ETX>'

2023-02-08 18:27:43 - [MESSAGE][PASSED] - Text of object 'Object Repository/Page_VLinkReceipt/pre_STX' is: '<STX>0U0ZNH4fQz8T                  12125252            0  Transaction approved, no errors                   0                                                                                  N TAS004   <ETX>'

2023-02-08 18:27:43 - [TEST_STEP][PASSED] - out.println("sdfo: " + sdfo): null

2023-02-08 18:27:43 - [TEST_STEP][PASSED] - remID = substring(5, 35).trim(): null

2023-02-08 18:27:43 - [TEST_STEP][PASSED] - out.println("remID: " + remID): null

2023-02-08 18:27:43 - [TEST_STEP][PASSED] - traxID = substring(35, 55).trim(): null

2023-02-08 18:27:43 - [TEST_STEP][PASSED] - out.println("traxID: " + traxID): null

2023-02-08 18:27:43 - [TEST_STEP][PASSED] - VLinkSaleRemID = remID: null

2023-02-08 18:27:43 - [TEST_STEP][PASSED] - VLinkSaleTranxID = traxID: null

2023-02-08 18:27:43 - [TEST_STEP][PASSED] - openBrowser(VLinkURL + "CC_credit.html"): Browser is opened with url: 'https://dev-algorithm.govolution.com/vlinktest/QA/version_2_0/CC_credit.html'

2023-02-08 18:27:43 - [MESSAGE][WARNING] - A browser is already opened. Closing browser and opening a new one

2023-02-08 18:27:47 - [MESSAGE][INFO] - Starting 'Chrome' driver

2023-02-08 18:27:47 - [MESSAGE][INFO] - User set preference: ['acceptInsecureCerts', 'true']

2023-02-08 18:27:47 - [MESSAGE][INFO] - Action delay is set to 0 milliseconds

2023-02-08 18:27:49 - [MESSAGE][PASSED] - Browser is opened with url: 'https://dev-algorithm.govolution.com/vlinktest/QA/version_2_0/CC_credit.html'

2023-02-08 18:27:49 - [TEST_STEP][PASSED] - maximizeWindow(): Current window maximized

2023-02-08 18:27:49 - [MESSAGE][PASSED] - Current window maximized

2023-02-08 18:27:49 - [TEST_STEP][PASSED] - setText(findTestObject("Object Repository/RecAndPlayBk/Page-Vlink-CC-Credit/input_Remittance Id"), VLinkSaleRemID): Text '0U0ZNH4fQz8T' is set on object 'Object Repository/RecAndPlayBk/Page-Vlink-CC-Credit/input_Remittance Id'

2023-02-08 18:27:50 - [MESSAGE][PASSED] - Text '0U0ZNH4fQz8T' is set on object 'Object Repository/RecAndPlayBk/Page-Vlink-CC-Credit/input_Remittance Id'

2023-02-08 18:27:50 - [TEST_STEP][PASSED] - setText(findTestObject("Object Repository/RecAndPlayBk/Page-Vlink-CC-Credit/input_Application Id"), appID): Text '87' is set on object 'Object Repository/RecAndPlayBk/Page-Vlink-CC-Credit/input_Application Id'

2023-02-08 18:27:51 - [MESSAGE][PASSED] - Text '87' is set on object 'Object Repository/RecAndPlayBk/Page-Vlink-CC-Credit/input_Application Id'

2023-02-08 18:27:51 - [TEST_STEP][PASSED] - setText(findTestObject("Object Repository/RecAndPlayBk/Page-Vlink-CC-Credit/input_Username"), username): Text 'username' is set on object 'Object Repository/RecAndPlayBk/Page-Vlink-CC-Credit/input_Username'

2023-02-08 18:27:51 - [MESSAGE][PASSED] - Text 'username' is set on object 'Object Repository/RecAndPlayBk/Page-Vlink-CC-Credit/input_Username'

2023-02-08 18:27:51 - [TEST_STEP][PASSED] - setText(findTestObject("Object Repository/RecAndPlayBk/Page-Vlink-CC-Credit/input_Password"), password): Text 'password' is set on object 'Object Repository/RecAndPlayBk/Page-Vlink-CC-Credit/input_Password'

2023-02-08 18:27:52 - [MESSAGE][PASSED] - Text 'password' is set on object 'Object Repository/RecAndPlayBk/Page-Vlink-CC-Credit/input_Password'

2023-02-08 18:27:52 - [TEST_STEP][PASSED] - setText(findTestObject("Object Repository/RecAndPlayBk/Page-Vlink-CC-Credit/input_Transaction ID"), VLinkSaleTranxID): Text '12125252' is set on object 'Object Repository/RecAndPlayBk/Page-Vlink-CC-Credit/input_Transaction ID'

2023-02-08 18:27:52 - [MESSAGE][PASSED] - Text '12125252' is set on object 'Object Repository/RecAndPlayBk/Page-Vlink-CC-Credit/input_Transaction ID'

2023-02-08 18:27:52 - [TEST_STEP][PASSED] - setText(findTestObject("Object Repository/RecAndPlayBk/Page-Vlink-CC-Credit/input_Amount"), amount): Text '10.5' is set on object 'Object Repository/RecAndPlayBk/Page-Vlink-CC-Credit/input_Amount'

2023-02-08 18:27:53 - [MESSAGE][PASSED] - Text '10.5' is set on object 'Object Repository/RecAndPlayBk/Page-Vlink-CC-Credit/input_Amount'

2023-02-08 18:27:53 - [TEST_STEP][PASSED] - setText(findTestObject("Object Repository/RecAndPlayBk/Page-Vlink-CC-Credit/input_Card number"), ""): Text '' is set on object 'Object Repository/RecAndPlayBk/Page-Vlink-CC-Credit/input_Card number'

2023-02-08 18:27:54 - [MESSAGE][PASSED] - Text '' is set on object 'Object Repository/RecAndPlayBk/Page-Vlink-CC-Credit/input_Card number'

2023-02-08 18:27:54 - [TEST_STEP][PASSED] - setText(findTestObject("Object Repository/RecAndPlayBk/Page-Vlink-CC-Credit/input_Card ex month"), ""): Text '' is set on object 'Object Repository/RecAndPlayBk/Page-Vlink-CC-Credit/input_Card ex month'

2023-02-08 18:27:54 - [MESSAGE][PASSED] - Text '' is set on object 'Object Repository/RecAndPlayBk/Page-Vlink-CC-Credit/input_Card ex month'

2023-02-08 18:27:54 - [TEST_STEP][PASSED] - setText(findTestObject("Object Repository/RecAndPlayBk/Page-Vlink-CC-Credit/input_Card ex year"), ""): Text '' is set on object 'Object Repository/RecAndPlayBk/Page-Vlink-CC-Credit/input_Card ex year'

2023-02-08 18:27:55 - [MESSAGE][PASSED] - Text '' is set on object 'Object Repository/RecAndPlayBk/Page-Vlink-CC-Credit/input_Card ex year'

2023-02-08 18:27:55 - [TEST_STEP][PASSED] - setText(findTestObject("Object Repository/RecAndPlayBk/Page-Vlink-CC-Credit/input_Track Data"), ""): Text '' is set on object 'Object Repository/RecAndPlayBk/Page-Vlink-CC-Credit/input_Track Data'

2023-02-08 18:27:56 - [MESSAGE][PASSED] - Text '' is set on object 'Object Repository/RecAndPlayBk/Page-Vlink-CC-Credit/input_Track Data'

2023-02-08 18:27:56 - [TEST_STEP][PASSED] - setText(findTestObject("Object Repository/RecAndPlayBk/Page-Vlink-CC-Credit/input_Category Code"), category): Text 'ECOM' is set on object 'Object Repository/RecAndPlayBk/Page-Vlink-CC-Credit/input_Category Code'

2023-02-08 18:27:56 - [MESSAGE][PASSED] - Text 'ECOM' is set on object 'Object Repository/RecAndPlayBk/Page-Vlink-CC-Credit/input_Category Code'

2023-02-08 18:27:56 - [TEST_STEP][PASSED] - click(findTestObject("Object Repository/RecAndPlayBk/Page-Vlink-CC-Credit/input")): Object: 'Object Repository/RecAndPlayBk/Page-Vlink-CC-Credit/input' is clicked on

2023-02-08 18:27:58 - [MESSAGE][PASSED] - Object: 'Object Repository/RecAndPlayBk/Page-Vlink-CC-Credit/input' is clicked on

2023-02-08 18:27:58 - [TEST_STEP][PASSED] - if (verifyTextPresent("Transaction approved, no errors", true)): null

2023-02-08 18:27:59 - [MESSAGE][PASSED] - Text 'Transaction approved, no errors' is present on page  using regular expression

2023-02-08 18:27:59 - [TEST_STEP][PASSED] - println("Transaction Approved, no errors text is present on the Confirmation page"): null

2023-02-08 18:27:59 - [TEST_STEP][PASSED] - out.println("Pass Record Number: " + row): null

2023-02-08 18:27:59 - [TEST_STEP][PASSED] - resText = "Pass": null

2023-02-08 18:27:59 - [TEST_STEP][PASSED] - pages.WriteExcel.demoKey(resText, datText, resColumn, datCloumn, fileLoc, nameSheet, row): pages.WriteExcel.demoKey is PASSED

2023-02-08 18:27:59 - [MESSAGE][PASSED] - pages.WriteExcel.demoKey is PASSED

2023-02-08 18:27:59 - [TEST_STEP][PASSED] - ExecuteTC = findTestData(dataFile).getValue("Execute", row): null

2023-02-08 18:27:59 - [TEST_STEP][PASSED] - out.println("Value of Execute is : " + ExecuteTC): null

2023-02-08 18:27:59 - [TEST_STEP][PASSED] - switch (executionProfile): null

2023-02-08 18:27:59 - [TEST_STEP][PASSED] - case "QAProfile":: null

2023-02-08 18:27:59 - [TEST_STEP][PASSED] - appID = findTestData(dataFile).getValue("AppIDQA", row): null

2023-02-08 18:27:59 - [TEST_STEP][PASSED] - username = findTestData(dataFile).getValue("UsernameQA", row): null

2023-02-08 18:27:59 - [TEST_STEP][PASSED] - password = findTestData(dataFile).getValue("PasswordQA", row): null

2023-02-08 18:27:59 - [TEST_STEP][PASSED] - break: null

2023-02-08 18:27:59 - [TEST_STEP][PASSED] - if (ExecuteTC.equalsIgnoreCase("Y")): null

2023-02-08 18:27:59 - [TEST_STEP][PASSED] - out.println("Begin Record Number: " + row): null

2023-02-08 18:27:59 - [TEST_STEP][PASSED] - today = new java.util.Date(): null

2023-02-08 18:27:59 - [TEST_STEP][PASSED] - println(today): null

2023-02-08 18:27:59 - [TEST_STEP][PASSED] - datText = today: null

2023-02-08 18:27:59 - [TEST_STEP][PASSED] - category = findTestData(dataFile).getValue("Category", row): null

2023-02-08 18:27:59 - [TEST_STEP][PASSED] - amount = findTestData(dataFile).getValue("Amount", row): null

2023-02-08 18:27:59 - [TEST_STEP][PASSED] - cardNumber = findTestData(dataFile).getValue("CardNumber", row): null

2023-02-08 18:27:59 - [TEST_STEP][PASSED] - exM = findTestData(dataFile).getValue("ExM", row): null

2023-02-08 18:27:59 - [TEST_STEP][PASSED] - exY = findTestData(dataFile).getValue("ExY", row): null

2023-02-08 18:28:00 - [TEST_STEP][PASSED] - openBrowser(VLinkURL + "auth.html"): Browser is opened with url: 'https://dev-algorithm.govolution.com/vlinktest/QA/version_2_0/auth.html'

2023-02-08 18:28:00 - [MESSAGE][WARNING] - A browser is already opened. Closing browser and opening a new one

2023-02-08 18:28:01 - [MESSAGE][INFO] - Starting 'Chrome' driver

2023-02-08 18:28:01 - [MESSAGE][INFO] - User set preference: ['acceptInsecureCerts', 'true']

2023-02-08 18:28:01 - [MESSAGE][INFO] - Action delay is set to 0 milliseconds

2023-02-08 18:28:02 - [MESSAGE][PASSED] - Browser is opened with url: 'https://dev-algorithm.govolution.com/vlinktest/QA/version_2_0/auth.html'

2023-02-08 18:28:02 - [TEST_STEP][PASSED] - maximizeWindow(): Current window maximized

2023-02-08 18:28:02 - [MESSAGE][PASSED] - Current window maximized

2023-02-08 18:28:02 - [TEST_STEP][PASSED] - genRemID = RandomStringUtils.random(12, true, true): null

2023-02-08 18:28:02 - [TEST_STEP][PASSED] - setText(findTestObject("Object Repository/RecAndPlayBk/Page-Vlink-AuthOnly/input_Remittance Id_remittance_id"), genRemID): Text 'mQjvJHEXDQxK' is set on object 'Object Repository/RecAndPlayBk/Page-Vlink-AuthOnly/input_Remittance Id_remittance_id'

2023-02-08 18:28:03 - [MESSAGE][PASSED] - Text 'mQjvJHEXDQxK' is set on object 'Object Repository/RecAndPlayBk/Page-Vlink-AuthOnly/input_Remittance Id_remittance_id'

2023-02-08 18:28:03 - [TEST_STEP][PASSED] - setText(findTestObject("Object Repository/RecAndPlayBk/Page-Vlink-AuthOnly/input_Application Id_application_id"), appID): Text '581' is set on object 'Object Repository/RecAndPlayBk/Page-Vlink-AuthOnly/input_Application Id_application_id'

2023-02-08 18:28:04 - [MESSAGE][PASSED] - Text '581' is set on object 'Object Repository/RecAndPlayBk/Page-Vlink-AuthOnly/input_Application Id_application_id'

2023-02-08 18:28:04 - [TEST_STEP][PASSED] - setText(findTestObject("Object Repository/RecAndPlayBk/Page-Vlink-AuthOnly/input_Username_username"), username): Text 'usr581' is set on object 'Object Repository/RecAndPlayBk/Page-Vlink-AuthOnly/input_Username_username'

2023-02-08 18:28:04 - [MESSAGE][PASSED] - Text 'usr581' is set on object 'Object Repository/RecAndPlayBk/Page-Vlink-AuthOnly/input_Username_username'

2023-02-08 18:28:04 - [TEST_STEP][PASSED] - setText(findTestObject("Object Repository/RecAndPlayBk/Page-Vlink-AuthOnly/input_Password_password"), password): Text 'pwd581' is set on object 'Object Repository/RecAndPlayBk/Page-Vlink-AuthOnly/input_Password_password'

2023-02-08 18:28:05 - [MESSAGE][PASSED] - Text 'pwd581' is set on object 'Object Repository/RecAndPlayBk/Page-Vlink-AuthOnly/input_Password_password'

2023-02-08 18:28:05 - [TEST_STEP][PASSED] - setText(findTestObject("Object Repository/RecAndPlayBk/Page-Vlink-AuthOnly/input_Category_category"), category): Text 'ECOM' is set on object 'Object Repository/RecAndPlayBk/Page-Vlink-AuthOnly/input_Category_category'

2023-02-08 18:28:06 - [MESSAGE][PASSED] - Text 'ECOM' is set on object 'Object Repository/RecAndPlayBk/Page-Vlink-AuthOnly/input_Category_category'

2023-02-08 18:28:06 - [TEST_STEP][PASSED] - setText(findTestObject("Object Repository/RecAndPlayBk/Page-Vlink-AuthOnly/input_Amount_amount"), amount): Text '10.5' is set on object 'Object Repository/RecAndPlayBk/Page-Vlink-AuthOnly/input_Amount_amount'

2023-02-08 18:28:06 - [MESSAGE][PASSED] - Text '10.5' is set on object 'Object Repository/RecAndPlayBk/Page-Vlink-AuthOnly/input_Amount_amount'

2023-02-08 18:28:06 - [TEST_STEP][PASSED] - doubleClick(findTestObject("Object Repository/RecAndPlayBk/Page-Vlink-AuthOnly/input_Card number_card_number")): Object: 'Object Repository/RecAndPlayBk/Page-Vlink-AuthOnly/input_Card number_card_number' is double clicked on

2023-02-08 18:28:07 - [MESSAGE][PASSED] - Object: 'Object Repository/RecAndPlayBk/Page-Vlink-AuthOnly/input_Card number_card_number' is double clicked on

2023-02-08 18:28:07 - [TEST_STEP][PASSED] - setText(findTestObject("Object Repository/RecAndPlayBk/Page-Vlink-AuthOnly/input_Card number_card_number"), cardNumber): Text '5146312200000035' is set on object 'Object Repository/RecAndPlayBk/Page-Vlink-AuthOnly/input_Card number_card_number'

2023-02-08 18:28:07 - [MESSAGE][PASSED] - Text '5146312200000035' is set on object 'Object Repository/RecAndPlayBk/Page-Vlink-AuthOnly/input_Card number_card_number'

2023-02-08 18:28:07 - [TEST_STEP][PASSED] - setText(findTestObject("Object Repository/RecAndPlayBk/Page-Vlink-AuthOnly/input_Card ex month_card_exmo"), exM): Text '12' is set on object 'Object Repository/RecAndPlayBk/Page-Vlink-AuthOnly/input_Card ex month_card_exmo'

2023-02-08 18:28:08 - [MESSAGE][PASSED] - Text '12' is set on object 'Object Repository/RecAndPlayBk/Page-Vlink-AuthOnly/input_Card ex month_card_exmo'

2023-02-08 18:28:08 - [TEST_STEP][PASSED] - setText(findTestObject("Object Repository/RecAndPlayBk/Page-Vlink-AuthOnly/input_Card ex year_card_exyr"), exY): Text '2029' is set on object 'Object Repository/RecAndPlayBk/Page-Vlink-AuthOnly/input_Card ex year_card_exyr'

2023-02-08 18:28:09 - [MESSAGE][PASSED] - Text '2029' is set on object 'Object Repository/RecAndPlayBk/Page-Vlink-AuthOnly/input_Card ex year_card_exyr'

2023-02-08 18:28:09 - [TEST_STEP][PASSED] - click(findTestObject("Object Repository/RecAndPlayBk/Page-Vlink-AuthOnly/input_Track Data_track_data")): Object: 'Object Repository/RecAndPlayBk/Page-Vlink-AuthOnly/input_Track Data_track_data' is clicked on

2023-02-08 18:28:09 - [MESSAGE][PASSED] - Object: 'Object Repository/RecAndPlayBk/Page-Vlink-AuthOnly/input_Track Data_track_data' is clicked on

2023-02-08 18:28:09 - [TEST_STEP][PASSED] - click(findTestObject("Object Repository/RecAndPlayBk/Page-Vlink-AuthOnly/input_CVV state_cvv_state")): Object: 'Object Repository/RecAndPlayBk/Page-Vlink-AuthOnly/input_CVV state_cvv_state' is clicked on

2023-02-08 18:28:09 - [MESSAGE][PASSED] - Object: 'Object Repository/RecAndPlayBk/Page-Vlink-AuthOnly/input_CVV state_cvv_state' is clicked on

2023-02-08 18:28:09 - [TEST_STEP][PASSED] - setText(findTestObject("Object Repository/RecAndPlayBk/Page-Vlink-AuthOnly/input_Track Data_track_data"), ""): Text '' is set on object 'Object Repository/RecAndPlayBk/Page-Vlink-AuthOnly/input_Track Data_track_data'

2023-02-08 18:28:10 - [MESSAGE][PASSED] - Text '' is set on object 'Object Repository/RecAndPlayBk/Page-Vlink-AuthOnly/input_Track Data_track_data'

2023-02-08 18:28:10 - [TEST_STEP][PASSED] - setText(findTestObject("Object Repository/RecAndPlayBk/Page-Vlink-AuthOnly/input_concat(Cardholder, , s email)_email"), ""): Text '' is set on object 'Object Repository/RecAndPlayBk/Page-Vlink-AuthOnly/input_concat(Cardholder, , s email)_email'

2023-02-08 18:28:10 - [MESSAGE][PASSED] - Text '' is set on object 'Object Repository/RecAndPlayBk/Page-Vlink-AuthOnly/input_concat(Cardholder, , s email)_email'

2023-02-08 18:28:10 - [TEST_STEP][PASSED] - click(findTestObject("Object Repository/RecAndPlayBk/Page-Vlink-AuthOnly/input_user_defined10_user_defined10")): Object: 'Object Repository/RecAndPlayBk/Page-Vlink-AuthOnly/input_user_defined10_user_defined10' is clicked on

2023-02-08 18:28:11 - [MESSAGE][PASSED] - Object: 'Object Repository/RecAndPlayBk/Page-Vlink-AuthOnly/input_user_defined10_user_defined10' is clicked on

2023-02-08 18:28:11 - [TEST_STEP][PASSED] - if (executionProfile.equalsIgnoreCase("QAProfile")): Text '' is set on object 'Object Repository/RecAndPlayBk/Page-Vlink-AuthOnly/input_COF Transaction Initiated by_cof_tran_6cded5'

2023-02-08 18:28:11 - [TEST_STEP][PASSED] - setText(findTestObject("Object Repository/RecAndPlayBk/Page-Vlink-AuthOnly/input_Card on File Indicator_card_on_file_i_157dae"), ""): Text '' is set on object 'Object Repository/RecAndPlayBk/Page-Vlink-AuthOnly/input_Card on File Indicator_card_on_file_i_157dae'

2023-02-08 18:28:11 - [MESSAGE][PASSED] - Text '' is set on object 'Object Repository/RecAndPlayBk/Page-Vlink-AuthOnly/input_Card on File Indicator_card_on_file_i_157dae'

2023-02-08 18:28:11 - [TEST_STEP][PASSED] - setText(findTestObject("Object Repository/RecAndPlayBk/Page-Vlink-AuthOnly/input_Stored Credential Indicator_stored_cr_4ae73c"), ""): Text '' is set on object 'Object Repository/RecAndPlayBk/Page-Vlink-AuthOnly/input_Stored Credential Indicator_stored_cr_4ae73c'

2023-02-08 18:28:12 - [MESSAGE][PASSED] - Text '' is set on object 'Object Repository/RecAndPlayBk/Page-Vlink-AuthOnly/input_Stored Credential Indicator_stored_cr_4ae73c'

2023-02-08 18:28:12 - [TEST_STEP][PASSED] - setText(findTestObject("Object Repository/RecAndPlayBk/Page-Vlink-AuthOnly/input_COF Scheduled indicator_cof_scheduled_8df7d8"), ""): Text '' is set on object 'Object Repository/RecAndPlayBk/Page-Vlink-AuthOnly/input_COF Scheduled indicator_cof_scheduled_8df7d8'

2023-02-08 18:28:13 - [MESSAGE][PASSED] - Text '' is set on object 'Object Repository/RecAndPlayBk/Page-Vlink-AuthOnly/input_COF Scheduled indicator_cof_scheduled_8df7d8'

2023-02-08 18:28:13 - [TEST_STEP][PASSED] - setText(findTestObject("Object Repository/RecAndPlayBk/Page-Vlink-AuthOnly/input_COF Transaction Initiated by_cof_tran_6cded5"), ""): Text '' is set on object 'Object Repository/RecAndPlayBk/Page-Vlink-AuthOnly/input_COF Transaction Initiated by_cof_tran_6cded5'

2023-02-08 18:28:13 - [MESSAGE][PASSED] - Text '' is set on object 'Object Repository/RecAndPlayBk/Page-Vlink-AuthOnly/input_COF Transaction Initiated by_cof_tran_6cded5'

2023-02-08 18:28:13 - [TEST_STEP][PASSED] - click(findTestObject("Object Repository/RecAndPlayBk/Page-Vlink-AuthOnly/input")): Object: 'Object Repository/RecAndPlayBk/Page-Vlink-AuthOnly/input' is clicked on

2023-02-08 18:28:14 - [MESSAGE][PASSED] - Object: 'Object Repository/RecAndPlayBk/Page-Vlink-AuthOnly/input' is clicked on

2023-02-08 18:28:14 - [TEST_STEP][PASSED] - if (verifyTextPresent("Transaction approved, no errors", true)): null

2023-02-08 18:28:15 - [MESSAGE][PASSED] - Text 'Transaction approved, no errors' is present on page  using regular expression

2023-02-08 18:28:15 - [TEST_STEP][PASSED] - out.println("Auth was successful, Capture now"): null

2023-02-08 18:28:15 - [TEST_STEP][PASSED] - sdfo = getText(findTestObject("Object Repository/Page_VLinkReceipt/pre_STX")): Text of object 'Object Repository/Page_VLinkReceipt/pre_STX' is: '<STX>mQjvJHEXDQxK                  12125254            0  Transaction approved, no errors                   0                                                                                  YM000032   <ETX>'

2023-02-08 18:28:15 - [MESSAGE][PASSED] - Text of object 'Object Repository/Page_VLinkReceipt/pre_STX' is: '<STX>mQjvJHEXDQxK                  12125254            0  Transaction approved, no errors                   0                                                                                  YM000032   <ETX>'

2023-02-08 18:28:15 - [TEST_STEP][PASSED] - out.println("sdfo: " + sdfo): null

2023-02-08 18:28:15 - [TEST_STEP][PASSED] - remID = substring(5, 35).trim(): null

2023-02-08 18:28:15 - [TEST_STEP][PASSED] - out.println("remID: " + remID): null

2023-02-08 18:28:15 - [TEST_STEP][PASSED] - traxID = substring(35, 55).trim(): null

2023-02-08 18:28:15 - [TEST_STEP][PASSED] - out.println("traxID: " + traxID): null

2023-02-08 18:28:15 - [TEST_STEP][PASSED] - VLinkSaleRemID = remID: null

2023-02-08 18:28:15 - [TEST_STEP][PASSED] - VLinkSaleTranxID = traxID: null

2023-02-08 18:28:15 - [TEST_STEP][PASSED] - openBrowser(VLinkURL + "capture.html"): Browser is opened with url: 'https://dev-algorithm.govolution.com/vlinktest/QA/version_2_0/capture.html'

2023-02-08 18:28:15 - [MESSAGE][WARNING] - A browser is already opened. Closing browser and opening a new one

2023-02-08 18:28:16 - [MESSAGE][INFO] - Starting 'Chrome' driver

2023-02-08 18:28:16 - [MESSAGE][INFO] - User set preference: ['acceptInsecureCerts', 'true']

2023-02-08 18:28:16 - [MESSAGE][INFO] - Action delay is set to 0 milliseconds

2023-02-08 18:28:17 - [MESSAGE][PASSED] - Browser is opened with url: 'https://dev-algorithm.govolution.com/vlinktest/QA/version_2_0/capture.html'

2023-02-08 18:28:17 - [TEST_STEP][PASSED] - maximizeWindow(): Current window maximized

2023-02-08 18:28:18 - [MESSAGE][PASSED] - Current window maximized

2023-02-08 18:28:18 - [TEST_STEP][PASSED] - setText(findTestObject("Object Repository/RecAndPlayBk/Page-VLink-Capture/input_Remittance Id_remittance_id"), VLinkSaleRemID): Text 'mQjvJHEXDQxK' is set on object 'Object Repository/RecAndPlayBk/Page-VLink-Capture/input_Remittance Id_remittance_id'

2023-02-08 18:28:18 - [MESSAGE][PASSED] - Text 'mQjvJHEXDQxK' is set on object 'Object Repository/RecAndPlayBk/Page-VLink-Capture/input_Remittance Id_remittance_id'

2023-02-08 18:28:18 - [TEST_STEP][PASSED] - setText(findTestObject("Object Repository/RecAndPlayBk/Page-VLink-Capture/input_Application Id_application_id"), appID): Text '581' is set on object 'Object Repository/RecAndPlayBk/Page-VLink-Capture/input_Application Id_application_id'

2023-02-08 18:28:19 - [MESSAGE][PASSED] - Text '581' is set on object 'Object Repository/RecAndPlayBk/Page-VLink-Capture/input_Application Id_application_id'

2023-02-08 18:28:19 - [TEST_STEP][PASSED] - setText(findTestObject("Object Repository/RecAndPlayBk/Page-VLink-Capture/input_Username_username"), username): Text 'usr581' is set on object 'Object Repository/RecAndPlayBk/Page-VLink-Capture/input_Username_username'

2023-02-08 18:28:20 - [MESSAGE][PASSED] - Text 'usr581' is set on object 'Object Repository/RecAndPlayBk/Page-VLink-Capture/input_Username_username'

2023-02-08 18:28:20 - [TEST_STEP][PASSED] - setText(findTestObject("Object Repository/RecAndPlayBk/Page-VLink-Capture/input_Password_password"), password): Text 'pwd581' is set on object 'Object Repository/RecAndPlayBk/Page-VLink-Capture/input_Password_password'

2023-02-08 18:28:20 - [MESSAGE][PASSED] - Text 'pwd581' is set on object 'Object Repository/RecAndPlayBk/Page-VLink-Capture/input_Password_password'

2023-02-08 18:28:20 - [TEST_STEP][PASSED] - setText(findTestObject("Object Repository/RecAndPlayBk/Page-VLink-Capture/input_Transaction ID_transaction_id"), VLinkSaleTranxID): Text '12125254' is set on object 'Object Repository/RecAndPlayBk/Page-VLink-Capture/input_Transaction ID_transaction_id'

2023-02-08 18:28:21 - [MESSAGE][PASSED] - Text '12125254' is set on object 'Object Repository/RecAndPlayBk/Page-VLink-Capture/input_Transaction ID_transaction_id'

2023-02-08 18:28:21 - [TEST_STEP][PASSED] - setText(findTestObject("Object Repository/RecAndPlayBk/Page-VLink-Capture/input_Amount_amount"), amount): Text '10.5' is set on object 'Object Repository/RecAndPlayBk/Page-VLink-Capture/input_Amount_amount'

2023-02-08 18:28:21 - [MESSAGE][PASSED] - Text '10.5' is set on object 'Object Repository/RecAndPlayBk/Page-VLink-Capture/input_Amount_amount'

2023-02-08 18:28:21 - [TEST_STEP][PASSED] - click(findTestObject("Object Repository/RecAndPlayBk/Page-VLink-Capture/input")): Object: 'Object Repository/RecAndPlayBk/Page-VLink-Capture/input' is clicked on

2023-02-08 18:28:23 - [MESSAGE][PASSED] - Object: 'Object Repository/RecAndPlayBk/Page-VLink-Capture/input' is clicked on

2023-02-08 18:28:23 - [TEST_STEP][PASSED] - if (verifyTextPresent("Transaction approved, no errors", true)): null

2023-02-08 18:28:23 - [MESSAGE][PASSED] - Text 'Transaction approved, no errors' is present on page  using regular expression

2023-02-08 18:28:23 - [TEST_STEP][PASSED] - sdfo = getText(findTestObject("Object Repository/Page_VLinkReceipt/pre_STX")): Text of object 'Object Repository/Page_VLinkReceipt/pre_STX' is: '<STX>mQjvJHEXDQxK                  12125255            0  Transaction approved, no errors                   0                                                                                    000033   <ETX>'

2023-02-08 18:28:24 - [MESSAGE][PASSED] - Text of object 'Object Repository/Page_VLinkReceipt/pre_STX' is: '<STX>mQjvJHEXDQxK                  12125255            0  Transaction approved, no errors                   0                                                                                    000033   <ETX>'

2023-02-08 18:28:24 - [TEST_STEP][PASSED] - out.println("sdfo: " + sdfo): null

2023-02-08 18:28:24 - [TEST_STEP][PASSED] - remID = substring(5, 35).trim(): null

2023-02-08 18:28:24 - [TEST_STEP][PASSED] - out.println("remID: " + remID): null

2023-02-08 18:28:24 - [TEST_STEP][PASSED] - traxID = substring(35, 55).trim(): null

2023-02-08 18:28:24 - [TEST_STEP][PASSED] - out.println("traxID: " + traxID): null

2023-02-08 18:28:24 - [TEST_STEP][PASSED] - VLinkSaleRemID = remID: null

2023-02-08 18:28:24 - [TEST_STEP][PASSED] - VLinkSaleTranxID = traxID: null

2023-02-08 18:28:24 - [TEST_STEP][PASSED] - openBrowser(VLinkURL + "CC_credit.html"): Browser is opened with url: 'https://dev-algorithm.govolution.com/vlinktest/QA/version_2_0/CC_credit.html'

2023-02-08 18:28:24 - [MESSAGE][WARNING] - A browser is already opened. Closing browser and opening a new one

2023-02-08 18:28:25 - [MESSAGE][INFO] - Starting 'Chrome' driver

2023-02-08 18:28:25 - [MESSAGE][INFO] - User set preference: ['acceptInsecureCerts', 'true']

2023-02-08 18:28:25 - [MESSAGE][INFO] - Action delay is set to 0 milliseconds

2023-02-08 18:28:26 - [MESSAGE][PASSED] - Browser is opened with url: 'https://dev-algorithm.govolution.com/vlinktest/QA/version_2_0/CC_credit.html'

2023-02-08 18:28:26 - [TEST_STEP][PASSED] - maximizeWindow(): Current window maximized

2023-02-08 18:28:26 - [MESSAGE][PASSED] - Current window maximized

2023-02-08 18:28:26 - [TEST_STEP][PASSED] - setText(findTestObject("Object Repository/RecAndPlayBk/Page-Vlink-CC-Credit/input_Remittance Id"), VLinkSaleRemID): Text 'mQjvJHEXDQxK' is set on object 'Object Repository/RecAndPlayBk/Page-Vlink-CC-Credit/input_Remittance Id'

2023-02-08 18:28:27 - [MESSAGE][PASSED] - Text 'mQjvJHEXDQxK' is set on object 'Object Repository/RecAndPlayBk/Page-Vlink-CC-Credit/input_Remittance Id'

2023-02-08 18:28:27 - [TEST_STEP][PASSED] - setText(findTestObject("Object Repository/RecAndPlayBk/Page-Vlink-CC-Credit/input_Application Id"), appID): Text '581' is set on object 'Object Repository/RecAndPlayBk/Page-Vlink-CC-Credit/input_Application Id'

2023-02-08 18:28:28 - [MESSAGE][PASSED] - Text '581' is set on object 'Object Repository/RecAndPlayBk/Page-Vlink-CC-Credit/input_Application Id'

2023-02-08 18:28:28 - [TEST_STEP][PASSED] - setText(findTestObject("Object Repository/RecAndPlayBk/Page-Vlink-CC-Credit/input_Username"), username): Text 'usr581' is set on object 'Object Repository/RecAndPlayBk/Page-Vlink-CC-Credit/input_Username'

2023-02-08 18:28:28 - [MESSAGE][PASSED] - Text 'usr581' is set on object 'Object Repository/RecAndPlayBk/Page-Vlink-CC-Credit/input_Username'

2023-02-08 18:28:28 - [TEST_STEP][PASSED] - setText(findTestObject("Object Repository/RecAndPlayBk/Page-Vlink-CC-Credit/input_Password"), password): Text 'pwd581' is set on object 'Object Repository/RecAndPlayBk/Page-Vlink-CC-Credit/input_Password'

2023-02-08 18:28:29 - [MESSAGE][PASSED] - Text 'pwd581' is set on object 'Object Repository/RecAndPlayBk/Page-Vlink-CC-Credit/input_Password'

2023-02-08 18:28:29 - [TEST_STEP][PASSED] - setText(findTestObject("Object Repository/RecAndPlayBk/Page-Vlink-CC-Credit/input_Transaction ID"), VLinkSaleTranxID): Text '12125255' is set on object 'Object Repository/RecAndPlayBk/Page-Vlink-CC-Credit/input_Transaction ID'

2023-02-08 18:28:30 - [MESSAGE][PASSED] - Text '12125255' is set on object 'Object Repository/RecAndPlayBk/Page-Vlink-CC-Credit/input_Transaction ID'

2023-02-08 18:28:30 - [TEST_STEP][PASSED] - setText(findTestObject("Object Repository/RecAndPlayBk/Page-Vlink-CC-Credit/input_Amount"), amount): Text '10.5' is set on object 'Object Repository/RecAndPlayBk/Page-Vlink-CC-Credit/input_Amount'

2023-02-08 18:28:30 - [MESSAGE][PASSED] - Text '10.5' is set on object 'Object Repository/RecAndPlayBk/Page-Vlink-CC-Credit/input_Amount'

2023-02-08 18:28:30 - [TEST_STEP][PASSED] - setText(findTestObject("Object Repository/RecAndPlayBk/Page-Vlink-CC-Credit/input_Card number"), ""): Text '' is set on object 'Object Repository/RecAndPlayBk/Page-Vlink-CC-Credit/input_Card number'

2023-02-08 18:28:31 - [MESSAGE][PASSED] - Text '' is set on object 'Object Repository/RecAndPlayBk/Page-Vlink-CC-Credit/input_Card number'

2023-02-08 18:28:31 - [TEST_STEP][PASSED] - setText(findTestObject("Object Repository/RecAndPlayBk/Page-Vlink-CC-Credit/input_Card ex month"), ""): Text '' is set on object 'Object Repository/RecAndPlayBk/Page-Vlink-CC-Credit/input_Card ex month'

2023-02-08 18:28:31 - [MESSAGE][PASSED] - Text '' is set on object 'Object Repository/RecAndPlayBk/Page-Vlink-CC-Credit/input_Card ex month'

2023-02-08 18:28:31 - [TEST_STEP][PASSED] - setText(findTestObject("Object Repository/RecAndPlayBk/Page-Vlink-CC-Credit/input_Card ex year"), ""): Text '' is set on object 'Object Repository/RecAndPlayBk/Page-Vlink-CC-Credit/input_Card ex year'

2023-02-08 18:28:32 - [MESSAGE][PASSED] - Text '' is set on object 'Object Repository/RecAndPlayBk/Page-Vlink-CC-Credit/input_Card ex year'

2023-02-08 18:28:32 - [TEST_STEP][PASSED] - setText(findTestObject("Object Repository/RecAndPlayBk/Page-Vlink-CC-Credit/input_Track Data"), ""): Text '' is set on object 'Object Repository/RecAndPlayBk/Page-Vlink-CC-Credit/input_Track Data'

2023-02-08 18:28:33 - [MESSAGE][PASSED] - Text '' is set on object 'Object Repository/RecAndPlayBk/Page-Vlink-CC-Credit/input_Track Data'

2023-02-08 18:28:33 - [TEST_STEP][PASSED] - setText(findTestObject("Object Repository/RecAndPlayBk/Page-Vlink-CC-Credit/input_Category Code"), category): Text 'ECOM' is set on object 'Object Repository/RecAndPlayBk/Page-Vlink-CC-Credit/input_Category Code'

2023-02-08 18:28:33 - [MESSAGE][PASSED] - Text 'ECOM' is set on object 'Object Repository/RecAndPlayBk/Page-Vlink-CC-Credit/input_Category Code'

2023-02-08 18:28:33 - [TEST_STEP][PASSED] - click(findTestObject("Object Repository/RecAndPlayBk/Page-Vlink-CC-Credit/input")): Object: 'Object Repository/RecAndPlayBk/Page-Vlink-CC-Credit/input' is clicked on

2023-02-08 18:28:35 - [MESSAGE][PASSED] - Object: 'Object Repository/RecAndPlayBk/Page-Vlink-CC-Credit/input' is clicked on

2023-02-08 18:28:35 - [TEST_STEP][PASSED] - if (verifyTextPresent("Transaction approved, no errors", true)): null

2023-02-08 18:28:35 - [MESSAGE][PASSED] - Text 'Transaction approved, no errors' is present on page  using regular expression

2023-02-08 18:28:35 - [TEST_STEP][PASSED] - println("Transaction Approved, no errors text is present on the Confirmation page"): null

2023-02-08 18:28:35 - [TEST_STEP][PASSED] - out.println("Pass Record Number: " + row): null

2023-02-08 18:28:35 - [TEST_STEP][PASSED] - resText = "Pass": null

2023-02-08 18:28:35 - [TEST_STEP][PASSED] - pages.WriteExcel.demoKey(resText, datText, resColumn, datCloumn, fileLoc, nameSheet, row): pages.WriteExcel.demoKey is PASSED

2023-02-08 18:28:35 - [MESSAGE][PASSED] - pages.WriteExcel.demoKey is PASSED]]></system-out>
         <system-err><![CDATA[]]></system-err>
      </testcase>
      <testcase name="Test Cases/RecAndPlayBk/VLink/Sale-Encrypted" time="39.015" classname="Test Cases/RecAndPlayBk/VLink/Sale-Encrypted" status="PASSED">
         <system-out><![CDATA[2023-02-08 18:28:35 - [TEST_CASE][PASSED] - Test Cases/RecAndPlayBk/VLink/Sale-Encrypted: Test Cases/RecAndPlayBk/VLink/Sale-Encrypted

2023-02-08 18:28:36 - [TEST_STEP][PASSED] - executionProfile = getExecutionProfile(): null

2023-02-08 18:28:36 - [TEST_STEP][PASSED] - out.println("executionProfile : " + executionProfile): null

2023-02-08 18:28:36 - [TEST_STEP][PASSED] - appName = <not implemented yet for class: org.codehaus.groovy.ast.expr.EmptyExpression>: null

2023-02-08 18:28:36 - [TEST_STEP][PASSED] - appID = <not implemented yet for class: org.codehaus.groovy.ast.expr.EmptyExpression>: null

2023-02-08 18:28:36 - [TEST_STEP][PASSED] - username = <not implemented yet for class: org.codehaus.groovy.ast.expr.EmptyExpression>: null

2023-02-08 18:28:36 - [TEST_STEP][PASSED] - password = <not implemented yet for class: org.codehaus.groovy.ast.expr.EmptyExpression>: null

2023-02-08 18:28:36 - [TEST_STEP][PASSED] - cardNameV = <not implemented yet for class: org.codehaus.groovy.ast.expr.EmptyExpression>: null

2023-02-08 18:28:36 - [TEST_STEP][PASSED] - al1V = <not implemented yet for class: org.codehaus.groovy.ast.expr.EmptyExpression>: null

2023-02-08 18:28:36 - [TEST_STEP][PASSED] - al2V = <not implemented yet for class: org.codehaus.groovy.ast.expr.EmptyExpression>: null

2023-02-08 18:28:36 - [TEST_STEP][PASSED] - zipV = <not implemented yet for class: org.codehaus.groovy.ast.expr.EmptyExpression>: null

2023-02-08 18:28:36 - [TEST_STEP][PASSED] - cardTypeV = <not implemented yet for class: org.codehaus.groovy.ast.expr.EmptyExpression>: null

2023-02-08 18:28:36 - [TEST_STEP][PASSED] - last4V = <not implemented yet for class: org.codehaus.groovy.ast.expr.EmptyExpression>: null

2023-02-08 18:28:36 - [TEST_STEP][PASSED] - trackData = <not implemented yet for class: org.codehaus.groovy.ast.expr.EmptyExpression>: null

2023-02-08 18:28:36 - [TEST_STEP][PASSED] - slot = <not implemented yet for class: org.codehaus.groovy.ast.expr.EmptyExpression>: null

2023-02-08 18:28:36 - [TEST_STEP][PASSED] - ksn = <not implemented yet for class: org.codehaus.groovy.ast.expr.EmptyExpression>: null

2023-02-08 18:28:36 - [TEST_STEP][PASSED] - resText = "Fail": null

2023-02-08 18:28:36 - [TEST_STEP][PASSED] - resColumn = "Result": null

2023-02-08 18:28:36 - [TEST_STEP][PASSED] - datCloumn = "Date": null

2023-02-08 18:28:36 - [TEST_STEP][PASSED] - fileLoc = "KatalonData/VLinkSmokeData.xlsx": null

2023-02-08 18:28:36 - [TEST_STEP][PASSED] - numOfRows = <not implemented yet for class: org.codehaus.groovy.ast.expr.EmptyExpression>: null

2023-02-08 18:28:36 - [TEST_STEP][PASSED] - dataFile = <not implemented yet for class: org.codehaus.groovy.ast.expr.EmptyExpression>: null

2023-02-08 18:28:36 - [TEST_STEP][PASSED] - nameSheet = <not implemented yet for class: org.codehaus.groovy.ast.expr.EmptyExpression>: null

2023-02-08 18:28:36 - [TEST_STEP][PASSED] - nameSheet = "Sale-Encrypted": null

2023-02-08 18:28:36 - [TEST_STEP][PASSED] - numOfRows = findTestData("QA/VLinkTestData/VLinkSaleEncryptedData").getRowNumbers(): null

2023-02-08 18:28:36 - [TEST_STEP][PASSED] - println("Number of Records: " + numOfRows): null

2023-02-08 18:28:36 - [TEST_STEP][PASSED] - dataFile = "QA/VLinkTestData/VLinkSaleEncryptedData": null

2023-02-08 18:28:36 - [TEST_STEP][PASSED] - for ([row = 1, row <= numOfRows, (row++)]): null

2023-02-08 18:28:36 - [TEST_STEP][PASSED] - ExecuteTC = findTestData(dataFile).getValue("Execute", row): null

2023-02-08 18:28:36 - [TEST_STEP][PASSED] - out.println("Value of Execute is : " + ExecuteTC): null

2023-02-08 18:28:36 - [TEST_STEP][PASSED] - switch (executionProfile): null

2023-02-08 18:28:36 - [TEST_STEP][PASSED] - case "QAProfile":: null

2023-02-08 18:28:36 - [TEST_STEP][PASSED] - appID = findTestData(dataFile).getValue("AppIDQA", row): null

2023-02-08 18:28:36 - [TEST_STEP][PASSED] - username = findTestData(dataFile).getValue("UsernameQA", row): null

2023-02-08 18:28:36 - [TEST_STEP][PASSED] - password = findTestData(dataFile).getValue("PasswordQA", row): null

2023-02-08 18:28:36 - [TEST_STEP][PASSED] - break: null

2023-02-08 18:28:36 - [TEST_STEP][PASSED] - if (ExecuteTC.equalsIgnoreCase("Y")): null

2023-02-08 18:28:36 - [TEST_STEP][PASSED] - out.println("Begin Record Number: " + row): null

2023-02-08 18:28:36 - [TEST_STEP][PASSED] - today = new java.util.Date(): null

2023-02-08 18:28:36 - [TEST_STEP][PASSED] - println(today): null

2023-02-08 18:28:36 - [TEST_STEP][PASSED] - datText = today: null

2023-02-08 18:28:36 - [TEST_STEP][PASSED] - category = findTestData(dataFile).getValue("Category", row): null

2023-02-08 18:28:36 - [TEST_STEP][PASSED] - amount = findTestData(dataFile).getValue("Amount", row): null

2023-02-08 18:28:36 - [TEST_STEP][PASSED] - trackData = findTestData(dataFile).getValue("TrackData", row): null

2023-02-08 18:28:36 - [TEST_STEP][PASSED] - slot = findTestData(dataFile).getValue("SlotNumber", row): null

2023-02-08 18:28:36 - [TEST_STEP][PASSED] - ksn = findTestData(dataFile).getValue("KSN", row): null

2023-02-08 18:28:36 - [TEST_STEP][PASSED] - openBrowser(VLinkURL + "vlinkEncryptedSwipe.html"): Browser is opened with url: 'https://dev-algorithm.govolution.com/vlinktest/QA/version_2_0/vlinkEncryptedSwipe.html'

2023-02-08 18:28:36 - [MESSAGE][WARNING] - A browser is already opened. Closing browser and opening a new one

2023-02-08 18:28:37 - [MESSAGE][INFO] - Starting 'Chrome' driver

2023-02-08 18:28:37 - [MESSAGE][INFO] - User set preference: ['acceptInsecureCerts', 'true']

2023-02-08 18:28:37 - [MESSAGE][INFO] - Action delay is set to 0 milliseconds

2023-02-08 18:28:39 - [MESSAGE][PASSED] - Browser is opened with url: 'https://dev-algorithm.govolution.com/vlinktest/QA/version_2_0/vlinkEncryptedSwipe.html'

2023-02-08 18:28:39 - [TEST_STEP][PASSED] - maximizeWindow(): Current window maximized

2023-02-08 18:28:39 - [MESSAGE][PASSED] - Current window maximized

2023-02-08 18:28:39 - [TEST_STEP][PASSED] - setText(findTestObject("Object Repository/RecAndPlayBk/Page-Vlink-Encrypted/txt_TransactionType"), "104"): Text '104' is set on object 'Object Repository/RecAndPlayBk/Page-Vlink-Encrypted/txt_TransactionType'

2023-02-08 18:28:40 - [MESSAGE][PASSED] - Text '104' is set on object 'Object Repository/RecAndPlayBk/Page-Vlink-Encrypted/txt_TransactionType'

2023-02-08 18:28:40 - [TEST_STEP][PASSED] - click(findTestObject("Object Repository/RecAndPlayBk/Page-Vlink-Encrypted/btn_GenerateRemID")): Object: 'Object Repository/RecAndPlayBk/Page-Vlink-Encrypted/btn_GenerateRemID' is clicked on

2023-02-08 18:28:40 - [MESSAGE][PASSED] - Object: 'Object Repository/RecAndPlayBk/Page-Vlink-Encrypted/btn_GenerateRemID' is clicked on

2023-02-08 18:28:40 - [TEST_STEP][PASSED] - setText(findTestObject("Object Repository/RecAndPlayBk/Page-Vlink-Encrypted/txt_AppID"), appID): Text '234' is set on object 'Object Repository/RecAndPlayBk/Page-Vlink-Encrypted/txt_AppID'

2023-02-08 18:28:41 - [MESSAGE][PASSED] - Text '234' is set on object 'Object Repository/RecAndPlayBk/Page-Vlink-Encrypted/txt_AppID'

2023-02-08 18:28:41 - [TEST_STEP][PASSED] - setText(findTestObject("Object Repository/RecAndPlayBk/Page-Vlink-Encrypted/txt_Username"), username): Text 'username' is set on object 'Object Repository/RecAndPlayBk/Page-Vlink-Encrypted/txt_Username'

2023-02-08 18:28:42 - [MESSAGE][PASSED] - Text 'username' is set on object 'Object Repository/RecAndPlayBk/Page-Vlink-Encrypted/txt_Username'

2023-02-08 18:28:42 - [TEST_STEP][PASSED] - setText(findTestObject("Object Repository/RecAndPlayBk/Page-Vlink-Encrypted/txt_Password"), password): Text 'password' is set on object 'Object Repository/RecAndPlayBk/Page-Vlink-Encrypted/txt_Password'

2023-02-08 18:28:42 - [MESSAGE][PASSED] - Text 'password' is set on object 'Object Repository/RecAndPlayBk/Page-Vlink-Encrypted/txt_Password'

2023-02-08 18:28:42 - [TEST_STEP][PASSED] - setText(findTestObject("Object Repository/RecAndPlayBk/Page-Vlink-Encrypted/txt_Category"), category): Text 'RETL' is set on object 'Object Repository/RecAndPlayBk/Page-Vlink-Encrypted/txt_Category'

2023-02-08 18:28:43 - [MESSAGE][PASSED] - Text 'RETL' is set on object 'Object Repository/RecAndPlayBk/Page-Vlink-Encrypted/txt_Category'

2023-02-08 18:28:43 - [TEST_STEP][PASSED] - setText(findTestObject("Object Repository/RecAndPlayBk/Page-Vlink-Encrypted/txt_Amount"), amount): Text '10.5' is set on object 'Object Repository/RecAndPlayBk/Page-Vlink-Encrypted/txt_Amount'

2023-02-08 18:28:44 - [MESSAGE][PASSED] - Text '10.5' is set on object 'Object Repository/RecAndPlayBk/Page-Vlink-Encrypted/txt_Amount'

2023-02-08 18:28:44 - [TEST_STEP][PASSED] - setText(findTestObject("Object Repository/RecAndPlayBk/Page-Vlink-Encrypted/txt_Email"), ""): Text '' is set on object 'Object Repository/RecAndPlayBk/Page-Vlink-Encrypted/txt_Email'

2023-02-08 18:28:44 - [MESSAGE][PASSED] - Text '' is set on object 'Object Repository/RecAndPlayBk/Page-Vlink-Encrypted/txt_Email'

2023-02-08 18:28:44 - [TEST_STEP][PASSED] - setText(findTestObject("Object Repository/RecAndPlayBk/Page-Vlink-Encrypted/txt_EncTrack1Data"), trackData): Text '0EAA7F5CE9E697BBCD6997F6C0FC33DCD955675EB2CDA6E73210500019EF39D791C28642451941D9' is set on object 'Object Repository/RecAndPlayBk/Page-Vlink-Encrypted/txt_EncTrack1Data'

2023-02-08 18:28:45 - [MESSAGE][PASSED] - Text '0EAA7F5CE9E697BBCD6997F6C0FC33DCD955675EB2CDA6E73210500019EF39D791C28642451941D9' is set on object 'Object Repository/RecAndPlayBk/Page-Vlink-Encrypted/txt_EncTrack1Data'

2023-02-08 18:28:45 - [TEST_STEP][PASSED] - setText(findTestObject("Object Repository/RecAndPlayBk/Page-Vlink-Encrypted/txt_SlotNumber"), slot): Text '1' is set on object 'Object Repository/RecAndPlayBk/Page-Vlink-Encrypted/txt_SlotNumber'

2023-02-08 18:28:46 - [MESSAGE][PASSED] - Text '1' is set on object 'Object Repository/RecAndPlayBk/Page-Vlink-Encrypted/txt_SlotNumber'

2023-02-08 18:28:46 - [TEST_STEP][PASSED] - setText(findTestObject("Object Repository/RecAndPlayBk/Page-Vlink-Encrypted/txt_KSN"), ksn): Text 'FFFF7381390003600057' is set on object 'Object Repository/RecAndPlayBk/Page-Vlink-Encrypted/txt_KSN'

2023-02-08 18:28:46 - [MESSAGE][PASSED] - Text 'FFFF7381390003600057' is set on object 'Object Repository/RecAndPlayBk/Page-Vlink-Encrypted/txt_KSN'

2023-02-08 18:28:46 - [TEST_STEP][PASSED] - click(findTestObject("Object Repository/RecAndPlayBk/Page-Vlink-Encrypted/btn_ProcessVLinkTran")): Object: 'Object Repository/RecAndPlayBk/Page-Vlink-Encrypted/btn_ProcessVLinkTran' is clicked on

2023-02-08 18:28:48 - [MESSAGE][PASSED] - Object: 'Object Repository/RecAndPlayBk/Page-Vlink-Encrypted/btn_ProcessVLinkTran' is clicked on

2023-02-08 18:28:48 - [TEST_STEP][PASSED] - if (verifyTextPresent("Transaction approved, no errors", true)): null

2023-02-08 18:28:48 - [MESSAGE][PASSED] - Text 'Transaction approved, no errors' is present on page  using regular expression

2023-02-08 18:28:48 - [TEST_STEP][PASSED] - println("Transaction Approved, no errors text is present on the Confirmation page"): null

2023-02-08 18:28:48 - [TEST_STEP][PASSED] - out.println("Pass Record Number: " + row): null

2023-02-08 18:28:48 - [TEST_STEP][PASSED] - resText = "Pass": null

2023-02-08 18:28:48 - [TEST_STEP][PASSED] - pages.WriteExcel.demoKey(resText, datText, resColumn, datCloumn, fileLoc, nameSheet, row): pages.WriteExcel.demoKey is PASSED

2023-02-08 18:28:48 - [MESSAGE][PASSED] - pages.WriteExcel.demoKey is PASSED

2023-02-08 18:28:48 - [TEST_STEP][PASSED] - ExecuteTC = findTestData(dataFile).getValue("Execute", row): null

2023-02-08 18:28:48 - [TEST_STEP][PASSED] - out.println("Value of Execute is : " + ExecuteTC): null

2023-02-08 18:28:48 - [TEST_STEP][PASSED] - switch (executionProfile): null

2023-02-08 18:28:48 - [TEST_STEP][PASSED] - case "QAProfile":: null

2023-02-08 18:28:48 - [TEST_STEP][PASSED] - appID = findTestData(dataFile).getValue("AppIDQA", row): null

2023-02-08 18:28:48 - [TEST_STEP][PASSED] - username = findTestData(dataFile).getValue("UsernameQA", row): null

2023-02-08 18:28:48 - [TEST_STEP][PASSED] - password = findTestData(dataFile).getValue("PasswordQA", row): null

2023-02-08 18:28:48 - [TEST_STEP][PASSED] - break: null

2023-02-08 18:28:48 - [TEST_STEP][PASSED] - if (ExecuteTC.equalsIgnoreCase("Y")): null

2023-02-08 18:28:48 - [TEST_STEP][PASSED] - out.println("Begin Record Number: " + row): null

2023-02-08 18:28:48 - [TEST_STEP][PASSED] - today = new java.util.Date(): null

2023-02-08 18:28:48 - [TEST_STEP][PASSED] - println(today): null

2023-02-08 18:28:48 - [TEST_STEP][PASSED] - datText = today: null

2023-02-08 18:28:48 - [TEST_STEP][PASSED] - category = findTestData(dataFile).getValue("Category", row): null

2023-02-08 18:28:48 - [TEST_STEP][PASSED] - amount = findTestData(dataFile).getValue("Amount", row): null

2023-02-08 18:28:48 - [TEST_STEP][PASSED] - trackData = findTestData(dataFile).getValue("TrackData", row): null

2023-02-08 18:28:49 - [TEST_STEP][PASSED] - slot = findTestData(dataFile).getValue("SlotNumber", row): null

2023-02-08 18:28:49 - [TEST_STEP][PASSED] - ksn = findTestData(dataFile).getValue("KSN", row): null

2023-02-08 18:28:49 - [TEST_STEP][PASSED] - openBrowser(VLinkURL + "vlinkEncryptedSwipe.html"): Browser is opened with url: 'https://dev-algorithm.govolution.com/vlinktest/QA/version_2_0/vlinkEncryptedSwipe.html'

2023-02-08 18:28:49 - [MESSAGE][WARNING] - A browser is already opened. Closing browser and opening a new one

2023-02-08 18:28:50 - [MESSAGE][INFO] - Starting 'Chrome' driver

2023-02-08 18:28:50 - [MESSAGE][INFO] - User set preference: ['acceptInsecureCerts', 'true']

2023-02-08 18:28:50 - [MESSAGE][INFO] - Action delay is set to 0 milliseconds

2023-02-08 18:28:52 - [MESSAGE][PASSED] - Browser is opened with url: 'https://dev-algorithm.govolution.com/vlinktest/QA/version_2_0/vlinkEncryptedSwipe.html'

2023-02-08 18:28:52 - [TEST_STEP][PASSED] - maximizeWindow(): Current window maximized

2023-02-08 18:28:52 - [MESSAGE][PASSED] - Current window maximized

2023-02-08 18:28:52 - [TEST_STEP][PASSED] - setText(findTestObject("Object Repository/RecAndPlayBk/Page-Vlink-Encrypted/txt_TransactionType"), "104"): Text '104' is set on object 'Object Repository/RecAndPlayBk/Page-Vlink-Encrypted/txt_TransactionType'

2023-02-08 18:28:53 - [MESSAGE][PASSED] - Text '104' is set on object 'Object Repository/RecAndPlayBk/Page-Vlink-Encrypted/txt_TransactionType'

2023-02-08 18:28:53 - [TEST_STEP][PASSED] - click(findTestObject("Object Repository/RecAndPlayBk/Page-Vlink-Encrypted/btn_GenerateRemID")): Object: 'Object Repository/RecAndPlayBk/Page-Vlink-Encrypted/btn_GenerateRemID' is clicked on

2023-02-08 18:28:53 - [MESSAGE][PASSED] - Object: 'Object Repository/RecAndPlayBk/Page-Vlink-Encrypted/btn_GenerateRemID' is clicked on

2023-02-08 18:28:53 - [TEST_STEP][PASSED] - setText(findTestObject("Object Repository/RecAndPlayBk/Page-Vlink-Encrypted/txt_AppID"), appID): Text '87' is set on object 'Object Repository/RecAndPlayBk/Page-Vlink-Encrypted/txt_AppID'

2023-02-08 18:28:54 - [MESSAGE][PASSED] - Text '87' is set on object 'Object Repository/RecAndPlayBk/Page-Vlink-Encrypted/txt_AppID'

2023-02-08 18:28:54 - [TEST_STEP][PASSED] - setText(findTestObject("Object Repository/RecAndPlayBk/Page-Vlink-Encrypted/txt_Username"), username): Text 'username' is set on object 'Object Repository/RecAndPlayBk/Page-Vlink-Encrypted/txt_Username'

2023-02-08 18:28:54 - [MESSAGE][PASSED] - Text 'username' is set on object 'Object Repository/RecAndPlayBk/Page-Vlink-Encrypted/txt_Username'

2023-02-08 18:28:54 - [TEST_STEP][PASSED] - setText(findTestObject("Object Repository/RecAndPlayBk/Page-Vlink-Encrypted/txt_Password"), password): Text 'password' is set on object 'Object Repository/RecAndPlayBk/Page-Vlink-Encrypted/txt_Password'

2023-02-08 18:28:55 - [MESSAGE][PASSED] - Text 'password' is set on object 'Object Repository/RecAndPlayBk/Page-Vlink-Encrypted/txt_Password'

2023-02-08 18:28:55 - [TEST_STEP][PASSED] - setText(findTestObject("Object Repository/RecAndPlayBk/Page-Vlink-Encrypted/txt_Category"), category): Text 'RETL' is set on object 'Object Repository/RecAndPlayBk/Page-Vlink-Encrypted/txt_Category'

2023-02-08 18:28:55 - [MESSAGE][PASSED] - Text 'RETL' is set on object 'Object Repository/RecAndPlayBk/Page-Vlink-Encrypted/txt_Category'

2023-02-08 18:28:55 - [TEST_STEP][PASSED] - setText(findTestObject("Object Repository/RecAndPlayBk/Page-Vlink-Encrypted/txt_Amount"), amount): Text '10.5' is set on object 'Object Repository/RecAndPlayBk/Page-Vlink-Encrypted/txt_Amount'

2023-02-08 18:28:56 - [MESSAGE][PASSED] - Text '10.5' is set on object 'Object Repository/RecAndPlayBk/Page-Vlink-Encrypted/txt_Amount'

2023-02-08 18:28:56 - [TEST_STEP][PASSED] - setText(findTestObject("Object Repository/RecAndPlayBk/Page-Vlink-Encrypted/txt_Email"), ""): Text '' is set on object 'Object Repository/RecAndPlayBk/Page-Vlink-Encrypted/txt_Email'

2023-02-08 18:28:57 - [MESSAGE][PASSED] - Text '' is set on object 'Object Repository/RecAndPlayBk/Page-Vlink-Encrypted/txt_Email'

2023-02-08 18:28:57 - [TEST_STEP][PASSED] - setText(findTestObject("Object Repository/RecAndPlayBk/Page-Vlink-Encrypted/txt_EncTrack1Data"), trackData): Text '0EAA7F5CE9E697BBCD6997F6C0FC33DCD955675EB2CDA6E73210500019EF39D791C28642451941D9' is set on object 'Object Repository/RecAndPlayBk/Page-Vlink-Encrypted/txt_EncTrack1Data'

2023-02-08 18:28:57 - [MESSAGE][PASSED] - Text '0EAA7F5CE9E697BBCD6997F6C0FC33DCD955675EB2CDA6E73210500019EF39D791C28642451941D9' is set on object 'Object Repository/RecAndPlayBk/Page-Vlink-Encrypted/txt_EncTrack1Data'

2023-02-08 18:28:57 - [TEST_STEP][PASSED] - setText(findTestObject("Object Repository/RecAndPlayBk/Page-Vlink-Encrypted/txt_SlotNumber"), slot): Text '1' is set on object 'Object Repository/RecAndPlayBk/Page-Vlink-Encrypted/txt_SlotNumber'

2023-02-08 18:28:58 - [MESSAGE][PASSED] - Text '1' is set on object 'Object Repository/RecAndPlayBk/Page-Vlink-Encrypted/txt_SlotNumber'

2023-02-08 18:28:58 - [TEST_STEP][PASSED] - setText(findTestObject("Object Repository/RecAndPlayBk/Page-Vlink-Encrypted/txt_KSN"), ksn): Text 'FFFF7381390003600057' is set on object 'Object Repository/RecAndPlayBk/Page-Vlink-Encrypted/txt_KSN'

2023-02-08 18:28:59 - [MESSAGE][PASSED] - Text 'FFFF7381390003600057' is set on object 'Object Repository/RecAndPlayBk/Page-Vlink-Encrypted/txt_KSN'

2023-02-08 18:28:59 - [TEST_STEP][PASSED] - click(findTestObject("Object Repository/RecAndPlayBk/Page-Vlink-Encrypted/btn_ProcessVLinkTran")): Object: 'Object Repository/RecAndPlayBk/Page-Vlink-Encrypted/btn_ProcessVLinkTran' is clicked on

2023-02-08 18:29:01 - [MESSAGE][PASSED] - Object: 'Object Repository/RecAndPlayBk/Page-Vlink-Encrypted/btn_ProcessVLinkTran' is clicked on

2023-02-08 18:29:01 - [TEST_STEP][PASSED] - if (verifyTextPresent("Transaction approved, no errors", true)): null

2023-02-08 18:29:01 - [MESSAGE][PASSED] - Text 'Transaction approved, no errors' is present on page  using regular expression

2023-02-08 18:29:01 - [TEST_STEP][PASSED] - println("Transaction Approved, no errors text is present on the Confirmation page"): null

2023-02-08 18:29:01 - [TEST_STEP][PASSED] - out.println("Pass Record Number: " + row): null

2023-02-08 18:29:01 - [TEST_STEP][PASSED] - resText = "Pass": null

2023-02-08 18:29:01 - [TEST_STEP][PASSED] - pages.WriteExcel.demoKey(resText, datText, resColumn, datCloumn, fileLoc, nameSheet, row): pages.WriteExcel.demoKey is PASSED

2023-02-08 18:29:01 - [MESSAGE][PASSED] - pages.WriteExcel.demoKey is PASSED

2023-02-08 18:29:01 - [TEST_STEP][PASSED] - ExecuteTC = findTestData(dataFile).getValue("Execute", row): null

2023-02-08 18:29:02 - [TEST_STEP][PASSED] - out.println("Value of Execute is : " + ExecuteTC): null

2023-02-08 18:29:02 - [TEST_STEP][PASSED] - switch (executionProfile): null

2023-02-08 18:29:02 - [TEST_STEP][PASSED] - case "QAProfile":: null

2023-02-08 18:29:02 - [TEST_STEP][PASSED] - appID = findTestData(dataFile).getValue("AppIDQA", row): null

2023-02-08 18:29:02 - [TEST_STEP][PASSED] - username = findTestData(dataFile).getValue("UsernameQA", row): null

2023-02-08 18:29:02 - [TEST_STEP][PASSED] - password = findTestData(dataFile).getValue("PasswordQA", row): null

2023-02-08 18:29:02 - [TEST_STEP][PASSED] - break: null

2023-02-08 18:29:02 - [TEST_STEP][PASSED] - if (ExecuteTC.equalsIgnoreCase("Y")): null

2023-02-08 18:29:02 - [TEST_STEP][PASSED] - out.println("Begin Record Number: " + row): null

2023-02-08 18:29:02 - [TEST_STEP][PASSED] - today = new java.util.Date(): null

2023-02-08 18:29:02 - [TEST_STEP][PASSED] - println(today): null

2023-02-08 18:29:02 - [TEST_STEP][PASSED] - datText = today: null

2023-02-08 18:29:02 - [TEST_STEP][PASSED] - category = findTestData(dataFile).getValue("Category", row): null

2023-02-08 18:29:02 - [TEST_STEP][PASSED] - amount = findTestData(dataFile).getValue("Amount", row): null

2023-02-08 18:29:02 - [TEST_STEP][PASSED] - trackData = findTestData(dataFile).getValue("TrackData", row): null

2023-02-08 18:29:02 - [TEST_STEP][PASSED] - slot = findTestData(dataFile).getValue("SlotNumber", row): null

2023-02-08 18:29:02 - [TEST_STEP][PASSED] - ksn = findTestData(dataFile).getValue("KSN", row): null

2023-02-08 18:29:02 - [TEST_STEP][PASSED] - openBrowser(VLinkURL + "vlinkEncryptedSwipe.html"): Browser is opened with url: 'https://dev-algorithm.govolution.com/vlinktest/QA/version_2_0/vlinkEncryptedSwipe.html'

2023-02-08 18:29:02 - [MESSAGE][WARNING] - A browser is already opened. Closing browser and opening a new one

2023-02-08 18:29:03 - [MESSAGE][INFO] - Starting 'Chrome' driver

2023-02-08 18:29:03 - [MESSAGE][INFO] - User set preference: ['acceptInsecureCerts', 'true']

2023-02-08 18:29:03 - [MESSAGE][INFO] - Action delay is set to 0 milliseconds

2023-02-08 18:29:05 - [MESSAGE][PASSED] - Browser is opened with url: 'https://dev-algorithm.govolution.com/vlinktest/QA/version_2_0/vlinkEncryptedSwipe.html'

2023-02-08 18:29:05 - [TEST_STEP][PASSED] - maximizeWindow(): Current window maximized

2023-02-08 18:29:05 - [MESSAGE][PASSED] - Current window maximized

2023-02-08 18:29:05 - [TEST_STEP][PASSED] - setText(findTestObject("Object Repository/RecAndPlayBk/Page-Vlink-Encrypted/txt_TransactionType"), "104"): Text '104' is set on object 'Object Repository/RecAndPlayBk/Page-Vlink-Encrypted/txt_TransactionType'

2023-02-08 18:29:06 - [MESSAGE][PASSED] - Text '104' is set on object 'Object Repository/RecAndPlayBk/Page-Vlink-Encrypted/txt_TransactionType'

2023-02-08 18:29:06 - [TEST_STEP][PASSED] - click(findTestObject("Object Repository/RecAndPlayBk/Page-Vlink-Encrypted/btn_GenerateRemID")): Object: 'Object Repository/RecAndPlayBk/Page-Vlink-Encrypted/btn_GenerateRemID' is clicked on

2023-02-08 18:29:06 - [MESSAGE][PASSED] - Object: 'Object Repository/RecAndPlayBk/Page-Vlink-Encrypted/btn_GenerateRemID' is clicked on

2023-02-08 18:29:06 - [TEST_STEP][PASSED] - setText(findTestObject("Object Repository/RecAndPlayBk/Page-Vlink-Encrypted/txt_AppID"), appID): Text '581' is set on object 'Object Repository/RecAndPlayBk/Page-Vlink-Encrypted/txt_AppID'

2023-02-08 18:29:07 - [MESSAGE][PASSED] - Text '581' is set on object 'Object Repository/RecAndPlayBk/Page-Vlink-Encrypted/txt_AppID'

2023-02-08 18:29:07 - [TEST_STEP][PASSED] - setText(findTestObject("Object Repository/RecAndPlayBk/Page-Vlink-Encrypted/txt_Username"), username): Text 'usr581' is set on object 'Object Repository/RecAndPlayBk/Page-Vlink-Encrypted/txt_Username'

2023-02-08 18:29:08 - [MESSAGE][PASSED] - Text 'usr581' is set on object 'Object Repository/RecAndPlayBk/Page-Vlink-Encrypted/txt_Username'

2023-02-08 18:29:08 - [TEST_STEP][PASSED] - setText(findTestObject("Object Repository/RecAndPlayBk/Page-Vlink-Encrypted/txt_Password"), password): Text 'pwd581' is set on object 'Object Repository/RecAndPlayBk/Page-Vlink-Encrypted/txt_Password'

2023-02-08 18:29:08 - [MESSAGE][PASSED] - Text 'pwd581' is set on object 'Object Repository/RecAndPlayBk/Page-Vlink-Encrypted/txt_Password'

2023-02-08 18:29:08 - [TEST_STEP][PASSED] - setText(findTestObject("Object Repository/RecAndPlayBk/Page-Vlink-Encrypted/txt_Category"), category): Text 'RETL' is set on object 'Object Repository/RecAndPlayBk/Page-Vlink-Encrypted/txt_Category'

2023-02-08 18:29:09 - [MESSAGE][PASSED] - Text 'RETL' is set on object 'Object Repository/RecAndPlayBk/Page-Vlink-Encrypted/txt_Category'

2023-02-08 18:29:09 - [TEST_STEP][PASSED] - setText(findTestObject("Object Repository/RecAndPlayBk/Page-Vlink-Encrypted/txt_Amount"), amount): Text '10.5' is set on object 'Object Repository/RecAndPlayBk/Page-Vlink-Encrypted/txt_Amount'

2023-02-08 18:29:10 - [MESSAGE][PASSED] - Text '10.5' is set on object 'Object Repository/RecAndPlayBk/Page-Vlink-Encrypted/txt_Amount'

2023-02-08 18:29:10 - [TEST_STEP][PASSED] - setText(findTestObject("Object Repository/RecAndPlayBk/Page-Vlink-Encrypted/txt_Email"), ""): Text '' is set on object 'Object Repository/RecAndPlayBk/Page-Vlink-Encrypted/txt_Email'

2023-02-08 18:29:10 - [MESSAGE][PASSED] - Text '' is set on object 'Object Repository/RecAndPlayBk/Page-Vlink-Encrypted/txt_Email'

2023-02-08 18:29:10 - [TEST_STEP][PASSED] - setText(findTestObject("Object Repository/RecAndPlayBk/Page-Vlink-Encrypted/txt_EncTrack1Data"), trackData): Text '0EAA7F5CE9E697BBCD6997F6C0FC33DCD955675EB2CDA6E73210500019EF39D791C28642451941D9' is set on object 'Object Repository/RecAndPlayBk/Page-Vlink-Encrypted/txt_EncTrack1Data'

2023-02-08 18:29:11 - [MESSAGE][PASSED] - Text '0EAA7F5CE9E697BBCD6997F6C0FC33DCD955675EB2CDA6E73210500019EF39D791C28642451941D9' is set on object 'Object Repository/RecAndPlayBk/Page-Vlink-Encrypted/txt_EncTrack1Data'

2023-02-08 18:29:11 - [TEST_STEP][PASSED] - setText(findTestObject("Object Repository/RecAndPlayBk/Page-Vlink-Encrypted/txt_SlotNumber"), slot): Text '1' is set on object 'Object Repository/RecAndPlayBk/Page-Vlink-Encrypted/txt_SlotNumber'

2023-02-08 18:29:12 - [MESSAGE][PASSED] - Text '1' is set on object 'Object Repository/RecAndPlayBk/Page-Vlink-Encrypted/txt_SlotNumber'

2023-02-08 18:29:12 - [TEST_STEP][PASSED] - setText(findTestObject("Object Repository/RecAndPlayBk/Page-Vlink-Encrypted/txt_KSN"), ksn): Text 'FFFF7381390003600057' is set on object 'Object Repository/RecAndPlayBk/Page-Vlink-Encrypted/txt_KSN'

2023-02-08 18:29:12 - [MESSAGE][PASSED] - Text 'FFFF7381390003600057' is set on object 'Object Repository/RecAndPlayBk/Page-Vlink-Encrypted/txt_KSN'

2023-02-08 18:29:12 - [TEST_STEP][PASSED] - click(findTestObject("Object Repository/RecAndPlayBk/Page-Vlink-Encrypted/btn_ProcessVLinkTran")): Object: 'Object Repository/RecAndPlayBk/Page-Vlink-Encrypted/btn_ProcessVLinkTran' is clicked on

2023-02-08 18:29:14 - [MESSAGE][PASSED] - Object: 'Object Repository/RecAndPlayBk/Page-Vlink-Encrypted/btn_ProcessVLinkTran' is clicked on

2023-02-08 18:29:14 - [TEST_STEP][PASSED] - if (verifyTextPresent("Transaction approved, no errors", true)): null

2023-02-08 18:29:14 - [MESSAGE][PASSED] - Text 'Transaction approved, no errors' is present on page  using regular expression

2023-02-08 18:29:14 - [TEST_STEP][PASSED] - println("Transaction Approved, no errors text is present on the Confirmation page"): null

2023-02-08 18:29:14 - [TEST_STEP][PASSED] - out.println("Pass Record Number: " + row): null

2023-02-08 18:29:14 - [TEST_STEP][PASSED] - resText = "Pass": null

2023-02-08 18:29:14 - [TEST_STEP][PASSED] - pages.WriteExcel.demoKey(resText, datText, resColumn, datCloumn, fileLoc, nameSheet, row): pages.WriteExcel.demoKey is PASSED

2023-02-08 18:29:14 - [MESSAGE][PASSED] - pages.WriteExcel.demoKey is PASSED]]></system-out>
         <system-err><![CDATA[]]></system-err>
      </testcase>
      <testcase name="Test Cases/RecAndPlayBk/VLink/Sale-MRF" time="1284.912" classname="Test Cases/RecAndPlayBk/VLink/Sale-MRF" status="PASSED">
         <system-out><![CDATA[2023-02-08 18:29:14 - [TEST_CASE][PASSED] - Test Cases/RecAndPlayBk/VLink/Sale-MRF: Test Cases/RecAndPlayBk/VLink/Sale-MRF

2023-02-08 18:29:15 - [TEST_STEP][PASSED] - resText = "Fail": null

2023-02-08 18:29:15 - [TEST_STEP][PASSED] - resColumn = "Result": null

2023-02-08 18:29:15 - [TEST_STEP][PASSED] - datCloumn = "Date": null

2023-02-08 18:29:15 - [TEST_STEP][PASSED] - fileLoc = "KatalonData/VLinkSmokeData.xlsx": null

2023-02-08 18:29:15 - [TEST_STEP][PASSED] - nameSheet = "Sale-MRF": null

2023-02-08 18:29:15 - [TEST_STEP][PASSED] - executionProfile = getExecutionProfile(): null

2023-02-08 18:29:15 - [TEST_STEP][PASSED] - out.println("executionProfile : " + executionProfile): null

2023-02-08 18:29:15 - [TEST_STEP][PASSED] - numOfRows = findTestData("QA/VLinkTestData/VLinkSaleMRFData").getRowNumbers(): null

2023-02-08 18:29:15 - [TEST_STEP][PASSED] - println("Number of Records: " + numOfRows): null

2023-02-08 18:29:15 - [TEST_STEP][PASSED] - dataFile = "QA/VLinkTestData/VLinkSaleMRFData": null

2023-02-08 18:29:15 - [TEST_STEP][PASSED] - for ([row = 1, row <= numOfRows, (row++)]): null

2023-02-08 18:29:15 - [TEST_STEP][PASSED] - ExecuteTC = findTestData(dataFile).getValue("Execute", row): null

2023-02-08 18:29:15 - [TEST_STEP][PASSED] - out.println("Value of Execute is : " + ExecuteTC): null

2023-02-08 18:29:15 - [TEST_STEP][PASSED] - errorMsg = findTestData(dataFile).getValue("ErrorMsg", row): null

2023-02-08 18:29:15 - [TEST_STEP][PASSED] - if (ExecuteTC.equalsIgnoreCase("Y")): Browser is closed

2023-02-08 18:29:15 - [TEST_STEP][PASSED] - out.println("Begin Record Number: " + row): null

2023-02-08 18:29:15 - [TEST_STEP][PASSED] - today = new java.util.Date(): null

2023-02-08 18:29:15 - [TEST_STEP][PASSED] - println(today): null

2023-02-08 18:29:15 - [TEST_STEP][PASSED] - datText = today: null

2023-02-08 18:29:15 - [TEST_STEP][PASSED] - openBrowser(VLinkURL + "authcap.html"): Browser is opened with url: 'https://dev-algorithm.govolution.com/vlinktest/QA/version_2_0/authcap.html'

2023-02-08 18:29:15 - [MESSAGE][WARNING] - A browser is already opened. Closing browser and opening a new one

2023-02-08 18:29:16 - [MESSAGE][INFO] - Starting 'Chrome' driver

2023-02-08 18:29:16 - [MESSAGE][INFO] - User set preference: ['acceptInsecureCerts', 'true']

2023-02-08 18:29:16 - [MESSAGE][INFO] - Action delay is set to 0 milliseconds

2023-02-08 18:29:18 - [MESSAGE][PASSED] - Browser is opened with url: 'https://dev-algorithm.govolution.com/vlinktest/QA/version_2_0/authcap.html'

2023-02-08 18:29:18 - [TEST_STEP][PASSED] - maximizeWindow(): Current window maximized

2023-02-08 18:29:18 - [MESSAGE][PASSED] - Current window maximized

2023-02-08 18:29:18 - [TEST_STEP][PASSED] - vlinkPages.saleCCPage.setDataSCC(row, dataFile): vlinkPages.saleCCPage.setDataSCC is PASSED

2023-02-08 18:29:22 - [MESSAGE][PASSED] - Object 'Object Repository/VLink/Page_CCSale/txt_CardNumber' is present

2023-02-08 18:29:22 - [MESSAGE][PASSED] - Text '' is set on object 'Object Repository/VLink/Page_CCSale/txt_TransactionType'

2023-02-08 18:29:23 - [MESSAGE][PASSED] - Text '2.0C' is set on object 'Object Repository/VLink/Page_CCSale/txt_MessageVersion'

2023-02-08 18:29:24 - [MESSAGE][PASSED] - Text 'KbttiGdTqWTy' is set on object 'Object Repository/VLink/Page_CCSale/txt_RemID'

2023-02-08 18:29:24 - [MESSAGE][PASSED] - Text '234' is set on object 'Object Repository/VLink/Page_CCSale/txt_ApplicationId'

2023-02-08 18:29:25 - [MESSAGE][PASSED] - Text 'username' is set on object 'Object Repository/VLink/Page_CCSale/txt_Username'

2023-02-08 18:29:26 - [MESSAGE][PASSED] - Text 'password' is set on object 'Object Repository/VLink/Page_CCSale/txt_Password'

2023-02-08 18:29:26 - [MESSAGE][PASSED] - Text 'fixed_width' is set on object 'Object Repository/VLink/Page_CCSale/txt_ResponseFormat'

2023-02-08 18:29:27 - [MESSAGE][PASSED] - Text 'ECOM' is set on object 'Object Repository/VLink/Page_CCSale/txt_Category'

2023-02-08 18:29:27 - [MESSAGE][PASSED] - Text '' is set on object 'Object Repository/VLink/Page_CCSale/txt_TransactionID'

2023-02-08 18:29:28 - [MESSAGE][PASSED] - Text '' is set on object 'Object Repository/VLink/Page_CCSale/txt_ApprovalCode'

2023-02-08 18:29:29 - [MESSAGE][PASSED] - Text 'Kris Roshan' is set on object 'Object Repository/VLink/Page_CCSale/txt_CardName'

2023-02-08 18:29:29 - [MESSAGE][PASSED] - Text '258 Elm Road' is set on object 'Object Repository/VLink/Page_CCSale/txt_AL1'

2023-02-08 18:29:30 - [MESSAGE][PASSED] - Text 'Suite 56' is set on object 'Object Repository/VLink/Page_CCSale/txt_AL2'

2023-02-08 18:29:30 - [MESSAGE][PASSED] - Text 'Arlington' is set on object 'Object Repository/VLink/Page_CCSale/txt_CardCity'

2023-02-08 18:29:31 - [MESSAGE][PASSED] - Text 'VA' is set on object 'Object Repository/VLink/Page_CCSale/txt_CardState'

2023-02-08 18:29:32 - [MESSAGE][PASSED] - Text '22201' is set on object 'Object Repository/VLink/Page_CCSale/txt_CardZIP'

2023-02-08 18:29:32 - [MESSAGE][PASSED] - Text '840' is set on object 'Object Repository/VLink/Page_CCSale/txt_CountryID'

2023-02-08 18:29:33 - [MESSAGE][PASSED] - Text '1.50' is set on object 'Object Repository/VLink/Page_CCSale/txt_Amount'

2023-02-08 18:29:34 - [MESSAGE][PASSED] - Text '4111111111111111' is set on object 'Object Repository/VLink/Page_CCSale/txt_CardNumber'

2023-02-08 18:29:34 - [MESSAGE][PASSED] - Text '12' is set on object 'Object Repository/VLink/Page_CCSale/txt_ExpMonth'

2023-02-08 18:29:35 - [MESSAGE][PASSED] - Text '2025' is set on object 'Object Repository/VLink/Page_CCSale/txt_ExpYear'

2023-02-08 18:29:35 - [MESSAGE][PASSED] - Text '' is set on object 'Object Repository/VLink/Page_CCSale/txt_CVV'

2023-02-08 18:29:36 - [MESSAGE][PASSED] - Text '' is set on object 'Object Repository/VLink/Page_CCSale/txt_CVVstate'

2023-02-08 18:29:37 - [MESSAGE][PASSED] - Text '' is set on object 'Object Repository/VLink/Page_CCSale/txt_TrackData'

2023-02-08 18:29:37 - [MESSAGE][PASSED] - Text '' is set on object 'Object Repository/VLink/Page_CCSale/txt_Track1Data'

2023-02-08 18:29:38 - [MESSAGE][PASSED] - Text '' is set on object 'Object Repository/VLink/Page_CCSale/txt_Track2Data'

2023-02-08 18:29:39 - [MESSAGE][PASSED] - Text 'manual' is set on object 'Object Repository/VLink/Page_CCSale/txt_POSEntryMode'

2023-02-08 18:29:39 - [MESSAGE][PASSED] - Text 'iahmed@govolution.com' is set on object 'Object Repository/VLink/Page_CCSale/txt_Email'

2023-02-08 18:29:40 - [MESSAGE][PASSED] - Text '2569362' is set on object 'Object Repository/VLink/Page_CCSale/txt_OrderNumber'

2023-02-08 18:29:40 - [MESSAGE][PASSED] - Text '1.15' is set on object 'Object Repository/VLink/Page_CCSale/txt_TaxAmount'

2023-02-08 18:29:41 - [MESSAGE][PASSED] - Text 'Charge Description' is set on object 'Object Repository/VLink/Page_CCSale/txt_ChargeDescription'

2023-02-08 18:29:42 - [MESSAGE][PASSED] - Text '147357' is set on object 'Object Repository/VLink/Page_CCSale/txt_CAN'

2023-02-08 18:29:42 - [MESSAGE][PASSED] - Text '1' is set on object 'Object Repository/VLink/Page_CCSale/txt_BillPaymentIndicator'

2023-02-08 18:29:43 - [MESSAGE][PASSED] - Text 'UDF Data 1' is set on object 'Object Repository/VLink/Page_CCSale/txt_UDF1'

2023-02-08 18:29:44 - [MESSAGE][PASSED] - Text 'UDF Data 2' is set on object 'Object Repository/VLink/Page_CCSale/txt_UDF2'

2023-02-08 18:29:44 - [MESSAGE][PASSED] - Text 'UDF Data 3' is set on object 'Object Repository/VLink/Page_CCSale/txt_UDF3'

2023-02-08 18:29:45 - [MESSAGE][PASSED] - Text 'UDF Data 4' is set on object 'Object Repository/VLink/Page_CCSale/txt_UDF4'

2023-02-08 18:29:45 - [MESSAGE][PASSED] - Text 'UDF Data 5' is set on object 'Object Repository/VLink/Page_CCSale/txt_UDF5'

2023-02-08 18:29:46 - [MESSAGE][PASSED] - Text 'UDF Data 6' is set on object 'Object Repository/VLink/Page_CCSale/txt_UDF6'

2023-02-08 18:29:47 - [MESSAGE][PASSED] - Text 'UDF Data 7' is set on object 'Object Repository/VLink/Page_CCSale/txt_UDF7'

2023-02-08 18:29:47 - [MESSAGE][PASSED] - Text 'UDF Data 8' is set on object 'Object Repository/VLink/Page_CCSale/txt_UDF8'

2023-02-08 18:29:48 - [MESSAGE][PASSED] - Text 'UDF Data 9' is set on object 'Object Repository/VLink/Page_CCSale/txt_UDF9'

2023-02-08 18:29:49 - [MESSAGE][PASSED] - Text 'UDF Data 10' is set on object 'Object Repository/VLink/Page_CCSale/txt_UDF10'

2023-02-08 18:29:49 - [MESSAGE][PASSED] - Object: 'Object Repository/VLink/Page_CCSale/btn_ProcessVLinkTransaction' is clicked on

2023-02-08 18:29:54 - [MESSAGE][PASSED] - vlinkPages.saleCCPage.setDataSCC is PASSED

2023-02-08 18:29:54 - [TEST_STEP][PASSED] - if (verifyTextPresent(errorMsg, true)): null

2023-02-08 18:29:55 - [MESSAGE][PASSED] - Text 'Missing parameter: transaction_type' is present on page  using regular expression

2023-02-08 18:29:55 - [TEST_STEP][PASSED] - println("Transaction Approved, no errors text is present on the Confirmation page"): null

2023-02-08 18:29:55 - [TEST_STEP][PASSED] - out.println("Pass Record Number: " + row): null

2023-02-08 18:29:55 - [TEST_STEP][PASSED] - resText = "Pass": null

2023-02-08 18:29:55 - [TEST_STEP][PASSED] - pages.WriteExcel.demoKey(resText, datText, resColumn, datCloumn, fileLoc, nameSheet, row): pages.WriteExcel.demoKey is PASSED

2023-02-08 18:29:55 - [MESSAGE][PASSED] - pages.WriteExcel.demoKey is PASSED

2023-02-08 18:29:55 - [TEST_STEP][PASSED] - sdfo = getText(findTestObject("Object Repository/Page_VLinkReceipt/pre_STX")): Text of object 'Object Repository/Page_VLinkReceipt/pre_STX' is: '<STX>KbttiGdTqWTy                                      2  Transaction failed                                20 Missing parameter: transaction_type                                                        <ETX>'

2023-02-08 18:29:55 - [MESSAGE][PASSED] - Text of object 'Object Repository/Page_VLinkReceipt/pre_STX' is: '<STX>KbttiGdTqWTy                                      2  Transaction failed                                20 Missing parameter: transaction_type                                                        <ETX>'

2023-02-08 18:29:55 - [TEST_STEP][PASSED] - out.println("sdfo: " + sdfo): null

2023-02-08 18:29:55 - [TEST_STEP][PASSED] - remID = substring(5, 35).trim(): null

2023-02-08 18:29:55 - [TEST_STEP][PASSED] - out.println("Remittance ID: " + remID): null

2023-02-08 18:29:55 - [TEST_STEP][PASSED] - traxID = substring(35, 55).trim(): null

2023-02-08 18:29:55 - [TEST_STEP][PASSED] - out.println("Transaction ID: " + traxID): null

2023-02-08 18:29:55 - [TEST_STEP][PASSED] - out.println("End Record Number: " + row): null

2023-02-08 18:29:55 - [TEST_STEP][PASSED] - closeBrowser(): Browser is closed

2023-02-08 18:29:56 - [MESSAGE][PASSED] - Browser is closed

2023-02-08 18:29:56 - [TEST_STEP][PASSED] - ExecuteTC = findTestData(dataFile).getValue("Execute", row): null

2023-02-08 18:29:56 - [TEST_STEP][PASSED] - out.println("Value of Execute is : " + ExecuteTC): null

2023-02-08 18:29:56 - [TEST_STEP][PASSED] - errorMsg = findTestData(dataFile).getValue("ErrorMsg", row): null

2023-02-08 18:29:56 - [TEST_STEP][PASSED] - if (ExecuteTC.equalsIgnoreCase("Y")): Browser is closed

2023-02-08 18:29:56 - [TEST_STEP][PASSED] - out.println("Begin Record Number: " + row): null

2023-02-08 18:29:56 - [TEST_STEP][PASSED] - today = new java.util.Date(): null

2023-02-08 18:29:56 - [TEST_STEP][PASSED] - println(today): null

2023-02-08 18:29:56 - [TEST_STEP][PASSED] - datText = today: null

2023-02-08 18:29:56 - [TEST_STEP][PASSED] - openBrowser(VLinkURL + "authcap.html"): Browser is opened with url: 'https://dev-algorithm.govolution.com/vlinktest/QA/version_2_0/authcap.html'

2023-02-08 18:29:56 - [MESSAGE][INFO] - Starting 'Chrome' driver

2023-02-08 18:29:56 - [MESSAGE][INFO] - User set preference: ['acceptInsecureCerts', 'true']

2023-02-08 18:29:56 - [MESSAGE][INFO] - Action delay is set to 0 milliseconds

2023-02-08 18:29:58 - [MESSAGE][PASSED] - Browser is opened with url: 'https://dev-algorithm.govolution.com/vlinktest/QA/version_2_0/authcap.html'

2023-02-08 18:29:58 - [TEST_STEP][PASSED] - maximizeWindow(): Current window maximized

2023-02-08 18:29:58 - [MESSAGE][PASSED] - Current window maximized

2023-02-08 18:29:58 - [TEST_STEP][PASSED] - vlinkPages.saleCCPage.setDataSCC(row, dataFile): vlinkPages.saleCCPage.setDataSCC is PASSED

2023-02-08 18:30:02 - [MESSAGE][PASSED] - Object 'Object Repository/VLink/Page_CCSale/txt_CardNumber' is present

2023-02-08 18:30:03 - [MESSAGE][PASSED] - Text '' is set on object 'Object Repository/VLink/Page_CCSale/txt_TransactionType'

2023-02-08 18:30:03 - [MESSAGE][PASSED] - Text '2.0C' is set on object 'Object Repository/VLink/Page_CCSale/txt_MessageVersion'

2023-02-08 18:30:04 - [MESSAGE][PASSED] - Text '2mec6bIPHgVv' is set on object 'Object Repository/VLink/Page_CCSale/txt_RemID'

2023-02-08 18:30:05 - [MESSAGE][PASSED] - Text '234' is set on object 'Object Repository/VLink/Page_CCSale/txt_ApplicationId'

2023-02-08 18:30:05 - [MESSAGE][PASSED] - Text 'username' is set on object 'Object Repository/VLink/Page_CCSale/txt_Username'

2023-02-08 18:30:06 - [MESSAGE][PASSED] - Text 'password' is set on object 'Object Repository/VLink/Page_CCSale/txt_Password'

2023-02-08 18:30:06 - [MESSAGE][PASSED] - Text 'fixed_width' is set on object 'Object Repository/VLink/Page_CCSale/txt_ResponseFormat'

2023-02-08 18:30:07 - [MESSAGE][PASSED] - Text 'MOTO' is set on object 'Object Repository/VLink/Page_CCSale/txt_Category'

2023-02-08 18:30:08 - [MESSAGE][PASSED] - Text '' is set on object 'Object Repository/VLink/Page_CCSale/txt_TransactionID'

2023-02-08 18:30:08 - [MESSAGE][PASSED] - Text '' is set on object 'Object Repository/VLink/Page_CCSale/txt_ApprovalCode'

2023-02-08 18:30:09 - [MESSAGE][PASSED] - Text 'Kris Roshan' is set on object 'Object Repository/VLink/Page_CCSale/txt_CardName'

2023-02-08 18:30:10 - [MESSAGE][PASSED] - Text '258 Elm Road' is set on object 'Object Repository/VLink/Page_CCSale/txt_AL1'

2023-02-08 18:30:10 - [MESSAGE][PASSED] - Text 'Suite 56' is set on object 'Object Repository/VLink/Page_CCSale/txt_AL2'

2023-02-08 18:30:11 - [MESSAGE][PASSED] - Text 'Arlington' is set on object 'Object Repository/VLink/Page_CCSale/txt_CardCity'

2023-02-08 18:30:12 - [MESSAGE][PASSED] - Text 'VA' is set on object 'Object Repository/VLink/Page_CCSale/txt_CardState'

2023-02-08 18:30:12 - [MESSAGE][PASSED] - Text '22201' is set on object 'Object Repository/VLink/Page_CCSale/txt_CardZIP'

2023-02-08 18:30:13 - [MESSAGE][PASSED] - Text '840' is set on object 'Object Repository/VLink/Page_CCSale/txt_CountryID'

2023-02-08 18:30:14 - [MESSAGE][PASSED] - Text '1.50' is set on object 'Object Repository/VLink/Page_CCSale/txt_Amount'

2023-02-08 18:30:14 - [MESSAGE][PASSED] - Text '4111111111111111' is set on object 'Object Repository/VLink/Page_CCSale/txt_CardNumber'

2023-02-08 18:30:15 - [MESSAGE][PASSED] - Text '12' is set on object 'Object Repository/VLink/Page_CCSale/txt_ExpMonth'

2023-02-08 18:30:15 - [MESSAGE][PASSED] - Text '2025' is set on object 'Object Repository/VLink/Page_CCSale/txt_ExpYear'

2023-02-08 18:30:16 - [MESSAGE][PASSED] - Text '' is set on object 'Object Repository/VLink/Page_CCSale/txt_CVV'

2023-02-08 18:30:17 - [MESSAGE][PASSED] - Text '' is set on object 'Object Repository/VLink/Page_CCSale/txt_CVVstate'

2023-02-08 18:30:17 - [MESSAGE][PASSED] - Text '' is set on object 'Object Repository/VLink/Page_CCSale/txt_TrackData'

2023-02-08 18:30:18 - [MESSAGE][PASSED] - Text '' is set on object 'Object Repository/VLink/Page_CCSale/txt_Track1Data'

2023-02-08 18:30:18 - [MESSAGE][PASSED] - Text '' is set on object 'Object Repository/VLink/Page_CCSale/txt_Track2Data'

2023-02-08 18:30:19 - [MESSAGE][PASSED] - Text 'manual' is set on object 'Object Repository/VLink/Page_CCSale/txt_POSEntryMode'

2023-02-08 18:30:20 - [MESSAGE][PASSED] - Text 'iahmed@govolution.com' is set on object 'Object Repository/VLink/Page_CCSale/txt_Email'

2023-02-08 18:30:20 - [MESSAGE][PASSED] - Text '2569362' is set on object 'Object Repository/VLink/Page_CCSale/txt_OrderNumber'

2023-02-08 18:30:21 - [MESSAGE][PASSED] - Text '1.15' is set on object 'Object Repository/VLink/Page_CCSale/txt_TaxAmount'

2023-02-08 18:30:22 - [MESSAGE][PASSED] - Text 'Charge Description' is set on object 'Object Repository/VLink/Page_CCSale/txt_ChargeDescription'

2023-02-08 18:30:22 - [MESSAGE][PASSED] - Text '147357' is set on object 'Object Repository/VLink/Page_CCSale/txt_CAN'

2023-02-08 18:30:23 - [MESSAGE][PASSED] - Text '1' is set on object 'Object Repository/VLink/Page_CCSale/txt_BillPaymentIndicator'

2023-02-08 18:30:23 - [MESSAGE][PASSED] - Text 'UDF Data 1' is set on object 'Object Repository/VLink/Page_CCSale/txt_UDF1'

2023-02-08 18:30:24 - [MESSAGE][PASSED] - Text 'UDF Data 2' is set on object 'Object Repository/VLink/Page_CCSale/txt_UDF2'

2023-02-08 18:30:25 - [MESSAGE][PASSED] - Text 'UDF Data 3' is set on object 'Object Repository/VLink/Page_CCSale/txt_UDF3'

2023-02-08 18:30:25 - [MESSAGE][PASSED] - Text 'UDF Data 4' is set on object 'Object Repository/VLink/Page_CCSale/txt_UDF4'

2023-02-08 18:30:26 - [MESSAGE][PASSED] - Text 'UDF Data 5' is set on object 'Object Repository/VLink/Page_CCSale/txt_UDF5'

2023-02-08 18:30:26 - [MESSAGE][PASSED] - Text 'UDF Data 6' is set on object 'Object Repository/VLink/Page_CCSale/txt_UDF6'

2023-02-08 18:30:27 - [MESSAGE][PASSED] - Text 'UDF Data 7' is set on object 'Object Repository/VLink/Page_CCSale/txt_UDF7'

2023-02-08 18:30:28 - [MESSAGE][PASSED] - Text 'UDF Data 8' is set on object 'Object Repository/VLink/Page_CCSale/txt_UDF8'

2023-02-08 18:30:28 - [MESSAGE][PASSED] - Text 'UDF Data 9' is set on object 'Object Repository/VLink/Page_CCSale/txt_UDF9'

2023-02-08 18:30:29 - [MESSAGE][PASSED] - Text 'UDF Data 10' is set on object 'Object Repository/VLink/Page_CCSale/txt_UDF10'

2023-02-08 18:30:30 - [MESSAGE][PASSED] - Object: 'Object Repository/VLink/Page_CCSale/btn_ProcessVLinkTransaction' is clicked on

2023-02-08 18:30:35 - [MESSAGE][PASSED] - vlinkPages.saleCCPage.setDataSCC is PASSED

2023-02-08 18:30:35 - [TEST_STEP][PASSED] - if (verifyTextPresent(errorMsg, true)): null

2023-02-08 18:30:35 - [MESSAGE][PASSED] - Text 'Missing parameter: transaction_type' is present on page  using regular expression

2023-02-08 18:30:35 - [TEST_STEP][PASSED] - println("Transaction Approved, no errors text is present on the Confirmation page"): null

2023-02-08 18:30:35 - [TEST_STEP][PASSED] - out.println("Pass Record Number: " + row): null

2023-02-08 18:30:35 - [TEST_STEP][PASSED] - resText = "Pass": null

2023-02-08 18:30:35 - [TEST_STEP][PASSED] - pages.WriteExcel.demoKey(resText, datText, resColumn, datCloumn, fileLoc, nameSheet, row): pages.WriteExcel.demoKey is PASSED

2023-02-08 18:30:35 - [MESSAGE][PASSED] - pages.WriteExcel.demoKey is PASSED

2023-02-08 18:30:35 - [TEST_STEP][PASSED] - sdfo = getText(findTestObject("Object Repository/Page_VLinkReceipt/pre_STX")): Text of object 'Object Repository/Page_VLinkReceipt/pre_STX' is: '<STX>2mec6bIPHgVv                                      2  Transaction failed                                20 Missing parameter: transaction_type                                                        <ETX>'

2023-02-08 18:30:35 - [MESSAGE][PASSED] - Text of object 'Object Repository/Page_VLinkReceipt/pre_STX' is: '<STX>2mec6bIPHgVv                                      2  Transaction failed                                20 Missing parameter: transaction_type                                                        <ETX>'

2023-02-08 18:30:35 - [TEST_STEP][PASSED] - out.println("sdfo: " + sdfo): null

2023-02-08 18:30:35 - [TEST_STEP][PASSED] - remID = substring(5, 35).trim(): null

2023-02-08 18:30:35 - [TEST_STEP][PASSED] - out.println("Remittance ID: " + remID): null

2023-02-08 18:30:35 - [TEST_STEP][PASSED] - traxID = substring(35, 55).trim(): null

2023-02-08 18:30:35 - [TEST_STEP][PASSED] - out.println("Transaction ID: " + traxID): null

2023-02-08 18:30:35 - [TEST_STEP][PASSED] - out.println("End Record Number: " + row): null

2023-02-08 18:30:35 - [TEST_STEP][PASSED] - closeBrowser(): Browser is closed

2023-02-08 18:30:36 - [MESSAGE][PASSED] - Browser is closed

2023-02-08 18:30:36 - [TEST_STEP][PASSED] - ExecuteTC = findTestData(dataFile).getValue("Execute", row): null

2023-02-08 18:30:36 - [TEST_STEP][PASSED] - out.println("Value of Execute is : " + ExecuteTC): null

2023-02-08 18:30:36 - [TEST_STEP][PASSED] - errorMsg = findTestData(dataFile).getValue("ErrorMsg", row): null

2023-02-08 18:30:36 - [TEST_STEP][PASSED] - if (ExecuteTC.equalsIgnoreCase("Y")): Browser is closed

2023-02-08 18:30:36 - [TEST_STEP][PASSED] - out.println("Begin Record Number: " + row): null

2023-02-08 18:30:36 - [TEST_STEP][PASSED] - today = new java.util.Date(): null

2023-02-08 18:30:36 - [TEST_STEP][PASSED] - println(today): null

2023-02-08 18:30:36 - [TEST_STEP][PASSED] - datText = today: null

2023-02-08 18:30:36 - [TEST_STEP][PASSED] - openBrowser(VLinkURL + "authcap.html"): Browser is opened with url: 'https://dev-algorithm.govolution.com/vlinktest/QA/version_2_0/authcap.html'

2023-02-08 18:30:36 - [MESSAGE][INFO] - Starting 'Chrome' driver

2023-02-08 18:30:36 - [MESSAGE][INFO] - User set preference: ['acceptInsecureCerts', 'true']

2023-02-08 18:30:36 - [MESSAGE][INFO] - Action delay is set to 0 milliseconds

2023-02-08 18:30:38 - [MESSAGE][PASSED] - Browser is opened with url: 'https://dev-algorithm.govolution.com/vlinktest/QA/version_2_0/authcap.html'

2023-02-08 18:30:38 - [TEST_STEP][PASSED] - maximizeWindow(): Current window maximized

2023-02-08 18:30:38 - [MESSAGE][PASSED] - Current window maximized

2023-02-08 18:30:38 - [TEST_STEP][PASSED] - vlinkPages.saleCCPage.setDataSCC(row, dataFile): vlinkPages.saleCCPage.setDataSCC is PASSED

2023-02-08 18:30:42 - [MESSAGE][PASSED] - Object 'Object Repository/VLink/Page_CCSale/txt_CardNumber' is present

2023-02-08 18:30:43 - [MESSAGE][PASSED] - Text '' is set on object 'Object Repository/VLink/Page_CCSale/txt_TransactionType'

2023-02-08 18:30:44 - [MESSAGE][PASSED] - Text '2.0C' is set on object 'Object Repository/VLink/Page_CCSale/txt_MessageVersion'

2023-02-08 18:30:44 - [MESSAGE][PASSED] - Text 'R3Z1GPPVo480' is set on object 'Object Repository/VLink/Page_CCSale/txt_RemID'

2023-02-08 18:30:45 - [MESSAGE][PASSED] - Text '234' is set on object 'Object Repository/VLink/Page_CCSale/txt_ApplicationId'

2023-02-08 18:30:45 - [MESSAGE][PASSED] - Text 'username' is set on object 'Object Repository/VLink/Page_CCSale/txt_Username'

2023-02-08 18:30:46 - [MESSAGE][PASSED] - Text 'password' is set on object 'Object Repository/VLink/Page_CCSale/txt_Password'

2023-02-08 18:30:47 - [MESSAGE][PASSED] - Text 'fixed_width' is set on object 'Object Repository/VLink/Page_CCSale/txt_ResponseFormat'

2023-02-08 18:30:47 - [MESSAGE][PASSED] - Text 'RETL' is set on object 'Object Repository/VLink/Page_CCSale/txt_Category'

2023-02-08 18:30:48 - [MESSAGE][PASSED] - Text '' is set on object 'Object Repository/VLink/Page_CCSale/txt_TransactionID'

2023-02-08 18:30:49 - [MESSAGE][PASSED] - Text '' is set on object 'Object Repository/VLink/Page_CCSale/txt_ApprovalCode'

2023-02-08 18:30:49 - [MESSAGE][PASSED] - Text 'Kris Roshan' is set on object 'Object Repository/VLink/Page_CCSale/txt_CardName'

2023-02-08 18:30:50 - [MESSAGE][PASSED] - Text '258 Elm Road' is set on object 'Object Repository/VLink/Page_CCSale/txt_AL1'

2023-02-08 18:30:50 - [MESSAGE][PASSED] - Text 'Suite 56' is set on object 'Object Repository/VLink/Page_CCSale/txt_AL2'

2023-02-08 18:30:51 - [MESSAGE][PASSED] - Text 'Arlington' is set on object 'Object Repository/VLink/Page_CCSale/txt_CardCity'

2023-02-08 18:30:52 - [MESSAGE][PASSED] - Text 'VA' is set on object 'Object Repository/VLink/Page_CCSale/txt_CardState'

2023-02-08 18:30:52 - [MESSAGE][PASSED] - Text '22201' is set on object 'Object Repository/VLink/Page_CCSale/txt_CardZIP'

2023-02-08 18:30:53 - [MESSAGE][PASSED] - Text '840' is set on object 'Object Repository/VLink/Page_CCSale/txt_CountryID'

2023-02-08 18:30:54 - [MESSAGE][PASSED] - Text '1.50' is set on object 'Object Repository/VLink/Page_CCSale/txt_Amount'

2023-02-08 18:30:54 - [MESSAGE][PASSED] - Text '4111111111111111' is set on object 'Object Repository/VLink/Page_CCSale/txt_CardNumber'

2023-02-08 18:30:55 - [MESSAGE][PASSED] - Text '12' is set on object 'Object Repository/VLink/Page_CCSale/txt_ExpMonth'

2023-02-08 18:30:56 - [MESSAGE][PASSED] - Text '2025' is set on object 'Object Repository/VLink/Page_CCSale/txt_ExpYear'

2023-02-08 18:30:56 - [MESSAGE][PASSED] - Text '' is set on object 'Object Repository/VLink/Page_CCSale/txt_CVV'

2023-02-08 18:30:57 - [MESSAGE][PASSED] - Text '' is set on object 'Object Repository/VLink/Page_CCSale/txt_CVVstate'

2023-02-08 18:30:58 - [MESSAGE][PASSED] - Text '' is set on object 'Object Repository/VLink/Page_CCSale/txt_TrackData'

2023-02-08 18:30:58 - [MESSAGE][PASSED] - Text '' is set on object 'Object Repository/VLink/Page_CCSale/txt_Track1Data'

2023-02-08 18:30:59 - [MESSAGE][PASSED] - Text '' is set on object 'Object Repository/VLink/Page_CCSale/txt_Track2Data'

2023-02-08 18:30:59 - [MESSAGE][PASSED] - Text 'manual' is set on object 'Object Repository/VLink/Page_CCSale/txt_POSEntryMode'

2023-02-08 18:31:00 - [MESSAGE][PASSED] - Text 'iahmed@govolution.com' is set on object 'Object Repository/VLink/Page_CCSale/txt_Email'

2023-02-08 18:31:01 - [MESSAGE][PASSED] - Text '2569362' is set on object 'Object Repository/VLink/Page_CCSale/txt_OrderNumber'

2023-02-08 18:31:01 - [MESSAGE][PASSED] - Text '1.15' is set on object 'Object Repository/VLink/Page_CCSale/txt_TaxAmount'

2023-02-08 18:31:02 - [MESSAGE][PASSED] - Text 'Charge Description' is set on object 'Object Repository/VLink/Page_CCSale/txt_ChargeDescription'

2023-02-08 18:31:02 - [MESSAGE][PASSED] - Text '147357' is set on object 'Object Repository/VLink/Page_CCSale/txt_CAN'

2023-02-08 18:31:03 - [MESSAGE][PASSED] - Text '1' is set on object 'Object Repository/VLink/Page_CCSale/txt_BillPaymentIndicator'

2023-02-08 18:31:04 - [MESSAGE][PASSED] - Text 'UDF Data 1' is set on object 'Object Repository/VLink/Page_CCSale/txt_UDF1'

2023-02-08 18:31:04 - [MESSAGE][PASSED] - Text 'UDF Data 2' is set on object 'Object Repository/VLink/Page_CCSale/txt_UDF2'

2023-02-08 18:31:05 - [MESSAGE][PASSED] - Text 'UDF Data 3' is set on object 'Object Repository/VLink/Page_CCSale/txt_UDF3'

2023-02-08 18:31:05 - [MESSAGE][PASSED] - Text 'UDF Data 4' is set on object 'Object Repository/VLink/Page_CCSale/txt_UDF4'

2023-02-08 18:31:06 - [MESSAGE][PASSED] - Text 'UDF Data 5' is set on object 'Object Repository/VLink/Page_CCSale/txt_UDF5'

2023-02-08 18:31:07 - [MESSAGE][PASSED] - Text 'UDF Data 6' is set on object 'Object Repository/VLink/Page_CCSale/txt_UDF6'

2023-02-08 18:31:07 - [MESSAGE][PASSED] - Text 'UDF Data 7' is set on object 'Object Repository/VLink/Page_CCSale/txt_UDF7'

2023-02-08 18:31:08 - [MESSAGE][PASSED] - Text 'UDF Data 8' is set on object 'Object Repository/VLink/Page_CCSale/txt_UDF8'

2023-02-08 18:31:09 - [MESSAGE][PASSED] - Text 'UDF Data 9' is set on object 'Object Repository/VLink/Page_CCSale/txt_UDF9'

2023-02-08 18:31:09 - [MESSAGE][PASSED] - Text 'UDF Data 10' is set on object 'Object Repository/VLink/Page_CCSale/txt_UDF10'

2023-02-08 18:31:10 - [MESSAGE][PASSED] - Object: 'Object Repository/VLink/Page_CCSale/btn_ProcessVLinkTransaction' is clicked on

2023-02-08 18:31:15 - [MESSAGE][PASSED] - vlinkPages.saleCCPage.setDataSCC is PASSED

2023-02-08 18:31:15 - [TEST_STEP][PASSED] - if (verifyTextPresent(errorMsg, true)): null

2023-02-08 18:31:15 - [MESSAGE][PASSED] - Text 'Missing parameter: transaction_type' is present on page  using regular expression

2023-02-08 18:31:15 - [TEST_STEP][PASSED] - println("Transaction Approved, no errors text is present on the Confirmation page"): null

2023-02-08 18:31:15 - [TEST_STEP][PASSED] - out.println("Pass Record Number: " + row): null

2023-02-08 18:31:15 - [TEST_STEP][PASSED] - resText = "Pass": null

2023-02-08 18:31:15 - [TEST_STEP][PASSED] - pages.WriteExcel.demoKey(resText, datText, resColumn, datCloumn, fileLoc, nameSheet, row): pages.WriteExcel.demoKey is PASSED

2023-02-08 18:31:15 - [MESSAGE][PASSED] - pages.WriteExcel.demoKey is PASSED

2023-02-08 18:31:15 - [TEST_STEP][PASSED] - sdfo = getText(findTestObject("Object Repository/Page_VLinkReceipt/pre_STX")): Text of object 'Object Repository/Page_VLinkReceipt/pre_STX' is: '<STX>R3Z1GPPVo480                                      2  Transaction failed                                20 Missing parameter: transaction_type                                                        <ETX>'

2023-02-08 18:31:16 - [MESSAGE][PASSED] - Text of object 'Object Repository/Page_VLinkReceipt/pre_STX' is: '<STX>R3Z1GPPVo480                                      2  Transaction failed                                20 Missing parameter: transaction_type                                                        <ETX>'

2023-02-08 18:31:16 - [TEST_STEP][PASSED] - out.println("sdfo: " + sdfo): null

2023-02-08 18:31:16 - [TEST_STEP][PASSED] - remID = substring(5, 35).trim(): null

2023-02-08 18:31:16 - [TEST_STEP][PASSED] - out.println("Remittance ID: " + remID): null

2023-02-08 18:31:16 - [TEST_STEP][PASSED] - traxID = substring(35, 55).trim(): null

2023-02-08 18:31:16 - [TEST_STEP][PASSED] - out.println("Transaction ID: " + traxID): null

2023-02-08 18:31:16 - [TEST_STEP][PASSED] - out.println("End Record Number: " + row): null

2023-02-08 18:31:16 - [TEST_STEP][PASSED] - closeBrowser(): Browser is closed

2023-02-08 18:31:17 - [MESSAGE][PASSED] - Browser is closed

2023-02-08 18:31:17 - [TEST_STEP][PASSED] - ExecuteTC = findTestData(dataFile).getValue("Execute", row): null

2023-02-08 18:31:17 - [TEST_STEP][PASSED] - out.println("Value of Execute is : " + ExecuteTC): null

2023-02-08 18:31:17 - [TEST_STEP][PASSED] - errorMsg = findTestData(dataFile).getValue("ErrorMsg", row): null

2023-02-08 18:31:17 - [TEST_STEP][PASSED] - if (ExecuteTC.equalsIgnoreCase("Y")): Browser is closed

2023-02-08 18:31:17 - [TEST_STEP][PASSED] - out.println("Begin Record Number: " + row): null

2023-02-08 18:31:17 - [TEST_STEP][PASSED] - today = new java.util.Date(): null

2023-02-08 18:31:17 - [TEST_STEP][PASSED] - println(today): null

2023-02-08 18:31:17 - [TEST_STEP][PASSED] - datText = today: null

2023-02-08 18:31:17 - [TEST_STEP][PASSED] - openBrowser(VLinkURL + "authcap.html"): Browser is opened with url: 'https://dev-algorithm.govolution.com/vlinktest/QA/version_2_0/authcap.html'

2023-02-08 18:31:17 - [MESSAGE][INFO] - Starting 'Chrome' driver

2023-02-08 18:31:17 - [MESSAGE][INFO] - User set preference: ['acceptInsecureCerts', 'true']

2023-02-08 18:31:17 - [MESSAGE][INFO] - Action delay is set to 0 milliseconds

2023-02-08 18:31:19 - [MESSAGE][PASSED] - Browser is opened with url: 'https://dev-algorithm.govolution.com/vlinktest/QA/version_2_0/authcap.html'

2023-02-08 18:31:19 - [TEST_STEP][PASSED] - maximizeWindow(): Current window maximized

2023-02-08 18:31:19 - [MESSAGE][PASSED] - Current window maximized

2023-02-08 18:31:19 - [TEST_STEP][PASSED] - vlinkPages.saleCCPage.setDataSCC(row, dataFile): vlinkPages.saleCCPage.setDataSCC is PASSED

2023-02-08 18:31:23 - [MESSAGE][PASSED] - Object 'Object Repository/VLink/Page_CCSale/txt_CardNumber' is present

2023-02-08 18:31:23 - [MESSAGE][PASSED] - Text '104' is set on object 'Object Repository/VLink/Page_CCSale/txt_TransactionType'

2023-02-08 18:31:24 - [MESSAGE][PASSED] - Text '' is set on object 'Object Repository/VLink/Page_CCSale/txt_MessageVersion'

2023-02-08 18:31:24 - [MESSAGE][PASSED] - Text 'DkGeqc1704tl' is set on object 'Object Repository/VLink/Page_CCSale/txt_RemID'

2023-02-08 18:31:25 - [MESSAGE][PASSED] - Text '234' is set on object 'Object Repository/VLink/Page_CCSale/txt_ApplicationId'

2023-02-08 18:31:26 - [MESSAGE][PASSED] - Text 'username' is set on object 'Object Repository/VLink/Page_CCSale/txt_Username'

2023-02-08 18:31:26 - [MESSAGE][PASSED] - Text 'password' is set on object 'Object Repository/VLink/Page_CCSale/txt_Password'

2023-02-08 18:31:27 - [MESSAGE][PASSED] - Text 'fixed_width' is set on object 'Object Repository/VLink/Page_CCSale/txt_ResponseFormat'

2023-02-08 18:31:28 - [MESSAGE][PASSED] - Text 'ECOM' is set on object 'Object Repository/VLink/Page_CCSale/txt_Category'

2023-02-08 18:31:28 - [MESSAGE][PASSED] - Text '' is set on object 'Object Repository/VLink/Page_CCSale/txt_TransactionID'

2023-02-08 18:31:29 - [MESSAGE][PASSED] - Text '' is set on object 'Object Repository/VLink/Page_CCSale/txt_ApprovalCode'

2023-02-08 18:31:29 - [MESSAGE][PASSED] - Text 'Kris Roshan' is set on object 'Object Repository/VLink/Page_CCSale/txt_CardName'

2023-02-08 18:31:30 - [MESSAGE][PASSED] - Text '258 Elm Road' is set on object 'Object Repository/VLink/Page_CCSale/txt_AL1'

2023-02-08 18:31:31 - [MESSAGE][PASSED] - Text 'Suite 56' is set on object 'Object Repository/VLink/Page_CCSale/txt_AL2'

2023-02-08 18:31:31 - [MESSAGE][PASSED] - Text 'Arlington' is set on object 'Object Repository/VLink/Page_CCSale/txt_CardCity'

2023-02-08 18:31:32 - [MESSAGE][PASSED] - Text 'VA' is set on object 'Object Repository/VLink/Page_CCSale/txt_CardState'

2023-02-08 18:31:33 - [MESSAGE][PASSED] - Text '22201' is set on object 'Object Repository/VLink/Page_CCSale/txt_CardZIP'

2023-02-08 18:31:33 - [MESSAGE][PASSED] - Text '840' is set on object 'Object Repository/VLink/Page_CCSale/txt_CountryID'

2023-02-08 18:31:34 - [MESSAGE][PASSED] - Text '1.50' is set on object 'Object Repository/VLink/Page_CCSale/txt_Amount'

2023-02-08 18:31:35 - [MESSAGE][PASSED] - Text '4111111111111111' is set on object 'Object Repository/VLink/Page_CCSale/txt_CardNumber'

2023-02-08 18:31:35 - [MESSAGE][PASSED] - Text '12' is set on object 'Object Repository/VLink/Page_CCSale/txt_ExpMonth'

2023-02-08 18:31:36 - [MESSAGE][PASSED] - Text '2025' is set on object 'Object Repository/VLink/Page_CCSale/txt_ExpYear'

2023-02-08 18:31:37 - [MESSAGE][PASSED] - Text '' is set on object 'Object Repository/VLink/Page_CCSale/txt_CVV'

2023-02-08 18:31:37 - [MESSAGE][PASSED] - Text '' is set on object 'Object Repository/VLink/Page_CCSale/txt_CVVstate'

2023-02-08 18:31:38 - [MESSAGE][PASSED] - Text '' is set on object 'Object Repository/VLink/Page_CCSale/txt_TrackData'

2023-02-08 18:31:38 - [MESSAGE][PASSED] - Text '' is set on object 'Object Repository/VLink/Page_CCSale/txt_Track1Data'

2023-02-08 18:31:39 - [MESSAGE][PASSED] - Text '' is set on object 'Object Repository/VLink/Page_CCSale/txt_Track2Data'

2023-02-08 18:31:40 - [MESSAGE][PASSED] - Text 'manual' is set on object 'Object Repository/VLink/Page_CCSale/txt_POSEntryMode'

2023-02-08 18:31:40 - [MESSAGE][PASSED] - Text 'iahmed@govolution.com' is set on object 'Object Repository/VLink/Page_CCSale/txt_Email'

2023-02-08 18:31:41 - [MESSAGE][PASSED] - Text '2569362' is set on object 'Object Repository/VLink/Page_CCSale/txt_OrderNumber'

2023-02-08 18:31:41 - [MESSAGE][PASSED] - Text '1.15' is set on object 'Object Repository/VLink/Page_CCSale/txt_TaxAmount'

2023-02-08 18:31:42 - [MESSAGE][PASSED] - Text 'Charge Description' is set on object 'Object Repository/VLink/Page_CCSale/txt_ChargeDescription'

2023-02-08 18:31:43 - [MESSAGE][PASSED] - Text '147357' is set on object 'Object Repository/VLink/Page_CCSale/txt_CAN'

2023-02-08 18:31:43 - [MESSAGE][PASSED] - Text '1' is set on object 'Object Repository/VLink/Page_CCSale/txt_BillPaymentIndicator'

2023-02-08 18:31:44 - [MESSAGE][PASSED] - Text 'UDF Data 1' is set on object 'Object Repository/VLink/Page_CCSale/txt_UDF1'

2023-02-08 18:31:44 - [MESSAGE][PASSED] - Text 'UDF Data 2' is set on object 'Object Repository/VLink/Page_CCSale/txt_UDF2'

2023-02-08 18:31:45 - [MESSAGE][PASSED] - Text 'UDF Data 3' is set on object 'Object Repository/VLink/Page_CCSale/txt_UDF3'

2023-02-08 18:31:46 - [MESSAGE][PASSED] - Text 'UDF Data 4' is set on object 'Object Repository/VLink/Page_CCSale/txt_UDF4'

2023-02-08 18:31:46 - [MESSAGE][PASSED] - Text 'UDF Data 5' is set on object 'Object Repository/VLink/Page_CCSale/txt_UDF5'

2023-02-08 18:31:47 - [MESSAGE][PASSED] - Text 'UDF Data 6' is set on object 'Object Repository/VLink/Page_CCSale/txt_UDF6'

2023-02-08 18:31:48 - [MESSAGE][PASSED] - Text 'UDF Data 7' is set on object 'Object Repository/VLink/Page_CCSale/txt_UDF7'

2023-02-08 18:31:48 - [MESSAGE][PASSED] - Text 'UDF Data 8' is set on object 'Object Repository/VLink/Page_CCSale/txt_UDF8'

2023-02-08 18:31:49 - [MESSAGE][PASSED] - Text 'UDF Data 9' is set on object 'Object Repository/VLink/Page_CCSale/txt_UDF9'

2023-02-08 18:31:49 - [MESSAGE][PASSED] - Text 'UDF Data 10' is set on object 'Object Repository/VLink/Page_CCSale/txt_UDF10'

2023-02-08 18:31:50 - [MESSAGE][PASSED] - Object: 'Object Repository/VLink/Page_CCSale/btn_ProcessVLinkTransaction' is clicked on

2023-02-08 18:31:55 - [MESSAGE][PASSED] - vlinkPages.saleCCPage.setDataSCC is PASSED

2023-02-08 18:31:55 - [TEST_STEP][PASSED] - if (verifyTextPresent(errorMsg, true)): null

2023-02-08 18:31:55 - [MESSAGE][PASSED] - Text 'Missing parameter: message_version' is present on page  using regular expression

2023-02-08 18:31:55 - [TEST_STEP][PASSED] - println("Transaction Approved, no errors text is present on the Confirmation page"): null

2023-02-08 18:31:55 - [TEST_STEP][PASSED] - out.println("Pass Record Number: " + row): null

2023-02-08 18:31:55 - [TEST_STEP][PASSED] - resText = "Pass": null

2023-02-08 18:31:55 - [TEST_STEP][PASSED] - pages.WriteExcel.demoKey(resText, datText, resColumn, datCloumn, fileLoc, nameSheet, row): pages.WriteExcel.demoKey is PASSED

2023-02-08 18:31:56 - [MESSAGE][PASSED] - pages.WriteExcel.demoKey is PASSED

2023-02-08 18:31:56 - [TEST_STEP][PASSED] - sdfo = getText(findTestObject("Object Repository/Page_VLinkReceipt/pre_STX")): Text of object 'Object Repository/Page_VLinkReceipt/pre_STX' is: '<STX>DkGeqc1704tl                                      2  Transaction failed                                20 Missing parameter: message_version                                                      <ETX>'

2023-02-08 18:31:56 - [MESSAGE][PASSED] - Text of object 'Object Repository/Page_VLinkReceipt/pre_STX' is: '<STX>DkGeqc1704tl                                      2  Transaction failed                                20 Missing parameter: message_version                                                      <ETX>'

2023-02-08 18:31:56 - [TEST_STEP][PASSED] - out.println("sdfo: " + sdfo): null

2023-02-08 18:31:56 - [TEST_STEP][PASSED] - remID = substring(5, 35).trim(): null

2023-02-08 18:31:56 - [TEST_STEP][PASSED] - out.println("Remittance ID: " + remID): null

2023-02-08 18:31:56 - [TEST_STEP][PASSED] - traxID = substring(35, 55).trim(): null

2023-02-08 18:31:56 - [TEST_STEP][PASSED] - out.println("Transaction ID: " + traxID): null

2023-02-08 18:31:56 - [TEST_STEP][PASSED] - out.println("End Record Number: " + row): null

2023-02-08 18:31:56 - [TEST_STEP][PASSED] - closeBrowser(): Browser is closed

2023-02-08 18:31:57 - [MESSAGE][PASSED] - Browser is closed

2023-02-08 18:31:57 - [TEST_STEP][PASSED] - ExecuteTC = findTestData(dataFile).getValue("Execute", row): null

2023-02-08 18:31:57 - [TEST_STEP][PASSED] - out.println("Value of Execute is : " + ExecuteTC): null

2023-02-08 18:31:57 - [TEST_STEP][PASSED] - errorMsg = findTestData(dataFile).getValue("ErrorMsg", row): null

2023-02-08 18:31:57 - [TEST_STEP][PASSED] - if (ExecuteTC.equalsIgnoreCase("Y")): Browser is closed

2023-02-08 18:31:57 - [TEST_STEP][PASSED] - out.println("Begin Record Number: " + row): null

2023-02-08 18:31:57 - [TEST_STEP][PASSED] - today = new java.util.Date(): null

2023-02-08 18:31:57 - [TEST_STEP][PASSED] - println(today): null

2023-02-08 18:31:57 - [TEST_STEP][PASSED] - datText = today: null

2023-02-08 18:31:57 - [TEST_STEP][PASSED] - openBrowser(VLinkURL + "authcap.html"): Browser is opened with url: 'https://dev-algorithm.govolution.com/vlinktest/QA/version_2_0/authcap.html'

2023-02-08 18:31:57 - [MESSAGE][INFO] - Starting 'Chrome' driver

2023-02-08 18:31:57 - [MESSAGE][INFO] - User set preference: ['acceptInsecureCerts', 'true']

2023-02-08 18:31:57 - [MESSAGE][INFO] - Action delay is set to 0 milliseconds

2023-02-08 18:31:59 - [MESSAGE][PASSED] - Browser is opened with url: 'https://dev-algorithm.govolution.com/vlinktest/QA/version_2_0/authcap.html'

2023-02-08 18:31:59 - [TEST_STEP][PASSED] - maximizeWindow(): Current window maximized

2023-02-08 18:31:59 - [MESSAGE][PASSED] - Current window maximized

2023-02-08 18:31:59 - [TEST_STEP][PASSED] - vlinkPages.saleCCPage.setDataSCC(row, dataFile): vlinkPages.saleCCPage.setDataSCC is PASSED

2023-02-08 18:32:03 - [MESSAGE][PASSED] - Object 'Object Repository/VLink/Page_CCSale/txt_CardNumber' is present

2023-02-08 18:32:03 - [MESSAGE][PASSED] - Text '104' is set on object 'Object Repository/VLink/Page_CCSale/txt_TransactionType'

2023-02-08 18:32:04 - [MESSAGE][PASSED] - Text '' is set on object 'Object Repository/VLink/Page_CCSale/txt_MessageVersion'

2023-02-08 18:32:05 - [MESSAGE][PASSED] - Text 'zNcsD4YopUKR' is set on object 'Object Repository/VLink/Page_CCSale/txt_RemID'

2023-02-08 18:32:05 - [MESSAGE][PASSED] - Text '234' is set on object 'Object Repository/VLink/Page_CCSale/txt_ApplicationId'

2023-02-08 18:32:06 - [MESSAGE][PASSED] - Text 'username' is set on object 'Object Repository/VLink/Page_CCSale/txt_Username'

2023-02-08 18:32:07 - [MESSAGE][PASSED] - Text 'password' is set on object 'Object Repository/VLink/Page_CCSale/txt_Password'

2023-02-08 18:32:07 - [MESSAGE][PASSED] - Text 'fixed_width' is set on object 'Object Repository/VLink/Page_CCSale/txt_ResponseFormat'

2023-02-08 18:32:08 - [MESSAGE][PASSED] - Text 'MOTO' is set on object 'Object Repository/VLink/Page_CCSale/txt_Category'

2023-02-08 18:32:09 - [MESSAGE][PASSED] - Text '' is set on object 'Object Repository/VLink/Page_CCSale/txt_TransactionID'

2023-02-08 18:32:09 - [MESSAGE][PASSED] - Text '' is set on object 'Object Repository/VLink/Page_CCSale/txt_ApprovalCode'

2023-02-08 18:32:10 - [MESSAGE][PASSED] - Text 'Kris Roshan' is set on object 'Object Repository/VLink/Page_CCSale/txt_CardName'

2023-02-08 18:32:10 - [MESSAGE][PASSED] - Text '258 Elm Road' is set on object 'Object Repository/VLink/Page_CCSale/txt_AL1'

2023-02-08 18:32:11 - [MESSAGE][PASSED] - Text 'Suite 56' is set on object 'Object Repository/VLink/Page_CCSale/txt_AL2'

2023-02-08 18:32:12 - [MESSAGE][PASSED] - Text 'Arlington' is set on object 'Object Repository/VLink/Page_CCSale/txt_CardCity'

2023-02-08 18:32:12 - [MESSAGE][PASSED] - Text 'VA' is set on object 'Object Repository/VLink/Page_CCSale/txt_CardState'

2023-02-08 18:32:13 - [MESSAGE][PASSED] - Text '22201' is set on object 'Object Repository/VLink/Page_CCSale/txt_CardZIP'

2023-02-08 18:32:14 - [MESSAGE][PASSED] - Text '840' is set on object 'Object Repository/VLink/Page_CCSale/txt_CountryID'

2023-02-08 18:32:14 - [MESSAGE][PASSED] - Text '1.50' is set on object 'Object Repository/VLink/Page_CCSale/txt_Amount'

2023-02-08 18:32:15 - [MESSAGE][PASSED] - Text '4111111111111111' is set on object 'Object Repository/VLink/Page_CCSale/txt_CardNumber'

2023-02-08 18:32:16 - [MESSAGE][PASSED] - Text '12' is set on object 'Object Repository/VLink/Page_CCSale/txt_ExpMonth'

2023-02-08 18:32:16 - [MESSAGE][PASSED] - Text '2025' is set on object 'Object Repository/VLink/Page_CCSale/txt_ExpYear'

2023-02-08 18:32:17 - [MESSAGE][PASSED] - Text '' is set on object 'Object Repository/VLink/Page_CCSale/txt_CVV'

2023-02-08 18:32:17 - [MESSAGE][PASSED] - Text '' is set on object 'Object Repository/VLink/Page_CCSale/txt_CVVstate'

2023-02-08 18:32:18 - [MESSAGE][PASSED] - Text '' is set on object 'Object Repository/VLink/Page_CCSale/txt_TrackData'

2023-02-08 18:32:19 - [MESSAGE][PASSED] - Text '' is set on object 'Object Repository/VLink/Page_CCSale/txt_Track1Data'

2023-02-08 18:32:19 - [MESSAGE][PASSED] - Text '' is set on object 'Object Repository/VLink/Page_CCSale/txt_Track2Data'

2023-02-08 18:32:20 - [MESSAGE][PASSED] - Text 'manual' is set on object 'Object Repository/VLink/Page_CCSale/txt_POSEntryMode'

2023-02-08 18:32:20 - [MESSAGE][PASSED] - Text 'iahmed@govolution.com' is set on object 'Object Repository/VLink/Page_CCSale/txt_Email'

2023-02-08 18:32:21 - [MESSAGE][PASSED] - Text '2569362' is set on object 'Object Repository/VLink/Page_CCSale/txt_OrderNumber'

2023-02-08 18:32:22 - [MESSAGE][PASSED] - Text '1.15' is set on object 'Object Repository/VLink/Page_CCSale/txt_TaxAmount'

2023-02-08 18:32:22 - [MESSAGE][PASSED] - Text 'Charge Description' is set on object 'Object Repository/VLink/Page_CCSale/txt_ChargeDescription'

2023-02-08 18:32:23 - [MESSAGE][PASSED] - Text '147357' is set on object 'Object Repository/VLink/Page_CCSale/txt_CAN'

2023-02-08 18:32:24 - [MESSAGE][PASSED] - Text '1' is set on object 'Object Repository/VLink/Page_CCSale/txt_BillPaymentIndicator'

2023-02-08 18:32:24 - [MESSAGE][PASSED] - Text 'UDF Data 1' is set on object 'Object Repository/VLink/Page_CCSale/txt_UDF1'

2023-02-08 18:32:25 - [MESSAGE][PASSED] - Text 'UDF Data 2' is set on object 'Object Repository/VLink/Page_CCSale/txt_UDF2'

2023-02-08 18:32:25 - [MESSAGE][PASSED] - Text 'UDF Data 3' is set on object 'Object Repository/VLink/Page_CCSale/txt_UDF3'

2023-02-08 18:32:26 - [MESSAGE][PASSED] - Text 'UDF Data 4' is set on object 'Object Repository/VLink/Page_CCSale/txt_UDF4'

2023-02-08 18:32:27 - [MESSAGE][PASSED] - Text 'UDF Data 5' is set on object 'Object Repository/VLink/Page_CCSale/txt_UDF5'

2023-02-08 18:32:27 - [MESSAGE][PASSED] - Text 'UDF Data 6' is set on object 'Object Repository/VLink/Page_CCSale/txt_UDF6'

2023-02-08 18:32:28 - [MESSAGE][PASSED] - Text 'UDF Data 7' is set on object 'Object Repository/VLink/Page_CCSale/txt_UDF7'

2023-02-08 18:32:29 - [MESSAGE][PASSED] - Text 'UDF Data 8' is set on object 'Object Repository/VLink/Page_CCSale/txt_UDF8'

2023-02-08 18:32:29 - [MESSAGE][PASSED] - Text 'UDF Data 9' is set on object 'Object Repository/VLink/Page_CCSale/txt_UDF9'

2023-02-08 18:32:30 - [MESSAGE][PASSED] - Text 'UDF Data 10' is set on object 'Object Repository/VLink/Page_CCSale/txt_UDF10'

2023-02-08 18:32:30 - [MESSAGE][PASSED] - Object: 'Object Repository/VLink/Page_CCSale/btn_ProcessVLinkTransaction' is clicked on

2023-02-08 18:32:35 - [MESSAGE][PASSED] - vlinkPages.saleCCPage.setDataSCC is PASSED

2023-02-08 18:32:35 - [TEST_STEP][PASSED] - if (verifyTextPresent(errorMsg, true)): null

2023-02-08 18:32:36 - [MESSAGE][PASSED] - Text 'Missing parameter: message_version' is present on page  using regular expression

2023-02-08 18:32:36 - [TEST_STEP][PASSED] - println("Transaction Approved, no errors text is present on the Confirmation page"): null

2023-02-08 18:32:36 - [TEST_STEP][PASSED] - out.println("Pass Record Number: " + row): null

2023-02-08 18:32:36 - [TEST_STEP][PASSED] - resText = "Pass": null

2023-02-08 18:32:36 - [TEST_STEP][PASSED] - pages.WriteExcel.demoKey(resText, datText, resColumn, datCloumn, fileLoc, nameSheet, row): pages.WriteExcel.demoKey is PASSED

2023-02-08 18:32:36 - [MESSAGE][PASSED] - pages.WriteExcel.demoKey is PASSED

2023-02-08 18:32:36 - [TEST_STEP][PASSED] - sdfo = getText(findTestObject("Object Repository/Page_VLinkReceipt/pre_STX")): Text of object 'Object Repository/Page_VLinkReceipt/pre_STX' is: '<STX>zNcsD4YopUKR                                      2  Transaction failed                                20 Missing parameter: message_version                                                      <ETX>'

2023-02-08 18:32:36 - [MESSAGE][PASSED] - Text of object 'Object Repository/Page_VLinkReceipt/pre_STX' is: '<STX>zNcsD4YopUKR                                      2  Transaction failed                                20 Missing parameter: message_version                                                      <ETX>'

2023-02-08 18:32:36 - [TEST_STEP][PASSED] - out.println("sdfo: " + sdfo): null

2023-02-08 18:32:36 - [TEST_STEP][PASSED] - remID = substring(5, 35).trim(): null

2023-02-08 18:32:36 - [TEST_STEP][PASSED] - out.println("Remittance ID: " + remID): null

2023-02-08 18:32:36 - [TEST_STEP][PASSED] - traxID = substring(35, 55).trim(): null

2023-02-08 18:32:36 - [TEST_STEP][PASSED] - out.println("Transaction ID: " + traxID): null

2023-02-08 18:32:36 - [TEST_STEP][PASSED] - out.println("End Record Number: " + row): null

2023-02-08 18:32:36 - [TEST_STEP][PASSED] - closeBrowser(): Browser is closed

2023-02-08 18:32:37 - [MESSAGE][PASSED] - Browser is closed

2023-02-08 18:32:37 - [TEST_STEP][PASSED] - ExecuteTC = findTestData(dataFile).getValue("Execute", row): null

2023-02-08 18:32:37 - [TEST_STEP][PASSED] - out.println("Value of Execute is : " + ExecuteTC): null

2023-02-08 18:32:37 - [TEST_STEP][PASSED] - errorMsg = findTestData(dataFile).getValue("ErrorMsg", row): null

2023-02-08 18:32:37 - [TEST_STEP][PASSED] - if (ExecuteTC.equalsIgnoreCase("Y")): Browser is closed

2023-02-08 18:32:37 - [TEST_STEP][PASSED] - out.println("Begin Record Number: " + row): null

2023-02-08 18:32:37 - [TEST_STEP][PASSED] - today = new java.util.Date(): null

2023-02-08 18:32:37 - [TEST_STEP][PASSED] - println(today): null

2023-02-08 18:32:37 - [TEST_STEP][PASSED] - datText = today: null

2023-02-08 18:32:37 - [TEST_STEP][PASSED] - openBrowser(VLinkURL + "authcap.html"): Browser is opened with url: 'https://dev-algorithm.govolution.com/vlinktest/QA/version_2_0/authcap.html'

2023-02-08 18:32:37 - [MESSAGE][INFO] - Starting 'Chrome' driver

2023-02-08 18:32:37 - [MESSAGE][INFO] - User set preference: ['acceptInsecureCerts', 'true']

2023-02-08 18:32:37 - [MESSAGE][INFO] - Action delay is set to 0 milliseconds

2023-02-08 18:32:39 - [MESSAGE][PASSED] - Browser is opened with url: 'https://dev-algorithm.govolution.com/vlinktest/QA/version_2_0/authcap.html'

2023-02-08 18:32:39 - [TEST_STEP][PASSED] - maximizeWindow(): Current window maximized

2023-02-08 18:32:39 - [MESSAGE][PASSED] - Current window maximized

2023-02-08 18:32:39 - [TEST_STEP][PASSED] - vlinkPages.saleCCPage.setDataSCC(row, dataFile): vlinkPages.saleCCPage.setDataSCC is PASSED

2023-02-08 18:32:43 - [MESSAGE][PASSED] - Object 'Object Repository/VLink/Page_CCSale/txt_CardNumber' is present

2023-02-08 18:32:44 - [MESSAGE][PASSED] - Text '104' is set on object 'Object Repository/VLink/Page_CCSale/txt_TransactionType'

2023-02-08 18:32:45 - [MESSAGE][PASSED] - Text '' is set on object 'Object Repository/VLink/Page_CCSale/txt_MessageVersion'

2023-02-08 18:32:45 - [MESSAGE][PASSED] - Text 'UE5QC8LNlWqP' is set on object 'Object Repository/VLink/Page_CCSale/txt_RemID'

2023-02-08 18:32:46 - [MESSAGE][PASSED] - Text '234' is set on object 'Object Repository/VLink/Page_CCSale/txt_ApplicationId'

2023-02-08 18:32:46 - [MESSAGE][PASSED] - Text 'username' is set on object 'Object Repository/VLink/Page_CCSale/txt_Username'

2023-02-08 18:32:47 - [MESSAGE][PASSED] - Text 'password' is set on object 'Object Repository/VLink/Page_CCSale/txt_Password'

2023-02-08 18:32:48 - [MESSAGE][PASSED] - Text 'fixed_width' is set on object 'Object Repository/VLink/Page_CCSale/txt_ResponseFormat'

2023-02-08 18:32:48 - [MESSAGE][PASSED] - Text 'RETL' is set on object 'Object Repository/VLink/Page_CCSale/txt_Category'

2023-02-08 18:32:49 - [MESSAGE][PASSED] - Text '' is set on object 'Object Repository/VLink/Page_CCSale/txt_TransactionID'

2023-02-08 18:32:50 - [MESSAGE][PASSED] - Text '' is set on object 'Object Repository/VLink/Page_CCSale/txt_ApprovalCode'

2023-02-08 18:32:50 - [MESSAGE][PASSED] - Text 'Kris Roshan' is set on object 'Object Repository/VLink/Page_CCSale/txt_CardName'

2023-02-08 18:32:51 - [MESSAGE][PASSED] - Text '258 Elm Road' is set on object 'Object Repository/VLink/Page_CCSale/txt_AL1'

2023-02-08 18:32:51 - [MESSAGE][PASSED] - Text 'Suite 56' is set on object 'Object Repository/VLink/Page_CCSale/txt_AL2'

2023-02-08 18:32:52 - [MESSAGE][PASSED] - Text 'Arlington' is set on object 'Object Repository/VLink/Page_CCSale/txt_CardCity'

2023-02-08 18:32:53 - [MESSAGE][PASSED] - Text 'VA' is set on object 'Object Repository/VLink/Page_CCSale/txt_CardState'

2023-02-08 18:32:53 - [MESSAGE][PASSED] - Text '22201' is set on object 'Object Repository/VLink/Page_CCSale/txt_CardZIP'

2023-02-08 18:32:54 - [MESSAGE][PASSED] - Text '840' is set on object 'Object Repository/VLink/Page_CCSale/txt_CountryID'

2023-02-08 18:32:55 - [MESSAGE][PASSED] - Text '1.50' is set on object 'Object Repository/VLink/Page_CCSale/txt_Amount'

2023-02-08 18:32:55 - [MESSAGE][PASSED] - Text '4111111111111111' is set on object 'Object Repository/VLink/Page_CCSale/txt_CardNumber'

2023-02-08 18:32:56 - [MESSAGE][PASSED] - Text '12' is set on object 'Object Repository/VLink/Page_CCSale/txt_ExpMonth'

2023-02-08 18:32:57 - [MESSAGE][PASSED] - Text '2025' is set on object 'Object Repository/VLink/Page_CCSale/txt_ExpYear'

2023-02-08 18:32:57 - [MESSAGE][PASSED] - Text '' is set on object 'Object Repository/VLink/Page_CCSale/txt_CVV'

2023-02-08 18:32:58 - [MESSAGE][PASSED] - Text '' is set on object 'Object Repository/VLink/Page_CCSale/txt_CVVstate'

2023-02-08 18:32:58 - [MESSAGE][PASSED] - Text '' is set on object 'Object Repository/VLink/Page_CCSale/txt_TrackData'

2023-02-08 18:32:59 - [MESSAGE][PASSED] - Text '' is set on object 'Object Repository/VLink/Page_CCSale/txt_Track1Data'

2023-02-08 18:33:00 - [MESSAGE][PASSED] - Text '' is set on object 'Object Repository/VLink/Page_CCSale/txt_Track2Data'

2023-02-08 18:33:00 - [MESSAGE][PASSED] - Text 'manual' is set on object 'Object Repository/VLink/Page_CCSale/txt_POSEntryMode'

2023-02-08 18:33:01 - [MESSAGE][PASSED] - Text 'iahmed@govolution.com' is set on object 'Object Repository/VLink/Page_CCSale/txt_Email'

2023-02-08 18:33:01 - [MESSAGE][PASSED] - Text '2569362' is set on object 'Object Repository/VLink/Page_CCSale/txt_OrderNumber'

2023-02-08 18:33:02 - [MESSAGE][PASSED] - Text '1.15' is set on object 'Object Repository/VLink/Page_CCSale/txt_TaxAmount'

2023-02-08 18:33:03 - [MESSAGE][PASSED] - Text 'Charge Description' is set on object 'Object Repository/VLink/Page_CCSale/txt_ChargeDescription'

2023-02-08 18:33:03 - [MESSAGE][PASSED] - Text '147357' is set on object 'Object Repository/VLink/Page_CCSale/txt_CAN'

2023-02-08 18:33:04 - [MESSAGE][PASSED] - Text '1' is set on object 'Object Repository/VLink/Page_CCSale/txt_BillPaymentIndicator'

2023-02-08 18:33:05 - [MESSAGE][PASSED] - Text 'UDF Data 1' is set on object 'Object Repository/VLink/Page_CCSale/txt_UDF1'

2023-02-08 18:33:05 - [MESSAGE][PASSED] - Text 'UDF Data 2' is set on object 'Object Repository/VLink/Page_CCSale/txt_UDF2'

2023-02-08 18:33:06 - [MESSAGE][PASSED] - Text 'UDF Data 3' is set on object 'Object Repository/VLink/Page_CCSale/txt_UDF3'

2023-02-08 18:33:06 - [MESSAGE][PASSED] - Text 'UDF Data 4' is set on object 'Object Repository/VLink/Page_CCSale/txt_UDF4'

2023-02-08 18:33:07 - [MESSAGE][PASSED] - Text 'UDF Data 5' is set on object 'Object Repository/VLink/Page_CCSale/txt_UDF5'

2023-02-08 18:33:08 - [MESSAGE][PASSED] - Text 'UDF Data 6' is set on object 'Object Repository/VLink/Page_CCSale/txt_UDF6'

2023-02-08 18:33:08 - [MESSAGE][PASSED] - Text 'UDF Data 7' is set on object 'Object Repository/VLink/Page_CCSale/txt_UDF7'

2023-02-08 18:33:09 - [MESSAGE][PASSED] - Text 'UDF Data 8' is set on object 'Object Repository/VLink/Page_CCSale/txt_UDF8'

2023-02-08 18:33:09 - [MESSAGE][PASSED] - Text 'UDF Data 9' is set on object 'Object Repository/VLink/Page_CCSale/txt_UDF9'

2023-02-08 18:33:10 - [MESSAGE][PASSED] - Text 'UDF Data 10' is set on object 'Object Repository/VLink/Page_CCSale/txt_UDF10'

2023-02-08 18:33:11 - [MESSAGE][PASSED] - Object: 'Object Repository/VLink/Page_CCSale/btn_ProcessVLinkTransaction' is clicked on

2023-02-08 18:33:16 - [MESSAGE][PASSED] - vlinkPages.saleCCPage.setDataSCC is PASSED

2023-02-08 18:33:16 - [TEST_STEP][PASSED] - if (verifyTextPresent(errorMsg, true)): null

2023-02-08 18:33:16 - [MESSAGE][PASSED] - Text 'Missing parameter: message_version' is present on page  using regular expression

2023-02-08 18:33:16 - [TEST_STEP][PASSED] - println("Transaction Approved, no errors text is present on the Confirmation page"): null

2023-02-08 18:33:16 - [TEST_STEP][PASSED] - out.println("Pass Record Number: " + row): null

2023-02-08 18:33:16 - [TEST_STEP][PASSED] - resText = "Pass": null

2023-02-08 18:33:16 - [TEST_STEP][PASSED] - pages.WriteExcel.demoKey(resText, datText, resColumn, datCloumn, fileLoc, nameSheet, row): pages.WriteExcel.demoKey is PASSED

2023-02-08 18:33:16 - [MESSAGE][PASSED] - pages.WriteExcel.demoKey is PASSED

2023-02-08 18:33:16 - [TEST_STEP][PASSED] - sdfo = getText(findTestObject("Object Repository/Page_VLinkReceipt/pre_STX")): Text of object 'Object Repository/Page_VLinkReceipt/pre_STX' is: '<STX>UE5QC8LNlWqP                                      2  Transaction failed                                20 Missing parameter: message_version                                                      <ETX>'

2023-02-08 18:33:16 - [MESSAGE][PASSED] - Text of object 'Object Repository/Page_VLinkReceipt/pre_STX' is: '<STX>UE5QC8LNlWqP                                      2  Transaction failed                                20 Missing parameter: message_version                                                      <ETX>'

2023-02-08 18:33:16 - [TEST_STEP][PASSED] - out.println("sdfo: " + sdfo): null

2023-02-08 18:33:16 - [TEST_STEP][PASSED] - remID = substring(5, 35).trim(): null

2023-02-08 18:33:16 - [TEST_STEP][PASSED] - out.println("Remittance ID: " + remID): null

2023-02-08 18:33:16 - [TEST_STEP][PASSED] - traxID = substring(35, 55).trim(): null

2023-02-08 18:33:16 - [TEST_STEP][PASSED] - out.println("Transaction ID: " + traxID): null

2023-02-08 18:33:16 - [TEST_STEP][PASSED] - out.println("End Record Number: " + row): null

2023-02-08 18:33:16 - [TEST_STEP][PASSED] - closeBrowser(): Browser is closed

2023-02-08 18:33:17 - [MESSAGE][PASSED] - Browser is closed

2023-02-08 18:33:17 - [TEST_STEP][PASSED] - ExecuteTC = findTestData(dataFile).getValue("Execute", row): null

2023-02-08 18:33:17 - [TEST_STEP][PASSED] - out.println("Value of Execute is : " + ExecuteTC): null

2023-02-08 18:33:17 - [TEST_STEP][PASSED] - errorMsg = findTestData(dataFile).getValue("ErrorMsg", row): null

2023-02-08 18:33:18 - [TEST_STEP][PASSED] - if (ExecuteTC.equalsIgnoreCase("Y")): Browser is closed

2023-02-08 18:33:18 - [TEST_STEP][PASSED] - out.println("Begin Record Number: " + row): null

2023-02-08 18:33:18 - [TEST_STEP][PASSED] - today = new java.util.Date(): null

2023-02-08 18:33:18 - [TEST_STEP][PASSED] - println(today): null

2023-02-08 18:33:18 - [TEST_STEP][PASSED] - datText = today: null

2023-02-08 18:33:18 - [TEST_STEP][PASSED] - openBrowser(VLinkURL + "authcap.html"): Browser is opened with url: 'https://dev-algorithm.govolution.com/vlinktest/QA/version_2_0/authcap.html'

2023-02-08 18:33:18 - [MESSAGE][INFO] - Starting 'Chrome' driver

2023-02-08 18:33:18 - [MESSAGE][INFO] - User set preference: ['acceptInsecureCerts', 'true']

2023-02-08 18:33:18 - [MESSAGE][INFO] - Action delay is set to 0 milliseconds

2023-02-08 18:33:19 - [MESSAGE][PASSED] - Browser is opened with url: 'https://dev-algorithm.govolution.com/vlinktest/QA/version_2_0/authcap.html'

2023-02-08 18:33:19 - [TEST_STEP][PASSED] - maximizeWindow(): Current window maximized

2023-02-08 18:33:20 - [MESSAGE][PASSED] - Current window maximized

2023-02-08 18:33:20 - [TEST_STEP][PASSED] - vlinkPages.saleCCPage.setDataSCC(row, dataFile): vlinkPages.saleCCPage.setDataSCC is PASSED

2023-02-08 18:33:23 - [MESSAGE][PASSED] - Object 'Object Repository/VLink/Page_CCSale/txt_CardNumber' is present

2023-02-08 18:33:24 - [MESSAGE][PASSED] - Text '104' is set on object 'Object Repository/VLink/Page_CCSale/txt_TransactionType'

2023-02-08 18:33:25 - [MESSAGE][PASSED] - Text '2.0C' is set on object 'Object Repository/VLink/Page_CCSale/txt_MessageVersion'

2023-02-08 18:33:25 - [MESSAGE][PASSED] - Text 'IMGzBB5bzb5o' is set on object 'Object Repository/VLink/Page_CCSale/txt_RemID'

2023-02-08 18:33:26 - [MESSAGE][PASSED] - Text '' is set on object 'Object Repository/VLink/Page_CCSale/txt_ApplicationId'

2023-02-08 18:33:27 - [MESSAGE][PASSED] - Text 'username' is set on object 'Object Repository/VLink/Page_CCSale/txt_Username'

2023-02-08 18:33:27 - [MESSAGE][PASSED] - Text 'password' is set on object 'Object Repository/VLink/Page_CCSale/txt_Password'

2023-02-08 18:33:28 - [MESSAGE][PASSED] - Text 'fixed_width' is set on object 'Object Repository/VLink/Page_CCSale/txt_ResponseFormat'

2023-02-08 18:33:28 - [MESSAGE][PASSED] - Text 'ECOM' is set on object 'Object Repository/VLink/Page_CCSale/txt_Category'

2023-02-08 18:33:29 - [MESSAGE][PASSED] - Text '' is set on object 'Object Repository/VLink/Page_CCSale/txt_TransactionID'

2023-02-08 18:33:30 - [MESSAGE][PASSED] - Text '' is set on object 'Object Repository/VLink/Page_CCSale/txt_ApprovalCode'

2023-02-08 18:33:30 - [MESSAGE][PASSED] - Text 'Kris Roshan' is set on object 'Object Repository/VLink/Page_CCSale/txt_CardName'

2023-02-08 18:33:31 - [MESSAGE][PASSED] - Text '258 Elm Road' is set on object 'Object Repository/VLink/Page_CCSale/txt_AL1'

2023-02-08 18:33:32 - [MESSAGE][PASSED] - Text 'Suite 56' is set on object 'Object Repository/VLink/Page_CCSale/txt_AL2'

2023-02-08 18:33:32 - [MESSAGE][PASSED] - Text 'Arlington' is set on object 'Object Repository/VLink/Page_CCSale/txt_CardCity'

2023-02-08 18:33:33 - [MESSAGE][PASSED] - Text 'VA' is set on object 'Object Repository/VLink/Page_CCSale/txt_CardState'

2023-02-08 18:33:33 - [MESSAGE][PASSED] - Text '22201' is set on object 'Object Repository/VLink/Page_CCSale/txt_CardZIP'

2023-02-08 18:33:34 - [MESSAGE][PASSED] - Text '840' is set on object 'Object Repository/VLink/Page_CCSale/txt_CountryID'

2023-02-08 18:33:35 - [MESSAGE][PASSED] - Text '1.50' is set on object 'Object Repository/VLink/Page_CCSale/txt_Amount'

2023-02-08 18:33:35 - [MESSAGE][PASSED] - Text '4111111111111111' is set on object 'Object Repository/VLink/Page_CCSale/txt_CardNumber'

2023-02-08 18:33:36 - [MESSAGE][PASSED] - Text '12' is set on object 'Object Repository/VLink/Page_CCSale/txt_ExpMonth'

2023-02-08 18:33:37 - [MESSAGE][PASSED] - Text '2025' is set on object 'Object Repository/VLink/Page_CCSale/txt_ExpYear'

2023-02-08 18:33:37 - [MESSAGE][PASSED] - Text '' is set on object 'Object Repository/VLink/Page_CCSale/txt_CVV'

2023-02-08 18:33:38 - [MESSAGE][PASSED] - Text '' is set on object 'Object Repository/VLink/Page_CCSale/txt_CVVstate'

2023-02-08 18:33:38 - [MESSAGE][PASSED] - Text '' is set on object 'Object Repository/VLink/Page_CCSale/txt_TrackData'

2023-02-08 18:33:39 - [MESSAGE][PASSED] - Text '' is set on object 'Object Repository/VLink/Page_CCSale/txt_Track1Data'

2023-02-08 18:33:40 - [MESSAGE][PASSED] - Text '' is set on object 'Object Repository/VLink/Page_CCSale/txt_Track2Data'

2023-02-08 18:33:40 - [MESSAGE][PASSED] - Text 'manual' is set on object 'Object Repository/VLink/Page_CCSale/txt_POSEntryMode'

2023-02-08 18:33:41 - [MESSAGE][PASSED] - Text 'iahmed@govolution.com' is set on object 'Object Repository/VLink/Page_CCSale/txt_Email'

2023-02-08 18:33:42 - [MESSAGE][PASSED] - Text '2569362' is set on object 'Object Repository/VLink/Page_CCSale/txt_OrderNumber'

2023-02-08 18:33:42 - [MESSAGE][PASSED] - Text '1.15' is set on object 'Object Repository/VLink/Page_CCSale/txt_TaxAmount'

2023-02-08 18:33:43 - [MESSAGE][PASSED] - Text 'Charge Description' is set on object 'Object Repository/VLink/Page_CCSale/txt_ChargeDescription'

2023-02-08 18:33:43 - [MESSAGE][PASSED] - Text '147357' is set on object 'Object Repository/VLink/Page_CCSale/txt_CAN'

2023-02-08 18:33:44 - [MESSAGE][PASSED] - Text '1' is set on object 'Object Repository/VLink/Page_CCSale/txt_BillPaymentIndicator'

2023-02-08 18:33:45 - [MESSAGE][PASSED] - Text 'UDF Data 1' is set on object 'Object Repository/VLink/Page_CCSale/txt_UDF1'

2023-02-08 18:33:45 - [MESSAGE][PASSED] - Text 'UDF Data 2' is set on object 'Object Repository/VLink/Page_CCSale/txt_UDF2'

2023-02-08 18:33:46 - [MESSAGE][PASSED] - Text 'UDF Data 3' is set on object 'Object Repository/VLink/Page_CCSale/txt_UDF3'

2023-02-08 18:33:47 - [MESSAGE][PASSED] - Text 'UDF Data 4' is set on object 'Object Repository/VLink/Page_CCSale/txt_UDF4'

2023-02-08 18:33:47 - [MESSAGE][PASSED] - Text 'UDF Data 5' is set on object 'Object Repository/VLink/Page_CCSale/txt_UDF5'

2023-02-08 18:33:48 - [MESSAGE][PASSED] - Text 'UDF Data 6' is set on object 'Object Repository/VLink/Page_CCSale/txt_UDF6'

2023-02-08 18:33:48 - [MESSAGE][PASSED] - Text 'UDF Data 7' is set on object 'Object Repository/VLink/Page_CCSale/txt_UDF7'

2023-02-08 18:33:49 - [MESSAGE][PASSED] - Text 'UDF Data 8' is set on object 'Object Repository/VLink/Page_CCSale/txt_UDF8'

2023-02-08 18:33:50 - [MESSAGE][PASSED] - Text 'UDF Data 9' is set on object 'Object Repository/VLink/Page_CCSale/txt_UDF9'

2023-02-08 18:33:50 - [MESSAGE][PASSED] - Text 'UDF Data 10' is set on object 'Object Repository/VLink/Page_CCSale/txt_UDF10'

2023-02-08 18:33:51 - [MESSAGE][PASSED] - Object: 'Object Repository/VLink/Page_CCSale/btn_ProcessVLinkTransaction' is clicked on

2023-02-08 18:33:56 - [MESSAGE][PASSED] - vlinkPages.saleCCPage.setDataSCC is PASSED

2023-02-08 18:33:56 - [TEST_STEP][PASSED] - if (verifyTextPresent(errorMsg, true)): null

2023-02-08 18:33:56 - [MESSAGE][PASSED] - Text 'Missing parameter: application_id' is present on page  using regular expression

2023-02-08 18:33:56 - [TEST_STEP][PASSED] - println("Transaction Approved, no errors text is present on the Confirmation page"): null

2023-02-08 18:33:56 - [TEST_STEP][PASSED] - out.println("Pass Record Number: " + row): null

2023-02-08 18:33:56 - [TEST_STEP][PASSED] - resText = "Pass": null

2023-02-08 18:33:56 - [TEST_STEP][PASSED] - pages.WriteExcel.demoKey(resText, datText, resColumn, datCloumn, fileLoc, nameSheet, row): pages.WriteExcel.demoKey is PASSED

2023-02-08 18:33:56 - [MESSAGE][PASSED] - pages.WriteExcel.demoKey is PASSED

2023-02-08 18:33:56 - [TEST_STEP][PASSED] - sdfo = getText(findTestObject("Object Repository/Page_VLinkReceipt/pre_STX")): Text of object 'Object Repository/Page_VLinkReceipt/pre_STX' is: '<STX>IMGzBB5bzb5o                                      2  Transaction failed                                20 Missing parameter: application_id                                                       <ETX>'

2023-02-08 18:33:57 - [MESSAGE][PASSED] - Text of object 'Object Repository/Page_VLinkReceipt/pre_STX' is: '<STX>IMGzBB5bzb5o                                      2  Transaction failed                                20 Missing parameter: application_id                                                       <ETX>'

2023-02-08 18:33:57 - [TEST_STEP][PASSED] - out.println("sdfo: " + sdfo): null

2023-02-08 18:33:57 - [TEST_STEP][PASSED] - remID = substring(5, 35).trim(): null

2023-02-08 18:33:57 - [TEST_STEP][PASSED] - out.println("Remittance ID: " + remID): null

2023-02-08 18:33:57 - [TEST_STEP][PASSED] - traxID = substring(35, 55).trim(): null

2023-02-08 18:33:57 - [TEST_STEP][PASSED] - out.println("Transaction ID: " + traxID): null

2023-02-08 18:33:57 - [TEST_STEP][PASSED] - out.println("End Record Number: " + row): null

2023-02-08 18:33:57 - [TEST_STEP][PASSED] - closeBrowser(): Browser is closed

2023-02-08 18:33:58 - [MESSAGE][PASSED] - Browser is closed

2023-02-08 18:33:58 - [TEST_STEP][PASSED] - ExecuteTC = findTestData(dataFile).getValue("Execute", row): null

2023-02-08 18:33:58 - [TEST_STEP][PASSED] - out.println("Value of Execute is : " + ExecuteTC): null

2023-02-08 18:33:58 - [TEST_STEP][PASSED] - errorMsg = findTestData(dataFile).getValue("ErrorMsg", row): null

2023-02-08 18:33:58 - [TEST_STEP][PASSED] - if (ExecuteTC.equalsIgnoreCase("Y")): Browser is closed

2023-02-08 18:33:58 - [TEST_STEP][PASSED] - out.println("Begin Record Number: " + row): null

2023-02-08 18:33:58 - [TEST_STEP][PASSED] - today = new java.util.Date(): null

2023-02-08 18:33:58 - [TEST_STEP][PASSED] - println(today): null

2023-02-08 18:33:58 - [TEST_STEP][PASSED] - datText = today: null

2023-02-08 18:33:58 - [TEST_STEP][PASSED] - openBrowser(VLinkURL + "authcap.html"): Browser is opened with url: 'https://dev-algorithm.govolution.com/vlinktest/QA/version_2_0/authcap.html'

2023-02-08 18:33:58 - [MESSAGE][INFO] - Starting 'Chrome' driver

2023-02-08 18:33:58 - [MESSAGE][INFO] - User set preference: ['acceptInsecureCerts', 'true']

2023-02-08 18:33:58 - [MESSAGE][INFO] - Action delay is set to 0 milliseconds

2023-02-08 18:34:00 - [MESSAGE][PASSED] - Browser is opened with url: 'https://dev-algorithm.govolution.com/vlinktest/QA/version_2_0/authcap.html'

2023-02-08 18:34:00 - [TEST_STEP][PASSED] - maximizeWindow(): Current window maximized

2023-02-08 18:34:00 - [MESSAGE][PASSED] - Current window maximized

2023-02-08 18:34:00 - [TEST_STEP][PASSED] - vlinkPages.saleCCPage.setDataSCC(row, dataFile): vlinkPages.saleCCPage.setDataSCC is PASSED

2023-02-08 18:34:04 - [MESSAGE][PASSED] - Object 'Object Repository/VLink/Page_CCSale/txt_CardNumber' is present

2023-02-08 18:34:04 - [MESSAGE][PASSED] - Text '104' is set on object 'Object Repository/VLink/Page_CCSale/txt_TransactionType'

2023-02-08 18:34:05 - [MESSAGE][PASSED] - Text '2.0C' is set on object 'Object Repository/VLink/Page_CCSale/txt_MessageVersion'

2023-02-08 18:34:05 - [MESSAGE][PASSED] - Text 'PmcLhC2som7V' is set on object 'Object Repository/VLink/Page_CCSale/txt_RemID'

2023-02-08 18:34:06 - [MESSAGE][PASSED] - Text '' is set on object 'Object Repository/VLink/Page_CCSale/txt_ApplicationId'

2023-02-08 18:34:07 - [MESSAGE][PASSED] - Text 'username' is set on object 'Object Repository/VLink/Page_CCSale/txt_Username'

2023-02-08 18:34:07 - [MESSAGE][PASSED] - Text 'password' is set on object 'Object Repository/VLink/Page_CCSale/txt_Password'

2023-02-08 18:34:08 - [MESSAGE][PASSED] - Text 'fixed_width' is set on object 'Object Repository/VLink/Page_CCSale/txt_ResponseFormat'

2023-02-08 18:34:09 - [MESSAGE][PASSED] - Text 'MOTO' is set on object 'Object Repository/VLink/Page_CCSale/txt_Category'

2023-02-08 18:34:09 - [MESSAGE][PASSED] - Text '' is set on object 'Object Repository/VLink/Page_CCSale/txt_TransactionID'

2023-02-08 18:34:10 - [MESSAGE][PASSED] - Text '' is set on object 'Object Repository/VLink/Page_CCSale/txt_ApprovalCode'

2023-02-08 18:34:10 - [MESSAGE][PASSED] - Text 'Kris Roshan' is set on object 'Object Repository/VLink/Page_CCSale/txt_CardName'

2023-02-08 18:34:11 - [MESSAGE][PASSED] - Text '258 Elm Road' is set on object 'Object Repository/VLink/Page_CCSale/txt_AL1'

2023-02-08 18:34:12 - [MESSAGE][PASSED] - Text 'Suite 56' is set on object 'Object Repository/VLink/Page_CCSale/txt_AL2'

2023-02-08 18:34:12 - [MESSAGE][PASSED] - Text 'Arlington' is set on object 'Object Repository/VLink/Page_CCSale/txt_CardCity'

2023-02-08 18:34:13 - [MESSAGE][PASSED] - Text 'VA' is set on object 'Object Repository/VLink/Page_CCSale/txt_CardState'

2023-02-08 18:34:14 - [MESSAGE][PASSED] - Text '22201' is set on object 'Object Repository/VLink/Page_CCSale/txt_CardZIP'

2023-02-08 18:34:14 - [MESSAGE][PASSED] - Text '840' is set on object 'Object Repository/VLink/Page_CCSale/txt_CountryID'

2023-02-08 18:34:15 - [MESSAGE][PASSED] - Text '1.50' is set on object 'Object Repository/VLink/Page_CCSale/txt_Amount'

2023-02-08 18:34:16 - [MESSAGE][PASSED] - Text '4111111111111111' is set on object 'Object Repository/VLink/Page_CCSale/txt_CardNumber'

2023-02-08 18:34:16 - [MESSAGE][PASSED] - Text '12' is set on object 'Object Repository/VLink/Page_CCSale/txt_ExpMonth'

2023-02-08 18:34:17 - [MESSAGE][PASSED] - Text '2025' is set on object 'Object Repository/VLink/Page_CCSale/txt_ExpYear'

2023-02-08 18:34:17 - [MESSAGE][PASSED] - Text '' is set on object 'Object Repository/VLink/Page_CCSale/txt_CVV'

2023-02-08 18:34:18 - [MESSAGE][PASSED] - Text '' is set on object 'Object Repository/VLink/Page_CCSale/txt_CVVstate'

2023-02-08 18:34:19 - [MESSAGE][PASSED] - Text '' is set on object 'Object Repository/VLink/Page_CCSale/txt_TrackData'

2023-02-08 18:34:19 - [MESSAGE][PASSED] - Text '' is set on object 'Object Repository/VLink/Page_CCSale/txt_Track1Data'

2023-02-08 18:34:20 - [MESSAGE][PASSED] - Text '' is set on object 'Object Repository/VLink/Page_CCSale/txt_Track2Data'

2023-02-08 18:34:20 - [MESSAGE][PASSED] - Text 'manual' is set on object 'Object Repository/VLink/Page_CCSale/txt_POSEntryMode'

2023-02-08 18:34:21 - [MESSAGE][PASSED] - Text 'iahmed@govolution.com' is set on object 'Object Repository/VLink/Page_CCSale/txt_Email'

2023-02-08 18:34:22 - [MESSAGE][PASSED] - Text '2569362' is set on object 'Object Repository/VLink/Page_CCSale/txt_OrderNumber'

2023-02-08 18:34:22 - [MESSAGE][PASSED] - Text '1.15' is set on object 'Object Repository/VLink/Page_CCSale/txt_TaxAmount'

2023-02-08 18:34:23 - [MESSAGE][PASSED] - Text 'Charge Description' is set on object 'Object Repository/VLink/Page_CCSale/txt_ChargeDescription'

2023-02-08 18:34:24 - [MESSAGE][PASSED] - Text '147357' is set on object 'Object Repository/VLink/Page_CCSale/txt_CAN'

2023-02-08 18:34:24 - [MESSAGE][PASSED] - Text '1' is set on object 'Object Repository/VLink/Page_CCSale/txt_BillPaymentIndicator'

2023-02-08 18:34:25 - [MESSAGE][PASSED] - Text 'UDF Data 1' is set on object 'Object Repository/VLink/Page_CCSale/txt_UDF1'

2023-02-08 18:34:25 - [MESSAGE][PASSED] - Text 'UDF Data 2' is set on object 'Object Repository/VLink/Page_CCSale/txt_UDF2'

2023-02-08 18:34:26 - [MESSAGE][PASSED] - Text 'UDF Data 3' is set on object 'Object Repository/VLink/Page_CCSale/txt_UDF3'

2023-02-08 18:34:27 - [MESSAGE][PASSED] - Text 'UDF Data 4' is set on object 'Object Repository/VLink/Page_CCSale/txt_UDF4'

2023-02-08 18:34:27 - [MESSAGE][PASSED] - Text 'UDF Data 5' is set on object 'Object Repository/VLink/Page_CCSale/txt_UDF5'

2023-02-08 18:34:28 - [MESSAGE][PASSED] - Text 'UDF Data 6' is set on object 'Object Repository/VLink/Page_CCSale/txt_UDF6'

2023-02-08 18:34:28 - [MESSAGE][PASSED] - Text 'UDF Data 7' is set on object 'Object Repository/VLink/Page_CCSale/txt_UDF7'

2023-02-08 18:34:29 - [MESSAGE][PASSED] - Text 'UDF Data 8' is set on object 'Object Repository/VLink/Page_CCSale/txt_UDF8'

2023-02-08 18:34:30 - [MESSAGE][PASSED] - Text 'UDF Data 9' is set on object 'Object Repository/VLink/Page_CCSale/txt_UDF9'

2023-02-08 18:34:30 - [MESSAGE][PASSED] - Text 'UDF Data 10' is set on object 'Object Repository/VLink/Page_CCSale/txt_UDF10'

2023-02-08 18:34:31 - [MESSAGE][PASSED] - Object: 'Object Repository/VLink/Page_CCSale/btn_ProcessVLinkTransaction' is clicked on

2023-02-08 18:34:36 - [MESSAGE][PASSED] - vlinkPages.saleCCPage.setDataSCC is PASSED

2023-02-08 18:34:36 - [TEST_STEP][PASSED] - if (verifyTextPresent(errorMsg, true)): null

2023-02-08 18:34:36 - [MESSAGE][PASSED] - Text 'Missing parameter: application_id' is present on page  using regular expression

2023-02-08 18:34:36 - [TEST_STEP][PASSED] - println("Transaction Approved, no errors text is present on the Confirmation page"): null

2023-02-08 18:34:36 - [TEST_STEP][PASSED] - out.println("Pass Record Number: " + row): null

2023-02-08 18:34:36 - [TEST_STEP][PASSED] - resText = "Pass": null

2023-02-08 18:34:36 - [TEST_STEP][PASSED] - pages.WriteExcel.demoKey(resText, datText, resColumn, datCloumn, fileLoc, nameSheet, row): pages.WriteExcel.demoKey is PASSED

2023-02-08 18:34:36 - [MESSAGE][PASSED] - pages.WriteExcel.demoKey is PASSED

2023-02-08 18:34:36 - [TEST_STEP][PASSED] - sdfo = getText(findTestObject("Object Repository/Page_VLinkReceipt/pre_STX")): Text of object 'Object Repository/Page_VLinkReceipt/pre_STX' is: '<STX>PmcLhC2som7V                                      2  Transaction failed                                20 Missing parameter: application_id                                                       <ETX>'

2023-02-08 18:34:37 - [MESSAGE][PASSED] - Text of object 'Object Repository/Page_VLinkReceipt/pre_STX' is: '<STX>PmcLhC2som7V                                      2  Transaction failed                                20 Missing parameter: application_id                                                       <ETX>'

2023-02-08 18:34:37 - [TEST_STEP][PASSED] - out.println("sdfo: " + sdfo): null

2023-02-08 18:34:37 - [TEST_STEP][PASSED] - remID = substring(5, 35).trim(): null

2023-02-08 18:34:37 - [TEST_STEP][PASSED] - out.println("Remittance ID: " + remID): null

2023-02-08 18:34:37 - [TEST_STEP][PASSED] - traxID = substring(35, 55).trim(): null

2023-02-08 18:34:37 - [TEST_STEP][PASSED] - out.println("Transaction ID: " + traxID): null

2023-02-08 18:34:37 - [TEST_STEP][PASSED] - out.println("End Record Number: " + row): null

2023-02-08 18:34:37 - [TEST_STEP][PASSED] - closeBrowser(): Browser is closed

2023-02-08 18:34:38 - [MESSAGE][PASSED] - Browser is closed

2023-02-08 18:34:38 - [TEST_STEP][PASSED] - ExecuteTC = findTestData(dataFile).getValue("Execute", row): null

2023-02-08 18:34:38 - [TEST_STEP][PASSED] - out.println("Value of Execute is : " + ExecuteTC): null

2023-02-08 18:34:38 - [TEST_STEP][PASSED] - errorMsg = findTestData(dataFile).getValue("ErrorMsg", row): null

2023-02-08 18:34:38 - [TEST_STEP][PASSED] - if (ExecuteTC.equalsIgnoreCase("Y")): Browser is closed

2023-02-08 18:34:38 - [TEST_STEP][PASSED] - out.println("Begin Record Number: " + row): null

2023-02-08 18:34:38 - [TEST_STEP][PASSED] - today = new java.util.Date(): null

2023-02-08 18:34:38 - [TEST_STEP][PASSED] - println(today): null

2023-02-08 18:34:38 - [TEST_STEP][PASSED] - datText = today: null

2023-02-08 18:34:38 - [TEST_STEP][PASSED] - openBrowser(VLinkURL + "authcap.html"): Browser is opened with url: 'https://dev-algorithm.govolution.com/vlinktest/QA/version_2_0/authcap.html'

2023-02-08 18:34:38 - [MESSAGE][INFO] - Starting 'Chrome' driver

2023-02-08 18:34:38 - [MESSAGE][INFO] - User set preference: ['acceptInsecureCerts', 'true']

2023-02-08 18:34:38 - [MESSAGE][INFO] - Action delay is set to 0 milliseconds

2023-02-08 18:34:40 - [MESSAGE][PASSED] - Browser is opened with url: 'https://dev-algorithm.govolution.com/vlinktest/QA/version_2_0/authcap.html'

2023-02-08 18:34:40 - [TEST_STEP][PASSED] - maximizeWindow(): Current window maximized

2023-02-08 18:34:40 - [MESSAGE][PASSED] - Current window maximized

2023-02-08 18:34:40 - [TEST_STEP][PASSED] - vlinkPages.saleCCPage.setDataSCC(row, dataFile): vlinkPages.saleCCPage.setDataSCC is PASSED

2023-02-08 18:34:44 - [MESSAGE][PASSED] - Object 'Object Repository/VLink/Page_CCSale/txt_CardNumber' is present

2023-02-08 18:34:44 - [MESSAGE][PASSED] - Text '104' is set on object 'Object Repository/VLink/Page_CCSale/txt_TransactionType'

2023-02-08 18:34:45 - [MESSAGE][PASSED] - Text '2.0C' is set on object 'Object Repository/VLink/Page_CCSale/txt_MessageVersion'

2023-02-08 18:34:46 - [MESSAGE][PASSED] - Text 'sW4HPczsd3Dd' is set on object 'Object Repository/VLink/Page_CCSale/txt_RemID'

2023-02-08 18:34:46 - [MESSAGE][PASSED] - Text '' is set on object 'Object Repository/VLink/Page_CCSale/txt_ApplicationId'

2023-02-08 18:34:47 - [MESSAGE][PASSED] - Text 'username' is set on object 'Object Repository/VLink/Page_CCSale/txt_Username'

2023-02-08 18:34:48 - [MESSAGE][PASSED] - Text 'password' is set on object 'Object Repository/VLink/Page_CCSale/txt_Password'

2023-02-08 18:34:48 - [MESSAGE][PASSED] - Text 'fixed_width' is set on object 'Object Repository/VLink/Page_CCSale/txt_ResponseFormat'

2023-02-08 18:34:49 - [MESSAGE][PASSED] - Text 'RETL' is set on object 'Object Repository/VLink/Page_CCSale/txt_Category'

2023-02-08 18:34:49 - [MESSAGE][PASSED] - Text '' is set on object 'Object Repository/VLink/Page_CCSale/txt_TransactionID'

2023-02-08 18:34:50 - [MESSAGE][PASSED] - Text '' is set on object 'Object Repository/VLink/Page_CCSale/txt_ApprovalCode'

2023-02-08 18:34:51 - [MESSAGE][PASSED] - Text 'Kris Roshan' is set on object 'Object Repository/VLink/Page_CCSale/txt_CardName'

2023-02-08 18:34:51 - [MESSAGE][PASSED] - Text '258 Elm Road' is set on object 'Object Repository/VLink/Page_CCSale/txt_AL1'

2023-02-08 18:34:52 - [MESSAGE][PASSED] - Text 'Suite 56' is set on object 'Object Repository/VLink/Page_CCSale/txt_AL2'

2023-02-08 18:34:52 - [MESSAGE][PASSED] - Text 'Arlington' is set on object 'Object Repository/VLink/Page_CCSale/txt_CardCity'

2023-02-08 18:34:53 - [MESSAGE][PASSED] - Text 'VA' is set on object 'Object Repository/VLink/Page_CCSale/txt_CardState'

2023-02-08 18:34:54 - [MESSAGE][PASSED] - Text '22201' is set on object 'Object Repository/VLink/Page_CCSale/txt_CardZIP'

2023-02-08 18:34:54 - [MESSAGE][PASSED] - Text '840' is set on object 'Object Repository/VLink/Page_CCSale/txt_CountryID'

2023-02-08 18:34:55 - [MESSAGE][PASSED] - Text '1.50' is set on object 'Object Repository/VLink/Page_CCSale/txt_Amount'

2023-02-08 18:34:56 - [MESSAGE][PASSED] - Text '4111111111111111' is set on object 'Object Repository/VLink/Page_CCSale/txt_CardNumber'

2023-02-08 18:34:56 - [MESSAGE][PASSED] - Text '12' is set on object 'Object Repository/VLink/Page_CCSale/txt_ExpMonth'

2023-02-08 18:34:57 - [MESSAGE][PASSED] - Text '2025' is set on object 'Object Repository/VLink/Page_CCSale/txt_ExpYear'

2023-02-08 18:34:58 - [MESSAGE][PASSED] - Text '' is set on object 'Object Repository/VLink/Page_CCSale/txt_CVV'

2023-02-08 18:34:58 - [MESSAGE][PASSED] - Text '' is set on object 'Object Repository/VLink/Page_CCSale/txt_CVVstate'

2023-02-08 18:34:59 - [MESSAGE][PASSED] - Text '' is set on object 'Object Repository/VLink/Page_CCSale/txt_TrackData'

2023-02-08 18:34:59 - [MESSAGE][PASSED] - Text '' is set on object 'Object Repository/VLink/Page_CCSale/txt_Track1Data'

2023-02-08 18:35:00 - [MESSAGE][PASSED] - Text '' is set on object 'Object Repository/VLink/Page_CCSale/txt_Track2Data'

2023-02-08 18:35:01 - [MESSAGE][PASSED] - Text 'manual' is set on object 'Object Repository/VLink/Page_CCSale/txt_POSEntryMode'

2023-02-08 18:35:01 - [MESSAGE][PASSED] - Text 'iahmed@govolution.com' is set on object 'Object Repository/VLink/Page_CCSale/txt_Email'

2023-02-08 18:35:02 - [MESSAGE][PASSED] - Text '2569362' is set on object 'Object Repository/VLink/Page_CCSale/txt_OrderNumber'

2023-02-08 18:35:02 - [MESSAGE][PASSED] - Text '1.15' is set on object 'Object Repository/VLink/Page_CCSale/txt_TaxAmount'

2023-02-08 18:35:03 - [MESSAGE][PASSED] - Text 'Charge Description' is set on object 'Object Repository/VLink/Page_CCSale/txt_ChargeDescription'

2023-02-08 18:35:04 - [MESSAGE][PASSED] - Text '147357' is set on object 'Object Repository/VLink/Page_CCSale/txt_CAN'

2023-02-08 18:35:04 - [MESSAGE][PASSED] - Text '1' is set on object 'Object Repository/VLink/Page_CCSale/txt_BillPaymentIndicator'

2023-02-08 18:35:05 - [MESSAGE][PASSED] - Text 'UDF Data 1' is set on object 'Object Repository/VLink/Page_CCSale/txt_UDF1'

2023-02-08 18:35:05 - [MESSAGE][PASSED] - Text 'UDF Data 2' is set on object 'Object Repository/VLink/Page_CCSale/txt_UDF2'

2023-02-08 18:35:06 - [MESSAGE][PASSED] - Text 'UDF Data 3' is set on object 'Object Repository/VLink/Page_CCSale/txt_UDF3'

2023-02-08 18:35:07 - [MESSAGE][PASSED] - Text 'UDF Data 4' is set on object 'Object Repository/VLink/Page_CCSale/txt_UDF4'

2023-02-08 18:35:07 - [MESSAGE][PASSED] - Text 'UDF Data 5' is set on object 'Object Repository/VLink/Page_CCSale/txt_UDF5'

2023-02-08 18:35:08 - [MESSAGE][PASSED] - Text 'UDF Data 6' is set on object 'Object Repository/VLink/Page_CCSale/txt_UDF6'

2023-02-08 18:35:09 - [MESSAGE][PASSED] - Text 'UDF Data 7' is set on object 'Object Repository/VLink/Page_CCSale/txt_UDF7'

2023-02-08 18:35:09 - [MESSAGE][PASSED] - Text 'UDF Data 8' is set on object 'Object Repository/VLink/Page_CCSale/txt_UDF8'

2023-02-08 18:35:10 - [MESSAGE][PASSED] - Text 'UDF Data 9' is set on object 'Object Repository/VLink/Page_CCSale/txt_UDF9'

2023-02-08 18:35:10 - [MESSAGE][PASSED] - Text 'UDF Data 10' is set on object 'Object Repository/VLink/Page_CCSale/txt_UDF10'

2023-02-08 18:35:11 - [MESSAGE][PASSED] - Object: 'Object Repository/VLink/Page_CCSale/btn_ProcessVLinkTransaction' is clicked on

2023-02-08 18:35:16 - [MESSAGE][PASSED] - vlinkPages.saleCCPage.setDataSCC is PASSED

2023-02-08 18:35:16 - [TEST_STEP][PASSED] - if (verifyTextPresent(errorMsg, true)): null

2023-02-08 18:35:16 - [MESSAGE][PASSED] - Text 'Missing parameter: application_id' is present on page  using regular expression

2023-02-08 18:35:16 - [TEST_STEP][PASSED] - println("Transaction Approved, no errors text is present on the Confirmation page"): null

2023-02-08 18:35:16 - [TEST_STEP][PASSED] - out.println("Pass Record Number: " + row): null

2023-02-08 18:35:16 - [TEST_STEP][PASSED] - resText = "Pass": null

2023-02-08 18:35:16 - [TEST_STEP][PASSED] - pages.WriteExcel.demoKey(resText, datText, resColumn, datCloumn, fileLoc, nameSheet, row): pages.WriteExcel.demoKey is PASSED

2023-02-08 18:35:17 - [MESSAGE][PASSED] - pages.WriteExcel.demoKey is PASSED

2023-02-08 18:35:17 - [TEST_STEP][PASSED] - sdfo = getText(findTestObject("Object Repository/Page_VLinkReceipt/pre_STX")): Text of object 'Object Repository/Page_VLinkReceipt/pre_STX' is: '<STX>sW4HPczsd3Dd                                      2  Transaction failed                                20 Missing parameter: application_id                                                       <ETX>'

2023-02-08 18:35:17 - [MESSAGE][PASSED] - Text of object 'Object Repository/Page_VLinkReceipt/pre_STX' is: '<STX>sW4HPczsd3Dd                                      2  Transaction failed                                20 Missing parameter: application_id                                                       <ETX>'

2023-02-08 18:35:17 - [TEST_STEP][PASSED] - out.println("sdfo: " + sdfo): null

2023-02-08 18:35:17 - [TEST_STEP][PASSED] - remID = substring(5, 35).trim(): null

2023-02-08 18:35:17 - [TEST_STEP][PASSED] - out.println("Remittance ID: " + remID): null

2023-02-08 18:35:17 - [TEST_STEP][PASSED] - traxID = substring(35, 55).trim(): null

2023-02-08 18:35:17 - [TEST_STEP][PASSED] - out.println("Transaction ID: " + traxID): null

2023-02-08 18:35:17 - [TEST_STEP][PASSED] - out.println("End Record Number: " + row): null

2023-02-08 18:35:17 - [TEST_STEP][PASSED] - closeBrowser(): Browser is closed

2023-02-08 18:35:18 - [MESSAGE][PASSED] - Browser is closed

2023-02-08 18:35:18 - [TEST_STEP][PASSED] - ExecuteTC = findTestData(dataFile).getValue("Execute", row): null

2023-02-08 18:35:18 - [TEST_STEP][PASSED] - out.println("Value of Execute is : " + ExecuteTC): null

2023-02-08 18:35:18 - [TEST_STEP][PASSED] - errorMsg = findTestData(dataFile).getValue("ErrorMsg", row): null

2023-02-08 18:35:18 - [TEST_STEP][PASSED] - if (ExecuteTC.equalsIgnoreCase("Y")): Browser is closed

2023-02-08 18:35:18 - [TEST_STEP][PASSED] - out.println("Begin Record Number: " + row): null

2023-02-08 18:35:18 - [TEST_STEP][PASSED] - today = new java.util.Date(): null

2023-02-08 18:35:18 - [TEST_STEP][PASSED] - println(today): null

2023-02-08 18:35:18 - [TEST_STEP][PASSED] - datText = today: null

2023-02-08 18:35:18 - [TEST_STEP][PASSED] - openBrowser(VLinkURL + "authcap.html"): Browser is opened with url: 'https://dev-algorithm.govolution.com/vlinktest/QA/version_2_0/authcap.html'

2023-02-08 18:35:18 - [MESSAGE][INFO] - Starting 'Chrome' driver

2023-02-08 18:35:18 - [MESSAGE][INFO] - User set preference: ['acceptInsecureCerts', 'true']

2023-02-08 18:35:18 - [MESSAGE][INFO] - Action delay is set to 0 milliseconds

2023-02-08 18:35:20 - [MESSAGE][PASSED] - Browser is opened with url: 'https://dev-algorithm.govolution.com/vlinktest/QA/version_2_0/authcap.html'

2023-02-08 18:35:20 - [TEST_STEP][PASSED] - maximizeWindow(): Current window maximized

2023-02-08 18:35:20 - [MESSAGE][PASSED] - Current window maximized

2023-02-08 18:35:20 - [TEST_STEP][PASSED] - vlinkPages.saleCCPage.setDataSCC(row, dataFile): vlinkPages.saleCCPage.setDataSCC is PASSED

2023-02-08 18:35:24 - [MESSAGE][PASSED] - Object 'Object Repository/VLink/Page_CCSale/txt_CardNumber' is present

2023-02-08 18:35:24 - [MESSAGE][PASSED] - Text '104' is set on object 'Object Repository/VLink/Page_CCSale/txt_TransactionType'

2023-02-08 18:35:25 - [MESSAGE][PASSED] - Text '2.0C' is set on object 'Object Repository/VLink/Page_CCSale/txt_MessageVersion'

2023-02-08 18:35:26 - [MESSAGE][PASSED] - Text 'gRrsH7ReeWJJ' is set on object 'Object Repository/VLink/Page_CCSale/txt_RemID'

2023-02-08 18:35:26 - [MESSAGE][PASSED] - Text '234' is set on object 'Object Repository/VLink/Page_CCSale/txt_ApplicationId'

2023-02-08 18:35:27 - [MESSAGE][PASSED] - Text 'username' is set on object 'Object Repository/VLink/Page_CCSale/txt_Username'

2023-02-08 18:35:27 - [MESSAGE][PASSED] - Text 'password' is set on object 'Object Repository/VLink/Page_CCSale/txt_Password'

2023-02-08 18:35:28 - [MESSAGE][PASSED] - Text '' is set on object 'Object Repository/VLink/Page_CCSale/txt_ResponseFormat'

2023-02-08 18:35:29 - [MESSAGE][PASSED] - Text 'ECOM' is set on object 'Object Repository/VLink/Page_CCSale/txt_Category'

2023-02-08 18:35:29 - [MESSAGE][PASSED] - Text '' is set on object 'Object Repository/VLink/Page_CCSale/txt_TransactionID'

2023-02-08 18:35:30 - [MESSAGE][PASSED] - Text '' is set on object 'Object Repository/VLink/Page_CCSale/txt_ApprovalCode'

2023-02-08 18:35:31 - [MESSAGE][PASSED] - Text 'Kris Roshan' is set on object 'Object Repository/VLink/Page_CCSale/txt_CardName'

2023-02-08 18:35:31 - [MESSAGE][PASSED] - Text '258 Elm Road' is set on object 'Object Repository/VLink/Page_CCSale/txt_AL1'

2023-02-08 18:35:32 - [MESSAGE][PASSED] - Text 'Suite 56' is set on object 'Object Repository/VLink/Page_CCSale/txt_AL2'

2023-02-08 18:35:32 - [MESSAGE][PASSED] - Text 'Arlington' is set on object 'Object Repository/VLink/Page_CCSale/txt_CardCity'

2023-02-08 18:35:33 - [MESSAGE][PASSED] - Text 'VA' is set on object 'Object Repository/VLink/Page_CCSale/txt_CardState'

2023-02-08 18:35:34 - [MESSAGE][PASSED] - Text '22201' is set on object 'Object Repository/VLink/Page_CCSale/txt_CardZIP'

2023-02-08 18:35:34 - [MESSAGE][PASSED] - Text '840' is set on object 'Object Repository/VLink/Page_CCSale/txt_CountryID'

2023-02-08 18:35:35 - [MESSAGE][PASSED] - Text '1.50' is set on object 'Object Repository/VLink/Page_CCSale/txt_Amount'

2023-02-08 18:35:36 - [MESSAGE][PASSED] - Text '4111111111111111' is set on object 'Object Repository/VLink/Page_CCSale/txt_CardNumber'

2023-02-08 18:35:36 - [MESSAGE][PASSED] - Text '12' is set on object 'Object Repository/VLink/Page_CCSale/txt_ExpMonth'

2023-02-08 18:35:37 - [MESSAGE][PASSED] - Text '2025' is set on object 'Object Repository/VLink/Page_CCSale/txt_ExpYear'

2023-02-08 18:35:38 - [MESSAGE][PASSED] - Text '' is set on object 'Object Repository/VLink/Page_CCSale/txt_CVV'

2023-02-08 18:35:38 - [MESSAGE][PASSED] - Text '' is set on object 'Object Repository/VLink/Page_CCSale/txt_CVVstate'

2023-02-08 18:35:39 - [MESSAGE][PASSED] - Text '' is set on object 'Object Repository/VLink/Page_CCSale/txt_TrackData'

2023-02-08 18:35:39 - [MESSAGE][PASSED] - Text '' is set on object 'Object Repository/VLink/Page_CCSale/txt_Track1Data'

2023-02-08 18:35:40 - [MESSAGE][PASSED] - Text '' is set on object 'Object Repository/VLink/Page_CCSale/txt_Track2Data'

2023-02-08 18:35:41 - [MESSAGE][PASSED] - Text 'manual' is set on object 'Object Repository/VLink/Page_CCSale/txt_POSEntryMode'

2023-02-08 18:35:41 - [MESSAGE][PASSED] - Text 'iahmed@govolution.com' is set on object 'Object Repository/VLink/Page_CCSale/txt_Email'

2023-02-08 18:35:42 - [MESSAGE][PASSED] - Text '2569362' is set on object 'Object Repository/VLink/Page_CCSale/txt_OrderNumber'

2023-02-08 18:35:43 - [MESSAGE][PASSED] - Text '1.15' is set on object 'Object Repository/VLink/Page_CCSale/txt_TaxAmount'

2023-02-08 18:35:43 - [MESSAGE][PASSED] - Text 'Charge Description' is set on object 'Object Repository/VLink/Page_CCSale/txt_ChargeDescription'

2023-02-08 18:35:44 - [MESSAGE][PASSED] - Text '147357' is set on object 'Object Repository/VLink/Page_CCSale/txt_CAN'

2023-02-08 18:35:44 - [MESSAGE][PASSED] - Text '1' is set on object 'Object Repository/VLink/Page_CCSale/txt_BillPaymentIndicator'

2023-02-08 18:35:45 - [MESSAGE][PASSED] - Text 'UDF Data 1' is set on object 'Object Repository/VLink/Page_CCSale/txt_UDF1'

2023-02-08 18:35:46 - [MESSAGE][PASSED] - Text 'UDF Data 2' is set on object 'Object Repository/VLink/Page_CCSale/txt_UDF2'

2023-02-08 18:35:46 - [MESSAGE][PASSED] - Text 'UDF Data 3' is set on object 'Object Repository/VLink/Page_CCSale/txt_UDF3'

2023-02-08 18:35:47 - [MESSAGE][PASSED] - Text 'UDF Data 4' is set on object 'Object Repository/VLink/Page_CCSale/txt_UDF4'

2023-02-08 18:35:47 - [MESSAGE][PASSED] - Text 'UDF Data 5' is set on object 'Object Repository/VLink/Page_CCSale/txt_UDF5'

2023-02-08 18:35:48 - [MESSAGE][PASSED] - Text 'UDF Data 6' is set on object 'Object Repository/VLink/Page_CCSale/txt_UDF6'

2023-02-08 18:35:49 - [MESSAGE][PASSED] - Text 'UDF Data 7' is set on object 'Object Repository/VLink/Page_CCSale/txt_UDF7'

2023-02-08 18:35:49 - [MESSAGE][PASSED] - Text 'UDF Data 8' is set on object 'Object Repository/VLink/Page_CCSale/txt_UDF8'

2023-02-08 18:35:50 - [MESSAGE][PASSED] - Text 'UDF Data 9' is set on object 'Object Repository/VLink/Page_CCSale/txt_UDF9'

2023-02-08 18:35:51 - [MESSAGE][PASSED] - Text 'UDF Data 10' is set on object 'Object Repository/VLink/Page_CCSale/txt_UDF10'

2023-02-08 18:35:51 - [MESSAGE][PASSED] - Object: 'Object Repository/VLink/Page_CCSale/btn_ProcessVLinkTransaction' is clicked on

2023-02-08 18:35:56 - [MESSAGE][PASSED] - vlinkPages.saleCCPage.setDataSCC is PASSED

2023-02-08 18:35:56 - [TEST_STEP][PASSED] - if (verifyTextPresent(errorMsg, true)): null

2023-02-08 18:35:57 - [MESSAGE][PASSED] - Text 'response_format' is present on page  using regular expression

2023-02-08 18:35:57 - [TEST_STEP][PASSED] - println("Transaction Approved, no errors text is present on the Confirmation page"): null

2023-02-08 18:35:57 - [TEST_STEP][PASSED] - out.println("Pass Record Number: " + row): null

2023-02-08 18:35:57 - [TEST_STEP][PASSED] - resText = "Pass": null

2023-02-08 18:35:57 - [TEST_STEP][PASSED] - pages.WriteExcel.demoKey(resText, datText, resColumn, datCloumn, fileLoc, nameSheet, row): pages.WriteExcel.demoKey is PASSED

2023-02-08 18:35:57 - [MESSAGE][PASSED] - pages.WriteExcel.demoKey is PASSED

2023-02-08 18:35:57 - [TEST_STEP][PASSED] - sdfo = getText(findTestObject("Object Repository/Page_VLinkReceipt/pre_STX")): Text of object 'Object Repository/Page_VLinkReceipt/pre_STX' is: '<STX>gRrsH7ReeWJJ                                      2  Transaction failed                                20 Missing Parameter(s): response_format                                                      <ETX>'

2023-02-08 18:35:57 - [MESSAGE][PASSED] - Text of object 'Object Repository/Page_VLinkReceipt/pre_STX' is: '<STX>gRrsH7ReeWJJ                                      2  Transaction failed                                20 Missing Parameter(s): response_format                                                      <ETX>'

2023-02-08 18:35:57 - [TEST_STEP][PASSED] - out.println("sdfo: " + sdfo): null

2023-02-08 18:35:57 - [TEST_STEP][PASSED] - remID = substring(5, 35).trim(): null

2023-02-08 18:35:57 - [TEST_STEP][PASSED] - out.println("Remittance ID: " + remID): null

2023-02-08 18:35:57 - [TEST_STEP][PASSED] - traxID = substring(35, 55).trim(): null

2023-02-08 18:35:57 - [TEST_STEP][PASSED] - out.println("Transaction ID: " + traxID): null

2023-02-08 18:35:57 - [TEST_STEP][PASSED] - out.println("End Record Number: " + row): null

2023-02-08 18:35:57 - [TEST_STEP][PASSED] - closeBrowser(): Browser is closed

2023-02-08 18:35:58 - [MESSAGE][PASSED] - Browser is closed

2023-02-08 18:35:58 - [TEST_STEP][PASSED] - ExecuteTC = findTestData(dataFile).getValue("Execute", row): null

2023-02-08 18:35:58 - [TEST_STEP][PASSED] - out.println("Value of Execute is : " + ExecuteTC): null

2023-02-08 18:35:58 - [TEST_STEP][PASSED] - errorMsg = findTestData(dataFile).getValue("ErrorMsg", row): null

2023-02-08 18:35:58 - [TEST_STEP][PASSED] - if (ExecuteTC.equalsIgnoreCase("Y")): Browser is closed

2023-02-08 18:35:58 - [TEST_STEP][PASSED] - out.println("Begin Record Number: " + row): null

2023-02-08 18:35:58 - [TEST_STEP][PASSED] - today = new java.util.Date(): null

2023-02-08 18:35:58 - [TEST_STEP][PASSED] - println(today): null

2023-02-08 18:35:58 - [TEST_STEP][PASSED] - datText = today: null

2023-02-08 18:35:58 - [TEST_STEP][PASSED] - openBrowser(VLinkURL + "authcap.html"): Browser is opened with url: 'https://dev-algorithm.govolution.com/vlinktest/QA/version_2_0/authcap.html'

2023-02-08 18:35:58 - [MESSAGE][INFO] - Starting 'Chrome' driver

2023-02-08 18:35:58 - [MESSAGE][INFO] - User set preference: ['acceptInsecureCerts', 'true']

2023-02-08 18:35:58 - [MESSAGE][INFO] - Action delay is set to 0 milliseconds

2023-02-08 18:36:00 - [MESSAGE][PASSED] - Browser is opened with url: 'https://dev-algorithm.govolution.com/vlinktest/QA/version_2_0/authcap.html'

2023-02-08 18:36:00 - [TEST_STEP][PASSED] - maximizeWindow(): Current window maximized

2023-02-08 18:36:00 - [MESSAGE][PASSED] - Current window maximized

2023-02-08 18:36:00 - [TEST_STEP][PASSED] - vlinkPages.saleCCPage.setDataSCC(row, dataFile): vlinkPages.saleCCPage.setDataSCC is PASSED

2023-02-08 18:36:04 - [MESSAGE][PASSED] - Object 'Object Repository/VLink/Page_CCSale/txt_CardNumber' is present

2023-02-08 18:36:05 - [MESSAGE][PASSED] - Text '104' is set on object 'Object Repository/VLink/Page_CCSale/txt_TransactionType'

2023-02-08 18:36:05 - [MESSAGE][PASSED] - Text '2.0C' is set on object 'Object Repository/VLink/Page_CCSale/txt_MessageVersion'

2023-02-08 18:36:06 - [MESSAGE][PASSED] - Text 't7If4DN17XfW' is set on object 'Object Repository/VLink/Page_CCSale/txt_RemID'

2023-02-08 18:36:06 - [MESSAGE][PASSED] - Text '234' is set on object 'Object Repository/VLink/Page_CCSale/txt_ApplicationId'

2023-02-08 18:36:07 - [MESSAGE][PASSED] - Text 'username' is set on object 'Object Repository/VLink/Page_CCSale/txt_Username'

2023-02-08 18:36:08 - [MESSAGE][PASSED] - Text 'password' is set on object 'Object Repository/VLink/Page_CCSale/txt_Password'

2023-02-08 18:36:08 - [MESSAGE][PASSED] - Text '' is set on object 'Object Repository/VLink/Page_CCSale/txt_ResponseFormat'

2023-02-08 18:36:09 - [MESSAGE][PASSED] - Text 'MOTO' is set on object 'Object Repository/VLink/Page_CCSale/txt_Category'

2023-02-08 18:36:09 - [MESSAGE][PASSED] - Text '' is set on object 'Object Repository/VLink/Page_CCSale/txt_TransactionID'

2023-02-08 18:36:10 - [MESSAGE][PASSED] - Text '' is set on object 'Object Repository/VLink/Page_CCSale/txt_ApprovalCode'

2023-02-08 18:36:11 - [MESSAGE][PASSED] - Text 'Kris Roshan' is set on object 'Object Repository/VLink/Page_CCSale/txt_CardName'

2023-02-08 18:36:11 - [MESSAGE][PASSED] - Text '258 Elm Road' is set on object 'Object Repository/VLink/Page_CCSale/txt_AL1'

2023-02-08 18:36:12 - [MESSAGE][PASSED] - Text 'Suite 56' is set on object 'Object Repository/VLink/Page_CCSale/txt_AL2'

2023-02-08 18:36:13 - [MESSAGE][PASSED] - Text 'Arlington' is set on object 'Object Repository/VLink/Page_CCSale/txt_CardCity'

2023-02-08 18:36:13 - [MESSAGE][PASSED] - Text 'VA' is set on object 'Object Repository/VLink/Page_CCSale/txt_CardState'

2023-02-08 18:36:14 - [MESSAGE][PASSED] - Text '22201' is set on object 'Object Repository/VLink/Page_CCSale/txt_CardZIP'

2023-02-08 18:36:14 - [MESSAGE][PASSED] - Text '840' is set on object 'Object Repository/VLink/Page_CCSale/txt_CountryID'

2023-02-08 18:36:15 - [MESSAGE][PASSED] - Text '1.50' is set on object 'Object Repository/VLink/Page_CCSale/txt_Amount'

2023-02-08 18:36:16 - [MESSAGE][PASSED] - Text '4111111111111111' is set on object 'Object Repository/VLink/Page_CCSale/txt_CardNumber'

2023-02-08 18:36:16 - [MESSAGE][PASSED] - Text '12' is set on object 'Object Repository/VLink/Page_CCSale/txt_ExpMonth'

2023-02-08 18:36:17 - [MESSAGE][PASSED] - Text '2025' is set on object 'Object Repository/VLink/Page_CCSale/txt_ExpYear'

2023-02-08 18:36:18 - [MESSAGE][PASSED] - Text '' is set on object 'Object Repository/VLink/Page_CCSale/txt_CVV'

2023-02-08 18:36:18 - [MESSAGE][PASSED] - Text '' is set on object 'Object Repository/VLink/Page_CCSale/txt_CVVstate'

2023-02-08 18:36:19 - [MESSAGE][PASSED] - Text '' is set on object 'Object Repository/VLink/Page_CCSale/txt_TrackData'

2023-02-08 18:36:20 - [MESSAGE][PASSED] - Text '' is set on object 'Object Repository/VLink/Page_CCSale/txt_Track1Data'

2023-02-08 18:36:20 - [MESSAGE][PASSED] - Text '' is set on object 'Object Repository/VLink/Page_CCSale/txt_Track2Data'

2023-02-08 18:36:21 - [MESSAGE][PASSED] - Text 'manual' is set on object 'Object Repository/VLink/Page_CCSale/txt_POSEntryMode'

2023-02-08 18:36:21 - [MESSAGE][PASSED] - Text 'iahmed@govolution.com' is set on object 'Object Repository/VLink/Page_CCSale/txt_Email'

2023-02-08 18:36:22 - [MESSAGE][PASSED] - Text '2569362' is set on object 'Object Repository/VLink/Page_CCSale/txt_OrderNumber'

2023-02-08 18:36:23 - [MESSAGE][PASSED] - Text '1.15' is set on object 'Object Repository/VLink/Page_CCSale/txt_TaxAmount'

2023-02-08 18:36:23 - [MESSAGE][PASSED] - Text 'Charge Description' is set on object 'Object Repository/VLink/Page_CCSale/txt_ChargeDescription'

2023-02-08 18:36:24 - [MESSAGE][PASSED] - Text '147357' is set on object 'Object Repository/VLink/Page_CCSale/txt_CAN'

2023-02-08 18:36:24 - [MESSAGE][PASSED] - Text '1' is set on object 'Object Repository/VLink/Page_CCSale/txt_BillPaymentIndicator'

2023-02-08 18:36:25 - [MESSAGE][PASSED] - Text 'UDF Data 1' is set on object 'Object Repository/VLink/Page_CCSale/txt_UDF1'

2023-02-08 18:36:26 - [MESSAGE][PASSED] - Text 'UDF Data 2' is set on object 'Object Repository/VLink/Page_CCSale/txt_UDF2'

2023-02-08 18:36:26 - [MESSAGE][PASSED] - Text 'UDF Data 3' is set on object 'Object Repository/VLink/Page_CCSale/txt_UDF3'

2023-02-08 18:36:27 - [MESSAGE][PASSED] - Text 'UDF Data 4' is set on object 'Object Repository/VLink/Page_CCSale/txt_UDF4'

2023-02-08 18:36:28 - [MESSAGE][PASSED] - Text 'UDF Data 5' is set on object 'Object Repository/VLink/Page_CCSale/txt_UDF5'

2023-02-08 18:36:28 - [MESSAGE][PASSED] - Text 'UDF Data 6' is set on object 'Object Repository/VLink/Page_CCSale/txt_UDF6'

2023-02-08 18:36:29 - [MESSAGE][PASSED] - Text 'UDF Data 7' is set on object 'Object Repository/VLink/Page_CCSale/txt_UDF7'

2023-02-08 18:36:29 - [MESSAGE][PASSED] - Text 'UDF Data 8' is set on object 'Object Repository/VLink/Page_CCSale/txt_UDF8'

2023-02-08 18:36:30 - [MESSAGE][PASSED] - Text 'UDF Data 9' is set on object 'Object Repository/VLink/Page_CCSale/txt_UDF9'

2023-02-08 18:36:31 - [MESSAGE][PASSED] - Text 'UDF Data 10' is set on object 'Object Repository/VLink/Page_CCSale/txt_UDF10'

2023-02-08 18:36:31 - [MESSAGE][PASSED] - Object: 'Object Repository/VLink/Page_CCSale/btn_ProcessVLinkTransaction' is clicked on

2023-02-08 18:36:36 - [MESSAGE][PASSED] - vlinkPages.saleCCPage.setDataSCC is PASSED

2023-02-08 18:36:36 - [TEST_STEP][PASSED] - if (verifyTextPresent(errorMsg, true)): null

2023-02-08 18:36:37 - [MESSAGE][PASSED] - Text 'response_format' is present on page  using regular expression

2023-02-08 18:36:37 - [TEST_STEP][PASSED] - println("Transaction Approved, no errors text is present on the Confirmation page"): null

2023-02-08 18:36:37 - [TEST_STEP][PASSED] - out.println("Pass Record Number: " + row): null

2023-02-08 18:36:37 - [TEST_STEP][PASSED] - resText = "Pass": null

2023-02-08 18:36:37 - [TEST_STEP][PASSED] - pages.WriteExcel.demoKey(resText, datText, resColumn, datCloumn, fileLoc, nameSheet, row): pages.WriteExcel.demoKey is PASSED

2023-02-08 18:36:37 - [MESSAGE][PASSED] - pages.WriteExcel.demoKey is PASSED

2023-02-08 18:36:37 - [TEST_STEP][PASSED] - sdfo = getText(findTestObject("Object Repository/Page_VLinkReceipt/pre_STX")): Text of object 'Object Repository/Page_VLinkReceipt/pre_STX' is: '<STX>t7If4DN17XfW                                      2  Transaction failed                                20 Missing Parameter(s): response_format                                                      <ETX>'

2023-02-08 18:36:37 - [MESSAGE][PASSED] - Text of object 'Object Repository/Page_VLinkReceipt/pre_STX' is: '<STX>t7If4DN17XfW                                      2  Transaction failed                                20 Missing Parameter(s): response_format                                                      <ETX>'

2023-02-08 18:36:37 - [TEST_STEP][PASSED] - out.println("sdfo: " + sdfo): null

2023-02-08 18:36:37 - [TEST_STEP][PASSED] - remID = substring(5, 35).trim(): null

2023-02-08 18:36:37 - [TEST_STEP][PASSED] - out.println("Remittance ID: " + remID): null

2023-02-08 18:36:37 - [TEST_STEP][PASSED] - traxID = substring(35, 55).trim(): null

2023-02-08 18:36:37 - [TEST_STEP][PASSED] - out.println("Transaction ID: " + traxID): null

2023-02-08 18:36:37 - [TEST_STEP][PASSED] - out.println("End Record Number: " + row): null

2023-02-08 18:36:37 - [TEST_STEP][PASSED] - closeBrowser(): Browser is closed

2023-02-08 18:36:38 - [MESSAGE][PASSED] - Browser is closed

2023-02-08 18:36:38 - [TEST_STEP][PASSED] - ExecuteTC = findTestData(dataFile).getValue("Execute", row): null

2023-02-08 18:36:38 - [TEST_STEP][PASSED] - out.println("Value of Execute is : " + ExecuteTC): null

2023-02-08 18:36:38 - [TEST_STEP][PASSED] - errorMsg = findTestData(dataFile).getValue("ErrorMsg", row): null

2023-02-08 18:36:38 - [TEST_STEP][PASSED] - if (ExecuteTC.equalsIgnoreCase("Y")): Browser is closed

2023-02-08 18:36:38 - [TEST_STEP][PASSED] - out.println("Begin Record Number: " + row): null

2023-02-08 18:36:38 - [TEST_STEP][PASSED] - today = new java.util.Date(): null

2023-02-08 18:36:38 - [TEST_STEP][PASSED] - println(today): null

2023-02-08 18:36:38 - [TEST_STEP][PASSED] - datText = today: null

2023-02-08 18:36:38 - [TEST_STEP][PASSED] - openBrowser(VLinkURL + "authcap.html"): Browser is opened with url: 'https://dev-algorithm.govolution.com/vlinktest/QA/version_2_0/authcap.html'

2023-02-08 18:36:38 - [MESSAGE][INFO] - Starting 'Chrome' driver

2023-02-08 18:36:38 - [MESSAGE][INFO] - User set preference: ['acceptInsecureCerts', 'true']

2023-02-08 18:36:38 - [MESSAGE][INFO] - Action delay is set to 0 milliseconds

2023-02-08 18:36:40 - [MESSAGE][PASSED] - Browser is opened with url: 'https://dev-algorithm.govolution.com/vlinktest/QA/version_2_0/authcap.html'

2023-02-08 18:36:40 - [TEST_STEP][PASSED] - maximizeWindow(): Current window maximized

2023-02-08 18:36:40 - [MESSAGE][PASSED] - Current window maximized

2023-02-08 18:36:40 - [TEST_STEP][PASSED] - vlinkPages.saleCCPage.setDataSCC(row, dataFile): vlinkPages.saleCCPage.setDataSCC is PASSED

2023-02-08 18:36:44 - [MESSAGE][PASSED] - Object 'Object Repository/VLink/Page_CCSale/txt_CardNumber' is present

2023-02-08 18:36:45 - [MESSAGE][PASSED] - Text '104' is set on object 'Object Repository/VLink/Page_CCSale/txt_TransactionType'

2023-02-08 18:36:45 - [MESSAGE][PASSED] - Text '2.0C' is set on object 'Object Repository/VLink/Page_CCSale/txt_MessageVersion'

2023-02-08 18:36:46 - [MESSAGE][PASSED] - Text '7wG40lNtr8LN' is set on object 'Object Repository/VLink/Page_CCSale/txt_RemID'

2023-02-08 18:36:47 - [MESSAGE][PASSED] - Text '234' is set on object 'Object Repository/VLink/Page_CCSale/txt_ApplicationId'

2023-02-08 18:36:47 - [MESSAGE][PASSED] - Text 'username' is set on object 'Object Repository/VLink/Page_CCSale/txt_Username'

2023-02-08 18:36:48 - [MESSAGE][PASSED] - Text 'password' is set on object 'Object Repository/VLink/Page_CCSale/txt_Password'

2023-02-08 18:36:48 - [MESSAGE][PASSED] - Text '' is set on object 'Object Repository/VLink/Page_CCSale/txt_ResponseFormat'

2023-02-08 18:36:49 - [MESSAGE][PASSED] - Text 'RETL' is set on object 'Object Repository/VLink/Page_CCSale/txt_Category'

2023-02-08 18:36:50 - [MESSAGE][PASSED] - Text '' is set on object 'Object Repository/VLink/Page_CCSale/txt_TransactionID'

2023-02-08 18:36:50 - [MESSAGE][PASSED] - Text '' is set on object 'Object Repository/VLink/Page_CCSale/txt_ApprovalCode'

2023-02-08 18:36:51 - [MESSAGE][PASSED] - Text 'Kris Roshan' is set on object 'Object Repository/VLink/Page_CCSale/txt_CardName'

2023-02-08 18:36:51 - [MESSAGE][PASSED] - Text '258 Elm Road' is set on object 'Object Repository/VLink/Page_CCSale/txt_AL1'

2023-02-08 18:36:52 - [MESSAGE][PASSED] - Text 'Suite 56' is set on object 'Object Repository/VLink/Page_CCSale/txt_AL2'

2023-02-08 18:36:53 - [MESSAGE][PASSED] - Text 'Arlington' is set on object 'Object Repository/VLink/Page_CCSale/txt_CardCity'

2023-02-08 18:36:53 - [MESSAGE][PASSED] - Text 'VA' is set on object 'Object Repository/VLink/Page_CCSale/txt_CardState'

2023-02-08 18:36:54 - [MESSAGE][PASSED] - Text '22201' is set on object 'Object Repository/VLink/Page_CCSale/txt_CardZIP'

2023-02-08 18:36:55 - [MESSAGE][PASSED] - Text '840' is set on object 'Object Repository/VLink/Page_CCSale/txt_CountryID'

2023-02-08 18:36:55 - [MESSAGE][PASSED] - Text '1.50' is set on object 'Object Repository/VLink/Page_CCSale/txt_Amount'

2023-02-08 18:36:56 - [MESSAGE][PASSED] - Text '4111111111111111' is set on object 'Object Repository/VLink/Page_CCSale/txt_CardNumber'

2023-02-08 18:36:57 - [MESSAGE][PASSED] - Text '12' is set on object 'Object Repository/VLink/Page_CCSale/txt_ExpMonth'

2023-02-08 18:36:57 - [MESSAGE][PASSED] - Text '2025' is set on object 'Object Repository/VLink/Page_CCSale/txt_ExpYear'

2023-02-08 18:36:58 - [MESSAGE][PASSED] - Text '' is set on object 'Object Repository/VLink/Page_CCSale/txt_CVV'

2023-02-08 18:36:59 - [MESSAGE][PASSED] - Text '' is set on object 'Object Repository/VLink/Page_CCSale/txt_CVVstate'

2023-02-08 18:36:59 - [MESSAGE][PASSED] - Text '' is set on object 'Object Repository/VLink/Page_CCSale/txt_TrackData'

2023-02-08 18:37:00 - [MESSAGE][PASSED] - Text '' is set on object 'Object Repository/VLink/Page_CCSale/txt_Track1Data'

2023-02-08 18:37:00 - [MESSAGE][PASSED] - Text '' is set on object 'Object Repository/VLink/Page_CCSale/txt_Track2Data'

2023-02-08 18:37:01 - [MESSAGE][PASSED] - Text 'manual' is set on object 'Object Repository/VLink/Page_CCSale/txt_POSEntryMode'

2023-02-08 18:37:02 - [MESSAGE][PASSED] - Text 'iahmed@govolution.com' is set on object 'Object Repository/VLink/Page_CCSale/txt_Email'

2023-02-08 18:37:02 - [MESSAGE][PASSED] - Text '2569362' is set on object 'Object Repository/VLink/Page_CCSale/txt_OrderNumber'

2023-02-08 18:37:03 - [MESSAGE][PASSED] - Text '1.15' is set on object 'Object Repository/VLink/Page_CCSale/txt_TaxAmount'

2023-02-08 18:37:03 - [MESSAGE][PASSED] - Text 'Charge Description' is set on object 'Object Repository/VLink/Page_CCSale/txt_ChargeDescription'

2023-02-08 18:37:04 - [MESSAGE][PASSED] - Text '147357' is set on object 'Object Repository/VLink/Page_CCSale/txt_CAN'

2023-02-08 18:37:05 - [MESSAGE][PASSED] - Text '1' is set on object 'Object Repository/VLink/Page_CCSale/txt_BillPaymentIndicator'

2023-02-08 18:37:05 - [MESSAGE][PASSED] - Text 'UDF Data 1' is set on object 'Object Repository/VLink/Page_CCSale/txt_UDF1'

2023-02-08 18:37:06 - [MESSAGE][PASSED] - Text 'UDF Data 2' is set on object 'Object Repository/VLink/Page_CCSale/txt_UDF2'

2023-02-08 18:37:06 - [MESSAGE][PASSED] - Text 'UDF Data 3' is set on object 'Object Repository/VLink/Page_CCSale/txt_UDF3'

2023-02-08 18:37:07 - [MESSAGE][PASSED] - Text 'UDF Data 4' is set on object 'Object Repository/VLink/Page_CCSale/txt_UDF4'

2023-02-08 18:37:08 - [MESSAGE][PASSED] - Text 'UDF Data 5' is set on object 'Object Repository/VLink/Page_CCSale/txt_UDF5'

2023-02-08 18:37:08 - [MESSAGE][PASSED] - Text 'UDF Data 6' is set on object 'Object Repository/VLink/Page_CCSale/txt_UDF6'

2023-02-08 18:37:09 - [MESSAGE][PASSED] - Text 'UDF Data 7' is set on object 'Object Repository/VLink/Page_CCSale/txt_UDF7'

2023-02-08 18:37:10 - [MESSAGE][PASSED] - Text 'UDF Data 8' is set on object 'Object Repository/VLink/Page_CCSale/txt_UDF8'

2023-02-08 18:37:10 - [MESSAGE][PASSED] - Text 'UDF Data 9' is set on object 'Object Repository/VLink/Page_CCSale/txt_UDF9'

2023-02-08 18:37:11 - [MESSAGE][PASSED] - Text 'UDF Data 10' is set on object 'Object Repository/VLink/Page_CCSale/txt_UDF10'

2023-02-08 18:37:11 - [MESSAGE][PASSED] - Object: 'Object Repository/VLink/Page_CCSale/btn_ProcessVLinkTransaction' is clicked on

2023-02-08 18:37:17 - [MESSAGE][PASSED] - vlinkPages.saleCCPage.setDataSCC is PASSED

2023-02-08 18:37:17 - [TEST_STEP][PASSED] - if (verifyTextPresent(errorMsg, true)): null

2023-02-08 18:37:17 - [MESSAGE][PASSED] - Text 'response_format' is present on page  using regular expression

2023-02-08 18:37:17 - [TEST_STEP][PASSED] - println("Transaction Approved, no errors text is present on the Confirmation page"): null

2023-02-08 18:37:17 - [TEST_STEP][PASSED] - out.println("Pass Record Number: " + row): null

2023-02-08 18:37:17 - [TEST_STEP][PASSED] - resText = "Pass": null

2023-02-08 18:37:17 - [TEST_STEP][PASSED] - pages.WriteExcel.demoKey(resText, datText, resColumn, datCloumn, fileLoc, nameSheet, row): pages.WriteExcel.demoKey is PASSED

2023-02-08 18:37:17 - [MESSAGE][PASSED] - pages.WriteExcel.demoKey is PASSED

2023-02-08 18:37:17 - [TEST_STEP][PASSED] - sdfo = getText(findTestObject("Object Repository/Page_VLinkReceipt/pre_STX")): Text of object 'Object Repository/Page_VLinkReceipt/pre_STX' is: '<STX>7wG40lNtr8LN                                      2  Transaction failed                                20 Missing Parameter(s): response_format                                                      <ETX>'

2023-02-08 18:37:17 - [MESSAGE][PASSED] - Text of object 'Object Repository/Page_VLinkReceipt/pre_STX' is: '<STX>7wG40lNtr8LN                                      2  Transaction failed                                20 Missing Parameter(s): response_format                                                      <ETX>'

2023-02-08 18:37:17 - [TEST_STEP][PASSED] - out.println("sdfo: " + sdfo): null

2023-02-08 18:37:17 - [TEST_STEP][PASSED] - remID = substring(5, 35).trim(): null

2023-02-08 18:37:17 - [TEST_STEP][PASSED] - out.println("Remittance ID: " + remID): null

2023-02-08 18:37:17 - [TEST_STEP][PASSED] - traxID = substring(35, 55).trim(): null

2023-02-08 18:37:17 - [TEST_STEP][PASSED] - out.println("Transaction ID: " + traxID): null

2023-02-08 18:37:17 - [TEST_STEP][PASSED] - out.println("End Record Number: " + row): null

2023-02-08 18:37:17 - [TEST_STEP][PASSED] - closeBrowser(): Browser is closed

2023-02-08 18:37:18 - [MESSAGE][PASSED] - Browser is closed

2023-02-08 18:37:18 - [TEST_STEP][PASSED] - ExecuteTC = findTestData(dataFile).getValue("Execute", row): null

2023-02-08 18:37:18 - [TEST_STEP][PASSED] - out.println("Value of Execute is : " + ExecuteTC): null

2023-02-08 18:37:18 - [TEST_STEP][PASSED] - errorMsg = findTestData(dataFile).getValue("ErrorMsg", row): null

2023-02-08 18:37:18 - [TEST_STEP][PASSED] - if (ExecuteTC.equalsIgnoreCase("Y")): Browser is closed

2023-02-08 18:37:18 - [TEST_STEP][PASSED] - out.println("Begin Record Number: " + row): null

2023-02-08 18:37:18 - [TEST_STEP][PASSED] - today = new java.util.Date(): null

2023-02-08 18:37:18 - [TEST_STEP][PASSED] - println(today): null

2023-02-08 18:37:18 - [TEST_STEP][PASSED] - datText = today: null

2023-02-08 18:37:18 - [TEST_STEP][PASSED] - openBrowser(VLinkURL + "authcap.html"): Browser is opened with url: 'https://dev-algorithm.govolution.com/vlinktest/QA/version_2_0/authcap.html'

2023-02-08 18:37:18 - [MESSAGE][INFO] - Starting 'Chrome' driver

2023-02-08 18:37:18 - [MESSAGE][INFO] - User set preference: ['acceptInsecureCerts', 'true']

2023-02-08 18:37:18 - [MESSAGE][INFO] - Action delay is set to 0 milliseconds

2023-02-08 18:37:20 - [MESSAGE][PASSED] - Browser is opened with url: 'https://dev-algorithm.govolution.com/vlinktest/QA/version_2_0/authcap.html'

2023-02-08 18:37:20 - [TEST_STEP][PASSED] - maximizeWindow(): Current window maximized

2023-02-08 18:37:20 - [MESSAGE][PASSED] - Current window maximized

2023-02-08 18:37:20 - [TEST_STEP][PASSED] - vlinkPages.saleCCPage.setDataSCC(row, dataFile): vlinkPages.saleCCPage.setDataSCC is PASSED

2023-02-08 18:37:24 - [MESSAGE][PASSED] - Object 'Object Repository/VLink/Page_CCSale/txt_CardNumber' is present

2023-02-08 18:37:25 - [MESSAGE][PASSED] - Text '104' is set on object 'Object Repository/VLink/Page_CCSale/txt_TransactionType'

2023-02-08 18:37:26 - [MESSAGE][PASSED] - Text '2.0C' is set on object 'Object Repository/VLink/Page_CCSale/txt_MessageVersion'

2023-02-08 18:37:26 - [MESSAGE][PASSED] - Text 'n8r30js8chmZ' is set on object 'Object Repository/VLink/Page_CCSale/txt_RemID'

2023-02-08 18:37:27 - [MESSAGE][PASSED] - Text '234' is set on object 'Object Repository/VLink/Page_CCSale/txt_ApplicationId'

2023-02-08 18:37:27 - [MESSAGE][PASSED] - Text 'username' is set on object 'Object Repository/VLink/Page_CCSale/txt_Username'

2023-02-08 18:37:28 - [MESSAGE][PASSED] - Text 'password' is set on object 'Object Repository/VLink/Page_CCSale/txt_Password'

2023-02-08 18:37:29 - [MESSAGE][PASSED] - Text 'fixed_width' is set on object 'Object Repository/VLink/Page_CCSale/txt_ResponseFormat'

2023-02-08 18:37:29 - [MESSAGE][PASSED] - Text '' is set on object 'Object Repository/VLink/Page_CCSale/txt_Category'

2023-02-08 18:37:30 - [MESSAGE][PASSED] - Text '' is set on object 'Object Repository/VLink/Page_CCSale/txt_TransactionID'

2023-02-08 18:37:31 - [MESSAGE][PASSED] - Text '' is set on object 'Object Repository/VLink/Page_CCSale/txt_ApprovalCode'

2023-02-08 18:37:31 - [MESSAGE][PASSED] - Text 'Kris Roshan' is set on object 'Object Repository/VLink/Page_CCSale/txt_CardName'

2023-02-08 18:37:32 - [MESSAGE][PASSED] - Text '258 Elm Road' is set on object 'Object Repository/VLink/Page_CCSale/txt_AL1'

2023-02-08 18:37:32 - [MESSAGE][PASSED] - Text 'Suite 56' is set on object 'Object Repository/VLink/Page_CCSale/txt_AL2'

2023-02-08 18:37:33 - [MESSAGE][PASSED] - Text 'Arlington' is set on object 'Object Repository/VLink/Page_CCSale/txt_CardCity'

2023-02-08 18:37:34 - [MESSAGE][PASSED] - Text 'VA' is set on object 'Object Repository/VLink/Page_CCSale/txt_CardState'

2023-02-08 18:37:35 - [MESSAGE][PASSED] - Text '22201' is set on object 'Object Repository/VLink/Page_CCSale/txt_CardZIP'

2023-02-08 18:37:35 - [MESSAGE][PASSED] - Text '840' is set on object 'Object Repository/VLink/Page_CCSale/txt_CountryID'

2023-02-08 18:37:36 - [MESSAGE][PASSED] - Text '1.50' is set on object 'Object Repository/VLink/Page_CCSale/txt_Amount'

2023-02-08 18:37:36 - [MESSAGE][PASSED] - Text '4111111111111111' is set on object 'Object Repository/VLink/Page_CCSale/txt_CardNumber'

2023-02-08 18:37:37 - [MESSAGE][PASSED] - Text '12' is set on object 'Object Repository/VLink/Page_CCSale/txt_ExpMonth'

2023-02-08 18:37:38 - [MESSAGE][PASSED] - Text '2025' is set on object 'Object Repository/VLink/Page_CCSale/txt_ExpYear'

2023-02-08 18:37:38 - [MESSAGE][PASSED] - Text '' is set on object 'Object Repository/VLink/Page_CCSale/txt_CVV'

2023-02-08 18:37:39 - [MESSAGE][PASSED] - Text '' is set on object 'Object Repository/VLink/Page_CCSale/txt_CVVstate'

2023-02-08 18:37:39 - [MESSAGE][PASSED] - Text '' is set on object 'Object Repository/VLink/Page_CCSale/txt_TrackData'

2023-02-08 18:37:40 - [MESSAGE][PASSED] - Text '' is set on object 'Object Repository/VLink/Page_CCSale/txt_Track1Data'

2023-02-08 18:37:41 - [MESSAGE][PASSED] - Text '' is set on object 'Object Repository/VLink/Page_CCSale/txt_Track2Data'

2023-02-08 18:37:41 - [MESSAGE][PASSED] - Text 'manual' is set on object 'Object Repository/VLink/Page_CCSale/txt_POSEntryMode'

2023-02-08 18:37:42 - [MESSAGE][PASSED] - Text 'iahmed@govolution.com' is set on object 'Object Repository/VLink/Page_CCSale/txt_Email'

2023-02-08 18:37:42 - [MESSAGE][PASSED] - Text '2569362' is set on object 'Object Repository/VLink/Page_CCSale/txt_OrderNumber'

2023-02-08 18:37:43 - [MESSAGE][PASSED] - Text '1.15' is set on object 'Object Repository/VLink/Page_CCSale/txt_TaxAmount'

2023-02-08 18:37:44 - [MESSAGE][PASSED] - Text 'Charge Description' is set on object 'Object Repository/VLink/Page_CCSale/txt_ChargeDescription'

2023-02-08 18:37:44 - [MESSAGE][PASSED] - Text '147357' is set on object 'Object Repository/VLink/Page_CCSale/txt_CAN'

2023-02-08 18:37:45 - [MESSAGE][PASSED] - Text '1' is set on object 'Object Repository/VLink/Page_CCSale/txt_BillPaymentIndicator'

2023-02-08 18:37:46 - [MESSAGE][PASSED] - Text 'UDF Data 1' is set on object 'Object Repository/VLink/Page_CCSale/txt_UDF1'

2023-02-08 18:37:46 - [MESSAGE][PASSED] - Text 'UDF Data 2' is set on object 'Object Repository/VLink/Page_CCSale/txt_UDF2'

2023-02-08 18:37:47 - [MESSAGE][PASSED] - Text 'UDF Data 3' is set on object 'Object Repository/VLink/Page_CCSale/txt_UDF3'

2023-02-08 18:37:47 - [MESSAGE][PASSED] - Text 'UDF Data 4' is set on object 'Object Repository/VLink/Page_CCSale/txt_UDF4'

2023-02-08 18:37:48 - [MESSAGE][PASSED] - Text 'UDF Data 5' is set on object 'Object Repository/VLink/Page_CCSale/txt_UDF5'

2023-02-08 18:37:49 - [MESSAGE][PASSED] - Text 'UDF Data 6' is set on object 'Object Repository/VLink/Page_CCSale/txt_UDF6'

2023-02-08 18:37:49 - [MESSAGE][PASSED] - Text 'UDF Data 7' is set on object 'Object Repository/VLink/Page_CCSale/txt_UDF7'

2023-02-08 18:37:50 - [MESSAGE][PASSED] - Text 'UDF Data 8' is set on object 'Object Repository/VLink/Page_CCSale/txt_UDF8'

2023-02-08 18:37:50 - [MESSAGE][PASSED] - Text 'UDF Data 9' is set on object 'Object Repository/VLink/Page_CCSale/txt_UDF9'

2023-02-08 18:37:51 - [MESSAGE][PASSED] - Text 'UDF Data 10' is set on object 'Object Repository/VLink/Page_CCSale/txt_UDF10'

2023-02-08 18:37:52 - [MESSAGE][PASSED] - Object: 'Object Repository/VLink/Page_CCSale/btn_ProcessVLinkTransaction' is clicked on

2023-02-08 18:37:57 - [MESSAGE][PASSED] - vlinkPages.saleCCPage.setDataSCC is PASSED

2023-02-08 18:37:57 - [TEST_STEP][PASSED] - if (verifyTextPresent(errorMsg, true)): null

2023-02-08 18:37:57 - [MESSAGE][PASSED] - Text 'Missing parameter: category' is present on page  using regular expression

2023-02-08 18:37:57 - [TEST_STEP][PASSED] - println("Transaction Approved, no errors text is present on the Confirmation page"): null

2023-02-08 18:37:57 - [TEST_STEP][PASSED] - out.println("Pass Record Number: " + row): null

2023-02-08 18:37:57 - [TEST_STEP][PASSED] - resText = "Pass": null

2023-02-08 18:37:57 - [TEST_STEP][PASSED] - pages.WriteExcel.demoKey(resText, datText, resColumn, datCloumn, fileLoc, nameSheet, row): pages.WriteExcel.demoKey is PASSED

2023-02-08 18:37:57 - [MESSAGE][PASSED] - pages.WriteExcel.demoKey is PASSED

2023-02-08 18:37:57 - [TEST_STEP][PASSED] - sdfo = getText(findTestObject("Object Repository/Page_VLinkReceipt/pre_STX")): Text of object 'Object Repository/Page_VLinkReceipt/pre_STX' is: '<STX>n8r30js8chmZ                                      2  Transaction failed                                20 Missing parameter: category                                                                <ETX>'

2023-02-08 18:37:57 - [MESSAGE][PASSED] - Text of object 'Object Repository/Page_VLinkReceipt/pre_STX' is: '<STX>n8r30js8chmZ                                      2  Transaction failed                                20 Missing parameter: category                                                                <ETX>'

2023-02-08 18:37:57 - [TEST_STEP][PASSED] - out.println("sdfo: " + sdfo): null

2023-02-08 18:37:57 - [TEST_STEP][PASSED] - remID = substring(5, 35).trim(): null

2023-02-08 18:37:57 - [TEST_STEP][PASSED] - out.println("Remittance ID: " + remID): null

2023-02-08 18:37:57 - [TEST_STEP][PASSED] - traxID = substring(35, 55).trim(): null

2023-02-08 18:37:57 - [TEST_STEP][PASSED] - out.println("Transaction ID: " + traxID): null

2023-02-08 18:37:57 - [TEST_STEP][PASSED] - out.println("End Record Number: " + row): null

2023-02-08 18:37:57 - [TEST_STEP][PASSED] - closeBrowser(): Browser is closed

2023-02-08 18:37:58 - [MESSAGE][PASSED] - Browser is closed

2023-02-08 18:37:58 - [TEST_STEP][PASSED] - ExecuteTC = findTestData(dataFile).getValue("Execute", row): null

2023-02-08 18:37:59 - [TEST_STEP][PASSED] - out.println("Value of Execute is : " + ExecuteTC): null

2023-02-08 18:37:59 - [TEST_STEP][PASSED] - errorMsg = findTestData(dataFile).getValue("ErrorMsg", row): null

2023-02-08 18:37:59 - [TEST_STEP][PASSED] - if (ExecuteTC.equalsIgnoreCase("Y")): Browser is closed

2023-02-08 18:37:59 - [TEST_STEP][PASSED] - out.println("Begin Record Number: " + row): null

2023-02-08 18:37:59 - [TEST_STEP][PASSED] - today = new java.util.Date(): null

2023-02-08 18:37:59 - [TEST_STEP][PASSED] - println(today): null

2023-02-08 18:37:59 - [TEST_STEP][PASSED] - datText = today: null

2023-02-08 18:37:59 - [TEST_STEP][PASSED] - openBrowser(VLinkURL + "authcap.html"): Browser is opened with url: 'https://dev-algorithm.govolution.com/vlinktest/QA/version_2_0/authcap.html'

2023-02-08 18:37:59 - [MESSAGE][INFO] - Starting 'Chrome' driver

2023-02-08 18:37:59 - [MESSAGE][INFO] - User set preference: ['acceptInsecureCerts', 'true']

2023-02-08 18:37:59 - [MESSAGE][INFO] - Action delay is set to 0 milliseconds

2023-02-08 18:38:00 - [MESSAGE][PASSED] - Browser is opened with url: 'https://dev-algorithm.govolution.com/vlinktest/QA/version_2_0/authcap.html'

2023-02-08 18:38:00 - [TEST_STEP][PASSED] - maximizeWindow(): Current window maximized

2023-02-08 18:38:01 - [MESSAGE][PASSED] - Current window maximized

2023-02-08 18:38:01 - [TEST_STEP][PASSED] - vlinkPages.saleCCPage.setDataSCC(row, dataFile): vlinkPages.saleCCPage.setDataSCC is PASSED

2023-02-08 18:38:05 - [MESSAGE][PASSED] - Object 'Object Repository/VLink/Page_CCSale/txt_CardNumber' is present

2023-02-08 18:38:05 - [MESSAGE][PASSED] - Text '104' is set on object 'Object Repository/VLink/Page_CCSale/txt_TransactionType'

2023-02-08 18:38:06 - [MESSAGE][PASSED] - Text '2.0C' is set on object 'Object Repository/VLink/Page_CCSale/txt_MessageVersion'

2023-02-08 18:38:06 - [MESSAGE][PASSED] - Text 'VPNdYKblh8zD' is set on object 'Object Repository/VLink/Page_CCSale/txt_RemID'

2023-02-08 18:38:07 - [MESSAGE][PASSED] - Text '234' is set on object 'Object Repository/VLink/Page_CCSale/txt_ApplicationId'

2023-02-08 18:38:08 - [MESSAGE][PASSED] - Text 'username' is set on object 'Object Repository/VLink/Page_CCSale/txt_Username'

2023-02-08 18:38:08 - [MESSAGE][PASSED] - Text 'password' is set on object 'Object Repository/VLink/Page_CCSale/txt_Password'

2023-02-08 18:38:09 - [MESSAGE][PASSED] - Text 'fixed_width' is set on object 'Object Repository/VLink/Page_CCSale/txt_ResponseFormat'

2023-02-08 18:38:10 - [MESSAGE][PASSED] - Text 'ECOM' is set on object 'Object Repository/VLink/Page_CCSale/txt_Category'

2023-02-08 18:38:10 - [MESSAGE][PASSED] - Text '' is set on object 'Object Repository/VLink/Page_CCSale/txt_TransactionID'

2023-02-08 18:38:11 - [MESSAGE][PASSED] - Text '' is set on object 'Object Repository/VLink/Page_CCSale/txt_ApprovalCode'

2023-02-08 18:38:11 - [MESSAGE][PASSED] - Text '' is set on object 'Object Repository/VLink/Page_CCSale/txt_CardName'

2023-02-08 18:38:12 - [MESSAGE][PASSED] - Text '258 Elm Road' is set on object 'Object Repository/VLink/Page_CCSale/txt_AL1'

2023-02-08 18:38:13 - [MESSAGE][PASSED] - Text 'Suite 56' is set on object 'Object Repository/VLink/Page_CCSale/txt_AL2'

2023-02-08 18:38:13 - [MESSAGE][PASSED] - Text 'Arlington' is set on object 'Object Repository/VLink/Page_CCSale/txt_CardCity'

2023-02-08 18:38:14 - [MESSAGE][PASSED] - Text 'VA' is set on object 'Object Repository/VLink/Page_CCSale/txt_CardState'

2023-02-08 18:38:15 - [MESSAGE][PASSED] - Text '22201' is set on object 'Object Repository/VLink/Page_CCSale/txt_CardZIP'

2023-02-08 18:38:15 - [MESSAGE][PASSED] - Text '840' is set on object 'Object Repository/VLink/Page_CCSale/txt_CountryID'

2023-02-08 18:38:16 - [MESSAGE][PASSED] - Text '1.50' is set on object 'Object Repository/VLink/Page_CCSale/txt_Amount'

2023-02-08 18:38:17 - [MESSAGE][PASSED] - Text '4111111111111111' is set on object 'Object Repository/VLink/Page_CCSale/txt_CardNumber'

2023-02-08 18:38:17 - [MESSAGE][PASSED] - Text '12' is set on object 'Object Repository/VLink/Page_CCSale/txt_ExpMonth'

2023-02-08 18:38:18 - [MESSAGE][PASSED] - Text '2025' is set on object 'Object Repository/VLink/Page_CCSale/txt_ExpYear'

2023-02-08 18:38:18 - [MESSAGE][PASSED] - Text '' is set on object 'Object Repository/VLink/Page_CCSale/txt_CVV'

2023-02-08 18:38:19 - [MESSAGE][PASSED] - Text '' is set on object 'Object Repository/VLink/Page_CCSale/txt_CVVstate'

2023-02-08 18:38:20 - [MESSAGE][PASSED] - Text '' is set on object 'Object Repository/VLink/Page_CCSale/txt_TrackData'

2023-02-08 18:38:20 - [MESSAGE][PASSED] - Text '' is set on object 'Object Repository/VLink/Page_CCSale/txt_Track1Data'

2023-02-08 18:38:21 - [MESSAGE][PASSED] - Text '' is set on object 'Object Repository/VLink/Page_CCSale/txt_Track2Data'

2023-02-08 18:38:21 - [MESSAGE][PASSED] - Text 'manual' is set on object 'Object Repository/VLink/Page_CCSale/txt_POSEntryMode'

2023-02-08 18:38:22 - [MESSAGE][PASSED] - Text 'iahmed@govolution.com' is set on object 'Object Repository/VLink/Page_CCSale/txt_Email'

2023-02-08 18:38:23 - [MESSAGE][PASSED] - Text '2569362' is set on object 'Object Repository/VLink/Page_CCSale/txt_OrderNumber'

2023-02-08 18:38:23 - [MESSAGE][PASSED] - Text '1.15' is set on object 'Object Repository/VLink/Page_CCSale/txt_TaxAmount'

2023-02-08 18:38:24 - [MESSAGE][PASSED] - Text 'Charge Description' is set on object 'Object Repository/VLink/Page_CCSale/txt_ChargeDescription'

2023-02-08 18:38:24 - [MESSAGE][PASSED] - Text '147357' is set on object 'Object Repository/VLink/Page_CCSale/txt_CAN'

2023-02-08 18:38:25 - [MESSAGE][PASSED] - Text '1' is set on object 'Object Repository/VLink/Page_CCSale/txt_BillPaymentIndicator'

2023-02-08 18:38:26 - [MESSAGE][PASSED] - Text 'UDF Data 1' is set on object 'Object Repository/VLink/Page_CCSale/txt_UDF1'

2023-02-08 18:38:26 - [MESSAGE][PASSED] - Text 'UDF Data 2' is set on object 'Object Repository/VLink/Page_CCSale/txt_UDF2'

2023-02-08 18:38:27 - [MESSAGE][PASSED] - Text 'UDF Data 3' is set on object 'Object Repository/VLink/Page_CCSale/txt_UDF3'

2023-02-08 18:38:28 - [MESSAGE][PASSED] - Text 'UDF Data 4' is set on object 'Object Repository/VLink/Page_CCSale/txt_UDF4'

2023-02-08 18:38:28 - [MESSAGE][PASSED] - Text 'UDF Data 5' is set on object 'Object Repository/VLink/Page_CCSale/txt_UDF5'

2023-02-08 18:38:29 - [MESSAGE][PASSED] - Text 'UDF Data 6' is set on object 'Object Repository/VLink/Page_CCSale/txt_UDF6'

2023-02-08 18:38:29 - [MESSAGE][PASSED] - Text 'UDF Data 7' is set on object 'Object Repository/VLink/Page_CCSale/txt_UDF7'

2023-02-08 18:38:30 - [MESSAGE][PASSED] - Text 'UDF Data 8' is set on object 'Object Repository/VLink/Page_CCSale/txt_UDF8'

2023-02-08 18:38:31 - [MESSAGE][PASSED] - Text 'UDF Data 9' is set on object 'Object Repository/VLink/Page_CCSale/txt_UDF9'

2023-02-08 18:38:31 - [MESSAGE][PASSED] - Text 'UDF Data 10' is set on object 'Object Repository/VLink/Page_CCSale/txt_UDF10'

2023-02-08 18:38:32 - [MESSAGE][PASSED] - Object: 'Object Repository/VLink/Page_CCSale/btn_ProcessVLinkTransaction' is clicked on

2023-02-08 18:38:37 - [MESSAGE][PASSED] - vlinkPages.saleCCPage.setDataSCC is PASSED

2023-02-08 18:38:37 - [TEST_STEP][PASSED] - if (verifyTextPresent(errorMsg, true)): null

2023-02-08 18:38:37 - [MESSAGE][PASSED] - Text 'card_name' is present on page  using regular expression

2023-02-08 18:38:37 - [TEST_STEP][PASSED] - println("Transaction Approved, no errors text is present on the Confirmation page"): null

2023-02-08 18:38:37 - [TEST_STEP][PASSED] - out.println("Pass Record Number: " + row): null

2023-02-08 18:38:37 - [TEST_STEP][PASSED] - resText = "Pass": null

2023-02-08 18:38:37 - [TEST_STEP][PASSED] - pages.WriteExcel.demoKey(resText, datText, resColumn, datCloumn, fileLoc, nameSheet, row): pages.WriteExcel.demoKey is PASSED

2023-02-08 18:38:37 - [MESSAGE][PASSED] - pages.WriteExcel.demoKey is PASSED

2023-02-08 18:38:37 - [TEST_STEP][PASSED] - sdfo = getText(findTestObject("Object Repository/Page_VLinkReceipt/pre_STX")): Text of object 'Object Repository/Page_VLinkReceipt/pre_STX' is: '<STX>VPNdYKblh8zD                                      2  Transaction failed                                20 Missing Parameter(s): card_name                                                            <ETX>'

2023-02-08 18:38:38 - [MESSAGE][PASSED] - Text of object 'Object Repository/Page_VLinkReceipt/pre_STX' is: '<STX>VPNdYKblh8zD                                      2  Transaction failed                                20 Missing Parameter(s): card_name                                                            <ETX>'

2023-02-08 18:38:38 - [TEST_STEP][PASSED] - out.println("sdfo: " + sdfo): null

2023-02-08 18:38:38 - [TEST_STEP][PASSED] - remID = substring(5, 35).trim(): null

2023-02-08 18:38:38 - [TEST_STEP][PASSED] - out.println("Remittance ID: " + remID): null

2023-02-08 18:38:38 - [TEST_STEP][PASSED] - traxID = substring(35, 55).trim(): null

2023-02-08 18:38:38 - [TEST_STEP][PASSED] - out.println("Transaction ID: " + traxID): null

2023-02-08 18:38:38 - [TEST_STEP][PASSED] - out.println("End Record Number: " + row): null

2023-02-08 18:38:38 - [TEST_STEP][PASSED] - closeBrowser(): Browser is closed

2023-02-08 18:38:39 - [MESSAGE][PASSED] - Browser is closed

2023-02-08 18:38:39 - [TEST_STEP][PASSED] - ExecuteTC = findTestData(dataFile).getValue("Execute", row): null

2023-02-08 18:38:39 - [TEST_STEP][PASSED] - out.println("Value of Execute is : " + ExecuteTC): null

2023-02-08 18:38:39 - [TEST_STEP][PASSED] - errorMsg = findTestData(dataFile).getValue("ErrorMsg", row): null

2023-02-08 18:38:39 - [TEST_STEP][PASSED] - if (ExecuteTC.equalsIgnoreCase("Y")): Browser is closed

2023-02-08 18:38:39 - [TEST_STEP][PASSED] - out.println("Begin Record Number: " + row): null

2023-02-08 18:38:39 - [TEST_STEP][PASSED] - today = new java.util.Date(): null

2023-02-08 18:38:39 - [TEST_STEP][PASSED] - println(today): null

2023-02-08 18:38:39 - [TEST_STEP][PASSED] - datText = today: null

2023-02-08 18:38:39 - [TEST_STEP][PASSED] - openBrowser(VLinkURL + "authcap.html"): Browser is opened with url: 'https://dev-algorithm.govolution.com/vlinktest/QA/version_2_0/authcap.html'

2023-02-08 18:38:39 - [MESSAGE][INFO] - Starting 'Chrome' driver

2023-02-08 18:38:39 - [MESSAGE][INFO] - User set preference: ['acceptInsecureCerts', 'true']

2023-02-08 18:38:39 - [MESSAGE][INFO] - Action delay is set to 0 milliseconds

2023-02-08 18:38:41 - [MESSAGE][PASSED] - Browser is opened with url: 'https://dev-algorithm.govolution.com/vlinktest/QA/version_2_0/authcap.html'

2023-02-08 18:38:41 - [TEST_STEP][PASSED] - maximizeWindow(): Current window maximized

2023-02-08 18:38:41 - [MESSAGE][PASSED] - Current window maximized

2023-02-08 18:38:41 - [TEST_STEP][PASSED] - vlinkPages.saleCCPage.setDataSCC(row, dataFile): vlinkPages.saleCCPage.setDataSCC is PASSED

2023-02-08 18:38:45 - [MESSAGE][PASSED] - Object 'Object Repository/VLink/Page_CCSale/txt_CardNumber' is present

2023-02-08 18:38:45 - [MESSAGE][PASSED] - Text '104' is set on object 'Object Repository/VLink/Page_CCSale/txt_TransactionType'

2023-02-08 18:38:46 - [MESSAGE][PASSED] - Text '2.0C' is set on object 'Object Repository/VLink/Page_CCSale/txt_MessageVersion'

2023-02-08 18:38:47 - [MESSAGE][PASSED] - Text 'Dkp7W5CGOTqI' is set on object 'Object Repository/VLink/Page_CCSale/txt_RemID'

2023-02-08 18:38:47 - [MESSAGE][PASSED] - Text '234' is set on object 'Object Repository/VLink/Page_CCSale/txt_ApplicationId'

2023-02-08 18:38:48 - [MESSAGE][PASSED] - Text 'username' is set on object 'Object Repository/VLink/Page_CCSale/txt_Username'

2023-02-08 18:38:48 - [MESSAGE][PASSED] - Text 'password' is set on object 'Object Repository/VLink/Page_CCSale/txt_Password'

2023-02-08 18:38:49 - [MESSAGE][PASSED] - Text 'fixed_width' is set on object 'Object Repository/VLink/Page_CCSale/txt_ResponseFormat'

2023-02-08 18:38:50 - [MESSAGE][PASSED] - Text 'MOTO' is set on object 'Object Repository/VLink/Page_CCSale/txt_Category'

2023-02-08 18:38:50 - [MESSAGE][PASSED] - Text '' is set on object 'Object Repository/VLink/Page_CCSale/txt_TransactionID'

2023-02-08 18:38:51 - [MESSAGE][PASSED] - Text '' is set on object 'Object Repository/VLink/Page_CCSale/txt_ApprovalCode'

2023-02-08 18:38:51 - [MESSAGE][PASSED] - Text '' is set on object 'Object Repository/VLink/Page_CCSale/txt_CardName'

2023-02-08 18:38:52 - [MESSAGE][PASSED] - Text '258 Elm Road' is set on object 'Object Repository/VLink/Page_CCSale/txt_AL1'

2023-02-08 18:38:53 - [MESSAGE][PASSED] - Text 'Suite 56' is set on object 'Object Repository/VLink/Page_CCSale/txt_AL2'

2023-02-08 18:38:53 - [MESSAGE][PASSED] - Text 'Arlington' is set on object 'Object Repository/VLink/Page_CCSale/txt_CardCity'

2023-02-08 18:38:54 - [MESSAGE][PASSED] - Text 'VA' is set on object 'Object Repository/VLink/Page_CCSale/txt_CardState'

2023-02-08 18:38:55 - [MESSAGE][PASSED] - Text '22201' is set on object 'Object Repository/VLink/Page_CCSale/txt_CardZIP'

2023-02-08 18:38:56 - [MESSAGE][PASSED] - Text '840' is set on object 'Object Repository/VLink/Page_CCSale/txt_CountryID'

2023-02-08 18:38:56 - [MESSAGE][PASSED] - Text '1.50' is set on object 'Object Repository/VLink/Page_CCSale/txt_Amount'

2023-02-08 18:38:57 - [MESSAGE][PASSED] - Text '4111111111111111' is set on object 'Object Repository/VLink/Page_CCSale/txt_CardNumber'

2023-02-08 18:38:57 - [MESSAGE][PASSED] - Text '12' is set on object 'Object Repository/VLink/Page_CCSale/txt_ExpMonth'

2023-02-08 18:38:58 - [MESSAGE][PASSED] - Text '2025' is set on object 'Object Repository/VLink/Page_CCSale/txt_ExpYear'

2023-02-08 18:38:59 - [MESSAGE][PASSED] - Text '' is set on object 'Object Repository/VLink/Page_CCSale/txt_CVV'

2023-02-08 18:38:59 - [MESSAGE][PASSED] - Text '' is set on object 'Object Repository/VLink/Page_CCSale/txt_CVVstate'

2023-02-08 18:39:00 - [MESSAGE][PASSED] - Text '' is set on object 'Object Repository/VLink/Page_CCSale/txt_TrackData'

2023-02-08 18:39:00 - [MESSAGE][PASSED] - Text '' is set on object 'Object Repository/VLink/Page_CCSale/txt_Track1Data'

2023-02-08 18:39:01 - [MESSAGE][PASSED] - Text '' is set on object 'Object Repository/VLink/Page_CCSale/txt_Track2Data'

2023-02-08 18:39:02 - [MESSAGE][PASSED] - Text 'manual' is set on object 'Object Repository/VLink/Page_CCSale/txt_POSEntryMode'

2023-02-08 18:39:02 - [MESSAGE][PASSED] - Text 'iahmed@govolution.com' is set on object 'Object Repository/VLink/Page_CCSale/txt_Email'

2023-02-08 18:39:03 - [MESSAGE][PASSED] - Text '2569362' is set on object 'Object Repository/VLink/Page_CCSale/txt_OrderNumber'

2023-02-08 18:39:03 - [MESSAGE][PASSED] - Text '1.15' is set on object 'Object Repository/VLink/Page_CCSale/txt_TaxAmount'

2023-02-08 18:39:04 - [MESSAGE][PASSED] - Text 'Charge Description' is set on object 'Object Repository/VLink/Page_CCSale/txt_ChargeDescription'

2023-02-08 18:39:05 - [MESSAGE][PASSED] - Text '147357' is set on object 'Object Repository/VLink/Page_CCSale/txt_CAN'

2023-02-08 18:39:05 - [MESSAGE][PASSED] - Text '1' is set on object 'Object Repository/VLink/Page_CCSale/txt_BillPaymentIndicator'

2023-02-08 18:39:06 - [MESSAGE][PASSED] - Text 'UDF Data 1' is set on object 'Object Repository/VLink/Page_CCSale/txt_UDF1'

2023-02-08 18:39:07 - [MESSAGE][PASSED] - Text 'UDF Data 2' is set on object 'Object Repository/VLink/Page_CCSale/txt_UDF2'

2023-02-08 18:39:07 - [MESSAGE][PASSED] - Text 'UDF Data 3' is set on object 'Object Repository/VLink/Page_CCSale/txt_UDF3'

2023-02-08 18:39:08 - [MESSAGE][PASSED] - Text 'UDF Data 4' is set on object 'Object Repository/VLink/Page_CCSale/txt_UDF4'

2023-02-08 18:39:08 - [MESSAGE][PASSED] - Text 'UDF Data 5' is set on object 'Object Repository/VLink/Page_CCSale/txt_UDF5'

2023-02-08 18:39:09 - [MESSAGE][PASSED] - Text 'UDF Data 6' is set on object 'Object Repository/VLink/Page_CCSale/txt_UDF6'

2023-02-08 18:39:10 - [MESSAGE][PASSED] - Text 'UDF Data 7' is set on object 'Object Repository/VLink/Page_CCSale/txt_UDF7'

2023-02-08 18:39:10 - [MESSAGE][PASSED] - Text 'UDF Data 8' is set on object 'Object Repository/VLink/Page_CCSale/txt_UDF8'

2023-02-08 18:39:11 - [MESSAGE][PASSED] - Text 'UDF Data 9' is set on object 'Object Repository/VLink/Page_CCSale/txt_UDF9'

2023-02-08 18:39:12 - [MESSAGE][PASSED] - Text 'UDF Data 10' is set on object 'Object Repository/VLink/Page_CCSale/txt_UDF10'

2023-02-08 18:39:12 - [MESSAGE][PASSED] - Object: 'Object Repository/VLink/Page_CCSale/btn_ProcessVLinkTransaction' is clicked on

2023-02-08 18:39:17 - [MESSAGE][PASSED] - vlinkPages.saleCCPage.setDataSCC is PASSED

2023-02-08 18:39:17 - [TEST_STEP][PASSED] - if (verifyTextPresent(errorMsg, true)): null

2023-02-08 18:39:17 - [MESSAGE][PASSED] - Text 'card_name' is present on page  using regular expression

2023-02-08 18:39:17 - [TEST_STEP][PASSED] - println("Transaction Approved, no errors text is present on the Confirmation page"): null

2023-02-08 18:39:17 - [TEST_STEP][PASSED] - out.println("Pass Record Number: " + row): null

2023-02-08 18:39:17 - [TEST_STEP][PASSED] - resText = "Pass": null

2023-02-08 18:39:17 - [TEST_STEP][PASSED] - pages.WriteExcel.demoKey(resText, datText, resColumn, datCloumn, fileLoc, nameSheet, row): pages.WriteExcel.demoKey is PASSED

2023-02-08 18:39:18 - [MESSAGE][PASSED] - pages.WriteExcel.demoKey is PASSED

2023-02-08 18:39:18 - [TEST_STEP][PASSED] - sdfo = getText(findTestObject("Object Repository/Page_VLinkReceipt/pre_STX")): Text of object 'Object Repository/Page_VLinkReceipt/pre_STX' is: '<STX>Dkp7W5CGOTqI                                      2  Transaction failed                                20 Missing Parameter(s): card_name                                                            <ETX>'

2023-02-08 18:39:18 - [MESSAGE][PASSED] - Text of object 'Object Repository/Page_VLinkReceipt/pre_STX' is: '<STX>Dkp7W5CGOTqI                                      2  Transaction failed                                20 Missing Parameter(s): card_name                                                            <ETX>'

2023-02-08 18:39:18 - [TEST_STEP][PASSED] - out.println("sdfo: " + sdfo): null

2023-02-08 18:39:18 - [TEST_STEP][PASSED] - remID = substring(5, 35).trim(): null

2023-02-08 18:39:18 - [TEST_STEP][PASSED] - out.println("Remittance ID: " + remID): null

2023-02-08 18:39:18 - [TEST_STEP][PASSED] - traxID = substring(35, 55).trim(): null

2023-02-08 18:39:18 - [TEST_STEP][PASSED] - out.println("Transaction ID: " + traxID): null

2023-02-08 18:39:18 - [TEST_STEP][PASSED] - out.println("End Record Number: " + row): null

2023-02-08 18:39:18 - [TEST_STEP][PASSED] - closeBrowser(): Browser is closed

2023-02-08 18:39:19 - [MESSAGE][PASSED] - Browser is closed

2023-02-08 18:39:19 - [TEST_STEP][PASSED] - ExecuteTC = findTestData(dataFile).getValue("Execute", row): null

2023-02-08 18:39:19 - [TEST_STEP][PASSED] - out.println("Value of Execute is : " + ExecuteTC): null

2023-02-08 18:39:19 - [TEST_STEP][PASSED] - errorMsg = findTestData(dataFile).getValue("ErrorMsg", row): null

2023-02-08 18:39:19 - [TEST_STEP][PASSED] - if (ExecuteTC.equalsIgnoreCase("Y")): Browser is closed

2023-02-08 18:39:19 - [TEST_STEP][PASSED] - out.println("Begin Record Number: " + row): null

2023-02-08 18:39:19 - [TEST_STEP][PASSED] - today = new java.util.Date(): null

2023-02-08 18:39:19 - [TEST_STEP][PASSED] - println(today): null

2023-02-08 18:39:19 - [TEST_STEP][PASSED] - datText = today: null

2023-02-08 18:39:19 - [TEST_STEP][PASSED] - openBrowser(VLinkURL + "authcap.html"): Browser is opened with url: 'https://dev-algorithm.govolution.com/vlinktest/QA/version_2_0/authcap.html'

2023-02-08 18:39:19 - [MESSAGE][INFO] - Starting 'Chrome' driver

2023-02-08 18:39:19 - [MESSAGE][INFO] - User set preference: ['acceptInsecureCerts', 'true']

2023-02-08 18:39:19 - [MESSAGE][INFO] - Action delay is set to 0 milliseconds

2023-02-08 18:39:21 - [MESSAGE][PASSED] - Browser is opened with url: 'https://dev-algorithm.govolution.com/vlinktest/QA/version_2_0/authcap.html'

2023-02-08 18:39:21 - [TEST_STEP][PASSED] - maximizeWindow(): Current window maximized

2023-02-08 18:39:21 - [MESSAGE][PASSED] - Current window maximized

2023-02-08 18:39:21 - [TEST_STEP][PASSED] - vlinkPages.saleCCPage.setDataSCC(row, dataFile): vlinkPages.saleCCPage.setDataSCC is PASSED

2023-02-08 18:39:25 - [MESSAGE][PASSED] - Object 'Object Repository/VLink/Page_CCSale/txt_CardNumber' is present

2023-02-08 18:39:26 - [MESSAGE][PASSED] - Text '104' is set on object 'Object Repository/VLink/Page_CCSale/txt_TransactionType'

2023-02-08 18:39:26 - [MESSAGE][PASSED] - Text '2.0C' is set on object 'Object Repository/VLink/Page_CCSale/txt_MessageVersion'

2023-02-08 18:39:27 - [MESSAGE][PASSED] - Text 'NZSIWAe4u5B6' is set on object 'Object Repository/VLink/Page_CCSale/txt_RemID'

2023-02-08 18:39:28 - [MESSAGE][PASSED] - Text '234' is set on object 'Object Repository/VLink/Page_CCSale/txt_ApplicationId'

2023-02-08 18:39:28 - [MESSAGE][PASSED] - Text 'username' is set on object 'Object Repository/VLink/Page_CCSale/txt_Username'

2023-02-08 18:39:29 - [MESSAGE][PASSED] - Text 'password' is set on object 'Object Repository/VLink/Page_CCSale/txt_Password'

2023-02-08 18:39:30 - [MESSAGE][PASSED] - Text 'fixed_width' is set on object 'Object Repository/VLink/Page_CCSale/txt_ResponseFormat'

2023-02-08 18:39:30 - [MESSAGE][PASSED] - Text 'RETL' is set on object 'Object Repository/VLink/Page_CCSale/txt_Category'

2023-02-08 18:39:31 - [MESSAGE][PASSED] - Text '' is set on object 'Object Repository/VLink/Page_CCSale/txt_TransactionID'

2023-02-08 18:39:32 - [MESSAGE][PASSED] - Text '' is set on object 'Object Repository/VLink/Page_CCSale/txt_ApprovalCode'

2023-02-08 18:39:32 - [MESSAGE][PASSED] - Text '' is set on object 'Object Repository/VLink/Page_CCSale/txt_CardName'

2023-02-08 18:39:33 - [MESSAGE][PASSED] - Text '258 Elm Road' is set on object 'Object Repository/VLink/Page_CCSale/txt_AL1'

2023-02-08 18:39:34 - [MESSAGE][PASSED] - Text 'Suite 56' is set on object 'Object Repository/VLink/Page_CCSale/txt_AL2'

2023-02-08 18:39:35 - [MESSAGE][PASSED] - Text 'Arlington' is set on object 'Object Repository/VLink/Page_CCSale/txt_CardCity'

2023-02-08 18:39:35 - [MESSAGE][PASSED] - Text 'VA' is set on object 'Object Repository/VLink/Page_CCSale/txt_CardState'

2023-02-08 18:39:36 - [MESSAGE][PASSED] - Text '22201' is set on object 'Object Repository/VLink/Page_CCSale/txt_CardZIP'

2023-02-08 18:39:37 - [MESSAGE][PASSED] - Text '840' is set on object 'Object Repository/VLink/Page_CCSale/txt_CountryID'

2023-02-08 18:39:37 - [MESSAGE][PASSED] - Text '1.50' is set on object 'Object Repository/VLink/Page_CCSale/txt_Amount'

2023-02-08 18:39:38 - [MESSAGE][PASSED] - Text '4111111111111111' is set on object 'Object Repository/VLink/Page_CCSale/txt_CardNumber'

2023-02-08 18:39:38 - [MESSAGE][PASSED] - Text '12' is set on object 'Object Repository/VLink/Page_CCSale/txt_ExpMonth'

2023-02-08 18:39:39 - [MESSAGE][PASSED] - Text '2025' is set on object 'Object Repository/VLink/Page_CCSale/txt_ExpYear'

2023-02-08 18:39:40 - [MESSAGE][PASSED] - Text '' is set on object 'Object Repository/VLink/Page_CCSale/txt_CVV'

2023-02-08 18:39:40 - [MESSAGE][PASSED] - Text '' is set on object 'Object Repository/VLink/Page_CCSale/txt_CVVstate'

2023-02-08 18:39:41 - [MESSAGE][PASSED] - Text '' is set on object 'Object Repository/VLink/Page_CCSale/txt_TrackData'

2023-02-08 18:39:41 - [MESSAGE][PASSED] - Text '' is set on object 'Object Repository/VLink/Page_CCSale/txt_Track1Data'

2023-02-08 18:39:42 - [MESSAGE][PASSED] - Text '' is set on object 'Object Repository/VLink/Page_CCSale/txt_Track2Data'

2023-02-08 18:39:43 - [MESSAGE][PASSED] - Text 'manual' is set on object 'Object Repository/VLink/Page_CCSale/txt_POSEntryMode'

2023-02-08 18:39:43 - [MESSAGE][PASSED] - Text 'iahmed@govolution.com' is set on object 'Object Repository/VLink/Page_CCSale/txt_Email'

2023-02-08 18:39:44 - [MESSAGE][PASSED] - Text '2569362' is set on object 'Object Repository/VLink/Page_CCSale/txt_OrderNumber'

2023-02-08 18:39:44 - [MESSAGE][PASSED] - Text '1.15' is set on object 'Object Repository/VLink/Page_CCSale/txt_TaxAmount'

2023-02-08 18:39:45 - [MESSAGE][PASSED] - Text 'Charge Description' is set on object 'Object Repository/VLink/Page_CCSale/txt_ChargeDescription'

2023-02-08 18:39:46 - [MESSAGE][PASSED] - Text '147357' is set on object 'Object Repository/VLink/Page_CCSale/txt_CAN'

2023-02-08 18:39:46 - [MESSAGE][PASSED] - Text '1' is set on object 'Object Repository/VLink/Page_CCSale/txt_BillPaymentIndicator'

2023-02-08 18:39:47 - [MESSAGE][PASSED] - Text 'UDF Data 1' is set on object 'Object Repository/VLink/Page_CCSale/txt_UDF1'

2023-02-08 18:39:48 - [MESSAGE][PASSED] - Text 'UDF Data 2' is set on object 'Object Repository/VLink/Page_CCSale/txt_UDF2'

2023-02-08 18:39:48 - [MESSAGE][PASSED] - Text 'UDF Data 3' is set on object 'Object Repository/VLink/Page_CCSale/txt_UDF3'

2023-02-08 18:39:49 - [MESSAGE][PASSED] - Text 'UDF Data 4' is set on object 'Object Repository/VLink/Page_CCSale/txt_UDF4'

2023-02-08 18:39:49 - [MESSAGE][PASSED] - Text 'UDF Data 5' is set on object 'Object Repository/VLink/Page_CCSale/txt_UDF5'

2023-02-08 18:39:50 - [MESSAGE][PASSED] - Text 'UDF Data 6' is set on object 'Object Repository/VLink/Page_CCSale/txt_UDF6'

2023-02-08 18:39:51 - [MESSAGE][PASSED] - Text 'UDF Data 7' is set on object 'Object Repository/VLink/Page_CCSale/txt_UDF7'

2023-02-08 18:39:51 - [MESSAGE][PASSED] - Text 'UDF Data 8' is set on object 'Object Repository/VLink/Page_CCSale/txt_UDF8'

2023-02-08 18:39:52 - [MESSAGE][PASSED] - Text 'UDF Data 9' is set on object 'Object Repository/VLink/Page_CCSale/txt_UDF9'

2023-02-08 18:39:53 - [MESSAGE][PASSED] - Text 'UDF Data 10' is set on object 'Object Repository/VLink/Page_CCSale/txt_UDF10'

2023-02-08 18:39:53 - [MESSAGE][PASSED] - Object: 'Object Repository/VLink/Page_CCSale/btn_ProcessVLinkTransaction' is clicked on

2023-02-08 18:39:58 - [MESSAGE][PASSED] - vlinkPages.saleCCPage.setDataSCC is PASSED

2023-02-08 18:39:58 - [TEST_STEP][PASSED] - if (verifyTextPresent(errorMsg, true)): null

2023-02-08 18:39:58 - [MESSAGE][PASSED] - Text 'card_name' is present on page  using regular expression

2023-02-08 18:39:58 - [TEST_STEP][PASSED] - println("Transaction Approved, no errors text is present on the Confirmation page"): null

2023-02-08 18:39:58 - [TEST_STEP][PASSED] - out.println("Pass Record Number: " + row): null

2023-02-08 18:39:58 - [TEST_STEP][PASSED] - resText = "Pass": null

2023-02-08 18:39:58 - [TEST_STEP][PASSED] - pages.WriteExcel.demoKey(resText, datText, resColumn, datCloumn, fileLoc, nameSheet, row): pages.WriteExcel.demoKey is PASSED

2023-02-08 18:39:59 - [MESSAGE][PASSED] - pages.WriteExcel.demoKey is PASSED

2023-02-08 18:39:59 - [TEST_STEP][PASSED] - sdfo = getText(findTestObject("Object Repository/Page_VLinkReceipt/pre_STX")): Text of object 'Object Repository/Page_VLinkReceipt/pre_STX' is: '<STX>NZSIWAe4u5B6                                      2  Transaction failed                                20 Missing Parameter(s): card_name                                                            <ETX>'

2023-02-08 18:39:59 - [MESSAGE][PASSED] - Text of object 'Object Repository/Page_VLinkReceipt/pre_STX' is: '<STX>NZSIWAe4u5B6                                      2  Transaction failed                                20 Missing Parameter(s): card_name                                                            <ETX>'

2023-02-08 18:39:59 - [TEST_STEP][PASSED] - out.println("sdfo: " + sdfo): null

2023-02-08 18:39:59 - [TEST_STEP][PASSED] - remID = substring(5, 35).trim(): null

2023-02-08 18:39:59 - [TEST_STEP][PASSED] - out.println("Remittance ID: " + remID): null

2023-02-08 18:39:59 - [TEST_STEP][PASSED] - traxID = substring(35, 55).trim(): null

2023-02-08 18:39:59 - [TEST_STEP][PASSED] - out.println("Transaction ID: " + traxID): null

2023-02-08 18:39:59 - [TEST_STEP][PASSED] - out.println("End Record Number: " + row): null

2023-02-08 18:39:59 - [TEST_STEP][PASSED] - closeBrowser(): Browser is closed

2023-02-08 18:40:00 - [MESSAGE][PASSED] - Browser is closed

2023-02-08 18:40:00 - [TEST_STEP][PASSED] - ExecuteTC = findTestData(dataFile).getValue("Execute", row): null

2023-02-08 18:40:00 - [TEST_STEP][PASSED] - out.println("Value of Execute is : " + ExecuteTC): null

2023-02-08 18:40:00 - [TEST_STEP][PASSED] - errorMsg = findTestData(dataFile).getValue("ErrorMsg", row): null

2023-02-08 18:40:00 - [TEST_STEP][PASSED] - if (ExecuteTC.equalsIgnoreCase("Y")): Browser is closed

2023-02-08 18:40:00 - [TEST_STEP][PASSED] - out.println("Begin Record Number: " + row): null

2023-02-08 18:40:00 - [TEST_STEP][PASSED] - today = new java.util.Date(): null

2023-02-08 18:40:00 - [TEST_STEP][PASSED] - println(today): null

2023-02-08 18:40:00 - [TEST_STEP][PASSED] - datText = today: null

2023-02-08 18:40:00 - [TEST_STEP][PASSED] - openBrowser(VLinkURL + "authcap.html"): Browser is opened with url: 'https://dev-algorithm.govolution.com/vlinktest/QA/version_2_0/authcap.html'

2023-02-08 18:40:00 - [MESSAGE][INFO] - Starting 'Chrome' driver

2023-02-08 18:40:00 - [MESSAGE][INFO] - User set preference: ['acceptInsecureCerts', 'true']

2023-02-08 18:40:00 - [MESSAGE][INFO] - Action delay is set to 0 milliseconds

2023-02-08 18:40:02 - [MESSAGE][PASSED] - Browser is opened with url: 'https://dev-algorithm.govolution.com/vlinktest/QA/version_2_0/authcap.html'

2023-02-08 18:40:02 - [TEST_STEP][PASSED] - maximizeWindow(): Current window maximized

2023-02-08 18:40:02 - [MESSAGE][PASSED] - Current window maximized

2023-02-08 18:40:02 - [TEST_STEP][PASSED] - vlinkPages.saleCCPage.setDataSCC(row, dataFile): vlinkPages.saleCCPage.setDataSCC is PASSED

2023-02-08 18:40:06 - [MESSAGE][PASSED] - Object 'Object Repository/VLink/Page_CCSale/txt_CardNumber' is present

2023-02-08 18:40:07 - [MESSAGE][PASSED] - Text '104' is set on object 'Object Repository/VLink/Page_CCSale/txt_TransactionType'

2023-02-08 18:40:07 - [MESSAGE][PASSED] - Text '2.0C' is set on object 'Object Repository/VLink/Page_CCSale/txt_MessageVersion'

2023-02-08 18:40:08 - [MESSAGE][PASSED] - Text 'K0PMiANIjRnO' is set on object 'Object Repository/VLink/Page_CCSale/txt_RemID'

2023-02-08 18:40:08 - [MESSAGE][PASSED] - Text '234' is set on object 'Object Repository/VLink/Page_CCSale/txt_ApplicationId'

2023-02-08 18:40:09 - [MESSAGE][PASSED] - Text 'username' is set on object 'Object Repository/VLink/Page_CCSale/txt_Username'

2023-02-08 18:40:10 - [MESSAGE][PASSED] - Text 'password' is set on object 'Object Repository/VLink/Page_CCSale/txt_Password'

2023-02-08 18:40:10 - [MESSAGE][PASSED] - Text 'fixed_width' is set on object 'Object Repository/VLink/Page_CCSale/txt_ResponseFormat'

2023-02-08 18:40:11 - [MESSAGE][PASSED] - Text 'ECOM' is set on object 'Object Repository/VLink/Page_CCSale/txt_Category'

2023-02-08 18:40:11 - [MESSAGE][PASSED] - Text '' is set on object 'Object Repository/VLink/Page_CCSale/txt_TransactionID'

2023-02-08 18:40:12 - [MESSAGE][PASSED] - Text '' is set on object 'Object Repository/VLink/Page_CCSale/txt_ApprovalCode'

2023-02-08 18:40:13 - [MESSAGE][PASSED] - Text 'Kris Roshan' is set on object 'Object Repository/VLink/Page_CCSale/txt_CardName'

2023-02-08 18:40:13 - [MESSAGE][PASSED] - Text '' is set on object 'Object Repository/VLink/Page_CCSale/txt_AL1'

2023-02-08 18:40:14 - [MESSAGE][PASSED] - Text 'Suite 56' is set on object 'Object Repository/VLink/Page_CCSale/txt_AL2'

2023-02-08 18:40:15 - [MESSAGE][PASSED] - Text 'Arlington' is set on object 'Object Repository/VLink/Page_CCSale/txt_CardCity'

2023-02-08 18:40:15 - [MESSAGE][PASSED] - Text 'VA' is set on object 'Object Repository/VLink/Page_CCSale/txt_CardState'

2023-02-08 18:40:16 - [MESSAGE][PASSED] - Text '22201' is set on object 'Object Repository/VLink/Page_CCSale/txt_CardZIP'

2023-02-08 18:40:17 - [MESSAGE][PASSED] - Text '840' is set on object 'Object Repository/VLink/Page_CCSale/txt_CountryID'

2023-02-08 18:40:17 - [MESSAGE][PASSED] - Text '1.50' is set on object 'Object Repository/VLink/Page_CCSale/txt_Amount'

2023-02-08 18:40:18 - [MESSAGE][PASSED] - Text '4111111111111111' is set on object 'Object Repository/VLink/Page_CCSale/txt_CardNumber'

2023-02-08 18:40:19 - [MESSAGE][PASSED] - Text '12' is set on object 'Object Repository/VLink/Page_CCSale/txt_ExpMonth'

2023-02-08 18:40:19 - [MESSAGE][PASSED] - Text '2025' is set on object 'Object Repository/VLink/Page_CCSale/txt_ExpYear'

2023-02-08 18:40:20 - [MESSAGE][PASSED] - Text '' is set on object 'Object Repository/VLink/Page_CCSale/txt_CVV'

2023-02-08 18:40:21 - [MESSAGE][PASSED] - Text '' is set on object 'Object Repository/VLink/Page_CCSale/txt_CVVstate'

2023-02-08 18:40:21 - [MESSAGE][PASSED] - Text '' is set on object 'Object Repository/VLink/Page_CCSale/txt_TrackData'

2023-02-08 18:40:22 - [MESSAGE][PASSED] - Text '' is set on object 'Object Repository/VLink/Page_CCSale/txt_Track1Data'

2023-02-08 18:40:22 - [MESSAGE][PASSED] - Text '' is set on object 'Object Repository/VLink/Page_CCSale/txt_Track2Data'

2023-02-08 18:40:23 - [MESSAGE][PASSED] - Text 'manual' is set on object 'Object Repository/VLink/Page_CCSale/txt_POSEntryMode'

2023-02-08 18:40:24 - [MESSAGE][PASSED] - Text 'iahmed@govolution.com' is set on object 'Object Repository/VLink/Page_CCSale/txt_Email'

2023-02-08 18:40:24 - [MESSAGE][PASSED] - Text '2569362' is set on object 'Object Repository/VLink/Page_CCSale/txt_OrderNumber'

2023-02-08 18:40:25 - [MESSAGE][PASSED] - Text '1.15' is set on object 'Object Repository/VLink/Page_CCSale/txt_TaxAmount'

2023-02-08 18:40:25 - [MESSAGE][PASSED] - Text 'Charge Description' is set on object 'Object Repository/VLink/Page_CCSale/txt_ChargeDescription'

2023-02-08 18:40:26 - [MESSAGE][PASSED] - Text '147357' is set on object 'Object Repository/VLink/Page_CCSale/txt_CAN'

2023-02-08 18:40:27 - [MESSAGE][PASSED] - Text '1' is set on object 'Object Repository/VLink/Page_CCSale/txt_BillPaymentIndicator'

2023-02-08 18:40:27 - [MESSAGE][PASSED] - Text 'UDF Data 1' is set on object 'Object Repository/VLink/Page_CCSale/txt_UDF1'

2023-02-08 18:40:28 - [MESSAGE][PASSED] - Text 'UDF Data 2' is set on object 'Object Repository/VLink/Page_CCSale/txt_UDF2'

2023-02-08 18:40:28 - [MESSAGE][PASSED] - Text 'UDF Data 3' is set on object 'Object Repository/VLink/Page_CCSale/txt_UDF3'

2023-02-08 18:40:29 - [MESSAGE][PASSED] - Text 'UDF Data 4' is set on object 'Object Repository/VLink/Page_CCSale/txt_UDF4'

2023-02-08 18:40:30 - [MESSAGE][PASSED] - Text 'UDF Data 5' is set on object 'Object Repository/VLink/Page_CCSale/txt_UDF5'

2023-02-08 18:40:30 - [MESSAGE][PASSED] - Text 'UDF Data 6' is set on object 'Object Repository/VLink/Page_CCSale/txt_UDF6'

2023-02-08 18:40:31 - [MESSAGE][PASSED] - Text 'UDF Data 7' is set on object 'Object Repository/VLink/Page_CCSale/txt_UDF7'

2023-02-08 18:40:32 - [MESSAGE][PASSED] - Text 'UDF Data 8' is set on object 'Object Repository/VLink/Page_CCSale/txt_UDF8'

2023-02-08 18:40:32 - [MESSAGE][PASSED] - Text 'UDF Data 9' is set on object 'Object Repository/VLink/Page_CCSale/txt_UDF9'

2023-02-08 18:40:33 - [MESSAGE][PASSED] - Text 'UDF Data 10' is set on object 'Object Repository/VLink/Page_CCSale/txt_UDF10'

2023-02-08 18:40:33 - [MESSAGE][PASSED] - Object: 'Object Repository/VLink/Page_CCSale/btn_ProcessVLinkTransaction' is clicked on

2023-02-08 18:40:38 - [MESSAGE][PASSED] - vlinkPages.saleCCPage.setDataSCC is PASSED

2023-02-08 18:40:38 - [TEST_STEP][PASSED] - if (verifyTextPresent(errorMsg, true)): null

2023-02-08 18:40:39 - [MESSAGE][PASSED] - Text 'card_address' is present on page  using regular expression

2023-02-08 18:40:39 - [TEST_STEP][PASSED] - println("Transaction Approved, no errors text is present on the Confirmation page"): null

2023-02-08 18:40:39 - [TEST_STEP][PASSED] - out.println("Pass Record Number: " + row): null

2023-02-08 18:40:39 - [TEST_STEP][PASSED] - resText = "Pass": null

2023-02-08 18:40:39 - [TEST_STEP][PASSED] - pages.WriteExcel.demoKey(resText, datText, resColumn, datCloumn, fileLoc, nameSheet, row): pages.WriteExcel.demoKey is PASSED

2023-02-08 18:40:39 - [MESSAGE][PASSED] - pages.WriteExcel.demoKey is PASSED

2023-02-08 18:40:39 - [TEST_STEP][PASSED] - sdfo = getText(findTestObject("Object Repository/Page_VLinkReceipt/pre_STX")): Text of object 'Object Repository/Page_VLinkReceipt/pre_STX' is: '<STX>K0PMiANIjRnO                                      2  Transaction failed                                20 Missing Parameter(s): card_address                                                         <ETX>'

2023-02-08 18:40:39 - [MESSAGE][PASSED] - Text of object 'Object Repository/Page_VLinkReceipt/pre_STX' is: '<STX>K0PMiANIjRnO                                      2  Transaction failed                                20 Missing Parameter(s): card_address                                                         <ETX>'

2023-02-08 18:40:39 - [TEST_STEP][PASSED] - out.println("sdfo: " + sdfo): null

2023-02-08 18:40:39 - [TEST_STEP][PASSED] - remID = substring(5, 35).trim(): null

2023-02-08 18:40:39 - [TEST_STEP][PASSED] - out.println("Remittance ID: " + remID): null

2023-02-08 18:40:39 - [TEST_STEP][PASSED] - traxID = substring(35, 55).trim(): null

2023-02-08 18:40:39 - [TEST_STEP][PASSED] - out.println("Transaction ID: " + traxID): null

2023-02-08 18:40:39 - [TEST_STEP][PASSED] - out.println("End Record Number: " + row): null

2023-02-08 18:40:39 - [TEST_STEP][PASSED] - closeBrowser(): Browser is closed

2023-02-08 18:40:40 - [MESSAGE][PASSED] - Browser is closed

2023-02-08 18:40:40 - [TEST_STEP][PASSED] - ExecuteTC = findTestData(dataFile).getValue("Execute", row): null

2023-02-08 18:40:40 - [TEST_STEP][PASSED] - out.println("Value of Execute is : " + ExecuteTC): null

2023-02-08 18:40:40 - [TEST_STEP][PASSED] - errorMsg = findTestData(dataFile).getValue("ErrorMsg", row): null

2023-02-08 18:40:40 - [TEST_STEP][PASSED] - if (ExecuteTC.equalsIgnoreCase("Y")): Browser is closed

2023-02-08 18:40:40 - [TEST_STEP][PASSED] - out.println("Begin Record Number: " + row): null

2023-02-08 18:40:40 - [TEST_STEP][PASSED] - today = new java.util.Date(): null

2023-02-08 18:40:40 - [TEST_STEP][PASSED] - println(today): null

2023-02-08 18:40:40 - [TEST_STEP][PASSED] - datText = today: null

2023-02-08 18:40:40 - [TEST_STEP][PASSED] - openBrowser(VLinkURL + "authcap.html"): Browser is opened with url: 'https://dev-algorithm.govolution.com/vlinktest/QA/version_2_0/authcap.html'

2023-02-08 18:40:40 - [MESSAGE][INFO] - Starting 'Chrome' driver

2023-02-08 18:40:40 - [MESSAGE][INFO] - User set preference: ['acceptInsecureCerts', 'true']

2023-02-08 18:40:40 - [MESSAGE][INFO] - Action delay is set to 0 milliseconds

2023-02-08 18:40:42 - [MESSAGE][PASSED] - Browser is opened with url: 'https://dev-algorithm.govolution.com/vlinktest/QA/version_2_0/authcap.html'

2023-02-08 18:40:42 - [TEST_STEP][PASSED] - maximizeWindow(): Current window maximized

2023-02-08 18:40:42 - [MESSAGE][PASSED] - Current window maximized

2023-02-08 18:40:42 - [TEST_STEP][PASSED] - vlinkPages.saleCCPage.setDataSCC(row, dataFile): vlinkPages.saleCCPage.setDataSCC is PASSED

2023-02-08 18:40:46 - [MESSAGE][PASSED] - Object 'Object Repository/VLink/Page_CCSale/txt_CardNumber' is present

2023-02-08 18:40:47 - [MESSAGE][PASSED] - Text '104' is set on object 'Object Repository/VLink/Page_CCSale/txt_TransactionType'

2023-02-08 18:40:47 - [MESSAGE][PASSED] - Text '2.0C' is set on object 'Object Repository/VLink/Page_CCSale/txt_MessageVersion'

2023-02-08 18:40:48 - [MESSAGE][PASSED] - Text 'NULsN6yqAgaj' is set on object 'Object Repository/VLink/Page_CCSale/txt_RemID'

2023-02-08 18:40:49 - [MESSAGE][PASSED] - Text '234' is set on object 'Object Repository/VLink/Page_CCSale/txt_ApplicationId'

2023-02-08 18:40:49 - [MESSAGE][PASSED] - Text 'username' is set on object 'Object Repository/VLink/Page_CCSale/txt_Username'

2023-02-08 18:40:50 - [MESSAGE][PASSED] - Text 'password' is set on object 'Object Repository/VLink/Page_CCSale/txt_Password'

2023-02-08 18:40:51 - [MESSAGE][PASSED] - Text 'fixed_width' is set on object 'Object Repository/VLink/Page_CCSale/txt_ResponseFormat'

2023-02-08 18:40:51 - [MESSAGE][PASSED] - Text 'MOTO' is set on object 'Object Repository/VLink/Page_CCSale/txt_Category'

2023-02-08 18:40:52 - [MESSAGE][PASSED] - Text '' is set on object 'Object Repository/VLink/Page_CCSale/txt_TransactionID'

2023-02-08 18:40:52 - [MESSAGE][PASSED] - Text '' is set on object 'Object Repository/VLink/Page_CCSale/txt_ApprovalCode'

2023-02-08 18:40:53 - [MESSAGE][PASSED] - Text 'Kris Roshan' is set on object 'Object Repository/VLink/Page_CCSale/txt_CardName'

2023-02-08 18:40:54 - [MESSAGE][PASSED] - Text '' is set on object 'Object Repository/VLink/Page_CCSale/txt_AL1'

2023-02-08 18:40:54 - [MESSAGE][PASSED] - Text 'Suite 56' is set on object 'Object Repository/VLink/Page_CCSale/txt_AL2'

2023-02-08 18:40:55 - [MESSAGE][PASSED] - Text 'Arlington' is set on object 'Object Repository/VLink/Page_CCSale/txt_CardCity'

2023-02-08 18:40:55 - [MESSAGE][PASSED] - Text 'VA' is set on object 'Object Repository/VLink/Page_CCSale/txt_CardState'

2023-02-08 18:40:56 - [MESSAGE][PASSED] - Text '22201' is set on object 'Object Repository/VLink/Page_CCSale/txt_CardZIP'

2023-02-08 18:40:57 - [MESSAGE][PASSED] - Text '840' is set on object 'Object Repository/VLink/Page_CCSale/txt_CountryID'

2023-02-08 18:40:57 - [MESSAGE][PASSED] - Text '1.50' is set on object 'Object Repository/VLink/Page_CCSale/txt_Amount'

2023-02-08 18:40:58 - [MESSAGE][PASSED] - Text '4111111111111111' is set on object 'Object Repository/VLink/Page_CCSale/txt_CardNumber'

2023-02-08 18:40:59 - [MESSAGE][PASSED] - Text '12' is set on object 'Object Repository/VLink/Page_CCSale/txt_ExpMonth'

2023-02-08 18:40:59 - [MESSAGE][PASSED] - Text '2025' is set on object 'Object Repository/VLink/Page_CCSale/txt_ExpYear'

2023-02-08 18:41:00 - [MESSAGE][PASSED] - Text '' is set on object 'Object Repository/VLink/Page_CCSale/txt_CVV'

2023-02-08 18:41:01 - [MESSAGE][PASSED] - Text '' is set on object 'Object Repository/VLink/Page_CCSale/txt_CVVstate'

2023-02-08 18:41:01 - [MESSAGE][PASSED] - Text '' is set on object 'Object Repository/VLink/Page_CCSale/txt_TrackData'

2023-02-08 18:41:02 - [MESSAGE][PASSED] - Text '' is set on object 'Object Repository/VLink/Page_CCSale/txt_Track1Data'

2023-02-08 18:41:02 - [MESSAGE][PASSED] - Text '' is set on object 'Object Repository/VLink/Page_CCSale/txt_Track2Data'

2023-02-08 18:41:03 - [MESSAGE][PASSED] - Text 'manual' is set on object 'Object Repository/VLink/Page_CCSale/txt_POSEntryMode'

2023-02-08 18:41:04 - [MESSAGE][PASSED] - Text 'iahmed@govolution.com' is set on object 'Object Repository/VLink/Page_CCSale/txt_Email'

2023-02-08 18:41:04 - [MESSAGE][PASSED] - Text '2569362' is set on object 'Object Repository/VLink/Page_CCSale/txt_OrderNumber'

2023-02-08 18:41:05 - [MESSAGE][PASSED] - Text '1.15' is set on object 'Object Repository/VLink/Page_CCSale/txt_TaxAmount'

2023-02-08 18:41:05 - [MESSAGE][PASSED] - Text 'Charge Description' is set on object 'Object Repository/VLink/Page_CCSale/txt_ChargeDescription'

2023-02-08 18:41:06 - [MESSAGE][PASSED] - Text '147357' is set on object 'Object Repository/VLink/Page_CCSale/txt_CAN'

2023-02-08 18:41:07 - [MESSAGE][PASSED] - Text '1' is set on object 'Object Repository/VLink/Page_CCSale/txt_BillPaymentIndicator'

2023-02-08 18:41:07 - [MESSAGE][PASSED] - Text 'UDF Data 1' is set on object 'Object Repository/VLink/Page_CCSale/txt_UDF1'

2023-02-08 18:41:08 - [MESSAGE][PASSED] - Text 'UDF Data 2' is set on object 'Object Repository/VLink/Page_CCSale/txt_UDF2'

2023-02-08 18:41:08 - [MESSAGE][PASSED] - Text 'UDF Data 3' is set on object 'Object Repository/VLink/Page_CCSale/txt_UDF3'

2023-02-08 18:41:09 - [MESSAGE][PASSED] - Text 'UDF Data 4' is set on object 'Object Repository/VLink/Page_CCSale/txt_UDF4'

2023-02-08 18:41:10 - [MESSAGE][PASSED] - Text 'UDF Data 5' is set on object 'Object Repository/VLink/Page_CCSale/txt_UDF5'

2023-02-08 18:41:10 - [MESSAGE][PASSED] - Text 'UDF Data 6' is set on object 'Object Repository/VLink/Page_CCSale/txt_UDF6'

2023-02-08 18:41:11 - [MESSAGE][PASSED] - Text 'UDF Data 7' is set on object 'Object Repository/VLink/Page_CCSale/txt_UDF7'

2023-02-08 18:41:12 - [MESSAGE][PASSED] - Text 'UDF Data 8' is set on object 'Object Repository/VLink/Page_CCSale/txt_UDF8'

2023-02-08 18:41:12 - [MESSAGE][PASSED] - Text 'UDF Data 9' is set on object 'Object Repository/VLink/Page_CCSale/txt_UDF9'

2023-02-08 18:41:13 - [MESSAGE][PASSED] - Text 'UDF Data 10' is set on object 'Object Repository/VLink/Page_CCSale/txt_UDF10'

2023-02-08 18:41:13 - [MESSAGE][PASSED] - Object: 'Object Repository/VLink/Page_CCSale/btn_ProcessVLinkTransaction' is clicked on

2023-02-08 18:41:18 - [MESSAGE][PASSED] - vlinkPages.saleCCPage.setDataSCC is PASSED

2023-02-08 18:41:18 - [TEST_STEP][PASSED] - if (verifyTextPresent(errorMsg, true)): null

2023-02-08 18:41:19 - [MESSAGE][PASSED] - Text 'card_address' is present on page  using regular expression

2023-02-08 18:41:19 - [TEST_STEP][PASSED] - println("Transaction Approved, no errors text is present on the Confirmation page"): null

2023-02-08 18:41:19 - [TEST_STEP][PASSED] - out.println("Pass Record Number: " + row): null

2023-02-08 18:41:19 - [TEST_STEP][PASSED] - resText = "Pass": null

2023-02-08 18:41:19 - [TEST_STEP][PASSED] - pages.WriteExcel.demoKey(resText, datText, resColumn, datCloumn, fileLoc, nameSheet, row): pages.WriteExcel.demoKey is PASSED

2023-02-08 18:41:19 - [MESSAGE][PASSED] - pages.WriteExcel.demoKey is PASSED

2023-02-08 18:41:19 - [TEST_STEP][PASSED] - sdfo = getText(findTestObject("Object Repository/Page_VLinkReceipt/pre_STX")): Text of object 'Object Repository/Page_VLinkReceipt/pre_STX' is: '<STX>NULsN6yqAgaj                                      2  Transaction failed                                20 Missing Parameter(s): card_address                                                         <ETX>'

2023-02-08 18:41:19 - [MESSAGE][PASSED] - Text of object 'Object Repository/Page_VLinkReceipt/pre_STX' is: '<STX>NULsN6yqAgaj                                      2  Transaction failed                                20 Missing Parameter(s): card_address                                                         <ETX>'

2023-02-08 18:41:19 - [TEST_STEP][PASSED] - out.println("sdfo: " + sdfo): null

2023-02-08 18:41:19 - [TEST_STEP][PASSED] - remID = substring(5, 35).trim(): null

2023-02-08 18:41:19 - [TEST_STEP][PASSED] - out.println("Remittance ID: " + remID): null

2023-02-08 18:41:19 - [TEST_STEP][PASSED] - traxID = substring(35, 55).trim(): null

2023-02-08 18:41:19 - [TEST_STEP][PASSED] - out.println("Transaction ID: " + traxID): null

2023-02-08 18:41:19 - [TEST_STEP][PASSED] - out.println("End Record Number: " + row): null

2023-02-08 18:41:19 - [TEST_STEP][PASSED] - closeBrowser(): Browser is closed

2023-02-08 18:41:20 - [MESSAGE][PASSED] - Browser is closed

2023-02-08 18:41:20 - [TEST_STEP][PASSED] - ExecuteTC = findTestData(dataFile).getValue("Execute", row): null

2023-02-08 18:41:20 - [TEST_STEP][PASSED] - out.println("Value of Execute is : " + ExecuteTC): null

2023-02-08 18:41:20 - [TEST_STEP][PASSED] - errorMsg = findTestData(dataFile).getValue("ErrorMsg", row): null

2023-02-08 18:41:20 - [TEST_STEP][PASSED] - if (ExecuteTC.equalsIgnoreCase("Y")): Browser is closed

2023-02-08 18:41:20 - [TEST_STEP][PASSED] - out.println("Begin Record Number: " + row): null

2023-02-08 18:41:20 - [TEST_STEP][PASSED] - today = new java.util.Date(): null

2023-02-08 18:41:20 - [TEST_STEP][PASSED] - println(today): null

2023-02-08 18:41:20 - [TEST_STEP][PASSED] - datText = today: null

2023-02-08 18:41:20 - [TEST_STEP][PASSED] - openBrowser(VLinkURL + "authcap.html"): Browser is opened with url: 'https://dev-algorithm.govolution.com/vlinktest/QA/version_2_0/authcap.html'

2023-02-08 18:41:20 - [MESSAGE][INFO] - Starting 'Chrome' driver

2023-02-08 18:41:20 - [MESSAGE][INFO] - User set preference: ['acceptInsecureCerts', 'true']

2023-02-08 18:41:20 - [MESSAGE][INFO] - Action delay is set to 0 milliseconds

2023-02-08 18:41:22 - [MESSAGE][PASSED] - Browser is opened with url: 'https://dev-algorithm.govolution.com/vlinktest/QA/version_2_0/authcap.html'

2023-02-08 18:41:22 - [TEST_STEP][PASSED] - maximizeWindow(): Current window maximized

2023-02-08 18:41:22 - [MESSAGE][PASSED] - Current window maximized

2023-02-08 18:41:22 - [TEST_STEP][PASSED] - vlinkPages.saleCCPage.setDataSCC(row, dataFile): vlinkPages.saleCCPage.setDataSCC is PASSED

2023-02-08 18:41:26 - [MESSAGE][PASSED] - Object 'Object Repository/VLink/Page_CCSale/txt_CardNumber' is present

2023-02-08 18:41:27 - [MESSAGE][PASSED] - Text '104' is set on object 'Object Repository/VLink/Page_CCSale/txt_TransactionType'

2023-02-08 18:41:27 - [MESSAGE][PASSED] - Text '2.0C' is set on object 'Object Repository/VLink/Page_CCSale/txt_MessageVersion'

2023-02-08 18:41:28 - [MESSAGE][PASSED] - Text '2XakbCkbbd84' is set on object 'Object Repository/VLink/Page_CCSale/txt_RemID'

2023-02-08 18:41:29 - [MESSAGE][PASSED] - Text '234' is set on object 'Object Repository/VLink/Page_CCSale/txt_ApplicationId'

2023-02-08 18:41:29 - [MESSAGE][PASSED] - Text 'username' is set on object 'Object Repository/VLink/Page_CCSale/txt_Username'

2023-02-08 18:41:30 - [MESSAGE][PASSED] - Text 'password' is set on object 'Object Repository/VLink/Page_CCSale/txt_Password'

2023-02-08 18:41:30 - [MESSAGE][PASSED] - Text 'fixed_width' is set on object 'Object Repository/VLink/Page_CCSale/txt_ResponseFormat'

2023-02-08 18:41:31 - [MESSAGE][PASSED] - Text 'ECOM' is set on object 'Object Repository/VLink/Page_CCSale/txt_Category'

2023-02-08 18:41:32 - [MESSAGE][PASSED] - Text '' is set on object 'Object Repository/VLink/Page_CCSale/txt_TransactionID'

2023-02-08 18:41:32 - [MESSAGE][PASSED] - Text '' is set on object 'Object Repository/VLink/Page_CCSale/txt_ApprovalCode'

2023-02-08 18:41:33 - [MESSAGE][PASSED] - Text 'Kris Roshan' is set on object 'Object Repository/VLink/Page_CCSale/txt_CardName'

2023-02-08 18:41:33 - [MESSAGE][PASSED] - Text '258 Elm Road' is set on object 'Object Repository/VLink/Page_CCSale/txt_AL1'

2023-02-08 18:41:34 - [MESSAGE][PASSED] - Text 'Suite 56' is set on object 'Object Repository/VLink/Page_CCSale/txt_AL2'

2023-02-08 18:41:35 - [MESSAGE][PASSED] - Text 'Arlington' is set on object 'Object Repository/VLink/Page_CCSale/txt_CardCity'

2023-02-08 18:41:35 - [MESSAGE][PASSED] - Text 'VA' is set on object 'Object Repository/VLink/Page_CCSale/txt_CardState'

2023-02-08 18:41:36 - [MESSAGE][PASSED] - Text '' is set on object 'Object Repository/VLink/Page_CCSale/txt_CardZIP'

2023-02-08 18:41:36 - [MESSAGE][PASSED] - Text '840' is set on object 'Object Repository/VLink/Page_CCSale/txt_CountryID'

2023-02-08 18:41:37 - [MESSAGE][PASSED] - Text '1.50' is set on object 'Object Repository/VLink/Page_CCSale/txt_Amount'

2023-02-08 18:41:38 - [MESSAGE][PASSED] - Text '4111111111111111' is set on object 'Object Repository/VLink/Page_CCSale/txt_CardNumber'

2023-02-08 18:41:38 - [MESSAGE][PASSED] - Text '12' is set on object 'Object Repository/VLink/Page_CCSale/txt_ExpMonth'

2023-02-08 18:41:39 - [MESSAGE][PASSED] - Text '2025' is set on object 'Object Repository/VLink/Page_CCSale/txt_ExpYear'

2023-02-08 18:41:40 - [MESSAGE][PASSED] - Text '' is set on object 'Object Repository/VLink/Page_CCSale/txt_CVV'

2023-02-08 18:41:40 - [MESSAGE][PASSED] - Text '' is set on object 'Object Repository/VLink/Page_CCSale/txt_CVVstate'

2023-02-08 18:41:41 - [MESSAGE][PASSED] - Text '' is set on object 'Object Repository/VLink/Page_CCSale/txt_TrackData'

2023-02-08 18:41:41 - [MESSAGE][PASSED] - Text '' is set on object 'Object Repository/VLink/Page_CCSale/txt_Track1Data'

2023-02-08 18:41:42 - [MESSAGE][PASSED] - Text '' is set on object 'Object Repository/VLink/Page_CCSale/txt_Track2Data'

2023-02-08 18:41:42 - [MESSAGE][PASSED] - Text 'manual' is set on object 'Object Repository/VLink/Page_CCSale/txt_POSEntryMode'

2023-02-08 18:41:43 - [MESSAGE][PASSED] - Text 'iahmed@govolution.com' is set on object 'Object Repository/VLink/Page_CCSale/txt_Email'

2023-02-08 18:41:44 - [MESSAGE][PASSED] - Text '2569362' is set on object 'Object Repository/VLink/Page_CCSale/txt_OrderNumber'

2023-02-08 18:41:44 - [MESSAGE][PASSED] - Text '1.15' is set on object 'Object Repository/VLink/Page_CCSale/txt_TaxAmount'

2023-02-08 18:41:45 - [MESSAGE][PASSED] - Text 'Charge Description' is set on object 'Object Repository/VLink/Page_CCSale/txt_ChargeDescription'

2023-02-08 18:41:46 - [MESSAGE][PASSED] - Text '147357' is set on object 'Object Repository/VLink/Page_CCSale/txt_CAN'

2023-02-08 18:41:46 - [MESSAGE][PASSED] - Text '1' is set on object 'Object Repository/VLink/Page_CCSale/txt_BillPaymentIndicator'

2023-02-08 18:41:47 - [MESSAGE][PASSED] - Text 'UDF Data 1' is set on object 'Object Repository/VLink/Page_CCSale/txt_UDF1'

2023-02-08 18:41:47 - [MESSAGE][PASSED] - Text 'UDF Data 2' is set on object 'Object Repository/VLink/Page_CCSale/txt_UDF2'

2023-02-08 18:41:48 - [MESSAGE][PASSED] - Text 'UDF Data 3' is set on object 'Object Repository/VLink/Page_CCSale/txt_UDF3'

2023-02-08 18:41:49 - [MESSAGE][PASSED] - Text 'UDF Data 4' is set on object 'Object Repository/VLink/Page_CCSale/txt_UDF4'

2023-02-08 18:41:49 - [MESSAGE][PASSED] - Text 'UDF Data 5' is set on object 'Object Repository/VLink/Page_CCSale/txt_UDF5'

2023-02-08 18:41:50 - [MESSAGE][PASSED] - Text 'UDF Data 6' is set on object 'Object Repository/VLink/Page_CCSale/txt_UDF6'

2023-02-08 18:41:50 - [MESSAGE][PASSED] - Text 'UDF Data 7' is set on object 'Object Repository/VLink/Page_CCSale/txt_UDF7'

2023-02-08 18:41:51 - [MESSAGE][PASSED] - Text 'UDF Data 8' is set on object 'Object Repository/VLink/Page_CCSale/txt_UDF8'

2023-02-08 18:41:52 - [MESSAGE][PASSED] - Text 'UDF Data 9' is set on object 'Object Repository/VLink/Page_CCSale/txt_UDF9'

2023-02-08 18:41:52 - [MESSAGE][PASSED] - Text 'UDF Data 10' is set on object 'Object Repository/VLink/Page_CCSale/txt_UDF10'

2023-02-08 18:41:53 - [MESSAGE][PASSED] - Object: 'Object Repository/VLink/Page_CCSale/btn_ProcessVLinkTransaction' is clicked on

2023-02-08 18:41:58 - [MESSAGE][PASSED] - vlinkPages.saleCCPage.setDataSCC is PASSED

2023-02-08 18:41:58 - [TEST_STEP][PASSED] - if (verifyTextPresent(errorMsg, true)): null

2023-02-08 18:41:58 - [MESSAGE][PASSED] - Text 'card_zip' is present on page  using regular expression

2023-02-08 18:41:58 - [TEST_STEP][PASSED] - println("Transaction Approved, no errors text is present on the Confirmation page"): null

2023-02-08 18:41:58 - [TEST_STEP][PASSED] - out.println("Pass Record Number: " + row): null

2023-02-08 18:41:58 - [TEST_STEP][PASSED] - resText = "Pass": null

2023-02-08 18:41:58 - [TEST_STEP][PASSED] - pages.WriteExcel.demoKey(resText, datText, resColumn, datCloumn, fileLoc, nameSheet, row): pages.WriteExcel.demoKey is PASSED

2023-02-08 18:41:58 - [MESSAGE][PASSED] - pages.WriteExcel.demoKey is PASSED

2023-02-08 18:41:58 - [TEST_STEP][PASSED] - sdfo = getText(findTestObject("Object Repository/Page_VLinkReceipt/pre_STX")): Text of object 'Object Repository/Page_VLinkReceipt/pre_STX' is: '<STX>2XakbCkbbd84                                      2  Transaction failed                                20 Missing Parameter(s): card_zip                                                             <ETX>'

2023-02-08 18:41:59 - [MESSAGE][PASSED] - Text of object 'Object Repository/Page_VLinkReceipt/pre_STX' is: '<STX>2XakbCkbbd84                                      2  Transaction failed                                20 Missing Parameter(s): card_zip                                                             <ETX>'

2023-02-08 18:41:59 - [TEST_STEP][PASSED] - out.println("sdfo: " + sdfo): null

2023-02-08 18:41:59 - [TEST_STEP][PASSED] - remID = substring(5, 35).trim(): null

2023-02-08 18:41:59 - [TEST_STEP][PASSED] - out.println("Remittance ID: " + remID): null

2023-02-08 18:41:59 - [TEST_STEP][PASSED] - traxID = substring(35, 55).trim(): null

2023-02-08 18:41:59 - [TEST_STEP][PASSED] - out.println("Transaction ID: " + traxID): null

2023-02-08 18:41:59 - [TEST_STEP][PASSED] - out.println("End Record Number: " + row): null

2023-02-08 18:41:59 - [TEST_STEP][PASSED] - closeBrowser(): Browser is closed

2023-02-08 18:42:00 - [MESSAGE][PASSED] - Browser is closed

2023-02-08 18:42:00 - [TEST_STEP][PASSED] - ExecuteTC = findTestData(dataFile).getValue("Execute", row): null

2023-02-08 18:42:00 - [TEST_STEP][PASSED] - out.println("Value of Execute is : " + ExecuteTC): null

2023-02-08 18:42:00 - [TEST_STEP][PASSED] - errorMsg = findTestData(dataFile).getValue("ErrorMsg", row): null

2023-02-08 18:42:00 - [TEST_STEP][PASSED] - if (ExecuteTC.equalsIgnoreCase("Y")): Browser is closed

2023-02-08 18:42:00 - [TEST_STEP][PASSED] - out.println("Begin Record Number: " + row): null

2023-02-08 18:42:00 - [TEST_STEP][PASSED] - today = new java.util.Date(): null

2023-02-08 18:42:00 - [TEST_STEP][PASSED] - println(today): null

2023-02-08 18:42:00 - [TEST_STEP][PASSED] - datText = today: null

2023-02-08 18:42:00 - [TEST_STEP][PASSED] - openBrowser(VLinkURL + "authcap.html"): Browser is opened with url: 'https://dev-algorithm.govolution.com/vlinktest/QA/version_2_0/authcap.html'

2023-02-08 18:42:00 - [MESSAGE][INFO] - Starting 'Chrome' driver

2023-02-08 18:42:00 - [MESSAGE][INFO] - User set preference: ['acceptInsecureCerts', 'true']

2023-02-08 18:42:00 - [MESSAGE][INFO] - Action delay is set to 0 milliseconds

2023-02-08 18:42:02 - [MESSAGE][PASSED] - Browser is opened with url: 'https://dev-algorithm.govolution.com/vlinktest/QA/version_2_0/authcap.html'

2023-02-08 18:42:02 - [TEST_STEP][PASSED] - maximizeWindow(): Current window maximized

2023-02-08 18:42:02 - [MESSAGE][PASSED] - Current window maximized

2023-02-08 18:42:02 - [TEST_STEP][PASSED] - vlinkPages.saleCCPage.setDataSCC(row, dataFile): vlinkPages.saleCCPage.setDataSCC is PASSED

2023-02-08 18:42:06 - [MESSAGE][PASSED] - Object 'Object Repository/VLink/Page_CCSale/txt_CardNumber' is present

2023-02-08 18:42:06 - [MESSAGE][PASSED] - Text '104' is set on object 'Object Repository/VLink/Page_CCSale/txt_TransactionType'

2023-02-08 18:42:07 - [MESSAGE][PASSED] - Text '2.0C' is set on object 'Object Repository/VLink/Page_CCSale/txt_MessageVersion'

2023-02-08 18:42:08 - [MESSAGE][PASSED] - Text 'jMHKA1mrSjnY' is set on object 'Object Repository/VLink/Page_CCSale/txt_RemID'

2023-02-08 18:42:08 - [MESSAGE][PASSED] - Text '234' is set on object 'Object Repository/VLink/Page_CCSale/txt_ApplicationId'

2023-02-08 18:42:09 - [MESSAGE][PASSED] - Text 'username' is set on object 'Object Repository/VLink/Page_CCSale/txt_Username'

2023-02-08 18:42:09 - [MESSAGE][PASSED] - Text 'password' is set on object 'Object Repository/VLink/Page_CCSale/txt_Password'

2023-02-08 18:42:10 - [MESSAGE][PASSED] - Text 'fixed_width' is set on object 'Object Repository/VLink/Page_CCSale/txt_ResponseFormat'

2023-02-08 18:42:11 - [MESSAGE][PASSED] - Text 'MOTO' is set on object 'Object Repository/VLink/Page_CCSale/txt_Category'

2023-02-08 18:42:11 - [MESSAGE][PASSED] - Text '' is set on object 'Object Repository/VLink/Page_CCSale/txt_TransactionID'

2023-02-08 18:42:12 - [MESSAGE][PASSED] - Text '' is set on object 'Object Repository/VLink/Page_CCSale/txt_ApprovalCode'

2023-02-08 18:42:12 - [MESSAGE][PASSED] - Text 'Kris Roshan' is set on object 'Object Repository/VLink/Page_CCSale/txt_CardName'

2023-02-08 18:42:13 - [MESSAGE][PASSED] - Text '258 Elm Road' is set on object 'Object Repository/VLink/Page_CCSale/txt_AL1'

2023-02-08 18:42:14 - [MESSAGE][PASSED] - Text 'Suite 56' is set on object 'Object Repository/VLink/Page_CCSale/txt_AL2'

2023-02-08 18:42:14 - [MESSAGE][PASSED] - Text 'Arlington' is set on object 'Object Repository/VLink/Page_CCSale/txt_CardCity'

2023-02-08 18:42:15 - [MESSAGE][PASSED] - Text 'VA' is set on object 'Object Repository/VLink/Page_CCSale/txt_CardState'

2023-02-08 18:42:16 - [MESSAGE][PASSED] - Text '' is set on object 'Object Repository/VLink/Page_CCSale/txt_CardZIP'

2023-02-08 18:42:16 - [MESSAGE][PASSED] - Text '840' is set on object 'Object Repository/VLink/Page_CCSale/txt_CountryID'

2023-02-08 18:42:17 - [MESSAGE][PASSED] - Text '1.50' is set on object 'Object Repository/VLink/Page_CCSale/txt_Amount'

2023-02-08 18:42:17 - [MESSAGE][PASSED] - Text '4111111111111111' is set on object 'Object Repository/VLink/Page_CCSale/txt_CardNumber'

2023-02-08 18:42:18 - [MESSAGE][PASSED] - Text '12' is set on object 'Object Repository/VLink/Page_CCSale/txt_ExpMonth'

2023-02-08 18:42:19 - [MESSAGE][PASSED] - Text '2025' is set on object 'Object Repository/VLink/Page_CCSale/txt_ExpYear'

2023-02-08 18:42:19 - [MESSAGE][PASSED] - Text '' is set on object 'Object Repository/VLink/Page_CCSale/txt_CVV'

2023-02-08 18:42:20 - [MESSAGE][PASSED] - Text '' is set on object 'Object Repository/VLink/Page_CCSale/txt_CVVstate'

2023-02-08 18:42:20 - [MESSAGE][PASSED] - Text '' is set on object 'Object Repository/VLink/Page_CCSale/txt_TrackData'

2023-02-08 18:42:21 - [MESSAGE][PASSED] - Text '' is set on object 'Object Repository/VLink/Page_CCSale/txt_Track1Data'

2023-02-08 18:42:22 - [MESSAGE][PASSED] - Text '' is set on object 'Object Repository/VLink/Page_CCSale/txt_Track2Data'

2023-02-08 18:42:22 - [MESSAGE][PASSED] - Text 'manual' is set on object 'Object Repository/VLink/Page_CCSale/txt_POSEntryMode'

2023-02-08 18:42:23 - [MESSAGE][PASSED] - Text 'iahmed@govolution.com' is set on object 'Object Repository/VLink/Page_CCSale/txt_Email'

2023-02-08 18:42:24 - [MESSAGE][PASSED] - Text '2569362' is set on object 'Object Repository/VLink/Page_CCSale/txt_OrderNumber'

2023-02-08 18:42:24 - [MESSAGE][PASSED] - Text '1.15' is set on object 'Object Repository/VLink/Page_CCSale/txt_TaxAmount'

2023-02-08 18:42:25 - [MESSAGE][PASSED] - Text 'Charge Description' is set on object 'Object Repository/VLink/Page_CCSale/txt_ChargeDescription'

2023-02-08 18:42:25 - [MESSAGE][PASSED] - Text '147357' is set on object 'Object Repository/VLink/Page_CCSale/txt_CAN'

2023-02-08 18:42:26 - [MESSAGE][PASSED] - Text '1' is set on object 'Object Repository/VLink/Page_CCSale/txt_BillPaymentIndicator'

2023-02-08 18:42:27 - [MESSAGE][PASSED] - Text 'UDF Data 1' is set on object 'Object Repository/VLink/Page_CCSale/txt_UDF1'

2023-02-08 18:42:27 - [MESSAGE][PASSED] - Text 'UDF Data 2' is set on object 'Object Repository/VLink/Page_CCSale/txt_UDF2'

2023-02-08 18:42:28 - [MESSAGE][PASSED] - Text 'UDF Data 3' is set on object 'Object Repository/VLink/Page_CCSale/txt_UDF3'

2023-02-08 18:42:28 - [MESSAGE][PASSED] - Text 'UDF Data 4' is set on object 'Object Repository/VLink/Page_CCSale/txt_UDF4'

2023-02-08 18:42:29 - [MESSAGE][PASSED] - Text 'UDF Data 5' is set on object 'Object Repository/VLink/Page_CCSale/txt_UDF5'

2023-02-08 18:42:30 - [MESSAGE][PASSED] - Text 'UDF Data 6' is set on object 'Object Repository/VLink/Page_CCSale/txt_UDF6'

2023-02-08 18:42:30 - [MESSAGE][PASSED] - Text 'UDF Data 7' is set on object 'Object Repository/VLink/Page_CCSale/txt_UDF7'

2023-02-08 18:42:31 - [MESSAGE][PASSED] - Text 'UDF Data 8' is set on object 'Object Repository/VLink/Page_CCSale/txt_UDF8'

2023-02-08 18:42:31 - [MESSAGE][PASSED] - Text 'UDF Data 9' is set on object 'Object Repository/VLink/Page_CCSale/txt_UDF9'

2023-02-08 18:42:32 - [MESSAGE][PASSED] - Text 'UDF Data 10' is set on object 'Object Repository/VLink/Page_CCSale/txt_UDF10'

2023-02-08 18:42:33 - [MESSAGE][PASSED] - Object: 'Object Repository/VLink/Page_CCSale/btn_ProcessVLinkTransaction' is clicked on

2023-02-08 18:42:38 - [MESSAGE][PASSED] - vlinkPages.saleCCPage.setDataSCC is PASSED

2023-02-08 18:42:38 - [TEST_STEP][PASSED] - if (verifyTextPresent(errorMsg, true)): null

2023-02-08 18:42:38 - [MESSAGE][PASSED] - Text 'card_zip' is present on page  using regular expression

2023-02-08 18:42:38 - [TEST_STEP][PASSED] - println("Transaction Approved, no errors text is present on the Confirmation page"): null

2023-02-08 18:42:38 - [TEST_STEP][PASSED] - out.println("Pass Record Number: " + row): null

2023-02-08 18:42:38 - [TEST_STEP][PASSED] - resText = "Pass": null

2023-02-08 18:42:38 - [TEST_STEP][PASSED] - pages.WriteExcel.demoKey(resText, datText, resColumn, datCloumn, fileLoc, nameSheet, row): pages.WriteExcel.demoKey is PASSED

2023-02-08 18:42:38 - [MESSAGE][PASSED] - pages.WriteExcel.demoKey is PASSED

2023-02-08 18:42:38 - [TEST_STEP][PASSED] - sdfo = getText(findTestObject("Object Repository/Page_VLinkReceipt/pre_STX")): Text of object 'Object Repository/Page_VLinkReceipt/pre_STX' is: '<STX>jMHKA1mrSjnY                                      2  Transaction failed                                20 Missing Parameter(s): card_zip                                                             <ETX>'

2023-02-08 18:42:38 - [MESSAGE][PASSED] - Text of object 'Object Repository/Page_VLinkReceipt/pre_STX' is: '<STX>jMHKA1mrSjnY                                      2  Transaction failed                                20 Missing Parameter(s): card_zip                                                             <ETX>'

2023-02-08 18:42:38 - [TEST_STEP][PASSED] - out.println("sdfo: " + sdfo): null

2023-02-08 18:42:38 - [TEST_STEP][PASSED] - remID = substring(5, 35).trim(): null

2023-02-08 18:42:38 - [TEST_STEP][PASSED] - out.println("Remittance ID: " + remID): null

2023-02-08 18:42:38 - [TEST_STEP][PASSED] - traxID = substring(35, 55).trim(): null

2023-02-08 18:42:38 - [TEST_STEP][PASSED] - out.println("Transaction ID: " + traxID): null

2023-02-08 18:42:38 - [TEST_STEP][PASSED] - out.println("End Record Number: " + row): null

2023-02-08 18:42:38 - [TEST_STEP][PASSED] - closeBrowser(): Browser is closed

2023-02-08 18:42:39 - [MESSAGE][PASSED] - Browser is closed

2023-02-08 18:42:39 - [TEST_STEP][PASSED] - ExecuteTC = findTestData(dataFile).getValue("Execute", row): null

2023-02-08 18:42:40 - [TEST_STEP][PASSED] - out.println("Value of Execute is : " + ExecuteTC): null

2023-02-08 18:42:40 - [TEST_STEP][PASSED] - errorMsg = findTestData(dataFile).getValue("ErrorMsg", row): null

2023-02-08 18:42:40 - [TEST_STEP][PASSED] - if (ExecuteTC.equalsIgnoreCase("Y")): Browser is closed

2023-02-08 18:42:40 - [TEST_STEP][PASSED] - out.println("Begin Record Number: " + row): null

2023-02-08 18:42:40 - [TEST_STEP][PASSED] - today = new java.util.Date(): null

2023-02-08 18:42:40 - [TEST_STEP][PASSED] - println(today): null

2023-02-08 18:42:40 - [TEST_STEP][PASSED] - datText = today: null

2023-02-08 18:42:40 - [TEST_STEP][PASSED] - openBrowser(VLinkURL + "authcap.html"): Browser is opened with url: 'https://dev-algorithm.govolution.com/vlinktest/QA/version_2_0/authcap.html'

2023-02-08 18:42:40 - [MESSAGE][INFO] - Starting 'Chrome' driver

2023-02-08 18:42:40 - [MESSAGE][INFO] - User set preference: ['acceptInsecureCerts', 'true']

2023-02-08 18:42:40 - [MESSAGE][INFO] - Action delay is set to 0 milliseconds

2023-02-08 18:42:41 - [MESSAGE][PASSED] - Browser is opened with url: 'https://dev-algorithm.govolution.com/vlinktest/QA/version_2_0/authcap.html'

2023-02-08 18:42:41 - [TEST_STEP][PASSED] - maximizeWindow(): Current window maximized

2023-02-08 18:42:42 - [MESSAGE][PASSED] - Current window maximized

2023-02-08 18:42:42 - [TEST_STEP][PASSED] - vlinkPages.saleCCPage.setDataSCC(row, dataFile): vlinkPages.saleCCPage.setDataSCC is PASSED

2023-02-08 18:42:45 - [MESSAGE][PASSED] - Object 'Object Repository/VLink/Page_CCSale/txt_CardNumber' is present

2023-02-08 18:42:46 - [MESSAGE][PASSED] - Text '104' is set on object 'Object Repository/VLink/Page_CCSale/txt_TransactionType'

2023-02-08 18:42:47 - [MESSAGE][PASSED] - Text '2.0C' is set on object 'Object Repository/VLink/Page_CCSale/txt_MessageVersion'

2023-02-08 18:42:47 - [MESSAGE][PASSED] - Text 'a6Pozjbfomku' is set on object 'Object Repository/VLink/Page_CCSale/txt_RemID'

2023-02-08 18:42:48 - [MESSAGE][PASSED] - Text '234' is set on object 'Object Repository/VLink/Page_CCSale/txt_ApplicationId'

2023-02-08 18:42:48 - [MESSAGE][PASSED] - Text 'username' is set on object 'Object Repository/VLink/Page_CCSale/txt_Username'

2023-02-08 18:42:49 - [MESSAGE][PASSED] - Text 'password' is set on object 'Object Repository/VLink/Page_CCSale/txt_Password'

2023-02-08 18:42:50 - [MESSAGE][PASSED] - Text 'fixed_width' is set on object 'Object Repository/VLink/Page_CCSale/txt_ResponseFormat'

2023-02-08 18:42:50 - [MESSAGE][PASSED] - Text 'ECOM' is set on object 'Object Repository/VLink/Page_CCSale/txt_Category'

2023-02-08 18:42:51 - [MESSAGE][PASSED] - Text '' is set on object 'Object Repository/VLink/Page_CCSale/txt_TransactionID'

2023-02-08 18:42:52 - [MESSAGE][PASSED] - Text '' is set on object 'Object Repository/VLink/Page_CCSale/txt_ApprovalCode'

2023-02-08 18:42:52 - [MESSAGE][PASSED] - Text 'Kris Roshan' is set on object 'Object Repository/VLink/Page_CCSale/txt_CardName'

2023-02-08 18:42:53 - [MESSAGE][PASSED] - Text '258 Elm Road' is set on object 'Object Repository/VLink/Page_CCSale/txt_AL1'

2023-02-08 18:42:53 - [MESSAGE][PASSED] - Text 'Suite 56' is set on object 'Object Repository/VLink/Page_CCSale/txt_AL2'

2023-02-08 18:42:54 - [MESSAGE][PASSED] - Text 'Arlington' is set on object 'Object Repository/VLink/Page_CCSale/txt_CardCity'

2023-02-08 18:42:55 - [MESSAGE][PASSED] - Text 'VA' is set on object 'Object Repository/VLink/Page_CCSale/txt_CardState'

2023-02-08 18:42:55 - [MESSAGE][PASSED] - Text '22201' is set on object 'Object Repository/VLink/Page_CCSale/txt_CardZIP'

2023-02-08 18:42:56 - [MESSAGE][PASSED] - Text '840' is set on object 'Object Repository/VLink/Page_CCSale/txt_CountryID'

2023-02-08 18:42:56 - [MESSAGE][PASSED] - Text '' is set on object 'Object Repository/VLink/Page_CCSale/txt_Amount'

2023-02-08 18:42:57 - [MESSAGE][PASSED] - Text '4111111111111111' is set on object 'Object Repository/VLink/Page_CCSale/txt_CardNumber'

2023-02-08 18:42:58 - [MESSAGE][PASSED] - Text '12' is set on object 'Object Repository/VLink/Page_CCSale/txt_ExpMonth'

2023-02-08 18:42:59 - [MESSAGE][PASSED] - Text '2025' is set on object 'Object Repository/VLink/Page_CCSale/txt_ExpYear'

2023-02-08 18:42:59 - [MESSAGE][PASSED] - Text '' is set on object 'Object Repository/VLink/Page_CCSale/txt_CVV'

2023-02-08 18:43:00 - [MESSAGE][PASSED] - Text '' is set on object 'Object Repository/VLink/Page_CCSale/txt_CVVstate'

2023-02-08 18:43:00 - [MESSAGE][PASSED] - Text '' is set on object 'Object Repository/VLink/Page_CCSale/txt_TrackData'

2023-02-08 18:43:01 - [MESSAGE][PASSED] - Text '' is set on object 'Object Repository/VLink/Page_CCSale/txt_Track1Data'

2023-02-08 18:43:01 - [MESSAGE][PASSED] - Text '' is set on object 'Object Repository/VLink/Page_CCSale/txt_Track2Data'

2023-02-08 18:43:02 - [MESSAGE][PASSED] - Text 'manual' is set on object 'Object Repository/VLink/Page_CCSale/txt_POSEntryMode'

2023-02-08 18:43:03 - [MESSAGE][PASSED] - Text 'iahmed@govolution.com' is set on object 'Object Repository/VLink/Page_CCSale/txt_Email'

2023-02-08 18:43:03 - [MESSAGE][PASSED] - Text '2569362' is set on object 'Object Repository/VLink/Page_CCSale/txt_OrderNumber'

2023-02-08 18:43:04 - [MESSAGE][PASSED] - Text '1.15' is set on object 'Object Repository/VLink/Page_CCSale/txt_TaxAmount'

2023-02-08 18:43:05 - [MESSAGE][PASSED] - Text 'Charge Description' is set on object 'Object Repository/VLink/Page_CCSale/txt_ChargeDescription'

2023-02-08 18:43:05 - [MESSAGE][PASSED] - Text '147357' is set on object 'Object Repository/VLink/Page_CCSale/txt_CAN'

2023-02-08 18:43:06 - [MESSAGE][PASSED] - Text '1' is set on object 'Object Repository/VLink/Page_CCSale/txt_BillPaymentIndicator'

2023-02-08 18:43:06 - [MESSAGE][PASSED] - Text 'UDF Data 1' is set on object 'Object Repository/VLink/Page_CCSale/txt_UDF1'

2023-02-08 18:43:07 - [MESSAGE][PASSED] - Text 'UDF Data 2' is set on object 'Object Repository/VLink/Page_CCSale/txt_UDF2'

2023-02-08 18:43:08 - [MESSAGE][PASSED] - Text 'UDF Data 3' is set on object 'Object Repository/VLink/Page_CCSale/txt_UDF3'

2023-02-08 18:43:08 - [MESSAGE][PASSED] - Text 'UDF Data 4' is set on object 'Object Repository/VLink/Page_CCSale/txt_UDF4'

2023-02-08 18:43:09 - [MESSAGE][PASSED] - Text 'UDF Data 5' is set on object 'Object Repository/VLink/Page_CCSale/txt_UDF5'

2023-02-08 18:43:09 - [MESSAGE][PASSED] - Text 'UDF Data 6' is set on object 'Object Repository/VLink/Page_CCSale/txt_UDF6'

2023-02-08 18:43:10 - [MESSAGE][PASSED] - Text 'UDF Data 7' is set on object 'Object Repository/VLink/Page_CCSale/txt_UDF7'

2023-02-08 18:43:11 - [MESSAGE][PASSED] - Text 'UDF Data 8' is set on object 'Object Repository/VLink/Page_CCSale/txt_UDF8'

2023-02-08 18:43:11 - [MESSAGE][PASSED] - Text 'UDF Data 9' is set on object 'Object Repository/VLink/Page_CCSale/txt_UDF9'

2023-02-08 18:43:12 - [MESSAGE][PASSED] - Text 'UDF Data 10' is set on object 'Object Repository/VLink/Page_CCSale/txt_UDF10'

2023-02-08 18:43:13 - [MESSAGE][PASSED] - Object: 'Object Repository/VLink/Page_CCSale/btn_ProcessVLinkTransaction' is clicked on

2023-02-08 18:43:18 - [MESSAGE][PASSED] - vlinkPages.saleCCPage.setDataSCC is PASSED

2023-02-08 18:43:18 - [TEST_STEP][PASSED] - if (verifyTextPresent(errorMsg, true)): null

2023-02-08 18:43:18 - [MESSAGE][PASSED] - Text 'amount' is present on page  using regular expression

2023-02-08 18:43:18 - [TEST_STEP][PASSED] - println("Transaction Approved, no errors text is present on the Confirmation page"): null

2023-02-08 18:43:18 - [TEST_STEP][PASSED] - out.println("Pass Record Number: " + row): null

2023-02-08 18:43:18 - [TEST_STEP][PASSED] - resText = "Pass": null

2023-02-08 18:43:18 - [TEST_STEP][PASSED] - pages.WriteExcel.demoKey(resText, datText, resColumn, datCloumn, fileLoc, nameSheet, row): pages.WriteExcel.demoKey is PASSED

2023-02-08 18:43:18 - [MESSAGE][PASSED] - pages.WriteExcel.demoKey is PASSED

2023-02-08 18:43:18 - [TEST_STEP][PASSED] - sdfo = getText(findTestObject("Object Repository/Page_VLinkReceipt/pre_STX")): Text of object 'Object Repository/Page_VLinkReceipt/pre_STX' is: '<STX>a6Pozjbfomku                                      2  Transaction failed                                20 Missing Parameter(s): amount                                                               <ETX>'

2023-02-08 18:43:18 - [MESSAGE][PASSED] - Text of object 'Object Repository/Page_VLinkReceipt/pre_STX' is: '<STX>a6Pozjbfomku                                      2  Transaction failed                                20 Missing Parameter(s): amount                                                               <ETX>'

2023-02-08 18:43:18 - [TEST_STEP][PASSED] - out.println("sdfo: " + sdfo): null

2023-02-08 18:43:18 - [TEST_STEP][PASSED] - remID = substring(5, 35).trim(): null

2023-02-08 18:43:18 - [TEST_STEP][PASSED] - out.println("Remittance ID: " + remID): null

2023-02-08 18:43:18 - [TEST_STEP][PASSED] - traxID = substring(35, 55).trim(): null

2023-02-08 18:43:18 - [TEST_STEP][PASSED] - out.println("Transaction ID: " + traxID): null

2023-02-08 18:43:18 - [TEST_STEP][PASSED] - out.println("End Record Number: " + row): null

2023-02-08 18:43:18 - [TEST_STEP][PASSED] - closeBrowser(): Browser is closed

2023-02-08 18:43:19 - [MESSAGE][PASSED] - Browser is closed

2023-02-08 18:43:19 - [TEST_STEP][PASSED] - ExecuteTC = findTestData(dataFile).getValue("Execute", row): null

2023-02-08 18:43:19 - [TEST_STEP][PASSED] - out.println("Value of Execute is : " + ExecuteTC): null

2023-02-08 18:43:19 - [TEST_STEP][PASSED] - errorMsg = findTestData(dataFile).getValue("ErrorMsg", row): null

2023-02-08 18:43:19 - [TEST_STEP][PASSED] - if (ExecuteTC.equalsIgnoreCase("Y")): Browser is closed

2023-02-08 18:43:19 - [TEST_STEP][PASSED] - out.println("Begin Record Number: " + row): null

2023-02-08 18:43:19 - [TEST_STEP][PASSED] - today = new java.util.Date(): null

2023-02-08 18:43:19 - [TEST_STEP][PASSED] - println(today): null

2023-02-08 18:43:19 - [TEST_STEP][PASSED] - datText = today: null

2023-02-08 18:43:19 - [TEST_STEP][PASSED] - openBrowser(VLinkURL + "authcap.html"): Browser is opened with url: 'https://dev-algorithm.govolution.com/vlinktest/QA/version_2_0/authcap.html'

2023-02-08 18:43:19 - [MESSAGE][INFO] - Starting 'Chrome' driver

2023-02-08 18:43:19 - [MESSAGE][INFO] - User set preference: ['acceptInsecureCerts', 'true']

2023-02-08 18:43:19 - [MESSAGE][INFO] - Action delay is set to 0 milliseconds

2023-02-08 18:43:21 - [MESSAGE][PASSED] - Browser is opened with url: 'https://dev-algorithm.govolution.com/vlinktest/QA/version_2_0/authcap.html'

2023-02-08 18:43:21 - [TEST_STEP][PASSED] - maximizeWindow(): Current window maximized

2023-02-08 18:43:21 - [MESSAGE][PASSED] - Current window maximized

2023-02-08 18:43:21 - [TEST_STEP][PASSED] - vlinkPages.saleCCPage.setDataSCC(row, dataFile): vlinkPages.saleCCPage.setDataSCC is PASSED

2023-02-08 18:43:25 - [MESSAGE][PASSED] - Object 'Object Repository/VLink/Page_CCSale/txt_CardNumber' is present

2023-02-08 18:43:26 - [MESSAGE][PASSED] - Text '104' is set on object 'Object Repository/VLink/Page_CCSale/txt_TransactionType'

2023-02-08 18:43:26 - [MESSAGE][PASSED] - Text '2.0C' is set on object 'Object Repository/VLink/Page_CCSale/txt_MessageVersion'

2023-02-08 18:43:27 - [MESSAGE][PASSED] - Text 'mndWR0UNgDs7' is set on object 'Object Repository/VLink/Page_CCSale/txt_RemID'

2023-02-08 18:43:28 - [MESSAGE][PASSED] - Text '234' is set on object 'Object Repository/VLink/Page_CCSale/txt_ApplicationId'

2023-02-08 18:43:28 - [MESSAGE][PASSED] - Text 'username' is set on object 'Object Repository/VLink/Page_CCSale/txt_Username'

2023-02-08 18:43:29 - [MESSAGE][PASSED] - Text 'password' is set on object 'Object Repository/VLink/Page_CCSale/txt_Password'

2023-02-08 18:43:30 - [MESSAGE][PASSED] - Text 'fixed_width' is set on object 'Object Repository/VLink/Page_CCSale/txt_ResponseFormat'

2023-02-08 18:43:30 - [MESSAGE][PASSED] - Text 'MOTO' is set on object 'Object Repository/VLink/Page_CCSale/txt_Category'

2023-02-08 18:43:31 - [MESSAGE][PASSED] - Text '' is set on object 'Object Repository/VLink/Page_CCSale/txt_TransactionID'

2023-02-08 18:43:31 - [MESSAGE][PASSED] - Text '' is set on object 'Object Repository/VLink/Page_CCSale/txt_ApprovalCode'

2023-02-08 18:43:32 - [MESSAGE][PASSED] - Text 'Kris Roshan' is set on object 'Object Repository/VLink/Page_CCSale/txt_CardName'

2023-02-08 18:43:33 - [MESSAGE][PASSED] - Text '258 Elm Road' is set on object 'Object Repository/VLink/Page_CCSale/txt_AL1'

2023-02-08 18:43:33 - [MESSAGE][PASSED] - Text 'Suite 56' is set on object 'Object Repository/VLink/Page_CCSale/txt_AL2'

2023-02-08 18:43:34 - [MESSAGE][PASSED] - Text 'Arlington' is set on object 'Object Repository/VLink/Page_CCSale/txt_CardCity'

2023-02-08 18:43:34 - [MESSAGE][PASSED] - Text 'VA' is set on object 'Object Repository/VLink/Page_CCSale/txt_CardState'

2023-02-08 18:43:35 - [MESSAGE][PASSED] - Text '22201' is set on object 'Object Repository/VLink/Page_CCSale/txt_CardZIP'

2023-02-08 18:43:36 - [MESSAGE][PASSED] - Text '840' is set on object 'Object Repository/VLink/Page_CCSale/txt_CountryID'

2023-02-08 18:43:36 - [MESSAGE][PASSED] - Text '' is set on object 'Object Repository/VLink/Page_CCSale/txt_Amount'

2023-02-08 18:43:37 - [MESSAGE][PASSED] - Text '4111111111111111' is set on object 'Object Repository/VLink/Page_CCSale/txt_CardNumber'

2023-02-08 18:43:38 - [MESSAGE][PASSED] - Text '12' is set on object 'Object Repository/VLink/Page_CCSale/txt_ExpMonth'

2023-02-08 18:43:38 - [MESSAGE][PASSED] - Text '2025' is set on object 'Object Repository/VLink/Page_CCSale/txt_ExpYear'

2023-02-08 18:43:39 - [MESSAGE][PASSED] - Text '' is set on object 'Object Repository/VLink/Page_CCSale/txt_CVV'

2023-02-08 18:43:39 - [MESSAGE][PASSED] - Text '' is set on object 'Object Repository/VLink/Page_CCSale/txt_CVVstate'

2023-02-08 18:43:40 - [MESSAGE][PASSED] - Text '' is set on object 'Object Repository/VLink/Page_CCSale/txt_TrackData'

2023-02-08 18:43:41 - [MESSAGE][PASSED] - Text '' is set on object 'Object Repository/VLink/Page_CCSale/txt_Track1Data'

2023-02-08 18:43:41 - [MESSAGE][PASSED] - Text '' is set on object 'Object Repository/VLink/Page_CCSale/txt_Track2Data'

2023-02-08 18:43:42 - [MESSAGE][PASSED] - Text 'manual' is set on object 'Object Repository/VLink/Page_CCSale/txt_POSEntryMode'

2023-02-08 18:43:43 - [MESSAGE][PASSED] - Text 'iahmed@govolution.com' is set on object 'Object Repository/VLink/Page_CCSale/txt_Email'

2023-02-08 18:43:43 - [MESSAGE][PASSED] - Text '2569362' is set on object 'Object Repository/VLink/Page_CCSale/txt_OrderNumber'

2023-02-08 18:43:44 - [MESSAGE][PASSED] - Text '1.15' is set on object 'Object Repository/VLink/Page_CCSale/txt_TaxAmount'

2023-02-08 18:43:44 - [MESSAGE][PASSED] - Text 'Charge Description' is set on object 'Object Repository/VLink/Page_CCSale/txt_ChargeDescription'

2023-02-08 18:43:45 - [MESSAGE][PASSED] - Text '147357' is set on object 'Object Repository/VLink/Page_CCSale/txt_CAN'

2023-02-08 18:43:46 - [MESSAGE][PASSED] - Text '1' is set on object 'Object Repository/VLink/Page_CCSale/txt_BillPaymentIndicator'

2023-02-08 18:43:46 - [MESSAGE][PASSED] - Text 'UDF Data 1' is set on object 'Object Repository/VLink/Page_CCSale/txt_UDF1'

2023-02-08 18:43:47 - [MESSAGE][PASSED] - Text 'UDF Data 2' is set on object 'Object Repository/VLink/Page_CCSale/txt_UDF2'

2023-02-08 18:43:47 - [MESSAGE][PASSED] - Text 'UDF Data 3' is set on object 'Object Repository/VLink/Page_CCSale/txt_UDF3'

2023-02-08 18:43:48 - [MESSAGE][PASSED] - Text 'UDF Data 4' is set on object 'Object Repository/VLink/Page_CCSale/txt_UDF4'

2023-02-08 18:43:49 - [MESSAGE][PASSED] - Text 'UDF Data 5' is set on object 'Object Repository/VLink/Page_CCSale/txt_UDF5'

2023-02-08 18:43:49 - [MESSAGE][PASSED] - Text 'UDF Data 6' is set on object 'Object Repository/VLink/Page_CCSale/txt_UDF6'

2023-02-08 18:43:50 - [MESSAGE][PASSED] - Text 'UDF Data 7' is set on object 'Object Repository/VLink/Page_CCSale/txt_UDF7'

2023-02-08 18:43:51 - [MESSAGE][PASSED] - Text 'UDF Data 8' is set on object 'Object Repository/VLink/Page_CCSale/txt_UDF8'

2023-02-08 18:43:51 - [MESSAGE][PASSED] - Text 'UDF Data 9' is set on object 'Object Repository/VLink/Page_CCSale/txt_UDF9'

2023-02-08 18:43:52 - [MESSAGE][PASSED] - Text 'UDF Data 10' is set on object 'Object Repository/VLink/Page_CCSale/txt_UDF10'

2023-02-08 18:43:52 - [MESSAGE][PASSED] - Object: 'Object Repository/VLink/Page_CCSale/btn_ProcessVLinkTransaction' is clicked on

2023-02-08 18:43:57 - [MESSAGE][PASSED] - vlinkPages.saleCCPage.setDataSCC is PASSED

2023-02-08 18:43:57 - [TEST_STEP][PASSED] - if (verifyTextPresent(errorMsg, true)): null

2023-02-08 18:43:58 - [MESSAGE][PASSED] - Text 'amount' is present on page  using regular expression

2023-02-08 18:43:58 - [TEST_STEP][PASSED] - println("Transaction Approved, no errors text is present on the Confirmation page"): null

2023-02-08 18:43:58 - [TEST_STEP][PASSED] - out.println("Pass Record Number: " + row): null

2023-02-08 18:43:58 - [TEST_STEP][PASSED] - resText = "Pass": null

2023-02-08 18:43:58 - [TEST_STEP][PASSED] - pages.WriteExcel.demoKey(resText, datText, resColumn, datCloumn, fileLoc, nameSheet, row): pages.WriteExcel.demoKey is PASSED

2023-02-08 18:43:58 - [MESSAGE][PASSED] - pages.WriteExcel.demoKey is PASSED

2023-02-08 18:43:58 - [TEST_STEP][PASSED] - sdfo = getText(findTestObject("Object Repository/Page_VLinkReceipt/pre_STX")): Text of object 'Object Repository/Page_VLinkReceipt/pre_STX' is: '<STX>mndWR0UNgDs7                                      2  Transaction failed                                20 Missing Parameter(s): amount                                                               <ETX>'

2023-02-08 18:43:58 - [MESSAGE][PASSED] - Text of object 'Object Repository/Page_VLinkReceipt/pre_STX' is: '<STX>mndWR0UNgDs7                                      2  Transaction failed                                20 Missing Parameter(s): amount                                                               <ETX>'

2023-02-08 18:43:58 - [TEST_STEP][PASSED] - out.println("sdfo: " + sdfo): null

2023-02-08 18:43:58 - [TEST_STEP][PASSED] - remID = substring(5, 35).trim(): null

2023-02-08 18:43:58 - [TEST_STEP][PASSED] - out.println("Remittance ID: " + remID): null

2023-02-08 18:43:58 - [TEST_STEP][PASSED] - traxID = substring(35, 55).trim(): null

2023-02-08 18:43:58 - [TEST_STEP][PASSED] - out.println("Transaction ID: " + traxID): null

2023-02-08 18:43:58 - [TEST_STEP][PASSED] - out.println("End Record Number: " + row): null

2023-02-08 18:43:58 - [TEST_STEP][PASSED] - closeBrowser(): Browser is closed

2023-02-08 18:43:59 - [MESSAGE][PASSED] - Browser is closed

2023-02-08 18:43:59 - [TEST_STEP][PASSED] - ExecuteTC = findTestData(dataFile).getValue("Execute", row): null

2023-02-08 18:43:59 - [TEST_STEP][PASSED] - out.println("Value of Execute is : " + ExecuteTC): null

2023-02-08 18:43:59 - [TEST_STEP][PASSED] - errorMsg = findTestData(dataFile).getValue("ErrorMsg", row): null

2023-02-08 18:43:59 - [TEST_STEP][PASSED] - if (ExecuteTC.equalsIgnoreCase("Y")): Browser is closed

2023-02-08 18:43:59 - [TEST_STEP][PASSED] - out.println("Begin Record Number: " + row): null

2023-02-08 18:43:59 - [TEST_STEP][PASSED] - today = new java.util.Date(): null

2023-02-08 18:43:59 - [TEST_STEP][PASSED] - println(today): null

2023-02-08 18:43:59 - [TEST_STEP][PASSED] - datText = today: null

2023-02-08 18:43:59 - [TEST_STEP][PASSED] - openBrowser(VLinkURL + "authcap.html"): Browser is opened with url: 'https://dev-algorithm.govolution.com/vlinktest/QA/version_2_0/authcap.html'

2023-02-08 18:43:59 - [MESSAGE][INFO] - Starting 'Chrome' driver

2023-02-08 18:43:59 - [MESSAGE][INFO] - User set preference: ['acceptInsecureCerts', 'true']

2023-02-08 18:43:59 - [MESSAGE][INFO] - Action delay is set to 0 milliseconds

2023-02-08 18:44:01 - [MESSAGE][PASSED] - Browser is opened with url: 'https://dev-algorithm.govolution.com/vlinktest/QA/version_2_0/authcap.html'

2023-02-08 18:44:01 - [TEST_STEP][PASSED] - maximizeWindow(): Current window maximized

2023-02-08 18:44:01 - [MESSAGE][PASSED] - Current window maximized

2023-02-08 18:44:01 - [TEST_STEP][PASSED] - vlinkPages.saleCCPage.setDataSCC(row, dataFile): vlinkPages.saleCCPage.setDataSCC is PASSED

2023-02-08 18:44:05 - [MESSAGE][PASSED] - Object 'Object Repository/VLink/Page_CCSale/txt_CardNumber' is present

2023-02-08 18:44:06 - [MESSAGE][PASSED] - Text '104' is set on object 'Object Repository/VLink/Page_CCSale/txt_TransactionType'

2023-02-08 18:44:06 - [MESSAGE][PASSED] - Text '2.0C' is set on object 'Object Repository/VLink/Page_CCSale/txt_MessageVersion'

2023-02-08 18:44:07 - [MESSAGE][PASSED] - Text '1EMfJMpWU1nN' is set on object 'Object Repository/VLink/Page_CCSale/txt_RemID'

2023-02-08 18:44:08 - [MESSAGE][PASSED] - Text '234' is set on object 'Object Repository/VLink/Page_CCSale/txt_ApplicationId'

2023-02-08 18:44:08 - [MESSAGE][PASSED] - Text 'username' is set on object 'Object Repository/VLink/Page_CCSale/txt_Username'

2023-02-08 18:44:09 - [MESSAGE][PASSED] - Text 'password' is set on object 'Object Repository/VLink/Page_CCSale/txt_Password'

2023-02-08 18:44:09 - [MESSAGE][PASSED] - Text 'fixed_width' is set on object 'Object Repository/VLink/Page_CCSale/txt_ResponseFormat'

2023-02-08 18:44:10 - [MESSAGE][PASSED] - Text 'RETL' is set on object 'Object Repository/VLink/Page_CCSale/txt_Category'

2023-02-08 18:44:11 - [MESSAGE][PASSED] - Text '' is set on object 'Object Repository/VLink/Page_CCSale/txt_TransactionID'

2023-02-08 18:44:11 - [MESSAGE][PASSED] - Text '' is set on object 'Object Repository/VLink/Page_CCSale/txt_ApprovalCode'

2023-02-08 18:44:12 - [MESSAGE][PASSED] - Text 'Kris Roshan' is set on object 'Object Repository/VLink/Page_CCSale/txt_CardName'

2023-02-08 18:44:13 - [MESSAGE][PASSED] - Text '258 Elm Road' is set on object 'Object Repository/VLink/Page_CCSale/txt_AL1'

2023-02-08 18:44:13 - [MESSAGE][PASSED] - Text 'Suite 56' is set on object 'Object Repository/VLink/Page_CCSale/txt_AL2'

2023-02-08 18:44:14 - [MESSAGE][PASSED] - Text 'Arlington' is set on object 'Object Repository/VLink/Page_CCSale/txt_CardCity'

2023-02-08 18:44:14 - [MESSAGE][PASSED] - Text 'VA' is set on object 'Object Repository/VLink/Page_CCSale/txt_CardState'

2023-02-08 18:44:15 - [MESSAGE][PASSED] - Text '22201' is set on object 'Object Repository/VLink/Page_CCSale/txt_CardZIP'

2023-02-08 18:44:16 - [MESSAGE][PASSED] - Text '840' is set on object 'Object Repository/VLink/Page_CCSale/txt_CountryID'

2023-02-08 18:44:16 - [MESSAGE][PASSED] - Text '' is set on object 'Object Repository/VLink/Page_CCSale/txt_Amount'

2023-02-08 18:44:17 - [MESSAGE][PASSED] - Text '4111111111111111' is set on object 'Object Repository/VLink/Page_CCSale/txt_CardNumber'

2023-02-08 18:44:18 - [MESSAGE][PASSED] - Text '12' is set on object 'Object Repository/VLink/Page_CCSale/txt_ExpMonth'

2023-02-08 18:44:18 - [MESSAGE][PASSED] - Text '2025' is set on object 'Object Repository/VLink/Page_CCSale/txt_ExpYear'

2023-02-08 18:44:19 - [MESSAGE][PASSED] - Text '' is set on object 'Object Repository/VLink/Page_CCSale/txt_CVV'

2023-02-08 18:44:19 - [MESSAGE][PASSED] - Text '' is set on object 'Object Repository/VLink/Page_CCSale/txt_CVVstate'

2023-02-08 18:44:20 - [MESSAGE][PASSED] - Text '' is set on object 'Object Repository/VLink/Page_CCSale/txt_TrackData'

2023-02-08 18:44:21 - [MESSAGE][PASSED] - Text '' is set on object 'Object Repository/VLink/Page_CCSale/txt_Track1Data'

2023-02-08 18:44:21 - [MESSAGE][PASSED] - Text '' is set on object 'Object Repository/VLink/Page_CCSale/txt_Track2Data'

2023-02-08 18:44:22 - [MESSAGE][PASSED] - Text 'manual' is set on object 'Object Repository/VLink/Page_CCSale/txt_POSEntryMode'

2023-02-08 18:44:22 - [MESSAGE][PASSED] - Text 'iahmed@govolution.com' is set on object 'Object Repository/VLink/Page_CCSale/txt_Email'

2023-02-08 18:44:23 - [MESSAGE][PASSED] - Text '2569362' is set on object 'Object Repository/VLink/Page_CCSale/txt_OrderNumber'

2023-02-08 18:44:24 - [MESSAGE][PASSED] - Text '1.15' is set on object 'Object Repository/VLink/Page_CCSale/txt_TaxAmount'

2023-02-08 18:44:24 - [MESSAGE][PASSED] - Text 'Charge Description' is set on object 'Object Repository/VLink/Page_CCSale/txt_ChargeDescription'

2023-02-08 18:44:25 - [MESSAGE][PASSED] - Text '147357' is set on object 'Object Repository/VLink/Page_CCSale/txt_CAN'

2023-02-08 18:44:25 - [MESSAGE][PASSED] - Text '1' is set on object 'Object Repository/VLink/Page_CCSale/txt_BillPaymentIndicator'

2023-02-08 18:44:26 - [MESSAGE][PASSED] - Text 'UDF Data 1' is set on object 'Object Repository/VLink/Page_CCSale/txt_UDF1'

2023-02-08 18:44:27 - [MESSAGE][PASSED] - Text 'UDF Data 2' is set on object 'Object Repository/VLink/Page_CCSale/txt_UDF2'

2023-02-08 18:44:27 - [MESSAGE][PASSED] - Text 'UDF Data 3' is set on object 'Object Repository/VLink/Page_CCSale/txt_UDF3'

2023-02-08 18:44:28 - [MESSAGE][PASSED] - Text 'UDF Data 4' is set on object 'Object Repository/VLink/Page_CCSale/txt_UDF4'

2023-02-08 18:44:29 - [MESSAGE][PASSED] - Text 'UDF Data 5' is set on object 'Object Repository/VLink/Page_CCSale/txt_UDF5'

2023-02-08 18:44:29 - [MESSAGE][PASSED] - Text 'UDF Data 6' is set on object 'Object Repository/VLink/Page_CCSale/txt_UDF6'

2023-02-08 18:44:30 - [MESSAGE][PASSED] - Text 'UDF Data 7' is set on object 'Object Repository/VLink/Page_CCSale/txt_UDF7'

2023-02-08 18:44:30 - [MESSAGE][PASSED] - Text 'UDF Data 8' is set on object 'Object Repository/VLink/Page_CCSale/txt_UDF8'

2023-02-08 18:44:31 - [MESSAGE][PASSED] - Text 'UDF Data 9' is set on object 'Object Repository/VLink/Page_CCSale/txt_UDF9'

2023-02-08 18:44:32 - [MESSAGE][PASSED] - Text 'UDF Data 10' is set on object 'Object Repository/VLink/Page_CCSale/txt_UDF10'

2023-02-08 18:44:32 - [MESSAGE][PASSED] - Object: 'Object Repository/VLink/Page_CCSale/btn_ProcessVLinkTransaction' is clicked on

2023-02-08 18:44:37 - [MESSAGE][PASSED] - vlinkPages.saleCCPage.setDataSCC is PASSED

2023-02-08 18:44:37 - [TEST_STEP][PASSED] - if (verifyTextPresent(errorMsg, true)): null

2023-02-08 18:44:38 - [MESSAGE][PASSED] - Text 'amount' is present on page  using regular expression

2023-02-08 18:44:38 - [TEST_STEP][PASSED] - println("Transaction Approved, no errors text is present on the Confirmation page"): null

2023-02-08 18:44:38 - [TEST_STEP][PASSED] - out.println("Pass Record Number: " + row): null

2023-02-08 18:44:38 - [TEST_STEP][PASSED] - resText = "Pass": null

2023-02-08 18:44:38 - [TEST_STEP][PASSED] - pages.WriteExcel.demoKey(resText, datText, resColumn, datCloumn, fileLoc, nameSheet, row): pages.WriteExcel.demoKey is PASSED

2023-02-08 18:44:38 - [MESSAGE][PASSED] - pages.WriteExcel.demoKey is PASSED

2023-02-08 18:44:38 - [TEST_STEP][PASSED] - sdfo = getText(findTestObject("Object Repository/Page_VLinkReceipt/pre_STX")): Text of object 'Object Repository/Page_VLinkReceipt/pre_STX' is: '<STX>1EMfJMpWU1nN                                      2  Transaction failed                                20 Missing Parameter(s): amount                                                               <ETX>'

2023-02-08 18:44:38 - [MESSAGE][PASSED] - Text of object 'Object Repository/Page_VLinkReceipt/pre_STX' is: '<STX>1EMfJMpWU1nN                                      2  Transaction failed                                20 Missing Parameter(s): amount                                                               <ETX>'

2023-02-08 18:44:38 - [TEST_STEP][PASSED] - out.println("sdfo: " + sdfo): null

2023-02-08 18:44:38 - [TEST_STEP][PASSED] - remID = substring(5, 35).trim(): null

2023-02-08 18:44:38 - [TEST_STEP][PASSED] - out.println("Remittance ID: " + remID): null

2023-02-08 18:44:38 - [TEST_STEP][PASSED] - traxID = substring(35, 55).trim(): null

2023-02-08 18:44:38 - [TEST_STEP][PASSED] - out.println("Transaction ID: " + traxID): null

2023-02-08 18:44:38 - [TEST_STEP][PASSED] - out.println("End Record Number: " + row): null

2023-02-08 18:44:38 - [TEST_STEP][PASSED] - closeBrowser(): Browser is closed

2023-02-08 18:44:39 - [MESSAGE][PASSED] - Browser is closed

2023-02-08 18:44:39 - [TEST_STEP][PASSED] - ExecuteTC = findTestData(dataFile).getValue("Execute", row): null

2023-02-08 18:44:39 - [TEST_STEP][PASSED] - out.println("Value of Execute is : " + ExecuteTC): null

2023-02-08 18:44:39 - [TEST_STEP][PASSED] - errorMsg = findTestData(dataFile).getValue("ErrorMsg", row): null

2023-02-08 18:44:39 - [TEST_STEP][PASSED] - if (ExecuteTC.equalsIgnoreCase("Y")): Browser is closed

2023-02-08 18:44:39 - [TEST_STEP][PASSED] - out.println("Begin Record Number: " + row): null

2023-02-08 18:44:39 - [TEST_STEP][PASSED] - today = new java.util.Date(): null

2023-02-08 18:44:39 - [TEST_STEP][PASSED] - println(today): null

2023-02-08 18:44:39 - [TEST_STEP][PASSED] - datText = today: null

2023-02-08 18:44:39 - [TEST_STEP][PASSED] - openBrowser(VLinkURL + "authcap.html"): Browser is opened with url: 'https://dev-algorithm.govolution.com/vlinktest/QA/version_2_0/authcap.html'

2023-02-08 18:44:39 - [MESSAGE][INFO] - Starting 'Chrome' driver

2023-02-08 18:44:39 - [MESSAGE][INFO] - User set preference: ['acceptInsecureCerts', 'true']

2023-02-08 18:44:39 - [MESSAGE][INFO] - Action delay is set to 0 milliseconds

2023-02-08 18:44:41 - [MESSAGE][PASSED] - Browser is opened with url: 'https://dev-algorithm.govolution.com/vlinktest/QA/version_2_0/authcap.html'

2023-02-08 18:44:41 - [TEST_STEP][PASSED] - maximizeWindow(): Current window maximized

2023-02-08 18:44:41 - [MESSAGE][PASSED] - Current window maximized

2023-02-08 18:44:41 - [TEST_STEP][PASSED] - vlinkPages.saleCCPage.setDataSCC(row, dataFile): vlinkPages.saleCCPage.setDataSCC is PASSED

2023-02-08 18:44:45 - [MESSAGE][PASSED] - Object 'Object Repository/VLink/Page_CCSale/txt_CardNumber' is present

2023-02-08 18:44:46 - [MESSAGE][PASSED] - Text '104' is set on object 'Object Repository/VLink/Page_CCSale/txt_TransactionType'

2023-02-08 18:44:46 - [MESSAGE][PASSED] - Text '2.0C' is set on object 'Object Repository/VLink/Page_CCSale/txt_MessageVersion'

2023-02-08 18:44:47 - [MESSAGE][PASSED] - Text 'sJXOJocCswUC' is set on object 'Object Repository/VLink/Page_CCSale/txt_RemID'

2023-02-08 18:44:48 - [MESSAGE][PASSED] - Text '234' is set on object 'Object Repository/VLink/Page_CCSale/txt_ApplicationId'

2023-02-08 18:44:48 - [MESSAGE][PASSED] - Text 'username' is set on object 'Object Repository/VLink/Page_CCSale/txt_Username'

2023-02-08 18:44:49 - [MESSAGE][PASSED] - Text 'password' is set on object 'Object Repository/VLink/Page_CCSale/txt_Password'

2023-02-08 18:44:50 - [MESSAGE][PASSED] - Text 'fixed_width' is set on object 'Object Repository/VLink/Page_CCSale/txt_ResponseFormat'

2023-02-08 18:44:50 - [MESSAGE][PASSED] - Text 'ECOM' is set on object 'Object Repository/VLink/Page_CCSale/txt_Category'

2023-02-08 18:44:51 - [MESSAGE][PASSED] - Text '' is set on object 'Object Repository/VLink/Page_CCSale/txt_TransactionID'

2023-02-08 18:44:51 - [MESSAGE][PASSED] - Text '' is set on object 'Object Repository/VLink/Page_CCSale/txt_ApprovalCode'

2023-02-08 18:44:52 - [MESSAGE][PASSED] - Text 'Kris Roshan' is set on object 'Object Repository/VLink/Page_CCSale/txt_CardName'

2023-02-08 18:44:53 - [MESSAGE][PASSED] - Text '258 Elm Road' is set on object 'Object Repository/VLink/Page_CCSale/txt_AL1'

2023-02-08 18:44:53 - [MESSAGE][PASSED] - Text 'Suite 56' is set on object 'Object Repository/VLink/Page_CCSale/txt_AL2'

2023-02-08 18:44:54 - [MESSAGE][PASSED] - Text 'Arlington' is set on object 'Object Repository/VLink/Page_CCSale/txt_CardCity'

2023-02-08 18:44:54 - [MESSAGE][PASSED] - Text 'VA' is set on object 'Object Repository/VLink/Page_CCSale/txt_CardState'

2023-02-08 18:44:55 - [MESSAGE][PASSED] - Text '22201' is set on object 'Object Repository/VLink/Page_CCSale/txt_CardZIP'

2023-02-08 18:44:56 - [MESSAGE][PASSED] - Text '840' is set on object 'Object Repository/VLink/Page_CCSale/txt_CountryID'

2023-02-08 18:44:56 - [MESSAGE][PASSED] - Text '1.50' is set on object 'Object Repository/VLink/Page_CCSale/txt_Amount'

2023-02-08 18:44:57 - [MESSAGE][PASSED] - Text '' is set on object 'Object Repository/VLink/Page_CCSale/txt_CardNumber'

2023-02-08 18:44:57 - [MESSAGE][PASSED] - Text '12' is set on object 'Object Repository/VLink/Page_CCSale/txt_ExpMonth'

2023-02-08 18:44:58 - [MESSAGE][PASSED] - Text '2025' is set on object 'Object Repository/VLink/Page_CCSale/txt_ExpYear'

2023-02-08 18:44:59 - [MESSAGE][PASSED] - Text '' is set on object 'Object Repository/VLink/Page_CCSale/txt_CVV'

2023-02-08 18:44:59 - [MESSAGE][PASSED] - Text '' is set on object 'Object Repository/VLink/Page_CCSale/txt_CVVstate'

2023-02-08 18:45:00 - [MESSAGE][PASSED] - Text '' is set on object 'Object Repository/VLink/Page_CCSale/txt_TrackData'

2023-02-08 18:45:00 - [MESSAGE][PASSED] - Text '' is set on object 'Object Repository/VLink/Page_CCSale/txt_Track1Data'

2023-02-08 18:45:01 - [MESSAGE][PASSED] - Text '' is set on object 'Object Repository/VLink/Page_CCSale/txt_Track2Data'

2023-02-08 18:45:02 - [MESSAGE][PASSED] - Text 'manual' is set on object 'Object Repository/VLink/Page_CCSale/txt_POSEntryMode'

2023-02-08 18:45:02 - [MESSAGE][PASSED] - Text 'iahmed@govolution.com' is set on object 'Object Repository/VLink/Page_CCSale/txt_Email'

2023-02-08 18:45:03 - [MESSAGE][PASSED] - Text '2569362' is set on object 'Object Repository/VLink/Page_CCSale/txt_OrderNumber'

2023-02-08 18:45:04 - [MESSAGE][PASSED] - Text '1.15' is set on object 'Object Repository/VLink/Page_CCSale/txt_TaxAmount'

2023-02-08 18:45:04 - [MESSAGE][PASSED] - Text 'Charge Description' is set on object 'Object Repository/VLink/Page_CCSale/txt_ChargeDescription'

2023-02-08 18:45:05 - [MESSAGE][PASSED] - Text '147357' is set on object 'Object Repository/VLink/Page_CCSale/txt_CAN'

2023-02-08 18:45:05 - [MESSAGE][PASSED] - Text '1' is set on object 'Object Repository/VLink/Page_CCSale/txt_BillPaymentIndicator'

2023-02-08 18:45:06 - [MESSAGE][PASSED] - Text 'UDF Data 1' is set on object 'Object Repository/VLink/Page_CCSale/txt_UDF1'

2023-02-08 18:45:07 - [MESSAGE][PASSED] - Text 'UDF Data 2' is set on object 'Object Repository/VLink/Page_CCSale/txt_UDF2'

2023-02-08 18:45:07 - [MESSAGE][PASSED] - Text 'UDF Data 3' is set on object 'Object Repository/VLink/Page_CCSale/txt_UDF3'

2023-02-08 18:45:08 - [MESSAGE][PASSED] - Text 'UDF Data 4' is set on object 'Object Repository/VLink/Page_CCSale/txt_UDF4'

2023-02-08 18:45:08 - [MESSAGE][PASSED] - Text 'UDF Data 5' is set on object 'Object Repository/VLink/Page_CCSale/txt_UDF5'

2023-02-08 18:45:09 - [MESSAGE][PASSED] - Text 'UDF Data 6' is set on object 'Object Repository/VLink/Page_CCSale/txt_UDF6'

2023-02-08 18:45:10 - [MESSAGE][PASSED] - Text 'UDF Data 7' is set on object 'Object Repository/VLink/Page_CCSale/txt_UDF7'

2023-02-08 18:45:10 - [MESSAGE][PASSED] - Text 'UDF Data 8' is set on object 'Object Repository/VLink/Page_CCSale/txt_UDF8'

2023-02-08 18:45:11 - [MESSAGE][PASSED] - Text 'UDF Data 9' is set on object 'Object Repository/VLink/Page_CCSale/txt_UDF9'

2023-02-08 18:45:12 - [MESSAGE][PASSED] - Text 'UDF Data 10' is set on object 'Object Repository/VLink/Page_CCSale/txt_UDF10'

2023-02-08 18:45:12 - [MESSAGE][PASSED] - Object: 'Object Repository/VLink/Page_CCSale/btn_ProcessVLinkTransaction' is clicked on

2023-02-08 18:45:17 - [MESSAGE][PASSED] - vlinkPages.saleCCPage.setDataSCC is PASSED

2023-02-08 18:45:17 - [TEST_STEP][PASSED] - if (verifyTextPresent(errorMsg, true)): null

2023-02-08 18:45:18 - [MESSAGE][PASSED] - Text 'card_number' is present on page  using regular expression

2023-02-08 18:45:18 - [TEST_STEP][PASSED] - println("Transaction Approved, no errors text is present on the Confirmation page"): null

2023-02-08 18:45:18 - [TEST_STEP][PASSED] - out.println("Pass Record Number: " + row): null

2023-02-08 18:45:18 - [TEST_STEP][PASSED] - resText = "Pass": null

2023-02-08 18:45:18 - [TEST_STEP][PASSED] - pages.WriteExcel.demoKey(resText, datText, resColumn, datCloumn, fileLoc, nameSheet, row): pages.WriteExcel.demoKey is PASSED

2023-02-08 18:45:18 - [MESSAGE][PASSED] - pages.WriteExcel.demoKey is PASSED

2023-02-08 18:45:18 - [TEST_STEP][PASSED] - sdfo = getText(findTestObject("Object Repository/Page_VLinkReceipt/pre_STX")): Text of object 'Object Repository/Page_VLinkReceipt/pre_STX' is: '<STX>sJXOJocCswUC                                      2  Transaction failed                                20 Missing Parameter(s): card_number                                                          <ETX>'

2023-02-08 18:45:18 - [MESSAGE][PASSED] - Text of object 'Object Repository/Page_VLinkReceipt/pre_STX' is: '<STX>sJXOJocCswUC                                      2  Transaction failed                                20 Missing Parameter(s): card_number                                                          <ETX>'

2023-02-08 18:45:18 - [TEST_STEP][PASSED] - out.println("sdfo: " + sdfo): null

2023-02-08 18:45:18 - [TEST_STEP][PASSED] - remID = substring(5, 35).trim(): null

2023-02-08 18:45:18 - [TEST_STEP][PASSED] - out.println("Remittance ID: " + remID): null

2023-02-08 18:45:18 - [TEST_STEP][PASSED] - traxID = substring(35, 55).trim(): null

2023-02-08 18:45:18 - [TEST_STEP][PASSED] - out.println("Transaction ID: " + traxID): null

2023-02-08 18:45:18 - [TEST_STEP][PASSED] - out.println("End Record Number: " + row): null

2023-02-08 18:45:18 - [TEST_STEP][PASSED] - closeBrowser(): Browser is closed

2023-02-08 18:45:19 - [MESSAGE][PASSED] - Browser is closed

2023-02-08 18:45:19 - [TEST_STEP][PASSED] - ExecuteTC = findTestData(dataFile).getValue("Execute", row): null

2023-02-08 18:45:19 - [TEST_STEP][PASSED] - out.println("Value of Execute is : " + ExecuteTC): null

2023-02-08 18:45:19 - [TEST_STEP][PASSED] - errorMsg = findTestData(dataFile).getValue("ErrorMsg", row): null

2023-02-08 18:45:19 - [TEST_STEP][PASSED] - if (ExecuteTC.equalsIgnoreCase("Y")): Browser is closed

2023-02-08 18:45:19 - [TEST_STEP][PASSED] - out.println("Begin Record Number: " + row): null

2023-02-08 18:45:19 - [TEST_STEP][PASSED] - today = new java.util.Date(): null

2023-02-08 18:45:19 - [TEST_STEP][PASSED] - println(today): null

2023-02-08 18:45:19 - [TEST_STEP][PASSED] - datText = today: null

2023-02-08 18:45:19 - [TEST_STEP][PASSED] - openBrowser(VLinkURL + "authcap.html"): Browser is opened with url: 'https://dev-algorithm.govolution.com/vlinktest/QA/version_2_0/authcap.html'

2023-02-08 18:45:19 - [MESSAGE][INFO] - Starting 'Chrome' driver

2023-02-08 18:45:19 - [MESSAGE][INFO] - User set preference: ['acceptInsecureCerts', 'true']

2023-02-08 18:45:19 - [MESSAGE][INFO] - Action delay is set to 0 milliseconds

2023-02-08 18:45:21 - [MESSAGE][PASSED] - Browser is opened with url: 'https://dev-algorithm.govolution.com/vlinktest/QA/version_2_0/authcap.html'

2023-02-08 18:45:21 - [TEST_STEP][PASSED] - maximizeWindow(): Current window maximized

2023-02-08 18:45:21 - [MESSAGE][PASSED] - Current window maximized

2023-02-08 18:45:21 - [TEST_STEP][PASSED] - vlinkPages.saleCCPage.setDataSCC(row, dataFile): vlinkPages.saleCCPage.setDataSCC is PASSED

2023-02-08 18:45:25 - [MESSAGE][PASSED] - Object 'Object Repository/VLink/Page_CCSale/txt_CardNumber' is present

2023-02-08 18:45:26 - [MESSAGE][PASSED] - Text '104' is set on object 'Object Repository/VLink/Page_CCSale/txt_TransactionType'

2023-02-08 18:45:26 - [MESSAGE][PASSED] - Text '2.0C' is set on object 'Object Repository/VLink/Page_CCSale/txt_MessageVersion'

2023-02-08 18:45:27 - [MESSAGE][PASSED] - Text 'YbyT4A6P5m7z' is set on object 'Object Repository/VLink/Page_CCSale/txt_RemID'

2023-02-08 18:45:27 - [MESSAGE][PASSED] - Text '234' is set on object 'Object Repository/VLink/Page_CCSale/txt_ApplicationId'

2023-02-08 18:45:28 - [MESSAGE][PASSED] - Text 'username' is set on object 'Object Repository/VLink/Page_CCSale/txt_Username'

2023-02-08 18:45:29 - [MESSAGE][PASSED] - Text 'password' is set on object 'Object Repository/VLink/Page_CCSale/txt_Password'

2023-02-08 18:45:29 - [MESSAGE][PASSED] - Text 'fixed_width' is set on object 'Object Repository/VLink/Page_CCSale/txt_ResponseFormat'

2023-02-08 18:45:30 - [MESSAGE][PASSED] - Text 'MOTO' is set on object 'Object Repository/VLink/Page_CCSale/txt_Category'

2023-02-08 18:45:31 - [MESSAGE][PASSED] - Text '' is set on object 'Object Repository/VLink/Page_CCSale/txt_TransactionID'

2023-02-08 18:45:31 - [MESSAGE][PASSED] - Text '' is set on object 'Object Repository/VLink/Page_CCSale/txt_ApprovalCode'

2023-02-08 18:45:32 - [MESSAGE][PASSED] - Text 'Kris Roshan' is set on object 'Object Repository/VLink/Page_CCSale/txt_CardName'

2023-02-08 18:45:32 - [MESSAGE][PASSED] - Text '258 Elm Road' is set on object 'Object Repository/VLink/Page_CCSale/txt_AL1'

2023-02-08 18:45:33 - [MESSAGE][PASSED] - Text 'Suite 56' is set on object 'Object Repository/VLink/Page_CCSale/txt_AL2'

2023-02-08 18:45:34 - [MESSAGE][PASSED] - Text 'Arlington' is set on object 'Object Repository/VLink/Page_CCSale/txt_CardCity'

2023-02-08 18:45:34 - [MESSAGE][PASSED] - Text 'VA' is set on object 'Object Repository/VLink/Page_CCSale/txt_CardState'

2023-02-08 18:45:35 - [MESSAGE][PASSED] - Text '22201' is set on object 'Object Repository/VLink/Page_CCSale/txt_CardZIP'

2023-02-08 18:45:35 - [MESSAGE][PASSED] - Text '840' is set on object 'Object Repository/VLink/Page_CCSale/txt_CountryID'

2023-02-08 18:45:36 - [MESSAGE][PASSED] - Text '1.50' is set on object 'Object Repository/VLink/Page_CCSale/txt_Amount'

2023-02-08 18:45:37 - [MESSAGE][PASSED] - Text '' is set on object 'Object Repository/VLink/Page_CCSale/txt_CardNumber'

2023-02-08 18:45:37 - [MESSAGE][PASSED] - Text '12' is set on object 'Object Repository/VLink/Page_CCSale/txt_ExpMonth'

2023-02-08 18:45:38 - [MESSAGE][PASSED] - Text '2025' is set on object 'Object Repository/VLink/Page_CCSale/txt_ExpYear'

2023-02-08 18:45:39 - [MESSAGE][PASSED] - Text '' is set on object 'Object Repository/VLink/Page_CCSale/txt_CVV'

2023-02-08 18:45:39 - [MESSAGE][PASSED] - Text '' is set on object 'Object Repository/VLink/Page_CCSale/txt_CVVstate'

2023-02-08 18:45:40 - [MESSAGE][PASSED] - Text '' is set on object 'Object Repository/VLink/Page_CCSale/txt_TrackData'

2023-02-08 18:45:40 - [MESSAGE][PASSED] - Text '' is set on object 'Object Repository/VLink/Page_CCSale/txt_Track1Data'

2023-02-08 18:45:41 - [MESSAGE][PASSED] - Text '' is set on object 'Object Repository/VLink/Page_CCSale/txt_Track2Data'

2023-02-08 18:45:42 - [MESSAGE][PASSED] - Text 'manual' is set on object 'Object Repository/VLink/Page_CCSale/txt_POSEntryMode'

2023-02-08 18:45:42 - [MESSAGE][PASSED] - Text 'iahmed@govolution.com' is set on object 'Object Repository/VLink/Page_CCSale/txt_Email'

2023-02-08 18:45:43 - [MESSAGE][PASSED] - Text '2569362' is set on object 'Object Repository/VLink/Page_CCSale/txt_OrderNumber'

2023-02-08 18:45:44 - [MESSAGE][PASSED] - Text '1.15' is set on object 'Object Repository/VLink/Page_CCSale/txt_TaxAmount'

2023-02-08 18:45:44 - [MESSAGE][PASSED] - Text 'Charge Description' is set on object 'Object Repository/VLink/Page_CCSale/txt_ChargeDescription'

2023-02-08 18:45:45 - [MESSAGE][PASSED] - Text '147357' is set on object 'Object Repository/VLink/Page_CCSale/txt_CAN'

2023-02-08 18:45:45 - [MESSAGE][PASSED] - Text '1' is set on object 'Object Repository/VLink/Page_CCSale/txt_BillPaymentIndicator'

2023-02-08 18:45:46 - [MESSAGE][PASSED] - Text 'UDF Data 1' is set on object 'Object Repository/VLink/Page_CCSale/txt_UDF1'

2023-02-08 18:45:47 - [MESSAGE][PASSED] - Text 'UDF Data 2' is set on object 'Object Repository/VLink/Page_CCSale/txt_UDF2'

2023-02-08 18:45:47 - [MESSAGE][PASSED] - Text 'UDF Data 3' is set on object 'Object Repository/VLink/Page_CCSale/txt_UDF3'

2023-02-08 18:45:48 - [MESSAGE][PASSED] - Text 'UDF Data 4' is set on object 'Object Repository/VLink/Page_CCSale/txt_UDF4'

2023-02-08 18:45:48 - [MESSAGE][PASSED] - Text 'UDF Data 5' is set on object 'Object Repository/VLink/Page_CCSale/txt_UDF5'

2023-02-08 18:45:49 - [MESSAGE][PASSED] - Text 'UDF Data 6' is set on object 'Object Repository/VLink/Page_CCSale/txt_UDF6'

2023-02-08 18:45:50 - [MESSAGE][PASSED] - Text 'UDF Data 7' is set on object 'Object Repository/VLink/Page_CCSale/txt_UDF7'

2023-02-08 18:45:50 - [MESSAGE][PASSED] - Text 'UDF Data 8' is set on object 'Object Repository/VLink/Page_CCSale/txt_UDF8'

2023-02-08 18:45:51 - [MESSAGE][PASSED] - Text 'UDF Data 9' is set on object 'Object Repository/VLink/Page_CCSale/txt_UDF9'

2023-02-08 18:45:52 - [MESSAGE][PASSED] - Text 'UDF Data 10' is set on object 'Object Repository/VLink/Page_CCSale/txt_UDF10'

2023-02-08 18:45:52 - [MESSAGE][PASSED] - Object: 'Object Repository/VLink/Page_CCSale/btn_ProcessVLinkTransaction' is clicked on

2023-02-08 18:45:57 - [MESSAGE][PASSED] - vlinkPages.saleCCPage.setDataSCC is PASSED

2023-02-08 18:45:57 - [TEST_STEP][PASSED] - if (verifyTextPresent(errorMsg, true)): null

2023-02-08 18:45:57 - [MESSAGE][PASSED] - Text 'card_number' is present on page  using regular expression

2023-02-08 18:45:57 - [TEST_STEP][PASSED] - println("Transaction Approved, no errors text is present on the Confirmation page"): null

2023-02-08 18:45:57 - [TEST_STEP][PASSED] - out.println("Pass Record Number: " + row): null

2023-02-08 18:45:57 - [TEST_STEP][PASSED] - resText = "Pass": null

2023-02-08 18:45:57 - [TEST_STEP][PASSED] - pages.WriteExcel.demoKey(resText, datText, resColumn, datCloumn, fileLoc, nameSheet, row): pages.WriteExcel.demoKey is PASSED

2023-02-08 18:45:58 - [MESSAGE][PASSED] - pages.WriteExcel.demoKey is PASSED

2023-02-08 18:45:58 - [TEST_STEP][PASSED] - sdfo = getText(findTestObject("Object Repository/Page_VLinkReceipt/pre_STX")): Text of object 'Object Repository/Page_VLinkReceipt/pre_STX' is: '<STX>YbyT4A6P5m7z                                      2  Transaction failed                                20 Missing Parameter(s): card_number                                                          <ETX>'

2023-02-08 18:45:58 - [MESSAGE][PASSED] - Text of object 'Object Repository/Page_VLinkReceipt/pre_STX' is: '<STX>YbyT4A6P5m7z                                      2  Transaction failed                                20 Missing Parameter(s): card_number                                                          <ETX>'

2023-02-08 18:45:58 - [TEST_STEP][PASSED] - out.println("sdfo: " + sdfo): null

2023-02-08 18:45:58 - [TEST_STEP][PASSED] - remID = substring(5, 35).trim(): null

2023-02-08 18:45:58 - [TEST_STEP][PASSED] - out.println("Remittance ID: " + remID): null

2023-02-08 18:45:58 - [TEST_STEP][PASSED] - traxID = substring(35, 55).trim(): null

2023-02-08 18:45:58 - [TEST_STEP][PASSED] - out.println("Transaction ID: " + traxID): null

2023-02-08 18:45:58 - [TEST_STEP][PASSED] - out.println("End Record Number: " + row): null

2023-02-08 18:45:58 - [TEST_STEP][PASSED] - closeBrowser(): Browser is closed

2023-02-08 18:45:59 - [MESSAGE][PASSED] - Browser is closed

2023-02-08 18:45:59 - [TEST_STEP][PASSED] - ExecuteTC = findTestData(dataFile).getValue("Execute", row): null

2023-02-08 18:45:59 - [TEST_STEP][PASSED] - out.println("Value of Execute is : " + ExecuteTC): null

2023-02-08 18:45:59 - [TEST_STEP][PASSED] - errorMsg = findTestData(dataFile).getValue("ErrorMsg", row): null

2023-02-08 18:45:59 - [TEST_STEP][PASSED] - if (ExecuteTC.equalsIgnoreCase("Y")): Browser is closed

2023-02-08 18:45:59 - [TEST_STEP][PASSED] - out.println("Begin Record Number: " + row): null

2023-02-08 18:45:59 - [TEST_STEP][PASSED] - today = new java.util.Date(): null

2023-02-08 18:45:59 - [TEST_STEP][PASSED] - println(today): null

2023-02-08 18:45:59 - [TEST_STEP][PASSED] - datText = today: null

2023-02-08 18:45:59 - [TEST_STEP][PASSED] - openBrowser(VLinkURL + "authcap.html"): Browser is opened with url: 'https://dev-algorithm.govolution.com/vlinktest/QA/version_2_0/authcap.html'

2023-02-08 18:45:59 - [MESSAGE][INFO] - Starting 'Chrome' driver

2023-02-08 18:45:59 - [MESSAGE][INFO] - User set preference: ['acceptInsecureCerts', 'true']

2023-02-08 18:45:59 - [MESSAGE][INFO] - Action delay is set to 0 milliseconds

2023-02-08 18:46:01 - [MESSAGE][PASSED] - Browser is opened with url: 'https://dev-algorithm.govolution.com/vlinktest/QA/version_2_0/authcap.html'

2023-02-08 18:46:01 - [TEST_STEP][PASSED] - maximizeWindow(): Current window maximized

2023-02-08 18:46:01 - [MESSAGE][PASSED] - Current window maximized

2023-02-08 18:46:01 - [TEST_STEP][PASSED] - vlinkPages.saleCCPage.setDataSCC(row, dataFile): vlinkPages.saleCCPage.setDataSCC is PASSED

2023-02-08 18:46:05 - [MESSAGE][PASSED] - Object 'Object Repository/VLink/Page_CCSale/txt_CardNumber' is present

2023-02-08 18:46:05 - [MESSAGE][PASSED] - Text '104' is set on object 'Object Repository/VLink/Page_CCSale/txt_TransactionType'

2023-02-08 18:46:06 - [MESSAGE][PASSED] - Text '2.0C' is set on object 'Object Repository/VLink/Page_CCSale/txt_MessageVersion'

2023-02-08 18:46:07 - [MESSAGE][PASSED] - Text 'emw4EucBatJm' is set on object 'Object Repository/VLink/Page_CCSale/txt_RemID'

2023-02-08 18:46:07 - [MESSAGE][PASSED] - Text '234' is set on object 'Object Repository/VLink/Page_CCSale/txt_ApplicationId'

2023-02-08 18:46:08 - [MESSAGE][PASSED] - Text 'username' is set on object 'Object Repository/VLink/Page_CCSale/txt_Username'

2023-02-08 18:46:08 - [MESSAGE][PASSED] - Text 'password' is set on object 'Object Repository/VLink/Page_CCSale/txt_Password'

2023-02-08 18:46:09 - [MESSAGE][PASSED] - Text 'fixed_width' is set on object 'Object Repository/VLink/Page_CCSale/txt_ResponseFormat'

2023-02-08 18:46:10 - [MESSAGE][PASSED] - Text 'RETL' is set on object 'Object Repository/VLink/Page_CCSale/txt_Category'

2023-02-08 18:46:10 - [MESSAGE][PASSED] - Text '' is set on object 'Object Repository/VLink/Page_CCSale/txt_TransactionID'

2023-02-08 18:46:11 - [MESSAGE][PASSED] - Text '' is set on object 'Object Repository/VLink/Page_CCSale/txt_ApprovalCode'

2023-02-08 18:46:12 - [MESSAGE][PASSED] - Text 'Kris Roshan' is set on object 'Object Repository/VLink/Page_CCSale/txt_CardName'

2023-02-08 18:46:12 - [MESSAGE][PASSED] - Text '258 Elm Road' is set on object 'Object Repository/VLink/Page_CCSale/txt_AL1'

2023-02-08 18:46:13 - [MESSAGE][PASSED] - Text 'Suite 56' is set on object 'Object Repository/VLink/Page_CCSale/txt_AL2'

2023-02-08 18:46:13 - [MESSAGE][PASSED] - Text 'Arlington' is set on object 'Object Repository/VLink/Page_CCSale/txt_CardCity'

2023-02-08 18:46:14 - [MESSAGE][PASSED] - Text 'VA' is set on object 'Object Repository/VLink/Page_CCSale/txt_CardState'

2023-02-08 18:46:15 - [MESSAGE][PASSED] - Text '22201' is set on object 'Object Repository/VLink/Page_CCSale/txt_CardZIP'

2023-02-08 18:46:16 - [MESSAGE][PASSED] - Text '840' is set on object 'Object Repository/VLink/Page_CCSale/txt_CountryID'

2023-02-08 18:46:16 - [MESSAGE][PASSED] - Text '1.50' is set on object 'Object Repository/VLink/Page_CCSale/txt_Amount'

2023-02-08 18:46:17 - [MESSAGE][PASSED] - Text '' is set on object 'Object Repository/VLink/Page_CCSale/txt_CardNumber'

2023-02-08 18:46:17 - [MESSAGE][PASSED] - Text '12' is set on object 'Object Repository/VLink/Page_CCSale/txt_ExpMonth'

2023-02-08 18:46:18 - [MESSAGE][PASSED] - Text '2025' is set on object 'Object Repository/VLink/Page_CCSale/txt_ExpYear'

2023-02-08 18:46:19 - [MESSAGE][PASSED] - Text '' is set on object 'Object Repository/VLink/Page_CCSale/txt_CVV'

2023-02-08 18:46:19 - [MESSAGE][PASSED] - Text '' is set on object 'Object Repository/VLink/Page_CCSale/txt_CVVstate'

2023-02-08 18:46:20 - [MESSAGE][PASSED] - Text '' is set on object 'Object Repository/VLink/Page_CCSale/txt_TrackData'

2023-02-08 18:46:20 - [MESSAGE][PASSED] - Text '' is set on object 'Object Repository/VLink/Page_CCSale/txt_Track1Data'

2023-02-08 18:46:21 - [MESSAGE][PASSED] - Text '' is set on object 'Object Repository/VLink/Page_CCSale/txt_Track2Data'

2023-02-08 18:46:22 - [MESSAGE][PASSED] - Text 'manual' is set on object 'Object Repository/VLink/Page_CCSale/txt_POSEntryMode'

2023-02-08 18:46:22 - [MESSAGE][PASSED] - Text 'iahmed@govolution.com' is set on object 'Object Repository/VLink/Page_CCSale/txt_Email'

2023-02-08 18:46:23 - [MESSAGE][PASSED] - Text '2569362' is set on object 'Object Repository/VLink/Page_CCSale/txt_OrderNumber'

2023-02-08 18:46:23 - [MESSAGE][PASSED] - Text '1.15' is set on object 'Object Repository/VLink/Page_CCSale/txt_TaxAmount'

2023-02-08 18:46:24 - [MESSAGE][PASSED] - Text 'Charge Description' is set on object 'Object Repository/VLink/Page_CCSale/txt_ChargeDescription'

2023-02-08 18:46:25 - [MESSAGE][PASSED] - Text '147357' is set on object 'Object Repository/VLink/Page_CCSale/txt_CAN'

2023-02-08 18:46:25 - [MESSAGE][PASSED] - Text '1' is set on object 'Object Repository/VLink/Page_CCSale/txt_BillPaymentIndicator'

2023-02-08 18:46:26 - [MESSAGE][PASSED] - Text 'UDF Data 1' is set on object 'Object Repository/VLink/Page_CCSale/txt_UDF1'

2023-02-08 18:46:27 - [MESSAGE][PASSED] - Text 'UDF Data 2' is set on object 'Object Repository/VLink/Page_CCSale/txt_UDF2'

2023-02-08 18:46:27 - [MESSAGE][PASSED] - Text 'UDF Data 3' is set on object 'Object Repository/VLink/Page_CCSale/txt_UDF3'

2023-02-08 18:46:28 - [MESSAGE][PASSED] - Text 'UDF Data 4' is set on object 'Object Repository/VLink/Page_CCSale/txt_UDF4'

2023-02-08 18:46:28 - [MESSAGE][PASSED] - Text 'UDF Data 5' is set on object 'Object Repository/VLink/Page_CCSale/txt_UDF5'

2023-02-08 18:46:29 - [MESSAGE][PASSED] - Text 'UDF Data 6' is set on object 'Object Repository/VLink/Page_CCSale/txt_UDF6'

2023-02-08 18:46:30 - [MESSAGE][PASSED] - Text 'UDF Data 7' is set on object 'Object Repository/VLink/Page_CCSale/txt_UDF7'

2023-02-08 18:46:30 - [MESSAGE][PASSED] - Text 'UDF Data 8' is set on object 'Object Repository/VLink/Page_CCSale/txt_UDF8'

2023-02-08 18:46:31 - [MESSAGE][PASSED] - Text 'UDF Data 9' is set on object 'Object Repository/VLink/Page_CCSale/txt_UDF9'

2023-02-08 18:46:31 - [MESSAGE][PASSED] - Text 'UDF Data 10' is set on object 'Object Repository/VLink/Page_CCSale/txt_UDF10'

2023-02-08 18:46:32 - [MESSAGE][PASSED] - Object: 'Object Repository/VLink/Page_CCSale/btn_ProcessVLinkTransaction' is clicked on

2023-02-08 18:46:37 - [MESSAGE][PASSED] - vlinkPages.saleCCPage.setDataSCC is PASSED

2023-02-08 18:46:37 - [TEST_STEP][PASSED] - if (verifyTextPresent(errorMsg, true)): null

2023-02-08 18:46:37 - [MESSAGE][PASSED] - Text 'card_number' is present on page  using regular expression

2023-02-08 18:46:37 - [TEST_STEP][PASSED] - println("Transaction Approved, no errors text is present on the Confirmation page"): null

2023-02-08 18:46:37 - [TEST_STEP][PASSED] - out.println("Pass Record Number: " + row): null

2023-02-08 18:46:37 - [TEST_STEP][PASSED] - resText = "Pass": null

2023-02-08 18:46:37 - [TEST_STEP][PASSED] - pages.WriteExcel.demoKey(resText, datText, resColumn, datCloumn, fileLoc, nameSheet, row): pages.WriteExcel.demoKey is PASSED

2023-02-08 18:46:37 - [MESSAGE][PASSED] - pages.WriteExcel.demoKey is PASSED

2023-02-08 18:46:37 - [TEST_STEP][PASSED] - sdfo = getText(findTestObject("Object Repository/Page_VLinkReceipt/pre_STX")): Text of object 'Object Repository/Page_VLinkReceipt/pre_STX' is: '<STX>emw4EucBatJm                                      2  Transaction failed                                20 Missing Parameter(s): card_number                                                          <ETX>'

2023-02-08 18:46:38 - [MESSAGE][PASSED] - Text of object 'Object Repository/Page_VLinkReceipt/pre_STX' is: '<STX>emw4EucBatJm                                      2  Transaction failed                                20 Missing Parameter(s): card_number                                                          <ETX>'

2023-02-08 18:46:38 - [TEST_STEP][PASSED] - out.println("sdfo: " + sdfo): null

2023-02-08 18:46:38 - [TEST_STEP][PASSED] - remID = substring(5, 35).trim(): null

2023-02-08 18:46:38 - [TEST_STEP][PASSED] - out.println("Remittance ID: " + remID): null

2023-02-08 18:46:38 - [TEST_STEP][PASSED] - traxID = substring(35, 55).trim(): null

2023-02-08 18:46:38 - [TEST_STEP][PASSED] - out.println("Transaction ID: " + traxID): null

2023-02-08 18:46:38 - [TEST_STEP][PASSED] - out.println("End Record Number: " + row): null

2023-02-08 18:46:38 - [TEST_STEP][PASSED] - closeBrowser(): Browser is closed

2023-02-08 18:46:39 - [MESSAGE][PASSED] - Browser is closed

2023-02-08 18:46:39 - [TEST_STEP][PASSED] - ExecuteTC = findTestData(dataFile).getValue("Execute", row): null

2023-02-08 18:46:39 - [TEST_STEP][PASSED] - out.println("Value of Execute is : " + ExecuteTC): null

2023-02-08 18:46:39 - [TEST_STEP][PASSED] - errorMsg = findTestData(dataFile).getValue("ErrorMsg", row): null

2023-02-08 18:46:39 - [TEST_STEP][PASSED] - if (ExecuteTC.equalsIgnoreCase("Y")): Browser is closed

2023-02-08 18:46:39 - [TEST_STEP][PASSED] - out.println("Begin Record Number: " + row): null

2023-02-08 18:46:39 - [TEST_STEP][PASSED] - today = new java.util.Date(): null

2023-02-08 18:46:39 - [TEST_STEP][PASSED] - println(today): null

2023-02-08 18:46:39 - [TEST_STEP][PASSED] - datText = today: null

2023-02-08 18:46:39 - [TEST_STEP][PASSED] - openBrowser(VLinkURL + "authcap.html"): Browser is opened with url: 'https://dev-algorithm.govolution.com/vlinktest/QA/version_2_0/authcap.html'

2023-02-08 18:46:39 - [MESSAGE][INFO] - Starting 'Chrome' driver

2023-02-08 18:46:39 - [MESSAGE][INFO] - User set preference: ['acceptInsecureCerts', 'true']

2023-02-08 18:46:39 - [MESSAGE][INFO] - Action delay is set to 0 milliseconds

2023-02-08 18:46:41 - [MESSAGE][PASSED] - Browser is opened with url: 'https://dev-algorithm.govolution.com/vlinktest/QA/version_2_0/authcap.html'

2023-02-08 18:46:41 - [TEST_STEP][PASSED] - maximizeWindow(): Current window maximized

2023-02-08 18:46:41 - [MESSAGE][PASSED] - Current window maximized

2023-02-08 18:46:41 - [TEST_STEP][PASSED] - vlinkPages.saleCCPage.setDataSCC(row, dataFile): vlinkPages.saleCCPage.setDataSCC is PASSED

2023-02-08 18:46:45 - [MESSAGE][PASSED] - Object 'Object Repository/VLink/Page_CCSale/txt_CardNumber' is present

2023-02-08 18:46:45 - [MESSAGE][PASSED] - Text '104' is set on object 'Object Repository/VLink/Page_CCSale/txt_TransactionType'

2023-02-08 18:46:46 - [MESSAGE][PASSED] - Text '2.0C' is set on object 'Object Repository/VLink/Page_CCSale/txt_MessageVersion'

2023-02-08 18:46:47 - [MESSAGE][PASSED] - Text '02YpUhLEVtIC' is set on object 'Object Repository/VLink/Page_CCSale/txt_RemID'

2023-02-08 18:46:47 - [MESSAGE][PASSED] - Text '234' is set on object 'Object Repository/VLink/Page_CCSale/txt_ApplicationId'

2023-02-08 18:46:48 - [MESSAGE][PASSED] - Text 'username' is set on object 'Object Repository/VLink/Page_CCSale/txt_Username'

2023-02-08 18:46:48 - [MESSAGE][PASSED] - Text 'password' is set on object 'Object Repository/VLink/Page_CCSale/txt_Password'

2023-02-08 18:46:49 - [MESSAGE][PASSED] - Text 'fixed_width' is set on object 'Object Repository/VLink/Page_CCSale/txt_ResponseFormat'

2023-02-08 18:46:50 - [MESSAGE][PASSED] - Text 'ECOM' is set on object 'Object Repository/VLink/Page_CCSale/txt_Category'

2023-02-08 18:46:50 - [MESSAGE][PASSED] - Text '' is set on object 'Object Repository/VLink/Page_CCSale/txt_TransactionID'

2023-02-08 18:46:51 - [MESSAGE][PASSED] - Text '' is set on object 'Object Repository/VLink/Page_CCSale/txt_ApprovalCode'

2023-02-08 18:46:52 - [MESSAGE][PASSED] - Text 'Kris Roshan' is set on object 'Object Repository/VLink/Page_CCSale/txt_CardName'

2023-02-08 18:46:52 - [MESSAGE][PASSED] - Text '258 Elm Road' is set on object 'Object Repository/VLink/Page_CCSale/txt_AL1'

2023-02-08 18:46:53 - [MESSAGE][PASSED] - Text 'Suite 56' is set on object 'Object Repository/VLink/Page_CCSale/txt_AL2'

2023-02-08 18:46:53 - [MESSAGE][PASSED] - Text 'Arlington' is set on object 'Object Repository/VLink/Page_CCSale/txt_CardCity'

2023-02-08 18:46:54 - [MESSAGE][PASSED] - Text 'VA' is set on object 'Object Repository/VLink/Page_CCSale/txt_CardState'

2023-02-08 18:46:55 - [MESSAGE][PASSED] - Text '22201' is set on object 'Object Repository/VLink/Page_CCSale/txt_CardZIP'

2023-02-08 18:46:55 - [MESSAGE][PASSED] - Text '840' is set on object 'Object Repository/VLink/Page_CCSale/txt_CountryID'

2023-02-08 18:46:56 - [MESSAGE][PASSED] - Text '1.50' is set on object 'Object Repository/VLink/Page_CCSale/txt_Amount'

2023-02-08 18:46:57 - [MESSAGE][PASSED] - Text '4111111111111111' is set on object 'Object Repository/VLink/Page_CCSale/txt_CardNumber'

2023-02-08 18:46:57 - [MESSAGE][PASSED] - Text '' is set on object 'Object Repository/VLink/Page_CCSale/txt_ExpMonth'

2023-02-08 18:46:58 - [MESSAGE][PASSED] - Text '2025' is set on object 'Object Repository/VLink/Page_CCSale/txt_ExpYear'

2023-02-08 18:46:58 - [MESSAGE][PASSED] - Text '' is set on object 'Object Repository/VLink/Page_CCSale/txt_CVV'

2023-02-08 18:46:59 - [MESSAGE][PASSED] - Text '' is set on object 'Object Repository/VLink/Page_CCSale/txt_CVVstate'

2023-02-08 18:47:00 - [MESSAGE][PASSED] - Text '' is set on object 'Object Repository/VLink/Page_CCSale/txt_TrackData'

2023-02-08 18:47:00 - [MESSAGE][PASSED] - Text '' is set on object 'Object Repository/VLink/Page_CCSale/txt_Track1Data'

2023-02-08 18:47:01 - [MESSAGE][PASSED] - Text '' is set on object 'Object Repository/VLink/Page_CCSale/txt_Track2Data'

2023-02-08 18:47:01 - [MESSAGE][PASSED] - Text 'manual' is set on object 'Object Repository/VLink/Page_CCSale/txt_POSEntryMode'

2023-02-08 18:47:02 - [MESSAGE][PASSED] - Text 'iahmed@govolution.com' is set on object 'Object Repository/VLink/Page_CCSale/txt_Email'

2023-02-08 18:47:03 - [MESSAGE][PASSED] - Text '2569362' is set on object 'Object Repository/VLink/Page_CCSale/txt_OrderNumber'

2023-02-08 18:47:03 - [MESSAGE][PASSED] - Text '1.15' is set on object 'Object Repository/VLink/Page_CCSale/txt_TaxAmount'

2023-02-08 18:47:04 - [MESSAGE][PASSED] - Text 'Charge Description' is set on object 'Object Repository/VLink/Page_CCSale/txt_ChargeDescription'

2023-02-08 18:47:05 - [MESSAGE][PASSED] - Text '147357' is set on object 'Object Repository/VLink/Page_CCSale/txt_CAN'

2023-02-08 18:47:05 - [MESSAGE][PASSED] - Text '1' is set on object 'Object Repository/VLink/Page_CCSale/txt_BillPaymentIndicator'

2023-02-08 18:47:06 - [MESSAGE][PASSED] - Text 'UDF Data 1' is set on object 'Object Repository/VLink/Page_CCSale/txt_UDF1'

2023-02-08 18:47:06 - [MESSAGE][PASSED] - Text 'UDF Data 2' is set on object 'Object Repository/VLink/Page_CCSale/txt_UDF2'

2023-02-08 18:47:07 - [MESSAGE][PASSED] - Text 'UDF Data 3' is set on object 'Object Repository/VLink/Page_CCSale/txt_UDF3'

2023-02-08 18:47:08 - [MESSAGE][PASSED] - Text 'UDF Data 4' is set on object 'Object Repository/VLink/Page_CCSale/txt_UDF4'

2023-02-08 18:47:08 - [MESSAGE][PASSED] - Text 'UDF Data 5' is set on object 'Object Repository/VLink/Page_CCSale/txt_UDF5'

2023-02-08 18:47:09 - [MESSAGE][PASSED] - Text 'UDF Data 6' is set on object 'Object Repository/VLink/Page_CCSale/txt_UDF6'

2023-02-08 18:47:09 - [MESSAGE][PASSED] - Text 'UDF Data 7' is set on object 'Object Repository/VLink/Page_CCSale/txt_UDF7'

2023-02-08 18:47:10 - [MESSAGE][PASSED] - Text 'UDF Data 8' is set on object 'Object Repository/VLink/Page_CCSale/txt_UDF8'

2023-02-08 18:47:11 - [MESSAGE][PASSED] - Text 'UDF Data 9' is set on object 'Object Repository/VLink/Page_CCSale/txt_UDF9'

2023-02-08 18:47:11 - [MESSAGE][PASSED] - Text 'UDF Data 10' is set on object 'Object Repository/VLink/Page_CCSale/txt_UDF10'

2023-02-08 18:47:12 - [MESSAGE][PASSED] - Object: 'Object Repository/VLink/Page_CCSale/btn_ProcessVLinkTransaction' is clicked on

2023-02-08 18:47:17 - [MESSAGE][PASSED] - vlinkPages.saleCCPage.setDataSCC is PASSED

2023-02-08 18:47:17 - [TEST_STEP][PASSED] - if (verifyTextPresent(errorMsg, true)): null

2023-02-08 18:47:17 - [MESSAGE][PASSED] - Text 'card_exmo' is present on page  using regular expression

2023-02-08 18:47:17 - [TEST_STEP][PASSED] - println("Transaction Approved, no errors text is present on the Confirmation page"): null

2023-02-08 18:47:17 - [TEST_STEP][PASSED] - out.println("Pass Record Number: " + row): null

2023-02-08 18:47:17 - [TEST_STEP][PASSED] - resText = "Pass": null

2023-02-08 18:47:17 - [TEST_STEP][PASSED] - pages.WriteExcel.demoKey(resText, datText, resColumn, datCloumn, fileLoc, nameSheet, row): pages.WriteExcel.demoKey is PASSED

2023-02-08 18:47:17 - [MESSAGE][PASSED] - pages.WriteExcel.demoKey is PASSED

2023-02-08 18:47:17 - [TEST_STEP][PASSED] - sdfo = getText(findTestObject("Object Repository/Page_VLinkReceipt/pre_STX")): Text of object 'Object Repository/Page_VLinkReceipt/pre_STX' is: '<STX>02YpUhLEVtIC                                      2  Transaction failed                                20 Missing Parameter(s): card_exmo                                                            <ETX>'

2023-02-08 18:47:18 - [MESSAGE][PASSED] - Text of object 'Object Repository/Page_VLinkReceipt/pre_STX' is: '<STX>02YpUhLEVtIC                                      2  Transaction failed                                20 Missing Parameter(s): card_exmo                                                            <ETX>'

2023-02-08 18:47:18 - [TEST_STEP][PASSED] - out.println("sdfo: " + sdfo): null

2023-02-08 18:47:18 - [TEST_STEP][PASSED] - remID = substring(5, 35).trim(): null

2023-02-08 18:47:18 - [TEST_STEP][PASSED] - out.println("Remittance ID: " + remID): null

2023-02-08 18:47:18 - [TEST_STEP][PASSED] - traxID = substring(35, 55).trim(): null

2023-02-08 18:47:18 - [TEST_STEP][PASSED] - out.println("Transaction ID: " + traxID): null

2023-02-08 18:47:18 - [TEST_STEP][PASSED] - out.println("End Record Number: " + row): null

2023-02-08 18:47:18 - [TEST_STEP][PASSED] - closeBrowser(): Browser is closed

2023-02-08 18:47:19 - [MESSAGE][PASSED] - Browser is closed

2023-02-08 18:47:19 - [TEST_STEP][PASSED] - ExecuteTC = findTestData(dataFile).getValue("Execute", row): null

2023-02-08 18:47:19 - [TEST_STEP][PASSED] - out.println("Value of Execute is : " + ExecuteTC): null

2023-02-08 18:47:19 - [TEST_STEP][PASSED] - errorMsg = findTestData(dataFile).getValue("ErrorMsg", row): null

2023-02-08 18:47:19 - [TEST_STEP][PASSED] - if (ExecuteTC.equalsIgnoreCase("Y")): Browser is closed

2023-02-08 18:47:19 - [TEST_STEP][PASSED] - out.println("Begin Record Number: " + row): null

2023-02-08 18:47:19 - [TEST_STEP][PASSED] - today = new java.util.Date(): null

2023-02-08 18:47:19 - [TEST_STEP][PASSED] - println(today): null

2023-02-08 18:47:19 - [TEST_STEP][PASSED] - datText = today: null

2023-02-08 18:47:19 - [TEST_STEP][PASSED] - openBrowser(VLinkURL + "authcap.html"): Browser is opened with url: 'https://dev-algorithm.govolution.com/vlinktest/QA/version_2_0/authcap.html'

2023-02-08 18:47:19 - [MESSAGE][INFO] - Starting 'Chrome' driver

2023-02-08 18:47:19 - [MESSAGE][INFO] - User set preference: ['acceptInsecureCerts', 'true']

2023-02-08 18:47:19 - [MESSAGE][INFO] - Action delay is set to 0 milliseconds

2023-02-08 18:47:21 - [MESSAGE][PASSED] - Browser is opened with url: 'https://dev-algorithm.govolution.com/vlinktest/QA/version_2_0/authcap.html'

2023-02-08 18:47:21 - [TEST_STEP][PASSED] - maximizeWindow(): Current window maximized

2023-02-08 18:47:21 - [MESSAGE][PASSED] - Current window maximized

2023-02-08 18:47:21 - [TEST_STEP][PASSED] - vlinkPages.saleCCPage.setDataSCC(row, dataFile): vlinkPages.saleCCPage.setDataSCC is PASSED

2023-02-08 18:47:25 - [MESSAGE][PASSED] - Object 'Object Repository/VLink/Page_CCSale/txt_CardNumber' is present

2023-02-08 18:47:25 - [MESSAGE][PASSED] - Text '104' is set on object 'Object Repository/VLink/Page_CCSale/txt_TransactionType'

2023-02-08 18:47:26 - [MESSAGE][PASSED] - Text '2.0C' is set on object 'Object Repository/VLink/Page_CCSale/txt_MessageVersion'

2023-02-08 18:47:27 - [MESSAGE][PASSED] - Text 'BV5uRz0th630' is set on object 'Object Repository/VLink/Page_CCSale/txt_RemID'

2023-02-08 18:47:27 - [MESSAGE][PASSED] - Text '234' is set on object 'Object Repository/VLink/Page_CCSale/txt_ApplicationId'

2023-02-08 18:47:28 - [MESSAGE][PASSED] - Text 'username' is set on object 'Object Repository/VLink/Page_CCSale/txt_Username'

2023-02-08 18:47:29 - [MESSAGE][PASSED] - Text 'password' is set on object 'Object Repository/VLink/Page_CCSale/txt_Password'

2023-02-08 18:47:29 - [MESSAGE][PASSED] - Text 'fixed_width' is set on object 'Object Repository/VLink/Page_CCSale/txt_ResponseFormat'

2023-02-08 18:47:30 - [MESSAGE][PASSED] - Text 'MOTO' is set on object 'Object Repository/VLink/Page_CCSale/txt_Category'

2023-02-08 18:47:30 - [MESSAGE][PASSED] - Text '' is set on object 'Object Repository/VLink/Page_CCSale/txt_TransactionID'

2023-02-08 18:47:31 - [MESSAGE][PASSED] - Text '' is set on object 'Object Repository/VLink/Page_CCSale/txt_ApprovalCode'

2023-02-08 18:47:32 - [MESSAGE][PASSED] - Text 'Kris Roshan' is set on object 'Object Repository/VLink/Page_CCSale/txt_CardName'

2023-02-08 18:47:32 - [MESSAGE][PASSED] - Text '258 Elm Road' is set on object 'Object Repository/VLink/Page_CCSale/txt_AL1'

2023-02-08 18:47:33 - [MESSAGE][PASSED] - Text 'Suite 56' is set on object 'Object Repository/VLink/Page_CCSale/txt_AL2'

2023-02-08 18:47:34 - [MESSAGE][PASSED] - Text 'Arlington' is set on object 'Object Repository/VLink/Page_CCSale/txt_CardCity'

2023-02-08 18:47:34 - [MESSAGE][PASSED] - Text 'VA' is set on object 'Object Repository/VLink/Page_CCSale/txt_CardState'

2023-02-08 18:47:35 - [MESSAGE][PASSED] - Text '22201' is set on object 'Object Repository/VLink/Page_CCSale/txt_CardZIP'

2023-02-08 18:47:36 - [MESSAGE][PASSED] - Text '840' is set on object 'Object Repository/VLink/Page_CCSale/txt_CountryID'

2023-02-08 18:47:36 - [MESSAGE][PASSED] - Text '1.50' is set on object 'Object Repository/VLink/Page_CCSale/txt_Amount'

2023-02-08 18:47:37 - [MESSAGE][PASSED] - Text '4111111111111111' is set on object 'Object Repository/VLink/Page_CCSale/txt_CardNumber'

2023-02-08 18:47:37 - [MESSAGE][PASSED] - Text '' is set on object 'Object Repository/VLink/Page_CCSale/txt_ExpMonth'

2023-02-08 18:47:38 - [MESSAGE][PASSED] - Text '2025' is set on object 'Object Repository/VLink/Page_CCSale/txt_ExpYear'

2023-02-08 18:47:39 - [MESSAGE][PASSED] - Text '' is set on object 'Object Repository/VLink/Page_CCSale/txt_CVV'

2023-02-08 18:47:39 - [MESSAGE][PASSED] - Text '' is set on object 'Object Repository/VLink/Page_CCSale/txt_CVVstate'

2023-02-08 18:47:40 - [MESSAGE][PASSED] - Text '' is set on object 'Object Repository/VLink/Page_CCSale/txt_TrackData'

2023-02-08 18:47:40 - [MESSAGE][PASSED] - Text '' is set on object 'Object Repository/VLink/Page_CCSale/txt_Track1Data'

2023-02-08 18:47:41 - [MESSAGE][PASSED] - Text '' is set on object 'Object Repository/VLink/Page_CCSale/txt_Track2Data'

2023-02-08 18:47:42 - [MESSAGE][PASSED] - Text 'manual' is set on object 'Object Repository/VLink/Page_CCSale/txt_POSEntryMode'

2023-02-08 18:47:42 - [MESSAGE][PASSED] - Text 'iahmed@govolution.com' is set on object 'Object Repository/VLink/Page_CCSale/txt_Email'

2023-02-08 18:47:43 - [MESSAGE][PASSED] - Text '2569362' is set on object 'Object Repository/VLink/Page_CCSale/txt_OrderNumber'

2023-02-08 18:47:43 - [MESSAGE][PASSED] - Text '1.15' is set on object 'Object Repository/VLink/Page_CCSale/txt_TaxAmount'

2023-02-08 18:47:44 - [MESSAGE][PASSED] - Text 'Charge Description' is set on object 'Object Repository/VLink/Page_CCSale/txt_ChargeDescription'

2023-02-08 18:47:45 - [MESSAGE][PASSED] - Text '147357' is set on object 'Object Repository/VLink/Page_CCSale/txt_CAN'

2023-02-08 18:47:45 - [MESSAGE][PASSED] - Text '1' is set on object 'Object Repository/VLink/Page_CCSale/txt_BillPaymentIndicator'

2023-02-08 18:47:46 - [MESSAGE][PASSED] - Text 'UDF Data 1' is set on object 'Object Repository/VLink/Page_CCSale/txt_UDF1'

2023-02-08 18:47:46 - [MESSAGE][PASSED] - Text 'UDF Data 2' is set on object 'Object Repository/VLink/Page_CCSale/txt_UDF2'

2023-02-08 18:47:47 - [MESSAGE][PASSED] - Text 'UDF Data 3' is set on object 'Object Repository/VLink/Page_CCSale/txt_UDF3'

2023-02-08 18:47:48 - [MESSAGE][PASSED] - Text 'UDF Data 4' is set on object 'Object Repository/VLink/Page_CCSale/txt_UDF4'

2023-02-08 18:47:48 - [MESSAGE][PASSED] - Text 'UDF Data 5' is set on object 'Object Repository/VLink/Page_CCSale/txt_UDF5'

2023-02-08 18:47:49 - [MESSAGE][PASSED] - Text 'UDF Data 6' is set on object 'Object Repository/VLink/Page_CCSale/txt_UDF6'

2023-02-08 18:47:50 - [MESSAGE][PASSED] - Text 'UDF Data 7' is set on object 'Object Repository/VLink/Page_CCSale/txt_UDF7'

2023-02-08 18:47:50 - [MESSAGE][PASSED] - Text 'UDF Data 8' is set on object 'Object Repository/VLink/Page_CCSale/txt_UDF8'

2023-02-08 18:47:51 - [MESSAGE][PASSED] - Text 'UDF Data 9' is set on object 'Object Repository/VLink/Page_CCSale/txt_UDF9'

2023-02-08 18:47:51 - [MESSAGE][PASSED] - Text 'UDF Data 10' is set on object 'Object Repository/VLink/Page_CCSale/txt_UDF10'

2023-02-08 18:47:52 - [MESSAGE][PASSED] - Object: 'Object Repository/VLink/Page_CCSale/btn_ProcessVLinkTransaction' is clicked on

2023-02-08 18:47:57 - [MESSAGE][PASSED] - vlinkPages.saleCCPage.setDataSCC is PASSED

2023-02-08 18:47:57 - [TEST_STEP][PASSED] - if (verifyTextPresent(errorMsg, true)): null

2023-02-08 18:47:57 - [MESSAGE][PASSED] - Text 'card_exmo' is present on page  using regular expression

2023-02-08 18:47:57 - [TEST_STEP][PASSED] - println("Transaction Approved, no errors text is present on the Confirmation page"): null

2023-02-08 18:47:57 - [TEST_STEP][PASSED] - out.println("Pass Record Number: " + row): null

2023-02-08 18:47:57 - [TEST_STEP][PASSED] - resText = "Pass": null

2023-02-08 18:47:57 - [TEST_STEP][PASSED] - pages.WriteExcel.demoKey(resText, datText, resColumn, datCloumn, fileLoc, nameSheet, row): pages.WriteExcel.demoKey is PASSED

2023-02-08 18:47:57 - [MESSAGE][PASSED] - pages.WriteExcel.demoKey is PASSED

2023-02-08 18:47:57 - [TEST_STEP][PASSED] - sdfo = getText(findTestObject("Object Repository/Page_VLinkReceipt/pre_STX")): Text of object 'Object Repository/Page_VLinkReceipt/pre_STX' is: '<STX>BV5uRz0th630                                      2  Transaction failed                                20 Missing Parameter(s): card_exmo                                                            <ETX>'

2023-02-08 18:47:58 - [MESSAGE][PASSED] - Text of object 'Object Repository/Page_VLinkReceipt/pre_STX' is: '<STX>BV5uRz0th630                                      2  Transaction failed                                20 Missing Parameter(s): card_exmo                                                            <ETX>'

2023-02-08 18:47:58 - [TEST_STEP][PASSED] - out.println("sdfo: " + sdfo): null

2023-02-08 18:47:58 - [TEST_STEP][PASSED] - remID = substring(5, 35).trim(): null

2023-02-08 18:47:58 - [TEST_STEP][PASSED] - out.println("Remittance ID: " + remID): null

2023-02-08 18:47:58 - [TEST_STEP][PASSED] - traxID = substring(35, 55).trim(): null

2023-02-08 18:47:58 - [TEST_STEP][PASSED] - out.println("Transaction ID: " + traxID): null

2023-02-08 18:47:58 - [TEST_STEP][PASSED] - out.println("End Record Number: " + row): null

2023-02-08 18:47:58 - [TEST_STEP][PASSED] - closeBrowser(): Browser is closed

2023-02-08 18:47:59 - [MESSAGE][PASSED] - Browser is closed

2023-02-08 18:47:59 - [TEST_STEP][PASSED] - ExecuteTC = findTestData(dataFile).getValue("Execute", row): null

2023-02-08 18:47:59 - [TEST_STEP][PASSED] - out.println("Value of Execute is : " + ExecuteTC): null

2023-02-08 18:47:59 - [TEST_STEP][PASSED] - errorMsg = findTestData(dataFile).getValue("ErrorMsg", row): null

2023-02-08 18:47:59 - [TEST_STEP][PASSED] - if (ExecuteTC.equalsIgnoreCase("Y")): Browser is closed

2023-02-08 18:47:59 - [TEST_STEP][PASSED] - out.println("Begin Record Number: " + row): null

2023-02-08 18:47:59 - [TEST_STEP][PASSED] - today = new java.util.Date(): null

2023-02-08 18:47:59 - [TEST_STEP][PASSED] - println(today): null

2023-02-08 18:47:59 - [TEST_STEP][PASSED] - datText = today: null

2023-02-08 18:47:59 - [TEST_STEP][PASSED] - openBrowser(VLinkURL + "authcap.html"): Browser is opened with url: 'https://dev-algorithm.govolution.com/vlinktest/QA/version_2_0/authcap.html'

2023-02-08 18:47:59 - [MESSAGE][INFO] - Starting 'Chrome' driver

2023-02-08 18:47:59 - [MESSAGE][INFO] - User set preference: ['acceptInsecureCerts', 'true']

2023-02-08 18:47:59 - [MESSAGE][INFO] - Action delay is set to 0 milliseconds

2023-02-08 18:48:01 - [MESSAGE][PASSED] - Browser is opened with url: 'https://dev-algorithm.govolution.com/vlinktest/QA/version_2_0/authcap.html'

2023-02-08 18:48:01 - [TEST_STEP][PASSED] - maximizeWindow(): Current window maximized

2023-02-08 18:48:01 - [MESSAGE][PASSED] - Current window maximized

2023-02-08 18:48:01 - [TEST_STEP][PASSED] - vlinkPages.saleCCPage.setDataSCC(row, dataFile): vlinkPages.saleCCPage.setDataSCC is PASSED

2023-02-08 18:48:05 - [MESSAGE][PASSED] - Object 'Object Repository/VLink/Page_CCSale/txt_CardNumber' is present

2023-02-08 18:48:05 - [MESSAGE][PASSED] - Text '104' is set on object 'Object Repository/VLink/Page_CCSale/txt_TransactionType'

2023-02-08 18:48:06 - [MESSAGE][PASSED] - Text '2.0C' is set on object 'Object Repository/VLink/Page_CCSale/txt_MessageVersion'

2023-02-08 18:48:07 - [MESSAGE][PASSED] - Text '4N2CgYBRUg8z' is set on object 'Object Repository/VLink/Page_CCSale/txt_RemID'

2023-02-08 18:48:07 - [MESSAGE][PASSED] - Text '234' is set on object 'Object Repository/VLink/Page_CCSale/txt_ApplicationId'

2023-02-08 18:48:08 - [MESSAGE][PASSED] - Text 'username' is set on object 'Object Repository/VLink/Page_CCSale/txt_Username'

2023-02-08 18:48:08 - [MESSAGE][PASSED] - Text 'password' is set on object 'Object Repository/VLink/Page_CCSale/txt_Password'

2023-02-08 18:48:09 - [MESSAGE][PASSED] - Text 'fixed_width' is set on object 'Object Repository/VLink/Page_CCSale/txt_ResponseFormat'

2023-02-08 18:48:10 - [MESSAGE][PASSED] - Text 'RETL' is set on object 'Object Repository/VLink/Page_CCSale/txt_Category'

2023-02-08 18:48:10 - [MESSAGE][PASSED] - Text '' is set on object 'Object Repository/VLink/Page_CCSale/txt_TransactionID'

2023-02-08 18:48:11 - [MESSAGE][PASSED] - Text '' is set on object 'Object Repository/VLink/Page_CCSale/txt_ApprovalCode'

2023-02-08 18:48:12 - [MESSAGE][PASSED] - Text 'Kris Roshan' is set on object 'Object Repository/VLink/Page_CCSale/txt_CardName'

2023-02-08 18:48:12 - [MESSAGE][PASSED] - Text '258 Elm Road' is set on object 'Object Repository/VLink/Page_CCSale/txt_AL1'

2023-02-08 18:48:13 - [MESSAGE][PASSED] - Text 'Suite 56' is set on object 'Object Repository/VLink/Page_CCSale/txt_AL2'

2023-02-08 18:48:13 - [MESSAGE][PASSED] - Text 'Arlington' is set on object 'Object Repository/VLink/Page_CCSale/txt_CardCity'

2023-02-08 18:48:14 - [MESSAGE][PASSED] - Text 'VA' is set on object 'Object Repository/VLink/Page_CCSale/txt_CardState'

2023-02-08 18:48:15 - [MESSAGE][PASSED] - Text '22201' is set on object 'Object Repository/VLink/Page_CCSale/txt_CardZIP'

2023-02-08 18:48:15 - [MESSAGE][PASSED] - Text '840' is set on object 'Object Repository/VLink/Page_CCSale/txt_CountryID'

2023-02-08 18:48:16 - [MESSAGE][PASSED] - Text '1.50' is set on object 'Object Repository/VLink/Page_CCSale/txt_Amount'

2023-02-08 18:48:17 - [MESSAGE][PASSED] - Text '4111111111111111' is set on object 'Object Repository/VLink/Page_CCSale/txt_CardNumber'

2023-02-08 18:48:17 - [MESSAGE][PASSED] - Text '' is set on object 'Object Repository/VLink/Page_CCSale/txt_ExpMonth'

2023-02-08 18:48:18 - [MESSAGE][PASSED] - Text '2025' is set on object 'Object Repository/VLink/Page_CCSale/txt_ExpYear'

2023-02-08 18:48:18 - [MESSAGE][PASSED] - Text '' is set on object 'Object Repository/VLink/Page_CCSale/txt_CVV'

2023-02-08 18:48:19 - [MESSAGE][PASSED] - Text '' is set on object 'Object Repository/VLink/Page_CCSale/txt_CVVstate'

2023-02-08 18:48:20 - [MESSAGE][PASSED] - Text '' is set on object 'Object Repository/VLink/Page_CCSale/txt_TrackData'

2023-02-08 18:48:20 - [MESSAGE][PASSED] - Text '' is set on object 'Object Repository/VLink/Page_CCSale/txt_Track1Data'

2023-02-08 18:48:21 - [MESSAGE][PASSED] - Text '' is set on object 'Object Repository/VLink/Page_CCSale/txt_Track2Data'

2023-02-08 18:48:21 - [MESSAGE][PASSED] - Text 'manual' is set on object 'Object Repository/VLink/Page_CCSale/txt_POSEntryMode'

2023-02-08 18:48:22 - [MESSAGE][PASSED] - Text 'iahmed@govolution.com' is set on object 'Object Repository/VLink/Page_CCSale/txt_Email'

2023-02-08 18:48:23 - [MESSAGE][PASSED] - Text '2569362' is set on object 'Object Repository/VLink/Page_CCSale/txt_OrderNumber'

2023-02-08 18:48:23 - [MESSAGE][PASSED] - Text '1.15' is set on object 'Object Repository/VLink/Page_CCSale/txt_TaxAmount'

2023-02-08 18:48:24 - [MESSAGE][PASSED] - Text 'Charge Description' is set on object 'Object Repository/VLink/Page_CCSale/txt_ChargeDescription'

2023-02-08 18:48:25 - [MESSAGE][PASSED] - Text '147357' is set on object 'Object Repository/VLink/Page_CCSale/txt_CAN'

2023-02-08 18:48:25 - [MESSAGE][PASSED] - Text '1' is set on object 'Object Repository/VLink/Page_CCSale/txt_BillPaymentIndicator'

2023-02-08 18:48:26 - [MESSAGE][PASSED] - Text 'UDF Data 1' is set on object 'Object Repository/VLink/Page_CCSale/txt_UDF1'

2023-02-08 18:48:26 - [MESSAGE][PASSED] - Text 'UDF Data 2' is set on object 'Object Repository/VLink/Page_CCSale/txt_UDF2'

2023-02-08 18:48:27 - [MESSAGE][PASSED] - Text 'UDF Data 3' is set on object 'Object Repository/VLink/Page_CCSale/txt_UDF3'

2023-02-08 18:48:28 - [MESSAGE][PASSED] - Text 'UDF Data 4' is set on object 'Object Repository/VLink/Page_CCSale/txt_UDF4'

2023-02-08 18:48:28 - [MESSAGE][PASSED] - Text 'UDF Data 5' is set on object 'Object Repository/VLink/Page_CCSale/txt_UDF5'

2023-02-08 18:48:29 - [MESSAGE][PASSED] - Text 'UDF Data 6' is set on object 'Object Repository/VLink/Page_CCSale/txt_UDF6'

2023-02-08 18:48:30 - [MESSAGE][PASSED] - Text 'UDF Data 7' is set on object 'Object Repository/VLink/Page_CCSale/txt_UDF7'

2023-02-08 18:48:30 - [MESSAGE][PASSED] - Text 'UDF Data 8' is set on object 'Object Repository/VLink/Page_CCSale/txt_UDF8'

2023-02-08 18:48:31 - [MESSAGE][PASSED] - Text 'UDF Data 9' is set on object 'Object Repository/VLink/Page_CCSale/txt_UDF9'

2023-02-08 18:48:31 - [MESSAGE][PASSED] - Text 'UDF Data 10' is set on object 'Object Repository/VLink/Page_CCSale/txt_UDF10'

2023-02-08 18:48:32 - [MESSAGE][PASSED] - Object: 'Object Repository/VLink/Page_CCSale/btn_ProcessVLinkTransaction' is clicked on

2023-02-08 18:48:37 - [MESSAGE][PASSED] - vlinkPages.saleCCPage.setDataSCC is PASSED

2023-02-08 18:48:37 - [TEST_STEP][PASSED] - if (verifyTextPresent(errorMsg, true)): null

2023-02-08 18:48:37 - [MESSAGE][PASSED] - Text 'card_exmo' is present on page  using regular expression

2023-02-08 18:48:37 - [TEST_STEP][PASSED] - println("Transaction Approved, no errors text is present on the Confirmation page"): null

2023-02-08 18:48:37 - [TEST_STEP][PASSED] - out.println("Pass Record Number: " + row): null

2023-02-08 18:48:37 - [TEST_STEP][PASSED] - resText = "Pass": null

2023-02-08 18:48:37 - [TEST_STEP][PASSED] - pages.WriteExcel.demoKey(resText, datText, resColumn, datCloumn, fileLoc, nameSheet, row): pages.WriteExcel.demoKey is PASSED

2023-02-08 18:48:37 - [MESSAGE][PASSED] - pages.WriteExcel.demoKey is PASSED

2023-02-08 18:48:37 - [TEST_STEP][PASSED] - sdfo = getText(findTestObject("Object Repository/Page_VLinkReceipt/pre_STX")): Text of object 'Object Repository/Page_VLinkReceipt/pre_STX' is: '<STX>4N2CgYBRUg8z                                      2  Transaction failed                                20 Missing Parameter(s): card_exmo                                                            <ETX>'

2023-02-08 18:48:38 - [MESSAGE][PASSED] - Text of object 'Object Repository/Page_VLinkReceipt/pre_STX' is: '<STX>4N2CgYBRUg8z                                      2  Transaction failed                                20 Missing Parameter(s): card_exmo                                                            <ETX>'

2023-02-08 18:48:38 - [TEST_STEP][PASSED] - out.println("sdfo: " + sdfo): null

2023-02-08 18:48:38 - [TEST_STEP][PASSED] - remID = substring(5, 35).trim(): null

2023-02-08 18:48:38 - [TEST_STEP][PASSED] - out.println("Remittance ID: " + remID): null

2023-02-08 18:48:38 - [TEST_STEP][PASSED] - traxID = substring(35, 55).trim(): null

2023-02-08 18:48:38 - [TEST_STEP][PASSED] - out.println("Transaction ID: " + traxID): null

2023-02-08 18:48:38 - [TEST_STEP][PASSED] - out.println("End Record Number: " + row): null

2023-02-08 18:48:38 - [TEST_STEP][PASSED] - closeBrowser(): Browser is closed

2023-02-08 18:48:39 - [MESSAGE][PASSED] - Browser is closed

2023-02-08 18:48:39 - [TEST_STEP][PASSED] - ExecuteTC = findTestData(dataFile).getValue("Execute", row): null

2023-02-08 18:48:39 - [TEST_STEP][PASSED] - out.println("Value of Execute is : " + ExecuteTC): null

2023-02-08 18:48:39 - [TEST_STEP][PASSED] - errorMsg = findTestData(dataFile).getValue("ErrorMsg", row): null

2023-02-08 18:48:39 - [TEST_STEP][PASSED] - if (ExecuteTC.equalsIgnoreCase("Y")): Browser is closed

2023-02-08 18:48:39 - [TEST_STEP][PASSED] - out.println("Begin Record Number: " + row): null

2023-02-08 18:48:39 - [TEST_STEP][PASSED] - today = new java.util.Date(): null

2023-02-08 18:48:39 - [TEST_STEP][PASSED] - println(today): null

2023-02-08 18:48:39 - [TEST_STEP][PASSED] - datText = today: null

2023-02-08 18:48:39 - [TEST_STEP][PASSED] - openBrowser(VLinkURL + "authcap.html"): Browser is opened with url: 'https://dev-algorithm.govolution.com/vlinktest/QA/version_2_0/authcap.html'

2023-02-08 18:48:39 - [MESSAGE][INFO] - Starting 'Chrome' driver

2023-02-08 18:48:39 - [MESSAGE][INFO] - User set preference: ['acceptInsecureCerts', 'true']

2023-02-08 18:48:39 - [MESSAGE][INFO] - Action delay is set to 0 milliseconds

2023-02-08 18:48:41 - [MESSAGE][PASSED] - Browser is opened with url: 'https://dev-algorithm.govolution.com/vlinktest/QA/version_2_0/authcap.html'

2023-02-08 18:48:41 - [TEST_STEP][PASSED] - maximizeWindow(): Current window maximized

2023-02-08 18:48:41 - [MESSAGE][PASSED] - Current window maximized

2023-02-08 18:48:41 - [TEST_STEP][PASSED] - vlinkPages.saleCCPage.setDataSCC(row, dataFile): vlinkPages.saleCCPage.setDataSCC is PASSED

2023-02-08 18:48:45 - [MESSAGE][PASSED] - Object 'Object Repository/VLink/Page_CCSale/txt_CardNumber' is present

2023-02-08 18:48:45 - [MESSAGE][PASSED] - Text '104' is set on object 'Object Repository/VLink/Page_CCSale/txt_TransactionType'

2023-02-08 18:48:46 - [MESSAGE][PASSED] - Text '2.0C' is set on object 'Object Repository/VLink/Page_CCSale/txt_MessageVersion'

2023-02-08 18:48:47 - [MESSAGE][PASSED] - Text 'bs3c5yP0nV7V' is set on object 'Object Repository/VLink/Page_CCSale/txt_RemID'

2023-02-08 18:48:47 - [MESSAGE][PASSED] - Text '234' is set on object 'Object Repository/VLink/Page_CCSale/txt_ApplicationId'

2023-02-08 18:48:48 - [MESSAGE][PASSED] - Text 'username' is set on object 'Object Repository/VLink/Page_CCSale/txt_Username'

2023-02-08 18:48:48 - [MESSAGE][PASSED] - Text 'password' is set on object 'Object Repository/VLink/Page_CCSale/txt_Password'

2023-02-08 18:48:49 - [MESSAGE][PASSED] - Text 'fixed_width' is set on object 'Object Repository/VLink/Page_CCSale/txt_ResponseFormat'

2023-02-08 18:48:50 - [MESSAGE][PASSED] - Text 'ECOM' is set on object 'Object Repository/VLink/Page_CCSale/txt_Category'

2023-02-08 18:48:50 - [MESSAGE][PASSED] - Text '' is set on object 'Object Repository/VLink/Page_CCSale/txt_TransactionID'

2023-02-08 18:48:51 - [MESSAGE][PASSED] - Text '' is set on object 'Object Repository/VLink/Page_CCSale/txt_ApprovalCode'

2023-02-08 18:48:51 - [MESSAGE][PASSED] - Text 'Kris Roshan' is set on object 'Object Repository/VLink/Page_CCSale/txt_CardName'

2023-02-08 18:48:52 - [MESSAGE][PASSED] - Text '258 Elm Road' is set on object 'Object Repository/VLink/Page_CCSale/txt_AL1'

2023-02-08 18:48:53 - [MESSAGE][PASSED] - Text 'Suite 56' is set on object 'Object Repository/VLink/Page_CCSale/txt_AL2'

2023-02-08 18:48:53 - [MESSAGE][PASSED] - Text 'Arlington' is set on object 'Object Repository/VLink/Page_CCSale/txt_CardCity'

2023-02-08 18:48:54 - [MESSAGE][PASSED] - Text 'VA' is set on object 'Object Repository/VLink/Page_CCSale/txt_CardState'

2023-02-08 18:48:55 - [MESSAGE][PASSED] - Text '22201' is set on object 'Object Repository/VLink/Page_CCSale/txt_CardZIP'

2023-02-08 18:48:55 - [MESSAGE][PASSED] - Text '840' is set on object 'Object Repository/VLink/Page_CCSale/txt_CountryID'

2023-02-08 18:48:56 - [MESSAGE][PASSED] - Text '1.50' is set on object 'Object Repository/VLink/Page_CCSale/txt_Amount'

2023-02-08 18:48:57 - [MESSAGE][PASSED] - Text '4111111111111111' is set on object 'Object Repository/VLink/Page_CCSale/txt_CardNumber'

2023-02-08 18:48:57 - [MESSAGE][PASSED] - Text '12' is set on object 'Object Repository/VLink/Page_CCSale/txt_ExpMonth'

2023-02-08 18:48:58 - [MESSAGE][PASSED] - Text '' is set on object 'Object Repository/VLink/Page_CCSale/txt_ExpYear'

2023-02-08 18:48:59 - [MESSAGE][PASSED] - Text '' is set on object 'Object Repository/VLink/Page_CCSale/txt_CVV'

2023-02-08 18:48:59 - [MESSAGE][PASSED] - Text '' is set on object 'Object Repository/VLink/Page_CCSale/txt_CVVstate'

2023-02-08 18:49:00 - [MESSAGE][PASSED] - Text '' is set on object 'Object Repository/VLink/Page_CCSale/txt_TrackData'

2023-02-08 18:49:00 - [MESSAGE][PASSED] - Text '' is set on object 'Object Repository/VLink/Page_CCSale/txt_Track1Data'

2023-02-08 18:49:01 - [MESSAGE][PASSED] - Text '' is set on object 'Object Repository/VLink/Page_CCSale/txt_Track2Data'

2023-02-08 18:49:02 - [MESSAGE][PASSED] - Text 'manual' is set on object 'Object Repository/VLink/Page_CCSale/txt_POSEntryMode'

2023-02-08 18:49:02 - [MESSAGE][PASSED] - Text 'iahmed@govolution.com' is set on object 'Object Repository/VLink/Page_CCSale/txt_Email'

2023-02-08 18:49:03 - [MESSAGE][PASSED] - Text '2569362' is set on object 'Object Repository/VLink/Page_CCSale/txt_OrderNumber'

2023-02-08 18:49:03 - [MESSAGE][PASSED] - Text '1.15' is set on object 'Object Repository/VLink/Page_CCSale/txt_TaxAmount'

2023-02-08 18:49:04 - [MESSAGE][PASSED] - Text 'Charge Description' is set on object 'Object Repository/VLink/Page_CCSale/txt_ChargeDescription'

2023-02-08 18:49:05 - [MESSAGE][PASSED] - Text '147357' is set on object 'Object Repository/VLink/Page_CCSale/txt_CAN'

2023-02-08 18:49:05 - [MESSAGE][PASSED] - Text '1' is set on object 'Object Repository/VLink/Page_CCSale/txt_BillPaymentIndicator'

2023-02-08 18:49:06 - [MESSAGE][PASSED] - Text 'UDF Data 1' is set on object 'Object Repository/VLink/Page_CCSale/txt_UDF1'

2023-02-08 18:49:06 - [MESSAGE][PASSED] - Text 'UDF Data 2' is set on object 'Object Repository/VLink/Page_CCSale/txt_UDF2'

2023-02-08 18:49:07 - [MESSAGE][PASSED] - Text 'UDF Data 3' is set on object 'Object Repository/VLink/Page_CCSale/txt_UDF3'

2023-02-08 18:49:08 - [MESSAGE][PASSED] - Text 'UDF Data 4' is set on object 'Object Repository/VLink/Page_CCSale/txt_UDF4'

2023-02-08 18:49:08 - [MESSAGE][PASSED] - Text 'UDF Data 5' is set on object 'Object Repository/VLink/Page_CCSale/txt_UDF5'

2023-02-08 18:49:09 - [MESSAGE][PASSED] - Text 'UDF Data 6' is set on object 'Object Repository/VLink/Page_CCSale/txt_UDF6'

2023-02-08 18:49:10 - [MESSAGE][PASSED] - Text 'UDF Data 7' is set on object 'Object Repository/VLink/Page_CCSale/txt_UDF7'

2023-02-08 18:49:10 - [MESSAGE][PASSED] - Text 'UDF Data 8' is set on object 'Object Repository/VLink/Page_CCSale/txt_UDF8'

2023-02-08 18:49:11 - [MESSAGE][PASSED] - Text 'UDF Data 9' is set on object 'Object Repository/VLink/Page_CCSale/txt_UDF9'

2023-02-08 18:49:11 - [MESSAGE][PASSED] - Text 'UDF Data 10' is set on object 'Object Repository/VLink/Page_CCSale/txt_UDF10'

2023-02-08 18:49:12 - [MESSAGE][PASSED] - Object: 'Object Repository/VLink/Page_CCSale/btn_ProcessVLinkTransaction' is clicked on

2023-02-08 18:49:17 - [MESSAGE][PASSED] - vlinkPages.saleCCPage.setDataSCC is PASSED

2023-02-08 18:49:17 - [TEST_STEP][PASSED] - if (verifyTextPresent(errorMsg, true)): null

2023-02-08 18:49:17 - [MESSAGE][PASSED] - Text 'card_exyr' is present on page  using regular expression

2023-02-08 18:49:17 - [TEST_STEP][PASSED] - println("Transaction Approved, no errors text is present on the Confirmation page"): null

2023-02-08 18:49:17 - [TEST_STEP][PASSED] - out.println("Pass Record Number: " + row): null

2023-02-08 18:49:17 - [TEST_STEP][PASSED] - resText = "Pass": null

2023-02-08 18:49:17 - [TEST_STEP][PASSED] - pages.WriteExcel.demoKey(resText, datText, resColumn, datCloumn, fileLoc, nameSheet, row): pages.WriteExcel.demoKey is PASSED

2023-02-08 18:49:18 - [MESSAGE][PASSED] - pages.WriteExcel.demoKey is PASSED

2023-02-08 18:49:18 - [TEST_STEP][PASSED] - sdfo = getText(findTestObject("Object Repository/Page_VLinkReceipt/pre_STX")): Text of object 'Object Repository/Page_VLinkReceipt/pre_STX' is: '<STX>bs3c5yP0nV7V                                      2  Transaction failed                                20 Missing Parameter(s): card_exyr                                                            <ETX>'

2023-02-08 18:49:18 - [MESSAGE][PASSED] - Text of object 'Object Repository/Page_VLinkReceipt/pre_STX' is: '<STX>bs3c5yP0nV7V                                      2  Transaction failed                                20 Missing Parameter(s): card_exyr                                                            <ETX>'

2023-02-08 18:49:18 - [TEST_STEP][PASSED] - out.println("sdfo: " + sdfo): null

2023-02-08 18:49:18 - [TEST_STEP][PASSED] - remID = substring(5, 35).trim(): null

2023-02-08 18:49:18 - [TEST_STEP][PASSED] - out.println("Remittance ID: " + remID): null

2023-02-08 18:49:18 - [TEST_STEP][PASSED] - traxID = substring(35, 55).trim(): null

2023-02-08 18:49:18 - [TEST_STEP][PASSED] - out.println("Transaction ID: " + traxID): null

2023-02-08 18:49:18 - [TEST_STEP][PASSED] - out.println("End Record Number: " + row): null

2023-02-08 18:49:18 - [TEST_STEP][PASSED] - closeBrowser(): Browser is closed

2023-02-08 18:49:19 - [MESSAGE][PASSED] - Browser is closed

2023-02-08 18:49:19 - [TEST_STEP][PASSED] - ExecuteTC = findTestData(dataFile).getValue("Execute", row): null

2023-02-08 18:49:19 - [TEST_STEP][PASSED] - out.println("Value of Execute is : " + ExecuteTC): null

2023-02-08 18:49:19 - [TEST_STEP][PASSED] - errorMsg = findTestData(dataFile).getValue("ErrorMsg", row): null

2023-02-08 18:49:19 - [TEST_STEP][PASSED] - if (ExecuteTC.equalsIgnoreCase("Y")): Browser is closed

2023-02-08 18:49:19 - [TEST_STEP][PASSED] - out.println("Begin Record Number: " + row): null

2023-02-08 18:49:19 - [TEST_STEP][PASSED] - today = new java.util.Date(): null

2023-02-08 18:49:19 - [TEST_STEP][PASSED] - println(today): null

2023-02-08 18:49:19 - [TEST_STEP][PASSED] - datText = today: null

2023-02-08 18:49:19 - [TEST_STEP][PASSED] - openBrowser(VLinkURL + "authcap.html"): Browser is opened with url: 'https://dev-algorithm.govolution.com/vlinktest/QA/version_2_0/authcap.html'

2023-02-08 18:49:19 - [MESSAGE][INFO] - Starting 'Chrome' driver

2023-02-08 18:49:19 - [MESSAGE][INFO] - User set preference: ['acceptInsecureCerts', 'true']

2023-02-08 18:49:19 - [MESSAGE][INFO] - Action delay is set to 0 milliseconds

2023-02-08 18:49:21 - [MESSAGE][PASSED] - Browser is opened with url: 'https://dev-algorithm.govolution.com/vlinktest/QA/version_2_0/authcap.html'

2023-02-08 18:49:21 - [TEST_STEP][PASSED] - maximizeWindow(): Current window maximized

2023-02-08 18:49:21 - [MESSAGE][PASSED] - Current window maximized

2023-02-08 18:49:21 - [TEST_STEP][PASSED] - vlinkPages.saleCCPage.setDataSCC(row, dataFile): vlinkPages.saleCCPage.setDataSCC is PASSED

2023-02-08 18:49:25 - [MESSAGE][PASSED] - Object 'Object Repository/VLink/Page_CCSale/txt_CardNumber' is present

2023-02-08 18:49:26 - [MESSAGE][PASSED] - Text '104' is set on object 'Object Repository/VLink/Page_CCSale/txt_TransactionType'

2023-02-08 18:49:26 - [MESSAGE][PASSED] - Text '2.0C' is set on object 'Object Repository/VLink/Page_CCSale/txt_MessageVersion'

2023-02-08 18:49:27 - [MESSAGE][PASSED] - Text 'Gc44glxg0Rmg' is set on object 'Object Repository/VLink/Page_CCSale/txt_RemID'

2023-02-08 18:49:27 - [MESSAGE][PASSED] - Text '234' is set on object 'Object Repository/VLink/Page_CCSale/txt_ApplicationId'

2023-02-08 18:49:28 - [MESSAGE][PASSED] - Text 'username' is set on object 'Object Repository/VLink/Page_CCSale/txt_Username'

2023-02-08 18:49:29 - [MESSAGE][PASSED] - Text 'password' is set on object 'Object Repository/VLink/Page_CCSale/txt_Password'

2023-02-08 18:49:29 - [MESSAGE][PASSED] - Text 'fixed_width' is set on object 'Object Repository/VLink/Page_CCSale/txt_ResponseFormat'

2023-02-08 18:49:30 - [MESSAGE][PASSED] - Text 'MOTO' is set on object 'Object Repository/VLink/Page_CCSale/txt_Category'

2023-02-08 18:49:30 - [MESSAGE][PASSED] - Text '' is set on object 'Object Repository/VLink/Page_CCSale/txt_TransactionID'

2023-02-08 18:49:31 - [MESSAGE][PASSED] - Text '' is set on object 'Object Repository/VLink/Page_CCSale/txt_ApprovalCode'

2023-02-08 18:49:32 - [MESSAGE][PASSED] - Text 'Kris Roshan' is set on object 'Object Repository/VLink/Page_CCSale/txt_CardName'

2023-02-08 18:49:32 - [MESSAGE][PASSED] - Text '258 Elm Road' is set on object 'Object Repository/VLink/Page_CCSale/txt_AL1'

2023-02-08 18:49:33 - [MESSAGE][PASSED] - Text 'Suite 56' is set on object 'Object Repository/VLink/Page_CCSale/txt_AL2'

2023-02-08 18:49:34 - [MESSAGE][PASSED] - Text 'Arlington' is set on object 'Object Repository/VLink/Page_CCSale/txt_CardCity'

2023-02-08 18:49:34 - [MESSAGE][PASSED] - Text 'VA' is set on object 'Object Repository/VLink/Page_CCSale/txt_CardState'

2023-02-08 18:49:35 - [MESSAGE][PASSED] - Text '22201' is set on object 'Object Repository/VLink/Page_CCSale/txt_CardZIP'

2023-02-08 18:49:35 - [MESSAGE][PASSED] - Text '840' is set on object 'Object Repository/VLink/Page_CCSale/txt_CountryID'

2023-02-08 18:49:36 - [MESSAGE][PASSED] - Text '1.50' is set on object 'Object Repository/VLink/Page_CCSale/txt_Amount'

2023-02-08 18:49:37 - [MESSAGE][PASSED] - Text '4111111111111111' is set on object 'Object Repository/VLink/Page_CCSale/txt_CardNumber'

2023-02-08 18:49:37 - [MESSAGE][PASSED] - Text '12' is set on object 'Object Repository/VLink/Page_CCSale/txt_ExpMonth'

2023-02-08 18:49:38 - [MESSAGE][PASSED] - Text '' is set on object 'Object Repository/VLink/Page_CCSale/txt_ExpYear'

2023-02-08 18:49:39 - [MESSAGE][PASSED] - Text '' is set on object 'Object Repository/VLink/Page_CCSale/txt_CVV'

2023-02-08 18:49:39 - [MESSAGE][PASSED] - Text '' is set on object 'Object Repository/VLink/Page_CCSale/txt_CVVstate'

2023-02-08 18:49:40 - [MESSAGE][PASSED] - Text '' is set on object 'Object Repository/VLink/Page_CCSale/txt_TrackData'

2023-02-08 18:49:40 - [MESSAGE][PASSED] - Text '' is set on object 'Object Repository/VLink/Page_CCSale/txt_Track1Data'

2023-02-08 18:49:41 - [MESSAGE][PASSED] - Text '' is set on object 'Object Repository/VLink/Page_CCSale/txt_Track2Data'

2023-02-08 18:49:42 - [MESSAGE][PASSED] - Text 'manual' is set on object 'Object Repository/VLink/Page_CCSale/txt_POSEntryMode'

2023-02-08 18:49:42 - [MESSAGE][PASSED] - Text 'iahmed@govolution.com' is set on object 'Object Repository/VLink/Page_CCSale/txt_Email'

2023-02-08 18:49:43 - [MESSAGE][PASSED] - Text '2569362' is set on object 'Object Repository/VLink/Page_CCSale/txt_OrderNumber'

2023-02-08 18:49:43 - [MESSAGE][PASSED] - Text '1.15' is set on object 'Object Repository/VLink/Page_CCSale/txt_TaxAmount'

2023-02-08 18:49:44 - [MESSAGE][PASSED] - Text 'Charge Description' is set on object 'Object Repository/VLink/Page_CCSale/txt_ChargeDescription'

2023-02-08 18:49:45 - [MESSAGE][PASSED] - Text '147357' is set on object 'Object Repository/VLink/Page_CCSale/txt_CAN'

2023-02-08 18:49:45 - [MESSAGE][PASSED] - Text '1' is set on object 'Object Repository/VLink/Page_CCSale/txt_BillPaymentIndicator'

2023-02-08 18:49:46 - [MESSAGE][PASSED] - Text 'UDF Data 1' is set on object 'Object Repository/VLink/Page_CCSale/txt_UDF1'

2023-02-08 18:49:47 - [MESSAGE][PASSED] - Text 'UDF Data 2' is set on object 'Object Repository/VLink/Page_CCSale/txt_UDF2'

2023-02-08 18:49:47 - [MESSAGE][PASSED] - Text 'UDF Data 3' is set on object 'Object Repository/VLink/Page_CCSale/txt_UDF3'

2023-02-08 18:49:48 - [MESSAGE][PASSED] - Text 'UDF Data 4' is set on object 'Object Repository/VLink/Page_CCSale/txt_UDF4'

2023-02-08 18:49:48 - [MESSAGE][PASSED] - Text 'UDF Data 5' is set on object 'Object Repository/VLink/Page_CCSale/txt_UDF5'

2023-02-08 18:49:49 - [MESSAGE][PASSED] - Text 'UDF Data 6' is set on object 'Object Repository/VLink/Page_CCSale/txt_UDF6'

2023-02-08 18:49:50 - [MESSAGE][PASSED] - Text 'UDF Data 7' is set on object 'Object Repository/VLink/Page_CCSale/txt_UDF7'

2023-02-08 18:49:50 - [MESSAGE][PASSED] - Text 'UDF Data 8' is set on object 'Object Repository/VLink/Page_CCSale/txt_UDF8'

2023-02-08 18:49:51 - [MESSAGE][PASSED] - Text 'UDF Data 9' is set on object 'Object Repository/VLink/Page_CCSale/txt_UDF9'

2023-02-08 18:49:52 - [MESSAGE][PASSED] - Text 'UDF Data 10' is set on object 'Object Repository/VLink/Page_CCSale/txt_UDF10'

2023-02-08 18:49:52 - [MESSAGE][PASSED] - Object: 'Object Repository/VLink/Page_CCSale/btn_ProcessVLinkTransaction' is clicked on

2023-02-08 18:49:57 - [MESSAGE][PASSED] - vlinkPages.saleCCPage.setDataSCC is PASSED

2023-02-08 18:49:57 - [TEST_STEP][PASSED] - if (verifyTextPresent(errorMsg, true)): null

2023-02-08 18:49:57 - [MESSAGE][PASSED] - Text 'card_exyr' is present on page  using regular expression

2023-02-08 18:49:57 - [TEST_STEP][PASSED] - println("Transaction Approved, no errors text is present on the Confirmation page"): null

2023-02-08 18:49:57 - [TEST_STEP][PASSED] - out.println("Pass Record Number: " + row): null

2023-02-08 18:49:57 - [TEST_STEP][PASSED] - resText = "Pass": null

2023-02-08 18:49:57 - [TEST_STEP][PASSED] - pages.WriteExcel.demoKey(resText, datText, resColumn, datCloumn, fileLoc, nameSheet, row): pages.WriteExcel.demoKey is PASSED

2023-02-08 18:49:58 - [MESSAGE][PASSED] - pages.WriteExcel.demoKey is PASSED

2023-02-08 18:49:58 - [TEST_STEP][PASSED] - sdfo = getText(findTestObject("Object Repository/Page_VLinkReceipt/pre_STX")): Text of object 'Object Repository/Page_VLinkReceipt/pre_STX' is: '<STX>Gc44glxg0Rmg                                      2  Transaction failed                                20 Missing Parameter(s): card_exyr                                                            <ETX>'

2023-02-08 18:49:58 - [MESSAGE][PASSED] - Text of object 'Object Repository/Page_VLinkReceipt/pre_STX' is: '<STX>Gc44glxg0Rmg                                      2  Transaction failed                                20 Missing Parameter(s): card_exyr                                                            <ETX>'

2023-02-08 18:49:58 - [TEST_STEP][PASSED] - out.println("sdfo: " + sdfo): null

2023-02-08 18:49:58 - [TEST_STEP][PASSED] - remID = substring(5, 35).trim(): null

2023-02-08 18:49:58 - [TEST_STEP][PASSED] - out.println("Remittance ID: " + remID): null

2023-02-08 18:49:58 - [TEST_STEP][PASSED] - traxID = substring(35, 55).trim(): null

2023-02-08 18:49:58 - [TEST_STEP][PASSED] - out.println("Transaction ID: " + traxID): null

2023-02-08 18:49:58 - [TEST_STEP][PASSED] - out.println("End Record Number: " + row): null

2023-02-08 18:49:58 - [TEST_STEP][PASSED] - closeBrowser(): Browser is closed

2023-02-08 18:49:59 - [MESSAGE][PASSED] - Browser is closed

2023-02-08 18:49:59 - [TEST_STEP][PASSED] - ExecuteTC = findTestData(dataFile).getValue("Execute", row): null

2023-02-08 18:49:59 - [TEST_STEP][PASSED] - out.println("Value of Execute is : " + ExecuteTC): null

2023-02-08 18:49:59 - [TEST_STEP][PASSED] - errorMsg = findTestData(dataFile).getValue("ErrorMsg", row): null

2023-02-08 18:49:59 - [TEST_STEP][PASSED] - if (ExecuteTC.equalsIgnoreCase("Y")): Browser is closed

2023-02-08 18:49:59 - [TEST_STEP][PASSED] - out.println("Begin Record Number: " + row): null

2023-02-08 18:49:59 - [TEST_STEP][PASSED] - today = new java.util.Date(): null

2023-02-08 18:49:59 - [TEST_STEP][PASSED] - println(today): null

2023-02-08 18:49:59 - [TEST_STEP][PASSED] - datText = today: null

2023-02-08 18:49:59 - [TEST_STEP][PASSED] - openBrowser(VLinkURL + "authcap.html"): Browser is opened with url: 'https://dev-algorithm.govolution.com/vlinktest/QA/version_2_0/authcap.html'

2023-02-08 18:49:59 - [MESSAGE][INFO] - Starting 'Chrome' driver

2023-02-08 18:49:59 - [MESSAGE][INFO] - User set preference: ['acceptInsecureCerts', 'true']

2023-02-08 18:49:59 - [MESSAGE][INFO] - Action delay is set to 0 milliseconds

2023-02-08 18:50:01 - [MESSAGE][PASSED] - Browser is opened with url: 'https://dev-algorithm.govolution.com/vlinktest/QA/version_2_0/authcap.html'

2023-02-08 18:50:01 - [TEST_STEP][PASSED] - maximizeWindow(): Current window maximized

2023-02-08 18:50:01 - [MESSAGE][PASSED] - Current window maximized

2023-02-08 18:50:01 - [TEST_STEP][PASSED] - vlinkPages.saleCCPage.setDataSCC(row, dataFile): vlinkPages.saleCCPage.setDataSCC is PASSED

2023-02-08 18:50:05 - [MESSAGE][PASSED] - Object 'Object Repository/VLink/Page_CCSale/txt_CardNumber' is present

2023-02-08 18:50:05 - [MESSAGE][PASSED] - Text '104' is set on object 'Object Repository/VLink/Page_CCSale/txt_TransactionType'

2023-02-08 18:50:06 - [MESSAGE][PASSED] - Text '2.0C' is set on object 'Object Repository/VLink/Page_CCSale/txt_MessageVersion'

2023-02-08 18:50:07 - [MESSAGE][PASSED] - Text '5xJ45os3vT1q' is set on object 'Object Repository/VLink/Page_CCSale/txt_RemID'

2023-02-08 18:50:07 - [MESSAGE][PASSED] - Text '234' is set on object 'Object Repository/VLink/Page_CCSale/txt_ApplicationId'

2023-02-08 18:50:08 - [MESSAGE][PASSED] - Text 'username' is set on object 'Object Repository/VLink/Page_CCSale/txt_Username'

2023-02-08 18:50:09 - [MESSAGE][PASSED] - Text 'password' is set on object 'Object Repository/VLink/Page_CCSale/txt_Password'

2023-02-08 18:50:09 - [MESSAGE][PASSED] - Text 'fixed_width' is set on object 'Object Repository/VLink/Page_CCSale/txt_ResponseFormat'

2023-02-08 18:50:10 - [MESSAGE][PASSED] - Text 'RETL' is set on object 'Object Repository/VLink/Page_CCSale/txt_Category'

2023-02-08 18:50:10 - [MESSAGE][PASSED] - Text '' is set on object 'Object Repository/VLink/Page_CCSale/txt_TransactionID'

2023-02-08 18:50:11 - [MESSAGE][PASSED] - Text '' is set on object 'Object Repository/VLink/Page_CCSale/txt_ApprovalCode'

2023-02-08 18:50:12 - [MESSAGE][PASSED] - Text 'Kris Roshan' is set on object 'Object Repository/VLink/Page_CCSale/txt_CardName'

2023-02-08 18:50:12 - [MESSAGE][PASSED] - Text '258 Elm Road' is set on object 'Object Repository/VLink/Page_CCSale/txt_AL1'

2023-02-08 18:50:13 - [MESSAGE][PASSED] - Text 'Suite 56' is set on object 'Object Repository/VLink/Page_CCSale/txt_AL2'

2023-02-08 18:50:14 - [MESSAGE][PASSED] - Text 'Arlington' is set on object 'Object Repository/VLink/Page_CCSale/txt_CardCity'

2023-02-08 18:50:14 - [MESSAGE][PASSED] - Text 'VA' is set on object 'Object Repository/VLink/Page_CCSale/txt_CardState'

2023-02-08 18:50:15 - [MESSAGE][PASSED] - Text '22201' is set on object 'Object Repository/VLink/Page_CCSale/txt_CardZIP'

2023-02-08 18:50:15 - [MESSAGE][PASSED] - Text '840' is set on object 'Object Repository/VLink/Page_CCSale/txt_CountryID'

2023-02-08 18:50:16 - [MESSAGE][PASSED] - Text '1.50' is set on object 'Object Repository/VLink/Page_CCSale/txt_Amount'

2023-02-08 18:50:17 - [MESSAGE][PASSED] - Text '4111111111111111' is set on object 'Object Repository/VLink/Page_CCSale/txt_CardNumber'

2023-02-08 18:50:17 - [MESSAGE][PASSED] - Text '12' is set on object 'Object Repository/VLink/Page_CCSale/txt_ExpMonth'

2023-02-08 18:50:18 - [MESSAGE][PASSED] - Text '' is set on object 'Object Repository/VLink/Page_CCSale/txt_ExpYear'

2023-02-08 18:50:18 - [MESSAGE][PASSED] - Text '' is set on object 'Object Repository/VLink/Page_CCSale/txt_CVV'

2023-02-08 18:50:19 - [MESSAGE][PASSED] - Text '' is set on object 'Object Repository/VLink/Page_CCSale/txt_CVVstate'

2023-02-08 18:50:20 - [MESSAGE][PASSED] - Text '' is set on object 'Object Repository/VLink/Page_CCSale/txt_TrackData'

2023-02-08 18:50:20 - [MESSAGE][PASSED] - Text '' is set on object 'Object Repository/VLink/Page_CCSale/txt_Track1Data'

2023-02-08 18:50:21 - [MESSAGE][PASSED] - Text '' is set on object 'Object Repository/VLink/Page_CCSale/txt_Track2Data'

2023-02-08 18:50:21 - [MESSAGE][PASSED] - Text 'manual' is set on object 'Object Repository/VLink/Page_CCSale/txt_POSEntryMode'

2023-02-08 18:50:22 - [MESSAGE][PASSED] - Text 'iahmed@govolution.com' is set on object 'Object Repository/VLink/Page_CCSale/txt_Email'

2023-02-08 18:50:23 - [MESSAGE][PASSED] - Text '2569362' is set on object 'Object Repository/VLink/Page_CCSale/txt_OrderNumber'

2023-02-08 18:50:23 - [MESSAGE][PASSED] - Text '1.15' is set on object 'Object Repository/VLink/Page_CCSale/txt_TaxAmount'

2023-02-08 18:50:24 - [MESSAGE][PASSED] - Text 'Charge Description' is set on object 'Object Repository/VLink/Page_CCSale/txt_ChargeDescription'

2023-02-08 18:50:24 - [MESSAGE][PASSED] - Text '147357' is set on object 'Object Repository/VLink/Page_CCSale/txt_CAN'

2023-02-08 18:50:25 - [MESSAGE][PASSED] - Text '1' is set on object 'Object Repository/VLink/Page_CCSale/txt_BillPaymentIndicator'

2023-02-08 18:50:26 - [MESSAGE][PASSED] - Text 'UDF Data 1' is set on object 'Object Repository/VLink/Page_CCSale/txt_UDF1'

2023-02-08 18:50:27 - [MESSAGE][PASSED] - Text 'UDF Data 2' is set on object 'Object Repository/VLink/Page_CCSale/txt_UDF2'

2023-02-08 18:50:27 - [MESSAGE][PASSED] - Text 'UDF Data 3' is set on object 'Object Repository/VLink/Page_CCSale/txt_UDF3'

2023-02-08 18:50:28 - [MESSAGE][PASSED] - Text 'UDF Data 4' is set on object 'Object Repository/VLink/Page_CCSale/txt_UDF4'

2023-02-08 18:50:28 - [MESSAGE][PASSED] - Text 'UDF Data 5' is set on object 'Object Repository/VLink/Page_CCSale/txt_UDF5'

2023-02-08 18:50:29 - [MESSAGE][PASSED] - Text 'UDF Data 6' is set on object 'Object Repository/VLink/Page_CCSale/txt_UDF6'

2023-02-08 18:50:30 - [MESSAGE][PASSED] - Text 'UDF Data 7' is set on object 'Object Repository/VLink/Page_CCSale/txt_UDF7'

2023-02-08 18:50:30 - [MESSAGE][PASSED] - Text 'UDF Data 8' is set on object 'Object Repository/VLink/Page_CCSale/txt_UDF8'

2023-02-08 18:50:31 - [MESSAGE][PASSED] - Text 'UDF Data 9' is set on object 'Object Repository/VLink/Page_CCSale/txt_UDF9'

2023-02-08 18:50:32 - [MESSAGE][PASSED] - Text 'UDF Data 10' is set on object 'Object Repository/VLink/Page_CCSale/txt_UDF10'

2023-02-08 18:50:32 - [MESSAGE][PASSED] - Object: 'Object Repository/VLink/Page_CCSale/btn_ProcessVLinkTransaction' is clicked on

2023-02-08 18:50:37 - [MESSAGE][PASSED] - vlinkPages.saleCCPage.setDataSCC is PASSED

2023-02-08 18:50:37 - [TEST_STEP][PASSED] - if (verifyTextPresent(errorMsg, true)): null

2023-02-08 18:50:37 - [MESSAGE][PASSED] - Text 'card_exyr' is present on page  using regular expression

2023-02-08 18:50:37 - [TEST_STEP][PASSED] - println("Transaction Approved, no errors text is present on the Confirmation page"): null

2023-02-08 18:50:37 - [TEST_STEP][PASSED] - out.println("Pass Record Number: " + row): null

2023-02-08 18:50:37 - [TEST_STEP][PASSED] - resText = "Pass": null

2023-02-08 18:50:37 - [TEST_STEP][PASSED] - pages.WriteExcel.demoKey(resText, datText, resColumn, datCloumn, fileLoc, nameSheet, row): pages.WriteExcel.demoKey is PASSED

2023-02-08 18:50:38 - [MESSAGE][PASSED] - pages.WriteExcel.demoKey is PASSED

2023-02-08 18:50:38 - [TEST_STEP][PASSED] - sdfo = getText(findTestObject("Object Repository/Page_VLinkReceipt/pre_STX")): Text of object 'Object Repository/Page_VLinkReceipt/pre_STX' is: '<STX>5xJ45os3vT1q                                      2  Transaction failed                                20 Missing Parameter(s): card_exyr                                                            <ETX>'

2023-02-08 18:50:38 - [MESSAGE][PASSED] - Text of object 'Object Repository/Page_VLinkReceipt/pre_STX' is: '<STX>5xJ45os3vT1q                                      2  Transaction failed                                20 Missing Parameter(s): card_exyr                                                            <ETX>'

2023-02-08 18:50:38 - [TEST_STEP][PASSED] - out.println("sdfo: " + sdfo): null

2023-02-08 18:50:38 - [TEST_STEP][PASSED] - remID = substring(5, 35).trim(): null

2023-02-08 18:50:38 - [TEST_STEP][PASSED] - out.println("Remittance ID: " + remID): null

2023-02-08 18:50:38 - [TEST_STEP][PASSED] - traxID = substring(35, 55).trim(): null

2023-02-08 18:50:38 - [TEST_STEP][PASSED] - out.println("Transaction ID: " + traxID): null

2023-02-08 18:50:38 - [TEST_STEP][PASSED] - out.println("End Record Number: " + row): null

2023-02-08 18:50:38 - [TEST_STEP][PASSED] - closeBrowser(): Browser is closed

2023-02-08 18:50:39 - [MESSAGE][PASSED] - Browser is closed

2023-02-08 18:50:39 - [TEST_STEP][PASSED] - ExecuteTC = findTestData(dataFile).getValue("Execute", row): null

2023-02-08 18:50:39 - [TEST_STEP][PASSED] - out.println("Value of Execute is : " + ExecuteTC): null

2023-02-08 18:50:39 - [TEST_STEP][PASSED] - errorMsg = findTestData(dataFile).getValue("ErrorMsg", row): null

2023-02-08 18:50:39 - [TEST_STEP][PASSED] - if (ExecuteTC.equalsIgnoreCase("Y")): null]]></system-out>
         <system-err><![CDATA[]]></system-err>
      </testcase>
      <testcase name="Test Cases/RecAndPlayBk/VLink/Auth-MRF" time="657.055" classname="Test Cases/RecAndPlayBk/VLink/Auth-MRF" status="PASSED">
         <system-out><![CDATA[2023-02-08 18:50:39 - [TEST_CASE][PASSED] - Test Cases/RecAndPlayBk/VLink/Auth-MRF: Test Cases/RecAndPlayBk/VLink/Auth-MRF

2023-02-08 18:50:40 - [TEST_STEP][PASSED] - executionProfile = getExecutionProfile(): null

2023-02-08 18:50:40 - [TEST_STEP][PASSED] - out.println("executionProfile : " + executionProfile): null

2023-02-08 18:50:40 - [TEST_STEP][PASSED] - resText = "Fail": null

2023-02-08 18:50:40 - [TEST_STEP][PASSED] - resColumn = "Result": null

2023-02-08 18:50:40 - [TEST_STEP][PASSED] - datCloumn = "Date": null

2023-02-08 18:50:40 - [TEST_STEP][PASSED] - fileLoc = "KatalonData/VLinkSmokeData.xlsx": null

2023-02-08 18:50:40 - [TEST_STEP][PASSED] - numOfRows = <not implemented yet for class: org.codehaus.groovy.ast.expr.EmptyExpression>: null

2023-02-08 18:50:40 - [TEST_STEP][PASSED] - dataFile = <not implemented yet for class: org.codehaus.groovy.ast.expr.EmptyExpression>: null

2023-02-08 18:50:40 - [TEST_STEP][PASSED] - nameSheet = <not implemented yet for class: org.codehaus.groovy.ast.expr.EmptyExpression>: null

2023-02-08 18:50:40 - [TEST_STEP][PASSED] - nameSheet = "Auth-MRF": null

2023-02-08 18:50:40 - [TEST_STEP][PASSED] - numOfRows = findTestData("QA/VLinkTestData/VLinkAuthMRFData").getRowNumbers(): null

2023-02-08 18:50:40 - [TEST_STEP][PASSED] - println("Number of Records: " + numOfRows): null

2023-02-08 18:50:40 - [TEST_STEP][PASSED] - dataFile = "QA/VLinkTestData/VLinkAuthMRFData": null

2023-02-08 18:50:40 - [TEST_STEP][PASSED] - for ([row = 1, row <= numOfRows, (row++)]): null

2023-02-08 18:50:40 - [TEST_STEP][PASSED] - ExecuteTC = findTestData(dataFile).getValue("Execute", row): null

2023-02-08 18:50:40 - [TEST_STEP][PASSED] - out.println("Value of Execute is : " + ExecuteTC): null

2023-02-08 18:50:40 - [TEST_STEP][PASSED] - if (ExecuteTC.equalsIgnoreCase("Y")): null

2023-02-08 18:50:40 - [TEST_STEP][PASSED] - out.println("Begin Record Number: " + row): null

2023-02-08 18:50:40 - [TEST_STEP][PASSED] - today = new java.util.Date(): null

2023-02-08 18:50:40 - [TEST_STEP][PASSED] - println(today): null

2023-02-08 18:50:40 - [TEST_STEP][PASSED] - datText = today: null

2023-02-08 18:50:40 - [TEST_STEP][PASSED] - errorMsg = findTestData(dataFile).getValue("ErrorMsg", row): null

2023-02-08 18:50:40 - [TEST_STEP][PASSED] - appID = findTestData(dataFile).getValue("AppID", row): null

2023-02-08 18:50:40 - [TEST_STEP][PASSED] - username = findTestData(dataFile).getValue("Username", row): null

2023-02-08 18:50:40 - [TEST_STEP][PASSED] - password = findTestData(dataFile).getValue("Password", row): null

2023-02-08 18:50:40 - [TEST_STEP][PASSED] - tranType = findTestData(dataFile).getValue("TranType", row): null

2023-02-08 18:50:40 - [TEST_STEP][PASSED] - mv = findTestData(dataFile).getValue("MV", row): null

2023-02-08 18:50:40 - [TEST_STEP][PASSED] - resFormat = findTestData(dataFile).getValue("ResFormat", row): null

2023-02-08 18:50:40 - [TEST_STEP][PASSED] - category = findTestData(dataFile).getValue("Category", row): null

2023-02-08 18:50:40 - [TEST_STEP][PASSED] - amount = findTestData(dataFile).getValue("Amount", row): null

2023-02-08 18:50:40 - [TEST_STEP][PASSED] - cardName = findTestData(dataFile).getValue("CardName", row): null

2023-02-08 18:50:40 - [TEST_STEP][PASSED] - al1 = findTestData(dataFile).getValue("AL1", row): null

2023-02-08 18:50:41 - [TEST_STEP][PASSED] - city = findTestData(dataFile).getValue("City", row): null

2023-02-08 18:50:41 - [TEST_STEP][PASSED] - state = findTestData(dataFile).getValue("State", row): null

2023-02-08 18:50:41 - [TEST_STEP][PASSED] - zip = findTestData(dataFile).getValue("ZIP", row): null

2023-02-08 18:50:41 - [TEST_STEP][PASSED] - cardNumber = findTestData(dataFile).getValue("CardNumber", row): null

2023-02-08 18:50:41 - [TEST_STEP][PASSED] - exM = findTestData(dataFile).getValue("ExM", row): null

2023-02-08 18:50:41 - [TEST_STEP][PASSED] - exY = findTestData(dataFile).getValue("ExY", row): null

2023-02-08 18:50:41 - [TEST_STEP][PASSED] - openBrowser(VLinkURL + "auth.html"): Browser is opened with url: 'https://dev-algorithm.govolution.com/vlinktest/QA/version_2_0/auth.html'

2023-02-08 18:50:41 - [MESSAGE][INFO] - Starting 'Chrome' driver

2023-02-08 18:50:41 - [MESSAGE][INFO] - User set preference: ['acceptInsecureCerts', 'true']

2023-02-08 18:50:41 - [MESSAGE][INFO] - Action delay is set to 0 milliseconds

2023-02-08 18:50:43 - [MESSAGE][PASSED] - Browser is opened with url: 'https://dev-algorithm.govolution.com/vlinktest/QA/version_2_0/auth.html'

2023-02-08 18:50:43 - [TEST_STEP][PASSED] - maximizeWindow(): Current window maximized

2023-02-08 18:50:43 - [MESSAGE][PASSED] - Current window maximized

2023-02-08 18:50:43 - [TEST_STEP][PASSED] - maximizeWindow(): Current window maximized

2023-02-08 18:50:43 - [MESSAGE][PASSED] - Current window maximized

2023-02-08 18:50:43 - [TEST_STEP][PASSED] - setText(findTestObject("Object Repository/RecAndPlayBk/Page-Vlink-AuthOnly/txt_TransactionType"), tranType): Text '' is set on object 'Object Repository/RecAndPlayBk/Page-Vlink-AuthOnly/txt_TransactionType'

2023-02-08 18:50:44 - [MESSAGE][PASSED] - Text '' is set on object 'Object Repository/RecAndPlayBk/Page-Vlink-AuthOnly/txt_TransactionType'

2023-02-08 18:50:44 - [TEST_STEP][PASSED] - setText(findTestObject("Object Repository/RecAndPlayBk/Page-Vlink-AuthOnly/txt_MessageVersion"), mv): Text '2.0C' is set on object 'Object Repository/RecAndPlayBk/Page-Vlink-AuthOnly/txt_MessageVersion'

2023-02-08 18:50:44 - [MESSAGE][PASSED] - Text '2.0C' is set on object 'Object Repository/RecAndPlayBk/Page-Vlink-AuthOnly/txt_MessageVersion'

2023-02-08 18:50:44 - [TEST_STEP][PASSED] - genRemID = RandomStringUtils.random(12, true, true): null

2023-02-08 18:50:44 - [TEST_STEP][PASSED] - setText(findTestObject("Object Repository/RecAndPlayBk/Page-Vlink-AuthOnly/input_Remittance Id_remittance_id"), genRemID): Text 'wm9goBdccj1Q' is set on object 'Object Repository/RecAndPlayBk/Page-Vlink-AuthOnly/input_Remittance Id_remittance_id'

2023-02-08 18:50:45 - [MESSAGE][PASSED] - Text 'wm9goBdccj1Q' is set on object 'Object Repository/RecAndPlayBk/Page-Vlink-AuthOnly/input_Remittance Id_remittance_id'

2023-02-08 18:50:45 - [TEST_STEP][PASSED] - setText(findTestObject("Object Repository/RecAndPlayBk/Page-Vlink-AuthOnly/input_Application Id_application_id"), appID): Text '234' is set on object 'Object Repository/RecAndPlayBk/Page-Vlink-AuthOnly/input_Application Id_application_id'

2023-02-08 18:50:46 - [MESSAGE][PASSED] - Text '234' is set on object 'Object Repository/RecAndPlayBk/Page-Vlink-AuthOnly/input_Application Id_application_id'

2023-02-08 18:50:46 - [TEST_STEP][PASSED] - setText(findTestObject("Object Repository/RecAndPlayBk/Page-Vlink-AuthOnly/input_Username_username"), username): Text 'username' is set on object 'Object Repository/RecAndPlayBk/Page-Vlink-AuthOnly/input_Username_username'

2023-02-08 18:50:46 - [MESSAGE][PASSED] - Text 'username' is set on object 'Object Repository/RecAndPlayBk/Page-Vlink-AuthOnly/input_Username_username'

2023-02-08 18:50:46 - [TEST_STEP][PASSED] - setText(findTestObject("Object Repository/RecAndPlayBk/Page-Vlink-AuthOnly/input_Password_password"), password): Text 'password' is set on object 'Object Repository/RecAndPlayBk/Page-Vlink-AuthOnly/input_Password_password'

2023-02-08 18:50:47 - [MESSAGE][PASSED] - Text 'password' is set on object 'Object Repository/RecAndPlayBk/Page-Vlink-AuthOnly/input_Password_password'

2023-02-08 18:50:47 - [TEST_STEP][PASSED] - setText(findTestObject("Object Repository/RecAndPlayBk/Page-Vlink-AuthOnly/txt_ResponseFormat"), resFormat): Text 'fixed_width' is set on object 'Object Repository/RecAndPlayBk/Page-Vlink-AuthOnly/txt_ResponseFormat'

2023-02-08 18:50:47 - [MESSAGE][PASSED] - Text 'fixed_width' is set on object 'Object Repository/RecAndPlayBk/Page-Vlink-AuthOnly/txt_ResponseFormat'

2023-02-08 18:50:47 - [TEST_STEP][PASSED] - setText(findTestObject("Object Repository/RecAndPlayBk/Page-Vlink-AuthOnly/input_Category_category"), category): Text 'ECOM' is set on object 'Object Repository/RecAndPlayBk/Page-Vlink-AuthOnly/input_Category_category'

2023-02-08 18:50:48 - [MESSAGE][PASSED] - Text 'ECOM' is set on object 'Object Repository/RecAndPlayBk/Page-Vlink-AuthOnly/input_Category_category'

2023-02-08 18:50:48 - [TEST_STEP][PASSED] - setText(findTestObject("Object Repository/RecAndPlayBk/Page-Vlink-AuthOnly/txt_CardName"), cardName): Text 'Kris Roshan' is set on object 'Object Repository/RecAndPlayBk/Page-Vlink-AuthOnly/txt_CardName'

2023-02-08 18:50:49 - [MESSAGE][PASSED] - Text 'Kris Roshan' is set on object 'Object Repository/RecAndPlayBk/Page-Vlink-AuthOnly/txt_CardName'

2023-02-08 18:50:49 - [TEST_STEP][PASSED] - setText(findTestObject("Object Repository/RecAndPlayBk/Page-Vlink-AuthOnly/txt_AL1"), al1): Text '258 Elm Road' is set on object 'Object Repository/RecAndPlayBk/Page-Vlink-AuthOnly/txt_AL1'

2023-02-08 18:50:49 - [MESSAGE][PASSED] - Text '258 Elm Road' is set on object 'Object Repository/RecAndPlayBk/Page-Vlink-AuthOnly/txt_AL1'

2023-02-08 18:50:49 - [TEST_STEP][PASSED] - setText(findTestObject("Object Repository/RecAndPlayBk/Page-Vlink-AuthOnly/txt_CardCity"), city): Text 'Arlington' is set on object 'Object Repository/RecAndPlayBk/Page-Vlink-AuthOnly/txt_CardCity'

2023-02-08 18:50:50 - [MESSAGE][PASSED] - Text 'Arlington' is set on object 'Object Repository/RecAndPlayBk/Page-Vlink-AuthOnly/txt_CardCity'

2023-02-08 18:50:50 - [TEST_STEP][PASSED] - setText(findTestObject("Object Repository/RecAndPlayBk/Page-Vlink-AuthOnly/txt_CardState"), state): Text 'VA' is set on object 'Object Repository/RecAndPlayBk/Page-Vlink-AuthOnly/txt_CardState'

2023-02-08 18:50:51 - [MESSAGE][PASSED] - Text 'VA' is set on object 'Object Repository/RecAndPlayBk/Page-Vlink-AuthOnly/txt_CardState'

2023-02-08 18:50:51 - [TEST_STEP][PASSED] - setText(findTestObject("Object Repository/RecAndPlayBk/Page-Vlink-AuthOnly/txt_CardZIP"), zip): Text '22201' is set on object 'Object Repository/RecAndPlayBk/Page-Vlink-AuthOnly/txt_CardZIP'

2023-02-08 18:50:51 - [MESSAGE][PASSED] - Text '22201' is set on object 'Object Repository/RecAndPlayBk/Page-Vlink-AuthOnly/txt_CardZIP'

2023-02-08 18:50:51 - [TEST_STEP][PASSED] - setText(findTestObject("Object Repository/RecAndPlayBk/Page-Vlink-AuthOnly/input_Amount_amount"), amount): Text '1.50' is set on object 'Object Repository/RecAndPlayBk/Page-Vlink-AuthOnly/input_Amount_amount'

2023-02-08 18:50:52 - [MESSAGE][PASSED] - Text '1.50' is set on object 'Object Repository/RecAndPlayBk/Page-Vlink-AuthOnly/input_Amount_amount'

2023-02-08 18:50:52 - [TEST_STEP][PASSED] - setText(findTestObject("Object Repository/RecAndPlayBk/Page-Vlink-AuthOnly/input_Card number_card_number"), cardNumber): Text '4111111111111111' is set on object 'Object Repository/RecAndPlayBk/Page-Vlink-AuthOnly/input_Card number_card_number'

2023-02-08 18:50:52 - [MESSAGE][PASSED] - Text '4111111111111111' is set on object 'Object Repository/RecAndPlayBk/Page-Vlink-AuthOnly/input_Card number_card_number'

2023-02-08 18:50:52 - [TEST_STEP][PASSED] - setText(findTestObject("Object Repository/RecAndPlayBk/Page-Vlink-AuthOnly/input_Card ex month_card_exmo"), exM): Text '12' is set on object 'Object Repository/RecAndPlayBk/Page-Vlink-AuthOnly/input_Card ex month_card_exmo'

2023-02-08 18:50:53 - [MESSAGE][PASSED] - Text '12' is set on object 'Object Repository/RecAndPlayBk/Page-Vlink-AuthOnly/input_Card ex month_card_exmo'

2023-02-08 18:50:53 - [TEST_STEP][PASSED] - setText(findTestObject("Object Repository/RecAndPlayBk/Page-Vlink-AuthOnly/input_Card ex year_card_exyr"), exY): Text '2025' is set on object 'Object Repository/RecAndPlayBk/Page-Vlink-AuthOnly/input_Card ex year_card_exyr'

2023-02-08 18:50:54 - [MESSAGE][PASSED] - Text '2025' is set on object 'Object Repository/RecAndPlayBk/Page-Vlink-AuthOnly/input_Card ex year_card_exyr'

2023-02-08 18:50:54 - [TEST_STEP][PASSED] - setText(findTestObject("Object Repository/RecAndPlayBk/Page-Vlink-AuthOnly/input_Track Data_track_data"), ""): Text '' is set on object 'Object Repository/RecAndPlayBk/Page-Vlink-AuthOnly/input_Track Data_track_data'

2023-02-08 18:50:54 - [MESSAGE][PASSED] - Text '' is set on object 'Object Repository/RecAndPlayBk/Page-Vlink-AuthOnly/input_Track Data_track_data'

2023-02-08 18:50:54 - [TEST_STEP][PASSED] - setText(findTestObject("Object Repository/RecAndPlayBk/Page-Vlink-AuthOnly/input_concat(Cardholder, , s email)_email"), ""): Text '' is set on object 'Object Repository/RecAndPlayBk/Page-Vlink-AuthOnly/input_concat(Cardholder, , s email)_email'

2023-02-08 18:50:55 - [MESSAGE][PASSED] - Text '' is set on object 'Object Repository/RecAndPlayBk/Page-Vlink-AuthOnly/input_concat(Cardholder, , s email)_email'

2023-02-08 18:50:55 - [TEST_STEP][PASSED] - click(findTestObject("Object Repository/RecAndPlayBk/Page-Vlink-AuthOnly/input_user_defined10_user_defined10")): Object: 'Object Repository/RecAndPlayBk/Page-Vlink-AuthOnly/input_user_defined10_user_defined10' is clicked on

2023-02-08 18:50:55 - [MESSAGE][PASSED] - Object: 'Object Repository/RecAndPlayBk/Page-Vlink-AuthOnly/input_user_defined10_user_defined10' is clicked on

2023-02-08 18:50:55 - [TEST_STEP][PASSED] - setText(findTestObject("Object Repository/RecAndPlayBk/Page-Vlink-AuthOnly/input_Card on File Indicator_card_on_file_i_157dae"), ""): Text '' is set on object 'Object Repository/RecAndPlayBk/Page-Vlink-AuthOnly/input_Card on File Indicator_card_on_file_i_157dae'

2023-02-08 18:50:56 - [MESSAGE][PASSED] - Text '' is set on object 'Object Repository/RecAndPlayBk/Page-Vlink-AuthOnly/input_Card on File Indicator_card_on_file_i_157dae'

2023-02-08 18:50:56 - [TEST_STEP][PASSED] - setText(findTestObject("Object Repository/RecAndPlayBk/Page-Vlink-AuthOnly/input_Stored Credential Indicator_stored_cr_4ae73c"), ""): Text '' is set on object 'Object Repository/RecAndPlayBk/Page-Vlink-AuthOnly/input_Stored Credential Indicator_stored_cr_4ae73c'

2023-02-08 18:50:57 - [MESSAGE][PASSED] - Text '' is set on object 'Object Repository/RecAndPlayBk/Page-Vlink-AuthOnly/input_Stored Credential Indicator_stored_cr_4ae73c'

2023-02-08 18:50:57 - [TEST_STEP][PASSED] - setText(findTestObject("Object Repository/RecAndPlayBk/Page-Vlink-AuthOnly/input_COF Scheduled indicator_cof_scheduled_8df7d8"), ""): Text '' is set on object 'Object Repository/RecAndPlayBk/Page-Vlink-AuthOnly/input_COF Scheduled indicator_cof_scheduled_8df7d8'

2023-02-08 18:50:57 - [MESSAGE][PASSED] - Text '' is set on object 'Object Repository/RecAndPlayBk/Page-Vlink-AuthOnly/input_COF Scheduled indicator_cof_scheduled_8df7d8'

2023-02-08 18:50:57 - [TEST_STEP][PASSED] - setText(findTestObject("Object Repository/RecAndPlayBk/Page-Vlink-AuthOnly/input_COF Transaction Initiated by_cof_tran_6cded5"), ""): Text '' is set on object 'Object Repository/RecAndPlayBk/Page-Vlink-AuthOnly/input_COF Transaction Initiated by_cof_tran_6cded5'

2023-02-08 18:50:58 - [MESSAGE][PASSED] - Text '' is set on object 'Object Repository/RecAndPlayBk/Page-Vlink-AuthOnly/input_COF Transaction Initiated by_cof_tran_6cded5'

2023-02-08 18:50:58 - [TEST_STEP][PASSED] - click(findTestObject("Object Repository/RecAndPlayBk/Page-Vlink-AuthOnly/input")): Object: 'Object Repository/RecAndPlayBk/Page-Vlink-AuthOnly/input' is clicked on

2023-02-08 18:50:59 - [MESSAGE][PASSED] - Object: 'Object Repository/RecAndPlayBk/Page-Vlink-AuthOnly/input' is clicked on

2023-02-08 18:50:59 - [TEST_STEP][PASSED] - if (verifyTextPresent(errorMsg, true)): null

2023-02-08 18:50:59 - [MESSAGE][PASSED] - Text 'Missing parameter: transaction_type' is present on page  using regular expression

2023-02-08 18:50:59 - [TEST_STEP][PASSED] - println("Error Message is present on the Confirmation page"): null

2023-02-08 18:50:59 - [TEST_STEP][PASSED] - out.println("Pass Record Number: " + row): null

2023-02-08 18:50:59 - [TEST_STEP][PASSED] - resText = "Pass": null

2023-02-08 18:50:59 - [TEST_STEP][PASSED] - pages.WriteExcel.demoKey(resText, datText, resColumn, datCloumn, fileLoc, nameSheet, row): pages.WriteExcel.demoKey is PASSED

2023-02-08 18:50:59 - [MESSAGE][PASSED] - pages.WriteExcel.demoKey is PASSED

2023-02-08 18:50:59 - [TEST_STEP][PASSED] - ExecuteTC = findTestData(dataFile).getValue("Execute", row): null

2023-02-08 18:50:59 - [TEST_STEP][PASSED] - out.println("Value of Execute is : " + ExecuteTC): null

2023-02-08 18:50:59 - [TEST_STEP][PASSED] - if (ExecuteTC.equalsIgnoreCase("Y")): null

2023-02-08 18:50:59 - [TEST_STEP][PASSED] - out.println("Begin Record Number: " + row): null

2023-02-08 18:50:59 - [TEST_STEP][PASSED] - today = new java.util.Date(): null

2023-02-08 18:50:59 - [TEST_STEP][PASSED] - println(today): null

2023-02-08 18:50:59 - [TEST_STEP][PASSED] - datText = today: null

2023-02-08 18:50:59 - [TEST_STEP][PASSED] - errorMsg = findTestData(dataFile).getValue("ErrorMsg", row): null

2023-02-08 18:50:59 - [TEST_STEP][PASSED] - appID = findTestData(dataFile).getValue("AppID", row): null

2023-02-08 18:50:59 - [TEST_STEP][PASSED] - username = findTestData(dataFile).getValue("Username", row): null

2023-02-08 18:50:59 - [TEST_STEP][PASSED] - password = findTestData(dataFile).getValue("Password", row): null

2023-02-08 18:50:59 - [TEST_STEP][PASSED] - tranType = findTestData(dataFile).getValue("TranType", row): null

2023-02-08 18:50:59 - [TEST_STEP][PASSED] - mv = findTestData(dataFile).getValue("MV", row): null

2023-02-08 18:50:59 - [TEST_STEP][PASSED] - resFormat = findTestData(dataFile).getValue("ResFormat", row): null

2023-02-08 18:51:00 - [TEST_STEP][PASSED] - category = findTestData(dataFile).getValue("Category", row): null

2023-02-08 18:51:00 - [TEST_STEP][PASSED] - amount = findTestData(dataFile).getValue("Amount", row): null

2023-02-08 18:51:00 - [TEST_STEP][PASSED] - cardName = findTestData(dataFile).getValue("CardName", row): null

2023-02-08 18:51:00 - [TEST_STEP][PASSED] - al1 = findTestData(dataFile).getValue("AL1", row): null

2023-02-08 18:51:00 - [TEST_STEP][PASSED] - city = findTestData(dataFile).getValue("City", row): null

2023-02-08 18:51:00 - [TEST_STEP][PASSED] - state = findTestData(dataFile).getValue("State", row): null

2023-02-08 18:51:00 - [TEST_STEP][PASSED] - zip = findTestData(dataFile).getValue("ZIP", row): null

2023-02-08 18:51:00 - [TEST_STEP][PASSED] - cardNumber = findTestData(dataFile).getValue("CardNumber", row): null

2023-02-08 18:51:00 - [TEST_STEP][PASSED] - exM = findTestData(dataFile).getValue("ExM", row): null

2023-02-08 18:51:00 - [TEST_STEP][PASSED] - exY = findTestData(dataFile).getValue("ExY", row): null

2023-02-08 18:51:00 - [TEST_STEP][PASSED] - openBrowser(VLinkURL + "auth.html"): Browser is opened with url: 'https://dev-algorithm.govolution.com/vlinktest/QA/version_2_0/auth.html'

2023-02-08 18:51:00 - [MESSAGE][WARNING] - A browser is already opened. Closing browser and opening a new one

2023-02-08 18:51:01 - [MESSAGE][INFO] - Starting 'Chrome' driver

2023-02-08 18:51:01 - [MESSAGE][INFO] - User set preference: ['acceptInsecureCerts', 'true']

2023-02-08 18:51:01 - [MESSAGE][INFO] - Action delay is set to 0 milliseconds

2023-02-08 18:51:03 - [MESSAGE][PASSED] - Browser is opened with url: 'https://dev-algorithm.govolution.com/vlinktest/QA/version_2_0/auth.html'

2023-02-08 18:51:03 - [TEST_STEP][PASSED] - maximizeWindow(): Current window maximized

2023-02-08 18:51:03 - [MESSAGE][PASSED] - Current window maximized

2023-02-08 18:51:03 - [TEST_STEP][PASSED] - maximizeWindow(): Current window maximized

2023-02-08 18:51:03 - [MESSAGE][PASSED] - Current window maximized

2023-02-08 18:51:03 - [TEST_STEP][PASSED] - setText(findTestObject("Object Repository/RecAndPlayBk/Page-Vlink-AuthOnly/txt_TransactionType"), tranType): Text '' is set on object 'Object Repository/RecAndPlayBk/Page-Vlink-AuthOnly/txt_TransactionType'

2023-02-08 18:51:04 - [MESSAGE][PASSED] - Text '' is set on object 'Object Repository/RecAndPlayBk/Page-Vlink-AuthOnly/txt_TransactionType'

2023-02-08 18:51:04 - [TEST_STEP][PASSED] - setText(findTestObject("Object Repository/RecAndPlayBk/Page-Vlink-AuthOnly/txt_MessageVersion"), mv): Text '2.0C' is set on object 'Object Repository/RecAndPlayBk/Page-Vlink-AuthOnly/txt_MessageVersion'

2023-02-08 18:51:05 - [MESSAGE][PASSED] - Text '2.0C' is set on object 'Object Repository/RecAndPlayBk/Page-Vlink-AuthOnly/txt_MessageVersion'

2023-02-08 18:51:05 - [TEST_STEP][PASSED] - genRemID = RandomStringUtils.random(12, true, true): null

2023-02-08 18:51:05 - [TEST_STEP][PASSED] - setText(findTestObject("Object Repository/RecAndPlayBk/Page-Vlink-AuthOnly/input_Remittance Id_remittance_id"), genRemID): Text 'hhobgyYOFhXV' is set on object 'Object Repository/RecAndPlayBk/Page-Vlink-AuthOnly/input_Remittance Id_remittance_id'

2023-02-08 18:51:05 - [MESSAGE][PASSED] - Text 'hhobgyYOFhXV' is set on object 'Object Repository/RecAndPlayBk/Page-Vlink-AuthOnly/input_Remittance Id_remittance_id'

2023-02-08 18:51:05 - [TEST_STEP][PASSED] - setText(findTestObject("Object Repository/RecAndPlayBk/Page-Vlink-AuthOnly/input_Application Id_application_id"), appID): Text '234' is set on object 'Object Repository/RecAndPlayBk/Page-Vlink-AuthOnly/input_Application Id_application_id'

2023-02-08 18:51:06 - [MESSAGE][PASSED] - Text '234' is set on object 'Object Repository/RecAndPlayBk/Page-Vlink-AuthOnly/input_Application Id_application_id'

2023-02-08 18:51:06 - [TEST_STEP][PASSED] - setText(findTestObject("Object Repository/RecAndPlayBk/Page-Vlink-AuthOnly/input_Username_username"), username): Text 'username' is set on object 'Object Repository/RecAndPlayBk/Page-Vlink-AuthOnly/input_Username_username'

2023-02-08 18:51:06 - [MESSAGE][PASSED] - Text 'username' is set on object 'Object Repository/RecAndPlayBk/Page-Vlink-AuthOnly/input_Username_username'

2023-02-08 18:51:06 - [TEST_STEP][PASSED] - setText(findTestObject("Object Repository/RecAndPlayBk/Page-Vlink-AuthOnly/input_Password_password"), password): Text 'password' is set on object 'Object Repository/RecAndPlayBk/Page-Vlink-AuthOnly/input_Password_password'

2023-02-08 18:51:07 - [MESSAGE][PASSED] - Text 'password' is set on object 'Object Repository/RecAndPlayBk/Page-Vlink-AuthOnly/input_Password_password'

2023-02-08 18:51:07 - [TEST_STEP][PASSED] - setText(findTestObject("Object Repository/RecAndPlayBk/Page-Vlink-AuthOnly/txt_ResponseFormat"), resFormat): Text 'fixed_width' is set on object 'Object Repository/RecAndPlayBk/Page-Vlink-AuthOnly/txt_ResponseFormat'

2023-02-08 18:51:08 - [MESSAGE][PASSED] - Text 'fixed_width' is set on object 'Object Repository/RecAndPlayBk/Page-Vlink-AuthOnly/txt_ResponseFormat'

2023-02-08 18:51:08 - [TEST_STEP][PASSED] - setText(findTestObject("Object Repository/RecAndPlayBk/Page-Vlink-AuthOnly/input_Category_category"), category): Text 'MOTO' is set on object 'Object Repository/RecAndPlayBk/Page-Vlink-AuthOnly/input_Category_category'

2023-02-08 18:51:08 - [MESSAGE][PASSED] - Text 'MOTO' is set on object 'Object Repository/RecAndPlayBk/Page-Vlink-AuthOnly/input_Category_category'

2023-02-08 18:51:08 - [TEST_STEP][PASSED] - setText(findTestObject("Object Repository/RecAndPlayBk/Page-Vlink-AuthOnly/txt_CardName"), cardName): Text 'Kris Roshan' is set on object 'Object Repository/RecAndPlayBk/Page-Vlink-AuthOnly/txt_CardName'

2023-02-08 18:51:09 - [MESSAGE][PASSED] - Text 'Kris Roshan' is set on object 'Object Repository/RecAndPlayBk/Page-Vlink-AuthOnly/txt_CardName'

2023-02-08 18:51:09 - [TEST_STEP][PASSED] - setText(findTestObject("Object Repository/RecAndPlayBk/Page-Vlink-AuthOnly/txt_AL1"), al1): Text '258 Elm Road' is set on object 'Object Repository/RecAndPlayBk/Page-Vlink-AuthOnly/txt_AL1'

2023-02-08 18:51:10 - [MESSAGE][PASSED] - Text '258 Elm Road' is set on object 'Object Repository/RecAndPlayBk/Page-Vlink-AuthOnly/txt_AL1'

2023-02-08 18:51:10 - [TEST_STEP][PASSED] - setText(findTestObject("Object Repository/RecAndPlayBk/Page-Vlink-AuthOnly/txt_CardCity"), city): Text 'Arlington' is set on object 'Object Repository/RecAndPlayBk/Page-Vlink-AuthOnly/txt_CardCity'

2023-02-08 18:51:10 - [MESSAGE][PASSED] - Text 'Arlington' is set on object 'Object Repository/RecAndPlayBk/Page-Vlink-AuthOnly/txt_CardCity'

2023-02-08 18:51:10 - [TEST_STEP][PASSED] - setText(findTestObject("Object Repository/RecAndPlayBk/Page-Vlink-AuthOnly/txt_CardState"), state): Text 'VA' is set on object 'Object Repository/RecAndPlayBk/Page-Vlink-AuthOnly/txt_CardState'

2023-02-08 18:51:11 - [MESSAGE][PASSED] - Text 'VA' is set on object 'Object Repository/RecAndPlayBk/Page-Vlink-AuthOnly/txt_CardState'

2023-02-08 18:51:11 - [TEST_STEP][PASSED] - setText(findTestObject("Object Repository/RecAndPlayBk/Page-Vlink-AuthOnly/txt_CardZIP"), zip): Text '22201' is set on object 'Object Repository/RecAndPlayBk/Page-Vlink-AuthOnly/txt_CardZIP'

2023-02-08 18:51:12 - [MESSAGE][PASSED] - Text '22201' is set on object 'Object Repository/RecAndPlayBk/Page-Vlink-AuthOnly/txt_CardZIP'

2023-02-08 18:51:12 - [TEST_STEP][PASSED] - setText(findTestObject("Object Repository/RecAndPlayBk/Page-Vlink-AuthOnly/input_Amount_amount"), amount): Text '1.50' is set on object 'Object Repository/RecAndPlayBk/Page-Vlink-AuthOnly/input_Amount_amount'

2023-02-08 18:51:12 - [MESSAGE][PASSED] - Text '1.50' is set on object 'Object Repository/RecAndPlayBk/Page-Vlink-AuthOnly/input_Amount_amount'

2023-02-08 18:51:12 - [TEST_STEP][PASSED] - setText(findTestObject("Object Repository/RecAndPlayBk/Page-Vlink-AuthOnly/input_Card number_card_number"), cardNumber): Text '4111111111111111' is set on object 'Object Repository/RecAndPlayBk/Page-Vlink-AuthOnly/input_Card number_card_number'

2023-02-08 18:51:13 - [MESSAGE][PASSED] - Text '4111111111111111' is set on object 'Object Repository/RecAndPlayBk/Page-Vlink-AuthOnly/input_Card number_card_number'

2023-02-08 18:51:13 - [TEST_STEP][PASSED] - setText(findTestObject("Object Repository/RecAndPlayBk/Page-Vlink-AuthOnly/input_Card ex month_card_exmo"), exM): Text '12' is set on object 'Object Repository/RecAndPlayBk/Page-Vlink-AuthOnly/input_Card ex month_card_exmo'

2023-02-08 18:51:13 - [MESSAGE][PASSED] - Text '12' is set on object 'Object Repository/RecAndPlayBk/Page-Vlink-AuthOnly/input_Card ex month_card_exmo'

2023-02-08 18:51:13 - [TEST_STEP][PASSED] - setText(findTestObject("Object Repository/RecAndPlayBk/Page-Vlink-AuthOnly/input_Card ex year_card_exyr"), exY): Text '2025' is set on object 'Object Repository/RecAndPlayBk/Page-Vlink-AuthOnly/input_Card ex year_card_exyr'

2023-02-08 18:51:14 - [MESSAGE][PASSED] - Text '2025' is set on object 'Object Repository/RecAndPlayBk/Page-Vlink-AuthOnly/input_Card ex year_card_exyr'

2023-02-08 18:51:14 - [TEST_STEP][PASSED] - setText(findTestObject("Object Repository/RecAndPlayBk/Page-Vlink-AuthOnly/input_Track Data_track_data"), ""): Text '' is set on object 'Object Repository/RecAndPlayBk/Page-Vlink-AuthOnly/input_Track Data_track_data'

2023-02-08 18:51:15 - [MESSAGE][PASSED] - Text '' is set on object 'Object Repository/RecAndPlayBk/Page-Vlink-AuthOnly/input_Track Data_track_data'

2023-02-08 18:51:15 - [TEST_STEP][PASSED] - setText(findTestObject("Object Repository/RecAndPlayBk/Page-Vlink-AuthOnly/input_concat(Cardholder, , s email)_email"), ""): Text '' is set on object 'Object Repository/RecAndPlayBk/Page-Vlink-AuthOnly/input_concat(Cardholder, , s email)_email'

2023-02-08 18:51:15 - [MESSAGE][PASSED] - Text '' is set on object 'Object Repository/RecAndPlayBk/Page-Vlink-AuthOnly/input_concat(Cardholder, , s email)_email'

2023-02-08 18:51:15 - [TEST_STEP][PASSED] - click(findTestObject("Object Repository/RecAndPlayBk/Page-Vlink-AuthOnly/input_user_defined10_user_defined10")): Object: 'Object Repository/RecAndPlayBk/Page-Vlink-AuthOnly/input_user_defined10_user_defined10' is clicked on

2023-02-08 18:51:16 - [MESSAGE][PASSED] - Object: 'Object Repository/RecAndPlayBk/Page-Vlink-AuthOnly/input_user_defined10_user_defined10' is clicked on

2023-02-08 18:51:16 - [TEST_STEP][PASSED] - setText(findTestObject("Object Repository/RecAndPlayBk/Page-Vlink-AuthOnly/input_Card on File Indicator_card_on_file_i_157dae"), ""): Text '' is set on object 'Object Repository/RecAndPlayBk/Page-Vlink-AuthOnly/input_Card on File Indicator_card_on_file_i_157dae'

2023-02-08 18:51:16 - [MESSAGE][PASSED] - Text '' is set on object 'Object Repository/RecAndPlayBk/Page-Vlink-AuthOnly/input_Card on File Indicator_card_on_file_i_157dae'

2023-02-08 18:51:16 - [TEST_STEP][PASSED] - setText(findTestObject("Object Repository/RecAndPlayBk/Page-Vlink-AuthOnly/input_Stored Credential Indicator_stored_cr_4ae73c"), ""): Text '' is set on object 'Object Repository/RecAndPlayBk/Page-Vlink-AuthOnly/input_Stored Credential Indicator_stored_cr_4ae73c'

2023-02-08 18:51:17 - [MESSAGE][PASSED] - Text '' is set on object 'Object Repository/RecAndPlayBk/Page-Vlink-AuthOnly/input_Stored Credential Indicator_stored_cr_4ae73c'

2023-02-08 18:51:17 - [TEST_STEP][PASSED] - setText(findTestObject("Object Repository/RecAndPlayBk/Page-Vlink-AuthOnly/input_COF Scheduled indicator_cof_scheduled_8df7d8"), ""): Text '' is set on object 'Object Repository/RecAndPlayBk/Page-Vlink-AuthOnly/input_COF Scheduled indicator_cof_scheduled_8df7d8'

2023-02-08 18:51:18 - [MESSAGE][PASSED] - Text '' is set on object 'Object Repository/RecAndPlayBk/Page-Vlink-AuthOnly/input_COF Scheduled indicator_cof_scheduled_8df7d8'

2023-02-08 18:51:18 - [TEST_STEP][PASSED] - setText(findTestObject("Object Repository/RecAndPlayBk/Page-Vlink-AuthOnly/input_COF Transaction Initiated by_cof_tran_6cded5"), ""): Text '' is set on object 'Object Repository/RecAndPlayBk/Page-Vlink-AuthOnly/input_COF Transaction Initiated by_cof_tran_6cded5'

2023-02-08 18:51:18 - [MESSAGE][PASSED] - Text '' is set on object 'Object Repository/RecAndPlayBk/Page-Vlink-AuthOnly/input_COF Transaction Initiated by_cof_tran_6cded5'

2023-02-08 18:51:18 - [TEST_STEP][PASSED] - click(findTestObject("Object Repository/RecAndPlayBk/Page-Vlink-AuthOnly/input")): Object: 'Object Repository/RecAndPlayBk/Page-Vlink-AuthOnly/input' is clicked on

2023-02-08 18:51:19 - [MESSAGE][PASSED] - Object: 'Object Repository/RecAndPlayBk/Page-Vlink-AuthOnly/input' is clicked on

2023-02-08 18:51:19 - [TEST_STEP][PASSED] - if (verifyTextPresent(errorMsg, true)): null

2023-02-08 18:51:19 - [MESSAGE][PASSED] - Text 'Missing parameter: transaction_type' is present on page  using regular expression

2023-02-08 18:51:19 - [TEST_STEP][PASSED] - println("Error Message is present on the Confirmation page"): null

2023-02-08 18:51:19 - [TEST_STEP][PASSED] - out.println("Pass Record Number: " + row): null

2023-02-08 18:51:19 - [TEST_STEP][PASSED] - resText = "Pass": null

2023-02-08 18:51:19 - [TEST_STEP][PASSED] - pages.WriteExcel.demoKey(resText, datText, resColumn, datCloumn, fileLoc, nameSheet, row): pages.WriteExcel.demoKey is PASSED

2023-02-08 18:51:19 - [MESSAGE][PASSED] - pages.WriteExcel.demoKey is PASSED

2023-02-08 18:51:19 - [TEST_STEP][PASSED] - ExecuteTC = findTestData(dataFile).getValue("Execute", row): null

2023-02-08 18:51:19 - [TEST_STEP][PASSED] - out.println("Value of Execute is : " + ExecuteTC): null

2023-02-08 18:51:19 - [TEST_STEP][PASSED] - if (ExecuteTC.equalsIgnoreCase("Y")): null

2023-02-08 18:51:19 - [TEST_STEP][PASSED] - out.println("Begin Record Number: " + row): null

2023-02-08 18:51:19 - [TEST_STEP][PASSED] - today = new java.util.Date(): null

2023-02-08 18:51:19 - [TEST_STEP][PASSED] - println(today): null

2023-02-08 18:51:19 - [TEST_STEP][PASSED] - datText = today: null

2023-02-08 18:51:19 - [TEST_STEP][PASSED] - errorMsg = findTestData(dataFile).getValue("ErrorMsg", row): null

2023-02-08 18:51:19 - [TEST_STEP][PASSED] - appID = findTestData(dataFile).getValue("AppID", row): null

2023-02-08 18:51:20 - [TEST_STEP][PASSED] - username = findTestData(dataFile).getValue("Username", row): null

2023-02-08 18:51:20 - [TEST_STEP][PASSED] - password = findTestData(dataFile).getValue("Password", row): null

2023-02-08 18:51:20 - [TEST_STEP][PASSED] - tranType = findTestData(dataFile).getValue("TranType", row): null

2023-02-08 18:51:20 - [TEST_STEP][PASSED] - mv = findTestData(dataFile).getValue("MV", row): null

2023-02-08 18:51:20 - [TEST_STEP][PASSED] - resFormat = findTestData(dataFile).getValue("ResFormat", row): null

2023-02-08 18:51:20 - [TEST_STEP][PASSED] - category = findTestData(dataFile).getValue("Category", row): null

2023-02-08 18:51:20 - [TEST_STEP][PASSED] - amount = findTestData(dataFile).getValue("Amount", row): null

2023-02-08 18:51:20 - [TEST_STEP][PASSED] - cardName = findTestData(dataFile).getValue("CardName", row): null

2023-02-08 18:51:20 - [TEST_STEP][PASSED] - al1 = findTestData(dataFile).getValue("AL1", row): null

2023-02-08 18:51:20 - [TEST_STEP][PASSED] - city = findTestData(dataFile).getValue("City", row): null

2023-02-08 18:51:20 - [TEST_STEP][PASSED] - state = findTestData(dataFile).getValue("State", row): null

2023-02-08 18:51:20 - [TEST_STEP][PASSED] - zip = findTestData(dataFile).getValue("ZIP", row): null

2023-02-08 18:51:20 - [TEST_STEP][PASSED] - cardNumber = findTestData(dataFile).getValue("CardNumber", row): null

2023-02-08 18:51:21 - [TEST_STEP][PASSED] - exM = findTestData(dataFile).getValue("ExM", row): null

2023-02-08 18:51:21 - [TEST_STEP][PASSED] - exY = findTestData(dataFile).getValue("ExY", row): null

2023-02-08 18:51:21 - [TEST_STEP][PASSED] - openBrowser(VLinkURL + "auth.html"): Browser is opened with url: 'https://dev-algorithm.govolution.com/vlinktest/QA/version_2_0/auth.html'

2023-02-08 18:51:21 - [MESSAGE][WARNING] - A browser is already opened. Closing browser and opening a new one

2023-02-08 18:51:22 - [MESSAGE][INFO] - Starting 'Chrome' driver

2023-02-08 18:51:22 - [MESSAGE][INFO] - User set preference: ['acceptInsecureCerts', 'true']

2023-02-08 18:51:22 - [MESSAGE][INFO] - Action delay is set to 0 milliseconds

2023-02-08 18:51:23 - [MESSAGE][PASSED] - Browser is opened with url: 'https://dev-algorithm.govolution.com/vlinktest/QA/version_2_0/auth.html'

2023-02-08 18:51:23 - [TEST_STEP][PASSED] - maximizeWindow(): Current window maximized

2023-02-08 18:51:24 - [MESSAGE][PASSED] - Current window maximized

2023-02-08 18:51:24 - [TEST_STEP][PASSED] - maximizeWindow(): Current window maximized

2023-02-08 18:51:24 - [MESSAGE][PASSED] - Current window maximized

2023-02-08 18:51:24 - [TEST_STEP][PASSED] - setText(findTestObject("Object Repository/RecAndPlayBk/Page-Vlink-AuthOnly/txt_TransactionType"), tranType): Text '' is set on object 'Object Repository/RecAndPlayBk/Page-Vlink-AuthOnly/txt_TransactionType'

2023-02-08 18:51:24 - [MESSAGE][PASSED] - Text '' is set on object 'Object Repository/RecAndPlayBk/Page-Vlink-AuthOnly/txt_TransactionType'

2023-02-08 18:51:24 - [TEST_STEP][PASSED] - setText(findTestObject("Object Repository/RecAndPlayBk/Page-Vlink-AuthOnly/txt_MessageVersion"), mv): Text '2.0C' is set on object 'Object Repository/RecAndPlayBk/Page-Vlink-AuthOnly/txt_MessageVersion'

2023-02-08 18:51:25 - [MESSAGE][PASSED] - Text '2.0C' is set on object 'Object Repository/RecAndPlayBk/Page-Vlink-AuthOnly/txt_MessageVersion'

2023-02-08 18:51:25 - [TEST_STEP][PASSED] - genRemID = RandomStringUtils.random(12, true, true): null

2023-02-08 18:51:25 - [TEST_STEP][PASSED] - setText(findTestObject("Object Repository/RecAndPlayBk/Page-Vlink-AuthOnly/input_Remittance Id_remittance_id"), genRemID): Text 'Gn5f5Mt9CBAV' is set on object 'Object Repository/RecAndPlayBk/Page-Vlink-AuthOnly/input_Remittance Id_remittance_id'

2023-02-08 18:51:26 - [MESSAGE][PASSED] - Text 'Gn5f5Mt9CBAV' is set on object 'Object Repository/RecAndPlayBk/Page-Vlink-AuthOnly/input_Remittance Id_remittance_id'

2023-02-08 18:51:26 - [TEST_STEP][PASSED] - setText(findTestObject("Object Repository/RecAndPlayBk/Page-Vlink-AuthOnly/input_Application Id_application_id"), appID): Text '234' is set on object 'Object Repository/RecAndPlayBk/Page-Vlink-AuthOnly/input_Application Id_application_id'

2023-02-08 18:51:26 - [MESSAGE][PASSED] - Text '234' is set on object 'Object Repository/RecAndPlayBk/Page-Vlink-AuthOnly/input_Application Id_application_id'

2023-02-08 18:51:26 - [TEST_STEP][PASSED] - setText(findTestObject("Object Repository/RecAndPlayBk/Page-Vlink-AuthOnly/input_Username_username"), username): Text 'username' is set on object 'Object Repository/RecAndPlayBk/Page-Vlink-AuthOnly/input_Username_username'

2023-02-08 18:51:27 - [MESSAGE][PASSED] - Text 'username' is set on object 'Object Repository/RecAndPlayBk/Page-Vlink-AuthOnly/input_Username_username'

2023-02-08 18:51:27 - [TEST_STEP][PASSED] - setText(findTestObject("Object Repository/RecAndPlayBk/Page-Vlink-AuthOnly/input_Password_password"), password): Text 'password' is set on object 'Object Repository/RecAndPlayBk/Page-Vlink-AuthOnly/input_Password_password'

2023-02-08 18:51:27 - [MESSAGE][PASSED] - Text 'password' is set on object 'Object Repository/RecAndPlayBk/Page-Vlink-AuthOnly/input_Password_password'

2023-02-08 18:51:27 - [TEST_STEP][PASSED] - setText(findTestObject("Object Repository/RecAndPlayBk/Page-Vlink-AuthOnly/txt_ResponseFormat"), resFormat): Text 'fixed_width' is set on object 'Object Repository/RecAndPlayBk/Page-Vlink-AuthOnly/txt_ResponseFormat'

2023-02-08 18:51:28 - [MESSAGE][PASSED] - Text 'fixed_width' is set on object 'Object Repository/RecAndPlayBk/Page-Vlink-AuthOnly/txt_ResponseFormat'

2023-02-08 18:51:28 - [TEST_STEP][PASSED] - setText(findTestObject("Object Repository/RecAndPlayBk/Page-Vlink-AuthOnly/input_Category_category"), category): Text 'RETL' is set on object 'Object Repository/RecAndPlayBk/Page-Vlink-AuthOnly/input_Category_category'

2023-02-08 18:51:29 - [MESSAGE][PASSED] - Text 'RETL' is set on object 'Object Repository/RecAndPlayBk/Page-Vlink-AuthOnly/input_Category_category'

2023-02-08 18:51:29 - [TEST_STEP][PASSED] - setText(findTestObject("Object Repository/RecAndPlayBk/Page-Vlink-AuthOnly/txt_CardName"), cardName): Text 'Kris Roshan' is set on object 'Object Repository/RecAndPlayBk/Page-Vlink-AuthOnly/txt_CardName'

2023-02-08 18:51:29 - [MESSAGE][PASSED] - Text 'Kris Roshan' is set on object 'Object Repository/RecAndPlayBk/Page-Vlink-AuthOnly/txt_CardName'

2023-02-08 18:51:29 - [TEST_STEP][PASSED] - setText(findTestObject("Object Repository/RecAndPlayBk/Page-Vlink-AuthOnly/txt_AL1"), al1): Text '258 Elm Road' is set on object 'Object Repository/RecAndPlayBk/Page-Vlink-AuthOnly/txt_AL1'

2023-02-08 18:51:30 - [MESSAGE][PASSED] - Text '258 Elm Road' is set on object 'Object Repository/RecAndPlayBk/Page-Vlink-AuthOnly/txt_AL1'

2023-02-08 18:51:30 - [TEST_STEP][PASSED] - setText(findTestObject("Object Repository/RecAndPlayBk/Page-Vlink-AuthOnly/txt_CardCity"), city): Text 'Arlington' is set on object 'Object Repository/RecAndPlayBk/Page-Vlink-AuthOnly/txt_CardCity'

2023-02-08 18:51:31 - [MESSAGE][PASSED] - Text 'Arlington' is set on object 'Object Repository/RecAndPlayBk/Page-Vlink-AuthOnly/txt_CardCity'

2023-02-08 18:51:31 - [TEST_STEP][PASSED] - setText(findTestObject("Object Repository/RecAndPlayBk/Page-Vlink-AuthOnly/txt_CardState"), state): Text 'VA' is set on object 'Object Repository/RecAndPlayBk/Page-Vlink-AuthOnly/txt_CardState'

2023-02-08 18:51:31 - [MESSAGE][PASSED] - Text 'VA' is set on object 'Object Repository/RecAndPlayBk/Page-Vlink-AuthOnly/txt_CardState'

2023-02-08 18:51:31 - [TEST_STEP][PASSED] - setText(findTestObject("Object Repository/RecAndPlayBk/Page-Vlink-AuthOnly/txt_CardZIP"), zip): Text '22201' is set on object 'Object Repository/RecAndPlayBk/Page-Vlink-AuthOnly/txt_CardZIP'

2023-02-08 18:51:32 - [MESSAGE][PASSED] - Text '22201' is set on object 'Object Repository/RecAndPlayBk/Page-Vlink-AuthOnly/txt_CardZIP'

2023-02-08 18:51:32 - [TEST_STEP][PASSED] - setText(findTestObject("Object Repository/RecAndPlayBk/Page-Vlink-AuthOnly/input_Amount_amount"), amount): Text '1.50' is set on object 'Object Repository/RecAndPlayBk/Page-Vlink-AuthOnly/input_Amount_amount'

2023-02-08 18:51:32 - [MESSAGE][PASSED] - Text '1.50' is set on object 'Object Repository/RecAndPlayBk/Page-Vlink-AuthOnly/input_Amount_amount'

2023-02-08 18:51:32 - [TEST_STEP][PASSED] - setText(findTestObject("Object Repository/RecAndPlayBk/Page-Vlink-AuthOnly/input_Card number_card_number"), cardNumber): Text '4111111111111111' is set on object 'Object Repository/RecAndPlayBk/Page-Vlink-AuthOnly/input_Card number_card_number'

2023-02-08 18:51:33 - [MESSAGE][PASSED] - Text '4111111111111111' is set on object 'Object Repository/RecAndPlayBk/Page-Vlink-AuthOnly/input_Card number_card_number'

2023-02-08 18:51:33 - [TEST_STEP][PASSED] - setText(findTestObject("Object Repository/RecAndPlayBk/Page-Vlink-AuthOnly/input_Card ex month_card_exmo"), exM): Text '12' is set on object 'Object Repository/RecAndPlayBk/Page-Vlink-AuthOnly/input_Card ex month_card_exmo'

2023-02-08 18:51:34 - [MESSAGE][PASSED] - Text '12' is set on object 'Object Repository/RecAndPlayBk/Page-Vlink-AuthOnly/input_Card ex month_card_exmo'

2023-02-08 18:51:34 - [TEST_STEP][PASSED] - setText(findTestObject("Object Repository/RecAndPlayBk/Page-Vlink-AuthOnly/input_Card ex year_card_exyr"), exY): Text '2025' is set on object 'Object Repository/RecAndPlayBk/Page-Vlink-AuthOnly/input_Card ex year_card_exyr'

2023-02-08 18:51:34 - [MESSAGE][PASSED] - Text '2025' is set on object 'Object Repository/RecAndPlayBk/Page-Vlink-AuthOnly/input_Card ex year_card_exyr'

2023-02-08 18:51:34 - [TEST_STEP][PASSED] - setText(findTestObject("Object Repository/RecAndPlayBk/Page-Vlink-AuthOnly/input_Track Data_track_data"), ""): Text '' is set on object 'Object Repository/RecAndPlayBk/Page-Vlink-AuthOnly/input_Track Data_track_data'

2023-02-08 18:51:35 - [MESSAGE][PASSED] - Text '' is set on object 'Object Repository/RecAndPlayBk/Page-Vlink-AuthOnly/input_Track Data_track_data'

2023-02-08 18:51:35 - [TEST_STEP][PASSED] - setText(findTestObject("Object Repository/RecAndPlayBk/Page-Vlink-AuthOnly/input_concat(Cardholder, , s email)_email"), ""): Text '' is set on object 'Object Repository/RecAndPlayBk/Page-Vlink-AuthOnly/input_concat(Cardholder, , s email)_email'

2023-02-08 18:51:36 - [MESSAGE][PASSED] - Text '' is set on object 'Object Repository/RecAndPlayBk/Page-Vlink-AuthOnly/input_concat(Cardholder, , s email)_email'

2023-02-08 18:51:36 - [TEST_STEP][PASSED] - click(findTestObject("Object Repository/RecAndPlayBk/Page-Vlink-AuthOnly/input_user_defined10_user_defined10")): Object: 'Object Repository/RecAndPlayBk/Page-Vlink-AuthOnly/input_user_defined10_user_defined10' is clicked on

2023-02-08 18:51:36 - [MESSAGE][PASSED] - Object: 'Object Repository/RecAndPlayBk/Page-Vlink-AuthOnly/input_user_defined10_user_defined10' is clicked on

2023-02-08 18:51:36 - [TEST_STEP][PASSED] - setText(findTestObject("Object Repository/RecAndPlayBk/Page-Vlink-AuthOnly/input_Card on File Indicator_card_on_file_i_157dae"), ""): Text '' is set on object 'Object Repository/RecAndPlayBk/Page-Vlink-AuthOnly/input_Card on File Indicator_card_on_file_i_157dae'

2023-02-08 18:51:37 - [MESSAGE][PASSED] - Text '' is set on object 'Object Repository/RecAndPlayBk/Page-Vlink-AuthOnly/input_Card on File Indicator_card_on_file_i_157dae'

2023-02-08 18:51:37 - [TEST_STEP][PASSED] - setText(findTestObject("Object Repository/RecAndPlayBk/Page-Vlink-AuthOnly/input_Stored Credential Indicator_stored_cr_4ae73c"), ""): Text '' is set on object 'Object Repository/RecAndPlayBk/Page-Vlink-AuthOnly/input_Stored Credential Indicator_stored_cr_4ae73c'

2023-02-08 18:51:37 - [MESSAGE][PASSED] - Text '' is set on object 'Object Repository/RecAndPlayBk/Page-Vlink-AuthOnly/input_Stored Credential Indicator_stored_cr_4ae73c'

2023-02-08 18:51:37 - [TEST_STEP][PASSED] - setText(findTestObject("Object Repository/RecAndPlayBk/Page-Vlink-AuthOnly/input_COF Scheduled indicator_cof_scheduled_8df7d8"), ""): Text '' is set on object 'Object Repository/RecAndPlayBk/Page-Vlink-AuthOnly/input_COF Scheduled indicator_cof_scheduled_8df7d8'

2023-02-08 18:51:38 - [MESSAGE][PASSED] - Text '' is set on object 'Object Repository/RecAndPlayBk/Page-Vlink-AuthOnly/input_COF Scheduled indicator_cof_scheduled_8df7d8'

2023-02-08 18:51:38 - [TEST_STEP][PASSED] - setText(findTestObject("Object Repository/RecAndPlayBk/Page-Vlink-AuthOnly/input_COF Transaction Initiated by_cof_tran_6cded5"), ""): Text '' is set on object 'Object Repository/RecAndPlayBk/Page-Vlink-AuthOnly/input_COF Transaction Initiated by_cof_tran_6cded5'

2023-02-08 18:51:38 - [MESSAGE][PASSED] - Text '' is set on object 'Object Repository/RecAndPlayBk/Page-Vlink-AuthOnly/input_COF Transaction Initiated by_cof_tran_6cded5'

2023-02-08 18:51:38 - [TEST_STEP][PASSED] - click(findTestObject("Object Repository/RecAndPlayBk/Page-Vlink-AuthOnly/input")): Object: 'Object Repository/RecAndPlayBk/Page-Vlink-AuthOnly/input' is clicked on

2023-02-08 18:51:39 - [MESSAGE][PASSED] - Object: 'Object Repository/RecAndPlayBk/Page-Vlink-AuthOnly/input' is clicked on

2023-02-08 18:51:39 - [TEST_STEP][PASSED] - if (verifyTextPresent(errorMsg, true)): null

2023-02-08 18:51:39 - [MESSAGE][PASSED] - Text 'Missing parameter: transaction_type' is present on page  using regular expression

2023-02-08 18:51:39 - [TEST_STEP][PASSED] - println("Error Message is present on the Confirmation page"): null

2023-02-08 18:51:39 - [TEST_STEP][PASSED] - out.println("Pass Record Number: " + row): null

2023-02-08 18:51:39 - [TEST_STEP][PASSED] - resText = "Pass": null

2023-02-08 18:51:39 - [TEST_STEP][PASSED] - pages.WriteExcel.demoKey(resText, datText, resColumn, datCloumn, fileLoc, nameSheet, row): pages.WriteExcel.demoKey is PASSED

2023-02-08 18:51:40 - [MESSAGE][PASSED] - pages.WriteExcel.demoKey is PASSED

2023-02-08 18:51:40 - [TEST_STEP][PASSED] - ExecuteTC = findTestData(dataFile).getValue("Execute", row): null

2023-02-08 18:51:40 - [TEST_STEP][PASSED] - out.println("Value of Execute is : " + ExecuteTC): null

2023-02-08 18:51:40 - [TEST_STEP][PASSED] - if (ExecuteTC.equalsIgnoreCase("Y")): null

2023-02-08 18:51:40 - [TEST_STEP][PASSED] - out.println("Begin Record Number: " + row): null

2023-02-08 18:51:40 - [TEST_STEP][PASSED] - today = new java.util.Date(): null

2023-02-08 18:51:40 - [TEST_STEP][PASSED] - println(today): null

2023-02-08 18:51:40 - [TEST_STEP][PASSED] - datText = today: null

2023-02-08 18:51:40 - [TEST_STEP][PASSED] - errorMsg = findTestData(dataFile).getValue("ErrorMsg", row): null

2023-02-08 18:51:40 - [TEST_STEP][PASSED] - appID = findTestData(dataFile).getValue("AppID", row): null

2023-02-08 18:51:40 - [TEST_STEP][PASSED] - username = findTestData(dataFile).getValue("Username", row): null

2023-02-08 18:51:40 - [TEST_STEP][PASSED] - password = findTestData(dataFile).getValue("Password", row): null

2023-02-08 18:51:40 - [TEST_STEP][PASSED] - tranType = findTestData(dataFile).getValue("TranType", row): null

2023-02-08 18:51:40 - [TEST_STEP][PASSED] - mv = findTestData(dataFile).getValue("MV", row): null

2023-02-08 18:51:40 - [TEST_STEP][PASSED] - resFormat = findTestData(dataFile).getValue("ResFormat", row): null

2023-02-08 18:51:40 - [TEST_STEP][PASSED] - category = findTestData(dataFile).getValue("Category", row): null

2023-02-08 18:51:40 - [TEST_STEP][PASSED] - amount = findTestData(dataFile).getValue("Amount", row): null

2023-02-08 18:51:40 - [TEST_STEP][PASSED] - cardName = findTestData(dataFile).getValue("CardName", row): null

2023-02-08 18:51:40 - [TEST_STEP][PASSED] - al1 = findTestData(dataFile).getValue("AL1", row): null

2023-02-08 18:51:40 - [TEST_STEP][PASSED] - city = findTestData(dataFile).getValue("City", row): null

2023-02-08 18:51:41 - [TEST_STEP][PASSED] - state = findTestData(dataFile).getValue("State", row): null

2023-02-08 18:51:41 - [TEST_STEP][PASSED] - zip = findTestData(dataFile).getValue("ZIP", row): null

2023-02-08 18:51:41 - [TEST_STEP][PASSED] - cardNumber = findTestData(dataFile).getValue("CardNumber", row): null

2023-02-08 18:51:41 - [TEST_STEP][PASSED] - exM = findTestData(dataFile).getValue("ExM", row): null

2023-02-08 18:51:41 - [TEST_STEP][PASSED] - exY = findTestData(dataFile).getValue("ExY", row): null

2023-02-08 18:51:41 - [TEST_STEP][PASSED] - openBrowser(VLinkURL + "auth.html"): Browser is opened with url: 'https://dev-algorithm.govolution.com/vlinktest/QA/version_2_0/auth.html'

2023-02-08 18:51:41 - [MESSAGE][WARNING] - A browser is already opened. Closing browser and opening a new one

2023-02-08 18:51:42 - [MESSAGE][INFO] - Starting 'Chrome' driver

2023-02-08 18:51:42 - [MESSAGE][INFO] - User set preference: ['acceptInsecureCerts', 'true']

2023-02-08 18:51:42 - [MESSAGE][INFO] - Action delay is set to 0 milliseconds

2023-02-08 18:51:44 - [MESSAGE][PASSED] - Browser is opened with url: 'https://dev-algorithm.govolution.com/vlinktest/QA/version_2_0/auth.html'

2023-02-08 18:51:44 - [TEST_STEP][PASSED] - maximizeWindow(): Current window maximized

2023-02-08 18:51:44 - [MESSAGE][PASSED] - Current window maximized

2023-02-08 18:51:44 - [TEST_STEP][PASSED] - maximizeWindow(): Current window maximized

2023-02-08 18:51:44 - [MESSAGE][PASSED] - Current window maximized

2023-02-08 18:51:44 - [TEST_STEP][PASSED] - setText(findTestObject("Object Repository/RecAndPlayBk/Page-Vlink-AuthOnly/txt_TransactionType"), tranType): Text '104' is set on object 'Object Repository/RecAndPlayBk/Page-Vlink-AuthOnly/txt_TransactionType'

2023-02-08 18:51:45 - [MESSAGE][PASSED] - Text '104' is set on object 'Object Repository/RecAndPlayBk/Page-Vlink-AuthOnly/txt_TransactionType'

2023-02-08 18:51:45 - [TEST_STEP][PASSED] - setText(findTestObject("Object Repository/RecAndPlayBk/Page-Vlink-AuthOnly/txt_MessageVersion"), mv): Text '' is set on object 'Object Repository/RecAndPlayBk/Page-Vlink-AuthOnly/txt_MessageVersion'

2023-02-08 18:51:45 - [MESSAGE][PASSED] - Text '' is set on object 'Object Repository/RecAndPlayBk/Page-Vlink-AuthOnly/txt_MessageVersion'

2023-02-08 18:51:45 - [TEST_STEP][PASSED] - genRemID = RandomStringUtils.random(12, true, true): null

2023-02-08 18:51:45 - [TEST_STEP][PASSED] - setText(findTestObject("Object Repository/RecAndPlayBk/Page-Vlink-AuthOnly/input_Remittance Id_remittance_id"), genRemID): Text 'YxYgqYwOISm6' is set on object 'Object Repository/RecAndPlayBk/Page-Vlink-AuthOnly/input_Remittance Id_remittance_id'

2023-02-08 18:51:46 - [MESSAGE][PASSED] - Text 'YxYgqYwOISm6' is set on object 'Object Repository/RecAndPlayBk/Page-Vlink-AuthOnly/input_Remittance Id_remittance_id'

2023-02-08 18:51:46 - [TEST_STEP][PASSED] - setText(findTestObject("Object Repository/RecAndPlayBk/Page-Vlink-AuthOnly/input_Application Id_application_id"), appID): Text '234' is set on object 'Object Repository/RecAndPlayBk/Page-Vlink-AuthOnly/input_Application Id_application_id'

2023-02-08 18:51:46 - [MESSAGE][PASSED] - Text '234' is set on object 'Object Repository/RecAndPlayBk/Page-Vlink-AuthOnly/input_Application Id_application_id'

2023-02-08 18:51:46 - [TEST_STEP][PASSED] - setText(findTestObject("Object Repository/RecAndPlayBk/Page-Vlink-AuthOnly/input_Username_username"), username): Text 'username' is set on object 'Object Repository/RecAndPlayBk/Page-Vlink-AuthOnly/input_Username_username'

2023-02-08 18:51:47 - [MESSAGE][PASSED] - Text 'username' is set on object 'Object Repository/RecAndPlayBk/Page-Vlink-AuthOnly/input_Username_username'

2023-02-08 18:51:47 - [TEST_STEP][PASSED] - setText(findTestObject("Object Repository/RecAndPlayBk/Page-Vlink-AuthOnly/input_Password_password"), password): Text 'password' is set on object 'Object Repository/RecAndPlayBk/Page-Vlink-AuthOnly/input_Password_password'

2023-02-08 18:51:48 - [MESSAGE][PASSED] - Text 'password' is set on object 'Object Repository/RecAndPlayBk/Page-Vlink-AuthOnly/input_Password_password'

2023-02-08 18:51:48 - [TEST_STEP][PASSED] - setText(findTestObject("Object Repository/RecAndPlayBk/Page-Vlink-AuthOnly/txt_ResponseFormat"), resFormat): Text 'fixed_width' is set on object 'Object Repository/RecAndPlayBk/Page-Vlink-AuthOnly/txt_ResponseFormat'

2023-02-08 18:51:48 - [MESSAGE][PASSED] - Text 'fixed_width' is set on object 'Object Repository/RecAndPlayBk/Page-Vlink-AuthOnly/txt_ResponseFormat'

2023-02-08 18:51:48 - [TEST_STEP][PASSED] - setText(findTestObject("Object Repository/RecAndPlayBk/Page-Vlink-AuthOnly/input_Category_category"), category): Text 'ECOM' is set on object 'Object Repository/RecAndPlayBk/Page-Vlink-AuthOnly/input_Category_category'

2023-02-08 18:51:49 - [MESSAGE][PASSED] - Text 'ECOM' is set on object 'Object Repository/RecAndPlayBk/Page-Vlink-AuthOnly/input_Category_category'

2023-02-08 18:51:49 - [TEST_STEP][PASSED] - setText(findTestObject("Object Repository/RecAndPlayBk/Page-Vlink-AuthOnly/txt_CardName"), cardName): Text 'Kris Roshan' is set on object 'Object Repository/RecAndPlayBk/Page-Vlink-AuthOnly/txt_CardName'

2023-02-08 18:51:50 - [MESSAGE][PASSED] - Text 'Kris Roshan' is set on object 'Object Repository/RecAndPlayBk/Page-Vlink-AuthOnly/txt_CardName'

2023-02-08 18:51:50 - [TEST_STEP][PASSED] - setText(findTestObject("Object Repository/RecAndPlayBk/Page-Vlink-AuthOnly/txt_AL1"), al1): Text '258 Elm Road' is set on object 'Object Repository/RecAndPlayBk/Page-Vlink-AuthOnly/txt_AL1'

2023-02-08 18:51:50 - [MESSAGE][PASSED] - Text '258 Elm Road' is set on object 'Object Repository/RecAndPlayBk/Page-Vlink-AuthOnly/txt_AL1'

2023-02-08 18:51:50 - [TEST_STEP][PASSED] - setText(findTestObject("Object Repository/RecAndPlayBk/Page-Vlink-AuthOnly/txt_CardCity"), city): Text 'Arlington' is set on object 'Object Repository/RecAndPlayBk/Page-Vlink-AuthOnly/txt_CardCity'

2023-02-08 18:51:51 - [MESSAGE][PASSED] - Text 'Arlington' is set on object 'Object Repository/RecAndPlayBk/Page-Vlink-AuthOnly/txt_CardCity'

2023-02-08 18:51:51 - [TEST_STEP][PASSED] - setText(findTestObject("Object Repository/RecAndPlayBk/Page-Vlink-AuthOnly/txt_CardState"), state): Text 'VA' is set on object 'Object Repository/RecAndPlayBk/Page-Vlink-AuthOnly/txt_CardState'

2023-02-08 18:51:52 - [MESSAGE][PASSED] - Text 'VA' is set on object 'Object Repository/RecAndPlayBk/Page-Vlink-AuthOnly/txt_CardState'

2023-02-08 18:51:52 - [TEST_STEP][PASSED] - setText(findTestObject("Object Repository/RecAndPlayBk/Page-Vlink-AuthOnly/txt_CardZIP"), zip): Text '22201' is set on object 'Object Repository/RecAndPlayBk/Page-Vlink-AuthOnly/txt_CardZIP'

2023-02-08 18:51:52 - [MESSAGE][PASSED] - Text '22201' is set on object 'Object Repository/RecAndPlayBk/Page-Vlink-AuthOnly/txt_CardZIP'

2023-02-08 18:51:52 - [TEST_STEP][PASSED] - setText(findTestObject("Object Repository/RecAndPlayBk/Page-Vlink-AuthOnly/input_Amount_amount"), amount): Text '1.50' is set on object 'Object Repository/RecAndPlayBk/Page-Vlink-AuthOnly/input_Amount_amount'

2023-02-08 18:51:53 - [MESSAGE][PASSED] - Text '1.50' is set on object 'Object Repository/RecAndPlayBk/Page-Vlink-AuthOnly/input_Amount_amount'

2023-02-08 18:51:53 - [TEST_STEP][PASSED] - setText(findTestObject("Object Repository/RecAndPlayBk/Page-Vlink-AuthOnly/input_Card number_card_number"), cardNumber): Text '4111111111111111' is set on object 'Object Repository/RecAndPlayBk/Page-Vlink-AuthOnly/input_Card number_card_number'

2023-02-08 18:51:53 - [MESSAGE][PASSED] - Text '4111111111111111' is set on object 'Object Repository/RecAndPlayBk/Page-Vlink-AuthOnly/input_Card number_card_number'

2023-02-08 18:51:53 - [TEST_STEP][PASSED] - setText(findTestObject("Object Repository/RecAndPlayBk/Page-Vlink-AuthOnly/input_Card ex month_card_exmo"), exM): Text '12' is set on object 'Object Repository/RecAndPlayBk/Page-Vlink-AuthOnly/input_Card ex month_card_exmo'

2023-02-08 18:51:54 - [MESSAGE][PASSED] - Text '12' is set on object 'Object Repository/RecAndPlayBk/Page-Vlink-AuthOnly/input_Card ex month_card_exmo'

2023-02-08 18:51:54 - [TEST_STEP][PASSED] - setText(findTestObject("Object Repository/RecAndPlayBk/Page-Vlink-AuthOnly/input_Card ex year_card_exyr"), exY): Text '2025' is set on object 'Object Repository/RecAndPlayBk/Page-Vlink-AuthOnly/input_Card ex year_card_exyr'

2023-02-08 18:51:55 - [MESSAGE][PASSED] - Text '2025' is set on object 'Object Repository/RecAndPlayBk/Page-Vlink-AuthOnly/input_Card ex year_card_exyr'

2023-02-08 18:51:55 - [TEST_STEP][PASSED] - setText(findTestObject("Object Repository/RecAndPlayBk/Page-Vlink-AuthOnly/input_Track Data_track_data"), ""): Text '' is set on object 'Object Repository/RecAndPlayBk/Page-Vlink-AuthOnly/input_Track Data_track_data'

2023-02-08 18:51:55 - [MESSAGE][PASSED] - Text '' is set on object 'Object Repository/RecAndPlayBk/Page-Vlink-AuthOnly/input_Track Data_track_data'

2023-02-08 18:51:55 - [TEST_STEP][PASSED] - setText(findTestObject("Object Repository/RecAndPlayBk/Page-Vlink-AuthOnly/input_concat(Cardholder, , s email)_email"), ""): Text '' is set on object 'Object Repository/RecAndPlayBk/Page-Vlink-AuthOnly/input_concat(Cardholder, , s email)_email'

2023-02-08 18:51:56 - [MESSAGE][PASSED] - Text '' is set on object 'Object Repository/RecAndPlayBk/Page-Vlink-AuthOnly/input_concat(Cardholder, , s email)_email'

2023-02-08 18:51:56 - [TEST_STEP][PASSED] - click(findTestObject("Object Repository/RecAndPlayBk/Page-Vlink-AuthOnly/input_user_defined10_user_defined10")): Object: 'Object Repository/RecAndPlayBk/Page-Vlink-AuthOnly/input_user_defined10_user_defined10' is clicked on

2023-02-08 18:51:56 - [MESSAGE][PASSED] - Object: 'Object Repository/RecAndPlayBk/Page-Vlink-AuthOnly/input_user_defined10_user_defined10' is clicked on

2023-02-08 18:51:56 - [TEST_STEP][PASSED] - setText(findTestObject("Object Repository/RecAndPlayBk/Page-Vlink-AuthOnly/input_Card on File Indicator_card_on_file_i_157dae"), ""): Text '' is set on object 'Object Repository/RecAndPlayBk/Page-Vlink-AuthOnly/input_Card on File Indicator_card_on_file_i_157dae'

2023-02-08 18:51:57 - [MESSAGE][PASSED] - Text '' is set on object 'Object Repository/RecAndPlayBk/Page-Vlink-AuthOnly/input_Card on File Indicator_card_on_file_i_157dae'

2023-02-08 18:51:57 - [TEST_STEP][PASSED] - setText(findTestObject("Object Repository/RecAndPlayBk/Page-Vlink-AuthOnly/input_Stored Credential Indicator_stored_cr_4ae73c"), ""): Text '' is set on object 'Object Repository/RecAndPlayBk/Page-Vlink-AuthOnly/input_Stored Credential Indicator_stored_cr_4ae73c'

2023-02-08 18:51:58 - [MESSAGE][PASSED] - Text '' is set on object 'Object Repository/RecAndPlayBk/Page-Vlink-AuthOnly/input_Stored Credential Indicator_stored_cr_4ae73c'

2023-02-08 18:51:58 - [TEST_STEP][PASSED] - setText(findTestObject("Object Repository/RecAndPlayBk/Page-Vlink-AuthOnly/input_COF Scheduled indicator_cof_scheduled_8df7d8"), ""): Text '' is set on object 'Object Repository/RecAndPlayBk/Page-Vlink-AuthOnly/input_COF Scheduled indicator_cof_scheduled_8df7d8'

2023-02-08 18:51:58 - [MESSAGE][PASSED] - Text '' is set on object 'Object Repository/RecAndPlayBk/Page-Vlink-AuthOnly/input_COF Scheduled indicator_cof_scheduled_8df7d8'

2023-02-08 18:51:58 - [TEST_STEP][PASSED] - setText(findTestObject("Object Repository/RecAndPlayBk/Page-Vlink-AuthOnly/input_COF Transaction Initiated by_cof_tran_6cded5"), ""): Text '' is set on object 'Object Repository/RecAndPlayBk/Page-Vlink-AuthOnly/input_COF Transaction Initiated by_cof_tran_6cded5'

2023-02-08 18:51:59 - [MESSAGE][PASSED] - Text '' is set on object 'Object Repository/RecAndPlayBk/Page-Vlink-AuthOnly/input_COF Transaction Initiated by_cof_tran_6cded5'

2023-02-08 18:51:59 - [TEST_STEP][PASSED] - click(findTestObject("Object Repository/RecAndPlayBk/Page-Vlink-AuthOnly/input")): Object: 'Object Repository/RecAndPlayBk/Page-Vlink-AuthOnly/input' is clicked on

2023-02-08 18:52:00 - [MESSAGE][PASSED] - Object: 'Object Repository/RecAndPlayBk/Page-Vlink-AuthOnly/input' is clicked on

2023-02-08 18:52:00 - [TEST_STEP][PASSED] - if (verifyTextPresent(errorMsg, true)): null

2023-02-08 18:52:00 - [MESSAGE][PASSED] - Text 'Missing parameter: message_version' is present on page  using regular expression

2023-02-08 18:52:00 - [TEST_STEP][PASSED] - println("Error Message is present on the Confirmation page"): null

2023-02-08 18:52:00 - [TEST_STEP][PASSED] - out.println("Pass Record Number: " + row): null

2023-02-08 18:52:00 - [TEST_STEP][PASSED] - resText = "Pass": null

2023-02-08 18:52:00 - [TEST_STEP][PASSED] - pages.WriteExcel.demoKey(resText, datText, resColumn, datCloumn, fileLoc, nameSheet, row): pages.WriteExcel.demoKey is PASSED

2023-02-08 18:52:00 - [MESSAGE][PASSED] - pages.WriteExcel.demoKey is PASSED

2023-02-08 18:52:00 - [TEST_STEP][PASSED] - ExecuteTC = findTestData(dataFile).getValue("Execute", row): null

2023-02-08 18:52:00 - [TEST_STEP][PASSED] - out.println("Value of Execute is : " + ExecuteTC): null

2023-02-08 18:52:00 - [TEST_STEP][PASSED] - if (ExecuteTC.equalsIgnoreCase("Y")): null

2023-02-08 18:52:00 - [TEST_STEP][PASSED] - out.println("Begin Record Number: " + row): null

2023-02-08 18:52:00 - [TEST_STEP][PASSED] - today = new java.util.Date(): null

2023-02-08 18:52:00 - [TEST_STEP][PASSED] - println(today): null

2023-02-08 18:52:00 - [TEST_STEP][PASSED] - datText = today: null

2023-02-08 18:52:00 - [TEST_STEP][PASSED] - errorMsg = findTestData(dataFile).getValue("ErrorMsg", row): null

2023-02-08 18:52:00 - [TEST_STEP][PASSED] - appID = findTestData(dataFile).getValue("AppID", row): null

2023-02-08 18:52:00 - [TEST_STEP][PASSED] - username = findTestData(dataFile).getValue("Username", row): null

2023-02-08 18:52:00 - [TEST_STEP][PASSED] - password = findTestData(dataFile).getValue("Password", row): null

2023-02-08 18:52:00 - [TEST_STEP][PASSED] - tranType = findTestData(dataFile).getValue("TranType", row): null

2023-02-08 18:52:00 - [TEST_STEP][PASSED] - mv = findTestData(dataFile).getValue("MV", row): null

2023-02-08 18:52:01 - [TEST_STEP][PASSED] - resFormat = findTestData(dataFile).getValue("ResFormat", row): null

2023-02-08 18:52:01 - [TEST_STEP][PASSED] - category = findTestData(dataFile).getValue("Category", row): null

2023-02-08 18:52:01 - [TEST_STEP][PASSED] - amount = findTestData(dataFile).getValue("Amount", row): null

2023-02-08 18:52:01 - [TEST_STEP][PASSED] - cardName = findTestData(dataFile).getValue("CardName", row): null

2023-02-08 18:52:01 - [TEST_STEP][PASSED] - al1 = findTestData(dataFile).getValue("AL1", row): null

2023-02-08 18:52:01 - [TEST_STEP][PASSED] - city = findTestData(dataFile).getValue("City", row): null

2023-02-08 18:52:01 - [TEST_STEP][PASSED] - state = findTestData(dataFile).getValue("State", row): null

2023-02-08 18:52:01 - [TEST_STEP][PASSED] - zip = findTestData(dataFile).getValue("ZIP", row): null

2023-02-08 18:52:01 - [TEST_STEP][PASSED] - cardNumber = findTestData(dataFile).getValue("CardNumber", row): null

2023-02-08 18:52:01 - [TEST_STEP][PASSED] - exM = findTestData(dataFile).getValue("ExM", row): null

2023-02-08 18:52:01 - [TEST_STEP][PASSED] - exY = findTestData(dataFile).getValue("ExY", row): null

2023-02-08 18:52:01 - [TEST_STEP][PASSED] - openBrowser(VLinkURL + "auth.html"): Browser is opened with url: 'https://dev-algorithm.govolution.com/vlinktest/QA/version_2_0/auth.html'

2023-02-08 18:52:01 - [MESSAGE][WARNING] - A browser is already opened. Closing browser and opening a new one

2023-02-08 18:52:02 - [MESSAGE][INFO] - Starting 'Chrome' driver

2023-02-08 18:52:02 - [MESSAGE][INFO] - User set preference: ['acceptInsecureCerts', 'true']

2023-02-08 18:52:02 - [MESSAGE][INFO] - Action delay is set to 0 milliseconds

2023-02-08 18:52:04 - [MESSAGE][PASSED] - Browser is opened with url: 'https://dev-algorithm.govolution.com/vlinktest/QA/version_2_0/auth.html'

2023-02-08 18:52:04 - [TEST_STEP][PASSED] - maximizeWindow(): Current window maximized

2023-02-08 18:52:04 - [MESSAGE][PASSED] - Current window maximized

2023-02-08 18:52:04 - [TEST_STEP][PASSED] - maximizeWindow(): Current window maximized

2023-02-08 18:52:04 - [MESSAGE][PASSED] - Current window maximized

2023-02-08 18:52:04 - [TEST_STEP][PASSED] - setText(findTestObject("Object Repository/RecAndPlayBk/Page-Vlink-AuthOnly/txt_TransactionType"), tranType): Text '104' is set on object 'Object Repository/RecAndPlayBk/Page-Vlink-AuthOnly/txt_TransactionType'

2023-02-08 18:52:05 - [MESSAGE][PASSED] - Text '104' is set on object 'Object Repository/RecAndPlayBk/Page-Vlink-AuthOnly/txt_TransactionType'

2023-02-08 18:52:05 - [TEST_STEP][PASSED] - setText(findTestObject("Object Repository/RecAndPlayBk/Page-Vlink-AuthOnly/txt_MessageVersion"), mv): Text '' is set on object 'Object Repository/RecAndPlayBk/Page-Vlink-AuthOnly/txt_MessageVersion'

2023-02-08 18:52:06 - [MESSAGE][PASSED] - Text '' is set on object 'Object Repository/RecAndPlayBk/Page-Vlink-AuthOnly/txt_MessageVersion'

2023-02-08 18:52:06 - [TEST_STEP][PASSED] - genRemID = RandomStringUtils.random(12, true, true): null

2023-02-08 18:52:06 - [TEST_STEP][PASSED] - setText(findTestObject("Object Repository/RecAndPlayBk/Page-Vlink-AuthOnly/input_Remittance Id_remittance_id"), genRemID): Text 'yXbmOS2q318C' is set on object 'Object Repository/RecAndPlayBk/Page-Vlink-AuthOnly/input_Remittance Id_remittance_id'

2023-02-08 18:52:06 - [MESSAGE][PASSED] - Text 'yXbmOS2q318C' is set on object 'Object Repository/RecAndPlayBk/Page-Vlink-AuthOnly/input_Remittance Id_remittance_id'

2023-02-08 18:52:06 - [TEST_STEP][PASSED] - setText(findTestObject("Object Repository/RecAndPlayBk/Page-Vlink-AuthOnly/input_Application Id_application_id"), appID): Text '234' is set on object 'Object Repository/RecAndPlayBk/Page-Vlink-AuthOnly/input_Application Id_application_id'

2023-02-08 18:52:07 - [MESSAGE][PASSED] - Text '234' is set on object 'Object Repository/RecAndPlayBk/Page-Vlink-AuthOnly/input_Application Id_application_id'

2023-02-08 18:52:07 - [TEST_STEP][PASSED] - setText(findTestObject("Object Repository/RecAndPlayBk/Page-Vlink-AuthOnly/input_Username_username"), username): Text 'username' is set on object 'Object Repository/RecAndPlayBk/Page-Vlink-AuthOnly/input_Username_username'

2023-02-08 18:52:08 - [MESSAGE][PASSED] - Text 'username' is set on object 'Object Repository/RecAndPlayBk/Page-Vlink-AuthOnly/input_Username_username'

2023-02-08 18:52:08 - [TEST_STEP][PASSED] - setText(findTestObject("Object Repository/RecAndPlayBk/Page-Vlink-AuthOnly/input_Password_password"), password): Text 'password' is set on object 'Object Repository/RecAndPlayBk/Page-Vlink-AuthOnly/input_Password_password'

2023-02-08 18:52:08 - [MESSAGE][PASSED] - Text 'password' is set on object 'Object Repository/RecAndPlayBk/Page-Vlink-AuthOnly/input_Password_password'

2023-02-08 18:52:08 - [TEST_STEP][PASSED] - setText(findTestObject("Object Repository/RecAndPlayBk/Page-Vlink-AuthOnly/txt_ResponseFormat"), resFormat): Text 'fixed_width' is set on object 'Object Repository/RecAndPlayBk/Page-Vlink-AuthOnly/txt_ResponseFormat'

2023-02-08 18:52:09 - [MESSAGE][PASSED] - Text 'fixed_width' is set on object 'Object Repository/RecAndPlayBk/Page-Vlink-AuthOnly/txt_ResponseFormat'

2023-02-08 18:52:09 - [TEST_STEP][PASSED] - setText(findTestObject("Object Repository/RecAndPlayBk/Page-Vlink-AuthOnly/input_Category_category"), category): Text 'MOTO' is set on object 'Object Repository/RecAndPlayBk/Page-Vlink-AuthOnly/input_Category_category'

2023-02-08 18:52:10 - [MESSAGE][PASSED] - Text 'MOTO' is set on object 'Object Repository/RecAndPlayBk/Page-Vlink-AuthOnly/input_Category_category'

2023-02-08 18:52:10 - [TEST_STEP][PASSED] - setText(findTestObject("Object Repository/RecAndPlayBk/Page-Vlink-AuthOnly/txt_CardName"), cardName): Text 'Kris Roshan' is set on object 'Object Repository/RecAndPlayBk/Page-Vlink-AuthOnly/txt_CardName'

2023-02-08 18:52:10 - [MESSAGE][PASSED] - Text 'Kris Roshan' is set on object 'Object Repository/RecAndPlayBk/Page-Vlink-AuthOnly/txt_CardName'

2023-02-08 18:52:10 - [TEST_STEP][PASSED] - setText(findTestObject("Object Repository/RecAndPlayBk/Page-Vlink-AuthOnly/txt_AL1"), al1): Text '258 Elm Road' is set on object 'Object Repository/RecAndPlayBk/Page-Vlink-AuthOnly/txt_AL1'

2023-02-08 18:52:11 - [MESSAGE][PASSED] - Text '258 Elm Road' is set on object 'Object Repository/RecAndPlayBk/Page-Vlink-AuthOnly/txt_AL1'

2023-02-08 18:52:11 - [TEST_STEP][PASSED] - setText(findTestObject("Object Repository/RecAndPlayBk/Page-Vlink-AuthOnly/txt_CardCity"), city): Text 'Arlington' is set on object 'Object Repository/RecAndPlayBk/Page-Vlink-AuthOnly/txt_CardCity'

2023-02-08 18:52:11 - [MESSAGE][PASSED] - Text 'Arlington' is set on object 'Object Repository/RecAndPlayBk/Page-Vlink-AuthOnly/txt_CardCity'

2023-02-08 18:52:11 - [TEST_STEP][PASSED] - setText(findTestObject("Object Repository/RecAndPlayBk/Page-Vlink-AuthOnly/txt_CardState"), state): Text 'VA' is set on object 'Object Repository/RecAndPlayBk/Page-Vlink-AuthOnly/txt_CardState'

2023-02-08 18:52:12 - [MESSAGE][PASSED] - Text 'VA' is set on object 'Object Repository/RecAndPlayBk/Page-Vlink-AuthOnly/txt_CardState'

2023-02-08 18:52:12 - [TEST_STEP][PASSED] - setText(findTestObject("Object Repository/RecAndPlayBk/Page-Vlink-AuthOnly/txt_CardZIP"), zip): Text '22201' is set on object 'Object Repository/RecAndPlayBk/Page-Vlink-AuthOnly/txt_CardZIP'

2023-02-08 18:52:13 - [MESSAGE][PASSED] - Text '22201' is set on object 'Object Repository/RecAndPlayBk/Page-Vlink-AuthOnly/txt_CardZIP'

2023-02-08 18:52:13 - [TEST_STEP][PASSED] - setText(findTestObject("Object Repository/RecAndPlayBk/Page-Vlink-AuthOnly/input_Amount_amount"), amount): Text '1.50' is set on object 'Object Repository/RecAndPlayBk/Page-Vlink-AuthOnly/input_Amount_amount'

2023-02-08 18:52:13 - [MESSAGE][PASSED] - Text '1.50' is set on object 'Object Repository/RecAndPlayBk/Page-Vlink-AuthOnly/input_Amount_amount'

2023-02-08 18:52:13 - [TEST_STEP][PASSED] - setText(findTestObject("Object Repository/RecAndPlayBk/Page-Vlink-AuthOnly/input_Card number_card_number"), cardNumber): Text '4111111111111111' is set on object 'Object Repository/RecAndPlayBk/Page-Vlink-AuthOnly/input_Card number_card_number'

2023-02-08 18:52:14 - [MESSAGE][PASSED] - Text '4111111111111111' is set on object 'Object Repository/RecAndPlayBk/Page-Vlink-AuthOnly/input_Card number_card_number'

2023-02-08 18:52:14 - [TEST_STEP][PASSED] - setText(findTestObject("Object Repository/RecAndPlayBk/Page-Vlink-AuthOnly/input_Card ex month_card_exmo"), exM): Text '12' is set on object 'Object Repository/RecAndPlayBk/Page-Vlink-AuthOnly/input_Card ex month_card_exmo'

2023-02-08 18:52:15 - [MESSAGE][PASSED] - Text '12' is set on object 'Object Repository/RecAndPlayBk/Page-Vlink-AuthOnly/input_Card ex month_card_exmo'

2023-02-08 18:52:15 - [TEST_STEP][PASSED] - setText(findTestObject("Object Repository/RecAndPlayBk/Page-Vlink-AuthOnly/input_Card ex year_card_exyr"), exY): Text '2025' is set on object 'Object Repository/RecAndPlayBk/Page-Vlink-AuthOnly/input_Card ex year_card_exyr'

2023-02-08 18:52:15 - [MESSAGE][PASSED] - Text '2025' is set on object 'Object Repository/RecAndPlayBk/Page-Vlink-AuthOnly/input_Card ex year_card_exyr'

2023-02-08 18:52:15 - [TEST_STEP][PASSED] - setText(findTestObject("Object Repository/RecAndPlayBk/Page-Vlink-AuthOnly/input_Track Data_track_data"), ""): Text '' is set on object 'Object Repository/RecAndPlayBk/Page-Vlink-AuthOnly/input_Track Data_track_data'

2023-02-08 18:52:16 - [MESSAGE][PASSED] - Text '' is set on object 'Object Repository/RecAndPlayBk/Page-Vlink-AuthOnly/input_Track Data_track_data'

2023-02-08 18:52:16 - [TEST_STEP][PASSED] - setText(findTestObject("Object Repository/RecAndPlayBk/Page-Vlink-AuthOnly/input_concat(Cardholder, , s email)_email"), ""): Text '' is set on object 'Object Repository/RecAndPlayBk/Page-Vlink-AuthOnly/input_concat(Cardholder, , s email)_email'

2023-02-08 18:52:16 - [MESSAGE][PASSED] - Text '' is set on object 'Object Repository/RecAndPlayBk/Page-Vlink-AuthOnly/input_concat(Cardholder, , s email)_email'

2023-02-08 18:52:16 - [TEST_STEP][PASSED] - click(findTestObject("Object Repository/RecAndPlayBk/Page-Vlink-AuthOnly/input_user_defined10_user_defined10")): Object: 'Object Repository/RecAndPlayBk/Page-Vlink-AuthOnly/input_user_defined10_user_defined10' is clicked on

2023-02-08 18:52:17 - [MESSAGE][PASSED] - Object: 'Object Repository/RecAndPlayBk/Page-Vlink-AuthOnly/input_user_defined10_user_defined10' is clicked on

2023-02-08 18:52:17 - [TEST_STEP][PASSED] - setText(findTestObject("Object Repository/RecAndPlayBk/Page-Vlink-AuthOnly/input_Card on File Indicator_card_on_file_i_157dae"), ""): Text '' is set on object 'Object Repository/RecAndPlayBk/Page-Vlink-AuthOnly/input_Card on File Indicator_card_on_file_i_157dae'

2023-02-08 18:52:17 - [MESSAGE][PASSED] - Text '' is set on object 'Object Repository/RecAndPlayBk/Page-Vlink-AuthOnly/input_Card on File Indicator_card_on_file_i_157dae'

2023-02-08 18:52:17 - [TEST_STEP][PASSED] - setText(findTestObject("Object Repository/RecAndPlayBk/Page-Vlink-AuthOnly/input_Stored Credential Indicator_stored_cr_4ae73c"), ""): Text '' is set on object 'Object Repository/RecAndPlayBk/Page-Vlink-AuthOnly/input_Stored Credential Indicator_stored_cr_4ae73c'

2023-02-08 18:52:18 - [MESSAGE][PASSED] - Text '' is set on object 'Object Repository/RecAndPlayBk/Page-Vlink-AuthOnly/input_Stored Credential Indicator_stored_cr_4ae73c'

2023-02-08 18:52:18 - [TEST_STEP][PASSED] - setText(findTestObject("Object Repository/RecAndPlayBk/Page-Vlink-AuthOnly/input_COF Scheduled indicator_cof_scheduled_8df7d8"), ""): Text '' is set on object 'Object Repository/RecAndPlayBk/Page-Vlink-AuthOnly/input_COF Scheduled indicator_cof_scheduled_8df7d8'

2023-02-08 18:52:19 - [MESSAGE][PASSED] - Text '' is set on object 'Object Repository/RecAndPlayBk/Page-Vlink-AuthOnly/input_COF Scheduled indicator_cof_scheduled_8df7d8'

2023-02-08 18:52:19 - [TEST_STEP][PASSED] - setText(findTestObject("Object Repository/RecAndPlayBk/Page-Vlink-AuthOnly/input_COF Transaction Initiated by_cof_tran_6cded5"), ""): Text '' is set on object 'Object Repository/RecAndPlayBk/Page-Vlink-AuthOnly/input_COF Transaction Initiated by_cof_tran_6cded5'

2023-02-08 18:52:19 - [MESSAGE][PASSED] - Text '' is set on object 'Object Repository/RecAndPlayBk/Page-Vlink-AuthOnly/input_COF Transaction Initiated by_cof_tran_6cded5'

2023-02-08 18:52:19 - [TEST_STEP][PASSED] - click(findTestObject("Object Repository/RecAndPlayBk/Page-Vlink-AuthOnly/input")): Object: 'Object Repository/RecAndPlayBk/Page-Vlink-AuthOnly/input' is clicked on

2023-02-08 18:52:20 - [MESSAGE][PASSED] - Object: 'Object Repository/RecAndPlayBk/Page-Vlink-AuthOnly/input' is clicked on

2023-02-08 18:52:20 - [TEST_STEP][PASSED] - if (verifyTextPresent(errorMsg, true)): null

2023-02-08 18:52:20 - [MESSAGE][PASSED] - Text 'Missing parameter: message_version' is present on page  using regular expression

2023-02-08 18:52:20 - [TEST_STEP][PASSED] - println("Error Message is present on the Confirmation page"): null

2023-02-08 18:52:20 - [TEST_STEP][PASSED] - out.println("Pass Record Number: " + row): null

2023-02-08 18:52:20 - [TEST_STEP][PASSED] - resText = "Pass": null

2023-02-08 18:52:20 - [TEST_STEP][PASSED] - pages.WriteExcel.demoKey(resText, datText, resColumn, datCloumn, fileLoc, nameSheet, row): pages.WriteExcel.demoKey is PASSED

2023-02-08 18:52:20 - [MESSAGE][PASSED] - pages.WriteExcel.demoKey is PASSED

2023-02-08 18:52:20 - [TEST_STEP][PASSED] - ExecuteTC = findTestData(dataFile).getValue("Execute", row): null

2023-02-08 18:52:21 - [TEST_STEP][PASSED] - out.println("Value of Execute is : " + ExecuteTC): null

2023-02-08 18:52:21 - [TEST_STEP][PASSED] - if (ExecuteTC.equalsIgnoreCase("Y")): null

2023-02-08 18:52:21 - [TEST_STEP][PASSED] - out.println("Begin Record Number: " + row): null

2023-02-08 18:52:21 - [TEST_STEP][PASSED] - today = new java.util.Date(): null

2023-02-08 18:52:21 - [TEST_STEP][PASSED] - println(today): null

2023-02-08 18:52:21 - [TEST_STEP][PASSED] - datText = today: null

2023-02-08 18:52:21 - [TEST_STEP][PASSED] - errorMsg = findTestData(dataFile).getValue("ErrorMsg", row): null

2023-02-08 18:52:21 - [TEST_STEP][PASSED] - appID = findTestData(dataFile).getValue("AppID", row): null

2023-02-08 18:52:21 - [TEST_STEP][PASSED] - username = findTestData(dataFile).getValue("Username", row): null

2023-02-08 18:52:21 - [TEST_STEP][PASSED] - password = findTestData(dataFile).getValue("Password", row): null

2023-02-08 18:52:21 - [TEST_STEP][PASSED] - tranType = findTestData(dataFile).getValue("TranType", row): null

2023-02-08 18:52:21 - [TEST_STEP][PASSED] - mv = findTestData(dataFile).getValue("MV", row): null

2023-02-08 18:52:21 - [TEST_STEP][PASSED] - resFormat = findTestData(dataFile).getValue("ResFormat", row): null

2023-02-08 18:52:21 - [TEST_STEP][PASSED] - category = findTestData(dataFile).getValue("Category", row): null

2023-02-08 18:52:21 - [TEST_STEP][PASSED] - amount = findTestData(dataFile).getValue("Amount", row): null

2023-02-08 18:52:21 - [TEST_STEP][PASSED] - cardName = findTestData(dataFile).getValue("CardName", row): null

2023-02-08 18:52:21 - [TEST_STEP][PASSED] - al1 = findTestData(dataFile).getValue("AL1", row): null

2023-02-08 18:52:21 - [TEST_STEP][PASSED] - city = findTestData(dataFile).getValue("City", row): null

2023-02-08 18:52:21 - [TEST_STEP][PASSED] - state = findTestData(dataFile).getValue("State", row): null

2023-02-08 18:52:22 - [TEST_STEP][PASSED] - zip = findTestData(dataFile).getValue("ZIP", row): null

2023-02-08 18:52:22 - [TEST_STEP][PASSED] - cardNumber = findTestData(dataFile).getValue("CardNumber", row): null

2023-02-08 18:52:22 - [TEST_STEP][PASSED] - exM = findTestData(dataFile).getValue("ExM", row): null

2023-02-08 18:52:22 - [TEST_STEP][PASSED] - exY = findTestData(dataFile).getValue("ExY", row): null

2023-02-08 18:52:22 - [TEST_STEP][PASSED] - openBrowser(VLinkURL + "auth.html"): Browser is opened with url: 'https://dev-algorithm.govolution.com/vlinktest/QA/version_2_0/auth.html'

2023-02-08 18:52:22 - [MESSAGE][WARNING] - A browser is already opened. Closing browser and opening a new one

2023-02-08 18:52:23 - [MESSAGE][INFO] - Starting 'Chrome' driver

2023-02-08 18:52:23 - [MESSAGE][INFO] - User set preference: ['acceptInsecureCerts', 'true']

2023-02-08 18:52:23 - [MESSAGE][INFO] - Action delay is set to 0 milliseconds

2023-02-08 18:52:25 - [MESSAGE][PASSED] - Browser is opened with url: 'https://dev-algorithm.govolution.com/vlinktest/QA/version_2_0/auth.html'

2023-02-08 18:52:25 - [TEST_STEP][PASSED] - maximizeWindow(): Current window maximized

2023-02-08 18:52:25 - [MESSAGE][PASSED] - Current window maximized

2023-02-08 18:52:25 - [TEST_STEP][PASSED] - maximizeWindow(): Current window maximized

2023-02-08 18:52:25 - [MESSAGE][PASSED] - Current window maximized

2023-02-08 18:52:25 - [TEST_STEP][PASSED] - setText(findTestObject("Object Repository/RecAndPlayBk/Page-Vlink-AuthOnly/txt_TransactionType"), tranType): Text '104' is set on object 'Object Repository/RecAndPlayBk/Page-Vlink-AuthOnly/txt_TransactionType'

2023-02-08 18:52:26 - [MESSAGE][PASSED] - Text '104' is set on object 'Object Repository/RecAndPlayBk/Page-Vlink-AuthOnly/txt_TransactionType'

2023-02-08 18:52:26 - [TEST_STEP][PASSED] - setText(findTestObject("Object Repository/RecAndPlayBk/Page-Vlink-AuthOnly/txt_MessageVersion"), mv): Text '' is set on object 'Object Repository/RecAndPlayBk/Page-Vlink-AuthOnly/txt_MessageVersion'

2023-02-08 18:52:26 - [MESSAGE][PASSED] - Text '' is set on object 'Object Repository/RecAndPlayBk/Page-Vlink-AuthOnly/txt_MessageVersion'

2023-02-08 18:52:26 - [TEST_STEP][PASSED] - genRemID = RandomStringUtils.random(12, true, true): null

2023-02-08 18:52:26 - [TEST_STEP][PASSED] - setText(findTestObject("Object Repository/RecAndPlayBk/Page-Vlink-AuthOnly/input_Remittance Id_remittance_id"), genRemID): Text 'dYAfvDaKOkH2' is set on object 'Object Repository/RecAndPlayBk/Page-Vlink-AuthOnly/input_Remittance Id_remittance_id'

2023-02-08 18:52:27 - [MESSAGE][PASSED] - Text 'dYAfvDaKOkH2' is set on object 'Object Repository/RecAndPlayBk/Page-Vlink-AuthOnly/input_Remittance Id_remittance_id'

2023-02-08 18:52:27 - [TEST_STEP][PASSED] - setText(findTestObject("Object Repository/RecAndPlayBk/Page-Vlink-AuthOnly/input_Application Id_application_id"), appID): Text '234' is set on object 'Object Repository/RecAndPlayBk/Page-Vlink-AuthOnly/input_Application Id_application_id'

2023-02-08 18:52:27 - [MESSAGE][PASSED] - Text '234' is set on object 'Object Repository/RecAndPlayBk/Page-Vlink-AuthOnly/input_Application Id_application_id'

2023-02-08 18:52:27 - [TEST_STEP][PASSED] - setText(findTestObject("Object Repository/RecAndPlayBk/Page-Vlink-AuthOnly/input_Username_username"), username): Text 'username' is set on object 'Object Repository/RecAndPlayBk/Page-Vlink-AuthOnly/input_Username_username'

2023-02-08 18:52:28 - [MESSAGE][PASSED] - Text 'username' is set on object 'Object Repository/RecAndPlayBk/Page-Vlink-AuthOnly/input_Username_username'

2023-02-08 18:52:28 - [TEST_STEP][PASSED] - setText(findTestObject("Object Repository/RecAndPlayBk/Page-Vlink-AuthOnly/input_Password_password"), password): Text 'password' is set on object 'Object Repository/RecAndPlayBk/Page-Vlink-AuthOnly/input_Password_password'

2023-02-08 18:52:29 - [MESSAGE][PASSED] - Text 'password' is set on object 'Object Repository/RecAndPlayBk/Page-Vlink-AuthOnly/input_Password_password'

2023-02-08 18:52:29 - [TEST_STEP][PASSED] - setText(findTestObject("Object Repository/RecAndPlayBk/Page-Vlink-AuthOnly/txt_ResponseFormat"), resFormat): Text 'fixed_width' is set on object 'Object Repository/RecAndPlayBk/Page-Vlink-AuthOnly/txt_ResponseFormat'

2023-02-08 18:52:29 - [MESSAGE][PASSED] - Text 'fixed_width' is set on object 'Object Repository/RecAndPlayBk/Page-Vlink-AuthOnly/txt_ResponseFormat'

2023-02-08 18:52:29 - [TEST_STEP][PASSED] - setText(findTestObject("Object Repository/RecAndPlayBk/Page-Vlink-AuthOnly/input_Category_category"), category): Text 'RETL' is set on object 'Object Repository/RecAndPlayBk/Page-Vlink-AuthOnly/input_Category_category'

2023-02-08 18:52:30 - [MESSAGE][PASSED] - Text 'RETL' is set on object 'Object Repository/RecAndPlayBk/Page-Vlink-AuthOnly/input_Category_category'

2023-02-08 18:52:30 - [TEST_STEP][PASSED] - setText(findTestObject("Object Repository/RecAndPlayBk/Page-Vlink-AuthOnly/txt_CardName"), cardName): Text 'Kris Roshan' is set on object 'Object Repository/RecAndPlayBk/Page-Vlink-AuthOnly/txt_CardName'

2023-02-08 18:52:31 - [MESSAGE][PASSED] - Text 'Kris Roshan' is set on object 'Object Repository/RecAndPlayBk/Page-Vlink-AuthOnly/txt_CardName'

2023-02-08 18:52:31 - [TEST_STEP][PASSED] - setText(findTestObject("Object Repository/RecAndPlayBk/Page-Vlink-AuthOnly/txt_AL1"), al1): Text '258 Elm Road' is set on object 'Object Repository/RecAndPlayBk/Page-Vlink-AuthOnly/txt_AL1'

2023-02-08 18:52:31 - [MESSAGE][PASSED] - Text '258 Elm Road' is set on object 'Object Repository/RecAndPlayBk/Page-Vlink-AuthOnly/txt_AL1'

2023-02-08 18:52:31 - [TEST_STEP][PASSED] - setText(findTestObject("Object Repository/RecAndPlayBk/Page-Vlink-AuthOnly/txt_CardCity"), city): Text 'Arlington' is set on object 'Object Repository/RecAndPlayBk/Page-Vlink-AuthOnly/txt_CardCity'

2023-02-08 18:52:32 - [MESSAGE][PASSED] - Text 'Arlington' is set on object 'Object Repository/RecAndPlayBk/Page-Vlink-AuthOnly/txt_CardCity'

2023-02-08 18:52:32 - [TEST_STEP][PASSED] - setText(findTestObject("Object Repository/RecAndPlayBk/Page-Vlink-AuthOnly/txt_CardState"), state): Text 'VA' is set on object 'Object Repository/RecAndPlayBk/Page-Vlink-AuthOnly/txt_CardState'

2023-02-08 18:52:32 - [MESSAGE][PASSED] - Text 'VA' is set on object 'Object Repository/RecAndPlayBk/Page-Vlink-AuthOnly/txt_CardState'

2023-02-08 18:52:32 - [TEST_STEP][PASSED] - setText(findTestObject("Object Repository/RecAndPlayBk/Page-Vlink-AuthOnly/txt_CardZIP"), zip): Text '22201' is set on object 'Object Repository/RecAndPlayBk/Page-Vlink-AuthOnly/txt_CardZIP'

2023-02-08 18:52:33 - [MESSAGE][PASSED] - Text '22201' is set on object 'Object Repository/RecAndPlayBk/Page-Vlink-AuthOnly/txt_CardZIP'

2023-02-08 18:52:33 - [TEST_STEP][PASSED] - setText(findTestObject("Object Repository/RecAndPlayBk/Page-Vlink-AuthOnly/input_Amount_amount"), amount): Text '1.50' is set on object 'Object Repository/RecAndPlayBk/Page-Vlink-AuthOnly/input_Amount_amount'

2023-02-08 18:52:34 - [MESSAGE][PASSED] - Text '1.50' is set on object 'Object Repository/RecAndPlayBk/Page-Vlink-AuthOnly/input_Amount_amount'

2023-02-08 18:52:34 - [TEST_STEP][PASSED] - setText(findTestObject("Object Repository/RecAndPlayBk/Page-Vlink-AuthOnly/input_Card number_card_number"), cardNumber): Text '4111111111111111' is set on object 'Object Repository/RecAndPlayBk/Page-Vlink-AuthOnly/input_Card number_card_number'

2023-02-08 18:52:34 - [MESSAGE][PASSED] - Text '4111111111111111' is set on object 'Object Repository/RecAndPlayBk/Page-Vlink-AuthOnly/input_Card number_card_number'

2023-02-08 18:52:34 - [TEST_STEP][PASSED] - setText(findTestObject("Object Repository/RecAndPlayBk/Page-Vlink-AuthOnly/input_Card ex month_card_exmo"), exM): Text '12' is set on object 'Object Repository/RecAndPlayBk/Page-Vlink-AuthOnly/input_Card ex month_card_exmo'

2023-02-08 18:52:35 - [MESSAGE][PASSED] - Text '12' is set on object 'Object Repository/RecAndPlayBk/Page-Vlink-AuthOnly/input_Card ex month_card_exmo'

2023-02-08 18:52:35 - [TEST_STEP][PASSED] - setText(findTestObject("Object Repository/RecAndPlayBk/Page-Vlink-AuthOnly/input_Card ex year_card_exyr"), exY): Text '2025' is set on object 'Object Repository/RecAndPlayBk/Page-Vlink-AuthOnly/input_Card ex year_card_exyr'

2023-02-08 18:52:36 - [MESSAGE][PASSED] - Text '2025' is set on object 'Object Repository/RecAndPlayBk/Page-Vlink-AuthOnly/input_Card ex year_card_exyr'

2023-02-08 18:52:36 - [TEST_STEP][PASSED] - setText(findTestObject("Object Repository/RecAndPlayBk/Page-Vlink-AuthOnly/input_Track Data_track_data"), ""): Text '' is set on object 'Object Repository/RecAndPlayBk/Page-Vlink-AuthOnly/input_Track Data_track_data'

2023-02-08 18:52:36 - [MESSAGE][PASSED] - Text '' is set on object 'Object Repository/RecAndPlayBk/Page-Vlink-AuthOnly/input_Track Data_track_data'

2023-02-08 18:52:36 - [TEST_STEP][PASSED] - setText(findTestObject("Object Repository/RecAndPlayBk/Page-Vlink-AuthOnly/input_concat(Cardholder, , s email)_email"), ""): Text '' is set on object 'Object Repository/RecAndPlayBk/Page-Vlink-AuthOnly/input_concat(Cardholder, , s email)_email'

2023-02-08 18:52:37 - [MESSAGE][PASSED] - Text '' is set on object 'Object Repository/RecAndPlayBk/Page-Vlink-AuthOnly/input_concat(Cardholder, , s email)_email'

2023-02-08 18:52:37 - [TEST_STEP][PASSED] - click(findTestObject("Object Repository/RecAndPlayBk/Page-Vlink-AuthOnly/input_user_defined10_user_defined10")): Object: 'Object Repository/RecAndPlayBk/Page-Vlink-AuthOnly/input_user_defined10_user_defined10' is clicked on

2023-02-08 18:52:37 - [MESSAGE][PASSED] - Object: 'Object Repository/RecAndPlayBk/Page-Vlink-AuthOnly/input_user_defined10_user_defined10' is clicked on

2023-02-08 18:52:37 - [TEST_STEP][PASSED] - setText(findTestObject("Object Repository/RecAndPlayBk/Page-Vlink-AuthOnly/input_Card on File Indicator_card_on_file_i_157dae"), ""): Text '' is set on object 'Object Repository/RecAndPlayBk/Page-Vlink-AuthOnly/input_Card on File Indicator_card_on_file_i_157dae'

2023-02-08 18:52:38 - [MESSAGE][PASSED] - Text '' is set on object 'Object Repository/RecAndPlayBk/Page-Vlink-AuthOnly/input_Card on File Indicator_card_on_file_i_157dae'

2023-02-08 18:52:38 - [TEST_STEP][PASSED] - setText(findTestObject("Object Repository/RecAndPlayBk/Page-Vlink-AuthOnly/input_Stored Credential Indicator_stored_cr_4ae73c"), ""): Text '' is set on object 'Object Repository/RecAndPlayBk/Page-Vlink-AuthOnly/input_Stored Credential Indicator_stored_cr_4ae73c'

2023-02-08 18:52:39 - [MESSAGE][PASSED] - Text '' is set on object 'Object Repository/RecAndPlayBk/Page-Vlink-AuthOnly/input_Stored Credential Indicator_stored_cr_4ae73c'

2023-02-08 18:52:39 - [TEST_STEP][PASSED] - setText(findTestObject("Object Repository/RecAndPlayBk/Page-Vlink-AuthOnly/input_COF Scheduled indicator_cof_scheduled_8df7d8"), ""): Text '' is set on object 'Object Repository/RecAndPlayBk/Page-Vlink-AuthOnly/input_COF Scheduled indicator_cof_scheduled_8df7d8'

2023-02-08 18:52:39 - [MESSAGE][PASSED] - Text '' is set on object 'Object Repository/RecAndPlayBk/Page-Vlink-AuthOnly/input_COF Scheduled indicator_cof_scheduled_8df7d8'

2023-02-08 18:52:39 - [TEST_STEP][PASSED] - setText(findTestObject("Object Repository/RecAndPlayBk/Page-Vlink-AuthOnly/input_COF Transaction Initiated by_cof_tran_6cded5"), ""): Text '' is set on object 'Object Repository/RecAndPlayBk/Page-Vlink-AuthOnly/input_COF Transaction Initiated by_cof_tran_6cded5'

2023-02-08 18:52:40 - [MESSAGE][PASSED] - Text '' is set on object 'Object Repository/RecAndPlayBk/Page-Vlink-AuthOnly/input_COF Transaction Initiated by_cof_tran_6cded5'

2023-02-08 18:52:40 - [TEST_STEP][PASSED] - click(findTestObject("Object Repository/RecAndPlayBk/Page-Vlink-AuthOnly/input")): Object: 'Object Repository/RecAndPlayBk/Page-Vlink-AuthOnly/input' is clicked on

2023-02-08 18:52:40 - [MESSAGE][PASSED] - Object: 'Object Repository/RecAndPlayBk/Page-Vlink-AuthOnly/input' is clicked on

2023-02-08 18:52:40 - [TEST_STEP][PASSED] - if (verifyTextPresent(errorMsg, true)): null

2023-02-08 18:52:41 - [MESSAGE][PASSED] - Text 'Missing parameter: message_version' is present on page  using regular expression

2023-02-08 18:52:41 - [TEST_STEP][PASSED] - println("Error Message is present on the Confirmation page"): null

2023-02-08 18:52:41 - [TEST_STEP][PASSED] - out.println("Pass Record Number: " + row): null

2023-02-08 18:52:41 - [TEST_STEP][PASSED] - resText = "Pass": null

2023-02-08 18:52:41 - [TEST_STEP][PASSED] - pages.WriteExcel.demoKey(resText, datText, resColumn, datCloumn, fileLoc, nameSheet, row): pages.WriteExcel.demoKey is PASSED

2023-02-08 18:52:41 - [MESSAGE][PASSED] - pages.WriteExcel.demoKey is PASSED

2023-02-08 18:52:41 - [TEST_STEP][PASSED] - ExecuteTC = findTestData(dataFile).getValue("Execute", row): null

2023-02-08 18:52:41 - [TEST_STEP][PASSED] - out.println("Value of Execute is : " + ExecuteTC): null

2023-02-08 18:52:41 - [TEST_STEP][PASSED] - if (ExecuteTC.equalsIgnoreCase("Y")): null

2023-02-08 18:52:41 - [TEST_STEP][PASSED] - out.println("Begin Record Number: " + row): null

2023-02-08 18:52:41 - [TEST_STEP][PASSED] - today = new java.util.Date(): null

2023-02-08 18:52:41 - [TEST_STEP][PASSED] - println(today): null

2023-02-08 18:52:41 - [TEST_STEP][PASSED] - datText = today: null

2023-02-08 18:52:41 - [TEST_STEP][PASSED] - errorMsg = findTestData(dataFile).getValue("ErrorMsg", row): null

2023-02-08 18:52:41 - [TEST_STEP][PASSED] - appID = findTestData(dataFile).getValue("AppID", row): null

2023-02-08 18:52:41 - [TEST_STEP][PASSED] - username = findTestData(dataFile).getValue("Username", row): null

2023-02-08 18:52:41 - [TEST_STEP][PASSED] - password = findTestData(dataFile).getValue("Password", row): null

2023-02-08 18:52:41 - [TEST_STEP][PASSED] - tranType = findTestData(dataFile).getValue("TranType", row): null

2023-02-08 18:52:41 - [TEST_STEP][PASSED] - mv = findTestData(dataFile).getValue("MV", row): null

2023-02-08 18:52:41 - [TEST_STEP][PASSED] - resFormat = findTestData(dataFile).getValue("ResFormat", row): null

2023-02-08 18:52:41 - [TEST_STEP][PASSED] - category = findTestData(dataFile).getValue("Category", row): null

2023-02-08 18:52:42 - [TEST_STEP][PASSED] - amount = findTestData(dataFile).getValue("Amount", row): null

2023-02-08 18:52:42 - [TEST_STEP][PASSED] - cardName = findTestData(dataFile).getValue("CardName", row): null

2023-02-08 18:52:42 - [TEST_STEP][PASSED] - al1 = findTestData(dataFile).getValue("AL1", row): null

2023-02-08 18:52:42 - [TEST_STEP][PASSED] - city = findTestData(dataFile).getValue("City", row): null

2023-02-08 18:52:42 - [TEST_STEP][PASSED] - state = findTestData(dataFile).getValue("State", row): null

2023-02-08 18:52:42 - [TEST_STEP][PASSED] - zip = findTestData(dataFile).getValue("ZIP", row): null

2023-02-08 18:52:42 - [TEST_STEP][PASSED] - cardNumber = findTestData(dataFile).getValue("CardNumber", row): null

2023-02-08 18:52:42 - [TEST_STEP][PASSED] - exM = findTestData(dataFile).getValue("ExM", row): null

2023-02-08 18:52:42 - [TEST_STEP][PASSED] - exY = findTestData(dataFile).getValue("ExY", row): null

2023-02-08 18:52:42 - [TEST_STEP][PASSED] - openBrowser(VLinkURL + "auth.html"): Browser is opened with url: 'https://dev-algorithm.govolution.com/vlinktest/QA/version_2_0/auth.html'

2023-02-08 18:52:42 - [MESSAGE][WARNING] - A browser is already opened. Closing browser and opening a new one

2023-02-08 18:52:43 - [MESSAGE][INFO] - Starting 'Chrome' driver

2023-02-08 18:52:43 - [MESSAGE][INFO] - User set preference: ['acceptInsecureCerts', 'true']

2023-02-08 18:52:43 - [MESSAGE][INFO] - Action delay is set to 0 milliseconds

2023-02-08 18:52:45 - [MESSAGE][PASSED] - Browser is opened with url: 'https://dev-algorithm.govolution.com/vlinktest/QA/version_2_0/auth.html'

2023-02-08 18:52:45 - [TEST_STEP][PASSED] - maximizeWindow(): Current window maximized

2023-02-08 18:52:45 - [MESSAGE][PASSED] - Current window maximized

2023-02-08 18:52:45 - [TEST_STEP][PASSED] - maximizeWindow(): Current window maximized

2023-02-08 18:52:45 - [MESSAGE][PASSED] - Current window maximized

2023-02-08 18:52:45 - [TEST_STEP][PASSED] - setText(findTestObject("Object Repository/RecAndPlayBk/Page-Vlink-AuthOnly/txt_TransactionType"), tranType): Text '104' is set on object 'Object Repository/RecAndPlayBk/Page-Vlink-AuthOnly/txt_TransactionType'

2023-02-08 18:52:46 - [MESSAGE][PASSED] - Text '104' is set on object 'Object Repository/RecAndPlayBk/Page-Vlink-AuthOnly/txt_TransactionType'

2023-02-08 18:52:46 - [TEST_STEP][PASSED] - setText(findTestObject("Object Repository/RecAndPlayBk/Page-Vlink-AuthOnly/txt_MessageVersion"), mv): Text '2.0C' is set on object 'Object Repository/RecAndPlayBk/Page-Vlink-AuthOnly/txt_MessageVersion'

2023-02-08 18:52:47 - [MESSAGE][PASSED] - Text '2.0C' is set on object 'Object Repository/RecAndPlayBk/Page-Vlink-AuthOnly/txt_MessageVersion'

2023-02-08 18:52:47 - [TEST_STEP][PASSED] - genRemID = RandomStringUtils.random(12, true, true): null

2023-02-08 18:52:47 - [TEST_STEP][PASSED] - setText(findTestObject("Object Repository/RecAndPlayBk/Page-Vlink-AuthOnly/input_Remittance Id_remittance_id"), genRemID): Text '8vb5gNdRcup9' is set on object 'Object Repository/RecAndPlayBk/Page-Vlink-AuthOnly/input_Remittance Id_remittance_id'

2023-02-08 18:52:47 - [MESSAGE][PASSED] - Text '8vb5gNdRcup9' is set on object 'Object Repository/RecAndPlayBk/Page-Vlink-AuthOnly/input_Remittance Id_remittance_id'

2023-02-08 18:52:47 - [TEST_STEP][PASSED] - setText(findTestObject("Object Repository/RecAndPlayBk/Page-Vlink-AuthOnly/input_Application Id_application_id"), appID): Text '' is set on object 'Object Repository/RecAndPlayBk/Page-Vlink-AuthOnly/input_Application Id_application_id'

2023-02-08 18:52:48 - [MESSAGE][PASSED] - Text '' is set on object 'Object Repository/RecAndPlayBk/Page-Vlink-AuthOnly/input_Application Id_application_id'

2023-02-08 18:52:48 - [TEST_STEP][PASSED] - setText(findTestObject("Object Repository/RecAndPlayBk/Page-Vlink-AuthOnly/input_Username_username"), username): Text 'username' is set on object 'Object Repository/RecAndPlayBk/Page-Vlink-AuthOnly/input_Username_username'

2023-02-08 18:52:49 - [MESSAGE][PASSED] - Text 'username' is set on object 'Object Repository/RecAndPlayBk/Page-Vlink-AuthOnly/input_Username_username'

2023-02-08 18:52:49 - [TEST_STEP][PASSED] - setText(findTestObject("Object Repository/RecAndPlayBk/Page-Vlink-AuthOnly/input_Password_password"), password): Text 'password' is set on object 'Object Repository/RecAndPlayBk/Page-Vlink-AuthOnly/input_Password_password'

2023-02-08 18:52:49 - [MESSAGE][PASSED] - Text 'password' is set on object 'Object Repository/RecAndPlayBk/Page-Vlink-AuthOnly/input_Password_password'

2023-02-08 18:52:49 - [TEST_STEP][PASSED] - setText(findTestObject("Object Repository/RecAndPlayBk/Page-Vlink-AuthOnly/txt_ResponseFormat"), resFormat): Text 'fixed_width' is set on object 'Object Repository/RecAndPlayBk/Page-Vlink-AuthOnly/txt_ResponseFormat'

2023-02-08 18:52:50 - [MESSAGE][PASSED] - Text 'fixed_width' is set on object 'Object Repository/RecAndPlayBk/Page-Vlink-AuthOnly/txt_ResponseFormat'

2023-02-08 18:52:50 - [TEST_STEP][PASSED] - setText(findTestObject("Object Repository/RecAndPlayBk/Page-Vlink-AuthOnly/input_Category_category"), category): Text 'ECOM' is set on object 'Object Repository/RecAndPlayBk/Page-Vlink-AuthOnly/input_Category_category'

2023-02-08 18:52:51 - [MESSAGE][PASSED] - Text 'ECOM' is set on object 'Object Repository/RecAndPlayBk/Page-Vlink-AuthOnly/input_Category_category'

2023-02-08 18:52:51 - [TEST_STEP][PASSED] - setText(findTestObject("Object Repository/RecAndPlayBk/Page-Vlink-AuthOnly/txt_CardName"), cardName): Text 'Kris Roshan' is set on object 'Object Repository/RecAndPlayBk/Page-Vlink-AuthOnly/txt_CardName'

2023-02-08 18:52:51 - [MESSAGE][PASSED] - Text 'Kris Roshan' is set on object 'Object Repository/RecAndPlayBk/Page-Vlink-AuthOnly/txt_CardName'

2023-02-08 18:52:51 - [TEST_STEP][PASSED] - setText(findTestObject("Object Repository/RecAndPlayBk/Page-Vlink-AuthOnly/txt_AL1"), al1): Text '258 Elm Road' is set on object 'Object Repository/RecAndPlayBk/Page-Vlink-AuthOnly/txt_AL1'

2023-02-08 18:52:52 - [MESSAGE][PASSED] - Text '258 Elm Road' is set on object 'Object Repository/RecAndPlayBk/Page-Vlink-AuthOnly/txt_AL1'

2023-02-08 18:52:52 - [TEST_STEP][PASSED] - setText(findTestObject("Object Repository/RecAndPlayBk/Page-Vlink-AuthOnly/txt_CardCity"), city): Text 'Arlington' is set on object 'Object Repository/RecAndPlayBk/Page-Vlink-AuthOnly/txt_CardCity'

2023-02-08 18:52:53 - [MESSAGE][PASSED] - Text 'Arlington' is set on object 'Object Repository/RecAndPlayBk/Page-Vlink-AuthOnly/txt_CardCity'

2023-02-08 18:52:53 - [TEST_STEP][PASSED] - setText(findTestObject("Object Repository/RecAndPlayBk/Page-Vlink-AuthOnly/txt_CardState"), state): Text 'VA' is set on object 'Object Repository/RecAndPlayBk/Page-Vlink-AuthOnly/txt_CardState'

2023-02-08 18:52:53 - [MESSAGE][PASSED] - Text 'VA' is set on object 'Object Repository/RecAndPlayBk/Page-Vlink-AuthOnly/txt_CardState'

2023-02-08 18:52:53 - [TEST_STEP][PASSED] - setText(findTestObject("Object Repository/RecAndPlayBk/Page-Vlink-AuthOnly/txt_CardZIP"), zip): Text '22201' is set on object 'Object Repository/RecAndPlayBk/Page-Vlink-AuthOnly/txt_CardZIP'

2023-02-08 18:52:54 - [MESSAGE][PASSED] - Text '22201' is set on object 'Object Repository/RecAndPlayBk/Page-Vlink-AuthOnly/txt_CardZIP'

2023-02-08 18:52:54 - [TEST_STEP][PASSED] - setText(findTestObject("Object Repository/RecAndPlayBk/Page-Vlink-AuthOnly/input_Amount_amount"), amount): Text '1.50' is set on object 'Object Repository/RecAndPlayBk/Page-Vlink-AuthOnly/input_Amount_amount'

2023-02-08 18:52:55 - [MESSAGE][PASSED] - Text '1.50' is set on object 'Object Repository/RecAndPlayBk/Page-Vlink-AuthOnly/input_Amount_amount'

2023-02-08 18:52:55 - [TEST_STEP][PASSED] - setText(findTestObject("Object Repository/RecAndPlayBk/Page-Vlink-AuthOnly/input_Card number_card_number"), cardNumber): Text '4111111111111111' is set on object 'Object Repository/RecAndPlayBk/Page-Vlink-AuthOnly/input_Card number_card_number'

2023-02-08 18:52:55 - [MESSAGE][PASSED] - Text '4111111111111111' is set on object 'Object Repository/RecAndPlayBk/Page-Vlink-AuthOnly/input_Card number_card_number'

2023-02-08 18:52:55 - [TEST_STEP][PASSED] - setText(findTestObject("Object Repository/RecAndPlayBk/Page-Vlink-AuthOnly/input_Card ex month_card_exmo"), exM): Text '12' is set on object 'Object Repository/RecAndPlayBk/Page-Vlink-AuthOnly/input_Card ex month_card_exmo'

2023-02-08 18:52:56 - [MESSAGE][PASSED] - Text '12' is set on object 'Object Repository/RecAndPlayBk/Page-Vlink-AuthOnly/input_Card ex month_card_exmo'

2023-02-08 18:52:56 - [TEST_STEP][PASSED] - setText(findTestObject("Object Repository/RecAndPlayBk/Page-Vlink-AuthOnly/input_Card ex year_card_exyr"), exY): Text '2025' is set on object 'Object Repository/RecAndPlayBk/Page-Vlink-AuthOnly/input_Card ex year_card_exyr'

2023-02-08 18:52:56 - [MESSAGE][PASSED] - Text '2025' is set on object 'Object Repository/RecAndPlayBk/Page-Vlink-AuthOnly/input_Card ex year_card_exyr'

2023-02-08 18:52:56 - [TEST_STEP][PASSED] - setText(findTestObject("Object Repository/RecAndPlayBk/Page-Vlink-AuthOnly/input_Track Data_track_data"), ""): Text '' is set on object 'Object Repository/RecAndPlayBk/Page-Vlink-AuthOnly/input_Track Data_track_data'

2023-02-08 18:52:57 - [MESSAGE][PASSED] - Text '' is set on object 'Object Repository/RecAndPlayBk/Page-Vlink-AuthOnly/input_Track Data_track_data'

2023-02-08 18:52:57 - [TEST_STEP][PASSED] - setText(findTestObject("Object Repository/RecAndPlayBk/Page-Vlink-AuthOnly/input_concat(Cardholder, , s email)_email"), ""): Text '' is set on object 'Object Repository/RecAndPlayBk/Page-Vlink-AuthOnly/input_concat(Cardholder, , s email)_email'

2023-02-08 18:52:58 - [MESSAGE][PASSED] - Text '' is set on object 'Object Repository/RecAndPlayBk/Page-Vlink-AuthOnly/input_concat(Cardholder, , s email)_email'

2023-02-08 18:52:58 - [TEST_STEP][PASSED] - click(findTestObject("Object Repository/RecAndPlayBk/Page-Vlink-AuthOnly/input_user_defined10_user_defined10")): Object: 'Object Repository/RecAndPlayBk/Page-Vlink-AuthOnly/input_user_defined10_user_defined10' is clicked on

2023-02-08 18:52:58 - [MESSAGE][PASSED] - Object: 'Object Repository/RecAndPlayBk/Page-Vlink-AuthOnly/input_user_defined10_user_defined10' is clicked on

2023-02-08 18:52:58 - [TEST_STEP][PASSED] - setText(findTestObject("Object Repository/RecAndPlayBk/Page-Vlink-AuthOnly/input_Card on File Indicator_card_on_file_i_157dae"), ""): Text '' is set on object 'Object Repository/RecAndPlayBk/Page-Vlink-AuthOnly/input_Card on File Indicator_card_on_file_i_157dae'

2023-02-08 18:52:59 - [MESSAGE][PASSED] - Text '' is set on object 'Object Repository/RecAndPlayBk/Page-Vlink-AuthOnly/input_Card on File Indicator_card_on_file_i_157dae'

2023-02-08 18:52:59 - [TEST_STEP][PASSED] - setText(findTestObject("Object Repository/RecAndPlayBk/Page-Vlink-AuthOnly/input_Stored Credential Indicator_stored_cr_4ae73c"), ""): Text '' is set on object 'Object Repository/RecAndPlayBk/Page-Vlink-AuthOnly/input_Stored Credential Indicator_stored_cr_4ae73c'

2023-02-08 18:53:00 - [MESSAGE][PASSED] - Text '' is set on object 'Object Repository/RecAndPlayBk/Page-Vlink-AuthOnly/input_Stored Credential Indicator_stored_cr_4ae73c'

2023-02-08 18:53:00 - [TEST_STEP][PASSED] - setText(findTestObject("Object Repository/RecAndPlayBk/Page-Vlink-AuthOnly/input_COF Scheduled indicator_cof_scheduled_8df7d8"), ""): Text '' is set on object 'Object Repository/RecAndPlayBk/Page-Vlink-AuthOnly/input_COF Scheduled indicator_cof_scheduled_8df7d8'

2023-02-08 18:53:00 - [MESSAGE][PASSED] - Text '' is set on object 'Object Repository/RecAndPlayBk/Page-Vlink-AuthOnly/input_COF Scheduled indicator_cof_scheduled_8df7d8'

2023-02-08 18:53:00 - [TEST_STEP][PASSED] - setText(findTestObject("Object Repository/RecAndPlayBk/Page-Vlink-AuthOnly/input_COF Transaction Initiated by_cof_tran_6cded5"), ""): Text '' is set on object 'Object Repository/RecAndPlayBk/Page-Vlink-AuthOnly/input_COF Transaction Initiated by_cof_tran_6cded5'

2023-02-08 18:53:01 - [MESSAGE][PASSED] - Text '' is set on object 'Object Repository/RecAndPlayBk/Page-Vlink-AuthOnly/input_COF Transaction Initiated by_cof_tran_6cded5'

2023-02-08 18:53:01 - [TEST_STEP][PASSED] - click(findTestObject("Object Repository/RecAndPlayBk/Page-Vlink-AuthOnly/input")): Object: 'Object Repository/RecAndPlayBk/Page-Vlink-AuthOnly/input' is clicked on

2023-02-08 18:53:01 - [MESSAGE][PASSED] - Object: 'Object Repository/RecAndPlayBk/Page-Vlink-AuthOnly/input' is clicked on

2023-02-08 18:53:01 - [TEST_STEP][PASSED] - if (verifyTextPresent(errorMsg, true)): null

2023-02-08 18:53:02 - [MESSAGE][PASSED] - Text 'Missing parameter: application_id' is present on page  using regular expression

2023-02-08 18:53:02 - [TEST_STEP][PASSED] - println("Error Message is present on the Confirmation page"): null

2023-02-08 18:53:02 - [TEST_STEP][PASSED] - out.println("Pass Record Number: " + row): null

2023-02-08 18:53:02 - [TEST_STEP][PASSED] - resText = "Pass": null

2023-02-08 18:53:02 - [TEST_STEP][PASSED] - pages.WriteExcel.demoKey(resText, datText, resColumn, datCloumn, fileLoc, nameSheet, row): pages.WriteExcel.demoKey is PASSED

2023-02-08 18:53:02 - [MESSAGE][PASSED] - pages.WriteExcel.demoKey is PASSED

2023-02-08 18:53:02 - [TEST_STEP][PASSED] - ExecuteTC = findTestData(dataFile).getValue("Execute", row): null

2023-02-08 18:53:02 - [TEST_STEP][PASSED] - out.println("Value of Execute is : " + ExecuteTC): null

2023-02-08 18:53:02 - [TEST_STEP][PASSED] - if (ExecuteTC.equalsIgnoreCase("Y")): null

2023-02-08 18:53:02 - [TEST_STEP][PASSED] - out.println("Begin Record Number: " + row): null

2023-02-08 18:53:02 - [TEST_STEP][PASSED] - today = new java.util.Date(): null

2023-02-08 18:53:02 - [TEST_STEP][PASSED] - println(today): null

2023-02-08 18:53:02 - [TEST_STEP][PASSED] - datText = today: null

2023-02-08 18:53:02 - [TEST_STEP][PASSED] - errorMsg = findTestData(dataFile).getValue("ErrorMsg", row): null

2023-02-08 18:53:02 - [TEST_STEP][PASSED] - appID = findTestData(dataFile).getValue("AppID", row): null

2023-02-08 18:53:02 - [TEST_STEP][PASSED] - username = findTestData(dataFile).getValue("Username", row): null

2023-02-08 18:53:02 - [TEST_STEP][PASSED] - password = findTestData(dataFile).getValue("Password", row): null

2023-02-08 18:53:02 - [TEST_STEP][PASSED] - tranType = findTestData(dataFile).getValue("TranType", row): null

2023-02-08 18:53:02 - [TEST_STEP][PASSED] - mv = findTestData(dataFile).getValue("MV", row): null

2023-02-08 18:53:02 - [TEST_STEP][PASSED] - resFormat = findTestData(dataFile).getValue("ResFormat", row): null

2023-02-08 18:53:02 - [TEST_STEP][PASSED] - category = findTestData(dataFile).getValue("Category", row): null

2023-02-08 18:53:02 - [TEST_STEP][PASSED] - amount = findTestData(dataFile).getValue("Amount", row): null

2023-02-08 18:53:03 - [TEST_STEP][PASSED] - cardName = findTestData(dataFile).getValue("CardName", row): null

2023-02-08 18:53:03 - [TEST_STEP][PASSED] - al1 = findTestData(dataFile).getValue("AL1", row): null

2023-02-08 18:53:03 - [TEST_STEP][PASSED] - city = findTestData(dataFile).getValue("City", row): null

2023-02-08 18:53:03 - [TEST_STEP][PASSED] - state = findTestData(dataFile).getValue("State", row): null

2023-02-08 18:53:03 - [TEST_STEP][PASSED] - zip = findTestData(dataFile).getValue("ZIP", row): null

2023-02-08 18:53:03 - [TEST_STEP][PASSED] - cardNumber = findTestData(dataFile).getValue("CardNumber", row): null

2023-02-08 18:53:03 - [TEST_STEP][PASSED] - exM = findTestData(dataFile).getValue("ExM", row): null

2023-02-08 18:53:03 - [TEST_STEP][PASSED] - exY = findTestData(dataFile).getValue("ExY", row): null

2023-02-08 18:53:03 - [TEST_STEP][PASSED] - openBrowser(VLinkURL + "auth.html"): Browser is opened with url: 'https://dev-algorithm.govolution.com/vlinktest/QA/version_2_0/auth.html'

2023-02-08 18:53:03 - [MESSAGE][WARNING] - A browser is already opened. Closing browser and opening a new one

2023-02-08 18:53:04 - [MESSAGE][INFO] - Starting 'Chrome' driver

2023-02-08 18:53:04 - [MESSAGE][INFO] - User set preference: ['acceptInsecureCerts', 'true']

2023-02-08 18:53:04 - [MESSAGE][INFO] - Action delay is set to 0 milliseconds

2023-02-08 18:53:06 - [MESSAGE][PASSED] - Browser is opened with url: 'https://dev-algorithm.govolution.com/vlinktest/QA/version_2_0/auth.html'

2023-02-08 18:53:06 - [TEST_STEP][PASSED] - maximizeWindow(): Current window maximized

2023-02-08 18:53:06 - [MESSAGE][PASSED] - Current window maximized

2023-02-08 18:53:06 - [TEST_STEP][PASSED] - maximizeWindow(): Current window maximized

2023-02-08 18:53:06 - [MESSAGE][PASSED] - Current window maximized

2023-02-08 18:53:06 - [TEST_STEP][PASSED] - setText(findTestObject("Object Repository/RecAndPlayBk/Page-Vlink-AuthOnly/txt_TransactionType"), tranType): Text '104' is set on object 'Object Repository/RecAndPlayBk/Page-Vlink-AuthOnly/txt_TransactionType'

2023-02-08 18:53:07 - [MESSAGE][PASSED] - Text '104' is set on object 'Object Repository/RecAndPlayBk/Page-Vlink-AuthOnly/txt_TransactionType'

2023-02-08 18:53:07 - [TEST_STEP][PASSED] - setText(findTestObject("Object Repository/RecAndPlayBk/Page-Vlink-AuthOnly/txt_MessageVersion"), mv): Text '2.0C' is set on object 'Object Repository/RecAndPlayBk/Page-Vlink-AuthOnly/txt_MessageVersion'

2023-02-08 18:53:08 - [MESSAGE][PASSED] - Text '2.0C' is set on object 'Object Repository/RecAndPlayBk/Page-Vlink-AuthOnly/txt_MessageVersion'

2023-02-08 18:53:08 - [TEST_STEP][PASSED] - genRemID = RandomStringUtils.random(12, true, true): null

2023-02-08 18:53:08 - [TEST_STEP][PASSED] - setText(findTestObject("Object Repository/RecAndPlayBk/Page-Vlink-AuthOnly/input_Remittance Id_remittance_id"), genRemID): Text '32DNBh8PjdUM' is set on object 'Object Repository/RecAndPlayBk/Page-Vlink-AuthOnly/input_Remittance Id_remittance_id'

2023-02-08 18:53:08 - [MESSAGE][PASSED] - Text '32DNBh8PjdUM' is set on object 'Object Repository/RecAndPlayBk/Page-Vlink-AuthOnly/input_Remittance Id_remittance_id'

2023-02-08 18:53:08 - [TEST_STEP][PASSED] - setText(findTestObject("Object Repository/RecAndPlayBk/Page-Vlink-AuthOnly/input_Application Id_application_id"), appID): Text '' is set on object 'Object Repository/RecAndPlayBk/Page-Vlink-AuthOnly/input_Application Id_application_id'

2023-02-08 18:53:09 - [MESSAGE][PASSED] - Text '' is set on object 'Object Repository/RecAndPlayBk/Page-Vlink-AuthOnly/input_Application Id_application_id'

2023-02-08 18:53:09 - [TEST_STEP][PASSED] - setText(findTestObject("Object Repository/RecAndPlayBk/Page-Vlink-AuthOnly/input_Username_username"), username): Text 'username' is set on object 'Object Repository/RecAndPlayBk/Page-Vlink-AuthOnly/input_Username_username'

2023-02-08 18:53:09 - [MESSAGE][PASSED] - Text 'username' is set on object 'Object Repository/RecAndPlayBk/Page-Vlink-AuthOnly/input_Username_username'

2023-02-08 18:53:09 - [TEST_STEP][PASSED] - setText(findTestObject("Object Repository/RecAndPlayBk/Page-Vlink-AuthOnly/input_Password_password"), password): Text 'password' is set on object 'Object Repository/RecAndPlayBk/Page-Vlink-AuthOnly/input_Password_password'

2023-02-08 18:53:10 - [MESSAGE][PASSED] - Text 'password' is set on object 'Object Repository/RecAndPlayBk/Page-Vlink-AuthOnly/input_Password_password'

2023-02-08 18:53:10 - [TEST_STEP][PASSED] - setText(findTestObject("Object Repository/RecAndPlayBk/Page-Vlink-AuthOnly/txt_ResponseFormat"), resFormat): Text 'fixed_width' is set on object 'Object Repository/RecAndPlayBk/Page-Vlink-AuthOnly/txt_ResponseFormat'

2023-02-08 18:53:11 - [MESSAGE][PASSED] - Text 'fixed_width' is set on object 'Object Repository/RecAndPlayBk/Page-Vlink-AuthOnly/txt_ResponseFormat'

2023-02-08 18:53:11 - [TEST_STEP][PASSED] - setText(findTestObject("Object Repository/RecAndPlayBk/Page-Vlink-AuthOnly/input_Category_category"), category): Text 'MOTO' is set on object 'Object Repository/RecAndPlayBk/Page-Vlink-AuthOnly/input_Category_category'

2023-02-08 18:53:11 - [MESSAGE][PASSED] - Text 'MOTO' is set on object 'Object Repository/RecAndPlayBk/Page-Vlink-AuthOnly/input_Category_category'

2023-02-08 18:53:11 - [TEST_STEP][PASSED] - setText(findTestObject("Object Repository/RecAndPlayBk/Page-Vlink-AuthOnly/txt_CardName"), cardName): Text 'Kris Roshan' is set on object 'Object Repository/RecAndPlayBk/Page-Vlink-AuthOnly/txt_CardName'

2023-02-08 18:53:12 - [MESSAGE][PASSED] - Text 'Kris Roshan' is set on object 'Object Repository/RecAndPlayBk/Page-Vlink-AuthOnly/txt_CardName'

2023-02-08 18:53:12 - [TEST_STEP][PASSED] - setText(findTestObject("Object Repository/RecAndPlayBk/Page-Vlink-AuthOnly/txt_AL1"), al1): Text '258 Elm Road' is set on object 'Object Repository/RecAndPlayBk/Page-Vlink-AuthOnly/txt_AL1'

2023-02-08 18:53:13 - [MESSAGE][PASSED] - Text '258 Elm Road' is set on object 'Object Repository/RecAndPlayBk/Page-Vlink-AuthOnly/txt_AL1'

2023-02-08 18:53:13 - [TEST_STEP][PASSED] - setText(findTestObject("Object Repository/RecAndPlayBk/Page-Vlink-AuthOnly/txt_CardCity"), city): Text 'Arlington' is set on object 'Object Repository/RecAndPlayBk/Page-Vlink-AuthOnly/txt_CardCity'

2023-02-08 18:53:13 - [MESSAGE][PASSED] - Text 'Arlington' is set on object 'Object Repository/RecAndPlayBk/Page-Vlink-AuthOnly/txt_CardCity'

2023-02-08 18:53:13 - [TEST_STEP][PASSED] - setText(findTestObject("Object Repository/RecAndPlayBk/Page-Vlink-AuthOnly/txt_CardState"), state): Text 'VA' is set on object 'Object Repository/RecAndPlayBk/Page-Vlink-AuthOnly/txt_CardState'

2023-02-08 18:53:14 - [MESSAGE][PASSED] - Text 'VA' is set on object 'Object Repository/RecAndPlayBk/Page-Vlink-AuthOnly/txt_CardState'

2023-02-08 18:53:14 - [TEST_STEP][PASSED] - setText(findTestObject("Object Repository/RecAndPlayBk/Page-Vlink-AuthOnly/txt_CardZIP"), zip): Text '22201' is set on object 'Object Repository/RecAndPlayBk/Page-Vlink-AuthOnly/txt_CardZIP'

2023-02-08 18:53:14 - [MESSAGE][PASSED] - Text '22201' is set on object 'Object Repository/RecAndPlayBk/Page-Vlink-AuthOnly/txt_CardZIP'

2023-02-08 18:53:14 - [TEST_STEP][PASSED] - setText(findTestObject("Object Repository/RecAndPlayBk/Page-Vlink-AuthOnly/input_Amount_amount"), amount): Text '1.50' is set on object 'Object Repository/RecAndPlayBk/Page-Vlink-AuthOnly/input_Amount_amount'

2023-02-08 18:53:15 - [MESSAGE][PASSED] - Text '1.50' is set on object 'Object Repository/RecAndPlayBk/Page-Vlink-AuthOnly/input_Amount_amount'

2023-02-08 18:53:15 - [TEST_STEP][PASSED] - setText(findTestObject("Object Repository/RecAndPlayBk/Page-Vlink-AuthOnly/input_Card number_card_number"), cardNumber): Text '4111111111111111' is set on object 'Object Repository/RecAndPlayBk/Page-Vlink-AuthOnly/input_Card number_card_number'

2023-02-08 18:53:16 - [MESSAGE][PASSED] - Text '4111111111111111' is set on object 'Object Repository/RecAndPlayBk/Page-Vlink-AuthOnly/input_Card number_card_number'

2023-02-08 18:53:16 - [TEST_STEP][PASSED] - setText(findTestObject("Object Repository/RecAndPlayBk/Page-Vlink-AuthOnly/input_Card ex month_card_exmo"), exM): Text '12' is set on object 'Object Repository/RecAndPlayBk/Page-Vlink-AuthOnly/input_Card ex month_card_exmo'

2023-02-08 18:53:16 - [MESSAGE][PASSED] - Text '12' is set on object 'Object Repository/RecAndPlayBk/Page-Vlink-AuthOnly/input_Card ex month_card_exmo'

2023-02-08 18:53:16 - [TEST_STEP][PASSED] - setText(findTestObject("Object Repository/RecAndPlayBk/Page-Vlink-AuthOnly/input_Card ex year_card_exyr"), exY): Text '2025' is set on object 'Object Repository/RecAndPlayBk/Page-Vlink-AuthOnly/input_Card ex year_card_exyr'

2023-02-08 18:53:17 - [MESSAGE][PASSED] - Text '2025' is set on object 'Object Repository/RecAndPlayBk/Page-Vlink-AuthOnly/input_Card ex year_card_exyr'

2023-02-08 18:53:17 - [TEST_STEP][PASSED] - setText(findTestObject("Object Repository/RecAndPlayBk/Page-Vlink-AuthOnly/input_Track Data_track_data"), ""): Text '' is set on object 'Object Repository/RecAndPlayBk/Page-Vlink-AuthOnly/input_Track Data_track_data'

2023-02-08 18:53:18 - [MESSAGE][PASSED] - Text '' is set on object 'Object Repository/RecAndPlayBk/Page-Vlink-AuthOnly/input_Track Data_track_data'

2023-02-08 18:53:18 - [TEST_STEP][PASSED] - setText(findTestObject("Object Repository/RecAndPlayBk/Page-Vlink-AuthOnly/input_concat(Cardholder, , s email)_email"), ""): Text '' is set on object 'Object Repository/RecAndPlayBk/Page-Vlink-AuthOnly/input_concat(Cardholder, , s email)_email'

2023-02-08 18:53:18 - [MESSAGE][PASSED] - Text '' is set on object 'Object Repository/RecAndPlayBk/Page-Vlink-AuthOnly/input_concat(Cardholder, , s email)_email'

2023-02-08 18:53:18 - [TEST_STEP][PASSED] - click(findTestObject("Object Repository/RecAndPlayBk/Page-Vlink-AuthOnly/input_user_defined10_user_defined10")): Object: 'Object Repository/RecAndPlayBk/Page-Vlink-AuthOnly/input_user_defined10_user_defined10' is clicked on

2023-02-08 18:53:19 - [MESSAGE][PASSED] - Object: 'Object Repository/RecAndPlayBk/Page-Vlink-AuthOnly/input_user_defined10_user_defined10' is clicked on

2023-02-08 18:53:19 - [TEST_STEP][PASSED] - setText(findTestObject("Object Repository/RecAndPlayBk/Page-Vlink-AuthOnly/input_Card on File Indicator_card_on_file_i_157dae"), ""): Text '' is set on object 'Object Repository/RecAndPlayBk/Page-Vlink-AuthOnly/input_Card on File Indicator_card_on_file_i_157dae'

2023-02-08 18:53:19 - [MESSAGE][PASSED] - Text '' is set on object 'Object Repository/RecAndPlayBk/Page-Vlink-AuthOnly/input_Card on File Indicator_card_on_file_i_157dae'

2023-02-08 18:53:19 - [TEST_STEP][PASSED] - setText(findTestObject("Object Repository/RecAndPlayBk/Page-Vlink-AuthOnly/input_Stored Credential Indicator_stored_cr_4ae73c"), ""): Text '' is set on object 'Object Repository/RecAndPlayBk/Page-Vlink-AuthOnly/input_Stored Credential Indicator_stored_cr_4ae73c'

2023-02-08 18:53:20 - [MESSAGE][PASSED] - Text '' is set on object 'Object Repository/RecAndPlayBk/Page-Vlink-AuthOnly/input_Stored Credential Indicator_stored_cr_4ae73c'

2023-02-08 18:53:20 - [TEST_STEP][PASSED] - setText(findTestObject("Object Repository/RecAndPlayBk/Page-Vlink-AuthOnly/input_COF Scheduled indicator_cof_scheduled_8df7d8"), ""): Text '' is set on object 'Object Repository/RecAndPlayBk/Page-Vlink-AuthOnly/input_COF Scheduled indicator_cof_scheduled_8df7d8'

2023-02-08 18:53:21 - [MESSAGE][PASSED] - Text '' is set on object 'Object Repository/RecAndPlayBk/Page-Vlink-AuthOnly/input_COF Scheduled indicator_cof_scheduled_8df7d8'

2023-02-08 18:53:21 - [TEST_STEP][PASSED] - setText(findTestObject("Object Repository/RecAndPlayBk/Page-Vlink-AuthOnly/input_COF Transaction Initiated by_cof_tran_6cded5"), ""): Text '' is set on object 'Object Repository/RecAndPlayBk/Page-Vlink-AuthOnly/input_COF Transaction Initiated by_cof_tran_6cded5'

2023-02-08 18:53:21 - [MESSAGE][PASSED] - Text '' is set on object 'Object Repository/RecAndPlayBk/Page-Vlink-AuthOnly/input_COF Transaction Initiated by_cof_tran_6cded5'

2023-02-08 18:53:21 - [TEST_STEP][PASSED] - click(findTestObject("Object Repository/RecAndPlayBk/Page-Vlink-AuthOnly/input")): Object: 'Object Repository/RecAndPlayBk/Page-Vlink-AuthOnly/input' is clicked on

2023-02-08 18:53:22 - [MESSAGE][PASSED] - Object: 'Object Repository/RecAndPlayBk/Page-Vlink-AuthOnly/input' is clicked on

2023-02-08 18:53:22 - [TEST_STEP][PASSED] - if (verifyTextPresent(errorMsg, true)): null

2023-02-08 18:53:22 - [MESSAGE][PASSED] - Text 'Missing parameter: application_id' is present on page  using regular expression

2023-02-08 18:53:22 - [TEST_STEP][PASSED] - println("Error Message is present on the Confirmation page"): null

2023-02-08 18:53:22 - [TEST_STEP][PASSED] - out.println("Pass Record Number: " + row): null

2023-02-08 18:53:22 - [TEST_STEP][PASSED] - resText = "Pass": null

2023-02-08 18:53:22 - [TEST_STEP][PASSED] - pages.WriteExcel.demoKey(resText, datText, resColumn, datCloumn, fileLoc, nameSheet, row): pages.WriteExcel.demoKey is PASSED

2023-02-08 18:53:22 - [MESSAGE][PASSED] - pages.WriteExcel.demoKey is PASSED

2023-02-08 18:53:22 - [TEST_STEP][PASSED] - ExecuteTC = findTestData(dataFile).getValue("Execute", row): null

2023-02-08 18:53:22 - [TEST_STEP][PASSED] - out.println("Value of Execute is : " + ExecuteTC): null

2023-02-08 18:53:22 - [TEST_STEP][PASSED] - if (ExecuteTC.equalsIgnoreCase("Y")): null

2023-02-08 18:53:22 - [TEST_STEP][PASSED] - out.println("Begin Record Number: " + row): null

2023-02-08 18:53:22 - [TEST_STEP][PASSED] - today = new java.util.Date(): null

2023-02-08 18:53:22 - [TEST_STEP][PASSED] - println(today): null

2023-02-08 18:53:22 - [TEST_STEP][PASSED] - datText = today: null

2023-02-08 18:53:22 - [TEST_STEP][PASSED] - errorMsg = findTestData(dataFile).getValue("ErrorMsg", row): null

2023-02-08 18:53:22 - [TEST_STEP][PASSED] - appID = findTestData(dataFile).getValue("AppID", row): null

2023-02-08 18:53:22 - [TEST_STEP][PASSED] - username = findTestData(dataFile).getValue("Username", row): null

2023-02-08 18:53:23 - [TEST_STEP][PASSED] - password = findTestData(dataFile).getValue("Password", row): null

2023-02-08 18:53:23 - [TEST_STEP][PASSED] - tranType = findTestData(dataFile).getValue("TranType", row): null

2023-02-08 18:53:23 - [TEST_STEP][PASSED] - mv = findTestData(dataFile).getValue("MV", row): null

2023-02-08 18:53:23 - [TEST_STEP][PASSED] - resFormat = findTestData(dataFile).getValue("ResFormat", row): null

2023-02-08 18:53:23 - [TEST_STEP][PASSED] - category = findTestData(dataFile).getValue("Category", row): null

2023-02-08 18:53:23 - [TEST_STEP][PASSED] - amount = findTestData(dataFile).getValue("Amount", row): null

2023-02-08 18:53:23 - [TEST_STEP][PASSED] - cardName = findTestData(dataFile).getValue("CardName", row): null

2023-02-08 18:53:23 - [TEST_STEP][PASSED] - al1 = findTestData(dataFile).getValue("AL1", row): null

2023-02-08 18:53:23 - [TEST_STEP][PASSED] - city = findTestData(dataFile).getValue("City", row): null

2023-02-08 18:53:23 - [TEST_STEP][PASSED] - state = findTestData(dataFile).getValue("State", row): null

2023-02-08 18:53:23 - [TEST_STEP][PASSED] - zip = findTestData(dataFile).getValue("ZIP", row): null

2023-02-08 18:53:23 - [TEST_STEP][PASSED] - cardNumber = findTestData(dataFile).getValue("CardNumber", row): null

2023-02-08 18:53:24 - [TEST_STEP][PASSED] - exM = findTestData(dataFile).getValue("ExM", row): null

2023-02-08 18:53:24 - [TEST_STEP][PASSED] - exY = findTestData(dataFile).getValue("ExY", row): null

2023-02-08 18:53:24 - [TEST_STEP][PASSED] - openBrowser(VLinkURL + "auth.html"): Browser is opened with url: 'https://dev-algorithm.govolution.com/vlinktest/QA/version_2_0/auth.html'

2023-02-08 18:53:24 - [MESSAGE][WARNING] - A browser is already opened. Closing browser and opening a new one

2023-02-08 18:53:25 - [MESSAGE][INFO] - Starting 'Chrome' driver

2023-02-08 18:53:25 - [MESSAGE][INFO] - User set preference: ['acceptInsecureCerts', 'true']

2023-02-08 18:53:25 - [MESSAGE][INFO] - Action delay is set to 0 milliseconds

2023-02-08 18:53:26 - [MESSAGE][PASSED] - Browser is opened with url: 'https://dev-algorithm.govolution.com/vlinktest/QA/version_2_0/auth.html'

2023-02-08 18:53:26 - [TEST_STEP][PASSED] - maximizeWindow(): Current window maximized

2023-02-08 18:53:27 - [MESSAGE][PASSED] - Current window maximized

2023-02-08 18:53:27 - [TEST_STEP][PASSED] - maximizeWindow(): Current window maximized

2023-02-08 18:53:27 - [MESSAGE][PASSED] - Current window maximized

2023-02-08 18:53:27 - [TEST_STEP][PASSED] - setText(findTestObject("Object Repository/RecAndPlayBk/Page-Vlink-AuthOnly/txt_TransactionType"), tranType): Text '104' is set on object 'Object Repository/RecAndPlayBk/Page-Vlink-AuthOnly/txt_TransactionType'

2023-02-08 18:53:27 - [MESSAGE][PASSED] - Text '104' is set on object 'Object Repository/RecAndPlayBk/Page-Vlink-AuthOnly/txt_TransactionType'

2023-02-08 18:53:27 - [TEST_STEP][PASSED] - setText(findTestObject("Object Repository/RecAndPlayBk/Page-Vlink-AuthOnly/txt_MessageVersion"), mv): Text '2.0C' is set on object 'Object Repository/RecAndPlayBk/Page-Vlink-AuthOnly/txt_MessageVersion'

2023-02-08 18:53:28 - [MESSAGE][PASSED] - Text '2.0C' is set on object 'Object Repository/RecAndPlayBk/Page-Vlink-AuthOnly/txt_MessageVersion'

2023-02-08 18:53:28 - [TEST_STEP][PASSED] - genRemID = RandomStringUtils.random(12, true, true): null

2023-02-08 18:53:28 - [TEST_STEP][PASSED] - setText(findTestObject("Object Repository/RecAndPlayBk/Page-Vlink-AuthOnly/input_Remittance Id_remittance_id"), genRemID): Text 'OJWF8BeCLNMt' is set on object 'Object Repository/RecAndPlayBk/Page-Vlink-AuthOnly/input_Remittance Id_remittance_id'

2023-02-08 18:53:29 - [MESSAGE][PASSED] - Text 'OJWF8BeCLNMt' is set on object 'Object Repository/RecAndPlayBk/Page-Vlink-AuthOnly/input_Remittance Id_remittance_id'

2023-02-08 18:53:29 - [TEST_STEP][PASSED] - setText(findTestObject("Object Repository/RecAndPlayBk/Page-Vlink-AuthOnly/input_Application Id_application_id"), appID): Text '' is set on object 'Object Repository/RecAndPlayBk/Page-Vlink-AuthOnly/input_Application Id_application_id'

2023-02-08 18:53:29 - [MESSAGE][PASSED] - Text '' is set on object 'Object Repository/RecAndPlayBk/Page-Vlink-AuthOnly/input_Application Id_application_id'

2023-02-08 18:53:29 - [TEST_STEP][PASSED] - setText(findTestObject("Object Repository/RecAndPlayBk/Page-Vlink-AuthOnly/input_Username_username"), username): Text 'username' is set on object 'Object Repository/RecAndPlayBk/Page-Vlink-AuthOnly/input_Username_username'

2023-02-08 18:53:30 - [MESSAGE][PASSED] - Text 'username' is set on object 'Object Repository/RecAndPlayBk/Page-Vlink-AuthOnly/input_Username_username'

2023-02-08 18:53:30 - [TEST_STEP][PASSED] - setText(findTestObject("Object Repository/RecAndPlayBk/Page-Vlink-AuthOnly/input_Password_password"), password): Text 'password' is set on object 'Object Repository/RecAndPlayBk/Page-Vlink-AuthOnly/input_Password_password'

2023-02-08 18:53:30 - [MESSAGE][PASSED] - Text 'password' is set on object 'Object Repository/RecAndPlayBk/Page-Vlink-AuthOnly/input_Password_password'

2023-02-08 18:53:30 - [TEST_STEP][PASSED] - setText(findTestObject("Object Repository/RecAndPlayBk/Page-Vlink-AuthOnly/txt_ResponseFormat"), resFormat): Text 'fixed_width' is set on object 'Object Repository/RecAndPlayBk/Page-Vlink-AuthOnly/txt_ResponseFormat'

2023-02-08 18:53:31 - [MESSAGE][PASSED] - Text 'fixed_width' is set on object 'Object Repository/RecAndPlayBk/Page-Vlink-AuthOnly/txt_ResponseFormat'

2023-02-08 18:53:31 - [TEST_STEP][PASSED] - setText(findTestObject("Object Repository/RecAndPlayBk/Page-Vlink-AuthOnly/input_Category_category"), category): Text 'RETL' is set on object 'Object Repository/RecAndPlayBk/Page-Vlink-AuthOnly/input_Category_category'

2023-02-08 18:53:32 - [MESSAGE][PASSED] - Text 'RETL' is set on object 'Object Repository/RecAndPlayBk/Page-Vlink-AuthOnly/input_Category_category'

2023-02-08 18:53:32 - [TEST_STEP][PASSED] - setText(findTestObject("Object Repository/RecAndPlayBk/Page-Vlink-AuthOnly/txt_CardName"), cardName): Text 'Kris Roshan' is set on object 'Object Repository/RecAndPlayBk/Page-Vlink-AuthOnly/txt_CardName'

2023-02-08 18:53:32 - [MESSAGE][PASSED] - Text 'Kris Roshan' is set on object 'Object Repository/RecAndPlayBk/Page-Vlink-AuthOnly/txt_CardName'

2023-02-08 18:53:32 - [TEST_STEP][PASSED] - setText(findTestObject("Object Repository/RecAndPlayBk/Page-Vlink-AuthOnly/txt_AL1"), al1): Text '258 Elm Road' is set on object 'Object Repository/RecAndPlayBk/Page-Vlink-AuthOnly/txt_AL1'

2023-02-08 18:53:33 - [MESSAGE][PASSED] - Text '258 Elm Road' is set on object 'Object Repository/RecAndPlayBk/Page-Vlink-AuthOnly/txt_AL1'

2023-02-08 18:53:33 - [TEST_STEP][PASSED] - setText(findTestObject("Object Repository/RecAndPlayBk/Page-Vlink-AuthOnly/txt_CardCity"), city): Text 'Arlington' is set on object 'Object Repository/RecAndPlayBk/Page-Vlink-AuthOnly/txt_CardCity'

2023-02-08 18:53:34 - [MESSAGE][PASSED] - Text 'Arlington' is set on object 'Object Repository/RecAndPlayBk/Page-Vlink-AuthOnly/txt_CardCity'

2023-02-08 18:53:34 - [TEST_STEP][PASSED] - setText(findTestObject("Object Repository/RecAndPlayBk/Page-Vlink-AuthOnly/txt_CardState"), state): Text 'VA' is set on object 'Object Repository/RecAndPlayBk/Page-Vlink-AuthOnly/txt_CardState'

2023-02-08 18:53:34 - [MESSAGE][PASSED] - Text 'VA' is set on object 'Object Repository/RecAndPlayBk/Page-Vlink-AuthOnly/txt_CardState'

2023-02-08 18:53:34 - [TEST_STEP][PASSED] - setText(findTestObject("Object Repository/RecAndPlayBk/Page-Vlink-AuthOnly/txt_CardZIP"), zip): Text '22201' is set on object 'Object Repository/RecAndPlayBk/Page-Vlink-AuthOnly/txt_CardZIP'

2023-02-08 18:53:35 - [MESSAGE][PASSED] - Text '22201' is set on object 'Object Repository/RecAndPlayBk/Page-Vlink-AuthOnly/txt_CardZIP'

2023-02-08 18:53:35 - [TEST_STEP][PASSED] - setText(findTestObject("Object Repository/RecAndPlayBk/Page-Vlink-AuthOnly/input_Amount_amount"), amount): Text '1.50' is set on object 'Object Repository/RecAndPlayBk/Page-Vlink-AuthOnly/input_Amount_amount'

2023-02-08 18:53:36 - [MESSAGE][PASSED] - Text '1.50' is set on object 'Object Repository/RecAndPlayBk/Page-Vlink-AuthOnly/input_Amount_amount'

2023-02-08 18:53:36 - [TEST_STEP][PASSED] - setText(findTestObject("Object Repository/RecAndPlayBk/Page-Vlink-AuthOnly/input_Card number_card_number"), cardNumber): Text '4111111111111111' is set on object 'Object Repository/RecAndPlayBk/Page-Vlink-AuthOnly/input_Card number_card_number'

2023-02-08 18:53:36 - [MESSAGE][PASSED] - Text '4111111111111111' is set on object 'Object Repository/RecAndPlayBk/Page-Vlink-AuthOnly/input_Card number_card_number'

2023-02-08 18:53:36 - [TEST_STEP][PASSED] - setText(findTestObject("Object Repository/RecAndPlayBk/Page-Vlink-AuthOnly/input_Card ex month_card_exmo"), exM): Text '12' is set on object 'Object Repository/RecAndPlayBk/Page-Vlink-AuthOnly/input_Card ex month_card_exmo'

2023-02-08 18:53:37 - [MESSAGE][PASSED] - Text '12' is set on object 'Object Repository/RecAndPlayBk/Page-Vlink-AuthOnly/input_Card ex month_card_exmo'

2023-02-08 18:53:37 - [TEST_STEP][PASSED] - setText(findTestObject("Object Repository/RecAndPlayBk/Page-Vlink-AuthOnly/input_Card ex year_card_exyr"), exY): Text '2025' is set on object 'Object Repository/RecAndPlayBk/Page-Vlink-AuthOnly/input_Card ex year_card_exyr'

2023-02-08 18:53:37 - [MESSAGE][PASSED] - Text '2025' is set on object 'Object Repository/RecAndPlayBk/Page-Vlink-AuthOnly/input_Card ex year_card_exyr'

2023-02-08 18:53:37 - [TEST_STEP][PASSED] - setText(findTestObject("Object Repository/RecAndPlayBk/Page-Vlink-AuthOnly/input_Track Data_track_data"), ""): Text '' is set on object 'Object Repository/RecAndPlayBk/Page-Vlink-AuthOnly/input_Track Data_track_data'

2023-02-08 18:53:38 - [MESSAGE][PASSED] - Text '' is set on object 'Object Repository/RecAndPlayBk/Page-Vlink-AuthOnly/input_Track Data_track_data'

2023-02-08 18:53:38 - [TEST_STEP][PASSED] - setText(findTestObject("Object Repository/RecAndPlayBk/Page-Vlink-AuthOnly/input_concat(Cardholder, , s email)_email"), ""): Text '' is set on object 'Object Repository/RecAndPlayBk/Page-Vlink-AuthOnly/input_concat(Cardholder, , s email)_email'

2023-02-08 18:53:39 - [MESSAGE][PASSED] - Text '' is set on object 'Object Repository/RecAndPlayBk/Page-Vlink-AuthOnly/input_concat(Cardholder, , s email)_email'

2023-02-08 18:53:39 - [TEST_STEP][PASSED] - click(findTestObject("Object Repository/RecAndPlayBk/Page-Vlink-AuthOnly/input_user_defined10_user_defined10")): Object: 'Object Repository/RecAndPlayBk/Page-Vlink-AuthOnly/input_user_defined10_user_defined10' is clicked on

2023-02-08 18:53:39 - [MESSAGE][PASSED] - Object: 'Object Repository/RecAndPlayBk/Page-Vlink-AuthOnly/input_user_defined10_user_defined10' is clicked on

2023-02-08 18:53:39 - [TEST_STEP][PASSED] - setText(findTestObject("Object Repository/RecAndPlayBk/Page-Vlink-AuthOnly/input_Card on File Indicator_card_on_file_i_157dae"), ""): Text '' is set on object 'Object Repository/RecAndPlayBk/Page-Vlink-AuthOnly/input_Card on File Indicator_card_on_file_i_157dae'

2023-02-08 18:53:40 - [MESSAGE][PASSED] - Text '' is set on object 'Object Repository/RecAndPlayBk/Page-Vlink-AuthOnly/input_Card on File Indicator_card_on_file_i_157dae'

2023-02-08 18:53:40 - [TEST_STEP][PASSED] - setText(findTestObject("Object Repository/RecAndPlayBk/Page-Vlink-AuthOnly/input_Stored Credential Indicator_stored_cr_4ae73c"), ""): Text '' is set on object 'Object Repository/RecAndPlayBk/Page-Vlink-AuthOnly/input_Stored Credential Indicator_stored_cr_4ae73c'

2023-02-08 18:53:40 - [MESSAGE][PASSED] - Text '' is set on object 'Object Repository/RecAndPlayBk/Page-Vlink-AuthOnly/input_Stored Credential Indicator_stored_cr_4ae73c'

2023-02-08 18:53:40 - [TEST_STEP][PASSED] - setText(findTestObject("Object Repository/RecAndPlayBk/Page-Vlink-AuthOnly/input_COF Scheduled indicator_cof_scheduled_8df7d8"), ""): Text '' is set on object 'Object Repository/RecAndPlayBk/Page-Vlink-AuthOnly/input_COF Scheduled indicator_cof_scheduled_8df7d8'

2023-02-08 18:53:41 - [MESSAGE][PASSED] - Text '' is set on object 'Object Repository/RecAndPlayBk/Page-Vlink-AuthOnly/input_COF Scheduled indicator_cof_scheduled_8df7d8'

2023-02-08 18:53:41 - [TEST_STEP][PASSED] - setText(findTestObject("Object Repository/RecAndPlayBk/Page-Vlink-AuthOnly/input_COF Transaction Initiated by_cof_tran_6cded5"), ""): Text '' is set on object 'Object Repository/RecAndPlayBk/Page-Vlink-AuthOnly/input_COF Transaction Initiated by_cof_tran_6cded5'

2023-02-08 18:53:42 - [MESSAGE][PASSED] - Text '' is set on object 'Object Repository/RecAndPlayBk/Page-Vlink-AuthOnly/input_COF Transaction Initiated by_cof_tran_6cded5'

2023-02-08 18:53:42 - [TEST_STEP][PASSED] - click(findTestObject("Object Repository/RecAndPlayBk/Page-Vlink-AuthOnly/input")): Object: 'Object Repository/RecAndPlayBk/Page-Vlink-AuthOnly/input' is clicked on

2023-02-08 18:53:42 - [MESSAGE][PASSED] - Object: 'Object Repository/RecAndPlayBk/Page-Vlink-AuthOnly/input' is clicked on

2023-02-08 18:53:42 - [TEST_STEP][PASSED] - if (verifyTextPresent(errorMsg, true)): null

2023-02-08 18:53:43 - [MESSAGE][PASSED] - Text 'Missing parameter: application_id' is present on page  using regular expression

2023-02-08 18:53:43 - [TEST_STEP][PASSED] - println("Error Message is present on the Confirmation page"): null

2023-02-08 18:53:43 - [TEST_STEP][PASSED] - out.println("Pass Record Number: " + row): null

2023-02-08 18:53:43 - [TEST_STEP][PASSED] - resText = "Pass": null

2023-02-08 18:53:43 - [TEST_STEP][PASSED] - pages.WriteExcel.demoKey(resText, datText, resColumn, datCloumn, fileLoc, nameSheet, row): pages.WriteExcel.demoKey is PASSED

2023-02-08 18:53:43 - [MESSAGE][PASSED] - pages.WriteExcel.demoKey is PASSED

2023-02-08 18:53:43 - [TEST_STEP][PASSED] - ExecuteTC = findTestData(dataFile).getValue("Execute", row): null

2023-02-08 18:53:43 - [TEST_STEP][PASSED] - out.println("Value of Execute is : " + ExecuteTC): null

2023-02-08 18:53:43 - [TEST_STEP][PASSED] - if (ExecuteTC.equalsIgnoreCase("Y")): null

2023-02-08 18:53:43 - [TEST_STEP][PASSED] - out.println("Begin Record Number: " + row): null

2023-02-08 18:53:43 - [TEST_STEP][PASSED] - today = new java.util.Date(): null

2023-02-08 18:53:43 - [TEST_STEP][PASSED] - println(today): null

2023-02-08 18:53:43 - [TEST_STEP][PASSED] - datText = today: null

2023-02-08 18:53:43 - [TEST_STEP][PASSED] - errorMsg = findTestData(dataFile).getValue("ErrorMsg", row): null

2023-02-08 18:53:43 - [TEST_STEP][PASSED] - appID = findTestData(dataFile).getValue("AppID", row): null

2023-02-08 18:53:43 - [TEST_STEP][PASSED] - username = findTestData(dataFile).getValue("Username", row): null

2023-02-08 18:53:43 - [TEST_STEP][PASSED] - password = findTestData(dataFile).getValue("Password", row): null

2023-02-08 18:53:43 - [TEST_STEP][PASSED] - tranType = findTestData(dataFile).getValue("TranType", row): null

2023-02-08 18:53:43 - [TEST_STEP][PASSED] - mv = findTestData(dataFile).getValue("MV", row): null

2023-02-08 18:53:43 - [TEST_STEP][PASSED] - resFormat = findTestData(dataFile).getValue("ResFormat", row): null

2023-02-08 18:53:43 - [TEST_STEP][PASSED] - category = findTestData(dataFile).getValue("Category", row): null

2023-02-08 18:53:43 - [TEST_STEP][PASSED] - amount = findTestData(dataFile).getValue("Amount", row): null

2023-02-08 18:53:43 - [TEST_STEP][PASSED] - cardName = findTestData(dataFile).getValue("CardName", row): null

2023-02-08 18:53:44 - [TEST_STEP][PASSED] - al1 = findTestData(dataFile).getValue("AL1", row): null

2023-02-08 18:53:44 - [TEST_STEP][PASSED] - city = findTestData(dataFile).getValue("City", row): null

2023-02-08 18:53:44 - [TEST_STEP][PASSED] - state = findTestData(dataFile).getValue("State", row): null

2023-02-08 18:53:44 - [TEST_STEP][PASSED] - zip = findTestData(dataFile).getValue("ZIP", row): null

2023-02-08 18:53:44 - [TEST_STEP][PASSED] - cardNumber = findTestData(dataFile).getValue("CardNumber", row): null

2023-02-08 18:53:44 - [TEST_STEP][PASSED] - exM = findTestData(dataFile).getValue("ExM", row): null

2023-02-08 18:53:44 - [TEST_STEP][PASSED] - exY = findTestData(dataFile).getValue("ExY", row): null

2023-02-08 18:53:44 - [TEST_STEP][PASSED] - openBrowser(VLinkURL + "auth.html"): Browser is opened with url: 'https://dev-algorithm.govolution.com/vlinktest/QA/version_2_0/auth.html'

2023-02-08 18:53:44 - [MESSAGE][WARNING] - A browser is already opened. Closing browser and opening a new one

2023-02-08 18:53:45 - [MESSAGE][INFO] - Starting 'Chrome' driver

2023-02-08 18:53:45 - [MESSAGE][INFO] - User set preference: ['acceptInsecureCerts', 'true']

2023-02-08 18:53:45 - [MESSAGE][INFO] - Action delay is set to 0 milliseconds

2023-02-08 18:53:47 - [MESSAGE][PASSED] - Browser is opened with url: 'https://dev-algorithm.govolution.com/vlinktest/QA/version_2_0/auth.html'

2023-02-08 18:53:47 - [TEST_STEP][PASSED] - maximizeWindow(): Current window maximized

2023-02-08 18:53:47 - [MESSAGE][PASSED] - Current window maximized

2023-02-08 18:53:47 - [TEST_STEP][PASSED] - maximizeWindow(): Current window maximized

2023-02-08 18:53:47 - [MESSAGE][PASSED] - Current window maximized

2023-02-08 18:53:47 - [TEST_STEP][PASSED] - setText(findTestObject("Object Repository/RecAndPlayBk/Page-Vlink-AuthOnly/txt_TransactionType"), tranType): Text '104' is set on object 'Object Repository/RecAndPlayBk/Page-Vlink-AuthOnly/txt_TransactionType'

2023-02-08 18:53:48 - [MESSAGE][PASSED] - Text '104' is set on object 'Object Repository/RecAndPlayBk/Page-Vlink-AuthOnly/txt_TransactionType'

2023-02-08 18:53:48 - [TEST_STEP][PASSED] - setText(findTestObject("Object Repository/RecAndPlayBk/Page-Vlink-AuthOnly/txt_MessageVersion"), mv): Text '2.0C' is set on object 'Object Repository/RecAndPlayBk/Page-Vlink-AuthOnly/txt_MessageVersion'

2023-02-08 18:53:48 - [MESSAGE][PASSED] - Text '2.0C' is set on object 'Object Repository/RecAndPlayBk/Page-Vlink-AuthOnly/txt_MessageVersion'

2023-02-08 18:53:48 - [TEST_STEP][PASSED] - genRemID = RandomStringUtils.random(12, true, true): null

2023-02-08 18:53:48 - [TEST_STEP][PASSED] - setText(findTestObject("Object Repository/RecAndPlayBk/Page-Vlink-AuthOnly/input_Remittance Id_remittance_id"), genRemID): Text 'MKJ1dnTmtmv9' is set on object 'Object Repository/RecAndPlayBk/Page-Vlink-AuthOnly/input_Remittance Id_remittance_id'

2023-02-08 18:53:49 - [MESSAGE][PASSED] - Text 'MKJ1dnTmtmv9' is set on object 'Object Repository/RecAndPlayBk/Page-Vlink-AuthOnly/input_Remittance Id_remittance_id'

2023-02-08 18:53:49 - [TEST_STEP][PASSED] - setText(findTestObject("Object Repository/RecAndPlayBk/Page-Vlink-AuthOnly/input_Application Id_application_id"), appID): Text '234' is set on object 'Object Repository/RecAndPlayBk/Page-Vlink-AuthOnly/input_Application Id_application_id'

2023-02-08 18:53:50 - [MESSAGE][PASSED] - Text '234' is set on object 'Object Repository/RecAndPlayBk/Page-Vlink-AuthOnly/input_Application Id_application_id'

2023-02-08 18:53:50 - [TEST_STEP][PASSED] - setText(findTestObject("Object Repository/RecAndPlayBk/Page-Vlink-AuthOnly/input_Username_username"), username): Text 'username' is set on object 'Object Repository/RecAndPlayBk/Page-Vlink-AuthOnly/input_Username_username'

2023-02-08 18:53:51 - [MESSAGE][PASSED] - Text 'username' is set on object 'Object Repository/RecAndPlayBk/Page-Vlink-AuthOnly/input_Username_username'

2023-02-08 18:53:51 - [TEST_STEP][PASSED] - setText(findTestObject("Object Repository/RecAndPlayBk/Page-Vlink-AuthOnly/input_Password_password"), password): Text 'password' is set on object 'Object Repository/RecAndPlayBk/Page-Vlink-AuthOnly/input_Password_password'

2023-02-08 18:53:51 - [MESSAGE][PASSED] - Text 'password' is set on object 'Object Repository/RecAndPlayBk/Page-Vlink-AuthOnly/input_Password_password'

2023-02-08 18:53:51 - [TEST_STEP][PASSED] - setText(findTestObject("Object Repository/RecAndPlayBk/Page-Vlink-AuthOnly/txt_ResponseFormat"), resFormat): Text '' is set on object 'Object Repository/RecAndPlayBk/Page-Vlink-AuthOnly/txt_ResponseFormat'

2023-02-08 18:53:52 - [MESSAGE][PASSED] - Text '' is set on object 'Object Repository/RecAndPlayBk/Page-Vlink-AuthOnly/txt_ResponseFormat'

2023-02-08 18:53:52 - [TEST_STEP][PASSED] - setText(findTestObject("Object Repository/RecAndPlayBk/Page-Vlink-AuthOnly/input_Category_category"), category): Text 'ECOM' is set on object 'Object Repository/RecAndPlayBk/Page-Vlink-AuthOnly/input_Category_category'

2023-02-08 18:53:53 - [MESSAGE][PASSED] - Text 'ECOM' is set on object 'Object Repository/RecAndPlayBk/Page-Vlink-AuthOnly/input_Category_category'

2023-02-08 18:53:53 - [TEST_STEP][PASSED] - setText(findTestObject("Object Repository/RecAndPlayBk/Page-Vlink-AuthOnly/txt_CardName"), cardName): Text 'Kris Roshan' is set on object 'Object Repository/RecAndPlayBk/Page-Vlink-AuthOnly/txt_CardName'

2023-02-08 18:53:53 - [MESSAGE][PASSED] - Text 'Kris Roshan' is set on object 'Object Repository/RecAndPlayBk/Page-Vlink-AuthOnly/txt_CardName'

2023-02-08 18:53:53 - [TEST_STEP][PASSED] - setText(findTestObject("Object Repository/RecAndPlayBk/Page-Vlink-AuthOnly/txt_AL1"), al1): Text '258 Elm Road' is set on object 'Object Repository/RecAndPlayBk/Page-Vlink-AuthOnly/txt_AL1'

2023-02-08 18:53:54 - [MESSAGE][PASSED] - Text '258 Elm Road' is set on object 'Object Repository/RecAndPlayBk/Page-Vlink-AuthOnly/txt_AL1'

2023-02-08 18:53:54 - [TEST_STEP][PASSED] - setText(findTestObject("Object Repository/RecAndPlayBk/Page-Vlink-AuthOnly/txt_CardCity"), city): Text 'Arlington' is set on object 'Object Repository/RecAndPlayBk/Page-Vlink-AuthOnly/txt_CardCity'

2023-02-08 18:53:55 - [MESSAGE][PASSED] - Text 'Arlington' is set on object 'Object Repository/RecAndPlayBk/Page-Vlink-AuthOnly/txt_CardCity'

2023-02-08 18:53:55 - [TEST_STEP][PASSED] - setText(findTestObject("Object Repository/RecAndPlayBk/Page-Vlink-AuthOnly/txt_CardState"), state): Text 'VA' is set on object 'Object Repository/RecAndPlayBk/Page-Vlink-AuthOnly/txt_CardState'

2023-02-08 18:53:56 - [MESSAGE][PASSED] - Text 'VA' is set on object 'Object Repository/RecAndPlayBk/Page-Vlink-AuthOnly/txt_CardState'

2023-02-08 18:53:56 - [TEST_STEP][PASSED] - setText(findTestObject("Object Repository/RecAndPlayBk/Page-Vlink-AuthOnly/txt_CardZIP"), zip): Text '22201' is set on object 'Object Repository/RecAndPlayBk/Page-Vlink-AuthOnly/txt_CardZIP'

2023-02-08 18:53:56 - [MESSAGE][PASSED] - Text '22201' is set on object 'Object Repository/RecAndPlayBk/Page-Vlink-AuthOnly/txt_CardZIP'

2023-02-08 18:53:56 - [TEST_STEP][PASSED] - setText(findTestObject("Object Repository/RecAndPlayBk/Page-Vlink-AuthOnly/input_Amount_amount"), amount): Text '1.50' is set on object 'Object Repository/RecAndPlayBk/Page-Vlink-AuthOnly/input_Amount_amount'

2023-02-08 18:53:57 - [MESSAGE][PASSED] - Text '1.50' is set on object 'Object Repository/RecAndPlayBk/Page-Vlink-AuthOnly/input_Amount_amount'

2023-02-08 18:53:57 - [TEST_STEP][PASSED] - setText(findTestObject("Object Repository/RecAndPlayBk/Page-Vlink-AuthOnly/input_Card number_card_number"), cardNumber): Text '4111111111111111' is set on object 'Object Repository/RecAndPlayBk/Page-Vlink-AuthOnly/input_Card number_card_number'

2023-02-08 18:53:57 - [MESSAGE][PASSED] - Text '4111111111111111' is set on object 'Object Repository/RecAndPlayBk/Page-Vlink-AuthOnly/input_Card number_card_number'

2023-02-08 18:53:57 - [TEST_STEP][PASSED] - setText(findTestObject("Object Repository/RecAndPlayBk/Page-Vlink-AuthOnly/input_Card ex month_card_exmo"), exM): Text '12' is set on object 'Object Repository/RecAndPlayBk/Page-Vlink-AuthOnly/input_Card ex month_card_exmo'

2023-02-08 18:53:58 - [MESSAGE][PASSED] - Text '12' is set on object 'Object Repository/RecAndPlayBk/Page-Vlink-AuthOnly/input_Card ex month_card_exmo'

2023-02-08 18:53:58 - [TEST_STEP][PASSED] - setText(findTestObject("Object Repository/RecAndPlayBk/Page-Vlink-AuthOnly/input_Card ex year_card_exyr"), exY): Text '2025' is set on object 'Object Repository/RecAndPlayBk/Page-Vlink-AuthOnly/input_Card ex year_card_exyr'

2023-02-08 18:53:59 - [MESSAGE][PASSED] - Text '2025' is set on object 'Object Repository/RecAndPlayBk/Page-Vlink-AuthOnly/input_Card ex year_card_exyr'

2023-02-08 18:53:59 - [TEST_STEP][PASSED] - setText(findTestObject("Object Repository/RecAndPlayBk/Page-Vlink-AuthOnly/input_Track Data_track_data"), ""): Text '' is set on object 'Object Repository/RecAndPlayBk/Page-Vlink-AuthOnly/input_Track Data_track_data'

2023-02-08 18:53:59 - [MESSAGE][PASSED] - Text '' is set on object 'Object Repository/RecAndPlayBk/Page-Vlink-AuthOnly/input_Track Data_track_data'

2023-02-08 18:53:59 - [TEST_STEP][PASSED] - setText(findTestObject("Object Repository/RecAndPlayBk/Page-Vlink-AuthOnly/input_concat(Cardholder, , s email)_email"), ""): Text '' is set on object 'Object Repository/RecAndPlayBk/Page-Vlink-AuthOnly/input_concat(Cardholder, , s email)_email'

2023-02-08 18:54:00 - [MESSAGE][PASSED] - Text '' is set on object 'Object Repository/RecAndPlayBk/Page-Vlink-AuthOnly/input_concat(Cardholder, , s email)_email'

2023-02-08 18:54:00 - [TEST_STEP][PASSED] - click(findTestObject("Object Repository/RecAndPlayBk/Page-Vlink-AuthOnly/input_user_defined10_user_defined10")): Object: 'Object Repository/RecAndPlayBk/Page-Vlink-AuthOnly/input_user_defined10_user_defined10' is clicked on

2023-02-08 18:54:00 - [MESSAGE][PASSED] - Object: 'Object Repository/RecAndPlayBk/Page-Vlink-AuthOnly/input_user_defined10_user_defined10' is clicked on

2023-02-08 18:54:00 - [TEST_STEP][PASSED] - setText(findTestObject("Object Repository/RecAndPlayBk/Page-Vlink-AuthOnly/input_Card on File Indicator_card_on_file_i_157dae"), ""): Text '' is set on object 'Object Repository/RecAndPlayBk/Page-Vlink-AuthOnly/input_Card on File Indicator_card_on_file_i_157dae'

2023-02-08 18:54:01 - [MESSAGE][PASSED] - Text '' is set on object 'Object Repository/RecAndPlayBk/Page-Vlink-AuthOnly/input_Card on File Indicator_card_on_file_i_157dae'

2023-02-08 18:54:01 - [TEST_STEP][PASSED] - setText(findTestObject("Object Repository/RecAndPlayBk/Page-Vlink-AuthOnly/input_Stored Credential Indicator_stored_cr_4ae73c"), ""): Text '' is set on object 'Object Repository/RecAndPlayBk/Page-Vlink-AuthOnly/input_Stored Credential Indicator_stored_cr_4ae73c'

2023-02-08 18:54:02 - [MESSAGE][PASSED] - Text '' is set on object 'Object Repository/RecAndPlayBk/Page-Vlink-AuthOnly/input_Stored Credential Indicator_stored_cr_4ae73c'

2023-02-08 18:54:02 - [TEST_STEP][PASSED] - setText(findTestObject("Object Repository/RecAndPlayBk/Page-Vlink-AuthOnly/input_COF Scheduled indicator_cof_scheduled_8df7d8"), ""): Text '' is set on object 'Object Repository/RecAndPlayBk/Page-Vlink-AuthOnly/input_COF Scheduled indicator_cof_scheduled_8df7d8'

2023-02-08 18:54:02 - [MESSAGE][PASSED] - Text '' is set on object 'Object Repository/RecAndPlayBk/Page-Vlink-AuthOnly/input_COF Scheduled indicator_cof_scheduled_8df7d8'

2023-02-08 18:54:02 - [TEST_STEP][PASSED] - setText(findTestObject("Object Repository/RecAndPlayBk/Page-Vlink-AuthOnly/input_COF Transaction Initiated by_cof_tran_6cded5"), ""): Text '' is set on object 'Object Repository/RecAndPlayBk/Page-Vlink-AuthOnly/input_COF Transaction Initiated by_cof_tran_6cded5'

2023-02-08 18:54:03 - [MESSAGE][PASSED] - Text '' is set on object 'Object Repository/RecAndPlayBk/Page-Vlink-AuthOnly/input_COF Transaction Initiated by_cof_tran_6cded5'

2023-02-08 18:54:03 - [TEST_STEP][PASSED] - click(findTestObject("Object Repository/RecAndPlayBk/Page-Vlink-AuthOnly/input")): Object: 'Object Repository/RecAndPlayBk/Page-Vlink-AuthOnly/input' is clicked on

2023-02-08 18:54:04 - [MESSAGE][PASSED] - Object: 'Object Repository/RecAndPlayBk/Page-Vlink-AuthOnly/input' is clicked on

2023-02-08 18:54:04 - [TEST_STEP][PASSED] - if (verifyTextPresent(errorMsg, true)): null

2023-02-08 18:54:04 - [MESSAGE][PASSED] - Text 'response_format' is present on page  using regular expression

2023-02-08 18:54:04 - [TEST_STEP][PASSED] - println("Error Message is present on the Confirmation page"): null

2023-02-08 18:54:04 - [TEST_STEP][PASSED] - out.println("Pass Record Number: " + row): null

2023-02-08 18:54:04 - [TEST_STEP][PASSED] - resText = "Pass": null

2023-02-08 18:54:04 - [TEST_STEP][PASSED] - pages.WriteExcel.demoKey(resText, datText, resColumn, datCloumn, fileLoc, nameSheet, row): pages.WriteExcel.demoKey is PASSED

2023-02-08 18:54:04 - [MESSAGE][PASSED] - pages.WriteExcel.demoKey is PASSED

2023-02-08 18:54:04 - [TEST_STEP][PASSED] - ExecuteTC = findTestData(dataFile).getValue("Execute", row): null

2023-02-08 18:54:04 - [TEST_STEP][PASSED] - out.println("Value of Execute is : " + ExecuteTC): null

2023-02-08 18:54:04 - [TEST_STEP][PASSED] - if (ExecuteTC.equalsIgnoreCase("Y")): null

2023-02-08 18:54:04 - [TEST_STEP][PASSED] - out.println("Begin Record Number: " + row): null

2023-02-08 18:54:04 - [TEST_STEP][PASSED] - today = new java.util.Date(): null

2023-02-08 18:54:04 - [TEST_STEP][PASSED] - println(today): null

2023-02-08 18:54:04 - [TEST_STEP][PASSED] - datText = today: null

2023-02-08 18:54:04 - [TEST_STEP][PASSED] - errorMsg = findTestData(dataFile).getValue("ErrorMsg", row): null

2023-02-08 18:54:04 - [TEST_STEP][PASSED] - appID = findTestData(dataFile).getValue("AppID", row): null

2023-02-08 18:54:04 - [TEST_STEP][PASSED] - username = findTestData(dataFile).getValue("Username", row): null

2023-02-08 18:54:04 - [TEST_STEP][PASSED] - password = findTestData(dataFile).getValue("Password", row): null

2023-02-08 18:54:04 - [TEST_STEP][PASSED] - tranType = findTestData(dataFile).getValue("TranType", row): null

2023-02-08 18:54:04 - [TEST_STEP][PASSED] - mv = findTestData(dataFile).getValue("MV", row): null

2023-02-08 18:54:05 - [TEST_STEP][PASSED] - resFormat = findTestData(dataFile).getValue("ResFormat", row): null

2023-02-08 18:54:05 - [TEST_STEP][PASSED] - category = findTestData(dataFile).getValue("Category", row): null

2023-02-08 18:54:05 - [TEST_STEP][PASSED] - amount = findTestData(dataFile).getValue("Amount", row): null

2023-02-08 18:54:05 - [TEST_STEP][PASSED] - cardName = findTestData(dataFile).getValue("CardName", row): null

2023-02-08 18:54:05 - [TEST_STEP][PASSED] - al1 = findTestData(dataFile).getValue("AL1", row): null

2023-02-08 18:54:05 - [TEST_STEP][PASSED] - city = findTestData(dataFile).getValue("City", row): null

2023-02-08 18:54:05 - [TEST_STEP][PASSED] - state = findTestData(dataFile).getValue("State", row): null

2023-02-08 18:54:05 - [TEST_STEP][PASSED] - zip = findTestData(dataFile).getValue("ZIP", row): null

2023-02-08 18:54:05 - [TEST_STEP][PASSED] - cardNumber = findTestData(dataFile).getValue("CardNumber", row): null

2023-02-08 18:54:05 - [TEST_STEP][PASSED] - exM = findTestData(dataFile).getValue("ExM", row): null

2023-02-08 18:54:05 - [TEST_STEP][PASSED] - exY = findTestData(dataFile).getValue("ExY", row): null

2023-02-08 18:54:05 - [TEST_STEP][PASSED] - openBrowser(VLinkURL + "auth.html"): Browser is opened with url: 'https://dev-algorithm.govolution.com/vlinktest/QA/version_2_0/auth.html'

2023-02-08 18:54:05 - [MESSAGE][WARNING] - A browser is already opened. Closing browser and opening a new one

2023-02-08 18:54:06 - [MESSAGE][INFO] - Starting 'Chrome' driver

2023-02-08 18:54:06 - [MESSAGE][INFO] - User set preference: ['acceptInsecureCerts', 'true']

2023-02-08 18:54:06 - [MESSAGE][INFO] - Action delay is set to 0 milliseconds

2023-02-08 18:54:08 - [MESSAGE][PASSED] - Browser is opened with url: 'https://dev-algorithm.govolution.com/vlinktest/QA/version_2_0/auth.html'

2023-02-08 18:54:08 - [TEST_STEP][PASSED] - maximizeWindow(): Current window maximized

2023-02-08 18:54:08 - [MESSAGE][PASSED] - Current window maximized

2023-02-08 18:54:08 - [TEST_STEP][PASSED] - maximizeWindow(): Current window maximized

2023-02-08 18:54:08 - [MESSAGE][PASSED] - Current window maximized

2023-02-08 18:54:08 - [TEST_STEP][PASSED] - setText(findTestObject("Object Repository/RecAndPlayBk/Page-Vlink-AuthOnly/txt_TransactionType"), tranType): Text '104' is set on object 'Object Repository/RecAndPlayBk/Page-Vlink-AuthOnly/txt_TransactionType'

2023-02-08 18:54:09 - [MESSAGE][PASSED] - Text '104' is set on object 'Object Repository/RecAndPlayBk/Page-Vlink-AuthOnly/txt_TransactionType'

2023-02-08 18:54:09 - [TEST_STEP][PASSED] - setText(findTestObject("Object Repository/RecAndPlayBk/Page-Vlink-AuthOnly/txt_MessageVersion"), mv): Text '2.0C' is set on object 'Object Repository/RecAndPlayBk/Page-Vlink-AuthOnly/txt_MessageVersion'

2023-02-08 18:54:10 - [MESSAGE][PASSED] - Text '2.0C' is set on object 'Object Repository/RecAndPlayBk/Page-Vlink-AuthOnly/txt_MessageVersion'

2023-02-08 18:54:10 - [TEST_STEP][PASSED] - genRemID = RandomStringUtils.random(12, true, true): null

2023-02-08 18:54:10 - [TEST_STEP][PASSED] - setText(findTestObject("Object Repository/RecAndPlayBk/Page-Vlink-AuthOnly/input_Remittance Id_remittance_id"), genRemID): Text '56wDEtiLOCBJ' is set on object 'Object Repository/RecAndPlayBk/Page-Vlink-AuthOnly/input_Remittance Id_remittance_id'

2023-02-08 18:54:10 - [MESSAGE][PASSED] - Text '56wDEtiLOCBJ' is set on object 'Object Repository/RecAndPlayBk/Page-Vlink-AuthOnly/input_Remittance Id_remittance_id'

2023-02-08 18:54:10 - [TEST_STEP][PASSED] - setText(findTestObject("Object Repository/RecAndPlayBk/Page-Vlink-AuthOnly/input_Application Id_application_id"), appID): Text '234' is set on object 'Object Repository/RecAndPlayBk/Page-Vlink-AuthOnly/input_Application Id_application_id'

2023-02-08 18:54:11 - [MESSAGE][PASSED] - Text '234' is set on object 'Object Repository/RecAndPlayBk/Page-Vlink-AuthOnly/input_Application Id_application_id'

2023-02-08 18:54:11 - [TEST_STEP][PASSED] - setText(findTestObject("Object Repository/RecAndPlayBk/Page-Vlink-AuthOnly/input_Username_username"), username): Text 'username' is set on object 'Object Repository/RecAndPlayBk/Page-Vlink-AuthOnly/input_Username_username'

2023-02-08 18:54:11 - [MESSAGE][PASSED] - Text 'username' is set on object 'Object Repository/RecAndPlayBk/Page-Vlink-AuthOnly/input_Username_username'

2023-02-08 18:54:11 - [TEST_STEP][PASSED] - setText(findTestObject("Object Repository/RecAndPlayBk/Page-Vlink-AuthOnly/input_Password_password"), password): Text 'password' is set on object 'Object Repository/RecAndPlayBk/Page-Vlink-AuthOnly/input_Password_password'

2023-02-08 18:54:12 - [MESSAGE][PASSED] - Text 'password' is set on object 'Object Repository/RecAndPlayBk/Page-Vlink-AuthOnly/input_Password_password'

2023-02-08 18:54:12 - [TEST_STEP][PASSED] - setText(findTestObject("Object Repository/RecAndPlayBk/Page-Vlink-AuthOnly/txt_ResponseFormat"), resFormat): Text '' is set on object 'Object Repository/RecAndPlayBk/Page-Vlink-AuthOnly/txt_ResponseFormat'

2023-02-08 18:54:13 - [MESSAGE][PASSED] - Text '' is set on object 'Object Repository/RecAndPlayBk/Page-Vlink-AuthOnly/txt_ResponseFormat'

2023-02-08 18:54:13 - [TEST_STEP][PASSED] - setText(findTestObject("Object Repository/RecAndPlayBk/Page-Vlink-AuthOnly/input_Category_category"), category): Text 'MOTO' is set on object 'Object Repository/RecAndPlayBk/Page-Vlink-AuthOnly/input_Category_category'

2023-02-08 18:54:13 - [MESSAGE][PASSED] - Text 'MOTO' is set on object 'Object Repository/RecAndPlayBk/Page-Vlink-AuthOnly/input_Category_category'

2023-02-08 18:54:13 - [TEST_STEP][PASSED] - setText(findTestObject("Object Repository/RecAndPlayBk/Page-Vlink-AuthOnly/txt_CardName"), cardName): Text 'Kris Roshan' is set on object 'Object Repository/RecAndPlayBk/Page-Vlink-AuthOnly/txt_CardName'

2023-02-08 18:54:14 - [MESSAGE][PASSED] - Text 'Kris Roshan' is set on object 'Object Repository/RecAndPlayBk/Page-Vlink-AuthOnly/txt_CardName'

2023-02-08 18:54:14 - [TEST_STEP][PASSED] - setText(findTestObject("Object Repository/RecAndPlayBk/Page-Vlink-AuthOnly/txt_AL1"), al1): Text '258 Elm Road' is set on object 'Object Repository/RecAndPlayBk/Page-Vlink-AuthOnly/txt_AL1'

2023-02-08 18:54:15 - [MESSAGE][PASSED] - Text '258 Elm Road' is set on object 'Object Repository/RecAndPlayBk/Page-Vlink-AuthOnly/txt_AL1'

2023-02-08 18:54:15 - [TEST_STEP][PASSED] - setText(findTestObject("Object Repository/RecAndPlayBk/Page-Vlink-AuthOnly/txt_CardCity"), city): Text 'Arlington' is set on object 'Object Repository/RecAndPlayBk/Page-Vlink-AuthOnly/txt_CardCity'

2023-02-08 18:54:15 - [MESSAGE][PASSED] - Text 'Arlington' is set on object 'Object Repository/RecAndPlayBk/Page-Vlink-AuthOnly/txt_CardCity'

2023-02-08 18:54:15 - [TEST_STEP][PASSED] - setText(findTestObject("Object Repository/RecAndPlayBk/Page-Vlink-AuthOnly/txt_CardState"), state): Text 'VA' is set on object 'Object Repository/RecAndPlayBk/Page-Vlink-AuthOnly/txt_CardState'

2023-02-08 18:54:16 - [MESSAGE][PASSED] - Text 'VA' is set on object 'Object Repository/RecAndPlayBk/Page-Vlink-AuthOnly/txt_CardState'

2023-02-08 18:54:16 - [TEST_STEP][PASSED] - setText(findTestObject("Object Repository/RecAndPlayBk/Page-Vlink-AuthOnly/txt_CardZIP"), zip): Text '22201' is set on object 'Object Repository/RecAndPlayBk/Page-Vlink-AuthOnly/txt_CardZIP'

2023-02-08 18:54:16 - [MESSAGE][PASSED] - Text '22201' is set on object 'Object Repository/RecAndPlayBk/Page-Vlink-AuthOnly/txt_CardZIP'

2023-02-08 18:54:16 - [TEST_STEP][PASSED] - setText(findTestObject("Object Repository/RecAndPlayBk/Page-Vlink-AuthOnly/input_Amount_amount"), amount): Text '1.50' is set on object 'Object Repository/RecAndPlayBk/Page-Vlink-AuthOnly/input_Amount_amount'

2023-02-08 18:54:17 - [MESSAGE][PASSED] - Text '1.50' is set on object 'Object Repository/RecAndPlayBk/Page-Vlink-AuthOnly/input_Amount_amount'

2023-02-08 18:54:17 - [TEST_STEP][PASSED] - setText(findTestObject("Object Repository/RecAndPlayBk/Page-Vlink-AuthOnly/input_Card number_card_number"), cardNumber): Text '4111111111111111' is set on object 'Object Repository/RecAndPlayBk/Page-Vlink-AuthOnly/input_Card number_card_number'

2023-02-08 18:54:18 - [MESSAGE][PASSED] - Text '4111111111111111' is set on object 'Object Repository/RecAndPlayBk/Page-Vlink-AuthOnly/input_Card number_card_number'

2023-02-08 18:54:18 - [TEST_STEP][PASSED] - setText(findTestObject("Object Repository/RecAndPlayBk/Page-Vlink-AuthOnly/input_Card ex month_card_exmo"), exM): Text '12' is set on object 'Object Repository/RecAndPlayBk/Page-Vlink-AuthOnly/input_Card ex month_card_exmo'

2023-02-08 18:54:18 - [MESSAGE][PASSED] - Text '12' is set on object 'Object Repository/RecAndPlayBk/Page-Vlink-AuthOnly/input_Card ex month_card_exmo'

2023-02-08 18:54:18 - [TEST_STEP][PASSED] - setText(findTestObject("Object Repository/RecAndPlayBk/Page-Vlink-AuthOnly/input_Card ex year_card_exyr"), exY): Text '2025' is set on object 'Object Repository/RecAndPlayBk/Page-Vlink-AuthOnly/input_Card ex year_card_exyr'

2023-02-08 18:54:19 - [MESSAGE][PASSED] - Text '2025' is set on object 'Object Repository/RecAndPlayBk/Page-Vlink-AuthOnly/input_Card ex year_card_exyr'

2023-02-08 18:54:19 - [TEST_STEP][PASSED] - setText(findTestObject("Object Repository/RecAndPlayBk/Page-Vlink-AuthOnly/input_Track Data_track_data"), ""): Text '' is set on object 'Object Repository/RecAndPlayBk/Page-Vlink-AuthOnly/input_Track Data_track_data'

2023-02-08 18:54:20 - [MESSAGE][PASSED] - Text '' is set on object 'Object Repository/RecAndPlayBk/Page-Vlink-AuthOnly/input_Track Data_track_data'

2023-02-08 18:54:20 - [TEST_STEP][PASSED] - setText(findTestObject("Object Repository/RecAndPlayBk/Page-Vlink-AuthOnly/input_concat(Cardholder, , s email)_email"), ""): Text '' is set on object 'Object Repository/RecAndPlayBk/Page-Vlink-AuthOnly/input_concat(Cardholder, , s email)_email'

2023-02-08 18:54:20 - [MESSAGE][PASSED] - Text '' is set on object 'Object Repository/RecAndPlayBk/Page-Vlink-AuthOnly/input_concat(Cardholder, , s email)_email'

2023-02-08 18:54:20 - [TEST_STEP][PASSED] - click(findTestObject("Object Repository/RecAndPlayBk/Page-Vlink-AuthOnly/input_user_defined10_user_defined10")): Object: 'Object Repository/RecAndPlayBk/Page-Vlink-AuthOnly/input_user_defined10_user_defined10' is clicked on

2023-02-08 18:54:20 - [MESSAGE][PASSED] - Object: 'Object Repository/RecAndPlayBk/Page-Vlink-AuthOnly/input_user_defined10_user_defined10' is clicked on

2023-02-08 18:54:20 - [TEST_STEP][PASSED] - setText(findTestObject("Object Repository/RecAndPlayBk/Page-Vlink-AuthOnly/input_Card on File Indicator_card_on_file_i_157dae"), ""): Text '' is set on object 'Object Repository/RecAndPlayBk/Page-Vlink-AuthOnly/input_Card on File Indicator_card_on_file_i_157dae'

2023-02-08 18:54:21 - [MESSAGE][PASSED] - Text '' is set on object 'Object Repository/RecAndPlayBk/Page-Vlink-AuthOnly/input_Card on File Indicator_card_on_file_i_157dae'

2023-02-08 18:54:21 - [TEST_STEP][PASSED] - setText(findTestObject("Object Repository/RecAndPlayBk/Page-Vlink-AuthOnly/input_Stored Credential Indicator_stored_cr_4ae73c"), ""): Text '' is set on object 'Object Repository/RecAndPlayBk/Page-Vlink-AuthOnly/input_Stored Credential Indicator_stored_cr_4ae73c'

2023-02-08 18:54:22 - [MESSAGE][PASSED] - Text '' is set on object 'Object Repository/RecAndPlayBk/Page-Vlink-AuthOnly/input_Stored Credential Indicator_stored_cr_4ae73c'

2023-02-08 18:54:22 - [TEST_STEP][PASSED] - setText(findTestObject("Object Repository/RecAndPlayBk/Page-Vlink-AuthOnly/input_COF Scheduled indicator_cof_scheduled_8df7d8"), ""): Text '' is set on object 'Object Repository/RecAndPlayBk/Page-Vlink-AuthOnly/input_COF Scheduled indicator_cof_scheduled_8df7d8'

2023-02-08 18:54:23 - [MESSAGE][PASSED] - Text '' is set on object 'Object Repository/RecAndPlayBk/Page-Vlink-AuthOnly/input_COF Scheduled indicator_cof_scheduled_8df7d8'

2023-02-08 18:54:23 - [TEST_STEP][PASSED] - setText(findTestObject("Object Repository/RecAndPlayBk/Page-Vlink-AuthOnly/input_COF Transaction Initiated by_cof_tran_6cded5"), ""): Text '' is set on object 'Object Repository/RecAndPlayBk/Page-Vlink-AuthOnly/input_COF Transaction Initiated by_cof_tran_6cded5'

2023-02-08 18:54:23 - [MESSAGE][PASSED] - Text '' is set on object 'Object Repository/RecAndPlayBk/Page-Vlink-AuthOnly/input_COF Transaction Initiated by_cof_tran_6cded5'

2023-02-08 18:54:23 - [TEST_STEP][PASSED] - click(findTestObject("Object Repository/RecAndPlayBk/Page-Vlink-AuthOnly/input")): Object: 'Object Repository/RecAndPlayBk/Page-Vlink-AuthOnly/input' is clicked on

2023-02-08 18:54:24 - [MESSAGE][PASSED] - Object: 'Object Repository/RecAndPlayBk/Page-Vlink-AuthOnly/input' is clicked on

2023-02-08 18:54:24 - [TEST_STEP][PASSED] - if (verifyTextPresent(errorMsg, true)): null

2023-02-08 18:54:24 - [MESSAGE][PASSED] - Text 'response_format' is present on page  using regular expression

2023-02-08 18:54:24 - [TEST_STEP][PASSED] - println("Error Message is present on the Confirmation page"): null

2023-02-08 18:54:24 - [TEST_STEP][PASSED] - out.println("Pass Record Number: " + row): null

2023-02-08 18:54:24 - [TEST_STEP][PASSED] - resText = "Pass": null

2023-02-08 18:54:24 - [TEST_STEP][PASSED] - pages.WriteExcel.demoKey(resText, datText, resColumn, datCloumn, fileLoc, nameSheet, row): pages.WriteExcel.demoKey is PASSED

2023-02-08 18:54:24 - [MESSAGE][PASSED] - pages.WriteExcel.demoKey is PASSED

2023-02-08 18:54:24 - [TEST_STEP][PASSED] - ExecuteTC = findTestData(dataFile).getValue("Execute", row): null

2023-02-08 18:54:24 - [TEST_STEP][PASSED] - out.println("Value of Execute is : " + ExecuteTC): null

2023-02-08 18:54:24 - [TEST_STEP][PASSED] - if (ExecuteTC.equalsIgnoreCase("Y")): null

2023-02-08 18:54:24 - [TEST_STEP][PASSED] - out.println("Begin Record Number: " + row): null

2023-02-08 18:54:24 - [TEST_STEP][PASSED] - today = new java.util.Date(): null

2023-02-08 18:54:24 - [TEST_STEP][PASSED] - println(today): null

2023-02-08 18:54:24 - [TEST_STEP][PASSED] - datText = today: null

2023-02-08 18:54:24 - [TEST_STEP][PASSED] - errorMsg = findTestData(dataFile).getValue("ErrorMsg", row): null

2023-02-08 18:54:24 - [TEST_STEP][PASSED] - appID = findTestData(dataFile).getValue("AppID", row): null

2023-02-08 18:54:24 - [TEST_STEP][PASSED] - username = findTestData(dataFile).getValue("Username", row): null

2023-02-08 18:54:25 - [TEST_STEP][PASSED] - password = findTestData(dataFile).getValue("Password", row): null

2023-02-08 18:54:25 - [TEST_STEP][PASSED] - tranType = findTestData(dataFile).getValue("TranType", row): null

2023-02-08 18:54:25 - [TEST_STEP][PASSED] - mv = findTestData(dataFile).getValue("MV", row): null

2023-02-08 18:54:25 - [TEST_STEP][PASSED] - resFormat = findTestData(dataFile).getValue("ResFormat", row): null

2023-02-08 18:54:25 - [TEST_STEP][PASSED] - category = findTestData(dataFile).getValue("Category", row): null

2023-02-08 18:54:25 - [TEST_STEP][PASSED] - amount = findTestData(dataFile).getValue("Amount", row): null

2023-02-08 18:54:25 - [TEST_STEP][PASSED] - cardName = findTestData(dataFile).getValue("CardName", row): null

2023-02-08 18:54:25 - [TEST_STEP][PASSED] - al1 = findTestData(dataFile).getValue("AL1", row): null

2023-02-08 18:54:25 - [TEST_STEP][PASSED] - city = findTestData(dataFile).getValue("City", row): null

2023-02-08 18:54:25 - [TEST_STEP][PASSED] - state = findTestData(dataFile).getValue("State", row): null

2023-02-08 18:54:25 - [TEST_STEP][PASSED] - zip = findTestData(dataFile).getValue("ZIP", row): null

2023-02-08 18:54:25 - [TEST_STEP][PASSED] - cardNumber = findTestData(dataFile).getValue("CardNumber", row): null

2023-02-08 18:54:25 - [TEST_STEP][PASSED] - exM = findTestData(dataFile).getValue("ExM", row): null

2023-02-08 18:54:26 - [TEST_STEP][PASSED] - exY = findTestData(dataFile).getValue("ExY", row): null

2023-02-08 18:54:26 - [TEST_STEP][PASSED] - openBrowser(VLinkURL + "auth.html"): Browser is opened with url: 'https://dev-algorithm.govolution.com/vlinktest/QA/version_2_0/auth.html'

2023-02-08 18:54:26 - [MESSAGE][WARNING] - A browser is already opened. Closing browser and opening a new one

2023-02-08 18:54:27 - [MESSAGE][INFO] - Starting 'Chrome' driver

2023-02-08 18:54:27 - [MESSAGE][INFO] - User set preference: ['acceptInsecureCerts', 'true']

2023-02-08 18:54:27 - [MESSAGE][INFO] - Action delay is set to 0 milliseconds

2023-02-08 18:54:29 - [MESSAGE][PASSED] - Browser is opened with url: 'https://dev-algorithm.govolution.com/vlinktest/QA/version_2_0/auth.html'

2023-02-08 18:54:29 - [TEST_STEP][PASSED] - maximizeWindow(): Current window maximized

2023-02-08 18:54:29 - [MESSAGE][PASSED] - Current window maximized

2023-02-08 18:54:29 - [TEST_STEP][PASSED] - maximizeWindow(): Current window maximized

2023-02-08 18:54:29 - [MESSAGE][PASSED] - Current window maximized

2023-02-08 18:54:29 - [TEST_STEP][PASSED] - setText(findTestObject("Object Repository/RecAndPlayBk/Page-Vlink-AuthOnly/txt_TransactionType"), tranType): Text '104' is set on object 'Object Repository/RecAndPlayBk/Page-Vlink-AuthOnly/txt_TransactionType'

2023-02-08 18:54:29 - [MESSAGE][PASSED] - Text '104' is set on object 'Object Repository/RecAndPlayBk/Page-Vlink-AuthOnly/txt_TransactionType'

2023-02-08 18:54:29 - [TEST_STEP][PASSED] - setText(findTestObject("Object Repository/RecAndPlayBk/Page-Vlink-AuthOnly/txt_MessageVersion"), mv): Text '2.0C' is set on object 'Object Repository/RecAndPlayBk/Page-Vlink-AuthOnly/txt_MessageVersion'

2023-02-08 18:54:30 - [MESSAGE][PASSED] - Text '2.0C' is set on object 'Object Repository/RecAndPlayBk/Page-Vlink-AuthOnly/txt_MessageVersion'

2023-02-08 18:54:30 - [TEST_STEP][PASSED] - genRemID = RandomStringUtils.random(12, true, true): null

2023-02-08 18:54:30 - [TEST_STEP][PASSED] - setText(findTestObject("Object Repository/RecAndPlayBk/Page-Vlink-AuthOnly/input_Remittance Id_remittance_id"), genRemID): Text 'kyU6hCfjijRs' is set on object 'Object Repository/RecAndPlayBk/Page-Vlink-AuthOnly/input_Remittance Id_remittance_id'

2023-02-08 18:54:31 - [MESSAGE][PASSED] - Text 'kyU6hCfjijRs' is set on object 'Object Repository/RecAndPlayBk/Page-Vlink-AuthOnly/input_Remittance Id_remittance_id'

2023-02-08 18:54:31 - [TEST_STEP][PASSED] - setText(findTestObject("Object Repository/RecAndPlayBk/Page-Vlink-AuthOnly/input_Application Id_application_id"), appID): Text '234' is set on object 'Object Repository/RecAndPlayBk/Page-Vlink-AuthOnly/input_Application Id_application_id'

2023-02-08 18:54:31 - [MESSAGE][PASSED] - Text '234' is set on object 'Object Repository/RecAndPlayBk/Page-Vlink-AuthOnly/input_Application Id_application_id'

2023-02-08 18:54:31 - [TEST_STEP][PASSED] - setText(findTestObject("Object Repository/RecAndPlayBk/Page-Vlink-AuthOnly/input_Username_username"), username): Text 'username' is set on object 'Object Repository/RecAndPlayBk/Page-Vlink-AuthOnly/input_Username_username'

2023-02-08 18:54:32 - [MESSAGE][PASSED] - Text 'username' is set on object 'Object Repository/RecAndPlayBk/Page-Vlink-AuthOnly/input_Username_username'

2023-02-08 18:54:32 - [TEST_STEP][PASSED] - setText(findTestObject("Object Repository/RecAndPlayBk/Page-Vlink-AuthOnly/input_Password_password"), password): Text 'password' is set on object 'Object Repository/RecAndPlayBk/Page-Vlink-AuthOnly/input_Password_password'

2023-02-08 18:54:33 - [MESSAGE][PASSED] - Text 'password' is set on object 'Object Repository/RecAndPlayBk/Page-Vlink-AuthOnly/input_Password_password'

2023-02-08 18:54:33 - [TEST_STEP][PASSED] - setText(findTestObject("Object Repository/RecAndPlayBk/Page-Vlink-AuthOnly/txt_ResponseFormat"), resFormat): Text '' is set on object 'Object Repository/RecAndPlayBk/Page-Vlink-AuthOnly/txt_ResponseFormat'

2023-02-08 18:54:33 - [MESSAGE][PASSED] - Text '' is set on object 'Object Repository/RecAndPlayBk/Page-Vlink-AuthOnly/txt_ResponseFormat'

2023-02-08 18:54:33 - [TEST_STEP][PASSED] - setText(findTestObject("Object Repository/RecAndPlayBk/Page-Vlink-AuthOnly/input_Category_category"), category): Text 'RETL' is set on object 'Object Repository/RecAndPlayBk/Page-Vlink-AuthOnly/input_Category_category'

2023-02-08 18:54:34 - [MESSAGE][PASSED] - Text 'RETL' is set on object 'Object Repository/RecAndPlayBk/Page-Vlink-AuthOnly/input_Category_category'

2023-02-08 18:54:34 - [TEST_STEP][PASSED] - setText(findTestObject("Object Repository/RecAndPlayBk/Page-Vlink-AuthOnly/txt_CardName"), cardName): Text 'Kris Roshan' is set on object 'Object Repository/RecAndPlayBk/Page-Vlink-AuthOnly/txt_CardName'

2023-02-08 18:54:34 - [MESSAGE][PASSED] - Text 'Kris Roshan' is set on object 'Object Repository/RecAndPlayBk/Page-Vlink-AuthOnly/txt_CardName'

2023-02-08 18:54:34 - [TEST_STEP][PASSED] - setText(findTestObject("Object Repository/RecAndPlayBk/Page-Vlink-AuthOnly/txt_AL1"), al1): Text '258 Elm Road' is set on object 'Object Repository/RecAndPlayBk/Page-Vlink-AuthOnly/txt_AL1'

2023-02-08 18:54:35 - [MESSAGE][PASSED] - Text '258 Elm Road' is set on object 'Object Repository/RecAndPlayBk/Page-Vlink-AuthOnly/txt_AL1'

2023-02-08 18:54:35 - [TEST_STEP][PASSED] - setText(findTestObject("Object Repository/RecAndPlayBk/Page-Vlink-AuthOnly/txt_CardCity"), city): Text 'Arlington' is set on object 'Object Repository/RecAndPlayBk/Page-Vlink-AuthOnly/txt_CardCity'

2023-02-08 18:54:36 - [MESSAGE][PASSED] - Text 'Arlington' is set on object 'Object Repository/RecAndPlayBk/Page-Vlink-AuthOnly/txt_CardCity'

2023-02-08 18:54:36 - [TEST_STEP][PASSED] - setText(findTestObject("Object Repository/RecAndPlayBk/Page-Vlink-AuthOnly/txt_CardState"), state): Text 'VA' is set on object 'Object Repository/RecAndPlayBk/Page-Vlink-AuthOnly/txt_CardState'

2023-02-08 18:54:36 - [MESSAGE][PASSED] - Text 'VA' is set on object 'Object Repository/RecAndPlayBk/Page-Vlink-AuthOnly/txt_CardState'

2023-02-08 18:54:36 - [TEST_STEP][PASSED] - setText(findTestObject("Object Repository/RecAndPlayBk/Page-Vlink-AuthOnly/txt_CardZIP"), zip): Text '22201' is set on object 'Object Repository/RecAndPlayBk/Page-Vlink-AuthOnly/txt_CardZIP'

2023-02-08 18:54:37 - [MESSAGE][PASSED] - Text '22201' is set on object 'Object Repository/RecAndPlayBk/Page-Vlink-AuthOnly/txt_CardZIP'

2023-02-08 18:54:37 - [TEST_STEP][PASSED] - setText(findTestObject("Object Repository/RecAndPlayBk/Page-Vlink-AuthOnly/input_Amount_amount"), amount): Text '1.50' is set on object 'Object Repository/RecAndPlayBk/Page-Vlink-AuthOnly/input_Amount_amount'

2023-02-08 18:54:38 - [MESSAGE][PASSED] - Text '1.50' is set on object 'Object Repository/RecAndPlayBk/Page-Vlink-AuthOnly/input_Amount_amount'

2023-02-08 18:54:38 - [TEST_STEP][PASSED] - setText(findTestObject("Object Repository/RecAndPlayBk/Page-Vlink-AuthOnly/input_Card number_card_number"), cardNumber): Text '4111111111111111' is set on object 'Object Repository/RecAndPlayBk/Page-Vlink-AuthOnly/input_Card number_card_number'

2023-02-08 18:54:38 - [MESSAGE][PASSED] - Text '4111111111111111' is set on object 'Object Repository/RecAndPlayBk/Page-Vlink-AuthOnly/input_Card number_card_number'

2023-02-08 18:54:38 - [TEST_STEP][PASSED] - setText(findTestObject("Object Repository/RecAndPlayBk/Page-Vlink-AuthOnly/input_Card ex month_card_exmo"), exM): Text '12' is set on object 'Object Repository/RecAndPlayBk/Page-Vlink-AuthOnly/input_Card ex month_card_exmo'

2023-02-08 18:54:39 - [MESSAGE][PASSED] - Text '12' is set on object 'Object Repository/RecAndPlayBk/Page-Vlink-AuthOnly/input_Card ex month_card_exmo'

2023-02-08 18:54:39 - [TEST_STEP][PASSED] - setText(findTestObject("Object Repository/RecAndPlayBk/Page-Vlink-AuthOnly/input_Card ex year_card_exyr"), exY): Text '2025' is set on object 'Object Repository/RecAndPlayBk/Page-Vlink-AuthOnly/input_Card ex year_card_exyr'

2023-02-08 18:54:40 - [MESSAGE][PASSED] - Text '2025' is set on object 'Object Repository/RecAndPlayBk/Page-Vlink-AuthOnly/input_Card ex year_card_exyr'

2023-02-08 18:54:40 - [TEST_STEP][PASSED] - setText(findTestObject("Object Repository/RecAndPlayBk/Page-Vlink-AuthOnly/input_Track Data_track_data"), ""): Text '' is set on object 'Object Repository/RecAndPlayBk/Page-Vlink-AuthOnly/input_Track Data_track_data'

2023-02-08 18:54:40 - [MESSAGE][PASSED] - Text '' is set on object 'Object Repository/RecAndPlayBk/Page-Vlink-AuthOnly/input_Track Data_track_data'

2023-02-08 18:54:40 - [TEST_STEP][PASSED] - setText(findTestObject("Object Repository/RecAndPlayBk/Page-Vlink-AuthOnly/input_concat(Cardholder, , s email)_email"), ""): Text '' is set on object 'Object Repository/RecAndPlayBk/Page-Vlink-AuthOnly/input_concat(Cardholder, , s email)_email'

2023-02-08 18:54:41 - [MESSAGE][PASSED] - Text '' is set on object 'Object Repository/RecAndPlayBk/Page-Vlink-AuthOnly/input_concat(Cardholder, , s email)_email'

2023-02-08 18:54:41 - [TEST_STEP][PASSED] - click(findTestObject("Object Repository/RecAndPlayBk/Page-Vlink-AuthOnly/input_user_defined10_user_defined10")): Object: 'Object Repository/RecAndPlayBk/Page-Vlink-AuthOnly/input_user_defined10_user_defined10' is clicked on

2023-02-08 18:54:41 - [MESSAGE][PASSED] - Object: 'Object Repository/RecAndPlayBk/Page-Vlink-AuthOnly/input_user_defined10_user_defined10' is clicked on

2023-02-08 18:54:41 - [TEST_STEP][PASSED] - setText(findTestObject("Object Repository/RecAndPlayBk/Page-Vlink-AuthOnly/input_Card on File Indicator_card_on_file_i_157dae"), ""): Text '' is set on object 'Object Repository/RecAndPlayBk/Page-Vlink-AuthOnly/input_Card on File Indicator_card_on_file_i_157dae'

2023-02-08 18:54:42 - [MESSAGE][PASSED] - Text '' is set on object 'Object Repository/RecAndPlayBk/Page-Vlink-AuthOnly/input_Card on File Indicator_card_on_file_i_157dae'

2023-02-08 18:54:42 - [TEST_STEP][PASSED] - setText(findTestObject("Object Repository/RecAndPlayBk/Page-Vlink-AuthOnly/input_Stored Credential Indicator_stored_cr_4ae73c"), ""): Text '' is set on object 'Object Repository/RecAndPlayBk/Page-Vlink-AuthOnly/input_Stored Credential Indicator_stored_cr_4ae73c'

2023-02-08 18:54:43 - [MESSAGE][PASSED] - Text '' is set on object 'Object Repository/RecAndPlayBk/Page-Vlink-AuthOnly/input_Stored Credential Indicator_stored_cr_4ae73c'

2023-02-08 18:54:43 - [TEST_STEP][PASSED] - setText(findTestObject("Object Repository/RecAndPlayBk/Page-Vlink-AuthOnly/input_COF Scheduled indicator_cof_scheduled_8df7d8"), ""): Text '' is set on object 'Object Repository/RecAndPlayBk/Page-Vlink-AuthOnly/input_COF Scheduled indicator_cof_scheduled_8df7d8'

2023-02-08 18:54:43 - [MESSAGE][PASSED] - Text '' is set on object 'Object Repository/RecAndPlayBk/Page-Vlink-AuthOnly/input_COF Scheduled indicator_cof_scheduled_8df7d8'

2023-02-08 18:54:43 - [TEST_STEP][PASSED] - setText(findTestObject("Object Repository/RecAndPlayBk/Page-Vlink-AuthOnly/input_COF Transaction Initiated by_cof_tran_6cded5"), ""): Text '' is set on object 'Object Repository/RecAndPlayBk/Page-Vlink-AuthOnly/input_COF Transaction Initiated by_cof_tran_6cded5'

2023-02-08 18:54:44 - [MESSAGE][PASSED] - Text '' is set on object 'Object Repository/RecAndPlayBk/Page-Vlink-AuthOnly/input_COF Transaction Initiated by_cof_tran_6cded5'

2023-02-08 18:54:44 - [TEST_STEP][PASSED] - click(findTestObject("Object Repository/RecAndPlayBk/Page-Vlink-AuthOnly/input")): Object: 'Object Repository/RecAndPlayBk/Page-Vlink-AuthOnly/input' is clicked on

2023-02-08 18:54:44 - [MESSAGE][PASSED] - Object: 'Object Repository/RecAndPlayBk/Page-Vlink-AuthOnly/input' is clicked on

2023-02-08 18:54:44 - [TEST_STEP][PASSED] - if (verifyTextPresent(errorMsg, true)): null

2023-02-08 18:54:45 - [MESSAGE][PASSED] - Text 'response_format' is present on page  using regular expression

2023-02-08 18:54:45 - [TEST_STEP][PASSED] - println("Error Message is present on the Confirmation page"): null

2023-02-08 18:54:45 - [TEST_STEP][PASSED] - out.println("Pass Record Number: " + row): null

2023-02-08 18:54:45 - [TEST_STEP][PASSED] - resText = "Pass": null

2023-02-08 18:54:45 - [TEST_STEP][PASSED] - pages.WriteExcel.demoKey(resText, datText, resColumn, datCloumn, fileLoc, nameSheet, row): pages.WriteExcel.demoKey is PASSED

2023-02-08 18:54:45 - [MESSAGE][PASSED] - pages.WriteExcel.demoKey is PASSED

2023-02-08 18:54:45 - [TEST_STEP][PASSED] - ExecuteTC = findTestData(dataFile).getValue("Execute", row): null

2023-02-08 18:54:45 - [TEST_STEP][PASSED] - out.println("Value of Execute is : " + ExecuteTC): null

2023-02-08 18:54:45 - [TEST_STEP][PASSED] - if (ExecuteTC.equalsIgnoreCase("Y")): null

2023-02-08 18:54:45 - [TEST_STEP][PASSED] - out.println("Begin Record Number: " + row): null

2023-02-08 18:54:45 - [TEST_STEP][PASSED] - today = new java.util.Date(): null

2023-02-08 18:54:45 - [TEST_STEP][PASSED] - println(today): null

2023-02-08 18:54:45 - [TEST_STEP][PASSED] - datText = today: null

2023-02-08 18:54:45 - [TEST_STEP][PASSED] - errorMsg = findTestData(dataFile).getValue("ErrorMsg", row): null

2023-02-08 18:54:45 - [TEST_STEP][PASSED] - appID = findTestData(dataFile).getValue("AppID", row): null

2023-02-08 18:54:45 - [TEST_STEP][PASSED] - username = findTestData(dataFile).getValue("Username", row): null

2023-02-08 18:54:45 - [TEST_STEP][PASSED] - password = findTestData(dataFile).getValue("Password", row): null

2023-02-08 18:54:45 - [TEST_STEP][PASSED] - tranType = findTestData(dataFile).getValue("TranType", row): null

2023-02-08 18:54:45 - [TEST_STEP][PASSED] - mv = findTestData(dataFile).getValue("MV", row): null

2023-02-08 18:54:45 - [TEST_STEP][PASSED] - resFormat = findTestData(dataFile).getValue("ResFormat", row): null

2023-02-08 18:54:46 - [TEST_STEP][PASSED] - category = findTestData(dataFile).getValue("Category", row): null

2023-02-08 18:54:46 - [TEST_STEP][PASSED] - amount = findTestData(dataFile).getValue("Amount", row): null

2023-02-08 18:54:46 - [TEST_STEP][PASSED] - cardName = findTestData(dataFile).getValue("CardName", row): null

2023-02-08 18:54:46 - [TEST_STEP][PASSED] - al1 = findTestData(dataFile).getValue("AL1", row): null

2023-02-08 18:54:46 - [TEST_STEP][PASSED] - city = findTestData(dataFile).getValue("City", row): null

2023-02-08 18:54:46 - [TEST_STEP][PASSED] - state = findTestData(dataFile).getValue("State", row): null

2023-02-08 18:54:46 - [TEST_STEP][PASSED] - zip = findTestData(dataFile).getValue("ZIP", row): null

2023-02-08 18:54:46 - [TEST_STEP][PASSED] - cardNumber = findTestData(dataFile).getValue("CardNumber", row): null

2023-02-08 18:54:46 - [TEST_STEP][PASSED] - exM = findTestData(dataFile).getValue("ExM", row): null

2023-02-08 18:54:46 - [TEST_STEP][PASSED] - exY = findTestData(dataFile).getValue("ExY", row): null

2023-02-08 18:54:46 - [TEST_STEP][PASSED] - openBrowser(VLinkURL + "auth.html"): Browser is opened with url: 'https://dev-algorithm.govolution.com/vlinktest/QA/version_2_0/auth.html'

2023-02-08 18:54:46 - [MESSAGE][WARNING] - A browser is already opened. Closing browser and opening a new one

2023-02-08 18:54:47 - [MESSAGE][INFO] - Starting 'Chrome' driver

2023-02-08 18:54:47 - [MESSAGE][INFO] - User set preference: ['acceptInsecureCerts', 'true']

2023-02-08 18:54:47 - [MESSAGE][INFO] - Action delay is set to 0 milliseconds

2023-02-08 18:54:49 - [MESSAGE][PASSED] - Browser is opened with url: 'https://dev-algorithm.govolution.com/vlinktest/QA/version_2_0/auth.html'

2023-02-08 18:54:49 - [TEST_STEP][PASSED] - maximizeWindow(): Current window maximized

2023-02-08 18:54:49 - [MESSAGE][PASSED] - Current window maximized

2023-02-08 18:54:49 - [TEST_STEP][PASSED] - maximizeWindow(): Current window maximized

2023-02-08 18:54:49 - [MESSAGE][PASSED] - Current window maximized

2023-02-08 18:54:49 - [TEST_STEP][PASSED] - setText(findTestObject("Object Repository/RecAndPlayBk/Page-Vlink-AuthOnly/txt_TransactionType"), tranType): Text '104' is set on object 'Object Repository/RecAndPlayBk/Page-Vlink-AuthOnly/txt_TransactionType'

2023-02-08 18:54:50 - [MESSAGE][PASSED] - Text '104' is set on object 'Object Repository/RecAndPlayBk/Page-Vlink-AuthOnly/txt_TransactionType'

2023-02-08 18:54:50 - [TEST_STEP][PASSED] - setText(findTestObject("Object Repository/RecAndPlayBk/Page-Vlink-AuthOnly/txt_MessageVersion"), mv): Text '2.0C' is set on object 'Object Repository/RecAndPlayBk/Page-Vlink-AuthOnly/txt_MessageVersion'

2023-02-08 18:54:51 - [MESSAGE][PASSED] - Text '2.0C' is set on object 'Object Repository/RecAndPlayBk/Page-Vlink-AuthOnly/txt_MessageVersion'

2023-02-08 18:54:51 - [TEST_STEP][PASSED] - genRemID = RandomStringUtils.random(12, true, true): null

2023-02-08 18:54:51 - [TEST_STEP][PASSED] - setText(findTestObject("Object Repository/RecAndPlayBk/Page-Vlink-AuthOnly/input_Remittance Id_remittance_id"), genRemID): Text 'SzkDs9b8mNnH' is set on object 'Object Repository/RecAndPlayBk/Page-Vlink-AuthOnly/input_Remittance Id_remittance_id'

2023-02-08 18:54:52 - [MESSAGE][PASSED] - Text 'SzkDs9b8mNnH' is set on object 'Object Repository/RecAndPlayBk/Page-Vlink-AuthOnly/input_Remittance Id_remittance_id'

2023-02-08 18:54:52 - [TEST_STEP][PASSED] - setText(findTestObject("Object Repository/RecAndPlayBk/Page-Vlink-AuthOnly/input_Application Id_application_id"), appID): Text '234' is set on object 'Object Repository/RecAndPlayBk/Page-Vlink-AuthOnly/input_Application Id_application_id'

2023-02-08 18:54:52 - [MESSAGE][PASSED] - Text '234' is set on object 'Object Repository/RecAndPlayBk/Page-Vlink-AuthOnly/input_Application Id_application_id'

2023-02-08 18:54:52 - [TEST_STEP][PASSED] - setText(findTestObject("Object Repository/RecAndPlayBk/Page-Vlink-AuthOnly/input_Username_username"), username): Text 'username' is set on object 'Object Repository/RecAndPlayBk/Page-Vlink-AuthOnly/input_Username_username'

2023-02-08 18:54:53 - [MESSAGE][PASSED] - Text 'username' is set on object 'Object Repository/RecAndPlayBk/Page-Vlink-AuthOnly/input_Username_username'

2023-02-08 18:54:53 - [TEST_STEP][PASSED] - setText(findTestObject("Object Repository/RecAndPlayBk/Page-Vlink-AuthOnly/input_Password_password"), password): Text 'password' is set on object 'Object Repository/RecAndPlayBk/Page-Vlink-AuthOnly/input_Password_password'

2023-02-08 18:54:54 - [MESSAGE][PASSED] - Text 'password' is set on object 'Object Repository/RecAndPlayBk/Page-Vlink-AuthOnly/input_Password_password'

2023-02-08 18:54:54 - [TEST_STEP][PASSED] - setText(findTestObject("Object Repository/RecAndPlayBk/Page-Vlink-AuthOnly/txt_ResponseFormat"), resFormat): Text 'fixed_width' is set on object 'Object Repository/RecAndPlayBk/Page-Vlink-AuthOnly/txt_ResponseFormat'

2023-02-08 18:54:54 - [MESSAGE][PASSED] - Text 'fixed_width' is set on object 'Object Repository/RecAndPlayBk/Page-Vlink-AuthOnly/txt_ResponseFormat'

2023-02-08 18:54:54 - [TEST_STEP][PASSED] - setText(findTestObject("Object Repository/RecAndPlayBk/Page-Vlink-AuthOnly/input_Category_category"), category): Text '' is set on object 'Object Repository/RecAndPlayBk/Page-Vlink-AuthOnly/input_Category_category'

2023-02-08 18:54:55 - [MESSAGE][PASSED] - Text '' is set on object 'Object Repository/RecAndPlayBk/Page-Vlink-AuthOnly/input_Category_category'

2023-02-08 18:54:55 - [TEST_STEP][PASSED] - setText(findTestObject("Object Repository/RecAndPlayBk/Page-Vlink-AuthOnly/txt_CardName"), cardName): Text 'Kris Roshan' is set on object 'Object Repository/RecAndPlayBk/Page-Vlink-AuthOnly/txt_CardName'

2023-02-08 18:54:56 - [MESSAGE][PASSED] - Text 'Kris Roshan' is set on object 'Object Repository/RecAndPlayBk/Page-Vlink-AuthOnly/txt_CardName'

2023-02-08 18:54:56 - [TEST_STEP][PASSED] - setText(findTestObject("Object Repository/RecAndPlayBk/Page-Vlink-AuthOnly/txt_AL1"), al1): Text '258 Elm Road' is set on object 'Object Repository/RecAndPlayBk/Page-Vlink-AuthOnly/txt_AL1'

2023-02-08 18:54:56 - [MESSAGE][PASSED] - Text '258 Elm Road' is set on object 'Object Repository/RecAndPlayBk/Page-Vlink-AuthOnly/txt_AL1'

2023-02-08 18:54:56 - [TEST_STEP][PASSED] - setText(findTestObject("Object Repository/RecAndPlayBk/Page-Vlink-AuthOnly/txt_CardCity"), city): Text 'Arlington' is set on object 'Object Repository/RecAndPlayBk/Page-Vlink-AuthOnly/txt_CardCity'

2023-02-08 18:54:57 - [MESSAGE][PASSED] - Text 'Arlington' is set on object 'Object Repository/RecAndPlayBk/Page-Vlink-AuthOnly/txt_CardCity'

2023-02-08 18:54:57 - [TEST_STEP][PASSED] - setText(findTestObject("Object Repository/RecAndPlayBk/Page-Vlink-AuthOnly/txt_CardState"), state): Text 'VA' is set on object 'Object Repository/RecAndPlayBk/Page-Vlink-AuthOnly/txt_CardState'

2023-02-08 18:54:58 - [MESSAGE][PASSED] - Text 'VA' is set on object 'Object Repository/RecAndPlayBk/Page-Vlink-AuthOnly/txt_CardState'

2023-02-08 18:54:58 - [TEST_STEP][PASSED] - setText(findTestObject("Object Repository/RecAndPlayBk/Page-Vlink-AuthOnly/txt_CardZIP"), zip): Text '22201' is set on object 'Object Repository/RecAndPlayBk/Page-Vlink-AuthOnly/txt_CardZIP'

2023-02-08 18:54:58 - [MESSAGE][PASSED] - Text '22201' is set on object 'Object Repository/RecAndPlayBk/Page-Vlink-AuthOnly/txt_CardZIP'

2023-02-08 18:54:58 - [TEST_STEP][PASSED] - setText(findTestObject("Object Repository/RecAndPlayBk/Page-Vlink-AuthOnly/input_Amount_amount"), amount): Text '1.50' is set on object 'Object Repository/RecAndPlayBk/Page-Vlink-AuthOnly/input_Amount_amount'

2023-02-08 18:54:59 - [MESSAGE][PASSED] - Text '1.50' is set on object 'Object Repository/RecAndPlayBk/Page-Vlink-AuthOnly/input_Amount_amount'

2023-02-08 18:54:59 - [TEST_STEP][PASSED] - setText(findTestObject("Object Repository/RecAndPlayBk/Page-Vlink-AuthOnly/input_Card number_card_number"), cardNumber): Text '4111111111111111' is set on object 'Object Repository/RecAndPlayBk/Page-Vlink-AuthOnly/input_Card number_card_number'

2023-02-08 18:55:00 - [MESSAGE][PASSED] - Text '4111111111111111' is set on object 'Object Repository/RecAndPlayBk/Page-Vlink-AuthOnly/input_Card number_card_number'

2023-02-08 18:55:00 - [TEST_STEP][PASSED] - setText(findTestObject("Object Repository/RecAndPlayBk/Page-Vlink-AuthOnly/input_Card ex month_card_exmo"), exM): Text '12' is set on object 'Object Repository/RecAndPlayBk/Page-Vlink-AuthOnly/input_Card ex month_card_exmo'

2023-02-08 18:55:00 - [MESSAGE][PASSED] - Text '12' is set on object 'Object Repository/RecAndPlayBk/Page-Vlink-AuthOnly/input_Card ex month_card_exmo'

2023-02-08 18:55:00 - [TEST_STEP][PASSED] - setText(findTestObject("Object Repository/RecAndPlayBk/Page-Vlink-AuthOnly/input_Card ex year_card_exyr"), exY): Text '2025' is set on object 'Object Repository/RecAndPlayBk/Page-Vlink-AuthOnly/input_Card ex year_card_exyr'

2023-02-08 18:55:01 - [MESSAGE][PASSED] - Text '2025' is set on object 'Object Repository/RecAndPlayBk/Page-Vlink-AuthOnly/input_Card ex year_card_exyr'

2023-02-08 18:55:01 - [TEST_STEP][PASSED] - setText(findTestObject("Object Repository/RecAndPlayBk/Page-Vlink-AuthOnly/input_Track Data_track_data"), ""): Text '' is set on object 'Object Repository/RecAndPlayBk/Page-Vlink-AuthOnly/input_Track Data_track_data'

2023-02-08 18:55:02 - [MESSAGE][PASSED] - Text '' is set on object 'Object Repository/RecAndPlayBk/Page-Vlink-AuthOnly/input_Track Data_track_data'

2023-02-08 18:55:02 - [TEST_STEP][PASSED] - setText(findTestObject("Object Repository/RecAndPlayBk/Page-Vlink-AuthOnly/input_concat(Cardholder, , s email)_email"), ""): Text '' is set on object 'Object Repository/RecAndPlayBk/Page-Vlink-AuthOnly/input_concat(Cardholder, , s email)_email'

2023-02-08 18:55:02 - [MESSAGE][PASSED] - Text '' is set on object 'Object Repository/RecAndPlayBk/Page-Vlink-AuthOnly/input_concat(Cardholder, , s email)_email'

2023-02-08 18:55:02 - [TEST_STEP][PASSED] - click(findTestObject("Object Repository/RecAndPlayBk/Page-Vlink-AuthOnly/input_user_defined10_user_defined10")): Object: 'Object Repository/RecAndPlayBk/Page-Vlink-AuthOnly/input_user_defined10_user_defined10' is clicked on

2023-02-08 18:55:03 - [MESSAGE][PASSED] - Object: 'Object Repository/RecAndPlayBk/Page-Vlink-AuthOnly/input_user_defined10_user_defined10' is clicked on

2023-02-08 18:55:03 - [TEST_STEP][PASSED] - setText(findTestObject("Object Repository/RecAndPlayBk/Page-Vlink-AuthOnly/input_Card on File Indicator_card_on_file_i_157dae"), ""): Text '' is set on object 'Object Repository/RecAndPlayBk/Page-Vlink-AuthOnly/input_Card on File Indicator_card_on_file_i_157dae'

2023-02-08 18:55:03 - [MESSAGE][PASSED] - Text '' is set on object 'Object Repository/RecAndPlayBk/Page-Vlink-AuthOnly/input_Card on File Indicator_card_on_file_i_157dae'

2023-02-08 18:55:03 - [TEST_STEP][PASSED] - setText(findTestObject("Object Repository/RecAndPlayBk/Page-Vlink-AuthOnly/input_Stored Credential Indicator_stored_cr_4ae73c"), ""): Text '' is set on object 'Object Repository/RecAndPlayBk/Page-Vlink-AuthOnly/input_Stored Credential Indicator_stored_cr_4ae73c'

2023-02-08 18:55:04 - [MESSAGE][PASSED] - Text '' is set on object 'Object Repository/RecAndPlayBk/Page-Vlink-AuthOnly/input_Stored Credential Indicator_stored_cr_4ae73c'

2023-02-08 18:55:04 - [TEST_STEP][PASSED] - setText(findTestObject("Object Repository/RecAndPlayBk/Page-Vlink-AuthOnly/input_COF Scheduled indicator_cof_scheduled_8df7d8"), ""): Text '' is set on object 'Object Repository/RecAndPlayBk/Page-Vlink-AuthOnly/input_COF Scheduled indicator_cof_scheduled_8df7d8'

2023-02-08 18:55:05 - [MESSAGE][PASSED] - Text '' is set on object 'Object Repository/RecAndPlayBk/Page-Vlink-AuthOnly/input_COF Scheduled indicator_cof_scheduled_8df7d8'

2023-02-08 18:55:05 - [TEST_STEP][PASSED] - setText(findTestObject("Object Repository/RecAndPlayBk/Page-Vlink-AuthOnly/input_COF Transaction Initiated by_cof_tran_6cded5"), ""): Text '' is set on object 'Object Repository/RecAndPlayBk/Page-Vlink-AuthOnly/input_COF Transaction Initiated by_cof_tran_6cded5'

2023-02-08 18:55:05 - [MESSAGE][PASSED] - Text '' is set on object 'Object Repository/RecAndPlayBk/Page-Vlink-AuthOnly/input_COF Transaction Initiated by_cof_tran_6cded5'

2023-02-08 18:55:05 - [TEST_STEP][PASSED] - click(findTestObject("Object Repository/RecAndPlayBk/Page-Vlink-AuthOnly/input")): Object: 'Object Repository/RecAndPlayBk/Page-Vlink-AuthOnly/input' is clicked on

2023-02-08 18:55:06 - [MESSAGE][PASSED] - Object: 'Object Repository/RecAndPlayBk/Page-Vlink-AuthOnly/input' is clicked on

2023-02-08 18:55:06 - [TEST_STEP][PASSED] - if (verifyTextPresent(errorMsg, true)): null

2023-02-08 18:55:06 - [MESSAGE][PASSED] - Text 'Missing parameter: category' is present on page  using regular expression

2023-02-08 18:55:06 - [TEST_STEP][PASSED] - println("Error Message is present on the Confirmation page"): null

2023-02-08 18:55:06 - [TEST_STEP][PASSED] - out.println("Pass Record Number: " + row): null

2023-02-08 18:55:06 - [TEST_STEP][PASSED] - resText = "Pass": null

2023-02-08 18:55:06 - [TEST_STEP][PASSED] - pages.WriteExcel.demoKey(resText, datText, resColumn, datCloumn, fileLoc, nameSheet, row): pages.WriteExcel.demoKey is PASSED

2023-02-08 18:55:06 - [MESSAGE][PASSED] - pages.WriteExcel.demoKey is PASSED

2023-02-08 18:55:06 - [TEST_STEP][PASSED] - ExecuteTC = findTestData(dataFile).getValue("Execute", row): null

2023-02-08 18:55:06 - [TEST_STEP][PASSED] - out.println("Value of Execute is : " + ExecuteTC): null

2023-02-08 18:55:06 - [TEST_STEP][PASSED] - if (ExecuteTC.equalsIgnoreCase("Y")): null

2023-02-08 18:55:06 - [TEST_STEP][PASSED] - out.println("Begin Record Number: " + row): null

2023-02-08 18:55:06 - [TEST_STEP][PASSED] - today = new java.util.Date(): null

2023-02-08 18:55:06 - [TEST_STEP][PASSED] - println(today): null

2023-02-08 18:55:06 - [TEST_STEP][PASSED] - datText = today: null

2023-02-08 18:55:06 - [TEST_STEP][PASSED] - errorMsg = findTestData(dataFile).getValue("ErrorMsg", row): null

2023-02-08 18:55:07 - [TEST_STEP][PASSED] - appID = findTestData(dataFile).getValue("AppID", row): null

2023-02-08 18:55:07 - [TEST_STEP][PASSED] - username = findTestData(dataFile).getValue("Username", row): null

2023-02-08 18:55:07 - [TEST_STEP][PASSED] - password = findTestData(dataFile).getValue("Password", row): null

2023-02-08 18:55:07 - [TEST_STEP][PASSED] - tranType = findTestData(dataFile).getValue("TranType", row): null

2023-02-08 18:55:07 - [TEST_STEP][PASSED] - mv = findTestData(dataFile).getValue("MV", row): null

2023-02-08 18:55:07 - [TEST_STEP][PASSED] - resFormat = findTestData(dataFile).getValue("ResFormat", row): null

2023-02-08 18:55:07 - [TEST_STEP][PASSED] - category = findTestData(dataFile).getValue("Category", row): null

2023-02-08 18:55:07 - [TEST_STEP][PASSED] - amount = findTestData(dataFile).getValue("Amount", row): null

2023-02-08 18:55:07 - [TEST_STEP][PASSED] - cardName = findTestData(dataFile).getValue("CardName", row): null

2023-02-08 18:55:07 - [TEST_STEP][PASSED] - al1 = findTestData(dataFile).getValue("AL1", row): null

2023-02-08 18:55:07 - [TEST_STEP][PASSED] - city = findTestData(dataFile).getValue("City", row): null

2023-02-08 18:55:07 - [TEST_STEP][PASSED] - state = findTestData(dataFile).getValue("State", row): null

2023-02-08 18:55:08 - [TEST_STEP][PASSED] - zip = findTestData(dataFile).getValue("ZIP", row): null

2023-02-08 18:55:08 - [TEST_STEP][PASSED] - cardNumber = findTestData(dataFile).getValue("CardNumber", row): null

2023-02-08 18:55:08 - [TEST_STEP][PASSED] - exM = findTestData(dataFile).getValue("ExM", row): null

2023-02-08 18:55:08 - [TEST_STEP][PASSED] - exY = findTestData(dataFile).getValue("ExY", row): null

2023-02-08 18:55:08 - [TEST_STEP][PASSED] - openBrowser(VLinkURL + "auth.html"): Browser is opened with url: 'https://dev-algorithm.govolution.com/vlinktest/QA/version_2_0/auth.html'

2023-02-08 18:55:08 - [MESSAGE][WARNING] - A browser is already opened. Closing browser and opening a new one

2023-02-08 18:55:09 - [MESSAGE][INFO] - Starting 'Chrome' driver

2023-02-08 18:55:09 - [MESSAGE][INFO] - User set preference: ['acceptInsecureCerts', 'true']

2023-02-08 18:55:09 - [MESSAGE][INFO] - Action delay is set to 0 milliseconds

2023-02-08 18:55:11 - [MESSAGE][PASSED] - Browser is opened with url: 'https://dev-algorithm.govolution.com/vlinktest/QA/version_2_0/auth.html'

2023-02-08 18:55:11 - [TEST_STEP][PASSED] - maximizeWindow(): Current window maximized

2023-02-08 18:55:11 - [MESSAGE][PASSED] - Current window maximized

2023-02-08 18:55:11 - [TEST_STEP][PASSED] - maximizeWindow(): Current window maximized

2023-02-08 18:55:11 - [MESSAGE][PASSED] - Current window maximized

2023-02-08 18:55:11 - [TEST_STEP][PASSED] - setText(findTestObject("Object Repository/RecAndPlayBk/Page-Vlink-AuthOnly/txt_TransactionType"), tranType): Text '104' is set on object 'Object Repository/RecAndPlayBk/Page-Vlink-AuthOnly/txt_TransactionType'

2023-02-08 18:55:12 - [MESSAGE][PASSED] - Text '104' is set on object 'Object Repository/RecAndPlayBk/Page-Vlink-AuthOnly/txt_TransactionType'

2023-02-08 18:55:12 - [TEST_STEP][PASSED] - setText(findTestObject("Object Repository/RecAndPlayBk/Page-Vlink-AuthOnly/txt_MessageVersion"), mv): Text '2.0C' is set on object 'Object Repository/RecAndPlayBk/Page-Vlink-AuthOnly/txt_MessageVersion'

2023-02-08 18:55:12 - [MESSAGE][PASSED] - Text '2.0C' is set on object 'Object Repository/RecAndPlayBk/Page-Vlink-AuthOnly/txt_MessageVersion'

2023-02-08 18:55:12 - [TEST_STEP][PASSED] - genRemID = RandomStringUtils.random(12, true, true): null

2023-02-08 18:55:12 - [TEST_STEP][PASSED] - setText(findTestObject("Object Repository/RecAndPlayBk/Page-Vlink-AuthOnly/input_Remittance Id_remittance_id"), genRemID): Text 'bRrpoZiU4qwv' is set on object 'Object Repository/RecAndPlayBk/Page-Vlink-AuthOnly/input_Remittance Id_remittance_id'

2023-02-08 18:55:13 - [MESSAGE][PASSED] - Text 'bRrpoZiU4qwv' is set on object 'Object Repository/RecAndPlayBk/Page-Vlink-AuthOnly/input_Remittance Id_remittance_id'

2023-02-08 18:55:13 - [TEST_STEP][PASSED] - setText(findTestObject("Object Repository/RecAndPlayBk/Page-Vlink-AuthOnly/input_Application Id_application_id"), appID): Text '234' is set on object 'Object Repository/RecAndPlayBk/Page-Vlink-AuthOnly/input_Application Id_application_id'

2023-02-08 18:55:14 - [MESSAGE][PASSED] - Text '234' is set on object 'Object Repository/RecAndPlayBk/Page-Vlink-AuthOnly/input_Application Id_application_id'

2023-02-08 18:55:14 - [TEST_STEP][PASSED] - setText(findTestObject("Object Repository/RecAndPlayBk/Page-Vlink-AuthOnly/input_Username_username"), username): Text 'username' is set on object 'Object Repository/RecAndPlayBk/Page-Vlink-AuthOnly/input_Username_username'

2023-02-08 18:55:14 - [MESSAGE][PASSED] - Text 'username' is set on object 'Object Repository/RecAndPlayBk/Page-Vlink-AuthOnly/input_Username_username'

2023-02-08 18:55:14 - [TEST_STEP][PASSED] - setText(findTestObject("Object Repository/RecAndPlayBk/Page-Vlink-AuthOnly/input_Password_password"), password): Text 'password' is set on object 'Object Repository/RecAndPlayBk/Page-Vlink-AuthOnly/input_Password_password'

2023-02-08 18:55:15 - [MESSAGE][PASSED] - Text 'password' is set on object 'Object Repository/RecAndPlayBk/Page-Vlink-AuthOnly/input_Password_password'

2023-02-08 18:55:15 - [TEST_STEP][PASSED] - setText(findTestObject("Object Repository/RecAndPlayBk/Page-Vlink-AuthOnly/txt_ResponseFormat"), resFormat): Text 'fixed_width' is set on object 'Object Repository/RecAndPlayBk/Page-Vlink-AuthOnly/txt_ResponseFormat'

2023-02-08 18:55:15 - [MESSAGE][PASSED] - Text 'fixed_width' is set on object 'Object Repository/RecAndPlayBk/Page-Vlink-AuthOnly/txt_ResponseFormat'

2023-02-08 18:55:15 - [TEST_STEP][PASSED] - setText(findTestObject("Object Repository/RecAndPlayBk/Page-Vlink-AuthOnly/input_Category_category"), category): Text 'ECOM' is set on object 'Object Repository/RecAndPlayBk/Page-Vlink-AuthOnly/input_Category_category'

2023-02-08 18:55:16 - [MESSAGE][PASSED] - Text 'ECOM' is set on object 'Object Repository/RecAndPlayBk/Page-Vlink-AuthOnly/input_Category_category'

2023-02-08 18:55:16 - [TEST_STEP][PASSED] - setText(findTestObject("Object Repository/RecAndPlayBk/Page-Vlink-AuthOnly/txt_CardName"), cardName): Text '' is set on object 'Object Repository/RecAndPlayBk/Page-Vlink-AuthOnly/txt_CardName'

2023-02-08 18:55:17 - [MESSAGE][PASSED] - Text '' is set on object 'Object Repository/RecAndPlayBk/Page-Vlink-AuthOnly/txt_CardName'

2023-02-08 18:55:17 - [TEST_STEP][PASSED] - setText(findTestObject("Object Repository/RecAndPlayBk/Page-Vlink-AuthOnly/txt_AL1"), al1): Text '258 Elm Road' is set on object 'Object Repository/RecAndPlayBk/Page-Vlink-AuthOnly/txt_AL1'

2023-02-08 18:55:17 - [MESSAGE][PASSED] - Text '258 Elm Road' is set on object 'Object Repository/RecAndPlayBk/Page-Vlink-AuthOnly/txt_AL1'

2023-02-08 18:55:17 - [TEST_STEP][PASSED] - setText(findTestObject("Object Repository/RecAndPlayBk/Page-Vlink-AuthOnly/txt_CardCity"), city): Text 'Arlington' is set on object 'Object Repository/RecAndPlayBk/Page-Vlink-AuthOnly/txt_CardCity'

2023-02-08 18:55:18 - [MESSAGE][PASSED] - Text 'Arlington' is set on object 'Object Repository/RecAndPlayBk/Page-Vlink-AuthOnly/txt_CardCity'

2023-02-08 18:55:18 - [TEST_STEP][PASSED] - setText(findTestObject("Object Repository/RecAndPlayBk/Page-Vlink-AuthOnly/txt_CardState"), state): Text 'VA' is set on object 'Object Repository/RecAndPlayBk/Page-Vlink-AuthOnly/txt_CardState'

2023-02-08 18:55:19 - [MESSAGE][PASSED] - Text 'VA' is set on object 'Object Repository/RecAndPlayBk/Page-Vlink-AuthOnly/txt_CardState'

2023-02-08 18:55:19 - [TEST_STEP][PASSED] - setText(findTestObject("Object Repository/RecAndPlayBk/Page-Vlink-AuthOnly/txt_CardZIP"), zip): Text '22201' is set on object 'Object Repository/RecAndPlayBk/Page-Vlink-AuthOnly/txt_CardZIP'

2023-02-08 18:55:19 - [MESSAGE][PASSED] - Text '22201' is set on object 'Object Repository/RecAndPlayBk/Page-Vlink-AuthOnly/txt_CardZIP'

2023-02-08 18:55:19 - [TEST_STEP][PASSED] - setText(findTestObject("Object Repository/RecAndPlayBk/Page-Vlink-AuthOnly/input_Amount_amount"), amount): Text '1.50' is set on object 'Object Repository/RecAndPlayBk/Page-Vlink-AuthOnly/input_Amount_amount'

2023-02-08 18:55:20 - [MESSAGE][PASSED] - Text '1.50' is set on object 'Object Repository/RecAndPlayBk/Page-Vlink-AuthOnly/input_Amount_amount'

2023-02-08 18:55:20 - [TEST_STEP][PASSED] - setText(findTestObject("Object Repository/RecAndPlayBk/Page-Vlink-AuthOnly/input_Card number_card_number"), cardNumber): Text '4111111111111111' is set on object 'Object Repository/RecAndPlayBk/Page-Vlink-AuthOnly/input_Card number_card_number'

2023-02-08 18:55:21 - [MESSAGE][PASSED] - Text '4111111111111111' is set on object 'Object Repository/RecAndPlayBk/Page-Vlink-AuthOnly/input_Card number_card_number'

2023-02-08 18:55:21 - [TEST_STEP][PASSED] - setText(findTestObject("Object Repository/RecAndPlayBk/Page-Vlink-AuthOnly/input_Card ex month_card_exmo"), exM): Text '12' is set on object 'Object Repository/RecAndPlayBk/Page-Vlink-AuthOnly/input_Card ex month_card_exmo'

2023-02-08 18:55:21 - [MESSAGE][PASSED] - Text '12' is set on object 'Object Repository/RecAndPlayBk/Page-Vlink-AuthOnly/input_Card ex month_card_exmo'

2023-02-08 18:55:21 - [TEST_STEP][PASSED] - setText(findTestObject("Object Repository/RecAndPlayBk/Page-Vlink-AuthOnly/input_Card ex year_card_exyr"), exY): Text '2025' is set on object 'Object Repository/RecAndPlayBk/Page-Vlink-AuthOnly/input_Card ex year_card_exyr'

2023-02-08 18:55:22 - [MESSAGE][PASSED] - Text '2025' is set on object 'Object Repository/RecAndPlayBk/Page-Vlink-AuthOnly/input_Card ex year_card_exyr'

2023-02-08 18:55:22 - [TEST_STEP][PASSED] - setText(findTestObject("Object Repository/RecAndPlayBk/Page-Vlink-AuthOnly/input_Track Data_track_data"), ""): Text '' is set on object 'Object Repository/RecAndPlayBk/Page-Vlink-AuthOnly/input_Track Data_track_data'

2023-02-08 18:55:22 - [MESSAGE][PASSED] - Text '' is set on object 'Object Repository/RecAndPlayBk/Page-Vlink-AuthOnly/input_Track Data_track_data'

2023-02-08 18:55:22 - [TEST_STEP][PASSED] - setText(findTestObject("Object Repository/RecAndPlayBk/Page-Vlink-AuthOnly/input_concat(Cardholder, , s email)_email"), ""): Text '' is set on object 'Object Repository/RecAndPlayBk/Page-Vlink-AuthOnly/input_concat(Cardholder, , s email)_email'

2023-02-08 18:55:23 - [MESSAGE][PASSED] - Text '' is set on object 'Object Repository/RecAndPlayBk/Page-Vlink-AuthOnly/input_concat(Cardholder, , s email)_email'

2023-02-08 18:55:23 - [TEST_STEP][PASSED] - click(findTestObject("Object Repository/RecAndPlayBk/Page-Vlink-AuthOnly/input_user_defined10_user_defined10")): Object: 'Object Repository/RecAndPlayBk/Page-Vlink-AuthOnly/input_user_defined10_user_defined10' is clicked on

2023-02-08 18:55:23 - [MESSAGE][PASSED] - Object: 'Object Repository/RecAndPlayBk/Page-Vlink-AuthOnly/input_user_defined10_user_defined10' is clicked on

2023-02-08 18:55:23 - [TEST_STEP][PASSED] - setText(findTestObject("Object Repository/RecAndPlayBk/Page-Vlink-AuthOnly/input_Card on File Indicator_card_on_file_i_157dae"), ""): Text '' is set on object 'Object Repository/RecAndPlayBk/Page-Vlink-AuthOnly/input_Card on File Indicator_card_on_file_i_157dae'

2023-02-08 18:55:24 - [MESSAGE][PASSED] - Text '' is set on object 'Object Repository/RecAndPlayBk/Page-Vlink-AuthOnly/input_Card on File Indicator_card_on_file_i_157dae'

2023-02-08 18:55:24 - [TEST_STEP][PASSED] - setText(findTestObject("Object Repository/RecAndPlayBk/Page-Vlink-AuthOnly/input_Stored Credential Indicator_stored_cr_4ae73c"), ""): Text '' is set on object 'Object Repository/RecAndPlayBk/Page-Vlink-AuthOnly/input_Stored Credential Indicator_stored_cr_4ae73c'

2023-02-08 18:55:25 - [MESSAGE][PASSED] - Text '' is set on object 'Object Repository/RecAndPlayBk/Page-Vlink-AuthOnly/input_Stored Credential Indicator_stored_cr_4ae73c'

2023-02-08 18:55:25 - [TEST_STEP][PASSED] - setText(findTestObject("Object Repository/RecAndPlayBk/Page-Vlink-AuthOnly/input_COF Scheduled indicator_cof_scheduled_8df7d8"), ""): Text '' is set on object 'Object Repository/RecAndPlayBk/Page-Vlink-AuthOnly/input_COF Scheduled indicator_cof_scheduled_8df7d8'

2023-02-08 18:55:25 - [MESSAGE][PASSED] - Text '' is set on object 'Object Repository/RecAndPlayBk/Page-Vlink-AuthOnly/input_COF Scheduled indicator_cof_scheduled_8df7d8'

2023-02-08 18:55:25 - [TEST_STEP][PASSED] - setText(findTestObject("Object Repository/RecAndPlayBk/Page-Vlink-AuthOnly/input_COF Transaction Initiated by_cof_tran_6cded5"), ""): Text '' is set on object 'Object Repository/RecAndPlayBk/Page-Vlink-AuthOnly/input_COF Transaction Initiated by_cof_tran_6cded5'

2023-02-08 18:55:26 - [MESSAGE][PASSED] - Text '' is set on object 'Object Repository/RecAndPlayBk/Page-Vlink-AuthOnly/input_COF Transaction Initiated by_cof_tran_6cded5'

2023-02-08 18:55:26 - [TEST_STEP][PASSED] - click(findTestObject("Object Repository/RecAndPlayBk/Page-Vlink-AuthOnly/input")): Object: 'Object Repository/RecAndPlayBk/Page-Vlink-AuthOnly/input' is clicked on

2023-02-08 18:55:27 - [MESSAGE][PASSED] - Object: 'Object Repository/RecAndPlayBk/Page-Vlink-AuthOnly/input' is clicked on

2023-02-08 18:55:27 - [TEST_STEP][PASSED] - if (verifyTextPresent(errorMsg, true)): null

2023-02-08 18:55:27 - [MESSAGE][PASSED] - Text 'card_name' is present on page  using regular expression

2023-02-08 18:55:27 - [TEST_STEP][PASSED] - println("Error Message is present on the Confirmation page"): null

2023-02-08 18:55:27 - [TEST_STEP][PASSED] - out.println("Pass Record Number: " + row): null

2023-02-08 18:55:27 - [TEST_STEP][PASSED] - resText = "Pass": null

2023-02-08 18:55:27 - [TEST_STEP][PASSED] - pages.WriteExcel.demoKey(resText, datText, resColumn, datCloumn, fileLoc, nameSheet, row): pages.WriteExcel.demoKey is PASSED

2023-02-08 18:55:27 - [MESSAGE][PASSED] - pages.WriteExcel.demoKey is PASSED

2023-02-08 18:55:27 - [TEST_STEP][PASSED] - ExecuteTC = findTestData(dataFile).getValue("Execute", row): null

2023-02-08 18:55:27 - [TEST_STEP][PASSED] - out.println("Value of Execute is : " + ExecuteTC): null

2023-02-08 18:55:27 - [TEST_STEP][PASSED] - if (ExecuteTC.equalsIgnoreCase("Y")): null

2023-02-08 18:55:27 - [TEST_STEP][PASSED] - out.println("Begin Record Number: " + row): null

2023-02-08 18:55:27 - [TEST_STEP][PASSED] - today = new java.util.Date(): null

2023-02-08 18:55:27 - [TEST_STEP][PASSED] - println(today): null

2023-02-08 18:55:27 - [TEST_STEP][PASSED] - datText = today: null

2023-02-08 18:55:27 - [TEST_STEP][PASSED] - errorMsg = findTestData(dataFile).getValue("ErrorMsg", row): null

2023-02-08 18:55:27 - [TEST_STEP][PASSED] - appID = findTestData(dataFile).getValue("AppID", row): null

2023-02-08 18:55:27 - [TEST_STEP][PASSED] - username = findTestData(dataFile).getValue("Username", row): null

2023-02-08 18:55:27 - [TEST_STEP][PASSED] - password = findTestData(dataFile).getValue("Password", row): null

2023-02-08 18:55:28 - [TEST_STEP][PASSED] - tranType = findTestData(dataFile).getValue("TranType", row): null

2023-02-08 18:55:28 - [TEST_STEP][PASSED] - mv = findTestData(dataFile).getValue("MV", row): null

2023-02-08 18:55:28 - [TEST_STEP][PASSED] - resFormat = findTestData(dataFile).getValue("ResFormat", row): null

2023-02-08 18:55:28 - [TEST_STEP][PASSED] - category = findTestData(dataFile).getValue("Category", row): null

2023-02-08 18:55:28 - [TEST_STEP][PASSED] - amount = findTestData(dataFile).getValue("Amount", row): null

2023-02-08 18:55:28 - [TEST_STEP][PASSED] - cardName = findTestData(dataFile).getValue("CardName", row): null

2023-02-08 18:55:28 - [TEST_STEP][PASSED] - al1 = findTestData(dataFile).getValue("AL1", row): null

2023-02-08 18:55:28 - [TEST_STEP][PASSED] - city = findTestData(dataFile).getValue("City", row): null

2023-02-08 18:55:28 - [TEST_STEP][PASSED] - state = findTestData(dataFile).getValue("State", row): null

2023-02-08 18:55:28 - [TEST_STEP][PASSED] - zip = findTestData(dataFile).getValue("ZIP", row): null

2023-02-08 18:55:28 - [TEST_STEP][PASSED] - cardNumber = findTestData(dataFile).getValue("CardNumber", row): null

2023-02-08 18:55:28 - [TEST_STEP][PASSED] - exM = findTestData(dataFile).getValue("ExM", row): null

2023-02-08 18:55:28 - [TEST_STEP][PASSED] - exY = findTestData(dataFile).getValue("ExY", row): null

2023-02-08 18:55:29 - [TEST_STEP][PASSED] - openBrowser(VLinkURL + "auth.html"): Browser is opened with url: 'https://dev-algorithm.govolution.com/vlinktest/QA/version_2_0/auth.html'

2023-02-08 18:55:29 - [MESSAGE][WARNING] - A browser is already opened. Closing browser and opening a new one

2023-02-08 18:55:29 - [MESSAGE][INFO] - Starting 'Chrome' driver

2023-02-08 18:55:29 - [MESSAGE][INFO] - User set preference: ['acceptInsecureCerts', 'true']

2023-02-08 18:55:29 - [MESSAGE][INFO] - Action delay is set to 0 milliseconds

2023-02-08 18:55:31 - [MESSAGE][PASSED] - Browser is opened with url: 'https://dev-algorithm.govolution.com/vlinktest/QA/version_2_0/auth.html'

2023-02-08 18:55:31 - [TEST_STEP][PASSED] - maximizeWindow(): Current window maximized

2023-02-08 18:55:31 - [MESSAGE][PASSED] - Current window maximized

2023-02-08 18:55:31 - [TEST_STEP][PASSED] - maximizeWindow(): Current window maximized

2023-02-08 18:55:31 - [MESSAGE][PASSED] - Current window maximized

2023-02-08 18:55:31 - [TEST_STEP][PASSED] - setText(findTestObject("Object Repository/RecAndPlayBk/Page-Vlink-AuthOnly/txt_TransactionType"), tranType): Text '104' is set on object 'Object Repository/RecAndPlayBk/Page-Vlink-AuthOnly/txt_TransactionType'

2023-02-08 18:55:32 - [MESSAGE][PASSED] - Text '104' is set on object 'Object Repository/RecAndPlayBk/Page-Vlink-AuthOnly/txt_TransactionType'

2023-02-08 18:55:32 - [TEST_STEP][PASSED] - setText(findTestObject("Object Repository/RecAndPlayBk/Page-Vlink-AuthOnly/txt_MessageVersion"), mv): Text '2.0C' is set on object 'Object Repository/RecAndPlayBk/Page-Vlink-AuthOnly/txt_MessageVersion'

2023-02-08 18:55:33 - [MESSAGE][PASSED] - Text '2.0C' is set on object 'Object Repository/RecAndPlayBk/Page-Vlink-AuthOnly/txt_MessageVersion'

2023-02-08 18:55:33 - [TEST_STEP][PASSED] - genRemID = RandomStringUtils.random(12, true, true): null

2023-02-08 18:55:33 - [TEST_STEP][PASSED] - setText(findTestObject("Object Repository/RecAndPlayBk/Page-Vlink-AuthOnly/input_Remittance Id_remittance_id"), genRemID): Text 'AOB4IDZxvT6c' is set on object 'Object Repository/RecAndPlayBk/Page-Vlink-AuthOnly/input_Remittance Id_remittance_id'

2023-02-08 18:55:34 - [MESSAGE][PASSED] - Text 'AOB4IDZxvT6c' is set on object 'Object Repository/RecAndPlayBk/Page-Vlink-AuthOnly/input_Remittance Id_remittance_id'

2023-02-08 18:55:34 - [TEST_STEP][PASSED] - setText(findTestObject("Object Repository/RecAndPlayBk/Page-Vlink-AuthOnly/input_Application Id_application_id"), appID): Text '234' is set on object 'Object Repository/RecAndPlayBk/Page-Vlink-AuthOnly/input_Application Id_application_id'

2023-02-08 18:55:34 - [MESSAGE][PASSED] - Text '234' is set on object 'Object Repository/RecAndPlayBk/Page-Vlink-AuthOnly/input_Application Id_application_id'

2023-02-08 18:55:34 - [TEST_STEP][PASSED] - setText(findTestObject("Object Repository/RecAndPlayBk/Page-Vlink-AuthOnly/input_Username_username"), username): Text 'username' is set on object 'Object Repository/RecAndPlayBk/Page-Vlink-AuthOnly/input_Username_username'

2023-02-08 18:55:35 - [MESSAGE][PASSED] - Text 'username' is set on object 'Object Repository/RecAndPlayBk/Page-Vlink-AuthOnly/input_Username_username'

2023-02-08 18:55:35 - [TEST_STEP][PASSED] - setText(findTestObject("Object Repository/RecAndPlayBk/Page-Vlink-AuthOnly/input_Password_password"), password): Text 'password' is set on object 'Object Repository/RecAndPlayBk/Page-Vlink-AuthOnly/input_Password_password'

2023-02-08 18:55:35 - [MESSAGE][PASSED] - Text 'password' is set on object 'Object Repository/RecAndPlayBk/Page-Vlink-AuthOnly/input_Password_password'

2023-02-08 18:55:35 - [TEST_STEP][PASSED] - setText(findTestObject("Object Repository/RecAndPlayBk/Page-Vlink-AuthOnly/txt_ResponseFormat"), resFormat): Text 'fixed_width' is set on object 'Object Repository/RecAndPlayBk/Page-Vlink-AuthOnly/txt_ResponseFormat'

2023-02-08 18:55:36 - [MESSAGE][PASSED] - Text 'fixed_width' is set on object 'Object Repository/RecAndPlayBk/Page-Vlink-AuthOnly/txt_ResponseFormat'

2023-02-08 18:55:36 - [TEST_STEP][PASSED] - setText(findTestObject("Object Repository/RecAndPlayBk/Page-Vlink-AuthOnly/input_Category_category"), category): Text 'MOTO' is set on object 'Object Repository/RecAndPlayBk/Page-Vlink-AuthOnly/input_Category_category'

2023-02-08 18:55:37 - [MESSAGE][PASSED] - Text 'MOTO' is set on object 'Object Repository/RecAndPlayBk/Page-Vlink-AuthOnly/input_Category_category'

2023-02-08 18:55:37 - [TEST_STEP][PASSED] - setText(findTestObject("Object Repository/RecAndPlayBk/Page-Vlink-AuthOnly/txt_CardName"), cardName): Text '' is set on object 'Object Repository/RecAndPlayBk/Page-Vlink-AuthOnly/txt_CardName'

2023-02-08 18:55:37 - [MESSAGE][PASSED] - Text '' is set on object 'Object Repository/RecAndPlayBk/Page-Vlink-AuthOnly/txt_CardName'

2023-02-08 18:55:37 - [TEST_STEP][PASSED] - setText(findTestObject("Object Repository/RecAndPlayBk/Page-Vlink-AuthOnly/txt_AL1"), al1): Text '258 Elm Road' is set on object 'Object Repository/RecAndPlayBk/Page-Vlink-AuthOnly/txt_AL1'

2023-02-08 18:55:38 - [MESSAGE][PASSED] - Text '258 Elm Road' is set on object 'Object Repository/RecAndPlayBk/Page-Vlink-AuthOnly/txt_AL1'

2023-02-08 18:55:38 - [TEST_STEP][PASSED] - setText(findTestObject("Object Repository/RecAndPlayBk/Page-Vlink-AuthOnly/txt_CardCity"), city): Text 'Arlington' is set on object 'Object Repository/RecAndPlayBk/Page-Vlink-AuthOnly/txt_CardCity'

2023-02-08 18:55:39 - [MESSAGE][PASSED] - Text 'Arlington' is set on object 'Object Repository/RecAndPlayBk/Page-Vlink-AuthOnly/txt_CardCity'

2023-02-08 18:55:39 - [TEST_STEP][PASSED] - setText(findTestObject("Object Repository/RecAndPlayBk/Page-Vlink-AuthOnly/txt_CardState"), state): Text 'VA' is set on object 'Object Repository/RecAndPlayBk/Page-Vlink-AuthOnly/txt_CardState'

2023-02-08 18:55:39 - [MESSAGE][PASSED] - Text 'VA' is set on object 'Object Repository/RecAndPlayBk/Page-Vlink-AuthOnly/txt_CardState'

2023-02-08 18:55:39 - [TEST_STEP][PASSED] - setText(findTestObject("Object Repository/RecAndPlayBk/Page-Vlink-AuthOnly/txt_CardZIP"), zip): Text '22201' is set on object 'Object Repository/RecAndPlayBk/Page-Vlink-AuthOnly/txt_CardZIP'

2023-02-08 18:55:40 - [MESSAGE][PASSED] - Text '22201' is set on object 'Object Repository/RecAndPlayBk/Page-Vlink-AuthOnly/txt_CardZIP'

2023-02-08 18:55:40 - [TEST_STEP][PASSED] - setText(findTestObject("Object Repository/RecAndPlayBk/Page-Vlink-AuthOnly/input_Amount_amount"), amount): Text '1.50' is set on object 'Object Repository/RecAndPlayBk/Page-Vlink-AuthOnly/input_Amount_amount'

2023-02-08 18:55:40 - [MESSAGE][PASSED] - Text '1.50' is set on object 'Object Repository/RecAndPlayBk/Page-Vlink-AuthOnly/input_Amount_amount'

2023-02-08 18:55:40 - [TEST_STEP][PASSED] - setText(findTestObject("Object Repository/RecAndPlayBk/Page-Vlink-AuthOnly/input_Card number_card_number"), cardNumber): Text '4111111111111111' is set on object 'Object Repository/RecAndPlayBk/Page-Vlink-AuthOnly/input_Card number_card_number'

2023-02-08 18:55:41 - [MESSAGE][PASSED] - Text '4111111111111111' is set on object 'Object Repository/RecAndPlayBk/Page-Vlink-AuthOnly/input_Card number_card_number'

2023-02-08 18:55:41 - [TEST_STEP][PASSED] - setText(findTestObject("Object Repository/RecAndPlayBk/Page-Vlink-AuthOnly/input_Card ex month_card_exmo"), exM): Text '12' is set on object 'Object Repository/RecAndPlayBk/Page-Vlink-AuthOnly/input_Card ex month_card_exmo'

2023-02-08 18:55:42 - [MESSAGE][PASSED] - Text '12' is set on object 'Object Repository/RecAndPlayBk/Page-Vlink-AuthOnly/input_Card ex month_card_exmo'

2023-02-08 18:55:42 - [TEST_STEP][PASSED] - setText(findTestObject("Object Repository/RecAndPlayBk/Page-Vlink-AuthOnly/input_Card ex year_card_exyr"), exY): Text '2025' is set on object 'Object Repository/RecAndPlayBk/Page-Vlink-AuthOnly/input_Card ex year_card_exyr'

2023-02-08 18:55:42 - [MESSAGE][PASSED] - Text '2025' is set on object 'Object Repository/RecAndPlayBk/Page-Vlink-AuthOnly/input_Card ex year_card_exyr'

2023-02-08 18:55:42 - [TEST_STEP][PASSED] - setText(findTestObject("Object Repository/RecAndPlayBk/Page-Vlink-AuthOnly/input_Track Data_track_data"), ""): Text '' is set on object 'Object Repository/RecAndPlayBk/Page-Vlink-AuthOnly/input_Track Data_track_data'

2023-02-08 18:55:43 - [MESSAGE][PASSED] - Text '' is set on object 'Object Repository/RecAndPlayBk/Page-Vlink-AuthOnly/input_Track Data_track_data'

2023-02-08 18:55:43 - [TEST_STEP][PASSED] - setText(findTestObject("Object Repository/RecAndPlayBk/Page-Vlink-AuthOnly/input_concat(Cardholder, , s email)_email"), ""): Text '' is set on object 'Object Repository/RecAndPlayBk/Page-Vlink-AuthOnly/input_concat(Cardholder, , s email)_email'

2023-02-08 18:55:44 - [MESSAGE][PASSED] - Text '' is set on object 'Object Repository/RecAndPlayBk/Page-Vlink-AuthOnly/input_concat(Cardholder, , s email)_email'

2023-02-08 18:55:44 - [TEST_STEP][PASSED] - click(findTestObject("Object Repository/RecAndPlayBk/Page-Vlink-AuthOnly/input_user_defined10_user_defined10")): Object: 'Object Repository/RecAndPlayBk/Page-Vlink-AuthOnly/input_user_defined10_user_defined10' is clicked on

2023-02-08 18:55:44 - [MESSAGE][PASSED] - Object: 'Object Repository/RecAndPlayBk/Page-Vlink-AuthOnly/input_user_defined10_user_defined10' is clicked on

2023-02-08 18:55:44 - [TEST_STEP][PASSED] - setText(findTestObject("Object Repository/RecAndPlayBk/Page-Vlink-AuthOnly/input_Card on File Indicator_card_on_file_i_157dae"), ""): Text '' is set on object 'Object Repository/RecAndPlayBk/Page-Vlink-AuthOnly/input_Card on File Indicator_card_on_file_i_157dae'

2023-02-08 18:55:44 - [MESSAGE][PASSED] - Text '' is set on object 'Object Repository/RecAndPlayBk/Page-Vlink-AuthOnly/input_Card on File Indicator_card_on_file_i_157dae'

2023-02-08 18:55:44 - [TEST_STEP][PASSED] - setText(findTestObject("Object Repository/RecAndPlayBk/Page-Vlink-AuthOnly/input_Stored Credential Indicator_stored_cr_4ae73c"), ""): Text '' is set on object 'Object Repository/RecAndPlayBk/Page-Vlink-AuthOnly/input_Stored Credential Indicator_stored_cr_4ae73c'

2023-02-08 18:55:45 - [MESSAGE][PASSED] - Text '' is set on object 'Object Repository/RecAndPlayBk/Page-Vlink-AuthOnly/input_Stored Credential Indicator_stored_cr_4ae73c'

2023-02-08 18:55:45 - [TEST_STEP][PASSED] - setText(findTestObject("Object Repository/RecAndPlayBk/Page-Vlink-AuthOnly/input_COF Scheduled indicator_cof_scheduled_8df7d8"), ""): Text '' is set on object 'Object Repository/RecAndPlayBk/Page-Vlink-AuthOnly/input_COF Scheduled indicator_cof_scheduled_8df7d8'

2023-02-08 18:55:46 - [MESSAGE][PASSED] - Text '' is set on object 'Object Repository/RecAndPlayBk/Page-Vlink-AuthOnly/input_COF Scheduled indicator_cof_scheduled_8df7d8'

2023-02-08 18:55:46 - [TEST_STEP][PASSED] - setText(findTestObject("Object Repository/RecAndPlayBk/Page-Vlink-AuthOnly/input_COF Transaction Initiated by_cof_tran_6cded5"), ""): Text '' is set on object 'Object Repository/RecAndPlayBk/Page-Vlink-AuthOnly/input_COF Transaction Initiated by_cof_tran_6cded5'

2023-02-08 18:55:47 - [MESSAGE][PASSED] - Text '' is set on object 'Object Repository/RecAndPlayBk/Page-Vlink-AuthOnly/input_COF Transaction Initiated by_cof_tran_6cded5'

2023-02-08 18:55:47 - [TEST_STEP][PASSED] - click(findTestObject("Object Repository/RecAndPlayBk/Page-Vlink-AuthOnly/input")): Object: 'Object Repository/RecAndPlayBk/Page-Vlink-AuthOnly/input' is clicked on

2023-02-08 18:55:47 - [MESSAGE][PASSED] - Object: 'Object Repository/RecAndPlayBk/Page-Vlink-AuthOnly/input' is clicked on

2023-02-08 18:55:47 - [TEST_STEP][PASSED] - if (verifyTextPresent(errorMsg, true)): null

2023-02-08 18:55:48 - [MESSAGE][PASSED] - Text 'card_name' is present on page  using regular expression

2023-02-08 18:55:48 - [TEST_STEP][PASSED] - println("Error Message is present on the Confirmation page"): null

2023-02-08 18:55:48 - [TEST_STEP][PASSED] - out.println("Pass Record Number: " + row): null

2023-02-08 18:55:48 - [TEST_STEP][PASSED] - resText = "Pass": null

2023-02-08 18:55:48 - [TEST_STEP][PASSED] - pages.WriteExcel.demoKey(resText, datText, resColumn, datCloumn, fileLoc, nameSheet, row): pages.WriteExcel.demoKey is PASSED

2023-02-08 18:55:48 - [MESSAGE][PASSED] - pages.WriteExcel.demoKey is PASSED

2023-02-08 18:55:48 - [TEST_STEP][PASSED] - ExecuteTC = findTestData(dataFile).getValue("Execute", row): null

2023-02-08 18:55:48 - [TEST_STEP][PASSED] - out.println("Value of Execute is : " + ExecuteTC): null

2023-02-08 18:55:48 - [TEST_STEP][PASSED] - if (ExecuteTC.equalsIgnoreCase("Y")): null

2023-02-08 18:55:48 - [TEST_STEP][PASSED] - out.println("Begin Record Number: " + row): null

2023-02-08 18:55:48 - [TEST_STEP][PASSED] - today = new java.util.Date(): null

2023-02-08 18:55:48 - [TEST_STEP][PASSED] - println(today): null

2023-02-08 18:55:48 - [TEST_STEP][PASSED] - datText = today: null

2023-02-08 18:55:48 - [TEST_STEP][PASSED] - errorMsg = findTestData(dataFile).getValue("ErrorMsg", row): null

2023-02-08 18:55:48 - [TEST_STEP][PASSED] - appID = findTestData(dataFile).getValue("AppID", row): null

2023-02-08 18:55:48 - [TEST_STEP][PASSED] - username = findTestData(dataFile).getValue("Username", row): null

2023-02-08 18:55:48 - [TEST_STEP][PASSED] - password = findTestData(dataFile).getValue("Password", row): null

2023-02-08 18:55:48 - [TEST_STEP][PASSED] - tranType = findTestData(dataFile).getValue("TranType", row): null

2023-02-08 18:55:48 - [TEST_STEP][PASSED] - mv = findTestData(dataFile).getValue("MV", row): null

2023-02-08 18:55:48 - [TEST_STEP][PASSED] - resFormat = findTestData(dataFile).getValue("ResFormat", row): null

2023-02-08 18:55:48 - [TEST_STEP][PASSED] - category = findTestData(dataFile).getValue("Category", row): null

2023-02-08 18:55:48 - [TEST_STEP][PASSED] - amount = findTestData(dataFile).getValue("Amount", row): null

2023-02-08 18:55:48 - [TEST_STEP][PASSED] - cardName = findTestData(dataFile).getValue("CardName", row): null

2023-02-08 18:55:49 - [TEST_STEP][PASSED] - al1 = findTestData(dataFile).getValue("AL1", row): null

2023-02-08 18:55:49 - [TEST_STEP][PASSED] - city = findTestData(dataFile).getValue("City", row): null

2023-02-08 18:55:49 - [TEST_STEP][PASSED] - state = findTestData(dataFile).getValue("State", row): null

2023-02-08 18:55:49 - [TEST_STEP][PASSED] - zip = findTestData(dataFile).getValue("ZIP", row): null

2023-02-08 18:55:49 - [TEST_STEP][PASSED] - cardNumber = findTestData(dataFile).getValue("CardNumber", row): null

2023-02-08 18:55:49 - [TEST_STEP][PASSED] - exM = findTestData(dataFile).getValue("ExM", row): null

2023-02-08 18:55:49 - [TEST_STEP][PASSED] - exY = findTestData(dataFile).getValue("ExY", row): null

2023-02-08 18:55:49 - [TEST_STEP][PASSED] - openBrowser(VLinkURL + "auth.html"): Browser is opened with url: 'https://dev-algorithm.govolution.com/vlinktest/QA/version_2_0/auth.html'

2023-02-08 18:55:49 - [MESSAGE][WARNING] - A browser is already opened. Closing browser and opening a new one

2023-02-08 18:55:50 - [MESSAGE][INFO] - Starting 'Chrome' driver

2023-02-08 18:55:50 - [MESSAGE][INFO] - User set preference: ['acceptInsecureCerts', 'true']

2023-02-08 18:55:50 - [MESSAGE][INFO] - Action delay is set to 0 milliseconds

2023-02-08 18:55:52 - [MESSAGE][PASSED] - Browser is opened with url: 'https://dev-algorithm.govolution.com/vlinktest/QA/version_2_0/auth.html'

2023-02-08 18:55:52 - [TEST_STEP][PASSED] - maximizeWindow(): Current window maximized

2023-02-08 18:55:52 - [MESSAGE][PASSED] - Current window maximized

2023-02-08 18:55:52 - [TEST_STEP][PASSED] - maximizeWindow(): Current window maximized

2023-02-08 18:55:52 - [MESSAGE][PASSED] - Current window maximized

2023-02-08 18:55:52 - [TEST_STEP][PASSED] - setText(findTestObject("Object Repository/RecAndPlayBk/Page-Vlink-AuthOnly/txt_TransactionType"), tranType): Text '104' is set on object 'Object Repository/RecAndPlayBk/Page-Vlink-AuthOnly/txt_TransactionType'

2023-02-08 18:55:53 - [MESSAGE][PASSED] - Text '104' is set on object 'Object Repository/RecAndPlayBk/Page-Vlink-AuthOnly/txt_TransactionType'

2023-02-08 18:55:53 - [TEST_STEP][PASSED] - setText(findTestObject("Object Repository/RecAndPlayBk/Page-Vlink-AuthOnly/txt_MessageVersion"), mv): Text '2.0C' is set on object 'Object Repository/RecAndPlayBk/Page-Vlink-AuthOnly/txt_MessageVersion'

2023-02-08 18:55:53 - [MESSAGE][PASSED] - Text '2.0C' is set on object 'Object Repository/RecAndPlayBk/Page-Vlink-AuthOnly/txt_MessageVersion'

2023-02-08 18:55:53 - [TEST_STEP][PASSED] - genRemID = RandomStringUtils.random(12, true, true): null

2023-02-08 18:55:53 - [TEST_STEP][PASSED] - setText(findTestObject("Object Repository/RecAndPlayBk/Page-Vlink-AuthOnly/input_Remittance Id_remittance_id"), genRemID): Text 'OwSK9hoSZycc' is set on object 'Object Repository/RecAndPlayBk/Page-Vlink-AuthOnly/input_Remittance Id_remittance_id'

2023-02-08 18:55:54 - [MESSAGE][PASSED] - Text 'OwSK9hoSZycc' is set on object 'Object Repository/RecAndPlayBk/Page-Vlink-AuthOnly/input_Remittance Id_remittance_id'

2023-02-08 18:55:54 - [TEST_STEP][PASSED] - setText(findTestObject("Object Repository/RecAndPlayBk/Page-Vlink-AuthOnly/input_Application Id_application_id"), appID): Text '234' is set on object 'Object Repository/RecAndPlayBk/Page-Vlink-AuthOnly/input_Application Id_application_id'

2023-02-08 18:55:55 - [MESSAGE][PASSED] - Text '234' is set on object 'Object Repository/RecAndPlayBk/Page-Vlink-AuthOnly/input_Application Id_application_id'

2023-02-08 18:55:55 - [TEST_STEP][PASSED] - setText(findTestObject("Object Repository/RecAndPlayBk/Page-Vlink-AuthOnly/input_Username_username"), username): Text 'username' is set on object 'Object Repository/RecAndPlayBk/Page-Vlink-AuthOnly/input_Username_username'

2023-02-08 18:55:55 - [MESSAGE][PASSED] - Text 'username' is set on object 'Object Repository/RecAndPlayBk/Page-Vlink-AuthOnly/input_Username_username'

2023-02-08 18:55:55 - [TEST_STEP][PASSED] - setText(findTestObject("Object Repository/RecAndPlayBk/Page-Vlink-AuthOnly/input_Password_password"), password): Text 'password' is set on object 'Object Repository/RecAndPlayBk/Page-Vlink-AuthOnly/input_Password_password'

2023-02-08 18:55:56 - [MESSAGE][PASSED] - Text 'password' is set on object 'Object Repository/RecAndPlayBk/Page-Vlink-AuthOnly/input_Password_password'

2023-02-08 18:55:56 - [TEST_STEP][PASSED] - setText(findTestObject("Object Repository/RecAndPlayBk/Page-Vlink-AuthOnly/txt_ResponseFormat"), resFormat): Text 'fixed_width' is set on object 'Object Repository/RecAndPlayBk/Page-Vlink-AuthOnly/txt_ResponseFormat'

2023-02-08 18:55:57 - [MESSAGE][PASSED] - Text 'fixed_width' is set on object 'Object Repository/RecAndPlayBk/Page-Vlink-AuthOnly/txt_ResponseFormat'

2023-02-08 18:55:57 - [TEST_STEP][PASSED] - setText(findTestObject("Object Repository/RecAndPlayBk/Page-Vlink-AuthOnly/input_Category_category"), category): Text 'RETL' is set on object 'Object Repository/RecAndPlayBk/Page-Vlink-AuthOnly/input_Category_category'

2023-02-08 18:55:57 - [MESSAGE][PASSED] - Text 'RETL' is set on object 'Object Repository/RecAndPlayBk/Page-Vlink-AuthOnly/input_Category_category'

2023-02-08 18:55:57 - [TEST_STEP][PASSED] - setText(findTestObject("Object Repository/RecAndPlayBk/Page-Vlink-AuthOnly/txt_CardName"), cardName): Text '' is set on object 'Object Repository/RecAndPlayBk/Page-Vlink-AuthOnly/txt_CardName'

2023-02-08 18:55:58 - [MESSAGE][PASSED] - Text '' is set on object 'Object Repository/RecAndPlayBk/Page-Vlink-AuthOnly/txt_CardName'

2023-02-08 18:55:58 - [TEST_STEP][PASSED] - setText(findTestObject("Object Repository/RecAndPlayBk/Page-Vlink-AuthOnly/txt_AL1"), al1): Text '258 Elm Road' is set on object 'Object Repository/RecAndPlayBk/Page-Vlink-AuthOnly/txt_AL1'

2023-02-08 18:55:58 - [MESSAGE][PASSED] - Text '258 Elm Road' is set on object 'Object Repository/RecAndPlayBk/Page-Vlink-AuthOnly/txt_AL1'

2023-02-08 18:55:58 - [TEST_STEP][PASSED] - setText(findTestObject("Object Repository/RecAndPlayBk/Page-Vlink-AuthOnly/txt_CardCity"), city): Text 'Arlington' is set on object 'Object Repository/RecAndPlayBk/Page-Vlink-AuthOnly/txt_CardCity'

2023-02-08 18:55:59 - [MESSAGE][PASSED] - Text 'Arlington' is set on object 'Object Repository/RecAndPlayBk/Page-Vlink-AuthOnly/txt_CardCity'

2023-02-08 18:55:59 - [TEST_STEP][PASSED] - setText(findTestObject("Object Repository/RecAndPlayBk/Page-Vlink-AuthOnly/txt_CardState"), state): Text 'VA' is set on object 'Object Repository/RecAndPlayBk/Page-Vlink-AuthOnly/txt_CardState'

2023-02-08 18:56:00 - [MESSAGE][PASSED] - Text 'VA' is set on object 'Object Repository/RecAndPlayBk/Page-Vlink-AuthOnly/txt_CardState'

2023-02-08 18:56:00 - [TEST_STEP][PASSED] - setText(findTestObject("Object Repository/RecAndPlayBk/Page-Vlink-AuthOnly/txt_CardZIP"), zip): Text '22201' is set on object 'Object Repository/RecAndPlayBk/Page-Vlink-AuthOnly/txt_CardZIP'

2023-02-08 18:56:00 - [MESSAGE][PASSED] - Text '22201' is set on object 'Object Repository/RecAndPlayBk/Page-Vlink-AuthOnly/txt_CardZIP'

2023-02-08 18:56:00 - [TEST_STEP][PASSED] - setText(findTestObject("Object Repository/RecAndPlayBk/Page-Vlink-AuthOnly/input_Amount_amount"), amount): Text '1.50' is set on object 'Object Repository/RecAndPlayBk/Page-Vlink-AuthOnly/input_Amount_amount'

2023-02-08 18:56:01 - [MESSAGE][PASSED] - Text '1.50' is set on object 'Object Repository/RecAndPlayBk/Page-Vlink-AuthOnly/input_Amount_amount'

2023-02-08 18:56:01 - [TEST_STEP][PASSED] - setText(findTestObject("Object Repository/RecAndPlayBk/Page-Vlink-AuthOnly/input_Card number_card_number"), cardNumber): Text '4111111111111111' is set on object 'Object Repository/RecAndPlayBk/Page-Vlink-AuthOnly/input_Card number_card_number'

2023-02-08 18:56:02 - [MESSAGE][PASSED] - Text '4111111111111111' is set on object 'Object Repository/RecAndPlayBk/Page-Vlink-AuthOnly/input_Card number_card_number'

2023-02-08 18:56:02 - [TEST_STEP][PASSED] - setText(findTestObject("Object Repository/RecAndPlayBk/Page-Vlink-AuthOnly/input_Card ex month_card_exmo"), exM): Text '12' is set on object 'Object Repository/RecAndPlayBk/Page-Vlink-AuthOnly/input_Card ex month_card_exmo'

2023-02-08 18:56:02 - [MESSAGE][PASSED] - Text '12' is set on object 'Object Repository/RecAndPlayBk/Page-Vlink-AuthOnly/input_Card ex month_card_exmo'

2023-02-08 18:56:02 - [TEST_STEP][PASSED] - setText(findTestObject("Object Repository/RecAndPlayBk/Page-Vlink-AuthOnly/input_Card ex year_card_exyr"), exY): Text '2025' is set on object 'Object Repository/RecAndPlayBk/Page-Vlink-AuthOnly/input_Card ex year_card_exyr'

2023-02-08 18:56:03 - [MESSAGE][PASSED] - Text '2025' is set on object 'Object Repository/RecAndPlayBk/Page-Vlink-AuthOnly/input_Card ex year_card_exyr'

2023-02-08 18:56:03 - [TEST_STEP][PASSED] - setText(findTestObject("Object Repository/RecAndPlayBk/Page-Vlink-AuthOnly/input_Track Data_track_data"), ""): Text '' is set on object 'Object Repository/RecAndPlayBk/Page-Vlink-AuthOnly/input_Track Data_track_data'

2023-02-08 18:56:03 - [MESSAGE][PASSED] - Text '' is set on object 'Object Repository/RecAndPlayBk/Page-Vlink-AuthOnly/input_Track Data_track_data'

2023-02-08 18:56:03 - [TEST_STEP][PASSED] - setText(findTestObject("Object Repository/RecAndPlayBk/Page-Vlink-AuthOnly/input_concat(Cardholder, , s email)_email"), ""): Text '' is set on object 'Object Repository/RecAndPlayBk/Page-Vlink-AuthOnly/input_concat(Cardholder, , s email)_email'

2023-02-08 18:56:04 - [MESSAGE][PASSED] - Text '' is set on object 'Object Repository/RecAndPlayBk/Page-Vlink-AuthOnly/input_concat(Cardholder, , s email)_email'

2023-02-08 18:56:04 - [TEST_STEP][PASSED] - click(findTestObject("Object Repository/RecAndPlayBk/Page-Vlink-AuthOnly/input_user_defined10_user_defined10")): Object: 'Object Repository/RecAndPlayBk/Page-Vlink-AuthOnly/input_user_defined10_user_defined10' is clicked on

2023-02-08 18:56:04 - [MESSAGE][PASSED] - Object: 'Object Repository/RecAndPlayBk/Page-Vlink-AuthOnly/input_user_defined10_user_defined10' is clicked on

2023-02-08 18:56:04 - [TEST_STEP][PASSED] - setText(findTestObject("Object Repository/RecAndPlayBk/Page-Vlink-AuthOnly/input_Card on File Indicator_card_on_file_i_157dae"), ""): Text '' is set on object 'Object Repository/RecAndPlayBk/Page-Vlink-AuthOnly/input_Card on File Indicator_card_on_file_i_157dae'

2023-02-08 18:56:05 - [MESSAGE][PASSED] - Text '' is set on object 'Object Repository/RecAndPlayBk/Page-Vlink-AuthOnly/input_Card on File Indicator_card_on_file_i_157dae'

2023-02-08 18:56:05 - [TEST_STEP][PASSED] - setText(findTestObject("Object Repository/RecAndPlayBk/Page-Vlink-AuthOnly/input_Stored Credential Indicator_stored_cr_4ae73c"), ""): Text '' is set on object 'Object Repository/RecAndPlayBk/Page-Vlink-AuthOnly/input_Stored Credential Indicator_stored_cr_4ae73c'

2023-02-08 18:56:06 - [MESSAGE][PASSED] - Text '' is set on object 'Object Repository/RecAndPlayBk/Page-Vlink-AuthOnly/input_Stored Credential Indicator_stored_cr_4ae73c'

2023-02-08 18:56:06 - [TEST_STEP][PASSED] - setText(findTestObject("Object Repository/RecAndPlayBk/Page-Vlink-AuthOnly/input_COF Scheduled indicator_cof_scheduled_8df7d8"), ""): Text '' is set on object 'Object Repository/RecAndPlayBk/Page-Vlink-AuthOnly/input_COF Scheduled indicator_cof_scheduled_8df7d8'

2023-02-08 18:56:07 - [MESSAGE][PASSED] - Text '' is set on object 'Object Repository/RecAndPlayBk/Page-Vlink-AuthOnly/input_COF Scheduled indicator_cof_scheduled_8df7d8'

2023-02-08 18:56:07 - [TEST_STEP][PASSED] - setText(findTestObject("Object Repository/RecAndPlayBk/Page-Vlink-AuthOnly/input_COF Transaction Initiated by_cof_tran_6cded5"), ""): Text '' is set on object 'Object Repository/RecAndPlayBk/Page-Vlink-AuthOnly/input_COF Transaction Initiated by_cof_tran_6cded5'

2023-02-08 18:56:07 - [MESSAGE][PASSED] - Text '' is set on object 'Object Repository/RecAndPlayBk/Page-Vlink-AuthOnly/input_COF Transaction Initiated by_cof_tran_6cded5'

2023-02-08 18:56:07 - [TEST_STEP][PASSED] - click(findTestObject("Object Repository/RecAndPlayBk/Page-Vlink-AuthOnly/input")): Object: 'Object Repository/RecAndPlayBk/Page-Vlink-AuthOnly/input' is clicked on

2023-02-08 18:56:08 - [MESSAGE][PASSED] - Object: 'Object Repository/RecAndPlayBk/Page-Vlink-AuthOnly/input' is clicked on

2023-02-08 18:56:08 - [TEST_STEP][PASSED] - if (verifyTextPresent(errorMsg, true)): null

2023-02-08 18:56:08 - [MESSAGE][PASSED] - Text 'card_name' is present on page  using regular expression

2023-02-08 18:56:08 - [TEST_STEP][PASSED] - println("Error Message is present on the Confirmation page"): null

2023-02-08 18:56:08 - [TEST_STEP][PASSED] - out.println("Pass Record Number: " + row): null

2023-02-08 18:56:08 - [TEST_STEP][PASSED] - resText = "Pass": null

2023-02-08 18:56:08 - [TEST_STEP][PASSED] - pages.WriteExcel.demoKey(resText, datText, resColumn, datCloumn, fileLoc, nameSheet, row): pages.WriteExcel.demoKey is PASSED

2023-02-08 18:56:08 - [MESSAGE][PASSED] - pages.WriteExcel.demoKey is PASSED

2023-02-08 18:56:08 - [TEST_STEP][PASSED] - ExecuteTC = findTestData(dataFile).getValue("Execute", row): null

2023-02-08 18:56:08 - [TEST_STEP][PASSED] - out.println("Value of Execute is : " + ExecuteTC): null

2023-02-08 18:56:08 - [TEST_STEP][PASSED] - if (ExecuteTC.equalsIgnoreCase("Y")): null

2023-02-08 18:56:08 - [TEST_STEP][PASSED] - out.println("Begin Record Number: " + row): null

2023-02-08 18:56:08 - [TEST_STEP][PASSED] - today = new java.util.Date(): null

2023-02-08 18:56:08 - [TEST_STEP][PASSED] - println(today): null

2023-02-08 18:56:08 - [TEST_STEP][PASSED] - datText = today: null

2023-02-08 18:56:08 - [TEST_STEP][PASSED] - errorMsg = findTestData(dataFile).getValue("ErrorMsg", row): null

2023-02-08 18:56:08 - [TEST_STEP][PASSED] - appID = findTestData(dataFile).getValue("AppID", row): null

2023-02-08 18:56:08 - [TEST_STEP][PASSED] - username = findTestData(dataFile).getValue("Username", row): null

2023-02-08 18:56:08 - [TEST_STEP][PASSED] - password = findTestData(dataFile).getValue("Password", row): null

2023-02-08 18:56:09 - [TEST_STEP][PASSED] - tranType = findTestData(dataFile).getValue("TranType", row): null

2023-02-08 18:56:09 - [TEST_STEP][PASSED] - mv = findTestData(dataFile).getValue("MV", row): null

2023-02-08 18:56:09 - [TEST_STEP][PASSED] - resFormat = findTestData(dataFile).getValue("ResFormat", row): null

2023-02-08 18:56:09 - [TEST_STEP][PASSED] - category = findTestData(dataFile).getValue("Category", row): null

2023-02-08 18:56:09 - [TEST_STEP][PASSED] - amount = findTestData(dataFile).getValue("Amount", row): null

2023-02-08 18:56:09 - [TEST_STEP][PASSED] - cardName = findTestData(dataFile).getValue("CardName", row): null

2023-02-08 18:56:09 - [TEST_STEP][PASSED] - al1 = findTestData(dataFile).getValue("AL1", row): null

2023-02-08 18:56:09 - [TEST_STEP][PASSED] - city = findTestData(dataFile).getValue("City", row): null

2023-02-08 18:56:09 - [TEST_STEP][PASSED] - state = findTestData(dataFile).getValue("State", row): null

2023-02-08 18:56:09 - [TEST_STEP][PASSED] - zip = findTestData(dataFile).getValue("ZIP", row): null

2023-02-08 18:56:09 - [TEST_STEP][PASSED] - cardNumber = findTestData(dataFile).getValue("CardNumber", row): null

2023-02-08 18:56:09 - [TEST_STEP][PASSED] - exM = findTestData(dataFile).getValue("ExM", row): null

2023-02-08 18:56:10 - [TEST_STEP][PASSED] - exY = findTestData(dataFile).getValue("ExY", row): null

2023-02-08 18:56:10 - [TEST_STEP][PASSED] - openBrowser(VLinkURL + "auth.html"): Browser is opened with url: 'https://dev-algorithm.govolution.com/vlinktest/QA/version_2_0/auth.html'

2023-02-08 18:56:10 - [MESSAGE][WARNING] - A browser is already opened. Closing browser and opening a new one

2023-02-08 18:56:11 - [MESSAGE][INFO] - Starting 'Chrome' driver

2023-02-08 18:56:11 - [MESSAGE][INFO] - User set preference: ['acceptInsecureCerts', 'true']

2023-02-08 18:56:11 - [MESSAGE][INFO] - Action delay is set to 0 milliseconds

2023-02-08 18:56:12 - [MESSAGE][PASSED] - Browser is opened with url: 'https://dev-algorithm.govolution.com/vlinktest/QA/version_2_0/auth.html'

2023-02-08 18:56:12 - [TEST_STEP][PASSED] - maximizeWindow(): Current window maximized

2023-02-08 18:56:13 - [MESSAGE][PASSED] - Current window maximized

2023-02-08 18:56:13 - [TEST_STEP][PASSED] - maximizeWindow(): Current window maximized

2023-02-08 18:56:13 - [MESSAGE][PASSED] - Current window maximized

2023-02-08 18:56:13 - [TEST_STEP][PASSED] - setText(findTestObject("Object Repository/RecAndPlayBk/Page-Vlink-AuthOnly/txt_TransactionType"), tranType): Text '104' is set on object 'Object Repository/RecAndPlayBk/Page-Vlink-AuthOnly/txt_TransactionType'

2023-02-08 18:56:13 - [MESSAGE][PASSED] - Text '104' is set on object 'Object Repository/RecAndPlayBk/Page-Vlink-AuthOnly/txt_TransactionType'

2023-02-08 18:56:13 - [TEST_STEP][PASSED] - setText(findTestObject("Object Repository/RecAndPlayBk/Page-Vlink-AuthOnly/txt_MessageVersion"), mv): Text '2.0C' is set on object 'Object Repository/RecAndPlayBk/Page-Vlink-AuthOnly/txt_MessageVersion'

2023-02-08 18:56:14 - [MESSAGE][PASSED] - Text '2.0C' is set on object 'Object Repository/RecAndPlayBk/Page-Vlink-AuthOnly/txt_MessageVersion'

2023-02-08 18:56:14 - [TEST_STEP][PASSED] - genRemID = RandomStringUtils.random(12, true, true): null

2023-02-08 18:56:14 - [TEST_STEP][PASSED] - setText(findTestObject("Object Repository/RecAndPlayBk/Page-Vlink-AuthOnly/input_Remittance Id_remittance_id"), genRemID): Text 'ni8wPZGi1Bt5' is set on object 'Object Repository/RecAndPlayBk/Page-Vlink-AuthOnly/input_Remittance Id_remittance_id'

2023-02-08 18:56:15 - [MESSAGE][PASSED] - Text 'ni8wPZGi1Bt5' is set on object 'Object Repository/RecAndPlayBk/Page-Vlink-AuthOnly/input_Remittance Id_remittance_id'

2023-02-08 18:56:15 - [TEST_STEP][PASSED] - setText(findTestObject("Object Repository/RecAndPlayBk/Page-Vlink-AuthOnly/input_Application Id_application_id"), appID): Text '234' is set on object 'Object Repository/RecAndPlayBk/Page-Vlink-AuthOnly/input_Application Id_application_id'

2023-02-08 18:56:15 - [MESSAGE][PASSED] - Text '234' is set on object 'Object Repository/RecAndPlayBk/Page-Vlink-AuthOnly/input_Application Id_application_id'

2023-02-08 18:56:15 - [TEST_STEP][PASSED] - setText(findTestObject("Object Repository/RecAndPlayBk/Page-Vlink-AuthOnly/input_Username_username"), username): Text 'username' is set on object 'Object Repository/RecAndPlayBk/Page-Vlink-AuthOnly/input_Username_username'

2023-02-08 18:56:16 - [MESSAGE][PASSED] - Text 'username' is set on object 'Object Repository/RecAndPlayBk/Page-Vlink-AuthOnly/input_Username_username'

2023-02-08 18:56:16 - [TEST_STEP][PASSED] - setText(findTestObject("Object Repository/RecAndPlayBk/Page-Vlink-AuthOnly/input_Password_password"), password): Text 'password' is set on object 'Object Repository/RecAndPlayBk/Page-Vlink-AuthOnly/input_Password_password'

2023-02-08 18:56:16 - [MESSAGE][PASSED] - Text 'password' is set on object 'Object Repository/RecAndPlayBk/Page-Vlink-AuthOnly/input_Password_password'

2023-02-08 18:56:16 - [TEST_STEP][PASSED] - setText(findTestObject("Object Repository/RecAndPlayBk/Page-Vlink-AuthOnly/txt_ResponseFormat"), resFormat): Text 'fixed_width' is set on object 'Object Repository/RecAndPlayBk/Page-Vlink-AuthOnly/txt_ResponseFormat'

2023-02-08 18:56:17 - [MESSAGE][PASSED] - Text 'fixed_width' is set on object 'Object Repository/RecAndPlayBk/Page-Vlink-AuthOnly/txt_ResponseFormat'

2023-02-08 18:56:17 - [TEST_STEP][PASSED] - setText(findTestObject("Object Repository/RecAndPlayBk/Page-Vlink-AuthOnly/input_Category_category"), category): Text 'ECOM' is set on object 'Object Repository/RecAndPlayBk/Page-Vlink-AuthOnly/input_Category_category'

2023-02-08 18:56:18 - [MESSAGE][PASSED] - Text 'ECOM' is set on object 'Object Repository/RecAndPlayBk/Page-Vlink-AuthOnly/input_Category_category'

2023-02-08 18:56:18 - [TEST_STEP][PASSED] - setText(findTestObject("Object Repository/RecAndPlayBk/Page-Vlink-AuthOnly/txt_CardName"), cardName): Text 'Kris Roshan' is set on object 'Object Repository/RecAndPlayBk/Page-Vlink-AuthOnly/txt_CardName'

2023-02-08 18:56:18 - [MESSAGE][PASSED] - Text 'Kris Roshan' is set on object 'Object Repository/RecAndPlayBk/Page-Vlink-AuthOnly/txt_CardName'

2023-02-08 18:56:18 - [TEST_STEP][PASSED] - setText(findTestObject("Object Repository/RecAndPlayBk/Page-Vlink-AuthOnly/txt_AL1"), al1): Text '' is set on object 'Object Repository/RecAndPlayBk/Page-Vlink-AuthOnly/txt_AL1'

2023-02-08 18:56:19 - [MESSAGE][PASSED] - Text '' is set on object 'Object Repository/RecAndPlayBk/Page-Vlink-AuthOnly/txt_AL1'

2023-02-08 18:56:19 - [TEST_STEP][PASSED] - setText(findTestObject("Object Repository/RecAndPlayBk/Page-Vlink-AuthOnly/txt_CardCity"), city): Text 'Arlington' is set on object 'Object Repository/RecAndPlayBk/Page-Vlink-AuthOnly/txt_CardCity'

2023-02-08 18:56:20 - [MESSAGE][PASSED] - Text 'Arlington' is set on object 'Object Repository/RecAndPlayBk/Page-Vlink-AuthOnly/txt_CardCity'

2023-02-08 18:56:20 - [TEST_STEP][PASSED] - setText(findTestObject("Object Repository/RecAndPlayBk/Page-Vlink-AuthOnly/txt_CardState"), state): Text 'VA' is set on object 'Object Repository/RecAndPlayBk/Page-Vlink-AuthOnly/txt_CardState'

2023-02-08 18:56:20 - [MESSAGE][PASSED] - Text 'VA' is set on object 'Object Repository/RecAndPlayBk/Page-Vlink-AuthOnly/txt_CardState'

2023-02-08 18:56:20 - [TEST_STEP][PASSED] - setText(findTestObject("Object Repository/RecAndPlayBk/Page-Vlink-AuthOnly/txt_CardZIP"), zip): Text '22201' is set on object 'Object Repository/RecAndPlayBk/Page-Vlink-AuthOnly/txt_CardZIP'

2023-02-08 18:56:21 - [MESSAGE][PASSED] - Text '22201' is set on object 'Object Repository/RecAndPlayBk/Page-Vlink-AuthOnly/txt_CardZIP'

2023-02-08 18:56:21 - [TEST_STEP][PASSED] - setText(findTestObject("Object Repository/RecAndPlayBk/Page-Vlink-AuthOnly/input_Amount_amount"), amount): Text '1.50' is set on object 'Object Repository/RecAndPlayBk/Page-Vlink-AuthOnly/input_Amount_amount'

2023-02-08 18:56:21 - [MESSAGE][PASSED] - Text '1.50' is set on object 'Object Repository/RecAndPlayBk/Page-Vlink-AuthOnly/input_Amount_amount'

2023-02-08 18:56:21 - [TEST_STEP][PASSED] - setText(findTestObject("Object Repository/RecAndPlayBk/Page-Vlink-AuthOnly/input_Card number_card_number"), cardNumber): Text '4111111111111111' is set on object 'Object Repository/RecAndPlayBk/Page-Vlink-AuthOnly/input_Card number_card_number'

2023-02-08 18:56:22 - [MESSAGE][PASSED] - Text '4111111111111111' is set on object 'Object Repository/RecAndPlayBk/Page-Vlink-AuthOnly/input_Card number_card_number'

2023-02-08 18:56:22 - [TEST_STEP][PASSED] - setText(findTestObject("Object Repository/RecAndPlayBk/Page-Vlink-AuthOnly/input_Card ex month_card_exmo"), exM): Text '12' is set on object 'Object Repository/RecAndPlayBk/Page-Vlink-AuthOnly/input_Card ex month_card_exmo'

2023-02-08 18:56:23 - [MESSAGE][PASSED] - Text '12' is set on object 'Object Repository/RecAndPlayBk/Page-Vlink-AuthOnly/input_Card ex month_card_exmo'

2023-02-08 18:56:23 - [TEST_STEP][PASSED] - setText(findTestObject("Object Repository/RecAndPlayBk/Page-Vlink-AuthOnly/input_Card ex year_card_exyr"), exY): Text '2025' is set on object 'Object Repository/RecAndPlayBk/Page-Vlink-AuthOnly/input_Card ex year_card_exyr'

2023-02-08 18:56:23 - [MESSAGE][PASSED] - Text '2025' is set on object 'Object Repository/RecAndPlayBk/Page-Vlink-AuthOnly/input_Card ex year_card_exyr'

2023-02-08 18:56:23 - [TEST_STEP][PASSED] - setText(findTestObject("Object Repository/RecAndPlayBk/Page-Vlink-AuthOnly/input_Track Data_track_data"), ""): Text '' is set on object 'Object Repository/RecAndPlayBk/Page-Vlink-AuthOnly/input_Track Data_track_data'

2023-02-08 18:56:24 - [MESSAGE][PASSED] - Text '' is set on object 'Object Repository/RecAndPlayBk/Page-Vlink-AuthOnly/input_Track Data_track_data'

2023-02-08 18:56:24 - [TEST_STEP][PASSED] - setText(findTestObject("Object Repository/RecAndPlayBk/Page-Vlink-AuthOnly/input_concat(Cardholder, , s email)_email"), ""): Text '' is set on object 'Object Repository/RecAndPlayBk/Page-Vlink-AuthOnly/input_concat(Cardholder, , s email)_email'

2023-02-08 18:56:25 - [MESSAGE][PASSED] - Text '' is set on object 'Object Repository/RecAndPlayBk/Page-Vlink-AuthOnly/input_concat(Cardholder, , s email)_email'

2023-02-08 18:56:25 - [TEST_STEP][PASSED] - click(findTestObject("Object Repository/RecAndPlayBk/Page-Vlink-AuthOnly/input_user_defined10_user_defined10")): Object: 'Object Repository/RecAndPlayBk/Page-Vlink-AuthOnly/input_user_defined10_user_defined10' is clicked on

2023-02-08 18:56:25 - [MESSAGE][PASSED] - Object: 'Object Repository/RecAndPlayBk/Page-Vlink-AuthOnly/input_user_defined10_user_defined10' is clicked on

2023-02-08 18:56:25 - [TEST_STEP][PASSED] - setText(findTestObject("Object Repository/RecAndPlayBk/Page-Vlink-AuthOnly/input_Card on File Indicator_card_on_file_i_157dae"), ""): Text '' is set on object 'Object Repository/RecAndPlayBk/Page-Vlink-AuthOnly/input_Card on File Indicator_card_on_file_i_157dae'

2023-02-08 18:56:25 - [MESSAGE][PASSED] - Text '' is set on object 'Object Repository/RecAndPlayBk/Page-Vlink-AuthOnly/input_Card on File Indicator_card_on_file_i_157dae'

2023-02-08 18:56:25 - [TEST_STEP][PASSED] - setText(findTestObject("Object Repository/RecAndPlayBk/Page-Vlink-AuthOnly/input_Stored Credential Indicator_stored_cr_4ae73c"), ""): Text '' is set on object 'Object Repository/RecAndPlayBk/Page-Vlink-AuthOnly/input_Stored Credential Indicator_stored_cr_4ae73c'

2023-02-08 18:56:26 - [MESSAGE][PASSED] - Text '' is set on object 'Object Repository/RecAndPlayBk/Page-Vlink-AuthOnly/input_Stored Credential Indicator_stored_cr_4ae73c'

2023-02-08 18:56:26 - [TEST_STEP][PASSED] - setText(findTestObject("Object Repository/RecAndPlayBk/Page-Vlink-AuthOnly/input_COF Scheduled indicator_cof_scheduled_8df7d8"), ""): Text '' is set on object 'Object Repository/RecAndPlayBk/Page-Vlink-AuthOnly/input_COF Scheduled indicator_cof_scheduled_8df7d8'

2023-02-08 18:56:27 - [MESSAGE][PASSED] - Text '' is set on object 'Object Repository/RecAndPlayBk/Page-Vlink-AuthOnly/input_COF Scheduled indicator_cof_scheduled_8df7d8'

2023-02-08 18:56:27 - [TEST_STEP][PASSED] - setText(findTestObject("Object Repository/RecAndPlayBk/Page-Vlink-AuthOnly/input_COF Transaction Initiated by_cof_tran_6cded5"), ""): Text '' is set on object 'Object Repository/RecAndPlayBk/Page-Vlink-AuthOnly/input_COF Transaction Initiated by_cof_tran_6cded5'

2023-02-08 18:56:27 - [MESSAGE][PASSED] - Text '' is set on object 'Object Repository/RecAndPlayBk/Page-Vlink-AuthOnly/input_COF Transaction Initiated by_cof_tran_6cded5'

2023-02-08 18:56:27 - [TEST_STEP][PASSED] - click(findTestObject("Object Repository/RecAndPlayBk/Page-Vlink-AuthOnly/input")): Object: 'Object Repository/RecAndPlayBk/Page-Vlink-AuthOnly/input' is clicked on

2023-02-08 18:56:28 - [MESSAGE][PASSED] - Object: 'Object Repository/RecAndPlayBk/Page-Vlink-AuthOnly/input' is clicked on

2023-02-08 18:56:28 - [TEST_STEP][PASSED] - if (verifyTextPresent(errorMsg, true)): null

2023-02-08 18:56:28 - [MESSAGE][PASSED] - Text 'card_address' is present on page  using regular expression

2023-02-08 18:56:28 - [TEST_STEP][PASSED] - println("Error Message is present on the Confirmation page"): null

2023-02-08 18:56:28 - [TEST_STEP][PASSED] - out.println("Pass Record Number: " + row): null

2023-02-08 18:56:28 - [TEST_STEP][PASSED] - resText = "Pass": null

2023-02-08 18:56:28 - [TEST_STEP][PASSED] - pages.WriteExcel.demoKey(resText, datText, resColumn, datCloumn, fileLoc, nameSheet, row): pages.WriteExcel.demoKey is PASSED

2023-02-08 18:56:29 - [MESSAGE][PASSED] - pages.WriteExcel.demoKey is PASSED

2023-02-08 18:56:29 - [TEST_STEP][PASSED] - ExecuteTC = findTestData(dataFile).getValue("Execute", row): null

2023-02-08 18:56:29 - [TEST_STEP][PASSED] - out.println("Value of Execute is : " + ExecuteTC): null

2023-02-08 18:56:29 - [TEST_STEP][PASSED] - if (ExecuteTC.equalsIgnoreCase("Y")): null

2023-02-08 18:56:29 - [TEST_STEP][PASSED] - out.println("Begin Record Number: " + row): null

2023-02-08 18:56:29 - [TEST_STEP][PASSED] - today = new java.util.Date(): null

2023-02-08 18:56:29 - [TEST_STEP][PASSED] - println(today): null

2023-02-08 18:56:29 - [TEST_STEP][PASSED] - datText = today: null

2023-02-08 18:56:29 - [TEST_STEP][PASSED] - errorMsg = findTestData(dataFile).getValue("ErrorMsg", row): null

2023-02-08 18:56:29 - [TEST_STEP][PASSED] - appID = findTestData(dataFile).getValue("AppID", row): null

2023-02-08 18:56:29 - [TEST_STEP][PASSED] - username = findTestData(dataFile).getValue("Username", row): null

2023-02-08 18:56:29 - [TEST_STEP][PASSED] - password = findTestData(dataFile).getValue("Password", row): null

2023-02-08 18:56:29 - [TEST_STEP][PASSED] - tranType = findTestData(dataFile).getValue("TranType", row): null

2023-02-08 18:56:29 - [TEST_STEP][PASSED] - mv = findTestData(dataFile).getValue("MV", row): null

2023-02-08 18:56:29 - [TEST_STEP][PASSED] - resFormat = findTestData(dataFile).getValue("ResFormat", row): null

2023-02-08 18:56:29 - [TEST_STEP][PASSED] - category = findTestData(dataFile).getValue("Category", row): null

2023-02-08 18:56:29 - [TEST_STEP][PASSED] - amount = findTestData(dataFile).getValue("Amount", row): null

2023-02-08 18:56:29 - [TEST_STEP][PASSED] - cardName = findTestData(dataFile).getValue("CardName", row): null

2023-02-08 18:56:30 - [TEST_STEP][PASSED] - al1 = findTestData(dataFile).getValue("AL1", row): null

2023-02-08 18:56:30 - [TEST_STEP][PASSED] - city = findTestData(dataFile).getValue("City", row): null

2023-02-08 18:56:30 - [TEST_STEP][PASSED] - state = findTestData(dataFile).getValue("State", row): null

2023-02-08 18:56:30 - [TEST_STEP][PASSED] - zip = findTestData(dataFile).getValue("ZIP", row): null

2023-02-08 18:56:30 - [TEST_STEP][PASSED] - cardNumber = findTestData(dataFile).getValue("CardNumber", row): null

2023-02-08 18:56:30 - [TEST_STEP][PASSED] - exM = findTestData(dataFile).getValue("ExM", row): null

2023-02-08 18:56:30 - [TEST_STEP][PASSED] - exY = findTestData(dataFile).getValue("ExY", row): null

2023-02-08 18:56:30 - [TEST_STEP][PASSED] - openBrowser(VLinkURL + "auth.html"): Browser is opened with url: 'https://dev-algorithm.govolution.com/vlinktest/QA/version_2_0/auth.html'

2023-02-08 18:56:30 - [MESSAGE][WARNING] - A browser is already opened. Closing browser and opening a new one

2023-02-08 18:56:31 - [MESSAGE][INFO] - Starting 'Chrome' driver

2023-02-08 18:56:31 - [MESSAGE][INFO] - User set preference: ['acceptInsecureCerts', 'true']

2023-02-08 18:56:31 - [MESSAGE][INFO] - Action delay is set to 0 milliseconds

2023-02-08 18:56:33 - [MESSAGE][PASSED] - Browser is opened with url: 'https://dev-algorithm.govolution.com/vlinktest/QA/version_2_0/auth.html'

2023-02-08 18:56:33 - [TEST_STEP][PASSED] - maximizeWindow(): Current window maximized

2023-02-08 18:56:33 - [MESSAGE][PASSED] - Current window maximized

2023-02-08 18:56:33 - [TEST_STEP][PASSED] - maximizeWindow(): Current window maximized

2023-02-08 18:56:33 - [MESSAGE][PASSED] - Current window maximized

2023-02-08 18:56:33 - [TEST_STEP][PASSED] - setText(findTestObject("Object Repository/RecAndPlayBk/Page-Vlink-AuthOnly/txt_TransactionType"), tranType): Text '104' is set on object 'Object Repository/RecAndPlayBk/Page-Vlink-AuthOnly/txt_TransactionType'

2023-02-08 18:56:34 - [MESSAGE][PASSED] - Text '104' is set on object 'Object Repository/RecAndPlayBk/Page-Vlink-AuthOnly/txt_TransactionType'

2023-02-08 18:56:34 - [TEST_STEP][PASSED] - setText(findTestObject("Object Repository/RecAndPlayBk/Page-Vlink-AuthOnly/txt_MessageVersion"), mv): Text '2.0C' is set on object 'Object Repository/RecAndPlayBk/Page-Vlink-AuthOnly/txt_MessageVersion'

2023-02-08 18:56:34 - [MESSAGE][PASSED] - Text '2.0C' is set on object 'Object Repository/RecAndPlayBk/Page-Vlink-AuthOnly/txt_MessageVersion'

2023-02-08 18:56:34 - [TEST_STEP][PASSED] - genRemID = RandomStringUtils.random(12, true, true): null

2023-02-08 18:56:34 - [TEST_STEP][PASSED] - setText(findTestObject("Object Repository/RecAndPlayBk/Page-Vlink-AuthOnly/input_Remittance Id_remittance_id"), genRemID): Text 'YjIpMGj1nyDs' is set on object 'Object Repository/RecAndPlayBk/Page-Vlink-AuthOnly/input_Remittance Id_remittance_id'

2023-02-08 18:56:35 - [MESSAGE][PASSED] - Text 'YjIpMGj1nyDs' is set on object 'Object Repository/RecAndPlayBk/Page-Vlink-AuthOnly/input_Remittance Id_remittance_id'

2023-02-08 18:56:35 - [TEST_STEP][PASSED] - setText(findTestObject("Object Repository/RecAndPlayBk/Page-Vlink-AuthOnly/input_Application Id_application_id"), appID): Text '234' is set on object 'Object Repository/RecAndPlayBk/Page-Vlink-AuthOnly/input_Application Id_application_id'

2023-02-08 18:56:36 - [MESSAGE][PASSED] - Text '234' is set on object 'Object Repository/RecAndPlayBk/Page-Vlink-AuthOnly/input_Application Id_application_id'

2023-02-08 18:56:36 - [TEST_STEP][PASSED] - setText(findTestObject("Object Repository/RecAndPlayBk/Page-Vlink-AuthOnly/input_Username_username"), username): Text 'username' is set on object 'Object Repository/RecAndPlayBk/Page-Vlink-AuthOnly/input_Username_username'

2023-02-08 18:56:36 - [MESSAGE][PASSED] - Text 'username' is set on object 'Object Repository/RecAndPlayBk/Page-Vlink-AuthOnly/input_Username_username'

2023-02-08 18:56:36 - [TEST_STEP][PASSED] - setText(findTestObject("Object Repository/RecAndPlayBk/Page-Vlink-AuthOnly/input_Password_password"), password): Text 'password' is set on object 'Object Repository/RecAndPlayBk/Page-Vlink-AuthOnly/input_Password_password'

2023-02-08 18:56:37 - [MESSAGE][PASSED] - Text 'password' is set on object 'Object Repository/RecAndPlayBk/Page-Vlink-AuthOnly/input_Password_password'

2023-02-08 18:56:37 - [TEST_STEP][PASSED] - setText(findTestObject("Object Repository/RecAndPlayBk/Page-Vlink-AuthOnly/txt_ResponseFormat"), resFormat): Text 'fixed_width' is set on object 'Object Repository/RecAndPlayBk/Page-Vlink-AuthOnly/txt_ResponseFormat'

2023-02-08 18:56:38 - [MESSAGE][PASSED] - Text 'fixed_width' is set on object 'Object Repository/RecAndPlayBk/Page-Vlink-AuthOnly/txt_ResponseFormat'

2023-02-08 18:56:38 - [TEST_STEP][PASSED] - setText(findTestObject("Object Repository/RecAndPlayBk/Page-Vlink-AuthOnly/input_Category_category"), category): Text 'MOTO' is set on object 'Object Repository/RecAndPlayBk/Page-Vlink-AuthOnly/input_Category_category'

2023-02-08 18:56:38 - [MESSAGE][PASSED] - Text 'MOTO' is set on object 'Object Repository/RecAndPlayBk/Page-Vlink-AuthOnly/input_Category_category'

2023-02-08 18:56:38 - [TEST_STEP][PASSED] - setText(findTestObject("Object Repository/RecAndPlayBk/Page-Vlink-AuthOnly/txt_CardName"), cardName): Text 'Kris Roshan' is set on object 'Object Repository/RecAndPlayBk/Page-Vlink-AuthOnly/txt_CardName'

2023-02-08 18:56:39 - [MESSAGE][PASSED] - Text 'Kris Roshan' is set on object 'Object Repository/RecAndPlayBk/Page-Vlink-AuthOnly/txt_CardName'

2023-02-08 18:56:39 - [TEST_STEP][PASSED] - setText(findTestObject("Object Repository/RecAndPlayBk/Page-Vlink-AuthOnly/txt_AL1"), al1): Text '' is set on object 'Object Repository/RecAndPlayBk/Page-Vlink-AuthOnly/txt_AL1'

2023-02-08 18:56:39 - [MESSAGE][PASSED] - Text '' is set on object 'Object Repository/RecAndPlayBk/Page-Vlink-AuthOnly/txt_AL1'

2023-02-08 18:56:39 - [TEST_STEP][PASSED] - setText(findTestObject("Object Repository/RecAndPlayBk/Page-Vlink-AuthOnly/txt_CardCity"), city): Text 'Arlington' is set on object 'Object Repository/RecAndPlayBk/Page-Vlink-AuthOnly/txt_CardCity'

2023-02-08 18:56:40 - [MESSAGE][PASSED] - Text 'Arlington' is set on object 'Object Repository/RecAndPlayBk/Page-Vlink-AuthOnly/txt_CardCity'

2023-02-08 18:56:40 - [TEST_STEP][PASSED] - setText(findTestObject("Object Repository/RecAndPlayBk/Page-Vlink-AuthOnly/txt_CardState"), state): Text 'VA' is set on object 'Object Repository/RecAndPlayBk/Page-Vlink-AuthOnly/txt_CardState'

2023-02-08 18:56:41 - [MESSAGE][PASSED] - Text 'VA' is set on object 'Object Repository/RecAndPlayBk/Page-Vlink-AuthOnly/txt_CardState'

2023-02-08 18:56:41 - [TEST_STEP][PASSED] - setText(findTestObject("Object Repository/RecAndPlayBk/Page-Vlink-AuthOnly/txt_CardZIP"), zip): Text '22201' is set on object 'Object Repository/RecAndPlayBk/Page-Vlink-AuthOnly/txt_CardZIP'

2023-02-08 18:56:41 - [MESSAGE][PASSED] - Text '22201' is set on object 'Object Repository/RecAndPlayBk/Page-Vlink-AuthOnly/txt_CardZIP'

2023-02-08 18:56:41 - [TEST_STEP][PASSED] - setText(findTestObject("Object Repository/RecAndPlayBk/Page-Vlink-AuthOnly/input_Amount_amount"), amount): Text '1.50' is set on object 'Object Repository/RecAndPlayBk/Page-Vlink-AuthOnly/input_Amount_amount'

2023-02-08 18:56:42 - [MESSAGE][PASSED] - Text '1.50' is set on object 'Object Repository/RecAndPlayBk/Page-Vlink-AuthOnly/input_Amount_amount'

2023-02-08 18:56:42 - [TEST_STEP][PASSED] - setText(findTestObject("Object Repository/RecAndPlayBk/Page-Vlink-AuthOnly/input_Card number_card_number"), cardNumber): Text '4111111111111111' is set on object 'Object Repository/RecAndPlayBk/Page-Vlink-AuthOnly/input_Card number_card_number'

2023-02-08 18:56:43 - [MESSAGE][PASSED] - Text '4111111111111111' is set on object 'Object Repository/RecAndPlayBk/Page-Vlink-AuthOnly/input_Card number_card_number'

2023-02-08 18:56:43 - [TEST_STEP][PASSED] - setText(findTestObject("Object Repository/RecAndPlayBk/Page-Vlink-AuthOnly/input_Card ex month_card_exmo"), exM): Text '12' is set on object 'Object Repository/RecAndPlayBk/Page-Vlink-AuthOnly/input_Card ex month_card_exmo'

2023-02-08 18:56:43 - [MESSAGE][PASSED] - Text '12' is set on object 'Object Repository/RecAndPlayBk/Page-Vlink-AuthOnly/input_Card ex month_card_exmo'

2023-02-08 18:56:43 - [TEST_STEP][PASSED] - setText(findTestObject("Object Repository/RecAndPlayBk/Page-Vlink-AuthOnly/input_Card ex year_card_exyr"), exY): Text '2025' is set on object 'Object Repository/RecAndPlayBk/Page-Vlink-AuthOnly/input_Card ex year_card_exyr'

2023-02-08 18:56:44 - [MESSAGE][PASSED] - Text '2025' is set on object 'Object Repository/RecAndPlayBk/Page-Vlink-AuthOnly/input_Card ex year_card_exyr'

2023-02-08 18:56:44 - [TEST_STEP][PASSED] - setText(findTestObject("Object Repository/RecAndPlayBk/Page-Vlink-AuthOnly/input_Track Data_track_data"), ""): Text '' is set on object 'Object Repository/RecAndPlayBk/Page-Vlink-AuthOnly/input_Track Data_track_data'

2023-02-08 18:56:44 - [MESSAGE][PASSED] - Text '' is set on object 'Object Repository/RecAndPlayBk/Page-Vlink-AuthOnly/input_Track Data_track_data'

2023-02-08 18:56:44 - [TEST_STEP][PASSED] - setText(findTestObject("Object Repository/RecAndPlayBk/Page-Vlink-AuthOnly/input_concat(Cardholder, , s email)_email"), ""): Text '' is set on object 'Object Repository/RecAndPlayBk/Page-Vlink-AuthOnly/input_concat(Cardholder, , s email)_email'

2023-02-08 18:56:45 - [MESSAGE][PASSED] - Text '' is set on object 'Object Repository/RecAndPlayBk/Page-Vlink-AuthOnly/input_concat(Cardholder, , s email)_email'

2023-02-08 18:56:45 - [TEST_STEP][PASSED] - click(findTestObject("Object Repository/RecAndPlayBk/Page-Vlink-AuthOnly/input_user_defined10_user_defined10")): Object: 'Object Repository/RecAndPlayBk/Page-Vlink-AuthOnly/input_user_defined10_user_defined10' is clicked on

2023-02-08 18:56:45 - [MESSAGE][PASSED] - Object: 'Object Repository/RecAndPlayBk/Page-Vlink-AuthOnly/input_user_defined10_user_defined10' is clicked on

2023-02-08 18:56:45 - [TEST_STEP][PASSED] - setText(findTestObject("Object Repository/RecAndPlayBk/Page-Vlink-AuthOnly/input_Card on File Indicator_card_on_file_i_157dae"), ""): Text '' is set on object 'Object Repository/RecAndPlayBk/Page-Vlink-AuthOnly/input_Card on File Indicator_card_on_file_i_157dae'

2023-02-08 18:56:46 - [MESSAGE][PASSED] - Text '' is set on object 'Object Repository/RecAndPlayBk/Page-Vlink-AuthOnly/input_Card on File Indicator_card_on_file_i_157dae'

2023-02-08 18:56:46 - [TEST_STEP][PASSED] - setText(findTestObject("Object Repository/RecAndPlayBk/Page-Vlink-AuthOnly/input_Stored Credential Indicator_stored_cr_4ae73c"), ""): Text '' is set on object 'Object Repository/RecAndPlayBk/Page-Vlink-AuthOnly/input_Stored Credential Indicator_stored_cr_4ae73c'

2023-02-08 18:56:47 - [MESSAGE][PASSED] - Text '' is set on object 'Object Repository/RecAndPlayBk/Page-Vlink-AuthOnly/input_Stored Credential Indicator_stored_cr_4ae73c'

2023-02-08 18:56:47 - [TEST_STEP][PASSED] - setText(findTestObject("Object Repository/RecAndPlayBk/Page-Vlink-AuthOnly/input_COF Scheduled indicator_cof_scheduled_8df7d8"), ""): Text '' is set on object 'Object Repository/RecAndPlayBk/Page-Vlink-AuthOnly/input_COF Scheduled indicator_cof_scheduled_8df7d8'

2023-02-08 18:56:47 - [MESSAGE][PASSED] - Text '' is set on object 'Object Repository/RecAndPlayBk/Page-Vlink-AuthOnly/input_COF Scheduled indicator_cof_scheduled_8df7d8'

2023-02-08 18:56:47 - [TEST_STEP][PASSED] - setText(findTestObject("Object Repository/RecAndPlayBk/Page-Vlink-AuthOnly/input_COF Transaction Initiated by_cof_tran_6cded5"), ""): Text '' is set on object 'Object Repository/RecAndPlayBk/Page-Vlink-AuthOnly/input_COF Transaction Initiated by_cof_tran_6cded5'

2023-02-08 18:56:48 - [MESSAGE][PASSED] - Text '' is set on object 'Object Repository/RecAndPlayBk/Page-Vlink-AuthOnly/input_COF Transaction Initiated by_cof_tran_6cded5'

2023-02-08 18:56:48 - [TEST_STEP][PASSED] - click(findTestObject("Object Repository/RecAndPlayBk/Page-Vlink-AuthOnly/input")): Object: 'Object Repository/RecAndPlayBk/Page-Vlink-AuthOnly/input' is clicked on

2023-02-08 18:56:49 - [MESSAGE][PASSED] - Object: 'Object Repository/RecAndPlayBk/Page-Vlink-AuthOnly/input' is clicked on

2023-02-08 18:56:49 - [TEST_STEP][PASSED] - if (verifyTextPresent(errorMsg, true)): null

2023-02-08 18:56:49 - [MESSAGE][PASSED] - Text 'card_address' is present on page  using regular expression

2023-02-08 18:56:49 - [TEST_STEP][PASSED] - println("Error Message is present on the Confirmation page"): null

2023-02-08 18:56:49 - [TEST_STEP][PASSED] - out.println("Pass Record Number: " + row): null

2023-02-08 18:56:49 - [TEST_STEP][PASSED] - resText = "Pass": null

2023-02-08 18:56:49 - [TEST_STEP][PASSED] - pages.WriteExcel.demoKey(resText, datText, resColumn, datCloumn, fileLoc, nameSheet, row): pages.WriteExcel.demoKey is PASSED

2023-02-08 18:56:49 - [MESSAGE][PASSED] - pages.WriteExcel.demoKey is PASSED

2023-02-08 18:56:49 - [TEST_STEP][PASSED] - ExecuteTC = findTestData(dataFile).getValue("Execute", row): null

2023-02-08 18:56:49 - [TEST_STEP][PASSED] - out.println("Value of Execute is : " + ExecuteTC): null

2023-02-08 18:56:49 - [TEST_STEP][PASSED] - if (ExecuteTC.equalsIgnoreCase("Y")): null

2023-02-08 18:56:49 - [TEST_STEP][PASSED] - out.println("Begin Record Number: " + row): null

2023-02-08 18:56:49 - [TEST_STEP][PASSED] - today = new java.util.Date(): null

2023-02-08 18:56:49 - [TEST_STEP][PASSED] - println(today): null

2023-02-08 18:56:49 - [TEST_STEP][PASSED] - datText = today: null

2023-02-08 18:56:49 - [TEST_STEP][PASSED] - errorMsg = findTestData(dataFile).getValue("ErrorMsg", row): null

2023-02-08 18:56:49 - [TEST_STEP][PASSED] - appID = findTestData(dataFile).getValue("AppID", row): null

2023-02-08 18:56:49 - [TEST_STEP][PASSED] - username = findTestData(dataFile).getValue("Username", row): null

2023-02-08 18:56:49 - [TEST_STEP][PASSED] - password = findTestData(dataFile).getValue("Password", row): null

2023-02-08 18:56:49 - [TEST_STEP][PASSED] - tranType = findTestData(dataFile).getValue("TranType", row): null

2023-02-08 18:56:49 - [TEST_STEP][PASSED] - mv = findTestData(dataFile).getValue("MV", row): null

2023-02-08 18:56:50 - [TEST_STEP][PASSED] - resFormat = findTestData(dataFile).getValue("ResFormat", row): null

2023-02-08 18:56:50 - [TEST_STEP][PASSED] - category = findTestData(dataFile).getValue("Category", row): null

2023-02-08 18:56:50 - [TEST_STEP][PASSED] - amount = findTestData(dataFile).getValue("Amount", row): null

2023-02-08 18:56:50 - [TEST_STEP][PASSED] - cardName = findTestData(dataFile).getValue("CardName", row): null

2023-02-08 18:56:50 - [TEST_STEP][PASSED] - al1 = findTestData(dataFile).getValue("AL1", row): null

2023-02-08 18:56:50 - [TEST_STEP][PASSED] - city = findTestData(dataFile).getValue("City", row): null

2023-02-08 18:56:50 - [TEST_STEP][PASSED] - state = findTestData(dataFile).getValue("State", row): null

2023-02-08 18:56:50 - [TEST_STEP][PASSED] - zip = findTestData(dataFile).getValue("ZIP", row): null

2023-02-08 18:56:50 - [TEST_STEP][PASSED] - cardNumber = findTestData(dataFile).getValue("CardNumber", row): null

2023-02-08 18:56:50 - [TEST_STEP][PASSED] - exM = findTestData(dataFile).getValue("ExM", row): null

2023-02-08 18:56:50 - [TEST_STEP][PASSED] - exY = findTestData(dataFile).getValue("ExY", row): null

2023-02-08 18:56:50 - [TEST_STEP][PASSED] - openBrowser(VLinkURL + "auth.html"): Browser is opened with url: 'https://dev-algorithm.govolution.com/vlinktest/QA/version_2_0/auth.html'

2023-02-08 18:56:50 - [MESSAGE][WARNING] - A browser is already opened. Closing browser and opening a new one

2023-02-08 18:56:51 - [MESSAGE][INFO] - Starting 'Chrome' driver

2023-02-08 18:56:51 - [MESSAGE][INFO] - User set preference: ['acceptInsecureCerts', 'true']

2023-02-08 18:56:51 - [MESSAGE][INFO] - Action delay is set to 0 milliseconds

2023-02-08 18:56:53 - [MESSAGE][PASSED] - Browser is opened with url: 'https://dev-algorithm.govolution.com/vlinktest/QA/version_2_0/auth.html'

2023-02-08 18:56:53 - [TEST_STEP][PASSED] - maximizeWindow(): Current window maximized

2023-02-08 18:56:53 - [MESSAGE][PASSED] - Current window maximized

2023-02-08 18:56:53 - [TEST_STEP][PASSED] - maximizeWindow(): Current window maximized

2023-02-08 18:56:53 - [MESSAGE][PASSED] - Current window maximized

2023-02-08 18:56:53 - [TEST_STEP][PASSED] - setText(findTestObject("Object Repository/RecAndPlayBk/Page-Vlink-AuthOnly/txt_TransactionType"), tranType): Text '104' is set on object 'Object Repository/RecAndPlayBk/Page-Vlink-AuthOnly/txt_TransactionType'

2023-02-08 18:56:54 - [MESSAGE][PASSED] - Text '104' is set on object 'Object Repository/RecAndPlayBk/Page-Vlink-AuthOnly/txt_TransactionType'

2023-02-08 18:56:54 - [TEST_STEP][PASSED] - setText(findTestObject("Object Repository/RecAndPlayBk/Page-Vlink-AuthOnly/txt_MessageVersion"), mv): Text '2.0C' is set on object 'Object Repository/RecAndPlayBk/Page-Vlink-AuthOnly/txt_MessageVersion'

2023-02-08 18:56:55 - [MESSAGE][PASSED] - Text '2.0C' is set on object 'Object Repository/RecAndPlayBk/Page-Vlink-AuthOnly/txt_MessageVersion'

2023-02-08 18:56:55 - [TEST_STEP][PASSED] - genRemID = RandomStringUtils.random(12, true, true): null

2023-02-08 18:56:55 - [TEST_STEP][PASSED] - setText(findTestObject("Object Repository/RecAndPlayBk/Page-Vlink-AuthOnly/input_Remittance Id_remittance_id"), genRemID): Text 'VghCHPYU1sGj' is set on object 'Object Repository/RecAndPlayBk/Page-Vlink-AuthOnly/input_Remittance Id_remittance_id'

2023-02-08 18:56:55 - [MESSAGE][PASSED] - Text 'VghCHPYU1sGj' is set on object 'Object Repository/RecAndPlayBk/Page-Vlink-AuthOnly/input_Remittance Id_remittance_id'

2023-02-08 18:56:55 - [TEST_STEP][PASSED] - setText(findTestObject("Object Repository/RecAndPlayBk/Page-Vlink-AuthOnly/input_Application Id_application_id"), appID): Text '234' is set on object 'Object Repository/RecAndPlayBk/Page-Vlink-AuthOnly/input_Application Id_application_id'

2023-02-08 18:56:56 - [MESSAGE][PASSED] - Text '234' is set on object 'Object Repository/RecAndPlayBk/Page-Vlink-AuthOnly/input_Application Id_application_id'

2023-02-08 18:56:56 - [TEST_STEP][PASSED] - setText(findTestObject("Object Repository/RecAndPlayBk/Page-Vlink-AuthOnly/input_Username_username"), username): Text 'username' is set on object 'Object Repository/RecAndPlayBk/Page-Vlink-AuthOnly/input_Username_username'

2023-02-08 18:56:56 - [MESSAGE][PASSED] - Text 'username' is set on object 'Object Repository/RecAndPlayBk/Page-Vlink-AuthOnly/input_Username_username'

2023-02-08 18:56:56 - [TEST_STEP][PASSED] - setText(findTestObject("Object Repository/RecAndPlayBk/Page-Vlink-AuthOnly/input_Password_password"), password): Text 'password' is set on object 'Object Repository/RecAndPlayBk/Page-Vlink-AuthOnly/input_Password_password'

2023-02-08 18:56:57 - [MESSAGE][PASSED] - Text 'password' is set on object 'Object Repository/RecAndPlayBk/Page-Vlink-AuthOnly/input_Password_password'

2023-02-08 18:56:57 - [TEST_STEP][PASSED] - setText(findTestObject("Object Repository/RecAndPlayBk/Page-Vlink-AuthOnly/txt_ResponseFormat"), resFormat): Text 'fixed_width' is set on object 'Object Repository/RecAndPlayBk/Page-Vlink-AuthOnly/txt_ResponseFormat'

2023-02-08 18:56:58 - [MESSAGE][PASSED] - Text 'fixed_width' is set on object 'Object Repository/RecAndPlayBk/Page-Vlink-AuthOnly/txt_ResponseFormat'

2023-02-08 18:56:58 - [TEST_STEP][PASSED] - setText(findTestObject("Object Repository/RecAndPlayBk/Page-Vlink-AuthOnly/input_Category_category"), category): Text 'ECOM' is set on object 'Object Repository/RecAndPlayBk/Page-Vlink-AuthOnly/input_Category_category'

2023-02-08 18:56:58 - [MESSAGE][PASSED] - Text 'ECOM' is set on object 'Object Repository/RecAndPlayBk/Page-Vlink-AuthOnly/input_Category_category'

2023-02-08 18:56:58 - [TEST_STEP][PASSED] - setText(findTestObject("Object Repository/RecAndPlayBk/Page-Vlink-AuthOnly/txt_CardName"), cardName): Text 'Kris Roshan' is set on object 'Object Repository/RecAndPlayBk/Page-Vlink-AuthOnly/txt_CardName'

2023-02-08 18:56:59 - [MESSAGE][PASSED] - Text 'Kris Roshan' is set on object 'Object Repository/RecAndPlayBk/Page-Vlink-AuthOnly/txt_CardName'

2023-02-08 18:56:59 - [TEST_STEP][PASSED] - setText(findTestObject("Object Repository/RecAndPlayBk/Page-Vlink-AuthOnly/txt_AL1"), al1): Text '258 Elm Road' is set on object 'Object Repository/RecAndPlayBk/Page-Vlink-AuthOnly/txt_AL1'

2023-02-08 18:57:00 - [MESSAGE][PASSED] - Text '258 Elm Road' is set on object 'Object Repository/RecAndPlayBk/Page-Vlink-AuthOnly/txt_AL1'

2023-02-08 18:57:00 - [TEST_STEP][PASSED] - setText(findTestObject("Object Repository/RecAndPlayBk/Page-Vlink-AuthOnly/txt_CardCity"), city): Text 'Arlington' is set on object 'Object Repository/RecAndPlayBk/Page-Vlink-AuthOnly/txt_CardCity'

2023-02-08 18:57:00 - [MESSAGE][PASSED] - Text 'Arlington' is set on object 'Object Repository/RecAndPlayBk/Page-Vlink-AuthOnly/txt_CardCity'

2023-02-08 18:57:00 - [TEST_STEP][PASSED] - setText(findTestObject("Object Repository/RecAndPlayBk/Page-Vlink-AuthOnly/txt_CardState"), state): Text 'VA' is set on object 'Object Repository/RecAndPlayBk/Page-Vlink-AuthOnly/txt_CardState'

2023-02-08 18:57:01 - [MESSAGE][PASSED] - Text 'VA' is set on object 'Object Repository/RecAndPlayBk/Page-Vlink-AuthOnly/txt_CardState'

2023-02-08 18:57:01 - [TEST_STEP][PASSED] - setText(findTestObject("Object Repository/RecAndPlayBk/Page-Vlink-AuthOnly/txt_CardZIP"), zip): Text '' is set on object 'Object Repository/RecAndPlayBk/Page-Vlink-AuthOnly/txt_CardZIP'

2023-02-08 18:57:01 - [MESSAGE][PASSED] - Text '' is set on object 'Object Repository/RecAndPlayBk/Page-Vlink-AuthOnly/txt_CardZIP'

2023-02-08 18:57:01 - [TEST_STEP][PASSED] - setText(findTestObject("Object Repository/RecAndPlayBk/Page-Vlink-AuthOnly/input_Amount_amount"), amount): Text '1.50' is set on object 'Object Repository/RecAndPlayBk/Page-Vlink-AuthOnly/input_Amount_amount'

2023-02-08 18:57:02 - [MESSAGE][PASSED] - Text '1.50' is set on object 'Object Repository/RecAndPlayBk/Page-Vlink-AuthOnly/input_Amount_amount'

2023-02-08 18:57:02 - [TEST_STEP][PASSED] - setText(findTestObject("Object Repository/RecAndPlayBk/Page-Vlink-AuthOnly/input_Card number_card_number"), cardNumber): Text '4111111111111111' is set on object 'Object Repository/RecAndPlayBk/Page-Vlink-AuthOnly/input_Card number_card_number'

2023-02-08 18:57:03 - [MESSAGE][PASSED] - Text '4111111111111111' is set on object 'Object Repository/RecAndPlayBk/Page-Vlink-AuthOnly/input_Card number_card_number'

2023-02-08 18:57:03 - [TEST_STEP][PASSED] - setText(findTestObject("Object Repository/RecAndPlayBk/Page-Vlink-AuthOnly/input_Card ex month_card_exmo"), exM): Text '12' is set on object 'Object Repository/RecAndPlayBk/Page-Vlink-AuthOnly/input_Card ex month_card_exmo'

2023-02-08 18:57:03 - [MESSAGE][PASSED] - Text '12' is set on object 'Object Repository/RecAndPlayBk/Page-Vlink-AuthOnly/input_Card ex month_card_exmo'

2023-02-08 18:57:03 - [TEST_STEP][PASSED] - setText(findTestObject("Object Repository/RecAndPlayBk/Page-Vlink-AuthOnly/input_Card ex year_card_exyr"), exY): Text '2025' is set on object 'Object Repository/RecAndPlayBk/Page-Vlink-AuthOnly/input_Card ex year_card_exyr'

2023-02-08 18:57:04 - [MESSAGE][PASSED] - Text '2025' is set on object 'Object Repository/RecAndPlayBk/Page-Vlink-AuthOnly/input_Card ex year_card_exyr'

2023-02-08 18:57:04 - [TEST_STEP][PASSED] - setText(findTestObject("Object Repository/RecAndPlayBk/Page-Vlink-AuthOnly/input_Track Data_track_data"), ""): Text '' is set on object 'Object Repository/RecAndPlayBk/Page-Vlink-AuthOnly/input_Track Data_track_data'

2023-02-08 18:57:05 - [MESSAGE][PASSED] - Text '' is set on object 'Object Repository/RecAndPlayBk/Page-Vlink-AuthOnly/input_Track Data_track_data'

2023-02-08 18:57:05 - [TEST_STEP][PASSED] - setText(findTestObject("Object Repository/RecAndPlayBk/Page-Vlink-AuthOnly/input_concat(Cardholder, , s email)_email"), ""): Text '' is set on object 'Object Repository/RecAndPlayBk/Page-Vlink-AuthOnly/input_concat(Cardholder, , s email)_email'

2023-02-08 18:57:05 - [MESSAGE][PASSED] - Text '' is set on object 'Object Repository/RecAndPlayBk/Page-Vlink-AuthOnly/input_concat(Cardholder, , s email)_email'

2023-02-08 18:57:05 - [TEST_STEP][PASSED] - click(findTestObject("Object Repository/RecAndPlayBk/Page-Vlink-AuthOnly/input_user_defined10_user_defined10")): Object: 'Object Repository/RecAndPlayBk/Page-Vlink-AuthOnly/input_user_defined10_user_defined10' is clicked on

2023-02-08 18:57:05 - [MESSAGE][PASSED] - Object: 'Object Repository/RecAndPlayBk/Page-Vlink-AuthOnly/input_user_defined10_user_defined10' is clicked on

2023-02-08 18:57:05 - [TEST_STEP][PASSED] - setText(findTestObject("Object Repository/RecAndPlayBk/Page-Vlink-AuthOnly/input_Card on File Indicator_card_on_file_i_157dae"), ""): Text '' is set on object 'Object Repository/RecAndPlayBk/Page-Vlink-AuthOnly/input_Card on File Indicator_card_on_file_i_157dae'

2023-02-08 18:57:06 - [MESSAGE][PASSED] - Text '' is set on object 'Object Repository/RecAndPlayBk/Page-Vlink-AuthOnly/input_Card on File Indicator_card_on_file_i_157dae'

2023-02-08 18:57:06 - [TEST_STEP][PASSED] - setText(findTestObject("Object Repository/RecAndPlayBk/Page-Vlink-AuthOnly/input_Stored Credential Indicator_stored_cr_4ae73c"), ""): Text '' is set on object 'Object Repository/RecAndPlayBk/Page-Vlink-AuthOnly/input_Stored Credential Indicator_stored_cr_4ae73c'

2023-02-08 18:57:07 - [MESSAGE][PASSED] - Text '' is set on object 'Object Repository/RecAndPlayBk/Page-Vlink-AuthOnly/input_Stored Credential Indicator_stored_cr_4ae73c'

2023-02-08 18:57:07 - [TEST_STEP][PASSED] - setText(findTestObject("Object Repository/RecAndPlayBk/Page-Vlink-AuthOnly/input_COF Scheduled indicator_cof_scheduled_8df7d8"), ""): Text '' is set on object 'Object Repository/RecAndPlayBk/Page-Vlink-AuthOnly/input_COF Scheduled indicator_cof_scheduled_8df7d8'

2023-02-08 18:57:07 - [MESSAGE][PASSED] - Text '' is set on object 'Object Repository/RecAndPlayBk/Page-Vlink-AuthOnly/input_COF Scheduled indicator_cof_scheduled_8df7d8'

2023-02-08 18:57:07 - [TEST_STEP][PASSED] - setText(findTestObject("Object Repository/RecAndPlayBk/Page-Vlink-AuthOnly/input_COF Transaction Initiated by_cof_tran_6cded5"), ""): Text '' is set on object 'Object Repository/RecAndPlayBk/Page-Vlink-AuthOnly/input_COF Transaction Initiated by_cof_tran_6cded5'

2023-02-08 18:57:08 - [MESSAGE][PASSED] - Text '' is set on object 'Object Repository/RecAndPlayBk/Page-Vlink-AuthOnly/input_COF Transaction Initiated by_cof_tran_6cded5'

2023-02-08 18:57:08 - [TEST_STEP][PASSED] - click(findTestObject("Object Repository/RecAndPlayBk/Page-Vlink-AuthOnly/input")): Object: 'Object Repository/RecAndPlayBk/Page-Vlink-AuthOnly/input' is clicked on

2023-02-08 18:57:09 - [MESSAGE][PASSED] - Object: 'Object Repository/RecAndPlayBk/Page-Vlink-AuthOnly/input' is clicked on

2023-02-08 18:57:09 - [TEST_STEP][PASSED] - if (verifyTextPresent(errorMsg, true)): null

2023-02-08 18:57:09 - [MESSAGE][PASSED] - Text 'card_zip' is present on page  using regular expression

2023-02-08 18:57:09 - [TEST_STEP][PASSED] - println("Error Message is present on the Confirmation page"): null

2023-02-08 18:57:09 - [TEST_STEP][PASSED] - out.println("Pass Record Number: " + row): null

2023-02-08 18:57:09 - [TEST_STEP][PASSED] - resText = "Pass": null

2023-02-08 18:57:09 - [TEST_STEP][PASSED] - pages.WriteExcel.demoKey(resText, datText, resColumn, datCloumn, fileLoc, nameSheet, row): pages.WriteExcel.demoKey is PASSED

2023-02-08 18:57:09 - [MESSAGE][PASSED] - pages.WriteExcel.demoKey is PASSED

2023-02-08 18:57:09 - [TEST_STEP][PASSED] - ExecuteTC = findTestData(dataFile).getValue("Execute", row): null

2023-02-08 18:57:09 - [TEST_STEP][PASSED] - out.println("Value of Execute is : " + ExecuteTC): null

2023-02-08 18:57:09 - [TEST_STEP][PASSED] - if (ExecuteTC.equalsIgnoreCase("Y")): null

2023-02-08 18:57:09 - [TEST_STEP][PASSED] - out.println("Begin Record Number: " + row): null

2023-02-08 18:57:09 - [TEST_STEP][PASSED] - today = new java.util.Date(): null

2023-02-08 18:57:09 - [TEST_STEP][PASSED] - println(today): null

2023-02-08 18:57:09 - [TEST_STEP][PASSED] - datText = today: null

2023-02-08 18:57:09 - [TEST_STEP][PASSED] - errorMsg = findTestData(dataFile).getValue("ErrorMsg", row): null

2023-02-08 18:57:09 - [TEST_STEP][PASSED] - appID = findTestData(dataFile).getValue("AppID", row): null

2023-02-08 18:57:09 - [TEST_STEP][PASSED] - username = findTestData(dataFile).getValue("Username", row): null

2023-02-08 18:57:09 - [TEST_STEP][PASSED] - password = findTestData(dataFile).getValue("Password", row): null

2023-02-08 18:57:09 - [TEST_STEP][PASSED] - tranType = findTestData(dataFile).getValue("TranType", row): null

2023-02-08 18:57:10 - [TEST_STEP][PASSED] - mv = findTestData(dataFile).getValue("MV", row): null

2023-02-08 18:57:10 - [TEST_STEP][PASSED] - resFormat = findTestData(dataFile).getValue("ResFormat", row): null

2023-02-08 18:57:10 - [TEST_STEP][PASSED] - category = findTestData(dataFile).getValue("Category", row): null

2023-02-08 18:57:10 - [TEST_STEP][PASSED] - amount = findTestData(dataFile).getValue("Amount", row): null

2023-02-08 18:57:10 - [TEST_STEP][PASSED] - cardName = findTestData(dataFile).getValue("CardName", row): null

2023-02-08 18:57:10 - [TEST_STEP][PASSED] - al1 = findTestData(dataFile).getValue("AL1", row): null

2023-02-08 18:57:10 - [TEST_STEP][PASSED] - city = findTestData(dataFile).getValue("City", row): null

2023-02-08 18:57:10 - [TEST_STEP][PASSED] - state = findTestData(dataFile).getValue("State", row): null

2023-02-08 18:57:10 - [TEST_STEP][PASSED] - zip = findTestData(dataFile).getValue("ZIP", row): null

2023-02-08 18:57:10 - [TEST_STEP][PASSED] - cardNumber = findTestData(dataFile).getValue("CardNumber", row): null

2023-02-08 18:57:10 - [TEST_STEP][PASSED] - exM = findTestData(dataFile).getValue("ExM", row): null

2023-02-08 18:57:10 - [TEST_STEP][PASSED] - exY = findTestData(dataFile).getValue("ExY", row): null

2023-02-08 18:57:10 - [TEST_STEP][PASSED] - openBrowser(VLinkURL + "auth.html"): Browser is opened with url: 'https://dev-algorithm.govolution.com/vlinktest/QA/version_2_0/auth.html'

2023-02-08 18:57:10 - [MESSAGE][WARNING] - A browser is already opened. Closing browser and opening a new one

2023-02-08 18:57:11 - [MESSAGE][INFO] - Starting 'Chrome' driver

2023-02-08 18:57:11 - [MESSAGE][INFO] - User set preference: ['acceptInsecureCerts', 'true']

2023-02-08 18:57:11 - [MESSAGE][INFO] - Action delay is set to 0 milliseconds

2023-02-08 18:57:13 - [MESSAGE][PASSED] - Browser is opened with url: 'https://dev-algorithm.govolution.com/vlinktest/QA/version_2_0/auth.html'

2023-02-08 18:57:13 - [TEST_STEP][PASSED] - maximizeWindow(): Current window maximized

2023-02-08 18:57:13 - [MESSAGE][PASSED] - Current window maximized

2023-02-08 18:57:13 - [TEST_STEP][PASSED] - maximizeWindow(): Current window maximized

2023-02-08 18:57:13 - [MESSAGE][PASSED] - Current window maximized

2023-02-08 18:57:13 - [TEST_STEP][PASSED] - setText(findTestObject("Object Repository/RecAndPlayBk/Page-Vlink-AuthOnly/txt_TransactionType"), tranType): Text '104' is set on object 'Object Repository/RecAndPlayBk/Page-Vlink-AuthOnly/txt_TransactionType'

2023-02-08 18:57:14 - [MESSAGE][PASSED] - Text '104' is set on object 'Object Repository/RecAndPlayBk/Page-Vlink-AuthOnly/txt_TransactionType'

2023-02-08 18:57:14 - [TEST_STEP][PASSED] - setText(findTestObject("Object Repository/RecAndPlayBk/Page-Vlink-AuthOnly/txt_MessageVersion"), mv): Text '2.0C' is set on object 'Object Repository/RecAndPlayBk/Page-Vlink-AuthOnly/txt_MessageVersion'

2023-02-08 18:57:15 - [MESSAGE][PASSED] - Text '2.0C' is set on object 'Object Repository/RecAndPlayBk/Page-Vlink-AuthOnly/txt_MessageVersion'

2023-02-08 18:57:15 - [TEST_STEP][PASSED] - genRemID = RandomStringUtils.random(12, true, true): null

2023-02-08 18:57:15 - [TEST_STEP][PASSED] - setText(findTestObject("Object Repository/RecAndPlayBk/Page-Vlink-AuthOnly/input_Remittance Id_remittance_id"), genRemID): Text 'cvXVV03wDERG' is set on object 'Object Repository/RecAndPlayBk/Page-Vlink-AuthOnly/input_Remittance Id_remittance_id'

2023-02-08 18:57:15 - [MESSAGE][PASSED] - Text 'cvXVV03wDERG' is set on object 'Object Repository/RecAndPlayBk/Page-Vlink-AuthOnly/input_Remittance Id_remittance_id'

2023-02-08 18:57:15 - [TEST_STEP][PASSED] - setText(findTestObject("Object Repository/RecAndPlayBk/Page-Vlink-AuthOnly/input_Application Id_application_id"), appID): Text '234' is set on object 'Object Repository/RecAndPlayBk/Page-Vlink-AuthOnly/input_Application Id_application_id'

2023-02-08 18:57:16 - [MESSAGE][PASSED] - Text '234' is set on object 'Object Repository/RecAndPlayBk/Page-Vlink-AuthOnly/input_Application Id_application_id'

2023-02-08 18:57:16 - [TEST_STEP][PASSED] - setText(findTestObject("Object Repository/RecAndPlayBk/Page-Vlink-AuthOnly/input_Username_username"), username): Text 'username' is set on object 'Object Repository/RecAndPlayBk/Page-Vlink-AuthOnly/input_Username_username'

2023-02-08 18:57:17 - [MESSAGE][PASSED] - Text 'username' is set on object 'Object Repository/RecAndPlayBk/Page-Vlink-AuthOnly/input_Username_username'

2023-02-08 18:57:17 - [TEST_STEP][PASSED] - setText(findTestObject("Object Repository/RecAndPlayBk/Page-Vlink-AuthOnly/input_Password_password"), password): Text 'password' is set on object 'Object Repository/RecAndPlayBk/Page-Vlink-AuthOnly/input_Password_password'

2023-02-08 18:57:17 - [MESSAGE][PASSED] - Text 'password' is set on object 'Object Repository/RecAndPlayBk/Page-Vlink-AuthOnly/input_Password_password'

2023-02-08 18:57:17 - [TEST_STEP][PASSED] - setText(findTestObject("Object Repository/RecAndPlayBk/Page-Vlink-AuthOnly/txt_ResponseFormat"), resFormat): Text 'fixed_width' is set on object 'Object Repository/RecAndPlayBk/Page-Vlink-AuthOnly/txt_ResponseFormat'

2023-02-08 18:57:18 - [MESSAGE][PASSED] - Text 'fixed_width' is set on object 'Object Repository/RecAndPlayBk/Page-Vlink-AuthOnly/txt_ResponseFormat'

2023-02-08 18:57:18 - [TEST_STEP][PASSED] - setText(findTestObject("Object Repository/RecAndPlayBk/Page-Vlink-AuthOnly/input_Category_category"), category): Text 'MOTO' is set on object 'Object Repository/RecAndPlayBk/Page-Vlink-AuthOnly/input_Category_category'

2023-02-08 18:57:18 - [MESSAGE][PASSED] - Text 'MOTO' is set on object 'Object Repository/RecAndPlayBk/Page-Vlink-AuthOnly/input_Category_category'

2023-02-08 18:57:18 - [TEST_STEP][PASSED] - setText(findTestObject("Object Repository/RecAndPlayBk/Page-Vlink-AuthOnly/txt_CardName"), cardName): Text 'Kris Roshan' is set on object 'Object Repository/RecAndPlayBk/Page-Vlink-AuthOnly/txt_CardName'

2023-02-08 18:57:19 - [MESSAGE][PASSED] - Text 'Kris Roshan' is set on object 'Object Repository/RecAndPlayBk/Page-Vlink-AuthOnly/txt_CardName'

2023-02-08 18:57:19 - [TEST_STEP][PASSED] - setText(findTestObject("Object Repository/RecAndPlayBk/Page-Vlink-AuthOnly/txt_AL1"), al1): Text '258 Elm Road' is set on object 'Object Repository/RecAndPlayBk/Page-Vlink-AuthOnly/txt_AL1'

2023-02-08 18:57:20 - [MESSAGE][PASSED] - Text '258 Elm Road' is set on object 'Object Repository/RecAndPlayBk/Page-Vlink-AuthOnly/txt_AL1'

2023-02-08 18:57:20 - [TEST_STEP][PASSED] - setText(findTestObject("Object Repository/RecAndPlayBk/Page-Vlink-AuthOnly/txt_CardCity"), city): Text 'Arlington' is set on object 'Object Repository/RecAndPlayBk/Page-Vlink-AuthOnly/txt_CardCity'

2023-02-08 18:57:20 - [MESSAGE][PASSED] - Text 'Arlington' is set on object 'Object Repository/RecAndPlayBk/Page-Vlink-AuthOnly/txt_CardCity'

2023-02-08 18:57:20 - [TEST_STEP][PASSED] - setText(findTestObject("Object Repository/RecAndPlayBk/Page-Vlink-AuthOnly/txt_CardState"), state): Text 'VA' is set on object 'Object Repository/RecAndPlayBk/Page-Vlink-AuthOnly/txt_CardState'

2023-02-08 18:57:21 - [MESSAGE][PASSED] - Text 'VA' is set on object 'Object Repository/RecAndPlayBk/Page-Vlink-AuthOnly/txt_CardState'

2023-02-08 18:57:21 - [TEST_STEP][PASSED] - setText(findTestObject("Object Repository/RecAndPlayBk/Page-Vlink-AuthOnly/txt_CardZIP"), zip): Text '' is set on object 'Object Repository/RecAndPlayBk/Page-Vlink-AuthOnly/txt_CardZIP'

2023-02-08 18:57:22 - [MESSAGE][PASSED] - Text '' is set on object 'Object Repository/RecAndPlayBk/Page-Vlink-AuthOnly/txt_CardZIP'

2023-02-08 18:57:22 - [TEST_STEP][PASSED] - setText(findTestObject("Object Repository/RecAndPlayBk/Page-Vlink-AuthOnly/input_Amount_amount"), amount): Text '1.50' is set on object 'Object Repository/RecAndPlayBk/Page-Vlink-AuthOnly/input_Amount_amount'

2023-02-08 18:57:22 - [MESSAGE][PASSED] - Text '1.50' is set on object 'Object Repository/RecAndPlayBk/Page-Vlink-AuthOnly/input_Amount_amount'

2023-02-08 18:57:22 - [TEST_STEP][PASSED] - setText(findTestObject("Object Repository/RecAndPlayBk/Page-Vlink-AuthOnly/input_Card number_card_number"), cardNumber): Text '4111111111111111' is set on object 'Object Repository/RecAndPlayBk/Page-Vlink-AuthOnly/input_Card number_card_number'

2023-02-08 18:57:23 - [MESSAGE][PASSED] - Text '4111111111111111' is set on object 'Object Repository/RecAndPlayBk/Page-Vlink-AuthOnly/input_Card number_card_number'

2023-02-08 18:57:23 - [TEST_STEP][PASSED] - setText(findTestObject("Object Repository/RecAndPlayBk/Page-Vlink-AuthOnly/input_Card ex month_card_exmo"), exM): Text '12' is set on object 'Object Repository/RecAndPlayBk/Page-Vlink-AuthOnly/input_Card ex month_card_exmo'

2023-02-08 18:57:23 - [MESSAGE][PASSED] - Text '12' is set on object 'Object Repository/RecAndPlayBk/Page-Vlink-AuthOnly/input_Card ex month_card_exmo'

2023-02-08 18:57:23 - [TEST_STEP][PASSED] - setText(findTestObject("Object Repository/RecAndPlayBk/Page-Vlink-AuthOnly/input_Card ex year_card_exyr"), exY): Text '2025' is set on object 'Object Repository/RecAndPlayBk/Page-Vlink-AuthOnly/input_Card ex year_card_exyr'

2023-02-08 18:57:24 - [MESSAGE][PASSED] - Text '2025' is set on object 'Object Repository/RecAndPlayBk/Page-Vlink-AuthOnly/input_Card ex year_card_exyr'

2023-02-08 18:57:24 - [TEST_STEP][PASSED] - setText(findTestObject("Object Repository/RecAndPlayBk/Page-Vlink-AuthOnly/input_Track Data_track_data"), ""): Text '' is set on object 'Object Repository/RecAndPlayBk/Page-Vlink-AuthOnly/input_Track Data_track_data'

2023-02-08 18:57:25 - [MESSAGE][PASSED] - Text '' is set on object 'Object Repository/RecAndPlayBk/Page-Vlink-AuthOnly/input_Track Data_track_data'

2023-02-08 18:57:25 - [TEST_STEP][PASSED] - setText(findTestObject("Object Repository/RecAndPlayBk/Page-Vlink-AuthOnly/input_concat(Cardholder, , s email)_email"), ""): Text '' is set on object 'Object Repository/RecAndPlayBk/Page-Vlink-AuthOnly/input_concat(Cardholder, , s email)_email'

2023-02-08 18:57:25 - [MESSAGE][PASSED] - Text '' is set on object 'Object Repository/RecAndPlayBk/Page-Vlink-AuthOnly/input_concat(Cardholder, , s email)_email'

2023-02-08 18:57:25 - [TEST_STEP][PASSED] - click(findTestObject("Object Repository/RecAndPlayBk/Page-Vlink-AuthOnly/input_user_defined10_user_defined10")): Object: 'Object Repository/RecAndPlayBk/Page-Vlink-AuthOnly/input_user_defined10_user_defined10' is clicked on

2023-02-08 18:57:26 - [MESSAGE][PASSED] - Object: 'Object Repository/RecAndPlayBk/Page-Vlink-AuthOnly/input_user_defined10_user_defined10' is clicked on

2023-02-08 18:57:26 - [TEST_STEP][PASSED] - setText(findTestObject("Object Repository/RecAndPlayBk/Page-Vlink-AuthOnly/input_Card on File Indicator_card_on_file_i_157dae"), ""): Text '' is set on object 'Object Repository/RecAndPlayBk/Page-Vlink-AuthOnly/input_Card on File Indicator_card_on_file_i_157dae'

2023-02-08 18:57:26 - [MESSAGE][PASSED] - Text '' is set on object 'Object Repository/RecAndPlayBk/Page-Vlink-AuthOnly/input_Card on File Indicator_card_on_file_i_157dae'

2023-02-08 18:57:26 - [TEST_STEP][PASSED] - setText(findTestObject("Object Repository/RecAndPlayBk/Page-Vlink-AuthOnly/input_Stored Credential Indicator_stored_cr_4ae73c"), ""): Text '' is set on object 'Object Repository/RecAndPlayBk/Page-Vlink-AuthOnly/input_Stored Credential Indicator_stored_cr_4ae73c'

2023-02-08 18:57:27 - [MESSAGE][PASSED] - Text '' is set on object 'Object Repository/RecAndPlayBk/Page-Vlink-AuthOnly/input_Stored Credential Indicator_stored_cr_4ae73c'

2023-02-08 18:57:27 - [TEST_STEP][PASSED] - setText(findTestObject("Object Repository/RecAndPlayBk/Page-Vlink-AuthOnly/input_COF Scheduled indicator_cof_scheduled_8df7d8"), ""): Text '' is set on object 'Object Repository/RecAndPlayBk/Page-Vlink-AuthOnly/input_COF Scheduled indicator_cof_scheduled_8df7d8'

2023-02-08 18:57:28 - [MESSAGE][PASSED] - Text '' is set on object 'Object Repository/RecAndPlayBk/Page-Vlink-AuthOnly/input_COF Scheduled indicator_cof_scheduled_8df7d8'

2023-02-08 18:57:28 - [TEST_STEP][PASSED] - setText(findTestObject("Object Repository/RecAndPlayBk/Page-Vlink-AuthOnly/input_COF Transaction Initiated by_cof_tran_6cded5"), ""): Text '' is set on object 'Object Repository/RecAndPlayBk/Page-Vlink-AuthOnly/input_COF Transaction Initiated by_cof_tran_6cded5'

2023-02-08 18:57:28 - [MESSAGE][PASSED] - Text '' is set on object 'Object Repository/RecAndPlayBk/Page-Vlink-AuthOnly/input_COF Transaction Initiated by_cof_tran_6cded5'

2023-02-08 18:57:28 - [TEST_STEP][PASSED] - click(findTestObject("Object Repository/RecAndPlayBk/Page-Vlink-AuthOnly/input")): Object: 'Object Repository/RecAndPlayBk/Page-Vlink-AuthOnly/input' is clicked on

2023-02-08 18:57:29 - [MESSAGE][PASSED] - Object: 'Object Repository/RecAndPlayBk/Page-Vlink-AuthOnly/input' is clicked on

2023-02-08 18:57:29 - [TEST_STEP][PASSED] - if (verifyTextPresent(errorMsg, true)): null

2023-02-08 18:57:29 - [MESSAGE][PASSED] - Text 'card_zip' is present on page  using regular expression

2023-02-08 18:57:29 - [TEST_STEP][PASSED] - println("Error Message is present on the Confirmation page"): null

2023-02-08 18:57:29 - [TEST_STEP][PASSED] - out.println("Pass Record Number: " + row): null

2023-02-08 18:57:29 - [TEST_STEP][PASSED] - resText = "Pass": null

2023-02-08 18:57:29 - [TEST_STEP][PASSED] - pages.WriteExcel.demoKey(resText, datText, resColumn, datCloumn, fileLoc, nameSheet, row): pages.WriteExcel.demoKey is PASSED

2023-02-08 18:57:29 - [MESSAGE][PASSED] - pages.WriteExcel.demoKey is PASSED

2023-02-08 18:57:29 - [TEST_STEP][PASSED] - ExecuteTC = findTestData(dataFile).getValue("Execute", row): null

2023-02-08 18:57:29 - [TEST_STEP][PASSED] - out.println("Value of Execute is : " + ExecuteTC): null

2023-02-08 18:57:29 - [TEST_STEP][PASSED] - if (ExecuteTC.equalsIgnoreCase("Y")): null

2023-02-08 18:57:29 - [TEST_STEP][PASSED] - out.println("Begin Record Number: " + row): null

2023-02-08 18:57:29 - [TEST_STEP][PASSED] - today = new java.util.Date(): null

2023-02-08 18:57:29 - [TEST_STEP][PASSED] - println(today): null

2023-02-08 18:57:29 - [TEST_STEP][PASSED] - datText = today: null

2023-02-08 18:57:29 - [TEST_STEP][PASSED] - errorMsg = findTestData(dataFile).getValue("ErrorMsg", row): null

2023-02-08 18:57:30 - [TEST_STEP][PASSED] - appID = findTestData(dataFile).getValue("AppID", row): null

2023-02-08 18:57:30 - [TEST_STEP][PASSED] - username = findTestData(dataFile).getValue("Username", row): null

2023-02-08 18:57:30 - [TEST_STEP][PASSED] - password = findTestData(dataFile).getValue("Password", row): null

2023-02-08 18:57:30 - [TEST_STEP][PASSED] - tranType = findTestData(dataFile).getValue("TranType", row): null

2023-02-08 18:57:30 - [TEST_STEP][PASSED] - mv = findTestData(dataFile).getValue("MV", row): null

2023-02-08 18:57:30 - [TEST_STEP][PASSED] - resFormat = findTestData(dataFile).getValue("ResFormat", row): null

2023-02-08 18:57:30 - [TEST_STEP][PASSED] - category = findTestData(dataFile).getValue("Category", row): null

2023-02-08 18:57:30 - [TEST_STEP][PASSED] - amount = findTestData(dataFile).getValue("Amount", row): null

2023-02-08 18:57:30 - [TEST_STEP][PASSED] - cardName = findTestData(dataFile).getValue("CardName", row): null

2023-02-08 18:57:30 - [TEST_STEP][PASSED] - al1 = findTestData(dataFile).getValue("AL1", row): null

2023-02-08 18:57:30 - [TEST_STEP][PASSED] - city = findTestData(dataFile).getValue("City", row): null

2023-02-08 18:57:30 - [TEST_STEP][PASSED] - state = findTestData(dataFile).getValue("State", row): null

2023-02-08 18:57:31 - [TEST_STEP][PASSED] - zip = findTestData(dataFile).getValue("ZIP", row): null

2023-02-08 18:57:31 - [TEST_STEP][PASSED] - cardNumber = findTestData(dataFile).getValue("CardNumber", row): null

2023-02-08 18:57:31 - [TEST_STEP][PASSED] - exM = findTestData(dataFile).getValue("ExM", row): null

2023-02-08 18:57:31 - [TEST_STEP][PASSED] - exY = findTestData(dataFile).getValue("ExY", row): null

2023-02-08 18:57:31 - [TEST_STEP][PASSED] - openBrowser(VLinkURL + "auth.html"): Browser is opened with url: 'https://dev-algorithm.govolution.com/vlinktest/QA/version_2_0/auth.html'

2023-02-08 18:57:31 - [MESSAGE][WARNING] - A browser is already opened. Closing browser and opening a new one

2023-02-08 18:57:32 - [MESSAGE][INFO] - Starting 'Chrome' driver

2023-02-08 18:57:32 - [MESSAGE][INFO] - User set preference: ['acceptInsecureCerts', 'true']

2023-02-08 18:57:32 - [MESSAGE][INFO] - Action delay is set to 0 milliseconds

2023-02-08 18:57:34 - [MESSAGE][PASSED] - Browser is opened with url: 'https://dev-algorithm.govolution.com/vlinktest/QA/version_2_0/auth.html'

2023-02-08 18:57:34 - [TEST_STEP][PASSED] - maximizeWindow(): Current window maximized

2023-02-08 18:57:34 - [MESSAGE][PASSED] - Current window maximized

2023-02-08 18:57:34 - [TEST_STEP][PASSED] - maximizeWindow(): Current window maximized

2023-02-08 18:57:34 - [MESSAGE][PASSED] - Current window maximized

2023-02-08 18:57:34 - [TEST_STEP][PASSED] - setText(findTestObject("Object Repository/RecAndPlayBk/Page-Vlink-AuthOnly/txt_TransactionType"), tranType): Text '104' is set on object 'Object Repository/RecAndPlayBk/Page-Vlink-AuthOnly/txt_TransactionType'

2023-02-08 18:57:35 - [MESSAGE][PASSED] - Text '104' is set on object 'Object Repository/RecAndPlayBk/Page-Vlink-AuthOnly/txt_TransactionType'

2023-02-08 18:57:35 - [TEST_STEP][PASSED] - setText(findTestObject("Object Repository/RecAndPlayBk/Page-Vlink-AuthOnly/txt_MessageVersion"), mv): Text '2.0C' is set on object 'Object Repository/RecAndPlayBk/Page-Vlink-AuthOnly/txt_MessageVersion'

2023-02-08 18:57:35 - [MESSAGE][PASSED] - Text '2.0C' is set on object 'Object Repository/RecAndPlayBk/Page-Vlink-AuthOnly/txt_MessageVersion'

2023-02-08 18:57:35 - [TEST_STEP][PASSED] - genRemID = RandomStringUtils.random(12, true, true): null

2023-02-08 18:57:35 - [TEST_STEP][PASSED] - setText(findTestObject("Object Repository/RecAndPlayBk/Page-Vlink-AuthOnly/input_Remittance Id_remittance_id"), genRemID): Text 'Yfg7TjLMnDtk' is set on object 'Object Repository/RecAndPlayBk/Page-Vlink-AuthOnly/input_Remittance Id_remittance_id'

2023-02-08 18:57:36 - [MESSAGE][PASSED] - Text 'Yfg7TjLMnDtk' is set on object 'Object Repository/RecAndPlayBk/Page-Vlink-AuthOnly/input_Remittance Id_remittance_id'

2023-02-08 18:57:36 - [TEST_STEP][PASSED] - setText(findTestObject("Object Repository/RecAndPlayBk/Page-Vlink-AuthOnly/input_Application Id_application_id"), appID): Text '234' is set on object 'Object Repository/RecAndPlayBk/Page-Vlink-AuthOnly/input_Application Id_application_id'

2023-02-08 18:57:36 - [MESSAGE][PASSED] - Text '234' is set on object 'Object Repository/RecAndPlayBk/Page-Vlink-AuthOnly/input_Application Id_application_id'

2023-02-08 18:57:36 - [TEST_STEP][PASSED] - setText(findTestObject("Object Repository/RecAndPlayBk/Page-Vlink-AuthOnly/input_Username_username"), username): Text 'username' is set on object 'Object Repository/RecAndPlayBk/Page-Vlink-AuthOnly/input_Username_username'

2023-02-08 18:57:37 - [MESSAGE][PASSED] - Text 'username' is set on object 'Object Repository/RecAndPlayBk/Page-Vlink-AuthOnly/input_Username_username'

2023-02-08 18:57:37 - [TEST_STEP][PASSED] - setText(findTestObject("Object Repository/RecAndPlayBk/Page-Vlink-AuthOnly/input_Password_password"), password): Text 'password' is set on object 'Object Repository/RecAndPlayBk/Page-Vlink-AuthOnly/input_Password_password'

2023-02-08 18:57:38 - [MESSAGE][PASSED] - Text 'password' is set on object 'Object Repository/RecAndPlayBk/Page-Vlink-AuthOnly/input_Password_password'

2023-02-08 18:57:38 - [TEST_STEP][PASSED] - setText(findTestObject("Object Repository/RecAndPlayBk/Page-Vlink-AuthOnly/txt_ResponseFormat"), resFormat): Text 'fixed_width' is set on object 'Object Repository/RecAndPlayBk/Page-Vlink-AuthOnly/txt_ResponseFormat'

2023-02-08 18:57:38 - [MESSAGE][PASSED] - Text 'fixed_width' is set on object 'Object Repository/RecAndPlayBk/Page-Vlink-AuthOnly/txt_ResponseFormat'

2023-02-08 18:57:38 - [TEST_STEP][PASSED] - setText(findTestObject("Object Repository/RecAndPlayBk/Page-Vlink-AuthOnly/input_Category_category"), category): Text 'ECOM' is set on object 'Object Repository/RecAndPlayBk/Page-Vlink-AuthOnly/input_Category_category'

2023-02-08 18:57:39 - [MESSAGE][PASSED] - Text 'ECOM' is set on object 'Object Repository/RecAndPlayBk/Page-Vlink-AuthOnly/input_Category_category'

2023-02-08 18:57:39 - [TEST_STEP][PASSED] - setText(findTestObject("Object Repository/RecAndPlayBk/Page-Vlink-AuthOnly/txt_CardName"), cardName): Text 'Kris Roshan' is set on object 'Object Repository/RecAndPlayBk/Page-Vlink-AuthOnly/txt_CardName'

2023-02-08 18:57:40 - [MESSAGE][PASSED] - Text 'Kris Roshan' is set on object 'Object Repository/RecAndPlayBk/Page-Vlink-AuthOnly/txt_CardName'

2023-02-08 18:57:40 - [TEST_STEP][PASSED] - setText(findTestObject("Object Repository/RecAndPlayBk/Page-Vlink-AuthOnly/txt_AL1"), al1): Text '258 Elm Road' is set on object 'Object Repository/RecAndPlayBk/Page-Vlink-AuthOnly/txt_AL1'

2023-02-08 18:57:40 - [MESSAGE][PASSED] - Text '258 Elm Road' is set on object 'Object Repository/RecAndPlayBk/Page-Vlink-AuthOnly/txt_AL1'

2023-02-08 18:57:40 - [TEST_STEP][PASSED] - setText(findTestObject("Object Repository/RecAndPlayBk/Page-Vlink-AuthOnly/txt_CardCity"), city): Text 'Arlington' is set on object 'Object Repository/RecAndPlayBk/Page-Vlink-AuthOnly/txt_CardCity'

2023-02-08 18:57:41 - [MESSAGE][PASSED] - Text 'Arlington' is set on object 'Object Repository/RecAndPlayBk/Page-Vlink-AuthOnly/txt_CardCity'

2023-02-08 18:57:41 - [TEST_STEP][PASSED] - setText(findTestObject("Object Repository/RecAndPlayBk/Page-Vlink-AuthOnly/txt_CardState"), state): Text 'VA' is set on object 'Object Repository/RecAndPlayBk/Page-Vlink-AuthOnly/txt_CardState'

2023-02-08 18:57:42 - [MESSAGE][PASSED] - Text 'VA' is set on object 'Object Repository/RecAndPlayBk/Page-Vlink-AuthOnly/txt_CardState'

2023-02-08 18:57:42 - [TEST_STEP][PASSED] - setText(findTestObject("Object Repository/RecAndPlayBk/Page-Vlink-AuthOnly/txt_CardZIP"), zip): Text '22201' is set on object 'Object Repository/RecAndPlayBk/Page-Vlink-AuthOnly/txt_CardZIP'

2023-02-08 18:57:42 - [MESSAGE][PASSED] - Text '22201' is set on object 'Object Repository/RecAndPlayBk/Page-Vlink-AuthOnly/txt_CardZIP'

2023-02-08 18:57:42 - [TEST_STEP][PASSED] - setText(findTestObject("Object Repository/RecAndPlayBk/Page-Vlink-AuthOnly/input_Amount_amount"), amount): Text '' is set on object 'Object Repository/RecAndPlayBk/Page-Vlink-AuthOnly/input_Amount_amount'

2023-02-08 18:57:43 - [MESSAGE][PASSED] - Text '' is set on object 'Object Repository/RecAndPlayBk/Page-Vlink-AuthOnly/input_Amount_amount'

2023-02-08 18:57:43 - [TEST_STEP][PASSED] - setText(findTestObject("Object Repository/RecAndPlayBk/Page-Vlink-AuthOnly/input_Card number_card_number"), cardNumber): Text '4111111111111111' is set on object 'Object Repository/RecAndPlayBk/Page-Vlink-AuthOnly/input_Card number_card_number'

2023-02-08 18:57:43 - [MESSAGE][PASSED] - Text '4111111111111111' is set on object 'Object Repository/RecAndPlayBk/Page-Vlink-AuthOnly/input_Card number_card_number'

2023-02-08 18:57:43 - [TEST_STEP][PASSED] - setText(findTestObject("Object Repository/RecAndPlayBk/Page-Vlink-AuthOnly/input_Card ex month_card_exmo"), exM): Text '12' is set on object 'Object Repository/RecAndPlayBk/Page-Vlink-AuthOnly/input_Card ex month_card_exmo'

2023-02-08 18:57:44 - [MESSAGE][PASSED] - Text '12' is set on object 'Object Repository/RecAndPlayBk/Page-Vlink-AuthOnly/input_Card ex month_card_exmo'

2023-02-08 18:57:44 - [TEST_STEP][PASSED] - setText(findTestObject("Object Repository/RecAndPlayBk/Page-Vlink-AuthOnly/input_Card ex year_card_exyr"), exY): Text '2025' is set on object 'Object Repository/RecAndPlayBk/Page-Vlink-AuthOnly/input_Card ex year_card_exyr'

2023-02-08 18:57:45 - [MESSAGE][PASSED] - Text '2025' is set on object 'Object Repository/RecAndPlayBk/Page-Vlink-AuthOnly/input_Card ex year_card_exyr'

2023-02-08 18:57:45 - [TEST_STEP][PASSED] - setText(findTestObject("Object Repository/RecAndPlayBk/Page-Vlink-AuthOnly/input_Track Data_track_data"), ""): Text '' is set on object 'Object Repository/RecAndPlayBk/Page-Vlink-AuthOnly/input_Track Data_track_data'

2023-02-08 18:57:45 - [MESSAGE][PASSED] - Text '' is set on object 'Object Repository/RecAndPlayBk/Page-Vlink-AuthOnly/input_Track Data_track_data'

2023-02-08 18:57:45 - [TEST_STEP][PASSED] - setText(findTestObject("Object Repository/RecAndPlayBk/Page-Vlink-AuthOnly/input_concat(Cardholder, , s email)_email"), ""): Text '' is set on object 'Object Repository/RecAndPlayBk/Page-Vlink-AuthOnly/input_concat(Cardholder, , s email)_email'

2023-02-08 18:57:46 - [MESSAGE][PASSED] - Text '' is set on object 'Object Repository/RecAndPlayBk/Page-Vlink-AuthOnly/input_concat(Cardholder, , s email)_email'

2023-02-08 18:57:46 - [TEST_STEP][PASSED] - click(findTestObject("Object Repository/RecAndPlayBk/Page-Vlink-AuthOnly/input_user_defined10_user_defined10")): Object: 'Object Repository/RecAndPlayBk/Page-Vlink-AuthOnly/input_user_defined10_user_defined10' is clicked on

2023-02-08 18:57:46 - [MESSAGE][PASSED] - Object: 'Object Repository/RecAndPlayBk/Page-Vlink-AuthOnly/input_user_defined10_user_defined10' is clicked on

2023-02-08 18:57:46 - [TEST_STEP][PASSED] - setText(findTestObject("Object Repository/RecAndPlayBk/Page-Vlink-AuthOnly/input_Card on File Indicator_card_on_file_i_157dae"), ""): Text '' is set on object 'Object Repository/RecAndPlayBk/Page-Vlink-AuthOnly/input_Card on File Indicator_card_on_file_i_157dae'

2023-02-08 18:57:47 - [MESSAGE][PASSED] - Text '' is set on object 'Object Repository/RecAndPlayBk/Page-Vlink-AuthOnly/input_Card on File Indicator_card_on_file_i_157dae'

2023-02-08 18:57:47 - [TEST_STEP][PASSED] - setText(findTestObject("Object Repository/RecAndPlayBk/Page-Vlink-AuthOnly/input_Stored Credential Indicator_stored_cr_4ae73c"), ""): Text '' is set on object 'Object Repository/RecAndPlayBk/Page-Vlink-AuthOnly/input_Stored Credential Indicator_stored_cr_4ae73c'

2023-02-08 18:57:47 - [MESSAGE][PASSED] - Text '' is set on object 'Object Repository/RecAndPlayBk/Page-Vlink-AuthOnly/input_Stored Credential Indicator_stored_cr_4ae73c'

2023-02-08 18:57:47 - [TEST_STEP][PASSED] - setText(findTestObject("Object Repository/RecAndPlayBk/Page-Vlink-AuthOnly/input_COF Scheduled indicator_cof_scheduled_8df7d8"), ""): Text '' is set on object 'Object Repository/RecAndPlayBk/Page-Vlink-AuthOnly/input_COF Scheduled indicator_cof_scheduled_8df7d8'

2023-02-08 18:57:48 - [MESSAGE][PASSED] - Text '' is set on object 'Object Repository/RecAndPlayBk/Page-Vlink-AuthOnly/input_COF Scheduled indicator_cof_scheduled_8df7d8'

2023-02-08 18:57:48 - [TEST_STEP][PASSED] - setText(findTestObject("Object Repository/RecAndPlayBk/Page-Vlink-AuthOnly/input_COF Transaction Initiated by_cof_tran_6cded5"), ""): Text '' is set on object 'Object Repository/RecAndPlayBk/Page-Vlink-AuthOnly/input_COF Transaction Initiated by_cof_tran_6cded5'

2023-02-08 18:57:49 - [MESSAGE][PASSED] - Text '' is set on object 'Object Repository/RecAndPlayBk/Page-Vlink-AuthOnly/input_COF Transaction Initiated by_cof_tran_6cded5'

2023-02-08 18:57:49 - [TEST_STEP][PASSED] - click(findTestObject("Object Repository/RecAndPlayBk/Page-Vlink-AuthOnly/input")): Object: 'Object Repository/RecAndPlayBk/Page-Vlink-AuthOnly/input' is clicked on

2023-02-08 18:57:49 - [MESSAGE][PASSED] - Object: 'Object Repository/RecAndPlayBk/Page-Vlink-AuthOnly/input' is clicked on

2023-02-08 18:57:49 - [TEST_STEP][PASSED] - if (verifyTextPresent(errorMsg, true)): null

2023-02-08 18:57:50 - [MESSAGE][PASSED] - Text 'amount' is present on page  using regular expression

2023-02-08 18:57:50 - [TEST_STEP][PASSED] - println("Error Message is present on the Confirmation page"): null

2023-02-08 18:57:50 - [TEST_STEP][PASSED] - out.println("Pass Record Number: " + row): null

2023-02-08 18:57:50 - [TEST_STEP][PASSED] - resText = "Pass": null

2023-02-08 18:57:50 - [TEST_STEP][PASSED] - pages.WriteExcel.demoKey(resText, datText, resColumn, datCloumn, fileLoc, nameSheet, row): pages.WriteExcel.demoKey is PASSED

2023-02-08 18:57:50 - [MESSAGE][PASSED] - pages.WriteExcel.demoKey is PASSED

2023-02-08 18:57:50 - [TEST_STEP][PASSED] - ExecuteTC = findTestData(dataFile).getValue("Execute", row): null

2023-02-08 18:57:50 - [TEST_STEP][PASSED] - out.println("Value of Execute is : " + ExecuteTC): null

2023-02-08 18:57:50 - [TEST_STEP][PASSED] - if (ExecuteTC.equalsIgnoreCase("Y")): null

2023-02-08 18:57:50 - [TEST_STEP][PASSED] - out.println("Begin Record Number: " + row): null

2023-02-08 18:57:50 - [TEST_STEP][PASSED] - today = new java.util.Date(): null

2023-02-08 18:57:50 - [TEST_STEP][PASSED] - println(today): null

2023-02-08 18:57:50 - [TEST_STEP][PASSED] - datText = today: null

2023-02-08 18:57:50 - [TEST_STEP][PASSED] - errorMsg = findTestData(dataFile).getValue("ErrorMsg", row): null

2023-02-08 18:57:50 - [TEST_STEP][PASSED] - appID = findTestData(dataFile).getValue("AppID", row): null

2023-02-08 18:57:50 - [TEST_STEP][PASSED] - username = findTestData(dataFile).getValue("Username", row): null

2023-02-08 18:57:50 - [TEST_STEP][PASSED] - password = findTestData(dataFile).getValue("Password", row): null

2023-02-08 18:57:50 - [TEST_STEP][PASSED] - tranType = findTestData(dataFile).getValue("TranType", row): null

2023-02-08 18:57:51 - [TEST_STEP][PASSED] - mv = findTestData(dataFile).getValue("MV", row): null

2023-02-08 18:57:51 - [TEST_STEP][PASSED] - resFormat = findTestData(dataFile).getValue("ResFormat", row): null

2023-02-08 18:57:51 - [TEST_STEP][PASSED] - category = findTestData(dataFile).getValue("Category", row): null

2023-02-08 18:57:51 - [TEST_STEP][PASSED] - amount = findTestData(dataFile).getValue("Amount", row): null

2023-02-08 18:57:51 - [TEST_STEP][PASSED] - cardName = findTestData(dataFile).getValue("CardName", row): null

2023-02-08 18:57:51 - [TEST_STEP][PASSED] - al1 = findTestData(dataFile).getValue("AL1", row): null

2023-02-08 18:57:51 - [TEST_STEP][PASSED] - city = findTestData(dataFile).getValue("City", row): null

2023-02-08 18:57:51 - [TEST_STEP][PASSED] - state = findTestData(dataFile).getValue("State", row): null

2023-02-08 18:57:51 - [TEST_STEP][PASSED] - zip = findTestData(dataFile).getValue("ZIP", row): null

2023-02-08 18:57:51 - [TEST_STEP][PASSED] - cardNumber = findTestData(dataFile).getValue("CardNumber", row): null

2023-02-08 18:57:51 - [TEST_STEP][PASSED] - exM = findTestData(dataFile).getValue("ExM", row): null

2023-02-08 18:57:51 - [TEST_STEP][PASSED] - exY = findTestData(dataFile).getValue("ExY", row): null

2023-02-08 18:57:52 - [TEST_STEP][PASSED] - openBrowser(VLinkURL + "auth.html"): Browser is opened with url: 'https://dev-algorithm.govolution.com/vlinktest/QA/version_2_0/auth.html'

2023-02-08 18:57:52 - [MESSAGE][WARNING] - A browser is already opened. Closing browser and opening a new one

2023-02-08 18:57:52 - [MESSAGE][INFO] - Starting 'Chrome' driver

2023-02-08 18:57:52 - [MESSAGE][INFO] - User set preference: ['acceptInsecureCerts', 'true']

2023-02-08 18:57:52 - [MESSAGE][INFO] - Action delay is set to 0 milliseconds

2023-02-08 18:57:54 - [MESSAGE][PASSED] - Browser is opened with url: 'https://dev-algorithm.govolution.com/vlinktest/QA/version_2_0/auth.html'

2023-02-08 18:57:54 - [TEST_STEP][PASSED] - maximizeWindow(): Current window maximized

2023-02-08 18:57:54 - [MESSAGE][PASSED] - Current window maximized

2023-02-08 18:57:54 - [TEST_STEP][PASSED] - maximizeWindow(): Current window maximized

2023-02-08 18:57:54 - [MESSAGE][PASSED] - Current window maximized

2023-02-08 18:57:54 - [TEST_STEP][PASSED] - setText(findTestObject("Object Repository/RecAndPlayBk/Page-Vlink-AuthOnly/txt_TransactionType"), tranType): Text '104' is set on object 'Object Repository/RecAndPlayBk/Page-Vlink-AuthOnly/txt_TransactionType'

2023-02-08 18:57:55 - [MESSAGE][PASSED] - Text '104' is set on object 'Object Repository/RecAndPlayBk/Page-Vlink-AuthOnly/txt_TransactionType'

2023-02-08 18:57:55 - [TEST_STEP][PASSED] - setText(findTestObject("Object Repository/RecAndPlayBk/Page-Vlink-AuthOnly/txt_MessageVersion"), mv): Text '2.0C' is set on object 'Object Repository/RecAndPlayBk/Page-Vlink-AuthOnly/txt_MessageVersion'

2023-02-08 18:57:56 - [MESSAGE][PASSED] - Text '2.0C' is set on object 'Object Repository/RecAndPlayBk/Page-Vlink-AuthOnly/txt_MessageVersion'

2023-02-08 18:57:56 - [TEST_STEP][PASSED] - genRemID = RandomStringUtils.random(12, true, true): null

2023-02-08 18:57:56 - [TEST_STEP][PASSED] - setText(findTestObject("Object Repository/RecAndPlayBk/Page-Vlink-AuthOnly/input_Remittance Id_remittance_id"), genRemID): Text 'VvX8JrF11s0D' is set on object 'Object Repository/RecAndPlayBk/Page-Vlink-AuthOnly/input_Remittance Id_remittance_id'

2023-02-08 18:57:56 - [MESSAGE][PASSED] - Text 'VvX8JrF11s0D' is set on object 'Object Repository/RecAndPlayBk/Page-Vlink-AuthOnly/input_Remittance Id_remittance_id'

2023-02-08 18:57:56 - [TEST_STEP][PASSED] - setText(findTestObject("Object Repository/RecAndPlayBk/Page-Vlink-AuthOnly/input_Application Id_application_id"), appID): Text '234' is set on object 'Object Repository/RecAndPlayBk/Page-Vlink-AuthOnly/input_Application Id_application_id'

2023-02-08 18:57:57 - [MESSAGE][PASSED] - Text '234' is set on object 'Object Repository/RecAndPlayBk/Page-Vlink-AuthOnly/input_Application Id_application_id'

2023-02-08 18:57:57 - [TEST_STEP][PASSED] - setText(findTestObject("Object Repository/RecAndPlayBk/Page-Vlink-AuthOnly/input_Username_username"), username): Text 'username' is set on object 'Object Repository/RecAndPlayBk/Page-Vlink-AuthOnly/input_Username_username'

2023-02-08 18:57:58 - [MESSAGE][PASSED] - Text 'username' is set on object 'Object Repository/RecAndPlayBk/Page-Vlink-AuthOnly/input_Username_username'

2023-02-08 18:57:58 - [TEST_STEP][PASSED] - setText(findTestObject("Object Repository/RecAndPlayBk/Page-Vlink-AuthOnly/input_Password_password"), password): Text 'password' is set on object 'Object Repository/RecAndPlayBk/Page-Vlink-AuthOnly/input_Password_password'

2023-02-08 18:57:58 - [MESSAGE][PASSED] - Text 'password' is set on object 'Object Repository/RecAndPlayBk/Page-Vlink-AuthOnly/input_Password_password'

2023-02-08 18:57:58 - [TEST_STEP][PASSED] - setText(findTestObject("Object Repository/RecAndPlayBk/Page-Vlink-AuthOnly/txt_ResponseFormat"), resFormat): Text 'fixed_width' is set on object 'Object Repository/RecAndPlayBk/Page-Vlink-AuthOnly/txt_ResponseFormat'

2023-02-08 18:57:59 - [MESSAGE][PASSED] - Text 'fixed_width' is set on object 'Object Repository/RecAndPlayBk/Page-Vlink-AuthOnly/txt_ResponseFormat'

2023-02-08 18:57:59 - [TEST_STEP][PASSED] - setText(findTestObject("Object Repository/RecAndPlayBk/Page-Vlink-AuthOnly/input_Category_category"), category): Text 'MOTO' is set on object 'Object Repository/RecAndPlayBk/Page-Vlink-AuthOnly/input_Category_category'

2023-02-08 18:58:00 - [MESSAGE][PASSED] - Text 'MOTO' is set on object 'Object Repository/RecAndPlayBk/Page-Vlink-AuthOnly/input_Category_category'

2023-02-08 18:58:00 - [TEST_STEP][PASSED] - setText(findTestObject("Object Repository/RecAndPlayBk/Page-Vlink-AuthOnly/txt_CardName"), cardName): Text 'Kris Roshan' is set on object 'Object Repository/RecAndPlayBk/Page-Vlink-AuthOnly/txt_CardName'

2023-02-08 18:58:00 - [MESSAGE][PASSED] - Text 'Kris Roshan' is set on object 'Object Repository/RecAndPlayBk/Page-Vlink-AuthOnly/txt_CardName'

2023-02-08 18:58:00 - [TEST_STEP][PASSED] - setText(findTestObject("Object Repository/RecAndPlayBk/Page-Vlink-AuthOnly/txt_AL1"), al1): Text '258 Elm Road' is set on object 'Object Repository/RecAndPlayBk/Page-Vlink-AuthOnly/txt_AL1'

2023-02-08 18:58:01 - [MESSAGE][PASSED] - Text '258 Elm Road' is set on object 'Object Repository/RecAndPlayBk/Page-Vlink-AuthOnly/txt_AL1'

2023-02-08 18:58:01 - [TEST_STEP][PASSED] - setText(findTestObject("Object Repository/RecAndPlayBk/Page-Vlink-AuthOnly/txt_CardCity"), city): Text 'Arlington' is set on object 'Object Repository/RecAndPlayBk/Page-Vlink-AuthOnly/txt_CardCity'

2023-02-08 18:58:01 - [MESSAGE][PASSED] - Text 'Arlington' is set on object 'Object Repository/RecAndPlayBk/Page-Vlink-AuthOnly/txt_CardCity'

2023-02-08 18:58:01 - [TEST_STEP][PASSED] - setText(findTestObject("Object Repository/RecAndPlayBk/Page-Vlink-AuthOnly/txt_CardState"), state): Text 'VA' is set on object 'Object Repository/RecAndPlayBk/Page-Vlink-AuthOnly/txt_CardState'

2023-02-08 18:58:02 - [MESSAGE][PASSED] - Text 'VA' is set on object 'Object Repository/RecAndPlayBk/Page-Vlink-AuthOnly/txt_CardState'

2023-02-08 18:58:02 - [TEST_STEP][PASSED] - setText(findTestObject("Object Repository/RecAndPlayBk/Page-Vlink-AuthOnly/txt_CardZIP"), zip): Text '22201' is set on object 'Object Repository/RecAndPlayBk/Page-Vlink-AuthOnly/txt_CardZIP'

2023-02-08 18:58:03 - [MESSAGE][PASSED] - Text '22201' is set on object 'Object Repository/RecAndPlayBk/Page-Vlink-AuthOnly/txt_CardZIP'

2023-02-08 18:58:03 - [TEST_STEP][PASSED] - setText(findTestObject("Object Repository/RecAndPlayBk/Page-Vlink-AuthOnly/input_Amount_amount"), amount): Text '' is set on object 'Object Repository/RecAndPlayBk/Page-Vlink-AuthOnly/input_Amount_amount'

2023-02-08 18:58:03 - [MESSAGE][PASSED] - Text '' is set on object 'Object Repository/RecAndPlayBk/Page-Vlink-AuthOnly/input_Amount_amount'

2023-02-08 18:58:03 - [TEST_STEP][PASSED] - setText(findTestObject("Object Repository/RecAndPlayBk/Page-Vlink-AuthOnly/input_Card number_card_number"), cardNumber): Text '4111111111111111' is set on object 'Object Repository/RecAndPlayBk/Page-Vlink-AuthOnly/input_Card number_card_number'

2023-02-08 18:58:04 - [MESSAGE][PASSED] - Text '4111111111111111' is set on object 'Object Repository/RecAndPlayBk/Page-Vlink-AuthOnly/input_Card number_card_number'

2023-02-08 18:58:04 - [TEST_STEP][PASSED] - setText(findTestObject("Object Repository/RecAndPlayBk/Page-Vlink-AuthOnly/input_Card ex month_card_exmo"), exM): Text '12' is set on object 'Object Repository/RecAndPlayBk/Page-Vlink-AuthOnly/input_Card ex month_card_exmo'

2023-02-08 18:58:05 - [MESSAGE][PASSED] - Text '12' is set on object 'Object Repository/RecAndPlayBk/Page-Vlink-AuthOnly/input_Card ex month_card_exmo'

2023-02-08 18:58:05 - [TEST_STEP][PASSED] - setText(findTestObject("Object Repository/RecAndPlayBk/Page-Vlink-AuthOnly/input_Card ex year_card_exyr"), exY): Text '2025' is set on object 'Object Repository/RecAndPlayBk/Page-Vlink-AuthOnly/input_Card ex year_card_exyr'

2023-02-08 18:58:05 - [MESSAGE][PASSED] - Text '2025' is set on object 'Object Repository/RecAndPlayBk/Page-Vlink-AuthOnly/input_Card ex year_card_exyr'

2023-02-08 18:58:05 - [TEST_STEP][PASSED] - setText(findTestObject("Object Repository/RecAndPlayBk/Page-Vlink-AuthOnly/input_Track Data_track_data"), ""): Text '' is set on object 'Object Repository/RecAndPlayBk/Page-Vlink-AuthOnly/input_Track Data_track_data'

2023-02-08 18:58:06 - [MESSAGE][PASSED] - Text '' is set on object 'Object Repository/RecAndPlayBk/Page-Vlink-AuthOnly/input_Track Data_track_data'

2023-02-08 18:58:06 - [TEST_STEP][PASSED] - setText(findTestObject("Object Repository/RecAndPlayBk/Page-Vlink-AuthOnly/input_concat(Cardholder, , s email)_email"), ""): Text '' is set on object 'Object Repository/RecAndPlayBk/Page-Vlink-AuthOnly/input_concat(Cardholder, , s email)_email'

2023-02-08 18:58:06 - [MESSAGE][PASSED] - Text '' is set on object 'Object Repository/RecAndPlayBk/Page-Vlink-AuthOnly/input_concat(Cardholder, , s email)_email'

2023-02-08 18:58:06 - [TEST_STEP][PASSED] - click(findTestObject("Object Repository/RecAndPlayBk/Page-Vlink-AuthOnly/input_user_defined10_user_defined10")): Object: 'Object Repository/RecAndPlayBk/Page-Vlink-AuthOnly/input_user_defined10_user_defined10' is clicked on

2023-02-08 18:58:07 - [MESSAGE][PASSED] - Object: 'Object Repository/RecAndPlayBk/Page-Vlink-AuthOnly/input_user_defined10_user_defined10' is clicked on

2023-02-08 18:58:07 - [TEST_STEP][PASSED] - setText(findTestObject("Object Repository/RecAndPlayBk/Page-Vlink-AuthOnly/input_Card on File Indicator_card_on_file_i_157dae"), ""): Text '' is set on object 'Object Repository/RecAndPlayBk/Page-Vlink-AuthOnly/input_Card on File Indicator_card_on_file_i_157dae'

2023-02-08 18:58:07 - [MESSAGE][PASSED] - Text '' is set on object 'Object Repository/RecAndPlayBk/Page-Vlink-AuthOnly/input_Card on File Indicator_card_on_file_i_157dae'

2023-02-08 18:58:07 - [TEST_STEP][PASSED] - setText(findTestObject("Object Repository/RecAndPlayBk/Page-Vlink-AuthOnly/input_Stored Credential Indicator_stored_cr_4ae73c"), ""): Text '' is set on object 'Object Repository/RecAndPlayBk/Page-Vlink-AuthOnly/input_Stored Credential Indicator_stored_cr_4ae73c'

2023-02-08 18:58:08 - [MESSAGE][PASSED] - Text '' is set on object 'Object Repository/RecAndPlayBk/Page-Vlink-AuthOnly/input_Stored Credential Indicator_stored_cr_4ae73c'

2023-02-08 18:58:08 - [TEST_STEP][PASSED] - setText(findTestObject("Object Repository/RecAndPlayBk/Page-Vlink-AuthOnly/input_COF Scheduled indicator_cof_scheduled_8df7d8"), ""): Text '' is set on object 'Object Repository/RecAndPlayBk/Page-Vlink-AuthOnly/input_COF Scheduled indicator_cof_scheduled_8df7d8'

2023-02-08 18:58:09 - [MESSAGE][PASSED] - Text '' is set on object 'Object Repository/RecAndPlayBk/Page-Vlink-AuthOnly/input_COF Scheduled indicator_cof_scheduled_8df7d8'

2023-02-08 18:58:09 - [TEST_STEP][PASSED] - setText(findTestObject("Object Repository/RecAndPlayBk/Page-Vlink-AuthOnly/input_COF Transaction Initiated by_cof_tran_6cded5"), ""): Text '' is set on object 'Object Repository/RecAndPlayBk/Page-Vlink-AuthOnly/input_COF Transaction Initiated by_cof_tran_6cded5'

2023-02-08 18:58:09 - [MESSAGE][PASSED] - Text '' is set on object 'Object Repository/RecAndPlayBk/Page-Vlink-AuthOnly/input_COF Transaction Initiated by_cof_tran_6cded5'

2023-02-08 18:58:09 - [TEST_STEP][PASSED] - click(findTestObject("Object Repository/RecAndPlayBk/Page-Vlink-AuthOnly/input")): Object: 'Object Repository/RecAndPlayBk/Page-Vlink-AuthOnly/input' is clicked on

2023-02-08 18:58:10 - [MESSAGE][PASSED] - Object: 'Object Repository/RecAndPlayBk/Page-Vlink-AuthOnly/input' is clicked on

2023-02-08 18:58:10 - [TEST_STEP][PASSED] - if (verifyTextPresent(errorMsg, true)): null

2023-02-08 18:58:10 - [MESSAGE][PASSED] - Text 'amount' is present on page  using regular expression

2023-02-08 18:58:10 - [TEST_STEP][PASSED] - println("Error Message is present on the Confirmation page"): null

2023-02-08 18:58:10 - [TEST_STEP][PASSED] - out.println("Pass Record Number: " + row): null

2023-02-08 18:58:10 - [TEST_STEP][PASSED] - resText = "Pass": null

2023-02-08 18:58:10 - [TEST_STEP][PASSED] - pages.WriteExcel.demoKey(resText, datText, resColumn, datCloumn, fileLoc, nameSheet, row): pages.WriteExcel.demoKey is PASSED

2023-02-08 18:58:10 - [MESSAGE][PASSED] - pages.WriteExcel.demoKey is PASSED

2023-02-08 18:58:10 - [TEST_STEP][PASSED] - ExecuteTC = findTestData(dataFile).getValue("Execute", row): null

2023-02-08 18:58:11 - [TEST_STEP][PASSED] - out.println("Value of Execute is : " + ExecuteTC): null

2023-02-08 18:58:11 - [TEST_STEP][PASSED] - if (ExecuteTC.equalsIgnoreCase("Y")): null

2023-02-08 18:58:11 - [TEST_STEP][PASSED] - out.println("Begin Record Number: " + row): null

2023-02-08 18:58:11 - [TEST_STEP][PASSED] - today = new java.util.Date(): null

2023-02-08 18:58:11 - [TEST_STEP][PASSED] - println(today): null

2023-02-08 18:58:11 - [TEST_STEP][PASSED] - datText = today: null

2023-02-08 18:58:11 - [TEST_STEP][PASSED] - errorMsg = findTestData(dataFile).getValue("ErrorMsg", row): null

2023-02-08 18:58:11 - [TEST_STEP][PASSED] - appID = findTestData(dataFile).getValue("AppID", row): null

2023-02-08 18:58:11 - [TEST_STEP][PASSED] - username = findTestData(dataFile).getValue("Username", row): null

2023-02-08 18:58:11 - [TEST_STEP][PASSED] - password = findTestData(dataFile).getValue("Password", row): null

2023-02-08 18:58:11 - [TEST_STEP][PASSED] - tranType = findTestData(dataFile).getValue("TranType", row): null

2023-02-08 18:58:11 - [TEST_STEP][PASSED] - mv = findTestData(dataFile).getValue("MV", row): null

2023-02-08 18:58:11 - [TEST_STEP][PASSED] - resFormat = findTestData(dataFile).getValue("ResFormat", row): null

2023-02-08 18:58:11 - [TEST_STEP][PASSED] - category = findTestData(dataFile).getValue("Category", row): null

2023-02-08 18:58:11 - [TEST_STEP][PASSED] - amount = findTestData(dataFile).getValue("Amount", row): null

2023-02-08 18:58:11 - [TEST_STEP][PASSED] - cardName = findTestData(dataFile).getValue("CardName", row): null

2023-02-08 18:58:11 - [TEST_STEP][PASSED] - al1 = findTestData(dataFile).getValue("AL1", row): null

2023-02-08 18:58:11 - [TEST_STEP][PASSED] - city = findTestData(dataFile).getValue("City", row): null

2023-02-08 18:58:12 - [TEST_STEP][PASSED] - state = findTestData(dataFile).getValue("State", row): null

2023-02-08 18:58:12 - [TEST_STEP][PASSED] - zip = findTestData(dataFile).getValue("ZIP", row): null

2023-02-08 18:58:12 - [TEST_STEP][PASSED] - cardNumber = findTestData(dataFile).getValue("CardNumber", row): null

2023-02-08 18:58:12 - [TEST_STEP][PASSED] - exM = findTestData(dataFile).getValue("ExM", row): null

2023-02-08 18:58:12 - [TEST_STEP][PASSED] - exY = findTestData(dataFile).getValue("ExY", row): null

2023-02-08 18:58:12 - [TEST_STEP][PASSED] - openBrowser(VLinkURL + "auth.html"): Browser is opened with url: 'https://dev-algorithm.govolution.com/vlinktest/QA/version_2_0/auth.html'

2023-02-08 18:58:12 - [MESSAGE][WARNING] - A browser is already opened. Closing browser and opening a new one

2023-02-08 18:58:13 - [MESSAGE][INFO] - Starting 'Chrome' driver

2023-02-08 18:58:13 - [MESSAGE][INFO] - User set preference: ['acceptInsecureCerts', 'true']

2023-02-08 18:58:13 - [MESSAGE][INFO] - Action delay is set to 0 milliseconds

2023-02-08 18:58:15 - [MESSAGE][PASSED] - Browser is opened with url: 'https://dev-algorithm.govolution.com/vlinktest/QA/version_2_0/auth.html'

2023-02-08 18:58:15 - [TEST_STEP][PASSED] - maximizeWindow(): Current window maximized

2023-02-08 18:58:15 - [MESSAGE][PASSED] - Current window maximized

2023-02-08 18:58:15 - [TEST_STEP][PASSED] - maximizeWindow(): Current window maximized

2023-02-08 18:58:15 - [MESSAGE][PASSED] - Current window maximized

2023-02-08 18:58:15 - [TEST_STEP][PASSED] - setText(findTestObject("Object Repository/RecAndPlayBk/Page-Vlink-AuthOnly/txt_TransactionType"), tranType): Text '104' is set on object 'Object Repository/RecAndPlayBk/Page-Vlink-AuthOnly/txt_TransactionType'

2023-02-08 18:58:16 - [MESSAGE][PASSED] - Text '104' is set on object 'Object Repository/RecAndPlayBk/Page-Vlink-AuthOnly/txt_TransactionType'

2023-02-08 18:58:16 - [TEST_STEP][PASSED] - setText(findTestObject("Object Repository/RecAndPlayBk/Page-Vlink-AuthOnly/txt_MessageVersion"), mv): Text '2.0C' is set on object 'Object Repository/RecAndPlayBk/Page-Vlink-AuthOnly/txt_MessageVersion'

2023-02-08 18:58:16 - [MESSAGE][PASSED] - Text '2.0C' is set on object 'Object Repository/RecAndPlayBk/Page-Vlink-AuthOnly/txt_MessageVersion'

2023-02-08 18:58:16 - [TEST_STEP][PASSED] - genRemID = RandomStringUtils.random(12, true, true): null

2023-02-08 18:58:16 - [TEST_STEP][PASSED] - setText(findTestObject("Object Repository/RecAndPlayBk/Page-Vlink-AuthOnly/input_Remittance Id_remittance_id"), genRemID): Text 'yhAQxDw90wpa' is set on object 'Object Repository/RecAndPlayBk/Page-Vlink-AuthOnly/input_Remittance Id_remittance_id'

2023-02-08 18:58:17 - [MESSAGE][PASSED] - Text 'yhAQxDw90wpa' is set on object 'Object Repository/RecAndPlayBk/Page-Vlink-AuthOnly/input_Remittance Id_remittance_id'

2023-02-08 18:58:17 - [TEST_STEP][PASSED] - setText(findTestObject("Object Repository/RecAndPlayBk/Page-Vlink-AuthOnly/input_Application Id_application_id"), appID): Text '234' is set on object 'Object Repository/RecAndPlayBk/Page-Vlink-AuthOnly/input_Application Id_application_id'

2023-02-08 18:58:18 - [MESSAGE][PASSED] - Text '234' is set on object 'Object Repository/RecAndPlayBk/Page-Vlink-AuthOnly/input_Application Id_application_id'

2023-02-08 18:58:18 - [TEST_STEP][PASSED] - setText(findTestObject("Object Repository/RecAndPlayBk/Page-Vlink-AuthOnly/input_Username_username"), username): Text 'username' is set on object 'Object Repository/RecAndPlayBk/Page-Vlink-AuthOnly/input_Username_username'

2023-02-08 18:58:18 - [MESSAGE][PASSED] - Text 'username' is set on object 'Object Repository/RecAndPlayBk/Page-Vlink-AuthOnly/input_Username_username'

2023-02-08 18:58:18 - [TEST_STEP][PASSED] - setText(findTestObject("Object Repository/RecAndPlayBk/Page-Vlink-AuthOnly/input_Password_password"), password): Text 'password' is set on object 'Object Repository/RecAndPlayBk/Page-Vlink-AuthOnly/input_Password_password'

2023-02-08 18:58:19 - [MESSAGE][PASSED] - Text 'password' is set on object 'Object Repository/RecAndPlayBk/Page-Vlink-AuthOnly/input_Password_password'

2023-02-08 18:58:19 - [TEST_STEP][PASSED] - setText(findTestObject("Object Repository/RecAndPlayBk/Page-Vlink-AuthOnly/txt_ResponseFormat"), resFormat): Text 'fixed_width' is set on object 'Object Repository/RecAndPlayBk/Page-Vlink-AuthOnly/txt_ResponseFormat'

2023-02-08 18:58:20 - [MESSAGE][PASSED] - Text 'fixed_width' is set on object 'Object Repository/RecAndPlayBk/Page-Vlink-AuthOnly/txt_ResponseFormat'

2023-02-08 18:58:20 - [TEST_STEP][PASSED] - setText(findTestObject("Object Repository/RecAndPlayBk/Page-Vlink-AuthOnly/input_Category_category"), category): Text 'RETL' is set on object 'Object Repository/RecAndPlayBk/Page-Vlink-AuthOnly/input_Category_category'

2023-02-08 18:58:20 - [MESSAGE][PASSED] - Text 'RETL' is set on object 'Object Repository/RecAndPlayBk/Page-Vlink-AuthOnly/input_Category_category'

2023-02-08 18:58:20 - [TEST_STEP][PASSED] - setText(findTestObject("Object Repository/RecAndPlayBk/Page-Vlink-AuthOnly/txt_CardName"), cardName): Text 'Kris Roshan' is set on object 'Object Repository/RecAndPlayBk/Page-Vlink-AuthOnly/txt_CardName'

2023-02-08 18:58:21 - [MESSAGE][PASSED] - Text 'Kris Roshan' is set on object 'Object Repository/RecAndPlayBk/Page-Vlink-AuthOnly/txt_CardName'

2023-02-08 18:58:21 - [TEST_STEP][PASSED] - setText(findTestObject("Object Repository/RecAndPlayBk/Page-Vlink-AuthOnly/txt_AL1"), al1): Text '258 Elm Road' is set on object 'Object Repository/RecAndPlayBk/Page-Vlink-AuthOnly/txt_AL1'

2023-02-08 18:58:22 - [MESSAGE][PASSED] - Text '258 Elm Road' is set on object 'Object Repository/RecAndPlayBk/Page-Vlink-AuthOnly/txt_AL1'

2023-02-08 18:58:22 - [TEST_STEP][PASSED] - setText(findTestObject("Object Repository/RecAndPlayBk/Page-Vlink-AuthOnly/txt_CardCity"), city): Text 'Arlington' is set on object 'Object Repository/RecAndPlayBk/Page-Vlink-AuthOnly/txt_CardCity'

2023-02-08 18:58:22 - [MESSAGE][PASSED] - Text 'Arlington' is set on object 'Object Repository/RecAndPlayBk/Page-Vlink-AuthOnly/txt_CardCity'

2023-02-08 18:58:22 - [TEST_STEP][PASSED] - setText(findTestObject("Object Repository/RecAndPlayBk/Page-Vlink-AuthOnly/txt_CardState"), state): Text 'VA' is set on object 'Object Repository/RecAndPlayBk/Page-Vlink-AuthOnly/txt_CardState'

2023-02-08 18:58:23 - [MESSAGE][PASSED] - Text 'VA' is set on object 'Object Repository/RecAndPlayBk/Page-Vlink-AuthOnly/txt_CardState'

2023-02-08 18:58:23 - [TEST_STEP][PASSED] - setText(findTestObject("Object Repository/RecAndPlayBk/Page-Vlink-AuthOnly/txt_CardZIP"), zip): Text '22201' is set on object 'Object Repository/RecAndPlayBk/Page-Vlink-AuthOnly/txt_CardZIP'

2023-02-08 18:58:23 - [MESSAGE][PASSED] - Text '22201' is set on object 'Object Repository/RecAndPlayBk/Page-Vlink-AuthOnly/txt_CardZIP'

2023-02-08 18:58:23 - [TEST_STEP][PASSED] - setText(findTestObject("Object Repository/RecAndPlayBk/Page-Vlink-AuthOnly/input_Amount_amount"), amount): Text '' is set on object 'Object Repository/RecAndPlayBk/Page-Vlink-AuthOnly/input_Amount_amount'

2023-02-08 18:58:24 - [MESSAGE][PASSED] - Text '' is set on object 'Object Repository/RecAndPlayBk/Page-Vlink-AuthOnly/input_Amount_amount'

2023-02-08 18:58:24 - [TEST_STEP][PASSED] - setText(findTestObject("Object Repository/RecAndPlayBk/Page-Vlink-AuthOnly/input_Card number_card_number"), cardNumber): Text '4111111111111111' is set on object 'Object Repository/RecAndPlayBk/Page-Vlink-AuthOnly/input_Card number_card_number'

2023-02-08 18:58:25 - [MESSAGE][PASSED] - Text '4111111111111111' is set on object 'Object Repository/RecAndPlayBk/Page-Vlink-AuthOnly/input_Card number_card_number'

2023-02-08 18:58:25 - [TEST_STEP][PASSED] - setText(findTestObject("Object Repository/RecAndPlayBk/Page-Vlink-AuthOnly/input_Card ex month_card_exmo"), exM): Text '12' is set on object 'Object Repository/RecAndPlayBk/Page-Vlink-AuthOnly/input_Card ex month_card_exmo'

2023-02-08 18:58:25 - [MESSAGE][PASSED] - Text '12' is set on object 'Object Repository/RecAndPlayBk/Page-Vlink-AuthOnly/input_Card ex month_card_exmo'

2023-02-08 18:58:25 - [TEST_STEP][PASSED] - setText(findTestObject("Object Repository/RecAndPlayBk/Page-Vlink-AuthOnly/input_Card ex year_card_exyr"), exY): Text '2025' is set on object 'Object Repository/RecAndPlayBk/Page-Vlink-AuthOnly/input_Card ex year_card_exyr'

2023-02-08 18:58:26 - [MESSAGE][PASSED] - Text '2025' is set on object 'Object Repository/RecAndPlayBk/Page-Vlink-AuthOnly/input_Card ex year_card_exyr'

2023-02-08 18:58:26 - [TEST_STEP][PASSED] - setText(findTestObject("Object Repository/RecAndPlayBk/Page-Vlink-AuthOnly/input_Track Data_track_data"), ""): Text '' is set on object 'Object Repository/RecAndPlayBk/Page-Vlink-AuthOnly/input_Track Data_track_data'

2023-02-08 18:58:27 - [MESSAGE][PASSED] - Text '' is set on object 'Object Repository/RecAndPlayBk/Page-Vlink-AuthOnly/input_Track Data_track_data'

2023-02-08 18:58:27 - [TEST_STEP][PASSED] - setText(findTestObject("Object Repository/RecAndPlayBk/Page-Vlink-AuthOnly/input_concat(Cardholder, , s email)_email"), ""): Text '' is set on object 'Object Repository/RecAndPlayBk/Page-Vlink-AuthOnly/input_concat(Cardholder, , s email)_email'

2023-02-08 18:58:27 - [MESSAGE][PASSED] - Text '' is set on object 'Object Repository/RecAndPlayBk/Page-Vlink-AuthOnly/input_concat(Cardholder, , s email)_email'

2023-02-08 18:58:27 - [TEST_STEP][PASSED] - click(findTestObject("Object Repository/RecAndPlayBk/Page-Vlink-AuthOnly/input_user_defined10_user_defined10")): Object: 'Object Repository/RecAndPlayBk/Page-Vlink-AuthOnly/input_user_defined10_user_defined10' is clicked on

2023-02-08 18:58:28 - [MESSAGE][PASSED] - Object: 'Object Repository/RecAndPlayBk/Page-Vlink-AuthOnly/input_user_defined10_user_defined10' is clicked on

2023-02-08 18:58:28 - [TEST_STEP][PASSED] - setText(findTestObject("Object Repository/RecAndPlayBk/Page-Vlink-AuthOnly/input_Card on File Indicator_card_on_file_i_157dae"), ""): Text '' is set on object 'Object Repository/RecAndPlayBk/Page-Vlink-AuthOnly/input_Card on File Indicator_card_on_file_i_157dae'

2023-02-08 18:58:28 - [MESSAGE][PASSED] - Text '' is set on object 'Object Repository/RecAndPlayBk/Page-Vlink-AuthOnly/input_Card on File Indicator_card_on_file_i_157dae'

2023-02-08 18:58:28 - [TEST_STEP][PASSED] - setText(findTestObject("Object Repository/RecAndPlayBk/Page-Vlink-AuthOnly/input_Stored Credential Indicator_stored_cr_4ae73c"), ""): Text '' is set on object 'Object Repository/RecAndPlayBk/Page-Vlink-AuthOnly/input_Stored Credential Indicator_stored_cr_4ae73c'

2023-02-08 18:58:29 - [MESSAGE][PASSED] - Text '' is set on object 'Object Repository/RecAndPlayBk/Page-Vlink-AuthOnly/input_Stored Credential Indicator_stored_cr_4ae73c'

2023-02-08 18:58:29 - [TEST_STEP][PASSED] - setText(findTestObject("Object Repository/RecAndPlayBk/Page-Vlink-AuthOnly/input_COF Scheduled indicator_cof_scheduled_8df7d8"), ""): Text '' is set on object 'Object Repository/RecAndPlayBk/Page-Vlink-AuthOnly/input_COF Scheduled indicator_cof_scheduled_8df7d8'

2023-02-08 18:58:29 - [MESSAGE][PASSED] - Text '' is set on object 'Object Repository/RecAndPlayBk/Page-Vlink-AuthOnly/input_COF Scheduled indicator_cof_scheduled_8df7d8'

2023-02-08 18:58:29 - [TEST_STEP][PASSED] - setText(findTestObject("Object Repository/RecAndPlayBk/Page-Vlink-AuthOnly/input_COF Transaction Initiated by_cof_tran_6cded5"), ""): Text '' is set on object 'Object Repository/RecAndPlayBk/Page-Vlink-AuthOnly/input_COF Transaction Initiated by_cof_tran_6cded5'

2023-02-08 18:58:30 - [MESSAGE][PASSED] - Text '' is set on object 'Object Repository/RecAndPlayBk/Page-Vlink-AuthOnly/input_COF Transaction Initiated by_cof_tran_6cded5'

2023-02-08 18:58:30 - [TEST_STEP][PASSED] - click(findTestObject("Object Repository/RecAndPlayBk/Page-Vlink-AuthOnly/input")): Object: 'Object Repository/RecAndPlayBk/Page-Vlink-AuthOnly/input' is clicked on

2023-02-08 18:58:31 - [MESSAGE][PASSED] - Object: 'Object Repository/RecAndPlayBk/Page-Vlink-AuthOnly/input' is clicked on

2023-02-08 18:58:31 - [TEST_STEP][PASSED] - if (verifyTextPresent(errorMsg, true)): null

2023-02-08 18:58:31 - [MESSAGE][PASSED] - Text 'amount' is present on page  using regular expression

2023-02-08 18:58:31 - [TEST_STEP][PASSED] - println("Error Message is present on the Confirmation page"): null

2023-02-08 18:58:31 - [TEST_STEP][PASSED] - out.println("Pass Record Number: " + row): null

2023-02-08 18:58:31 - [TEST_STEP][PASSED] - resText = "Pass": null

2023-02-08 18:58:31 - [TEST_STEP][PASSED] - pages.WriteExcel.demoKey(resText, datText, resColumn, datCloumn, fileLoc, nameSheet, row): pages.WriteExcel.demoKey is PASSED

2023-02-08 18:58:31 - [MESSAGE][PASSED] - pages.WriteExcel.demoKey is PASSED

2023-02-08 18:58:31 - [TEST_STEP][PASSED] - ExecuteTC = findTestData(dataFile).getValue("Execute", row): null

2023-02-08 18:58:31 - [TEST_STEP][PASSED] - out.println("Value of Execute is : " + ExecuteTC): null

2023-02-08 18:58:31 - [TEST_STEP][PASSED] - if (ExecuteTC.equalsIgnoreCase("Y")): null

2023-02-08 18:58:31 - [TEST_STEP][PASSED] - out.println("Begin Record Number: " + row): null

2023-02-08 18:58:31 - [TEST_STEP][PASSED] - today = new java.util.Date(): null

2023-02-08 18:58:31 - [TEST_STEP][PASSED] - println(today): null

2023-02-08 18:58:31 - [TEST_STEP][PASSED] - datText = today: null

2023-02-08 18:58:31 - [TEST_STEP][PASSED] - errorMsg = findTestData(dataFile).getValue("ErrorMsg", row): null

2023-02-08 18:58:31 - [TEST_STEP][PASSED] - appID = findTestData(dataFile).getValue("AppID", row): null

2023-02-08 18:58:32 - [TEST_STEP][PASSED] - username = findTestData(dataFile).getValue("Username", row): null

2023-02-08 18:58:32 - [TEST_STEP][PASSED] - password = findTestData(dataFile).getValue("Password", row): null

2023-02-08 18:58:32 - [TEST_STEP][PASSED] - tranType = findTestData(dataFile).getValue("TranType", row): null

2023-02-08 18:58:32 - [TEST_STEP][PASSED] - mv = findTestData(dataFile).getValue("MV", row): null

2023-02-08 18:58:32 - [TEST_STEP][PASSED] - resFormat = findTestData(dataFile).getValue("ResFormat", row): null

2023-02-08 18:58:32 - [TEST_STEP][PASSED] - category = findTestData(dataFile).getValue("Category", row): null

2023-02-08 18:58:32 - [TEST_STEP][PASSED] - amount = findTestData(dataFile).getValue("Amount", row): null

2023-02-08 18:58:32 - [TEST_STEP][PASSED] - cardName = findTestData(dataFile).getValue("CardName", row): null

2023-02-08 18:58:32 - [TEST_STEP][PASSED] - al1 = findTestData(dataFile).getValue("AL1", row): null

2023-02-08 18:58:32 - [TEST_STEP][PASSED] - city = findTestData(dataFile).getValue("City", row): null

2023-02-08 18:58:32 - [TEST_STEP][PASSED] - state = findTestData(dataFile).getValue("State", row): null

2023-02-08 18:58:32 - [TEST_STEP][PASSED] - zip = findTestData(dataFile).getValue("ZIP", row): null

2023-02-08 18:58:33 - [TEST_STEP][PASSED] - cardNumber = findTestData(dataFile).getValue("CardNumber", row): null

2023-02-08 18:58:33 - [TEST_STEP][PASSED] - exM = findTestData(dataFile).getValue("ExM", row): null

2023-02-08 18:58:33 - [TEST_STEP][PASSED] - exY = findTestData(dataFile).getValue("ExY", row): null

2023-02-08 18:58:33 - [TEST_STEP][PASSED] - openBrowser(VLinkURL + "auth.html"): Browser is opened with url: 'https://dev-algorithm.govolution.com/vlinktest/QA/version_2_0/auth.html'

2023-02-08 18:58:33 - [MESSAGE][WARNING] - A browser is already opened. Closing browser and opening a new one

2023-02-08 18:58:34 - [MESSAGE][INFO] - Starting 'Chrome' driver

2023-02-08 18:58:34 - [MESSAGE][INFO] - User set preference: ['acceptInsecureCerts', 'true']

2023-02-08 18:58:34 - [MESSAGE][INFO] - Action delay is set to 0 milliseconds

2023-02-08 18:58:35 - [MESSAGE][PASSED] - Browser is opened with url: 'https://dev-algorithm.govolution.com/vlinktest/QA/version_2_0/auth.html'

2023-02-08 18:58:35 - [TEST_STEP][PASSED] - maximizeWindow(): Current window maximized

2023-02-08 18:58:36 - [MESSAGE][PASSED] - Current window maximized

2023-02-08 18:58:36 - [TEST_STEP][PASSED] - maximizeWindow(): Current window maximized

2023-02-08 18:58:36 - [MESSAGE][PASSED] - Current window maximized

2023-02-08 18:58:36 - [TEST_STEP][PASSED] - setText(findTestObject("Object Repository/RecAndPlayBk/Page-Vlink-AuthOnly/txt_TransactionType"), tranType): Text '104' is set on object 'Object Repository/RecAndPlayBk/Page-Vlink-AuthOnly/txt_TransactionType'

2023-02-08 18:58:36 - [MESSAGE][PASSED] - Text '104' is set on object 'Object Repository/RecAndPlayBk/Page-Vlink-AuthOnly/txt_TransactionType'

2023-02-08 18:58:36 - [TEST_STEP][PASSED] - setText(findTestObject("Object Repository/RecAndPlayBk/Page-Vlink-AuthOnly/txt_MessageVersion"), mv): Text '2.0C' is set on object 'Object Repository/RecAndPlayBk/Page-Vlink-AuthOnly/txt_MessageVersion'

2023-02-08 18:58:37 - [MESSAGE][PASSED] - Text '2.0C' is set on object 'Object Repository/RecAndPlayBk/Page-Vlink-AuthOnly/txt_MessageVersion'

2023-02-08 18:58:37 - [TEST_STEP][PASSED] - genRemID = RandomStringUtils.random(12, true, true): null

2023-02-08 18:58:37 - [TEST_STEP][PASSED] - setText(findTestObject("Object Repository/RecAndPlayBk/Page-Vlink-AuthOnly/input_Remittance Id_remittance_id"), genRemID): Text '3rwX5KkfitSy' is set on object 'Object Repository/RecAndPlayBk/Page-Vlink-AuthOnly/input_Remittance Id_remittance_id'

2023-02-08 18:58:38 - [MESSAGE][PASSED] - Text '3rwX5KkfitSy' is set on object 'Object Repository/RecAndPlayBk/Page-Vlink-AuthOnly/input_Remittance Id_remittance_id'

2023-02-08 18:58:38 - [TEST_STEP][PASSED] - setText(findTestObject("Object Repository/RecAndPlayBk/Page-Vlink-AuthOnly/input_Application Id_application_id"), appID): Text '234' is set on object 'Object Repository/RecAndPlayBk/Page-Vlink-AuthOnly/input_Application Id_application_id'

2023-02-08 18:58:38 - [MESSAGE][PASSED] - Text '234' is set on object 'Object Repository/RecAndPlayBk/Page-Vlink-AuthOnly/input_Application Id_application_id'

2023-02-08 18:58:38 - [TEST_STEP][PASSED] - setText(findTestObject("Object Repository/RecAndPlayBk/Page-Vlink-AuthOnly/input_Username_username"), username): Text 'username' is set on object 'Object Repository/RecAndPlayBk/Page-Vlink-AuthOnly/input_Username_username'

2023-02-08 18:58:39 - [MESSAGE][PASSED] - Text 'username' is set on object 'Object Repository/RecAndPlayBk/Page-Vlink-AuthOnly/input_Username_username'

2023-02-08 18:58:39 - [TEST_STEP][PASSED] - setText(findTestObject("Object Repository/RecAndPlayBk/Page-Vlink-AuthOnly/input_Password_password"), password): Text 'password' is set on object 'Object Repository/RecAndPlayBk/Page-Vlink-AuthOnly/input_Password_password'

2023-02-08 18:58:39 - [MESSAGE][PASSED] - Text 'password' is set on object 'Object Repository/RecAndPlayBk/Page-Vlink-AuthOnly/input_Password_password'

2023-02-08 18:58:39 - [TEST_STEP][PASSED] - setText(findTestObject("Object Repository/RecAndPlayBk/Page-Vlink-AuthOnly/txt_ResponseFormat"), resFormat): Text 'fixed_width' is set on object 'Object Repository/RecAndPlayBk/Page-Vlink-AuthOnly/txt_ResponseFormat'

2023-02-08 18:58:40 - [MESSAGE][PASSED] - Text 'fixed_width' is set on object 'Object Repository/RecAndPlayBk/Page-Vlink-AuthOnly/txt_ResponseFormat'

2023-02-08 18:58:40 - [TEST_STEP][PASSED] - setText(findTestObject("Object Repository/RecAndPlayBk/Page-Vlink-AuthOnly/input_Category_category"), category): Text 'ECOM' is set on object 'Object Repository/RecAndPlayBk/Page-Vlink-AuthOnly/input_Category_category'

2023-02-08 18:58:41 - [MESSAGE][PASSED] - Text 'ECOM' is set on object 'Object Repository/RecAndPlayBk/Page-Vlink-AuthOnly/input_Category_category'

2023-02-08 18:58:41 - [TEST_STEP][PASSED] - setText(findTestObject("Object Repository/RecAndPlayBk/Page-Vlink-AuthOnly/txt_CardName"), cardName): Text 'Kris Roshan' is set on object 'Object Repository/RecAndPlayBk/Page-Vlink-AuthOnly/txt_CardName'

2023-02-08 18:58:41 - [MESSAGE][PASSED] - Text 'Kris Roshan' is set on object 'Object Repository/RecAndPlayBk/Page-Vlink-AuthOnly/txt_CardName'

2023-02-08 18:58:41 - [TEST_STEP][PASSED] - setText(findTestObject("Object Repository/RecAndPlayBk/Page-Vlink-AuthOnly/txt_AL1"), al1): Text '258 Elm Road' is set on object 'Object Repository/RecAndPlayBk/Page-Vlink-AuthOnly/txt_AL1'

2023-02-08 18:58:42 - [MESSAGE][PASSED] - Text '258 Elm Road' is set on object 'Object Repository/RecAndPlayBk/Page-Vlink-AuthOnly/txt_AL1'

2023-02-08 18:58:42 - [TEST_STEP][PASSED] - setText(findTestObject("Object Repository/RecAndPlayBk/Page-Vlink-AuthOnly/txt_CardCity"), city): Text 'Arlington' is set on object 'Object Repository/RecAndPlayBk/Page-Vlink-AuthOnly/txt_CardCity'

2023-02-08 18:58:43 - [MESSAGE][PASSED] - Text 'Arlington' is set on object 'Object Repository/RecAndPlayBk/Page-Vlink-AuthOnly/txt_CardCity'

2023-02-08 18:58:43 - [TEST_STEP][PASSED] - setText(findTestObject("Object Repository/RecAndPlayBk/Page-Vlink-AuthOnly/txt_CardState"), state): Text 'VA' is set on object 'Object Repository/RecAndPlayBk/Page-Vlink-AuthOnly/txt_CardState'

2023-02-08 18:58:43 - [MESSAGE][PASSED] - Text 'VA' is set on object 'Object Repository/RecAndPlayBk/Page-Vlink-AuthOnly/txt_CardState'

2023-02-08 18:58:43 - [TEST_STEP][PASSED] - setText(findTestObject("Object Repository/RecAndPlayBk/Page-Vlink-AuthOnly/txt_CardZIP"), zip): Text '22201' is set on object 'Object Repository/RecAndPlayBk/Page-Vlink-AuthOnly/txt_CardZIP'

2023-02-08 18:58:44 - [MESSAGE][PASSED] - Text '22201' is set on object 'Object Repository/RecAndPlayBk/Page-Vlink-AuthOnly/txt_CardZIP'

2023-02-08 18:58:44 - [TEST_STEP][PASSED] - setText(findTestObject("Object Repository/RecAndPlayBk/Page-Vlink-AuthOnly/input_Amount_amount"), amount): Text '1.50' is set on object 'Object Repository/RecAndPlayBk/Page-Vlink-AuthOnly/input_Amount_amount'

2023-02-08 18:58:44 - [MESSAGE][PASSED] - Text '1.50' is set on object 'Object Repository/RecAndPlayBk/Page-Vlink-AuthOnly/input_Amount_amount'

2023-02-08 18:58:44 - [TEST_STEP][PASSED] - setText(findTestObject("Object Repository/RecAndPlayBk/Page-Vlink-AuthOnly/input_Card number_card_number"), cardNumber): Text '' is set on object 'Object Repository/RecAndPlayBk/Page-Vlink-AuthOnly/input_Card number_card_number'

2023-02-08 18:58:45 - [MESSAGE][PASSED] - Text '' is set on object 'Object Repository/RecAndPlayBk/Page-Vlink-AuthOnly/input_Card number_card_number'

2023-02-08 18:58:45 - [TEST_STEP][PASSED] - setText(findTestObject("Object Repository/RecAndPlayBk/Page-Vlink-AuthOnly/input_Card ex month_card_exmo"), exM): Text '12' is set on object 'Object Repository/RecAndPlayBk/Page-Vlink-AuthOnly/input_Card ex month_card_exmo'

2023-02-08 18:58:46 - [MESSAGE][PASSED] - Text '12' is set on object 'Object Repository/RecAndPlayBk/Page-Vlink-AuthOnly/input_Card ex month_card_exmo'

2023-02-08 18:58:46 - [TEST_STEP][PASSED] - setText(findTestObject("Object Repository/RecAndPlayBk/Page-Vlink-AuthOnly/input_Card ex year_card_exyr"), exY): Text '2025' is set on object 'Object Repository/RecAndPlayBk/Page-Vlink-AuthOnly/input_Card ex year_card_exyr'

2023-02-08 18:58:46 - [MESSAGE][PASSED] - Text '2025' is set on object 'Object Repository/RecAndPlayBk/Page-Vlink-AuthOnly/input_Card ex year_card_exyr'

2023-02-08 18:58:46 - [TEST_STEP][PASSED] - setText(findTestObject("Object Repository/RecAndPlayBk/Page-Vlink-AuthOnly/input_Track Data_track_data"), ""): Text '' is set on object 'Object Repository/RecAndPlayBk/Page-Vlink-AuthOnly/input_Track Data_track_data'

2023-02-08 18:58:47 - [MESSAGE][PASSED] - Text '' is set on object 'Object Repository/RecAndPlayBk/Page-Vlink-AuthOnly/input_Track Data_track_data'

2023-02-08 18:58:47 - [TEST_STEP][PASSED] - setText(findTestObject("Object Repository/RecAndPlayBk/Page-Vlink-AuthOnly/input_concat(Cardholder, , s email)_email"), ""): Text '' is set on object 'Object Repository/RecAndPlayBk/Page-Vlink-AuthOnly/input_concat(Cardholder, , s email)_email'

2023-02-08 18:58:48 - [MESSAGE][PASSED] - Text '' is set on object 'Object Repository/RecAndPlayBk/Page-Vlink-AuthOnly/input_concat(Cardholder, , s email)_email'

2023-02-08 18:58:48 - [TEST_STEP][PASSED] - click(findTestObject("Object Repository/RecAndPlayBk/Page-Vlink-AuthOnly/input_user_defined10_user_defined10")): Object: 'Object Repository/RecAndPlayBk/Page-Vlink-AuthOnly/input_user_defined10_user_defined10' is clicked on

2023-02-08 18:58:48 - [MESSAGE][PASSED] - Object: 'Object Repository/RecAndPlayBk/Page-Vlink-AuthOnly/input_user_defined10_user_defined10' is clicked on

2023-02-08 18:58:48 - [TEST_STEP][PASSED] - setText(findTestObject("Object Repository/RecAndPlayBk/Page-Vlink-AuthOnly/input_Card on File Indicator_card_on_file_i_157dae"), ""): Text '' is set on object 'Object Repository/RecAndPlayBk/Page-Vlink-AuthOnly/input_Card on File Indicator_card_on_file_i_157dae'

2023-02-08 18:58:49 - [MESSAGE][PASSED] - Text '' is set on object 'Object Repository/RecAndPlayBk/Page-Vlink-AuthOnly/input_Card on File Indicator_card_on_file_i_157dae'

2023-02-08 18:58:49 - [TEST_STEP][PASSED] - setText(findTestObject("Object Repository/RecAndPlayBk/Page-Vlink-AuthOnly/input_Stored Credential Indicator_stored_cr_4ae73c"), ""): Text '' is set on object 'Object Repository/RecAndPlayBk/Page-Vlink-AuthOnly/input_Stored Credential Indicator_stored_cr_4ae73c'

2023-02-08 18:58:49 - [MESSAGE][PASSED] - Text '' is set on object 'Object Repository/RecAndPlayBk/Page-Vlink-AuthOnly/input_Stored Credential Indicator_stored_cr_4ae73c'

2023-02-08 18:58:49 - [TEST_STEP][PASSED] - setText(findTestObject("Object Repository/RecAndPlayBk/Page-Vlink-AuthOnly/input_COF Scheduled indicator_cof_scheduled_8df7d8"), ""): Text '' is set on object 'Object Repository/RecAndPlayBk/Page-Vlink-AuthOnly/input_COF Scheduled indicator_cof_scheduled_8df7d8'

2023-02-08 18:58:50 - [MESSAGE][PASSED] - Text '' is set on object 'Object Repository/RecAndPlayBk/Page-Vlink-AuthOnly/input_COF Scheduled indicator_cof_scheduled_8df7d8'

2023-02-08 18:58:50 - [TEST_STEP][PASSED] - setText(findTestObject("Object Repository/RecAndPlayBk/Page-Vlink-AuthOnly/input_COF Transaction Initiated by_cof_tran_6cded5"), ""): Text '' is set on object 'Object Repository/RecAndPlayBk/Page-Vlink-AuthOnly/input_COF Transaction Initiated by_cof_tran_6cded5'

2023-02-08 18:58:50 - [MESSAGE][PASSED] - Text '' is set on object 'Object Repository/RecAndPlayBk/Page-Vlink-AuthOnly/input_COF Transaction Initiated by_cof_tran_6cded5'

2023-02-08 18:58:50 - [TEST_STEP][PASSED] - click(findTestObject("Object Repository/RecAndPlayBk/Page-Vlink-AuthOnly/input")): Object: 'Object Repository/RecAndPlayBk/Page-Vlink-AuthOnly/input' is clicked on

2023-02-08 18:58:51 - [MESSAGE][PASSED] - Object: 'Object Repository/RecAndPlayBk/Page-Vlink-AuthOnly/input' is clicked on

2023-02-08 18:58:51 - [TEST_STEP][PASSED] - if (verifyTextPresent(errorMsg, true)): null

2023-02-08 18:58:51 - [MESSAGE][PASSED] - Text 'card_number' is present on page  using regular expression

2023-02-08 18:58:51 - [TEST_STEP][PASSED] - println("Error Message is present on the Confirmation page"): null

2023-02-08 18:58:51 - [TEST_STEP][PASSED] - out.println("Pass Record Number: " + row): null

2023-02-08 18:58:51 - [TEST_STEP][PASSED] - resText = "Pass": null

2023-02-08 18:58:51 - [TEST_STEP][PASSED] - pages.WriteExcel.demoKey(resText, datText, resColumn, datCloumn, fileLoc, nameSheet, row): pages.WriteExcel.demoKey is PASSED

2023-02-08 18:58:51 - [MESSAGE][PASSED] - pages.WriteExcel.demoKey is PASSED

2023-02-08 18:58:51 - [TEST_STEP][PASSED] - ExecuteTC = findTestData(dataFile).getValue("Execute", row): null

2023-02-08 18:58:51 - [TEST_STEP][PASSED] - out.println("Value of Execute is : " + ExecuteTC): null

2023-02-08 18:58:51 - [TEST_STEP][PASSED] - if (ExecuteTC.equalsIgnoreCase("Y")): null

2023-02-08 18:58:51 - [TEST_STEP][PASSED] - out.println("Begin Record Number: " + row): null

2023-02-08 18:58:51 - [TEST_STEP][PASSED] - today = new java.util.Date(): null

2023-02-08 18:58:51 - [TEST_STEP][PASSED] - println(today): null

2023-02-08 18:58:51 - [TEST_STEP][PASSED] - datText = today: null

2023-02-08 18:58:51 - [TEST_STEP][PASSED] - errorMsg = findTestData(dataFile).getValue("ErrorMsg", row): null

2023-02-08 18:58:52 - [TEST_STEP][PASSED] - appID = findTestData(dataFile).getValue("AppID", row): null

2023-02-08 18:58:52 - [TEST_STEP][PASSED] - username = findTestData(dataFile).getValue("Username", row): null

2023-02-08 18:58:52 - [TEST_STEP][PASSED] - password = findTestData(dataFile).getValue("Password", row): null

2023-02-08 18:58:52 - [TEST_STEP][PASSED] - tranType = findTestData(dataFile).getValue("TranType", row): null

2023-02-08 18:58:52 - [TEST_STEP][PASSED] - mv = findTestData(dataFile).getValue("MV", row): null

2023-02-08 18:58:52 - [TEST_STEP][PASSED] - resFormat = findTestData(dataFile).getValue("ResFormat", row): null

2023-02-08 18:58:52 - [TEST_STEP][PASSED] - category = findTestData(dataFile).getValue("Category", row): null

2023-02-08 18:58:53 - [TEST_STEP][PASSED] - amount = findTestData(dataFile).getValue("Amount", row): null

2023-02-08 18:58:53 - [TEST_STEP][PASSED] - cardName = findTestData(dataFile).getValue("CardName", row): null

2023-02-08 18:58:53 - [TEST_STEP][PASSED] - al1 = findTestData(dataFile).getValue("AL1", row): null

2023-02-08 18:58:53 - [TEST_STEP][PASSED] - city = findTestData(dataFile).getValue("City", row): null

2023-02-08 18:58:53 - [TEST_STEP][PASSED] - state = findTestData(dataFile).getValue("State", row): null

2023-02-08 18:58:53 - [TEST_STEP][PASSED] - zip = findTestData(dataFile).getValue("ZIP", row): null

2023-02-08 18:58:54 - [TEST_STEP][PASSED] - cardNumber = findTestData(dataFile).getValue("CardNumber", row): null

2023-02-08 18:58:54 - [TEST_STEP][PASSED] - exM = findTestData(dataFile).getValue("ExM", row): null

2023-02-08 18:58:54 - [TEST_STEP][PASSED] - exY = findTestData(dataFile).getValue("ExY", row): null

2023-02-08 18:58:54 - [TEST_STEP][PASSED] - openBrowser(VLinkURL + "auth.html"): Browser is opened with url: 'https://dev-algorithm.govolution.com/vlinktest/QA/version_2_0/auth.html'

2023-02-08 18:58:54 - [MESSAGE][WARNING] - A browser is already opened. Closing browser and opening a new one

2023-02-08 18:58:55 - [MESSAGE][INFO] - Starting 'Chrome' driver

2023-02-08 18:58:55 - [MESSAGE][INFO] - User set preference: ['acceptInsecureCerts', 'true']

2023-02-08 18:58:55 - [MESSAGE][INFO] - Action delay is set to 0 milliseconds

2023-02-08 18:58:56 - [MESSAGE][PASSED] - Browser is opened with url: 'https://dev-algorithm.govolution.com/vlinktest/QA/version_2_0/auth.html'

2023-02-08 18:58:56 - [TEST_STEP][PASSED] - maximizeWindow(): Current window maximized

2023-02-08 18:58:57 - [MESSAGE][PASSED] - Current window maximized

2023-02-08 18:58:57 - [TEST_STEP][PASSED] - maximizeWindow(): Current window maximized

2023-02-08 18:58:57 - [MESSAGE][PASSED] - Current window maximized

2023-02-08 18:58:57 - [TEST_STEP][PASSED] - setText(findTestObject("Object Repository/RecAndPlayBk/Page-Vlink-AuthOnly/txt_TransactionType"), tranType): Text '104' is set on object 'Object Repository/RecAndPlayBk/Page-Vlink-AuthOnly/txt_TransactionType'

2023-02-08 18:58:57 - [MESSAGE][PASSED] - Text '104' is set on object 'Object Repository/RecAndPlayBk/Page-Vlink-AuthOnly/txt_TransactionType'

2023-02-08 18:58:57 - [TEST_STEP][PASSED] - setText(findTestObject("Object Repository/RecAndPlayBk/Page-Vlink-AuthOnly/txt_MessageVersion"), mv): Text '2.0C' is set on object 'Object Repository/RecAndPlayBk/Page-Vlink-AuthOnly/txt_MessageVersion'

2023-02-08 18:58:58 - [MESSAGE][PASSED] - Text '2.0C' is set on object 'Object Repository/RecAndPlayBk/Page-Vlink-AuthOnly/txt_MessageVersion'

2023-02-08 18:58:58 - [TEST_STEP][PASSED] - genRemID = RandomStringUtils.random(12, true, true): null

2023-02-08 18:58:58 - [TEST_STEP][PASSED] - setText(findTestObject("Object Repository/RecAndPlayBk/Page-Vlink-AuthOnly/input_Remittance Id_remittance_id"), genRemID): Text 'SbysPstci2bJ' is set on object 'Object Repository/RecAndPlayBk/Page-Vlink-AuthOnly/input_Remittance Id_remittance_id'

2023-02-08 18:58:59 - [MESSAGE][PASSED] - Text 'SbysPstci2bJ' is set on object 'Object Repository/RecAndPlayBk/Page-Vlink-AuthOnly/input_Remittance Id_remittance_id'

2023-02-08 18:58:59 - [TEST_STEP][PASSED] - setText(findTestObject("Object Repository/RecAndPlayBk/Page-Vlink-AuthOnly/input_Application Id_application_id"), appID): Text '234' is set on object 'Object Repository/RecAndPlayBk/Page-Vlink-AuthOnly/input_Application Id_application_id'

2023-02-08 18:58:59 - [MESSAGE][PASSED] - Text '234' is set on object 'Object Repository/RecAndPlayBk/Page-Vlink-AuthOnly/input_Application Id_application_id'

2023-02-08 18:58:59 - [TEST_STEP][PASSED] - setText(findTestObject("Object Repository/RecAndPlayBk/Page-Vlink-AuthOnly/input_Username_username"), username): Text 'username' is set on object 'Object Repository/RecAndPlayBk/Page-Vlink-AuthOnly/input_Username_username'

2023-02-08 18:59:00 - [MESSAGE][PASSED] - Text 'username' is set on object 'Object Repository/RecAndPlayBk/Page-Vlink-AuthOnly/input_Username_username'

2023-02-08 18:59:00 - [TEST_STEP][PASSED] - setText(findTestObject("Object Repository/RecAndPlayBk/Page-Vlink-AuthOnly/input_Password_password"), password): Text 'password' is set on object 'Object Repository/RecAndPlayBk/Page-Vlink-AuthOnly/input_Password_password'

2023-02-08 18:59:00 - [MESSAGE][PASSED] - Text 'password' is set on object 'Object Repository/RecAndPlayBk/Page-Vlink-AuthOnly/input_Password_password'

2023-02-08 18:59:00 - [TEST_STEP][PASSED] - setText(findTestObject("Object Repository/RecAndPlayBk/Page-Vlink-AuthOnly/txt_ResponseFormat"), resFormat): Text 'fixed_width' is set on object 'Object Repository/RecAndPlayBk/Page-Vlink-AuthOnly/txt_ResponseFormat'

2023-02-08 18:59:01 - [MESSAGE][PASSED] - Text 'fixed_width' is set on object 'Object Repository/RecAndPlayBk/Page-Vlink-AuthOnly/txt_ResponseFormat'

2023-02-08 18:59:01 - [TEST_STEP][PASSED] - setText(findTestObject("Object Repository/RecAndPlayBk/Page-Vlink-AuthOnly/input_Category_category"), category): Text 'MOTO' is set on object 'Object Repository/RecAndPlayBk/Page-Vlink-AuthOnly/input_Category_category'

2023-02-08 18:59:02 - [MESSAGE][PASSED] - Text 'MOTO' is set on object 'Object Repository/RecAndPlayBk/Page-Vlink-AuthOnly/input_Category_category'

2023-02-08 18:59:02 - [TEST_STEP][PASSED] - setText(findTestObject("Object Repository/RecAndPlayBk/Page-Vlink-AuthOnly/txt_CardName"), cardName): Text 'Kris Roshan' is set on object 'Object Repository/RecAndPlayBk/Page-Vlink-AuthOnly/txt_CardName'

2023-02-08 18:59:02 - [MESSAGE][PASSED] - Text 'Kris Roshan' is set on object 'Object Repository/RecAndPlayBk/Page-Vlink-AuthOnly/txt_CardName'

2023-02-08 18:59:02 - [TEST_STEP][PASSED] - setText(findTestObject("Object Repository/RecAndPlayBk/Page-Vlink-AuthOnly/txt_AL1"), al1): Text '258 Elm Road' is set on object 'Object Repository/RecAndPlayBk/Page-Vlink-AuthOnly/txt_AL1'

2023-02-08 18:59:03 - [MESSAGE][PASSED] - Text '258 Elm Road' is set on object 'Object Repository/RecAndPlayBk/Page-Vlink-AuthOnly/txt_AL1'

2023-02-08 18:59:03 - [TEST_STEP][PASSED] - setText(findTestObject("Object Repository/RecAndPlayBk/Page-Vlink-AuthOnly/txt_CardCity"), city): Text 'Arlington' is set on object 'Object Repository/RecAndPlayBk/Page-Vlink-AuthOnly/txt_CardCity'

2023-02-08 18:59:04 - [MESSAGE][PASSED] - Text 'Arlington' is set on object 'Object Repository/RecAndPlayBk/Page-Vlink-AuthOnly/txt_CardCity'

2023-02-08 18:59:04 - [TEST_STEP][PASSED] - setText(findTestObject("Object Repository/RecAndPlayBk/Page-Vlink-AuthOnly/txt_CardState"), state): Text 'VA' is set on object 'Object Repository/RecAndPlayBk/Page-Vlink-AuthOnly/txt_CardState'

2023-02-08 18:59:04 - [MESSAGE][PASSED] - Text 'VA' is set on object 'Object Repository/RecAndPlayBk/Page-Vlink-AuthOnly/txt_CardState'

2023-02-08 18:59:04 - [TEST_STEP][PASSED] - setText(findTestObject("Object Repository/RecAndPlayBk/Page-Vlink-AuthOnly/txt_CardZIP"), zip): Text '22201' is set on object 'Object Repository/RecAndPlayBk/Page-Vlink-AuthOnly/txt_CardZIP'

2023-02-08 18:59:05 - [MESSAGE][PASSED] - Text '22201' is set on object 'Object Repository/RecAndPlayBk/Page-Vlink-AuthOnly/txt_CardZIP'

2023-02-08 18:59:05 - [TEST_STEP][PASSED] - setText(findTestObject("Object Repository/RecAndPlayBk/Page-Vlink-AuthOnly/input_Amount_amount"), amount): Text '1.50' is set on object 'Object Repository/RecAndPlayBk/Page-Vlink-AuthOnly/input_Amount_amount'

2023-02-08 18:59:05 - [MESSAGE][PASSED] - Text '1.50' is set on object 'Object Repository/RecAndPlayBk/Page-Vlink-AuthOnly/input_Amount_amount'

2023-02-08 18:59:05 - [TEST_STEP][PASSED] - setText(findTestObject("Object Repository/RecAndPlayBk/Page-Vlink-AuthOnly/input_Card number_card_number"), cardNumber): Text '' is set on object 'Object Repository/RecAndPlayBk/Page-Vlink-AuthOnly/input_Card number_card_number'

2023-02-08 18:59:06 - [MESSAGE][PASSED] - Text '' is set on object 'Object Repository/RecAndPlayBk/Page-Vlink-AuthOnly/input_Card number_card_number'

2023-02-08 18:59:06 - [TEST_STEP][PASSED] - setText(findTestObject("Object Repository/RecAndPlayBk/Page-Vlink-AuthOnly/input_Card ex month_card_exmo"), exM): Text '12' is set on object 'Object Repository/RecAndPlayBk/Page-Vlink-AuthOnly/input_Card ex month_card_exmo'

2023-02-08 18:59:07 - [MESSAGE][PASSED] - Text '12' is set on object 'Object Repository/RecAndPlayBk/Page-Vlink-AuthOnly/input_Card ex month_card_exmo'

2023-02-08 18:59:07 - [TEST_STEP][PASSED] - setText(findTestObject("Object Repository/RecAndPlayBk/Page-Vlink-AuthOnly/input_Card ex year_card_exyr"), exY): Text '2025' is set on object 'Object Repository/RecAndPlayBk/Page-Vlink-AuthOnly/input_Card ex year_card_exyr'

2023-02-08 18:59:07 - [MESSAGE][PASSED] - Text '2025' is set on object 'Object Repository/RecAndPlayBk/Page-Vlink-AuthOnly/input_Card ex year_card_exyr'

2023-02-08 18:59:07 - [TEST_STEP][PASSED] - setText(findTestObject("Object Repository/RecAndPlayBk/Page-Vlink-AuthOnly/input_Track Data_track_data"), ""): Text '' is set on object 'Object Repository/RecAndPlayBk/Page-Vlink-AuthOnly/input_Track Data_track_data'

2023-02-08 18:59:08 - [MESSAGE][PASSED] - Text '' is set on object 'Object Repository/RecAndPlayBk/Page-Vlink-AuthOnly/input_Track Data_track_data'

2023-02-08 18:59:08 - [TEST_STEP][PASSED] - setText(findTestObject("Object Repository/RecAndPlayBk/Page-Vlink-AuthOnly/input_concat(Cardholder, , s email)_email"), ""): Text '' is set on object 'Object Repository/RecAndPlayBk/Page-Vlink-AuthOnly/input_concat(Cardholder, , s email)_email'

2023-02-08 18:59:08 - [MESSAGE][PASSED] - Text '' is set on object 'Object Repository/RecAndPlayBk/Page-Vlink-AuthOnly/input_concat(Cardholder, , s email)_email'

2023-02-08 18:59:08 - [TEST_STEP][PASSED] - click(findTestObject("Object Repository/RecAndPlayBk/Page-Vlink-AuthOnly/input_user_defined10_user_defined10")): Object: 'Object Repository/RecAndPlayBk/Page-Vlink-AuthOnly/input_user_defined10_user_defined10' is clicked on

2023-02-08 18:59:09 - [MESSAGE][PASSED] - Object: 'Object Repository/RecAndPlayBk/Page-Vlink-AuthOnly/input_user_defined10_user_defined10' is clicked on

2023-02-08 18:59:09 - [TEST_STEP][PASSED] - setText(findTestObject("Object Repository/RecAndPlayBk/Page-Vlink-AuthOnly/input_Card on File Indicator_card_on_file_i_157dae"), ""): Text '' is set on object 'Object Repository/RecAndPlayBk/Page-Vlink-AuthOnly/input_Card on File Indicator_card_on_file_i_157dae'

2023-02-08 18:59:09 - [MESSAGE][PASSED] - Text '' is set on object 'Object Repository/RecAndPlayBk/Page-Vlink-AuthOnly/input_Card on File Indicator_card_on_file_i_157dae'

2023-02-08 18:59:09 - [TEST_STEP][PASSED] - setText(findTestObject("Object Repository/RecAndPlayBk/Page-Vlink-AuthOnly/input_Stored Credential Indicator_stored_cr_4ae73c"), ""): Text '' is set on object 'Object Repository/RecAndPlayBk/Page-Vlink-AuthOnly/input_Stored Credential Indicator_stored_cr_4ae73c'

2023-02-08 18:59:10 - [MESSAGE][PASSED] - Text '' is set on object 'Object Repository/RecAndPlayBk/Page-Vlink-AuthOnly/input_Stored Credential Indicator_stored_cr_4ae73c'

2023-02-08 18:59:10 - [TEST_STEP][PASSED] - setText(findTestObject("Object Repository/RecAndPlayBk/Page-Vlink-AuthOnly/input_COF Scheduled indicator_cof_scheduled_8df7d8"), ""): Text '' is set on object 'Object Repository/RecAndPlayBk/Page-Vlink-AuthOnly/input_COF Scheduled indicator_cof_scheduled_8df7d8'

2023-02-08 18:59:11 - [MESSAGE][PASSED] - Text '' is set on object 'Object Repository/RecAndPlayBk/Page-Vlink-AuthOnly/input_COF Scheduled indicator_cof_scheduled_8df7d8'

2023-02-08 18:59:11 - [TEST_STEP][PASSED] - setText(findTestObject("Object Repository/RecAndPlayBk/Page-Vlink-AuthOnly/input_COF Transaction Initiated by_cof_tran_6cded5"), ""): Text '' is set on object 'Object Repository/RecAndPlayBk/Page-Vlink-AuthOnly/input_COF Transaction Initiated by_cof_tran_6cded5'

2023-02-08 18:59:12 - [MESSAGE][PASSED] - Text '' is set on object 'Object Repository/RecAndPlayBk/Page-Vlink-AuthOnly/input_COF Transaction Initiated by_cof_tran_6cded5'

2023-02-08 18:59:12 - [TEST_STEP][PASSED] - click(findTestObject("Object Repository/RecAndPlayBk/Page-Vlink-AuthOnly/input")): Object: 'Object Repository/RecAndPlayBk/Page-Vlink-AuthOnly/input' is clicked on

2023-02-08 18:59:12 - [MESSAGE][PASSED] - Object: 'Object Repository/RecAndPlayBk/Page-Vlink-AuthOnly/input' is clicked on

2023-02-08 18:59:12 - [TEST_STEP][PASSED] - if (verifyTextPresent(errorMsg, true)): null

2023-02-08 18:59:12 - [MESSAGE][PASSED] - Text 'card_number' is present on page  using regular expression

2023-02-08 18:59:12 - [TEST_STEP][PASSED] - println("Error Message is present on the Confirmation page"): null

2023-02-08 18:59:12 - [TEST_STEP][PASSED] - out.println("Pass Record Number: " + row): null

2023-02-08 18:59:12 - [TEST_STEP][PASSED] - resText = "Pass": null

2023-02-08 18:59:12 - [TEST_STEP][PASSED] - pages.WriteExcel.demoKey(resText, datText, resColumn, datCloumn, fileLoc, nameSheet, row): pages.WriteExcel.demoKey is PASSED

2023-02-08 18:59:13 - [MESSAGE][PASSED] - pages.WriteExcel.demoKey is PASSED

2023-02-08 18:59:13 - [TEST_STEP][PASSED] - ExecuteTC = findTestData(dataFile).getValue("Execute", row): null

2023-02-08 18:59:13 - [TEST_STEP][PASSED] - out.println("Value of Execute is : " + ExecuteTC): null

2023-02-08 18:59:13 - [TEST_STEP][PASSED] - if (ExecuteTC.equalsIgnoreCase("Y")): null

2023-02-08 18:59:13 - [TEST_STEP][PASSED] - out.println("Begin Record Number: " + row): null

2023-02-08 18:59:13 - [TEST_STEP][PASSED] - today = new java.util.Date(): null

2023-02-08 18:59:13 - [TEST_STEP][PASSED] - println(today): null

2023-02-08 18:59:13 - [TEST_STEP][PASSED] - datText = today: null

2023-02-08 18:59:13 - [TEST_STEP][PASSED] - errorMsg = findTestData(dataFile).getValue("ErrorMsg", row): null

2023-02-08 18:59:13 - [TEST_STEP][PASSED] - appID = findTestData(dataFile).getValue("AppID", row): null

2023-02-08 18:59:13 - [TEST_STEP][PASSED] - username = findTestData(dataFile).getValue("Username", row): null

2023-02-08 18:59:13 - [TEST_STEP][PASSED] - password = findTestData(dataFile).getValue("Password", row): null

2023-02-08 18:59:13 - [TEST_STEP][PASSED] - tranType = findTestData(dataFile).getValue("TranType", row): null

2023-02-08 18:59:13 - [TEST_STEP][PASSED] - mv = findTestData(dataFile).getValue("MV", row): null

2023-02-08 18:59:13 - [TEST_STEP][PASSED] - resFormat = findTestData(dataFile).getValue("ResFormat", row): null

2023-02-08 18:59:13 - [TEST_STEP][PASSED] - category = findTestData(dataFile).getValue("Category", row): null

2023-02-08 18:59:13 - [TEST_STEP][PASSED] - amount = findTestData(dataFile).getValue("Amount", row): null

2023-02-08 18:59:13 - [TEST_STEP][PASSED] - cardName = findTestData(dataFile).getValue("CardName", row): null

2023-02-08 18:59:13 - [TEST_STEP][PASSED] - al1 = findTestData(dataFile).getValue("AL1", row): null

2023-02-08 18:59:13 - [TEST_STEP][PASSED] - city = findTestData(dataFile).getValue("City", row): null

2023-02-08 18:59:14 - [TEST_STEP][PASSED] - state = findTestData(dataFile).getValue("State", row): null

2023-02-08 18:59:14 - [TEST_STEP][PASSED] - zip = findTestData(dataFile).getValue("ZIP", row): null

2023-02-08 18:59:14 - [TEST_STEP][PASSED] - cardNumber = findTestData(dataFile).getValue("CardNumber", row): null

2023-02-08 18:59:14 - [TEST_STEP][PASSED] - exM = findTestData(dataFile).getValue("ExM", row): null

2023-02-08 18:59:14 - [TEST_STEP][PASSED] - exY = findTestData(dataFile).getValue("ExY", row): null

2023-02-08 18:59:14 - [TEST_STEP][PASSED] - openBrowser(VLinkURL + "auth.html"): Browser is opened with url: 'https://dev-algorithm.govolution.com/vlinktest/QA/version_2_0/auth.html'

2023-02-08 18:59:14 - [MESSAGE][WARNING] - A browser is already opened. Closing browser and opening a new one

2023-02-08 18:59:15 - [MESSAGE][INFO] - Starting 'Chrome' driver

2023-02-08 18:59:15 - [MESSAGE][INFO] - User set preference: ['acceptInsecureCerts', 'true']

2023-02-08 18:59:15 - [MESSAGE][INFO] - Action delay is set to 0 milliseconds

2023-02-08 18:59:17 - [MESSAGE][PASSED] - Browser is opened with url: 'https://dev-algorithm.govolution.com/vlinktest/QA/version_2_0/auth.html'

2023-02-08 18:59:17 - [TEST_STEP][PASSED] - maximizeWindow(): Current window maximized

2023-02-08 18:59:17 - [MESSAGE][PASSED] - Current window maximized

2023-02-08 18:59:17 - [TEST_STEP][PASSED] - maximizeWindow(): Current window maximized

2023-02-08 18:59:17 - [MESSAGE][PASSED] - Current window maximized

2023-02-08 18:59:17 - [TEST_STEP][PASSED] - setText(findTestObject("Object Repository/RecAndPlayBk/Page-Vlink-AuthOnly/txt_TransactionType"), tranType): Text '104' is set on object 'Object Repository/RecAndPlayBk/Page-Vlink-AuthOnly/txt_TransactionType'

2023-02-08 18:59:18 - [MESSAGE][PASSED] - Text '104' is set on object 'Object Repository/RecAndPlayBk/Page-Vlink-AuthOnly/txt_TransactionType'

2023-02-08 18:59:18 - [TEST_STEP][PASSED] - setText(findTestObject("Object Repository/RecAndPlayBk/Page-Vlink-AuthOnly/txt_MessageVersion"), mv): Text '2.0C' is set on object 'Object Repository/RecAndPlayBk/Page-Vlink-AuthOnly/txt_MessageVersion'

2023-02-08 18:59:18 - [MESSAGE][PASSED] - Text '2.0C' is set on object 'Object Repository/RecAndPlayBk/Page-Vlink-AuthOnly/txt_MessageVersion'

2023-02-08 18:59:18 - [TEST_STEP][PASSED] - genRemID = RandomStringUtils.random(12, true, true): null

2023-02-08 18:59:18 - [TEST_STEP][PASSED] - setText(findTestObject("Object Repository/RecAndPlayBk/Page-Vlink-AuthOnly/input_Remittance Id_remittance_id"), genRemID): Text 'Kvgn04ehkBDO' is set on object 'Object Repository/RecAndPlayBk/Page-Vlink-AuthOnly/input_Remittance Id_remittance_id'

2023-02-08 18:59:19 - [MESSAGE][PASSED] - Text 'Kvgn04ehkBDO' is set on object 'Object Repository/RecAndPlayBk/Page-Vlink-AuthOnly/input_Remittance Id_remittance_id'

2023-02-08 18:59:19 - [TEST_STEP][PASSED] - setText(findTestObject("Object Repository/RecAndPlayBk/Page-Vlink-AuthOnly/input_Application Id_application_id"), appID): Text '234' is set on object 'Object Repository/RecAndPlayBk/Page-Vlink-AuthOnly/input_Application Id_application_id'

2023-02-08 18:59:19 - [MESSAGE][PASSED] - Text '234' is set on object 'Object Repository/RecAndPlayBk/Page-Vlink-AuthOnly/input_Application Id_application_id'

2023-02-08 18:59:19 - [TEST_STEP][PASSED] - setText(findTestObject("Object Repository/RecAndPlayBk/Page-Vlink-AuthOnly/input_Username_username"), username): Text 'username' is set on object 'Object Repository/RecAndPlayBk/Page-Vlink-AuthOnly/input_Username_username'

2023-02-08 18:59:20 - [MESSAGE][PASSED] - Text 'username' is set on object 'Object Repository/RecAndPlayBk/Page-Vlink-AuthOnly/input_Username_username'

2023-02-08 18:59:20 - [TEST_STEP][PASSED] - setText(findTestObject("Object Repository/RecAndPlayBk/Page-Vlink-AuthOnly/input_Password_password"), password): Text 'password' is set on object 'Object Repository/RecAndPlayBk/Page-Vlink-AuthOnly/input_Password_password'

2023-02-08 18:59:21 - [MESSAGE][PASSED] - Text 'password' is set on object 'Object Repository/RecAndPlayBk/Page-Vlink-AuthOnly/input_Password_password'

2023-02-08 18:59:21 - [TEST_STEP][PASSED] - setText(findTestObject("Object Repository/RecAndPlayBk/Page-Vlink-AuthOnly/txt_ResponseFormat"), resFormat): Text 'fixed_width' is set on object 'Object Repository/RecAndPlayBk/Page-Vlink-AuthOnly/txt_ResponseFormat'

2023-02-08 18:59:21 - [MESSAGE][PASSED] - Text 'fixed_width' is set on object 'Object Repository/RecAndPlayBk/Page-Vlink-AuthOnly/txt_ResponseFormat'

2023-02-08 18:59:21 - [TEST_STEP][PASSED] - setText(findTestObject("Object Repository/RecAndPlayBk/Page-Vlink-AuthOnly/input_Category_category"), category): Text 'RETL' is set on object 'Object Repository/RecAndPlayBk/Page-Vlink-AuthOnly/input_Category_category'

2023-02-08 18:59:22 - [MESSAGE][PASSED] - Text 'RETL' is set on object 'Object Repository/RecAndPlayBk/Page-Vlink-AuthOnly/input_Category_category'

2023-02-08 18:59:22 - [TEST_STEP][PASSED] - setText(findTestObject("Object Repository/RecAndPlayBk/Page-Vlink-AuthOnly/txt_CardName"), cardName): Text 'Kris Roshan' is set on object 'Object Repository/RecAndPlayBk/Page-Vlink-AuthOnly/txt_CardName'

2023-02-08 18:59:23 - [MESSAGE][PASSED] - Text 'Kris Roshan' is set on object 'Object Repository/RecAndPlayBk/Page-Vlink-AuthOnly/txt_CardName'

2023-02-08 18:59:23 - [TEST_STEP][PASSED] - setText(findTestObject("Object Repository/RecAndPlayBk/Page-Vlink-AuthOnly/txt_AL1"), al1): Text '258 Elm Road' is set on object 'Object Repository/RecAndPlayBk/Page-Vlink-AuthOnly/txt_AL1'

2023-02-08 18:59:23 - [MESSAGE][PASSED] - Text '258 Elm Road' is set on object 'Object Repository/RecAndPlayBk/Page-Vlink-AuthOnly/txt_AL1'

2023-02-08 18:59:23 - [TEST_STEP][PASSED] - setText(findTestObject("Object Repository/RecAndPlayBk/Page-Vlink-AuthOnly/txt_CardCity"), city): Text 'Arlington' is set on object 'Object Repository/RecAndPlayBk/Page-Vlink-AuthOnly/txt_CardCity'

2023-02-08 18:59:24 - [MESSAGE][PASSED] - Text 'Arlington' is set on object 'Object Repository/RecAndPlayBk/Page-Vlink-AuthOnly/txt_CardCity'

2023-02-08 18:59:24 - [TEST_STEP][PASSED] - setText(findTestObject("Object Repository/RecAndPlayBk/Page-Vlink-AuthOnly/txt_CardState"), state): Text 'VA' is set on object 'Object Repository/RecAndPlayBk/Page-Vlink-AuthOnly/txt_CardState'

2023-02-08 18:59:25 - [MESSAGE][PASSED] - Text 'VA' is set on object 'Object Repository/RecAndPlayBk/Page-Vlink-AuthOnly/txt_CardState'

2023-02-08 18:59:25 - [TEST_STEP][PASSED] - setText(findTestObject("Object Repository/RecAndPlayBk/Page-Vlink-AuthOnly/txt_CardZIP"), zip): Text '22201' is set on object 'Object Repository/RecAndPlayBk/Page-Vlink-AuthOnly/txt_CardZIP'

2023-02-08 18:59:25 - [MESSAGE][PASSED] - Text '22201' is set on object 'Object Repository/RecAndPlayBk/Page-Vlink-AuthOnly/txt_CardZIP'

2023-02-08 18:59:25 - [TEST_STEP][PASSED] - setText(findTestObject("Object Repository/RecAndPlayBk/Page-Vlink-AuthOnly/input_Amount_amount"), amount): Text '1.50' is set on object 'Object Repository/RecAndPlayBk/Page-Vlink-AuthOnly/input_Amount_amount'

2023-02-08 18:59:26 - [MESSAGE][PASSED] - Text '1.50' is set on object 'Object Repository/RecAndPlayBk/Page-Vlink-AuthOnly/input_Amount_amount'

2023-02-08 18:59:26 - [TEST_STEP][PASSED] - setText(findTestObject("Object Repository/RecAndPlayBk/Page-Vlink-AuthOnly/input_Card number_card_number"), cardNumber): Text '' is set on object 'Object Repository/RecAndPlayBk/Page-Vlink-AuthOnly/input_Card number_card_number'

2023-02-08 18:59:26 - [MESSAGE][PASSED] - Text '' is set on object 'Object Repository/RecAndPlayBk/Page-Vlink-AuthOnly/input_Card number_card_number'

2023-02-08 18:59:26 - [TEST_STEP][PASSED] - setText(findTestObject("Object Repository/RecAndPlayBk/Page-Vlink-AuthOnly/input_Card ex month_card_exmo"), exM): Text '12' is set on object 'Object Repository/RecAndPlayBk/Page-Vlink-AuthOnly/input_Card ex month_card_exmo'

2023-02-08 18:59:27 - [MESSAGE][PASSED] - Text '12' is set on object 'Object Repository/RecAndPlayBk/Page-Vlink-AuthOnly/input_Card ex month_card_exmo'

2023-02-08 18:59:27 - [TEST_STEP][PASSED] - setText(findTestObject("Object Repository/RecAndPlayBk/Page-Vlink-AuthOnly/input_Card ex year_card_exyr"), exY): Text '2025' is set on object 'Object Repository/RecAndPlayBk/Page-Vlink-AuthOnly/input_Card ex year_card_exyr'

2023-02-08 18:59:28 - [MESSAGE][PASSED] - Text '2025' is set on object 'Object Repository/RecAndPlayBk/Page-Vlink-AuthOnly/input_Card ex year_card_exyr'

2023-02-08 18:59:28 - [TEST_STEP][PASSED] - setText(findTestObject("Object Repository/RecAndPlayBk/Page-Vlink-AuthOnly/input_Track Data_track_data"), ""): Text '' is set on object 'Object Repository/RecAndPlayBk/Page-Vlink-AuthOnly/input_Track Data_track_data'

2023-02-08 18:59:28 - [MESSAGE][PASSED] - Text '' is set on object 'Object Repository/RecAndPlayBk/Page-Vlink-AuthOnly/input_Track Data_track_data'

2023-02-08 18:59:28 - [TEST_STEP][PASSED] - setText(findTestObject("Object Repository/RecAndPlayBk/Page-Vlink-AuthOnly/input_concat(Cardholder, , s email)_email"), ""): Text '' is set on object 'Object Repository/RecAndPlayBk/Page-Vlink-AuthOnly/input_concat(Cardholder, , s email)_email'

2023-02-08 18:59:29 - [MESSAGE][PASSED] - Text '' is set on object 'Object Repository/RecAndPlayBk/Page-Vlink-AuthOnly/input_concat(Cardholder, , s email)_email'

2023-02-08 18:59:29 - [TEST_STEP][PASSED] - click(findTestObject("Object Repository/RecAndPlayBk/Page-Vlink-AuthOnly/input_user_defined10_user_defined10")): Object: 'Object Repository/RecAndPlayBk/Page-Vlink-AuthOnly/input_user_defined10_user_defined10' is clicked on

2023-02-08 18:59:29 - [MESSAGE][PASSED] - Object: 'Object Repository/RecAndPlayBk/Page-Vlink-AuthOnly/input_user_defined10_user_defined10' is clicked on

2023-02-08 18:59:29 - [TEST_STEP][PASSED] - setText(findTestObject("Object Repository/RecAndPlayBk/Page-Vlink-AuthOnly/input_Card on File Indicator_card_on_file_i_157dae"), ""): Text '' is set on object 'Object Repository/RecAndPlayBk/Page-Vlink-AuthOnly/input_Card on File Indicator_card_on_file_i_157dae'

2023-02-08 18:59:30 - [MESSAGE][PASSED] - Text '' is set on object 'Object Repository/RecAndPlayBk/Page-Vlink-AuthOnly/input_Card on File Indicator_card_on_file_i_157dae'

2023-02-08 18:59:30 - [TEST_STEP][PASSED] - setText(findTestObject("Object Repository/RecAndPlayBk/Page-Vlink-AuthOnly/input_Stored Credential Indicator_stored_cr_4ae73c"), ""): Text '' is set on object 'Object Repository/RecAndPlayBk/Page-Vlink-AuthOnly/input_Stored Credential Indicator_stored_cr_4ae73c'

2023-02-08 18:59:31 - [MESSAGE][PASSED] - Text '' is set on object 'Object Repository/RecAndPlayBk/Page-Vlink-AuthOnly/input_Stored Credential Indicator_stored_cr_4ae73c'

2023-02-08 18:59:31 - [TEST_STEP][PASSED] - setText(findTestObject("Object Repository/RecAndPlayBk/Page-Vlink-AuthOnly/input_COF Scheduled indicator_cof_scheduled_8df7d8"), ""): Text '' is set on object 'Object Repository/RecAndPlayBk/Page-Vlink-AuthOnly/input_COF Scheduled indicator_cof_scheduled_8df7d8'

2023-02-08 18:59:31 - [MESSAGE][PASSED] - Text '' is set on object 'Object Repository/RecAndPlayBk/Page-Vlink-AuthOnly/input_COF Scheduled indicator_cof_scheduled_8df7d8'

2023-02-08 18:59:31 - [TEST_STEP][PASSED] - setText(findTestObject("Object Repository/RecAndPlayBk/Page-Vlink-AuthOnly/input_COF Transaction Initiated by_cof_tran_6cded5"), ""): Text '' is set on object 'Object Repository/RecAndPlayBk/Page-Vlink-AuthOnly/input_COF Transaction Initiated by_cof_tran_6cded5'

2023-02-08 18:59:32 - [MESSAGE][PASSED] - Text '' is set on object 'Object Repository/RecAndPlayBk/Page-Vlink-AuthOnly/input_COF Transaction Initiated by_cof_tran_6cded5'

2023-02-08 18:59:32 - [TEST_STEP][PASSED] - click(findTestObject("Object Repository/RecAndPlayBk/Page-Vlink-AuthOnly/input")): Object: 'Object Repository/RecAndPlayBk/Page-Vlink-AuthOnly/input' is clicked on

2023-02-08 18:59:32 - [MESSAGE][PASSED] - Object: 'Object Repository/RecAndPlayBk/Page-Vlink-AuthOnly/input' is clicked on

2023-02-08 18:59:33 - [TEST_STEP][PASSED] - if (verifyTextPresent(errorMsg, true)): null

2023-02-08 18:59:33 - [MESSAGE][PASSED] - Text 'card_number' is present on page  using regular expression

2023-02-08 18:59:33 - [TEST_STEP][PASSED] - println("Error Message is present on the Confirmation page"): null

2023-02-08 18:59:33 - [TEST_STEP][PASSED] - out.println("Pass Record Number: " + row): null

2023-02-08 18:59:33 - [TEST_STEP][PASSED] - resText = "Pass": null

2023-02-08 18:59:33 - [TEST_STEP][PASSED] - pages.WriteExcel.demoKey(resText, datText, resColumn, datCloumn, fileLoc, nameSheet, row): pages.WriteExcel.demoKey is PASSED

2023-02-08 18:59:33 - [MESSAGE][PASSED] - pages.WriteExcel.demoKey is PASSED

2023-02-08 18:59:33 - [TEST_STEP][PASSED] - ExecuteTC = findTestData(dataFile).getValue("Execute", row): null

2023-02-08 18:59:33 - [TEST_STEP][PASSED] - out.println("Value of Execute is : " + ExecuteTC): null

2023-02-08 18:59:33 - [TEST_STEP][PASSED] - if (ExecuteTC.equalsIgnoreCase("Y")): null

2023-02-08 18:59:33 - [TEST_STEP][PASSED] - out.println("Begin Record Number: " + row): null

2023-02-08 18:59:33 - [TEST_STEP][PASSED] - today = new java.util.Date(): null

2023-02-08 18:59:33 - [TEST_STEP][PASSED] - println(today): null

2023-02-08 18:59:33 - [TEST_STEP][PASSED] - datText = today: null

2023-02-08 18:59:33 - [TEST_STEP][PASSED] - errorMsg = findTestData(dataFile).getValue("ErrorMsg", row): null

2023-02-08 18:59:33 - [TEST_STEP][PASSED] - appID = findTestData(dataFile).getValue("AppID", row): null

2023-02-08 18:59:33 - [TEST_STEP][PASSED] - username = findTestData(dataFile).getValue("Username", row): null

2023-02-08 18:59:33 - [TEST_STEP][PASSED] - password = findTestData(dataFile).getValue("Password", row): null

2023-02-08 18:59:33 - [TEST_STEP][PASSED] - tranType = findTestData(dataFile).getValue("TranType", row): null

2023-02-08 18:59:33 - [TEST_STEP][PASSED] - mv = findTestData(dataFile).getValue("MV", row): null

2023-02-08 18:59:33 - [TEST_STEP][PASSED] - resFormat = findTestData(dataFile).getValue("ResFormat", row): null

2023-02-08 18:59:34 - [TEST_STEP][PASSED] - category = findTestData(dataFile).getValue("Category", row): null

2023-02-08 18:59:34 - [TEST_STEP][PASSED] - amount = findTestData(dataFile).getValue("Amount", row): null

2023-02-08 18:59:34 - [TEST_STEP][PASSED] - cardName = findTestData(dataFile).getValue("CardName", row): null

2023-02-08 18:59:34 - [TEST_STEP][PASSED] - al1 = findTestData(dataFile).getValue("AL1", row): null

2023-02-08 18:59:34 - [TEST_STEP][PASSED] - city = findTestData(dataFile).getValue("City", row): null

2023-02-08 18:59:34 - [TEST_STEP][PASSED] - state = findTestData(dataFile).getValue("State", row): null

2023-02-08 18:59:34 - [TEST_STEP][PASSED] - zip = findTestData(dataFile).getValue("ZIP", row): null

2023-02-08 18:59:34 - [TEST_STEP][PASSED] - cardNumber = findTestData(dataFile).getValue("CardNumber", row): null

2023-02-08 18:59:34 - [TEST_STEP][PASSED] - exM = findTestData(dataFile).getValue("ExM", row): null

2023-02-08 18:59:34 - [TEST_STEP][PASSED] - exY = findTestData(dataFile).getValue("ExY", row): null

2023-02-08 18:59:34 - [TEST_STEP][PASSED] - openBrowser(VLinkURL + "auth.html"): Browser is opened with url: 'https://dev-algorithm.govolution.com/vlinktest/QA/version_2_0/auth.html'

2023-02-08 18:59:34 - [MESSAGE][WARNING] - A browser is already opened. Closing browser and opening a new one

2023-02-08 18:59:35 - [MESSAGE][INFO] - Starting 'Chrome' driver

2023-02-08 18:59:35 - [MESSAGE][INFO] - User set preference: ['acceptInsecureCerts', 'true']

2023-02-08 18:59:35 - [MESSAGE][INFO] - Action delay is set to 0 milliseconds

2023-02-08 18:59:37 - [MESSAGE][PASSED] - Browser is opened with url: 'https://dev-algorithm.govolution.com/vlinktest/QA/version_2_0/auth.html'

2023-02-08 18:59:37 - [TEST_STEP][PASSED] - maximizeWindow(): Current window maximized

2023-02-08 18:59:37 - [MESSAGE][PASSED] - Current window maximized

2023-02-08 18:59:37 - [TEST_STEP][PASSED] - maximizeWindow(): Current window maximized

2023-02-08 18:59:37 - [MESSAGE][PASSED] - Current window maximized

2023-02-08 18:59:37 - [TEST_STEP][PASSED] - setText(findTestObject("Object Repository/RecAndPlayBk/Page-Vlink-AuthOnly/txt_TransactionType"), tranType): Text '104' is set on object 'Object Repository/RecAndPlayBk/Page-Vlink-AuthOnly/txt_TransactionType'

2023-02-08 18:59:38 - [MESSAGE][PASSED] - Text '104' is set on object 'Object Repository/RecAndPlayBk/Page-Vlink-AuthOnly/txt_TransactionType'

2023-02-08 18:59:38 - [TEST_STEP][PASSED] - setText(findTestObject("Object Repository/RecAndPlayBk/Page-Vlink-AuthOnly/txt_MessageVersion"), mv): Text '2.0C' is set on object 'Object Repository/RecAndPlayBk/Page-Vlink-AuthOnly/txt_MessageVersion'

2023-02-08 18:59:39 - [MESSAGE][PASSED] - Text '2.0C' is set on object 'Object Repository/RecAndPlayBk/Page-Vlink-AuthOnly/txt_MessageVersion'

2023-02-08 18:59:39 - [TEST_STEP][PASSED] - genRemID = RandomStringUtils.random(12, true, true): null

2023-02-08 18:59:39 - [TEST_STEP][PASSED] - setText(findTestObject("Object Repository/RecAndPlayBk/Page-Vlink-AuthOnly/input_Remittance Id_remittance_id"), genRemID): Text 'qvP19lO5oMLE' is set on object 'Object Repository/RecAndPlayBk/Page-Vlink-AuthOnly/input_Remittance Id_remittance_id'

2023-02-08 18:59:39 - [MESSAGE][PASSED] - Text 'qvP19lO5oMLE' is set on object 'Object Repository/RecAndPlayBk/Page-Vlink-AuthOnly/input_Remittance Id_remittance_id'

2023-02-08 18:59:39 - [TEST_STEP][PASSED] - setText(findTestObject("Object Repository/RecAndPlayBk/Page-Vlink-AuthOnly/input_Application Id_application_id"), appID): Text '234' is set on object 'Object Repository/RecAndPlayBk/Page-Vlink-AuthOnly/input_Application Id_application_id'

2023-02-08 18:59:40 - [MESSAGE][PASSED] - Text '234' is set on object 'Object Repository/RecAndPlayBk/Page-Vlink-AuthOnly/input_Application Id_application_id'

2023-02-08 18:59:40 - [TEST_STEP][PASSED] - setText(findTestObject("Object Repository/RecAndPlayBk/Page-Vlink-AuthOnly/input_Username_username"), username): Text 'username' is set on object 'Object Repository/RecAndPlayBk/Page-Vlink-AuthOnly/input_Username_username'

2023-02-08 18:59:40 - [MESSAGE][PASSED] - Text 'username' is set on object 'Object Repository/RecAndPlayBk/Page-Vlink-AuthOnly/input_Username_username'

2023-02-08 18:59:40 - [TEST_STEP][PASSED] - setText(findTestObject("Object Repository/RecAndPlayBk/Page-Vlink-AuthOnly/input_Password_password"), password): Text 'password' is set on object 'Object Repository/RecAndPlayBk/Page-Vlink-AuthOnly/input_Password_password'

2023-02-08 18:59:41 - [MESSAGE][PASSED] - Text 'password' is set on object 'Object Repository/RecAndPlayBk/Page-Vlink-AuthOnly/input_Password_password'

2023-02-08 18:59:41 - [TEST_STEP][PASSED] - setText(findTestObject("Object Repository/RecAndPlayBk/Page-Vlink-AuthOnly/txt_ResponseFormat"), resFormat): Text 'fixed_width' is set on object 'Object Repository/RecAndPlayBk/Page-Vlink-AuthOnly/txt_ResponseFormat'

2023-02-08 18:59:42 - [MESSAGE][PASSED] - Text 'fixed_width' is set on object 'Object Repository/RecAndPlayBk/Page-Vlink-AuthOnly/txt_ResponseFormat'

2023-02-08 18:59:42 - [TEST_STEP][PASSED] - setText(findTestObject("Object Repository/RecAndPlayBk/Page-Vlink-AuthOnly/input_Category_category"), category): Text 'ECOM' is set on object 'Object Repository/RecAndPlayBk/Page-Vlink-AuthOnly/input_Category_category'

2023-02-08 18:59:42 - [MESSAGE][PASSED] - Text 'ECOM' is set on object 'Object Repository/RecAndPlayBk/Page-Vlink-AuthOnly/input_Category_category'

2023-02-08 18:59:42 - [TEST_STEP][PASSED] - setText(findTestObject("Object Repository/RecAndPlayBk/Page-Vlink-AuthOnly/txt_CardName"), cardName): Text 'Kris Roshan' is set on object 'Object Repository/RecAndPlayBk/Page-Vlink-AuthOnly/txt_CardName'

2023-02-08 18:59:43 - [MESSAGE][PASSED] - Text 'Kris Roshan' is set on object 'Object Repository/RecAndPlayBk/Page-Vlink-AuthOnly/txt_CardName'

2023-02-08 18:59:43 - [TEST_STEP][PASSED] - setText(findTestObject("Object Repository/RecAndPlayBk/Page-Vlink-AuthOnly/txt_AL1"), al1): Text '258 Elm Road' is set on object 'Object Repository/RecAndPlayBk/Page-Vlink-AuthOnly/txt_AL1'

2023-02-08 18:59:44 - [MESSAGE][PASSED] - Text '258 Elm Road' is set on object 'Object Repository/RecAndPlayBk/Page-Vlink-AuthOnly/txt_AL1'

2023-02-08 18:59:44 - [TEST_STEP][PASSED] - setText(findTestObject("Object Repository/RecAndPlayBk/Page-Vlink-AuthOnly/txt_CardCity"), city): Text 'Arlington' is set on object 'Object Repository/RecAndPlayBk/Page-Vlink-AuthOnly/txt_CardCity'

2023-02-08 18:59:44 - [MESSAGE][PASSED] - Text 'Arlington' is set on object 'Object Repository/RecAndPlayBk/Page-Vlink-AuthOnly/txt_CardCity'

2023-02-08 18:59:44 - [TEST_STEP][PASSED] - setText(findTestObject("Object Repository/RecAndPlayBk/Page-Vlink-AuthOnly/txt_CardState"), state): Text 'VA' is set on object 'Object Repository/RecAndPlayBk/Page-Vlink-AuthOnly/txt_CardState'

2023-02-08 18:59:45 - [MESSAGE][PASSED] - Text 'VA' is set on object 'Object Repository/RecAndPlayBk/Page-Vlink-AuthOnly/txt_CardState'

2023-02-08 18:59:45 - [TEST_STEP][PASSED] - setText(findTestObject("Object Repository/RecAndPlayBk/Page-Vlink-AuthOnly/txt_CardZIP"), zip): Text '22201' is set on object 'Object Repository/RecAndPlayBk/Page-Vlink-AuthOnly/txt_CardZIP'

2023-02-08 18:59:46 - [MESSAGE][PASSED] - Text '22201' is set on object 'Object Repository/RecAndPlayBk/Page-Vlink-AuthOnly/txt_CardZIP'

2023-02-08 18:59:46 - [TEST_STEP][PASSED] - setText(findTestObject("Object Repository/RecAndPlayBk/Page-Vlink-AuthOnly/input_Amount_amount"), amount): Text '1.50' is set on object 'Object Repository/RecAndPlayBk/Page-Vlink-AuthOnly/input_Amount_amount'

2023-02-08 18:59:46 - [MESSAGE][PASSED] - Text '1.50' is set on object 'Object Repository/RecAndPlayBk/Page-Vlink-AuthOnly/input_Amount_amount'

2023-02-08 18:59:46 - [TEST_STEP][PASSED] - setText(findTestObject("Object Repository/RecAndPlayBk/Page-Vlink-AuthOnly/input_Card number_card_number"), cardNumber): Text '4111111111111111' is set on object 'Object Repository/RecAndPlayBk/Page-Vlink-AuthOnly/input_Card number_card_number'

2023-02-08 18:59:47 - [MESSAGE][PASSED] - Text '4111111111111111' is set on object 'Object Repository/RecAndPlayBk/Page-Vlink-AuthOnly/input_Card number_card_number'

2023-02-08 18:59:47 - [TEST_STEP][PASSED] - setText(findTestObject("Object Repository/RecAndPlayBk/Page-Vlink-AuthOnly/input_Card ex month_card_exmo"), exM): Text '' is set on object 'Object Repository/RecAndPlayBk/Page-Vlink-AuthOnly/input_Card ex month_card_exmo'

2023-02-08 18:59:47 - [MESSAGE][PASSED] - Text '' is set on object 'Object Repository/RecAndPlayBk/Page-Vlink-AuthOnly/input_Card ex month_card_exmo'

2023-02-08 18:59:47 - [TEST_STEP][PASSED] - setText(findTestObject("Object Repository/RecAndPlayBk/Page-Vlink-AuthOnly/input_Card ex year_card_exyr"), exY): Text '2025' is set on object 'Object Repository/RecAndPlayBk/Page-Vlink-AuthOnly/input_Card ex year_card_exyr'

2023-02-08 18:59:48 - [MESSAGE][PASSED] - Text '2025' is set on object 'Object Repository/RecAndPlayBk/Page-Vlink-AuthOnly/input_Card ex year_card_exyr'

2023-02-08 18:59:48 - [TEST_STEP][PASSED] - setText(findTestObject("Object Repository/RecAndPlayBk/Page-Vlink-AuthOnly/input_Track Data_track_data"), ""): Text '' is set on object 'Object Repository/RecAndPlayBk/Page-Vlink-AuthOnly/input_Track Data_track_data'

2023-02-08 18:59:49 - [MESSAGE][PASSED] - Text '' is set on object 'Object Repository/RecAndPlayBk/Page-Vlink-AuthOnly/input_Track Data_track_data'

2023-02-08 18:59:49 - [TEST_STEP][PASSED] - setText(findTestObject("Object Repository/RecAndPlayBk/Page-Vlink-AuthOnly/input_concat(Cardholder, , s email)_email"), ""): Text '' is set on object 'Object Repository/RecAndPlayBk/Page-Vlink-AuthOnly/input_concat(Cardholder, , s email)_email'

2023-02-08 18:59:49 - [MESSAGE][PASSED] - Text '' is set on object 'Object Repository/RecAndPlayBk/Page-Vlink-AuthOnly/input_concat(Cardholder, , s email)_email'

2023-02-08 18:59:49 - [TEST_STEP][PASSED] - click(findTestObject("Object Repository/RecAndPlayBk/Page-Vlink-AuthOnly/input_user_defined10_user_defined10")): Object: 'Object Repository/RecAndPlayBk/Page-Vlink-AuthOnly/input_user_defined10_user_defined10' is clicked on

2023-02-08 18:59:50 - [MESSAGE][PASSED] - Object: 'Object Repository/RecAndPlayBk/Page-Vlink-AuthOnly/input_user_defined10_user_defined10' is clicked on

2023-02-08 18:59:50 - [TEST_STEP][PASSED] - setText(findTestObject("Object Repository/RecAndPlayBk/Page-Vlink-AuthOnly/input_Card on File Indicator_card_on_file_i_157dae"), ""): Text '' is set on object 'Object Repository/RecAndPlayBk/Page-Vlink-AuthOnly/input_Card on File Indicator_card_on_file_i_157dae'

2023-02-08 18:59:50 - [MESSAGE][PASSED] - Text '' is set on object 'Object Repository/RecAndPlayBk/Page-Vlink-AuthOnly/input_Card on File Indicator_card_on_file_i_157dae'

2023-02-08 18:59:50 - [TEST_STEP][PASSED] - setText(findTestObject("Object Repository/RecAndPlayBk/Page-Vlink-AuthOnly/input_Stored Credential Indicator_stored_cr_4ae73c"), ""): Text '' is set on object 'Object Repository/RecAndPlayBk/Page-Vlink-AuthOnly/input_Stored Credential Indicator_stored_cr_4ae73c'

2023-02-08 18:59:51 - [MESSAGE][PASSED] - Text '' is set on object 'Object Repository/RecAndPlayBk/Page-Vlink-AuthOnly/input_Stored Credential Indicator_stored_cr_4ae73c'

2023-02-08 18:59:51 - [TEST_STEP][PASSED] - setText(findTestObject("Object Repository/RecAndPlayBk/Page-Vlink-AuthOnly/input_COF Scheduled indicator_cof_scheduled_8df7d8"), ""): Text '' is set on object 'Object Repository/RecAndPlayBk/Page-Vlink-AuthOnly/input_COF Scheduled indicator_cof_scheduled_8df7d8'

2023-02-08 18:59:52 - [MESSAGE][PASSED] - Text '' is set on object 'Object Repository/RecAndPlayBk/Page-Vlink-AuthOnly/input_COF Scheduled indicator_cof_scheduled_8df7d8'

2023-02-08 18:59:52 - [TEST_STEP][PASSED] - setText(findTestObject("Object Repository/RecAndPlayBk/Page-Vlink-AuthOnly/input_COF Transaction Initiated by_cof_tran_6cded5"), ""): Text '' is set on object 'Object Repository/RecAndPlayBk/Page-Vlink-AuthOnly/input_COF Transaction Initiated by_cof_tran_6cded5'

2023-02-08 18:59:52 - [MESSAGE][PASSED] - Text '' is set on object 'Object Repository/RecAndPlayBk/Page-Vlink-AuthOnly/input_COF Transaction Initiated by_cof_tran_6cded5'

2023-02-08 18:59:52 - [TEST_STEP][PASSED] - click(findTestObject("Object Repository/RecAndPlayBk/Page-Vlink-AuthOnly/input")): Object: 'Object Repository/RecAndPlayBk/Page-Vlink-AuthOnly/input' is clicked on

2023-02-08 18:59:53 - [MESSAGE][PASSED] - Object: 'Object Repository/RecAndPlayBk/Page-Vlink-AuthOnly/input' is clicked on

2023-02-08 18:59:53 - [TEST_STEP][PASSED] - if (verifyTextPresent(errorMsg, true)): null

2023-02-08 18:59:53 - [MESSAGE][PASSED] - Text 'card_exmo' is present on page  using regular expression

2023-02-08 18:59:53 - [TEST_STEP][PASSED] - println("Error Message is present on the Confirmation page"): null

2023-02-08 18:59:53 - [TEST_STEP][PASSED] - out.println("Pass Record Number: " + row): null

2023-02-08 18:59:53 - [TEST_STEP][PASSED] - resText = "Pass": null

2023-02-08 18:59:53 - [TEST_STEP][PASSED] - pages.WriteExcel.demoKey(resText, datText, resColumn, datCloumn, fileLoc, nameSheet, row): pages.WriteExcel.demoKey is PASSED

2023-02-08 18:59:53 - [MESSAGE][PASSED] - pages.WriteExcel.demoKey is PASSED

2023-02-08 18:59:53 - [TEST_STEP][PASSED] - ExecuteTC = findTestData(dataFile).getValue("Execute", row): null

2023-02-08 18:59:53 - [TEST_STEP][PASSED] - out.println("Value of Execute is : " + ExecuteTC): null

2023-02-08 18:59:53 - [TEST_STEP][PASSED] - if (ExecuteTC.equalsIgnoreCase("Y")): null

2023-02-08 18:59:53 - [TEST_STEP][PASSED] - out.println("Begin Record Number: " + row): null

2023-02-08 18:59:53 - [TEST_STEP][PASSED] - today = new java.util.Date(): null

2023-02-08 18:59:53 - [TEST_STEP][PASSED] - println(today): null

2023-02-08 18:59:53 - [TEST_STEP][PASSED] - datText = today: null

2023-02-08 18:59:53 - [TEST_STEP][PASSED] - errorMsg = findTestData(dataFile).getValue("ErrorMsg", row): null

2023-02-08 18:59:53 - [TEST_STEP][PASSED] - appID = findTestData(dataFile).getValue("AppID", row): null

2023-02-08 18:59:54 - [TEST_STEP][PASSED] - username = findTestData(dataFile).getValue("Username", row): null

2023-02-08 18:59:54 - [TEST_STEP][PASSED] - password = findTestData(dataFile).getValue("Password", row): null

2023-02-08 18:59:54 - [TEST_STEP][PASSED] - tranType = findTestData(dataFile).getValue("TranType", row): null

2023-02-08 18:59:54 - [TEST_STEP][PASSED] - mv = findTestData(dataFile).getValue("MV", row): null

2023-02-08 18:59:54 - [TEST_STEP][PASSED] - resFormat = findTestData(dataFile).getValue("ResFormat", row): null

2023-02-08 18:59:54 - [TEST_STEP][PASSED] - category = findTestData(dataFile).getValue("Category", row): null

2023-02-08 18:59:54 - [TEST_STEP][PASSED] - amount = findTestData(dataFile).getValue("Amount", row): null

2023-02-08 18:59:54 - [TEST_STEP][PASSED] - cardName = findTestData(dataFile).getValue("CardName", row): null

2023-02-08 18:59:54 - [TEST_STEP][PASSED] - al1 = findTestData(dataFile).getValue("AL1", row): null

2023-02-08 18:59:54 - [TEST_STEP][PASSED] - city = findTestData(dataFile).getValue("City", row): null

2023-02-08 18:59:54 - [TEST_STEP][PASSED] - state = findTestData(dataFile).getValue("State", row): null

2023-02-08 18:59:54 - [TEST_STEP][PASSED] - zip = findTestData(dataFile).getValue("ZIP", row): null

2023-02-08 18:59:54 - [TEST_STEP][PASSED] - cardNumber = findTestData(dataFile).getValue("CardNumber", row): null

2023-02-08 18:59:55 - [TEST_STEP][PASSED] - exM = findTestData(dataFile).getValue("ExM", row): null

2023-02-08 18:59:55 - [TEST_STEP][PASSED] - exY = findTestData(dataFile).getValue("ExY", row): null

2023-02-08 18:59:55 - [TEST_STEP][PASSED] - openBrowser(VLinkURL + "auth.html"): Browser is opened with url: 'https://dev-algorithm.govolution.com/vlinktest/QA/version_2_0/auth.html'

2023-02-08 18:59:55 - [MESSAGE][WARNING] - A browser is already opened. Closing browser and opening a new one

2023-02-08 18:59:56 - [MESSAGE][INFO] - Starting 'Chrome' driver

2023-02-08 18:59:56 - [MESSAGE][INFO] - User set preference: ['acceptInsecureCerts', 'true']

2023-02-08 18:59:56 - [MESSAGE][INFO] - Action delay is set to 0 milliseconds

2023-02-08 18:59:57 - [MESSAGE][PASSED] - Browser is opened with url: 'https://dev-algorithm.govolution.com/vlinktest/QA/version_2_0/auth.html'

2023-02-08 18:59:57 - [TEST_STEP][PASSED] - maximizeWindow(): Current window maximized

2023-02-08 18:59:58 - [MESSAGE][PASSED] - Current window maximized

2023-02-08 18:59:58 - [TEST_STEP][PASSED] - maximizeWindow(): Current window maximized

2023-02-08 18:59:58 - [MESSAGE][PASSED] - Current window maximized

2023-02-08 18:59:58 - [TEST_STEP][PASSED] - setText(findTestObject("Object Repository/RecAndPlayBk/Page-Vlink-AuthOnly/txt_TransactionType"), tranType): Text '104' is set on object 'Object Repository/RecAndPlayBk/Page-Vlink-AuthOnly/txt_TransactionType'

2023-02-08 18:59:58 - [MESSAGE][PASSED] - Text '104' is set on object 'Object Repository/RecAndPlayBk/Page-Vlink-AuthOnly/txt_TransactionType'

2023-02-08 18:59:58 - [TEST_STEP][PASSED] - setText(findTestObject("Object Repository/RecAndPlayBk/Page-Vlink-AuthOnly/txt_MessageVersion"), mv): Text '2.0C' is set on object 'Object Repository/RecAndPlayBk/Page-Vlink-AuthOnly/txt_MessageVersion'

2023-02-08 18:59:59 - [MESSAGE][PASSED] - Text '2.0C' is set on object 'Object Repository/RecAndPlayBk/Page-Vlink-AuthOnly/txt_MessageVersion'

2023-02-08 18:59:59 - [TEST_STEP][PASSED] - genRemID = RandomStringUtils.random(12, true, true): null

2023-02-08 18:59:59 - [TEST_STEP][PASSED] - setText(findTestObject("Object Repository/RecAndPlayBk/Page-Vlink-AuthOnly/input_Remittance Id_remittance_id"), genRemID): Text 'Z6JPFPA6H3r6' is set on object 'Object Repository/RecAndPlayBk/Page-Vlink-AuthOnly/input_Remittance Id_remittance_id'

2023-02-08 19:00:00 - [MESSAGE][PASSED] - Text 'Z6JPFPA6H3r6' is set on object 'Object Repository/RecAndPlayBk/Page-Vlink-AuthOnly/input_Remittance Id_remittance_id'

2023-02-08 19:00:00 - [TEST_STEP][PASSED] - setText(findTestObject("Object Repository/RecAndPlayBk/Page-Vlink-AuthOnly/input_Application Id_application_id"), appID): Text '234' is set on object 'Object Repository/RecAndPlayBk/Page-Vlink-AuthOnly/input_Application Id_application_id'

2023-02-08 19:00:00 - [MESSAGE][PASSED] - Text '234' is set on object 'Object Repository/RecAndPlayBk/Page-Vlink-AuthOnly/input_Application Id_application_id'

2023-02-08 19:00:00 - [TEST_STEP][PASSED] - setText(findTestObject("Object Repository/RecAndPlayBk/Page-Vlink-AuthOnly/input_Username_username"), username): Text 'username' is set on object 'Object Repository/RecAndPlayBk/Page-Vlink-AuthOnly/input_Username_username'

2023-02-08 19:00:01 - [MESSAGE][PASSED] - Text 'username' is set on object 'Object Repository/RecAndPlayBk/Page-Vlink-AuthOnly/input_Username_username'

2023-02-08 19:00:01 - [TEST_STEP][PASSED] - setText(findTestObject("Object Repository/RecAndPlayBk/Page-Vlink-AuthOnly/input_Password_password"), password): Text 'password' is set on object 'Object Repository/RecAndPlayBk/Page-Vlink-AuthOnly/input_Password_password'

2023-02-08 19:00:01 - [MESSAGE][PASSED] - Text 'password' is set on object 'Object Repository/RecAndPlayBk/Page-Vlink-AuthOnly/input_Password_password'

2023-02-08 19:00:01 - [TEST_STEP][PASSED] - setText(findTestObject("Object Repository/RecAndPlayBk/Page-Vlink-AuthOnly/txt_ResponseFormat"), resFormat): Text 'fixed_width' is set on object 'Object Repository/RecAndPlayBk/Page-Vlink-AuthOnly/txt_ResponseFormat'

2023-02-08 19:00:02 - [MESSAGE][PASSED] - Text 'fixed_width' is set on object 'Object Repository/RecAndPlayBk/Page-Vlink-AuthOnly/txt_ResponseFormat'

2023-02-08 19:00:02 - [TEST_STEP][PASSED] - setText(findTestObject("Object Repository/RecAndPlayBk/Page-Vlink-AuthOnly/input_Category_category"), category): Text 'MOTO' is set on object 'Object Repository/RecAndPlayBk/Page-Vlink-AuthOnly/input_Category_category'

2023-02-08 19:00:03 - [MESSAGE][PASSED] - Text 'MOTO' is set on object 'Object Repository/RecAndPlayBk/Page-Vlink-AuthOnly/input_Category_category'

2023-02-08 19:00:03 - [TEST_STEP][PASSED] - setText(findTestObject("Object Repository/RecAndPlayBk/Page-Vlink-AuthOnly/txt_CardName"), cardName): Text 'Kris Roshan' is set on object 'Object Repository/RecAndPlayBk/Page-Vlink-AuthOnly/txt_CardName'

2023-02-08 19:00:03 - [MESSAGE][PASSED] - Text 'Kris Roshan' is set on object 'Object Repository/RecAndPlayBk/Page-Vlink-AuthOnly/txt_CardName'

2023-02-08 19:00:03 - [TEST_STEP][PASSED] - setText(findTestObject("Object Repository/RecAndPlayBk/Page-Vlink-AuthOnly/txt_AL1"), al1): Text '258 Elm Road' is set on object 'Object Repository/RecAndPlayBk/Page-Vlink-AuthOnly/txt_AL1'

2023-02-08 19:00:04 - [MESSAGE][PASSED] - Text '258 Elm Road' is set on object 'Object Repository/RecAndPlayBk/Page-Vlink-AuthOnly/txt_AL1'

2023-02-08 19:00:04 - [TEST_STEP][PASSED] - setText(findTestObject("Object Repository/RecAndPlayBk/Page-Vlink-AuthOnly/txt_CardCity"), city): Text 'Arlington' is set on object 'Object Repository/RecAndPlayBk/Page-Vlink-AuthOnly/txt_CardCity'

2023-02-08 19:00:05 - [MESSAGE][PASSED] - Text 'Arlington' is set on object 'Object Repository/RecAndPlayBk/Page-Vlink-AuthOnly/txt_CardCity'

2023-02-08 19:00:05 - [TEST_STEP][PASSED] - setText(findTestObject("Object Repository/RecAndPlayBk/Page-Vlink-AuthOnly/txt_CardState"), state): Text 'VA' is set on object 'Object Repository/RecAndPlayBk/Page-Vlink-AuthOnly/txt_CardState'

2023-02-08 19:00:05 - [MESSAGE][PASSED] - Text 'VA' is set on object 'Object Repository/RecAndPlayBk/Page-Vlink-AuthOnly/txt_CardState'

2023-02-08 19:00:05 - [TEST_STEP][PASSED] - setText(findTestObject("Object Repository/RecAndPlayBk/Page-Vlink-AuthOnly/txt_CardZIP"), zip): Text '22201' is set on object 'Object Repository/RecAndPlayBk/Page-Vlink-AuthOnly/txt_CardZIP'

2023-02-08 19:00:06 - [MESSAGE][PASSED] - Text '22201' is set on object 'Object Repository/RecAndPlayBk/Page-Vlink-AuthOnly/txt_CardZIP'

2023-02-08 19:00:06 - [TEST_STEP][PASSED] - setText(findTestObject("Object Repository/RecAndPlayBk/Page-Vlink-AuthOnly/input_Amount_amount"), amount): Text '1.50' is set on object 'Object Repository/RecAndPlayBk/Page-Vlink-AuthOnly/input_Amount_amount'

2023-02-08 19:00:07 - [MESSAGE][PASSED] - Text '1.50' is set on object 'Object Repository/RecAndPlayBk/Page-Vlink-AuthOnly/input_Amount_amount'

2023-02-08 19:00:07 - [TEST_STEP][PASSED] - setText(findTestObject("Object Repository/RecAndPlayBk/Page-Vlink-AuthOnly/input_Card number_card_number"), cardNumber): Text '4111111111111111' is set on object 'Object Repository/RecAndPlayBk/Page-Vlink-AuthOnly/input_Card number_card_number'

2023-02-08 19:00:07 - [MESSAGE][PASSED] - Text '4111111111111111' is set on object 'Object Repository/RecAndPlayBk/Page-Vlink-AuthOnly/input_Card number_card_number'

2023-02-08 19:00:07 - [TEST_STEP][PASSED] - setText(findTestObject("Object Repository/RecAndPlayBk/Page-Vlink-AuthOnly/input_Card ex month_card_exmo"), exM): Text '' is set on object 'Object Repository/RecAndPlayBk/Page-Vlink-AuthOnly/input_Card ex month_card_exmo'

2023-02-08 19:00:08 - [MESSAGE][PASSED] - Text '' is set on object 'Object Repository/RecAndPlayBk/Page-Vlink-AuthOnly/input_Card ex month_card_exmo'

2023-02-08 19:00:08 - [TEST_STEP][PASSED] - setText(findTestObject("Object Repository/RecAndPlayBk/Page-Vlink-AuthOnly/input_Card ex year_card_exyr"), exY): Text '2025' is set on object 'Object Repository/RecAndPlayBk/Page-Vlink-AuthOnly/input_Card ex year_card_exyr'

2023-02-08 19:00:08 - [MESSAGE][PASSED] - Text '2025' is set on object 'Object Repository/RecAndPlayBk/Page-Vlink-AuthOnly/input_Card ex year_card_exyr'

2023-02-08 19:00:08 - [TEST_STEP][PASSED] - setText(findTestObject("Object Repository/RecAndPlayBk/Page-Vlink-AuthOnly/input_Track Data_track_data"), ""): Text '' is set on object 'Object Repository/RecAndPlayBk/Page-Vlink-AuthOnly/input_Track Data_track_data'

2023-02-08 19:00:09 - [MESSAGE][PASSED] - Text '' is set on object 'Object Repository/RecAndPlayBk/Page-Vlink-AuthOnly/input_Track Data_track_data'

2023-02-08 19:00:09 - [TEST_STEP][PASSED] - setText(findTestObject("Object Repository/RecAndPlayBk/Page-Vlink-AuthOnly/input_concat(Cardholder, , s email)_email"), ""): Text '' is set on object 'Object Repository/RecAndPlayBk/Page-Vlink-AuthOnly/input_concat(Cardholder, , s email)_email'

2023-02-08 19:00:10 - [MESSAGE][PASSED] - Text '' is set on object 'Object Repository/RecAndPlayBk/Page-Vlink-AuthOnly/input_concat(Cardholder, , s email)_email'

2023-02-08 19:00:10 - [TEST_STEP][PASSED] - click(findTestObject("Object Repository/RecAndPlayBk/Page-Vlink-AuthOnly/input_user_defined10_user_defined10")): Object: 'Object Repository/RecAndPlayBk/Page-Vlink-AuthOnly/input_user_defined10_user_defined10' is clicked on

2023-02-08 19:00:10 - [MESSAGE][PASSED] - Object: 'Object Repository/RecAndPlayBk/Page-Vlink-AuthOnly/input_user_defined10_user_defined10' is clicked on

2023-02-08 19:00:10 - [TEST_STEP][PASSED] - setText(findTestObject("Object Repository/RecAndPlayBk/Page-Vlink-AuthOnly/input_Card on File Indicator_card_on_file_i_157dae"), ""): Text '' is set on object 'Object Repository/RecAndPlayBk/Page-Vlink-AuthOnly/input_Card on File Indicator_card_on_file_i_157dae'

2023-02-08 19:00:11 - [MESSAGE][PASSED] - Text '' is set on object 'Object Repository/RecAndPlayBk/Page-Vlink-AuthOnly/input_Card on File Indicator_card_on_file_i_157dae'

2023-02-08 19:00:11 - [TEST_STEP][PASSED] - setText(findTestObject("Object Repository/RecAndPlayBk/Page-Vlink-AuthOnly/input_Stored Credential Indicator_stored_cr_4ae73c"), ""): Text '' is set on object 'Object Repository/RecAndPlayBk/Page-Vlink-AuthOnly/input_Stored Credential Indicator_stored_cr_4ae73c'

2023-02-08 19:00:12 - [MESSAGE][PASSED] - Text '' is set on object 'Object Repository/RecAndPlayBk/Page-Vlink-AuthOnly/input_Stored Credential Indicator_stored_cr_4ae73c'

2023-02-08 19:00:12 - [TEST_STEP][PASSED] - setText(findTestObject("Object Repository/RecAndPlayBk/Page-Vlink-AuthOnly/input_COF Scheduled indicator_cof_scheduled_8df7d8"), ""): Text '' is set on object 'Object Repository/RecAndPlayBk/Page-Vlink-AuthOnly/input_COF Scheduled indicator_cof_scheduled_8df7d8'

2023-02-08 19:00:12 - [MESSAGE][PASSED] - Text '' is set on object 'Object Repository/RecAndPlayBk/Page-Vlink-AuthOnly/input_COF Scheduled indicator_cof_scheduled_8df7d8'

2023-02-08 19:00:12 - [TEST_STEP][PASSED] - setText(findTestObject("Object Repository/RecAndPlayBk/Page-Vlink-AuthOnly/input_COF Transaction Initiated by_cof_tran_6cded5"), ""): Text '' is set on object 'Object Repository/RecAndPlayBk/Page-Vlink-AuthOnly/input_COF Transaction Initiated by_cof_tran_6cded5'

2023-02-08 19:00:13 - [MESSAGE][PASSED] - Text '' is set on object 'Object Repository/RecAndPlayBk/Page-Vlink-AuthOnly/input_COF Transaction Initiated by_cof_tran_6cded5'

2023-02-08 19:00:13 - [TEST_STEP][PASSED] - click(findTestObject("Object Repository/RecAndPlayBk/Page-Vlink-AuthOnly/input")): Object: 'Object Repository/RecAndPlayBk/Page-Vlink-AuthOnly/input' is clicked on

2023-02-08 19:00:13 - [MESSAGE][PASSED] - Object: 'Object Repository/RecAndPlayBk/Page-Vlink-AuthOnly/input' is clicked on

2023-02-08 19:00:13 - [TEST_STEP][PASSED] - if (verifyTextPresent(errorMsg, true)): null

2023-02-08 19:00:14 - [MESSAGE][PASSED] - Text 'card_exmo' is present on page  using regular expression

2023-02-08 19:00:14 - [TEST_STEP][PASSED] - println("Error Message is present on the Confirmation page"): null

2023-02-08 19:00:14 - [TEST_STEP][PASSED] - out.println("Pass Record Number: " + row): null

2023-02-08 19:00:14 - [TEST_STEP][PASSED] - resText = "Pass": null

2023-02-08 19:00:14 - [TEST_STEP][PASSED] - pages.WriteExcel.demoKey(resText, datText, resColumn, datCloumn, fileLoc, nameSheet, row): pages.WriteExcel.demoKey is PASSED

2023-02-08 19:00:14 - [MESSAGE][PASSED] - pages.WriteExcel.demoKey is PASSED

2023-02-08 19:00:14 - [TEST_STEP][PASSED] - ExecuteTC = findTestData(dataFile).getValue("Execute", row): null

2023-02-08 19:00:14 - [TEST_STEP][PASSED] - out.println("Value of Execute is : " + ExecuteTC): null

2023-02-08 19:00:14 - [TEST_STEP][PASSED] - if (ExecuteTC.equalsIgnoreCase("Y")): null

2023-02-08 19:00:14 - [TEST_STEP][PASSED] - out.println("Begin Record Number: " + row): null

2023-02-08 19:00:14 - [TEST_STEP][PASSED] - today = new java.util.Date(): null

2023-02-08 19:00:14 - [TEST_STEP][PASSED] - println(today): null

2023-02-08 19:00:14 - [TEST_STEP][PASSED] - datText = today: null

2023-02-08 19:00:14 - [TEST_STEP][PASSED] - errorMsg = findTestData(dataFile).getValue("ErrorMsg", row): null

2023-02-08 19:00:14 - [TEST_STEP][PASSED] - appID = findTestData(dataFile).getValue("AppID", row): null

2023-02-08 19:00:14 - [TEST_STEP][PASSED] - username = findTestData(dataFile).getValue("Username", row): null

2023-02-08 19:00:14 - [TEST_STEP][PASSED] - password = findTestData(dataFile).getValue("Password", row): null

2023-02-08 19:00:14 - [TEST_STEP][PASSED] - tranType = findTestData(dataFile).getValue("TranType", row): null

2023-02-08 19:00:14 - [TEST_STEP][PASSED] - mv = findTestData(dataFile).getValue("MV", row): null

2023-02-08 19:00:14 - [TEST_STEP][PASSED] - resFormat = findTestData(dataFile).getValue("ResFormat", row): null

2023-02-08 19:00:14 - [TEST_STEP][PASSED] - category = findTestData(dataFile).getValue("Category", row): null

2023-02-08 19:00:15 - [TEST_STEP][PASSED] - amount = findTestData(dataFile).getValue("Amount", row): null

2023-02-08 19:00:15 - [TEST_STEP][PASSED] - cardName = findTestData(dataFile).getValue("CardName", row): null

2023-02-08 19:00:15 - [TEST_STEP][PASSED] - al1 = findTestData(dataFile).getValue("AL1", row): null

2023-02-08 19:00:15 - [TEST_STEP][PASSED] - city = findTestData(dataFile).getValue("City", row): null

2023-02-08 19:00:15 - [TEST_STEP][PASSED] - state = findTestData(dataFile).getValue("State", row): null

2023-02-08 19:00:15 - [TEST_STEP][PASSED] - zip = findTestData(dataFile).getValue("ZIP", row): null

2023-02-08 19:00:15 - [TEST_STEP][PASSED] - cardNumber = findTestData(dataFile).getValue("CardNumber", row): null

2023-02-08 19:00:15 - [TEST_STEP][PASSED] - exM = findTestData(dataFile).getValue("ExM", row): null

2023-02-08 19:00:15 - [TEST_STEP][PASSED] - exY = findTestData(dataFile).getValue("ExY", row): null

2023-02-08 19:00:15 - [TEST_STEP][PASSED] - openBrowser(VLinkURL + "auth.html"): Browser is opened with url: 'https://dev-algorithm.govolution.com/vlinktest/QA/version_2_0/auth.html'

2023-02-08 19:00:15 - [MESSAGE][WARNING] - A browser is already opened. Closing browser and opening a new one

2023-02-08 19:00:16 - [MESSAGE][INFO] - Starting 'Chrome' driver

2023-02-08 19:00:16 - [MESSAGE][INFO] - User set preference: ['acceptInsecureCerts', 'true']

2023-02-08 19:00:16 - [MESSAGE][INFO] - Action delay is set to 0 milliseconds

2023-02-08 19:00:18 - [MESSAGE][PASSED] - Browser is opened with url: 'https://dev-algorithm.govolution.com/vlinktest/QA/version_2_0/auth.html'

2023-02-08 19:00:18 - [TEST_STEP][PASSED] - maximizeWindow(): Current window maximized

2023-02-08 19:00:18 - [MESSAGE][PASSED] - Current window maximized

2023-02-08 19:00:18 - [TEST_STEP][PASSED] - maximizeWindow(): Current window maximized

2023-02-08 19:00:18 - [MESSAGE][PASSED] - Current window maximized

2023-02-08 19:00:18 - [TEST_STEP][PASSED] - setText(findTestObject("Object Repository/RecAndPlayBk/Page-Vlink-AuthOnly/txt_TransactionType"), tranType): Text '104' is set on object 'Object Repository/RecAndPlayBk/Page-Vlink-AuthOnly/txt_TransactionType'

2023-02-08 19:00:19 - [MESSAGE][PASSED] - Text '104' is set on object 'Object Repository/RecAndPlayBk/Page-Vlink-AuthOnly/txt_TransactionType'

2023-02-08 19:00:19 - [TEST_STEP][PASSED] - setText(findTestObject("Object Repository/RecAndPlayBk/Page-Vlink-AuthOnly/txt_MessageVersion"), mv): Text '2.0C' is set on object 'Object Repository/RecAndPlayBk/Page-Vlink-AuthOnly/txt_MessageVersion'

2023-02-08 19:00:20 - [MESSAGE][PASSED] - Text '2.0C' is set on object 'Object Repository/RecAndPlayBk/Page-Vlink-AuthOnly/txt_MessageVersion'

2023-02-08 19:00:20 - [TEST_STEP][PASSED] - genRemID = RandomStringUtils.random(12, true, true): null

2023-02-08 19:00:20 - [TEST_STEP][PASSED] - setText(findTestObject("Object Repository/RecAndPlayBk/Page-Vlink-AuthOnly/input_Remittance Id_remittance_id"), genRemID): Text '4uGgOSj9JQkm' is set on object 'Object Repository/RecAndPlayBk/Page-Vlink-AuthOnly/input_Remittance Id_remittance_id'

2023-02-08 19:00:20 - [MESSAGE][PASSED] - Text '4uGgOSj9JQkm' is set on object 'Object Repository/RecAndPlayBk/Page-Vlink-AuthOnly/input_Remittance Id_remittance_id'

2023-02-08 19:00:20 - [TEST_STEP][PASSED] - setText(findTestObject("Object Repository/RecAndPlayBk/Page-Vlink-AuthOnly/input_Application Id_application_id"), appID): Text '234' is set on object 'Object Repository/RecAndPlayBk/Page-Vlink-AuthOnly/input_Application Id_application_id'

2023-02-08 19:00:21 - [MESSAGE][PASSED] - Text '234' is set on object 'Object Repository/RecAndPlayBk/Page-Vlink-AuthOnly/input_Application Id_application_id'

2023-02-08 19:00:21 - [TEST_STEP][PASSED] - setText(findTestObject("Object Repository/RecAndPlayBk/Page-Vlink-AuthOnly/input_Username_username"), username): Text 'username' is set on object 'Object Repository/RecAndPlayBk/Page-Vlink-AuthOnly/input_Username_username'

2023-02-08 19:00:21 - [MESSAGE][PASSED] - Text 'username' is set on object 'Object Repository/RecAndPlayBk/Page-Vlink-AuthOnly/input_Username_username'

2023-02-08 19:00:21 - [TEST_STEP][PASSED] - setText(findTestObject("Object Repository/RecAndPlayBk/Page-Vlink-AuthOnly/input_Password_password"), password): Text 'password' is set on object 'Object Repository/RecAndPlayBk/Page-Vlink-AuthOnly/input_Password_password'

2023-02-08 19:00:22 - [MESSAGE][PASSED] - Text 'password' is set on object 'Object Repository/RecAndPlayBk/Page-Vlink-AuthOnly/input_Password_password'

2023-02-08 19:00:22 - [TEST_STEP][PASSED] - setText(findTestObject("Object Repository/RecAndPlayBk/Page-Vlink-AuthOnly/txt_ResponseFormat"), resFormat): Text 'fixed_width' is set on object 'Object Repository/RecAndPlayBk/Page-Vlink-AuthOnly/txt_ResponseFormat'

2023-02-08 19:00:23 - [MESSAGE][PASSED] - Text 'fixed_width' is set on object 'Object Repository/RecAndPlayBk/Page-Vlink-AuthOnly/txt_ResponseFormat'

2023-02-08 19:00:23 - [TEST_STEP][PASSED] - setText(findTestObject("Object Repository/RecAndPlayBk/Page-Vlink-AuthOnly/input_Category_category"), category): Text 'RETL' is set on object 'Object Repository/RecAndPlayBk/Page-Vlink-AuthOnly/input_Category_category'

2023-02-08 19:00:23 - [MESSAGE][PASSED] - Text 'RETL' is set on object 'Object Repository/RecAndPlayBk/Page-Vlink-AuthOnly/input_Category_category'

2023-02-08 19:00:23 - [TEST_STEP][PASSED] - setText(findTestObject("Object Repository/RecAndPlayBk/Page-Vlink-AuthOnly/txt_CardName"), cardName): Text 'Kris Roshan' is set on object 'Object Repository/RecAndPlayBk/Page-Vlink-AuthOnly/txt_CardName'

2023-02-08 19:00:24 - [MESSAGE][PASSED] - Text 'Kris Roshan' is set on object 'Object Repository/RecAndPlayBk/Page-Vlink-AuthOnly/txt_CardName'

2023-02-08 19:00:24 - [TEST_STEP][PASSED] - setText(findTestObject("Object Repository/RecAndPlayBk/Page-Vlink-AuthOnly/txt_AL1"), al1): Text '258 Elm Road' is set on object 'Object Repository/RecAndPlayBk/Page-Vlink-AuthOnly/txt_AL1'

2023-02-08 19:00:25 - [MESSAGE][PASSED] - Text '258 Elm Road' is set on object 'Object Repository/RecAndPlayBk/Page-Vlink-AuthOnly/txt_AL1'

2023-02-08 19:00:25 - [TEST_STEP][PASSED] - setText(findTestObject("Object Repository/RecAndPlayBk/Page-Vlink-AuthOnly/txt_CardCity"), city): Text 'Arlington' is set on object 'Object Repository/RecAndPlayBk/Page-Vlink-AuthOnly/txt_CardCity'

2023-02-08 19:00:25 - [MESSAGE][PASSED] - Text 'Arlington' is set on object 'Object Repository/RecAndPlayBk/Page-Vlink-AuthOnly/txt_CardCity'

2023-02-08 19:00:25 - [TEST_STEP][PASSED] - setText(findTestObject("Object Repository/RecAndPlayBk/Page-Vlink-AuthOnly/txt_CardState"), state): Text 'VA' is set on object 'Object Repository/RecAndPlayBk/Page-Vlink-AuthOnly/txt_CardState'

2023-02-08 19:00:26 - [MESSAGE][PASSED] - Text 'VA' is set on object 'Object Repository/RecAndPlayBk/Page-Vlink-AuthOnly/txt_CardState'

2023-02-08 19:00:26 - [TEST_STEP][PASSED] - setText(findTestObject("Object Repository/RecAndPlayBk/Page-Vlink-AuthOnly/txt_CardZIP"), zip): Text '22201' is set on object 'Object Repository/RecAndPlayBk/Page-Vlink-AuthOnly/txt_CardZIP'

2023-02-08 19:00:26 - [MESSAGE][PASSED] - Text '22201' is set on object 'Object Repository/RecAndPlayBk/Page-Vlink-AuthOnly/txt_CardZIP'

2023-02-08 19:00:26 - [TEST_STEP][PASSED] - setText(findTestObject("Object Repository/RecAndPlayBk/Page-Vlink-AuthOnly/input_Amount_amount"), amount): Text '1.50' is set on object 'Object Repository/RecAndPlayBk/Page-Vlink-AuthOnly/input_Amount_amount'

2023-02-08 19:00:27 - [MESSAGE][PASSED] - Text '1.50' is set on object 'Object Repository/RecAndPlayBk/Page-Vlink-AuthOnly/input_Amount_amount'

2023-02-08 19:00:27 - [TEST_STEP][PASSED] - setText(findTestObject("Object Repository/RecAndPlayBk/Page-Vlink-AuthOnly/input_Card number_card_number"), cardNumber): Text '4111111111111111' is set on object 'Object Repository/RecAndPlayBk/Page-Vlink-AuthOnly/input_Card number_card_number'

2023-02-08 19:00:28 - [MESSAGE][PASSED] - Text '4111111111111111' is set on object 'Object Repository/RecAndPlayBk/Page-Vlink-AuthOnly/input_Card number_card_number'

2023-02-08 19:00:28 - [TEST_STEP][PASSED] - setText(findTestObject("Object Repository/RecAndPlayBk/Page-Vlink-AuthOnly/input_Card ex month_card_exmo"), exM): Text '' is set on object 'Object Repository/RecAndPlayBk/Page-Vlink-AuthOnly/input_Card ex month_card_exmo'

2023-02-08 19:00:28 - [MESSAGE][PASSED] - Text '' is set on object 'Object Repository/RecAndPlayBk/Page-Vlink-AuthOnly/input_Card ex month_card_exmo'

2023-02-08 19:00:28 - [TEST_STEP][PASSED] - setText(findTestObject("Object Repository/RecAndPlayBk/Page-Vlink-AuthOnly/input_Card ex year_card_exyr"), exY): Text '2025' is set on object 'Object Repository/RecAndPlayBk/Page-Vlink-AuthOnly/input_Card ex year_card_exyr'

2023-02-08 19:00:29 - [MESSAGE][PASSED] - Text '2025' is set on object 'Object Repository/RecAndPlayBk/Page-Vlink-AuthOnly/input_Card ex year_card_exyr'

2023-02-08 19:00:29 - [TEST_STEP][PASSED] - setText(findTestObject("Object Repository/RecAndPlayBk/Page-Vlink-AuthOnly/input_Track Data_track_data"), ""): Text '' is set on object 'Object Repository/RecAndPlayBk/Page-Vlink-AuthOnly/input_Track Data_track_data'

2023-02-08 19:00:30 - [MESSAGE][PASSED] - Text '' is set on object 'Object Repository/RecAndPlayBk/Page-Vlink-AuthOnly/input_Track Data_track_data'

2023-02-08 19:00:30 - [TEST_STEP][PASSED] - setText(findTestObject("Object Repository/RecAndPlayBk/Page-Vlink-AuthOnly/input_concat(Cardholder, , s email)_email"), ""): Text '' is set on object 'Object Repository/RecAndPlayBk/Page-Vlink-AuthOnly/input_concat(Cardholder, , s email)_email'

2023-02-08 19:00:30 - [MESSAGE][PASSED] - Text '' is set on object 'Object Repository/RecAndPlayBk/Page-Vlink-AuthOnly/input_concat(Cardholder, , s email)_email'

2023-02-08 19:00:30 - [TEST_STEP][PASSED] - click(findTestObject("Object Repository/RecAndPlayBk/Page-Vlink-AuthOnly/input_user_defined10_user_defined10")): Object: 'Object Repository/RecAndPlayBk/Page-Vlink-AuthOnly/input_user_defined10_user_defined10' is clicked on

2023-02-08 19:00:31 - [MESSAGE][PASSED] - Object: 'Object Repository/RecAndPlayBk/Page-Vlink-AuthOnly/input_user_defined10_user_defined10' is clicked on

2023-02-08 19:00:31 - [TEST_STEP][PASSED] - setText(findTestObject("Object Repository/RecAndPlayBk/Page-Vlink-AuthOnly/input_Card on File Indicator_card_on_file_i_157dae"), ""): Text '' is set on object 'Object Repository/RecAndPlayBk/Page-Vlink-AuthOnly/input_Card on File Indicator_card_on_file_i_157dae'

2023-02-08 19:00:31 - [MESSAGE][PASSED] - Text '' is set on object 'Object Repository/RecAndPlayBk/Page-Vlink-AuthOnly/input_Card on File Indicator_card_on_file_i_157dae'

2023-02-08 19:00:31 - [TEST_STEP][PASSED] - setText(findTestObject("Object Repository/RecAndPlayBk/Page-Vlink-AuthOnly/input_Stored Credential Indicator_stored_cr_4ae73c"), ""): Text '' is set on object 'Object Repository/RecAndPlayBk/Page-Vlink-AuthOnly/input_Stored Credential Indicator_stored_cr_4ae73c'

2023-02-08 19:00:32 - [MESSAGE][PASSED] - Text '' is set on object 'Object Repository/RecAndPlayBk/Page-Vlink-AuthOnly/input_Stored Credential Indicator_stored_cr_4ae73c'

2023-02-08 19:00:32 - [TEST_STEP][PASSED] - setText(findTestObject("Object Repository/RecAndPlayBk/Page-Vlink-AuthOnly/input_COF Scheduled indicator_cof_scheduled_8df7d8"), ""): Text '' is set on object 'Object Repository/RecAndPlayBk/Page-Vlink-AuthOnly/input_COF Scheduled indicator_cof_scheduled_8df7d8'

2023-02-08 19:00:33 - [MESSAGE][PASSED] - Text '' is set on object 'Object Repository/RecAndPlayBk/Page-Vlink-AuthOnly/input_COF Scheduled indicator_cof_scheduled_8df7d8'

2023-02-08 19:00:33 - [TEST_STEP][PASSED] - setText(findTestObject("Object Repository/RecAndPlayBk/Page-Vlink-AuthOnly/input_COF Transaction Initiated by_cof_tran_6cded5"), ""): Text '' is set on object 'Object Repository/RecAndPlayBk/Page-Vlink-AuthOnly/input_COF Transaction Initiated by_cof_tran_6cded5'

2023-02-08 19:00:33 - [MESSAGE][PASSED] - Text '' is set on object 'Object Repository/RecAndPlayBk/Page-Vlink-AuthOnly/input_COF Transaction Initiated by_cof_tran_6cded5'

2023-02-08 19:00:33 - [TEST_STEP][PASSED] - click(findTestObject("Object Repository/RecAndPlayBk/Page-Vlink-AuthOnly/input")): Object: 'Object Repository/RecAndPlayBk/Page-Vlink-AuthOnly/input' is clicked on

2023-02-08 19:00:34 - [MESSAGE][PASSED] - Object: 'Object Repository/RecAndPlayBk/Page-Vlink-AuthOnly/input' is clicked on

2023-02-08 19:00:34 - [TEST_STEP][PASSED] - if (verifyTextPresent(errorMsg, true)): null

2023-02-08 19:00:34 - [MESSAGE][PASSED] - Text 'card_exmo' is present on page  using regular expression

2023-02-08 19:00:34 - [TEST_STEP][PASSED] - println("Error Message is present on the Confirmation page"): null

2023-02-08 19:00:34 - [TEST_STEP][PASSED] - out.println("Pass Record Number: " + row): null

2023-02-08 19:00:34 - [TEST_STEP][PASSED] - resText = "Pass": null

2023-02-08 19:00:34 - [TEST_STEP][PASSED] - pages.WriteExcel.demoKey(resText, datText, resColumn, datCloumn, fileLoc, nameSheet, row): pages.WriteExcel.demoKey is PASSED

2023-02-08 19:00:34 - [MESSAGE][PASSED] - pages.WriteExcel.demoKey is PASSED

2023-02-08 19:00:34 - [TEST_STEP][PASSED] - ExecuteTC = findTestData(dataFile).getValue("Execute", row): null

2023-02-08 19:00:34 - [TEST_STEP][PASSED] - out.println("Value of Execute is : " + ExecuteTC): null

2023-02-08 19:00:34 - [TEST_STEP][PASSED] - if (ExecuteTC.equalsIgnoreCase("Y")): null

2023-02-08 19:00:34 - [TEST_STEP][PASSED] - out.println("Begin Record Number: " + row): null

2023-02-08 19:00:34 - [TEST_STEP][PASSED] - today = new java.util.Date(): null

2023-02-08 19:00:34 - [TEST_STEP][PASSED] - println(today): null

2023-02-08 19:00:34 - [TEST_STEP][PASSED] - datText = today: null

2023-02-08 19:00:34 - [TEST_STEP][PASSED] - errorMsg = findTestData(dataFile).getValue("ErrorMsg", row): null

2023-02-08 19:00:34 - [TEST_STEP][PASSED] - appID = findTestData(dataFile).getValue("AppID", row): null

2023-02-08 19:00:34 - [TEST_STEP][PASSED] - username = findTestData(dataFile).getValue("Username", row): null

2023-02-08 19:00:35 - [TEST_STEP][PASSED] - password = findTestData(dataFile).getValue("Password", row): null

2023-02-08 19:00:35 - [TEST_STEP][PASSED] - tranType = findTestData(dataFile).getValue("TranType", row): null

2023-02-08 19:00:35 - [TEST_STEP][PASSED] - mv = findTestData(dataFile).getValue("MV", row): null

2023-02-08 19:00:35 - [TEST_STEP][PASSED] - resFormat = findTestData(dataFile).getValue("ResFormat", row): null

2023-02-08 19:00:35 - [TEST_STEP][PASSED] - category = findTestData(dataFile).getValue("Category", row): null

2023-02-08 19:00:35 - [TEST_STEP][PASSED] - amount = findTestData(dataFile).getValue("Amount", row): null

2023-02-08 19:00:35 - [TEST_STEP][PASSED] - cardName = findTestData(dataFile).getValue("CardName", row): null

2023-02-08 19:00:35 - [TEST_STEP][PASSED] - al1 = findTestData(dataFile).getValue("AL1", row): null

2023-02-08 19:00:35 - [TEST_STEP][PASSED] - city = findTestData(dataFile).getValue("City", row): null

2023-02-08 19:00:35 - [TEST_STEP][PASSED] - state = findTestData(dataFile).getValue("State", row): null

2023-02-08 19:00:35 - [TEST_STEP][PASSED] - zip = findTestData(dataFile).getValue("ZIP", row): null

2023-02-08 19:00:35 - [TEST_STEP][PASSED] - cardNumber = findTestData(dataFile).getValue("CardNumber", row): null

2023-02-08 19:00:35 - [TEST_STEP][PASSED] - exM = findTestData(dataFile).getValue("ExM", row): null

2023-02-08 19:00:36 - [TEST_STEP][PASSED] - exY = findTestData(dataFile).getValue("ExY", row): null

2023-02-08 19:00:36 - [TEST_STEP][PASSED] - openBrowser(VLinkURL + "auth.html"): Browser is opened with url: 'https://dev-algorithm.govolution.com/vlinktest/QA/version_2_0/auth.html'

2023-02-08 19:00:36 - [MESSAGE][WARNING] - A browser is already opened. Closing browser and opening a new one

2023-02-08 19:00:37 - [MESSAGE][INFO] - Starting 'Chrome' driver

2023-02-08 19:00:37 - [MESSAGE][INFO] - User set preference: ['acceptInsecureCerts', 'true']

2023-02-08 19:00:37 - [MESSAGE][INFO] - Action delay is set to 0 milliseconds

2023-02-08 19:00:38 - [MESSAGE][PASSED] - Browser is opened with url: 'https://dev-algorithm.govolution.com/vlinktest/QA/version_2_0/auth.html'

2023-02-08 19:00:38 - [TEST_STEP][PASSED] - maximizeWindow(): Current window maximized

2023-02-08 19:00:39 - [MESSAGE][PASSED] - Current window maximized

2023-02-08 19:00:39 - [TEST_STEP][PASSED] - maximizeWindow(): Current window maximized

2023-02-08 19:00:39 - [MESSAGE][PASSED] - Current window maximized

2023-02-08 19:00:39 - [TEST_STEP][PASSED] - setText(findTestObject("Object Repository/RecAndPlayBk/Page-Vlink-AuthOnly/txt_TransactionType"), tranType): Text '104' is set on object 'Object Repository/RecAndPlayBk/Page-Vlink-AuthOnly/txt_TransactionType'

2023-02-08 19:00:39 - [MESSAGE][PASSED] - Text '104' is set on object 'Object Repository/RecAndPlayBk/Page-Vlink-AuthOnly/txt_TransactionType'

2023-02-08 19:00:39 - [TEST_STEP][PASSED] - setText(findTestObject("Object Repository/RecAndPlayBk/Page-Vlink-AuthOnly/txt_MessageVersion"), mv): Text '2.0C' is set on object 'Object Repository/RecAndPlayBk/Page-Vlink-AuthOnly/txt_MessageVersion'

2023-02-08 19:00:40 - [MESSAGE][PASSED] - Text '2.0C' is set on object 'Object Repository/RecAndPlayBk/Page-Vlink-AuthOnly/txt_MessageVersion'

2023-02-08 19:00:40 - [TEST_STEP][PASSED] - genRemID = RandomStringUtils.random(12, true, true): null

2023-02-08 19:00:40 - [TEST_STEP][PASSED] - setText(findTestObject("Object Repository/RecAndPlayBk/Page-Vlink-AuthOnly/input_Remittance Id_remittance_id"), genRemID): Text 'wNuXHuwa0qdI' is set on object 'Object Repository/RecAndPlayBk/Page-Vlink-AuthOnly/input_Remittance Id_remittance_id'

2023-02-08 19:00:41 - [MESSAGE][PASSED] - Text 'wNuXHuwa0qdI' is set on object 'Object Repository/RecAndPlayBk/Page-Vlink-AuthOnly/input_Remittance Id_remittance_id'

2023-02-08 19:00:41 - [TEST_STEP][PASSED] - setText(findTestObject("Object Repository/RecAndPlayBk/Page-Vlink-AuthOnly/input_Application Id_application_id"), appID): Text '234' is set on object 'Object Repository/RecAndPlayBk/Page-Vlink-AuthOnly/input_Application Id_application_id'

2023-02-08 19:00:41 - [MESSAGE][PASSED] - Text '234' is set on object 'Object Repository/RecAndPlayBk/Page-Vlink-AuthOnly/input_Application Id_application_id'

2023-02-08 19:00:41 - [TEST_STEP][PASSED] - setText(findTestObject("Object Repository/RecAndPlayBk/Page-Vlink-AuthOnly/input_Username_username"), username): Text 'username' is set on object 'Object Repository/RecAndPlayBk/Page-Vlink-AuthOnly/input_Username_username'

2023-02-08 19:00:42 - [MESSAGE][PASSED] - Text 'username' is set on object 'Object Repository/RecAndPlayBk/Page-Vlink-AuthOnly/input_Username_username'

2023-02-08 19:00:42 - [TEST_STEP][PASSED] - setText(findTestObject("Object Repository/RecAndPlayBk/Page-Vlink-AuthOnly/input_Password_password"), password): Text 'password' is set on object 'Object Repository/RecAndPlayBk/Page-Vlink-AuthOnly/input_Password_password'

2023-02-08 19:00:42 - [MESSAGE][PASSED] - Text 'password' is set on object 'Object Repository/RecAndPlayBk/Page-Vlink-AuthOnly/input_Password_password'

2023-02-08 19:00:42 - [TEST_STEP][PASSED] - setText(findTestObject("Object Repository/RecAndPlayBk/Page-Vlink-AuthOnly/txt_ResponseFormat"), resFormat): Text 'fixed_width' is set on object 'Object Repository/RecAndPlayBk/Page-Vlink-AuthOnly/txt_ResponseFormat'

2023-02-08 19:00:43 - [MESSAGE][PASSED] - Text 'fixed_width' is set on object 'Object Repository/RecAndPlayBk/Page-Vlink-AuthOnly/txt_ResponseFormat'

2023-02-08 19:00:43 - [TEST_STEP][PASSED] - setText(findTestObject("Object Repository/RecAndPlayBk/Page-Vlink-AuthOnly/input_Category_category"), category): Text 'ECOM' is set on object 'Object Repository/RecAndPlayBk/Page-Vlink-AuthOnly/input_Category_category'

2023-02-08 19:00:44 - [MESSAGE][PASSED] - Text 'ECOM' is set on object 'Object Repository/RecAndPlayBk/Page-Vlink-AuthOnly/input_Category_category'

2023-02-08 19:00:44 - [TEST_STEP][PASSED] - setText(findTestObject("Object Repository/RecAndPlayBk/Page-Vlink-AuthOnly/txt_CardName"), cardName): Text 'Kris Roshan' is set on object 'Object Repository/RecAndPlayBk/Page-Vlink-AuthOnly/txt_CardName'

2023-02-08 19:00:44 - [MESSAGE][PASSED] - Text 'Kris Roshan' is set on object 'Object Repository/RecAndPlayBk/Page-Vlink-AuthOnly/txt_CardName'

2023-02-08 19:00:44 - [TEST_STEP][PASSED] - setText(findTestObject("Object Repository/RecAndPlayBk/Page-Vlink-AuthOnly/txt_AL1"), al1): Text '258 Elm Road' is set on object 'Object Repository/RecAndPlayBk/Page-Vlink-AuthOnly/txt_AL1'

2023-02-08 19:00:45 - [MESSAGE][PASSED] - Text '258 Elm Road' is set on object 'Object Repository/RecAndPlayBk/Page-Vlink-AuthOnly/txt_AL1'

2023-02-08 19:00:45 - [TEST_STEP][PASSED] - setText(findTestObject("Object Repository/RecAndPlayBk/Page-Vlink-AuthOnly/txt_CardCity"), city): Text 'Arlington' is set on object 'Object Repository/RecAndPlayBk/Page-Vlink-AuthOnly/txt_CardCity'

2023-02-08 19:00:46 - [MESSAGE][PASSED] - Text 'Arlington' is set on object 'Object Repository/RecAndPlayBk/Page-Vlink-AuthOnly/txt_CardCity'

2023-02-08 19:00:46 - [TEST_STEP][PASSED] - setText(findTestObject("Object Repository/RecAndPlayBk/Page-Vlink-AuthOnly/txt_CardState"), state): Text 'VA' is set on object 'Object Repository/RecAndPlayBk/Page-Vlink-AuthOnly/txt_CardState'

2023-02-08 19:00:46 - [MESSAGE][PASSED] - Text 'VA' is set on object 'Object Repository/RecAndPlayBk/Page-Vlink-AuthOnly/txt_CardState'

2023-02-08 19:00:46 - [TEST_STEP][PASSED] - setText(findTestObject("Object Repository/RecAndPlayBk/Page-Vlink-AuthOnly/txt_CardZIP"), zip): Text '22201' is set on object 'Object Repository/RecAndPlayBk/Page-Vlink-AuthOnly/txt_CardZIP'

2023-02-08 19:00:47 - [MESSAGE][PASSED] - Text '22201' is set on object 'Object Repository/RecAndPlayBk/Page-Vlink-AuthOnly/txt_CardZIP'

2023-02-08 19:00:47 - [TEST_STEP][PASSED] - setText(findTestObject("Object Repository/RecAndPlayBk/Page-Vlink-AuthOnly/input_Amount_amount"), amount): Text '1.50' is set on object 'Object Repository/RecAndPlayBk/Page-Vlink-AuthOnly/input_Amount_amount'

2023-02-08 19:00:48 - [MESSAGE][PASSED] - Text '1.50' is set on object 'Object Repository/RecAndPlayBk/Page-Vlink-AuthOnly/input_Amount_amount'

2023-02-08 19:00:48 - [TEST_STEP][PASSED] - setText(findTestObject("Object Repository/RecAndPlayBk/Page-Vlink-AuthOnly/input_Card number_card_number"), cardNumber): Text '4111111111111111' is set on object 'Object Repository/RecAndPlayBk/Page-Vlink-AuthOnly/input_Card number_card_number'

2023-02-08 19:00:48 - [MESSAGE][PASSED] - Text '4111111111111111' is set on object 'Object Repository/RecAndPlayBk/Page-Vlink-AuthOnly/input_Card number_card_number'

2023-02-08 19:00:48 - [TEST_STEP][PASSED] - setText(findTestObject("Object Repository/RecAndPlayBk/Page-Vlink-AuthOnly/input_Card ex month_card_exmo"), exM): Text '12' is set on object 'Object Repository/RecAndPlayBk/Page-Vlink-AuthOnly/input_Card ex month_card_exmo'

2023-02-08 19:00:49 - [MESSAGE][PASSED] - Text '12' is set on object 'Object Repository/RecAndPlayBk/Page-Vlink-AuthOnly/input_Card ex month_card_exmo'

2023-02-08 19:00:49 - [TEST_STEP][PASSED] - setText(findTestObject("Object Repository/RecAndPlayBk/Page-Vlink-AuthOnly/input_Card ex year_card_exyr"), exY): Text '' is set on object 'Object Repository/RecAndPlayBk/Page-Vlink-AuthOnly/input_Card ex year_card_exyr'

2023-02-08 19:00:49 - [MESSAGE][PASSED] - Text '' is set on object 'Object Repository/RecAndPlayBk/Page-Vlink-AuthOnly/input_Card ex year_card_exyr'

2023-02-08 19:00:49 - [TEST_STEP][PASSED] - setText(findTestObject("Object Repository/RecAndPlayBk/Page-Vlink-AuthOnly/input_Track Data_track_data"), ""): Text '' is set on object 'Object Repository/RecAndPlayBk/Page-Vlink-AuthOnly/input_Track Data_track_data'

2023-02-08 19:00:50 - [MESSAGE][PASSED] - Text '' is set on object 'Object Repository/RecAndPlayBk/Page-Vlink-AuthOnly/input_Track Data_track_data'

2023-02-08 19:00:50 - [TEST_STEP][PASSED] - setText(findTestObject("Object Repository/RecAndPlayBk/Page-Vlink-AuthOnly/input_concat(Cardholder, , s email)_email"), ""): Text '' is set on object 'Object Repository/RecAndPlayBk/Page-Vlink-AuthOnly/input_concat(Cardholder, , s email)_email'

2023-02-08 19:00:51 - [MESSAGE][PASSED] - Text '' is set on object 'Object Repository/RecAndPlayBk/Page-Vlink-AuthOnly/input_concat(Cardholder, , s email)_email'

2023-02-08 19:00:51 - [TEST_STEP][PASSED] - click(findTestObject("Object Repository/RecAndPlayBk/Page-Vlink-AuthOnly/input_user_defined10_user_defined10")): Object: 'Object Repository/RecAndPlayBk/Page-Vlink-AuthOnly/input_user_defined10_user_defined10' is clicked on

2023-02-08 19:00:51 - [MESSAGE][PASSED] - Object: 'Object Repository/RecAndPlayBk/Page-Vlink-AuthOnly/input_user_defined10_user_defined10' is clicked on

2023-02-08 19:00:51 - [TEST_STEP][PASSED] - setText(findTestObject("Object Repository/RecAndPlayBk/Page-Vlink-AuthOnly/input_Card on File Indicator_card_on_file_i_157dae"), ""): Text '' is set on object 'Object Repository/RecAndPlayBk/Page-Vlink-AuthOnly/input_Card on File Indicator_card_on_file_i_157dae'

2023-02-08 19:00:52 - [MESSAGE][PASSED] - Text '' is set on object 'Object Repository/RecAndPlayBk/Page-Vlink-AuthOnly/input_Card on File Indicator_card_on_file_i_157dae'

2023-02-08 19:00:52 - [TEST_STEP][PASSED] - setText(findTestObject("Object Repository/RecAndPlayBk/Page-Vlink-AuthOnly/input_Stored Credential Indicator_stored_cr_4ae73c"), ""): Text '' is set on object 'Object Repository/RecAndPlayBk/Page-Vlink-AuthOnly/input_Stored Credential Indicator_stored_cr_4ae73c'

2023-02-08 19:00:52 - [MESSAGE][PASSED] - Text '' is set on object 'Object Repository/RecAndPlayBk/Page-Vlink-AuthOnly/input_Stored Credential Indicator_stored_cr_4ae73c'

2023-02-08 19:00:52 - [TEST_STEP][PASSED] - setText(findTestObject("Object Repository/RecAndPlayBk/Page-Vlink-AuthOnly/input_COF Scheduled indicator_cof_scheduled_8df7d8"), ""): Text '' is set on object 'Object Repository/RecAndPlayBk/Page-Vlink-AuthOnly/input_COF Scheduled indicator_cof_scheduled_8df7d8'

2023-02-08 19:00:53 - [MESSAGE][PASSED] - Text '' is set on object 'Object Repository/RecAndPlayBk/Page-Vlink-AuthOnly/input_COF Scheduled indicator_cof_scheduled_8df7d8'

2023-02-08 19:00:53 - [TEST_STEP][PASSED] - setText(findTestObject("Object Repository/RecAndPlayBk/Page-Vlink-AuthOnly/input_COF Transaction Initiated by_cof_tran_6cded5"), ""): Text '' is set on object 'Object Repository/RecAndPlayBk/Page-Vlink-AuthOnly/input_COF Transaction Initiated by_cof_tran_6cded5'

2023-02-08 19:00:54 - [MESSAGE][PASSED] - Text '' is set on object 'Object Repository/RecAndPlayBk/Page-Vlink-AuthOnly/input_COF Transaction Initiated by_cof_tran_6cded5'

2023-02-08 19:00:54 - [TEST_STEP][PASSED] - click(findTestObject("Object Repository/RecAndPlayBk/Page-Vlink-AuthOnly/input")): Object: 'Object Repository/RecAndPlayBk/Page-Vlink-AuthOnly/input' is clicked on

2023-02-08 19:00:54 - [MESSAGE][PASSED] - Object: 'Object Repository/RecAndPlayBk/Page-Vlink-AuthOnly/input' is clicked on

2023-02-08 19:00:54 - [TEST_STEP][PASSED] - if (verifyTextPresent(errorMsg, true)): null

2023-02-08 19:00:54 - [MESSAGE][PASSED] - Text 'card_exyr' is present on page  using regular expression

2023-02-08 19:00:54 - [TEST_STEP][PASSED] - println("Error Message is present on the Confirmation page"): null

2023-02-08 19:00:54 - [TEST_STEP][PASSED] - out.println("Pass Record Number: " + row): null

2023-02-08 19:00:54 - [TEST_STEP][PASSED] - resText = "Pass": null

2023-02-08 19:00:54 - [TEST_STEP][PASSED] - pages.WriteExcel.demoKey(resText, datText, resColumn, datCloumn, fileLoc, nameSheet, row): pages.WriteExcel.demoKey is PASSED

2023-02-08 19:00:55 - [MESSAGE][PASSED] - pages.WriteExcel.demoKey is PASSED

2023-02-08 19:00:55 - [TEST_STEP][PASSED] - ExecuteTC = findTestData(dataFile).getValue("Execute", row): null

2023-02-08 19:00:55 - [TEST_STEP][PASSED] - out.println("Value of Execute is : " + ExecuteTC): null

2023-02-08 19:00:55 - [TEST_STEP][PASSED] - if (ExecuteTC.equalsIgnoreCase("Y")): null

2023-02-08 19:00:55 - [TEST_STEP][PASSED] - out.println("Begin Record Number: " + row): null

2023-02-08 19:00:55 - [TEST_STEP][PASSED] - today = new java.util.Date(): null

2023-02-08 19:00:55 - [TEST_STEP][PASSED] - println(today): null

2023-02-08 19:00:55 - [TEST_STEP][PASSED] - datText = today: null

2023-02-08 19:00:55 - [TEST_STEP][PASSED] - errorMsg = findTestData(dataFile).getValue("ErrorMsg", row): null

2023-02-08 19:00:55 - [TEST_STEP][PASSED] - appID = findTestData(dataFile).getValue("AppID", row): null

2023-02-08 19:00:55 - [TEST_STEP][PASSED] - username = findTestData(dataFile).getValue("Username", row): null

2023-02-08 19:00:55 - [TEST_STEP][PASSED] - password = findTestData(dataFile).getValue("Password", row): null

2023-02-08 19:00:55 - [TEST_STEP][PASSED] - tranType = findTestData(dataFile).getValue("TranType", row): null

2023-02-08 19:00:55 - [TEST_STEP][PASSED] - mv = findTestData(dataFile).getValue("MV", row): null

2023-02-08 19:00:55 - [TEST_STEP][PASSED] - resFormat = findTestData(dataFile).getValue("ResFormat", row): null

2023-02-08 19:00:55 - [TEST_STEP][PASSED] - category = findTestData(dataFile).getValue("Category", row): null

2023-02-08 19:00:55 - [TEST_STEP][PASSED] - amount = findTestData(dataFile).getValue("Amount", row): null

2023-02-08 19:00:55 - [TEST_STEP][PASSED] - cardName = findTestData(dataFile).getValue("CardName", row): null

2023-02-08 19:00:56 - [TEST_STEP][PASSED] - al1 = findTestData(dataFile).getValue("AL1", row): null

2023-02-08 19:00:56 - [TEST_STEP][PASSED] - city = findTestData(dataFile).getValue("City", row): null

2023-02-08 19:00:56 - [TEST_STEP][PASSED] - state = findTestData(dataFile).getValue("State", row): null

2023-02-08 19:00:56 - [TEST_STEP][PASSED] - zip = findTestData(dataFile).getValue("ZIP", row): null

2023-02-08 19:00:56 - [TEST_STEP][PASSED] - cardNumber = findTestData(dataFile).getValue("CardNumber", row): null

2023-02-08 19:00:56 - [TEST_STEP][PASSED] - exM = findTestData(dataFile).getValue("ExM", row): null

2023-02-08 19:00:56 - [TEST_STEP][PASSED] - exY = findTestData(dataFile).getValue("ExY", row): null

2023-02-08 19:00:56 - [TEST_STEP][PASSED] - openBrowser(VLinkURL + "auth.html"): Browser is opened with url: 'https://dev-algorithm.govolution.com/vlinktest/QA/version_2_0/auth.html'

2023-02-08 19:00:56 - [MESSAGE][WARNING] - A browser is already opened. Closing browser and opening a new one

2023-02-08 19:00:57 - [MESSAGE][INFO] - Starting 'Chrome' driver

2023-02-08 19:00:57 - [MESSAGE][INFO] - User set preference: ['acceptInsecureCerts', 'true']

2023-02-08 19:00:57 - [MESSAGE][INFO] - Action delay is set to 0 milliseconds

2023-02-08 19:00:59 - [MESSAGE][PASSED] - Browser is opened with url: 'https://dev-algorithm.govolution.com/vlinktest/QA/version_2_0/auth.html'

2023-02-08 19:00:59 - [TEST_STEP][PASSED] - maximizeWindow(): Current window maximized

2023-02-08 19:00:59 - [MESSAGE][PASSED] - Current window maximized

2023-02-08 19:00:59 - [TEST_STEP][PASSED] - maximizeWindow(): Current window maximized

2023-02-08 19:00:59 - [MESSAGE][PASSED] - Current window maximized

2023-02-08 19:00:59 - [TEST_STEP][PASSED] - setText(findTestObject("Object Repository/RecAndPlayBk/Page-Vlink-AuthOnly/txt_TransactionType"), tranType): Text '104' is set on object 'Object Repository/RecAndPlayBk/Page-Vlink-AuthOnly/txt_TransactionType'

2023-02-08 19:01:00 - [MESSAGE][PASSED] - Text '104' is set on object 'Object Repository/RecAndPlayBk/Page-Vlink-AuthOnly/txt_TransactionType'

2023-02-08 19:01:00 - [TEST_STEP][PASSED] - setText(findTestObject("Object Repository/RecAndPlayBk/Page-Vlink-AuthOnly/txt_MessageVersion"), mv): Text '2.0C' is set on object 'Object Repository/RecAndPlayBk/Page-Vlink-AuthOnly/txt_MessageVersion'

2023-02-08 19:01:00 - [MESSAGE][PASSED] - Text '2.0C' is set on object 'Object Repository/RecAndPlayBk/Page-Vlink-AuthOnly/txt_MessageVersion'

2023-02-08 19:01:00 - [TEST_STEP][PASSED] - genRemID = RandomStringUtils.random(12, true, true): null

2023-02-08 19:01:00 - [TEST_STEP][PASSED] - setText(findTestObject("Object Repository/RecAndPlayBk/Page-Vlink-AuthOnly/input_Remittance Id_remittance_id"), genRemID): Text 'izTlbqYPOLjx' is set on object 'Object Repository/RecAndPlayBk/Page-Vlink-AuthOnly/input_Remittance Id_remittance_id'

2023-02-08 19:01:01 - [MESSAGE][PASSED] - Text 'izTlbqYPOLjx' is set on object 'Object Repository/RecAndPlayBk/Page-Vlink-AuthOnly/input_Remittance Id_remittance_id'

2023-02-08 19:01:01 - [TEST_STEP][PASSED] - setText(findTestObject("Object Repository/RecAndPlayBk/Page-Vlink-AuthOnly/input_Application Id_application_id"), appID): Text '234' is set on object 'Object Repository/RecAndPlayBk/Page-Vlink-AuthOnly/input_Application Id_application_id'

2023-02-08 19:01:02 - [MESSAGE][PASSED] - Text '234' is set on object 'Object Repository/RecAndPlayBk/Page-Vlink-AuthOnly/input_Application Id_application_id'

2023-02-08 19:01:02 - [TEST_STEP][PASSED] - setText(findTestObject("Object Repository/RecAndPlayBk/Page-Vlink-AuthOnly/input_Username_username"), username): Text 'username' is set on object 'Object Repository/RecAndPlayBk/Page-Vlink-AuthOnly/input_Username_username'

2023-02-08 19:01:02 - [MESSAGE][PASSED] - Text 'username' is set on object 'Object Repository/RecAndPlayBk/Page-Vlink-AuthOnly/input_Username_username'

2023-02-08 19:01:02 - [TEST_STEP][PASSED] - setText(findTestObject("Object Repository/RecAndPlayBk/Page-Vlink-AuthOnly/input_Password_password"), password): Text 'password' is set on object 'Object Repository/RecAndPlayBk/Page-Vlink-AuthOnly/input_Password_password'

2023-02-08 19:01:03 - [MESSAGE][PASSED] - Text 'password' is set on object 'Object Repository/RecAndPlayBk/Page-Vlink-AuthOnly/input_Password_password'

2023-02-08 19:01:03 - [TEST_STEP][PASSED] - setText(findTestObject("Object Repository/RecAndPlayBk/Page-Vlink-AuthOnly/txt_ResponseFormat"), resFormat): Text 'fixed_width' is set on object 'Object Repository/RecAndPlayBk/Page-Vlink-AuthOnly/txt_ResponseFormat'

2023-02-08 19:01:04 - [MESSAGE][PASSED] - Text 'fixed_width' is set on object 'Object Repository/RecAndPlayBk/Page-Vlink-AuthOnly/txt_ResponseFormat'

2023-02-08 19:01:04 - [TEST_STEP][PASSED] - setText(findTestObject("Object Repository/RecAndPlayBk/Page-Vlink-AuthOnly/input_Category_category"), category): Text 'MOTO' is set on object 'Object Repository/RecAndPlayBk/Page-Vlink-AuthOnly/input_Category_category'

2023-02-08 19:01:04 - [MESSAGE][PASSED] - Text 'MOTO' is set on object 'Object Repository/RecAndPlayBk/Page-Vlink-AuthOnly/input_Category_category'

2023-02-08 19:01:04 - [TEST_STEP][PASSED] - setText(findTestObject("Object Repository/RecAndPlayBk/Page-Vlink-AuthOnly/txt_CardName"), cardName): Text 'Kris Roshan' is set on object 'Object Repository/RecAndPlayBk/Page-Vlink-AuthOnly/txt_CardName'

2023-02-08 19:01:05 - [MESSAGE][PASSED] - Text 'Kris Roshan' is set on object 'Object Repository/RecAndPlayBk/Page-Vlink-AuthOnly/txt_CardName'

2023-02-08 19:01:05 - [TEST_STEP][PASSED] - setText(findTestObject("Object Repository/RecAndPlayBk/Page-Vlink-AuthOnly/txt_AL1"), al1): Text '258 Elm Road' is set on object 'Object Repository/RecAndPlayBk/Page-Vlink-AuthOnly/txt_AL1'

2023-02-08 19:01:06 - [MESSAGE][PASSED] - Text '258 Elm Road' is set on object 'Object Repository/RecAndPlayBk/Page-Vlink-AuthOnly/txt_AL1'

2023-02-08 19:01:06 - [TEST_STEP][PASSED] - setText(findTestObject("Object Repository/RecAndPlayBk/Page-Vlink-AuthOnly/txt_CardCity"), city): Text 'Arlington' is set on object 'Object Repository/RecAndPlayBk/Page-Vlink-AuthOnly/txt_CardCity'

2023-02-08 19:01:06 - [MESSAGE][PASSED] - Text 'Arlington' is set on object 'Object Repository/RecAndPlayBk/Page-Vlink-AuthOnly/txt_CardCity'

2023-02-08 19:01:06 - [TEST_STEP][PASSED] - setText(findTestObject("Object Repository/RecAndPlayBk/Page-Vlink-AuthOnly/txt_CardState"), state): Text 'VA' is set on object 'Object Repository/RecAndPlayBk/Page-Vlink-AuthOnly/txt_CardState'

2023-02-08 19:01:07 - [MESSAGE][PASSED] - Text 'VA' is set on object 'Object Repository/RecAndPlayBk/Page-Vlink-AuthOnly/txt_CardState'

2023-02-08 19:01:07 - [TEST_STEP][PASSED] - setText(findTestObject("Object Repository/RecAndPlayBk/Page-Vlink-AuthOnly/txt_CardZIP"), zip): Text '22201' is set on object 'Object Repository/RecAndPlayBk/Page-Vlink-AuthOnly/txt_CardZIP'

2023-02-08 19:01:07 - [MESSAGE][PASSED] - Text '22201' is set on object 'Object Repository/RecAndPlayBk/Page-Vlink-AuthOnly/txt_CardZIP'

2023-02-08 19:01:07 - [TEST_STEP][PASSED] - setText(findTestObject("Object Repository/RecAndPlayBk/Page-Vlink-AuthOnly/input_Amount_amount"), amount): Text '1.50' is set on object 'Object Repository/RecAndPlayBk/Page-Vlink-AuthOnly/input_Amount_amount'

2023-02-08 19:01:08 - [MESSAGE][PASSED] - Text '1.50' is set on object 'Object Repository/RecAndPlayBk/Page-Vlink-AuthOnly/input_Amount_amount'

2023-02-08 19:01:08 - [TEST_STEP][PASSED] - setText(findTestObject("Object Repository/RecAndPlayBk/Page-Vlink-AuthOnly/input_Card number_card_number"), cardNumber): Text '4111111111111111' is set on object 'Object Repository/RecAndPlayBk/Page-Vlink-AuthOnly/input_Card number_card_number'

2023-02-08 19:01:09 - [MESSAGE][PASSED] - Text '4111111111111111' is set on object 'Object Repository/RecAndPlayBk/Page-Vlink-AuthOnly/input_Card number_card_number'

2023-02-08 19:01:09 - [TEST_STEP][PASSED] - setText(findTestObject("Object Repository/RecAndPlayBk/Page-Vlink-AuthOnly/input_Card ex month_card_exmo"), exM): Text '12' is set on object 'Object Repository/RecAndPlayBk/Page-Vlink-AuthOnly/input_Card ex month_card_exmo'

2023-02-08 19:01:09 - [MESSAGE][PASSED] - Text '12' is set on object 'Object Repository/RecAndPlayBk/Page-Vlink-AuthOnly/input_Card ex month_card_exmo'

2023-02-08 19:01:09 - [TEST_STEP][PASSED] - setText(findTestObject("Object Repository/RecAndPlayBk/Page-Vlink-AuthOnly/input_Card ex year_card_exyr"), exY): Text '' is set on object 'Object Repository/RecAndPlayBk/Page-Vlink-AuthOnly/input_Card ex year_card_exyr'

2023-02-08 19:01:10 - [MESSAGE][PASSED] - Text '' is set on object 'Object Repository/RecAndPlayBk/Page-Vlink-AuthOnly/input_Card ex year_card_exyr'

2023-02-08 19:01:10 - [TEST_STEP][PASSED] - setText(findTestObject("Object Repository/RecAndPlayBk/Page-Vlink-AuthOnly/input_Track Data_track_data"), ""): Text '' is set on object 'Object Repository/RecAndPlayBk/Page-Vlink-AuthOnly/input_Track Data_track_data'

2023-02-08 19:01:11 - [MESSAGE][PASSED] - Text '' is set on object 'Object Repository/RecAndPlayBk/Page-Vlink-AuthOnly/input_Track Data_track_data'

2023-02-08 19:01:11 - [TEST_STEP][PASSED] - setText(findTestObject("Object Repository/RecAndPlayBk/Page-Vlink-AuthOnly/input_concat(Cardholder, , s email)_email"), ""): Text '' is set on object 'Object Repository/RecAndPlayBk/Page-Vlink-AuthOnly/input_concat(Cardholder, , s email)_email'

2023-02-08 19:01:11 - [MESSAGE][PASSED] - Text '' is set on object 'Object Repository/RecAndPlayBk/Page-Vlink-AuthOnly/input_concat(Cardholder, , s email)_email'

2023-02-08 19:01:11 - [TEST_STEP][PASSED] - click(findTestObject("Object Repository/RecAndPlayBk/Page-Vlink-AuthOnly/input_user_defined10_user_defined10")): Object: 'Object Repository/RecAndPlayBk/Page-Vlink-AuthOnly/input_user_defined10_user_defined10' is clicked on

2023-02-08 19:01:11 - [MESSAGE][PASSED] - Object: 'Object Repository/RecAndPlayBk/Page-Vlink-AuthOnly/input_user_defined10_user_defined10' is clicked on

2023-02-08 19:01:11 - [TEST_STEP][PASSED] - setText(findTestObject("Object Repository/RecAndPlayBk/Page-Vlink-AuthOnly/input_Card on File Indicator_card_on_file_i_157dae"), ""): Text '' is set on object 'Object Repository/RecAndPlayBk/Page-Vlink-AuthOnly/input_Card on File Indicator_card_on_file_i_157dae'

2023-02-08 19:01:12 - [MESSAGE][PASSED] - Text '' is set on object 'Object Repository/RecAndPlayBk/Page-Vlink-AuthOnly/input_Card on File Indicator_card_on_file_i_157dae'

2023-02-08 19:01:12 - [TEST_STEP][PASSED] - setText(findTestObject("Object Repository/RecAndPlayBk/Page-Vlink-AuthOnly/input_Stored Credential Indicator_stored_cr_4ae73c"), ""): Text '' is set on object 'Object Repository/RecAndPlayBk/Page-Vlink-AuthOnly/input_Stored Credential Indicator_stored_cr_4ae73c'

2023-02-08 19:01:13 - [MESSAGE][PASSED] - Text '' is set on object 'Object Repository/RecAndPlayBk/Page-Vlink-AuthOnly/input_Stored Credential Indicator_stored_cr_4ae73c'

2023-02-08 19:01:13 - [TEST_STEP][PASSED] - setText(findTestObject("Object Repository/RecAndPlayBk/Page-Vlink-AuthOnly/input_COF Scheduled indicator_cof_scheduled_8df7d8"), ""): Text '' is set on object 'Object Repository/RecAndPlayBk/Page-Vlink-AuthOnly/input_COF Scheduled indicator_cof_scheduled_8df7d8'

2023-02-08 19:01:13 - [MESSAGE][PASSED] - Text '' is set on object 'Object Repository/RecAndPlayBk/Page-Vlink-AuthOnly/input_COF Scheduled indicator_cof_scheduled_8df7d8'

2023-02-08 19:01:13 - [TEST_STEP][PASSED] - setText(findTestObject("Object Repository/RecAndPlayBk/Page-Vlink-AuthOnly/input_COF Transaction Initiated by_cof_tran_6cded5"), ""): Text '' is set on object 'Object Repository/RecAndPlayBk/Page-Vlink-AuthOnly/input_COF Transaction Initiated by_cof_tran_6cded5'

2023-02-08 19:01:14 - [MESSAGE][PASSED] - Text '' is set on object 'Object Repository/RecAndPlayBk/Page-Vlink-AuthOnly/input_COF Transaction Initiated by_cof_tran_6cded5'

2023-02-08 19:01:14 - [TEST_STEP][PASSED] - click(findTestObject("Object Repository/RecAndPlayBk/Page-Vlink-AuthOnly/input")): Object: 'Object Repository/RecAndPlayBk/Page-Vlink-AuthOnly/input' is clicked on

2023-02-08 19:01:15 - [MESSAGE][PASSED] - Object: 'Object Repository/RecAndPlayBk/Page-Vlink-AuthOnly/input' is clicked on

2023-02-08 19:01:15 - [TEST_STEP][PASSED] - if (verifyTextPresent(errorMsg, true)): null

2023-02-08 19:01:15 - [MESSAGE][PASSED] - Text 'card_exyr' is present on page  using regular expression

2023-02-08 19:01:15 - [TEST_STEP][PASSED] - println("Error Message is present on the Confirmation page"): null

2023-02-08 19:01:15 - [TEST_STEP][PASSED] - out.println("Pass Record Number: " + row): null

2023-02-08 19:01:15 - [TEST_STEP][PASSED] - resText = "Pass": null

2023-02-08 19:01:15 - [TEST_STEP][PASSED] - pages.WriteExcel.demoKey(resText, datText, resColumn, datCloumn, fileLoc, nameSheet, row): pages.WriteExcel.demoKey is PASSED

2023-02-08 19:01:15 - [MESSAGE][PASSED] - pages.WriteExcel.demoKey is PASSED

2023-02-08 19:01:15 - [TEST_STEP][PASSED] - ExecuteTC = findTestData(dataFile).getValue("Execute", row): null

2023-02-08 19:01:15 - [TEST_STEP][PASSED] - out.println("Value of Execute is : " + ExecuteTC): null

2023-02-08 19:01:15 - [TEST_STEP][PASSED] - if (ExecuteTC.equalsIgnoreCase("Y")): null

2023-02-08 19:01:15 - [TEST_STEP][PASSED] - out.println("Begin Record Number: " + row): null

2023-02-08 19:01:15 - [TEST_STEP][PASSED] - today = new java.util.Date(): null

2023-02-08 19:01:15 - [TEST_STEP][PASSED] - println(today): null

2023-02-08 19:01:15 - [TEST_STEP][PASSED] - datText = today: null

2023-02-08 19:01:15 - [TEST_STEP][PASSED] - errorMsg = findTestData(dataFile).getValue("ErrorMsg", row): null

2023-02-08 19:01:15 - [TEST_STEP][PASSED] - appID = findTestData(dataFile).getValue("AppID", row): null

2023-02-08 19:01:16 - [TEST_STEP][PASSED] - username = findTestData(dataFile).getValue("Username", row): null

2023-02-08 19:01:16 - [TEST_STEP][PASSED] - password = findTestData(dataFile).getValue("Password", row): null

2023-02-08 19:01:16 - [TEST_STEP][PASSED] - tranType = findTestData(dataFile).getValue("TranType", row): null

2023-02-08 19:01:16 - [TEST_STEP][PASSED] - mv = findTestData(dataFile).getValue("MV", row): null

2023-02-08 19:01:16 - [TEST_STEP][PASSED] - resFormat = findTestData(dataFile).getValue("ResFormat", row): null

2023-02-08 19:01:16 - [TEST_STEP][PASSED] - category = findTestData(dataFile).getValue("Category", row): null

2023-02-08 19:01:16 - [TEST_STEP][PASSED] - amount = findTestData(dataFile).getValue("Amount", row): null

2023-02-08 19:01:16 - [TEST_STEP][PASSED] - cardName = findTestData(dataFile).getValue("CardName", row): null

2023-02-08 19:01:16 - [TEST_STEP][PASSED] - al1 = findTestData(dataFile).getValue("AL1", row): null

2023-02-08 19:01:16 - [TEST_STEP][PASSED] - city = findTestData(dataFile).getValue("City", row): null

2023-02-08 19:01:16 - [TEST_STEP][PASSED] - state = findTestData(dataFile).getValue("State", row): null

2023-02-08 19:01:16 - [TEST_STEP][PASSED] - zip = findTestData(dataFile).getValue("ZIP", row): null

2023-02-08 19:01:16 - [TEST_STEP][PASSED] - cardNumber = findTestData(dataFile).getValue("CardNumber", row): null

2023-02-08 19:01:17 - [TEST_STEP][PASSED] - exM = findTestData(dataFile).getValue("ExM", row): null

2023-02-08 19:01:17 - [TEST_STEP][PASSED] - exY = findTestData(dataFile).getValue("ExY", row): null

2023-02-08 19:01:17 - [TEST_STEP][PASSED] - openBrowser(VLinkURL + "auth.html"): Browser is opened with url: 'https://dev-algorithm.govolution.com/vlinktest/QA/version_2_0/auth.html'

2023-02-08 19:01:17 - [MESSAGE][WARNING] - A browser is already opened. Closing browser and opening a new one

2023-02-08 19:01:18 - [MESSAGE][INFO] - Starting 'Chrome' driver

2023-02-08 19:01:18 - [MESSAGE][INFO] - User set preference: ['acceptInsecureCerts', 'true']

2023-02-08 19:01:18 - [MESSAGE][INFO] - Action delay is set to 0 milliseconds

2023-02-08 19:01:19 - [MESSAGE][PASSED] - Browser is opened with url: 'https://dev-algorithm.govolution.com/vlinktest/QA/version_2_0/auth.html'

2023-02-08 19:01:19 - [TEST_STEP][PASSED] - maximizeWindow(): Current window maximized

2023-02-08 19:01:20 - [MESSAGE][PASSED] - Current window maximized

2023-02-08 19:01:20 - [TEST_STEP][PASSED] - maximizeWindow(): Current window maximized

2023-02-08 19:01:20 - [MESSAGE][PASSED] - Current window maximized

2023-02-08 19:01:20 - [TEST_STEP][PASSED] - setText(findTestObject("Object Repository/RecAndPlayBk/Page-Vlink-AuthOnly/txt_TransactionType"), tranType): Text '104' is set on object 'Object Repository/RecAndPlayBk/Page-Vlink-AuthOnly/txt_TransactionType'

2023-02-08 19:01:20 - [MESSAGE][PASSED] - Text '104' is set on object 'Object Repository/RecAndPlayBk/Page-Vlink-AuthOnly/txt_TransactionType'

2023-02-08 19:01:20 - [TEST_STEP][PASSED] - setText(findTestObject("Object Repository/RecAndPlayBk/Page-Vlink-AuthOnly/txt_MessageVersion"), mv): Text '2.0C' is set on object 'Object Repository/RecAndPlayBk/Page-Vlink-AuthOnly/txt_MessageVersion'

2023-02-08 19:01:21 - [MESSAGE][PASSED] - Text '2.0C' is set on object 'Object Repository/RecAndPlayBk/Page-Vlink-AuthOnly/txt_MessageVersion'

2023-02-08 19:01:21 - [TEST_STEP][PASSED] - genRemID = RandomStringUtils.random(12, true, true): null

2023-02-08 19:01:21 - [TEST_STEP][PASSED] - setText(findTestObject("Object Repository/RecAndPlayBk/Page-Vlink-AuthOnly/input_Remittance Id_remittance_id"), genRemID): Text 'GnHbJwFRS22y' is set on object 'Object Repository/RecAndPlayBk/Page-Vlink-AuthOnly/input_Remittance Id_remittance_id'

2023-02-08 19:01:22 - [MESSAGE][PASSED] - Text 'GnHbJwFRS22y' is set on object 'Object Repository/RecAndPlayBk/Page-Vlink-AuthOnly/input_Remittance Id_remittance_id'

2023-02-08 19:01:22 - [TEST_STEP][PASSED] - setText(findTestObject("Object Repository/RecAndPlayBk/Page-Vlink-AuthOnly/input_Application Id_application_id"), appID): Text '234' is set on object 'Object Repository/RecAndPlayBk/Page-Vlink-AuthOnly/input_Application Id_application_id'

2023-02-08 19:01:23 - [MESSAGE][PASSED] - Text '234' is set on object 'Object Repository/RecAndPlayBk/Page-Vlink-AuthOnly/input_Application Id_application_id'

2023-02-08 19:01:23 - [TEST_STEP][PASSED] - setText(findTestObject("Object Repository/RecAndPlayBk/Page-Vlink-AuthOnly/input_Username_username"), username): Text 'username' is set on object 'Object Repository/RecAndPlayBk/Page-Vlink-AuthOnly/input_Username_username'

2023-02-08 19:01:23 - [MESSAGE][PASSED] - Text 'username' is set on object 'Object Repository/RecAndPlayBk/Page-Vlink-AuthOnly/input_Username_username'

2023-02-08 19:01:23 - [TEST_STEP][PASSED] - setText(findTestObject("Object Repository/RecAndPlayBk/Page-Vlink-AuthOnly/input_Password_password"), password): Text 'password' is set on object 'Object Repository/RecAndPlayBk/Page-Vlink-AuthOnly/input_Password_password'

2023-02-08 19:01:24 - [MESSAGE][PASSED] - Text 'password' is set on object 'Object Repository/RecAndPlayBk/Page-Vlink-AuthOnly/input_Password_password'

2023-02-08 19:01:24 - [TEST_STEP][PASSED] - setText(findTestObject("Object Repository/RecAndPlayBk/Page-Vlink-AuthOnly/txt_ResponseFormat"), resFormat): Text 'fixed_width' is set on object 'Object Repository/RecAndPlayBk/Page-Vlink-AuthOnly/txt_ResponseFormat'

2023-02-08 19:01:24 - [MESSAGE][PASSED] - Text 'fixed_width' is set on object 'Object Repository/RecAndPlayBk/Page-Vlink-AuthOnly/txt_ResponseFormat'

2023-02-08 19:01:24 - [TEST_STEP][PASSED] - setText(findTestObject("Object Repository/RecAndPlayBk/Page-Vlink-AuthOnly/input_Category_category"), category): Text 'RETL' is set on object 'Object Repository/RecAndPlayBk/Page-Vlink-AuthOnly/input_Category_category'

2023-02-08 19:01:25 - [MESSAGE][PASSED] - Text 'RETL' is set on object 'Object Repository/RecAndPlayBk/Page-Vlink-AuthOnly/input_Category_category'

2023-02-08 19:01:25 - [TEST_STEP][PASSED] - setText(findTestObject("Object Repository/RecAndPlayBk/Page-Vlink-AuthOnly/txt_CardName"), cardName): Text 'Kris Roshan' is set on object 'Object Repository/RecAndPlayBk/Page-Vlink-AuthOnly/txt_CardName'

2023-02-08 19:01:26 - [MESSAGE][PASSED] - Text 'Kris Roshan' is set on object 'Object Repository/RecAndPlayBk/Page-Vlink-AuthOnly/txt_CardName'

2023-02-08 19:01:26 - [TEST_STEP][PASSED] - setText(findTestObject("Object Repository/RecAndPlayBk/Page-Vlink-AuthOnly/txt_AL1"), al1): Text '258 Elm Road' is set on object 'Object Repository/RecAndPlayBk/Page-Vlink-AuthOnly/txt_AL1'

2023-02-08 19:01:26 - [MESSAGE][PASSED] - Text '258 Elm Road' is set on object 'Object Repository/RecAndPlayBk/Page-Vlink-AuthOnly/txt_AL1'

2023-02-08 19:01:26 - [TEST_STEP][PASSED] - setText(findTestObject("Object Repository/RecAndPlayBk/Page-Vlink-AuthOnly/txt_CardCity"), city): Text 'Arlington' is set on object 'Object Repository/RecAndPlayBk/Page-Vlink-AuthOnly/txt_CardCity'

2023-02-08 19:01:27 - [MESSAGE][PASSED] - Text 'Arlington' is set on object 'Object Repository/RecAndPlayBk/Page-Vlink-AuthOnly/txt_CardCity'

2023-02-08 19:01:27 - [TEST_STEP][PASSED] - setText(findTestObject("Object Repository/RecAndPlayBk/Page-Vlink-AuthOnly/txt_CardState"), state): Text 'VA' is set on object 'Object Repository/RecAndPlayBk/Page-Vlink-AuthOnly/txt_CardState'

2023-02-08 19:01:28 - [MESSAGE][PASSED] - Text 'VA' is set on object 'Object Repository/RecAndPlayBk/Page-Vlink-AuthOnly/txt_CardState'

2023-02-08 19:01:28 - [TEST_STEP][PASSED] - setText(findTestObject("Object Repository/RecAndPlayBk/Page-Vlink-AuthOnly/txt_CardZIP"), zip): Text '22201' is set on object 'Object Repository/RecAndPlayBk/Page-Vlink-AuthOnly/txt_CardZIP'

2023-02-08 19:01:28 - [MESSAGE][PASSED] - Text '22201' is set on object 'Object Repository/RecAndPlayBk/Page-Vlink-AuthOnly/txt_CardZIP'

2023-02-08 19:01:28 - [TEST_STEP][PASSED] - setText(findTestObject("Object Repository/RecAndPlayBk/Page-Vlink-AuthOnly/input_Amount_amount"), amount): Text '1.50' is set on object 'Object Repository/RecAndPlayBk/Page-Vlink-AuthOnly/input_Amount_amount'

2023-02-08 19:01:29 - [MESSAGE][PASSED] - Text '1.50' is set on object 'Object Repository/RecAndPlayBk/Page-Vlink-AuthOnly/input_Amount_amount'

2023-02-08 19:01:29 - [TEST_STEP][PASSED] - setText(findTestObject("Object Repository/RecAndPlayBk/Page-Vlink-AuthOnly/input_Card number_card_number"), cardNumber): Text '4111111111111111' is set on object 'Object Repository/RecAndPlayBk/Page-Vlink-AuthOnly/input_Card number_card_number'

2023-02-08 19:01:29 - [MESSAGE][PASSED] - Text '4111111111111111' is set on object 'Object Repository/RecAndPlayBk/Page-Vlink-AuthOnly/input_Card number_card_number'

2023-02-08 19:01:29 - [TEST_STEP][PASSED] - setText(findTestObject("Object Repository/RecAndPlayBk/Page-Vlink-AuthOnly/input_Card ex month_card_exmo"), exM): Text '12' is set on object 'Object Repository/RecAndPlayBk/Page-Vlink-AuthOnly/input_Card ex month_card_exmo'

2023-02-08 19:01:30 - [MESSAGE][PASSED] - Text '12' is set on object 'Object Repository/RecAndPlayBk/Page-Vlink-AuthOnly/input_Card ex month_card_exmo'

2023-02-08 19:01:30 - [TEST_STEP][PASSED] - setText(findTestObject("Object Repository/RecAndPlayBk/Page-Vlink-AuthOnly/input_Card ex year_card_exyr"), exY): Text '' is set on object 'Object Repository/RecAndPlayBk/Page-Vlink-AuthOnly/input_Card ex year_card_exyr'

2023-02-08 19:01:31 - [MESSAGE][PASSED] - Text '' is set on object 'Object Repository/RecAndPlayBk/Page-Vlink-AuthOnly/input_Card ex year_card_exyr'

2023-02-08 19:01:31 - [TEST_STEP][PASSED] - setText(findTestObject("Object Repository/RecAndPlayBk/Page-Vlink-AuthOnly/input_Track Data_track_data"), ""): Text '' is set on object 'Object Repository/RecAndPlayBk/Page-Vlink-AuthOnly/input_Track Data_track_data'

2023-02-08 19:01:31 - [MESSAGE][PASSED] - Text '' is set on object 'Object Repository/RecAndPlayBk/Page-Vlink-AuthOnly/input_Track Data_track_data'

2023-02-08 19:01:31 - [TEST_STEP][PASSED] - setText(findTestObject("Object Repository/RecAndPlayBk/Page-Vlink-AuthOnly/input_concat(Cardholder, , s email)_email"), ""): Text '' is set on object 'Object Repository/RecAndPlayBk/Page-Vlink-AuthOnly/input_concat(Cardholder, , s email)_email'

2023-02-08 19:01:32 - [MESSAGE][PASSED] - Text '' is set on object 'Object Repository/RecAndPlayBk/Page-Vlink-AuthOnly/input_concat(Cardholder, , s email)_email'

2023-02-08 19:01:32 - [TEST_STEP][PASSED] - click(findTestObject("Object Repository/RecAndPlayBk/Page-Vlink-AuthOnly/input_user_defined10_user_defined10")): Object: 'Object Repository/RecAndPlayBk/Page-Vlink-AuthOnly/input_user_defined10_user_defined10' is clicked on

2023-02-08 19:01:32 - [MESSAGE][PASSED] - Object: 'Object Repository/RecAndPlayBk/Page-Vlink-AuthOnly/input_user_defined10_user_defined10' is clicked on

2023-02-08 19:01:32 - [TEST_STEP][PASSED] - setText(findTestObject("Object Repository/RecAndPlayBk/Page-Vlink-AuthOnly/input_Card on File Indicator_card_on_file_i_157dae"), ""): Text '' is set on object 'Object Repository/RecAndPlayBk/Page-Vlink-AuthOnly/input_Card on File Indicator_card_on_file_i_157dae'

2023-02-08 19:01:33 - [MESSAGE][PASSED] - Text '' is set on object 'Object Repository/RecAndPlayBk/Page-Vlink-AuthOnly/input_Card on File Indicator_card_on_file_i_157dae'

2023-02-08 19:01:33 - [TEST_STEP][PASSED] - setText(findTestObject("Object Repository/RecAndPlayBk/Page-Vlink-AuthOnly/input_Stored Credential Indicator_stored_cr_4ae73c"), ""): Text '' is set on object 'Object Repository/RecAndPlayBk/Page-Vlink-AuthOnly/input_Stored Credential Indicator_stored_cr_4ae73c'

2023-02-08 19:01:34 - [MESSAGE][PASSED] - Text '' is set on object 'Object Repository/RecAndPlayBk/Page-Vlink-AuthOnly/input_Stored Credential Indicator_stored_cr_4ae73c'

2023-02-08 19:01:34 - [TEST_STEP][PASSED] - setText(findTestObject("Object Repository/RecAndPlayBk/Page-Vlink-AuthOnly/input_COF Scheduled indicator_cof_scheduled_8df7d8"), ""): Text '' is set on object 'Object Repository/RecAndPlayBk/Page-Vlink-AuthOnly/input_COF Scheduled indicator_cof_scheduled_8df7d8'

2023-02-08 19:01:34 - [MESSAGE][PASSED] - Text '' is set on object 'Object Repository/RecAndPlayBk/Page-Vlink-AuthOnly/input_COF Scheduled indicator_cof_scheduled_8df7d8'

2023-02-08 19:01:34 - [TEST_STEP][PASSED] - setText(findTestObject("Object Repository/RecAndPlayBk/Page-Vlink-AuthOnly/input_COF Transaction Initiated by_cof_tran_6cded5"), ""): Text '' is set on object 'Object Repository/RecAndPlayBk/Page-Vlink-AuthOnly/input_COF Transaction Initiated by_cof_tran_6cded5'

2023-02-08 19:01:35 - [MESSAGE][PASSED] - Text '' is set on object 'Object Repository/RecAndPlayBk/Page-Vlink-AuthOnly/input_COF Transaction Initiated by_cof_tran_6cded5'

2023-02-08 19:01:35 - [TEST_STEP][PASSED] - click(findTestObject("Object Repository/RecAndPlayBk/Page-Vlink-AuthOnly/input")): Object: 'Object Repository/RecAndPlayBk/Page-Vlink-AuthOnly/input' is clicked on

2023-02-08 19:01:36 - [MESSAGE][PASSED] - Object: 'Object Repository/RecAndPlayBk/Page-Vlink-AuthOnly/input' is clicked on

2023-02-08 19:01:36 - [TEST_STEP][PASSED] - if (verifyTextPresent(errorMsg, true)): null

2023-02-08 19:01:36 - [MESSAGE][PASSED] - Text 'card_exyr' is present on page  using regular expression

2023-02-08 19:01:36 - [TEST_STEP][PASSED] - println("Error Message is present on the Confirmation page"): null

2023-02-08 19:01:36 - [TEST_STEP][PASSED] - out.println("Pass Record Number: " + row): null

2023-02-08 19:01:36 - [TEST_STEP][PASSED] - resText = "Pass": null

2023-02-08 19:01:36 - [TEST_STEP][PASSED] - pages.WriteExcel.demoKey(resText, datText, resColumn, datCloumn, fileLoc, nameSheet, row): pages.WriteExcel.demoKey is PASSED

2023-02-08 19:01:36 - [MESSAGE][PASSED] - pages.WriteExcel.demoKey is PASSED

2023-02-08 19:01:36 - [TEST_STEP][PASSED] - ExecuteTC = findTestData(dataFile).getValue("Execute", row): null

2023-02-08 19:01:36 - [TEST_STEP][PASSED] - out.println("Value of Execute is : " + ExecuteTC): null

2023-02-08 19:01:36 - [TEST_STEP][PASSED] - if (ExecuteTC.equalsIgnoreCase("Y")): null]]></system-out>
         <system-err><![CDATA[]]></system-err>
      </testcase>
      <testcase name="Test Cases/RecAndPlayBk/VLink/Cap-MRF" time="84.295" classname="Test Cases/RecAndPlayBk/VLink/Cap-MRF" status="PASSED">
         <system-out><![CDATA[2023-02-08 19:01:36 - [TEST_CASE][PASSED] - Test Cases/RecAndPlayBk/VLink/Cap-MRF: Test Cases/RecAndPlayBk/VLink/Cap-MRF

2023-02-08 19:01:37 - [TEST_STEP][PASSED] - executionProfile = getExecutionProfile(): null

2023-02-08 19:01:37 - [TEST_STEP][PASSED] - out.println("executionProfile : " + executionProfile): null

2023-02-08 19:01:37 - [TEST_STEP][PASSED] - resText = "Fail": null

2023-02-08 19:01:37 - [TEST_STEP][PASSED] - resColumn = "Result": null

2023-02-08 19:01:37 - [TEST_STEP][PASSED] - datCloumn = "Date": null

2023-02-08 19:01:37 - [TEST_STEP][PASSED] - fileLoc = "KatalonData/VLinkSmokeData.xlsx": null

2023-02-08 19:01:37 - [TEST_STEP][PASSED] - numOfRows = <not implemented yet for class: org.codehaus.groovy.ast.expr.EmptyExpression>: null

2023-02-08 19:01:37 - [TEST_STEP][PASSED] - dataFile = <not implemented yet for class: org.codehaus.groovy.ast.expr.EmptyExpression>: null

2023-02-08 19:01:37 - [TEST_STEP][PASSED] - nameSheet = <not implemented yet for class: org.codehaus.groovy.ast.expr.EmptyExpression>: null

2023-02-08 19:01:37 - [TEST_STEP][PASSED] - nameSheet = "Cap-MRF": null

2023-02-08 19:01:37 - [TEST_STEP][PASSED] - numOfRows = findTestData("QA/VLinkTestData/VLinkCapMRFData").getRowNumbers(): null

2023-02-08 19:01:37 - [TEST_STEP][PASSED] - println("Number of Records: " + numOfRows): null

2023-02-08 19:01:37 - [TEST_STEP][PASSED] - dataFile = "QA/VLinkTestData/VLinkCapMRFData": null

2023-02-08 19:01:37 - [TEST_STEP][PASSED] - for ([row = 1, row <= numOfRows, (row++)]): null

2023-02-08 19:01:37 - [TEST_STEP][PASSED] - ExecuteTC = findTestData(dataFile).getValue("Execute", row): null

2023-02-08 19:01:37 - [TEST_STEP][PASSED] - out.println("Value of Execute is : " + ExecuteTC): null

2023-02-08 19:01:37 - [TEST_STEP][PASSED] - if (ExecuteTC.equalsIgnoreCase("Y")): null

2023-02-08 19:01:37 - [TEST_STEP][PASSED] - out.println("Begin Record Number: " + row): null

2023-02-08 19:01:37 - [TEST_STEP][PASSED] - today = new java.util.Date(): null

2023-02-08 19:01:37 - [TEST_STEP][PASSED] - println(today): null

2023-02-08 19:01:37 - [TEST_STEP][PASSED] - datText = today: null

2023-02-08 19:01:37 - [TEST_STEP][PASSED] - errorMsg = findTestData(dataFile).getValue("ErrorMsg", row): null

2023-02-08 19:01:37 - [TEST_STEP][PASSED] - appID = findTestData(dataFile).getValue("AppID", row): null

2023-02-08 19:01:37 - [TEST_STEP][PASSED] - username = findTestData(dataFile).getValue("Username", row): null

2023-02-08 19:01:37 - [TEST_STEP][PASSED] - password = findTestData(dataFile).getValue("Password", row): null

2023-02-08 19:01:37 - [TEST_STEP][PASSED] - tranType = findTestData(dataFile).getValue("TranType", row): null

2023-02-08 19:01:37 - [TEST_STEP][PASSED] - mv = findTestData(dataFile).getValue("MV", row): null

2023-02-08 19:01:37 - [TEST_STEP][PASSED] - resFormat = findTestData(dataFile).getValue("ResFormat", row): null

2023-02-08 19:01:37 - [TEST_STEP][PASSED] - tranxID = findTestData(dataFile).getValue("TranxID", row): null

2023-02-08 19:01:37 - [TEST_STEP][PASSED] - amount = findTestData(dataFile).getValue("Amount", row): null

2023-02-08 19:01:37 - [TEST_STEP][PASSED] - openBrowser(VLinkURL + "capture.html"): Browser is opened with url: 'https://dev-algorithm.govolution.com/vlinktest/QA/version_2_0/capture.html'

2023-02-08 19:01:37 - [MESSAGE][WARNING] - A browser is already opened. Closing browser and opening a new one

2023-02-08 19:01:38 - [MESSAGE][INFO] - Starting 'Chrome' driver

2023-02-08 19:01:38 - [MESSAGE][INFO] - User set preference: ['acceptInsecureCerts', 'true']

2023-02-08 19:01:38 - [MESSAGE][INFO] - Action delay is set to 0 milliseconds

2023-02-08 19:01:40 - [MESSAGE][PASSED] - Browser is opened with url: 'https://dev-algorithm.govolution.com/vlinktest/QA/version_2_0/capture.html'

2023-02-08 19:01:40 - [TEST_STEP][PASSED] - maximizeWindow(): Current window maximized

2023-02-08 19:01:40 - [MESSAGE][PASSED] - Current window maximized

2023-02-08 19:01:40 - [TEST_STEP][PASSED] - maximizeWindow(): Current window maximized

2023-02-08 19:01:40 - [MESSAGE][PASSED] - Current window maximized

2023-02-08 19:01:40 - [TEST_STEP][PASSED] - setText(findTestObject("Object Repository/RecAndPlayBk/Page-Vlink-AuthOnly/txt_TransactionType"), tranType): Text '' is set on object 'Object Repository/RecAndPlayBk/Page-Vlink-AuthOnly/txt_TransactionType'

2023-02-08 19:01:41 - [MESSAGE][PASSED] - Text '' is set on object 'Object Repository/RecAndPlayBk/Page-Vlink-AuthOnly/txt_TransactionType'

2023-02-08 19:01:41 - [TEST_STEP][PASSED] - setText(findTestObject("Object Repository/RecAndPlayBk/Page-Vlink-AuthOnly/txt_MessageVersion"), mv): Text '2.0C' is set on object 'Object Repository/RecAndPlayBk/Page-Vlink-AuthOnly/txt_MessageVersion'

2023-02-08 19:01:42 - [MESSAGE][PASSED] - Text '2.0C' is set on object 'Object Repository/RecAndPlayBk/Page-Vlink-AuthOnly/txt_MessageVersion'

2023-02-08 19:01:42 - [TEST_STEP][PASSED] - genRemID = RandomStringUtils.random(12, true, true): null

2023-02-08 19:01:42 - [TEST_STEP][PASSED] - setText(findTestObject("Object Repository/RecAndPlayBk/Page-VLink-Capture/input_Remittance Id_remittance_id"), genRemID): Text 'CyIGceSOXkCM' is set on object 'Object Repository/RecAndPlayBk/Page-VLink-Capture/input_Remittance Id_remittance_id'

2023-02-08 19:01:42 - [MESSAGE][PASSED] - Text 'CyIGceSOXkCM' is set on object 'Object Repository/RecAndPlayBk/Page-VLink-Capture/input_Remittance Id_remittance_id'

2023-02-08 19:01:42 - [TEST_STEP][PASSED] - setText(findTestObject("Object Repository/RecAndPlayBk/Page-VLink-Capture/input_Application Id_application_id"), appID): Text '234' is set on object 'Object Repository/RecAndPlayBk/Page-VLink-Capture/input_Application Id_application_id'

2023-02-08 19:01:43 - [MESSAGE][PASSED] - Text '234' is set on object 'Object Repository/RecAndPlayBk/Page-VLink-Capture/input_Application Id_application_id'

2023-02-08 19:01:43 - [TEST_STEP][PASSED] - setText(findTestObject("Object Repository/RecAndPlayBk/Page-VLink-Capture/input_Username_username"), username): Text 'username' is set on object 'Object Repository/RecAndPlayBk/Page-VLink-Capture/input_Username_username'

2023-02-08 19:01:44 - [MESSAGE][PASSED] - Text 'username' is set on object 'Object Repository/RecAndPlayBk/Page-VLink-Capture/input_Username_username'

2023-02-08 19:01:44 - [TEST_STEP][PASSED] - setText(findTestObject("Object Repository/RecAndPlayBk/Page-VLink-Capture/input_Password_password"), password): Text 'password' is set on object 'Object Repository/RecAndPlayBk/Page-VLink-Capture/input_Password_password'

2023-02-08 19:01:44 - [MESSAGE][PASSED] - Text 'password' is set on object 'Object Repository/RecAndPlayBk/Page-VLink-Capture/input_Password_password'

2023-02-08 19:01:44 - [TEST_STEP][PASSED] - setText(findTestObject("Object Repository/RecAndPlayBk/Page-VLink-Capture/txt_ResponseFormat"), resFormat): Text 'fixed_width' is set on object 'Object Repository/RecAndPlayBk/Page-VLink-Capture/txt_ResponseFormat'

2023-02-08 19:01:45 - [MESSAGE][PASSED] - Text 'fixed_width' is set on object 'Object Repository/RecAndPlayBk/Page-VLink-Capture/txt_ResponseFormat'

2023-02-08 19:01:45 - [TEST_STEP][PASSED] - setText(findTestObject("Object Repository/RecAndPlayBk/Page-VLink-Capture/input_Transaction ID_transaction_id"), tranxID): Text '123456' is set on object 'Object Repository/RecAndPlayBk/Page-VLink-Capture/input_Transaction ID_transaction_id'

2023-02-08 19:01:46 - [MESSAGE][PASSED] - Text '123456' is set on object 'Object Repository/RecAndPlayBk/Page-VLink-Capture/input_Transaction ID_transaction_id'

2023-02-08 19:01:46 - [TEST_STEP][PASSED] - setText(findTestObject("Object Repository/RecAndPlayBk/Page-VLink-Capture/input_Amount_amount"), amount): Text '1.50' is set on object 'Object Repository/RecAndPlayBk/Page-VLink-Capture/input_Amount_amount'

2023-02-08 19:01:46 - [MESSAGE][PASSED] - Text '1.50' is set on object 'Object Repository/RecAndPlayBk/Page-VLink-Capture/input_Amount_amount'

2023-02-08 19:01:46 - [TEST_STEP][PASSED] - click(findTestObject("Object Repository/RecAndPlayBk/Page-VLink-Capture/input")): Object: 'Object Repository/RecAndPlayBk/Page-VLink-Capture/input' is clicked on

2023-02-08 19:01:47 - [MESSAGE][PASSED] - Object: 'Object Repository/RecAndPlayBk/Page-VLink-Capture/input' is clicked on

2023-02-08 19:01:47 - [TEST_STEP][PASSED] - if (verifyTextPresent(errorMsg, true)): null

2023-02-08 19:01:47 - [MESSAGE][PASSED] - Text 'Missing parameter: transaction_type' is present on page  using regular expression

2023-02-08 19:01:47 - [TEST_STEP][PASSED] - println("Error Message is present on the Confirmation page"): null

2023-02-08 19:01:47 - [TEST_STEP][PASSED] - out.println("Pass Record Number: " + row): null

2023-02-08 19:01:47 - [TEST_STEP][PASSED] - resText = "Pass": null

2023-02-08 19:01:47 - [TEST_STEP][PASSED] - pages.WriteExcel.demoKey(resText, datText, resColumn, datCloumn, fileLoc, nameSheet, row): pages.WriteExcel.demoKey is PASSED

2023-02-08 19:01:47 - [MESSAGE][PASSED] - pages.WriteExcel.demoKey is PASSED

2023-02-08 19:01:47 - [TEST_STEP][PASSED] - ExecuteTC = findTestData(dataFile).getValue("Execute", row): null

2023-02-08 19:01:47 - [TEST_STEP][PASSED] - out.println("Value of Execute is : " + ExecuteTC): null

2023-02-08 19:01:47 - [TEST_STEP][PASSED] - if (ExecuteTC.equalsIgnoreCase("Y")): null

2023-02-08 19:01:47 - [TEST_STEP][PASSED] - out.println("Begin Record Number: " + row): null

2023-02-08 19:01:47 - [TEST_STEP][PASSED] - today = new java.util.Date(): null

2023-02-08 19:01:47 - [TEST_STEP][PASSED] - println(today): null

2023-02-08 19:01:47 - [TEST_STEP][PASSED] - datText = today: null

2023-02-08 19:01:47 - [TEST_STEP][PASSED] - errorMsg = findTestData(dataFile).getValue("ErrorMsg", row): null

2023-02-08 19:01:47 - [TEST_STEP][PASSED] - appID = findTestData(dataFile).getValue("AppID", row): null

2023-02-08 19:01:47 - [TEST_STEP][PASSED] - username = findTestData(dataFile).getValue("Username", row): null

2023-02-08 19:01:48 - [TEST_STEP][PASSED] - password = findTestData(dataFile).getValue("Password", row): null

2023-02-08 19:01:48 - [TEST_STEP][PASSED] - tranType = findTestData(dataFile).getValue("TranType", row): null

2023-02-08 19:01:48 - [TEST_STEP][PASSED] - mv = findTestData(dataFile).getValue("MV", row): null

2023-02-08 19:01:48 - [TEST_STEP][PASSED] - resFormat = findTestData(dataFile).getValue("ResFormat", row): null

2023-02-08 19:01:48 - [TEST_STEP][PASSED] - tranxID = findTestData(dataFile).getValue("TranxID", row): null

2023-02-08 19:01:48 - [TEST_STEP][PASSED] - amount = findTestData(dataFile).getValue("Amount", row): null

2023-02-08 19:01:48 - [TEST_STEP][PASSED] - openBrowser(VLinkURL + "capture.html"): Browser is opened with url: 'https://dev-algorithm.govolution.com/vlinktest/QA/version_2_0/capture.html'

2023-02-08 19:01:48 - [MESSAGE][WARNING] - A browser is already opened. Closing browser and opening a new one

2023-02-08 19:01:49 - [MESSAGE][INFO] - Starting 'Chrome' driver

2023-02-08 19:01:49 - [MESSAGE][INFO] - User set preference: ['acceptInsecureCerts', 'true']

2023-02-08 19:01:49 - [MESSAGE][INFO] - Action delay is set to 0 milliseconds

2023-02-08 19:01:51 - [MESSAGE][PASSED] - Browser is opened with url: 'https://dev-algorithm.govolution.com/vlinktest/QA/version_2_0/capture.html'

2023-02-08 19:01:51 - [TEST_STEP][PASSED] - maximizeWindow(): Current window maximized

2023-02-08 19:01:51 - [MESSAGE][PASSED] - Current window maximized

2023-02-08 19:01:51 - [TEST_STEP][PASSED] - maximizeWindow(): Current window maximized

2023-02-08 19:01:51 - [MESSAGE][PASSED] - Current window maximized

2023-02-08 19:01:51 - [TEST_STEP][PASSED] - setText(findTestObject("Object Repository/RecAndPlayBk/Page-Vlink-AuthOnly/txt_TransactionType"), tranType): Text '102' is set on object 'Object Repository/RecAndPlayBk/Page-Vlink-AuthOnly/txt_TransactionType'

2023-02-08 19:01:52 - [MESSAGE][PASSED] - Text '102' is set on object 'Object Repository/RecAndPlayBk/Page-Vlink-AuthOnly/txt_TransactionType'

2023-02-08 19:01:52 - [TEST_STEP][PASSED] - setText(findTestObject("Object Repository/RecAndPlayBk/Page-Vlink-AuthOnly/txt_MessageVersion"), mv): Text '' is set on object 'Object Repository/RecAndPlayBk/Page-Vlink-AuthOnly/txt_MessageVersion'

2023-02-08 19:01:52 - [MESSAGE][PASSED] - Text '' is set on object 'Object Repository/RecAndPlayBk/Page-Vlink-AuthOnly/txt_MessageVersion'

2023-02-08 19:01:52 - [TEST_STEP][PASSED] - genRemID = RandomStringUtils.random(12, true, true): null

2023-02-08 19:01:52 - [TEST_STEP][PASSED] - setText(findTestObject("Object Repository/RecAndPlayBk/Page-VLink-Capture/input_Remittance Id_remittance_id"), genRemID): Text 'Tg1kUpvCyrzY' is set on object 'Object Repository/RecAndPlayBk/Page-VLink-Capture/input_Remittance Id_remittance_id'

2023-02-08 19:01:53 - [MESSAGE][PASSED] - Text 'Tg1kUpvCyrzY' is set on object 'Object Repository/RecAndPlayBk/Page-VLink-Capture/input_Remittance Id_remittance_id'

2023-02-08 19:01:53 - [TEST_STEP][PASSED] - setText(findTestObject("Object Repository/RecAndPlayBk/Page-VLink-Capture/input_Application Id_application_id"), appID): Text '234' is set on object 'Object Repository/RecAndPlayBk/Page-VLink-Capture/input_Application Id_application_id'

2023-02-08 19:01:53 - [MESSAGE][PASSED] - Text '234' is set on object 'Object Repository/RecAndPlayBk/Page-VLink-Capture/input_Application Id_application_id'

2023-02-08 19:01:53 - [TEST_STEP][PASSED] - setText(findTestObject("Object Repository/RecAndPlayBk/Page-VLink-Capture/input_Username_username"), username): Text 'username' is set on object 'Object Repository/RecAndPlayBk/Page-VLink-Capture/input_Username_username'

2023-02-08 19:01:54 - [MESSAGE][PASSED] - Text 'username' is set on object 'Object Repository/RecAndPlayBk/Page-VLink-Capture/input_Username_username'

2023-02-08 19:01:54 - [TEST_STEP][PASSED] - setText(findTestObject("Object Repository/RecAndPlayBk/Page-VLink-Capture/input_Password_password"), password): Text 'password' is set on object 'Object Repository/RecAndPlayBk/Page-VLink-Capture/input_Password_password'

2023-02-08 19:01:55 - [MESSAGE][PASSED] - Text 'password' is set on object 'Object Repository/RecAndPlayBk/Page-VLink-Capture/input_Password_password'

2023-02-08 19:01:55 - [TEST_STEP][PASSED] - setText(findTestObject("Object Repository/RecAndPlayBk/Page-VLink-Capture/txt_ResponseFormat"), resFormat): Text 'fixed_width' is set on object 'Object Repository/RecAndPlayBk/Page-VLink-Capture/txt_ResponseFormat'

2023-02-08 19:01:55 - [MESSAGE][PASSED] - Text 'fixed_width' is set on object 'Object Repository/RecAndPlayBk/Page-VLink-Capture/txt_ResponseFormat'

2023-02-08 19:01:55 - [TEST_STEP][PASSED] - setText(findTestObject("Object Repository/RecAndPlayBk/Page-VLink-Capture/input_Transaction ID_transaction_id"), tranxID): Text '123456' is set on object 'Object Repository/RecAndPlayBk/Page-VLink-Capture/input_Transaction ID_transaction_id'

2023-02-08 19:01:56 - [MESSAGE][PASSED] - Text '123456' is set on object 'Object Repository/RecAndPlayBk/Page-VLink-Capture/input_Transaction ID_transaction_id'

2023-02-08 19:01:56 - [TEST_STEP][PASSED] - setText(findTestObject("Object Repository/RecAndPlayBk/Page-VLink-Capture/input_Amount_amount"), amount): Text '1.50' is set on object 'Object Repository/RecAndPlayBk/Page-VLink-Capture/input_Amount_amount'

2023-02-08 19:01:57 - [MESSAGE][PASSED] - Text '1.50' is set on object 'Object Repository/RecAndPlayBk/Page-VLink-Capture/input_Amount_amount'

2023-02-08 19:01:57 - [TEST_STEP][PASSED] - click(findTestObject("Object Repository/RecAndPlayBk/Page-VLink-Capture/input")): Object: 'Object Repository/RecAndPlayBk/Page-VLink-Capture/input' is clicked on

2023-02-08 19:01:57 - [MESSAGE][PASSED] - Object: 'Object Repository/RecAndPlayBk/Page-VLink-Capture/input' is clicked on

2023-02-08 19:01:57 - [TEST_STEP][PASSED] - if (verifyTextPresent(errorMsg, true)): null

2023-02-08 19:01:57 - [MESSAGE][PASSED] - Text 'Missing parameter: message_version' is present on page  using regular expression

2023-02-08 19:01:57 - [TEST_STEP][PASSED] - println("Error Message is present on the Confirmation page"): null

2023-02-08 19:01:57 - [TEST_STEP][PASSED] - out.println("Pass Record Number: " + row): null

2023-02-08 19:01:57 - [TEST_STEP][PASSED] - resText = "Pass": null

2023-02-08 19:01:57 - [TEST_STEP][PASSED] - pages.WriteExcel.demoKey(resText, datText, resColumn, datCloumn, fileLoc, nameSheet, row): pages.WriteExcel.demoKey is PASSED

2023-02-08 19:01:58 - [MESSAGE][PASSED] - pages.WriteExcel.demoKey is PASSED

2023-02-08 19:01:58 - [TEST_STEP][PASSED] - ExecuteTC = findTestData(dataFile).getValue("Execute", row): null

2023-02-08 19:01:58 - [TEST_STEP][PASSED] - out.println("Value of Execute is : " + ExecuteTC): null

2023-02-08 19:01:58 - [TEST_STEP][PASSED] - if (ExecuteTC.equalsIgnoreCase("Y")): null

2023-02-08 19:01:58 - [TEST_STEP][PASSED] - out.println("Begin Record Number: " + row): null

2023-02-08 19:01:58 - [TEST_STEP][PASSED] - today = new java.util.Date(): null

2023-02-08 19:01:58 - [TEST_STEP][PASSED] - println(today): null

2023-02-08 19:01:58 - [TEST_STEP][PASSED] - datText = today: null

2023-02-08 19:01:58 - [TEST_STEP][PASSED] - errorMsg = findTestData(dataFile).getValue("ErrorMsg", row): null

2023-02-08 19:01:58 - [TEST_STEP][PASSED] - appID = findTestData(dataFile).getValue("AppID", row): null

2023-02-08 19:01:58 - [TEST_STEP][PASSED] - username = findTestData(dataFile).getValue("Username", row): null

2023-02-08 19:01:58 - [TEST_STEP][PASSED] - password = findTestData(dataFile).getValue("Password", row): null

2023-02-08 19:01:58 - [TEST_STEP][PASSED] - tranType = findTestData(dataFile).getValue("TranType", row): null

2023-02-08 19:01:58 - [TEST_STEP][PASSED] - mv = findTestData(dataFile).getValue("MV", row): null

2023-02-08 19:01:58 - [TEST_STEP][PASSED] - resFormat = findTestData(dataFile).getValue("ResFormat", row): null

2023-02-08 19:01:58 - [TEST_STEP][PASSED] - tranxID = findTestData(dataFile).getValue("TranxID", row): null

2023-02-08 19:01:58 - [TEST_STEP][PASSED] - amount = findTestData(dataFile).getValue("Amount", row): null

2023-02-08 19:01:58 - [TEST_STEP][PASSED] - openBrowser(VLinkURL + "capture.html"): Browser is opened with url: 'https://dev-algorithm.govolution.com/vlinktest/QA/version_2_0/capture.html'

2023-02-08 19:01:58 - [MESSAGE][WARNING] - A browser is already opened. Closing browser and opening a new one

2023-02-08 19:01:59 - [MESSAGE][INFO] - Starting 'Chrome' driver

2023-02-08 19:01:59 - [MESSAGE][INFO] - User set preference: ['acceptInsecureCerts', 'true']

2023-02-08 19:01:59 - [MESSAGE][INFO] - Action delay is set to 0 milliseconds

2023-02-08 19:02:01 - [MESSAGE][PASSED] - Browser is opened with url: 'https://dev-algorithm.govolution.com/vlinktest/QA/version_2_0/capture.html'

2023-02-08 19:02:01 - [TEST_STEP][PASSED] - maximizeWindow(): Current window maximized

2023-02-08 19:02:01 - [MESSAGE][PASSED] - Current window maximized

2023-02-08 19:02:01 - [TEST_STEP][PASSED] - maximizeWindow(): Current window maximized

2023-02-08 19:02:01 - [MESSAGE][PASSED] - Current window maximized

2023-02-08 19:02:01 - [TEST_STEP][PASSED] - setText(findTestObject("Object Repository/RecAndPlayBk/Page-Vlink-AuthOnly/txt_TransactionType"), tranType): Text '102' is set on object 'Object Repository/RecAndPlayBk/Page-Vlink-AuthOnly/txt_TransactionType'

2023-02-08 19:02:02 - [MESSAGE][PASSED] - Text '102' is set on object 'Object Repository/RecAndPlayBk/Page-Vlink-AuthOnly/txt_TransactionType'

2023-02-08 19:02:02 - [TEST_STEP][PASSED] - setText(findTestObject("Object Repository/RecAndPlayBk/Page-Vlink-AuthOnly/txt_MessageVersion"), mv): Text '2.0C' is set on object 'Object Repository/RecAndPlayBk/Page-Vlink-AuthOnly/txt_MessageVersion'

2023-02-08 19:02:03 - [MESSAGE][PASSED] - Text '2.0C' is set on object 'Object Repository/RecAndPlayBk/Page-Vlink-AuthOnly/txt_MessageVersion'

2023-02-08 19:02:03 - [TEST_STEP][PASSED] - genRemID = RandomStringUtils.random(12, true, true): null

2023-02-08 19:02:03 - [TEST_STEP][PASSED] - setText(findTestObject("Object Repository/RecAndPlayBk/Page-VLink-Capture/input_Remittance Id_remittance_id"), genRemID): Text 'Uwjgz1wNAnRv' is set on object 'Object Repository/RecAndPlayBk/Page-VLink-Capture/input_Remittance Id_remittance_id'

2023-02-08 19:02:03 - [MESSAGE][PASSED] - Text 'Uwjgz1wNAnRv' is set on object 'Object Repository/RecAndPlayBk/Page-VLink-Capture/input_Remittance Id_remittance_id'

2023-02-08 19:02:03 - [TEST_STEP][PASSED] - setText(findTestObject("Object Repository/RecAndPlayBk/Page-VLink-Capture/input_Application Id_application_id"), appID): Text '' is set on object 'Object Repository/RecAndPlayBk/Page-VLink-Capture/input_Application Id_application_id'

2023-02-08 19:02:04 - [MESSAGE][PASSED] - Text '' is set on object 'Object Repository/RecAndPlayBk/Page-VLink-Capture/input_Application Id_application_id'

2023-02-08 19:02:04 - [TEST_STEP][PASSED] - setText(findTestObject("Object Repository/RecAndPlayBk/Page-VLink-Capture/input_Username_username"), username): Text 'username' is set on object 'Object Repository/RecAndPlayBk/Page-VLink-Capture/input_Username_username'

2023-02-08 19:02:05 - [MESSAGE][PASSED] - Text 'username' is set on object 'Object Repository/RecAndPlayBk/Page-VLink-Capture/input_Username_username'

2023-02-08 19:02:05 - [TEST_STEP][PASSED] - setText(findTestObject("Object Repository/RecAndPlayBk/Page-VLink-Capture/input_Password_password"), password): Text 'password' is set on object 'Object Repository/RecAndPlayBk/Page-VLink-Capture/input_Password_password'

2023-02-08 19:02:05 - [MESSAGE][PASSED] - Text 'password' is set on object 'Object Repository/RecAndPlayBk/Page-VLink-Capture/input_Password_password'

2023-02-08 19:02:05 - [TEST_STEP][PASSED] - setText(findTestObject("Object Repository/RecAndPlayBk/Page-VLink-Capture/txt_ResponseFormat"), resFormat): Text 'fixed_width' is set on object 'Object Repository/RecAndPlayBk/Page-VLink-Capture/txt_ResponseFormat'

2023-02-08 19:02:06 - [MESSAGE][PASSED] - Text 'fixed_width' is set on object 'Object Repository/RecAndPlayBk/Page-VLink-Capture/txt_ResponseFormat'

2023-02-08 19:02:06 - [TEST_STEP][PASSED] - setText(findTestObject("Object Repository/RecAndPlayBk/Page-VLink-Capture/input_Transaction ID_transaction_id"), tranxID): Text '123456' is set on object 'Object Repository/RecAndPlayBk/Page-VLink-Capture/input_Transaction ID_transaction_id'

2023-02-08 19:02:06 - [MESSAGE][PASSED] - Text '123456' is set on object 'Object Repository/RecAndPlayBk/Page-VLink-Capture/input_Transaction ID_transaction_id'

2023-02-08 19:02:06 - [TEST_STEP][PASSED] - setText(findTestObject("Object Repository/RecAndPlayBk/Page-VLink-Capture/input_Amount_amount"), amount): Text '1.50' is set on object 'Object Repository/RecAndPlayBk/Page-VLink-Capture/input_Amount_amount'

2023-02-08 19:02:07 - [MESSAGE][PASSED] - Text '1.50' is set on object 'Object Repository/RecAndPlayBk/Page-VLink-Capture/input_Amount_amount'

2023-02-08 19:02:07 - [TEST_STEP][PASSED] - click(findTestObject("Object Repository/RecAndPlayBk/Page-VLink-Capture/input")): Object: 'Object Repository/RecAndPlayBk/Page-VLink-Capture/input' is clicked on

2023-02-08 19:02:08 - [MESSAGE][PASSED] - Object: 'Object Repository/RecAndPlayBk/Page-VLink-Capture/input' is clicked on

2023-02-08 19:02:08 - [TEST_STEP][PASSED] - if (verifyTextPresent(errorMsg, true)): null

2023-02-08 19:02:08 - [MESSAGE][PASSED] - Text 'Missing parameter: application_id' is present on page  using regular expression

2023-02-08 19:02:08 - [TEST_STEP][PASSED] - println("Error Message is present on the Confirmation page"): null

2023-02-08 19:02:08 - [TEST_STEP][PASSED] - out.println("Pass Record Number: " + row): null

2023-02-08 19:02:08 - [TEST_STEP][PASSED] - resText = "Pass": null

2023-02-08 19:02:08 - [TEST_STEP][PASSED] - pages.WriteExcel.demoKey(resText, datText, resColumn, datCloumn, fileLoc, nameSheet, row): pages.WriteExcel.demoKey is PASSED

2023-02-08 19:02:08 - [MESSAGE][PASSED] - pages.WriteExcel.demoKey is PASSED

2023-02-08 19:02:08 - [TEST_STEP][PASSED] - ExecuteTC = findTestData(dataFile).getValue("Execute", row): null

2023-02-08 19:02:08 - [TEST_STEP][PASSED] - out.println("Value of Execute is : " + ExecuteTC): null

2023-02-08 19:02:08 - [TEST_STEP][PASSED] - if (ExecuteTC.equalsIgnoreCase("Y")): null

2023-02-08 19:02:08 - [TEST_STEP][PASSED] - out.println("Begin Record Number: " + row): null

2023-02-08 19:02:08 - [TEST_STEP][PASSED] - today = new java.util.Date(): null

2023-02-08 19:02:08 - [TEST_STEP][PASSED] - println(today): null

2023-02-08 19:02:08 - [TEST_STEP][PASSED] - datText = today: null

2023-02-08 19:02:08 - [TEST_STEP][PASSED] - errorMsg = findTestData(dataFile).getValue("ErrorMsg", row): null

2023-02-08 19:02:08 - [TEST_STEP][PASSED] - appID = findTestData(dataFile).getValue("AppID", row): null

2023-02-08 19:02:08 - [TEST_STEP][PASSED] - username = findTestData(dataFile).getValue("Username", row): null

2023-02-08 19:02:08 - [TEST_STEP][PASSED] - password = findTestData(dataFile).getValue("Password", row): null

2023-02-08 19:02:08 - [TEST_STEP][PASSED] - tranType = findTestData(dataFile).getValue("TranType", row): null

2023-02-08 19:02:09 - [TEST_STEP][PASSED] - mv = findTestData(dataFile).getValue("MV", row): null

2023-02-08 19:02:09 - [TEST_STEP][PASSED] - resFormat = findTestData(dataFile).getValue("ResFormat", row): null

2023-02-08 19:02:09 - [TEST_STEP][PASSED] - tranxID = findTestData(dataFile).getValue("TranxID", row): null

2023-02-08 19:02:09 - [TEST_STEP][PASSED] - amount = findTestData(dataFile).getValue("Amount", row): null

2023-02-08 19:02:09 - [TEST_STEP][PASSED] - openBrowser(VLinkURL + "capture.html"): Browser is opened with url: 'https://dev-algorithm.govolution.com/vlinktest/QA/version_2_0/capture.html'

2023-02-08 19:02:09 - [MESSAGE][WARNING] - A browser is already opened. Closing browser and opening a new one

2023-02-08 19:02:10 - [MESSAGE][INFO] - Starting 'Chrome' driver

2023-02-08 19:02:10 - [MESSAGE][INFO] - User set preference: ['acceptInsecureCerts', 'true']

2023-02-08 19:02:10 - [MESSAGE][INFO] - Action delay is set to 0 milliseconds

2023-02-08 19:02:11 - [MESSAGE][PASSED] - Browser is opened with url: 'https://dev-algorithm.govolution.com/vlinktest/QA/version_2_0/capture.html'

2023-02-08 19:02:11 - [TEST_STEP][PASSED] - maximizeWindow(): Current window maximized

2023-02-08 19:02:12 - [MESSAGE][PASSED] - Current window maximized

2023-02-08 19:02:12 - [TEST_STEP][PASSED] - maximizeWindow(): Current window maximized

2023-02-08 19:02:12 - [MESSAGE][PASSED] - Current window maximized

2023-02-08 19:02:12 - [TEST_STEP][PASSED] - setText(findTestObject("Object Repository/RecAndPlayBk/Page-Vlink-AuthOnly/txt_TransactionType"), tranType): Text '102' is set on object 'Object Repository/RecAndPlayBk/Page-Vlink-AuthOnly/txt_TransactionType'

2023-02-08 19:02:12 - [MESSAGE][PASSED] - Text '102' is set on object 'Object Repository/RecAndPlayBk/Page-Vlink-AuthOnly/txt_TransactionType'

2023-02-08 19:02:12 - [TEST_STEP][PASSED] - setText(findTestObject("Object Repository/RecAndPlayBk/Page-Vlink-AuthOnly/txt_MessageVersion"), mv): Text '2.0C' is set on object 'Object Repository/RecAndPlayBk/Page-Vlink-AuthOnly/txt_MessageVersion'

2023-02-08 19:02:13 - [MESSAGE][PASSED] - Text '2.0C' is set on object 'Object Repository/RecAndPlayBk/Page-Vlink-AuthOnly/txt_MessageVersion'

2023-02-08 19:02:13 - [TEST_STEP][PASSED] - genRemID = RandomStringUtils.random(12, true, true): null

2023-02-08 19:02:13 - [TEST_STEP][PASSED] - setText(findTestObject("Object Repository/RecAndPlayBk/Page-VLink-Capture/input_Remittance Id_remittance_id"), genRemID): Text 'X2iXNyl2mELT' is set on object 'Object Repository/RecAndPlayBk/Page-VLink-Capture/input_Remittance Id_remittance_id'

2023-02-08 19:02:14 - [MESSAGE][PASSED] - Text 'X2iXNyl2mELT' is set on object 'Object Repository/RecAndPlayBk/Page-VLink-Capture/input_Remittance Id_remittance_id'

2023-02-08 19:02:14 - [TEST_STEP][PASSED] - setText(findTestObject("Object Repository/RecAndPlayBk/Page-VLink-Capture/input_Application Id_application_id"), appID): Text '234' is set on object 'Object Repository/RecAndPlayBk/Page-VLink-Capture/input_Application Id_application_id'

2023-02-08 19:02:14 - [MESSAGE][PASSED] - Text '234' is set on object 'Object Repository/RecAndPlayBk/Page-VLink-Capture/input_Application Id_application_id'

2023-02-08 19:02:14 - [TEST_STEP][PASSED] - setText(findTestObject("Object Repository/RecAndPlayBk/Page-VLink-Capture/input_Username_username"), username): Text 'username' is set on object 'Object Repository/RecAndPlayBk/Page-VLink-Capture/input_Username_username'

2023-02-08 19:02:15 - [MESSAGE][PASSED] - Text 'username' is set on object 'Object Repository/RecAndPlayBk/Page-VLink-Capture/input_Username_username'

2023-02-08 19:02:15 - [TEST_STEP][PASSED] - setText(findTestObject("Object Repository/RecAndPlayBk/Page-VLink-Capture/input_Password_password"), password): Text 'password' is set on object 'Object Repository/RecAndPlayBk/Page-VLink-Capture/input_Password_password'

2023-02-08 19:02:16 - [MESSAGE][PASSED] - Text 'password' is set on object 'Object Repository/RecAndPlayBk/Page-VLink-Capture/input_Password_password'

2023-02-08 19:02:16 - [TEST_STEP][PASSED] - setText(findTestObject("Object Repository/RecAndPlayBk/Page-VLink-Capture/txt_ResponseFormat"), resFormat): Text '' is set on object 'Object Repository/RecAndPlayBk/Page-VLink-Capture/txt_ResponseFormat'

2023-02-08 19:02:16 - [MESSAGE][PASSED] - Text '' is set on object 'Object Repository/RecAndPlayBk/Page-VLink-Capture/txt_ResponseFormat'

2023-02-08 19:02:16 - [TEST_STEP][PASSED] - setText(findTestObject("Object Repository/RecAndPlayBk/Page-VLink-Capture/input_Transaction ID_transaction_id"), tranxID): Text '123456' is set on object 'Object Repository/RecAndPlayBk/Page-VLink-Capture/input_Transaction ID_transaction_id'

2023-02-08 19:02:17 - [MESSAGE][PASSED] - Text '123456' is set on object 'Object Repository/RecAndPlayBk/Page-VLink-Capture/input_Transaction ID_transaction_id'

2023-02-08 19:02:17 - [TEST_STEP][PASSED] - setText(findTestObject("Object Repository/RecAndPlayBk/Page-VLink-Capture/input_Amount_amount"), amount): Text '1.50' is set on object 'Object Repository/RecAndPlayBk/Page-VLink-Capture/input_Amount_amount'

2023-02-08 19:02:17 - [MESSAGE][PASSED] - Text '1.50' is set on object 'Object Repository/RecAndPlayBk/Page-VLink-Capture/input_Amount_amount'

2023-02-08 19:02:17 - [TEST_STEP][PASSED] - click(findTestObject("Object Repository/RecAndPlayBk/Page-VLink-Capture/input")): Object: 'Object Repository/RecAndPlayBk/Page-VLink-Capture/input' is clicked on

2023-02-08 19:02:18 - [MESSAGE][PASSED] - Object: 'Object Repository/RecAndPlayBk/Page-VLink-Capture/input' is clicked on

2023-02-08 19:02:18 - [TEST_STEP][PASSED] - if (verifyTextPresent(errorMsg, true)): null

2023-02-08 19:02:18 - [MESSAGE][PASSED] - Text 'response_format' is present on page  using regular expression

2023-02-08 19:02:18 - [TEST_STEP][PASSED] - println("Error Message is present on the Confirmation page"): null

2023-02-08 19:02:18 - [TEST_STEP][PASSED] - out.println("Pass Record Number: " + row): null

2023-02-08 19:02:18 - [TEST_STEP][PASSED] - resText = "Pass": null

2023-02-08 19:02:18 - [TEST_STEP][PASSED] - pages.WriteExcel.demoKey(resText, datText, resColumn, datCloumn, fileLoc, nameSheet, row): pages.WriteExcel.demoKey is PASSED

2023-02-08 19:02:18 - [MESSAGE][PASSED] - pages.WriteExcel.demoKey is PASSED

2023-02-08 19:02:18 - [TEST_STEP][PASSED] - ExecuteTC = findTestData(dataFile).getValue("Execute", row): null

2023-02-08 19:02:18 - [TEST_STEP][PASSED] - out.println("Value of Execute is : " + ExecuteTC): null

2023-02-08 19:02:18 - [TEST_STEP][PASSED] - if (ExecuteTC.equalsIgnoreCase("Y")): null

2023-02-08 19:02:18 - [TEST_STEP][PASSED] - out.println("Begin Record Number: " + row): null

2023-02-08 19:02:18 - [TEST_STEP][PASSED] - today = new java.util.Date(): null

2023-02-08 19:02:18 - [TEST_STEP][PASSED] - println(today): null

2023-02-08 19:02:18 - [TEST_STEP][PASSED] - datText = today: null

2023-02-08 19:02:18 - [TEST_STEP][PASSED] - errorMsg = findTestData(dataFile).getValue("ErrorMsg", row): null

2023-02-08 19:02:19 - [TEST_STEP][PASSED] - appID = findTestData(dataFile).getValue("AppID", row): null

2023-02-08 19:02:19 - [TEST_STEP][PASSED] - username = findTestData(dataFile).getValue("Username", row): null

2023-02-08 19:02:19 - [TEST_STEP][PASSED] - password = findTestData(dataFile).getValue("Password", row): null

2023-02-08 19:02:19 - [TEST_STEP][PASSED] - tranType = findTestData(dataFile).getValue("TranType", row): null

2023-02-08 19:02:19 - [TEST_STEP][PASSED] - mv = findTestData(dataFile).getValue("MV", row): null

2023-02-08 19:02:19 - [TEST_STEP][PASSED] - resFormat = findTestData(dataFile).getValue("ResFormat", row): null

2023-02-08 19:02:19 - [TEST_STEP][PASSED] - tranxID = findTestData(dataFile).getValue("TranxID", row): null

2023-02-08 19:02:19 - [TEST_STEP][PASSED] - amount = findTestData(dataFile).getValue("Amount", row): null

2023-02-08 19:02:19 - [TEST_STEP][PASSED] - openBrowser(VLinkURL + "capture.html"): Browser is opened with url: 'https://dev-algorithm.govolution.com/vlinktest/QA/version_2_0/capture.html'

2023-02-08 19:02:19 - [MESSAGE][WARNING] - A browser is already opened. Closing browser and opening a new one

2023-02-08 19:02:20 - [MESSAGE][INFO] - Starting 'Chrome' driver

2023-02-08 19:02:20 - [MESSAGE][INFO] - User set preference: ['acceptInsecureCerts', 'true']

2023-02-08 19:02:20 - [MESSAGE][INFO] - Action delay is set to 0 milliseconds

2023-02-08 19:02:22 - [MESSAGE][PASSED] - Browser is opened with url: 'https://dev-algorithm.govolution.com/vlinktest/QA/version_2_0/capture.html'

2023-02-08 19:02:22 - [TEST_STEP][PASSED] - maximizeWindow(): Current window maximized

2023-02-08 19:02:22 - [MESSAGE][PASSED] - Current window maximized

2023-02-08 19:02:22 - [TEST_STEP][PASSED] - maximizeWindow(): Current window maximized

2023-02-08 19:02:22 - [MESSAGE][PASSED] - Current window maximized

2023-02-08 19:02:22 - [TEST_STEP][PASSED] - setText(findTestObject("Object Repository/RecAndPlayBk/Page-Vlink-AuthOnly/txt_TransactionType"), tranType): Text '102' is set on object 'Object Repository/RecAndPlayBk/Page-Vlink-AuthOnly/txt_TransactionType'

2023-02-08 19:02:23 - [MESSAGE][PASSED] - Text '102' is set on object 'Object Repository/RecAndPlayBk/Page-Vlink-AuthOnly/txt_TransactionType'

2023-02-08 19:02:23 - [TEST_STEP][PASSED] - setText(findTestObject("Object Repository/RecAndPlayBk/Page-Vlink-AuthOnly/txt_MessageVersion"), mv): Text '2.0C' is set on object 'Object Repository/RecAndPlayBk/Page-Vlink-AuthOnly/txt_MessageVersion'

2023-02-08 19:02:23 - [MESSAGE][PASSED] - Text '2.0C' is set on object 'Object Repository/RecAndPlayBk/Page-Vlink-AuthOnly/txt_MessageVersion'

2023-02-08 19:02:23 - [TEST_STEP][PASSED] - genRemID = RandomStringUtils.random(12, true, true): null

2023-02-08 19:02:23 - [TEST_STEP][PASSED] - setText(findTestObject("Object Repository/RecAndPlayBk/Page-VLink-Capture/input_Remittance Id_remittance_id"), genRemID): Text 'UxidrlTea8hr' is set on object 'Object Repository/RecAndPlayBk/Page-VLink-Capture/input_Remittance Id_remittance_id'

2023-02-08 19:02:24 - [MESSAGE][PASSED] - Text 'UxidrlTea8hr' is set on object 'Object Repository/RecAndPlayBk/Page-VLink-Capture/input_Remittance Id_remittance_id'

2023-02-08 19:02:24 - [TEST_STEP][PASSED] - setText(findTestObject("Object Repository/RecAndPlayBk/Page-VLink-Capture/input_Application Id_application_id"), appID): Text '234' is set on object 'Object Repository/RecAndPlayBk/Page-VLink-Capture/input_Application Id_application_id'

2023-02-08 19:02:25 - [MESSAGE][PASSED] - Text '234' is set on object 'Object Repository/RecAndPlayBk/Page-VLink-Capture/input_Application Id_application_id'

2023-02-08 19:02:25 - [TEST_STEP][PASSED] - setText(findTestObject("Object Repository/RecAndPlayBk/Page-VLink-Capture/input_Username_username"), username): Text 'username' is set on object 'Object Repository/RecAndPlayBk/Page-VLink-Capture/input_Username_username'

2023-02-08 19:02:25 - [MESSAGE][PASSED] - Text 'username' is set on object 'Object Repository/RecAndPlayBk/Page-VLink-Capture/input_Username_username'

2023-02-08 19:02:25 - [TEST_STEP][PASSED] - setText(findTestObject("Object Repository/RecAndPlayBk/Page-VLink-Capture/input_Password_password"), password): Text 'password' is set on object 'Object Repository/RecAndPlayBk/Page-VLink-Capture/input_Password_password'

2023-02-08 19:02:26 - [MESSAGE][PASSED] - Text 'password' is set on object 'Object Repository/RecAndPlayBk/Page-VLink-Capture/input_Password_password'

2023-02-08 19:02:26 - [TEST_STEP][PASSED] - setText(findTestObject("Object Repository/RecAndPlayBk/Page-VLink-Capture/txt_ResponseFormat"), resFormat): Text 'fixed_width' is set on object 'Object Repository/RecAndPlayBk/Page-VLink-Capture/txt_ResponseFormat'

2023-02-08 19:02:26 - [MESSAGE][PASSED] - Text 'fixed_width' is set on object 'Object Repository/RecAndPlayBk/Page-VLink-Capture/txt_ResponseFormat'

2023-02-08 19:02:26 - [TEST_STEP][PASSED] - setText(findTestObject("Object Repository/RecAndPlayBk/Page-VLink-Capture/input_Transaction ID_transaction_id"), tranxID): Text '123456' is set on object 'Object Repository/RecAndPlayBk/Page-VLink-Capture/input_Transaction ID_transaction_id'

2023-02-08 19:02:27 - [MESSAGE][PASSED] - Text '123456' is set on object 'Object Repository/RecAndPlayBk/Page-VLink-Capture/input_Transaction ID_transaction_id'

2023-02-08 19:02:27 - [TEST_STEP][PASSED] - setText(findTestObject("Object Repository/RecAndPlayBk/Page-VLink-Capture/input_Amount_amount"), amount): Text '' is set on object 'Object Repository/RecAndPlayBk/Page-VLink-Capture/input_Amount_amount'

2023-02-08 19:02:28 - [MESSAGE][PASSED] - Text '' is set on object 'Object Repository/RecAndPlayBk/Page-VLink-Capture/input_Amount_amount'

2023-02-08 19:02:28 - [TEST_STEP][PASSED] - click(findTestObject("Object Repository/RecAndPlayBk/Page-VLink-Capture/input")): Object: 'Object Repository/RecAndPlayBk/Page-VLink-Capture/input' is clicked on

2023-02-08 19:02:28 - [MESSAGE][PASSED] - Object: 'Object Repository/RecAndPlayBk/Page-VLink-Capture/input' is clicked on

2023-02-08 19:02:28 - [TEST_STEP][PASSED] - if (verifyTextPresent(errorMsg, true)): null

2023-02-08 19:02:29 - [MESSAGE][PASSED] - Text 'amount' is present on page  using regular expression

2023-02-08 19:02:29 - [TEST_STEP][PASSED] - println("Error Message is present on the Confirmation page"): null

2023-02-08 19:02:29 - [TEST_STEP][PASSED] - out.println("Pass Record Number: " + row): null

2023-02-08 19:02:29 - [TEST_STEP][PASSED] - resText = "Pass": null

2023-02-08 19:02:29 - [TEST_STEP][PASSED] - pages.WriteExcel.demoKey(resText, datText, resColumn, datCloumn, fileLoc, nameSheet, row): pages.WriteExcel.demoKey is PASSED

2023-02-08 19:02:29 - [MESSAGE][PASSED] - pages.WriteExcel.demoKey is PASSED

2023-02-08 19:02:29 - [TEST_STEP][PASSED] - ExecuteTC = findTestData(dataFile).getValue("Execute", row): null

2023-02-08 19:02:29 - [TEST_STEP][PASSED] - out.println("Value of Execute is : " + ExecuteTC): null

2023-02-08 19:02:29 - [TEST_STEP][PASSED] - if (ExecuteTC.equalsIgnoreCase("Y")): null

2023-02-08 19:02:29 - [TEST_STEP][PASSED] - out.println("Begin Record Number: " + row): null

2023-02-08 19:02:29 - [TEST_STEP][PASSED] - today = new java.util.Date(): null

2023-02-08 19:02:29 - [TEST_STEP][PASSED] - println(today): null

2023-02-08 19:02:29 - [TEST_STEP][PASSED] - datText = today: null

2023-02-08 19:02:29 - [TEST_STEP][PASSED] - errorMsg = findTestData(dataFile).getValue("ErrorMsg", row): null

2023-02-08 19:02:29 - [TEST_STEP][PASSED] - appID = findTestData(dataFile).getValue("AppID", row): null

2023-02-08 19:02:29 - [TEST_STEP][PASSED] - username = findTestData(dataFile).getValue("Username", row): null

2023-02-08 19:02:29 - [TEST_STEP][PASSED] - password = findTestData(dataFile).getValue("Password", row): null

2023-02-08 19:02:29 - [TEST_STEP][PASSED] - tranType = findTestData(dataFile).getValue("TranType", row): null

2023-02-08 19:02:29 - [TEST_STEP][PASSED] - mv = findTestData(dataFile).getValue("MV", row): null

2023-02-08 19:02:29 - [TEST_STEP][PASSED] - resFormat = findTestData(dataFile).getValue("ResFormat", row): null

2023-02-08 19:02:30 - [TEST_STEP][PASSED] - tranxID = findTestData(dataFile).getValue("TranxID", row): null

2023-02-08 19:02:30 - [TEST_STEP][PASSED] - amount = findTestData(dataFile).getValue("Amount", row): null

2023-02-08 19:02:30 - [TEST_STEP][PASSED] - openBrowser(VLinkURL + "capture.html"): Browser is opened with url: 'https://dev-algorithm.govolution.com/vlinktest/QA/version_2_0/capture.html'

2023-02-08 19:02:30 - [MESSAGE][WARNING] - A browser is already opened. Closing browser and opening a new one

2023-02-08 19:02:31 - [MESSAGE][INFO] - Starting 'Chrome' driver

2023-02-08 19:02:31 - [MESSAGE][INFO] - User set preference: ['acceptInsecureCerts', 'true']

2023-02-08 19:02:31 - [MESSAGE][INFO] - Action delay is set to 0 milliseconds

2023-02-08 19:02:32 - [MESSAGE][PASSED] - Browser is opened with url: 'https://dev-algorithm.govolution.com/vlinktest/QA/version_2_0/capture.html'

2023-02-08 19:02:32 - [TEST_STEP][PASSED] - maximizeWindow(): Current window maximized

2023-02-08 19:02:32 - [MESSAGE][PASSED] - Current window maximized

2023-02-08 19:02:32 - [TEST_STEP][PASSED] - maximizeWindow(): Current window maximized

2023-02-08 19:02:33 - [MESSAGE][PASSED] - Current window maximized

2023-02-08 19:02:33 - [TEST_STEP][PASSED] - setText(findTestObject("Object Repository/RecAndPlayBk/Page-Vlink-AuthOnly/txt_TransactionType"), tranType): Text '102' is set on object 'Object Repository/RecAndPlayBk/Page-Vlink-AuthOnly/txt_TransactionType'

2023-02-08 19:02:33 - [MESSAGE][PASSED] - Text '102' is set on object 'Object Repository/RecAndPlayBk/Page-Vlink-AuthOnly/txt_TransactionType'

2023-02-08 19:02:33 - [TEST_STEP][PASSED] - setText(findTestObject("Object Repository/RecAndPlayBk/Page-Vlink-AuthOnly/txt_MessageVersion"), mv): Text '2.0C' is set on object 'Object Repository/RecAndPlayBk/Page-Vlink-AuthOnly/txt_MessageVersion'

2023-02-08 19:02:34 - [MESSAGE][PASSED] - Text '2.0C' is set on object 'Object Repository/RecAndPlayBk/Page-Vlink-AuthOnly/txt_MessageVersion'

2023-02-08 19:02:34 - [TEST_STEP][PASSED] - genRemID = RandomStringUtils.random(12, true, true): null

2023-02-08 19:02:34 - [TEST_STEP][PASSED] - setText(findTestObject("Object Repository/RecAndPlayBk/Page-VLink-Capture/input_Remittance Id_remittance_id"), genRemID): Text 'y7DOastpCrxk' is set on object 'Object Repository/RecAndPlayBk/Page-VLink-Capture/input_Remittance Id_remittance_id'

2023-02-08 19:02:35 - [MESSAGE][PASSED] - Text 'y7DOastpCrxk' is set on object 'Object Repository/RecAndPlayBk/Page-VLink-Capture/input_Remittance Id_remittance_id'

2023-02-08 19:02:35 - [TEST_STEP][PASSED] - setText(findTestObject("Object Repository/RecAndPlayBk/Page-VLink-Capture/input_Application Id_application_id"), appID): Text '234' is set on object 'Object Repository/RecAndPlayBk/Page-VLink-Capture/input_Application Id_application_id'

2023-02-08 19:02:35 - [MESSAGE][PASSED] - Text '234' is set on object 'Object Repository/RecAndPlayBk/Page-VLink-Capture/input_Application Id_application_id'

2023-02-08 19:02:35 - [TEST_STEP][PASSED] - setText(findTestObject("Object Repository/RecAndPlayBk/Page-VLink-Capture/input_Username_username"), username): Text 'username' is set on object 'Object Repository/RecAndPlayBk/Page-VLink-Capture/input_Username_username'

2023-02-08 19:02:36 - [MESSAGE][PASSED] - Text 'username' is set on object 'Object Repository/RecAndPlayBk/Page-VLink-Capture/input_Username_username'

2023-02-08 19:02:36 - [TEST_STEP][PASSED] - setText(findTestObject("Object Repository/RecAndPlayBk/Page-VLink-Capture/input_Password_password"), password): Text 'password' is set on object 'Object Repository/RecAndPlayBk/Page-VLink-Capture/input_Password_password'

2023-02-08 19:02:36 - [MESSAGE][PASSED] - Text 'password' is set on object 'Object Repository/RecAndPlayBk/Page-VLink-Capture/input_Password_password'

2023-02-08 19:02:36 - [TEST_STEP][PASSED] - setText(findTestObject("Object Repository/RecAndPlayBk/Page-VLink-Capture/txt_ResponseFormat"), resFormat): Text 'fixed_width' is set on object 'Object Repository/RecAndPlayBk/Page-VLink-Capture/txt_ResponseFormat'

2023-02-08 19:02:37 - [MESSAGE][PASSED] - Text 'fixed_width' is set on object 'Object Repository/RecAndPlayBk/Page-VLink-Capture/txt_ResponseFormat'

2023-02-08 19:02:37 - [TEST_STEP][PASSED] - setText(findTestObject("Object Repository/RecAndPlayBk/Page-VLink-Capture/input_Transaction ID_transaction_id"), tranxID): Text '' is set on object 'Object Repository/RecAndPlayBk/Page-VLink-Capture/input_Transaction ID_transaction_id'

2023-02-08 19:02:38 - [MESSAGE][PASSED] - Text '' is set on object 'Object Repository/RecAndPlayBk/Page-VLink-Capture/input_Transaction ID_transaction_id'

2023-02-08 19:02:38 - [TEST_STEP][PASSED] - setText(findTestObject("Object Repository/RecAndPlayBk/Page-VLink-Capture/input_Amount_amount"), amount): Text '1.50' is set on object 'Object Repository/RecAndPlayBk/Page-VLink-Capture/input_Amount_amount'

2023-02-08 19:02:38 - [MESSAGE][PASSED] - Text '1.50' is set on object 'Object Repository/RecAndPlayBk/Page-VLink-Capture/input_Amount_amount'

2023-02-08 19:02:38 - [TEST_STEP][PASSED] - click(findTestObject("Object Repository/RecAndPlayBk/Page-VLink-Capture/input")): Object: 'Object Repository/RecAndPlayBk/Page-VLink-Capture/input' is clicked on

2023-02-08 19:02:39 - [MESSAGE][PASSED] - Object: 'Object Repository/RecAndPlayBk/Page-VLink-Capture/input' is clicked on

2023-02-08 19:02:39 - [TEST_STEP][PASSED] - if (verifyTextPresent(errorMsg, true)): null

2023-02-08 19:02:39 - [MESSAGE][PASSED] - Text 'transaction_id' is present on page  using regular expression

2023-02-08 19:02:39 - [TEST_STEP][PASSED] - println("Error Message is present on the Confirmation page"): null

2023-02-08 19:02:39 - [TEST_STEP][PASSED] - out.println("Pass Record Number: " + row): null

2023-02-08 19:02:39 - [TEST_STEP][PASSED] - resText = "Pass": null

2023-02-08 19:02:39 - [TEST_STEP][PASSED] - pages.WriteExcel.demoKey(resText, datText, resColumn, datCloumn, fileLoc, nameSheet, row): pages.WriteExcel.demoKey is PASSED

2023-02-08 19:02:39 - [MESSAGE][PASSED] - pages.WriteExcel.demoKey is PASSED

2023-02-08 19:02:39 - [TEST_STEP][PASSED] - ExecuteTC = findTestData(dataFile).getValue("Execute", row): null

2023-02-08 19:02:39 - [TEST_STEP][PASSED] - out.println("Value of Execute is : " + ExecuteTC): null

2023-02-08 19:02:39 - [TEST_STEP][PASSED] - if (ExecuteTC.equalsIgnoreCase("Y")): null

2023-02-08 19:02:39 - [TEST_STEP][PASSED] - out.println("Begin Record Number: " + row): null

2023-02-08 19:02:39 - [TEST_STEP][PASSED] - today = new java.util.Date(): null

2023-02-08 19:02:39 - [TEST_STEP][PASSED] - println(today): null

2023-02-08 19:02:39 - [TEST_STEP][PASSED] - datText = today: null

2023-02-08 19:02:39 - [TEST_STEP][PASSED] - errorMsg = findTestData(dataFile).getValue("ErrorMsg", row): null

2023-02-08 19:02:39 - [TEST_STEP][PASSED] - appID = findTestData(dataFile).getValue("AppID", row): null

2023-02-08 19:02:40 - [TEST_STEP][PASSED] - username = findTestData(dataFile).getValue("Username", row): null

2023-02-08 19:02:40 - [TEST_STEP][PASSED] - password = findTestData(dataFile).getValue("Password", row): null

2023-02-08 19:02:40 - [TEST_STEP][PASSED] - tranType = findTestData(dataFile).getValue("TranType", row): null

2023-02-08 19:02:40 - [TEST_STEP][PASSED] - mv = findTestData(dataFile).getValue("MV", row): null

2023-02-08 19:02:40 - [TEST_STEP][PASSED] - resFormat = findTestData(dataFile).getValue("ResFormat", row): null

2023-02-08 19:02:40 - [TEST_STEP][PASSED] - tranxID = findTestData(dataFile).getValue("TranxID", row): null

2023-02-08 19:02:40 - [TEST_STEP][PASSED] - amount = findTestData(dataFile).getValue("Amount", row): null

2023-02-08 19:02:40 - [TEST_STEP][PASSED] - openBrowser(VLinkURL + "capture.html"): Browser is opened with url: 'https://dev-algorithm.govolution.com/vlinktest/QA/version_2_0/capture.html'

2023-02-08 19:02:40 - [MESSAGE][WARNING] - A browser is already opened. Closing browser and opening a new one

2023-02-08 19:02:41 - [MESSAGE][INFO] - Starting 'Chrome' driver

2023-02-08 19:02:41 - [MESSAGE][INFO] - User set preference: ['acceptInsecureCerts', 'true']

2023-02-08 19:02:41 - [MESSAGE][INFO] - Action delay is set to 0 milliseconds

2023-02-08 19:02:43 - [MESSAGE][PASSED] - Browser is opened with url: 'https://dev-algorithm.govolution.com/vlinktest/QA/version_2_0/capture.html'

2023-02-08 19:02:43 - [TEST_STEP][PASSED] - maximizeWindow(): Current window maximized

2023-02-08 19:02:43 - [MESSAGE][PASSED] - Current window maximized

2023-02-08 19:02:43 - [TEST_STEP][PASSED] - maximizeWindow(): Current window maximized

2023-02-08 19:02:43 - [MESSAGE][PASSED] - Current window maximized

2023-02-08 19:02:43 - [TEST_STEP][PASSED] - setText(findTestObject("Object Repository/RecAndPlayBk/Page-Vlink-AuthOnly/txt_TransactionType"), tranType): Text '102' is set on object 'Object Repository/RecAndPlayBk/Page-Vlink-AuthOnly/txt_TransactionType'

2023-02-08 19:02:44 - [MESSAGE][PASSED] - Text '102' is set on object 'Object Repository/RecAndPlayBk/Page-Vlink-AuthOnly/txt_TransactionType'

2023-02-08 19:02:44 - [TEST_STEP][PASSED] - setText(findTestObject("Object Repository/RecAndPlayBk/Page-Vlink-AuthOnly/txt_MessageVersion"), mv): Text '2.0C' is set on object 'Object Repository/RecAndPlayBk/Page-Vlink-AuthOnly/txt_MessageVersion'

2023-02-08 19:02:44 - [MESSAGE][PASSED] - Text '2.0C' is set on object 'Object Repository/RecAndPlayBk/Page-Vlink-AuthOnly/txt_MessageVersion'

2023-02-08 19:02:44 - [TEST_STEP][PASSED] - genRemID = RandomStringUtils.random(12, true, true): null

2023-02-08 19:02:44 - [TEST_STEP][PASSED] - setText(findTestObject("Object Repository/RecAndPlayBk/Page-VLink-Capture/input_Remittance Id_remittance_id"), genRemID): Text '7JPz4n22mQtn' is set on object 'Object Repository/RecAndPlayBk/Page-VLink-Capture/input_Remittance Id_remittance_id'

2023-02-08 19:02:45 - [MESSAGE][PASSED] - Text '7JPz4n22mQtn' is set on object 'Object Repository/RecAndPlayBk/Page-VLink-Capture/input_Remittance Id_remittance_id'

2023-02-08 19:02:45 - [TEST_STEP][PASSED] - setText(findTestObject("Object Repository/RecAndPlayBk/Page-VLink-Capture/input_Application Id_application_id"), appID): Text '234' is set on object 'Object Repository/RecAndPlayBk/Page-VLink-Capture/input_Application Id_application_id'

2023-02-08 19:02:46 - [MESSAGE][PASSED] - Text '234' is set on object 'Object Repository/RecAndPlayBk/Page-VLink-Capture/input_Application Id_application_id'

2023-02-08 19:02:46 - [TEST_STEP][PASSED] - setText(findTestObject("Object Repository/RecAndPlayBk/Page-VLink-Capture/input_Username_username"), username): Text '' is set on object 'Object Repository/RecAndPlayBk/Page-VLink-Capture/input_Username_username'

2023-02-08 19:02:46 - [MESSAGE][PASSED] - Text '' is set on object 'Object Repository/RecAndPlayBk/Page-VLink-Capture/input_Username_username'

2023-02-08 19:02:46 - [TEST_STEP][PASSED] - setText(findTestObject("Object Repository/RecAndPlayBk/Page-VLink-Capture/input_Password_password"), password): Text 'password' is set on object 'Object Repository/RecAndPlayBk/Page-VLink-Capture/input_Password_password'

2023-02-08 19:02:47 - [MESSAGE][PASSED] - Text 'password' is set on object 'Object Repository/RecAndPlayBk/Page-VLink-Capture/input_Password_password'

2023-02-08 19:02:47 - [TEST_STEP][PASSED] - setText(findTestObject("Object Repository/RecAndPlayBk/Page-VLink-Capture/txt_ResponseFormat"), resFormat): Text 'fixed_width' is set on object 'Object Repository/RecAndPlayBk/Page-VLink-Capture/txt_ResponseFormat'

2023-02-08 19:02:48 - [MESSAGE][PASSED] - Text 'fixed_width' is set on object 'Object Repository/RecAndPlayBk/Page-VLink-Capture/txt_ResponseFormat'

2023-02-08 19:02:48 - [TEST_STEP][PASSED] - setText(findTestObject("Object Repository/RecAndPlayBk/Page-VLink-Capture/input_Transaction ID_transaction_id"), tranxID): Text '123456' is set on object 'Object Repository/RecAndPlayBk/Page-VLink-Capture/input_Transaction ID_transaction_id'

2023-02-08 19:02:48 - [MESSAGE][PASSED] - Text '123456' is set on object 'Object Repository/RecAndPlayBk/Page-VLink-Capture/input_Transaction ID_transaction_id'

2023-02-08 19:02:48 - [TEST_STEP][PASSED] - setText(findTestObject("Object Repository/RecAndPlayBk/Page-VLink-Capture/input_Amount_amount"), amount): Text '1.50' is set on object 'Object Repository/RecAndPlayBk/Page-VLink-Capture/input_Amount_amount'

2023-02-08 19:02:49 - [MESSAGE][PASSED] - Text '1.50' is set on object 'Object Repository/RecAndPlayBk/Page-VLink-Capture/input_Amount_amount'

2023-02-08 19:02:49 - [TEST_STEP][PASSED] - click(findTestObject("Object Repository/RecAndPlayBk/Page-VLink-Capture/input")): Object: 'Object Repository/RecAndPlayBk/Page-VLink-Capture/input' is clicked on

2023-02-08 19:02:49 - [MESSAGE][PASSED] - Object: 'Object Repository/RecAndPlayBk/Page-VLink-Capture/input' is clicked on

2023-02-08 19:02:49 - [TEST_STEP][PASSED] - if (verifyTextPresent(errorMsg, true)): null

2023-02-08 19:02:50 - [MESSAGE][PASSED] - Text 'Signon authentication error' is present on page  using regular expression

2023-02-08 19:02:50 - [TEST_STEP][PASSED] - println("Error Message is present on the Confirmation page"): null

2023-02-08 19:02:50 - [TEST_STEP][PASSED] - out.println("Pass Record Number: " + row): null

2023-02-08 19:02:50 - [TEST_STEP][PASSED] - resText = "Pass": null

2023-02-08 19:02:50 - [TEST_STEP][PASSED] - pages.WriteExcel.demoKey(resText, datText, resColumn, datCloumn, fileLoc, nameSheet, row): pages.WriteExcel.demoKey is PASSED

2023-02-08 19:02:50 - [MESSAGE][PASSED] - pages.WriteExcel.demoKey is PASSED

2023-02-08 19:02:50 - [TEST_STEP][PASSED] - ExecuteTC = findTestData(dataFile).getValue("Execute", row): null

2023-02-08 19:02:50 - [TEST_STEP][PASSED] - out.println("Value of Execute is : " + ExecuteTC): null

2023-02-08 19:02:50 - [TEST_STEP][PASSED] - if (ExecuteTC.equalsIgnoreCase("Y")): null

2023-02-08 19:02:50 - [TEST_STEP][PASSED] - out.println("Begin Record Number: " + row): null

2023-02-08 19:02:50 - [TEST_STEP][PASSED] - today = new java.util.Date(): null

2023-02-08 19:02:50 - [TEST_STEP][PASSED] - println(today): null

2023-02-08 19:02:50 - [TEST_STEP][PASSED] - datText = today: null

2023-02-08 19:02:50 - [TEST_STEP][PASSED] - errorMsg = findTestData(dataFile).getValue("ErrorMsg", row): null

2023-02-08 19:02:50 - [TEST_STEP][PASSED] - appID = findTestData(dataFile).getValue("AppID", row): null

2023-02-08 19:02:50 - [TEST_STEP][PASSED] - username = findTestData(dataFile).getValue("Username", row): null

2023-02-08 19:02:50 - [TEST_STEP][PASSED] - password = findTestData(dataFile).getValue("Password", row): null

2023-02-08 19:02:50 - [TEST_STEP][PASSED] - tranType = findTestData(dataFile).getValue("TranType", row): null

2023-02-08 19:02:50 - [TEST_STEP][PASSED] - mv = findTestData(dataFile).getValue("MV", row): null

2023-02-08 19:02:51 - [TEST_STEP][PASSED] - resFormat = findTestData(dataFile).getValue("ResFormat", row): null

2023-02-08 19:02:51 - [TEST_STEP][PASSED] - tranxID = findTestData(dataFile).getValue("TranxID", row): null

2023-02-08 19:02:51 - [TEST_STEP][PASSED] - amount = findTestData(dataFile).getValue("Amount", row): null

2023-02-08 19:02:51 - [TEST_STEP][PASSED] - openBrowser(VLinkURL + "capture.html"): Browser is opened with url: 'https://dev-algorithm.govolution.com/vlinktest/QA/version_2_0/capture.html'

2023-02-08 19:02:51 - [MESSAGE][WARNING] - A browser is already opened. Closing browser and opening a new one

2023-02-08 19:02:52 - [MESSAGE][INFO] - Starting 'Chrome' driver

2023-02-08 19:02:52 - [MESSAGE][INFO] - User set preference: ['acceptInsecureCerts', 'true']

2023-02-08 19:02:52 - [MESSAGE][INFO] - Action delay is set to 0 milliseconds

2023-02-08 19:02:53 - [MESSAGE][PASSED] - Browser is opened with url: 'https://dev-algorithm.govolution.com/vlinktest/QA/version_2_0/capture.html'

2023-02-08 19:02:53 - [TEST_STEP][PASSED] - maximizeWindow(): Current window maximized

2023-02-08 19:02:54 - [MESSAGE][PASSED] - Current window maximized

2023-02-08 19:02:54 - [TEST_STEP][PASSED] - maximizeWindow(): Current window maximized

2023-02-08 19:02:54 - [MESSAGE][PASSED] - Current window maximized

2023-02-08 19:02:54 - [TEST_STEP][PASSED] - setText(findTestObject("Object Repository/RecAndPlayBk/Page-Vlink-AuthOnly/txt_TransactionType"), tranType): Text '102' is set on object 'Object Repository/RecAndPlayBk/Page-Vlink-AuthOnly/txt_TransactionType'

2023-02-08 19:02:54 - [MESSAGE][PASSED] - Text '102' is set on object 'Object Repository/RecAndPlayBk/Page-Vlink-AuthOnly/txt_TransactionType'

2023-02-08 19:02:54 - [TEST_STEP][PASSED] - setText(findTestObject("Object Repository/RecAndPlayBk/Page-Vlink-AuthOnly/txt_MessageVersion"), mv): Text '2.0C' is set on object 'Object Repository/RecAndPlayBk/Page-Vlink-AuthOnly/txt_MessageVersion'

2023-02-08 19:02:55 - [MESSAGE][PASSED] - Text '2.0C' is set on object 'Object Repository/RecAndPlayBk/Page-Vlink-AuthOnly/txt_MessageVersion'

2023-02-08 19:02:55 - [TEST_STEP][PASSED] - genRemID = RandomStringUtils.random(12, true, true): null

2023-02-08 19:02:55 - [TEST_STEP][PASSED] - setText(findTestObject("Object Repository/RecAndPlayBk/Page-VLink-Capture/input_Remittance Id_remittance_id"), genRemID): Text 'CTC11g6OxAGk' is set on object 'Object Repository/RecAndPlayBk/Page-VLink-Capture/input_Remittance Id_remittance_id'

2023-02-08 19:02:56 - [MESSAGE][PASSED] - Text 'CTC11g6OxAGk' is set on object 'Object Repository/RecAndPlayBk/Page-VLink-Capture/input_Remittance Id_remittance_id'

2023-02-08 19:02:56 - [TEST_STEP][PASSED] - setText(findTestObject("Object Repository/RecAndPlayBk/Page-VLink-Capture/input_Application Id_application_id"), appID): Text '234' is set on object 'Object Repository/RecAndPlayBk/Page-VLink-Capture/input_Application Id_application_id'

2023-02-08 19:02:56 - [MESSAGE][PASSED] - Text '234' is set on object 'Object Repository/RecAndPlayBk/Page-VLink-Capture/input_Application Id_application_id'

2023-02-08 19:02:56 - [TEST_STEP][PASSED] - setText(findTestObject("Object Repository/RecAndPlayBk/Page-VLink-Capture/input_Username_username"), username): Text 'username' is set on object 'Object Repository/RecAndPlayBk/Page-VLink-Capture/input_Username_username'

2023-02-08 19:02:57 - [MESSAGE][PASSED] - Text 'username' is set on object 'Object Repository/RecAndPlayBk/Page-VLink-Capture/input_Username_username'

2023-02-08 19:02:57 - [TEST_STEP][PASSED] - setText(findTestObject("Object Repository/RecAndPlayBk/Page-VLink-Capture/input_Password_password"), password): Text '' is set on object 'Object Repository/RecAndPlayBk/Page-VLink-Capture/input_Password_password'

2023-02-08 19:02:57 - [MESSAGE][PASSED] - Text '' is set on object 'Object Repository/RecAndPlayBk/Page-VLink-Capture/input_Password_password'

2023-02-08 19:02:57 - [TEST_STEP][PASSED] - setText(findTestObject("Object Repository/RecAndPlayBk/Page-VLink-Capture/txt_ResponseFormat"), resFormat): Text 'fixed_width' is set on object 'Object Repository/RecAndPlayBk/Page-VLink-Capture/txt_ResponseFormat'

2023-02-08 19:02:58 - [MESSAGE][PASSED] - Text 'fixed_width' is set on object 'Object Repository/RecAndPlayBk/Page-VLink-Capture/txt_ResponseFormat'

2023-02-08 19:02:58 - [TEST_STEP][PASSED] - setText(findTestObject("Object Repository/RecAndPlayBk/Page-VLink-Capture/input_Transaction ID_transaction_id"), tranxID): Text '123456' is set on object 'Object Repository/RecAndPlayBk/Page-VLink-Capture/input_Transaction ID_transaction_id'

2023-02-08 19:02:59 - [MESSAGE][PASSED] - Text '123456' is set on object 'Object Repository/RecAndPlayBk/Page-VLink-Capture/input_Transaction ID_transaction_id'

2023-02-08 19:02:59 - [TEST_STEP][PASSED] - setText(findTestObject("Object Repository/RecAndPlayBk/Page-VLink-Capture/input_Amount_amount"), amount): Text '1.50' is set on object 'Object Repository/RecAndPlayBk/Page-VLink-Capture/input_Amount_amount'

2023-02-08 19:02:59 - [MESSAGE][PASSED] - Text '1.50' is set on object 'Object Repository/RecAndPlayBk/Page-VLink-Capture/input_Amount_amount'

2023-02-08 19:02:59 - [TEST_STEP][PASSED] - click(findTestObject("Object Repository/RecAndPlayBk/Page-VLink-Capture/input")): Object: 'Object Repository/RecAndPlayBk/Page-VLink-Capture/input' is clicked on

2023-02-08 19:03:00 - [MESSAGE][PASSED] - Object: 'Object Repository/RecAndPlayBk/Page-VLink-Capture/input' is clicked on

2023-02-08 19:03:00 - [TEST_STEP][PASSED] - if (verifyTextPresent(errorMsg, true)): null

2023-02-08 19:03:00 - [MESSAGE][PASSED] - Text 'Signon authentication error' is present on page  using regular expression

2023-02-08 19:03:00 - [TEST_STEP][PASSED] - println("Error Message is present on the Confirmation page"): null

2023-02-08 19:03:00 - [TEST_STEP][PASSED] - out.println("Pass Record Number: " + row): null

2023-02-08 19:03:00 - [TEST_STEP][PASSED] - resText = "Pass": null

2023-02-08 19:03:00 - [TEST_STEP][PASSED] - pages.WriteExcel.demoKey(resText, datText, resColumn, datCloumn, fileLoc, nameSheet, row): pages.WriteExcel.demoKey is PASSED

2023-02-08 19:03:00 - [MESSAGE][PASSED] - pages.WriteExcel.demoKey is PASSED

2023-02-08 19:03:00 - [TEST_STEP][PASSED] - ExecuteTC = findTestData(dataFile).getValue("Execute", row): null

2023-02-08 19:03:00 - [TEST_STEP][PASSED] - out.println("Value of Execute is : " + ExecuteTC): null

2023-02-08 19:03:00 - [TEST_STEP][PASSED] - if (ExecuteTC.equalsIgnoreCase("Y")): null]]></system-out>
         <system-err><![CDATA[]]></system-err>
      </testcase>
      <testcase name="Test Cases/RecAndPlayBk/VLink/Void-MRF" time="76.9" classname="Test Cases/RecAndPlayBk/VLink/Void-MRF" status="PASSED">
         <system-out><![CDATA[2023-02-08 19:03:00 - [TEST_CASE][PASSED] - Test Cases/RecAndPlayBk/VLink/Void-MRF: Test Cases/RecAndPlayBk/VLink/Void-MRF

2023-02-08 19:03:01 - [TEST_STEP][PASSED] - executionProfile = getExecutionProfile(): null

2023-02-08 19:03:01 - [TEST_STEP][PASSED] - out.println("executionProfile : " + executionProfile): null

2023-02-08 19:03:01 - [TEST_STEP][PASSED] - resText = "Fail": null

2023-02-08 19:03:01 - [TEST_STEP][PASSED] - resColumn = "Result": null

2023-02-08 19:03:01 - [TEST_STEP][PASSED] - datCloumn = "Date": null

2023-02-08 19:03:01 - [TEST_STEP][PASSED] - fileLoc = "KatalonData/VLinkSmokeData.xlsx": null

2023-02-08 19:03:01 - [TEST_STEP][PASSED] - numOfRows = <not implemented yet for class: org.codehaus.groovy.ast.expr.EmptyExpression>: null

2023-02-08 19:03:01 - [TEST_STEP][PASSED] - dataFile = <not implemented yet for class: org.codehaus.groovy.ast.expr.EmptyExpression>: null

2023-02-08 19:03:01 - [TEST_STEP][PASSED] - nameSheet = <not implemented yet for class: org.codehaus.groovy.ast.expr.EmptyExpression>: null

2023-02-08 19:03:01 - [TEST_STEP][PASSED] - nameSheet = "Void-MRF": null

2023-02-08 19:03:01 - [TEST_STEP][PASSED] - numOfRows = findTestData("QA/VLinkTestData/VLinkVoidMRFData").getRowNumbers(): null

2023-02-08 19:03:01 - [TEST_STEP][PASSED] - println("Number of Records: " + numOfRows): null

2023-02-08 19:03:01 - [TEST_STEP][PASSED] - dataFile = "QA/VLinkTestData/VLinkVoidMRFData": null

2023-02-08 19:03:01 - [TEST_STEP][PASSED] - for ([row = 1, row <= numOfRows, (row++)]): null

2023-02-08 19:03:01 - [TEST_STEP][PASSED] - ExecuteTC = findTestData(dataFile).getValue("Execute", row): null

2023-02-08 19:03:01 - [TEST_STEP][PASSED] - out.println("Value of Execute is : " + ExecuteTC): null

2023-02-08 19:03:01 - [TEST_STEP][PASSED] - if (ExecuteTC.equalsIgnoreCase("Y")): null

2023-02-08 19:03:01 - [TEST_STEP][PASSED] - out.println("Begin Record Number: " + row): null

2023-02-08 19:03:01 - [TEST_STEP][PASSED] - today = new java.util.Date(): null

2023-02-08 19:03:01 - [TEST_STEP][PASSED] - println(today): null

2023-02-08 19:03:01 - [TEST_STEP][PASSED] - datText = today: null

2023-02-08 19:03:01 - [TEST_STEP][PASSED] - errorMsg = findTestData(dataFile).getValue("ErrorMsg", row): null

2023-02-08 19:03:01 - [TEST_STEP][PASSED] - appID = findTestData(dataFile).getValue("AppID", row): null

2023-02-08 19:03:01 - [TEST_STEP][PASSED] - username = findTestData(dataFile).getValue("Username", row): null

2023-02-08 19:03:01 - [TEST_STEP][PASSED] - password = findTestData(dataFile).getValue("Password", row): null

2023-02-08 19:03:01 - [TEST_STEP][PASSED] - tranType = findTestData(dataFile).getValue("TranType", row): null

2023-02-08 19:03:02 - [TEST_STEP][PASSED] - mv = findTestData(dataFile).getValue("MV", row): null

2023-02-08 19:03:02 - [TEST_STEP][PASSED] - resFormat = findTestData(dataFile).getValue("ResFormat", row): null

2023-02-08 19:03:02 - [TEST_STEP][PASSED] - tranxID = findTestData(dataFile).getValue("TranxID", row): null

2023-02-08 19:03:02 - [TEST_STEP][PASSED] - openBrowser(VLinkURL + "CC_void.html"): Browser is opened with url: 'https://dev-algorithm.govolution.com/vlinktest/QA/version_2_0/CC_void.html'

2023-02-08 19:03:02 - [MESSAGE][WARNING] - A browser is already opened. Closing browser and opening a new one

2023-02-08 19:03:03 - [MESSAGE][INFO] - Starting 'Chrome' driver

2023-02-08 19:03:03 - [MESSAGE][INFO] - User set preference: ['acceptInsecureCerts', 'true']

2023-02-08 19:03:03 - [MESSAGE][INFO] - Action delay is set to 0 milliseconds

2023-02-08 19:03:04 - [MESSAGE][PASSED] - Browser is opened with url: 'https://dev-algorithm.govolution.com/vlinktest/QA/version_2_0/CC_void.html'

2023-02-08 19:03:04 - [TEST_STEP][PASSED] - maximizeWindow(): Current window maximized

2023-02-08 19:03:05 - [MESSAGE][PASSED] - Current window maximized

2023-02-08 19:03:05 - [TEST_STEP][PASSED] - maximizeWindow(): Current window maximized

2023-02-08 19:03:05 - [MESSAGE][PASSED] - Current window maximized

2023-02-08 19:03:05 - [TEST_STEP][PASSED] - setText(findTestObject("Object Repository/RecAndPlayBk/Page-Vlink-CC-Void/txt_TransactionType"), tranType): Text '' is set on object 'Object Repository/RecAndPlayBk/Page-Vlink-CC-Void/txt_TransactionType'

2023-02-08 19:03:05 - [MESSAGE][PASSED] - Text '' is set on object 'Object Repository/RecAndPlayBk/Page-Vlink-CC-Void/txt_TransactionType'

2023-02-08 19:03:05 - [TEST_STEP][PASSED] - setText(findTestObject("Object Repository/RecAndPlayBk/Page-Vlink-CC-Void/txt_MessageVersion"), mv): Text '2.0C' is set on object 'Object Repository/RecAndPlayBk/Page-Vlink-CC-Void/txt_MessageVersion'

2023-02-08 19:03:06 - [MESSAGE][PASSED] - Text '2.0C' is set on object 'Object Repository/RecAndPlayBk/Page-Vlink-CC-Void/txt_MessageVersion'

2023-02-08 19:03:06 - [TEST_STEP][PASSED] - genRemID = RandomStringUtils.random(12, true, true): null

2023-02-08 19:03:06 - [TEST_STEP][PASSED] - setText(findTestObject("Object Repository/RecAndPlayBk/Page-Vlink-CC-Void/txt_RemID"), genRemID): Text 'QabWbuLLTAQj' is set on object 'Object Repository/RecAndPlayBk/Page-Vlink-CC-Void/txt_RemID'

2023-02-08 19:03:07 - [MESSAGE][PASSED] - Text 'QabWbuLLTAQj' is set on object 'Object Repository/RecAndPlayBk/Page-Vlink-CC-Void/txt_RemID'

2023-02-08 19:03:07 - [TEST_STEP][PASSED] - setText(findTestObject("Object Repository/RecAndPlayBk/Page-Vlink-CC-Void/txt_ApplicationID"), appID): Text '234' is set on object 'Object Repository/RecAndPlayBk/Page-Vlink-CC-Void/txt_ApplicationID'

2023-02-08 19:03:07 - [MESSAGE][PASSED] - Text '234' is set on object 'Object Repository/RecAndPlayBk/Page-Vlink-CC-Void/txt_ApplicationID'

2023-02-08 19:03:07 - [TEST_STEP][PASSED] - setText(findTestObject("Object Repository/RecAndPlayBk/Page-Vlink-CC-Void/txt_Username"), username): Text 'username' is set on object 'Object Repository/RecAndPlayBk/Page-Vlink-CC-Void/txt_Username'

2023-02-08 19:03:08 - [MESSAGE][PASSED] - Text 'username' is set on object 'Object Repository/RecAndPlayBk/Page-Vlink-CC-Void/txt_Username'

2023-02-08 19:03:08 - [TEST_STEP][PASSED] - setText(findTestObject("Object Repository/RecAndPlayBk/Page-Vlink-CC-Void/txt_Password"), password): Text 'password' is set on object 'Object Repository/RecAndPlayBk/Page-Vlink-CC-Void/txt_Password'

2023-02-08 19:03:08 - [MESSAGE][PASSED] - Text 'password' is set on object 'Object Repository/RecAndPlayBk/Page-Vlink-CC-Void/txt_Password'

2023-02-08 19:03:08 - [TEST_STEP][PASSED] - setText(findTestObject("Object Repository/RecAndPlayBk/Page-Vlink-CC-Void/txt_ResponseFormat"), resFormat): Text 'fixed_width' is set on object 'Object Repository/RecAndPlayBk/Page-Vlink-CC-Void/txt_ResponseFormat'

2023-02-08 19:03:09 - [MESSAGE][PASSED] - Text 'fixed_width' is set on object 'Object Repository/RecAndPlayBk/Page-Vlink-CC-Void/txt_ResponseFormat'

2023-02-08 19:03:09 - [TEST_STEP][PASSED] - setText(findTestObject("Object Repository/RecAndPlayBk/Page-Vlink-CC-Void/txt_TransactionID"), tranxID): Text '123456' is set on object 'Object Repository/RecAndPlayBk/Page-Vlink-CC-Void/txt_TransactionID'

2023-02-08 19:03:10 - [MESSAGE][PASSED] - Text '123456' is set on object 'Object Repository/RecAndPlayBk/Page-Vlink-CC-Void/txt_TransactionID'

2023-02-08 19:03:10 - [TEST_STEP][PASSED] - setText(findTestObject("Object Repository/RecAndPlayBk/Page-Vlink-CC-Void/txt_OriginalTransactionType"), "104"): Text '104' is set on object 'Object Repository/RecAndPlayBk/Page-Vlink-CC-Void/txt_OriginalTransactionType'

2023-02-08 19:03:10 - [MESSAGE][PASSED] - Text '104' is set on object 'Object Repository/RecAndPlayBk/Page-Vlink-CC-Void/txt_OriginalTransactionType'

2023-02-08 19:03:10 - [TEST_STEP][PASSED] - setText(findTestObject("Object Repository/RecAndPlayBk/Page-Vlink-CC-Void/txt_TrackData"), ""): Text '' is set on object 'Object Repository/RecAndPlayBk/Page-Vlink-CC-Void/txt_TrackData'

2023-02-08 19:03:11 - [MESSAGE][PASSED] - Text '' is set on object 'Object Repository/RecAndPlayBk/Page-Vlink-CC-Void/txt_TrackData'

2023-02-08 19:03:11 - [TEST_STEP][PASSED] - click(findTestObject("Object Repository/RecAndPlayBk/Page-Vlink-CC-Void/btn_ProcessVLinkTransaction")): Object: 'Object Repository/RecAndPlayBk/Page-Vlink-CC-Void/btn_ProcessVLinkTransaction' is clicked on

2023-02-08 19:03:11 - [MESSAGE][PASSED] - Object: 'Object Repository/RecAndPlayBk/Page-Vlink-CC-Void/btn_ProcessVLinkTransaction' is clicked on

2023-02-08 19:03:11 - [TEST_STEP][PASSED] - if (verifyTextPresent(errorMsg, true)): null

2023-02-08 19:03:12 - [MESSAGE][PASSED] - Text 'Missing parameter: transaction_type' is present on page  using regular expression

2023-02-08 19:03:12 - [TEST_STEP][PASSED] - println("Error Message is present on the Confirmation page"): null

2023-02-08 19:03:12 - [TEST_STEP][PASSED] - out.println("Pass Record Number: " + row): null

2023-02-08 19:03:12 - [TEST_STEP][PASSED] - resText = "Pass": null

2023-02-08 19:03:12 - [TEST_STEP][PASSED] - pages.WriteExcel.demoKey(resText, datText, resColumn, datCloumn, fileLoc, nameSheet, row): pages.WriteExcel.demoKey is PASSED

2023-02-08 19:03:12 - [MESSAGE][PASSED] - pages.WriteExcel.demoKey is PASSED

2023-02-08 19:03:12 - [TEST_STEP][PASSED] - ExecuteTC = findTestData(dataFile).getValue("Execute", row): null

2023-02-08 19:03:12 - [TEST_STEP][PASSED] - out.println("Value of Execute is : " + ExecuteTC): null

2023-02-08 19:03:12 - [TEST_STEP][PASSED] - if (ExecuteTC.equalsIgnoreCase("Y")): null

2023-02-08 19:03:12 - [TEST_STEP][PASSED] - out.println("Begin Record Number: " + row): null

2023-02-08 19:03:12 - [TEST_STEP][PASSED] - today = new java.util.Date(): null

2023-02-08 19:03:12 - [TEST_STEP][PASSED] - println(today): null

2023-02-08 19:03:12 - [TEST_STEP][PASSED] - datText = today: null

2023-02-08 19:03:12 - [TEST_STEP][PASSED] - errorMsg = findTestData(dataFile).getValue("ErrorMsg", row): null

2023-02-08 19:03:12 - [TEST_STEP][PASSED] - appID = findTestData(dataFile).getValue("AppID", row): null

2023-02-08 19:03:12 - [TEST_STEP][PASSED] - username = findTestData(dataFile).getValue("Username", row): null

2023-02-08 19:03:12 - [TEST_STEP][PASSED] - password = findTestData(dataFile).getValue("Password", row): null

2023-02-08 19:03:12 - [TEST_STEP][PASSED] - tranType = findTestData(dataFile).getValue("TranType", row): null

2023-02-08 19:03:12 - [TEST_STEP][PASSED] - mv = findTestData(dataFile).getValue("MV", row): null

2023-02-08 19:03:12 - [TEST_STEP][PASSED] - resFormat = findTestData(dataFile).getValue("ResFormat", row): null

2023-02-08 19:03:13 - [TEST_STEP][PASSED] - tranxID = findTestData(dataFile).getValue("TranxID", row): null

2023-02-08 19:03:13 - [TEST_STEP][PASSED] - openBrowser(VLinkURL + "CC_void.html"): Browser is opened with url: 'https://dev-algorithm.govolution.com/vlinktest/QA/version_2_0/CC_void.html'

2023-02-08 19:03:13 - [MESSAGE][WARNING] - A browser is already opened. Closing browser and opening a new one

2023-02-08 19:03:14 - [MESSAGE][INFO] - Starting 'Chrome' driver

2023-02-08 19:03:14 - [MESSAGE][INFO] - User set preference: ['acceptInsecureCerts', 'true']

2023-02-08 19:03:14 - [MESSAGE][INFO] - Action delay is set to 0 milliseconds

2023-02-08 19:03:15 - [MESSAGE][PASSED] - Browser is opened with url: 'https://dev-algorithm.govolution.com/vlinktest/QA/version_2_0/CC_void.html'

2023-02-08 19:03:15 - [TEST_STEP][PASSED] - maximizeWindow(): Current window maximized

2023-02-08 19:03:15 - [MESSAGE][PASSED] - Current window maximized

2023-02-08 19:03:15 - [TEST_STEP][PASSED] - maximizeWindow(): Current window maximized

2023-02-08 19:03:15 - [MESSAGE][PASSED] - Current window maximized

2023-02-08 19:03:15 - [TEST_STEP][PASSED] - setText(findTestObject("Object Repository/RecAndPlayBk/Page-Vlink-CC-Void/txt_TransactionType"), tranType): Text '106' is set on object 'Object Repository/RecAndPlayBk/Page-Vlink-CC-Void/txt_TransactionType'

2023-02-08 19:03:16 - [MESSAGE][PASSED] - Text '106' is set on object 'Object Repository/RecAndPlayBk/Page-Vlink-CC-Void/txt_TransactionType'

2023-02-08 19:03:16 - [TEST_STEP][PASSED] - setText(findTestObject("Object Repository/RecAndPlayBk/Page-Vlink-CC-Void/txt_MessageVersion"), mv): Text '' is set on object 'Object Repository/RecAndPlayBk/Page-Vlink-CC-Void/txt_MessageVersion'

2023-02-08 19:03:17 - [MESSAGE][PASSED] - Text '' is set on object 'Object Repository/RecAndPlayBk/Page-Vlink-CC-Void/txt_MessageVersion'

2023-02-08 19:03:17 - [TEST_STEP][PASSED] - genRemID = RandomStringUtils.random(12, true, true): null

2023-02-08 19:03:17 - [TEST_STEP][PASSED] - setText(findTestObject("Object Repository/RecAndPlayBk/Page-Vlink-CC-Void/txt_RemID"), genRemID): Text '0E9PH4358fDv' is set on object 'Object Repository/RecAndPlayBk/Page-Vlink-CC-Void/txt_RemID'

2023-02-08 19:03:17 - [MESSAGE][PASSED] - Text '0E9PH4358fDv' is set on object 'Object Repository/RecAndPlayBk/Page-Vlink-CC-Void/txt_RemID'

2023-02-08 19:03:17 - [TEST_STEP][PASSED] - setText(findTestObject("Object Repository/RecAndPlayBk/Page-Vlink-CC-Void/txt_ApplicationID"), appID): Text '234' is set on object 'Object Repository/RecAndPlayBk/Page-Vlink-CC-Void/txt_ApplicationID'

2023-02-08 19:03:18 - [MESSAGE][PASSED] - Text '234' is set on object 'Object Repository/RecAndPlayBk/Page-Vlink-CC-Void/txt_ApplicationID'

2023-02-08 19:03:18 - [TEST_STEP][PASSED] - setText(findTestObject("Object Repository/RecAndPlayBk/Page-Vlink-CC-Void/txt_Username"), username): Text 'username' is set on object 'Object Repository/RecAndPlayBk/Page-Vlink-CC-Void/txt_Username'

2023-02-08 19:03:19 - [MESSAGE][PASSED] - Text 'username' is set on object 'Object Repository/RecAndPlayBk/Page-Vlink-CC-Void/txt_Username'

2023-02-08 19:03:19 - [TEST_STEP][PASSED] - setText(findTestObject("Object Repository/RecAndPlayBk/Page-Vlink-CC-Void/txt_Password"), password): Text 'password' is set on object 'Object Repository/RecAndPlayBk/Page-Vlink-CC-Void/txt_Password'

2023-02-08 19:03:19 - [MESSAGE][PASSED] - Text 'password' is set on object 'Object Repository/RecAndPlayBk/Page-Vlink-CC-Void/txt_Password'

2023-02-08 19:03:19 - [TEST_STEP][PASSED] - setText(findTestObject("Object Repository/RecAndPlayBk/Page-Vlink-CC-Void/txt_ResponseFormat"), resFormat): Text 'fixed_width' is set on object 'Object Repository/RecAndPlayBk/Page-Vlink-CC-Void/txt_ResponseFormat'

2023-02-08 19:03:20 - [MESSAGE][PASSED] - Text 'fixed_width' is set on object 'Object Repository/RecAndPlayBk/Page-Vlink-CC-Void/txt_ResponseFormat'

2023-02-08 19:03:20 - [TEST_STEP][PASSED] - setText(findTestObject("Object Repository/RecAndPlayBk/Page-Vlink-CC-Void/txt_TransactionID"), tranxID): Text '123456' is set on object 'Object Repository/RecAndPlayBk/Page-Vlink-CC-Void/txt_TransactionID'

2023-02-08 19:03:20 - [MESSAGE][PASSED] - Text '123456' is set on object 'Object Repository/RecAndPlayBk/Page-Vlink-CC-Void/txt_TransactionID'

2023-02-08 19:03:20 - [TEST_STEP][PASSED] - setText(findTestObject("Object Repository/RecAndPlayBk/Page-Vlink-CC-Void/txt_OriginalTransactionType"), "104"): Text '104' is set on object 'Object Repository/RecAndPlayBk/Page-Vlink-CC-Void/txt_OriginalTransactionType'

2023-02-08 19:03:21 - [MESSAGE][PASSED] - Text '104' is set on object 'Object Repository/RecAndPlayBk/Page-Vlink-CC-Void/txt_OriginalTransactionType'

2023-02-08 19:03:21 - [TEST_STEP][PASSED] - setText(findTestObject("Object Repository/RecAndPlayBk/Page-Vlink-CC-Void/txt_TrackData"), ""): Text '' is set on object 'Object Repository/RecAndPlayBk/Page-Vlink-CC-Void/txt_TrackData'

2023-02-08 19:03:22 - [MESSAGE][PASSED] - Text '' is set on object 'Object Repository/RecAndPlayBk/Page-Vlink-CC-Void/txt_TrackData'

2023-02-08 19:03:22 - [TEST_STEP][PASSED] - click(findTestObject("Object Repository/RecAndPlayBk/Page-Vlink-CC-Void/btn_ProcessVLinkTransaction")): Object: 'Object Repository/RecAndPlayBk/Page-Vlink-CC-Void/btn_ProcessVLinkTransaction' is clicked on

2023-02-08 19:03:22 - [MESSAGE][PASSED] - Object: 'Object Repository/RecAndPlayBk/Page-Vlink-CC-Void/btn_ProcessVLinkTransaction' is clicked on

2023-02-08 19:03:22 - [TEST_STEP][PASSED] - if (verifyTextPresent(errorMsg, true)): null

2023-02-08 19:03:23 - [MESSAGE][PASSED] - Text 'Missing parameter: message_version' is present on page  using regular expression

2023-02-08 19:03:23 - [TEST_STEP][PASSED] - println("Error Message is present on the Confirmation page"): null

2023-02-08 19:03:23 - [TEST_STEP][PASSED] - out.println("Pass Record Number: " + row): null

2023-02-08 19:03:23 - [TEST_STEP][PASSED] - resText = "Pass": null

2023-02-08 19:03:23 - [TEST_STEP][PASSED] - pages.WriteExcel.demoKey(resText, datText, resColumn, datCloumn, fileLoc, nameSheet, row): pages.WriteExcel.demoKey is PASSED

2023-02-08 19:03:23 - [MESSAGE][PASSED] - pages.WriteExcel.demoKey is PASSED

2023-02-08 19:03:23 - [TEST_STEP][PASSED] - ExecuteTC = findTestData(dataFile).getValue("Execute", row): null

2023-02-08 19:03:23 - [TEST_STEP][PASSED] - out.println("Value of Execute is : " + ExecuteTC): null

2023-02-08 19:03:23 - [TEST_STEP][PASSED] - if (ExecuteTC.equalsIgnoreCase("Y")): null

2023-02-08 19:03:23 - [TEST_STEP][PASSED] - out.println("Begin Record Number: " + row): null

2023-02-08 19:03:23 - [TEST_STEP][PASSED] - today = new java.util.Date(): null

2023-02-08 19:03:23 - [TEST_STEP][PASSED] - println(today): null

2023-02-08 19:03:23 - [TEST_STEP][PASSED] - datText = today: null

2023-02-08 19:03:23 - [TEST_STEP][PASSED] - errorMsg = findTestData(dataFile).getValue("ErrorMsg", row): null

2023-02-08 19:03:23 - [TEST_STEP][PASSED] - appID = findTestData(dataFile).getValue("AppID", row): null

2023-02-08 19:03:23 - [TEST_STEP][PASSED] - username = findTestData(dataFile).getValue("Username", row): null

2023-02-08 19:03:23 - [TEST_STEP][PASSED] - password = findTestData(dataFile).getValue("Password", row): null

2023-02-08 19:03:23 - [TEST_STEP][PASSED] - tranType = findTestData(dataFile).getValue("TranType", row): null

2023-02-08 19:03:23 - [TEST_STEP][PASSED] - mv = findTestData(dataFile).getValue("MV", row): null

2023-02-08 19:03:23 - [TEST_STEP][PASSED] - resFormat = findTestData(dataFile).getValue("ResFormat", row): null

2023-02-08 19:03:23 - [TEST_STEP][PASSED] - tranxID = findTestData(dataFile).getValue("TranxID", row): null

2023-02-08 19:03:23 - [TEST_STEP][PASSED] - openBrowser(VLinkURL + "CC_void.html"): Browser is opened with url: 'https://dev-algorithm.govolution.com/vlinktest/QA/version_2_0/CC_void.html'

2023-02-08 19:03:23 - [MESSAGE][WARNING] - A browser is already opened. Closing browser and opening a new one

2023-02-08 19:03:24 - [MESSAGE][INFO] - Starting 'Chrome' driver

2023-02-08 19:03:24 - [MESSAGE][INFO] - User set preference: ['acceptInsecureCerts', 'true']

2023-02-08 19:03:24 - [MESSAGE][INFO] - Action delay is set to 0 milliseconds

2023-02-08 19:03:26 - [MESSAGE][PASSED] - Browser is opened with url: 'https://dev-algorithm.govolution.com/vlinktest/QA/version_2_0/CC_void.html'

2023-02-08 19:03:26 - [TEST_STEP][PASSED] - maximizeWindow(): Current window maximized

2023-02-08 19:03:26 - [MESSAGE][PASSED] - Current window maximized

2023-02-08 19:03:26 - [TEST_STEP][PASSED] - maximizeWindow(): Current window maximized

2023-02-08 19:03:26 - [MESSAGE][PASSED] - Current window maximized

2023-02-08 19:03:26 - [TEST_STEP][PASSED] - setText(findTestObject("Object Repository/RecAndPlayBk/Page-Vlink-CC-Void/txt_TransactionType"), tranType): Text '106' is set on object 'Object Repository/RecAndPlayBk/Page-Vlink-CC-Void/txt_TransactionType'

2023-02-08 19:03:27 - [MESSAGE][PASSED] - Text '106' is set on object 'Object Repository/RecAndPlayBk/Page-Vlink-CC-Void/txt_TransactionType'

2023-02-08 19:03:27 - [TEST_STEP][PASSED] - setText(findTestObject("Object Repository/RecAndPlayBk/Page-Vlink-CC-Void/txt_MessageVersion"), mv): Text '2.0C' is set on object 'Object Repository/RecAndPlayBk/Page-Vlink-CC-Void/txt_MessageVersion'

2023-02-08 19:03:28 - [MESSAGE][PASSED] - Text '2.0C' is set on object 'Object Repository/RecAndPlayBk/Page-Vlink-CC-Void/txt_MessageVersion'

2023-02-08 19:03:28 - [TEST_STEP][PASSED] - genRemID = RandomStringUtils.random(12, true, true): null

2023-02-08 19:03:28 - [TEST_STEP][PASSED] - setText(findTestObject("Object Repository/RecAndPlayBk/Page-Vlink-CC-Void/txt_RemID"), genRemID): Text 'mnSe8uLnl2xV' is set on object 'Object Repository/RecAndPlayBk/Page-Vlink-CC-Void/txt_RemID'

2023-02-08 19:03:28 - [MESSAGE][PASSED] - Text 'mnSe8uLnl2xV' is set on object 'Object Repository/RecAndPlayBk/Page-Vlink-CC-Void/txt_RemID'

2023-02-08 19:03:28 - [TEST_STEP][PASSED] - setText(findTestObject("Object Repository/RecAndPlayBk/Page-Vlink-CC-Void/txt_ApplicationID"), appID): Text '' is set on object 'Object Repository/RecAndPlayBk/Page-Vlink-CC-Void/txt_ApplicationID'

2023-02-08 19:03:29 - [MESSAGE][PASSED] - Text '' is set on object 'Object Repository/RecAndPlayBk/Page-Vlink-CC-Void/txt_ApplicationID'

2023-02-08 19:03:29 - [TEST_STEP][PASSED] - setText(findTestObject("Object Repository/RecAndPlayBk/Page-Vlink-CC-Void/txt_Username"), username): Text 'username' is set on object 'Object Repository/RecAndPlayBk/Page-Vlink-CC-Void/txt_Username'

2023-02-08 19:03:29 - [MESSAGE][PASSED] - Text 'username' is set on object 'Object Repository/RecAndPlayBk/Page-Vlink-CC-Void/txt_Username'

2023-02-08 19:03:29 - [TEST_STEP][PASSED] - setText(findTestObject("Object Repository/RecAndPlayBk/Page-Vlink-CC-Void/txt_Password"), password): Text 'password' is set on object 'Object Repository/RecAndPlayBk/Page-Vlink-CC-Void/txt_Password'

2023-02-08 19:03:30 - [MESSAGE][PASSED] - Text 'password' is set on object 'Object Repository/RecAndPlayBk/Page-Vlink-CC-Void/txt_Password'

2023-02-08 19:03:30 - [TEST_STEP][PASSED] - setText(findTestObject("Object Repository/RecAndPlayBk/Page-Vlink-CC-Void/txt_ResponseFormat"), resFormat): Text 'fixed_width' is set on object 'Object Repository/RecAndPlayBk/Page-Vlink-CC-Void/txt_ResponseFormat'

2023-02-08 19:03:31 - [MESSAGE][PASSED] - Text 'fixed_width' is set on object 'Object Repository/RecAndPlayBk/Page-Vlink-CC-Void/txt_ResponseFormat'

2023-02-08 19:03:31 - [TEST_STEP][PASSED] - setText(findTestObject("Object Repository/RecAndPlayBk/Page-Vlink-CC-Void/txt_TransactionID"), tranxID): Text '123456' is set on object 'Object Repository/RecAndPlayBk/Page-Vlink-CC-Void/txt_TransactionID'

2023-02-08 19:03:31 - [MESSAGE][PASSED] - Text '123456' is set on object 'Object Repository/RecAndPlayBk/Page-Vlink-CC-Void/txt_TransactionID'

2023-02-08 19:03:31 - [TEST_STEP][PASSED] - setText(findTestObject("Object Repository/RecAndPlayBk/Page-Vlink-CC-Void/txt_OriginalTransactionType"), "104"): Text '104' is set on object 'Object Repository/RecAndPlayBk/Page-Vlink-CC-Void/txt_OriginalTransactionType'

2023-02-08 19:03:32 - [MESSAGE][PASSED] - Text '104' is set on object 'Object Repository/RecAndPlayBk/Page-Vlink-CC-Void/txt_OriginalTransactionType'

2023-02-08 19:03:32 - [TEST_STEP][PASSED] - setText(findTestObject("Object Repository/RecAndPlayBk/Page-Vlink-CC-Void/txt_TrackData"), ""): Text '' is set on object 'Object Repository/RecAndPlayBk/Page-Vlink-CC-Void/txt_TrackData'

2023-02-08 19:03:33 - [MESSAGE][PASSED] - Text '' is set on object 'Object Repository/RecAndPlayBk/Page-Vlink-CC-Void/txt_TrackData'

2023-02-08 19:03:33 - [TEST_STEP][PASSED] - click(findTestObject("Object Repository/RecAndPlayBk/Page-Vlink-CC-Void/btn_ProcessVLinkTransaction")): Object: 'Object Repository/RecAndPlayBk/Page-Vlink-CC-Void/btn_ProcessVLinkTransaction' is clicked on

2023-02-08 19:03:33 - [MESSAGE][PASSED] - Object: 'Object Repository/RecAndPlayBk/Page-Vlink-CC-Void/btn_ProcessVLinkTransaction' is clicked on

2023-02-08 19:03:33 - [TEST_STEP][PASSED] - if (verifyTextPresent(errorMsg, true)): null

2023-02-08 19:03:33 - [MESSAGE][PASSED] - Text 'Missing parameter: application_id' is present on page  using regular expression

2023-02-08 19:03:33 - [TEST_STEP][PASSED] - println("Error Message is present on the Confirmation page"): null

2023-02-08 19:03:33 - [TEST_STEP][PASSED] - out.println("Pass Record Number: " + row): null

2023-02-08 19:03:33 - [TEST_STEP][PASSED] - resText = "Pass": null

2023-02-08 19:03:33 - [TEST_STEP][PASSED] - pages.WriteExcel.demoKey(resText, datText, resColumn, datCloumn, fileLoc, nameSheet, row): pages.WriteExcel.demoKey is PASSED

2023-02-08 19:03:34 - [MESSAGE][PASSED] - pages.WriteExcel.demoKey is PASSED

2023-02-08 19:03:34 - [TEST_STEP][PASSED] - ExecuteTC = findTestData(dataFile).getValue("Execute", row): null

2023-02-08 19:03:34 - [TEST_STEP][PASSED] - out.println("Value of Execute is : " + ExecuteTC): null

2023-02-08 19:03:34 - [TEST_STEP][PASSED] - if (ExecuteTC.equalsIgnoreCase("Y")): null

2023-02-08 19:03:34 - [TEST_STEP][PASSED] - out.println("Begin Record Number: " + row): null

2023-02-08 19:03:34 - [TEST_STEP][PASSED] - today = new java.util.Date(): null

2023-02-08 19:03:34 - [TEST_STEP][PASSED] - println(today): null

2023-02-08 19:03:34 - [TEST_STEP][PASSED] - datText = today: null

2023-02-08 19:03:34 - [TEST_STEP][PASSED] - errorMsg = findTestData(dataFile).getValue("ErrorMsg", row): null

2023-02-08 19:03:34 - [TEST_STEP][PASSED] - appID = findTestData(dataFile).getValue("AppID", row): null

2023-02-08 19:03:34 - [TEST_STEP][PASSED] - username = findTestData(dataFile).getValue("Username", row): null

2023-02-08 19:03:34 - [TEST_STEP][PASSED] - password = findTestData(dataFile).getValue("Password", row): null

2023-02-08 19:03:34 - [TEST_STEP][PASSED] - tranType = findTestData(dataFile).getValue("TranType", row): null

2023-02-08 19:03:34 - [TEST_STEP][PASSED] - mv = findTestData(dataFile).getValue("MV", row): null

2023-02-08 19:03:34 - [TEST_STEP][PASSED] - resFormat = findTestData(dataFile).getValue("ResFormat", row): null

2023-02-08 19:03:34 - [TEST_STEP][PASSED] - tranxID = findTestData(dataFile).getValue("TranxID", row): null

2023-02-08 19:03:34 - [TEST_STEP][PASSED] - openBrowser(VLinkURL + "CC_void.html"): Browser is opened with url: 'https://dev-algorithm.govolution.com/vlinktest/QA/version_2_0/CC_void.html'

2023-02-08 19:03:34 - [MESSAGE][WARNING] - A browser is already opened. Closing browser and opening a new one

2023-02-08 19:03:35 - [MESSAGE][INFO] - Starting 'Chrome' driver

2023-02-08 19:03:35 - [MESSAGE][INFO] - User set preference: ['acceptInsecureCerts', 'true']

2023-02-08 19:03:35 - [MESSAGE][INFO] - Action delay is set to 0 milliseconds

2023-02-08 19:03:37 - [MESSAGE][PASSED] - Browser is opened with url: 'https://dev-algorithm.govolution.com/vlinktest/QA/version_2_0/CC_void.html'

2023-02-08 19:03:37 - [TEST_STEP][PASSED] - maximizeWindow(): Current window maximized

2023-02-08 19:03:37 - [MESSAGE][PASSED] - Current window maximized

2023-02-08 19:03:37 - [TEST_STEP][PASSED] - maximizeWindow(): Current window maximized

2023-02-08 19:03:37 - [MESSAGE][PASSED] - Current window maximized

2023-02-08 19:03:37 - [TEST_STEP][PASSED] - setText(findTestObject("Object Repository/RecAndPlayBk/Page-Vlink-CC-Void/txt_TransactionType"), tranType): Text '106' is set on object 'Object Repository/RecAndPlayBk/Page-Vlink-CC-Void/txt_TransactionType'

2023-02-08 19:03:38 - [MESSAGE][PASSED] - Text '106' is set on object 'Object Repository/RecAndPlayBk/Page-Vlink-CC-Void/txt_TransactionType'

2023-02-08 19:03:38 - [TEST_STEP][PASSED] - setText(findTestObject("Object Repository/RecAndPlayBk/Page-Vlink-CC-Void/txt_MessageVersion"), mv): Text '2.0C' is set on object 'Object Repository/RecAndPlayBk/Page-Vlink-CC-Void/txt_MessageVersion'

2023-02-08 19:03:39 - [MESSAGE][PASSED] - Text '2.0C' is set on object 'Object Repository/RecAndPlayBk/Page-Vlink-CC-Void/txt_MessageVersion'

2023-02-08 19:03:39 - [TEST_STEP][PASSED] - genRemID = RandomStringUtils.random(12, true, true): null

2023-02-08 19:03:39 - [TEST_STEP][PASSED] - setText(findTestObject("Object Repository/RecAndPlayBk/Page-Vlink-CC-Void/txt_RemID"), genRemID): Text 'HofS9vNzv42a' is set on object 'Object Repository/RecAndPlayBk/Page-Vlink-CC-Void/txt_RemID'

2023-02-08 19:03:39 - [MESSAGE][PASSED] - Text 'HofS9vNzv42a' is set on object 'Object Repository/RecAndPlayBk/Page-Vlink-CC-Void/txt_RemID'

2023-02-08 19:03:39 - [TEST_STEP][PASSED] - setText(findTestObject("Object Repository/RecAndPlayBk/Page-Vlink-CC-Void/txt_ApplicationID"), appID): Text '234' is set on object 'Object Repository/RecAndPlayBk/Page-Vlink-CC-Void/txt_ApplicationID'

2023-02-08 19:03:40 - [MESSAGE][PASSED] - Text '234' is set on object 'Object Repository/RecAndPlayBk/Page-Vlink-CC-Void/txt_ApplicationID'

2023-02-08 19:03:40 - [TEST_STEP][PASSED] - setText(findTestObject("Object Repository/RecAndPlayBk/Page-Vlink-CC-Void/txt_Username"), username): Text 'username' is set on object 'Object Repository/RecAndPlayBk/Page-Vlink-CC-Void/txt_Username'

2023-02-08 19:03:41 - [MESSAGE][PASSED] - Text 'username' is set on object 'Object Repository/RecAndPlayBk/Page-Vlink-CC-Void/txt_Username'

2023-02-08 19:03:41 - [TEST_STEP][PASSED] - setText(findTestObject("Object Repository/RecAndPlayBk/Page-Vlink-CC-Void/txt_Password"), password): Text 'password' is set on object 'Object Repository/RecAndPlayBk/Page-Vlink-CC-Void/txt_Password'

2023-02-08 19:03:41 - [MESSAGE][PASSED] - Text 'password' is set on object 'Object Repository/RecAndPlayBk/Page-Vlink-CC-Void/txt_Password'

2023-02-08 19:03:41 - [TEST_STEP][PASSED] - setText(findTestObject("Object Repository/RecAndPlayBk/Page-Vlink-CC-Void/txt_ResponseFormat"), resFormat): Text '' is set on object 'Object Repository/RecAndPlayBk/Page-Vlink-CC-Void/txt_ResponseFormat'

2023-02-08 19:03:42 - [MESSAGE][PASSED] - Text '' is set on object 'Object Repository/RecAndPlayBk/Page-Vlink-CC-Void/txt_ResponseFormat'

2023-02-08 19:03:42 - [TEST_STEP][PASSED] - setText(findTestObject("Object Repository/RecAndPlayBk/Page-Vlink-CC-Void/txt_TransactionID"), tranxID): Text '123456' is set on object 'Object Repository/RecAndPlayBk/Page-Vlink-CC-Void/txt_TransactionID'

2023-02-08 19:03:42 - [MESSAGE][PASSED] - Text '123456' is set on object 'Object Repository/RecAndPlayBk/Page-Vlink-CC-Void/txt_TransactionID'

2023-02-08 19:03:42 - [TEST_STEP][PASSED] - setText(findTestObject("Object Repository/RecAndPlayBk/Page-Vlink-CC-Void/txt_OriginalTransactionType"), "104"): Text '104' is set on object 'Object Repository/RecAndPlayBk/Page-Vlink-CC-Void/txt_OriginalTransactionType'

2023-02-08 19:03:43 - [MESSAGE][PASSED] - Text '104' is set on object 'Object Repository/RecAndPlayBk/Page-Vlink-CC-Void/txt_OriginalTransactionType'

2023-02-08 19:03:43 - [TEST_STEP][PASSED] - setText(findTestObject("Object Repository/RecAndPlayBk/Page-Vlink-CC-Void/txt_TrackData"), ""): Text '' is set on object 'Object Repository/RecAndPlayBk/Page-Vlink-CC-Void/txt_TrackData'

2023-02-08 19:03:44 - [MESSAGE][PASSED] - Text '' is set on object 'Object Repository/RecAndPlayBk/Page-Vlink-CC-Void/txt_TrackData'

2023-02-08 19:03:44 - [TEST_STEP][PASSED] - click(findTestObject("Object Repository/RecAndPlayBk/Page-Vlink-CC-Void/btn_ProcessVLinkTransaction")): Object: 'Object Repository/RecAndPlayBk/Page-Vlink-CC-Void/btn_ProcessVLinkTransaction' is clicked on

2023-02-08 19:03:44 - [MESSAGE][PASSED] - Object: 'Object Repository/RecAndPlayBk/Page-Vlink-CC-Void/btn_ProcessVLinkTransaction' is clicked on

2023-02-08 19:03:44 - [TEST_STEP][PASSED] - if (verifyTextPresent(errorMsg, true)): null

2023-02-08 19:03:45 - [MESSAGE][PASSED] - Text 'response_format' is present on page  using regular expression

2023-02-08 19:03:45 - [TEST_STEP][PASSED] - println("Error Message is present on the Confirmation page"): null

2023-02-08 19:03:45 - [TEST_STEP][PASSED] - out.println("Pass Record Number: " + row): null

2023-02-08 19:03:45 - [TEST_STEP][PASSED] - resText = "Pass": null

2023-02-08 19:03:45 - [TEST_STEP][PASSED] - pages.WriteExcel.demoKey(resText, datText, resColumn, datCloumn, fileLoc, nameSheet, row): pages.WriteExcel.demoKey is PASSED

2023-02-08 19:03:45 - [MESSAGE][PASSED] - pages.WriteExcel.demoKey is PASSED

2023-02-08 19:03:45 - [TEST_STEP][PASSED] - ExecuteTC = findTestData(dataFile).getValue("Execute", row): null

2023-02-08 19:03:45 - [TEST_STEP][PASSED] - out.println("Value of Execute is : " + ExecuteTC): null

2023-02-08 19:03:45 - [TEST_STEP][PASSED] - if (ExecuteTC.equalsIgnoreCase("Y")): null

2023-02-08 19:03:45 - [TEST_STEP][PASSED] - out.println("Begin Record Number: " + row): null

2023-02-08 19:03:45 - [TEST_STEP][PASSED] - today = new java.util.Date(): null

2023-02-08 19:03:45 - [TEST_STEP][PASSED] - println(today): null

2023-02-08 19:03:45 - [TEST_STEP][PASSED] - datText = today: null

2023-02-08 19:03:45 - [TEST_STEP][PASSED] - errorMsg = findTestData(dataFile).getValue("ErrorMsg", row): null

2023-02-08 19:03:45 - [TEST_STEP][PASSED] - appID = findTestData(dataFile).getValue("AppID", row): null

2023-02-08 19:03:45 - [TEST_STEP][PASSED] - username = findTestData(dataFile).getValue("Username", row): null

2023-02-08 19:03:45 - [TEST_STEP][PASSED] - password = findTestData(dataFile).getValue("Password", row): null

2023-02-08 19:03:45 - [TEST_STEP][PASSED] - tranType = findTestData(dataFile).getValue("TranType", row): null

2023-02-08 19:03:45 - [TEST_STEP][PASSED] - mv = findTestData(dataFile).getValue("MV", row): null

2023-02-08 19:03:45 - [TEST_STEP][PASSED] - resFormat = findTestData(dataFile).getValue("ResFormat", row): null

2023-02-08 19:03:45 - [TEST_STEP][PASSED] - tranxID = findTestData(dataFile).getValue("TranxID", row): null

2023-02-08 19:03:45 - [TEST_STEP][PASSED] - openBrowser(VLinkURL + "CC_void.html"): Browser is opened with url: 'https://dev-algorithm.govolution.com/vlinktest/QA/version_2_0/CC_void.html'

2023-02-08 19:03:45 - [MESSAGE][WARNING] - A browser is already opened. Closing browser and opening a new one

2023-02-08 19:03:46 - [MESSAGE][INFO] - Starting 'Chrome' driver

2023-02-08 19:03:46 - [MESSAGE][INFO] - User set preference: ['acceptInsecureCerts', 'true']

2023-02-08 19:03:46 - [MESSAGE][INFO] - Action delay is set to 0 milliseconds

2023-02-08 19:03:48 - [MESSAGE][PASSED] - Browser is opened with url: 'https://dev-algorithm.govolution.com/vlinktest/QA/version_2_0/CC_void.html'

2023-02-08 19:03:48 - [TEST_STEP][PASSED] - maximizeWindow(): Current window maximized

2023-02-08 19:03:48 - [MESSAGE][PASSED] - Current window maximized

2023-02-08 19:03:48 - [TEST_STEP][PASSED] - maximizeWindow(): Current window maximized

2023-02-08 19:03:48 - [MESSAGE][PASSED] - Current window maximized

2023-02-08 19:03:48 - [TEST_STEP][PASSED] - setText(findTestObject("Object Repository/RecAndPlayBk/Page-Vlink-CC-Void/txt_TransactionType"), tranType): Text '106' is set on object 'Object Repository/RecAndPlayBk/Page-Vlink-CC-Void/txt_TransactionType'

2023-02-08 19:03:49 - [MESSAGE][PASSED] - Text '106' is set on object 'Object Repository/RecAndPlayBk/Page-Vlink-CC-Void/txt_TransactionType'

2023-02-08 19:03:49 - [TEST_STEP][PASSED] - setText(findTestObject("Object Repository/RecAndPlayBk/Page-Vlink-CC-Void/txt_MessageVersion"), mv): Text '2.0C' is set on object 'Object Repository/RecAndPlayBk/Page-Vlink-CC-Void/txt_MessageVersion'

2023-02-08 19:03:50 - [MESSAGE][PASSED] - Text '2.0C' is set on object 'Object Repository/RecAndPlayBk/Page-Vlink-CC-Void/txt_MessageVersion'

2023-02-08 19:03:50 - [TEST_STEP][PASSED] - genRemID = RandomStringUtils.random(12, true, true): null

2023-02-08 19:03:50 - [TEST_STEP][PASSED] - setText(findTestObject("Object Repository/RecAndPlayBk/Page-Vlink-CC-Void/txt_RemID"), genRemID): Text 'WiYBQx1gmqT9' is set on object 'Object Repository/RecAndPlayBk/Page-Vlink-CC-Void/txt_RemID'

2023-02-08 19:03:50 - [MESSAGE][PASSED] - Text 'WiYBQx1gmqT9' is set on object 'Object Repository/RecAndPlayBk/Page-Vlink-CC-Void/txt_RemID'

2023-02-08 19:03:50 - [TEST_STEP][PASSED] - setText(findTestObject("Object Repository/RecAndPlayBk/Page-Vlink-CC-Void/txt_ApplicationID"), appID): Text '234' is set on object 'Object Repository/RecAndPlayBk/Page-Vlink-CC-Void/txt_ApplicationID'

2023-02-08 19:03:51 - [MESSAGE][PASSED] - Text '234' is set on object 'Object Repository/RecAndPlayBk/Page-Vlink-CC-Void/txt_ApplicationID'

2023-02-08 19:03:51 - [TEST_STEP][PASSED] - setText(findTestObject("Object Repository/RecAndPlayBk/Page-Vlink-CC-Void/txt_Username"), username): Text 'username' is set on object 'Object Repository/RecAndPlayBk/Page-Vlink-CC-Void/txt_Username'

2023-02-08 19:03:51 - [MESSAGE][PASSED] - Text 'username' is set on object 'Object Repository/RecAndPlayBk/Page-Vlink-CC-Void/txt_Username'

2023-02-08 19:03:51 - [TEST_STEP][PASSED] - setText(findTestObject("Object Repository/RecAndPlayBk/Page-Vlink-CC-Void/txt_Password"), password): Text 'password' is set on object 'Object Repository/RecAndPlayBk/Page-Vlink-CC-Void/txt_Password'

2023-02-08 19:03:52 - [MESSAGE][PASSED] - Text 'password' is set on object 'Object Repository/RecAndPlayBk/Page-Vlink-CC-Void/txt_Password'

2023-02-08 19:03:52 - [TEST_STEP][PASSED] - setText(findTestObject("Object Repository/RecAndPlayBk/Page-Vlink-CC-Void/txt_ResponseFormat"), resFormat): Text 'fixed_width' is set on object 'Object Repository/RecAndPlayBk/Page-Vlink-CC-Void/txt_ResponseFormat'

2023-02-08 19:03:53 - [MESSAGE][PASSED] - Text 'fixed_width' is set on object 'Object Repository/RecAndPlayBk/Page-Vlink-CC-Void/txt_ResponseFormat'

2023-02-08 19:03:53 - [TEST_STEP][PASSED] - setText(findTestObject("Object Repository/RecAndPlayBk/Page-Vlink-CC-Void/txt_TransactionID"), tranxID): Text '' is set on object 'Object Repository/RecAndPlayBk/Page-Vlink-CC-Void/txt_TransactionID'

2023-02-08 19:03:53 - [MESSAGE][PASSED] - Text '' is set on object 'Object Repository/RecAndPlayBk/Page-Vlink-CC-Void/txt_TransactionID'

2023-02-08 19:03:53 - [TEST_STEP][PASSED] - setText(findTestObject("Object Repository/RecAndPlayBk/Page-Vlink-CC-Void/txt_OriginalTransactionType"), "104"): Text '104' is set on object 'Object Repository/RecAndPlayBk/Page-Vlink-CC-Void/txt_OriginalTransactionType'

2023-02-08 19:03:54 - [MESSAGE][PASSED] - Text '104' is set on object 'Object Repository/RecAndPlayBk/Page-Vlink-CC-Void/txt_OriginalTransactionType'

2023-02-08 19:03:54 - [TEST_STEP][PASSED] - setText(findTestObject("Object Repository/RecAndPlayBk/Page-Vlink-CC-Void/txt_TrackData"), ""): Text '' is set on object 'Object Repository/RecAndPlayBk/Page-Vlink-CC-Void/txt_TrackData'

2023-02-08 19:03:55 - [MESSAGE][PASSED] - Text '' is set on object 'Object Repository/RecAndPlayBk/Page-Vlink-CC-Void/txt_TrackData'

2023-02-08 19:03:55 - [TEST_STEP][PASSED] - click(findTestObject("Object Repository/RecAndPlayBk/Page-Vlink-CC-Void/btn_ProcessVLinkTransaction")): Object: 'Object Repository/RecAndPlayBk/Page-Vlink-CC-Void/btn_ProcessVLinkTransaction' is clicked on

2023-02-08 19:03:55 - [MESSAGE][PASSED] - Object: 'Object Repository/RecAndPlayBk/Page-Vlink-CC-Void/btn_ProcessVLinkTransaction' is clicked on

2023-02-08 19:03:55 - [TEST_STEP][PASSED] - if (verifyTextPresent(errorMsg, true)): null

2023-02-08 19:03:55 - [MESSAGE][PASSED] - Text 'transaction_id' is present on page  using regular expression

2023-02-08 19:03:55 - [TEST_STEP][PASSED] - println("Error Message is present on the Confirmation page"): null

2023-02-08 19:03:55 - [TEST_STEP][PASSED] - out.println("Pass Record Number: " + row): null

2023-02-08 19:03:55 - [TEST_STEP][PASSED] - resText = "Pass": null

2023-02-08 19:03:55 - [TEST_STEP][PASSED] - pages.WriteExcel.demoKey(resText, datText, resColumn, datCloumn, fileLoc, nameSheet, row): pages.WriteExcel.demoKey is PASSED

2023-02-08 19:03:56 - [MESSAGE][PASSED] - pages.WriteExcel.demoKey is PASSED

2023-02-08 19:03:56 - [TEST_STEP][PASSED] - ExecuteTC = findTestData(dataFile).getValue("Execute", row): null

2023-02-08 19:03:56 - [TEST_STEP][PASSED] - out.println("Value of Execute is : " + ExecuteTC): null

2023-02-08 19:03:56 - [TEST_STEP][PASSED] - if (ExecuteTC.equalsIgnoreCase("Y")): null

2023-02-08 19:03:56 - [TEST_STEP][PASSED] - out.println("Begin Record Number: " + row): null

2023-02-08 19:03:56 - [TEST_STEP][PASSED] - today = new java.util.Date(): null

2023-02-08 19:03:56 - [TEST_STEP][PASSED] - println(today): null

2023-02-08 19:03:56 - [TEST_STEP][PASSED] - datText = today: null

2023-02-08 19:03:56 - [TEST_STEP][PASSED] - errorMsg = findTestData(dataFile).getValue("ErrorMsg", row): null

2023-02-08 19:03:56 - [TEST_STEP][PASSED] - appID = findTestData(dataFile).getValue("AppID", row): null

2023-02-08 19:03:56 - [TEST_STEP][PASSED] - username = findTestData(dataFile).getValue("Username", row): null

2023-02-08 19:03:56 - [TEST_STEP][PASSED] - password = findTestData(dataFile).getValue("Password", row): null

2023-02-08 19:03:56 - [TEST_STEP][PASSED] - tranType = findTestData(dataFile).getValue("TranType", row): null

2023-02-08 19:03:56 - [TEST_STEP][PASSED] - mv = findTestData(dataFile).getValue("MV", row): null

2023-02-08 19:03:56 - [TEST_STEP][PASSED] - resFormat = findTestData(dataFile).getValue("ResFormat", row): null

2023-02-08 19:03:56 - [TEST_STEP][PASSED] - tranxID = findTestData(dataFile).getValue("TranxID", row): null

2023-02-08 19:03:56 - [TEST_STEP][PASSED] - openBrowser(VLinkURL + "CC_void.html"): Browser is opened with url: 'https://dev-algorithm.govolution.com/vlinktest/QA/version_2_0/CC_void.html'

2023-02-08 19:03:56 - [MESSAGE][WARNING] - A browser is already opened. Closing browser and opening a new one

2023-02-08 19:03:57 - [MESSAGE][INFO] - Starting 'Chrome' driver

2023-02-08 19:03:57 - [MESSAGE][INFO] - User set preference: ['acceptInsecureCerts', 'true']

2023-02-08 19:03:57 - [MESSAGE][INFO] - Action delay is set to 0 milliseconds

2023-02-08 19:03:59 - [MESSAGE][PASSED] - Browser is opened with url: 'https://dev-algorithm.govolution.com/vlinktest/QA/version_2_0/CC_void.html'

2023-02-08 19:03:59 - [TEST_STEP][PASSED] - maximizeWindow(): Current window maximized

2023-02-08 19:03:59 - [MESSAGE][PASSED] - Current window maximized

2023-02-08 19:03:59 - [TEST_STEP][PASSED] - maximizeWindow(): Current window maximized

2023-02-08 19:03:59 - [MESSAGE][PASSED] - Current window maximized

2023-02-08 19:03:59 - [TEST_STEP][PASSED] - setText(findTestObject("Object Repository/RecAndPlayBk/Page-Vlink-CC-Void/txt_TransactionType"), tranType): Text '106' is set on object 'Object Repository/RecAndPlayBk/Page-Vlink-CC-Void/txt_TransactionType'

2023-02-08 19:04:00 - [MESSAGE][PASSED] - Text '106' is set on object 'Object Repository/RecAndPlayBk/Page-Vlink-CC-Void/txt_TransactionType'

2023-02-08 19:04:00 - [TEST_STEP][PASSED] - setText(findTestObject("Object Repository/RecAndPlayBk/Page-Vlink-CC-Void/txt_MessageVersion"), mv): Text '2.0C' is set on object 'Object Repository/RecAndPlayBk/Page-Vlink-CC-Void/txt_MessageVersion'

2023-02-08 19:04:01 - [MESSAGE][PASSED] - Text '2.0C' is set on object 'Object Repository/RecAndPlayBk/Page-Vlink-CC-Void/txt_MessageVersion'

2023-02-08 19:04:01 - [TEST_STEP][PASSED] - genRemID = RandomStringUtils.random(12, true, true): null

2023-02-08 19:04:01 - [TEST_STEP][PASSED] - setText(findTestObject("Object Repository/RecAndPlayBk/Page-Vlink-CC-Void/txt_RemID"), genRemID): Text 'Ml0n8B3unFI0' is set on object 'Object Repository/RecAndPlayBk/Page-Vlink-CC-Void/txt_RemID'

2023-02-08 19:04:01 - [MESSAGE][PASSED] - Text 'Ml0n8B3unFI0' is set on object 'Object Repository/RecAndPlayBk/Page-Vlink-CC-Void/txt_RemID'

2023-02-08 19:04:01 - [TEST_STEP][PASSED] - setText(findTestObject("Object Repository/RecAndPlayBk/Page-Vlink-CC-Void/txt_ApplicationID"), appID): Text '234' is set on object 'Object Repository/RecAndPlayBk/Page-Vlink-CC-Void/txt_ApplicationID'

2023-02-08 19:04:02 - [MESSAGE][PASSED] - Text '234' is set on object 'Object Repository/RecAndPlayBk/Page-Vlink-CC-Void/txt_ApplicationID'

2023-02-08 19:04:02 - [TEST_STEP][PASSED] - setText(findTestObject("Object Repository/RecAndPlayBk/Page-Vlink-CC-Void/txt_Username"), username): Text '' is set on object 'Object Repository/RecAndPlayBk/Page-Vlink-CC-Void/txt_Username'

2023-02-08 19:04:02 - [MESSAGE][PASSED] - Text '' is set on object 'Object Repository/RecAndPlayBk/Page-Vlink-CC-Void/txt_Username'

2023-02-08 19:04:02 - [TEST_STEP][PASSED] - setText(findTestObject("Object Repository/RecAndPlayBk/Page-Vlink-CC-Void/txt_Password"), password): Text 'password' is set on object 'Object Repository/RecAndPlayBk/Page-Vlink-CC-Void/txt_Password'

2023-02-08 19:04:03 - [MESSAGE][PASSED] - Text 'password' is set on object 'Object Repository/RecAndPlayBk/Page-Vlink-CC-Void/txt_Password'

2023-02-08 19:04:03 - [TEST_STEP][PASSED] - setText(findTestObject("Object Repository/RecAndPlayBk/Page-Vlink-CC-Void/txt_ResponseFormat"), resFormat): Text 'fixed_width' is set on object 'Object Repository/RecAndPlayBk/Page-Vlink-CC-Void/txt_ResponseFormat'

2023-02-08 19:04:04 - [MESSAGE][PASSED] - Text 'fixed_width' is set on object 'Object Repository/RecAndPlayBk/Page-Vlink-CC-Void/txt_ResponseFormat'

2023-02-08 19:04:04 - [TEST_STEP][PASSED] - setText(findTestObject("Object Repository/RecAndPlayBk/Page-Vlink-CC-Void/txt_TransactionID"), tranxID): Text '123456' is set on object 'Object Repository/RecAndPlayBk/Page-Vlink-CC-Void/txt_TransactionID'

2023-02-08 19:04:04 - [MESSAGE][PASSED] - Text '123456' is set on object 'Object Repository/RecAndPlayBk/Page-Vlink-CC-Void/txt_TransactionID'

2023-02-08 19:04:04 - [TEST_STEP][PASSED] - setText(findTestObject("Object Repository/RecAndPlayBk/Page-Vlink-CC-Void/txt_OriginalTransactionType"), "104"): Text '104' is set on object 'Object Repository/RecAndPlayBk/Page-Vlink-CC-Void/txt_OriginalTransactionType'

2023-02-08 19:04:05 - [MESSAGE][PASSED] - Text '104' is set on object 'Object Repository/RecAndPlayBk/Page-Vlink-CC-Void/txt_OriginalTransactionType'

2023-02-08 19:04:05 - [TEST_STEP][PASSED] - setText(findTestObject("Object Repository/RecAndPlayBk/Page-Vlink-CC-Void/txt_TrackData"), ""): Text '' is set on object 'Object Repository/RecAndPlayBk/Page-Vlink-CC-Void/txt_TrackData'

2023-02-08 19:04:05 - [MESSAGE][PASSED] - Text '' is set on object 'Object Repository/RecAndPlayBk/Page-Vlink-CC-Void/txt_TrackData'

2023-02-08 19:04:05 - [TEST_STEP][PASSED] - click(findTestObject("Object Repository/RecAndPlayBk/Page-Vlink-CC-Void/btn_ProcessVLinkTransaction")): Object: 'Object Repository/RecAndPlayBk/Page-Vlink-CC-Void/btn_ProcessVLinkTransaction' is clicked on

2023-02-08 19:04:06 - [MESSAGE][PASSED] - Object: 'Object Repository/RecAndPlayBk/Page-Vlink-CC-Void/btn_ProcessVLinkTransaction' is clicked on

2023-02-08 19:04:06 - [TEST_STEP][PASSED] - if (verifyTextPresent(errorMsg, true)): null

2023-02-08 19:04:06 - [MESSAGE][PASSED] - Text 'Signon authentication error' is present on page  using regular expression

2023-02-08 19:04:06 - [TEST_STEP][PASSED] - println("Error Message is present on the Confirmation page"): null

2023-02-08 19:04:06 - [TEST_STEP][PASSED] - out.println("Pass Record Number: " + row): null

2023-02-08 19:04:06 - [TEST_STEP][PASSED] - resText = "Pass": null

2023-02-08 19:04:06 - [TEST_STEP][PASSED] - pages.WriteExcel.demoKey(resText, datText, resColumn, datCloumn, fileLoc, nameSheet, row): pages.WriteExcel.demoKey is PASSED

2023-02-08 19:04:06 - [MESSAGE][PASSED] - pages.WriteExcel.demoKey is PASSED

2023-02-08 19:04:06 - [TEST_STEP][PASSED] - ExecuteTC = findTestData(dataFile).getValue("Execute", row): null

2023-02-08 19:04:07 - [TEST_STEP][PASSED] - out.println("Value of Execute is : " + ExecuteTC): null

2023-02-08 19:04:07 - [TEST_STEP][PASSED] - if (ExecuteTC.equalsIgnoreCase("Y")): null

2023-02-08 19:04:07 - [TEST_STEP][PASSED] - out.println("Begin Record Number: " + row): null

2023-02-08 19:04:07 - [TEST_STEP][PASSED] - today = new java.util.Date(): null

2023-02-08 19:04:07 - [TEST_STEP][PASSED] - println(today): null

2023-02-08 19:04:07 - [TEST_STEP][PASSED] - datText = today: null

2023-02-08 19:04:07 - [TEST_STEP][PASSED] - errorMsg = findTestData(dataFile).getValue("ErrorMsg", row): null

2023-02-08 19:04:07 - [TEST_STEP][PASSED] - appID = findTestData(dataFile).getValue("AppID", row): null

2023-02-08 19:04:07 - [TEST_STEP][PASSED] - username = findTestData(dataFile).getValue("Username", row): null

2023-02-08 19:04:07 - [TEST_STEP][PASSED] - password = findTestData(dataFile).getValue("Password", row): null

2023-02-08 19:04:07 - [TEST_STEP][PASSED] - tranType = findTestData(dataFile).getValue("TranType", row): null

2023-02-08 19:04:07 - [TEST_STEP][PASSED] - mv = findTestData(dataFile).getValue("MV", row): null

2023-02-08 19:04:07 - [TEST_STEP][PASSED] - resFormat = findTestData(dataFile).getValue("ResFormat", row): null

2023-02-08 19:04:07 - [TEST_STEP][PASSED] - tranxID = findTestData(dataFile).getValue("TranxID", row): null

2023-02-08 19:04:07 - [TEST_STEP][PASSED] - openBrowser(VLinkURL + "CC_void.html"): Browser is opened with url: 'https://dev-algorithm.govolution.com/vlinktest/QA/version_2_0/CC_void.html'

2023-02-08 19:04:07 - [MESSAGE][WARNING] - A browser is already opened. Closing browser and opening a new one

2023-02-08 19:04:08 - [MESSAGE][INFO] - Starting 'Chrome' driver

2023-02-08 19:04:08 - [MESSAGE][INFO] - User set preference: ['acceptInsecureCerts', 'true']

2023-02-08 19:04:08 - [MESSAGE][INFO] - Action delay is set to 0 milliseconds

2023-02-08 19:04:10 - [MESSAGE][PASSED] - Browser is opened with url: 'https://dev-algorithm.govolution.com/vlinktest/QA/version_2_0/CC_void.html'

2023-02-08 19:04:10 - [TEST_STEP][PASSED] - maximizeWindow(): Current window maximized

2023-02-08 19:04:10 - [MESSAGE][PASSED] - Current window maximized

2023-02-08 19:04:10 - [TEST_STEP][PASSED] - maximizeWindow(): Current window maximized

2023-02-08 19:04:10 - [MESSAGE][PASSED] - Current window maximized

2023-02-08 19:04:10 - [TEST_STEP][PASSED] - setText(findTestObject("Object Repository/RecAndPlayBk/Page-Vlink-CC-Void/txt_TransactionType"), tranType): Text '106' is set on object 'Object Repository/RecAndPlayBk/Page-Vlink-CC-Void/txt_TransactionType'

2023-02-08 19:04:11 - [MESSAGE][PASSED] - Text '106' is set on object 'Object Repository/RecAndPlayBk/Page-Vlink-CC-Void/txt_TransactionType'

2023-02-08 19:04:11 - [TEST_STEP][PASSED] - setText(findTestObject("Object Repository/RecAndPlayBk/Page-Vlink-CC-Void/txt_MessageVersion"), mv): Text '2.0C' is set on object 'Object Repository/RecAndPlayBk/Page-Vlink-CC-Void/txt_MessageVersion'

2023-02-08 19:04:11 - [MESSAGE][PASSED] - Text '2.0C' is set on object 'Object Repository/RecAndPlayBk/Page-Vlink-CC-Void/txt_MessageVersion'

2023-02-08 19:04:11 - [TEST_STEP][PASSED] - genRemID = RandomStringUtils.random(12, true, true): null

2023-02-08 19:04:11 - [TEST_STEP][PASSED] - setText(findTestObject("Object Repository/RecAndPlayBk/Page-Vlink-CC-Void/txt_RemID"), genRemID): Text '6W6qvOLfhYYz' is set on object 'Object Repository/RecAndPlayBk/Page-Vlink-CC-Void/txt_RemID'

2023-02-08 19:04:12 - [MESSAGE][PASSED] - Text '6W6qvOLfhYYz' is set on object 'Object Repository/RecAndPlayBk/Page-Vlink-CC-Void/txt_RemID'

2023-02-08 19:04:12 - [TEST_STEP][PASSED] - setText(findTestObject("Object Repository/RecAndPlayBk/Page-Vlink-CC-Void/txt_ApplicationID"), appID): Text '234' is set on object 'Object Repository/RecAndPlayBk/Page-Vlink-CC-Void/txt_ApplicationID'

2023-02-08 19:04:13 - [MESSAGE][PASSED] - Text '234' is set on object 'Object Repository/RecAndPlayBk/Page-Vlink-CC-Void/txt_ApplicationID'

2023-02-08 19:04:13 - [TEST_STEP][PASSED] - setText(findTestObject("Object Repository/RecAndPlayBk/Page-Vlink-CC-Void/txt_Username"), username): Text 'username' is set on object 'Object Repository/RecAndPlayBk/Page-Vlink-CC-Void/txt_Username'

2023-02-08 19:04:13 - [MESSAGE][PASSED] - Text 'username' is set on object 'Object Repository/RecAndPlayBk/Page-Vlink-CC-Void/txt_Username'

2023-02-08 19:04:13 - [TEST_STEP][PASSED] - setText(findTestObject("Object Repository/RecAndPlayBk/Page-Vlink-CC-Void/txt_Password"), password): Text '' is set on object 'Object Repository/RecAndPlayBk/Page-Vlink-CC-Void/txt_Password'

2023-02-08 19:04:14 - [MESSAGE][PASSED] - Text '' is set on object 'Object Repository/RecAndPlayBk/Page-Vlink-CC-Void/txt_Password'

2023-02-08 19:04:14 - [TEST_STEP][PASSED] - setText(findTestObject("Object Repository/RecAndPlayBk/Page-Vlink-CC-Void/txt_ResponseFormat"), resFormat): Text 'fixed_width' is set on object 'Object Repository/RecAndPlayBk/Page-Vlink-CC-Void/txt_ResponseFormat'

2023-02-08 19:04:14 - [MESSAGE][PASSED] - Text 'fixed_width' is set on object 'Object Repository/RecAndPlayBk/Page-Vlink-CC-Void/txt_ResponseFormat'

2023-02-08 19:04:14 - [TEST_STEP][PASSED] - setText(findTestObject("Object Repository/RecAndPlayBk/Page-Vlink-CC-Void/txt_TransactionID"), tranxID): Text '123456' is set on object 'Object Repository/RecAndPlayBk/Page-Vlink-CC-Void/txt_TransactionID'

2023-02-08 19:04:15 - [MESSAGE][PASSED] - Text '123456' is set on object 'Object Repository/RecAndPlayBk/Page-Vlink-CC-Void/txt_TransactionID'

2023-02-08 19:04:15 - [TEST_STEP][PASSED] - setText(findTestObject("Object Repository/RecAndPlayBk/Page-Vlink-CC-Void/txt_OriginalTransactionType"), "104"): Text '104' is set on object 'Object Repository/RecAndPlayBk/Page-Vlink-CC-Void/txt_OriginalTransactionType'

2023-02-08 19:04:16 - [MESSAGE][PASSED] - Text '104' is set on object 'Object Repository/RecAndPlayBk/Page-Vlink-CC-Void/txt_OriginalTransactionType'

2023-02-08 19:04:16 - [TEST_STEP][PASSED] - setText(findTestObject("Object Repository/RecAndPlayBk/Page-Vlink-CC-Void/txt_TrackData"), ""): Text '' is set on object 'Object Repository/RecAndPlayBk/Page-Vlink-CC-Void/txt_TrackData'

2023-02-08 19:04:16 - [MESSAGE][PASSED] - Text '' is set on object 'Object Repository/RecAndPlayBk/Page-Vlink-CC-Void/txt_TrackData'

2023-02-08 19:04:16 - [TEST_STEP][PASSED] - click(findTestObject("Object Repository/RecAndPlayBk/Page-Vlink-CC-Void/btn_ProcessVLinkTransaction")): Object: 'Object Repository/RecAndPlayBk/Page-Vlink-CC-Void/btn_ProcessVLinkTransaction' is clicked on

2023-02-08 19:04:17 - [MESSAGE][PASSED] - Object: 'Object Repository/RecAndPlayBk/Page-Vlink-CC-Void/btn_ProcessVLinkTransaction' is clicked on

2023-02-08 19:04:17 - [TEST_STEP][PASSED] - if (verifyTextPresent(errorMsg, true)): null

2023-02-08 19:04:17 - [MESSAGE][PASSED] - Text 'Signon authentication error' is present on page  using regular expression

2023-02-08 19:04:17 - [TEST_STEP][PASSED] - println("Error Message is present on the Confirmation page"): null

2023-02-08 19:04:17 - [TEST_STEP][PASSED] - out.println("Pass Record Number: " + row): null

2023-02-08 19:04:17 - [TEST_STEP][PASSED] - resText = "Pass": null

2023-02-08 19:04:17 - [TEST_STEP][PASSED] - pages.WriteExcel.demoKey(resText, datText, resColumn, datCloumn, fileLoc, nameSheet, row): pages.WriteExcel.demoKey is PASSED

2023-02-08 19:04:17 - [MESSAGE][PASSED] - pages.WriteExcel.demoKey is PASSED

2023-02-08 19:04:17 - [TEST_STEP][PASSED] - ExecuteTC = findTestData(dataFile).getValue("Execute", row): null

2023-02-08 19:04:17 - [TEST_STEP][PASSED] - out.println("Value of Execute is : " + ExecuteTC): null

2023-02-08 19:04:17 - [TEST_STEP][PASSED] - if (ExecuteTC.equalsIgnoreCase("Y")): null]]></system-out>
         <system-err><![CDATA[]]></system-err>
      </testcase>
      <testcase name="Test Cases/RecAndPlayBk/VLink/Credit-MRF" time="102.563" classname="Test Cases/RecAndPlayBk/VLink/Credit-MRF" status="PASSED">
         <system-out><![CDATA[2023-02-08 19:04:17 - [TEST_CASE][PASSED] - Test Cases/RecAndPlayBk/VLink/Credit-MRF: Test Cases/RecAndPlayBk/VLink/Credit-MRF

2023-02-08 19:04:18 - [TEST_STEP][PASSED] - executionProfile = getExecutionProfile(): null

2023-02-08 19:04:18 - [TEST_STEP][PASSED] - out.println("executionProfile : " + executionProfile): null

2023-02-08 19:04:18 - [TEST_STEP][PASSED] - resText = "Fail": null

2023-02-08 19:04:18 - [TEST_STEP][PASSED] - resColumn = "Result": null

2023-02-08 19:04:18 - [TEST_STEP][PASSED] - datCloumn = "Date": null

2023-02-08 19:04:18 - [TEST_STEP][PASSED] - fileLoc = "KatalonData/VLinkSmokeData.xlsx": null

2023-02-08 19:04:18 - [TEST_STEP][PASSED] - numOfRows = <not implemented yet for class: org.codehaus.groovy.ast.expr.EmptyExpression>: null

2023-02-08 19:04:18 - [TEST_STEP][PASSED] - dataFile = <not implemented yet for class: org.codehaus.groovy.ast.expr.EmptyExpression>: null

2023-02-08 19:04:18 - [TEST_STEP][PASSED] - nameSheet = <not implemented yet for class: org.codehaus.groovy.ast.expr.EmptyExpression>: null

2023-02-08 19:04:18 - [TEST_STEP][PASSED] - nameSheet = "Credit-MRF": null

2023-02-08 19:04:18 - [TEST_STEP][PASSED] - numOfRows = findTestData("QA/VLinkTestData/VLinkCreditMRFData").getRowNumbers(): null

2023-02-08 19:04:18 - [TEST_STEP][PASSED] - println("Number of Records: " + numOfRows): null

2023-02-08 19:04:18 - [TEST_STEP][PASSED] - dataFile = "QA/VLinkTestData/VLinkCreditMRFData": null

2023-02-08 19:04:18 - [TEST_STEP][PASSED] - for ([row = 1, row <= numOfRows, (row++)]): null

2023-02-08 19:04:18 - [TEST_STEP][PASSED] - ExecuteTC = findTestData(dataFile).getValue("Execute", row): null

2023-02-08 19:04:18 - [TEST_STEP][PASSED] - out.println("Value of Execute is : " + ExecuteTC): null

2023-02-08 19:04:18 - [TEST_STEP][PASSED] - if (ExecuteTC.equalsIgnoreCase("Y")): null

2023-02-08 19:04:18 - [TEST_STEP][PASSED] - out.println("Begin Record Number: " + row): null

2023-02-08 19:04:18 - [TEST_STEP][PASSED] - today = new java.util.Date(): null

2023-02-08 19:04:18 - [TEST_STEP][PASSED] - println(today): null

2023-02-08 19:04:18 - [TEST_STEP][PASSED] - datText = today: null

2023-02-08 19:04:18 - [TEST_STEP][PASSED] - errorMsg = findTestData(dataFile).getValue("ErrorMsg", row): null

2023-02-08 19:04:18 - [TEST_STEP][PASSED] - appID = findTestData(dataFile).getValue("AppID", row): null

2023-02-08 19:04:18 - [TEST_STEP][PASSED] - username = findTestData(dataFile).getValue("Username", row): null

2023-02-08 19:04:18 - [TEST_STEP][PASSED] - password = findTestData(dataFile).getValue("Password", row): null

2023-02-08 19:04:18 - [TEST_STEP][PASSED] - tranType = findTestData(dataFile).getValue("TranType", row): null

2023-02-08 19:04:18 - [TEST_STEP][PASSED] - mv = findTestData(dataFile).getValue("MV", row): null

2023-02-08 19:04:18 - [TEST_STEP][PASSED] - resFormat = findTestData(dataFile).getValue("ResFormat", row): null

2023-02-08 19:04:19 - [TEST_STEP][PASSED] - tranxID = findTestData(dataFile).getValue("TranxID", row): null

2023-02-08 19:04:19 - [TEST_STEP][PASSED] - amount = findTestData(dataFile).getValue("Amount", row): null

2023-02-08 19:04:19 - [TEST_STEP][PASSED] - openBrowser(VLinkURL + "CC_credit.html"): Browser is opened with url: 'https://dev-algorithm.govolution.com/vlinktest/QA/version_2_0/CC_credit.html'

2023-02-08 19:04:19 - [MESSAGE][WARNING] - A browser is already opened. Closing browser and opening a new one

2023-02-08 19:04:20 - [MESSAGE][INFO] - Starting 'Chrome' driver

2023-02-08 19:04:20 - [MESSAGE][INFO] - User set preference: ['acceptInsecureCerts', 'true']

2023-02-08 19:04:20 - [MESSAGE][INFO] - Action delay is set to 0 milliseconds

2023-02-08 19:04:21 - [MESSAGE][PASSED] - Browser is opened with url: 'https://dev-algorithm.govolution.com/vlinktest/QA/version_2_0/CC_credit.html'

2023-02-08 19:04:21 - [TEST_STEP][PASSED] - maximizeWindow(): Current window maximized

2023-02-08 19:04:21 - [MESSAGE][PASSED] - Current window maximized

2023-02-08 19:04:21 - [TEST_STEP][PASSED] - maximizeWindow(): Current window maximized

2023-02-08 19:04:21 - [MESSAGE][PASSED] - Current window maximized

2023-02-08 19:04:21 - [TEST_STEP][PASSED] - setText(findTestObject("Object Repository/RecAndPlayBk/Page-Vlink-CC-Credit/input_Transaction Type"), tranType): Text '' is set on object 'Object Repository/RecAndPlayBk/Page-Vlink-CC-Credit/input_Transaction Type'

2023-02-08 19:04:22 - [MESSAGE][PASSED] - Text '' is set on object 'Object Repository/RecAndPlayBk/Page-Vlink-CC-Credit/input_Transaction Type'

2023-02-08 19:04:22 - [TEST_STEP][PASSED] - setText(findTestObject("Object Repository/RecAndPlayBk/Page-Vlink-CC-Credit/input_Message Version"), mv): Text '2.0C' is set on object 'Object Repository/RecAndPlayBk/Page-Vlink-CC-Credit/input_Message Version'

2023-02-08 19:04:23 - [MESSAGE][PASSED] - Text '2.0C' is set on object 'Object Repository/RecAndPlayBk/Page-Vlink-CC-Credit/input_Message Version'

2023-02-08 19:04:23 - [TEST_STEP][PASSED] - genRemID = RandomStringUtils.random(12, true, true): null

2023-02-08 19:04:23 - [TEST_STEP][PASSED] - setText(findTestObject("Object Repository/RecAndPlayBk/Page-Vlink-CC-Credit/input_Remittance Id"), genRemID): Text 'OD6H9gHTv1C4' is set on object 'Object Repository/RecAndPlayBk/Page-Vlink-CC-Credit/input_Remittance Id'

2023-02-08 19:04:23 - [MESSAGE][PASSED] - Text 'OD6H9gHTv1C4' is set on object 'Object Repository/RecAndPlayBk/Page-Vlink-CC-Credit/input_Remittance Id'

2023-02-08 19:04:23 - [TEST_STEP][PASSED] - setText(findTestObject("Object Repository/RecAndPlayBk/Page-Vlink-CC-Credit/input_Application Id"), appID): Text '234' is set on object 'Object Repository/RecAndPlayBk/Page-Vlink-CC-Credit/input_Application Id'

2023-02-08 19:04:24 - [MESSAGE][PASSED] - Text '234' is set on object 'Object Repository/RecAndPlayBk/Page-Vlink-CC-Credit/input_Application Id'

2023-02-08 19:04:24 - [TEST_STEP][PASSED] - setText(findTestObject("Object Repository/RecAndPlayBk/Page-Vlink-CC-Credit/input_Username"), username): Text 'username' is set on object 'Object Repository/RecAndPlayBk/Page-Vlink-CC-Credit/input_Username'

2023-02-08 19:04:25 - [MESSAGE][PASSED] - Text 'username' is set on object 'Object Repository/RecAndPlayBk/Page-Vlink-CC-Credit/input_Username'

2023-02-08 19:04:25 - [TEST_STEP][PASSED] - setText(findTestObject("Object Repository/RecAndPlayBk/Page-Vlink-CC-Credit/input_Password"), password): Text 'password' is set on object 'Object Repository/RecAndPlayBk/Page-Vlink-CC-Credit/input_Password'

2023-02-08 19:04:25 - [MESSAGE][PASSED] - Text 'password' is set on object 'Object Repository/RecAndPlayBk/Page-Vlink-CC-Credit/input_Password'

2023-02-08 19:04:25 - [TEST_STEP][PASSED] - setText(findTestObject("Object Repository/RecAndPlayBk/Page-Vlink-CC-Credit/input_Transaction ID"), tranxID): Text '123456' is set on object 'Object Repository/RecAndPlayBk/Page-Vlink-CC-Credit/input_Transaction ID'

2023-02-08 19:04:26 - [MESSAGE][PASSED] - Text '123456' is set on object 'Object Repository/RecAndPlayBk/Page-Vlink-CC-Credit/input_Transaction ID'

2023-02-08 19:04:26 - [TEST_STEP][PASSED] - setText(findTestObject("Object Repository/RecAndPlayBk/Page-Vlink-CC-Credit/input_Response Format"), resFormat): Text 'fixed_width' is set on object 'Object Repository/RecAndPlayBk/Page-Vlink-CC-Credit/input_Response Format'

2023-02-08 19:04:26 - [MESSAGE][PASSED] - Text 'fixed_width' is set on object 'Object Repository/RecAndPlayBk/Page-Vlink-CC-Credit/input_Response Format'

2023-02-08 19:04:26 - [TEST_STEP][PASSED] - setText(findTestObject("Object Repository/RecAndPlayBk/Page-Vlink-CC-Credit/input_Amount"), amount): Text '1.50' is set on object 'Object Repository/RecAndPlayBk/Page-Vlink-CC-Credit/input_Amount'

2023-02-08 19:04:27 - [MESSAGE][PASSED] - Text '1.50' is set on object 'Object Repository/RecAndPlayBk/Page-Vlink-CC-Credit/input_Amount'

2023-02-08 19:04:27 - [TEST_STEP][PASSED] - setText(findTestObject("Object Repository/RecAndPlayBk/Page-Vlink-CC-Credit/input_Card number"), ""): Text '' is set on object 'Object Repository/RecAndPlayBk/Page-Vlink-CC-Credit/input_Card number'

2023-02-08 19:04:28 - [MESSAGE][PASSED] - Text '' is set on object 'Object Repository/RecAndPlayBk/Page-Vlink-CC-Credit/input_Card number'

2023-02-08 19:04:28 - [TEST_STEP][PASSED] - setText(findTestObject("Object Repository/RecAndPlayBk/Page-Vlink-CC-Credit/input_Card ex month"), ""): Text '' is set on object 'Object Repository/RecAndPlayBk/Page-Vlink-CC-Credit/input_Card ex month'

2023-02-08 19:04:28 - [MESSAGE][PASSED] - Text '' is set on object 'Object Repository/RecAndPlayBk/Page-Vlink-CC-Credit/input_Card ex month'

2023-02-08 19:04:28 - [TEST_STEP][PASSED] - setText(findTestObject("Object Repository/RecAndPlayBk/Page-Vlink-CC-Credit/input_Card ex year"), ""): Text '' is set on object 'Object Repository/RecAndPlayBk/Page-Vlink-CC-Credit/input_Card ex year'

2023-02-08 19:04:29 - [MESSAGE][PASSED] - Text '' is set on object 'Object Repository/RecAndPlayBk/Page-Vlink-CC-Credit/input_Card ex year'

2023-02-08 19:04:29 - [TEST_STEP][PASSED] - setText(findTestObject("Object Repository/RecAndPlayBk/Page-Vlink-CC-Credit/input_Track Data"), ""): Text '' is set on object 'Object Repository/RecAndPlayBk/Page-Vlink-CC-Credit/input_Track Data'

2023-02-08 19:04:30 - [MESSAGE][PASSED] - Text '' is set on object 'Object Repository/RecAndPlayBk/Page-Vlink-CC-Credit/input_Track Data'

2023-02-08 19:04:30 - [TEST_STEP][PASSED] - click(findTestObject("Object Repository/RecAndPlayBk/Page-Vlink-CC-Credit/input")): Object: 'Object Repository/RecAndPlayBk/Page-Vlink-CC-Credit/input' is clicked on

2023-02-08 19:04:30 - [MESSAGE][PASSED] - Object: 'Object Repository/RecAndPlayBk/Page-Vlink-CC-Credit/input' is clicked on

2023-02-08 19:04:30 - [TEST_STEP][PASSED] - if (verifyTextPresent(errorMsg, true)): null

2023-02-08 19:04:30 - [MESSAGE][PASSED] - Text 'Missing parameter: transaction_type' is present on page  using regular expression

2023-02-08 19:04:30 - [TEST_STEP][PASSED] - println("Error Message is present on the Confirmation page"): null

2023-02-08 19:04:30 - [TEST_STEP][PASSED] - out.println("Pass Record Number: " + row): null

2023-02-08 19:04:30 - [TEST_STEP][PASSED] - resText = "Pass": null

2023-02-08 19:04:30 - [TEST_STEP][PASSED] - pages.WriteExcel.demoKey(resText, datText, resColumn, datCloumn, fileLoc, nameSheet, row): pages.WriteExcel.demoKey is PASSED

2023-02-08 19:04:31 - [MESSAGE][PASSED] - pages.WriteExcel.demoKey is PASSED

2023-02-08 19:04:31 - [TEST_STEP][PASSED] - ExecuteTC = findTestData(dataFile).getValue("Execute", row): null

2023-02-08 19:04:31 - [TEST_STEP][PASSED] - out.println("Value of Execute is : " + ExecuteTC): null

2023-02-08 19:04:31 - [TEST_STEP][PASSED] - if (ExecuteTC.equalsIgnoreCase("Y")): null

2023-02-08 19:04:31 - [TEST_STEP][PASSED] - out.println("Begin Record Number: " + row): null

2023-02-08 19:04:31 - [TEST_STEP][PASSED] - today = new java.util.Date(): null

2023-02-08 19:04:31 - [TEST_STEP][PASSED] - println(today): null

2023-02-08 19:04:31 - [TEST_STEP][PASSED] - datText = today: null

2023-02-08 19:04:31 - [TEST_STEP][PASSED] - errorMsg = findTestData(dataFile).getValue("ErrorMsg", row): null

2023-02-08 19:04:31 - [TEST_STEP][PASSED] - appID = findTestData(dataFile).getValue("AppID", row): null

2023-02-08 19:04:31 - [TEST_STEP][PASSED] - username = findTestData(dataFile).getValue("Username", row): null

2023-02-08 19:04:31 - [TEST_STEP][PASSED] - password = findTestData(dataFile).getValue("Password", row): null

2023-02-08 19:04:31 - [TEST_STEP][PASSED] - tranType = findTestData(dataFile).getValue("TranType", row): null

2023-02-08 19:04:31 - [TEST_STEP][PASSED] - mv = findTestData(dataFile).getValue("MV", row): null

2023-02-08 19:04:31 - [TEST_STEP][PASSED] - resFormat = findTestData(dataFile).getValue("ResFormat", row): null

2023-02-08 19:04:31 - [TEST_STEP][PASSED] - tranxID = findTestData(dataFile).getValue("TranxID", row): null

2023-02-08 19:04:31 - [TEST_STEP][PASSED] - amount = findTestData(dataFile).getValue("Amount", row): null

2023-02-08 19:04:31 - [TEST_STEP][PASSED] - openBrowser(VLinkURL + "CC_credit.html"): Browser is opened with url: 'https://dev-algorithm.govolution.com/vlinktest/QA/version_2_0/CC_credit.html'

2023-02-08 19:04:31 - [MESSAGE][WARNING] - A browser is already opened. Closing browser and opening a new one

2023-02-08 19:04:32 - [MESSAGE][INFO] - Starting 'Chrome' driver

2023-02-08 19:04:32 - [MESSAGE][INFO] - User set preference: ['acceptInsecureCerts', 'true']

2023-02-08 19:04:32 - [MESSAGE][INFO] - Action delay is set to 0 milliseconds

2023-02-08 19:04:34 - [MESSAGE][PASSED] - Browser is opened with url: 'https://dev-algorithm.govolution.com/vlinktest/QA/version_2_0/CC_credit.html'

2023-02-08 19:04:34 - [TEST_STEP][PASSED] - maximizeWindow(): Current window maximized

2023-02-08 19:04:34 - [MESSAGE][PASSED] - Current window maximized

2023-02-08 19:04:34 - [TEST_STEP][PASSED] - maximizeWindow(): Current window maximized

2023-02-08 19:04:34 - [MESSAGE][PASSED] - Current window maximized

2023-02-08 19:04:34 - [TEST_STEP][PASSED] - setText(findTestObject("Object Repository/RecAndPlayBk/Page-Vlink-CC-Credit/input_Transaction Type"), tranType): Text '102' is set on object 'Object Repository/RecAndPlayBk/Page-Vlink-CC-Credit/input_Transaction Type'

2023-02-08 19:04:35 - [MESSAGE][PASSED] - Text '102' is set on object 'Object Repository/RecAndPlayBk/Page-Vlink-CC-Credit/input_Transaction Type'

2023-02-08 19:04:35 - [TEST_STEP][PASSED] - setText(findTestObject("Object Repository/RecAndPlayBk/Page-Vlink-CC-Credit/input_Message Version"), mv): Text '' is set on object 'Object Repository/RecAndPlayBk/Page-Vlink-CC-Credit/input_Message Version'

2023-02-08 19:04:35 - [MESSAGE][PASSED] - Text '' is set on object 'Object Repository/RecAndPlayBk/Page-Vlink-CC-Credit/input_Message Version'

2023-02-08 19:04:35 - [TEST_STEP][PASSED] - genRemID = RandomStringUtils.random(12, true, true): null

2023-02-08 19:04:35 - [TEST_STEP][PASSED] - setText(findTestObject("Object Repository/RecAndPlayBk/Page-Vlink-CC-Credit/input_Remittance Id"), genRemID): Text 'f3ztJ5FFFJUD' is set on object 'Object Repository/RecAndPlayBk/Page-Vlink-CC-Credit/input_Remittance Id'

2023-02-08 19:04:36 - [MESSAGE][PASSED] - Text 'f3ztJ5FFFJUD' is set on object 'Object Repository/RecAndPlayBk/Page-Vlink-CC-Credit/input_Remittance Id'

2023-02-08 19:04:36 - [TEST_STEP][PASSED] - setText(findTestObject("Object Repository/RecAndPlayBk/Page-Vlink-CC-Credit/input_Application Id"), appID): Text '234' is set on object 'Object Repository/RecAndPlayBk/Page-Vlink-CC-Credit/input_Application Id'

2023-02-08 19:04:37 - [MESSAGE][PASSED] - Text '234' is set on object 'Object Repository/RecAndPlayBk/Page-Vlink-CC-Credit/input_Application Id'

2023-02-08 19:04:37 - [TEST_STEP][PASSED] - setText(findTestObject("Object Repository/RecAndPlayBk/Page-Vlink-CC-Credit/input_Username"), username): Text 'username' is set on object 'Object Repository/RecAndPlayBk/Page-Vlink-CC-Credit/input_Username'

2023-02-08 19:04:37 - [MESSAGE][PASSED] - Text 'username' is set on object 'Object Repository/RecAndPlayBk/Page-Vlink-CC-Credit/input_Username'

2023-02-08 19:04:37 - [TEST_STEP][PASSED] - setText(findTestObject("Object Repository/RecAndPlayBk/Page-Vlink-CC-Credit/input_Password"), password): Text 'password' is set on object 'Object Repository/RecAndPlayBk/Page-Vlink-CC-Credit/input_Password'

2023-02-08 19:04:38 - [MESSAGE][PASSED] - Text 'password' is set on object 'Object Repository/RecAndPlayBk/Page-Vlink-CC-Credit/input_Password'

2023-02-08 19:04:38 - [TEST_STEP][PASSED] - setText(findTestObject("Object Repository/RecAndPlayBk/Page-Vlink-CC-Credit/input_Transaction ID"), tranxID): Text '123456' is set on object 'Object Repository/RecAndPlayBk/Page-Vlink-CC-Credit/input_Transaction ID'

2023-02-08 19:04:39 - [MESSAGE][PASSED] - Text '123456' is set on object 'Object Repository/RecAndPlayBk/Page-Vlink-CC-Credit/input_Transaction ID'

2023-02-08 19:04:39 - [TEST_STEP][PASSED] - setText(findTestObject("Object Repository/RecAndPlayBk/Page-Vlink-CC-Credit/input_Response Format"), resFormat): Text 'fixed_width' is set on object 'Object Repository/RecAndPlayBk/Page-Vlink-CC-Credit/input_Response Format'

2023-02-08 19:04:39 - [MESSAGE][PASSED] - Text 'fixed_width' is set on object 'Object Repository/RecAndPlayBk/Page-Vlink-CC-Credit/input_Response Format'

2023-02-08 19:04:39 - [TEST_STEP][PASSED] - setText(findTestObject("Object Repository/RecAndPlayBk/Page-Vlink-CC-Credit/input_Amount"), amount): Text '1.50' is set on object 'Object Repository/RecAndPlayBk/Page-Vlink-CC-Credit/input_Amount'

2023-02-08 19:04:40 - [MESSAGE][PASSED] - Text '1.50' is set on object 'Object Repository/RecAndPlayBk/Page-Vlink-CC-Credit/input_Amount'

2023-02-08 19:04:40 - [TEST_STEP][PASSED] - setText(findTestObject("Object Repository/RecAndPlayBk/Page-Vlink-CC-Credit/input_Card number"), ""): Text '' is set on object 'Object Repository/RecAndPlayBk/Page-Vlink-CC-Credit/input_Card number'

2023-02-08 19:04:40 - [MESSAGE][PASSED] - Text '' is set on object 'Object Repository/RecAndPlayBk/Page-Vlink-CC-Credit/input_Card number'

2023-02-08 19:04:40 - [TEST_STEP][PASSED] - setText(findTestObject("Object Repository/RecAndPlayBk/Page-Vlink-CC-Credit/input_Card ex month"), ""): Text '' is set on object 'Object Repository/RecAndPlayBk/Page-Vlink-CC-Credit/input_Card ex month'

2023-02-08 19:04:41 - [MESSAGE][PASSED] - Text '' is set on object 'Object Repository/RecAndPlayBk/Page-Vlink-CC-Credit/input_Card ex month'

2023-02-08 19:04:41 - [TEST_STEP][PASSED] - setText(findTestObject("Object Repository/RecAndPlayBk/Page-Vlink-CC-Credit/input_Card ex year"), ""): Text '' is set on object 'Object Repository/RecAndPlayBk/Page-Vlink-CC-Credit/input_Card ex year'

2023-02-08 19:04:42 - [MESSAGE][PASSED] - Text '' is set on object 'Object Repository/RecAndPlayBk/Page-Vlink-CC-Credit/input_Card ex year'

2023-02-08 19:04:42 - [TEST_STEP][PASSED] - setText(findTestObject("Object Repository/RecAndPlayBk/Page-Vlink-CC-Credit/input_Track Data"), ""): Text '' is set on object 'Object Repository/RecAndPlayBk/Page-Vlink-CC-Credit/input_Track Data'

2023-02-08 19:04:42 - [MESSAGE][PASSED] - Text '' is set on object 'Object Repository/RecAndPlayBk/Page-Vlink-CC-Credit/input_Track Data'

2023-02-08 19:04:42 - [TEST_STEP][PASSED] - click(findTestObject("Object Repository/RecAndPlayBk/Page-Vlink-CC-Credit/input")): Object: 'Object Repository/RecAndPlayBk/Page-Vlink-CC-Credit/input' is clicked on

2023-02-08 19:04:43 - [MESSAGE][PASSED] - Object: 'Object Repository/RecAndPlayBk/Page-Vlink-CC-Credit/input' is clicked on

2023-02-08 19:04:43 - [TEST_STEP][PASSED] - if (verifyTextPresent(errorMsg, true)): null

2023-02-08 19:04:43 - [MESSAGE][PASSED] - Text 'Missing parameter: message_version' is present on page  using regular expression

2023-02-08 19:04:43 - [TEST_STEP][PASSED] - println("Error Message is present on the Confirmation page"): null

2023-02-08 19:04:43 - [TEST_STEP][PASSED] - out.println("Pass Record Number: " + row): null

2023-02-08 19:04:43 - [TEST_STEP][PASSED] - resText = "Pass": null

2023-02-08 19:04:43 - [TEST_STEP][PASSED] - pages.WriteExcel.demoKey(resText, datText, resColumn, datCloumn, fileLoc, nameSheet, row): pages.WriteExcel.demoKey is PASSED

2023-02-08 19:04:43 - [MESSAGE][PASSED] - pages.WriteExcel.demoKey is PASSED

2023-02-08 19:04:43 - [TEST_STEP][PASSED] - ExecuteTC = findTestData(dataFile).getValue("Execute", row): null

2023-02-08 19:04:43 - [TEST_STEP][PASSED] - out.println("Value of Execute is : " + ExecuteTC): null

2023-02-08 19:04:43 - [TEST_STEP][PASSED] - if (ExecuteTC.equalsIgnoreCase("Y")): null

2023-02-08 19:04:43 - [TEST_STEP][PASSED] - out.println("Begin Record Number: " + row): null

2023-02-08 19:04:43 - [TEST_STEP][PASSED] - today = new java.util.Date(): null

2023-02-08 19:04:43 - [TEST_STEP][PASSED] - println(today): null

2023-02-08 19:04:43 - [TEST_STEP][PASSED] - datText = today: null

2023-02-08 19:04:43 - [TEST_STEP][PASSED] - errorMsg = findTestData(dataFile).getValue("ErrorMsg", row): null

2023-02-08 19:04:43 - [TEST_STEP][PASSED] - appID = findTestData(dataFile).getValue("AppID", row): null

2023-02-08 19:04:44 - [TEST_STEP][PASSED] - username = findTestData(dataFile).getValue("Username", row): null

2023-02-08 19:04:44 - [TEST_STEP][PASSED] - password = findTestData(dataFile).getValue("Password", row): null

2023-02-08 19:04:44 - [TEST_STEP][PASSED] - tranType = findTestData(dataFile).getValue("TranType", row): null

2023-02-08 19:04:44 - [TEST_STEP][PASSED] - mv = findTestData(dataFile).getValue("MV", row): null

2023-02-08 19:04:44 - [TEST_STEP][PASSED] - resFormat = findTestData(dataFile).getValue("ResFormat", row): null

2023-02-08 19:04:44 - [TEST_STEP][PASSED] - tranxID = findTestData(dataFile).getValue("TranxID", row): null

2023-02-08 19:04:44 - [TEST_STEP][PASSED] - amount = findTestData(dataFile).getValue("Amount", row): null

2023-02-08 19:04:44 - [TEST_STEP][PASSED] - openBrowser(VLinkURL + "CC_credit.html"): Browser is opened with url: 'https://dev-algorithm.govolution.com/vlinktest/QA/version_2_0/CC_credit.html'

2023-02-08 19:04:44 - [MESSAGE][WARNING] - A browser is already opened. Closing browser and opening a new one

2023-02-08 19:04:45 - [MESSAGE][INFO] - Starting 'Chrome' driver

2023-02-08 19:04:45 - [MESSAGE][INFO] - User set preference: ['acceptInsecureCerts', 'true']

2023-02-08 19:04:45 - [MESSAGE][INFO] - Action delay is set to 0 milliseconds

2023-02-08 19:04:47 - [MESSAGE][PASSED] - Browser is opened with url: 'https://dev-algorithm.govolution.com/vlinktest/QA/version_2_0/CC_credit.html'

2023-02-08 19:04:47 - [TEST_STEP][PASSED] - maximizeWindow(): Current window maximized

2023-02-08 19:04:47 - [MESSAGE][PASSED] - Current window maximized

2023-02-08 19:04:47 - [TEST_STEP][PASSED] - maximizeWindow(): Current window maximized

2023-02-08 19:04:47 - [MESSAGE][PASSED] - Current window maximized

2023-02-08 19:04:47 - [TEST_STEP][PASSED] - setText(findTestObject("Object Repository/RecAndPlayBk/Page-Vlink-CC-Credit/input_Transaction Type"), tranType): Text '102' is set on object 'Object Repository/RecAndPlayBk/Page-Vlink-CC-Credit/input_Transaction Type'

2023-02-08 19:04:48 - [MESSAGE][PASSED] - Text '102' is set on object 'Object Repository/RecAndPlayBk/Page-Vlink-CC-Credit/input_Transaction Type'

2023-02-08 19:04:48 - [TEST_STEP][PASSED] - setText(findTestObject("Object Repository/RecAndPlayBk/Page-Vlink-CC-Credit/input_Message Version"), mv): Text '2.0C' is set on object 'Object Repository/RecAndPlayBk/Page-Vlink-CC-Credit/input_Message Version'

2023-02-08 19:04:48 - [MESSAGE][PASSED] - Text '2.0C' is set on object 'Object Repository/RecAndPlayBk/Page-Vlink-CC-Credit/input_Message Version'

2023-02-08 19:04:48 - [TEST_STEP][PASSED] - genRemID = RandomStringUtils.random(12, true, true): null

2023-02-08 19:04:48 - [TEST_STEP][PASSED] - setText(findTestObject("Object Repository/RecAndPlayBk/Page-Vlink-CC-Credit/input_Remittance Id"), genRemID): Text 'SbFa89Rb5x12' is set on object 'Object Repository/RecAndPlayBk/Page-Vlink-CC-Credit/input_Remittance Id'

2023-02-08 19:04:49 - [MESSAGE][PASSED] - Text 'SbFa89Rb5x12' is set on object 'Object Repository/RecAndPlayBk/Page-Vlink-CC-Credit/input_Remittance Id'

2023-02-08 19:04:49 - [TEST_STEP][PASSED] - setText(findTestObject("Object Repository/RecAndPlayBk/Page-Vlink-CC-Credit/input_Application Id"), appID): Text '' is set on object 'Object Repository/RecAndPlayBk/Page-Vlink-CC-Credit/input_Application Id'

2023-02-08 19:04:49 - [MESSAGE][PASSED] - Text '' is set on object 'Object Repository/RecAndPlayBk/Page-Vlink-CC-Credit/input_Application Id'

2023-02-08 19:04:49 - [TEST_STEP][PASSED] - setText(findTestObject("Object Repository/RecAndPlayBk/Page-Vlink-CC-Credit/input_Username"), username): Text 'username' is set on object 'Object Repository/RecAndPlayBk/Page-Vlink-CC-Credit/input_Username'

2023-02-08 19:04:50 - [MESSAGE][PASSED] - Text 'username' is set on object 'Object Repository/RecAndPlayBk/Page-Vlink-CC-Credit/input_Username'

2023-02-08 19:04:50 - [TEST_STEP][PASSED] - setText(findTestObject("Object Repository/RecAndPlayBk/Page-Vlink-CC-Credit/input_Password"), password): Text 'password' is set on object 'Object Repository/RecAndPlayBk/Page-Vlink-CC-Credit/input_Password'

2023-02-08 19:04:51 - [MESSAGE][PASSED] - Text 'password' is set on object 'Object Repository/RecAndPlayBk/Page-Vlink-CC-Credit/input_Password'

2023-02-08 19:04:51 - [TEST_STEP][PASSED] - setText(findTestObject("Object Repository/RecAndPlayBk/Page-Vlink-CC-Credit/input_Transaction ID"), tranxID): Text '123456' is set on object 'Object Repository/RecAndPlayBk/Page-Vlink-CC-Credit/input_Transaction ID'

2023-02-08 19:04:51 - [MESSAGE][PASSED] - Text '123456' is set on object 'Object Repository/RecAndPlayBk/Page-Vlink-CC-Credit/input_Transaction ID'

2023-02-08 19:04:51 - [TEST_STEP][PASSED] - setText(findTestObject("Object Repository/RecAndPlayBk/Page-Vlink-CC-Credit/input_Response Format"), resFormat): Text 'fixed_width' is set on object 'Object Repository/RecAndPlayBk/Page-Vlink-CC-Credit/input_Response Format'

2023-02-08 19:04:52 - [MESSAGE][PASSED] - Text 'fixed_width' is set on object 'Object Repository/RecAndPlayBk/Page-Vlink-CC-Credit/input_Response Format'

2023-02-08 19:04:52 - [TEST_STEP][PASSED] - setText(findTestObject("Object Repository/RecAndPlayBk/Page-Vlink-CC-Credit/input_Amount"), amount): Text '1.50' is set on object 'Object Repository/RecAndPlayBk/Page-Vlink-CC-Credit/input_Amount'

2023-02-08 19:04:53 - [MESSAGE][PASSED] - Text '1.50' is set on object 'Object Repository/RecAndPlayBk/Page-Vlink-CC-Credit/input_Amount'

2023-02-08 19:04:53 - [TEST_STEP][PASSED] - setText(findTestObject("Object Repository/RecAndPlayBk/Page-Vlink-CC-Credit/input_Card number"), ""): Text '' is set on object 'Object Repository/RecAndPlayBk/Page-Vlink-CC-Credit/input_Card number'

2023-02-08 19:04:53 - [MESSAGE][PASSED] - Text '' is set on object 'Object Repository/RecAndPlayBk/Page-Vlink-CC-Credit/input_Card number'

2023-02-08 19:04:53 - [TEST_STEP][PASSED] - setText(findTestObject("Object Repository/RecAndPlayBk/Page-Vlink-CC-Credit/input_Card ex month"), ""): Text '' is set on object 'Object Repository/RecAndPlayBk/Page-Vlink-CC-Credit/input_Card ex month'

2023-02-08 19:04:54 - [MESSAGE][PASSED] - Text '' is set on object 'Object Repository/RecAndPlayBk/Page-Vlink-CC-Credit/input_Card ex month'

2023-02-08 19:04:54 - [TEST_STEP][PASSED] - setText(findTestObject("Object Repository/RecAndPlayBk/Page-Vlink-CC-Credit/input_Card ex year"), ""): Text '' is set on object 'Object Repository/RecAndPlayBk/Page-Vlink-CC-Credit/input_Card ex year'

2023-02-08 19:04:54 - [MESSAGE][PASSED] - Text '' is set on object 'Object Repository/RecAndPlayBk/Page-Vlink-CC-Credit/input_Card ex year'

2023-02-08 19:04:54 - [TEST_STEP][PASSED] - setText(findTestObject("Object Repository/RecAndPlayBk/Page-Vlink-CC-Credit/input_Track Data"), ""): Text '' is set on object 'Object Repository/RecAndPlayBk/Page-Vlink-CC-Credit/input_Track Data'

2023-02-08 19:04:55 - [MESSAGE][PASSED] - Text '' is set on object 'Object Repository/RecAndPlayBk/Page-Vlink-CC-Credit/input_Track Data'

2023-02-08 19:04:55 - [TEST_STEP][PASSED] - click(findTestObject("Object Repository/RecAndPlayBk/Page-Vlink-CC-Credit/input")): Object: 'Object Repository/RecAndPlayBk/Page-Vlink-CC-Credit/input' is clicked on

2023-02-08 19:04:56 - [MESSAGE][PASSED] - Object: 'Object Repository/RecAndPlayBk/Page-Vlink-CC-Credit/input' is clicked on

2023-02-08 19:04:56 - [TEST_STEP][PASSED] - if (verifyTextPresent(errorMsg, true)): null

2023-02-08 19:04:56 - [MESSAGE][PASSED] - Text 'Missing parameter: application_id' is present on page  using regular expression

2023-02-08 19:04:56 - [TEST_STEP][PASSED] - println("Error Message is present on the Confirmation page"): null

2023-02-08 19:04:56 - [TEST_STEP][PASSED] - out.println("Pass Record Number: " + row): null

2023-02-08 19:04:56 - [TEST_STEP][PASSED] - resText = "Pass": null

2023-02-08 19:04:56 - [TEST_STEP][PASSED] - pages.WriteExcel.demoKey(resText, datText, resColumn, datCloumn, fileLoc, nameSheet, row): pages.WriteExcel.demoKey is PASSED

2023-02-08 19:04:56 - [MESSAGE][PASSED] - pages.WriteExcel.demoKey is PASSED

2023-02-08 19:04:56 - [TEST_STEP][PASSED] - ExecuteTC = findTestData(dataFile).getValue("Execute", row): null

2023-02-08 19:04:56 - [TEST_STEP][PASSED] - out.println("Value of Execute is : " + ExecuteTC): null

2023-02-08 19:04:56 - [TEST_STEP][PASSED] - if (ExecuteTC.equalsIgnoreCase("Y")): null

2023-02-08 19:04:56 - [TEST_STEP][PASSED] - out.println("Begin Record Number: " + row): null

2023-02-08 19:04:56 - [TEST_STEP][PASSED] - today = new java.util.Date(): null

2023-02-08 19:04:56 - [TEST_STEP][PASSED] - println(today): null

2023-02-08 19:04:56 - [TEST_STEP][PASSED] - datText = today: null

2023-02-08 19:04:56 - [TEST_STEP][PASSED] - errorMsg = findTestData(dataFile).getValue("ErrorMsg", row): null

2023-02-08 19:04:56 - [TEST_STEP][PASSED] - appID = findTestData(dataFile).getValue("AppID", row): null

2023-02-08 19:04:56 - [TEST_STEP][PASSED] - username = findTestData(dataFile).getValue("Username", row): null

2023-02-08 19:04:56 - [TEST_STEP][PASSED] - password = findTestData(dataFile).getValue("Password", row): null

2023-02-08 19:04:56 - [TEST_STEP][PASSED] - tranType = findTestData(dataFile).getValue("TranType", row): null

2023-02-08 19:04:56 - [TEST_STEP][PASSED] - mv = findTestData(dataFile).getValue("MV", row): null

2023-02-08 19:04:57 - [TEST_STEP][PASSED] - resFormat = findTestData(dataFile).getValue("ResFormat", row): null

2023-02-08 19:04:57 - [TEST_STEP][PASSED] - tranxID = findTestData(dataFile).getValue("TranxID", row): null

2023-02-08 19:04:57 - [TEST_STEP][PASSED] - amount = findTestData(dataFile).getValue("Amount", row): null

2023-02-08 19:04:57 - [TEST_STEP][PASSED] - openBrowser(VLinkURL + "CC_credit.html"): Browser is opened with url: 'https://dev-algorithm.govolution.com/vlinktest/QA/version_2_0/CC_credit.html'

2023-02-08 19:04:57 - [MESSAGE][WARNING] - A browser is already opened. Closing browser and opening a new one

2023-02-08 19:04:58 - [MESSAGE][INFO] - Starting 'Chrome' driver

2023-02-08 19:04:58 - [MESSAGE][INFO] - User set preference: ['acceptInsecureCerts', 'true']

2023-02-08 19:04:58 - [MESSAGE][INFO] - Action delay is set to 0 milliseconds

2023-02-08 19:04:59 - [MESSAGE][PASSED] - Browser is opened with url: 'https://dev-algorithm.govolution.com/vlinktest/QA/version_2_0/CC_credit.html'

2023-02-08 19:04:59 - [TEST_STEP][PASSED] - maximizeWindow(): Current window maximized

2023-02-08 19:05:00 - [MESSAGE][PASSED] - Current window maximized

2023-02-08 19:05:00 - [TEST_STEP][PASSED] - maximizeWindow(): Current window maximized

2023-02-08 19:05:00 - [MESSAGE][PASSED] - Current window maximized

2023-02-08 19:05:00 - [TEST_STEP][PASSED] - setText(findTestObject("Object Repository/RecAndPlayBk/Page-Vlink-CC-Credit/input_Transaction Type"), tranType): Text '102' is set on object 'Object Repository/RecAndPlayBk/Page-Vlink-CC-Credit/input_Transaction Type'

2023-02-08 19:05:00 - [MESSAGE][PASSED] - Text '102' is set on object 'Object Repository/RecAndPlayBk/Page-Vlink-CC-Credit/input_Transaction Type'

2023-02-08 19:05:00 - [TEST_STEP][PASSED] - setText(findTestObject("Object Repository/RecAndPlayBk/Page-Vlink-CC-Credit/input_Message Version"), mv): Text '2.0C' is set on object 'Object Repository/RecAndPlayBk/Page-Vlink-CC-Credit/input_Message Version'

2023-02-08 19:05:01 - [MESSAGE][PASSED] - Text '2.0C' is set on object 'Object Repository/RecAndPlayBk/Page-Vlink-CC-Credit/input_Message Version'

2023-02-08 19:05:01 - [TEST_STEP][PASSED] - genRemID = RandomStringUtils.random(12, true, true): null

2023-02-08 19:05:01 - [TEST_STEP][PASSED] - setText(findTestObject("Object Repository/RecAndPlayBk/Page-Vlink-CC-Credit/input_Remittance Id"), genRemID): Text 'Y3hMpyeeCodQ' is set on object 'Object Repository/RecAndPlayBk/Page-Vlink-CC-Credit/input_Remittance Id'

2023-02-08 19:05:02 - [MESSAGE][PASSED] - Text 'Y3hMpyeeCodQ' is set on object 'Object Repository/RecAndPlayBk/Page-Vlink-CC-Credit/input_Remittance Id'

2023-02-08 19:05:02 - [TEST_STEP][PASSED] - setText(findTestObject("Object Repository/RecAndPlayBk/Page-Vlink-CC-Credit/input_Application Id"), appID): Text '234' is set on object 'Object Repository/RecAndPlayBk/Page-Vlink-CC-Credit/input_Application Id'

2023-02-08 19:05:02 - [MESSAGE][PASSED] - Text '234' is set on object 'Object Repository/RecAndPlayBk/Page-Vlink-CC-Credit/input_Application Id'

2023-02-08 19:05:02 - [TEST_STEP][PASSED] - setText(findTestObject("Object Repository/RecAndPlayBk/Page-Vlink-CC-Credit/input_Username"), username): Text 'username' is set on object 'Object Repository/RecAndPlayBk/Page-Vlink-CC-Credit/input_Username'

2023-02-08 19:05:03 - [MESSAGE][PASSED] - Text 'username' is set on object 'Object Repository/RecAndPlayBk/Page-Vlink-CC-Credit/input_Username'

2023-02-08 19:05:03 - [TEST_STEP][PASSED] - setText(findTestObject("Object Repository/RecAndPlayBk/Page-Vlink-CC-Credit/input_Password"), password): Text 'password' is set on object 'Object Repository/RecAndPlayBk/Page-Vlink-CC-Credit/input_Password'

2023-02-08 19:05:03 - [MESSAGE][PASSED] - Text 'password' is set on object 'Object Repository/RecAndPlayBk/Page-Vlink-CC-Credit/input_Password'

2023-02-08 19:05:03 - [TEST_STEP][PASSED] - setText(findTestObject("Object Repository/RecAndPlayBk/Page-Vlink-CC-Credit/input_Transaction ID"), tranxID): Text '123456' is set on object 'Object Repository/RecAndPlayBk/Page-Vlink-CC-Credit/input_Transaction ID'

2023-02-08 19:05:04 - [MESSAGE][PASSED] - Text '123456' is set on object 'Object Repository/RecAndPlayBk/Page-Vlink-CC-Credit/input_Transaction ID'

2023-02-08 19:05:04 - [TEST_STEP][PASSED] - setText(findTestObject("Object Repository/RecAndPlayBk/Page-Vlink-CC-Credit/input_Response Format"), resFormat): Text '' is set on object 'Object Repository/RecAndPlayBk/Page-Vlink-CC-Credit/input_Response Format'

2023-02-08 19:05:05 - [MESSAGE][PASSED] - Text '' is set on object 'Object Repository/RecAndPlayBk/Page-Vlink-CC-Credit/input_Response Format'

2023-02-08 19:05:05 - [TEST_STEP][PASSED] - setText(findTestObject("Object Repository/RecAndPlayBk/Page-Vlink-CC-Credit/input_Amount"), amount): Text '1.50' is set on object 'Object Repository/RecAndPlayBk/Page-Vlink-CC-Credit/input_Amount'

2023-02-08 19:05:05 - [MESSAGE][PASSED] - Text '1.50' is set on object 'Object Repository/RecAndPlayBk/Page-Vlink-CC-Credit/input_Amount'

2023-02-08 19:05:05 - [TEST_STEP][PASSED] - setText(findTestObject("Object Repository/RecAndPlayBk/Page-Vlink-CC-Credit/input_Card number"), ""): Text '' is set on object 'Object Repository/RecAndPlayBk/Page-Vlink-CC-Credit/input_Card number'

2023-02-08 19:05:06 - [MESSAGE][PASSED] - Text '' is set on object 'Object Repository/RecAndPlayBk/Page-Vlink-CC-Credit/input_Card number'

2023-02-08 19:05:06 - [TEST_STEP][PASSED] - setText(findTestObject("Object Repository/RecAndPlayBk/Page-Vlink-CC-Credit/input_Card ex month"), ""): Text '' is set on object 'Object Repository/RecAndPlayBk/Page-Vlink-CC-Credit/input_Card ex month'

2023-02-08 19:05:06 - [MESSAGE][PASSED] - Text '' is set on object 'Object Repository/RecAndPlayBk/Page-Vlink-CC-Credit/input_Card ex month'

2023-02-08 19:05:06 - [TEST_STEP][PASSED] - setText(findTestObject("Object Repository/RecAndPlayBk/Page-Vlink-CC-Credit/input_Card ex year"), ""): Text '' is set on object 'Object Repository/RecAndPlayBk/Page-Vlink-CC-Credit/input_Card ex year'

2023-02-08 19:05:07 - [MESSAGE][PASSED] - Text '' is set on object 'Object Repository/RecAndPlayBk/Page-Vlink-CC-Credit/input_Card ex year'

2023-02-08 19:05:07 - [TEST_STEP][PASSED] - setText(findTestObject("Object Repository/RecAndPlayBk/Page-Vlink-CC-Credit/input_Track Data"), ""): Text '' is set on object 'Object Repository/RecAndPlayBk/Page-Vlink-CC-Credit/input_Track Data'

2023-02-08 19:05:08 - [MESSAGE][PASSED] - Text '' is set on object 'Object Repository/RecAndPlayBk/Page-Vlink-CC-Credit/input_Track Data'

2023-02-08 19:05:08 - [TEST_STEP][PASSED] - click(findTestObject("Object Repository/RecAndPlayBk/Page-Vlink-CC-Credit/input")): Object: 'Object Repository/RecAndPlayBk/Page-Vlink-CC-Credit/input' is clicked on

2023-02-08 19:05:08 - [MESSAGE][PASSED] - Object: 'Object Repository/RecAndPlayBk/Page-Vlink-CC-Credit/input' is clicked on

2023-02-08 19:05:08 - [TEST_STEP][PASSED] - if (verifyTextPresent(errorMsg, true)): null

2023-02-08 19:05:09 - [MESSAGE][PASSED] - Text 'response_format' is present on page  using regular expression

2023-02-08 19:05:09 - [TEST_STEP][PASSED] - println("Error Message is present on the Confirmation page"): null

2023-02-08 19:05:09 - [TEST_STEP][PASSED] - out.println("Pass Record Number: " + row): null

2023-02-08 19:05:09 - [TEST_STEP][PASSED] - resText = "Pass": null

2023-02-08 19:05:09 - [TEST_STEP][PASSED] - pages.WriteExcel.demoKey(resText, datText, resColumn, datCloumn, fileLoc, nameSheet, row): pages.WriteExcel.demoKey is PASSED

2023-02-08 19:05:09 - [MESSAGE][PASSED] - pages.WriteExcel.demoKey is PASSED

2023-02-08 19:05:09 - [TEST_STEP][PASSED] - ExecuteTC = findTestData(dataFile).getValue("Execute", row): null

2023-02-08 19:05:09 - [TEST_STEP][PASSED] - out.println("Value of Execute is : " + ExecuteTC): null

2023-02-08 19:05:09 - [TEST_STEP][PASSED] - if (ExecuteTC.equalsIgnoreCase("Y")): null

2023-02-08 19:05:09 - [TEST_STEP][PASSED] - out.println("Begin Record Number: " + row): null

2023-02-08 19:05:09 - [TEST_STEP][PASSED] - today = new java.util.Date(): null

2023-02-08 19:05:09 - [TEST_STEP][PASSED] - println(today): null

2023-02-08 19:05:09 - [TEST_STEP][PASSED] - datText = today: null

2023-02-08 19:05:09 - [TEST_STEP][PASSED] - errorMsg = findTestData(dataFile).getValue("ErrorMsg", row): null

2023-02-08 19:05:09 - [TEST_STEP][PASSED] - appID = findTestData(dataFile).getValue("AppID", row): null

2023-02-08 19:05:09 - [TEST_STEP][PASSED] - username = findTestData(dataFile).getValue("Username", row): null

2023-02-08 19:05:09 - [TEST_STEP][PASSED] - password = findTestData(dataFile).getValue("Password", row): null

2023-02-08 19:05:09 - [TEST_STEP][PASSED] - tranType = findTestData(dataFile).getValue("TranType", row): null

2023-02-08 19:05:09 - [TEST_STEP][PASSED] - mv = findTestData(dataFile).getValue("MV", row): null

2023-02-08 19:05:09 - [TEST_STEP][PASSED] - resFormat = findTestData(dataFile).getValue("ResFormat", row): null

2023-02-08 19:05:09 - [TEST_STEP][PASSED] - tranxID = findTestData(dataFile).getValue("TranxID", row): null

2023-02-08 19:05:09 - [TEST_STEP][PASSED] - amount = findTestData(dataFile).getValue("Amount", row): null

2023-02-08 19:05:10 - [TEST_STEP][PASSED] - openBrowser(VLinkURL + "CC_credit.html"): Browser is opened with url: 'https://dev-algorithm.govolution.com/vlinktest/QA/version_2_0/CC_credit.html'

2023-02-08 19:05:10 - [MESSAGE][WARNING] - A browser is already opened. Closing browser and opening a new one

2023-02-08 19:05:10 - [MESSAGE][INFO] - Starting 'Chrome' driver

2023-02-08 19:05:10 - [MESSAGE][INFO] - User set preference: ['acceptInsecureCerts', 'true']

2023-02-08 19:05:10 - [MESSAGE][INFO] - Action delay is set to 0 milliseconds

2023-02-08 19:05:12 - [MESSAGE][PASSED] - Browser is opened with url: 'https://dev-algorithm.govolution.com/vlinktest/QA/version_2_0/CC_credit.html'

2023-02-08 19:05:12 - [TEST_STEP][PASSED] - maximizeWindow(): Current window maximized

2023-02-08 19:05:12 - [MESSAGE][PASSED] - Current window maximized

2023-02-08 19:05:12 - [TEST_STEP][PASSED] - maximizeWindow(): Current window maximized

2023-02-08 19:05:12 - [MESSAGE][PASSED] - Current window maximized

2023-02-08 19:05:12 - [TEST_STEP][PASSED] - setText(findTestObject("Object Repository/RecAndPlayBk/Page-Vlink-CC-Credit/input_Transaction Type"), tranType): Text '102' is set on object 'Object Repository/RecAndPlayBk/Page-Vlink-CC-Credit/input_Transaction Type'

2023-02-08 19:05:13 - [MESSAGE][PASSED] - Text '102' is set on object 'Object Repository/RecAndPlayBk/Page-Vlink-CC-Credit/input_Transaction Type'

2023-02-08 19:05:13 - [TEST_STEP][PASSED] - setText(findTestObject("Object Repository/RecAndPlayBk/Page-Vlink-CC-Credit/input_Message Version"), mv): Text '2.0C' is set on object 'Object Repository/RecAndPlayBk/Page-Vlink-CC-Credit/input_Message Version'

2023-02-08 19:05:14 - [MESSAGE][PASSED] - Text '2.0C' is set on object 'Object Repository/RecAndPlayBk/Page-Vlink-CC-Credit/input_Message Version'

2023-02-08 19:05:14 - [TEST_STEP][PASSED] - genRemID = RandomStringUtils.random(12, true, true): null

2023-02-08 19:05:14 - [TEST_STEP][PASSED] - setText(findTestObject("Object Repository/RecAndPlayBk/Page-Vlink-CC-Credit/input_Remittance Id"), genRemID): Text 'seI8qRasUeif' is set on object 'Object Repository/RecAndPlayBk/Page-Vlink-CC-Credit/input_Remittance Id'

2023-02-08 19:05:14 - [MESSAGE][PASSED] - Text 'seI8qRasUeif' is set on object 'Object Repository/RecAndPlayBk/Page-Vlink-CC-Credit/input_Remittance Id'

2023-02-08 19:05:14 - [TEST_STEP][PASSED] - setText(findTestObject("Object Repository/RecAndPlayBk/Page-Vlink-CC-Credit/input_Application Id"), appID): Text '234' is set on object 'Object Repository/RecAndPlayBk/Page-Vlink-CC-Credit/input_Application Id'

2023-02-08 19:05:15 - [MESSAGE][PASSED] - Text '234' is set on object 'Object Repository/RecAndPlayBk/Page-Vlink-CC-Credit/input_Application Id'

2023-02-08 19:05:15 - [TEST_STEP][PASSED] - setText(findTestObject("Object Repository/RecAndPlayBk/Page-Vlink-CC-Credit/input_Username"), username): Text 'username' is set on object 'Object Repository/RecAndPlayBk/Page-Vlink-CC-Credit/input_Username'

2023-02-08 19:05:16 - [MESSAGE][PASSED] - Text 'username' is set on object 'Object Repository/RecAndPlayBk/Page-Vlink-CC-Credit/input_Username'

2023-02-08 19:05:16 - [TEST_STEP][PASSED] - setText(findTestObject("Object Repository/RecAndPlayBk/Page-Vlink-CC-Credit/input_Password"), password): Text 'password' is set on object 'Object Repository/RecAndPlayBk/Page-Vlink-CC-Credit/input_Password'

2023-02-08 19:05:16 - [MESSAGE][PASSED] - Text 'password' is set on object 'Object Repository/RecAndPlayBk/Page-Vlink-CC-Credit/input_Password'

2023-02-08 19:05:16 - [TEST_STEP][PASSED] - setText(findTestObject("Object Repository/RecAndPlayBk/Page-Vlink-CC-Credit/input_Transaction ID"), tranxID): Text '123456' is set on object 'Object Repository/RecAndPlayBk/Page-Vlink-CC-Credit/input_Transaction ID'

2023-02-08 19:05:17 - [MESSAGE][PASSED] - Text '123456' is set on object 'Object Repository/RecAndPlayBk/Page-Vlink-CC-Credit/input_Transaction ID'

2023-02-08 19:05:17 - [TEST_STEP][PASSED] - setText(findTestObject("Object Repository/RecAndPlayBk/Page-Vlink-CC-Credit/input_Response Format"), resFormat): Text 'fixed_width' is set on object 'Object Repository/RecAndPlayBk/Page-Vlink-CC-Credit/input_Response Format'

2023-02-08 19:05:18 - [MESSAGE][PASSED] - Text 'fixed_width' is set on object 'Object Repository/RecAndPlayBk/Page-Vlink-CC-Credit/input_Response Format'

2023-02-08 19:05:18 - [TEST_STEP][PASSED] - setText(findTestObject("Object Repository/RecAndPlayBk/Page-Vlink-CC-Credit/input_Amount"), amount): Text '' is set on object 'Object Repository/RecAndPlayBk/Page-Vlink-CC-Credit/input_Amount'

2023-02-08 19:05:18 - [MESSAGE][PASSED] - Text '' is set on object 'Object Repository/RecAndPlayBk/Page-Vlink-CC-Credit/input_Amount'

2023-02-08 19:05:18 - [TEST_STEP][PASSED] - setText(findTestObject("Object Repository/RecAndPlayBk/Page-Vlink-CC-Credit/input_Card number"), ""): Text '' is set on object 'Object Repository/RecAndPlayBk/Page-Vlink-CC-Credit/input_Card number'

2023-02-08 19:05:19 - [MESSAGE][PASSED] - Text '' is set on object 'Object Repository/RecAndPlayBk/Page-Vlink-CC-Credit/input_Card number'

2023-02-08 19:05:19 - [TEST_STEP][PASSED] - setText(findTestObject("Object Repository/RecAndPlayBk/Page-Vlink-CC-Credit/input_Card ex month"), ""): Text '' is set on object 'Object Repository/RecAndPlayBk/Page-Vlink-CC-Credit/input_Card ex month'

2023-02-08 19:05:19 - [MESSAGE][PASSED] - Text '' is set on object 'Object Repository/RecAndPlayBk/Page-Vlink-CC-Credit/input_Card ex month'

2023-02-08 19:05:19 - [TEST_STEP][PASSED] - setText(findTestObject("Object Repository/RecAndPlayBk/Page-Vlink-CC-Credit/input_Card ex year"), ""): Text '' is set on object 'Object Repository/RecAndPlayBk/Page-Vlink-CC-Credit/input_Card ex year'

2023-02-08 19:05:20 - [MESSAGE][PASSED] - Text '' is set on object 'Object Repository/RecAndPlayBk/Page-Vlink-CC-Credit/input_Card ex year'

2023-02-08 19:05:20 - [TEST_STEP][PASSED] - setText(findTestObject("Object Repository/RecAndPlayBk/Page-Vlink-CC-Credit/input_Track Data"), ""): Text '' is set on object 'Object Repository/RecAndPlayBk/Page-Vlink-CC-Credit/input_Track Data'

2023-02-08 19:05:21 - [MESSAGE][PASSED] - Text '' is set on object 'Object Repository/RecAndPlayBk/Page-Vlink-CC-Credit/input_Track Data'

2023-02-08 19:05:21 - [TEST_STEP][PASSED] - click(findTestObject("Object Repository/RecAndPlayBk/Page-Vlink-CC-Credit/input")): Object: 'Object Repository/RecAndPlayBk/Page-Vlink-CC-Credit/input' is clicked on

2023-02-08 19:05:21 - [MESSAGE][PASSED] - Object: 'Object Repository/RecAndPlayBk/Page-Vlink-CC-Credit/input' is clicked on

2023-02-08 19:05:21 - [TEST_STEP][PASSED] - if (verifyTextPresent(errorMsg, true)): null

2023-02-08 19:05:21 - [MESSAGE][PASSED] - Text 'amount' is present on page  using regular expression

2023-02-08 19:05:21 - [TEST_STEP][PASSED] - println("Error Message is present on the Confirmation page"): null

2023-02-08 19:05:21 - [TEST_STEP][PASSED] - out.println("Pass Record Number: " + row): null

2023-02-08 19:05:21 - [TEST_STEP][PASSED] - resText = "Pass": null

2023-02-08 19:05:21 - [TEST_STEP][PASSED] - pages.WriteExcel.demoKey(resText, datText, resColumn, datCloumn, fileLoc, nameSheet, row): pages.WriteExcel.demoKey is PASSED

2023-02-08 19:05:22 - [MESSAGE][PASSED] - pages.WriteExcel.demoKey is PASSED

2023-02-08 19:05:22 - [TEST_STEP][PASSED] - ExecuteTC = findTestData(dataFile).getValue("Execute", row): null

2023-02-08 19:05:22 - [TEST_STEP][PASSED] - out.println("Value of Execute is : " + ExecuteTC): null

2023-02-08 19:05:22 - [TEST_STEP][PASSED] - if (ExecuteTC.equalsIgnoreCase("Y")): null

2023-02-08 19:05:22 - [TEST_STEP][PASSED] - out.println("Begin Record Number: " + row): null

2023-02-08 19:05:22 - [TEST_STEP][PASSED] - today = new java.util.Date(): null

2023-02-08 19:05:22 - [TEST_STEP][PASSED] - println(today): null

2023-02-08 19:05:22 - [TEST_STEP][PASSED] - datText = today: null

2023-02-08 19:05:22 - [TEST_STEP][PASSED] - errorMsg = findTestData(dataFile).getValue("ErrorMsg", row): null

2023-02-08 19:05:22 - [TEST_STEP][PASSED] - appID = findTestData(dataFile).getValue("AppID", row): null

2023-02-08 19:05:22 - [TEST_STEP][PASSED] - username = findTestData(dataFile).getValue("Username", row): null

2023-02-08 19:05:22 - [TEST_STEP][PASSED] - password = findTestData(dataFile).getValue("Password", row): null

2023-02-08 19:05:22 - [TEST_STEP][PASSED] - tranType = findTestData(dataFile).getValue("TranType", row): null

2023-02-08 19:05:22 - [TEST_STEP][PASSED] - mv = findTestData(dataFile).getValue("MV", row): null

2023-02-08 19:05:22 - [TEST_STEP][PASSED] - resFormat = findTestData(dataFile).getValue("ResFormat", row): null

2023-02-08 19:05:22 - [TEST_STEP][PASSED] - tranxID = findTestData(dataFile).getValue("TranxID", row): null

2023-02-08 19:05:22 - [TEST_STEP][PASSED] - amount = findTestData(dataFile).getValue("Amount", row): null

2023-02-08 19:05:22 - [TEST_STEP][PASSED] - openBrowser(VLinkURL + "CC_credit.html"): Browser is opened with url: 'https://dev-algorithm.govolution.com/vlinktest/QA/version_2_0/CC_credit.html'

2023-02-08 19:05:22 - [MESSAGE][WARNING] - A browser is already opened. Closing browser and opening a new one

2023-02-08 19:05:23 - [MESSAGE][INFO] - Starting 'Chrome' driver

2023-02-08 19:05:23 - [MESSAGE][INFO] - User set preference: ['acceptInsecureCerts', 'true']

2023-02-08 19:05:23 - [MESSAGE][INFO] - Action delay is set to 0 milliseconds

2023-02-08 19:05:25 - [MESSAGE][PASSED] - Browser is opened with url: 'https://dev-algorithm.govolution.com/vlinktest/QA/version_2_0/CC_credit.html'

2023-02-08 19:05:25 - [TEST_STEP][PASSED] - maximizeWindow(): Current window maximized

2023-02-08 19:05:25 - [MESSAGE][PASSED] - Current window maximized

2023-02-08 19:05:25 - [TEST_STEP][PASSED] - maximizeWindow(): Current window maximized

2023-02-08 19:05:25 - [MESSAGE][PASSED] - Current window maximized

2023-02-08 19:05:25 - [TEST_STEP][PASSED] - setText(findTestObject("Object Repository/RecAndPlayBk/Page-Vlink-CC-Credit/input_Transaction Type"), tranType): Text '102' is set on object 'Object Repository/RecAndPlayBk/Page-Vlink-CC-Credit/input_Transaction Type'

2023-02-08 19:05:26 - [MESSAGE][PASSED] - Text '102' is set on object 'Object Repository/RecAndPlayBk/Page-Vlink-CC-Credit/input_Transaction Type'

2023-02-08 19:05:26 - [TEST_STEP][PASSED] - setText(findTestObject("Object Repository/RecAndPlayBk/Page-Vlink-CC-Credit/input_Message Version"), mv): Text '2.0C' is set on object 'Object Repository/RecAndPlayBk/Page-Vlink-CC-Credit/input_Message Version'

2023-02-08 19:05:26 - [MESSAGE][PASSED] - Text '2.0C' is set on object 'Object Repository/RecAndPlayBk/Page-Vlink-CC-Credit/input_Message Version'

2023-02-08 19:05:26 - [TEST_STEP][PASSED] - genRemID = RandomStringUtils.random(12, true, true): null

2023-02-08 19:05:26 - [TEST_STEP][PASSED] - setText(findTestObject("Object Repository/RecAndPlayBk/Page-Vlink-CC-Credit/input_Remittance Id"), genRemID): Text 'eXoj7BnQv9Xg' is set on object 'Object Repository/RecAndPlayBk/Page-Vlink-CC-Credit/input_Remittance Id'

2023-02-08 19:05:27 - [MESSAGE][PASSED] - Text 'eXoj7BnQv9Xg' is set on object 'Object Repository/RecAndPlayBk/Page-Vlink-CC-Credit/input_Remittance Id'

2023-02-08 19:05:27 - [TEST_STEP][PASSED] - setText(findTestObject("Object Repository/RecAndPlayBk/Page-Vlink-CC-Credit/input_Application Id"), appID): Text '234' is set on object 'Object Repository/RecAndPlayBk/Page-Vlink-CC-Credit/input_Application Id'

2023-02-08 19:05:28 - [MESSAGE][PASSED] - Text '234' is set on object 'Object Repository/RecAndPlayBk/Page-Vlink-CC-Credit/input_Application Id'

2023-02-08 19:05:28 - [TEST_STEP][PASSED] - setText(findTestObject("Object Repository/RecAndPlayBk/Page-Vlink-CC-Credit/input_Username"), username): Text 'username' is set on object 'Object Repository/RecAndPlayBk/Page-Vlink-CC-Credit/input_Username'

2023-02-08 19:05:28 - [MESSAGE][PASSED] - Text 'username' is set on object 'Object Repository/RecAndPlayBk/Page-Vlink-CC-Credit/input_Username'

2023-02-08 19:05:28 - [TEST_STEP][PASSED] - setText(findTestObject("Object Repository/RecAndPlayBk/Page-Vlink-CC-Credit/input_Password"), password): Text 'password' is set on object 'Object Repository/RecAndPlayBk/Page-Vlink-CC-Credit/input_Password'

2023-02-08 19:05:29 - [MESSAGE][PASSED] - Text 'password' is set on object 'Object Repository/RecAndPlayBk/Page-Vlink-CC-Credit/input_Password'

2023-02-08 19:05:29 - [TEST_STEP][PASSED] - setText(findTestObject("Object Repository/RecAndPlayBk/Page-Vlink-CC-Credit/input_Transaction ID"), tranxID): Text '' is set on object 'Object Repository/RecAndPlayBk/Page-Vlink-CC-Credit/input_Transaction ID'

2023-02-08 19:05:30 - [MESSAGE][PASSED] - Text '' is set on object 'Object Repository/RecAndPlayBk/Page-Vlink-CC-Credit/input_Transaction ID'

2023-02-08 19:05:30 - [TEST_STEP][PASSED] - setText(findTestObject("Object Repository/RecAndPlayBk/Page-Vlink-CC-Credit/input_Response Format"), resFormat): Text 'fixed_width' is set on object 'Object Repository/RecAndPlayBk/Page-Vlink-CC-Credit/input_Response Format'

2023-02-08 19:05:30 - [MESSAGE][PASSED] - Text 'fixed_width' is set on object 'Object Repository/RecAndPlayBk/Page-Vlink-CC-Credit/input_Response Format'

2023-02-08 19:05:30 - [TEST_STEP][PASSED] - setText(findTestObject("Object Repository/RecAndPlayBk/Page-Vlink-CC-Credit/input_Amount"), amount): Text '1.50' is set on object 'Object Repository/RecAndPlayBk/Page-Vlink-CC-Credit/input_Amount'

2023-02-08 19:05:31 - [MESSAGE][PASSED] - Text '1.50' is set on object 'Object Repository/RecAndPlayBk/Page-Vlink-CC-Credit/input_Amount'

2023-02-08 19:05:31 - [TEST_STEP][PASSED] - setText(findTestObject("Object Repository/RecAndPlayBk/Page-Vlink-CC-Credit/input_Card number"), ""): Text '' is set on object 'Object Repository/RecAndPlayBk/Page-Vlink-CC-Credit/input_Card number'

2023-02-08 19:05:31 - [MESSAGE][PASSED] - Text '' is set on object 'Object Repository/RecAndPlayBk/Page-Vlink-CC-Credit/input_Card number'

2023-02-08 19:05:31 - [TEST_STEP][PASSED] - setText(findTestObject("Object Repository/RecAndPlayBk/Page-Vlink-CC-Credit/input_Card ex month"), ""): Text '' is set on object 'Object Repository/RecAndPlayBk/Page-Vlink-CC-Credit/input_Card ex month'

2023-02-08 19:05:32 - [MESSAGE][PASSED] - Text '' is set on object 'Object Repository/RecAndPlayBk/Page-Vlink-CC-Credit/input_Card ex month'

2023-02-08 19:05:32 - [TEST_STEP][PASSED] - setText(findTestObject("Object Repository/RecAndPlayBk/Page-Vlink-CC-Credit/input_Card ex year"), ""): Text '' is set on object 'Object Repository/RecAndPlayBk/Page-Vlink-CC-Credit/input_Card ex year'

2023-02-08 19:05:33 - [MESSAGE][PASSED] - Text '' is set on object 'Object Repository/RecAndPlayBk/Page-Vlink-CC-Credit/input_Card ex year'

2023-02-08 19:05:33 - [TEST_STEP][PASSED] - setText(findTestObject("Object Repository/RecAndPlayBk/Page-Vlink-CC-Credit/input_Track Data"), ""): Text '' is set on object 'Object Repository/RecAndPlayBk/Page-Vlink-CC-Credit/input_Track Data'

2023-02-08 19:05:33 - [MESSAGE][PASSED] - Text '' is set on object 'Object Repository/RecAndPlayBk/Page-Vlink-CC-Credit/input_Track Data'

2023-02-08 19:05:33 - [TEST_STEP][PASSED] - click(findTestObject("Object Repository/RecAndPlayBk/Page-Vlink-CC-Credit/input")): Object: 'Object Repository/RecAndPlayBk/Page-Vlink-CC-Credit/input' is clicked on

2023-02-08 19:05:34 - [MESSAGE][PASSED] - Object: 'Object Repository/RecAndPlayBk/Page-Vlink-CC-Credit/input' is clicked on

2023-02-08 19:05:34 - [TEST_STEP][PASSED] - if (verifyTextPresent(errorMsg, true)): null

2023-02-08 19:05:34 - [MESSAGE][PASSED] - Text 'transaction_id' is present on page  using regular expression

2023-02-08 19:05:34 - [TEST_STEP][PASSED] - println("Error Message is present on the Confirmation page"): null

2023-02-08 19:05:34 - [TEST_STEP][PASSED] - out.println("Pass Record Number: " + row): null

2023-02-08 19:05:34 - [TEST_STEP][PASSED] - resText = "Pass": null

2023-02-08 19:05:34 - [TEST_STEP][PASSED] - pages.WriteExcel.demoKey(resText, datText, resColumn, datCloumn, fileLoc, nameSheet, row): pages.WriteExcel.demoKey is PASSED

2023-02-08 19:05:34 - [MESSAGE][PASSED] - pages.WriteExcel.demoKey is PASSED

2023-02-08 19:05:34 - [TEST_STEP][PASSED] - ExecuteTC = findTestData(dataFile).getValue("Execute", row): null

2023-02-08 19:05:34 - [TEST_STEP][PASSED] - out.println("Value of Execute is : " + ExecuteTC): null

2023-02-08 19:05:34 - [TEST_STEP][PASSED] - if (ExecuteTC.equalsIgnoreCase("Y")): null

2023-02-08 19:05:34 - [TEST_STEP][PASSED] - out.println("Begin Record Number: " + row): null

2023-02-08 19:05:34 - [TEST_STEP][PASSED] - today = new java.util.Date(): null

2023-02-08 19:05:34 - [TEST_STEP][PASSED] - println(today): null

2023-02-08 19:05:34 - [TEST_STEP][PASSED] - datText = today: null

2023-02-08 19:05:34 - [TEST_STEP][PASSED] - errorMsg = findTestData(dataFile).getValue("ErrorMsg", row): null

2023-02-08 19:05:34 - [TEST_STEP][PASSED] - appID = findTestData(dataFile).getValue("AppID", row): null

2023-02-08 19:05:34 - [TEST_STEP][PASSED] - username = findTestData(dataFile).getValue("Username", row): null

2023-02-08 19:05:35 - [TEST_STEP][PASSED] - password = findTestData(dataFile).getValue("Password", row): null

2023-02-08 19:05:35 - [TEST_STEP][PASSED] - tranType = findTestData(dataFile).getValue("TranType", row): null

2023-02-08 19:05:35 - [TEST_STEP][PASSED] - mv = findTestData(dataFile).getValue("MV", row): null

2023-02-08 19:05:35 - [TEST_STEP][PASSED] - resFormat = findTestData(dataFile).getValue("ResFormat", row): null

2023-02-08 19:05:35 - [TEST_STEP][PASSED] - tranxID = findTestData(dataFile).getValue("TranxID", row): null

2023-02-08 19:05:35 - [TEST_STEP][PASSED] - amount = findTestData(dataFile).getValue("Amount", row): null

2023-02-08 19:05:35 - [TEST_STEP][PASSED] - openBrowser(VLinkURL + "CC_credit.html"): Browser is opened with url: 'https://dev-algorithm.govolution.com/vlinktest/QA/version_2_0/CC_credit.html'

2023-02-08 19:05:35 - [MESSAGE][WARNING] - A browser is already opened. Closing browser and opening a new one

2023-02-08 19:05:36 - [MESSAGE][INFO] - Starting 'Chrome' driver

2023-02-08 19:05:36 - [MESSAGE][INFO] - User set preference: ['acceptInsecureCerts', 'true']

2023-02-08 19:05:36 - [MESSAGE][INFO] - Action delay is set to 0 milliseconds

2023-02-08 19:05:38 - [MESSAGE][PASSED] - Browser is opened with url: 'https://dev-algorithm.govolution.com/vlinktest/QA/version_2_0/CC_credit.html'

2023-02-08 19:05:38 - [TEST_STEP][PASSED] - maximizeWindow(): Current window maximized

2023-02-08 19:05:38 - [MESSAGE][PASSED] - Current window maximized

2023-02-08 19:05:38 - [TEST_STEP][PASSED] - maximizeWindow(): Current window maximized

2023-02-08 19:05:38 - [MESSAGE][PASSED] - Current window maximized

2023-02-08 19:05:38 - [TEST_STEP][PASSED] - setText(findTestObject("Object Repository/RecAndPlayBk/Page-Vlink-CC-Credit/input_Transaction Type"), tranType): Text '102' is set on object 'Object Repository/RecAndPlayBk/Page-Vlink-CC-Credit/input_Transaction Type'

2023-02-08 19:05:39 - [MESSAGE][PASSED] - Text '102' is set on object 'Object Repository/RecAndPlayBk/Page-Vlink-CC-Credit/input_Transaction Type'

2023-02-08 19:05:39 - [TEST_STEP][PASSED] - setText(findTestObject("Object Repository/RecAndPlayBk/Page-Vlink-CC-Credit/input_Message Version"), mv): Text '2.0C' is set on object 'Object Repository/RecAndPlayBk/Page-Vlink-CC-Credit/input_Message Version'

2023-02-08 19:05:39 - [MESSAGE][PASSED] - Text '2.0C' is set on object 'Object Repository/RecAndPlayBk/Page-Vlink-CC-Credit/input_Message Version'

2023-02-08 19:05:39 - [TEST_STEP][PASSED] - genRemID = RandomStringUtils.random(12, true, true): null

2023-02-08 19:05:39 - [TEST_STEP][PASSED] - setText(findTestObject("Object Repository/RecAndPlayBk/Page-Vlink-CC-Credit/input_Remittance Id"), genRemID): Text '7ahDo3lGnQAE' is set on object 'Object Repository/RecAndPlayBk/Page-Vlink-CC-Credit/input_Remittance Id'

2023-02-08 19:05:40 - [MESSAGE][PASSED] - Text '7ahDo3lGnQAE' is set on object 'Object Repository/RecAndPlayBk/Page-Vlink-CC-Credit/input_Remittance Id'

2023-02-08 19:05:40 - [TEST_STEP][PASSED] - setText(findTestObject("Object Repository/RecAndPlayBk/Page-Vlink-CC-Credit/input_Application Id"), appID): Text '234' is set on object 'Object Repository/RecAndPlayBk/Page-Vlink-CC-Credit/input_Application Id'

2023-02-08 19:05:40 - [MESSAGE][PASSED] - Text '234' is set on object 'Object Repository/RecAndPlayBk/Page-Vlink-CC-Credit/input_Application Id'

2023-02-08 19:05:40 - [TEST_STEP][PASSED] - setText(findTestObject("Object Repository/RecAndPlayBk/Page-Vlink-CC-Credit/input_Username"), username): Text '' is set on object 'Object Repository/RecAndPlayBk/Page-Vlink-CC-Credit/input_Username'

2023-02-08 19:05:41 - [MESSAGE][PASSED] - Text '' is set on object 'Object Repository/RecAndPlayBk/Page-Vlink-CC-Credit/input_Username'

2023-02-08 19:05:41 - [TEST_STEP][PASSED] - setText(findTestObject("Object Repository/RecAndPlayBk/Page-Vlink-CC-Credit/input_Password"), password): Text 'password' is set on object 'Object Repository/RecAndPlayBk/Page-Vlink-CC-Credit/input_Password'

2023-02-08 19:05:42 - [MESSAGE][PASSED] - Text 'password' is set on object 'Object Repository/RecAndPlayBk/Page-Vlink-CC-Credit/input_Password'

2023-02-08 19:05:42 - [TEST_STEP][PASSED] - setText(findTestObject("Object Repository/RecAndPlayBk/Page-Vlink-CC-Credit/input_Transaction ID"), tranxID): Text '123456' is set on object 'Object Repository/RecAndPlayBk/Page-Vlink-CC-Credit/input_Transaction ID'

2023-02-08 19:05:42 - [MESSAGE][PASSED] - Text '123456' is set on object 'Object Repository/RecAndPlayBk/Page-Vlink-CC-Credit/input_Transaction ID'

2023-02-08 19:05:42 - [TEST_STEP][PASSED] - setText(findTestObject("Object Repository/RecAndPlayBk/Page-Vlink-CC-Credit/input_Response Format"), resFormat): Text 'fixed_width' is set on object 'Object Repository/RecAndPlayBk/Page-Vlink-CC-Credit/input_Response Format'

2023-02-08 19:05:43 - [MESSAGE][PASSED] - Text 'fixed_width' is set on object 'Object Repository/RecAndPlayBk/Page-Vlink-CC-Credit/input_Response Format'

2023-02-08 19:05:43 - [TEST_STEP][PASSED] - setText(findTestObject("Object Repository/RecAndPlayBk/Page-Vlink-CC-Credit/input_Amount"), amount): Text '1.50' is set on object 'Object Repository/RecAndPlayBk/Page-Vlink-CC-Credit/input_Amount'

2023-02-08 19:05:44 - [MESSAGE][PASSED] - Text '1.50' is set on object 'Object Repository/RecAndPlayBk/Page-Vlink-CC-Credit/input_Amount'

2023-02-08 19:05:44 - [TEST_STEP][PASSED] - setText(findTestObject("Object Repository/RecAndPlayBk/Page-Vlink-CC-Credit/input_Card number"), ""): Text '' is set on object 'Object Repository/RecAndPlayBk/Page-Vlink-CC-Credit/input_Card number'

2023-02-08 19:05:44 - [MESSAGE][PASSED] - Text '' is set on object 'Object Repository/RecAndPlayBk/Page-Vlink-CC-Credit/input_Card number'

2023-02-08 19:05:44 - [TEST_STEP][PASSED] - setText(findTestObject("Object Repository/RecAndPlayBk/Page-Vlink-CC-Credit/input_Card ex month"), ""): Text '' is set on object 'Object Repository/RecAndPlayBk/Page-Vlink-CC-Credit/input_Card ex month'

2023-02-08 19:05:45 - [MESSAGE][PASSED] - Text '' is set on object 'Object Repository/RecAndPlayBk/Page-Vlink-CC-Credit/input_Card ex month'

2023-02-08 19:05:45 - [TEST_STEP][PASSED] - setText(findTestObject("Object Repository/RecAndPlayBk/Page-Vlink-CC-Credit/input_Card ex year"), ""): Text '' is set on object 'Object Repository/RecAndPlayBk/Page-Vlink-CC-Credit/input_Card ex year'

2023-02-08 19:05:45 - [MESSAGE][PASSED] - Text '' is set on object 'Object Repository/RecAndPlayBk/Page-Vlink-CC-Credit/input_Card ex year'

2023-02-08 19:05:45 - [TEST_STEP][PASSED] - setText(findTestObject("Object Repository/RecAndPlayBk/Page-Vlink-CC-Credit/input_Track Data"), ""): Text '' is set on object 'Object Repository/RecAndPlayBk/Page-Vlink-CC-Credit/input_Track Data'

2023-02-08 19:05:46 - [MESSAGE][PASSED] - Text '' is set on object 'Object Repository/RecAndPlayBk/Page-Vlink-CC-Credit/input_Track Data'

2023-02-08 19:05:46 - [TEST_STEP][PASSED] - click(findTestObject("Object Repository/RecAndPlayBk/Page-Vlink-CC-Credit/input")): Object: 'Object Repository/RecAndPlayBk/Page-Vlink-CC-Credit/input' is clicked on

2023-02-08 19:05:47 - [MESSAGE][PASSED] - Object: 'Object Repository/RecAndPlayBk/Page-Vlink-CC-Credit/input' is clicked on

2023-02-08 19:05:47 - [TEST_STEP][PASSED] - if (verifyTextPresent(errorMsg, true)): null

2023-02-08 19:05:47 - [MESSAGE][PASSED] - Text 'Signon authentication error' is present on page  using regular expression

2023-02-08 19:05:47 - [TEST_STEP][PASSED] - println("Error Message is present on the Confirmation page"): null

2023-02-08 19:05:47 - [TEST_STEP][PASSED] - out.println("Pass Record Number: " + row): null

2023-02-08 19:05:47 - [TEST_STEP][PASSED] - resText = "Pass": null

2023-02-08 19:05:47 - [TEST_STEP][PASSED] - pages.WriteExcel.demoKey(resText, datText, resColumn, datCloumn, fileLoc, nameSheet, row): pages.WriteExcel.demoKey is PASSED

2023-02-08 19:05:47 - [MESSAGE][PASSED] - pages.WriteExcel.demoKey is PASSED

2023-02-08 19:05:47 - [TEST_STEP][PASSED] - ExecuteTC = findTestData(dataFile).getValue("Execute", row): null

2023-02-08 19:05:47 - [TEST_STEP][PASSED] - out.println("Value of Execute is : " + ExecuteTC): null

2023-02-08 19:05:47 - [TEST_STEP][PASSED] - if (ExecuteTC.equalsIgnoreCase("Y")): null

2023-02-08 19:05:47 - [TEST_STEP][PASSED] - out.println("Begin Record Number: " + row): null

2023-02-08 19:05:47 - [TEST_STEP][PASSED] - today = new java.util.Date(): null

2023-02-08 19:05:47 - [TEST_STEP][PASSED] - println(today): null

2023-02-08 19:05:47 - [TEST_STEP][PASSED] - datText = today: null

2023-02-08 19:05:47 - [TEST_STEP][PASSED] - errorMsg = findTestData(dataFile).getValue("ErrorMsg", row): null

2023-02-08 19:05:47 - [TEST_STEP][PASSED] - appID = findTestData(dataFile).getValue("AppID", row): null

2023-02-08 19:05:47 - [TEST_STEP][PASSED] - username = findTestData(dataFile).getValue("Username", row): null

2023-02-08 19:05:47 - [TEST_STEP][PASSED] - password = findTestData(dataFile).getValue("Password", row): null

2023-02-08 19:05:47 - [TEST_STEP][PASSED] - tranType = findTestData(dataFile).getValue("TranType", row): null

2023-02-08 19:05:47 - [TEST_STEP][PASSED] - mv = findTestData(dataFile).getValue("MV", row): null

2023-02-08 19:05:48 - [TEST_STEP][PASSED] - resFormat = findTestData(dataFile).getValue("ResFormat", row): null

2023-02-08 19:05:48 - [TEST_STEP][PASSED] - tranxID = findTestData(dataFile).getValue("TranxID", row): null

2023-02-08 19:05:48 - [TEST_STEP][PASSED] - amount = findTestData(dataFile).getValue("Amount", row): null

2023-02-08 19:05:48 - [TEST_STEP][PASSED] - openBrowser(VLinkURL + "CC_credit.html"): Browser is opened with url: 'https://dev-algorithm.govolution.com/vlinktest/QA/version_2_0/CC_credit.html'

2023-02-08 19:05:48 - [MESSAGE][WARNING] - A browser is already opened. Closing browser and opening a new one

2023-02-08 19:05:49 - [MESSAGE][INFO] - Starting 'Chrome' driver

2023-02-08 19:05:49 - [MESSAGE][INFO] - User set preference: ['acceptInsecureCerts', 'true']

2023-02-08 19:05:49 - [MESSAGE][INFO] - Action delay is set to 0 milliseconds

2023-02-08 19:05:51 - [MESSAGE][PASSED] - Browser is opened with url: 'https://dev-algorithm.govolution.com/vlinktest/QA/version_2_0/CC_credit.html'

2023-02-08 19:05:51 - [TEST_STEP][PASSED] - maximizeWindow(): Current window maximized

2023-02-08 19:05:51 - [MESSAGE][PASSED] - Current window maximized

2023-02-08 19:05:51 - [TEST_STEP][PASSED] - maximizeWindow(): Current window maximized

2023-02-08 19:05:51 - [MESSAGE][PASSED] - Current window maximized

2023-02-08 19:05:51 - [TEST_STEP][PASSED] - setText(findTestObject("Object Repository/RecAndPlayBk/Page-Vlink-CC-Credit/input_Transaction Type"), tranType): Text '102' is set on object 'Object Repository/RecAndPlayBk/Page-Vlink-CC-Credit/input_Transaction Type'

2023-02-08 19:05:51 - [MESSAGE][PASSED] - Text '102' is set on object 'Object Repository/RecAndPlayBk/Page-Vlink-CC-Credit/input_Transaction Type'

2023-02-08 19:05:51 - [TEST_STEP][PASSED] - setText(findTestObject("Object Repository/RecAndPlayBk/Page-Vlink-CC-Credit/input_Message Version"), mv): Text '2.0C' is set on object 'Object Repository/RecAndPlayBk/Page-Vlink-CC-Credit/input_Message Version'

2023-02-08 19:05:52 - [MESSAGE][PASSED] - Text '2.0C' is set on object 'Object Repository/RecAndPlayBk/Page-Vlink-CC-Credit/input_Message Version'

2023-02-08 19:05:52 - [TEST_STEP][PASSED] - genRemID = RandomStringUtils.random(12, true, true): null

2023-02-08 19:05:52 - [TEST_STEP][PASSED] - setText(findTestObject("Object Repository/RecAndPlayBk/Page-Vlink-CC-Credit/input_Remittance Id"), genRemID): Text 'PKm2dhRVLDTM' is set on object 'Object Repository/RecAndPlayBk/Page-Vlink-CC-Credit/input_Remittance Id'

2023-02-08 19:05:53 - [MESSAGE][PASSED] - Text 'PKm2dhRVLDTM' is set on object 'Object Repository/RecAndPlayBk/Page-Vlink-CC-Credit/input_Remittance Id'

2023-02-08 19:05:53 - [TEST_STEP][PASSED] - setText(findTestObject("Object Repository/RecAndPlayBk/Page-Vlink-CC-Credit/input_Application Id"), appID): Text '234' is set on object 'Object Repository/RecAndPlayBk/Page-Vlink-CC-Credit/input_Application Id'

2023-02-08 19:05:53 - [MESSAGE][PASSED] - Text '234' is set on object 'Object Repository/RecAndPlayBk/Page-Vlink-CC-Credit/input_Application Id'

2023-02-08 19:05:53 - [TEST_STEP][PASSED] - setText(findTestObject("Object Repository/RecAndPlayBk/Page-Vlink-CC-Credit/input_Username"), username): Text 'username' is set on object 'Object Repository/RecAndPlayBk/Page-Vlink-CC-Credit/input_Username'

2023-02-08 19:05:54 - [MESSAGE][PASSED] - Text 'username' is set on object 'Object Repository/RecAndPlayBk/Page-Vlink-CC-Credit/input_Username'

2023-02-08 19:05:54 - [TEST_STEP][PASSED] - setText(findTestObject("Object Repository/RecAndPlayBk/Page-Vlink-CC-Credit/input_Password"), password): Text '' is set on object 'Object Repository/RecAndPlayBk/Page-Vlink-CC-Credit/input_Password'

2023-02-08 19:05:55 - [MESSAGE][PASSED] - Text '' is set on object 'Object Repository/RecAndPlayBk/Page-Vlink-CC-Credit/input_Password'

2023-02-08 19:05:55 - [TEST_STEP][PASSED] - setText(findTestObject("Object Repository/RecAndPlayBk/Page-Vlink-CC-Credit/input_Transaction ID"), tranxID): Text '123456' is set on object 'Object Repository/RecAndPlayBk/Page-Vlink-CC-Credit/input_Transaction ID'

2023-02-08 19:05:55 - [MESSAGE][PASSED] - Text '123456' is set on object 'Object Repository/RecAndPlayBk/Page-Vlink-CC-Credit/input_Transaction ID'

2023-02-08 19:05:55 - [TEST_STEP][PASSED] - setText(findTestObject("Object Repository/RecAndPlayBk/Page-Vlink-CC-Credit/input_Response Format"), resFormat): Text 'fixed_width' is set on object 'Object Repository/RecAndPlayBk/Page-Vlink-CC-Credit/input_Response Format'

2023-02-08 19:05:56 - [MESSAGE][PASSED] - Text 'fixed_width' is set on object 'Object Repository/RecAndPlayBk/Page-Vlink-CC-Credit/input_Response Format'

2023-02-08 19:05:56 - [TEST_STEP][PASSED] - setText(findTestObject("Object Repository/RecAndPlayBk/Page-Vlink-CC-Credit/input_Amount"), amount): Text '1.50' is set on object 'Object Repository/RecAndPlayBk/Page-Vlink-CC-Credit/input_Amount'

2023-02-08 19:05:56 - [MESSAGE][PASSED] - Text '1.50' is set on object 'Object Repository/RecAndPlayBk/Page-Vlink-CC-Credit/input_Amount'

2023-02-08 19:05:56 - [TEST_STEP][PASSED] - setText(findTestObject("Object Repository/RecAndPlayBk/Page-Vlink-CC-Credit/input_Card number"), ""): Text '' is set on object 'Object Repository/RecAndPlayBk/Page-Vlink-CC-Credit/input_Card number'

2023-02-08 19:05:57 - [MESSAGE][PASSED] - Text '' is set on object 'Object Repository/RecAndPlayBk/Page-Vlink-CC-Credit/input_Card number'

2023-02-08 19:05:57 - [TEST_STEP][PASSED] - setText(findTestObject("Object Repository/RecAndPlayBk/Page-Vlink-CC-Credit/input_Card ex month"), ""): Text '' is set on object 'Object Repository/RecAndPlayBk/Page-Vlink-CC-Credit/input_Card ex month'

2023-02-08 19:05:58 - [MESSAGE][PASSED] - Text '' is set on object 'Object Repository/RecAndPlayBk/Page-Vlink-CC-Credit/input_Card ex month'

2023-02-08 19:05:58 - [TEST_STEP][PASSED] - setText(findTestObject("Object Repository/RecAndPlayBk/Page-Vlink-CC-Credit/input_Card ex year"), ""): Text '' is set on object 'Object Repository/RecAndPlayBk/Page-Vlink-CC-Credit/input_Card ex year'

2023-02-08 19:05:58 - [MESSAGE][PASSED] - Text '' is set on object 'Object Repository/RecAndPlayBk/Page-Vlink-CC-Credit/input_Card ex year'

2023-02-08 19:05:58 - [TEST_STEP][PASSED] - setText(findTestObject("Object Repository/RecAndPlayBk/Page-Vlink-CC-Credit/input_Track Data"), ""): Text '' is set on object 'Object Repository/RecAndPlayBk/Page-Vlink-CC-Credit/input_Track Data'

2023-02-08 19:05:59 - [MESSAGE][PASSED] - Text '' is set on object 'Object Repository/RecAndPlayBk/Page-Vlink-CC-Credit/input_Track Data'

2023-02-08 19:05:59 - [TEST_STEP][PASSED] - click(findTestObject("Object Repository/RecAndPlayBk/Page-Vlink-CC-Credit/input")): Object: 'Object Repository/RecAndPlayBk/Page-Vlink-CC-Credit/input' is clicked on

2023-02-08 19:05:59 - [MESSAGE][PASSED] - Object: 'Object Repository/RecAndPlayBk/Page-Vlink-CC-Credit/input' is clicked on

2023-02-08 19:05:59 - [TEST_STEP][PASSED] - if (verifyTextPresent(errorMsg, true)): null

2023-02-08 19:06:00 - [MESSAGE][PASSED] - Text 'Signon authentication error' is present on page  using regular expression

2023-02-08 19:06:00 - [TEST_STEP][PASSED] - println("Error Message is present on the Confirmation page"): null

2023-02-08 19:06:00 - [TEST_STEP][PASSED] - out.println("Pass Record Number: " + row): null

2023-02-08 19:06:00 - [TEST_STEP][PASSED] - resText = "Pass": null

2023-02-08 19:06:00 - [TEST_STEP][PASSED] - pages.WriteExcel.demoKey(resText, datText, resColumn, datCloumn, fileLoc, nameSheet, row): pages.WriteExcel.demoKey is PASSED

2023-02-08 19:06:00 - [MESSAGE][PASSED] - pages.WriteExcel.demoKey is PASSED

2023-02-08 19:06:00 - [TEST_STEP][PASSED] - ExecuteTC = findTestData(dataFile).getValue("Execute", row): null

2023-02-08 19:06:00 - [TEST_STEP][PASSED] - out.println("Value of Execute is : " + ExecuteTC): null

2023-02-08 19:06:00 - [TEST_STEP][PASSED] - if (ExecuteTC.equalsIgnoreCase("Y")): null]]></system-out>
         <system-err><![CDATA[]]></system-err>
      </testcase>
      <testcase name="Test Cases/RecAndPlayBk/VLink/Debit" time="99.205" classname="Test Cases/RecAndPlayBk/VLink/Debit" status="PASSED">
         <system-out><![CDATA[2023-02-08 19:06:00 - [TEST_CASE][PASSED] - Test Cases/RecAndPlayBk/VLink/Debit: Test Cases/RecAndPlayBk/VLink/Debit

2023-02-08 19:06:00 - [TEST_STEP][PASSED] - executionProfile = getExecutionProfile(): null

2023-02-08 19:06:00 - [TEST_STEP][PASSED] - out.println("executionProfile : " + executionProfile): null

2023-02-08 19:06:00 - [TEST_STEP][PASSED] - appName = <not implemented yet for class: org.codehaus.groovy.ast.expr.EmptyExpression>: null

2023-02-08 19:06:00 - [TEST_STEP][PASSED] - appID = <not implemented yet for class: org.codehaus.groovy.ast.expr.EmptyExpression>: null

2023-02-08 19:06:00 - [TEST_STEP][PASSED] - username = <not implemented yet for class: org.codehaus.groovy.ast.expr.EmptyExpression>: null

2023-02-08 19:06:00 - [TEST_STEP][PASSED] - password = <not implemented yet for class: org.codehaus.groovy.ast.expr.EmptyExpression>: null

2023-02-08 19:06:00 - [TEST_STEP][PASSED] - cardNameV = <not implemented yet for class: org.codehaus.groovy.ast.expr.EmptyExpression>: null

2023-02-08 19:06:00 - [TEST_STEP][PASSED] - al1V = <not implemented yet for class: org.codehaus.groovy.ast.expr.EmptyExpression>: null

2023-02-08 19:06:00 - [TEST_STEP][PASSED] - al2V = <not implemented yet for class: org.codehaus.groovy.ast.expr.EmptyExpression>: null

2023-02-08 19:06:00 - [TEST_STEP][PASSED] - zipV = <not implemented yet for class: org.codehaus.groovy.ast.expr.EmptyExpression>: null

2023-02-08 19:06:00 - [TEST_STEP][PASSED] - cardTypeV = <not implemented yet for class: org.codehaus.groovy.ast.expr.EmptyExpression>: null

2023-02-08 19:06:00 - [TEST_STEP][PASSED] - last4V = <not implemented yet for class: org.codehaus.groovy.ast.expr.EmptyExpression>: null

2023-02-08 19:06:00 - [TEST_STEP][PASSED] - resText = "Fail": null

2023-02-08 19:06:00 - [TEST_STEP][PASSED] - resColumn = "Result": null

2023-02-08 19:06:00 - [TEST_STEP][PASSED] - datCloumn = "Date": null

2023-02-08 19:06:00 - [TEST_STEP][PASSED] - fileLoc = "KatalonData/VLinkSmokeDataACH.xlsx": null

2023-02-08 19:06:00 - [TEST_STEP][PASSED] - numOfRows = <not implemented yet for class: org.codehaus.groovy.ast.expr.EmptyExpression>: null

2023-02-08 19:06:00 - [TEST_STEP][PASSED] - dataFile = <not implemented yet for class: org.codehaus.groovy.ast.expr.EmptyExpression>: null

2023-02-08 19:06:00 - [TEST_STEP][PASSED] - nameSheet = <not implemented yet for class: org.codehaus.groovy.ast.expr.EmptyExpression>: null

2023-02-08 19:06:00 - [TEST_STEP][PASSED] - nameSheet = "Debit": null

2023-02-08 19:06:00 - [TEST_STEP][PASSED] - numOfRows = findTestData("QA/VLinkTestData/VLinkDebitData").getRowNumbers(): null

2023-02-08 19:06:01 - [TEST_STEP][PASSED] - println("Number of Records: " + numOfRows): null

2023-02-08 19:06:01 - [TEST_STEP][PASSED] - dataFile = "QA/VLinkTestData/VLinkDebitData": null

2023-02-08 19:06:01 - [TEST_STEP][PASSED] - for ([row = 1, row <= numOfRows, (row++)]): null

2023-02-08 19:06:01 - [TEST_STEP][PASSED] - ExecuteTC = findTestData(dataFile).getValue("Execute", row): null

2023-02-08 19:06:01 - [TEST_STEP][PASSED] - out.println("Value of Execute is : " + ExecuteTC): null

2023-02-08 19:06:01 - [TEST_STEP][PASSED] - switch (executionProfile): null

2023-02-08 19:06:01 - [TEST_STEP][PASSED] - case "QAProfile":: null

2023-02-08 19:06:01 - [TEST_STEP][PASSED] - appID = findTestData(dataFile).getValue("AppIDQA", row): null

2023-02-08 19:06:01 - [TEST_STEP][PASSED] - username = findTestData(dataFile).getValue("UsernameQA", row): null

2023-02-08 19:06:01 - [TEST_STEP][PASSED] - password = findTestData(dataFile).getValue("PasswordQA", row): null

2023-02-08 19:06:01 - [TEST_STEP][PASSED] - break: null

2023-02-08 19:06:01 - [TEST_STEP][PASSED] - if (ExecuteTC.equalsIgnoreCase("Y")): null

2023-02-08 19:06:01 - [TEST_STEP][PASSED] - out.println("Begin Record Number: " + row): null

2023-02-08 19:06:01 - [TEST_STEP][PASSED] - today = new java.util.Date(): null

2023-02-08 19:06:01 - [TEST_STEP][PASSED] - println(today): null

2023-02-08 19:06:01 - [TEST_STEP][PASSED] - datText = today: null

2023-02-08 19:06:01 - [TEST_STEP][PASSED] - checkType = findTestData(dataFile).getValue("CheckType", row): null

2023-02-08 19:06:01 - [TEST_STEP][PASSED] - acNumber = findTestData(dataFile).getValue("AcNumber", row): null

2023-02-08 19:06:01 - [TEST_STEP][PASSED] - company = findTestData(dataFile).getValue("Company", row): null

2023-02-08 19:06:01 - [TEST_STEP][PASSED] - acType = findTestData(dataFile).getValue("AcType", row): null

2023-02-08 19:06:01 - [TEST_STEP][PASSED] - rtn = findTestData(dataFile).getValue("RTN", row): null

2023-02-08 19:06:01 - [TEST_STEP][PASSED] - amount = findTestData(dataFile).getValue("Amount", row): null

2023-02-08 19:06:01 - [TEST_STEP][PASSED] - sec = findTestData(dataFile).getValue("SEC", row): null

2023-02-08 19:06:01 - [TEST_STEP][PASSED] - openBrowser(VLinkURL + "debit.html"): Browser is opened with url: 'https://dev-algorithm.govolution.com/vlinktest/QA/version_2_0/debit.html'

2023-02-08 19:06:01 - [MESSAGE][WARNING] - A browser is already opened. Closing browser and opening a new one

2023-02-08 19:06:02 - [MESSAGE][INFO] - Starting 'Chrome' driver

2023-02-08 19:06:02 - [MESSAGE][INFO] - User set preference: ['acceptInsecureCerts', 'true']

2023-02-08 19:06:02 - [MESSAGE][INFO] - Action delay is set to 0 milliseconds

2023-02-08 19:06:04 - [MESSAGE][PASSED] - Browser is opened with url: 'https://dev-algorithm.govolution.com/vlinktest/QA/version_2_0/debit.html'

2023-02-08 19:06:04 - [TEST_STEP][PASSED] - maximizeWindow(): Current window maximized

2023-02-08 19:06:04 - [MESSAGE][PASSED] - Current window maximized

2023-02-08 19:06:04 - [TEST_STEP][PASSED] - genRemID = RandomStringUtils.random(12, true, true): null

2023-02-08 19:06:04 - [TEST_STEP][PASSED] - setText(findTestObject("RecAndPlayBk/Page-Vlink-Debit/input_Remittance Id"), genRemID): Text 'G0RXnLfJDaNI' is set on object 'Object Repository/RecAndPlayBk/Page-Vlink-Debit/input_Remittance Id'

2023-02-08 19:06:05 - [MESSAGE][PASSED] - Text 'G0RXnLfJDaNI' is set on object 'Object Repository/RecAndPlayBk/Page-Vlink-Debit/input_Remittance Id'

2023-02-08 19:06:05 - [TEST_STEP][PASSED] - setText(findTestObject("RecAndPlayBk/Page-Vlink-Debit/input_Application Id"), appID): Text '234' is set on object 'Object Repository/RecAndPlayBk/Page-Vlink-Debit/input_Application Id'

2023-02-08 19:06:05 - [MESSAGE][PASSED] - Text '234' is set on object 'Object Repository/RecAndPlayBk/Page-Vlink-Debit/input_Application Id'

2023-02-08 19:06:05 - [TEST_STEP][PASSED] - setText(findTestObject("RecAndPlayBk/Page-Vlink-Debit/input_Username"), username): Text 'username' is set on object 'Object Repository/RecAndPlayBk/Page-Vlink-Debit/input_Username'

2023-02-08 19:06:06 - [MESSAGE][PASSED] - Text 'username' is set on object 'Object Repository/RecAndPlayBk/Page-Vlink-Debit/input_Username'

2023-02-08 19:06:06 - [TEST_STEP][PASSED] - setText(findTestObject("RecAndPlayBk/Page-Vlink-Debit/input_Password"), password): Text 'password' is set on object 'Object Repository/RecAndPlayBk/Page-Vlink-Debit/input_Password'

2023-02-08 19:06:07 - [MESSAGE][PASSED] - Text 'password' is set on object 'Object Repository/RecAndPlayBk/Page-Vlink-Debit/input_Password'

2023-02-08 19:06:07 - [TEST_STEP][PASSED] - setText(findTestObject("RecAndPlayBk/Page-Vlink-Debit/input_Check Type"), checkType): Text 'P' is set on object 'Object Repository/RecAndPlayBk/Page-Vlink-Debit/input_Check Type'

2023-02-08 19:06:07 - [MESSAGE][PASSED] - Text 'P' is set on object 'Object Repository/RecAndPlayBk/Page-Vlink-Debit/input_Check Type'

2023-02-08 19:06:07 - [TEST_STEP][PASSED] - setText(findTestObject("RecAndPlayBk/Page-Vlink-Debit/input_Account_check"), acNumber): Text '58963214' is set on object 'Object Repository/RecAndPlayBk/Page-Vlink-Debit/input_Account_check'

2023-02-08 19:06:08 - [MESSAGE][PASSED] - Text '58963214' is set on object 'Object Repository/RecAndPlayBk/Page-Vlink-Debit/input_Account_check'

2023-02-08 19:06:08 - [TEST_STEP][PASSED] - setText(findTestObject("RecAndPlayBk/Page-Vlink-Debit/input_Company_check"), company): Text '' is set on object 'Object Repository/RecAndPlayBk/Page-Vlink-Debit/input_Company_check'

2023-02-08 19:06:08 - [MESSAGE][PASSED] - Text '' is set on object 'Object Repository/RecAndPlayBk/Page-Vlink-Debit/input_Company_check'

2023-02-08 19:06:08 - [TEST_STEP][PASSED] - setText(findTestObject("RecAndPlayBk/Page-Vlink-Debit/input_Account Type"), acType): Text '1' is set on object 'Object Repository/RecAndPlayBk/Page-Vlink-Debit/input_Account Type'

2023-02-08 19:06:09 - [MESSAGE][PASSED] - Text '1' is set on object 'Object Repository/RecAndPlayBk/Page-Vlink-Debit/input_Account Type'

2023-02-08 19:06:09 - [TEST_STEP][PASSED] - setText(findTestObject("RecAndPlayBk/Page-Vlink-Debit/input_Routing Number"), rtn): Text '256072691' is set on object 'Object Repository/RecAndPlayBk/Page-Vlink-Debit/input_Routing Number'

2023-02-08 19:06:10 - [MESSAGE][PASSED] - Text '256072691' is set on object 'Object Repository/RecAndPlayBk/Page-Vlink-Debit/input_Routing Number'

2023-02-08 19:06:10 - [TEST_STEP][PASSED] - setText(findTestObject("RecAndPlayBk/Page-Vlink-Debit/input_Amount"), amount): Text '12.50' is set on object 'Object Repository/RecAndPlayBk/Page-Vlink-Debit/input_Amount'

2023-02-08 19:06:10 - [MESSAGE][PASSED] - Text '12.50' is set on object 'Object Repository/RecAndPlayBk/Page-Vlink-Debit/input_Amount'

2023-02-08 19:06:10 - [TEST_STEP][PASSED] - setText(findTestObject("RecAndPlayBk/Page-Vlink-Debit/input_Check Email"), ""): Text '' is set on object 'Object Repository/RecAndPlayBk/Page-Vlink-Debit/input_Check Email'

2023-02-08 19:06:11 - [MESSAGE][PASSED] - Text '' is set on object 'Object Repository/RecAndPlayBk/Page-Vlink-Debit/input_Check Email'

2023-02-08 19:06:11 - [TEST_STEP][PASSED] - setText(findTestObject("Object Repository/RecAndPlayBk/Page-Vlink-Debit/input_concat(CheckWriter, , s SSN)_check_ssn"), ""): Text '' is set on object 'Object Repository/RecAndPlayBk/Page-Vlink-Debit/input_concat(CheckWriter, , s SSN)_check_ssn'

2023-02-08 19:06:12 - [MESSAGE][PASSED] - Text '' is set on object 'Object Repository/RecAndPlayBk/Page-Vlink-Debit/input_concat(CheckWriter, , s SSN)_check_ssn'

2023-02-08 19:06:12 - [TEST_STEP][PASSED] - setText(findTestObject("Object Repository/RecAndPlayBk/Page-Vlink-Debit/input_concat(CheckWriter, , s License Numbe_020fef"), ""): Text '' is set on object 'Object Repository/RecAndPlayBk/Page-Vlink-Debit/input_concat(CheckWriter, , s License Numbe_020fef'

2023-02-08 19:06:12 - [MESSAGE][PASSED] - Text '' is set on object 'Object Repository/RecAndPlayBk/Page-Vlink-Debit/input_concat(CheckWriter, , s License Numbe_020fef'

2023-02-08 19:06:12 - [TEST_STEP][PASSED] - setText(findTestObject("Object Repository/RecAndPlayBk/Page-Vlink-Debit/input_concat(CheckWriter, , s License State_21e3e7"), ""): Text '' is set on object 'Object Repository/RecAndPlayBk/Page-Vlink-Debit/input_concat(CheckWriter, , s License State_21e3e7'

2023-02-08 19:06:13 - [MESSAGE][PASSED] - Text '' is set on object 'Object Repository/RecAndPlayBk/Page-Vlink-Debit/input_concat(CheckWriter, , s License State_21e3e7'

2023-02-08 19:06:13 - [TEST_STEP][PASSED] - setText(findTestObject("RecAndPlayBk/Page-Vlink-Debit/input_Standard Entry Class"), sec): Text 'WEB' is set on object 'Object Repository/RecAndPlayBk/Page-Vlink-Debit/input_Standard Entry Class'

2023-02-08 19:06:14 - [MESSAGE][PASSED] - Text 'WEB' is set on object 'Object Repository/RecAndPlayBk/Page-Vlink-Debit/input_Standard Entry Class'

2023-02-08 19:06:14 - [TEST_STEP][PASSED] - click(findTestObject("Object Repository/RecAndPlayBk/Page-Vlink-Debit/input")): Object: 'Object Repository/RecAndPlayBk/Page-Vlink-Debit/input' is clicked on

2023-02-08 19:06:15 - [MESSAGE][PASSED] - Object: 'Object Repository/RecAndPlayBk/Page-Vlink-Debit/input' is clicked on

2023-02-08 19:06:15 - [TEST_STEP][PASSED] - if (verifyTextPresent("Transaction approved, no errors", true)): null

2023-02-08 19:06:15 - [MESSAGE][PASSED] - Text 'Transaction approved, no errors' is present on page  using regular expression

2023-02-08 19:06:15 - [TEST_STEP][PASSED] - println("Transaction Approved, no errors text is present on the Confirmation page"): null

2023-02-08 19:06:15 - [TEST_STEP][PASSED] - out.println("Pass Record Number: " + row): null

2023-02-08 19:06:15 - [TEST_STEP][PASSED] - resText = "Pass": null

2023-02-08 19:06:15 - [TEST_STEP][PASSED] - pages.WriteExcel.demoKey(resText, datText, resColumn, datCloumn, fileLoc, nameSheet, row): pages.WriteExcel.demoKey is PASSED

2023-02-08 19:06:15 - [MESSAGE][PASSED] - pages.WriteExcel.demoKey is PASSED

2023-02-08 19:06:15 - [TEST_STEP][PASSED] - ExecuteTC = findTestData(dataFile).getValue("Execute", row): null

2023-02-08 19:06:15 - [TEST_STEP][PASSED] - out.println("Value of Execute is : " + ExecuteTC): null

2023-02-08 19:06:15 - [TEST_STEP][PASSED] - switch (executionProfile): null

2023-02-08 19:06:15 - [TEST_STEP][PASSED] - case "QAProfile":: null

2023-02-08 19:06:15 - [TEST_STEP][PASSED] - appID = findTestData(dataFile).getValue("AppIDQA", row): null

2023-02-08 19:06:15 - [TEST_STEP][PASSED] - username = findTestData(dataFile).getValue("UsernameQA", row): null

2023-02-08 19:06:15 - [TEST_STEP][PASSED] - password = findTestData(dataFile).getValue("PasswordQA", row): null

2023-02-08 19:06:15 - [TEST_STEP][PASSED] - break: null

2023-02-08 19:06:15 - [TEST_STEP][PASSED] - if (ExecuteTC.equalsIgnoreCase("Y")): null

2023-02-08 19:06:15 - [TEST_STEP][PASSED] - out.println("Begin Record Number: " + row): null

2023-02-08 19:06:15 - [TEST_STEP][PASSED] - today = new java.util.Date(): null

2023-02-08 19:06:15 - [TEST_STEP][PASSED] - println(today): null

2023-02-08 19:06:15 - [TEST_STEP][PASSED] - datText = today: null

2023-02-08 19:06:15 - [TEST_STEP][PASSED] - checkType = findTestData(dataFile).getValue("CheckType", row): null

2023-02-08 19:06:15 - [TEST_STEP][PASSED] - acNumber = findTestData(dataFile).getValue("AcNumber", row): null

2023-02-08 19:06:15 - [TEST_STEP][PASSED] - company = findTestData(dataFile).getValue("Company", row): null

2023-02-08 19:06:15 - [TEST_STEP][PASSED] - acType = findTestData(dataFile).getValue("AcType", row): null

2023-02-08 19:06:15 - [TEST_STEP][PASSED] - rtn = findTestData(dataFile).getValue("RTN", row): null

2023-02-08 19:06:15 - [TEST_STEP][PASSED] - amount = findTestData(dataFile).getValue("Amount", row): null

2023-02-08 19:06:15 - [TEST_STEP][PASSED] - sec = findTestData(dataFile).getValue("SEC", row): null

2023-02-08 19:06:16 - [TEST_STEP][PASSED] - openBrowser(VLinkURL + "debit.html"): Browser is opened with url: 'https://dev-algorithm.govolution.com/vlinktest/QA/version_2_0/debit.html'

2023-02-08 19:06:16 - [MESSAGE][WARNING] - A browser is already opened. Closing browser and opening a new one

2023-02-08 19:06:16 - [MESSAGE][INFO] - Starting 'Chrome' driver

2023-02-08 19:06:16 - [MESSAGE][INFO] - User set preference: ['acceptInsecureCerts', 'true']

2023-02-08 19:06:16 - [MESSAGE][INFO] - Action delay is set to 0 milliseconds

2023-02-08 19:06:18 - [MESSAGE][PASSED] - Browser is opened with url: 'https://dev-algorithm.govolution.com/vlinktest/QA/version_2_0/debit.html'

2023-02-08 19:06:18 - [TEST_STEP][PASSED] - maximizeWindow(): Current window maximized

2023-02-08 19:06:18 - [MESSAGE][PASSED] - Current window maximized

2023-02-08 19:06:18 - [TEST_STEP][PASSED] - genRemID = RandomStringUtils.random(12, true, true): null

2023-02-08 19:06:18 - [TEST_STEP][PASSED] - setText(findTestObject("RecAndPlayBk/Page-Vlink-Debit/input_Remittance Id"), genRemID): Text 'dRs3SVJaE0vh' is set on object 'Object Repository/RecAndPlayBk/Page-Vlink-Debit/input_Remittance Id'

2023-02-08 19:06:19 - [MESSAGE][PASSED] - Text 'dRs3SVJaE0vh' is set on object 'Object Repository/RecAndPlayBk/Page-Vlink-Debit/input_Remittance Id'

2023-02-08 19:06:19 - [TEST_STEP][PASSED] - setText(findTestObject("RecAndPlayBk/Page-Vlink-Debit/input_Application Id"), appID): Text '234' is set on object 'Object Repository/RecAndPlayBk/Page-Vlink-Debit/input_Application Id'

2023-02-08 19:06:20 - [MESSAGE][PASSED] - Text '234' is set on object 'Object Repository/RecAndPlayBk/Page-Vlink-Debit/input_Application Id'

2023-02-08 19:06:20 - [TEST_STEP][PASSED] - setText(findTestObject("RecAndPlayBk/Page-Vlink-Debit/input_Username"), username): Text 'username' is set on object 'Object Repository/RecAndPlayBk/Page-Vlink-Debit/input_Username'

2023-02-08 19:06:20 - [MESSAGE][PASSED] - Text 'username' is set on object 'Object Repository/RecAndPlayBk/Page-Vlink-Debit/input_Username'

2023-02-08 19:06:20 - [TEST_STEP][PASSED] - setText(findTestObject("RecAndPlayBk/Page-Vlink-Debit/input_Password"), password): Text 'password' is set on object 'Object Repository/RecAndPlayBk/Page-Vlink-Debit/input_Password'

2023-02-08 19:06:21 - [MESSAGE][PASSED] - Text 'password' is set on object 'Object Repository/RecAndPlayBk/Page-Vlink-Debit/input_Password'

2023-02-08 19:06:21 - [TEST_STEP][PASSED] - setText(findTestObject("RecAndPlayBk/Page-Vlink-Debit/input_Check Type"), checkType): Text 'P' is set on object 'Object Repository/RecAndPlayBk/Page-Vlink-Debit/input_Check Type'

2023-02-08 19:06:22 - [MESSAGE][PASSED] - Text 'P' is set on object 'Object Repository/RecAndPlayBk/Page-Vlink-Debit/input_Check Type'

2023-02-08 19:06:22 - [TEST_STEP][PASSED] - setText(findTestObject("RecAndPlayBk/Page-Vlink-Debit/input_Account_check"), acNumber): Text '58963214' is set on object 'Object Repository/RecAndPlayBk/Page-Vlink-Debit/input_Account_check'

2023-02-08 19:06:22 - [MESSAGE][PASSED] - Text '58963214' is set on object 'Object Repository/RecAndPlayBk/Page-Vlink-Debit/input_Account_check'

2023-02-08 19:06:22 - [TEST_STEP][PASSED] - setText(findTestObject("RecAndPlayBk/Page-Vlink-Debit/input_Company_check"), company): Text '' is set on object 'Object Repository/RecAndPlayBk/Page-Vlink-Debit/input_Company_check'

2023-02-08 19:06:23 - [MESSAGE][PASSED] - Text '' is set on object 'Object Repository/RecAndPlayBk/Page-Vlink-Debit/input_Company_check'

2023-02-08 19:06:23 - [TEST_STEP][PASSED] - setText(findTestObject("RecAndPlayBk/Page-Vlink-Debit/input_Account Type"), acType): Text '1' is set on object 'Object Repository/RecAndPlayBk/Page-Vlink-Debit/input_Account Type'

2023-02-08 19:06:23 - [MESSAGE][PASSED] - Text '1' is set on object 'Object Repository/RecAndPlayBk/Page-Vlink-Debit/input_Account Type'

2023-02-08 19:06:23 - [TEST_STEP][PASSED] - setText(findTestObject("RecAndPlayBk/Page-Vlink-Debit/input_Routing Number"), rtn): Text '256072691' is set on object 'Object Repository/RecAndPlayBk/Page-Vlink-Debit/input_Routing Number'

2023-02-08 19:06:24 - [MESSAGE][PASSED] - Text '256072691' is set on object 'Object Repository/RecAndPlayBk/Page-Vlink-Debit/input_Routing Number'

2023-02-08 19:06:24 - [TEST_STEP][PASSED] - setText(findTestObject("RecAndPlayBk/Page-Vlink-Debit/input_Amount"), amount): Text '12.50' is set on object 'Object Repository/RecAndPlayBk/Page-Vlink-Debit/input_Amount'

2023-02-08 19:06:25 - [MESSAGE][PASSED] - Text '12.50' is set on object 'Object Repository/RecAndPlayBk/Page-Vlink-Debit/input_Amount'

2023-02-08 19:06:25 - [TEST_STEP][PASSED] - setText(findTestObject("RecAndPlayBk/Page-Vlink-Debit/input_Check Email"), ""): Text '' is set on object 'Object Repository/RecAndPlayBk/Page-Vlink-Debit/input_Check Email'

2023-02-08 19:06:25 - [MESSAGE][PASSED] - Text '' is set on object 'Object Repository/RecAndPlayBk/Page-Vlink-Debit/input_Check Email'

2023-02-08 19:06:25 - [TEST_STEP][PASSED] - setText(findTestObject("Object Repository/RecAndPlayBk/Page-Vlink-Debit/input_concat(CheckWriter, , s SSN)_check_ssn"), ""): Text '' is set on object 'Object Repository/RecAndPlayBk/Page-Vlink-Debit/input_concat(CheckWriter, , s SSN)_check_ssn'

2023-02-08 19:06:26 - [MESSAGE][PASSED] - Text '' is set on object 'Object Repository/RecAndPlayBk/Page-Vlink-Debit/input_concat(CheckWriter, , s SSN)_check_ssn'

2023-02-08 19:06:26 - [TEST_STEP][PASSED] - setText(findTestObject("Object Repository/RecAndPlayBk/Page-Vlink-Debit/input_concat(CheckWriter, , s License Numbe_020fef"), ""): Text '' is set on object 'Object Repository/RecAndPlayBk/Page-Vlink-Debit/input_concat(CheckWriter, , s License Numbe_020fef'

2023-02-08 19:06:27 - [MESSAGE][PASSED] - Text '' is set on object 'Object Repository/RecAndPlayBk/Page-Vlink-Debit/input_concat(CheckWriter, , s License Numbe_020fef'

2023-02-08 19:06:27 - [TEST_STEP][PASSED] - setText(findTestObject("Object Repository/RecAndPlayBk/Page-Vlink-Debit/input_concat(CheckWriter, , s License State_21e3e7"), ""): Text '' is set on object 'Object Repository/RecAndPlayBk/Page-Vlink-Debit/input_concat(CheckWriter, , s License State_21e3e7'

2023-02-08 19:06:27 - [MESSAGE][PASSED] - Text '' is set on object 'Object Repository/RecAndPlayBk/Page-Vlink-Debit/input_concat(CheckWriter, , s License State_21e3e7'

2023-02-08 19:06:27 - [TEST_STEP][PASSED] - setText(findTestObject("RecAndPlayBk/Page-Vlink-Debit/input_Standard Entry Class"), sec): Text 'TEL' is set on object 'Object Repository/RecAndPlayBk/Page-Vlink-Debit/input_Standard Entry Class'

2023-02-08 19:06:28 - [MESSAGE][PASSED] - Text 'TEL' is set on object 'Object Repository/RecAndPlayBk/Page-Vlink-Debit/input_Standard Entry Class'

2023-02-08 19:06:28 - [TEST_STEP][PASSED] - click(findTestObject("Object Repository/RecAndPlayBk/Page-Vlink-Debit/input")): Object: 'Object Repository/RecAndPlayBk/Page-Vlink-Debit/input' is clicked on

2023-02-08 19:06:29 - [MESSAGE][PASSED] - Object: 'Object Repository/RecAndPlayBk/Page-Vlink-Debit/input' is clicked on

2023-02-08 19:06:29 - [TEST_STEP][PASSED] - if (verifyTextPresent("Transaction approved, no errors", true)): null

2023-02-08 19:06:29 - [MESSAGE][PASSED] - Text 'Transaction approved, no errors' is present on page  using regular expression

2023-02-08 19:06:29 - [TEST_STEP][PASSED] - println("Transaction Approved, no errors text is present on the Confirmation page"): null

2023-02-08 19:06:29 - [TEST_STEP][PASSED] - out.println("Pass Record Number: " + row): null

2023-02-08 19:06:29 - [TEST_STEP][PASSED] - resText = "Pass": null

2023-02-08 19:06:29 - [TEST_STEP][PASSED] - pages.WriteExcel.demoKey(resText, datText, resColumn, datCloumn, fileLoc, nameSheet, row): pages.WriteExcel.demoKey is PASSED

2023-02-08 19:06:29 - [MESSAGE][PASSED] - pages.WriteExcel.demoKey is PASSED

2023-02-08 19:06:29 - [TEST_STEP][PASSED] - ExecuteTC = findTestData(dataFile).getValue("Execute", row): null

2023-02-08 19:06:29 - [TEST_STEP][PASSED] - out.println("Value of Execute is : " + ExecuteTC): null

2023-02-08 19:06:29 - [TEST_STEP][PASSED] - switch (executionProfile): null

2023-02-08 19:06:29 - [TEST_STEP][PASSED] - case "QAProfile":: null

2023-02-08 19:06:29 - [TEST_STEP][PASSED] - appID = findTestData(dataFile).getValue("AppIDQA", row): null

2023-02-08 19:06:29 - [TEST_STEP][PASSED] - username = findTestData(dataFile).getValue("UsernameQA", row): null

2023-02-08 19:06:29 - [TEST_STEP][PASSED] - password = findTestData(dataFile).getValue("PasswordQA", row): null

2023-02-08 19:06:29 - [TEST_STEP][PASSED] - break: null

2023-02-08 19:06:29 - [TEST_STEP][PASSED] - if (ExecuteTC.equalsIgnoreCase("Y")): null

2023-02-08 19:06:29 - [TEST_STEP][PASSED] - out.println("Begin Record Number: " + row): null

2023-02-08 19:06:29 - [TEST_STEP][PASSED] - today = new java.util.Date(): null

2023-02-08 19:06:29 - [TEST_STEP][PASSED] - println(today): null

2023-02-08 19:06:29 - [TEST_STEP][PASSED] - datText = today: null

2023-02-08 19:06:29 - [TEST_STEP][PASSED] - checkType = findTestData(dataFile).getValue("CheckType", row): null

2023-02-08 19:06:29 - [TEST_STEP][PASSED] - acNumber = findTestData(dataFile).getValue("AcNumber", row): null

2023-02-08 19:06:29 - [TEST_STEP][PASSED] - company = findTestData(dataFile).getValue("Company", row): null

2023-02-08 19:06:29 - [TEST_STEP][PASSED] - acType = findTestData(dataFile).getValue("AcType", row): null

2023-02-08 19:06:29 - [TEST_STEP][PASSED] - rtn = findTestData(dataFile).getValue("RTN", row): null

2023-02-08 19:06:30 - [TEST_STEP][PASSED] - amount = findTestData(dataFile).getValue("Amount", row): null

2023-02-08 19:06:30 - [TEST_STEP][PASSED] - sec = findTestData(dataFile).getValue("SEC", row): null

2023-02-08 19:06:30 - [TEST_STEP][PASSED] - openBrowser(VLinkURL + "debit.html"): Browser is opened with url: 'https://dev-algorithm.govolution.com/vlinktest/QA/version_2_0/debit.html'

2023-02-08 19:06:30 - [MESSAGE][WARNING] - A browser is already opened. Closing browser and opening a new one

2023-02-08 19:06:31 - [MESSAGE][INFO] - Starting 'Chrome' driver

2023-02-08 19:06:31 - [MESSAGE][INFO] - User set preference: ['acceptInsecureCerts', 'true']

2023-02-08 19:06:31 - [MESSAGE][INFO] - Action delay is set to 0 milliseconds

2023-02-08 19:06:32 - [MESSAGE][PASSED] - Browser is opened with url: 'https://dev-algorithm.govolution.com/vlinktest/QA/version_2_0/debit.html'

2023-02-08 19:06:32 - [TEST_STEP][PASSED] - maximizeWindow(): Current window maximized

2023-02-08 19:06:32 - [MESSAGE][PASSED] - Current window maximized

2023-02-08 19:06:32 - [TEST_STEP][PASSED] - genRemID = RandomStringUtils.random(12, true, true): null

2023-02-08 19:06:32 - [TEST_STEP][PASSED] - setText(findTestObject("RecAndPlayBk/Page-Vlink-Debit/input_Remittance Id"), genRemID): Text 'np0DHhwdhBWM' is set on object 'Object Repository/RecAndPlayBk/Page-Vlink-Debit/input_Remittance Id'

2023-02-08 19:06:33 - [MESSAGE][PASSED] - Text 'np0DHhwdhBWM' is set on object 'Object Repository/RecAndPlayBk/Page-Vlink-Debit/input_Remittance Id'

2023-02-08 19:06:33 - [TEST_STEP][PASSED] - setText(findTestObject("RecAndPlayBk/Page-Vlink-Debit/input_Application Id"), appID): Text '234' is set on object 'Object Repository/RecAndPlayBk/Page-Vlink-Debit/input_Application Id'

2023-02-08 19:06:34 - [MESSAGE][PASSED] - Text '234' is set on object 'Object Repository/RecAndPlayBk/Page-Vlink-Debit/input_Application Id'

2023-02-08 19:06:34 - [TEST_STEP][PASSED] - setText(findTestObject("RecAndPlayBk/Page-Vlink-Debit/input_Username"), username): Text 'username' is set on object 'Object Repository/RecAndPlayBk/Page-Vlink-Debit/input_Username'

2023-02-08 19:06:34 - [MESSAGE][PASSED] - Text 'username' is set on object 'Object Repository/RecAndPlayBk/Page-Vlink-Debit/input_Username'

2023-02-08 19:06:34 - [TEST_STEP][PASSED] - setText(findTestObject("RecAndPlayBk/Page-Vlink-Debit/input_Password"), password): Text 'password' is set on object 'Object Repository/RecAndPlayBk/Page-Vlink-Debit/input_Password'

2023-02-08 19:06:35 - [MESSAGE][PASSED] - Text 'password' is set on object 'Object Repository/RecAndPlayBk/Page-Vlink-Debit/input_Password'

2023-02-08 19:06:35 - [TEST_STEP][PASSED] - setText(findTestObject("RecAndPlayBk/Page-Vlink-Debit/input_Check Type"), checkType): Text 'P' is set on object 'Object Repository/RecAndPlayBk/Page-Vlink-Debit/input_Check Type'

2023-02-08 19:06:36 - [MESSAGE][PASSED] - Text 'P' is set on object 'Object Repository/RecAndPlayBk/Page-Vlink-Debit/input_Check Type'

2023-02-08 19:06:36 - [TEST_STEP][PASSED] - setText(findTestObject("RecAndPlayBk/Page-Vlink-Debit/input_Account_check"), acNumber): Text '58963214' is set on object 'Object Repository/RecAndPlayBk/Page-Vlink-Debit/input_Account_check'

2023-02-08 19:06:36 - [MESSAGE][PASSED] - Text '58963214' is set on object 'Object Repository/RecAndPlayBk/Page-Vlink-Debit/input_Account_check'

2023-02-08 19:06:36 - [TEST_STEP][PASSED] - setText(findTestObject("RecAndPlayBk/Page-Vlink-Debit/input_Company_check"), company): Text '' is set on object 'Object Repository/RecAndPlayBk/Page-Vlink-Debit/input_Company_check'

2023-02-08 19:06:37 - [MESSAGE][PASSED] - Text '' is set on object 'Object Repository/RecAndPlayBk/Page-Vlink-Debit/input_Company_check'

2023-02-08 19:06:37 - [TEST_STEP][PASSED] - setText(findTestObject("RecAndPlayBk/Page-Vlink-Debit/input_Account Type"), acType): Text '1' is set on object 'Object Repository/RecAndPlayBk/Page-Vlink-Debit/input_Account Type'

2023-02-08 19:06:38 - [MESSAGE][PASSED] - Text '1' is set on object 'Object Repository/RecAndPlayBk/Page-Vlink-Debit/input_Account Type'

2023-02-08 19:06:38 - [TEST_STEP][PASSED] - setText(findTestObject("RecAndPlayBk/Page-Vlink-Debit/input_Routing Number"), rtn): Text '256072691' is set on object 'Object Repository/RecAndPlayBk/Page-Vlink-Debit/input_Routing Number'

2023-02-08 19:06:38 - [MESSAGE][PASSED] - Text '256072691' is set on object 'Object Repository/RecAndPlayBk/Page-Vlink-Debit/input_Routing Number'

2023-02-08 19:06:38 - [TEST_STEP][PASSED] - setText(findTestObject("RecAndPlayBk/Page-Vlink-Debit/input_Amount"), amount): Text '12.50' is set on object 'Object Repository/RecAndPlayBk/Page-Vlink-Debit/input_Amount'

2023-02-08 19:06:39 - [MESSAGE][PASSED] - Text '12.50' is set on object 'Object Repository/RecAndPlayBk/Page-Vlink-Debit/input_Amount'

2023-02-08 19:06:39 - [TEST_STEP][PASSED] - setText(findTestObject("RecAndPlayBk/Page-Vlink-Debit/input_Check Email"), ""): Text '' is set on object 'Object Repository/RecAndPlayBk/Page-Vlink-Debit/input_Check Email'

2023-02-08 19:06:39 - [MESSAGE][PASSED] - Text '' is set on object 'Object Repository/RecAndPlayBk/Page-Vlink-Debit/input_Check Email'

2023-02-08 19:06:39 - [TEST_STEP][PASSED] - setText(findTestObject("Object Repository/RecAndPlayBk/Page-Vlink-Debit/input_concat(CheckWriter, , s SSN)_check_ssn"), ""): Text '' is set on object 'Object Repository/RecAndPlayBk/Page-Vlink-Debit/input_concat(CheckWriter, , s SSN)_check_ssn'

2023-02-08 19:06:40 - [MESSAGE][PASSED] - Text '' is set on object 'Object Repository/RecAndPlayBk/Page-Vlink-Debit/input_concat(CheckWriter, , s SSN)_check_ssn'

2023-02-08 19:06:40 - [TEST_STEP][PASSED] - setText(findTestObject("Object Repository/RecAndPlayBk/Page-Vlink-Debit/input_concat(CheckWriter, , s License Numbe_020fef"), ""): Text '' is set on object 'Object Repository/RecAndPlayBk/Page-Vlink-Debit/input_concat(CheckWriter, , s License Numbe_020fef'

2023-02-08 19:06:41 - [MESSAGE][PASSED] - Text '' is set on object 'Object Repository/RecAndPlayBk/Page-Vlink-Debit/input_concat(CheckWriter, , s License Numbe_020fef'

2023-02-08 19:06:41 - [TEST_STEP][PASSED] - setText(findTestObject("Object Repository/RecAndPlayBk/Page-Vlink-Debit/input_concat(CheckWriter, , s License State_21e3e7"), ""): Text '' is set on object 'Object Repository/RecAndPlayBk/Page-Vlink-Debit/input_concat(CheckWriter, , s License State_21e3e7'

2023-02-08 19:06:41 - [MESSAGE][PASSED] - Text '' is set on object 'Object Repository/RecAndPlayBk/Page-Vlink-Debit/input_concat(CheckWriter, , s License State_21e3e7'

2023-02-08 19:06:41 - [TEST_STEP][PASSED] - setText(findTestObject("RecAndPlayBk/Page-Vlink-Debit/input_Standard Entry Class"), sec): Text 'PPD' is set on object 'Object Repository/RecAndPlayBk/Page-Vlink-Debit/input_Standard Entry Class'

2023-02-08 19:06:42 - [MESSAGE][PASSED] - Text 'PPD' is set on object 'Object Repository/RecAndPlayBk/Page-Vlink-Debit/input_Standard Entry Class'

2023-02-08 19:06:42 - [TEST_STEP][PASSED] - click(findTestObject("Object Repository/RecAndPlayBk/Page-Vlink-Debit/input")): Object: 'Object Repository/RecAndPlayBk/Page-Vlink-Debit/input' is clicked on

2023-02-08 19:06:43 - [MESSAGE][PASSED] - Object: 'Object Repository/RecAndPlayBk/Page-Vlink-Debit/input' is clicked on

2023-02-08 19:06:43 - [TEST_STEP][PASSED] - if (verifyTextPresent("Transaction approved, no errors", true)): null

2023-02-08 19:06:43 - [MESSAGE][PASSED] - Text 'Transaction approved, no errors' is present on page  using regular expression

2023-02-08 19:06:43 - [TEST_STEP][PASSED] - println("Transaction Approved, no errors text is present on the Confirmation page"): null

2023-02-08 19:06:43 - [TEST_STEP][PASSED] - out.println("Pass Record Number: " + row): null

2023-02-08 19:06:43 - [TEST_STEP][PASSED] - resText = "Pass": null

2023-02-08 19:06:43 - [TEST_STEP][PASSED] - pages.WriteExcel.demoKey(resText, datText, resColumn, datCloumn, fileLoc, nameSheet, row): pages.WriteExcel.demoKey is PASSED

2023-02-08 19:06:43 - [MESSAGE][PASSED] - pages.WriteExcel.demoKey is PASSED

2023-02-08 19:06:43 - [TEST_STEP][PASSED] - ExecuteTC = findTestData(dataFile).getValue("Execute", row): null

2023-02-08 19:06:43 - [TEST_STEP][PASSED] - out.println("Value of Execute is : " + ExecuteTC): null

2023-02-08 19:06:43 - [TEST_STEP][PASSED] - switch (executionProfile): null

2023-02-08 19:06:43 - [TEST_STEP][PASSED] - case "QAProfile":: null

2023-02-08 19:06:43 - [TEST_STEP][PASSED] - appID = findTestData(dataFile).getValue("AppIDQA", row): null

2023-02-08 19:06:43 - [TEST_STEP][PASSED] - username = findTestData(dataFile).getValue("UsernameQA", row): null

2023-02-08 19:06:43 - [TEST_STEP][PASSED] - password = findTestData(dataFile).getValue("PasswordQA", row): null

2023-02-08 19:06:43 - [TEST_STEP][PASSED] - break: null

2023-02-08 19:06:43 - [TEST_STEP][PASSED] - if (ExecuteTC.equalsIgnoreCase("Y")): null

2023-02-08 19:06:43 - [TEST_STEP][PASSED] - out.println("Begin Record Number: " + row): null

2023-02-08 19:06:43 - [TEST_STEP][PASSED] - today = new java.util.Date(): null

2023-02-08 19:06:43 - [TEST_STEP][PASSED] - println(today): null

2023-02-08 19:06:43 - [TEST_STEP][PASSED] - datText = today: null

2023-02-08 19:06:43 - [TEST_STEP][PASSED] - checkType = findTestData(dataFile).getValue("CheckType", row): null

2023-02-08 19:06:43 - [TEST_STEP][PASSED] - acNumber = findTestData(dataFile).getValue("AcNumber", row): null

2023-02-08 19:06:43 - [TEST_STEP][PASSED] - company = findTestData(dataFile).getValue("Company", row): null

2023-02-08 19:06:43 - [TEST_STEP][PASSED] - acType = findTestData(dataFile).getValue("AcType", row): null

2023-02-08 19:06:43 - [TEST_STEP][PASSED] - rtn = findTestData(dataFile).getValue("RTN", row): null

2023-02-08 19:06:43 - [TEST_STEP][PASSED] - amount = findTestData(dataFile).getValue("Amount", row): null

2023-02-08 19:06:44 - [TEST_STEP][PASSED] - sec = findTestData(dataFile).getValue("SEC", row): null

2023-02-08 19:06:44 - [TEST_STEP][PASSED] - openBrowser(VLinkURL + "debit.html"): Browser is opened with url: 'https://dev-algorithm.govolution.com/vlinktest/QA/version_2_0/debit.html'

2023-02-08 19:06:44 - [MESSAGE][WARNING] - A browser is already opened. Closing browser and opening a new one

2023-02-08 19:06:45 - [MESSAGE][INFO] - Starting 'Chrome' driver

2023-02-08 19:06:45 - [MESSAGE][INFO] - User set preference: ['acceptInsecureCerts', 'true']

2023-02-08 19:06:45 - [MESSAGE][INFO] - Action delay is set to 0 milliseconds

2023-02-08 19:06:46 - [MESSAGE][PASSED] - Browser is opened with url: 'https://dev-algorithm.govolution.com/vlinktest/QA/version_2_0/debit.html'

2023-02-08 19:06:46 - [TEST_STEP][PASSED] - maximizeWindow(): Current window maximized

2023-02-08 19:06:46 - [MESSAGE][PASSED] - Current window maximized

2023-02-08 19:06:46 - [TEST_STEP][PASSED] - genRemID = RandomStringUtils.random(12, true, true): null

2023-02-08 19:06:46 - [TEST_STEP][PASSED] - setText(findTestObject("RecAndPlayBk/Page-Vlink-Debit/input_Remittance Id"), genRemID): Text 'Exxe7dCY8QFV' is set on object 'Object Repository/RecAndPlayBk/Page-Vlink-Debit/input_Remittance Id'

2023-02-08 19:06:47 - [MESSAGE][PASSED] - Text 'Exxe7dCY8QFV' is set on object 'Object Repository/RecAndPlayBk/Page-Vlink-Debit/input_Remittance Id'

2023-02-08 19:06:47 - [TEST_STEP][PASSED] - setText(findTestObject("RecAndPlayBk/Page-Vlink-Debit/input_Application Id"), appID): Text '234' is set on object 'Object Repository/RecAndPlayBk/Page-Vlink-Debit/input_Application Id'

2023-02-08 19:06:48 - [MESSAGE][PASSED] - Text '234' is set on object 'Object Repository/RecAndPlayBk/Page-Vlink-Debit/input_Application Id'

2023-02-08 19:06:48 - [TEST_STEP][PASSED] - setText(findTestObject("RecAndPlayBk/Page-Vlink-Debit/input_Username"), username): Text 'username' is set on object 'Object Repository/RecAndPlayBk/Page-Vlink-Debit/input_Username'

2023-02-08 19:06:48 - [MESSAGE][PASSED] - Text 'username' is set on object 'Object Repository/RecAndPlayBk/Page-Vlink-Debit/input_Username'

2023-02-08 19:06:48 - [TEST_STEP][PASSED] - setText(findTestObject("RecAndPlayBk/Page-Vlink-Debit/input_Password"), password): Text 'password' is set on object 'Object Repository/RecAndPlayBk/Page-Vlink-Debit/input_Password'

2023-02-08 19:06:49 - [MESSAGE][PASSED] - Text 'password' is set on object 'Object Repository/RecAndPlayBk/Page-Vlink-Debit/input_Password'

2023-02-08 19:06:49 - [TEST_STEP][PASSED] - setText(findTestObject("RecAndPlayBk/Page-Vlink-Debit/input_Check Type"), checkType): Text 'P' is set on object 'Object Repository/RecAndPlayBk/Page-Vlink-Debit/input_Check Type'

2023-02-08 19:06:50 - [MESSAGE][PASSED] - Text 'P' is set on object 'Object Repository/RecAndPlayBk/Page-Vlink-Debit/input_Check Type'

2023-02-08 19:06:50 - [TEST_STEP][PASSED] - setText(findTestObject("RecAndPlayBk/Page-Vlink-Debit/input_Account_check"), acNumber): Text '58963214' is set on object 'Object Repository/RecAndPlayBk/Page-Vlink-Debit/input_Account_check'

2023-02-08 19:06:50 - [MESSAGE][PASSED] - Text '58963214' is set on object 'Object Repository/RecAndPlayBk/Page-Vlink-Debit/input_Account_check'

2023-02-08 19:06:50 - [TEST_STEP][PASSED] - setText(findTestObject("RecAndPlayBk/Page-Vlink-Debit/input_Company_check"), company): Text '' is set on object 'Object Repository/RecAndPlayBk/Page-Vlink-Debit/input_Company_check'

2023-02-08 19:06:51 - [MESSAGE][PASSED] - Text '' is set on object 'Object Repository/RecAndPlayBk/Page-Vlink-Debit/input_Company_check'

2023-02-08 19:06:51 - [TEST_STEP][PASSED] - setText(findTestObject("RecAndPlayBk/Page-Vlink-Debit/input_Account Type"), acType): Text '2' is set on object 'Object Repository/RecAndPlayBk/Page-Vlink-Debit/input_Account Type'

2023-02-08 19:06:52 - [MESSAGE][PASSED] - Text '2' is set on object 'Object Repository/RecAndPlayBk/Page-Vlink-Debit/input_Account Type'

2023-02-08 19:06:52 - [TEST_STEP][PASSED] - setText(findTestObject("RecAndPlayBk/Page-Vlink-Debit/input_Routing Number"), rtn): Text '256072691' is set on object 'Object Repository/RecAndPlayBk/Page-Vlink-Debit/input_Routing Number'

2023-02-08 19:06:52 - [MESSAGE][PASSED] - Text '256072691' is set on object 'Object Repository/RecAndPlayBk/Page-Vlink-Debit/input_Routing Number'

2023-02-08 19:06:52 - [TEST_STEP][PASSED] - setText(findTestObject("RecAndPlayBk/Page-Vlink-Debit/input_Amount"), amount): Text '12.50' is set on object 'Object Repository/RecAndPlayBk/Page-Vlink-Debit/input_Amount'

2023-02-08 19:06:53 - [MESSAGE][PASSED] - Text '12.50' is set on object 'Object Repository/RecAndPlayBk/Page-Vlink-Debit/input_Amount'

2023-02-08 19:06:53 - [TEST_STEP][PASSED] - setText(findTestObject("RecAndPlayBk/Page-Vlink-Debit/input_Check Email"), ""): Text '' is set on object 'Object Repository/RecAndPlayBk/Page-Vlink-Debit/input_Check Email'

2023-02-08 19:06:53 - [MESSAGE][PASSED] - Text '' is set on object 'Object Repository/RecAndPlayBk/Page-Vlink-Debit/input_Check Email'

2023-02-08 19:06:53 - [TEST_STEP][PASSED] - setText(findTestObject("Object Repository/RecAndPlayBk/Page-Vlink-Debit/input_concat(CheckWriter, , s SSN)_check_ssn"), ""): Text '' is set on object 'Object Repository/RecAndPlayBk/Page-Vlink-Debit/input_concat(CheckWriter, , s SSN)_check_ssn'

2023-02-08 19:06:54 - [MESSAGE][PASSED] - Text '' is set on object 'Object Repository/RecAndPlayBk/Page-Vlink-Debit/input_concat(CheckWriter, , s SSN)_check_ssn'

2023-02-08 19:06:54 - [TEST_STEP][PASSED] - setText(findTestObject("Object Repository/RecAndPlayBk/Page-Vlink-Debit/input_concat(CheckWriter, , s License Numbe_020fef"), ""): Text '' is set on object 'Object Repository/RecAndPlayBk/Page-Vlink-Debit/input_concat(CheckWriter, , s License Numbe_020fef'

2023-02-08 19:06:55 - [MESSAGE][PASSED] - Text '' is set on object 'Object Repository/RecAndPlayBk/Page-Vlink-Debit/input_concat(CheckWriter, , s License Numbe_020fef'

2023-02-08 19:06:55 - [TEST_STEP][PASSED] - setText(findTestObject("Object Repository/RecAndPlayBk/Page-Vlink-Debit/input_concat(CheckWriter, , s License State_21e3e7"), ""): Text '' is set on object 'Object Repository/RecAndPlayBk/Page-Vlink-Debit/input_concat(CheckWriter, , s License State_21e3e7'

2023-02-08 19:06:55 - [MESSAGE][PASSED] - Text '' is set on object 'Object Repository/RecAndPlayBk/Page-Vlink-Debit/input_concat(CheckWriter, , s License State_21e3e7'

2023-02-08 19:06:55 - [TEST_STEP][PASSED] - setText(findTestObject("RecAndPlayBk/Page-Vlink-Debit/input_Standard Entry Class"), sec): Text 'WEB' is set on object 'Object Repository/RecAndPlayBk/Page-Vlink-Debit/input_Standard Entry Class'

2023-02-08 19:06:56 - [MESSAGE][PASSED] - Text 'WEB' is set on object 'Object Repository/RecAndPlayBk/Page-Vlink-Debit/input_Standard Entry Class'

2023-02-08 19:06:56 - [TEST_STEP][PASSED] - click(findTestObject("Object Repository/RecAndPlayBk/Page-Vlink-Debit/input")): Object: 'Object Repository/RecAndPlayBk/Page-Vlink-Debit/input' is clicked on

2023-02-08 19:06:57 - [MESSAGE][PASSED] - Object: 'Object Repository/RecAndPlayBk/Page-Vlink-Debit/input' is clicked on

2023-02-08 19:06:57 - [TEST_STEP][PASSED] - if (verifyTextPresent("Transaction approved, no errors", true)): null

2023-02-08 19:06:57 - [MESSAGE][PASSED] - Text 'Transaction approved, no errors' is present on page  using regular expression

2023-02-08 19:06:57 - [TEST_STEP][PASSED] - println("Transaction Approved, no errors text is present on the Confirmation page"): null

2023-02-08 19:06:57 - [TEST_STEP][PASSED] - out.println("Pass Record Number: " + row): null

2023-02-08 19:06:57 - [TEST_STEP][PASSED] - resText = "Pass": null

2023-02-08 19:06:57 - [TEST_STEP][PASSED] - pages.WriteExcel.demoKey(resText, datText, resColumn, datCloumn, fileLoc, nameSheet, row): pages.WriteExcel.demoKey is PASSED

2023-02-08 19:06:57 - [MESSAGE][PASSED] - pages.WriteExcel.demoKey is PASSED

2023-02-08 19:06:57 - [TEST_STEP][PASSED] - ExecuteTC = findTestData(dataFile).getValue("Execute", row): null

2023-02-08 19:06:57 - [TEST_STEP][PASSED] - out.println("Value of Execute is : " + ExecuteTC): null

2023-02-08 19:06:57 - [TEST_STEP][PASSED] - switch (executionProfile): null

2023-02-08 19:06:57 - [TEST_STEP][PASSED] - case "QAProfile":: null

2023-02-08 19:06:57 - [TEST_STEP][PASSED] - appID = findTestData(dataFile).getValue("AppIDQA", row): null

2023-02-08 19:06:57 - [TEST_STEP][PASSED] - username = findTestData(dataFile).getValue("UsernameQA", row): null

2023-02-08 19:06:57 - [TEST_STEP][PASSED] - password = findTestData(dataFile).getValue("PasswordQA", row): null

2023-02-08 19:06:57 - [TEST_STEP][PASSED] - break: null

2023-02-08 19:06:57 - [TEST_STEP][PASSED] - if (ExecuteTC.equalsIgnoreCase("Y")): null

2023-02-08 19:06:57 - [TEST_STEP][PASSED] - out.println("Begin Record Number: " + row): null

2023-02-08 19:06:57 - [TEST_STEP][PASSED] - today = new java.util.Date(): null

2023-02-08 19:06:57 - [TEST_STEP][PASSED] - println(today): null

2023-02-08 19:06:57 - [TEST_STEP][PASSED] - datText = today: null

2023-02-08 19:06:57 - [TEST_STEP][PASSED] - checkType = findTestData(dataFile).getValue("CheckType", row): null

2023-02-08 19:06:57 - [TEST_STEP][PASSED] - acNumber = findTestData(dataFile).getValue("AcNumber", row): null

2023-02-08 19:06:57 - [TEST_STEP][PASSED] - company = findTestData(dataFile).getValue("Company", row): null

2023-02-08 19:06:57 - [TEST_STEP][PASSED] - acType = findTestData(dataFile).getValue("AcType", row): null

2023-02-08 19:06:57 - [TEST_STEP][PASSED] - rtn = findTestData(dataFile).getValue("RTN", row): null

2023-02-08 19:06:58 - [TEST_STEP][PASSED] - amount = findTestData(dataFile).getValue("Amount", row): null

2023-02-08 19:06:58 - [TEST_STEP][PASSED] - sec = findTestData(dataFile).getValue("SEC", row): null

2023-02-08 19:06:58 - [TEST_STEP][PASSED] - openBrowser(VLinkURL + "debit.html"): Browser is opened with url: 'https://dev-algorithm.govolution.com/vlinktest/QA/version_2_0/debit.html'

2023-02-08 19:06:58 - [MESSAGE][WARNING] - A browser is already opened. Closing browser and opening a new one

2023-02-08 19:06:59 - [MESSAGE][INFO] - Starting 'Chrome' driver

2023-02-08 19:06:59 - [MESSAGE][INFO] - User set preference: ['acceptInsecureCerts', 'true']

2023-02-08 19:06:59 - [MESSAGE][INFO] - Action delay is set to 0 milliseconds

2023-02-08 19:07:00 - [MESSAGE][PASSED] - Browser is opened with url: 'https://dev-algorithm.govolution.com/vlinktest/QA/version_2_0/debit.html'

2023-02-08 19:07:00 - [TEST_STEP][PASSED] - maximizeWindow(): Current window maximized

2023-02-08 19:07:00 - [MESSAGE][PASSED] - Current window maximized

2023-02-08 19:07:00 - [TEST_STEP][PASSED] - genRemID = RandomStringUtils.random(12, true, true): null

2023-02-08 19:07:00 - [TEST_STEP][PASSED] - setText(findTestObject("RecAndPlayBk/Page-Vlink-Debit/input_Remittance Id"), genRemID): Text 'aWL83QVFLgHv' is set on object 'Object Repository/RecAndPlayBk/Page-Vlink-Debit/input_Remittance Id'

2023-02-08 19:07:01 - [MESSAGE][PASSED] - Text 'aWL83QVFLgHv' is set on object 'Object Repository/RecAndPlayBk/Page-Vlink-Debit/input_Remittance Id'

2023-02-08 19:07:01 - [TEST_STEP][PASSED] - setText(findTestObject("RecAndPlayBk/Page-Vlink-Debit/input_Application Id"), appID): Text '234' is set on object 'Object Repository/RecAndPlayBk/Page-Vlink-Debit/input_Application Id'

2023-02-08 19:07:02 - [MESSAGE][PASSED] - Text '234' is set on object 'Object Repository/RecAndPlayBk/Page-Vlink-Debit/input_Application Id'

2023-02-08 19:07:02 - [TEST_STEP][PASSED] - setText(findTestObject("RecAndPlayBk/Page-Vlink-Debit/input_Username"), username): Text 'username' is set on object 'Object Repository/RecAndPlayBk/Page-Vlink-Debit/input_Username'

2023-02-08 19:07:02 - [MESSAGE][PASSED] - Text 'username' is set on object 'Object Repository/RecAndPlayBk/Page-Vlink-Debit/input_Username'

2023-02-08 19:07:02 - [TEST_STEP][PASSED] - setText(findTestObject("RecAndPlayBk/Page-Vlink-Debit/input_Password"), password): Text 'password' is set on object 'Object Repository/RecAndPlayBk/Page-Vlink-Debit/input_Password'

2023-02-08 19:07:03 - [MESSAGE][PASSED] - Text 'password' is set on object 'Object Repository/RecAndPlayBk/Page-Vlink-Debit/input_Password'

2023-02-08 19:07:03 - [TEST_STEP][PASSED] - setText(findTestObject("RecAndPlayBk/Page-Vlink-Debit/input_Check Type"), checkType): Text 'P' is set on object 'Object Repository/RecAndPlayBk/Page-Vlink-Debit/input_Check Type'

2023-02-08 19:07:04 - [MESSAGE][PASSED] - Text 'P' is set on object 'Object Repository/RecAndPlayBk/Page-Vlink-Debit/input_Check Type'

2023-02-08 19:07:04 - [TEST_STEP][PASSED] - setText(findTestObject("RecAndPlayBk/Page-Vlink-Debit/input_Account_check"), acNumber): Text '58963214' is set on object 'Object Repository/RecAndPlayBk/Page-Vlink-Debit/input_Account_check'

2023-02-08 19:07:04 - [MESSAGE][PASSED] - Text '58963214' is set on object 'Object Repository/RecAndPlayBk/Page-Vlink-Debit/input_Account_check'

2023-02-08 19:07:04 - [TEST_STEP][PASSED] - setText(findTestObject("RecAndPlayBk/Page-Vlink-Debit/input_Company_check"), company): Text '' is set on object 'Object Repository/RecAndPlayBk/Page-Vlink-Debit/input_Company_check'

2023-02-08 19:07:05 - [MESSAGE][PASSED] - Text '' is set on object 'Object Repository/RecAndPlayBk/Page-Vlink-Debit/input_Company_check'

2023-02-08 19:07:05 - [TEST_STEP][PASSED] - setText(findTestObject("RecAndPlayBk/Page-Vlink-Debit/input_Account Type"), acType): Text '2' is set on object 'Object Repository/RecAndPlayBk/Page-Vlink-Debit/input_Account Type'

2023-02-08 19:07:05 - [MESSAGE][PASSED] - Text '2' is set on object 'Object Repository/RecAndPlayBk/Page-Vlink-Debit/input_Account Type'

2023-02-08 19:07:05 - [TEST_STEP][PASSED] - setText(findTestObject("RecAndPlayBk/Page-Vlink-Debit/input_Routing Number"), rtn): Text '256072691' is set on object 'Object Repository/RecAndPlayBk/Page-Vlink-Debit/input_Routing Number'

2023-02-08 19:07:06 - [MESSAGE][PASSED] - Text '256072691' is set on object 'Object Repository/RecAndPlayBk/Page-Vlink-Debit/input_Routing Number'

2023-02-08 19:07:06 - [TEST_STEP][PASSED] - setText(findTestObject("RecAndPlayBk/Page-Vlink-Debit/input_Amount"), amount): Text '12.50' is set on object 'Object Repository/RecAndPlayBk/Page-Vlink-Debit/input_Amount'

2023-02-08 19:07:07 - [MESSAGE][PASSED] - Text '12.50' is set on object 'Object Repository/RecAndPlayBk/Page-Vlink-Debit/input_Amount'

2023-02-08 19:07:07 - [TEST_STEP][PASSED] - setText(findTestObject("RecAndPlayBk/Page-Vlink-Debit/input_Check Email"), ""): Text '' is set on object 'Object Repository/RecAndPlayBk/Page-Vlink-Debit/input_Check Email'

2023-02-08 19:07:07 - [MESSAGE][PASSED] - Text '' is set on object 'Object Repository/RecAndPlayBk/Page-Vlink-Debit/input_Check Email'

2023-02-08 19:07:07 - [TEST_STEP][PASSED] - setText(findTestObject("Object Repository/RecAndPlayBk/Page-Vlink-Debit/input_concat(CheckWriter, , s SSN)_check_ssn"), ""): Text '' is set on object 'Object Repository/RecAndPlayBk/Page-Vlink-Debit/input_concat(CheckWriter, , s SSN)_check_ssn'

2023-02-08 19:07:08 - [MESSAGE][PASSED] - Text '' is set on object 'Object Repository/RecAndPlayBk/Page-Vlink-Debit/input_concat(CheckWriter, , s SSN)_check_ssn'

2023-02-08 19:07:08 - [TEST_STEP][PASSED] - setText(findTestObject("Object Repository/RecAndPlayBk/Page-Vlink-Debit/input_concat(CheckWriter, , s License Numbe_020fef"), ""): Text '' is set on object 'Object Repository/RecAndPlayBk/Page-Vlink-Debit/input_concat(CheckWriter, , s License Numbe_020fef'

2023-02-08 19:07:09 - [MESSAGE][PASSED] - Text '' is set on object 'Object Repository/RecAndPlayBk/Page-Vlink-Debit/input_concat(CheckWriter, , s License Numbe_020fef'

2023-02-08 19:07:09 - [TEST_STEP][PASSED] - setText(findTestObject("Object Repository/RecAndPlayBk/Page-Vlink-Debit/input_concat(CheckWriter, , s License State_21e3e7"), ""): Text '' is set on object 'Object Repository/RecAndPlayBk/Page-Vlink-Debit/input_concat(CheckWriter, , s License State_21e3e7'

2023-02-08 19:07:09 - [MESSAGE][PASSED] - Text '' is set on object 'Object Repository/RecAndPlayBk/Page-Vlink-Debit/input_concat(CheckWriter, , s License State_21e3e7'

2023-02-08 19:07:09 - [TEST_STEP][PASSED] - setText(findTestObject("RecAndPlayBk/Page-Vlink-Debit/input_Standard Entry Class"), sec): Text 'TEL' is set on object 'Object Repository/RecAndPlayBk/Page-Vlink-Debit/input_Standard Entry Class'

2023-02-08 19:07:10 - [MESSAGE][PASSED] - Text 'TEL' is set on object 'Object Repository/RecAndPlayBk/Page-Vlink-Debit/input_Standard Entry Class'

2023-02-08 19:07:10 - [TEST_STEP][PASSED] - click(findTestObject("Object Repository/RecAndPlayBk/Page-Vlink-Debit/input")): Object: 'Object Repository/RecAndPlayBk/Page-Vlink-Debit/input' is clicked on

2023-02-08 19:07:11 - [MESSAGE][PASSED] - Object: 'Object Repository/RecAndPlayBk/Page-Vlink-Debit/input' is clicked on

2023-02-08 19:07:11 - [TEST_STEP][PASSED] - if (verifyTextPresent("Transaction approved, no errors", true)): null

2023-02-08 19:07:11 - [MESSAGE][PASSED] - Text 'Transaction approved, no errors' is present on page  using regular expression

2023-02-08 19:07:11 - [TEST_STEP][PASSED] - println("Transaction Approved, no errors text is present on the Confirmation page"): null

2023-02-08 19:07:11 - [TEST_STEP][PASSED] - out.println("Pass Record Number: " + row): null

2023-02-08 19:07:11 - [TEST_STEP][PASSED] - resText = "Pass": null

2023-02-08 19:07:11 - [TEST_STEP][PASSED] - pages.WriteExcel.demoKey(resText, datText, resColumn, datCloumn, fileLoc, nameSheet, row): pages.WriteExcel.demoKey is PASSED

2023-02-08 19:07:11 - [MESSAGE][PASSED] - pages.WriteExcel.demoKey is PASSED

2023-02-08 19:07:11 - [TEST_STEP][PASSED] - ExecuteTC = findTestData(dataFile).getValue("Execute", row): null

2023-02-08 19:07:11 - [TEST_STEP][PASSED] - out.println("Value of Execute is : " + ExecuteTC): null

2023-02-08 19:07:11 - [TEST_STEP][PASSED] - switch (executionProfile): null

2023-02-08 19:07:11 - [TEST_STEP][PASSED] - case "QAProfile":: null

2023-02-08 19:07:11 - [TEST_STEP][PASSED] - appID = findTestData(dataFile).getValue("AppIDQA", row): null

2023-02-08 19:07:11 - [TEST_STEP][PASSED] - username = findTestData(dataFile).getValue("UsernameQA", row): null

2023-02-08 19:07:11 - [TEST_STEP][PASSED] - password = findTestData(dataFile).getValue("PasswordQA", row): null

2023-02-08 19:07:11 - [TEST_STEP][PASSED] - break: null

2023-02-08 19:07:11 - [TEST_STEP][PASSED] - if (ExecuteTC.equalsIgnoreCase("Y")): null

2023-02-08 19:07:11 - [TEST_STEP][PASSED] - out.println("Begin Record Number: " + row): null

2023-02-08 19:07:11 - [TEST_STEP][PASSED] - today = new java.util.Date(): null

2023-02-08 19:07:11 - [TEST_STEP][PASSED] - println(today): null

2023-02-08 19:07:11 - [TEST_STEP][PASSED] - datText = today: null

2023-02-08 19:07:11 - [TEST_STEP][PASSED] - checkType = findTestData(dataFile).getValue("CheckType", row): null

2023-02-08 19:07:11 - [TEST_STEP][PASSED] - acNumber = findTestData(dataFile).getValue("AcNumber", row): null

2023-02-08 19:07:11 - [TEST_STEP][PASSED] - company = findTestData(dataFile).getValue("Company", row): null

2023-02-08 19:07:11 - [TEST_STEP][PASSED] - acType = findTestData(dataFile).getValue("AcType", row): null

2023-02-08 19:07:11 - [TEST_STEP][PASSED] - rtn = findTestData(dataFile).getValue("RTN", row): null

2023-02-08 19:07:11 - [TEST_STEP][PASSED] - amount = findTestData(dataFile).getValue("Amount", row): null

2023-02-08 19:07:12 - [TEST_STEP][PASSED] - sec = findTestData(dataFile).getValue("SEC", row): null

2023-02-08 19:07:12 - [TEST_STEP][PASSED] - openBrowser(VLinkURL + "debit.html"): Browser is opened with url: 'https://dev-algorithm.govolution.com/vlinktest/QA/version_2_0/debit.html'

2023-02-08 19:07:12 - [MESSAGE][WARNING] - A browser is already opened. Closing browser and opening a new one

2023-02-08 19:07:13 - [MESSAGE][INFO] - Starting 'Chrome' driver

2023-02-08 19:07:13 - [MESSAGE][INFO] - User set preference: ['acceptInsecureCerts', 'true']

2023-02-08 19:07:13 - [MESSAGE][INFO] - Action delay is set to 0 milliseconds

2023-02-08 19:07:14 - [MESSAGE][PASSED] - Browser is opened with url: 'https://dev-algorithm.govolution.com/vlinktest/QA/version_2_0/debit.html'

2023-02-08 19:07:14 - [TEST_STEP][PASSED] - maximizeWindow(): Current window maximized

2023-02-08 19:07:14 - [MESSAGE][PASSED] - Current window maximized

2023-02-08 19:07:14 - [TEST_STEP][PASSED] - genRemID = RandomStringUtils.random(12, true, true): null

2023-02-08 19:07:14 - [TEST_STEP][PASSED] - setText(findTestObject("RecAndPlayBk/Page-Vlink-Debit/input_Remittance Id"), genRemID): Text 'GBWV2VqfHBZG' is set on object 'Object Repository/RecAndPlayBk/Page-Vlink-Debit/input_Remittance Id'

2023-02-08 19:07:15 - [MESSAGE][PASSED] - Text 'GBWV2VqfHBZG' is set on object 'Object Repository/RecAndPlayBk/Page-Vlink-Debit/input_Remittance Id'

2023-02-08 19:07:15 - [TEST_STEP][PASSED] - setText(findTestObject("RecAndPlayBk/Page-Vlink-Debit/input_Application Id"), appID): Text '234' is set on object 'Object Repository/RecAndPlayBk/Page-Vlink-Debit/input_Application Id'

2023-02-08 19:07:16 - [MESSAGE][PASSED] - Text '234' is set on object 'Object Repository/RecAndPlayBk/Page-Vlink-Debit/input_Application Id'

2023-02-08 19:07:16 - [TEST_STEP][PASSED] - setText(findTestObject("RecAndPlayBk/Page-Vlink-Debit/input_Username"), username): Text 'username' is set on object 'Object Repository/RecAndPlayBk/Page-Vlink-Debit/input_Username'

2023-02-08 19:07:16 - [MESSAGE][PASSED] - Text 'username' is set on object 'Object Repository/RecAndPlayBk/Page-Vlink-Debit/input_Username'

2023-02-08 19:07:16 - [TEST_STEP][PASSED] - setText(findTestObject("RecAndPlayBk/Page-Vlink-Debit/input_Password"), password): Text 'password' is set on object 'Object Repository/RecAndPlayBk/Page-Vlink-Debit/input_Password'

2023-02-08 19:07:17 - [MESSAGE][PASSED] - Text 'password' is set on object 'Object Repository/RecAndPlayBk/Page-Vlink-Debit/input_Password'

2023-02-08 19:07:17 - [TEST_STEP][PASSED] - setText(findTestObject("RecAndPlayBk/Page-Vlink-Debit/input_Check Type"), checkType): Text 'P' is set on object 'Object Repository/RecAndPlayBk/Page-Vlink-Debit/input_Check Type'

2023-02-08 19:07:18 - [MESSAGE][PASSED] - Text 'P' is set on object 'Object Repository/RecAndPlayBk/Page-Vlink-Debit/input_Check Type'

2023-02-08 19:07:18 - [TEST_STEP][PASSED] - setText(findTestObject("RecAndPlayBk/Page-Vlink-Debit/input_Account_check"), acNumber): Text '58963214' is set on object 'Object Repository/RecAndPlayBk/Page-Vlink-Debit/input_Account_check'

2023-02-08 19:07:18 - [MESSAGE][PASSED] - Text '58963214' is set on object 'Object Repository/RecAndPlayBk/Page-Vlink-Debit/input_Account_check'

2023-02-08 19:07:18 - [TEST_STEP][PASSED] - setText(findTestObject("RecAndPlayBk/Page-Vlink-Debit/input_Company_check"), company): Text '' is set on object 'Object Repository/RecAndPlayBk/Page-Vlink-Debit/input_Company_check'

2023-02-08 19:07:19 - [MESSAGE][PASSED] - Text '' is set on object 'Object Repository/RecAndPlayBk/Page-Vlink-Debit/input_Company_check'

2023-02-08 19:07:19 - [TEST_STEP][PASSED] - setText(findTestObject("RecAndPlayBk/Page-Vlink-Debit/input_Account Type"), acType): Text '2' is set on object 'Object Repository/RecAndPlayBk/Page-Vlink-Debit/input_Account Type'

2023-02-08 19:07:20 - [MESSAGE][PASSED] - Text '2' is set on object 'Object Repository/RecAndPlayBk/Page-Vlink-Debit/input_Account Type'

2023-02-08 19:07:20 - [TEST_STEP][PASSED] - setText(findTestObject("RecAndPlayBk/Page-Vlink-Debit/input_Routing Number"), rtn): Text '256072691' is set on object 'Object Repository/RecAndPlayBk/Page-Vlink-Debit/input_Routing Number'

2023-02-08 19:07:20 - [MESSAGE][PASSED] - Text '256072691' is set on object 'Object Repository/RecAndPlayBk/Page-Vlink-Debit/input_Routing Number'

2023-02-08 19:07:20 - [TEST_STEP][PASSED] - setText(findTestObject("RecAndPlayBk/Page-Vlink-Debit/input_Amount"), amount): Text '12.50' is set on object 'Object Repository/RecAndPlayBk/Page-Vlink-Debit/input_Amount'

2023-02-08 19:07:21 - [MESSAGE][PASSED] - Text '12.50' is set on object 'Object Repository/RecAndPlayBk/Page-Vlink-Debit/input_Amount'

2023-02-08 19:07:21 - [TEST_STEP][PASSED] - setText(findTestObject("RecAndPlayBk/Page-Vlink-Debit/input_Check Email"), ""): Text '' is set on object 'Object Repository/RecAndPlayBk/Page-Vlink-Debit/input_Check Email'

2023-02-08 19:07:21 - [MESSAGE][PASSED] - Text '' is set on object 'Object Repository/RecAndPlayBk/Page-Vlink-Debit/input_Check Email'

2023-02-08 19:07:21 - [TEST_STEP][PASSED] - setText(findTestObject("Object Repository/RecAndPlayBk/Page-Vlink-Debit/input_concat(CheckWriter, , s SSN)_check_ssn"), ""): Text '' is set on object 'Object Repository/RecAndPlayBk/Page-Vlink-Debit/input_concat(CheckWriter, , s SSN)_check_ssn'

2023-02-08 19:07:22 - [MESSAGE][PASSED] - Text '' is set on object 'Object Repository/RecAndPlayBk/Page-Vlink-Debit/input_concat(CheckWriter, , s SSN)_check_ssn'

2023-02-08 19:07:22 - [TEST_STEP][PASSED] - setText(findTestObject("Object Repository/RecAndPlayBk/Page-Vlink-Debit/input_concat(CheckWriter, , s License Numbe_020fef"), ""): Text '' is set on object 'Object Repository/RecAndPlayBk/Page-Vlink-Debit/input_concat(CheckWriter, , s License Numbe_020fef'

2023-02-08 19:07:23 - [MESSAGE][PASSED] - Text '' is set on object 'Object Repository/RecAndPlayBk/Page-Vlink-Debit/input_concat(CheckWriter, , s License Numbe_020fef'

2023-02-08 19:07:23 - [TEST_STEP][PASSED] - setText(findTestObject("Object Repository/RecAndPlayBk/Page-Vlink-Debit/input_concat(CheckWriter, , s License State_21e3e7"), ""): Text '' is set on object 'Object Repository/RecAndPlayBk/Page-Vlink-Debit/input_concat(CheckWriter, , s License State_21e3e7'

2023-02-08 19:07:23 - [MESSAGE][PASSED] - Text '' is set on object 'Object Repository/RecAndPlayBk/Page-Vlink-Debit/input_concat(CheckWriter, , s License State_21e3e7'

2023-02-08 19:07:23 - [TEST_STEP][PASSED] - setText(findTestObject("RecAndPlayBk/Page-Vlink-Debit/input_Standard Entry Class"), sec): Text 'PPD' is set on object 'Object Repository/RecAndPlayBk/Page-Vlink-Debit/input_Standard Entry Class'

2023-02-08 19:07:24 - [MESSAGE][PASSED] - Text 'PPD' is set on object 'Object Repository/RecAndPlayBk/Page-Vlink-Debit/input_Standard Entry Class'

2023-02-08 19:07:24 - [TEST_STEP][PASSED] - click(findTestObject("Object Repository/RecAndPlayBk/Page-Vlink-Debit/input")): Object: 'Object Repository/RecAndPlayBk/Page-Vlink-Debit/input' is clicked on

2023-02-08 19:07:25 - [MESSAGE][PASSED] - Object: 'Object Repository/RecAndPlayBk/Page-Vlink-Debit/input' is clicked on

2023-02-08 19:07:25 - [TEST_STEP][PASSED] - if (verifyTextPresent("Transaction approved, no errors", true)): null

2023-02-08 19:07:25 - [MESSAGE][PASSED] - Text 'Transaction approved, no errors' is present on page  using regular expression

2023-02-08 19:07:25 - [TEST_STEP][PASSED] - println("Transaction Approved, no errors text is present on the Confirmation page"): null

2023-02-08 19:07:25 - [TEST_STEP][PASSED] - out.println("Pass Record Number: " + row): null

2023-02-08 19:07:25 - [TEST_STEP][PASSED] - resText = "Pass": null

2023-02-08 19:07:25 - [TEST_STEP][PASSED] - pages.WriteExcel.demoKey(resText, datText, resColumn, datCloumn, fileLoc, nameSheet, row): pages.WriteExcel.demoKey is PASSED

2023-02-08 19:07:25 - [MESSAGE][PASSED] - pages.WriteExcel.demoKey is PASSED

2023-02-08 19:07:25 - [TEST_STEP][PASSED] - ExecuteTC = findTestData(dataFile).getValue("Execute", row): null

2023-02-08 19:07:25 - [TEST_STEP][PASSED] - out.println("Value of Execute is : " + ExecuteTC): null

2023-02-08 19:07:25 - [TEST_STEP][PASSED] - switch (executionProfile): null

2023-02-08 19:07:25 - [TEST_STEP][PASSED] - case "QAProfile":: null

2023-02-08 19:07:25 - [TEST_STEP][PASSED] - appID = findTestData(dataFile).getValue("AppIDQA", row): null

2023-02-08 19:07:25 - [TEST_STEP][PASSED] - username = findTestData(dataFile).getValue("UsernameQA", row): null

2023-02-08 19:07:25 - [TEST_STEP][PASSED] - password = findTestData(dataFile).getValue("PasswordQA", row): null

2023-02-08 19:07:25 - [TEST_STEP][PASSED] - break: null

2023-02-08 19:07:25 - [TEST_STEP][PASSED] - if (ExecuteTC.equalsIgnoreCase("Y")): null

2023-02-08 19:07:25 - [TEST_STEP][PASSED] - out.println("Begin Record Number: " + row): null

2023-02-08 19:07:25 - [TEST_STEP][PASSED] - today = new java.util.Date(): null

2023-02-08 19:07:25 - [TEST_STEP][PASSED] - println(today): null

2023-02-08 19:07:25 - [TEST_STEP][PASSED] - datText = today: null

2023-02-08 19:07:25 - [TEST_STEP][PASSED] - checkType = findTestData(dataFile).getValue("CheckType", row): null

2023-02-08 19:07:25 - [TEST_STEP][PASSED] - acNumber = findTestData(dataFile).getValue("AcNumber", row): null

2023-02-08 19:07:25 - [TEST_STEP][PASSED] - company = findTestData(dataFile).getValue("Company", row): null

2023-02-08 19:07:25 - [TEST_STEP][PASSED] - acType = findTestData(dataFile).getValue("AcType", row): null

2023-02-08 19:07:25 - [TEST_STEP][PASSED] - rtn = findTestData(dataFile).getValue("RTN", row): null

2023-02-08 19:07:26 - [TEST_STEP][PASSED] - amount = findTestData(dataFile).getValue("Amount", row): null

2023-02-08 19:07:26 - [TEST_STEP][PASSED] - sec = findTestData(dataFile).getValue("SEC", row): null

2023-02-08 19:07:26 - [TEST_STEP][PASSED] - openBrowser(VLinkURL + "debit.html"): Browser is opened with url: 'https://dev-algorithm.govolution.com/vlinktest/QA/version_2_0/debit.html'

2023-02-08 19:07:26 - [MESSAGE][WARNING] - A browser is already opened. Closing browser and opening a new one

2023-02-08 19:07:27 - [MESSAGE][INFO] - Starting 'Chrome' driver

2023-02-08 19:07:27 - [MESSAGE][INFO] - User set preference: ['acceptInsecureCerts', 'true']

2023-02-08 19:07:27 - [MESSAGE][INFO] - Action delay is set to 0 milliseconds

2023-02-08 19:07:28 - [MESSAGE][PASSED] - Browser is opened with url: 'https://dev-algorithm.govolution.com/vlinktest/QA/version_2_0/debit.html'

2023-02-08 19:07:28 - [TEST_STEP][PASSED] - maximizeWindow(): Current window maximized

2023-02-08 19:07:28 - [MESSAGE][PASSED] - Current window maximized

2023-02-08 19:07:28 - [TEST_STEP][PASSED] - genRemID = RandomStringUtils.random(12, true, true): null

2023-02-08 19:07:28 - [TEST_STEP][PASSED] - setText(findTestObject("RecAndPlayBk/Page-Vlink-Debit/input_Remittance Id"), genRemID): Text 'kiGG0MuKGLxL' is set on object 'Object Repository/RecAndPlayBk/Page-Vlink-Debit/input_Remittance Id'

2023-02-08 19:07:29 - [MESSAGE][PASSED] - Text 'kiGG0MuKGLxL' is set on object 'Object Repository/RecAndPlayBk/Page-Vlink-Debit/input_Remittance Id'

2023-02-08 19:07:29 - [TEST_STEP][PASSED] - setText(findTestObject("RecAndPlayBk/Page-Vlink-Debit/input_Application Id"), appID): Text '234' is set on object 'Object Repository/RecAndPlayBk/Page-Vlink-Debit/input_Application Id'

2023-02-08 19:07:30 - [MESSAGE][PASSED] - Text '234' is set on object 'Object Repository/RecAndPlayBk/Page-Vlink-Debit/input_Application Id'

2023-02-08 19:07:30 - [TEST_STEP][PASSED] - setText(findTestObject("RecAndPlayBk/Page-Vlink-Debit/input_Username"), username): Text 'username' is set on object 'Object Repository/RecAndPlayBk/Page-Vlink-Debit/input_Username'

2023-02-08 19:07:31 - [MESSAGE][PASSED] - Text 'username' is set on object 'Object Repository/RecAndPlayBk/Page-Vlink-Debit/input_Username'

2023-02-08 19:07:31 - [TEST_STEP][PASSED] - setText(findTestObject("RecAndPlayBk/Page-Vlink-Debit/input_Password"), password): Text 'password' is set on object 'Object Repository/RecAndPlayBk/Page-Vlink-Debit/input_Password'

2023-02-08 19:07:31 - [MESSAGE][PASSED] - Text 'password' is set on object 'Object Repository/RecAndPlayBk/Page-Vlink-Debit/input_Password'

2023-02-08 19:07:31 - [TEST_STEP][PASSED] - setText(findTestObject("RecAndPlayBk/Page-Vlink-Debit/input_Check Type"), checkType): Text 'C' is set on object 'Object Repository/RecAndPlayBk/Page-Vlink-Debit/input_Check Type'

2023-02-08 19:07:32 - [MESSAGE][PASSED] - Text 'C' is set on object 'Object Repository/RecAndPlayBk/Page-Vlink-Debit/input_Check Type'

2023-02-08 19:07:32 - [TEST_STEP][PASSED] - setText(findTestObject("RecAndPlayBk/Page-Vlink-Debit/input_Account_check"), acNumber): Text '58963214' is set on object 'Object Repository/RecAndPlayBk/Page-Vlink-Debit/input_Account_check'

2023-02-08 19:07:32 - [MESSAGE][PASSED] - Text '58963214' is set on object 'Object Repository/RecAndPlayBk/Page-Vlink-Debit/input_Account_check'

2023-02-08 19:07:32 - [TEST_STEP][PASSED] - setText(findTestObject("RecAndPlayBk/Page-Vlink-Debit/input_Company_check"), company): Text 'My Company' is set on object 'Object Repository/RecAndPlayBk/Page-Vlink-Debit/input_Company_check'

2023-02-08 19:07:33 - [MESSAGE][PASSED] - Text 'My Company' is set on object 'Object Repository/RecAndPlayBk/Page-Vlink-Debit/input_Company_check'

2023-02-08 19:07:33 - [TEST_STEP][PASSED] - setText(findTestObject("RecAndPlayBk/Page-Vlink-Debit/input_Account Type"), acType): Text '' is set on object 'Object Repository/RecAndPlayBk/Page-Vlink-Debit/input_Account Type'

2023-02-08 19:07:34 - [MESSAGE][PASSED] - Text '' is set on object 'Object Repository/RecAndPlayBk/Page-Vlink-Debit/input_Account Type'

2023-02-08 19:07:34 - [TEST_STEP][PASSED] - setText(findTestObject("RecAndPlayBk/Page-Vlink-Debit/input_Routing Number"), rtn): Text '256072691' is set on object 'Object Repository/RecAndPlayBk/Page-Vlink-Debit/input_Routing Number'

2023-02-08 19:07:34 - [MESSAGE][PASSED] - Text '256072691' is set on object 'Object Repository/RecAndPlayBk/Page-Vlink-Debit/input_Routing Number'

2023-02-08 19:07:34 - [TEST_STEP][PASSED] - setText(findTestObject("RecAndPlayBk/Page-Vlink-Debit/input_Amount"), amount): Text '12.50' is set on object 'Object Repository/RecAndPlayBk/Page-Vlink-Debit/input_Amount'

2023-02-08 19:07:35 - [MESSAGE][PASSED] - Text '12.50' is set on object 'Object Repository/RecAndPlayBk/Page-Vlink-Debit/input_Amount'

2023-02-08 19:07:35 - [TEST_STEP][PASSED] - setText(findTestObject("RecAndPlayBk/Page-Vlink-Debit/input_Check Email"), ""): Text '' is set on object 'Object Repository/RecAndPlayBk/Page-Vlink-Debit/input_Check Email'

2023-02-08 19:07:35 - [MESSAGE][PASSED] - Text '' is set on object 'Object Repository/RecAndPlayBk/Page-Vlink-Debit/input_Check Email'

2023-02-08 19:07:35 - [TEST_STEP][PASSED] - setText(findTestObject("Object Repository/RecAndPlayBk/Page-Vlink-Debit/input_concat(CheckWriter, , s SSN)_check_ssn"), ""): Text '' is set on object 'Object Repository/RecAndPlayBk/Page-Vlink-Debit/input_concat(CheckWriter, , s SSN)_check_ssn'

2023-02-08 19:07:36 - [MESSAGE][PASSED] - Text '' is set on object 'Object Repository/RecAndPlayBk/Page-Vlink-Debit/input_concat(CheckWriter, , s SSN)_check_ssn'

2023-02-08 19:07:36 - [TEST_STEP][PASSED] - setText(findTestObject("Object Repository/RecAndPlayBk/Page-Vlink-Debit/input_concat(CheckWriter, , s License Numbe_020fef"), ""): Text '' is set on object 'Object Repository/RecAndPlayBk/Page-Vlink-Debit/input_concat(CheckWriter, , s License Numbe_020fef'

2023-02-08 19:07:37 - [MESSAGE][PASSED] - Text '' is set on object 'Object Repository/RecAndPlayBk/Page-Vlink-Debit/input_concat(CheckWriter, , s License Numbe_020fef'

2023-02-08 19:07:37 - [TEST_STEP][PASSED] - setText(findTestObject("Object Repository/RecAndPlayBk/Page-Vlink-Debit/input_concat(CheckWriter, , s License State_21e3e7"), ""): Text '' is set on object 'Object Repository/RecAndPlayBk/Page-Vlink-Debit/input_concat(CheckWriter, , s License State_21e3e7'

2023-02-08 19:07:37 - [MESSAGE][PASSED] - Text '' is set on object 'Object Repository/RecAndPlayBk/Page-Vlink-Debit/input_concat(CheckWriter, , s License State_21e3e7'

2023-02-08 19:07:37 - [TEST_STEP][PASSED] - setText(findTestObject("RecAndPlayBk/Page-Vlink-Debit/input_Standard Entry Class"), sec): Text 'CCD' is set on object 'Object Repository/RecAndPlayBk/Page-Vlink-Debit/input_Standard Entry Class'

2023-02-08 19:07:38 - [MESSAGE][PASSED] - Text 'CCD' is set on object 'Object Repository/RecAndPlayBk/Page-Vlink-Debit/input_Standard Entry Class'

2023-02-08 19:07:38 - [TEST_STEP][PASSED] - click(findTestObject("Object Repository/RecAndPlayBk/Page-Vlink-Debit/input")): Object: 'Object Repository/RecAndPlayBk/Page-Vlink-Debit/input' is clicked on

2023-02-08 19:07:39 - [MESSAGE][PASSED] - Object: 'Object Repository/RecAndPlayBk/Page-Vlink-Debit/input' is clicked on

2023-02-08 19:07:39 - [TEST_STEP][PASSED] - if (verifyTextPresent("Transaction approved, no errors", true)): null

2023-02-08 19:07:39 - [MESSAGE][PASSED] - Text 'Transaction approved, no errors' is present on page  using regular expression

2023-02-08 19:07:39 - [TEST_STEP][PASSED] - println("Transaction Approved, no errors text is present on the Confirmation page"): null

2023-02-08 19:07:39 - [TEST_STEP][PASSED] - out.println("Pass Record Number: " + row): null

2023-02-08 19:07:39 - [TEST_STEP][PASSED] - resText = "Pass": null

2023-02-08 19:07:39 - [TEST_STEP][PASSED] - pages.WriteExcel.demoKey(resText, datText, resColumn, datCloumn, fileLoc, nameSheet, row): pages.WriteExcel.demoKey is PASSED

2023-02-08 19:07:39 - [MESSAGE][PASSED] - pages.WriteExcel.demoKey is PASSED]]></system-out>
         <system-err><![CDATA[]]></system-err>
      </testcase>
      <testcase name="Test Cases/RecAndPlayBk/VLink/Debit-ZeroDollar-Error" time="98.167" classname="Test Cases/RecAndPlayBk/VLink/Debit-ZeroDollar-Error" status="PASSED">
         <system-out><![CDATA[2023-02-08 19:07:39 - [TEST_CASE][PASSED] - Test Cases/RecAndPlayBk/VLink/Debit-ZeroDollar-Error: Test Cases/RecAndPlayBk/VLink/Debit-ZeroDollar-Error

2023-02-08 19:07:40 - [TEST_STEP][PASSED] - executionProfile = getExecutionProfile(): null

2023-02-08 19:07:40 - [TEST_STEP][PASSED] - out.println("executionProfile : " + executionProfile): null

2023-02-08 19:07:40 - [TEST_STEP][PASSED] - appName = <not implemented yet for class: org.codehaus.groovy.ast.expr.EmptyExpression>: null

2023-02-08 19:07:40 - [TEST_STEP][PASSED] - appID = <not implemented yet for class: org.codehaus.groovy.ast.expr.EmptyExpression>: null

2023-02-08 19:07:40 - [TEST_STEP][PASSED] - username = <not implemented yet for class: org.codehaus.groovy.ast.expr.EmptyExpression>: null

2023-02-08 19:07:40 - [TEST_STEP][PASSED] - password = <not implemented yet for class: org.codehaus.groovy.ast.expr.EmptyExpression>: null

2023-02-08 19:07:40 - [TEST_STEP][PASSED] - cardNameV = <not implemented yet for class: org.codehaus.groovy.ast.expr.EmptyExpression>: null

2023-02-08 19:07:40 - [TEST_STEP][PASSED] - al1V = <not implemented yet for class: org.codehaus.groovy.ast.expr.EmptyExpression>: null

2023-02-08 19:07:40 - [TEST_STEP][PASSED] - al2V = <not implemented yet for class: org.codehaus.groovy.ast.expr.EmptyExpression>: null

2023-02-08 19:07:40 - [TEST_STEP][PASSED] - zipV = <not implemented yet for class: org.codehaus.groovy.ast.expr.EmptyExpression>: null

2023-02-08 19:07:40 - [TEST_STEP][PASSED] - cardTypeV = <not implemented yet for class: org.codehaus.groovy.ast.expr.EmptyExpression>: null

2023-02-08 19:07:40 - [TEST_STEP][PASSED] - last4V = <not implemented yet for class: org.codehaus.groovy.ast.expr.EmptyExpression>: null

2023-02-08 19:07:40 - [TEST_STEP][PASSED] - resText = "Fail": null

2023-02-08 19:07:40 - [TEST_STEP][PASSED] - resColumn = "Result": null

2023-02-08 19:07:40 - [TEST_STEP][PASSED] - datCloumn = "Date": null

2023-02-08 19:07:40 - [TEST_STEP][PASSED] - fileLoc = "KatalonData/VLinkSmokeDataACH.xlsx": null

2023-02-08 19:07:40 - [TEST_STEP][PASSED] - numOfRows = <not implemented yet for class: org.codehaus.groovy.ast.expr.EmptyExpression>: null

2023-02-08 19:07:40 - [TEST_STEP][PASSED] - dataFile = <not implemented yet for class: org.codehaus.groovy.ast.expr.EmptyExpression>: null

2023-02-08 19:07:40 - [TEST_STEP][PASSED] - nameSheet = <not implemented yet for class: org.codehaus.groovy.ast.expr.EmptyExpression>: null

2023-02-08 19:07:40 - [TEST_STEP][PASSED] - nameSheet = "Debit-ZeroDollar": null

2023-02-08 19:07:40 - [TEST_STEP][PASSED] - numOfRows = findTestData("QA/VLinkTestData/VLinkDebitZeroDollar").getRowNumbers(): null

2023-02-08 19:07:40 - [TEST_STEP][PASSED] - println("Number of Records: " + numOfRows): null

2023-02-08 19:07:40 - [TEST_STEP][PASSED] - dataFile = "QA/VLinkTestData/VLinkDebitZeroDollar": null

2023-02-08 19:07:40 - [TEST_STEP][PASSED] - for ([row = 1, row <= numOfRows, (row++)]): null

2023-02-08 19:07:40 - [TEST_STEP][PASSED] - ExecuteTC = findTestData(dataFile).getValue("Execute", row): null

2023-02-08 19:07:40 - [TEST_STEP][PASSED] - out.println("Value of Execute is : " + ExecuteTC): null

2023-02-08 19:07:40 - [TEST_STEP][PASSED] - switch (executionProfile): null

2023-02-08 19:07:40 - [TEST_STEP][PASSED] - case "QAProfile":: null

2023-02-08 19:07:40 - [TEST_STEP][PASSED] - appID = findTestData(dataFile).getValue("AppIDQA", row): null

2023-02-08 19:07:40 - [TEST_STEP][PASSED] - username = findTestData(dataFile).getValue("UsernameQA", row): null

2023-02-08 19:07:40 - [TEST_STEP][PASSED] - password = findTestData(dataFile).getValue("PasswordQA", row): null

2023-02-08 19:07:40 - [TEST_STEP][PASSED] - break: null

2023-02-08 19:07:40 - [TEST_STEP][PASSED] - if (ExecuteTC.equalsIgnoreCase("Y")): null

2023-02-08 19:07:40 - [TEST_STEP][PASSED] - out.println("Begin Record Number: " + row): null

2023-02-08 19:07:40 - [TEST_STEP][PASSED] - today = new java.util.Date(): null

2023-02-08 19:07:40 - [TEST_STEP][PASSED] - println(today): null

2023-02-08 19:07:40 - [TEST_STEP][PASSED] - datText = today: null

2023-02-08 19:07:40 - [TEST_STEP][PASSED] - checkType = findTestData(dataFile).getValue("CheckType", row): null

2023-02-08 19:07:40 - [TEST_STEP][PASSED] - acNumber = findTestData(dataFile).getValue("AcNumber", row): null

2023-02-08 19:07:40 - [TEST_STEP][PASSED] - company = findTestData(dataFile).getValue("Company", row): null

2023-02-08 19:07:40 - [TEST_STEP][PASSED] - acType = findTestData(dataFile).getValue("AcType", row): null

2023-02-08 19:07:40 - [TEST_STEP][PASSED] - rtn = findTestData(dataFile).getValue("RTN", row): null

2023-02-08 19:07:40 - [TEST_STEP][PASSED] - amount = findTestData(dataFile).getValue("Amount", row): null

2023-02-08 19:07:40 - [TEST_STEP][PASSED] - sec = findTestData(dataFile).getValue("SEC", row): null

2023-02-08 19:07:40 - [TEST_STEP][PASSED] - openBrowser(VLinkURL + "debit.html"): Browser is opened with url: 'https://dev-algorithm.govolution.com/vlinktest/QA/version_2_0/debit.html'

2023-02-08 19:07:40 - [MESSAGE][WARNING] - A browser is already opened. Closing browser and opening a new one

2023-02-08 19:07:41 - [MESSAGE][INFO] - Starting 'Chrome' driver

2023-02-08 19:07:41 - [MESSAGE][INFO] - User set preference: ['acceptInsecureCerts', 'true']

2023-02-08 19:07:41 - [MESSAGE][INFO] - Action delay is set to 0 milliseconds

2023-02-08 19:07:43 - [MESSAGE][PASSED] - Browser is opened with url: 'https://dev-algorithm.govolution.com/vlinktest/QA/version_2_0/debit.html'

2023-02-08 19:07:43 - [TEST_STEP][PASSED] - maximizeWindow(): Current window maximized

2023-02-08 19:07:43 - [MESSAGE][PASSED] - Current window maximized

2023-02-08 19:07:43 - [TEST_STEP][PASSED] - genRemID = RandomStringUtils.random(12, true, true): null

2023-02-08 19:07:43 - [TEST_STEP][PASSED] - setText(findTestObject("RecAndPlayBk/Page-Vlink-Debit/input_Remittance Id"), genRemID): Text 'eTpGMgTxcbNX' is set on object 'Object Repository/RecAndPlayBk/Page-Vlink-Debit/input_Remittance Id'

2023-02-08 19:07:44 - [MESSAGE][PASSED] - Text 'eTpGMgTxcbNX' is set on object 'Object Repository/RecAndPlayBk/Page-Vlink-Debit/input_Remittance Id'

2023-02-08 19:07:44 - [TEST_STEP][PASSED] - setText(findTestObject("RecAndPlayBk/Page-Vlink-Debit/input_Application Id"), appID): Text '234' is set on object 'Object Repository/RecAndPlayBk/Page-Vlink-Debit/input_Application Id'

2023-02-08 19:07:45 - [MESSAGE][PASSED] - Text '234' is set on object 'Object Repository/RecAndPlayBk/Page-Vlink-Debit/input_Application Id'

2023-02-08 19:07:45 - [TEST_STEP][PASSED] - setText(findTestObject("RecAndPlayBk/Page-Vlink-Debit/input_Username"), username): Text 'username' is set on object 'Object Repository/RecAndPlayBk/Page-Vlink-Debit/input_Username'

2023-02-08 19:07:45 - [MESSAGE][PASSED] - Text 'username' is set on object 'Object Repository/RecAndPlayBk/Page-Vlink-Debit/input_Username'

2023-02-08 19:07:45 - [TEST_STEP][PASSED] - setText(findTestObject("RecAndPlayBk/Page-Vlink-Debit/input_Password"), password): Text 'password' is set on object 'Object Repository/RecAndPlayBk/Page-Vlink-Debit/input_Password'

2023-02-08 19:07:46 - [MESSAGE][PASSED] - Text 'password' is set on object 'Object Repository/RecAndPlayBk/Page-Vlink-Debit/input_Password'

2023-02-08 19:07:46 - [TEST_STEP][PASSED] - setText(findTestObject("RecAndPlayBk/Page-Vlink-Debit/input_Check Type"), checkType): Text 'P' is set on object 'Object Repository/RecAndPlayBk/Page-Vlink-Debit/input_Check Type'

2023-02-08 19:07:47 - [MESSAGE][PASSED] - Text 'P' is set on object 'Object Repository/RecAndPlayBk/Page-Vlink-Debit/input_Check Type'

2023-02-08 19:07:47 - [TEST_STEP][PASSED] - setText(findTestObject("RecAndPlayBk/Page-Vlink-Debit/input_Account_check"), acNumber): Text '58963214' is set on object 'Object Repository/RecAndPlayBk/Page-Vlink-Debit/input_Account_check'

2023-02-08 19:07:47 - [MESSAGE][PASSED] - Text '58963214' is set on object 'Object Repository/RecAndPlayBk/Page-Vlink-Debit/input_Account_check'

2023-02-08 19:07:47 - [TEST_STEP][PASSED] - setText(findTestObject("RecAndPlayBk/Page-Vlink-Debit/input_Company_check"), company): Text '' is set on object 'Object Repository/RecAndPlayBk/Page-Vlink-Debit/input_Company_check'

2023-02-08 19:07:48 - [MESSAGE][PASSED] - Text '' is set on object 'Object Repository/RecAndPlayBk/Page-Vlink-Debit/input_Company_check'

2023-02-08 19:07:48 - [TEST_STEP][PASSED] - setText(findTestObject("RecAndPlayBk/Page-Vlink-Debit/input_Account Type"), acType): Text '1' is set on object 'Object Repository/RecAndPlayBk/Page-Vlink-Debit/input_Account Type'

2023-02-08 19:07:49 - [MESSAGE][PASSED] - Text '1' is set on object 'Object Repository/RecAndPlayBk/Page-Vlink-Debit/input_Account Type'

2023-02-08 19:07:49 - [TEST_STEP][PASSED] - setText(findTestObject("RecAndPlayBk/Page-Vlink-Debit/input_Routing Number"), rtn): Text '256072691' is set on object 'Object Repository/RecAndPlayBk/Page-Vlink-Debit/input_Routing Number'

2023-02-08 19:07:49 - [MESSAGE][PASSED] - Text '256072691' is set on object 'Object Repository/RecAndPlayBk/Page-Vlink-Debit/input_Routing Number'

2023-02-08 19:07:49 - [TEST_STEP][PASSED] - setText(findTestObject("RecAndPlayBk/Page-Vlink-Debit/input_Amount"), amount): Text '0' is set on object 'Object Repository/RecAndPlayBk/Page-Vlink-Debit/input_Amount'

2023-02-08 19:07:50 - [MESSAGE][PASSED] - Text '0' is set on object 'Object Repository/RecAndPlayBk/Page-Vlink-Debit/input_Amount'

2023-02-08 19:07:50 - [TEST_STEP][PASSED] - setText(findTestObject("RecAndPlayBk/Page-Vlink-Debit/input_Check Email"), ""): Text '' is set on object 'Object Repository/RecAndPlayBk/Page-Vlink-Debit/input_Check Email'

2023-02-08 19:07:51 - [MESSAGE][PASSED] - Text '' is set on object 'Object Repository/RecAndPlayBk/Page-Vlink-Debit/input_Check Email'

2023-02-08 19:07:51 - [TEST_STEP][PASSED] - setText(findTestObject("Object Repository/RecAndPlayBk/Page-Vlink-Debit/input_concat(CheckWriter, , s SSN)_check_ssn"), ""): Text '' is set on object 'Object Repository/RecAndPlayBk/Page-Vlink-Debit/input_concat(CheckWriter, , s SSN)_check_ssn'

2023-02-08 19:07:51 - [MESSAGE][PASSED] - Text '' is set on object 'Object Repository/RecAndPlayBk/Page-Vlink-Debit/input_concat(CheckWriter, , s SSN)_check_ssn'

2023-02-08 19:07:51 - [TEST_STEP][PASSED] - setText(findTestObject("Object Repository/RecAndPlayBk/Page-Vlink-Debit/input_concat(CheckWriter, , s License Numbe_020fef"), ""): Text '' is set on object 'Object Repository/RecAndPlayBk/Page-Vlink-Debit/input_concat(CheckWriter, , s License Numbe_020fef'

2023-02-08 19:07:52 - [MESSAGE][PASSED] - Text '' is set on object 'Object Repository/RecAndPlayBk/Page-Vlink-Debit/input_concat(CheckWriter, , s License Numbe_020fef'

2023-02-08 19:07:52 - [TEST_STEP][PASSED] - setText(findTestObject("Object Repository/RecAndPlayBk/Page-Vlink-Debit/input_concat(CheckWriter, , s License State_21e3e7"), ""): Text '' is set on object 'Object Repository/RecAndPlayBk/Page-Vlink-Debit/input_concat(CheckWriter, , s License State_21e3e7'

2023-02-08 19:07:53 - [MESSAGE][PASSED] - Text '' is set on object 'Object Repository/RecAndPlayBk/Page-Vlink-Debit/input_concat(CheckWriter, , s License State_21e3e7'

2023-02-08 19:07:53 - [TEST_STEP][PASSED] - setText(findTestObject("RecAndPlayBk/Page-Vlink-Debit/input_Standard Entry Class"), sec): Text 'WEB' is set on object 'Object Repository/RecAndPlayBk/Page-Vlink-Debit/input_Standard Entry Class'

2023-02-08 19:07:53 - [MESSAGE][PASSED] - Text 'WEB' is set on object 'Object Repository/RecAndPlayBk/Page-Vlink-Debit/input_Standard Entry Class'

2023-02-08 19:07:53 - [TEST_STEP][PASSED] - click(findTestObject("Object Repository/RecAndPlayBk/Page-Vlink-Debit/input")): Object: 'Object Repository/RecAndPlayBk/Page-Vlink-Debit/input' is clicked on

2023-02-08 19:07:54 - [MESSAGE][PASSED] - Object: 'Object Repository/RecAndPlayBk/Page-Vlink-Debit/input' is clicked on

2023-02-08 19:07:54 - [TEST_STEP][PASSED] - if (verifyTextPresent("invalid: amount", true)): null

2023-02-08 19:07:54 - [MESSAGE][PASSED] - Text 'invalid: amount' is present on page  using regular expression

2023-02-08 19:07:54 - [TEST_STEP][PASSED] - println("invalid: amount text is present on the Confirmation page"): null

2023-02-08 19:07:54 - [TEST_STEP][PASSED] - out.println("Pass Record Number: " + row): null

2023-02-08 19:07:54 - [TEST_STEP][PASSED] - resText = "Pass": null

2023-02-08 19:07:54 - [TEST_STEP][PASSED] - pages.WriteExcel.demoKey(resText, datText, resColumn, datCloumn, fileLoc, nameSheet, row): pages.WriteExcel.demoKey is PASSED

2023-02-08 19:07:54 - [MESSAGE][PASSED] - pages.WriteExcel.demoKey is PASSED

2023-02-08 19:07:54 - [TEST_STEP][PASSED] - ExecuteTC = findTestData(dataFile).getValue("Execute", row): null

2023-02-08 19:07:54 - [TEST_STEP][PASSED] - out.println("Value of Execute is : " + ExecuteTC): null

2023-02-08 19:07:54 - [TEST_STEP][PASSED] - switch (executionProfile): null

2023-02-08 19:07:54 - [TEST_STEP][PASSED] - case "QAProfile":: null

2023-02-08 19:07:54 - [TEST_STEP][PASSED] - appID = findTestData(dataFile).getValue("AppIDQA", row): null

2023-02-08 19:07:54 - [TEST_STEP][PASSED] - username = findTestData(dataFile).getValue("UsernameQA", row): null

2023-02-08 19:07:55 - [TEST_STEP][PASSED] - password = findTestData(dataFile).getValue("PasswordQA", row): null

2023-02-08 19:07:55 - [TEST_STEP][PASSED] - break: null

2023-02-08 19:07:55 - [TEST_STEP][PASSED] - if (ExecuteTC.equalsIgnoreCase("Y")): null

2023-02-08 19:07:55 - [TEST_STEP][PASSED] - out.println("Begin Record Number: " + row): null

2023-02-08 19:07:55 - [TEST_STEP][PASSED] - today = new java.util.Date(): null

2023-02-08 19:07:55 - [TEST_STEP][PASSED] - println(today): null

2023-02-08 19:07:55 - [TEST_STEP][PASSED] - datText = today: null

2023-02-08 19:07:55 - [TEST_STEP][PASSED] - checkType = findTestData(dataFile).getValue("CheckType", row): null

2023-02-08 19:07:55 - [TEST_STEP][PASSED] - acNumber = findTestData(dataFile).getValue("AcNumber", row): null

2023-02-08 19:07:55 - [TEST_STEP][PASSED] - company = findTestData(dataFile).getValue("Company", row): null

2023-02-08 19:07:55 - [TEST_STEP][PASSED] - acType = findTestData(dataFile).getValue("AcType", row): null

2023-02-08 19:07:55 - [TEST_STEP][PASSED] - rtn = findTestData(dataFile).getValue("RTN", row): null

2023-02-08 19:07:55 - [TEST_STEP][PASSED] - amount = findTestData(dataFile).getValue("Amount", row): null

2023-02-08 19:07:55 - [TEST_STEP][PASSED] - sec = findTestData(dataFile).getValue("SEC", row): null

2023-02-08 19:07:55 - [TEST_STEP][PASSED] - openBrowser(VLinkURL + "debit.html"): Browser is opened with url: 'https://dev-algorithm.govolution.com/vlinktest/QA/version_2_0/debit.html'

2023-02-08 19:07:55 - [MESSAGE][WARNING] - A browser is already opened. Closing browser and opening a new one

2023-02-08 19:07:56 - [MESSAGE][INFO] - Starting 'Chrome' driver

2023-02-08 19:07:56 - [MESSAGE][INFO] - User set preference: ['acceptInsecureCerts', 'true']

2023-02-08 19:07:56 - [MESSAGE][INFO] - Action delay is set to 0 milliseconds

2023-02-08 19:07:58 - [MESSAGE][PASSED] - Browser is opened with url: 'https://dev-algorithm.govolution.com/vlinktest/QA/version_2_0/debit.html'

2023-02-08 19:07:58 - [TEST_STEP][PASSED] - maximizeWindow(): Current window maximized

2023-02-08 19:07:58 - [MESSAGE][PASSED] - Current window maximized

2023-02-08 19:07:58 - [TEST_STEP][PASSED] - genRemID = RandomStringUtils.random(12, true, true): null

2023-02-08 19:07:58 - [TEST_STEP][PASSED] - setText(findTestObject("RecAndPlayBk/Page-Vlink-Debit/input_Remittance Id"), genRemID): Text 'bhV4CfomftiJ' is set on object 'Object Repository/RecAndPlayBk/Page-Vlink-Debit/input_Remittance Id'

2023-02-08 19:07:58 - [MESSAGE][PASSED] - Text 'bhV4CfomftiJ' is set on object 'Object Repository/RecAndPlayBk/Page-Vlink-Debit/input_Remittance Id'

2023-02-08 19:07:58 - [TEST_STEP][PASSED] - setText(findTestObject("RecAndPlayBk/Page-Vlink-Debit/input_Application Id"), appID): Text '234' is set on object 'Object Repository/RecAndPlayBk/Page-Vlink-Debit/input_Application Id'

2023-02-08 19:07:59 - [MESSAGE][PASSED] - Text '234' is set on object 'Object Repository/RecAndPlayBk/Page-Vlink-Debit/input_Application Id'

2023-02-08 19:07:59 - [TEST_STEP][PASSED] - setText(findTestObject("RecAndPlayBk/Page-Vlink-Debit/input_Username"), username): Text 'username' is set on object 'Object Repository/RecAndPlayBk/Page-Vlink-Debit/input_Username'

2023-02-08 19:08:00 - [MESSAGE][PASSED] - Text 'username' is set on object 'Object Repository/RecAndPlayBk/Page-Vlink-Debit/input_Username'

2023-02-08 19:08:00 - [TEST_STEP][PASSED] - setText(findTestObject("RecAndPlayBk/Page-Vlink-Debit/input_Password"), password): Text 'password' is set on object 'Object Repository/RecAndPlayBk/Page-Vlink-Debit/input_Password'

2023-02-08 19:08:00 - [MESSAGE][PASSED] - Text 'password' is set on object 'Object Repository/RecAndPlayBk/Page-Vlink-Debit/input_Password'

2023-02-08 19:08:00 - [TEST_STEP][PASSED] - setText(findTestObject("RecAndPlayBk/Page-Vlink-Debit/input_Check Type"), checkType): Text 'P' is set on object 'Object Repository/RecAndPlayBk/Page-Vlink-Debit/input_Check Type'

2023-02-08 19:08:01 - [MESSAGE][PASSED] - Text 'P' is set on object 'Object Repository/RecAndPlayBk/Page-Vlink-Debit/input_Check Type'

2023-02-08 19:08:01 - [TEST_STEP][PASSED] - setText(findTestObject("RecAndPlayBk/Page-Vlink-Debit/input_Account_check"), acNumber): Text '58963214' is set on object 'Object Repository/RecAndPlayBk/Page-Vlink-Debit/input_Account_check'

2023-02-08 19:08:02 - [MESSAGE][PASSED] - Text '58963214' is set on object 'Object Repository/RecAndPlayBk/Page-Vlink-Debit/input_Account_check'

2023-02-08 19:08:02 - [TEST_STEP][PASSED] - setText(findTestObject("RecAndPlayBk/Page-Vlink-Debit/input_Company_check"), company): Text '' is set on object 'Object Repository/RecAndPlayBk/Page-Vlink-Debit/input_Company_check'

2023-02-08 19:08:02 - [MESSAGE][PASSED] - Text '' is set on object 'Object Repository/RecAndPlayBk/Page-Vlink-Debit/input_Company_check'

2023-02-08 19:08:02 - [TEST_STEP][PASSED] - setText(findTestObject("RecAndPlayBk/Page-Vlink-Debit/input_Account Type"), acType): Text '1' is set on object 'Object Repository/RecAndPlayBk/Page-Vlink-Debit/input_Account Type'

2023-02-08 19:08:03 - [MESSAGE][PASSED] - Text '1' is set on object 'Object Repository/RecAndPlayBk/Page-Vlink-Debit/input_Account Type'

2023-02-08 19:08:03 - [TEST_STEP][PASSED] - setText(findTestObject("RecAndPlayBk/Page-Vlink-Debit/input_Routing Number"), rtn): Text '256072691' is set on object 'Object Repository/RecAndPlayBk/Page-Vlink-Debit/input_Routing Number'

2023-02-08 19:08:03 - [MESSAGE][PASSED] - Text '256072691' is set on object 'Object Repository/RecAndPlayBk/Page-Vlink-Debit/input_Routing Number'

2023-02-08 19:08:03 - [TEST_STEP][PASSED] - setText(findTestObject("RecAndPlayBk/Page-Vlink-Debit/input_Amount"), amount): Text '0' is set on object 'Object Repository/RecAndPlayBk/Page-Vlink-Debit/input_Amount'

2023-02-08 19:08:04 - [MESSAGE][PASSED] - Text '0' is set on object 'Object Repository/RecAndPlayBk/Page-Vlink-Debit/input_Amount'

2023-02-08 19:08:04 - [TEST_STEP][PASSED] - setText(findTestObject("RecAndPlayBk/Page-Vlink-Debit/input_Check Email"), ""): Text '' is set on object 'Object Repository/RecAndPlayBk/Page-Vlink-Debit/input_Check Email'

2023-02-08 19:08:05 - [MESSAGE][PASSED] - Text '' is set on object 'Object Repository/RecAndPlayBk/Page-Vlink-Debit/input_Check Email'

2023-02-08 19:08:05 - [TEST_STEP][PASSED] - setText(findTestObject("Object Repository/RecAndPlayBk/Page-Vlink-Debit/input_concat(CheckWriter, , s SSN)_check_ssn"), ""): Text '' is set on object 'Object Repository/RecAndPlayBk/Page-Vlink-Debit/input_concat(CheckWriter, , s SSN)_check_ssn'

2023-02-08 19:08:05 - [MESSAGE][PASSED] - Text '' is set on object 'Object Repository/RecAndPlayBk/Page-Vlink-Debit/input_concat(CheckWriter, , s SSN)_check_ssn'

2023-02-08 19:08:05 - [TEST_STEP][PASSED] - setText(findTestObject("Object Repository/RecAndPlayBk/Page-Vlink-Debit/input_concat(CheckWriter, , s License Numbe_020fef"), ""): Text '' is set on object 'Object Repository/RecAndPlayBk/Page-Vlink-Debit/input_concat(CheckWriter, , s License Numbe_020fef'

2023-02-08 19:08:06 - [MESSAGE][PASSED] - Text '' is set on object 'Object Repository/RecAndPlayBk/Page-Vlink-Debit/input_concat(CheckWriter, , s License Numbe_020fef'

2023-02-08 19:08:06 - [TEST_STEP][PASSED] - setText(findTestObject("Object Repository/RecAndPlayBk/Page-Vlink-Debit/input_concat(CheckWriter, , s License State_21e3e7"), ""): Text '' is set on object 'Object Repository/RecAndPlayBk/Page-Vlink-Debit/input_concat(CheckWriter, , s License State_21e3e7'

2023-02-08 19:08:07 - [MESSAGE][PASSED] - Text '' is set on object 'Object Repository/RecAndPlayBk/Page-Vlink-Debit/input_concat(CheckWriter, , s License State_21e3e7'

2023-02-08 19:08:07 - [TEST_STEP][PASSED] - setText(findTestObject("RecAndPlayBk/Page-Vlink-Debit/input_Standard Entry Class"), sec): Text 'TEL' is set on object 'Object Repository/RecAndPlayBk/Page-Vlink-Debit/input_Standard Entry Class'

2023-02-08 19:08:07 - [MESSAGE][PASSED] - Text 'TEL' is set on object 'Object Repository/RecAndPlayBk/Page-Vlink-Debit/input_Standard Entry Class'

2023-02-08 19:08:07 - [TEST_STEP][PASSED] - click(findTestObject("Object Repository/RecAndPlayBk/Page-Vlink-Debit/input")): Object: 'Object Repository/RecAndPlayBk/Page-Vlink-Debit/input' is clicked on

2023-02-08 19:08:08 - [MESSAGE][PASSED] - Object: 'Object Repository/RecAndPlayBk/Page-Vlink-Debit/input' is clicked on

2023-02-08 19:08:08 - [TEST_STEP][PASSED] - if (verifyTextPresent("invalid: amount", true)): null

2023-02-08 19:08:08 - [MESSAGE][PASSED] - Text 'invalid: amount' is present on page  using regular expression

2023-02-08 19:08:08 - [TEST_STEP][PASSED] - println("invalid: amount text is present on the Confirmation page"): null

2023-02-08 19:08:08 - [TEST_STEP][PASSED] - out.println("Pass Record Number: " + row): null

2023-02-08 19:08:08 - [TEST_STEP][PASSED] - resText = "Pass": null

2023-02-08 19:08:08 - [TEST_STEP][PASSED] - pages.WriteExcel.demoKey(resText, datText, resColumn, datCloumn, fileLoc, nameSheet, row): pages.WriteExcel.demoKey is PASSED

2023-02-08 19:08:08 - [MESSAGE][PASSED] - pages.WriteExcel.demoKey is PASSED

2023-02-08 19:08:08 - [TEST_STEP][PASSED] - ExecuteTC = findTestData(dataFile).getValue("Execute", row): null

2023-02-08 19:08:08 - [TEST_STEP][PASSED] - out.println("Value of Execute is : " + ExecuteTC): null

2023-02-08 19:08:08 - [TEST_STEP][PASSED] - switch (executionProfile): null

2023-02-08 19:08:08 - [TEST_STEP][PASSED] - case "QAProfile":: null

2023-02-08 19:08:08 - [TEST_STEP][PASSED] - appID = findTestData(dataFile).getValue("AppIDQA", row): null

2023-02-08 19:08:08 - [TEST_STEP][PASSED] - username = findTestData(dataFile).getValue("UsernameQA", row): null

2023-02-08 19:08:08 - [TEST_STEP][PASSED] - password = findTestData(dataFile).getValue("PasswordQA", row): null

2023-02-08 19:08:08 - [TEST_STEP][PASSED] - break: null

2023-02-08 19:08:08 - [TEST_STEP][PASSED] - if (ExecuteTC.equalsIgnoreCase("Y")): null

2023-02-08 19:08:08 - [TEST_STEP][PASSED] - out.println("Begin Record Number: " + row): null

2023-02-08 19:08:08 - [TEST_STEP][PASSED] - today = new java.util.Date(): null

2023-02-08 19:08:08 - [TEST_STEP][PASSED] - println(today): null

2023-02-08 19:08:08 - [TEST_STEP][PASSED] - datText = today: null

2023-02-08 19:08:08 - [TEST_STEP][PASSED] - checkType = findTestData(dataFile).getValue("CheckType", row): null

2023-02-08 19:08:08 - [TEST_STEP][PASSED] - acNumber = findTestData(dataFile).getValue("AcNumber", row): null

2023-02-08 19:08:08 - [TEST_STEP][PASSED] - company = findTestData(dataFile).getValue("Company", row): null

2023-02-08 19:08:09 - [TEST_STEP][PASSED] - acType = findTestData(dataFile).getValue("AcType", row): null

2023-02-08 19:08:09 - [TEST_STEP][PASSED] - rtn = findTestData(dataFile).getValue("RTN", row): null

2023-02-08 19:08:09 - [TEST_STEP][PASSED] - amount = findTestData(dataFile).getValue("Amount", row): null

2023-02-08 19:08:09 - [TEST_STEP][PASSED] - sec = findTestData(dataFile).getValue("SEC", row): null

2023-02-08 19:08:09 - [TEST_STEP][PASSED] - openBrowser(VLinkURL + "debit.html"): Browser is opened with url: 'https://dev-algorithm.govolution.com/vlinktest/QA/version_2_0/debit.html'

2023-02-08 19:08:09 - [MESSAGE][WARNING] - A browser is already opened. Closing browser and opening a new one

2023-02-08 19:08:10 - [MESSAGE][INFO] - Starting 'Chrome' driver

2023-02-08 19:08:10 - [MESSAGE][INFO] - User set preference: ['acceptInsecureCerts', 'true']

2023-02-08 19:08:10 - [MESSAGE][INFO] - Action delay is set to 0 milliseconds

2023-02-08 19:08:11 - [MESSAGE][PASSED] - Browser is opened with url: 'https://dev-algorithm.govolution.com/vlinktest/QA/version_2_0/debit.html'

2023-02-08 19:08:11 - [TEST_STEP][PASSED] - maximizeWindow(): Current window maximized

2023-02-08 19:08:12 - [MESSAGE][PASSED] - Current window maximized

2023-02-08 19:08:12 - [TEST_STEP][PASSED] - genRemID = RandomStringUtils.random(12, true, true): null

2023-02-08 19:08:12 - [TEST_STEP][PASSED] - setText(findTestObject("RecAndPlayBk/Page-Vlink-Debit/input_Remittance Id"), genRemID): Text 'MOBlupgUCXfn' is set on object 'Object Repository/RecAndPlayBk/Page-Vlink-Debit/input_Remittance Id'

2023-02-08 19:08:12 - [MESSAGE][PASSED] - Text 'MOBlupgUCXfn' is set on object 'Object Repository/RecAndPlayBk/Page-Vlink-Debit/input_Remittance Id'

2023-02-08 19:08:12 - [TEST_STEP][PASSED] - setText(findTestObject("RecAndPlayBk/Page-Vlink-Debit/input_Application Id"), appID): Text '234' is set on object 'Object Repository/RecAndPlayBk/Page-Vlink-Debit/input_Application Id'

2023-02-08 19:08:13 - [MESSAGE][PASSED] - Text '234' is set on object 'Object Repository/RecAndPlayBk/Page-Vlink-Debit/input_Application Id'

2023-02-08 19:08:13 - [TEST_STEP][PASSED] - setText(findTestObject("RecAndPlayBk/Page-Vlink-Debit/input_Username"), username): Text 'username' is set on object 'Object Repository/RecAndPlayBk/Page-Vlink-Debit/input_Username'

2023-02-08 19:08:14 - [MESSAGE][PASSED] - Text 'username' is set on object 'Object Repository/RecAndPlayBk/Page-Vlink-Debit/input_Username'

2023-02-08 19:08:14 - [TEST_STEP][PASSED] - setText(findTestObject("RecAndPlayBk/Page-Vlink-Debit/input_Password"), password): Text 'password' is set on object 'Object Repository/RecAndPlayBk/Page-Vlink-Debit/input_Password'

2023-02-08 19:08:14 - [MESSAGE][PASSED] - Text 'password' is set on object 'Object Repository/RecAndPlayBk/Page-Vlink-Debit/input_Password'

2023-02-08 19:08:14 - [TEST_STEP][PASSED] - setText(findTestObject("RecAndPlayBk/Page-Vlink-Debit/input_Check Type"), checkType): Text 'P' is set on object 'Object Repository/RecAndPlayBk/Page-Vlink-Debit/input_Check Type'

2023-02-08 19:08:15 - [MESSAGE][PASSED] - Text 'P' is set on object 'Object Repository/RecAndPlayBk/Page-Vlink-Debit/input_Check Type'

2023-02-08 19:08:15 - [TEST_STEP][PASSED] - setText(findTestObject("RecAndPlayBk/Page-Vlink-Debit/input_Account_check"), acNumber): Text '58963214' is set on object 'Object Repository/RecAndPlayBk/Page-Vlink-Debit/input_Account_check'

2023-02-08 19:08:15 - [MESSAGE][PASSED] - Text '58963214' is set on object 'Object Repository/RecAndPlayBk/Page-Vlink-Debit/input_Account_check'

2023-02-08 19:08:15 - [TEST_STEP][PASSED] - setText(findTestObject("RecAndPlayBk/Page-Vlink-Debit/input_Company_check"), company): Text '' is set on object 'Object Repository/RecAndPlayBk/Page-Vlink-Debit/input_Company_check'

2023-02-08 19:08:16 - [MESSAGE][PASSED] - Text '' is set on object 'Object Repository/RecAndPlayBk/Page-Vlink-Debit/input_Company_check'

2023-02-08 19:08:16 - [TEST_STEP][PASSED] - setText(findTestObject("RecAndPlayBk/Page-Vlink-Debit/input_Account Type"), acType): Text '1' is set on object 'Object Repository/RecAndPlayBk/Page-Vlink-Debit/input_Account Type'

2023-02-08 19:08:17 - [MESSAGE][PASSED] - Text '1' is set on object 'Object Repository/RecAndPlayBk/Page-Vlink-Debit/input_Account Type'

2023-02-08 19:08:17 - [TEST_STEP][PASSED] - setText(findTestObject("RecAndPlayBk/Page-Vlink-Debit/input_Routing Number"), rtn): Text '256072691' is set on object 'Object Repository/RecAndPlayBk/Page-Vlink-Debit/input_Routing Number'

2023-02-08 19:08:17 - [MESSAGE][PASSED] - Text '256072691' is set on object 'Object Repository/RecAndPlayBk/Page-Vlink-Debit/input_Routing Number'

2023-02-08 19:08:17 - [TEST_STEP][PASSED] - setText(findTestObject("RecAndPlayBk/Page-Vlink-Debit/input_Amount"), amount): Text '0' is set on object 'Object Repository/RecAndPlayBk/Page-Vlink-Debit/input_Amount'

2023-02-08 19:08:18 - [MESSAGE][PASSED] - Text '0' is set on object 'Object Repository/RecAndPlayBk/Page-Vlink-Debit/input_Amount'

2023-02-08 19:08:18 - [TEST_STEP][PASSED] - setText(findTestObject("RecAndPlayBk/Page-Vlink-Debit/input_Check Email"), ""): Text '' is set on object 'Object Repository/RecAndPlayBk/Page-Vlink-Debit/input_Check Email'

2023-02-08 19:08:19 - [MESSAGE][PASSED] - Text '' is set on object 'Object Repository/RecAndPlayBk/Page-Vlink-Debit/input_Check Email'

2023-02-08 19:08:19 - [TEST_STEP][PASSED] - setText(findTestObject("Object Repository/RecAndPlayBk/Page-Vlink-Debit/input_concat(CheckWriter, , s SSN)_check_ssn"), ""): Text '' is set on object 'Object Repository/RecAndPlayBk/Page-Vlink-Debit/input_concat(CheckWriter, , s SSN)_check_ssn'

2023-02-08 19:08:19 - [MESSAGE][PASSED] - Text '' is set on object 'Object Repository/RecAndPlayBk/Page-Vlink-Debit/input_concat(CheckWriter, , s SSN)_check_ssn'

2023-02-08 19:08:19 - [TEST_STEP][PASSED] - setText(findTestObject("Object Repository/RecAndPlayBk/Page-Vlink-Debit/input_concat(CheckWriter, , s License Numbe_020fef"), ""): Text '' is set on object 'Object Repository/RecAndPlayBk/Page-Vlink-Debit/input_concat(CheckWriter, , s License Numbe_020fef'

2023-02-08 19:08:20 - [MESSAGE][PASSED] - Text '' is set on object 'Object Repository/RecAndPlayBk/Page-Vlink-Debit/input_concat(CheckWriter, , s License Numbe_020fef'

2023-02-08 19:08:20 - [TEST_STEP][PASSED] - setText(findTestObject("Object Repository/RecAndPlayBk/Page-Vlink-Debit/input_concat(CheckWriter, , s License State_21e3e7"), ""): Text '' is set on object 'Object Repository/RecAndPlayBk/Page-Vlink-Debit/input_concat(CheckWriter, , s License State_21e3e7'

2023-02-08 19:08:20 - [MESSAGE][PASSED] - Text '' is set on object 'Object Repository/RecAndPlayBk/Page-Vlink-Debit/input_concat(CheckWriter, , s License State_21e3e7'

2023-02-08 19:08:20 - [TEST_STEP][PASSED] - setText(findTestObject("RecAndPlayBk/Page-Vlink-Debit/input_Standard Entry Class"), sec): Text 'PPD' is set on object 'Object Repository/RecAndPlayBk/Page-Vlink-Debit/input_Standard Entry Class'

2023-02-08 19:08:21 - [MESSAGE][PASSED] - Text 'PPD' is set on object 'Object Repository/RecAndPlayBk/Page-Vlink-Debit/input_Standard Entry Class'

2023-02-08 19:08:21 - [TEST_STEP][PASSED] - click(findTestObject("Object Repository/RecAndPlayBk/Page-Vlink-Debit/input")): Object: 'Object Repository/RecAndPlayBk/Page-Vlink-Debit/input' is clicked on

2023-02-08 19:08:22 - [MESSAGE][PASSED] - Object: 'Object Repository/RecAndPlayBk/Page-Vlink-Debit/input' is clicked on

2023-02-08 19:08:22 - [TEST_STEP][PASSED] - if (verifyTextPresent("invalid: amount", true)): null

2023-02-08 19:08:22 - [MESSAGE][PASSED] - Text 'invalid: amount' is present on page  using regular expression

2023-02-08 19:08:22 - [TEST_STEP][PASSED] - println("invalid: amount text is present on the Confirmation page"): null

2023-02-08 19:08:22 - [TEST_STEP][PASSED] - out.println("Pass Record Number: " + row): null

2023-02-08 19:08:22 - [TEST_STEP][PASSED] - resText = "Pass": null

2023-02-08 19:08:22 - [TEST_STEP][PASSED] - pages.WriteExcel.demoKey(resText, datText, resColumn, datCloumn, fileLoc, nameSheet, row): pages.WriteExcel.demoKey is PASSED

2023-02-08 19:08:22 - [MESSAGE][PASSED] - pages.WriteExcel.demoKey is PASSED

2023-02-08 19:08:22 - [TEST_STEP][PASSED] - ExecuteTC = findTestData(dataFile).getValue("Execute", row): null

2023-02-08 19:08:22 - [TEST_STEP][PASSED] - out.println("Value of Execute is : " + ExecuteTC): null

2023-02-08 19:08:22 - [TEST_STEP][PASSED] - switch (executionProfile): null

2023-02-08 19:08:22 - [TEST_STEP][PASSED] - case "QAProfile":: null

2023-02-08 19:08:22 - [TEST_STEP][PASSED] - appID = findTestData(dataFile).getValue("AppIDQA", row): null

2023-02-08 19:08:22 - [TEST_STEP][PASSED] - username = findTestData(dataFile).getValue("UsernameQA", row): null

2023-02-08 19:08:22 - [TEST_STEP][PASSED] - password = findTestData(dataFile).getValue("PasswordQA", row): null

2023-02-08 19:08:22 - [TEST_STEP][PASSED] - break: null

2023-02-08 19:08:22 - [TEST_STEP][PASSED] - if (ExecuteTC.equalsIgnoreCase("Y")): null

2023-02-08 19:08:22 - [TEST_STEP][PASSED] - out.println("Begin Record Number: " + row): null

2023-02-08 19:08:22 - [TEST_STEP][PASSED] - today = new java.util.Date(): null

2023-02-08 19:08:22 - [TEST_STEP][PASSED] - println(today): null

2023-02-08 19:08:22 - [TEST_STEP][PASSED] - datText = today: null

2023-02-08 19:08:22 - [TEST_STEP][PASSED] - checkType = findTestData(dataFile).getValue("CheckType", row): null

2023-02-08 19:08:22 - [TEST_STEP][PASSED] - acNumber = findTestData(dataFile).getValue("AcNumber", row): null

2023-02-08 19:08:22 - [TEST_STEP][PASSED] - company = findTestData(dataFile).getValue("Company", row): null

2023-02-08 19:08:22 - [TEST_STEP][PASSED] - acType = findTestData(dataFile).getValue("AcType", row): null

2023-02-08 19:08:22 - [TEST_STEP][PASSED] - rtn = findTestData(dataFile).getValue("RTN", row): null

2023-02-08 19:08:22 - [TEST_STEP][PASSED] - amount = findTestData(dataFile).getValue("Amount", row): null

2023-02-08 19:08:23 - [TEST_STEP][PASSED] - sec = findTestData(dataFile).getValue("SEC", row): null

2023-02-08 19:08:23 - [TEST_STEP][PASSED] - openBrowser(VLinkURL + "debit.html"): Browser is opened with url: 'https://dev-algorithm.govolution.com/vlinktest/QA/version_2_0/debit.html'

2023-02-08 19:08:23 - [MESSAGE][WARNING] - A browser is already opened. Closing browser and opening a new one

2023-02-08 19:08:24 - [MESSAGE][INFO] - Starting 'Chrome' driver

2023-02-08 19:08:24 - [MESSAGE][INFO] - User set preference: ['acceptInsecureCerts', 'true']

2023-02-08 19:08:24 - [MESSAGE][INFO] - Action delay is set to 0 milliseconds

2023-02-08 19:08:25 - [MESSAGE][PASSED] - Browser is opened with url: 'https://dev-algorithm.govolution.com/vlinktest/QA/version_2_0/debit.html'

2023-02-08 19:08:25 - [TEST_STEP][PASSED] - maximizeWindow(): Current window maximized

2023-02-08 19:08:25 - [MESSAGE][PASSED] - Current window maximized

2023-02-08 19:08:25 - [TEST_STEP][PASSED] - genRemID = RandomStringUtils.random(12, true, true): null

2023-02-08 19:08:25 - [TEST_STEP][PASSED] - setText(findTestObject("RecAndPlayBk/Page-Vlink-Debit/input_Remittance Id"), genRemID): Text '7wcaDoqx52L5' is set on object 'Object Repository/RecAndPlayBk/Page-Vlink-Debit/input_Remittance Id'

2023-02-08 19:08:26 - [MESSAGE][PASSED] - Text '7wcaDoqx52L5' is set on object 'Object Repository/RecAndPlayBk/Page-Vlink-Debit/input_Remittance Id'

2023-02-08 19:08:26 - [TEST_STEP][PASSED] - setText(findTestObject("RecAndPlayBk/Page-Vlink-Debit/input_Application Id"), appID): Text '234' is set on object 'Object Repository/RecAndPlayBk/Page-Vlink-Debit/input_Application Id'

2023-02-08 19:08:27 - [MESSAGE][PASSED] - Text '234' is set on object 'Object Repository/RecAndPlayBk/Page-Vlink-Debit/input_Application Id'

2023-02-08 19:08:27 - [TEST_STEP][PASSED] - setText(findTestObject("RecAndPlayBk/Page-Vlink-Debit/input_Username"), username): Text 'username' is set on object 'Object Repository/RecAndPlayBk/Page-Vlink-Debit/input_Username'

2023-02-08 19:08:27 - [MESSAGE][PASSED] - Text 'username' is set on object 'Object Repository/RecAndPlayBk/Page-Vlink-Debit/input_Username'

2023-02-08 19:08:27 - [TEST_STEP][PASSED] - setText(findTestObject("RecAndPlayBk/Page-Vlink-Debit/input_Password"), password): Text 'password' is set on object 'Object Repository/RecAndPlayBk/Page-Vlink-Debit/input_Password'

2023-02-08 19:08:28 - [MESSAGE][PASSED] - Text 'password' is set on object 'Object Repository/RecAndPlayBk/Page-Vlink-Debit/input_Password'

2023-02-08 19:08:28 - [TEST_STEP][PASSED] - setText(findTestObject("RecAndPlayBk/Page-Vlink-Debit/input_Check Type"), checkType): Text 'P' is set on object 'Object Repository/RecAndPlayBk/Page-Vlink-Debit/input_Check Type'

2023-02-08 19:08:29 - [MESSAGE][PASSED] - Text 'P' is set on object 'Object Repository/RecAndPlayBk/Page-Vlink-Debit/input_Check Type'

2023-02-08 19:08:29 - [TEST_STEP][PASSED] - setText(findTestObject("RecAndPlayBk/Page-Vlink-Debit/input_Account_check"), acNumber): Text '58963214' is set on object 'Object Repository/RecAndPlayBk/Page-Vlink-Debit/input_Account_check'

2023-02-08 19:08:29 - [MESSAGE][PASSED] - Text '58963214' is set on object 'Object Repository/RecAndPlayBk/Page-Vlink-Debit/input_Account_check'

2023-02-08 19:08:29 - [TEST_STEP][PASSED] - setText(findTestObject("RecAndPlayBk/Page-Vlink-Debit/input_Company_check"), company): Text '' is set on object 'Object Repository/RecAndPlayBk/Page-Vlink-Debit/input_Company_check'

2023-02-08 19:08:30 - [MESSAGE][PASSED] - Text '' is set on object 'Object Repository/RecAndPlayBk/Page-Vlink-Debit/input_Company_check'

2023-02-08 19:08:30 - [TEST_STEP][PASSED] - setText(findTestObject("RecAndPlayBk/Page-Vlink-Debit/input_Account Type"), acType): Text '2' is set on object 'Object Repository/RecAndPlayBk/Page-Vlink-Debit/input_Account Type'

2023-02-08 19:08:30 - [MESSAGE][PASSED] - Text '2' is set on object 'Object Repository/RecAndPlayBk/Page-Vlink-Debit/input_Account Type'

2023-02-08 19:08:30 - [TEST_STEP][PASSED] - setText(findTestObject("RecAndPlayBk/Page-Vlink-Debit/input_Routing Number"), rtn): Text '256072691' is set on object 'Object Repository/RecAndPlayBk/Page-Vlink-Debit/input_Routing Number'

2023-02-08 19:08:31 - [MESSAGE][PASSED] - Text '256072691' is set on object 'Object Repository/RecAndPlayBk/Page-Vlink-Debit/input_Routing Number'

2023-02-08 19:08:31 - [TEST_STEP][PASSED] - setText(findTestObject("RecAndPlayBk/Page-Vlink-Debit/input_Amount"), amount): Text '0' is set on object 'Object Repository/RecAndPlayBk/Page-Vlink-Debit/input_Amount'

2023-02-08 19:08:32 - [MESSAGE][PASSED] - Text '0' is set on object 'Object Repository/RecAndPlayBk/Page-Vlink-Debit/input_Amount'

2023-02-08 19:08:32 - [TEST_STEP][PASSED] - setText(findTestObject("RecAndPlayBk/Page-Vlink-Debit/input_Check Email"), ""): Text '' is set on object 'Object Repository/RecAndPlayBk/Page-Vlink-Debit/input_Check Email'

2023-02-08 19:08:32 - [MESSAGE][PASSED] - Text '' is set on object 'Object Repository/RecAndPlayBk/Page-Vlink-Debit/input_Check Email'

2023-02-08 19:08:32 - [TEST_STEP][PASSED] - setText(findTestObject("Object Repository/RecAndPlayBk/Page-Vlink-Debit/input_concat(CheckWriter, , s SSN)_check_ssn"), ""): Text '' is set on object 'Object Repository/RecAndPlayBk/Page-Vlink-Debit/input_concat(CheckWriter, , s SSN)_check_ssn'

2023-02-08 19:08:33 - [MESSAGE][PASSED] - Text '' is set on object 'Object Repository/RecAndPlayBk/Page-Vlink-Debit/input_concat(CheckWriter, , s SSN)_check_ssn'

2023-02-08 19:08:33 - [TEST_STEP][PASSED] - setText(findTestObject("Object Repository/RecAndPlayBk/Page-Vlink-Debit/input_concat(CheckWriter, , s License Numbe_020fef"), ""): Text '' is set on object 'Object Repository/RecAndPlayBk/Page-Vlink-Debit/input_concat(CheckWriter, , s License Numbe_020fef'

2023-02-08 19:08:34 - [MESSAGE][PASSED] - Text '' is set on object 'Object Repository/RecAndPlayBk/Page-Vlink-Debit/input_concat(CheckWriter, , s License Numbe_020fef'

2023-02-08 19:08:34 - [TEST_STEP][PASSED] - setText(findTestObject("Object Repository/RecAndPlayBk/Page-Vlink-Debit/input_concat(CheckWriter, , s License State_21e3e7"), ""): Text '' is set on object 'Object Repository/RecAndPlayBk/Page-Vlink-Debit/input_concat(CheckWriter, , s License State_21e3e7'

2023-02-08 19:08:34 - [MESSAGE][PASSED] - Text '' is set on object 'Object Repository/RecAndPlayBk/Page-Vlink-Debit/input_concat(CheckWriter, , s License State_21e3e7'

2023-02-08 19:08:34 - [TEST_STEP][PASSED] - setText(findTestObject("RecAndPlayBk/Page-Vlink-Debit/input_Standard Entry Class"), sec): Text 'WEB' is set on object 'Object Repository/RecAndPlayBk/Page-Vlink-Debit/input_Standard Entry Class'

2023-02-08 19:08:35 - [MESSAGE][PASSED] - Text 'WEB' is set on object 'Object Repository/RecAndPlayBk/Page-Vlink-Debit/input_Standard Entry Class'

2023-02-08 19:08:35 - [TEST_STEP][PASSED] - click(findTestObject("Object Repository/RecAndPlayBk/Page-Vlink-Debit/input")): Object: 'Object Repository/RecAndPlayBk/Page-Vlink-Debit/input' is clicked on

2023-02-08 19:08:35 - [MESSAGE][PASSED] - Object: 'Object Repository/RecAndPlayBk/Page-Vlink-Debit/input' is clicked on

2023-02-08 19:08:35 - [TEST_STEP][PASSED] - if (verifyTextPresent("invalid: amount", true)): null

2023-02-08 19:08:36 - [MESSAGE][PASSED] - Text 'invalid: amount' is present on page  using regular expression

2023-02-08 19:08:36 - [TEST_STEP][PASSED] - println("invalid: amount text is present on the Confirmation page"): null

2023-02-08 19:08:36 - [TEST_STEP][PASSED] - out.println("Pass Record Number: " + row): null

2023-02-08 19:08:36 - [TEST_STEP][PASSED] - resText = "Pass": null

2023-02-08 19:08:36 - [TEST_STEP][PASSED] - pages.WriteExcel.demoKey(resText, datText, resColumn, datCloumn, fileLoc, nameSheet, row): pages.WriteExcel.demoKey is PASSED

2023-02-08 19:08:36 - [MESSAGE][PASSED] - pages.WriteExcel.demoKey is PASSED

2023-02-08 19:08:36 - [TEST_STEP][PASSED] - ExecuteTC = findTestData(dataFile).getValue("Execute", row): null

2023-02-08 19:08:36 - [TEST_STEP][PASSED] - out.println("Value of Execute is : " + ExecuteTC): null

2023-02-08 19:08:36 - [TEST_STEP][PASSED] - switch (executionProfile): null

2023-02-08 19:08:36 - [TEST_STEP][PASSED] - case "QAProfile":: null

2023-02-08 19:08:36 - [TEST_STEP][PASSED] - appID = findTestData(dataFile).getValue("AppIDQA", row): null

2023-02-08 19:08:36 - [TEST_STEP][PASSED] - username = findTestData(dataFile).getValue("UsernameQA", row): null

2023-02-08 19:08:36 - [TEST_STEP][PASSED] - password = findTestData(dataFile).getValue("PasswordQA", row): null

2023-02-08 19:08:36 - [TEST_STEP][PASSED] - break: null

2023-02-08 19:08:36 - [TEST_STEP][PASSED] - if (ExecuteTC.equalsIgnoreCase("Y")): null

2023-02-08 19:08:36 - [TEST_STEP][PASSED] - out.println("Begin Record Number: " + row): null

2023-02-08 19:08:36 - [TEST_STEP][PASSED] - today = new java.util.Date(): null

2023-02-08 19:08:36 - [TEST_STEP][PASSED] - println(today): null

2023-02-08 19:08:36 - [TEST_STEP][PASSED] - datText = today: null

2023-02-08 19:08:36 - [TEST_STEP][PASSED] - checkType = findTestData(dataFile).getValue("CheckType", row): null

2023-02-08 19:08:36 - [TEST_STEP][PASSED] - acNumber = findTestData(dataFile).getValue("AcNumber", row): null

2023-02-08 19:08:36 - [TEST_STEP][PASSED] - company = findTestData(dataFile).getValue("Company", row): null

2023-02-08 19:08:36 - [TEST_STEP][PASSED] - acType = findTestData(dataFile).getValue("AcType", row): null

2023-02-08 19:08:36 - [TEST_STEP][PASSED] - rtn = findTestData(dataFile).getValue("RTN", row): null

2023-02-08 19:08:36 - [TEST_STEP][PASSED] - amount = findTestData(dataFile).getValue("Amount", row): null

2023-02-08 19:08:36 - [TEST_STEP][PASSED] - sec = findTestData(dataFile).getValue("SEC", row): null

2023-02-08 19:08:36 - [TEST_STEP][PASSED] - openBrowser(VLinkURL + "debit.html"): Browser is opened with url: 'https://dev-algorithm.govolution.com/vlinktest/QA/version_2_0/debit.html'

2023-02-08 19:08:36 - [MESSAGE][WARNING] - A browser is already opened. Closing browser and opening a new one

2023-02-08 19:08:37 - [MESSAGE][INFO] - Starting 'Chrome' driver

2023-02-08 19:08:37 - [MESSAGE][INFO] - User set preference: ['acceptInsecureCerts', 'true']

2023-02-08 19:08:37 - [MESSAGE][INFO] - Action delay is set to 0 milliseconds

2023-02-08 19:08:39 - [MESSAGE][PASSED] - Browser is opened with url: 'https://dev-algorithm.govolution.com/vlinktest/QA/version_2_0/debit.html'

2023-02-08 19:08:39 - [TEST_STEP][PASSED] - maximizeWindow(): Current window maximized

2023-02-08 19:08:39 - [MESSAGE][PASSED] - Current window maximized

2023-02-08 19:08:39 - [TEST_STEP][PASSED] - genRemID = RandomStringUtils.random(12, true, true): null

2023-02-08 19:08:39 - [TEST_STEP][PASSED] - setText(findTestObject("RecAndPlayBk/Page-Vlink-Debit/input_Remittance Id"), genRemID): Text 'P46pwsjfsPnD' is set on object 'Object Repository/RecAndPlayBk/Page-Vlink-Debit/input_Remittance Id'

2023-02-08 19:08:40 - [MESSAGE][PASSED] - Text 'P46pwsjfsPnD' is set on object 'Object Repository/RecAndPlayBk/Page-Vlink-Debit/input_Remittance Id'

2023-02-08 19:08:40 - [TEST_STEP][PASSED] - setText(findTestObject("RecAndPlayBk/Page-Vlink-Debit/input_Application Id"), appID): Text '234' is set on object 'Object Repository/RecAndPlayBk/Page-Vlink-Debit/input_Application Id'

2023-02-08 19:08:41 - [MESSAGE][PASSED] - Text '234' is set on object 'Object Repository/RecAndPlayBk/Page-Vlink-Debit/input_Application Id'

2023-02-08 19:08:41 - [TEST_STEP][PASSED] - setText(findTestObject("RecAndPlayBk/Page-Vlink-Debit/input_Username"), username): Text 'username' is set on object 'Object Repository/RecAndPlayBk/Page-Vlink-Debit/input_Username'

2023-02-08 19:08:41 - [MESSAGE][PASSED] - Text 'username' is set on object 'Object Repository/RecAndPlayBk/Page-Vlink-Debit/input_Username'

2023-02-08 19:08:41 - [TEST_STEP][PASSED] - setText(findTestObject("RecAndPlayBk/Page-Vlink-Debit/input_Password"), password): Text 'password' is set on object 'Object Repository/RecAndPlayBk/Page-Vlink-Debit/input_Password'

2023-02-08 19:08:42 - [MESSAGE][PASSED] - Text 'password' is set on object 'Object Repository/RecAndPlayBk/Page-Vlink-Debit/input_Password'

2023-02-08 19:08:42 - [TEST_STEP][PASSED] - setText(findTestObject("RecAndPlayBk/Page-Vlink-Debit/input_Check Type"), checkType): Text 'P' is set on object 'Object Repository/RecAndPlayBk/Page-Vlink-Debit/input_Check Type'

2023-02-08 19:08:42 - [MESSAGE][PASSED] - Text 'P' is set on object 'Object Repository/RecAndPlayBk/Page-Vlink-Debit/input_Check Type'

2023-02-08 19:08:42 - [TEST_STEP][PASSED] - setText(findTestObject("RecAndPlayBk/Page-Vlink-Debit/input_Account_check"), acNumber): Text '58963214' is set on object 'Object Repository/RecAndPlayBk/Page-Vlink-Debit/input_Account_check'

2023-02-08 19:08:43 - [MESSAGE][PASSED] - Text '58963214' is set on object 'Object Repository/RecAndPlayBk/Page-Vlink-Debit/input_Account_check'

2023-02-08 19:08:43 - [TEST_STEP][PASSED] - setText(findTestObject("RecAndPlayBk/Page-Vlink-Debit/input_Company_check"), company): Text '' is set on object 'Object Repository/RecAndPlayBk/Page-Vlink-Debit/input_Company_check'

2023-02-08 19:08:44 - [MESSAGE][PASSED] - Text '' is set on object 'Object Repository/RecAndPlayBk/Page-Vlink-Debit/input_Company_check'

2023-02-08 19:08:44 - [TEST_STEP][PASSED] - setText(findTestObject("RecAndPlayBk/Page-Vlink-Debit/input_Account Type"), acType): Text '2' is set on object 'Object Repository/RecAndPlayBk/Page-Vlink-Debit/input_Account Type'

2023-02-08 19:08:44 - [MESSAGE][PASSED] - Text '2' is set on object 'Object Repository/RecAndPlayBk/Page-Vlink-Debit/input_Account Type'

2023-02-08 19:08:44 - [TEST_STEP][PASSED] - setText(findTestObject("RecAndPlayBk/Page-Vlink-Debit/input_Routing Number"), rtn): Text '256072691' is set on object 'Object Repository/RecAndPlayBk/Page-Vlink-Debit/input_Routing Number'

2023-02-08 19:08:45 - [MESSAGE][PASSED] - Text '256072691' is set on object 'Object Repository/RecAndPlayBk/Page-Vlink-Debit/input_Routing Number'

2023-02-08 19:08:45 - [TEST_STEP][PASSED] - setText(findTestObject("RecAndPlayBk/Page-Vlink-Debit/input_Amount"), amount): Text '0' is set on object 'Object Repository/RecAndPlayBk/Page-Vlink-Debit/input_Amount'

2023-02-08 19:08:46 - [MESSAGE][PASSED] - Text '0' is set on object 'Object Repository/RecAndPlayBk/Page-Vlink-Debit/input_Amount'

2023-02-08 19:08:46 - [TEST_STEP][PASSED] - setText(findTestObject("RecAndPlayBk/Page-Vlink-Debit/input_Check Email"), ""): Text '' is set on object 'Object Repository/RecAndPlayBk/Page-Vlink-Debit/input_Check Email'

2023-02-08 19:08:46 - [MESSAGE][PASSED] - Text '' is set on object 'Object Repository/RecAndPlayBk/Page-Vlink-Debit/input_Check Email'

2023-02-08 19:08:46 - [TEST_STEP][PASSED] - setText(findTestObject("Object Repository/RecAndPlayBk/Page-Vlink-Debit/input_concat(CheckWriter, , s SSN)_check_ssn"), ""): Text '' is set on object 'Object Repository/RecAndPlayBk/Page-Vlink-Debit/input_concat(CheckWriter, , s SSN)_check_ssn'

2023-02-08 19:08:47 - [MESSAGE][PASSED] - Text '' is set on object 'Object Repository/RecAndPlayBk/Page-Vlink-Debit/input_concat(CheckWriter, , s SSN)_check_ssn'

2023-02-08 19:08:47 - [TEST_STEP][PASSED] - setText(findTestObject("Object Repository/RecAndPlayBk/Page-Vlink-Debit/input_concat(CheckWriter, , s License Numbe_020fef"), ""): Text '' is set on object 'Object Repository/RecAndPlayBk/Page-Vlink-Debit/input_concat(CheckWriter, , s License Numbe_020fef'

2023-02-08 19:08:47 - [MESSAGE][PASSED] - Text '' is set on object 'Object Repository/RecAndPlayBk/Page-Vlink-Debit/input_concat(CheckWriter, , s License Numbe_020fef'

2023-02-08 19:08:47 - [TEST_STEP][PASSED] - setText(findTestObject("Object Repository/RecAndPlayBk/Page-Vlink-Debit/input_concat(CheckWriter, , s License State_21e3e7"), ""): Text '' is set on object 'Object Repository/RecAndPlayBk/Page-Vlink-Debit/input_concat(CheckWriter, , s License State_21e3e7'

2023-02-08 19:08:48 - [MESSAGE][PASSED] - Text '' is set on object 'Object Repository/RecAndPlayBk/Page-Vlink-Debit/input_concat(CheckWriter, , s License State_21e3e7'

2023-02-08 19:08:48 - [TEST_STEP][PASSED] - setText(findTestObject("RecAndPlayBk/Page-Vlink-Debit/input_Standard Entry Class"), sec): Text 'TEL' is set on object 'Object Repository/RecAndPlayBk/Page-Vlink-Debit/input_Standard Entry Class'

2023-02-08 19:08:49 - [MESSAGE][PASSED] - Text 'TEL' is set on object 'Object Repository/RecAndPlayBk/Page-Vlink-Debit/input_Standard Entry Class'

2023-02-08 19:08:49 - [TEST_STEP][PASSED] - click(findTestObject("Object Repository/RecAndPlayBk/Page-Vlink-Debit/input")): Object: 'Object Repository/RecAndPlayBk/Page-Vlink-Debit/input' is clicked on

2023-02-08 19:08:49 - [MESSAGE][PASSED] - Object: 'Object Repository/RecAndPlayBk/Page-Vlink-Debit/input' is clicked on

2023-02-08 19:08:49 - [TEST_STEP][PASSED] - if (verifyTextPresent("invalid: amount", true)): null

2023-02-08 19:08:49 - [MESSAGE][PASSED] - Text 'invalid: amount' is present on page  using regular expression

2023-02-08 19:08:49 - [TEST_STEP][PASSED] - println("invalid: amount text is present on the Confirmation page"): null

2023-02-08 19:08:49 - [TEST_STEP][PASSED] - out.println("Pass Record Number: " + row): null

2023-02-08 19:08:49 - [TEST_STEP][PASSED] - resText = "Pass": null

2023-02-08 19:08:49 - [TEST_STEP][PASSED] - pages.WriteExcel.demoKey(resText, datText, resColumn, datCloumn, fileLoc, nameSheet, row): pages.WriteExcel.demoKey is PASSED

2023-02-08 19:08:50 - [MESSAGE][PASSED] - pages.WriteExcel.demoKey is PASSED

2023-02-08 19:08:50 - [TEST_STEP][PASSED] - ExecuteTC = findTestData(dataFile).getValue("Execute", row): null

2023-02-08 19:08:50 - [TEST_STEP][PASSED] - out.println("Value of Execute is : " + ExecuteTC): null

2023-02-08 19:08:50 - [TEST_STEP][PASSED] - switch (executionProfile): null

2023-02-08 19:08:50 - [TEST_STEP][PASSED] - case "QAProfile":: null

2023-02-08 19:08:50 - [TEST_STEP][PASSED] - appID = findTestData(dataFile).getValue("AppIDQA", row): null

2023-02-08 19:08:50 - [TEST_STEP][PASSED] - username = findTestData(dataFile).getValue("UsernameQA", row): null

2023-02-08 19:08:50 - [TEST_STEP][PASSED] - password = findTestData(dataFile).getValue("PasswordQA", row): null

2023-02-08 19:08:50 - [TEST_STEP][PASSED] - break: null

2023-02-08 19:08:50 - [TEST_STEP][PASSED] - if (ExecuteTC.equalsIgnoreCase("Y")): null

2023-02-08 19:08:50 - [TEST_STEP][PASSED] - out.println("Begin Record Number: " + row): null

2023-02-08 19:08:50 - [TEST_STEP][PASSED] - today = new java.util.Date(): null

2023-02-08 19:08:50 - [TEST_STEP][PASSED] - println(today): null

2023-02-08 19:08:50 - [TEST_STEP][PASSED] - datText = today: null

2023-02-08 19:08:50 - [TEST_STEP][PASSED] - checkType = findTestData(dataFile).getValue("CheckType", row): null

2023-02-08 19:08:50 - [TEST_STEP][PASSED] - acNumber = findTestData(dataFile).getValue("AcNumber", row): null

2023-02-08 19:08:50 - [TEST_STEP][PASSED] - company = findTestData(dataFile).getValue("Company", row): null

2023-02-08 19:08:50 - [TEST_STEP][PASSED] - acType = findTestData(dataFile).getValue("AcType", row): null

2023-02-08 19:08:50 - [TEST_STEP][PASSED] - rtn = findTestData(dataFile).getValue("RTN", row): null

2023-02-08 19:08:50 - [TEST_STEP][PASSED] - amount = findTestData(dataFile).getValue("Amount", row): null

2023-02-08 19:08:50 - [TEST_STEP][PASSED] - sec = findTestData(dataFile).getValue("SEC", row): null

2023-02-08 19:08:50 - [TEST_STEP][PASSED] - openBrowser(VLinkURL + "debit.html"): Browser is opened with url: 'https://dev-algorithm.govolution.com/vlinktest/QA/version_2_0/debit.html'

2023-02-08 19:08:50 - [MESSAGE][WARNING] - A browser is already opened. Closing browser and opening a new one

2023-02-08 19:08:51 - [MESSAGE][INFO] - Starting 'Chrome' driver

2023-02-08 19:08:51 - [MESSAGE][INFO] - User set preference: ['acceptInsecureCerts', 'true']

2023-02-08 19:08:51 - [MESSAGE][INFO] - Action delay is set to 0 milliseconds

2023-02-08 19:08:53 - [MESSAGE][PASSED] - Browser is opened with url: 'https://dev-algorithm.govolution.com/vlinktest/QA/version_2_0/debit.html'

2023-02-08 19:08:53 - [TEST_STEP][PASSED] - maximizeWindow(): Current window maximized

2023-02-08 19:08:53 - [MESSAGE][PASSED] - Current window maximized

2023-02-08 19:08:53 - [TEST_STEP][PASSED] - genRemID = RandomStringUtils.random(12, true, true): null

2023-02-08 19:08:53 - [TEST_STEP][PASSED] - setText(findTestObject("RecAndPlayBk/Page-Vlink-Debit/input_Remittance Id"), genRemID): Text 'lWSuVZCjryRh' is set on object 'Object Repository/RecAndPlayBk/Page-Vlink-Debit/input_Remittance Id'

2023-02-08 19:08:54 - [MESSAGE][PASSED] - Text 'lWSuVZCjryRh' is set on object 'Object Repository/RecAndPlayBk/Page-Vlink-Debit/input_Remittance Id'

2023-02-08 19:08:54 - [TEST_STEP][PASSED] - setText(findTestObject("RecAndPlayBk/Page-Vlink-Debit/input_Application Id"), appID): Text '234' is set on object 'Object Repository/RecAndPlayBk/Page-Vlink-Debit/input_Application Id'

2023-02-08 19:08:54 - [MESSAGE][PASSED] - Text '234' is set on object 'Object Repository/RecAndPlayBk/Page-Vlink-Debit/input_Application Id'

2023-02-08 19:08:54 - [TEST_STEP][PASSED] - setText(findTestObject("RecAndPlayBk/Page-Vlink-Debit/input_Username"), username): Text 'username' is set on object 'Object Repository/RecAndPlayBk/Page-Vlink-Debit/input_Username'

2023-02-08 19:08:55 - [MESSAGE][PASSED] - Text 'username' is set on object 'Object Repository/RecAndPlayBk/Page-Vlink-Debit/input_Username'

2023-02-08 19:08:55 - [TEST_STEP][PASSED] - setText(findTestObject("RecAndPlayBk/Page-Vlink-Debit/input_Password"), password): Text 'password' is set on object 'Object Repository/RecAndPlayBk/Page-Vlink-Debit/input_Password'

2023-02-08 19:08:56 - [MESSAGE][PASSED] - Text 'password' is set on object 'Object Repository/RecAndPlayBk/Page-Vlink-Debit/input_Password'

2023-02-08 19:08:56 - [TEST_STEP][PASSED] - setText(findTestObject("RecAndPlayBk/Page-Vlink-Debit/input_Check Type"), checkType): Text 'P' is set on object 'Object Repository/RecAndPlayBk/Page-Vlink-Debit/input_Check Type'

2023-02-08 19:08:56 - [MESSAGE][PASSED] - Text 'P' is set on object 'Object Repository/RecAndPlayBk/Page-Vlink-Debit/input_Check Type'

2023-02-08 19:08:56 - [TEST_STEP][PASSED] - setText(findTestObject("RecAndPlayBk/Page-Vlink-Debit/input_Account_check"), acNumber): Text '58963214' is set on object 'Object Repository/RecAndPlayBk/Page-Vlink-Debit/input_Account_check'

2023-02-08 19:08:57 - [MESSAGE][PASSED] - Text '58963214' is set on object 'Object Repository/RecAndPlayBk/Page-Vlink-Debit/input_Account_check'

2023-02-08 19:08:57 - [TEST_STEP][PASSED] - setText(findTestObject("RecAndPlayBk/Page-Vlink-Debit/input_Company_check"), company): Text '' is set on object 'Object Repository/RecAndPlayBk/Page-Vlink-Debit/input_Company_check'

2023-02-08 19:08:58 - [MESSAGE][PASSED] - Text '' is set on object 'Object Repository/RecAndPlayBk/Page-Vlink-Debit/input_Company_check'

2023-02-08 19:08:58 - [TEST_STEP][PASSED] - setText(findTestObject("RecAndPlayBk/Page-Vlink-Debit/input_Account Type"), acType): Text '2' is set on object 'Object Repository/RecAndPlayBk/Page-Vlink-Debit/input_Account Type'

2023-02-08 19:08:58 - [MESSAGE][PASSED] - Text '2' is set on object 'Object Repository/RecAndPlayBk/Page-Vlink-Debit/input_Account Type'

2023-02-08 19:08:58 - [TEST_STEP][PASSED] - setText(findTestObject("RecAndPlayBk/Page-Vlink-Debit/input_Routing Number"), rtn): Text '256072691' is set on object 'Object Repository/RecAndPlayBk/Page-Vlink-Debit/input_Routing Number'

2023-02-08 19:08:59 - [MESSAGE][PASSED] - Text '256072691' is set on object 'Object Repository/RecAndPlayBk/Page-Vlink-Debit/input_Routing Number'

2023-02-08 19:08:59 - [TEST_STEP][PASSED] - setText(findTestObject("RecAndPlayBk/Page-Vlink-Debit/input_Amount"), amount): Text '0' is set on object 'Object Repository/RecAndPlayBk/Page-Vlink-Debit/input_Amount'

2023-02-08 19:08:59 - [MESSAGE][PASSED] - Text '0' is set on object 'Object Repository/RecAndPlayBk/Page-Vlink-Debit/input_Amount'

2023-02-08 19:08:59 - [TEST_STEP][PASSED] - setText(findTestObject("RecAndPlayBk/Page-Vlink-Debit/input_Check Email"), ""): Text '' is set on object 'Object Repository/RecAndPlayBk/Page-Vlink-Debit/input_Check Email'

2023-02-08 19:09:00 - [MESSAGE][PASSED] - Text '' is set on object 'Object Repository/RecAndPlayBk/Page-Vlink-Debit/input_Check Email'

2023-02-08 19:09:00 - [TEST_STEP][PASSED] - setText(findTestObject("Object Repository/RecAndPlayBk/Page-Vlink-Debit/input_concat(CheckWriter, , s SSN)_check_ssn"), ""): Text '' is set on object 'Object Repository/RecAndPlayBk/Page-Vlink-Debit/input_concat(CheckWriter, , s SSN)_check_ssn'

2023-02-08 19:09:01 - [MESSAGE][PASSED] - Text '' is set on object 'Object Repository/RecAndPlayBk/Page-Vlink-Debit/input_concat(CheckWriter, , s SSN)_check_ssn'

2023-02-08 19:09:01 - [TEST_STEP][PASSED] - setText(findTestObject("Object Repository/RecAndPlayBk/Page-Vlink-Debit/input_concat(CheckWriter, , s License Numbe_020fef"), ""): Text '' is set on object 'Object Repository/RecAndPlayBk/Page-Vlink-Debit/input_concat(CheckWriter, , s License Numbe_020fef'

2023-02-08 19:09:01 - [MESSAGE][PASSED] - Text '' is set on object 'Object Repository/RecAndPlayBk/Page-Vlink-Debit/input_concat(CheckWriter, , s License Numbe_020fef'

2023-02-08 19:09:01 - [TEST_STEP][PASSED] - setText(findTestObject("Object Repository/RecAndPlayBk/Page-Vlink-Debit/input_concat(CheckWriter, , s License State_21e3e7"), ""): Text '' is set on object 'Object Repository/RecAndPlayBk/Page-Vlink-Debit/input_concat(CheckWriter, , s License State_21e3e7'

2023-02-08 19:09:02 - [MESSAGE][PASSED] - Text '' is set on object 'Object Repository/RecAndPlayBk/Page-Vlink-Debit/input_concat(CheckWriter, , s License State_21e3e7'

2023-02-08 19:09:02 - [TEST_STEP][PASSED] - setText(findTestObject("RecAndPlayBk/Page-Vlink-Debit/input_Standard Entry Class"), sec): Text 'PPD' is set on object 'Object Repository/RecAndPlayBk/Page-Vlink-Debit/input_Standard Entry Class'

2023-02-08 19:09:02 - [MESSAGE][PASSED] - Text 'PPD' is set on object 'Object Repository/RecAndPlayBk/Page-Vlink-Debit/input_Standard Entry Class'

2023-02-08 19:09:02 - [TEST_STEP][PASSED] - click(findTestObject("Object Repository/RecAndPlayBk/Page-Vlink-Debit/input")): Object: 'Object Repository/RecAndPlayBk/Page-Vlink-Debit/input' is clicked on

2023-02-08 19:09:03 - [MESSAGE][PASSED] - Object: 'Object Repository/RecAndPlayBk/Page-Vlink-Debit/input' is clicked on

2023-02-08 19:09:03 - [TEST_STEP][PASSED] - if (verifyTextPresent("invalid: amount", true)): null

2023-02-08 19:09:03 - [MESSAGE][PASSED] - Text 'invalid: amount' is present on page  using regular expression

2023-02-08 19:09:03 - [TEST_STEP][PASSED] - println("invalid: amount text is present on the Confirmation page"): null

2023-02-08 19:09:03 - [TEST_STEP][PASSED] - out.println("Pass Record Number: " + row): null

2023-02-08 19:09:03 - [TEST_STEP][PASSED] - resText = "Pass": null

2023-02-08 19:09:03 - [TEST_STEP][PASSED] - pages.WriteExcel.demoKey(resText, datText, resColumn, datCloumn, fileLoc, nameSheet, row): pages.WriteExcel.demoKey is PASSED

2023-02-08 19:09:03 - [MESSAGE][PASSED] - pages.WriteExcel.demoKey is PASSED

2023-02-08 19:09:03 - [TEST_STEP][PASSED] - ExecuteTC = findTestData(dataFile).getValue("Execute", row): null

2023-02-08 19:09:03 - [TEST_STEP][PASSED] - out.println("Value of Execute is : " + ExecuteTC): null

2023-02-08 19:09:03 - [TEST_STEP][PASSED] - switch (executionProfile): null

2023-02-08 19:09:03 - [TEST_STEP][PASSED] - case "QAProfile":: null

2023-02-08 19:09:03 - [TEST_STEP][PASSED] - appID = findTestData(dataFile).getValue("AppIDQA", row): null

2023-02-08 19:09:04 - [TEST_STEP][PASSED] - username = findTestData(dataFile).getValue("UsernameQA", row): null

2023-02-08 19:09:04 - [TEST_STEP][PASSED] - password = findTestData(dataFile).getValue("PasswordQA", row): null

2023-02-08 19:09:04 - [TEST_STEP][PASSED] - break: null

2023-02-08 19:09:04 - [TEST_STEP][PASSED] - if (ExecuteTC.equalsIgnoreCase("Y")): null

2023-02-08 19:09:04 - [TEST_STEP][PASSED] - out.println("Begin Record Number: " + row): null

2023-02-08 19:09:04 - [TEST_STEP][PASSED] - today = new java.util.Date(): null

2023-02-08 19:09:04 - [TEST_STEP][PASSED] - println(today): null

2023-02-08 19:09:04 - [TEST_STEP][PASSED] - datText = today: null

2023-02-08 19:09:04 - [TEST_STEP][PASSED] - checkType = findTestData(dataFile).getValue("CheckType", row): null

2023-02-08 19:09:04 - [TEST_STEP][PASSED] - acNumber = findTestData(dataFile).getValue("AcNumber", row): null

2023-02-08 19:09:04 - [TEST_STEP][PASSED] - company = findTestData(dataFile).getValue("Company", row): null

2023-02-08 19:09:04 - [TEST_STEP][PASSED] - acType = findTestData(dataFile).getValue("AcType", row): null

2023-02-08 19:09:04 - [TEST_STEP][PASSED] - rtn = findTestData(dataFile).getValue("RTN", row): null

2023-02-08 19:09:04 - [TEST_STEP][PASSED] - amount = findTestData(dataFile).getValue("Amount", row): null

2023-02-08 19:09:04 - [TEST_STEP][PASSED] - sec = findTestData(dataFile).getValue("SEC", row): null

2023-02-08 19:09:04 - [TEST_STEP][PASSED] - openBrowser(VLinkURL + "debit.html"): Browser is opened with url: 'https://dev-algorithm.govolution.com/vlinktest/QA/version_2_0/debit.html'

2023-02-08 19:09:04 - [MESSAGE][WARNING] - A browser is already opened. Closing browser and opening a new one

2023-02-08 19:09:05 - [MESSAGE][INFO] - Starting 'Chrome' driver

2023-02-08 19:09:05 - [MESSAGE][INFO] - User set preference: ['acceptInsecureCerts', 'true']

2023-02-08 19:09:05 - [MESSAGE][INFO] - Action delay is set to 0 milliseconds

2023-02-08 19:09:07 - [MESSAGE][PASSED] - Browser is opened with url: 'https://dev-algorithm.govolution.com/vlinktest/QA/version_2_0/debit.html'

2023-02-08 19:09:07 - [TEST_STEP][PASSED] - maximizeWindow(): Current window maximized

2023-02-08 19:09:07 - [MESSAGE][PASSED] - Current window maximized

2023-02-08 19:09:07 - [TEST_STEP][PASSED] - genRemID = RandomStringUtils.random(12, true, true): null

2023-02-08 19:09:07 - [TEST_STEP][PASSED] - setText(findTestObject("RecAndPlayBk/Page-Vlink-Debit/input_Remittance Id"), genRemID): Text 'DlD6j7UmaDl0' is set on object 'Object Repository/RecAndPlayBk/Page-Vlink-Debit/input_Remittance Id'

2023-02-08 19:09:08 - [MESSAGE][PASSED] - Text 'DlD6j7UmaDl0' is set on object 'Object Repository/RecAndPlayBk/Page-Vlink-Debit/input_Remittance Id'

2023-02-08 19:09:08 - [TEST_STEP][PASSED] - setText(findTestObject("RecAndPlayBk/Page-Vlink-Debit/input_Application Id"), appID): Text '234' is set on object 'Object Repository/RecAndPlayBk/Page-Vlink-Debit/input_Application Id'

2023-02-08 19:09:08 - [MESSAGE][PASSED] - Text '234' is set on object 'Object Repository/RecAndPlayBk/Page-Vlink-Debit/input_Application Id'

2023-02-08 19:09:08 - [TEST_STEP][PASSED] - setText(findTestObject("RecAndPlayBk/Page-Vlink-Debit/input_Username"), username): Text 'username' is set on object 'Object Repository/RecAndPlayBk/Page-Vlink-Debit/input_Username'

2023-02-08 19:09:09 - [MESSAGE][PASSED] - Text 'username' is set on object 'Object Repository/RecAndPlayBk/Page-Vlink-Debit/input_Username'

2023-02-08 19:09:09 - [TEST_STEP][PASSED] - setText(findTestObject("RecAndPlayBk/Page-Vlink-Debit/input_Password"), password): Text 'password' is set on object 'Object Repository/RecAndPlayBk/Page-Vlink-Debit/input_Password'

2023-02-08 19:09:09 - [MESSAGE][PASSED] - Text 'password' is set on object 'Object Repository/RecAndPlayBk/Page-Vlink-Debit/input_Password'

2023-02-08 19:09:09 - [TEST_STEP][PASSED] - setText(findTestObject("RecAndPlayBk/Page-Vlink-Debit/input_Check Type"), checkType): Text 'C' is set on object 'Object Repository/RecAndPlayBk/Page-Vlink-Debit/input_Check Type'

2023-02-08 19:09:10 - [MESSAGE][PASSED] - Text 'C' is set on object 'Object Repository/RecAndPlayBk/Page-Vlink-Debit/input_Check Type'

2023-02-08 19:09:10 - [TEST_STEP][PASSED] - setText(findTestObject("RecAndPlayBk/Page-Vlink-Debit/input_Account_check"), acNumber): Text '58963214' is set on object 'Object Repository/RecAndPlayBk/Page-Vlink-Debit/input_Account_check'

2023-02-08 19:09:11 - [MESSAGE][PASSED] - Text '58963214' is set on object 'Object Repository/RecAndPlayBk/Page-Vlink-Debit/input_Account_check'

2023-02-08 19:09:11 - [TEST_STEP][PASSED] - setText(findTestObject("RecAndPlayBk/Page-Vlink-Debit/input_Company_check"), company): Text 'My Company' is set on object 'Object Repository/RecAndPlayBk/Page-Vlink-Debit/input_Company_check'

2023-02-08 19:09:11 - [MESSAGE][PASSED] - Text 'My Company' is set on object 'Object Repository/RecAndPlayBk/Page-Vlink-Debit/input_Company_check'

2023-02-08 19:09:11 - [TEST_STEP][PASSED] - setText(findTestObject("RecAndPlayBk/Page-Vlink-Debit/input_Account Type"), acType): Text '' is set on object 'Object Repository/RecAndPlayBk/Page-Vlink-Debit/input_Account Type'

2023-02-08 19:09:12 - [MESSAGE][PASSED] - Text '' is set on object 'Object Repository/RecAndPlayBk/Page-Vlink-Debit/input_Account Type'

2023-02-08 19:09:12 - [TEST_STEP][PASSED] - setText(findTestObject("RecAndPlayBk/Page-Vlink-Debit/input_Routing Number"), rtn): Text '256072691' is set on object 'Object Repository/RecAndPlayBk/Page-Vlink-Debit/input_Routing Number'

2023-02-08 19:09:13 - [MESSAGE][PASSED] - Text '256072691' is set on object 'Object Repository/RecAndPlayBk/Page-Vlink-Debit/input_Routing Number'

2023-02-08 19:09:13 - [TEST_STEP][PASSED] - setText(findTestObject("RecAndPlayBk/Page-Vlink-Debit/input_Amount"), amount): Text '0' is set on object 'Object Repository/RecAndPlayBk/Page-Vlink-Debit/input_Amount'

2023-02-08 19:09:13 - [MESSAGE][PASSED] - Text '0' is set on object 'Object Repository/RecAndPlayBk/Page-Vlink-Debit/input_Amount'

2023-02-08 19:09:13 - [TEST_STEP][PASSED] - setText(findTestObject("RecAndPlayBk/Page-Vlink-Debit/input_Check Email"), ""): Text '' is set on object 'Object Repository/RecAndPlayBk/Page-Vlink-Debit/input_Check Email'

2023-02-08 19:09:14 - [MESSAGE][PASSED] - Text '' is set on object 'Object Repository/RecAndPlayBk/Page-Vlink-Debit/input_Check Email'

2023-02-08 19:09:14 - [TEST_STEP][PASSED] - setText(findTestObject("Object Repository/RecAndPlayBk/Page-Vlink-Debit/input_concat(CheckWriter, , s SSN)_check_ssn"), ""): Text '' is set on object 'Object Repository/RecAndPlayBk/Page-Vlink-Debit/input_concat(CheckWriter, , s SSN)_check_ssn'

2023-02-08 19:09:14 - [MESSAGE][PASSED] - Text '' is set on object 'Object Repository/RecAndPlayBk/Page-Vlink-Debit/input_concat(CheckWriter, , s SSN)_check_ssn'

2023-02-08 19:09:14 - [TEST_STEP][PASSED] - setText(findTestObject("Object Repository/RecAndPlayBk/Page-Vlink-Debit/input_concat(CheckWriter, , s License Numbe_020fef"), ""): Text '' is set on object 'Object Repository/RecAndPlayBk/Page-Vlink-Debit/input_concat(CheckWriter, , s License Numbe_020fef'

2023-02-08 19:09:15 - [MESSAGE][PASSED] - Text '' is set on object 'Object Repository/RecAndPlayBk/Page-Vlink-Debit/input_concat(CheckWriter, , s License Numbe_020fef'

2023-02-08 19:09:15 - [TEST_STEP][PASSED] - setText(findTestObject("Object Repository/RecAndPlayBk/Page-Vlink-Debit/input_concat(CheckWriter, , s License State_21e3e7"), ""): Text '' is set on object 'Object Repository/RecAndPlayBk/Page-Vlink-Debit/input_concat(CheckWriter, , s License State_21e3e7'

2023-02-08 19:09:16 - [MESSAGE][PASSED] - Text '' is set on object 'Object Repository/RecAndPlayBk/Page-Vlink-Debit/input_concat(CheckWriter, , s License State_21e3e7'

2023-02-08 19:09:16 - [TEST_STEP][PASSED] - setText(findTestObject("RecAndPlayBk/Page-Vlink-Debit/input_Standard Entry Class"), sec): Text 'CCD' is set on object 'Object Repository/RecAndPlayBk/Page-Vlink-Debit/input_Standard Entry Class'

2023-02-08 19:09:16 - [MESSAGE][PASSED] - Text 'CCD' is set on object 'Object Repository/RecAndPlayBk/Page-Vlink-Debit/input_Standard Entry Class'

2023-02-08 19:09:16 - [TEST_STEP][PASSED] - click(findTestObject("Object Repository/RecAndPlayBk/Page-Vlink-Debit/input")): Object: 'Object Repository/RecAndPlayBk/Page-Vlink-Debit/input' is clicked on

2023-02-08 19:09:17 - [MESSAGE][PASSED] - Object: 'Object Repository/RecAndPlayBk/Page-Vlink-Debit/input' is clicked on

2023-02-08 19:09:17 - [TEST_STEP][PASSED] - if (verifyTextPresent("invalid: amount", true)): null

2023-02-08 19:09:17 - [MESSAGE][PASSED] - Text 'invalid: amount' is present on page  using regular expression

2023-02-08 19:09:17 - [TEST_STEP][PASSED] - println("invalid: amount text is present on the Confirmation page"): null

2023-02-08 19:09:17 - [TEST_STEP][PASSED] - out.println("Pass Record Number: " + row): null

2023-02-08 19:09:17 - [TEST_STEP][PASSED] - resText = "Pass": null

2023-02-08 19:09:17 - [TEST_STEP][PASSED] - pages.WriteExcel.demoKey(resText, datText, resColumn, datCloumn, fileLoc, nameSheet, row): pages.WriteExcel.demoKey is PASSED

2023-02-08 19:09:17 - [MESSAGE][PASSED] - pages.WriteExcel.demoKey is PASSED]]></system-out>
         <system-err><![CDATA[]]></system-err>
      </testcase>
      <testcase name="Test Cases/RecAndPlayBk/VLink/Debit-Void" time="165.92" classname="Test Cases/RecAndPlayBk/VLink/Debit-Void" status="PASSED">
         <system-out><![CDATA[2023-02-08 19:09:17 - [TEST_CASE][PASSED] - Test Cases/RecAndPlayBk/VLink/Debit-Void: Test Cases/RecAndPlayBk/VLink/Debit-Void

2023-02-08 19:09:18 - [TEST_STEP][PASSED] - executionProfile = getExecutionProfile(): null

2023-02-08 19:09:18 - [TEST_STEP][PASSED] - out.println("executionProfile : " + executionProfile): null

2023-02-08 19:09:18 - [TEST_STEP][PASSED] - appName = <not implemented yet for class: org.codehaus.groovy.ast.expr.EmptyExpression>: null

2023-02-08 19:09:18 - [TEST_STEP][PASSED] - appID = <not implemented yet for class: org.codehaus.groovy.ast.expr.EmptyExpression>: null

2023-02-08 19:09:18 - [TEST_STEP][PASSED] - username = <not implemented yet for class: org.codehaus.groovy.ast.expr.EmptyExpression>: null

2023-02-08 19:09:18 - [TEST_STEP][PASSED] - password = <not implemented yet for class: org.codehaus.groovy.ast.expr.EmptyExpression>: null

2023-02-08 19:09:18 - [TEST_STEP][PASSED] - cardNameV = <not implemented yet for class: org.codehaus.groovy.ast.expr.EmptyExpression>: null

2023-02-08 19:09:18 - [TEST_STEP][PASSED] - al1V = <not implemented yet for class: org.codehaus.groovy.ast.expr.EmptyExpression>: null

2023-02-08 19:09:18 - [TEST_STEP][PASSED] - al2V = <not implemented yet for class: org.codehaus.groovy.ast.expr.EmptyExpression>: null

2023-02-08 19:09:18 - [TEST_STEP][PASSED] - zipV = <not implemented yet for class: org.codehaus.groovy.ast.expr.EmptyExpression>: null

2023-02-08 19:09:18 - [TEST_STEP][PASSED] - cardTypeV = <not implemented yet for class: org.codehaus.groovy.ast.expr.EmptyExpression>: null

2023-02-08 19:09:18 - [TEST_STEP][PASSED] - last4V = <not implemented yet for class: org.codehaus.groovy.ast.expr.EmptyExpression>: null

2023-02-08 19:09:18 - [TEST_STEP][PASSED] - resText = "Fail": null

2023-02-08 19:09:18 - [TEST_STEP][PASSED] - resColumn = "Result": null

2023-02-08 19:09:18 - [TEST_STEP][PASSED] - datCloumn = "Date": null

2023-02-08 19:09:18 - [TEST_STEP][PASSED] - fileLoc = "KatalonData/VLinkSmokeDataACH.xlsx": null

2023-02-08 19:09:18 - [TEST_STEP][PASSED] - numOfRows = <not implemented yet for class: org.codehaus.groovy.ast.expr.EmptyExpression>: null

2023-02-08 19:09:18 - [TEST_STEP][PASSED] - dataFile = <not implemented yet for class: org.codehaus.groovy.ast.expr.EmptyExpression>: null

2023-02-08 19:09:18 - [TEST_STEP][PASSED] - nameSheet = <not implemented yet for class: org.codehaus.groovy.ast.expr.EmptyExpression>: null

2023-02-08 19:09:18 - [TEST_STEP][PASSED] - nameSheet = "Debit-Void": null

2023-02-08 19:09:18 - [TEST_STEP][PASSED] - numOfRows = findTestData("QA/VLinkTestData/VLinkDebitVoidData").getRowNumbers(): null

2023-02-08 19:09:18 - [TEST_STEP][PASSED] - println("Number of Records: " + numOfRows): null

2023-02-08 19:09:18 - [TEST_STEP][PASSED] - dataFile = "QA/VLinkTestData/VLinkDebitVoidData": null

2023-02-08 19:09:18 - [TEST_STEP][PASSED] - for ([row = 1, row <= numOfRows, (row++)]): null

2023-02-08 19:09:18 - [TEST_STEP][PASSED] - ExecuteTC = findTestData(dataFile).getValue("Execute", row): null

2023-02-08 19:09:18 - [TEST_STEP][PASSED] - out.println("Value of Execute is : " + ExecuteTC): null

2023-02-08 19:09:18 - [TEST_STEP][PASSED] - switch (executionProfile): null

2023-02-08 19:09:18 - [TEST_STEP][PASSED] - case "QAProfile":: null

2023-02-08 19:09:18 - [TEST_STEP][PASSED] - appID = findTestData(dataFile).getValue("AppIDQA", row): null

2023-02-08 19:09:18 - [TEST_STEP][PASSED] - username = findTestData(dataFile).getValue("UsernameQA", row): null

2023-02-08 19:09:18 - [TEST_STEP][PASSED] - password = findTestData(dataFile).getValue("PasswordQA", row): null

2023-02-08 19:09:18 - [TEST_STEP][PASSED] - break: null

2023-02-08 19:09:18 - [TEST_STEP][PASSED] - if (ExecuteTC.equalsIgnoreCase("Y")): null

2023-02-08 19:09:18 - [TEST_STEP][PASSED] - out.println("Begin Record Number: " + row): null

2023-02-08 19:09:18 - [TEST_STEP][PASSED] - today = new java.util.Date(): null

2023-02-08 19:09:18 - [TEST_STEP][PASSED] - println(today): null

2023-02-08 19:09:18 - [TEST_STEP][PASSED] - datText = today: null

2023-02-08 19:09:18 - [TEST_STEP][PASSED] - checkType = findTestData(dataFile).getValue("CheckType", row): null

2023-02-08 19:09:18 - [TEST_STEP][PASSED] - acNumber = findTestData(dataFile).getValue("AcNumber", row): null

2023-02-08 19:09:18 - [TEST_STEP][PASSED] - company = findTestData(dataFile).getValue("Company", row): null

2023-02-08 19:09:18 - [TEST_STEP][PASSED] - acType = findTestData(dataFile).getValue("AcType", row): null

2023-02-08 19:09:18 - [TEST_STEP][PASSED] - rtn = findTestData(dataFile).getValue("RTN", row): null

2023-02-08 19:09:18 - [TEST_STEP][PASSED] - amount = findTestData(dataFile).getValue("Amount", row): null

2023-02-08 19:09:18 - [TEST_STEP][PASSED] - sec = findTestData(dataFile).getValue("SEC", row): null

2023-02-08 19:09:18 - [TEST_STEP][PASSED] - openBrowser(VLinkURL + "debit.html"): Browser is opened with url: 'https://dev-algorithm.govolution.com/vlinktest/QA/version_2_0/debit.html'

2023-02-08 19:09:18 - [MESSAGE][WARNING] - A browser is already opened. Closing browser and opening a new one

2023-02-08 19:09:19 - [MESSAGE][INFO] - Starting 'Chrome' driver

2023-02-08 19:09:19 - [MESSAGE][INFO] - User set preference: ['acceptInsecureCerts', 'true']

2023-02-08 19:09:19 - [MESSAGE][INFO] - Action delay is set to 0 milliseconds

2023-02-08 19:09:21 - [MESSAGE][PASSED] - Browser is opened with url: 'https://dev-algorithm.govolution.com/vlinktest/QA/version_2_0/debit.html'

2023-02-08 19:09:21 - [TEST_STEP][PASSED] - maximizeWindow(): Current window maximized

2023-02-08 19:09:21 - [MESSAGE][PASSED] - Current window maximized

2023-02-08 19:09:21 - [TEST_STEP][PASSED] - genRemID = RandomStringUtils.random(12, true, true): null

2023-02-08 19:09:21 - [TEST_STEP][PASSED] - setText(findTestObject("RecAndPlayBk/Page-Vlink-Debit/input_Remittance Id"), genRemID): Text 'jBTuUl12Q0aM' is set on object 'Object Repository/RecAndPlayBk/Page-Vlink-Debit/input_Remittance Id'

2023-02-08 19:09:22 - [MESSAGE][PASSED] - Text 'jBTuUl12Q0aM' is set on object 'Object Repository/RecAndPlayBk/Page-Vlink-Debit/input_Remittance Id'

2023-02-08 19:09:22 - [TEST_STEP][PASSED] - setText(findTestObject("RecAndPlayBk/Page-Vlink-Debit/input_Application Id"), appID): Text '234' is set on object 'Object Repository/RecAndPlayBk/Page-Vlink-Debit/input_Application Id'

2023-02-08 19:09:23 - [MESSAGE][PASSED] - Text '234' is set on object 'Object Repository/RecAndPlayBk/Page-Vlink-Debit/input_Application Id'

2023-02-08 19:09:23 - [TEST_STEP][PASSED] - setText(findTestObject("RecAndPlayBk/Page-Vlink-Debit/input_Username"), username): Text 'username' is set on object 'Object Repository/RecAndPlayBk/Page-Vlink-Debit/input_Username'

2023-02-08 19:09:23 - [MESSAGE][PASSED] - Text 'username' is set on object 'Object Repository/RecAndPlayBk/Page-Vlink-Debit/input_Username'

2023-02-08 19:09:23 - [TEST_STEP][PASSED] - setText(findTestObject("RecAndPlayBk/Page-Vlink-Debit/input_Password"), password): Text 'password' is set on object 'Object Repository/RecAndPlayBk/Page-Vlink-Debit/input_Password'

2023-02-08 19:09:24 - [MESSAGE][PASSED] - Text 'password' is set on object 'Object Repository/RecAndPlayBk/Page-Vlink-Debit/input_Password'

2023-02-08 19:09:24 - [TEST_STEP][PASSED] - setText(findTestObject("RecAndPlayBk/Page-Vlink-Debit/input_Check Type"), checkType): Text 'P' is set on object 'Object Repository/RecAndPlayBk/Page-Vlink-Debit/input_Check Type'

2023-02-08 19:09:25 - [MESSAGE][PASSED] - Text 'P' is set on object 'Object Repository/RecAndPlayBk/Page-Vlink-Debit/input_Check Type'

2023-02-08 19:09:25 - [TEST_STEP][PASSED] - setText(findTestObject("RecAndPlayBk/Page-Vlink-Debit/input_Account_check"), acNumber): Text '58963214' is set on object 'Object Repository/RecAndPlayBk/Page-Vlink-Debit/input_Account_check'

2023-02-08 19:09:25 - [MESSAGE][PASSED] - Text '58963214' is set on object 'Object Repository/RecAndPlayBk/Page-Vlink-Debit/input_Account_check'

2023-02-08 19:09:25 - [TEST_STEP][PASSED] - setText(findTestObject("RecAndPlayBk/Page-Vlink-Debit/input_Company_check"), company): Text '' is set on object 'Object Repository/RecAndPlayBk/Page-Vlink-Debit/input_Company_check'

2023-02-08 19:09:26 - [MESSAGE][PASSED] - Text '' is set on object 'Object Repository/RecAndPlayBk/Page-Vlink-Debit/input_Company_check'

2023-02-08 19:09:26 - [TEST_STEP][PASSED] - setText(findTestObject("RecAndPlayBk/Page-Vlink-Debit/input_Account Type"), acType): Text '1' is set on object 'Object Repository/RecAndPlayBk/Page-Vlink-Debit/input_Account Type'

2023-02-08 19:09:26 - [MESSAGE][PASSED] - Text '1' is set on object 'Object Repository/RecAndPlayBk/Page-Vlink-Debit/input_Account Type'

2023-02-08 19:09:26 - [TEST_STEP][PASSED] - setText(findTestObject("RecAndPlayBk/Page-Vlink-Debit/input_Routing Number"), rtn): Text '256072691' is set on object 'Object Repository/RecAndPlayBk/Page-Vlink-Debit/input_Routing Number'

2023-02-08 19:09:27 - [MESSAGE][PASSED] - Text '256072691' is set on object 'Object Repository/RecAndPlayBk/Page-Vlink-Debit/input_Routing Number'

2023-02-08 19:09:27 - [TEST_STEP][PASSED] - setText(findTestObject("RecAndPlayBk/Page-Vlink-Debit/input_Amount"), amount): Text '12.50' is set on object 'Object Repository/RecAndPlayBk/Page-Vlink-Debit/input_Amount'

2023-02-08 19:09:28 - [MESSAGE][PASSED] - Text '12.50' is set on object 'Object Repository/RecAndPlayBk/Page-Vlink-Debit/input_Amount'

2023-02-08 19:09:28 - [TEST_STEP][PASSED] - setText(findTestObject("RecAndPlayBk/Page-Vlink-Debit/input_Check Email"), ""): Text '' is set on object 'Object Repository/RecAndPlayBk/Page-Vlink-Debit/input_Check Email'

2023-02-08 19:09:28 - [MESSAGE][PASSED] - Text '' is set on object 'Object Repository/RecAndPlayBk/Page-Vlink-Debit/input_Check Email'

2023-02-08 19:09:28 - [TEST_STEP][PASSED] - setText(findTestObject("Object Repository/RecAndPlayBk/Page-Vlink-Debit/input_concat(CheckWriter, , s SSN)_check_ssn"), ""): Text '' is set on object 'Object Repository/RecAndPlayBk/Page-Vlink-Debit/input_concat(CheckWriter, , s SSN)_check_ssn'

2023-02-08 19:09:29 - [MESSAGE][PASSED] - Text '' is set on object 'Object Repository/RecAndPlayBk/Page-Vlink-Debit/input_concat(CheckWriter, , s SSN)_check_ssn'

2023-02-08 19:09:29 - [TEST_STEP][PASSED] - setText(findTestObject("Object Repository/RecAndPlayBk/Page-Vlink-Debit/input_concat(CheckWriter, , s License Numbe_020fef"), ""): Text '' is set on object 'Object Repository/RecAndPlayBk/Page-Vlink-Debit/input_concat(CheckWriter, , s License Numbe_020fef'

2023-02-08 19:09:30 - [MESSAGE][PASSED] - Text '' is set on object 'Object Repository/RecAndPlayBk/Page-Vlink-Debit/input_concat(CheckWriter, , s License Numbe_020fef'

2023-02-08 19:09:30 - [TEST_STEP][PASSED] - setText(findTestObject("Object Repository/RecAndPlayBk/Page-Vlink-Debit/input_concat(CheckWriter, , s License State_21e3e7"), ""): Text '' is set on object 'Object Repository/RecAndPlayBk/Page-Vlink-Debit/input_concat(CheckWriter, , s License State_21e3e7'

2023-02-08 19:09:30 - [MESSAGE][PASSED] - Text '' is set on object 'Object Repository/RecAndPlayBk/Page-Vlink-Debit/input_concat(CheckWriter, , s License State_21e3e7'

2023-02-08 19:09:30 - [TEST_STEP][PASSED] - setText(findTestObject("RecAndPlayBk/Page-Vlink-Debit/input_Standard Entry Class"), sec): Text 'WEB' is set on object 'Object Repository/RecAndPlayBk/Page-Vlink-Debit/input_Standard Entry Class'

2023-02-08 19:09:31 - [MESSAGE][PASSED] - Text 'WEB' is set on object 'Object Repository/RecAndPlayBk/Page-Vlink-Debit/input_Standard Entry Class'

2023-02-08 19:09:31 - [TEST_STEP][PASSED] - click(findTestObject("Object Repository/RecAndPlayBk/Page-Vlink-Debit/input")): Object: 'Object Repository/RecAndPlayBk/Page-Vlink-Debit/input' is clicked on

2023-02-08 19:09:32 - [MESSAGE][PASSED] - Object: 'Object Repository/RecAndPlayBk/Page-Vlink-Debit/input' is clicked on

2023-02-08 19:09:32 - [TEST_STEP][PASSED] - if (verifyTextPresent("Transaction approved, no errors", true)): null

2023-02-08 19:09:32 - [MESSAGE][PASSED] - Text 'Transaction approved, no errors' is present on page  using regular expression

2023-02-08 19:09:32 - [TEST_STEP][PASSED] - println("Transaction Approved, no errors text is present on the Confirmation page"): null

2023-02-08 19:09:32 - [TEST_STEP][PASSED] - sdfo = getText(findTestObject("Object Repository/Page_VLinkReceipt/pre_STX")): Text of object 'Object Repository/Page_VLinkReceipt/pre_STX' is: '<STX>jBTuUl12Q0aM                  12125267            0  Transaction approved, no errors                   0                                                                                                              <ETX>'

2023-02-08 19:09:32 - [MESSAGE][PASSED] - Text of object 'Object Repository/Page_VLinkReceipt/pre_STX' is: '<STX>jBTuUl12Q0aM                  12125267            0  Transaction approved, no errors                   0                                                                                                              <ETX>'

2023-02-08 19:09:32 - [TEST_STEP][PASSED] - out.println("sdfo: " + sdfo): null

2023-02-08 19:09:32 - [TEST_STEP][PASSED] - remID = substring(5, 35).trim(): null

2023-02-08 19:09:32 - [TEST_STEP][PASSED] - out.println("remID: " + remID): null

2023-02-08 19:09:32 - [TEST_STEP][PASSED] - traxID = substring(35, 55).trim(): null

2023-02-08 19:09:32 - [TEST_STEP][PASSED] - out.println("traxID: " + traxID): null

2023-02-08 19:09:32 - [TEST_STEP][PASSED] - VLinkSaleRemID = remID: null

2023-02-08 19:09:32 - [TEST_STEP][PASSED] - VLinkSaleTranxID = traxID: null

2023-02-08 19:09:32 - [TEST_STEP][PASSED] - openBrowser(VLinkURL + "ACH_void.html"): Browser is opened with url: 'https://dev-algorithm.govolution.com/vlinktest/QA/version_2_0/ACH_void.html'

2023-02-08 19:09:32 - [MESSAGE][WARNING] - A browser is already opened. Closing browser and opening a new one

2023-02-08 19:09:33 - [MESSAGE][INFO] - Starting 'Chrome' driver

2023-02-08 19:09:33 - [MESSAGE][INFO] - User set preference: ['acceptInsecureCerts', 'true']

2023-02-08 19:09:33 - [MESSAGE][INFO] - Action delay is set to 0 milliseconds

2023-02-08 19:09:35 - [MESSAGE][PASSED] - Browser is opened with url: 'https://dev-algorithm.govolution.com/vlinktest/QA/version_2_0/ACH_void.html'

2023-02-08 19:09:35 - [TEST_STEP][PASSED] - maximizeWindow(): Current window maximized

2023-02-08 19:09:35 - [MESSAGE][PASSED] - Current window maximized

2023-02-08 19:09:35 - [TEST_STEP][PASSED] - setText(findTestObject("Object Repository/RecAndPlayBk/Page-Vlink-ACH-Void/input_Remittance Id"), VLinkSaleRemID): Text 'jBTuUl12Q0aM' is set on object 'Object Repository/RecAndPlayBk/Page-Vlink-ACH-Void/input_Remittance Id'

2023-02-08 19:09:36 - [MESSAGE][PASSED] - Text 'jBTuUl12Q0aM' is set on object 'Object Repository/RecAndPlayBk/Page-Vlink-ACH-Void/input_Remittance Id'

2023-02-08 19:09:36 - [TEST_STEP][PASSED] - setText(findTestObject("Object Repository/RecAndPlayBk/Page-Vlink-ACH-Void/input_Application Id"), appID): Text '234' is set on object 'Object Repository/RecAndPlayBk/Page-Vlink-ACH-Void/input_Application Id'

2023-02-08 19:09:36 - [MESSAGE][PASSED] - Text '234' is set on object 'Object Repository/RecAndPlayBk/Page-Vlink-ACH-Void/input_Application Id'

2023-02-08 19:09:36 - [TEST_STEP][PASSED] - setText(findTestObject("Object Repository/RecAndPlayBk/Page-Vlink-ACH-Void/input_Username"), username): Text 'username' is set on object 'Object Repository/RecAndPlayBk/Page-Vlink-ACH-Void/input_Username'

2023-02-08 19:09:37 - [MESSAGE][PASSED] - Text 'username' is set on object 'Object Repository/RecAndPlayBk/Page-Vlink-ACH-Void/input_Username'

2023-02-08 19:09:37 - [TEST_STEP][PASSED] - setText(findTestObject("Object Repository/RecAndPlayBk/Page-Vlink-ACH-Void/input_Password"), password): Text 'password' is set on object 'Object Repository/RecAndPlayBk/Page-Vlink-ACH-Void/input_Password'

2023-02-08 19:09:38 - [MESSAGE][PASSED] - Text 'password' is set on object 'Object Repository/RecAndPlayBk/Page-Vlink-ACH-Void/input_Password'

2023-02-08 19:09:38 - [TEST_STEP][PASSED] - setText(findTestObject("Object Repository/RecAndPlayBk/Page-Vlink-ACH-Void/input_Check Type"), checkType): Text 'P' is set on object 'Object Repository/RecAndPlayBk/Page-Vlink-ACH-Void/input_Check Type'

2023-02-08 19:09:38 - [MESSAGE][PASSED] - Text 'P' is set on object 'Object Repository/RecAndPlayBk/Page-Vlink-ACH-Void/input_Check Type'

2023-02-08 19:09:38 - [TEST_STEP][PASSED] - setText(findTestObject("Object Repository/RecAndPlayBk/Page-Vlink-ACH-Void/input_Standard Entry Class"), sec): Text 'WEB' is set on object 'Object Repository/RecAndPlayBk/Page-Vlink-ACH-Void/input_Standard Entry Class'

2023-02-08 19:09:39 - [MESSAGE][PASSED] - Text 'WEB' is set on object 'Object Repository/RecAndPlayBk/Page-Vlink-ACH-Void/input_Standard Entry Class'

2023-02-08 19:09:39 - [TEST_STEP][PASSED] - setText(findTestObject("Object Repository/RecAndPlayBk/Page-Vlink-ACH-Void/input_Transaction ID"), VLinkSaleTranxID): Text '12125267' is set on object 'Object Repository/RecAndPlayBk/Page-Vlink-ACH-Void/input_Transaction ID'

2023-02-08 19:09:39 - [MESSAGE][PASSED] - Text '12125267' is set on object 'Object Repository/RecAndPlayBk/Page-Vlink-ACH-Void/input_Transaction ID'

2023-02-08 19:09:39 - [TEST_STEP][PASSED] - setText(findTestObject("Object Repository/RecAndPlayBk/Page-Vlink-ACH-Void/input_Original Transaction Type"), "200"): Text '200' is set on object 'Object Repository/RecAndPlayBk/Page-Vlink-ACH-Void/input_Original Transaction Type'

2023-02-08 19:09:40 - [MESSAGE][PASSED] - Text '200' is set on object 'Object Repository/RecAndPlayBk/Page-Vlink-ACH-Void/input_Original Transaction Type'

2023-02-08 19:09:40 - [TEST_STEP][PASSED] - click(findTestObject("Object Repository/RecAndPlayBk/Page-Vlink-ACH-Void/input")): Object: 'Object Repository/RecAndPlayBk/Page-Vlink-ACH-Void/input' is clicked on

2023-02-08 19:09:41 - [MESSAGE][PASSED] - Object: 'Object Repository/RecAndPlayBk/Page-Vlink-ACH-Void/input' is clicked on

2023-02-08 19:09:41 - [TEST_STEP][PASSED] - if (verifyTextPresent("Transaction approved, no errors", true)): null

2023-02-08 19:09:41 - [MESSAGE][PASSED] - Text 'Transaction approved, no errors' is present on page  using regular expression

2023-02-08 19:09:41 - [TEST_STEP][PASSED] - println("Transaction Approved, no errors text is present on the Confirmation page"): null

2023-02-08 19:09:41 - [TEST_STEP][PASSED] - out.println("Pass Record Number: " + row): null

2023-02-08 19:09:41 - [TEST_STEP][PASSED] - resText = "Pass": null

2023-02-08 19:09:41 - [TEST_STEP][PASSED] - pages.WriteExcel.demoKey(resText, datText, resColumn, datCloumn, fileLoc, nameSheet, row): pages.WriteExcel.demoKey is PASSED

2023-02-08 19:09:41 - [MESSAGE][PASSED] - pages.WriteExcel.demoKey is PASSED

2023-02-08 19:09:41 - [TEST_STEP][PASSED] - ExecuteTC = findTestData(dataFile).getValue("Execute", row): null

2023-02-08 19:09:41 - [TEST_STEP][PASSED] - out.println("Value of Execute is : " + ExecuteTC): null

2023-02-08 19:09:41 - [TEST_STEP][PASSED] - switch (executionProfile): null

2023-02-08 19:09:41 - [TEST_STEP][PASSED] - case "QAProfile":: null

2023-02-08 19:09:41 - [TEST_STEP][PASSED] - appID = findTestData(dataFile).getValue("AppIDQA", row): null

2023-02-08 19:09:41 - [TEST_STEP][PASSED] - username = findTestData(dataFile).getValue("UsernameQA", row): null

2023-02-08 19:09:41 - [TEST_STEP][PASSED] - password = findTestData(dataFile).getValue("PasswordQA", row): null

2023-02-08 19:09:42 - [TEST_STEP][PASSED] - break: null

2023-02-08 19:09:42 - [TEST_STEP][PASSED] - if (ExecuteTC.equalsIgnoreCase("Y")): null

2023-02-08 19:09:42 - [TEST_STEP][PASSED] - out.println("Begin Record Number: " + row): null

2023-02-08 19:09:42 - [TEST_STEP][PASSED] - today = new java.util.Date(): null

2023-02-08 19:09:42 - [TEST_STEP][PASSED] - println(today): null

2023-02-08 19:09:42 - [TEST_STEP][PASSED] - datText = today: null

2023-02-08 19:09:42 - [TEST_STEP][PASSED] - checkType = findTestData(dataFile).getValue("CheckType", row): null

2023-02-08 19:09:42 - [TEST_STEP][PASSED] - acNumber = findTestData(dataFile).getValue("AcNumber", row): null

2023-02-08 19:09:42 - [TEST_STEP][PASSED] - company = findTestData(dataFile).getValue("Company", row): null

2023-02-08 19:09:42 - [TEST_STEP][PASSED] - acType = findTestData(dataFile).getValue("AcType", row): null

2023-02-08 19:09:42 - [TEST_STEP][PASSED] - rtn = findTestData(dataFile).getValue("RTN", row): null

2023-02-08 19:09:42 - [TEST_STEP][PASSED] - amount = findTestData(dataFile).getValue("Amount", row): null

2023-02-08 19:09:42 - [TEST_STEP][PASSED] - sec = findTestData(dataFile).getValue("SEC", row): null

2023-02-08 19:09:42 - [TEST_STEP][PASSED] - openBrowser(VLinkURL + "debit.html"): Browser is opened with url: 'https://dev-algorithm.govolution.com/vlinktest/QA/version_2_0/debit.html'

2023-02-08 19:09:42 - [MESSAGE][WARNING] - A browser is already opened. Closing browser and opening a new one

2023-02-08 19:09:43 - [MESSAGE][INFO] - Starting 'Chrome' driver

2023-02-08 19:09:43 - [MESSAGE][INFO] - User set preference: ['acceptInsecureCerts', 'true']

2023-02-08 19:09:43 - [MESSAGE][INFO] - Action delay is set to 0 milliseconds

2023-02-08 19:09:45 - [MESSAGE][PASSED] - Browser is opened with url: 'https://dev-algorithm.govolution.com/vlinktest/QA/version_2_0/debit.html'

2023-02-08 19:09:45 - [TEST_STEP][PASSED] - maximizeWindow(): Current window maximized

2023-02-08 19:09:45 - [MESSAGE][PASSED] - Current window maximized

2023-02-08 19:09:45 - [TEST_STEP][PASSED] - genRemID = RandomStringUtils.random(12, true, true): null

2023-02-08 19:09:45 - [TEST_STEP][PASSED] - setText(findTestObject("RecAndPlayBk/Page-Vlink-Debit/input_Remittance Id"), genRemID): Text 'E43Fd5cVlXx9' is set on object 'Object Repository/RecAndPlayBk/Page-Vlink-Debit/input_Remittance Id'

2023-02-08 19:09:46 - [MESSAGE][PASSED] - Text 'E43Fd5cVlXx9' is set on object 'Object Repository/RecAndPlayBk/Page-Vlink-Debit/input_Remittance Id'

2023-02-08 19:09:46 - [TEST_STEP][PASSED] - setText(findTestObject("RecAndPlayBk/Page-Vlink-Debit/input_Application Id"), appID): Text '234' is set on object 'Object Repository/RecAndPlayBk/Page-Vlink-Debit/input_Application Id'

2023-02-08 19:09:46 - [MESSAGE][PASSED] - Text '234' is set on object 'Object Repository/RecAndPlayBk/Page-Vlink-Debit/input_Application Id'

2023-02-08 19:09:46 - [TEST_STEP][PASSED] - setText(findTestObject("RecAndPlayBk/Page-Vlink-Debit/input_Username"), username): Text 'username' is set on object 'Object Repository/RecAndPlayBk/Page-Vlink-Debit/input_Username'

2023-02-08 19:09:47 - [MESSAGE][PASSED] - Text 'username' is set on object 'Object Repository/RecAndPlayBk/Page-Vlink-Debit/input_Username'

2023-02-08 19:09:47 - [TEST_STEP][PASSED] - setText(findTestObject("RecAndPlayBk/Page-Vlink-Debit/input_Password"), password): Text 'password' is set on object 'Object Repository/RecAndPlayBk/Page-Vlink-Debit/input_Password'

2023-02-08 19:09:48 - [MESSAGE][PASSED] - Text 'password' is set on object 'Object Repository/RecAndPlayBk/Page-Vlink-Debit/input_Password'

2023-02-08 19:09:48 - [TEST_STEP][PASSED] - setText(findTestObject("RecAndPlayBk/Page-Vlink-Debit/input_Check Type"), checkType): Text 'P' is set on object 'Object Repository/RecAndPlayBk/Page-Vlink-Debit/input_Check Type'

2023-02-08 19:09:48 - [MESSAGE][PASSED] - Text 'P' is set on object 'Object Repository/RecAndPlayBk/Page-Vlink-Debit/input_Check Type'

2023-02-08 19:09:48 - [TEST_STEP][PASSED] - setText(findTestObject("RecAndPlayBk/Page-Vlink-Debit/input_Account_check"), acNumber): Text '58963214' is set on object 'Object Repository/RecAndPlayBk/Page-Vlink-Debit/input_Account_check'

2023-02-08 19:09:49 - [MESSAGE][PASSED] - Text '58963214' is set on object 'Object Repository/RecAndPlayBk/Page-Vlink-Debit/input_Account_check'

2023-02-08 19:09:49 - [TEST_STEP][PASSED] - setText(findTestObject("RecAndPlayBk/Page-Vlink-Debit/input_Company_check"), company): Text '' is set on object 'Object Repository/RecAndPlayBk/Page-Vlink-Debit/input_Company_check'

2023-02-08 19:09:49 - [MESSAGE][PASSED] - Text '' is set on object 'Object Repository/RecAndPlayBk/Page-Vlink-Debit/input_Company_check'

2023-02-08 19:09:49 - [TEST_STEP][PASSED] - setText(findTestObject("RecAndPlayBk/Page-Vlink-Debit/input_Account Type"), acType): Text '1' is set on object 'Object Repository/RecAndPlayBk/Page-Vlink-Debit/input_Account Type'

2023-02-08 19:09:50 - [MESSAGE][PASSED] - Text '1' is set on object 'Object Repository/RecAndPlayBk/Page-Vlink-Debit/input_Account Type'

2023-02-08 19:09:50 - [TEST_STEP][PASSED] - setText(findTestObject("RecAndPlayBk/Page-Vlink-Debit/input_Routing Number"), rtn): Text '256072691' is set on object 'Object Repository/RecAndPlayBk/Page-Vlink-Debit/input_Routing Number'

2023-02-08 19:09:51 - [MESSAGE][PASSED] - Text '256072691' is set on object 'Object Repository/RecAndPlayBk/Page-Vlink-Debit/input_Routing Number'

2023-02-08 19:09:51 - [TEST_STEP][PASSED] - setText(findTestObject("RecAndPlayBk/Page-Vlink-Debit/input_Amount"), amount): Text '12.50' is set on object 'Object Repository/RecAndPlayBk/Page-Vlink-Debit/input_Amount'

2023-02-08 19:09:51 - [MESSAGE][PASSED] - Text '12.50' is set on object 'Object Repository/RecAndPlayBk/Page-Vlink-Debit/input_Amount'

2023-02-08 19:09:51 - [TEST_STEP][PASSED] - setText(findTestObject("RecAndPlayBk/Page-Vlink-Debit/input_Check Email"), ""): Text '' is set on object 'Object Repository/RecAndPlayBk/Page-Vlink-Debit/input_Check Email'

2023-02-08 19:09:52 - [MESSAGE][PASSED] - Text '' is set on object 'Object Repository/RecAndPlayBk/Page-Vlink-Debit/input_Check Email'

2023-02-08 19:09:52 - [TEST_STEP][PASSED] - setText(findTestObject("Object Repository/RecAndPlayBk/Page-Vlink-Debit/input_concat(CheckWriter, , s SSN)_check_ssn"), ""): Text '' is set on object 'Object Repository/RecAndPlayBk/Page-Vlink-Debit/input_concat(CheckWriter, , s SSN)_check_ssn'

2023-02-08 19:09:53 - [MESSAGE][PASSED] - Text '' is set on object 'Object Repository/RecAndPlayBk/Page-Vlink-Debit/input_concat(CheckWriter, , s SSN)_check_ssn'

2023-02-08 19:09:53 - [TEST_STEP][PASSED] - setText(findTestObject("Object Repository/RecAndPlayBk/Page-Vlink-Debit/input_concat(CheckWriter, , s License Numbe_020fef"), ""): Text '' is set on object 'Object Repository/RecAndPlayBk/Page-Vlink-Debit/input_concat(CheckWriter, , s License Numbe_020fef'

2023-02-08 19:09:53 - [MESSAGE][PASSED] - Text '' is set on object 'Object Repository/RecAndPlayBk/Page-Vlink-Debit/input_concat(CheckWriter, , s License Numbe_020fef'

2023-02-08 19:09:53 - [TEST_STEP][PASSED] - setText(findTestObject("Object Repository/RecAndPlayBk/Page-Vlink-Debit/input_concat(CheckWriter, , s License State_21e3e7"), ""): Text '' is set on object 'Object Repository/RecAndPlayBk/Page-Vlink-Debit/input_concat(CheckWriter, , s License State_21e3e7'

2023-02-08 19:09:54 - [MESSAGE][PASSED] - Text '' is set on object 'Object Repository/RecAndPlayBk/Page-Vlink-Debit/input_concat(CheckWriter, , s License State_21e3e7'

2023-02-08 19:09:54 - [TEST_STEP][PASSED] - setText(findTestObject("RecAndPlayBk/Page-Vlink-Debit/input_Standard Entry Class"), sec): Text 'TEL' is set on object 'Object Repository/RecAndPlayBk/Page-Vlink-Debit/input_Standard Entry Class'

2023-02-08 19:09:54 - [MESSAGE][PASSED] - Text 'TEL' is set on object 'Object Repository/RecAndPlayBk/Page-Vlink-Debit/input_Standard Entry Class'

2023-02-08 19:09:54 - [TEST_STEP][PASSED] - click(findTestObject("Object Repository/RecAndPlayBk/Page-Vlink-Debit/input")): Object: 'Object Repository/RecAndPlayBk/Page-Vlink-Debit/input' is clicked on

2023-02-08 19:09:55 - [MESSAGE][PASSED] - Object: 'Object Repository/RecAndPlayBk/Page-Vlink-Debit/input' is clicked on

2023-02-08 19:09:55 - [TEST_STEP][PASSED] - if (verifyTextPresent("Transaction approved, no errors", true)): null

2023-02-08 19:09:55 - [MESSAGE][PASSED] - Text 'Transaction approved, no errors' is present on page  using regular expression

2023-02-08 19:09:55 - [TEST_STEP][PASSED] - println("Transaction Approved, no errors text is present on the Confirmation page"): null

2023-02-08 19:09:55 - [TEST_STEP][PASSED] - sdfo = getText(findTestObject("Object Repository/Page_VLinkReceipt/pre_STX")): Text of object 'Object Repository/Page_VLinkReceipt/pre_STX' is: '<STX>E43Fd5cVlXx9                  12125269            0  Transaction approved, no errors                   0                                                                                                              <ETX>'

2023-02-08 19:09:56 - [MESSAGE][PASSED] - Text of object 'Object Repository/Page_VLinkReceipt/pre_STX' is: '<STX>E43Fd5cVlXx9                  12125269            0  Transaction approved, no errors                   0                                                                                                              <ETX>'

2023-02-08 19:09:56 - [TEST_STEP][PASSED] - out.println("sdfo: " + sdfo): null

2023-02-08 19:09:56 - [TEST_STEP][PASSED] - remID = substring(5, 35).trim(): null

2023-02-08 19:09:56 - [TEST_STEP][PASSED] - out.println("remID: " + remID): null

2023-02-08 19:09:56 - [TEST_STEP][PASSED] - traxID = substring(35, 55).trim(): null

2023-02-08 19:09:56 - [TEST_STEP][PASSED] - out.println("traxID: " + traxID): null

2023-02-08 19:09:56 - [TEST_STEP][PASSED] - VLinkSaleRemID = remID: null

2023-02-08 19:09:56 - [TEST_STEP][PASSED] - VLinkSaleTranxID = traxID: null

2023-02-08 19:09:56 - [TEST_STEP][PASSED] - openBrowser(VLinkURL + "ACH_void.html"): Browser is opened with url: 'https://dev-algorithm.govolution.com/vlinktest/QA/version_2_0/ACH_void.html'

2023-02-08 19:09:56 - [MESSAGE][WARNING] - A browser is already opened. Closing browser and opening a new one

2023-02-08 19:09:57 - [MESSAGE][INFO] - Starting 'Chrome' driver

2023-02-08 19:09:57 - [MESSAGE][INFO] - User set preference: ['acceptInsecureCerts', 'true']

2023-02-08 19:09:57 - [MESSAGE][INFO] - Action delay is set to 0 milliseconds

2023-02-08 19:09:58 - [MESSAGE][PASSED] - Browser is opened with url: 'https://dev-algorithm.govolution.com/vlinktest/QA/version_2_0/ACH_void.html'

2023-02-08 19:09:58 - [TEST_STEP][PASSED] - maximizeWindow(): Current window maximized

2023-02-08 19:09:59 - [MESSAGE][PASSED] - Current window maximized

2023-02-08 19:09:59 - [TEST_STEP][PASSED] - setText(findTestObject("Object Repository/RecAndPlayBk/Page-Vlink-ACH-Void/input_Remittance Id"), VLinkSaleRemID): Text 'E43Fd5cVlXx9' is set on object 'Object Repository/RecAndPlayBk/Page-Vlink-ACH-Void/input_Remittance Id'

2023-02-08 19:09:59 - [MESSAGE][PASSED] - Text 'E43Fd5cVlXx9' is set on object 'Object Repository/RecAndPlayBk/Page-Vlink-ACH-Void/input_Remittance Id'

2023-02-08 19:09:59 - [TEST_STEP][PASSED] - setText(findTestObject("Object Repository/RecAndPlayBk/Page-Vlink-ACH-Void/input_Application Id"), appID): Text '234' is set on object 'Object Repository/RecAndPlayBk/Page-Vlink-ACH-Void/input_Application Id'

2023-02-08 19:10:00 - [MESSAGE][PASSED] - Text '234' is set on object 'Object Repository/RecAndPlayBk/Page-Vlink-ACH-Void/input_Application Id'

2023-02-08 19:10:00 - [TEST_STEP][PASSED] - setText(findTestObject("Object Repository/RecAndPlayBk/Page-Vlink-ACH-Void/input_Username"), username): Text 'username' is set on object 'Object Repository/RecAndPlayBk/Page-Vlink-ACH-Void/input_Username'

2023-02-08 19:10:00 - [MESSAGE][PASSED] - Text 'username' is set on object 'Object Repository/RecAndPlayBk/Page-Vlink-ACH-Void/input_Username'

2023-02-08 19:10:00 - [TEST_STEP][PASSED] - setText(findTestObject("Object Repository/RecAndPlayBk/Page-Vlink-ACH-Void/input_Password"), password): Text 'password' is set on object 'Object Repository/RecAndPlayBk/Page-Vlink-ACH-Void/input_Password'

2023-02-08 19:10:01 - [MESSAGE][PASSED] - Text 'password' is set on object 'Object Repository/RecAndPlayBk/Page-Vlink-ACH-Void/input_Password'

2023-02-08 19:10:01 - [TEST_STEP][PASSED] - setText(findTestObject("Object Repository/RecAndPlayBk/Page-Vlink-ACH-Void/input_Check Type"), checkType): Text 'P' is set on object 'Object Repository/RecAndPlayBk/Page-Vlink-ACH-Void/input_Check Type'

2023-02-08 19:10:02 - [MESSAGE][PASSED] - Text 'P' is set on object 'Object Repository/RecAndPlayBk/Page-Vlink-ACH-Void/input_Check Type'

2023-02-08 19:10:02 - [TEST_STEP][PASSED] - setText(findTestObject("Object Repository/RecAndPlayBk/Page-Vlink-ACH-Void/input_Standard Entry Class"), sec): Text 'TEL' is set on object 'Object Repository/RecAndPlayBk/Page-Vlink-ACH-Void/input_Standard Entry Class'

2023-02-08 19:10:02 - [MESSAGE][PASSED] - Text 'TEL' is set on object 'Object Repository/RecAndPlayBk/Page-Vlink-ACH-Void/input_Standard Entry Class'

2023-02-08 19:10:02 - [TEST_STEP][PASSED] - setText(findTestObject("Object Repository/RecAndPlayBk/Page-Vlink-ACH-Void/input_Transaction ID"), VLinkSaleTranxID): Text '12125269' is set on object 'Object Repository/RecAndPlayBk/Page-Vlink-ACH-Void/input_Transaction ID'

2023-02-08 19:10:03 - [MESSAGE][PASSED] - Text '12125269' is set on object 'Object Repository/RecAndPlayBk/Page-Vlink-ACH-Void/input_Transaction ID'

2023-02-08 19:10:03 - [TEST_STEP][PASSED] - setText(findTestObject("Object Repository/RecAndPlayBk/Page-Vlink-ACH-Void/input_Original Transaction Type"), "200"): Text '200' is set on object 'Object Repository/RecAndPlayBk/Page-Vlink-ACH-Void/input_Original Transaction Type'

2023-02-08 19:10:04 - [MESSAGE][PASSED] - Text '200' is set on object 'Object Repository/RecAndPlayBk/Page-Vlink-ACH-Void/input_Original Transaction Type'

2023-02-08 19:10:04 - [TEST_STEP][PASSED] - click(findTestObject("Object Repository/RecAndPlayBk/Page-Vlink-ACH-Void/input")): Object: 'Object Repository/RecAndPlayBk/Page-Vlink-ACH-Void/input' is clicked on

2023-02-08 19:10:04 - [MESSAGE][PASSED] - Object: 'Object Repository/RecAndPlayBk/Page-Vlink-ACH-Void/input' is clicked on

2023-02-08 19:10:04 - [TEST_STEP][PASSED] - if (verifyTextPresent("Transaction approved, no errors", true)): null

2023-02-08 19:10:05 - [MESSAGE][PASSED] - Text 'Transaction approved, no errors' is present on page  using regular expression

2023-02-08 19:10:05 - [TEST_STEP][PASSED] - println("Transaction Approved, no errors text is present on the Confirmation page"): null

2023-02-08 19:10:05 - [TEST_STEP][PASSED] - out.println("Pass Record Number: " + row): null

2023-02-08 19:10:05 - [TEST_STEP][PASSED] - resText = "Pass": null

2023-02-08 19:10:05 - [TEST_STEP][PASSED] - pages.WriteExcel.demoKey(resText, datText, resColumn, datCloumn, fileLoc, nameSheet, row): pages.WriteExcel.demoKey is PASSED

2023-02-08 19:10:05 - [MESSAGE][PASSED] - pages.WriteExcel.demoKey is PASSED

2023-02-08 19:10:05 - [TEST_STEP][PASSED] - ExecuteTC = findTestData(dataFile).getValue("Execute", row): null

2023-02-08 19:10:05 - [TEST_STEP][PASSED] - out.println("Value of Execute is : " + ExecuteTC): null

2023-02-08 19:10:05 - [TEST_STEP][PASSED] - switch (executionProfile): null

2023-02-08 19:10:05 - [TEST_STEP][PASSED] - case "QAProfile":: null

2023-02-08 19:10:05 - [TEST_STEP][PASSED] - appID = findTestData(dataFile).getValue("AppIDQA", row): null

2023-02-08 19:10:05 - [TEST_STEP][PASSED] - username = findTestData(dataFile).getValue("UsernameQA", row): null

2023-02-08 19:10:05 - [TEST_STEP][PASSED] - password = findTestData(dataFile).getValue("PasswordQA", row): null

2023-02-08 19:10:05 - [TEST_STEP][PASSED] - break: null

2023-02-08 19:10:05 - [TEST_STEP][PASSED] - if (ExecuteTC.equalsIgnoreCase("Y")): null

2023-02-08 19:10:05 - [TEST_STEP][PASSED] - out.println("Begin Record Number: " + row): null

2023-02-08 19:10:05 - [TEST_STEP][PASSED] - today = new java.util.Date(): null

2023-02-08 19:10:05 - [TEST_STEP][PASSED] - println(today): null

2023-02-08 19:10:05 - [TEST_STEP][PASSED] - datText = today: null

2023-02-08 19:10:05 - [TEST_STEP][PASSED] - checkType = findTestData(dataFile).getValue("CheckType", row): null

2023-02-08 19:10:05 - [TEST_STEP][PASSED] - acNumber = findTestData(dataFile).getValue("AcNumber", row): null

2023-02-08 19:10:05 - [TEST_STEP][PASSED] - company = findTestData(dataFile).getValue("Company", row): null

2023-02-08 19:10:05 - [TEST_STEP][PASSED] - acType = findTestData(dataFile).getValue("AcType", row): null

2023-02-08 19:10:05 - [TEST_STEP][PASSED] - rtn = findTestData(dataFile).getValue("RTN", row): null

2023-02-08 19:10:05 - [TEST_STEP][PASSED] - amount = findTestData(dataFile).getValue("Amount", row): null

2023-02-08 19:10:05 - [TEST_STEP][PASSED] - sec = findTestData(dataFile).getValue("SEC", row): null

2023-02-08 19:10:05 - [TEST_STEP][PASSED] - openBrowser(VLinkURL + "debit.html"): Browser is opened with url: 'https://dev-algorithm.govolution.com/vlinktest/QA/version_2_0/debit.html'

2023-02-08 19:10:05 - [MESSAGE][WARNING] - A browser is already opened. Closing browser and opening a new one

2023-02-08 19:10:06 - [MESSAGE][INFO] - Starting 'Chrome' driver

2023-02-08 19:10:06 - [MESSAGE][INFO] - User set preference: ['acceptInsecureCerts', 'true']

2023-02-08 19:10:06 - [MESSAGE][INFO] - Action delay is set to 0 milliseconds

2023-02-08 19:10:08 - [MESSAGE][PASSED] - Browser is opened with url: 'https://dev-algorithm.govolution.com/vlinktest/QA/version_2_0/debit.html'

2023-02-08 19:10:08 - [TEST_STEP][PASSED] - maximizeWindow(): Current window maximized

2023-02-08 19:10:08 - [MESSAGE][PASSED] - Current window maximized

2023-02-08 19:10:08 - [TEST_STEP][PASSED] - genRemID = RandomStringUtils.random(12, true, true): null

2023-02-08 19:10:08 - [TEST_STEP][PASSED] - setText(findTestObject("RecAndPlayBk/Page-Vlink-Debit/input_Remittance Id"), genRemID): Text 'YSpPMka3Oaxm' is set on object 'Object Repository/RecAndPlayBk/Page-Vlink-Debit/input_Remittance Id'

2023-02-08 19:10:09 - [MESSAGE][PASSED] - Text 'YSpPMka3Oaxm' is set on object 'Object Repository/RecAndPlayBk/Page-Vlink-Debit/input_Remittance Id'

2023-02-08 19:10:09 - [TEST_STEP][PASSED] - setText(findTestObject("RecAndPlayBk/Page-Vlink-Debit/input_Application Id"), appID): Text '234' is set on object 'Object Repository/RecAndPlayBk/Page-Vlink-Debit/input_Application Id'

2023-02-08 19:10:10 - [MESSAGE][PASSED] - Text '234' is set on object 'Object Repository/RecAndPlayBk/Page-Vlink-Debit/input_Application Id'

2023-02-08 19:10:10 - [TEST_STEP][PASSED] - setText(findTestObject("RecAndPlayBk/Page-Vlink-Debit/input_Username"), username): Text 'username' is set on object 'Object Repository/RecAndPlayBk/Page-Vlink-Debit/input_Username'

2023-02-08 19:10:10 - [MESSAGE][PASSED] - Text 'username' is set on object 'Object Repository/RecAndPlayBk/Page-Vlink-Debit/input_Username'

2023-02-08 19:10:10 - [TEST_STEP][PASSED] - setText(findTestObject("RecAndPlayBk/Page-Vlink-Debit/input_Password"), password): Text 'password' is set on object 'Object Repository/RecAndPlayBk/Page-Vlink-Debit/input_Password'

2023-02-08 19:10:11 - [MESSAGE][PASSED] - Text 'password' is set on object 'Object Repository/RecAndPlayBk/Page-Vlink-Debit/input_Password'

2023-02-08 19:10:11 - [TEST_STEP][PASSED] - setText(findTestObject("RecAndPlayBk/Page-Vlink-Debit/input_Check Type"), checkType): Text 'P' is set on object 'Object Repository/RecAndPlayBk/Page-Vlink-Debit/input_Check Type'

2023-02-08 19:10:12 - [MESSAGE][PASSED] - Text 'P' is set on object 'Object Repository/RecAndPlayBk/Page-Vlink-Debit/input_Check Type'

2023-02-08 19:10:12 - [TEST_STEP][PASSED] - setText(findTestObject("RecAndPlayBk/Page-Vlink-Debit/input_Account_check"), acNumber): Text '58963214' is set on object 'Object Repository/RecAndPlayBk/Page-Vlink-Debit/input_Account_check'

2023-02-08 19:10:12 - [MESSAGE][PASSED] - Text '58963214' is set on object 'Object Repository/RecAndPlayBk/Page-Vlink-Debit/input_Account_check'

2023-02-08 19:10:12 - [TEST_STEP][PASSED] - setText(findTestObject("RecAndPlayBk/Page-Vlink-Debit/input_Company_check"), company): Text '' is set on object 'Object Repository/RecAndPlayBk/Page-Vlink-Debit/input_Company_check'

2023-02-08 19:10:13 - [MESSAGE][PASSED] - Text '' is set on object 'Object Repository/RecAndPlayBk/Page-Vlink-Debit/input_Company_check'

2023-02-08 19:10:13 - [TEST_STEP][PASSED] - setText(findTestObject("RecAndPlayBk/Page-Vlink-Debit/input_Account Type"), acType): Text '1' is set on object 'Object Repository/RecAndPlayBk/Page-Vlink-Debit/input_Account Type'

2023-02-08 19:10:14 - [MESSAGE][PASSED] - Text '1' is set on object 'Object Repository/RecAndPlayBk/Page-Vlink-Debit/input_Account Type'

2023-02-08 19:10:14 - [TEST_STEP][PASSED] - setText(findTestObject("RecAndPlayBk/Page-Vlink-Debit/input_Routing Number"), rtn): Text '256072691' is set on object 'Object Repository/RecAndPlayBk/Page-Vlink-Debit/input_Routing Number'

2023-02-08 19:10:14 - [MESSAGE][PASSED] - Text '256072691' is set on object 'Object Repository/RecAndPlayBk/Page-Vlink-Debit/input_Routing Number'

2023-02-08 19:10:14 - [TEST_STEP][PASSED] - setText(findTestObject("RecAndPlayBk/Page-Vlink-Debit/input_Amount"), amount): Text '12.50' is set on object 'Object Repository/RecAndPlayBk/Page-Vlink-Debit/input_Amount'

2023-02-08 19:10:15 - [MESSAGE][PASSED] - Text '12.50' is set on object 'Object Repository/RecAndPlayBk/Page-Vlink-Debit/input_Amount'

2023-02-08 19:10:15 - [TEST_STEP][PASSED] - setText(findTestObject("RecAndPlayBk/Page-Vlink-Debit/input_Check Email"), ""): Text '' is set on object 'Object Repository/RecAndPlayBk/Page-Vlink-Debit/input_Check Email'

2023-02-08 19:10:15 - [MESSAGE][PASSED] - Text '' is set on object 'Object Repository/RecAndPlayBk/Page-Vlink-Debit/input_Check Email'

2023-02-08 19:10:15 - [TEST_STEP][PASSED] - setText(findTestObject("Object Repository/RecAndPlayBk/Page-Vlink-Debit/input_concat(CheckWriter, , s SSN)_check_ssn"), ""): Text '' is set on object 'Object Repository/RecAndPlayBk/Page-Vlink-Debit/input_concat(CheckWriter, , s SSN)_check_ssn'

2023-02-08 19:10:16 - [MESSAGE][PASSED] - Text '' is set on object 'Object Repository/RecAndPlayBk/Page-Vlink-Debit/input_concat(CheckWriter, , s SSN)_check_ssn'

2023-02-08 19:10:16 - [TEST_STEP][PASSED] - setText(findTestObject("Object Repository/RecAndPlayBk/Page-Vlink-Debit/input_concat(CheckWriter, , s License Numbe_020fef"), ""): Text '' is set on object 'Object Repository/RecAndPlayBk/Page-Vlink-Debit/input_concat(CheckWriter, , s License Numbe_020fef'

2023-02-08 19:10:17 - [MESSAGE][PASSED] - Text '' is set on object 'Object Repository/RecAndPlayBk/Page-Vlink-Debit/input_concat(CheckWriter, , s License Numbe_020fef'

2023-02-08 19:10:17 - [TEST_STEP][PASSED] - setText(findTestObject("Object Repository/RecAndPlayBk/Page-Vlink-Debit/input_concat(CheckWriter, , s License State_21e3e7"), ""): Text '' is set on object 'Object Repository/RecAndPlayBk/Page-Vlink-Debit/input_concat(CheckWriter, , s License State_21e3e7'

2023-02-08 19:10:17 - [MESSAGE][PASSED] - Text '' is set on object 'Object Repository/RecAndPlayBk/Page-Vlink-Debit/input_concat(CheckWriter, , s License State_21e3e7'

2023-02-08 19:10:17 - [TEST_STEP][PASSED] - setText(findTestObject("RecAndPlayBk/Page-Vlink-Debit/input_Standard Entry Class"), sec): Text 'PPD' is set on object 'Object Repository/RecAndPlayBk/Page-Vlink-Debit/input_Standard Entry Class'

2023-02-08 19:10:18 - [MESSAGE][PASSED] - Text 'PPD' is set on object 'Object Repository/RecAndPlayBk/Page-Vlink-Debit/input_Standard Entry Class'

2023-02-08 19:10:18 - [TEST_STEP][PASSED] - click(findTestObject("Object Repository/RecAndPlayBk/Page-Vlink-Debit/input")): Object: 'Object Repository/RecAndPlayBk/Page-Vlink-Debit/input' is clicked on

2023-02-08 19:10:19 - [MESSAGE][PASSED] - Object: 'Object Repository/RecAndPlayBk/Page-Vlink-Debit/input' is clicked on

2023-02-08 19:10:19 - [TEST_STEP][PASSED] - if (verifyTextPresent("Transaction approved, no errors", true)): null

2023-02-08 19:10:19 - [MESSAGE][PASSED] - Text 'Transaction approved, no errors' is present on page  using regular expression

2023-02-08 19:10:19 - [TEST_STEP][PASSED] - println("Transaction Approved, no errors text is present on the Confirmation page"): null

2023-02-08 19:10:19 - [TEST_STEP][PASSED] - sdfo = getText(findTestObject("Object Repository/Page_VLinkReceipt/pre_STX")): Text of object 'Object Repository/Page_VLinkReceipt/pre_STX' is: '<STX>YSpPMka3Oaxm                  12125271            0  Transaction approved, no errors                   0                                                                                                              <ETX>'

2023-02-08 19:10:19 - [MESSAGE][PASSED] - Text of object 'Object Repository/Page_VLinkReceipt/pre_STX' is: '<STX>YSpPMka3Oaxm                  12125271            0  Transaction approved, no errors                   0                                                                                                              <ETX>'

2023-02-08 19:10:19 - [TEST_STEP][PASSED] - out.println("sdfo: " + sdfo): null

2023-02-08 19:10:19 - [TEST_STEP][PASSED] - remID = substring(5, 35).trim(): null

2023-02-08 19:10:19 - [TEST_STEP][PASSED] - out.println("remID: " + remID): null

2023-02-08 19:10:19 - [TEST_STEP][PASSED] - traxID = substring(35, 55).trim(): null

2023-02-08 19:10:19 - [TEST_STEP][PASSED] - out.println("traxID: " + traxID): null

2023-02-08 19:10:19 - [TEST_STEP][PASSED] - VLinkSaleRemID = remID: null

2023-02-08 19:10:19 - [TEST_STEP][PASSED] - VLinkSaleTranxID = traxID: null

2023-02-08 19:10:19 - [TEST_STEP][PASSED] - openBrowser(VLinkURL + "ACH_void.html"): Browser is opened with url: 'https://dev-algorithm.govolution.com/vlinktest/QA/version_2_0/ACH_void.html'

2023-02-08 19:10:19 - [MESSAGE][WARNING] - A browser is already opened. Closing browser and opening a new one

2023-02-08 19:10:20 - [MESSAGE][INFO] - Starting 'Chrome' driver

2023-02-08 19:10:20 - [MESSAGE][INFO] - User set preference: ['acceptInsecureCerts', 'true']

2023-02-08 19:10:20 - [MESSAGE][INFO] - Action delay is set to 0 milliseconds

2023-02-08 19:10:22 - [MESSAGE][PASSED] - Browser is opened with url: 'https://dev-algorithm.govolution.com/vlinktest/QA/version_2_0/ACH_void.html'

2023-02-08 19:10:22 - [TEST_STEP][PASSED] - maximizeWindow(): Current window maximized

2023-02-08 19:10:22 - [MESSAGE][PASSED] - Current window maximized

2023-02-08 19:10:22 - [TEST_STEP][PASSED] - setText(findTestObject("Object Repository/RecAndPlayBk/Page-Vlink-ACH-Void/input_Remittance Id"), VLinkSaleRemID): Text 'YSpPMka3Oaxm' is set on object 'Object Repository/RecAndPlayBk/Page-Vlink-ACH-Void/input_Remittance Id'

2023-02-08 19:10:23 - [MESSAGE][PASSED] - Text 'YSpPMka3Oaxm' is set on object 'Object Repository/RecAndPlayBk/Page-Vlink-ACH-Void/input_Remittance Id'

2023-02-08 19:10:23 - [TEST_STEP][PASSED] - setText(findTestObject("Object Repository/RecAndPlayBk/Page-Vlink-ACH-Void/input_Application Id"), appID): Text '234' is set on object 'Object Repository/RecAndPlayBk/Page-Vlink-ACH-Void/input_Application Id'

2023-02-08 19:10:23 - [MESSAGE][PASSED] - Text '234' is set on object 'Object Repository/RecAndPlayBk/Page-Vlink-ACH-Void/input_Application Id'

2023-02-08 19:10:23 - [TEST_STEP][PASSED] - setText(findTestObject("Object Repository/RecAndPlayBk/Page-Vlink-ACH-Void/input_Username"), username): Text 'username' is set on object 'Object Repository/RecAndPlayBk/Page-Vlink-ACH-Void/input_Username'

2023-02-08 19:10:24 - [MESSAGE][PASSED] - Text 'username' is set on object 'Object Repository/RecAndPlayBk/Page-Vlink-ACH-Void/input_Username'

2023-02-08 19:10:24 - [TEST_STEP][PASSED] - setText(findTestObject("Object Repository/RecAndPlayBk/Page-Vlink-ACH-Void/input_Password"), password): Text 'password' is set on object 'Object Repository/RecAndPlayBk/Page-Vlink-ACH-Void/input_Password'

2023-02-08 19:10:25 - [MESSAGE][PASSED] - Text 'password' is set on object 'Object Repository/RecAndPlayBk/Page-Vlink-ACH-Void/input_Password'

2023-02-08 19:10:25 - [TEST_STEP][PASSED] - setText(findTestObject("Object Repository/RecAndPlayBk/Page-Vlink-ACH-Void/input_Check Type"), checkType): Text 'P' is set on object 'Object Repository/RecAndPlayBk/Page-Vlink-ACH-Void/input_Check Type'

2023-02-08 19:10:25 - [MESSAGE][PASSED] - Text 'P' is set on object 'Object Repository/RecAndPlayBk/Page-Vlink-ACH-Void/input_Check Type'

2023-02-08 19:10:25 - [TEST_STEP][PASSED] - setText(findTestObject("Object Repository/RecAndPlayBk/Page-Vlink-ACH-Void/input_Standard Entry Class"), sec): Text 'PPD' is set on object 'Object Repository/RecAndPlayBk/Page-Vlink-ACH-Void/input_Standard Entry Class'

2023-02-08 19:10:26 - [MESSAGE][PASSED] - Text 'PPD' is set on object 'Object Repository/RecAndPlayBk/Page-Vlink-ACH-Void/input_Standard Entry Class'

2023-02-08 19:10:26 - [TEST_STEP][PASSED] - setText(findTestObject("Object Repository/RecAndPlayBk/Page-Vlink-ACH-Void/input_Transaction ID"), VLinkSaleTranxID): Text '12125271' is set on object 'Object Repository/RecAndPlayBk/Page-Vlink-ACH-Void/input_Transaction ID'

2023-02-08 19:10:27 - [MESSAGE][PASSED] - Text '12125271' is set on object 'Object Repository/RecAndPlayBk/Page-Vlink-ACH-Void/input_Transaction ID'

2023-02-08 19:10:27 - [TEST_STEP][PASSED] - setText(findTestObject("Object Repository/RecAndPlayBk/Page-Vlink-ACH-Void/input_Original Transaction Type"), "200"): Text '200' is set on object 'Object Repository/RecAndPlayBk/Page-Vlink-ACH-Void/input_Original Transaction Type'

2023-02-08 19:10:27 - [MESSAGE][PASSED] - Text '200' is set on object 'Object Repository/RecAndPlayBk/Page-Vlink-ACH-Void/input_Original Transaction Type'

2023-02-08 19:10:27 - [TEST_STEP][PASSED] - click(findTestObject("Object Repository/RecAndPlayBk/Page-Vlink-ACH-Void/input")): Object: 'Object Repository/RecAndPlayBk/Page-Vlink-ACH-Void/input' is clicked on

2023-02-08 19:10:28 - [MESSAGE][PASSED] - Object: 'Object Repository/RecAndPlayBk/Page-Vlink-ACH-Void/input' is clicked on

2023-02-08 19:10:28 - [TEST_STEP][PASSED] - if (verifyTextPresent("Transaction approved, no errors", true)): null

2023-02-08 19:10:28 - [MESSAGE][PASSED] - Text 'Transaction approved, no errors' is present on page  using regular expression

2023-02-08 19:10:28 - [TEST_STEP][PASSED] - println("Transaction Approved, no errors text is present on the Confirmation page"): null

2023-02-08 19:10:28 - [TEST_STEP][PASSED] - out.println("Pass Record Number: " + row): null

2023-02-08 19:10:28 - [TEST_STEP][PASSED] - resText = "Pass": null

2023-02-08 19:10:28 - [TEST_STEP][PASSED] - pages.WriteExcel.demoKey(resText, datText, resColumn, datCloumn, fileLoc, nameSheet, row): pages.WriteExcel.demoKey is PASSED

2023-02-08 19:10:28 - [MESSAGE][PASSED] - pages.WriteExcel.demoKey is PASSED

2023-02-08 19:10:28 - [TEST_STEP][PASSED] - ExecuteTC = findTestData(dataFile).getValue("Execute", row): null

2023-02-08 19:10:28 - [TEST_STEP][PASSED] - out.println("Value of Execute is : " + ExecuteTC): null

2023-02-08 19:10:28 - [TEST_STEP][PASSED] - switch (executionProfile): null

2023-02-08 19:10:28 - [TEST_STEP][PASSED] - case "QAProfile":: null

2023-02-08 19:10:28 - [TEST_STEP][PASSED] - appID = findTestData(dataFile).getValue("AppIDQA", row): null

2023-02-08 19:10:28 - [TEST_STEP][PASSED] - username = findTestData(dataFile).getValue("UsernameQA", row): null

2023-02-08 19:10:29 - [TEST_STEP][PASSED] - password = findTestData(dataFile).getValue("PasswordQA", row): null

2023-02-08 19:10:29 - [TEST_STEP][PASSED] - break: null

2023-02-08 19:10:29 - [TEST_STEP][PASSED] - if (ExecuteTC.equalsIgnoreCase("Y")): null

2023-02-08 19:10:29 - [TEST_STEP][PASSED] - out.println("Begin Record Number: " + row): null

2023-02-08 19:10:29 - [TEST_STEP][PASSED] - today = new java.util.Date(): null

2023-02-08 19:10:29 - [TEST_STEP][PASSED] - println(today): null

2023-02-08 19:10:29 - [TEST_STEP][PASSED] - datText = today: null

2023-02-08 19:10:29 - [TEST_STEP][PASSED] - checkType = findTestData(dataFile).getValue("CheckType", row): null

2023-02-08 19:10:29 - [TEST_STEP][PASSED] - acNumber = findTestData(dataFile).getValue("AcNumber", row): null

2023-02-08 19:10:29 - [TEST_STEP][PASSED] - company = findTestData(dataFile).getValue("Company", row): null

2023-02-08 19:10:29 - [TEST_STEP][PASSED] - acType = findTestData(dataFile).getValue("AcType", row): null

2023-02-08 19:10:29 - [TEST_STEP][PASSED] - rtn = findTestData(dataFile).getValue("RTN", row): null

2023-02-08 19:10:29 - [TEST_STEP][PASSED] - amount = findTestData(dataFile).getValue("Amount", row): null

2023-02-08 19:10:29 - [TEST_STEP][PASSED] - sec = findTestData(dataFile).getValue("SEC", row): null

2023-02-08 19:10:29 - [TEST_STEP][PASSED] - openBrowser(VLinkURL + "debit.html"): Browser is opened with url: 'https://dev-algorithm.govolution.com/vlinktest/QA/version_2_0/debit.html'

2023-02-08 19:10:29 - [MESSAGE][WARNING] - A browser is already opened. Closing browser and opening a new one

2023-02-08 19:10:30 - [MESSAGE][INFO] - Starting 'Chrome' driver

2023-02-08 19:10:30 - [MESSAGE][INFO] - User set preference: ['acceptInsecureCerts', 'true']

2023-02-08 19:10:30 - [MESSAGE][INFO] - Action delay is set to 0 milliseconds

2023-02-08 19:10:32 - [MESSAGE][PASSED] - Browser is opened with url: 'https://dev-algorithm.govolution.com/vlinktest/QA/version_2_0/debit.html'

2023-02-08 19:10:32 - [TEST_STEP][PASSED] - maximizeWindow(): Current window maximized

2023-02-08 19:10:32 - [MESSAGE][PASSED] - Current window maximized

2023-02-08 19:10:32 - [TEST_STEP][PASSED] - genRemID = RandomStringUtils.random(12, true, true): null

2023-02-08 19:10:32 - [TEST_STEP][PASSED] - setText(findTestObject("RecAndPlayBk/Page-Vlink-Debit/input_Remittance Id"), genRemID): Text 'rq0XaM9oHHoN' is set on object 'Object Repository/RecAndPlayBk/Page-Vlink-Debit/input_Remittance Id'

2023-02-08 19:10:33 - [MESSAGE][PASSED] - Text 'rq0XaM9oHHoN' is set on object 'Object Repository/RecAndPlayBk/Page-Vlink-Debit/input_Remittance Id'

2023-02-08 19:10:33 - [TEST_STEP][PASSED] - setText(findTestObject("RecAndPlayBk/Page-Vlink-Debit/input_Application Id"), appID): Text '234' is set on object 'Object Repository/RecAndPlayBk/Page-Vlink-Debit/input_Application Id'

2023-02-08 19:10:33 - [MESSAGE][PASSED] - Text '234' is set on object 'Object Repository/RecAndPlayBk/Page-Vlink-Debit/input_Application Id'

2023-02-08 19:10:33 - [TEST_STEP][PASSED] - setText(findTestObject("RecAndPlayBk/Page-Vlink-Debit/input_Username"), username): Text 'username' is set on object 'Object Repository/RecAndPlayBk/Page-Vlink-Debit/input_Username'

2023-02-08 19:10:34 - [MESSAGE][PASSED] - Text 'username' is set on object 'Object Repository/RecAndPlayBk/Page-Vlink-Debit/input_Username'

2023-02-08 19:10:34 - [TEST_STEP][PASSED] - setText(findTestObject("RecAndPlayBk/Page-Vlink-Debit/input_Password"), password): Text 'password' is set on object 'Object Repository/RecAndPlayBk/Page-Vlink-Debit/input_Password'

2023-02-08 19:10:35 - [MESSAGE][PASSED] - Text 'password' is set on object 'Object Repository/RecAndPlayBk/Page-Vlink-Debit/input_Password'

2023-02-08 19:10:35 - [TEST_STEP][PASSED] - setText(findTestObject("RecAndPlayBk/Page-Vlink-Debit/input_Check Type"), checkType): Text 'P' is set on object 'Object Repository/RecAndPlayBk/Page-Vlink-Debit/input_Check Type'

2023-02-08 19:10:35 - [MESSAGE][PASSED] - Text 'P' is set on object 'Object Repository/RecAndPlayBk/Page-Vlink-Debit/input_Check Type'

2023-02-08 19:10:35 - [TEST_STEP][PASSED] - setText(findTestObject("RecAndPlayBk/Page-Vlink-Debit/input_Account_check"), acNumber): Text '58963214' is set on object 'Object Repository/RecAndPlayBk/Page-Vlink-Debit/input_Account_check'

2023-02-08 19:10:36 - [MESSAGE][PASSED] - Text '58963214' is set on object 'Object Repository/RecAndPlayBk/Page-Vlink-Debit/input_Account_check'

2023-02-08 19:10:36 - [TEST_STEP][PASSED] - setText(findTestObject("RecAndPlayBk/Page-Vlink-Debit/input_Company_check"), company): Text '' is set on object 'Object Repository/RecAndPlayBk/Page-Vlink-Debit/input_Company_check'

2023-02-08 19:10:36 - [MESSAGE][PASSED] - Text '' is set on object 'Object Repository/RecAndPlayBk/Page-Vlink-Debit/input_Company_check'

2023-02-08 19:10:36 - [TEST_STEP][PASSED] - setText(findTestObject("RecAndPlayBk/Page-Vlink-Debit/input_Account Type"), acType): Text '2' is set on object 'Object Repository/RecAndPlayBk/Page-Vlink-Debit/input_Account Type'

2023-02-08 19:10:37 - [MESSAGE][PASSED] - Text '2' is set on object 'Object Repository/RecAndPlayBk/Page-Vlink-Debit/input_Account Type'

2023-02-08 19:10:37 - [TEST_STEP][PASSED] - setText(findTestObject("RecAndPlayBk/Page-Vlink-Debit/input_Routing Number"), rtn): Text '256072691' is set on object 'Object Repository/RecAndPlayBk/Page-Vlink-Debit/input_Routing Number'

2023-02-08 19:10:38 - [MESSAGE][PASSED] - Text '256072691' is set on object 'Object Repository/RecAndPlayBk/Page-Vlink-Debit/input_Routing Number'

2023-02-08 19:10:38 - [TEST_STEP][PASSED] - setText(findTestObject("RecAndPlayBk/Page-Vlink-Debit/input_Amount"), amount): Text '12.50' is set on object 'Object Repository/RecAndPlayBk/Page-Vlink-Debit/input_Amount'

2023-02-08 19:10:38 - [MESSAGE][PASSED] - Text '12.50' is set on object 'Object Repository/RecAndPlayBk/Page-Vlink-Debit/input_Amount'

2023-02-08 19:10:38 - [TEST_STEP][PASSED] - setText(findTestObject("RecAndPlayBk/Page-Vlink-Debit/input_Check Email"), ""): Text '' is set on object 'Object Repository/RecAndPlayBk/Page-Vlink-Debit/input_Check Email'

2023-02-08 19:10:39 - [MESSAGE][PASSED] - Text '' is set on object 'Object Repository/RecAndPlayBk/Page-Vlink-Debit/input_Check Email'

2023-02-08 19:10:39 - [TEST_STEP][PASSED] - setText(findTestObject("Object Repository/RecAndPlayBk/Page-Vlink-Debit/input_concat(CheckWriter, , s SSN)_check_ssn"), ""): Text '' is set on object 'Object Repository/RecAndPlayBk/Page-Vlink-Debit/input_concat(CheckWriter, , s SSN)_check_ssn'

2023-02-08 19:10:40 - [MESSAGE][PASSED] - Text '' is set on object 'Object Repository/RecAndPlayBk/Page-Vlink-Debit/input_concat(CheckWriter, , s SSN)_check_ssn'

2023-02-08 19:10:40 - [TEST_STEP][PASSED] - setText(findTestObject("Object Repository/RecAndPlayBk/Page-Vlink-Debit/input_concat(CheckWriter, , s License Numbe_020fef"), ""): Text '' is set on object 'Object Repository/RecAndPlayBk/Page-Vlink-Debit/input_concat(CheckWriter, , s License Numbe_020fef'

2023-02-08 19:10:40 - [MESSAGE][PASSED] - Text '' is set on object 'Object Repository/RecAndPlayBk/Page-Vlink-Debit/input_concat(CheckWriter, , s License Numbe_020fef'

2023-02-08 19:10:40 - [TEST_STEP][PASSED] - setText(findTestObject("Object Repository/RecAndPlayBk/Page-Vlink-Debit/input_concat(CheckWriter, , s License State_21e3e7"), ""): Text '' is set on object 'Object Repository/RecAndPlayBk/Page-Vlink-Debit/input_concat(CheckWriter, , s License State_21e3e7'

2023-02-08 19:10:41 - [MESSAGE][PASSED] - Text '' is set on object 'Object Repository/RecAndPlayBk/Page-Vlink-Debit/input_concat(CheckWriter, , s License State_21e3e7'

2023-02-08 19:10:41 - [TEST_STEP][PASSED] - setText(findTestObject("RecAndPlayBk/Page-Vlink-Debit/input_Standard Entry Class"), sec): Text 'WEB' is set on object 'Object Repository/RecAndPlayBk/Page-Vlink-Debit/input_Standard Entry Class'

2023-02-08 19:10:41 - [MESSAGE][PASSED] - Text 'WEB' is set on object 'Object Repository/RecAndPlayBk/Page-Vlink-Debit/input_Standard Entry Class'

2023-02-08 19:10:41 - [TEST_STEP][PASSED] - click(findTestObject("Object Repository/RecAndPlayBk/Page-Vlink-Debit/input")): Object: 'Object Repository/RecAndPlayBk/Page-Vlink-Debit/input' is clicked on

2023-02-08 19:10:42 - [MESSAGE][PASSED] - Object: 'Object Repository/RecAndPlayBk/Page-Vlink-Debit/input' is clicked on

2023-02-08 19:10:42 - [TEST_STEP][PASSED] - if (verifyTextPresent("Transaction approved, no errors", true)): null

2023-02-08 19:10:42 - [MESSAGE][PASSED] - Text 'Transaction approved, no errors' is present on page  using regular expression

2023-02-08 19:10:42 - [TEST_STEP][PASSED] - println("Transaction Approved, no errors text is present on the Confirmation page"): null

2023-02-08 19:10:42 - [TEST_STEP][PASSED] - sdfo = getText(findTestObject("Object Repository/Page_VLinkReceipt/pre_STX")): Text of object 'Object Repository/Page_VLinkReceipt/pre_STX' is: '<STX>rq0XaM9oHHoN                  12125273            0  Transaction approved, no errors                   0                                                                                                              <ETX>'

2023-02-08 19:10:43 - [MESSAGE][PASSED] - Text of object 'Object Repository/Page_VLinkReceipt/pre_STX' is: '<STX>rq0XaM9oHHoN                  12125273            0  Transaction approved, no errors                   0                                                                                                              <ETX>'

2023-02-08 19:10:43 - [TEST_STEP][PASSED] - out.println("sdfo: " + sdfo): null

2023-02-08 19:10:43 - [TEST_STEP][PASSED] - remID = substring(5, 35).trim(): null

2023-02-08 19:10:43 - [TEST_STEP][PASSED] - out.println("remID: " + remID): null

2023-02-08 19:10:43 - [TEST_STEP][PASSED] - traxID = substring(35, 55).trim(): null

2023-02-08 19:10:43 - [TEST_STEP][PASSED] - out.println("traxID: " + traxID): null

2023-02-08 19:10:43 - [TEST_STEP][PASSED] - VLinkSaleRemID = remID: null

2023-02-08 19:10:43 - [TEST_STEP][PASSED] - VLinkSaleTranxID = traxID: null

2023-02-08 19:10:43 - [TEST_STEP][PASSED] - openBrowser(VLinkURL + "ACH_void.html"): Browser is opened with url: 'https://dev-algorithm.govolution.com/vlinktest/QA/version_2_0/ACH_void.html'

2023-02-08 19:10:43 - [MESSAGE][WARNING] - A browser is already opened. Closing browser and opening a new one

2023-02-08 19:10:44 - [MESSAGE][INFO] - Starting 'Chrome' driver

2023-02-08 19:10:44 - [MESSAGE][INFO] - User set preference: ['acceptInsecureCerts', 'true']

2023-02-08 19:10:44 - [MESSAGE][INFO] - Action delay is set to 0 milliseconds

2023-02-08 19:10:45 - [MESSAGE][PASSED] - Browser is opened with url: 'https://dev-algorithm.govolution.com/vlinktest/QA/version_2_0/ACH_void.html'

2023-02-08 19:10:45 - [TEST_STEP][PASSED] - maximizeWindow(): Current window maximized

2023-02-08 19:10:46 - [MESSAGE][PASSED] - Current window maximized

2023-02-08 19:10:46 - [TEST_STEP][PASSED] - setText(findTestObject("Object Repository/RecAndPlayBk/Page-Vlink-ACH-Void/input_Remittance Id"), VLinkSaleRemID): Text 'rq0XaM9oHHoN' is set on object 'Object Repository/RecAndPlayBk/Page-Vlink-ACH-Void/input_Remittance Id'

2023-02-08 19:10:46 - [MESSAGE][PASSED] - Text 'rq0XaM9oHHoN' is set on object 'Object Repository/RecAndPlayBk/Page-Vlink-ACH-Void/input_Remittance Id'

2023-02-08 19:10:46 - [TEST_STEP][PASSED] - setText(findTestObject("Object Repository/RecAndPlayBk/Page-Vlink-ACH-Void/input_Application Id"), appID): Text '234' is set on object 'Object Repository/RecAndPlayBk/Page-Vlink-ACH-Void/input_Application Id'

2023-02-08 19:10:47 - [MESSAGE][PASSED] - Text '234' is set on object 'Object Repository/RecAndPlayBk/Page-Vlink-ACH-Void/input_Application Id'

2023-02-08 19:10:47 - [TEST_STEP][PASSED] - setText(findTestObject("Object Repository/RecAndPlayBk/Page-Vlink-ACH-Void/input_Username"), username): Text 'username' is set on object 'Object Repository/RecAndPlayBk/Page-Vlink-ACH-Void/input_Username'

2023-02-08 19:10:48 - [MESSAGE][PASSED] - Text 'username' is set on object 'Object Repository/RecAndPlayBk/Page-Vlink-ACH-Void/input_Username'

2023-02-08 19:10:48 - [TEST_STEP][PASSED] - setText(findTestObject("Object Repository/RecAndPlayBk/Page-Vlink-ACH-Void/input_Password"), password): Text 'password' is set on object 'Object Repository/RecAndPlayBk/Page-Vlink-ACH-Void/input_Password'

2023-02-08 19:10:48 - [MESSAGE][PASSED] - Text 'password' is set on object 'Object Repository/RecAndPlayBk/Page-Vlink-ACH-Void/input_Password'

2023-02-08 19:10:48 - [TEST_STEP][PASSED] - setText(findTestObject("Object Repository/RecAndPlayBk/Page-Vlink-ACH-Void/input_Check Type"), checkType): Text 'P' is set on object 'Object Repository/RecAndPlayBk/Page-Vlink-ACH-Void/input_Check Type'

2023-02-08 19:10:49 - [MESSAGE][PASSED] - Text 'P' is set on object 'Object Repository/RecAndPlayBk/Page-Vlink-ACH-Void/input_Check Type'

2023-02-08 19:10:49 - [TEST_STEP][PASSED] - setText(findTestObject("Object Repository/RecAndPlayBk/Page-Vlink-ACH-Void/input_Standard Entry Class"), sec): Text 'WEB' is set on object 'Object Repository/RecAndPlayBk/Page-Vlink-ACH-Void/input_Standard Entry Class'

2023-02-08 19:10:49 - [MESSAGE][PASSED] - Text 'WEB' is set on object 'Object Repository/RecAndPlayBk/Page-Vlink-ACH-Void/input_Standard Entry Class'

2023-02-08 19:10:49 - [TEST_STEP][PASSED] - setText(findTestObject("Object Repository/RecAndPlayBk/Page-Vlink-ACH-Void/input_Transaction ID"), VLinkSaleTranxID): Text '12125273' is set on object 'Object Repository/RecAndPlayBk/Page-Vlink-ACH-Void/input_Transaction ID'

2023-02-08 19:10:50 - [MESSAGE][PASSED] - Text '12125273' is set on object 'Object Repository/RecAndPlayBk/Page-Vlink-ACH-Void/input_Transaction ID'

2023-02-08 19:10:50 - [TEST_STEP][PASSED] - setText(findTestObject("Object Repository/RecAndPlayBk/Page-Vlink-ACH-Void/input_Original Transaction Type"), "200"): Text '200' is set on object 'Object Repository/RecAndPlayBk/Page-Vlink-ACH-Void/input_Original Transaction Type'

2023-02-08 19:10:51 - [MESSAGE][PASSED] - Text '200' is set on object 'Object Repository/RecAndPlayBk/Page-Vlink-ACH-Void/input_Original Transaction Type'

2023-02-08 19:10:51 - [TEST_STEP][PASSED] - click(findTestObject("Object Repository/RecAndPlayBk/Page-Vlink-ACH-Void/input")): Object: 'Object Repository/RecAndPlayBk/Page-Vlink-ACH-Void/input' is clicked on

2023-02-08 19:10:51 - [MESSAGE][PASSED] - Object: 'Object Repository/RecAndPlayBk/Page-Vlink-ACH-Void/input' is clicked on

2023-02-08 19:10:51 - [TEST_STEP][PASSED] - if (verifyTextPresent("Transaction approved, no errors", true)): null

2023-02-08 19:10:52 - [MESSAGE][PASSED] - Text 'Transaction approved, no errors' is present on page  using regular expression

2023-02-08 19:10:52 - [TEST_STEP][PASSED] - println("Transaction Approved, no errors text is present on the Confirmation page"): null

2023-02-08 19:10:52 - [TEST_STEP][PASSED] - out.println("Pass Record Number: " + row): null

2023-02-08 19:10:52 - [TEST_STEP][PASSED] - resText = "Pass": null

2023-02-08 19:10:52 - [TEST_STEP][PASSED] - pages.WriteExcel.demoKey(resText, datText, resColumn, datCloumn, fileLoc, nameSheet, row): pages.WriteExcel.demoKey is PASSED

2023-02-08 19:10:52 - [MESSAGE][PASSED] - pages.WriteExcel.demoKey is PASSED

2023-02-08 19:10:52 - [TEST_STEP][PASSED] - ExecuteTC = findTestData(dataFile).getValue("Execute", row): null

2023-02-08 19:10:52 - [TEST_STEP][PASSED] - out.println("Value of Execute is : " + ExecuteTC): null

2023-02-08 19:10:52 - [TEST_STEP][PASSED] - switch (executionProfile): null

2023-02-08 19:10:52 - [TEST_STEP][PASSED] - case "QAProfile":: null

2023-02-08 19:10:52 - [TEST_STEP][PASSED] - appID = findTestData(dataFile).getValue("AppIDQA", row): null

2023-02-08 19:10:52 - [TEST_STEP][PASSED] - username = findTestData(dataFile).getValue("UsernameQA", row): null

2023-02-08 19:10:52 - [TEST_STEP][PASSED] - password = findTestData(dataFile).getValue("PasswordQA", row): null

2023-02-08 19:10:52 - [TEST_STEP][PASSED] - break: null

2023-02-08 19:10:52 - [TEST_STEP][PASSED] - if (ExecuteTC.equalsIgnoreCase("Y")): null

2023-02-08 19:10:52 - [TEST_STEP][PASSED] - out.println("Begin Record Number: " + row): null

2023-02-08 19:10:52 - [TEST_STEP][PASSED] - today = new java.util.Date(): null

2023-02-08 19:10:52 - [TEST_STEP][PASSED] - println(today): null

2023-02-08 19:10:52 - [TEST_STEP][PASSED] - datText = today: null

2023-02-08 19:10:52 - [TEST_STEP][PASSED] - checkType = findTestData(dataFile).getValue("CheckType", row): null

2023-02-08 19:10:52 - [TEST_STEP][PASSED] - acNumber = findTestData(dataFile).getValue("AcNumber", row): null

2023-02-08 19:10:52 - [TEST_STEP][PASSED] - company = findTestData(dataFile).getValue("Company", row): null

2023-02-08 19:10:52 - [TEST_STEP][PASSED] - acType = findTestData(dataFile).getValue("AcType", row): null

2023-02-08 19:10:52 - [TEST_STEP][PASSED] - rtn = findTestData(dataFile).getValue("RTN", row): null

2023-02-08 19:10:52 - [TEST_STEP][PASSED] - amount = findTestData(dataFile).getValue("Amount", row): null

2023-02-08 19:10:52 - [TEST_STEP][PASSED] - sec = findTestData(dataFile).getValue("SEC", row): null

2023-02-08 19:10:52 - [TEST_STEP][PASSED] - openBrowser(VLinkURL + "debit.html"): Browser is opened with url: 'https://dev-algorithm.govolution.com/vlinktest/QA/version_2_0/debit.html'

2023-02-08 19:10:52 - [MESSAGE][WARNING] - A browser is already opened. Closing browser and opening a new one

2023-02-08 19:10:53 - [MESSAGE][INFO] - Starting 'Chrome' driver

2023-02-08 19:10:53 - [MESSAGE][INFO] - User set preference: ['acceptInsecureCerts', 'true']

2023-02-08 19:10:53 - [MESSAGE][INFO] - Action delay is set to 0 milliseconds

2023-02-08 19:10:55 - [MESSAGE][PASSED] - Browser is opened with url: 'https://dev-algorithm.govolution.com/vlinktest/QA/version_2_0/debit.html'

2023-02-08 19:10:55 - [TEST_STEP][PASSED] - maximizeWindow(): Current window maximized

2023-02-08 19:10:55 - [MESSAGE][PASSED] - Current window maximized

2023-02-08 19:10:55 - [TEST_STEP][PASSED] - genRemID = RandomStringUtils.random(12, true, true): null

2023-02-08 19:10:55 - [TEST_STEP][PASSED] - setText(findTestObject("RecAndPlayBk/Page-Vlink-Debit/input_Remittance Id"), genRemID): Text 'CdPH0LcsqOwL' is set on object 'Object Repository/RecAndPlayBk/Page-Vlink-Debit/input_Remittance Id'

2023-02-08 19:10:56 - [MESSAGE][PASSED] - Text 'CdPH0LcsqOwL' is set on object 'Object Repository/RecAndPlayBk/Page-Vlink-Debit/input_Remittance Id'

2023-02-08 19:10:56 - [TEST_STEP][PASSED] - setText(findTestObject("RecAndPlayBk/Page-Vlink-Debit/input_Application Id"), appID): Text '234' is set on object 'Object Repository/RecAndPlayBk/Page-Vlink-Debit/input_Application Id'

2023-02-08 19:10:57 - [MESSAGE][PASSED] - Text '234' is set on object 'Object Repository/RecAndPlayBk/Page-Vlink-Debit/input_Application Id'

2023-02-08 19:10:57 - [TEST_STEP][PASSED] - setText(findTestObject("RecAndPlayBk/Page-Vlink-Debit/input_Username"), username): Text 'username' is set on object 'Object Repository/RecAndPlayBk/Page-Vlink-Debit/input_Username'

2023-02-08 19:10:58 - [MESSAGE][PASSED] - Text 'username' is set on object 'Object Repository/RecAndPlayBk/Page-Vlink-Debit/input_Username'

2023-02-08 19:10:58 - [TEST_STEP][PASSED] - setText(findTestObject("RecAndPlayBk/Page-Vlink-Debit/input_Password"), password): Text 'password' is set on object 'Object Repository/RecAndPlayBk/Page-Vlink-Debit/input_Password'

2023-02-08 19:10:58 - [MESSAGE][PASSED] - Text 'password' is set on object 'Object Repository/RecAndPlayBk/Page-Vlink-Debit/input_Password'

2023-02-08 19:10:58 - [TEST_STEP][PASSED] - setText(findTestObject("RecAndPlayBk/Page-Vlink-Debit/input_Check Type"), checkType): Text 'P' is set on object 'Object Repository/RecAndPlayBk/Page-Vlink-Debit/input_Check Type'

2023-02-08 19:10:59 - [MESSAGE][PASSED] - Text 'P' is set on object 'Object Repository/RecAndPlayBk/Page-Vlink-Debit/input_Check Type'

2023-02-08 19:10:59 - [TEST_STEP][PASSED] - setText(findTestObject("RecAndPlayBk/Page-Vlink-Debit/input_Account_check"), acNumber): Text '58963214' is set on object 'Object Repository/RecAndPlayBk/Page-Vlink-Debit/input_Account_check'

2023-02-08 19:10:59 - [MESSAGE][PASSED] - Text '58963214' is set on object 'Object Repository/RecAndPlayBk/Page-Vlink-Debit/input_Account_check'

2023-02-08 19:10:59 - [TEST_STEP][PASSED] - setText(findTestObject("RecAndPlayBk/Page-Vlink-Debit/input_Company_check"), company): Text '' is set on object 'Object Repository/RecAndPlayBk/Page-Vlink-Debit/input_Company_check'

2023-02-08 19:11:00 - [MESSAGE][PASSED] - Text '' is set on object 'Object Repository/RecAndPlayBk/Page-Vlink-Debit/input_Company_check'

2023-02-08 19:11:00 - [TEST_STEP][PASSED] - setText(findTestObject("RecAndPlayBk/Page-Vlink-Debit/input_Account Type"), acType): Text '2' is set on object 'Object Repository/RecAndPlayBk/Page-Vlink-Debit/input_Account Type'

2023-02-08 19:11:01 - [MESSAGE][PASSED] - Text '2' is set on object 'Object Repository/RecAndPlayBk/Page-Vlink-Debit/input_Account Type'

2023-02-08 19:11:01 - [TEST_STEP][PASSED] - setText(findTestObject("RecAndPlayBk/Page-Vlink-Debit/input_Routing Number"), rtn): Text '256072691' is set on object 'Object Repository/RecAndPlayBk/Page-Vlink-Debit/input_Routing Number'

2023-02-08 19:11:01 - [MESSAGE][PASSED] - Text '256072691' is set on object 'Object Repository/RecAndPlayBk/Page-Vlink-Debit/input_Routing Number'

2023-02-08 19:11:01 - [TEST_STEP][PASSED] - setText(findTestObject("RecAndPlayBk/Page-Vlink-Debit/input_Amount"), amount): Text '12.50' is set on object 'Object Repository/RecAndPlayBk/Page-Vlink-Debit/input_Amount'

2023-02-08 19:11:02 - [MESSAGE][PASSED] - Text '12.50' is set on object 'Object Repository/RecAndPlayBk/Page-Vlink-Debit/input_Amount'

2023-02-08 19:11:02 - [TEST_STEP][PASSED] - setText(findTestObject("RecAndPlayBk/Page-Vlink-Debit/input_Check Email"), ""): Text '' is set on object 'Object Repository/RecAndPlayBk/Page-Vlink-Debit/input_Check Email'

2023-02-08 19:11:02 - [MESSAGE][PASSED] - Text '' is set on object 'Object Repository/RecAndPlayBk/Page-Vlink-Debit/input_Check Email'

2023-02-08 19:11:02 - [TEST_STEP][PASSED] - setText(findTestObject("Object Repository/RecAndPlayBk/Page-Vlink-Debit/input_concat(CheckWriter, , s SSN)_check_ssn"), ""): Text '' is set on object 'Object Repository/RecAndPlayBk/Page-Vlink-Debit/input_concat(CheckWriter, , s SSN)_check_ssn'

2023-02-08 19:11:03 - [MESSAGE][PASSED] - Text '' is set on object 'Object Repository/RecAndPlayBk/Page-Vlink-Debit/input_concat(CheckWriter, , s SSN)_check_ssn'

2023-02-08 19:11:03 - [TEST_STEP][PASSED] - setText(findTestObject("Object Repository/RecAndPlayBk/Page-Vlink-Debit/input_concat(CheckWriter, , s License Numbe_020fef"), ""): Text '' is set on object 'Object Repository/RecAndPlayBk/Page-Vlink-Debit/input_concat(CheckWriter, , s License Numbe_020fef'

2023-02-08 19:11:04 - [MESSAGE][PASSED] - Text '' is set on object 'Object Repository/RecAndPlayBk/Page-Vlink-Debit/input_concat(CheckWriter, , s License Numbe_020fef'

2023-02-08 19:11:04 - [TEST_STEP][PASSED] - setText(findTestObject("Object Repository/RecAndPlayBk/Page-Vlink-Debit/input_concat(CheckWriter, , s License State_21e3e7"), ""): Text '' is set on object 'Object Repository/RecAndPlayBk/Page-Vlink-Debit/input_concat(CheckWriter, , s License State_21e3e7'

2023-02-08 19:11:04 - [MESSAGE][PASSED] - Text '' is set on object 'Object Repository/RecAndPlayBk/Page-Vlink-Debit/input_concat(CheckWriter, , s License State_21e3e7'

2023-02-08 19:11:04 - [TEST_STEP][PASSED] - setText(findTestObject("RecAndPlayBk/Page-Vlink-Debit/input_Standard Entry Class"), sec): Text 'TEL' is set on object 'Object Repository/RecAndPlayBk/Page-Vlink-Debit/input_Standard Entry Class'

2023-02-08 19:11:05 - [MESSAGE][PASSED] - Text 'TEL' is set on object 'Object Repository/RecAndPlayBk/Page-Vlink-Debit/input_Standard Entry Class'

2023-02-08 19:11:05 - [TEST_STEP][PASSED] - click(findTestObject("Object Repository/RecAndPlayBk/Page-Vlink-Debit/input")): Object: 'Object Repository/RecAndPlayBk/Page-Vlink-Debit/input' is clicked on

2023-02-08 19:11:06 - [MESSAGE][PASSED] - Object: 'Object Repository/RecAndPlayBk/Page-Vlink-Debit/input' is clicked on

2023-02-08 19:11:06 - [TEST_STEP][PASSED] - if (verifyTextPresent("Transaction approved, no errors", true)): null

2023-02-08 19:11:06 - [MESSAGE][PASSED] - Text 'Transaction approved, no errors' is present on page  using regular expression

2023-02-08 19:11:06 - [TEST_STEP][PASSED] - println("Transaction Approved, no errors text is present on the Confirmation page"): null

2023-02-08 19:11:06 - [TEST_STEP][PASSED] - sdfo = getText(findTestObject("Object Repository/Page_VLinkReceipt/pre_STX")): Text of object 'Object Repository/Page_VLinkReceipt/pre_STX' is: '<STX>CdPH0LcsqOwL                  12125275            0  Transaction approved, no errors                   0                                                                                                              <ETX>'

2023-02-08 19:11:06 - [MESSAGE][PASSED] - Text of object 'Object Repository/Page_VLinkReceipt/pre_STX' is: '<STX>CdPH0LcsqOwL                  12125275            0  Transaction approved, no errors                   0                                                                                                              <ETX>'

2023-02-08 19:11:06 - [TEST_STEP][PASSED] - out.println("sdfo: " + sdfo): null

2023-02-08 19:11:06 - [TEST_STEP][PASSED] - remID = substring(5, 35).trim(): null

2023-02-08 19:11:06 - [TEST_STEP][PASSED] - out.println("remID: " + remID): null

2023-02-08 19:11:06 - [TEST_STEP][PASSED] - traxID = substring(35, 55).trim(): null

2023-02-08 19:11:06 - [TEST_STEP][PASSED] - out.println("traxID: " + traxID): null

2023-02-08 19:11:06 - [TEST_STEP][PASSED] - VLinkSaleRemID = remID: null

2023-02-08 19:11:06 - [TEST_STEP][PASSED] - VLinkSaleTranxID = traxID: null

2023-02-08 19:11:06 - [TEST_STEP][PASSED] - openBrowser(VLinkURL + "ACH_void.html"): Browser is opened with url: 'https://dev-algorithm.govolution.com/vlinktest/QA/version_2_0/ACH_void.html'

2023-02-08 19:11:06 - [MESSAGE][WARNING] - A browser is already opened. Closing browser and opening a new one

2023-02-08 19:11:07 - [MESSAGE][INFO] - Starting 'Chrome' driver

2023-02-08 19:11:07 - [MESSAGE][INFO] - User set preference: ['acceptInsecureCerts', 'true']

2023-02-08 19:11:07 - [MESSAGE][INFO] - Action delay is set to 0 milliseconds

2023-02-08 19:11:09 - [MESSAGE][PASSED] - Browser is opened with url: 'https://dev-algorithm.govolution.com/vlinktest/QA/version_2_0/ACH_void.html'

2023-02-08 19:11:09 - [TEST_STEP][PASSED] - maximizeWindow(): Current window maximized

2023-02-08 19:11:09 - [MESSAGE][PASSED] - Current window maximized

2023-02-08 19:11:09 - [TEST_STEP][PASSED] - setText(findTestObject("Object Repository/RecAndPlayBk/Page-Vlink-ACH-Void/input_Remittance Id"), VLinkSaleRemID): Text 'CdPH0LcsqOwL' is set on object 'Object Repository/RecAndPlayBk/Page-Vlink-ACH-Void/input_Remittance Id'

2023-02-08 19:11:10 - [MESSAGE][PASSED] - Text 'CdPH0LcsqOwL' is set on object 'Object Repository/RecAndPlayBk/Page-Vlink-ACH-Void/input_Remittance Id'

2023-02-08 19:11:10 - [TEST_STEP][PASSED] - setText(findTestObject("Object Repository/RecAndPlayBk/Page-Vlink-ACH-Void/input_Application Id"), appID): Text '234' is set on object 'Object Repository/RecAndPlayBk/Page-Vlink-ACH-Void/input_Application Id'

2023-02-08 19:11:11 - [MESSAGE][PASSED] - Text '234' is set on object 'Object Repository/RecAndPlayBk/Page-Vlink-ACH-Void/input_Application Id'

2023-02-08 19:11:11 - [TEST_STEP][PASSED] - setText(findTestObject("Object Repository/RecAndPlayBk/Page-Vlink-ACH-Void/input_Username"), username): Text 'username' is set on object 'Object Repository/RecAndPlayBk/Page-Vlink-ACH-Void/input_Username'

2023-02-08 19:11:11 - [MESSAGE][PASSED] - Text 'username' is set on object 'Object Repository/RecAndPlayBk/Page-Vlink-ACH-Void/input_Username'

2023-02-08 19:11:11 - [TEST_STEP][PASSED] - setText(findTestObject("Object Repository/RecAndPlayBk/Page-Vlink-ACH-Void/input_Password"), password): Text 'password' is set on object 'Object Repository/RecAndPlayBk/Page-Vlink-ACH-Void/input_Password'

2023-02-08 19:11:12 - [MESSAGE][PASSED] - Text 'password' is set on object 'Object Repository/RecAndPlayBk/Page-Vlink-ACH-Void/input_Password'

2023-02-08 19:11:12 - [TEST_STEP][PASSED] - setText(findTestObject("Object Repository/RecAndPlayBk/Page-Vlink-ACH-Void/input_Check Type"), checkType): Text 'P' is set on object 'Object Repository/RecAndPlayBk/Page-Vlink-ACH-Void/input_Check Type'

2023-02-08 19:11:12 - [MESSAGE][PASSED] - Text 'P' is set on object 'Object Repository/RecAndPlayBk/Page-Vlink-ACH-Void/input_Check Type'

2023-02-08 19:11:12 - [TEST_STEP][PASSED] - setText(findTestObject("Object Repository/RecAndPlayBk/Page-Vlink-ACH-Void/input_Standard Entry Class"), sec): Text 'TEL' is set on object 'Object Repository/RecAndPlayBk/Page-Vlink-ACH-Void/input_Standard Entry Class'

2023-02-08 19:11:13 - [MESSAGE][PASSED] - Text 'TEL' is set on object 'Object Repository/RecAndPlayBk/Page-Vlink-ACH-Void/input_Standard Entry Class'

2023-02-08 19:11:13 - [TEST_STEP][PASSED] - setText(findTestObject("Object Repository/RecAndPlayBk/Page-Vlink-ACH-Void/input_Transaction ID"), VLinkSaleTranxID): Text '12125275' is set on object 'Object Repository/RecAndPlayBk/Page-Vlink-ACH-Void/input_Transaction ID'

2023-02-08 19:11:14 - [MESSAGE][PASSED] - Text '12125275' is set on object 'Object Repository/RecAndPlayBk/Page-Vlink-ACH-Void/input_Transaction ID'

2023-02-08 19:11:14 - [TEST_STEP][PASSED] - setText(findTestObject("Object Repository/RecAndPlayBk/Page-Vlink-ACH-Void/input_Original Transaction Type"), "200"): Text '200' is set on object 'Object Repository/RecAndPlayBk/Page-Vlink-ACH-Void/input_Original Transaction Type'

2023-02-08 19:11:14 - [MESSAGE][PASSED] - Text '200' is set on object 'Object Repository/RecAndPlayBk/Page-Vlink-ACH-Void/input_Original Transaction Type'

2023-02-08 19:11:14 - [TEST_STEP][PASSED] - click(findTestObject("Object Repository/RecAndPlayBk/Page-Vlink-ACH-Void/input")): Object: 'Object Repository/RecAndPlayBk/Page-Vlink-ACH-Void/input' is clicked on

2023-02-08 19:11:15 - [MESSAGE][PASSED] - Object: 'Object Repository/RecAndPlayBk/Page-Vlink-ACH-Void/input' is clicked on

2023-02-08 19:11:15 - [TEST_STEP][PASSED] - if (verifyTextPresent("Transaction approved, no errors", true)): null

2023-02-08 19:11:15 - [MESSAGE][PASSED] - Text 'Transaction approved, no errors' is present on page  using regular expression

2023-02-08 19:11:15 - [TEST_STEP][PASSED] - println("Transaction Approved, no errors text is present on the Confirmation page"): null

2023-02-08 19:11:15 - [TEST_STEP][PASSED] - out.println("Pass Record Number: " + row): null

2023-02-08 19:11:15 - [TEST_STEP][PASSED] - resText = "Pass": null

2023-02-08 19:11:15 - [TEST_STEP][PASSED] - pages.WriteExcel.demoKey(resText, datText, resColumn, datCloumn, fileLoc, nameSheet, row): pages.WriteExcel.demoKey is PASSED

2023-02-08 19:11:15 - [MESSAGE][PASSED] - pages.WriteExcel.demoKey is PASSED

2023-02-08 19:11:15 - [TEST_STEP][PASSED] - ExecuteTC = findTestData(dataFile).getValue("Execute", row): null

2023-02-08 19:11:15 - [TEST_STEP][PASSED] - out.println("Value of Execute is : " + ExecuteTC): null

2023-02-08 19:11:15 - [TEST_STEP][PASSED] - switch (executionProfile): null

2023-02-08 19:11:15 - [TEST_STEP][PASSED] - case "QAProfile":: null

2023-02-08 19:11:15 - [TEST_STEP][PASSED] - appID = findTestData(dataFile).getValue("AppIDQA", row): null

2023-02-08 19:11:16 - [TEST_STEP][PASSED] - username = findTestData(dataFile).getValue("UsernameQA", row): null

2023-02-08 19:11:16 - [TEST_STEP][PASSED] - password = findTestData(dataFile).getValue("PasswordQA", row): null

2023-02-08 19:11:16 - [TEST_STEP][PASSED] - break: null

2023-02-08 19:11:16 - [TEST_STEP][PASSED] - if (ExecuteTC.equalsIgnoreCase("Y")): null

2023-02-08 19:11:16 - [TEST_STEP][PASSED] - out.println("Begin Record Number: " + row): null

2023-02-08 19:11:16 - [TEST_STEP][PASSED] - today = new java.util.Date(): null

2023-02-08 19:11:16 - [TEST_STEP][PASSED] - println(today): null

2023-02-08 19:11:16 - [TEST_STEP][PASSED] - datText = today: null

2023-02-08 19:11:16 - [TEST_STEP][PASSED] - checkType = findTestData(dataFile).getValue("CheckType", row): null

2023-02-08 19:11:16 - [TEST_STEP][PASSED] - acNumber = findTestData(dataFile).getValue("AcNumber", row): null

2023-02-08 19:11:16 - [TEST_STEP][PASSED] - company = findTestData(dataFile).getValue("Company", row): null

2023-02-08 19:11:16 - [TEST_STEP][PASSED] - acType = findTestData(dataFile).getValue("AcType", row): null

2023-02-08 19:11:16 - [TEST_STEP][PASSED] - rtn = findTestData(dataFile).getValue("RTN", row): null

2023-02-08 19:11:16 - [TEST_STEP][PASSED] - amount = findTestData(dataFile).getValue("Amount", row): null

2023-02-08 19:11:16 - [TEST_STEP][PASSED] - sec = findTestData(dataFile).getValue("SEC", row): null

2023-02-08 19:11:16 - [TEST_STEP][PASSED] - openBrowser(VLinkURL + "debit.html"): Browser is opened with url: 'https://dev-algorithm.govolution.com/vlinktest/QA/version_2_0/debit.html'

2023-02-08 19:11:16 - [MESSAGE][WARNING] - A browser is already opened. Closing browser and opening a new one

2023-02-08 19:11:17 - [MESSAGE][INFO] - Starting 'Chrome' driver

2023-02-08 19:11:17 - [MESSAGE][INFO] - User set preference: ['acceptInsecureCerts', 'true']

2023-02-08 19:11:17 - [MESSAGE][INFO] - Action delay is set to 0 milliseconds

2023-02-08 19:11:19 - [MESSAGE][PASSED] - Browser is opened with url: 'https://dev-algorithm.govolution.com/vlinktest/QA/version_2_0/debit.html'

2023-02-08 19:11:19 - [TEST_STEP][PASSED] - maximizeWindow(): Current window maximized

2023-02-08 19:11:19 - [MESSAGE][PASSED] - Current window maximized

2023-02-08 19:11:19 - [TEST_STEP][PASSED] - genRemID = RandomStringUtils.random(12, true, true): null

2023-02-08 19:11:19 - [TEST_STEP][PASSED] - setText(findTestObject("RecAndPlayBk/Page-Vlink-Debit/input_Remittance Id"), genRemID): Text '2CyfOjh9n6sH' is set on object 'Object Repository/RecAndPlayBk/Page-Vlink-Debit/input_Remittance Id'

2023-02-08 19:11:20 - [MESSAGE][PASSED] - Text '2CyfOjh9n6sH' is set on object 'Object Repository/RecAndPlayBk/Page-Vlink-Debit/input_Remittance Id'

2023-02-08 19:11:20 - [TEST_STEP][PASSED] - setText(findTestObject("RecAndPlayBk/Page-Vlink-Debit/input_Application Id"), appID): Text '234' is set on object 'Object Repository/RecAndPlayBk/Page-Vlink-Debit/input_Application Id'

2023-02-08 19:11:20 - [MESSAGE][PASSED] - Text '234' is set on object 'Object Repository/RecAndPlayBk/Page-Vlink-Debit/input_Application Id'

2023-02-08 19:11:20 - [TEST_STEP][PASSED] - setText(findTestObject("RecAndPlayBk/Page-Vlink-Debit/input_Username"), username): Text 'username' is set on object 'Object Repository/RecAndPlayBk/Page-Vlink-Debit/input_Username'

2023-02-08 19:11:21 - [MESSAGE][PASSED] - Text 'username' is set on object 'Object Repository/RecAndPlayBk/Page-Vlink-Debit/input_Username'

2023-02-08 19:11:21 - [TEST_STEP][PASSED] - setText(findTestObject("RecAndPlayBk/Page-Vlink-Debit/input_Password"), password): Text 'password' is set on object 'Object Repository/RecAndPlayBk/Page-Vlink-Debit/input_Password'

2023-02-08 19:11:22 - [MESSAGE][PASSED] - Text 'password' is set on object 'Object Repository/RecAndPlayBk/Page-Vlink-Debit/input_Password'

2023-02-08 19:11:22 - [TEST_STEP][PASSED] - setText(findTestObject("RecAndPlayBk/Page-Vlink-Debit/input_Check Type"), checkType): Text 'P' is set on object 'Object Repository/RecAndPlayBk/Page-Vlink-Debit/input_Check Type'

2023-02-08 19:11:22 - [MESSAGE][PASSED] - Text 'P' is set on object 'Object Repository/RecAndPlayBk/Page-Vlink-Debit/input_Check Type'

2023-02-08 19:11:22 - [TEST_STEP][PASSED] - setText(findTestObject("RecAndPlayBk/Page-Vlink-Debit/input_Account_check"), acNumber): Text '58963214' is set on object 'Object Repository/RecAndPlayBk/Page-Vlink-Debit/input_Account_check'

2023-02-08 19:11:23 - [MESSAGE][PASSED] - Text '58963214' is set on object 'Object Repository/RecAndPlayBk/Page-Vlink-Debit/input_Account_check'

2023-02-08 19:11:23 - [TEST_STEP][PASSED] - setText(findTestObject("RecAndPlayBk/Page-Vlink-Debit/input_Company_check"), company): Text '' is set on object 'Object Repository/RecAndPlayBk/Page-Vlink-Debit/input_Company_check'

2023-02-08 19:11:24 - [MESSAGE][PASSED] - Text '' is set on object 'Object Repository/RecAndPlayBk/Page-Vlink-Debit/input_Company_check'

2023-02-08 19:11:24 - [TEST_STEP][PASSED] - setText(findTestObject("RecAndPlayBk/Page-Vlink-Debit/input_Account Type"), acType): Text '2' is set on object 'Object Repository/RecAndPlayBk/Page-Vlink-Debit/input_Account Type'

2023-02-08 19:11:24 - [MESSAGE][PASSED] - Text '2' is set on object 'Object Repository/RecAndPlayBk/Page-Vlink-Debit/input_Account Type'

2023-02-08 19:11:24 - [TEST_STEP][PASSED] - setText(findTestObject("RecAndPlayBk/Page-Vlink-Debit/input_Routing Number"), rtn): Text '256072691' is set on object 'Object Repository/RecAndPlayBk/Page-Vlink-Debit/input_Routing Number'

2023-02-08 19:11:25 - [MESSAGE][PASSED] - Text '256072691' is set on object 'Object Repository/RecAndPlayBk/Page-Vlink-Debit/input_Routing Number'

2023-02-08 19:11:25 - [TEST_STEP][PASSED] - setText(findTestObject("RecAndPlayBk/Page-Vlink-Debit/input_Amount"), amount): Text '12.50' is set on object 'Object Repository/RecAndPlayBk/Page-Vlink-Debit/input_Amount'

2023-02-08 19:11:25 - [MESSAGE][PASSED] - Text '12.50' is set on object 'Object Repository/RecAndPlayBk/Page-Vlink-Debit/input_Amount'

2023-02-08 19:11:25 - [TEST_STEP][PASSED] - setText(findTestObject("RecAndPlayBk/Page-Vlink-Debit/input_Check Email"), ""): Text '' is set on object 'Object Repository/RecAndPlayBk/Page-Vlink-Debit/input_Check Email'

2023-02-08 19:11:26 - [MESSAGE][PASSED] - Text '' is set on object 'Object Repository/RecAndPlayBk/Page-Vlink-Debit/input_Check Email'

2023-02-08 19:11:26 - [TEST_STEP][PASSED] - setText(findTestObject("Object Repository/RecAndPlayBk/Page-Vlink-Debit/input_concat(CheckWriter, , s SSN)_check_ssn"), ""): Text '' is set on object 'Object Repository/RecAndPlayBk/Page-Vlink-Debit/input_concat(CheckWriter, , s SSN)_check_ssn'

2023-02-08 19:11:27 - [MESSAGE][PASSED] - Text '' is set on object 'Object Repository/RecAndPlayBk/Page-Vlink-Debit/input_concat(CheckWriter, , s SSN)_check_ssn'

2023-02-08 19:11:27 - [TEST_STEP][PASSED] - setText(findTestObject("Object Repository/RecAndPlayBk/Page-Vlink-Debit/input_concat(CheckWriter, , s License Numbe_020fef"), ""): Text '' is set on object 'Object Repository/RecAndPlayBk/Page-Vlink-Debit/input_concat(CheckWriter, , s License Numbe_020fef'

2023-02-08 19:11:27 - [MESSAGE][PASSED] - Text '' is set on object 'Object Repository/RecAndPlayBk/Page-Vlink-Debit/input_concat(CheckWriter, , s License Numbe_020fef'

2023-02-08 19:11:27 - [TEST_STEP][PASSED] - setText(findTestObject("Object Repository/RecAndPlayBk/Page-Vlink-Debit/input_concat(CheckWriter, , s License State_21e3e7"), ""): Text '' is set on object 'Object Repository/RecAndPlayBk/Page-Vlink-Debit/input_concat(CheckWriter, , s License State_21e3e7'

2023-02-08 19:11:28 - [MESSAGE][PASSED] - Text '' is set on object 'Object Repository/RecAndPlayBk/Page-Vlink-Debit/input_concat(CheckWriter, , s License State_21e3e7'

2023-02-08 19:11:28 - [TEST_STEP][PASSED] - setText(findTestObject("RecAndPlayBk/Page-Vlink-Debit/input_Standard Entry Class"), sec): Text 'PPD' is set on object 'Object Repository/RecAndPlayBk/Page-Vlink-Debit/input_Standard Entry Class'

2023-02-08 19:11:29 - [MESSAGE][PASSED] - Text 'PPD' is set on object 'Object Repository/RecAndPlayBk/Page-Vlink-Debit/input_Standard Entry Class'

2023-02-08 19:11:29 - [TEST_STEP][PASSED] - click(findTestObject("Object Repository/RecAndPlayBk/Page-Vlink-Debit/input")): Object: 'Object Repository/RecAndPlayBk/Page-Vlink-Debit/input' is clicked on

2023-02-08 19:11:29 - [MESSAGE][PASSED] - Object: 'Object Repository/RecAndPlayBk/Page-Vlink-Debit/input' is clicked on

2023-02-08 19:11:29 - [TEST_STEP][PASSED] - if (verifyTextPresent("Transaction approved, no errors", true)): null

2023-02-08 19:11:30 - [MESSAGE][PASSED] - Text 'Transaction approved, no errors' is present on page  using regular expression

2023-02-08 19:11:30 - [TEST_STEP][PASSED] - println("Transaction Approved, no errors text is present on the Confirmation page"): null

2023-02-08 19:11:30 - [TEST_STEP][PASSED] - sdfo = getText(findTestObject("Object Repository/Page_VLinkReceipt/pre_STX")): Text of object 'Object Repository/Page_VLinkReceipt/pre_STX' is: '<STX>2CyfOjh9n6sH                  12125277            0  Transaction approved, no errors                   0                                                                                                              <ETX>'

2023-02-08 19:11:30 - [MESSAGE][PASSED] - Text of object 'Object Repository/Page_VLinkReceipt/pre_STX' is: '<STX>2CyfOjh9n6sH                  12125277            0  Transaction approved, no errors                   0                                                                                                              <ETX>'

2023-02-08 19:11:30 - [TEST_STEP][PASSED] - out.println("sdfo: " + sdfo): null

2023-02-08 19:11:30 - [TEST_STEP][PASSED] - remID = substring(5, 35).trim(): null

2023-02-08 19:11:30 - [TEST_STEP][PASSED] - out.println("remID: " + remID): null

2023-02-08 19:11:30 - [TEST_STEP][PASSED] - traxID = substring(35, 55).trim(): null

2023-02-08 19:11:30 - [TEST_STEP][PASSED] - out.println("traxID: " + traxID): null

2023-02-08 19:11:30 - [TEST_STEP][PASSED] - VLinkSaleRemID = remID: null

2023-02-08 19:11:30 - [TEST_STEP][PASSED] - VLinkSaleTranxID = traxID: null

2023-02-08 19:11:30 - [TEST_STEP][PASSED] - openBrowser(VLinkURL + "ACH_void.html"): Browser is opened with url: 'https://dev-algorithm.govolution.com/vlinktest/QA/version_2_0/ACH_void.html'

2023-02-08 19:11:30 - [MESSAGE][WARNING] - A browser is already opened. Closing browser and opening a new one

2023-02-08 19:11:31 - [MESSAGE][INFO] - Starting 'Chrome' driver

2023-02-08 19:11:31 - [MESSAGE][INFO] - User set preference: ['acceptInsecureCerts', 'true']

2023-02-08 19:11:31 - [MESSAGE][INFO] - Action delay is set to 0 milliseconds

2023-02-08 19:11:32 - [MESSAGE][PASSED] - Browser is opened with url: 'https://dev-algorithm.govolution.com/vlinktest/QA/version_2_0/ACH_void.html'

2023-02-08 19:11:32 - [TEST_STEP][PASSED] - maximizeWindow(): Current window maximized

2023-02-08 19:11:33 - [MESSAGE][PASSED] - Current window maximized

2023-02-08 19:11:33 - [TEST_STEP][PASSED] - setText(findTestObject("Object Repository/RecAndPlayBk/Page-Vlink-ACH-Void/input_Remittance Id"), VLinkSaleRemID): Text '2CyfOjh9n6sH' is set on object 'Object Repository/RecAndPlayBk/Page-Vlink-ACH-Void/input_Remittance Id'

2023-02-08 19:11:33 - [MESSAGE][PASSED] - Text '2CyfOjh9n6sH' is set on object 'Object Repository/RecAndPlayBk/Page-Vlink-ACH-Void/input_Remittance Id'

2023-02-08 19:11:33 - [TEST_STEP][PASSED] - setText(findTestObject("Object Repository/RecAndPlayBk/Page-Vlink-ACH-Void/input_Application Id"), appID): Text '234' is set on object 'Object Repository/RecAndPlayBk/Page-Vlink-ACH-Void/input_Application Id'

2023-02-08 19:11:34 - [MESSAGE][PASSED] - Text '234' is set on object 'Object Repository/RecAndPlayBk/Page-Vlink-ACH-Void/input_Application Id'

2023-02-08 19:11:34 - [TEST_STEP][PASSED] - setText(findTestObject("Object Repository/RecAndPlayBk/Page-Vlink-ACH-Void/input_Username"), username): Text 'username' is set on object 'Object Repository/RecAndPlayBk/Page-Vlink-ACH-Void/input_Username'

2023-02-08 19:11:35 - [MESSAGE][PASSED] - Text 'username' is set on object 'Object Repository/RecAndPlayBk/Page-Vlink-ACH-Void/input_Username'

2023-02-08 19:11:35 - [TEST_STEP][PASSED] - setText(findTestObject("Object Repository/RecAndPlayBk/Page-Vlink-ACH-Void/input_Password"), password): Text 'password' is set on object 'Object Repository/RecAndPlayBk/Page-Vlink-ACH-Void/input_Password'

2023-02-08 19:11:35 - [MESSAGE][PASSED] - Text 'password' is set on object 'Object Repository/RecAndPlayBk/Page-Vlink-ACH-Void/input_Password'

2023-02-08 19:11:35 - [TEST_STEP][PASSED] - setText(findTestObject("Object Repository/RecAndPlayBk/Page-Vlink-ACH-Void/input_Check Type"), checkType): Text 'P' is set on object 'Object Repository/RecAndPlayBk/Page-Vlink-ACH-Void/input_Check Type'

2023-02-08 19:11:36 - [MESSAGE][PASSED] - Text 'P' is set on object 'Object Repository/RecAndPlayBk/Page-Vlink-ACH-Void/input_Check Type'

2023-02-08 19:11:36 - [TEST_STEP][PASSED] - setText(findTestObject("Object Repository/RecAndPlayBk/Page-Vlink-ACH-Void/input_Standard Entry Class"), sec): Text 'PPD' is set on object 'Object Repository/RecAndPlayBk/Page-Vlink-ACH-Void/input_Standard Entry Class'

2023-02-08 19:11:36 - [MESSAGE][PASSED] - Text 'PPD' is set on object 'Object Repository/RecAndPlayBk/Page-Vlink-ACH-Void/input_Standard Entry Class'

2023-02-08 19:11:36 - [TEST_STEP][PASSED] - setText(findTestObject("Object Repository/RecAndPlayBk/Page-Vlink-ACH-Void/input_Transaction ID"), VLinkSaleTranxID): Text '12125277' is set on object 'Object Repository/RecAndPlayBk/Page-Vlink-ACH-Void/input_Transaction ID'

2023-02-08 19:11:37 - [MESSAGE][PASSED] - Text '12125277' is set on object 'Object Repository/RecAndPlayBk/Page-Vlink-ACH-Void/input_Transaction ID'

2023-02-08 19:11:37 - [TEST_STEP][PASSED] - setText(findTestObject("Object Repository/RecAndPlayBk/Page-Vlink-ACH-Void/input_Original Transaction Type"), "200"): Text '200' is set on object 'Object Repository/RecAndPlayBk/Page-Vlink-ACH-Void/input_Original Transaction Type'

2023-02-08 19:11:38 - [MESSAGE][PASSED] - Text '200' is set on object 'Object Repository/RecAndPlayBk/Page-Vlink-ACH-Void/input_Original Transaction Type'

2023-02-08 19:11:38 - [TEST_STEP][PASSED] - click(findTestObject("Object Repository/RecAndPlayBk/Page-Vlink-ACH-Void/input")): Object: 'Object Repository/RecAndPlayBk/Page-Vlink-ACH-Void/input' is clicked on

2023-02-08 19:11:38 - [MESSAGE][PASSED] - Object: 'Object Repository/RecAndPlayBk/Page-Vlink-ACH-Void/input' is clicked on

2023-02-08 19:11:38 - [TEST_STEP][PASSED] - if (verifyTextPresent("Transaction approved, no errors", true)): null

2023-02-08 19:11:39 - [MESSAGE][PASSED] - Text 'Transaction approved, no errors' is present on page  using regular expression

2023-02-08 19:11:39 - [TEST_STEP][PASSED] - println("Transaction Approved, no errors text is present on the Confirmation page"): null

2023-02-08 19:11:39 - [TEST_STEP][PASSED] - out.println("Pass Record Number: " + row): null

2023-02-08 19:11:39 - [TEST_STEP][PASSED] - resText = "Pass": null

2023-02-08 19:11:39 - [TEST_STEP][PASSED] - pages.WriteExcel.demoKey(resText, datText, resColumn, datCloumn, fileLoc, nameSheet, row): pages.WriteExcel.demoKey is PASSED

2023-02-08 19:11:39 - [MESSAGE][PASSED] - pages.WriteExcel.demoKey is PASSED

2023-02-08 19:11:39 - [TEST_STEP][PASSED] - ExecuteTC = findTestData(dataFile).getValue("Execute", row): null

2023-02-08 19:11:39 - [TEST_STEP][PASSED] - out.println("Value of Execute is : " + ExecuteTC): null

2023-02-08 19:11:39 - [TEST_STEP][PASSED] - switch (executionProfile): null

2023-02-08 19:11:39 - [TEST_STEP][PASSED] - case "QAProfile":: null

2023-02-08 19:11:39 - [TEST_STEP][PASSED] - appID = findTestData(dataFile).getValue("AppIDQA", row): null

2023-02-08 19:11:39 - [TEST_STEP][PASSED] - username = findTestData(dataFile).getValue("UsernameQA", row): null

2023-02-08 19:11:39 - [TEST_STEP][PASSED] - password = findTestData(dataFile).getValue("PasswordQA", row): null

2023-02-08 19:11:39 - [TEST_STEP][PASSED] - break: null

2023-02-08 19:11:39 - [TEST_STEP][PASSED] - if (ExecuteTC.equalsIgnoreCase("Y")): null

2023-02-08 19:11:39 - [TEST_STEP][PASSED] - out.println("Begin Record Number: " + row): null

2023-02-08 19:11:39 - [TEST_STEP][PASSED] - today = new java.util.Date(): null

2023-02-08 19:11:39 - [TEST_STEP][PASSED] - println(today): null

2023-02-08 19:11:39 - [TEST_STEP][PASSED] - datText = today: null

2023-02-08 19:11:39 - [TEST_STEP][PASSED] - checkType = findTestData(dataFile).getValue("CheckType", row): null

2023-02-08 19:11:39 - [TEST_STEP][PASSED] - acNumber = findTestData(dataFile).getValue("AcNumber", row): null

2023-02-08 19:11:39 - [TEST_STEP][PASSED] - company = findTestData(dataFile).getValue("Company", row): null

2023-02-08 19:11:39 - [TEST_STEP][PASSED] - acType = findTestData(dataFile).getValue("AcType", row): null

2023-02-08 19:11:39 - [TEST_STEP][PASSED] - rtn = findTestData(dataFile).getValue("RTN", row): null

2023-02-08 19:11:39 - [TEST_STEP][PASSED] - amount = findTestData(dataFile).getValue("Amount", row): null

2023-02-08 19:11:40 - [TEST_STEP][PASSED] - sec = findTestData(dataFile).getValue("SEC", row): null

2023-02-08 19:11:40 - [TEST_STEP][PASSED] - openBrowser(VLinkURL + "debit.html"): Browser is opened with url: 'https://dev-algorithm.govolution.com/vlinktest/QA/version_2_0/debit.html'

2023-02-08 19:11:40 - [MESSAGE][WARNING] - A browser is already opened. Closing browser and opening a new one

2023-02-08 19:11:41 - [MESSAGE][INFO] - Starting 'Chrome' driver

2023-02-08 19:11:41 - [MESSAGE][INFO] - User set preference: ['acceptInsecureCerts', 'true']

2023-02-08 19:11:41 - [MESSAGE][INFO] - Action delay is set to 0 milliseconds

2023-02-08 19:11:42 - [MESSAGE][PASSED] - Browser is opened with url: 'https://dev-algorithm.govolution.com/vlinktest/QA/version_2_0/debit.html'

2023-02-08 19:11:42 - [TEST_STEP][PASSED] - maximizeWindow(): Current window maximized

2023-02-08 19:11:43 - [MESSAGE][PASSED] - Current window maximized

2023-02-08 19:11:43 - [TEST_STEP][PASSED] - genRemID = RandomStringUtils.random(12, true, true): null

2023-02-08 19:11:43 - [TEST_STEP][PASSED] - setText(findTestObject("RecAndPlayBk/Page-Vlink-Debit/input_Remittance Id"), genRemID): Text 'mmTD6VzUJoHt' is set on object 'Object Repository/RecAndPlayBk/Page-Vlink-Debit/input_Remittance Id'

2023-02-08 19:11:43 - [MESSAGE][PASSED] - Text 'mmTD6VzUJoHt' is set on object 'Object Repository/RecAndPlayBk/Page-Vlink-Debit/input_Remittance Id'

2023-02-08 19:11:43 - [TEST_STEP][PASSED] - setText(findTestObject("RecAndPlayBk/Page-Vlink-Debit/input_Application Id"), appID): Text '234' is set on object 'Object Repository/RecAndPlayBk/Page-Vlink-Debit/input_Application Id'

2023-02-08 19:11:44 - [MESSAGE][PASSED] - Text '234' is set on object 'Object Repository/RecAndPlayBk/Page-Vlink-Debit/input_Application Id'

2023-02-08 19:11:44 - [TEST_STEP][PASSED] - setText(findTestObject("RecAndPlayBk/Page-Vlink-Debit/input_Username"), username): Text 'username' is set on object 'Object Repository/RecAndPlayBk/Page-Vlink-Debit/input_Username'

2023-02-08 19:11:45 - [MESSAGE][PASSED] - Text 'username' is set on object 'Object Repository/RecAndPlayBk/Page-Vlink-Debit/input_Username'

2023-02-08 19:11:45 - [TEST_STEP][PASSED] - setText(findTestObject("RecAndPlayBk/Page-Vlink-Debit/input_Password"), password): Text 'password' is set on object 'Object Repository/RecAndPlayBk/Page-Vlink-Debit/input_Password'

2023-02-08 19:11:45 - [MESSAGE][PASSED] - Text 'password' is set on object 'Object Repository/RecAndPlayBk/Page-Vlink-Debit/input_Password'

2023-02-08 19:11:45 - [TEST_STEP][PASSED] - setText(findTestObject("RecAndPlayBk/Page-Vlink-Debit/input_Check Type"), checkType): Text 'C' is set on object 'Object Repository/RecAndPlayBk/Page-Vlink-Debit/input_Check Type'

2023-02-08 19:11:46 - [MESSAGE][PASSED] - Text 'C' is set on object 'Object Repository/RecAndPlayBk/Page-Vlink-Debit/input_Check Type'

2023-02-08 19:11:46 - [TEST_STEP][PASSED] - setText(findTestObject("RecAndPlayBk/Page-Vlink-Debit/input_Account_check"), acNumber): Text '58963214' is set on object 'Object Repository/RecAndPlayBk/Page-Vlink-Debit/input_Account_check'

2023-02-08 19:11:47 - [MESSAGE][PASSED] - Text '58963214' is set on object 'Object Repository/RecAndPlayBk/Page-Vlink-Debit/input_Account_check'

2023-02-08 19:11:47 - [TEST_STEP][PASSED] - setText(findTestObject("RecAndPlayBk/Page-Vlink-Debit/input_Company_check"), company): Text 'My Company' is set on object 'Object Repository/RecAndPlayBk/Page-Vlink-Debit/input_Company_check'

2023-02-08 19:11:48 - [MESSAGE][PASSED] - Text 'My Company' is set on object 'Object Repository/RecAndPlayBk/Page-Vlink-Debit/input_Company_check'

2023-02-08 19:11:48 - [TEST_STEP][PASSED] - setText(findTestObject("RecAndPlayBk/Page-Vlink-Debit/input_Account Type"), acType): Text '' is set on object 'Object Repository/RecAndPlayBk/Page-Vlink-Debit/input_Account Type'

2023-02-08 19:11:48 - [MESSAGE][PASSED] - Text '' is set on object 'Object Repository/RecAndPlayBk/Page-Vlink-Debit/input_Account Type'

2023-02-08 19:11:48 - [TEST_STEP][PASSED] - setText(findTestObject("RecAndPlayBk/Page-Vlink-Debit/input_Routing Number"), rtn): Text '256072691' is set on object 'Object Repository/RecAndPlayBk/Page-Vlink-Debit/input_Routing Number'

2023-02-08 19:11:49 - [MESSAGE][PASSED] - Text '256072691' is set on object 'Object Repository/RecAndPlayBk/Page-Vlink-Debit/input_Routing Number'

2023-02-08 19:11:49 - [TEST_STEP][PASSED] - setText(findTestObject("RecAndPlayBk/Page-Vlink-Debit/input_Amount"), amount): Text '12.50' is set on object 'Object Repository/RecAndPlayBk/Page-Vlink-Debit/input_Amount'

2023-02-08 19:11:50 - [MESSAGE][PASSED] - Text '12.50' is set on object 'Object Repository/RecAndPlayBk/Page-Vlink-Debit/input_Amount'

2023-02-08 19:11:50 - [TEST_STEP][PASSED] - setText(findTestObject("RecAndPlayBk/Page-Vlink-Debit/input_Check Email"), ""): Text '' is set on object 'Object Repository/RecAndPlayBk/Page-Vlink-Debit/input_Check Email'

2023-02-08 19:11:50 - [MESSAGE][PASSED] - Text '' is set on object 'Object Repository/RecAndPlayBk/Page-Vlink-Debit/input_Check Email'

2023-02-08 19:11:50 - [TEST_STEP][PASSED] - setText(findTestObject("Object Repository/RecAndPlayBk/Page-Vlink-Debit/input_concat(CheckWriter, , s SSN)_check_ssn"), ""): Text '' is set on object 'Object Repository/RecAndPlayBk/Page-Vlink-Debit/input_concat(CheckWriter, , s SSN)_check_ssn'

2023-02-08 19:11:51 - [MESSAGE][PASSED] - Text '' is set on object 'Object Repository/RecAndPlayBk/Page-Vlink-Debit/input_concat(CheckWriter, , s SSN)_check_ssn'

2023-02-08 19:11:51 - [TEST_STEP][PASSED] - setText(findTestObject("Object Repository/RecAndPlayBk/Page-Vlink-Debit/input_concat(CheckWriter, , s License Numbe_020fef"), ""): Text '' is set on object 'Object Repository/RecAndPlayBk/Page-Vlink-Debit/input_concat(CheckWriter, , s License Numbe_020fef'

2023-02-08 19:11:52 - [MESSAGE][PASSED] - Text '' is set on object 'Object Repository/RecAndPlayBk/Page-Vlink-Debit/input_concat(CheckWriter, , s License Numbe_020fef'

2023-02-08 19:11:52 - [TEST_STEP][PASSED] - setText(findTestObject("Object Repository/RecAndPlayBk/Page-Vlink-Debit/input_concat(CheckWriter, , s License State_21e3e7"), ""): Text '' is set on object 'Object Repository/RecAndPlayBk/Page-Vlink-Debit/input_concat(CheckWriter, , s License State_21e3e7'

2023-02-08 19:11:52 - [MESSAGE][PASSED] - Text '' is set on object 'Object Repository/RecAndPlayBk/Page-Vlink-Debit/input_concat(CheckWriter, , s License State_21e3e7'

2023-02-08 19:11:52 - [TEST_STEP][PASSED] - setText(findTestObject("RecAndPlayBk/Page-Vlink-Debit/input_Standard Entry Class"), sec): Text 'CCD' is set on object 'Object Repository/RecAndPlayBk/Page-Vlink-Debit/input_Standard Entry Class'

2023-02-08 19:11:53 - [MESSAGE][PASSED] - Text 'CCD' is set on object 'Object Repository/RecAndPlayBk/Page-Vlink-Debit/input_Standard Entry Class'

2023-02-08 19:11:53 - [TEST_STEP][PASSED] - click(findTestObject("Object Repository/RecAndPlayBk/Page-Vlink-Debit/input")): Object: 'Object Repository/RecAndPlayBk/Page-Vlink-Debit/input' is clicked on

2023-02-08 19:11:54 - [MESSAGE][PASSED] - Object: 'Object Repository/RecAndPlayBk/Page-Vlink-Debit/input' is clicked on

2023-02-08 19:11:54 - [TEST_STEP][PASSED] - if (verifyTextPresent("Transaction approved, no errors", true)): null

2023-02-08 19:11:54 - [MESSAGE][PASSED] - Text 'Transaction approved, no errors' is present on page  using regular expression

2023-02-08 19:11:54 - [TEST_STEP][PASSED] - println("Transaction Approved, no errors text is present on the Confirmation page"): null

2023-02-08 19:11:54 - [TEST_STEP][PASSED] - sdfo = getText(findTestObject("Object Repository/Page_VLinkReceipt/pre_STX")): Text of object 'Object Repository/Page_VLinkReceipt/pre_STX' is: '<STX>mmTD6VzUJoHt                  12125279            0  Transaction approved, no errors                   0                                                                                                              <ETX>'

2023-02-08 19:11:54 - [MESSAGE][PASSED] - Text of object 'Object Repository/Page_VLinkReceipt/pre_STX' is: '<STX>mmTD6VzUJoHt                  12125279            0  Transaction approved, no errors                   0                                                                                                              <ETX>'

2023-02-08 19:11:54 - [TEST_STEP][PASSED] - out.println("sdfo: " + sdfo): null

2023-02-08 19:11:54 - [TEST_STEP][PASSED] - remID = substring(5, 35).trim(): null

2023-02-08 19:11:54 - [TEST_STEP][PASSED] - out.println("remID: " + remID): null

2023-02-08 19:11:54 - [TEST_STEP][PASSED] - traxID = substring(35, 55).trim(): null

2023-02-08 19:11:54 - [TEST_STEP][PASSED] - out.println("traxID: " + traxID): null

2023-02-08 19:11:54 - [TEST_STEP][PASSED] - VLinkSaleRemID = remID: null

2023-02-08 19:11:54 - [TEST_STEP][PASSED] - VLinkSaleTranxID = traxID: null

2023-02-08 19:11:54 - [TEST_STEP][PASSED] - openBrowser(VLinkURL + "ACH_void.html"): Browser is opened with url: 'https://dev-algorithm.govolution.com/vlinktest/QA/version_2_0/ACH_void.html'

2023-02-08 19:11:54 - [MESSAGE][WARNING] - A browser is already opened. Closing browser and opening a new one

2023-02-08 19:11:55 - [MESSAGE][INFO] - Starting 'Chrome' driver

2023-02-08 19:11:55 - [MESSAGE][INFO] - User set preference: ['acceptInsecureCerts', 'true']

2023-02-08 19:11:55 - [MESSAGE][INFO] - Action delay is set to 0 milliseconds

2023-02-08 19:11:57 - [MESSAGE][PASSED] - Browser is opened with url: 'https://dev-algorithm.govolution.com/vlinktest/QA/version_2_0/ACH_void.html'

2023-02-08 19:11:57 - [TEST_STEP][PASSED] - maximizeWindow(): Current window maximized

2023-02-08 19:11:57 - [MESSAGE][PASSED] - Current window maximized

2023-02-08 19:11:57 - [TEST_STEP][PASSED] - setText(findTestObject("Object Repository/RecAndPlayBk/Page-Vlink-ACH-Void/input_Remittance Id"), VLinkSaleRemID): Text 'mmTD6VzUJoHt' is set on object 'Object Repository/RecAndPlayBk/Page-Vlink-ACH-Void/input_Remittance Id'

2023-02-08 19:11:58 - [MESSAGE][PASSED] - Text 'mmTD6VzUJoHt' is set on object 'Object Repository/RecAndPlayBk/Page-Vlink-ACH-Void/input_Remittance Id'

2023-02-08 19:11:58 - [TEST_STEP][PASSED] - setText(findTestObject("Object Repository/RecAndPlayBk/Page-Vlink-ACH-Void/input_Application Id"), appID): Text '234' is set on object 'Object Repository/RecAndPlayBk/Page-Vlink-ACH-Void/input_Application Id'

2023-02-08 19:11:58 - [MESSAGE][PASSED] - Text '234' is set on object 'Object Repository/RecAndPlayBk/Page-Vlink-ACH-Void/input_Application Id'

2023-02-08 19:11:58 - [TEST_STEP][PASSED] - setText(findTestObject("Object Repository/RecAndPlayBk/Page-Vlink-ACH-Void/input_Username"), username): Text 'username' is set on object 'Object Repository/RecAndPlayBk/Page-Vlink-ACH-Void/input_Username'

2023-02-08 19:11:59 - [MESSAGE][PASSED] - Text 'username' is set on object 'Object Repository/RecAndPlayBk/Page-Vlink-ACH-Void/input_Username'

2023-02-08 19:11:59 - [TEST_STEP][PASSED] - setText(findTestObject("Object Repository/RecAndPlayBk/Page-Vlink-ACH-Void/input_Password"), password): Text 'password' is set on object 'Object Repository/RecAndPlayBk/Page-Vlink-ACH-Void/input_Password'

2023-02-08 19:12:00 - [MESSAGE][PASSED] - Text 'password' is set on object 'Object Repository/RecAndPlayBk/Page-Vlink-ACH-Void/input_Password'

2023-02-08 19:12:00 - [TEST_STEP][PASSED] - setText(findTestObject("Object Repository/RecAndPlayBk/Page-Vlink-ACH-Void/input_Check Type"), checkType): Text 'C' is set on object 'Object Repository/RecAndPlayBk/Page-Vlink-ACH-Void/input_Check Type'

2023-02-08 19:12:00 - [MESSAGE][PASSED] - Text 'C' is set on object 'Object Repository/RecAndPlayBk/Page-Vlink-ACH-Void/input_Check Type'

2023-02-08 19:12:00 - [TEST_STEP][PASSED] - setText(findTestObject("Object Repository/RecAndPlayBk/Page-Vlink-ACH-Void/input_Standard Entry Class"), sec): Text 'CCD' is set on object 'Object Repository/RecAndPlayBk/Page-Vlink-ACH-Void/input_Standard Entry Class'

2023-02-08 19:12:01 - [MESSAGE][PASSED] - Text 'CCD' is set on object 'Object Repository/RecAndPlayBk/Page-Vlink-ACH-Void/input_Standard Entry Class'

2023-02-08 19:12:01 - [TEST_STEP][PASSED] - setText(findTestObject("Object Repository/RecAndPlayBk/Page-Vlink-ACH-Void/input_Transaction ID"), VLinkSaleTranxID): Text '12125279' is set on object 'Object Repository/RecAndPlayBk/Page-Vlink-ACH-Void/input_Transaction ID'

2023-02-08 19:12:01 - [MESSAGE][PASSED] - Text '12125279' is set on object 'Object Repository/RecAndPlayBk/Page-Vlink-ACH-Void/input_Transaction ID'

2023-02-08 19:12:01 - [TEST_STEP][PASSED] - setText(findTestObject("Object Repository/RecAndPlayBk/Page-Vlink-ACH-Void/input_Original Transaction Type"), "200"): Text '200' is set on object 'Object Repository/RecAndPlayBk/Page-Vlink-ACH-Void/input_Original Transaction Type'

2023-02-08 19:12:02 - [MESSAGE][PASSED] - Text '200' is set on object 'Object Repository/RecAndPlayBk/Page-Vlink-ACH-Void/input_Original Transaction Type'

2023-02-08 19:12:02 - [TEST_STEP][PASSED] - click(findTestObject("Object Repository/RecAndPlayBk/Page-Vlink-ACH-Void/input")): Object: 'Object Repository/RecAndPlayBk/Page-Vlink-ACH-Void/input' is clicked on

2023-02-08 19:12:03 - [MESSAGE][PASSED] - Object: 'Object Repository/RecAndPlayBk/Page-Vlink-ACH-Void/input' is clicked on

2023-02-08 19:12:03 - [TEST_STEP][PASSED] - if (verifyTextPresent("Transaction approved, no errors", true)): null

2023-02-08 19:12:03 - [MESSAGE][PASSED] - Text 'Transaction approved, no errors' is present on page  using regular expression

2023-02-08 19:12:03 - [TEST_STEP][PASSED] - println("Transaction Approved, no errors text is present on the Confirmation page"): null

2023-02-08 19:12:03 - [TEST_STEP][PASSED] - out.println("Pass Record Number: " + row): null

2023-02-08 19:12:03 - [TEST_STEP][PASSED] - resText = "Pass": null

2023-02-08 19:12:03 - [TEST_STEP][PASSED] - pages.WriteExcel.demoKey(resText, datText, resColumn, datCloumn, fileLoc, nameSheet, row): pages.WriteExcel.demoKey is PASSED

2023-02-08 19:12:03 - [MESSAGE][PASSED] - pages.WriteExcel.demoKey is PASSED]]></system-out>
         <system-err><![CDATA[]]></system-err>
      </testcase>
      <testcase name="Test Cases/RecAndPlayBk/VLink/Debit-Credit" time="173.522" classname="Test Cases/RecAndPlayBk/VLink/Debit-Credit" status="PASSED">
         <system-out><![CDATA[2023-02-08 19:12:03 - [TEST_CASE][PASSED] - Test Cases/RecAndPlayBk/VLink/Debit-Credit: Test Cases/RecAndPlayBk/VLink/Debit-Credit

2023-02-08 19:12:04 - [TEST_STEP][PASSED] - executionProfile = getExecutionProfile(): null

2023-02-08 19:12:04 - [TEST_STEP][PASSED] - out.println("executionProfile : " + executionProfile): null

2023-02-08 19:12:04 - [TEST_STEP][PASSED] - appName = <not implemented yet for class: org.codehaus.groovy.ast.expr.EmptyExpression>: null

2023-02-08 19:12:04 - [TEST_STEP][PASSED] - appID = <not implemented yet for class: org.codehaus.groovy.ast.expr.EmptyExpression>: null

2023-02-08 19:12:04 - [TEST_STEP][PASSED] - username = <not implemented yet for class: org.codehaus.groovy.ast.expr.EmptyExpression>: null

2023-02-08 19:12:04 - [TEST_STEP][PASSED] - password = <not implemented yet for class: org.codehaus.groovy.ast.expr.EmptyExpression>: null

2023-02-08 19:12:04 - [TEST_STEP][PASSED] - cardNameV = <not implemented yet for class: org.codehaus.groovy.ast.expr.EmptyExpression>: null

2023-02-08 19:12:04 - [TEST_STEP][PASSED] - al1V = <not implemented yet for class: org.codehaus.groovy.ast.expr.EmptyExpression>: null

2023-02-08 19:12:04 - [TEST_STEP][PASSED] - al2V = <not implemented yet for class: org.codehaus.groovy.ast.expr.EmptyExpression>: null

2023-02-08 19:12:04 - [TEST_STEP][PASSED] - zipV = <not implemented yet for class: org.codehaus.groovy.ast.expr.EmptyExpression>: null

2023-02-08 19:12:04 - [TEST_STEP][PASSED] - cardTypeV = <not implemented yet for class: org.codehaus.groovy.ast.expr.EmptyExpression>: null

2023-02-08 19:12:04 - [TEST_STEP][PASSED] - last4V = <not implemented yet for class: org.codehaus.groovy.ast.expr.EmptyExpression>: null

2023-02-08 19:12:04 - [TEST_STEP][PASSED] - resText = "Fail": null

2023-02-08 19:12:04 - [TEST_STEP][PASSED] - resColumn = "Result": null

2023-02-08 19:12:04 - [TEST_STEP][PASSED] - datCloumn = "Date": null

2023-02-08 19:12:04 - [TEST_STEP][PASSED] - fileLoc = "KatalonData/VLinkSmokeDataACH.xlsx": null

2023-02-08 19:12:04 - [TEST_STEP][PASSED] - numOfRows = <not implemented yet for class: org.codehaus.groovy.ast.expr.EmptyExpression>: null

2023-02-08 19:12:04 - [TEST_STEP][PASSED] - dataFile = <not implemented yet for class: org.codehaus.groovy.ast.expr.EmptyExpression>: null

2023-02-08 19:12:04 - [TEST_STEP][PASSED] - nameSheet = <not implemented yet for class: org.codehaus.groovy.ast.expr.EmptyExpression>: null

2023-02-08 19:12:04 - [TEST_STEP][PASSED] - nameSheet = "Debit-Credit": null

2023-02-08 19:12:04 - [TEST_STEP][PASSED] - numOfRows = findTestData("QA/VLinkTestData/VLinkDebitCreditData").getRowNumbers(): null

2023-02-08 19:12:04 - [TEST_STEP][PASSED] - println("Number of Records: " + numOfRows): null

2023-02-08 19:12:04 - [TEST_STEP][PASSED] - dataFile = "QA/VLinkTestData/VLinkDebitCreditData": null

2023-02-08 19:12:04 - [TEST_STEP][PASSED] - for ([row = 1, row <= numOfRows, (row++)]): null

2023-02-08 19:12:04 - [TEST_STEP][PASSED] - ExecuteTC = findTestData(dataFile).getValue("Execute", row): null

2023-02-08 19:12:04 - [TEST_STEP][PASSED] - out.println("Value of Execute is : " + ExecuteTC): null

2023-02-08 19:12:04 - [TEST_STEP][PASSED] - switch (executionProfile): null

2023-02-08 19:12:04 - [TEST_STEP][PASSED] - case "QAProfile":: null

2023-02-08 19:12:04 - [TEST_STEP][PASSED] - appID = findTestData(dataFile).getValue("AppIDQA", row): null

2023-02-08 19:12:04 - [TEST_STEP][PASSED] - username = findTestData(dataFile).getValue("UsernameQA", row): null

2023-02-08 19:12:04 - [TEST_STEP][PASSED] - password = findTestData(dataFile).getValue("PasswordQA", row): null

2023-02-08 19:12:04 - [TEST_STEP][PASSED] - break: null

2023-02-08 19:12:04 - [TEST_STEP][PASSED] - if (ExecuteTC.equalsIgnoreCase("Y")): null

2023-02-08 19:12:04 - [TEST_STEP][PASSED] - out.println("Begin Record Number: " + row): null

2023-02-08 19:12:04 - [TEST_STEP][PASSED] - today = new java.util.Date(): null

2023-02-08 19:12:04 - [TEST_STEP][PASSED] - println(today): null

2023-02-08 19:12:04 - [TEST_STEP][PASSED] - datText = today: null

2023-02-08 19:12:04 - [TEST_STEP][PASSED] - checkType = findTestData(dataFile).getValue("CheckType", row): null

2023-02-08 19:12:04 - [TEST_STEP][PASSED] - acNumber = findTestData(dataFile).getValue("AcNumber", row): null

2023-02-08 19:12:04 - [TEST_STEP][PASSED] - company = findTestData(dataFile).getValue("Company", row): null

2023-02-08 19:12:04 - [TEST_STEP][PASSED] - acType = findTestData(dataFile).getValue("AcType", row): null

2023-02-08 19:12:04 - [TEST_STEP][PASSED] - rtn = findTestData(dataFile).getValue("RTN", row): null

2023-02-08 19:12:04 - [TEST_STEP][PASSED] - amount = findTestData(dataFile).getValue("Amount", row): null

2023-02-08 19:12:04 - [TEST_STEP][PASSED] - sec = findTestData(dataFile).getValue("SEC", row): null

2023-02-08 19:12:04 - [TEST_STEP][PASSED] - openBrowser(VLinkURL + "debit.html"): Browser is opened with url: 'https://dev-algorithm.govolution.com/vlinktest/QA/version_2_0/debit.html'

2023-02-08 19:12:04 - [MESSAGE][WARNING] - A browser is already opened. Closing browser and opening a new one

2023-02-08 19:12:05 - [MESSAGE][INFO] - Starting 'Chrome' driver

2023-02-08 19:12:05 - [MESSAGE][INFO] - User set preference: ['acceptInsecureCerts', 'true']

2023-02-08 19:12:05 - [MESSAGE][INFO] - Action delay is set to 0 milliseconds

2023-02-08 19:12:08 - [MESSAGE][PASSED] - Browser is opened with url: 'https://dev-algorithm.govolution.com/vlinktest/QA/version_2_0/debit.html'

2023-02-08 19:12:08 - [TEST_STEP][PASSED] - maximizeWindow(): Current window maximized

2023-02-08 19:12:08 - [MESSAGE][PASSED] - Current window maximized

2023-02-08 19:12:08 - [TEST_STEP][PASSED] - genRemID = RandomStringUtils.random(12, true, true): null

2023-02-08 19:12:08 - [TEST_STEP][PASSED] - setText(findTestObject("RecAndPlayBk/Page-Vlink-Debit/input_Remittance Id"), genRemID): Text '3UwA58InRq2P' is set on object 'Object Repository/RecAndPlayBk/Page-Vlink-Debit/input_Remittance Id'

2023-02-08 19:12:08 - [MESSAGE][PASSED] - Text '3UwA58InRq2P' is set on object 'Object Repository/RecAndPlayBk/Page-Vlink-Debit/input_Remittance Id'

2023-02-08 19:12:08 - [TEST_STEP][PASSED] - setText(findTestObject("RecAndPlayBk/Page-Vlink-Debit/input_Application Id"), appID): Text '234' is set on object 'Object Repository/RecAndPlayBk/Page-Vlink-Debit/input_Application Id'

2023-02-08 19:12:09 - [MESSAGE][PASSED] - Text '234' is set on object 'Object Repository/RecAndPlayBk/Page-Vlink-Debit/input_Application Id'

2023-02-08 19:12:09 - [TEST_STEP][PASSED] - setText(findTestObject("RecAndPlayBk/Page-Vlink-Debit/input_Username"), username): Text 'username' is set on object 'Object Repository/RecAndPlayBk/Page-Vlink-Debit/input_Username'

2023-02-08 19:12:10 - [MESSAGE][PASSED] - Text 'username' is set on object 'Object Repository/RecAndPlayBk/Page-Vlink-Debit/input_Username'

2023-02-08 19:12:10 - [TEST_STEP][PASSED] - setText(findTestObject("RecAndPlayBk/Page-Vlink-Debit/input_Password"), password): Text 'password' is set on object 'Object Repository/RecAndPlayBk/Page-Vlink-Debit/input_Password'

2023-02-08 19:12:10 - [MESSAGE][PASSED] - Text 'password' is set on object 'Object Repository/RecAndPlayBk/Page-Vlink-Debit/input_Password'

2023-02-08 19:12:10 - [TEST_STEP][PASSED] - setText(findTestObject("RecAndPlayBk/Page-Vlink-Debit/input_Check Type"), checkType): Text 'P' is set on object 'Object Repository/RecAndPlayBk/Page-Vlink-Debit/input_Check Type'

2023-02-08 19:12:11 - [MESSAGE][PASSED] - Text 'P' is set on object 'Object Repository/RecAndPlayBk/Page-Vlink-Debit/input_Check Type'

2023-02-08 19:12:11 - [TEST_STEP][PASSED] - setText(findTestObject("RecAndPlayBk/Page-Vlink-Debit/input_Account_check"), acNumber): Text '58963214' is set on object 'Object Repository/RecAndPlayBk/Page-Vlink-Debit/input_Account_check'

2023-02-08 19:12:12 - [MESSAGE][PASSED] - Text '58963214' is set on object 'Object Repository/RecAndPlayBk/Page-Vlink-Debit/input_Account_check'

2023-02-08 19:12:12 - [TEST_STEP][PASSED] - setText(findTestObject("RecAndPlayBk/Page-Vlink-Debit/input_Company_check"), company): Text '' is set on object 'Object Repository/RecAndPlayBk/Page-Vlink-Debit/input_Company_check'

2023-02-08 19:12:12 - [MESSAGE][PASSED] - Text '' is set on object 'Object Repository/RecAndPlayBk/Page-Vlink-Debit/input_Company_check'

2023-02-08 19:12:12 - [TEST_STEP][PASSED] - setText(findTestObject("RecAndPlayBk/Page-Vlink-Debit/input_Account Type"), acType): Text '1' is set on object 'Object Repository/RecAndPlayBk/Page-Vlink-Debit/input_Account Type'

2023-02-08 19:12:13 - [MESSAGE][PASSED] - Text '1' is set on object 'Object Repository/RecAndPlayBk/Page-Vlink-Debit/input_Account Type'

2023-02-08 19:12:13 - [TEST_STEP][PASSED] - setText(findTestObject("RecAndPlayBk/Page-Vlink-Debit/input_Routing Number"), rtn): Text '256072691' is set on object 'Object Repository/RecAndPlayBk/Page-Vlink-Debit/input_Routing Number'

2023-02-08 19:12:13 - [MESSAGE][PASSED] - Text '256072691' is set on object 'Object Repository/RecAndPlayBk/Page-Vlink-Debit/input_Routing Number'

2023-02-08 19:12:13 - [TEST_STEP][PASSED] - setText(findTestObject("RecAndPlayBk/Page-Vlink-Debit/input_Amount"), amount): Text '12.50' is set on object 'Object Repository/RecAndPlayBk/Page-Vlink-Debit/input_Amount'

2023-02-08 19:12:14 - [MESSAGE][PASSED] - Text '12.50' is set on object 'Object Repository/RecAndPlayBk/Page-Vlink-Debit/input_Amount'

2023-02-08 19:12:14 - [TEST_STEP][PASSED] - setText(findTestObject("RecAndPlayBk/Page-Vlink-Debit/input_Check Email"), ""): Text '' is set on object 'Object Repository/RecAndPlayBk/Page-Vlink-Debit/input_Check Email'

2023-02-08 19:12:15 - [MESSAGE][PASSED] - Text '' is set on object 'Object Repository/RecAndPlayBk/Page-Vlink-Debit/input_Check Email'

2023-02-08 19:12:15 - [TEST_STEP][PASSED] - setText(findTestObject("Object Repository/RecAndPlayBk/Page-Vlink-Debit/input_concat(CheckWriter, , s SSN)_check_ssn"), ""): Text '' is set on object 'Object Repository/RecAndPlayBk/Page-Vlink-Debit/input_concat(CheckWriter, , s SSN)_check_ssn'

2023-02-08 19:12:15 - [MESSAGE][PASSED] - Text '' is set on object 'Object Repository/RecAndPlayBk/Page-Vlink-Debit/input_concat(CheckWriter, , s SSN)_check_ssn'

2023-02-08 19:12:15 - [TEST_STEP][PASSED] - setText(findTestObject("Object Repository/RecAndPlayBk/Page-Vlink-Debit/input_concat(CheckWriter, , s License Numbe_020fef"), ""): Text '' is set on object 'Object Repository/RecAndPlayBk/Page-Vlink-Debit/input_concat(CheckWriter, , s License Numbe_020fef'

2023-02-08 19:12:16 - [MESSAGE][PASSED] - Text '' is set on object 'Object Repository/RecAndPlayBk/Page-Vlink-Debit/input_concat(CheckWriter, , s License Numbe_020fef'

2023-02-08 19:12:16 - [TEST_STEP][PASSED] - setText(findTestObject("Object Repository/RecAndPlayBk/Page-Vlink-Debit/input_concat(CheckWriter, , s License State_21e3e7"), ""): Text '' is set on object 'Object Repository/RecAndPlayBk/Page-Vlink-Debit/input_concat(CheckWriter, , s License State_21e3e7'

2023-02-08 19:12:17 - [MESSAGE][PASSED] - Text '' is set on object 'Object Repository/RecAndPlayBk/Page-Vlink-Debit/input_concat(CheckWriter, , s License State_21e3e7'

2023-02-08 19:12:17 - [TEST_STEP][PASSED] - setText(findTestObject("RecAndPlayBk/Page-Vlink-Debit/input_Standard Entry Class"), sec): Text 'WEB' is set on object 'Object Repository/RecAndPlayBk/Page-Vlink-Debit/input_Standard Entry Class'

2023-02-08 19:12:17 - [MESSAGE][PASSED] - Text 'WEB' is set on object 'Object Repository/RecAndPlayBk/Page-Vlink-Debit/input_Standard Entry Class'

2023-02-08 19:12:17 - [TEST_STEP][PASSED] - click(findTestObject("Object Repository/RecAndPlayBk/Page-Vlink-Debit/input")): Object: 'Object Repository/RecAndPlayBk/Page-Vlink-Debit/input' is clicked on

2023-02-08 19:12:18 - [MESSAGE][PASSED] - Object: 'Object Repository/RecAndPlayBk/Page-Vlink-Debit/input' is clicked on

2023-02-08 19:12:18 - [TEST_STEP][PASSED] - if (verifyTextPresent("Transaction approved, no errors", true)): null

2023-02-08 19:12:18 - [MESSAGE][PASSED] - Text 'Transaction approved, no errors' is present on page  using regular expression

2023-02-08 19:12:18 - [TEST_STEP][PASSED] - println("Transaction Approved, no errors text is present on the Confirmation page"): null

2023-02-08 19:12:18 - [TEST_STEP][PASSED] - sdfo = getText(findTestObject("Object Repository/Page_VLinkReceipt/pre_STX")): Text of object 'Object Repository/Page_VLinkReceipt/pre_STX' is: '<STX>3UwA58InRq2P                  12125281            0  Transaction approved, no errors                   0                                                                                                              <ETX>'

2023-02-08 19:12:19 - [MESSAGE][PASSED] - Text of object 'Object Repository/Page_VLinkReceipt/pre_STX' is: '<STX>3UwA58InRq2P                  12125281            0  Transaction approved, no errors                   0                                                                                                              <ETX>'

2023-02-08 19:12:19 - [TEST_STEP][PASSED] - out.println("sdfo: " + sdfo): null

2023-02-08 19:12:19 - [TEST_STEP][PASSED] - remID = substring(5, 35).trim(): null

2023-02-08 19:12:19 - [TEST_STEP][PASSED] - out.println("remID: " + remID): null

2023-02-08 19:12:19 - [TEST_STEP][PASSED] - traxID = substring(35, 55).trim(): null

2023-02-08 19:12:19 - [TEST_STEP][PASSED] - out.println("traxID: " + traxID): null

2023-02-08 19:12:19 - [TEST_STEP][PASSED] - VLinkSaleRemID = remID: null

2023-02-08 19:12:19 - [TEST_STEP][PASSED] - VLinkSaleTranxID = traxID: null

2023-02-08 19:12:19 - [TEST_STEP][PASSED] - openBrowser(VLinkURL + "ACH_credit.html"): Browser is opened with url: 'https://dev-algorithm.govolution.com/vlinktest/QA/version_2_0/ACH_credit.html'

2023-02-08 19:12:19 - [MESSAGE][WARNING] - A browser is already opened. Closing browser and opening a new one

2023-02-08 19:12:19 - [MESSAGE][INFO] - Starting 'Chrome' driver

2023-02-08 19:12:19 - [MESSAGE][INFO] - User set preference: ['acceptInsecureCerts', 'true']

2023-02-08 19:12:19 - [MESSAGE][INFO] - Action delay is set to 0 milliseconds

2023-02-08 19:12:21 - [MESSAGE][PASSED] - Browser is opened with url: 'https://dev-algorithm.govolution.com/vlinktest/QA/version_2_0/ACH_credit.html'

2023-02-08 19:12:21 - [TEST_STEP][PASSED] - maximizeWindow(): Current window maximized

2023-02-08 19:12:21 - [MESSAGE][PASSED] - Current window maximized

2023-02-08 19:12:21 - [TEST_STEP][PASSED] - setText(findTestObject("Object Repository/RecAndPlayBk/Page-Vlink-ACH-Credit/input_Remittance Id"), VLinkSaleRemID): Text '3UwA58InRq2P' is set on object 'Object Repository/RecAndPlayBk/Page-Vlink-ACH-Credit/input_Remittance Id'

2023-02-08 19:12:22 - [MESSAGE][PASSED] - Text '3UwA58InRq2P' is set on object 'Object Repository/RecAndPlayBk/Page-Vlink-ACH-Credit/input_Remittance Id'

2023-02-08 19:12:22 - [TEST_STEP][PASSED] - setText(findTestObject("Object Repository/RecAndPlayBk/Page-Vlink-ACH-Credit/input_Application Id"), appID): Text '234' is set on object 'Object Repository/RecAndPlayBk/Page-Vlink-ACH-Credit/input_Application Id'

2023-02-08 19:12:23 - [MESSAGE][PASSED] - Text '234' is set on object 'Object Repository/RecAndPlayBk/Page-Vlink-ACH-Credit/input_Application Id'

2023-02-08 19:12:23 - [TEST_STEP][PASSED] - setText(findTestObject("Object Repository/RecAndPlayBk/Page-Vlink-ACH-Credit/input_Username"), username): Text 'username' is set on object 'Object Repository/RecAndPlayBk/Page-Vlink-ACH-Credit/input_Username'

2023-02-08 19:12:23 - [MESSAGE][PASSED] - Text 'username' is set on object 'Object Repository/RecAndPlayBk/Page-Vlink-ACH-Credit/input_Username'

2023-02-08 19:12:23 - [TEST_STEP][PASSED] - setText(findTestObject("Object Repository/RecAndPlayBk/Page-Vlink-ACH-Credit/input_Password"), password): Text 'password' is set on object 'Object Repository/RecAndPlayBk/Page-Vlink-ACH-Credit/input_Password'

2023-02-08 19:12:24 - [MESSAGE][PASSED] - Text 'password' is set on object 'Object Repository/RecAndPlayBk/Page-Vlink-ACH-Credit/input_Password'

2023-02-08 19:12:24 - [TEST_STEP][PASSED] - setText(findTestObject("Object Repository/RecAndPlayBk/Page-Vlink-ACH-Credit/input_Check Type"), checkType): Text 'P' is set on object 'Object Repository/RecAndPlayBk/Page-Vlink-ACH-Credit/input_Check Type'

2023-02-08 19:12:25 - [MESSAGE][PASSED] - Text 'P' is set on object 'Object Repository/RecAndPlayBk/Page-Vlink-ACH-Credit/input_Check Type'

2023-02-08 19:12:25 - [TEST_STEP][PASSED] - setText(findTestObject("Object Repository/RecAndPlayBk/Page-Vlink-ACH-Credit/input_Transaction ID"), VLinkSaleTranxID): Text '12125281' is set on object 'Object Repository/RecAndPlayBk/Page-Vlink-ACH-Credit/input_Transaction ID'

2023-02-08 19:12:25 - [MESSAGE][PASSED] - Text '12125281' is set on object 'Object Repository/RecAndPlayBk/Page-Vlink-ACH-Credit/input_Transaction ID'

2023-02-08 19:12:25 - [TEST_STEP][PASSED] - setText(findTestObject("Object Repository/RecAndPlayBk/Page-Vlink-ACH-Credit/input_Amount"), amount): Text '12.50' is set on object 'Object Repository/RecAndPlayBk/Page-Vlink-ACH-Credit/input_Amount'

2023-02-08 19:12:26 - [MESSAGE][PASSED] - Text '12.50' is set on object 'Object Repository/RecAndPlayBk/Page-Vlink-ACH-Credit/input_Amount'

2023-02-08 19:12:26 - [TEST_STEP][PASSED] - setText(findTestObject("Object Repository/RecAndPlayBk/Page-Vlink-ACH-Credit/input_Standard Entry Class"), sec): Text 'WEB' is set on object 'Object Repository/RecAndPlayBk/Page-Vlink-ACH-Credit/input_Standard Entry Class'

2023-02-08 19:12:26 - [MESSAGE][PASSED] - Text 'WEB' is set on object 'Object Repository/RecAndPlayBk/Page-Vlink-ACH-Credit/input_Standard Entry Class'

2023-02-08 19:12:26 - [TEST_STEP][PASSED] - setText(findTestObject("Object Repository/RecAndPlayBk/Page-Vlink-ACH-Credit/input_Account Number"), acNumber): Text '58963214' is set on object 'Object Repository/RecAndPlayBk/Page-Vlink-ACH-Credit/input_Account Number'

2023-02-08 19:12:27 - [MESSAGE][PASSED] - Text '58963214' is set on object 'Object Repository/RecAndPlayBk/Page-Vlink-ACH-Credit/input_Account Number'

2023-02-08 19:12:27 - [TEST_STEP][PASSED] - setText(findTestObject("Object Repository/RecAndPlayBk/Page-Vlink-ACH-Credit/input_Routing Number"), rtn): Text '256072691' is set on object 'Object Repository/RecAndPlayBk/Page-Vlink-ACH-Credit/input_Routing Number'

2023-02-08 19:12:28 - [MESSAGE][PASSED] - Text '256072691' is set on object 'Object Repository/RecAndPlayBk/Page-Vlink-ACH-Credit/input_Routing Number'

2023-02-08 19:12:28 - [TEST_STEP][PASSED] - click(findTestObject("Object Repository/RecAndPlayBk/Page-Vlink-ACH-Credit/input")): Object: 'Object Repository/RecAndPlayBk/Page-Vlink-ACH-Credit/input' is clicked on

2023-02-08 19:12:29 - [MESSAGE][PASSED] - Object: 'Object Repository/RecAndPlayBk/Page-Vlink-ACH-Credit/input' is clicked on

2023-02-08 19:12:29 - [TEST_STEP][PASSED] - if (verifyTextPresent("Transaction approved, no errors", true)): null

2023-02-08 19:12:29 - [MESSAGE][PASSED] - Text 'Transaction approved, no errors' is present on page  using regular expression

2023-02-08 19:12:29 - [TEST_STEP][PASSED] - println("Transaction Approved, no errors text is present on the Confirmation page"): null

2023-02-08 19:12:29 - [TEST_STEP][PASSED] - out.println("Pass Record Number: " + row): null

2023-02-08 19:12:29 - [TEST_STEP][PASSED] - resText = "Pass": null

2023-02-08 19:12:29 - [TEST_STEP][PASSED] - pages.WriteExcel.demoKey(resText, datText, resColumn, datCloumn, fileLoc, nameSheet, row): pages.WriteExcel.demoKey is PASSED

2023-02-08 19:12:29 - [MESSAGE][PASSED] - pages.WriteExcel.demoKey is PASSED

2023-02-08 19:12:29 - [TEST_STEP][PASSED] - ExecuteTC = findTestData(dataFile).getValue("Execute", row): null

2023-02-08 19:12:29 - [TEST_STEP][PASSED] - out.println("Value of Execute is : " + ExecuteTC): null

2023-02-08 19:12:29 - [TEST_STEP][PASSED] - switch (executionProfile): null

2023-02-08 19:12:29 - [TEST_STEP][PASSED] - case "QAProfile":: null

2023-02-08 19:12:29 - [TEST_STEP][PASSED] - appID = findTestData(dataFile).getValue("AppIDQA", row): null

2023-02-08 19:12:29 - [TEST_STEP][PASSED] - username = findTestData(dataFile).getValue("UsernameQA", row): null

2023-02-08 19:12:29 - [TEST_STEP][PASSED] - password = findTestData(dataFile).getValue("PasswordQA", row): null

2023-02-08 19:12:29 - [TEST_STEP][PASSED] - break: null

2023-02-08 19:12:29 - [TEST_STEP][PASSED] - if (ExecuteTC.equalsIgnoreCase("Y")): null

2023-02-08 19:12:29 - [TEST_STEP][PASSED] - out.println("Begin Record Number: " + row): null

2023-02-08 19:12:29 - [TEST_STEP][PASSED] - today = new java.util.Date(): null

2023-02-08 19:12:29 - [TEST_STEP][PASSED] - println(today): null

2023-02-08 19:12:29 - [TEST_STEP][PASSED] - datText = today: null

2023-02-08 19:12:29 - [TEST_STEP][PASSED] - checkType = findTestData(dataFile).getValue("CheckType", row): null

2023-02-08 19:12:29 - [TEST_STEP][PASSED] - acNumber = findTestData(dataFile).getValue("AcNumber", row): null

2023-02-08 19:12:29 - [TEST_STEP][PASSED] - company = findTestData(dataFile).getValue("Company", row): null

2023-02-08 19:12:29 - [TEST_STEP][PASSED] - acType = findTestData(dataFile).getValue("AcType", row): null

2023-02-08 19:12:29 - [TEST_STEP][PASSED] - rtn = findTestData(dataFile).getValue("RTN", row): null

2023-02-08 19:12:30 - [TEST_STEP][PASSED] - amount = findTestData(dataFile).getValue("Amount", row): null

2023-02-08 19:12:30 - [TEST_STEP][PASSED] - sec = findTestData(dataFile).getValue("SEC", row): null

2023-02-08 19:12:30 - [TEST_STEP][PASSED] - openBrowser(VLinkURL + "debit.html"): Browser is opened with url: 'https://dev-algorithm.govolution.com/vlinktest/QA/version_2_0/debit.html'

2023-02-08 19:12:30 - [MESSAGE][WARNING] - A browser is already opened. Closing browser and opening a new one

2023-02-08 19:12:31 - [MESSAGE][INFO] - Starting 'Chrome' driver

2023-02-08 19:12:31 - [MESSAGE][INFO] - User set preference: ['acceptInsecureCerts', 'true']

2023-02-08 19:12:31 - [MESSAGE][INFO] - Action delay is set to 0 milliseconds

2023-02-08 19:12:32 - [MESSAGE][PASSED] - Browser is opened with url: 'https://dev-algorithm.govolution.com/vlinktest/QA/version_2_0/debit.html'

2023-02-08 19:12:32 - [TEST_STEP][PASSED] - maximizeWindow(): Current window maximized

2023-02-08 19:12:33 - [MESSAGE][PASSED] - Current window maximized

2023-02-08 19:12:33 - [TEST_STEP][PASSED] - genRemID = RandomStringUtils.random(12, true, true): null

2023-02-08 19:12:33 - [TEST_STEP][PASSED] - setText(findTestObject("RecAndPlayBk/Page-Vlink-Debit/input_Remittance Id"), genRemID): Text 'RKgexCklRzbI' is set on object 'Object Repository/RecAndPlayBk/Page-Vlink-Debit/input_Remittance Id'

2023-02-08 19:12:33 - [MESSAGE][PASSED] - Text 'RKgexCklRzbI' is set on object 'Object Repository/RecAndPlayBk/Page-Vlink-Debit/input_Remittance Id'

2023-02-08 19:12:33 - [TEST_STEP][PASSED] - setText(findTestObject("RecAndPlayBk/Page-Vlink-Debit/input_Application Id"), appID): Text '234' is set on object 'Object Repository/RecAndPlayBk/Page-Vlink-Debit/input_Application Id'

2023-02-08 19:12:34 - [MESSAGE][PASSED] - Text '234' is set on object 'Object Repository/RecAndPlayBk/Page-Vlink-Debit/input_Application Id'

2023-02-08 19:12:34 - [TEST_STEP][PASSED] - setText(findTestObject("RecAndPlayBk/Page-Vlink-Debit/input_Username"), username): Text 'username' is set on object 'Object Repository/RecAndPlayBk/Page-Vlink-Debit/input_Username'

2023-02-08 19:12:35 - [MESSAGE][PASSED] - Text 'username' is set on object 'Object Repository/RecAndPlayBk/Page-Vlink-Debit/input_Username'

2023-02-08 19:12:35 - [TEST_STEP][PASSED] - setText(findTestObject("RecAndPlayBk/Page-Vlink-Debit/input_Password"), password): Text 'password' is set on object 'Object Repository/RecAndPlayBk/Page-Vlink-Debit/input_Password'

2023-02-08 19:12:35 - [MESSAGE][PASSED] - Text 'password' is set on object 'Object Repository/RecAndPlayBk/Page-Vlink-Debit/input_Password'

2023-02-08 19:12:35 - [TEST_STEP][PASSED] - setText(findTestObject("RecAndPlayBk/Page-Vlink-Debit/input_Check Type"), checkType): Text 'P' is set on object 'Object Repository/RecAndPlayBk/Page-Vlink-Debit/input_Check Type'

2023-02-08 19:12:36 - [MESSAGE][PASSED] - Text 'P' is set on object 'Object Repository/RecAndPlayBk/Page-Vlink-Debit/input_Check Type'

2023-02-08 19:12:36 - [TEST_STEP][PASSED] - setText(findTestObject("RecAndPlayBk/Page-Vlink-Debit/input_Account_check"), acNumber): Text '58963214' is set on object 'Object Repository/RecAndPlayBk/Page-Vlink-Debit/input_Account_check'

2023-02-08 19:12:36 - [MESSAGE][PASSED] - Text '58963214' is set on object 'Object Repository/RecAndPlayBk/Page-Vlink-Debit/input_Account_check'

2023-02-08 19:12:36 - [TEST_STEP][PASSED] - setText(findTestObject("RecAndPlayBk/Page-Vlink-Debit/input_Company_check"), company): Text '' is set on object 'Object Repository/RecAndPlayBk/Page-Vlink-Debit/input_Company_check'

2023-02-08 19:12:37 - [MESSAGE][PASSED] - Text '' is set on object 'Object Repository/RecAndPlayBk/Page-Vlink-Debit/input_Company_check'

2023-02-08 19:12:37 - [TEST_STEP][PASSED] - setText(findTestObject("RecAndPlayBk/Page-Vlink-Debit/input_Account Type"), acType): Text '1' is set on object 'Object Repository/RecAndPlayBk/Page-Vlink-Debit/input_Account Type'

2023-02-08 19:12:38 - [MESSAGE][PASSED] - Text '1' is set on object 'Object Repository/RecAndPlayBk/Page-Vlink-Debit/input_Account Type'

2023-02-08 19:12:38 - [TEST_STEP][PASSED] - setText(findTestObject("RecAndPlayBk/Page-Vlink-Debit/input_Routing Number"), rtn): Text '256072691' is set on object 'Object Repository/RecAndPlayBk/Page-Vlink-Debit/input_Routing Number'

2023-02-08 19:12:38 - [MESSAGE][PASSED] - Text '256072691' is set on object 'Object Repository/RecAndPlayBk/Page-Vlink-Debit/input_Routing Number'

2023-02-08 19:12:38 - [TEST_STEP][PASSED] - setText(findTestObject("RecAndPlayBk/Page-Vlink-Debit/input_Amount"), amount): Text '12.50' is set on object 'Object Repository/RecAndPlayBk/Page-Vlink-Debit/input_Amount'

2023-02-08 19:12:39 - [MESSAGE][PASSED] - Text '12.50' is set on object 'Object Repository/RecAndPlayBk/Page-Vlink-Debit/input_Amount'

2023-02-08 19:12:39 - [TEST_STEP][PASSED] - setText(findTestObject("RecAndPlayBk/Page-Vlink-Debit/input_Check Email"), ""): Text '' is set on object 'Object Repository/RecAndPlayBk/Page-Vlink-Debit/input_Check Email'

2023-02-08 19:12:40 - [MESSAGE][PASSED] - Text '' is set on object 'Object Repository/RecAndPlayBk/Page-Vlink-Debit/input_Check Email'

2023-02-08 19:12:40 - [TEST_STEP][PASSED] - setText(findTestObject("Object Repository/RecAndPlayBk/Page-Vlink-Debit/input_concat(CheckWriter, , s SSN)_check_ssn"), ""): Text '' is set on object 'Object Repository/RecAndPlayBk/Page-Vlink-Debit/input_concat(CheckWriter, , s SSN)_check_ssn'

2023-02-08 19:12:40 - [MESSAGE][PASSED] - Text '' is set on object 'Object Repository/RecAndPlayBk/Page-Vlink-Debit/input_concat(CheckWriter, , s SSN)_check_ssn'

2023-02-08 19:12:40 - [TEST_STEP][PASSED] - setText(findTestObject("Object Repository/RecAndPlayBk/Page-Vlink-Debit/input_concat(CheckWriter, , s License Numbe_020fef"), ""): Text '' is set on object 'Object Repository/RecAndPlayBk/Page-Vlink-Debit/input_concat(CheckWriter, , s License Numbe_020fef'

2023-02-08 19:12:41 - [MESSAGE][PASSED] - Text '' is set on object 'Object Repository/RecAndPlayBk/Page-Vlink-Debit/input_concat(CheckWriter, , s License Numbe_020fef'

2023-02-08 19:12:41 - [TEST_STEP][PASSED] - setText(findTestObject("Object Repository/RecAndPlayBk/Page-Vlink-Debit/input_concat(CheckWriter, , s License State_21e3e7"), ""): Text '' is set on object 'Object Repository/RecAndPlayBk/Page-Vlink-Debit/input_concat(CheckWriter, , s License State_21e3e7'

2023-02-08 19:12:41 - [MESSAGE][PASSED] - Text '' is set on object 'Object Repository/RecAndPlayBk/Page-Vlink-Debit/input_concat(CheckWriter, , s License State_21e3e7'

2023-02-08 19:12:41 - [TEST_STEP][PASSED] - setText(findTestObject("RecAndPlayBk/Page-Vlink-Debit/input_Standard Entry Class"), sec): Text 'TEL' is set on object 'Object Repository/RecAndPlayBk/Page-Vlink-Debit/input_Standard Entry Class'

2023-02-08 19:12:42 - [MESSAGE][PASSED] - Text 'TEL' is set on object 'Object Repository/RecAndPlayBk/Page-Vlink-Debit/input_Standard Entry Class'

2023-02-08 19:12:42 - [TEST_STEP][PASSED] - click(findTestObject("Object Repository/RecAndPlayBk/Page-Vlink-Debit/input")): Object: 'Object Repository/RecAndPlayBk/Page-Vlink-Debit/input' is clicked on

2023-02-08 19:12:43 - [MESSAGE][PASSED] - Object: 'Object Repository/RecAndPlayBk/Page-Vlink-Debit/input' is clicked on

2023-02-08 19:12:43 - [TEST_STEP][PASSED] - if (verifyTextPresent("Transaction approved, no errors", true)): null

2023-02-08 19:12:43 - [MESSAGE][PASSED] - Text 'Transaction approved, no errors' is present on page  using regular expression

2023-02-08 19:12:43 - [TEST_STEP][PASSED] - println("Transaction Approved, no errors text is present on the Confirmation page"): null

2023-02-08 19:12:43 - [TEST_STEP][PASSED] - sdfo = getText(findTestObject("Object Repository/Page_VLinkReceipt/pre_STX")): Text of object 'Object Repository/Page_VLinkReceipt/pre_STX' is: '<STX>RKgexCklRzbI                  12125283            0  Transaction approved, no errors                   0                                                                                                              <ETX>'

2023-02-08 19:12:43 - [MESSAGE][PASSED] - Text of object 'Object Repository/Page_VLinkReceipt/pre_STX' is: '<STX>RKgexCklRzbI                  12125283            0  Transaction approved, no errors                   0                                                                                                              <ETX>'

2023-02-08 19:12:43 - [TEST_STEP][PASSED] - out.println("sdfo: " + sdfo): null

2023-02-08 19:12:43 - [TEST_STEP][PASSED] - remID = substring(5, 35).trim(): null

2023-02-08 19:12:43 - [TEST_STEP][PASSED] - out.println("remID: " + remID): null

2023-02-08 19:12:43 - [TEST_STEP][PASSED] - traxID = substring(35, 55).trim(): null

2023-02-08 19:12:43 - [TEST_STEP][PASSED] - out.println("traxID: " + traxID): null

2023-02-08 19:12:43 - [TEST_STEP][PASSED] - VLinkSaleRemID = remID: null

2023-02-08 19:12:43 - [TEST_STEP][PASSED] - VLinkSaleTranxID = traxID: null

2023-02-08 19:12:43 - [TEST_STEP][PASSED] - openBrowser(VLinkURL + "ACH_credit.html"): Browser is opened with url: 'https://dev-algorithm.govolution.com/vlinktest/QA/version_2_0/ACH_credit.html'

2023-02-08 19:12:43 - [MESSAGE][WARNING] - A browser is already opened. Closing browser and opening a new one

2023-02-08 19:12:44 - [MESSAGE][INFO] - Starting 'Chrome' driver

2023-02-08 19:12:44 - [MESSAGE][INFO] - User set preference: ['acceptInsecureCerts', 'true']

2023-02-08 19:12:44 - [MESSAGE][INFO] - Action delay is set to 0 milliseconds

2023-02-08 19:12:46 - [MESSAGE][PASSED] - Browser is opened with url: 'https://dev-algorithm.govolution.com/vlinktest/QA/version_2_0/ACH_credit.html'

2023-02-08 19:12:46 - [TEST_STEP][PASSED] - maximizeWindow(): Current window maximized

2023-02-08 19:12:46 - [MESSAGE][PASSED] - Current window maximized

2023-02-08 19:12:46 - [TEST_STEP][PASSED] - setText(findTestObject("Object Repository/RecAndPlayBk/Page-Vlink-ACH-Credit/input_Remittance Id"), VLinkSaleRemID): Text 'RKgexCklRzbI' is set on object 'Object Repository/RecAndPlayBk/Page-Vlink-ACH-Credit/input_Remittance Id'

2023-02-08 19:12:47 - [MESSAGE][PASSED] - Text 'RKgexCklRzbI' is set on object 'Object Repository/RecAndPlayBk/Page-Vlink-ACH-Credit/input_Remittance Id'

2023-02-08 19:12:47 - [TEST_STEP][PASSED] - setText(findTestObject("Object Repository/RecAndPlayBk/Page-Vlink-ACH-Credit/input_Application Id"), appID): Text '234' is set on object 'Object Repository/RecAndPlayBk/Page-Vlink-ACH-Credit/input_Application Id'

2023-02-08 19:12:48 - [MESSAGE][PASSED] - Text '234' is set on object 'Object Repository/RecAndPlayBk/Page-Vlink-ACH-Credit/input_Application Id'

2023-02-08 19:12:48 - [TEST_STEP][PASSED] - setText(findTestObject("Object Repository/RecAndPlayBk/Page-Vlink-ACH-Credit/input_Username"), username): Text 'username' is set on object 'Object Repository/RecAndPlayBk/Page-Vlink-ACH-Credit/input_Username'

2023-02-08 19:12:48 - [MESSAGE][PASSED] - Text 'username' is set on object 'Object Repository/RecAndPlayBk/Page-Vlink-ACH-Credit/input_Username'

2023-02-08 19:12:48 - [TEST_STEP][PASSED] - setText(findTestObject("Object Repository/RecAndPlayBk/Page-Vlink-ACH-Credit/input_Password"), password): Text 'password' is set on object 'Object Repository/RecAndPlayBk/Page-Vlink-ACH-Credit/input_Password'

2023-02-08 19:12:49 - [MESSAGE][PASSED] - Text 'password' is set on object 'Object Repository/RecAndPlayBk/Page-Vlink-ACH-Credit/input_Password'

2023-02-08 19:12:49 - [TEST_STEP][PASSED] - setText(findTestObject("Object Repository/RecAndPlayBk/Page-Vlink-ACH-Credit/input_Check Type"), checkType): Text 'P' is set on object 'Object Repository/RecAndPlayBk/Page-Vlink-ACH-Credit/input_Check Type'

2023-02-08 19:12:49 - [MESSAGE][PASSED] - Text 'P' is set on object 'Object Repository/RecAndPlayBk/Page-Vlink-ACH-Credit/input_Check Type'

2023-02-08 19:12:49 - [TEST_STEP][PASSED] - setText(findTestObject("Object Repository/RecAndPlayBk/Page-Vlink-ACH-Credit/input_Transaction ID"), VLinkSaleTranxID): Text '12125283' is set on object 'Object Repository/RecAndPlayBk/Page-Vlink-ACH-Credit/input_Transaction ID'

2023-02-08 19:12:50 - [MESSAGE][PASSED] - Text '12125283' is set on object 'Object Repository/RecAndPlayBk/Page-Vlink-ACH-Credit/input_Transaction ID'

2023-02-08 19:12:50 - [TEST_STEP][PASSED] - setText(findTestObject("Object Repository/RecAndPlayBk/Page-Vlink-ACH-Credit/input_Amount"), amount): Text '12.50' is set on object 'Object Repository/RecAndPlayBk/Page-Vlink-ACH-Credit/input_Amount'

2023-02-08 19:12:51 - [MESSAGE][PASSED] - Text '12.50' is set on object 'Object Repository/RecAndPlayBk/Page-Vlink-ACH-Credit/input_Amount'

2023-02-08 19:12:51 - [TEST_STEP][PASSED] - setText(findTestObject("Object Repository/RecAndPlayBk/Page-Vlink-ACH-Credit/input_Standard Entry Class"), sec): Text 'TEL' is set on object 'Object Repository/RecAndPlayBk/Page-Vlink-ACH-Credit/input_Standard Entry Class'

2023-02-08 19:12:51 - [MESSAGE][PASSED] - Text 'TEL' is set on object 'Object Repository/RecAndPlayBk/Page-Vlink-ACH-Credit/input_Standard Entry Class'

2023-02-08 19:12:51 - [TEST_STEP][PASSED] - setText(findTestObject("Object Repository/RecAndPlayBk/Page-Vlink-ACH-Credit/input_Account Number"), acNumber): Text '58963214' is set on object 'Object Repository/RecAndPlayBk/Page-Vlink-ACH-Credit/input_Account Number'

2023-02-08 19:12:52 - [MESSAGE][PASSED] - Text '58963214' is set on object 'Object Repository/RecAndPlayBk/Page-Vlink-ACH-Credit/input_Account Number'

2023-02-08 19:12:52 - [TEST_STEP][PASSED] - setText(findTestObject("Object Repository/RecAndPlayBk/Page-Vlink-ACH-Credit/input_Routing Number"), rtn): Text '256072691' is set on object 'Object Repository/RecAndPlayBk/Page-Vlink-ACH-Credit/input_Routing Number'

2023-02-08 19:12:52 - [MESSAGE][PASSED] - Text '256072691' is set on object 'Object Repository/RecAndPlayBk/Page-Vlink-ACH-Credit/input_Routing Number'

2023-02-08 19:12:52 - [TEST_STEP][PASSED] - click(findTestObject("Object Repository/RecAndPlayBk/Page-Vlink-ACH-Credit/input")): Object: 'Object Repository/RecAndPlayBk/Page-Vlink-ACH-Credit/input' is clicked on

2023-02-08 19:12:53 - [MESSAGE][PASSED] - Object: 'Object Repository/RecAndPlayBk/Page-Vlink-ACH-Credit/input' is clicked on

2023-02-08 19:12:53 - [TEST_STEP][PASSED] - if (verifyTextPresent("Transaction approved, no errors", true)): null

2023-02-08 19:12:54 - [MESSAGE][PASSED] - Text 'Transaction approved, no errors' is present on page  using regular expression

2023-02-08 19:12:54 - [TEST_STEP][PASSED] - println("Transaction Approved, no errors text is present on the Confirmation page"): null

2023-02-08 19:12:54 - [TEST_STEP][PASSED] - out.println("Pass Record Number: " + row): null

2023-02-08 19:12:54 - [TEST_STEP][PASSED] - resText = "Pass": null

2023-02-08 19:12:54 - [TEST_STEP][PASSED] - pages.WriteExcel.demoKey(resText, datText, resColumn, datCloumn, fileLoc, nameSheet, row): pages.WriteExcel.demoKey is PASSED

2023-02-08 19:12:54 - [MESSAGE][PASSED] - pages.WriteExcel.demoKey is PASSED

2023-02-08 19:12:54 - [TEST_STEP][PASSED] - ExecuteTC = findTestData(dataFile).getValue("Execute", row): null

2023-02-08 19:12:54 - [TEST_STEP][PASSED] - out.println("Value of Execute is : " + ExecuteTC): null

2023-02-08 19:12:54 - [TEST_STEP][PASSED] - switch (executionProfile): null

2023-02-08 19:12:54 - [TEST_STEP][PASSED] - case "QAProfile":: null

2023-02-08 19:12:54 - [TEST_STEP][PASSED] - appID = findTestData(dataFile).getValue("AppIDQA", row): null

2023-02-08 19:12:54 - [TEST_STEP][PASSED] - username = findTestData(dataFile).getValue("UsernameQA", row): null

2023-02-08 19:12:54 - [TEST_STEP][PASSED] - password = findTestData(dataFile).getValue("PasswordQA", row): null

2023-02-08 19:12:54 - [TEST_STEP][PASSED] - break: null

2023-02-08 19:12:54 - [TEST_STEP][PASSED] - if (ExecuteTC.equalsIgnoreCase("Y")): null

2023-02-08 19:12:54 - [TEST_STEP][PASSED] - out.println("Begin Record Number: " + row): null

2023-02-08 19:12:54 - [TEST_STEP][PASSED] - today = new java.util.Date(): null

2023-02-08 19:12:54 - [TEST_STEP][PASSED] - println(today): null

2023-02-08 19:12:54 - [TEST_STEP][PASSED] - datText = today: null

2023-02-08 19:12:54 - [TEST_STEP][PASSED] - checkType = findTestData(dataFile).getValue("CheckType", row): null

2023-02-08 19:12:54 - [TEST_STEP][PASSED] - acNumber = findTestData(dataFile).getValue("AcNumber", row): null

2023-02-08 19:12:54 - [TEST_STEP][PASSED] - company = findTestData(dataFile).getValue("Company", row): null

2023-02-08 19:12:54 - [TEST_STEP][PASSED] - acType = findTestData(dataFile).getValue("AcType", row): null

2023-02-08 19:12:54 - [TEST_STEP][PASSED] - rtn = findTestData(dataFile).getValue("RTN", row): null

2023-02-08 19:12:54 - [TEST_STEP][PASSED] - amount = findTestData(dataFile).getValue("Amount", row): null

2023-02-08 19:12:54 - [TEST_STEP][PASSED] - sec = findTestData(dataFile).getValue("SEC", row): null

2023-02-08 19:12:54 - [TEST_STEP][PASSED] - openBrowser(VLinkURL + "debit.html"): Browser is opened with url: 'https://dev-algorithm.govolution.com/vlinktest/QA/version_2_0/debit.html'

2023-02-08 19:12:54 - [MESSAGE][WARNING] - A browser is already opened. Closing browser and opening a new one

2023-02-08 19:12:55 - [MESSAGE][INFO] - Starting 'Chrome' driver

2023-02-08 19:12:55 - [MESSAGE][INFO] - User set preference: ['acceptInsecureCerts', 'true']

2023-02-08 19:12:55 - [MESSAGE][INFO] - Action delay is set to 0 milliseconds

2023-02-08 19:12:57 - [MESSAGE][PASSED] - Browser is opened with url: 'https://dev-algorithm.govolution.com/vlinktest/QA/version_2_0/debit.html'

2023-02-08 19:12:57 - [TEST_STEP][PASSED] - maximizeWindow(): Current window maximized

2023-02-08 19:12:57 - [MESSAGE][PASSED] - Current window maximized

2023-02-08 19:12:57 - [TEST_STEP][PASSED] - genRemID = RandomStringUtils.random(12, true, true): null

2023-02-08 19:12:57 - [TEST_STEP][PASSED] - setText(findTestObject("RecAndPlayBk/Page-Vlink-Debit/input_Remittance Id"), genRemID): Text 'DcHL1vFbSvkB' is set on object 'Object Repository/RecAndPlayBk/Page-Vlink-Debit/input_Remittance Id'

2023-02-08 19:12:58 - [MESSAGE][PASSED] - Text 'DcHL1vFbSvkB' is set on object 'Object Repository/RecAndPlayBk/Page-Vlink-Debit/input_Remittance Id'

2023-02-08 19:12:58 - [TEST_STEP][PASSED] - setText(findTestObject("RecAndPlayBk/Page-Vlink-Debit/input_Application Id"), appID): Text '234' is set on object 'Object Repository/RecAndPlayBk/Page-Vlink-Debit/input_Application Id'

2023-02-08 19:12:59 - [MESSAGE][PASSED] - Text '234' is set on object 'Object Repository/RecAndPlayBk/Page-Vlink-Debit/input_Application Id'

2023-02-08 19:12:59 - [TEST_STEP][PASSED] - setText(findTestObject("RecAndPlayBk/Page-Vlink-Debit/input_Username"), username): Text 'username' is set on object 'Object Repository/RecAndPlayBk/Page-Vlink-Debit/input_Username'

2023-02-08 19:12:59 - [MESSAGE][PASSED] - Text 'username' is set on object 'Object Repository/RecAndPlayBk/Page-Vlink-Debit/input_Username'

2023-02-08 19:12:59 - [TEST_STEP][PASSED] - setText(findTestObject("RecAndPlayBk/Page-Vlink-Debit/input_Password"), password): Text 'password' is set on object 'Object Repository/RecAndPlayBk/Page-Vlink-Debit/input_Password'

2023-02-08 19:13:00 - [MESSAGE][PASSED] - Text 'password' is set on object 'Object Repository/RecAndPlayBk/Page-Vlink-Debit/input_Password'

2023-02-08 19:13:00 - [TEST_STEP][PASSED] - setText(findTestObject("RecAndPlayBk/Page-Vlink-Debit/input_Check Type"), checkType): Text 'P' is set on object 'Object Repository/RecAndPlayBk/Page-Vlink-Debit/input_Check Type'

2023-02-08 19:13:00 - [MESSAGE][PASSED] - Text 'P' is set on object 'Object Repository/RecAndPlayBk/Page-Vlink-Debit/input_Check Type'

2023-02-08 19:13:00 - [TEST_STEP][PASSED] - setText(findTestObject("RecAndPlayBk/Page-Vlink-Debit/input_Account_check"), acNumber): Text '58963214' is set on object 'Object Repository/RecAndPlayBk/Page-Vlink-Debit/input_Account_check'

2023-02-08 19:13:01 - [MESSAGE][PASSED] - Text '58963214' is set on object 'Object Repository/RecAndPlayBk/Page-Vlink-Debit/input_Account_check'

2023-02-08 19:13:01 - [TEST_STEP][PASSED] - setText(findTestObject("RecAndPlayBk/Page-Vlink-Debit/input_Company_check"), company): Text '' is set on object 'Object Repository/RecAndPlayBk/Page-Vlink-Debit/input_Company_check'

2023-02-08 19:13:02 - [MESSAGE][PASSED] - Text '' is set on object 'Object Repository/RecAndPlayBk/Page-Vlink-Debit/input_Company_check'

2023-02-08 19:13:02 - [TEST_STEP][PASSED] - setText(findTestObject("RecAndPlayBk/Page-Vlink-Debit/input_Account Type"), acType): Text '1' is set on object 'Object Repository/RecAndPlayBk/Page-Vlink-Debit/input_Account Type'

2023-02-08 19:13:02 - [MESSAGE][PASSED] - Text '1' is set on object 'Object Repository/RecAndPlayBk/Page-Vlink-Debit/input_Account Type'

2023-02-08 19:13:02 - [TEST_STEP][PASSED] - setText(findTestObject("RecAndPlayBk/Page-Vlink-Debit/input_Routing Number"), rtn): Text '256072691' is set on object 'Object Repository/RecAndPlayBk/Page-Vlink-Debit/input_Routing Number'

2023-02-08 19:13:03 - [MESSAGE][PASSED] - Text '256072691' is set on object 'Object Repository/RecAndPlayBk/Page-Vlink-Debit/input_Routing Number'

2023-02-08 19:13:03 - [TEST_STEP][PASSED] - setText(findTestObject("RecAndPlayBk/Page-Vlink-Debit/input_Amount"), amount): Text '12.50' is set on object 'Object Repository/RecAndPlayBk/Page-Vlink-Debit/input_Amount'

2023-02-08 19:13:04 - [MESSAGE][PASSED] - Text '12.50' is set on object 'Object Repository/RecAndPlayBk/Page-Vlink-Debit/input_Amount'

2023-02-08 19:13:04 - [TEST_STEP][PASSED] - setText(findTestObject("RecAndPlayBk/Page-Vlink-Debit/input_Check Email"), ""): Text '' is set on object 'Object Repository/RecAndPlayBk/Page-Vlink-Debit/input_Check Email'

2023-02-08 19:13:04 - [MESSAGE][PASSED] - Text '' is set on object 'Object Repository/RecAndPlayBk/Page-Vlink-Debit/input_Check Email'

2023-02-08 19:13:04 - [TEST_STEP][PASSED] - setText(findTestObject("Object Repository/RecAndPlayBk/Page-Vlink-Debit/input_concat(CheckWriter, , s SSN)_check_ssn"), ""): Text '' is set on object 'Object Repository/RecAndPlayBk/Page-Vlink-Debit/input_concat(CheckWriter, , s SSN)_check_ssn'

2023-02-08 19:13:05 - [MESSAGE][PASSED] - Text '' is set on object 'Object Repository/RecAndPlayBk/Page-Vlink-Debit/input_concat(CheckWriter, , s SSN)_check_ssn'

2023-02-08 19:13:05 - [TEST_STEP][PASSED] - setText(findTestObject("Object Repository/RecAndPlayBk/Page-Vlink-Debit/input_concat(CheckWriter, , s License Numbe_020fef"), ""): Text '' is set on object 'Object Repository/RecAndPlayBk/Page-Vlink-Debit/input_concat(CheckWriter, , s License Numbe_020fef'

2023-02-08 19:13:05 - [MESSAGE][PASSED] - Text '' is set on object 'Object Repository/RecAndPlayBk/Page-Vlink-Debit/input_concat(CheckWriter, , s License Numbe_020fef'

2023-02-08 19:13:05 - [TEST_STEP][PASSED] - setText(findTestObject("Object Repository/RecAndPlayBk/Page-Vlink-Debit/input_concat(CheckWriter, , s License State_21e3e7"), ""): Text '' is set on object 'Object Repository/RecAndPlayBk/Page-Vlink-Debit/input_concat(CheckWriter, , s License State_21e3e7'

2023-02-08 19:13:06 - [MESSAGE][PASSED] - Text '' is set on object 'Object Repository/RecAndPlayBk/Page-Vlink-Debit/input_concat(CheckWriter, , s License State_21e3e7'

2023-02-08 19:13:06 - [TEST_STEP][PASSED] - setText(findTestObject("RecAndPlayBk/Page-Vlink-Debit/input_Standard Entry Class"), sec): Text 'PPD' is set on object 'Object Repository/RecAndPlayBk/Page-Vlink-Debit/input_Standard Entry Class'

2023-02-08 19:13:07 - [MESSAGE][PASSED] - Text 'PPD' is set on object 'Object Repository/RecAndPlayBk/Page-Vlink-Debit/input_Standard Entry Class'

2023-02-08 19:13:07 - [TEST_STEP][PASSED] - click(findTestObject("Object Repository/RecAndPlayBk/Page-Vlink-Debit/input")): Object: 'Object Repository/RecAndPlayBk/Page-Vlink-Debit/input' is clicked on

2023-02-08 19:13:07 - [MESSAGE][PASSED] - Object: 'Object Repository/RecAndPlayBk/Page-Vlink-Debit/input' is clicked on

2023-02-08 19:13:07 - [TEST_STEP][PASSED] - if (verifyTextPresent("Transaction approved, no errors", true)): null

2023-02-08 19:13:08 - [MESSAGE][PASSED] - Text 'Transaction approved, no errors' is present on page  using regular expression

2023-02-08 19:13:08 - [TEST_STEP][PASSED] - println("Transaction Approved, no errors text is present on the Confirmation page"): null

2023-02-08 19:13:08 - [TEST_STEP][PASSED] - sdfo = getText(findTestObject("Object Repository/Page_VLinkReceipt/pre_STX")): Text of object 'Object Repository/Page_VLinkReceipt/pre_STX' is: '<STX>DcHL1vFbSvkB                  12125285            0  Transaction approved, no errors                   0                                                                                                              <ETX>'

2023-02-08 19:13:08 - [MESSAGE][PASSED] - Text of object 'Object Repository/Page_VLinkReceipt/pre_STX' is: '<STX>DcHL1vFbSvkB                  12125285            0  Transaction approved, no errors                   0                                                                                                              <ETX>'

2023-02-08 19:13:08 - [TEST_STEP][PASSED] - out.println("sdfo: " + sdfo): null

2023-02-08 19:13:08 - [TEST_STEP][PASSED] - remID = substring(5, 35).trim(): null

2023-02-08 19:13:08 - [TEST_STEP][PASSED] - out.println("remID: " + remID): null

2023-02-08 19:13:08 - [TEST_STEP][PASSED] - traxID = substring(35, 55).trim(): null

2023-02-08 19:13:08 - [TEST_STEP][PASSED] - out.println("traxID: " + traxID): null

2023-02-08 19:13:08 - [TEST_STEP][PASSED] - VLinkSaleRemID = remID: null

2023-02-08 19:13:08 - [TEST_STEP][PASSED] - VLinkSaleTranxID = traxID: null

2023-02-08 19:13:08 - [TEST_STEP][PASSED] - openBrowser(VLinkURL + "ACH_credit.html"): Browser is opened with url: 'https://dev-algorithm.govolution.com/vlinktest/QA/version_2_0/ACH_credit.html'

2023-02-08 19:13:08 - [MESSAGE][WARNING] - A browser is already opened. Closing browser and opening a new one

2023-02-08 19:13:09 - [MESSAGE][INFO] - Starting 'Chrome' driver

2023-02-08 19:13:09 - [MESSAGE][INFO] - User set preference: ['acceptInsecureCerts', 'true']

2023-02-08 19:13:09 - [MESSAGE][INFO] - Action delay is set to 0 milliseconds

2023-02-08 19:13:11 - [MESSAGE][PASSED] - Browser is opened with url: 'https://dev-algorithm.govolution.com/vlinktest/QA/version_2_0/ACH_credit.html'

2023-02-08 19:13:11 - [TEST_STEP][PASSED] - maximizeWindow(): Current window maximized

2023-02-08 19:13:11 - [MESSAGE][PASSED] - Current window maximized

2023-02-08 19:13:11 - [TEST_STEP][PASSED] - setText(findTestObject("Object Repository/RecAndPlayBk/Page-Vlink-ACH-Credit/input_Remittance Id"), VLinkSaleRemID): Text 'DcHL1vFbSvkB' is set on object 'Object Repository/RecAndPlayBk/Page-Vlink-ACH-Credit/input_Remittance Id'

2023-02-08 19:13:11 - [MESSAGE][PASSED] - Text 'DcHL1vFbSvkB' is set on object 'Object Repository/RecAndPlayBk/Page-Vlink-ACH-Credit/input_Remittance Id'

2023-02-08 19:13:11 - [TEST_STEP][PASSED] - setText(findTestObject("Object Repository/RecAndPlayBk/Page-Vlink-ACH-Credit/input_Application Id"), appID): Text '234' is set on object 'Object Repository/RecAndPlayBk/Page-Vlink-ACH-Credit/input_Application Id'

2023-02-08 19:13:12 - [MESSAGE][PASSED] - Text '234' is set on object 'Object Repository/RecAndPlayBk/Page-Vlink-ACH-Credit/input_Application Id'

2023-02-08 19:13:12 - [TEST_STEP][PASSED] - setText(findTestObject("Object Repository/RecAndPlayBk/Page-Vlink-ACH-Credit/input_Username"), username): Text 'username' is set on object 'Object Repository/RecAndPlayBk/Page-Vlink-ACH-Credit/input_Username'

2023-02-08 19:13:13 - [MESSAGE][PASSED] - Text 'username' is set on object 'Object Repository/RecAndPlayBk/Page-Vlink-ACH-Credit/input_Username'

2023-02-08 19:13:13 - [TEST_STEP][PASSED] - setText(findTestObject("Object Repository/RecAndPlayBk/Page-Vlink-ACH-Credit/input_Password"), password): Text 'password' is set on object 'Object Repository/RecAndPlayBk/Page-Vlink-ACH-Credit/input_Password'

2023-02-08 19:13:13 - [MESSAGE][PASSED] - Text 'password' is set on object 'Object Repository/RecAndPlayBk/Page-Vlink-ACH-Credit/input_Password'

2023-02-08 19:13:13 - [TEST_STEP][PASSED] - setText(findTestObject("Object Repository/RecAndPlayBk/Page-Vlink-ACH-Credit/input_Check Type"), checkType): Text 'P' is set on object 'Object Repository/RecAndPlayBk/Page-Vlink-ACH-Credit/input_Check Type'

2023-02-08 19:13:14 - [MESSAGE][PASSED] - Text 'P' is set on object 'Object Repository/RecAndPlayBk/Page-Vlink-ACH-Credit/input_Check Type'

2023-02-08 19:13:14 - [TEST_STEP][PASSED] - setText(findTestObject("Object Repository/RecAndPlayBk/Page-Vlink-ACH-Credit/input_Transaction ID"), VLinkSaleTranxID): Text '12125285' is set on object 'Object Repository/RecAndPlayBk/Page-Vlink-ACH-Credit/input_Transaction ID'

2023-02-08 19:13:15 - [MESSAGE][PASSED] - Text '12125285' is set on object 'Object Repository/RecAndPlayBk/Page-Vlink-ACH-Credit/input_Transaction ID'

2023-02-08 19:13:15 - [TEST_STEP][PASSED] - setText(findTestObject("Object Repository/RecAndPlayBk/Page-Vlink-ACH-Credit/input_Amount"), amount): Text '12.50' is set on object 'Object Repository/RecAndPlayBk/Page-Vlink-ACH-Credit/input_Amount'

2023-02-08 19:13:15 - [MESSAGE][PASSED] - Text '12.50' is set on object 'Object Repository/RecAndPlayBk/Page-Vlink-ACH-Credit/input_Amount'

2023-02-08 19:13:15 - [TEST_STEP][PASSED] - setText(findTestObject("Object Repository/RecAndPlayBk/Page-Vlink-ACH-Credit/input_Standard Entry Class"), sec): Text 'PPD' is set on object 'Object Repository/RecAndPlayBk/Page-Vlink-ACH-Credit/input_Standard Entry Class'

2023-02-08 19:13:16 - [MESSAGE][PASSED] - Text 'PPD' is set on object 'Object Repository/RecAndPlayBk/Page-Vlink-ACH-Credit/input_Standard Entry Class'

2023-02-08 19:13:16 - [TEST_STEP][PASSED] - setText(findTestObject("Object Repository/RecAndPlayBk/Page-Vlink-ACH-Credit/input_Account Number"), acNumber): Text '58963214' is set on object 'Object Repository/RecAndPlayBk/Page-Vlink-ACH-Credit/input_Account Number'

2023-02-08 19:13:16 - [MESSAGE][PASSED] - Text '58963214' is set on object 'Object Repository/RecAndPlayBk/Page-Vlink-ACH-Credit/input_Account Number'

2023-02-08 19:13:16 - [TEST_STEP][PASSED] - setText(findTestObject("Object Repository/RecAndPlayBk/Page-Vlink-ACH-Credit/input_Routing Number"), rtn): Text '256072691' is set on object 'Object Repository/RecAndPlayBk/Page-Vlink-ACH-Credit/input_Routing Number'

2023-02-08 19:13:17 - [MESSAGE][PASSED] - Text '256072691' is set on object 'Object Repository/RecAndPlayBk/Page-Vlink-ACH-Credit/input_Routing Number'

2023-02-08 19:13:17 - [TEST_STEP][PASSED] - click(findTestObject("Object Repository/RecAndPlayBk/Page-Vlink-ACH-Credit/input")): Object: 'Object Repository/RecAndPlayBk/Page-Vlink-ACH-Credit/input' is clicked on

2023-02-08 19:13:18 - [MESSAGE][PASSED] - Object: 'Object Repository/RecAndPlayBk/Page-Vlink-ACH-Credit/input' is clicked on

2023-02-08 19:13:18 - [TEST_STEP][PASSED] - if (verifyTextPresent("Transaction approved, no errors", true)): null

2023-02-08 19:13:18 - [MESSAGE][PASSED] - Text 'Transaction approved, no errors' is present on page  using regular expression

2023-02-08 19:13:18 - [TEST_STEP][PASSED] - println("Transaction Approved, no errors text is present on the Confirmation page"): null

2023-02-08 19:13:18 - [TEST_STEP][PASSED] - out.println("Pass Record Number: " + row): null

2023-02-08 19:13:18 - [TEST_STEP][PASSED] - resText = "Pass": null

2023-02-08 19:13:18 - [TEST_STEP][PASSED] - pages.WriteExcel.demoKey(resText, datText, resColumn, datCloumn, fileLoc, nameSheet, row): pages.WriteExcel.demoKey is PASSED

2023-02-08 19:13:18 - [MESSAGE][PASSED] - pages.WriteExcel.demoKey is PASSED

2023-02-08 19:13:18 - [TEST_STEP][PASSED] - ExecuteTC = findTestData(dataFile).getValue("Execute", row): null

2023-02-08 19:13:18 - [TEST_STEP][PASSED] - out.println("Value of Execute is : " + ExecuteTC): null

2023-02-08 19:13:18 - [TEST_STEP][PASSED] - switch (executionProfile): null

2023-02-08 19:13:18 - [TEST_STEP][PASSED] - case "QAProfile":: null

2023-02-08 19:13:18 - [TEST_STEP][PASSED] - appID = findTestData(dataFile).getValue("AppIDQA", row): null

2023-02-08 19:13:18 - [TEST_STEP][PASSED] - username = findTestData(dataFile).getValue("UsernameQA", row): null

2023-02-08 19:13:18 - [TEST_STEP][PASSED] - password = findTestData(dataFile).getValue("PasswordQA", row): null

2023-02-08 19:13:18 - [TEST_STEP][PASSED] - break: null

2023-02-08 19:13:18 - [TEST_STEP][PASSED] - if (ExecuteTC.equalsIgnoreCase("Y")): null

2023-02-08 19:13:18 - [TEST_STEP][PASSED] - out.println("Begin Record Number: " + row): null

2023-02-08 19:13:18 - [TEST_STEP][PASSED] - today = new java.util.Date(): null

2023-02-08 19:13:18 - [TEST_STEP][PASSED] - println(today): null

2023-02-08 19:13:18 - [TEST_STEP][PASSED] - datText = today: null

2023-02-08 19:13:18 - [TEST_STEP][PASSED] - checkType = findTestData(dataFile).getValue("CheckType", row): null

2023-02-08 19:13:18 - [TEST_STEP][PASSED] - acNumber = findTestData(dataFile).getValue("AcNumber", row): null

2023-02-08 19:13:19 - [TEST_STEP][PASSED] - company = findTestData(dataFile).getValue("Company", row): null

2023-02-08 19:13:19 - [TEST_STEP][PASSED] - acType = findTestData(dataFile).getValue("AcType", row): null

2023-02-08 19:13:19 - [TEST_STEP][PASSED] - rtn = findTestData(dataFile).getValue("RTN", row): null

2023-02-08 19:13:19 - [TEST_STEP][PASSED] - amount = findTestData(dataFile).getValue("Amount", row): null

2023-02-08 19:13:19 - [TEST_STEP][PASSED] - sec = findTestData(dataFile).getValue("SEC", row): null

2023-02-08 19:13:19 - [TEST_STEP][PASSED] - openBrowser(VLinkURL + "debit.html"): Browser is opened with url: 'https://dev-algorithm.govolution.com/vlinktest/QA/version_2_0/debit.html'

2023-02-08 19:13:19 - [MESSAGE][WARNING] - A browser is already opened. Closing browser and opening a new one

2023-02-08 19:13:20 - [MESSAGE][INFO] - Starting 'Chrome' driver

2023-02-08 19:13:20 - [MESSAGE][INFO] - User set preference: ['acceptInsecureCerts', 'true']

2023-02-08 19:13:20 - [MESSAGE][INFO] - Action delay is set to 0 milliseconds

2023-02-08 19:13:22 - [MESSAGE][PASSED] - Browser is opened with url: 'https://dev-algorithm.govolution.com/vlinktest/QA/version_2_0/debit.html'

2023-02-08 19:13:22 - [TEST_STEP][PASSED] - maximizeWindow(): Current window maximized

2023-02-08 19:13:22 - [MESSAGE][PASSED] - Current window maximized

2023-02-08 19:13:22 - [TEST_STEP][PASSED] - genRemID = RandomStringUtils.random(12, true, true): null

2023-02-08 19:13:22 - [TEST_STEP][PASSED] - setText(findTestObject("RecAndPlayBk/Page-Vlink-Debit/input_Remittance Id"), genRemID): Text 'ip9DXvbEgzo6' is set on object 'Object Repository/RecAndPlayBk/Page-Vlink-Debit/input_Remittance Id'

2023-02-08 19:13:22 - [MESSAGE][PASSED] - Text 'ip9DXvbEgzo6' is set on object 'Object Repository/RecAndPlayBk/Page-Vlink-Debit/input_Remittance Id'

2023-02-08 19:13:22 - [TEST_STEP][PASSED] - setText(findTestObject("RecAndPlayBk/Page-Vlink-Debit/input_Application Id"), appID): Text '234' is set on object 'Object Repository/RecAndPlayBk/Page-Vlink-Debit/input_Application Id'

2023-02-08 19:13:23 - [MESSAGE][PASSED] - Text '234' is set on object 'Object Repository/RecAndPlayBk/Page-Vlink-Debit/input_Application Id'

2023-02-08 19:13:23 - [TEST_STEP][PASSED] - setText(findTestObject("RecAndPlayBk/Page-Vlink-Debit/input_Username"), username): Text 'username' is set on object 'Object Repository/RecAndPlayBk/Page-Vlink-Debit/input_Username'

2023-02-08 19:13:24 - [MESSAGE][PASSED] - Text 'username' is set on object 'Object Repository/RecAndPlayBk/Page-Vlink-Debit/input_Username'

2023-02-08 19:13:24 - [TEST_STEP][PASSED] - setText(findTestObject("RecAndPlayBk/Page-Vlink-Debit/input_Password"), password): Text 'password' is set on object 'Object Repository/RecAndPlayBk/Page-Vlink-Debit/input_Password'

2023-02-08 19:13:24 - [MESSAGE][PASSED] - Text 'password' is set on object 'Object Repository/RecAndPlayBk/Page-Vlink-Debit/input_Password'

2023-02-08 19:13:24 - [TEST_STEP][PASSED] - setText(findTestObject("RecAndPlayBk/Page-Vlink-Debit/input_Check Type"), checkType): Text 'P' is set on object 'Object Repository/RecAndPlayBk/Page-Vlink-Debit/input_Check Type'

2023-02-08 19:13:25 - [MESSAGE][PASSED] - Text 'P' is set on object 'Object Repository/RecAndPlayBk/Page-Vlink-Debit/input_Check Type'

2023-02-08 19:13:25 - [TEST_STEP][PASSED] - setText(findTestObject("RecAndPlayBk/Page-Vlink-Debit/input_Account_check"), acNumber): Text '58963214' is set on object 'Object Repository/RecAndPlayBk/Page-Vlink-Debit/input_Account_check'

2023-02-08 19:13:26 - [MESSAGE][PASSED] - Text '58963214' is set on object 'Object Repository/RecAndPlayBk/Page-Vlink-Debit/input_Account_check'

2023-02-08 19:13:26 - [TEST_STEP][PASSED] - setText(findTestObject("RecAndPlayBk/Page-Vlink-Debit/input_Company_check"), company): Text '' is set on object 'Object Repository/RecAndPlayBk/Page-Vlink-Debit/input_Company_check'

2023-02-08 19:13:26 - [MESSAGE][PASSED] - Text '' is set on object 'Object Repository/RecAndPlayBk/Page-Vlink-Debit/input_Company_check'

2023-02-08 19:13:26 - [TEST_STEP][PASSED] - setText(findTestObject("RecAndPlayBk/Page-Vlink-Debit/input_Account Type"), acType): Text '2' is set on object 'Object Repository/RecAndPlayBk/Page-Vlink-Debit/input_Account Type'

2023-02-08 19:13:27 - [MESSAGE][PASSED] - Text '2' is set on object 'Object Repository/RecAndPlayBk/Page-Vlink-Debit/input_Account Type'

2023-02-08 19:13:27 - [TEST_STEP][PASSED] - setText(findTestObject("RecAndPlayBk/Page-Vlink-Debit/input_Routing Number"), rtn): Text '256072691' is set on object 'Object Repository/RecAndPlayBk/Page-Vlink-Debit/input_Routing Number'

2023-02-08 19:13:27 - [MESSAGE][PASSED] - Text '256072691' is set on object 'Object Repository/RecAndPlayBk/Page-Vlink-Debit/input_Routing Number'

2023-02-08 19:13:27 - [TEST_STEP][PASSED] - setText(findTestObject("RecAndPlayBk/Page-Vlink-Debit/input_Amount"), amount): Text '12.50' is set on object 'Object Repository/RecAndPlayBk/Page-Vlink-Debit/input_Amount'

2023-02-08 19:13:28 - [MESSAGE][PASSED] - Text '12.50' is set on object 'Object Repository/RecAndPlayBk/Page-Vlink-Debit/input_Amount'

2023-02-08 19:13:28 - [TEST_STEP][PASSED] - setText(findTestObject("RecAndPlayBk/Page-Vlink-Debit/input_Check Email"), ""): Text '' is set on object 'Object Repository/RecAndPlayBk/Page-Vlink-Debit/input_Check Email'

2023-02-08 19:13:29 - [MESSAGE][PASSED] - Text '' is set on object 'Object Repository/RecAndPlayBk/Page-Vlink-Debit/input_Check Email'

2023-02-08 19:13:29 - [TEST_STEP][PASSED] - setText(findTestObject("Object Repository/RecAndPlayBk/Page-Vlink-Debit/input_concat(CheckWriter, , s SSN)_check_ssn"), ""): Text '' is set on object 'Object Repository/RecAndPlayBk/Page-Vlink-Debit/input_concat(CheckWriter, , s SSN)_check_ssn'

2023-02-08 19:13:29 - [MESSAGE][PASSED] - Text '' is set on object 'Object Repository/RecAndPlayBk/Page-Vlink-Debit/input_concat(CheckWriter, , s SSN)_check_ssn'

2023-02-08 19:13:29 - [TEST_STEP][PASSED] - setText(findTestObject("Object Repository/RecAndPlayBk/Page-Vlink-Debit/input_concat(CheckWriter, , s License Numbe_020fef"), ""): Text '' is set on object 'Object Repository/RecAndPlayBk/Page-Vlink-Debit/input_concat(CheckWriter, , s License Numbe_020fef'

2023-02-08 19:13:30 - [MESSAGE][PASSED] - Text '' is set on object 'Object Repository/RecAndPlayBk/Page-Vlink-Debit/input_concat(CheckWriter, , s License Numbe_020fef'

2023-02-08 19:13:30 - [TEST_STEP][PASSED] - setText(findTestObject("Object Repository/RecAndPlayBk/Page-Vlink-Debit/input_concat(CheckWriter, , s License State_21e3e7"), ""): Text '' is set on object 'Object Repository/RecAndPlayBk/Page-Vlink-Debit/input_concat(CheckWriter, , s License State_21e3e7'

2023-02-08 19:13:31 - [MESSAGE][PASSED] - Text '' is set on object 'Object Repository/RecAndPlayBk/Page-Vlink-Debit/input_concat(CheckWriter, , s License State_21e3e7'

2023-02-08 19:13:31 - [TEST_STEP][PASSED] - setText(findTestObject("RecAndPlayBk/Page-Vlink-Debit/input_Standard Entry Class"), sec): Text 'WEB' is set on object 'Object Repository/RecAndPlayBk/Page-Vlink-Debit/input_Standard Entry Class'

2023-02-08 19:13:31 - [MESSAGE][PASSED] - Text 'WEB' is set on object 'Object Repository/RecAndPlayBk/Page-Vlink-Debit/input_Standard Entry Class'

2023-02-08 19:13:31 - [TEST_STEP][PASSED] - click(findTestObject("Object Repository/RecAndPlayBk/Page-Vlink-Debit/input")): Object: 'Object Repository/RecAndPlayBk/Page-Vlink-Debit/input' is clicked on

2023-02-08 19:13:32 - [MESSAGE][PASSED] - Object: 'Object Repository/RecAndPlayBk/Page-Vlink-Debit/input' is clicked on

2023-02-08 19:13:32 - [TEST_STEP][PASSED] - if (verifyTextPresent("Transaction approved, no errors", true)): null

2023-02-08 19:13:32 - [MESSAGE][PASSED] - Text 'Transaction approved, no errors' is present on page  using regular expression

2023-02-08 19:13:32 - [TEST_STEP][PASSED] - println("Transaction Approved, no errors text is present on the Confirmation page"): null

2023-02-08 19:13:32 - [TEST_STEP][PASSED] - sdfo = getText(findTestObject("Object Repository/Page_VLinkReceipt/pre_STX")): Text of object 'Object Repository/Page_VLinkReceipt/pre_STX' is: '<STX>ip9DXvbEgzo6                  12125287            0  Transaction approved, no errors                   0                                                                                                              <ETX>'

2023-02-08 19:13:33 - [MESSAGE][PASSED] - Text of object 'Object Repository/Page_VLinkReceipt/pre_STX' is: '<STX>ip9DXvbEgzo6                  12125287            0  Transaction approved, no errors                   0                                                                                                              <ETX>'

2023-02-08 19:13:33 - [TEST_STEP][PASSED] - out.println("sdfo: " + sdfo): null

2023-02-08 19:13:33 - [TEST_STEP][PASSED] - remID = substring(5, 35).trim(): null

2023-02-08 19:13:33 - [TEST_STEP][PASSED] - out.println("remID: " + remID): null

2023-02-08 19:13:33 - [TEST_STEP][PASSED] - traxID = substring(35, 55).trim(): null

2023-02-08 19:13:33 - [TEST_STEP][PASSED] - out.println("traxID: " + traxID): null

2023-02-08 19:13:33 - [TEST_STEP][PASSED] - VLinkSaleRemID = remID: null

2023-02-08 19:13:33 - [TEST_STEP][PASSED] - VLinkSaleTranxID = traxID: null

2023-02-08 19:13:33 - [TEST_STEP][PASSED] - openBrowser(VLinkURL + "ACH_credit.html"): Browser is opened with url: 'https://dev-algorithm.govolution.com/vlinktest/QA/version_2_0/ACH_credit.html'

2023-02-08 19:13:33 - [MESSAGE][WARNING] - A browser is already opened. Closing browser and opening a new one

2023-02-08 19:13:33 - [MESSAGE][INFO] - Starting 'Chrome' driver

2023-02-08 19:13:33 - [MESSAGE][INFO] - User set preference: ['acceptInsecureCerts', 'true']

2023-02-08 19:13:33 - [MESSAGE][INFO] - Action delay is set to 0 milliseconds

2023-02-08 19:13:35 - [MESSAGE][PASSED] - Browser is opened with url: 'https://dev-algorithm.govolution.com/vlinktest/QA/version_2_0/ACH_credit.html'

2023-02-08 19:13:35 - [TEST_STEP][PASSED] - maximizeWindow(): Current window maximized

2023-02-08 19:13:35 - [MESSAGE][PASSED] - Current window maximized

2023-02-08 19:13:35 - [TEST_STEP][PASSED] - setText(findTestObject("Object Repository/RecAndPlayBk/Page-Vlink-ACH-Credit/input_Remittance Id"), VLinkSaleRemID): Text 'ip9DXvbEgzo6' is set on object 'Object Repository/RecAndPlayBk/Page-Vlink-ACH-Credit/input_Remittance Id'

2023-02-08 19:13:36 - [MESSAGE][PASSED] - Text 'ip9DXvbEgzo6' is set on object 'Object Repository/RecAndPlayBk/Page-Vlink-ACH-Credit/input_Remittance Id'

2023-02-08 19:13:36 - [TEST_STEP][PASSED] - setText(findTestObject("Object Repository/RecAndPlayBk/Page-Vlink-ACH-Credit/input_Application Id"), appID): Text '234' is set on object 'Object Repository/RecAndPlayBk/Page-Vlink-ACH-Credit/input_Application Id'

2023-02-08 19:13:37 - [MESSAGE][PASSED] - Text '234' is set on object 'Object Repository/RecAndPlayBk/Page-Vlink-ACH-Credit/input_Application Id'

2023-02-08 19:13:37 - [TEST_STEP][PASSED] - setText(findTestObject("Object Repository/RecAndPlayBk/Page-Vlink-ACH-Credit/input_Username"), username): Text 'username' is set on object 'Object Repository/RecAndPlayBk/Page-Vlink-ACH-Credit/input_Username'

2023-02-08 19:13:37 - [MESSAGE][PASSED] - Text 'username' is set on object 'Object Repository/RecAndPlayBk/Page-Vlink-ACH-Credit/input_Username'

2023-02-08 19:13:37 - [TEST_STEP][PASSED] - setText(findTestObject("Object Repository/RecAndPlayBk/Page-Vlink-ACH-Credit/input_Password"), password): Text 'password' is set on object 'Object Repository/RecAndPlayBk/Page-Vlink-ACH-Credit/input_Password'

2023-02-08 19:13:38 - [MESSAGE][PASSED] - Text 'password' is set on object 'Object Repository/RecAndPlayBk/Page-Vlink-ACH-Credit/input_Password'

2023-02-08 19:13:38 - [TEST_STEP][PASSED] - setText(findTestObject("Object Repository/RecAndPlayBk/Page-Vlink-ACH-Credit/input_Check Type"), checkType): Text 'P' is set on object 'Object Repository/RecAndPlayBk/Page-Vlink-ACH-Credit/input_Check Type'

2023-02-08 19:13:38 - [MESSAGE][PASSED] - Text 'P' is set on object 'Object Repository/RecAndPlayBk/Page-Vlink-ACH-Credit/input_Check Type'

2023-02-08 19:13:38 - [TEST_STEP][PASSED] - setText(findTestObject("Object Repository/RecAndPlayBk/Page-Vlink-ACH-Credit/input_Transaction ID"), VLinkSaleTranxID): Text '12125287' is set on object 'Object Repository/RecAndPlayBk/Page-Vlink-ACH-Credit/input_Transaction ID'

2023-02-08 19:13:39 - [MESSAGE][PASSED] - Text '12125287' is set on object 'Object Repository/RecAndPlayBk/Page-Vlink-ACH-Credit/input_Transaction ID'

2023-02-08 19:13:39 - [TEST_STEP][PASSED] - setText(findTestObject("Object Repository/RecAndPlayBk/Page-Vlink-ACH-Credit/input_Amount"), amount): Text '12.50' is set on object 'Object Repository/RecAndPlayBk/Page-Vlink-ACH-Credit/input_Amount'

2023-02-08 19:13:40 - [MESSAGE][PASSED] - Text '12.50' is set on object 'Object Repository/RecAndPlayBk/Page-Vlink-ACH-Credit/input_Amount'

2023-02-08 19:13:40 - [TEST_STEP][PASSED] - setText(findTestObject("Object Repository/RecAndPlayBk/Page-Vlink-ACH-Credit/input_Standard Entry Class"), sec): Text 'WEB' is set on object 'Object Repository/RecAndPlayBk/Page-Vlink-ACH-Credit/input_Standard Entry Class'

2023-02-08 19:13:40 - [MESSAGE][PASSED] - Text 'WEB' is set on object 'Object Repository/RecAndPlayBk/Page-Vlink-ACH-Credit/input_Standard Entry Class'

2023-02-08 19:13:40 - [TEST_STEP][PASSED] - setText(findTestObject("Object Repository/RecAndPlayBk/Page-Vlink-ACH-Credit/input_Account Number"), acNumber): Text '58963214' is set on object 'Object Repository/RecAndPlayBk/Page-Vlink-ACH-Credit/input_Account Number'

2023-02-08 19:13:41 - [MESSAGE][PASSED] - Text '58963214' is set on object 'Object Repository/RecAndPlayBk/Page-Vlink-ACH-Credit/input_Account Number'

2023-02-08 19:13:41 - [TEST_STEP][PASSED] - setText(findTestObject("Object Repository/RecAndPlayBk/Page-Vlink-ACH-Credit/input_Routing Number"), rtn): Text '256072691' is set on object 'Object Repository/RecAndPlayBk/Page-Vlink-ACH-Credit/input_Routing Number'

2023-02-08 19:13:42 - [MESSAGE][PASSED] - Text '256072691' is set on object 'Object Repository/RecAndPlayBk/Page-Vlink-ACH-Credit/input_Routing Number'

2023-02-08 19:13:42 - [TEST_STEP][PASSED] - click(findTestObject("Object Repository/RecAndPlayBk/Page-Vlink-ACH-Credit/input")): Object: 'Object Repository/RecAndPlayBk/Page-Vlink-ACH-Credit/input' is clicked on

2023-02-08 19:13:42 - [MESSAGE][PASSED] - Object: 'Object Repository/RecAndPlayBk/Page-Vlink-ACH-Credit/input' is clicked on

2023-02-08 19:13:42 - [TEST_STEP][PASSED] - if (verifyTextPresent("Transaction approved, no errors", true)): null

2023-02-08 19:13:43 - [MESSAGE][PASSED] - Text 'Transaction approved, no errors' is present on page  using regular expression

2023-02-08 19:13:43 - [TEST_STEP][PASSED] - println("Transaction Approved, no errors text is present on the Confirmation page"): null

2023-02-08 19:13:43 - [TEST_STEP][PASSED] - out.println("Pass Record Number: " + row): null

2023-02-08 19:13:43 - [TEST_STEP][PASSED] - resText = "Pass": null

2023-02-08 19:13:43 - [TEST_STEP][PASSED] - pages.WriteExcel.demoKey(resText, datText, resColumn, datCloumn, fileLoc, nameSheet, row): pages.WriteExcel.demoKey is PASSED

2023-02-08 19:13:43 - [MESSAGE][PASSED] - pages.WriteExcel.demoKey is PASSED

2023-02-08 19:13:43 - [TEST_STEP][PASSED] - ExecuteTC = findTestData(dataFile).getValue("Execute", row): null

2023-02-08 19:13:43 - [TEST_STEP][PASSED] - out.println("Value of Execute is : " + ExecuteTC): null

2023-02-08 19:13:43 - [TEST_STEP][PASSED] - switch (executionProfile): null

2023-02-08 19:13:43 - [TEST_STEP][PASSED] - case "QAProfile":: null

2023-02-08 19:13:43 - [TEST_STEP][PASSED] - appID = findTestData(dataFile).getValue("AppIDQA", row): null

2023-02-08 19:13:43 - [TEST_STEP][PASSED] - username = findTestData(dataFile).getValue("UsernameQA", row): null

2023-02-08 19:13:43 - [TEST_STEP][PASSED] - password = findTestData(dataFile).getValue("PasswordQA", row): null

2023-02-08 19:13:43 - [TEST_STEP][PASSED] - break: null

2023-02-08 19:13:43 - [TEST_STEP][PASSED] - if (ExecuteTC.equalsIgnoreCase("Y")): null

2023-02-08 19:13:43 - [TEST_STEP][PASSED] - out.println("Begin Record Number: " + row): null

2023-02-08 19:13:43 - [TEST_STEP][PASSED] - today = new java.util.Date(): null

2023-02-08 19:13:43 - [TEST_STEP][PASSED] - println(today): null

2023-02-08 19:13:43 - [TEST_STEP][PASSED] - datText = today: null

2023-02-08 19:13:43 - [TEST_STEP][PASSED] - checkType = findTestData(dataFile).getValue("CheckType", row): null

2023-02-08 19:13:43 - [TEST_STEP][PASSED] - acNumber = findTestData(dataFile).getValue("AcNumber", row): null

2023-02-08 19:13:43 - [TEST_STEP][PASSED] - company = findTestData(dataFile).getValue("Company", row): null

2023-02-08 19:13:43 - [TEST_STEP][PASSED] - acType = findTestData(dataFile).getValue("AcType", row): null

2023-02-08 19:13:43 - [TEST_STEP][PASSED] - rtn = findTestData(dataFile).getValue("RTN", row): null

2023-02-08 19:13:43 - [TEST_STEP][PASSED] - amount = findTestData(dataFile).getValue("Amount", row): null

2023-02-08 19:13:43 - [TEST_STEP][PASSED] - sec = findTestData(dataFile).getValue("SEC", row): null

2023-02-08 19:13:43 - [TEST_STEP][PASSED] - openBrowser(VLinkURL + "debit.html"): Browser is opened with url: 'https://dev-algorithm.govolution.com/vlinktest/QA/version_2_0/debit.html'

2023-02-08 19:13:43 - [MESSAGE][WARNING] - A browser is already opened. Closing browser and opening a new one

2023-02-08 19:13:44 - [MESSAGE][INFO] - Starting 'Chrome' driver

2023-02-08 19:13:44 - [MESSAGE][INFO] - User set preference: ['acceptInsecureCerts', 'true']

2023-02-08 19:13:44 - [MESSAGE][INFO] - Action delay is set to 0 milliseconds

2023-02-08 19:13:46 - [MESSAGE][PASSED] - Browser is opened with url: 'https://dev-algorithm.govolution.com/vlinktest/QA/version_2_0/debit.html'

2023-02-08 19:13:46 - [TEST_STEP][PASSED] - maximizeWindow(): Current window maximized

2023-02-08 19:13:46 - [MESSAGE][PASSED] - Current window maximized

2023-02-08 19:13:46 - [TEST_STEP][PASSED] - genRemID = RandomStringUtils.random(12, true, true): null

2023-02-08 19:13:46 - [TEST_STEP][PASSED] - setText(findTestObject("RecAndPlayBk/Page-Vlink-Debit/input_Remittance Id"), genRemID): Text 'IV33eN0Wp8T5' is set on object 'Object Repository/RecAndPlayBk/Page-Vlink-Debit/input_Remittance Id'

2023-02-08 19:13:47 - [MESSAGE][PASSED] - Text 'IV33eN0Wp8T5' is set on object 'Object Repository/RecAndPlayBk/Page-Vlink-Debit/input_Remittance Id'

2023-02-08 19:13:47 - [TEST_STEP][PASSED] - setText(findTestObject("RecAndPlayBk/Page-Vlink-Debit/input_Application Id"), appID): Text '234' is set on object 'Object Repository/RecAndPlayBk/Page-Vlink-Debit/input_Application Id'

2023-02-08 19:13:48 - [MESSAGE][PASSED] - Text '234' is set on object 'Object Repository/RecAndPlayBk/Page-Vlink-Debit/input_Application Id'

2023-02-08 19:13:48 - [TEST_STEP][PASSED] - setText(findTestObject("RecAndPlayBk/Page-Vlink-Debit/input_Username"), username): Text 'username' is set on object 'Object Repository/RecAndPlayBk/Page-Vlink-Debit/input_Username'

2023-02-08 19:13:48 - [MESSAGE][PASSED] - Text 'username' is set on object 'Object Repository/RecAndPlayBk/Page-Vlink-Debit/input_Username'

2023-02-08 19:13:48 - [TEST_STEP][PASSED] - setText(findTestObject("RecAndPlayBk/Page-Vlink-Debit/input_Password"), password): Text 'password' is set on object 'Object Repository/RecAndPlayBk/Page-Vlink-Debit/input_Password'

2023-02-08 19:13:49 - [MESSAGE][PASSED] - Text 'password' is set on object 'Object Repository/RecAndPlayBk/Page-Vlink-Debit/input_Password'

2023-02-08 19:13:49 - [TEST_STEP][PASSED] - setText(findTestObject("RecAndPlayBk/Page-Vlink-Debit/input_Check Type"), checkType): Text 'P' is set on object 'Object Repository/RecAndPlayBk/Page-Vlink-Debit/input_Check Type'

2023-02-08 19:13:50 - [MESSAGE][PASSED] - Text 'P' is set on object 'Object Repository/RecAndPlayBk/Page-Vlink-Debit/input_Check Type'

2023-02-08 19:13:50 - [TEST_STEP][PASSED] - setText(findTestObject("RecAndPlayBk/Page-Vlink-Debit/input_Account_check"), acNumber): Text '58963214' is set on object 'Object Repository/RecAndPlayBk/Page-Vlink-Debit/input_Account_check'

2023-02-08 19:13:50 - [MESSAGE][PASSED] - Text '58963214' is set on object 'Object Repository/RecAndPlayBk/Page-Vlink-Debit/input_Account_check'

2023-02-08 19:13:50 - [TEST_STEP][PASSED] - setText(findTestObject("RecAndPlayBk/Page-Vlink-Debit/input_Company_check"), company): Text '' is set on object 'Object Repository/RecAndPlayBk/Page-Vlink-Debit/input_Company_check'

2023-02-08 19:13:51 - [MESSAGE][PASSED] - Text '' is set on object 'Object Repository/RecAndPlayBk/Page-Vlink-Debit/input_Company_check'

2023-02-08 19:13:51 - [TEST_STEP][PASSED] - setText(findTestObject("RecAndPlayBk/Page-Vlink-Debit/input_Account Type"), acType): Text '2' is set on object 'Object Repository/RecAndPlayBk/Page-Vlink-Debit/input_Account Type'

2023-02-08 19:13:52 - [MESSAGE][PASSED] - Text '2' is set on object 'Object Repository/RecAndPlayBk/Page-Vlink-Debit/input_Account Type'

2023-02-08 19:13:52 - [TEST_STEP][PASSED] - setText(findTestObject("RecAndPlayBk/Page-Vlink-Debit/input_Routing Number"), rtn): Text '256072691' is set on object 'Object Repository/RecAndPlayBk/Page-Vlink-Debit/input_Routing Number'

2023-02-08 19:13:52 - [MESSAGE][PASSED] - Text '256072691' is set on object 'Object Repository/RecAndPlayBk/Page-Vlink-Debit/input_Routing Number'

2023-02-08 19:13:52 - [TEST_STEP][PASSED] - setText(findTestObject("RecAndPlayBk/Page-Vlink-Debit/input_Amount"), amount): Text '12.50' is set on object 'Object Repository/RecAndPlayBk/Page-Vlink-Debit/input_Amount'

2023-02-08 19:13:53 - [MESSAGE][PASSED] - Text '12.50' is set on object 'Object Repository/RecAndPlayBk/Page-Vlink-Debit/input_Amount'

2023-02-08 19:13:53 - [TEST_STEP][PASSED] - setText(findTestObject("RecAndPlayBk/Page-Vlink-Debit/input_Check Email"), ""): Text '' is set on object 'Object Repository/RecAndPlayBk/Page-Vlink-Debit/input_Check Email'

2023-02-08 19:13:53 - [MESSAGE][PASSED] - Text '' is set on object 'Object Repository/RecAndPlayBk/Page-Vlink-Debit/input_Check Email'

2023-02-08 19:13:53 - [TEST_STEP][PASSED] - setText(findTestObject("Object Repository/RecAndPlayBk/Page-Vlink-Debit/input_concat(CheckWriter, , s SSN)_check_ssn"), ""): Text '' is set on object 'Object Repository/RecAndPlayBk/Page-Vlink-Debit/input_concat(CheckWriter, , s SSN)_check_ssn'

2023-02-08 19:13:54 - [MESSAGE][PASSED] - Text '' is set on object 'Object Repository/RecAndPlayBk/Page-Vlink-Debit/input_concat(CheckWriter, , s SSN)_check_ssn'

2023-02-08 19:13:54 - [TEST_STEP][PASSED] - setText(findTestObject("Object Repository/RecAndPlayBk/Page-Vlink-Debit/input_concat(CheckWriter, , s License Numbe_020fef"), ""): Text '' is set on object 'Object Repository/RecAndPlayBk/Page-Vlink-Debit/input_concat(CheckWriter, , s License Numbe_020fef'

2023-02-08 19:13:55 - [MESSAGE][PASSED] - Text '' is set on object 'Object Repository/RecAndPlayBk/Page-Vlink-Debit/input_concat(CheckWriter, , s License Numbe_020fef'

2023-02-08 19:13:55 - [TEST_STEP][PASSED] - setText(findTestObject("Object Repository/RecAndPlayBk/Page-Vlink-Debit/input_concat(CheckWriter, , s License State_21e3e7"), ""): Text '' is set on object 'Object Repository/RecAndPlayBk/Page-Vlink-Debit/input_concat(CheckWriter, , s License State_21e3e7'

2023-02-08 19:13:55 - [MESSAGE][PASSED] - Text '' is set on object 'Object Repository/RecAndPlayBk/Page-Vlink-Debit/input_concat(CheckWriter, , s License State_21e3e7'

2023-02-08 19:13:55 - [TEST_STEP][PASSED] - setText(findTestObject("RecAndPlayBk/Page-Vlink-Debit/input_Standard Entry Class"), sec): Text 'TEL' is set on object 'Object Repository/RecAndPlayBk/Page-Vlink-Debit/input_Standard Entry Class'

2023-02-08 19:13:56 - [MESSAGE][PASSED] - Text 'TEL' is set on object 'Object Repository/RecAndPlayBk/Page-Vlink-Debit/input_Standard Entry Class'

2023-02-08 19:13:56 - [TEST_STEP][PASSED] - click(findTestObject("Object Repository/RecAndPlayBk/Page-Vlink-Debit/input")): Object: 'Object Repository/RecAndPlayBk/Page-Vlink-Debit/input' is clicked on

2023-02-08 19:13:57 - [MESSAGE][PASSED] - Object: 'Object Repository/RecAndPlayBk/Page-Vlink-Debit/input' is clicked on

2023-02-08 19:13:57 - [TEST_STEP][PASSED] - if (verifyTextPresent("Transaction approved, no errors", true)): null

2023-02-08 19:13:57 - [MESSAGE][PASSED] - Text 'Transaction approved, no errors' is present on page  using regular expression

2023-02-08 19:13:57 - [TEST_STEP][PASSED] - println("Transaction Approved, no errors text is present on the Confirmation page"): null

2023-02-08 19:13:57 - [TEST_STEP][PASSED] - sdfo = getText(findTestObject("Object Repository/Page_VLinkReceipt/pre_STX")): Text of object 'Object Repository/Page_VLinkReceipt/pre_STX' is: '<STX>IV33eN0Wp8T5                  12125289            0  Transaction approved, no errors                   0                                                                                                              <ETX>'

2023-02-08 19:13:57 - [MESSAGE][PASSED] - Text of object 'Object Repository/Page_VLinkReceipt/pre_STX' is: '<STX>IV33eN0Wp8T5                  12125289            0  Transaction approved, no errors                   0                                                                                                              <ETX>'

2023-02-08 19:13:57 - [TEST_STEP][PASSED] - out.println("sdfo: " + sdfo): null

2023-02-08 19:13:57 - [TEST_STEP][PASSED] - remID = substring(5, 35).trim(): null

2023-02-08 19:13:57 - [TEST_STEP][PASSED] - out.println("remID: " + remID): null

2023-02-08 19:13:57 - [TEST_STEP][PASSED] - traxID = substring(35, 55).trim(): null

2023-02-08 19:13:57 - [TEST_STEP][PASSED] - out.println("traxID: " + traxID): null

2023-02-08 19:13:57 - [TEST_STEP][PASSED] - VLinkSaleRemID = remID: null

2023-02-08 19:13:57 - [TEST_STEP][PASSED] - VLinkSaleTranxID = traxID: null

2023-02-08 19:13:57 - [TEST_STEP][PASSED] - openBrowser(VLinkURL + "ACH_credit.html"): Browser is opened with url: 'https://dev-algorithm.govolution.com/vlinktest/QA/version_2_0/ACH_credit.html'

2023-02-08 19:13:57 - [MESSAGE][WARNING] - A browser is already opened. Closing browser and opening a new one

2023-02-08 19:13:58 - [MESSAGE][INFO] - Starting 'Chrome' driver

2023-02-08 19:13:58 - [MESSAGE][INFO] - User set preference: ['acceptInsecureCerts', 'true']

2023-02-08 19:13:58 - [MESSAGE][INFO] - Action delay is set to 0 milliseconds

2023-02-08 19:14:00 - [MESSAGE][PASSED] - Browser is opened with url: 'https://dev-algorithm.govolution.com/vlinktest/QA/version_2_0/ACH_credit.html'

2023-02-08 19:14:00 - [TEST_STEP][PASSED] - maximizeWindow(): Current window maximized

2023-02-08 19:14:00 - [MESSAGE][PASSED] - Current window maximized

2023-02-08 19:14:00 - [TEST_STEP][PASSED] - setText(findTestObject("Object Repository/RecAndPlayBk/Page-Vlink-ACH-Credit/input_Remittance Id"), VLinkSaleRemID): Text 'IV33eN0Wp8T5' is set on object 'Object Repository/RecAndPlayBk/Page-Vlink-ACH-Credit/input_Remittance Id'

2023-02-08 19:14:01 - [MESSAGE][PASSED] - Text 'IV33eN0Wp8T5' is set on object 'Object Repository/RecAndPlayBk/Page-Vlink-ACH-Credit/input_Remittance Id'

2023-02-08 19:14:01 - [TEST_STEP][PASSED] - setText(findTestObject("Object Repository/RecAndPlayBk/Page-Vlink-ACH-Credit/input_Application Id"), appID): Text '234' is set on object 'Object Repository/RecAndPlayBk/Page-Vlink-ACH-Credit/input_Application Id'

2023-02-08 19:14:01 - [MESSAGE][PASSED] - Text '234' is set on object 'Object Repository/RecAndPlayBk/Page-Vlink-ACH-Credit/input_Application Id'

2023-02-08 19:14:01 - [TEST_STEP][PASSED] - setText(findTestObject("Object Repository/RecAndPlayBk/Page-Vlink-ACH-Credit/input_Username"), username): Text 'username' is set on object 'Object Repository/RecAndPlayBk/Page-Vlink-ACH-Credit/input_Username'

2023-02-08 19:14:02 - [MESSAGE][PASSED] - Text 'username' is set on object 'Object Repository/RecAndPlayBk/Page-Vlink-ACH-Credit/input_Username'

2023-02-08 19:14:02 - [TEST_STEP][PASSED] - setText(findTestObject("Object Repository/RecAndPlayBk/Page-Vlink-ACH-Credit/input_Password"), password): Text 'password' is set on object 'Object Repository/RecAndPlayBk/Page-Vlink-ACH-Credit/input_Password'

2023-02-08 19:14:03 - [MESSAGE][PASSED] - Text 'password' is set on object 'Object Repository/RecAndPlayBk/Page-Vlink-ACH-Credit/input_Password'

2023-02-08 19:14:03 - [TEST_STEP][PASSED] - setText(findTestObject("Object Repository/RecAndPlayBk/Page-Vlink-ACH-Credit/input_Check Type"), checkType): Text 'P' is set on object 'Object Repository/RecAndPlayBk/Page-Vlink-ACH-Credit/input_Check Type'

2023-02-08 19:14:03 - [MESSAGE][PASSED] - Text 'P' is set on object 'Object Repository/RecAndPlayBk/Page-Vlink-ACH-Credit/input_Check Type'

2023-02-08 19:14:03 - [TEST_STEP][PASSED] - setText(findTestObject("Object Repository/RecAndPlayBk/Page-Vlink-ACH-Credit/input_Transaction ID"), VLinkSaleTranxID): Text '12125289' is set on object 'Object Repository/RecAndPlayBk/Page-Vlink-ACH-Credit/input_Transaction ID'

2023-02-08 19:14:04 - [MESSAGE][PASSED] - Text '12125289' is set on object 'Object Repository/RecAndPlayBk/Page-Vlink-ACH-Credit/input_Transaction ID'

2023-02-08 19:14:04 - [TEST_STEP][PASSED] - setText(findTestObject("Object Repository/RecAndPlayBk/Page-Vlink-ACH-Credit/input_Amount"), amount): Text '12.50' is set on object 'Object Repository/RecAndPlayBk/Page-Vlink-ACH-Credit/input_Amount'

2023-02-08 19:14:04 - [MESSAGE][PASSED] - Text '12.50' is set on object 'Object Repository/RecAndPlayBk/Page-Vlink-ACH-Credit/input_Amount'

2023-02-08 19:14:04 - [TEST_STEP][PASSED] - setText(findTestObject("Object Repository/RecAndPlayBk/Page-Vlink-ACH-Credit/input_Standard Entry Class"), sec): Text 'TEL' is set on object 'Object Repository/RecAndPlayBk/Page-Vlink-ACH-Credit/input_Standard Entry Class'

2023-02-08 19:14:05 - [MESSAGE][PASSED] - Text 'TEL' is set on object 'Object Repository/RecAndPlayBk/Page-Vlink-ACH-Credit/input_Standard Entry Class'

2023-02-08 19:14:05 - [TEST_STEP][PASSED] - setText(findTestObject("Object Repository/RecAndPlayBk/Page-Vlink-ACH-Credit/input_Account Number"), acNumber): Text '58963214' is set on object 'Object Repository/RecAndPlayBk/Page-Vlink-ACH-Credit/input_Account Number'

2023-02-08 19:14:06 - [MESSAGE][PASSED] - Text '58963214' is set on object 'Object Repository/RecAndPlayBk/Page-Vlink-ACH-Credit/input_Account Number'

2023-02-08 19:14:06 - [TEST_STEP][PASSED] - setText(findTestObject("Object Repository/RecAndPlayBk/Page-Vlink-ACH-Credit/input_Routing Number"), rtn): Text '256072691' is set on object 'Object Repository/RecAndPlayBk/Page-Vlink-ACH-Credit/input_Routing Number'

2023-02-08 19:14:06 - [MESSAGE][PASSED] - Text '256072691' is set on object 'Object Repository/RecAndPlayBk/Page-Vlink-ACH-Credit/input_Routing Number'

2023-02-08 19:14:06 - [TEST_STEP][PASSED] - click(findTestObject("Object Repository/RecAndPlayBk/Page-Vlink-ACH-Credit/input")): Object: 'Object Repository/RecAndPlayBk/Page-Vlink-ACH-Credit/input' is clicked on

2023-02-08 19:14:07 - [MESSAGE][PASSED] - Object: 'Object Repository/RecAndPlayBk/Page-Vlink-ACH-Credit/input' is clicked on

2023-02-08 19:14:07 - [TEST_STEP][PASSED] - if (verifyTextPresent("Transaction approved, no errors", true)): null

2023-02-08 19:14:07 - [MESSAGE][PASSED] - Text 'Transaction approved, no errors' is present on page  using regular expression

2023-02-08 19:14:07 - [TEST_STEP][PASSED] - println("Transaction Approved, no errors text is present on the Confirmation page"): null

2023-02-08 19:14:07 - [TEST_STEP][PASSED] - out.println("Pass Record Number: " + row): null

2023-02-08 19:14:07 - [TEST_STEP][PASSED] - resText = "Pass": null

2023-02-08 19:14:07 - [TEST_STEP][PASSED] - pages.WriteExcel.demoKey(resText, datText, resColumn, datCloumn, fileLoc, nameSheet, row): pages.WriteExcel.demoKey is PASSED

2023-02-08 19:14:08 - [MESSAGE][PASSED] - pages.WriteExcel.demoKey is PASSED

2023-02-08 19:14:08 - [TEST_STEP][PASSED] - ExecuteTC = findTestData(dataFile).getValue("Execute", row): null

2023-02-08 19:14:08 - [TEST_STEP][PASSED] - out.println("Value of Execute is : " + ExecuteTC): null

2023-02-08 19:14:08 - [TEST_STEP][PASSED] - switch (executionProfile): null

2023-02-08 19:14:08 - [TEST_STEP][PASSED] - case "QAProfile":: null

2023-02-08 19:14:08 - [TEST_STEP][PASSED] - appID = findTestData(dataFile).getValue("AppIDQA", row): null

2023-02-08 19:14:08 - [TEST_STEP][PASSED] - username = findTestData(dataFile).getValue("UsernameQA", row): null

2023-02-08 19:14:08 - [TEST_STEP][PASSED] - password = findTestData(dataFile).getValue("PasswordQA", row): null

2023-02-08 19:14:08 - [TEST_STEP][PASSED] - break: null

2023-02-08 19:14:08 - [TEST_STEP][PASSED] - if (ExecuteTC.equalsIgnoreCase("Y")): null

2023-02-08 19:14:08 - [TEST_STEP][PASSED] - out.println("Begin Record Number: " + row): null

2023-02-08 19:14:08 - [TEST_STEP][PASSED] - today = new java.util.Date(): null

2023-02-08 19:14:08 - [TEST_STEP][PASSED] - println(today): null

2023-02-08 19:14:08 - [TEST_STEP][PASSED] - datText = today: null

2023-02-08 19:14:08 - [TEST_STEP][PASSED] - checkType = findTestData(dataFile).getValue("CheckType", row): null

2023-02-08 19:14:08 - [TEST_STEP][PASSED] - acNumber = findTestData(dataFile).getValue("AcNumber", row): null

2023-02-08 19:14:08 - [TEST_STEP][PASSED] - company = findTestData(dataFile).getValue("Company", row): null

2023-02-08 19:14:08 - [TEST_STEP][PASSED] - acType = findTestData(dataFile).getValue("AcType", row): null

2023-02-08 19:14:08 - [TEST_STEP][PASSED] - rtn = findTestData(dataFile).getValue("RTN", row): null

2023-02-08 19:14:08 - [TEST_STEP][PASSED] - amount = findTestData(dataFile).getValue("Amount", row): null

2023-02-08 19:14:08 - [TEST_STEP][PASSED] - sec = findTestData(dataFile).getValue("SEC", row): null

2023-02-08 19:14:08 - [TEST_STEP][PASSED] - openBrowser(VLinkURL + "debit.html"): Browser is opened with url: 'https://dev-algorithm.govolution.com/vlinktest/QA/version_2_0/debit.html'

2023-02-08 19:14:08 - [MESSAGE][WARNING] - A browser is already opened. Closing browser and opening a new one

2023-02-08 19:14:09 - [MESSAGE][INFO] - Starting 'Chrome' driver

2023-02-08 19:14:09 - [MESSAGE][INFO] - User set preference: ['acceptInsecureCerts', 'true']

2023-02-08 19:14:09 - [MESSAGE][INFO] - Action delay is set to 0 milliseconds

2023-02-08 19:14:11 - [MESSAGE][PASSED] - Browser is opened with url: 'https://dev-algorithm.govolution.com/vlinktest/QA/version_2_0/debit.html'

2023-02-08 19:14:11 - [TEST_STEP][PASSED] - maximizeWindow(): Current window maximized

2023-02-08 19:14:11 - [MESSAGE][PASSED] - Current window maximized

2023-02-08 19:14:11 - [TEST_STEP][PASSED] - genRemID = RandomStringUtils.random(12, true, true): null

2023-02-08 19:14:11 - [TEST_STEP][PASSED] - setText(findTestObject("RecAndPlayBk/Page-Vlink-Debit/input_Remittance Id"), genRemID): Text '3QQSBQfiGS3M' is set on object 'Object Repository/RecAndPlayBk/Page-Vlink-Debit/input_Remittance Id'

2023-02-08 19:14:12 - [MESSAGE][PASSED] - Text '3QQSBQfiGS3M' is set on object 'Object Repository/RecAndPlayBk/Page-Vlink-Debit/input_Remittance Id'

2023-02-08 19:14:12 - [TEST_STEP][PASSED] - setText(findTestObject("RecAndPlayBk/Page-Vlink-Debit/input_Application Id"), appID): Text '234' is set on object 'Object Repository/RecAndPlayBk/Page-Vlink-Debit/input_Application Id'

2023-02-08 19:14:12 - [MESSAGE][PASSED] - Text '234' is set on object 'Object Repository/RecAndPlayBk/Page-Vlink-Debit/input_Application Id'

2023-02-08 19:14:12 - [TEST_STEP][PASSED] - setText(findTestObject("RecAndPlayBk/Page-Vlink-Debit/input_Username"), username): Text 'username' is set on object 'Object Repository/RecAndPlayBk/Page-Vlink-Debit/input_Username'

2023-02-08 19:14:13 - [MESSAGE][PASSED] - Text 'username' is set on object 'Object Repository/RecAndPlayBk/Page-Vlink-Debit/input_Username'

2023-02-08 19:14:13 - [TEST_STEP][PASSED] - setText(findTestObject("RecAndPlayBk/Page-Vlink-Debit/input_Password"), password): Text 'password' is set on object 'Object Repository/RecAndPlayBk/Page-Vlink-Debit/input_Password'

2023-02-08 19:14:14 - [MESSAGE][PASSED] - Text 'password' is set on object 'Object Repository/RecAndPlayBk/Page-Vlink-Debit/input_Password'

2023-02-08 19:14:14 - [TEST_STEP][PASSED] - setText(findTestObject("RecAndPlayBk/Page-Vlink-Debit/input_Check Type"), checkType): Text 'P' is set on object 'Object Repository/RecAndPlayBk/Page-Vlink-Debit/input_Check Type'

2023-02-08 19:14:14 - [MESSAGE][PASSED] - Text 'P' is set on object 'Object Repository/RecAndPlayBk/Page-Vlink-Debit/input_Check Type'

2023-02-08 19:14:14 - [TEST_STEP][PASSED] - setText(findTestObject("RecAndPlayBk/Page-Vlink-Debit/input_Account_check"), acNumber): Text '58963214' is set on object 'Object Repository/RecAndPlayBk/Page-Vlink-Debit/input_Account_check'

2023-02-08 19:14:15 - [MESSAGE][PASSED] - Text '58963214' is set on object 'Object Repository/RecAndPlayBk/Page-Vlink-Debit/input_Account_check'

2023-02-08 19:14:15 - [TEST_STEP][PASSED] - setText(findTestObject("RecAndPlayBk/Page-Vlink-Debit/input_Company_check"), company): Text '' is set on object 'Object Repository/RecAndPlayBk/Page-Vlink-Debit/input_Company_check'

2023-02-08 19:14:16 - [MESSAGE][PASSED] - Text '' is set on object 'Object Repository/RecAndPlayBk/Page-Vlink-Debit/input_Company_check'

2023-02-08 19:14:16 - [TEST_STEP][PASSED] - setText(findTestObject("RecAndPlayBk/Page-Vlink-Debit/input_Account Type"), acType): Text '2' is set on object 'Object Repository/RecAndPlayBk/Page-Vlink-Debit/input_Account Type'

2023-02-08 19:14:16 - [MESSAGE][PASSED] - Text '2' is set on object 'Object Repository/RecAndPlayBk/Page-Vlink-Debit/input_Account Type'

2023-02-08 19:14:16 - [TEST_STEP][PASSED] - setText(findTestObject("RecAndPlayBk/Page-Vlink-Debit/input_Routing Number"), rtn): Text '256072691' is set on object 'Object Repository/RecAndPlayBk/Page-Vlink-Debit/input_Routing Number'

2023-02-08 19:14:17 - [MESSAGE][PASSED] - Text '256072691' is set on object 'Object Repository/RecAndPlayBk/Page-Vlink-Debit/input_Routing Number'

2023-02-08 19:14:17 - [TEST_STEP][PASSED] - setText(findTestObject("RecAndPlayBk/Page-Vlink-Debit/input_Amount"), amount): Text '12.50' is set on object 'Object Repository/RecAndPlayBk/Page-Vlink-Debit/input_Amount'

2023-02-08 19:14:17 - [MESSAGE][PASSED] - Text '12.50' is set on object 'Object Repository/RecAndPlayBk/Page-Vlink-Debit/input_Amount'

2023-02-08 19:14:17 - [TEST_STEP][PASSED] - setText(findTestObject("RecAndPlayBk/Page-Vlink-Debit/input_Check Email"), ""): Text '' is set on object 'Object Repository/RecAndPlayBk/Page-Vlink-Debit/input_Check Email'

2023-02-08 19:14:18 - [MESSAGE][PASSED] - Text '' is set on object 'Object Repository/RecAndPlayBk/Page-Vlink-Debit/input_Check Email'

2023-02-08 19:14:18 - [TEST_STEP][PASSED] - setText(findTestObject("Object Repository/RecAndPlayBk/Page-Vlink-Debit/input_concat(CheckWriter, , s SSN)_check_ssn"), ""): Text '' is set on object 'Object Repository/RecAndPlayBk/Page-Vlink-Debit/input_concat(CheckWriter, , s SSN)_check_ssn'

2023-02-08 19:14:19 - [MESSAGE][PASSED] - Text '' is set on object 'Object Repository/RecAndPlayBk/Page-Vlink-Debit/input_concat(CheckWriter, , s SSN)_check_ssn'

2023-02-08 19:14:19 - [TEST_STEP][PASSED] - setText(findTestObject("Object Repository/RecAndPlayBk/Page-Vlink-Debit/input_concat(CheckWriter, , s License Numbe_020fef"), ""): Text '' is set on object 'Object Repository/RecAndPlayBk/Page-Vlink-Debit/input_concat(CheckWriter, , s License Numbe_020fef'

2023-02-08 19:14:19 - [MESSAGE][PASSED] - Text '' is set on object 'Object Repository/RecAndPlayBk/Page-Vlink-Debit/input_concat(CheckWriter, , s License Numbe_020fef'

2023-02-08 19:14:19 - [TEST_STEP][PASSED] - setText(findTestObject("Object Repository/RecAndPlayBk/Page-Vlink-Debit/input_concat(CheckWriter, , s License State_21e3e7"), ""): Text '' is set on object 'Object Repository/RecAndPlayBk/Page-Vlink-Debit/input_concat(CheckWriter, , s License State_21e3e7'

2023-02-08 19:14:20 - [MESSAGE][PASSED] - Text '' is set on object 'Object Repository/RecAndPlayBk/Page-Vlink-Debit/input_concat(CheckWriter, , s License State_21e3e7'

2023-02-08 19:14:20 - [TEST_STEP][PASSED] - setText(findTestObject("RecAndPlayBk/Page-Vlink-Debit/input_Standard Entry Class"), sec): Text 'PPD' is set on object 'Object Repository/RecAndPlayBk/Page-Vlink-Debit/input_Standard Entry Class'

2023-02-08 19:14:20 - [MESSAGE][PASSED] - Text 'PPD' is set on object 'Object Repository/RecAndPlayBk/Page-Vlink-Debit/input_Standard Entry Class'

2023-02-08 19:14:20 - [TEST_STEP][PASSED] - click(findTestObject("Object Repository/RecAndPlayBk/Page-Vlink-Debit/input")): Object: 'Object Repository/RecAndPlayBk/Page-Vlink-Debit/input' is clicked on

2023-02-08 19:14:21 - [MESSAGE][PASSED] - Object: 'Object Repository/RecAndPlayBk/Page-Vlink-Debit/input' is clicked on

2023-02-08 19:14:21 - [TEST_STEP][PASSED] - if (verifyTextPresent("Transaction approved, no errors", true)): null

2023-02-08 19:14:22 - [MESSAGE][PASSED] - Text 'Transaction approved, no errors' is present on page  using regular expression

2023-02-08 19:14:22 - [TEST_STEP][PASSED] - println("Transaction Approved, no errors text is present on the Confirmation page"): null

2023-02-08 19:14:22 - [TEST_STEP][PASSED] - sdfo = getText(findTestObject("Object Repository/Page_VLinkReceipt/pre_STX")): Text of object 'Object Repository/Page_VLinkReceipt/pre_STX' is: '<STX>3QQSBQfiGS3M                  12125291            0  Transaction approved, no errors                   0                                                                                                              <ETX>'

2023-02-08 19:14:22 - [MESSAGE][PASSED] - Text of object 'Object Repository/Page_VLinkReceipt/pre_STX' is: '<STX>3QQSBQfiGS3M                  12125291            0  Transaction approved, no errors                   0                                                                                                              <ETX>'

2023-02-08 19:14:22 - [TEST_STEP][PASSED] - out.println("sdfo: " + sdfo): null

2023-02-08 19:14:22 - [TEST_STEP][PASSED] - remID = substring(5, 35).trim(): null

2023-02-08 19:14:22 - [TEST_STEP][PASSED] - out.println("remID: " + remID): null

2023-02-08 19:14:22 - [TEST_STEP][PASSED] - traxID = substring(35, 55).trim(): null

2023-02-08 19:14:22 - [TEST_STEP][PASSED] - out.println("traxID: " + traxID): null

2023-02-08 19:14:22 - [TEST_STEP][PASSED] - VLinkSaleRemID = remID: null

2023-02-08 19:14:22 - [TEST_STEP][PASSED] - VLinkSaleTranxID = traxID: null

2023-02-08 19:14:22 - [TEST_STEP][PASSED] - openBrowser(VLinkURL + "ACH_credit.html"): Browser is opened with url: 'https://dev-algorithm.govolution.com/vlinktest/QA/version_2_0/ACH_credit.html'

2023-02-08 19:14:22 - [MESSAGE][WARNING] - A browser is already opened. Closing browser and opening a new one

2023-02-08 19:14:23 - [MESSAGE][INFO] - Starting 'Chrome' driver

2023-02-08 19:14:23 - [MESSAGE][INFO] - User set preference: ['acceptInsecureCerts', 'true']

2023-02-08 19:14:23 - [MESSAGE][INFO] - Action delay is set to 0 milliseconds

2023-02-08 19:14:25 - [MESSAGE][PASSED] - Browser is opened with url: 'https://dev-algorithm.govolution.com/vlinktest/QA/version_2_0/ACH_credit.html'

2023-02-08 19:14:25 - [TEST_STEP][PASSED] - maximizeWindow(): Current window maximized

2023-02-08 19:14:25 - [MESSAGE][PASSED] - Current window maximized

2023-02-08 19:14:25 - [TEST_STEP][PASSED] - setText(findTestObject("Object Repository/RecAndPlayBk/Page-Vlink-ACH-Credit/input_Remittance Id"), VLinkSaleRemID): Text '3QQSBQfiGS3M' is set on object 'Object Repository/RecAndPlayBk/Page-Vlink-ACH-Credit/input_Remittance Id'

2023-02-08 19:14:25 - [MESSAGE][PASSED] - Text '3QQSBQfiGS3M' is set on object 'Object Repository/RecAndPlayBk/Page-Vlink-ACH-Credit/input_Remittance Id'

2023-02-08 19:14:25 - [TEST_STEP][PASSED] - setText(findTestObject("Object Repository/RecAndPlayBk/Page-Vlink-ACH-Credit/input_Application Id"), appID): Text '234' is set on object 'Object Repository/RecAndPlayBk/Page-Vlink-ACH-Credit/input_Application Id'

2023-02-08 19:14:26 - [MESSAGE][PASSED] - Text '234' is set on object 'Object Repository/RecAndPlayBk/Page-Vlink-ACH-Credit/input_Application Id'

2023-02-08 19:14:26 - [TEST_STEP][PASSED] - setText(findTestObject("Object Repository/RecAndPlayBk/Page-Vlink-ACH-Credit/input_Username"), username): Text 'username' is set on object 'Object Repository/RecAndPlayBk/Page-Vlink-ACH-Credit/input_Username'

2023-02-08 19:14:27 - [MESSAGE][PASSED] - Text 'username' is set on object 'Object Repository/RecAndPlayBk/Page-Vlink-ACH-Credit/input_Username'

2023-02-08 19:14:27 - [TEST_STEP][PASSED] - setText(findTestObject("Object Repository/RecAndPlayBk/Page-Vlink-ACH-Credit/input_Password"), password): Text 'password' is set on object 'Object Repository/RecAndPlayBk/Page-Vlink-ACH-Credit/input_Password'

2023-02-08 19:14:27 - [MESSAGE][PASSED] - Text 'password' is set on object 'Object Repository/RecAndPlayBk/Page-Vlink-ACH-Credit/input_Password'

2023-02-08 19:14:27 - [TEST_STEP][PASSED] - setText(findTestObject("Object Repository/RecAndPlayBk/Page-Vlink-ACH-Credit/input_Check Type"), checkType): Text 'P' is set on object 'Object Repository/RecAndPlayBk/Page-Vlink-ACH-Credit/input_Check Type'

2023-02-08 19:14:28 - [MESSAGE][PASSED] - Text 'P' is set on object 'Object Repository/RecAndPlayBk/Page-Vlink-ACH-Credit/input_Check Type'

2023-02-08 19:14:28 - [TEST_STEP][PASSED] - setText(findTestObject("Object Repository/RecAndPlayBk/Page-Vlink-ACH-Credit/input_Transaction ID"), VLinkSaleTranxID): Text '12125291' is set on object 'Object Repository/RecAndPlayBk/Page-Vlink-ACH-Credit/input_Transaction ID'

2023-02-08 19:14:28 - [MESSAGE][PASSED] - Text '12125291' is set on object 'Object Repository/RecAndPlayBk/Page-Vlink-ACH-Credit/input_Transaction ID'

2023-02-08 19:14:28 - [TEST_STEP][PASSED] - setText(findTestObject("Object Repository/RecAndPlayBk/Page-Vlink-ACH-Credit/input_Amount"), amount): Text '12.50' is set on object 'Object Repository/RecAndPlayBk/Page-Vlink-ACH-Credit/input_Amount'

2023-02-08 19:14:29 - [MESSAGE][PASSED] - Text '12.50' is set on object 'Object Repository/RecAndPlayBk/Page-Vlink-ACH-Credit/input_Amount'

2023-02-08 19:14:29 - [TEST_STEP][PASSED] - setText(findTestObject("Object Repository/RecAndPlayBk/Page-Vlink-ACH-Credit/input_Standard Entry Class"), sec): Text 'PPD' is set on object 'Object Repository/RecAndPlayBk/Page-Vlink-ACH-Credit/input_Standard Entry Class'

2023-02-08 19:14:30 - [MESSAGE][PASSED] - Text 'PPD' is set on object 'Object Repository/RecAndPlayBk/Page-Vlink-ACH-Credit/input_Standard Entry Class'

2023-02-08 19:14:30 - [TEST_STEP][PASSED] - setText(findTestObject("Object Repository/RecAndPlayBk/Page-Vlink-ACH-Credit/input_Account Number"), acNumber): Text '58963214' is set on object 'Object Repository/RecAndPlayBk/Page-Vlink-ACH-Credit/input_Account Number'

2023-02-08 19:14:30 - [MESSAGE][PASSED] - Text '58963214' is set on object 'Object Repository/RecAndPlayBk/Page-Vlink-ACH-Credit/input_Account Number'

2023-02-08 19:14:30 - [TEST_STEP][PASSED] - setText(findTestObject("Object Repository/RecAndPlayBk/Page-Vlink-ACH-Credit/input_Routing Number"), rtn): Text '256072691' is set on object 'Object Repository/RecAndPlayBk/Page-Vlink-ACH-Credit/input_Routing Number'

2023-02-08 19:14:31 - [MESSAGE][PASSED] - Text '256072691' is set on object 'Object Repository/RecAndPlayBk/Page-Vlink-ACH-Credit/input_Routing Number'

2023-02-08 19:14:31 - [TEST_STEP][PASSED] - click(findTestObject("Object Repository/RecAndPlayBk/Page-Vlink-ACH-Credit/input")): Object: 'Object Repository/RecAndPlayBk/Page-Vlink-ACH-Credit/input' is clicked on

2023-02-08 19:14:32 - [MESSAGE][PASSED] - Object: 'Object Repository/RecAndPlayBk/Page-Vlink-ACH-Credit/input' is clicked on

2023-02-08 19:14:32 - [TEST_STEP][PASSED] - if (verifyTextPresent("Transaction approved, no errors", true)): null

2023-02-08 19:14:32 - [MESSAGE][PASSED] - Text 'Transaction approved, no errors' is present on page  using regular expression

2023-02-08 19:14:32 - [TEST_STEP][PASSED] - println("Transaction Approved, no errors text is present on the Confirmation page"): null

2023-02-08 19:14:32 - [TEST_STEP][PASSED] - out.println("Pass Record Number: " + row): null

2023-02-08 19:14:32 - [TEST_STEP][PASSED] - resText = "Pass": null

2023-02-08 19:14:32 - [TEST_STEP][PASSED] - pages.WriteExcel.demoKey(resText, datText, resColumn, datCloumn, fileLoc, nameSheet, row): pages.WriteExcel.demoKey is PASSED

2023-02-08 19:14:32 - [MESSAGE][PASSED] - pages.WriteExcel.demoKey is PASSED

2023-02-08 19:14:32 - [TEST_STEP][PASSED] - ExecuteTC = findTestData(dataFile).getValue("Execute", row): null

2023-02-08 19:14:32 - [TEST_STEP][PASSED] - out.println("Value of Execute is : " + ExecuteTC): null

2023-02-08 19:14:32 - [TEST_STEP][PASSED] - switch (executionProfile): null

2023-02-08 19:14:32 - [TEST_STEP][PASSED] - case "QAProfile":: null

2023-02-08 19:14:32 - [TEST_STEP][PASSED] - appID = findTestData(dataFile).getValue("AppIDQA", row): null

2023-02-08 19:14:32 - [TEST_STEP][PASSED] - username = findTestData(dataFile).getValue("UsernameQA", row): null

2023-02-08 19:14:32 - [TEST_STEP][PASSED] - password = findTestData(dataFile).getValue("PasswordQA", row): null

2023-02-08 19:14:32 - [TEST_STEP][PASSED] - break: null

2023-02-08 19:14:32 - [TEST_STEP][PASSED] - if (ExecuteTC.equalsIgnoreCase("Y")): null

2023-02-08 19:14:32 - [TEST_STEP][PASSED] - out.println("Begin Record Number: " + row): null

2023-02-08 19:14:32 - [TEST_STEP][PASSED] - today = new java.util.Date(): null

2023-02-08 19:14:32 - [TEST_STEP][PASSED] - println(today): null

2023-02-08 19:14:32 - [TEST_STEP][PASSED] - datText = today: null

2023-02-08 19:14:32 - [TEST_STEP][PASSED] - checkType = findTestData(dataFile).getValue("CheckType", row): null

2023-02-08 19:14:32 - [TEST_STEP][PASSED] - acNumber = findTestData(dataFile).getValue("AcNumber", row): null

2023-02-08 19:14:32 - [TEST_STEP][PASSED] - company = findTestData(dataFile).getValue("Company", row): null

2023-02-08 19:14:33 - [TEST_STEP][PASSED] - acType = findTestData(dataFile).getValue("AcType", row): null

2023-02-08 19:14:33 - [TEST_STEP][PASSED] - rtn = findTestData(dataFile).getValue("RTN", row): null

2023-02-08 19:14:33 - [TEST_STEP][PASSED] - amount = findTestData(dataFile).getValue("Amount", row): null

2023-02-08 19:14:33 - [TEST_STEP][PASSED] - sec = findTestData(dataFile).getValue("SEC", row): null

2023-02-08 19:14:33 - [TEST_STEP][PASSED] - openBrowser(VLinkURL + "debit.html"): Browser is opened with url: 'https://dev-algorithm.govolution.com/vlinktest/QA/version_2_0/debit.html'

2023-02-08 19:14:33 - [MESSAGE][WARNING] - A browser is already opened. Closing browser and opening a new one

2023-02-08 19:14:34 - [MESSAGE][INFO] - Starting 'Chrome' driver

2023-02-08 19:14:34 - [MESSAGE][INFO] - User set preference: ['acceptInsecureCerts', 'true']

2023-02-08 19:14:34 - [MESSAGE][INFO] - Action delay is set to 0 milliseconds

2023-02-08 19:14:36 - [MESSAGE][PASSED] - Browser is opened with url: 'https://dev-algorithm.govolution.com/vlinktest/QA/version_2_0/debit.html'

2023-02-08 19:14:36 - [TEST_STEP][PASSED] - maximizeWindow(): Current window maximized

2023-02-08 19:14:36 - [MESSAGE][PASSED] - Current window maximized

2023-02-08 19:14:36 - [TEST_STEP][PASSED] - genRemID = RandomStringUtils.random(12, true, true): null

2023-02-08 19:14:36 - [TEST_STEP][PASSED] - setText(findTestObject("RecAndPlayBk/Page-Vlink-Debit/input_Remittance Id"), genRemID): Text 'Ojwv9fea8ePc' is set on object 'Object Repository/RecAndPlayBk/Page-Vlink-Debit/input_Remittance Id'

2023-02-08 19:14:36 - [MESSAGE][PASSED] - Text 'Ojwv9fea8ePc' is set on object 'Object Repository/RecAndPlayBk/Page-Vlink-Debit/input_Remittance Id'

2023-02-08 19:14:36 - [TEST_STEP][PASSED] - setText(findTestObject("RecAndPlayBk/Page-Vlink-Debit/input_Application Id"), appID): Text '234' is set on object 'Object Repository/RecAndPlayBk/Page-Vlink-Debit/input_Application Id'

2023-02-08 19:14:37 - [MESSAGE][PASSED] - Text '234' is set on object 'Object Repository/RecAndPlayBk/Page-Vlink-Debit/input_Application Id'

2023-02-08 19:14:37 - [TEST_STEP][PASSED] - setText(findTestObject("RecAndPlayBk/Page-Vlink-Debit/input_Username"), username): Text 'username' is set on object 'Object Repository/RecAndPlayBk/Page-Vlink-Debit/input_Username'

2023-02-08 19:14:38 - [MESSAGE][PASSED] - Text 'username' is set on object 'Object Repository/RecAndPlayBk/Page-Vlink-Debit/input_Username'

2023-02-08 19:14:38 - [TEST_STEP][PASSED] - setText(findTestObject("RecAndPlayBk/Page-Vlink-Debit/input_Password"), password): Text 'password' is set on object 'Object Repository/RecAndPlayBk/Page-Vlink-Debit/input_Password'

2023-02-08 19:14:38 - [MESSAGE][PASSED] - Text 'password' is set on object 'Object Repository/RecAndPlayBk/Page-Vlink-Debit/input_Password'

2023-02-08 19:14:38 - [TEST_STEP][PASSED] - setText(findTestObject("RecAndPlayBk/Page-Vlink-Debit/input_Check Type"), checkType): Text 'C' is set on object 'Object Repository/RecAndPlayBk/Page-Vlink-Debit/input_Check Type'

2023-02-08 19:14:39 - [MESSAGE][PASSED] - Text 'C' is set on object 'Object Repository/RecAndPlayBk/Page-Vlink-Debit/input_Check Type'

2023-02-08 19:14:39 - [TEST_STEP][PASSED] - setText(findTestObject("RecAndPlayBk/Page-Vlink-Debit/input_Account_check"), acNumber): Text '58963214' is set on object 'Object Repository/RecAndPlayBk/Page-Vlink-Debit/input_Account_check'

2023-02-08 19:14:40 - [MESSAGE][PASSED] - Text '58963214' is set on object 'Object Repository/RecAndPlayBk/Page-Vlink-Debit/input_Account_check'

2023-02-08 19:14:40 - [TEST_STEP][PASSED] - setText(findTestObject("RecAndPlayBk/Page-Vlink-Debit/input_Company_check"), company): Text 'My Company' is set on object 'Object Repository/RecAndPlayBk/Page-Vlink-Debit/input_Company_check'

2023-02-08 19:14:40 - [MESSAGE][PASSED] - Text 'My Company' is set on object 'Object Repository/RecAndPlayBk/Page-Vlink-Debit/input_Company_check'

2023-02-08 19:14:40 - [TEST_STEP][PASSED] - setText(findTestObject("RecAndPlayBk/Page-Vlink-Debit/input_Account Type"), acType): Text '' is set on object 'Object Repository/RecAndPlayBk/Page-Vlink-Debit/input_Account Type'

2023-02-08 19:14:41 - [MESSAGE][PASSED] - Text '' is set on object 'Object Repository/RecAndPlayBk/Page-Vlink-Debit/input_Account Type'

2023-02-08 19:14:41 - [TEST_STEP][PASSED] - setText(findTestObject("RecAndPlayBk/Page-Vlink-Debit/input_Routing Number"), rtn): Text '256072691' is set on object 'Object Repository/RecAndPlayBk/Page-Vlink-Debit/input_Routing Number'

2023-02-08 19:14:41 - [MESSAGE][PASSED] - Text '256072691' is set on object 'Object Repository/RecAndPlayBk/Page-Vlink-Debit/input_Routing Number'

2023-02-08 19:14:41 - [TEST_STEP][PASSED] - setText(findTestObject("RecAndPlayBk/Page-Vlink-Debit/input_Amount"), amount): Text '12.50' is set on object 'Object Repository/RecAndPlayBk/Page-Vlink-Debit/input_Amount'

2023-02-08 19:14:42 - [MESSAGE][PASSED] - Text '12.50' is set on object 'Object Repository/RecAndPlayBk/Page-Vlink-Debit/input_Amount'

2023-02-08 19:14:42 - [TEST_STEP][PASSED] - setText(findTestObject("RecAndPlayBk/Page-Vlink-Debit/input_Check Email"), ""): Text '' is set on object 'Object Repository/RecAndPlayBk/Page-Vlink-Debit/input_Check Email'

2023-02-08 19:14:43 - [MESSAGE][PASSED] - Text '' is set on object 'Object Repository/RecAndPlayBk/Page-Vlink-Debit/input_Check Email'

2023-02-08 19:14:43 - [TEST_STEP][PASSED] - setText(findTestObject("Object Repository/RecAndPlayBk/Page-Vlink-Debit/input_concat(CheckWriter, , s SSN)_check_ssn"), ""): Text '' is set on object 'Object Repository/RecAndPlayBk/Page-Vlink-Debit/input_concat(CheckWriter, , s SSN)_check_ssn'

2023-02-08 19:14:43 - [MESSAGE][PASSED] - Text '' is set on object 'Object Repository/RecAndPlayBk/Page-Vlink-Debit/input_concat(CheckWriter, , s SSN)_check_ssn'

2023-02-08 19:14:43 - [TEST_STEP][PASSED] - setText(findTestObject("Object Repository/RecAndPlayBk/Page-Vlink-Debit/input_concat(CheckWriter, , s License Numbe_020fef"), ""): Text '' is set on object 'Object Repository/RecAndPlayBk/Page-Vlink-Debit/input_concat(CheckWriter, , s License Numbe_020fef'

2023-02-08 19:14:44 - [MESSAGE][PASSED] - Text '' is set on object 'Object Repository/RecAndPlayBk/Page-Vlink-Debit/input_concat(CheckWriter, , s License Numbe_020fef'

2023-02-08 19:14:44 - [TEST_STEP][PASSED] - setText(findTestObject("Object Repository/RecAndPlayBk/Page-Vlink-Debit/input_concat(CheckWriter, , s License State_21e3e7"), ""): Text '' is set on object 'Object Repository/RecAndPlayBk/Page-Vlink-Debit/input_concat(CheckWriter, , s License State_21e3e7'

2023-02-08 19:14:45 - [MESSAGE][PASSED] - Text '' is set on object 'Object Repository/RecAndPlayBk/Page-Vlink-Debit/input_concat(CheckWriter, , s License State_21e3e7'

2023-02-08 19:14:45 - [TEST_STEP][PASSED] - setText(findTestObject("RecAndPlayBk/Page-Vlink-Debit/input_Standard Entry Class"), sec): Text 'CCD' is set on object 'Object Repository/RecAndPlayBk/Page-Vlink-Debit/input_Standard Entry Class'

2023-02-08 19:14:45 - [MESSAGE][PASSED] - Text 'CCD' is set on object 'Object Repository/RecAndPlayBk/Page-Vlink-Debit/input_Standard Entry Class'

2023-02-08 19:14:45 - [TEST_STEP][PASSED] - click(findTestObject("Object Repository/RecAndPlayBk/Page-Vlink-Debit/input")): Object: 'Object Repository/RecAndPlayBk/Page-Vlink-Debit/input' is clicked on

2023-02-08 19:14:46 - [MESSAGE][PASSED] - Object: 'Object Repository/RecAndPlayBk/Page-Vlink-Debit/input' is clicked on

2023-02-08 19:14:46 - [TEST_STEP][PASSED] - if (verifyTextPresent("Transaction approved, no errors", true)): null

2023-02-08 19:14:46 - [MESSAGE][PASSED] - Text 'Transaction approved, no errors' is present on page  using regular expression

2023-02-08 19:14:46 - [TEST_STEP][PASSED] - println("Transaction Approved, no errors text is present on the Confirmation page"): null

2023-02-08 19:14:46 - [TEST_STEP][PASSED] - sdfo = getText(findTestObject("Object Repository/Page_VLinkReceipt/pre_STX")): Text of object 'Object Repository/Page_VLinkReceipt/pre_STX' is: '<STX>Ojwv9fea8ePc                  12125293            0  Transaction approved, no errors                   0                                                                                                              <ETX>'

2023-02-08 19:14:47 - [MESSAGE][PASSED] - Text of object 'Object Repository/Page_VLinkReceipt/pre_STX' is: '<STX>Ojwv9fea8ePc                  12125293            0  Transaction approved, no errors                   0                                                                                                              <ETX>'

2023-02-08 19:14:47 - [TEST_STEP][PASSED] - out.println("sdfo: " + sdfo): null

2023-02-08 19:14:47 - [TEST_STEP][PASSED] - remID = substring(5, 35).trim(): null

2023-02-08 19:14:47 - [TEST_STEP][PASSED] - out.println("remID: " + remID): null

2023-02-08 19:14:47 - [TEST_STEP][PASSED] - traxID = substring(35, 55).trim(): null

2023-02-08 19:14:47 - [TEST_STEP][PASSED] - out.println("traxID: " + traxID): null

2023-02-08 19:14:47 - [TEST_STEP][PASSED] - VLinkSaleRemID = remID: null

2023-02-08 19:14:47 - [TEST_STEP][PASSED] - VLinkSaleTranxID = traxID: null

2023-02-08 19:14:47 - [TEST_STEP][PASSED] - openBrowser(VLinkURL + "ACH_credit.html"): Browser is opened with url: 'https://dev-algorithm.govolution.com/vlinktest/QA/version_2_0/ACH_credit.html'

2023-02-08 19:14:47 - [MESSAGE][WARNING] - A browser is already opened. Closing browser and opening a new one

2023-02-08 19:14:47 - [MESSAGE][INFO] - Starting 'Chrome' driver

2023-02-08 19:14:47 - [MESSAGE][INFO] - User set preference: ['acceptInsecureCerts', 'true']

2023-02-08 19:14:47 - [MESSAGE][INFO] - Action delay is set to 0 milliseconds

2023-02-08 19:14:49 - [MESSAGE][PASSED] - Browser is opened with url: 'https://dev-algorithm.govolution.com/vlinktest/QA/version_2_0/ACH_credit.html'

2023-02-08 19:14:49 - [TEST_STEP][PASSED] - maximizeWindow(): Current window maximized

2023-02-08 19:14:49 - [MESSAGE][PASSED] - Current window maximized

2023-02-08 19:14:49 - [TEST_STEP][PASSED] - setText(findTestObject("Object Repository/RecAndPlayBk/Page-Vlink-ACH-Credit/input_Remittance Id"), VLinkSaleRemID): Text 'Ojwv9fea8ePc' is set on object 'Object Repository/RecAndPlayBk/Page-Vlink-ACH-Credit/input_Remittance Id'

2023-02-08 19:14:50 - [MESSAGE][PASSED] - Text 'Ojwv9fea8ePc' is set on object 'Object Repository/RecAndPlayBk/Page-Vlink-ACH-Credit/input_Remittance Id'

2023-02-08 19:14:50 - [TEST_STEP][PASSED] - setText(findTestObject("Object Repository/RecAndPlayBk/Page-Vlink-ACH-Credit/input_Application Id"), appID): Text '234' is set on object 'Object Repository/RecAndPlayBk/Page-Vlink-ACH-Credit/input_Application Id'

2023-02-08 19:14:51 - [MESSAGE][PASSED] - Text '234' is set on object 'Object Repository/RecAndPlayBk/Page-Vlink-ACH-Credit/input_Application Id'

2023-02-08 19:14:51 - [TEST_STEP][PASSED] - setText(findTestObject("Object Repository/RecAndPlayBk/Page-Vlink-ACH-Credit/input_Username"), username): Text 'username' is set on object 'Object Repository/RecAndPlayBk/Page-Vlink-ACH-Credit/input_Username'

2023-02-08 19:14:51 - [MESSAGE][PASSED] - Text 'username' is set on object 'Object Repository/RecAndPlayBk/Page-Vlink-ACH-Credit/input_Username'

2023-02-08 19:14:51 - [TEST_STEP][PASSED] - setText(findTestObject("Object Repository/RecAndPlayBk/Page-Vlink-ACH-Credit/input_Password"), password): Text 'password' is set on object 'Object Repository/RecAndPlayBk/Page-Vlink-ACH-Credit/input_Password'

2023-02-08 19:14:52 - [MESSAGE][PASSED] - Text 'password' is set on object 'Object Repository/RecAndPlayBk/Page-Vlink-ACH-Credit/input_Password'

2023-02-08 19:14:52 - [TEST_STEP][PASSED] - setText(findTestObject("Object Repository/RecAndPlayBk/Page-Vlink-ACH-Credit/input_Check Type"), checkType): Text 'C' is set on object 'Object Repository/RecAndPlayBk/Page-Vlink-ACH-Credit/input_Check Type'

2023-02-08 19:14:52 - [MESSAGE][PASSED] - Text 'C' is set on object 'Object Repository/RecAndPlayBk/Page-Vlink-ACH-Credit/input_Check Type'

2023-02-08 19:14:52 - [TEST_STEP][PASSED] - setText(findTestObject("Object Repository/RecAndPlayBk/Page-Vlink-ACH-Credit/input_Transaction ID"), VLinkSaleTranxID): Text '12125293' is set on object 'Object Repository/RecAndPlayBk/Page-Vlink-ACH-Credit/input_Transaction ID'

2023-02-08 19:14:53 - [MESSAGE][PASSED] - Text '12125293' is set on object 'Object Repository/RecAndPlayBk/Page-Vlink-ACH-Credit/input_Transaction ID'

2023-02-08 19:14:53 - [TEST_STEP][PASSED] - setText(findTestObject("Object Repository/RecAndPlayBk/Page-Vlink-ACH-Credit/input_Amount"), amount): Text '12.50' is set on object 'Object Repository/RecAndPlayBk/Page-Vlink-ACH-Credit/input_Amount'

2023-02-08 19:14:54 - [MESSAGE][PASSED] - Text '12.50' is set on object 'Object Repository/RecAndPlayBk/Page-Vlink-ACH-Credit/input_Amount'

2023-02-08 19:14:54 - [TEST_STEP][PASSED] - setText(findTestObject("Object Repository/RecAndPlayBk/Page-Vlink-ACH-Credit/input_Standard Entry Class"), sec): Text 'CCD' is set on object 'Object Repository/RecAndPlayBk/Page-Vlink-ACH-Credit/input_Standard Entry Class'

2023-02-08 19:14:54 - [MESSAGE][PASSED] - Text 'CCD' is set on object 'Object Repository/RecAndPlayBk/Page-Vlink-ACH-Credit/input_Standard Entry Class'

2023-02-08 19:14:54 - [TEST_STEP][PASSED] - setText(findTestObject("Object Repository/RecAndPlayBk/Page-Vlink-ACH-Credit/input_Account Number"), acNumber): Text '58963214' is set on object 'Object Repository/RecAndPlayBk/Page-Vlink-ACH-Credit/input_Account Number'

2023-02-08 19:14:55 - [MESSAGE][PASSED] - Text '58963214' is set on object 'Object Repository/RecAndPlayBk/Page-Vlink-ACH-Credit/input_Account Number'

2023-02-08 19:14:55 - [TEST_STEP][PASSED] - setText(findTestObject("Object Repository/RecAndPlayBk/Page-Vlink-ACH-Credit/input_Routing Number"), rtn): Text '256072691' is set on object 'Object Repository/RecAndPlayBk/Page-Vlink-ACH-Credit/input_Routing Number'

2023-02-08 19:14:56 - [MESSAGE][PASSED] - Text '256072691' is set on object 'Object Repository/RecAndPlayBk/Page-Vlink-ACH-Credit/input_Routing Number'

2023-02-08 19:14:56 - [TEST_STEP][PASSED] - click(findTestObject("Object Repository/RecAndPlayBk/Page-Vlink-ACH-Credit/input")): Object: 'Object Repository/RecAndPlayBk/Page-Vlink-ACH-Credit/input' is clicked on

2023-02-08 19:14:56 - [MESSAGE][PASSED] - Object: 'Object Repository/RecAndPlayBk/Page-Vlink-ACH-Credit/input' is clicked on

2023-02-08 19:14:56 - [TEST_STEP][PASSED] - if (verifyTextPresent("Transaction approved, no errors", true)): null

2023-02-08 19:14:57 - [MESSAGE][PASSED] - Text 'Transaction approved, no errors' is present on page  using regular expression

2023-02-08 19:14:57 - [TEST_STEP][PASSED] - println("Transaction Approved, no errors text is present on the Confirmation page"): null

2023-02-08 19:14:57 - [TEST_STEP][PASSED] - out.println("Pass Record Number: " + row): null

2023-02-08 19:14:57 - [TEST_STEP][PASSED] - resText = "Pass": null

2023-02-08 19:14:57 - [TEST_STEP][PASSED] - pages.WriteExcel.demoKey(resText, datText, resColumn, datCloumn, fileLoc, nameSheet, row): pages.WriteExcel.demoKey is PASSED

2023-02-08 19:14:57 - [MESSAGE][PASSED] - pages.WriteExcel.demoKey is PASSED]]></system-out>
         <system-err><![CDATA[]]></system-err>
      </testcase>
      <testcase name="Test Cases/RecAndPlayBk/VLink/Debit-Credit-Void" time="239.148" classname="Test Cases/RecAndPlayBk/VLink/Debit-Credit-Void" status="PASSED">
         <system-out><![CDATA[2023-02-08 19:14:57 - [TEST_CASE][PASSED] - Test Cases/RecAndPlayBk/VLink/Debit-Credit-Void: Test Cases/RecAndPlayBk/VLink/Debit-Credit-Void

2023-02-08 19:14:57 - [TEST_STEP][PASSED] - executionProfile = getExecutionProfile(): null

2023-02-08 19:14:57 - [TEST_STEP][PASSED] - out.println("executionProfile : " + executionProfile): null

2023-02-08 19:14:57 - [TEST_STEP][PASSED] - appName = <not implemented yet for class: org.codehaus.groovy.ast.expr.EmptyExpression>: null

2023-02-08 19:14:57 - [TEST_STEP][PASSED] - appID = <not implemented yet for class: org.codehaus.groovy.ast.expr.EmptyExpression>: null

2023-02-08 19:14:57 - [TEST_STEP][PASSED] - username = <not implemented yet for class: org.codehaus.groovy.ast.expr.EmptyExpression>: null

2023-02-08 19:14:57 - [TEST_STEP][PASSED] - password = <not implemented yet for class: org.codehaus.groovy.ast.expr.EmptyExpression>: null

2023-02-08 19:14:57 - [TEST_STEP][PASSED] - cardNameV = <not implemented yet for class: org.codehaus.groovy.ast.expr.EmptyExpression>: null

2023-02-08 19:14:57 - [TEST_STEP][PASSED] - al1V = <not implemented yet for class: org.codehaus.groovy.ast.expr.EmptyExpression>: null

2023-02-08 19:14:57 - [TEST_STEP][PASSED] - al2V = <not implemented yet for class: org.codehaus.groovy.ast.expr.EmptyExpression>: null

2023-02-08 19:14:57 - [TEST_STEP][PASSED] - zipV = <not implemented yet for class: org.codehaus.groovy.ast.expr.EmptyExpression>: null

2023-02-08 19:14:57 - [TEST_STEP][PASSED] - cardTypeV = <not implemented yet for class: org.codehaus.groovy.ast.expr.EmptyExpression>: null

2023-02-08 19:14:57 - [TEST_STEP][PASSED] - last4V = <not implemented yet for class: org.codehaus.groovy.ast.expr.EmptyExpression>: null

2023-02-08 19:14:57 - [TEST_STEP][PASSED] - resText = "Fail": null

2023-02-08 19:14:57 - [TEST_STEP][PASSED] - resColumn = "Result": null

2023-02-08 19:14:57 - [TEST_STEP][PASSED] - datCloumn = "Date": null

2023-02-08 19:14:57 - [TEST_STEP][PASSED] - fileLoc = "KatalonData/VLinkSmokeDataACH.xlsx": null

2023-02-08 19:14:57 - [TEST_STEP][PASSED] - numOfRows = <not implemented yet for class: org.codehaus.groovy.ast.expr.EmptyExpression>: null

2023-02-08 19:14:57 - [TEST_STEP][PASSED] - dataFile = <not implemented yet for class: org.codehaus.groovy.ast.expr.EmptyExpression>: null

2023-02-08 19:14:57 - [TEST_STEP][PASSED] - nameSheet = <not implemented yet for class: org.codehaus.groovy.ast.expr.EmptyExpression>: null

2023-02-08 19:14:57 - [TEST_STEP][PASSED] - nameSheet = "Debit-Credit-Void": null

2023-02-08 19:14:57 - [TEST_STEP][PASSED] - numOfRows = findTestData("QA/VLinkTestData/DebitCreditVoidData").getRowNumbers(): null

2023-02-08 19:14:57 - [TEST_STEP][PASSED] - println("Number of Records: " + numOfRows): null

2023-02-08 19:14:57 - [TEST_STEP][PASSED] - dataFile = "QA/VLinkTestData/DebitCreditVoidData": null

2023-02-08 19:14:57 - [TEST_STEP][PASSED] - for ([row = 1, row <= numOfRows, (row++)]): null

2023-02-08 19:14:57 - [TEST_STEP][PASSED] - ExecuteTC = findTestData(dataFile).getValue("Execute", row): null

2023-02-08 19:14:57 - [TEST_STEP][PASSED] - out.println("Value of Execute is : " + ExecuteTC): null

2023-02-08 19:14:57 - [TEST_STEP][PASSED] - switch (executionProfile): null

2023-02-08 19:14:57 - [TEST_STEP][PASSED] - case "QAProfile":: null

2023-02-08 19:14:57 - [TEST_STEP][PASSED] - appID = findTestData(dataFile).getValue("AppIDQA", row): null

2023-02-08 19:14:57 - [TEST_STEP][PASSED] - username = findTestData(dataFile).getValue("UsernameQA", row): null

2023-02-08 19:14:58 - [TEST_STEP][PASSED] - password = findTestData(dataFile).getValue("PasswordQA", row): null

2023-02-08 19:14:58 - [TEST_STEP][PASSED] - break: null

2023-02-08 19:14:58 - [TEST_STEP][PASSED] - if (ExecuteTC.equalsIgnoreCase("Y")): null

2023-02-08 19:14:58 - [TEST_STEP][PASSED] - out.println("Begin Record Number: " + row): null

2023-02-08 19:14:58 - [TEST_STEP][PASSED] - today = new java.util.Date(): null

2023-02-08 19:14:58 - [TEST_STEP][PASSED] - println(today): null

2023-02-08 19:14:58 - [TEST_STEP][PASSED] - datText = today: null

2023-02-08 19:14:58 - [TEST_STEP][PASSED] - checkType = findTestData(dataFile).getValue("CheckType", row): null

2023-02-08 19:14:58 - [TEST_STEP][PASSED] - acNumber = findTestData(dataFile).getValue("AcNumber", row): null

2023-02-08 19:14:58 - [TEST_STEP][PASSED] - company = findTestData(dataFile).getValue("Company", row): null

2023-02-08 19:14:58 - [TEST_STEP][PASSED] - acType = findTestData(dataFile).getValue("AcType", row): null

2023-02-08 19:14:58 - [TEST_STEP][PASSED] - rtn = findTestData(dataFile).getValue("RTN", row): null

2023-02-08 19:14:58 - [TEST_STEP][PASSED] - amount = findTestData(dataFile).getValue("Amount", row): null

2023-02-08 19:14:58 - [TEST_STEP][PASSED] - sec = findTestData(dataFile).getValue("SEC", row): null

2023-02-08 19:14:58 - [TEST_STEP][PASSED] - openBrowser(VLinkURL + "debit.html"): Browser is opened with url: 'https://dev-algorithm.govolution.com/vlinktest/QA/version_2_0/debit.html'

2023-02-08 19:14:58 - [MESSAGE][WARNING] - A browser is already opened. Closing browser and opening a new one

2023-02-08 19:14:59 - [MESSAGE][INFO] - Starting 'Chrome' driver

2023-02-08 19:14:59 - [MESSAGE][INFO] - User set preference: ['acceptInsecureCerts', 'true']

2023-02-08 19:14:59 - [MESSAGE][INFO] - Action delay is set to 0 milliseconds

2023-02-08 19:15:01 - [MESSAGE][PASSED] - Browser is opened with url: 'https://dev-algorithm.govolution.com/vlinktest/QA/version_2_0/debit.html'

2023-02-08 19:15:01 - [TEST_STEP][PASSED] - maximizeWindow(): Current window maximized

2023-02-08 19:15:01 - [MESSAGE][PASSED] - Current window maximized

2023-02-08 19:15:01 - [TEST_STEP][PASSED] - genRemID = RandomStringUtils.random(12, true, true): null

2023-02-08 19:15:01 - [TEST_STEP][PASSED] - setText(findTestObject("RecAndPlayBk/Page-Vlink-Debit/input_Remittance Id"), genRemID): Text '9Ia2oTuRBuyI' is set on object 'Object Repository/RecAndPlayBk/Page-Vlink-Debit/input_Remittance Id'

2023-02-08 19:15:02 - [MESSAGE][PASSED] - Text '9Ia2oTuRBuyI' is set on object 'Object Repository/RecAndPlayBk/Page-Vlink-Debit/input_Remittance Id'

2023-02-08 19:15:02 - [TEST_STEP][PASSED] - setText(findTestObject("RecAndPlayBk/Page-Vlink-Debit/input_Application Id"), appID): Text '234' is set on object 'Object Repository/RecAndPlayBk/Page-Vlink-Debit/input_Application Id'

2023-02-08 19:15:02 - [MESSAGE][PASSED] - Text '234' is set on object 'Object Repository/RecAndPlayBk/Page-Vlink-Debit/input_Application Id'

2023-02-08 19:15:02 - [TEST_STEP][PASSED] - setText(findTestObject("RecAndPlayBk/Page-Vlink-Debit/input_Username"), username): Text 'username' is set on object 'Object Repository/RecAndPlayBk/Page-Vlink-Debit/input_Username'

2023-02-08 19:15:03 - [MESSAGE][PASSED] - Text 'username' is set on object 'Object Repository/RecAndPlayBk/Page-Vlink-Debit/input_Username'

2023-02-08 19:15:03 - [TEST_STEP][PASSED] - setText(findTestObject("RecAndPlayBk/Page-Vlink-Debit/input_Password"), password): Text 'password' is set on object 'Object Repository/RecAndPlayBk/Page-Vlink-Debit/input_Password'

2023-02-08 19:15:03 - [MESSAGE][PASSED] - Text 'password' is set on object 'Object Repository/RecAndPlayBk/Page-Vlink-Debit/input_Password'

2023-02-08 19:15:03 - [TEST_STEP][PASSED] - setText(findTestObject("RecAndPlayBk/Page-Vlink-Debit/input_Check Type"), checkType): Text 'P' is set on object 'Object Repository/RecAndPlayBk/Page-Vlink-Debit/input_Check Type'

2023-02-08 19:15:04 - [MESSAGE][PASSED] - Text 'P' is set on object 'Object Repository/RecAndPlayBk/Page-Vlink-Debit/input_Check Type'

2023-02-08 19:15:04 - [TEST_STEP][PASSED] - setText(findTestObject("RecAndPlayBk/Page-Vlink-Debit/input_Account_check"), acNumber): Text '58963214' is set on object 'Object Repository/RecAndPlayBk/Page-Vlink-Debit/input_Account_check'

2023-02-08 19:15:05 - [MESSAGE][PASSED] - Text '58963214' is set on object 'Object Repository/RecAndPlayBk/Page-Vlink-Debit/input_Account_check'

2023-02-08 19:15:05 - [TEST_STEP][PASSED] - setText(findTestObject("RecAndPlayBk/Page-Vlink-Debit/input_Company_check"), company): Text '' is set on object 'Object Repository/RecAndPlayBk/Page-Vlink-Debit/input_Company_check'

2023-02-08 19:15:05 - [MESSAGE][PASSED] - Text '' is set on object 'Object Repository/RecAndPlayBk/Page-Vlink-Debit/input_Company_check'

2023-02-08 19:15:05 - [TEST_STEP][PASSED] - setText(findTestObject("RecAndPlayBk/Page-Vlink-Debit/input_Account Type"), acType): Text '1' is set on object 'Object Repository/RecAndPlayBk/Page-Vlink-Debit/input_Account Type'

2023-02-08 19:15:06 - [MESSAGE][PASSED] - Text '1' is set on object 'Object Repository/RecAndPlayBk/Page-Vlink-Debit/input_Account Type'

2023-02-08 19:15:06 - [TEST_STEP][PASSED] - setText(findTestObject("RecAndPlayBk/Page-Vlink-Debit/input_Routing Number"), rtn): Text '256072691' is set on object 'Object Repository/RecAndPlayBk/Page-Vlink-Debit/input_Routing Number'

2023-02-08 19:15:07 - [MESSAGE][PASSED] - Text '256072691' is set on object 'Object Repository/RecAndPlayBk/Page-Vlink-Debit/input_Routing Number'

2023-02-08 19:15:07 - [TEST_STEP][PASSED] - setText(findTestObject("RecAndPlayBk/Page-Vlink-Debit/input_Amount"), amount): Text '12.50' is set on object 'Object Repository/RecAndPlayBk/Page-Vlink-Debit/input_Amount'

2023-02-08 19:15:07 - [MESSAGE][PASSED] - Text '12.50' is set on object 'Object Repository/RecAndPlayBk/Page-Vlink-Debit/input_Amount'

2023-02-08 19:15:07 - [TEST_STEP][PASSED] - setText(findTestObject("RecAndPlayBk/Page-Vlink-Debit/input_Check Email"), ""): Text '' is set on object 'Object Repository/RecAndPlayBk/Page-Vlink-Debit/input_Check Email'

2023-02-08 19:15:08 - [MESSAGE][PASSED] - Text '' is set on object 'Object Repository/RecAndPlayBk/Page-Vlink-Debit/input_Check Email'

2023-02-08 19:15:08 - [TEST_STEP][PASSED] - setText(findTestObject("Object Repository/RecAndPlayBk/Page-Vlink-Debit/input_concat(CheckWriter, , s SSN)_check_ssn"), ""): Text '' is set on object 'Object Repository/RecAndPlayBk/Page-Vlink-Debit/input_concat(CheckWriter, , s SSN)_check_ssn'

2023-02-08 19:15:08 - [MESSAGE][PASSED] - Text '' is set on object 'Object Repository/RecAndPlayBk/Page-Vlink-Debit/input_concat(CheckWriter, , s SSN)_check_ssn'

2023-02-08 19:15:08 - [TEST_STEP][PASSED] - setText(findTestObject("Object Repository/RecAndPlayBk/Page-Vlink-Debit/input_concat(CheckWriter, , s License Numbe_020fef"), ""): Text '' is set on object 'Object Repository/RecAndPlayBk/Page-Vlink-Debit/input_concat(CheckWriter, , s License Numbe_020fef'

2023-02-08 19:15:09 - [MESSAGE][PASSED] - Text '' is set on object 'Object Repository/RecAndPlayBk/Page-Vlink-Debit/input_concat(CheckWriter, , s License Numbe_020fef'

2023-02-08 19:15:09 - [TEST_STEP][PASSED] - setText(findTestObject("Object Repository/RecAndPlayBk/Page-Vlink-Debit/input_concat(CheckWriter, , s License State_21e3e7"), ""): Text '' is set on object 'Object Repository/RecAndPlayBk/Page-Vlink-Debit/input_concat(CheckWriter, , s License State_21e3e7'

2023-02-08 19:15:10 - [MESSAGE][PASSED] - Text '' is set on object 'Object Repository/RecAndPlayBk/Page-Vlink-Debit/input_concat(CheckWriter, , s License State_21e3e7'

2023-02-08 19:15:10 - [TEST_STEP][PASSED] - setText(findTestObject("RecAndPlayBk/Page-Vlink-Debit/input_Standard Entry Class"), sec): Text 'WEB' is set on object 'Object Repository/RecAndPlayBk/Page-Vlink-Debit/input_Standard Entry Class'

2023-02-08 19:15:10 - [MESSAGE][PASSED] - Text 'WEB' is set on object 'Object Repository/RecAndPlayBk/Page-Vlink-Debit/input_Standard Entry Class'

2023-02-08 19:15:10 - [TEST_STEP][PASSED] - click(findTestObject("Object Repository/RecAndPlayBk/Page-Vlink-Debit/input")): Object: 'Object Repository/RecAndPlayBk/Page-Vlink-Debit/input' is clicked on

2023-02-08 19:15:11 - [MESSAGE][PASSED] - Object: 'Object Repository/RecAndPlayBk/Page-Vlink-Debit/input' is clicked on

2023-02-08 19:15:11 - [TEST_STEP][PASSED] - if (verifyTextPresent("Transaction approved, no errors", true)): null

2023-02-08 19:15:11 - [MESSAGE][PASSED] - Text 'Transaction approved, no errors' is present on page  using regular expression

2023-02-08 19:15:11 - [TEST_STEP][PASSED] - println("Transaction Approved, no errors text is present on the Confirmation page"): null

2023-02-08 19:15:11 - [TEST_STEP][PASSED] - sdfo = getText(findTestObject("Object Repository/Page_VLinkReceipt/pre_STX")): Text of object 'Object Repository/Page_VLinkReceipt/pre_STX' is: '<STX>9Ia2oTuRBuyI                  12125295            0  Transaction approved, no errors                   0                                                                                                              <ETX>'

2023-02-08 19:15:12 - [MESSAGE][PASSED] - Text of object 'Object Repository/Page_VLinkReceipt/pre_STX' is: '<STX>9Ia2oTuRBuyI                  12125295            0  Transaction approved, no errors                   0                                                                                                              <ETX>'

2023-02-08 19:15:12 - [TEST_STEP][PASSED] - out.println("sdfo: " + sdfo): null

2023-02-08 19:15:12 - [TEST_STEP][PASSED] - remID = substring(5, 35).trim(): null

2023-02-08 19:15:12 - [TEST_STEP][PASSED] - out.println("remID: " + remID): null

2023-02-08 19:15:12 - [TEST_STEP][PASSED] - traxID = substring(35, 55).trim(): null

2023-02-08 19:15:12 - [TEST_STEP][PASSED] - out.println("traxID: " + traxID): null

2023-02-08 19:15:12 - [TEST_STEP][PASSED] - VLinkSaleRemID = remID: null

2023-02-08 19:15:12 - [TEST_STEP][PASSED] - VLinkSaleTranxID = traxID: null

2023-02-08 19:15:12 - [TEST_STEP][PASSED] - openBrowser(VLinkURL + "ACH_credit.html"): Browser is opened with url: 'https://dev-algorithm.govolution.com/vlinktest/QA/version_2_0/ACH_credit.html'

2023-02-08 19:15:12 - [MESSAGE][WARNING] - A browser is already opened. Closing browser and opening a new one

2023-02-08 19:15:13 - [MESSAGE][INFO] - Starting 'Chrome' driver

2023-02-08 19:15:13 - [MESSAGE][INFO] - User set preference: ['acceptInsecureCerts', 'true']

2023-02-08 19:15:13 - [MESSAGE][INFO] - Action delay is set to 0 milliseconds

2023-02-08 19:15:14 - [MESSAGE][PASSED] - Browser is opened with url: 'https://dev-algorithm.govolution.com/vlinktest/QA/version_2_0/ACH_credit.html'

2023-02-08 19:15:14 - [TEST_STEP][PASSED] - maximizeWindow(): Current window maximized

2023-02-08 19:15:14 - [MESSAGE][PASSED] - Current window maximized

2023-02-08 19:15:14 - [TEST_STEP][PASSED] - setText(findTestObject("Object Repository/RecAndPlayBk/Page-Vlink-ACH-Credit/input_Remittance Id"), VLinkSaleRemID): Text '9Ia2oTuRBuyI' is set on object 'Object Repository/RecAndPlayBk/Page-Vlink-ACH-Credit/input_Remittance Id'

2023-02-08 19:15:15 - [MESSAGE][PASSED] - Text '9Ia2oTuRBuyI' is set on object 'Object Repository/RecAndPlayBk/Page-Vlink-ACH-Credit/input_Remittance Id'

2023-02-08 19:15:15 - [TEST_STEP][PASSED] - setText(findTestObject("Object Repository/RecAndPlayBk/Page-Vlink-ACH-Credit/input_Application Id"), appID): Text '234' is set on object 'Object Repository/RecAndPlayBk/Page-Vlink-ACH-Credit/input_Application Id'

2023-02-08 19:15:16 - [MESSAGE][PASSED] - Text '234' is set on object 'Object Repository/RecAndPlayBk/Page-Vlink-ACH-Credit/input_Application Id'

2023-02-08 19:15:16 - [TEST_STEP][PASSED] - setText(findTestObject("Object Repository/RecAndPlayBk/Page-Vlink-ACH-Credit/input_Username"), username): Text 'username' is set on object 'Object Repository/RecAndPlayBk/Page-Vlink-ACH-Credit/input_Username'

2023-02-08 19:15:16 - [MESSAGE][PASSED] - Text 'username' is set on object 'Object Repository/RecAndPlayBk/Page-Vlink-ACH-Credit/input_Username'

2023-02-08 19:15:16 - [TEST_STEP][PASSED] - setText(findTestObject("Object Repository/RecAndPlayBk/Page-Vlink-ACH-Credit/input_Password"), password): Text 'password' is set on object 'Object Repository/RecAndPlayBk/Page-Vlink-ACH-Credit/input_Password'

2023-02-08 19:15:17 - [MESSAGE][PASSED] - Text 'password' is set on object 'Object Repository/RecAndPlayBk/Page-Vlink-ACH-Credit/input_Password'

2023-02-08 19:15:17 - [TEST_STEP][PASSED] - setText(findTestObject("Object Repository/RecAndPlayBk/Page-Vlink-ACH-Credit/input_Check Type"), checkType): Text 'P' is set on object 'Object Repository/RecAndPlayBk/Page-Vlink-ACH-Credit/input_Check Type'

2023-02-08 19:15:18 - [MESSAGE][PASSED] - Text 'P' is set on object 'Object Repository/RecAndPlayBk/Page-Vlink-ACH-Credit/input_Check Type'

2023-02-08 19:15:18 - [TEST_STEP][PASSED] - setText(findTestObject("Object Repository/RecAndPlayBk/Page-Vlink-ACH-Credit/input_Transaction ID"), VLinkSaleTranxID): Text '12125295' is set on object 'Object Repository/RecAndPlayBk/Page-Vlink-ACH-Credit/input_Transaction ID'

2023-02-08 19:15:18 - [MESSAGE][PASSED] - Text '12125295' is set on object 'Object Repository/RecAndPlayBk/Page-Vlink-ACH-Credit/input_Transaction ID'

2023-02-08 19:15:18 - [TEST_STEP][PASSED] - setText(findTestObject("Object Repository/RecAndPlayBk/Page-Vlink-ACH-Credit/input_Amount"), amount): Text '12.50' is set on object 'Object Repository/RecAndPlayBk/Page-Vlink-ACH-Credit/input_Amount'

2023-02-08 19:15:19 - [MESSAGE][PASSED] - Text '12.50' is set on object 'Object Repository/RecAndPlayBk/Page-Vlink-ACH-Credit/input_Amount'

2023-02-08 19:15:19 - [TEST_STEP][PASSED] - setText(findTestObject("Object Repository/RecAndPlayBk/Page-Vlink-ACH-Credit/input_Standard Entry Class"), sec): Text 'WEB' is set on object 'Object Repository/RecAndPlayBk/Page-Vlink-ACH-Credit/input_Standard Entry Class'

2023-02-08 19:15:19 - [MESSAGE][PASSED] - Text 'WEB' is set on object 'Object Repository/RecAndPlayBk/Page-Vlink-ACH-Credit/input_Standard Entry Class'

2023-02-08 19:15:19 - [TEST_STEP][PASSED] - setText(findTestObject("Object Repository/RecAndPlayBk/Page-Vlink-ACH-Credit/input_Account Number"), acNumber): Text '58963214' is set on object 'Object Repository/RecAndPlayBk/Page-Vlink-ACH-Credit/input_Account Number'

2023-02-08 19:15:20 - [MESSAGE][PASSED] - Text '58963214' is set on object 'Object Repository/RecAndPlayBk/Page-Vlink-ACH-Credit/input_Account Number'

2023-02-08 19:15:20 - [TEST_STEP][PASSED] - setText(findTestObject("Object Repository/RecAndPlayBk/Page-Vlink-ACH-Credit/input_Routing Number"), rtn): Text '256072691' is set on object 'Object Repository/RecAndPlayBk/Page-Vlink-ACH-Credit/input_Routing Number'

2023-02-08 19:15:21 - [MESSAGE][PASSED] - Text '256072691' is set on object 'Object Repository/RecAndPlayBk/Page-Vlink-ACH-Credit/input_Routing Number'

2023-02-08 19:15:21 - [TEST_STEP][PASSED] - click(findTestObject("Object Repository/RecAndPlayBk/Page-Vlink-ACH-Credit/input")): Object: 'Object Repository/RecAndPlayBk/Page-Vlink-ACH-Credit/input' is clicked on

2023-02-08 19:15:22 - [MESSAGE][PASSED] - Object: 'Object Repository/RecAndPlayBk/Page-Vlink-ACH-Credit/input' is clicked on

2023-02-08 19:15:22 - [TEST_STEP][PASSED] - if (verifyTextPresent("Transaction approved, no errors", true)): null

2023-02-08 19:15:22 - [MESSAGE][PASSED] - Text 'Transaction approved, no errors' is present on page  using regular expression

2023-02-08 19:15:22 - [TEST_STEP][PASSED] - println("Transaction Approved, no errors text is present on the Confirmation page"): null

2023-02-08 19:15:22 - [TEST_STEP][PASSED] - sdfo = getText(findTestObject("Object Repository/Page_VLinkReceipt/pre_STX")): Text of object 'Object Repository/Page_VLinkReceipt/pre_STX' is: '<STX>9Ia2oTuRBuyI                  12125296            0  Transaction approved, no errors                   0                                                                                                              <ETX>'

2023-02-08 19:15:22 - [MESSAGE][PASSED] - Text of object 'Object Repository/Page_VLinkReceipt/pre_STX' is: '<STX>9Ia2oTuRBuyI                  12125296            0  Transaction approved, no errors                   0                                                                                                              <ETX>'

2023-02-08 19:15:22 - [TEST_STEP][PASSED] - out.println("sdfo: " + sdfo): null

2023-02-08 19:15:22 - [TEST_STEP][PASSED] - remID = substring(5, 35).trim(): null

2023-02-08 19:15:22 - [TEST_STEP][PASSED] - out.println("remID: " + remID): null

2023-02-08 19:15:22 - [TEST_STEP][PASSED] - traxID = substring(35, 55).trim(): null

2023-02-08 19:15:22 - [TEST_STEP][PASSED] - out.println("traxID: " + traxID): null

2023-02-08 19:15:22 - [TEST_STEP][PASSED] - VLinkSaleRemID = remID: null

2023-02-08 19:15:22 - [TEST_STEP][PASSED] - VLinkSaleTranxID = traxID: null

2023-02-08 19:15:22 - [TEST_STEP][PASSED] - openBrowser(VLinkURL + "ACH_void.html"): Browser is opened with url: 'https://dev-algorithm.govolution.com/vlinktest/QA/version_2_0/ACH_void.html'

2023-02-08 19:15:22 - [MESSAGE][WARNING] - A browser is already opened. Closing browser and opening a new one

2023-02-08 19:15:23 - [MESSAGE][INFO] - Starting 'Chrome' driver

2023-02-08 19:15:23 - [MESSAGE][INFO] - User set preference: ['acceptInsecureCerts', 'true']

2023-02-08 19:15:23 - [MESSAGE][INFO] - Action delay is set to 0 milliseconds

2023-02-08 19:15:25 - [MESSAGE][PASSED] - Browser is opened with url: 'https://dev-algorithm.govolution.com/vlinktest/QA/version_2_0/ACH_void.html'

2023-02-08 19:15:25 - [TEST_STEP][PASSED] - maximizeWindow(): Current window maximized

2023-02-08 19:15:25 - [MESSAGE][PASSED] - Current window maximized

2023-02-08 19:15:25 - [TEST_STEP][PASSED] - setText(findTestObject("Object Repository/RecAndPlayBk/Page-Vlink-ACH-Void/input_Remittance Id"), VLinkSaleRemID): Text '9Ia2oTuRBuyI' is set on object 'Object Repository/RecAndPlayBk/Page-Vlink-ACH-Void/input_Remittance Id'

2023-02-08 19:15:26 - [MESSAGE][PASSED] - Text '9Ia2oTuRBuyI' is set on object 'Object Repository/RecAndPlayBk/Page-Vlink-ACH-Void/input_Remittance Id'

2023-02-08 19:15:26 - [TEST_STEP][PASSED] - setText(findTestObject("Object Repository/RecAndPlayBk/Page-Vlink-ACH-Void/input_Application Id"), appID): Text '234' is set on object 'Object Repository/RecAndPlayBk/Page-Vlink-ACH-Void/input_Application Id'

2023-02-08 19:15:26 - [MESSAGE][PASSED] - Text '234' is set on object 'Object Repository/RecAndPlayBk/Page-Vlink-ACH-Void/input_Application Id'

2023-02-08 19:15:26 - [TEST_STEP][PASSED] - setText(findTestObject("Object Repository/RecAndPlayBk/Page-Vlink-ACH-Void/input_Username"), username): Text 'username' is set on object 'Object Repository/RecAndPlayBk/Page-Vlink-ACH-Void/input_Username'

2023-02-08 19:15:27 - [MESSAGE][PASSED] - Text 'username' is set on object 'Object Repository/RecAndPlayBk/Page-Vlink-ACH-Void/input_Username'

2023-02-08 19:15:27 - [TEST_STEP][PASSED] - setText(findTestObject("Object Repository/RecAndPlayBk/Page-Vlink-ACH-Void/input_Password"), password): Text 'password' is set on object 'Object Repository/RecAndPlayBk/Page-Vlink-ACH-Void/input_Password'

2023-02-08 19:15:28 - [MESSAGE][PASSED] - Text 'password' is set on object 'Object Repository/RecAndPlayBk/Page-Vlink-ACH-Void/input_Password'

2023-02-08 19:15:28 - [TEST_STEP][PASSED] - setText(findTestObject("Object Repository/RecAndPlayBk/Page-Vlink-ACH-Void/input_Check Type"), checkType): Text 'P' is set on object 'Object Repository/RecAndPlayBk/Page-Vlink-ACH-Void/input_Check Type'

2023-02-08 19:15:28 - [MESSAGE][PASSED] - Text 'P' is set on object 'Object Repository/RecAndPlayBk/Page-Vlink-ACH-Void/input_Check Type'

2023-02-08 19:15:28 - [TEST_STEP][PASSED] - setText(findTestObject("Object Repository/RecAndPlayBk/Page-Vlink-ACH-Void/input_Standard Entry Class"), sec): Text 'WEB' is set on object 'Object Repository/RecAndPlayBk/Page-Vlink-ACH-Void/input_Standard Entry Class'

2023-02-08 19:15:29 - [MESSAGE][PASSED] - Text 'WEB' is set on object 'Object Repository/RecAndPlayBk/Page-Vlink-ACH-Void/input_Standard Entry Class'

2023-02-08 19:15:29 - [TEST_STEP][PASSED] - setText(findTestObject("Object Repository/RecAndPlayBk/Page-Vlink-ACH-Void/input_Transaction ID"), VLinkSaleTranxID): Text '12125296' is set on object 'Object Repository/RecAndPlayBk/Page-Vlink-ACH-Void/input_Transaction ID'

2023-02-08 19:15:29 - [MESSAGE][PASSED] - Text '12125296' is set on object 'Object Repository/RecAndPlayBk/Page-Vlink-ACH-Void/input_Transaction ID'

2023-02-08 19:15:29 - [TEST_STEP][PASSED] - setText(findTestObject("Object Repository/RecAndPlayBk/Page-Vlink-ACH-Void/input_Original Transaction Type"), "201"): Text '201' is set on object 'Object Repository/RecAndPlayBk/Page-Vlink-ACH-Void/input_Original Transaction Type'

2023-02-08 19:15:30 - [MESSAGE][PASSED] - Text '201' is set on object 'Object Repository/RecAndPlayBk/Page-Vlink-ACH-Void/input_Original Transaction Type'

2023-02-08 19:15:30 - [TEST_STEP][PASSED] - click(findTestObject("Object Repository/RecAndPlayBk/Page-Vlink-ACH-Void/input")): Object: 'Object Repository/RecAndPlayBk/Page-Vlink-ACH-Void/input' is clicked on

2023-02-08 19:15:31 - [MESSAGE][PASSED] - Object: 'Object Repository/RecAndPlayBk/Page-Vlink-ACH-Void/input' is clicked on

2023-02-08 19:15:31 - [TEST_STEP][PASSED] - if (verifyTextPresent("Transaction approved, no errors", true)): null

2023-02-08 19:15:31 - [MESSAGE][PASSED] - Text 'Transaction approved, no errors' is present on page  using regular expression

2023-02-08 19:15:31 - [TEST_STEP][PASSED] - println("Transaction Approved, no errors text is present on the Confirmation page"): null

2023-02-08 19:15:31 - [TEST_STEP][PASSED] - out.println("Pass Record Number: " + row): null

2023-02-08 19:15:31 - [TEST_STEP][PASSED] - resText = "Pass": null

2023-02-08 19:15:31 - [TEST_STEP][PASSED] - pages.WriteExcel.demoKey(resText, datText, resColumn, datCloumn, fileLoc, nameSheet, row): pages.WriteExcel.demoKey is PASSED

2023-02-08 19:15:31 - [MESSAGE][PASSED] - pages.WriteExcel.demoKey is PASSED

2023-02-08 19:15:31 - [TEST_STEP][PASSED] - ExecuteTC = findTestData(dataFile).getValue("Execute", row): null

2023-02-08 19:15:31 - [TEST_STEP][PASSED] - out.println("Value of Execute is : " + ExecuteTC): null

2023-02-08 19:15:31 - [TEST_STEP][PASSED] - switch (executionProfile): null

2023-02-08 19:15:31 - [TEST_STEP][PASSED] - case "QAProfile":: null

2023-02-08 19:15:31 - [TEST_STEP][PASSED] - appID = findTestData(dataFile).getValue("AppIDQA", row): null

2023-02-08 19:15:31 - [TEST_STEP][PASSED] - username = findTestData(dataFile).getValue("UsernameQA", row): null

2023-02-08 19:15:31 - [TEST_STEP][PASSED] - password = findTestData(dataFile).getValue("PasswordQA", row): null

2023-02-08 19:15:31 - [TEST_STEP][PASSED] - break: null

2023-02-08 19:15:31 - [TEST_STEP][PASSED] - if (ExecuteTC.equalsIgnoreCase("Y")): null

2023-02-08 19:15:31 - [TEST_STEP][PASSED] - out.println("Begin Record Number: " + row): null

2023-02-08 19:15:31 - [TEST_STEP][PASSED] - today = new java.util.Date(): null

2023-02-08 19:15:31 - [TEST_STEP][PASSED] - println(today): null

2023-02-08 19:15:31 - [TEST_STEP][PASSED] - datText = today: null

2023-02-08 19:15:31 - [TEST_STEP][PASSED] - checkType = findTestData(dataFile).getValue("CheckType", row): null

2023-02-08 19:15:32 - [TEST_STEP][PASSED] - acNumber = findTestData(dataFile).getValue("AcNumber", row): null

2023-02-08 19:15:32 - [TEST_STEP][PASSED] - company = findTestData(dataFile).getValue("Company", row): null

2023-02-08 19:15:32 - [TEST_STEP][PASSED] - acType = findTestData(dataFile).getValue("AcType", row): null

2023-02-08 19:15:32 - [TEST_STEP][PASSED] - rtn = findTestData(dataFile).getValue("RTN", row): null

2023-02-08 19:15:32 - [TEST_STEP][PASSED] - amount = findTestData(dataFile).getValue("Amount", row): null

2023-02-08 19:15:32 - [TEST_STEP][PASSED] - sec = findTestData(dataFile).getValue("SEC", row): null

2023-02-08 19:15:32 - [TEST_STEP][PASSED] - openBrowser(VLinkURL + "debit.html"): Browser is opened with url: 'https://dev-algorithm.govolution.com/vlinktest/QA/version_2_0/debit.html'

2023-02-08 19:15:32 - [MESSAGE][WARNING] - A browser is already opened. Closing browser and opening a new one

2023-02-08 19:15:33 - [MESSAGE][INFO] - Starting 'Chrome' driver

2023-02-08 19:15:33 - [MESSAGE][INFO] - User set preference: ['acceptInsecureCerts', 'true']

2023-02-08 19:15:33 - [MESSAGE][INFO] - Action delay is set to 0 milliseconds

2023-02-08 19:15:35 - [MESSAGE][PASSED] - Browser is opened with url: 'https://dev-algorithm.govolution.com/vlinktest/QA/version_2_0/debit.html'

2023-02-08 19:15:35 - [TEST_STEP][PASSED] - maximizeWindow(): Current window maximized

2023-02-08 19:15:35 - [MESSAGE][PASSED] - Current window maximized

2023-02-08 19:15:35 - [TEST_STEP][PASSED] - genRemID = RandomStringUtils.random(12, true, true): null

2023-02-08 19:15:35 - [TEST_STEP][PASSED] - setText(findTestObject("RecAndPlayBk/Page-Vlink-Debit/input_Remittance Id"), genRemID): Text 'SNhi9eWjW2rV' is set on object 'Object Repository/RecAndPlayBk/Page-Vlink-Debit/input_Remittance Id'

2023-02-08 19:15:36 - [MESSAGE][PASSED] - Text 'SNhi9eWjW2rV' is set on object 'Object Repository/RecAndPlayBk/Page-Vlink-Debit/input_Remittance Id'

2023-02-08 19:15:36 - [TEST_STEP][PASSED] - setText(findTestObject("RecAndPlayBk/Page-Vlink-Debit/input_Application Id"), appID): Text '234' is set on object 'Object Repository/RecAndPlayBk/Page-Vlink-Debit/input_Application Id'

2023-02-08 19:15:36 - [MESSAGE][PASSED] - Text '234' is set on object 'Object Repository/RecAndPlayBk/Page-Vlink-Debit/input_Application Id'

2023-02-08 19:15:36 - [TEST_STEP][PASSED] - setText(findTestObject("RecAndPlayBk/Page-Vlink-Debit/input_Username"), username): Text 'username' is set on object 'Object Repository/RecAndPlayBk/Page-Vlink-Debit/input_Username'

2023-02-08 19:15:37 - [MESSAGE][PASSED] - Text 'username' is set on object 'Object Repository/RecAndPlayBk/Page-Vlink-Debit/input_Username'

2023-02-08 19:15:37 - [TEST_STEP][PASSED] - setText(findTestObject("RecAndPlayBk/Page-Vlink-Debit/input_Password"), password): Text 'password' is set on object 'Object Repository/RecAndPlayBk/Page-Vlink-Debit/input_Password'

2023-02-08 19:15:38 - [MESSAGE][PASSED] - Text 'password' is set on object 'Object Repository/RecAndPlayBk/Page-Vlink-Debit/input_Password'

2023-02-08 19:15:38 - [TEST_STEP][PASSED] - setText(findTestObject("RecAndPlayBk/Page-Vlink-Debit/input_Check Type"), checkType): Text 'P' is set on object 'Object Repository/RecAndPlayBk/Page-Vlink-Debit/input_Check Type'

2023-02-08 19:15:38 - [MESSAGE][PASSED] - Text 'P' is set on object 'Object Repository/RecAndPlayBk/Page-Vlink-Debit/input_Check Type'

2023-02-08 19:15:38 - [TEST_STEP][PASSED] - setText(findTestObject("RecAndPlayBk/Page-Vlink-Debit/input_Account_check"), acNumber): Text '58963214' is set on object 'Object Repository/RecAndPlayBk/Page-Vlink-Debit/input_Account_check'

2023-02-08 19:15:39 - [MESSAGE][PASSED] - Text '58963214' is set on object 'Object Repository/RecAndPlayBk/Page-Vlink-Debit/input_Account_check'

2023-02-08 19:15:39 - [TEST_STEP][PASSED] - setText(findTestObject("RecAndPlayBk/Page-Vlink-Debit/input_Company_check"), company): Text '' is set on object 'Object Repository/RecAndPlayBk/Page-Vlink-Debit/input_Company_check'

2023-02-08 19:15:39 - [MESSAGE][PASSED] - Text '' is set on object 'Object Repository/RecAndPlayBk/Page-Vlink-Debit/input_Company_check'

2023-02-08 19:15:39 - [TEST_STEP][PASSED] - setText(findTestObject("RecAndPlayBk/Page-Vlink-Debit/input_Account Type"), acType): Text '1' is set on object 'Object Repository/RecAndPlayBk/Page-Vlink-Debit/input_Account Type'

2023-02-08 19:15:40 - [MESSAGE][PASSED] - Text '1' is set on object 'Object Repository/RecAndPlayBk/Page-Vlink-Debit/input_Account Type'

2023-02-08 19:15:40 - [TEST_STEP][PASSED] - setText(findTestObject("RecAndPlayBk/Page-Vlink-Debit/input_Routing Number"), rtn): Text '256072691' is set on object 'Object Repository/RecAndPlayBk/Page-Vlink-Debit/input_Routing Number'

2023-02-08 19:15:41 - [MESSAGE][PASSED] - Text '256072691' is set on object 'Object Repository/RecAndPlayBk/Page-Vlink-Debit/input_Routing Number'

2023-02-08 19:15:41 - [TEST_STEP][PASSED] - setText(findTestObject("RecAndPlayBk/Page-Vlink-Debit/input_Amount"), amount): Text '12.50' is set on object 'Object Repository/RecAndPlayBk/Page-Vlink-Debit/input_Amount'

2023-02-08 19:15:41 - [MESSAGE][PASSED] - Text '12.50' is set on object 'Object Repository/RecAndPlayBk/Page-Vlink-Debit/input_Amount'

2023-02-08 19:15:41 - [TEST_STEP][PASSED] - setText(findTestObject("RecAndPlayBk/Page-Vlink-Debit/input_Check Email"), ""): Text '' is set on object 'Object Repository/RecAndPlayBk/Page-Vlink-Debit/input_Check Email'

2023-02-08 19:15:42 - [MESSAGE][PASSED] - Text '' is set on object 'Object Repository/RecAndPlayBk/Page-Vlink-Debit/input_Check Email'

2023-02-08 19:15:42 - [TEST_STEP][PASSED] - setText(findTestObject("Object Repository/RecAndPlayBk/Page-Vlink-Debit/input_concat(CheckWriter, , s SSN)_check_ssn"), ""): Text '' is set on object 'Object Repository/RecAndPlayBk/Page-Vlink-Debit/input_concat(CheckWriter, , s SSN)_check_ssn'

2023-02-08 19:15:42 - [MESSAGE][PASSED] - Text '' is set on object 'Object Repository/RecAndPlayBk/Page-Vlink-Debit/input_concat(CheckWriter, , s SSN)_check_ssn'

2023-02-08 19:15:42 - [TEST_STEP][PASSED] - setText(findTestObject("Object Repository/RecAndPlayBk/Page-Vlink-Debit/input_concat(CheckWriter, , s License Numbe_020fef"), ""): Text '' is set on object 'Object Repository/RecAndPlayBk/Page-Vlink-Debit/input_concat(CheckWriter, , s License Numbe_020fef'

2023-02-08 19:15:43 - [MESSAGE][PASSED] - Text '' is set on object 'Object Repository/RecAndPlayBk/Page-Vlink-Debit/input_concat(CheckWriter, , s License Numbe_020fef'

2023-02-08 19:15:43 - [TEST_STEP][PASSED] - setText(findTestObject("Object Repository/RecAndPlayBk/Page-Vlink-Debit/input_concat(CheckWriter, , s License State_21e3e7"), ""): Text '' is set on object 'Object Repository/RecAndPlayBk/Page-Vlink-Debit/input_concat(CheckWriter, , s License State_21e3e7'

2023-02-08 19:15:44 - [MESSAGE][PASSED] - Text '' is set on object 'Object Repository/RecAndPlayBk/Page-Vlink-Debit/input_concat(CheckWriter, , s License State_21e3e7'

2023-02-08 19:15:44 - [TEST_STEP][PASSED] - setText(findTestObject("RecAndPlayBk/Page-Vlink-Debit/input_Standard Entry Class"), sec): Text 'TEL' is set on object 'Object Repository/RecAndPlayBk/Page-Vlink-Debit/input_Standard Entry Class'

2023-02-08 19:15:44 - [MESSAGE][PASSED] - Text 'TEL' is set on object 'Object Repository/RecAndPlayBk/Page-Vlink-Debit/input_Standard Entry Class'

2023-02-08 19:15:44 - [TEST_STEP][PASSED] - click(findTestObject("Object Repository/RecAndPlayBk/Page-Vlink-Debit/input")): Object: 'Object Repository/RecAndPlayBk/Page-Vlink-Debit/input' is clicked on

2023-02-08 19:15:45 - [MESSAGE][PASSED] - Object: 'Object Repository/RecAndPlayBk/Page-Vlink-Debit/input' is clicked on

2023-02-08 19:15:45 - [TEST_STEP][PASSED] - if (verifyTextPresent("Transaction approved, no errors", true)): null

2023-02-08 19:15:45 - [MESSAGE][PASSED] - Text 'Transaction approved, no errors' is present on page  using regular expression

2023-02-08 19:15:45 - [TEST_STEP][PASSED] - println("Transaction Approved, no errors text is present on the Confirmation page"): null

2023-02-08 19:15:45 - [TEST_STEP][PASSED] - sdfo = getText(findTestObject("Object Repository/Page_VLinkReceipt/pre_STX")): Text of object 'Object Repository/Page_VLinkReceipt/pre_STX' is: '<STX>SNhi9eWjW2rV                  12125298            0  Transaction approved, no errors                   0                                                                                                              <ETX>'

2023-02-08 19:15:46 - [MESSAGE][PASSED] - Text of object 'Object Repository/Page_VLinkReceipt/pre_STX' is: '<STX>SNhi9eWjW2rV                  12125298            0  Transaction approved, no errors                   0                                                                                                              <ETX>'

2023-02-08 19:15:46 - [TEST_STEP][PASSED] - out.println("sdfo: " + sdfo): null

2023-02-08 19:15:46 - [TEST_STEP][PASSED] - remID = substring(5, 35).trim(): null

2023-02-08 19:15:46 - [TEST_STEP][PASSED] - out.println("remID: " + remID): null

2023-02-08 19:15:46 - [TEST_STEP][PASSED] - traxID = substring(35, 55).trim(): null

2023-02-08 19:15:46 - [TEST_STEP][PASSED] - out.println("traxID: " + traxID): null

2023-02-08 19:15:46 - [TEST_STEP][PASSED] - VLinkSaleRemID = remID: null

2023-02-08 19:15:46 - [TEST_STEP][PASSED] - VLinkSaleTranxID = traxID: null

2023-02-08 19:15:46 - [TEST_STEP][PASSED] - openBrowser(VLinkURL + "ACH_credit.html"): Browser is opened with url: 'https://dev-algorithm.govolution.com/vlinktest/QA/version_2_0/ACH_credit.html'

2023-02-08 19:15:46 - [MESSAGE][WARNING] - A browser is already opened. Closing browser and opening a new one

2023-02-08 19:15:47 - [MESSAGE][INFO] - Starting 'Chrome' driver

2023-02-08 19:15:47 - [MESSAGE][INFO] - User set preference: ['acceptInsecureCerts', 'true']

2023-02-08 19:15:47 - [MESSAGE][INFO] - Action delay is set to 0 milliseconds

2023-02-08 19:15:48 - [MESSAGE][PASSED] - Browser is opened with url: 'https://dev-algorithm.govolution.com/vlinktest/QA/version_2_0/ACH_credit.html'

2023-02-08 19:15:48 - [TEST_STEP][PASSED] - maximizeWindow(): Current window maximized

2023-02-08 19:15:48 - [MESSAGE][PASSED] - Current window maximized

2023-02-08 19:15:48 - [TEST_STEP][PASSED] - setText(findTestObject("Object Repository/RecAndPlayBk/Page-Vlink-ACH-Credit/input_Remittance Id"), VLinkSaleRemID): Text 'SNhi9eWjW2rV' is set on object 'Object Repository/RecAndPlayBk/Page-Vlink-ACH-Credit/input_Remittance Id'

2023-02-08 19:15:49 - [MESSAGE][PASSED] - Text 'SNhi9eWjW2rV' is set on object 'Object Repository/RecAndPlayBk/Page-Vlink-ACH-Credit/input_Remittance Id'

2023-02-08 19:15:49 - [TEST_STEP][PASSED] - setText(findTestObject("Object Repository/RecAndPlayBk/Page-Vlink-ACH-Credit/input_Application Id"), appID): Text '234' is set on object 'Object Repository/RecAndPlayBk/Page-Vlink-ACH-Credit/input_Application Id'

2023-02-08 19:15:50 - [MESSAGE][PASSED] - Text '234' is set on object 'Object Repository/RecAndPlayBk/Page-Vlink-ACH-Credit/input_Application Id'

2023-02-08 19:15:50 - [TEST_STEP][PASSED] - setText(findTestObject("Object Repository/RecAndPlayBk/Page-Vlink-ACH-Credit/input_Username"), username): Text 'username' is set on object 'Object Repository/RecAndPlayBk/Page-Vlink-ACH-Credit/input_Username'

2023-02-08 19:15:50 - [MESSAGE][PASSED] - Text 'username' is set on object 'Object Repository/RecAndPlayBk/Page-Vlink-ACH-Credit/input_Username'

2023-02-08 19:15:50 - [TEST_STEP][PASSED] - setText(findTestObject("Object Repository/RecAndPlayBk/Page-Vlink-ACH-Credit/input_Password"), password): Text 'password' is set on object 'Object Repository/RecAndPlayBk/Page-Vlink-ACH-Credit/input_Password'

2023-02-08 19:15:51 - [MESSAGE][PASSED] - Text 'password' is set on object 'Object Repository/RecAndPlayBk/Page-Vlink-ACH-Credit/input_Password'

2023-02-08 19:15:51 - [TEST_STEP][PASSED] - setText(findTestObject("Object Repository/RecAndPlayBk/Page-Vlink-ACH-Credit/input_Check Type"), checkType): Text 'P' is set on object 'Object Repository/RecAndPlayBk/Page-Vlink-ACH-Credit/input_Check Type'

2023-02-08 19:15:52 - [MESSAGE][PASSED] - Text 'P' is set on object 'Object Repository/RecAndPlayBk/Page-Vlink-ACH-Credit/input_Check Type'

2023-02-08 19:15:52 - [TEST_STEP][PASSED] - setText(findTestObject("Object Repository/RecAndPlayBk/Page-Vlink-ACH-Credit/input_Transaction ID"), VLinkSaleTranxID): Text '12125298' is set on object 'Object Repository/RecAndPlayBk/Page-Vlink-ACH-Credit/input_Transaction ID'

2023-02-08 19:15:52 - [MESSAGE][PASSED] - Text '12125298' is set on object 'Object Repository/RecAndPlayBk/Page-Vlink-ACH-Credit/input_Transaction ID'

2023-02-08 19:15:52 - [TEST_STEP][PASSED] - setText(findTestObject("Object Repository/RecAndPlayBk/Page-Vlink-ACH-Credit/input_Amount"), amount): Text '12.50' is set on object 'Object Repository/RecAndPlayBk/Page-Vlink-ACH-Credit/input_Amount'

2023-02-08 19:15:53 - [MESSAGE][PASSED] - Text '12.50' is set on object 'Object Repository/RecAndPlayBk/Page-Vlink-ACH-Credit/input_Amount'

2023-02-08 19:15:53 - [TEST_STEP][PASSED] - setText(findTestObject("Object Repository/RecAndPlayBk/Page-Vlink-ACH-Credit/input_Standard Entry Class"), sec): Text 'TEL' is set on object 'Object Repository/RecAndPlayBk/Page-Vlink-ACH-Credit/input_Standard Entry Class'

2023-02-08 19:15:54 - [MESSAGE][PASSED] - Text 'TEL' is set on object 'Object Repository/RecAndPlayBk/Page-Vlink-ACH-Credit/input_Standard Entry Class'

2023-02-08 19:15:54 - [TEST_STEP][PASSED] - setText(findTestObject("Object Repository/RecAndPlayBk/Page-Vlink-ACH-Credit/input_Account Number"), acNumber): Text '58963214' is set on object 'Object Repository/RecAndPlayBk/Page-Vlink-ACH-Credit/input_Account Number'

2023-02-08 19:15:54 - [MESSAGE][PASSED] - Text '58963214' is set on object 'Object Repository/RecAndPlayBk/Page-Vlink-ACH-Credit/input_Account Number'

2023-02-08 19:15:54 - [TEST_STEP][PASSED] - setText(findTestObject("Object Repository/RecAndPlayBk/Page-Vlink-ACH-Credit/input_Routing Number"), rtn): Text '256072691' is set on object 'Object Repository/RecAndPlayBk/Page-Vlink-ACH-Credit/input_Routing Number'

2023-02-08 19:15:55 - [MESSAGE][PASSED] - Text '256072691' is set on object 'Object Repository/RecAndPlayBk/Page-Vlink-ACH-Credit/input_Routing Number'

2023-02-08 19:15:55 - [TEST_STEP][PASSED] - click(findTestObject("Object Repository/RecAndPlayBk/Page-Vlink-ACH-Credit/input")): Object: 'Object Repository/RecAndPlayBk/Page-Vlink-ACH-Credit/input' is clicked on

2023-02-08 19:15:56 - [MESSAGE][PASSED] - Object: 'Object Repository/RecAndPlayBk/Page-Vlink-ACH-Credit/input' is clicked on

2023-02-08 19:15:56 - [TEST_STEP][PASSED] - if (verifyTextPresent("Transaction approved, no errors", true)): null

2023-02-08 19:15:56 - [MESSAGE][PASSED] - Text 'Transaction approved, no errors' is present on page  using regular expression

2023-02-08 19:15:56 - [TEST_STEP][PASSED] - println("Transaction Approved, no errors text is present on the Confirmation page"): null

2023-02-08 19:15:56 - [TEST_STEP][PASSED] - sdfo = getText(findTestObject("Object Repository/Page_VLinkReceipt/pre_STX")): Text of object 'Object Repository/Page_VLinkReceipt/pre_STX' is: '<STX>SNhi9eWjW2rV                  12125299            0  Transaction approved, no errors                   0                                                                                                              <ETX>'

2023-02-08 19:15:56 - [MESSAGE][PASSED] - Text of object 'Object Repository/Page_VLinkReceipt/pre_STX' is: '<STX>SNhi9eWjW2rV                  12125299            0  Transaction approved, no errors                   0                                                                                                              <ETX>'

2023-02-08 19:15:56 - [TEST_STEP][PASSED] - out.println("sdfo: " + sdfo): null

2023-02-08 19:15:56 - [TEST_STEP][PASSED] - remID = substring(5, 35).trim(): null

2023-02-08 19:15:56 - [TEST_STEP][PASSED] - out.println("remID: " + remID): null

2023-02-08 19:15:56 - [TEST_STEP][PASSED] - traxID = substring(35, 55).trim(): null

2023-02-08 19:15:56 - [TEST_STEP][PASSED] - out.println("traxID: " + traxID): null

2023-02-08 19:15:56 - [TEST_STEP][PASSED] - VLinkSaleRemID = remID: null

2023-02-08 19:15:56 - [TEST_STEP][PASSED] - VLinkSaleTranxID = traxID: null

2023-02-08 19:15:56 - [TEST_STEP][PASSED] - openBrowser(VLinkURL + "ACH_void.html"): Browser is opened with url: 'https://dev-algorithm.govolution.com/vlinktest/QA/version_2_0/ACH_void.html'

2023-02-08 19:15:56 - [MESSAGE][WARNING] - A browser is already opened. Closing browser and opening a new one

2023-02-08 19:15:57 - [MESSAGE][INFO] - Starting 'Chrome' driver

2023-02-08 19:15:57 - [MESSAGE][INFO] - User set preference: ['acceptInsecureCerts', 'true']

2023-02-08 19:15:57 - [MESSAGE][INFO] - Action delay is set to 0 milliseconds

2023-02-08 19:15:59 - [MESSAGE][PASSED] - Browser is opened with url: 'https://dev-algorithm.govolution.com/vlinktest/QA/version_2_0/ACH_void.html'

2023-02-08 19:15:59 - [TEST_STEP][PASSED] - maximizeWindow(): Current window maximized

2023-02-08 19:15:59 - [MESSAGE][PASSED] - Current window maximized

2023-02-08 19:15:59 - [TEST_STEP][PASSED] - setText(findTestObject("Object Repository/RecAndPlayBk/Page-Vlink-ACH-Void/input_Remittance Id"), VLinkSaleRemID): Text 'SNhi9eWjW2rV' is set on object 'Object Repository/RecAndPlayBk/Page-Vlink-ACH-Void/input_Remittance Id'

2023-02-08 19:16:00 - [MESSAGE][PASSED] - Text 'SNhi9eWjW2rV' is set on object 'Object Repository/RecAndPlayBk/Page-Vlink-ACH-Void/input_Remittance Id'

2023-02-08 19:16:00 - [TEST_STEP][PASSED] - setText(findTestObject("Object Repository/RecAndPlayBk/Page-Vlink-ACH-Void/input_Application Id"), appID): Text '234' is set on object 'Object Repository/RecAndPlayBk/Page-Vlink-ACH-Void/input_Application Id'

2023-02-08 19:16:00 - [MESSAGE][PASSED] - Text '234' is set on object 'Object Repository/RecAndPlayBk/Page-Vlink-ACH-Void/input_Application Id'

2023-02-08 19:16:00 - [TEST_STEP][PASSED] - setText(findTestObject("Object Repository/RecAndPlayBk/Page-Vlink-ACH-Void/input_Username"), username): Text 'username' is set on object 'Object Repository/RecAndPlayBk/Page-Vlink-ACH-Void/input_Username'

2023-02-08 19:16:01 - [MESSAGE][PASSED] - Text 'username' is set on object 'Object Repository/RecAndPlayBk/Page-Vlink-ACH-Void/input_Username'

2023-02-08 19:16:01 - [TEST_STEP][PASSED] - setText(findTestObject("Object Repository/RecAndPlayBk/Page-Vlink-ACH-Void/input_Password"), password): Text 'password' is set on object 'Object Repository/RecAndPlayBk/Page-Vlink-ACH-Void/input_Password'

2023-02-08 19:16:02 - [MESSAGE][PASSED] - Text 'password' is set on object 'Object Repository/RecAndPlayBk/Page-Vlink-ACH-Void/input_Password'

2023-02-08 19:16:02 - [TEST_STEP][PASSED] - setText(findTestObject("Object Repository/RecAndPlayBk/Page-Vlink-ACH-Void/input_Check Type"), checkType): Text 'P' is set on object 'Object Repository/RecAndPlayBk/Page-Vlink-ACH-Void/input_Check Type'

2023-02-08 19:16:02 - [MESSAGE][PASSED] - Text 'P' is set on object 'Object Repository/RecAndPlayBk/Page-Vlink-ACH-Void/input_Check Type'

2023-02-08 19:16:02 - [TEST_STEP][PASSED] - setText(findTestObject("Object Repository/RecAndPlayBk/Page-Vlink-ACH-Void/input_Standard Entry Class"), sec): Text 'TEL' is set on object 'Object Repository/RecAndPlayBk/Page-Vlink-ACH-Void/input_Standard Entry Class'

2023-02-08 19:16:03 - [MESSAGE][PASSED] - Text 'TEL' is set on object 'Object Repository/RecAndPlayBk/Page-Vlink-ACH-Void/input_Standard Entry Class'

2023-02-08 19:16:03 - [TEST_STEP][PASSED] - setText(findTestObject("Object Repository/RecAndPlayBk/Page-Vlink-ACH-Void/input_Transaction ID"), VLinkSaleTranxID): Text '12125299' is set on object 'Object Repository/RecAndPlayBk/Page-Vlink-ACH-Void/input_Transaction ID'

2023-02-08 19:16:03 - [MESSAGE][PASSED] - Text '12125299' is set on object 'Object Repository/RecAndPlayBk/Page-Vlink-ACH-Void/input_Transaction ID'

2023-02-08 19:16:03 - [TEST_STEP][PASSED] - setText(findTestObject("Object Repository/RecAndPlayBk/Page-Vlink-ACH-Void/input_Original Transaction Type"), "201"): Text '201' is set on object 'Object Repository/RecAndPlayBk/Page-Vlink-ACH-Void/input_Original Transaction Type'

2023-02-08 19:16:04 - [MESSAGE][PASSED] - Text '201' is set on object 'Object Repository/RecAndPlayBk/Page-Vlink-ACH-Void/input_Original Transaction Type'

2023-02-08 19:16:04 - [TEST_STEP][PASSED] - click(findTestObject("Object Repository/RecAndPlayBk/Page-Vlink-ACH-Void/input")): Object: 'Object Repository/RecAndPlayBk/Page-Vlink-ACH-Void/input' is clicked on

2023-02-08 19:16:05 - [MESSAGE][PASSED] - Object: 'Object Repository/RecAndPlayBk/Page-Vlink-ACH-Void/input' is clicked on

2023-02-08 19:16:05 - [TEST_STEP][PASSED] - if (verifyTextPresent("Transaction approved, no errors", true)): null

2023-02-08 19:16:05 - [MESSAGE][PASSED] - Text 'Transaction approved, no errors' is present on page  using regular expression

2023-02-08 19:16:05 - [TEST_STEP][PASSED] - println("Transaction Approved, no errors text is present on the Confirmation page"): null

2023-02-08 19:16:05 - [TEST_STEP][PASSED] - out.println("Pass Record Number: " + row): null

2023-02-08 19:16:05 - [TEST_STEP][PASSED] - resText = "Pass": null

2023-02-08 19:16:05 - [TEST_STEP][PASSED] - pages.WriteExcel.demoKey(resText, datText, resColumn, datCloumn, fileLoc, nameSheet, row): pages.WriteExcel.demoKey is PASSED

2023-02-08 19:16:05 - [MESSAGE][PASSED] - pages.WriteExcel.demoKey is PASSED

2023-02-08 19:16:05 - [TEST_STEP][PASSED] - ExecuteTC = findTestData(dataFile).getValue("Execute", row): null

2023-02-08 19:16:05 - [TEST_STEP][PASSED] - out.println("Value of Execute is : " + ExecuteTC): null

2023-02-08 19:16:05 - [TEST_STEP][PASSED] - switch (executionProfile): null

2023-02-08 19:16:05 - [TEST_STEP][PASSED] - case "QAProfile":: null

2023-02-08 19:16:05 - [TEST_STEP][PASSED] - appID = findTestData(dataFile).getValue("AppIDQA", row): null

2023-02-08 19:16:05 - [TEST_STEP][PASSED] - username = findTestData(dataFile).getValue("UsernameQA", row): null

2023-02-08 19:16:05 - [TEST_STEP][PASSED] - password = findTestData(dataFile).getValue("PasswordQA", row): null

2023-02-08 19:16:06 - [TEST_STEP][PASSED] - break: null

2023-02-08 19:16:06 - [TEST_STEP][PASSED] - if (ExecuteTC.equalsIgnoreCase("Y")): null

2023-02-08 19:16:06 - [TEST_STEP][PASSED] - out.println("Begin Record Number: " + row): null

2023-02-08 19:16:06 - [TEST_STEP][PASSED] - today = new java.util.Date(): null

2023-02-08 19:16:06 - [TEST_STEP][PASSED] - println(today): null

2023-02-08 19:16:06 - [TEST_STEP][PASSED] - datText = today: null

2023-02-08 19:16:06 - [TEST_STEP][PASSED] - checkType = findTestData(dataFile).getValue("CheckType", row): null

2023-02-08 19:16:06 - [TEST_STEP][PASSED] - acNumber = findTestData(dataFile).getValue("AcNumber", row): null

2023-02-08 19:16:06 - [TEST_STEP][PASSED] - company = findTestData(dataFile).getValue("Company", row): null

2023-02-08 19:16:06 - [TEST_STEP][PASSED] - acType = findTestData(dataFile).getValue("AcType", row): null

2023-02-08 19:16:06 - [TEST_STEP][PASSED] - rtn = findTestData(dataFile).getValue("RTN", row): null

2023-02-08 19:16:06 - [TEST_STEP][PASSED] - amount = findTestData(dataFile).getValue("Amount", row): null

2023-02-08 19:16:06 - [TEST_STEP][PASSED] - sec = findTestData(dataFile).getValue("SEC", row): null

2023-02-08 19:16:06 - [TEST_STEP][PASSED] - openBrowser(VLinkURL + "debit.html"): Browser is opened with url: 'https://dev-algorithm.govolution.com/vlinktest/QA/version_2_0/debit.html'

2023-02-08 19:16:06 - [MESSAGE][WARNING] - A browser is already opened. Closing browser and opening a new one

2023-02-08 19:16:07 - [MESSAGE][INFO] - Starting 'Chrome' driver

2023-02-08 19:16:07 - [MESSAGE][INFO] - User set preference: ['acceptInsecureCerts', 'true']

2023-02-08 19:16:07 - [MESSAGE][INFO] - Action delay is set to 0 milliseconds

2023-02-08 19:16:09 - [MESSAGE][PASSED] - Browser is opened with url: 'https://dev-algorithm.govolution.com/vlinktest/QA/version_2_0/debit.html'

2023-02-08 19:16:09 - [TEST_STEP][PASSED] - maximizeWindow(): Current window maximized

2023-02-08 19:16:09 - [MESSAGE][PASSED] - Current window maximized

2023-02-08 19:16:09 - [TEST_STEP][PASSED] - genRemID = RandomStringUtils.random(12, true, true): null

2023-02-08 19:16:09 - [TEST_STEP][PASSED] - setText(findTestObject("RecAndPlayBk/Page-Vlink-Debit/input_Remittance Id"), genRemID): Text 'MKzqpIiOqKS5' is set on object 'Object Repository/RecAndPlayBk/Page-Vlink-Debit/input_Remittance Id'

2023-02-08 19:16:10 - [MESSAGE][PASSED] - Text 'MKzqpIiOqKS5' is set on object 'Object Repository/RecAndPlayBk/Page-Vlink-Debit/input_Remittance Id'

2023-02-08 19:16:10 - [TEST_STEP][PASSED] - setText(findTestObject("RecAndPlayBk/Page-Vlink-Debit/input_Application Id"), appID): Text '234' is set on object 'Object Repository/RecAndPlayBk/Page-Vlink-Debit/input_Application Id'

2023-02-08 19:16:10 - [MESSAGE][PASSED] - Text '234' is set on object 'Object Repository/RecAndPlayBk/Page-Vlink-Debit/input_Application Id'

2023-02-08 19:16:10 - [TEST_STEP][PASSED] - setText(findTestObject("RecAndPlayBk/Page-Vlink-Debit/input_Username"), username): Text 'username' is set on object 'Object Repository/RecAndPlayBk/Page-Vlink-Debit/input_Username'

2023-02-08 19:16:11 - [MESSAGE][PASSED] - Text 'username' is set on object 'Object Repository/RecAndPlayBk/Page-Vlink-Debit/input_Username'

2023-02-08 19:16:11 - [TEST_STEP][PASSED] - setText(findTestObject("RecAndPlayBk/Page-Vlink-Debit/input_Password"), password): Text 'password' is set on object 'Object Repository/RecAndPlayBk/Page-Vlink-Debit/input_Password'

2023-02-08 19:16:11 - [MESSAGE][PASSED] - Text 'password' is set on object 'Object Repository/RecAndPlayBk/Page-Vlink-Debit/input_Password'

2023-02-08 19:16:11 - [TEST_STEP][PASSED] - setText(findTestObject("RecAndPlayBk/Page-Vlink-Debit/input_Check Type"), checkType): Text 'P' is set on object 'Object Repository/RecAndPlayBk/Page-Vlink-Debit/input_Check Type'

2023-02-08 19:16:12 - [MESSAGE][PASSED] - Text 'P' is set on object 'Object Repository/RecAndPlayBk/Page-Vlink-Debit/input_Check Type'

2023-02-08 19:16:12 - [TEST_STEP][PASSED] - setText(findTestObject("RecAndPlayBk/Page-Vlink-Debit/input_Account_check"), acNumber): Text '58963214' is set on object 'Object Repository/RecAndPlayBk/Page-Vlink-Debit/input_Account_check'

2023-02-08 19:16:13 - [MESSAGE][PASSED] - Text '58963214' is set on object 'Object Repository/RecAndPlayBk/Page-Vlink-Debit/input_Account_check'

2023-02-08 19:16:13 - [TEST_STEP][PASSED] - setText(findTestObject("RecAndPlayBk/Page-Vlink-Debit/input_Company_check"), company): Text '' is set on object 'Object Repository/RecAndPlayBk/Page-Vlink-Debit/input_Company_check'

2023-02-08 19:16:13 - [MESSAGE][PASSED] - Text '' is set on object 'Object Repository/RecAndPlayBk/Page-Vlink-Debit/input_Company_check'

2023-02-08 19:16:13 - [TEST_STEP][PASSED] - setText(findTestObject("RecAndPlayBk/Page-Vlink-Debit/input_Account Type"), acType): Text '1' is set on object 'Object Repository/RecAndPlayBk/Page-Vlink-Debit/input_Account Type'

2023-02-08 19:16:14 - [MESSAGE][PASSED] - Text '1' is set on object 'Object Repository/RecAndPlayBk/Page-Vlink-Debit/input_Account Type'

2023-02-08 19:16:14 - [TEST_STEP][PASSED] - setText(findTestObject("RecAndPlayBk/Page-Vlink-Debit/input_Routing Number"), rtn): Text '256072691' is set on object 'Object Repository/RecAndPlayBk/Page-Vlink-Debit/input_Routing Number'

2023-02-08 19:16:14 - [MESSAGE][PASSED] - Text '256072691' is set on object 'Object Repository/RecAndPlayBk/Page-Vlink-Debit/input_Routing Number'

2023-02-08 19:16:14 - [TEST_STEP][PASSED] - setText(findTestObject("RecAndPlayBk/Page-Vlink-Debit/input_Amount"), amount): Text '12.50' is set on object 'Object Repository/RecAndPlayBk/Page-Vlink-Debit/input_Amount'

2023-02-08 19:16:15 - [MESSAGE][PASSED] - Text '12.50' is set on object 'Object Repository/RecAndPlayBk/Page-Vlink-Debit/input_Amount'

2023-02-08 19:16:15 - [TEST_STEP][PASSED] - setText(findTestObject("RecAndPlayBk/Page-Vlink-Debit/input_Check Email"), ""): Text '' is set on object 'Object Repository/RecAndPlayBk/Page-Vlink-Debit/input_Check Email'

2023-02-08 19:16:16 - [MESSAGE][PASSED] - Text '' is set on object 'Object Repository/RecAndPlayBk/Page-Vlink-Debit/input_Check Email'

2023-02-08 19:16:16 - [TEST_STEP][PASSED] - setText(findTestObject("Object Repository/RecAndPlayBk/Page-Vlink-Debit/input_concat(CheckWriter, , s SSN)_check_ssn"), ""): Text '' is set on object 'Object Repository/RecAndPlayBk/Page-Vlink-Debit/input_concat(CheckWriter, , s SSN)_check_ssn'

2023-02-08 19:16:16 - [MESSAGE][PASSED] - Text '' is set on object 'Object Repository/RecAndPlayBk/Page-Vlink-Debit/input_concat(CheckWriter, , s SSN)_check_ssn'

2023-02-08 19:16:16 - [TEST_STEP][PASSED] - setText(findTestObject("Object Repository/RecAndPlayBk/Page-Vlink-Debit/input_concat(CheckWriter, , s License Numbe_020fef"), ""): Text '' is set on object 'Object Repository/RecAndPlayBk/Page-Vlink-Debit/input_concat(CheckWriter, , s License Numbe_020fef'

2023-02-08 19:16:17 - [MESSAGE][PASSED] - Text '' is set on object 'Object Repository/RecAndPlayBk/Page-Vlink-Debit/input_concat(CheckWriter, , s License Numbe_020fef'

2023-02-08 19:16:17 - [TEST_STEP][PASSED] - setText(findTestObject("Object Repository/RecAndPlayBk/Page-Vlink-Debit/input_concat(CheckWriter, , s License State_21e3e7"), ""): Text '' is set on object 'Object Repository/RecAndPlayBk/Page-Vlink-Debit/input_concat(CheckWriter, , s License State_21e3e7'

2023-02-08 19:16:18 - [MESSAGE][PASSED] - Text '' is set on object 'Object Repository/RecAndPlayBk/Page-Vlink-Debit/input_concat(CheckWriter, , s License State_21e3e7'

2023-02-08 19:16:18 - [TEST_STEP][PASSED] - setText(findTestObject("RecAndPlayBk/Page-Vlink-Debit/input_Standard Entry Class"), sec): Text 'PPD' is set on object 'Object Repository/RecAndPlayBk/Page-Vlink-Debit/input_Standard Entry Class'

2023-02-08 19:16:18 - [MESSAGE][PASSED] - Text 'PPD' is set on object 'Object Repository/RecAndPlayBk/Page-Vlink-Debit/input_Standard Entry Class'

2023-02-08 19:16:18 - [TEST_STEP][PASSED] - click(findTestObject("Object Repository/RecAndPlayBk/Page-Vlink-Debit/input")): Object: 'Object Repository/RecAndPlayBk/Page-Vlink-Debit/input' is clicked on

2023-02-08 19:16:19 - [MESSAGE][PASSED] - Object: 'Object Repository/RecAndPlayBk/Page-Vlink-Debit/input' is clicked on

2023-02-08 19:16:19 - [TEST_STEP][PASSED] - if (verifyTextPresent("Transaction approved, no errors", true)): null

2023-02-08 19:16:19 - [MESSAGE][PASSED] - Text 'Transaction approved, no errors' is present on page  using regular expression

2023-02-08 19:16:19 - [TEST_STEP][PASSED] - println("Transaction Approved, no errors text is present on the Confirmation page"): null

2023-02-08 19:16:19 - [TEST_STEP][PASSED] - sdfo = getText(findTestObject("Object Repository/Page_VLinkReceipt/pre_STX")): Text of object 'Object Repository/Page_VLinkReceipt/pre_STX' is: '<STX>MKzqpIiOqKS5                  12125301            0  Transaction approved, no errors                   0                                                                                                              <ETX>'

2023-02-08 19:16:20 - [MESSAGE][PASSED] - Text of object 'Object Repository/Page_VLinkReceipt/pre_STX' is: '<STX>MKzqpIiOqKS5                  12125301            0  Transaction approved, no errors                   0                                                                                                              <ETX>'

2023-02-08 19:16:20 - [TEST_STEP][PASSED] - out.println("sdfo: " + sdfo): null

2023-02-08 19:16:20 - [TEST_STEP][PASSED] - remID = substring(5, 35).trim(): null

2023-02-08 19:16:20 - [TEST_STEP][PASSED] - out.println("remID: " + remID): null

2023-02-08 19:16:20 - [TEST_STEP][PASSED] - traxID = substring(35, 55).trim(): null

2023-02-08 19:16:20 - [TEST_STEP][PASSED] - out.println("traxID: " + traxID): null

2023-02-08 19:16:20 - [TEST_STEP][PASSED] - VLinkSaleRemID = remID: null

2023-02-08 19:16:20 - [TEST_STEP][PASSED] - VLinkSaleTranxID = traxID: null

2023-02-08 19:16:20 - [TEST_STEP][PASSED] - openBrowser(VLinkURL + "ACH_credit.html"): Browser is opened with url: 'https://dev-algorithm.govolution.com/vlinktest/QA/version_2_0/ACH_credit.html'

2023-02-08 19:16:20 - [MESSAGE][WARNING] - A browser is already opened. Closing browser and opening a new one

2023-02-08 19:16:20 - [MESSAGE][INFO] - Starting 'Chrome' driver

2023-02-08 19:16:20 - [MESSAGE][INFO] - User set preference: ['acceptInsecureCerts', 'true']

2023-02-08 19:16:20 - [MESSAGE][INFO] - Action delay is set to 0 milliseconds

2023-02-08 19:16:22 - [MESSAGE][PASSED] - Browser is opened with url: 'https://dev-algorithm.govolution.com/vlinktest/QA/version_2_0/ACH_credit.html'

2023-02-08 19:16:22 - [TEST_STEP][PASSED] - maximizeWindow(): Current window maximized

2023-02-08 19:16:22 - [MESSAGE][PASSED] - Current window maximized

2023-02-08 19:16:22 - [TEST_STEP][PASSED] - setText(findTestObject("Object Repository/RecAndPlayBk/Page-Vlink-ACH-Credit/input_Remittance Id"), VLinkSaleRemID): Text 'MKzqpIiOqKS5' is set on object 'Object Repository/RecAndPlayBk/Page-Vlink-ACH-Credit/input_Remittance Id'

2023-02-08 19:16:23 - [MESSAGE][PASSED] - Text 'MKzqpIiOqKS5' is set on object 'Object Repository/RecAndPlayBk/Page-Vlink-ACH-Credit/input_Remittance Id'

2023-02-08 19:16:23 - [TEST_STEP][PASSED] - setText(findTestObject("Object Repository/RecAndPlayBk/Page-Vlink-ACH-Credit/input_Application Id"), appID): Text '234' is set on object 'Object Repository/RecAndPlayBk/Page-Vlink-ACH-Credit/input_Application Id'

2023-02-08 19:16:24 - [MESSAGE][PASSED] - Text '234' is set on object 'Object Repository/RecAndPlayBk/Page-Vlink-ACH-Credit/input_Application Id'

2023-02-08 19:16:24 - [TEST_STEP][PASSED] - setText(findTestObject("Object Repository/RecAndPlayBk/Page-Vlink-ACH-Credit/input_Username"), username): Text 'username' is set on object 'Object Repository/RecAndPlayBk/Page-Vlink-ACH-Credit/input_Username'

2023-02-08 19:16:24 - [MESSAGE][PASSED] - Text 'username' is set on object 'Object Repository/RecAndPlayBk/Page-Vlink-ACH-Credit/input_Username'

2023-02-08 19:16:24 - [TEST_STEP][PASSED] - setText(findTestObject("Object Repository/RecAndPlayBk/Page-Vlink-ACH-Credit/input_Password"), password): Text 'password' is set on object 'Object Repository/RecAndPlayBk/Page-Vlink-ACH-Credit/input_Password'

2023-02-08 19:16:25 - [MESSAGE][PASSED] - Text 'password' is set on object 'Object Repository/RecAndPlayBk/Page-Vlink-ACH-Credit/input_Password'

2023-02-08 19:16:25 - [TEST_STEP][PASSED] - setText(findTestObject("Object Repository/RecAndPlayBk/Page-Vlink-ACH-Credit/input_Check Type"), checkType): Text 'P' is set on object 'Object Repository/RecAndPlayBk/Page-Vlink-ACH-Credit/input_Check Type'

2023-02-08 19:16:26 - [MESSAGE][PASSED] - Text 'P' is set on object 'Object Repository/RecAndPlayBk/Page-Vlink-ACH-Credit/input_Check Type'

2023-02-08 19:16:26 - [TEST_STEP][PASSED] - setText(findTestObject("Object Repository/RecAndPlayBk/Page-Vlink-ACH-Credit/input_Transaction ID"), VLinkSaleTranxID): Text '12125301' is set on object 'Object Repository/RecAndPlayBk/Page-Vlink-ACH-Credit/input_Transaction ID'

2023-02-08 19:16:26 - [MESSAGE][PASSED] - Text '12125301' is set on object 'Object Repository/RecAndPlayBk/Page-Vlink-ACH-Credit/input_Transaction ID'

2023-02-08 19:16:26 - [TEST_STEP][PASSED] - setText(findTestObject("Object Repository/RecAndPlayBk/Page-Vlink-ACH-Credit/input_Amount"), amount): Text '12.50' is set on object 'Object Repository/RecAndPlayBk/Page-Vlink-ACH-Credit/input_Amount'

2023-02-08 19:16:27 - [MESSAGE][PASSED] - Text '12.50' is set on object 'Object Repository/RecAndPlayBk/Page-Vlink-ACH-Credit/input_Amount'

2023-02-08 19:16:27 - [TEST_STEP][PASSED] - setText(findTestObject("Object Repository/RecAndPlayBk/Page-Vlink-ACH-Credit/input_Standard Entry Class"), sec): Text 'PPD' is set on object 'Object Repository/RecAndPlayBk/Page-Vlink-ACH-Credit/input_Standard Entry Class'

2023-02-08 19:16:27 - [MESSAGE][PASSED] - Text 'PPD' is set on object 'Object Repository/RecAndPlayBk/Page-Vlink-ACH-Credit/input_Standard Entry Class'

2023-02-08 19:16:27 - [TEST_STEP][PASSED] - setText(findTestObject("Object Repository/RecAndPlayBk/Page-Vlink-ACH-Credit/input_Account Number"), acNumber): Text '58963214' is set on object 'Object Repository/RecAndPlayBk/Page-Vlink-ACH-Credit/input_Account Number'

2023-02-08 19:16:28 - [MESSAGE][PASSED] - Text '58963214' is set on object 'Object Repository/RecAndPlayBk/Page-Vlink-ACH-Credit/input_Account Number'

2023-02-08 19:16:28 - [TEST_STEP][PASSED] - setText(findTestObject("Object Repository/RecAndPlayBk/Page-Vlink-ACH-Credit/input_Routing Number"), rtn): Text '256072691' is set on object 'Object Repository/RecAndPlayBk/Page-Vlink-ACH-Credit/input_Routing Number'

2023-02-08 19:16:29 - [MESSAGE][PASSED] - Text '256072691' is set on object 'Object Repository/RecAndPlayBk/Page-Vlink-ACH-Credit/input_Routing Number'

2023-02-08 19:16:29 - [TEST_STEP][PASSED] - click(findTestObject("Object Repository/RecAndPlayBk/Page-Vlink-ACH-Credit/input")): Object: 'Object Repository/RecAndPlayBk/Page-Vlink-ACH-Credit/input' is clicked on

2023-02-08 19:16:30 - [MESSAGE][PASSED] - Object: 'Object Repository/RecAndPlayBk/Page-Vlink-ACH-Credit/input' is clicked on

2023-02-08 19:16:30 - [TEST_STEP][PASSED] - if (verifyTextPresent("Transaction approved, no errors", true)): null

2023-02-08 19:16:30 - [MESSAGE][PASSED] - Text 'Transaction approved, no errors' is present on page  using regular expression

2023-02-08 19:16:30 - [TEST_STEP][PASSED] - println("Transaction Approved, no errors text is present on the Confirmation page"): null

2023-02-08 19:16:30 - [TEST_STEP][PASSED] - sdfo = getText(findTestObject("Object Repository/Page_VLinkReceipt/pre_STX")): Text of object 'Object Repository/Page_VLinkReceipt/pre_STX' is: '<STX>MKzqpIiOqKS5                  12125302            0  Transaction approved, no errors                   0                                                                                                              <ETX>'

2023-02-08 19:16:30 - [MESSAGE][PASSED] - Text of object 'Object Repository/Page_VLinkReceipt/pre_STX' is: '<STX>MKzqpIiOqKS5                  12125302            0  Transaction approved, no errors                   0                                                                                                              <ETX>'

2023-02-08 19:16:30 - [TEST_STEP][PASSED] - out.println("sdfo: " + sdfo): null

2023-02-08 19:16:30 - [TEST_STEP][PASSED] - remID = substring(5, 35).trim(): null

2023-02-08 19:16:30 - [TEST_STEP][PASSED] - out.println("remID: " + remID): null

2023-02-08 19:16:30 - [TEST_STEP][PASSED] - traxID = substring(35, 55).trim(): null

2023-02-08 19:16:30 - [TEST_STEP][PASSED] - out.println("traxID: " + traxID): null

2023-02-08 19:16:30 - [TEST_STEP][PASSED] - VLinkSaleRemID = remID: null

2023-02-08 19:16:30 - [TEST_STEP][PASSED] - VLinkSaleTranxID = traxID: null

2023-02-08 19:16:30 - [TEST_STEP][PASSED] - openBrowser(VLinkURL + "ACH_void.html"): Browser is opened with url: 'https://dev-algorithm.govolution.com/vlinktest/QA/version_2_0/ACH_void.html'

2023-02-08 19:16:30 - [MESSAGE][WARNING] - A browser is already opened. Closing browser and opening a new one

2023-02-08 19:16:31 - [MESSAGE][INFO] - Starting 'Chrome' driver

2023-02-08 19:16:31 - [MESSAGE][INFO] - User set preference: ['acceptInsecureCerts', 'true']

2023-02-08 19:16:31 - [MESSAGE][INFO] - Action delay is set to 0 milliseconds

2023-02-08 19:16:33 - [MESSAGE][PASSED] - Browser is opened with url: 'https://dev-algorithm.govolution.com/vlinktest/QA/version_2_0/ACH_void.html'

2023-02-08 19:16:33 - [TEST_STEP][PASSED] - maximizeWindow(): Current window maximized

2023-02-08 19:16:33 - [MESSAGE][PASSED] - Current window maximized

2023-02-08 19:16:33 - [TEST_STEP][PASSED] - setText(findTestObject("Object Repository/RecAndPlayBk/Page-Vlink-ACH-Void/input_Remittance Id"), VLinkSaleRemID): Text 'MKzqpIiOqKS5' is set on object 'Object Repository/RecAndPlayBk/Page-Vlink-ACH-Void/input_Remittance Id'

2023-02-08 19:16:34 - [MESSAGE][PASSED] - Text 'MKzqpIiOqKS5' is set on object 'Object Repository/RecAndPlayBk/Page-Vlink-ACH-Void/input_Remittance Id'

2023-02-08 19:16:34 - [TEST_STEP][PASSED] - setText(findTestObject("Object Repository/RecAndPlayBk/Page-Vlink-ACH-Void/input_Application Id"), appID): Text '234' is set on object 'Object Repository/RecAndPlayBk/Page-Vlink-ACH-Void/input_Application Id'

2023-02-08 19:16:34 - [MESSAGE][PASSED] - Text '234' is set on object 'Object Repository/RecAndPlayBk/Page-Vlink-ACH-Void/input_Application Id'

2023-02-08 19:16:34 - [TEST_STEP][PASSED] - setText(findTestObject("Object Repository/RecAndPlayBk/Page-Vlink-ACH-Void/input_Username"), username): Text 'username' is set on object 'Object Repository/RecAndPlayBk/Page-Vlink-ACH-Void/input_Username'

2023-02-08 19:16:35 - [MESSAGE][PASSED] - Text 'username' is set on object 'Object Repository/RecAndPlayBk/Page-Vlink-ACH-Void/input_Username'

2023-02-08 19:16:35 - [TEST_STEP][PASSED] - setText(findTestObject("Object Repository/RecAndPlayBk/Page-Vlink-ACH-Void/input_Password"), password): Text 'password' is set on object 'Object Repository/RecAndPlayBk/Page-Vlink-ACH-Void/input_Password'

2023-02-08 19:16:36 - [MESSAGE][PASSED] - Text 'password' is set on object 'Object Repository/RecAndPlayBk/Page-Vlink-ACH-Void/input_Password'

2023-02-08 19:16:36 - [TEST_STEP][PASSED] - setText(findTestObject("Object Repository/RecAndPlayBk/Page-Vlink-ACH-Void/input_Check Type"), checkType): Text 'P' is set on object 'Object Repository/RecAndPlayBk/Page-Vlink-ACH-Void/input_Check Type'

2023-02-08 19:16:36 - [MESSAGE][PASSED] - Text 'P' is set on object 'Object Repository/RecAndPlayBk/Page-Vlink-ACH-Void/input_Check Type'

2023-02-08 19:16:36 - [TEST_STEP][PASSED] - setText(findTestObject("Object Repository/RecAndPlayBk/Page-Vlink-ACH-Void/input_Standard Entry Class"), sec): Text 'PPD' is set on object 'Object Repository/RecAndPlayBk/Page-Vlink-ACH-Void/input_Standard Entry Class'

2023-02-08 19:16:37 - [MESSAGE][PASSED] - Text 'PPD' is set on object 'Object Repository/RecAndPlayBk/Page-Vlink-ACH-Void/input_Standard Entry Class'

2023-02-08 19:16:37 - [TEST_STEP][PASSED] - setText(findTestObject("Object Repository/RecAndPlayBk/Page-Vlink-ACH-Void/input_Transaction ID"), VLinkSaleTranxID): Text '12125302' is set on object 'Object Repository/RecAndPlayBk/Page-Vlink-ACH-Void/input_Transaction ID'

2023-02-08 19:16:38 - [MESSAGE][PASSED] - Text '12125302' is set on object 'Object Repository/RecAndPlayBk/Page-Vlink-ACH-Void/input_Transaction ID'

2023-02-08 19:16:38 - [TEST_STEP][PASSED] - setText(findTestObject("Object Repository/RecAndPlayBk/Page-Vlink-ACH-Void/input_Original Transaction Type"), "201"): Text '201' is set on object 'Object Repository/RecAndPlayBk/Page-Vlink-ACH-Void/input_Original Transaction Type'

2023-02-08 19:16:38 - [MESSAGE][PASSED] - Text '201' is set on object 'Object Repository/RecAndPlayBk/Page-Vlink-ACH-Void/input_Original Transaction Type'

2023-02-08 19:16:38 - [TEST_STEP][PASSED] - click(findTestObject("Object Repository/RecAndPlayBk/Page-Vlink-ACH-Void/input")): Object: 'Object Repository/RecAndPlayBk/Page-Vlink-ACH-Void/input' is clicked on

2023-02-08 19:16:39 - [MESSAGE][PASSED] - Object: 'Object Repository/RecAndPlayBk/Page-Vlink-ACH-Void/input' is clicked on

2023-02-08 19:16:39 - [TEST_STEP][PASSED] - if (verifyTextPresent("Transaction approved, no errors", true)): null

2023-02-08 19:16:39 - [MESSAGE][PASSED] - Text 'Transaction approved, no errors' is present on page  using regular expression

2023-02-08 19:16:39 - [TEST_STEP][PASSED] - println("Transaction Approved, no errors text is present on the Confirmation page"): null

2023-02-08 19:16:39 - [TEST_STEP][PASSED] - out.println("Pass Record Number: " + row): null

2023-02-08 19:16:39 - [TEST_STEP][PASSED] - resText = "Pass": null

2023-02-08 19:16:39 - [TEST_STEP][PASSED] - pages.WriteExcel.demoKey(resText, datText, resColumn, datCloumn, fileLoc, nameSheet, row): pages.WriteExcel.demoKey is PASSED

2023-02-08 19:16:39 - [MESSAGE][PASSED] - pages.WriteExcel.demoKey is PASSED

2023-02-08 19:16:39 - [TEST_STEP][PASSED] - ExecuteTC = findTestData(dataFile).getValue("Execute", row): null

2023-02-08 19:16:39 - [TEST_STEP][PASSED] - out.println("Value of Execute is : " + ExecuteTC): null

2023-02-08 19:16:39 - [TEST_STEP][PASSED] - switch (executionProfile): null

2023-02-08 19:16:39 - [TEST_STEP][PASSED] - case "QAProfile":: null

2023-02-08 19:16:39 - [TEST_STEP][PASSED] - appID = findTestData(dataFile).getValue("AppIDQA", row): null

2023-02-08 19:16:39 - [TEST_STEP][PASSED] - username = findTestData(dataFile).getValue("UsernameQA", row): null

2023-02-08 19:16:40 - [TEST_STEP][PASSED] - password = findTestData(dataFile).getValue("PasswordQA", row): null

2023-02-08 19:16:40 - [TEST_STEP][PASSED] - break: null

2023-02-08 19:16:40 - [TEST_STEP][PASSED] - if (ExecuteTC.equalsIgnoreCase("Y")): null

2023-02-08 19:16:40 - [TEST_STEP][PASSED] - out.println("Begin Record Number: " + row): null

2023-02-08 19:16:40 - [TEST_STEP][PASSED] - today = new java.util.Date(): null

2023-02-08 19:16:40 - [TEST_STEP][PASSED] - println(today): null

2023-02-08 19:16:40 - [TEST_STEP][PASSED] - datText = today: null

2023-02-08 19:16:40 - [TEST_STEP][PASSED] - checkType = findTestData(dataFile).getValue("CheckType", row): null

2023-02-08 19:16:40 - [TEST_STEP][PASSED] - acNumber = findTestData(dataFile).getValue("AcNumber", row): null

2023-02-08 19:16:40 - [TEST_STEP][PASSED] - company = findTestData(dataFile).getValue("Company", row): null

2023-02-08 19:16:40 - [TEST_STEP][PASSED] - acType = findTestData(dataFile).getValue("AcType", row): null

2023-02-08 19:16:40 - [TEST_STEP][PASSED] - rtn = findTestData(dataFile).getValue("RTN", row): null

2023-02-08 19:16:40 - [TEST_STEP][PASSED] - amount = findTestData(dataFile).getValue("Amount", row): null

2023-02-08 19:16:40 - [TEST_STEP][PASSED] - sec = findTestData(dataFile).getValue("SEC", row): null

2023-02-08 19:16:40 - [TEST_STEP][PASSED] - openBrowser(VLinkURL + "debit.html"): Browser is opened with url: 'https://dev-algorithm.govolution.com/vlinktest/QA/version_2_0/debit.html'

2023-02-08 19:16:40 - [MESSAGE][WARNING] - A browser is already opened. Closing browser and opening a new one

2023-02-08 19:16:41 - [MESSAGE][INFO] - Starting 'Chrome' driver

2023-02-08 19:16:41 - [MESSAGE][INFO] - User set preference: ['acceptInsecureCerts', 'true']

2023-02-08 19:16:41 - [MESSAGE][INFO] - Action delay is set to 0 milliseconds

2023-02-08 19:16:43 - [MESSAGE][PASSED] - Browser is opened with url: 'https://dev-algorithm.govolution.com/vlinktest/QA/version_2_0/debit.html'

2023-02-08 19:16:43 - [TEST_STEP][PASSED] - maximizeWindow(): Current window maximized

2023-02-08 19:16:43 - [MESSAGE][PASSED] - Current window maximized

2023-02-08 19:16:43 - [TEST_STEP][PASSED] - genRemID = RandomStringUtils.random(12, true, true): null

2023-02-08 19:16:43 - [TEST_STEP][PASSED] - setText(findTestObject("RecAndPlayBk/Page-Vlink-Debit/input_Remittance Id"), genRemID): Text 'UcVAyw3lUj54' is set on object 'Object Repository/RecAndPlayBk/Page-Vlink-Debit/input_Remittance Id'

2023-02-08 19:16:44 - [MESSAGE][PASSED] - Text 'UcVAyw3lUj54' is set on object 'Object Repository/RecAndPlayBk/Page-Vlink-Debit/input_Remittance Id'

2023-02-08 19:16:44 - [TEST_STEP][PASSED] - setText(findTestObject("RecAndPlayBk/Page-Vlink-Debit/input_Application Id"), appID): Text '234' is set on object 'Object Repository/RecAndPlayBk/Page-Vlink-Debit/input_Application Id'

2023-02-08 19:16:44 - [MESSAGE][PASSED] - Text '234' is set on object 'Object Repository/RecAndPlayBk/Page-Vlink-Debit/input_Application Id'

2023-02-08 19:16:44 - [TEST_STEP][PASSED] - setText(findTestObject("RecAndPlayBk/Page-Vlink-Debit/input_Username"), username): Text 'username' is set on object 'Object Repository/RecAndPlayBk/Page-Vlink-Debit/input_Username'

2023-02-08 19:16:45 - [MESSAGE][PASSED] - Text 'username' is set on object 'Object Repository/RecAndPlayBk/Page-Vlink-Debit/input_Username'

2023-02-08 19:16:45 - [TEST_STEP][PASSED] - setText(findTestObject("RecAndPlayBk/Page-Vlink-Debit/input_Password"), password): Text 'password' is set on object 'Object Repository/RecAndPlayBk/Page-Vlink-Debit/input_Password'

2023-02-08 19:16:46 - [MESSAGE][PASSED] - Text 'password' is set on object 'Object Repository/RecAndPlayBk/Page-Vlink-Debit/input_Password'

2023-02-08 19:16:46 - [TEST_STEP][PASSED] - setText(findTestObject("RecAndPlayBk/Page-Vlink-Debit/input_Check Type"), checkType): Text 'P' is set on object 'Object Repository/RecAndPlayBk/Page-Vlink-Debit/input_Check Type'

2023-02-08 19:16:46 - [MESSAGE][PASSED] - Text 'P' is set on object 'Object Repository/RecAndPlayBk/Page-Vlink-Debit/input_Check Type'

2023-02-08 19:16:46 - [TEST_STEP][PASSED] - setText(findTestObject("RecAndPlayBk/Page-Vlink-Debit/input_Account_check"), acNumber): Text '58963214' is set on object 'Object Repository/RecAndPlayBk/Page-Vlink-Debit/input_Account_check'

2023-02-08 19:16:47 - [MESSAGE][PASSED] - Text '58963214' is set on object 'Object Repository/RecAndPlayBk/Page-Vlink-Debit/input_Account_check'

2023-02-08 19:16:47 - [TEST_STEP][PASSED] - setText(findTestObject("RecAndPlayBk/Page-Vlink-Debit/input_Company_check"), company): Text '' is set on object 'Object Repository/RecAndPlayBk/Page-Vlink-Debit/input_Company_check'

2023-02-08 19:16:47 - [MESSAGE][PASSED] - Text '' is set on object 'Object Repository/RecAndPlayBk/Page-Vlink-Debit/input_Company_check'

2023-02-08 19:16:47 - [TEST_STEP][PASSED] - setText(findTestObject("RecAndPlayBk/Page-Vlink-Debit/input_Account Type"), acType): Text '2' is set on object 'Object Repository/RecAndPlayBk/Page-Vlink-Debit/input_Account Type'

2023-02-08 19:16:48 - [MESSAGE][PASSED] - Text '2' is set on object 'Object Repository/RecAndPlayBk/Page-Vlink-Debit/input_Account Type'

2023-02-08 19:16:48 - [TEST_STEP][PASSED] - setText(findTestObject("RecAndPlayBk/Page-Vlink-Debit/input_Routing Number"), rtn): Text '256072691' is set on object 'Object Repository/RecAndPlayBk/Page-Vlink-Debit/input_Routing Number'

2023-02-08 19:16:49 - [MESSAGE][PASSED] - Text '256072691' is set on object 'Object Repository/RecAndPlayBk/Page-Vlink-Debit/input_Routing Number'

2023-02-08 19:16:49 - [TEST_STEP][PASSED] - setText(findTestObject("RecAndPlayBk/Page-Vlink-Debit/input_Amount"), amount): Text '12.50' is set on object 'Object Repository/RecAndPlayBk/Page-Vlink-Debit/input_Amount'

2023-02-08 19:16:49 - [MESSAGE][PASSED] - Text '12.50' is set on object 'Object Repository/RecAndPlayBk/Page-Vlink-Debit/input_Amount'

2023-02-08 19:16:49 - [TEST_STEP][PASSED] - setText(findTestObject("RecAndPlayBk/Page-Vlink-Debit/input_Check Email"), ""): Text '' is set on object 'Object Repository/RecAndPlayBk/Page-Vlink-Debit/input_Check Email'

2023-02-08 19:16:50 - [MESSAGE][PASSED] - Text '' is set on object 'Object Repository/RecAndPlayBk/Page-Vlink-Debit/input_Check Email'

2023-02-08 19:16:50 - [TEST_STEP][PASSED] - setText(findTestObject("Object Repository/RecAndPlayBk/Page-Vlink-Debit/input_concat(CheckWriter, , s SSN)_check_ssn"), ""): Text '' is set on object 'Object Repository/RecAndPlayBk/Page-Vlink-Debit/input_concat(CheckWriter, , s SSN)_check_ssn'

2023-02-08 19:16:50 - [MESSAGE][PASSED] - Text '' is set on object 'Object Repository/RecAndPlayBk/Page-Vlink-Debit/input_concat(CheckWriter, , s SSN)_check_ssn'

2023-02-08 19:16:50 - [TEST_STEP][PASSED] - setText(findTestObject("Object Repository/RecAndPlayBk/Page-Vlink-Debit/input_concat(CheckWriter, , s License Numbe_020fef"), ""): Text '' is set on object 'Object Repository/RecAndPlayBk/Page-Vlink-Debit/input_concat(CheckWriter, , s License Numbe_020fef'

2023-02-08 19:16:51 - [MESSAGE][PASSED] - Text '' is set on object 'Object Repository/RecAndPlayBk/Page-Vlink-Debit/input_concat(CheckWriter, , s License Numbe_020fef'

2023-02-08 19:16:51 - [TEST_STEP][PASSED] - setText(findTestObject("Object Repository/RecAndPlayBk/Page-Vlink-Debit/input_concat(CheckWriter, , s License State_21e3e7"), ""): Text '' is set on object 'Object Repository/RecAndPlayBk/Page-Vlink-Debit/input_concat(CheckWriter, , s License State_21e3e7'

2023-02-08 19:16:52 - [MESSAGE][PASSED] - Text '' is set on object 'Object Repository/RecAndPlayBk/Page-Vlink-Debit/input_concat(CheckWriter, , s License State_21e3e7'

2023-02-08 19:16:52 - [TEST_STEP][PASSED] - setText(findTestObject("RecAndPlayBk/Page-Vlink-Debit/input_Standard Entry Class"), sec): Text 'WEB' is set on object 'Object Repository/RecAndPlayBk/Page-Vlink-Debit/input_Standard Entry Class'

2023-02-08 19:16:52 - [MESSAGE][PASSED] - Text 'WEB' is set on object 'Object Repository/RecAndPlayBk/Page-Vlink-Debit/input_Standard Entry Class'

2023-02-08 19:16:52 - [TEST_STEP][PASSED] - click(findTestObject("Object Repository/RecAndPlayBk/Page-Vlink-Debit/input")): Object: 'Object Repository/RecAndPlayBk/Page-Vlink-Debit/input' is clicked on

2023-02-08 19:16:53 - [MESSAGE][PASSED] - Object: 'Object Repository/RecAndPlayBk/Page-Vlink-Debit/input' is clicked on

2023-02-08 19:16:53 - [TEST_STEP][PASSED] - if (verifyTextPresent("Transaction approved, no errors", true)): null

2023-02-08 19:16:53 - [MESSAGE][PASSED] - Text 'Transaction approved, no errors' is present on page  using regular expression

2023-02-08 19:16:53 - [TEST_STEP][PASSED] - println("Transaction Approved, no errors text is present on the Confirmation page"): null

2023-02-08 19:16:53 - [TEST_STEP][PASSED] - sdfo = getText(findTestObject("Object Repository/Page_VLinkReceipt/pre_STX")): Text of object 'Object Repository/Page_VLinkReceipt/pre_STX' is: '<STX>UcVAyw3lUj54                  12125304            0  Transaction approved, no errors                   0                                                                                                              <ETX>'

2023-02-08 19:16:54 - [MESSAGE][PASSED] - Text of object 'Object Repository/Page_VLinkReceipt/pre_STX' is: '<STX>UcVAyw3lUj54                  12125304            0  Transaction approved, no errors                   0                                                                                                              <ETX>'

2023-02-08 19:16:54 - [TEST_STEP][PASSED] - out.println("sdfo: " + sdfo): null

2023-02-08 19:16:54 - [TEST_STEP][PASSED] - remID = substring(5, 35).trim(): null

2023-02-08 19:16:54 - [TEST_STEP][PASSED] - out.println("remID: " + remID): null

2023-02-08 19:16:54 - [TEST_STEP][PASSED] - traxID = substring(35, 55).trim(): null

2023-02-08 19:16:54 - [TEST_STEP][PASSED] - out.println("traxID: " + traxID): null

2023-02-08 19:16:54 - [TEST_STEP][PASSED] - VLinkSaleRemID = remID: null

2023-02-08 19:16:54 - [TEST_STEP][PASSED] - VLinkSaleTranxID = traxID: null

2023-02-08 19:16:54 - [TEST_STEP][PASSED] - openBrowser(VLinkURL + "ACH_credit.html"): Browser is opened with url: 'https://dev-algorithm.govolution.com/vlinktest/QA/version_2_0/ACH_credit.html'

2023-02-08 19:16:54 - [MESSAGE][WARNING] - A browser is already opened. Closing browser and opening a new one

2023-02-08 19:16:55 - [MESSAGE][INFO] - Starting 'Chrome' driver

2023-02-08 19:16:55 - [MESSAGE][INFO] - User set preference: ['acceptInsecureCerts', 'true']

2023-02-08 19:16:55 - [MESSAGE][INFO] - Action delay is set to 0 milliseconds

2023-02-08 19:16:56 - [MESSAGE][PASSED] - Browser is opened with url: 'https://dev-algorithm.govolution.com/vlinktest/QA/version_2_0/ACH_credit.html'

2023-02-08 19:16:56 - [TEST_STEP][PASSED] - maximizeWindow(): Current window maximized

2023-02-08 19:16:56 - [MESSAGE][PASSED] - Current window maximized

2023-02-08 19:16:56 - [TEST_STEP][PASSED] - setText(findTestObject("Object Repository/RecAndPlayBk/Page-Vlink-ACH-Credit/input_Remittance Id"), VLinkSaleRemID): Text 'UcVAyw3lUj54' is set on object 'Object Repository/RecAndPlayBk/Page-Vlink-ACH-Credit/input_Remittance Id'

2023-02-08 19:16:57 - [MESSAGE][PASSED] - Text 'UcVAyw3lUj54' is set on object 'Object Repository/RecAndPlayBk/Page-Vlink-ACH-Credit/input_Remittance Id'

2023-02-08 19:16:57 - [TEST_STEP][PASSED] - setText(findTestObject("Object Repository/RecAndPlayBk/Page-Vlink-ACH-Credit/input_Application Id"), appID): Text '234' is set on object 'Object Repository/RecAndPlayBk/Page-Vlink-ACH-Credit/input_Application Id'

2023-02-08 19:16:58 - [MESSAGE][PASSED] - Text '234' is set on object 'Object Repository/RecAndPlayBk/Page-Vlink-ACH-Credit/input_Application Id'

2023-02-08 19:16:58 - [TEST_STEP][PASSED] - setText(findTestObject("Object Repository/RecAndPlayBk/Page-Vlink-ACH-Credit/input_Username"), username): Text 'username' is set on object 'Object Repository/RecAndPlayBk/Page-Vlink-ACH-Credit/input_Username'

2023-02-08 19:16:58 - [MESSAGE][PASSED] - Text 'username' is set on object 'Object Repository/RecAndPlayBk/Page-Vlink-ACH-Credit/input_Username'

2023-02-08 19:16:58 - [TEST_STEP][PASSED] - setText(findTestObject("Object Repository/RecAndPlayBk/Page-Vlink-ACH-Credit/input_Password"), password): Text 'password' is set on object 'Object Repository/RecAndPlayBk/Page-Vlink-ACH-Credit/input_Password'

2023-02-08 19:16:59 - [MESSAGE][PASSED] - Text 'password' is set on object 'Object Repository/RecAndPlayBk/Page-Vlink-ACH-Credit/input_Password'

2023-02-08 19:16:59 - [TEST_STEP][PASSED] - setText(findTestObject("Object Repository/RecAndPlayBk/Page-Vlink-ACH-Credit/input_Check Type"), checkType): Text 'P' is set on object 'Object Repository/RecAndPlayBk/Page-Vlink-ACH-Credit/input_Check Type'

2023-02-08 19:17:00 - [MESSAGE][PASSED] - Text 'P' is set on object 'Object Repository/RecAndPlayBk/Page-Vlink-ACH-Credit/input_Check Type'

2023-02-08 19:17:00 - [TEST_STEP][PASSED] - setText(findTestObject("Object Repository/RecAndPlayBk/Page-Vlink-ACH-Credit/input_Transaction ID"), VLinkSaleTranxID): Text '12125304' is set on object 'Object Repository/RecAndPlayBk/Page-Vlink-ACH-Credit/input_Transaction ID'

2023-02-08 19:17:01 - [MESSAGE][PASSED] - Text '12125304' is set on object 'Object Repository/RecAndPlayBk/Page-Vlink-ACH-Credit/input_Transaction ID'

2023-02-08 19:17:01 - [TEST_STEP][PASSED] - setText(findTestObject("Object Repository/RecAndPlayBk/Page-Vlink-ACH-Credit/input_Amount"), amount): Text '12.50' is set on object 'Object Repository/RecAndPlayBk/Page-Vlink-ACH-Credit/input_Amount'

2023-02-08 19:17:02 - [MESSAGE][PASSED] - Text '12.50' is set on object 'Object Repository/RecAndPlayBk/Page-Vlink-ACH-Credit/input_Amount'

2023-02-08 19:17:02 - [TEST_STEP][PASSED] - setText(findTestObject("Object Repository/RecAndPlayBk/Page-Vlink-ACH-Credit/input_Standard Entry Class"), sec): Text 'WEB' is set on object 'Object Repository/RecAndPlayBk/Page-Vlink-ACH-Credit/input_Standard Entry Class'

2023-02-08 19:17:02 - [MESSAGE][PASSED] - Text 'WEB' is set on object 'Object Repository/RecAndPlayBk/Page-Vlink-ACH-Credit/input_Standard Entry Class'

2023-02-08 19:17:02 - [TEST_STEP][PASSED] - setText(findTestObject("Object Repository/RecAndPlayBk/Page-Vlink-ACH-Credit/input_Account Number"), acNumber): Text '58963214' is set on object 'Object Repository/RecAndPlayBk/Page-Vlink-ACH-Credit/input_Account Number'

2023-02-08 19:17:03 - [MESSAGE][PASSED] - Text '58963214' is set on object 'Object Repository/RecAndPlayBk/Page-Vlink-ACH-Credit/input_Account Number'

2023-02-08 19:17:03 - [TEST_STEP][PASSED] - setText(findTestObject("Object Repository/RecAndPlayBk/Page-Vlink-ACH-Credit/input_Routing Number"), rtn): Text '256072691' is set on object 'Object Repository/RecAndPlayBk/Page-Vlink-ACH-Credit/input_Routing Number'

2023-02-08 19:17:03 - [MESSAGE][PASSED] - Text '256072691' is set on object 'Object Repository/RecAndPlayBk/Page-Vlink-ACH-Credit/input_Routing Number'

2023-02-08 19:17:03 - [TEST_STEP][PASSED] - click(findTestObject("Object Repository/RecAndPlayBk/Page-Vlink-ACH-Credit/input")): Object: 'Object Repository/RecAndPlayBk/Page-Vlink-ACH-Credit/input' is clicked on

2023-02-08 19:17:04 - [MESSAGE][PASSED] - Object: 'Object Repository/RecAndPlayBk/Page-Vlink-ACH-Credit/input' is clicked on

2023-02-08 19:17:04 - [TEST_STEP][PASSED] - if (verifyTextPresent("Transaction approved, no errors", true)): null

2023-02-08 19:17:04 - [MESSAGE][PASSED] - Text 'Transaction approved, no errors' is present on page  using regular expression

2023-02-08 19:17:04 - [TEST_STEP][PASSED] - println("Transaction Approved, no errors text is present on the Confirmation page"): null

2023-02-08 19:17:04 - [TEST_STEP][PASSED] - sdfo = getText(findTestObject("Object Repository/Page_VLinkReceipt/pre_STX")): Text of object 'Object Repository/Page_VLinkReceipt/pre_STX' is: '<STX>UcVAyw3lUj54                  12125305            0  Transaction approved, no errors                   0                                                                                                              <ETX>'

2023-02-08 19:17:05 - [MESSAGE][PASSED] - Text of object 'Object Repository/Page_VLinkReceipt/pre_STX' is: '<STX>UcVAyw3lUj54                  12125305            0  Transaction approved, no errors                   0                                                                                                              <ETX>'

2023-02-08 19:17:05 - [TEST_STEP][PASSED] - out.println("sdfo: " + sdfo): null

2023-02-08 19:17:05 - [TEST_STEP][PASSED] - remID = substring(5, 35).trim(): null

2023-02-08 19:17:05 - [TEST_STEP][PASSED] - out.println("remID: " + remID): null

2023-02-08 19:17:05 - [TEST_STEP][PASSED] - traxID = substring(35, 55).trim(): null

2023-02-08 19:17:05 - [TEST_STEP][PASSED] - out.println("traxID: " + traxID): null

2023-02-08 19:17:05 - [TEST_STEP][PASSED] - VLinkSaleRemID = remID: null

2023-02-08 19:17:05 - [TEST_STEP][PASSED] - VLinkSaleTranxID = traxID: null

2023-02-08 19:17:05 - [TEST_STEP][PASSED] - openBrowser(VLinkURL + "ACH_void.html"): Browser is opened with url: 'https://dev-algorithm.govolution.com/vlinktest/QA/version_2_0/ACH_void.html'

2023-02-08 19:17:05 - [MESSAGE][WARNING] - A browser is already opened. Closing browser and opening a new one

2023-02-08 19:17:06 - [MESSAGE][INFO] - Starting 'Chrome' driver

2023-02-08 19:17:06 - [MESSAGE][INFO] - User set preference: ['acceptInsecureCerts', 'true']

2023-02-08 19:17:06 - [MESSAGE][INFO] - Action delay is set to 0 milliseconds

2023-02-08 19:17:07 - [MESSAGE][PASSED] - Browser is opened with url: 'https://dev-algorithm.govolution.com/vlinktest/QA/version_2_0/ACH_void.html'

2023-02-08 19:17:07 - [TEST_STEP][PASSED] - maximizeWindow(): Current window maximized

2023-02-08 19:17:08 - [MESSAGE][PASSED] - Current window maximized

2023-02-08 19:17:08 - [TEST_STEP][PASSED] - setText(findTestObject("Object Repository/RecAndPlayBk/Page-Vlink-ACH-Void/input_Remittance Id"), VLinkSaleRemID): Text 'UcVAyw3lUj54' is set on object 'Object Repository/RecAndPlayBk/Page-Vlink-ACH-Void/input_Remittance Id'

2023-02-08 19:17:08 - [MESSAGE][PASSED] - Text 'UcVAyw3lUj54' is set on object 'Object Repository/RecAndPlayBk/Page-Vlink-ACH-Void/input_Remittance Id'

2023-02-08 19:17:08 - [TEST_STEP][PASSED] - setText(findTestObject("Object Repository/RecAndPlayBk/Page-Vlink-ACH-Void/input_Application Id"), appID): Text '234' is set on object 'Object Repository/RecAndPlayBk/Page-Vlink-ACH-Void/input_Application Id'

2023-02-08 19:17:09 - [MESSAGE][PASSED] - Text '234' is set on object 'Object Repository/RecAndPlayBk/Page-Vlink-ACH-Void/input_Application Id'

2023-02-08 19:17:09 - [TEST_STEP][PASSED] - setText(findTestObject("Object Repository/RecAndPlayBk/Page-Vlink-ACH-Void/input_Username"), username): Text 'username' is set on object 'Object Repository/RecAndPlayBk/Page-Vlink-ACH-Void/input_Username'

2023-02-08 19:17:10 - [MESSAGE][PASSED] - Text 'username' is set on object 'Object Repository/RecAndPlayBk/Page-Vlink-ACH-Void/input_Username'

2023-02-08 19:17:10 - [TEST_STEP][PASSED] - setText(findTestObject("Object Repository/RecAndPlayBk/Page-Vlink-ACH-Void/input_Password"), password): Text 'password' is set on object 'Object Repository/RecAndPlayBk/Page-Vlink-ACH-Void/input_Password'

2023-02-08 19:17:10 - [MESSAGE][PASSED] - Text 'password' is set on object 'Object Repository/RecAndPlayBk/Page-Vlink-ACH-Void/input_Password'

2023-02-08 19:17:10 - [TEST_STEP][PASSED] - setText(findTestObject("Object Repository/RecAndPlayBk/Page-Vlink-ACH-Void/input_Check Type"), checkType): Text 'P' is set on object 'Object Repository/RecAndPlayBk/Page-Vlink-ACH-Void/input_Check Type'

2023-02-08 19:17:11 - [MESSAGE][PASSED] - Text 'P' is set on object 'Object Repository/RecAndPlayBk/Page-Vlink-ACH-Void/input_Check Type'

2023-02-08 19:17:11 - [TEST_STEP][PASSED] - setText(findTestObject("Object Repository/RecAndPlayBk/Page-Vlink-ACH-Void/input_Standard Entry Class"), sec): Text 'WEB' is set on object 'Object Repository/RecAndPlayBk/Page-Vlink-ACH-Void/input_Standard Entry Class'

2023-02-08 19:17:11 - [MESSAGE][PASSED] - Text 'WEB' is set on object 'Object Repository/RecAndPlayBk/Page-Vlink-ACH-Void/input_Standard Entry Class'

2023-02-08 19:17:11 - [TEST_STEP][PASSED] - setText(findTestObject("Object Repository/RecAndPlayBk/Page-Vlink-ACH-Void/input_Transaction ID"), VLinkSaleTranxID): Text '12125305' is set on object 'Object Repository/RecAndPlayBk/Page-Vlink-ACH-Void/input_Transaction ID'

2023-02-08 19:17:12 - [MESSAGE][PASSED] - Text '12125305' is set on object 'Object Repository/RecAndPlayBk/Page-Vlink-ACH-Void/input_Transaction ID'

2023-02-08 19:17:12 - [TEST_STEP][PASSED] - setText(findTestObject("Object Repository/RecAndPlayBk/Page-Vlink-ACH-Void/input_Original Transaction Type"), "201"): Text '201' is set on object 'Object Repository/RecAndPlayBk/Page-Vlink-ACH-Void/input_Original Transaction Type'

2023-02-08 19:17:13 - [MESSAGE][PASSED] - Text '201' is set on object 'Object Repository/RecAndPlayBk/Page-Vlink-ACH-Void/input_Original Transaction Type'

2023-02-08 19:17:13 - [TEST_STEP][PASSED] - click(findTestObject("Object Repository/RecAndPlayBk/Page-Vlink-ACH-Void/input")): Object: 'Object Repository/RecAndPlayBk/Page-Vlink-ACH-Void/input' is clicked on

2023-02-08 19:17:13 - [MESSAGE][PASSED] - Object: 'Object Repository/RecAndPlayBk/Page-Vlink-ACH-Void/input' is clicked on

2023-02-08 19:17:13 - [TEST_STEP][PASSED] - if (verifyTextPresent("Transaction approved, no errors", true)): null

2023-02-08 19:17:14 - [MESSAGE][PASSED] - Text 'Transaction approved, no errors' is present on page  using regular expression

2023-02-08 19:17:14 - [TEST_STEP][PASSED] - println("Transaction Approved, no errors text is present on the Confirmation page"): null

2023-02-08 19:17:14 - [TEST_STEP][PASSED] - out.println("Pass Record Number: " + row): null

2023-02-08 19:17:14 - [TEST_STEP][PASSED] - resText = "Pass": null

2023-02-08 19:17:14 - [TEST_STEP][PASSED] - pages.WriteExcel.demoKey(resText, datText, resColumn, datCloumn, fileLoc, nameSheet, row): pages.WriteExcel.demoKey is PASSED

2023-02-08 19:17:14 - [MESSAGE][PASSED] - pages.WriteExcel.demoKey is PASSED

2023-02-08 19:17:14 - [TEST_STEP][PASSED] - ExecuteTC = findTestData(dataFile).getValue("Execute", row): null

2023-02-08 19:17:14 - [TEST_STEP][PASSED] - out.println("Value of Execute is : " + ExecuteTC): null

2023-02-08 19:17:14 - [TEST_STEP][PASSED] - switch (executionProfile): null

2023-02-08 19:17:14 - [TEST_STEP][PASSED] - case "QAProfile":: null

2023-02-08 19:17:14 - [TEST_STEP][PASSED] - appID = findTestData(dataFile).getValue("AppIDQA", row): null

2023-02-08 19:17:14 - [TEST_STEP][PASSED] - username = findTestData(dataFile).getValue("UsernameQA", row): null

2023-02-08 19:17:14 - [TEST_STEP][PASSED] - password = findTestData(dataFile).getValue("PasswordQA", row): null

2023-02-08 19:17:14 - [TEST_STEP][PASSED] - break: null

2023-02-08 19:17:14 - [TEST_STEP][PASSED] - if (ExecuteTC.equalsIgnoreCase("Y")): null

2023-02-08 19:17:14 - [TEST_STEP][PASSED] - out.println("Begin Record Number: " + row): null

2023-02-08 19:17:14 - [TEST_STEP][PASSED] - today = new java.util.Date(): null

2023-02-08 19:17:14 - [TEST_STEP][PASSED] - println(today): null

2023-02-08 19:17:14 - [TEST_STEP][PASSED] - datText = today: null

2023-02-08 19:17:14 - [TEST_STEP][PASSED] - checkType = findTestData(dataFile).getValue("CheckType", row): null

2023-02-08 19:17:14 - [TEST_STEP][PASSED] - acNumber = findTestData(dataFile).getValue("AcNumber", row): null

2023-02-08 19:17:14 - [TEST_STEP][PASSED] - company = findTestData(dataFile).getValue("Company", row): null

2023-02-08 19:17:14 - [TEST_STEP][PASSED] - acType = findTestData(dataFile).getValue("AcType", row): null

2023-02-08 19:17:14 - [TEST_STEP][PASSED] - rtn = findTestData(dataFile).getValue("RTN", row): null

2023-02-08 19:17:14 - [TEST_STEP][PASSED] - amount = findTestData(dataFile).getValue("Amount", row): null

2023-02-08 19:17:14 - [TEST_STEP][PASSED] - sec = findTestData(dataFile).getValue("SEC", row): null

2023-02-08 19:17:14 - [TEST_STEP][PASSED] - openBrowser(VLinkURL + "debit.html"): Browser is opened with url: 'https://dev-algorithm.govolution.com/vlinktest/QA/version_2_0/debit.html'

2023-02-08 19:17:14 - [MESSAGE][WARNING] - A browser is already opened. Closing browser and opening a new one

2023-02-08 19:17:15 - [MESSAGE][INFO] - Starting 'Chrome' driver

2023-02-08 19:17:15 - [MESSAGE][INFO] - User set preference: ['acceptInsecureCerts', 'true']

2023-02-08 19:17:15 - [MESSAGE][INFO] - Action delay is set to 0 milliseconds

2023-02-08 19:17:17 - [MESSAGE][PASSED] - Browser is opened with url: 'https://dev-algorithm.govolution.com/vlinktest/QA/version_2_0/debit.html'

2023-02-08 19:17:17 - [TEST_STEP][PASSED] - maximizeWindow(): Current window maximized

2023-02-08 19:17:17 - [MESSAGE][PASSED] - Current window maximized

2023-02-08 19:17:17 - [TEST_STEP][PASSED] - genRemID = RandomStringUtils.random(12, true, true): null

2023-02-08 19:17:17 - [TEST_STEP][PASSED] - setText(findTestObject("RecAndPlayBk/Page-Vlink-Debit/input_Remittance Id"), genRemID): Text 'NAnnn0rgVUGl' is set on object 'Object Repository/RecAndPlayBk/Page-Vlink-Debit/input_Remittance Id'

2023-02-08 19:17:18 - [MESSAGE][PASSED] - Text 'NAnnn0rgVUGl' is set on object 'Object Repository/RecAndPlayBk/Page-Vlink-Debit/input_Remittance Id'

2023-02-08 19:17:18 - [TEST_STEP][PASSED] - setText(findTestObject("RecAndPlayBk/Page-Vlink-Debit/input_Application Id"), appID): Text '234' is set on object 'Object Repository/RecAndPlayBk/Page-Vlink-Debit/input_Application Id'

2023-02-08 19:17:19 - [MESSAGE][PASSED] - Text '234' is set on object 'Object Repository/RecAndPlayBk/Page-Vlink-Debit/input_Application Id'

2023-02-08 19:17:19 - [TEST_STEP][PASSED] - setText(findTestObject("RecAndPlayBk/Page-Vlink-Debit/input_Username"), username): Text 'username' is set on object 'Object Repository/RecAndPlayBk/Page-Vlink-Debit/input_Username'

2023-02-08 19:17:19 - [MESSAGE][PASSED] - Text 'username' is set on object 'Object Repository/RecAndPlayBk/Page-Vlink-Debit/input_Username'

2023-02-08 19:17:19 - [TEST_STEP][PASSED] - setText(findTestObject("RecAndPlayBk/Page-Vlink-Debit/input_Password"), password): Text 'password' is set on object 'Object Repository/RecAndPlayBk/Page-Vlink-Debit/input_Password'

2023-02-08 19:17:20 - [MESSAGE][PASSED] - Text 'password' is set on object 'Object Repository/RecAndPlayBk/Page-Vlink-Debit/input_Password'

2023-02-08 19:17:20 - [TEST_STEP][PASSED] - setText(findTestObject("RecAndPlayBk/Page-Vlink-Debit/input_Check Type"), checkType): Text 'P' is set on object 'Object Repository/RecAndPlayBk/Page-Vlink-Debit/input_Check Type'

2023-02-08 19:17:21 - [MESSAGE][PASSED] - Text 'P' is set on object 'Object Repository/RecAndPlayBk/Page-Vlink-Debit/input_Check Type'

2023-02-08 19:17:21 - [TEST_STEP][PASSED] - setText(findTestObject("RecAndPlayBk/Page-Vlink-Debit/input_Account_check"), acNumber): Text '58963214' is set on object 'Object Repository/RecAndPlayBk/Page-Vlink-Debit/input_Account_check'

2023-02-08 19:17:21 - [MESSAGE][PASSED] - Text '58963214' is set on object 'Object Repository/RecAndPlayBk/Page-Vlink-Debit/input_Account_check'

2023-02-08 19:17:21 - [TEST_STEP][PASSED] - setText(findTestObject("RecAndPlayBk/Page-Vlink-Debit/input_Company_check"), company): Text '' is set on object 'Object Repository/RecAndPlayBk/Page-Vlink-Debit/input_Company_check'

2023-02-08 19:17:22 - [MESSAGE][PASSED] - Text '' is set on object 'Object Repository/RecAndPlayBk/Page-Vlink-Debit/input_Company_check'

2023-02-08 19:17:22 - [TEST_STEP][PASSED] - setText(findTestObject("RecAndPlayBk/Page-Vlink-Debit/input_Account Type"), acType): Text '2' is set on object 'Object Repository/RecAndPlayBk/Page-Vlink-Debit/input_Account Type'

2023-02-08 19:17:23 - [MESSAGE][PASSED] - Text '2' is set on object 'Object Repository/RecAndPlayBk/Page-Vlink-Debit/input_Account Type'

2023-02-08 19:17:23 - [TEST_STEP][PASSED] - setText(findTestObject("RecAndPlayBk/Page-Vlink-Debit/input_Routing Number"), rtn): Text '256072691' is set on object 'Object Repository/RecAndPlayBk/Page-Vlink-Debit/input_Routing Number'

2023-02-08 19:17:23 - [MESSAGE][PASSED] - Text '256072691' is set on object 'Object Repository/RecAndPlayBk/Page-Vlink-Debit/input_Routing Number'

2023-02-08 19:17:23 - [TEST_STEP][PASSED] - setText(findTestObject("RecAndPlayBk/Page-Vlink-Debit/input_Amount"), amount): Text '12.50' is set on object 'Object Repository/RecAndPlayBk/Page-Vlink-Debit/input_Amount'

2023-02-08 19:17:24 - [MESSAGE][PASSED] - Text '12.50' is set on object 'Object Repository/RecAndPlayBk/Page-Vlink-Debit/input_Amount'

2023-02-08 19:17:24 - [TEST_STEP][PASSED] - setText(findTestObject("RecAndPlayBk/Page-Vlink-Debit/input_Check Email"), ""): Text '' is set on object 'Object Repository/RecAndPlayBk/Page-Vlink-Debit/input_Check Email'

2023-02-08 19:17:24 - [MESSAGE][PASSED] - Text '' is set on object 'Object Repository/RecAndPlayBk/Page-Vlink-Debit/input_Check Email'

2023-02-08 19:17:24 - [TEST_STEP][PASSED] - setText(findTestObject("Object Repository/RecAndPlayBk/Page-Vlink-Debit/input_concat(CheckWriter, , s SSN)_check_ssn"), ""): Text '' is set on object 'Object Repository/RecAndPlayBk/Page-Vlink-Debit/input_concat(CheckWriter, , s SSN)_check_ssn'

2023-02-08 19:17:25 - [MESSAGE][PASSED] - Text '' is set on object 'Object Repository/RecAndPlayBk/Page-Vlink-Debit/input_concat(CheckWriter, , s SSN)_check_ssn'

2023-02-08 19:17:25 - [TEST_STEP][PASSED] - setText(findTestObject("Object Repository/RecAndPlayBk/Page-Vlink-Debit/input_concat(CheckWriter, , s License Numbe_020fef"), ""): Text '' is set on object 'Object Repository/RecAndPlayBk/Page-Vlink-Debit/input_concat(CheckWriter, , s License Numbe_020fef'

2023-02-08 19:17:26 - [MESSAGE][PASSED] - Text '' is set on object 'Object Repository/RecAndPlayBk/Page-Vlink-Debit/input_concat(CheckWriter, , s License Numbe_020fef'

2023-02-08 19:17:26 - [TEST_STEP][PASSED] - setText(findTestObject("Object Repository/RecAndPlayBk/Page-Vlink-Debit/input_concat(CheckWriter, , s License State_21e3e7"), ""): Text '' is set on object 'Object Repository/RecAndPlayBk/Page-Vlink-Debit/input_concat(CheckWriter, , s License State_21e3e7'

2023-02-08 19:17:26 - [MESSAGE][PASSED] - Text '' is set on object 'Object Repository/RecAndPlayBk/Page-Vlink-Debit/input_concat(CheckWriter, , s License State_21e3e7'

2023-02-08 19:17:26 - [TEST_STEP][PASSED] - setText(findTestObject("RecAndPlayBk/Page-Vlink-Debit/input_Standard Entry Class"), sec): Text 'TEL' is set on object 'Object Repository/RecAndPlayBk/Page-Vlink-Debit/input_Standard Entry Class'

2023-02-08 19:17:27 - [MESSAGE][PASSED] - Text 'TEL' is set on object 'Object Repository/RecAndPlayBk/Page-Vlink-Debit/input_Standard Entry Class'

2023-02-08 19:17:27 - [TEST_STEP][PASSED] - click(findTestObject("Object Repository/RecAndPlayBk/Page-Vlink-Debit/input")): Object: 'Object Repository/RecAndPlayBk/Page-Vlink-Debit/input' is clicked on

2023-02-08 19:17:28 - [MESSAGE][PASSED] - Object: 'Object Repository/RecAndPlayBk/Page-Vlink-Debit/input' is clicked on

2023-02-08 19:17:28 - [TEST_STEP][PASSED] - if (verifyTextPresent("Transaction approved, no errors", true)): null

2023-02-08 19:17:28 - [MESSAGE][PASSED] - Text 'Transaction approved, no errors' is present on page  using regular expression

2023-02-08 19:17:28 - [TEST_STEP][PASSED] - println("Transaction Approved, no errors text is present on the Confirmation page"): null

2023-02-08 19:17:28 - [TEST_STEP][PASSED] - sdfo = getText(findTestObject("Object Repository/Page_VLinkReceipt/pre_STX")): Text of object 'Object Repository/Page_VLinkReceipt/pre_STX' is: '<STX>NAnnn0rgVUGl                  12125307            0  Transaction approved, no errors                   0                                                                                                              <ETX>'

2023-02-08 19:17:28 - [MESSAGE][PASSED] - Text of object 'Object Repository/Page_VLinkReceipt/pre_STX' is: '<STX>NAnnn0rgVUGl                  12125307            0  Transaction approved, no errors                   0                                                                                                              <ETX>'

2023-02-08 19:17:28 - [TEST_STEP][PASSED] - out.println("sdfo: " + sdfo): null

2023-02-08 19:17:28 - [TEST_STEP][PASSED] - remID = substring(5, 35).trim(): null

2023-02-08 19:17:28 - [TEST_STEP][PASSED] - out.println("remID: " + remID): null

2023-02-08 19:17:28 - [TEST_STEP][PASSED] - traxID = substring(35, 55).trim(): null

2023-02-08 19:17:28 - [TEST_STEP][PASSED] - out.println("traxID: " + traxID): null

2023-02-08 19:17:28 - [TEST_STEP][PASSED] - VLinkSaleRemID = remID: null

2023-02-08 19:17:28 - [TEST_STEP][PASSED] - VLinkSaleTranxID = traxID: null

2023-02-08 19:17:28 - [TEST_STEP][PASSED] - openBrowser(VLinkURL + "ACH_credit.html"): Browser is opened with url: 'https://dev-algorithm.govolution.com/vlinktest/QA/version_2_0/ACH_credit.html'

2023-02-08 19:17:28 - [MESSAGE][WARNING] - A browser is already opened. Closing browser and opening a new one

2023-02-08 19:17:29 - [MESSAGE][INFO] - Starting 'Chrome' driver

2023-02-08 19:17:29 - [MESSAGE][INFO] - User set preference: ['acceptInsecureCerts', 'true']

2023-02-08 19:17:29 - [MESSAGE][INFO] - Action delay is set to 0 milliseconds

2023-02-08 19:17:31 - [MESSAGE][PASSED] - Browser is opened with url: 'https://dev-algorithm.govolution.com/vlinktest/QA/version_2_0/ACH_credit.html'

2023-02-08 19:17:31 - [TEST_STEP][PASSED] - maximizeWindow(): Current window maximized

2023-02-08 19:17:31 - [MESSAGE][PASSED] - Current window maximized

2023-02-08 19:17:31 - [TEST_STEP][PASSED] - setText(findTestObject("Object Repository/RecAndPlayBk/Page-Vlink-ACH-Credit/input_Remittance Id"), VLinkSaleRemID): Text 'NAnnn0rgVUGl' is set on object 'Object Repository/RecAndPlayBk/Page-Vlink-ACH-Credit/input_Remittance Id'

2023-02-08 19:17:32 - [MESSAGE][PASSED] - Text 'NAnnn0rgVUGl' is set on object 'Object Repository/RecAndPlayBk/Page-Vlink-ACH-Credit/input_Remittance Id'

2023-02-08 19:17:32 - [TEST_STEP][PASSED] - setText(findTestObject("Object Repository/RecAndPlayBk/Page-Vlink-ACH-Credit/input_Application Id"), appID): Text '234' is set on object 'Object Repository/RecAndPlayBk/Page-Vlink-ACH-Credit/input_Application Id'

2023-02-08 19:17:32 - [MESSAGE][PASSED] - Text '234' is set on object 'Object Repository/RecAndPlayBk/Page-Vlink-ACH-Credit/input_Application Id'

2023-02-08 19:17:32 - [TEST_STEP][PASSED] - setText(findTestObject("Object Repository/RecAndPlayBk/Page-Vlink-ACH-Credit/input_Username"), username): Text 'username' is set on object 'Object Repository/RecAndPlayBk/Page-Vlink-ACH-Credit/input_Username'

2023-02-08 19:17:33 - [MESSAGE][PASSED] - Text 'username' is set on object 'Object Repository/RecAndPlayBk/Page-Vlink-ACH-Credit/input_Username'

2023-02-08 19:17:33 - [TEST_STEP][PASSED] - setText(findTestObject("Object Repository/RecAndPlayBk/Page-Vlink-ACH-Credit/input_Password"), password): Text 'password' is set on object 'Object Repository/RecAndPlayBk/Page-Vlink-ACH-Credit/input_Password'

2023-02-08 19:17:33 - [MESSAGE][PASSED] - Text 'password' is set on object 'Object Repository/RecAndPlayBk/Page-Vlink-ACH-Credit/input_Password'

2023-02-08 19:17:33 - [TEST_STEP][PASSED] - setText(findTestObject("Object Repository/RecAndPlayBk/Page-Vlink-ACH-Credit/input_Check Type"), checkType): Text 'P' is set on object 'Object Repository/RecAndPlayBk/Page-Vlink-ACH-Credit/input_Check Type'

2023-02-08 19:17:34 - [MESSAGE][PASSED] - Text 'P' is set on object 'Object Repository/RecAndPlayBk/Page-Vlink-ACH-Credit/input_Check Type'

2023-02-08 19:17:34 - [TEST_STEP][PASSED] - setText(findTestObject("Object Repository/RecAndPlayBk/Page-Vlink-ACH-Credit/input_Transaction ID"), VLinkSaleTranxID): Text '12125307' is set on object 'Object Repository/RecAndPlayBk/Page-Vlink-ACH-Credit/input_Transaction ID'

2023-02-08 19:17:35 - [MESSAGE][PASSED] - Text '12125307' is set on object 'Object Repository/RecAndPlayBk/Page-Vlink-ACH-Credit/input_Transaction ID'

2023-02-08 19:17:35 - [TEST_STEP][PASSED] - setText(findTestObject("Object Repository/RecAndPlayBk/Page-Vlink-ACH-Credit/input_Amount"), amount): Text '12.50' is set on object 'Object Repository/RecAndPlayBk/Page-Vlink-ACH-Credit/input_Amount'

2023-02-08 19:17:35 - [MESSAGE][PASSED] - Text '12.50' is set on object 'Object Repository/RecAndPlayBk/Page-Vlink-ACH-Credit/input_Amount'

2023-02-08 19:17:35 - [TEST_STEP][PASSED] - setText(findTestObject("Object Repository/RecAndPlayBk/Page-Vlink-ACH-Credit/input_Standard Entry Class"), sec): Text 'TEL' is set on object 'Object Repository/RecAndPlayBk/Page-Vlink-ACH-Credit/input_Standard Entry Class'

2023-02-08 19:17:36 - [MESSAGE][PASSED] - Text 'TEL' is set on object 'Object Repository/RecAndPlayBk/Page-Vlink-ACH-Credit/input_Standard Entry Class'

2023-02-08 19:17:36 - [TEST_STEP][PASSED] - setText(findTestObject("Object Repository/RecAndPlayBk/Page-Vlink-ACH-Credit/input_Account Number"), acNumber): Text '58963214' is set on object 'Object Repository/RecAndPlayBk/Page-Vlink-ACH-Credit/input_Account Number'

2023-02-08 19:17:37 - [MESSAGE][PASSED] - Text '58963214' is set on object 'Object Repository/RecAndPlayBk/Page-Vlink-ACH-Credit/input_Account Number'

2023-02-08 19:17:37 - [TEST_STEP][PASSED] - setText(findTestObject("Object Repository/RecAndPlayBk/Page-Vlink-ACH-Credit/input_Routing Number"), rtn): Text '256072691' is set on object 'Object Repository/RecAndPlayBk/Page-Vlink-ACH-Credit/input_Routing Number'

2023-02-08 19:17:37 - [MESSAGE][PASSED] - Text '256072691' is set on object 'Object Repository/RecAndPlayBk/Page-Vlink-ACH-Credit/input_Routing Number'

2023-02-08 19:17:37 - [TEST_STEP][PASSED] - click(findTestObject("Object Repository/RecAndPlayBk/Page-Vlink-ACH-Credit/input")): Object: 'Object Repository/RecAndPlayBk/Page-Vlink-ACH-Credit/input' is clicked on

2023-02-08 19:17:38 - [MESSAGE][PASSED] - Object: 'Object Repository/RecAndPlayBk/Page-Vlink-ACH-Credit/input' is clicked on

2023-02-08 19:17:38 - [TEST_STEP][PASSED] - if (verifyTextPresent("Transaction approved, no errors", true)): null

2023-02-08 19:17:38 - [MESSAGE][PASSED] - Text 'Transaction approved, no errors' is present on page  using regular expression

2023-02-08 19:17:38 - [TEST_STEP][PASSED] - println("Transaction Approved, no errors text is present on the Confirmation page"): null

2023-02-08 19:17:38 - [TEST_STEP][PASSED] - sdfo = getText(findTestObject("Object Repository/Page_VLinkReceipt/pre_STX")): Text of object 'Object Repository/Page_VLinkReceipt/pre_STX' is: '<STX>NAnnn0rgVUGl                  12125308            0  Transaction approved, no errors                   0                                                                                                              <ETX>'

2023-02-08 19:17:39 - [MESSAGE][PASSED] - Text of object 'Object Repository/Page_VLinkReceipt/pre_STX' is: '<STX>NAnnn0rgVUGl                  12125308            0  Transaction approved, no errors                   0                                                                                                              <ETX>'

2023-02-08 19:17:39 - [TEST_STEP][PASSED] - out.println("sdfo: " + sdfo): null

2023-02-08 19:17:39 - [TEST_STEP][PASSED] - remID = substring(5, 35).trim(): null

2023-02-08 19:17:39 - [TEST_STEP][PASSED] - out.println("remID: " + remID): null

2023-02-08 19:17:39 - [TEST_STEP][PASSED] - traxID = substring(35, 55).trim(): null

2023-02-08 19:17:39 - [TEST_STEP][PASSED] - out.println("traxID: " + traxID): null

2023-02-08 19:17:39 - [TEST_STEP][PASSED] - VLinkSaleRemID = remID: null

2023-02-08 19:17:39 - [TEST_STEP][PASSED] - VLinkSaleTranxID = traxID: null

2023-02-08 19:17:39 - [TEST_STEP][PASSED] - openBrowser(VLinkURL + "ACH_void.html"): Browser is opened with url: 'https://dev-algorithm.govolution.com/vlinktest/QA/version_2_0/ACH_void.html'

2023-02-08 19:17:39 - [MESSAGE][WARNING] - A browser is already opened. Closing browser and opening a new one

2023-02-08 19:17:39 - [MESSAGE][INFO] - Starting 'Chrome' driver

2023-02-08 19:17:39 - [MESSAGE][INFO] - User set preference: ['acceptInsecureCerts', 'true']

2023-02-08 19:17:39 - [MESSAGE][INFO] - Action delay is set to 0 milliseconds

2023-02-08 19:17:41 - [MESSAGE][PASSED] - Browser is opened with url: 'https://dev-algorithm.govolution.com/vlinktest/QA/version_2_0/ACH_void.html'

2023-02-08 19:17:41 - [TEST_STEP][PASSED] - maximizeWindow(): Current window maximized

2023-02-08 19:17:41 - [MESSAGE][PASSED] - Current window maximized

2023-02-08 19:17:41 - [TEST_STEP][PASSED] - setText(findTestObject("Object Repository/RecAndPlayBk/Page-Vlink-ACH-Void/input_Remittance Id"), VLinkSaleRemID): Text 'NAnnn0rgVUGl' is set on object 'Object Repository/RecAndPlayBk/Page-Vlink-ACH-Void/input_Remittance Id'

2023-02-08 19:17:42 - [MESSAGE][PASSED] - Text 'NAnnn0rgVUGl' is set on object 'Object Repository/RecAndPlayBk/Page-Vlink-ACH-Void/input_Remittance Id'

2023-02-08 19:17:42 - [TEST_STEP][PASSED] - setText(findTestObject("Object Repository/RecAndPlayBk/Page-Vlink-ACH-Void/input_Application Id"), appID): Text '234' is set on object 'Object Repository/RecAndPlayBk/Page-Vlink-ACH-Void/input_Application Id'

2023-02-08 19:17:43 - [MESSAGE][PASSED] - Text '234' is set on object 'Object Repository/RecAndPlayBk/Page-Vlink-ACH-Void/input_Application Id'

2023-02-08 19:17:43 - [TEST_STEP][PASSED] - setText(findTestObject("Object Repository/RecAndPlayBk/Page-Vlink-ACH-Void/input_Username"), username): Text 'username' is set on object 'Object Repository/RecAndPlayBk/Page-Vlink-ACH-Void/input_Username'

2023-02-08 19:17:43 - [MESSAGE][PASSED] - Text 'username' is set on object 'Object Repository/RecAndPlayBk/Page-Vlink-ACH-Void/input_Username'

2023-02-08 19:17:43 - [TEST_STEP][PASSED] - setText(findTestObject("Object Repository/RecAndPlayBk/Page-Vlink-ACH-Void/input_Password"), password): Text 'password' is set on object 'Object Repository/RecAndPlayBk/Page-Vlink-ACH-Void/input_Password'

2023-02-08 19:17:44 - [MESSAGE][PASSED] - Text 'password' is set on object 'Object Repository/RecAndPlayBk/Page-Vlink-ACH-Void/input_Password'

2023-02-08 19:17:44 - [TEST_STEP][PASSED] - setText(findTestObject("Object Repository/RecAndPlayBk/Page-Vlink-ACH-Void/input_Check Type"), checkType): Text 'P' is set on object 'Object Repository/RecAndPlayBk/Page-Vlink-ACH-Void/input_Check Type'

2023-02-08 19:17:45 - [MESSAGE][PASSED] - Text 'P' is set on object 'Object Repository/RecAndPlayBk/Page-Vlink-ACH-Void/input_Check Type'

2023-02-08 19:17:45 - [TEST_STEP][PASSED] - setText(findTestObject("Object Repository/RecAndPlayBk/Page-Vlink-ACH-Void/input_Standard Entry Class"), sec): Text 'TEL' is set on object 'Object Repository/RecAndPlayBk/Page-Vlink-ACH-Void/input_Standard Entry Class'

2023-02-08 19:17:45 - [MESSAGE][PASSED] - Text 'TEL' is set on object 'Object Repository/RecAndPlayBk/Page-Vlink-ACH-Void/input_Standard Entry Class'

2023-02-08 19:17:45 - [TEST_STEP][PASSED] - setText(findTestObject("Object Repository/RecAndPlayBk/Page-Vlink-ACH-Void/input_Transaction ID"), VLinkSaleTranxID): Text '12125308' is set on object 'Object Repository/RecAndPlayBk/Page-Vlink-ACH-Void/input_Transaction ID'

2023-02-08 19:17:46 - [MESSAGE][PASSED] - Text '12125308' is set on object 'Object Repository/RecAndPlayBk/Page-Vlink-ACH-Void/input_Transaction ID'

2023-02-08 19:17:46 - [TEST_STEP][PASSED] - setText(findTestObject("Object Repository/RecAndPlayBk/Page-Vlink-ACH-Void/input_Original Transaction Type"), "201"): Text '201' is set on object 'Object Repository/RecAndPlayBk/Page-Vlink-ACH-Void/input_Original Transaction Type'

2023-02-08 19:17:46 - [MESSAGE][PASSED] - Text '201' is set on object 'Object Repository/RecAndPlayBk/Page-Vlink-ACH-Void/input_Original Transaction Type'

2023-02-08 19:17:46 - [TEST_STEP][PASSED] - click(findTestObject("Object Repository/RecAndPlayBk/Page-Vlink-ACH-Void/input")): Object: 'Object Repository/RecAndPlayBk/Page-Vlink-ACH-Void/input' is clicked on

2023-02-08 19:17:47 - [MESSAGE][PASSED] - Object: 'Object Repository/RecAndPlayBk/Page-Vlink-ACH-Void/input' is clicked on

2023-02-08 19:17:47 - [TEST_STEP][PASSED] - if (verifyTextPresent("Transaction approved, no errors", true)): null

2023-02-08 19:17:48 - [MESSAGE][PASSED] - Text 'Transaction approved, no errors' is present on page  using regular expression

2023-02-08 19:17:48 - [TEST_STEP][PASSED] - println("Transaction Approved, no errors text is present on the Confirmation page"): null

2023-02-08 19:17:48 - [TEST_STEP][PASSED] - out.println("Pass Record Number: " + row): null

2023-02-08 19:17:48 - [TEST_STEP][PASSED] - resText = "Pass": null

2023-02-08 19:17:48 - [TEST_STEP][PASSED] - pages.WriteExcel.demoKey(resText, datText, resColumn, datCloumn, fileLoc, nameSheet, row): pages.WriteExcel.demoKey is PASSED

2023-02-08 19:17:48 - [MESSAGE][PASSED] - pages.WriteExcel.demoKey is PASSED

2023-02-08 19:17:48 - [TEST_STEP][PASSED] - ExecuteTC = findTestData(dataFile).getValue("Execute", row): null

2023-02-08 19:17:48 - [TEST_STEP][PASSED] - out.println("Value of Execute is : " + ExecuteTC): null

2023-02-08 19:17:48 - [TEST_STEP][PASSED] - switch (executionProfile): null

2023-02-08 19:17:48 - [TEST_STEP][PASSED] - case "QAProfile":: null

2023-02-08 19:17:48 - [TEST_STEP][PASSED] - appID = findTestData(dataFile).getValue("AppIDQA", row): null

2023-02-08 19:17:48 - [TEST_STEP][PASSED] - username = findTestData(dataFile).getValue("UsernameQA", row): null

2023-02-08 19:17:48 - [TEST_STEP][PASSED] - password = findTestData(dataFile).getValue("PasswordQA", row): null

2023-02-08 19:17:48 - [TEST_STEP][PASSED] - break: null

2023-02-08 19:17:48 - [TEST_STEP][PASSED] - if (ExecuteTC.equalsIgnoreCase("Y")): null

2023-02-08 19:17:48 - [TEST_STEP][PASSED] - out.println("Begin Record Number: " + row): null

2023-02-08 19:17:48 - [TEST_STEP][PASSED] - today = new java.util.Date(): null

2023-02-08 19:17:48 - [TEST_STEP][PASSED] - println(today): null

2023-02-08 19:17:48 - [TEST_STEP][PASSED] - datText = today: null

2023-02-08 19:17:48 - [TEST_STEP][PASSED] - checkType = findTestData(dataFile).getValue("CheckType", row): null

2023-02-08 19:17:48 - [TEST_STEP][PASSED] - acNumber = findTestData(dataFile).getValue("AcNumber", row): null

2023-02-08 19:17:48 - [TEST_STEP][PASSED] - company = findTestData(dataFile).getValue("Company", row): null

2023-02-08 19:17:48 - [TEST_STEP][PASSED] - acType = findTestData(dataFile).getValue("AcType", row): null

2023-02-08 19:17:48 - [TEST_STEP][PASSED] - rtn = findTestData(dataFile).getValue("RTN", row): null

2023-02-08 19:17:48 - [TEST_STEP][PASSED] - amount = findTestData(dataFile).getValue("Amount", row): null

2023-02-08 19:17:48 - [TEST_STEP][PASSED] - sec = findTestData(dataFile).getValue("SEC", row): null

2023-02-08 19:17:48 - [TEST_STEP][PASSED] - openBrowser(VLinkURL + "debit.html"): Browser is opened with url: 'https://dev-algorithm.govolution.com/vlinktest/QA/version_2_0/debit.html'

2023-02-08 19:17:48 - [MESSAGE][WARNING] - A browser is already opened. Closing browser and opening a new one

2023-02-08 19:17:49 - [MESSAGE][INFO] - Starting 'Chrome' driver

2023-02-08 19:17:49 - [MESSAGE][INFO] - User set preference: ['acceptInsecureCerts', 'true']

2023-02-08 19:17:49 - [MESSAGE][INFO] - Action delay is set to 0 milliseconds

2023-02-08 19:17:51 - [MESSAGE][PASSED] - Browser is opened with url: 'https://dev-algorithm.govolution.com/vlinktest/QA/version_2_0/debit.html'

2023-02-08 19:17:51 - [TEST_STEP][PASSED] - maximizeWindow(): Current window maximized

2023-02-08 19:17:51 - [MESSAGE][PASSED] - Current window maximized

2023-02-08 19:17:51 - [TEST_STEP][PASSED] - genRemID = RandomStringUtils.random(12, true, true): null

2023-02-08 19:17:51 - [TEST_STEP][PASSED] - setText(findTestObject("RecAndPlayBk/Page-Vlink-Debit/input_Remittance Id"), genRemID): Text '3mSHDb7SBwBm' is set on object 'Object Repository/RecAndPlayBk/Page-Vlink-Debit/input_Remittance Id'

2023-02-08 19:17:52 - [MESSAGE][PASSED] - Text '3mSHDb7SBwBm' is set on object 'Object Repository/RecAndPlayBk/Page-Vlink-Debit/input_Remittance Id'

2023-02-08 19:17:52 - [TEST_STEP][PASSED] - setText(findTestObject("RecAndPlayBk/Page-Vlink-Debit/input_Application Id"), appID): Text '234' is set on object 'Object Repository/RecAndPlayBk/Page-Vlink-Debit/input_Application Id'

2023-02-08 19:17:53 - [MESSAGE][PASSED] - Text '234' is set on object 'Object Repository/RecAndPlayBk/Page-Vlink-Debit/input_Application Id'

2023-02-08 19:17:53 - [TEST_STEP][PASSED] - setText(findTestObject("RecAndPlayBk/Page-Vlink-Debit/input_Username"), username): Text 'username' is set on object 'Object Repository/RecAndPlayBk/Page-Vlink-Debit/input_Username'

2023-02-08 19:17:53 - [MESSAGE][PASSED] - Text 'username' is set on object 'Object Repository/RecAndPlayBk/Page-Vlink-Debit/input_Username'

2023-02-08 19:17:53 - [TEST_STEP][PASSED] - setText(findTestObject("RecAndPlayBk/Page-Vlink-Debit/input_Password"), password): Text 'password' is set on object 'Object Repository/RecAndPlayBk/Page-Vlink-Debit/input_Password'

2023-02-08 19:17:54 - [MESSAGE][PASSED] - Text 'password' is set on object 'Object Repository/RecAndPlayBk/Page-Vlink-Debit/input_Password'

2023-02-08 19:17:54 - [TEST_STEP][PASSED] - setText(findTestObject("RecAndPlayBk/Page-Vlink-Debit/input_Check Type"), checkType): Text 'P' is set on object 'Object Repository/RecAndPlayBk/Page-Vlink-Debit/input_Check Type'

2023-02-08 19:17:54 - [MESSAGE][PASSED] - Text 'P' is set on object 'Object Repository/RecAndPlayBk/Page-Vlink-Debit/input_Check Type'

2023-02-08 19:17:54 - [TEST_STEP][PASSED] - setText(findTestObject("RecAndPlayBk/Page-Vlink-Debit/input_Account_check"), acNumber): Text '58963214' is set on object 'Object Repository/RecAndPlayBk/Page-Vlink-Debit/input_Account_check'

2023-02-08 19:17:55 - [MESSAGE][PASSED] - Text '58963214' is set on object 'Object Repository/RecAndPlayBk/Page-Vlink-Debit/input_Account_check'

2023-02-08 19:17:55 - [TEST_STEP][PASSED] - setText(findTestObject("RecAndPlayBk/Page-Vlink-Debit/input_Company_check"), company): Text '' is set on object 'Object Repository/RecAndPlayBk/Page-Vlink-Debit/input_Company_check'

2023-02-08 19:17:56 - [MESSAGE][PASSED] - Text '' is set on object 'Object Repository/RecAndPlayBk/Page-Vlink-Debit/input_Company_check'

2023-02-08 19:17:56 - [TEST_STEP][PASSED] - setText(findTestObject("RecAndPlayBk/Page-Vlink-Debit/input_Account Type"), acType): Text '2' is set on object 'Object Repository/RecAndPlayBk/Page-Vlink-Debit/input_Account Type'

2023-02-08 19:17:56 - [MESSAGE][PASSED] - Text '2' is set on object 'Object Repository/RecAndPlayBk/Page-Vlink-Debit/input_Account Type'

2023-02-08 19:17:56 - [TEST_STEP][PASSED] - setText(findTestObject("RecAndPlayBk/Page-Vlink-Debit/input_Routing Number"), rtn): Text '256072691' is set on object 'Object Repository/RecAndPlayBk/Page-Vlink-Debit/input_Routing Number'

2023-02-08 19:17:57 - [MESSAGE][PASSED] - Text '256072691' is set on object 'Object Repository/RecAndPlayBk/Page-Vlink-Debit/input_Routing Number'

2023-02-08 19:17:57 - [TEST_STEP][PASSED] - setText(findTestObject("RecAndPlayBk/Page-Vlink-Debit/input_Amount"), amount): Text '12.50' is set on object 'Object Repository/RecAndPlayBk/Page-Vlink-Debit/input_Amount'

2023-02-08 19:17:58 - [MESSAGE][PASSED] - Text '12.50' is set on object 'Object Repository/RecAndPlayBk/Page-Vlink-Debit/input_Amount'

2023-02-08 19:17:58 - [TEST_STEP][PASSED] - setText(findTestObject("RecAndPlayBk/Page-Vlink-Debit/input_Check Email"), ""): Text '' is set on object 'Object Repository/RecAndPlayBk/Page-Vlink-Debit/input_Check Email'

2023-02-08 19:17:58 - [MESSAGE][PASSED] - Text '' is set on object 'Object Repository/RecAndPlayBk/Page-Vlink-Debit/input_Check Email'

2023-02-08 19:17:58 - [TEST_STEP][PASSED] - setText(findTestObject("Object Repository/RecAndPlayBk/Page-Vlink-Debit/input_concat(CheckWriter, , s SSN)_check_ssn"), ""): Text '' is set on object 'Object Repository/RecAndPlayBk/Page-Vlink-Debit/input_concat(CheckWriter, , s SSN)_check_ssn'

2023-02-08 19:17:59 - [MESSAGE][PASSED] - Text '' is set on object 'Object Repository/RecAndPlayBk/Page-Vlink-Debit/input_concat(CheckWriter, , s SSN)_check_ssn'

2023-02-08 19:17:59 - [TEST_STEP][PASSED] - setText(findTestObject("Object Repository/RecAndPlayBk/Page-Vlink-Debit/input_concat(CheckWriter, , s License Numbe_020fef"), ""): Text '' is set on object 'Object Repository/RecAndPlayBk/Page-Vlink-Debit/input_concat(CheckWriter, , s License Numbe_020fef'

2023-02-08 19:17:59 - [MESSAGE][PASSED] - Text '' is set on object 'Object Repository/RecAndPlayBk/Page-Vlink-Debit/input_concat(CheckWriter, , s License Numbe_020fef'

2023-02-08 19:17:59 - [TEST_STEP][PASSED] - setText(findTestObject("Object Repository/RecAndPlayBk/Page-Vlink-Debit/input_concat(CheckWriter, , s License State_21e3e7"), ""): Text '' is set on object 'Object Repository/RecAndPlayBk/Page-Vlink-Debit/input_concat(CheckWriter, , s License State_21e3e7'

2023-02-08 19:18:00 - [MESSAGE][PASSED] - Text '' is set on object 'Object Repository/RecAndPlayBk/Page-Vlink-Debit/input_concat(CheckWriter, , s License State_21e3e7'

2023-02-08 19:18:00 - [TEST_STEP][PASSED] - setText(findTestObject("RecAndPlayBk/Page-Vlink-Debit/input_Standard Entry Class"), sec): Text 'PPD' is set on object 'Object Repository/RecAndPlayBk/Page-Vlink-Debit/input_Standard Entry Class'

2023-02-08 19:18:01 - [MESSAGE][PASSED] - Text 'PPD' is set on object 'Object Repository/RecAndPlayBk/Page-Vlink-Debit/input_Standard Entry Class'

2023-02-08 19:18:01 - [TEST_STEP][PASSED] - click(findTestObject("Object Repository/RecAndPlayBk/Page-Vlink-Debit/input")): Object: 'Object Repository/RecAndPlayBk/Page-Vlink-Debit/input' is clicked on

2023-02-08 19:18:01 - [MESSAGE][PASSED] - Object: 'Object Repository/RecAndPlayBk/Page-Vlink-Debit/input' is clicked on

2023-02-08 19:18:01 - [TEST_STEP][PASSED] - if (verifyTextPresent("Transaction approved, no errors", true)): null

2023-02-08 19:18:02 - [MESSAGE][PASSED] - Text 'Transaction approved, no errors' is present on page  using regular expression

2023-02-08 19:18:02 - [TEST_STEP][PASSED] - println("Transaction Approved, no errors text is present on the Confirmation page"): null

2023-02-08 19:18:02 - [TEST_STEP][PASSED] - sdfo = getText(findTestObject("Object Repository/Page_VLinkReceipt/pre_STX")): Text of object 'Object Repository/Page_VLinkReceipt/pre_STX' is: '<STX>3mSHDb7SBwBm                  12125310            0  Transaction approved, no errors                   0                                                                                                              <ETX>'

2023-02-08 19:18:02 - [MESSAGE][PASSED] - Text of object 'Object Repository/Page_VLinkReceipt/pre_STX' is: '<STX>3mSHDb7SBwBm                  12125310            0  Transaction approved, no errors                   0                                                                                                              <ETX>'

2023-02-08 19:18:02 - [TEST_STEP][PASSED] - out.println("sdfo: " + sdfo): null

2023-02-08 19:18:02 - [TEST_STEP][PASSED] - remID = substring(5, 35).trim(): null

2023-02-08 19:18:02 - [TEST_STEP][PASSED] - out.println("remID: " + remID): null

2023-02-08 19:18:02 - [TEST_STEP][PASSED] - traxID = substring(35, 55).trim(): null

2023-02-08 19:18:02 - [TEST_STEP][PASSED] - out.println("traxID: " + traxID): null

2023-02-08 19:18:02 - [TEST_STEP][PASSED] - VLinkSaleRemID = remID: null

2023-02-08 19:18:02 - [TEST_STEP][PASSED] - VLinkSaleTranxID = traxID: null

2023-02-08 19:18:02 - [TEST_STEP][PASSED] - openBrowser(VLinkURL + "ACH_credit.html"): Browser is opened with url: 'https://dev-algorithm.govolution.com/vlinktest/QA/version_2_0/ACH_credit.html'

2023-02-08 19:18:02 - [MESSAGE][WARNING] - A browser is already opened. Closing browser and opening a new one

2023-02-08 19:18:03 - [MESSAGE][INFO] - Starting 'Chrome' driver

2023-02-08 19:18:03 - [MESSAGE][INFO] - User set preference: ['acceptInsecureCerts', 'true']

2023-02-08 19:18:03 - [MESSAGE][INFO] - Action delay is set to 0 milliseconds

2023-02-08 19:18:05 - [MESSAGE][PASSED] - Browser is opened with url: 'https://dev-algorithm.govolution.com/vlinktest/QA/version_2_0/ACH_credit.html'

2023-02-08 19:18:05 - [TEST_STEP][PASSED] - maximizeWindow(): Current window maximized

2023-02-08 19:18:05 - [MESSAGE][PASSED] - Current window maximized

2023-02-08 19:18:05 - [TEST_STEP][PASSED] - setText(findTestObject("Object Repository/RecAndPlayBk/Page-Vlink-ACH-Credit/input_Remittance Id"), VLinkSaleRemID): Text '3mSHDb7SBwBm' is set on object 'Object Repository/RecAndPlayBk/Page-Vlink-ACH-Credit/input_Remittance Id'

2023-02-08 19:18:06 - [MESSAGE][PASSED] - Text '3mSHDb7SBwBm' is set on object 'Object Repository/RecAndPlayBk/Page-Vlink-ACH-Credit/input_Remittance Id'

2023-02-08 19:18:06 - [TEST_STEP][PASSED] - setText(findTestObject("Object Repository/RecAndPlayBk/Page-Vlink-ACH-Credit/input_Application Id"), appID): Text '234' is set on object 'Object Repository/RecAndPlayBk/Page-Vlink-ACH-Credit/input_Application Id'

2023-02-08 19:18:06 - [MESSAGE][PASSED] - Text '234' is set on object 'Object Repository/RecAndPlayBk/Page-Vlink-ACH-Credit/input_Application Id'

2023-02-08 19:18:06 - [TEST_STEP][PASSED] - setText(findTestObject("Object Repository/RecAndPlayBk/Page-Vlink-ACH-Credit/input_Username"), username): Text 'username' is set on object 'Object Repository/RecAndPlayBk/Page-Vlink-ACH-Credit/input_Username'

2023-02-08 19:18:07 - [MESSAGE][PASSED] - Text 'username' is set on object 'Object Repository/RecAndPlayBk/Page-Vlink-ACH-Credit/input_Username'

2023-02-08 19:18:07 - [TEST_STEP][PASSED] - setText(findTestObject("Object Repository/RecAndPlayBk/Page-Vlink-ACH-Credit/input_Password"), password): Text 'password' is set on object 'Object Repository/RecAndPlayBk/Page-Vlink-ACH-Credit/input_Password'

2023-02-08 19:18:08 - [MESSAGE][PASSED] - Text 'password' is set on object 'Object Repository/RecAndPlayBk/Page-Vlink-ACH-Credit/input_Password'

2023-02-08 19:18:08 - [TEST_STEP][PASSED] - setText(findTestObject("Object Repository/RecAndPlayBk/Page-Vlink-ACH-Credit/input_Check Type"), checkType): Text 'P' is set on object 'Object Repository/RecAndPlayBk/Page-Vlink-ACH-Credit/input_Check Type'

2023-02-08 19:18:08 - [MESSAGE][PASSED] - Text 'P' is set on object 'Object Repository/RecAndPlayBk/Page-Vlink-ACH-Credit/input_Check Type'

2023-02-08 19:18:08 - [TEST_STEP][PASSED] - setText(findTestObject("Object Repository/RecAndPlayBk/Page-Vlink-ACH-Credit/input_Transaction ID"), VLinkSaleTranxID): Text '12125310' is set on object 'Object Repository/RecAndPlayBk/Page-Vlink-ACH-Credit/input_Transaction ID'

2023-02-08 19:18:09 - [MESSAGE][PASSED] - Text '12125310' is set on object 'Object Repository/RecAndPlayBk/Page-Vlink-ACH-Credit/input_Transaction ID'

2023-02-08 19:18:09 - [TEST_STEP][PASSED] - setText(findTestObject("Object Repository/RecAndPlayBk/Page-Vlink-ACH-Credit/input_Amount"), amount): Text '12.50' is set on object 'Object Repository/RecAndPlayBk/Page-Vlink-ACH-Credit/input_Amount'

2023-02-08 19:18:10 - [MESSAGE][PASSED] - Text '12.50' is set on object 'Object Repository/RecAndPlayBk/Page-Vlink-ACH-Credit/input_Amount'

2023-02-08 19:18:10 - [TEST_STEP][PASSED] - setText(findTestObject("Object Repository/RecAndPlayBk/Page-Vlink-ACH-Credit/input_Standard Entry Class"), sec): Text 'PPD' is set on object 'Object Repository/RecAndPlayBk/Page-Vlink-ACH-Credit/input_Standard Entry Class'

2023-02-08 19:18:10 - [MESSAGE][PASSED] - Text 'PPD' is set on object 'Object Repository/RecAndPlayBk/Page-Vlink-ACH-Credit/input_Standard Entry Class'

2023-02-08 19:18:10 - [TEST_STEP][PASSED] - setText(findTestObject("Object Repository/RecAndPlayBk/Page-Vlink-ACH-Credit/input_Account Number"), acNumber): Text '58963214' is set on object 'Object Repository/RecAndPlayBk/Page-Vlink-ACH-Credit/input_Account Number'

2023-02-08 19:18:11 - [MESSAGE][PASSED] - Text '58963214' is set on object 'Object Repository/RecAndPlayBk/Page-Vlink-ACH-Credit/input_Account Number'

2023-02-08 19:18:11 - [TEST_STEP][PASSED] - setText(findTestObject("Object Repository/RecAndPlayBk/Page-Vlink-ACH-Credit/input_Routing Number"), rtn): Text '256072691' is set on object 'Object Repository/RecAndPlayBk/Page-Vlink-ACH-Credit/input_Routing Number'

2023-02-08 19:18:11 - [MESSAGE][PASSED] - Text '256072691' is set on object 'Object Repository/RecAndPlayBk/Page-Vlink-ACH-Credit/input_Routing Number'

2023-02-08 19:18:11 - [TEST_STEP][PASSED] - click(findTestObject("Object Repository/RecAndPlayBk/Page-Vlink-ACH-Credit/input")): Object: 'Object Repository/RecAndPlayBk/Page-Vlink-ACH-Credit/input' is clicked on

2023-02-08 19:18:12 - [MESSAGE][PASSED] - Object: 'Object Repository/RecAndPlayBk/Page-Vlink-ACH-Credit/input' is clicked on

2023-02-08 19:18:12 - [TEST_STEP][PASSED] - if (verifyTextPresent("Transaction approved, no errors", true)): null

2023-02-08 19:18:12 - [MESSAGE][PASSED] - Text 'Transaction approved, no errors' is present on page  using regular expression

2023-02-08 19:18:12 - [TEST_STEP][PASSED] - println("Transaction Approved, no errors text is present on the Confirmation page"): null

2023-02-08 19:18:12 - [TEST_STEP][PASSED] - sdfo = getText(findTestObject("Object Repository/Page_VLinkReceipt/pre_STX")): Text of object 'Object Repository/Page_VLinkReceipt/pre_STX' is: '<STX>3mSHDb7SBwBm                  12125311            0  Transaction approved, no errors                   0                                                                                                              <ETX>'

2023-02-08 19:18:13 - [MESSAGE][PASSED] - Text of object 'Object Repository/Page_VLinkReceipt/pre_STX' is: '<STX>3mSHDb7SBwBm                  12125311            0  Transaction approved, no errors                   0                                                                                                              <ETX>'

2023-02-08 19:18:13 - [TEST_STEP][PASSED] - out.println("sdfo: " + sdfo): null

2023-02-08 19:18:13 - [TEST_STEP][PASSED] - remID = substring(5, 35).trim(): null

2023-02-08 19:18:13 - [TEST_STEP][PASSED] - out.println("remID: " + remID): null

2023-02-08 19:18:13 - [TEST_STEP][PASSED] - traxID = substring(35, 55).trim(): null

2023-02-08 19:18:13 - [TEST_STEP][PASSED] - out.println("traxID: " + traxID): null

2023-02-08 19:18:13 - [TEST_STEP][PASSED] - VLinkSaleRemID = remID: null

2023-02-08 19:18:13 - [TEST_STEP][PASSED] - VLinkSaleTranxID = traxID: null

2023-02-08 19:18:13 - [TEST_STEP][PASSED] - openBrowser(VLinkURL + "ACH_void.html"): Browser is opened with url: 'https://dev-algorithm.govolution.com/vlinktest/QA/version_2_0/ACH_void.html'

2023-02-08 19:18:13 - [MESSAGE][WARNING] - A browser is already opened. Closing browser and opening a new one

2023-02-08 19:18:14 - [MESSAGE][INFO] - Starting 'Chrome' driver

2023-02-08 19:18:14 - [MESSAGE][INFO] - User set preference: ['acceptInsecureCerts', 'true']

2023-02-08 19:18:14 - [MESSAGE][INFO] - Action delay is set to 0 milliseconds

2023-02-08 19:18:16 - [MESSAGE][PASSED] - Browser is opened with url: 'https://dev-algorithm.govolution.com/vlinktest/QA/version_2_0/ACH_void.html'

2023-02-08 19:18:16 - [TEST_STEP][PASSED] - maximizeWindow(): Current window maximized

2023-02-08 19:18:16 - [MESSAGE][PASSED] - Current window maximized

2023-02-08 19:18:16 - [TEST_STEP][PASSED] - setText(findTestObject("Object Repository/RecAndPlayBk/Page-Vlink-ACH-Void/input_Remittance Id"), VLinkSaleRemID): Text '3mSHDb7SBwBm' is set on object 'Object Repository/RecAndPlayBk/Page-Vlink-ACH-Void/input_Remittance Id'

2023-02-08 19:18:16 - [MESSAGE][PASSED] - Text '3mSHDb7SBwBm' is set on object 'Object Repository/RecAndPlayBk/Page-Vlink-ACH-Void/input_Remittance Id'

2023-02-08 19:18:16 - [TEST_STEP][PASSED] - setText(findTestObject("Object Repository/RecAndPlayBk/Page-Vlink-ACH-Void/input_Application Id"), appID): Text '234' is set on object 'Object Repository/RecAndPlayBk/Page-Vlink-ACH-Void/input_Application Id'

2023-02-08 19:18:17 - [MESSAGE][PASSED] - Text '234' is set on object 'Object Repository/RecAndPlayBk/Page-Vlink-ACH-Void/input_Application Id'

2023-02-08 19:18:17 - [TEST_STEP][PASSED] - setText(findTestObject("Object Repository/RecAndPlayBk/Page-Vlink-ACH-Void/input_Username"), username): Text 'username' is set on object 'Object Repository/RecAndPlayBk/Page-Vlink-ACH-Void/input_Username'

2023-02-08 19:18:18 - [MESSAGE][PASSED] - Text 'username' is set on object 'Object Repository/RecAndPlayBk/Page-Vlink-ACH-Void/input_Username'

2023-02-08 19:18:18 - [TEST_STEP][PASSED] - setText(findTestObject("Object Repository/RecAndPlayBk/Page-Vlink-ACH-Void/input_Password"), password): Text 'password' is set on object 'Object Repository/RecAndPlayBk/Page-Vlink-ACH-Void/input_Password'

2023-02-08 19:18:18 - [MESSAGE][PASSED] - Text 'password' is set on object 'Object Repository/RecAndPlayBk/Page-Vlink-ACH-Void/input_Password'

2023-02-08 19:18:18 - [TEST_STEP][PASSED] - setText(findTestObject("Object Repository/RecAndPlayBk/Page-Vlink-ACH-Void/input_Check Type"), checkType): Text 'P' is set on object 'Object Repository/RecAndPlayBk/Page-Vlink-ACH-Void/input_Check Type'

2023-02-08 19:18:19 - [MESSAGE][PASSED] - Text 'P' is set on object 'Object Repository/RecAndPlayBk/Page-Vlink-ACH-Void/input_Check Type'

2023-02-08 19:18:19 - [TEST_STEP][PASSED] - setText(findTestObject("Object Repository/RecAndPlayBk/Page-Vlink-ACH-Void/input_Standard Entry Class"), sec): Text 'PPD' is set on object 'Object Repository/RecAndPlayBk/Page-Vlink-ACH-Void/input_Standard Entry Class'

2023-02-08 19:18:20 - [MESSAGE][PASSED] - Text 'PPD' is set on object 'Object Repository/RecAndPlayBk/Page-Vlink-ACH-Void/input_Standard Entry Class'

2023-02-08 19:18:20 - [TEST_STEP][PASSED] - setText(findTestObject("Object Repository/RecAndPlayBk/Page-Vlink-ACH-Void/input_Transaction ID"), VLinkSaleTranxID): Text '12125311' is set on object 'Object Repository/RecAndPlayBk/Page-Vlink-ACH-Void/input_Transaction ID'

2023-02-08 19:18:20 - [MESSAGE][PASSED] - Text '12125311' is set on object 'Object Repository/RecAndPlayBk/Page-Vlink-ACH-Void/input_Transaction ID'

2023-02-08 19:18:20 - [TEST_STEP][PASSED] - setText(findTestObject("Object Repository/RecAndPlayBk/Page-Vlink-ACH-Void/input_Original Transaction Type"), "201"): Text '201' is set on object 'Object Repository/RecAndPlayBk/Page-Vlink-ACH-Void/input_Original Transaction Type'

2023-02-08 19:18:21 - [MESSAGE][PASSED] - Text '201' is set on object 'Object Repository/RecAndPlayBk/Page-Vlink-ACH-Void/input_Original Transaction Type'

2023-02-08 19:18:21 - [TEST_STEP][PASSED] - click(findTestObject("Object Repository/RecAndPlayBk/Page-Vlink-ACH-Void/input")): Object: 'Object Repository/RecAndPlayBk/Page-Vlink-ACH-Void/input' is clicked on

2023-02-08 19:18:22 - [MESSAGE][PASSED] - Object: 'Object Repository/RecAndPlayBk/Page-Vlink-ACH-Void/input' is clicked on

2023-02-08 19:18:22 - [TEST_STEP][PASSED] - if (verifyTextPresent("Transaction approved, no errors", true)): null

2023-02-08 19:18:22 - [MESSAGE][PASSED] - Text 'Transaction approved, no errors' is present on page  using regular expression

2023-02-08 19:18:22 - [TEST_STEP][PASSED] - println("Transaction Approved, no errors text is present on the Confirmation page"): null

2023-02-08 19:18:22 - [TEST_STEP][PASSED] - out.println("Pass Record Number: " + row): null

2023-02-08 19:18:22 - [TEST_STEP][PASSED] - resText = "Pass": null

2023-02-08 19:18:22 - [TEST_STEP][PASSED] - pages.WriteExcel.demoKey(resText, datText, resColumn, datCloumn, fileLoc, nameSheet, row): pages.WriteExcel.demoKey is PASSED

2023-02-08 19:18:22 - [MESSAGE][PASSED] - pages.WriteExcel.demoKey is PASSED

2023-02-08 19:18:22 - [TEST_STEP][PASSED] - ExecuteTC = findTestData(dataFile).getValue("Execute", row): null

2023-02-08 19:18:22 - [TEST_STEP][PASSED] - out.println("Value of Execute is : " + ExecuteTC): null

2023-02-08 19:18:22 - [TEST_STEP][PASSED] - switch (executionProfile): null

2023-02-08 19:18:22 - [TEST_STEP][PASSED] - case "QAProfile":: null

2023-02-08 19:18:22 - [TEST_STEP][PASSED] - appID = findTestData(dataFile).getValue("AppIDQA", row): null

2023-02-08 19:18:22 - [TEST_STEP][PASSED] - username = findTestData(dataFile).getValue("UsernameQA", row): null

2023-02-08 19:18:22 - [TEST_STEP][PASSED] - password = findTestData(dataFile).getValue("PasswordQA", row): null

2023-02-08 19:18:22 - [TEST_STEP][PASSED] - break: null

2023-02-08 19:18:22 - [TEST_STEP][PASSED] - if (ExecuteTC.equalsIgnoreCase("Y")): null

2023-02-08 19:18:22 - [TEST_STEP][PASSED] - out.println("Begin Record Number: " + row): null

2023-02-08 19:18:22 - [TEST_STEP][PASSED] - today = new java.util.Date(): null

2023-02-08 19:18:22 - [TEST_STEP][PASSED] - println(today): null

2023-02-08 19:18:22 - [TEST_STEP][PASSED] - datText = today: null

2023-02-08 19:18:22 - [TEST_STEP][PASSED] - checkType = findTestData(dataFile).getValue("CheckType", row): null

2023-02-08 19:18:22 - [TEST_STEP][PASSED] - acNumber = findTestData(dataFile).getValue("AcNumber", row): null

2023-02-08 19:18:22 - [TEST_STEP][PASSED] - company = findTestData(dataFile).getValue("Company", row): null

2023-02-08 19:18:22 - [TEST_STEP][PASSED] - acType = findTestData(dataFile).getValue("AcType", row): null

2023-02-08 19:18:22 - [TEST_STEP][PASSED] - rtn = findTestData(dataFile).getValue("RTN", row): null

2023-02-08 19:18:23 - [TEST_STEP][PASSED] - amount = findTestData(dataFile).getValue("Amount", row): null

2023-02-08 19:18:23 - [TEST_STEP][PASSED] - sec = findTestData(dataFile).getValue("SEC", row): null

2023-02-08 19:18:23 - [TEST_STEP][PASSED] - openBrowser(VLinkURL + "debit.html"): Browser is opened with url: 'https://dev-algorithm.govolution.com/vlinktest/QA/version_2_0/debit.html'

2023-02-08 19:18:23 - [MESSAGE][WARNING] - A browser is already opened. Closing browser and opening a new one

2023-02-08 19:18:24 - [MESSAGE][INFO] - Starting 'Chrome' driver

2023-02-08 19:18:24 - [MESSAGE][INFO] - User set preference: ['acceptInsecureCerts', 'true']

2023-02-08 19:18:24 - [MESSAGE][INFO] - Action delay is set to 0 milliseconds

2023-02-08 19:18:25 - [MESSAGE][PASSED] - Browser is opened with url: 'https://dev-algorithm.govolution.com/vlinktest/QA/version_2_0/debit.html'

2023-02-08 19:18:25 - [TEST_STEP][PASSED] - maximizeWindow(): Current window maximized

2023-02-08 19:18:26 - [MESSAGE][PASSED] - Current window maximized

2023-02-08 19:18:26 - [TEST_STEP][PASSED] - genRemID = RandomStringUtils.random(12, true, true): null

2023-02-08 19:18:26 - [TEST_STEP][PASSED] - setText(findTestObject("RecAndPlayBk/Page-Vlink-Debit/input_Remittance Id"), genRemID): Text 'Ik9N4sEnNOgI' is set on object 'Object Repository/RecAndPlayBk/Page-Vlink-Debit/input_Remittance Id'

2023-02-08 19:18:26 - [MESSAGE][PASSED] - Text 'Ik9N4sEnNOgI' is set on object 'Object Repository/RecAndPlayBk/Page-Vlink-Debit/input_Remittance Id'

2023-02-08 19:18:26 - [TEST_STEP][PASSED] - setText(findTestObject("RecAndPlayBk/Page-Vlink-Debit/input_Application Id"), appID): Text '234' is set on object 'Object Repository/RecAndPlayBk/Page-Vlink-Debit/input_Application Id'

2023-02-08 19:18:27 - [MESSAGE][PASSED] - Text '234' is set on object 'Object Repository/RecAndPlayBk/Page-Vlink-Debit/input_Application Id'

2023-02-08 19:18:27 - [TEST_STEP][PASSED] - setText(findTestObject("RecAndPlayBk/Page-Vlink-Debit/input_Username"), username): Text 'username' is set on object 'Object Repository/RecAndPlayBk/Page-Vlink-Debit/input_Username'

2023-02-08 19:18:28 - [MESSAGE][PASSED] - Text 'username' is set on object 'Object Repository/RecAndPlayBk/Page-Vlink-Debit/input_Username'

2023-02-08 19:18:28 - [TEST_STEP][PASSED] - setText(findTestObject("RecAndPlayBk/Page-Vlink-Debit/input_Password"), password): Text 'password' is set on object 'Object Repository/RecAndPlayBk/Page-Vlink-Debit/input_Password'

2023-02-08 19:18:28 - [MESSAGE][PASSED] - Text 'password' is set on object 'Object Repository/RecAndPlayBk/Page-Vlink-Debit/input_Password'

2023-02-08 19:18:28 - [TEST_STEP][PASSED] - setText(findTestObject("RecAndPlayBk/Page-Vlink-Debit/input_Check Type"), checkType): Text 'C' is set on object 'Object Repository/RecAndPlayBk/Page-Vlink-Debit/input_Check Type'

2023-02-08 19:18:29 - [MESSAGE][PASSED] - Text 'C' is set on object 'Object Repository/RecAndPlayBk/Page-Vlink-Debit/input_Check Type'

2023-02-08 19:18:29 - [TEST_STEP][PASSED] - setText(findTestObject("RecAndPlayBk/Page-Vlink-Debit/input_Account_check"), acNumber): Text '58963214' is set on object 'Object Repository/RecAndPlayBk/Page-Vlink-Debit/input_Account_check'

2023-02-08 19:18:29 - [MESSAGE][PASSED] - Text '58963214' is set on object 'Object Repository/RecAndPlayBk/Page-Vlink-Debit/input_Account_check'

2023-02-08 19:18:29 - [TEST_STEP][PASSED] - setText(findTestObject("RecAndPlayBk/Page-Vlink-Debit/input_Company_check"), company): Text 'My Company' is set on object 'Object Repository/RecAndPlayBk/Page-Vlink-Debit/input_Company_check'

2023-02-08 19:18:30 - [MESSAGE][PASSED] - Text 'My Company' is set on object 'Object Repository/RecAndPlayBk/Page-Vlink-Debit/input_Company_check'

2023-02-08 19:18:30 - [TEST_STEP][PASSED] - setText(findTestObject("RecAndPlayBk/Page-Vlink-Debit/input_Account Type"), acType): Text '' is set on object 'Object Repository/RecAndPlayBk/Page-Vlink-Debit/input_Account Type'

2023-02-08 19:18:31 - [MESSAGE][PASSED] - Text '' is set on object 'Object Repository/RecAndPlayBk/Page-Vlink-Debit/input_Account Type'

2023-02-08 19:18:31 - [TEST_STEP][PASSED] - setText(findTestObject("RecAndPlayBk/Page-Vlink-Debit/input_Routing Number"), rtn): Text '256072691' is set on object 'Object Repository/RecAndPlayBk/Page-Vlink-Debit/input_Routing Number'

2023-02-08 19:18:31 - [MESSAGE][PASSED] - Text '256072691' is set on object 'Object Repository/RecAndPlayBk/Page-Vlink-Debit/input_Routing Number'

2023-02-08 19:18:31 - [TEST_STEP][PASSED] - setText(findTestObject("RecAndPlayBk/Page-Vlink-Debit/input_Amount"), amount): Text '12.50' is set on object 'Object Repository/RecAndPlayBk/Page-Vlink-Debit/input_Amount'

2023-02-08 19:18:32 - [MESSAGE][PASSED] - Text '12.50' is set on object 'Object Repository/RecAndPlayBk/Page-Vlink-Debit/input_Amount'

2023-02-08 19:18:32 - [TEST_STEP][PASSED] - setText(findTestObject("RecAndPlayBk/Page-Vlink-Debit/input_Check Email"), ""): Text '' is set on object 'Object Repository/RecAndPlayBk/Page-Vlink-Debit/input_Check Email'

2023-02-08 19:18:33 - [MESSAGE][PASSED] - Text '' is set on object 'Object Repository/RecAndPlayBk/Page-Vlink-Debit/input_Check Email'

2023-02-08 19:18:33 - [TEST_STEP][PASSED] - setText(findTestObject("Object Repository/RecAndPlayBk/Page-Vlink-Debit/input_concat(CheckWriter, , s SSN)_check_ssn"), ""): Text '' is set on object 'Object Repository/RecAndPlayBk/Page-Vlink-Debit/input_concat(CheckWriter, , s SSN)_check_ssn'

2023-02-08 19:18:33 - [MESSAGE][PASSED] - Text '' is set on object 'Object Repository/RecAndPlayBk/Page-Vlink-Debit/input_concat(CheckWriter, , s SSN)_check_ssn'

2023-02-08 19:18:33 - [TEST_STEP][PASSED] - setText(findTestObject("Object Repository/RecAndPlayBk/Page-Vlink-Debit/input_concat(CheckWriter, , s License Numbe_020fef"), ""): Text '' is set on object 'Object Repository/RecAndPlayBk/Page-Vlink-Debit/input_concat(CheckWriter, , s License Numbe_020fef'

2023-02-08 19:18:34 - [MESSAGE][PASSED] - Text '' is set on object 'Object Repository/RecAndPlayBk/Page-Vlink-Debit/input_concat(CheckWriter, , s License Numbe_020fef'

2023-02-08 19:18:34 - [TEST_STEP][PASSED] - setText(findTestObject("Object Repository/RecAndPlayBk/Page-Vlink-Debit/input_concat(CheckWriter, , s License State_21e3e7"), ""): Text '' is set on object 'Object Repository/RecAndPlayBk/Page-Vlink-Debit/input_concat(CheckWriter, , s License State_21e3e7'

2023-02-08 19:18:34 - [MESSAGE][PASSED] - Text '' is set on object 'Object Repository/RecAndPlayBk/Page-Vlink-Debit/input_concat(CheckWriter, , s License State_21e3e7'

2023-02-08 19:18:34 - [TEST_STEP][PASSED] - setText(findTestObject("RecAndPlayBk/Page-Vlink-Debit/input_Standard Entry Class"), sec): Text 'CCD' is set on object 'Object Repository/RecAndPlayBk/Page-Vlink-Debit/input_Standard Entry Class'

2023-02-08 19:18:35 - [MESSAGE][PASSED] - Text 'CCD' is set on object 'Object Repository/RecAndPlayBk/Page-Vlink-Debit/input_Standard Entry Class'

2023-02-08 19:18:35 - [TEST_STEP][PASSED] - click(findTestObject("Object Repository/RecAndPlayBk/Page-Vlink-Debit/input")): Object: 'Object Repository/RecAndPlayBk/Page-Vlink-Debit/input' is clicked on

2023-02-08 19:18:36 - [MESSAGE][PASSED] - Object: 'Object Repository/RecAndPlayBk/Page-Vlink-Debit/input' is clicked on

2023-02-08 19:18:36 - [TEST_STEP][PASSED] - if (verifyTextPresent("Transaction approved, no errors", true)): null

2023-02-08 19:18:36 - [MESSAGE][PASSED] - Text 'Transaction approved, no errors' is present on page  using regular expression

2023-02-08 19:18:36 - [TEST_STEP][PASSED] - println("Transaction Approved, no errors text is present on the Confirmation page"): null

2023-02-08 19:18:36 - [TEST_STEP][PASSED] - sdfo = getText(findTestObject("Object Repository/Page_VLinkReceipt/pre_STX")): Text of object 'Object Repository/Page_VLinkReceipt/pre_STX' is: '<STX>Ik9N4sEnNOgI                  12125313            0  Transaction approved, no errors                   0                                                                                                              <ETX>'

2023-02-08 19:18:36 - [MESSAGE][PASSED] - Text of object 'Object Repository/Page_VLinkReceipt/pre_STX' is: '<STX>Ik9N4sEnNOgI                  12125313            0  Transaction approved, no errors                   0                                                                                                              <ETX>'

2023-02-08 19:18:36 - [TEST_STEP][PASSED] - out.println("sdfo: " + sdfo): null

2023-02-08 19:18:36 - [TEST_STEP][PASSED] - remID = substring(5, 35).trim(): null

2023-02-08 19:18:36 - [TEST_STEP][PASSED] - out.println("remID: " + remID): null

2023-02-08 19:18:36 - [TEST_STEP][PASSED] - traxID = substring(35, 55).trim(): null

2023-02-08 19:18:36 - [TEST_STEP][PASSED] - out.println("traxID: " + traxID): null

2023-02-08 19:18:36 - [TEST_STEP][PASSED] - VLinkSaleRemID = remID: null

2023-02-08 19:18:36 - [TEST_STEP][PASSED] - VLinkSaleTranxID = traxID: null

2023-02-08 19:18:36 - [TEST_STEP][PASSED] - openBrowser(VLinkURL + "ACH_credit.html"): Browser is opened with url: 'https://dev-algorithm.govolution.com/vlinktest/QA/version_2_0/ACH_credit.html'

2023-02-08 19:18:36 - [MESSAGE][WARNING] - A browser is already opened. Closing browser and opening a new one

2023-02-08 19:18:37 - [MESSAGE][INFO] - Starting 'Chrome' driver

2023-02-08 19:18:37 - [MESSAGE][INFO] - User set preference: ['acceptInsecureCerts', 'true']

2023-02-08 19:18:37 - [MESSAGE][INFO] - Action delay is set to 0 milliseconds

2023-02-08 19:18:39 - [MESSAGE][PASSED] - Browser is opened with url: 'https://dev-algorithm.govolution.com/vlinktest/QA/version_2_0/ACH_credit.html'

2023-02-08 19:18:39 - [TEST_STEP][PASSED] - maximizeWindow(): Current window maximized

2023-02-08 19:18:39 - [MESSAGE][PASSED] - Current window maximized

2023-02-08 19:18:39 - [TEST_STEP][PASSED] - setText(findTestObject("Object Repository/RecAndPlayBk/Page-Vlink-ACH-Credit/input_Remittance Id"), VLinkSaleRemID): Text 'Ik9N4sEnNOgI' is set on object 'Object Repository/RecAndPlayBk/Page-Vlink-ACH-Credit/input_Remittance Id'

2023-02-08 19:18:40 - [MESSAGE][PASSED] - Text 'Ik9N4sEnNOgI' is set on object 'Object Repository/RecAndPlayBk/Page-Vlink-ACH-Credit/input_Remittance Id'

2023-02-08 19:18:40 - [TEST_STEP][PASSED] - setText(findTestObject("Object Repository/RecAndPlayBk/Page-Vlink-ACH-Credit/input_Application Id"), appID): Text '234' is set on object 'Object Repository/RecAndPlayBk/Page-Vlink-ACH-Credit/input_Application Id'

2023-02-08 19:18:41 - [MESSAGE][PASSED] - Text '234' is set on object 'Object Repository/RecAndPlayBk/Page-Vlink-ACH-Credit/input_Application Id'

2023-02-08 19:18:41 - [TEST_STEP][PASSED] - setText(findTestObject("Object Repository/RecAndPlayBk/Page-Vlink-ACH-Credit/input_Username"), username): Text 'username' is set on object 'Object Repository/RecAndPlayBk/Page-Vlink-ACH-Credit/input_Username'

2023-02-08 19:18:41 - [MESSAGE][PASSED] - Text 'username' is set on object 'Object Repository/RecAndPlayBk/Page-Vlink-ACH-Credit/input_Username'

2023-02-08 19:18:41 - [TEST_STEP][PASSED] - setText(findTestObject("Object Repository/RecAndPlayBk/Page-Vlink-ACH-Credit/input_Password"), password): Text 'password' is set on object 'Object Repository/RecAndPlayBk/Page-Vlink-ACH-Credit/input_Password'

2023-02-08 19:18:42 - [MESSAGE][PASSED] - Text 'password' is set on object 'Object Repository/RecAndPlayBk/Page-Vlink-ACH-Credit/input_Password'

2023-02-08 19:18:42 - [TEST_STEP][PASSED] - setText(findTestObject("Object Repository/RecAndPlayBk/Page-Vlink-ACH-Credit/input_Check Type"), checkType): Text 'C' is set on object 'Object Repository/RecAndPlayBk/Page-Vlink-ACH-Credit/input_Check Type'

2023-02-08 19:18:42 - [MESSAGE][PASSED] - Text 'C' is set on object 'Object Repository/RecAndPlayBk/Page-Vlink-ACH-Credit/input_Check Type'

2023-02-08 19:18:42 - [TEST_STEP][PASSED] - setText(findTestObject("Object Repository/RecAndPlayBk/Page-Vlink-ACH-Credit/input_Transaction ID"), VLinkSaleTranxID): Text '12125313' is set on object 'Object Repository/RecAndPlayBk/Page-Vlink-ACH-Credit/input_Transaction ID'

2023-02-08 19:18:43 - [MESSAGE][PASSED] - Text '12125313' is set on object 'Object Repository/RecAndPlayBk/Page-Vlink-ACH-Credit/input_Transaction ID'

2023-02-08 19:18:43 - [TEST_STEP][PASSED] - setText(findTestObject("Object Repository/RecAndPlayBk/Page-Vlink-ACH-Credit/input_Amount"), amount): Text '12.50' is set on object 'Object Repository/RecAndPlayBk/Page-Vlink-ACH-Credit/input_Amount'

2023-02-08 19:18:44 - [MESSAGE][PASSED] - Text '12.50' is set on object 'Object Repository/RecAndPlayBk/Page-Vlink-ACH-Credit/input_Amount'

2023-02-08 19:18:44 - [TEST_STEP][PASSED] - setText(findTestObject("Object Repository/RecAndPlayBk/Page-Vlink-ACH-Credit/input_Standard Entry Class"), sec): Text 'CCD' is set on object 'Object Repository/RecAndPlayBk/Page-Vlink-ACH-Credit/input_Standard Entry Class'

2023-02-08 19:18:44 - [MESSAGE][PASSED] - Text 'CCD' is set on object 'Object Repository/RecAndPlayBk/Page-Vlink-ACH-Credit/input_Standard Entry Class'

2023-02-08 19:18:44 - [TEST_STEP][PASSED] - setText(findTestObject("Object Repository/RecAndPlayBk/Page-Vlink-ACH-Credit/input_Account Number"), acNumber): Text '58963214' is set on object 'Object Repository/RecAndPlayBk/Page-Vlink-ACH-Credit/input_Account Number'

2023-02-08 19:18:45 - [MESSAGE][PASSED] - Text '58963214' is set on object 'Object Repository/RecAndPlayBk/Page-Vlink-ACH-Credit/input_Account Number'

2023-02-08 19:18:45 - [TEST_STEP][PASSED] - setText(findTestObject("Object Repository/RecAndPlayBk/Page-Vlink-ACH-Credit/input_Routing Number"), rtn): Text '256072691' is set on object 'Object Repository/RecAndPlayBk/Page-Vlink-ACH-Credit/input_Routing Number'

2023-02-08 19:18:45 - [MESSAGE][PASSED] - Text '256072691' is set on object 'Object Repository/RecAndPlayBk/Page-Vlink-ACH-Credit/input_Routing Number'

2023-02-08 19:18:45 - [TEST_STEP][PASSED] - click(findTestObject("Object Repository/RecAndPlayBk/Page-Vlink-ACH-Credit/input")): Object: 'Object Repository/RecAndPlayBk/Page-Vlink-ACH-Credit/input' is clicked on

2023-02-08 19:18:46 - [MESSAGE][PASSED] - Object: 'Object Repository/RecAndPlayBk/Page-Vlink-ACH-Credit/input' is clicked on

2023-02-08 19:18:46 - [TEST_STEP][PASSED] - if (verifyTextPresent("Transaction approved, no errors", true)): null

2023-02-08 19:18:47 - [MESSAGE][PASSED] - Text 'Transaction approved, no errors' is present on page  using regular expression

2023-02-08 19:18:47 - [TEST_STEP][PASSED] - println("Transaction Approved, no errors text is present on the Confirmation page"): null

2023-02-08 19:18:47 - [TEST_STEP][PASSED] - sdfo = getText(findTestObject("Object Repository/Page_VLinkReceipt/pre_STX")): Text of object 'Object Repository/Page_VLinkReceipt/pre_STX' is: '<STX>Ik9N4sEnNOgI                  12125314            0  Transaction approved, no errors                   0                                                                                                              <ETX>'

2023-02-08 19:18:47 - [MESSAGE][PASSED] - Text of object 'Object Repository/Page_VLinkReceipt/pre_STX' is: '<STX>Ik9N4sEnNOgI                  12125314            0  Transaction approved, no errors                   0                                                                                                              <ETX>'

2023-02-08 19:18:47 - [TEST_STEP][PASSED] - out.println("sdfo: " + sdfo): null

2023-02-08 19:18:47 - [TEST_STEP][PASSED] - remID = substring(5, 35).trim(): null

2023-02-08 19:18:47 - [TEST_STEP][PASSED] - out.println("remID: " + remID): null

2023-02-08 19:18:47 - [TEST_STEP][PASSED] - traxID = substring(35, 55).trim(): null

2023-02-08 19:18:47 - [TEST_STEP][PASSED] - out.println("traxID: " + traxID): null

2023-02-08 19:18:47 - [TEST_STEP][PASSED] - VLinkSaleRemID = remID: null

2023-02-08 19:18:47 - [TEST_STEP][PASSED] - VLinkSaleTranxID = traxID: null

2023-02-08 19:18:47 - [TEST_STEP][PASSED] - openBrowser(VLinkURL + "ACH_void.html"): Browser is opened with url: 'https://dev-algorithm.govolution.com/vlinktest/QA/version_2_0/ACH_void.html'

2023-02-08 19:18:47 - [MESSAGE][WARNING] - A browser is already opened. Closing browser and opening a new one

2023-02-08 19:18:48 - [MESSAGE][INFO] - Starting 'Chrome' driver

2023-02-08 19:18:48 - [MESSAGE][INFO] - User set preference: ['acceptInsecureCerts', 'true']

2023-02-08 19:18:48 - [MESSAGE][INFO] - Action delay is set to 0 milliseconds

2023-02-08 19:18:50 - [MESSAGE][PASSED] - Browser is opened with url: 'https://dev-algorithm.govolution.com/vlinktest/QA/version_2_0/ACH_void.html'

2023-02-08 19:18:50 - [TEST_STEP][PASSED] - maximizeWindow(): Current window maximized

2023-02-08 19:18:50 - [MESSAGE][PASSED] - Current window maximized

2023-02-08 19:18:50 - [TEST_STEP][PASSED] - setText(findTestObject("Object Repository/RecAndPlayBk/Page-Vlink-ACH-Void/input_Remittance Id"), VLinkSaleRemID): Text 'Ik9N4sEnNOgI' is set on object 'Object Repository/RecAndPlayBk/Page-Vlink-ACH-Void/input_Remittance Id'

2023-02-08 19:18:50 - [MESSAGE][PASSED] - Text 'Ik9N4sEnNOgI' is set on object 'Object Repository/RecAndPlayBk/Page-Vlink-ACH-Void/input_Remittance Id'

2023-02-08 19:18:50 - [TEST_STEP][PASSED] - setText(findTestObject("Object Repository/RecAndPlayBk/Page-Vlink-ACH-Void/input_Application Id"), appID): Text '234' is set on object 'Object Repository/RecAndPlayBk/Page-Vlink-ACH-Void/input_Application Id'

2023-02-08 19:18:51 - [MESSAGE][PASSED] - Text '234' is set on object 'Object Repository/RecAndPlayBk/Page-Vlink-ACH-Void/input_Application Id'

2023-02-08 19:18:51 - [TEST_STEP][PASSED] - setText(findTestObject("Object Repository/RecAndPlayBk/Page-Vlink-ACH-Void/input_Username"), username): Text 'username' is set on object 'Object Repository/RecAndPlayBk/Page-Vlink-ACH-Void/input_Username'

2023-02-08 19:18:52 - [MESSAGE][PASSED] - Text 'username' is set on object 'Object Repository/RecAndPlayBk/Page-Vlink-ACH-Void/input_Username'

2023-02-08 19:18:52 - [TEST_STEP][PASSED] - setText(findTestObject("Object Repository/RecAndPlayBk/Page-Vlink-ACH-Void/input_Password"), password): Text 'password' is set on object 'Object Repository/RecAndPlayBk/Page-Vlink-ACH-Void/input_Password'

2023-02-08 19:18:52 - [MESSAGE][PASSED] - Text 'password' is set on object 'Object Repository/RecAndPlayBk/Page-Vlink-ACH-Void/input_Password'

2023-02-08 19:18:52 - [TEST_STEP][PASSED] - setText(findTestObject("Object Repository/RecAndPlayBk/Page-Vlink-ACH-Void/input_Check Type"), checkType): Text 'C' is set on object 'Object Repository/RecAndPlayBk/Page-Vlink-ACH-Void/input_Check Type'

2023-02-08 19:18:53 - [MESSAGE][PASSED] - Text 'C' is set on object 'Object Repository/RecAndPlayBk/Page-Vlink-ACH-Void/input_Check Type'

2023-02-08 19:18:53 - [TEST_STEP][PASSED] - setText(findTestObject("Object Repository/RecAndPlayBk/Page-Vlink-ACH-Void/input_Standard Entry Class"), sec): Text 'CCD' is set on object 'Object Repository/RecAndPlayBk/Page-Vlink-ACH-Void/input_Standard Entry Class'

2023-02-08 19:18:53 - [MESSAGE][PASSED] - Text 'CCD' is set on object 'Object Repository/RecAndPlayBk/Page-Vlink-ACH-Void/input_Standard Entry Class'

2023-02-08 19:18:53 - [TEST_STEP][PASSED] - setText(findTestObject("Object Repository/RecAndPlayBk/Page-Vlink-ACH-Void/input_Transaction ID"), VLinkSaleTranxID): Text '12125314' is set on object 'Object Repository/RecAndPlayBk/Page-Vlink-ACH-Void/input_Transaction ID'

2023-02-08 19:18:54 - [MESSAGE][PASSED] - Text '12125314' is set on object 'Object Repository/RecAndPlayBk/Page-Vlink-ACH-Void/input_Transaction ID'

2023-02-08 19:18:54 - [TEST_STEP][PASSED] - setText(findTestObject("Object Repository/RecAndPlayBk/Page-Vlink-ACH-Void/input_Original Transaction Type"), "201"): Text '201' is set on object 'Object Repository/RecAndPlayBk/Page-Vlink-ACH-Void/input_Original Transaction Type'

2023-02-08 19:18:55 - [MESSAGE][PASSED] - Text '201' is set on object 'Object Repository/RecAndPlayBk/Page-Vlink-ACH-Void/input_Original Transaction Type'

2023-02-08 19:18:55 - [TEST_STEP][PASSED] - click(findTestObject("Object Repository/RecAndPlayBk/Page-Vlink-ACH-Void/input")): Object: 'Object Repository/RecAndPlayBk/Page-Vlink-ACH-Void/input' is clicked on

2023-02-08 19:18:55 - [MESSAGE][PASSED] - Object: 'Object Repository/RecAndPlayBk/Page-Vlink-ACH-Void/input' is clicked on

2023-02-08 19:18:55 - [TEST_STEP][PASSED] - if (verifyTextPresent("Transaction approved, no errors", true)): null

2023-02-08 19:18:56 - [MESSAGE][PASSED] - Text 'Transaction approved, no errors' is present on page  using regular expression

2023-02-08 19:18:56 - [TEST_STEP][PASSED] - println("Transaction Approved, no errors text is present on the Confirmation page"): null

2023-02-08 19:18:56 - [TEST_STEP][PASSED] - out.println("Pass Record Number: " + row): null

2023-02-08 19:18:56 - [TEST_STEP][PASSED] - resText = "Pass": null

2023-02-08 19:18:56 - [TEST_STEP][PASSED] - pages.WriteExcel.demoKey(resText, datText, resColumn, datCloumn, fileLoc, nameSheet, row): pages.WriteExcel.demoKey is PASSED

2023-02-08 19:18:56 - [MESSAGE][PASSED] - pages.WriteExcel.demoKey is PASSED]]></system-out>
         <system-err><![CDATA[]]></system-err>
      </testcase>
      <testcase name="Test Cases/RecAndPlayBk/VLink/Debit-MRF" time="389.739" classname="Test Cases/RecAndPlayBk/VLink/Debit-MRF" status="PASSED">
         <system-out><![CDATA[2023-02-08 19:18:56 - [TEST_CASE][PASSED] - Test Cases/RecAndPlayBk/VLink/Debit-MRF: Test Cases/RecAndPlayBk/VLink/Debit-MRF

2023-02-08 19:18:56 - [TEST_STEP][PASSED] - executionProfile = getExecutionProfile(): null

2023-02-08 19:18:56 - [TEST_STEP][PASSED] - out.println("executionProfile : " + executionProfile): null

2023-02-08 19:18:56 - [TEST_STEP][PASSED] - resText = "Fail": null

2023-02-08 19:18:56 - [TEST_STEP][PASSED] - resColumn = "Result": null

2023-02-08 19:18:56 - [TEST_STEP][PASSED] - datCloumn = "Date": null

2023-02-08 19:18:56 - [TEST_STEP][PASSED] - fileLoc = "KatalonData/VLinkSmokeDataACH.xlsx": null

2023-02-08 19:18:56 - [TEST_STEP][PASSED] - numOfRows = <not implemented yet for class: org.codehaus.groovy.ast.expr.EmptyExpression>: null

2023-02-08 19:18:56 - [TEST_STEP][PASSED] - dataFile = <not implemented yet for class: org.codehaus.groovy.ast.expr.EmptyExpression>: null

2023-02-08 19:18:56 - [TEST_STEP][PASSED] - nameSheet = <not implemented yet for class: org.codehaus.groovy.ast.expr.EmptyExpression>: null

2023-02-08 19:18:56 - [TEST_STEP][PASSED] - nameSheet = "Debit-MRF": null

2023-02-08 19:18:56 - [TEST_STEP][PASSED] - numOfRows = findTestData("QA/VLinkTestData/VLinkDebitMRFData").getRowNumbers(): null

2023-02-08 19:18:56 - [TEST_STEP][PASSED] - println("Number of Records: " + numOfRows): null

2023-02-08 19:18:56 - [TEST_STEP][PASSED] - dataFile = "QA/VLinkTestData/VLinkDebitMRFData": null

2023-02-08 19:18:56 - [TEST_STEP][PASSED] - for ([row = 1, row <= numOfRows, (row++)]): null

2023-02-08 19:18:56 - [TEST_STEP][PASSED] - ExecuteTC = findTestData(dataFile).getValue("Execute", row): null

2023-02-08 19:18:57 - [TEST_STEP][PASSED] - out.println("Value of Execute is : " + ExecuteTC): null

2023-02-08 19:18:57 - [TEST_STEP][PASSED] - if (ExecuteTC.equalsIgnoreCase("Y")): null

2023-02-08 19:18:57 - [TEST_STEP][PASSED] - out.println("Begin Record Number: " + row): null

2023-02-08 19:18:57 - [TEST_STEP][PASSED] - today = new java.util.Date(): null

2023-02-08 19:18:57 - [TEST_STEP][PASSED] - println(today): null

2023-02-08 19:18:57 - [TEST_STEP][PASSED] - datText = today: null

2023-02-08 19:18:57 - [TEST_STEP][PASSED] - appID = findTestData(dataFile).getValue("AppID", row): null

2023-02-08 19:18:57 - [TEST_STEP][PASSED] - username = findTestData(dataFile).getValue("Username", row): null

2023-02-08 19:18:57 - [TEST_STEP][PASSED] - password = findTestData(dataFile).getValue("Password", row): null

2023-02-08 19:18:57 - [TEST_STEP][PASSED] - errorMsg = findTestData(dataFile).getValue("ErrorMsg", row): null

2023-02-08 19:18:57 - [TEST_STEP][PASSED] - tranType = findTestData(dataFile).getValue("TranType", row): null

2023-02-08 19:18:57 - [TEST_STEP][PASSED] - mv = findTestData(dataFile).getValue("MV", row): null

2023-02-08 19:18:57 - [TEST_STEP][PASSED] - resFormat = findTestData(dataFile).getValue("ResFormat", row): null

2023-02-08 19:18:57 - [TEST_STEP][PASSED] - fName = findTestData(dataFile).getValue("Fname", row): null

2023-02-08 19:18:57 - [TEST_STEP][PASSED] - lName = findTestData(dataFile).getValue("Lname", row): null

2023-02-08 19:18:57 - [TEST_STEP][PASSED] - al1 = findTestData(dataFile).getValue("AL1", row): null

2023-02-08 19:18:57 - [TEST_STEP][PASSED] - city = findTestData(dataFile).getValue("City", row): null

2023-02-08 19:18:57 - [TEST_STEP][PASSED] - state = findTestData(dataFile).getValue("State", row): null

2023-02-08 19:18:57 - [TEST_STEP][PASSED] - zip = findTestData(dataFile).getValue("ZIP", row): null

2023-02-08 19:18:57 - [TEST_STEP][PASSED] - checkType = findTestData(dataFile).getValue("CheckType", row): null

2023-02-08 19:18:57 - [TEST_STEP][PASSED] - acNumber = findTestData(dataFile).getValue("AcNumber", row): null

2023-02-08 19:18:57 - [TEST_STEP][PASSED] - company = findTestData(dataFile).getValue("Company", row): null

2023-02-08 19:18:57 - [TEST_STEP][PASSED] - acType = findTestData(dataFile).getValue("AcType", row): null

2023-02-08 19:18:58 - [TEST_STEP][PASSED] - rtn = findTestData(dataFile).getValue("RTN", row): null

2023-02-08 19:18:58 - [TEST_STEP][PASSED] - amount = findTestData(dataFile).getValue("Amount", row): null

2023-02-08 19:18:58 - [TEST_STEP][PASSED] - sec = findTestData(dataFile).getValue("SEC", row): null

2023-02-08 19:18:58 - [TEST_STEP][PASSED] - openBrowser(VLinkURL + "debit.html"): Browser is opened with url: 'https://dev-algorithm.govolution.com/vlinktest/QA/version_2_0/debit.html'

2023-02-08 19:18:58 - [MESSAGE][WARNING] - A browser is already opened. Closing browser and opening a new one

2023-02-08 19:18:59 - [MESSAGE][INFO] - Starting 'Chrome' driver

2023-02-08 19:18:59 - [MESSAGE][INFO] - User set preference: ['acceptInsecureCerts', 'true']

2023-02-08 19:18:59 - [MESSAGE][INFO] - Action delay is set to 0 milliseconds

2023-02-08 19:19:01 - [MESSAGE][PASSED] - Browser is opened with url: 'https://dev-algorithm.govolution.com/vlinktest/QA/version_2_0/debit.html'

2023-02-08 19:19:01 - [TEST_STEP][PASSED] - maximizeWindow(): Current window maximized

2023-02-08 19:19:01 - [MESSAGE][PASSED] - Current window maximized

2023-02-08 19:19:01 - [TEST_STEP][PASSED] - setText(findTestObject("Object Repository/RecAndPlayBk/Page-Vlink-Debit/input_Transaction Type"), tranType): Text '' is set on object 'Object Repository/RecAndPlayBk/Page-Vlink-Debit/input_Transaction Type'

2023-02-08 19:19:01 - [MESSAGE][PASSED] - Text '' is set on object 'Object Repository/RecAndPlayBk/Page-Vlink-Debit/input_Transaction Type'

2023-02-08 19:19:01 - [TEST_STEP][PASSED] - setText(findTestObject("Object Repository/RecAndPlayBk/Page-Vlink-Debit/input_Message Version"), mv): Text '2.0A' is set on object 'Object Repository/RecAndPlayBk/Page-Vlink-Debit/input_Message Version'

2023-02-08 19:19:02 - [MESSAGE][PASSED] - Text '2.0A' is set on object 'Object Repository/RecAndPlayBk/Page-Vlink-Debit/input_Message Version'

2023-02-08 19:19:02 - [TEST_STEP][PASSED] - genRemID = RandomStringUtils.random(12, true, true): null

2023-02-08 19:19:02 - [TEST_STEP][PASSED] - setText(findTestObject("RecAndPlayBk/Page-Vlink-Debit/input_Remittance Id"), genRemID): Text '3us0jAbtQPbA' is set on object 'Object Repository/RecAndPlayBk/Page-Vlink-Debit/input_Remittance Id'

2023-02-08 19:19:03 - [MESSAGE][PASSED] - Text '3us0jAbtQPbA' is set on object 'Object Repository/RecAndPlayBk/Page-Vlink-Debit/input_Remittance Id'

2023-02-08 19:19:03 - [TEST_STEP][PASSED] - setText(findTestObject("RecAndPlayBk/Page-Vlink-Debit/input_Application Id"), appID): Text '234' is set on object 'Object Repository/RecAndPlayBk/Page-Vlink-Debit/input_Application Id'

2023-02-08 19:19:03 - [MESSAGE][PASSED] - Text '234' is set on object 'Object Repository/RecAndPlayBk/Page-Vlink-Debit/input_Application Id'

2023-02-08 19:19:03 - [TEST_STEP][PASSED] - setText(findTestObject("RecAndPlayBk/Page-Vlink-Debit/input_Username"), username): Text 'username' is set on object 'Object Repository/RecAndPlayBk/Page-Vlink-Debit/input_Username'

2023-02-08 19:19:04 - [MESSAGE][PASSED] - Text 'username' is set on object 'Object Repository/RecAndPlayBk/Page-Vlink-Debit/input_Username'

2023-02-08 19:19:04 - [TEST_STEP][PASSED] - setText(findTestObject("RecAndPlayBk/Page-Vlink-Debit/input_Password"), password): Text 'password' is set on object 'Object Repository/RecAndPlayBk/Page-Vlink-Debit/input_Password'

2023-02-08 19:19:05 - [MESSAGE][PASSED] - Text 'password' is set on object 'Object Repository/RecAndPlayBk/Page-Vlink-Debit/input_Password'

2023-02-08 19:19:05 - [TEST_STEP][PASSED] - setText(findTestObject("Object Repository/RecAndPlayBk/Page-Vlink-Debit/input_Response Format"), resFormat): Text 'fixed_width' is set on object 'Object Repository/RecAndPlayBk/Page-Vlink-Debit/input_Response Format'

2023-02-08 19:19:05 - [MESSAGE][PASSED] - Text 'fixed_width' is set on object 'Object Repository/RecAndPlayBk/Page-Vlink-Debit/input_Response Format'

2023-02-08 19:19:05 - [TEST_STEP][PASSED] - setText(findTestObject("RecAndPlayBk/Page-Vlink-Debit/input_Check Type"), checkType): Text 'P' is set on object 'Object Repository/RecAndPlayBk/Page-Vlink-Debit/input_Check Type'

2023-02-08 19:19:06 - [MESSAGE][PASSED] - Text 'P' is set on object 'Object Repository/RecAndPlayBk/Page-Vlink-Debit/input_Check Type'

2023-02-08 19:19:06 - [TEST_STEP][PASSED] - setText(findTestObject("Object Repository/RecAndPlayBk/Page-Vlink-Debit/input_First Name"), fName): Text 'Andy' is set on object 'Object Repository/RecAndPlayBk/Page-Vlink-Debit/input_First Name'

2023-02-08 19:19:06 - [MESSAGE][PASSED] - Text 'Andy' is set on object 'Object Repository/RecAndPlayBk/Page-Vlink-Debit/input_First Name'

2023-02-08 19:19:06 - [TEST_STEP][PASSED] - setText(findTestObject("Object Repository/RecAndPlayBk/Page-Vlink-Debit/input_Last Name"), lName): Text 'Roberts' is set on object 'Object Repository/RecAndPlayBk/Page-Vlink-Debit/input_Last Name'

2023-02-08 19:19:07 - [MESSAGE][PASSED] - Text 'Roberts' is set on object 'Object Repository/RecAndPlayBk/Page-Vlink-Debit/input_Last Name'

2023-02-08 19:19:07 - [TEST_STEP][PASSED] - setText(findTestObject("Object Repository/RecAndPlayBk/Page-Vlink-Debit/input_Address"), al1): Text '145 Main Street' is set on object 'Object Repository/RecAndPlayBk/Page-Vlink-Debit/input_Address'

2023-02-08 19:19:08 - [MESSAGE][PASSED] - Text '145 Main Street' is set on object 'Object Repository/RecAndPlayBk/Page-Vlink-Debit/input_Address'

2023-02-08 19:19:08 - [TEST_STEP][PASSED] - setText(findTestObject("Object Repository/RecAndPlayBk/Page-Vlink-Debit/input_City"), city): Text 'Arlington' is set on object 'Object Repository/RecAndPlayBk/Page-Vlink-Debit/input_City'

2023-02-08 19:19:08 - [MESSAGE][PASSED] - Text 'Arlington' is set on object 'Object Repository/RecAndPlayBk/Page-Vlink-Debit/input_City'

2023-02-08 19:19:08 - [TEST_STEP][PASSED] - setText(findTestObject("Object Repository/RecAndPlayBk/Page-Vlink-Debit/input_State"), state): Text 'VA' is set on object 'Object Repository/RecAndPlayBk/Page-Vlink-Debit/input_State'

2023-02-08 19:19:09 - [MESSAGE][PASSED] - Text 'VA' is set on object 'Object Repository/RecAndPlayBk/Page-Vlink-Debit/input_State'

2023-02-08 19:19:09 - [TEST_STEP][PASSED] - setText(findTestObject("Object Repository/RecAndPlayBk/Page-Vlink-Debit/input_Zip"), zip): Text '22201' is set on object 'Object Repository/RecAndPlayBk/Page-Vlink-Debit/input_Zip'

2023-02-08 19:19:10 - [MESSAGE][PASSED] - Text '22201' is set on object 'Object Repository/RecAndPlayBk/Page-Vlink-Debit/input_Zip'

2023-02-08 19:19:10 - [TEST_STEP][PASSED] - setText(findTestObject("RecAndPlayBk/Page-Vlink-Debit/input_Account_check"), acNumber): Text '58963214' is set on object 'Object Repository/RecAndPlayBk/Page-Vlink-Debit/input_Account_check'

2023-02-08 19:19:10 - [MESSAGE][PASSED] - Text '58963214' is set on object 'Object Repository/RecAndPlayBk/Page-Vlink-Debit/input_Account_check'

2023-02-08 19:19:10 - [TEST_STEP][PASSED] - setText(findTestObject("RecAndPlayBk/Page-Vlink-Debit/input_Company_check"), company): Text '' is set on object 'Object Repository/RecAndPlayBk/Page-Vlink-Debit/input_Company_check'

2023-02-08 19:19:11 - [MESSAGE][PASSED] - Text '' is set on object 'Object Repository/RecAndPlayBk/Page-Vlink-Debit/input_Company_check'

2023-02-08 19:19:11 - [TEST_STEP][PASSED] - setText(findTestObject("RecAndPlayBk/Page-Vlink-Debit/input_Account Type"), acType): Text '1' is set on object 'Object Repository/RecAndPlayBk/Page-Vlink-Debit/input_Account Type'

2023-02-08 19:19:11 - [MESSAGE][PASSED] - Text '1' is set on object 'Object Repository/RecAndPlayBk/Page-Vlink-Debit/input_Account Type'

2023-02-08 19:19:11 - [TEST_STEP][PASSED] - setText(findTestObject("RecAndPlayBk/Page-Vlink-Debit/input_Routing Number"), rtn): Text '256072691' is set on object 'Object Repository/RecAndPlayBk/Page-Vlink-Debit/input_Routing Number'

2023-02-08 19:19:12 - [MESSAGE][PASSED] - Text '256072691' is set on object 'Object Repository/RecAndPlayBk/Page-Vlink-Debit/input_Routing Number'

2023-02-08 19:19:12 - [TEST_STEP][PASSED] - setText(findTestObject("RecAndPlayBk/Page-Vlink-Debit/input_Amount"), amount): Text '12.50' is set on object 'Object Repository/RecAndPlayBk/Page-Vlink-Debit/input_Amount'

2023-02-08 19:19:13 - [MESSAGE][PASSED] - Text '12.50' is set on object 'Object Repository/RecAndPlayBk/Page-Vlink-Debit/input_Amount'

2023-02-08 19:19:13 - [TEST_STEP][PASSED] - setText(findTestObject("RecAndPlayBk/Page-Vlink-Debit/input_Check Email"), ""): Text '' is set on object 'Object Repository/RecAndPlayBk/Page-Vlink-Debit/input_Check Email'

2023-02-08 19:19:13 - [MESSAGE][PASSED] - Text '' is set on object 'Object Repository/RecAndPlayBk/Page-Vlink-Debit/input_Check Email'

2023-02-08 19:19:13 - [TEST_STEP][PASSED] - setText(findTestObject("Object Repository/RecAndPlayBk/Page-Vlink-Debit/input_concat(CheckWriter, , s SSN)_check_ssn"), ""): Text '' is set on object 'Object Repository/RecAndPlayBk/Page-Vlink-Debit/input_concat(CheckWriter, , s SSN)_check_ssn'

2023-02-08 19:19:14 - [MESSAGE][PASSED] - Text '' is set on object 'Object Repository/RecAndPlayBk/Page-Vlink-Debit/input_concat(CheckWriter, , s SSN)_check_ssn'

2023-02-08 19:19:14 - [TEST_STEP][PASSED] - setText(findTestObject("Object Repository/RecAndPlayBk/Page-Vlink-Debit/input_concat(CheckWriter, , s License Numbe_020fef"), ""): Text '' is set on object 'Object Repository/RecAndPlayBk/Page-Vlink-Debit/input_concat(CheckWriter, , s License Numbe_020fef'

2023-02-08 19:19:15 - [MESSAGE][PASSED] - Text '' is set on object 'Object Repository/RecAndPlayBk/Page-Vlink-Debit/input_concat(CheckWriter, , s License Numbe_020fef'

2023-02-08 19:19:15 - [TEST_STEP][PASSED] - setText(findTestObject("Object Repository/RecAndPlayBk/Page-Vlink-Debit/input_concat(CheckWriter, , s License State_21e3e7"), ""): Text '' is set on object 'Object Repository/RecAndPlayBk/Page-Vlink-Debit/input_concat(CheckWriter, , s License State_21e3e7'

2023-02-08 19:19:15 - [MESSAGE][PASSED] - Text '' is set on object 'Object Repository/RecAndPlayBk/Page-Vlink-Debit/input_concat(CheckWriter, , s License State_21e3e7'

2023-02-08 19:19:15 - [TEST_STEP][PASSED] - setText(findTestObject("RecAndPlayBk/Page-Vlink-Debit/input_Standard Entry Class"), sec): Text 'WEB' is set on object 'Object Repository/RecAndPlayBk/Page-Vlink-Debit/input_Standard Entry Class'

2023-02-08 19:19:16 - [MESSAGE][PASSED] - Text 'WEB' is set on object 'Object Repository/RecAndPlayBk/Page-Vlink-Debit/input_Standard Entry Class'

2023-02-08 19:19:16 - [TEST_STEP][PASSED] - click(findTestObject("Object Repository/RecAndPlayBk/Page-Vlink-Debit/input")): Object: 'Object Repository/RecAndPlayBk/Page-Vlink-Debit/input' is clicked on

2023-02-08 19:19:17 - [MESSAGE][PASSED] - Object: 'Object Repository/RecAndPlayBk/Page-Vlink-Debit/input' is clicked on

2023-02-08 19:19:17 - [TEST_STEP][PASSED] - if (verifyTextPresent(errorMsg, true)): null

2023-02-08 19:19:17 - [MESSAGE][PASSED] - Text 'Invalid transaction type' is present on page  using regular expression

2023-02-08 19:19:17 - [TEST_STEP][PASSED] - println("Error Message is present on the Confirmation page"): null

2023-02-08 19:19:17 - [TEST_STEP][PASSED] - out.println("Pass Record Number: " + row): null

2023-02-08 19:19:17 - [TEST_STEP][PASSED] - resText = "Pass": null

2023-02-08 19:19:17 - [TEST_STEP][PASSED] - pages.WriteExcel.demoKey(resText, datText, resColumn, datCloumn, fileLoc, nameSheet, row): pages.WriteExcel.demoKey is PASSED

2023-02-08 19:19:17 - [MESSAGE][PASSED] - pages.WriteExcel.demoKey is PASSED

2023-02-08 19:19:17 - [TEST_STEP][PASSED] - ExecuteTC = findTestData(dataFile).getValue("Execute", row): null

2023-02-08 19:19:17 - [TEST_STEP][PASSED] - out.println("Value of Execute is : " + ExecuteTC): null

2023-02-08 19:19:17 - [TEST_STEP][PASSED] - if (ExecuteTC.equalsIgnoreCase("Y")): null

2023-02-08 19:19:17 - [TEST_STEP][PASSED] - out.println("Begin Record Number: " + row): null

2023-02-08 19:19:17 - [TEST_STEP][PASSED] - today = new java.util.Date(): null

2023-02-08 19:19:17 - [TEST_STEP][PASSED] - println(today): null

2023-02-08 19:19:17 - [TEST_STEP][PASSED] - datText = today: null

2023-02-08 19:19:17 - [TEST_STEP][PASSED] - appID = findTestData(dataFile).getValue("AppID", row): null

2023-02-08 19:19:17 - [TEST_STEP][PASSED] - username = findTestData(dataFile).getValue("Username", row): null

2023-02-08 19:19:17 - [TEST_STEP][PASSED] - password = findTestData(dataFile).getValue("Password", row): null

2023-02-08 19:19:17 - [TEST_STEP][PASSED] - errorMsg = findTestData(dataFile).getValue("ErrorMsg", row): null

2023-02-08 19:19:17 - [TEST_STEP][PASSED] - tranType = findTestData(dataFile).getValue("TranType", row): null

2023-02-08 19:19:17 - [TEST_STEP][PASSED] - mv = findTestData(dataFile).getValue("MV", row): null

2023-02-08 19:19:17 - [TEST_STEP][PASSED] - resFormat = findTestData(dataFile).getValue("ResFormat", row): null

2023-02-08 19:19:17 - [TEST_STEP][PASSED] - fName = findTestData(dataFile).getValue("Fname", row): null

2023-02-08 19:19:18 - [TEST_STEP][PASSED] - lName = findTestData(dataFile).getValue("Lname", row): null

2023-02-08 19:19:18 - [TEST_STEP][PASSED] - al1 = findTestData(dataFile).getValue("AL1", row): null

2023-02-08 19:19:18 - [TEST_STEP][PASSED] - city = findTestData(dataFile).getValue("City", row): null

2023-02-08 19:19:18 - [TEST_STEP][PASSED] - state = findTestData(dataFile).getValue("State", row): null

2023-02-08 19:19:18 - [TEST_STEP][PASSED] - zip = findTestData(dataFile).getValue("ZIP", row): null

2023-02-08 19:19:18 - [TEST_STEP][PASSED] - checkType = findTestData(dataFile).getValue("CheckType", row): null

2023-02-08 19:19:18 - [TEST_STEP][PASSED] - acNumber = findTestData(dataFile).getValue("AcNumber", row): null

2023-02-08 19:19:18 - [TEST_STEP][PASSED] - company = findTestData(dataFile).getValue("Company", row): null

2023-02-08 19:19:18 - [TEST_STEP][PASSED] - acType = findTestData(dataFile).getValue("AcType", row): null

2023-02-08 19:19:18 - [TEST_STEP][PASSED] - rtn = findTestData(dataFile).getValue("RTN", row): null

2023-02-08 19:19:18 - [TEST_STEP][PASSED] - amount = findTestData(dataFile).getValue("Amount", row): null

2023-02-08 19:19:18 - [TEST_STEP][PASSED] - sec = findTestData(dataFile).getValue("SEC", row): null

2023-02-08 19:19:18 - [TEST_STEP][PASSED] - openBrowser(VLinkURL + "debit.html"): Browser is opened with url: 'https://dev-algorithm.govolution.com/vlinktest/QA/version_2_0/debit.html'

2023-02-08 19:19:18 - [MESSAGE][WARNING] - A browser is already opened. Closing browser and opening a new one

2023-02-08 19:19:19 - [MESSAGE][INFO] - Starting 'Chrome' driver

2023-02-08 19:19:19 - [MESSAGE][INFO] - User set preference: ['acceptInsecureCerts', 'true']

2023-02-08 19:19:19 - [MESSAGE][INFO] - Action delay is set to 0 milliseconds

2023-02-08 19:19:21 - [MESSAGE][PASSED] - Browser is opened with url: 'https://dev-algorithm.govolution.com/vlinktest/QA/version_2_0/debit.html'

2023-02-08 19:19:21 - [TEST_STEP][PASSED] - maximizeWindow(): Current window maximized

2023-02-08 19:19:21 - [MESSAGE][PASSED] - Current window maximized

2023-02-08 19:19:21 - [TEST_STEP][PASSED] - setText(findTestObject("Object Repository/RecAndPlayBk/Page-Vlink-Debit/input_Transaction Type"), tranType): Text '200' is set on object 'Object Repository/RecAndPlayBk/Page-Vlink-Debit/input_Transaction Type'

2023-02-08 19:19:22 - [MESSAGE][PASSED] - Text '200' is set on object 'Object Repository/RecAndPlayBk/Page-Vlink-Debit/input_Transaction Type'

2023-02-08 19:19:22 - [TEST_STEP][PASSED] - setText(findTestObject("Object Repository/RecAndPlayBk/Page-Vlink-Debit/input_Message Version"), mv): Text '' is set on object 'Object Repository/RecAndPlayBk/Page-Vlink-Debit/input_Message Version'

2023-02-08 19:19:22 - [MESSAGE][PASSED] - Text '' is set on object 'Object Repository/RecAndPlayBk/Page-Vlink-Debit/input_Message Version'

2023-02-08 19:19:22 - [TEST_STEP][PASSED] - genRemID = RandomStringUtils.random(12, true, true): null

2023-02-08 19:19:22 - [TEST_STEP][PASSED] - setText(findTestObject("RecAndPlayBk/Page-Vlink-Debit/input_Remittance Id"), genRemID): Text 'Zrld1iqLQ0cf' is set on object 'Object Repository/RecAndPlayBk/Page-Vlink-Debit/input_Remittance Id'

2023-02-08 19:19:23 - [MESSAGE][PASSED] - Text 'Zrld1iqLQ0cf' is set on object 'Object Repository/RecAndPlayBk/Page-Vlink-Debit/input_Remittance Id'

2023-02-08 19:19:23 - [TEST_STEP][PASSED] - setText(findTestObject("RecAndPlayBk/Page-Vlink-Debit/input_Application Id"), appID): Text '234' is set on object 'Object Repository/RecAndPlayBk/Page-Vlink-Debit/input_Application Id'

2023-02-08 19:19:24 - [MESSAGE][PASSED] - Text '234' is set on object 'Object Repository/RecAndPlayBk/Page-Vlink-Debit/input_Application Id'

2023-02-08 19:19:24 - [TEST_STEP][PASSED] - setText(findTestObject("RecAndPlayBk/Page-Vlink-Debit/input_Username"), username): Text 'username' is set on object 'Object Repository/RecAndPlayBk/Page-Vlink-Debit/input_Username'

2023-02-08 19:19:24 - [MESSAGE][PASSED] - Text 'username' is set on object 'Object Repository/RecAndPlayBk/Page-Vlink-Debit/input_Username'

2023-02-08 19:19:24 - [TEST_STEP][PASSED] - setText(findTestObject("RecAndPlayBk/Page-Vlink-Debit/input_Password"), password): Text 'password' is set on object 'Object Repository/RecAndPlayBk/Page-Vlink-Debit/input_Password'

2023-02-08 19:19:25 - [MESSAGE][PASSED] - Text 'password' is set on object 'Object Repository/RecAndPlayBk/Page-Vlink-Debit/input_Password'

2023-02-08 19:19:25 - [TEST_STEP][PASSED] - setText(findTestObject("Object Repository/RecAndPlayBk/Page-Vlink-Debit/input_Response Format"), resFormat): Text 'fixed_width' is set on object 'Object Repository/RecAndPlayBk/Page-Vlink-Debit/input_Response Format'

2023-02-08 19:19:26 - [MESSAGE][PASSED] - Text 'fixed_width' is set on object 'Object Repository/RecAndPlayBk/Page-Vlink-Debit/input_Response Format'

2023-02-08 19:19:26 - [TEST_STEP][PASSED] - setText(findTestObject("RecAndPlayBk/Page-Vlink-Debit/input_Check Type"), checkType): Text 'P' is set on object 'Object Repository/RecAndPlayBk/Page-Vlink-Debit/input_Check Type'

2023-02-08 19:19:26 - [MESSAGE][PASSED] - Text 'P' is set on object 'Object Repository/RecAndPlayBk/Page-Vlink-Debit/input_Check Type'

2023-02-08 19:19:26 - [TEST_STEP][PASSED] - setText(findTestObject("Object Repository/RecAndPlayBk/Page-Vlink-Debit/input_First Name"), fName): Text 'Andy' is set on object 'Object Repository/RecAndPlayBk/Page-Vlink-Debit/input_First Name'

2023-02-08 19:19:27 - [MESSAGE][PASSED] - Text 'Andy' is set on object 'Object Repository/RecAndPlayBk/Page-Vlink-Debit/input_First Name'

2023-02-08 19:19:27 - [TEST_STEP][PASSED] - setText(findTestObject("Object Repository/RecAndPlayBk/Page-Vlink-Debit/input_Last Name"), lName): Text 'Roberts' is set on object 'Object Repository/RecAndPlayBk/Page-Vlink-Debit/input_Last Name'

2023-02-08 19:19:27 - [MESSAGE][PASSED] - Text 'Roberts' is set on object 'Object Repository/RecAndPlayBk/Page-Vlink-Debit/input_Last Name'

2023-02-08 19:19:27 - [TEST_STEP][PASSED] - setText(findTestObject("Object Repository/RecAndPlayBk/Page-Vlink-Debit/input_Address"), al1): Text '145 Main Street' is set on object 'Object Repository/RecAndPlayBk/Page-Vlink-Debit/input_Address'

2023-02-08 19:19:28 - [MESSAGE][PASSED] - Text '145 Main Street' is set on object 'Object Repository/RecAndPlayBk/Page-Vlink-Debit/input_Address'

2023-02-08 19:19:28 - [TEST_STEP][PASSED] - setText(findTestObject("Object Repository/RecAndPlayBk/Page-Vlink-Debit/input_City"), city): Text 'Arlington' is set on object 'Object Repository/RecAndPlayBk/Page-Vlink-Debit/input_City'

2023-02-08 19:19:29 - [MESSAGE][PASSED] - Text 'Arlington' is set on object 'Object Repository/RecAndPlayBk/Page-Vlink-Debit/input_City'

2023-02-08 19:19:29 - [TEST_STEP][PASSED] - setText(findTestObject("Object Repository/RecAndPlayBk/Page-Vlink-Debit/input_State"), state): Text 'VA' is set on object 'Object Repository/RecAndPlayBk/Page-Vlink-Debit/input_State'

2023-02-08 19:19:29 - [MESSAGE][PASSED] - Text 'VA' is set on object 'Object Repository/RecAndPlayBk/Page-Vlink-Debit/input_State'

2023-02-08 19:19:29 - [TEST_STEP][PASSED] - setText(findTestObject("Object Repository/RecAndPlayBk/Page-Vlink-Debit/input_Zip"), zip): Text '22201' is set on object 'Object Repository/RecAndPlayBk/Page-Vlink-Debit/input_Zip'

2023-02-08 19:19:30 - [MESSAGE][PASSED] - Text '22201' is set on object 'Object Repository/RecAndPlayBk/Page-Vlink-Debit/input_Zip'

2023-02-08 19:19:30 - [TEST_STEP][PASSED] - setText(findTestObject("RecAndPlayBk/Page-Vlink-Debit/input_Account_check"), acNumber): Text '58963214' is set on object 'Object Repository/RecAndPlayBk/Page-Vlink-Debit/input_Account_check'

2023-02-08 19:19:31 - [MESSAGE][PASSED] - Text '58963214' is set on object 'Object Repository/RecAndPlayBk/Page-Vlink-Debit/input_Account_check'

2023-02-08 19:19:31 - [TEST_STEP][PASSED] - setText(findTestObject("RecAndPlayBk/Page-Vlink-Debit/input_Company_check"), company): Text '' is set on object 'Object Repository/RecAndPlayBk/Page-Vlink-Debit/input_Company_check'

2023-02-08 19:19:31 - [MESSAGE][PASSED] - Text '' is set on object 'Object Repository/RecAndPlayBk/Page-Vlink-Debit/input_Company_check'

2023-02-08 19:19:31 - [TEST_STEP][PASSED] - setText(findTestObject("RecAndPlayBk/Page-Vlink-Debit/input_Account Type"), acType): Text '1' is set on object 'Object Repository/RecAndPlayBk/Page-Vlink-Debit/input_Account Type'

2023-02-08 19:19:32 - [MESSAGE][PASSED] - Text '1' is set on object 'Object Repository/RecAndPlayBk/Page-Vlink-Debit/input_Account Type'

2023-02-08 19:19:32 - [TEST_STEP][PASSED] - setText(findTestObject("RecAndPlayBk/Page-Vlink-Debit/input_Routing Number"), rtn): Text '256072691' is set on object 'Object Repository/RecAndPlayBk/Page-Vlink-Debit/input_Routing Number'

2023-02-08 19:19:32 - [MESSAGE][PASSED] - Text '256072691' is set on object 'Object Repository/RecAndPlayBk/Page-Vlink-Debit/input_Routing Number'

2023-02-08 19:19:32 - [TEST_STEP][PASSED] - setText(findTestObject("RecAndPlayBk/Page-Vlink-Debit/input_Amount"), amount): Text '12.50' is set on object 'Object Repository/RecAndPlayBk/Page-Vlink-Debit/input_Amount'

2023-02-08 19:19:33 - [MESSAGE][PASSED] - Text '12.50' is set on object 'Object Repository/RecAndPlayBk/Page-Vlink-Debit/input_Amount'

2023-02-08 19:19:33 - [TEST_STEP][PASSED] - setText(findTestObject("RecAndPlayBk/Page-Vlink-Debit/input_Check Email"), ""): Text '' is set on object 'Object Repository/RecAndPlayBk/Page-Vlink-Debit/input_Check Email'

2023-02-08 19:19:34 - [MESSAGE][PASSED] - Text '' is set on object 'Object Repository/RecAndPlayBk/Page-Vlink-Debit/input_Check Email'

2023-02-08 19:19:34 - [TEST_STEP][PASSED] - setText(findTestObject("Object Repository/RecAndPlayBk/Page-Vlink-Debit/input_concat(CheckWriter, , s SSN)_check_ssn"), ""): Text '' is set on object 'Object Repository/RecAndPlayBk/Page-Vlink-Debit/input_concat(CheckWriter, , s SSN)_check_ssn'

2023-02-08 19:19:34 - [MESSAGE][PASSED] - Text '' is set on object 'Object Repository/RecAndPlayBk/Page-Vlink-Debit/input_concat(CheckWriter, , s SSN)_check_ssn'

2023-02-08 19:19:34 - [TEST_STEP][PASSED] - setText(findTestObject("Object Repository/RecAndPlayBk/Page-Vlink-Debit/input_concat(CheckWriter, , s License Numbe_020fef"), ""): Text '' is set on object 'Object Repository/RecAndPlayBk/Page-Vlink-Debit/input_concat(CheckWriter, , s License Numbe_020fef'

2023-02-08 19:19:35 - [MESSAGE][PASSED] - Text '' is set on object 'Object Repository/RecAndPlayBk/Page-Vlink-Debit/input_concat(CheckWriter, , s License Numbe_020fef'

2023-02-08 19:19:35 - [TEST_STEP][PASSED] - setText(findTestObject("Object Repository/RecAndPlayBk/Page-Vlink-Debit/input_concat(CheckWriter, , s License State_21e3e7"), ""): Text '' is set on object 'Object Repository/RecAndPlayBk/Page-Vlink-Debit/input_concat(CheckWriter, , s License State_21e3e7'

2023-02-08 19:19:36 - [MESSAGE][PASSED] - Text '' is set on object 'Object Repository/RecAndPlayBk/Page-Vlink-Debit/input_concat(CheckWriter, , s License State_21e3e7'

2023-02-08 19:19:36 - [TEST_STEP][PASSED] - setText(findTestObject("RecAndPlayBk/Page-Vlink-Debit/input_Standard Entry Class"), sec): Text 'TEL' is set on object 'Object Repository/RecAndPlayBk/Page-Vlink-Debit/input_Standard Entry Class'

2023-02-08 19:19:36 - [MESSAGE][PASSED] - Text 'TEL' is set on object 'Object Repository/RecAndPlayBk/Page-Vlink-Debit/input_Standard Entry Class'

2023-02-08 19:19:36 - [TEST_STEP][PASSED] - click(findTestObject("Object Repository/RecAndPlayBk/Page-Vlink-Debit/input")): Object: 'Object Repository/RecAndPlayBk/Page-Vlink-Debit/input' is clicked on

2023-02-08 19:19:37 - [MESSAGE][PASSED] - Object: 'Object Repository/RecAndPlayBk/Page-Vlink-Debit/input' is clicked on

2023-02-08 19:19:37 - [TEST_STEP][PASSED] - if (verifyTextPresent(errorMsg, true)): null

2023-02-08 19:19:37 - [MESSAGE][PASSED] - Text 'Missing parameter: message_version' is present on page  using regular expression

2023-02-08 19:19:37 - [TEST_STEP][PASSED] - println("Error Message is present on the Confirmation page"): null

2023-02-08 19:19:37 - [TEST_STEP][PASSED] - out.println("Pass Record Number: " + row): null

2023-02-08 19:19:37 - [TEST_STEP][PASSED] - resText = "Pass": null

2023-02-08 19:19:37 - [TEST_STEP][PASSED] - pages.WriteExcel.demoKey(resText, datText, resColumn, datCloumn, fileLoc, nameSheet, row): pages.WriteExcel.demoKey is PASSED

2023-02-08 19:19:37 - [MESSAGE][PASSED] - pages.WriteExcel.demoKey is PASSED

2023-02-08 19:19:37 - [TEST_STEP][PASSED] - ExecuteTC = findTestData(dataFile).getValue("Execute", row): null

2023-02-08 19:19:37 - [TEST_STEP][PASSED] - out.println("Value of Execute is : " + ExecuteTC): null

2023-02-08 19:19:37 - [TEST_STEP][PASSED] - if (ExecuteTC.equalsIgnoreCase("Y")): null

2023-02-08 19:19:37 - [TEST_STEP][PASSED] - out.println("Begin Record Number: " + row): null

2023-02-08 19:19:37 - [TEST_STEP][PASSED] - today = new java.util.Date(): null

2023-02-08 19:19:37 - [TEST_STEP][PASSED] - println(today): null

2023-02-08 19:19:37 - [TEST_STEP][PASSED] - datText = today: null

2023-02-08 19:19:37 - [TEST_STEP][PASSED] - appID = findTestData(dataFile).getValue("AppID", row): null

2023-02-08 19:19:37 - [TEST_STEP][PASSED] - username = findTestData(dataFile).getValue("Username", row): null

2023-02-08 19:19:37 - [TEST_STEP][PASSED] - password = findTestData(dataFile).getValue("Password", row): null

2023-02-08 19:19:37 - [TEST_STEP][PASSED] - errorMsg = findTestData(dataFile).getValue("ErrorMsg", row): null

2023-02-08 19:19:38 - [TEST_STEP][PASSED] - tranType = findTestData(dataFile).getValue("TranType", row): null

2023-02-08 19:19:38 - [TEST_STEP][PASSED] - mv = findTestData(dataFile).getValue("MV", row): null

2023-02-08 19:19:38 - [TEST_STEP][PASSED] - resFormat = findTestData(dataFile).getValue("ResFormat", row): null

2023-02-08 19:19:38 - [TEST_STEP][PASSED] - fName = findTestData(dataFile).getValue("Fname", row): null

2023-02-08 19:19:38 - [TEST_STEP][PASSED] - lName = findTestData(dataFile).getValue("Lname", row): null

2023-02-08 19:19:38 - [TEST_STEP][PASSED] - al1 = findTestData(dataFile).getValue("AL1", row): null

2023-02-08 19:19:38 - [TEST_STEP][PASSED] - city = findTestData(dataFile).getValue("City", row): null

2023-02-08 19:19:38 - [TEST_STEP][PASSED] - state = findTestData(dataFile).getValue("State", row): null

2023-02-08 19:19:38 - [TEST_STEP][PASSED] - zip = findTestData(dataFile).getValue("ZIP", row): null

2023-02-08 19:19:38 - [TEST_STEP][PASSED] - checkType = findTestData(dataFile).getValue("CheckType", row): null

2023-02-08 19:19:38 - [TEST_STEP][PASSED] - acNumber = findTestData(dataFile).getValue("AcNumber", row): null

2023-02-08 19:19:38 - [TEST_STEP][PASSED] - company = findTestData(dataFile).getValue("Company", row): null

2023-02-08 19:19:38 - [TEST_STEP][PASSED] - acType = findTestData(dataFile).getValue("AcType", row): null

2023-02-08 19:19:38 - [TEST_STEP][PASSED] - rtn = findTestData(dataFile).getValue("RTN", row): null

2023-02-08 19:19:38 - [TEST_STEP][PASSED] - amount = findTestData(dataFile).getValue("Amount", row): null

2023-02-08 19:19:38 - [TEST_STEP][PASSED] - sec = findTestData(dataFile).getValue("SEC", row): null

2023-02-08 19:19:38 - [TEST_STEP][PASSED] - openBrowser(VLinkURL + "debit.html"): Browser is opened with url: 'https://dev-algorithm.govolution.com/vlinktest/QA/version_2_0/debit.html'

2023-02-08 19:19:38 - [MESSAGE][WARNING] - A browser is already opened. Closing browser and opening a new one

2023-02-08 19:19:39 - [MESSAGE][INFO] - Starting 'Chrome' driver

2023-02-08 19:19:39 - [MESSAGE][INFO] - User set preference: ['acceptInsecureCerts', 'true']

2023-02-08 19:19:39 - [MESSAGE][INFO] - Action delay is set to 0 milliseconds

2023-02-08 19:19:41 - [MESSAGE][PASSED] - Browser is opened with url: 'https://dev-algorithm.govolution.com/vlinktest/QA/version_2_0/debit.html'

2023-02-08 19:19:41 - [TEST_STEP][PASSED] - maximizeWindow(): Current window maximized

2023-02-08 19:19:41 - [MESSAGE][PASSED] - Current window maximized

2023-02-08 19:19:41 - [TEST_STEP][PASSED] - setText(findTestObject("Object Repository/RecAndPlayBk/Page-Vlink-Debit/input_Transaction Type"), tranType): Text '200' is set on object 'Object Repository/RecAndPlayBk/Page-Vlink-Debit/input_Transaction Type'

2023-02-08 19:19:42 - [MESSAGE][PASSED] - Text '200' is set on object 'Object Repository/RecAndPlayBk/Page-Vlink-Debit/input_Transaction Type'

2023-02-08 19:19:42 - [TEST_STEP][PASSED] - setText(findTestObject("Object Repository/RecAndPlayBk/Page-Vlink-Debit/input_Message Version"), mv): Text '2.0A' is set on object 'Object Repository/RecAndPlayBk/Page-Vlink-Debit/input_Message Version'

2023-02-08 19:19:43 - [MESSAGE][PASSED] - Text '2.0A' is set on object 'Object Repository/RecAndPlayBk/Page-Vlink-Debit/input_Message Version'

2023-02-08 19:19:43 - [TEST_STEP][PASSED] - genRemID = RandomStringUtils.random(12, true, true): null

2023-02-08 19:19:43 - [TEST_STEP][PASSED] - setText(findTestObject("RecAndPlayBk/Page-Vlink-Debit/input_Remittance Id"), genRemID): Text 'XklLGVoLGp0G' is set on object 'Object Repository/RecAndPlayBk/Page-Vlink-Debit/input_Remittance Id'

2023-02-08 19:19:43 - [MESSAGE][PASSED] - Text 'XklLGVoLGp0G' is set on object 'Object Repository/RecAndPlayBk/Page-Vlink-Debit/input_Remittance Id'

2023-02-08 19:19:43 - [TEST_STEP][PASSED] - setText(findTestObject("RecAndPlayBk/Page-Vlink-Debit/input_Application Id"), appID): Text '' is set on object 'Object Repository/RecAndPlayBk/Page-Vlink-Debit/input_Application Id'

2023-02-08 19:19:44 - [MESSAGE][PASSED] - Text '' is set on object 'Object Repository/RecAndPlayBk/Page-Vlink-Debit/input_Application Id'

2023-02-08 19:19:44 - [TEST_STEP][PASSED] - setText(findTestObject("RecAndPlayBk/Page-Vlink-Debit/input_Username"), username): Text 'username' is set on object 'Object Repository/RecAndPlayBk/Page-Vlink-Debit/input_Username'

2023-02-08 19:19:45 - [MESSAGE][PASSED] - Text 'username' is set on object 'Object Repository/RecAndPlayBk/Page-Vlink-Debit/input_Username'

2023-02-08 19:19:45 - [TEST_STEP][PASSED] - setText(findTestObject("RecAndPlayBk/Page-Vlink-Debit/input_Password"), password): Text 'password' is set on object 'Object Repository/RecAndPlayBk/Page-Vlink-Debit/input_Password'

2023-02-08 19:19:45 - [MESSAGE][PASSED] - Text 'password' is set on object 'Object Repository/RecAndPlayBk/Page-Vlink-Debit/input_Password'

2023-02-08 19:19:45 - [TEST_STEP][PASSED] - setText(findTestObject("Object Repository/RecAndPlayBk/Page-Vlink-Debit/input_Response Format"), resFormat): Text 'fixed_width' is set on object 'Object Repository/RecAndPlayBk/Page-Vlink-Debit/input_Response Format'

2023-02-08 19:19:46 - [MESSAGE][PASSED] - Text 'fixed_width' is set on object 'Object Repository/RecAndPlayBk/Page-Vlink-Debit/input_Response Format'

2023-02-08 19:19:46 - [TEST_STEP][PASSED] - setText(findTestObject("RecAndPlayBk/Page-Vlink-Debit/input_Check Type"), checkType): Text 'P' is set on object 'Object Repository/RecAndPlayBk/Page-Vlink-Debit/input_Check Type'

2023-02-08 19:19:46 - [MESSAGE][PASSED] - Text 'P' is set on object 'Object Repository/RecAndPlayBk/Page-Vlink-Debit/input_Check Type'

2023-02-08 19:19:46 - [TEST_STEP][PASSED] - setText(findTestObject("Object Repository/RecAndPlayBk/Page-Vlink-Debit/input_First Name"), fName): Text 'Andy' is set on object 'Object Repository/RecAndPlayBk/Page-Vlink-Debit/input_First Name'

2023-02-08 19:19:47 - [MESSAGE][PASSED] - Text 'Andy' is set on object 'Object Repository/RecAndPlayBk/Page-Vlink-Debit/input_First Name'

2023-02-08 19:19:47 - [TEST_STEP][PASSED] - setText(findTestObject("Object Repository/RecAndPlayBk/Page-Vlink-Debit/input_Last Name"), lName): Text 'Roberts' is set on object 'Object Repository/RecAndPlayBk/Page-Vlink-Debit/input_Last Name'

2023-02-08 19:19:48 - [MESSAGE][PASSED] - Text 'Roberts' is set on object 'Object Repository/RecAndPlayBk/Page-Vlink-Debit/input_Last Name'

2023-02-08 19:19:48 - [TEST_STEP][PASSED] - setText(findTestObject("Object Repository/RecAndPlayBk/Page-Vlink-Debit/input_Address"), al1): Text '145 Main Street' is set on object 'Object Repository/RecAndPlayBk/Page-Vlink-Debit/input_Address'

2023-02-08 19:19:48 - [MESSAGE][PASSED] - Text '145 Main Street' is set on object 'Object Repository/RecAndPlayBk/Page-Vlink-Debit/input_Address'

2023-02-08 19:19:48 - [TEST_STEP][PASSED] - setText(findTestObject("Object Repository/RecAndPlayBk/Page-Vlink-Debit/input_City"), city): Text 'Arlington' is set on object 'Object Repository/RecAndPlayBk/Page-Vlink-Debit/input_City'

2023-02-08 19:19:49 - [MESSAGE][PASSED] - Text 'Arlington' is set on object 'Object Repository/RecAndPlayBk/Page-Vlink-Debit/input_City'

2023-02-08 19:19:49 - [TEST_STEP][PASSED] - setText(findTestObject("Object Repository/RecAndPlayBk/Page-Vlink-Debit/input_State"), state): Text 'VA' is set on object 'Object Repository/RecAndPlayBk/Page-Vlink-Debit/input_State'

2023-02-08 19:19:50 - [MESSAGE][PASSED] - Text 'VA' is set on object 'Object Repository/RecAndPlayBk/Page-Vlink-Debit/input_State'

2023-02-08 19:19:50 - [TEST_STEP][PASSED] - setText(findTestObject("Object Repository/RecAndPlayBk/Page-Vlink-Debit/input_Zip"), zip): Text '22201' is set on object 'Object Repository/RecAndPlayBk/Page-Vlink-Debit/input_Zip'

2023-02-08 19:19:50 - [MESSAGE][PASSED] - Text '22201' is set on object 'Object Repository/RecAndPlayBk/Page-Vlink-Debit/input_Zip'

2023-02-08 19:19:50 - [TEST_STEP][PASSED] - setText(findTestObject("RecAndPlayBk/Page-Vlink-Debit/input_Account_check"), acNumber): Text '58963214' is set on object 'Object Repository/RecAndPlayBk/Page-Vlink-Debit/input_Account_check'

2023-02-08 19:19:51 - [MESSAGE][PASSED] - Text '58963214' is set on object 'Object Repository/RecAndPlayBk/Page-Vlink-Debit/input_Account_check'

2023-02-08 19:19:51 - [TEST_STEP][PASSED] - setText(findTestObject("RecAndPlayBk/Page-Vlink-Debit/input_Company_check"), company): Text '' is set on object 'Object Repository/RecAndPlayBk/Page-Vlink-Debit/input_Company_check'

2023-02-08 19:19:51 - [MESSAGE][PASSED] - Text '' is set on object 'Object Repository/RecAndPlayBk/Page-Vlink-Debit/input_Company_check'

2023-02-08 19:19:51 - [TEST_STEP][PASSED] - setText(findTestObject("RecAndPlayBk/Page-Vlink-Debit/input_Account Type"), acType): Text '1' is set on object 'Object Repository/RecAndPlayBk/Page-Vlink-Debit/input_Account Type'

2023-02-08 19:19:52 - [MESSAGE][PASSED] - Text '1' is set on object 'Object Repository/RecAndPlayBk/Page-Vlink-Debit/input_Account Type'

2023-02-08 19:19:52 - [TEST_STEP][PASSED] - setText(findTestObject("RecAndPlayBk/Page-Vlink-Debit/input_Routing Number"), rtn): Text '256072691' is set on object 'Object Repository/RecAndPlayBk/Page-Vlink-Debit/input_Routing Number'

2023-02-08 19:19:53 - [MESSAGE][PASSED] - Text '256072691' is set on object 'Object Repository/RecAndPlayBk/Page-Vlink-Debit/input_Routing Number'

2023-02-08 19:19:53 - [TEST_STEP][PASSED] - setText(findTestObject("RecAndPlayBk/Page-Vlink-Debit/input_Amount"), amount): Text '12.50' is set on object 'Object Repository/RecAndPlayBk/Page-Vlink-Debit/input_Amount'

2023-02-08 19:19:53 - [MESSAGE][PASSED] - Text '12.50' is set on object 'Object Repository/RecAndPlayBk/Page-Vlink-Debit/input_Amount'

2023-02-08 19:19:53 - [TEST_STEP][PASSED] - setText(findTestObject("RecAndPlayBk/Page-Vlink-Debit/input_Check Email"), ""): Text '' is set on object 'Object Repository/RecAndPlayBk/Page-Vlink-Debit/input_Check Email'

2023-02-08 19:19:54 - [MESSAGE][PASSED] - Text '' is set on object 'Object Repository/RecAndPlayBk/Page-Vlink-Debit/input_Check Email'

2023-02-08 19:19:54 - [TEST_STEP][PASSED] - setText(findTestObject("Object Repository/RecAndPlayBk/Page-Vlink-Debit/input_concat(CheckWriter, , s SSN)_check_ssn"), ""): Text '' is set on object 'Object Repository/RecAndPlayBk/Page-Vlink-Debit/input_concat(CheckWriter, , s SSN)_check_ssn'

2023-02-08 19:19:54 - [MESSAGE][PASSED] - Text '' is set on object 'Object Repository/RecAndPlayBk/Page-Vlink-Debit/input_concat(CheckWriter, , s SSN)_check_ssn'

2023-02-08 19:19:54 - [TEST_STEP][PASSED] - setText(findTestObject("Object Repository/RecAndPlayBk/Page-Vlink-Debit/input_concat(CheckWriter, , s License Numbe_020fef"), ""): Text '' is set on object 'Object Repository/RecAndPlayBk/Page-Vlink-Debit/input_concat(CheckWriter, , s License Numbe_020fef'

2023-02-08 19:19:55 - [MESSAGE][PASSED] - Text '' is set on object 'Object Repository/RecAndPlayBk/Page-Vlink-Debit/input_concat(CheckWriter, , s License Numbe_020fef'

2023-02-08 19:19:55 - [TEST_STEP][PASSED] - setText(findTestObject("Object Repository/RecAndPlayBk/Page-Vlink-Debit/input_concat(CheckWriter, , s License State_21e3e7"), ""): Text '' is set on object 'Object Repository/RecAndPlayBk/Page-Vlink-Debit/input_concat(CheckWriter, , s License State_21e3e7'

2023-02-08 19:19:56 - [MESSAGE][PASSED] - Text '' is set on object 'Object Repository/RecAndPlayBk/Page-Vlink-Debit/input_concat(CheckWriter, , s License State_21e3e7'

2023-02-08 19:19:56 - [TEST_STEP][PASSED] - setText(findTestObject("RecAndPlayBk/Page-Vlink-Debit/input_Standard Entry Class"), sec): Text 'PPD' is set on object 'Object Repository/RecAndPlayBk/Page-Vlink-Debit/input_Standard Entry Class'

2023-02-08 19:19:56 - [MESSAGE][PASSED] - Text 'PPD' is set on object 'Object Repository/RecAndPlayBk/Page-Vlink-Debit/input_Standard Entry Class'

2023-02-08 19:19:56 - [TEST_STEP][PASSED] - click(findTestObject("Object Repository/RecAndPlayBk/Page-Vlink-Debit/input")): Object: 'Object Repository/RecAndPlayBk/Page-Vlink-Debit/input' is clicked on

2023-02-08 19:19:57 - [MESSAGE][PASSED] - Object: 'Object Repository/RecAndPlayBk/Page-Vlink-Debit/input' is clicked on

2023-02-08 19:19:57 - [TEST_STEP][PASSED] - if (verifyTextPresent(errorMsg, true)): null

2023-02-08 19:19:57 - [MESSAGE][PASSED] - Text 'Missing parameter: application_id' is present on page  using regular expression

2023-02-08 19:19:57 - [TEST_STEP][PASSED] - println("Error Message is present on the Confirmation page"): null

2023-02-08 19:19:57 - [TEST_STEP][PASSED] - out.println("Pass Record Number: " + row): null

2023-02-08 19:19:57 - [TEST_STEP][PASSED] - resText = "Pass": null

2023-02-08 19:19:57 - [TEST_STEP][PASSED] - pages.WriteExcel.demoKey(resText, datText, resColumn, datCloumn, fileLoc, nameSheet, row): pages.WriteExcel.demoKey is PASSED

2023-02-08 19:19:57 - [MESSAGE][PASSED] - pages.WriteExcel.demoKey is PASSED

2023-02-08 19:19:57 - [TEST_STEP][PASSED] - ExecuteTC = findTestData(dataFile).getValue("Execute", row): null

2023-02-08 19:19:58 - [TEST_STEP][PASSED] - out.println("Value of Execute is : " + ExecuteTC): null

2023-02-08 19:19:58 - [TEST_STEP][PASSED] - if (ExecuteTC.equalsIgnoreCase("Y")): null

2023-02-08 19:19:58 - [TEST_STEP][PASSED] - out.println("Begin Record Number: " + row): null

2023-02-08 19:19:58 - [TEST_STEP][PASSED] - today = new java.util.Date(): null

2023-02-08 19:19:58 - [TEST_STEP][PASSED] - println(today): null

2023-02-08 19:19:58 - [TEST_STEP][PASSED] - datText = today: null

2023-02-08 19:19:58 - [TEST_STEP][PASSED] - appID = findTestData(dataFile).getValue("AppID", row): null

2023-02-08 19:19:58 - [TEST_STEP][PASSED] - username = findTestData(dataFile).getValue("Username", row): null

2023-02-08 19:19:58 - [TEST_STEP][PASSED] - password = findTestData(dataFile).getValue("Password", row): null

2023-02-08 19:19:58 - [TEST_STEP][PASSED] - errorMsg = findTestData(dataFile).getValue("ErrorMsg", row): null

2023-02-08 19:19:58 - [TEST_STEP][PASSED] - tranType = findTestData(dataFile).getValue("TranType", row): null

2023-02-08 19:19:58 - [TEST_STEP][PASSED] - mv = findTestData(dataFile).getValue("MV", row): null

2023-02-08 19:19:58 - [TEST_STEP][PASSED] - resFormat = findTestData(dataFile).getValue("ResFormat", row): null

2023-02-08 19:19:58 - [TEST_STEP][PASSED] - fName = findTestData(dataFile).getValue("Fname", row): null

2023-02-08 19:19:58 - [TEST_STEP][PASSED] - lName = findTestData(dataFile).getValue("Lname", row): null

2023-02-08 19:19:58 - [TEST_STEP][PASSED] - al1 = findTestData(dataFile).getValue("AL1", row): null

2023-02-08 19:19:58 - [TEST_STEP][PASSED] - city = findTestData(dataFile).getValue("City", row): null

2023-02-08 19:19:58 - [TEST_STEP][PASSED] - state = findTestData(dataFile).getValue("State", row): null

2023-02-08 19:19:58 - [TEST_STEP][PASSED] - zip = findTestData(dataFile).getValue("ZIP", row): null

2023-02-08 19:19:58 - [TEST_STEP][PASSED] - checkType = findTestData(dataFile).getValue("CheckType", row): null

2023-02-08 19:19:58 - [TEST_STEP][PASSED] - acNumber = findTestData(dataFile).getValue("AcNumber", row): null

2023-02-08 19:19:58 - [TEST_STEP][PASSED] - company = findTestData(dataFile).getValue("Company", row): null

2023-02-08 19:19:58 - [TEST_STEP][PASSED] - acType = findTestData(dataFile).getValue("AcType", row): null

2023-02-08 19:19:59 - [TEST_STEP][PASSED] - rtn = findTestData(dataFile).getValue("RTN", row): null

2023-02-08 19:19:59 - [TEST_STEP][PASSED] - amount = findTestData(dataFile).getValue("Amount", row): null

2023-02-08 19:19:59 - [TEST_STEP][PASSED] - sec = findTestData(dataFile).getValue("SEC", row): null

2023-02-08 19:19:59 - [TEST_STEP][PASSED] - openBrowser(VLinkURL + "debit.html"): Browser is opened with url: 'https://dev-algorithm.govolution.com/vlinktest/QA/version_2_0/debit.html'

2023-02-08 19:19:59 - [MESSAGE][WARNING] - A browser is already opened. Closing browser and opening a new one

2023-02-08 19:20:00 - [MESSAGE][INFO] - Starting 'Chrome' driver

2023-02-08 19:20:00 - [MESSAGE][INFO] - User set preference: ['acceptInsecureCerts', 'true']

2023-02-08 19:20:00 - [MESSAGE][INFO] - Action delay is set to 0 milliseconds

2023-02-08 19:20:01 - [MESSAGE][PASSED] - Browser is opened with url: 'https://dev-algorithm.govolution.com/vlinktest/QA/version_2_0/debit.html'

2023-02-08 19:20:01 - [TEST_STEP][PASSED] - maximizeWindow(): Current window maximized

2023-02-08 19:20:02 - [MESSAGE][PASSED] - Current window maximized

2023-02-08 19:20:02 - [TEST_STEP][PASSED] - setText(findTestObject("Object Repository/RecAndPlayBk/Page-Vlink-Debit/input_Transaction Type"), tranType): Text '200' is set on object 'Object Repository/RecAndPlayBk/Page-Vlink-Debit/input_Transaction Type'

2023-02-08 19:20:02 - [MESSAGE][PASSED] - Text '200' is set on object 'Object Repository/RecAndPlayBk/Page-Vlink-Debit/input_Transaction Type'

2023-02-08 19:20:02 - [TEST_STEP][PASSED] - setText(findTestObject("Object Repository/RecAndPlayBk/Page-Vlink-Debit/input_Message Version"), mv): Text '2.0A' is set on object 'Object Repository/RecAndPlayBk/Page-Vlink-Debit/input_Message Version'

2023-02-08 19:20:03 - [MESSAGE][PASSED] - Text '2.0A' is set on object 'Object Repository/RecAndPlayBk/Page-Vlink-Debit/input_Message Version'

2023-02-08 19:20:03 - [TEST_STEP][PASSED] - genRemID = RandomStringUtils.random(12, true, true): null

2023-02-08 19:20:03 - [TEST_STEP][PASSED] - setText(findTestObject("RecAndPlayBk/Page-Vlink-Debit/input_Remittance Id"), genRemID): Text 'NbAXRwcdOWsb' is set on object 'Object Repository/RecAndPlayBk/Page-Vlink-Debit/input_Remittance Id'

2023-02-08 19:20:04 - [MESSAGE][PASSED] - Text 'NbAXRwcdOWsb' is set on object 'Object Repository/RecAndPlayBk/Page-Vlink-Debit/input_Remittance Id'

2023-02-08 19:20:04 - [TEST_STEP][PASSED] - setText(findTestObject("RecAndPlayBk/Page-Vlink-Debit/input_Application Id"), appID): Text '234' is set on object 'Object Repository/RecAndPlayBk/Page-Vlink-Debit/input_Application Id'

2023-02-08 19:20:04 - [MESSAGE][PASSED] - Text '234' is set on object 'Object Repository/RecAndPlayBk/Page-Vlink-Debit/input_Application Id'

2023-02-08 19:20:04 - [TEST_STEP][PASSED] - setText(findTestObject("RecAndPlayBk/Page-Vlink-Debit/input_Username"), username): Text '' is set on object 'Object Repository/RecAndPlayBk/Page-Vlink-Debit/input_Username'

2023-02-08 19:20:05 - [MESSAGE][PASSED] - Text '' is set on object 'Object Repository/RecAndPlayBk/Page-Vlink-Debit/input_Username'

2023-02-08 19:20:05 - [TEST_STEP][PASSED] - setText(findTestObject("RecAndPlayBk/Page-Vlink-Debit/input_Password"), password): Text 'password' is set on object 'Object Repository/RecAndPlayBk/Page-Vlink-Debit/input_Password'

2023-02-08 19:20:06 - [MESSAGE][PASSED] - Text 'password' is set on object 'Object Repository/RecAndPlayBk/Page-Vlink-Debit/input_Password'

2023-02-08 19:20:06 - [TEST_STEP][PASSED] - setText(findTestObject("Object Repository/RecAndPlayBk/Page-Vlink-Debit/input_Response Format"), resFormat): Text 'fixed_width' is set on object 'Object Repository/RecAndPlayBk/Page-Vlink-Debit/input_Response Format'

2023-02-08 19:20:06 - [MESSAGE][PASSED] - Text 'fixed_width' is set on object 'Object Repository/RecAndPlayBk/Page-Vlink-Debit/input_Response Format'

2023-02-08 19:20:06 - [TEST_STEP][PASSED] - setText(findTestObject("RecAndPlayBk/Page-Vlink-Debit/input_Check Type"), checkType): Text 'P' is set on object 'Object Repository/RecAndPlayBk/Page-Vlink-Debit/input_Check Type'

2023-02-08 19:20:07 - [MESSAGE][PASSED] - Text 'P' is set on object 'Object Repository/RecAndPlayBk/Page-Vlink-Debit/input_Check Type'

2023-02-08 19:20:07 - [TEST_STEP][PASSED] - setText(findTestObject("Object Repository/RecAndPlayBk/Page-Vlink-Debit/input_First Name"), fName): Text 'Andy' is set on object 'Object Repository/RecAndPlayBk/Page-Vlink-Debit/input_First Name'

2023-02-08 19:20:07 - [MESSAGE][PASSED] - Text 'Andy' is set on object 'Object Repository/RecAndPlayBk/Page-Vlink-Debit/input_First Name'

2023-02-08 19:20:07 - [TEST_STEP][PASSED] - setText(findTestObject("Object Repository/RecAndPlayBk/Page-Vlink-Debit/input_Last Name"), lName): Text 'Roberts' is set on object 'Object Repository/RecAndPlayBk/Page-Vlink-Debit/input_Last Name'

2023-02-08 19:20:08 - [MESSAGE][PASSED] - Text 'Roberts' is set on object 'Object Repository/RecAndPlayBk/Page-Vlink-Debit/input_Last Name'

2023-02-08 19:20:08 - [TEST_STEP][PASSED] - setText(findTestObject("Object Repository/RecAndPlayBk/Page-Vlink-Debit/input_Address"), al1): Text '145 Main Street' is set on object 'Object Repository/RecAndPlayBk/Page-Vlink-Debit/input_Address'

2023-02-08 19:20:09 - [MESSAGE][PASSED] - Text '145 Main Street' is set on object 'Object Repository/RecAndPlayBk/Page-Vlink-Debit/input_Address'

2023-02-08 19:20:09 - [TEST_STEP][PASSED] - setText(findTestObject("Object Repository/RecAndPlayBk/Page-Vlink-Debit/input_City"), city): Text 'Arlington' is set on object 'Object Repository/RecAndPlayBk/Page-Vlink-Debit/input_City'

2023-02-08 19:20:09 - [MESSAGE][PASSED] - Text 'Arlington' is set on object 'Object Repository/RecAndPlayBk/Page-Vlink-Debit/input_City'

2023-02-08 19:20:09 - [TEST_STEP][PASSED] - setText(findTestObject("Object Repository/RecAndPlayBk/Page-Vlink-Debit/input_State"), state): Text 'VA' is set on object 'Object Repository/RecAndPlayBk/Page-Vlink-Debit/input_State'

2023-02-08 19:20:10 - [MESSAGE][PASSED] - Text 'VA' is set on object 'Object Repository/RecAndPlayBk/Page-Vlink-Debit/input_State'

2023-02-08 19:20:10 - [TEST_STEP][PASSED] - setText(findTestObject("Object Repository/RecAndPlayBk/Page-Vlink-Debit/input_Zip"), zip): Text '22201' is set on object 'Object Repository/RecAndPlayBk/Page-Vlink-Debit/input_Zip'

2023-02-08 19:20:11 - [MESSAGE][PASSED] - Text '22201' is set on object 'Object Repository/RecAndPlayBk/Page-Vlink-Debit/input_Zip'

2023-02-08 19:20:11 - [TEST_STEP][PASSED] - setText(findTestObject("RecAndPlayBk/Page-Vlink-Debit/input_Account_check"), acNumber): Text '58963214' is set on object 'Object Repository/RecAndPlayBk/Page-Vlink-Debit/input_Account_check'

2023-02-08 19:20:11 - [MESSAGE][PASSED] - Text '58963214' is set on object 'Object Repository/RecAndPlayBk/Page-Vlink-Debit/input_Account_check'

2023-02-08 19:20:11 - [TEST_STEP][PASSED] - setText(findTestObject("RecAndPlayBk/Page-Vlink-Debit/input_Company_check"), company): Text '' is set on object 'Object Repository/RecAndPlayBk/Page-Vlink-Debit/input_Company_check'

2023-02-08 19:20:12 - [MESSAGE][PASSED] - Text '' is set on object 'Object Repository/RecAndPlayBk/Page-Vlink-Debit/input_Company_check'

2023-02-08 19:20:12 - [TEST_STEP][PASSED] - setText(findTestObject("RecAndPlayBk/Page-Vlink-Debit/input_Account Type"), acType): Text '2' is set on object 'Object Repository/RecAndPlayBk/Page-Vlink-Debit/input_Account Type'

2023-02-08 19:20:12 - [MESSAGE][PASSED] - Text '2' is set on object 'Object Repository/RecAndPlayBk/Page-Vlink-Debit/input_Account Type'

2023-02-08 19:20:12 - [TEST_STEP][PASSED] - setText(findTestObject("RecAndPlayBk/Page-Vlink-Debit/input_Routing Number"), rtn): Text '256072691' is set on object 'Object Repository/RecAndPlayBk/Page-Vlink-Debit/input_Routing Number'

2023-02-08 19:20:13 - [MESSAGE][PASSED] - Text '256072691' is set on object 'Object Repository/RecAndPlayBk/Page-Vlink-Debit/input_Routing Number'

2023-02-08 19:20:13 - [TEST_STEP][PASSED] - setText(findTestObject("RecAndPlayBk/Page-Vlink-Debit/input_Amount"), amount): Text '12.50' is set on object 'Object Repository/RecAndPlayBk/Page-Vlink-Debit/input_Amount'

2023-02-08 19:20:14 - [MESSAGE][PASSED] - Text '12.50' is set on object 'Object Repository/RecAndPlayBk/Page-Vlink-Debit/input_Amount'

2023-02-08 19:20:14 - [TEST_STEP][PASSED] - setText(findTestObject("RecAndPlayBk/Page-Vlink-Debit/input_Check Email"), ""): Text '' is set on object 'Object Repository/RecAndPlayBk/Page-Vlink-Debit/input_Check Email'

2023-02-08 19:20:14 - [MESSAGE][PASSED] - Text '' is set on object 'Object Repository/RecAndPlayBk/Page-Vlink-Debit/input_Check Email'

2023-02-08 19:20:14 - [TEST_STEP][PASSED] - setText(findTestObject("Object Repository/RecAndPlayBk/Page-Vlink-Debit/input_concat(CheckWriter, , s SSN)_check_ssn"), ""): Text '' is set on object 'Object Repository/RecAndPlayBk/Page-Vlink-Debit/input_concat(CheckWriter, , s SSN)_check_ssn'

2023-02-08 19:20:15 - [MESSAGE][PASSED] - Text '' is set on object 'Object Repository/RecAndPlayBk/Page-Vlink-Debit/input_concat(CheckWriter, , s SSN)_check_ssn'

2023-02-08 19:20:15 - [TEST_STEP][PASSED] - setText(findTestObject("Object Repository/RecAndPlayBk/Page-Vlink-Debit/input_concat(CheckWriter, , s License Numbe_020fef"), ""): Text '' is set on object 'Object Repository/RecAndPlayBk/Page-Vlink-Debit/input_concat(CheckWriter, , s License Numbe_020fef'

2023-02-08 19:20:16 - [MESSAGE][PASSED] - Text '' is set on object 'Object Repository/RecAndPlayBk/Page-Vlink-Debit/input_concat(CheckWriter, , s License Numbe_020fef'

2023-02-08 19:20:16 - [TEST_STEP][PASSED] - setText(findTestObject("Object Repository/RecAndPlayBk/Page-Vlink-Debit/input_concat(CheckWriter, , s License State_21e3e7"), ""): Text '' is set on object 'Object Repository/RecAndPlayBk/Page-Vlink-Debit/input_concat(CheckWriter, , s License State_21e3e7'

2023-02-08 19:20:16 - [MESSAGE][PASSED] - Text '' is set on object 'Object Repository/RecAndPlayBk/Page-Vlink-Debit/input_concat(CheckWriter, , s License State_21e3e7'

2023-02-08 19:20:16 - [TEST_STEP][PASSED] - setText(findTestObject("RecAndPlayBk/Page-Vlink-Debit/input_Standard Entry Class"), sec): Text 'WEB' is set on object 'Object Repository/RecAndPlayBk/Page-Vlink-Debit/input_Standard Entry Class'

2023-02-08 19:20:17 - [MESSAGE][PASSED] - Text 'WEB' is set on object 'Object Repository/RecAndPlayBk/Page-Vlink-Debit/input_Standard Entry Class'

2023-02-08 19:20:17 - [TEST_STEP][PASSED] - click(findTestObject("Object Repository/RecAndPlayBk/Page-Vlink-Debit/input")): Object: 'Object Repository/RecAndPlayBk/Page-Vlink-Debit/input' is clicked on

2023-02-08 19:20:18 - [MESSAGE][PASSED] - Object: 'Object Repository/RecAndPlayBk/Page-Vlink-Debit/input' is clicked on

2023-02-08 19:20:18 - [TEST_STEP][PASSED] - if (verifyTextPresent(errorMsg, true)): null

2023-02-08 19:20:18 - [MESSAGE][PASSED] - Text 'Signon authentication error' is present on page  using regular expression

2023-02-08 19:20:18 - [TEST_STEP][PASSED] - println("Error Message is present on the Confirmation page"): null

2023-02-08 19:20:18 - [TEST_STEP][PASSED] - out.println("Pass Record Number: " + row): null

2023-02-08 19:20:18 - [TEST_STEP][PASSED] - resText = "Pass": null

2023-02-08 19:20:18 - [TEST_STEP][PASSED] - pages.WriteExcel.demoKey(resText, datText, resColumn, datCloumn, fileLoc, nameSheet, row): pages.WriteExcel.demoKey is PASSED

2023-02-08 19:20:18 - [MESSAGE][PASSED] - pages.WriteExcel.demoKey is PASSED

2023-02-08 19:20:18 - [TEST_STEP][PASSED] - ExecuteTC = findTestData(dataFile).getValue("Execute", row): null

2023-02-08 19:20:18 - [TEST_STEP][PASSED] - out.println("Value of Execute is : " + ExecuteTC): null

2023-02-08 19:20:18 - [TEST_STEP][PASSED] - if (ExecuteTC.equalsIgnoreCase("Y")): null

2023-02-08 19:20:18 - [TEST_STEP][PASSED] - out.println("Begin Record Number: " + row): null

2023-02-08 19:20:18 - [TEST_STEP][PASSED] - today = new java.util.Date(): null

2023-02-08 19:20:18 - [TEST_STEP][PASSED] - println(today): null

2023-02-08 19:20:18 - [TEST_STEP][PASSED] - datText = today: null

2023-02-08 19:20:18 - [TEST_STEP][PASSED] - appID = findTestData(dataFile).getValue("AppID", row): null

2023-02-08 19:20:18 - [TEST_STEP][PASSED] - username = findTestData(dataFile).getValue("Username", row): null

2023-02-08 19:20:18 - [TEST_STEP][PASSED] - password = findTestData(dataFile).getValue("Password", row): null

2023-02-08 19:20:18 - [TEST_STEP][PASSED] - errorMsg = findTestData(dataFile).getValue("ErrorMsg", row): null

2023-02-08 19:20:18 - [TEST_STEP][PASSED] - tranType = findTestData(dataFile).getValue("TranType", row): null

2023-02-08 19:20:18 - [TEST_STEP][PASSED] - mv = findTestData(dataFile).getValue("MV", row): null

2023-02-08 19:20:18 - [TEST_STEP][PASSED] - resFormat = findTestData(dataFile).getValue("ResFormat", row): null

2023-02-08 19:20:18 - [TEST_STEP][PASSED] - fName = findTestData(dataFile).getValue("Fname", row): null

2023-02-08 19:20:18 - [TEST_STEP][PASSED] - lName = findTestData(dataFile).getValue("Lname", row): null

2023-02-08 19:20:19 - [TEST_STEP][PASSED] - al1 = findTestData(dataFile).getValue("AL1", row): null

2023-02-08 19:20:19 - [TEST_STEP][PASSED] - city = findTestData(dataFile).getValue("City", row): null

2023-02-08 19:20:19 - [TEST_STEP][PASSED] - state = findTestData(dataFile).getValue("State", row): null

2023-02-08 19:20:19 - [TEST_STEP][PASSED] - zip = findTestData(dataFile).getValue("ZIP", row): null

2023-02-08 19:20:19 - [TEST_STEP][PASSED] - checkType = findTestData(dataFile).getValue("CheckType", row): null

2023-02-08 19:20:19 - [TEST_STEP][PASSED] - acNumber = findTestData(dataFile).getValue("AcNumber", row): null

2023-02-08 19:20:19 - [TEST_STEP][PASSED] - company = findTestData(dataFile).getValue("Company", row): null

2023-02-08 19:20:19 - [TEST_STEP][PASSED] - acType = findTestData(dataFile).getValue("AcType", row): null

2023-02-08 19:20:19 - [TEST_STEP][PASSED] - rtn = findTestData(dataFile).getValue("RTN", row): null

2023-02-08 19:20:19 - [TEST_STEP][PASSED] - amount = findTestData(dataFile).getValue("Amount", row): null

2023-02-08 19:20:19 - [TEST_STEP][PASSED] - sec = findTestData(dataFile).getValue("SEC", row): null

2023-02-08 19:20:19 - [TEST_STEP][PASSED] - openBrowser(VLinkURL + "debit.html"): Browser is opened with url: 'https://dev-algorithm.govolution.com/vlinktest/QA/version_2_0/debit.html'

2023-02-08 19:20:19 - [MESSAGE][WARNING] - A browser is already opened. Closing browser and opening a new one

2023-02-08 19:20:20 - [MESSAGE][INFO] - Starting 'Chrome' driver

2023-02-08 19:20:20 - [MESSAGE][INFO] - User set preference: ['acceptInsecureCerts', 'true']

2023-02-08 19:20:20 - [MESSAGE][INFO] - Action delay is set to 0 milliseconds

2023-02-08 19:20:22 - [MESSAGE][PASSED] - Browser is opened with url: 'https://dev-algorithm.govolution.com/vlinktest/QA/version_2_0/debit.html'

2023-02-08 19:20:22 - [TEST_STEP][PASSED] - maximizeWindow(): Current window maximized

2023-02-08 19:20:22 - [MESSAGE][PASSED] - Current window maximized

2023-02-08 19:20:22 - [TEST_STEP][PASSED] - setText(findTestObject("Object Repository/RecAndPlayBk/Page-Vlink-Debit/input_Transaction Type"), tranType): Text '200' is set on object 'Object Repository/RecAndPlayBk/Page-Vlink-Debit/input_Transaction Type'

2023-02-08 19:20:23 - [MESSAGE][PASSED] - Text '200' is set on object 'Object Repository/RecAndPlayBk/Page-Vlink-Debit/input_Transaction Type'

2023-02-08 19:20:23 - [TEST_STEP][PASSED] - setText(findTestObject("Object Repository/RecAndPlayBk/Page-Vlink-Debit/input_Message Version"), mv): Text '2.0A' is set on object 'Object Repository/RecAndPlayBk/Page-Vlink-Debit/input_Message Version'

2023-02-08 19:20:23 - [MESSAGE][PASSED] - Text '2.0A' is set on object 'Object Repository/RecAndPlayBk/Page-Vlink-Debit/input_Message Version'

2023-02-08 19:20:23 - [TEST_STEP][PASSED] - genRemID = RandomStringUtils.random(12, true, true): null

2023-02-08 19:20:23 - [TEST_STEP][PASSED] - setText(findTestObject("RecAndPlayBk/Page-Vlink-Debit/input_Remittance Id"), genRemID): Text 'PUn8itsEpInD' is set on object 'Object Repository/RecAndPlayBk/Page-Vlink-Debit/input_Remittance Id'

2023-02-08 19:20:24 - [MESSAGE][PASSED] - Text 'PUn8itsEpInD' is set on object 'Object Repository/RecAndPlayBk/Page-Vlink-Debit/input_Remittance Id'

2023-02-08 19:20:24 - [TEST_STEP][PASSED] - setText(findTestObject("RecAndPlayBk/Page-Vlink-Debit/input_Application Id"), appID): Text '234' is set on object 'Object Repository/RecAndPlayBk/Page-Vlink-Debit/input_Application Id'

2023-02-08 19:20:25 - [MESSAGE][PASSED] - Text '234' is set on object 'Object Repository/RecAndPlayBk/Page-Vlink-Debit/input_Application Id'

2023-02-08 19:20:25 - [TEST_STEP][PASSED] - setText(findTestObject("RecAndPlayBk/Page-Vlink-Debit/input_Username"), username): Text 'username' is set on object 'Object Repository/RecAndPlayBk/Page-Vlink-Debit/input_Username'

2023-02-08 19:20:25 - [MESSAGE][PASSED] - Text 'username' is set on object 'Object Repository/RecAndPlayBk/Page-Vlink-Debit/input_Username'

2023-02-08 19:20:25 - [TEST_STEP][PASSED] - setText(findTestObject("RecAndPlayBk/Page-Vlink-Debit/input_Password"), password): Text '' is set on object 'Object Repository/RecAndPlayBk/Page-Vlink-Debit/input_Password'

2023-02-08 19:20:26 - [MESSAGE][PASSED] - Text '' is set on object 'Object Repository/RecAndPlayBk/Page-Vlink-Debit/input_Password'

2023-02-08 19:20:26 - [TEST_STEP][PASSED] - setText(findTestObject("Object Repository/RecAndPlayBk/Page-Vlink-Debit/input_Response Format"), resFormat): Text 'fixed_width' is set on object 'Object Repository/RecAndPlayBk/Page-Vlink-Debit/input_Response Format'

2023-02-08 19:20:26 - [MESSAGE][PASSED] - Text 'fixed_width' is set on object 'Object Repository/RecAndPlayBk/Page-Vlink-Debit/input_Response Format'

2023-02-08 19:20:26 - [TEST_STEP][PASSED] - setText(findTestObject("RecAndPlayBk/Page-Vlink-Debit/input_Check Type"), checkType): Text 'P' is set on object 'Object Repository/RecAndPlayBk/Page-Vlink-Debit/input_Check Type'

2023-02-08 19:20:27 - [MESSAGE][PASSED] - Text 'P' is set on object 'Object Repository/RecAndPlayBk/Page-Vlink-Debit/input_Check Type'

2023-02-08 19:20:27 - [TEST_STEP][PASSED] - setText(findTestObject("Object Repository/RecAndPlayBk/Page-Vlink-Debit/input_First Name"), fName): Text 'Andy' is set on object 'Object Repository/RecAndPlayBk/Page-Vlink-Debit/input_First Name'

2023-02-08 19:20:28 - [MESSAGE][PASSED] - Text 'Andy' is set on object 'Object Repository/RecAndPlayBk/Page-Vlink-Debit/input_First Name'

2023-02-08 19:20:28 - [TEST_STEP][PASSED] - setText(findTestObject("Object Repository/RecAndPlayBk/Page-Vlink-Debit/input_Last Name"), lName): Text 'Roberts' is set on object 'Object Repository/RecAndPlayBk/Page-Vlink-Debit/input_Last Name'

2023-02-08 19:20:28 - [MESSAGE][PASSED] - Text 'Roberts' is set on object 'Object Repository/RecAndPlayBk/Page-Vlink-Debit/input_Last Name'

2023-02-08 19:20:28 - [TEST_STEP][PASSED] - setText(findTestObject("Object Repository/RecAndPlayBk/Page-Vlink-Debit/input_Address"), al1): Text '145 Main Street' is set on object 'Object Repository/RecAndPlayBk/Page-Vlink-Debit/input_Address'

2023-02-08 19:20:29 - [MESSAGE][PASSED] - Text '145 Main Street' is set on object 'Object Repository/RecAndPlayBk/Page-Vlink-Debit/input_Address'

2023-02-08 19:20:29 - [TEST_STEP][PASSED] - setText(findTestObject("Object Repository/RecAndPlayBk/Page-Vlink-Debit/input_City"), city): Text 'Arlington' is set on object 'Object Repository/RecAndPlayBk/Page-Vlink-Debit/input_City'

2023-02-08 19:20:30 - [MESSAGE][PASSED] - Text 'Arlington' is set on object 'Object Repository/RecAndPlayBk/Page-Vlink-Debit/input_City'

2023-02-08 19:20:30 - [TEST_STEP][PASSED] - setText(findTestObject("Object Repository/RecAndPlayBk/Page-Vlink-Debit/input_State"), state): Text 'VA' is set on object 'Object Repository/RecAndPlayBk/Page-Vlink-Debit/input_State'

2023-02-08 19:20:30 - [MESSAGE][PASSED] - Text 'VA' is set on object 'Object Repository/RecAndPlayBk/Page-Vlink-Debit/input_State'

2023-02-08 19:20:30 - [TEST_STEP][PASSED] - setText(findTestObject("Object Repository/RecAndPlayBk/Page-Vlink-Debit/input_Zip"), zip): Text '22201' is set on object 'Object Repository/RecAndPlayBk/Page-Vlink-Debit/input_Zip'

2023-02-08 19:20:31 - [MESSAGE][PASSED] - Text '22201' is set on object 'Object Repository/RecAndPlayBk/Page-Vlink-Debit/input_Zip'

2023-02-08 19:20:31 - [TEST_STEP][PASSED] - setText(findTestObject("RecAndPlayBk/Page-Vlink-Debit/input_Account_check"), acNumber): Text '58963214' is set on object 'Object Repository/RecAndPlayBk/Page-Vlink-Debit/input_Account_check'

2023-02-08 19:20:31 - [MESSAGE][PASSED] - Text '58963214' is set on object 'Object Repository/RecAndPlayBk/Page-Vlink-Debit/input_Account_check'

2023-02-08 19:20:31 - [TEST_STEP][PASSED] - setText(findTestObject("RecAndPlayBk/Page-Vlink-Debit/input_Company_check"), company): Text '' is set on object 'Object Repository/RecAndPlayBk/Page-Vlink-Debit/input_Company_check'

2023-02-08 19:20:32 - [MESSAGE][PASSED] - Text '' is set on object 'Object Repository/RecAndPlayBk/Page-Vlink-Debit/input_Company_check'

2023-02-08 19:20:32 - [TEST_STEP][PASSED] - setText(findTestObject("RecAndPlayBk/Page-Vlink-Debit/input_Account Type"), acType): Text '2' is set on object 'Object Repository/RecAndPlayBk/Page-Vlink-Debit/input_Account Type'

2023-02-08 19:20:33 - [MESSAGE][PASSED] - Text '2' is set on object 'Object Repository/RecAndPlayBk/Page-Vlink-Debit/input_Account Type'

2023-02-08 19:20:33 - [TEST_STEP][PASSED] - setText(findTestObject("RecAndPlayBk/Page-Vlink-Debit/input_Routing Number"), rtn): Text '256072691' is set on object 'Object Repository/RecAndPlayBk/Page-Vlink-Debit/input_Routing Number'

2023-02-08 19:20:33 - [MESSAGE][PASSED] - Text '256072691' is set on object 'Object Repository/RecAndPlayBk/Page-Vlink-Debit/input_Routing Number'

2023-02-08 19:20:33 - [TEST_STEP][PASSED] - setText(findTestObject("RecAndPlayBk/Page-Vlink-Debit/input_Amount"), amount): Text '12.50' is set on object 'Object Repository/RecAndPlayBk/Page-Vlink-Debit/input_Amount'

2023-02-08 19:20:34 - [MESSAGE][PASSED] - Text '12.50' is set on object 'Object Repository/RecAndPlayBk/Page-Vlink-Debit/input_Amount'

2023-02-08 19:20:34 - [TEST_STEP][PASSED] - setText(findTestObject("RecAndPlayBk/Page-Vlink-Debit/input_Check Email"), ""): Text '' is set on object 'Object Repository/RecAndPlayBk/Page-Vlink-Debit/input_Check Email'

2023-02-08 19:20:35 - [MESSAGE][PASSED] - Text '' is set on object 'Object Repository/RecAndPlayBk/Page-Vlink-Debit/input_Check Email'

2023-02-08 19:20:35 - [TEST_STEP][PASSED] - setText(findTestObject("Object Repository/RecAndPlayBk/Page-Vlink-Debit/input_concat(CheckWriter, , s SSN)_check_ssn"), ""): Text '' is set on object 'Object Repository/RecAndPlayBk/Page-Vlink-Debit/input_concat(CheckWriter, , s SSN)_check_ssn'

2023-02-08 19:20:35 - [MESSAGE][PASSED] - Text '' is set on object 'Object Repository/RecAndPlayBk/Page-Vlink-Debit/input_concat(CheckWriter, , s SSN)_check_ssn'

2023-02-08 19:20:35 - [TEST_STEP][PASSED] - setText(findTestObject("Object Repository/RecAndPlayBk/Page-Vlink-Debit/input_concat(CheckWriter, , s License Numbe_020fef"), ""): Text '' is set on object 'Object Repository/RecAndPlayBk/Page-Vlink-Debit/input_concat(CheckWriter, , s License Numbe_020fef'

2023-02-08 19:20:36 - [MESSAGE][PASSED] - Text '' is set on object 'Object Repository/RecAndPlayBk/Page-Vlink-Debit/input_concat(CheckWriter, , s License Numbe_020fef'

2023-02-08 19:20:36 - [TEST_STEP][PASSED] - setText(findTestObject("Object Repository/RecAndPlayBk/Page-Vlink-Debit/input_concat(CheckWriter, , s License State_21e3e7"), ""): Text '' is set on object 'Object Repository/RecAndPlayBk/Page-Vlink-Debit/input_concat(CheckWriter, , s License State_21e3e7'

2023-02-08 19:20:36 - [MESSAGE][PASSED] - Text '' is set on object 'Object Repository/RecAndPlayBk/Page-Vlink-Debit/input_concat(CheckWriter, , s License State_21e3e7'

2023-02-08 19:20:36 - [TEST_STEP][PASSED] - setText(findTestObject("RecAndPlayBk/Page-Vlink-Debit/input_Standard Entry Class"), sec): Text 'TEL' is set on object 'Object Repository/RecAndPlayBk/Page-Vlink-Debit/input_Standard Entry Class'

2023-02-08 19:20:37 - [MESSAGE][PASSED] - Text 'TEL' is set on object 'Object Repository/RecAndPlayBk/Page-Vlink-Debit/input_Standard Entry Class'

2023-02-08 19:20:37 - [TEST_STEP][PASSED] - click(findTestObject("Object Repository/RecAndPlayBk/Page-Vlink-Debit/input")): Object: 'Object Repository/RecAndPlayBk/Page-Vlink-Debit/input' is clicked on

2023-02-08 19:20:38 - [MESSAGE][PASSED] - Object: 'Object Repository/RecAndPlayBk/Page-Vlink-Debit/input' is clicked on

2023-02-08 19:20:38 - [TEST_STEP][PASSED] - if (verifyTextPresent(errorMsg, true)): null

2023-02-08 19:20:38 - [MESSAGE][PASSED] - Text 'Signon authentication error' is present on page  using regular expression

2023-02-08 19:20:38 - [TEST_STEP][PASSED] - println("Error Message is present on the Confirmation page"): null

2023-02-08 19:20:38 - [TEST_STEP][PASSED] - out.println("Pass Record Number: " + row): null

2023-02-08 19:20:38 - [TEST_STEP][PASSED] - resText = "Pass": null

2023-02-08 19:20:38 - [TEST_STEP][PASSED] - pages.WriteExcel.demoKey(resText, datText, resColumn, datCloumn, fileLoc, nameSheet, row): pages.WriteExcel.demoKey is PASSED

2023-02-08 19:20:38 - [MESSAGE][PASSED] - pages.WriteExcel.demoKey is PASSED

2023-02-08 19:20:38 - [TEST_STEP][PASSED] - ExecuteTC = findTestData(dataFile).getValue("Execute", row): null

2023-02-08 19:20:38 - [TEST_STEP][PASSED] - out.println("Value of Execute is : " + ExecuteTC): null

2023-02-08 19:20:38 - [TEST_STEP][PASSED] - if (ExecuteTC.equalsIgnoreCase("Y")): null

2023-02-08 19:20:38 - [TEST_STEP][PASSED] - out.println("Begin Record Number: " + row): null

2023-02-08 19:20:38 - [TEST_STEP][PASSED] - today = new java.util.Date(): null

2023-02-08 19:20:38 - [TEST_STEP][PASSED] - println(today): null

2023-02-08 19:20:38 - [TEST_STEP][PASSED] - datText = today: null

2023-02-08 19:20:38 - [TEST_STEP][PASSED] - appID = findTestData(dataFile).getValue("AppID", row): null

2023-02-08 19:20:38 - [TEST_STEP][PASSED] - username = findTestData(dataFile).getValue("Username", row): null

2023-02-08 19:20:38 - [TEST_STEP][PASSED] - password = findTestData(dataFile).getValue("Password", row): null

2023-02-08 19:20:38 - [TEST_STEP][PASSED] - errorMsg = findTestData(dataFile).getValue("ErrorMsg", row): null

2023-02-08 19:20:38 - [TEST_STEP][PASSED] - tranType = findTestData(dataFile).getValue("TranType", row): null

2023-02-08 19:20:38 - [TEST_STEP][PASSED] - mv = findTestData(dataFile).getValue("MV", row): null

2023-02-08 19:20:39 - [TEST_STEP][PASSED] - resFormat = findTestData(dataFile).getValue("ResFormat", row): null

2023-02-08 19:20:39 - [TEST_STEP][PASSED] - fName = findTestData(dataFile).getValue("Fname", row): null

2023-02-08 19:20:39 - [TEST_STEP][PASSED] - lName = findTestData(dataFile).getValue("Lname", row): null

2023-02-08 19:20:39 - [TEST_STEP][PASSED] - al1 = findTestData(dataFile).getValue("AL1", row): null

2023-02-08 19:20:39 - [TEST_STEP][PASSED] - city = findTestData(dataFile).getValue("City", row): null

2023-02-08 19:20:39 - [TEST_STEP][PASSED] - state = findTestData(dataFile).getValue("State", row): null

2023-02-08 19:20:39 - [TEST_STEP][PASSED] - zip = findTestData(dataFile).getValue("ZIP", row): null

2023-02-08 19:20:39 - [TEST_STEP][PASSED] - checkType = findTestData(dataFile).getValue("CheckType", row): null

2023-02-08 19:20:39 - [TEST_STEP][PASSED] - acNumber = findTestData(dataFile).getValue("AcNumber", row): null

2023-02-08 19:20:39 - [TEST_STEP][PASSED] - company = findTestData(dataFile).getValue("Company", row): null

2023-02-08 19:20:39 - [TEST_STEP][PASSED] - acType = findTestData(dataFile).getValue("AcType", row): null

2023-02-08 19:20:39 - [TEST_STEP][PASSED] - rtn = findTestData(dataFile).getValue("RTN", row): null

2023-02-08 19:20:39 - [TEST_STEP][PASSED] - amount = findTestData(dataFile).getValue("Amount", row): null

2023-02-08 19:20:39 - [TEST_STEP][PASSED] - sec = findTestData(dataFile).getValue("SEC", row): null

2023-02-08 19:20:39 - [TEST_STEP][PASSED] - openBrowser(VLinkURL + "debit.html"): Browser is opened with url: 'https://dev-algorithm.govolution.com/vlinktest/QA/version_2_0/debit.html'

2023-02-08 19:20:39 - [MESSAGE][WARNING] - A browser is already opened. Closing browser and opening a new one

2023-02-08 19:20:40 - [MESSAGE][INFO] - Starting 'Chrome' driver

2023-02-08 19:20:40 - [MESSAGE][INFO] - User set preference: ['acceptInsecureCerts', 'true']

2023-02-08 19:20:40 - [MESSAGE][INFO] - Action delay is set to 0 milliseconds

2023-02-08 19:20:42 - [MESSAGE][PASSED] - Browser is opened with url: 'https://dev-algorithm.govolution.com/vlinktest/QA/version_2_0/debit.html'

2023-02-08 19:20:42 - [TEST_STEP][PASSED] - maximizeWindow(): Current window maximized

2023-02-08 19:20:42 - [MESSAGE][PASSED] - Current window maximized

2023-02-08 19:20:42 - [TEST_STEP][PASSED] - setText(findTestObject("Object Repository/RecAndPlayBk/Page-Vlink-Debit/input_Transaction Type"), tranType): Text '200' is set on object 'Object Repository/RecAndPlayBk/Page-Vlink-Debit/input_Transaction Type'

2023-02-08 19:20:43 - [MESSAGE][PASSED] - Text '200' is set on object 'Object Repository/RecAndPlayBk/Page-Vlink-Debit/input_Transaction Type'

2023-02-08 19:20:43 - [TEST_STEP][PASSED] - setText(findTestObject("Object Repository/RecAndPlayBk/Page-Vlink-Debit/input_Message Version"), mv): Text '2.0A' is set on object 'Object Repository/RecAndPlayBk/Page-Vlink-Debit/input_Message Version'

2023-02-08 19:20:44 - [MESSAGE][PASSED] - Text '2.0A' is set on object 'Object Repository/RecAndPlayBk/Page-Vlink-Debit/input_Message Version'

2023-02-08 19:20:44 - [TEST_STEP][PASSED] - genRemID = RandomStringUtils.random(12, true, true): null

2023-02-08 19:20:44 - [TEST_STEP][PASSED] - setText(findTestObject("RecAndPlayBk/Page-Vlink-Debit/input_Remittance Id"), genRemID): Text 'fEsXFskdTiM9' is set on object 'Object Repository/RecAndPlayBk/Page-Vlink-Debit/input_Remittance Id'

2023-02-08 19:20:44 - [MESSAGE][PASSED] - Text 'fEsXFskdTiM9' is set on object 'Object Repository/RecAndPlayBk/Page-Vlink-Debit/input_Remittance Id'

2023-02-08 19:20:44 - [TEST_STEP][PASSED] - setText(findTestObject("RecAndPlayBk/Page-Vlink-Debit/input_Application Id"), appID): Text '234' is set on object 'Object Repository/RecAndPlayBk/Page-Vlink-Debit/input_Application Id'

2023-02-08 19:20:45 - [MESSAGE][PASSED] - Text '234' is set on object 'Object Repository/RecAndPlayBk/Page-Vlink-Debit/input_Application Id'

2023-02-08 19:20:45 - [TEST_STEP][PASSED] - setText(findTestObject("RecAndPlayBk/Page-Vlink-Debit/input_Username"), username): Text 'username' is set on object 'Object Repository/RecAndPlayBk/Page-Vlink-Debit/input_Username'

2023-02-08 19:20:46 - [MESSAGE][PASSED] - Text 'username' is set on object 'Object Repository/RecAndPlayBk/Page-Vlink-Debit/input_Username'

2023-02-08 19:20:46 - [TEST_STEP][PASSED] - setText(findTestObject("RecAndPlayBk/Page-Vlink-Debit/input_Password"), password): Text 'password' is set on object 'Object Repository/RecAndPlayBk/Page-Vlink-Debit/input_Password'

2023-02-08 19:20:46 - [MESSAGE][PASSED] - Text 'password' is set on object 'Object Repository/RecAndPlayBk/Page-Vlink-Debit/input_Password'

2023-02-08 19:20:46 - [TEST_STEP][PASSED] - setText(findTestObject("Object Repository/RecAndPlayBk/Page-Vlink-Debit/input_Response Format"), resFormat): Text '' is set on object 'Object Repository/RecAndPlayBk/Page-Vlink-Debit/input_Response Format'

2023-02-08 19:20:47 - [MESSAGE][PASSED] - Text '' is set on object 'Object Repository/RecAndPlayBk/Page-Vlink-Debit/input_Response Format'

2023-02-08 19:20:47 - [TEST_STEP][PASSED] - setText(findTestObject("RecAndPlayBk/Page-Vlink-Debit/input_Check Type"), checkType): Text 'P' is set on object 'Object Repository/RecAndPlayBk/Page-Vlink-Debit/input_Check Type'

2023-02-08 19:20:48 - [MESSAGE][PASSED] - Text 'P' is set on object 'Object Repository/RecAndPlayBk/Page-Vlink-Debit/input_Check Type'

2023-02-08 19:20:48 - [TEST_STEP][PASSED] - setText(findTestObject("Object Repository/RecAndPlayBk/Page-Vlink-Debit/input_First Name"), fName): Text 'Andy' is set on object 'Object Repository/RecAndPlayBk/Page-Vlink-Debit/input_First Name'

2023-02-08 19:20:49 - [MESSAGE][PASSED] - Text 'Andy' is set on object 'Object Repository/RecAndPlayBk/Page-Vlink-Debit/input_First Name'

2023-02-08 19:20:49 - [TEST_STEP][PASSED] - setText(findTestObject("Object Repository/RecAndPlayBk/Page-Vlink-Debit/input_Last Name"), lName): Text 'Roberts' is set on object 'Object Repository/RecAndPlayBk/Page-Vlink-Debit/input_Last Name'

2023-02-08 19:20:49 - [MESSAGE][PASSED] - Text 'Roberts' is set on object 'Object Repository/RecAndPlayBk/Page-Vlink-Debit/input_Last Name'

2023-02-08 19:20:49 - [TEST_STEP][PASSED] - setText(findTestObject("Object Repository/RecAndPlayBk/Page-Vlink-Debit/input_Address"), al1): Text '145 Main Street' is set on object 'Object Repository/RecAndPlayBk/Page-Vlink-Debit/input_Address'

2023-02-08 19:20:50 - [MESSAGE][PASSED] - Text '145 Main Street' is set on object 'Object Repository/RecAndPlayBk/Page-Vlink-Debit/input_Address'

2023-02-08 19:20:50 - [TEST_STEP][PASSED] - setText(findTestObject("Object Repository/RecAndPlayBk/Page-Vlink-Debit/input_City"), city): Text 'Arlington' is set on object 'Object Repository/RecAndPlayBk/Page-Vlink-Debit/input_City'

2023-02-08 19:20:51 - [MESSAGE][PASSED] - Text 'Arlington' is set on object 'Object Repository/RecAndPlayBk/Page-Vlink-Debit/input_City'

2023-02-08 19:20:51 - [TEST_STEP][PASSED] - setText(findTestObject("Object Repository/RecAndPlayBk/Page-Vlink-Debit/input_State"), state): Text 'VA' is set on object 'Object Repository/RecAndPlayBk/Page-Vlink-Debit/input_State'

2023-02-08 19:20:51 - [MESSAGE][PASSED] - Text 'VA' is set on object 'Object Repository/RecAndPlayBk/Page-Vlink-Debit/input_State'

2023-02-08 19:20:51 - [TEST_STEP][PASSED] - setText(findTestObject("Object Repository/RecAndPlayBk/Page-Vlink-Debit/input_Zip"), zip): Text '22201' is set on object 'Object Repository/RecAndPlayBk/Page-Vlink-Debit/input_Zip'

2023-02-08 19:20:52 - [MESSAGE][PASSED] - Text '22201' is set on object 'Object Repository/RecAndPlayBk/Page-Vlink-Debit/input_Zip'

2023-02-08 19:20:52 - [TEST_STEP][PASSED] - setText(findTestObject("RecAndPlayBk/Page-Vlink-Debit/input_Account_check"), acNumber): Text '58963214' is set on object 'Object Repository/RecAndPlayBk/Page-Vlink-Debit/input_Account_check'

2023-02-08 19:20:53 - [MESSAGE][PASSED] - Text '58963214' is set on object 'Object Repository/RecAndPlayBk/Page-Vlink-Debit/input_Account_check'

2023-02-08 19:20:53 - [TEST_STEP][PASSED] - setText(findTestObject("RecAndPlayBk/Page-Vlink-Debit/input_Company_check"), company): Text '' is set on object 'Object Repository/RecAndPlayBk/Page-Vlink-Debit/input_Company_check'

2023-02-08 19:20:53 - [MESSAGE][PASSED] - Text '' is set on object 'Object Repository/RecAndPlayBk/Page-Vlink-Debit/input_Company_check'

2023-02-08 19:20:53 - [TEST_STEP][PASSED] - setText(findTestObject("RecAndPlayBk/Page-Vlink-Debit/input_Account Type"), acType): Text '2' is set on object 'Object Repository/RecAndPlayBk/Page-Vlink-Debit/input_Account Type'

2023-02-08 19:20:54 - [MESSAGE][PASSED] - Text '2' is set on object 'Object Repository/RecAndPlayBk/Page-Vlink-Debit/input_Account Type'

2023-02-08 19:20:54 - [TEST_STEP][PASSED] - setText(findTestObject("RecAndPlayBk/Page-Vlink-Debit/input_Routing Number"), rtn): Text '256072691' is set on object 'Object Repository/RecAndPlayBk/Page-Vlink-Debit/input_Routing Number'

2023-02-08 19:20:54 - [MESSAGE][PASSED] - Text '256072691' is set on object 'Object Repository/RecAndPlayBk/Page-Vlink-Debit/input_Routing Number'

2023-02-08 19:20:54 - [TEST_STEP][PASSED] - setText(findTestObject("RecAndPlayBk/Page-Vlink-Debit/input_Amount"), amount): Text '12.50' is set on object 'Object Repository/RecAndPlayBk/Page-Vlink-Debit/input_Amount'

2023-02-08 19:20:55 - [MESSAGE][PASSED] - Text '12.50' is set on object 'Object Repository/RecAndPlayBk/Page-Vlink-Debit/input_Amount'

2023-02-08 19:20:55 - [TEST_STEP][PASSED] - setText(findTestObject("RecAndPlayBk/Page-Vlink-Debit/input_Check Email"), ""): Text '' is set on object 'Object Repository/RecAndPlayBk/Page-Vlink-Debit/input_Check Email'

2023-02-08 19:20:56 - [MESSAGE][PASSED] - Text '' is set on object 'Object Repository/RecAndPlayBk/Page-Vlink-Debit/input_Check Email'

2023-02-08 19:20:56 - [TEST_STEP][PASSED] - setText(findTestObject("Object Repository/RecAndPlayBk/Page-Vlink-Debit/input_concat(CheckWriter, , s SSN)_check_ssn"), ""): Text '' is set on object 'Object Repository/RecAndPlayBk/Page-Vlink-Debit/input_concat(CheckWriter, , s SSN)_check_ssn'

2023-02-08 19:20:56 - [MESSAGE][PASSED] - Text '' is set on object 'Object Repository/RecAndPlayBk/Page-Vlink-Debit/input_concat(CheckWriter, , s SSN)_check_ssn'

2023-02-08 19:20:56 - [TEST_STEP][PASSED] - setText(findTestObject("Object Repository/RecAndPlayBk/Page-Vlink-Debit/input_concat(CheckWriter, , s License Numbe_020fef"), ""): Text '' is set on object 'Object Repository/RecAndPlayBk/Page-Vlink-Debit/input_concat(CheckWriter, , s License Numbe_020fef'

2023-02-08 19:20:57 - [MESSAGE][PASSED] - Text '' is set on object 'Object Repository/RecAndPlayBk/Page-Vlink-Debit/input_concat(CheckWriter, , s License Numbe_020fef'

2023-02-08 19:20:57 - [TEST_STEP][PASSED] - setText(findTestObject("Object Repository/RecAndPlayBk/Page-Vlink-Debit/input_concat(CheckWriter, , s License State_21e3e7"), ""): Text '' is set on object 'Object Repository/RecAndPlayBk/Page-Vlink-Debit/input_concat(CheckWriter, , s License State_21e3e7'

2023-02-08 19:20:58 - [MESSAGE][PASSED] - Text '' is set on object 'Object Repository/RecAndPlayBk/Page-Vlink-Debit/input_concat(CheckWriter, , s License State_21e3e7'

2023-02-08 19:20:58 - [TEST_STEP][PASSED] - setText(findTestObject("RecAndPlayBk/Page-Vlink-Debit/input_Standard Entry Class"), sec): Text 'PPD' is set on object 'Object Repository/RecAndPlayBk/Page-Vlink-Debit/input_Standard Entry Class'

2023-02-08 19:20:58 - [MESSAGE][PASSED] - Text 'PPD' is set on object 'Object Repository/RecAndPlayBk/Page-Vlink-Debit/input_Standard Entry Class'

2023-02-08 19:20:58 - [TEST_STEP][PASSED] - click(findTestObject("Object Repository/RecAndPlayBk/Page-Vlink-Debit/input")): Object: 'Object Repository/RecAndPlayBk/Page-Vlink-Debit/input' is clicked on

2023-02-08 19:20:59 - [MESSAGE][PASSED] - Object: 'Object Repository/RecAndPlayBk/Page-Vlink-Debit/input' is clicked on

2023-02-08 19:20:59 - [TEST_STEP][PASSED] - if (verifyTextPresent(errorMsg, true)): null

2023-02-08 19:20:59 - [MESSAGE][PASSED] - Text 'response_format' is present on page  using regular expression

2023-02-08 19:20:59 - [TEST_STEP][PASSED] - println("Error Message is present on the Confirmation page"): null

2023-02-08 19:20:59 - [TEST_STEP][PASSED] - out.println("Pass Record Number: " + row): null

2023-02-08 19:20:59 - [TEST_STEP][PASSED] - resText = "Pass": null

2023-02-08 19:20:59 - [TEST_STEP][PASSED] - pages.WriteExcel.demoKey(resText, datText, resColumn, datCloumn, fileLoc, nameSheet, row): pages.WriteExcel.demoKey is PASSED

2023-02-08 19:20:59 - [MESSAGE][PASSED] - pages.WriteExcel.demoKey is PASSED

2023-02-08 19:20:59 - [TEST_STEP][PASSED] - ExecuteTC = findTestData(dataFile).getValue("Execute", row): null

2023-02-08 19:20:59 - [TEST_STEP][PASSED] - out.println("Value of Execute is : " + ExecuteTC): null

2023-02-08 19:20:59 - [TEST_STEP][PASSED] - if (ExecuteTC.equalsIgnoreCase("Y")): null

2023-02-08 19:20:59 - [TEST_STEP][PASSED] - out.println("Begin Record Number: " + row): null

2023-02-08 19:20:59 - [TEST_STEP][PASSED] - today = new java.util.Date(): null

2023-02-08 19:20:59 - [TEST_STEP][PASSED] - println(today): null

2023-02-08 19:20:59 - [TEST_STEP][PASSED] - datText = today: null

2023-02-08 19:20:59 - [TEST_STEP][PASSED] - appID = findTestData(dataFile).getValue("AppID", row): null

2023-02-08 19:20:59 - [TEST_STEP][PASSED] - username = findTestData(dataFile).getValue("Username", row): null

2023-02-08 19:20:59 - [TEST_STEP][PASSED] - password = findTestData(dataFile).getValue("Password", row): null

2023-02-08 19:21:00 - [TEST_STEP][PASSED] - errorMsg = findTestData(dataFile).getValue("ErrorMsg", row): null

2023-02-08 19:21:00 - [TEST_STEP][PASSED] - tranType = findTestData(dataFile).getValue("TranType", row): null

2023-02-08 19:21:00 - [TEST_STEP][PASSED] - mv = findTestData(dataFile).getValue("MV", row): null

2023-02-08 19:21:00 - [TEST_STEP][PASSED] - resFormat = findTestData(dataFile).getValue("ResFormat", row): null

2023-02-08 19:21:00 - [TEST_STEP][PASSED] - fName = findTestData(dataFile).getValue("Fname", row): null

2023-02-08 19:21:00 - [TEST_STEP][PASSED] - lName = findTestData(dataFile).getValue("Lname", row): null

2023-02-08 19:21:00 - [TEST_STEP][PASSED] - al1 = findTestData(dataFile).getValue("AL1", row): null

2023-02-08 19:21:00 - [TEST_STEP][PASSED] - city = findTestData(dataFile).getValue("City", row): null

2023-02-08 19:21:00 - [TEST_STEP][PASSED] - state = findTestData(dataFile).getValue("State", row): null

2023-02-08 19:21:00 - [TEST_STEP][PASSED] - zip = findTestData(dataFile).getValue("ZIP", row): null

2023-02-08 19:21:00 - [TEST_STEP][PASSED] - checkType = findTestData(dataFile).getValue("CheckType", row): null

2023-02-08 19:21:00 - [TEST_STEP][PASSED] - acNumber = findTestData(dataFile).getValue("AcNumber", row): null

2023-02-08 19:21:00 - [TEST_STEP][PASSED] - company = findTestData(dataFile).getValue("Company", row): null

2023-02-08 19:21:00 - [TEST_STEP][PASSED] - acType = findTestData(dataFile).getValue("AcType", row): null

2023-02-08 19:21:00 - [TEST_STEP][PASSED] - rtn = findTestData(dataFile).getValue("RTN", row): null

2023-02-08 19:21:00 - [TEST_STEP][PASSED] - amount = findTestData(dataFile).getValue("Amount", row): null

2023-02-08 19:21:00 - [TEST_STEP][PASSED] - sec = findTestData(dataFile).getValue("SEC", row): null

2023-02-08 19:21:01 - [TEST_STEP][PASSED] - openBrowser(VLinkURL + "debit.html"): Browser is opened with url: 'https://dev-algorithm.govolution.com/vlinktest/QA/version_2_0/debit.html'

2023-02-08 19:21:01 - [MESSAGE][WARNING] - A browser is already opened. Closing browser and opening a new one

2023-02-08 19:21:01 - [MESSAGE][INFO] - Starting 'Chrome' driver

2023-02-08 19:21:01 - [MESSAGE][INFO] - User set preference: ['acceptInsecureCerts', 'true']

2023-02-08 19:21:01 - [MESSAGE][INFO] - Action delay is set to 0 milliseconds

2023-02-08 19:21:03 - [MESSAGE][PASSED] - Browser is opened with url: 'https://dev-algorithm.govolution.com/vlinktest/QA/version_2_0/debit.html'

2023-02-08 19:21:03 - [TEST_STEP][PASSED] - maximizeWindow(): Current window maximized

2023-02-08 19:21:03 - [MESSAGE][PASSED] - Current window maximized

2023-02-08 19:21:03 - [TEST_STEP][PASSED] - setText(findTestObject("Object Repository/RecAndPlayBk/Page-Vlink-Debit/input_Transaction Type"), tranType): Text '200' is set on object 'Object Repository/RecAndPlayBk/Page-Vlink-Debit/input_Transaction Type'

2023-02-08 19:21:04 - [MESSAGE][PASSED] - Text '200' is set on object 'Object Repository/RecAndPlayBk/Page-Vlink-Debit/input_Transaction Type'

2023-02-08 19:21:04 - [TEST_STEP][PASSED] - setText(findTestObject("Object Repository/RecAndPlayBk/Page-Vlink-Debit/input_Message Version"), mv): Text '2.0A' is set on object 'Object Repository/RecAndPlayBk/Page-Vlink-Debit/input_Message Version'

2023-02-08 19:21:05 - [MESSAGE][PASSED] - Text '2.0A' is set on object 'Object Repository/RecAndPlayBk/Page-Vlink-Debit/input_Message Version'

2023-02-08 19:21:05 - [TEST_STEP][PASSED] - genRemID = RandomStringUtils.random(12, true, true): null

2023-02-08 19:21:05 - [TEST_STEP][PASSED] - setText(findTestObject("RecAndPlayBk/Page-Vlink-Debit/input_Remittance Id"), genRemID): Text '1GhAT6EeNNr9' is set on object 'Object Repository/RecAndPlayBk/Page-Vlink-Debit/input_Remittance Id'

2023-02-08 19:21:05 - [MESSAGE][PASSED] - Text '1GhAT6EeNNr9' is set on object 'Object Repository/RecAndPlayBk/Page-Vlink-Debit/input_Remittance Id'

2023-02-08 19:21:05 - [TEST_STEP][PASSED] - setText(findTestObject("RecAndPlayBk/Page-Vlink-Debit/input_Application Id"), appID): Text '234' is set on object 'Object Repository/RecAndPlayBk/Page-Vlink-Debit/input_Application Id'

2023-02-08 19:21:06 - [MESSAGE][PASSED] - Text '234' is set on object 'Object Repository/RecAndPlayBk/Page-Vlink-Debit/input_Application Id'

2023-02-08 19:21:06 - [TEST_STEP][PASSED] - setText(findTestObject("RecAndPlayBk/Page-Vlink-Debit/input_Username"), username): Text 'username' is set on object 'Object Repository/RecAndPlayBk/Page-Vlink-Debit/input_Username'

2023-02-08 19:21:07 - [MESSAGE][PASSED] - Text 'username' is set on object 'Object Repository/RecAndPlayBk/Page-Vlink-Debit/input_Username'

2023-02-08 19:21:07 - [TEST_STEP][PASSED] - setText(findTestObject("RecAndPlayBk/Page-Vlink-Debit/input_Password"), password): Text 'password' is set on object 'Object Repository/RecAndPlayBk/Page-Vlink-Debit/input_Password'

2023-02-08 19:21:07 - [MESSAGE][PASSED] - Text 'password' is set on object 'Object Repository/RecAndPlayBk/Page-Vlink-Debit/input_Password'

2023-02-08 19:21:07 - [TEST_STEP][PASSED] - setText(findTestObject("Object Repository/RecAndPlayBk/Page-Vlink-Debit/input_Response Format"), resFormat): Text 'fixed_width' is set on object 'Object Repository/RecAndPlayBk/Page-Vlink-Debit/input_Response Format'

2023-02-08 19:21:08 - [MESSAGE][PASSED] - Text 'fixed_width' is set on object 'Object Repository/RecAndPlayBk/Page-Vlink-Debit/input_Response Format'

2023-02-08 19:21:08 - [TEST_STEP][PASSED] - setText(findTestObject("RecAndPlayBk/Page-Vlink-Debit/input_Check Type"), checkType): Text '' is set on object 'Object Repository/RecAndPlayBk/Page-Vlink-Debit/input_Check Type'

2023-02-08 19:21:08 - [MESSAGE][PASSED] - Text '' is set on object 'Object Repository/RecAndPlayBk/Page-Vlink-Debit/input_Check Type'

2023-02-08 19:21:08 - [TEST_STEP][PASSED] - setText(findTestObject("Object Repository/RecAndPlayBk/Page-Vlink-Debit/input_First Name"), fName): Text 'Andy' is set on object 'Object Repository/RecAndPlayBk/Page-Vlink-Debit/input_First Name'

2023-02-08 19:21:09 - [MESSAGE][PASSED] - Text 'Andy' is set on object 'Object Repository/RecAndPlayBk/Page-Vlink-Debit/input_First Name'

2023-02-08 19:21:09 - [TEST_STEP][PASSED] - setText(findTestObject("Object Repository/RecAndPlayBk/Page-Vlink-Debit/input_Last Name"), lName): Text 'Roberts' is set on object 'Object Repository/RecAndPlayBk/Page-Vlink-Debit/input_Last Name'

2023-02-08 19:21:10 - [MESSAGE][PASSED] - Text 'Roberts' is set on object 'Object Repository/RecAndPlayBk/Page-Vlink-Debit/input_Last Name'

2023-02-08 19:21:10 - [TEST_STEP][PASSED] - setText(findTestObject("Object Repository/RecAndPlayBk/Page-Vlink-Debit/input_Address"), al1): Text '145 Main Street' is set on object 'Object Repository/RecAndPlayBk/Page-Vlink-Debit/input_Address'

2023-02-08 19:21:10 - [MESSAGE][PASSED] - Text '145 Main Street' is set on object 'Object Repository/RecAndPlayBk/Page-Vlink-Debit/input_Address'

2023-02-08 19:21:10 - [TEST_STEP][PASSED] - setText(findTestObject("Object Repository/RecAndPlayBk/Page-Vlink-Debit/input_City"), city): Text 'Arlington' is set on object 'Object Repository/RecAndPlayBk/Page-Vlink-Debit/input_City'

2023-02-08 19:21:11 - [MESSAGE][PASSED] - Text 'Arlington' is set on object 'Object Repository/RecAndPlayBk/Page-Vlink-Debit/input_City'

2023-02-08 19:21:11 - [TEST_STEP][PASSED] - setText(findTestObject("Object Repository/RecAndPlayBk/Page-Vlink-Debit/input_State"), state): Text 'VA' is set on object 'Object Repository/RecAndPlayBk/Page-Vlink-Debit/input_State'

2023-02-08 19:21:12 - [MESSAGE][PASSED] - Text 'VA' is set on object 'Object Repository/RecAndPlayBk/Page-Vlink-Debit/input_State'

2023-02-08 19:21:12 - [TEST_STEP][PASSED] - setText(findTestObject("Object Repository/RecAndPlayBk/Page-Vlink-Debit/input_Zip"), zip): Text '22201' is set on object 'Object Repository/RecAndPlayBk/Page-Vlink-Debit/input_Zip'

2023-02-08 19:21:12 - [MESSAGE][PASSED] - Text '22201' is set on object 'Object Repository/RecAndPlayBk/Page-Vlink-Debit/input_Zip'

2023-02-08 19:21:12 - [TEST_STEP][PASSED] - setText(findTestObject("RecAndPlayBk/Page-Vlink-Debit/input_Account_check"), acNumber): Text '58963214' is set on object 'Object Repository/RecAndPlayBk/Page-Vlink-Debit/input_Account_check'

2023-02-08 19:21:13 - [MESSAGE][PASSED] - Text '58963214' is set on object 'Object Repository/RecAndPlayBk/Page-Vlink-Debit/input_Account_check'

2023-02-08 19:21:13 - [TEST_STEP][PASSED] - setText(findTestObject("RecAndPlayBk/Page-Vlink-Debit/input_Company_check"), company): Text '' is set on object 'Object Repository/RecAndPlayBk/Page-Vlink-Debit/input_Company_check'

2023-02-08 19:21:13 - [MESSAGE][PASSED] - Text '' is set on object 'Object Repository/RecAndPlayBk/Page-Vlink-Debit/input_Company_check'

2023-02-08 19:21:13 - [TEST_STEP][PASSED] - setText(findTestObject("RecAndPlayBk/Page-Vlink-Debit/input_Account Type"), acType): Text '1' is set on object 'Object Repository/RecAndPlayBk/Page-Vlink-Debit/input_Account Type'

2023-02-08 19:21:14 - [MESSAGE][PASSED] - Text '1' is set on object 'Object Repository/RecAndPlayBk/Page-Vlink-Debit/input_Account Type'

2023-02-08 19:21:14 - [TEST_STEP][PASSED] - setText(findTestObject("RecAndPlayBk/Page-Vlink-Debit/input_Routing Number"), rtn): Text '256072691' is set on object 'Object Repository/RecAndPlayBk/Page-Vlink-Debit/input_Routing Number'

2023-02-08 19:21:15 - [MESSAGE][PASSED] - Text '256072691' is set on object 'Object Repository/RecAndPlayBk/Page-Vlink-Debit/input_Routing Number'

2023-02-08 19:21:15 - [TEST_STEP][PASSED] - setText(findTestObject("RecAndPlayBk/Page-Vlink-Debit/input_Amount"), amount): Text '12.50' is set on object 'Object Repository/RecAndPlayBk/Page-Vlink-Debit/input_Amount'

2023-02-08 19:21:15 - [MESSAGE][PASSED] - Text '12.50' is set on object 'Object Repository/RecAndPlayBk/Page-Vlink-Debit/input_Amount'

2023-02-08 19:21:15 - [TEST_STEP][PASSED] - setText(findTestObject("RecAndPlayBk/Page-Vlink-Debit/input_Check Email"), ""): Text '' is set on object 'Object Repository/RecAndPlayBk/Page-Vlink-Debit/input_Check Email'

2023-02-08 19:21:16 - [MESSAGE][PASSED] - Text '' is set on object 'Object Repository/RecAndPlayBk/Page-Vlink-Debit/input_Check Email'

2023-02-08 19:21:16 - [TEST_STEP][PASSED] - setText(findTestObject("Object Repository/RecAndPlayBk/Page-Vlink-Debit/input_concat(CheckWriter, , s SSN)_check_ssn"), ""): Text '' is set on object 'Object Repository/RecAndPlayBk/Page-Vlink-Debit/input_concat(CheckWriter, , s SSN)_check_ssn'

2023-02-08 19:21:17 - [MESSAGE][PASSED] - Text '' is set on object 'Object Repository/RecAndPlayBk/Page-Vlink-Debit/input_concat(CheckWriter, , s SSN)_check_ssn'

2023-02-08 19:21:17 - [TEST_STEP][PASSED] - setText(findTestObject("Object Repository/RecAndPlayBk/Page-Vlink-Debit/input_concat(CheckWriter, , s License Numbe_020fef"), ""): Text '' is set on object 'Object Repository/RecAndPlayBk/Page-Vlink-Debit/input_concat(CheckWriter, , s License Numbe_020fef'

2023-02-08 19:21:17 - [MESSAGE][PASSED] - Text '' is set on object 'Object Repository/RecAndPlayBk/Page-Vlink-Debit/input_concat(CheckWriter, , s License Numbe_020fef'

2023-02-08 19:21:17 - [TEST_STEP][PASSED] - setText(findTestObject("Object Repository/RecAndPlayBk/Page-Vlink-Debit/input_concat(CheckWriter, , s License State_21e3e7"), ""): Text '' is set on object 'Object Repository/RecAndPlayBk/Page-Vlink-Debit/input_concat(CheckWriter, , s License State_21e3e7'

2023-02-08 19:21:18 - [MESSAGE][PASSED] - Text '' is set on object 'Object Repository/RecAndPlayBk/Page-Vlink-Debit/input_concat(CheckWriter, , s License State_21e3e7'

2023-02-08 19:21:18 - [TEST_STEP][PASSED] - setText(findTestObject("RecAndPlayBk/Page-Vlink-Debit/input_Standard Entry Class"), sec): Text 'WEB' is set on object 'Object Repository/RecAndPlayBk/Page-Vlink-Debit/input_Standard Entry Class'

2023-02-08 19:21:19 - [MESSAGE][PASSED] - Text 'WEB' is set on object 'Object Repository/RecAndPlayBk/Page-Vlink-Debit/input_Standard Entry Class'

2023-02-08 19:21:19 - [TEST_STEP][PASSED] - click(findTestObject("Object Repository/RecAndPlayBk/Page-Vlink-Debit/input")): Object: 'Object Repository/RecAndPlayBk/Page-Vlink-Debit/input' is clicked on

2023-02-08 19:21:19 - [MESSAGE][PASSED] - Object: 'Object Repository/RecAndPlayBk/Page-Vlink-Debit/input' is clicked on

2023-02-08 19:21:19 - [TEST_STEP][PASSED] - if (verifyTextPresent(errorMsg, true)): null

2023-02-08 19:21:20 - [MESSAGE][PASSED] - Text 'Bank Account type not valid' is present on page  using regular expression

2023-02-08 19:21:20 - [TEST_STEP][PASSED] - println("Error Message is present on the Confirmation page"): null

2023-02-08 19:21:20 - [TEST_STEP][PASSED] - out.println("Pass Record Number: " + row): null

2023-02-08 19:21:20 - [TEST_STEP][PASSED] - resText = "Pass": null

2023-02-08 19:21:20 - [TEST_STEP][PASSED] - pages.WriteExcel.demoKey(resText, datText, resColumn, datCloumn, fileLoc, nameSheet, row): pages.WriteExcel.demoKey is PASSED

2023-02-08 19:21:20 - [MESSAGE][PASSED] - pages.WriteExcel.demoKey is PASSED

2023-02-08 19:21:20 - [TEST_STEP][PASSED] - ExecuteTC = findTestData(dataFile).getValue("Execute", row): null

2023-02-08 19:21:20 - [TEST_STEP][PASSED] - out.println("Value of Execute is : " + ExecuteTC): null

2023-02-08 19:21:20 - [TEST_STEP][PASSED] - if (ExecuteTC.equalsIgnoreCase("Y")): null

2023-02-08 19:21:20 - [TEST_STEP][PASSED] - out.println("Begin Record Number: " + row): null

2023-02-08 19:21:20 - [TEST_STEP][PASSED] - today = new java.util.Date(): null

2023-02-08 19:21:20 - [TEST_STEP][PASSED] - println(today): null

2023-02-08 19:21:20 - [TEST_STEP][PASSED] - datText = today: null

2023-02-08 19:21:20 - [TEST_STEP][PASSED] - appID = findTestData(dataFile).getValue("AppID", row): null

2023-02-08 19:21:20 - [TEST_STEP][PASSED] - username = findTestData(dataFile).getValue("Username", row): null

2023-02-08 19:21:20 - [TEST_STEP][PASSED] - password = findTestData(dataFile).getValue("Password", row): null

2023-02-08 19:21:20 - [TEST_STEP][PASSED] - errorMsg = findTestData(dataFile).getValue("ErrorMsg", row): null

2023-02-08 19:21:20 - [TEST_STEP][PASSED] - tranType = findTestData(dataFile).getValue("TranType", row): null

2023-02-08 19:21:20 - [TEST_STEP][PASSED] - mv = findTestData(dataFile).getValue("MV", row): null

2023-02-08 19:21:20 - [TEST_STEP][PASSED] - resFormat = findTestData(dataFile).getValue("ResFormat", row): null

2023-02-08 19:21:20 - [TEST_STEP][PASSED] - fName = findTestData(dataFile).getValue("Fname", row): null

2023-02-08 19:21:20 - [TEST_STEP][PASSED] - lName = findTestData(dataFile).getValue("Lname", row): null

2023-02-08 19:21:20 - [TEST_STEP][PASSED] - al1 = findTestData(dataFile).getValue("AL1", row): null

2023-02-08 19:21:20 - [TEST_STEP][PASSED] - city = findTestData(dataFile).getValue("City", row): null

2023-02-08 19:21:20 - [TEST_STEP][PASSED] - state = findTestData(dataFile).getValue("State", row): null

2023-02-08 19:21:20 - [TEST_STEP][PASSED] - zip = findTestData(dataFile).getValue("ZIP", row): null

2023-02-08 19:21:20 - [TEST_STEP][PASSED] - checkType = findTestData(dataFile).getValue("CheckType", row): null

2023-02-08 19:21:21 - [TEST_STEP][PASSED] - acNumber = findTestData(dataFile).getValue("AcNumber", row): null

2023-02-08 19:21:21 - [TEST_STEP][PASSED] - company = findTestData(dataFile).getValue("Company", row): null

2023-02-08 19:21:21 - [TEST_STEP][PASSED] - acType = findTestData(dataFile).getValue("AcType", row): null

2023-02-08 19:21:21 - [TEST_STEP][PASSED] - rtn = findTestData(dataFile).getValue("RTN", row): null

2023-02-08 19:21:21 - [TEST_STEP][PASSED] - amount = findTestData(dataFile).getValue("Amount", row): null

2023-02-08 19:21:21 - [TEST_STEP][PASSED] - sec = findTestData(dataFile).getValue("SEC", row): null

2023-02-08 19:21:21 - [TEST_STEP][PASSED] - openBrowser(VLinkURL + "debit.html"): Browser is opened with url: 'https://dev-algorithm.govolution.com/vlinktest/QA/version_2_0/debit.html'

2023-02-08 19:21:21 - [MESSAGE][WARNING] - A browser is already opened. Closing browser and opening a new one

2023-02-08 19:21:22 - [MESSAGE][INFO] - Starting 'Chrome' driver

2023-02-08 19:21:22 - [MESSAGE][INFO] - User set preference: ['acceptInsecureCerts', 'true']

2023-02-08 19:21:22 - [MESSAGE][INFO] - Action delay is set to 0 milliseconds

2023-02-08 19:21:24 - [MESSAGE][PASSED] - Browser is opened with url: 'https://dev-algorithm.govolution.com/vlinktest/QA/version_2_0/debit.html'

2023-02-08 19:21:24 - [TEST_STEP][PASSED] - maximizeWindow(): Current window maximized

2023-02-08 19:21:24 - [MESSAGE][PASSED] - Current window maximized

2023-02-08 19:21:24 - [TEST_STEP][PASSED] - setText(findTestObject("Object Repository/RecAndPlayBk/Page-Vlink-Debit/input_Transaction Type"), tranType): Text '200' is set on object 'Object Repository/RecAndPlayBk/Page-Vlink-Debit/input_Transaction Type'

2023-02-08 19:21:24 - [MESSAGE][PASSED] - Text '200' is set on object 'Object Repository/RecAndPlayBk/Page-Vlink-Debit/input_Transaction Type'

2023-02-08 19:21:24 - [TEST_STEP][PASSED] - setText(findTestObject("Object Repository/RecAndPlayBk/Page-Vlink-Debit/input_Message Version"), mv): Text '2.0A' is set on object 'Object Repository/RecAndPlayBk/Page-Vlink-Debit/input_Message Version'

2023-02-08 19:21:25 - [MESSAGE][PASSED] - Text '2.0A' is set on object 'Object Repository/RecAndPlayBk/Page-Vlink-Debit/input_Message Version'

2023-02-08 19:21:25 - [TEST_STEP][PASSED] - genRemID = RandomStringUtils.random(12, true, true): null

2023-02-08 19:21:25 - [TEST_STEP][PASSED] - setText(findTestObject("RecAndPlayBk/Page-Vlink-Debit/input_Remittance Id"), genRemID): Text 'ZfmODFHzOQI6' is set on object 'Object Repository/RecAndPlayBk/Page-Vlink-Debit/input_Remittance Id'

2023-02-08 19:21:26 - [MESSAGE][PASSED] - Text 'ZfmODFHzOQI6' is set on object 'Object Repository/RecAndPlayBk/Page-Vlink-Debit/input_Remittance Id'

2023-02-08 19:21:26 - [TEST_STEP][PASSED] - setText(findTestObject("RecAndPlayBk/Page-Vlink-Debit/input_Application Id"), appID): Text '234' is set on object 'Object Repository/RecAndPlayBk/Page-Vlink-Debit/input_Application Id'

2023-02-08 19:21:26 - [MESSAGE][PASSED] - Text '234' is set on object 'Object Repository/RecAndPlayBk/Page-Vlink-Debit/input_Application Id'

2023-02-08 19:21:26 - [TEST_STEP][PASSED] - setText(findTestObject("RecAndPlayBk/Page-Vlink-Debit/input_Username"), username): Text 'username' is set on object 'Object Repository/RecAndPlayBk/Page-Vlink-Debit/input_Username'

2023-02-08 19:21:27 - [MESSAGE][PASSED] - Text 'username' is set on object 'Object Repository/RecAndPlayBk/Page-Vlink-Debit/input_Username'

2023-02-08 19:21:27 - [TEST_STEP][PASSED] - setText(findTestObject("RecAndPlayBk/Page-Vlink-Debit/input_Password"), password): Text 'password' is set on object 'Object Repository/RecAndPlayBk/Page-Vlink-Debit/input_Password'

2023-02-08 19:21:28 - [MESSAGE][PASSED] - Text 'password' is set on object 'Object Repository/RecAndPlayBk/Page-Vlink-Debit/input_Password'

2023-02-08 19:21:28 - [TEST_STEP][PASSED] - setText(findTestObject("Object Repository/RecAndPlayBk/Page-Vlink-Debit/input_Response Format"), resFormat): Text 'fixed_width' is set on object 'Object Repository/RecAndPlayBk/Page-Vlink-Debit/input_Response Format'

2023-02-08 19:21:28 - [MESSAGE][PASSED] - Text 'fixed_width' is set on object 'Object Repository/RecAndPlayBk/Page-Vlink-Debit/input_Response Format'

2023-02-08 19:21:28 - [TEST_STEP][PASSED] - setText(findTestObject("RecAndPlayBk/Page-Vlink-Debit/input_Check Type"), checkType): Text 'P' is set on object 'Object Repository/RecAndPlayBk/Page-Vlink-Debit/input_Check Type'

2023-02-08 19:21:29 - [MESSAGE][PASSED] - Text 'P' is set on object 'Object Repository/RecAndPlayBk/Page-Vlink-Debit/input_Check Type'

2023-02-08 19:21:29 - [TEST_STEP][PASSED] - setText(findTestObject("Object Repository/RecAndPlayBk/Page-Vlink-Debit/input_First Name"), fName): Text '' is set on object 'Object Repository/RecAndPlayBk/Page-Vlink-Debit/input_First Name'

2023-02-08 19:21:29 - [MESSAGE][PASSED] - Text '' is set on object 'Object Repository/RecAndPlayBk/Page-Vlink-Debit/input_First Name'

2023-02-08 19:21:29 - [TEST_STEP][PASSED] - setText(findTestObject("Object Repository/RecAndPlayBk/Page-Vlink-Debit/input_Last Name"), lName): Text 'Roberts' is set on object 'Object Repository/RecAndPlayBk/Page-Vlink-Debit/input_Last Name'

2023-02-08 19:21:30 - [MESSAGE][PASSED] - Text 'Roberts' is set on object 'Object Repository/RecAndPlayBk/Page-Vlink-Debit/input_Last Name'

2023-02-08 19:21:30 - [TEST_STEP][PASSED] - setText(findTestObject("Object Repository/RecAndPlayBk/Page-Vlink-Debit/input_Address"), al1): Text '145 Main Street' is set on object 'Object Repository/RecAndPlayBk/Page-Vlink-Debit/input_Address'

2023-02-08 19:21:31 - [MESSAGE][PASSED] - Text '145 Main Street' is set on object 'Object Repository/RecAndPlayBk/Page-Vlink-Debit/input_Address'

2023-02-08 19:21:31 - [TEST_STEP][PASSED] - setText(findTestObject("Object Repository/RecAndPlayBk/Page-Vlink-Debit/input_City"), city): Text 'Arlington' is set on object 'Object Repository/RecAndPlayBk/Page-Vlink-Debit/input_City'

2023-02-08 19:21:31 - [MESSAGE][PASSED] - Text 'Arlington' is set on object 'Object Repository/RecAndPlayBk/Page-Vlink-Debit/input_City'

2023-02-08 19:21:31 - [TEST_STEP][PASSED] - setText(findTestObject("Object Repository/RecAndPlayBk/Page-Vlink-Debit/input_State"), state): Text 'VA' is set on object 'Object Repository/RecAndPlayBk/Page-Vlink-Debit/input_State'

2023-02-08 19:21:32 - [MESSAGE][PASSED] - Text 'VA' is set on object 'Object Repository/RecAndPlayBk/Page-Vlink-Debit/input_State'

2023-02-08 19:21:32 - [TEST_STEP][PASSED] - setText(findTestObject("Object Repository/RecAndPlayBk/Page-Vlink-Debit/input_Zip"), zip): Text '22201' is set on object 'Object Repository/RecAndPlayBk/Page-Vlink-Debit/input_Zip'

2023-02-08 19:21:33 - [MESSAGE][PASSED] - Text '22201' is set on object 'Object Repository/RecAndPlayBk/Page-Vlink-Debit/input_Zip'

2023-02-08 19:21:33 - [TEST_STEP][PASSED] - setText(findTestObject("RecAndPlayBk/Page-Vlink-Debit/input_Account_check"), acNumber): Text '58963214' is set on object 'Object Repository/RecAndPlayBk/Page-Vlink-Debit/input_Account_check'

2023-02-08 19:21:33 - [MESSAGE][PASSED] - Text '58963214' is set on object 'Object Repository/RecAndPlayBk/Page-Vlink-Debit/input_Account_check'

2023-02-08 19:21:33 - [TEST_STEP][PASSED] - setText(findTestObject("RecAndPlayBk/Page-Vlink-Debit/input_Company_check"), company): Text '' is set on object 'Object Repository/RecAndPlayBk/Page-Vlink-Debit/input_Company_check'

2023-02-08 19:21:34 - [MESSAGE][PASSED] - Text '' is set on object 'Object Repository/RecAndPlayBk/Page-Vlink-Debit/input_Company_check'

2023-02-08 19:21:34 - [TEST_STEP][PASSED] - setText(findTestObject("RecAndPlayBk/Page-Vlink-Debit/input_Account Type"), acType): Text '1' is set on object 'Object Repository/RecAndPlayBk/Page-Vlink-Debit/input_Account Type'

2023-02-08 19:21:34 - [MESSAGE][PASSED] - Text '1' is set on object 'Object Repository/RecAndPlayBk/Page-Vlink-Debit/input_Account Type'

2023-02-08 19:21:34 - [TEST_STEP][PASSED] - setText(findTestObject("RecAndPlayBk/Page-Vlink-Debit/input_Routing Number"), rtn): Text '256072691' is set on object 'Object Repository/RecAndPlayBk/Page-Vlink-Debit/input_Routing Number'

2023-02-08 19:21:35 - [MESSAGE][PASSED] - Text '256072691' is set on object 'Object Repository/RecAndPlayBk/Page-Vlink-Debit/input_Routing Number'

2023-02-08 19:21:35 - [TEST_STEP][PASSED] - setText(findTestObject("RecAndPlayBk/Page-Vlink-Debit/input_Amount"), amount): Text '12.50' is set on object 'Object Repository/RecAndPlayBk/Page-Vlink-Debit/input_Amount'

2023-02-08 19:21:36 - [MESSAGE][PASSED] - Text '12.50' is set on object 'Object Repository/RecAndPlayBk/Page-Vlink-Debit/input_Amount'

2023-02-08 19:21:36 - [TEST_STEP][PASSED] - setText(findTestObject("RecAndPlayBk/Page-Vlink-Debit/input_Check Email"), ""): Text '' is set on object 'Object Repository/RecAndPlayBk/Page-Vlink-Debit/input_Check Email'

2023-02-08 19:21:36 - [MESSAGE][PASSED] - Text '' is set on object 'Object Repository/RecAndPlayBk/Page-Vlink-Debit/input_Check Email'

2023-02-08 19:21:36 - [TEST_STEP][PASSED] - setText(findTestObject("Object Repository/RecAndPlayBk/Page-Vlink-Debit/input_concat(CheckWriter, , s SSN)_check_ssn"), ""): Text '' is set on object 'Object Repository/RecAndPlayBk/Page-Vlink-Debit/input_concat(CheckWriter, , s SSN)_check_ssn'

2023-02-08 19:21:37 - [MESSAGE][PASSED] - Text '' is set on object 'Object Repository/RecAndPlayBk/Page-Vlink-Debit/input_concat(CheckWriter, , s SSN)_check_ssn'

2023-02-08 19:21:37 - [TEST_STEP][PASSED] - setText(findTestObject("Object Repository/RecAndPlayBk/Page-Vlink-Debit/input_concat(CheckWriter, , s License Numbe_020fef"), ""): Text '' is set on object 'Object Repository/RecAndPlayBk/Page-Vlink-Debit/input_concat(CheckWriter, , s License Numbe_020fef'

2023-02-08 19:21:38 - [MESSAGE][PASSED] - Text '' is set on object 'Object Repository/RecAndPlayBk/Page-Vlink-Debit/input_concat(CheckWriter, , s License Numbe_020fef'

2023-02-08 19:21:38 - [TEST_STEP][PASSED] - setText(findTestObject("Object Repository/RecAndPlayBk/Page-Vlink-Debit/input_concat(CheckWriter, , s License State_21e3e7"), ""): Text '' is set on object 'Object Repository/RecAndPlayBk/Page-Vlink-Debit/input_concat(CheckWriter, , s License State_21e3e7'

2023-02-08 19:21:38 - [MESSAGE][PASSED] - Text '' is set on object 'Object Repository/RecAndPlayBk/Page-Vlink-Debit/input_concat(CheckWriter, , s License State_21e3e7'

2023-02-08 19:21:38 - [TEST_STEP][PASSED] - setText(findTestObject("RecAndPlayBk/Page-Vlink-Debit/input_Standard Entry Class"), sec): Text 'WEB' is set on object 'Object Repository/RecAndPlayBk/Page-Vlink-Debit/input_Standard Entry Class'

2023-02-08 19:21:39 - [MESSAGE][PASSED] - Text 'WEB' is set on object 'Object Repository/RecAndPlayBk/Page-Vlink-Debit/input_Standard Entry Class'

2023-02-08 19:21:39 - [TEST_STEP][PASSED] - click(findTestObject("Object Repository/RecAndPlayBk/Page-Vlink-Debit/input")): Object: 'Object Repository/RecAndPlayBk/Page-Vlink-Debit/input' is clicked on

2023-02-08 19:21:40 - [MESSAGE][PASSED] - Object: 'Object Repository/RecAndPlayBk/Page-Vlink-Debit/input' is clicked on

2023-02-08 19:21:40 - [TEST_STEP][PASSED] - if (verifyTextPresent(errorMsg, true)): null

2023-02-08 19:21:40 - [MESSAGE][PASSED] - Text 'check_first_name' is present on page  using regular expression

2023-02-08 19:21:40 - [TEST_STEP][PASSED] - println("Error Message is present on the Confirmation page"): null

2023-02-08 19:21:40 - [TEST_STEP][PASSED] - out.println("Pass Record Number: " + row): null

2023-02-08 19:21:40 - [TEST_STEP][PASSED] - resText = "Pass": null

2023-02-08 19:21:40 - [TEST_STEP][PASSED] - pages.WriteExcel.demoKey(resText, datText, resColumn, datCloumn, fileLoc, nameSheet, row): pages.WriteExcel.demoKey is PASSED

2023-02-08 19:21:40 - [MESSAGE][PASSED] - pages.WriteExcel.demoKey is PASSED

2023-02-08 19:21:40 - [TEST_STEP][PASSED] - ExecuteTC = findTestData(dataFile).getValue("Execute", row): null

2023-02-08 19:21:40 - [TEST_STEP][PASSED] - out.println("Value of Execute is : " + ExecuteTC): null

2023-02-08 19:21:40 - [TEST_STEP][PASSED] - if (ExecuteTC.equalsIgnoreCase("Y")): null

2023-02-08 19:21:40 - [TEST_STEP][PASSED] - out.println("Begin Record Number: " + row): null

2023-02-08 19:21:40 - [TEST_STEP][PASSED] - today = new java.util.Date(): null

2023-02-08 19:21:40 - [TEST_STEP][PASSED] - println(today): null

2023-02-08 19:21:40 - [TEST_STEP][PASSED] - datText = today: null

2023-02-08 19:21:40 - [TEST_STEP][PASSED] - appID = findTestData(dataFile).getValue("AppID", row): null

2023-02-08 19:21:40 - [TEST_STEP][PASSED] - username = findTestData(dataFile).getValue("Username", row): null

2023-02-08 19:21:40 - [TEST_STEP][PASSED] - password = findTestData(dataFile).getValue("Password", row): null

2023-02-08 19:21:40 - [TEST_STEP][PASSED] - errorMsg = findTestData(dataFile).getValue("ErrorMsg", row): null

2023-02-08 19:21:40 - [TEST_STEP][PASSED] - tranType = findTestData(dataFile).getValue("TranType", row): null

2023-02-08 19:21:40 - [TEST_STEP][PASSED] - mv = findTestData(dataFile).getValue("MV", row): null

2023-02-08 19:21:41 - [TEST_STEP][PASSED] - resFormat = findTestData(dataFile).getValue("ResFormat", row): null

2023-02-08 19:21:41 - [TEST_STEP][PASSED] - fName = findTestData(dataFile).getValue("Fname", row): null

2023-02-08 19:21:41 - [TEST_STEP][PASSED] - lName = findTestData(dataFile).getValue("Lname", row): null

2023-02-08 19:21:41 - [TEST_STEP][PASSED] - al1 = findTestData(dataFile).getValue("AL1", row): null

2023-02-08 19:21:41 - [TEST_STEP][PASSED] - city = findTestData(dataFile).getValue("City", row): null

2023-02-08 19:21:41 - [TEST_STEP][PASSED] - state = findTestData(dataFile).getValue("State", row): null

2023-02-08 19:21:41 - [TEST_STEP][PASSED] - zip = findTestData(dataFile).getValue("ZIP", row): null

2023-02-08 19:21:41 - [TEST_STEP][PASSED] - checkType = findTestData(dataFile).getValue("CheckType", row): null

2023-02-08 19:21:41 - [TEST_STEP][PASSED] - acNumber = findTestData(dataFile).getValue("AcNumber", row): null

2023-02-08 19:21:41 - [TEST_STEP][PASSED] - company = findTestData(dataFile).getValue("Company", row): null

2023-02-08 19:21:41 - [TEST_STEP][PASSED] - acType = findTestData(dataFile).getValue("AcType", row): null

2023-02-08 19:21:41 - [TEST_STEP][PASSED] - rtn = findTestData(dataFile).getValue("RTN", row): null

2023-02-08 19:21:41 - [TEST_STEP][PASSED] - amount = findTestData(dataFile).getValue("Amount", row): null

2023-02-08 19:21:41 - [TEST_STEP][PASSED] - sec = findTestData(dataFile).getValue("SEC", row): null

2023-02-08 19:21:41 - [TEST_STEP][PASSED] - openBrowser(VLinkURL + "debit.html"): Browser is opened with url: 'https://dev-algorithm.govolution.com/vlinktest/QA/version_2_0/debit.html'

2023-02-08 19:21:41 - [MESSAGE][WARNING] - A browser is already opened. Closing browser and opening a new one

2023-02-08 19:21:42 - [MESSAGE][INFO] - Starting 'Chrome' driver

2023-02-08 19:21:42 - [MESSAGE][INFO] - User set preference: ['acceptInsecureCerts', 'true']

2023-02-08 19:21:42 - [MESSAGE][INFO] - Action delay is set to 0 milliseconds

2023-02-08 19:21:44 - [MESSAGE][PASSED] - Browser is opened with url: 'https://dev-algorithm.govolution.com/vlinktest/QA/version_2_0/debit.html'

2023-02-08 19:21:44 - [TEST_STEP][PASSED] - maximizeWindow(): Current window maximized

2023-02-08 19:21:44 - [MESSAGE][PASSED] - Current window maximized

2023-02-08 19:21:44 - [TEST_STEP][PASSED] - setText(findTestObject("Object Repository/RecAndPlayBk/Page-Vlink-Debit/input_Transaction Type"), tranType): Text '200' is set on object 'Object Repository/RecAndPlayBk/Page-Vlink-Debit/input_Transaction Type'

2023-02-08 19:21:45 - [MESSAGE][PASSED] - Text '200' is set on object 'Object Repository/RecAndPlayBk/Page-Vlink-Debit/input_Transaction Type'

2023-02-08 19:21:45 - [TEST_STEP][PASSED] - setText(findTestObject("Object Repository/RecAndPlayBk/Page-Vlink-Debit/input_Message Version"), mv): Text '2.0A' is set on object 'Object Repository/RecAndPlayBk/Page-Vlink-Debit/input_Message Version'

2023-02-08 19:21:46 - [MESSAGE][PASSED] - Text '2.0A' is set on object 'Object Repository/RecAndPlayBk/Page-Vlink-Debit/input_Message Version'

2023-02-08 19:21:46 - [TEST_STEP][PASSED] - genRemID = RandomStringUtils.random(12, true, true): null

2023-02-08 19:21:46 - [TEST_STEP][PASSED] - setText(findTestObject("RecAndPlayBk/Page-Vlink-Debit/input_Remittance Id"), genRemID): Text 'Ecq3cOMYfuso' is set on object 'Object Repository/RecAndPlayBk/Page-Vlink-Debit/input_Remittance Id'

2023-02-08 19:21:46 - [MESSAGE][PASSED] - Text 'Ecq3cOMYfuso' is set on object 'Object Repository/RecAndPlayBk/Page-Vlink-Debit/input_Remittance Id'

2023-02-08 19:21:46 - [TEST_STEP][PASSED] - setText(findTestObject("RecAndPlayBk/Page-Vlink-Debit/input_Application Id"), appID): Text '234' is set on object 'Object Repository/RecAndPlayBk/Page-Vlink-Debit/input_Application Id'

2023-02-08 19:21:47 - [MESSAGE][PASSED] - Text '234' is set on object 'Object Repository/RecAndPlayBk/Page-Vlink-Debit/input_Application Id'

2023-02-08 19:21:47 - [TEST_STEP][PASSED] - setText(findTestObject("RecAndPlayBk/Page-Vlink-Debit/input_Username"), username): Text 'username' is set on object 'Object Repository/RecAndPlayBk/Page-Vlink-Debit/input_Username'

2023-02-08 19:21:47 - [MESSAGE][PASSED] - Text 'username' is set on object 'Object Repository/RecAndPlayBk/Page-Vlink-Debit/input_Username'

2023-02-08 19:21:47 - [TEST_STEP][PASSED] - setText(findTestObject("RecAndPlayBk/Page-Vlink-Debit/input_Password"), password): Text 'password' is set on object 'Object Repository/RecAndPlayBk/Page-Vlink-Debit/input_Password'

2023-02-08 19:21:48 - [MESSAGE][PASSED] - Text 'password' is set on object 'Object Repository/RecAndPlayBk/Page-Vlink-Debit/input_Password'

2023-02-08 19:21:48 - [TEST_STEP][PASSED] - setText(findTestObject("Object Repository/RecAndPlayBk/Page-Vlink-Debit/input_Response Format"), resFormat): Text 'fixed_width' is set on object 'Object Repository/RecAndPlayBk/Page-Vlink-Debit/input_Response Format'

2023-02-08 19:21:49 - [MESSAGE][PASSED] - Text 'fixed_width' is set on object 'Object Repository/RecAndPlayBk/Page-Vlink-Debit/input_Response Format'

2023-02-08 19:21:49 - [TEST_STEP][PASSED] - setText(findTestObject("RecAndPlayBk/Page-Vlink-Debit/input_Check Type"), checkType): Text 'P' is set on object 'Object Repository/RecAndPlayBk/Page-Vlink-Debit/input_Check Type'

2023-02-08 19:21:49 - [MESSAGE][PASSED] - Text 'P' is set on object 'Object Repository/RecAndPlayBk/Page-Vlink-Debit/input_Check Type'

2023-02-08 19:21:49 - [TEST_STEP][PASSED] - setText(findTestObject("Object Repository/RecAndPlayBk/Page-Vlink-Debit/input_First Name"), fName): Text 'Andy' is set on object 'Object Repository/RecAndPlayBk/Page-Vlink-Debit/input_First Name'

2023-02-08 19:21:50 - [MESSAGE][PASSED] - Text 'Andy' is set on object 'Object Repository/RecAndPlayBk/Page-Vlink-Debit/input_First Name'

2023-02-08 19:21:50 - [TEST_STEP][PASSED] - setText(findTestObject("Object Repository/RecAndPlayBk/Page-Vlink-Debit/input_Last Name"), lName): Text '' is set on object 'Object Repository/RecAndPlayBk/Page-Vlink-Debit/input_Last Name'

2023-02-08 19:21:51 - [MESSAGE][PASSED] - Text '' is set on object 'Object Repository/RecAndPlayBk/Page-Vlink-Debit/input_Last Name'

2023-02-08 19:21:51 - [TEST_STEP][PASSED] - setText(findTestObject("Object Repository/RecAndPlayBk/Page-Vlink-Debit/input_Address"), al1): Text '145 Main Street' is set on object 'Object Repository/RecAndPlayBk/Page-Vlink-Debit/input_Address'

2023-02-08 19:21:51 - [MESSAGE][PASSED] - Text '145 Main Street' is set on object 'Object Repository/RecAndPlayBk/Page-Vlink-Debit/input_Address'

2023-02-08 19:21:51 - [TEST_STEP][PASSED] - setText(findTestObject("Object Repository/RecAndPlayBk/Page-Vlink-Debit/input_City"), city): Text 'Arlington' is set on object 'Object Repository/RecAndPlayBk/Page-Vlink-Debit/input_City'

2023-02-08 19:21:52 - [MESSAGE][PASSED] - Text 'Arlington' is set on object 'Object Repository/RecAndPlayBk/Page-Vlink-Debit/input_City'

2023-02-08 19:21:52 - [TEST_STEP][PASSED] - setText(findTestObject("Object Repository/RecAndPlayBk/Page-Vlink-Debit/input_State"), state): Text 'VA' is set on object 'Object Repository/RecAndPlayBk/Page-Vlink-Debit/input_State'

2023-02-08 19:21:52 - [MESSAGE][PASSED] - Text 'VA' is set on object 'Object Repository/RecAndPlayBk/Page-Vlink-Debit/input_State'

2023-02-08 19:21:52 - [TEST_STEP][PASSED] - setText(findTestObject("Object Repository/RecAndPlayBk/Page-Vlink-Debit/input_Zip"), zip): Text '22201' is set on object 'Object Repository/RecAndPlayBk/Page-Vlink-Debit/input_Zip'

2023-02-08 19:21:53 - [MESSAGE][PASSED] - Text '22201' is set on object 'Object Repository/RecAndPlayBk/Page-Vlink-Debit/input_Zip'

2023-02-08 19:21:53 - [TEST_STEP][PASSED] - setText(findTestObject("RecAndPlayBk/Page-Vlink-Debit/input_Account_check"), acNumber): Text '58963214' is set on object 'Object Repository/RecAndPlayBk/Page-Vlink-Debit/input_Account_check'

2023-02-08 19:21:54 - [MESSAGE][PASSED] - Text '58963214' is set on object 'Object Repository/RecAndPlayBk/Page-Vlink-Debit/input_Account_check'

2023-02-08 19:21:54 - [TEST_STEP][PASSED] - setText(findTestObject("RecAndPlayBk/Page-Vlink-Debit/input_Company_check"), company): Text '' is set on object 'Object Repository/RecAndPlayBk/Page-Vlink-Debit/input_Company_check'

2023-02-08 19:21:54 - [MESSAGE][PASSED] - Text '' is set on object 'Object Repository/RecAndPlayBk/Page-Vlink-Debit/input_Company_check'

2023-02-08 19:21:54 - [TEST_STEP][PASSED] - setText(findTestObject("RecAndPlayBk/Page-Vlink-Debit/input_Account Type"), acType): Text '1' is set on object 'Object Repository/RecAndPlayBk/Page-Vlink-Debit/input_Account Type'

2023-02-08 19:21:55 - [MESSAGE][PASSED] - Text '1' is set on object 'Object Repository/RecAndPlayBk/Page-Vlink-Debit/input_Account Type'

2023-02-08 19:21:55 - [TEST_STEP][PASSED] - setText(findTestObject("RecAndPlayBk/Page-Vlink-Debit/input_Routing Number"), rtn): Text '256072691' is set on object 'Object Repository/RecAndPlayBk/Page-Vlink-Debit/input_Routing Number'

2023-02-08 19:21:56 - [MESSAGE][PASSED] - Text '256072691' is set on object 'Object Repository/RecAndPlayBk/Page-Vlink-Debit/input_Routing Number'

2023-02-08 19:21:56 - [TEST_STEP][PASSED] - setText(findTestObject("RecAndPlayBk/Page-Vlink-Debit/input_Amount"), amount): Text '12.50' is set on object 'Object Repository/RecAndPlayBk/Page-Vlink-Debit/input_Amount'

2023-02-08 19:21:56 - [MESSAGE][PASSED] - Text '12.50' is set on object 'Object Repository/RecAndPlayBk/Page-Vlink-Debit/input_Amount'

2023-02-08 19:21:56 - [TEST_STEP][PASSED] - setText(findTestObject("RecAndPlayBk/Page-Vlink-Debit/input_Check Email"), ""): Text '' is set on object 'Object Repository/RecAndPlayBk/Page-Vlink-Debit/input_Check Email'

2023-02-08 19:21:57 - [MESSAGE][PASSED] - Text '' is set on object 'Object Repository/RecAndPlayBk/Page-Vlink-Debit/input_Check Email'

2023-02-08 19:21:57 - [TEST_STEP][PASSED] - setText(findTestObject("Object Repository/RecAndPlayBk/Page-Vlink-Debit/input_concat(CheckWriter, , s SSN)_check_ssn"), ""): Text '' is set on object 'Object Repository/RecAndPlayBk/Page-Vlink-Debit/input_concat(CheckWriter, , s SSN)_check_ssn'

2023-02-08 19:21:58 - [MESSAGE][PASSED] - Text '' is set on object 'Object Repository/RecAndPlayBk/Page-Vlink-Debit/input_concat(CheckWriter, , s SSN)_check_ssn'

2023-02-08 19:21:58 - [TEST_STEP][PASSED] - setText(findTestObject("Object Repository/RecAndPlayBk/Page-Vlink-Debit/input_concat(CheckWriter, , s License Numbe_020fef"), ""): Text '' is set on object 'Object Repository/RecAndPlayBk/Page-Vlink-Debit/input_concat(CheckWriter, , s License Numbe_020fef'

2023-02-08 19:21:58 - [MESSAGE][PASSED] - Text '' is set on object 'Object Repository/RecAndPlayBk/Page-Vlink-Debit/input_concat(CheckWriter, , s License Numbe_020fef'

2023-02-08 19:21:58 - [TEST_STEP][PASSED] - setText(findTestObject("Object Repository/RecAndPlayBk/Page-Vlink-Debit/input_concat(CheckWriter, , s License State_21e3e7"), ""): Text '' is set on object 'Object Repository/RecAndPlayBk/Page-Vlink-Debit/input_concat(CheckWriter, , s License State_21e3e7'

2023-02-08 19:21:59 - [MESSAGE][PASSED] - Text '' is set on object 'Object Repository/RecAndPlayBk/Page-Vlink-Debit/input_concat(CheckWriter, , s License State_21e3e7'

2023-02-08 19:21:59 - [TEST_STEP][PASSED] - setText(findTestObject("RecAndPlayBk/Page-Vlink-Debit/input_Standard Entry Class"), sec): Text 'WEB' is set on object 'Object Repository/RecAndPlayBk/Page-Vlink-Debit/input_Standard Entry Class'

2023-02-08 19:22:00 - [MESSAGE][PASSED] - Text 'WEB' is set on object 'Object Repository/RecAndPlayBk/Page-Vlink-Debit/input_Standard Entry Class'

2023-02-08 19:22:00 - [TEST_STEP][PASSED] - click(findTestObject("Object Repository/RecAndPlayBk/Page-Vlink-Debit/input")): Object: 'Object Repository/RecAndPlayBk/Page-Vlink-Debit/input' is clicked on

2023-02-08 19:22:00 - [MESSAGE][PASSED] - Object: 'Object Repository/RecAndPlayBk/Page-Vlink-Debit/input' is clicked on

2023-02-08 19:22:00 - [TEST_STEP][PASSED] - if (verifyTextPresent(errorMsg, true)): null

2023-02-08 19:22:00 - [MESSAGE][PASSED] - Text 'check_last_name' is present on page  using regular expression

2023-02-08 19:22:00 - [TEST_STEP][PASSED] - println("Error Message is present on the Confirmation page"): null

2023-02-08 19:22:00 - [TEST_STEP][PASSED] - out.println("Pass Record Number: " + row): null

2023-02-08 19:22:00 - [TEST_STEP][PASSED] - resText = "Pass": null

2023-02-08 19:22:00 - [TEST_STEP][PASSED] - pages.WriteExcel.demoKey(resText, datText, resColumn, datCloumn, fileLoc, nameSheet, row): pages.WriteExcel.demoKey is PASSED

2023-02-08 19:22:01 - [MESSAGE][PASSED] - pages.WriteExcel.demoKey is PASSED

2023-02-08 19:22:01 - [TEST_STEP][PASSED] - ExecuteTC = findTestData(dataFile).getValue("Execute", row): null

2023-02-08 19:22:01 - [TEST_STEP][PASSED] - out.println("Value of Execute is : " + ExecuteTC): null

2023-02-08 19:22:01 - [TEST_STEP][PASSED] - if (ExecuteTC.equalsIgnoreCase("Y")): null

2023-02-08 19:22:01 - [TEST_STEP][PASSED] - out.println("Begin Record Number: " + row): null

2023-02-08 19:22:01 - [TEST_STEP][PASSED] - today = new java.util.Date(): null

2023-02-08 19:22:01 - [TEST_STEP][PASSED] - println(today): null

2023-02-08 19:22:01 - [TEST_STEP][PASSED] - datText = today: null

2023-02-08 19:22:01 - [TEST_STEP][PASSED] - appID = findTestData(dataFile).getValue("AppID", row): null

2023-02-08 19:22:01 - [TEST_STEP][PASSED] - username = findTestData(dataFile).getValue("Username", row): null

2023-02-08 19:22:01 - [TEST_STEP][PASSED] - password = findTestData(dataFile).getValue("Password", row): null

2023-02-08 19:22:01 - [TEST_STEP][PASSED] - errorMsg = findTestData(dataFile).getValue("ErrorMsg", row): null

2023-02-08 19:22:01 - [TEST_STEP][PASSED] - tranType = findTestData(dataFile).getValue("TranType", row): null

2023-02-08 19:22:01 - [TEST_STEP][PASSED] - mv = findTestData(dataFile).getValue("MV", row): null

2023-02-08 19:22:01 - [TEST_STEP][PASSED] - resFormat = findTestData(dataFile).getValue("ResFormat", row): null

2023-02-08 19:22:01 - [TEST_STEP][PASSED] - fName = findTestData(dataFile).getValue("Fname", row): null

2023-02-08 19:22:01 - [TEST_STEP][PASSED] - lName = findTestData(dataFile).getValue("Lname", row): null

2023-02-08 19:22:01 - [TEST_STEP][PASSED] - al1 = findTestData(dataFile).getValue("AL1", row): null

2023-02-08 19:22:01 - [TEST_STEP][PASSED] - city = findTestData(dataFile).getValue("City", row): null

2023-02-08 19:22:01 - [TEST_STEP][PASSED] - state = findTestData(dataFile).getValue("State", row): null

2023-02-08 19:22:01 - [TEST_STEP][PASSED] - zip = findTestData(dataFile).getValue("ZIP", row): null

2023-02-08 19:22:01 - [TEST_STEP][PASSED] - checkType = findTestData(dataFile).getValue("CheckType", row): null

2023-02-08 19:22:01 - [TEST_STEP][PASSED] - acNumber = findTestData(dataFile).getValue("AcNumber", row): null

2023-02-08 19:22:01 - [TEST_STEP][PASSED] - company = findTestData(dataFile).getValue("Company", row): null

2023-02-08 19:22:01 - [TEST_STEP][PASSED] - acType = findTestData(dataFile).getValue("AcType", row): null

2023-02-08 19:22:02 - [TEST_STEP][PASSED] - rtn = findTestData(dataFile).getValue("RTN", row): null

2023-02-08 19:22:02 - [TEST_STEP][PASSED] - amount = findTestData(dataFile).getValue("Amount", row): null

2023-02-08 19:22:02 - [TEST_STEP][PASSED] - sec = findTestData(dataFile).getValue("SEC", row): null

2023-02-08 19:22:02 - [TEST_STEP][PASSED] - openBrowser(VLinkURL + "debit.html"): Browser is opened with url: 'https://dev-algorithm.govolution.com/vlinktest/QA/version_2_0/debit.html'

2023-02-08 19:22:02 - [MESSAGE][WARNING] - A browser is already opened. Closing browser and opening a new one

2023-02-08 19:22:03 - [MESSAGE][INFO] - Starting 'Chrome' driver

2023-02-08 19:22:03 - [MESSAGE][INFO] - User set preference: ['acceptInsecureCerts', 'true']

2023-02-08 19:22:03 - [MESSAGE][INFO] - Action delay is set to 0 milliseconds

2023-02-08 19:22:04 - [MESSAGE][PASSED] - Browser is opened with url: 'https://dev-algorithm.govolution.com/vlinktest/QA/version_2_0/debit.html'

2023-02-08 19:22:04 - [TEST_STEP][PASSED] - maximizeWindow(): Current window maximized

2023-02-08 19:22:05 - [MESSAGE][PASSED] - Current window maximized

2023-02-08 19:22:05 - [TEST_STEP][PASSED] - setText(findTestObject("Object Repository/RecAndPlayBk/Page-Vlink-Debit/input_Transaction Type"), tranType): Text '200' is set on object 'Object Repository/RecAndPlayBk/Page-Vlink-Debit/input_Transaction Type'

2023-02-08 19:22:05 - [MESSAGE][PASSED] - Text '200' is set on object 'Object Repository/RecAndPlayBk/Page-Vlink-Debit/input_Transaction Type'

2023-02-08 19:22:05 - [TEST_STEP][PASSED] - setText(findTestObject("Object Repository/RecAndPlayBk/Page-Vlink-Debit/input_Message Version"), mv): Text '2.0A' is set on object 'Object Repository/RecAndPlayBk/Page-Vlink-Debit/input_Message Version'

2023-02-08 19:22:06 - [MESSAGE][PASSED] - Text '2.0A' is set on object 'Object Repository/RecAndPlayBk/Page-Vlink-Debit/input_Message Version'

2023-02-08 19:22:06 - [TEST_STEP][PASSED] - genRemID = RandomStringUtils.random(12, true, true): null

2023-02-08 19:22:06 - [TEST_STEP][PASSED] - setText(findTestObject("RecAndPlayBk/Page-Vlink-Debit/input_Remittance Id"), genRemID): Text 'LDePLW4o6fgG' is set on object 'Object Repository/RecAndPlayBk/Page-Vlink-Debit/input_Remittance Id'

2023-02-08 19:22:07 - [MESSAGE][PASSED] - Text 'LDePLW4o6fgG' is set on object 'Object Repository/RecAndPlayBk/Page-Vlink-Debit/input_Remittance Id'

2023-02-08 19:22:07 - [TEST_STEP][PASSED] - setText(findTestObject("RecAndPlayBk/Page-Vlink-Debit/input_Application Id"), appID): Text '234' is set on object 'Object Repository/RecAndPlayBk/Page-Vlink-Debit/input_Application Id'

2023-02-08 19:22:07 - [MESSAGE][PASSED] - Text '234' is set on object 'Object Repository/RecAndPlayBk/Page-Vlink-Debit/input_Application Id'

2023-02-08 19:22:07 - [TEST_STEP][PASSED] - setText(findTestObject("RecAndPlayBk/Page-Vlink-Debit/input_Username"), username): Text 'username' is set on object 'Object Repository/RecAndPlayBk/Page-Vlink-Debit/input_Username'

2023-02-08 19:22:08 - [MESSAGE][PASSED] - Text 'username' is set on object 'Object Repository/RecAndPlayBk/Page-Vlink-Debit/input_Username'

2023-02-08 19:22:08 - [TEST_STEP][PASSED] - setText(findTestObject("RecAndPlayBk/Page-Vlink-Debit/input_Password"), password): Text 'password' is set on object 'Object Repository/RecAndPlayBk/Page-Vlink-Debit/input_Password'

2023-02-08 19:22:09 - [MESSAGE][PASSED] - Text 'password' is set on object 'Object Repository/RecAndPlayBk/Page-Vlink-Debit/input_Password'

2023-02-08 19:22:09 - [TEST_STEP][PASSED] - setText(findTestObject("Object Repository/RecAndPlayBk/Page-Vlink-Debit/input_Response Format"), resFormat): Text 'fixed_width' is set on object 'Object Repository/RecAndPlayBk/Page-Vlink-Debit/input_Response Format'

2023-02-08 19:22:09 - [MESSAGE][PASSED] - Text 'fixed_width' is set on object 'Object Repository/RecAndPlayBk/Page-Vlink-Debit/input_Response Format'

2023-02-08 19:22:09 - [TEST_STEP][PASSED] - setText(findTestObject("RecAndPlayBk/Page-Vlink-Debit/input_Check Type"), checkType): Text 'P' is set on object 'Object Repository/RecAndPlayBk/Page-Vlink-Debit/input_Check Type'

2023-02-08 19:22:10 - [MESSAGE][PASSED] - Text 'P' is set on object 'Object Repository/RecAndPlayBk/Page-Vlink-Debit/input_Check Type'

2023-02-08 19:22:10 - [TEST_STEP][PASSED] - setText(findTestObject("Object Repository/RecAndPlayBk/Page-Vlink-Debit/input_First Name"), fName): Text 'Andy' is set on object 'Object Repository/RecAndPlayBk/Page-Vlink-Debit/input_First Name'

2023-02-08 19:22:10 - [MESSAGE][PASSED] - Text 'Andy' is set on object 'Object Repository/RecAndPlayBk/Page-Vlink-Debit/input_First Name'

2023-02-08 19:22:10 - [TEST_STEP][PASSED] - setText(findTestObject("Object Repository/RecAndPlayBk/Page-Vlink-Debit/input_Last Name"), lName): Text 'Roberts' is set on object 'Object Repository/RecAndPlayBk/Page-Vlink-Debit/input_Last Name'

2023-02-08 19:22:11 - [MESSAGE][PASSED] - Text 'Roberts' is set on object 'Object Repository/RecAndPlayBk/Page-Vlink-Debit/input_Last Name'

2023-02-08 19:22:11 - [TEST_STEP][PASSED] - setText(findTestObject("Object Repository/RecAndPlayBk/Page-Vlink-Debit/input_Address"), al1): Text '' is set on object 'Object Repository/RecAndPlayBk/Page-Vlink-Debit/input_Address'

2023-02-08 19:22:12 - [MESSAGE][PASSED] - Text '' is set on object 'Object Repository/RecAndPlayBk/Page-Vlink-Debit/input_Address'

2023-02-08 19:22:12 - [TEST_STEP][PASSED] - setText(findTestObject("Object Repository/RecAndPlayBk/Page-Vlink-Debit/input_City"), city): Text 'Arlington' is set on object 'Object Repository/RecAndPlayBk/Page-Vlink-Debit/input_City'

2023-02-08 19:22:12 - [MESSAGE][PASSED] - Text 'Arlington' is set on object 'Object Repository/RecAndPlayBk/Page-Vlink-Debit/input_City'

2023-02-08 19:22:12 - [TEST_STEP][PASSED] - setText(findTestObject("Object Repository/RecAndPlayBk/Page-Vlink-Debit/input_State"), state): Text 'VA' is set on object 'Object Repository/RecAndPlayBk/Page-Vlink-Debit/input_State'

2023-02-08 19:22:13 - [MESSAGE][PASSED] - Text 'VA' is set on object 'Object Repository/RecAndPlayBk/Page-Vlink-Debit/input_State'

2023-02-08 19:22:13 - [TEST_STEP][PASSED] - setText(findTestObject("Object Repository/RecAndPlayBk/Page-Vlink-Debit/input_Zip"), zip): Text '22201' is set on object 'Object Repository/RecAndPlayBk/Page-Vlink-Debit/input_Zip'

2023-02-08 19:22:14 - [MESSAGE][PASSED] - Text '22201' is set on object 'Object Repository/RecAndPlayBk/Page-Vlink-Debit/input_Zip'

2023-02-08 19:22:14 - [TEST_STEP][PASSED] - setText(findTestObject("RecAndPlayBk/Page-Vlink-Debit/input_Account_check"), acNumber): Text '58963214' is set on object 'Object Repository/RecAndPlayBk/Page-Vlink-Debit/input_Account_check'

2023-02-08 19:22:14 - [MESSAGE][PASSED] - Text '58963214' is set on object 'Object Repository/RecAndPlayBk/Page-Vlink-Debit/input_Account_check'

2023-02-08 19:22:14 - [TEST_STEP][PASSED] - setText(findTestObject("RecAndPlayBk/Page-Vlink-Debit/input_Company_check"), company): Text '' is set on object 'Object Repository/RecAndPlayBk/Page-Vlink-Debit/input_Company_check'

2023-02-08 19:22:15 - [MESSAGE][PASSED] - Text '' is set on object 'Object Repository/RecAndPlayBk/Page-Vlink-Debit/input_Company_check'

2023-02-08 19:22:15 - [TEST_STEP][PASSED] - setText(findTestObject("RecAndPlayBk/Page-Vlink-Debit/input_Account Type"), acType): Text '1' is set on object 'Object Repository/RecAndPlayBk/Page-Vlink-Debit/input_Account Type'

2023-02-08 19:22:15 - [MESSAGE][PASSED] - Text '1' is set on object 'Object Repository/RecAndPlayBk/Page-Vlink-Debit/input_Account Type'

2023-02-08 19:22:15 - [TEST_STEP][PASSED] - setText(findTestObject("RecAndPlayBk/Page-Vlink-Debit/input_Routing Number"), rtn): Text '256072691' is set on object 'Object Repository/RecAndPlayBk/Page-Vlink-Debit/input_Routing Number'

2023-02-08 19:22:16 - [MESSAGE][PASSED] - Text '256072691' is set on object 'Object Repository/RecAndPlayBk/Page-Vlink-Debit/input_Routing Number'

2023-02-08 19:22:16 - [TEST_STEP][PASSED] - setText(findTestObject("RecAndPlayBk/Page-Vlink-Debit/input_Amount"), amount): Text '12.50' is set on object 'Object Repository/RecAndPlayBk/Page-Vlink-Debit/input_Amount'

2023-02-08 19:22:17 - [MESSAGE][PASSED] - Text '12.50' is set on object 'Object Repository/RecAndPlayBk/Page-Vlink-Debit/input_Amount'

2023-02-08 19:22:17 - [TEST_STEP][PASSED] - setText(findTestObject("RecAndPlayBk/Page-Vlink-Debit/input_Check Email"), ""): Text '' is set on object 'Object Repository/RecAndPlayBk/Page-Vlink-Debit/input_Check Email'

2023-02-08 19:22:17 - [MESSAGE][PASSED] - Text '' is set on object 'Object Repository/RecAndPlayBk/Page-Vlink-Debit/input_Check Email'

2023-02-08 19:22:17 - [TEST_STEP][PASSED] - setText(findTestObject("Object Repository/RecAndPlayBk/Page-Vlink-Debit/input_concat(CheckWriter, , s SSN)_check_ssn"), ""): Text '' is set on object 'Object Repository/RecAndPlayBk/Page-Vlink-Debit/input_concat(CheckWriter, , s SSN)_check_ssn'

2023-02-08 19:22:18 - [MESSAGE][PASSED] - Text '' is set on object 'Object Repository/RecAndPlayBk/Page-Vlink-Debit/input_concat(CheckWriter, , s SSN)_check_ssn'

2023-02-08 19:22:18 - [TEST_STEP][PASSED] - setText(findTestObject("Object Repository/RecAndPlayBk/Page-Vlink-Debit/input_concat(CheckWriter, , s License Numbe_020fef"), ""): Text '' is set on object 'Object Repository/RecAndPlayBk/Page-Vlink-Debit/input_concat(CheckWriter, , s License Numbe_020fef'

2023-02-08 19:22:19 - [MESSAGE][PASSED] - Text '' is set on object 'Object Repository/RecAndPlayBk/Page-Vlink-Debit/input_concat(CheckWriter, , s License Numbe_020fef'

2023-02-08 19:22:19 - [TEST_STEP][PASSED] - setText(findTestObject("Object Repository/RecAndPlayBk/Page-Vlink-Debit/input_concat(CheckWriter, , s License State_21e3e7"), ""): Text '' is set on object 'Object Repository/RecAndPlayBk/Page-Vlink-Debit/input_concat(CheckWriter, , s License State_21e3e7'

2023-02-08 19:22:19 - [MESSAGE][PASSED] - Text '' is set on object 'Object Repository/RecAndPlayBk/Page-Vlink-Debit/input_concat(CheckWriter, , s License State_21e3e7'

2023-02-08 19:22:19 - [TEST_STEP][PASSED] - setText(findTestObject("RecAndPlayBk/Page-Vlink-Debit/input_Standard Entry Class"), sec): Text 'WEB' is set on object 'Object Repository/RecAndPlayBk/Page-Vlink-Debit/input_Standard Entry Class'

2023-02-08 19:22:20 - [MESSAGE][PASSED] - Text 'WEB' is set on object 'Object Repository/RecAndPlayBk/Page-Vlink-Debit/input_Standard Entry Class'

2023-02-08 19:22:20 - [TEST_STEP][PASSED] - click(findTestObject("Object Repository/RecAndPlayBk/Page-Vlink-Debit/input")): Object: 'Object Repository/RecAndPlayBk/Page-Vlink-Debit/input' is clicked on

2023-02-08 19:22:21 - [MESSAGE][PASSED] - Object: 'Object Repository/RecAndPlayBk/Page-Vlink-Debit/input' is clicked on

2023-02-08 19:22:21 - [TEST_STEP][PASSED] - if (verifyTextPresent(errorMsg, true)): null

2023-02-08 19:22:21 - [MESSAGE][PASSED] - Text 'check_address' is present on page  using regular expression

2023-02-08 19:22:21 - [TEST_STEP][PASSED] - println("Error Message is present on the Confirmation page"): null

2023-02-08 19:22:21 - [TEST_STEP][PASSED] - out.println("Pass Record Number: " + row): null

2023-02-08 19:22:21 - [TEST_STEP][PASSED] - resText = "Pass": null

2023-02-08 19:22:21 - [TEST_STEP][PASSED] - pages.WriteExcel.demoKey(resText, datText, resColumn, datCloumn, fileLoc, nameSheet, row): pages.WriteExcel.demoKey is PASSED

2023-02-08 19:22:21 - [MESSAGE][PASSED] - pages.WriteExcel.demoKey is PASSED

2023-02-08 19:22:21 - [TEST_STEP][PASSED] - ExecuteTC = findTestData(dataFile).getValue("Execute", row): null

2023-02-08 19:22:21 - [TEST_STEP][PASSED] - out.println("Value of Execute is : " + ExecuteTC): null

2023-02-08 19:22:21 - [TEST_STEP][PASSED] - if (ExecuteTC.equalsIgnoreCase("Y")): null

2023-02-08 19:22:21 - [TEST_STEP][PASSED] - out.println("Begin Record Number: " + row): null

2023-02-08 19:22:21 - [TEST_STEP][PASSED] - today = new java.util.Date(): null

2023-02-08 19:22:21 - [TEST_STEP][PASSED] - println(today): null

2023-02-08 19:22:21 - [TEST_STEP][PASSED] - datText = today: null

2023-02-08 19:22:21 - [TEST_STEP][PASSED] - appID = findTestData(dataFile).getValue("AppID", row): null

2023-02-08 19:22:21 - [TEST_STEP][PASSED] - username = findTestData(dataFile).getValue("Username", row): null

2023-02-08 19:22:21 - [TEST_STEP][PASSED] - password = findTestData(dataFile).getValue("Password", row): null

2023-02-08 19:22:21 - [TEST_STEP][PASSED] - errorMsg = findTestData(dataFile).getValue("ErrorMsg", row): null

2023-02-08 19:22:21 - [TEST_STEP][PASSED] - tranType = findTestData(dataFile).getValue("TranType", row): null

2023-02-08 19:22:21 - [TEST_STEP][PASSED] - mv = findTestData(dataFile).getValue("MV", row): null

2023-02-08 19:22:21 - [TEST_STEP][PASSED] - resFormat = findTestData(dataFile).getValue("ResFormat", row): null

2023-02-08 19:22:21 - [TEST_STEP][PASSED] - fName = findTestData(dataFile).getValue("Fname", row): null

2023-02-08 19:22:21 - [TEST_STEP][PASSED] - lName = findTestData(dataFile).getValue("Lname", row): null

2023-02-08 19:22:21 - [TEST_STEP][PASSED] - al1 = findTestData(dataFile).getValue("AL1", row): null

2023-02-08 19:22:22 - [TEST_STEP][PASSED] - city = findTestData(dataFile).getValue("City", row): null

2023-02-08 19:22:22 - [TEST_STEP][PASSED] - state = findTestData(dataFile).getValue("State", row): null

2023-02-08 19:22:22 - [TEST_STEP][PASSED] - zip = findTestData(dataFile).getValue("ZIP", row): null

2023-02-08 19:22:22 - [TEST_STEP][PASSED] - checkType = findTestData(dataFile).getValue("CheckType", row): null

2023-02-08 19:22:22 - [TEST_STEP][PASSED] - acNumber = findTestData(dataFile).getValue("AcNumber", row): null

2023-02-08 19:22:22 - [TEST_STEP][PASSED] - company = findTestData(dataFile).getValue("Company", row): null

2023-02-08 19:22:22 - [TEST_STEP][PASSED] - acType = findTestData(dataFile).getValue("AcType", row): null

2023-02-08 19:22:22 - [TEST_STEP][PASSED] - rtn = findTestData(dataFile).getValue("RTN", row): null

2023-02-08 19:22:22 - [TEST_STEP][PASSED] - amount = findTestData(dataFile).getValue("Amount", row): null

2023-02-08 19:22:22 - [TEST_STEP][PASSED] - sec = findTestData(dataFile).getValue("SEC", row): null

2023-02-08 19:22:22 - [TEST_STEP][PASSED] - openBrowser(VLinkURL + "debit.html"): Browser is opened with url: 'https://dev-algorithm.govolution.com/vlinktest/QA/version_2_0/debit.html'

2023-02-08 19:22:22 - [MESSAGE][WARNING] - A browser is already opened. Closing browser and opening a new one

2023-02-08 19:22:23 - [MESSAGE][INFO] - Starting 'Chrome' driver

2023-02-08 19:22:23 - [MESSAGE][INFO] - User set preference: ['acceptInsecureCerts', 'true']

2023-02-08 19:22:23 - [MESSAGE][INFO] - Action delay is set to 0 milliseconds

2023-02-08 19:22:25 - [MESSAGE][PASSED] - Browser is opened with url: 'https://dev-algorithm.govolution.com/vlinktest/QA/version_2_0/debit.html'

2023-02-08 19:22:25 - [TEST_STEP][PASSED] - maximizeWindow(): Current window maximized

2023-02-08 19:22:25 - [MESSAGE][PASSED] - Current window maximized

2023-02-08 19:22:25 - [TEST_STEP][PASSED] - setText(findTestObject("Object Repository/RecAndPlayBk/Page-Vlink-Debit/input_Transaction Type"), tranType): Text '200' is set on object 'Object Repository/RecAndPlayBk/Page-Vlink-Debit/input_Transaction Type'

2023-02-08 19:22:26 - [MESSAGE][PASSED] - Text '200' is set on object 'Object Repository/RecAndPlayBk/Page-Vlink-Debit/input_Transaction Type'

2023-02-08 19:22:26 - [TEST_STEP][PASSED] - setText(findTestObject("Object Repository/RecAndPlayBk/Page-Vlink-Debit/input_Message Version"), mv): Text '2.0A' is set on object 'Object Repository/RecAndPlayBk/Page-Vlink-Debit/input_Message Version'

2023-02-08 19:22:26 - [MESSAGE][PASSED] - Text '2.0A' is set on object 'Object Repository/RecAndPlayBk/Page-Vlink-Debit/input_Message Version'

2023-02-08 19:22:26 - [TEST_STEP][PASSED] - genRemID = RandomStringUtils.random(12, true, true): null

2023-02-08 19:22:26 - [TEST_STEP][PASSED] - setText(findTestObject("RecAndPlayBk/Page-Vlink-Debit/input_Remittance Id"), genRemID): Text 'dTEMargzybTh' is set on object 'Object Repository/RecAndPlayBk/Page-Vlink-Debit/input_Remittance Id'

2023-02-08 19:22:27 - [MESSAGE][PASSED] - Text 'dTEMargzybTh' is set on object 'Object Repository/RecAndPlayBk/Page-Vlink-Debit/input_Remittance Id'

2023-02-08 19:22:27 - [TEST_STEP][PASSED] - setText(findTestObject("RecAndPlayBk/Page-Vlink-Debit/input_Application Id"), appID): Text '234' is set on object 'Object Repository/RecAndPlayBk/Page-Vlink-Debit/input_Application Id'

2023-02-08 19:22:28 - [MESSAGE][PASSED] - Text '234' is set on object 'Object Repository/RecAndPlayBk/Page-Vlink-Debit/input_Application Id'

2023-02-08 19:22:28 - [TEST_STEP][PASSED] - setText(findTestObject("RecAndPlayBk/Page-Vlink-Debit/input_Username"), username): Text 'username' is set on object 'Object Repository/RecAndPlayBk/Page-Vlink-Debit/input_Username'

2023-02-08 19:22:28 - [MESSAGE][PASSED] - Text 'username' is set on object 'Object Repository/RecAndPlayBk/Page-Vlink-Debit/input_Username'

2023-02-08 19:22:28 - [TEST_STEP][PASSED] - setText(findTestObject("RecAndPlayBk/Page-Vlink-Debit/input_Password"), password): Text 'password' is set on object 'Object Repository/RecAndPlayBk/Page-Vlink-Debit/input_Password'

2023-02-08 19:22:29 - [MESSAGE][PASSED] - Text 'password' is set on object 'Object Repository/RecAndPlayBk/Page-Vlink-Debit/input_Password'

2023-02-08 19:22:29 - [TEST_STEP][PASSED] - setText(findTestObject("Object Repository/RecAndPlayBk/Page-Vlink-Debit/input_Response Format"), resFormat): Text 'fixed_width' is set on object 'Object Repository/RecAndPlayBk/Page-Vlink-Debit/input_Response Format'

2023-02-08 19:22:30 - [MESSAGE][PASSED] - Text 'fixed_width' is set on object 'Object Repository/RecAndPlayBk/Page-Vlink-Debit/input_Response Format'

2023-02-08 19:22:30 - [TEST_STEP][PASSED] - setText(findTestObject("RecAndPlayBk/Page-Vlink-Debit/input_Check Type"), checkType): Text 'P' is set on object 'Object Repository/RecAndPlayBk/Page-Vlink-Debit/input_Check Type'

2023-02-08 19:22:30 - [MESSAGE][PASSED] - Text 'P' is set on object 'Object Repository/RecAndPlayBk/Page-Vlink-Debit/input_Check Type'

2023-02-08 19:22:30 - [TEST_STEP][PASSED] - setText(findTestObject("Object Repository/RecAndPlayBk/Page-Vlink-Debit/input_First Name"), fName): Text 'Andy' is set on object 'Object Repository/RecAndPlayBk/Page-Vlink-Debit/input_First Name'

2023-02-08 19:22:31 - [MESSAGE][PASSED] - Text 'Andy' is set on object 'Object Repository/RecAndPlayBk/Page-Vlink-Debit/input_First Name'

2023-02-08 19:22:31 - [TEST_STEP][PASSED] - setText(findTestObject("Object Repository/RecAndPlayBk/Page-Vlink-Debit/input_Last Name"), lName): Text 'Roberts' is set on object 'Object Repository/RecAndPlayBk/Page-Vlink-Debit/input_Last Name'

2023-02-08 19:22:31 - [MESSAGE][PASSED] - Text 'Roberts' is set on object 'Object Repository/RecAndPlayBk/Page-Vlink-Debit/input_Last Name'

2023-02-08 19:22:31 - [TEST_STEP][PASSED] - setText(findTestObject("Object Repository/RecAndPlayBk/Page-Vlink-Debit/input_Address"), al1): Text '145 Main Street' is set on object 'Object Repository/RecAndPlayBk/Page-Vlink-Debit/input_Address'

2023-02-08 19:22:32 - [MESSAGE][PASSED] - Text '145 Main Street' is set on object 'Object Repository/RecAndPlayBk/Page-Vlink-Debit/input_Address'

2023-02-08 19:22:32 - [TEST_STEP][PASSED] - setText(findTestObject("Object Repository/RecAndPlayBk/Page-Vlink-Debit/input_City"), city): Text '' is set on object 'Object Repository/RecAndPlayBk/Page-Vlink-Debit/input_City'

2023-02-08 19:22:33 - [MESSAGE][PASSED] - Text '' is set on object 'Object Repository/RecAndPlayBk/Page-Vlink-Debit/input_City'

2023-02-08 19:22:33 - [TEST_STEP][PASSED] - setText(findTestObject("Object Repository/RecAndPlayBk/Page-Vlink-Debit/input_State"), state): Text 'VA' is set on object 'Object Repository/RecAndPlayBk/Page-Vlink-Debit/input_State'

2023-02-08 19:22:33 - [MESSAGE][PASSED] - Text 'VA' is set on object 'Object Repository/RecAndPlayBk/Page-Vlink-Debit/input_State'

2023-02-08 19:22:33 - [TEST_STEP][PASSED] - setText(findTestObject("Object Repository/RecAndPlayBk/Page-Vlink-Debit/input_Zip"), zip): Text '22201' is set on object 'Object Repository/RecAndPlayBk/Page-Vlink-Debit/input_Zip'

2023-02-08 19:22:34 - [MESSAGE][PASSED] - Text '22201' is set on object 'Object Repository/RecAndPlayBk/Page-Vlink-Debit/input_Zip'

2023-02-08 19:22:34 - [TEST_STEP][PASSED] - setText(findTestObject("RecAndPlayBk/Page-Vlink-Debit/input_Account_check"), acNumber): Text '58963214' is set on object 'Object Repository/RecAndPlayBk/Page-Vlink-Debit/input_Account_check'

2023-02-08 19:22:35 - [MESSAGE][PASSED] - Text '58963214' is set on object 'Object Repository/RecAndPlayBk/Page-Vlink-Debit/input_Account_check'

2023-02-08 19:22:35 - [TEST_STEP][PASSED] - setText(findTestObject("RecAndPlayBk/Page-Vlink-Debit/input_Company_check"), company): Text '' is set on object 'Object Repository/RecAndPlayBk/Page-Vlink-Debit/input_Company_check'

2023-02-08 19:22:35 - [MESSAGE][PASSED] - Text '' is set on object 'Object Repository/RecAndPlayBk/Page-Vlink-Debit/input_Company_check'

2023-02-08 19:22:35 - [TEST_STEP][PASSED] - setText(findTestObject("RecAndPlayBk/Page-Vlink-Debit/input_Account Type"), acType): Text '1' is set on object 'Object Repository/RecAndPlayBk/Page-Vlink-Debit/input_Account Type'

2023-02-08 19:22:36 - [MESSAGE][PASSED] - Text '1' is set on object 'Object Repository/RecAndPlayBk/Page-Vlink-Debit/input_Account Type'

2023-02-08 19:22:36 - [TEST_STEP][PASSED] - setText(findTestObject("RecAndPlayBk/Page-Vlink-Debit/input_Routing Number"), rtn): Text '256072691' is set on object 'Object Repository/RecAndPlayBk/Page-Vlink-Debit/input_Routing Number'

2023-02-08 19:22:36 - [MESSAGE][PASSED] - Text '256072691' is set on object 'Object Repository/RecAndPlayBk/Page-Vlink-Debit/input_Routing Number'

2023-02-08 19:22:36 - [TEST_STEP][PASSED] - setText(findTestObject("RecAndPlayBk/Page-Vlink-Debit/input_Amount"), amount): Text '12.50' is set on object 'Object Repository/RecAndPlayBk/Page-Vlink-Debit/input_Amount'

2023-02-08 19:22:37 - [MESSAGE][PASSED] - Text '12.50' is set on object 'Object Repository/RecAndPlayBk/Page-Vlink-Debit/input_Amount'

2023-02-08 19:22:37 - [TEST_STEP][PASSED] - setText(findTestObject("RecAndPlayBk/Page-Vlink-Debit/input_Check Email"), ""): Text '' is set on object 'Object Repository/RecAndPlayBk/Page-Vlink-Debit/input_Check Email'

2023-02-08 19:22:38 - [MESSAGE][PASSED] - Text '' is set on object 'Object Repository/RecAndPlayBk/Page-Vlink-Debit/input_Check Email'

2023-02-08 19:22:38 - [TEST_STEP][PASSED] - setText(findTestObject("Object Repository/RecAndPlayBk/Page-Vlink-Debit/input_concat(CheckWriter, , s SSN)_check_ssn"), ""): Text '' is set on object 'Object Repository/RecAndPlayBk/Page-Vlink-Debit/input_concat(CheckWriter, , s SSN)_check_ssn'

2023-02-08 19:22:38 - [MESSAGE][PASSED] - Text '' is set on object 'Object Repository/RecAndPlayBk/Page-Vlink-Debit/input_concat(CheckWriter, , s SSN)_check_ssn'

2023-02-08 19:22:38 - [TEST_STEP][PASSED] - setText(findTestObject("Object Repository/RecAndPlayBk/Page-Vlink-Debit/input_concat(CheckWriter, , s License Numbe_020fef"), ""): Text '' is set on object 'Object Repository/RecAndPlayBk/Page-Vlink-Debit/input_concat(CheckWriter, , s License Numbe_020fef'

2023-02-08 19:22:39 - [MESSAGE][PASSED] - Text '' is set on object 'Object Repository/RecAndPlayBk/Page-Vlink-Debit/input_concat(CheckWriter, , s License Numbe_020fef'

2023-02-08 19:22:39 - [TEST_STEP][PASSED] - setText(findTestObject("Object Repository/RecAndPlayBk/Page-Vlink-Debit/input_concat(CheckWriter, , s License State_21e3e7"), ""): Text '' is set on object 'Object Repository/RecAndPlayBk/Page-Vlink-Debit/input_concat(CheckWriter, , s License State_21e3e7'

2023-02-08 19:22:39 - [MESSAGE][PASSED] - Text '' is set on object 'Object Repository/RecAndPlayBk/Page-Vlink-Debit/input_concat(CheckWriter, , s License State_21e3e7'

2023-02-08 19:22:39 - [TEST_STEP][PASSED] - setText(findTestObject("RecAndPlayBk/Page-Vlink-Debit/input_Standard Entry Class"), sec): Text 'WEB' is set on object 'Object Repository/RecAndPlayBk/Page-Vlink-Debit/input_Standard Entry Class'

2023-02-08 19:22:40 - [MESSAGE][PASSED] - Text 'WEB' is set on object 'Object Repository/RecAndPlayBk/Page-Vlink-Debit/input_Standard Entry Class'

2023-02-08 19:22:40 - [TEST_STEP][PASSED] - click(findTestObject("Object Repository/RecAndPlayBk/Page-Vlink-Debit/input")): Object: 'Object Repository/RecAndPlayBk/Page-Vlink-Debit/input' is clicked on

2023-02-08 19:22:41 - [MESSAGE][PASSED] - Object: 'Object Repository/RecAndPlayBk/Page-Vlink-Debit/input' is clicked on

2023-02-08 19:22:41 - [TEST_STEP][PASSED] - if (verifyTextPresent(errorMsg, true)): null

2023-02-08 19:22:41 - [MESSAGE][PASSED] - Text 'check_city' is present on page  using regular expression

2023-02-08 19:22:41 - [TEST_STEP][PASSED] - println("Error Message is present on the Confirmation page"): null

2023-02-08 19:22:41 - [TEST_STEP][PASSED] - out.println("Pass Record Number: " + row): null

2023-02-08 19:22:41 - [TEST_STEP][PASSED] - resText = "Pass": null

2023-02-08 19:22:41 - [TEST_STEP][PASSED] - pages.WriteExcel.demoKey(resText, datText, resColumn, datCloumn, fileLoc, nameSheet, row): pages.WriteExcel.demoKey is PASSED

2023-02-08 19:22:41 - [MESSAGE][PASSED] - pages.WriteExcel.demoKey is PASSED

2023-02-08 19:22:41 - [TEST_STEP][PASSED] - ExecuteTC = findTestData(dataFile).getValue("Execute", row): null

2023-02-08 19:22:41 - [TEST_STEP][PASSED] - out.println("Value of Execute is : " + ExecuteTC): null

2023-02-08 19:22:41 - [TEST_STEP][PASSED] - if (ExecuteTC.equalsIgnoreCase("Y")): null

2023-02-08 19:22:41 - [TEST_STEP][PASSED] - out.println("Begin Record Number: " + row): null

2023-02-08 19:22:41 - [TEST_STEP][PASSED] - today = new java.util.Date(): null

2023-02-08 19:22:41 - [TEST_STEP][PASSED] - println(today): null

2023-02-08 19:22:41 - [TEST_STEP][PASSED] - datText = today: null

2023-02-08 19:22:41 - [TEST_STEP][PASSED] - appID = findTestData(dataFile).getValue("AppID", row): null

2023-02-08 19:22:42 - [TEST_STEP][PASSED] - username = findTestData(dataFile).getValue("Username", row): null

2023-02-08 19:22:42 - [TEST_STEP][PASSED] - password = findTestData(dataFile).getValue("Password", row): null

2023-02-08 19:22:42 - [TEST_STEP][PASSED] - errorMsg = findTestData(dataFile).getValue("ErrorMsg", row): null

2023-02-08 19:22:42 - [TEST_STEP][PASSED] - tranType = findTestData(dataFile).getValue("TranType", row): null

2023-02-08 19:22:42 - [TEST_STEP][PASSED] - mv = findTestData(dataFile).getValue("MV", row): null

2023-02-08 19:22:42 - [TEST_STEP][PASSED] - resFormat = findTestData(dataFile).getValue("ResFormat", row): null

2023-02-08 19:22:42 - [TEST_STEP][PASSED] - fName = findTestData(dataFile).getValue("Fname", row): null

2023-02-08 19:22:42 - [TEST_STEP][PASSED] - lName = findTestData(dataFile).getValue("Lname", row): null

2023-02-08 19:22:42 - [TEST_STEP][PASSED] - al1 = findTestData(dataFile).getValue("AL1", row): null

2023-02-08 19:22:42 - [TEST_STEP][PASSED] - city = findTestData(dataFile).getValue("City", row): null

2023-02-08 19:22:42 - [TEST_STEP][PASSED] - state = findTestData(dataFile).getValue("State", row): null

2023-02-08 19:22:42 - [TEST_STEP][PASSED] - zip = findTestData(dataFile).getValue("ZIP", row): null

2023-02-08 19:22:42 - [TEST_STEP][PASSED] - checkType = findTestData(dataFile).getValue("CheckType", row): null

2023-02-08 19:22:42 - [TEST_STEP][PASSED] - acNumber = findTestData(dataFile).getValue("AcNumber", row): null

2023-02-08 19:22:42 - [TEST_STEP][PASSED] - company = findTestData(dataFile).getValue("Company", row): null

2023-02-08 19:22:43 - [TEST_STEP][PASSED] - acType = findTestData(dataFile).getValue("AcType", row): null

2023-02-08 19:22:43 - [TEST_STEP][PASSED] - rtn = findTestData(dataFile).getValue("RTN", row): null

2023-02-08 19:22:43 - [TEST_STEP][PASSED] - amount = findTestData(dataFile).getValue("Amount", row): null

2023-02-08 19:22:43 - [TEST_STEP][PASSED] - sec = findTestData(dataFile).getValue("SEC", row): null

2023-02-08 19:22:43 - [TEST_STEP][PASSED] - openBrowser(VLinkURL + "debit.html"): Browser is opened with url: 'https://dev-algorithm.govolution.com/vlinktest/QA/version_2_0/debit.html'

2023-02-08 19:22:43 - [MESSAGE][WARNING] - A browser is already opened. Closing browser and opening a new one

2023-02-08 19:22:45 - [MESSAGE][INFO] - Starting 'Chrome' driver

2023-02-08 19:22:45 - [MESSAGE][INFO] - User set preference: ['acceptInsecureCerts', 'true']

2023-02-08 19:22:45 - [MESSAGE][INFO] - Action delay is set to 0 milliseconds

2023-02-08 19:22:46 - [MESSAGE][PASSED] - Browser is opened with url: 'https://dev-algorithm.govolution.com/vlinktest/QA/version_2_0/debit.html'

2023-02-08 19:22:46 - [TEST_STEP][PASSED] - maximizeWindow(): Current window maximized

2023-02-08 19:22:47 - [MESSAGE][PASSED] - Current window maximized

2023-02-08 19:22:47 - [TEST_STEP][PASSED] - setText(findTestObject("Object Repository/RecAndPlayBk/Page-Vlink-Debit/input_Transaction Type"), tranType): Text '200' is set on object 'Object Repository/RecAndPlayBk/Page-Vlink-Debit/input_Transaction Type'

2023-02-08 19:22:47 - [MESSAGE][PASSED] - Text '200' is set on object 'Object Repository/RecAndPlayBk/Page-Vlink-Debit/input_Transaction Type'

2023-02-08 19:22:47 - [TEST_STEP][PASSED] - setText(findTestObject("Object Repository/RecAndPlayBk/Page-Vlink-Debit/input_Message Version"), mv): Text '2.0A' is set on object 'Object Repository/RecAndPlayBk/Page-Vlink-Debit/input_Message Version'

2023-02-08 19:22:48 - [MESSAGE][PASSED] - Text '2.0A' is set on object 'Object Repository/RecAndPlayBk/Page-Vlink-Debit/input_Message Version'

2023-02-08 19:22:48 - [TEST_STEP][PASSED] - genRemID = RandomStringUtils.random(12, true, true): null

2023-02-08 19:22:48 - [TEST_STEP][PASSED] - setText(findTestObject("RecAndPlayBk/Page-Vlink-Debit/input_Remittance Id"), genRemID): Text 'IWqy6vEIMwI4' is set on object 'Object Repository/RecAndPlayBk/Page-Vlink-Debit/input_Remittance Id'

2023-02-08 19:22:49 - [MESSAGE][PASSED] - Text 'IWqy6vEIMwI4' is set on object 'Object Repository/RecAndPlayBk/Page-Vlink-Debit/input_Remittance Id'

2023-02-08 19:22:49 - [TEST_STEP][PASSED] - setText(findTestObject("RecAndPlayBk/Page-Vlink-Debit/input_Application Id"), appID): Text '234' is set on object 'Object Repository/RecAndPlayBk/Page-Vlink-Debit/input_Application Id'

2023-02-08 19:22:49 - [MESSAGE][PASSED] - Text '234' is set on object 'Object Repository/RecAndPlayBk/Page-Vlink-Debit/input_Application Id'

2023-02-08 19:22:49 - [TEST_STEP][PASSED] - setText(findTestObject("RecAndPlayBk/Page-Vlink-Debit/input_Username"), username): Text 'username' is set on object 'Object Repository/RecAndPlayBk/Page-Vlink-Debit/input_Username'

2023-02-08 19:22:50 - [MESSAGE][PASSED] - Text 'username' is set on object 'Object Repository/RecAndPlayBk/Page-Vlink-Debit/input_Username'

2023-02-08 19:22:50 - [TEST_STEP][PASSED] - setText(findTestObject("RecAndPlayBk/Page-Vlink-Debit/input_Password"), password): Text 'password' is set on object 'Object Repository/RecAndPlayBk/Page-Vlink-Debit/input_Password'

2023-02-08 19:22:50 - [MESSAGE][PASSED] - Text 'password' is set on object 'Object Repository/RecAndPlayBk/Page-Vlink-Debit/input_Password'

2023-02-08 19:22:50 - [TEST_STEP][PASSED] - setText(findTestObject("Object Repository/RecAndPlayBk/Page-Vlink-Debit/input_Response Format"), resFormat): Text 'fixed_width' is set on object 'Object Repository/RecAndPlayBk/Page-Vlink-Debit/input_Response Format'

2023-02-08 19:22:51 - [MESSAGE][PASSED] - Text 'fixed_width' is set on object 'Object Repository/RecAndPlayBk/Page-Vlink-Debit/input_Response Format'

2023-02-08 19:22:51 - [TEST_STEP][PASSED] - setText(findTestObject("RecAndPlayBk/Page-Vlink-Debit/input_Check Type"), checkType): Text 'P' is set on object 'Object Repository/RecAndPlayBk/Page-Vlink-Debit/input_Check Type'

2023-02-08 19:22:52 - [MESSAGE][PASSED] - Text 'P' is set on object 'Object Repository/RecAndPlayBk/Page-Vlink-Debit/input_Check Type'

2023-02-08 19:22:52 - [TEST_STEP][PASSED] - setText(findTestObject("Object Repository/RecAndPlayBk/Page-Vlink-Debit/input_First Name"), fName): Text 'Andy' is set on object 'Object Repository/RecAndPlayBk/Page-Vlink-Debit/input_First Name'

2023-02-08 19:22:52 - [MESSAGE][PASSED] - Text 'Andy' is set on object 'Object Repository/RecAndPlayBk/Page-Vlink-Debit/input_First Name'

2023-02-08 19:22:52 - [TEST_STEP][PASSED] - setText(findTestObject("Object Repository/RecAndPlayBk/Page-Vlink-Debit/input_Last Name"), lName): Text 'Roberts' is set on object 'Object Repository/RecAndPlayBk/Page-Vlink-Debit/input_Last Name'

2023-02-08 19:22:53 - [MESSAGE][PASSED] - Text 'Roberts' is set on object 'Object Repository/RecAndPlayBk/Page-Vlink-Debit/input_Last Name'

2023-02-08 19:22:53 - [TEST_STEP][PASSED] - setText(findTestObject("Object Repository/RecAndPlayBk/Page-Vlink-Debit/input_Address"), al1): Text '145 Main Street' is set on object 'Object Repository/RecAndPlayBk/Page-Vlink-Debit/input_Address'

2023-02-08 19:22:54 - [MESSAGE][PASSED] - Text '145 Main Street' is set on object 'Object Repository/RecAndPlayBk/Page-Vlink-Debit/input_Address'

2023-02-08 19:22:54 - [TEST_STEP][PASSED] - setText(findTestObject("Object Repository/RecAndPlayBk/Page-Vlink-Debit/input_City"), city): Text 'Arlington' is set on object 'Object Repository/RecAndPlayBk/Page-Vlink-Debit/input_City'

2023-02-08 19:22:54 - [MESSAGE][PASSED] - Text 'Arlington' is set on object 'Object Repository/RecAndPlayBk/Page-Vlink-Debit/input_City'

2023-02-08 19:22:54 - [TEST_STEP][PASSED] - setText(findTestObject("Object Repository/RecAndPlayBk/Page-Vlink-Debit/input_State"), state): Text '' is set on object 'Object Repository/RecAndPlayBk/Page-Vlink-Debit/input_State'

2023-02-08 19:22:55 - [MESSAGE][PASSED] - Text '' is set on object 'Object Repository/RecAndPlayBk/Page-Vlink-Debit/input_State'

2023-02-08 19:22:55 - [TEST_STEP][PASSED] - setText(findTestObject("Object Repository/RecAndPlayBk/Page-Vlink-Debit/input_Zip"), zip): Text '22201' is set on object 'Object Repository/RecAndPlayBk/Page-Vlink-Debit/input_Zip'

2023-02-08 19:22:55 - [MESSAGE][PASSED] - Text '22201' is set on object 'Object Repository/RecAndPlayBk/Page-Vlink-Debit/input_Zip'

2023-02-08 19:22:55 - [TEST_STEP][PASSED] - setText(findTestObject("RecAndPlayBk/Page-Vlink-Debit/input_Account_check"), acNumber): Text '58963214' is set on object 'Object Repository/RecAndPlayBk/Page-Vlink-Debit/input_Account_check'

2023-02-08 19:22:56 - [MESSAGE][PASSED] - Text '58963214' is set on object 'Object Repository/RecAndPlayBk/Page-Vlink-Debit/input_Account_check'

2023-02-08 19:22:56 - [TEST_STEP][PASSED] - setText(findTestObject("RecAndPlayBk/Page-Vlink-Debit/input_Company_check"), company): Text '' is set on object 'Object Repository/RecAndPlayBk/Page-Vlink-Debit/input_Company_check'

2023-02-08 19:22:57 - [MESSAGE][PASSED] - Text '' is set on object 'Object Repository/RecAndPlayBk/Page-Vlink-Debit/input_Company_check'

2023-02-08 19:22:57 - [TEST_STEP][PASSED] - setText(findTestObject("RecAndPlayBk/Page-Vlink-Debit/input_Account Type"), acType): Text '1' is set on object 'Object Repository/RecAndPlayBk/Page-Vlink-Debit/input_Account Type'

2023-02-08 19:22:57 - [MESSAGE][PASSED] - Text '1' is set on object 'Object Repository/RecAndPlayBk/Page-Vlink-Debit/input_Account Type'

2023-02-08 19:22:57 - [TEST_STEP][PASSED] - setText(findTestObject("RecAndPlayBk/Page-Vlink-Debit/input_Routing Number"), rtn): Text '256072691' is set on object 'Object Repository/RecAndPlayBk/Page-Vlink-Debit/input_Routing Number'

2023-02-08 19:22:58 - [MESSAGE][PASSED] - Text '256072691' is set on object 'Object Repository/RecAndPlayBk/Page-Vlink-Debit/input_Routing Number'

2023-02-08 19:22:58 - [TEST_STEP][PASSED] - setText(findTestObject("RecAndPlayBk/Page-Vlink-Debit/input_Amount"), amount): Text '12.50' is set on object 'Object Repository/RecAndPlayBk/Page-Vlink-Debit/input_Amount'

2023-02-08 19:22:59 - [MESSAGE][PASSED] - Text '12.50' is set on object 'Object Repository/RecAndPlayBk/Page-Vlink-Debit/input_Amount'

2023-02-08 19:22:59 - [TEST_STEP][PASSED] - setText(findTestObject("RecAndPlayBk/Page-Vlink-Debit/input_Check Email"), ""): Text '' is set on object 'Object Repository/RecAndPlayBk/Page-Vlink-Debit/input_Check Email'

2023-02-08 19:22:59 - [MESSAGE][PASSED] - Text '' is set on object 'Object Repository/RecAndPlayBk/Page-Vlink-Debit/input_Check Email'

2023-02-08 19:22:59 - [TEST_STEP][PASSED] - setText(findTestObject("Object Repository/RecAndPlayBk/Page-Vlink-Debit/input_concat(CheckWriter, , s SSN)_check_ssn"), ""): Text '' is set on object 'Object Repository/RecAndPlayBk/Page-Vlink-Debit/input_concat(CheckWriter, , s SSN)_check_ssn'

2023-02-08 19:23:00 - [MESSAGE][PASSED] - Text '' is set on object 'Object Repository/RecAndPlayBk/Page-Vlink-Debit/input_concat(CheckWriter, , s SSN)_check_ssn'

2023-02-08 19:23:00 - [TEST_STEP][PASSED] - setText(findTestObject("Object Repository/RecAndPlayBk/Page-Vlink-Debit/input_concat(CheckWriter, , s License Numbe_020fef"), ""): Text '' is set on object 'Object Repository/RecAndPlayBk/Page-Vlink-Debit/input_concat(CheckWriter, , s License Numbe_020fef'

2023-02-08 19:23:00 - [MESSAGE][PASSED] - Text '' is set on object 'Object Repository/RecAndPlayBk/Page-Vlink-Debit/input_concat(CheckWriter, , s License Numbe_020fef'

2023-02-08 19:23:00 - [TEST_STEP][PASSED] - setText(findTestObject("Object Repository/RecAndPlayBk/Page-Vlink-Debit/input_concat(CheckWriter, , s License State_21e3e7"), ""): Text '' is set on object 'Object Repository/RecAndPlayBk/Page-Vlink-Debit/input_concat(CheckWriter, , s License State_21e3e7'

2023-02-08 19:23:01 - [MESSAGE][PASSED] - Text '' is set on object 'Object Repository/RecAndPlayBk/Page-Vlink-Debit/input_concat(CheckWriter, , s License State_21e3e7'

2023-02-08 19:23:01 - [TEST_STEP][PASSED] - setText(findTestObject("RecAndPlayBk/Page-Vlink-Debit/input_Standard Entry Class"), sec): Text 'WEB' is set on object 'Object Repository/RecAndPlayBk/Page-Vlink-Debit/input_Standard Entry Class'

2023-02-08 19:23:02 - [MESSAGE][PASSED] - Text 'WEB' is set on object 'Object Repository/RecAndPlayBk/Page-Vlink-Debit/input_Standard Entry Class'

2023-02-08 19:23:02 - [TEST_STEP][PASSED] - click(findTestObject("Object Repository/RecAndPlayBk/Page-Vlink-Debit/input")): Object: 'Object Repository/RecAndPlayBk/Page-Vlink-Debit/input' is clicked on

2023-02-08 19:23:02 - [MESSAGE][PASSED] - Object: 'Object Repository/RecAndPlayBk/Page-Vlink-Debit/input' is clicked on

2023-02-08 19:23:02 - [TEST_STEP][PASSED] - if (verifyTextPresent(errorMsg, true)): null

2023-02-08 19:23:03 - [MESSAGE][PASSED] - Text 'check_state' is present on page  using regular expression

2023-02-08 19:23:03 - [TEST_STEP][PASSED] - println("Error Message is present on the Confirmation page"): null

2023-02-08 19:23:03 - [TEST_STEP][PASSED] - out.println("Pass Record Number: " + row): null

2023-02-08 19:23:03 - [TEST_STEP][PASSED] - resText = "Pass": null

2023-02-08 19:23:03 - [TEST_STEP][PASSED] - pages.WriteExcel.demoKey(resText, datText, resColumn, datCloumn, fileLoc, nameSheet, row): pages.WriteExcel.demoKey is PASSED

2023-02-08 19:23:03 - [MESSAGE][PASSED] - pages.WriteExcel.demoKey is PASSED

2023-02-08 19:23:03 - [TEST_STEP][PASSED] - ExecuteTC = findTestData(dataFile).getValue("Execute", row): null

2023-02-08 19:23:03 - [TEST_STEP][PASSED] - out.println("Value of Execute is : " + ExecuteTC): null

2023-02-08 19:23:03 - [TEST_STEP][PASSED] - if (ExecuteTC.equalsIgnoreCase("Y")): null

2023-02-08 19:23:03 - [TEST_STEP][PASSED] - out.println("Begin Record Number: " + row): null

2023-02-08 19:23:03 - [TEST_STEP][PASSED] - today = new java.util.Date(): null

2023-02-08 19:23:03 - [TEST_STEP][PASSED] - println(today): null

2023-02-08 19:23:03 - [TEST_STEP][PASSED] - datText = today: null

2023-02-08 19:23:03 - [TEST_STEP][PASSED] - appID = findTestData(dataFile).getValue("AppID", row): null

2023-02-08 19:23:03 - [TEST_STEP][PASSED] - username = findTestData(dataFile).getValue("Username", row): null

2023-02-08 19:23:03 - [TEST_STEP][PASSED] - password = findTestData(dataFile).getValue("Password", row): null

2023-02-08 19:23:03 - [TEST_STEP][PASSED] - errorMsg = findTestData(dataFile).getValue("ErrorMsg", row): null

2023-02-08 19:23:03 - [TEST_STEP][PASSED] - tranType = findTestData(dataFile).getValue("TranType", row): null

2023-02-08 19:23:03 - [TEST_STEP][PASSED] - mv = findTestData(dataFile).getValue("MV", row): null

2023-02-08 19:23:03 - [TEST_STEP][PASSED] - resFormat = findTestData(dataFile).getValue("ResFormat", row): null

2023-02-08 19:23:03 - [TEST_STEP][PASSED] - fName = findTestData(dataFile).getValue("Fname", row): null

2023-02-08 19:23:03 - [TEST_STEP][PASSED] - lName = findTestData(dataFile).getValue("Lname", row): null

2023-02-08 19:23:03 - [TEST_STEP][PASSED] - al1 = findTestData(dataFile).getValue("AL1", row): null

2023-02-08 19:23:03 - [TEST_STEP][PASSED] - city = findTestData(dataFile).getValue("City", row): null

2023-02-08 19:23:03 - [TEST_STEP][PASSED] - state = findTestData(dataFile).getValue("State", row): null

2023-02-08 19:23:03 - [TEST_STEP][PASSED] - zip = findTestData(dataFile).getValue("ZIP", row): null

2023-02-08 19:23:03 - [TEST_STEP][PASSED] - checkType = findTestData(dataFile).getValue("CheckType", row): null

2023-02-08 19:23:04 - [TEST_STEP][PASSED] - acNumber = findTestData(dataFile).getValue("AcNumber", row): null

2023-02-08 19:23:04 - [TEST_STEP][PASSED] - company = findTestData(dataFile).getValue("Company", row): null

2023-02-08 19:23:04 - [TEST_STEP][PASSED] - acType = findTestData(dataFile).getValue("AcType", row): null

2023-02-08 19:23:04 - [TEST_STEP][PASSED] - rtn = findTestData(dataFile).getValue("RTN", row): null

2023-02-08 19:23:04 - [TEST_STEP][PASSED] - amount = findTestData(dataFile).getValue("Amount", row): null

2023-02-08 19:23:04 - [TEST_STEP][PASSED] - sec = findTestData(dataFile).getValue("SEC", row): null

2023-02-08 19:23:04 - [TEST_STEP][PASSED] - openBrowser(VLinkURL + "debit.html"): Browser is opened with url: 'https://dev-algorithm.govolution.com/vlinktest/QA/version_2_0/debit.html'

2023-02-08 19:23:04 - [MESSAGE][WARNING] - A browser is already opened. Closing browser and opening a new one

2023-02-08 19:23:05 - [MESSAGE][INFO] - Starting 'Chrome' driver

2023-02-08 19:23:05 - [MESSAGE][INFO] - User set preference: ['acceptInsecureCerts', 'true']

2023-02-08 19:23:05 - [MESSAGE][INFO] - Action delay is set to 0 milliseconds

2023-02-08 19:23:07 - [MESSAGE][PASSED] - Browser is opened with url: 'https://dev-algorithm.govolution.com/vlinktest/QA/version_2_0/debit.html'

2023-02-08 19:23:07 - [TEST_STEP][PASSED] - maximizeWindow(): Current window maximized

2023-02-08 19:23:07 - [MESSAGE][PASSED] - Current window maximized

2023-02-08 19:23:07 - [TEST_STEP][PASSED] - setText(findTestObject("Object Repository/RecAndPlayBk/Page-Vlink-Debit/input_Transaction Type"), tranType): Text '200' is set on object 'Object Repository/RecAndPlayBk/Page-Vlink-Debit/input_Transaction Type'

2023-02-08 19:23:08 - [MESSAGE][PASSED] - Text '200' is set on object 'Object Repository/RecAndPlayBk/Page-Vlink-Debit/input_Transaction Type'

2023-02-08 19:23:08 - [TEST_STEP][PASSED] - setText(findTestObject("Object Repository/RecAndPlayBk/Page-Vlink-Debit/input_Message Version"), mv): Text '2.0A' is set on object 'Object Repository/RecAndPlayBk/Page-Vlink-Debit/input_Message Version'

2023-02-08 19:23:08 - [MESSAGE][PASSED] - Text '2.0A' is set on object 'Object Repository/RecAndPlayBk/Page-Vlink-Debit/input_Message Version'

2023-02-08 19:23:08 - [TEST_STEP][PASSED] - genRemID = RandomStringUtils.random(12, true, true): null

2023-02-08 19:23:08 - [TEST_STEP][PASSED] - setText(findTestObject("RecAndPlayBk/Page-Vlink-Debit/input_Remittance Id"), genRemID): Text 'iGStMy6l8mpd' is set on object 'Object Repository/RecAndPlayBk/Page-Vlink-Debit/input_Remittance Id'

2023-02-08 19:23:09 - [MESSAGE][PASSED] - Text 'iGStMy6l8mpd' is set on object 'Object Repository/RecAndPlayBk/Page-Vlink-Debit/input_Remittance Id'

2023-02-08 19:23:09 - [TEST_STEP][PASSED] - setText(findTestObject("RecAndPlayBk/Page-Vlink-Debit/input_Application Id"), appID): Text '234' is set on object 'Object Repository/RecAndPlayBk/Page-Vlink-Debit/input_Application Id'

2023-02-08 19:23:09 - [MESSAGE][PASSED] - Text '234' is set on object 'Object Repository/RecAndPlayBk/Page-Vlink-Debit/input_Application Id'

2023-02-08 19:23:09 - [TEST_STEP][PASSED] - setText(findTestObject("RecAndPlayBk/Page-Vlink-Debit/input_Username"), username): Text 'username' is set on object 'Object Repository/RecAndPlayBk/Page-Vlink-Debit/input_Username'

2023-02-08 19:23:10 - [MESSAGE][PASSED] - Text 'username' is set on object 'Object Repository/RecAndPlayBk/Page-Vlink-Debit/input_Username'

2023-02-08 19:23:10 - [TEST_STEP][PASSED] - setText(findTestObject("RecAndPlayBk/Page-Vlink-Debit/input_Password"), password): Text 'password' is set on object 'Object Repository/RecAndPlayBk/Page-Vlink-Debit/input_Password'

2023-02-08 19:23:11 - [MESSAGE][PASSED] - Text 'password' is set on object 'Object Repository/RecAndPlayBk/Page-Vlink-Debit/input_Password'

2023-02-08 19:23:11 - [TEST_STEP][PASSED] - setText(findTestObject("Object Repository/RecAndPlayBk/Page-Vlink-Debit/input_Response Format"), resFormat): Text 'fixed_width' is set on object 'Object Repository/RecAndPlayBk/Page-Vlink-Debit/input_Response Format'

2023-02-08 19:23:11 - [MESSAGE][PASSED] - Text 'fixed_width' is set on object 'Object Repository/RecAndPlayBk/Page-Vlink-Debit/input_Response Format'

2023-02-08 19:23:11 - [TEST_STEP][PASSED] - setText(findTestObject("RecAndPlayBk/Page-Vlink-Debit/input_Check Type"), checkType): Text 'P' is set on object 'Object Repository/RecAndPlayBk/Page-Vlink-Debit/input_Check Type'

2023-02-08 19:23:12 - [MESSAGE][PASSED] - Text 'P' is set on object 'Object Repository/RecAndPlayBk/Page-Vlink-Debit/input_Check Type'

2023-02-08 19:23:12 - [TEST_STEP][PASSED] - setText(findTestObject("Object Repository/RecAndPlayBk/Page-Vlink-Debit/input_First Name"), fName): Text 'Andy' is set on object 'Object Repository/RecAndPlayBk/Page-Vlink-Debit/input_First Name'

2023-02-08 19:23:13 - [MESSAGE][PASSED] - Text 'Andy' is set on object 'Object Repository/RecAndPlayBk/Page-Vlink-Debit/input_First Name'

2023-02-08 19:23:13 - [TEST_STEP][PASSED] - setText(findTestObject("Object Repository/RecAndPlayBk/Page-Vlink-Debit/input_Last Name"), lName): Text 'Roberts' is set on object 'Object Repository/RecAndPlayBk/Page-Vlink-Debit/input_Last Name'

2023-02-08 19:23:13 - [MESSAGE][PASSED] - Text 'Roberts' is set on object 'Object Repository/RecAndPlayBk/Page-Vlink-Debit/input_Last Name'

2023-02-08 19:23:13 - [TEST_STEP][PASSED] - setText(findTestObject("Object Repository/RecAndPlayBk/Page-Vlink-Debit/input_Address"), al1): Text '145 Main Street' is set on object 'Object Repository/RecAndPlayBk/Page-Vlink-Debit/input_Address'

2023-02-08 19:23:14 - [MESSAGE][PASSED] - Text '145 Main Street' is set on object 'Object Repository/RecAndPlayBk/Page-Vlink-Debit/input_Address'

2023-02-08 19:23:14 - [TEST_STEP][PASSED] - setText(findTestObject("Object Repository/RecAndPlayBk/Page-Vlink-Debit/input_City"), city): Text 'Arlington' is set on object 'Object Repository/RecAndPlayBk/Page-Vlink-Debit/input_City'

2023-02-08 19:23:14 - [MESSAGE][PASSED] - Text 'Arlington' is set on object 'Object Repository/RecAndPlayBk/Page-Vlink-Debit/input_City'

2023-02-08 19:23:14 - [TEST_STEP][PASSED] - setText(findTestObject("Object Repository/RecAndPlayBk/Page-Vlink-Debit/input_State"), state): Text 'VA' is set on object 'Object Repository/RecAndPlayBk/Page-Vlink-Debit/input_State'

2023-02-08 19:23:15 - [MESSAGE][PASSED] - Text 'VA' is set on object 'Object Repository/RecAndPlayBk/Page-Vlink-Debit/input_State'

2023-02-08 19:23:15 - [TEST_STEP][PASSED] - setText(findTestObject("Object Repository/RecAndPlayBk/Page-Vlink-Debit/input_Zip"), zip): Text '' is set on object 'Object Repository/RecAndPlayBk/Page-Vlink-Debit/input_Zip'

2023-02-08 19:23:16 - [MESSAGE][PASSED] - Text '' is set on object 'Object Repository/RecAndPlayBk/Page-Vlink-Debit/input_Zip'

2023-02-08 19:23:16 - [TEST_STEP][PASSED] - setText(findTestObject("RecAndPlayBk/Page-Vlink-Debit/input_Account_check"), acNumber): Text '58963214' is set on object 'Object Repository/RecAndPlayBk/Page-Vlink-Debit/input_Account_check'

2023-02-08 19:23:16 - [MESSAGE][PASSED] - Text '58963214' is set on object 'Object Repository/RecAndPlayBk/Page-Vlink-Debit/input_Account_check'

2023-02-08 19:23:16 - [TEST_STEP][PASSED] - setText(findTestObject("RecAndPlayBk/Page-Vlink-Debit/input_Company_check"), company): Text '' is set on object 'Object Repository/RecAndPlayBk/Page-Vlink-Debit/input_Company_check'

2023-02-08 19:23:17 - [MESSAGE][PASSED] - Text '' is set on object 'Object Repository/RecAndPlayBk/Page-Vlink-Debit/input_Company_check'

2023-02-08 19:23:17 - [TEST_STEP][PASSED] - setText(findTestObject("RecAndPlayBk/Page-Vlink-Debit/input_Account Type"), acType): Text '1' is set on object 'Object Repository/RecAndPlayBk/Page-Vlink-Debit/input_Account Type'

2023-02-08 19:23:18 - [MESSAGE][PASSED] - Text '1' is set on object 'Object Repository/RecAndPlayBk/Page-Vlink-Debit/input_Account Type'

2023-02-08 19:23:18 - [TEST_STEP][PASSED] - setText(findTestObject("RecAndPlayBk/Page-Vlink-Debit/input_Routing Number"), rtn): Text '256072691' is set on object 'Object Repository/RecAndPlayBk/Page-Vlink-Debit/input_Routing Number'

2023-02-08 19:23:18 - [MESSAGE][PASSED] - Text '256072691' is set on object 'Object Repository/RecAndPlayBk/Page-Vlink-Debit/input_Routing Number'

2023-02-08 19:23:18 - [TEST_STEP][PASSED] - setText(findTestObject("RecAndPlayBk/Page-Vlink-Debit/input_Amount"), amount): Text '12.50' is set on object 'Object Repository/RecAndPlayBk/Page-Vlink-Debit/input_Amount'

2023-02-08 19:23:19 - [MESSAGE][PASSED] - Text '12.50' is set on object 'Object Repository/RecAndPlayBk/Page-Vlink-Debit/input_Amount'

2023-02-08 19:23:19 - [TEST_STEP][PASSED] - setText(findTestObject("RecAndPlayBk/Page-Vlink-Debit/input_Check Email"), ""): Text '' is set on object 'Object Repository/RecAndPlayBk/Page-Vlink-Debit/input_Check Email'

2023-02-08 19:23:19 - [MESSAGE][PASSED] - Text '' is set on object 'Object Repository/RecAndPlayBk/Page-Vlink-Debit/input_Check Email'

2023-02-08 19:23:19 - [TEST_STEP][PASSED] - setText(findTestObject("Object Repository/RecAndPlayBk/Page-Vlink-Debit/input_concat(CheckWriter, , s SSN)_check_ssn"), ""): Text '' is set on object 'Object Repository/RecAndPlayBk/Page-Vlink-Debit/input_concat(CheckWriter, , s SSN)_check_ssn'

2023-02-08 19:23:20 - [MESSAGE][PASSED] - Text '' is set on object 'Object Repository/RecAndPlayBk/Page-Vlink-Debit/input_concat(CheckWriter, , s SSN)_check_ssn'

2023-02-08 19:23:20 - [TEST_STEP][PASSED] - setText(findTestObject("Object Repository/RecAndPlayBk/Page-Vlink-Debit/input_concat(CheckWriter, , s License Numbe_020fef"), ""): Text '' is set on object 'Object Repository/RecAndPlayBk/Page-Vlink-Debit/input_concat(CheckWriter, , s License Numbe_020fef'

2023-02-08 19:23:21 - [MESSAGE][PASSED] - Text '' is set on object 'Object Repository/RecAndPlayBk/Page-Vlink-Debit/input_concat(CheckWriter, , s License Numbe_020fef'

2023-02-08 19:23:21 - [TEST_STEP][PASSED] - setText(findTestObject("Object Repository/RecAndPlayBk/Page-Vlink-Debit/input_concat(CheckWriter, , s License State_21e3e7"), ""): Text '' is set on object 'Object Repository/RecAndPlayBk/Page-Vlink-Debit/input_concat(CheckWriter, , s License State_21e3e7'

2023-02-08 19:23:21 - [MESSAGE][PASSED] - Text '' is set on object 'Object Repository/RecAndPlayBk/Page-Vlink-Debit/input_concat(CheckWriter, , s License State_21e3e7'

2023-02-08 19:23:21 - [TEST_STEP][PASSED] - setText(findTestObject("RecAndPlayBk/Page-Vlink-Debit/input_Standard Entry Class"), sec): Text 'WEB' is set on object 'Object Repository/RecAndPlayBk/Page-Vlink-Debit/input_Standard Entry Class'

2023-02-08 19:23:22 - [MESSAGE][PASSED] - Text 'WEB' is set on object 'Object Repository/RecAndPlayBk/Page-Vlink-Debit/input_Standard Entry Class'

2023-02-08 19:23:22 - [TEST_STEP][PASSED] - click(findTestObject("Object Repository/RecAndPlayBk/Page-Vlink-Debit/input")): Object: 'Object Repository/RecAndPlayBk/Page-Vlink-Debit/input' is clicked on

2023-02-08 19:23:23 - [MESSAGE][PASSED] - Object: 'Object Repository/RecAndPlayBk/Page-Vlink-Debit/input' is clicked on

2023-02-08 19:23:23 - [TEST_STEP][PASSED] - if (verifyTextPresent(errorMsg, true)): null

2023-02-08 19:23:23 - [MESSAGE][PASSED] - Text 'check_zip' is present on page  using regular expression

2023-02-08 19:23:23 - [TEST_STEP][PASSED] - println("Error Message is present on the Confirmation page"): null

2023-02-08 19:23:23 - [TEST_STEP][PASSED] - out.println("Pass Record Number: " + row): null

2023-02-08 19:23:23 - [TEST_STEP][PASSED] - resText = "Pass": null

2023-02-08 19:23:23 - [TEST_STEP][PASSED] - pages.WriteExcel.demoKey(resText, datText, resColumn, datCloumn, fileLoc, nameSheet, row): pages.WriteExcel.demoKey is PASSED

2023-02-08 19:23:23 - [MESSAGE][PASSED] - pages.WriteExcel.demoKey is PASSED

2023-02-08 19:23:23 - [TEST_STEP][PASSED] - ExecuteTC = findTestData(dataFile).getValue("Execute", row): null

2023-02-08 19:23:23 - [TEST_STEP][PASSED] - out.println("Value of Execute is : " + ExecuteTC): null

2023-02-08 19:23:23 - [TEST_STEP][PASSED] - if (ExecuteTC.equalsIgnoreCase("Y")): null

2023-02-08 19:23:23 - [TEST_STEP][PASSED] - out.println("Begin Record Number: " + row): null

2023-02-08 19:23:23 - [TEST_STEP][PASSED] - today = new java.util.Date(): null

2023-02-08 19:23:23 - [TEST_STEP][PASSED] - println(today): null

2023-02-08 19:23:23 - [TEST_STEP][PASSED] - datText = today: null

2023-02-08 19:23:23 - [TEST_STEP][PASSED] - appID = findTestData(dataFile).getValue("AppID", row): null

2023-02-08 19:23:23 - [TEST_STEP][PASSED] - username = findTestData(dataFile).getValue("Username", row): null

2023-02-08 19:23:23 - [TEST_STEP][PASSED] - password = findTestData(dataFile).getValue("Password", row): null

2023-02-08 19:23:23 - [TEST_STEP][PASSED] - errorMsg = findTestData(dataFile).getValue("ErrorMsg", row): null

2023-02-08 19:23:23 - [TEST_STEP][PASSED] - tranType = findTestData(dataFile).getValue("TranType", row): null

2023-02-08 19:23:23 - [TEST_STEP][PASSED] - mv = findTestData(dataFile).getValue("MV", row): null

2023-02-08 19:23:23 - [TEST_STEP][PASSED] - resFormat = findTestData(dataFile).getValue("ResFormat", row): null

2023-02-08 19:23:23 - [TEST_STEP][PASSED] - fName = findTestData(dataFile).getValue("Fname", row): null

2023-02-08 19:23:24 - [TEST_STEP][PASSED] - lName = findTestData(dataFile).getValue("Lname", row): null

2023-02-08 19:23:24 - [TEST_STEP][PASSED] - al1 = findTestData(dataFile).getValue("AL1", row): null

2023-02-08 19:23:24 - [TEST_STEP][PASSED] - city = findTestData(dataFile).getValue("City", row): null

2023-02-08 19:23:24 - [TEST_STEP][PASSED] - state = findTestData(dataFile).getValue("State", row): null

2023-02-08 19:23:24 - [TEST_STEP][PASSED] - zip = findTestData(dataFile).getValue("ZIP", row): null

2023-02-08 19:23:24 - [TEST_STEP][PASSED] - checkType = findTestData(dataFile).getValue("CheckType", row): null

2023-02-08 19:23:24 - [TEST_STEP][PASSED] - acNumber = findTestData(dataFile).getValue("AcNumber", row): null

2023-02-08 19:23:24 - [TEST_STEP][PASSED] - company = findTestData(dataFile).getValue("Company", row): null

2023-02-08 19:23:24 - [TEST_STEP][PASSED] - acType = findTestData(dataFile).getValue("AcType", row): null

2023-02-08 19:23:24 - [TEST_STEP][PASSED] - rtn = findTestData(dataFile).getValue("RTN", row): null

2023-02-08 19:23:24 - [TEST_STEP][PASSED] - amount = findTestData(dataFile).getValue("Amount", row): null

2023-02-08 19:23:24 - [TEST_STEP][PASSED] - sec = findTestData(dataFile).getValue("SEC", row): null

2023-02-08 19:23:24 - [TEST_STEP][PASSED] - openBrowser(VLinkURL + "debit.html"): Browser is opened with url: 'https://dev-algorithm.govolution.com/vlinktest/QA/version_2_0/debit.html'

2023-02-08 19:23:24 - [MESSAGE][WARNING] - A browser is already opened. Closing browser and opening a new one

2023-02-08 19:23:25 - [MESSAGE][INFO] - Starting 'Chrome' driver

2023-02-08 19:23:25 - [MESSAGE][INFO] - User set preference: ['acceptInsecureCerts', 'true']

2023-02-08 19:23:25 - [MESSAGE][INFO] - Action delay is set to 0 milliseconds

2023-02-08 19:23:27 - [MESSAGE][PASSED] - Browser is opened with url: 'https://dev-algorithm.govolution.com/vlinktest/QA/version_2_0/debit.html'

2023-02-08 19:23:27 - [TEST_STEP][PASSED] - maximizeWindow(): Current window maximized

2023-02-08 19:23:27 - [MESSAGE][PASSED] - Current window maximized

2023-02-08 19:23:27 - [TEST_STEP][PASSED] - setText(findTestObject("Object Repository/RecAndPlayBk/Page-Vlink-Debit/input_Transaction Type"), tranType): Text '200' is set on object 'Object Repository/RecAndPlayBk/Page-Vlink-Debit/input_Transaction Type'

2023-02-08 19:23:28 - [MESSAGE][PASSED] - Text '200' is set on object 'Object Repository/RecAndPlayBk/Page-Vlink-Debit/input_Transaction Type'

2023-02-08 19:23:28 - [TEST_STEP][PASSED] - setText(findTestObject("Object Repository/RecAndPlayBk/Page-Vlink-Debit/input_Message Version"), mv): Text '2.0A' is set on object 'Object Repository/RecAndPlayBk/Page-Vlink-Debit/input_Message Version'

2023-02-08 19:23:28 - [MESSAGE][PASSED] - Text '2.0A' is set on object 'Object Repository/RecAndPlayBk/Page-Vlink-Debit/input_Message Version'

2023-02-08 19:23:28 - [TEST_STEP][PASSED] - genRemID = RandomStringUtils.random(12, true, true): null

2023-02-08 19:23:28 - [TEST_STEP][PASSED] - setText(findTestObject("RecAndPlayBk/Page-Vlink-Debit/input_Remittance Id"), genRemID): Text 'O6z9PTTG5Y3N' is set on object 'Object Repository/RecAndPlayBk/Page-Vlink-Debit/input_Remittance Id'

2023-02-08 19:23:29 - [MESSAGE][PASSED] - Text 'O6z9PTTG5Y3N' is set on object 'Object Repository/RecAndPlayBk/Page-Vlink-Debit/input_Remittance Id'

2023-02-08 19:23:29 - [TEST_STEP][PASSED] - setText(findTestObject("RecAndPlayBk/Page-Vlink-Debit/input_Application Id"), appID): Text '234' is set on object 'Object Repository/RecAndPlayBk/Page-Vlink-Debit/input_Application Id'

2023-02-08 19:23:30 - [MESSAGE][PASSED] - Text '234' is set on object 'Object Repository/RecAndPlayBk/Page-Vlink-Debit/input_Application Id'

2023-02-08 19:23:30 - [TEST_STEP][PASSED] - setText(findTestObject("RecAndPlayBk/Page-Vlink-Debit/input_Username"), username): Text 'username' is set on object 'Object Repository/RecAndPlayBk/Page-Vlink-Debit/input_Username'

2023-02-08 19:23:30 - [MESSAGE][PASSED] - Text 'username' is set on object 'Object Repository/RecAndPlayBk/Page-Vlink-Debit/input_Username'

2023-02-08 19:23:30 - [TEST_STEP][PASSED] - setText(findTestObject("RecAndPlayBk/Page-Vlink-Debit/input_Password"), password): Text 'password' is set on object 'Object Repository/RecAndPlayBk/Page-Vlink-Debit/input_Password'

2023-02-08 19:23:31 - [MESSAGE][PASSED] - Text 'password' is set on object 'Object Repository/RecAndPlayBk/Page-Vlink-Debit/input_Password'

2023-02-08 19:23:31 - [TEST_STEP][PASSED] - setText(findTestObject("Object Repository/RecAndPlayBk/Page-Vlink-Debit/input_Response Format"), resFormat): Text 'fixed_width' is set on object 'Object Repository/RecAndPlayBk/Page-Vlink-Debit/input_Response Format'

2023-02-08 19:23:32 - [MESSAGE][PASSED] - Text 'fixed_width' is set on object 'Object Repository/RecAndPlayBk/Page-Vlink-Debit/input_Response Format'

2023-02-08 19:23:32 - [TEST_STEP][PASSED] - setText(findTestObject("RecAndPlayBk/Page-Vlink-Debit/input_Check Type"), checkType): Text 'P' is set on object 'Object Repository/RecAndPlayBk/Page-Vlink-Debit/input_Check Type'

2023-02-08 19:23:32 - [MESSAGE][PASSED] - Text 'P' is set on object 'Object Repository/RecAndPlayBk/Page-Vlink-Debit/input_Check Type'

2023-02-08 19:23:32 - [TEST_STEP][PASSED] - setText(findTestObject("Object Repository/RecAndPlayBk/Page-Vlink-Debit/input_First Name"), fName): Text 'Andy' is set on object 'Object Repository/RecAndPlayBk/Page-Vlink-Debit/input_First Name'

2023-02-08 19:23:33 - [MESSAGE][PASSED] - Text 'Andy' is set on object 'Object Repository/RecAndPlayBk/Page-Vlink-Debit/input_First Name'

2023-02-08 19:23:33 - [TEST_STEP][PASSED] - setText(findTestObject("Object Repository/RecAndPlayBk/Page-Vlink-Debit/input_Last Name"), lName): Text 'Roberts' is set on object 'Object Repository/RecAndPlayBk/Page-Vlink-Debit/input_Last Name'

2023-02-08 19:23:33 - [MESSAGE][PASSED] - Text 'Roberts' is set on object 'Object Repository/RecAndPlayBk/Page-Vlink-Debit/input_Last Name'

2023-02-08 19:23:33 - [TEST_STEP][PASSED] - setText(findTestObject("Object Repository/RecAndPlayBk/Page-Vlink-Debit/input_Address"), al1): Text '145 Main Street' is set on object 'Object Repository/RecAndPlayBk/Page-Vlink-Debit/input_Address'

2023-02-08 19:23:34 - [MESSAGE][PASSED] - Text '145 Main Street' is set on object 'Object Repository/RecAndPlayBk/Page-Vlink-Debit/input_Address'

2023-02-08 19:23:34 - [TEST_STEP][PASSED] - setText(findTestObject("Object Repository/RecAndPlayBk/Page-Vlink-Debit/input_City"), city): Text 'Arlington' is set on object 'Object Repository/RecAndPlayBk/Page-Vlink-Debit/input_City'

2023-02-08 19:23:35 - [MESSAGE][PASSED] - Text 'Arlington' is set on object 'Object Repository/RecAndPlayBk/Page-Vlink-Debit/input_City'

2023-02-08 19:23:35 - [TEST_STEP][PASSED] - setText(findTestObject("Object Repository/RecAndPlayBk/Page-Vlink-Debit/input_State"), state): Text 'VA' is set on object 'Object Repository/RecAndPlayBk/Page-Vlink-Debit/input_State'

2023-02-08 19:23:35 - [MESSAGE][PASSED] - Text 'VA' is set on object 'Object Repository/RecAndPlayBk/Page-Vlink-Debit/input_State'

2023-02-08 19:23:35 - [TEST_STEP][PASSED] - setText(findTestObject("Object Repository/RecAndPlayBk/Page-Vlink-Debit/input_Zip"), zip): Text '22201' is set on object 'Object Repository/RecAndPlayBk/Page-Vlink-Debit/input_Zip'

2023-02-08 19:23:36 - [MESSAGE][PASSED] - Text '22201' is set on object 'Object Repository/RecAndPlayBk/Page-Vlink-Debit/input_Zip'

2023-02-08 19:23:36 - [TEST_STEP][PASSED] - setText(findTestObject("RecAndPlayBk/Page-Vlink-Debit/input_Account_check"), acNumber): Text '' is set on object 'Object Repository/RecAndPlayBk/Page-Vlink-Debit/input_Account_check'

2023-02-08 19:23:37 - [MESSAGE][PASSED] - Text '' is set on object 'Object Repository/RecAndPlayBk/Page-Vlink-Debit/input_Account_check'

2023-02-08 19:23:37 - [TEST_STEP][PASSED] - setText(findTestObject("RecAndPlayBk/Page-Vlink-Debit/input_Company_check"), company): Text '' is set on object 'Object Repository/RecAndPlayBk/Page-Vlink-Debit/input_Company_check'

2023-02-08 19:23:37 - [MESSAGE][PASSED] - Text '' is set on object 'Object Repository/RecAndPlayBk/Page-Vlink-Debit/input_Company_check'

2023-02-08 19:23:37 - [TEST_STEP][PASSED] - setText(findTestObject("RecAndPlayBk/Page-Vlink-Debit/input_Account Type"), acType): Text '1' is set on object 'Object Repository/RecAndPlayBk/Page-Vlink-Debit/input_Account Type'

2023-02-08 19:23:38 - [MESSAGE][PASSED] - Text '1' is set on object 'Object Repository/RecAndPlayBk/Page-Vlink-Debit/input_Account Type'

2023-02-08 19:23:38 - [TEST_STEP][PASSED] - setText(findTestObject("RecAndPlayBk/Page-Vlink-Debit/input_Routing Number"), rtn): Text '256072691' is set on object 'Object Repository/RecAndPlayBk/Page-Vlink-Debit/input_Routing Number'

2023-02-08 19:23:38 - [MESSAGE][PASSED] - Text '256072691' is set on object 'Object Repository/RecAndPlayBk/Page-Vlink-Debit/input_Routing Number'

2023-02-08 19:23:38 - [TEST_STEP][PASSED] - setText(findTestObject("RecAndPlayBk/Page-Vlink-Debit/input_Amount"), amount): Text '12.50' is set on object 'Object Repository/RecAndPlayBk/Page-Vlink-Debit/input_Amount'

2023-02-08 19:23:39 - [MESSAGE][PASSED] - Text '12.50' is set on object 'Object Repository/RecAndPlayBk/Page-Vlink-Debit/input_Amount'

2023-02-08 19:23:39 - [TEST_STEP][PASSED] - setText(findTestObject("RecAndPlayBk/Page-Vlink-Debit/input_Check Email"), ""): Text '' is set on object 'Object Repository/RecAndPlayBk/Page-Vlink-Debit/input_Check Email'

2023-02-08 19:23:40 - [MESSAGE][PASSED] - Text '' is set on object 'Object Repository/RecAndPlayBk/Page-Vlink-Debit/input_Check Email'

2023-02-08 19:23:40 - [TEST_STEP][PASSED] - setText(findTestObject("Object Repository/RecAndPlayBk/Page-Vlink-Debit/input_concat(CheckWriter, , s SSN)_check_ssn"), ""): Text '' is set on object 'Object Repository/RecAndPlayBk/Page-Vlink-Debit/input_concat(CheckWriter, , s SSN)_check_ssn'

2023-02-08 19:23:40 - [MESSAGE][PASSED] - Text '' is set on object 'Object Repository/RecAndPlayBk/Page-Vlink-Debit/input_concat(CheckWriter, , s SSN)_check_ssn'

2023-02-08 19:23:40 - [TEST_STEP][PASSED] - setText(findTestObject("Object Repository/RecAndPlayBk/Page-Vlink-Debit/input_concat(CheckWriter, , s License Numbe_020fef"), ""): Text '' is set on object 'Object Repository/RecAndPlayBk/Page-Vlink-Debit/input_concat(CheckWriter, , s License Numbe_020fef'

2023-02-08 19:23:41 - [MESSAGE][PASSED] - Text '' is set on object 'Object Repository/RecAndPlayBk/Page-Vlink-Debit/input_concat(CheckWriter, , s License Numbe_020fef'

2023-02-08 19:23:41 - [TEST_STEP][PASSED] - setText(findTestObject("Object Repository/RecAndPlayBk/Page-Vlink-Debit/input_concat(CheckWriter, , s License State_21e3e7"), ""): Text '' is set on object 'Object Repository/RecAndPlayBk/Page-Vlink-Debit/input_concat(CheckWriter, , s License State_21e3e7'

2023-02-08 19:23:42 - [MESSAGE][PASSED] - Text '' is set on object 'Object Repository/RecAndPlayBk/Page-Vlink-Debit/input_concat(CheckWriter, , s License State_21e3e7'

2023-02-08 19:23:42 - [TEST_STEP][PASSED] - setText(findTestObject("RecAndPlayBk/Page-Vlink-Debit/input_Standard Entry Class"), sec): Text 'WEB' is set on object 'Object Repository/RecAndPlayBk/Page-Vlink-Debit/input_Standard Entry Class'

2023-02-08 19:23:42 - [MESSAGE][PASSED] - Text 'WEB' is set on object 'Object Repository/RecAndPlayBk/Page-Vlink-Debit/input_Standard Entry Class'

2023-02-08 19:23:42 - [TEST_STEP][PASSED] - click(findTestObject("Object Repository/RecAndPlayBk/Page-Vlink-Debit/input")): Object: 'Object Repository/RecAndPlayBk/Page-Vlink-Debit/input' is clicked on

2023-02-08 19:23:43 - [MESSAGE][PASSED] - Object: 'Object Repository/RecAndPlayBk/Page-Vlink-Debit/input' is clicked on

2023-02-08 19:23:43 - [TEST_STEP][PASSED] - if (verifyTextPresent(errorMsg, true)): null

2023-02-08 19:23:43 - [MESSAGE][PASSED] - Text 'check_account' is present on page  using regular expression

2023-02-08 19:23:43 - [TEST_STEP][PASSED] - println("Error Message is present on the Confirmation page"): null

2023-02-08 19:23:43 - [TEST_STEP][PASSED] - out.println("Pass Record Number: " + row): null

2023-02-08 19:23:43 - [TEST_STEP][PASSED] - resText = "Pass": null

2023-02-08 19:23:43 - [TEST_STEP][PASSED] - pages.WriteExcel.demoKey(resText, datText, resColumn, datCloumn, fileLoc, nameSheet, row): pages.WriteExcel.demoKey is PASSED

2023-02-08 19:23:43 - [MESSAGE][PASSED] - pages.WriteExcel.demoKey is PASSED

2023-02-08 19:23:43 - [TEST_STEP][PASSED] - ExecuteTC = findTestData(dataFile).getValue("Execute", row): null

2023-02-08 19:23:44 - [TEST_STEP][PASSED] - out.println("Value of Execute is : " + ExecuteTC): null

2023-02-08 19:23:44 - [TEST_STEP][PASSED] - if (ExecuteTC.equalsIgnoreCase("Y")): null

2023-02-08 19:23:44 - [TEST_STEP][PASSED] - out.println("Begin Record Number: " + row): null

2023-02-08 19:23:44 - [TEST_STEP][PASSED] - today = new java.util.Date(): null

2023-02-08 19:23:44 - [TEST_STEP][PASSED] - println(today): null

2023-02-08 19:23:44 - [TEST_STEP][PASSED] - datText = today: null

2023-02-08 19:23:44 - [TEST_STEP][PASSED] - appID = findTestData(dataFile).getValue("AppID", row): null

2023-02-08 19:23:44 - [TEST_STEP][PASSED] - username = findTestData(dataFile).getValue("Username", row): null

2023-02-08 19:23:44 - [TEST_STEP][PASSED] - password = findTestData(dataFile).getValue("Password", row): null

2023-02-08 19:23:44 - [TEST_STEP][PASSED] - errorMsg = findTestData(dataFile).getValue("ErrorMsg", row): null

2023-02-08 19:23:44 - [TEST_STEP][PASSED] - tranType = findTestData(dataFile).getValue("TranType", row): null

2023-02-08 19:23:44 - [TEST_STEP][PASSED] - mv = findTestData(dataFile).getValue("MV", row): null

2023-02-08 19:23:44 - [TEST_STEP][PASSED] - resFormat = findTestData(dataFile).getValue("ResFormat", row): null

2023-02-08 19:23:44 - [TEST_STEP][PASSED] - fName = findTestData(dataFile).getValue("Fname", row): null

2023-02-08 19:23:44 - [TEST_STEP][PASSED] - lName = findTestData(dataFile).getValue("Lname", row): null

2023-02-08 19:23:44 - [TEST_STEP][PASSED] - al1 = findTestData(dataFile).getValue("AL1", row): null

2023-02-08 19:23:44 - [TEST_STEP][PASSED] - city = findTestData(dataFile).getValue("City", row): null

2023-02-08 19:23:44 - [TEST_STEP][PASSED] - state = findTestData(dataFile).getValue("State", row): null

2023-02-08 19:23:44 - [TEST_STEP][PASSED] - zip = findTestData(dataFile).getValue("ZIP", row): null

2023-02-08 19:23:44 - [TEST_STEP][PASSED] - checkType = findTestData(dataFile).getValue("CheckType", row): null

2023-02-08 19:23:44 - [TEST_STEP][PASSED] - acNumber = findTestData(dataFile).getValue("AcNumber", row): null

2023-02-08 19:23:44 - [TEST_STEP][PASSED] - company = findTestData(dataFile).getValue("Company", row): null

2023-02-08 19:23:45 - [TEST_STEP][PASSED] - acType = findTestData(dataFile).getValue("AcType", row): null

2023-02-08 19:23:45 - [TEST_STEP][PASSED] - rtn = findTestData(dataFile).getValue("RTN", row): null

2023-02-08 19:23:45 - [TEST_STEP][PASSED] - amount = findTestData(dataFile).getValue("Amount", row): null

2023-02-08 19:23:45 - [TEST_STEP][PASSED] - sec = findTestData(dataFile).getValue("SEC", row): null

2023-02-08 19:23:45 - [TEST_STEP][PASSED] - openBrowser(VLinkURL + "debit.html"): Browser is opened with url: 'https://dev-algorithm.govolution.com/vlinktest/QA/version_2_0/debit.html'

2023-02-08 19:23:45 - [MESSAGE][WARNING] - A browser is already opened. Closing browser and opening a new one

2023-02-08 19:23:46 - [MESSAGE][INFO] - Starting 'Chrome' driver

2023-02-08 19:23:46 - [MESSAGE][INFO] - User set preference: ['acceptInsecureCerts', 'true']

2023-02-08 19:23:46 - [MESSAGE][INFO] - Action delay is set to 0 milliseconds

2023-02-08 19:23:47 - [MESSAGE][PASSED] - Browser is opened with url: 'https://dev-algorithm.govolution.com/vlinktest/QA/version_2_0/debit.html'

2023-02-08 19:23:47 - [TEST_STEP][PASSED] - maximizeWindow(): Current window maximized

2023-02-08 19:23:48 - [MESSAGE][PASSED] - Current window maximized

2023-02-08 19:23:48 - [TEST_STEP][PASSED] - setText(findTestObject("Object Repository/RecAndPlayBk/Page-Vlink-Debit/input_Transaction Type"), tranType): Text '200' is set on object 'Object Repository/RecAndPlayBk/Page-Vlink-Debit/input_Transaction Type'

2023-02-08 19:23:48 - [MESSAGE][PASSED] - Text '200' is set on object 'Object Repository/RecAndPlayBk/Page-Vlink-Debit/input_Transaction Type'

2023-02-08 19:23:48 - [TEST_STEP][PASSED] - setText(findTestObject("Object Repository/RecAndPlayBk/Page-Vlink-Debit/input_Message Version"), mv): Text '2.0A' is set on object 'Object Repository/RecAndPlayBk/Page-Vlink-Debit/input_Message Version'

2023-02-08 19:23:49 - [MESSAGE][PASSED] - Text '2.0A' is set on object 'Object Repository/RecAndPlayBk/Page-Vlink-Debit/input_Message Version'

2023-02-08 19:23:49 - [TEST_STEP][PASSED] - genRemID = RandomStringUtils.random(12, true, true): null

2023-02-08 19:23:49 - [TEST_STEP][PASSED] - setText(findTestObject("RecAndPlayBk/Page-Vlink-Debit/input_Remittance Id"), genRemID): Text 'VaBRN4YdnkLy' is set on object 'Object Repository/RecAndPlayBk/Page-Vlink-Debit/input_Remittance Id'

2023-02-08 19:23:50 - [MESSAGE][PASSED] - Text 'VaBRN4YdnkLy' is set on object 'Object Repository/RecAndPlayBk/Page-Vlink-Debit/input_Remittance Id'

2023-02-08 19:23:50 - [TEST_STEP][PASSED] - setText(findTestObject("RecAndPlayBk/Page-Vlink-Debit/input_Application Id"), appID): Text '234' is set on object 'Object Repository/RecAndPlayBk/Page-Vlink-Debit/input_Application Id'

2023-02-08 19:23:50 - [MESSAGE][PASSED] - Text '234' is set on object 'Object Repository/RecAndPlayBk/Page-Vlink-Debit/input_Application Id'

2023-02-08 19:23:50 - [TEST_STEP][PASSED] - setText(findTestObject("RecAndPlayBk/Page-Vlink-Debit/input_Username"), username): Text 'username' is set on object 'Object Repository/RecAndPlayBk/Page-Vlink-Debit/input_Username'

2023-02-08 19:23:51 - [MESSAGE][PASSED] - Text 'username' is set on object 'Object Repository/RecAndPlayBk/Page-Vlink-Debit/input_Username'

2023-02-08 19:23:51 - [TEST_STEP][PASSED] - setText(findTestObject("RecAndPlayBk/Page-Vlink-Debit/input_Password"), password): Text 'password' is set on object 'Object Repository/RecAndPlayBk/Page-Vlink-Debit/input_Password'

2023-02-08 19:23:52 - [MESSAGE][PASSED] - Text 'password' is set on object 'Object Repository/RecAndPlayBk/Page-Vlink-Debit/input_Password'

2023-02-08 19:23:52 - [TEST_STEP][PASSED] - setText(findTestObject("Object Repository/RecAndPlayBk/Page-Vlink-Debit/input_Response Format"), resFormat): Text 'fixed_width' is set on object 'Object Repository/RecAndPlayBk/Page-Vlink-Debit/input_Response Format'

2023-02-08 19:23:52 - [MESSAGE][PASSED] - Text 'fixed_width' is set on object 'Object Repository/RecAndPlayBk/Page-Vlink-Debit/input_Response Format'

2023-02-08 19:23:52 - [TEST_STEP][PASSED] - setText(findTestObject("RecAndPlayBk/Page-Vlink-Debit/input_Check Type"), checkType): Text 'P' is set on object 'Object Repository/RecAndPlayBk/Page-Vlink-Debit/input_Check Type'

2023-02-08 19:23:53 - [MESSAGE][PASSED] - Text 'P' is set on object 'Object Repository/RecAndPlayBk/Page-Vlink-Debit/input_Check Type'

2023-02-08 19:23:53 - [TEST_STEP][PASSED] - setText(findTestObject("Object Repository/RecAndPlayBk/Page-Vlink-Debit/input_First Name"), fName): Text 'Andy' is set on object 'Object Repository/RecAndPlayBk/Page-Vlink-Debit/input_First Name'

2023-02-08 19:23:53 - [MESSAGE][PASSED] - Text 'Andy' is set on object 'Object Repository/RecAndPlayBk/Page-Vlink-Debit/input_First Name'

2023-02-08 19:23:53 - [TEST_STEP][PASSED] - setText(findTestObject("Object Repository/RecAndPlayBk/Page-Vlink-Debit/input_Last Name"), lName): Text 'Roberts' is set on object 'Object Repository/RecAndPlayBk/Page-Vlink-Debit/input_Last Name'

2023-02-08 19:23:54 - [MESSAGE][PASSED] - Text 'Roberts' is set on object 'Object Repository/RecAndPlayBk/Page-Vlink-Debit/input_Last Name'

2023-02-08 19:23:54 - [TEST_STEP][PASSED] - setText(findTestObject("Object Repository/RecAndPlayBk/Page-Vlink-Debit/input_Address"), al1): Text '145 Main Street' is set on object 'Object Repository/RecAndPlayBk/Page-Vlink-Debit/input_Address'

2023-02-08 19:23:55 - [MESSAGE][PASSED] - Text '145 Main Street' is set on object 'Object Repository/RecAndPlayBk/Page-Vlink-Debit/input_Address'

2023-02-08 19:23:55 - [TEST_STEP][PASSED] - setText(findTestObject("Object Repository/RecAndPlayBk/Page-Vlink-Debit/input_City"), city): Text 'Arlington' is set on object 'Object Repository/RecAndPlayBk/Page-Vlink-Debit/input_City'

2023-02-08 19:23:55 - [MESSAGE][PASSED] - Text 'Arlington' is set on object 'Object Repository/RecAndPlayBk/Page-Vlink-Debit/input_City'

2023-02-08 19:23:55 - [TEST_STEP][PASSED] - setText(findTestObject("Object Repository/RecAndPlayBk/Page-Vlink-Debit/input_State"), state): Text 'VA' is set on object 'Object Repository/RecAndPlayBk/Page-Vlink-Debit/input_State'

2023-02-08 19:23:56 - [MESSAGE][PASSED] - Text 'VA' is set on object 'Object Repository/RecAndPlayBk/Page-Vlink-Debit/input_State'

2023-02-08 19:23:56 - [TEST_STEP][PASSED] - setText(findTestObject("Object Repository/RecAndPlayBk/Page-Vlink-Debit/input_Zip"), zip): Text '22201' is set on object 'Object Repository/RecAndPlayBk/Page-Vlink-Debit/input_Zip'

2023-02-08 19:23:57 - [MESSAGE][PASSED] - Text '22201' is set on object 'Object Repository/RecAndPlayBk/Page-Vlink-Debit/input_Zip'

2023-02-08 19:23:57 - [TEST_STEP][PASSED] - setText(findTestObject("RecAndPlayBk/Page-Vlink-Debit/input_Account_check"), acNumber): Text '58963214' is set on object 'Object Repository/RecAndPlayBk/Page-Vlink-Debit/input_Account_check'

2023-02-08 19:23:57 - [MESSAGE][PASSED] - Text '58963214' is set on object 'Object Repository/RecAndPlayBk/Page-Vlink-Debit/input_Account_check'

2023-02-08 19:23:57 - [TEST_STEP][PASSED] - setText(findTestObject("RecAndPlayBk/Page-Vlink-Debit/input_Company_check"), company): Text '' is set on object 'Object Repository/RecAndPlayBk/Page-Vlink-Debit/input_Company_check'

2023-02-08 19:23:58 - [MESSAGE][PASSED] - Text '' is set on object 'Object Repository/RecAndPlayBk/Page-Vlink-Debit/input_Company_check'

2023-02-08 19:23:58 - [TEST_STEP][PASSED] - setText(findTestObject("RecAndPlayBk/Page-Vlink-Debit/input_Account Type"), acType): Text '' is set on object 'Object Repository/RecAndPlayBk/Page-Vlink-Debit/input_Account Type'

2023-02-08 19:23:58 - [MESSAGE][PASSED] - Text '' is set on object 'Object Repository/RecAndPlayBk/Page-Vlink-Debit/input_Account Type'

2023-02-08 19:23:58 - [TEST_STEP][PASSED] - setText(findTestObject("RecAndPlayBk/Page-Vlink-Debit/input_Routing Number"), rtn): Text '256072691' is set on object 'Object Repository/RecAndPlayBk/Page-Vlink-Debit/input_Routing Number'

2023-02-08 19:23:59 - [MESSAGE][PASSED] - Text '256072691' is set on object 'Object Repository/RecAndPlayBk/Page-Vlink-Debit/input_Routing Number'

2023-02-08 19:23:59 - [TEST_STEP][PASSED] - setText(findTestObject("RecAndPlayBk/Page-Vlink-Debit/input_Amount"), amount): Text '12.50' is set on object 'Object Repository/RecAndPlayBk/Page-Vlink-Debit/input_Amount'

2023-02-08 19:24:00 - [MESSAGE][PASSED] - Text '12.50' is set on object 'Object Repository/RecAndPlayBk/Page-Vlink-Debit/input_Amount'

2023-02-08 19:24:00 - [TEST_STEP][PASSED] - setText(findTestObject("RecAndPlayBk/Page-Vlink-Debit/input_Check Email"), ""): Text '' is set on object 'Object Repository/RecAndPlayBk/Page-Vlink-Debit/input_Check Email'

2023-02-08 19:24:00 - [MESSAGE][PASSED] - Text '' is set on object 'Object Repository/RecAndPlayBk/Page-Vlink-Debit/input_Check Email'

2023-02-08 19:24:00 - [TEST_STEP][PASSED] - setText(findTestObject("Object Repository/RecAndPlayBk/Page-Vlink-Debit/input_concat(CheckWriter, , s SSN)_check_ssn"), ""): Text '' is set on object 'Object Repository/RecAndPlayBk/Page-Vlink-Debit/input_concat(CheckWriter, , s SSN)_check_ssn'

2023-02-08 19:24:01 - [MESSAGE][PASSED] - Text '' is set on object 'Object Repository/RecAndPlayBk/Page-Vlink-Debit/input_concat(CheckWriter, , s SSN)_check_ssn'

2023-02-08 19:24:01 - [TEST_STEP][PASSED] - setText(findTestObject("Object Repository/RecAndPlayBk/Page-Vlink-Debit/input_concat(CheckWriter, , s License Numbe_020fef"), ""): Text '' is set on object 'Object Repository/RecAndPlayBk/Page-Vlink-Debit/input_concat(CheckWriter, , s License Numbe_020fef'

2023-02-08 19:24:02 - [MESSAGE][PASSED] - Text '' is set on object 'Object Repository/RecAndPlayBk/Page-Vlink-Debit/input_concat(CheckWriter, , s License Numbe_020fef'

2023-02-08 19:24:02 - [TEST_STEP][PASSED] - setText(findTestObject("Object Repository/RecAndPlayBk/Page-Vlink-Debit/input_concat(CheckWriter, , s License State_21e3e7"), ""): Text '' is set on object 'Object Repository/RecAndPlayBk/Page-Vlink-Debit/input_concat(CheckWriter, , s License State_21e3e7'

2023-02-08 19:24:02 - [MESSAGE][PASSED] - Text '' is set on object 'Object Repository/RecAndPlayBk/Page-Vlink-Debit/input_concat(CheckWriter, , s License State_21e3e7'

2023-02-08 19:24:02 - [TEST_STEP][PASSED] - setText(findTestObject("RecAndPlayBk/Page-Vlink-Debit/input_Standard Entry Class"), sec): Text 'WEB' is set on object 'Object Repository/RecAndPlayBk/Page-Vlink-Debit/input_Standard Entry Class'

2023-02-08 19:24:03 - [MESSAGE][PASSED] - Text 'WEB' is set on object 'Object Repository/RecAndPlayBk/Page-Vlink-Debit/input_Standard Entry Class'

2023-02-08 19:24:03 - [TEST_STEP][PASSED] - click(findTestObject("Object Repository/RecAndPlayBk/Page-Vlink-Debit/input")): Object: 'Object Repository/RecAndPlayBk/Page-Vlink-Debit/input' is clicked on

2023-02-08 19:24:04 - [MESSAGE][PASSED] - Object: 'Object Repository/RecAndPlayBk/Page-Vlink-Debit/input' is clicked on

2023-02-08 19:24:04 - [TEST_STEP][PASSED] - if (verifyTextPresent(errorMsg, true)): null

2023-02-08 19:24:04 - [MESSAGE][PASSED] - Text 'account_type' is present on page  using regular expression

2023-02-08 19:24:04 - [TEST_STEP][PASSED] - println("Error Message is present on the Confirmation page"): null

2023-02-08 19:24:04 - [TEST_STEP][PASSED] - out.println("Pass Record Number: " + row): null

2023-02-08 19:24:04 - [TEST_STEP][PASSED] - resText = "Pass": null

2023-02-08 19:24:04 - [TEST_STEP][PASSED] - pages.WriteExcel.demoKey(resText, datText, resColumn, datCloumn, fileLoc, nameSheet, row): pages.WriteExcel.demoKey is PASSED

2023-02-08 19:24:04 - [MESSAGE][PASSED] - pages.WriteExcel.demoKey is PASSED

2023-02-08 19:24:04 - [TEST_STEP][PASSED] - ExecuteTC = findTestData(dataFile).getValue("Execute", row): null

2023-02-08 19:24:04 - [TEST_STEP][PASSED] - out.println("Value of Execute is : " + ExecuteTC): null

2023-02-08 19:24:04 - [TEST_STEP][PASSED] - if (ExecuteTC.equalsIgnoreCase("Y")): null

2023-02-08 19:24:04 - [TEST_STEP][PASSED] - out.println("Begin Record Number: " + row): null

2023-02-08 19:24:04 - [TEST_STEP][PASSED] - today = new java.util.Date(): null

2023-02-08 19:24:04 - [TEST_STEP][PASSED] - println(today): null

2023-02-08 19:24:04 - [TEST_STEP][PASSED] - datText = today: null

2023-02-08 19:24:04 - [TEST_STEP][PASSED] - appID = findTestData(dataFile).getValue("AppID", row): null

2023-02-08 19:24:04 - [TEST_STEP][PASSED] - username = findTestData(dataFile).getValue("Username", row): null

2023-02-08 19:24:04 - [TEST_STEP][PASSED] - password = findTestData(dataFile).getValue("Password", row): null

2023-02-08 19:24:04 - [TEST_STEP][PASSED] - errorMsg = findTestData(dataFile).getValue("ErrorMsg", row): null

2023-02-08 19:24:04 - [TEST_STEP][PASSED] - tranType = findTestData(dataFile).getValue("TranType", row): null

2023-02-08 19:24:04 - [TEST_STEP][PASSED] - mv = findTestData(dataFile).getValue("MV", row): null

2023-02-08 19:24:04 - [TEST_STEP][PASSED] - resFormat = findTestData(dataFile).getValue("ResFormat", row): null

2023-02-08 19:24:04 - [TEST_STEP][PASSED] - fName = findTestData(dataFile).getValue("Fname", row): null

2023-02-08 19:24:04 - [TEST_STEP][PASSED] - lName = findTestData(dataFile).getValue("Lname", row): null

2023-02-08 19:24:04 - [TEST_STEP][PASSED] - al1 = findTestData(dataFile).getValue("AL1", row): null

2023-02-08 19:24:05 - [TEST_STEP][PASSED] - city = findTestData(dataFile).getValue("City", row): null

2023-02-08 19:24:05 - [TEST_STEP][PASSED] - state = findTestData(dataFile).getValue("State", row): null

2023-02-08 19:24:05 - [TEST_STEP][PASSED] - zip = findTestData(dataFile).getValue("ZIP", row): null

2023-02-08 19:24:05 - [TEST_STEP][PASSED] - checkType = findTestData(dataFile).getValue("CheckType", row): null

2023-02-08 19:24:05 - [TEST_STEP][PASSED] - acNumber = findTestData(dataFile).getValue("AcNumber", row): null

2023-02-08 19:24:05 - [TEST_STEP][PASSED] - company = findTestData(dataFile).getValue("Company", row): null

2023-02-08 19:24:05 - [TEST_STEP][PASSED] - acType = findTestData(dataFile).getValue("AcType", row): null

2023-02-08 19:24:05 - [TEST_STEP][PASSED] - rtn = findTestData(dataFile).getValue("RTN", row): null

2023-02-08 19:24:05 - [TEST_STEP][PASSED] - amount = findTestData(dataFile).getValue("Amount", row): null

2023-02-08 19:24:05 - [TEST_STEP][PASSED] - sec = findTestData(dataFile).getValue("SEC", row): null

2023-02-08 19:24:05 - [TEST_STEP][PASSED] - openBrowser(VLinkURL + "debit.html"): Browser is opened with url: 'https://dev-algorithm.govolution.com/vlinktest/QA/version_2_0/debit.html'

2023-02-08 19:24:05 - [MESSAGE][WARNING] - A browser is already opened. Closing browser and opening a new one

2023-02-08 19:24:06 - [MESSAGE][INFO] - Starting 'Chrome' driver

2023-02-08 19:24:06 - [MESSAGE][INFO] - User set preference: ['acceptInsecureCerts', 'true']

2023-02-08 19:24:06 - [MESSAGE][INFO] - Action delay is set to 0 milliseconds

2023-02-08 19:24:08 - [MESSAGE][PASSED] - Browser is opened with url: 'https://dev-algorithm.govolution.com/vlinktest/QA/version_2_0/debit.html'

2023-02-08 19:24:08 - [TEST_STEP][PASSED] - maximizeWindow(): Current window maximized

2023-02-08 19:24:08 - [MESSAGE][PASSED] - Current window maximized

2023-02-08 19:24:08 - [TEST_STEP][PASSED] - setText(findTestObject("Object Repository/RecAndPlayBk/Page-Vlink-Debit/input_Transaction Type"), tranType): Text '200' is set on object 'Object Repository/RecAndPlayBk/Page-Vlink-Debit/input_Transaction Type'

2023-02-08 19:24:09 - [MESSAGE][PASSED] - Text '200' is set on object 'Object Repository/RecAndPlayBk/Page-Vlink-Debit/input_Transaction Type'

2023-02-08 19:24:09 - [TEST_STEP][PASSED] - setText(findTestObject("Object Repository/RecAndPlayBk/Page-Vlink-Debit/input_Message Version"), mv): Text '2.0A' is set on object 'Object Repository/RecAndPlayBk/Page-Vlink-Debit/input_Message Version'

2023-02-08 19:24:10 - [MESSAGE][PASSED] - Text '2.0A' is set on object 'Object Repository/RecAndPlayBk/Page-Vlink-Debit/input_Message Version'

2023-02-08 19:24:10 - [TEST_STEP][PASSED] - genRemID = RandomStringUtils.random(12, true, true): null

2023-02-08 19:24:10 - [TEST_STEP][PASSED] - setText(findTestObject("RecAndPlayBk/Page-Vlink-Debit/input_Remittance Id"), genRemID): Text 'XpdZspFUEmeD' is set on object 'Object Repository/RecAndPlayBk/Page-Vlink-Debit/input_Remittance Id'

2023-02-08 19:24:10 - [MESSAGE][PASSED] - Text 'XpdZspFUEmeD' is set on object 'Object Repository/RecAndPlayBk/Page-Vlink-Debit/input_Remittance Id'

2023-02-08 19:24:10 - [TEST_STEP][PASSED] - setText(findTestObject("RecAndPlayBk/Page-Vlink-Debit/input_Application Id"), appID): Text '234' is set on object 'Object Repository/RecAndPlayBk/Page-Vlink-Debit/input_Application Id'

2023-02-08 19:24:11 - [MESSAGE][PASSED] - Text '234' is set on object 'Object Repository/RecAndPlayBk/Page-Vlink-Debit/input_Application Id'

2023-02-08 19:24:11 - [TEST_STEP][PASSED] - setText(findTestObject("RecAndPlayBk/Page-Vlink-Debit/input_Username"), username): Text 'username' is set on object 'Object Repository/RecAndPlayBk/Page-Vlink-Debit/input_Username'

2023-02-08 19:24:11 - [MESSAGE][PASSED] - Text 'username' is set on object 'Object Repository/RecAndPlayBk/Page-Vlink-Debit/input_Username'

2023-02-08 19:24:11 - [TEST_STEP][PASSED] - setText(findTestObject("RecAndPlayBk/Page-Vlink-Debit/input_Password"), password): Text 'password' is set on object 'Object Repository/RecAndPlayBk/Page-Vlink-Debit/input_Password'

2023-02-08 19:24:12 - [MESSAGE][PASSED] - Text 'password' is set on object 'Object Repository/RecAndPlayBk/Page-Vlink-Debit/input_Password'

2023-02-08 19:24:12 - [TEST_STEP][PASSED] - setText(findTestObject("Object Repository/RecAndPlayBk/Page-Vlink-Debit/input_Response Format"), resFormat): Text 'fixed_width' is set on object 'Object Repository/RecAndPlayBk/Page-Vlink-Debit/input_Response Format'

2023-02-08 19:24:13 - [MESSAGE][PASSED] - Text 'fixed_width' is set on object 'Object Repository/RecAndPlayBk/Page-Vlink-Debit/input_Response Format'

2023-02-08 19:24:13 - [TEST_STEP][PASSED] - setText(findTestObject("RecAndPlayBk/Page-Vlink-Debit/input_Check Type"), checkType): Text 'P' is set on object 'Object Repository/RecAndPlayBk/Page-Vlink-Debit/input_Check Type'

2023-02-08 19:24:13 - [MESSAGE][PASSED] - Text 'P' is set on object 'Object Repository/RecAndPlayBk/Page-Vlink-Debit/input_Check Type'

2023-02-08 19:24:13 - [TEST_STEP][PASSED] - setText(findTestObject("Object Repository/RecAndPlayBk/Page-Vlink-Debit/input_First Name"), fName): Text 'Andy' is set on object 'Object Repository/RecAndPlayBk/Page-Vlink-Debit/input_First Name'

2023-02-08 19:24:14 - [MESSAGE][PASSED] - Text 'Andy' is set on object 'Object Repository/RecAndPlayBk/Page-Vlink-Debit/input_First Name'

2023-02-08 19:24:14 - [TEST_STEP][PASSED] - setText(findTestObject("Object Repository/RecAndPlayBk/Page-Vlink-Debit/input_Last Name"), lName): Text 'Roberts' is set on object 'Object Repository/RecAndPlayBk/Page-Vlink-Debit/input_Last Name'

2023-02-08 19:24:15 - [MESSAGE][PASSED] - Text 'Roberts' is set on object 'Object Repository/RecAndPlayBk/Page-Vlink-Debit/input_Last Name'

2023-02-08 19:24:15 - [TEST_STEP][PASSED] - setText(findTestObject("Object Repository/RecAndPlayBk/Page-Vlink-Debit/input_Address"), al1): Text '145 Main Street' is set on object 'Object Repository/RecAndPlayBk/Page-Vlink-Debit/input_Address'

2023-02-08 19:24:15 - [MESSAGE][PASSED] - Text '145 Main Street' is set on object 'Object Repository/RecAndPlayBk/Page-Vlink-Debit/input_Address'

2023-02-08 19:24:15 - [TEST_STEP][PASSED] - setText(findTestObject("Object Repository/RecAndPlayBk/Page-Vlink-Debit/input_City"), city): Text 'Arlington' is set on object 'Object Repository/RecAndPlayBk/Page-Vlink-Debit/input_City'

2023-02-08 19:24:16 - [MESSAGE][PASSED] - Text 'Arlington' is set on object 'Object Repository/RecAndPlayBk/Page-Vlink-Debit/input_City'

2023-02-08 19:24:16 - [TEST_STEP][PASSED] - setText(findTestObject("Object Repository/RecAndPlayBk/Page-Vlink-Debit/input_State"), state): Text 'VA' is set on object 'Object Repository/RecAndPlayBk/Page-Vlink-Debit/input_State'

2023-02-08 19:24:16 - [MESSAGE][PASSED] - Text 'VA' is set on object 'Object Repository/RecAndPlayBk/Page-Vlink-Debit/input_State'

2023-02-08 19:24:16 - [TEST_STEP][PASSED] - setText(findTestObject("Object Repository/RecAndPlayBk/Page-Vlink-Debit/input_Zip"), zip): Text '22201' is set on object 'Object Repository/RecAndPlayBk/Page-Vlink-Debit/input_Zip'

2023-02-08 19:24:17 - [MESSAGE][PASSED] - Text '22201' is set on object 'Object Repository/RecAndPlayBk/Page-Vlink-Debit/input_Zip'

2023-02-08 19:24:17 - [TEST_STEP][PASSED] - setText(findTestObject("RecAndPlayBk/Page-Vlink-Debit/input_Account_check"), acNumber): Text '58963214' is set on object 'Object Repository/RecAndPlayBk/Page-Vlink-Debit/input_Account_check'

2023-02-08 19:24:18 - [MESSAGE][PASSED] - Text '58963214' is set on object 'Object Repository/RecAndPlayBk/Page-Vlink-Debit/input_Account_check'

2023-02-08 19:24:18 - [TEST_STEP][PASSED] - setText(findTestObject("RecAndPlayBk/Page-Vlink-Debit/input_Company_check"), company): Text '' is set on object 'Object Repository/RecAndPlayBk/Page-Vlink-Debit/input_Company_check'

2023-02-08 19:24:18 - [MESSAGE][PASSED] - Text '' is set on object 'Object Repository/RecAndPlayBk/Page-Vlink-Debit/input_Company_check'

2023-02-08 19:24:18 - [TEST_STEP][PASSED] - setText(findTestObject("RecAndPlayBk/Page-Vlink-Debit/input_Account Type"), acType): Text '1' is set on object 'Object Repository/RecAndPlayBk/Page-Vlink-Debit/input_Account Type'

2023-02-08 19:24:19 - [MESSAGE][PASSED] - Text '1' is set on object 'Object Repository/RecAndPlayBk/Page-Vlink-Debit/input_Account Type'

2023-02-08 19:24:19 - [TEST_STEP][PASSED] - setText(findTestObject("RecAndPlayBk/Page-Vlink-Debit/input_Routing Number"), rtn): Text '' is set on object 'Object Repository/RecAndPlayBk/Page-Vlink-Debit/input_Routing Number'

2023-02-08 19:24:20 - [MESSAGE][PASSED] - Text '' is set on object 'Object Repository/RecAndPlayBk/Page-Vlink-Debit/input_Routing Number'

2023-02-08 19:24:20 - [TEST_STEP][PASSED] - setText(findTestObject("RecAndPlayBk/Page-Vlink-Debit/input_Amount"), amount): Text '12.50' is set on object 'Object Repository/RecAndPlayBk/Page-Vlink-Debit/input_Amount'

2023-02-08 19:24:20 - [MESSAGE][PASSED] - Text '12.50' is set on object 'Object Repository/RecAndPlayBk/Page-Vlink-Debit/input_Amount'

2023-02-08 19:24:20 - [TEST_STEP][PASSED] - setText(findTestObject("RecAndPlayBk/Page-Vlink-Debit/input_Check Email"), ""): Text '' is set on object 'Object Repository/RecAndPlayBk/Page-Vlink-Debit/input_Check Email'

2023-02-08 19:24:21 - [MESSAGE][PASSED] - Text '' is set on object 'Object Repository/RecAndPlayBk/Page-Vlink-Debit/input_Check Email'

2023-02-08 19:24:21 - [TEST_STEP][PASSED] - setText(findTestObject("Object Repository/RecAndPlayBk/Page-Vlink-Debit/input_concat(CheckWriter, , s SSN)_check_ssn"), ""): Text '' is set on object 'Object Repository/RecAndPlayBk/Page-Vlink-Debit/input_concat(CheckWriter, , s SSN)_check_ssn'

2023-02-08 19:24:21 - [MESSAGE][PASSED] - Text '' is set on object 'Object Repository/RecAndPlayBk/Page-Vlink-Debit/input_concat(CheckWriter, , s SSN)_check_ssn'

2023-02-08 19:24:21 - [TEST_STEP][PASSED] - setText(findTestObject("Object Repository/RecAndPlayBk/Page-Vlink-Debit/input_concat(CheckWriter, , s License Numbe_020fef"), ""): Text '' is set on object 'Object Repository/RecAndPlayBk/Page-Vlink-Debit/input_concat(CheckWriter, , s License Numbe_020fef'

2023-02-08 19:24:22 - [MESSAGE][PASSED] - Text '' is set on object 'Object Repository/RecAndPlayBk/Page-Vlink-Debit/input_concat(CheckWriter, , s License Numbe_020fef'

2023-02-08 19:24:22 - [TEST_STEP][PASSED] - setText(findTestObject("Object Repository/RecAndPlayBk/Page-Vlink-Debit/input_concat(CheckWriter, , s License State_21e3e7"), ""): Text '' is set on object 'Object Repository/RecAndPlayBk/Page-Vlink-Debit/input_concat(CheckWriter, , s License State_21e3e7'

2023-02-08 19:24:23 - [MESSAGE][PASSED] - Text '' is set on object 'Object Repository/RecAndPlayBk/Page-Vlink-Debit/input_concat(CheckWriter, , s License State_21e3e7'

2023-02-08 19:24:23 - [TEST_STEP][PASSED] - setText(findTestObject("RecAndPlayBk/Page-Vlink-Debit/input_Standard Entry Class"), sec): Text 'WEB' is set on object 'Object Repository/RecAndPlayBk/Page-Vlink-Debit/input_Standard Entry Class'

2023-02-08 19:24:23 - [MESSAGE][PASSED] - Text 'WEB' is set on object 'Object Repository/RecAndPlayBk/Page-Vlink-Debit/input_Standard Entry Class'

2023-02-08 19:24:23 - [TEST_STEP][PASSED] - click(findTestObject("Object Repository/RecAndPlayBk/Page-Vlink-Debit/input")): Object: 'Object Repository/RecAndPlayBk/Page-Vlink-Debit/input' is clicked on

2023-02-08 19:24:24 - [MESSAGE][PASSED] - Object: 'Object Repository/RecAndPlayBk/Page-Vlink-Debit/input' is clicked on

2023-02-08 19:24:24 - [TEST_STEP][PASSED] - if (verifyTextPresent(errorMsg, true)): null

2023-02-08 19:24:24 - [MESSAGE][PASSED] - Text 'routing_number' is present on page  using regular expression

2023-02-08 19:24:24 - [TEST_STEP][PASSED] - println("Error Message is present on the Confirmation page"): null

2023-02-08 19:24:24 - [TEST_STEP][PASSED] - out.println("Pass Record Number: " + row): null

2023-02-08 19:24:24 - [TEST_STEP][PASSED] - resText = "Pass": null

2023-02-08 19:24:24 - [TEST_STEP][PASSED] - pages.WriteExcel.demoKey(resText, datText, resColumn, datCloumn, fileLoc, nameSheet, row): pages.WriteExcel.demoKey is PASSED

2023-02-08 19:24:24 - [MESSAGE][PASSED] - pages.WriteExcel.demoKey is PASSED

2023-02-08 19:24:24 - [TEST_STEP][PASSED] - ExecuteTC = findTestData(dataFile).getValue("Execute", row): null

2023-02-08 19:24:24 - [TEST_STEP][PASSED] - out.println("Value of Execute is : " + ExecuteTC): null

2023-02-08 19:24:24 - [TEST_STEP][PASSED] - if (ExecuteTC.equalsIgnoreCase("Y")): null

2023-02-08 19:24:24 - [TEST_STEP][PASSED] - out.println("Begin Record Number: " + row): null

2023-02-08 19:24:24 - [TEST_STEP][PASSED] - today = new java.util.Date(): null

2023-02-08 19:24:24 - [TEST_STEP][PASSED] - println(today): null

2023-02-08 19:24:24 - [TEST_STEP][PASSED] - datText = today: null

2023-02-08 19:24:24 - [TEST_STEP][PASSED] - appID = findTestData(dataFile).getValue("AppID", row): null

2023-02-08 19:24:25 - [TEST_STEP][PASSED] - username = findTestData(dataFile).getValue("Username", row): null

2023-02-08 19:24:25 - [TEST_STEP][PASSED] - password = findTestData(dataFile).getValue("Password", row): null

2023-02-08 19:24:25 - [TEST_STEP][PASSED] - errorMsg = findTestData(dataFile).getValue("ErrorMsg", row): null

2023-02-08 19:24:25 - [TEST_STEP][PASSED] - tranType = findTestData(dataFile).getValue("TranType", row): null

2023-02-08 19:24:25 - [TEST_STEP][PASSED] - mv = findTestData(dataFile).getValue("MV", row): null

2023-02-08 19:24:25 - [TEST_STEP][PASSED] - resFormat = findTestData(dataFile).getValue("ResFormat", row): null

2023-02-08 19:24:25 - [TEST_STEP][PASSED] - fName = findTestData(dataFile).getValue("Fname", row): null

2023-02-08 19:24:25 - [TEST_STEP][PASSED] - lName = findTestData(dataFile).getValue("Lname", row): null

2023-02-08 19:24:25 - [TEST_STEP][PASSED] - al1 = findTestData(dataFile).getValue("AL1", row): null

2023-02-08 19:24:25 - [TEST_STEP][PASSED] - city = findTestData(dataFile).getValue("City", row): null

2023-02-08 19:24:25 - [TEST_STEP][PASSED] - state = findTestData(dataFile).getValue("State", row): null

2023-02-08 19:24:25 - [TEST_STEP][PASSED] - zip = findTestData(dataFile).getValue("ZIP", row): null

2023-02-08 19:24:25 - [TEST_STEP][PASSED] - checkType = findTestData(dataFile).getValue("CheckType", row): null

2023-02-08 19:24:25 - [TEST_STEP][PASSED] - acNumber = findTestData(dataFile).getValue("AcNumber", row): null

2023-02-08 19:24:25 - [TEST_STEP][PASSED] - company = findTestData(dataFile).getValue("Company", row): null

2023-02-08 19:24:25 - [TEST_STEP][PASSED] - acType = findTestData(dataFile).getValue("AcType", row): null

2023-02-08 19:24:25 - [TEST_STEP][PASSED] - rtn = findTestData(dataFile).getValue("RTN", row): null

2023-02-08 19:24:26 - [TEST_STEP][PASSED] - amount = findTestData(dataFile).getValue("Amount", row): null

2023-02-08 19:24:26 - [TEST_STEP][PASSED] - sec = findTestData(dataFile).getValue("SEC", row): null

2023-02-08 19:24:26 - [TEST_STEP][PASSED] - openBrowser(VLinkURL + "debit.html"): Browser is opened with url: 'https://dev-algorithm.govolution.com/vlinktest/QA/version_2_0/debit.html'

2023-02-08 19:24:26 - [MESSAGE][WARNING] - A browser is already opened. Closing browser and opening a new one

2023-02-08 19:24:27 - [MESSAGE][INFO] - Starting 'Chrome' driver

2023-02-08 19:24:27 - [MESSAGE][INFO] - User set preference: ['acceptInsecureCerts', 'true']

2023-02-08 19:24:27 - [MESSAGE][INFO] - Action delay is set to 0 milliseconds

2023-02-08 19:24:28 - [MESSAGE][PASSED] - Browser is opened with url: 'https://dev-algorithm.govolution.com/vlinktest/QA/version_2_0/debit.html'

2023-02-08 19:24:28 - [TEST_STEP][PASSED] - maximizeWindow(): Current window maximized

2023-02-08 19:24:29 - [MESSAGE][PASSED] - Current window maximized

2023-02-08 19:24:29 - [TEST_STEP][PASSED] - setText(findTestObject("Object Repository/RecAndPlayBk/Page-Vlink-Debit/input_Transaction Type"), tranType): Text '200' is set on object 'Object Repository/RecAndPlayBk/Page-Vlink-Debit/input_Transaction Type'

2023-02-08 19:24:29 - [MESSAGE][PASSED] - Text '200' is set on object 'Object Repository/RecAndPlayBk/Page-Vlink-Debit/input_Transaction Type'

2023-02-08 19:24:29 - [TEST_STEP][PASSED] - setText(findTestObject("Object Repository/RecAndPlayBk/Page-Vlink-Debit/input_Message Version"), mv): Text '2.0A' is set on object 'Object Repository/RecAndPlayBk/Page-Vlink-Debit/input_Message Version'

2023-02-08 19:24:30 - [MESSAGE][PASSED] - Text '2.0A' is set on object 'Object Repository/RecAndPlayBk/Page-Vlink-Debit/input_Message Version'

2023-02-08 19:24:30 - [TEST_STEP][PASSED] - genRemID = RandomStringUtils.random(12, true, true): null

2023-02-08 19:24:30 - [TEST_STEP][PASSED] - setText(findTestObject("RecAndPlayBk/Page-Vlink-Debit/input_Remittance Id"), genRemID): Text 'M17YWFfBP5Gj' is set on object 'Object Repository/RecAndPlayBk/Page-Vlink-Debit/input_Remittance Id'

2023-02-08 19:24:31 - [MESSAGE][PASSED] - Text 'M17YWFfBP5Gj' is set on object 'Object Repository/RecAndPlayBk/Page-Vlink-Debit/input_Remittance Id'

2023-02-08 19:24:31 - [TEST_STEP][PASSED] - setText(findTestObject("RecAndPlayBk/Page-Vlink-Debit/input_Application Id"), appID): Text '234' is set on object 'Object Repository/RecAndPlayBk/Page-Vlink-Debit/input_Application Id'

2023-02-08 19:24:31 - [MESSAGE][PASSED] - Text '234' is set on object 'Object Repository/RecAndPlayBk/Page-Vlink-Debit/input_Application Id'

2023-02-08 19:24:31 - [TEST_STEP][PASSED] - setText(findTestObject("RecAndPlayBk/Page-Vlink-Debit/input_Username"), username): Text 'username' is set on object 'Object Repository/RecAndPlayBk/Page-Vlink-Debit/input_Username'

2023-02-08 19:24:32 - [MESSAGE][PASSED] - Text 'username' is set on object 'Object Repository/RecAndPlayBk/Page-Vlink-Debit/input_Username'

2023-02-08 19:24:32 - [TEST_STEP][PASSED] - setText(findTestObject("RecAndPlayBk/Page-Vlink-Debit/input_Password"), password): Text 'password' is set on object 'Object Repository/RecAndPlayBk/Page-Vlink-Debit/input_Password'

2023-02-08 19:24:33 - [MESSAGE][PASSED] - Text 'password' is set on object 'Object Repository/RecAndPlayBk/Page-Vlink-Debit/input_Password'

2023-02-08 19:24:33 - [TEST_STEP][PASSED] - setText(findTestObject("Object Repository/RecAndPlayBk/Page-Vlink-Debit/input_Response Format"), resFormat): Text 'fixed_width' is set on object 'Object Repository/RecAndPlayBk/Page-Vlink-Debit/input_Response Format'

2023-02-08 19:24:33 - [MESSAGE][PASSED] - Text 'fixed_width' is set on object 'Object Repository/RecAndPlayBk/Page-Vlink-Debit/input_Response Format'

2023-02-08 19:24:33 - [TEST_STEP][PASSED] - setText(findTestObject("RecAndPlayBk/Page-Vlink-Debit/input_Check Type"), checkType): Text 'P' is set on object 'Object Repository/RecAndPlayBk/Page-Vlink-Debit/input_Check Type'

2023-02-08 19:24:34 - [MESSAGE][PASSED] - Text 'P' is set on object 'Object Repository/RecAndPlayBk/Page-Vlink-Debit/input_Check Type'

2023-02-08 19:24:34 - [TEST_STEP][PASSED] - setText(findTestObject("Object Repository/RecAndPlayBk/Page-Vlink-Debit/input_First Name"), fName): Text 'Andy' is set on object 'Object Repository/RecAndPlayBk/Page-Vlink-Debit/input_First Name'

2023-02-08 19:24:34 - [MESSAGE][PASSED] - Text 'Andy' is set on object 'Object Repository/RecAndPlayBk/Page-Vlink-Debit/input_First Name'

2023-02-08 19:24:34 - [TEST_STEP][PASSED] - setText(findTestObject("Object Repository/RecAndPlayBk/Page-Vlink-Debit/input_Last Name"), lName): Text 'Roberts' is set on object 'Object Repository/RecAndPlayBk/Page-Vlink-Debit/input_Last Name'

2023-02-08 19:24:35 - [MESSAGE][PASSED] - Text 'Roberts' is set on object 'Object Repository/RecAndPlayBk/Page-Vlink-Debit/input_Last Name'

2023-02-08 19:24:35 - [TEST_STEP][PASSED] - setText(findTestObject("Object Repository/RecAndPlayBk/Page-Vlink-Debit/input_Address"), al1): Text '145 Main Street' is set on object 'Object Repository/RecAndPlayBk/Page-Vlink-Debit/input_Address'

2023-02-08 19:24:36 - [MESSAGE][PASSED] - Text '145 Main Street' is set on object 'Object Repository/RecAndPlayBk/Page-Vlink-Debit/input_Address'

2023-02-08 19:24:36 - [TEST_STEP][PASSED] - setText(findTestObject("Object Repository/RecAndPlayBk/Page-Vlink-Debit/input_City"), city): Text 'Arlington' is set on object 'Object Repository/RecAndPlayBk/Page-Vlink-Debit/input_City'

2023-02-08 19:24:36 - [MESSAGE][PASSED] - Text 'Arlington' is set on object 'Object Repository/RecAndPlayBk/Page-Vlink-Debit/input_City'

2023-02-08 19:24:36 - [TEST_STEP][PASSED] - setText(findTestObject("Object Repository/RecAndPlayBk/Page-Vlink-Debit/input_State"), state): Text 'VA' is set on object 'Object Repository/RecAndPlayBk/Page-Vlink-Debit/input_State'

2023-02-08 19:24:37 - [MESSAGE][PASSED] - Text 'VA' is set on object 'Object Repository/RecAndPlayBk/Page-Vlink-Debit/input_State'

2023-02-08 19:24:37 - [TEST_STEP][PASSED] - setText(findTestObject("Object Repository/RecAndPlayBk/Page-Vlink-Debit/input_Zip"), zip): Text '22201' is set on object 'Object Repository/RecAndPlayBk/Page-Vlink-Debit/input_Zip'

2023-02-08 19:24:37 - [MESSAGE][PASSED] - Text '22201' is set on object 'Object Repository/RecAndPlayBk/Page-Vlink-Debit/input_Zip'

2023-02-08 19:24:37 - [TEST_STEP][PASSED] - setText(findTestObject("RecAndPlayBk/Page-Vlink-Debit/input_Account_check"), acNumber): Text '58963214' is set on object 'Object Repository/RecAndPlayBk/Page-Vlink-Debit/input_Account_check'

2023-02-08 19:24:38 - [MESSAGE][PASSED] - Text '58963214' is set on object 'Object Repository/RecAndPlayBk/Page-Vlink-Debit/input_Account_check'

2023-02-08 19:24:38 - [TEST_STEP][PASSED] - setText(findTestObject("RecAndPlayBk/Page-Vlink-Debit/input_Company_check"), company): Text '' is set on object 'Object Repository/RecAndPlayBk/Page-Vlink-Debit/input_Company_check'

2023-02-08 19:24:39 - [MESSAGE][PASSED] - Text '' is set on object 'Object Repository/RecAndPlayBk/Page-Vlink-Debit/input_Company_check'

2023-02-08 19:24:39 - [TEST_STEP][PASSED] - setText(findTestObject("RecAndPlayBk/Page-Vlink-Debit/input_Account Type"), acType): Text '1' is set on object 'Object Repository/RecAndPlayBk/Page-Vlink-Debit/input_Account Type'

2023-02-08 19:24:39 - [MESSAGE][PASSED] - Text '1' is set on object 'Object Repository/RecAndPlayBk/Page-Vlink-Debit/input_Account Type'

2023-02-08 19:24:39 - [TEST_STEP][PASSED] - setText(findTestObject("RecAndPlayBk/Page-Vlink-Debit/input_Routing Number"), rtn): Text '256072691' is set on object 'Object Repository/RecAndPlayBk/Page-Vlink-Debit/input_Routing Number'

2023-02-08 19:24:40 - [MESSAGE][PASSED] - Text '256072691' is set on object 'Object Repository/RecAndPlayBk/Page-Vlink-Debit/input_Routing Number'

2023-02-08 19:24:40 - [TEST_STEP][PASSED] - setText(findTestObject("RecAndPlayBk/Page-Vlink-Debit/input_Amount"), amount): Text '' is set on object 'Object Repository/RecAndPlayBk/Page-Vlink-Debit/input_Amount'

2023-02-08 19:24:41 - [MESSAGE][PASSED] - Text '' is set on object 'Object Repository/RecAndPlayBk/Page-Vlink-Debit/input_Amount'

2023-02-08 19:24:41 - [TEST_STEP][PASSED] - setText(findTestObject("RecAndPlayBk/Page-Vlink-Debit/input_Check Email"), ""): Text '' is set on object 'Object Repository/RecAndPlayBk/Page-Vlink-Debit/input_Check Email'

2023-02-08 19:24:41 - [MESSAGE][PASSED] - Text '' is set on object 'Object Repository/RecAndPlayBk/Page-Vlink-Debit/input_Check Email'

2023-02-08 19:24:41 - [TEST_STEP][PASSED] - setText(findTestObject("Object Repository/RecAndPlayBk/Page-Vlink-Debit/input_concat(CheckWriter, , s SSN)_check_ssn"), ""): Text '' is set on object 'Object Repository/RecAndPlayBk/Page-Vlink-Debit/input_concat(CheckWriter, , s SSN)_check_ssn'

2023-02-08 19:24:42 - [MESSAGE][PASSED] - Text '' is set on object 'Object Repository/RecAndPlayBk/Page-Vlink-Debit/input_concat(CheckWriter, , s SSN)_check_ssn'

2023-02-08 19:24:42 - [TEST_STEP][PASSED] - setText(findTestObject("Object Repository/RecAndPlayBk/Page-Vlink-Debit/input_concat(CheckWriter, , s License Numbe_020fef"), ""): Text '' is set on object 'Object Repository/RecAndPlayBk/Page-Vlink-Debit/input_concat(CheckWriter, , s License Numbe_020fef'

2023-02-08 19:24:43 - [MESSAGE][PASSED] - Text '' is set on object 'Object Repository/RecAndPlayBk/Page-Vlink-Debit/input_concat(CheckWriter, , s License Numbe_020fef'

2023-02-08 19:24:43 - [TEST_STEP][PASSED] - setText(findTestObject("Object Repository/RecAndPlayBk/Page-Vlink-Debit/input_concat(CheckWriter, , s License State_21e3e7"), ""): Text '' is set on object 'Object Repository/RecAndPlayBk/Page-Vlink-Debit/input_concat(CheckWriter, , s License State_21e3e7'

2023-02-08 19:24:43 - [MESSAGE][PASSED] - Text '' is set on object 'Object Repository/RecAndPlayBk/Page-Vlink-Debit/input_concat(CheckWriter, , s License State_21e3e7'

2023-02-08 19:24:43 - [TEST_STEP][PASSED] - setText(findTestObject("RecAndPlayBk/Page-Vlink-Debit/input_Standard Entry Class"), sec): Text 'WEB' is set on object 'Object Repository/RecAndPlayBk/Page-Vlink-Debit/input_Standard Entry Class'

2023-02-08 19:24:44 - [MESSAGE][PASSED] - Text 'WEB' is set on object 'Object Repository/RecAndPlayBk/Page-Vlink-Debit/input_Standard Entry Class'

2023-02-08 19:24:44 - [TEST_STEP][PASSED] - click(findTestObject("Object Repository/RecAndPlayBk/Page-Vlink-Debit/input")): Object: 'Object Repository/RecAndPlayBk/Page-Vlink-Debit/input' is clicked on

2023-02-08 19:24:44 - [MESSAGE][PASSED] - Object: 'Object Repository/RecAndPlayBk/Page-Vlink-Debit/input' is clicked on

2023-02-08 19:24:44 - [TEST_STEP][PASSED] - if (verifyTextPresent(errorMsg, true)): null

2023-02-08 19:24:45 - [MESSAGE][PASSED] - Text 'amount' is present on page  using regular expression

2023-02-08 19:24:45 - [TEST_STEP][PASSED] - println("Error Message is present on the Confirmation page"): null

2023-02-08 19:24:45 - [TEST_STEP][PASSED] - out.println("Pass Record Number: " + row): null

2023-02-08 19:24:45 - [TEST_STEP][PASSED] - resText = "Pass": null

2023-02-08 19:24:45 - [TEST_STEP][PASSED] - pages.WriteExcel.demoKey(resText, datText, resColumn, datCloumn, fileLoc, nameSheet, row): pages.WriteExcel.demoKey is PASSED

2023-02-08 19:24:45 - [MESSAGE][PASSED] - pages.WriteExcel.demoKey is PASSED

2023-02-08 19:24:45 - [TEST_STEP][PASSED] - ExecuteTC = findTestData(dataFile).getValue("Execute", row): null

2023-02-08 19:24:45 - [TEST_STEP][PASSED] - out.println("Value of Execute is : " + ExecuteTC): null

2023-02-08 19:24:45 - [TEST_STEP][PASSED] - if (ExecuteTC.equalsIgnoreCase("Y")): null

2023-02-08 19:24:45 - [TEST_STEP][PASSED] - out.println("Begin Record Number: " + row): null

2023-02-08 19:24:45 - [TEST_STEP][PASSED] - today = new java.util.Date(): null

2023-02-08 19:24:45 - [TEST_STEP][PASSED] - println(today): null

2023-02-08 19:24:45 - [TEST_STEP][PASSED] - datText = today: null

2023-02-08 19:24:45 - [TEST_STEP][PASSED] - appID = findTestData(dataFile).getValue("AppID", row): null

2023-02-08 19:24:45 - [TEST_STEP][PASSED] - username = findTestData(dataFile).getValue("Username", row): null

2023-02-08 19:24:45 - [TEST_STEP][PASSED] - password = findTestData(dataFile).getValue("Password", row): null

2023-02-08 19:24:45 - [TEST_STEP][PASSED] - errorMsg = findTestData(dataFile).getValue("ErrorMsg", row): null

2023-02-08 19:24:45 - [TEST_STEP][PASSED] - tranType = findTestData(dataFile).getValue("TranType", row): null

2023-02-08 19:24:45 - [TEST_STEP][PASSED] - mv = findTestData(dataFile).getValue("MV", row): null

2023-02-08 19:24:45 - [TEST_STEP][PASSED] - resFormat = findTestData(dataFile).getValue("ResFormat", row): null

2023-02-08 19:24:45 - [TEST_STEP][PASSED] - fName = findTestData(dataFile).getValue("Fname", row): null

2023-02-08 19:24:45 - [TEST_STEP][PASSED] - lName = findTestData(dataFile).getValue("Lname", row): null

2023-02-08 19:24:45 - [TEST_STEP][PASSED] - al1 = findTestData(dataFile).getValue("AL1", row): null

2023-02-08 19:24:46 - [TEST_STEP][PASSED] - city = findTestData(dataFile).getValue("City", row): null

2023-02-08 19:24:46 - [TEST_STEP][PASSED] - state = findTestData(dataFile).getValue("State", row): null

2023-02-08 19:24:46 - [TEST_STEP][PASSED] - zip = findTestData(dataFile).getValue("ZIP", row): null

2023-02-08 19:24:46 - [TEST_STEP][PASSED] - checkType = findTestData(dataFile).getValue("CheckType", row): null

2023-02-08 19:24:46 - [TEST_STEP][PASSED] - acNumber = findTestData(dataFile).getValue("AcNumber", row): null

2023-02-08 19:24:46 - [TEST_STEP][PASSED] - company = findTestData(dataFile).getValue("Company", row): null

2023-02-08 19:24:46 - [TEST_STEP][PASSED] - acType = findTestData(dataFile).getValue("AcType", row): null

2023-02-08 19:24:46 - [TEST_STEP][PASSED] - rtn = findTestData(dataFile).getValue("RTN", row): null

2023-02-08 19:24:46 - [TEST_STEP][PASSED] - amount = findTestData(dataFile).getValue("Amount", row): null

2023-02-08 19:24:46 - [TEST_STEP][PASSED] - sec = findTestData(dataFile).getValue("SEC", row): null

2023-02-08 19:24:46 - [TEST_STEP][PASSED] - openBrowser(VLinkURL + "debit.html"): Browser is opened with url: 'https://dev-algorithm.govolution.com/vlinktest/QA/version_2_0/debit.html'

2023-02-08 19:24:46 - [MESSAGE][WARNING] - A browser is already opened. Closing browser and opening a new one

2023-02-08 19:24:47 - [MESSAGE][INFO] - Starting 'Chrome' driver

2023-02-08 19:24:47 - [MESSAGE][INFO] - User set preference: ['acceptInsecureCerts', 'true']

2023-02-08 19:24:47 - [MESSAGE][INFO] - Action delay is set to 0 milliseconds

2023-02-08 19:24:49 - [MESSAGE][PASSED] - Browser is opened with url: 'https://dev-algorithm.govolution.com/vlinktest/QA/version_2_0/debit.html'

2023-02-08 19:24:49 - [TEST_STEP][PASSED] - maximizeWindow(): Current window maximized

2023-02-08 19:24:49 - [MESSAGE][PASSED] - Current window maximized

2023-02-08 19:24:49 - [TEST_STEP][PASSED] - setText(findTestObject("Object Repository/RecAndPlayBk/Page-Vlink-Debit/input_Transaction Type"), tranType): Text '200' is set on object 'Object Repository/RecAndPlayBk/Page-Vlink-Debit/input_Transaction Type'

2023-02-08 19:24:50 - [MESSAGE][PASSED] - Text '200' is set on object 'Object Repository/RecAndPlayBk/Page-Vlink-Debit/input_Transaction Type'

2023-02-08 19:24:50 - [TEST_STEP][PASSED] - setText(findTestObject("Object Repository/RecAndPlayBk/Page-Vlink-Debit/input_Message Version"), mv): Text '2.0A' is set on object 'Object Repository/RecAndPlayBk/Page-Vlink-Debit/input_Message Version'

2023-02-08 19:24:50 - [MESSAGE][PASSED] - Text '2.0A' is set on object 'Object Repository/RecAndPlayBk/Page-Vlink-Debit/input_Message Version'

2023-02-08 19:24:50 - [TEST_STEP][PASSED] - genRemID = RandomStringUtils.random(12, true, true): null

2023-02-08 19:24:50 - [TEST_STEP][PASSED] - setText(findTestObject("RecAndPlayBk/Page-Vlink-Debit/input_Remittance Id"), genRemID): Text 'JvH8ZWwYWjxM' is set on object 'Object Repository/RecAndPlayBk/Page-Vlink-Debit/input_Remittance Id'

2023-02-08 19:24:51 - [MESSAGE][PASSED] - Text 'JvH8ZWwYWjxM' is set on object 'Object Repository/RecAndPlayBk/Page-Vlink-Debit/input_Remittance Id'

2023-02-08 19:24:51 - [TEST_STEP][PASSED] - setText(findTestObject("RecAndPlayBk/Page-Vlink-Debit/input_Application Id"), appID): Text '234' is set on object 'Object Repository/RecAndPlayBk/Page-Vlink-Debit/input_Application Id'

2023-02-08 19:24:52 - [MESSAGE][PASSED] - Text '234' is set on object 'Object Repository/RecAndPlayBk/Page-Vlink-Debit/input_Application Id'

2023-02-08 19:24:52 - [TEST_STEP][PASSED] - setText(findTestObject("RecAndPlayBk/Page-Vlink-Debit/input_Username"), username): Text 'username' is set on object 'Object Repository/RecAndPlayBk/Page-Vlink-Debit/input_Username'

2023-02-08 19:24:52 - [MESSAGE][PASSED] - Text 'username' is set on object 'Object Repository/RecAndPlayBk/Page-Vlink-Debit/input_Username'

2023-02-08 19:24:52 - [TEST_STEP][PASSED] - setText(findTestObject("RecAndPlayBk/Page-Vlink-Debit/input_Password"), password): Text 'password' is set on object 'Object Repository/RecAndPlayBk/Page-Vlink-Debit/input_Password'

2023-02-08 19:24:53 - [MESSAGE][PASSED] - Text 'password' is set on object 'Object Repository/RecAndPlayBk/Page-Vlink-Debit/input_Password'

2023-02-08 19:24:53 - [TEST_STEP][PASSED] - setText(findTestObject("Object Repository/RecAndPlayBk/Page-Vlink-Debit/input_Response Format"), resFormat): Text 'fixed_width' is set on object 'Object Repository/RecAndPlayBk/Page-Vlink-Debit/input_Response Format'

2023-02-08 19:24:53 - [MESSAGE][PASSED] - Text 'fixed_width' is set on object 'Object Repository/RecAndPlayBk/Page-Vlink-Debit/input_Response Format'

2023-02-08 19:24:53 - [TEST_STEP][PASSED] - setText(findTestObject("RecAndPlayBk/Page-Vlink-Debit/input_Check Type"), checkType): Text 'P' is set on object 'Object Repository/RecAndPlayBk/Page-Vlink-Debit/input_Check Type'

2023-02-08 19:24:54 - [MESSAGE][PASSED] - Text 'P' is set on object 'Object Repository/RecAndPlayBk/Page-Vlink-Debit/input_Check Type'

2023-02-08 19:24:54 - [TEST_STEP][PASSED] - setText(findTestObject("Object Repository/RecAndPlayBk/Page-Vlink-Debit/input_First Name"), fName): Text 'Andy' is set on object 'Object Repository/RecAndPlayBk/Page-Vlink-Debit/input_First Name'

2023-02-08 19:24:55 - [MESSAGE][PASSED] - Text 'Andy' is set on object 'Object Repository/RecAndPlayBk/Page-Vlink-Debit/input_First Name'

2023-02-08 19:24:55 - [TEST_STEP][PASSED] - setText(findTestObject("Object Repository/RecAndPlayBk/Page-Vlink-Debit/input_Last Name"), lName): Text 'Roberts' is set on object 'Object Repository/RecAndPlayBk/Page-Vlink-Debit/input_Last Name'

2023-02-08 19:24:55 - [MESSAGE][PASSED] - Text 'Roberts' is set on object 'Object Repository/RecAndPlayBk/Page-Vlink-Debit/input_Last Name'

2023-02-08 19:24:55 - [TEST_STEP][PASSED] - setText(findTestObject("Object Repository/RecAndPlayBk/Page-Vlink-Debit/input_Address"), al1): Text '145 Main Street' is set on object 'Object Repository/RecAndPlayBk/Page-Vlink-Debit/input_Address'

2023-02-08 19:24:56 - [MESSAGE][PASSED] - Text '145 Main Street' is set on object 'Object Repository/RecAndPlayBk/Page-Vlink-Debit/input_Address'

2023-02-08 19:24:56 - [TEST_STEP][PASSED] - setText(findTestObject("Object Repository/RecAndPlayBk/Page-Vlink-Debit/input_City"), city): Text 'Arlington' is set on object 'Object Repository/RecAndPlayBk/Page-Vlink-Debit/input_City'

2023-02-08 19:24:57 - [MESSAGE][PASSED] - Text 'Arlington' is set on object 'Object Repository/RecAndPlayBk/Page-Vlink-Debit/input_City'

2023-02-08 19:24:57 - [TEST_STEP][PASSED] - setText(findTestObject("Object Repository/RecAndPlayBk/Page-Vlink-Debit/input_State"), state): Text 'VA' is set on object 'Object Repository/RecAndPlayBk/Page-Vlink-Debit/input_State'

2023-02-08 19:24:57 - [MESSAGE][PASSED] - Text 'VA' is set on object 'Object Repository/RecAndPlayBk/Page-Vlink-Debit/input_State'

2023-02-08 19:24:57 - [TEST_STEP][PASSED] - setText(findTestObject("Object Repository/RecAndPlayBk/Page-Vlink-Debit/input_Zip"), zip): Text '22201' is set on object 'Object Repository/RecAndPlayBk/Page-Vlink-Debit/input_Zip'

2023-02-08 19:24:58 - [MESSAGE][PASSED] - Text '22201' is set on object 'Object Repository/RecAndPlayBk/Page-Vlink-Debit/input_Zip'

2023-02-08 19:24:58 - [TEST_STEP][PASSED] - setText(findTestObject("RecAndPlayBk/Page-Vlink-Debit/input_Account_check"), acNumber): Text '58963214' is set on object 'Object Repository/RecAndPlayBk/Page-Vlink-Debit/input_Account_check'

2023-02-08 19:24:58 - [MESSAGE][PASSED] - Text '58963214' is set on object 'Object Repository/RecAndPlayBk/Page-Vlink-Debit/input_Account_check'

2023-02-08 19:24:58 - [TEST_STEP][PASSED] - setText(findTestObject("RecAndPlayBk/Page-Vlink-Debit/input_Company_check"), company): Text '' is set on object 'Object Repository/RecAndPlayBk/Page-Vlink-Debit/input_Company_check'

2023-02-08 19:24:59 - [MESSAGE][PASSED] - Text '' is set on object 'Object Repository/RecAndPlayBk/Page-Vlink-Debit/input_Company_check'

2023-02-08 19:24:59 - [TEST_STEP][PASSED] - setText(findTestObject("RecAndPlayBk/Page-Vlink-Debit/input_Account Type"), acType): Text '1' is set on object 'Object Repository/RecAndPlayBk/Page-Vlink-Debit/input_Account Type'

2023-02-08 19:25:00 - [MESSAGE][PASSED] - Text '1' is set on object 'Object Repository/RecAndPlayBk/Page-Vlink-Debit/input_Account Type'

2023-02-08 19:25:00 - [TEST_STEP][PASSED] - setText(findTestObject("RecAndPlayBk/Page-Vlink-Debit/input_Routing Number"), rtn): Text '256072691' is set on object 'Object Repository/RecAndPlayBk/Page-Vlink-Debit/input_Routing Number'

2023-02-08 19:25:00 - [MESSAGE][PASSED] - Text '256072691' is set on object 'Object Repository/RecAndPlayBk/Page-Vlink-Debit/input_Routing Number'

2023-02-08 19:25:00 - [TEST_STEP][PASSED] - setText(findTestObject("RecAndPlayBk/Page-Vlink-Debit/input_Amount"), amount): Text '12.50' is set on object 'Object Repository/RecAndPlayBk/Page-Vlink-Debit/input_Amount'

2023-02-08 19:25:01 - [MESSAGE][PASSED] - Text '12.50' is set on object 'Object Repository/RecAndPlayBk/Page-Vlink-Debit/input_Amount'

2023-02-08 19:25:01 - [TEST_STEP][PASSED] - setText(findTestObject("RecAndPlayBk/Page-Vlink-Debit/input_Check Email"), ""): Text '' is set on object 'Object Repository/RecAndPlayBk/Page-Vlink-Debit/input_Check Email'

2023-02-08 19:25:01 - [MESSAGE][PASSED] - Text '' is set on object 'Object Repository/RecAndPlayBk/Page-Vlink-Debit/input_Check Email'

2023-02-08 19:25:01 - [TEST_STEP][PASSED] - setText(findTestObject("Object Repository/RecAndPlayBk/Page-Vlink-Debit/input_concat(CheckWriter, , s SSN)_check_ssn"), ""): Text '' is set on object 'Object Repository/RecAndPlayBk/Page-Vlink-Debit/input_concat(CheckWriter, , s SSN)_check_ssn'

2023-02-08 19:25:02 - [MESSAGE][PASSED] - Text '' is set on object 'Object Repository/RecAndPlayBk/Page-Vlink-Debit/input_concat(CheckWriter, , s SSN)_check_ssn'

2023-02-08 19:25:02 - [TEST_STEP][PASSED] - setText(findTestObject("Object Repository/RecAndPlayBk/Page-Vlink-Debit/input_concat(CheckWriter, , s License Numbe_020fef"), ""): Text '' is set on object 'Object Repository/RecAndPlayBk/Page-Vlink-Debit/input_concat(CheckWriter, , s License Numbe_020fef'

2023-02-08 19:25:03 - [MESSAGE][PASSED] - Text '' is set on object 'Object Repository/RecAndPlayBk/Page-Vlink-Debit/input_concat(CheckWriter, , s License Numbe_020fef'

2023-02-08 19:25:03 - [TEST_STEP][PASSED] - setText(findTestObject("Object Repository/RecAndPlayBk/Page-Vlink-Debit/input_concat(CheckWriter, , s License State_21e3e7"), ""): Text '' is set on object 'Object Repository/RecAndPlayBk/Page-Vlink-Debit/input_concat(CheckWriter, , s License State_21e3e7'

2023-02-08 19:25:04 - [MESSAGE][PASSED] - Text '' is set on object 'Object Repository/RecAndPlayBk/Page-Vlink-Debit/input_concat(CheckWriter, , s License State_21e3e7'

2023-02-08 19:25:04 - [TEST_STEP][PASSED] - setText(findTestObject("RecAndPlayBk/Page-Vlink-Debit/input_Standard Entry Class"), sec): Text '' is set on object 'Object Repository/RecAndPlayBk/Page-Vlink-Debit/input_Standard Entry Class'

2023-02-08 19:25:04 - [MESSAGE][PASSED] - Text '' is set on object 'Object Repository/RecAndPlayBk/Page-Vlink-Debit/input_Standard Entry Class'

2023-02-08 19:25:04 - [TEST_STEP][PASSED] - click(findTestObject("Object Repository/RecAndPlayBk/Page-Vlink-Debit/input")): Object: 'Object Repository/RecAndPlayBk/Page-Vlink-Debit/input' is clicked on

2023-02-08 19:25:05 - [MESSAGE][PASSED] - Object: 'Object Repository/RecAndPlayBk/Page-Vlink-Debit/input' is clicked on

2023-02-08 19:25:05 - [TEST_STEP][PASSED] - if (verifyTextPresent(errorMsg, true)): null

2023-02-08 19:25:05 - [MESSAGE][PASSED] - Text 'standard_entry_class' is present on page  using regular expression

2023-02-08 19:25:05 - [TEST_STEP][PASSED] - println("Error Message is present on the Confirmation page"): null

2023-02-08 19:25:05 - [TEST_STEP][PASSED] - out.println("Pass Record Number: " + row): null

2023-02-08 19:25:05 - [TEST_STEP][PASSED] - resText = "Pass": null

2023-02-08 19:25:05 - [TEST_STEP][PASSED] - pages.WriteExcel.demoKey(resText, datText, resColumn, datCloumn, fileLoc, nameSheet, row): pages.WriteExcel.demoKey is PASSED

2023-02-08 19:25:05 - [MESSAGE][PASSED] - pages.WriteExcel.demoKey is PASSED

2023-02-08 19:25:05 - [TEST_STEP][PASSED] - ExecuteTC = findTestData(dataFile).getValue("Execute", row): null

2023-02-08 19:25:05 - [TEST_STEP][PASSED] - out.println("Value of Execute is : " + ExecuteTC): null

2023-02-08 19:25:05 - [TEST_STEP][PASSED] - if (ExecuteTC.equalsIgnoreCase("Y")): null

2023-02-08 19:25:05 - [TEST_STEP][PASSED] - out.println("Begin Record Number: " + row): null

2023-02-08 19:25:05 - [TEST_STEP][PASSED] - today = new java.util.Date(): null

2023-02-08 19:25:05 - [TEST_STEP][PASSED] - println(today): null

2023-02-08 19:25:05 - [TEST_STEP][PASSED] - datText = today: null

2023-02-08 19:25:05 - [TEST_STEP][PASSED] - appID = findTestData(dataFile).getValue("AppID", row): null

2023-02-08 19:25:05 - [TEST_STEP][PASSED] - username = findTestData(dataFile).getValue("Username", row): null

2023-02-08 19:25:05 - [TEST_STEP][PASSED] - password = findTestData(dataFile).getValue("Password", row): null

2023-02-08 19:25:05 - [TEST_STEP][PASSED] - errorMsg = findTestData(dataFile).getValue("ErrorMsg", row): null

2023-02-08 19:25:06 - [TEST_STEP][PASSED] - tranType = findTestData(dataFile).getValue("TranType", row): null

2023-02-08 19:25:06 - [TEST_STEP][PASSED] - mv = findTestData(dataFile).getValue("MV", row): null

2023-02-08 19:25:06 - [TEST_STEP][PASSED] - resFormat = findTestData(dataFile).getValue("ResFormat", row): null

2023-02-08 19:25:06 - [TEST_STEP][PASSED] - fName = findTestData(dataFile).getValue("Fname", row): null

2023-02-08 19:25:06 - [TEST_STEP][PASSED] - lName = findTestData(dataFile).getValue("Lname", row): null

2023-02-08 19:25:06 - [TEST_STEP][PASSED] - al1 = findTestData(dataFile).getValue("AL1", row): null

2023-02-08 19:25:06 - [TEST_STEP][PASSED] - city = findTestData(dataFile).getValue("City", row): null

2023-02-08 19:25:06 - [TEST_STEP][PASSED] - state = findTestData(dataFile).getValue("State", row): null

2023-02-08 19:25:06 - [TEST_STEP][PASSED] - zip = findTestData(dataFile).getValue("ZIP", row): null

2023-02-08 19:25:06 - [TEST_STEP][PASSED] - checkType = findTestData(dataFile).getValue("CheckType", row): null

2023-02-08 19:25:06 - [TEST_STEP][PASSED] - acNumber = findTestData(dataFile).getValue("AcNumber", row): null

2023-02-08 19:25:06 - [TEST_STEP][PASSED] - company = findTestData(dataFile).getValue("Company", row): null

2023-02-08 19:25:06 - [TEST_STEP][PASSED] - acType = findTestData(dataFile).getValue("AcType", row): null

2023-02-08 19:25:06 - [TEST_STEP][PASSED] - rtn = findTestData(dataFile).getValue("RTN", row): null

2023-02-08 19:25:06 - [TEST_STEP][PASSED] - amount = findTestData(dataFile).getValue("Amount", row): null

2023-02-08 19:25:06 - [TEST_STEP][PASSED] - sec = findTestData(dataFile).getValue("SEC", row): null

2023-02-08 19:25:06 - [TEST_STEP][PASSED] - openBrowser(VLinkURL + "debit.html"): Browser is opened with url: 'https://dev-algorithm.govolution.com/vlinktest/QA/version_2_0/debit.html'

2023-02-08 19:25:06 - [MESSAGE][WARNING] - A browser is already opened. Closing browser and opening a new one

2023-02-08 19:25:07 - [MESSAGE][INFO] - Starting 'Chrome' driver

2023-02-08 19:25:07 - [MESSAGE][INFO] - User set preference: ['acceptInsecureCerts', 'true']

2023-02-08 19:25:07 - [MESSAGE][INFO] - Action delay is set to 0 milliseconds

2023-02-08 19:25:09 - [MESSAGE][PASSED] - Browser is opened with url: 'https://dev-algorithm.govolution.com/vlinktest/QA/version_2_0/debit.html'

2023-02-08 19:25:09 - [TEST_STEP][PASSED] - maximizeWindow(): Current window maximized

2023-02-08 19:25:09 - [MESSAGE][PASSED] - Current window maximized

2023-02-08 19:25:09 - [TEST_STEP][PASSED] - setText(findTestObject("Object Repository/RecAndPlayBk/Page-Vlink-Debit/input_Transaction Type"), tranType): Text '200' is set on object 'Object Repository/RecAndPlayBk/Page-Vlink-Debit/input_Transaction Type'

2023-02-08 19:25:10 - [MESSAGE][PASSED] - Text '200' is set on object 'Object Repository/RecAndPlayBk/Page-Vlink-Debit/input_Transaction Type'

2023-02-08 19:25:10 - [TEST_STEP][PASSED] - setText(findTestObject("Object Repository/RecAndPlayBk/Page-Vlink-Debit/input_Message Version"), mv): Text '2.0A' is set on object 'Object Repository/RecAndPlayBk/Page-Vlink-Debit/input_Message Version'

2023-02-08 19:25:11 - [MESSAGE][PASSED] - Text '2.0A' is set on object 'Object Repository/RecAndPlayBk/Page-Vlink-Debit/input_Message Version'

2023-02-08 19:25:11 - [TEST_STEP][PASSED] - genRemID = RandomStringUtils.random(12, true, true): null

2023-02-08 19:25:11 - [TEST_STEP][PASSED] - setText(findTestObject("RecAndPlayBk/Page-Vlink-Debit/input_Remittance Id"), genRemID): Text 'rjrWAJgCvADS' is set on object 'Object Repository/RecAndPlayBk/Page-Vlink-Debit/input_Remittance Id'

2023-02-08 19:25:11 - [MESSAGE][PASSED] - Text 'rjrWAJgCvADS' is set on object 'Object Repository/RecAndPlayBk/Page-Vlink-Debit/input_Remittance Id'

2023-02-08 19:25:11 - [TEST_STEP][PASSED] - setText(findTestObject("RecAndPlayBk/Page-Vlink-Debit/input_Application Id"), appID): Text '234' is set on object 'Object Repository/RecAndPlayBk/Page-Vlink-Debit/input_Application Id'

2023-02-08 19:25:12 - [MESSAGE][PASSED] - Text '234' is set on object 'Object Repository/RecAndPlayBk/Page-Vlink-Debit/input_Application Id'

2023-02-08 19:25:12 - [TEST_STEP][PASSED] - setText(findTestObject("RecAndPlayBk/Page-Vlink-Debit/input_Username"), username): Text 'username' is set on object 'Object Repository/RecAndPlayBk/Page-Vlink-Debit/input_Username'

2023-02-08 19:25:13 - [MESSAGE][PASSED] - Text 'username' is set on object 'Object Repository/RecAndPlayBk/Page-Vlink-Debit/input_Username'

2023-02-08 19:25:13 - [TEST_STEP][PASSED] - setText(findTestObject("RecAndPlayBk/Page-Vlink-Debit/input_Password"), password): Text 'password' is set on object 'Object Repository/RecAndPlayBk/Page-Vlink-Debit/input_Password'

2023-02-08 19:25:13 - [MESSAGE][PASSED] - Text 'password' is set on object 'Object Repository/RecAndPlayBk/Page-Vlink-Debit/input_Password'

2023-02-08 19:25:13 - [TEST_STEP][PASSED] - setText(findTestObject("Object Repository/RecAndPlayBk/Page-Vlink-Debit/input_Response Format"), resFormat): Text 'fixed_width' is set on object 'Object Repository/RecAndPlayBk/Page-Vlink-Debit/input_Response Format'

2023-02-08 19:25:14 - [MESSAGE][PASSED] - Text 'fixed_width' is set on object 'Object Repository/RecAndPlayBk/Page-Vlink-Debit/input_Response Format'

2023-02-08 19:25:14 - [TEST_STEP][PASSED] - setText(findTestObject("RecAndPlayBk/Page-Vlink-Debit/input_Check Type"), checkType): Text 'C' is set on object 'Object Repository/RecAndPlayBk/Page-Vlink-Debit/input_Check Type'

2023-02-08 19:25:15 - [MESSAGE][PASSED] - Text 'C' is set on object 'Object Repository/RecAndPlayBk/Page-Vlink-Debit/input_Check Type'

2023-02-08 19:25:15 - [TEST_STEP][PASSED] - setText(findTestObject("Object Repository/RecAndPlayBk/Page-Vlink-Debit/input_First Name"), fName): Text 'Andy' is set on object 'Object Repository/RecAndPlayBk/Page-Vlink-Debit/input_First Name'

2023-02-08 19:25:15 - [MESSAGE][PASSED] - Text 'Andy' is set on object 'Object Repository/RecAndPlayBk/Page-Vlink-Debit/input_First Name'

2023-02-08 19:25:15 - [TEST_STEP][PASSED] - setText(findTestObject("Object Repository/RecAndPlayBk/Page-Vlink-Debit/input_Last Name"), lName): Text 'Roberts' is set on object 'Object Repository/RecAndPlayBk/Page-Vlink-Debit/input_Last Name'

2023-02-08 19:25:16 - [MESSAGE][PASSED] - Text 'Roberts' is set on object 'Object Repository/RecAndPlayBk/Page-Vlink-Debit/input_Last Name'

2023-02-08 19:25:16 - [TEST_STEP][PASSED] - setText(findTestObject("Object Repository/RecAndPlayBk/Page-Vlink-Debit/input_Address"), al1): Text '145 Main Street' is set on object 'Object Repository/RecAndPlayBk/Page-Vlink-Debit/input_Address'

2023-02-08 19:25:16 - [MESSAGE][PASSED] - Text '145 Main Street' is set on object 'Object Repository/RecAndPlayBk/Page-Vlink-Debit/input_Address'

2023-02-08 19:25:16 - [TEST_STEP][PASSED] - setText(findTestObject("Object Repository/RecAndPlayBk/Page-Vlink-Debit/input_City"), city): Text 'Arlington' is set on object 'Object Repository/RecAndPlayBk/Page-Vlink-Debit/input_City'

2023-02-08 19:25:17 - [MESSAGE][PASSED] - Text 'Arlington' is set on object 'Object Repository/RecAndPlayBk/Page-Vlink-Debit/input_City'

2023-02-08 19:25:17 - [TEST_STEP][PASSED] - setText(findTestObject("Object Repository/RecAndPlayBk/Page-Vlink-Debit/input_State"), state): Text 'VA' is set on object 'Object Repository/RecAndPlayBk/Page-Vlink-Debit/input_State'

2023-02-08 19:25:18 - [MESSAGE][PASSED] - Text 'VA' is set on object 'Object Repository/RecAndPlayBk/Page-Vlink-Debit/input_State'

2023-02-08 19:25:18 - [TEST_STEP][PASSED] - setText(findTestObject("Object Repository/RecAndPlayBk/Page-Vlink-Debit/input_Zip"), zip): Text '22201' is set on object 'Object Repository/RecAndPlayBk/Page-Vlink-Debit/input_Zip'

2023-02-08 19:25:18 - [MESSAGE][PASSED] - Text '22201' is set on object 'Object Repository/RecAndPlayBk/Page-Vlink-Debit/input_Zip'

2023-02-08 19:25:18 - [TEST_STEP][PASSED] - setText(findTestObject("RecAndPlayBk/Page-Vlink-Debit/input_Account_check"), acNumber): Text '58963214' is set on object 'Object Repository/RecAndPlayBk/Page-Vlink-Debit/input_Account_check'

2023-02-08 19:25:19 - [MESSAGE][PASSED] - Text '58963214' is set on object 'Object Repository/RecAndPlayBk/Page-Vlink-Debit/input_Account_check'

2023-02-08 19:25:19 - [TEST_STEP][PASSED] - setText(findTestObject("RecAndPlayBk/Page-Vlink-Debit/input_Company_check"), company): Text '' is set on object 'Object Repository/RecAndPlayBk/Page-Vlink-Debit/input_Company_check'

2023-02-08 19:25:20 - [MESSAGE][PASSED] - Text '' is set on object 'Object Repository/RecAndPlayBk/Page-Vlink-Debit/input_Company_check'

2023-02-08 19:25:20 - [TEST_STEP][PASSED] - setText(findTestObject("RecAndPlayBk/Page-Vlink-Debit/input_Account Type"), acType): Text '' is set on object 'Object Repository/RecAndPlayBk/Page-Vlink-Debit/input_Account Type'

2023-02-08 19:25:20 - [MESSAGE][PASSED] - Text '' is set on object 'Object Repository/RecAndPlayBk/Page-Vlink-Debit/input_Account Type'

2023-02-08 19:25:20 - [TEST_STEP][PASSED] - setText(findTestObject("RecAndPlayBk/Page-Vlink-Debit/input_Routing Number"), rtn): Text '256072691' is set on object 'Object Repository/RecAndPlayBk/Page-Vlink-Debit/input_Routing Number'

2023-02-08 19:25:21 - [MESSAGE][PASSED] - Text '256072691' is set on object 'Object Repository/RecAndPlayBk/Page-Vlink-Debit/input_Routing Number'

2023-02-08 19:25:21 - [TEST_STEP][PASSED] - setText(findTestObject("RecAndPlayBk/Page-Vlink-Debit/input_Amount"), amount): Text '12.50' is set on object 'Object Repository/RecAndPlayBk/Page-Vlink-Debit/input_Amount'

2023-02-08 19:25:21 - [MESSAGE][PASSED] - Text '12.50' is set on object 'Object Repository/RecAndPlayBk/Page-Vlink-Debit/input_Amount'

2023-02-08 19:25:21 - [TEST_STEP][PASSED] - setText(findTestObject("RecAndPlayBk/Page-Vlink-Debit/input_Check Email"), ""): Text '' is set on object 'Object Repository/RecAndPlayBk/Page-Vlink-Debit/input_Check Email'

2023-02-08 19:25:22 - [MESSAGE][PASSED] - Text '' is set on object 'Object Repository/RecAndPlayBk/Page-Vlink-Debit/input_Check Email'

2023-02-08 19:25:22 - [TEST_STEP][PASSED] - setText(findTestObject("Object Repository/RecAndPlayBk/Page-Vlink-Debit/input_concat(CheckWriter, , s SSN)_check_ssn"), ""): Text '' is set on object 'Object Repository/RecAndPlayBk/Page-Vlink-Debit/input_concat(CheckWriter, , s SSN)_check_ssn'

2023-02-08 19:25:23 - [MESSAGE][PASSED] - Text '' is set on object 'Object Repository/RecAndPlayBk/Page-Vlink-Debit/input_concat(CheckWriter, , s SSN)_check_ssn'

2023-02-08 19:25:23 - [TEST_STEP][PASSED] - setText(findTestObject("Object Repository/RecAndPlayBk/Page-Vlink-Debit/input_concat(CheckWriter, , s License Numbe_020fef"), ""): Text '' is set on object 'Object Repository/RecAndPlayBk/Page-Vlink-Debit/input_concat(CheckWriter, , s License Numbe_020fef'

2023-02-08 19:25:23 - [MESSAGE][PASSED] - Text '' is set on object 'Object Repository/RecAndPlayBk/Page-Vlink-Debit/input_concat(CheckWriter, , s License Numbe_020fef'

2023-02-08 19:25:23 - [TEST_STEP][PASSED] - setText(findTestObject("Object Repository/RecAndPlayBk/Page-Vlink-Debit/input_concat(CheckWriter, , s License State_21e3e7"), ""): Text '' is set on object 'Object Repository/RecAndPlayBk/Page-Vlink-Debit/input_concat(CheckWriter, , s License State_21e3e7'

2023-02-08 19:25:24 - [MESSAGE][PASSED] - Text '' is set on object 'Object Repository/RecAndPlayBk/Page-Vlink-Debit/input_concat(CheckWriter, , s License State_21e3e7'

2023-02-08 19:25:24 - [TEST_STEP][PASSED] - setText(findTestObject("RecAndPlayBk/Page-Vlink-Debit/input_Standard Entry Class"), sec): Text 'CCD' is set on object 'Object Repository/RecAndPlayBk/Page-Vlink-Debit/input_Standard Entry Class'

2023-02-08 19:25:25 - [MESSAGE][PASSED] - Text 'CCD' is set on object 'Object Repository/RecAndPlayBk/Page-Vlink-Debit/input_Standard Entry Class'

2023-02-08 19:25:25 - [TEST_STEP][PASSED] - click(findTestObject("Object Repository/RecAndPlayBk/Page-Vlink-Debit/input")): Object: 'Object Repository/RecAndPlayBk/Page-Vlink-Debit/input' is clicked on

2023-02-08 19:25:25 - [MESSAGE][PASSED] - Object: 'Object Repository/RecAndPlayBk/Page-Vlink-Debit/input' is clicked on

2023-02-08 19:25:25 - [TEST_STEP][PASSED] - if (verifyTextPresent(errorMsg, true)): null

2023-02-08 19:25:26 - [MESSAGE][PASSED] - Text 'check_company, check_company' is present on page  using regular expression

2023-02-08 19:25:26 - [TEST_STEP][PASSED] - println("Error Message is present on the Confirmation page"): null

2023-02-08 19:25:26 - [TEST_STEP][PASSED] - out.println("Pass Record Number: " + row): null

2023-02-08 19:25:26 - [TEST_STEP][PASSED] - resText = "Pass": null

2023-02-08 19:25:26 - [TEST_STEP][PASSED] - pages.WriteExcel.demoKey(resText, datText, resColumn, datCloumn, fileLoc, nameSheet, row): pages.WriteExcel.demoKey is PASSED

2023-02-08 19:25:26 - [MESSAGE][PASSED] - pages.WriteExcel.demoKey is PASSED]]></system-out>
         <system-err><![CDATA[]]></system-err>
      </testcase>
      <testcase name="Test Cases/RecAndPlayBk/VLink/ACH-Void-MRF" time="114.578" classname="Test Cases/RecAndPlayBk/VLink/ACH-Void-MRF" status="FAILED">
         <failure type="FAILED" message="Test Cases/RecAndPlayBk/VLink/ACH-Void-MRF FAILED.
Reason:
com.kms.katalon.core.exception.StepFailedException: Text 'check_first_name, check_last_name, check_address, check_city, check_state, che' is not present on page  using regular expression (Root cause: com.kms.katalon.core.exception.StepFailedException: Text 'check_first_name, check_last_name, check_address, check_city, check_state, che' is not present on page  using regular expression
	at com.kms.katalon.core.webui.keyword.internal.WebUIKeywordMain.stepFailed(WebUIKeywordMain.groovy:64)
	at com.kms.katalon.core.webui.keyword.builtin.VerifyTextPresentKeyword$_verifyTextPresent_closure1.doCall(VerifyTextPresentKeyword.groovy:79)
	at com.kms.katalon.core.webui.keyword.builtin.VerifyTextPresentKeyword$_verifyTextPresent_closure1.call(VerifyTextPresentKeyword.groovy)
	at com.kms.katalon.core.webui.keyword.internal.WebUIKeywordMain.runKeyword(WebUIKeywordMain.groovy:20)
	at com.kms.katalon.core.webui.keyword.builtin.VerifyTextPresentKeyword.verifyTextPresent(VerifyTextPresentKeyword.groovy:83)
	at com.kms.katalon.core.webui.keyword.builtin.VerifyTextPresentKeyword.execute(VerifyTextPresentKeyword.groovy:68)
	at com.kms.katalon.core.keyword.internal.KeywordExecutor.executeKeywordForPlatform(KeywordExecutor.groovy:74)
	at com.kms.katalon.core.webui.keyword.WebUiBuiltInKeywords.verifyTextPresent(WebUiBuiltInKeywords.groovy:1723)
	at com.kms.katalon.core.webui.keyword.WebUiBuiltInKeywords$verifyTextPresent$4.call(Unknown Source)
	at ACH-Void-MRF.run(ACH-Void-MRF:105)
	at com.kms.katalon.core.main.ScriptEngine.run(ScriptEngine.java:194)
	at com.kms.katalon.core.main.ScriptEngine.runScriptAsRawText(ScriptEngine.java:119)
	at com.kms.katalon.core.main.TestCaseExecutor.runScript(TestCaseExecutor.java:442)
	at com.kms.katalon.core.main.TestCaseExecutor.doExecute(TestCaseExecutor.java:433)
	at com.kms.katalon.core.main.TestCaseExecutor.processExecutionPhase(TestCaseExecutor.java:412)
	at com.kms.katalon.core.main.TestCaseExecutor.accessMainPhase(TestCaseExecutor.java:404)
	at com.kms.katalon.core.main.TestCaseExecutor.execute(TestCaseExecutor.java:281)
	at com.kms.katalon.core.main.TestSuiteExecutor.accessTestCaseMainPhase(TestSuiteExecutor.java:202)
	at com.kms.katalon.core.main.TestSuiteExecutor.accessTestSuiteMainPhase(TestSuiteExecutor.java:164)
	at com.kms.katalon.core.main.TestSuiteExecutor.execute(TestSuiteExecutor.java:105)
	at com.kms.katalon.core.main.TestCaseMain.startTestSuite(TestCaseMain.java:185)
	at com.kms.katalon.core.main.TestCaseMain$startTestSuite$0.call(Unknown Source)
	at TempTestSuite1675897428045.run(TempTestSuite1675897428045.groovy:36)
)
	at com.kms.katalon.core.keyword.internal.KeywordMain.stepFailed(KeywordMain.groovy:39)
	at com.kms.katalon.core.webui.keyword.internal.WebUIKeywordMain.stepFailed(WebUIKeywordMain.groovy:64)
	at com.kms.katalon.core.webui.keyword.builtin.VerifyTextPresentKeyword$_verifyTextPresent_closure1.doCall(VerifyTextPresentKeyword.groovy:79)
	at com.kms.katalon.core.webui.keyword.builtin.VerifyTextPresentKeyword$_verifyTextPresent_closure1.call(VerifyTextPresentKeyword.groovy)
	at com.kms.katalon.core.webui.keyword.internal.WebUIKeywordMain.runKeyword(WebUIKeywordMain.groovy:20)
	at com.kms.katalon.core.webui.keyword.builtin.VerifyTextPresentKeyword.verifyTextPresent(VerifyTextPresentKeyword.groovy:83)
	at com.kms.katalon.core.webui.keyword.builtin.VerifyTextPresentKeyword.execute(VerifyTextPresentKeyword.groovy:68)
	at com.kms.katalon.core.keyword.internal.KeywordExecutor.executeKeywordForPlatform(KeywordExecutor.groovy:74)
	at com.kms.katalon.core.webui.keyword.WebUiBuiltInKeywords.verifyTextPresent(WebUiBuiltInKeywords.groovy:1723)
	at com.kms.katalon.core.webui.keyword.WebUiBuiltInKeywords$verifyTextPresent$4.call(Unknown Source)
	at ACH-Void-MRF.run(ACH-Void-MRF:105)
	at com.kms.katalon.core.main.ScriptEngine.run(ScriptEngine.java:194)
	at com.kms.katalon.core.main.ScriptEngine.runScriptAsRawText(ScriptEngine.java:119)
	at com.kms.katalon.core.main.TestCaseExecutor.runScript(TestCaseExecutor.java:442)
	at com.kms.katalon.core.main.TestCaseExecutor.doExecute(TestCaseExecutor.java:433)
	at com.kms.katalon.core.main.TestCaseExecutor.processExecutionPhase(TestCaseExecutor.java:412)
	at com.kms.katalon.core.main.TestCaseExecutor.accessMainPhase(TestCaseExecutor.java:404)
	at com.kms.katalon.core.main.TestCaseExecutor.execute(TestCaseExecutor.java:281)
	at com.kms.katalon.core.main.TestSuiteExecutor.accessTestCaseMainPhase(TestSuiteExecutor.java:202)
	at com.kms.katalon.core.main.TestSuiteExecutor.accessTestSuiteMainPhase(TestSuiteExecutor.java:164)
	at com.kms.katalon.core.main.TestSuiteExecutor.execute(TestSuiteExecutor.java:105)
	at com.kms.katalon.core.main.TestCaseMain.startTestSuite(TestCaseMain.java:185)
	at com.kms.katalon.core.main.TestCaseMain$startTestSuite$0.call(Unknown Source)
	at TempTestSuite1675897428045.run(TempTestSuite1675897428045.groovy:36)
Caused by: com.kms.katalon.core.exception.StepFailedException: Text 'check_first_name, check_last_name, check_address, check_city, check_state, che' is not present on page  using regular expression
	... 23 more
"/>
         <system-out><![CDATA[2023-02-08 19:25:26 - [TEST_CASE][FAILED] - Test Cases/RecAndPlayBk/VLink/ACH-Void-MRF: Test Cases/RecAndPlayBk/VLink/ACH-Void-MRF FAILED.
Reason:
com.kms.katalon.core.exception.StepFailedException: Text 'check_first_name, check_last_name, check_address, check_city, check_state, che' is not present on page  using regular expression (Root cause: com.kms.katalon.core.exception.StepFailedException: Text 'check_first_name, check_last_name, check_address, check_city, check_state, che' is not present on page  using regular expression
	at com.kms.katalon.core.webui.keyword.internal.WebUIKeywordMain.stepFailed(WebUIKeywordMain.groovy:64)
	at com.kms.katalon.core.webui.keyword.builtin.VerifyTextPresentKeyword$_verifyTextPresent_closure1.doCall(VerifyTextPresentKeyword.groovy:79)
	at com.kms.katalon.core.webui.keyword.builtin.VerifyTextPresentKeyword$_verifyTextPresent_closure1.call(VerifyTextPresentKeyword.groovy)
	at com.kms.katalon.core.webui.keyword.internal.WebUIKeywordMain.runKeyword(WebUIKeywordMain.groovy:20)
	at com.kms.katalon.core.webui.keyword.builtin.VerifyTextPresentKeyword.verifyTextPresent(VerifyTextPresentKeyword.groovy:83)
	at com.kms.katalon.core.webui.keyword.builtin.VerifyTextPresentKeyword.execute(VerifyTextPresentKeyword.groovy:68)
	at com.kms.katalon.core.keyword.internal.KeywordExecutor.executeKeywordForPlatform(KeywordExecutor.groovy:74)
	at com.kms.katalon.core.webui.keyword.WebUiBuiltInKeywords.verifyTextPresent(WebUiBuiltInKeywords.groovy:1723)
	at com.kms.katalon.core.webui.keyword.WebUiBuiltInKeywords$verifyTextPresent$4.call(Unknown Source)
	at ACH-Void-MRF.run(ACH-Void-MRF:105)
	at com.kms.katalon.core.main.ScriptEngine.run(ScriptEngine.java:194)
	at com.kms.katalon.core.main.ScriptEngine.runScriptAsRawText(ScriptEngine.java:119)
	at com.kms.katalon.core.main.TestCaseExecutor.runScript(TestCaseExecutor.java:442)
	at com.kms.katalon.core.main.TestCaseExecutor.doExecute(TestCaseExecutor.java:433)
	at com.kms.katalon.core.main.TestCaseExecutor.processExecutionPhase(TestCaseExecutor.java:412)
	at com.kms.katalon.core.main.TestCaseExecutor.accessMainPhase(TestCaseExecutor.java:404)
	at com.kms.katalon.core.main.TestCaseExecutor.execute(TestCaseExecutor.java:281)
	at com.kms.katalon.core.main.TestSuiteExecutor.accessTestCaseMainPhase(TestSuiteExecutor.java:202)
	at com.kms.katalon.core.main.TestSuiteExecutor.accessTestSuiteMainPhase(TestSuiteExecutor.java:164)
	at com.kms.katalon.core.main.TestSuiteExecutor.execute(TestSuiteExecutor.java:105)
	at com.kms.katalon.core.main.TestCaseMain.startTestSuite(TestCaseMain.java:185)
	at com.kms.katalon.core.main.TestCaseMain$startTestSuite$0.call(Unknown Source)
	at TempTestSuite1675897428045.run(TempTestSuite1675897428045.groovy:36)
)
	at com.kms.katalon.core.keyword.internal.KeywordMain.stepFailed(KeywordMain.groovy:39)
	at com.kms.katalon.core.webui.keyword.internal.WebUIKeywordMain.stepFailed(WebUIKeywordMain.groovy:64)
	at com.kms.katalon.core.webui.keyword.builtin.VerifyTextPresentKeyword$_verifyTextPresent_closure1.doCall(VerifyTextPresentKeyword.groovy:79)
	at com.kms.katalon.core.webui.keyword.builtin.VerifyTextPresentKeyword$_verifyTextPresent_closure1.call(VerifyTextPresentKeyword.groovy)
	at com.kms.katalon.core.webui.keyword.internal.WebUIKeywordMain.runKeyword(WebUIKeywordMain.groovy:20)
	at com.kms.katalon.core.webui.keyword.builtin.VerifyTextPresentKeyword.verifyTextPresent(VerifyTextPresentKeyword.groovy:83)
	at com.kms.katalon.core.webui.keyword.builtin.VerifyTextPresentKeyword.execute(VerifyTextPresentKeyword.groovy:68)
	at com.kms.katalon.core.keyword.internal.KeywordExecutor.executeKeywordForPlatform(KeywordExecutor.groovy:74)
	at com.kms.katalon.core.webui.keyword.WebUiBuiltInKeywords.verifyTextPresent(WebUiBuiltInKeywords.groovy:1723)
	at com.kms.katalon.core.webui.keyword.WebUiBuiltInKeywords$verifyTextPresent$4.call(Unknown Source)
	at ACH-Void-MRF.run(ACH-Void-MRF:105)
	at com.kms.katalon.core.main.ScriptEngine.run(ScriptEngine.java:194)
	at com.kms.katalon.core.main.ScriptEngine.runScriptAsRawText(ScriptEngine.java:119)
	at com.kms.katalon.core.main.TestCaseExecutor.runScript(TestCaseExecutor.java:442)
	at com.kms.katalon.core.main.TestCaseExecutor.doExecute(TestCaseExecutor.java:433)
	at com.kms.katalon.core.main.TestCaseExecutor.processExecutionPhase(TestCaseExecutor.java:412)
	at com.kms.katalon.core.main.TestCaseExecutor.accessMainPhase(TestCaseExecutor.java:404)
	at com.kms.katalon.core.main.TestCaseExecutor.execute(TestCaseExecutor.java:281)
	at com.kms.katalon.core.main.TestSuiteExecutor.accessTestCaseMainPhase(TestSuiteExecutor.java:202)
	at com.kms.katalon.core.main.TestSuiteExecutor.accessTestSuiteMainPhase(TestSuiteExecutor.java:164)
	at com.kms.katalon.core.main.TestSuiteExecutor.execute(TestSuiteExecutor.java:105)
	at com.kms.katalon.core.main.TestCaseMain.startTestSuite(TestCaseMain.java:185)
	at com.kms.katalon.core.main.TestCaseMain$startTestSuite$0.call(Unknown Source)
	at TempTestSuite1675897428045.run(TempTestSuite1675897428045.groovy:36)
Caused by: com.kms.katalon.core.exception.StepFailedException: Text 'check_first_name, check_last_name, check_address, check_city, check_state, che' is not present on page  using regular expression
	... 23 more


2023-02-08 19:25:26 - [TEST_STEP][PASSED] - executionProfile = getExecutionProfile(): null

2023-02-08 19:25:26 - [TEST_STEP][PASSED] - out.println("executionProfile : " + executionProfile): null

2023-02-08 19:25:26 - [TEST_STEP][PASSED] - resText = "Fail": null

2023-02-08 19:25:26 - [TEST_STEP][PASSED] - resColumn = "Result": null

2023-02-08 19:25:26 - [TEST_STEP][PASSED] - datCloumn = "Date": null

2023-02-08 19:25:26 - [TEST_STEP][PASSED] - fileLoc = "KatalonData/VLinkSmokeDataACH.xlsx": null

2023-02-08 19:25:26 - [TEST_STEP][PASSED] - numOfRows = <not implemented yet for class: org.codehaus.groovy.ast.expr.EmptyExpression>: null

2023-02-08 19:25:26 - [TEST_STEP][PASSED] - dataFile = <not implemented yet for class: org.codehaus.groovy.ast.expr.EmptyExpression>: null

2023-02-08 19:25:26 - [TEST_STEP][PASSED] - nameSheet = <not implemented yet for class: org.codehaus.groovy.ast.expr.EmptyExpression>: null

2023-02-08 19:25:26 - [TEST_STEP][PASSED] - nameSheet = "Void-MRF": null

2023-02-08 19:25:26 - [TEST_STEP][PASSED] - numOfRows = findTestData("QA/VLinkTestData/VLinkACHVoidMRFData").getRowNumbers(): null

2023-02-08 19:25:26 - [TEST_STEP][PASSED] - println("Number of Records: " + numOfRows): null

2023-02-08 19:25:26 - [TEST_STEP][PASSED] - dataFile = "QA/VLinkTestData/VLinkACHVoidMRFData": null

2023-02-08 19:25:26 - [TEST_STEP][FAILED] - for ([row = 1, row <= numOfRows, (row++)]): null

2023-02-08 19:25:26 - [TEST_STEP][PASSED] - ExecuteTC = findTestData(dataFile).getValue("Execute", row): null

2023-02-08 19:25:26 - [TEST_STEP][PASSED] - out.println("Value of Execute is : " + ExecuteTC): null

2023-02-08 19:25:26 - [TEST_STEP][PASSED] - if (ExecuteTC.equalsIgnoreCase("Y")): null

2023-02-08 19:25:26 - [TEST_STEP][PASSED] - out.println("Begin Record Number: " + row): null

2023-02-08 19:25:26 - [TEST_STEP][PASSED] - today = new java.util.Date(): null

2023-02-08 19:25:26 - [TEST_STEP][PASSED] - println(today): null

2023-02-08 19:25:26 - [TEST_STEP][PASSED] - datText = today: null

2023-02-08 19:25:26 - [TEST_STEP][PASSED] - appID = findTestData(dataFile).getValue("AppID", row): null

2023-02-08 19:25:26 - [TEST_STEP][PASSED] - username = findTestData(dataFile).getValue("Username", row): null

2023-02-08 19:25:26 - [TEST_STEP][PASSED] - password = findTestData(dataFile).getValue("Password", row): null

2023-02-08 19:25:26 - [TEST_STEP][PASSED] - errorMsg = findTestData(dataFile).getValue("ErrorMsg", row): null

2023-02-08 19:25:26 - [TEST_STEP][PASSED] - tranType = findTestData(dataFile).getValue("TranType", row): null

2023-02-08 19:25:26 - [TEST_STEP][PASSED] - mv = findTestData(dataFile).getValue("MV", row): null

2023-02-08 19:25:27 - [TEST_STEP][PASSED] - resFormat = findTestData(dataFile).getValue("ResFormat", row): null

2023-02-08 19:25:27 - [TEST_STEP][PASSED] - checkType = findTestData(dataFile).getValue("CheckType", row): null

2023-02-08 19:25:27 - [TEST_STEP][PASSED] - sec = findTestData(dataFile).getValue("SEC", row): null

2023-02-08 19:25:27 - [TEST_STEP][PASSED] - tranID = findTestData(dataFile).getValue("TranxID", row): null

2023-02-08 19:25:27 - [TEST_STEP][PASSED] - origTranType = findTestData(dataFile).getValue("OriginalTranType", row): null

2023-02-08 19:25:27 - [TEST_STEP][PASSED] - openBrowser(VLinkURL + "ACH_void.html"): Browser is opened with url: 'https://dev-algorithm.govolution.com/vlinktest/QA/version_2_0/ACH_void.html'

2023-02-08 19:25:27 - [MESSAGE][WARNING] - A browser is already opened. Closing browser and opening a new one

2023-02-08 19:25:28 - [MESSAGE][INFO] - Starting 'Chrome' driver

2023-02-08 19:25:28 - [MESSAGE][INFO] - User set preference: ['acceptInsecureCerts', 'true']

2023-02-08 19:25:28 - [MESSAGE][INFO] - Action delay is set to 0 milliseconds

2023-02-08 19:25:30 - [MESSAGE][PASSED] - Browser is opened with url: 'https://dev-algorithm.govolution.com/vlinktest/QA/version_2_0/ACH_void.html'

2023-02-08 19:25:30 - [TEST_STEP][PASSED] - maximizeWindow(): Current window maximized

2023-02-08 19:25:30 - [MESSAGE][PASSED] - Current window maximized

2023-02-08 19:25:30 - [TEST_STEP][PASSED] - setText(findTestObject("Object Repository/RecAndPlayBk/Page-Vlink-ACH-Void/input_Transaction Type"), tranType): Text '' is set on object 'Object Repository/RecAndPlayBk/Page-Vlink-ACH-Void/input_Transaction Type'

2023-02-08 19:25:30 - [MESSAGE][PASSED] - Text '' is set on object 'Object Repository/RecAndPlayBk/Page-Vlink-ACH-Void/input_Transaction Type'

2023-02-08 19:25:30 - [TEST_STEP][PASSED] - setText(findTestObject("Object Repository/RecAndPlayBk/Page-Vlink-ACH-Void/input_Message Version"), mv): Text '2.0A' is set on object 'Object Repository/RecAndPlayBk/Page-Vlink-ACH-Void/input_Message Version'

2023-02-08 19:25:31 - [MESSAGE][PASSED] - Text '2.0A' is set on object 'Object Repository/RecAndPlayBk/Page-Vlink-ACH-Void/input_Message Version'

2023-02-08 19:25:31 - [TEST_STEP][PASSED] - genRemID = RandomStringUtils.random(12, true, true): null

2023-02-08 19:25:31 - [TEST_STEP][PASSED] - setText(findTestObject("Object Repository/RecAndPlayBk/Page-Vlink-ACH-Void/input_Remittance Id"), genRemID): Text 'qFjV2BptT9gA' is set on object 'Object Repository/RecAndPlayBk/Page-Vlink-ACH-Void/input_Remittance Id'

2023-02-08 19:25:32 - [MESSAGE][PASSED] - Text 'qFjV2BptT9gA' is set on object 'Object Repository/RecAndPlayBk/Page-Vlink-ACH-Void/input_Remittance Id'

2023-02-08 19:25:32 - [TEST_STEP][PASSED] - setText(findTestObject("Object Repository/RecAndPlayBk/Page-Vlink-ACH-Void/input_Application Id"), appID): Text '234' is set on object 'Object Repository/RecAndPlayBk/Page-Vlink-ACH-Void/input_Application Id'

2023-02-08 19:25:32 - [MESSAGE][PASSED] - Text '234' is set on object 'Object Repository/RecAndPlayBk/Page-Vlink-ACH-Void/input_Application Id'

2023-02-08 19:25:32 - [TEST_STEP][PASSED] - setText(findTestObject("Object Repository/RecAndPlayBk/Page-Vlink-ACH-Void/input_Username"), username): Text 'username' is set on object 'Object Repository/RecAndPlayBk/Page-Vlink-ACH-Void/input_Username'

2023-02-08 19:25:33 - [MESSAGE][PASSED] - Text 'username' is set on object 'Object Repository/RecAndPlayBk/Page-Vlink-ACH-Void/input_Username'

2023-02-08 19:25:33 - [TEST_STEP][PASSED] - setText(findTestObject("Object Repository/RecAndPlayBk/Page-Vlink-ACH-Void/input_Password"), password): Text 'password' is set on object 'Object Repository/RecAndPlayBk/Page-Vlink-ACH-Void/input_Password'

2023-02-08 19:25:33 - [MESSAGE][PASSED] - Text 'password' is set on object 'Object Repository/RecAndPlayBk/Page-Vlink-ACH-Void/input_Password'

2023-02-08 19:25:33 - [TEST_STEP][PASSED] - setText(findTestObject("Object Repository/RecAndPlayBk/Page-Vlink-ACH-Void/input_Response Format"), resFormat): Text 'fixed_width' is set on object 'Object Repository/RecAndPlayBk/Page-Vlink-ACH-Void/input_Response Format'

2023-02-08 19:25:34 - [MESSAGE][PASSED] - Text 'fixed_width' is set on object 'Object Repository/RecAndPlayBk/Page-Vlink-ACH-Void/input_Response Format'

2023-02-08 19:25:34 - [TEST_STEP][PASSED] - setText(findTestObject("Object Repository/RecAndPlayBk/Page-Vlink-ACH-Void/input_Check Type"), checkType): Text 'P' is set on object 'Object Repository/RecAndPlayBk/Page-Vlink-ACH-Void/input_Check Type'

2023-02-08 19:25:35 - [MESSAGE][PASSED] - Text 'P' is set on object 'Object Repository/RecAndPlayBk/Page-Vlink-ACH-Void/input_Check Type'

2023-02-08 19:25:35 - [TEST_STEP][PASSED] - setText(findTestObject("Object Repository/RecAndPlayBk/Page-Vlink-ACH-Void/input_Standard Entry Class"), sec): Text 'WEB' is set on object 'Object Repository/RecAndPlayBk/Page-Vlink-ACH-Void/input_Standard Entry Class'

2023-02-08 19:25:35 - [MESSAGE][PASSED] - Text 'WEB' is set on object 'Object Repository/RecAndPlayBk/Page-Vlink-ACH-Void/input_Standard Entry Class'

2023-02-08 19:25:35 - [TEST_STEP][PASSED] - setText(findTestObject("Object Repository/RecAndPlayBk/Page-Vlink-ACH-Void/input_Transaction ID"), tranID): Text '12124566' is set on object 'Object Repository/RecAndPlayBk/Page-Vlink-ACH-Void/input_Transaction ID'

2023-02-08 19:25:36 - [MESSAGE][PASSED] - Text '12124566' is set on object 'Object Repository/RecAndPlayBk/Page-Vlink-ACH-Void/input_Transaction ID'

2023-02-08 19:25:36 - [TEST_STEP][PASSED] - setText(findTestObject("Object Repository/RecAndPlayBk/Page-Vlink-ACH-Void/input_Original Transaction Type"), origTranType): Text '200' is set on object 'Object Repository/RecAndPlayBk/Page-Vlink-ACH-Void/input_Original Transaction Type'

2023-02-08 19:25:36 - [MESSAGE][PASSED] - Text '200' is set on object 'Object Repository/RecAndPlayBk/Page-Vlink-ACH-Void/input_Original Transaction Type'

2023-02-08 19:25:36 - [TEST_STEP][PASSED] - click(findTestObject("Object Repository/RecAndPlayBk/Page-Vlink-ACH-Void/input")): Object: 'Object Repository/RecAndPlayBk/Page-Vlink-ACH-Void/input' is clicked on

2023-02-08 19:25:37 - [MESSAGE][PASSED] - Object: 'Object Repository/RecAndPlayBk/Page-Vlink-ACH-Void/input' is clicked on

2023-02-08 19:25:37 - [TEST_STEP][PASSED] - if (verifyTextPresent(errorMsg, true)): null

2023-02-08 19:25:37 - [MESSAGE][PASSED] - Text 'Invalid transaction type' is present on page  using regular expression

2023-02-08 19:25:37 - [TEST_STEP][PASSED] - println("Error Message is present on the Confirmation page"): null

2023-02-08 19:25:37 - [TEST_STEP][PASSED] - out.println("Pass Record Number: " + row): null

2023-02-08 19:25:37 - [TEST_STEP][PASSED] - resText = "Pass": null

2023-02-08 19:25:37 - [TEST_STEP][PASSED] - pages.WriteExcel.demoKey(resText, datText, resColumn, datCloumn, fileLoc, nameSheet, row): pages.WriteExcel.demoKey is PASSED

2023-02-08 19:25:37 - [MESSAGE][PASSED] - pages.WriteExcel.demoKey is PASSED

2023-02-08 19:25:37 - [TEST_STEP][PASSED] - ExecuteTC = findTestData(dataFile).getValue("Execute", row): null

2023-02-08 19:25:38 - [TEST_STEP][PASSED] - out.println("Value of Execute is : " + ExecuteTC): null

2023-02-08 19:25:38 - [TEST_STEP][PASSED] - if (ExecuteTC.equalsIgnoreCase("Y")): null

2023-02-08 19:25:38 - [TEST_STEP][PASSED] - out.println("Begin Record Number: " + row): null

2023-02-08 19:25:38 - [TEST_STEP][PASSED] - today = new java.util.Date(): null

2023-02-08 19:25:38 - [TEST_STEP][PASSED] - println(today): null

2023-02-08 19:25:38 - [TEST_STEP][PASSED] - datText = today: null

2023-02-08 19:25:38 - [TEST_STEP][PASSED] - appID = findTestData(dataFile).getValue("AppID", row): null

2023-02-08 19:25:38 - [TEST_STEP][PASSED] - username = findTestData(dataFile).getValue("Username", row): null

2023-02-08 19:25:38 - [TEST_STEP][PASSED] - password = findTestData(dataFile).getValue("Password", row): null

2023-02-08 19:25:38 - [TEST_STEP][PASSED] - errorMsg = findTestData(dataFile).getValue("ErrorMsg", row): null

2023-02-08 19:25:38 - [TEST_STEP][PASSED] - tranType = findTestData(dataFile).getValue("TranType", row): null

2023-02-08 19:25:38 - [TEST_STEP][PASSED] - mv = findTestData(dataFile).getValue("MV", row): null

2023-02-08 19:25:38 - [TEST_STEP][PASSED] - resFormat = findTestData(dataFile).getValue("ResFormat", row): null

2023-02-08 19:25:38 - [TEST_STEP][PASSED] - checkType = findTestData(dataFile).getValue("CheckType", row): null

2023-02-08 19:25:38 - [TEST_STEP][PASSED] - sec = findTestData(dataFile).getValue("SEC", row): null

2023-02-08 19:25:38 - [TEST_STEP][PASSED] - tranID = findTestData(dataFile).getValue("TranxID", row): null

2023-02-08 19:25:38 - [TEST_STEP][PASSED] - origTranType = findTestData(dataFile).getValue("OriginalTranType", row): null

2023-02-08 19:25:38 - [TEST_STEP][PASSED] - openBrowser(VLinkURL + "ACH_void.html"): Browser is opened with url: 'https://dev-algorithm.govolution.com/vlinktest/QA/version_2_0/ACH_void.html'

2023-02-08 19:25:38 - [MESSAGE][WARNING] - A browser is already opened. Closing browser and opening a new one

2023-02-08 19:25:39 - [MESSAGE][INFO] - Starting 'Chrome' driver

2023-02-08 19:25:39 - [MESSAGE][INFO] - User set preference: ['acceptInsecureCerts', 'true']

2023-02-08 19:25:39 - [MESSAGE][INFO] - Action delay is set to 0 milliseconds

2023-02-08 19:25:41 - [MESSAGE][PASSED] - Browser is opened with url: 'https://dev-algorithm.govolution.com/vlinktest/QA/version_2_0/ACH_void.html'

2023-02-08 19:25:41 - [TEST_STEP][PASSED] - maximizeWindow(): Current window maximized

2023-02-08 19:25:41 - [MESSAGE][PASSED] - Current window maximized

2023-02-08 19:25:41 - [TEST_STEP][PASSED] - setText(findTestObject("Object Repository/RecAndPlayBk/Page-Vlink-ACH-Void/input_Transaction Type"), tranType): Text '200' is set on object 'Object Repository/RecAndPlayBk/Page-Vlink-ACH-Void/input_Transaction Type'

2023-02-08 19:25:42 - [MESSAGE][PASSED] - Text '200' is set on object 'Object Repository/RecAndPlayBk/Page-Vlink-ACH-Void/input_Transaction Type'

2023-02-08 19:25:42 - [TEST_STEP][PASSED] - setText(findTestObject("Object Repository/RecAndPlayBk/Page-Vlink-ACH-Void/input_Message Version"), mv): Text '' is set on object 'Object Repository/RecAndPlayBk/Page-Vlink-ACH-Void/input_Message Version'

2023-02-08 19:25:42 - [MESSAGE][PASSED] - Text '' is set on object 'Object Repository/RecAndPlayBk/Page-Vlink-ACH-Void/input_Message Version'

2023-02-08 19:25:42 - [TEST_STEP][PASSED] - genRemID = RandomStringUtils.random(12, true, true): null

2023-02-08 19:25:42 - [TEST_STEP][PASSED] - setText(findTestObject("Object Repository/RecAndPlayBk/Page-Vlink-ACH-Void/input_Remittance Id"), genRemID): Text 'LV5DBxfLAGoa' is set on object 'Object Repository/RecAndPlayBk/Page-Vlink-ACH-Void/input_Remittance Id'

2023-02-08 19:25:43 - [MESSAGE][PASSED] - Text 'LV5DBxfLAGoa' is set on object 'Object Repository/RecAndPlayBk/Page-Vlink-ACH-Void/input_Remittance Id'

2023-02-08 19:25:43 - [TEST_STEP][PASSED] - setText(findTestObject("Object Repository/RecAndPlayBk/Page-Vlink-ACH-Void/input_Application Id"), appID): Text '234' is set on object 'Object Repository/RecAndPlayBk/Page-Vlink-ACH-Void/input_Application Id'

2023-02-08 19:25:43 - [MESSAGE][PASSED] - Text '234' is set on object 'Object Repository/RecAndPlayBk/Page-Vlink-ACH-Void/input_Application Id'

2023-02-08 19:25:43 - [TEST_STEP][PASSED] - setText(findTestObject("Object Repository/RecAndPlayBk/Page-Vlink-ACH-Void/input_Username"), username): Text 'username' is set on object 'Object Repository/RecAndPlayBk/Page-Vlink-ACH-Void/input_Username'

2023-02-08 19:25:44 - [MESSAGE][PASSED] - Text 'username' is set on object 'Object Repository/RecAndPlayBk/Page-Vlink-ACH-Void/input_Username'

2023-02-08 19:25:44 - [TEST_STEP][PASSED] - setText(findTestObject("Object Repository/RecAndPlayBk/Page-Vlink-ACH-Void/input_Password"), password): Text 'password' is set on object 'Object Repository/RecAndPlayBk/Page-Vlink-ACH-Void/input_Password'

2023-02-08 19:25:45 - [MESSAGE][PASSED] - Text 'password' is set on object 'Object Repository/RecAndPlayBk/Page-Vlink-ACH-Void/input_Password'

2023-02-08 19:25:45 - [TEST_STEP][PASSED] - setText(findTestObject("Object Repository/RecAndPlayBk/Page-Vlink-ACH-Void/input_Response Format"), resFormat): Text 'fixed_width' is set on object 'Object Repository/RecAndPlayBk/Page-Vlink-ACH-Void/input_Response Format'

2023-02-08 19:25:45 - [MESSAGE][PASSED] - Text 'fixed_width' is set on object 'Object Repository/RecAndPlayBk/Page-Vlink-ACH-Void/input_Response Format'

2023-02-08 19:25:45 - [TEST_STEP][PASSED] - setText(findTestObject("Object Repository/RecAndPlayBk/Page-Vlink-ACH-Void/input_Check Type"), checkType): Text 'P' is set on object 'Object Repository/RecAndPlayBk/Page-Vlink-ACH-Void/input_Check Type'

2023-02-08 19:25:46 - [MESSAGE][PASSED] - Text 'P' is set on object 'Object Repository/RecAndPlayBk/Page-Vlink-ACH-Void/input_Check Type'

2023-02-08 19:25:46 - [TEST_STEP][PASSED] - setText(findTestObject("Object Repository/RecAndPlayBk/Page-Vlink-ACH-Void/input_Standard Entry Class"), sec): Text 'TEL' is set on object 'Object Repository/RecAndPlayBk/Page-Vlink-ACH-Void/input_Standard Entry Class'

2023-02-08 19:25:47 - [MESSAGE][PASSED] - Text 'TEL' is set on object 'Object Repository/RecAndPlayBk/Page-Vlink-ACH-Void/input_Standard Entry Class'

2023-02-08 19:25:47 - [TEST_STEP][PASSED] - setText(findTestObject("Object Repository/RecAndPlayBk/Page-Vlink-ACH-Void/input_Transaction ID"), tranID): Text '12124566' is set on object 'Object Repository/RecAndPlayBk/Page-Vlink-ACH-Void/input_Transaction ID'

2023-02-08 19:25:47 - [MESSAGE][PASSED] - Text '12124566' is set on object 'Object Repository/RecAndPlayBk/Page-Vlink-ACH-Void/input_Transaction ID'

2023-02-08 19:25:47 - [TEST_STEP][PASSED] - setText(findTestObject("Object Repository/RecAndPlayBk/Page-Vlink-ACH-Void/input_Original Transaction Type"), origTranType): Text '200' is set on object 'Object Repository/RecAndPlayBk/Page-Vlink-ACH-Void/input_Original Transaction Type'

2023-02-08 19:25:48 - [MESSAGE][PASSED] - Text '200' is set on object 'Object Repository/RecAndPlayBk/Page-Vlink-ACH-Void/input_Original Transaction Type'

2023-02-08 19:25:48 - [TEST_STEP][PASSED] - click(findTestObject("Object Repository/RecAndPlayBk/Page-Vlink-ACH-Void/input")): Object: 'Object Repository/RecAndPlayBk/Page-Vlink-ACH-Void/input' is clicked on

2023-02-08 19:25:48 - [MESSAGE][PASSED] - Object: 'Object Repository/RecAndPlayBk/Page-Vlink-ACH-Void/input' is clicked on

2023-02-08 19:25:48 - [TEST_STEP][PASSED] - if (verifyTextPresent(errorMsg, true)): null

2023-02-08 19:25:49 - [MESSAGE][PASSED] - Text 'Missing parameter: message_version' is present on page  using regular expression

2023-02-08 19:25:49 - [TEST_STEP][PASSED] - println("Error Message is present on the Confirmation page"): null

2023-02-08 19:25:49 - [TEST_STEP][PASSED] - out.println("Pass Record Number: " + row): null

2023-02-08 19:25:49 - [TEST_STEP][PASSED] - resText = "Pass": null

2023-02-08 19:25:49 - [TEST_STEP][PASSED] - pages.WriteExcel.demoKey(resText, datText, resColumn, datCloumn, fileLoc, nameSheet, row): pages.WriteExcel.demoKey is PASSED

2023-02-08 19:25:49 - [MESSAGE][PASSED] - pages.WriteExcel.demoKey is PASSED

2023-02-08 19:25:49 - [TEST_STEP][PASSED] - ExecuteTC = findTestData(dataFile).getValue("Execute", row): null

2023-02-08 19:25:49 - [TEST_STEP][PASSED] - out.println("Value of Execute is : " + ExecuteTC): null

2023-02-08 19:25:49 - [TEST_STEP][PASSED] - if (ExecuteTC.equalsIgnoreCase("Y")): null

2023-02-08 19:25:49 - [TEST_STEP][PASSED] - out.println("Begin Record Number: " + row): null

2023-02-08 19:25:49 - [TEST_STEP][PASSED] - today = new java.util.Date(): null

2023-02-08 19:25:49 - [TEST_STEP][PASSED] - println(today): null

2023-02-08 19:25:49 - [TEST_STEP][PASSED] - datText = today: null

2023-02-08 19:25:49 - [TEST_STEP][PASSED] - appID = findTestData(dataFile).getValue("AppID", row): null

2023-02-08 19:25:49 - [TEST_STEP][PASSED] - username = findTestData(dataFile).getValue("Username", row): null

2023-02-08 19:25:49 - [TEST_STEP][PASSED] - password = findTestData(dataFile).getValue("Password", row): null

2023-02-08 19:25:49 - [TEST_STEP][PASSED] - errorMsg = findTestData(dataFile).getValue("ErrorMsg", row): null

2023-02-08 19:25:49 - [TEST_STEP][PASSED] - tranType = findTestData(dataFile).getValue("TranType", row): null

2023-02-08 19:25:49 - [TEST_STEP][PASSED] - mv = findTestData(dataFile).getValue("MV", row): null

2023-02-08 19:25:49 - [TEST_STEP][PASSED] - resFormat = findTestData(dataFile).getValue("ResFormat", row): null

2023-02-08 19:25:49 - [TEST_STEP][PASSED] - checkType = findTestData(dataFile).getValue("CheckType", row): null

2023-02-08 19:25:49 - [TEST_STEP][PASSED] - sec = findTestData(dataFile).getValue("SEC", row): null

2023-02-08 19:25:49 - [TEST_STEP][PASSED] - tranID = findTestData(dataFile).getValue("TranxID", row): null

2023-02-08 19:25:49 - [TEST_STEP][PASSED] - origTranType = findTestData(dataFile).getValue("OriginalTranType", row): null

2023-02-08 19:25:50 - [TEST_STEP][PASSED] - openBrowser(VLinkURL + "ACH_void.html"): Browser is opened with url: 'https://dev-algorithm.govolution.com/vlinktest/QA/version_2_0/ACH_void.html'

2023-02-08 19:25:50 - [MESSAGE][WARNING] - A browser is already opened. Closing browser and opening a new one

2023-02-08 19:25:50 - [MESSAGE][INFO] - Starting 'Chrome' driver

2023-02-08 19:25:50 - [MESSAGE][INFO] - User set preference: ['acceptInsecureCerts', 'true']

2023-02-08 19:25:50 - [MESSAGE][INFO] - Action delay is set to 0 milliseconds

2023-02-08 19:25:52 - [MESSAGE][PASSED] - Browser is opened with url: 'https://dev-algorithm.govolution.com/vlinktest/QA/version_2_0/ACH_void.html'

2023-02-08 19:25:52 - [TEST_STEP][PASSED] - maximizeWindow(): Current window maximized

2023-02-08 19:25:52 - [MESSAGE][PASSED] - Current window maximized

2023-02-08 19:25:52 - [TEST_STEP][PASSED] - setText(findTestObject("Object Repository/RecAndPlayBk/Page-Vlink-ACH-Void/input_Transaction Type"), tranType): Text '200' is set on object 'Object Repository/RecAndPlayBk/Page-Vlink-ACH-Void/input_Transaction Type'

2023-02-08 19:25:53 - [MESSAGE][PASSED] - Text '200' is set on object 'Object Repository/RecAndPlayBk/Page-Vlink-ACH-Void/input_Transaction Type'

2023-02-08 19:25:53 - [TEST_STEP][PASSED] - setText(findTestObject("Object Repository/RecAndPlayBk/Page-Vlink-ACH-Void/input_Message Version"), mv): Text '2.0A' is set on object 'Object Repository/RecAndPlayBk/Page-Vlink-ACH-Void/input_Message Version'

2023-02-08 19:25:54 - [MESSAGE][PASSED] - Text '2.0A' is set on object 'Object Repository/RecAndPlayBk/Page-Vlink-ACH-Void/input_Message Version'

2023-02-08 19:25:54 - [TEST_STEP][PASSED] - genRemID = RandomStringUtils.random(12, true, true): null

2023-02-08 19:25:54 - [TEST_STEP][PASSED] - setText(findTestObject("Object Repository/RecAndPlayBk/Page-Vlink-ACH-Void/input_Remittance Id"), genRemID): Text 'hpxzp1labqsO' is set on object 'Object Repository/RecAndPlayBk/Page-Vlink-ACH-Void/input_Remittance Id'

2023-02-08 19:25:54 - [MESSAGE][PASSED] - Text 'hpxzp1labqsO' is set on object 'Object Repository/RecAndPlayBk/Page-Vlink-ACH-Void/input_Remittance Id'

2023-02-08 19:25:54 - [TEST_STEP][PASSED] - setText(findTestObject("Object Repository/RecAndPlayBk/Page-Vlink-ACH-Void/input_Application Id"), appID): Text '' is set on object 'Object Repository/RecAndPlayBk/Page-Vlink-ACH-Void/input_Application Id'

2023-02-08 19:25:55 - [MESSAGE][PASSED] - Text '' is set on object 'Object Repository/RecAndPlayBk/Page-Vlink-ACH-Void/input_Application Id'

2023-02-08 19:25:55 - [TEST_STEP][PASSED] - setText(findTestObject("Object Repository/RecAndPlayBk/Page-Vlink-ACH-Void/input_Username"), username): Text 'username' is set on object 'Object Repository/RecAndPlayBk/Page-Vlink-ACH-Void/input_Username'

2023-02-08 19:25:55 - [MESSAGE][PASSED] - Text 'username' is set on object 'Object Repository/RecAndPlayBk/Page-Vlink-ACH-Void/input_Username'

2023-02-08 19:25:55 - [TEST_STEP][PASSED] - setText(findTestObject("Object Repository/RecAndPlayBk/Page-Vlink-ACH-Void/input_Password"), password): Text 'password' is set on object 'Object Repository/RecAndPlayBk/Page-Vlink-ACH-Void/input_Password'

2023-02-08 19:25:56 - [MESSAGE][PASSED] - Text 'password' is set on object 'Object Repository/RecAndPlayBk/Page-Vlink-ACH-Void/input_Password'

2023-02-08 19:25:56 - [TEST_STEP][PASSED] - setText(findTestObject("Object Repository/RecAndPlayBk/Page-Vlink-ACH-Void/input_Response Format"), resFormat): Text 'fixed_width' is set on object 'Object Repository/RecAndPlayBk/Page-Vlink-ACH-Void/input_Response Format'

2023-02-08 19:25:57 - [MESSAGE][PASSED] - Text 'fixed_width' is set on object 'Object Repository/RecAndPlayBk/Page-Vlink-ACH-Void/input_Response Format'

2023-02-08 19:25:57 - [TEST_STEP][PASSED] - setText(findTestObject("Object Repository/RecAndPlayBk/Page-Vlink-ACH-Void/input_Check Type"), checkType): Text 'P' is set on object 'Object Repository/RecAndPlayBk/Page-Vlink-ACH-Void/input_Check Type'

2023-02-08 19:25:57 - [MESSAGE][PASSED] - Text 'P' is set on object 'Object Repository/RecAndPlayBk/Page-Vlink-ACH-Void/input_Check Type'

2023-02-08 19:25:57 - [TEST_STEP][PASSED] - setText(findTestObject("Object Repository/RecAndPlayBk/Page-Vlink-ACH-Void/input_Standard Entry Class"), sec): Text 'PPD' is set on object 'Object Repository/RecAndPlayBk/Page-Vlink-ACH-Void/input_Standard Entry Class'

2023-02-08 19:25:58 - [MESSAGE][PASSED] - Text 'PPD' is set on object 'Object Repository/RecAndPlayBk/Page-Vlink-ACH-Void/input_Standard Entry Class'

2023-02-08 19:25:58 - [TEST_STEP][PASSED] - setText(findTestObject("Object Repository/RecAndPlayBk/Page-Vlink-ACH-Void/input_Transaction ID"), tranID): Text '12124566' is set on object 'Object Repository/RecAndPlayBk/Page-Vlink-ACH-Void/input_Transaction ID'

2023-02-08 19:25:58 - [MESSAGE][PASSED] - Text '12124566' is set on object 'Object Repository/RecAndPlayBk/Page-Vlink-ACH-Void/input_Transaction ID'

2023-02-08 19:25:58 - [TEST_STEP][PASSED] - setText(findTestObject("Object Repository/RecAndPlayBk/Page-Vlink-ACH-Void/input_Original Transaction Type"), origTranType): Text '200' is set on object 'Object Repository/RecAndPlayBk/Page-Vlink-ACH-Void/input_Original Transaction Type'

2023-02-08 19:25:59 - [MESSAGE][PASSED] - Text '200' is set on object 'Object Repository/RecAndPlayBk/Page-Vlink-ACH-Void/input_Original Transaction Type'

2023-02-08 19:25:59 - [TEST_STEP][PASSED] - click(findTestObject("Object Repository/RecAndPlayBk/Page-Vlink-ACH-Void/input")): Object: 'Object Repository/RecAndPlayBk/Page-Vlink-ACH-Void/input' is clicked on

2023-02-08 19:26:00 - [MESSAGE][PASSED] - Object: 'Object Repository/RecAndPlayBk/Page-Vlink-ACH-Void/input' is clicked on

2023-02-08 19:26:00 - [TEST_STEP][PASSED] - if (verifyTextPresent(errorMsg, true)): null

2023-02-08 19:26:00 - [MESSAGE][PASSED] - Text 'Missing parameter: application_id' is present on page  using regular expression

2023-02-08 19:26:00 - [TEST_STEP][PASSED] - println("Error Message is present on the Confirmation page"): null

2023-02-08 19:26:00 - [TEST_STEP][PASSED] - out.println("Pass Record Number: " + row): null

2023-02-08 19:26:00 - [TEST_STEP][PASSED] - resText = "Pass": null

2023-02-08 19:26:00 - [TEST_STEP][PASSED] - pages.WriteExcel.demoKey(resText, datText, resColumn, datCloumn, fileLoc, nameSheet, row): pages.WriteExcel.demoKey is PASSED

2023-02-08 19:26:00 - [MESSAGE][PASSED] - pages.WriteExcel.demoKey is PASSED

2023-02-08 19:26:00 - [TEST_STEP][PASSED] - ExecuteTC = findTestData(dataFile).getValue("Execute", row): null

2023-02-08 19:26:00 - [TEST_STEP][PASSED] - out.println("Value of Execute is : " + ExecuteTC): null

2023-02-08 19:26:00 - [TEST_STEP][PASSED] - if (ExecuteTC.equalsIgnoreCase("Y")): null

2023-02-08 19:26:00 - [TEST_STEP][PASSED] - out.println("Begin Record Number: " + row): null

2023-02-08 19:26:00 - [TEST_STEP][PASSED] - today = new java.util.Date(): null

2023-02-08 19:26:00 - [TEST_STEP][PASSED] - println(today): null

2023-02-08 19:26:00 - [TEST_STEP][PASSED] - datText = today: null

2023-02-08 19:26:00 - [TEST_STEP][PASSED] - appID = findTestData(dataFile).getValue("AppID", row): null

2023-02-08 19:26:00 - [TEST_STEP][PASSED] - username = findTestData(dataFile).getValue("Username", row): null

2023-02-08 19:26:00 - [TEST_STEP][PASSED] - password = findTestData(dataFile).getValue("Password", row): null

2023-02-08 19:26:00 - [TEST_STEP][PASSED] - errorMsg = findTestData(dataFile).getValue("ErrorMsg", row): null

2023-02-08 19:26:00 - [TEST_STEP][PASSED] - tranType = findTestData(dataFile).getValue("TranType", row): null

2023-02-08 19:26:00 - [TEST_STEP][PASSED] - mv = findTestData(dataFile).getValue("MV", row): null

2023-02-08 19:26:00 - [TEST_STEP][PASSED] - resFormat = findTestData(dataFile).getValue("ResFormat", row): null

2023-02-08 19:26:01 - [TEST_STEP][PASSED] - checkType = findTestData(dataFile).getValue("CheckType", row): null

2023-02-08 19:26:01 - [TEST_STEP][PASSED] - sec = findTestData(dataFile).getValue("SEC", row): null

2023-02-08 19:26:01 - [TEST_STEP][PASSED] - tranID = findTestData(dataFile).getValue("TranxID", row): null

2023-02-08 19:26:01 - [TEST_STEP][PASSED] - origTranType = findTestData(dataFile).getValue("OriginalTranType", row): null

2023-02-08 19:26:01 - [TEST_STEP][PASSED] - openBrowser(VLinkURL + "ACH_void.html"): Browser is opened with url: 'https://dev-algorithm.govolution.com/vlinktest/QA/version_2_0/ACH_void.html'

2023-02-08 19:26:01 - [MESSAGE][WARNING] - A browser is already opened. Closing browser and opening a new one

2023-02-08 19:26:02 - [MESSAGE][INFO] - Starting 'Chrome' driver

2023-02-08 19:26:02 - [MESSAGE][INFO] - User set preference: ['acceptInsecureCerts', 'true']

2023-02-08 19:26:02 - [MESSAGE][INFO] - Action delay is set to 0 milliseconds

2023-02-08 19:26:03 - [MESSAGE][PASSED] - Browser is opened with url: 'https://dev-algorithm.govolution.com/vlinktest/QA/version_2_0/ACH_void.html'

2023-02-08 19:26:03 - [TEST_STEP][PASSED] - maximizeWindow(): Current window maximized

2023-02-08 19:26:04 - [MESSAGE][PASSED] - Current window maximized

2023-02-08 19:26:04 - [TEST_STEP][PASSED] - setText(findTestObject("Object Repository/RecAndPlayBk/Page-Vlink-ACH-Void/input_Transaction Type"), tranType): Text '200' is set on object 'Object Repository/RecAndPlayBk/Page-Vlink-ACH-Void/input_Transaction Type'

2023-02-08 19:26:04 - [MESSAGE][PASSED] - Text '200' is set on object 'Object Repository/RecAndPlayBk/Page-Vlink-ACH-Void/input_Transaction Type'

2023-02-08 19:26:04 - [TEST_STEP][PASSED] - setText(findTestObject("Object Repository/RecAndPlayBk/Page-Vlink-ACH-Void/input_Message Version"), mv): Text '2.0A' is set on object 'Object Repository/RecAndPlayBk/Page-Vlink-ACH-Void/input_Message Version'

2023-02-08 19:26:05 - [MESSAGE][PASSED] - Text '2.0A' is set on object 'Object Repository/RecAndPlayBk/Page-Vlink-ACH-Void/input_Message Version'

2023-02-08 19:26:05 - [TEST_STEP][PASSED] - genRemID = RandomStringUtils.random(12, true, true): null

2023-02-08 19:26:05 - [TEST_STEP][PASSED] - setText(findTestObject("Object Repository/RecAndPlayBk/Page-Vlink-ACH-Void/input_Remittance Id"), genRemID): Text 'cThB1e3xkbR1' is set on object 'Object Repository/RecAndPlayBk/Page-Vlink-ACH-Void/input_Remittance Id'

2023-02-08 19:26:06 - [MESSAGE][PASSED] - Text 'cThB1e3xkbR1' is set on object 'Object Repository/RecAndPlayBk/Page-Vlink-ACH-Void/input_Remittance Id'

2023-02-08 19:26:06 - [TEST_STEP][PASSED] - setText(findTestObject("Object Repository/RecAndPlayBk/Page-Vlink-ACH-Void/input_Application Id"), appID): Text '234' is set on object 'Object Repository/RecAndPlayBk/Page-Vlink-ACH-Void/input_Application Id'

2023-02-08 19:26:06 - [MESSAGE][PASSED] - Text '234' is set on object 'Object Repository/RecAndPlayBk/Page-Vlink-ACH-Void/input_Application Id'

2023-02-08 19:26:06 - [TEST_STEP][PASSED] - setText(findTestObject("Object Repository/RecAndPlayBk/Page-Vlink-ACH-Void/input_Username"), username): Text '' is set on object 'Object Repository/RecAndPlayBk/Page-Vlink-ACH-Void/input_Username'

2023-02-08 19:26:07 - [MESSAGE][PASSED] - Text '' is set on object 'Object Repository/RecAndPlayBk/Page-Vlink-ACH-Void/input_Username'

2023-02-08 19:26:07 - [TEST_STEP][PASSED] - setText(findTestObject("Object Repository/RecAndPlayBk/Page-Vlink-ACH-Void/input_Password"), password): Text 'password' is set on object 'Object Repository/RecAndPlayBk/Page-Vlink-ACH-Void/input_Password'

2023-02-08 19:26:07 - [MESSAGE][PASSED] - Text 'password' is set on object 'Object Repository/RecAndPlayBk/Page-Vlink-ACH-Void/input_Password'

2023-02-08 19:26:07 - [TEST_STEP][PASSED] - setText(findTestObject("Object Repository/RecAndPlayBk/Page-Vlink-ACH-Void/input_Response Format"), resFormat): Text 'fixed_width' is set on object 'Object Repository/RecAndPlayBk/Page-Vlink-ACH-Void/input_Response Format'

2023-02-08 19:26:08 - [MESSAGE][PASSED] - Text 'fixed_width' is set on object 'Object Repository/RecAndPlayBk/Page-Vlink-ACH-Void/input_Response Format'

2023-02-08 19:26:08 - [TEST_STEP][PASSED] - setText(findTestObject("Object Repository/RecAndPlayBk/Page-Vlink-ACH-Void/input_Check Type"), checkType): Text 'P' is set on object 'Object Repository/RecAndPlayBk/Page-Vlink-ACH-Void/input_Check Type'

2023-02-08 19:26:09 - [MESSAGE][PASSED] - Text 'P' is set on object 'Object Repository/RecAndPlayBk/Page-Vlink-ACH-Void/input_Check Type'

2023-02-08 19:26:09 - [TEST_STEP][PASSED] - setText(findTestObject("Object Repository/RecAndPlayBk/Page-Vlink-ACH-Void/input_Standard Entry Class"), sec): Text 'WEB' is set on object 'Object Repository/RecAndPlayBk/Page-Vlink-ACH-Void/input_Standard Entry Class'

2023-02-08 19:26:09 - [MESSAGE][PASSED] - Text 'WEB' is set on object 'Object Repository/RecAndPlayBk/Page-Vlink-ACH-Void/input_Standard Entry Class'

2023-02-08 19:26:09 - [TEST_STEP][PASSED] - setText(findTestObject("Object Repository/RecAndPlayBk/Page-Vlink-ACH-Void/input_Transaction ID"), tranID): Text '12124566' is set on object 'Object Repository/RecAndPlayBk/Page-Vlink-ACH-Void/input_Transaction ID'

2023-02-08 19:26:10 - [MESSAGE][PASSED] - Text '12124566' is set on object 'Object Repository/RecAndPlayBk/Page-Vlink-ACH-Void/input_Transaction ID'

2023-02-08 19:26:10 - [TEST_STEP][PASSED] - setText(findTestObject("Object Repository/RecAndPlayBk/Page-Vlink-ACH-Void/input_Original Transaction Type"), origTranType): Text '200' is set on object 'Object Repository/RecAndPlayBk/Page-Vlink-ACH-Void/input_Original Transaction Type'

2023-02-08 19:26:10 - [MESSAGE][PASSED] - Text '200' is set on object 'Object Repository/RecAndPlayBk/Page-Vlink-ACH-Void/input_Original Transaction Type'

2023-02-08 19:26:10 - [TEST_STEP][PASSED] - click(findTestObject("Object Repository/RecAndPlayBk/Page-Vlink-ACH-Void/input")): Object: 'Object Repository/RecAndPlayBk/Page-Vlink-ACH-Void/input' is clicked on

2023-02-08 19:26:11 - [MESSAGE][PASSED] - Object: 'Object Repository/RecAndPlayBk/Page-Vlink-ACH-Void/input' is clicked on

2023-02-08 19:26:11 - [TEST_STEP][PASSED] - if (verifyTextPresent(errorMsg, true)): null

2023-02-08 19:26:11 - [MESSAGE][PASSED] - Text 'Signon authentication error' is present on page  using regular expression

2023-02-08 19:26:11 - [TEST_STEP][PASSED] - println("Error Message is present on the Confirmation page"): null

2023-02-08 19:26:11 - [TEST_STEP][PASSED] - out.println("Pass Record Number: " + row): null

2023-02-08 19:26:11 - [TEST_STEP][PASSED] - resText = "Pass": null

2023-02-08 19:26:11 - [TEST_STEP][PASSED] - pages.WriteExcel.demoKey(resText, datText, resColumn, datCloumn, fileLoc, nameSheet, row): pages.WriteExcel.demoKey is PASSED

2023-02-08 19:26:11 - [MESSAGE][PASSED] - pages.WriteExcel.demoKey is PASSED

2023-02-08 19:26:11 - [TEST_STEP][PASSED] - ExecuteTC = findTestData(dataFile).getValue("Execute", row): null

2023-02-08 19:26:12 - [TEST_STEP][PASSED] - out.println("Value of Execute is : " + ExecuteTC): null

2023-02-08 19:26:12 - [TEST_STEP][PASSED] - if (ExecuteTC.equalsIgnoreCase("Y")): null

2023-02-08 19:26:12 - [TEST_STEP][PASSED] - out.println("Begin Record Number: " + row): null

2023-02-08 19:26:12 - [TEST_STEP][PASSED] - today = new java.util.Date(): null

2023-02-08 19:26:12 - [TEST_STEP][PASSED] - println(today): null

2023-02-08 19:26:12 - [TEST_STEP][PASSED] - datText = today: null

2023-02-08 19:26:12 - [TEST_STEP][PASSED] - appID = findTestData(dataFile).getValue("AppID", row): null

2023-02-08 19:26:12 - [TEST_STEP][PASSED] - username = findTestData(dataFile).getValue("Username", row): null

2023-02-08 19:26:12 - [TEST_STEP][PASSED] - password = findTestData(dataFile).getValue("Password", row): null

2023-02-08 19:26:12 - [TEST_STEP][PASSED] - errorMsg = findTestData(dataFile).getValue("ErrorMsg", row): null

2023-02-08 19:26:12 - [TEST_STEP][PASSED] - tranType = findTestData(dataFile).getValue("TranType", row): null

2023-02-08 19:26:12 - [TEST_STEP][PASSED] - mv = findTestData(dataFile).getValue("MV", row): null

2023-02-08 19:26:12 - [TEST_STEP][PASSED] - resFormat = findTestData(dataFile).getValue("ResFormat", row): null

2023-02-08 19:26:12 - [TEST_STEP][PASSED] - checkType = findTestData(dataFile).getValue("CheckType", row): null

2023-02-08 19:26:12 - [TEST_STEP][PASSED] - sec = findTestData(dataFile).getValue("SEC", row): null

2023-02-08 19:26:12 - [TEST_STEP][PASSED] - tranID = findTestData(dataFile).getValue("TranxID", row): null

2023-02-08 19:26:12 - [TEST_STEP][PASSED] - origTranType = findTestData(dataFile).getValue("OriginalTranType", row): null

2023-02-08 19:26:12 - [TEST_STEP][PASSED] - openBrowser(VLinkURL + "ACH_void.html"): Browser is opened with url: 'https://dev-algorithm.govolution.com/vlinktest/QA/version_2_0/ACH_void.html'

2023-02-08 19:26:12 - [MESSAGE][WARNING] - A browser is already opened. Closing browser and opening a new one

2023-02-08 19:26:13 - [MESSAGE][INFO] - Starting 'Chrome' driver

2023-02-08 19:26:13 - [MESSAGE][INFO] - User set preference: ['acceptInsecureCerts', 'true']

2023-02-08 19:26:13 - [MESSAGE][INFO] - Action delay is set to 0 milliseconds

2023-02-08 19:26:15 - [MESSAGE][PASSED] - Browser is opened with url: 'https://dev-algorithm.govolution.com/vlinktest/QA/version_2_0/ACH_void.html'

2023-02-08 19:26:15 - [TEST_STEP][PASSED] - maximizeWindow(): Current window maximized

2023-02-08 19:26:15 - [MESSAGE][PASSED] - Current window maximized

2023-02-08 19:26:15 - [TEST_STEP][PASSED] - setText(findTestObject("Object Repository/RecAndPlayBk/Page-Vlink-ACH-Void/input_Transaction Type"), tranType): Text '200' is set on object 'Object Repository/RecAndPlayBk/Page-Vlink-ACH-Void/input_Transaction Type'

2023-02-08 19:26:16 - [MESSAGE][PASSED] - Text '200' is set on object 'Object Repository/RecAndPlayBk/Page-Vlink-ACH-Void/input_Transaction Type'

2023-02-08 19:26:16 - [TEST_STEP][PASSED] - setText(findTestObject("Object Repository/RecAndPlayBk/Page-Vlink-ACH-Void/input_Message Version"), mv): Text '2.0A' is set on object 'Object Repository/RecAndPlayBk/Page-Vlink-ACH-Void/input_Message Version'

2023-02-08 19:26:16 - [MESSAGE][PASSED] - Text '2.0A' is set on object 'Object Repository/RecAndPlayBk/Page-Vlink-ACH-Void/input_Message Version'

2023-02-08 19:26:16 - [TEST_STEP][PASSED] - genRemID = RandomStringUtils.random(12, true, true): null

2023-02-08 19:26:16 - [TEST_STEP][PASSED] - setText(findTestObject("Object Repository/RecAndPlayBk/Page-Vlink-ACH-Void/input_Remittance Id"), genRemID): Text 'aVcnUgqoh8rG' is set on object 'Object Repository/RecAndPlayBk/Page-Vlink-ACH-Void/input_Remittance Id'

2023-02-08 19:26:17 - [MESSAGE][PASSED] - Text 'aVcnUgqoh8rG' is set on object 'Object Repository/RecAndPlayBk/Page-Vlink-ACH-Void/input_Remittance Id'

2023-02-08 19:26:17 - [TEST_STEP][PASSED] - setText(findTestObject("Object Repository/RecAndPlayBk/Page-Vlink-ACH-Void/input_Application Id"), appID): Text '234' is set on object 'Object Repository/RecAndPlayBk/Page-Vlink-ACH-Void/input_Application Id'

2023-02-08 19:26:18 - [MESSAGE][PASSED] - Text '234' is set on object 'Object Repository/RecAndPlayBk/Page-Vlink-ACH-Void/input_Application Id'

2023-02-08 19:26:18 - [TEST_STEP][PASSED] - setText(findTestObject("Object Repository/RecAndPlayBk/Page-Vlink-ACH-Void/input_Username"), username): Text 'username' is set on object 'Object Repository/RecAndPlayBk/Page-Vlink-ACH-Void/input_Username'

2023-02-08 19:26:18 - [MESSAGE][PASSED] - Text 'username' is set on object 'Object Repository/RecAndPlayBk/Page-Vlink-ACH-Void/input_Username'

2023-02-08 19:26:18 - [TEST_STEP][PASSED] - setText(findTestObject("Object Repository/RecAndPlayBk/Page-Vlink-ACH-Void/input_Password"), password): Text '' is set on object 'Object Repository/RecAndPlayBk/Page-Vlink-ACH-Void/input_Password'

2023-02-08 19:26:19 - [MESSAGE][PASSED] - Text '' is set on object 'Object Repository/RecAndPlayBk/Page-Vlink-ACH-Void/input_Password'

2023-02-08 19:26:19 - [TEST_STEP][PASSED] - setText(findTestObject("Object Repository/RecAndPlayBk/Page-Vlink-ACH-Void/input_Response Format"), resFormat): Text 'fixed_width' is set on object 'Object Repository/RecAndPlayBk/Page-Vlink-ACH-Void/input_Response Format'

2023-02-08 19:26:19 - [MESSAGE][PASSED] - Text 'fixed_width' is set on object 'Object Repository/RecAndPlayBk/Page-Vlink-ACH-Void/input_Response Format'

2023-02-08 19:26:19 - [TEST_STEP][PASSED] - setText(findTestObject("Object Repository/RecAndPlayBk/Page-Vlink-ACH-Void/input_Check Type"), checkType): Text 'P' is set on object 'Object Repository/RecAndPlayBk/Page-Vlink-ACH-Void/input_Check Type'

2023-02-08 19:26:20 - [MESSAGE][PASSED] - Text 'P' is set on object 'Object Repository/RecAndPlayBk/Page-Vlink-ACH-Void/input_Check Type'

2023-02-08 19:26:20 - [TEST_STEP][PASSED] - setText(findTestObject("Object Repository/RecAndPlayBk/Page-Vlink-ACH-Void/input_Standard Entry Class"), sec): Text 'TEL' is set on object 'Object Repository/RecAndPlayBk/Page-Vlink-ACH-Void/input_Standard Entry Class'

2023-02-08 19:26:21 - [MESSAGE][PASSED] - Text 'TEL' is set on object 'Object Repository/RecAndPlayBk/Page-Vlink-ACH-Void/input_Standard Entry Class'

2023-02-08 19:26:21 - [TEST_STEP][PASSED] - setText(findTestObject("Object Repository/RecAndPlayBk/Page-Vlink-ACH-Void/input_Transaction ID"), tranID): Text '12124566' is set on object 'Object Repository/RecAndPlayBk/Page-Vlink-ACH-Void/input_Transaction ID'

2023-02-08 19:26:21 - [MESSAGE][PASSED] - Text '12124566' is set on object 'Object Repository/RecAndPlayBk/Page-Vlink-ACH-Void/input_Transaction ID'

2023-02-08 19:26:21 - [TEST_STEP][PASSED] - setText(findTestObject("Object Repository/RecAndPlayBk/Page-Vlink-ACH-Void/input_Original Transaction Type"), origTranType): Text '200' is set on object 'Object Repository/RecAndPlayBk/Page-Vlink-ACH-Void/input_Original Transaction Type'

2023-02-08 19:26:22 - [MESSAGE][PASSED] - Text '200' is set on object 'Object Repository/RecAndPlayBk/Page-Vlink-ACH-Void/input_Original Transaction Type'

2023-02-08 19:26:22 - [TEST_STEP][PASSED] - click(findTestObject("Object Repository/RecAndPlayBk/Page-Vlink-ACH-Void/input")): Object: 'Object Repository/RecAndPlayBk/Page-Vlink-ACH-Void/input' is clicked on

2023-02-08 19:26:23 - [MESSAGE][PASSED] - Object: 'Object Repository/RecAndPlayBk/Page-Vlink-ACH-Void/input' is clicked on

2023-02-08 19:26:23 - [TEST_STEP][PASSED] - if (verifyTextPresent(errorMsg, true)): null

2023-02-08 19:26:23 - [MESSAGE][PASSED] - Text 'Signon authentication error' is present on page  using regular expression

2023-02-08 19:26:23 - [TEST_STEP][PASSED] - println("Error Message is present on the Confirmation page"): null

2023-02-08 19:26:23 - [TEST_STEP][PASSED] - out.println("Pass Record Number: " + row): null

2023-02-08 19:26:23 - [TEST_STEP][PASSED] - resText = "Pass": null

2023-02-08 19:26:23 - [TEST_STEP][PASSED] - pages.WriteExcel.demoKey(resText, datText, resColumn, datCloumn, fileLoc, nameSheet, row): pages.WriteExcel.demoKey is PASSED

2023-02-08 19:26:23 - [MESSAGE][PASSED] - pages.WriteExcel.demoKey is PASSED

2023-02-08 19:26:23 - [TEST_STEP][PASSED] - ExecuteTC = findTestData(dataFile).getValue("Execute", row): null

2023-02-08 19:26:23 - [TEST_STEP][PASSED] - out.println("Value of Execute is : " + ExecuteTC): null

2023-02-08 19:26:23 - [TEST_STEP][FAILED] - if (ExecuteTC.equalsIgnoreCase("Y")): null

2023-02-08 19:26:23 - [TEST_STEP][PASSED] - out.println("Begin Record Number: " + row): null

2023-02-08 19:26:23 - [TEST_STEP][PASSED] - today = new java.util.Date(): null

2023-02-08 19:26:23 - [TEST_STEP][PASSED] - println(today): null

2023-02-08 19:26:23 - [TEST_STEP][PASSED] - datText = today: null

2023-02-08 19:26:23 - [TEST_STEP][PASSED] - appID = findTestData(dataFile).getValue("AppID", row): null

2023-02-08 19:26:23 - [TEST_STEP][PASSED] - username = findTestData(dataFile).getValue("Username", row): null

2023-02-08 19:26:23 - [TEST_STEP][PASSED] - password = findTestData(dataFile).getValue("Password", row): null

2023-02-08 19:26:23 - [TEST_STEP][PASSED] - errorMsg = findTestData(dataFile).getValue("ErrorMsg", row): null

2023-02-08 19:26:23 - [TEST_STEP][PASSED] - tranType = findTestData(dataFile).getValue("TranType", row): null

2023-02-08 19:26:23 - [TEST_STEP][PASSED] - mv = findTestData(dataFile).getValue("MV", row): null

2023-02-08 19:26:23 - [TEST_STEP][PASSED] - resFormat = findTestData(dataFile).getValue("ResFormat", row): null

2023-02-08 19:26:23 - [TEST_STEP][PASSED] - checkType = findTestData(dataFile).getValue("CheckType", row): null

2023-02-08 19:26:23 - [TEST_STEP][PASSED] - sec = findTestData(dataFile).getValue("SEC", row): null

2023-02-08 19:26:24 - [TEST_STEP][PASSED] - tranID = findTestData(dataFile).getValue("TranxID", row): null

2023-02-08 19:26:24 - [TEST_STEP][PASSED] - origTranType = findTestData(dataFile).getValue("OriginalTranType", row): null

2023-02-08 19:26:24 - [TEST_STEP][PASSED] - openBrowser(VLinkURL + "ACH_void.html"): Browser is opened with url: 'https://dev-algorithm.govolution.com/vlinktest/QA/version_2_0/ACH_void.html'

2023-02-08 19:26:24 - [MESSAGE][WARNING] - A browser is already opened. Closing browser and opening a new one

2023-02-08 19:26:25 - [MESSAGE][INFO] - Starting 'Chrome' driver

2023-02-08 19:26:25 - [MESSAGE][INFO] - User set preference: ['acceptInsecureCerts', 'true']

2023-02-08 19:26:25 - [MESSAGE][INFO] - Action delay is set to 0 milliseconds

2023-02-08 19:26:26 - [MESSAGE][PASSED] - Browser is opened with url: 'https://dev-algorithm.govolution.com/vlinktest/QA/version_2_0/ACH_void.html'

2023-02-08 19:26:26 - [TEST_STEP][PASSED] - maximizeWindow(): Current window maximized

2023-02-08 19:26:26 - [MESSAGE][PASSED] - Current window maximized

2023-02-08 19:26:26 - [TEST_STEP][PASSED] - setText(findTestObject("Object Repository/RecAndPlayBk/Page-Vlink-ACH-Void/input_Transaction Type"), tranType): Text '200' is set on object 'Object Repository/RecAndPlayBk/Page-Vlink-ACH-Void/input_Transaction Type'

2023-02-08 19:26:27 - [MESSAGE][PASSED] - Text '200' is set on object 'Object Repository/RecAndPlayBk/Page-Vlink-ACH-Void/input_Transaction Type'

2023-02-08 19:26:27 - [TEST_STEP][PASSED] - setText(findTestObject("Object Repository/RecAndPlayBk/Page-Vlink-ACH-Void/input_Message Version"), mv): Text '2.0A' is set on object 'Object Repository/RecAndPlayBk/Page-Vlink-ACH-Void/input_Message Version'

2023-02-08 19:26:28 - [MESSAGE][PASSED] - Text '2.0A' is set on object 'Object Repository/RecAndPlayBk/Page-Vlink-ACH-Void/input_Message Version'

2023-02-08 19:26:28 - [TEST_STEP][PASSED] - genRemID = RandomStringUtils.random(12, true, true): null

2023-02-08 19:26:28 - [TEST_STEP][PASSED] - setText(findTestObject("Object Repository/RecAndPlayBk/Page-Vlink-ACH-Void/input_Remittance Id"), genRemID): Text 'DBY5QYVw4Zho' is set on object 'Object Repository/RecAndPlayBk/Page-Vlink-ACH-Void/input_Remittance Id'

2023-02-08 19:26:28 - [MESSAGE][PASSED] - Text 'DBY5QYVw4Zho' is set on object 'Object Repository/RecAndPlayBk/Page-Vlink-ACH-Void/input_Remittance Id'

2023-02-08 19:26:28 - [TEST_STEP][PASSED] - setText(findTestObject("Object Repository/RecAndPlayBk/Page-Vlink-ACH-Void/input_Application Id"), appID): Text '234' is set on object 'Object Repository/RecAndPlayBk/Page-Vlink-ACH-Void/input_Application Id'

2023-02-08 19:26:29 - [MESSAGE][PASSED] - Text '234' is set on object 'Object Repository/RecAndPlayBk/Page-Vlink-ACH-Void/input_Application Id'

2023-02-08 19:26:29 - [TEST_STEP][PASSED] - setText(findTestObject("Object Repository/RecAndPlayBk/Page-Vlink-ACH-Void/input_Username"), username): Text 'username' is set on object 'Object Repository/RecAndPlayBk/Page-Vlink-ACH-Void/input_Username'

2023-02-08 19:26:30 - [MESSAGE][PASSED] - Text 'username' is set on object 'Object Repository/RecAndPlayBk/Page-Vlink-ACH-Void/input_Username'

2023-02-08 19:26:30 - [TEST_STEP][PASSED] - setText(findTestObject("Object Repository/RecAndPlayBk/Page-Vlink-ACH-Void/input_Password"), password): Text 'password' is set on object 'Object Repository/RecAndPlayBk/Page-Vlink-ACH-Void/input_Password'

2023-02-08 19:26:30 - [MESSAGE][PASSED] - Text 'password' is set on object 'Object Repository/RecAndPlayBk/Page-Vlink-ACH-Void/input_Password'

2023-02-08 19:26:30 - [TEST_STEP][PASSED] - setText(findTestObject("Object Repository/RecAndPlayBk/Page-Vlink-ACH-Void/input_Response Format"), resFormat): Text '' is set on object 'Object Repository/RecAndPlayBk/Page-Vlink-ACH-Void/input_Response Format'

2023-02-08 19:26:31 - [MESSAGE][PASSED] - Text '' is set on object 'Object Repository/RecAndPlayBk/Page-Vlink-ACH-Void/input_Response Format'

2023-02-08 19:26:31 - [TEST_STEP][PASSED] - setText(findTestObject("Object Repository/RecAndPlayBk/Page-Vlink-ACH-Void/input_Check Type"), checkType): Text 'P' is set on object 'Object Repository/RecAndPlayBk/Page-Vlink-ACH-Void/input_Check Type'

2023-02-08 19:26:31 - [MESSAGE][PASSED] - Text 'P' is set on object 'Object Repository/RecAndPlayBk/Page-Vlink-ACH-Void/input_Check Type'

2023-02-08 19:26:31 - [TEST_STEP][PASSED] - setText(findTestObject("Object Repository/RecAndPlayBk/Page-Vlink-ACH-Void/input_Standard Entry Class"), sec): Text 'PPD' is set on object 'Object Repository/RecAndPlayBk/Page-Vlink-ACH-Void/input_Standard Entry Class'

2023-02-08 19:26:32 - [MESSAGE][PASSED] - Text 'PPD' is set on object 'Object Repository/RecAndPlayBk/Page-Vlink-ACH-Void/input_Standard Entry Class'

2023-02-08 19:26:32 - [TEST_STEP][PASSED] - setText(findTestObject("Object Repository/RecAndPlayBk/Page-Vlink-ACH-Void/input_Transaction ID"), tranID): Text '12124566' is set on object 'Object Repository/RecAndPlayBk/Page-Vlink-ACH-Void/input_Transaction ID'

2023-02-08 19:26:33 - [MESSAGE][PASSED] - Text '12124566' is set on object 'Object Repository/RecAndPlayBk/Page-Vlink-ACH-Void/input_Transaction ID'

2023-02-08 19:26:33 - [TEST_STEP][PASSED] - setText(findTestObject("Object Repository/RecAndPlayBk/Page-Vlink-ACH-Void/input_Original Transaction Type"), origTranType): Text '200' is set on object 'Object Repository/RecAndPlayBk/Page-Vlink-ACH-Void/input_Original Transaction Type'

2023-02-08 19:26:33 - [MESSAGE][PASSED] - Text '200' is set on object 'Object Repository/RecAndPlayBk/Page-Vlink-ACH-Void/input_Original Transaction Type'

2023-02-08 19:26:33 - [TEST_STEP][PASSED] - click(findTestObject("Object Repository/RecAndPlayBk/Page-Vlink-ACH-Void/input")): Object: 'Object Repository/RecAndPlayBk/Page-Vlink-ACH-Void/input' is clicked on

2023-02-08 19:26:34 - [MESSAGE][PASSED] - Object: 'Object Repository/RecAndPlayBk/Page-Vlink-ACH-Void/input' is clicked on

2023-02-08 19:26:34 - [TEST_STEP][FAILED] - if (verifyTextPresent(errorMsg, true)): Text 'check_first_name, check_last_name, check_address, check_city, check_state, che' is not present on page  using regular expression (Root cause: com.kms.katalon.core.exception.StepFailedException: Text 'check_first_name, check_last_name, check_address, check_city, check_state, che' is not present on page  using regular expression
	at com.kms.katalon.core.webui.keyword.internal.WebUIKeywordMain.stepFailed(WebUIKeywordMain.groovy:64)
	at com.kms.katalon.core.webui.keyword.builtin.VerifyTextPresentKeyword$_verifyTextPresent_closure1.doCall(VerifyTextPresentKeyword.groovy:79)
	at com.kms.katalon.core.webui.keyword.builtin.VerifyTextPresentKeyword$_verifyTextPresent_closure1.call(VerifyTextPresentKeyword.groovy)
	at com.kms.katalon.core.webui.keyword.internal.WebUIKeywordMain.runKeyword(WebUIKeywordMain.groovy:20)
	at com.kms.katalon.core.webui.keyword.builtin.VerifyTextPresentKeyword.verifyTextPresent(VerifyTextPresentKeyword.groovy:83)
	at com.kms.katalon.core.webui.keyword.builtin.VerifyTextPresentKeyword.execute(VerifyTextPresentKeyword.groovy:68)
	at com.kms.katalon.core.keyword.internal.KeywordExecutor.executeKeywordForPlatform(KeywordExecutor.groovy:74)
	at com.kms.katalon.core.webui.keyword.WebUiBuiltInKeywords.verifyTextPresent(WebUiBuiltInKeywords.groovy:1723)
	at com.kms.katalon.core.webui.keyword.WebUiBuiltInKeywords$verifyTextPresent$4.call(Unknown Source)
	at ACH-Void-MRF.run(ACH-Void-MRF:105)
	at com.kms.katalon.core.main.ScriptEngine.run(ScriptEngine.java:194)
	at com.kms.katalon.core.main.ScriptEngine.runScriptAsRawText(ScriptEngine.java:119)
	at com.kms.katalon.core.main.TestCaseExecutor.runScript(TestCaseExecutor.java:442)
	at com.kms.katalon.core.main.TestCaseExecutor.doExecute(TestCaseExecutor.java:433)
	at com.kms.katalon.core.main.TestCaseExecutor.processExecutionPhase(TestCaseExecutor.java:412)
	at com.kms.katalon.core.main.TestCaseExecutor.accessMainPhase(TestCaseExecutor.java:404)
	at com.kms.katalon.core.main.TestCaseExecutor.execute(TestCaseExecutor.java:281)
	at com.kms.katalon.core.main.TestSuiteExecutor.accessTestCaseMainPhase(TestSuiteExecutor.java:202)
	at com.kms.katalon.core.main.TestSuiteExecutor.accessTestSuiteMainPhase(TestSuiteExecutor.java:164)
	at com.kms.katalon.core.main.TestSuiteExecutor.execute(TestSuiteExecutor.java:105)
	at com.kms.katalon.core.main.TestCaseMain.startTestSuite(TestCaseMain.java:185)
	at com.kms.katalon.core.main.TestCaseMain$startTestSuite$0.call(Unknown Source)
	at TempTestSuite1675897428045.run(TempTestSuite1675897428045.groovy:36)
)

2023-02-08 19:26:34 - [MESSAGE][FAILED] - Text 'check_first_name, check_last_name, check_address, check_city, check_state, che' is not present on page  using regular expression (Root cause: com.kms.katalon.core.exception.StepFailedException: Text 'check_first_name, check_last_name, check_address, check_city, check_state, che' is not present on page  using regular expression
	at com.kms.katalon.core.webui.keyword.internal.WebUIKeywordMain.stepFailed(WebUIKeywordMain.groovy:64)
	at com.kms.katalon.core.webui.keyword.builtin.VerifyTextPresentKeyword$_verifyTextPresent_closure1.doCall(VerifyTextPresentKeyword.groovy:79)
	at com.kms.katalon.core.webui.keyword.builtin.VerifyTextPresentKeyword$_verifyTextPresent_closure1.call(VerifyTextPresentKeyword.groovy)
	at com.kms.katalon.core.webui.keyword.internal.WebUIKeywordMain.runKeyword(WebUIKeywordMain.groovy:20)
	at com.kms.katalon.core.webui.keyword.builtin.VerifyTextPresentKeyword.verifyTextPresent(VerifyTextPresentKeyword.groovy:83)
	at com.kms.katalon.core.webui.keyword.builtin.VerifyTextPresentKeyword.execute(VerifyTextPresentKeyword.groovy:68)
	at com.kms.katalon.core.keyword.internal.KeywordExecutor.executeKeywordForPlatform(KeywordExecutor.groovy:74)
	at com.kms.katalon.core.webui.keyword.WebUiBuiltInKeywords.verifyTextPresent(WebUiBuiltInKeywords.groovy:1723)
	at com.kms.katalon.core.webui.keyword.WebUiBuiltInKeywords$verifyTextPresent$4.call(Unknown Source)
	at ACH-Void-MRF.run(ACH-Void-MRF:105)
	at com.kms.katalon.core.main.ScriptEngine.run(ScriptEngine.java:194)
	at com.kms.katalon.core.main.ScriptEngine.runScriptAsRawText(ScriptEngine.java:119)
	at com.kms.katalon.core.main.TestCaseExecutor.runScript(TestCaseExecutor.java:442)
	at com.kms.katalon.core.main.TestCaseExecutor.doExecute(TestCaseExecutor.java:433)
	at com.kms.katalon.core.main.TestCaseExecutor.processExecutionPhase(TestCaseExecutor.java:412)
	at com.kms.katalon.core.main.TestCaseExecutor.accessMainPhase(TestCaseExecutor.java:404)
	at com.kms.katalon.core.main.TestCaseExecutor.execute(TestCaseExecutor.java:281)
	at com.kms.katalon.core.main.TestSuiteExecutor.accessTestCaseMainPhase(TestSuiteExecutor.java:202)
	at com.kms.katalon.core.main.TestSuiteExecutor.accessTestSuiteMainPhase(TestSuiteExecutor.java:164)
	at com.kms.katalon.core.main.TestSuiteExecutor.execute(TestSuiteExecutor.java:105)
	at com.kms.katalon.core.main.TestCaseMain.startTestSuite(TestCaseMain.java:185)
	at com.kms.katalon.core.main.TestCaseMain$startTestSuite$0.call(Unknown Source)
	at TempTestSuite1675897428045.run(TempTestSuite1675897428045.groovy:36)
)

2023-02-08 19:26:34 - [TEST_STEP][PASSED] - else: pages.WriteExcel.demoKey is PASSED

2023-02-08 19:26:34 - [TEST_STEP][PASSED] - println("Error Message is not present on the Confirmation page"): null

2023-02-08 19:26:34 - [TEST_STEP][PASSED] - out.println("Fail Record Number: " + row): null

2023-02-08 19:26:34 - [TEST_STEP][PASSED] - resText = "Fail": null

2023-02-08 19:26:34 - [TEST_STEP][PASSED] - pages.WriteExcel.demoKey(resText, datText, resColumn, datCloumn, fileLoc, nameSheet, row): pages.WriteExcel.demoKey is PASSED

2023-02-08 19:26:34 - [MESSAGE][PASSED] - pages.WriteExcel.demoKey is PASSED

2023-02-08 19:26:34 - [TEST_STEP][PASSED] - ExecuteTC = findTestData(dataFile).getValue("Execute", row): null

2023-02-08 19:26:34 - [TEST_STEP][PASSED] - out.println("Value of Execute is : " + ExecuteTC): null

2023-02-08 19:26:34 - [TEST_STEP][PASSED] - if (ExecuteTC.equalsIgnoreCase("Y")): null

2023-02-08 19:26:34 - [TEST_STEP][PASSED] - out.println("Begin Record Number: " + row): null

2023-02-08 19:26:34 - [TEST_STEP][PASSED] - today = new java.util.Date(): null

2023-02-08 19:26:34 - [TEST_STEP][PASSED] - println(today): null

2023-02-08 19:26:34 - [TEST_STEP][PASSED] - datText = today: null

2023-02-08 19:26:34 - [TEST_STEP][PASSED] - appID = findTestData(dataFile).getValue("AppID", row): null

2023-02-08 19:26:35 - [TEST_STEP][PASSED] - username = findTestData(dataFile).getValue("Username", row): null

2023-02-08 19:26:35 - [TEST_STEP][PASSED] - password = findTestData(dataFile).getValue("Password", row): null

2023-02-08 19:26:35 - [TEST_STEP][PASSED] - errorMsg = findTestData(dataFile).getValue("ErrorMsg", row): null

2023-02-08 19:26:35 - [TEST_STEP][PASSED] - tranType = findTestData(dataFile).getValue("TranType", row): null

2023-02-08 19:26:35 - [TEST_STEP][PASSED] - mv = findTestData(dataFile).getValue("MV", row): null

2023-02-08 19:26:35 - [TEST_STEP][PASSED] - resFormat = findTestData(dataFile).getValue("ResFormat", row): null

2023-02-08 19:26:35 - [TEST_STEP][PASSED] - checkType = findTestData(dataFile).getValue("CheckType", row): null

2023-02-08 19:26:35 - [TEST_STEP][PASSED] - sec = findTestData(dataFile).getValue("SEC", row): null

2023-02-08 19:26:35 - [TEST_STEP][PASSED] - tranID = findTestData(dataFile).getValue("TranxID", row): null

2023-02-08 19:26:35 - [TEST_STEP][PASSED] - origTranType = findTestData(dataFile).getValue("OriginalTranType", row): null

2023-02-08 19:26:35 - [TEST_STEP][PASSED] - openBrowser(VLinkURL + "ACH_void.html"): Browser is opened with url: 'https://dev-algorithm.govolution.com/vlinktest/QA/version_2_0/ACH_void.html'

2023-02-08 19:26:35 - [MESSAGE][WARNING] - A browser is already opened. Closing browser and opening a new one

2023-02-08 19:26:36 - [MESSAGE][INFO] - Starting 'Chrome' driver

2023-02-08 19:26:36 - [MESSAGE][INFO] - User set preference: ['acceptInsecureCerts', 'true']

2023-02-08 19:26:36 - [MESSAGE][INFO] - Action delay is set to 0 milliseconds

2023-02-08 19:26:38 - [MESSAGE][PASSED] - Browser is opened with url: 'https://dev-algorithm.govolution.com/vlinktest/QA/version_2_0/ACH_void.html'

2023-02-08 19:26:38 - [TEST_STEP][PASSED] - maximizeWindow(): Current window maximized

2023-02-08 19:26:38 - [MESSAGE][PASSED] - Current window maximized

2023-02-08 19:26:38 - [TEST_STEP][PASSED] - setText(findTestObject("Object Repository/RecAndPlayBk/Page-Vlink-ACH-Void/input_Transaction Type"), tranType): Text '200' is set on object 'Object Repository/RecAndPlayBk/Page-Vlink-ACH-Void/input_Transaction Type'

2023-02-08 19:26:39 - [MESSAGE][PASSED] - Text '200' is set on object 'Object Repository/RecAndPlayBk/Page-Vlink-ACH-Void/input_Transaction Type'

2023-02-08 19:26:39 - [TEST_STEP][PASSED] - setText(findTestObject("Object Repository/RecAndPlayBk/Page-Vlink-ACH-Void/input_Message Version"), mv): Text '2.0A' is set on object 'Object Repository/RecAndPlayBk/Page-Vlink-ACH-Void/input_Message Version'

2023-02-08 19:26:39 - [MESSAGE][PASSED] - Text '2.0A' is set on object 'Object Repository/RecAndPlayBk/Page-Vlink-ACH-Void/input_Message Version'

2023-02-08 19:26:39 - [TEST_STEP][PASSED] - genRemID = RandomStringUtils.random(12, true, true): null

2023-02-08 19:26:39 - [TEST_STEP][PASSED] - setText(findTestObject("Object Repository/RecAndPlayBk/Page-Vlink-ACH-Void/input_Remittance Id"), genRemID): Text 'YUb0WNziTwsf' is set on object 'Object Repository/RecAndPlayBk/Page-Vlink-ACH-Void/input_Remittance Id'

2023-02-08 19:26:40 - [MESSAGE][PASSED] - Text 'YUb0WNziTwsf' is set on object 'Object Repository/RecAndPlayBk/Page-Vlink-ACH-Void/input_Remittance Id'

2023-02-08 19:26:40 - [TEST_STEP][PASSED] - setText(findTestObject("Object Repository/RecAndPlayBk/Page-Vlink-ACH-Void/input_Application Id"), appID): Text '234' is set on object 'Object Repository/RecAndPlayBk/Page-Vlink-ACH-Void/input_Application Id'

2023-02-08 19:26:40 - [MESSAGE][PASSED] - Text '234' is set on object 'Object Repository/RecAndPlayBk/Page-Vlink-ACH-Void/input_Application Id'

2023-02-08 19:26:40 - [TEST_STEP][PASSED] - setText(findTestObject("Object Repository/RecAndPlayBk/Page-Vlink-ACH-Void/input_Username"), username): Text 'username' is set on object 'Object Repository/RecAndPlayBk/Page-Vlink-ACH-Void/input_Username'

2023-02-08 19:26:41 - [MESSAGE][PASSED] - Text 'username' is set on object 'Object Repository/RecAndPlayBk/Page-Vlink-ACH-Void/input_Username'

2023-02-08 19:26:41 - [TEST_STEP][PASSED] - setText(findTestObject("Object Repository/RecAndPlayBk/Page-Vlink-ACH-Void/input_Password"), password): Text 'password' is set on object 'Object Repository/RecAndPlayBk/Page-Vlink-ACH-Void/input_Password'

2023-02-08 19:26:42 - [MESSAGE][PASSED] - Text 'password' is set on object 'Object Repository/RecAndPlayBk/Page-Vlink-ACH-Void/input_Password'

2023-02-08 19:26:42 - [TEST_STEP][PASSED] - setText(findTestObject("Object Repository/RecAndPlayBk/Page-Vlink-ACH-Void/input_Response Format"), resFormat): Text 'fixed_width' is set on object 'Object Repository/RecAndPlayBk/Page-Vlink-ACH-Void/input_Response Format'

2023-02-08 19:26:42 - [MESSAGE][PASSED] - Text 'fixed_width' is set on object 'Object Repository/RecAndPlayBk/Page-Vlink-ACH-Void/input_Response Format'

2023-02-08 19:26:42 - [TEST_STEP][PASSED] - setText(findTestObject("Object Repository/RecAndPlayBk/Page-Vlink-ACH-Void/input_Check Type"), checkType): Text '' is set on object 'Object Repository/RecAndPlayBk/Page-Vlink-ACH-Void/input_Check Type'

2023-02-08 19:26:43 - [MESSAGE][PASSED] - Text '' is set on object 'Object Repository/RecAndPlayBk/Page-Vlink-ACH-Void/input_Check Type'

2023-02-08 19:26:43 - [TEST_STEP][PASSED] - setText(findTestObject("Object Repository/RecAndPlayBk/Page-Vlink-ACH-Void/input_Standard Entry Class"), sec): Text 'WEB' is set on object 'Object Repository/RecAndPlayBk/Page-Vlink-ACH-Void/input_Standard Entry Class'

2023-02-08 19:26:44 - [MESSAGE][PASSED] - Text 'WEB' is set on object 'Object Repository/RecAndPlayBk/Page-Vlink-ACH-Void/input_Standard Entry Class'

2023-02-08 19:26:44 - [TEST_STEP][PASSED] - setText(findTestObject("Object Repository/RecAndPlayBk/Page-Vlink-ACH-Void/input_Transaction ID"), tranID): Text '12124566' is set on object 'Object Repository/RecAndPlayBk/Page-Vlink-ACH-Void/input_Transaction ID'

2023-02-08 19:26:44 - [MESSAGE][PASSED] - Text '12124566' is set on object 'Object Repository/RecAndPlayBk/Page-Vlink-ACH-Void/input_Transaction ID'

2023-02-08 19:26:44 - [TEST_STEP][PASSED] - setText(findTestObject("Object Repository/RecAndPlayBk/Page-Vlink-ACH-Void/input_Original Transaction Type"), origTranType): Text '200' is set on object 'Object Repository/RecAndPlayBk/Page-Vlink-ACH-Void/input_Original Transaction Type'

2023-02-08 19:26:45 - [MESSAGE][PASSED] - Text '200' is set on object 'Object Repository/RecAndPlayBk/Page-Vlink-ACH-Void/input_Original Transaction Type'

2023-02-08 19:26:45 - [TEST_STEP][PASSED] - click(findTestObject("Object Repository/RecAndPlayBk/Page-Vlink-ACH-Void/input")): Object: 'Object Repository/RecAndPlayBk/Page-Vlink-ACH-Void/input' is clicked on

2023-02-08 19:26:45 - [MESSAGE][PASSED] - Object: 'Object Repository/RecAndPlayBk/Page-Vlink-ACH-Void/input' is clicked on

2023-02-08 19:26:45 - [TEST_STEP][PASSED] - if (verifyTextPresent(errorMsg, true)): null

2023-02-08 19:26:46 - [MESSAGE][PASSED] - Text 'Bank Account type not valid' is present on page  using regular expression

2023-02-08 19:26:46 - [TEST_STEP][PASSED] - println("Error Message is present on the Confirmation page"): null

2023-02-08 19:26:46 - [TEST_STEP][PASSED] - out.println("Pass Record Number: " + row): null

2023-02-08 19:26:46 - [TEST_STEP][PASSED] - resText = "Pass": null

2023-02-08 19:26:46 - [TEST_STEP][PASSED] - pages.WriteExcel.demoKey(resText, datText, resColumn, datCloumn, fileLoc, nameSheet, row): pages.WriteExcel.demoKey is PASSED

2023-02-08 19:26:46 - [MESSAGE][PASSED] - pages.WriteExcel.demoKey is PASSED

2023-02-08 19:26:46 - [TEST_STEP][PASSED] - ExecuteTC = findTestData(dataFile).getValue("Execute", row): null

2023-02-08 19:26:46 - [TEST_STEP][PASSED] - out.println("Value of Execute is : " + ExecuteTC): null

2023-02-08 19:26:46 - [TEST_STEP][PASSED] - if (ExecuteTC.equalsIgnoreCase("Y")): null

2023-02-08 19:26:46 - [TEST_STEP][PASSED] - out.println("Begin Record Number: " + row): null

2023-02-08 19:26:46 - [TEST_STEP][PASSED] - today = new java.util.Date(): null

2023-02-08 19:26:46 - [TEST_STEP][PASSED] - println(today): null

2023-02-08 19:26:46 - [TEST_STEP][PASSED] - datText = today: null

2023-02-08 19:26:46 - [TEST_STEP][PASSED] - appID = findTestData(dataFile).getValue("AppID", row): null

2023-02-08 19:26:46 - [TEST_STEP][PASSED] - username = findTestData(dataFile).getValue("Username", row): null

2023-02-08 19:26:46 - [TEST_STEP][PASSED] - password = findTestData(dataFile).getValue("Password", row): null

2023-02-08 19:26:46 - [TEST_STEP][PASSED] - errorMsg = findTestData(dataFile).getValue("ErrorMsg", row): null

2023-02-08 19:26:46 - [TEST_STEP][PASSED] - tranType = findTestData(dataFile).getValue("TranType", row): null

2023-02-08 19:26:46 - [TEST_STEP][PASSED] - mv = findTestData(dataFile).getValue("MV", row): null

2023-02-08 19:26:46 - [TEST_STEP][PASSED] - resFormat = findTestData(dataFile).getValue("ResFormat", row): null

2023-02-08 19:26:46 - [TEST_STEP][PASSED] - checkType = findTestData(dataFile).getValue("CheckType", row): null

2023-02-08 19:26:46 - [TEST_STEP][PASSED] - sec = findTestData(dataFile).getValue("SEC", row): null

2023-02-08 19:26:46 - [TEST_STEP][PASSED] - tranID = findTestData(dataFile).getValue("TranxID", row): null

2023-02-08 19:26:47 - [TEST_STEP][PASSED] - origTranType = findTestData(dataFile).getValue("OriginalTranType", row): null

2023-02-08 19:26:47 - [TEST_STEP][PASSED] - openBrowser(VLinkURL + "ACH_void.html"): Browser is opened with url: 'https://dev-algorithm.govolution.com/vlinktest/QA/version_2_0/ACH_void.html'

2023-02-08 19:26:47 - [MESSAGE][WARNING] - A browser is already opened. Closing browser and opening a new one

2023-02-08 19:26:48 - [MESSAGE][INFO] - Starting 'Chrome' driver

2023-02-08 19:26:48 - [MESSAGE][INFO] - User set preference: ['acceptInsecureCerts', 'true']

2023-02-08 19:26:48 - [MESSAGE][INFO] - Action delay is set to 0 milliseconds

2023-02-08 19:26:49 - [MESSAGE][PASSED] - Browser is opened with url: 'https://dev-algorithm.govolution.com/vlinktest/QA/version_2_0/ACH_void.html'

2023-02-08 19:26:49 - [TEST_STEP][PASSED] - maximizeWindow(): Current window maximized

2023-02-08 19:26:49 - [MESSAGE][PASSED] - Current window maximized

2023-02-08 19:26:49 - [TEST_STEP][PASSED] - setText(findTestObject("Object Repository/RecAndPlayBk/Page-Vlink-ACH-Void/input_Transaction Type"), tranType): Text '200' is set on object 'Object Repository/RecAndPlayBk/Page-Vlink-ACH-Void/input_Transaction Type'

2023-02-08 19:26:50 - [MESSAGE][PASSED] - Text '200' is set on object 'Object Repository/RecAndPlayBk/Page-Vlink-ACH-Void/input_Transaction Type'

2023-02-08 19:26:50 - [TEST_STEP][PASSED] - setText(findTestObject("Object Repository/RecAndPlayBk/Page-Vlink-ACH-Void/input_Message Version"), mv): Text '2.0A' is set on object 'Object Repository/RecAndPlayBk/Page-Vlink-ACH-Void/input_Message Version'

2023-02-08 19:26:51 - [MESSAGE][PASSED] - Text '2.0A' is set on object 'Object Repository/RecAndPlayBk/Page-Vlink-ACH-Void/input_Message Version'

2023-02-08 19:26:51 - [TEST_STEP][PASSED] - genRemID = RandomStringUtils.random(12, true, true): null

2023-02-08 19:26:51 - [TEST_STEP][PASSED] - setText(findTestObject("Object Repository/RecAndPlayBk/Page-Vlink-ACH-Void/input_Remittance Id"), genRemID): Text 'cMxtmr3QJjq1' is set on object 'Object Repository/RecAndPlayBk/Page-Vlink-ACH-Void/input_Remittance Id'

2023-02-08 19:26:51 - [MESSAGE][PASSED] - Text 'cMxtmr3QJjq1' is set on object 'Object Repository/RecAndPlayBk/Page-Vlink-ACH-Void/input_Remittance Id'

2023-02-08 19:26:51 - [TEST_STEP][PASSED] - setText(findTestObject("Object Repository/RecAndPlayBk/Page-Vlink-ACH-Void/input_Application Id"), appID): Text '234' is set on object 'Object Repository/RecAndPlayBk/Page-Vlink-ACH-Void/input_Application Id'

2023-02-08 19:26:52 - [MESSAGE][PASSED] - Text '234' is set on object 'Object Repository/RecAndPlayBk/Page-Vlink-ACH-Void/input_Application Id'

2023-02-08 19:26:52 - [TEST_STEP][PASSED] - setText(findTestObject("Object Repository/RecAndPlayBk/Page-Vlink-ACH-Void/input_Username"), username): Text 'username' is set on object 'Object Repository/RecAndPlayBk/Page-Vlink-ACH-Void/input_Username'

2023-02-08 19:26:53 - [MESSAGE][PASSED] - Text 'username' is set on object 'Object Repository/RecAndPlayBk/Page-Vlink-ACH-Void/input_Username'

2023-02-08 19:26:53 - [TEST_STEP][PASSED] - setText(findTestObject("Object Repository/RecAndPlayBk/Page-Vlink-ACH-Void/input_Password"), password): Text 'password' is set on object 'Object Repository/RecAndPlayBk/Page-Vlink-ACH-Void/input_Password'

2023-02-08 19:26:53 - [MESSAGE][PASSED] - Text 'password' is set on object 'Object Repository/RecAndPlayBk/Page-Vlink-ACH-Void/input_Password'

2023-02-08 19:26:53 - [TEST_STEP][PASSED] - setText(findTestObject("Object Repository/RecAndPlayBk/Page-Vlink-ACH-Void/input_Response Format"), resFormat): Text 'fixed_width' is set on object 'Object Repository/RecAndPlayBk/Page-Vlink-ACH-Void/input_Response Format'

2023-02-08 19:26:54 - [MESSAGE][PASSED] - Text 'fixed_width' is set on object 'Object Repository/RecAndPlayBk/Page-Vlink-ACH-Void/input_Response Format'

2023-02-08 19:26:54 - [TEST_STEP][PASSED] - setText(findTestObject("Object Repository/RecAndPlayBk/Page-Vlink-ACH-Void/input_Check Type"), checkType): Text 'P' is set on object 'Object Repository/RecAndPlayBk/Page-Vlink-ACH-Void/input_Check Type'

2023-02-08 19:26:54 - [MESSAGE][PASSED] - Text 'P' is set on object 'Object Repository/RecAndPlayBk/Page-Vlink-ACH-Void/input_Check Type'

2023-02-08 19:26:54 - [TEST_STEP][PASSED] - setText(findTestObject("Object Repository/RecAndPlayBk/Page-Vlink-ACH-Void/input_Standard Entry Class"), sec): Text '' is set on object 'Object Repository/RecAndPlayBk/Page-Vlink-ACH-Void/input_Standard Entry Class'

2023-02-08 19:26:55 - [MESSAGE][PASSED] - Text '' is set on object 'Object Repository/RecAndPlayBk/Page-Vlink-ACH-Void/input_Standard Entry Class'

2023-02-08 19:26:55 - [TEST_STEP][PASSED] - setText(findTestObject("Object Repository/RecAndPlayBk/Page-Vlink-ACH-Void/input_Transaction ID"), tranID): Text '12124566' is set on object 'Object Repository/RecAndPlayBk/Page-Vlink-ACH-Void/input_Transaction ID'

2023-02-08 19:26:56 - [MESSAGE][PASSED] - Text '12124566' is set on object 'Object Repository/RecAndPlayBk/Page-Vlink-ACH-Void/input_Transaction ID'

2023-02-08 19:26:56 - [TEST_STEP][PASSED] - setText(findTestObject("Object Repository/RecAndPlayBk/Page-Vlink-ACH-Void/input_Original Transaction Type"), origTranType): Text '200' is set on object 'Object Repository/RecAndPlayBk/Page-Vlink-ACH-Void/input_Original Transaction Type'

2023-02-08 19:26:56 - [MESSAGE][PASSED] - Text '200' is set on object 'Object Repository/RecAndPlayBk/Page-Vlink-ACH-Void/input_Original Transaction Type'

2023-02-08 19:26:56 - [TEST_STEP][PASSED] - click(findTestObject("Object Repository/RecAndPlayBk/Page-Vlink-ACH-Void/input")): Object: 'Object Repository/RecAndPlayBk/Page-Vlink-ACH-Void/input' is clicked on

2023-02-08 19:26:57 - [MESSAGE][PASSED] - Object: 'Object Repository/RecAndPlayBk/Page-Vlink-ACH-Void/input' is clicked on

2023-02-08 19:26:57 - [TEST_STEP][PASSED] - if (verifyTextPresent(errorMsg, true)): null

2023-02-08 19:26:57 - [MESSAGE][PASSED] - Text 'check_first_name, check_last_name, check_address, check_city, check_state, che' is present on page  using regular expression

2023-02-08 19:26:57 - [TEST_STEP][PASSED] - println("Error Message is present on the Confirmation page"): null

2023-02-08 19:26:57 - [TEST_STEP][PASSED] - out.println("Pass Record Number: " + row): null

2023-02-08 19:26:57 - [TEST_STEP][PASSED] - resText = "Pass": null

2023-02-08 19:26:57 - [TEST_STEP][PASSED] - pages.WriteExcel.demoKey(resText, datText, resColumn, datCloumn, fileLoc, nameSheet, row): pages.WriteExcel.demoKey is PASSED

2023-02-08 19:26:57 - [MESSAGE][PASSED] - pages.WriteExcel.demoKey is PASSED

2023-02-08 19:26:57 - [TEST_STEP][PASSED] - ExecuteTC = findTestData(dataFile).getValue("Execute", row): null

2023-02-08 19:26:57 - [TEST_STEP][PASSED] - out.println("Value of Execute is : " + ExecuteTC): null

2023-02-08 19:26:57 - [TEST_STEP][PASSED] - if (ExecuteTC.equalsIgnoreCase("Y")): null

2023-02-08 19:26:57 - [TEST_STEP][PASSED] - out.println("Begin Record Number: " + row): null

2023-02-08 19:26:57 - [TEST_STEP][PASSED] - today = new java.util.Date(): null

2023-02-08 19:26:57 - [TEST_STEP][PASSED] - println(today): null

2023-02-08 19:26:57 - [TEST_STEP][PASSED] - datText = today: null

2023-02-08 19:26:57 - [TEST_STEP][PASSED] - appID = findTestData(dataFile).getValue("AppID", row): null

2023-02-08 19:26:57 - [TEST_STEP][PASSED] - username = findTestData(dataFile).getValue("Username", row): null

2023-02-08 19:26:57 - [TEST_STEP][PASSED] - password = findTestData(dataFile).getValue("Password", row): null

2023-02-08 19:26:58 - [TEST_STEP][PASSED] - errorMsg = findTestData(dataFile).getValue("ErrorMsg", row): null

2023-02-08 19:26:58 - [TEST_STEP][PASSED] - tranType = findTestData(dataFile).getValue("TranType", row): null

2023-02-08 19:26:58 - [TEST_STEP][PASSED] - mv = findTestData(dataFile).getValue("MV", row): null

2023-02-08 19:26:58 - [TEST_STEP][PASSED] - resFormat = findTestData(dataFile).getValue("ResFormat", row): null

2023-02-08 19:26:58 - [TEST_STEP][PASSED] - checkType = findTestData(dataFile).getValue("CheckType", row): null

2023-02-08 19:26:58 - [TEST_STEP][PASSED] - sec = findTestData(dataFile).getValue("SEC", row): null

2023-02-08 19:26:58 - [TEST_STEP][PASSED] - tranID = findTestData(dataFile).getValue("TranxID", row): null

2023-02-08 19:26:58 - [TEST_STEP][PASSED] - origTranType = findTestData(dataFile).getValue("OriginalTranType", row): null

2023-02-08 19:26:58 - [TEST_STEP][PASSED] - openBrowser(VLinkURL + "ACH_void.html"): Browser is opened with url: 'https://dev-algorithm.govolution.com/vlinktest/QA/version_2_0/ACH_void.html'

2023-02-08 19:26:58 - [MESSAGE][WARNING] - A browser is already opened. Closing browser and opening a new one

2023-02-08 19:26:59 - [MESSAGE][INFO] - Starting 'Chrome' driver

2023-02-08 19:26:59 - [MESSAGE][INFO] - User set preference: ['acceptInsecureCerts', 'true']

2023-02-08 19:26:59 - [MESSAGE][INFO] - Action delay is set to 0 milliseconds

2023-02-08 19:27:01 - [MESSAGE][PASSED] - Browser is opened with url: 'https://dev-algorithm.govolution.com/vlinktest/QA/version_2_0/ACH_void.html'

2023-02-08 19:27:01 - [TEST_STEP][PASSED] - maximizeWindow(): Current window maximized

2023-02-08 19:27:01 - [MESSAGE][PASSED] - Current window maximized

2023-02-08 19:27:01 - [TEST_STEP][PASSED] - setText(findTestObject("Object Repository/RecAndPlayBk/Page-Vlink-ACH-Void/input_Transaction Type"), tranType): Text '200' is set on object 'Object Repository/RecAndPlayBk/Page-Vlink-ACH-Void/input_Transaction Type'

2023-02-08 19:27:02 - [MESSAGE][PASSED] - Text '200' is set on object 'Object Repository/RecAndPlayBk/Page-Vlink-ACH-Void/input_Transaction Type'

2023-02-08 19:27:02 - [TEST_STEP][PASSED] - setText(findTestObject("Object Repository/RecAndPlayBk/Page-Vlink-ACH-Void/input_Message Version"), mv): Text '2.0A' is set on object 'Object Repository/RecAndPlayBk/Page-Vlink-ACH-Void/input_Message Version'

2023-02-08 19:27:02 - [MESSAGE][PASSED] - Text '2.0A' is set on object 'Object Repository/RecAndPlayBk/Page-Vlink-ACH-Void/input_Message Version'

2023-02-08 19:27:02 - [TEST_STEP][PASSED] - genRemID = RandomStringUtils.random(12, true, true): null

2023-02-08 19:27:02 - [TEST_STEP][PASSED] - setText(findTestObject("Object Repository/RecAndPlayBk/Page-Vlink-ACH-Void/input_Remittance Id"), genRemID): Text 'ZAq06LFFs7Se' is set on object 'Object Repository/RecAndPlayBk/Page-Vlink-ACH-Void/input_Remittance Id'

2023-02-08 19:27:03 - [MESSAGE][PASSED] - Text 'ZAq06LFFs7Se' is set on object 'Object Repository/RecAndPlayBk/Page-Vlink-ACH-Void/input_Remittance Id'

2023-02-08 19:27:03 - [TEST_STEP][PASSED] - setText(findTestObject("Object Repository/RecAndPlayBk/Page-Vlink-ACH-Void/input_Application Id"), appID): Text '234' is set on object 'Object Repository/RecAndPlayBk/Page-Vlink-ACH-Void/input_Application Id'

2023-02-08 19:27:03 - [MESSAGE][PASSED] - Text '234' is set on object 'Object Repository/RecAndPlayBk/Page-Vlink-ACH-Void/input_Application Id'

2023-02-08 19:27:03 - [TEST_STEP][PASSED] - setText(findTestObject("Object Repository/RecAndPlayBk/Page-Vlink-ACH-Void/input_Username"), username): Text 'username' is set on object 'Object Repository/RecAndPlayBk/Page-Vlink-ACH-Void/input_Username'

2023-02-08 19:27:04 - [MESSAGE][PASSED] - Text 'username' is set on object 'Object Repository/RecAndPlayBk/Page-Vlink-ACH-Void/input_Username'

2023-02-08 19:27:04 - [TEST_STEP][PASSED] - setText(findTestObject("Object Repository/RecAndPlayBk/Page-Vlink-ACH-Void/input_Password"), password): Text 'password' is set on object 'Object Repository/RecAndPlayBk/Page-Vlink-ACH-Void/input_Password'

2023-02-08 19:27:05 - [MESSAGE][PASSED] - Text 'password' is set on object 'Object Repository/RecAndPlayBk/Page-Vlink-ACH-Void/input_Password'

2023-02-08 19:27:05 - [TEST_STEP][PASSED] - setText(findTestObject("Object Repository/RecAndPlayBk/Page-Vlink-ACH-Void/input_Response Format"), resFormat): Text 'fixed_width' is set on object 'Object Repository/RecAndPlayBk/Page-Vlink-ACH-Void/input_Response Format'

2023-02-08 19:27:05 - [MESSAGE][PASSED] - Text 'fixed_width' is set on object 'Object Repository/RecAndPlayBk/Page-Vlink-ACH-Void/input_Response Format'

2023-02-08 19:27:05 - [TEST_STEP][PASSED] - setText(findTestObject("Object Repository/RecAndPlayBk/Page-Vlink-ACH-Void/input_Check Type"), checkType): Text 'P' is set on object 'Object Repository/RecAndPlayBk/Page-Vlink-ACH-Void/input_Check Type'

2023-02-08 19:27:06 - [MESSAGE][PASSED] - Text 'P' is set on object 'Object Repository/RecAndPlayBk/Page-Vlink-ACH-Void/input_Check Type'

2023-02-08 19:27:06 - [TEST_STEP][PASSED] - setText(findTestObject("Object Repository/RecAndPlayBk/Page-Vlink-ACH-Void/input_Standard Entry Class"), sec): Text 'WEB' is set on object 'Object Repository/RecAndPlayBk/Page-Vlink-ACH-Void/input_Standard Entry Class'

2023-02-08 19:27:07 - [MESSAGE][PASSED] - Text 'WEB' is set on object 'Object Repository/RecAndPlayBk/Page-Vlink-ACH-Void/input_Standard Entry Class'

2023-02-08 19:27:07 - [TEST_STEP][PASSED] - setText(findTestObject("Object Repository/RecAndPlayBk/Page-Vlink-ACH-Void/input_Transaction ID"), tranID): Text '12124566' is set on object 'Object Repository/RecAndPlayBk/Page-Vlink-ACH-Void/input_Transaction ID'

2023-02-08 19:27:07 - [MESSAGE][PASSED] - Text '12124566' is set on object 'Object Repository/RecAndPlayBk/Page-Vlink-ACH-Void/input_Transaction ID'

2023-02-08 19:27:07 - [TEST_STEP][PASSED] - setText(findTestObject("Object Repository/RecAndPlayBk/Page-Vlink-ACH-Void/input_Original Transaction Type"), origTranType): Text '' is set on object 'Object Repository/RecAndPlayBk/Page-Vlink-ACH-Void/input_Original Transaction Type'

2023-02-08 19:27:08 - [MESSAGE][PASSED] - Text '' is set on object 'Object Repository/RecAndPlayBk/Page-Vlink-ACH-Void/input_Original Transaction Type'

2023-02-08 19:27:08 - [TEST_STEP][PASSED] - click(findTestObject("Object Repository/RecAndPlayBk/Page-Vlink-ACH-Void/input")): Object: 'Object Repository/RecAndPlayBk/Page-Vlink-ACH-Void/input' is clicked on

2023-02-08 19:27:08 - [MESSAGE][PASSED] - Object: 'Object Repository/RecAndPlayBk/Page-Vlink-ACH-Void/input' is clicked on

2023-02-08 19:27:08 - [TEST_STEP][PASSED] - if (verifyTextPresent(errorMsg, true)): null

2023-02-08 19:27:09 - [MESSAGE][PASSED] - Text 'check_first_name, check_last_name, check_address, check_city, check_state, che' is present on page  using regular expression

2023-02-08 19:27:09 - [TEST_STEP][PASSED] - println("Error Message is present on the Confirmation page"): null

2023-02-08 19:27:09 - [TEST_STEP][PASSED] - out.println("Pass Record Number: " + row): null

2023-02-08 19:27:09 - [TEST_STEP][PASSED] - resText = "Pass": null

2023-02-08 19:27:09 - [TEST_STEP][PASSED] - pages.WriteExcel.demoKey(resText, datText, resColumn, datCloumn, fileLoc, nameSheet, row): pages.WriteExcel.demoKey is PASSED

2023-02-08 19:27:09 - [MESSAGE][PASSED] - pages.WriteExcel.demoKey is PASSED

2023-02-08 19:27:09 - [TEST_STEP][PASSED] - ExecuteTC = findTestData(dataFile).getValue("Execute", row): null

2023-02-08 19:27:09 - [TEST_STEP][PASSED] - out.println("Value of Execute is : " + ExecuteTC): null

2023-02-08 19:27:09 - [TEST_STEP][PASSED] - if (ExecuteTC.equalsIgnoreCase("Y")): null

2023-02-08 19:27:09 - [TEST_STEP][PASSED] - out.println("Begin Record Number: " + row): null

2023-02-08 19:27:09 - [TEST_STEP][PASSED] - today = new java.util.Date(): null

2023-02-08 19:27:09 - [TEST_STEP][PASSED] - println(today): null

2023-02-08 19:27:09 - [TEST_STEP][PASSED] - datText = today: null

2023-02-08 19:27:09 - [TEST_STEP][PASSED] - appID = findTestData(dataFile).getValue("AppID", row): null

2023-02-08 19:27:09 - [TEST_STEP][PASSED] - username = findTestData(dataFile).getValue("Username", row): null

2023-02-08 19:27:09 - [TEST_STEP][PASSED] - password = findTestData(dataFile).getValue("Password", row): null

2023-02-08 19:27:09 - [TEST_STEP][PASSED] - errorMsg = findTestData(dataFile).getValue("ErrorMsg", row): null

2023-02-08 19:27:09 - [TEST_STEP][PASSED] - tranType = findTestData(dataFile).getValue("TranType", row): null

2023-02-08 19:27:09 - [TEST_STEP][PASSED] - mv = findTestData(dataFile).getValue("MV", row): null

2023-02-08 19:27:09 - [TEST_STEP][PASSED] - resFormat = findTestData(dataFile).getValue("ResFormat", row): null

2023-02-08 19:27:09 - [TEST_STEP][PASSED] - checkType = findTestData(dataFile).getValue("CheckType", row): null

2023-02-08 19:27:09 - [TEST_STEP][PASSED] - sec = findTestData(dataFile).getValue("SEC", row): null

2023-02-08 19:27:09 - [TEST_STEP][PASSED] - tranID = findTestData(dataFile).getValue("TranxID", row): null

2023-02-08 19:27:09 - [TEST_STEP][PASSED] - origTranType = findTestData(dataFile).getValue("OriginalTranType", row): null

2023-02-08 19:27:10 - [TEST_STEP][PASSED] - openBrowser(VLinkURL + "ACH_void.html"): Browser is opened with url: 'https://dev-algorithm.govolution.com/vlinktest/QA/version_2_0/ACH_void.html'

2023-02-08 19:27:10 - [MESSAGE][WARNING] - A browser is already opened. Closing browser and opening a new one

2023-02-08 19:27:10 - [MESSAGE][INFO] - Starting 'Chrome' driver

2023-02-08 19:27:10 - [MESSAGE][INFO] - User set preference: ['acceptInsecureCerts', 'true']

2023-02-08 19:27:10 - [MESSAGE][INFO] - Action delay is set to 0 milliseconds

2023-02-08 19:27:12 - [MESSAGE][PASSED] - Browser is opened with url: 'https://dev-algorithm.govolution.com/vlinktest/QA/version_2_0/ACH_void.html'

2023-02-08 19:27:12 - [TEST_STEP][PASSED] - maximizeWindow(): Current window maximized

2023-02-08 19:27:12 - [MESSAGE][PASSED] - Current window maximized

2023-02-08 19:27:12 - [TEST_STEP][PASSED] - setText(findTestObject("Object Repository/RecAndPlayBk/Page-Vlink-ACH-Void/input_Transaction Type"), tranType): Text '200' is set on object 'Object Repository/RecAndPlayBk/Page-Vlink-ACH-Void/input_Transaction Type'

2023-02-08 19:27:13 - [MESSAGE][PASSED] - Text '200' is set on object 'Object Repository/RecAndPlayBk/Page-Vlink-ACH-Void/input_Transaction Type'

2023-02-08 19:27:13 - [TEST_STEP][PASSED] - setText(findTestObject("Object Repository/RecAndPlayBk/Page-Vlink-ACH-Void/input_Message Version"), mv): Text '2.0A' is set on object 'Object Repository/RecAndPlayBk/Page-Vlink-ACH-Void/input_Message Version'

2023-02-08 19:27:14 - [MESSAGE][PASSED] - Text '2.0A' is set on object 'Object Repository/RecAndPlayBk/Page-Vlink-ACH-Void/input_Message Version'

2023-02-08 19:27:14 - [TEST_STEP][PASSED] - genRemID = RandomStringUtils.random(12, true, true): null

2023-02-08 19:27:14 - [TEST_STEP][PASSED] - setText(findTestObject("Object Repository/RecAndPlayBk/Page-Vlink-ACH-Void/input_Remittance Id"), genRemID): Text 'ydeYXWz0FRuU' is set on object 'Object Repository/RecAndPlayBk/Page-Vlink-ACH-Void/input_Remittance Id'

2023-02-08 19:27:14 - [MESSAGE][PASSED] - Text 'ydeYXWz0FRuU' is set on object 'Object Repository/RecAndPlayBk/Page-Vlink-ACH-Void/input_Remittance Id'

2023-02-08 19:27:14 - [TEST_STEP][PASSED] - setText(findTestObject("Object Repository/RecAndPlayBk/Page-Vlink-ACH-Void/input_Application Id"), appID): Text '234' is set on object 'Object Repository/RecAndPlayBk/Page-Vlink-ACH-Void/input_Application Id'

2023-02-08 19:27:15 - [MESSAGE][PASSED] - Text '234' is set on object 'Object Repository/RecAndPlayBk/Page-Vlink-ACH-Void/input_Application Id'

2023-02-08 19:27:15 - [TEST_STEP][PASSED] - setText(findTestObject("Object Repository/RecAndPlayBk/Page-Vlink-ACH-Void/input_Username"), username): Text 'username' is set on object 'Object Repository/RecAndPlayBk/Page-Vlink-ACH-Void/input_Username'

2023-02-08 19:27:16 - [MESSAGE][PASSED] - Text 'username' is set on object 'Object Repository/RecAndPlayBk/Page-Vlink-ACH-Void/input_Username'

2023-02-08 19:27:16 - [TEST_STEP][PASSED] - setText(findTestObject("Object Repository/RecAndPlayBk/Page-Vlink-ACH-Void/input_Password"), password): Text 'password' is set on object 'Object Repository/RecAndPlayBk/Page-Vlink-ACH-Void/input_Password'

2023-02-08 19:27:16 - [MESSAGE][PASSED] - Text 'password' is set on object 'Object Repository/RecAndPlayBk/Page-Vlink-ACH-Void/input_Password'

2023-02-08 19:27:16 - [TEST_STEP][PASSED] - setText(findTestObject("Object Repository/RecAndPlayBk/Page-Vlink-ACH-Void/input_Response Format"), resFormat): Text 'fixed_width' is set on object 'Object Repository/RecAndPlayBk/Page-Vlink-ACH-Void/input_Response Format'

2023-02-08 19:27:17 - [MESSAGE][PASSED] - Text 'fixed_width' is set on object 'Object Repository/RecAndPlayBk/Page-Vlink-ACH-Void/input_Response Format'

2023-02-08 19:27:17 - [TEST_STEP][PASSED] - setText(findTestObject("Object Repository/RecAndPlayBk/Page-Vlink-ACH-Void/input_Check Type"), checkType): Text 'P' is set on object 'Object Repository/RecAndPlayBk/Page-Vlink-ACH-Void/input_Check Type'

2023-02-08 19:27:17 - [MESSAGE][PASSED] - Text 'P' is set on object 'Object Repository/RecAndPlayBk/Page-Vlink-ACH-Void/input_Check Type'

2023-02-08 19:27:17 - [TEST_STEP][PASSED] - setText(findTestObject("Object Repository/RecAndPlayBk/Page-Vlink-ACH-Void/input_Standard Entry Class"), sec): Text 'WEB' is set on object 'Object Repository/RecAndPlayBk/Page-Vlink-ACH-Void/input_Standard Entry Class'

2023-02-08 19:27:18 - [MESSAGE][PASSED] - Text 'WEB' is set on object 'Object Repository/RecAndPlayBk/Page-Vlink-ACH-Void/input_Standard Entry Class'

2023-02-08 19:27:18 - [TEST_STEP][PASSED] - setText(findTestObject("Object Repository/RecAndPlayBk/Page-Vlink-ACH-Void/input_Transaction ID"), tranID): Text '' is set on object 'Object Repository/RecAndPlayBk/Page-Vlink-ACH-Void/input_Transaction ID'

2023-02-08 19:27:19 - [MESSAGE][PASSED] - Text '' is set on object 'Object Repository/RecAndPlayBk/Page-Vlink-ACH-Void/input_Transaction ID'

2023-02-08 19:27:19 - [TEST_STEP][PASSED] - setText(findTestObject("Object Repository/RecAndPlayBk/Page-Vlink-ACH-Void/input_Original Transaction Type"), origTranType): Text '200' is set on object 'Object Repository/RecAndPlayBk/Page-Vlink-ACH-Void/input_Original Transaction Type'

2023-02-08 19:27:19 - [MESSAGE][PASSED] - Text '200' is set on object 'Object Repository/RecAndPlayBk/Page-Vlink-ACH-Void/input_Original Transaction Type'

2023-02-08 19:27:19 - [TEST_STEP][PASSED] - click(findTestObject("Object Repository/RecAndPlayBk/Page-Vlink-ACH-Void/input")): Object: 'Object Repository/RecAndPlayBk/Page-Vlink-ACH-Void/input' is clicked on

2023-02-08 19:27:20 - [MESSAGE][PASSED] - Object: 'Object Repository/RecAndPlayBk/Page-Vlink-ACH-Void/input' is clicked on

2023-02-08 19:27:20 - [TEST_STEP][PASSED] - if (verifyTextPresent(errorMsg, true)): null

2023-02-08 19:27:20 - [MESSAGE][PASSED] - Text 'check_first_name, check_last_name, check_address, check_city, check_state, che' is present on page  using regular expression

2023-02-08 19:27:20 - [TEST_STEP][PASSED] - println("Error Message is present on the Confirmation page"): null

2023-02-08 19:27:20 - [TEST_STEP][PASSED] - out.println("Pass Record Number: " + row): null

2023-02-08 19:27:20 - [TEST_STEP][PASSED] - resText = "Pass": null

2023-02-08 19:27:20 - [TEST_STEP][PASSED] - pages.WriteExcel.demoKey(resText, datText, resColumn, datCloumn, fileLoc, nameSheet, row): pages.WriteExcel.demoKey is PASSED

2023-02-08 19:27:20 - [MESSAGE][PASSED] - pages.WriteExcel.demoKey is PASSED]]></system-out>
         <system-err><![CDATA[2023-02-08 19:25:26 - [TEST_CASE][FAILED] - Test Cases/RecAndPlayBk/VLink/ACH-Void-MRF: Test Cases/RecAndPlayBk/VLink/ACH-Void-MRF FAILED.
Reason:
com.kms.katalon.core.exception.StepFailedException: Text 'check_first_name, check_last_name, check_address, check_city, check_state, che' is not present on page  using regular expression (Root cause: com.kms.katalon.core.exception.StepFailedException: Text 'check_first_name, check_last_name, check_address, check_city, check_state, che' is not present on page  using regular expression
	at com.kms.katalon.core.webui.keyword.internal.WebUIKeywordMain.stepFailed(WebUIKeywordMain.groovy:64)
	at com.kms.katalon.core.webui.keyword.builtin.VerifyTextPresentKeyword$_verifyTextPresent_closure1.doCall(VerifyTextPresentKeyword.groovy:79)
	at com.kms.katalon.core.webui.keyword.builtin.VerifyTextPresentKeyword$_verifyTextPresent_closure1.call(VerifyTextPresentKeyword.groovy)
	at com.kms.katalon.core.webui.keyword.internal.WebUIKeywordMain.runKeyword(WebUIKeywordMain.groovy:20)
	at com.kms.katalon.core.webui.keyword.builtin.VerifyTextPresentKeyword.verifyTextPresent(VerifyTextPresentKeyword.groovy:83)
	at com.kms.katalon.core.webui.keyword.builtin.VerifyTextPresentKeyword.execute(VerifyTextPresentKeyword.groovy:68)
	at com.kms.katalon.core.keyword.internal.KeywordExecutor.executeKeywordForPlatform(KeywordExecutor.groovy:74)
	at com.kms.katalon.core.webui.keyword.WebUiBuiltInKeywords.verifyTextPresent(WebUiBuiltInKeywords.groovy:1723)
	at com.kms.katalon.core.webui.keyword.WebUiBuiltInKeywords$verifyTextPresent$4.call(Unknown Source)
	at ACH-Void-MRF.run(ACH-Void-MRF:105)
	at com.kms.katalon.core.main.ScriptEngine.run(ScriptEngine.java:194)
	at com.kms.katalon.core.main.ScriptEngine.runScriptAsRawText(ScriptEngine.java:119)
	at com.kms.katalon.core.main.TestCaseExecutor.runScript(TestCaseExecutor.java:442)
	at com.kms.katalon.core.main.TestCaseExecutor.doExecute(TestCaseExecutor.java:433)
	at com.kms.katalon.core.main.TestCaseExecutor.processExecutionPhase(TestCaseExecutor.java:412)
	at com.kms.katalon.core.main.TestCaseExecutor.accessMainPhase(TestCaseExecutor.java:404)
	at com.kms.katalon.core.main.TestCaseExecutor.execute(TestCaseExecutor.java:281)
	at com.kms.katalon.core.main.TestSuiteExecutor.accessTestCaseMainPhase(TestSuiteExecutor.java:202)
	at com.kms.katalon.core.main.TestSuiteExecutor.accessTestSuiteMainPhase(TestSuiteExecutor.java:164)
	at com.kms.katalon.core.main.TestSuiteExecutor.execute(TestSuiteExecutor.java:105)
	at com.kms.katalon.core.main.TestCaseMain.startTestSuite(TestCaseMain.java:185)
	at com.kms.katalon.core.main.TestCaseMain$startTestSuite$0.call(Unknown Source)
	at TempTestSuite1675897428045.run(TempTestSuite1675897428045.groovy:36)
)
	at com.kms.katalon.core.keyword.internal.KeywordMain.stepFailed(KeywordMain.groovy:39)
	at com.kms.katalon.core.webui.keyword.internal.WebUIKeywordMain.stepFailed(WebUIKeywordMain.groovy:64)
	at com.kms.katalon.core.webui.keyword.builtin.VerifyTextPresentKeyword$_verifyTextPresent_closure1.doCall(VerifyTextPresentKeyword.groovy:79)
	at com.kms.katalon.core.webui.keyword.builtin.VerifyTextPresentKeyword$_verifyTextPresent_closure1.call(VerifyTextPresentKeyword.groovy)
	at com.kms.katalon.core.webui.keyword.internal.WebUIKeywordMain.runKeyword(WebUIKeywordMain.groovy:20)
	at com.kms.katalon.core.webui.keyword.builtin.VerifyTextPresentKeyword.verifyTextPresent(VerifyTextPresentKeyword.groovy:83)
	at com.kms.katalon.core.webui.keyword.builtin.VerifyTextPresentKeyword.execute(VerifyTextPresentKeyword.groovy:68)
	at com.kms.katalon.core.keyword.internal.KeywordExecutor.executeKeywordForPlatform(KeywordExecutor.groovy:74)
	at com.kms.katalon.core.webui.keyword.WebUiBuiltInKeywords.verifyTextPresent(WebUiBuiltInKeywords.groovy:1723)
	at com.kms.katalon.core.webui.keyword.WebUiBuiltInKeywords$verifyTextPresent$4.call(Unknown Source)
	at ACH-Void-MRF.run(ACH-Void-MRF:105)
	at com.kms.katalon.core.main.ScriptEngine.run(ScriptEngine.java:194)
	at com.kms.katalon.core.main.ScriptEngine.runScriptAsRawText(ScriptEngine.java:119)
	at com.kms.katalon.core.main.TestCaseExecutor.runScript(TestCaseExecutor.java:442)
	at com.kms.katalon.core.main.TestCaseExecutor.doExecute(TestCaseExecutor.java:433)
	at com.kms.katalon.core.main.TestCaseExecutor.processExecutionPhase(TestCaseExecutor.java:412)
	at com.kms.katalon.core.main.TestCaseExecutor.accessMainPhase(TestCaseExecutor.java:404)
	at com.kms.katalon.core.main.TestCaseExecutor.execute(TestCaseExecutor.java:281)
	at com.kms.katalon.core.main.TestSuiteExecutor.accessTestCaseMainPhase(TestSuiteExecutor.java:202)
	at com.kms.katalon.core.main.TestSuiteExecutor.accessTestSuiteMainPhase(TestSuiteExecutor.java:164)
	at com.kms.katalon.core.main.TestSuiteExecutor.execute(TestSuiteExecutor.java:105)
	at com.kms.katalon.core.main.TestCaseMain.startTestSuite(TestCaseMain.java:185)
	at com.kms.katalon.core.main.TestCaseMain$startTestSuite$0.call(Unknown Source)
	at TempTestSuite1675897428045.run(TempTestSuite1675897428045.groovy:36)
Caused by: com.kms.katalon.core.exception.StepFailedException: Text 'check_first_name, check_last_name, check_address, check_city, check_state, che' is not present on page  using regular expression
	... 23 more]]></system-err>
      </testcase>
      <testcase name="Test Cases/RecAndPlayBk/VLink/ACH-Credit-MRF" time="154.557" classname="Test Cases/RecAndPlayBk/VLink/ACH-Credit-MRF" status="PASSED">
         <system-out><![CDATA[2023-02-08 19:27:20 - [TEST_CASE][PASSED] - Test Cases/RecAndPlayBk/VLink/ACH-Credit-MRF: Test Cases/RecAndPlayBk/VLink/ACH-Credit-MRF

2023-02-08 19:27:21 - [TEST_STEP][PASSED] - executionProfile = getExecutionProfile(): null

2023-02-08 19:27:21 - [TEST_STEP][PASSED] - out.println("executionProfile : " + executionProfile): null

2023-02-08 19:27:21 - [TEST_STEP][PASSED] - resText = "Fail": null

2023-02-08 19:27:21 - [TEST_STEP][PASSED] - resColumn = "Result": null

2023-02-08 19:27:21 - [TEST_STEP][PASSED] - datCloumn = "Date": null

2023-02-08 19:27:21 - [TEST_STEP][PASSED] - fileLoc = "KatalonData/VLinkSmokeDataACH.xlsx": null

2023-02-08 19:27:21 - [TEST_STEP][PASSED] - numOfRows = <not implemented yet for class: org.codehaus.groovy.ast.expr.EmptyExpression>: null

2023-02-08 19:27:21 - [TEST_STEP][PASSED] - dataFile = <not implemented yet for class: org.codehaus.groovy.ast.expr.EmptyExpression>: null

2023-02-08 19:27:21 - [TEST_STEP][PASSED] - nameSheet = <not implemented yet for class: org.codehaus.groovy.ast.expr.EmptyExpression>: null

2023-02-08 19:27:21 - [TEST_STEP][PASSED] - nameSheet = "Credit-MRF": null

2023-02-08 19:27:21 - [TEST_STEP][PASSED] - numOfRows = findTestData("QA/VLinkTestData/VLinkACHCreditMRFData").getRowNumbers(): null

2023-02-08 19:27:21 - [TEST_STEP][PASSED] - println("Number of Records: " + numOfRows): null

2023-02-08 19:27:21 - [TEST_STEP][PASSED] - dataFile = "QA/VLinkTestData/VLinkACHCreditMRFData": null

2023-02-08 19:27:21 - [TEST_STEP][PASSED] - for ([row = 1, row <= numOfRows, (row++)]): null

2023-02-08 19:27:21 - [TEST_STEP][PASSED] - ExecuteTC = findTestData(dataFile).getValue("Execute", row): null

2023-02-08 19:27:21 - [TEST_STEP][PASSED] - out.println("Value of Execute is : " + ExecuteTC): null

2023-02-08 19:27:21 - [TEST_STEP][PASSED] - if (ExecuteTC.equalsIgnoreCase("Y")): null

2023-02-08 19:27:21 - [TEST_STEP][PASSED] - out.println("Begin Record Number: " + row): null

2023-02-08 19:27:21 - [TEST_STEP][PASSED] - today = new java.util.Date(): null

2023-02-08 19:27:21 - [TEST_STEP][PASSED] - println(today): null

2023-02-08 19:27:21 - [TEST_STEP][PASSED] - datText = today: null

2023-02-08 19:27:21 - [TEST_STEP][PASSED] - appID = findTestData(dataFile).getValue("AppID", row): null

2023-02-08 19:27:21 - [TEST_STEP][PASSED] - username = findTestData(dataFile).getValue("Username", row): null

2023-02-08 19:27:21 - [TEST_STEP][PASSED] - password = findTestData(dataFile).getValue("Password", row): null

2023-02-08 19:27:21 - [TEST_STEP][PASSED] - errorMsg = findTestData(dataFile).getValue("ErrorMsg", row): null

2023-02-08 19:27:21 - [TEST_STEP][PASSED] - tranType = findTestData(dataFile).getValue("TranType", row): null

2023-02-08 19:27:21 - [TEST_STEP][PASSED] - mv = findTestData(dataFile).getValue("MV", row): null

2023-02-08 19:27:21 - [TEST_STEP][PASSED] - resFormat = findTestData(dataFile).getValue("ResFormat", row): null

2023-02-08 19:27:21 - [TEST_STEP][PASSED] - checkType = findTestData(dataFile).getValue("CheckType", row): null

2023-02-08 19:27:21 - [TEST_STEP][PASSED] - sec = findTestData(dataFile).getValue("SEC", row): null

2023-02-08 19:27:21 - [TEST_STEP][PASSED] - tranID = findTestData(dataFile).getValue("TranxID", row): null

2023-02-08 19:27:21 - [TEST_STEP][PASSED] - amount = findTestData(dataFile).getValue("Amount", row): null

2023-02-08 19:27:21 - [TEST_STEP][PASSED] - acNumber = findTestData(dataFile).getValue("AcNumber", row): null

2023-02-08 19:27:22 - [TEST_STEP][PASSED] - rtn = findTestData(dataFile).getValue("RTN", row): null

2023-02-08 19:27:22 - [TEST_STEP][PASSED] - openBrowser(VLinkURL + "ACH_credit.html"): Browser is opened with url: 'https://dev-algorithm.govolution.com/vlinktest/QA/version_2_0/ACH_credit.html'

2023-02-08 19:27:22 - [MESSAGE][WARNING] - A browser is already opened. Closing browser and opening a new one

2023-02-08 19:27:23 - [MESSAGE][INFO] - Starting 'Chrome' driver

2023-02-08 19:27:23 - [MESSAGE][INFO] - User set preference: ['acceptInsecureCerts', 'true']

2023-02-08 19:27:23 - [MESSAGE][INFO] - Action delay is set to 0 milliseconds

2023-02-08 19:27:24 - [MESSAGE][PASSED] - Browser is opened with url: 'https://dev-algorithm.govolution.com/vlinktest/QA/version_2_0/ACH_credit.html'

2023-02-08 19:27:24 - [TEST_STEP][PASSED] - maximizeWindow(): Current window maximized

2023-02-08 19:27:24 - [MESSAGE][PASSED] - Current window maximized

2023-02-08 19:27:24 - [TEST_STEP][PASSED] - setText(findTestObject("Object Repository/RecAndPlayBk/Page-Vlink-ACH-Credit/input_Transaction Type"), tranType): Text '' is set on object 'Object Repository/RecAndPlayBk/Page-Vlink-ACH-Credit/input_Transaction Type'

2023-02-08 19:27:25 - [MESSAGE][PASSED] - Text '' is set on object 'Object Repository/RecAndPlayBk/Page-Vlink-ACH-Credit/input_Transaction Type'

2023-02-08 19:27:25 - [TEST_STEP][PASSED] - setText(findTestObject("Object Repository/RecAndPlayBk/Page-Vlink-ACH-Credit/input_Message Version"), mv): Text '2.0A' is set on object 'Object Repository/RecAndPlayBk/Page-Vlink-ACH-Credit/input_Message Version'

2023-02-08 19:27:26 - [MESSAGE][PASSED] - Text '2.0A' is set on object 'Object Repository/RecAndPlayBk/Page-Vlink-ACH-Credit/input_Message Version'

2023-02-08 19:27:26 - [TEST_STEP][PASSED] - genRemID = RandomStringUtils.random(12, true, true): null

2023-02-08 19:27:26 - [TEST_STEP][PASSED] - setText(findTestObject("Object Repository/RecAndPlayBk/Page-Vlink-ACH-Credit/input_Remittance Id"), genRemID): Text 'fGCh4WWGxI9S' is set on object 'Object Repository/RecAndPlayBk/Page-Vlink-ACH-Credit/input_Remittance Id'

2023-02-08 19:27:26 - [MESSAGE][PASSED] - Text 'fGCh4WWGxI9S' is set on object 'Object Repository/RecAndPlayBk/Page-Vlink-ACH-Credit/input_Remittance Id'

2023-02-08 19:27:26 - [TEST_STEP][PASSED] - setText(findTestObject("Object Repository/RecAndPlayBk/Page-Vlink-ACH-Credit/input_Application Id"), appID): Text '234' is set on object 'Object Repository/RecAndPlayBk/Page-Vlink-ACH-Credit/input_Application Id'

2023-02-08 19:27:27 - [MESSAGE][PASSED] - Text '234' is set on object 'Object Repository/RecAndPlayBk/Page-Vlink-ACH-Credit/input_Application Id'

2023-02-08 19:27:27 - [TEST_STEP][PASSED] - setText(findTestObject("Object Repository/RecAndPlayBk/Page-Vlink-ACH-Credit/input_Username"), username): Text 'username' is set on object 'Object Repository/RecAndPlayBk/Page-Vlink-ACH-Credit/input_Username'

2023-02-08 19:27:28 - [MESSAGE][PASSED] - Text 'username' is set on object 'Object Repository/RecAndPlayBk/Page-Vlink-ACH-Credit/input_Username'

2023-02-08 19:27:28 - [TEST_STEP][PASSED] - setText(findTestObject("Object Repository/RecAndPlayBk/Page-Vlink-ACH-Credit/input_Password"), password): Text 'password' is set on object 'Object Repository/RecAndPlayBk/Page-Vlink-ACH-Credit/input_Password'

2023-02-08 19:27:28 - [MESSAGE][PASSED] - Text 'password' is set on object 'Object Repository/RecAndPlayBk/Page-Vlink-ACH-Credit/input_Password'

2023-02-08 19:27:28 - [TEST_STEP][PASSED] - setText(findTestObject("Object Repository/RecAndPlayBk/Page-Vlink-ACH-Credit/input_Response Format"), resFormat): Text 'fixed_width' is set on object 'Object Repository/RecAndPlayBk/Page-Vlink-ACH-Credit/input_Response Format'

2023-02-08 19:27:29 - [MESSAGE][PASSED] - Text 'fixed_width' is set on object 'Object Repository/RecAndPlayBk/Page-Vlink-ACH-Credit/input_Response Format'

2023-02-08 19:27:29 - [TEST_STEP][PASSED] - setText(findTestObject("Object Repository/RecAndPlayBk/Page-Vlink-ACH-Credit/input_Check Type"), checkType): Text 'P' is set on object 'Object Repository/RecAndPlayBk/Page-Vlink-ACH-Credit/input_Check Type'

2023-02-08 19:27:30 - [MESSAGE][PASSED] - Text 'P' is set on object 'Object Repository/RecAndPlayBk/Page-Vlink-ACH-Credit/input_Check Type'

2023-02-08 19:27:30 - [TEST_STEP][PASSED] - setText(findTestObject("Object Repository/RecAndPlayBk/Page-Vlink-ACH-Credit/input_Transaction ID"), tranID): Text '12124566' is set on object 'Object Repository/RecAndPlayBk/Page-Vlink-ACH-Credit/input_Transaction ID'

2023-02-08 19:27:30 - [MESSAGE][PASSED] - Text '12124566' is set on object 'Object Repository/RecAndPlayBk/Page-Vlink-ACH-Credit/input_Transaction ID'

2023-02-08 19:27:30 - [TEST_STEP][PASSED] - setText(findTestObject("Object Repository/RecAndPlayBk/Page-Vlink-ACH-Credit/input_Amount"), amount): Text '12.50' is set on object 'Object Repository/RecAndPlayBk/Page-Vlink-ACH-Credit/input_Amount'

2023-02-08 19:27:31 - [MESSAGE][PASSED] - Text '12.50' is set on object 'Object Repository/RecAndPlayBk/Page-Vlink-ACH-Credit/input_Amount'

2023-02-08 19:27:31 - [TEST_STEP][PASSED] - setText(findTestObject("Object Repository/RecAndPlayBk/Page-Vlink-ACH-Credit/input_Standard Entry Class"), sec): Text 'WEB' is set on object 'Object Repository/RecAndPlayBk/Page-Vlink-ACH-Credit/input_Standard Entry Class'

2023-02-08 19:27:31 - [MESSAGE][PASSED] - Text 'WEB' is set on object 'Object Repository/RecAndPlayBk/Page-Vlink-ACH-Credit/input_Standard Entry Class'

2023-02-08 19:27:31 - [TEST_STEP][PASSED] - setText(findTestObject("Object Repository/RecAndPlayBk/Page-Vlink-ACH-Credit/input_Account Number"), acNumber): Text '12345678' is set on object 'Object Repository/RecAndPlayBk/Page-Vlink-ACH-Credit/input_Account Number'

2023-02-08 19:27:32 - [MESSAGE][PASSED] - Text '12345678' is set on object 'Object Repository/RecAndPlayBk/Page-Vlink-ACH-Credit/input_Account Number'

2023-02-08 19:27:32 - [TEST_STEP][PASSED] - setText(findTestObject("Object Repository/RecAndPlayBk/Page-Vlink-ACH-Credit/input_Routing Number"), rtn): Text '256072691' is set on object 'Object Repository/RecAndPlayBk/Page-Vlink-ACH-Credit/input_Routing Number'

2023-02-08 19:27:33 - [MESSAGE][PASSED] - Text '256072691' is set on object 'Object Repository/RecAndPlayBk/Page-Vlink-ACH-Credit/input_Routing Number'

2023-02-08 19:27:33 - [TEST_STEP][PASSED] - click(findTestObject("Object Repository/RecAndPlayBk/Page-Vlink-ACH-Credit/input")): Object: 'Object Repository/RecAndPlayBk/Page-Vlink-ACH-Credit/input' is clicked on

2023-02-08 19:27:33 - [MESSAGE][PASSED] - Object: 'Object Repository/RecAndPlayBk/Page-Vlink-ACH-Credit/input' is clicked on

2023-02-08 19:27:33 - [TEST_STEP][PASSED] - if (verifyTextPresent(errorMsg, true)): null

2023-02-08 19:27:33 - [MESSAGE][PASSED] - Text 'Invalid transaction type' is present on page  using regular expression

2023-02-08 19:27:33 - [TEST_STEP][PASSED] - println("Error Message is present on the Confirmation page"): null

2023-02-08 19:27:33 - [TEST_STEP][PASSED] - out.println("Pass Record Number: " + row): null

2023-02-08 19:27:33 - [TEST_STEP][PASSED] - resText = "Pass": null

2023-02-08 19:27:33 - [TEST_STEP][PASSED] - pages.WriteExcel.demoKey(resText, datText, resColumn, datCloumn, fileLoc, nameSheet, row): pages.WriteExcel.demoKey is PASSED

2023-02-08 19:27:34 - [MESSAGE][PASSED] - pages.WriteExcel.demoKey is PASSED

2023-02-08 19:27:34 - [TEST_STEP][PASSED] - ExecuteTC = findTestData(dataFile).getValue("Execute", row): null

2023-02-08 19:27:34 - [TEST_STEP][PASSED] - out.println("Value of Execute is : " + ExecuteTC): null

2023-02-08 19:27:34 - [TEST_STEP][PASSED] - if (ExecuteTC.equalsIgnoreCase("Y")): null

2023-02-08 19:27:34 - [TEST_STEP][PASSED] - out.println("Begin Record Number: " + row): null

2023-02-08 19:27:34 - [TEST_STEP][PASSED] - today = new java.util.Date(): null

2023-02-08 19:27:34 - [TEST_STEP][PASSED] - println(today): null

2023-02-08 19:27:34 - [TEST_STEP][PASSED] - datText = today: null

2023-02-08 19:27:34 - [TEST_STEP][PASSED] - appID = findTestData(dataFile).getValue("AppID", row): null

2023-02-08 19:27:34 - [TEST_STEP][PASSED] - username = findTestData(dataFile).getValue("Username", row): null

2023-02-08 19:27:34 - [TEST_STEP][PASSED] - password = findTestData(dataFile).getValue("Password", row): null

2023-02-08 19:27:34 - [TEST_STEP][PASSED] - errorMsg = findTestData(dataFile).getValue("ErrorMsg", row): null

2023-02-08 19:27:34 - [TEST_STEP][PASSED] - tranType = findTestData(dataFile).getValue("TranType", row): null

2023-02-08 19:27:34 - [TEST_STEP][PASSED] - mv = findTestData(dataFile).getValue("MV", row): null

2023-02-08 19:27:34 - [TEST_STEP][PASSED] - resFormat = findTestData(dataFile).getValue("ResFormat", row): null

2023-02-08 19:27:34 - [TEST_STEP][PASSED] - checkType = findTestData(dataFile).getValue("CheckType", row): null

2023-02-08 19:27:34 - [TEST_STEP][PASSED] - sec = findTestData(dataFile).getValue("SEC", row): null

2023-02-08 19:27:34 - [TEST_STEP][PASSED] - tranID = findTestData(dataFile).getValue("TranxID", row): null

2023-02-08 19:27:34 - [TEST_STEP][PASSED] - amount = findTestData(dataFile).getValue("Amount", row): null

2023-02-08 19:27:34 - [TEST_STEP][PASSED] - acNumber = findTestData(dataFile).getValue("AcNumber", row): null

2023-02-08 19:27:34 - [TEST_STEP][PASSED] - rtn = findTestData(dataFile).getValue("RTN", row): null

2023-02-08 19:27:35 - [TEST_STEP][PASSED] - openBrowser(VLinkURL + "ACH_credit.html"): Browser is opened with url: 'https://dev-algorithm.govolution.com/vlinktest/QA/version_2_0/ACH_credit.html'

2023-02-08 19:27:35 - [MESSAGE][WARNING] - A browser is already opened. Closing browser and opening a new one

2023-02-08 19:27:35 - [MESSAGE][INFO] - Starting 'Chrome' driver

2023-02-08 19:27:35 - [MESSAGE][INFO] - User set preference: ['acceptInsecureCerts', 'true']

2023-02-08 19:27:35 - [MESSAGE][INFO] - Action delay is set to 0 milliseconds

2023-02-08 19:27:37 - [MESSAGE][PASSED] - Browser is opened with url: 'https://dev-algorithm.govolution.com/vlinktest/QA/version_2_0/ACH_credit.html'

2023-02-08 19:27:37 - [TEST_STEP][PASSED] - maximizeWindow(): Current window maximized

2023-02-08 19:27:37 - [MESSAGE][PASSED] - Current window maximized

2023-02-08 19:27:37 - [TEST_STEP][PASSED] - setText(findTestObject("Object Repository/RecAndPlayBk/Page-Vlink-ACH-Credit/input_Transaction Type"), tranType): Text '200' is set on object 'Object Repository/RecAndPlayBk/Page-Vlink-ACH-Credit/input_Transaction Type'

2023-02-08 19:27:38 - [MESSAGE][PASSED] - Text '200' is set on object 'Object Repository/RecAndPlayBk/Page-Vlink-ACH-Credit/input_Transaction Type'

2023-02-08 19:27:38 - [TEST_STEP][PASSED] - setText(findTestObject("Object Repository/RecAndPlayBk/Page-Vlink-ACH-Credit/input_Message Version"), mv): Text '' is set on object 'Object Repository/RecAndPlayBk/Page-Vlink-ACH-Credit/input_Message Version'

2023-02-08 19:27:39 - [MESSAGE][PASSED] - Text '' is set on object 'Object Repository/RecAndPlayBk/Page-Vlink-ACH-Credit/input_Message Version'

2023-02-08 19:27:39 - [TEST_STEP][PASSED] - genRemID = RandomStringUtils.random(12, true, true): null

2023-02-08 19:27:39 - [TEST_STEP][PASSED] - setText(findTestObject("Object Repository/RecAndPlayBk/Page-Vlink-ACH-Credit/input_Remittance Id"), genRemID): Text 'z5P4PDJgWIrQ' is set on object 'Object Repository/RecAndPlayBk/Page-Vlink-ACH-Credit/input_Remittance Id'

2023-02-08 19:27:39 - [MESSAGE][PASSED] - Text 'z5P4PDJgWIrQ' is set on object 'Object Repository/RecAndPlayBk/Page-Vlink-ACH-Credit/input_Remittance Id'

2023-02-08 19:27:39 - [TEST_STEP][PASSED] - setText(findTestObject("Object Repository/RecAndPlayBk/Page-Vlink-ACH-Credit/input_Application Id"), appID): Text '234' is set on object 'Object Repository/RecAndPlayBk/Page-Vlink-ACH-Credit/input_Application Id'

2023-02-08 19:27:40 - [MESSAGE][PASSED] - Text '234' is set on object 'Object Repository/RecAndPlayBk/Page-Vlink-ACH-Credit/input_Application Id'

2023-02-08 19:27:40 - [TEST_STEP][PASSED] - setText(findTestObject("Object Repository/RecAndPlayBk/Page-Vlink-ACH-Credit/input_Username"), username): Text 'username' is set on object 'Object Repository/RecAndPlayBk/Page-Vlink-ACH-Credit/input_Username'

2023-02-08 19:27:40 - [MESSAGE][PASSED] - Text 'username' is set on object 'Object Repository/RecAndPlayBk/Page-Vlink-ACH-Credit/input_Username'

2023-02-08 19:27:40 - [TEST_STEP][PASSED] - setText(findTestObject("Object Repository/RecAndPlayBk/Page-Vlink-ACH-Credit/input_Password"), password): Text 'password' is set on object 'Object Repository/RecAndPlayBk/Page-Vlink-ACH-Credit/input_Password'

2023-02-08 19:27:41 - [MESSAGE][PASSED] - Text 'password' is set on object 'Object Repository/RecAndPlayBk/Page-Vlink-ACH-Credit/input_Password'

2023-02-08 19:27:41 - [TEST_STEP][PASSED] - setText(findTestObject("Object Repository/RecAndPlayBk/Page-Vlink-ACH-Credit/input_Response Format"), resFormat): Text 'fixed_width' is set on object 'Object Repository/RecAndPlayBk/Page-Vlink-ACH-Credit/input_Response Format'

2023-02-08 19:27:42 - [MESSAGE][PASSED] - Text 'fixed_width' is set on object 'Object Repository/RecAndPlayBk/Page-Vlink-ACH-Credit/input_Response Format'

2023-02-08 19:27:42 - [TEST_STEP][PASSED] - setText(findTestObject("Object Repository/RecAndPlayBk/Page-Vlink-ACH-Credit/input_Check Type"), checkType): Text 'P' is set on object 'Object Repository/RecAndPlayBk/Page-Vlink-ACH-Credit/input_Check Type'

2023-02-08 19:27:42 - [MESSAGE][PASSED] - Text 'P' is set on object 'Object Repository/RecAndPlayBk/Page-Vlink-ACH-Credit/input_Check Type'

2023-02-08 19:27:42 - [TEST_STEP][PASSED] - setText(findTestObject("Object Repository/RecAndPlayBk/Page-Vlink-ACH-Credit/input_Transaction ID"), tranID): Text '12124566' is set on object 'Object Repository/RecAndPlayBk/Page-Vlink-ACH-Credit/input_Transaction ID'

2023-02-08 19:27:43 - [MESSAGE][PASSED] - Text '12124566' is set on object 'Object Repository/RecAndPlayBk/Page-Vlink-ACH-Credit/input_Transaction ID'

2023-02-08 19:27:43 - [TEST_STEP][PASSED] - setText(findTestObject("Object Repository/RecAndPlayBk/Page-Vlink-ACH-Credit/input_Amount"), amount): Text '12.50' is set on object 'Object Repository/RecAndPlayBk/Page-Vlink-ACH-Credit/input_Amount'

2023-02-08 19:27:44 - [MESSAGE][PASSED] - Text '12.50' is set on object 'Object Repository/RecAndPlayBk/Page-Vlink-ACH-Credit/input_Amount'

2023-02-08 19:27:44 - [TEST_STEP][PASSED] - setText(findTestObject("Object Repository/RecAndPlayBk/Page-Vlink-ACH-Credit/input_Standard Entry Class"), sec): Text 'TEL' is set on object 'Object Repository/RecAndPlayBk/Page-Vlink-ACH-Credit/input_Standard Entry Class'

2023-02-08 19:27:44 - [MESSAGE][PASSED] - Text 'TEL' is set on object 'Object Repository/RecAndPlayBk/Page-Vlink-ACH-Credit/input_Standard Entry Class'

2023-02-08 19:27:44 - [TEST_STEP][PASSED] - setText(findTestObject("Object Repository/RecAndPlayBk/Page-Vlink-ACH-Credit/input_Account Number"), acNumber): Text '12345678' is set on object 'Object Repository/RecAndPlayBk/Page-Vlink-ACH-Credit/input_Account Number'

2023-02-08 19:27:45 - [MESSAGE][PASSED] - Text '12345678' is set on object 'Object Repository/RecAndPlayBk/Page-Vlink-ACH-Credit/input_Account Number'

2023-02-08 19:27:45 - [TEST_STEP][PASSED] - setText(findTestObject("Object Repository/RecAndPlayBk/Page-Vlink-ACH-Credit/input_Routing Number"), rtn): Text '256072691' is set on object 'Object Repository/RecAndPlayBk/Page-Vlink-ACH-Credit/input_Routing Number'

2023-02-08 19:27:45 - [MESSAGE][PASSED] - Text '256072691' is set on object 'Object Repository/RecAndPlayBk/Page-Vlink-ACH-Credit/input_Routing Number'

2023-02-08 19:27:45 - [TEST_STEP][PASSED] - click(findTestObject("Object Repository/RecAndPlayBk/Page-Vlink-ACH-Credit/input")): Object: 'Object Repository/RecAndPlayBk/Page-Vlink-ACH-Credit/input' is clicked on

2023-02-08 19:27:46 - [MESSAGE][PASSED] - Object: 'Object Repository/RecAndPlayBk/Page-Vlink-ACH-Credit/input' is clicked on

2023-02-08 19:27:46 - [TEST_STEP][PASSED] - if (verifyTextPresent(errorMsg, true)): null

2023-02-08 19:27:46 - [MESSAGE][PASSED] - Text 'Missing parameter: message_version' is present on page  using regular expression

2023-02-08 19:27:46 - [TEST_STEP][PASSED] - println("Error Message is present on the Confirmation page"): null

2023-02-08 19:27:46 - [TEST_STEP][PASSED] - out.println("Pass Record Number: " + row): null

2023-02-08 19:27:46 - [TEST_STEP][PASSED] - resText = "Pass": null

2023-02-08 19:27:46 - [TEST_STEP][PASSED] - pages.WriteExcel.demoKey(resText, datText, resColumn, datCloumn, fileLoc, nameSheet, row): pages.WriteExcel.demoKey is PASSED

2023-02-08 19:27:46 - [MESSAGE][PASSED] - pages.WriteExcel.demoKey is PASSED

2023-02-08 19:27:46 - [TEST_STEP][PASSED] - ExecuteTC = findTestData(dataFile).getValue("Execute", row): null

2023-02-08 19:27:46 - [TEST_STEP][PASSED] - out.println("Value of Execute is : " + ExecuteTC): null

2023-02-08 19:27:46 - [TEST_STEP][PASSED] - if (ExecuteTC.equalsIgnoreCase("Y")): null

2023-02-08 19:27:46 - [TEST_STEP][PASSED] - out.println("Begin Record Number: " + row): null

2023-02-08 19:27:46 - [TEST_STEP][PASSED] - today = new java.util.Date(): null

2023-02-08 19:27:46 - [TEST_STEP][PASSED] - println(today): null

2023-02-08 19:27:46 - [TEST_STEP][PASSED] - datText = today: null

2023-02-08 19:27:46 - [TEST_STEP][PASSED] - appID = findTestData(dataFile).getValue("AppID", row): null

2023-02-08 19:27:46 - [TEST_STEP][PASSED] - username = findTestData(dataFile).getValue("Username", row): null

2023-02-08 19:27:47 - [TEST_STEP][PASSED] - password = findTestData(dataFile).getValue("Password", row): null

2023-02-08 19:27:47 - [TEST_STEP][PASSED] - errorMsg = findTestData(dataFile).getValue("ErrorMsg", row): null

2023-02-08 19:27:47 - [TEST_STEP][PASSED] - tranType = findTestData(dataFile).getValue("TranType", row): null

2023-02-08 19:27:47 - [TEST_STEP][PASSED] - mv = findTestData(dataFile).getValue("MV", row): null

2023-02-08 19:27:47 - [TEST_STEP][PASSED] - resFormat = findTestData(dataFile).getValue("ResFormat", row): null

2023-02-08 19:27:47 - [TEST_STEP][PASSED] - checkType = findTestData(dataFile).getValue("CheckType", row): null

2023-02-08 19:27:47 - [TEST_STEP][PASSED] - sec = findTestData(dataFile).getValue("SEC", row): null

2023-02-08 19:27:47 - [TEST_STEP][PASSED] - tranID = findTestData(dataFile).getValue("TranxID", row): null

2023-02-08 19:27:47 - [TEST_STEP][PASSED] - amount = findTestData(dataFile).getValue("Amount", row): null

2023-02-08 19:27:47 - [TEST_STEP][PASSED] - acNumber = findTestData(dataFile).getValue("AcNumber", row): null

2023-02-08 19:27:47 - [TEST_STEP][PASSED] - rtn = findTestData(dataFile).getValue("RTN", row): null

2023-02-08 19:27:47 - [TEST_STEP][PASSED] - openBrowser(VLinkURL + "ACH_credit.html"): Browser is opened with url: 'https://dev-algorithm.govolution.com/vlinktest/QA/version_2_0/ACH_credit.html'

2023-02-08 19:27:47 - [MESSAGE][WARNING] - A browser is already opened. Closing browser and opening a new one

2023-02-08 19:27:48 - [MESSAGE][INFO] - Starting 'Chrome' driver

2023-02-08 19:27:48 - [MESSAGE][INFO] - User set preference: ['acceptInsecureCerts', 'true']

2023-02-08 19:27:48 - [MESSAGE][INFO] - Action delay is set to 0 milliseconds

2023-02-08 19:27:50 - [MESSAGE][PASSED] - Browser is opened with url: 'https://dev-algorithm.govolution.com/vlinktest/QA/version_2_0/ACH_credit.html'

2023-02-08 19:27:50 - [TEST_STEP][PASSED] - maximizeWindow(): Current window maximized

2023-02-08 19:27:50 - [MESSAGE][PASSED] - Current window maximized

2023-02-08 19:27:50 - [TEST_STEP][PASSED] - setText(findTestObject("Object Repository/RecAndPlayBk/Page-Vlink-ACH-Credit/input_Transaction Type"), tranType): Text '200' is set on object 'Object Repository/RecAndPlayBk/Page-Vlink-ACH-Credit/input_Transaction Type'

2023-02-08 19:27:51 - [MESSAGE][PASSED] - Text '200' is set on object 'Object Repository/RecAndPlayBk/Page-Vlink-ACH-Credit/input_Transaction Type'

2023-02-08 19:27:51 - [TEST_STEP][PASSED] - setText(findTestObject("Object Repository/RecAndPlayBk/Page-Vlink-ACH-Credit/input_Message Version"), mv): Text '2.0A' is set on object 'Object Repository/RecAndPlayBk/Page-Vlink-ACH-Credit/input_Message Version'

2023-02-08 19:27:51 - [MESSAGE][PASSED] - Text '2.0A' is set on object 'Object Repository/RecAndPlayBk/Page-Vlink-ACH-Credit/input_Message Version'

2023-02-08 19:27:51 - [TEST_STEP][PASSED] - genRemID = RandomStringUtils.random(12, true, true): null

2023-02-08 19:27:51 - [TEST_STEP][PASSED] - setText(findTestObject("Object Repository/RecAndPlayBk/Page-Vlink-ACH-Credit/input_Remittance Id"), genRemID): Text 'CL7od9lJsf1K' is set on object 'Object Repository/RecAndPlayBk/Page-Vlink-ACH-Credit/input_Remittance Id'

2023-02-08 19:27:52 - [MESSAGE][PASSED] - Text 'CL7od9lJsf1K' is set on object 'Object Repository/RecAndPlayBk/Page-Vlink-ACH-Credit/input_Remittance Id'

2023-02-08 19:27:52 - [TEST_STEP][PASSED] - setText(findTestObject("Object Repository/RecAndPlayBk/Page-Vlink-ACH-Credit/input_Application Id"), appID): Text '' is set on object 'Object Repository/RecAndPlayBk/Page-Vlink-ACH-Credit/input_Application Id'

2023-02-08 19:27:52 - [MESSAGE][PASSED] - Text '' is set on object 'Object Repository/RecAndPlayBk/Page-Vlink-ACH-Credit/input_Application Id'

2023-02-08 19:27:52 - [TEST_STEP][PASSED] - setText(findTestObject("Object Repository/RecAndPlayBk/Page-Vlink-ACH-Credit/input_Username"), username): Text 'username' is set on object 'Object Repository/RecAndPlayBk/Page-Vlink-ACH-Credit/input_Username'

2023-02-08 19:27:53 - [MESSAGE][PASSED] - Text 'username' is set on object 'Object Repository/RecAndPlayBk/Page-Vlink-ACH-Credit/input_Username'

2023-02-08 19:27:53 - [TEST_STEP][PASSED] - setText(findTestObject("Object Repository/RecAndPlayBk/Page-Vlink-ACH-Credit/input_Password"), password): Text 'password' is set on object 'Object Repository/RecAndPlayBk/Page-Vlink-ACH-Credit/input_Password'

2023-02-08 19:27:54 - [MESSAGE][PASSED] - Text 'password' is set on object 'Object Repository/RecAndPlayBk/Page-Vlink-ACH-Credit/input_Password'

2023-02-08 19:27:54 - [TEST_STEP][PASSED] - setText(findTestObject("Object Repository/RecAndPlayBk/Page-Vlink-ACH-Credit/input_Response Format"), resFormat): Text 'fixed_width' is set on object 'Object Repository/RecAndPlayBk/Page-Vlink-ACH-Credit/input_Response Format'

2023-02-08 19:27:54 - [MESSAGE][PASSED] - Text 'fixed_width' is set on object 'Object Repository/RecAndPlayBk/Page-Vlink-ACH-Credit/input_Response Format'

2023-02-08 19:27:54 - [TEST_STEP][PASSED] - setText(findTestObject("Object Repository/RecAndPlayBk/Page-Vlink-ACH-Credit/input_Check Type"), checkType): Text 'P' is set on object 'Object Repository/RecAndPlayBk/Page-Vlink-ACH-Credit/input_Check Type'

2023-02-08 19:27:55 - [MESSAGE][PASSED] - Text 'P' is set on object 'Object Repository/RecAndPlayBk/Page-Vlink-ACH-Credit/input_Check Type'

2023-02-08 19:27:55 - [TEST_STEP][PASSED] - setText(findTestObject("Object Repository/RecAndPlayBk/Page-Vlink-ACH-Credit/input_Transaction ID"), tranID): Text '12124566' is set on object 'Object Repository/RecAndPlayBk/Page-Vlink-ACH-Credit/input_Transaction ID'

2023-02-08 19:27:56 - [MESSAGE][PASSED] - Text '12124566' is set on object 'Object Repository/RecAndPlayBk/Page-Vlink-ACH-Credit/input_Transaction ID'

2023-02-08 19:27:56 - [TEST_STEP][PASSED] - setText(findTestObject("Object Repository/RecAndPlayBk/Page-Vlink-ACH-Credit/input_Amount"), amount): Text '12.50' is set on object 'Object Repository/RecAndPlayBk/Page-Vlink-ACH-Credit/input_Amount'

2023-02-08 19:27:56 - [MESSAGE][PASSED] - Text '12.50' is set on object 'Object Repository/RecAndPlayBk/Page-Vlink-ACH-Credit/input_Amount'

2023-02-08 19:27:56 - [TEST_STEP][PASSED] - setText(findTestObject("Object Repository/RecAndPlayBk/Page-Vlink-ACH-Credit/input_Standard Entry Class"), sec): Text 'PPD' is set on object 'Object Repository/RecAndPlayBk/Page-Vlink-ACH-Credit/input_Standard Entry Class'

2023-02-08 19:27:57 - [MESSAGE][PASSED] - Text 'PPD' is set on object 'Object Repository/RecAndPlayBk/Page-Vlink-ACH-Credit/input_Standard Entry Class'

2023-02-08 19:27:57 - [TEST_STEP][PASSED] - setText(findTestObject("Object Repository/RecAndPlayBk/Page-Vlink-ACH-Credit/input_Account Number"), acNumber): Text '12345678' is set on object 'Object Repository/RecAndPlayBk/Page-Vlink-ACH-Credit/input_Account Number'

2023-02-08 19:27:57 - [MESSAGE][PASSED] - Text '12345678' is set on object 'Object Repository/RecAndPlayBk/Page-Vlink-ACH-Credit/input_Account Number'

2023-02-08 19:27:57 - [TEST_STEP][PASSED] - setText(findTestObject("Object Repository/RecAndPlayBk/Page-Vlink-ACH-Credit/input_Routing Number"), rtn): Text '256072691' is set on object 'Object Repository/RecAndPlayBk/Page-Vlink-ACH-Credit/input_Routing Number'

2023-02-08 19:27:58 - [MESSAGE][PASSED] - Text '256072691' is set on object 'Object Repository/RecAndPlayBk/Page-Vlink-ACH-Credit/input_Routing Number'

2023-02-08 19:27:58 - [TEST_STEP][PASSED] - click(findTestObject("Object Repository/RecAndPlayBk/Page-Vlink-ACH-Credit/input")): Object: 'Object Repository/RecAndPlayBk/Page-Vlink-ACH-Credit/input' is clicked on

2023-02-08 19:27:59 - [MESSAGE][PASSED] - Object: 'Object Repository/RecAndPlayBk/Page-Vlink-ACH-Credit/input' is clicked on

2023-02-08 19:27:59 - [TEST_STEP][PASSED] - if (verifyTextPresent(errorMsg, true)): null

2023-02-08 19:27:59 - [MESSAGE][PASSED] - Text 'Missing parameter: application_id' is present on page  using regular expression

2023-02-08 19:27:59 - [TEST_STEP][PASSED] - println("Error Message is present on the Confirmation page"): null

2023-02-08 19:27:59 - [TEST_STEP][PASSED] - out.println("Pass Record Number: " + row): null

2023-02-08 19:27:59 - [TEST_STEP][PASSED] - resText = "Pass": null

2023-02-08 19:27:59 - [TEST_STEP][PASSED] - pages.WriteExcel.demoKey(resText, datText, resColumn, datCloumn, fileLoc, nameSheet, row): pages.WriteExcel.demoKey is PASSED

2023-02-08 19:27:59 - [MESSAGE][PASSED] - pages.WriteExcel.demoKey is PASSED

2023-02-08 19:27:59 - [TEST_STEP][PASSED] - ExecuteTC = findTestData(dataFile).getValue("Execute", row): null

2023-02-08 19:27:59 - [TEST_STEP][PASSED] - out.println("Value of Execute is : " + ExecuteTC): null

2023-02-08 19:27:59 - [TEST_STEP][PASSED] - if (ExecuteTC.equalsIgnoreCase("Y")): null

2023-02-08 19:27:59 - [TEST_STEP][PASSED] - out.println("Begin Record Number: " + row): null

2023-02-08 19:27:59 - [TEST_STEP][PASSED] - today = new java.util.Date(): null

2023-02-08 19:27:59 - [TEST_STEP][PASSED] - println(today): null

2023-02-08 19:27:59 - [TEST_STEP][PASSED] - datText = today: null

2023-02-08 19:27:59 - [TEST_STEP][PASSED] - appID = findTestData(dataFile).getValue("AppID", row): null

2023-02-08 19:27:59 - [TEST_STEP][PASSED] - username = findTestData(dataFile).getValue("Username", row): null

2023-02-08 19:27:59 - [TEST_STEP][PASSED] - password = findTestData(dataFile).getValue("Password", row): null

2023-02-08 19:27:59 - [TEST_STEP][PASSED] - errorMsg = findTestData(dataFile).getValue("ErrorMsg", row): null

2023-02-08 19:27:59 - [TEST_STEP][PASSED] - tranType = findTestData(dataFile).getValue("TranType", row): null

2023-02-08 19:27:59 - [TEST_STEP][PASSED] - mv = findTestData(dataFile).getValue("MV", row): null

2023-02-08 19:28:00 - [TEST_STEP][PASSED] - resFormat = findTestData(dataFile).getValue("ResFormat", row): null

2023-02-08 19:28:00 - [TEST_STEP][PASSED] - checkType = findTestData(dataFile).getValue("CheckType", row): null

2023-02-08 19:28:00 - [TEST_STEP][PASSED] - sec = findTestData(dataFile).getValue("SEC", row): null

2023-02-08 19:28:00 - [TEST_STEP][PASSED] - tranID = findTestData(dataFile).getValue("TranxID", row): null

2023-02-08 19:28:00 - [TEST_STEP][PASSED] - amount = findTestData(dataFile).getValue("Amount", row): null

2023-02-08 19:28:00 - [TEST_STEP][PASSED] - acNumber = findTestData(dataFile).getValue("AcNumber", row): null

2023-02-08 19:28:00 - [TEST_STEP][PASSED] - rtn = findTestData(dataFile).getValue("RTN", row): null

2023-02-08 19:28:00 - [TEST_STEP][PASSED] - openBrowser(VLinkURL + "ACH_credit.html"): Browser is opened with url: 'https://dev-algorithm.govolution.com/vlinktest/QA/version_2_0/ACH_credit.html'

2023-02-08 19:28:00 - [MESSAGE][WARNING] - A browser is already opened. Closing browser and opening a new one

2023-02-08 19:28:01 - [MESSAGE][INFO] - Starting 'Chrome' driver

2023-02-08 19:28:01 - [MESSAGE][INFO] - User set preference: ['acceptInsecureCerts', 'true']

2023-02-08 19:28:01 - [MESSAGE][INFO] - Action delay is set to 0 milliseconds

2023-02-08 19:28:03 - [MESSAGE][PASSED] - Browser is opened with url: 'https://dev-algorithm.govolution.com/vlinktest/QA/version_2_0/ACH_credit.html'

2023-02-08 19:28:03 - [TEST_STEP][PASSED] - maximizeWindow(): Current window maximized

2023-02-08 19:28:03 - [MESSAGE][PASSED] - Current window maximized

2023-02-08 19:28:03 - [TEST_STEP][PASSED] - setText(findTestObject("Object Repository/RecAndPlayBk/Page-Vlink-ACH-Credit/input_Transaction Type"), tranType): Text '200' is set on object 'Object Repository/RecAndPlayBk/Page-Vlink-ACH-Credit/input_Transaction Type'

2023-02-08 19:28:03 - [MESSAGE][PASSED] - Text '200' is set on object 'Object Repository/RecAndPlayBk/Page-Vlink-ACH-Credit/input_Transaction Type'

2023-02-08 19:28:03 - [TEST_STEP][PASSED] - setText(findTestObject("Object Repository/RecAndPlayBk/Page-Vlink-ACH-Credit/input_Message Version"), mv): Text '2.0A' is set on object 'Object Repository/RecAndPlayBk/Page-Vlink-ACH-Credit/input_Message Version'

2023-02-08 19:28:04 - [MESSAGE][PASSED] - Text '2.0A' is set on object 'Object Repository/RecAndPlayBk/Page-Vlink-ACH-Credit/input_Message Version'

2023-02-08 19:28:04 - [TEST_STEP][PASSED] - genRemID = RandomStringUtils.random(12, true, true): null

2023-02-08 19:28:04 - [TEST_STEP][PASSED] - setText(findTestObject("Object Repository/RecAndPlayBk/Page-Vlink-ACH-Credit/input_Remittance Id"), genRemID): Text 'VugfUWkAtGGk' is set on object 'Object Repository/RecAndPlayBk/Page-Vlink-ACH-Credit/input_Remittance Id'

2023-02-08 19:28:05 - [MESSAGE][PASSED] - Text 'VugfUWkAtGGk' is set on object 'Object Repository/RecAndPlayBk/Page-Vlink-ACH-Credit/input_Remittance Id'

2023-02-08 19:28:05 - [TEST_STEP][PASSED] - setText(findTestObject("Object Repository/RecAndPlayBk/Page-Vlink-ACH-Credit/input_Application Id"), appID): Text '234' is set on object 'Object Repository/RecAndPlayBk/Page-Vlink-ACH-Credit/input_Application Id'

2023-02-08 19:28:05 - [MESSAGE][PASSED] - Text '234' is set on object 'Object Repository/RecAndPlayBk/Page-Vlink-ACH-Credit/input_Application Id'

2023-02-08 19:28:05 - [TEST_STEP][PASSED] - setText(findTestObject("Object Repository/RecAndPlayBk/Page-Vlink-ACH-Credit/input_Username"), username): Text '' is set on object 'Object Repository/RecAndPlayBk/Page-Vlink-ACH-Credit/input_Username'

2023-02-08 19:28:06 - [MESSAGE][PASSED] - Text '' is set on object 'Object Repository/RecAndPlayBk/Page-Vlink-ACH-Credit/input_Username'

2023-02-08 19:28:06 - [TEST_STEP][PASSED] - setText(findTestObject("Object Repository/RecAndPlayBk/Page-Vlink-ACH-Credit/input_Password"), password): Text 'password' is set on object 'Object Repository/RecAndPlayBk/Page-Vlink-ACH-Credit/input_Password'

2023-02-08 19:28:07 - [MESSAGE][PASSED] - Text 'password' is set on object 'Object Repository/RecAndPlayBk/Page-Vlink-ACH-Credit/input_Password'

2023-02-08 19:28:07 - [TEST_STEP][PASSED] - setText(findTestObject("Object Repository/RecAndPlayBk/Page-Vlink-ACH-Credit/input_Response Format"), resFormat): Text 'fixed_width' is set on object 'Object Repository/RecAndPlayBk/Page-Vlink-ACH-Credit/input_Response Format'

2023-02-08 19:28:07 - [MESSAGE][PASSED] - Text 'fixed_width' is set on object 'Object Repository/RecAndPlayBk/Page-Vlink-ACH-Credit/input_Response Format'

2023-02-08 19:28:07 - [TEST_STEP][PASSED] - setText(findTestObject("Object Repository/RecAndPlayBk/Page-Vlink-ACH-Credit/input_Check Type"), checkType): Text 'P' is set on object 'Object Repository/RecAndPlayBk/Page-Vlink-ACH-Credit/input_Check Type'

2023-02-08 19:28:08 - [MESSAGE][PASSED] - Text 'P' is set on object 'Object Repository/RecAndPlayBk/Page-Vlink-ACH-Credit/input_Check Type'

2023-02-08 19:28:08 - [TEST_STEP][PASSED] - setText(findTestObject("Object Repository/RecAndPlayBk/Page-Vlink-ACH-Credit/input_Transaction ID"), tranID): Text '12124566' is set on object 'Object Repository/RecAndPlayBk/Page-Vlink-ACH-Credit/input_Transaction ID'

2023-02-08 19:28:08 - [MESSAGE][PASSED] - Text '12124566' is set on object 'Object Repository/RecAndPlayBk/Page-Vlink-ACH-Credit/input_Transaction ID'

2023-02-08 19:28:08 - [TEST_STEP][PASSED] - setText(findTestObject("Object Repository/RecAndPlayBk/Page-Vlink-ACH-Credit/input_Amount"), amount): Text '12.50' is set on object 'Object Repository/RecAndPlayBk/Page-Vlink-ACH-Credit/input_Amount'

2023-02-08 19:28:09 - [MESSAGE][PASSED] - Text '12.50' is set on object 'Object Repository/RecAndPlayBk/Page-Vlink-ACH-Credit/input_Amount'

2023-02-08 19:28:09 - [TEST_STEP][PASSED] - setText(findTestObject("Object Repository/RecAndPlayBk/Page-Vlink-ACH-Credit/input_Standard Entry Class"), sec): Text 'WEB' is set on object 'Object Repository/RecAndPlayBk/Page-Vlink-ACH-Credit/input_Standard Entry Class'

2023-02-08 19:28:10 - [MESSAGE][PASSED] - Text 'WEB' is set on object 'Object Repository/RecAndPlayBk/Page-Vlink-ACH-Credit/input_Standard Entry Class'

2023-02-08 19:28:10 - [TEST_STEP][PASSED] - setText(findTestObject("Object Repository/RecAndPlayBk/Page-Vlink-ACH-Credit/input_Account Number"), acNumber): Text '12345678' is set on object 'Object Repository/RecAndPlayBk/Page-Vlink-ACH-Credit/input_Account Number'

2023-02-08 19:28:10 - [MESSAGE][PASSED] - Text '12345678' is set on object 'Object Repository/RecAndPlayBk/Page-Vlink-ACH-Credit/input_Account Number'

2023-02-08 19:28:10 - [TEST_STEP][PASSED] - setText(findTestObject("Object Repository/RecAndPlayBk/Page-Vlink-ACH-Credit/input_Routing Number"), rtn): Text '256072691' is set on object 'Object Repository/RecAndPlayBk/Page-Vlink-ACH-Credit/input_Routing Number'

2023-02-08 19:28:11 - [MESSAGE][PASSED] - Text '256072691' is set on object 'Object Repository/RecAndPlayBk/Page-Vlink-ACH-Credit/input_Routing Number'

2023-02-08 19:28:11 - [TEST_STEP][PASSED] - click(findTestObject("Object Repository/RecAndPlayBk/Page-Vlink-ACH-Credit/input")): Object: 'Object Repository/RecAndPlayBk/Page-Vlink-ACH-Credit/input' is clicked on

2023-02-08 19:28:12 - [MESSAGE][PASSED] - Object: 'Object Repository/RecAndPlayBk/Page-Vlink-ACH-Credit/input' is clicked on

2023-02-08 19:28:12 - [TEST_STEP][PASSED] - if (verifyTextPresent(errorMsg, true)): null

2023-02-08 19:28:12 - [MESSAGE][PASSED] - Text 'Signon authentication error' is present on page  using regular expression

2023-02-08 19:28:12 - [TEST_STEP][PASSED] - println("Error Message is present on the Confirmation page"): null

2023-02-08 19:28:12 - [TEST_STEP][PASSED] - out.println("Pass Record Number: " + row): null

2023-02-08 19:28:12 - [TEST_STEP][PASSED] - resText = "Pass": null

2023-02-08 19:28:12 - [TEST_STEP][PASSED] - pages.WriteExcel.demoKey(resText, datText, resColumn, datCloumn, fileLoc, nameSheet, row): pages.WriteExcel.demoKey is PASSED

2023-02-08 19:28:12 - [MESSAGE][PASSED] - pages.WriteExcel.demoKey is PASSED

2023-02-08 19:28:12 - [TEST_STEP][PASSED] - ExecuteTC = findTestData(dataFile).getValue("Execute", row): null

2023-02-08 19:28:12 - [TEST_STEP][PASSED] - out.println("Value of Execute is : " + ExecuteTC): null

2023-02-08 19:28:12 - [TEST_STEP][PASSED] - if (ExecuteTC.equalsIgnoreCase("Y")): null

2023-02-08 19:28:12 - [TEST_STEP][PASSED] - out.println("Begin Record Number: " + row): null

2023-02-08 19:28:12 - [TEST_STEP][PASSED] - today = new java.util.Date(): null

2023-02-08 19:28:12 - [TEST_STEP][PASSED] - println(today): null

2023-02-08 19:28:12 - [TEST_STEP][PASSED] - datText = today: null

2023-02-08 19:28:12 - [TEST_STEP][PASSED] - appID = findTestData(dataFile).getValue("AppID", row): null

2023-02-08 19:28:12 - [TEST_STEP][PASSED] - username = findTestData(dataFile).getValue("Username", row): null

2023-02-08 19:28:12 - [TEST_STEP][PASSED] - password = findTestData(dataFile).getValue("Password", row): null

2023-02-08 19:28:12 - [TEST_STEP][PASSED] - errorMsg = findTestData(dataFile).getValue("ErrorMsg", row): null

2023-02-08 19:28:12 - [TEST_STEP][PASSED] - tranType = findTestData(dataFile).getValue("TranType", row): null

2023-02-08 19:28:12 - [TEST_STEP][PASSED] - mv = findTestData(dataFile).getValue("MV", row): null

2023-02-08 19:28:12 - [TEST_STEP][PASSED] - resFormat = findTestData(dataFile).getValue("ResFormat", row): null

2023-02-08 19:28:12 - [TEST_STEP][PASSED] - checkType = findTestData(dataFile).getValue("CheckType", row): null

2023-02-08 19:28:12 - [TEST_STEP][PASSED] - sec = findTestData(dataFile).getValue("SEC", row): null

2023-02-08 19:28:13 - [TEST_STEP][PASSED] - tranID = findTestData(dataFile).getValue("TranxID", row): null

2023-02-08 19:28:13 - [TEST_STEP][PASSED] - amount = findTestData(dataFile).getValue("Amount", row): null

2023-02-08 19:28:13 - [TEST_STEP][PASSED] - acNumber = findTestData(dataFile).getValue("AcNumber", row): null

2023-02-08 19:28:13 - [TEST_STEP][PASSED] - rtn = findTestData(dataFile).getValue("RTN", row): null

2023-02-08 19:28:13 - [TEST_STEP][PASSED] - openBrowser(VLinkURL + "ACH_credit.html"): Browser is opened with url: 'https://dev-algorithm.govolution.com/vlinktest/QA/version_2_0/ACH_credit.html'

2023-02-08 19:28:13 - [MESSAGE][WARNING] - A browser is already opened. Closing browser and opening a new one

2023-02-08 19:28:14 - [MESSAGE][INFO] - Starting 'Chrome' driver

2023-02-08 19:28:14 - [MESSAGE][INFO] - User set preference: ['acceptInsecureCerts', 'true']

2023-02-08 19:28:14 - [MESSAGE][INFO] - Action delay is set to 0 milliseconds

2023-02-08 19:28:15 - [MESSAGE][PASSED] - Browser is opened with url: 'https://dev-algorithm.govolution.com/vlinktest/QA/version_2_0/ACH_credit.html'

2023-02-08 19:28:15 - [TEST_STEP][PASSED] - maximizeWindow(): Current window maximized

2023-02-08 19:28:16 - [MESSAGE][PASSED] - Current window maximized

2023-02-08 19:28:16 - [TEST_STEP][PASSED] - setText(findTestObject("Object Repository/RecAndPlayBk/Page-Vlink-ACH-Credit/input_Transaction Type"), tranType): Text '200' is set on object 'Object Repository/RecAndPlayBk/Page-Vlink-ACH-Credit/input_Transaction Type'

2023-02-08 19:28:16 - [MESSAGE][PASSED] - Text '200' is set on object 'Object Repository/RecAndPlayBk/Page-Vlink-ACH-Credit/input_Transaction Type'

2023-02-08 19:28:16 - [TEST_STEP][PASSED] - setText(findTestObject("Object Repository/RecAndPlayBk/Page-Vlink-ACH-Credit/input_Message Version"), mv): Text '2.0A' is set on object 'Object Repository/RecAndPlayBk/Page-Vlink-ACH-Credit/input_Message Version'

2023-02-08 19:28:17 - [MESSAGE][PASSED] - Text '2.0A' is set on object 'Object Repository/RecAndPlayBk/Page-Vlink-ACH-Credit/input_Message Version'

2023-02-08 19:28:17 - [TEST_STEP][PASSED] - genRemID = RandomStringUtils.random(12, true, true): null

2023-02-08 19:28:17 - [TEST_STEP][PASSED] - setText(findTestObject("Object Repository/RecAndPlayBk/Page-Vlink-ACH-Credit/input_Remittance Id"), genRemID): Text 'wB1RZ85xoASU' is set on object 'Object Repository/RecAndPlayBk/Page-Vlink-ACH-Credit/input_Remittance Id'

2023-02-08 19:28:17 - [MESSAGE][PASSED] - Text 'wB1RZ85xoASU' is set on object 'Object Repository/RecAndPlayBk/Page-Vlink-ACH-Credit/input_Remittance Id'

2023-02-08 19:28:17 - [TEST_STEP][PASSED] - setText(findTestObject("Object Repository/RecAndPlayBk/Page-Vlink-ACH-Credit/input_Application Id"), appID): Text '234' is set on object 'Object Repository/RecAndPlayBk/Page-Vlink-ACH-Credit/input_Application Id'

2023-02-08 19:28:18 - [MESSAGE][PASSED] - Text '234' is set on object 'Object Repository/RecAndPlayBk/Page-Vlink-ACH-Credit/input_Application Id'

2023-02-08 19:28:18 - [TEST_STEP][PASSED] - setText(findTestObject("Object Repository/RecAndPlayBk/Page-Vlink-ACH-Credit/input_Username"), username): Text 'username' is set on object 'Object Repository/RecAndPlayBk/Page-Vlink-ACH-Credit/input_Username'

2023-02-08 19:28:19 - [MESSAGE][PASSED] - Text 'username' is set on object 'Object Repository/RecAndPlayBk/Page-Vlink-ACH-Credit/input_Username'

2023-02-08 19:28:19 - [TEST_STEP][PASSED] - setText(findTestObject("Object Repository/RecAndPlayBk/Page-Vlink-ACH-Credit/input_Password"), password): Text '' is set on object 'Object Repository/RecAndPlayBk/Page-Vlink-ACH-Credit/input_Password'

2023-02-08 19:28:19 - [MESSAGE][PASSED] - Text '' is set on object 'Object Repository/RecAndPlayBk/Page-Vlink-ACH-Credit/input_Password'

2023-02-08 19:28:19 - [TEST_STEP][PASSED] - setText(findTestObject("Object Repository/RecAndPlayBk/Page-Vlink-ACH-Credit/input_Response Format"), resFormat): Text 'fixed_width' is set on object 'Object Repository/RecAndPlayBk/Page-Vlink-ACH-Credit/input_Response Format'

2023-02-08 19:28:20 - [MESSAGE][PASSED] - Text 'fixed_width' is set on object 'Object Repository/RecAndPlayBk/Page-Vlink-ACH-Credit/input_Response Format'

2023-02-08 19:28:20 - [TEST_STEP][PASSED] - setText(findTestObject("Object Repository/RecAndPlayBk/Page-Vlink-ACH-Credit/input_Check Type"), checkType): Text 'P' is set on object 'Object Repository/RecAndPlayBk/Page-Vlink-ACH-Credit/input_Check Type'

2023-02-08 19:28:21 - [MESSAGE][PASSED] - Text 'P' is set on object 'Object Repository/RecAndPlayBk/Page-Vlink-ACH-Credit/input_Check Type'

2023-02-08 19:28:21 - [TEST_STEP][PASSED] - setText(findTestObject("Object Repository/RecAndPlayBk/Page-Vlink-ACH-Credit/input_Transaction ID"), tranID): Text '12124566' is set on object 'Object Repository/RecAndPlayBk/Page-Vlink-ACH-Credit/input_Transaction ID'

2023-02-08 19:28:21 - [MESSAGE][PASSED] - Text '12124566' is set on object 'Object Repository/RecAndPlayBk/Page-Vlink-ACH-Credit/input_Transaction ID'

2023-02-08 19:28:21 - [TEST_STEP][PASSED] - setText(findTestObject("Object Repository/RecAndPlayBk/Page-Vlink-ACH-Credit/input_Amount"), amount): Text '12.50' is set on object 'Object Repository/RecAndPlayBk/Page-Vlink-ACH-Credit/input_Amount'

2023-02-08 19:28:22 - [MESSAGE][PASSED] - Text '12.50' is set on object 'Object Repository/RecAndPlayBk/Page-Vlink-ACH-Credit/input_Amount'

2023-02-08 19:28:22 - [TEST_STEP][PASSED] - setText(findTestObject("Object Repository/RecAndPlayBk/Page-Vlink-ACH-Credit/input_Standard Entry Class"), sec): Text 'TEL' is set on object 'Object Repository/RecAndPlayBk/Page-Vlink-ACH-Credit/input_Standard Entry Class'

2023-02-08 19:28:22 - [MESSAGE][PASSED] - Text 'TEL' is set on object 'Object Repository/RecAndPlayBk/Page-Vlink-ACH-Credit/input_Standard Entry Class'

2023-02-08 19:28:22 - [TEST_STEP][PASSED] - setText(findTestObject("Object Repository/RecAndPlayBk/Page-Vlink-ACH-Credit/input_Account Number"), acNumber): Text '12345678' is set on object 'Object Repository/RecAndPlayBk/Page-Vlink-ACH-Credit/input_Account Number'

2023-02-08 19:28:23 - [MESSAGE][PASSED] - Text '12345678' is set on object 'Object Repository/RecAndPlayBk/Page-Vlink-ACH-Credit/input_Account Number'

2023-02-08 19:28:23 - [TEST_STEP][PASSED] - setText(findTestObject("Object Repository/RecAndPlayBk/Page-Vlink-ACH-Credit/input_Routing Number"), rtn): Text '256072691' is set on object 'Object Repository/RecAndPlayBk/Page-Vlink-ACH-Credit/input_Routing Number'

2023-02-08 19:28:24 - [MESSAGE][PASSED] - Text '256072691' is set on object 'Object Repository/RecAndPlayBk/Page-Vlink-ACH-Credit/input_Routing Number'

2023-02-08 19:28:24 - [TEST_STEP][PASSED] - click(findTestObject("Object Repository/RecAndPlayBk/Page-Vlink-ACH-Credit/input")): Object: 'Object Repository/RecAndPlayBk/Page-Vlink-ACH-Credit/input' is clicked on

2023-02-08 19:28:24 - [MESSAGE][PASSED] - Object: 'Object Repository/RecAndPlayBk/Page-Vlink-ACH-Credit/input' is clicked on

2023-02-08 19:28:24 - [TEST_STEP][PASSED] - if (verifyTextPresent(errorMsg, true)): null

2023-02-08 19:28:25 - [MESSAGE][PASSED] - Text 'Signon authentication error' is present on page  using regular expression

2023-02-08 19:28:25 - [TEST_STEP][PASSED] - println("Error Message is present on the Confirmation page"): null

2023-02-08 19:28:25 - [TEST_STEP][PASSED] - out.println("Pass Record Number: " + row): null

2023-02-08 19:28:25 - [TEST_STEP][PASSED] - resText = "Pass": null

2023-02-08 19:28:25 - [TEST_STEP][PASSED] - pages.WriteExcel.demoKey(resText, datText, resColumn, datCloumn, fileLoc, nameSheet, row): pages.WriteExcel.demoKey is PASSED

2023-02-08 19:28:25 - [MESSAGE][PASSED] - pages.WriteExcel.demoKey is PASSED

2023-02-08 19:28:25 - [TEST_STEP][PASSED] - ExecuteTC = findTestData(dataFile).getValue("Execute", row): null

2023-02-08 19:28:25 - [TEST_STEP][PASSED] - out.println("Value of Execute is : " + ExecuteTC): null

2023-02-08 19:28:25 - [TEST_STEP][PASSED] - if (ExecuteTC.equalsIgnoreCase("Y")): null

2023-02-08 19:28:25 - [TEST_STEP][PASSED] - out.println("Begin Record Number: " + row): null

2023-02-08 19:28:25 - [TEST_STEP][PASSED] - today = new java.util.Date(): null

2023-02-08 19:28:25 - [TEST_STEP][PASSED] - println(today): null

2023-02-08 19:28:25 - [TEST_STEP][PASSED] - datText = today: null

2023-02-08 19:28:25 - [TEST_STEP][PASSED] - appID = findTestData(dataFile).getValue("AppID", row): null

2023-02-08 19:28:25 - [TEST_STEP][PASSED] - username = findTestData(dataFile).getValue("Username", row): null

2023-02-08 19:28:25 - [TEST_STEP][PASSED] - password = findTestData(dataFile).getValue("Password", row): null

2023-02-08 19:28:25 - [TEST_STEP][PASSED] - errorMsg = findTestData(dataFile).getValue("ErrorMsg", row): null

2023-02-08 19:28:25 - [TEST_STEP][PASSED] - tranType = findTestData(dataFile).getValue("TranType", row): null

2023-02-08 19:28:25 - [TEST_STEP][PASSED] - mv = findTestData(dataFile).getValue("MV", row): null

2023-02-08 19:28:25 - [TEST_STEP][PASSED] - resFormat = findTestData(dataFile).getValue("ResFormat", row): null

2023-02-08 19:28:25 - [TEST_STEP][PASSED] - checkType = findTestData(dataFile).getValue("CheckType", row): null

2023-02-08 19:28:25 - [TEST_STEP][PASSED] - sec = findTestData(dataFile).getValue("SEC", row): null

2023-02-08 19:28:25 - [TEST_STEP][PASSED] - tranID = findTestData(dataFile).getValue("TranxID", row): null

2023-02-08 19:28:25 - [TEST_STEP][PASSED] - amount = findTestData(dataFile).getValue("Amount", row): null

2023-02-08 19:28:25 - [TEST_STEP][PASSED] - acNumber = findTestData(dataFile).getValue("AcNumber", row): null

2023-02-08 19:28:25 - [TEST_STEP][PASSED] - rtn = findTestData(dataFile).getValue("RTN", row): null

2023-02-08 19:28:26 - [TEST_STEP][PASSED] - openBrowser(VLinkURL + "ACH_credit.html"): Browser is opened with url: 'https://dev-algorithm.govolution.com/vlinktest/QA/version_2_0/ACH_credit.html'

2023-02-08 19:28:26 - [MESSAGE][WARNING] - A browser is already opened. Closing browser and opening a new one

2023-02-08 19:28:26 - [MESSAGE][INFO] - Starting 'Chrome' driver

2023-02-08 19:28:26 - [MESSAGE][INFO] - User set preference: ['acceptInsecureCerts', 'true']

2023-02-08 19:28:26 - [MESSAGE][INFO] - Action delay is set to 0 milliseconds

2023-02-08 19:28:28 - [MESSAGE][PASSED] - Browser is opened with url: 'https://dev-algorithm.govolution.com/vlinktest/QA/version_2_0/ACH_credit.html'

2023-02-08 19:28:28 - [TEST_STEP][PASSED] - maximizeWindow(): Current window maximized

2023-02-08 19:28:28 - [MESSAGE][PASSED] - Current window maximized

2023-02-08 19:28:28 - [TEST_STEP][PASSED] - setText(findTestObject("Object Repository/RecAndPlayBk/Page-Vlink-ACH-Credit/input_Transaction Type"), tranType): Text '200' is set on object 'Object Repository/RecAndPlayBk/Page-Vlink-ACH-Credit/input_Transaction Type'

2023-02-08 19:28:29 - [MESSAGE][PASSED] - Text '200' is set on object 'Object Repository/RecAndPlayBk/Page-Vlink-ACH-Credit/input_Transaction Type'

2023-02-08 19:28:29 - [TEST_STEP][PASSED] - setText(findTestObject("Object Repository/RecAndPlayBk/Page-Vlink-ACH-Credit/input_Message Version"), mv): Text '2.0A' is set on object 'Object Repository/RecAndPlayBk/Page-Vlink-ACH-Credit/input_Message Version'

2023-02-08 19:28:30 - [MESSAGE][PASSED] - Text '2.0A' is set on object 'Object Repository/RecAndPlayBk/Page-Vlink-ACH-Credit/input_Message Version'

2023-02-08 19:28:30 - [TEST_STEP][PASSED] - genRemID = RandomStringUtils.random(12, true, true): null

2023-02-08 19:28:30 - [TEST_STEP][PASSED] - setText(findTestObject("Object Repository/RecAndPlayBk/Page-Vlink-ACH-Credit/input_Remittance Id"), genRemID): Text 'omaCDjTCEKfE' is set on object 'Object Repository/RecAndPlayBk/Page-Vlink-ACH-Credit/input_Remittance Id'

2023-02-08 19:28:30 - [MESSAGE][PASSED] - Text 'omaCDjTCEKfE' is set on object 'Object Repository/RecAndPlayBk/Page-Vlink-ACH-Credit/input_Remittance Id'

2023-02-08 19:28:30 - [TEST_STEP][PASSED] - setText(findTestObject("Object Repository/RecAndPlayBk/Page-Vlink-ACH-Credit/input_Application Id"), appID): Text '234' is set on object 'Object Repository/RecAndPlayBk/Page-Vlink-ACH-Credit/input_Application Id'

2023-02-08 19:28:31 - [MESSAGE][PASSED] - Text '234' is set on object 'Object Repository/RecAndPlayBk/Page-Vlink-ACH-Credit/input_Application Id'

2023-02-08 19:28:31 - [TEST_STEP][PASSED] - setText(findTestObject("Object Repository/RecAndPlayBk/Page-Vlink-ACH-Credit/input_Username"), username): Text 'username' is set on object 'Object Repository/RecAndPlayBk/Page-Vlink-ACH-Credit/input_Username'

2023-02-08 19:28:32 - [MESSAGE][PASSED] - Text 'username' is set on object 'Object Repository/RecAndPlayBk/Page-Vlink-ACH-Credit/input_Username'

2023-02-08 19:28:32 - [TEST_STEP][PASSED] - setText(findTestObject("Object Repository/RecAndPlayBk/Page-Vlink-ACH-Credit/input_Password"), password): Text 'password' is set on object 'Object Repository/RecAndPlayBk/Page-Vlink-ACH-Credit/input_Password'

2023-02-08 19:28:33 - [MESSAGE][PASSED] - Text 'password' is set on object 'Object Repository/RecAndPlayBk/Page-Vlink-ACH-Credit/input_Password'

2023-02-08 19:28:33 - [TEST_STEP][PASSED] - setText(findTestObject("Object Repository/RecAndPlayBk/Page-Vlink-ACH-Credit/input_Response Format"), resFormat): Text '' is set on object 'Object Repository/RecAndPlayBk/Page-Vlink-ACH-Credit/input_Response Format'

2023-02-08 19:28:33 - [MESSAGE][PASSED] - Text '' is set on object 'Object Repository/RecAndPlayBk/Page-Vlink-ACH-Credit/input_Response Format'

2023-02-08 19:28:33 - [TEST_STEP][PASSED] - setText(findTestObject("Object Repository/RecAndPlayBk/Page-Vlink-ACH-Credit/input_Check Type"), checkType): Text 'P' is set on object 'Object Repository/RecAndPlayBk/Page-Vlink-ACH-Credit/input_Check Type'

2023-02-08 19:28:34 - [MESSAGE][PASSED] - Text 'P' is set on object 'Object Repository/RecAndPlayBk/Page-Vlink-ACH-Credit/input_Check Type'

2023-02-08 19:28:34 - [TEST_STEP][PASSED] - setText(findTestObject("Object Repository/RecAndPlayBk/Page-Vlink-ACH-Credit/input_Transaction ID"), tranID): Text '12124566' is set on object 'Object Repository/RecAndPlayBk/Page-Vlink-ACH-Credit/input_Transaction ID'

2023-02-08 19:28:35 - [MESSAGE][PASSED] - Text '12124566' is set on object 'Object Repository/RecAndPlayBk/Page-Vlink-ACH-Credit/input_Transaction ID'

2023-02-08 19:28:35 - [TEST_STEP][PASSED] - setText(findTestObject("Object Repository/RecAndPlayBk/Page-Vlink-ACH-Credit/input_Amount"), amount): Text '12.50' is set on object 'Object Repository/RecAndPlayBk/Page-Vlink-ACH-Credit/input_Amount'

2023-02-08 19:28:35 - [MESSAGE][PASSED] - Text '12.50' is set on object 'Object Repository/RecAndPlayBk/Page-Vlink-ACH-Credit/input_Amount'

2023-02-08 19:28:35 - [TEST_STEP][PASSED] - setText(findTestObject("Object Repository/RecAndPlayBk/Page-Vlink-ACH-Credit/input_Standard Entry Class"), sec): Text 'PPD' is set on object 'Object Repository/RecAndPlayBk/Page-Vlink-ACH-Credit/input_Standard Entry Class'

2023-02-08 19:28:36 - [MESSAGE][PASSED] - Text 'PPD' is set on object 'Object Repository/RecAndPlayBk/Page-Vlink-ACH-Credit/input_Standard Entry Class'

2023-02-08 19:28:36 - [TEST_STEP][PASSED] - setText(findTestObject("Object Repository/RecAndPlayBk/Page-Vlink-ACH-Credit/input_Account Number"), acNumber): Text '12345678' is set on object 'Object Repository/RecAndPlayBk/Page-Vlink-ACH-Credit/input_Account Number'

2023-02-08 19:28:37 - [MESSAGE][PASSED] - Text '12345678' is set on object 'Object Repository/RecAndPlayBk/Page-Vlink-ACH-Credit/input_Account Number'

2023-02-08 19:28:37 - [TEST_STEP][PASSED] - setText(findTestObject("Object Repository/RecAndPlayBk/Page-Vlink-ACH-Credit/input_Routing Number"), rtn): Text '256072691' is set on object 'Object Repository/RecAndPlayBk/Page-Vlink-ACH-Credit/input_Routing Number'

2023-02-08 19:28:37 - [MESSAGE][PASSED] - Text '256072691' is set on object 'Object Repository/RecAndPlayBk/Page-Vlink-ACH-Credit/input_Routing Number'

2023-02-08 19:28:37 - [TEST_STEP][PASSED] - click(findTestObject("Object Repository/RecAndPlayBk/Page-Vlink-ACH-Credit/input")): Object: 'Object Repository/RecAndPlayBk/Page-Vlink-ACH-Credit/input' is clicked on

2023-02-08 19:28:38 - [MESSAGE][PASSED] - Object: 'Object Repository/RecAndPlayBk/Page-Vlink-ACH-Credit/input' is clicked on

2023-02-08 19:28:38 - [TEST_STEP][PASSED] - if (verifyTextPresent(errorMsg, true)): null

2023-02-08 19:28:38 - [MESSAGE][PASSED] - Text 'response_format, check_first_name, check_last_name, check_address, check_city' is present on page  using regular expression

2023-02-08 19:28:38 - [TEST_STEP][PASSED] - println("Error Message is present on the Confirmation page"): null

2023-02-08 19:28:38 - [TEST_STEP][PASSED] - out.println("Pass Record Number: " + row): null

2023-02-08 19:28:38 - [TEST_STEP][PASSED] - resText = "Pass": null

2023-02-08 19:28:38 - [TEST_STEP][PASSED] - pages.WriteExcel.demoKey(resText, datText, resColumn, datCloumn, fileLoc, nameSheet, row): pages.WriteExcel.demoKey is PASSED

2023-02-08 19:28:38 - [MESSAGE][PASSED] - pages.WriteExcel.demoKey is PASSED

2023-02-08 19:28:38 - [TEST_STEP][PASSED] - ExecuteTC = findTestData(dataFile).getValue("Execute", row): null

2023-02-08 19:28:38 - [TEST_STEP][PASSED] - out.println("Value of Execute is : " + ExecuteTC): null

2023-02-08 19:28:38 - [TEST_STEP][PASSED] - if (ExecuteTC.equalsIgnoreCase("Y")): null

2023-02-08 19:28:38 - [TEST_STEP][PASSED] - out.println("Begin Record Number: " + row): null

2023-02-08 19:28:38 - [TEST_STEP][PASSED] - today = new java.util.Date(): null

2023-02-08 19:28:38 - [TEST_STEP][PASSED] - println(today): null

2023-02-08 19:28:38 - [TEST_STEP][PASSED] - datText = today: null

2023-02-08 19:28:38 - [TEST_STEP][PASSED] - appID = findTestData(dataFile).getValue("AppID", row): null

2023-02-08 19:28:38 - [TEST_STEP][PASSED] - username = findTestData(dataFile).getValue("Username", row): null

2023-02-08 19:28:38 - [TEST_STEP][PASSED] - password = findTestData(dataFile).getValue("Password", row): null

2023-02-08 19:28:38 - [TEST_STEP][PASSED] - errorMsg = findTestData(dataFile).getValue("ErrorMsg", row): null

2023-02-08 19:28:39 - [TEST_STEP][PASSED] - tranType = findTestData(dataFile).getValue("TranType", row): null

2023-02-08 19:28:39 - [TEST_STEP][PASSED] - mv = findTestData(dataFile).getValue("MV", row): null

2023-02-08 19:28:39 - [TEST_STEP][PASSED] - resFormat = findTestData(dataFile).getValue("ResFormat", row): null

2023-02-08 19:28:39 - [TEST_STEP][PASSED] - checkType = findTestData(dataFile).getValue("CheckType", row): null

2023-02-08 19:28:39 - [TEST_STEP][PASSED] - sec = findTestData(dataFile).getValue("SEC", row): null

2023-02-08 19:28:39 - [TEST_STEP][PASSED] - tranID = findTestData(dataFile).getValue("TranxID", row): null

2023-02-08 19:28:39 - [TEST_STEP][PASSED] - amount = findTestData(dataFile).getValue("Amount", row): null

2023-02-08 19:28:39 - [TEST_STEP][PASSED] - acNumber = findTestData(dataFile).getValue("AcNumber", row): null

2023-02-08 19:28:39 - [TEST_STEP][PASSED] - rtn = findTestData(dataFile).getValue("RTN", row): null

2023-02-08 19:28:39 - [TEST_STEP][PASSED] - openBrowser(VLinkURL + "ACH_credit.html"): Browser is opened with url: 'https://dev-algorithm.govolution.com/vlinktest/QA/version_2_0/ACH_credit.html'

2023-02-08 19:28:39 - [MESSAGE][WARNING] - A browser is already opened. Closing browser and opening a new one

2023-02-08 19:28:40 - [MESSAGE][INFO] - Starting 'Chrome' driver

2023-02-08 19:28:40 - [MESSAGE][INFO] - User set preference: ['acceptInsecureCerts', 'true']

2023-02-08 19:28:40 - [MESSAGE][INFO] - Action delay is set to 0 milliseconds

2023-02-08 19:28:42 - [MESSAGE][PASSED] - Browser is opened with url: 'https://dev-algorithm.govolution.com/vlinktest/QA/version_2_0/ACH_credit.html'

2023-02-08 19:28:42 - [TEST_STEP][PASSED] - maximizeWindow(): Current window maximized

2023-02-08 19:28:42 - [MESSAGE][PASSED] - Current window maximized

2023-02-08 19:28:42 - [TEST_STEP][PASSED] - setText(findTestObject("Object Repository/RecAndPlayBk/Page-Vlink-ACH-Credit/input_Transaction Type"), tranType): Text '200' is set on object 'Object Repository/RecAndPlayBk/Page-Vlink-ACH-Credit/input_Transaction Type'

2023-02-08 19:28:43 - [MESSAGE][PASSED] - Text '200' is set on object 'Object Repository/RecAndPlayBk/Page-Vlink-ACH-Credit/input_Transaction Type'

2023-02-08 19:28:43 - [TEST_STEP][PASSED] - setText(findTestObject("Object Repository/RecAndPlayBk/Page-Vlink-ACH-Credit/input_Message Version"), mv): Text '2.0A' is set on object 'Object Repository/RecAndPlayBk/Page-Vlink-ACH-Credit/input_Message Version'

2023-02-08 19:28:43 - [MESSAGE][PASSED] - Text '2.0A' is set on object 'Object Repository/RecAndPlayBk/Page-Vlink-ACH-Credit/input_Message Version'

2023-02-08 19:28:43 - [TEST_STEP][PASSED] - genRemID = RandomStringUtils.random(12, true, true): null

2023-02-08 19:28:43 - [TEST_STEP][PASSED] - setText(findTestObject("Object Repository/RecAndPlayBk/Page-Vlink-ACH-Credit/input_Remittance Id"), genRemID): Text 'xSORch8iWTEe' is set on object 'Object Repository/RecAndPlayBk/Page-Vlink-ACH-Credit/input_Remittance Id'

2023-02-08 19:28:44 - [MESSAGE][PASSED] - Text 'xSORch8iWTEe' is set on object 'Object Repository/RecAndPlayBk/Page-Vlink-ACH-Credit/input_Remittance Id'

2023-02-08 19:28:44 - [TEST_STEP][PASSED] - setText(findTestObject("Object Repository/RecAndPlayBk/Page-Vlink-ACH-Credit/input_Application Id"), appID): Text '234' is set on object 'Object Repository/RecAndPlayBk/Page-Vlink-ACH-Credit/input_Application Id'

2023-02-08 19:28:44 - [MESSAGE][PASSED] - Text '234' is set on object 'Object Repository/RecAndPlayBk/Page-Vlink-ACH-Credit/input_Application Id'

2023-02-08 19:28:44 - [TEST_STEP][PASSED] - setText(findTestObject("Object Repository/RecAndPlayBk/Page-Vlink-ACH-Credit/input_Username"), username): Text 'username' is set on object 'Object Repository/RecAndPlayBk/Page-Vlink-ACH-Credit/input_Username'

2023-02-08 19:28:45 - [MESSAGE][PASSED] - Text 'username' is set on object 'Object Repository/RecAndPlayBk/Page-Vlink-ACH-Credit/input_Username'

2023-02-08 19:28:45 - [TEST_STEP][PASSED] - setText(findTestObject("Object Repository/RecAndPlayBk/Page-Vlink-ACH-Credit/input_Password"), password): Text 'password' is set on object 'Object Repository/RecAndPlayBk/Page-Vlink-ACH-Credit/input_Password'

2023-02-08 19:28:46 - [MESSAGE][PASSED] - Text 'password' is set on object 'Object Repository/RecAndPlayBk/Page-Vlink-ACH-Credit/input_Password'

2023-02-08 19:28:46 - [TEST_STEP][PASSED] - setText(findTestObject("Object Repository/RecAndPlayBk/Page-Vlink-ACH-Credit/input_Response Format"), resFormat): Text 'fixed_width' is set on object 'Object Repository/RecAndPlayBk/Page-Vlink-ACH-Credit/input_Response Format'

2023-02-08 19:28:46 - [MESSAGE][PASSED] - Text 'fixed_width' is set on object 'Object Repository/RecAndPlayBk/Page-Vlink-ACH-Credit/input_Response Format'

2023-02-08 19:28:46 - [TEST_STEP][PASSED] - setText(findTestObject("Object Repository/RecAndPlayBk/Page-Vlink-ACH-Credit/input_Check Type"), checkType): Text '' is set on object 'Object Repository/RecAndPlayBk/Page-Vlink-ACH-Credit/input_Check Type'

2023-02-08 19:28:47 - [MESSAGE][PASSED] - Text '' is set on object 'Object Repository/RecAndPlayBk/Page-Vlink-ACH-Credit/input_Check Type'

2023-02-08 19:28:47 - [TEST_STEP][PASSED] - setText(findTestObject("Object Repository/RecAndPlayBk/Page-Vlink-ACH-Credit/input_Transaction ID"), tranID): Text '12124566' is set on object 'Object Repository/RecAndPlayBk/Page-Vlink-ACH-Credit/input_Transaction ID'

2023-02-08 19:28:47 - [MESSAGE][PASSED] - Text '12124566' is set on object 'Object Repository/RecAndPlayBk/Page-Vlink-ACH-Credit/input_Transaction ID'

2023-02-08 19:28:47 - [TEST_STEP][PASSED] - setText(findTestObject("Object Repository/RecAndPlayBk/Page-Vlink-ACH-Credit/input_Amount"), amount): Text '12.50' is set on object 'Object Repository/RecAndPlayBk/Page-Vlink-ACH-Credit/input_Amount'

2023-02-08 19:28:48 - [MESSAGE][PASSED] - Text '12.50' is set on object 'Object Repository/RecAndPlayBk/Page-Vlink-ACH-Credit/input_Amount'

2023-02-08 19:28:48 - [TEST_STEP][PASSED] - setText(findTestObject("Object Repository/RecAndPlayBk/Page-Vlink-ACH-Credit/input_Standard Entry Class"), sec): Text 'WEB' is set on object 'Object Repository/RecAndPlayBk/Page-Vlink-ACH-Credit/input_Standard Entry Class'

2023-02-08 19:28:49 - [MESSAGE][PASSED] - Text 'WEB' is set on object 'Object Repository/RecAndPlayBk/Page-Vlink-ACH-Credit/input_Standard Entry Class'

2023-02-08 19:28:49 - [TEST_STEP][PASSED] - setText(findTestObject("Object Repository/RecAndPlayBk/Page-Vlink-ACH-Credit/input_Account Number"), acNumber): Text '12345678' is set on object 'Object Repository/RecAndPlayBk/Page-Vlink-ACH-Credit/input_Account Number'

2023-02-08 19:28:49 - [MESSAGE][PASSED] - Text '12345678' is set on object 'Object Repository/RecAndPlayBk/Page-Vlink-ACH-Credit/input_Account Number'

2023-02-08 19:28:49 - [TEST_STEP][PASSED] - setText(findTestObject("Object Repository/RecAndPlayBk/Page-Vlink-ACH-Credit/input_Routing Number"), rtn): Text '256072691' is set on object 'Object Repository/RecAndPlayBk/Page-Vlink-ACH-Credit/input_Routing Number'

2023-02-08 19:28:50 - [MESSAGE][PASSED] - Text '256072691' is set on object 'Object Repository/RecAndPlayBk/Page-Vlink-ACH-Credit/input_Routing Number'

2023-02-08 19:28:50 - [TEST_STEP][PASSED] - click(findTestObject("Object Repository/RecAndPlayBk/Page-Vlink-ACH-Credit/input")): Object: 'Object Repository/RecAndPlayBk/Page-Vlink-ACH-Credit/input' is clicked on

2023-02-08 19:28:51 - [MESSAGE][PASSED] - Object: 'Object Repository/RecAndPlayBk/Page-Vlink-ACH-Credit/input' is clicked on

2023-02-08 19:28:51 - [TEST_STEP][PASSED] - if (verifyTextPresent(errorMsg, true)): null

2023-02-08 19:28:51 - [MESSAGE][PASSED] - Text 'Bank Account type not valid' is present on page  using regular expression

2023-02-08 19:28:51 - [TEST_STEP][PASSED] - println("Error Message is present on the Confirmation page"): null

2023-02-08 19:28:51 - [TEST_STEP][PASSED] - out.println("Pass Record Number: " + row): null

2023-02-08 19:28:51 - [TEST_STEP][PASSED] - resText = "Pass": null

2023-02-08 19:28:51 - [TEST_STEP][PASSED] - pages.WriteExcel.demoKey(resText, datText, resColumn, datCloumn, fileLoc, nameSheet, row): pages.WriteExcel.demoKey is PASSED

2023-02-08 19:28:51 - [MESSAGE][PASSED] - pages.WriteExcel.demoKey is PASSED

2023-02-08 19:28:51 - [TEST_STEP][PASSED] - ExecuteTC = findTestData(dataFile).getValue("Execute", row): null

2023-02-08 19:28:51 - [TEST_STEP][PASSED] - out.println("Value of Execute is : " + ExecuteTC): null

2023-02-08 19:28:51 - [TEST_STEP][PASSED] - if (ExecuteTC.equalsIgnoreCase("Y")): null

2023-02-08 19:28:51 - [TEST_STEP][PASSED] - out.println("Begin Record Number: " + row): null

2023-02-08 19:28:51 - [TEST_STEP][PASSED] - today = new java.util.Date(): null

2023-02-08 19:28:51 - [TEST_STEP][PASSED] - println(today): null

2023-02-08 19:28:51 - [TEST_STEP][PASSED] - datText = today: null

2023-02-08 19:28:51 - [TEST_STEP][PASSED] - appID = findTestData(dataFile).getValue("AppID", row): null

2023-02-08 19:28:51 - [TEST_STEP][PASSED] - username = findTestData(dataFile).getValue("Username", row): null

2023-02-08 19:28:51 - [TEST_STEP][PASSED] - password = findTestData(dataFile).getValue("Password", row): null

2023-02-08 19:28:51 - [TEST_STEP][PASSED] - errorMsg = findTestData(dataFile).getValue("ErrorMsg", row): null

2023-02-08 19:28:51 - [TEST_STEP][PASSED] - tranType = findTestData(dataFile).getValue("TranType", row): null

2023-02-08 19:28:51 - [TEST_STEP][PASSED] - mv = findTestData(dataFile).getValue("MV", row): null

2023-02-08 19:28:51 - [TEST_STEP][PASSED] - resFormat = findTestData(dataFile).getValue("ResFormat", row): null

2023-02-08 19:28:51 - [TEST_STEP][PASSED] - checkType = findTestData(dataFile).getValue("CheckType", row): null

2023-02-08 19:28:51 - [TEST_STEP][PASSED] - sec = findTestData(dataFile).getValue("SEC", row): null

2023-02-08 19:28:51 - [TEST_STEP][PASSED] - tranID = findTestData(dataFile).getValue("TranxID", row): null

2023-02-08 19:28:52 - [TEST_STEP][PASSED] - amount = findTestData(dataFile).getValue("Amount", row): null

2023-02-08 19:28:52 - [TEST_STEP][PASSED] - acNumber = findTestData(dataFile).getValue("AcNumber", row): null

2023-02-08 19:28:52 - [TEST_STEP][PASSED] - rtn = findTestData(dataFile).getValue("RTN", row): null

2023-02-08 19:28:52 - [TEST_STEP][PASSED] - openBrowser(VLinkURL + "ACH_credit.html"): Browser is opened with url: 'https://dev-algorithm.govolution.com/vlinktest/QA/version_2_0/ACH_credit.html'

2023-02-08 19:28:52 - [MESSAGE][WARNING] - A browser is already opened. Closing browser and opening a new one

2023-02-08 19:28:53 - [MESSAGE][INFO] - Starting 'Chrome' driver

2023-02-08 19:28:53 - [MESSAGE][INFO] - User set preference: ['acceptInsecureCerts', 'true']

2023-02-08 19:28:53 - [MESSAGE][INFO] - Action delay is set to 0 milliseconds

2023-02-08 19:28:55 - [MESSAGE][PASSED] - Browser is opened with url: 'https://dev-algorithm.govolution.com/vlinktest/QA/version_2_0/ACH_credit.html'

2023-02-08 19:28:55 - [TEST_STEP][PASSED] - maximizeWindow(): Current window maximized

2023-02-08 19:28:55 - [MESSAGE][PASSED] - Current window maximized

2023-02-08 19:28:55 - [TEST_STEP][PASSED] - setText(findTestObject("Object Repository/RecAndPlayBk/Page-Vlink-ACH-Credit/input_Transaction Type"), tranType): Text '200' is set on object 'Object Repository/RecAndPlayBk/Page-Vlink-ACH-Credit/input_Transaction Type'

2023-02-08 19:28:56 - [MESSAGE][PASSED] - Text '200' is set on object 'Object Repository/RecAndPlayBk/Page-Vlink-ACH-Credit/input_Transaction Type'

2023-02-08 19:28:56 - [TEST_STEP][PASSED] - setText(findTestObject("Object Repository/RecAndPlayBk/Page-Vlink-ACH-Credit/input_Message Version"), mv): Text '2.0A' is set on object 'Object Repository/RecAndPlayBk/Page-Vlink-ACH-Credit/input_Message Version'

2023-02-08 19:28:56 - [MESSAGE][PASSED] - Text '2.0A' is set on object 'Object Repository/RecAndPlayBk/Page-Vlink-ACH-Credit/input_Message Version'

2023-02-08 19:28:56 - [TEST_STEP][PASSED] - genRemID = RandomStringUtils.random(12, true, true): null

2023-02-08 19:28:56 - [TEST_STEP][PASSED] - setText(findTestObject("Object Repository/RecAndPlayBk/Page-Vlink-ACH-Credit/input_Remittance Id"), genRemID): Text '4z0dIqUVl1Wv' is set on object 'Object Repository/RecAndPlayBk/Page-Vlink-ACH-Credit/input_Remittance Id'

2023-02-08 19:28:57 - [MESSAGE][PASSED] - Text '4z0dIqUVl1Wv' is set on object 'Object Repository/RecAndPlayBk/Page-Vlink-ACH-Credit/input_Remittance Id'

2023-02-08 19:28:57 - [TEST_STEP][PASSED] - setText(findTestObject("Object Repository/RecAndPlayBk/Page-Vlink-ACH-Credit/input_Application Id"), appID): Text '234' is set on object 'Object Repository/RecAndPlayBk/Page-Vlink-ACH-Credit/input_Application Id'

2023-02-08 19:28:57 - [MESSAGE][PASSED] - Text '234' is set on object 'Object Repository/RecAndPlayBk/Page-Vlink-ACH-Credit/input_Application Id'

2023-02-08 19:28:57 - [TEST_STEP][PASSED] - setText(findTestObject("Object Repository/RecAndPlayBk/Page-Vlink-ACH-Credit/input_Username"), username): Text 'username' is set on object 'Object Repository/RecAndPlayBk/Page-Vlink-ACH-Credit/input_Username'

2023-02-08 19:28:58 - [MESSAGE][PASSED] - Text 'username' is set on object 'Object Repository/RecAndPlayBk/Page-Vlink-ACH-Credit/input_Username'

2023-02-08 19:28:58 - [TEST_STEP][PASSED] - setText(findTestObject("Object Repository/RecAndPlayBk/Page-Vlink-ACH-Credit/input_Password"), password): Text 'password' is set on object 'Object Repository/RecAndPlayBk/Page-Vlink-ACH-Credit/input_Password'

2023-02-08 19:28:59 - [MESSAGE][PASSED] - Text 'password' is set on object 'Object Repository/RecAndPlayBk/Page-Vlink-ACH-Credit/input_Password'

2023-02-08 19:28:59 - [TEST_STEP][PASSED] - setText(findTestObject("Object Repository/RecAndPlayBk/Page-Vlink-ACH-Credit/input_Response Format"), resFormat): Text 'fixed_width' is set on object 'Object Repository/RecAndPlayBk/Page-Vlink-ACH-Credit/input_Response Format'

2023-02-08 19:28:59 - [MESSAGE][PASSED] - Text 'fixed_width' is set on object 'Object Repository/RecAndPlayBk/Page-Vlink-ACH-Credit/input_Response Format'

2023-02-08 19:28:59 - [TEST_STEP][PASSED] - setText(findTestObject("Object Repository/RecAndPlayBk/Page-Vlink-ACH-Credit/input_Check Type"), checkType): Text 'P' is set on object 'Object Repository/RecAndPlayBk/Page-Vlink-ACH-Credit/input_Check Type'

2023-02-08 19:29:00 - [MESSAGE][PASSED] - Text 'P' is set on object 'Object Repository/RecAndPlayBk/Page-Vlink-ACH-Credit/input_Check Type'

2023-02-08 19:29:00 - [TEST_STEP][PASSED] - setText(findTestObject("Object Repository/RecAndPlayBk/Page-Vlink-ACH-Credit/input_Transaction ID"), tranID): Text '12124566' is set on object 'Object Repository/RecAndPlayBk/Page-Vlink-ACH-Credit/input_Transaction ID'

2023-02-08 19:29:00 - [MESSAGE][PASSED] - Text '12124566' is set on object 'Object Repository/RecAndPlayBk/Page-Vlink-ACH-Credit/input_Transaction ID'

2023-02-08 19:29:00 - [TEST_STEP][PASSED] - setText(findTestObject("Object Repository/RecAndPlayBk/Page-Vlink-ACH-Credit/input_Amount"), amount): Text '12.50' is set on object 'Object Repository/RecAndPlayBk/Page-Vlink-ACH-Credit/input_Amount'

2023-02-08 19:29:01 - [MESSAGE][PASSED] - Text '12.50' is set on object 'Object Repository/RecAndPlayBk/Page-Vlink-ACH-Credit/input_Amount'

2023-02-08 19:29:01 - [TEST_STEP][PASSED] - setText(findTestObject("Object Repository/RecAndPlayBk/Page-Vlink-ACH-Credit/input_Standard Entry Class"), sec): Text '' is set on object 'Object Repository/RecAndPlayBk/Page-Vlink-ACH-Credit/input_Standard Entry Class'

2023-02-08 19:29:02 - [MESSAGE][PASSED] - Text '' is set on object 'Object Repository/RecAndPlayBk/Page-Vlink-ACH-Credit/input_Standard Entry Class'

2023-02-08 19:29:02 - [TEST_STEP][PASSED] - setText(findTestObject("Object Repository/RecAndPlayBk/Page-Vlink-ACH-Credit/input_Account Number"), acNumber): Text '12345678' is set on object 'Object Repository/RecAndPlayBk/Page-Vlink-ACH-Credit/input_Account Number'

2023-02-08 19:29:02 - [MESSAGE][PASSED] - Text '12345678' is set on object 'Object Repository/RecAndPlayBk/Page-Vlink-ACH-Credit/input_Account Number'

2023-02-08 19:29:02 - [TEST_STEP][PASSED] - setText(findTestObject("Object Repository/RecAndPlayBk/Page-Vlink-ACH-Credit/input_Routing Number"), rtn): Text '256072691' is set on object 'Object Repository/RecAndPlayBk/Page-Vlink-ACH-Credit/input_Routing Number'

2023-02-08 19:29:03 - [MESSAGE][PASSED] - Text '256072691' is set on object 'Object Repository/RecAndPlayBk/Page-Vlink-ACH-Credit/input_Routing Number'

2023-02-08 19:29:03 - [TEST_STEP][PASSED] - click(findTestObject("Object Repository/RecAndPlayBk/Page-Vlink-ACH-Credit/input")): Object: 'Object Repository/RecAndPlayBk/Page-Vlink-ACH-Credit/input' is clicked on

2023-02-08 19:29:04 - [MESSAGE][PASSED] - Object: 'Object Repository/RecAndPlayBk/Page-Vlink-ACH-Credit/input' is clicked on

2023-02-08 19:29:04 - [TEST_STEP][PASSED] - if (verifyTextPresent(errorMsg, true)): null

2023-02-08 19:29:04 - [MESSAGE][PASSED] - Text 'check_first_name, check_last_name, check_address, check_city, check_state, che' is present on page  using regular expression

2023-02-08 19:29:04 - [TEST_STEP][PASSED] - println("Error Message is present on the Confirmation page"): null

2023-02-08 19:29:04 - [TEST_STEP][PASSED] - out.println("Pass Record Number: " + row): null

2023-02-08 19:29:04 - [TEST_STEP][PASSED] - resText = "Pass": null

2023-02-08 19:29:04 - [TEST_STEP][PASSED] - pages.WriteExcel.demoKey(resText, datText, resColumn, datCloumn, fileLoc, nameSheet, row): pages.WriteExcel.demoKey is PASSED

2023-02-08 19:29:04 - [MESSAGE][PASSED] - pages.WriteExcel.demoKey is PASSED

2023-02-08 19:29:04 - [TEST_STEP][PASSED] - ExecuteTC = findTestData(dataFile).getValue("Execute", row): null

2023-02-08 19:29:04 - [TEST_STEP][PASSED] - out.println("Value of Execute is : " + ExecuteTC): null

2023-02-08 19:29:04 - [TEST_STEP][PASSED] - if (ExecuteTC.equalsIgnoreCase("Y")): null

2023-02-08 19:29:04 - [TEST_STEP][PASSED] - out.println("Begin Record Number: " + row): null

2023-02-08 19:29:04 - [TEST_STEP][PASSED] - today = new java.util.Date(): null

2023-02-08 19:29:04 - [TEST_STEP][PASSED] - println(today): null

2023-02-08 19:29:04 - [TEST_STEP][PASSED] - datText = today: null

2023-02-08 19:29:04 - [TEST_STEP][PASSED] - appID = findTestData(dataFile).getValue("AppID", row): null

2023-02-08 19:29:04 - [TEST_STEP][PASSED] - username = findTestData(dataFile).getValue("Username", row): null

2023-02-08 19:29:04 - [TEST_STEP][PASSED] - password = findTestData(dataFile).getValue("Password", row): null

2023-02-08 19:29:04 - [TEST_STEP][PASSED] - errorMsg = findTestData(dataFile).getValue("ErrorMsg", row): null

2023-02-08 19:29:04 - [TEST_STEP][PASSED] - tranType = findTestData(dataFile).getValue("TranType", row): null

2023-02-08 19:29:04 - [TEST_STEP][PASSED] - mv = findTestData(dataFile).getValue("MV", row): null

2023-02-08 19:29:04 - [TEST_STEP][PASSED] - resFormat = findTestData(dataFile).getValue("ResFormat", row): null

2023-02-08 19:29:04 - [TEST_STEP][PASSED] - checkType = findTestData(dataFile).getValue("CheckType", row): null

2023-02-08 19:29:04 - [TEST_STEP][PASSED] - sec = findTestData(dataFile).getValue("SEC", row): null

2023-02-08 19:29:04 - [TEST_STEP][PASSED] - tranID = findTestData(dataFile).getValue("TranxID", row): null

2023-02-08 19:29:05 - [TEST_STEP][PASSED] - amount = findTestData(dataFile).getValue("Amount", row): null

2023-02-08 19:29:05 - [TEST_STEP][PASSED] - acNumber = findTestData(dataFile).getValue("AcNumber", row): null

2023-02-08 19:29:05 - [TEST_STEP][PASSED] - rtn = findTestData(dataFile).getValue("RTN", row): null

2023-02-08 19:29:05 - [TEST_STEP][PASSED] - openBrowser(VLinkURL + "ACH_credit.html"): Browser is opened with url: 'https://dev-algorithm.govolution.com/vlinktest/QA/version_2_0/ACH_credit.html'

2023-02-08 19:29:05 - [MESSAGE][WARNING] - A browser is already opened. Closing browser and opening a new one

2023-02-08 19:29:06 - [MESSAGE][INFO] - Starting 'Chrome' driver

2023-02-08 19:29:06 - [MESSAGE][INFO] - User set preference: ['acceptInsecureCerts', 'true']

2023-02-08 19:29:06 - [MESSAGE][INFO] - Action delay is set to 0 milliseconds

2023-02-08 19:29:07 - [MESSAGE][PASSED] - Browser is opened with url: 'https://dev-algorithm.govolution.com/vlinktest/QA/version_2_0/ACH_credit.html'

2023-02-08 19:29:07 - [TEST_STEP][PASSED] - maximizeWindow(): Current window maximized

2023-02-08 19:29:08 - [MESSAGE][PASSED] - Current window maximized

2023-02-08 19:29:08 - [TEST_STEP][PASSED] - setText(findTestObject("Object Repository/RecAndPlayBk/Page-Vlink-ACH-Credit/input_Transaction Type"), tranType): Text '200' is set on object 'Object Repository/RecAndPlayBk/Page-Vlink-ACH-Credit/input_Transaction Type'

2023-02-08 19:29:08 - [MESSAGE][PASSED] - Text '200' is set on object 'Object Repository/RecAndPlayBk/Page-Vlink-ACH-Credit/input_Transaction Type'

2023-02-08 19:29:08 - [TEST_STEP][PASSED] - setText(findTestObject("Object Repository/RecAndPlayBk/Page-Vlink-ACH-Credit/input_Message Version"), mv): Text '2.0A' is set on object 'Object Repository/RecAndPlayBk/Page-Vlink-ACH-Credit/input_Message Version'

2023-02-08 19:29:09 - [MESSAGE][PASSED] - Text '2.0A' is set on object 'Object Repository/RecAndPlayBk/Page-Vlink-ACH-Credit/input_Message Version'

2023-02-08 19:29:09 - [TEST_STEP][PASSED] - genRemID = RandomStringUtils.random(12, true, true): null

2023-02-08 19:29:09 - [TEST_STEP][PASSED] - setText(findTestObject("Object Repository/RecAndPlayBk/Page-Vlink-ACH-Credit/input_Remittance Id"), genRemID): Text 'vqIZbXzYa5FQ' is set on object 'Object Repository/RecAndPlayBk/Page-Vlink-ACH-Credit/input_Remittance Id'

2023-02-08 19:29:09 - [MESSAGE][PASSED] - Text 'vqIZbXzYa5FQ' is set on object 'Object Repository/RecAndPlayBk/Page-Vlink-ACH-Credit/input_Remittance Id'

2023-02-08 19:29:09 - [TEST_STEP][PASSED] - setText(findTestObject("Object Repository/RecAndPlayBk/Page-Vlink-ACH-Credit/input_Application Id"), appID): Text '234' is set on object 'Object Repository/RecAndPlayBk/Page-Vlink-ACH-Credit/input_Application Id'

2023-02-08 19:29:10 - [MESSAGE][PASSED] - Text '234' is set on object 'Object Repository/RecAndPlayBk/Page-Vlink-ACH-Credit/input_Application Id'

2023-02-08 19:29:10 - [TEST_STEP][PASSED] - setText(findTestObject("Object Repository/RecAndPlayBk/Page-Vlink-ACH-Credit/input_Username"), username): Text 'username' is set on object 'Object Repository/RecAndPlayBk/Page-Vlink-ACH-Credit/input_Username'

2023-02-08 19:29:11 - [MESSAGE][PASSED] - Text 'username' is set on object 'Object Repository/RecAndPlayBk/Page-Vlink-ACH-Credit/input_Username'

2023-02-08 19:29:11 - [TEST_STEP][PASSED] - setText(findTestObject("Object Repository/RecAndPlayBk/Page-Vlink-ACH-Credit/input_Password"), password): Text 'password' is set on object 'Object Repository/RecAndPlayBk/Page-Vlink-ACH-Credit/input_Password'

2023-02-08 19:29:11 - [MESSAGE][PASSED] - Text 'password' is set on object 'Object Repository/RecAndPlayBk/Page-Vlink-ACH-Credit/input_Password'

2023-02-08 19:29:11 - [TEST_STEP][PASSED] - setText(findTestObject("Object Repository/RecAndPlayBk/Page-Vlink-ACH-Credit/input_Response Format"), resFormat): Text 'fixed_width' is set on object 'Object Repository/RecAndPlayBk/Page-Vlink-ACH-Credit/input_Response Format'

2023-02-08 19:29:12 - [MESSAGE][PASSED] - Text 'fixed_width' is set on object 'Object Repository/RecAndPlayBk/Page-Vlink-ACH-Credit/input_Response Format'

2023-02-08 19:29:12 - [TEST_STEP][PASSED] - setText(findTestObject("Object Repository/RecAndPlayBk/Page-Vlink-ACH-Credit/input_Check Type"), checkType): Text 'P' is set on object 'Object Repository/RecAndPlayBk/Page-Vlink-ACH-Credit/input_Check Type'

2023-02-08 19:29:13 - [MESSAGE][PASSED] - Text 'P' is set on object 'Object Repository/RecAndPlayBk/Page-Vlink-ACH-Credit/input_Check Type'

2023-02-08 19:29:13 - [TEST_STEP][PASSED] - setText(findTestObject("Object Repository/RecAndPlayBk/Page-Vlink-ACH-Credit/input_Transaction ID"), tranID): Text '12124566' is set on object 'Object Repository/RecAndPlayBk/Page-Vlink-ACH-Credit/input_Transaction ID'

2023-02-08 19:29:13 - [MESSAGE][PASSED] - Text '12124566' is set on object 'Object Repository/RecAndPlayBk/Page-Vlink-ACH-Credit/input_Transaction ID'

2023-02-08 19:29:13 - [TEST_STEP][PASSED] - setText(findTestObject("Object Repository/RecAndPlayBk/Page-Vlink-ACH-Credit/input_Amount"), amount): Text '' is set on object 'Object Repository/RecAndPlayBk/Page-Vlink-ACH-Credit/input_Amount'

2023-02-08 19:29:14 - [MESSAGE][PASSED] - Text '' is set on object 'Object Repository/RecAndPlayBk/Page-Vlink-ACH-Credit/input_Amount'

2023-02-08 19:29:14 - [TEST_STEP][PASSED] - setText(findTestObject("Object Repository/RecAndPlayBk/Page-Vlink-ACH-Credit/input_Standard Entry Class"), sec): Text 'WEB' is set on object 'Object Repository/RecAndPlayBk/Page-Vlink-ACH-Credit/input_Standard Entry Class'

2023-02-08 19:29:14 - [MESSAGE][PASSED] - Text 'WEB' is set on object 'Object Repository/RecAndPlayBk/Page-Vlink-ACH-Credit/input_Standard Entry Class'

2023-02-08 19:29:14 - [TEST_STEP][PASSED] - setText(findTestObject("Object Repository/RecAndPlayBk/Page-Vlink-ACH-Credit/input_Account Number"), acNumber): Text '12345678' is set on object 'Object Repository/RecAndPlayBk/Page-Vlink-ACH-Credit/input_Account Number'

2023-02-08 19:29:15 - [MESSAGE][PASSED] - Text '12345678' is set on object 'Object Repository/RecAndPlayBk/Page-Vlink-ACH-Credit/input_Account Number'

2023-02-08 19:29:15 - [TEST_STEP][PASSED] - setText(findTestObject("Object Repository/RecAndPlayBk/Page-Vlink-ACH-Credit/input_Routing Number"), rtn): Text '256072691' is set on object 'Object Repository/RecAndPlayBk/Page-Vlink-ACH-Credit/input_Routing Number'

2023-02-08 19:29:16 - [MESSAGE][PASSED] - Text '256072691' is set on object 'Object Repository/RecAndPlayBk/Page-Vlink-ACH-Credit/input_Routing Number'

2023-02-08 19:29:16 - [TEST_STEP][PASSED] - click(findTestObject("Object Repository/RecAndPlayBk/Page-Vlink-ACH-Credit/input")): Object: 'Object Repository/RecAndPlayBk/Page-Vlink-ACH-Credit/input' is clicked on

2023-02-08 19:29:16 - [MESSAGE][PASSED] - Object: 'Object Repository/RecAndPlayBk/Page-Vlink-ACH-Credit/input' is clicked on

2023-02-08 19:29:16 - [TEST_STEP][PASSED] - if (verifyTextPresent(errorMsg, true)): null

2023-02-08 19:29:16 - [MESSAGE][PASSED] - Text 'check_first_name, check_last_name, check_address, check_city, check_state, che' is present on page  using regular expression

2023-02-08 19:29:16 - [TEST_STEP][PASSED] - println("Error Message is present on the Confirmation page"): null

2023-02-08 19:29:16 - [TEST_STEP][PASSED] - out.println("Pass Record Number: " + row): null

2023-02-08 19:29:16 - [TEST_STEP][PASSED] - resText = "Pass": null

2023-02-08 19:29:16 - [TEST_STEP][PASSED] - pages.WriteExcel.demoKey(resText, datText, resColumn, datCloumn, fileLoc, nameSheet, row): pages.WriteExcel.demoKey is PASSED

2023-02-08 19:29:17 - [MESSAGE][PASSED] - pages.WriteExcel.demoKey is PASSED

2023-02-08 19:29:17 - [TEST_STEP][PASSED] - ExecuteTC = findTestData(dataFile).getValue("Execute", row): null

2023-02-08 19:29:17 - [TEST_STEP][PASSED] - out.println("Value of Execute is : " + ExecuteTC): null

2023-02-08 19:29:17 - [TEST_STEP][PASSED] - if (ExecuteTC.equalsIgnoreCase("Y")): null

2023-02-08 19:29:17 - [TEST_STEP][PASSED] - out.println("Begin Record Number: " + row): null

2023-02-08 19:29:17 - [TEST_STEP][PASSED] - today = new java.util.Date(): null

2023-02-08 19:29:17 - [TEST_STEP][PASSED] - println(today): null

2023-02-08 19:29:17 - [TEST_STEP][PASSED] - datText = today: null

2023-02-08 19:29:17 - [TEST_STEP][PASSED] - appID = findTestData(dataFile).getValue("AppID", row): null

2023-02-08 19:29:17 - [TEST_STEP][PASSED] - username = findTestData(dataFile).getValue("Username", row): null

2023-02-08 19:29:17 - [TEST_STEP][PASSED] - password = findTestData(dataFile).getValue("Password", row): null

2023-02-08 19:29:17 - [TEST_STEP][PASSED] - errorMsg = findTestData(dataFile).getValue("ErrorMsg", row): null

2023-02-08 19:29:17 - [TEST_STEP][PASSED] - tranType = findTestData(dataFile).getValue("TranType", row): null

2023-02-08 19:29:17 - [TEST_STEP][PASSED] - mv = findTestData(dataFile).getValue("MV", row): null

2023-02-08 19:29:17 - [TEST_STEP][PASSED] - resFormat = findTestData(dataFile).getValue("ResFormat", row): null

2023-02-08 19:29:17 - [TEST_STEP][PASSED] - checkType = findTestData(dataFile).getValue("CheckType", row): null

2023-02-08 19:29:17 - [TEST_STEP][PASSED] - sec = findTestData(dataFile).getValue("SEC", row): null

2023-02-08 19:29:17 - [TEST_STEP][PASSED] - tranID = findTestData(dataFile).getValue("TranxID", row): null

2023-02-08 19:29:17 - [TEST_STEP][PASSED] - amount = findTestData(dataFile).getValue("Amount", row): null

2023-02-08 19:29:17 - [TEST_STEP][PASSED] - acNumber = findTestData(dataFile).getValue("AcNumber", row): null

2023-02-08 19:29:17 - [TEST_STEP][PASSED] - rtn = findTestData(dataFile).getValue("RTN", row): null

2023-02-08 19:29:17 - [TEST_STEP][PASSED] - openBrowser(VLinkURL + "ACH_credit.html"): Browser is opened with url: 'https://dev-algorithm.govolution.com/vlinktest/QA/version_2_0/ACH_credit.html'

2023-02-08 19:29:17 - [MESSAGE][WARNING] - A browser is already opened. Closing browser and opening a new one

2023-02-08 19:29:18 - [MESSAGE][INFO] - Starting 'Chrome' driver

2023-02-08 19:29:18 - [MESSAGE][INFO] - User set preference: ['acceptInsecureCerts', 'true']

2023-02-08 19:29:18 - [MESSAGE][INFO] - Action delay is set to 0 milliseconds

2023-02-08 19:29:20 - [MESSAGE][PASSED] - Browser is opened with url: 'https://dev-algorithm.govolution.com/vlinktest/QA/version_2_0/ACH_credit.html'

2023-02-08 19:29:20 - [TEST_STEP][PASSED] - maximizeWindow(): Current window maximized

2023-02-08 19:29:20 - [MESSAGE][PASSED] - Current window maximized

2023-02-08 19:29:20 - [TEST_STEP][PASSED] - setText(findTestObject("Object Repository/RecAndPlayBk/Page-Vlink-ACH-Credit/input_Transaction Type"), tranType): Text '200' is set on object 'Object Repository/RecAndPlayBk/Page-Vlink-ACH-Credit/input_Transaction Type'

2023-02-08 19:29:21 - [MESSAGE][PASSED] - Text '200' is set on object 'Object Repository/RecAndPlayBk/Page-Vlink-ACH-Credit/input_Transaction Type'

2023-02-08 19:29:21 - [TEST_STEP][PASSED] - setText(findTestObject("Object Repository/RecAndPlayBk/Page-Vlink-ACH-Credit/input_Message Version"), mv): Text '2.0A' is set on object 'Object Repository/RecAndPlayBk/Page-Vlink-ACH-Credit/input_Message Version'

2023-02-08 19:29:21 - [MESSAGE][PASSED] - Text '2.0A' is set on object 'Object Repository/RecAndPlayBk/Page-Vlink-ACH-Credit/input_Message Version'

2023-02-08 19:29:21 - [TEST_STEP][PASSED] - genRemID = RandomStringUtils.random(12, true, true): null

2023-02-08 19:29:21 - [TEST_STEP][PASSED] - setText(findTestObject("Object Repository/RecAndPlayBk/Page-Vlink-ACH-Credit/input_Remittance Id"), genRemID): Text 'FcuqYqvhkkcf' is set on object 'Object Repository/RecAndPlayBk/Page-Vlink-ACH-Credit/input_Remittance Id'

2023-02-08 19:29:22 - [MESSAGE][PASSED] - Text 'FcuqYqvhkkcf' is set on object 'Object Repository/RecAndPlayBk/Page-Vlink-ACH-Credit/input_Remittance Id'

2023-02-08 19:29:22 - [TEST_STEP][PASSED] - setText(findTestObject("Object Repository/RecAndPlayBk/Page-Vlink-ACH-Credit/input_Application Id"), appID): Text '234' is set on object 'Object Repository/RecAndPlayBk/Page-Vlink-ACH-Credit/input_Application Id'

2023-02-08 19:29:23 - [MESSAGE][PASSED] - Text '234' is set on object 'Object Repository/RecAndPlayBk/Page-Vlink-ACH-Credit/input_Application Id'

2023-02-08 19:29:23 - [TEST_STEP][PASSED] - setText(findTestObject("Object Repository/RecAndPlayBk/Page-Vlink-ACH-Credit/input_Username"), username): Text 'username' is set on object 'Object Repository/RecAndPlayBk/Page-Vlink-ACH-Credit/input_Username'

2023-02-08 19:29:23 - [MESSAGE][PASSED] - Text 'username' is set on object 'Object Repository/RecAndPlayBk/Page-Vlink-ACH-Credit/input_Username'

2023-02-08 19:29:23 - [TEST_STEP][PASSED] - setText(findTestObject("Object Repository/RecAndPlayBk/Page-Vlink-ACH-Credit/input_Password"), password): Text 'password' is set on object 'Object Repository/RecAndPlayBk/Page-Vlink-ACH-Credit/input_Password'

2023-02-08 19:29:24 - [MESSAGE][PASSED] - Text 'password' is set on object 'Object Repository/RecAndPlayBk/Page-Vlink-ACH-Credit/input_Password'

2023-02-08 19:29:24 - [TEST_STEP][PASSED] - setText(findTestObject("Object Repository/RecAndPlayBk/Page-Vlink-ACH-Credit/input_Response Format"), resFormat): Text 'fixed_width' is set on object 'Object Repository/RecAndPlayBk/Page-Vlink-ACH-Credit/input_Response Format'

2023-02-08 19:29:25 - [MESSAGE][PASSED] - Text 'fixed_width' is set on object 'Object Repository/RecAndPlayBk/Page-Vlink-ACH-Credit/input_Response Format'

2023-02-08 19:29:25 - [TEST_STEP][PASSED] - setText(findTestObject("Object Repository/RecAndPlayBk/Page-Vlink-ACH-Credit/input_Check Type"), checkType): Text 'P' is set on object 'Object Repository/RecAndPlayBk/Page-Vlink-ACH-Credit/input_Check Type'

2023-02-08 19:29:25 - [MESSAGE][PASSED] - Text 'P' is set on object 'Object Repository/RecAndPlayBk/Page-Vlink-ACH-Credit/input_Check Type'

2023-02-08 19:29:25 - [TEST_STEP][PASSED] - setText(findTestObject("Object Repository/RecAndPlayBk/Page-Vlink-ACH-Credit/input_Transaction ID"), tranID): Text '' is set on object 'Object Repository/RecAndPlayBk/Page-Vlink-ACH-Credit/input_Transaction ID'

2023-02-08 19:29:26 - [MESSAGE][PASSED] - Text '' is set on object 'Object Repository/RecAndPlayBk/Page-Vlink-ACH-Credit/input_Transaction ID'

2023-02-08 19:29:26 - [TEST_STEP][PASSED] - setText(findTestObject("Object Repository/RecAndPlayBk/Page-Vlink-ACH-Credit/input_Amount"), amount): Text '12.50' is set on object 'Object Repository/RecAndPlayBk/Page-Vlink-ACH-Credit/input_Amount'

2023-02-08 19:29:26 - [MESSAGE][PASSED] - Text '12.50' is set on object 'Object Repository/RecAndPlayBk/Page-Vlink-ACH-Credit/input_Amount'

2023-02-08 19:29:26 - [TEST_STEP][PASSED] - setText(findTestObject("Object Repository/RecAndPlayBk/Page-Vlink-ACH-Credit/input_Standard Entry Class"), sec): Text 'WEB' is set on object 'Object Repository/RecAndPlayBk/Page-Vlink-ACH-Credit/input_Standard Entry Class'

2023-02-08 19:29:27 - [MESSAGE][PASSED] - Text 'WEB' is set on object 'Object Repository/RecAndPlayBk/Page-Vlink-ACH-Credit/input_Standard Entry Class'

2023-02-08 19:29:27 - [TEST_STEP][PASSED] - setText(findTestObject("Object Repository/RecAndPlayBk/Page-Vlink-ACH-Credit/input_Account Number"), acNumber): Text '12345678' is set on object 'Object Repository/RecAndPlayBk/Page-Vlink-ACH-Credit/input_Account Number'

2023-02-08 19:29:28 - [MESSAGE][PASSED] - Text '12345678' is set on object 'Object Repository/RecAndPlayBk/Page-Vlink-ACH-Credit/input_Account Number'

2023-02-08 19:29:28 - [TEST_STEP][PASSED] - setText(findTestObject("Object Repository/RecAndPlayBk/Page-Vlink-ACH-Credit/input_Routing Number"), rtn): Text '256072691' is set on object 'Object Repository/RecAndPlayBk/Page-Vlink-ACH-Credit/input_Routing Number'

2023-02-08 19:29:28 - [MESSAGE][PASSED] - Text '256072691' is set on object 'Object Repository/RecAndPlayBk/Page-Vlink-ACH-Credit/input_Routing Number'

2023-02-08 19:29:28 - [TEST_STEP][PASSED] - click(findTestObject("Object Repository/RecAndPlayBk/Page-Vlink-ACH-Credit/input")): Object: 'Object Repository/RecAndPlayBk/Page-Vlink-ACH-Credit/input' is clicked on

2023-02-08 19:29:29 - [MESSAGE][PASSED] - Object: 'Object Repository/RecAndPlayBk/Page-Vlink-ACH-Credit/input' is clicked on

2023-02-08 19:29:29 - [TEST_STEP][PASSED] - if (verifyTextPresent(errorMsg, true)): null

2023-02-08 19:29:29 - [MESSAGE][PASSED] - Text 'check_first_name, check_last_name, check_address, check_city, check_state, che' is present on page  using regular expression

2023-02-08 19:29:29 - [TEST_STEP][PASSED] - println("Error Message is present on the Confirmation page"): null

2023-02-08 19:29:29 - [TEST_STEP][PASSED] - out.println("Pass Record Number: " + row): null

2023-02-08 19:29:29 - [TEST_STEP][PASSED] - resText = "Pass": null

2023-02-08 19:29:29 - [TEST_STEP][PASSED] - pages.WriteExcel.demoKey(resText, datText, resColumn, datCloumn, fileLoc, nameSheet, row): pages.WriteExcel.demoKey is PASSED

2023-02-08 19:29:29 - [MESSAGE][PASSED] - pages.WriteExcel.demoKey is PASSED

2023-02-08 19:29:29 - [TEST_STEP][PASSED] - ExecuteTC = findTestData(dataFile).getValue("Execute", row): null

2023-02-08 19:29:29 - [TEST_STEP][PASSED] - out.println("Value of Execute is : " + ExecuteTC): null

2023-02-08 19:29:29 - [TEST_STEP][PASSED] - if (ExecuteTC.equalsIgnoreCase("Y")): null

2023-02-08 19:29:29 - [TEST_STEP][PASSED] - out.println("Begin Record Number: " + row): null

2023-02-08 19:29:29 - [TEST_STEP][PASSED] - today = new java.util.Date(): null

2023-02-08 19:29:29 - [TEST_STEP][PASSED] - println(today): null

2023-02-08 19:29:29 - [TEST_STEP][PASSED] - datText = today: null

2023-02-08 19:29:29 - [TEST_STEP][PASSED] - appID = findTestData(dataFile).getValue("AppID", row): null

2023-02-08 19:29:29 - [TEST_STEP][PASSED] - username = findTestData(dataFile).getValue("Username", row): null

2023-02-08 19:29:29 - [TEST_STEP][PASSED] - password = findTestData(dataFile).getValue("Password", row): null

2023-02-08 19:29:29 - [TEST_STEP][PASSED] - errorMsg = findTestData(dataFile).getValue("ErrorMsg", row): null

2023-02-08 19:29:30 - [TEST_STEP][PASSED] - tranType = findTestData(dataFile).getValue("TranType", row): null

2023-02-08 19:29:30 - [TEST_STEP][PASSED] - mv = findTestData(dataFile).getValue("MV", row): null

2023-02-08 19:29:30 - [TEST_STEP][PASSED] - resFormat = findTestData(dataFile).getValue("ResFormat", row): null

2023-02-08 19:29:30 - [TEST_STEP][PASSED] - checkType = findTestData(dataFile).getValue("CheckType", row): null

2023-02-08 19:29:30 - [TEST_STEP][PASSED] - sec = findTestData(dataFile).getValue("SEC", row): null

2023-02-08 19:29:30 - [TEST_STEP][PASSED] - tranID = findTestData(dataFile).getValue("TranxID", row): null

2023-02-08 19:29:30 - [TEST_STEP][PASSED] - amount = findTestData(dataFile).getValue("Amount", row): null

2023-02-08 19:29:30 - [TEST_STEP][PASSED] - acNumber = findTestData(dataFile).getValue("AcNumber", row): null

2023-02-08 19:29:30 - [TEST_STEP][PASSED] - rtn = findTestData(dataFile).getValue("RTN", row): null

2023-02-08 19:29:30 - [TEST_STEP][PASSED] - openBrowser(VLinkURL + "ACH_credit.html"): Browser is opened with url: 'https://dev-algorithm.govolution.com/vlinktest/QA/version_2_0/ACH_credit.html'

2023-02-08 19:29:30 - [MESSAGE][WARNING] - A browser is already opened. Closing browser and opening a new one

2023-02-08 19:29:31 - [MESSAGE][INFO] - Starting 'Chrome' driver

2023-02-08 19:29:31 - [MESSAGE][INFO] - User set preference: ['acceptInsecureCerts', 'true']

2023-02-08 19:29:31 - [MESSAGE][INFO] - Action delay is set to 0 milliseconds

2023-02-08 19:29:33 - [MESSAGE][PASSED] - Browser is opened with url: 'https://dev-algorithm.govolution.com/vlinktest/QA/version_2_0/ACH_credit.html'

2023-02-08 19:29:33 - [TEST_STEP][PASSED] - maximizeWindow(): Current window maximized

2023-02-08 19:29:33 - [MESSAGE][PASSED] - Current window maximized

2023-02-08 19:29:33 - [TEST_STEP][PASSED] - setText(findTestObject("Object Repository/RecAndPlayBk/Page-Vlink-ACH-Credit/input_Transaction Type"), tranType): Text '200' is set on object 'Object Repository/RecAndPlayBk/Page-Vlink-ACH-Credit/input_Transaction Type'

2023-02-08 19:29:33 - [MESSAGE][PASSED] - Text '200' is set on object 'Object Repository/RecAndPlayBk/Page-Vlink-ACH-Credit/input_Transaction Type'

2023-02-08 19:29:33 - [TEST_STEP][PASSED] - setText(findTestObject("Object Repository/RecAndPlayBk/Page-Vlink-ACH-Credit/input_Message Version"), mv): Text '2.0A' is set on object 'Object Repository/RecAndPlayBk/Page-Vlink-ACH-Credit/input_Message Version'

2023-02-08 19:29:34 - [MESSAGE][PASSED] - Text '2.0A' is set on object 'Object Repository/RecAndPlayBk/Page-Vlink-ACH-Credit/input_Message Version'

2023-02-08 19:29:34 - [TEST_STEP][PASSED] - genRemID = RandomStringUtils.random(12, true, true): null

2023-02-08 19:29:34 - [TEST_STEP][PASSED] - setText(findTestObject("Object Repository/RecAndPlayBk/Page-Vlink-ACH-Credit/input_Remittance Id"), genRemID): Text 'E4SRhbSEQpKf' is set on object 'Object Repository/RecAndPlayBk/Page-Vlink-ACH-Credit/input_Remittance Id'

2023-02-08 19:29:35 - [MESSAGE][PASSED] - Text 'E4SRhbSEQpKf' is set on object 'Object Repository/RecAndPlayBk/Page-Vlink-ACH-Credit/input_Remittance Id'

2023-02-08 19:29:35 - [TEST_STEP][PASSED] - setText(findTestObject("Object Repository/RecAndPlayBk/Page-Vlink-ACH-Credit/input_Application Id"), appID): Text '234' is set on object 'Object Repository/RecAndPlayBk/Page-Vlink-ACH-Credit/input_Application Id'

2023-02-08 19:29:35 - [MESSAGE][PASSED] - Text '234' is set on object 'Object Repository/RecAndPlayBk/Page-Vlink-ACH-Credit/input_Application Id'

2023-02-08 19:29:35 - [TEST_STEP][PASSED] - setText(findTestObject("Object Repository/RecAndPlayBk/Page-Vlink-ACH-Credit/input_Username"), username): Text 'username' is set on object 'Object Repository/RecAndPlayBk/Page-Vlink-ACH-Credit/input_Username'

2023-02-08 19:29:36 - [MESSAGE][PASSED] - Text 'username' is set on object 'Object Repository/RecAndPlayBk/Page-Vlink-ACH-Credit/input_Username'

2023-02-08 19:29:36 - [TEST_STEP][PASSED] - setText(findTestObject("Object Repository/RecAndPlayBk/Page-Vlink-ACH-Credit/input_Password"), password): Text 'password' is set on object 'Object Repository/RecAndPlayBk/Page-Vlink-ACH-Credit/input_Password'

2023-02-08 19:29:37 - [MESSAGE][PASSED] - Text 'password' is set on object 'Object Repository/RecAndPlayBk/Page-Vlink-ACH-Credit/input_Password'

2023-02-08 19:29:37 - [TEST_STEP][PASSED] - setText(findTestObject("Object Repository/RecAndPlayBk/Page-Vlink-ACH-Credit/input_Response Format"), resFormat): Text 'fixed_width' is set on object 'Object Repository/RecAndPlayBk/Page-Vlink-ACH-Credit/input_Response Format'

2023-02-08 19:29:37 - [MESSAGE][PASSED] - Text 'fixed_width' is set on object 'Object Repository/RecAndPlayBk/Page-Vlink-ACH-Credit/input_Response Format'

2023-02-08 19:29:37 - [TEST_STEP][PASSED] - setText(findTestObject("Object Repository/RecAndPlayBk/Page-Vlink-ACH-Credit/input_Check Type"), checkType): Text 'P' is set on object 'Object Repository/RecAndPlayBk/Page-Vlink-ACH-Credit/input_Check Type'

2023-02-08 19:29:38 - [MESSAGE][PASSED] - Text 'P' is set on object 'Object Repository/RecAndPlayBk/Page-Vlink-ACH-Credit/input_Check Type'

2023-02-08 19:29:38 - [TEST_STEP][PASSED] - setText(findTestObject("Object Repository/RecAndPlayBk/Page-Vlink-ACH-Credit/input_Transaction ID"), tranID): Text '12124566' is set on object 'Object Repository/RecAndPlayBk/Page-Vlink-ACH-Credit/input_Transaction ID'

2023-02-08 19:29:38 - [MESSAGE][PASSED] - Text '12124566' is set on object 'Object Repository/RecAndPlayBk/Page-Vlink-ACH-Credit/input_Transaction ID'

2023-02-08 19:29:38 - [TEST_STEP][PASSED] - setText(findTestObject("Object Repository/RecAndPlayBk/Page-Vlink-ACH-Credit/input_Amount"), amount): Text '12.50' is set on object 'Object Repository/RecAndPlayBk/Page-Vlink-ACH-Credit/input_Amount'

2023-02-08 19:29:39 - [MESSAGE][PASSED] - Text '12.50' is set on object 'Object Repository/RecAndPlayBk/Page-Vlink-ACH-Credit/input_Amount'

2023-02-08 19:29:39 - [TEST_STEP][PASSED] - setText(findTestObject("Object Repository/RecAndPlayBk/Page-Vlink-ACH-Credit/input_Standard Entry Class"), sec): Text 'WEB' is set on object 'Object Repository/RecAndPlayBk/Page-Vlink-ACH-Credit/input_Standard Entry Class'

2023-02-08 19:29:40 - [MESSAGE][PASSED] - Text 'WEB' is set on object 'Object Repository/RecAndPlayBk/Page-Vlink-ACH-Credit/input_Standard Entry Class'

2023-02-08 19:29:40 - [TEST_STEP][PASSED] - setText(findTestObject("Object Repository/RecAndPlayBk/Page-Vlink-ACH-Credit/input_Account Number"), acNumber): Text '' is set on object 'Object Repository/RecAndPlayBk/Page-Vlink-ACH-Credit/input_Account Number'

2023-02-08 19:29:40 - [MESSAGE][PASSED] - Text '' is set on object 'Object Repository/RecAndPlayBk/Page-Vlink-ACH-Credit/input_Account Number'

2023-02-08 19:29:40 - [TEST_STEP][PASSED] - setText(findTestObject("Object Repository/RecAndPlayBk/Page-Vlink-ACH-Credit/input_Routing Number"), rtn): Text '256072691' is set on object 'Object Repository/RecAndPlayBk/Page-Vlink-ACH-Credit/input_Routing Number'

2023-02-08 19:29:41 - [MESSAGE][PASSED] - Text '256072691' is set on object 'Object Repository/RecAndPlayBk/Page-Vlink-ACH-Credit/input_Routing Number'

2023-02-08 19:29:41 - [TEST_STEP][PASSED] - click(findTestObject("Object Repository/RecAndPlayBk/Page-Vlink-ACH-Credit/input")): Object: 'Object Repository/RecAndPlayBk/Page-Vlink-ACH-Credit/input' is clicked on

2023-02-08 19:29:41 - [MESSAGE][PASSED] - Object: 'Object Repository/RecAndPlayBk/Page-Vlink-ACH-Credit/input' is clicked on

2023-02-08 19:29:41 - [TEST_STEP][PASSED] - if (verifyTextPresent(errorMsg, true)): null

2023-02-08 19:29:42 - [MESSAGE][PASSED] - Text 'check_first_name, check_last_name, check_address, check_city, check_state, che' is present on page  using regular expression

2023-02-08 19:29:42 - [TEST_STEP][PASSED] - println("Error Message is present on the Confirmation page"): null

2023-02-08 19:29:42 - [TEST_STEP][PASSED] - out.println("Pass Record Number: " + row): null

2023-02-08 19:29:42 - [TEST_STEP][PASSED] - resText = "Pass": null

2023-02-08 19:29:42 - [TEST_STEP][PASSED] - pages.WriteExcel.demoKey(resText, datText, resColumn, datCloumn, fileLoc, nameSheet, row): pages.WriteExcel.demoKey is PASSED

2023-02-08 19:29:42 - [MESSAGE][PASSED] - pages.WriteExcel.demoKey is PASSED

2023-02-08 19:29:42 - [TEST_STEP][PASSED] - ExecuteTC = findTestData(dataFile).getValue("Execute", row): null

2023-02-08 19:29:42 - [TEST_STEP][PASSED] - out.println("Value of Execute is : " + ExecuteTC): null

2023-02-08 19:29:42 - [TEST_STEP][PASSED] - if (ExecuteTC.equalsIgnoreCase("Y")): null

2023-02-08 19:29:42 - [TEST_STEP][PASSED] - out.println("Begin Record Number: " + row): null

2023-02-08 19:29:42 - [TEST_STEP][PASSED] - today = new java.util.Date(): null

2023-02-08 19:29:42 - [TEST_STEP][PASSED] - println(today): null

2023-02-08 19:29:42 - [TEST_STEP][PASSED] - datText = today: null

2023-02-08 19:29:42 - [TEST_STEP][PASSED] - appID = findTestData(dataFile).getValue("AppID", row): null

2023-02-08 19:29:42 - [TEST_STEP][PASSED] - username = findTestData(dataFile).getValue("Username", row): null

2023-02-08 19:29:42 - [TEST_STEP][PASSED] - password = findTestData(dataFile).getValue("Password", row): null

2023-02-08 19:29:42 - [TEST_STEP][PASSED] - errorMsg = findTestData(dataFile).getValue("ErrorMsg", row): null

2023-02-08 19:29:42 - [TEST_STEP][PASSED] - tranType = findTestData(dataFile).getValue("TranType", row): null

2023-02-08 19:29:42 - [TEST_STEP][PASSED] - mv = findTestData(dataFile).getValue("MV", row): null

2023-02-08 19:29:42 - [TEST_STEP][PASSED] - resFormat = findTestData(dataFile).getValue("ResFormat", row): null

2023-02-08 19:29:42 - [TEST_STEP][PASSED] - checkType = findTestData(dataFile).getValue("CheckType", row): null

2023-02-08 19:29:42 - [TEST_STEP][PASSED] - sec = findTestData(dataFile).getValue("SEC", row): null

2023-02-08 19:29:43 - [TEST_STEP][PASSED] - tranID = findTestData(dataFile).getValue("TranxID", row): null

2023-02-08 19:29:43 - [TEST_STEP][PASSED] - amount = findTestData(dataFile).getValue("Amount", row): null

2023-02-08 19:29:43 - [TEST_STEP][PASSED] - acNumber = findTestData(dataFile).getValue("AcNumber", row): null

2023-02-08 19:29:43 - [TEST_STEP][PASSED] - rtn = findTestData(dataFile).getValue("RTN", row): null

2023-02-08 19:29:43 - [TEST_STEP][PASSED] - openBrowser(VLinkURL + "ACH_credit.html"): Browser is opened with url: 'https://dev-algorithm.govolution.com/vlinktest/QA/version_2_0/ACH_credit.html'

2023-02-08 19:29:43 - [MESSAGE][WARNING] - A browser is already opened. Closing browser and opening a new one

2023-02-08 19:29:44 - [MESSAGE][INFO] - Starting 'Chrome' driver

2023-02-08 19:29:44 - [MESSAGE][INFO] - User set preference: ['acceptInsecureCerts', 'true']

2023-02-08 19:29:44 - [MESSAGE][INFO] - Action delay is set to 0 milliseconds

2023-02-08 19:29:46 - [MESSAGE][PASSED] - Browser is opened with url: 'https://dev-algorithm.govolution.com/vlinktest/QA/version_2_0/ACH_credit.html'

2023-02-08 19:29:46 - [TEST_STEP][PASSED] - maximizeWindow(): Current window maximized

2023-02-08 19:29:46 - [MESSAGE][PASSED] - Current window maximized

2023-02-08 19:29:46 - [TEST_STEP][PASSED] - setText(findTestObject("Object Repository/RecAndPlayBk/Page-Vlink-ACH-Credit/input_Transaction Type"), tranType): Text '200' is set on object 'Object Repository/RecAndPlayBk/Page-Vlink-ACH-Credit/input_Transaction Type'

2023-02-08 19:29:46 - [MESSAGE][PASSED] - Text '200' is set on object 'Object Repository/RecAndPlayBk/Page-Vlink-ACH-Credit/input_Transaction Type'

2023-02-08 19:29:46 - [TEST_STEP][PASSED] - setText(findTestObject("Object Repository/RecAndPlayBk/Page-Vlink-ACH-Credit/input_Message Version"), mv): Text '2.0A' is set on object 'Object Repository/RecAndPlayBk/Page-Vlink-ACH-Credit/input_Message Version'

2023-02-08 19:29:47 - [MESSAGE][PASSED] - Text '2.0A' is set on object 'Object Repository/RecAndPlayBk/Page-Vlink-ACH-Credit/input_Message Version'

2023-02-08 19:29:47 - [TEST_STEP][PASSED] - genRemID = RandomStringUtils.random(12, true, true): null

2023-02-08 19:29:47 - [TEST_STEP][PASSED] - setText(findTestObject("Object Repository/RecAndPlayBk/Page-Vlink-ACH-Credit/input_Remittance Id"), genRemID): Text 'XwhY3KvcR8Q9' is set on object 'Object Repository/RecAndPlayBk/Page-Vlink-ACH-Credit/input_Remittance Id'

2023-02-08 19:29:48 - [MESSAGE][PASSED] - Text 'XwhY3KvcR8Q9' is set on object 'Object Repository/RecAndPlayBk/Page-Vlink-ACH-Credit/input_Remittance Id'

2023-02-08 19:29:48 - [TEST_STEP][PASSED] - setText(findTestObject("Object Repository/RecAndPlayBk/Page-Vlink-ACH-Credit/input_Application Id"), appID): Text '234' is set on object 'Object Repository/RecAndPlayBk/Page-Vlink-ACH-Credit/input_Application Id'

2023-02-08 19:29:48 - [MESSAGE][PASSED] - Text '234' is set on object 'Object Repository/RecAndPlayBk/Page-Vlink-ACH-Credit/input_Application Id'

2023-02-08 19:29:48 - [TEST_STEP][PASSED] - setText(findTestObject("Object Repository/RecAndPlayBk/Page-Vlink-ACH-Credit/input_Username"), username): Text 'username' is set on object 'Object Repository/RecAndPlayBk/Page-Vlink-ACH-Credit/input_Username'

2023-02-08 19:29:49 - [MESSAGE][PASSED] - Text 'username' is set on object 'Object Repository/RecAndPlayBk/Page-Vlink-ACH-Credit/input_Username'

2023-02-08 19:29:49 - [TEST_STEP][PASSED] - setText(findTestObject("Object Repository/RecAndPlayBk/Page-Vlink-ACH-Credit/input_Password"), password): Text 'password' is set on object 'Object Repository/RecAndPlayBk/Page-Vlink-ACH-Credit/input_Password'

2023-02-08 19:29:49 - [MESSAGE][PASSED] - Text 'password' is set on object 'Object Repository/RecAndPlayBk/Page-Vlink-ACH-Credit/input_Password'

2023-02-08 19:29:49 - [TEST_STEP][PASSED] - setText(findTestObject("Object Repository/RecAndPlayBk/Page-Vlink-ACH-Credit/input_Response Format"), resFormat): Text 'fixed_width' is set on object 'Object Repository/RecAndPlayBk/Page-Vlink-ACH-Credit/input_Response Format'

2023-02-08 19:29:50 - [MESSAGE][PASSED] - Text 'fixed_width' is set on object 'Object Repository/RecAndPlayBk/Page-Vlink-ACH-Credit/input_Response Format'

2023-02-08 19:29:50 - [TEST_STEP][PASSED] - setText(findTestObject("Object Repository/RecAndPlayBk/Page-Vlink-ACH-Credit/input_Check Type"), checkType): Text 'P' is set on object 'Object Repository/RecAndPlayBk/Page-Vlink-ACH-Credit/input_Check Type'

2023-02-08 19:29:51 - [MESSAGE][PASSED] - Text 'P' is set on object 'Object Repository/RecAndPlayBk/Page-Vlink-ACH-Credit/input_Check Type'

2023-02-08 19:29:51 - [TEST_STEP][PASSED] - setText(findTestObject("Object Repository/RecAndPlayBk/Page-Vlink-ACH-Credit/input_Transaction ID"), tranID): Text '12124566' is set on object 'Object Repository/RecAndPlayBk/Page-Vlink-ACH-Credit/input_Transaction ID'

2023-02-08 19:29:51 - [MESSAGE][PASSED] - Text '12124566' is set on object 'Object Repository/RecAndPlayBk/Page-Vlink-ACH-Credit/input_Transaction ID'

2023-02-08 19:29:51 - [TEST_STEP][PASSED] - setText(findTestObject("Object Repository/RecAndPlayBk/Page-Vlink-ACH-Credit/input_Amount"), amount): Text '12.50' is set on object 'Object Repository/RecAndPlayBk/Page-Vlink-ACH-Credit/input_Amount'

2023-02-08 19:29:52 - [MESSAGE][PASSED] - Text '12.50' is set on object 'Object Repository/RecAndPlayBk/Page-Vlink-ACH-Credit/input_Amount'

2023-02-08 19:29:52 - [TEST_STEP][PASSED] - setText(findTestObject("Object Repository/RecAndPlayBk/Page-Vlink-ACH-Credit/input_Standard Entry Class"), sec): Text 'WEB' is set on object 'Object Repository/RecAndPlayBk/Page-Vlink-ACH-Credit/input_Standard Entry Class'

2023-02-08 19:29:53 - [MESSAGE][PASSED] - Text 'WEB' is set on object 'Object Repository/RecAndPlayBk/Page-Vlink-ACH-Credit/input_Standard Entry Class'

2023-02-08 19:29:53 - [TEST_STEP][PASSED] - setText(findTestObject("Object Repository/RecAndPlayBk/Page-Vlink-ACH-Credit/input_Account Number"), acNumber): Text '12345678' is set on object 'Object Repository/RecAndPlayBk/Page-Vlink-ACH-Credit/input_Account Number'

2023-02-08 19:29:53 - [MESSAGE][PASSED] - Text '12345678' is set on object 'Object Repository/RecAndPlayBk/Page-Vlink-ACH-Credit/input_Account Number'

2023-02-08 19:29:53 - [TEST_STEP][PASSED] - setText(findTestObject("Object Repository/RecAndPlayBk/Page-Vlink-ACH-Credit/input_Routing Number"), rtn): Text '' is set on object 'Object Repository/RecAndPlayBk/Page-Vlink-ACH-Credit/input_Routing Number'

2023-02-08 19:29:54 - [MESSAGE][PASSED] - Text '' is set on object 'Object Repository/RecAndPlayBk/Page-Vlink-ACH-Credit/input_Routing Number'

2023-02-08 19:29:54 - [TEST_STEP][PASSED] - click(findTestObject("Object Repository/RecAndPlayBk/Page-Vlink-ACH-Credit/input")): Object: 'Object Repository/RecAndPlayBk/Page-Vlink-ACH-Credit/input' is clicked on

2023-02-08 19:29:54 - [MESSAGE][PASSED] - Object: 'Object Repository/RecAndPlayBk/Page-Vlink-ACH-Credit/input' is clicked on

2023-02-08 19:29:54 - [TEST_STEP][PASSED] - if (verifyTextPresent(errorMsg, true)): null

2023-02-08 19:29:55 - [MESSAGE][PASSED] - Text 'check_first_name, check_last_name, check_address, check_city, check_state, che' is present on page  using regular expression

2023-02-08 19:29:55 - [TEST_STEP][PASSED] - println("Error Message is present on the Confirmation page"): null

2023-02-08 19:29:55 - [TEST_STEP][PASSED] - out.println("Pass Record Number: " + row): null

2023-02-08 19:29:55 - [TEST_STEP][PASSED] - resText = "Pass": null

2023-02-08 19:29:55 - [TEST_STEP][PASSED] - pages.WriteExcel.demoKey(resText, datText, resColumn, datCloumn, fileLoc, nameSheet, row): pages.WriteExcel.demoKey is PASSED

2023-02-08 19:29:55 - [MESSAGE][PASSED] - pages.WriteExcel.demoKey is PASSED]]></system-out>
         <system-err><![CDATA[]]></system-err>
      </testcase>
      <testcase name="Test Cases/RecAndPlayBk/VLink/Debit-Credit-RemID-Pipe" time="172.668" classname="Test Cases/RecAndPlayBk/VLink/Debit-Credit-RemID-Pipe" status="PASSED">
         <system-out><![CDATA[2023-02-08 19:29:55 - [TEST_CASE][PASSED] - Test Cases/RecAndPlayBk/VLink/Debit-Credit-RemID-Pipe: Test Cases/RecAndPlayBk/VLink/Debit-Credit-RemID-Pipe

2023-02-08 19:29:55 - [TEST_STEP][PASSED] - executionProfile = getExecutionProfile(): null

2023-02-08 19:29:55 - [TEST_STEP][PASSED] - out.println("executionProfile : " + executionProfile): null

2023-02-08 19:29:55 - [TEST_STEP][PASSED] - resText = "Fail": null

2023-02-08 19:29:55 - [TEST_STEP][PASSED] - resColumn = "Result": null

2023-02-08 19:29:55 - [TEST_STEP][PASSED] - datCloumn = "Date": null

2023-02-08 19:29:55 - [TEST_STEP][PASSED] - fileLoc = "KatalonData/VLinkSmokeDataACH.xlsx": null

2023-02-08 19:29:55 - [TEST_STEP][PASSED] - numOfRows = <not implemented yet for class: org.codehaus.groovy.ast.expr.EmptyExpression>: null

2023-02-08 19:29:55 - [TEST_STEP][PASSED] - dataFile = <not implemented yet for class: org.codehaus.groovy.ast.expr.EmptyExpression>: null

2023-02-08 19:29:55 - [TEST_STEP][PASSED] - nameSheet = <not implemented yet for class: org.codehaus.groovy.ast.expr.EmptyExpression>: null

2023-02-08 19:29:55 - [TEST_STEP][PASSED] - nameSheet = "DebitCredit-RemID-Pipe": null

2023-02-08 19:29:55 - [TEST_STEP][PASSED] - numOfRows = findTestData("QA/VLinkTestData/VLinkDebitCreditRemIDPipeData").getRowNumbers(): null

2023-02-08 19:29:55 - [TEST_STEP][PASSED] - println("Number of Records: " + numOfRows): null

2023-02-08 19:29:55 - [TEST_STEP][PASSED] - dataFile = "QA/VLinkTestData/VLinkDebitCreditRemIDPipeData": null

2023-02-08 19:29:55 - [TEST_STEP][PASSED] - for ([row = 1, row <= numOfRows, (row++)]): null

2023-02-08 19:29:55 - [TEST_STEP][PASSED] - ExecuteTC = findTestData(dataFile).getValue("Execute", row): null

2023-02-08 19:29:55 - [TEST_STEP][PASSED] - out.println("Value of Execute is : " + ExecuteTC): null

2023-02-08 19:29:55 - [TEST_STEP][PASSED] - switch (executionProfile): null

2023-02-08 19:29:55 - [TEST_STEP][PASSED] - case "QAProfile":: null

2023-02-08 19:29:55 - [TEST_STEP][PASSED] - appID = findTestData(dataFile).getValue("AppIDQA", row): null

2023-02-08 19:29:55 - [TEST_STEP][PASSED] - username = findTestData(dataFile).getValue("UsernameQA", row): null

2023-02-08 19:29:55 - [TEST_STEP][PASSED] - password = findTestData(dataFile).getValue("PasswordQA", row): null

2023-02-08 19:29:56 - [TEST_STEP][PASSED] - break: null

2023-02-08 19:29:56 - [TEST_STEP][PASSED] - if (ExecuteTC.equalsIgnoreCase("Y")): null

2023-02-08 19:29:56 - [TEST_STEP][PASSED] - out.println("Begin Record Number: " + row): null

2023-02-08 19:29:56 - [TEST_STEP][PASSED] - today = new java.util.Date(): null

2023-02-08 19:29:56 - [TEST_STEP][PASSED] - println(today): null

2023-02-08 19:29:56 - [TEST_STEP][PASSED] - datText = today: null

2023-02-08 19:29:56 - [TEST_STEP][PASSED] - checkType = findTestData(dataFile).getValue("CheckType", row): null

2023-02-08 19:29:56 - [TEST_STEP][PASSED] - acNumber = findTestData(dataFile).getValue("AcNumber", row): null

2023-02-08 19:29:56 - [TEST_STEP][PASSED] - company = findTestData(dataFile).getValue("Company", row): null

2023-02-08 19:29:56 - [TEST_STEP][PASSED] - acType = findTestData(dataFile).getValue("AcType", row): null

2023-02-08 19:29:56 - [TEST_STEP][PASSED] - rtn = findTestData(dataFile).getValue("RTN", row): null

2023-02-08 19:29:56 - [TEST_STEP][PASSED] - amount = findTestData(dataFile).getValue("Amount", row): null

2023-02-08 19:29:56 - [TEST_STEP][PASSED] - sec = findTestData(dataFile).getValue("SEC", row): null

2023-02-08 19:29:56 - [TEST_STEP][PASSED] - openBrowser(VLinkURL + "debit.html"): Browser is opened with url: 'https://dev-algorithm.govolution.com/vlinktest/QA/version_2_0/debit.html'

2023-02-08 19:29:56 - [MESSAGE][WARNING] - A browser is already opened. Closing browser and opening a new one

2023-02-08 19:29:57 - [MESSAGE][INFO] - Starting 'Chrome' driver

2023-02-08 19:29:57 - [MESSAGE][INFO] - User set preference: ['acceptInsecureCerts', 'true']

2023-02-08 19:29:57 - [MESSAGE][INFO] - Action delay is set to 0 milliseconds

2023-02-08 19:29:59 - [MESSAGE][PASSED] - Browser is opened with url: 'https://dev-algorithm.govolution.com/vlinktest/QA/version_2_0/debit.html'

2023-02-08 19:29:59 - [TEST_STEP][PASSED] - maximizeWindow(): Current window maximized

2023-02-08 19:29:59 - [MESSAGE][PASSED] - Current window maximized

2023-02-08 19:29:59 - [TEST_STEP][PASSED] - genRemID1 = random() * 99999).toInteger(): null

2023-02-08 19:29:59 - [TEST_STEP][PASSED] - genRemID2 = random() * 99999).toInteger(): null

2023-02-08 19:29:59 - [TEST_STEP][PASSED] - genRemID3 = random() * 99999).toInteger(): null

2023-02-08 19:29:59 - [TEST_STEP][PASSED] - println(genRemID1): null

2023-02-08 19:29:59 - [TEST_STEP][PASSED] - println(genRemID2): null

2023-02-08 19:29:59 - [TEST_STEP][PASSED] - println(genRemID3): null

2023-02-08 19:29:59 - [TEST_STEP][PASSED] - genRemID = genRemID1 + "|" + genRemID2 + "|" + genRemID3: null

2023-02-08 19:29:59 - [TEST_STEP][PASSED] - println(genRemID): null

2023-02-08 19:29:59 - [TEST_STEP][PASSED] - setText(findTestObject("RecAndPlayBk/Page-Vlink-Debit/input_Remittance Id"), genRemID): Text '47223|58616|84447' is set on object 'Object Repository/RecAndPlayBk/Page-Vlink-Debit/input_Remittance Id'

2023-02-08 19:30:00 - [MESSAGE][PASSED] - Text '47223|58616|84447' is set on object 'Object Repository/RecAndPlayBk/Page-Vlink-Debit/input_Remittance Id'

2023-02-08 19:30:00 - [TEST_STEP][PASSED] - setText(findTestObject("RecAndPlayBk/Page-Vlink-Debit/input_Application Id"), appID): Text '234' is set on object 'Object Repository/RecAndPlayBk/Page-Vlink-Debit/input_Application Id'

2023-02-08 19:30:00 - [MESSAGE][PASSED] - Text '234' is set on object 'Object Repository/RecAndPlayBk/Page-Vlink-Debit/input_Application Id'

2023-02-08 19:30:00 - [TEST_STEP][PASSED] - setText(findTestObject("RecAndPlayBk/Page-Vlink-Debit/input_Username"), username): Text 'username' is set on object 'Object Repository/RecAndPlayBk/Page-Vlink-Debit/input_Username'

2023-02-08 19:30:01 - [MESSAGE][PASSED] - Text 'username' is set on object 'Object Repository/RecAndPlayBk/Page-Vlink-Debit/input_Username'

2023-02-08 19:30:01 - [TEST_STEP][PASSED] - setText(findTestObject("RecAndPlayBk/Page-Vlink-Debit/input_Password"), password): Text 'password' is set on object 'Object Repository/RecAndPlayBk/Page-Vlink-Debit/input_Password'

2023-02-08 19:30:01 - [MESSAGE][PASSED] - Text 'password' is set on object 'Object Repository/RecAndPlayBk/Page-Vlink-Debit/input_Password'

2023-02-08 19:30:01 - [TEST_STEP][PASSED] - setText(findTestObject("RecAndPlayBk/Page-Vlink-Debit/input_Check Type"), checkType): Text 'P' is set on object 'Object Repository/RecAndPlayBk/Page-Vlink-Debit/input_Check Type'

2023-02-08 19:30:02 - [MESSAGE][PASSED] - Text 'P' is set on object 'Object Repository/RecAndPlayBk/Page-Vlink-Debit/input_Check Type'

2023-02-08 19:30:02 - [TEST_STEP][PASSED] - setText(findTestObject("RecAndPlayBk/Page-Vlink-Debit/input_Account_check"), acNumber): Text '58963214' is set on object 'Object Repository/RecAndPlayBk/Page-Vlink-Debit/input_Account_check'

2023-02-08 19:30:03 - [MESSAGE][PASSED] - Text '58963214' is set on object 'Object Repository/RecAndPlayBk/Page-Vlink-Debit/input_Account_check'

2023-02-08 19:30:03 - [TEST_STEP][PASSED] - setText(findTestObject("RecAndPlayBk/Page-Vlink-Debit/input_Company_check"), company): Text '' is set on object 'Object Repository/RecAndPlayBk/Page-Vlink-Debit/input_Company_check'

2023-02-08 19:30:03 - [MESSAGE][PASSED] - Text '' is set on object 'Object Repository/RecAndPlayBk/Page-Vlink-Debit/input_Company_check'

2023-02-08 19:30:03 - [TEST_STEP][PASSED] - setText(findTestObject("RecAndPlayBk/Page-Vlink-Debit/input_Account Type"), acType): Text '1' is set on object 'Object Repository/RecAndPlayBk/Page-Vlink-Debit/input_Account Type'

2023-02-08 19:30:04 - [MESSAGE][PASSED] - Text '1' is set on object 'Object Repository/RecAndPlayBk/Page-Vlink-Debit/input_Account Type'

2023-02-08 19:30:04 - [TEST_STEP][PASSED] - setText(findTestObject("RecAndPlayBk/Page-Vlink-Debit/input_Routing Number"), rtn): Text '256072691' is set on object 'Object Repository/RecAndPlayBk/Page-Vlink-Debit/input_Routing Number'

2023-02-08 19:30:05 - [MESSAGE][PASSED] - Text '256072691' is set on object 'Object Repository/RecAndPlayBk/Page-Vlink-Debit/input_Routing Number'

2023-02-08 19:30:05 - [TEST_STEP][PASSED] - setText(findTestObject("RecAndPlayBk/Page-Vlink-Debit/input_Amount"), amount): Text '12.50' is set on object 'Object Repository/RecAndPlayBk/Page-Vlink-Debit/input_Amount'

2023-02-08 19:30:05 - [MESSAGE][PASSED] - Text '12.50' is set on object 'Object Repository/RecAndPlayBk/Page-Vlink-Debit/input_Amount'

2023-02-08 19:30:05 - [TEST_STEP][PASSED] - setText(findTestObject("RecAndPlayBk/Page-Vlink-Debit/input_Check Email"), ""): Text '' is set on object 'Object Repository/RecAndPlayBk/Page-Vlink-Debit/input_Check Email'

2023-02-08 19:30:06 - [MESSAGE][PASSED] - Text '' is set on object 'Object Repository/RecAndPlayBk/Page-Vlink-Debit/input_Check Email'

2023-02-08 19:30:06 - [TEST_STEP][PASSED] - setText(findTestObject("Object Repository/RecAndPlayBk/Page-Vlink-Debit/input_concat(CheckWriter, , s SSN)_check_ssn"), ""): Text '' is set on object 'Object Repository/RecAndPlayBk/Page-Vlink-Debit/input_concat(CheckWriter, , s SSN)_check_ssn'

2023-02-08 19:30:06 - [MESSAGE][PASSED] - Text '' is set on object 'Object Repository/RecAndPlayBk/Page-Vlink-Debit/input_concat(CheckWriter, , s SSN)_check_ssn'

2023-02-08 19:30:06 - [TEST_STEP][PASSED] - setText(findTestObject("Object Repository/RecAndPlayBk/Page-Vlink-Debit/input_concat(CheckWriter, , s License Numbe_020fef"), ""): Text '' is set on object 'Object Repository/RecAndPlayBk/Page-Vlink-Debit/input_concat(CheckWriter, , s License Numbe_020fef'

2023-02-08 19:30:07 - [MESSAGE][PASSED] - Text '' is set on object 'Object Repository/RecAndPlayBk/Page-Vlink-Debit/input_concat(CheckWriter, , s License Numbe_020fef'

2023-02-08 19:30:07 - [TEST_STEP][PASSED] - setText(findTestObject("Object Repository/RecAndPlayBk/Page-Vlink-Debit/input_concat(CheckWriter, , s License State_21e3e7"), ""): Text '' is set on object 'Object Repository/RecAndPlayBk/Page-Vlink-Debit/input_concat(CheckWriter, , s License State_21e3e7'

2023-02-08 19:30:08 - [MESSAGE][PASSED] - Text '' is set on object 'Object Repository/RecAndPlayBk/Page-Vlink-Debit/input_concat(CheckWriter, , s License State_21e3e7'

2023-02-08 19:30:08 - [TEST_STEP][PASSED] - setText(findTestObject("RecAndPlayBk/Page-Vlink-Debit/input_Standard Entry Class"), sec): Text 'WEB' is set on object 'Object Repository/RecAndPlayBk/Page-Vlink-Debit/input_Standard Entry Class'

2023-02-08 19:30:08 - [MESSAGE][PASSED] - Text 'WEB' is set on object 'Object Repository/RecAndPlayBk/Page-Vlink-Debit/input_Standard Entry Class'

2023-02-08 19:30:08 - [TEST_STEP][PASSED] - click(findTestObject("Object Repository/RecAndPlayBk/Page-Vlink-Debit/input")): Object: 'Object Repository/RecAndPlayBk/Page-Vlink-Debit/input' is clicked on

2023-02-08 19:30:09 - [MESSAGE][PASSED] - Object: 'Object Repository/RecAndPlayBk/Page-Vlink-Debit/input' is clicked on

2023-02-08 19:30:09 - [TEST_STEP][PASSED] - if (verifyTextPresent("Transaction approved, no errors", true)): null

2023-02-08 19:30:09 - [MESSAGE][PASSED] - Text 'Transaction approved, no errors' is present on page  using regular expression

2023-02-08 19:30:09 - [TEST_STEP][PASSED] - println("Transaction Approved, no errors text is present on the Confirmation page"): null

2023-02-08 19:30:09 - [TEST_STEP][PASSED] - sdfo = getText(findTestObject("Object Repository/Page_VLinkReceipt/pre_STX")): Text of object 'Object Repository/Page_VLinkReceipt/pre_STX' is: '<STX>47223|58616|84447             12125316            0  Transaction approved, no errors                   0                                                                                                              <ETX>'

2023-02-08 19:30:10 - [MESSAGE][PASSED] - Text of object 'Object Repository/Page_VLinkReceipt/pre_STX' is: '<STX>47223|58616|84447             12125316            0  Transaction approved, no errors                   0                                                                                                              <ETX>'

2023-02-08 19:30:10 - [TEST_STEP][PASSED] - out.println("sdfo: " + sdfo): null

2023-02-08 19:30:10 - [TEST_STEP][PASSED] - remID = substring(5, 35).trim(): null

2023-02-08 19:30:10 - [TEST_STEP][PASSED] - out.println("remID: " + remID): null

2023-02-08 19:30:10 - [TEST_STEP][PASSED] - traxID = substring(35, 55).trim(): null

2023-02-08 19:30:10 - [TEST_STEP][PASSED] - out.println("traxID: " + traxID): null

2023-02-08 19:30:10 - [TEST_STEP][PASSED] - VLinkSaleRemID = remID: null

2023-02-08 19:30:10 - [TEST_STEP][PASSED] - VLinkSaleTranxID = traxID: null

2023-02-08 19:30:10 - [TEST_STEP][PASSED] - openBrowser(VLinkURL + "ACH_credit.html"): Browser is opened with url: 'https://dev-algorithm.govolution.com/vlinktest/QA/version_2_0/ACH_credit.html'

2023-02-08 19:30:10 - [MESSAGE][WARNING] - A browser is already opened. Closing browser and opening a new one

2023-02-08 19:30:11 - [MESSAGE][INFO] - Starting 'Chrome' driver

2023-02-08 19:30:11 - [MESSAGE][INFO] - User set preference: ['acceptInsecureCerts', 'true']

2023-02-08 19:30:11 - [MESSAGE][INFO] - Action delay is set to 0 milliseconds

2023-02-08 19:30:12 - [MESSAGE][PASSED] - Browser is opened with url: 'https://dev-algorithm.govolution.com/vlinktest/QA/version_2_0/ACH_credit.html'

2023-02-08 19:30:12 - [TEST_STEP][PASSED] - maximizeWindow(): Current window maximized

2023-02-08 19:30:12 - [MESSAGE][PASSED] - Current window maximized

2023-02-08 19:30:12 - [TEST_STEP][PASSED] - setText(findTestObject("Object Repository/RecAndPlayBk/Page-Vlink-ACH-Credit/input_Remittance Id"), VLinkSaleRemID): Text '47223|58616|84447' is set on object 'Object Repository/RecAndPlayBk/Page-Vlink-ACH-Credit/input_Remittance Id'

2023-02-08 19:30:13 - [MESSAGE][PASSED] - Text '47223|58616|84447' is set on object 'Object Repository/RecAndPlayBk/Page-Vlink-ACH-Credit/input_Remittance Id'

2023-02-08 19:30:13 - [TEST_STEP][PASSED] - setText(findTestObject("Object Repository/RecAndPlayBk/Page-Vlink-ACH-Credit/input_Application Id"), appID): Text '234' is set on object 'Object Repository/RecAndPlayBk/Page-Vlink-ACH-Credit/input_Application Id'

2023-02-08 19:30:14 - [MESSAGE][PASSED] - Text '234' is set on object 'Object Repository/RecAndPlayBk/Page-Vlink-ACH-Credit/input_Application Id'

2023-02-08 19:30:14 - [TEST_STEP][PASSED] - setText(findTestObject("Object Repository/RecAndPlayBk/Page-Vlink-ACH-Credit/input_Username"), username): Text 'username' is set on object 'Object Repository/RecAndPlayBk/Page-Vlink-ACH-Credit/input_Username'

2023-02-08 19:30:14 - [MESSAGE][PASSED] - Text 'username' is set on object 'Object Repository/RecAndPlayBk/Page-Vlink-ACH-Credit/input_Username'

2023-02-08 19:30:14 - [TEST_STEP][PASSED] - setText(findTestObject("Object Repository/RecAndPlayBk/Page-Vlink-ACH-Credit/input_Password"), password): Text 'password' is set on object 'Object Repository/RecAndPlayBk/Page-Vlink-ACH-Credit/input_Password'

2023-02-08 19:30:15 - [MESSAGE][PASSED] - Text 'password' is set on object 'Object Repository/RecAndPlayBk/Page-Vlink-ACH-Credit/input_Password'

2023-02-08 19:30:15 - [TEST_STEP][PASSED] - setText(findTestObject("Object Repository/RecAndPlayBk/Page-Vlink-ACH-Credit/input_Check Type"), checkType): Text 'P' is set on object 'Object Repository/RecAndPlayBk/Page-Vlink-ACH-Credit/input_Check Type'

2023-02-08 19:30:16 - [MESSAGE][PASSED] - Text 'P' is set on object 'Object Repository/RecAndPlayBk/Page-Vlink-ACH-Credit/input_Check Type'

2023-02-08 19:30:16 - [TEST_STEP][PASSED] - setText(findTestObject("Object Repository/RecAndPlayBk/Page-Vlink-ACH-Credit/input_Transaction ID"), VLinkSaleTranxID): Text '12125316' is set on object 'Object Repository/RecAndPlayBk/Page-Vlink-ACH-Credit/input_Transaction ID'

2023-02-08 19:30:16 - [MESSAGE][PASSED] - Text '12125316' is set on object 'Object Repository/RecAndPlayBk/Page-Vlink-ACH-Credit/input_Transaction ID'

2023-02-08 19:30:16 - [TEST_STEP][PASSED] - setText(findTestObject("Object Repository/RecAndPlayBk/Page-Vlink-ACH-Credit/input_Amount"), amount): Text '12.50' is set on object 'Object Repository/RecAndPlayBk/Page-Vlink-ACH-Credit/input_Amount'

2023-02-08 19:30:17 - [MESSAGE][PASSED] - Text '12.50' is set on object 'Object Repository/RecAndPlayBk/Page-Vlink-ACH-Credit/input_Amount'

2023-02-08 19:30:17 - [TEST_STEP][PASSED] - setText(findTestObject("Object Repository/RecAndPlayBk/Page-Vlink-ACH-Credit/input_Standard Entry Class"), sec): Text 'WEB' is set on object 'Object Repository/RecAndPlayBk/Page-Vlink-ACH-Credit/input_Standard Entry Class'

2023-02-08 19:30:17 - [MESSAGE][PASSED] - Text 'WEB' is set on object 'Object Repository/RecAndPlayBk/Page-Vlink-ACH-Credit/input_Standard Entry Class'

2023-02-08 19:30:17 - [TEST_STEP][PASSED] - setText(findTestObject("Object Repository/RecAndPlayBk/Page-Vlink-ACH-Credit/input_Account Number"), acNumber): Text '58963214' is set on object 'Object Repository/RecAndPlayBk/Page-Vlink-ACH-Credit/input_Account Number'

2023-02-08 19:30:18 - [MESSAGE][PASSED] - Text '58963214' is set on object 'Object Repository/RecAndPlayBk/Page-Vlink-ACH-Credit/input_Account Number'

2023-02-08 19:30:18 - [TEST_STEP][PASSED] - setText(findTestObject("Object Repository/RecAndPlayBk/Page-Vlink-ACH-Credit/input_Routing Number"), rtn): Text '256072691' is set on object 'Object Repository/RecAndPlayBk/Page-Vlink-ACH-Credit/input_Routing Number'

2023-02-08 19:30:19 - [MESSAGE][PASSED] - Text '256072691' is set on object 'Object Repository/RecAndPlayBk/Page-Vlink-ACH-Credit/input_Routing Number'

2023-02-08 19:30:19 - [TEST_STEP][PASSED] - click(findTestObject("Object Repository/RecAndPlayBk/Page-Vlink-ACH-Credit/input")): Object: 'Object Repository/RecAndPlayBk/Page-Vlink-ACH-Credit/input' is clicked on

2023-02-08 19:30:19 - [MESSAGE][PASSED] - Object: 'Object Repository/RecAndPlayBk/Page-Vlink-ACH-Credit/input' is clicked on

2023-02-08 19:30:19 - [TEST_STEP][PASSED] - if (verifyTextPresent("Transaction approved, no errors", true)): null

2023-02-08 19:30:20 - [MESSAGE][PASSED] - Text 'Transaction approved, no errors' is present on page  using regular expression

2023-02-08 19:30:20 - [TEST_STEP][PASSED] - println("Transaction Approved, no errors text is present on the Confirmation page"): null

2023-02-08 19:30:20 - [TEST_STEP][PASSED] - out.println("Pass Record Number: " + row): null

2023-02-08 19:30:20 - [TEST_STEP][PASSED] - resText = "Pass": null

2023-02-08 19:30:20 - [TEST_STEP][PASSED] - pages.WriteExcel.demoKey(resText, datText, resColumn, datCloumn, fileLoc, nameSheet, row): pages.WriteExcel.demoKey is PASSED

2023-02-08 19:30:20 - [MESSAGE][PASSED] - pages.WriteExcel.demoKey is PASSED

2023-02-08 19:30:20 - [TEST_STEP][PASSED] - ExecuteTC = findTestData(dataFile).getValue("Execute", row): null

2023-02-08 19:30:20 - [TEST_STEP][PASSED] - out.println("Value of Execute is : " + ExecuteTC): null

2023-02-08 19:30:20 - [TEST_STEP][PASSED] - switch (executionProfile): null

2023-02-08 19:30:20 - [TEST_STEP][PASSED] - case "QAProfile":: null

2023-02-08 19:30:20 - [TEST_STEP][PASSED] - appID = findTestData(dataFile).getValue("AppIDQA", row): null

2023-02-08 19:30:20 - [TEST_STEP][PASSED] - username = findTestData(dataFile).getValue("UsernameQA", row): null

2023-02-08 19:30:20 - [TEST_STEP][PASSED] - password = findTestData(dataFile).getValue("PasswordQA", row): null

2023-02-08 19:30:20 - [TEST_STEP][PASSED] - break: null

2023-02-08 19:30:20 - [TEST_STEP][PASSED] - if (ExecuteTC.equalsIgnoreCase("Y")): null

2023-02-08 19:30:20 - [TEST_STEP][PASSED] - out.println("Begin Record Number: " + row): null

2023-02-08 19:30:20 - [TEST_STEP][PASSED] - today = new java.util.Date(): null

2023-02-08 19:30:20 - [TEST_STEP][PASSED] - println(today): null

2023-02-08 19:30:20 - [TEST_STEP][PASSED] - datText = today: null

2023-02-08 19:30:20 - [TEST_STEP][PASSED] - checkType = findTestData(dataFile).getValue("CheckType", row): null

2023-02-08 19:30:20 - [TEST_STEP][PASSED] - acNumber = findTestData(dataFile).getValue("AcNumber", row): null

2023-02-08 19:30:20 - [TEST_STEP][PASSED] - company = findTestData(dataFile).getValue("Company", row): null

2023-02-08 19:30:20 - [TEST_STEP][PASSED] - acType = findTestData(dataFile).getValue("AcType", row): null

2023-02-08 19:30:20 - [TEST_STEP][PASSED] - rtn = findTestData(dataFile).getValue("RTN", row): null

2023-02-08 19:30:20 - [TEST_STEP][PASSED] - amount = findTestData(dataFile).getValue("Amount", row): null

2023-02-08 19:30:21 - [TEST_STEP][PASSED] - sec = findTestData(dataFile).getValue("SEC", row): null

2023-02-08 19:30:21 - [TEST_STEP][PASSED] - openBrowser(VLinkURL + "debit.html"): Browser is opened with url: 'https://dev-algorithm.govolution.com/vlinktest/QA/version_2_0/debit.html'

2023-02-08 19:30:21 - [MESSAGE][WARNING] - A browser is already opened. Closing browser and opening a new one

2023-02-08 19:30:22 - [MESSAGE][INFO] - Starting 'Chrome' driver

2023-02-08 19:30:22 - [MESSAGE][INFO] - User set preference: ['acceptInsecureCerts', 'true']

2023-02-08 19:30:22 - [MESSAGE][INFO] - Action delay is set to 0 milliseconds

2023-02-08 19:30:23 - [MESSAGE][PASSED] - Browser is opened with url: 'https://dev-algorithm.govolution.com/vlinktest/QA/version_2_0/debit.html'

2023-02-08 19:30:23 - [TEST_STEP][PASSED] - maximizeWindow(): Current window maximized

2023-02-08 19:30:24 - [MESSAGE][PASSED] - Current window maximized

2023-02-08 19:30:24 - [TEST_STEP][PASSED] - genRemID1 = random() * 99999).toInteger(): null

2023-02-08 19:30:24 - [TEST_STEP][PASSED] - genRemID2 = random() * 99999).toInteger(): null

2023-02-08 19:30:24 - [TEST_STEP][PASSED] - genRemID3 = random() * 99999).toInteger(): null

2023-02-08 19:30:24 - [TEST_STEP][PASSED] - println(genRemID1): null

2023-02-08 19:30:24 - [TEST_STEP][PASSED] - println(genRemID2): null

2023-02-08 19:30:24 - [TEST_STEP][PASSED] - println(genRemID3): null

2023-02-08 19:30:24 - [TEST_STEP][PASSED] - genRemID = genRemID1 + "|" + genRemID2 + "|" + genRemID3: null

2023-02-08 19:30:24 - [TEST_STEP][PASSED] - println(genRemID): null

2023-02-08 19:30:24 - [TEST_STEP][PASSED] - setText(findTestObject("RecAndPlayBk/Page-Vlink-Debit/input_Remittance Id"), genRemID): Text '83960|36595|68688' is set on object 'Object Repository/RecAndPlayBk/Page-Vlink-Debit/input_Remittance Id'

2023-02-08 19:30:24 - [MESSAGE][PASSED] - Text '83960|36595|68688' is set on object 'Object Repository/RecAndPlayBk/Page-Vlink-Debit/input_Remittance Id'

2023-02-08 19:30:24 - [TEST_STEP][PASSED] - setText(findTestObject("RecAndPlayBk/Page-Vlink-Debit/input_Application Id"), appID): Text '234' is set on object 'Object Repository/RecAndPlayBk/Page-Vlink-Debit/input_Application Id'

2023-02-08 19:30:25 - [MESSAGE][PASSED] - Text '234' is set on object 'Object Repository/RecAndPlayBk/Page-Vlink-Debit/input_Application Id'

2023-02-08 19:30:25 - [TEST_STEP][PASSED] - setText(findTestObject("RecAndPlayBk/Page-Vlink-Debit/input_Username"), username): Text 'username' is set on object 'Object Repository/RecAndPlayBk/Page-Vlink-Debit/input_Username'

2023-02-08 19:30:25 - [MESSAGE][PASSED] - Text 'username' is set on object 'Object Repository/RecAndPlayBk/Page-Vlink-Debit/input_Username'

2023-02-08 19:30:25 - [TEST_STEP][PASSED] - setText(findTestObject("RecAndPlayBk/Page-Vlink-Debit/input_Password"), password): Text 'password' is set on object 'Object Repository/RecAndPlayBk/Page-Vlink-Debit/input_Password'

2023-02-08 19:30:26 - [MESSAGE][PASSED] - Text 'password' is set on object 'Object Repository/RecAndPlayBk/Page-Vlink-Debit/input_Password'

2023-02-08 19:30:26 - [TEST_STEP][PASSED] - setText(findTestObject("RecAndPlayBk/Page-Vlink-Debit/input_Check Type"), checkType): Text 'P' is set on object 'Object Repository/RecAndPlayBk/Page-Vlink-Debit/input_Check Type'

2023-02-08 19:30:27 - [MESSAGE][PASSED] - Text 'P' is set on object 'Object Repository/RecAndPlayBk/Page-Vlink-Debit/input_Check Type'

2023-02-08 19:30:27 - [TEST_STEP][PASSED] - setText(findTestObject("RecAndPlayBk/Page-Vlink-Debit/input_Account_check"), acNumber): Text '58963214' is set on object 'Object Repository/RecAndPlayBk/Page-Vlink-Debit/input_Account_check'

2023-02-08 19:30:27 - [MESSAGE][PASSED] - Text '58963214' is set on object 'Object Repository/RecAndPlayBk/Page-Vlink-Debit/input_Account_check'

2023-02-08 19:30:27 - [TEST_STEP][PASSED] - setText(findTestObject("RecAndPlayBk/Page-Vlink-Debit/input_Company_check"), company): Text '' is set on object 'Object Repository/RecAndPlayBk/Page-Vlink-Debit/input_Company_check'

2023-02-08 19:30:28 - [MESSAGE][PASSED] - Text '' is set on object 'Object Repository/RecAndPlayBk/Page-Vlink-Debit/input_Company_check'

2023-02-08 19:30:28 - [TEST_STEP][PASSED] - setText(findTestObject("RecAndPlayBk/Page-Vlink-Debit/input_Account Type"), acType): Text '1' is set on object 'Object Repository/RecAndPlayBk/Page-Vlink-Debit/input_Account Type'

2023-02-08 19:30:29 - [MESSAGE][PASSED] - Text '1' is set on object 'Object Repository/RecAndPlayBk/Page-Vlink-Debit/input_Account Type'

2023-02-08 19:30:29 - [TEST_STEP][PASSED] - setText(findTestObject("RecAndPlayBk/Page-Vlink-Debit/input_Routing Number"), rtn): Text '256072691' is set on object 'Object Repository/RecAndPlayBk/Page-Vlink-Debit/input_Routing Number'

2023-02-08 19:30:29 - [MESSAGE][PASSED] - Text '256072691' is set on object 'Object Repository/RecAndPlayBk/Page-Vlink-Debit/input_Routing Number'

2023-02-08 19:30:29 - [TEST_STEP][PASSED] - setText(findTestObject("RecAndPlayBk/Page-Vlink-Debit/input_Amount"), amount): Text '12.50' is set on object 'Object Repository/RecAndPlayBk/Page-Vlink-Debit/input_Amount'

2023-02-08 19:30:30 - [MESSAGE][PASSED] - Text '12.50' is set on object 'Object Repository/RecAndPlayBk/Page-Vlink-Debit/input_Amount'

2023-02-08 19:30:30 - [TEST_STEP][PASSED] - setText(findTestObject("RecAndPlayBk/Page-Vlink-Debit/input_Check Email"), ""): Text '' is set on object 'Object Repository/RecAndPlayBk/Page-Vlink-Debit/input_Check Email'

2023-02-08 19:30:30 - [MESSAGE][PASSED] - Text '' is set on object 'Object Repository/RecAndPlayBk/Page-Vlink-Debit/input_Check Email'

2023-02-08 19:30:30 - [TEST_STEP][PASSED] - setText(findTestObject("Object Repository/RecAndPlayBk/Page-Vlink-Debit/input_concat(CheckWriter, , s SSN)_check_ssn"), ""): Text '' is set on object 'Object Repository/RecAndPlayBk/Page-Vlink-Debit/input_concat(CheckWriter, , s SSN)_check_ssn'

2023-02-08 19:30:31 - [MESSAGE][PASSED] - Text '' is set on object 'Object Repository/RecAndPlayBk/Page-Vlink-Debit/input_concat(CheckWriter, , s SSN)_check_ssn'

2023-02-08 19:30:31 - [TEST_STEP][PASSED] - setText(findTestObject("Object Repository/RecAndPlayBk/Page-Vlink-Debit/input_concat(CheckWriter, , s License Numbe_020fef"), ""): Text '' is set on object 'Object Repository/RecAndPlayBk/Page-Vlink-Debit/input_concat(CheckWriter, , s License Numbe_020fef'

2023-02-08 19:30:32 - [MESSAGE][PASSED] - Text '' is set on object 'Object Repository/RecAndPlayBk/Page-Vlink-Debit/input_concat(CheckWriter, , s License Numbe_020fef'

2023-02-08 19:30:32 - [TEST_STEP][PASSED] - setText(findTestObject("Object Repository/RecAndPlayBk/Page-Vlink-Debit/input_concat(CheckWriter, , s License State_21e3e7"), ""): Text '' is set on object 'Object Repository/RecAndPlayBk/Page-Vlink-Debit/input_concat(CheckWriter, , s License State_21e3e7'

2023-02-08 19:30:32 - [MESSAGE][PASSED] - Text '' is set on object 'Object Repository/RecAndPlayBk/Page-Vlink-Debit/input_concat(CheckWriter, , s License State_21e3e7'

2023-02-08 19:30:32 - [TEST_STEP][PASSED] - setText(findTestObject("RecAndPlayBk/Page-Vlink-Debit/input_Standard Entry Class"), sec): Text 'TEL' is set on object 'Object Repository/RecAndPlayBk/Page-Vlink-Debit/input_Standard Entry Class'

2023-02-08 19:30:33 - [MESSAGE][PASSED] - Text 'TEL' is set on object 'Object Repository/RecAndPlayBk/Page-Vlink-Debit/input_Standard Entry Class'

2023-02-08 19:30:33 - [TEST_STEP][PASSED] - click(findTestObject("Object Repository/RecAndPlayBk/Page-Vlink-Debit/input")): Object: 'Object Repository/RecAndPlayBk/Page-Vlink-Debit/input' is clicked on

2023-02-08 19:30:34 - [MESSAGE][PASSED] - Object: 'Object Repository/RecAndPlayBk/Page-Vlink-Debit/input' is clicked on

2023-02-08 19:30:34 - [TEST_STEP][PASSED] - if (verifyTextPresent("Transaction approved, no errors", true)): null

2023-02-08 19:30:34 - [MESSAGE][PASSED] - Text 'Transaction approved, no errors' is present on page  using regular expression

2023-02-08 19:30:34 - [TEST_STEP][PASSED] - println("Transaction Approved, no errors text is present on the Confirmation page"): null

2023-02-08 19:30:34 - [TEST_STEP][PASSED] - sdfo = getText(findTestObject("Object Repository/Page_VLinkReceipt/pre_STX")): Text of object 'Object Repository/Page_VLinkReceipt/pre_STX' is: '<STX>83960|36595|68688             12125318            0  Transaction approved, no errors                   0                                                                                                              <ETX>'

2023-02-08 19:30:34 - [MESSAGE][PASSED] - Text of object 'Object Repository/Page_VLinkReceipt/pre_STX' is: '<STX>83960|36595|68688             12125318            0  Transaction approved, no errors                   0                                                                                                              <ETX>'

2023-02-08 19:30:34 - [TEST_STEP][PASSED] - out.println("sdfo: " + sdfo): null

2023-02-08 19:30:34 - [TEST_STEP][PASSED] - remID = substring(5, 35).trim(): null

2023-02-08 19:30:34 - [TEST_STEP][PASSED] - out.println("remID: " + remID): null

2023-02-08 19:30:34 - [TEST_STEP][PASSED] - traxID = substring(35, 55).trim(): null

2023-02-08 19:30:34 - [TEST_STEP][PASSED] - out.println("traxID: " + traxID): null

2023-02-08 19:30:34 - [TEST_STEP][PASSED] - VLinkSaleRemID = remID: null

2023-02-08 19:30:34 - [TEST_STEP][PASSED] - VLinkSaleTranxID = traxID: null

2023-02-08 19:30:34 - [TEST_STEP][PASSED] - openBrowser(VLinkURL + "ACH_credit.html"): Browser is opened with url: 'https://dev-algorithm.govolution.com/vlinktest/QA/version_2_0/ACH_credit.html'

2023-02-08 19:30:34 - [MESSAGE][WARNING] - A browser is already opened. Closing browser and opening a new one

2023-02-08 19:30:35 - [MESSAGE][INFO] - Starting 'Chrome' driver

2023-02-08 19:30:35 - [MESSAGE][INFO] - User set preference: ['acceptInsecureCerts', 'true']

2023-02-08 19:30:35 - [MESSAGE][INFO] - Action delay is set to 0 milliseconds

2023-02-08 19:30:37 - [MESSAGE][PASSED] - Browser is opened with url: 'https://dev-algorithm.govolution.com/vlinktest/QA/version_2_0/ACH_credit.html'

2023-02-08 19:30:37 - [TEST_STEP][PASSED] - maximizeWindow(): Current window maximized

2023-02-08 19:30:37 - [MESSAGE][PASSED] - Current window maximized

2023-02-08 19:30:37 - [TEST_STEP][PASSED] - setText(findTestObject("Object Repository/RecAndPlayBk/Page-Vlink-ACH-Credit/input_Remittance Id"), VLinkSaleRemID): Text '83960|36595|68688' is set on object 'Object Repository/RecAndPlayBk/Page-Vlink-ACH-Credit/input_Remittance Id'

2023-02-08 19:30:38 - [MESSAGE][PASSED] - Text '83960|36595|68688' is set on object 'Object Repository/RecAndPlayBk/Page-Vlink-ACH-Credit/input_Remittance Id'

2023-02-08 19:30:38 - [TEST_STEP][PASSED] - setText(findTestObject("Object Repository/RecAndPlayBk/Page-Vlink-ACH-Credit/input_Application Id"), appID): Text '234' is set on object 'Object Repository/RecAndPlayBk/Page-Vlink-ACH-Credit/input_Application Id'

2023-02-08 19:30:38 - [MESSAGE][PASSED] - Text '234' is set on object 'Object Repository/RecAndPlayBk/Page-Vlink-ACH-Credit/input_Application Id'

2023-02-08 19:30:38 - [TEST_STEP][PASSED] - setText(findTestObject("Object Repository/RecAndPlayBk/Page-Vlink-ACH-Credit/input_Username"), username): Text 'username' is set on object 'Object Repository/RecAndPlayBk/Page-Vlink-ACH-Credit/input_Username'

2023-02-08 19:30:39 - [MESSAGE][PASSED] - Text 'username' is set on object 'Object Repository/RecAndPlayBk/Page-Vlink-ACH-Credit/input_Username'

2023-02-08 19:30:39 - [TEST_STEP][PASSED] - setText(findTestObject("Object Repository/RecAndPlayBk/Page-Vlink-ACH-Credit/input_Password"), password): Text 'password' is set on object 'Object Repository/RecAndPlayBk/Page-Vlink-ACH-Credit/input_Password'

2023-02-08 19:30:40 - [MESSAGE][PASSED] - Text 'password' is set on object 'Object Repository/RecAndPlayBk/Page-Vlink-ACH-Credit/input_Password'

2023-02-08 19:30:40 - [TEST_STEP][PASSED] - setText(findTestObject("Object Repository/RecAndPlayBk/Page-Vlink-ACH-Credit/input_Check Type"), checkType): Text 'P' is set on object 'Object Repository/RecAndPlayBk/Page-Vlink-ACH-Credit/input_Check Type'

2023-02-08 19:30:40 - [MESSAGE][PASSED] - Text 'P' is set on object 'Object Repository/RecAndPlayBk/Page-Vlink-ACH-Credit/input_Check Type'

2023-02-08 19:30:40 - [TEST_STEP][PASSED] - setText(findTestObject("Object Repository/RecAndPlayBk/Page-Vlink-ACH-Credit/input_Transaction ID"), VLinkSaleTranxID): Text '12125318' is set on object 'Object Repository/RecAndPlayBk/Page-Vlink-ACH-Credit/input_Transaction ID'

2023-02-08 19:30:41 - [MESSAGE][PASSED] - Text '12125318' is set on object 'Object Repository/RecAndPlayBk/Page-Vlink-ACH-Credit/input_Transaction ID'

2023-02-08 19:30:41 - [TEST_STEP][PASSED] - setText(findTestObject("Object Repository/RecAndPlayBk/Page-Vlink-ACH-Credit/input_Amount"), amount): Text '12.50' is set on object 'Object Repository/RecAndPlayBk/Page-Vlink-ACH-Credit/input_Amount'

2023-02-08 19:30:41 - [MESSAGE][PASSED] - Text '12.50' is set on object 'Object Repository/RecAndPlayBk/Page-Vlink-ACH-Credit/input_Amount'

2023-02-08 19:30:41 - [TEST_STEP][PASSED] - setText(findTestObject("Object Repository/RecAndPlayBk/Page-Vlink-ACH-Credit/input_Standard Entry Class"), sec): Text 'TEL' is set on object 'Object Repository/RecAndPlayBk/Page-Vlink-ACH-Credit/input_Standard Entry Class'

2023-02-08 19:30:42 - [MESSAGE][PASSED] - Text 'TEL' is set on object 'Object Repository/RecAndPlayBk/Page-Vlink-ACH-Credit/input_Standard Entry Class'

2023-02-08 19:30:42 - [TEST_STEP][PASSED] - setText(findTestObject("Object Repository/RecAndPlayBk/Page-Vlink-ACH-Credit/input_Account Number"), acNumber): Text '58963214' is set on object 'Object Repository/RecAndPlayBk/Page-Vlink-ACH-Credit/input_Account Number'

2023-02-08 19:30:43 - [MESSAGE][PASSED] - Text '58963214' is set on object 'Object Repository/RecAndPlayBk/Page-Vlink-ACH-Credit/input_Account Number'

2023-02-08 19:30:43 - [TEST_STEP][PASSED] - setText(findTestObject("Object Repository/RecAndPlayBk/Page-Vlink-ACH-Credit/input_Routing Number"), rtn): Text '256072691' is set on object 'Object Repository/RecAndPlayBk/Page-Vlink-ACH-Credit/input_Routing Number'

2023-02-08 19:30:43 - [MESSAGE][PASSED] - Text '256072691' is set on object 'Object Repository/RecAndPlayBk/Page-Vlink-ACH-Credit/input_Routing Number'

2023-02-08 19:30:43 - [TEST_STEP][PASSED] - click(findTestObject("Object Repository/RecAndPlayBk/Page-Vlink-ACH-Credit/input")): Object: 'Object Repository/RecAndPlayBk/Page-Vlink-ACH-Credit/input' is clicked on

2023-02-08 19:30:44 - [MESSAGE][PASSED] - Object: 'Object Repository/RecAndPlayBk/Page-Vlink-ACH-Credit/input' is clicked on

2023-02-08 19:30:44 - [TEST_STEP][PASSED] - if (verifyTextPresent("Transaction approved, no errors", true)): null

2023-02-08 19:30:44 - [MESSAGE][PASSED] - Text 'Transaction approved, no errors' is present on page  using regular expression

2023-02-08 19:30:44 - [TEST_STEP][PASSED] - println("Transaction Approved, no errors text is present on the Confirmation page"): null

2023-02-08 19:30:44 - [TEST_STEP][PASSED] - out.println("Pass Record Number: " + row): null

2023-02-08 19:30:44 - [TEST_STEP][PASSED] - resText = "Pass": null

2023-02-08 19:30:44 - [TEST_STEP][PASSED] - pages.WriteExcel.demoKey(resText, datText, resColumn, datCloumn, fileLoc, nameSheet, row): pages.WriteExcel.demoKey is PASSED

2023-02-08 19:30:44 - [MESSAGE][PASSED] - pages.WriteExcel.demoKey is PASSED

2023-02-08 19:30:44 - [TEST_STEP][PASSED] - ExecuteTC = findTestData(dataFile).getValue("Execute", row): null

2023-02-08 19:30:44 - [TEST_STEP][PASSED] - out.println("Value of Execute is : " + ExecuteTC): null

2023-02-08 19:30:44 - [TEST_STEP][PASSED] - switch (executionProfile): null

2023-02-08 19:30:44 - [TEST_STEP][PASSED] - case "QAProfile":: null

2023-02-08 19:30:44 - [TEST_STEP][PASSED] - appID = findTestData(dataFile).getValue("AppIDQA", row): null

2023-02-08 19:30:45 - [TEST_STEP][PASSED] - username = findTestData(dataFile).getValue("UsernameQA", row): null

2023-02-08 19:30:45 - [TEST_STEP][PASSED] - password = findTestData(dataFile).getValue("PasswordQA", row): null

2023-02-08 19:30:45 - [TEST_STEP][PASSED] - break: null

2023-02-08 19:30:45 - [TEST_STEP][PASSED] - if (ExecuteTC.equalsIgnoreCase("Y")): null

2023-02-08 19:30:45 - [TEST_STEP][PASSED] - out.println("Begin Record Number: " + row): null

2023-02-08 19:30:45 - [TEST_STEP][PASSED] - today = new java.util.Date(): null

2023-02-08 19:30:45 - [TEST_STEP][PASSED] - println(today): null

2023-02-08 19:30:45 - [TEST_STEP][PASSED] - datText = today: null

2023-02-08 19:30:45 - [TEST_STEP][PASSED] - checkType = findTestData(dataFile).getValue("CheckType", row): null

2023-02-08 19:30:45 - [TEST_STEP][PASSED] - acNumber = findTestData(dataFile).getValue("AcNumber", row): null

2023-02-08 19:30:45 - [TEST_STEP][PASSED] - company = findTestData(dataFile).getValue("Company", row): null

2023-02-08 19:30:45 - [TEST_STEP][PASSED] - acType = findTestData(dataFile).getValue("AcType", row): null

2023-02-08 19:30:45 - [TEST_STEP][PASSED] - rtn = findTestData(dataFile).getValue("RTN", row): null

2023-02-08 19:30:45 - [TEST_STEP][PASSED] - amount = findTestData(dataFile).getValue("Amount", row): null

2023-02-08 19:30:45 - [TEST_STEP][PASSED] - sec = findTestData(dataFile).getValue("SEC", row): null

2023-02-08 19:30:45 - [TEST_STEP][PASSED] - openBrowser(VLinkURL + "debit.html"): Browser is opened with url: 'https://dev-algorithm.govolution.com/vlinktest/QA/version_2_0/debit.html'

2023-02-08 19:30:45 - [MESSAGE][WARNING] - A browser is already opened. Closing browser and opening a new one

2023-02-08 19:30:46 - [MESSAGE][INFO] - Starting 'Chrome' driver

2023-02-08 19:30:46 - [MESSAGE][INFO] - User set preference: ['acceptInsecureCerts', 'true']

2023-02-08 19:30:46 - [MESSAGE][INFO] - Action delay is set to 0 milliseconds

2023-02-08 19:30:48 - [MESSAGE][PASSED] - Browser is opened with url: 'https://dev-algorithm.govolution.com/vlinktest/QA/version_2_0/debit.html'

2023-02-08 19:30:48 - [TEST_STEP][PASSED] - maximizeWindow(): Current window maximized

2023-02-08 19:30:48 - [MESSAGE][PASSED] - Current window maximized

2023-02-08 19:30:48 - [TEST_STEP][PASSED] - genRemID1 = random() * 99999).toInteger(): null

2023-02-08 19:30:48 - [TEST_STEP][PASSED] - genRemID2 = random() * 99999).toInteger(): null

2023-02-08 19:30:48 - [TEST_STEP][PASSED] - genRemID3 = random() * 99999).toInteger(): null

2023-02-08 19:30:48 - [TEST_STEP][PASSED] - println(genRemID1): null

2023-02-08 19:30:48 - [TEST_STEP][PASSED] - println(genRemID2): null

2023-02-08 19:30:48 - [TEST_STEP][PASSED] - println(genRemID3): null

2023-02-08 19:30:48 - [TEST_STEP][PASSED] - genRemID = genRemID1 + "|" + genRemID2 + "|" + genRemID3: null

2023-02-08 19:30:48 - [TEST_STEP][PASSED] - println(genRemID): null

2023-02-08 19:30:48 - [TEST_STEP][PASSED] - setText(findTestObject("RecAndPlayBk/Page-Vlink-Debit/input_Remittance Id"), genRemID): Text '64349|16867|65743' is set on object 'Object Repository/RecAndPlayBk/Page-Vlink-Debit/input_Remittance Id'

2023-02-08 19:30:49 - [MESSAGE][PASSED] - Text '64349|16867|65743' is set on object 'Object Repository/RecAndPlayBk/Page-Vlink-Debit/input_Remittance Id'

2023-02-08 19:30:49 - [TEST_STEP][PASSED] - setText(findTestObject("RecAndPlayBk/Page-Vlink-Debit/input_Application Id"), appID): Text '234' is set on object 'Object Repository/RecAndPlayBk/Page-Vlink-Debit/input_Application Id'

2023-02-08 19:30:49 - [MESSAGE][PASSED] - Text '234' is set on object 'Object Repository/RecAndPlayBk/Page-Vlink-Debit/input_Application Id'

2023-02-08 19:30:49 - [TEST_STEP][PASSED] - setText(findTestObject("RecAndPlayBk/Page-Vlink-Debit/input_Username"), username): Text 'username' is set on object 'Object Repository/RecAndPlayBk/Page-Vlink-Debit/input_Username'

2023-02-08 19:30:50 - [MESSAGE][PASSED] - Text 'username' is set on object 'Object Repository/RecAndPlayBk/Page-Vlink-Debit/input_Username'

2023-02-08 19:30:50 - [TEST_STEP][PASSED] - setText(findTestObject("RecAndPlayBk/Page-Vlink-Debit/input_Password"), password): Text 'password' is set on object 'Object Repository/RecAndPlayBk/Page-Vlink-Debit/input_Password'

2023-02-08 19:30:51 - [MESSAGE][PASSED] - Text 'password' is set on object 'Object Repository/RecAndPlayBk/Page-Vlink-Debit/input_Password'

2023-02-08 19:30:51 - [TEST_STEP][PASSED] - setText(findTestObject("RecAndPlayBk/Page-Vlink-Debit/input_Check Type"), checkType): Text 'P' is set on object 'Object Repository/RecAndPlayBk/Page-Vlink-Debit/input_Check Type'

2023-02-08 19:30:51 - [MESSAGE][PASSED] - Text 'P' is set on object 'Object Repository/RecAndPlayBk/Page-Vlink-Debit/input_Check Type'

2023-02-08 19:30:51 - [TEST_STEP][PASSED] - setText(findTestObject("RecAndPlayBk/Page-Vlink-Debit/input_Account_check"), acNumber): Text '58963214' is set on object 'Object Repository/RecAndPlayBk/Page-Vlink-Debit/input_Account_check'

2023-02-08 19:30:52 - [MESSAGE][PASSED] - Text '58963214' is set on object 'Object Repository/RecAndPlayBk/Page-Vlink-Debit/input_Account_check'

2023-02-08 19:30:52 - [TEST_STEP][PASSED] - setText(findTestObject("RecAndPlayBk/Page-Vlink-Debit/input_Company_check"), company): Text '' is set on object 'Object Repository/RecAndPlayBk/Page-Vlink-Debit/input_Company_check'

2023-02-08 19:30:52 - [MESSAGE][PASSED] - Text '' is set on object 'Object Repository/RecAndPlayBk/Page-Vlink-Debit/input_Company_check'

2023-02-08 19:30:52 - [TEST_STEP][PASSED] - setText(findTestObject("RecAndPlayBk/Page-Vlink-Debit/input_Account Type"), acType): Text '1' is set on object 'Object Repository/RecAndPlayBk/Page-Vlink-Debit/input_Account Type'

2023-02-08 19:30:53 - [MESSAGE][PASSED] - Text '1' is set on object 'Object Repository/RecAndPlayBk/Page-Vlink-Debit/input_Account Type'

2023-02-08 19:30:53 - [TEST_STEP][PASSED] - setText(findTestObject("RecAndPlayBk/Page-Vlink-Debit/input_Routing Number"), rtn): Text '256072691' is set on object 'Object Repository/RecAndPlayBk/Page-Vlink-Debit/input_Routing Number'

2023-02-08 19:30:54 - [MESSAGE][PASSED] - Text '256072691' is set on object 'Object Repository/RecAndPlayBk/Page-Vlink-Debit/input_Routing Number'

2023-02-08 19:30:54 - [TEST_STEP][PASSED] - setText(findTestObject("RecAndPlayBk/Page-Vlink-Debit/input_Amount"), amount): Text '12.50' is set on object 'Object Repository/RecAndPlayBk/Page-Vlink-Debit/input_Amount'

2023-02-08 19:30:54 - [MESSAGE][PASSED] - Text '12.50' is set on object 'Object Repository/RecAndPlayBk/Page-Vlink-Debit/input_Amount'

2023-02-08 19:30:54 - [TEST_STEP][PASSED] - setText(findTestObject("RecAndPlayBk/Page-Vlink-Debit/input_Check Email"), ""): Text '' is set on object 'Object Repository/RecAndPlayBk/Page-Vlink-Debit/input_Check Email'

2023-02-08 19:30:55 - [MESSAGE][PASSED] - Text '' is set on object 'Object Repository/RecAndPlayBk/Page-Vlink-Debit/input_Check Email'

2023-02-08 19:30:55 - [TEST_STEP][PASSED] - setText(findTestObject("Object Repository/RecAndPlayBk/Page-Vlink-Debit/input_concat(CheckWriter, , s SSN)_check_ssn"), ""): Text '' is set on object 'Object Repository/RecAndPlayBk/Page-Vlink-Debit/input_concat(CheckWriter, , s SSN)_check_ssn'

2023-02-08 19:30:56 - [MESSAGE][PASSED] - Text '' is set on object 'Object Repository/RecAndPlayBk/Page-Vlink-Debit/input_concat(CheckWriter, , s SSN)_check_ssn'

2023-02-08 19:30:56 - [TEST_STEP][PASSED] - setText(findTestObject("Object Repository/RecAndPlayBk/Page-Vlink-Debit/input_concat(CheckWriter, , s License Numbe_020fef"), ""): Text '' is set on object 'Object Repository/RecAndPlayBk/Page-Vlink-Debit/input_concat(CheckWriter, , s License Numbe_020fef'

2023-02-08 19:30:56 - [MESSAGE][PASSED] - Text '' is set on object 'Object Repository/RecAndPlayBk/Page-Vlink-Debit/input_concat(CheckWriter, , s License Numbe_020fef'

2023-02-08 19:30:56 - [TEST_STEP][PASSED] - setText(findTestObject("Object Repository/RecAndPlayBk/Page-Vlink-Debit/input_concat(CheckWriter, , s License State_21e3e7"), ""): Text '' is set on object 'Object Repository/RecAndPlayBk/Page-Vlink-Debit/input_concat(CheckWriter, , s License State_21e3e7'

2023-02-08 19:30:57 - [MESSAGE][PASSED] - Text '' is set on object 'Object Repository/RecAndPlayBk/Page-Vlink-Debit/input_concat(CheckWriter, , s License State_21e3e7'

2023-02-08 19:30:57 - [TEST_STEP][PASSED] - setText(findTestObject("RecAndPlayBk/Page-Vlink-Debit/input_Standard Entry Class"), sec): Text 'PPD' is set on object 'Object Repository/RecAndPlayBk/Page-Vlink-Debit/input_Standard Entry Class'

2023-02-08 19:30:57 - [MESSAGE][PASSED] - Text 'PPD' is set on object 'Object Repository/RecAndPlayBk/Page-Vlink-Debit/input_Standard Entry Class'

2023-02-08 19:30:57 - [TEST_STEP][PASSED] - click(findTestObject("Object Repository/RecAndPlayBk/Page-Vlink-Debit/input")): Object: 'Object Repository/RecAndPlayBk/Page-Vlink-Debit/input' is clicked on

2023-02-08 19:30:58 - [MESSAGE][PASSED] - Object: 'Object Repository/RecAndPlayBk/Page-Vlink-Debit/input' is clicked on

2023-02-08 19:30:58 - [TEST_STEP][PASSED] - if (verifyTextPresent("Transaction approved, no errors", true)): null

2023-02-08 19:30:58 - [MESSAGE][PASSED] - Text 'Transaction approved, no errors' is present on page  using regular expression

2023-02-08 19:30:58 - [TEST_STEP][PASSED] - println("Transaction Approved, no errors text is present on the Confirmation page"): null

2023-02-08 19:30:58 - [TEST_STEP][PASSED] - sdfo = getText(findTestObject("Object Repository/Page_VLinkReceipt/pre_STX")): Text of object 'Object Repository/Page_VLinkReceipt/pre_STX' is: '<STX>64349|16867|65743             12125320            0  Transaction approved, no errors                   0                                                                                                              <ETX>'

2023-02-08 19:30:59 - [MESSAGE][PASSED] - Text of object 'Object Repository/Page_VLinkReceipt/pre_STX' is: '<STX>64349|16867|65743             12125320            0  Transaction approved, no errors                   0                                                                                                              <ETX>'

2023-02-08 19:30:59 - [TEST_STEP][PASSED] - out.println("sdfo: " + sdfo): null

2023-02-08 19:30:59 - [TEST_STEP][PASSED] - remID = substring(5, 35).trim(): null

2023-02-08 19:30:59 - [TEST_STEP][PASSED] - out.println("remID: " + remID): null

2023-02-08 19:30:59 - [TEST_STEP][PASSED] - traxID = substring(35, 55).trim(): null

2023-02-08 19:30:59 - [TEST_STEP][PASSED] - out.println("traxID: " + traxID): null

2023-02-08 19:30:59 - [TEST_STEP][PASSED] - VLinkSaleRemID = remID: null

2023-02-08 19:30:59 - [TEST_STEP][PASSED] - VLinkSaleTranxID = traxID: null

2023-02-08 19:30:59 - [TEST_STEP][PASSED] - openBrowser(VLinkURL + "ACH_credit.html"): Browser is opened with url: 'https://dev-algorithm.govolution.com/vlinktest/QA/version_2_0/ACH_credit.html'

2023-02-08 19:30:59 - [MESSAGE][WARNING] - A browser is already opened. Closing browser and opening a new one

2023-02-08 19:31:00 - [MESSAGE][INFO] - Starting 'Chrome' driver

2023-02-08 19:31:00 - [MESSAGE][INFO] - User set preference: ['acceptInsecureCerts', 'true']

2023-02-08 19:31:00 - [MESSAGE][INFO] - Action delay is set to 0 milliseconds

2023-02-08 19:31:02 - [MESSAGE][PASSED] - Browser is opened with url: 'https://dev-algorithm.govolution.com/vlinktest/QA/version_2_0/ACH_credit.html'

2023-02-08 19:31:02 - [TEST_STEP][PASSED] - maximizeWindow(): Current window maximized

2023-02-08 19:31:02 - [MESSAGE][PASSED] - Current window maximized

2023-02-08 19:31:02 - [TEST_STEP][PASSED] - setText(findTestObject("Object Repository/RecAndPlayBk/Page-Vlink-ACH-Credit/input_Remittance Id"), VLinkSaleRemID): Text '64349|16867|65743' is set on object 'Object Repository/RecAndPlayBk/Page-Vlink-ACH-Credit/input_Remittance Id'

2023-02-08 19:31:02 - [MESSAGE][PASSED] - Text '64349|16867|65743' is set on object 'Object Repository/RecAndPlayBk/Page-Vlink-ACH-Credit/input_Remittance Id'

2023-02-08 19:31:02 - [TEST_STEP][PASSED] - setText(findTestObject("Object Repository/RecAndPlayBk/Page-Vlink-ACH-Credit/input_Application Id"), appID): Text '234' is set on object 'Object Repository/RecAndPlayBk/Page-Vlink-ACH-Credit/input_Application Id'

2023-02-08 19:31:03 - [MESSAGE][PASSED] - Text '234' is set on object 'Object Repository/RecAndPlayBk/Page-Vlink-ACH-Credit/input_Application Id'

2023-02-08 19:31:03 - [TEST_STEP][PASSED] - setText(findTestObject("Object Repository/RecAndPlayBk/Page-Vlink-ACH-Credit/input_Username"), username): Text 'username' is set on object 'Object Repository/RecAndPlayBk/Page-Vlink-ACH-Credit/input_Username'

2023-02-08 19:31:04 - [MESSAGE][PASSED] - Text 'username' is set on object 'Object Repository/RecAndPlayBk/Page-Vlink-ACH-Credit/input_Username'

2023-02-08 19:31:04 - [TEST_STEP][PASSED] - setText(findTestObject("Object Repository/RecAndPlayBk/Page-Vlink-ACH-Credit/input_Password"), password): Text 'password' is set on object 'Object Repository/RecAndPlayBk/Page-Vlink-ACH-Credit/input_Password'

2023-02-08 19:31:04 - [MESSAGE][PASSED] - Text 'password' is set on object 'Object Repository/RecAndPlayBk/Page-Vlink-ACH-Credit/input_Password'

2023-02-08 19:31:04 - [TEST_STEP][PASSED] - setText(findTestObject("Object Repository/RecAndPlayBk/Page-Vlink-ACH-Credit/input_Check Type"), checkType): Text 'P' is set on object 'Object Repository/RecAndPlayBk/Page-Vlink-ACH-Credit/input_Check Type'

2023-02-08 19:31:05 - [MESSAGE][PASSED] - Text 'P' is set on object 'Object Repository/RecAndPlayBk/Page-Vlink-ACH-Credit/input_Check Type'

2023-02-08 19:31:05 - [TEST_STEP][PASSED] - setText(findTestObject("Object Repository/RecAndPlayBk/Page-Vlink-ACH-Credit/input_Transaction ID"), VLinkSaleTranxID): Text '12125320' is set on object 'Object Repository/RecAndPlayBk/Page-Vlink-ACH-Credit/input_Transaction ID'

2023-02-08 19:31:05 - [MESSAGE][PASSED] - Text '12125320' is set on object 'Object Repository/RecAndPlayBk/Page-Vlink-ACH-Credit/input_Transaction ID'

2023-02-08 19:31:05 - [TEST_STEP][PASSED] - setText(findTestObject("Object Repository/RecAndPlayBk/Page-Vlink-ACH-Credit/input_Amount"), amount): Text '12.50' is set on object 'Object Repository/RecAndPlayBk/Page-Vlink-ACH-Credit/input_Amount'

2023-02-08 19:31:06 - [MESSAGE][PASSED] - Text '12.50' is set on object 'Object Repository/RecAndPlayBk/Page-Vlink-ACH-Credit/input_Amount'

2023-02-08 19:31:06 - [TEST_STEP][PASSED] - setText(findTestObject("Object Repository/RecAndPlayBk/Page-Vlink-ACH-Credit/input_Standard Entry Class"), sec): Text 'PPD' is set on object 'Object Repository/RecAndPlayBk/Page-Vlink-ACH-Credit/input_Standard Entry Class'

2023-02-08 19:31:07 - [MESSAGE][PASSED] - Text 'PPD' is set on object 'Object Repository/RecAndPlayBk/Page-Vlink-ACH-Credit/input_Standard Entry Class'

2023-02-08 19:31:07 - [TEST_STEP][PASSED] - setText(findTestObject("Object Repository/RecAndPlayBk/Page-Vlink-ACH-Credit/input_Account Number"), acNumber): Text '58963214' is set on object 'Object Repository/RecAndPlayBk/Page-Vlink-ACH-Credit/input_Account Number'

2023-02-08 19:31:07 - [MESSAGE][PASSED] - Text '58963214' is set on object 'Object Repository/RecAndPlayBk/Page-Vlink-ACH-Credit/input_Account Number'

2023-02-08 19:31:07 - [TEST_STEP][PASSED] - setText(findTestObject("Object Repository/RecAndPlayBk/Page-Vlink-ACH-Credit/input_Routing Number"), rtn): Text '256072691' is set on object 'Object Repository/RecAndPlayBk/Page-Vlink-ACH-Credit/input_Routing Number'

2023-02-08 19:31:08 - [MESSAGE][PASSED] - Text '256072691' is set on object 'Object Repository/RecAndPlayBk/Page-Vlink-ACH-Credit/input_Routing Number'

2023-02-08 19:31:08 - [TEST_STEP][PASSED] - click(findTestObject("Object Repository/RecAndPlayBk/Page-Vlink-ACH-Credit/input")): Object: 'Object Repository/RecAndPlayBk/Page-Vlink-ACH-Credit/input' is clicked on

2023-02-08 19:31:09 - [MESSAGE][PASSED] - Object: 'Object Repository/RecAndPlayBk/Page-Vlink-ACH-Credit/input' is clicked on

2023-02-08 19:31:09 - [TEST_STEP][PASSED] - if (verifyTextPresent("Transaction approved, no errors", true)): null

2023-02-08 19:31:09 - [MESSAGE][PASSED] - Text 'Transaction approved, no errors' is present on page  using regular expression

2023-02-08 19:31:09 - [TEST_STEP][PASSED] - println("Transaction Approved, no errors text is present on the Confirmation page"): null

2023-02-08 19:31:09 - [TEST_STEP][PASSED] - out.println("Pass Record Number: " + row): null

2023-02-08 19:31:09 - [TEST_STEP][PASSED] - resText = "Pass": null

2023-02-08 19:31:09 - [TEST_STEP][PASSED] - pages.WriteExcel.demoKey(resText, datText, resColumn, datCloumn, fileLoc, nameSheet, row): pages.WriteExcel.demoKey is PASSED

2023-02-08 19:31:09 - [MESSAGE][PASSED] - pages.WriteExcel.demoKey is PASSED

2023-02-08 19:31:09 - [TEST_STEP][PASSED] - ExecuteTC = findTestData(dataFile).getValue("Execute", row): null

2023-02-08 19:31:09 - [TEST_STEP][PASSED] - out.println("Value of Execute is : " + ExecuteTC): null

2023-02-08 19:31:09 - [TEST_STEP][PASSED] - switch (executionProfile): null

2023-02-08 19:31:09 - [TEST_STEP][PASSED] - case "QAProfile":: null

2023-02-08 19:31:09 - [TEST_STEP][PASSED] - appID = findTestData(dataFile).getValue("AppIDQA", row): null

2023-02-08 19:31:09 - [TEST_STEP][PASSED] - username = findTestData(dataFile).getValue("UsernameQA", row): null

2023-02-08 19:31:09 - [TEST_STEP][PASSED] - password = findTestData(dataFile).getValue("PasswordQA", row): null

2023-02-08 19:31:09 - [TEST_STEP][PASSED] - break: null

2023-02-08 19:31:09 - [TEST_STEP][PASSED] - if (ExecuteTC.equalsIgnoreCase("Y")): null

2023-02-08 19:31:09 - [TEST_STEP][PASSED] - out.println("Begin Record Number: " + row): null

2023-02-08 19:31:09 - [TEST_STEP][PASSED] - today = new java.util.Date(): null

2023-02-08 19:31:09 - [TEST_STEP][PASSED] - println(today): null

2023-02-08 19:31:09 - [TEST_STEP][PASSED] - datText = today: null

2023-02-08 19:31:09 - [TEST_STEP][PASSED] - checkType = findTestData(dataFile).getValue("CheckType", row): null

2023-02-08 19:31:09 - [TEST_STEP][PASSED] - acNumber = findTestData(dataFile).getValue("AcNumber", row): null

2023-02-08 19:31:09 - [TEST_STEP][PASSED] - company = findTestData(dataFile).getValue("Company", row): null

2023-02-08 19:31:09 - [TEST_STEP][PASSED] - acType = findTestData(dataFile).getValue("AcType", row): null

2023-02-08 19:31:10 - [TEST_STEP][PASSED] - rtn = findTestData(dataFile).getValue("RTN", row): null

2023-02-08 19:31:10 - [TEST_STEP][PASSED] - amount = findTestData(dataFile).getValue("Amount", row): null

2023-02-08 19:31:10 - [TEST_STEP][PASSED] - sec = findTestData(dataFile).getValue("SEC", row): null

2023-02-08 19:31:10 - [TEST_STEP][PASSED] - openBrowser(VLinkURL + "debit.html"): Browser is opened with url: 'https://dev-algorithm.govolution.com/vlinktest/QA/version_2_0/debit.html'

2023-02-08 19:31:10 - [MESSAGE][WARNING] - A browser is already opened. Closing browser and opening a new one

2023-02-08 19:31:11 - [MESSAGE][INFO] - Starting 'Chrome' driver

2023-02-08 19:31:11 - [MESSAGE][INFO] - User set preference: ['acceptInsecureCerts', 'true']

2023-02-08 19:31:11 - [MESSAGE][INFO] - Action delay is set to 0 milliseconds

2023-02-08 19:31:12 - [MESSAGE][PASSED] - Browser is opened with url: 'https://dev-algorithm.govolution.com/vlinktest/QA/version_2_0/debit.html'

2023-02-08 19:31:12 - [TEST_STEP][PASSED] - maximizeWindow(): Current window maximized

2023-02-08 19:31:13 - [MESSAGE][PASSED] - Current window maximized

2023-02-08 19:31:13 - [TEST_STEP][PASSED] - genRemID1 = random() * 99999).toInteger(): null

2023-02-08 19:31:13 - [TEST_STEP][PASSED] - genRemID2 = random() * 99999).toInteger(): null

2023-02-08 19:31:13 - [TEST_STEP][PASSED] - genRemID3 = random() * 99999).toInteger(): null

2023-02-08 19:31:13 - [TEST_STEP][PASSED] - println(genRemID1): null

2023-02-08 19:31:13 - [TEST_STEP][PASSED] - println(genRemID2): null

2023-02-08 19:31:13 - [TEST_STEP][PASSED] - println(genRemID3): null

2023-02-08 19:31:13 - [TEST_STEP][PASSED] - genRemID = genRemID1 + "|" + genRemID2 + "|" + genRemID3: null

2023-02-08 19:31:13 - [TEST_STEP][PASSED] - println(genRemID): null

2023-02-08 19:31:13 - [TEST_STEP][PASSED] - setText(findTestObject("RecAndPlayBk/Page-Vlink-Debit/input_Remittance Id"), genRemID): Text '33045|54413|46801' is set on object 'Object Repository/RecAndPlayBk/Page-Vlink-Debit/input_Remittance Id'

2023-02-08 19:31:13 - [MESSAGE][PASSED] - Text '33045|54413|46801' is set on object 'Object Repository/RecAndPlayBk/Page-Vlink-Debit/input_Remittance Id'

2023-02-08 19:31:13 - [TEST_STEP][PASSED] - setText(findTestObject("RecAndPlayBk/Page-Vlink-Debit/input_Application Id"), appID): Text '234' is set on object 'Object Repository/RecAndPlayBk/Page-Vlink-Debit/input_Application Id'

2023-02-08 19:31:14 - [MESSAGE][PASSED] - Text '234' is set on object 'Object Repository/RecAndPlayBk/Page-Vlink-Debit/input_Application Id'

2023-02-08 19:31:14 - [TEST_STEP][PASSED] - setText(findTestObject("RecAndPlayBk/Page-Vlink-Debit/input_Username"), username): Text 'username' is set on object 'Object Repository/RecAndPlayBk/Page-Vlink-Debit/input_Username'

2023-02-08 19:31:15 - [MESSAGE][PASSED] - Text 'username' is set on object 'Object Repository/RecAndPlayBk/Page-Vlink-Debit/input_Username'

2023-02-08 19:31:15 - [TEST_STEP][PASSED] - setText(findTestObject("RecAndPlayBk/Page-Vlink-Debit/input_Password"), password): Text 'password' is set on object 'Object Repository/RecAndPlayBk/Page-Vlink-Debit/input_Password'

2023-02-08 19:31:15 - [MESSAGE][PASSED] - Text 'password' is set on object 'Object Repository/RecAndPlayBk/Page-Vlink-Debit/input_Password'

2023-02-08 19:31:15 - [TEST_STEP][PASSED] - setText(findTestObject("RecAndPlayBk/Page-Vlink-Debit/input_Check Type"), checkType): Text 'P' is set on object 'Object Repository/RecAndPlayBk/Page-Vlink-Debit/input_Check Type'

2023-02-08 19:31:16 - [MESSAGE][PASSED] - Text 'P' is set on object 'Object Repository/RecAndPlayBk/Page-Vlink-Debit/input_Check Type'

2023-02-08 19:31:16 - [TEST_STEP][PASSED] - setText(findTestObject("RecAndPlayBk/Page-Vlink-Debit/input_Account_check"), acNumber): Text '58963214' is set on object 'Object Repository/RecAndPlayBk/Page-Vlink-Debit/input_Account_check'

2023-02-08 19:31:17 - [MESSAGE][PASSED] - Text '58963214' is set on object 'Object Repository/RecAndPlayBk/Page-Vlink-Debit/input_Account_check'

2023-02-08 19:31:17 - [TEST_STEP][PASSED] - setText(findTestObject("RecAndPlayBk/Page-Vlink-Debit/input_Company_check"), company): Text '' is set on object 'Object Repository/RecAndPlayBk/Page-Vlink-Debit/input_Company_check'

2023-02-08 19:31:17 - [MESSAGE][PASSED] - Text '' is set on object 'Object Repository/RecAndPlayBk/Page-Vlink-Debit/input_Company_check'

2023-02-08 19:31:17 - [TEST_STEP][PASSED] - setText(findTestObject("RecAndPlayBk/Page-Vlink-Debit/input_Account Type"), acType): Text '2' is set on object 'Object Repository/RecAndPlayBk/Page-Vlink-Debit/input_Account Type'

2023-02-08 19:31:18 - [MESSAGE][PASSED] - Text '2' is set on object 'Object Repository/RecAndPlayBk/Page-Vlink-Debit/input_Account Type'

2023-02-08 19:31:18 - [TEST_STEP][PASSED] - setText(findTestObject("RecAndPlayBk/Page-Vlink-Debit/input_Routing Number"), rtn): Text '256072691' is set on object 'Object Repository/RecAndPlayBk/Page-Vlink-Debit/input_Routing Number'

2023-02-08 19:31:18 - [MESSAGE][PASSED] - Text '256072691' is set on object 'Object Repository/RecAndPlayBk/Page-Vlink-Debit/input_Routing Number'

2023-02-08 19:31:18 - [TEST_STEP][PASSED] - setText(findTestObject("RecAndPlayBk/Page-Vlink-Debit/input_Amount"), amount): Text '12.50' is set on object 'Object Repository/RecAndPlayBk/Page-Vlink-Debit/input_Amount'

2023-02-08 19:31:19 - [MESSAGE][PASSED] - Text '12.50' is set on object 'Object Repository/RecAndPlayBk/Page-Vlink-Debit/input_Amount'

2023-02-08 19:31:19 - [TEST_STEP][PASSED] - setText(findTestObject("RecAndPlayBk/Page-Vlink-Debit/input_Check Email"), ""): Text '' is set on object 'Object Repository/RecAndPlayBk/Page-Vlink-Debit/input_Check Email'

2023-02-08 19:31:20 - [MESSAGE][PASSED] - Text '' is set on object 'Object Repository/RecAndPlayBk/Page-Vlink-Debit/input_Check Email'

2023-02-08 19:31:20 - [TEST_STEP][PASSED] - setText(findTestObject("Object Repository/RecAndPlayBk/Page-Vlink-Debit/input_concat(CheckWriter, , s SSN)_check_ssn"), ""): Text '' is set on object 'Object Repository/RecAndPlayBk/Page-Vlink-Debit/input_concat(CheckWriter, , s SSN)_check_ssn'

2023-02-08 19:31:20 - [MESSAGE][PASSED] - Text '' is set on object 'Object Repository/RecAndPlayBk/Page-Vlink-Debit/input_concat(CheckWriter, , s SSN)_check_ssn'

2023-02-08 19:31:20 - [TEST_STEP][PASSED] - setText(findTestObject("Object Repository/RecAndPlayBk/Page-Vlink-Debit/input_concat(CheckWriter, , s License Numbe_020fef"), ""): Text '' is set on object 'Object Repository/RecAndPlayBk/Page-Vlink-Debit/input_concat(CheckWriter, , s License Numbe_020fef'

2023-02-08 19:31:21 - [MESSAGE][PASSED] - Text '' is set on object 'Object Repository/RecAndPlayBk/Page-Vlink-Debit/input_concat(CheckWriter, , s License Numbe_020fef'

2023-02-08 19:31:21 - [TEST_STEP][PASSED] - setText(findTestObject("Object Repository/RecAndPlayBk/Page-Vlink-Debit/input_concat(CheckWriter, , s License State_21e3e7"), ""): Text '' is set on object 'Object Repository/RecAndPlayBk/Page-Vlink-Debit/input_concat(CheckWriter, , s License State_21e3e7'

2023-02-08 19:31:21 - [MESSAGE][PASSED] - Text '' is set on object 'Object Repository/RecAndPlayBk/Page-Vlink-Debit/input_concat(CheckWriter, , s License State_21e3e7'

2023-02-08 19:31:21 - [TEST_STEP][PASSED] - setText(findTestObject("RecAndPlayBk/Page-Vlink-Debit/input_Standard Entry Class"), sec): Text 'WEB' is set on object 'Object Repository/RecAndPlayBk/Page-Vlink-Debit/input_Standard Entry Class'

2023-02-08 19:31:22 - [MESSAGE][PASSED] - Text 'WEB' is set on object 'Object Repository/RecAndPlayBk/Page-Vlink-Debit/input_Standard Entry Class'

2023-02-08 19:31:22 - [TEST_STEP][PASSED] - click(findTestObject("Object Repository/RecAndPlayBk/Page-Vlink-Debit/input")): Object: 'Object Repository/RecAndPlayBk/Page-Vlink-Debit/input' is clicked on

2023-02-08 19:31:23 - [MESSAGE][PASSED] - Object: 'Object Repository/RecAndPlayBk/Page-Vlink-Debit/input' is clicked on

2023-02-08 19:31:23 - [TEST_STEP][PASSED] - if (verifyTextPresent("Transaction approved, no errors", true)): null

2023-02-08 19:31:23 - [MESSAGE][PASSED] - Text 'Transaction approved, no errors' is present on page  using regular expression

2023-02-08 19:31:23 - [TEST_STEP][PASSED] - println("Transaction Approved, no errors text is present on the Confirmation page"): null

2023-02-08 19:31:23 - [TEST_STEP][PASSED] - sdfo = getText(findTestObject("Object Repository/Page_VLinkReceipt/pre_STX")): Text of object 'Object Repository/Page_VLinkReceipt/pre_STX' is: '<STX>33045|54413|46801             12125322            0  Transaction approved, no errors                   0                                                                                                              <ETX>'

2023-02-08 19:31:23 - [MESSAGE][PASSED] - Text of object 'Object Repository/Page_VLinkReceipt/pre_STX' is: '<STX>33045|54413|46801             12125322            0  Transaction approved, no errors                   0                                                                                                              <ETX>'

2023-02-08 19:31:23 - [TEST_STEP][PASSED] - out.println("sdfo: " + sdfo): null

2023-02-08 19:31:23 - [TEST_STEP][PASSED] - remID = substring(5, 35).trim(): null

2023-02-08 19:31:23 - [TEST_STEP][PASSED] - out.println("remID: " + remID): null

2023-02-08 19:31:23 - [TEST_STEP][PASSED] - traxID = substring(35, 55).trim(): null

2023-02-08 19:31:23 - [TEST_STEP][PASSED] - out.println("traxID: " + traxID): null

2023-02-08 19:31:23 - [TEST_STEP][PASSED] - VLinkSaleRemID = remID: null

2023-02-08 19:31:23 - [TEST_STEP][PASSED] - VLinkSaleTranxID = traxID: null

2023-02-08 19:31:23 - [TEST_STEP][PASSED] - openBrowser(VLinkURL + "ACH_credit.html"): Browser is opened with url: 'https://dev-algorithm.govolution.com/vlinktest/QA/version_2_0/ACH_credit.html'

2023-02-08 19:31:23 - [MESSAGE][WARNING] - A browser is already opened. Closing browser and opening a new one

2023-02-08 19:31:24 - [MESSAGE][INFO] - Starting 'Chrome' driver

2023-02-08 19:31:24 - [MESSAGE][INFO] - User set preference: ['acceptInsecureCerts', 'true']

2023-02-08 19:31:24 - [MESSAGE][INFO] - Action delay is set to 0 milliseconds

2023-02-08 19:31:26 - [MESSAGE][PASSED] - Browser is opened with url: 'https://dev-algorithm.govolution.com/vlinktest/QA/version_2_0/ACH_credit.html'

2023-02-08 19:31:26 - [TEST_STEP][PASSED] - maximizeWindow(): Current window maximized

2023-02-08 19:31:26 - [MESSAGE][PASSED] - Current window maximized

2023-02-08 19:31:26 - [TEST_STEP][PASSED] - setText(findTestObject("Object Repository/RecAndPlayBk/Page-Vlink-ACH-Credit/input_Remittance Id"), VLinkSaleRemID): Text '33045|54413|46801' is set on object 'Object Repository/RecAndPlayBk/Page-Vlink-ACH-Credit/input_Remittance Id'

2023-02-08 19:31:27 - [MESSAGE][PASSED] - Text '33045|54413|46801' is set on object 'Object Repository/RecAndPlayBk/Page-Vlink-ACH-Credit/input_Remittance Id'

2023-02-08 19:31:27 - [TEST_STEP][PASSED] - setText(findTestObject("Object Repository/RecAndPlayBk/Page-Vlink-ACH-Credit/input_Application Id"), appID): Text '234' is set on object 'Object Repository/RecAndPlayBk/Page-Vlink-ACH-Credit/input_Application Id'

2023-02-08 19:31:28 - [MESSAGE][PASSED] - Text '234' is set on object 'Object Repository/RecAndPlayBk/Page-Vlink-ACH-Credit/input_Application Id'

2023-02-08 19:31:28 - [TEST_STEP][PASSED] - setText(findTestObject("Object Repository/RecAndPlayBk/Page-Vlink-ACH-Credit/input_Username"), username): Text 'username' is set on object 'Object Repository/RecAndPlayBk/Page-Vlink-ACH-Credit/input_Username'

2023-02-08 19:31:28 - [MESSAGE][PASSED] - Text 'username' is set on object 'Object Repository/RecAndPlayBk/Page-Vlink-ACH-Credit/input_Username'

2023-02-08 19:31:28 - [TEST_STEP][PASSED] - setText(findTestObject("Object Repository/RecAndPlayBk/Page-Vlink-ACH-Credit/input_Password"), password): Text 'password' is set on object 'Object Repository/RecAndPlayBk/Page-Vlink-ACH-Credit/input_Password'

2023-02-08 19:31:29 - [MESSAGE][PASSED] - Text 'password' is set on object 'Object Repository/RecAndPlayBk/Page-Vlink-ACH-Credit/input_Password'

2023-02-08 19:31:29 - [TEST_STEP][PASSED] - setText(findTestObject("Object Repository/RecAndPlayBk/Page-Vlink-ACH-Credit/input_Check Type"), checkType): Text 'P' is set on object 'Object Repository/RecAndPlayBk/Page-Vlink-ACH-Credit/input_Check Type'

2023-02-08 19:31:29 - [MESSAGE][PASSED] - Text 'P' is set on object 'Object Repository/RecAndPlayBk/Page-Vlink-ACH-Credit/input_Check Type'

2023-02-08 19:31:29 - [TEST_STEP][PASSED] - setText(findTestObject("Object Repository/RecAndPlayBk/Page-Vlink-ACH-Credit/input_Transaction ID"), VLinkSaleTranxID): Text '12125322' is set on object 'Object Repository/RecAndPlayBk/Page-Vlink-ACH-Credit/input_Transaction ID'

2023-02-08 19:31:30 - [MESSAGE][PASSED] - Text '12125322' is set on object 'Object Repository/RecAndPlayBk/Page-Vlink-ACH-Credit/input_Transaction ID'

2023-02-08 19:31:30 - [TEST_STEP][PASSED] - setText(findTestObject("Object Repository/RecAndPlayBk/Page-Vlink-ACH-Credit/input_Amount"), amount): Text '12.50' is set on object 'Object Repository/RecAndPlayBk/Page-Vlink-ACH-Credit/input_Amount'

2023-02-08 19:31:31 - [MESSAGE][PASSED] - Text '12.50' is set on object 'Object Repository/RecAndPlayBk/Page-Vlink-ACH-Credit/input_Amount'

2023-02-08 19:31:31 - [TEST_STEP][PASSED] - setText(findTestObject("Object Repository/RecAndPlayBk/Page-Vlink-ACH-Credit/input_Standard Entry Class"), sec): Text 'WEB' is set on object 'Object Repository/RecAndPlayBk/Page-Vlink-ACH-Credit/input_Standard Entry Class'

2023-02-08 19:31:31 - [MESSAGE][PASSED] - Text 'WEB' is set on object 'Object Repository/RecAndPlayBk/Page-Vlink-ACH-Credit/input_Standard Entry Class'

2023-02-08 19:31:31 - [TEST_STEP][PASSED] - setText(findTestObject("Object Repository/RecAndPlayBk/Page-Vlink-ACH-Credit/input_Account Number"), acNumber): Text '58963214' is set on object 'Object Repository/RecAndPlayBk/Page-Vlink-ACH-Credit/input_Account Number'

2023-02-08 19:31:32 - [MESSAGE][PASSED] - Text '58963214' is set on object 'Object Repository/RecAndPlayBk/Page-Vlink-ACH-Credit/input_Account Number'

2023-02-08 19:31:32 - [TEST_STEP][PASSED] - setText(findTestObject("Object Repository/RecAndPlayBk/Page-Vlink-ACH-Credit/input_Routing Number"), rtn): Text '256072691' is set on object 'Object Repository/RecAndPlayBk/Page-Vlink-ACH-Credit/input_Routing Number'

2023-02-08 19:31:33 - [MESSAGE][PASSED] - Text '256072691' is set on object 'Object Repository/RecAndPlayBk/Page-Vlink-ACH-Credit/input_Routing Number'

2023-02-08 19:31:33 - [TEST_STEP][PASSED] - click(findTestObject("Object Repository/RecAndPlayBk/Page-Vlink-ACH-Credit/input")): Object: 'Object Repository/RecAndPlayBk/Page-Vlink-ACH-Credit/input' is clicked on

2023-02-08 19:31:33 - [MESSAGE][PASSED] - Object: 'Object Repository/RecAndPlayBk/Page-Vlink-ACH-Credit/input' is clicked on

2023-02-08 19:31:33 - [TEST_STEP][PASSED] - if (verifyTextPresent("Transaction approved, no errors", true)): null

2023-02-08 19:31:34 - [MESSAGE][PASSED] - Text 'Transaction approved, no errors' is present on page  using regular expression

2023-02-08 19:31:34 - [TEST_STEP][PASSED] - println("Transaction Approved, no errors text is present on the Confirmation page"): null

2023-02-08 19:31:34 - [TEST_STEP][PASSED] - out.println("Pass Record Number: " + row): null

2023-02-08 19:31:34 - [TEST_STEP][PASSED] - resText = "Pass": null

2023-02-08 19:31:34 - [TEST_STEP][PASSED] - pages.WriteExcel.demoKey(resText, datText, resColumn, datCloumn, fileLoc, nameSheet, row): pages.WriteExcel.demoKey is PASSED

2023-02-08 19:31:34 - [MESSAGE][PASSED] - pages.WriteExcel.demoKey is PASSED

2023-02-08 19:31:34 - [TEST_STEP][PASSED] - ExecuteTC = findTestData(dataFile).getValue("Execute", row): null

2023-02-08 19:31:34 - [TEST_STEP][PASSED] - out.println("Value of Execute is : " + ExecuteTC): null

2023-02-08 19:31:34 - [TEST_STEP][PASSED] - switch (executionProfile): null

2023-02-08 19:31:34 - [TEST_STEP][PASSED] - case "QAProfile":: null

2023-02-08 19:31:34 - [TEST_STEP][PASSED] - appID = findTestData(dataFile).getValue("AppIDQA", row): null

2023-02-08 19:31:34 - [TEST_STEP][PASSED] - username = findTestData(dataFile).getValue("UsernameQA", row): null

2023-02-08 19:31:34 - [TEST_STEP][PASSED] - password = findTestData(dataFile).getValue("PasswordQA", row): null

2023-02-08 19:31:34 - [TEST_STEP][PASSED] - break: null

2023-02-08 19:31:34 - [TEST_STEP][PASSED] - if (ExecuteTC.equalsIgnoreCase("Y")): null

2023-02-08 19:31:34 - [TEST_STEP][PASSED] - out.println("Begin Record Number: " + row): null

2023-02-08 19:31:34 - [TEST_STEP][PASSED] - today = new java.util.Date(): null

2023-02-08 19:31:34 - [TEST_STEP][PASSED] - println(today): null

2023-02-08 19:31:34 - [TEST_STEP][PASSED] - datText = today: null

2023-02-08 19:31:34 - [TEST_STEP][PASSED] - checkType = findTestData(dataFile).getValue("CheckType", row): null

2023-02-08 19:31:34 - [TEST_STEP][PASSED] - acNumber = findTestData(dataFile).getValue("AcNumber", row): null

2023-02-08 19:31:34 - [TEST_STEP][PASSED] - company = findTestData(dataFile).getValue("Company", row): null

2023-02-08 19:31:34 - [TEST_STEP][PASSED] - acType = findTestData(dataFile).getValue("AcType", row): null

2023-02-08 19:31:34 - [TEST_STEP][PASSED] - rtn = findTestData(dataFile).getValue("RTN", row): null

2023-02-08 19:31:34 - [TEST_STEP][PASSED] - amount = findTestData(dataFile).getValue("Amount", row): null

2023-02-08 19:31:34 - [TEST_STEP][PASSED] - sec = findTestData(dataFile).getValue("SEC", row): null

2023-02-08 19:31:35 - [TEST_STEP][PASSED] - openBrowser(VLinkURL + "debit.html"): Browser is opened with url: 'https://dev-algorithm.govolution.com/vlinktest/QA/version_2_0/debit.html'

2023-02-08 19:31:35 - [MESSAGE][WARNING] - A browser is already opened. Closing browser and opening a new one

2023-02-08 19:31:36 - [MESSAGE][INFO] - Starting 'Chrome' driver

2023-02-08 19:31:36 - [MESSAGE][INFO] - User set preference: ['acceptInsecureCerts', 'true']

2023-02-08 19:31:36 - [MESSAGE][INFO] - Action delay is set to 0 milliseconds

2023-02-08 19:31:37 - [MESSAGE][PASSED] - Browser is opened with url: 'https://dev-algorithm.govolution.com/vlinktest/QA/version_2_0/debit.html'

2023-02-08 19:31:37 - [TEST_STEP][PASSED] - maximizeWindow(): Current window maximized

2023-02-08 19:31:37 - [MESSAGE][PASSED] - Current window maximized

2023-02-08 19:31:37 - [TEST_STEP][PASSED] - genRemID1 = random() * 99999).toInteger(): null

2023-02-08 19:31:37 - [TEST_STEP][PASSED] - genRemID2 = random() * 99999).toInteger(): null

2023-02-08 19:31:37 - [TEST_STEP][PASSED] - genRemID3 = random() * 99999).toInteger(): null

2023-02-08 19:31:37 - [TEST_STEP][PASSED] - println(genRemID1): null

2023-02-08 19:31:37 - [TEST_STEP][PASSED] - println(genRemID2): null

2023-02-08 19:31:37 - [TEST_STEP][PASSED] - println(genRemID3): null

2023-02-08 19:31:37 - [TEST_STEP][PASSED] - genRemID = genRemID1 + "|" + genRemID2 + "|" + genRemID3: null

2023-02-08 19:31:37 - [TEST_STEP][PASSED] - println(genRemID): null

2023-02-08 19:31:37 - [TEST_STEP][PASSED] - setText(findTestObject("RecAndPlayBk/Page-Vlink-Debit/input_Remittance Id"), genRemID): Text '15589|70215|23803' is set on object 'Object Repository/RecAndPlayBk/Page-Vlink-Debit/input_Remittance Id'

2023-02-08 19:31:38 - [MESSAGE][PASSED] - Text '15589|70215|23803' is set on object 'Object Repository/RecAndPlayBk/Page-Vlink-Debit/input_Remittance Id'

2023-02-08 19:31:38 - [TEST_STEP][PASSED] - setText(findTestObject("RecAndPlayBk/Page-Vlink-Debit/input_Application Id"), appID): Text '234' is set on object 'Object Repository/RecAndPlayBk/Page-Vlink-Debit/input_Application Id'

2023-02-08 19:31:39 - [MESSAGE][PASSED] - Text '234' is set on object 'Object Repository/RecAndPlayBk/Page-Vlink-Debit/input_Application Id'

2023-02-08 19:31:39 - [TEST_STEP][PASSED] - setText(findTestObject("RecAndPlayBk/Page-Vlink-Debit/input_Username"), username): Text 'username' is set on object 'Object Repository/RecAndPlayBk/Page-Vlink-Debit/input_Username'

2023-02-08 19:31:39 - [MESSAGE][PASSED] - Text 'username' is set on object 'Object Repository/RecAndPlayBk/Page-Vlink-Debit/input_Username'

2023-02-08 19:31:39 - [TEST_STEP][PASSED] - setText(findTestObject("RecAndPlayBk/Page-Vlink-Debit/input_Password"), password): Text 'password' is set on object 'Object Repository/RecAndPlayBk/Page-Vlink-Debit/input_Password'

2023-02-08 19:31:40 - [MESSAGE][PASSED] - Text 'password' is set on object 'Object Repository/RecAndPlayBk/Page-Vlink-Debit/input_Password'

2023-02-08 19:31:40 - [TEST_STEP][PASSED] - setText(findTestObject("RecAndPlayBk/Page-Vlink-Debit/input_Check Type"), checkType): Text 'P' is set on object 'Object Repository/RecAndPlayBk/Page-Vlink-Debit/input_Check Type'

2023-02-08 19:31:41 - [MESSAGE][PASSED] - Text 'P' is set on object 'Object Repository/RecAndPlayBk/Page-Vlink-Debit/input_Check Type'

2023-02-08 19:31:41 - [TEST_STEP][PASSED] - setText(findTestObject("RecAndPlayBk/Page-Vlink-Debit/input_Account_check"), acNumber): Text '58963214' is set on object 'Object Repository/RecAndPlayBk/Page-Vlink-Debit/input_Account_check'

2023-02-08 19:31:41 - [MESSAGE][PASSED] - Text '58963214' is set on object 'Object Repository/RecAndPlayBk/Page-Vlink-Debit/input_Account_check'

2023-02-08 19:31:41 - [TEST_STEP][PASSED] - setText(findTestObject("RecAndPlayBk/Page-Vlink-Debit/input_Company_check"), company): Text '' is set on object 'Object Repository/RecAndPlayBk/Page-Vlink-Debit/input_Company_check'

2023-02-08 19:31:42 - [MESSAGE][PASSED] - Text '' is set on object 'Object Repository/RecAndPlayBk/Page-Vlink-Debit/input_Company_check'

2023-02-08 19:31:42 - [TEST_STEP][PASSED] - setText(findTestObject("RecAndPlayBk/Page-Vlink-Debit/input_Account Type"), acType): Text '2' is set on object 'Object Repository/RecAndPlayBk/Page-Vlink-Debit/input_Account Type'

2023-02-08 19:31:43 - [MESSAGE][PASSED] - Text '2' is set on object 'Object Repository/RecAndPlayBk/Page-Vlink-Debit/input_Account Type'

2023-02-08 19:31:43 - [TEST_STEP][PASSED] - setText(findTestObject("RecAndPlayBk/Page-Vlink-Debit/input_Routing Number"), rtn): Text '256072691' is set on object 'Object Repository/RecAndPlayBk/Page-Vlink-Debit/input_Routing Number'

2023-02-08 19:31:43 - [MESSAGE][PASSED] - Text '256072691' is set on object 'Object Repository/RecAndPlayBk/Page-Vlink-Debit/input_Routing Number'

2023-02-08 19:31:43 - [TEST_STEP][PASSED] - setText(findTestObject("RecAndPlayBk/Page-Vlink-Debit/input_Amount"), amount): Text '12.50' is set on object 'Object Repository/RecAndPlayBk/Page-Vlink-Debit/input_Amount'

2023-02-08 19:31:44 - [MESSAGE][PASSED] - Text '12.50' is set on object 'Object Repository/RecAndPlayBk/Page-Vlink-Debit/input_Amount'

2023-02-08 19:31:44 - [TEST_STEP][PASSED] - setText(findTestObject("RecAndPlayBk/Page-Vlink-Debit/input_Check Email"), ""): Text '' is set on object 'Object Repository/RecAndPlayBk/Page-Vlink-Debit/input_Check Email'

2023-02-08 19:31:44 - [MESSAGE][PASSED] - Text '' is set on object 'Object Repository/RecAndPlayBk/Page-Vlink-Debit/input_Check Email'

2023-02-08 19:31:44 - [TEST_STEP][PASSED] - setText(findTestObject("Object Repository/RecAndPlayBk/Page-Vlink-Debit/input_concat(CheckWriter, , s SSN)_check_ssn"), ""): Text '' is set on object 'Object Repository/RecAndPlayBk/Page-Vlink-Debit/input_concat(CheckWriter, , s SSN)_check_ssn'

2023-02-08 19:31:45 - [MESSAGE][PASSED] - Text '' is set on object 'Object Repository/RecAndPlayBk/Page-Vlink-Debit/input_concat(CheckWriter, , s SSN)_check_ssn'

2023-02-08 19:31:45 - [TEST_STEP][PASSED] - setText(findTestObject("Object Repository/RecAndPlayBk/Page-Vlink-Debit/input_concat(CheckWriter, , s License Numbe_020fef"), ""): Text '' is set on object 'Object Repository/RecAndPlayBk/Page-Vlink-Debit/input_concat(CheckWriter, , s License Numbe_020fef'

2023-02-08 19:31:46 - [MESSAGE][PASSED] - Text '' is set on object 'Object Repository/RecAndPlayBk/Page-Vlink-Debit/input_concat(CheckWriter, , s License Numbe_020fef'

2023-02-08 19:31:46 - [TEST_STEP][PASSED] - setText(findTestObject("Object Repository/RecAndPlayBk/Page-Vlink-Debit/input_concat(CheckWriter, , s License State_21e3e7"), ""): Text '' is set on object 'Object Repository/RecAndPlayBk/Page-Vlink-Debit/input_concat(CheckWriter, , s License State_21e3e7'

2023-02-08 19:31:46 - [MESSAGE][PASSED] - Text '' is set on object 'Object Repository/RecAndPlayBk/Page-Vlink-Debit/input_concat(CheckWriter, , s License State_21e3e7'

2023-02-08 19:31:46 - [TEST_STEP][PASSED] - setText(findTestObject("RecAndPlayBk/Page-Vlink-Debit/input_Standard Entry Class"), sec): Text 'TEL' is set on object 'Object Repository/RecAndPlayBk/Page-Vlink-Debit/input_Standard Entry Class'

2023-02-08 19:31:47 - [MESSAGE][PASSED] - Text 'TEL' is set on object 'Object Repository/RecAndPlayBk/Page-Vlink-Debit/input_Standard Entry Class'

2023-02-08 19:31:47 - [TEST_STEP][PASSED] - click(findTestObject("Object Repository/RecAndPlayBk/Page-Vlink-Debit/input")): Object: 'Object Repository/RecAndPlayBk/Page-Vlink-Debit/input' is clicked on

2023-02-08 19:31:48 - [MESSAGE][PASSED] - Object: 'Object Repository/RecAndPlayBk/Page-Vlink-Debit/input' is clicked on

2023-02-08 19:31:48 - [TEST_STEP][PASSED] - if (verifyTextPresent("Transaction approved, no errors", true)): null

2023-02-08 19:31:48 - [MESSAGE][PASSED] - Text 'Transaction approved, no errors' is present on page  using regular expression

2023-02-08 19:31:48 - [TEST_STEP][PASSED] - println("Transaction Approved, no errors text is present on the Confirmation page"): null

2023-02-08 19:31:48 - [TEST_STEP][PASSED] - sdfo = getText(findTestObject("Object Repository/Page_VLinkReceipt/pre_STX")): Text of object 'Object Repository/Page_VLinkReceipt/pre_STX' is: '<STX>15589|70215|23803             12125324            0  Transaction approved, no errors                   0                                                                                                              <ETX>'

2023-02-08 19:31:48 - [MESSAGE][PASSED] - Text of object 'Object Repository/Page_VLinkReceipt/pre_STX' is: '<STX>15589|70215|23803             12125324            0  Transaction approved, no errors                   0                                                                                                              <ETX>'

2023-02-08 19:31:48 - [TEST_STEP][PASSED] - out.println("sdfo: " + sdfo): null

2023-02-08 19:31:48 - [TEST_STEP][PASSED] - remID = substring(5, 35).trim(): null

2023-02-08 19:31:48 - [TEST_STEP][PASSED] - out.println("remID: " + remID): null

2023-02-08 19:31:48 - [TEST_STEP][PASSED] - traxID = substring(35, 55).trim(): null

2023-02-08 19:31:48 - [TEST_STEP][PASSED] - out.println("traxID: " + traxID): null

2023-02-08 19:31:48 - [TEST_STEP][PASSED] - VLinkSaleRemID = remID: null

2023-02-08 19:31:48 - [TEST_STEP][PASSED] - VLinkSaleTranxID = traxID: null

2023-02-08 19:31:48 - [TEST_STEP][PASSED] - openBrowser(VLinkURL + "ACH_credit.html"): Browser is opened with url: 'https://dev-algorithm.govolution.com/vlinktest/QA/version_2_0/ACH_credit.html'

2023-02-08 19:31:48 - [MESSAGE][WARNING] - A browser is already opened. Closing browser and opening a new one

2023-02-08 19:31:49 - [MESSAGE][INFO] - Starting 'Chrome' driver

2023-02-08 19:31:49 - [MESSAGE][INFO] - User set preference: ['acceptInsecureCerts', 'true']

2023-02-08 19:31:49 - [MESSAGE][INFO] - Action delay is set to 0 milliseconds

2023-02-08 19:31:51 - [MESSAGE][PASSED] - Browser is opened with url: 'https://dev-algorithm.govolution.com/vlinktest/QA/version_2_0/ACH_credit.html'

2023-02-08 19:31:51 - [TEST_STEP][PASSED] - maximizeWindow(): Current window maximized

2023-02-08 19:31:51 - [MESSAGE][PASSED] - Current window maximized

2023-02-08 19:31:51 - [TEST_STEP][PASSED] - setText(findTestObject("Object Repository/RecAndPlayBk/Page-Vlink-ACH-Credit/input_Remittance Id"), VLinkSaleRemID): Text '15589|70215|23803' is set on object 'Object Repository/RecAndPlayBk/Page-Vlink-ACH-Credit/input_Remittance Id'

2023-02-08 19:31:52 - [MESSAGE][PASSED] - Text '15589|70215|23803' is set on object 'Object Repository/RecAndPlayBk/Page-Vlink-ACH-Credit/input_Remittance Id'

2023-02-08 19:31:52 - [TEST_STEP][PASSED] - setText(findTestObject("Object Repository/RecAndPlayBk/Page-Vlink-ACH-Credit/input_Application Id"), appID): Text '234' is set on object 'Object Repository/RecAndPlayBk/Page-Vlink-ACH-Credit/input_Application Id'

2023-02-08 19:31:52 - [MESSAGE][PASSED] - Text '234' is set on object 'Object Repository/RecAndPlayBk/Page-Vlink-ACH-Credit/input_Application Id'

2023-02-08 19:31:52 - [TEST_STEP][PASSED] - setText(findTestObject("Object Repository/RecAndPlayBk/Page-Vlink-ACH-Credit/input_Username"), username): Text 'username' is set on object 'Object Repository/RecAndPlayBk/Page-Vlink-ACH-Credit/input_Username'

2023-02-08 19:31:53 - [MESSAGE][PASSED] - Text 'username' is set on object 'Object Repository/RecAndPlayBk/Page-Vlink-ACH-Credit/input_Username'

2023-02-08 19:31:53 - [TEST_STEP][PASSED] - setText(findTestObject("Object Repository/RecAndPlayBk/Page-Vlink-ACH-Credit/input_Password"), password): Text 'password' is set on object 'Object Repository/RecAndPlayBk/Page-Vlink-ACH-Credit/input_Password'

2023-02-08 19:31:54 - [MESSAGE][PASSED] - Text 'password' is set on object 'Object Repository/RecAndPlayBk/Page-Vlink-ACH-Credit/input_Password'

2023-02-08 19:31:54 - [TEST_STEP][PASSED] - setText(findTestObject("Object Repository/RecAndPlayBk/Page-Vlink-ACH-Credit/input_Check Type"), checkType): Text 'P' is set on object 'Object Repository/RecAndPlayBk/Page-Vlink-ACH-Credit/input_Check Type'

2023-02-08 19:31:54 - [MESSAGE][PASSED] - Text 'P' is set on object 'Object Repository/RecAndPlayBk/Page-Vlink-ACH-Credit/input_Check Type'

2023-02-08 19:31:54 - [TEST_STEP][PASSED] - setText(findTestObject("Object Repository/RecAndPlayBk/Page-Vlink-ACH-Credit/input_Transaction ID"), VLinkSaleTranxID): Text '12125324' is set on object 'Object Repository/RecAndPlayBk/Page-Vlink-ACH-Credit/input_Transaction ID'

2023-02-08 19:31:55 - [MESSAGE][PASSED] - Text '12125324' is set on object 'Object Repository/RecAndPlayBk/Page-Vlink-ACH-Credit/input_Transaction ID'

2023-02-08 19:31:55 - [TEST_STEP][PASSED] - setText(findTestObject("Object Repository/RecAndPlayBk/Page-Vlink-ACH-Credit/input_Amount"), amount): Text '12.50' is set on object 'Object Repository/RecAndPlayBk/Page-Vlink-ACH-Credit/input_Amount'

2023-02-08 19:31:55 - [MESSAGE][PASSED] - Text '12.50' is set on object 'Object Repository/RecAndPlayBk/Page-Vlink-ACH-Credit/input_Amount'

2023-02-08 19:31:55 - [TEST_STEP][PASSED] - setText(findTestObject("Object Repository/RecAndPlayBk/Page-Vlink-ACH-Credit/input_Standard Entry Class"), sec): Text 'TEL' is set on object 'Object Repository/RecAndPlayBk/Page-Vlink-ACH-Credit/input_Standard Entry Class'

2023-02-08 19:31:56 - [MESSAGE][PASSED] - Text 'TEL' is set on object 'Object Repository/RecAndPlayBk/Page-Vlink-ACH-Credit/input_Standard Entry Class'

2023-02-08 19:31:56 - [TEST_STEP][PASSED] - setText(findTestObject("Object Repository/RecAndPlayBk/Page-Vlink-ACH-Credit/input_Account Number"), acNumber): Text '58963214' is set on object 'Object Repository/RecAndPlayBk/Page-Vlink-ACH-Credit/input_Account Number'

2023-02-08 19:31:57 - [MESSAGE][PASSED] - Text '58963214' is set on object 'Object Repository/RecAndPlayBk/Page-Vlink-ACH-Credit/input_Account Number'

2023-02-08 19:31:57 - [TEST_STEP][PASSED] - setText(findTestObject("Object Repository/RecAndPlayBk/Page-Vlink-ACH-Credit/input_Routing Number"), rtn): Text '256072691' is set on object 'Object Repository/RecAndPlayBk/Page-Vlink-ACH-Credit/input_Routing Number'

2023-02-08 19:31:57 - [MESSAGE][PASSED] - Text '256072691' is set on object 'Object Repository/RecAndPlayBk/Page-Vlink-ACH-Credit/input_Routing Number'

2023-02-08 19:31:57 - [TEST_STEP][PASSED] - click(findTestObject("Object Repository/RecAndPlayBk/Page-Vlink-ACH-Credit/input")): Object: 'Object Repository/RecAndPlayBk/Page-Vlink-ACH-Credit/input' is clicked on

2023-02-08 19:31:58 - [MESSAGE][PASSED] - Object: 'Object Repository/RecAndPlayBk/Page-Vlink-ACH-Credit/input' is clicked on

2023-02-08 19:31:58 - [TEST_STEP][PASSED] - if (verifyTextPresent("Transaction approved, no errors", true)): null

2023-02-08 19:31:58 - [MESSAGE][PASSED] - Text 'Transaction approved, no errors' is present on page  using regular expression

2023-02-08 19:31:58 - [TEST_STEP][PASSED] - println("Transaction Approved, no errors text is present on the Confirmation page"): null

2023-02-08 19:31:58 - [TEST_STEP][PASSED] - out.println("Pass Record Number: " + row): null

2023-02-08 19:31:58 - [TEST_STEP][PASSED] - resText = "Pass": null

2023-02-08 19:31:58 - [TEST_STEP][PASSED] - pages.WriteExcel.demoKey(resText, datText, resColumn, datCloumn, fileLoc, nameSheet, row): pages.WriteExcel.demoKey is PASSED

2023-02-08 19:31:58 - [MESSAGE][PASSED] - pages.WriteExcel.demoKey is PASSED

2023-02-08 19:31:58 - [TEST_STEP][PASSED] - ExecuteTC = findTestData(dataFile).getValue("Execute", row): null

2023-02-08 19:31:58 - [TEST_STEP][PASSED] - out.println("Value of Execute is : " + ExecuteTC): null

2023-02-08 19:31:58 - [TEST_STEP][PASSED] - switch (executionProfile): null

2023-02-08 19:31:58 - [TEST_STEP][PASSED] - case "QAProfile":: null

2023-02-08 19:31:58 - [TEST_STEP][PASSED] - appID = findTestData(dataFile).getValue("AppIDQA", row): null

2023-02-08 19:31:58 - [TEST_STEP][PASSED] - username = findTestData(dataFile).getValue("UsernameQA", row): null

2023-02-08 19:31:59 - [TEST_STEP][PASSED] - password = findTestData(dataFile).getValue("PasswordQA", row): null

2023-02-08 19:31:59 - [TEST_STEP][PASSED] - break: null

2023-02-08 19:31:59 - [TEST_STEP][PASSED] - if (ExecuteTC.equalsIgnoreCase("Y")): null

2023-02-08 19:31:59 - [TEST_STEP][PASSED] - out.println("Begin Record Number: " + row): null

2023-02-08 19:31:59 - [TEST_STEP][PASSED] - today = new java.util.Date(): null

2023-02-08 19:31:59 - [TEST_STEP][PASSED] - println(today): null

2023-02-08 19:31:59 - [TEST_STEP][PASSED] - datText = today: null

2023-02-08 19:31:59 - [TEST_STEP][PASSED] - checkType = findTestData(dataFile).getValue("CheckType", row): null

2023-02-08 19:31:59 - [TEST_STEP][PASSED] - acNumber = findTestData(dataFile).getValue("AcNumber", row): null

2023-02-08 19:31:59 - [TEST_STEP][PASSED] - company = findTestData(dataFile).getValue("Company", row): null

2023-02-08 19:31:59 - [TEST_STEP][PASSED] - acType = findTestData(dataFile).getValue("AcType", row): null

2023-02-08 19:31:59 - [TEST_STEP][PASSED] - rtn = findTestData(dataFile).getValue("RTN", row): null

2023-02-08 19:31:59 - [TEST_STEP][PASSED] - amount = findTestData(dataFile).getValue("Amount", row): null

2023-02-08 19:31:59 - [TEST_STEP][PASSED] - sec = findTestData(dataFile).getValue("SEC", row): null

2023-02-08 19:31:59 - [TEST_STEP][PASSED] - openBrowser(VLinkURL + "debit.html"): Browser is opened with url: 'https://dev-algorithm.govolution.com/vlinktest/QA/version_2_0/debit.html'

2023-02-08 19:31:59 - [MESSAGE][WARNING] - A browser is already opened. Closing browser and opening a new one

2023-02-08 19:32:00 - [MESSAGE][INFO] - Starting 'Chrome' driver

2023-02-08 19:32:00 - [MESSAGE][INFO] - User set preference: ['acceptInsecureCerts', 'true']

2023-02-08 19:32:00 - [MESSAGE][INFO] - Action delay is set to 0 milliseconds

2023-02-08 19:32:02 - [MESSAGE][PASSED] - Browser is opened with url: 'https://dev-algorithm.govolution.com/vlinktest/QA/version_2_0/debit.html'

2023-02-08 19:32:02 - [TEST_STEP][PASSED] - maximizeWindow(): Current window maximized

2023-02-08 19:32:02 - [MESSAGE][PASSED] - Current window maximized

2023-02-08 19:32:02 - [TEST_STEP][PASSED] - genRemID1 = random() * 99999).toInteger(): null

2023-02-08 19:32:02 - [TEST_STEP][PASSED] - genRemID2 = random() * 99999).toInteger(): null

2023-02-08 19:32:02 - [TEST_STEP][PASSED] - genRemID3 = random() * 99999).toInteger(): null

2023-02-08 19:32:02 - [TEST_STEP][PASSED] - println(genRemID1): null

2023-02-08 19:32:02 - [TEST_STEP][PASSED] - println(genRemID2): null

2023-02-08 19:32:02 - [TEST_STEP][PASSED] - println(genRemID3): null

2023-02-08 19:32:02 - [TEST_STEP][PASSED] - genRemID = genRemID1 + "|" + genRemID2 + "|" + genRemID3: null

2023-02-08 19:32:02 - [TEST_STEP][PASSED] - println(genRemID): null

2023-02-08 19:32:02 - [TEST_STEP][PASSED] - setText(findTestObject("RecAndPlayBk/Page-Vlink-Debit/input_Remittance Id"), genRemID): Text '96208|16986|1418' is set on object 'Object Repository/RecAndPlayBk/Page-Vlink-Debit/input_Remittance Id'

2023-02-08 19:32:03 - [MESSAGE][PASSED] - Text '96208|16986|1418' is set on object 'Object Repository/RecAndPlayBk/Page-Vlink-Debit/input_Remittance Id'

2023-02-08 19:32:03 - [TEST_STEP][PASSED] - setText(findTestObject("RecAndPlayBk/Page-Vlink-Debit/input_Application Id"), appID): Text '234' is set on object 'Object Repository/RecAndPlayBk/Page-Vlink-Debit/input_Application Id'

2023-02-08 19:32:03 - [MESSAGE][PASSED] - Text '234' is set on object 'Object Repository/RecAndPlayBk/Page-Vlink-Debit/input_Application Id'

2023-02-08 19:32:03 - [TEST_STEP][PASSED] - setText(findTestObject("RecAndPlayBk/Page-Vlink-Debit/input_Username"), username): Text 'username' is set on object 'Object Repository/RecAndPlayBk/Page-Vlink-Debit/input_Username'

2023-02-08 19:32:04 - [MESSAGE][PASSED] - Text 'username' is set on object 'Object Repository/RecAndPlayBk/Page-Vlink-Debit/input_Username'

2023-02-08 19:32:04 - [TEST_STEP][PASSED] - setText(findTestObject("RecAndPlayBk/Page-Vlink-Debit/input_Password"), password): Text 'password' is set on object 'Object Repository/RecAndPlayBk/Page-Vlink-Debit/input_Password'

2023-02-08 19:32:04 - [MESSAGE][PASSED] - Text 'password' is set on object 'Object Repository/RecAndPlayBk/Page-Vlink-Debit/input_Password'

2023-02-08 19:32:04 - [TEST_STEP][PASSED] - setText(findTestObject("RecAndPlayBk/Page-Vlink-Debit/input_Check Type"), checkType): Text 'P' is set on object 'Object Repository/RecAndPlayBk/Page-Vlink-Debit/input_Check Type'

2023-02-08 19:32:05 - [MESSAGE][PASSED] - Text 'P' is set on object 'Object Repository/RecAndPlayBk/Page-Vlink-Debit/input_Check Type'

2023-02-08 19:32:05 - [TEST_STEP][PASSED] - setText(findTestObject("RecAndPlayBk/Page-Vlink-Debit/input_Account_check"), acNumber): Text '58963214' is set on object 'Object Repository/RecAndPlayBk/Page-Vlink-Debit/input_Account_check'

2023-02-08 19:32:06 - [MESSAGE][PASSED] - Text '58963214' is set on object 'Object Repository/RecAndPlayBk/Page-Vlink-Debit/input_Account_check'

2023-02-08 19:32:06 - [TEST_STEP][PASSED] - setText(findTestObject("RecAndPlayBk/Page-Vlink-Debit/input_Company_check"), company): Text '' is set on object 'Object Repository/RecAndPlayBk/Page-Vlink-Debit/input_Company_check'

2023-02-08 19:32:06 - [MESSAGE][PASSED] - Text '' is set on object 'Object Repository/RecAndPlayBk/Page-Vlink-Debit/input_Company_check'

2023-02-08 19:32:06 - [TEST_STEP][PASSED] - setText(findTestObject("RecAndPlayBk/Page-Vlink-Debit/input_Account Type"), acType): Text '2' is set on object 'Object Repository/RecAndPlayBk/Page-Vlink-Debit/input_Account Type'

2023-02-08 19:32:07 - [MESSAGE][PASSED] - Text '2' is set on object 'Object Repository/RecAndPlayBk/Page-Vlink-Debit/input_Account Type'

2023-02-08 19:32:07 - [TEST_STEP][PASSED] - setText(findTestObject("RecAndPlayBk/Page-Vlink-Debit/input_Routing Number"), rtn): Text '256072691' is set on object 'Object Repository/RecAndPlayBk/Page-Vlink-Debit/input_Routing Number'

2023-02-08 19:32:08 - [MESSAGE][PASSED] - Text '256072691' is set on object 'Object Repository/RecAndPlayBk/Page-Vlink-Debit/input_Routing Number'

2023-02-08 19:32:08 - [TEST_STEP][PASSED] - setText(findTestObject("RecAndPlayBk/Page-Vlink-Debit/input_Amount"), amount): Text '12.50' is set on object 'Object Repository/RecAndPlayBk/Page-Vlink-Debit/input_Amount'

2023-02-08 19:32:08 - [MESSAGE][PASSED] - Text '12.50' is set on object 'Object Repository/RecAndPlayBk/Page-Vlink-Debit/input_Amount'

2023-02-08 19:32:08 - [TEST_STEP][PASSED] - setText(findTestObject("RecAndPlayBk/Page-Vlink-Debit/input_Check Email"), ""): Text '' is set on object 'Object Repository/RecAndPlayBk/Page-Vlink-Debit/input_Check Email'

2023-02-08 19:32:09 - [MESSAGE][PASSED] - Text '' is set on object 'Object Repository/RecAndPlayBk/Page-Vlink-Debit/input_Check Email'

2023-02-08 19:32:09 - [TEST_STEP][PASSED] - setText(findTestObject("Object Repository/RecAndPlayBk/Page-Vlink-Debit/input_concat(CheckWriter, , s SSN)_check_ssn"), ""): Text '' is set on object 'Object Repository/RecAndPlayBk/Page-Vlink-Debit/input_concat(CheckWriter, , s SSN)_check_ssn'

2023-02-08 19:32:09 - [MESSAGE][PASSED] - Text '' is set on object 'Object Repository/RecAndPlayBk/Page-Vlink-Debit/input_concat(CheckWriter, , s SSN)_check_ssn'

2023-02-08 19:32:09 - [TEST_STEP][PASSED] - setText(findTestObject("Object Repository/RecAndPlayBk/Page-Vlink-Debit/input_concat(CheckWriter, , s License Numbe_020fef"), ""): Text '' is set on object 'Object Repository/RecAndPlayBk/Page-Vlink-Debit/input_concat(CheckWriter, , s License Numbe_020fef'

2023-02-08 19:32:10 - [MESSAGE][PASSED] - Text '' is set on object 'Object Repository/RecAndPlayBk/Page-Vlink-Debit/input_concat(CheckWriter, , s License Numbe_020fef'

2023-02-08 19:32:10 - [TEST_STEP][PASSED] - setText(findTestObject("Object Repository/RecAndPlayBk/Page-Vlink-Debit/input_concat(CheckWriter, , s License State_21e3e7"), ""): Text '' is set on object 'Object Repository/RecAndPlayBk/Page-Vlink-Debit/input_concat(CheckWriter, , s License State_21e3e7'

2023-02-08 19:32:11 - [MESSAGE][PASSED] - Text '' is set on object 'Object Repository/RecAndPlayBk/Page-Vlink-Debit/input_concat(CheckWriter, , s License State_21e3e7'

2023-02-08 19:32:11 - [TEST_STEP][PASSED] - setText(findTestObject("RecAndPlayBk/Page-Vlink-Debit/input_Standard Entry Class"), sec): Text 'PPD' is set on object 'Object Repository/RecAndPlayBk/Page-Vlink-Debit/input_Standard Entry Class'

2023-02-08 19:32:11 - [MESSAGE][PASSED] - Text 'PPD' is set on object 'Object Repository/RecAndPlayBk/Page-Vlink-Debit/input_Standard Entry Class'

2023-02-08 19:32:11 - [TEST_STEP][PASSED] - click(findTestObject("Object Repository/RecAndPlayBk/Page-Vlink-Debit/input")): Object: 'Object Repository/RecAndPlayBk/Page-Vlink-Debit/input' is clicked on

2023-02-08 19:32:12 - [MESSAGE][PASSED] - Object: 'Object Repository/RecAndPlayBk/Page-Vlink-Debit/input' is clicked on

2023-02-08 19:32:12 - [TEST_STEP][PASSED] - if (verifyTextPresent("Transaction approved, no errors", true)): null

2023-02-08 19:32:12 - [MESSAGE][PASSED] - Text 'Transaction approved, no errors' is present on page  using regular expression

2023-02-08 19:32:12 - [TEST_STEP][PASSED] - println("Transaction Approved, no errors text is present on the Confirmation page"): null

2023-02-08 19:32:12 - [TEST_STEP][PASSED] - sdfo = getText(findTestObject("Object Repository/Page_VLinkReceipt/pre_STX")): Text of object 'Object Repository/Page_VLinkReceipt/pre_STX' is: '<STX>96208|16986|1418              12125326            0  Transaction approved, no errors                   0                                                                                                              <ETX>'

2023-02-08 19:32:13 - [MESSAGE][PASSED] - Text of object 'Object Repository/Page_VLinkReceipt/pre_STX' is: '<STX>96208|16986|1418              12125326            0  Transaction approved, no errors                   0                                                                                                              <ETX>'

2023-02-08 19:32:13 - [TEST_STEP][PASSED] - out.println("sdfo: " + sdfo): null

2023-02-08 19:32:13 - [TEST_STEP][PASSED] - remID = substring(5, 35).trim(): null

2023-02-08 19:32:13 - [TEST_STEP][PASSED] - out.println("remID: " + remID): null

2023-02-08 19:32:13 - [TEST_STEP][PASSED] - traxID = substring(35, 55).trim(): null

2023-02-08 19:32:13 - [TEST_STEP][PASSED] - out.println("traxID: " + traxID): null

2023-02-08 19:32:13 - [TEST_STEP][PASSED] - VLinkSaleRemID = remID: null

2023-02-08 19:32:13 - [TEST_STEP][PASSED] - VLinkSaleTranxID = traxID: null

2023-02-08 19:32:13 - [TEST_STEP][PASSED] - openBrowser(VLinkURL + "ACH_credit.html"): Browser is opened with url: 'https://dev-algorithm.govolution.com/vlinktest/QA/version_2_0/ACH_credit.html'

2023-02-08 19:32:13 - [MESSAGE][WARNING] - A browser is already opened. Closing browser and opening a new one

2023-02-08 19:32:14 - [MESSAGE][INFO] - Starting 'Chrome' driver

2023-02-08 19:32:14 - [MESSAGE][INFO] - User set preference: ['acceptInsecureCerts', 'true']

2023-02-08 19:32:14 - [MESSAGE][INFO] - Action delay is set to 0 milliseconds

2023-02-08 19:32:15 - [MESSAGE][PASSED] - Browser is opened with url: 'https://dev-algorithm.govolution.com/vlinktest/QA/version_2_0/ACH_credit.html'

2023-02-08 19:32:15 - [TEST_STEP][PASSED] - maximizeWindow(): Current window maximized

2023-02-08 19:32:15 - [MESSAGE][PASSED] - Current window maximized

2023-02-08 19:32:15 - [TEST_STEP][PASSED] - setText(findTestObject("Object Repository/RecAndPlayBk/Page-Vlink-ACH-Credit/input_Remittance Id"), VLinkSaleRemID): Text '96208|16986|1418' is set on object 'Object Repository/RecAndPlayBk/Page-Vlink-ACH-Credit/input_Remittance Id'

2023-02-08 19:32:16 - [MESSAGE][PASSED] - Text '96208|16986|1418' is set on object 'Object Repository/RecAndPlayBk/Page-Vlink-ACH-Credit/input_Remittance Id'

2023-02-08 19:32:16 - [TEST_STEP][PASSED] - setText(findTestObject("Object Repository/RecAndPlayBk/Page-Vlink-ACH-Credit/input_Application Id"), appID): Text '234' is set on object 'Object Repository/RecAndPlayBk/Page-Vlink-ACH-Credit/input_Application Id'

2023-02-08 19:32:17 - [MESSAGE][PASSED] - Text '234' is set on object 'Object Repository/RecAndPlayBk/Page-Vlink-ACH-Credit/input_Application Id'

2023-02-08 19:32:17 - [TEST_STEP][PASSED] - setText(findTestObject("Object Repository/RecAndPlayBk/Page-Vlink-ACH-Credit/input_Username"), username): Text 'username' is set on object 'Object Repository/RecAndPlayBk/Page-Vlink-ACH-Credit/input_Username'

2023-02-08 19:32:17 - [MESSAGE][PASSED] - Text 'username' is set on object 'Object Repository/RecAndPlayBk/Page-Vlink-ACH-Credit/input_Username'

2023-02-08 19:32:17 - [TEST_STEP][PASSED] - setText(findTestObject("Object Repository/RecAndPlayBk/Page-Vlink-ACH-Credit/input_Password"), password): Text 'password' is set on object 'Object Repository/RecAndPlayBk/Page-Vlink-ACH-Credit/input_Password'

2023-02-08 19:32:18 - [MESSAGE][PASSED] - Text 'password' is set on object 'Object Repository/RecAndPlayBk/Page-Vlink-ACH-Credit/input_Password'

2023-02-08 19:32:18 - [TEST_STEP][PASSED] - setText(findTestObject("Object Repository/RecAndPlayBk/Page-Vlink-ACH-Credit/input_Check Type"), checkType): Text 'P' is set on object 'Object Repository/RecAndPlayBk/Page-Vlink-ACH-Credit/input_Check Type'

2023-02-08 19:32:19 - [MESSAGE][PASSED] - Text 'P' is set on object 'Object Repository/RecAndPlayBk/Page-Vlink-ACH-Credit/input_Check Type'

2023-02-08 19:32:19 - [TEST_STEP][PASSED] - setText(findTestObject("Object Repository/RecAndPlayBk/Page-Vlink-ACH-Credit/input_Transaction ID"), VLinkSaleTranxID): Text '12125326' is set on object 'Object Repository/RecAndPlayBk/Page-Vlink-ACH-Credit/input_Transaction ID'

2023-02-08 19:32:19 - [MESSAGE][PASSED] - Text '12125326' is set on object 'Object Repository/RecAndPlayBk/Page-Vlink-ACH-Credit/input_Transaction ID'

2023-02-08 19:32:19 - [TEST_STEP][PASSED] - setText(findTestObject("Object Repository/RecAndPlayBk/Page-Vlink-ACH-Credit/input_Amount"), amount): Text '12.50' is set on object 'Object Repository/RecAndPlayBk/Page-Vlink-ACH-Credit/input_Amount'

2023-02-08 19:32:20 - [MESSAGE][PASSED] - Text '12.50' is set on object 'Object Repository/RecAndPlayBk/Page-Vlink-ACH-Credit/input_Amount'

2023-02-08 19:32:20 - [TEST_STEP][PASSED] - setText(findTestObject("Object Repository/RecAndPlayBk/Page-Vlink-ACH-Credit/input_Standard Entry Class"), sec): Text 'PPD' is set on object 'Object Repository/RecAndPlayBk/Page-Vlink-ACH-Credit/input_Standard Entry Class'

2023-02-08 19:32:20 - [MESSAGE][PASSED] - Text 'PPD' is set on object 'Object Repository/RecAndPlayBk/Page-Vlink-ACH-Credit/input_Standard Entry Class'

2023-02-08 19:32:20 - [TEST_STEP][PASSED] - setText(findTestObject("Object Repository/RecAndPlayBk/Page-Vlink-ACH-Credit/input_Account Number"), acNumber): Text '58963214' is set on object 'Object Repository/RecAndPlayBk/Page-Vlink-ACH-Credit/input_Account Number'

2023-02-08 19:32:21 - [MESSAGE][PASSED] - Text '58963214' is set on object 'Object Repository/RecAndPlayBk/Page-Vlink-ACH-Credit/input_Account Number'

2023-02-08 19:32:21 - [TEST_STEP][PASSED] - setText(findTestObject("Object Repository/RecAndPlayBk/Page-Vlink-ACH-Credit/input_Routing Number"), rtn): Text '256072691' is set on object 'Object Repository/RecAndPlayBk/Page-Vlink-ACH-Credit/input_Routing Number'

2023-02-08 19:32:22 - [MESSAGE][PASSED] - Text '256072691' is set on object 'Object Repository/RecAndPlayBk/Page-Vlink-ACH-Credit/input_Routing Number'

2023-02-08 19:32:22 - [TEST_STEP][PASSED] - click(findTestObject("Object Repository/RecAndPlayBk/Page-Vlink-ACH-Credit/input")): Object: 'Object Repository/RecAndPlayBk/Page-Vlink-ACH-Credit/input' is clicked on

2023-02-08 19:32:22 - [MESSAGE][PASSED] - Object: 'Object Repository/RecAndPlayBk/Page-Vlink-ACH-Credit/input' is clicked on

2023-02-08 19:32:22 - [TEST_STEP][PASSED] - if (verifyTextPresent("Transaction approved, no errors", true)): null

2023-02-08 19:32:23 - [MESSAGE][PASSED] - Text 'Transaction approved, no errors' is present on page  using regular expression

2023-02-08 19:32:23 - [TEST_STEP][PASSED] - println("Transaction Approved, no errors text is present on the Confirmation page"): null

2023-02-08 19:32:23 - [TEST_STEP][PASSED] - out.println("Pass Record Number: " + row): null

2023-02-08 19:32:23 - [TEST_STEP][PASSED] - resText = "Pass": null

2023-02-08 19:32:23 - [TEST_STEP][PASSED] - pages.WriteExcel.demoKey(resText, datText, resColumn, datCloumn, fileLoc, nameSheet, row): pages.WriteExcel.demoKey is PASSED

2023-02-08 19:32:23 - [MESSAGE][PASSED] - pages.WriteExcel.demoKey is PASSED

2023-02-08 19:32:23 - [TEST_STEP][PASSED] - ExecuteTC = findTestData(dataFile).getValue("Execute", row): null

2023-02-08 19:32:23 - [TEST_STEP][PASSED] - out.println("Value of Execute is : " + ExecuteTC): null

2023-02-08 19:32:23 - [TEST_STEP][PASSED] - switch (executionProfile): null

2023-02-08 19:32:23 - [TEST_STEP][PASSED] - case "QAProfile":: null

2023-02-08 19:32:23 - [TEST_STEP][PASSED] - appID = findTestData(dataFile).getValue("AppIDQA", row): null

2023-02-08 19:32:23 - [TEST_STEP][PASSED] - username = findTestData(dataFile).getValue("UsernameQA", row): null

2023-02-08 19:32:23 - [TEST_STEP][PASSED] - password = findTestData(dataFile).getValue("PasswordQA", row): null

2023-02-08 19:32:23 - [TEST_STEP][PASSED] - break: null

2023-02-08 19:32:23 - [TEST_STEP][PASSED] - if (ExecuteTC.equalsIgnoreCase("Y")): null

2023-02-08 19:32:23 - [TEST_STEP][PASSED] - out.println("Begin Record Number: " + row): null

2023-02-08 19:32:23 - [TEST_STEP][PASSED] - today = new java.util.Date(): null

2023-02-08 19:32:23 - [TEST_STEP][PASSED] - println(today): null

2023-02-08 19:32:23 - [TEST_STEP][PASSED] - datText = today: null

2023-02-08 19:32:23 - [TEST_STEP][PASSED] - checkType = findTestData(dataFile).getValue("CheckType", row): null

2023-02-08 19:32:23 - [TEST_STEP][PASSED] - acNumber = findTestData(dataFile).getValue("AcNumber", row): null

2023-02-08 19:32:23 - [TEST_STEP][PASSED] - company = findTestData(dataFile).getValue("Company", row): null

2023-02-08 19:32:23 - [TEST_STEP][PASSED] - acType = findTestData(dataFile).getValue("AcType", row): null

2023-02-08 19:32:23 - [TEST_STEP][PASSED] - rtn = findTestData(dataFile).getValue("RTN", row): null

2023-02-08 19:32:23 - [TEST_STEP][PASSED] - amount = findTestData(dataFile).getValue("Amount", row): null

2023-02-08 19:32:24 - [TEST_STEP][PASSED] - sec = findTestData(dataFile).getValue("SEC", row): null

2023-02-08 19:32:24 - [TEST_STEP][PASSED] - openBrowser(VLinkURL + "debit.html"): Browser is opened with url: 'https://dev-algorithm.govolution.com/vlinktest/QA/version_2_0/debit.html'

2023-02-08 19:32:24 - [MESSAGE][WARNING] - A browser is already opened. Closing browser and opening a new one

2023-02-08 19:32:25 - [MESSAGE][INFO] - Starting 'Chrome' driver

2023-02-08 19:32:25 - [MESSAGE][INFO] - User set preference: ['acceptInsecureCerts', 'true']

2023-02-08 19:32:25 - [MESSAGE][INFO] - Action delay is set to 0 milliseconds

2023-02-08 19:32:26 - [MESSAGE][PASSED] - Browser is opened with url: 'https://dev-algorithm.govolution.com/vlinktest/QA/version_2_0/debit.html'

2023-02-08 19:32:26 - [TEST_STEP][PASSED] - maximizeWindow(): Current window maximized

2023-02-08 19:32:26 - [MESSAGE][PASSED] - Current window maximized

2023-02-08 19:32:26 - [TEST_STEP][PASSED] - genRemID1 = random() * 99999).toInteger(): null

2023-02-08 19:32:26 - [TEST_STEP][PASSED] - genRemID2 = random() * 99999).toInteger(): null

2023-02-08 19:32:26 - [TEST_STEP][PASSED] - genRemID3 = random() * 99999).toInteger(): null

2023-02-08 19:32:26 - [TEST_STEP][PASSED] - println(genRemID1): null

2023-02-08 19:32:26 - [TEST_STEP][PASSED] - println(genRemID2): null

2023-02-08 19:32:26 - [TEST_STEP][PASSED] - println(genRemID3): null

2023-02-08 19:32:26 - [TEST_STEP][PASSED] - genRemID = genRemID1 + "|" + genRemID2 + "|" + genRemID3: null

2023-02-08 19:32:26 - [TEST_STEP][PASSED] - println(genRemID): null

2023-02-08 19:32:26 - [TEST_STEP][PASSED] - setText(findTestObject("RecAndPlayBk/Page-Vlink-Debit/input_Remittance Id"), genRemID): Text '95082|2465|37505' is set on object 'Object Repository/RecAndPlayBk/Page-Vlink-Debit/input_Remittance Id'

2023-02-08 19:32:27 - [MESSAGE][PASSED] - Text '95082|2465|37505' is set on object 'Object Repository/RecAndPlayBk/Page-Vlink-Debit/input_Remittance Id'

2023-02-08 19:32:27 - [TEST_STEP][PASSED] - setText(findTestObject("RecAndPlayBk/Page-Vlink-Debit/input_Application Id"), appID): Text '234' is set on object 'Object Repository/RecAndPlayBk/Page-Vlink-Debit/input_Application Id'

2023-02-08 19:32:28 - [MESSAGE][PASSED] - Text '234' is set on object 'Object Repository/RecAndPlayBk/Page-Vlink-Debit/input_Application Id'

2023-02-08 19:32:28 - [TEST_STEP][PASSED] - setText(findTestObject("RecAndPlayBk/Page-Vlink-Debit/input_Username"), username): Text 'username' is set on object 'Object Repository/RecAndPlayBk/Page-Vlink-Debit/input_Username'

2023-02-08 19:32:28 - [MESSAGE][PASSED] - Text 'username' is set on object 'Object Repository/RecAndPlayBk/Page-Vlink-Debit/input_Username'

2023-02-08 19:32:28 - [TEST_STEP][PASSED] - setText(findTestObject("RecAndPlayBk/Page-Vlink-Debit/input_Password"), password): Text 'password' is set on object 'Object Repository/RecAndPlayBk/Page-Vlink-Debit/input_Password'

2023-02-08 19:32:29 - [MESSAGE][PASSED] - Text 'password' is set on object 'Object Repository/RecAndPlayBk/Page-Vlink-Debit/input_Password'

2023-02-08 19:32:29 - [TEST_STEP][PASSED] - setText(findTestObject("RecAndPlayBk/Page-Vlink-Debit/input_Check Type"), checkType): Text 'C' is set on object 'Object Repository/RecAndPlayBk/Page-Vlink-Debit/input_Check Type'

2023-02-08 19:32:30 - [MESSAGE][PASSED] - Text 'C' is set on object 'Object Repository/RecAndPlayBk/Page-Vlink-Debit/input_Check Type'

2023-02-08 19:32:30 - [TEST_STEP][PASSED] - setText(findTestObject("RecAndPlayBk/Page-Vlink-Debit/input_Account_check"), acNumber): Text '58963214' is set on object 'Object Repository/RecAndPlayBk/Page-Vlink-Debit/input_Account_check'

2023-02-08 19:32:30 - [MESSAGE][PASSED] - Text '58963214' is set on object 'Object Repository/RecAndPlayBk/Page-Vlink-Debit/input_Account_check'

2023-02-08 19:32:30 - [TEST_STEP][PASSED] - setText(findTestObject("RecAndPlayBk/Page-Vlink-Debit/input_Company_check"), company): Text 'My Company' is set on object 'Object Repository/RecAndPlayBk/Page-Vlink-Debit/input_Company_check'

2023-02-08 19:32:31 - [MESSAGE][PASSED] - Text 'My Company' is set on object 'Object Repository/RecAndPlayBk/Page-Vlink-Debit/input_Company_check'

2023-02-08 19:32:31 - [TEST_STEP][PASSED] - setText(findTestObject("RecAndPlayBk/Page-Vlink-Debit/input_Account Type"), acType): Text '' is set on object 'Object Repository/RecAndPlayBk/Page-Vlink-Debit/input_Account Type'

2023-02-08 19:32:32 - [MESSAGE][PASSED] - Text '' is set on object 'Object Repository/RecAndPlayBk/Page-Vlink-Debit/input_Account Type'

2023-02-08 19:32:32 - [TEST_STEP][PASSED] - setText(findTestObject("RecAndPlayBk/Page-Vlink-Debit/input_Routing Number"), rtn): Text '256072691' is set on object 'Object Repository/RecAndPlayBk/Page-Vlink-Debit/input_Routing Number'

2023-02-08 19:32:32 - [MESSAGE][PASSED] - Text '256072691' is set on object 'Object Repository/RecAndPlayBk/Page-Vlink-Debit/input_Routing Number'

2023-02-08 19:32:32 - [TEST_STEP][PASSED] - setText(findTestObject("RecAndPlayBk/Page-Vlink-Debit/input_Amount"), amount): Text '12.50' is set on object 'Object Repository/RecAndPlayBk/Page-Vlink-Debit/input_Amount'

2023-02-08 19:32:33 - [MESSAGE][PASSED] - Text '12.50' is set on object 'Object Repository/RecAndPlayBk/Page-Vlink-Debit/input_Amount'

2023-02-08 19:32:33 - [TEST_STEP][PASSED] - setText(findTestObject("RecAndPlayBk/Page-Vlink-Debit/input_Check Email"), ""): Text '' is set on object 'Object Repository/RecAndPlayBk/Page-Vlink-Debit/input_Check Email'

2023-02-08 19:32:33 - [MESSAGE][PASSED] - Text '' is set on object 'Object Repository/RecAndPlayBk/Page-Vlink-Debit/input_Check Email'

2023-02-08 19:32:33 - [TEST_STEP][PASSED] - setText(findTestObject("Object Repository/RecAndPlayBk/Page-Vlink-Debit/input_concat(CheckWriter, , s SSN)_check_ssn"), ""): Text '' is set on object 'Object Repository/RecAndPlayBk/Page-Vlink-Debit/input_concat(CheckWriter, , s SSN)_check_ssn'

2023-02-08 19:32:34 - [MESSAGE][PASSED] - Text '' is set on object 'Object Repository/RecAndPlayBk/Page-Vlink-Debit/input_concat(CheckWriter, , s SSN)_check_ssn'

2023-02-08 19:32:34 - [TEST_STEP][PASSED] - setText(findTestObject("Object Repository/RecAndPlayBk/Page-Vlink-Debit/input_concat(CheckWriter, , s License Numbe_020fef"), ""): Text '' is set on object 'Object Repository/RecAndPlayBk/Page-Vlink-Debit/input_concat(CheckWriter, , s License Numbe_020fef'

2023-02-08 19:32:35 - [MESSAGE][PASSED] - Text '' is set on object 'Object Repository/RecAndPlayBk/Page-Vlink-Debit/input_concat(CheckWriter, , s License Numbe_020fef'

2023-02-08 19:32:35 - [TEST_STEP][PASSED] - setText(findTestObject("Object Repository/RecAndPlayBk/Page-Vlink-Debit/input_concat(CheckWriter, , s License State_21e3e7"), ""): Text '' is set on object 'Object Repository/RecAndPlayBk/Page-Vlink-Debit/input_concat(CheckWriter, , s License State_21e3e7'

2023-02-08 19:32:35 - [MESSAGE][PASSED] - Text '' is set on object 'Object Repository/RecAndPlayBk/Page-Vlink-Debit/input_concat(CheckWriter, , s License State_21e3e7'

2023-02-08 19:32:35 - [TEST_STEP][PASSED] - setText(findTestObject("RecAndPlayBk/Page-Vlink-Debit/input_Standard Entry Class"), sec): Text 'CCD' is set on object 'Object Repository/RecAndPlayBk/Page-Vlink-Debit/input_Standard Entry Class'

2023-02-08 19:32:36 - [MESSAGE][PASSED] - Text 'CCD' is set on object 'Object Repository/RecAndPlayBk/Page-Vlink-Debit/input_Standard Entry Class'

2023-02-08 19:32:36 - [TEST_STEP][PASSED] - click(findTestObject("Object Repository/RecAndPlayBk/Page-Vlink-Debit/input")): Object: 'Object Repository/RecAndPlayBk/Page-Vlink-Debit/input' is clicked on

2023-02-08 19:32:37 - [MESSAGE][PASSED] - Object: 'Object Repository/RecAndPlayBk/Page-Vlink-Debit/input' is clicked on

2023-02-08 19:32:37 - [TEST_STEP][PASSED] - if (verifyTextPresent("Transaction approved, no errors", true)): null

2023-02-08 19:32:37 - [MESSAGE][PASSED] - Text 'Transaction approved, no errors' is present on page  using regular expression

2023-02-08 19:32:37 - [TEST_STEP][PASSED] - println("Transaction Approved, no errors text is present on the Confirmation page"): null

2023-02-08 19:32:37 - [TEST_STEP][PASSED] - sdfo = getText(findTestObject("Object Repository/Page_VLinkReceipt/pre_STX")): Text of object 'Object Repository/Page_VLinkReceipt/pre_STX' is: '<STX>95082|2465|37505              12125328            0  Transaction approved, no errors                   0                                                                                                              <ETX>'

2023-02-08 19:32:37 - [MESSAGE][PASSED] - Text of object 'Object Repository/Page_VLinkReceipt/pre_STX' is: '<STX>95082|2465|37505              12125328            0  Transaction approved, no errors                   0                                                                                                              <ETX>'

2023-02-08 19:32:37 - [TEST_STEP][PASSED] - out.println("sdfo: " + sdfo): null

2023-02-08 19:32:37 - [TEST_STEP][PASSED] - remID = substring(5, 35).trim(): null

2023-02-08 19:32:37 - [TEST_STEP][PASSED] - out.println("remID: " + remID): null

2023-02-08 19:32:37 - [TEST_STEP][PASSED] - traxID = substring(35, 55).trim(): null

2023-02-08 19:32:37 - [TEST_STEP][PASSED] - out.println("traxID: " + traxID): null

2023-02-08 19:32:37 - [TEST_STEP][PASSED] - VLinkSaleRemID = remID: null

2023-02-08 19:32:37 - [TEST_STEP][PASSED] - VLinkSaleTranxID = traxID: null

2023-02-08 19:32:37 - [TEST_STEP][PASSED] - openBrowser(VLinkURL + "ACH_credit.html"): Browser is opened with url: 'https://dev-algorithm.govolution.com/vlinktest/QA/version_2_0/ACH_credit.html'

2023-02-08 19:32:37 - [MESSAGE][WARNING] - A browser is already opened. Closing browser and opening a new one

2023-02-08 19:32:38 - [MESSAGE][INFO] - Starting 'Chrome' driver

2023-02-08 19:32:38 - [MESSAGE][INFO] - User set preference: ['acceptInsecureCerts', 'true']

2023-02-08 19:32:38 - [MESSAGE][INFO] - Action delay is set to 0 milliseconds

2023-02-08 19:32:40 - [MESSAGE][PASSED] - Browser is opened with url: 'https://dev-algorithm.govolution.com/vlinktest/QA/version_2_0/ACH_credit.html'

2023-02-08 19:32:40 - [TEST_STEP][PASSED] - maximizeWindow(): Current window maximized

2023-02-08 19:32:40 - [MESSAGE][PASSED] - Current window maximized

2023-02-08 19:32:40 - [TEST_STEP][PASSED] - setText(findTestObject("Object Repository/RecAndPlayBk/Page-Vlink-ACH-Credit/input_Remittance Id"), VLinkSaleRemID): Text '95082|2465|37505' is set on object 'Object Repository/RecAndPlayBk/Page-Vlink-ACH-Credit/input_Remittance Id'

2023-02-08 19:32:41 - [MESSAGE][PASSED] - Text '95082|2465|37505' is set on object 'Object Repository/RecAndPlayBk/Page-Vlink-ACH-Credit/input_Remittance Id'

2023-02-08 19:32:41 - [TEST_STEP][PASSED] - setText(findTestObject("Object Repository/RecAndPlayBk/Page-Vlink-ACH-Credit/input_Application Id"), appID): Text '234' is set on object 'Object Repository/RecAndPlayBk/Page-Vlink-ACH-Credit/input_Application Id'

2023-02-08 19:32:41 - [MESSAGE][PASSED] - Text '234' is set on object 'Object Repository/RecAndPlayBk/Page-Vlink-ACH-Credit/input_Application Id'

2023-02-08 19:32:41 - [TEST_STEP][PASSED] - setText(findTestObject("Object Repository/RecAndPlayBk/Page-Vlink-ACH-Credit/input_Username"), username): Text 'username' is set on object 'Object Repository/RecAndPlayBk/Page-Vlink-ACH-Credit/input_Username'

2023-02-08 19:32:42 - [MESSAGE][PASSED] - Text 'username' is set on object 'Object Repository/RecAndPlayBk/Page-Vlink-ACH-Credit/input_Username'

2023-02-08 19:32:42 - [TEST_STEP][PASSED] - setText(findTestObject("Object Repository/RecAndPlayBk/Page-Vlink-ACH-Credit/input_Password"), password): Text 'password' is set on object 'Object Repository/RecAndPlayBk/Page-Vlink-ACH-Credit/input_Password'

2023-02-08 19:32:43 - [MESSAGE][PASSED] - Text 'password' is set on object 'Object Repository/RecAndPlayBk/Page-Vlink-ACH-Credit/input_Password'

2023-02-08 19:32:43 - [TEST_STEP][PASSED] - setText(findTestObject("Object Repository/RecAndPlayBk/Page-Vlink-ACH-Credit/input_Check Type"), checkType): Text 'C' is set on object 'Object Repository/RecAndPlayBk/Page-Vlink-ACH-Credit/input_Check Type'

2023-02-08 19:32:43 - [MESSAGE][PASSED] - Text 'C' is set on object 'Object Repository/RecAndPlayBk/Page-Vlink-ACH-Credit/input_Check Type'

2023-02-08 19:32:43 - [TEST_STEP][PASSED] - setText(findTestObject("Object Repository/RecAndPlayBk/Page-Vlink-ACH-Credit/input_Transaction ID"), VLinkSaleTranxID): Text '12125328' is set on object 'Object Repository/RecAndPlayBk/Page-Vlink-ACH-Credit/input_Transaction ID'

2023-02-08 19:32:44 - [MESSAGE][PASSED] - Text '12125328' is set on object 'Object Repository/RecAndPlayBk/Page-Vlink-ACH-Credit/input_Transaction ID'

2023-02-08 19:32:44 - [TEST_STEP][PASSED] - setText(findTestObject("Object Repository/RecAndPlayBk/Page-Vlink-ACH-Credit/input_Amount"), amount): Text '12.50' is set on object 'Object Repository/RecAndPlayBk/Page-Vlink-ACH-Credit/input_Amount'

2023-02-08 19:32:44 - [MESSAGE][PASSED] - Text '12.50' is set on object 'Object Repository/RecAndPlayBk/Page-Vlink-ACH-Credit/input_Amount'

2023-02-08 19:32:44 - [TEST_STEP][PASSED] - setText(findTestObject("Object Repository/RecAndPlayBk/Page-Vlink-ACH-Credit/input_Standard Entry Class"), sec): Text 'CCD' is set on object 'Object Repository/RecAndPlayBk/Page-Vlink-ACH-Credit/input_Standard Entry Class'

2023-02-08 19:32:45 - [MESSAGE][PASSED] - Text 'CCD' is set on object 'Object Repository/RecAndPlayBk/Page-Vlink-ACH-Credit/input_Standard Entry Class'

2023-02-08 19:32:45 - [TEST_STEP][PASSED] - setText(findTestObject("Object Repository/RecAndPlayBk/Page-Vlink-ACH-Credit/input_Account Number"), acNumber): Text '58963214' is set on object 'Object Repository/RecAndPlayBk/Page-Vlink-ACH-Credit/input_Account Number'

2023-02-08 19:32:46 - [MESSAGE][PASSED] - Text '58963214' is set on object 'Object Repository/RecAndPlayBk/Page-Vlink-ACH-Credit/input_Account Number'

2023-02-08 19:32:46 - [TEST_STEP][PASSED] - setText(findTestObject("Object Repository/RecAndPlayBk/Page-Vlink-ACH-Credit/input_Routing Number"), rtn): Text '256072691' is set on object 'Object Repository/RecAndPlayBk/Page-Vlink-ACH-Credit/input_Routing Number'

2023-02-08 19:32:46 - [MESSAGE][PASSED] - Text '256072691' is set on object 'Object Repository/RecAndPlayBk/Page-Vlink-ACH-Credit/input_Routing Number'

2023-02-08 19:32:46 - [TEST_STEP][PASSED] - click(findTestObject("Object Repository/RecAndPlayBk/Page-Vlink-ACH-Credit/input")): Object: 'Object Repository/RecAndPlayBk/Page-Vlink-ACH-Credit/input' is clicked on

2023-02-08 19:32:47 - [MESSAGE][PASSED] - Object: 'Object Repository/RecAndPlayBk/Page-Vlink-ACH-Credit/input' is clicked on

2023-02-08 19:32:47 - [TEST_STEP][PASSED] - if (verifyTextPresent("Transaction approved, no errors", true)): null

2023-02-08 19:32:47 - [MESSAGE][PASSED] - Text 'Transaction approved, no errors' is present on page  using regular expression

2023-02-08 19:32:47 - [TEST_STEP][PASSED] - println("Transaction Approved, no errors text is present on the Confirmation page"): null

2023-02-08 19:32:47 - [TEST_STEP][PASSED] - out.println("Pass Record Number: " + row): null

2023-02-08 19:32:47 - [TEST_STEP][PASSED] - resText = "Pass": null

2023-02-08 19:32:47 - [TEST_STEP][PASSED] - pages.WriteExcel.demoKey(resText, datText, resColumn, datCloumn, fileLoc, nameSheet, row): pages.WriteExcel.demoKey is PASSED

2023-02-08 19:32:47 - [MESSAGE][PASSED] - pages.WriteExcel.demoKey is PASSED]]></system-out>
         <system-err><![CDATA[]]></system-err>
      </testcase>
      <testcase name="Test Cases/RecAndPlayBk/VLink/Debit-RemID-Pipe" time="99.847" classname="Test Cases/RecAndPlayBk/VLink/Debit-RemID-Pipe" status="PASSED">
         <system-out><![CDATA[2023-02-08 19:32:47 - [TEST_CASE][PASSED] - Test Cases/RecAndPlayBk/VLink/Debit-RemID-Pipe: Test Cases/RecAndPlayBk/VLink/Debit-RemID-Pipe

2023-02-08 19:32:48 - [TEST_STEP][PASSED] - executionProfile = getExecutionProfile(): null

2023-02-08 19:32:48 - [TEST_STEP][PASSED] - out.println("executionProfile : " + executionProfile): null

2023-02-08 19:32:48 - [TEST_STEP][PASSED] - resText = "Fail": null

2023-02-08 19:32:48 - [TEST_STEP][PASSED] - resColumn = "Result": null

2023-02-08 19:32:48 - [TEST_STEP][PASSED] - datCloumn = "Date": null

2023-02-08 19:32:48 - [TEST_STEP][PASSED] - fileLoc = "KatalonData/VLinkSmokeDataACH.xlsx": null

2023-02-08 19:32:48 - [TEST_STEP][PASSED] - numOfRows = <not implemented yet for class: org.codehaus.groovy.ast.expr.EmptyExpression>: null

2023-02-08 19:32:48 - [TEST_STEP][PASSED] - dataFile = <not implemented yet for class: org.codehaus.groovy.ast.expr.EmptyExpression>: null

2023-02-08 19:32:48 - [TEST_STEP][PASSED] - nameSheet = <not implemented yet for class: org.codehaus.groovy.ast.expr.EmptyExpression>: null

2023-02-08 19:32:48 - [TEST_STEP][PASSED] - nameSheet = "Debit-RemID-Pipe": null

2023-02-08 19:32:48 - [TEST_STEP][PASSED] - numOfRows = findTestData("QA/VLinkTestData/VLinkDebitRemIDPipeData").getRowNumbers(): null

2023-02-08 19:32:48 - [TEST_STEP][PASSED] - println("Number of Records: " + numOfRows): null

2023-02-08 19:32:48 - [TEST_STEP][PASSED] - dataFile = "QA/VLinkTestData/VLinkDebitRemIDPipeData": null

2023-02-08 19:32:48 - [TEST_STEP][PASSED] - for ([row = 1, row <= numOfRows, (row++)]): null

2023-02-08 19:32:48 - [TEST_STEP][PASSED] - ExecuteTC = findTestData(dataFile).getValue("Execute", row): null

2023-02-08 19:32:48 - [TEST_STEP][PASSED] - out.println("Value of Execute is : " + ExecuteTC): null

2023-02-08 19:32:48 - [TEST_STEP][PASSED] - switch (executionProfile): null

2023-02-08 19:32:48 - [TEST_STEP][PASSED] - case "QAProfile":: null

2023-02-08 19:32:48 - [TEST_STEP][PASSED] - appID = findTestData(dataFile).getValue("AppIDQA", row): null

2023-02-08 19:32:48 - [TEST_STEP][PASSED] - username = findTestData(dataFile).getValue("UsernameQA", row): null

2023-02-08 19:32:48 - [TEST_STEP][PASSED] - password = findTestData(dataFile).getValue("PasswordQA", row): null

2023-02-08 19:32:48 - [TEST_STEP][PASSED] - break: null

2023-02-08 19:32:48 - [TEST_STEP][PASSED] - if (ExecuteTC.equalsIgnoreCase("Y")): null

2023-02-08 19:32:48 - [TEST_STEP][PASSED] - out.println("Begin Record Number: " + row): null

2023-02-08 19:32:48 - [TEST_STEP][PASSED] - today = new java.util.Date(): null

2023-02-08 19:32:48 - [TEST_STEP][PASSED] - println(today): null

2023-02-08 19:32:48 - [TEST_STEP][PASSED] - datText = today: null

2023-02-08 19:32:48 - [TEST_STEP][PASSED] - checkType = findTestData(dataFile).getValue("CheckType", row): null

2023-02-08 19:32:48 - [TEST_STEP][PASSED] - acNumber = findTestData(dataFile).getValue("AcNumber", row): null

2023-02-08 19:32:48 - [TEST_STEP][PASSED] - company = findTestData(dataFile).getValue("Company", row): null

2023-02-08 19:32:48 - [TEST_STEP][PASSED] - acType = findTestData(dataFile).getValue("AcType", row): null

2023-02-08 19:32:48 - [TEST_STEP][PASSED] - rtn = findTestData(dataFile).getValue("RTN", row): null

2023-02-08 19:32:49 - [TEST_STEP][PASSED] - amount = findTestData(dataFile).getValue("Amount", row): null

2023-02-08 19:32:49 - [TEST_STEP][PASSED] - sec = findTestData(dataFile).getValue("SEC", row): null

2023-02-08 19:32:49 - [TEST_STEP][PASSED] - openBrowser(VLinkURL + "debit.html"): Browser is opened with url: 'https://dev-algorithm.govolution.com/vlinktest/QA/version_2_0/debit.html'

2023-02-08 19:32:49 - [MESSAGE][WARNING] - A browser is already opened. Closing browser and opening a new one

2023-02-08 19:32:50 - [MESSAGE][INFO] - Starting 'Chrome' driver

2023-02-08 19:32:50 - [MESSAGE][INFO] - User set preference: ['acceptInsecureCerts', 'true']

2023-02-08 19:32:50 - [MESSAGE][INFO] - Action delay is set to 0 milliseconds

2023-02-08 19:32:51 - [MESSAGE][PASSED] - Browser is opened with url: 'https://dev-algorithm.govolution.com/vlinktest/QA/version_2_0/debit.html'

2023-02-08 19:32:51 - [TEST_STEP][PASSED] - maximizeWindow(): Current window maximized

2023-02-08 19:32:52 - [MESSAGE][PASSED] - Current window maximized

2023-02-08 19:32:52 - [TEST_STEP][PASSED] - genRemID1 = random() * 99999).toInteger(): null

2023-02-08 19:32:52 - [TEST_STEP][PASSED] - genRemID2 = random() * 99999).toInteger(): null

2023-02-08 19:32:52 - [TEST_STEP][PASSED] - genRemID3 = random() * 99999).toInteger(): null

2023-02-08 19:32:52 - [TEST_STEP][PASSED] - println(genRemID1): null

2023-02-08 19:32:52 - [TEST_STEP][PASSED] - println(genRemID2): null

2023-02-08 19:32:52 - [TEST_STEP][PASSED] - println(genRemID3): null

2023-02-08 19:32:52 - [TEST_STEP][PASSED] - genRemID = genRemID1 + "|" + genRemID2 + "|" + genRemID3: null

2023-02-08 19:32:52 - [TEST_STEP][PASSED] - println(genRemID): null

2023-02-08 19:32:52 - [TEST_STEP][PASSED] - setText(findTestObject("RecAndPlayBk/Page-Vlink-Debit/input_Remittance Id"), genRemID): Text '22826|16558|29621' is set on object 'Object Repository/RecAndPlayBk/Page-Vlink-Debit/input_Remittance Id'

2023-02-08 19:32:52 - [MESSAGE][PASSED] - Text '22826|16558|29621' is set on object 'Object Repository/RecAndPlayBk/Page-Vlink-Debit/input_Remittance Id'

2023-02-08 19:32:52 - [TEST_STEP][PASSED] - setText(findTestObject("RecAndPlayBk/Page-Vlink-Debit/input_Application Id"), appID): Text '234' is set on object 'Object Repository/RecAndPlayBk/Page-Vlink-Debit/input_Application Id'

2023-02-08 19:32:53 - [MESSAGE][PASSED] - Text '234' is set on object 'Object Repository/RecAndPlayBk/Page-Vlink-Debit/input_Application Id'

2023-02-08 19:32:53 - [TEST_STEP][PASSED] - setText(findTestObject("RecAndPlayBk/Page-Vlink-Debit/input_Username"), username): Text 'username' is set on object 'Object Repository/RecAndPlayBk/Page-Vlink-Debit/input_Username'

2023-02-08 19:32:54 - [MESSAGE][PASSED] - Text 'username' is set on object 'Object Repository/RecAndPlayBk/Page-Vlink-Debit/input_Username'

2023-02-08 19:32:54 - [TEST_STEP][PASSED] - setText(findTestObject("RecAndPlayBk/Page-Vlink-Debit/input_Password"), password): Text 'password' is set on object 'Object Repository/RecAndPlayBk/Page-Vlink-Debit/input_Password'

2023-02-08 19:32:54 - [MESSAGE][PASSED] - Text 'password' is set on object 'Object Repository/RecAndPlayBk/Page-Vlink-Debit/input_Password'

2023-02-08 19:32:54 - [TEST_STEP][PASSED] - setText(findTestObject("RecAndPlayBk/Page-Vlink-Debit/input_Check Type"), checkType): Text 'P' is set on object 'Object Repository/RecAndPlayBk/Page-Vlink-Debit/input_Check Type'

2023-02-08 19:32:55 - [MESSAGE][PASSED] - Text 'P' is set on object 'Object Repository/RecAndPlayBk/Page-Vlink-Debit/input_Check Type'

2023-02-08 19:32:55 - [TEST_STEP][PASSED] - setText(findTestObject("RecAndPlayBk/Page-Vlink-Debit/input_Account_check"), acNumber): Text '58963214' is set on object 'Object Repository/RecAndPlayBk/Page-Vlink-Debit/input_Account_check'

2023-02-08 19:32:56 - [MESSAGE][PASSED] - Text '58963214' is set on object 'Object Repository/RecAndPlayBk/Page-Vlink-Debit/input_Account_check'

2023-02-08 19:32:56 - [TEST_STEP][PASSED] - setText(findTestObject("RecAndPlayBk/Page-Vlink-Debit/input_Company_check"), company): Text '' is set on object 'Object Repository/RecAndPlayBk/Page-Vlink-Debit/input_Company_check'

2023-02-08 19:32:56 - [MESSAGE][PASSED] - Text '' is set on object 'Object Repository/RecAndPlayBk/Page-Vlink-Debit/input_Company_check'

2023-02-08 19:32:56 - [TEST_STEP][PASSED] - setText(findTestObject("RecAndPlayBk/Page-Vlink-Debit/input_Account Type"), acType): Text '1' is set on object 'Object Repository/RecAndPlayBk/Page-Vlink-Debit/input_Account Type'

2023-02-08 19:32:57 - [MESSAGE][PASSED] - Text '1' is set on object 'Object Repository/RecAndPlayBk/Page-Vlink-Debit/input_Account Type'

2023-02-08 19:32:57 - [TEST_STEP][PASSED] - setText(findTestObject("RecAndPlayBk/Page-Vlink-Debit/input_Routing Number"), rtn): Text '256072691' is set on object 'Object Repository/RecAndPlayBk/Page-Vlink-Debit/input_Routing Number'

2023-02-08 19:32:57 - [MESSAGE][PASSED] - Text '256072691' is set on object 'Object Repository/RecAndPlayBk/Page-Vlink-Debit/input_Routing Number'

2023-02-08 19:32:57 - [TEST_STEP][PASSED] - setText(findTestObject("RecAndPlayBk/Page-Vlink-Debit/input_Amount"), amount): Text '12.50' is set on object 'Object Repository/RecAndPlayBk/Page-Vlink-Debit/input_Amount'

2023-02-08 19:32:58 - [MESSAGE][PASSED] - Text '12.50' is set on object 'Object Repository/RecAndPlayBk/Page-Vlink-Debit/input_Amount'

2023-02-08 19:32:58 - [TEST_STEP][PASSED] - setText(findTestObject("RecAndPlayBk/Page-Vlink-Debit/input_Check Email"), ""): Text '' is set on object 'Object Repository/RecAndPlayBk/Page-Vlink-Debit/input_Check Email'

2023-02-08 19:32:59 - [MESSAGE][PASSED] - Text '' is set on object 'Object Repository/RecAndPlayBk/Page-Vlink-Debit/input_Check Email'

2023-02-08 19:32:59 - [TEST_STEP][PASSED] - setText(findTestObject("Object Repository/RecAndPlayBk/Page-Vlink-Debit/input_concat(CheckWriter, , s SSN)_check_ssn"), ""): Text '' is set on object 'Object Repository/RecAndPlayBk/Page-Vlink-Debit/input_concat(CheckWriter, , s SSN)_check_ssn'

2023-02-08 19:32:59 - [MESSAGE][PASSED] - Text '' is set on object 'Object Repository/RecAndPlayBk/Page-Vlink-Debit/input_concat(CheckWriter, , s SSN)_check_ssn'

2023-02-08 19:32:59 - [TEST_STEP][PASSED] - setText(findTestObject("Object Repository/RecAndPlayBk/Page-Vlink-Debit/input_concat(CheckWriter, , s License Numbe_020fef"), ""): Text '' is set on object 'Object Repository/RecAndPlayBk/Page-Vlink-Debit/input_concat(CheckWriter, , s License Numbe_020fef'

2023-02-08 19:33:00 - [MESSAGE][PASSED] - Text '' is set on object 'Object Repository/RecAndPlayBk/Page-Vlink-Debit/input_concat(CheckWriter, , s License Numbe_020fef'

2023-02-08 19:33:00 - [TEST_STEP][PASSED] - setText(findTestObject("Object Repository/RecAndPlayBk/Page-Vlink-Debit/input_concat(CheckWriter, , s License State_21e3e7"), ""): Text '' is set on object 'Object Repository/RecAndPlayBk/Page-Vlink-Debit/input_concat(CheckWriter, , s License State_21e3e7'

2023-02-08 19:33:00 - [MESSAGE][PASSED] - Text '' is set on object 'Object Repository/RecAndPlayBk/Page-Vlink-Debit/input_concat(CheckWriter, , s License State_21e3e7'

2023-02-08 19:33:00 - [TEST_STEP][PASSED] - setText(findTestObject("RecAndPlayBk/Page-Vlink-Debit/input_Standard Entry Class"), sec): Text 'WEB' is set on object 'Object Repository/RecAndPlayBk/Page-Vlink-Debit/input_Standard Entry Class'

2023-02-08 19:33:01 - [MESSAGE][PASSED] - Text 'WEB' is set on object 'Object Repository/RecAndPlayBk/Page-Vlink-Debit/input_Standard Entry Class'

2023-02-08 19:33:01 - [TEST_STEP][PASSED] - click(findTestObject("Object Repository/RecAndPlayBk/Page-Vlink-Debit/input")): Object: 'Object Repository/RecAndPlayBk/Page-Vlink-Debit/input' is clicked on

2023-02-08 19:33:02 - [MESSAGE][PASSED] - Object: 'Object Repository/RecAndPlayBk/Page-Vlink-Debit/input' is clicked on

2023-02-08 19:33:02 - [TEST_STEP][PASSED] - if (verifyTextPresent("Transaction approved, no errors", true)): null

2023-02-08 19:33:02 - [MESSAGE][PASSED] - Text 'Transaction approved, no errors' is present on page  using regular expression

2023-02-08 19:33:02 - [TEST_STEP][PASSED] - println("Transaction Approved, no errors text is present on the Confirmation page"): null

2023-02-08 19:33:02 - [TEST_STEP][PASSED] - out.println("Pass Record Number: " + row): null

2023-02-08 19:33:02 - [TEST_STEP][PASSED] - resText = "Pass": null

2023-02-08 19:33:02 - [TEST_STEP][PASSED] - pages.WriteExcel.demoKey(resText, datText, resColumn, datCloumn, fileLoc, nameSheet, row): pages.WriteExcel.demoKey is PASSED

2023-02-08 19:33:02 - [MESSAGE][PASSED] - pages.WriteExcel.demoKey is PASSED

2023-02-08 19:33:02 - [TEST_STEP][PASSED] - ExecuteTC = findTestData(dataFile).getValue("Execute", row): null

2023-02-08 19:33:02 - [TEST_STEP][PASSED] - out.println("Value of Execute is : " + ExecuteTC): null

2023-02-08 19:33:02 - [TEST_STEP][PASSED] - switch (executionProfile): null

2023-02-08 19:33:02 - [TEST_STEP][PASSED] - case "QAProfile":: null

2023-02-08 19:33:02 - [TEST_STEP][PASSED] - appID = findTestData(dataFile).getValue("AppIDQA", row): null

2023-02-08 19:33:02 - [TEST_STEP][PASSED] - username = findTestData(dataFile).getValue("UsernameQA", row): null

2023-02-08 19:33:02 - [TEST_STEP][PASSED] - password = findTestData(dataFile).getValue("PasswordQA", row): null

2023-02-08 19:33:02 - [TEST_STEP][PASSED] - break: null

2023-02-08 19:33:02 - [TEST_STEP][PASSED] - if (ExecuteTC.equalsIgnoreCase("Y")): null

2023-02-08 19:33:02 - [TEST_STEP][PASSED] - out.println("Begin Record Number: " + row): null

2023-02-08 19:33:02 - [TEST_STEP][PASSED] - today = new java.util.Date(): null

2023-02-08 19:33:02 - [TEST_STEP][PASSED] - println(today): null

2023-02-08 19:33:02 - [TEST_STEP][PASSED] - datText = today: null

2023-02-08 19:33:02 - [TEST_STEP][PASSED] - checkType = findTestData(dataFile).getValue("CheckType", row): null

2023-02-08 19:33:03 - [TEST_STEP][PASSED] - acNumber = findTestData(dataFile).getValue("AcNumber", row): null

2023-02-08 19:33:03 - [TEST_STEP][PASSED] - company = findTestData(dataFile).getValue("Company", row): null

2023-02-08 19:33:03 - [TEST_STEP][PASSED] - acType = findTestData(dataFile).getValue("AcType", row): null

2023-02-08 19:33:03 - [TEST_STEP][PASSED] - rtn = findTestData(dataFile).getValue("RTN", row): null

2023-02-08 19:33:03 - [TEST_STEP][PASSED] - amount = findTestData(dataFile).getValue("Amount", row): null

2023-02-08 19:33:03 - [TEST_STEP][PASSED] - sec = findTestData(dataFile).getValue("SEC", row): null

2023-02-08 19:33:03 - [TEST_STEP][PASSED] - openBrowser(VLinkURL + "debit.html"): Browser is opened with url: 'https://dev-algorithm.govolution.com/vlinktest/QA/version_2_0/debit.html'

2023-02-08 19:33:03 - [MESSAGE][WARNING] - A browser is already opened. Closing browser and opening a new one

2023-02-08 19:33:04 - [MESSAGE][INFO] - Starting 'Chrome' driver

2023-02-08 19:33:04 - [MESSAGE][INFO] - User set preference: ['acceptInsecureCerts', 'true']

2023-02-08 19:33:04 - [MESSAGE][INFO] - Action delay is set to 0 milliseconds

2023-02-08 19:33:06 - [MESSAGE][PASSED] - Browser is opened with url: 'https://dev-algorithm.govolution.com/vlinktest/QA/version_2_0/debit.html'

2023-02-08 19:33:06 - [TEST_STEP][PASSED] - maximizeWindow(): Current window maximized

2023-02-08 19:33:06 - [MESSAGE][PASSED] - Current window maximized

2023-02-08 19:33:06 - [TEST_STEP][PASSED] - genRemID1 = random() * 99999).toInteger(): null

2023-02-08 19:33:06 - [TEST_STEP][PASSED] - genRemID2 = random() * 99999).toInteger(): null

2023-02-08 19:33:06 - [TEST_STEP][PASSED] - genRemID3 = random() * 99999).toInteger(): null

2023-02-08 19:33:06 - [TEST_STEP][PASSED] - println(genRemID1): null

2023-02-08 19:33:06 - [TEST_STEP][PASSED] - println(genRemID2): null

2023-02-08 19:33:06 - [TEST_STEP][PASSED] - println(genRemID3): null

2023-02-08 19:33:06 - [TEST_STEP][PASSED] - genRemID = genRemID1 + "|" + genRemID2 + "|" + genRemID3: null

2023-02-08 19:33:06 - [TEST_STEP][PASSED] - println(genRemID): null

2023-02-08 19:33:06 - [TEST_STEP][PASSED] - setText(findTestObject("RecAndPlayBk/Page-Vlink-Debit/input_Remittance Id"), genRemID): Text '66616|67271|58319' is set on object 'Object Repository/RecAndPlayBk/Page-Vlink-Debit/input_Remittance Id'

2023-02-08 19:33:07 - [MESSAGE][PASSED] - Text '66616|67271|58319' is set on object 'Object Repository/RecAndPlayBk/Page-Vlink-Debit/input_Remittance Id'

2023-02-08 19:33:07 - [TEST_STEP][PASSED] - setText(findTestObject("RecAndPlayBk/Page-Vlink-Debit/input_Application Id"), appID): Text '234' is set on object 'Object Repository/RecAndPlayBk/Page-Vlink-Debit/input_Application Id'

2023-02-08 19:33:07 - [MESSAGE][PASSED] - Text '234' is set on object 'Object Repository/RecAndPlayBk/Page-Vlink-Debit/input_Application Id'

2023-02-08 19:33:07 - [TEST_STEP][PASSED] - setText(findTestObject("RecAndPlayBk/Page-Vlink-Debit/input_Username"), username): Text 'username' is set on object 'Object Repository/RecAndPlayBk/Page-Vlink-Debit/input_Username'

2023-02-08 19:33:08 - [MESSAGE][PASSED] - Text 'username' is set on object 'Object Repository/RecAndPlayBk/Page-Vlink-Debit/input_Username'

2023-02-08 19:33:08 - [TEST_STEP][PASSED] - setText(findTestObject("RecAndPlayBk/Page-Vlink-Debit/input_Password"), password): Text 'password' is set on object 'Object Repository/RecAndPlayBk/Page-Vlink-Debit/input_Password'

2023-02-08 19:33:09 - [MESSAGE][PASSED] - Text 'password' is set on object 'Object Repository/RecAndPlayBk/Page-Vlink-Debit/input_Password'

2023-02-08 19:33:09 - [TEST_STEP][PASSED] - setText(findTestObject("RecAndPlayBk/Page-Vlink-Debit/input_Check Type"), checkType): Text 'P' is set on object 'Object Repository/RecAndPlayBk/Page-Vlink-Debit/input_Check Type'

2023-02-08 19:33:09 - [MESSAGE][PASSED] - Text 'P' is set on object 'Object Repository/RecAndPlayBk/Page-Vlink-Debit/input_Check Type'

2023-02-08 19:33:09 - [TEST_STEP][PASSED] - setText(findTestObject("RecAndPlayBk/Page-Vlink-Debit/input_Account_check"), acNumber): Text '58963214' is set on object 'Object Repository/RecAndPlayBk/Page-Vlink-Debit/input_Account_check'

2023-02-08 19:33:10 - [MESSAGE][PASSED] - Text '58963214' is set on object 'Object Repository/RecAndPlayBk/Page-Vlink-Debit/input_Account_check'

2023-02-08 19:33:10 - [TEST_STEP][PASSED] - setText(findTestObject("RecAndPlayBk/Page-Vlink-Debit/input_Company_check"), company): Text '' is set on object 'Object Repository/RecAndPlayBk/Page-Vlink-Debit/input_Company_check'

2023-02-08 19:33:10 - [MESSAGE][PASSED] - Text '' is set on object 'Object Repository/RecAndPlayBk/Page-Vlink-Debit/input_Company_check'

2023-02-08 19:33:10 - [TEST_STEP][PASSED] - setText(findTestObject("RecAndPlayBk/Page-Vlink-Debit/input_Account Type"), acType): Text '1' is set on object 'Object Repository/RecAndPlayBk/Page-Vlink-Debit/input_Account Type'

2023-02-08 19:33:11 - [MESSAGE][PASSED] - Text '1' is set on object 'Object Repository/RecAndPlayBk/Page-Vlink-Debit/input_Account Type'

2023-02-08 19:33:11 - [TEST_STEP][PASSED] - setText(findTestObject("RecAndPlayBk/Page-Vlink-Debit/input_Routing Number"), rtn): Text '256072691' is set on object 'Object Repository/RecAndPlayBk/Page-Vlink-Debit/input_Routing Number'

2023-02-08 19:33:12 - [MESSAGE][PASSED] - Text '256072691' is set on object 'Object Repository/RecAndPlayBk/Page-Vlink-Debit/input_Routing Number'

2023-02-08 19:33:12 - [TEST_STEP][PASSED] - setText(findTestObject("RecAndPlayBk/Page-Vlink-Debit/input_Amount"), amount): Text '12.50' is set on object 'Object Repository/RecAndPlayBk/Page-Vlink-Debit/input_Amount'

2023-02-08 19:33:12 - [MESSAGE][PASSED] - Text '12.50' is set on object 'Object Repository/RecAndPlayBk/Page-Vlink-Debit/input_Amount'

2023-02-08 19:33:12 - [TEST_STEP][PASSED] - setText(findTestObject("RecAndPlayBk/Page-Vlink-Debit/input_Check Email"), ""): Text '' is set on object 'Object Repository/RecAndPlayBk/Page-Vlink-Debit/input_Check Email'

2023-02-08 19:33:13 - [MESSAGE][PASSED] - Text '' is set on object 'Object Repository/RecAndPlayBk/Page-Vlink-Debit/input_Check Email'

2023-02-08 19:33:13 - [TEST_STEP][PASSED] - setText(findTestObject("Object Repository/RecAndPlayBk/Page-Vlink-Debit/input_concat(CheckWriter, , s SSN)_check_ssn"), ""): Text '' is set on object 'Object Repository/RecAndPlayBk/Page-Vlink-Debit/input_concat(CheckWriter, , s SSN)_check_ssn'

2023-02-08 19:33:14 - [MESSAGE][PASSED] - Text '' is set on object 'Object Repository/RecAndPlayBk/Page-Vlink-Debit/input_concat(CheckWriter, , s SSN)_check_ssn'

2023-02-08 19:33:14 - [TEST_STEP][PASSED] - setText(findTestObject("Object Repository/RecAndPlayBk/Page-Vlink-Debit/input_concat(CheckWriter, , s License Numbe_020fef"), ""): Text '' is set on object 'Object Repository/RecAndPlayBk/Page-Vlink-Debit/input_concat(CheckWriter, , s License Numbe_020fef'

2023-02-08 19:33:14 - [MESSAGE][PASSED] - Text '' is set on object 'Object Repository/RecAndPlayBk/Page-Vlink-Debit/input_concat(CheckWriter, , s License Numbe_020fef'

2023-02-08 19:33:14 - [TEST_STEP][PASSED] - setText(findTestObject("Object Repository/RecAndPlayBk/Page-Vlink-Debit/input_concat(CheckWriter, , s License State_21e3e7"), ""): Text '' is set on object 'Object Repository/RecAndPlayBk/Page-Vlink-Debit/input_concat(CheckWriter, , s License State_21e3e7'

2023-02-08 19:33:15 - [MESSAGE][PASSED] - Text '' is set on object 'Object Repository/RecAndPlayBk/Page-Vlink-Debit/input_concat(CheckWriter, , s License State_21e3e7'

2023-02-08 19:33:15 - [TEST_STEP][PASSED] - setText(findTestObject("RecAndPlayBk/Page-Vlink-Debit/input_Standard Entry Class"), sec): Text 'TEL' is set on object 'Object Repository/RecAndPlayBk/Page-Vlink-Debit/input_Standard Entry Class'

2023-02-08 19:33:15 - [MESSAGE][PASSED] - Text 'TEL' is set on object 'Object Repository/RecAndPlayBk/Page-Vlink-Debit/input_Standard Entry Class'

2023-02-08 19:33:15 - [TEST_STEP][PASSED] - click(findTestObject("Object Repository/RecAndPlayBk/Page-Vlink-Debit/input")): Object: 'Object Repository/RecAndPlayBk/Page-Vlink-Debit/input' is clicked on

2023-02-08 19:33:16 - [MESSAGE][PASSED] - Object: 'Object Repository/RecAndPlayBk/Page-Vlink-Debit/input' is clicked on

2023-02-08 19:33:16 - [TEST_STEP][PASSED] - if (verifyTextPresent("Transaction approved, no errors", true)): null

2023-02-08 19:33:17 - [MESSAGE][PASSED] - Text 'Transaction approved, no errors' is present on page  using regular expression

2023-02-08 19:33:17 - [TEST_STEP][PASSED] - println("Transaction Approved, no errors text is present on the Confirmation page"): null

2023-02-08 19:33:17 - [TEST_STEP][PASSED] - out.println("Pass Record Number: " + row): null

2023-02-08 19:33:17 - [TEST_STEP][PASSED] - resText = "Pass": null

2023-02-08 19:33:17 - [TEST_STEP][PASSED] - pages.WriteExcel.demoKey(resText, datText, resColumn, datCloumn, fileLoc, nameSheet, row): pages.WriteExcel.demoKey is PASSED

2023-02-08 19:33:17 - [MESSAGE][PASSED] - pages.WriteExcel.demoKey is PASSED

2023-02-08 19:33:17 - [TEST_STEP][PASSED] - ExecuteTC = findTestData(dataFile).getValue("Execute", row): null

2023-02-08 19:33:17 - [TEST_STEP][PASSED] - out.println("Value of Execute is : " + ExecuteTC): null

2023-02-08 19:33:17 - [TEST_STEP][PASSED] - switch (executionProfile): null

2023-02-08 19:33:17 - [TEST_STEP][PASSED] - case "QAProfile":: null

2023-02-08 19:33:17 - [TEST_STEP][PASSED] - appID = findTestData(dataFile).getValue("AppIDQA", row): null

2023-02-08 19:33:17 - [TEST_STEP][PASSED] - username = findTestData(dataFile).getValue("UsernameQA", row): null

2023-02-08 19:33:17 - [TEST_STEP][PASSED] - password = findTestData(dataFile).getValue("PasswordQA", row): null

2023-02-08 19:33:17 - [TEST_STEP][PASSED] - break: null

2023-02-08 19:33:17 - [TEST_STEP][PASSED] - if (ExecuteTC.equalsIgnoreCase("Y")): null

2023-02-08 19:33:17 - [TEST_STEP][PASSED] - out.println("Begin Record Number: " + row): null

2023-02-08 19:33:17 - [TEST_STEP][PASSED] - today = new java.util.Date(): null

2023-02-08 19:33:17 - [TEST_STEP][PASSED] - println(today): null

2023-02-08 19:33:17 - [TEST_STEP][PASSED] - datText = today: null

2023-02-08 19:33:17 - [TEST_STEP][PASSED] - checkType = findTestData(dataFile).getValue("CheckType", row): null

2023-02-08 19:33:17 - [TEST_STEP][PASSED] - acNumber = findTestData(dataFile).getValue("AcNumber", row): null

2023-02-08 19:33:17 - [TEST_STEP][PASSED] - company = findTestData(dataFile).getValue("Company", row): null

2023-02-08 19:33:17 - [TEST_STEP][PASSED] - acType = findTestData(dataFile).getValue("AcType", row): null

2023-02-08 19:33:17 - [TEST_STEP][PASSED] - rtn = findTestData(dataFile).getValue("RTN", row): null

2023-02-08 19:33:17 - [TEST_STEP][PASSED] - amount = findTestData(dataFile).getValue("Amount", row): null

2023-02-08 19:33:17 - [TEST_STEP][PASSED] - sec = findTestData(dataFile).getValue("SEC", row): null

2023-02-08 19:33:17 - [TEST_STEP][PASSED] - openBrowser(VLinkURL + "debit.html"): Browser is opened with url: 'https://dev-algorithm.govolution.com/vlinktest/QA/version_2_0/debit.html'

2023-02-08 19:33:17 - [MESSAGE][WARNING] - A browser is already opened. Closing browser and opening a new one

2023-02-08 19:33:18 - [MESSAGE][INFO] - Starting 'Chrome' driver

2023-02-08 19:33:18 - [MESSAGE][INFO] - User set preference: ['acceptInsecureCerts', 'true']

2023-02-08 19:33:18 - [MESSAGE][INFO] - Action delay is set to 0 milliseconds

2023-02-08 19:33:20 - [MESSAGE][PASSED] - Browser is opened with url: 'https://dev-algorithm.govolution.com/vlinktest/QA/version_2_0/debit.html'

2023-02-08 19:33:20 - [TEST_STEP][PASSED] - maximizeWindow(): Current window maximized

2023-02-08 19:33:20 - [MESSAGE][PASSED] - Current window maximized

2023-02-08 19:33:20 - [TEST_STEP][PASSED] - genRemID1 = random() * 99999).toInteger(): null

2023-02-08 19:33:20 - [TEST_STEP][PASSED] - genRemID2 = random() * 99999).toInteger(): null

2023-02-08 19:33:20 - [TEST_STEP][PASSED] - genRemID3 = random() * 99999).toInteger(): null

2023-02-08 19:33:20 - [TEST_STEP][PASSED] - println(genRemID1): null

2023-02-08 19:33:20 - [TEST_STEP][PASSED] - println(genRemID2): null

2023-02-08 19:33:20 - [TEST_STEP][PASSED] - println(genRemID3): null

2023-02-08 19:33:20 - [TEST_STEP][PASSED] - genRemID = genRemID1 + "|" + genRemID2 + "|" + genRemID3: null

2023-02-08 19:33:20 - [TEST_STEP][PASSED] - println(genRemID): null

2023-02-08 19:33:20 - [TEST_STEP][PASSED] - setText(findTestObject("RecAndPlayBk/Page-Vlink-Debit/input_Remittance Id"), genRemID): Text '46886|19631|96313' is set on object 'Object Repository/RecAndPlayBk/Page-Vlink-Debit/input_Remittance Id'

2023-02-08 19:33:21 - [MESSAGE][PASSED] - Text '46886|19631|96313' is set on object 'Object Repository/RecAndPlayBk/Page-Vlink-Debit/input_Remittance Id'

2023-02-08 19:33:21 - [TEST_STEP][PASSED] - setText(findTestObject("RecAndPlayBk/Page-Vlink-Debit/input_Application Id"), appID): Text '234' is set on object 'Object Repository/RecAndPlayBk/Page-Vlink-Debit/input_Application Id'

2023-02-08 19:33:22 - [MESSAGE][PASSED] - Text '234' is set on object 'Object Repository/RecAndPlayBk/Page-Vlink-Debit/input_Application Id'

2023-02-08 19:33:22 - [TEST_STEP][PASSED] - setText(findTestObject("RecAndPlayBk/Page-Vlink-Debit/input_Username"), username): Text 'username' is set on object 'Object Repository/RecAndPlayBk/Page-Vlink-Debit/input_Username'

2023-02-08 19:33:22 - [MESSAGE][PASSED] - Text 'username' is set on object 'Object Repository/RecAndPlayBk/Page-Vlink-Debit/input_Username'

2023-02-08 19:33:22 - [TEST_STEP][PASSED] - setText(findTestObject("RecAndPlayBk/Page-Vlink-Debit/input_Password"), password): Text 'password' is set on object 'Object Repository/RecAndPlayBk/Page-Vlink-Debit/input_Password'

2023-02-08 19:33:23 - [MESSAGE][PASSED] - Text 'password' is set on object 'Object Repository/RecAndPlayBk/Page-Vlink-Debit/input_Password'

2023-02-08 19:33:23 - [TEST_STEP][PASSED] - setText(findTestObject("RecAndPlayBk/Page-Vlink-Debit/input_Check Type"), checkType): Text 'P' is set on object 'Object Repository/RecAndPlayBk/Page-Vlink-Debit/input_Check Type'

2023-02-08 19:33:23 - [MESSAGE][PASSED] - Text 'P' is set on object 'Object Repository/RecAndPlayBk/Page-Vlink-Debit/input_Check Type'

2023-02-08 19:33:23 - [TEST_STEP][PASSED] - setText(findTestObject("RecAndPlayBk/Page-Vlink-Debit/input_Account_check"), acNumber): Text '58963214' is set on object 'Object Repository/RecAndPlayBk/Page-Vlink-Debit/input_Account_check'

2023-02-08 19:33:24 - [MESSAGE][PASSED] - Text '58963214' is set on object 'Object Repository/RecAndPlayBk/Page-Vlink-Debit/input_Account_check'

2023-02-08 19:33:24 - [TEST_STEP][PASSED] - setText(findTestObject("RecAndPlayBk/Page-Vlink-Debit/input_Company_check"), company): Text '' is set on object 'Object Repository/RecAndPlayBk/Page-Vlink-Debit/input_Company_check'

2023-02-08 19:33:25 - [MESSAGE][PASSED] - Text '' is set on object 'Object Repository/RecAndPlayBk/Page-Vlink-Debit/input_Company_check'

2023-02-08 19:33:25 - [TEST_STEP][PASSED] - setText(findTestObject("RecAndPlayBk/Page-Vlink-Debit/input_Account Type"), acType): Text '1' is set on object 'Object Repository/RecAndPlayBk/Page-Vlink-Debit/input_Account Type'

2023-02-08 19:33:25 - [MESSAGE][PASSED] - Text '1' is set on object 'Object Repository/RecAndPlayBk/Page-Vlink-Debit/input_Account Type'

2023-02-08 19:33:25 - [TEST_STEP][PASSED] - setText(findTestObject("RecAndPlayBk/Page-Vlink-Debit/input_Routing Number"), rtn): Text '256072691' is set on object 'Object Repository/RecAndPlayBk/Page-Vlink-Debit/input_Routing Number'

2023-02-08 19:33:26 - [MESSAGE][PASSED] - Text '256072691' is set on object 'Object Repository/RecAndPlayBk/Page-Vlink-Debit/input_Routing Number'

2023-02-08 19:33:26 - [TEST_STEP][PASSED] - setText(findTestObject("RecAndPlayBk/Page-Vlink-Debit/input_Amount"), amount): Text '12.50' is set on object 'Object Repository/RecAndPlayBk/Page-Vlink-Debit/input_Amount'

2023-02-08 19:33:27 - [MESSAGE][PASSED] - Text '12.50' is set on object 'Object Repository/RecAndPlayBk/Page-Vlink-Debit/input_Amount'

2023-02-08 19:33:27 - [TEST_STEP][PASSED] - setText(findTestObject("RecAndPlayBk/Page-Vlink-Debit/input_Check Email"), ""): Text '' is set on object 'Object Repository/RecAndPlayBk/Page-Vlink-Debit/input_Check Email'

2023-02-08 19:33:27 - [MESSAGE][PASSED] - Text '' is set on object 'Object Repository/RecAndPlayBk/Page-Vlink-Debit/input_Check Email'

2023-02-08 19:33:27 - [TEST_STEP][PASSED] - setText(findTestObject("Object Repository/RecAndPlayBk/Page-Vlink-Debit/input_concat(CheckWriter, , s SSN)_check_ssn"), ""): Text '' is set on object 'Object Repository/RecAndPlayBk/Page-Vlink-Debit/input_concat(CheckWriter, , s SSN)_check_ssn'

2023-02-08 19:33:28 - [MESSAGE][PASSED] - Text '' is set on object 'Object Repository/RecAndPlayBk/Page-Vlink-Debit/input_concat(CheckWriter, , s SSN)_check_ssn'

2023-02-08 19:33:28 - [TEST_STEP][PASSED] - setText(findTestObject("Object Repository/RecAndPlayBk/Page-Vlink-Debit/input_concat(CheckWriter, , s License Numbe_020fef"), ""): Text '' is set on object 'Object Repository/RecAndPlayBk/Page-Vlink-Debit/input_concat(CheckWriter, , s License Numbe_020fef'

2023-02-08 19:33:28 - [MESSAGE][PASSED] - Text '' is set on object 'Object Repository/RecAndPlayBk/Page-Vlink-Debit/input_concat(CheckWriter, , s License Numbe_020fef'

2023-02-08 19:33:28 - [TEST_STEP][PASSED] - setText(findTestObject("Object Repository/RecAndPlayBk/Page-Vlink-Debit/input_concat(CheckWriter, , s License State_21e3e7"), ""): Text '' is set on object 'Object Repository/RecAndPlayBk/Page-Vlink-Debit/input_concat(CheckWriter, , s License State_21e3e7'

2023-02-08 19:33:29 - [MESSAGE][PASSED] - Text '' is set on object 'Object Repository/RecAndPlayBk/Page-Vlink-Debit/input_concat(CheckWriter, , s License State_21e3e7'

2023-02-08 19:33:29 - [TEST_STEP][PASSED] - setText(findTestObject("RecAndPlayBk/Page-Vlink-Debit/input_Standard Entry Class"), sec): Text 'PPD' is set on object 'Object Repository/RecAndPlayBk/Page-Vlink-Debit/input_Standard Entry Class'

2023-02-08 19:33:30 - [MESSAGE][PASSED] - Text 'PPD' is set on object 'Object Repository/RecAndPlayBk/Page-Vlink-Debit/input_Standard Entry Class'

2023-02-08 19:33:30 - [TEST_STEP][PASSED] - click(findTestObject("Object Repository/RecAndPlayBk/Page-Vlink-Debit/input")): Object: 'Object Repository/RecAndPlayBk/Page-Vlink-Debit/input' is clicked on

2023-02-08 19:33:30 - [MESSAGE][PASSED] - Object: 'Object Repository/RecAndPlayBk/Page-Vlink-Debit/input' is clicked on

2023-02-08 19:33:30 - [TEST_STEP][PASSED] - if (verifyTextPresent("Transaction approved, no errors", true)): null

2023-02-08 19:33:31 - [MESSAGE][PASSED] - Text 'Transaction approved, no errors' is present on page  using regular expression

2023-02-08 19:33:31 - [TEST_STEP][PASSED] - println("Transaction Approved, no errors text is present on the Confirmation page"): null

2023-02-08 19:33:31 - [TEST_STEP][PASSED] - out.println("Pass Record Number: " + row): null

2023-02-08 19:33:31 - [TEST_STEP][PASSED] - resText = "Pass": null

2023-02-08 19:33:31 - [TEST_STEP][PASSED] - pages.WriteExcel.demoKey(resText, datText, resColumn, datCloumn, fileLoc, nameSheet, row): pages.WriteExcel.demoKey is PASSED

2023-02-08 19:33:31 - [MESSAGE][PASSED] - pages.WriteExcel.demoKey is PASSED

2023-02-08 19:33:31 - [TEST_STEP][PASSED] - ExecuteTC = findTestData(dataFile).getValue("Execute", row): null

2023-02-08 19:33:31 - [TEST_STEP][PASSED] - out.println("Value of Execute is : " + ExecuteTC): null

2023-02-08 19:33:31 - [TEST_STEP][PASSED] - switch (executionProfile): null

2023-02-08 19:33:31 - [TEST_STEP][PASSED] - case "QAProfile":: null

2023-02-08 19:33:31 - [TEST_STEP][PASSED] - appID = findTestData(dataFile).getValue("AppIDQA", row): null

2023-02-08 19:33:31 - [TEST_STEP][PASSED] - username = findTestData(dataFile).getValue("UsernameQA", row): null

2023-02-08 19:33:31 - [TEST_STEP][PASSED] - password = findTestData(dataFile).getValue("PasswordQA", row): null

2023-02-08 19:33:31 - [TEST_STEP][PASSED] - break: null

2023-02-08 19:33:31 - [TEST_STEP][PASSED] - if (ExecuteTC.equalsIgnoreCase("Y")): null

2023-02-08 19:33:31 - [TEST_STEP][PASSED] - out.println("Begin Record Number: " + row): null

2023-02-08 19:33:31 - [TEST_STEP][PASSED] - today = new java.util.Date(): null

2023-02-08 19:33:31 - [TEST_STEP][PASSED] - println(today): null

2023-02-08 19:33:31 - [TEST_STEP][PASSED] - datText = today: null

2023-02-08 19:33:31 - [TEST_STEP][PASSED] - checkType = findTestData(dataFile).getValue("CheckType", row): null

2023-02-08 19:33:31 - [TEST_STEP][PASSED] - acNumber = findTestData(dataFile).getValue("AcNumber", row): null

2023-02-08 19:33:31 - [TEST_STEP][PASSED] - company = findTestData(dataFile).getValue("Company", row): null

2023-02-08 19:33:31 - [TEST_STEP][PASSED] - acType = findTestData(dataFile).getValue("AcType", row): null

2023-02-08 19:33:31 - [TEST_STEP][PASSED] - rtn = findTestData(dataFile).getValue("RTN", row): null

2023-02-08 19:33:31 - [TEST_STEP][PASSED] - amount = findTestData(dataFile).getValue("Amount", row): null

2023-02-08 19:33:31 - [TEST_STEP][PASSED] - sec = findTestData(dataFile).getValue("SEC", row): null

2023-02-08 19:33:31 - [TEST_STEP][PASSED] - openBrowser(VLinkURL + "debit.html"): Browser is opened with url: 'https://dev-algorithm.govolution.com/vlinktest/QA/version_2_0/debit.html'

2023-02-08 19:33:31 - [MESSAGE][WARNING] - A browser is already opened. Closing browser and opening a new one

2023-02-08 19:33:32 - [MESSAGE][INFO] - Starting 'Chrome' driver

2023-02-08 19:33:32 - [MESSAGE][INFO] - User set preference: ['acceptInsecureCerts', 'true']

2023-02-08 19:33:32 - [MESSAGE][INFO] - Action delay is set to 0 milliseconds

2023-02-08 19:33:34 - [MESSAGE][PASSED] - Browser is opened with url: 'https://dev-algorithm.govolution.com/vlinktest/QA/version_2_0/debit.html'

2023-02-08 19:33:34 - [TEST_STEP][PASSED] - maximizeWindow(): Current window maximized

2023-02-08 19:33:34 - [MESSAGE][PASSED] - Current window maximized

2023-02-08 19:33:34 - [TEST_STEP][PASSED] - genRemID1 = random() * 99999).toInteger(): null

2023-02-08 19:33:34 - [TEST_STEP][PASSED] - genRemID2 = random() * 99999).toInteger(): null

2023-02-08 19:33:34 - [TEST_STEP][PASSED] - genRemID3 = random() * 99999).toInteger(): null

2023-02-08 19:33:34 - [TEST_STEP][PASSED] - println(genRemID1): null

2023-02-08 19:33:34 - [TEST_STEP][PASSED] - println(genRemID2): null

2023-02-08 19:33:34 - [TEST_STEP][PASSED] - println(genRemID3): null

2023-02-08 19:33:34 - [TEST_STEP][PASSED] - genRemID = genRemID1 + "|" + genRemID2 + "|" + genRemID3: null

2023-02-08 19:33:34 - [TEST_STEP][PASSED] - println(genRemID): null

2023-02-08 19:33:34 - [TEST_STEP][PASSED] - setText(findTestObject("RecAndPlayBk/Page-Vlink-Debit/input_Remittance Id"), genRemID): Text '51577|62859|54988' is set on object 'Object Repository/RecAndPlayBk/Page-Vlink-Debit/input_Remittance Id'

2023-02-08 19:33:35 - [MESSAGE][PASSED] - Text '51577|62859|54988' is set on object 'Object Repository/RecAndPlayBk/Page-Vlink-Debit/input_Remittance Id'

2023-02-08 19:33:35 - [TEST_STEP][PASSED] - setText(findTestObject("RecAndPlayBk/Page-Vlink-Debit/input_Application Id"), appID): Text '234' is set on object 'Object Repository/RecAndPlayBk/Page-Vlink-Debit/input_Application Id'

2023-02-08 19:33:36 - [MESSAGE][PASSED] - Text '234' is set on object 'Object Repository/RecAndPlayBk/Page-Vlink-Debit/input_Application Id'

2023-02-08 19:33:36 - [TEST_STEP][PASSED] - setText(findTestObject("RecAndPlayBk/Page-Vlink-Debit/input_Username"), username): Text 'username' is set on object 'Object Repository/RecAndPlayBk/Page-Vlink-Debit/input_Username'

2023-02-08 19:33:36 - [MESSAGE][PASSED] - Text 'username' is set on object 'Object Repository/RecAndPlayBk/Page-Vlink-Debit/input_Username'

2023-02-08 19:33:36 - [TEST_STEP][PASSED] - setText(findTestObject("RecAndPlayBk/Page-Vlink-Debit/input_Password"), password): Text 'password' is set on object 'Object Repository/RecAndPlayBk/Page-Vlink-Debit/input_Password'

2023-02-08 19:33:37 - [MESSAGE][PASSED] - Text 'password' is set on object 'Object Repository/RecAndPlayBk/Page-Vlink-Debit/input_Password'

2023-02-08 19:33:37 - [TEST_STEP][PASSED] - setText(findTestObject("RecAndPlayBk/Page-Vlink-Debit/input_Check Type"), checkType): Text 'P' is set on object 'Object Repository/RecAndPlayBk/Page-Vlink-Debit/input_Check Type'

2023-02-08 19:33:38 - [MESSAGE][PASSED] - Text 'P' is set on object 'Object Repository/RecAndPlayBk/Page-Vlink-Debit/input_Check Type'

2023-02-08 19:33:38 - [TEST_STEP][PASSED] - setText(findTestObject("RecAndPlayBk/Page-Vlink-Debit/input_Account_check"), acNumber): Text '58963214' is set on object 'Object Repository/RecAndPlayBk/Page-Vlink-Debit/input_Account_check'

2023-02-08 19:33:38 - [MESSAGE][PASSED] - Text '58963214' is set on object 'Object Repository/RecAndPlayBk/Page-Vlink-Debit/input_Account_check'

2023-02-08 19:33:38 - [TEST_STEP][PASSED] - setText(findTestObject("RecAndPlayBk/Page-Vlink-Debit/input_Company_check"), company): Text '' is set on object 'Object Repository/RecAndPlayBk/Page-Vlink-Debit/input_Company_check'

2023-02-08 19:33:39 - [MESSAGE][PASSED] - Text '' is set on object 'Object Repository/RecAndPlayBk/Page-Vlink-Debit/input_Company_check'

2023-02-08 19:33:39 - [TEST_STEP][PASSED] - setText(findTestObject("RecAndPlayBk/Page-Vlink-Debit/input_Account Type"), acType): Text '2' is set on object 'Object Repository/RecAndPlayBk/Page-Vlink-Debit/input_Account Type'

2023-02-08 19:33:39 - [MESSAGE][PASSED] - Text '2' is set on object 'Object Repository/RecAndPlayBk/Page-Vlink-Debit/input_Account Type'

2023-02-08 19:33:39 - [TEST_STEP][PASSED] - setText(findTestObject("RecAndPlayBk/Page-Vlink-Debit/input_Routing Number"), rtn): Text '256072691' is set on object 'Object Repository/RecAndPlayBk/Page-Vlink-Debit/input_Routing Number'

2023-02-08 19:33:40 - [MESSAGE][PASSED] - Text '256072691' is set on object 'Object Repository/RecAndPlayBk/Page-Vlink-Debit/input_Routing Number'

2023-02-08 19:33:40 - [TEST_STEP][PASSED] - setText(findTestObject("RecAndPlayBk/Page-Vlink-Debit/input_Amount"), amount): Text '12.50' is set on object 'Object Repository/RecAndPlayBk/Page-Vlink-Debit/input_Amount'

2023-02-08 19:33:41 - [MESSAGE][PASSED] - Text '12.50' is set on object 'Object Repository/RecAndPlayBk/Page-Vlink-Debit/input_Amount'

2023-02-08 19:33:41 - [TEST_STEP][PASSED] - setText(findTestObject("RecAndPlayBk/Page-Vlink-Debit/input_Check Email"), ""): Text '' is set on object 'Object Repository/RecAndPlayBk/Page-Vlink-Debit/input_Check Email'

2023-02-08 19:33:41 - [MESSAGE][PASSED] - Text '' is set on object 'Object Repository/RecAndPlayBk/Page-Vlink-Debit/input_Check Email'

2023-02-08 19:33:41 - [TEST_STEP][PASSED] - setText(findTestObject("Object Repository/RecAndPlayBk/Page-Vlink-Debit/input_concat(CheckWriter, , s SSN)_check_ssn"), ""): Text '' is set on object 'Object Repository/RecAndPlayBk/Page-Vlink-Debit/input_concat(CheckWriter, , s SSN)_check_ssn'

2023-02-08 19:33:42 - [MESSAGE][PASSED] - Text '' is set on object 'Object Repository/RecAndPlayBk/Page-Vlink-Debit/input_concat(CheckWriter, , s SSN)_check_ssn'

2023-02-08 19:33:42 - [TEST_STEP][PASSED] - setText(findTestObject("Object Repository/RecAndPlayBk/Page-Vlink-Debit/input_concat(CheckWriter, , s License Numbe_020fef"), ""): Text '' is set on object 'Object Repository/RecAndPlayBk/Page-Vlink-Debit/input_concat(CheckWriter, , s License Numbe_020fef'

2023-02-08 19:33:43 - [MESSAGE][PASSED] - Text '' is set on object 'Object Repository/RecAndPlayBk/Page-Vlink-Debit/input_concat(CheckWriter, , s License Numbe_020fef'

2023-02-08 19:33:43 - [TEST_STEP][PASSED] - setText(findTestObject("Object Repository/RecAndPlayBk/Page-Vlink-Debit/input_concat(CheckWriter, , s License State_21e3e7"), ""): Text '' is set on object 'Object Repository/RecAndPlayBk/Page-Vlink-Debit/input_concat(CheckWriter, , s License State_21e3e7'

2023-02-08 19:33:43 - [MESSAGE][PASSED] - Text '' is set on object 'Object Repository/RecAndPlayBk/Page-Vlink-Debit/input_concat(CheckWriter, , s License State_21e3e7'

2023-02-08 19:33:43 - [TEST_STEP][PASSED] - setText(findTestObject("RecAndPlayBk/Page-Vlink-Debit/input_Standard Entry Class"), sec): Text 'WEB' is set on object 'Object Repository/RecAndPlayBk/Page-Vlink-Debit/input_Standard Entry Class'

2023-02-08 19:33:44 - [MESSAGE][PASSED] - Text 'WEB' is set on object 'Object Repository/RecAndPlayBk/Page-Vlink-Debit/input_Standard Entry Class'

2023-02-08 19:33:44 - [TEST_STEP][PASSED] - click(findTestObject("Object Repository/RecAndPlayBk/Page-Vlink-Debit/input")): Object: 'Object Repository/RecAndPlayBk/Page-Vlink-Debit/input' is clicked on

2023-02-08 19:33:45 - [MESSAGE][PASSED] - Object: 'Object Repository/RecAndPlayBk/Page-Vlink-Debit/input' is clicked on

2023-02-08 19:33:45 - [TEST_STEP][PASSED] - if (verifyTextPresent("Transaction approved, no errors", true)): null

2023-02-08 19:33:45 - [MESSAGE][PASSED] - Text 'Transaction approved, no errors' is present on page  using regular expression

2023-02-08 19:33:45 - [TEST_STEP][PASSED] - println("Transaction Approved, no errors text is present on the Confirmation page"): null

2023-02-08 19:33:45 - [TEST_STEP][PASSED] - out.println("Pass Record Number: " + row): null

2023-02-08 19:33:45 - [TEST_STEP][PASSED] - resText = "Pass": null

2023-02-08 19:33:45 - [TEST_STEP][PASSED] - pages.WriteExcel.demoKey(resText, datText, resColumn, datCloumn, fileLoc, nameSheet, row): pages.WriteExcel.demoKey is PASSED

2023-02-08 19:33:45 - [MESSAGE][PASSED] - pages.WriteExcel.demoKey is PASSED

2023-02-08 19:33:45 - [TEST_STEP][PASSED] - ExecuteTC = findTestData(dataFile).getValue("Execute", row): null

2023-02-08 19:33:45 - [TEST_STEP][PASSED] - out.println("Value of Execute is : " + ExecuteTC): null

2023-02-08 19:33:45 - [TEST_STEP][PASSED] - switch (executionProfile): null

2023-02-08 19:33:45 - [TEST_STEP][PASSED] - case "QAProfile":: null

2023-02-08 19:33:45 - [TEST_STEP][PASSED] - appID = findTestData(dataFile).getValue("AppIDQA", row): null

2023-02-08 19:33:45 - [TEST_STEP][PASSED] - username = findTestData(dataFile).getValue("UsernameQA", row): null

2023-02-08 19:33:45 - [TEST_STEP][PASSED] - password = findTestData(dataFile).getValue("PasswordQA", row): null

2023-02-08 19:33:45 - [TEST_STEP][PASSED] - break: null

2023-02-08 19:33:45 - [TEST_STEP][PASSED] - if (ExecuteTC.equalsIgnoreCase("Y")): null

2023-02-08 19:33:45 - [TEST_STEP][PASSED] - out.println("Begin Record Number: " + row): null

2023-02-08 19:33:45 - [TEST_STEP][PASSED] - today = new java.util.Date(): null

2023-02-08 19:33:45 - [TEST_STEP][PASSED] - println(today): null

2023-02-08 19:33:45 - [TEST_STEP][PASSED] - datText = today: null

2023-02-08 19:33:45 - [TEST_STEP][PASSED] - checkType = findTestData(dataFile).getValue("CheckType", row): null

2023-02-08 19:33:45 - [TEST_STEP][PASSED] - acNumber = findTestData(dataFile).getValue("AcNumber", row): null

2023-02-08 19:33:45 - [TEST_STEP][PASSED] - company = findTestData(dataFile).getValue("Company", row): null

2023-02-08 19:33:45 - [TEST_STEP][PASSED] - acType = findTestData(dataFile).getValue("AcType", row): null

2023-02-08 19:33:45 - [TEST_STEP][PASSED] - rtn = findTestData(dataFile).getValue("RTN", row): null

2023-02-08 19:33:45 - [TEST_STEP][PASSED] - amount = findTestData(dataFile).getValue("Amount", row): null

2023-02-08 19:33:45 - [TEST_STEP][PASSED] - sec = findTestData(dataFile).getValue("SEC", row): null

2023-02-08 19:33:46 - [TEST_STEP][PASSED] - openBrowser(VLinkURL + "debit.html"): Browser is opened with url: 'https://dev-algorithm.govolution.com/vlinktest/QA/version_2_0/debit.html'

2023-02-08 19:33:46 - [MESSAGE][WARNING] - A browser is already opened. Closing browser and opening a new one

2023-02-08 19:33:46 - [MESSAGE][INFO] - Starting 'Chrome' driver

2023-02-08 19:33:46 - [MESSAGE][INFO] - User set preference: ['acceptInsecureCerts', 'true']

2023-02-08 19:33:46 - [MESSAGE][INFO] - Action delay is set to 0 milliseconds

2023-02-08 19:33:48 - [MESSAGE][PASSED] - Browser is opened with url: 'https://dev-algorithm.govolution.com/vlinktest/QA/version_2_0/debit.html'

2023-02-08 19:33:48 - [TEST_STEP][PASSED] - maximizeWindow(): Current window maximized

2023-02-08 19:33:48 - [MESSAGE][PASSED] - Current window maximized

2023-02-08 19:33:48 - [TEST_STEP][PASSED] - genRemID1 = random() * 99999).toInteger(): null

2023-02-08 19:33:48 - [TEST_STEP][PASSED] - genRemID2 = random() * 99999).toInteger(): null

2023-02-08 19:33:48 - [TEST_STEP][PASSED] - genRemID3 = random() * 99999).toInteger(): null

2023-02-08 19:33:48 - [TEST_STEP][PASSED] - println(genRemID1): null

2023-02-08 19:33:48 - [TEST_STEP][PASSED] - println(genRemID2): null

2023-02-08 19:33:48 - [TEST_STEP][PASSED] - println(genRemID3): null

2023-02-08 19:33:48 - [TEST_STEP][PASSED] - genRemID = genRemID1 + "|" + genRemID2 + "|" + genRemID3: null

2023-02-08 19:33:48 - [TEST_STEP][PASSED] - println(genRemID): null

2023-02-08 19:33:48 - [TEST_STEP][PASSED] - setText(findTestObject("RecAndPlayBk/Page-Vlink-Debit/input_Remittance Id"), genRemID): Text '16852|29237|84364' is set on object 'Object Repository/RecAndPlayBk/Page-Vlink-Debit/input_Remittance Id'

2023-02-08 19:33:49 - [MESSAGE][PASSED] - Text '16852|29237|84364' is set on object 'Object Repository/RecAndPlayBk/Page-Vlink-Debit/input_Remittance Id'

2023-02-08 19:33:49 - [TEST_STEP][PASSED] - setText(findTestObject("RecAndPlayBk/Page-Vlink-Debit/input_Application Id"), appID): Text '234' is set on object 'Object Repository/RecAndPlayBk/Page-Vlink-Debit/input_Application Id'

2023-02-08 19:33:50 - [MESSAGE][PASSED] - Text '234' is set on object 'Object Repository/RecAndPlayBk/Page-Vlink-Debit/input_Application Id'

2023-02-08 19:33:50 - [TEST_STEP][PASSED] - setText(findTestObject("RecAndPlayBk/Page-Vlink-Debit/input_Username"), username): Text 'username' is set on object 'Object Repository/RecAndPlayBk/Page-Vlink-Debit/input_Username'

2023-02-08 19:33:50 - [MESSAGE][PASSED] - Text 'username' is set on object 'Object Repository/RecAndPlayBk/Page-Vlink-Debit/input_Username'

2023-02-08 19:33:50 - [TEST_STEP][PASSED] - setText(findTestObject("RecAndPlayBk/Page-Vlink-Debit/input_Password"), password): Text 'password' is set on object 'Object Repository/RecAndPlayBk/Page-Vlink-Debit/input_Password'

2023-02-08 19:33:51 - [MESSAGE][PASSED] - Text 'password' is set on object 'Object Repository/RecAndPlayBk/Page-Vlink-Debit/input_Password'

2023-02-08 19:33:51 - [TEST_STEP][PASSED] - setText(findTestObject("RecAndPlayBk/Page-Vlink-Debit/input_Check Type"), checkType): Text 'P' is set on object 'Object Repository/RecAndPlayBk/Page-Vlink-Debit/input_Check Type'

2023-02-08 19:33:52 - [MESSAGE][PASSED] - Text 'P' is set on object 'Object Repository/RecAndPlayBk/Page-Vlink-Debit/input_Check Type'

2023-02-08 19:33:52 - [TEST_STEP][PASSED] - setText(findTestObject("RecAndPlayBk/Page-Vlink-Debit/input_Account_check"), acNumber): Text '58963214' is set on object 'Object Repository/RecAndPlayBk/Page-Vlink-Debit/input_Account_check'

2023-02-08 19:33:52 - [MESSAGE][PASSED] - Text '58963214' is set on object 'Object Repository/RecAndPlayBk/Page-Vlink-Debit/input_Account_check'

2023-02-08 19:33:52 - [TEST_STEP][PASSED] - setText(findTestObject("RecAndPlayBk/Page-Vlink-Debit/input_Company_check"), company): Text '' is set on object 'Object Repository/RecAndPlayBk/Page-Vlink-Debit/input_Company_check'

2023-02-08 19:33:53 - [MESSAGE][PASSED] - Text '' is set on object 'Object Repository/RecAndPlayBk/Page-Vlink-Debit/input_Company_check'

2023-02-08 19:33:53 - [TEST_STEP][PASSED] - setText(findTestObject("RecAndPlayBk/Page-Vlink-Debit/input_Account Type"), acType): Text '2' is set on object 'Object Repository/RecAndPlayBk/Page-Vlink-Debit/input_Account Type'

2023-02-08 19:33:54 - [MESSAGE][PASSED] - Text '2' is set on object 'Object Repository/RecAndPlayBk/Page-Vlink-Debit/input_Account Type'

2023-02-08 19:33:54 - [TEST_STEP][PASSED] - setText(findTestObject("RecAndPlayBk/Page-Vlink-Debit/input_Routing Number"), rtn): Text '256072691' is set on object 'Object Repository/RecAndPlayBk/Page-Vlink-Debit/input_Routing Number'

2023-02-08 19:33:54 - [MESSAGE][PASSED] - Text '256072691' is set on object 'Object Repository/RecAndPlayBk/Page-Vlink-Debit/input_Routing Number'

2023-02-08 19:33:54 - [TEST_STEP][PASSED] - setText(findTestObject("RecAndPlayBk/Page-Vlink-Debit/input_Amount"), amount): Text '12.50' is set on object 'Object Repository/RecAndPlayBk/Page-Vlink-Debit/input_Amount'

2023-02-08 19:33:55 - [MESSAGE][PASSED] - Text '12.50' is set on object 'Object Repository/RecAndPlayBk/Page-Vlink-Debit/input_Amount'

2023-02-08 19:33:55 - [TEST_STEP][PASSED] - setText(findTestObject("RecAndPlayBk/Page-Vlink-Debit/input_Check Email"), ""): Text '' is set on object 'Object Repository/RecAndPlayBk/Page-Vlink-Debit/input_Check Email'

2023-02-08 19:33:55 - [MESSAGE][PASSED] - Text '' is set on object 'Object Repository/RecAndPlayBk/Page-Vlink-Debit/input_Check Email'

2023-02-08 19:33:55 - [TEST_STEP][PASSED] - setText(findTestObject("Object Repository/RecAndPlayBk/Page-Vlink-Debit/input_concat(CheckWriter, , s SSN)_check_ssn"), ""): Text '' is set on object 'Object Repository/RecAndPlayBk/Page-Vlink-Debit/input_concat(CheckWriter, , s SSN)_check_ssn'

2023-02-08 19:33:56 - [MESSAGE][PASSED] - Text '' is set on object 'Object Repository/RecAndPlayBk/Page-Vlink-Debit/input_concat(CheckWriter, , s SSN)_check_ssn'

2023-02-08 19:33:56 - [TEST_STEP][PASSED] - setText(findTestObject("Object Repository/RecAndPlayBk/Page-Vlink-Debit/input_concat(CheckWriter, , s License Numbe_020fef"), ""): Text '' is set on object 'Object Repository/RecAndPlayBk/Page-Vlink-Debit/input_concat(CheckWriter, , s License Numbe_020fef'

2023-02-08 19:33:57 - [MESSAGE][PASSED] - Text '' is set on object 'Object Repository/RecAndPlayBk/Page-Vlink-Debit/input_concat(CheckWriter, , s License Numbe_020fef'

2023-02-08 19:33:57 - [TEST_STEP][PASSED] - setText(findTestObject("Object Repository/RecAndPlayBk/Page-Vlink-Debit/input_concat(CheckWriter, , s License State_21e3e7"), ""): Text '' is set on object 'Object Repository/RecAndPlayBk/Page-Vlink-Debit/input_concat(CheckWriter, , s License State_21e3e7'

2023-02-08 19:33:57 - [MESSAGE][PASSED] - Text '' is set on object 'Object Repository/RecAndPlayBk/Page-Vlink-Debit/input_concat(CheckWriter, , s License State_21e3e7'

2023-02-08 19:33:57 - [TEST_STEP][PASSED] - setText(findTestObject("RecAndPlayBk/Page-Vlink-Debit/input_Standard Entry Class"), sec): Text 'TEL' is set on object 'Object Repository/RecAndPlayBk/Page-Vlink-Debit/input_Standard Entry Class'

2023-02-08 19:33:58 - [MESSAGE][PASSED] - Text 'TEL' is set on object 'Object Repository/RecAndPlayBk/Page-Vlink-Debit/input_Standard Entry Class'

2023-02-08 19:33:58 - [TEST_STEP][PASSED] - click(findTestObject("Object Repository/RecAndPlayBk/Page-Vlink-Debit/input")): Object: 'Object Repository/RecAndPlayBk/Page-Vlink-Debit/input' is clicked on

2023-02-08 19:33:59 - [MESSAGE][PASSED] - Object: 'Object Repository/RecAndPlayBk/Page-Vlink-Debit/input' is clicked on

2023-02-08 19:33:59 - [TEST_STEP][PASSED] - if (verifyTextPresent("Transaction approved, no errors", true)): null

2023-02-08 19:33:59 - [MESSAGE][PASSED] - Text 'Transaction approved, no errors' is present on page  using regular expression

2023-02-08 19:33:59 - [TEST_STEP][PASSED] - println("Transaction Approved, no errors text is present on the Confirmation page"): null

2023-02-08 19:33:59 - [TEST_STEP][PASSED] - out.println("Pass Record Number: " + row): null

2023-02-08 19:33:59 - [TEST_STEP][PASSED] - resText = "Pass": null

2023-02-08 19:33:59 - [TEST_STEP][PASSED] - pages.WriteExcel.demoKey(resText, datText, resColumn, datCloumn, fileLoc, nameSheet, row): pages.WriteExcel.demoKey is PASSED

2023-02-08 19:33:59 - [MESSAGE][PASSED] - pages.WriteExcel.demoKey is PASSED

2023-02-08 19:33:59 - [TEST_STEP][PASSED] - ExecuteTC = findTestData(dataFile).getValue("Execute", row): null

2023-02-08 19:33:59 - [TEST_STEP][PASSED] - out.println("Value of Execute is : " + ExecuteTC): null

2023-02-08 19:33:59 - [TEST_STEP][PASSED] - switch (executionProfile): null

2023-02-08 19:33:59 - [TEST_STEP][PASSED] - case "QAProfile":: null

2023-02-08 19:33:59 - [TEST_STEP][PASSED] - appID = findTestData(dataFile).getValue("AppIDQA", row): null

2023-02-08 19:33:59 - [TEST_STEP][PASSED] - username = findTestData(dataFile).getValue("UsernameQA", row): null

2023-02-08 19:33:59 - [TEST_STEP][PASSED] - password = findTestData(dataFile).getValue("PasswordQA", row): null

2023-02-08 19:33:59 - [TEST_STEP][PASSED] - break: null

2023-02-08 19:33:59 - [TEST_STEP][PASSED] - if (ExecuteTC.equalsIgnoreCase("Y")): null

2023-02-08 19:33:59 - [TEST_STEP][PASSED] - out.println("Begin Record Number: " + row): null

2023-02-08 19:33:59 - [TEST_STEP][PASSED] - today = new java.util.Date(): null

2023-02-08 19:33:59 - [TEST_STEP][PASSED] - println(today): null

2023-02-08 19:33:59 - [TEST_STEP][PASSED] - datText = today: null

2023-02-08 19:33:59 - [TEST_STEP][PASSED] - checkType = findTestData(dataFile).getValue("CheckType", row): null

2023-02-08 19:33:59 - [TEST_STEP][PASSED] - acNumber = findTestData(dataFile).getValue("AcNumber", row): null

2023-02-08 19:33:59 - [TEST_STEP][PASSED] - company = findTestData(dataFile).getValue("Company", row): null

2023-02-08 19:33:59 - [TEST_STEP][PASSED] - acType = findTestData(dataFile).getValue("AcType", row): null

2023-02-08 19:33:59 - [TEST_STEP][PASSED] - rtn = findTestData(dataFile).getValue("RTN", row): null

2023-02-08 19:33:59 - [TEST_STEP][PASSED] - amount = findTestData(dataFile).getValue("Amount", row): null

2023-02-08 19:34:00 - [TEST_STEP][PASSED] - sec = findTestData(dataFile).getValue("SEC", row): null

2023-02-08 19:34:00 - [TEST_STEP][PASSED] - openBrowser(VLinkURL + "debit.html"): Browser is opened with url: 'https://dev-algorithm.govolution.com/vlinktest/QA/version_2_0/debit.html'

2023-02-08 19:34:00 - [MESSAGE][WARNING] - A browser is already opened. Closing browser and opening a new one

2023-02-08 19:34:01 - [MESSAGE][INFO] - Starting 'Chrome' driver

2023-02-08 19:34:01 - [MESSAGE][INFO] - User set preference: ['acceptInsecureCerts', 'true']

2023-02-08 19:34:01 - [MESSAGE][INFO] - Action delay is set to 0 milliseconds

2023-02-08 19:34:02 - [MESSAGE][PASSED] - Browser is opened with url: 'https://dev-algorithm.govolution.com/vlinktest/QA/version_2_0/debit.html'

2023-02-08 19:34:02 - [TEST_STEP][PASSED] - maximizeWindow(): Current window maximized

2023-02-08 19:34:03 - [MESSAGE][PASSED] - Current window maximized

2023-02-08 19:34:03 - [TEST_STEP][PASSED] - genRemID1 = random() * 99999).toInteger(): null

2023-02-08 19:34:03 - [TEST_STEP][PASSED] - genRemID2 = random() * 99999).toInteger(): null

2023-02-08 19:34:03 - [TEST_STEP][PASSED] - genRemID3 = random() * 99999).toInteger(): null

2023-02-08 19:34:03 - [TEST_STEP][PASSED] - println(genRemID1): null

2023-02-08 19:34:03 - [TEST_STEP][PASSED] - println(genRemID2): null

2023-02-08 19:34:03 - [TEST_STEP][PASSED] - println(genRemID3): null

2023-02-08 19:34:03 - [TEST_STEP][PASSED] - genRemID = genRemID1 + "|" + genRemID2 + "|" + genRemID3: null

2023-02-08 19:34:03 - [TEST_STEP][PASSED] - println(genRemID): null

2023-02-08 19:34:03 - [TEST_STEP][PASSED] - setText(findTestObject("RecAndPlayBk/Page-Vlink-Debit/input_Remittance Id"), genRemID): Text '27003|47796|67190' is set on object 'Object Repository/RecAndPlayBk/Page-Vlink-Debit/input_Remittance Id'

2023-02-08 19:34:03 - [MESSAGE][PASSED] - Text '27003|47796|67190' is set on object 'Object Repository/RecAndPlayBk/Page-Vlink-Debit/input_Remittance Id'

2023-02-08 19:34:03 - [TEST_STEP][PASSED] - setText(findTestObject("RecAndPlayBk/Page-Vlink-Debit/input_Application Id"), appID): Text '234' is set on object 'Object Repository/RecAndPlayBk/Page-Vlink-Debit/input_Application Id'

2023-02-08 19:34:04 - [MESSAGE][PASSED] - Text '234' is set on object 'Object Repository/RecAndPlayBk/Page-Vlink-Debit/input_Application Id'

2023-02-08 19:34:04 - [TEST_STEP][PASSED] - setText(findTestObject("RecAndPlayBk/Page-Vlink-Debit/input_Username"), username): Text 'username' is set on object 'Object Repository/RecAndPlayBk/Page-Vlink-Debit/input_Username'

2023-02-08 19:34:05 - [MESSAGE][PASSED] - Text 'username' is set on object 'Object Repository/RecAndPlayBk/Page-Vlink-Debit/input_Username'

2023-02-08 19:34:05 - [TEST_STEP][PASSED] - setText(findTestObject("RecAndPlayBk/Page-Vlink-Debit/input_Password"), password): Text 'password' is set on object 'Object Repository/RecAndPlayBk/Page-Vlink-Debit/input_Password'

2023-02-08 19:34:05 - [MESSAGE][PASSED] - Text 'password' is set on object 'Object Repository/RecAndPlayBk/Page-Vlink-Debit/input_Password'

2023-02-08 19:34:05 - [TEST_STEP][PASSED] - setText(findTestObject("RecAndPlayBk/Page-Vlink-Debit/input_Check Type"), checkType): Text 'P' is set on object 'Object Repository/RecAndPlayBk/Page-Vlink-Debit/input_Check Type'

2023-02-08 19:34:06 - [MESSAGE][PASSED] - Text 'P' is set on object 'Object Repository/RecAndPlayBk/Page-Vlink-Debit/input_Check Type'

2023-02-08 19:34:06 - [TEST_STEP][PASSED] - setText(findTestObject("RecAndPlayBk/Page-Vlink-Debit/input_Account_check"), acNumber): Text '58963214' is set on object 'Object Repository/RecAndPlayBk/Page-Vlink-Debit/input_Account_check'

2023-02-08 19:34:07 - [MESSAGE][PASSED] - Text '58963214' is set on object 'Object Repository/RecAndPlayBk/Page-Vlink-Debit/input_Account_check'

2023-02-08 19:34:07 - [TEST_STEP][PASSED] - setText(findTestObject("RecAndPlayBk/Page-Vlink-Debit/input_Company_check"), company): Text '' is set on object 'Object Repository/RecAndPlayBk/Page-Vlink-Debit/input_Company_check'

2023-02-08 19:34:07 - [MESSAGE][PASSED] - Text '' is set on object 'Object Repository/RecAndPlayBk/Page-Vlink-Debit/input_Company_check'

2023-02-08 19:34:07 - [TEST_STEP][PASSED] - setText(findTestObject("RecAndPlayBk/Page-Vlink-Debit/input_Account Type"), acType): Text '2' is set on object 'Object Repository/RecAndPlayBk/Page-Vlink-Debit/input_Account Type'

2023-02-08 19:34:08 - [MESSAGE][PASSED] - Text '2' is set on object 'Object Repository/RecAndPlayBk/Page-Vlink-Debit/input_Account Type'

2023-02-08 19:34:08 - [TEST_STEP][PASSED] - setText(findTestObject("RecAndPlayBk/Page-Vlink-Debit/input_Routing Number"), rtn): Text '256072691' is set on object 'Object Repository/RecAndPlayBk/Page-Vlink-Debit/input_Routing Number'

2023-02-08 19:34:08 - [MESSAGE][PASSED] - Text '256072691' is set on object 'Object Repository/RecAndPlayBk/Page-Vlink-Debit/input_Routing Number'

2023-02-08 19:34:08 - [TEST_STEP][PASSED] - setText(findTestObject("RecAndPlayBk/Page-Vlink-Debit/input_Amount"), amount): Text '12.50' is set on object 'Object Repository/RecAndPlayBk/Page-Vlink-Debit/input_Amount'

2023-02-08 19:34:09 - [MESSAGE][PASSED] - Text '12.50' is set on object 'Object Repository/RecAndPlayBk/Page-Vlink-Debit/input_Amount'

2023-02-08 19:34:09 - [TEST_STEP][PASSED] - setText(findTestObject("RecAndPlayBk/Page-Vlink-Debit/input_Check Email"), ""): Text '' is set on object 'Object Repository/RecAndPlayBk/Page-Vlink-Debit/input_Check Email'

2023-02-08 19:34:10 - [MESSAGE][PASSED] - Text '' is set on object 'Object Repository/RecAndPlayBk/Page-Vlink-Debit/input_Check Email'

2023-02-08 19:34:10 - [TEST_STEP][PASSED] - setText(findTestObject("Object Repository/RecAndPlayBk/Page-Vlink-Debit/input_concat(CheckWriter, , s SSN)_check_ssn"), ""): Text '' is set on object 'Object Repository/RecAndPlayBk/Page-Vlink-Debit/input_concat(CheckWriter, , s SSN)_check_ssn'

2023-02-08 19:34:10 - [MESSAGE][PASSED] - Text '' is set on object 'Object Repository/RecAndPlayBk/Page-Vlink-Debit/input_concat(CheckWriter, , s SSN)_check_ssn'

2023-02-08 19:34:10 - [TEST_STEP][PASSED] - setText(findTestObject("Object Repository/RecAndPlayBk/Page-Vlink-Debit/input_concat(CheckWriter, , s License Numbe_020fef"), ""): Text '' is set on object 'Object Repository/RecAndPlayBk/Page-Vlink-Debit/input_concat(CheckWriter, , s License Numbe_020fef'

2023-02-08 19:34:11 - [MESSAGE][PASSED] - Text '' is set on object 'Object Repository/RecAndPlayBk/Page-Vlink-Debit/input_concat(CheckWriter, , s License Numbe_020fef'

2023-02-08 19:34:11 - [TEST_STEP][PASSED] - setText(findTestObject("Object Repository/RecAndPlayBk/Page-Vlink-Debit/input_concat(CheckWriter, , s License State_21e3e7"), ""): Text '' is set on object 'Object Repository/RecAndPlayBk/Page-Vlink-Debit/input_concat(CheckWriter, , s License State_21e3e7'

2023-02-08 19:34:11 - [MESSAGE][PASSED] - Text '' is set on object 'Object Repository/RecAndPlayBk/Page-Vlink-Debit/input_concat(CheckWriter, , s License State_21e3e7'

2023-02-08 19:34:11 - [TEST_STEP][PASSED] - setText(findTestObject("RecAndPlayBk/Page-Vlink-Debit/input_Standard Entry Class"), sec): Text 'PPD' is set on object 'Object Repository/RecAndPlayBk/Page-Vlink-Debit/input_Standard Entry Class'

2023-02-08 19:34:12 - [MESSAGE][PASSED] - Text 'PPD' is set on object 'Object Repository/RecAndPlayBk/Page-Vlink-Debit/input_Standard Entry Class'

2023-02-08 19:34:12 - [TEST_STEP][PASSED] - click(findTestObject("Object Repository/RecAndPlayBk/Page-Vlink-Debit/input")): Object: 'Object Repository/RecAndPlayBk/Page-Vlink-Debit/input' is clicked on

2023-02-08 19:34:13 - [MESSAGE][PASSED] - Object: 'Object Repository/RecAndPlayBk/Page-Vlink-Debit/input' is clicked on

2023-02-08 19:34:13 - [TEST_STEP][PASSED] - if (verifyTextPresent("Transaction approved, no errors", true)): null

2023-02-08 19:34:13 - [MESSAGE][PASSED] - Text 'Transaction approved, no errors' is present on page  using regular expression

2023-02-08 19:34:13 - [TEST_STEP][PASSED] - println("Transaction Approved, no errors text is present on the Confirmation page"): null

2023-02-08 19:34:13 - [TEST_STEP][PASSED] - out.println("Pass Record Number: " + row): null

2023-02-08 19:34:13 - [TEST_STEP][PASSED] - resText = "Pass": null

2023-02-08 19:34:13 - [TEST_STEP][PASSED] - pages.WriteExcel.demoKey(resText, datText, resColumn, datCloumn, fileLoc, nameSheet, row): pages.WriteExcel.demoKey is PASSED

2023-02-08 19:34:13 - [MESSAGE][PASSED] - pages.WriteExcel.demoKey is PASSED

2023-02-08 19:34:13 - [TEST_STEP][PASSED] - ExecuteTC = findTestData(dataFile).getValue("Execute", row): null

2023-02-08 19:34:13 - [TEST_STEP][PASSED] - out.println("Value of Execute is : " + ExecuteTC): null

2023-02-08 19:34:13 - [TEST_STEP][PASSED] - switch (executionProfile): null

2023-02-08 19:34:13 - [TEST_STEP][PASSED] - case "QAProfile":: null

2023-02-08 19:34:13 - [TEST_STEP][PASSED] - appID = findTestData(dataFile).getValue("AppIDQA", row): null

2023-02-08 19:34:13 - [TEST_STEP][PASSED] - username = findTestData(dataFile).getValue("UsernameQA", row): null

2023-02-08 19:34:13 - [TEST_STEP][PASSED] - password = findTestData(dataFile).getValue("PasswordQA", row): null

2023-02-08 19:34:13 - [TEST_STEP][PASSED] - break: null

2023-02-08 19:34:13 - [TEST_STEP][PASSED] - if (ExecuteTC.equalsIgnoreCase("Y")): null

2023-02-08 19:34:13 - [TEST_STEP][PASSED] - out.println("Begin Record Number: " + row): null

2023-02-08 19:34:13 - [TEST_STEP][PASSED] - today = new java.util.Date(): null

2023-02-08 19:34:13 - [TEST_STEP][PASSED] - println(today): null

2023-02-08 19:34:13 - [TEST_STEP][PASSED] - datText = today: null

2023-02-08 19:34:13 - [TEST_STEP][PASSED] - checkType = findTestData(dataFile).getValue("CheckType", row): null

2023-02-08 19:34:13 - [TEST_STEP][PASSED] - acNumber = findTestData(dataFile).getValue("AcNumber", row): null

2023-02-08 19:34:14 - [TEST_STEP][PASSED] - company = findTestData(dataFile).getValue("Company", row): null

2023-02-08 19:34:14 - [TEST_STEP][PASSED] - acType = findTestData(dataFile).getValue("AcType", row): null

2023-02-08 19:34:14 - [TEST_STEP][PASSED] - rtn = findTestData(dataFile).getValue("RTN", row): null

2023-02-08 19:34:14 - [TEST_STEP][PASSED] - amount = findTestData(dataFile).getValue("Amount", row): null

2023-02-08 19:34:14 - [TEST_STEP][PASSED] - sec = findTestData(dataFile).getValue("SEC", row): null

2023-02-08 19:34:14 - [TEST_STEP][PASSED] - openBrowser(VLinkURL + "debit.html"): Browser is opened with url: 'https://dev-algorithm.govolution.com/vlinktest/QA/version_2_0/debit.html'

2023-02-08 19:34:14 - [MESSAGE][WARNING] - A browser is already opened. Closing browser and opening a new one

2023-02-08 19:34:15 - [MESSAGE][INFO] - Starting 'Chrome' driver

2023-02-08 19:34:15 - [MESSAGE][INFO] - User set preference: ['acceptInsecureCerts', 'true']

2023-02-08 19:34:15 - [MESSAGE][INFO] - Action delay is set to 0 milliseconds

2023-02-08 19:34:17 - [MESSAGE][PASSED] - Browser is opened with url: 'https://dev-algorithm.govolution.com/vlinktest/QA/version_2_0/debit.html'

2023-02-08 19:34:17 - [TEST_STEP][PASSED] - maximizeWindow(): Current window maximized

2023-02-08 19:34:17 - [MESSAGE][PASSED] - Current window maximized

2023-02-08 19:34:17 - [TEST_STEP][PASSED] - genRemID1 = random() * 99999).toInteger(): null

2023-02-08 19:34:17 - [TEST_STEP][PASSED] - genRemID2 = random() * 99999).toInteger(): null

2023-02-08 19:34:17 - [TEST_STEP][PASSED] - genRemID3 = random() * 99999).toInteger(): null

2023-02-08 19:34:17 - [TEST_STEP][PASSED] - println(genRemID1): null

2023-02-08 19:34:17 - [TEST_STEP][PASSED] - println(genRemID2): null

2023-02-08 19:34:17 - [TEST_STEP][PASSED] - println(genRemID3): null

2023-02-08 19:34:17 - [TEST_STEP][PASSED] - genRemID = genRemID1 + "|" + genRemID2 + "|" + genRemID3: null

2023-02-08 19:34:17 - [TEST_STEP][PASSED] - println(genRemID): null

2023-02-08 19:34:17 - [TEST_STEP][PASSED] - setText(findTestObject("RecAndPlayBk/Page-Vlink-Debit/input_Remittance Id"), genRemID): Text '76609|76678|71778' is set on object 'Object Repository/RecAndPlayBk/Page-Vlink-Debit/input_Remittance Id'

2023-02-08 19:34:17 - [MESSAGE][PASSED] - Text '76609|76678|71778' is set on object 'Object Repository/RecAndPlayBk/Page-Vlink-Debit/input_Remittance Id'

2023-02-08 19:34:17 - [TEST_STEP][PASSED] - setText(findTestObject("RecAndPlayBk/Page-Vlink-Debit/input_Application Id"), appID): Text '234' is set on object 'Object Repository/RecAndPlayBk/Page-Vlink-Debit/input_Application Id'

2023-02-08 19:34:18 - [MESSAGE][PASSED] - Text '234' is set on object 'Object Repository/RecAndPlayBk/Page-Vlink-Debit/input_Application Id'

2023-02-08 19:34:18 - [TEST_STEP][PASSED] - setText(findTestObject("RecAndPlayBk/Page-Vlink-Debit/input_Username"), username): Text 'username' is set on object 'Object Repository/RecAndPlayBk/Page-Vlink-Debit/input_Username'

2023-02-08 19:34:19 - [MESSAGE][PASSED] - Text 'username' is set on object 'Object Repository/RecAndPlayBk/Page-Vlink-Debit/input_Username'

2023-02-08 19:34:19 - [TEST_STEP][PASSED] - setText(findTestObject("RecAndPlayBk/Page-Vlink-Debit/input_Password"), password): Text 'password' is set on object 'Object Repository/RecAndPlayBk/Page-Vlink-Debit/input_Password'

2023-02-08 19:34:19 - [MESSAGE][PASSED] - Text 'password' is set on object 'Object Repository/RecAndPlayBk/Page-Vlink-Debit/input_Password'

2023-02-08 19:34:19 - [TEST_STEP][PASSED] - setText(findTestObject("RecAndPlayBk/Page-Vlink-Debit/input_Check Type"), checkType): Text 'C' is set on object 'Object Repository/RecAndPlayBk/Page-Vlink-Debit/input_Check Type'

2023-02-08 19:34:20 - [MESSAGE][PASSED] - Text 'C' is set on object 'Object Repository/RecAndPlayBk/Page-Vlink-Debit/input_Check Type'

2023-02-08 19:34:20 - [TEST_STEP][PASSED] - setText(findTestObject("RecAndPlayBk/Page-Vlink-Debit/input_Account_check"), acNumber): Text '58963214' is set on object 'Object Repository/RecAndPlayBk/Page-Vlink-Debit/input_Account_check'

2023-02-08 19:34:21 - [MESSAGE][PASSED] - Text '58963214' is set on object 'Object Repository/RecAndPlayBk/Page-Vlink-Debit/input_Account_check'

2023-02-08 19:34:21 - [TEST_STEP][PASSED] - setText(findTestObject("RecAndPlayBk/Page-Vlink-Debit/input_Company_check"), company): Text 'My Company' is set on object 'Object Repository/RecAndPlayBk/Page-Vlink-Debit/input_Company_check'

2023-02-08 19:34:21 - [MESSAGE][PASSED] - Text 'My Company' is set on object 'Object Repository/RecAndPlayBk/Page-Vlink-Debit/input_Company_check'

2023-02-08 19:34:21 - [TEST_STEP][PASSED] - setText(findTestObject("RecAndPlayBk/Page-Vlink-Debit/input_Account Type"), acType): Text '' is set on object 'Object Repository/RecAndPlayBk/Page-Vlink-Debit/input_Account Type'

2023-02-08 19:34:22 - [MESSAGE][PASSED] - Text '' is set on object 'Object Repository/RecAndPlayBk/Page-Vlink-Debit/input_Account Type'

2023-02-08 19:34:22 - [TEST_STEP][PASSED] - setText(findTestObject("RecAndPlayBk/Page-Vlink-Debit/input_Routing Number"), rtn): Text '256072691' is set on object 'Object Repository/RecAndPlayBk/Page-Vlink-Debit/input_Routing Number'

2023-02-08 19:34:22 - [MESSAGE][PASSED] - Text '256072691' is set on object 'Object Repository/RecAndPlayBk/Page-Vlink-Debit/input_Routing Number'

2023-02-08 19:34:22 - [TEST_STEP][PASSED] - setText(findTestObject("RecAndPlayBk/Page-Vlink-Debit/input_Amount"), amount): Text '12.50' is set on object 'Object Repository/RecAndPlayBk/Page-Vlink-Debit/input_Amount'

2023-02-08 19:34:23 - [MESSAGE][PASSED] - Text '12.50' is set on object 'Object Repository/RecAndPlayBk/Page-Vlink-Debit/input_Amount'

2023-02-08 19:34:23 - [TEST_STEP][PASSED] - setText(findTestObject("RecAndPlayBk/Page-Vlink-Debit/input_Check Email"), ""): Text '' is set on object 'Object Repository/RecAndPlayBk/Page-Vlink-Debit/input_Check Email'

2023-02-08 19:34:24 - [MESSAGE][PASSED] - Text '' is set on object 'Object Repository/RecAndPlayBk/Page-Vlink-Debit/input_Check Email'

2023-02-08 19:34:24 - [TEST_STEP][PASSED] - setText(findTestObject("Object Repository/RecAndPlayBk/Page-Vlink-Debit/input_concat(CheckWriter, , s SSN)_check_ssn"), ""): Text '' is set on object 'Object Repository/RecAndPlayBk/Page-Vlink-Debit/input_concat(CheckWriter, , s SSN)_check_ssn'

2023-02-08 19:34:24 - [MESSAGE][PASSED] - Text '' is set on object 'Object Repository/RecAndPlayBk/Page-Vlink-Debit/input_concat(CheckWriter, , s SSN)_check_ssn'

2023-02-08 19:34:24 - [TEST_STEP][PASSED] - setText(findTestObject("Object Repository/RecAndPlayBk/Page-Vlink-Debit/input_concat(CheckWriter, , s License Numbe_020fef"), ""): Text '' is set on object 'Object Repository/RecAndPlayBk/Page-Vlink-Debit/input_concat(CheckWriter, , s License Numbe_020fef'

2023-02-08 19:34:25 - [MESSAGE][PASSED] - Text '' is set on object 'Object Repository/RecAndPlayBk/Page-Vlink-Debit/input_concat(CheckWriter, , s License Numbe_020fef'

2023-02-08 19:34:25 - [TEST_STEP][PASSED] - setText(findTestObject("Object Repository/RecAndPlayBk/Page-Vlink-Debit/input_concat(CheckWriter, , s License State_21e3e7"), ""): Text '' is set on object 'Object Repository/RecAndPlayBk/Page-Vlink-Debit/input_concat(CheckWriter, , s License State_21e3e7'

2023-02-08 19:34:25 - [MESSAGE][PASSED] - Text '' is set on object 'Object Repository/RecAndPlayBk/Page-Vlink-Debit/input_concat(CheckWriter, , s License State_21e3e7'

2023-02-08 19:34:25 - [TEST_STEP][PASSED] - setText(findTestObject("RecAndPlayBk/Page-Vlink-Debit/input_Standard Entry Class"), sec): Text 'CCD' is set on object 'Object Repository/RecAndPlayBk/Page-Vlink-Debit/input_Standard Entry Class'

2023-02-08 19:34:26 - [MESSAGE][PASSED] - Text 'CCD' is set on object 'Object Repository/RecAndPlayBk/Page-Vlink-Debit/input_Standard Entry Class'

2023-02-08 19:34:26 - [TEST_STEP][PASSED] - click(findTestObject("Object Repository/RecAndPlayBk/Page-Vlink-Debit/input")): Object: 'Object Repository/RecAndPlayBk/Page-Vlink-Debit/input' is clicked on

2023-02-08 19:34:27 - [MESSAGE][PASSED] - Object: 'Object Repository/RecAndPlayBk/Page-Vlink-Debit/input' is clicked on

2023-02-08 19:34:27 - [TEST_STEP][PASSED] - if (verifyTextPresent("Transaction approved, no errors", true)): null

2023-02-08 19:34:27 - [MESSAGE][PASSED] - Text 'Transaction approved, no errors' is present on page  using regular expression

2023-02-08 19:34:27 - [TEST_STEP][PASSED] - println("Transaction Approved, no errors text is present on the Confirmation page"): null

2023-02-08 19:34:27 - [TEST_STEP][PASSED] - out.println("Pass Record Number: " + row): null

2023-02-08 19:34:27 - [TEST_STEP][PASSED] - resText = "Pass": null

2023-02-08 19:34:27 - [TEST_STEP][PASSED] - pages.WriteExcel.demoKey(resText, datText, resColumn, datCloumn, fileLoc, nameSheet, row): pages.WriteExcel.demoKey is PASSED

2023-02-08 19:34:27 - [MESSAGE][PASSED] - pages.WriteExcel.demoKey is PASSED]]></system-out>
         <system-err><![CDATA[]]></system-err>
      </testcase>
      <testcase name="Test Cases/RecAndPlayBk/VLink/Debit-Void-RemID-Pipe" time="165.922" classname="Test Cases/RecAndPlayBk/VLink/Debit-Void-RemID-Pipe" status="PASSED">
         <system-out><![CDATA[2023-02-08 19:34:27 - [TEST_CASE][PASSED] - Test Cases/RecAndPlayBk/VLink/Debit-Void-RemID-Pipe: Test Cases/RecAndPlayBk/VLink/Debit-Void-RemID-Pipe

2023-02-08 19:34:28 - [TEST_STEP][PASSED] - executionProfile = getExecutionProfile(): null

2023-02-08 19:34:28 - [TEST_STEP][PASSED] - out.println("executionProfile : " + executionProfile): null

2023-02-08 19:34:28 - [TEST_STEP][PASSED] - resText = "Fail": null

2023-02-08 19:34:28 - [TEST_STEP][PASSED] - resColumn = "Result": null

2023-02-08 19:34:28 - [TEST_STEP][PASSED] - datCloumn = "Date": null

2023-02-08 19:34:28 - [TEST_STEP][PASSED] - fileLoc = "KatalonData/VLinkSmokeDataACH.xlsx": null

2023-02-08 19:34:28 - [TEST_STEP][PASSED] - numOfRows = <not implemented yet for class: org.codehaus.groovy.ast.expr.EmptyExpression>: null

2023-02-08 19:34:28 - [TEST_STEP][PASSED] - dataFile = <not implemented yet for class: org.codehaus.groovy.ast.expr.EmptyExpression>: null

2023-02-08 19:34:28 - [TEST_STEP][PASSED] - nameSheet = <not implemented yet for class: org.codehaus.groovy.ast.expr.EmptyExpression>: null

2023-02-08 19:34:28 - [TEST_STEP][PASSED] - nameSheet = "DebitVoid-RemID-Pipe": null

2023-02-08 19:34:28 - [TEST_STEP][PASSED] - numOfRows = findTestData("QA/VLinkTestData/VLinkDebitVoidRemIDPipeData").getRowNumbers(): null

2023-02-08 19:34:28 - [TEST_STEP][PASSED] - println("Number of Records: " + numOfRows): null

2023-02-08 19:34:28 - [TEST_STEP][PASSED] - dataFile = "QA/VLinkTestData/VLinkDebitVoidRemIDPipeData": null

2023-02-08 19:34:28 - [TEST_STEP][PASSED] - for ([row = 1, row <= numOfRows, (row++)]): null

2023-02-08 19:34:28 - [TEST_STEP][PASSED] - ExecuteTC = findTestData(dataFile).getValue("Execute", row): null

2023-02-08 19:34:28 - [TEST_STEP][PASSED] - out.println("Value of Execute is : " + ExecuteTC): null

2023-02-08 19:34:28 - [TEST_STEP][PASSED] - switch (executionProfile): null

2023-02-08 19:34:28 - [TEST_STEP][PASSED] - case "QAProfile":: null

2023-02-08 19:34:28 - [TEST_STEP][PASSED] - appID = findTestData(dataFile).getValue("AppIDQA", row): null

2023-02-08 19:34:28 - [TEST_STEP][PASSED] - username = findTestData(dataFile).getValue("UsernameQA", row): null

2023-02-08 19:34:28 - [TEST_STEP][PASSED] - password = findTestData(dataFile).getValue("PasswordQA", row): null

2023-02-08 19:34:28 - [TEST_STEP][PASSED] - break: null

2023-02-08 19:34:28 - [TEST_STEP][PASSED] - if (ExecuteTC.equalsIgnoreCase("Y")): null

2023-02-08 19:34:28 - [TEST_STEP][PASSED] - out.println("Begin Record Number: " + row): null

2023-02-08 19:34:28 - [TEST_STEP][PASSED] - today = new java.util.Date(): null

2023-02-08 19:34:28 - [TEST_STEP][PASSED] - println(today): null

2023-02-08 19:34:28 - [TEST_STEP][PASSED] - datText = today: null

2023-02-08 19:34:28 - [TEST_STEP][PASSED] - checkType = findTestData(dataFile).getValue("CheckType", row): null

2023-02-08 19:34:28 - [TEST_STEP][PASSED] - acNumber = findTestData(dataFile).getValue("AcNumber", row): null

2023-02-08 19:34:28 - [TEST_STEP][PASSED] - company = findTestData(dataFile).getValue("Company", row): null

2023-02-08 19:34:28 - [TEST_STEP][PASSED] - acType = findTestData(dataFile).getValue("AcType", row): null

2023-02-08 19:34:28 - [TEST_STEP][PASSED] - rtn = findTestData(dataFile).getValue("RTN", row): null

2023-02-08 19:34:28 - [TEST_STEP][PASSED] - amount = findTestData(dataFile).getValue("Amount", row): null

2023-02-08 19:34:28 - [TEST_STEP][PASSED] - sec = findTestData(dataFile).getValue("SEC", row): null

2023-02-08 19:34:28 - [TEST_STEP][PASSED] - openBrowser(VLinkURL + "debit.html"): Browser is opened with url: 'https://dev-algorithm.govolution.com/vlinktest/QA/version_2_0/debit.html'

2023-02-08 19:34:28 - [MESSAGE][WARNING] - A browser is already opened. Closing browser and opening a new one

2023-02-08 19:34:29 - [MESSAGE][INFO] - Starting 'Chrome' driver

2023-02-08 19:34:29 - [MESSAGE][INFO] - User set preference: ['acceptInsecureCerts', 'true']

2023-02-08 19:34:29 - [MESSAGE][INFO] - Action delay is set to 0 milliseconds

2023-02-08 19:34:31 - [MESSAGE][PASSED] - Browser is opened with url: 'https://dev-algorithm.govolution.com/vlinktest/QA/version_2_0/debit.html'

2023-02-08 19:34:31 - [TEST_STEP][PASSED] - maximizeWindow(): Current window maximized

2023-02-08 19:34:31 - [MESSAGE][PASSED] - Current window maximized

2023-02-08 19:34:31 - [TEST_STEP][PASSED] - genRemID1 = random() * 99999).toInteger(): null

2023-02-08 19:34:31 - [TEST_STEP][PASSED] - genRemID2 = random() * 99999).toInteger(): null

2023-02-08 19:34:31 - [TEST_STEP][PASSED] - genRemID3 = random() * 99999).toInteger(): null

2023-02-08 19:34:31 - [TEST_STEP][PASSED] - println(genRemID1): null

2023-02-08 19:34:31 - [TEST_STEP][PASSED] - println(genRemID2): null

2023-02-08 19:34:31 - [TEST_STEP][PASSED] - println(genRemID3): null

2023-02-08 19:34:31 - [TEST_STEP][PASSED] - genRemID = genRemID1 + "|" + genRemID2 + "|" + genRemID3: null

2023-02-08 19:34:31 - [TEST_STEP][PASSED] - println(genRemID): null

2023-02-08 19:34:31 - [TEST_STEP][PASSED] - setText(findTestObject("RecAndPlayBk/Page-Vlink-Debit/input_Remittance Id"), genRemID): Text '70415|37440|96939' is set on object 'Object Repository/RecAndPlayBk/Page-Vlink-Debit/input_Remittance Id'

2023-02-08 19:34:32 - [MESSAGE][PASSED] - Text '70415|37440|96939' is set on object 'Object Repository/RecAndPlayBk/Page-Vlink-Debit/input_Remittance Id'

2023-02-08 19:34:32 - [TEST_STEP][PASSED] - setText(findTestObject("RecAndPlayBk/Page-Vlink-Debit/input_Application Id"), appID): Text '234' is set on object 'Object Repository/RecAndPlayBk/Page-Vlink-Debit/input_Application Id'

2023-02-08 19:34:33 - [MESSAGE][PASSED] - Text '234' is set on object 'Object Repository/RecAndPlayBk/Page-Vlink-Debit/input_Application Id'

2023-02-08 19:34:33 - [TEST_STEP][PASSED] - setText(findTestObject("RecAndPlayBk/Page-Vlink-Debit/input_Username"), username): Text 'username' is set on object 'Object Repository/RecAndPlayBk/Page-Vlink-Debit/input_Username'

2023-02-08 19:34:33 - [MESSAGE][PASSED] - Text 'username' is set on object 'Object Repository/RecAndPlayBk/Page-Vlink-Debit/input_Username'

2023-02-08 19:34:33 - [TEST_STEP][PASSED] - setText(findTestObject("RecAndPlayBk/Page-Vlink-Debit/input_Password"), password): Text 'password' is set on object 'Object Repository/RecAndPlayBk/Page-Vlink-Debit/input_Password'

2023-02-08 19:34:34 - [MESSAGE][PASSED] - Text 'password' is set on object 'Object Repository/RecAndPlayBk/Page-Vlink-Debit/input_Password'

2023-02-08 19:34:34 - [TEST_STEP][PASSED] - setText(findTestObject("RecAndPlayBk/Page-Vlink-Debit/input_Check Type"), checkType): Text 'P' is set on object 'Object Repository/RecAndPlayBk/Page-Vlink-Debit/input_Check Type'

2023-02-08 19:34:34 - [MESSAGE][PASSED] - Text 'P' is set on object 'Object Repository/RecAndPlayBk/Page-Vlink-Debit/input_Check Type'

2023-02-08 19:34:34 - [TEST_STEP][PASSED] - setText(findTestObject("RecAndPlayBk/Page-Vlink-Debit/input_Account_check"), acNumber): Text '58963214' is set on object 'Object Repository/RecAndPlayBk/Page-Vlink-Debit/input_Account_check'

2023-02-08 19:34:35 - [MESSAGE][PASSED] - Text '58963214' is set on object 'Object Repository/RecAndPlayBk/Page-Vlink-Debit/input_Account_check'

2023-02-08 19:34:35 - [TEST_STEP][PASSED] - setText(findTestObject("RecAndPlayBk/Page-Vlink-Debit/input_Company_check"), company): Text '' is set on object 'Object Repository/RecAndPlayBk/Page-Vlink-Debit/input_Company_check'

2023-02-08 19:34:36 - [MESSAGE][PASSED] - Text '' is set on object 'Object Repository/RecAndPlayBk/Page-Vlink-Debit/input_Company_check'

2023-02-08 19:34:36 - [TEST_STEP][PASSED] - setText(findTestObject("RecAndPlayBk/Page-Vlink-Debit/input_Account Type"), acType): Text '1' is set on object 'Object Repository/RecAndPlayBk/Page-Vlink-Debit/input_Account Type'

2023-02-08 19:34:36 - [MESSAGE][PASSED] - Text '1' is set on object 'Object Repository/RecAndPlayBk/Page-Vlink-Debit/input_Account Type'

2023-02-08 19:34:36 - [TEST_STEP][PASSED] - setText(findTestObject("RecAndPlayBk/Page-Vlink-Debit/input_Routing Number"), rtn): Text '256072691' is set on object 'Object Repository/RecAndPlayBk/Page-Vlink-Debit/input_Routing Number'

2023-02-08 19:34:37 - [MESSAGE][PASSED] - Text '256072691' is set on object 'Object Repository/RecAndPlayBk/Page-Vlink-Debit/input_Routing Number'

2023-02-08 19:34:37 - [TEST_STEP][PASSED] - setText(findTestObject("RecAndPlayBk/Page-Vlink-Debit/input_Amount"), amount): Text '12.50' is set on object 'Object Repository/RecAndPlayBk/Page-Vlink-Debit/input_Amount'

2023-02-08 19:34:38 - [MESSAGE][PASSED] - Text '12.50' is set on object 'Object Repository/RecAndPlayBk/Page-Vlink-Debit/input_Amount'

2023-02-08 19:34:38 - [TEST_STEP][PASSED] - setText(findTestObject("RecAndPlayBk/Page-Vlink-Debit/input_Check Email"), ""): Text '' is set on object 'Object Repository/RecAndPlayBk/Page-Vlink-Debit/input_Check Email'

2023-02-08 19:34:38 - [MESSAGE][PASSED] - Text '' is set on object 'Object Repository/RecAndPlayBk/Page-Vlink-Debit/input_Check Email'

2023-02-08 19:34:38 - [TEST_STEP][PASSED] - setText(findTestObject("Object Repository/RecAndPlayBk/Page-Vlink-Debit/input_concat(CheckWriter, , s SSN)_check_ssn"), ""): Text '' is set on object 'Object Repository/RecAndPlayBk/Page-Vlink-Debit/input_concat(CheckWriter, , s SSN)_check_ssn'

2023-02-08 19:34:39 - [MESSAGE][PASSED] - Text '' is set on object 'Object Repository/RecAndPlayBk/Page-Vlink-Debit/input_concat(CheckWriter, , s SSN)_check_ssn'

2023-02-08 19:34:39 - [TEST_STEP][PASSED] - setText(findTestObject("Object Repository/RecAndPlayBk/Page-Vlink-Debit/input_concat(CheckWriter, , s License Numbe_020fef"), ""): Text '' is set on object 'Object Repository/RecAndPlayBk/Page-Vlink-Debit/input_concat(CheckWriter, , s License Numbe_020fef'

2023-02-08 19:34:39 - [MESSAGE][PASSED] - Text '' is set on object 'Object Repository/RecAndPlayBk/Page-Vlink-Debit/input_concat(CheckWriter, , s License Numbe_020fef'

2023-02-08 19:34:39 - [TEST_STEP][PASSED] - setText(findTestObject("Object Repository/RecAndPlayBk/Page-Vlink-Debit/input_concat(CheckWriter, , s License State_21e3e7"), ""): Text '' is set on object 'Object Repository/RecAndPlayBk/Page-Vlink-Debit/input_concat(CheckWriter, , s License State_21e3e7'

2023-02-08 19:34:40 - [MESSAGE][PASSED] - Text '' is set on object 'Object Repository/RecAndPlayBk/Page-Vlink-Debit/input_concat(CheckWriter, , s License State_21e3e7'

2023-02-08 19:34:40 - [TEST_STEP][PASSED] - setText(findTestObject("RecAndPlayBk/Page-Vlink-Debit/input_Standard Entry Class"), sec): Text 'WEB' is set on object 'Object Repository/RecAndPlayBk/Page-Vlink-Debit/input_Standard Entry Class'

2023-02-08 19:34:41 - [MESSAGE][PASSED] - Text 'WEB' is set on object 'Object Repository/RecAndPlayBk/Page-Vlink-Debit/input_Standard Entry Class'

2023-02-08 19:34:41 - [TEST_STEP][PASSED] - click(findTestObject("Object Repository/RecAndPlayBk/Page-Vlink-Debit/input")): Object: 'Object Repository/RecAndPlayBk/Page-Vlink-Debit/input' is clicked on

2023-02-08 19:34:41 - [MESSAGE][PASSED] - Object: 'Object Repository/RecAndPlayBk/Page-Vlink-Debit/input' is clicked on

2023-02-08 19:34:41 - [TEST_STEP][PASSED] - if (verifyTextPresent("Transaction approved, no errors", true)): null

2023-02-08 19:34:42 - [MESSAGE][PASSED] - Text 'Transaction approved, no errors' is present on page  using regular expression

2023-02-08 19:34:42 - [TEST_STEP][PASSED] - println("Transaction Approved, no errors text is present on the Confirmation page"): null

2023-02-08 19:34:42 - [TEST_STEP][PASSED] - sdfo = getText(findTestObject("Object Repository/Page_VLinkReceipt/pre_STX")): Text of object 'Object Repository/Page_VLinkReceipt/pre_STX' is: '<STX>70415|37440|96939             12125337            0  Transaction approved, no errors                   0                                                                                                              <ETX>'

2023-02-08 19:34:42 - [MESSAGE][PASSED] - Text of object 'Object Repository/Page_VLinkReceipt/pre_STX' is: '<STX>70415|37440|96939             12125337            0  Transaction approved, no errors                   0                                                                                                              <ETX>'

2023-02-08 19:34:42 - [TEST_STEP][PASSED] - out.println("sdfo: " + sdfo): null

2023-02-08 19:34:42 - [TEST_STEP][PASSED] - remID = substring(5, 35).trim(): null

2023-02-08 19:34:42 - [TEST_STEP][PASSED] - out.println("remID: " + remID): null

2023-02-08 19:34:42 - [TEST_STEP][PASSED] - traxID = substring(35, 55).trim(): null

2023-02-08 19:34:42 - [TEST_STEP][PASSED] - out.println("traxID: " + traxID): null

2023-02-08 19:34:42 - [TEST_STEP][PASSED] - VLinkSaleRemID = remID: null

2023-02-08 19:34:42 - [TEST_STEP][PASSED] - VLinkSaleTranxID = traxID: null

2023-02-08 19:34:42 - [TEST_STEP][PASSED] - openBrowser(VLinkURL + "ACH_void.html"): Browser is opened with url: 'https://dev-algorithm.govolution.com/vlinktest/QA/version_2_0/ACH_void.html'

2023-02-08 19:34:42 - [MESSAGE][WARNING] - A browser is already opened. Closing browser and opening a new one

2023-02-08 19:34:43 - [MESSAGE][INFO] - Starting 'Chrome' driver

2023-02-08 19:34:43 - [MESSAGE][INFO] - User set preference: ['acceptInsecureCerts', 'true']

2023-02-08 19:34:43 - [MESSAGE][INFO] - Action delay is set to 0 milliseconds

2023-02-08 19:34:45 - [MESSAGE][PASSED] - Browser is opened with url: 'https://dev-algorithm.govolution.com/vlinktest/QA/version_2_0/ACH_void.html'

2023-02-08 19:34:45 - [TEST_STEP][PASSED] - maximizeWindow(): Current window maximized

2023-02-08 19:34:45 - [MESSAGE][PASSED] - Current window maximized

2023-02-08 19:34:45 - [TEST_STEP][PASSED] - setText(findTestObject("Object Repository/RecAndPlayBk/Page-Vlink-ACH-Void/input_Remittance Id"), VLinkSaleRemID): Text '70415|37440|96939' is set on object 'Object Repository/RecAndPlayBk/Page-Vlink-ACH-Void/input_Remittance Id'

2023-02-08 19:34:46 - [MESSAGE][PASSED] - Text '70415|37440|96939' is set on object 'Object Repository/RecAndPlayBk/Page-Vlink-ACH-Void/input_Remittance Id'

2023-02-08 19:34:46 - [TEST_STEP][PASSED] - setText(findTestObject("Object Repository/RecAndPlayBk/Page-Vlink-ACH-Void/input_Application Id"), appID): Text '234' is set on object 'Object Repository/RecAndPlayBk/Page-Vlink-ACH-Void/input_Application Id'

2023-02-08 19:34:46 - [MESSAGE][PASSED] - Text '234' is set on object 'Object Repository/RecAndPlayBk/Page-Vlink-ACH-Void/input_Application Id'

2023-02-08 19:34:46 - [TEST_STEP][PASSED] - setText(findTestObject("Object Repository/RecAndPlayBk/Page-Vlink-ACH-Void/input_Username"), username): Text 'username' is set on object 'Object Repository/RecAndPlayBk/Page-Vlink-ACH-Void/input_Username'

2023-02-08 19:34:47 - [MESSAGE][PASSED] - Text 'username' is set on object 'Object Repository/RecAndPlayBk/Page-Vlink-ACH-Void/input_Username'

2023-02-08 19:34:47 - [TEST_STEP][PASSED] - setText(findTestObject("Object Repository/RecAndPlayBk/Page-Vlink-ACH-Void/input_Password"), password): Text 'password' is set on object 'Object Repository/RecAndPlayBk/Page-Vlink-ACH-Void/input_Password'

2023-02-08 19:34:48 - [MESSAGE][PASSED] - Text 'password' is set on object 'Object Repository/RecAndPlayBk/Page-Vlink-ACH-Void/input_Password'

2023-02-08 19:34:48 - [TEST_STEP][PASSED] - setText(findTestObject("Object Repository/RecAndPlayBk/Page-Vlink-ACH-Void/input_Check Type"), checkType): Text 'P' is set on object 'Object Repository/RecAndPlayBk/Page-Vlink-ACH-Void/input_Check Type'

2023-02-08 19:34:48 - [MESSAGE][PASSED] - Text 'P' is set on object 'Object Repository/RecAndPlayBk/Page-Vlink-ACH-Void/input_Check Type'

2023-02-08 19:34:48 - [TEST_STEP][PASSED] - setText(findTestObject("Object Repository/RecAndPlayBk/Page-Vlink-ACH-Void/input_Standard Entry Class"), sec): Text 'WEB' is set on object 'Object Repository/RecAndPlayBk/Page-Vlink-ACH-Void/input_Standard Entry Class'

2023-02-08 19:34:49 - [MESSAGE][PASSED] - Text 'WEB' is set on object 'Object Repository/RecAndPlayBk/Page-Vlink-ACH-Void/input_Standard Entry Class'

2023-02-08 19:34:49 - [TEST_STEP][PASSED] - setText(findTestObject("Object Repository/RecAndPlayBk/Page-Vlink-ACH-Void/input_Transaction ID"), VLinkSaleTranxID): Text '12125337' is set on object 'Object Repository/RecAndPlayBk/Page-Vlink-ACH-Void/input_Transaction ID'

2023-02-08 19:34:50 - [MESSAGE][PASSED] - Text '12125337' is set on object 'Object Repository/RecAndPlayBk/Page-Vlink-ACH-Void/input_Transaction ID'

2023-02-08 19:34:50 - [TEST_STEP][PASSED] - setText(findTestObject("Object Repository/RecAndPlayBk/Page-Vlink-ACH-Void/input_Original Transaction Type"), "200"): Text '200' is set on object 'Object Repository/RecAndPlayBk/Page-Vlink-ACH-Void/input_Original Transaction Type'

2023-02-08 19:34:50 - [MESSAGE][PASSED] - Text '200' is set on object 'Object Repository/RecAndPlayBk/Page-Vlink-ACH-Void/input_Original Transaction Type'

2023-02-08 19:34:50 - [TEST_STEP][PASSED] - click(findTestObject("Object Repository/RecAndPlayBk/Page-Vlink-ACH-Void/input")): Object: 'Object Repository/RecAndPlayBk/Page-Vlink-ACH-Void/input' is clicked on

2023-02-08 19:34:51 - [MESSAGE][PASSED] - Object: 'Object Repository/RecAndPlayBk/Page-Vlink-ACH-Void/input' is clicked on

2023-02-08 19:34:51 - [TEST_STEP][PASSED] - if (verifyTextPresent("Transaction approved, no errors", true)): null

2023-02-08 19:34:52 - [MESSAGE][PASSED] - Text 'Transaction approved, no errors' is present on page  using regular expression

2023-02-08 19:34:52 - [TEST_STEP][PASSED] - println("Transaction Approved, no errors text is present on the Confirmation page"): null

2023-02-08 19:34:52 - [TEST_STEP][PASSED] - out.println("Pass Record Number: " + row): null

2023-02-08 19:34:52 - [TEST_STEP][PASSED] - resText = "Pass": null

2023-02-08 19:34:52 - [TEST_STEP][PASSED] - pages.WriteExcel.demoKey(resText, datText, resColumn, datCloumn, fileLoc, nameSheet, row): pages.WriteExcel.demoKey is PASSED

2023-02-08 19:34:52 - [MESSAGE][PASSED] - pages.WriteExcel.demoKey is PASSED

2023-02-08 19:34:52 - [TEST_STEP][PASSED] - ExecuteTC = findTestData(dataFile).getValue("Execute", row): null

2023-02-08 19:34:52 - [TEST_STEP][PASSED] - out.println("Value of Execute is : " + ExecuteTC): null

2023-02-08 19:34:52 - [TEST_STEP][PASSED] - switch (executionProfile): null

2023-02-08 19:34:52 - [TEST_STEP][PASSED] - case "QAProfile":: null

2023-02-08 19:34:52 - [TEST_STEP][PASSED] - appID = findTestData(dataFile).getValue("AppIDQA", row): null

2023-02-08 19:34:52 - [TEST_STEP][PASSED] - username = findTestData(dataFile).getValue("UsernameQA", row): null

2023-02-08 19:34:52 - [TEST_STEP][PASSED] - password = findTestData(dataFile).getValue("PasswordQA", row): null

2023-02-08 19:34:52 - [TEST_STEP][PASSED] - break: null

2023-02-08 19:34:52 - [TEST_STEP][PASSED] - if (ExecuteTC.equalsIgnoreCase("Y")): null

2023-02-08 19:34:52 - [TEST_STEP][PASSED] - out.println("Begin Record Number: " + row): null

2023-02-08 19:34:52 - [TEST_STEP][PASSED] - today = new java.util.Date(): null

2023-02-08 19:34:52 - [TEST_STEP][PASSED] - println(today): null

2023-02-08 19:34:52 - [TEST_STEP][PASSED] - datText = today: null

2023-02-08 19:34:52 - [TEST_STEP][PASSED] - checkType = findTestData(dataFile).getValue("CheckType", row): null

2023-02-08 19:34:52 - [TEST_STEP][PASSED] - acNumber = findTestData(dataFile).getValue("AcNumber", row): null

2023-02-08 19:34:52 - [TEST_STEP][PASSED] - company = findTestData(dataFile).getValue("Company", row): null

2023-02-08 19:34:52 - [TEST_STEP][PASSED] - acType = findTestData(dataFile).getValue("AcType", row): null

2023-02-08 19:34:52 - [TEST_STEP][PASSED] - rtn = findTestData(dataFile).getValue("RTN", row): null

2023-02-08 19:34:52 - [TEST_STEP][PASSED] - amount = findTestData(dataFile).getValue("Amount", row): null

2023-02-08 19:34:52 - [TEST_STEP][PASSED] - sec = findTestData(dataFile).getValue("SEC", row): null

2023-02-08 19:34:52 - [TEST_STEP][PASSED] - openBrowser(VLinkURL + "debit.html"): Browser is opened with url: 'https://dev-algorithm.govolution.com/vlinktest/QA/version_2_0/debit.html'

2023-02-08 19:34:52 - [MESSAGE][WARNING] - A browser is already opened. Closing browser and opening a new one

2023-02-08 19:34:53 - [MESSAGE][INFO] - Starting 'Chrome' driver

2023-02-08 19:34:53 - [MESSAGE][INFO] - User set preference: ['acceptInsecureCerts', 'true']

2023-02-08 19:34:53 - [MESSAGE][INFO] - Action delay is set to 0 milliseconds

2023-02-08 19:34:55 - [MESSAGE][PASSED] - Browser is opened with url: 'https://dev-algorithm.govolution.com/vlinktest/QA/version_2_0/debit.html'

2023-02-08 19:34:55 - [TEST_STEP][PASSED] - maximizeWindow(): Current window maximized

2023-02-08 19:34:55 - [MESSAGE][PASSED] - Current window maximized

2023-02-08 19:34:55 - [TEST_STEP][PASSED] - genRemID1 = random() * 99999).toInteger(): null

2023-02-08 19:34:55 - [TEST_STEP][PASSED] - genRemID2 = random() * 99999).toInteger(): null

2023-02-08 19:34:55 - [TEST_STEP][PASSED] - genRemID3 = random() * 99999).toInteger(): null

2023-02-08 19:34:55 - [TEST_STEP][PASSED] - println(genRemID1): null

2023-02-08 19:34:55 - [TEST_STEP][PASSED] - println(genRemID2): null

2023-02-08 19:34:55 - [TEST_STEP][PASSED] - println(genRemID3): null

2023-02-08 19:34:55 - [TEST_STEP][PASSED] - genRemID = genRemID1 + "|" + genRemID2 + "|" + genRemID3: null

2023-02-08 19:34:55 - [TEST_STEP][PASSED] - println(genRemID): null

2023-02-08 19:34:55 - [TEST_STEP][PASSED] - setText(findTestObject("RecAndPlayBk/Page-Vlink-Debit/input_Remittance Id"), genRemID): Text '94498|95731|62631' is set on object 'Object Repository/RecAndPlayBk/Page-Vlink-Debit/input_Remittance Id'

2023-02-08 19:34:56 - [MESSAGE][PASSED] - Text '94498|95731|62631' is set on object 'Object Repository/RecAndPlayBk/Page-Vlink-Debit/input_Remittance Id'

2023-02-08 19:34:56 - [TEST_STEP][PASSED] - setText(findTestObject("RecAndPlayBk/Page-Vlink-Debit/input_Application Id"), appID): Text '234' is set on object 'Object Repository/RecAndPlayBk/Page-Vlink-Debit/input_Application Id'

2023-02-08 19:34:57 - [MESSAGE][PASSED] - Text '234' is set on object 'Object Repository/RecAndPlayBk/Page-Vlink-Debit/input_Application Id'

2023-02-08 19:34:57 - [TEST_STEP][PASSED] - setText(findTestObject("RecAndPlayBk/Page-Vlink-Debit/input_Username"), username): Text 'username' is set on object 'Object Repository/RecAndPlayBk/Page-Vlink-Debit/input_Username'

2023-02-08 19:34:57 - [MESSAGE][PASSED] - Text 'username' is set on object 'Object Repository/RecAndPlayBk/Page-Vlink-Debit/input_Username'

2023-02-08 19:34:57 - [TEST_STEP][PASSED] - setText(findTestObject("RecAndPlayBk/Page-Vlink-Debit/input_Password"), password): Text 'password' is set on object 'Object Repository/RecAndPlayBk/Page-Vlink-Debit/input_Password'

2023-02-08 19:34:58 - [MESSAGE][PASSED] - Text 'password' is set on object 'Object Repository/RecAndPlayBk/Page-Vlink-Debit/input_Password'

2023-02-08 19:34:58 - [TEST_STEP][PASSED] - setText(findTestObject("RecAndPlayBk/Page-Vlink-Debit/input_Check Type"), checkType): Text 'P' is set on object 'Object Repository/RecAndPlayBk/Page-Vlink-Debit/input_Check Type'

2023-02-08 19:34:59 - [MESSAGE][PASSED] - Text 'P' is set on object 'Object Repository/RecAndPlayBk/Page-Vlink-Debit/input_Check Type'

2023-02-08 19:34:59 - [TEST_STEP][PASSED] - setText(findTestObject("RecAndPlayBk/Page-Vlink-Debit/input_Account_check"), acNumber): Text '58963214' is set on object 'Object Repository/RecAndPlayBk/Page-Vlink-Debit/input_Account_check'

2023-02-08 19:34:59 - [MESSAGE][PASSED] - Text '58963214' is set on object 'Object Repository/RecAndPlayBk/Page-Vlink-Debit/input_Account_check'

2023-02-08 19:34:59 - [TEST_STEP][PASSED] - setText(findTestObject("RecAndPlayBk/Page-Vlink-Debit/input_Company_check"), company): Text '' is set on object 'Object Repository/RecAndPlayBk/Page-Vlink-Debit/input_Company_check'

2023-02-08 19:35:00 - [MESSAGE][PASSED] - Text '' is set on object 'Object Repository/RecAndPlayBk/Page-Vlink-Debit/input_Company_check'

2023-02-08 19:35:00 - [TEST_STEP][PASSED] - setText(findTestObject("RecAndPlayBk/Page-Vlink-Debit/input_Account Type"), acType): Text '1' is set on object 'Object Repository/RecAndPlayBk/Page-Vlink-Debit/input_Account Type'

2023-02-08 19:35:00 - [MESSAGE][PASSED] - Text '1' is set on object 'Object Repository/RecAndPlayBk/Page-Vlink-Debit/input_Account Type'

2023-02-08 19:35:00 - [TEST_STEP][PASSED] - setText(findTestObject("RecAndPlayBk/Page-Vlink-Debit/input_Routing Number"), rtn): Text '256072691' is set on object 'Object Repository/RecAndPlayBk/Page-Vlink-Debit/input_Routing Number'

2023-02-08 19:35:01 - [MESSAGE][PASSED] - Text '256072691' is set on object 'Object Repository/RecAndPlayBk/Page-Vlink-Debit/input_Routing Number'

2023-02-08 19:35:01 - [TEST_STEP][PASSED] - setText(findTestObject("RecAndPlayBk/Page-Vlink-Debit/input_Amount"), amount): Text '12.50' is set on object 'Object Repository/RecAndPlayBk/Page-Vlink-Debit/input_Amount'

2023-02-08 19:35:02 - [MESSAGE][PASSED] - Text '12.50' is set on object 'Object Repository/RecAndPlayBk/Page-Vlink-Debit/input_Amount'

2023-02-08 19:35:02 - [TEST_STEP][PASSED] - setText(findTestObject("RecAndPlayBk/Page-Vlink-Debit/input_Check Email"), ""): Text '' is set on object 'Object Repository/RecAndPlayBk/Page-Vlink-Debit/input_Check Email'

2023-02-08 19:35:02 - [MESSAGE][PASSED] - Text '' is set on object 'Object Repository/RecAndPlayBk/Page-Vlink-Debit/input_Check Email'

2023-02-08 19:35:02 - [TEST_STEP][PASSED] - setText(findTestObject("Object Repository/RecAndPlayBk/Page-Vlink-Debit/input_concat(CheckWriter, , s SSN)_check_ssn"), ""): Text '' is set on object 'Object Repository/RecAndPlayBk/Page-Vlink-Debit/input_concat(CheckWriter, , s SSN)_check_ssn'

2023-02-08 19:35:03 - [MESSAGE][PASSED] - Text '' is set on object 'Object Repository/RecAndPlayBk/Page-Vlink-Debit/input_concat(CheckWriter, , s SSN)_check_ssn'

2023-02-08 19:35:03 - [TEST_STEP][PASSED] - setText(findTestObject("Object Repository/RecAndPlayBk/Page-Vlink-Debit/input_concat(CheckWriter, , s License Numbe_020fef"), ""): Text '' is set on object 'Object Repository/RecAndPlayBk/Page-Vlink-Debit/input_concat(CheckWriter, , s License Numbe_020fef'

2023-02-08 19:35:03 - [MESSAGE][PASSED] - Text '' is set on object 'Object Repository/RecAndPlayBk/Page-Vlink-Debit/input_concat(CheckWriter, , s License Numbe_020fef'

2023-02-08 19:35:03 - [TEST_STEP][PASSED] - setText(findTestObject("Object Repository/RecAndPlayBk/Page-Vlink-Debit/input_concat(CheckWriter, , s License State_21e3e7"), ""): Text '' is set on object 'Object Repository/RecAndPlayBk/Page-Vlink-Debit/input_concat(CheckWriter, , s License State_21e3e7'

2023-02-08 19:35:04 - [MESSAGE][PASSED] - Text '' is set on object 'Object Repository/RecAndPlayBk/Page-Vlink-Debit/input_concat(CheckWriter, , s License State_21e3e7'

2023-02-08 19:35:04 - [TEST_STEP][PASSED] - setText(findTestObject("RecAndPlayBk/Page-Vlink-Debit/input_Standard Entry Class"), sec): Text 'TEL' is set on object 'Object Repository/RecAndPlayBk/Page-Vlink-Debit/input_Standard Entry Class'

2023-02-08 19:35:05 - [MESSAGE][PASSED] - Text 'TEL' is set on object 'Object Repository/RecAndPlayBk/Page-Vlink-Debit/input_Standard Entry Class'

2023-02-08 19:35:05 - [TEST_STEP][PASSED] - click(findTestObject("Object Repository/RecAndPlayBk/Page-Vlink-Debit/input")): Object: 'Object Repository/RecAndPlayBk/Page-Vlink-Debit/input' is clicked on

2023-02-08 19:35:05 - [MESSAGE][PASSED] - Object: 'Object Repository/RecAndPlayBk/Page-Vlink-Debit/input' is clicked on

2023-02-08 19:35:05 - [TEST_STEP][PASSED] - if (verifyTextPresent("Transaction approved, no errors", true)): null

2023-02-08 19:35:06 - [MESSAGE][PASSED] - Text 'Transaction approved, no errors' is present on page  using regular expression

2023-02-08 19:35:06 - [TEST_STEP][PASSED] - println("Transaction Approved, no errors text is present on the Confirmation page"): null

2023-02-08 19:35:06 - [TEST_STEP][PASSED] - sdfo = getText(findTestObject("Object Repository/Page_VLinkReceipt/pre_STX")): Text of object 'Object Repository/Page_VLinkReceipt/pre_STX' is: '<STX>94498|95731|62631             12125339            0  Transaction approved, no errors                   0                                                                                                              <ETX>'

2023-02-08 19:35:06 - [MESSAGE][PASSED] - Text of object 'Object Repository/Page_VLinkReceipt/pre_STX' is: '<STX>94498|95731|62631             12125339            0  Transaction approved, no errors                   0                                                                                                              <ETX>'

2023-02-08 19:35:06 - [TEST_STEP][PASSED] - out.println("sdfo: " + sdfo): null

2023-02-08 19:35:06 - [TEST_STEP][PASSED] - remID = substring(5, 35).trim(): null

2023-02-08 19:35:06 - [TEST_STEP][PASSED] - out.println("remID: " + remID): null

2023-02-08 19:35:06 - [TEST_STEP][PASSED] - traxID = substring(35, 55).trim(): null

2023-02-08 19:35:06 - [TEST_STEP][PASSED] - out.println("traxID: " + traxID): null

2023-02-08 19:35:06 - [TEST_STEP][PASSED] - VLinkSaleRemID = remID: null

2023-02-08 19:35:06 - [TEST_STEP][PASSED] - VLinkSaleTranxID = traxID: null

2023-02-08 19:35:06 - [TEST_STEP][PASSED] - openBrowser(VLinkURL + "ACH_void.html"): Browser is opened with url: 'https://dev-algorithm.govolution.com/vlinktest/QA/version_2_0/ACH_void.html'

2023-02-08 19:35:06 - [MESSAGE][WARNING] - A browser is already opened. Closing browser and opening a new one

2023-02-08 19:35:07 - [MESSAGE][INFO] - Starting 'Chrome' driver

2023-02-08 19:35:07 - [MESSAGE][INFO] - User set preference: ['acceptInsecureCerts', 'true']

2023-02-08 19:35:07 - [MESSAGE][INFO] - Action delay is set to 0 milliseconds

2023-02-08 19:35:09 - [MESSAGE][PASSED] - Browser is opened with url: 'https://dev-algorithm.govolution.com/vlinktest/QA/version_2_0/ACH_void.html'

2023-02-08 19:35:09 - [TEST_STEP][PASSED] - maximizeWindow(): Current window maximized

2023-02-08 19:35:09 - [MESSAGE][PASSED] - Current window maximized

2023-02-08 19:35:09 - [TEST_STEP][PASSED] - setText(findTestObject("Object Repository/RecAndPlayBk/Page-Vlink-ACH-Void/input_Remittance Id"), VLinkSaleRemID): Text '94498|95731|62631' is set on object 'Object Repository/RecAndPlayBk/Page-Vlink-ACH-Void/input_Remittance Id'

2023-02-08 19:35:10 - [MESSAGE][PASSED] - Text '94498|95731|62631' is set on object 'Object Repository/RecAndPlayBk/Page-Vlink-ACH-Void/input_Remittance Id'

2023-02-08 19:35:10 - [TEST_STEP][PASSED] - setText(findTestObject("Object Repository/RecAndPlayBk/Page-Vlink-ACH-Void/input_Application Id"), appID): Text '234' is set on object 'Object Repository/RecAndPlayBk/Page-Vlink-ACH-Void/input_Application Id'

2023-02-08 19:35:10 - [MESSAGE][PASSED] - Text '234' is set on object 'Object Repository/RecAndPlayBk/Page-Vlink-ACH-Void/input_Application Id'

2023-02-08 19:35:10 - [TEST_STEP][PASSED] - setText(findTestObject("Object Repository/RecAndPlayBk/Page-Vlink-ACH-Void/input_Username"), username): Text 'username' is set on object 'Object Repository/RecAndPlayBk/Page-Vlink-ACH-Void/input_Username'

2023-02-08 19:35:11 - [MESSAGE][PASSED] - Text 'username' is set on object 'Object Repository/RecAndPlayBk/Page-Vlink-ACH-Void/input_Username'

2023-02-08 19:35:11 - [TEST_STEP][PASSED] - setText(findTestObject("Object Repository/RecAndPlayBk/Page-Vlink-ACH-Void/input_Password"), password): Text 'password' is set on object 'Object Repository/RecAndPlayBk/Page-Vlink-ACH-Void/input_Password'

2023-02-08 19:35:11 - [MESSAGE][PASSED] - Text 'password' is set on object 'Object Repository/RecAndPlayBk/Page-Vlink-ACH-Void/input_Password'

2023-02-08 19:35:11 - [TEST_STEP][PASSED] - setText(findTestObject("Object Repository/RecAndPlayBk/Page-Vlink-ACH-Void/input_Check Type"), checkType): Text 'P' is set on object 'Object Repository/RecAndPlayBk/Page-Vlink-ACH-Void/input_Check Type'

2023-02-08 19:35:12 - [MESSAGE][PASSED] - Text 'P' is set on object 'Object Repository/RecAndPlayBk/Page-Vlink-ACH-Void/input_Check Type'

2023-02-08 19:35:12 - [TEST_STEP][PASSED] - setText(findTestObject("Object Repository/RecAndPlayBk/Page-Vlink-ACH-Void/input_Standard Entry Class"), sec): Text 'TEL' is set on object 'Object Repository/RecAndPlayBk/Page-Vlink-ACH-Void/input_Standard Entry Class'

2023-02-08 19:35:13 - [MESSAGE][PASSED] - Text 'TEL' is set on object 'Object Repository/RecAndPlayBk/Page-Vlink-ACH-Void/input_Standard Entry Class'

2023-02-08 19:35:13 - [TEST_STEP][PASSED] - setText(findTestObject("Object Repository/RecAndPlayBk/Page-Vlink-ACH-Void/input_Transaction ID"), VLinkSaleTranxID): Text '12125339' is set on object 'Object Repository/RecAndPlayBk/Page-Vlink-ACH-Void/input_Transaction ID'

2023-02-08 19:35:13 - [MESSAGE][PASSED] - Text '12125339' is set on object 'Object Repository/RecAndPlayBk/Page-Vlink-ACH-Void/input_Transaction ID'

2023-02-08 19:35:13 - [TEST_STEP][PASSED] - setText(findTestObject("Object Repository/RecAndPlayBk/Page-Vlink-ACH-Void/input_Original Transaction Type"), "200"): Text '200' is set on object 'Object Repository/RecAndPlayBk/Page-Vlink-ACH-Void/input_Original Transaction Type'

2023-02-08 19:35:14 - [MESSAGE][PASSED] - Text '200' is set on object 'Object Repository/RecAndPlayBk/Page-Vlink-ACH-Void/input_Original Transaction Type'

2023-02-08 19:35:14 - [TEST_STEP][PASSED] - click(findTestObject("Object Repository/RecAndPlayBk/Page-Vlink-ACH-Void/input")): Object: 'Object Repository/RecAndPlayBk/Page-Vlink-ACH-Void/input' is clicked on

2023-02-08 19:35:15 - [MESSAGE][PASSED] - Object: 'Object Repository/RecAndPlayBk/Page-Vlink-ACH-Void/input' is clicked on

2023-02-08 19:35:15 - [TEST_STEP][PASSED] - if (verifyTextPresent("Transaction approved, no errors", true)): null

2023-02-08 19:35:15 - [MESSAGE][PASSED] - Text 'Transaction approved, no errors' is present on page  using regular expression

2023-02-08 19:35:15 - [TEST_STEP][PASSED] - println("Transaction Approved, no errors text is present on the Confirmation page"): null

2023-02-08 19:35:15 - [TEST_STEP][PASSED] - out.println("Pass Record Number: " + row): null

2023-02-08 19:35:15 - [TEST_STEP][PASSED] - resText = "Pass": null

2023-02-08 19:35:15 - [TEST_STEP][PASSED] - pages.WriteExcel.demoKey(resText, datText, resColumn, datCloumn, fileLoc, nameSheet, row): pages.WriteExcel.demoKey is PASSED

2023-02-08 19:35:15 - [MESSAGE][PASSED] - pages.WriteExcel.demoKey is PASSED

2023-02-08 19:35:15 - [TEST_STEP][PASSED] - ExecuteTC = findTestData(dataFile).getValue("Execute", row): null

2023-02-08 19:35:15 - [TEST_STEP][PASSED] - out.println("Value of Execute is : " + ExecuteTC): null

2023-02-08 19:35:15 - [TEST_STEP][PASSED] - switch (executionProfile): null

2023-02-08 19:35:15 - [TEST_STEP][PASSED] - case "QAProfile":: null

2023-02-08 19:35:15 - [TEST_STEP][PASSED] - appID = findTestData(dataFile).getValue("AppIDQA", row): null

2023-02-08 19:35:15 - [TEST_STEP][PASSED] - username = findTestData(dataFile).getValue("UsernameQA", row): null

2023-02-08 19:35:15 - [TEST_STEP][PASSED] - password = findTestData(dataFile).getValue("PasswordQA", row): null

2023-02-08 19:35:15 - [TEST_STEP][PASSED] - break: null

2023-02-08 19:35:15 - [TEST_STEP][PASSED] - if (ExecuteTC.equalsIgnoreCase("Y")): null

2023-02-08 19:35:15 - [TEST_STEP][PASSED] - out.println("Begin Record Number: " + row): null

2023-02-08 19:35:15 - [TEST_STEP][PASSED] - today = new java.util.Date(): null

2023-02-08 19:35:15 - [TEST_STEP][PASSED] - println(today): null

2023-02-08 19:35:15 - [TEST_STEP][PASSED] - datText = today: null

2023-02-08 19:35:15 - [TEST_STEP][PASSED] - checkType = findTestData(dataFile).getValue("CheckType", row): null

2023-02-08 19:35:15 - [TEST_STEP][PASSED] - acNumber = findTestData(dataFile).getValue("AcNumber", row): null

2023-02-08 19:35:16 - [TEST_STEP][PASSED] - company = findTestData(dataFile).getValue("Company", row): null

2023-02-08 19:35:16 - [TEST_STEP][PASSED] - acType = findTestData(dataFile).getValue("AcType", row): null

2023-02-08 19:35:16 - [TEST_STEP][PASSED] - rtn = findTestData(dataFile).getValue("RTN", row): null

2023-02-08 19:35:16 - [TEST_STEP][PASSED] - amount = findTestData(dataFile).getValue("Amount", row): null

2023-02-08 19:35:16 - [TEST_STEP][PASSED] - sec = findTestData(dataFile).getValue("SEC", row): null

2023-02-08 19:35:16 - [TEST_STEP][PASSED] - openBrowser(VLinkURL + "debit.html"): Browser is opened with url: 'https://dev-algorithm.govolution.com/vlinktest/QA/version_2_0/debit.html'

2023-02-08 19:35:16 - [MESSAGE][WARNING] - A browser is already opened. Closing browser and opening a new one

2023-02-08 19:35:17 - [MESSAGE][INFO] - Starting 'Chrome' driver

2023-02-08 19:35:17 - [MESSAGE][INFO] - User set preference: ['acceptInsecureCerts', 'true']

2023-02-08 19:35:17 - [MESSAGE][INFO] - Action delay is set to 0 milliseconds

2023-02-08 19:35:19 - [MESSAGE][PASSED] - Browser is opened with url: 'https://dev-algorithm.govolution.com/vlinktest/QA/version_2_0/debit.html'

2023-02-08 19:35:19 - [TEST_STEP][PASSED] - maximizeWindow(): Current window maximized

2023-02-08 19:35:19 - [MESSAGE][PASSED] - Current window maximized

2023-02-08 19:35:19 - [TEST_STEP][PASSED] - genRemID1 = random() * 99999).toInteger(): null

2023-02-08 19:35:19 - [TEST_STEP][PASSED] - genRemID2 = random() * 99999).toInteger(): null

2023-02-08 19:35:19 - [TEST_STEP][PASSED] - genRemID3 = random() * 99999).toInteger(): null

2023-02-08 19:35:19 - [TEST_STEP][PASSED] - println(genRemID1): null

2023-02-08 19:35:19 - [TEST_STEP][PASSED] - println(genRemID2): null

2023-02-08 19:35:19 - [TEST_STEP][PASSED] - println(genRemID3): null

2023-02-08 19:35:19 - [TEST_STEP][PASSED] - genRemID = genRemID1 + "|" + genRemID2 + "|" + genRemID3: null

2023-02-08 19:35:19 - [TEST_STEP][PASSED] - println(genRemID): null

2023-02-08 19:35:19 - [TEST_STEP][PASSED] - setText(findTestObject("RecAndPlayBk/Page-Vlink-Debit/input_Remittance Id"), genRemID): Text '95423|12|53946' is set on object 'Object Repository/RecAndPlayBk/Page-Vlink-Debit/input_Remittance Id'

2023-02-08 19:35:19 - [MESSAGE][PASSED] - Text '95423|12|53946' is set on object 'Object Repository/RecAndPlayBk/Page-Vlink-Debit/input_Remittance Id'

2023-02-08 19:35:19 - [TEST_STEP][PASSED] - setText(findTestObject("RecAndPlayBk/Page-Vlink-Debit/input_Application Id"), appID): Text '234' is set on object 'Object Repository/RecAndPlayBk/Page-Vlink-Debit/input_Application Id'

2023-02-08 19:35:20 - [MESSAGE][PASSED] - Text '234' is set on object 'Object Repository/RecAndPlayBk/Page-Vlink-Debit/input_Application Id'

2023-02-08 19:35:20 - [TEST_STEP][PASSED] - setText(findTestObject("RecAndPlayBk/Page-Vlink-Debit/input_Username"), username): Text 'username' is set on object 'Object Repository/RecAndPlayBk/Page-Vlink-Debit/input_Username'

2023-02-08 19:35:21 - [MESSAGE][PASSED] - Text 'username' is set on object 'Object Repository/RecAndPlayBk/Page-Vlink-Debit/input_Username'

2023-02-08 19:35:21 - [TEST_STEP][PASSED] - setText(findTestObject("RecAndPlayBk/Page-Vlink-Debit/input_Password"), password): Text 'password' is set on object 'Object Repository/RecAndPlayBk/Page-Vlink-Debit/input_Password'

2023-02-08 19:35:21 - [MESSAGE][PASSED] - Text 'password' is set on object 'Object Repository/RecAndPlayBk/Page-Vlink-Debit/input_Password'

2023-02-08 19:35:21 - [TEST_STEP][PASSED] - setText(findTestObject("RecAndPlayBk/Page-Vlink-Debit/input_Check Type"), checkType): Text 'P' is set on object 'Object Repository/RecAndPlayBk/Page-Vlink-Debit/input_Check Type'

2023-02-08 19:35:22 - [MESSAGE][PASSED] - Text 'P' is set on object 'Object Repository/RecAndPlayBk/Page-Vlink-Debit/input_Check Type'

2023-02-08 19:35:22 - [TEST_STEP][PASSED] - setText(findTestObject("RecAndPlayBk/Page-Vlink-Debit/input_Account_check"), acNumber): Text '58963214' is set on object 'Object Repository/RecAndPlayBk/Page-Vlink-Debit/input_Account_check'

2023-02-08 19:35:23 - [MESSAGE][PASSED] - Text '58963214' is set on object 'Object Repository/RecAndPlayBk/Page-Vlink-Debit/input_Account_check'

2023-02-08 19:35:23 - [TEST_STEP][PASSED] - setText(findTestObject("RecAndPlayBk/Page-Vlink-Debit/input_Company_check"), company): Text '' is set on object 'Object Repository/RecAndPlayBk/Page-Vlink-Debit/input_Company_check'

2023-02-08 19:35:23 - [MESSAGE][PASSED] - Text '' is set on object 'Object Repository/RecAndPlayBk/Page-Vlink-Debit/input_Company_check'

2023-02-08 19:35:23 - [TEST_STEP][PASSED] - setText(findTestObject("RecAndPlayBk/Page-Vlink-Debit/input_Account Type"), acType): Text '1' is set on object 'Object Repository/RecAndPlayBk/Page-Vlink-Debit/input_Account Type'

2023-02-08 19:35:24 - [MESSAGE][PASSED] - Text '1' is set on object 'Object Repository/RecAndPlayBk/Page-Vlink-Debit/input_Account Type'

2023-02-08 19:35:24 - [TEST_STEP][PASSED] - setText(findTestObject("RecAndPlayBk/Page-Vlink-Debit/input_Routing Number"), rtn): Text '256072691' is set on object 'Object Repository/RecAndPlayBk/Page-Vlink-Debit/input_Routing Number'

2023-02-08 19:35:24 - [MESSAGE][PASSED] - Text '256072691' is set on object 'Object Repository/RecAndPlayBk/Page-Vlink-Debit/input_Routing Number'

2023-02-08 19:35:24 - [TEST_STEP][PASSED] - setText(findTestObject("RecAndPlayBk/Page-Vlink-Debit/input_Amount"), amount): Text '12.50' is set on object 'Object Repository/RecAndPlayBk/Page-Vlink-Debit/input_Amount'

2023-02-08 19:35:25 - [MESSAGE][PASSED] - Text '12.50' is set on object 'Object Repository/RecAndPlayBk/Page-Vlink-Debit/input_Amount'

2023-02-08 19:35:25 - [TEST_STEP][PASSED] - setText(findTestObject("RecAndPlayBk/Page-Vlink-Debit/input_Check Email"), ""): Text '' is set on object 'Object Repository/RecAndPlayBk/Page-Vlink-Debit/input_Check Email'

2023-02-08 19:35:26 - [MESSAGE][PASSED] - Text '' is set on object 'Object Repository/RecAndPlayBk/Page-Vlink-Debit/input_Check Email'

2023-02-08 19:35:26 - [TEST_STEP][PASSED] - setText(findTestObject("Object Repository/RecAndPlayBk/Page-Vlink-Debit/input_concat(CheckWriter, , s SSN)_check_ssn"), ""): Text '' is set on object 'Object Repository/RecAndPlayBk/Page-Vlink-Debit/input_concat(CheckWriter, , s SSN)_check_ssn'

2023-02-08 19:35:26 - [MESSAGE][PASSED] - Text '' is set on object 'Object Repository/RecAndPlayBk/Page-Vlink-Debit/input_concat(CheckWriter, , s SSN)_check_ssn'

2023-02-08 19:35:26 - [TEST_STEP][PASSED] - setText(findTestObject("Object Repository/RecAndPlayBk/Page-Vlink-Debit/input_concat(CheckWriter, , s License Numbe_020fef"), ""): Text '' is set on object 'Object Repository/RecAndPlayBk/Page-Vlink-Debit/input_concat(CheckWriter, , s License Numbe_020fef'

2023-02-08 19:35:27 - [MESSAGE][PASSED] - Text '' is set on object 'Object Repository/RecAndPlayBk/Page-Vlink-Debit/input_concat(CheckWriter, , s License Numbe_020fef'

2023-02-08 19:35:27 - [TEST_STEP][PASSED] - setText(findTestObject("Object Repository/RecAndPlayBk/Page-Vlink-Debit/input_concat(CheckWriter, , s License State_21e3e7"), ""): Text '' is set on object 'Object Repository/RecAndPlayBk/Page-Vlink-Debit/input_concat(CheckWriter, , s License State_21e3e7'

2023-02-08 19:35:27 - [MESSAGE][PASSED] - Text '' is set on object 'Object Repository/RecAndPlayBk/Page-Vlink-Debit/input_concat(CheckWriter, , s License State_21e3e7'

2023-02-08 19:35:27 - [TEST_STEP][PASSED] - setText(findTestObject("RecAndPlayBk/Page-Vlink-Debit/input_Standard Entry Class"), sec): Text 'PPD' is set on object 'Object Repository/RecAndPlayBk/Page-Vlink-Debit/input_Standard Entry Class'

2023-02-08 19:35:28 - [MESSAGE][PASSED] - Text 'PPD' is set on object 'Object Repository/RecAndPlayBk/Page-Vlink-Debit/input_Standard Entry Class'

2023-02-08 19:35:28 - [TEST_STEP][PASSED] - click(findTestObject("Object Repository/RecAndPlayBk/Page-Vlink-Debit/input")): Object: 'Object Repository/RecAndPlayBk/Page-Vlink-Debit/input' is clicked on

2023-02-08 19:35:29 - [MESSAGE][PASSED] - Object: 'Object Repository/RecAndPlayBk/Page-Vlink-Debit/input' is clicked on

2023-02-08 19:35:29 - [TEST_STEP][PASSED] - if (verifyTextPresent("Transaction approved, no errors", true)): null

2023-02-08 19:35:29 - [MESSAGE][PASSED] - Text 'Transaction approved, no errors' is present on page  using regular expression

2023-02-08 19:35:29 - [TEST_STEP][PASSED] - println("Transaction Approved, no errors text is present on the Confirmation page"): null

2023-02-08 19:35:29 - [TEST_STEP][PASSED] - sdfo = getText(findTestObject("Object Repository/Page_VLinkReceipt/pre_STX")): Text of object 'Object Repository/Page_VLinkReceipt/pre_STX' is: '<STX>95423|12|53946                12125341            0  Transaction approved, no errors                   0                                                                                                              <ETX>'

2023-02-08 19:35:29 - [MESSAGE][PASSED] - Text of object 'Object Repository/Page_VLinkReceipt/pre_STX' is: '<STX>95423|12|53946                12125341            0  Transaction approved, no errors                   0                                                                                                              <ETX>'

2023-02-08 19:35:29 - [TEST_STEP][PASSED] - out.println("sdfo: " + sdfo): null

2023-02-08 19:35:29 - [TEST_STEP][PASSED] - remID = substring(5, 35).trim(): null

2023-02-08 19:35:29 - [TEST_STEP][PASSED] - out.println("remID: " + remID): null

2023-02-08 19:35:29 - [TEST_STEP][PASSED] - traxID = substring(35, 55).trim(): null

2023-02-08 19:35:29 - [TEST_STEP][PASSED] - out.println("traxID: " + traxID): null

2023-02-08 19:35:29 - [TEST_STEP][PASSED] - VLinkSaleRemID = remID: null

2023-02-08 19:35:29 - [TEST_STEP][PASSED] - VLinkSaleTranxID = traxID: null

2023-02-08 19:35:29 - [TEST_STEP][PASSED] - openBrowser(VLinkURL + "ACH_void.html"): Browser is opened with url: 'https://dev-algorithm.govolution.com/vlinktest/QA/version_2_0/ACH_void.html'

2023-02-08 19:35:29 - [MESSAGE][WARNING] - A browser is already opened. Closing browser and opening a new one

2023-02-08 19:35:30 - [MESSAGE][INFO] - Starting 'Chrome' driver

2023-02-08 19:35:30 - [MESSAGE][INFO] - User set preference: ['acceptInsecureCerts', 'true']

2023-02-08 19:35:30 - [MESSAGE][INFO] - Action delay is set to 0 milliseconds

2023-02-08 19:35:32 - [MESSAGE][PASSED] - Browser is opened with url: 'https://dev-algorithm.govolution.com/vlinktest/QA/version_2_0/ACH_void.html'

2023-02-08 19:35:32 - [TEST_STEP][PASSED] - maximizeWindow(): Current window maximized

2023-02-08 19:35:32 - [MESSAGE][PASSED] - Current window maximized

2023-02-08 19:35:32 - [TEST_STEP][PASSED] - setText(findTestObject("Object Repository/RecAndPlayBk/Page-Vlink-ACH-Void/input_Remittance Id"), VLinkSaleRemID): Text '95423|12|53946' is set on object 'Object Repository/RecAndPlayBk/Page-Vlink-ACH-Void/input_Remittance Id'

2023-02-08 19:35:33 - [MESSAGE][PASSED] - Text '95423|12|53946' is set on object 'Object Repository/RecAndPlayBk/Page-Vlink-ACH-Void/input_Remittance Id'

2023-02-08 19:35:33 - [TEST_STEP][PASSED] - setText(findTestObject("Object Repository/RecAndPlayBk/Page-Vlink-ACH-Void/input_Application Id"), appID): Text '234' is set on object 'Object Repository/RecAndPlayBk/Page-Vlink-ACH-Void/input_Application Id'

2023-02-08 19:35:34 - [MESSAGE][PASSED] - Text '234' is set on object 'Object Repository/RecAndPlayBk/Page-Vlink-ACH-Void/input_Application Id'

2023-02-08 19:35:34 - [TEST_STEP][PASSED] - setText(findTestObject("Object Repository/RecAndPlayBk/Page-Vlink-ACH-Void/input_Username"), username): Text 'username' is set on object 'Object Repository/RecAndPlayBk/Page-Vlink-ACH-Void/input_Username'

2023-02-08 19:35:34 - [MESSAGE][PASSED] - Text 'username' is set on object 'Object Repository/RecAndPlayBk/Page-Vlink-ACH-Void/input_Username'

2023-02-08 19:35:34 - [TEST_STEP][PASSED] - setText(findTestObject("Object Repository/RecAndPlayBk/Page-Vlink-ACH-Void/input_Password"), password): Text 'password' is set on object 'Object Repository/RecAndPlayBk/Page-Vlink-ACH-Void/input_Password'

2023-02-08 19:35:35 - [MESSAGE][PASSED] - Text 'password' is set on object 'Object Repository/RecAndPlayBk/Page-Vlink-ACH-Void/input_Password'

2023-02-08 19:35:35 - [TEST_STEP][PASSED] - setText(findTestObject("Object Repository/RecAndPlayBk/Page-Vlink-ACH-Void/input_Check Type"), checkType): Text 'P' is set on object 'Object Repository/RecAndPlayBk/Page-Vlink-ACH-Void/input_Check Type'

2023-02-08 19:35:35 - [MESSAGE][PASSED] - Text 'P' is set on object 'Object Repository/RecAndPlayBk/Page-Vlink-ACH-Void/input_Check Type'

2023-02-08 19:35:35 - [TEST_STEP][PASSED] - setText(findTestObject("Object Repository/RecAndPlayBk/Page-Vlink-ACH-Void/input_Standard Entry Class"), sec): Text 'PPD' is set on object 'Object Repository/RecAndPlayBk/Page-Vlink-ACH-Void/input_Standard Entry Class'

2023-02-08 19:35:36 - [MESSAGE][PASSED] - Text 'PPD' is set on object 'Object Repository/RecAndPlayBk/Page-Vlink-ACH-Void/input_Standard Entry Class'

2023-02-08 19:35:36 - [TEST_STEP][PASSED] - setText(findTestObject("Object Repository/RecAndPlayBk/Page-Vlink-ACH-Void/input_Transaction ID"), VLinkSaleTranxID): Text '12125341' is set on object 'Object Repository/RecAndPlayBk/Page-Vlink-ACH-Void/input_Transaction ID'

2023-02-08 19:35:37 - [MESSAGE][PASSED] - Text '12125341' is set on object 'Object Repository/RecAndPlayBk/Page-Vlink-ACH-Void/input_Transaction ID'

2023-02-08 19:35:37 - [TEST_STEP][PASSED] - setText(findTestObject("Object Repository/RecAndPlayBk/Page-Vlink-ACH-Void/input_Original Transaction Type"), "200"): Text '200' is set on object 'Object Repository/RecAndPlayBk/Page-Vlink-ACH-Void/input_Original Transaction Type'

2023-02-08 19:35:37 - [MESSAGE][PASSED] - Text '200' is set on object 'Object Repository/RecAndPlayBk/Page-Vlink-ACH-Void/input_Original Transaction Type'

2023-02-08 19:35:37 - [TEST_STEP][PASSED] - click(findTestObject("Object Repository/RecAndPlayBk/Page-Vlink-ACH-Void/input")): Object: 'Object Repository/RecAndPlayBk/Page-Vlink-ACH-Void/input' is clicked on

2023-02-08 19:35:38 - [MESSAGE][PASSED] - Object: 'Object Repository/RecAndPlayBk/Page-Vlink-ACH-Void/input' is clicked on

2023-02-08 19:35:38 - [TEST_STEP][PASSED] - if (verifyTextPresent("Transaction approved, no errors", true)): null

2023-02-08 19:35:38 - [MESSAGE][PASSED] - Text 'Transaction approved, no errors' is present on page  using regular expression

2023-02-08 19:35:38 - [TEST_STEP][PASSED] - println("Transaction Approved, no errors text is present on the Confirmation page"): null

2023-02-08 19:35:38 - [TEST_STEP][PASSED] - out.println("Pass Record Number: " + row): null

2023-02-08 19:35:38 - [TEST_STEP][PASSED] - resText = "Pass": null

2023-02-08 19:35:38 - [TEST_STEP][PASSED] - pages.WriteExcel.demoKey(resText, datText, resColumn, datCloumn, fileLoc, nameSheet, row): pages.WriteExcel.demoKey is PASSED

2023-02-08 19:35:39 - [MESSAGE][PASSED] - pages.WriteExcel.demoKey is PASSED

2023-02-08 19:35:39 - [TEST_STEP][PASSED] - ExecuteTC = findTestData(dataFile).getValue("Execute", row): null

2023-02-08 19:35:39 - [TEST_STEP][PASSED] - out.println("Value of Execute is : " + ExecuteTC): null

2023-02-08 19:35:39 - [TEST_STEP][PASSED] - switch (executionProfile): null

2023-02-08 19:35:39 - [TEST_STEP][PASSED] - case "QAProfile":: null

2023-02-08 19:35:39 - [TEST_STEP][PASSED] - appID = findTestData(dataFile).getValue("AppIDQA", row): null

2023-02-08 19:35:39 - [TEST_STEP][PASSED] - username = findTestData(dataFile).getValue("UsernameQA", row): null

2023-02-08 19:35:39 - [TEST_STEP][PASSED] - password = findTestData(dataFile).getValue("PasswordQA", row): null

2023-02-08 19:35:39 - [TEST_STEP][PASSED] - break: null

2023-02-08 19:35:39 - [TEST_STEP][PASSED] - if (ExecuteTC.equalsIgnoreCase("Y")): null

2023-02-08 19:35:39 - [TEST_STEP][PASSED] - out.println("Begin Record Number: " + row): null

2023-02-08 19:35:39 - [TEST_STEP][PASSED] - today = new java.util.Date(): null

2023-02-08 19:35:39 - [TEST_STEP][PASSED] - println(today): null

2023-02-08 19:35:39 - [TEST_STEP][PASSED] - datText = today: null

2023-02-08 19:35:39 - [TEST_STEP][PASSED] - checkType = findTestData(dataFile).getValue("CheckType", row): null

2023-02-08 19:35:39 - [TEST_STEP][PASSED] - acNumber = findTestData(dataFile).getValue("AcNumber", row): null

2023-02-08 19:35:39 - [TEST_STEP][PASSED] - company = findTestData(dataFile).getValue("Company", row): null

2023-02-08 19:35:39 - [TEST_STEP][PASSED] - acType = findTestData(dataFile).getValue("AcType", row): null

2023-02-08 19:35:39 - [TEST_STEP][PASSED] - rtn = findTestData(dataFile).getValue("RTN", row): null

2023-02-08 19:35:39 - [TEST_STEP][PASSED] - amount = findTestData(dataFile).getValue("Amount", row): null

2023-02-08 19:35:39 - [TEST_STEP][PASSED] - sec = findTestData(dataFile).getValue("SEC", row): null

2023-02-08 19:35:39 - [TEST_STEP][PASSED] - openBrowser(VLinkURL + "debit.html"): Browser is opened with url: 'https://dev-algorithm.govolution.com/vlinktest/QA/version_2_0/debit.html'

2023-02-08 19:35:39 - [MESSAGE][WARNING] - A browser is already opened. Closing browser and opening a new one

2023-02-08 19:35:40 - [MESSAGE][INFO] - Starting 'Chrome' driver

2023-02-08 19:35:40 - [MESSAGE][INFO] - User set preference: ['acceptInsecureCerts', 'true']

2023-02-08 19:35:40 - [MESSAGE][INFO] - Action delay is set to 0 milliseconds

2023-02-08 19:35:42 - [MESSAGE][PASSED] - Browser is opened with url: 'https://dev-algorithm.govolution.com/vlinktest/QA/version_2_0/debit.html'

2023-02-08 19:35:42 - [TEST_STEP][PASSED] - maximizeWindow(): Current window maximized

2023-02-08 19:35:42 - [MESSAGE][PASSED] - Current window maximized

2023-02-08 19:35:42 - [TEST_STEP][PASSED] - genRemID1 = random() * 99999).toInteger(): null

2023-02-08 19:35:42 - [TEST_STEP][PASSED] - genRemID2 = random() * 99999).toInteger(): null

2023-02-08 19:35:42 - [TEST_STEP][PASSED] - genRemID3 = random() * 99999).toInteger(): null

2023-02-08 19:35:42 - [TEST_STEP][PASSED] - println(genRemID1): null

2023-02-08 19:35:42 - [TEST_STEP][PASSED] - println(genRemID2): null

2023-02-08 19:35:42 - [TEST_STEP][PASSED] - println(genRemID3): null

2023-02-08 19:35:42 - [TEST_STEP][PASSED] - genRemID = genRemID1 + "|" + genRemID2 + "|" + genRemID3: null

2023-02-08 19:35:42 - [TEST_STEP][PASSED] - println(genRemID): null

2023-02-08 19:35:42 - [TEST_STEP][PASSED] - setText(findTestObject("RecAndPlayBk/Page-Vlink-Debit/input_Remittance Id"), genRemID): Text '71425|17918|34102' is set on object 'Object Repository/RecAndPlayBk/Page-Vlink-Debit/input_Remittance Id'

2023-02-08 19:35:43 - [MESSAGE][PASSED] - Text '71425|17918|34102' is set on object 'Object Repository/RecAndPlayBk/Page-Vlink-Debit/input_Remittance Id'

2023-02-08 19:35:43 - [TEST_STEP][PASSED] - setText(findTestObject("RecAndPlayBk/Page-Vlink-Debit/input_Application Id"), appID): Text '234' is set on object 'Object Repository/RecAndPlayBk/Page-Vlink-Debit/input_Application Id'

2023-02-08 19:35:43 - [MESSAGE][PASSED] - Text '234' is set on object 'Object Repository/RecAndPlayBk/Page-Vlink-Debit/input_Application Id'

2023-02-08 19:35:43 - [TEST_STEP][PASSED] - setText(findTestObject("RecAndPlayBk/Page-Vlink-Debit/input_Username"), username): Text 'username' is set on object 'Object Repository/RecAndPlayBk/Page-Vlink-Debit/input_Username'

2023-02-08 19:35:44 - [MESSAGE][PASSED] - Text 'username' is set on object 'Object Repository/RecAndPlayBk/Page-Vlink-Debit/input_Username'

2023-02-08 19:35:44 - [TEST_STEP][PASSED] - setText(findTestObject("RecAndPlayBk/Page-Vlink-Debit/input_Password"), password): Text 'password' is set on object 'Object Repository/RecAndPlayBk/Page-Vlink-Debit/input_Password'

2023-02-08 19:35:45 - [MESSAGE][PASSED] - Text 'password' is set on object 'Object Repository/RecAndPlayBk/Page-Vlink-Debit/input_Password'

2023-02-08 19:35:45 - [TEST_STEP][PASSED] - setText(findTestObject("RecAndPlayBk/Page-Vlink-Debit/input_Check Type"), checkType): Text 'P' is set on object 'Object Repository/RecAndPlayBk/Page-Vlink-Debit/input_Check Type'

2023-02-08 19:35:45 - [MESSAGE][PASSED] - Text 'P' is set on object 'Object Repository/RecAndPlayBk/Page-Vlink-Debit/input_Check Type'

2023-02-08 19:35:45 - [TEST_STEP][PASSED] - setText(findTestObject("RecAndPlayBk/Page-Vlink-Debit/input_Account_check"), acNumber): Text '58963214' is set on object 'Object Repository/RecAndPlayBk/Page-Vlink-Debit/input_Account_check'

2023-02-08 19:35:46 - [MESSAGE][PASSED] - Text '58963214' is set on object 'Object Repository/RecAndPlayBk/Page-Vlink-Debit/input_Account_check'

2023-02-08 19:35:46 - [TEST_STEP][PASSED] - setText(findTestObject("RecAndPlayBk/Page-Vlink-Debit/input_Company_check"), company): Text '' is set on object 'Object Repository/RecAndPlayBk/Page-Vlink-Debit/input_Company_check'

2023-02-08 19:35:47 - [MESSAGE][PASSED] - Text '' is set on object 'Object Repository/RecAndPlayBk/Page-Vlink-Debit/input_Company_check'

2023-02-08 19:35:47 - [TEST_STEP][PASSED] - setText(findTestObject("RecAndPlayBk/Page-Vlink-Debit/input_Account Type"), acType): Text '2' is set on object 'Object Repository/RecAndPlayBk/Page-Vlink-Debit/input_Account Type'

2023-02-08 19:35:47 - [MESSAGE][PASSED] - Text '2' is set on object 'Object Repository/RecAndPlayBk/Page-Vlink-Debit/input_Account Type'

2023-02-08 19:35:47 - [TEST_STEP][PASSED] - setText(findTestObject("RecAndPlayBk/Page-Vlink-Debit/input_Routing Number"), rtn): Text '256072691' is set on object 'Object Repository/RecAndPlayBk/Page-Vlink-Debit/input_Routing Number'

2023-02-08 19:35:48 - [MESSAGE][PASSED] - Text '256072691' is set on object 'Object Repository/RecAndPlayBk/Page-Vlink-Debit/input_Routing Number'

2023-02-08 19:35:48 - [TEST_STEP][PASSED] - setText(findTestObject("RecAndPlayBk/Page-Vlink-Debit/input_Amount"), amount): Text '12.50' is set on object 'Object Repository/RecAndPlayBk/Page-Vlink-Debit/input_Amount'

2023-02-08 19:35:48 - [MESSAGE][PASSED] - Text '12.50' is set on object 'Object Repository/RecAndPlayBk/Page-Vlink-Debit/input_Amount'

2023-02-08 19:35:48 - [TEST_STEP][PASSED] - setText(findTestObject("RecAndPlayBk/Page-Vlink-Debit/input_Check Email"), ""): Text '' is set on object 'Object Repository/RecAndPlayBk/Page-Vlink-Debit/input_Check Email'

2023-02-08 19:35:49 - [MESSAGE][PASSED] - Text '' is set on object 'Object Repository/RecAndPlayBk/Page-Vlink-Debit/input_Check Email'

2023-02-08 19:35:49 - [TEST_STEP][PASSED] - setText(findTestObject("Object Repository/RecAndPlayBk/Page-Vlink-Debit/input_concat(CheckWriter, , s SSN)_check_ssn"), ""): Text '' is set on object 'Object Repository/RecAndPlayBk/Page-Vlink-Debit/input_concat(CheckWriter, , s SSN)_check_ssn'

2023-02-08 19:35:50 - [MESSAGE][PASSED] - Text '' is set on object 'Object Repository/RecAndPlayBk/Page-Vlink-Debit/input_concat(CheckWriter, , s SSN)_check_ssn'

2023-02-08 19:35:50 - [TEST_STEP][PASSED] - setText(findTestObject("Object Repository/RecAndPlayBk/Page-Vlink-Debit/input_concat(CheckWriter, , s License Numbe_020fef"), ""): Text '' is set on object 'Object Repository/RecAndPlayBk/Page-Vlink-Debit/input_concat(CheckWriter, , s License Numbe_020fef'

2023-02-08 19:35:50 - [MESSAGE][PASSED] - Text '' is set on object 'Object Repository/RecAndPlayBk/Page-Vlink-Debit/input_concat(CheckWriter, , s License Numbe_020fef'

2023-02-08 19:35:50 - [TEST_STEP][PASSED] - setText(findTestObject("Object Repository/RecAndPlayBk/Page-Vlink-Debit/input_concat(CheckWriter, , s License State_21e3e7"), ""): Text '' is set on object 'Object Repository/RecAndPlayBk/Page-Vlink-Debit/input_concat(CheckWriter, , s License State_21e3e7'

2023-02-08 19:35:51 - [MESSAGE][PASSED] - Text '' is set on object 'Object Repository/RecAndPlayBk/Page-Vlink-Debit/input_concat(CheckWriter, , s License State_21e3e7'

2023-02-08 19:35:51 - [TEST_STEP][PASSED] - setText(findTestObject("RecAndPlayBk/Page-Vlink-Debit/input_Standard Entry Class"), sec): Text 'WEB' is set on object 'Object Repository/RecAndPlayBk/Page-Vlink-Debit/input_Standard Entry Class'

2023-02-08 19:35:51 - [MESSAGE][PASSED] - Text 'WEB' is set on object 'Object Repository/RecAndPlayBk/Page-Vlink-Debit/input_Standard Entry Class'

2023-02-08 19:35:51 - [TEST_STEP][PASSED] - click(findTestObject("Object Repository/RecAndPlayBk/Page-Vlink-Debit/input")): Object: 'Object Repository/RecAndPlayBk/Page-Vlink-Debit/input' is clicked on

2023-02-08 19:35:52 - [MESSAGE][PASSED] - Object: 'Object Repository/RecAndPlayBk/Page-Vlink-Debit/input' is clicked on

2023-02-08 19:35:52 - [TEST_STEP][PASSED] - if (verifyTextPresent("Transaction approved, no errors", true)): null

2023-02-08 19:35:52 - [MESSAGE][PASSED] - Text 'Transaction approved, no errors' is present on page  using regular expression

2023-02-08 19:35:52 - [TEST_STEP][PASSED] - println("Transaction Approved, no errors text is present on the Confirmation page"): null

2023-02-08 19:35:52 - [TEST_STEP][PASSED] - sdfo = getText(findTestObject("Object Repository/Page_VLinkReceipt/pre_STX")): Text of object 'Object Repository/Page_VLinkReceipt/pre_STX' is: '<STX>71425|17918|34102             12125343            0  Transaction approved, no errors                   0                                                                                                              <ETX>'

2023-02-08 19:35:53 - [MESSAGE][PASSED] - Text of object 'Object Repository/Page_VLinkReceipt/pre_STX' is: '<STX>71425|17918|34102             12125343            0  Transaction approved, no errors                   0                                                                                                              <ETX>'

2023-02-08 19:35:53 - [TEST_STEP][PASSED] - out.println("sdfo: " + sdfo): null

2023-02-08 19:35:53 - [TEST_STEP][PASSED] - remID = substring(5, 35).trim(): null

2023-02-08 19:35:53 - [TEST_STEP][PASSED] - out.println("remID: " + remID): null

2023-02-08 19:35:53 - [TEST_STEP][PASSED] - traxID = substring(35, 55).trim(): null

2023-02-08 19:35:53 - [TEST_STEP][PASSED] - out.println("traxID: " + traxID): null

2023-02-08 19:35:53 - [TEST_STEP][PASSED] - VLinkSaleRemID = remID: null

2023-02-08 19:35:53 - [TEST_STEP][PASSED] - VLinkSaleTranxID = traxID: null

2023-02-08 19:35:53 - [TEST_STEP][PASSED] - openBrowser(VLinkURL + "ACH_void.html"): Browser is opened with url: 'https://dev-algorithm.govolution.com/vlinktest/QA/version_2_0/ACH_void.html'

2023-02-08 19:35:53 - [MESSAGE][WARNING] - A browser is already opened. Closing browser and opening a new one

2023-02-08 19:35:54 - [MESSAGE][INFO] - Starting 'Chrome' driver

2023-02-08 19:35:54 - [MESSAGE][INFO] - User set preference: ['acceptInsecureCerts', 'true']

2023-02-08 19:35:54 - [MESSAGE][INFO] - Action delay is set to 0 milliseconds

2023-02-08 19:35:55 - [MESSAGE][PASSED] - Browser is opened with url: 'https://dev-algorithm.govolution.com/vlinktest/QA/version_2_0/ACH_void.html'

2023-02-08 19:35:55 - [TEST_STEP][PASSED] - maximizeWindow(): Current window maximized

2023-02-08 19:35:56 - [MESSAGE][PASSED] - Current window maximized

2023-02-08 19:35:56 - [TEST_STEP][PASSED] - setText(findTestObject("Object Repository/RecAndPlayBk/Page-Vlink-ACH-Void/input_Remittance Id"), VLinkSaleRemID): Text '71425|17918|34102' is set on object 'Object Repository/RecAndPlayBk/Page-Vlink-ACH-Void/input_Remittance Id'

2023-02-08 19:35:56 - [MESSAGE][PASSED] - Text '71425|17918|34102' is set on object 'Object Repository/RecAndPlayBk/Page-Vlink-ACH-Void/input_Remittance Id'

2023-02-08 19:35:56 - [TEST_STEP][PASSED] - setText(findTestObject("Object Repository/RecAndPlayBk/Page-Vlink-ACH-Void/input_Application Id"), appID): Text '234' is set on object 'Object Repository/RecAndPlayBk/Page-Vlink-ACH-Void/input_Application Id'

2023-02-08 19:35:57 - [MESSAGE][PASSED] - Text '234' is set on object 'Object Repository/RecAndPlayBk/Page-Vlink-ACH-Void/input_Application Id'

2023-02-08 19:35:57 - [TEST_STEP][PASSED] - setText(findTestObject("Object Repository/RecAndPlayBk/Page-Vlink-ACH-Void/input_Username"), username): Text 'username' is set on object 'Object Repository/RecAndPlayBk/Page-Vlink-ACH-Void/input_Username'

2023-02-08 19:35:58 - [MESSAGE][PASSED] - Text 'username' is set on object 'Object Repository/RecAndPlayBk/Page-Vlink-ACH-Void/input_Username'

2023-02-08 19:35:58 - [TEST_STEP][PASSED] - setText(findTestObject("Object Repository/RecAndPlayBk/Page-Vlink-ACH-Void/input_Password"), password): Text 'password' is set on object 'Object Repository/RecAndPlayBk/Page-Vlink-ACH-Void/input_Password'

2023-02-08 19:35:58 - [MESSAGE][PASSED] - Text 'password' is set on object 'Object Repository/RecAndPlayBk/Page-Vlink-ACH-Void/input_Password'

2023-02-08 19:35:58 - [TEST_STEP][PASSED] - setText(findTestObject("Object Repository/RecAndPlayBk/Page-Vlink-ACH-Void/input_Check Type"), checkType): Text 'P' is set on object 'Object Repository/RecAndPlayBk/Page-Vlink-ACH-Void/input_Check Type'

2023-02-08 19:35:59 - [MESSAGE][PASSED] - Text 'P' is set on object 'Object Repository/RecAndPlayBk/Page-Vlink-ACH-Void/input_Check Type'

2023-02-08 19:35:59 - [TEST_STEP][PASSED] - setText(findTestObject("Object Repository/RecAndPlayBk/Page-Vlink-ACH-Void/input_Standard Entry Class"), sec): Text 'WEB' is set on object 'Object Repository/RecAndPlayBk/Page-Vlink-ACH-Void/input_Standard Entry Class'

2023-02-08 19:36:00 - [MESSAGE][PASSED] - Text 'WEB' is set on object 'Object Repository/RecAndPlayBk/Page-Vlink-ACH-Void/input_Standard Entry Class'

2023-02-08 19:36:00 - [TEST_STEP][PASSED] - setText(findTestObject("Object Repository/RecAndPlayBk/Page-Vlink-ACH-Void/input_Transaction ID"), VLinkSaleTranxID): Text '12125343' is set on object 'Object Repository/RecAndPlayBk/Page-Vlink-ACH-Void/input_Transaction ID'

2023-02-08 19:36:00 - [MESSAGE][PASSED] - Text '12125343' is set on object 'Object Repository/RecAndPlayBk/Page-Vlink-ACH-Void/input_Transaction ID'

2023-02-08 19:36:00 - [TEST_STEP][PASSED] - setText(findTestObject("Object Repository/RecAndPlayBk/Page-Vlink-ACH-Void/input_Original Transaction Type"), "200"): Text '200' is set on object 'Object Repository/RecAndPlayBk/Page-Vlink-ACH-Void/input_Original Transaction Type'

2023-02-08 19:36:01 - [MESSAGE][PASSED] - Text '200' is set on object 'Object Repository/RecAndPlayBk/Page-Vlink-ACH-Void/input_Original Transaction Type'

2023-02-08 19:36:01 - [TEST_STEP][PASSED] - click(findTestObject("Object Repository/RecAndPlayBk/Page-Vlink-ACH-Void/input")): Object: 'Object Repository/RecAndPlayBk/Page-Vlink-ACH-Void/input' is clicked on

2023-02-08 19:36:02 - [MESSAGE][PASSED] - Object: 'Object Repository/RecAndPlayBk/Page-Vlink-ACH-Void/input' is clicked on

2023-02-08 19:36:02 - [TEST_STEP][PASSED] - if (verifyTextPresent("Transaction approved, no errors", true)): null

2023-02-08 19:36:02 - [MESSAGE][PASSED] - Text 'Transaction approved, no errors' is present on page  using regular expression

2023-02-08 19:36:02 - [TEST_STEP][PASSED] - println("Transaction Approved, no errors text is present on the Confirmation page"): null

2023-02-08 19:36:02 - [TEST_STEP][PASSED] - out.println("Pass Record Number: " + row): null

2023-02-08 19:36:02 - [TEST_STEP][PASSED] - resText = "Pass": null

2023-02-08 19:36:02 - [TEST_STEP][PASSED] - pages.WriteExcel.demoKey(resText, datText, resColumn, datCloumn, fileLoc, nameSheet, row): pages.WriteExcel.demoKey is PASSED

2023-02-08 19:36:02 - [MESSAGE][PASSED] - pages.WriteExcel.demoKey is PASSED

2023-02-08 19:36:02 - [TEST_STEP][PASSED] - ExecuteTC = findTestData(dataFile).getValue("Execute", row): null

2023-02-08 19:36:02 - [TEST_STEP][PASSED] - out.println("Value of Execute is : " + ExecuteTC): null

2023-02-08 19:36:02 - [TEST_STEP][PASSED] - switch (executionProfile): null

2023-02-08 19:36:02 - [TEST_STEP][PASSED] - case "QAProfile":: null

2023-02-08 19:36:02 - [TEST_STEP][PASSED] - appID = findTestData(dataFile).getValue("AppIDQA", row): null

2023-02-08 19:36:03 - [TEST_STEP][PASSED] - username = findTestData(dataFile).getValue("UsernameQA", row): null

2023-02-08 19:36:03 - [TEST_STEP][PASSED] - password = findTestData(dataFile).getValue("PasswordQA", row): null

2023-02-08 19:36:03 - [TEST_STEP][PASSED] - break: null

2023-02-08 19:36:03 - [TEST_STEP][PASSED] - if (ExecuteTC.equalsIgnoreCase("Y")): null

2023-02-08 19:36:03 - [TEST_STEP][PASSED] - out.println("Begin Record Number: " + row): null

2023-02-08 19:36:03 - [TEST_STEP][PASSED] - today = new java.util.Date(): null

2023-02-08 19:36:03 - [TEST_STEP][PASSED] - println(today): null

2023-02-08 19:36:03 - [TEST_STEP][PASSED] - datText = today: null

2023-02-08 19:36:03 - [TEST_STEP][PASSED] - checkType = findTestData(dataFile).getValue("CheckType", row): null

2023-02-08 19:36:03 - [TEST_STEP][PASSED] - acNumber = findTestData(dataFile).getValue("AcNumber", row): null

2023-02-08 19:36:03 - [TEST_STEP][PASSED] - company = findTestData(dataFile).getValue("Company", row): null

2023-02-08 19:36:03 - [TEST_STEP][PASSED] - acType = findTestData(dataFile).getValue("AcType", row): null

2023-02-08 19:36:03 - [TEST_STEP][PASSED] - rtn = findTestData(dataFile).getValue("RTN", row): null

2023-02-08 19:36:03 - [TEST_STEP][PASSED] - amount = findTestData(dataFile).getValue("Amount", row): null

2023-02-08 19:36:03 - [TEST_STEP][PASSED] - sec = findTestData(dataFile).getValue("SEC", row): null

2023-02-08 19:36:03 - [TEST_STEP][PASSED] - openBrowser(VLinkURL + "debit.html"): Browser is opened with url: 'https://dev-algorithm.govolution.com/vlinktest/QA/version_2_0/debit.html'

2023-02-08 19:36:03 - [MESSAGE][WARNING] - A browser is already opened. Closing browser and opening a new one

2023-02-08 19:36:04 - [MESSAGE][INFO] - Starting 'Chrome' driver

2023-02-08 19:36:04 - [MESSAGE][INFO] - User set preference: ['acceptInsecureCerts', 'true']

2023-02-08 19:36:04 - [MESSAGE][INFO] - Action delay is set to 0 milliseconds

2023-02-08 19:36:06 - [MESSAGE][PASSED] - Browser is opened with url: 'https://dev-algorithm.govolution.com/vlinktest/QA/version_2_0/debit.html'

2023-02-08 19:36:06 - [TEST_STEP][PASSED] - maximizeWindow(): Current window maximized

2023-02-08 19:36:06 - [MESSAGE][PASSED] - Current window maximized

2023-02-08 19:36:06 - [TEST_STEP][PASSED] - genRemID1 = random() * 99999).toInteger(): null

2023-02-08 19:36:06 - [TEST_STEP][PASSED] - genRemID2 = random() * 99999).toInteger(): null

2023-02-08 19:36:06 - [TEST_STEP][PASSED] - genRemID3 = random() * 99999).toInteger(): null

2023-02-08 19:36:06 - [TEST_STEP][PASSED] - println(genRemID1): null

2023-02-08 19:36:06 - [TEST_STEP][PASSED] - println(genRemID2): null

2023-02-08 19:36:06 - [TEST_STEP][PASSED] - println(genRemID3): null

2023-02-08 19:36:06 - [TEST_STEP][PASSED] - genRemID = genRemID1 + "|" + genRemID2 + "|" + genRemID3: null

2023-02-08 19:36:06 - [TEST_STEP][PASSED] - println(genRemID): null

2023-02-08 19:36:06 - [TEST_STEP][PASSED] - setText(findTestObject("RecAndPlayBk/Page-Vlink-Debit/input_Remittance Id"), genRemID): Text '88104|81937|88604' is set on object 'Object Repository/RecAndPlayBk/Page-Vlink-Debit/input_Remittance Id'

2023-02-08 19:36:07 - [MESSAGE][PASSED] - Text '88104|81937|88604' is set on object 'Object Repository/RecAndPlayBk/Page-Vlink-Debit/input_Remittance Id'

2023-02-08 19:36:07 - [TEST_STEP][PASSED] - setText(findTestObject("RecAndPlayBk/Page-Vlink-Debit/input_Application Id"), appID): Text '234' is set on object 'Object Repository/RecAndPlayBk/Page-Vlink-Debit/input_Application Id'

2023-02-08 19:36:08 - [MESSAGE][PASSED] - Text '234' is set on object 'Object Repository/RecAndPlayBk/Page-Vlink-Debit/input_Application Id'

2023-02-08 19:36:08 - [TEST_STEP][PASSED] - setText(findTestObject("RecAndPlayBk/Page-Vlink-Debit/input_Username"), username): Text 'username' is set on object 'Object Repository/RecAndPlayBk/Page-Vlink-Debit/input_Username'

2023-02-08 19:36:08 - [MESSAGE][PASSED] - Text 'username' is set on object 'Object Repository/RecAndPlayBk/Page-Vlink-Debit/input_Username'

2023-02-08 19:36:08 - [TEST_STEP][PASSED] - setText(findTestObject("RecAndPlayBk/Page-Vlink-Debit/input_Password"), password): Text 'password' is set on object 'Object Repository/RecAndPlayBk/Page-Vlink-Debit/input_Password'

2023-02-08 19:36:09 - [MESSAGE][PASSED] - Text 'password' is set on object 'Object Repository/RecAndPlayBk/Page-Vlink-Debit/input_Password'

2023-02-08 19:36:09 - [TEST_STEP][PASSED] - setText(findTestObject("RecAndPlayBk/Page-Vlink-Debit/input_Check Type"), checkType): Text 'P' is set on object 'Object Repository/RecAndPlayBk/Page-Vlink-Debit/input_Check Type'

2023-02-08 19:36:10 - [MESSAGE][PASSED] - Text 'P' is set on object 'Object Repository/RecAndPlayBk/Page-Vlink-Debit/input_Check Type'

2023-02-08 19:36:10 - [TEST_STEP][PASSED] - setText(findTestObject("RecAndPlayBk/Page-Vlink-Debit/input_Account_check"), acNumber): Text '58963214' is set on object 'Object Repository/RecAndPlayBk/Page-Vlink-Debit/input_Account_check'

2023-02-08 19:36:10 - [MESSAGE][PASSED] - Text '58963214' is set on object 'Object Repository/RecAndPlayBk/Page-Vlink-Debit/input_Account_check'

2023-02-08 19:36:10 - [TEST_STEP][PASSED] - setText(findTestObject("RecAndPlayBk/Page-Vlink-Debit/input_Company_check"), company): Text '' is set on object 'Object Repository/RecAndPlayBk/Page-Vlink-Debit/input_Company_check'

2023-02-08 19:36:11 - [MESSAGE][PASSED] - Text '' is set on object 'Object Repository/RecAndPlayBk/Page-Vlink-Debit/input_Company_check'

2023-02-08 19:36:11 - [TEST_STEP][PASSED] - setText(findTestObject("RecAndPlayBk/Page-Vlink-Debit/input_Account Type"), acType): Text '2' is set on object 'Object Repository/RecAndPlayBk/Page-Vlink-Debit/input_Account Type'

2023-02-08 19:36:11 - [MESSAGE][PASSED] - Text '2' is set on object 'Object Repository/RecAndPlayBk/Page-Vlink-Debit/input_Account Type'

2023-02-08 19:36:11 - [TEST_STEP][PASSED] - setText(findTestObject("RecAndPlayBk/Page-Vlink-Debit/input_Routing Number"), rtn): Text '256072691' is set on object 'Object Repository/RecAndPlayBk/Page-Vlink-Debit/input_Routing Number'

2023-02-08 19:36:12 - [MESSAGE][PASSED] - Text '256072691' is set on object 'Object Repository/RecAndPlayBk/Page-Vlink-Debit/input_Routing Number'

2023-02-08 19:36:12 - [TEST_STEP][PASSED] - setText(findTestObject("RecAndPlayBk/Page-Vlink-Debit/input_Amount"), amount): Text '12.50' is set on object 'Object Repository/RecAndPlayBk/Page-Vlink-Debit/input_Amount'

2023-02-08 19:36:13 - [MESSAGE][PASSED] - Text '12.50' is set on object 'Object Repository/RecAndPlayBk/Page-Vlink-Debit/input_Amount'

2023-02-08 19:36:13 - [TEST_STEP][PASSED] - setText(findTestObject("RecAndPlayBk/Page-Vlink-Debit/input_Check Email"), ""): Text '' is set on object 'Object Repository/RecAndPlayBk/Page-Vlink-Debit/input_Check Email'

2023-02-08 19:36:13 - [MESSAGE][PASSED] - Text '' is set on object 'Object Repository/RecAndPlayBk/Page-Vlink-Debit/input_Check Email'

2023-02-08 19:36:13 - [TEST_STEP][PASSED] - setText(findTestObject("Object Repository/RecAndPlayBk/Page-Vlink-Debit/input_concat(CheckWriter, , s SSN)_check_ssn"), ""): Text '' is set on object 'Object Repository/RecAndPlayBk/Page-Vlink-Debit/input_concat(CheckWriter, , s SSN)_check_ssn'

2023-02-08 19:36:14 - [MESSAGE][PASSED] - Text '' is set on object 'Object Repository/RecAndPlayBk/Page-Vlink-Debit/input_concat(CheckWriter, , s SSN)_check_ssn'

2023-02-08 19:36:14 - [TEST_STEP][PASSED] - setText(findTestObject("Object Repository/RecAndPlayBk/Page-Vlink-Debit/input_concat(CheckWriter, , s License Numbe_020fef"), ""): Text '' is set on object 'Object Repository/RecAndPlayBk/Page-Vlink-Debit/input_concat(CheckWriter, , s License Numbe_020fef'

2023-02-08 19:36:15 - [MESSAGE][PASSED] - Text '' is set on object 'Object Repository/RecAndPlayBk/Page-Vlink-Debit/input_concat(CheckWriter, , s License Numbe_020fef'

2023-02-08 19:36:15 - [TEST_STEP][PASSED] - setText(findTestObject("Object Repository/RecAndPlayBk/Page-Vlink-Debit/input_concat(CheckWriter, , s License State_21e3e7"), ""): Text '' is set on object 'Object Repository/RecAndPlayBk/Page-Vlink-Debit/input_concat(CheckWriter, , s License State_21e3e7'

2023-02-08 19:36:15 - [MESSAGE][PASSED] - Text '' is set on object 'Object Repository/RecAndPlayBk/Page-Vlink-Debit/input_concat(CheckWriter, , s License State_21e3e7'

2023-02-08 19:36:15 - [TEST_STEP][PASSED] - setText(findTestObject("RecAndPlayBk/Page-Vlink-Debit/input_Standard Entry Class"), sec): Text 'TEL' is set on object 'Object Repository/RecAndPlayBk/Page-Vlink-Debit/input_Standard Entry Class'

2023-02-08 19:36:16 - [MESSAGE][PASSED] - Text 'TEL' is set on object 'Object Repository/RecAndPlayBk/Page-Vlink-Debit/input_Standard Entry Class'

2023-02-08 19:36:16 - [TEST_STEP][PASSED] - click(findTestObject("Object Repository/RecAndPlayBk/Page-Vlink-Debit/input")): Object: 'Object Repository/RecAndPlayBk/Page-Vlink-Debit/input' is clicked on

2023-02-08 19:36:17 - [MESSAGE][PASSED] - Object: 'Object Repository/RecAndPlayBk/Page-Vlink-Debit/input' is clicked on

2023-02-08 19:36:17 - [TEST_STEP][PASSED] - if (verifyTextPresent("Transaction approved, no errors", true)): null

2023-02-08 19:36:17 - [MESSAGE][PASSED] - Text 'Transaction approved, no errors' is present on page  using regular expression

2023-02-08 19:36:17 - [TEST_STEP][PASSED] - println("Transaction Approved, no errors text is present on the Confirmation page"): null

2023-02-08 19:36:17 - [TEST_STEP][PASSED] - sdfo = getText(findTestObject("Object Repository/Page_VLinkReceipt/pre_STX")): Text of object 'Object Repository/Page_VLinkReceipt/pre_STX' is: '<STX>88104|81937|88604             12125345            0  Transaction approved, no errors                   0                                                                                                              <ETX>'

2023-02-08 19:36:17 - [MESSAGE][PASSED] - Text of object 'Object Repository/Page_VLinkReceipt/pre_STX' is: '<STX>88104|81937|88604             12125345            0  Transaction approved, no errors                   0                                                                                                              <ETX>'

2023-02-08 19:36:17 - [TEST_STEP][PASSED] - out.println("sdfo: " + sdfo): null

2023-02-08 19:36:17 - [TEST_STEP][PASSED] - remID = substring(5, 35).trim(): null

2023-02-08 19:36:17 - [TEST_STEP][PASSED] - out.println("remID: " + remID): null

2023-02-08 19:36:17 - [TEST_STEP][PASSED] - traxID = substring(35, 55).trim(): null

2023-02-08 19:36:17 - [TEST_STEP][PASSED] - out.println("traxID: " + traxID): null

2023-02-08 19:36:17 - [TEST_STEP][PASSED] - VLinkSaleRemID = remID: null

2023-02-08 19:36:17 - [TEST_STEP][PASSED] - VLinkSaleTranxID = traxID: null

2023-02-08 19:36:17 - [TEST_STEP][PASSED] - openBrowser(VLinkURL + "ACH_void.html"): Browser is opened with url: 'https://dev-algorithm.govolution.com/vlinktest/QA/version_2_0/ACH_void.html'

2023-02-08 19:36:17 - [MESSAGE][WARNING] - A browser is already opened. Closing browser and opening a new one

2023-02-08 19:36:18 - [MESSAGE][INFO] - Starting 'Chrome' driver

2023-02-08 19:36:18 - [MESSAGE][INFO] - User set preference: ['acceptInsecureCerts', 'true']

2023-02-08 19:36:18 - [MESSAGE][INFO] - Action delay is set to 0 milliseconds

2023-02-08 19:36:20 - [MESSAGE][PASSED] - Browser is opened with url: 'https://dev-algorithm.govolution.com/vlinktest/QA/version_2_0/ACH_void.html'

2023-02-08 19:36:20 - [TEST_STEP][PASSED] - maximizeWindow(): Current window maximized

2023-02-08 19:36:20 - [MESSAGE][PASSED] - Current window maximized

2023-02-08 19:36:20 - [TEST_STEP][PASSED] - setText(findTestObject("Object Repository/RecAndPlayBk/Page-Vlink-ACH-Void/input_Remittance Id"), VLinkSaleRemID): Text '88104|81937|88604' is set on object 'Object Repository/RecAndPlayBk/Page-Vlink-ACH-Void/input_Remittance Id'

2023-02-08 19:36:21 - [MESSAGE][PASSED] - Text '88104|81937|88604' is set on object 'Object Repository/RecAndPlayBk/Page-Vlink-ACH-Void/input_Remittance Id'

2023-02-08 19:36:21 - [TEST_STEP][PASSED] - setText(findTestObject("Object Repository/RecAndPlayBk/Page-Vlink-ACH-Void/input_Application Id"), appID): Text '234' is set on object 'Object Repository/RecAndPlayBk/Page-Vlink-ACH-Void/input_Application Id'

2023-02-08 19:36:21 - [MESSAGE][PASSED] - Text '234' is set on object 'Object Repository/RecAndPlayBk/Page-Vlink-ACH-Void/input_Application Id'

2023-02-08 19:36:21 - [TEST_STEP][PASSED] - setText(findTestObject("Object Repository/RecAndPlayBk/Page-Vlink-ACH-Void/input_Username"), username): Text 'username' is set on object 'Object Repository/RecAndPlayBk/Page-Vlink-ACH-Void/input_Username'

2023-02-08 19:36:22 - [MESSAGE][PASSED] - Text 'username' is set on object 'Object Repository/RecAndPlayBk/Page-Vlink-ACH-Void/input_Username'

2023-02-08 19:36:22 - [TEST_STEP][PASSED] - setText(findTestObject("Object Repository/RecAndPlayBk/Page-Vlink-ACH-Void/input_Password"), password): Text 'password' is set on object 'Object Repository/RecAndPlayBk/Page-Vlink-ACH-Void/input_Password'

2023-02-08 19:36:22 - [MESSAGE][PASSED] - Text 'password' is set on object 'Object Repository/RecAndPlayBk/Page-Vlink-ACH-Void/input_Password'

2023-02-08 19:36:22 - [TEST_STEP][PASSED] - setText(findTestObject("Object Repository/RecAndPlayBk/Page-Vlink-ACH-Void/input_Check Type"), checkType): Text 'P' is set on object 'Object Repository/RecAndPlayBk/Page-Vlink-ACH-Void/input_Check Type'

2023-02-08 19:36:23 - [MESSAGE][PASSED] - Text 'P' is set on object 'Object Repository/RecAndPlayBk/Page-Vlink-ACH-Void/input_Check Type'

2023-02-08 19:36:23 - [TEST_STEP][PASSED] - setText(findTestObject("Object Repository/RecAndPlayBk/Page-Vlink-ACH-Void/input_Standard Entry Class"), sec): Text 'TEL' is set on object 'Object Repository/RecAndPlayBk/Page-Vlink-ACH-Void/input_Standard Entry Class'

2023-02-08 19:36:24 - [MESSAGE][PASSED] - Text 'TEL' is set on object 'Object Repository/RecAndPlayBk/Page-Vlink-ACH-Void/input_Standard Entry Class'

2023-02-08 19:36:24 - [TEST_STEP][PASSED] - setText(findTestObject("Object Repository/RecAndPlayBk/Page-Vlink-ACH-Void/input_Transaction ID"), VLinkSaleTranxID): Text '12125345' is set on object 'Object Repository/RecAndPlayBk/Page-Vlink-ACH-Void/input_Transaction ID'

2023-02-08 19:36:24 - [MESSAGE][PASSED] - Text '12125345' is set on object 'Object Repository/RecAndPlayBk/Page-Vlink-ACH-Void/input_Transaction ID'

2023-02-08 19:36:24 - [TEST_STEP][PASSED] - setText(findTestObject("Object Repository/RecAndPlayBk/Page-Vlink-ACH-Void/input_Original Transaction Type"), "200"): Text '200' is set on object 'Object Repository/RecAndPlayBk/Page-Vlink-ACH-Void/input_Original Transaction Type'

2023-02-08 19:36:25 - [MESSAGE][PASSED] - Text '200' is set on object 'Object Repository/RecAndPlayBk/Page-Vlink-ACH-Void/input_Original Transaction Type'

2023-02-08 19:36:25 - [TEST_STEP][PASSED] - click(findTestObject("Object Repository/RecAndPlayBk/Page-Vlink-ACH-Void/input")): Object: 'Object Repository/RecAndPlayBk/Page-Vlink-ACH-Void/input' is clicked on

2023-02-08 19:36:26 - [MESSAGE][PASSED] - Object: 'Object Repository/RecAndPlayBk/Page-Vlink-ACH-Void/input' is clicked on

2023-02-08 19:36:26 - [TEST_STEP][PASSED] - if (verifyTextPresent("Transaction approved, no errors", true)): null

2023-02-08 19:36:26 - [MESSAGE][PASSED] - Text 'Transaction approved, no errors' is present on page  using regular expression

2023-02-08 19:36:26 - [TEST_STEP][PASSED] - println("Transaction Approved, no errors text is present on the Confirmation page"): null

2023-02-08 19:36:26 - [TEST_STEP][PASSED] - out.println("Pass Record Number: " + row): null

2023-02-08 19:36:26 - [TEST_STEP][PASSED] - resText = "Pass": null

2023-02-08 19:36:26 - [TEST_STEP][PASSED] - pages.WriteExcel.demoKey(resText, datText, resColumn, datCloumn, fileLoc, nameSheet, row): pages.WriteExcel.demoKey is PASSED

2023-02-08 19:36:26 - [MESSAGE][PASSED] - pages.WriteExcel.demoKey is PASSED

2023-02-08 19:36:26 - [TEST_STEP][PASSED] - ExecuteTC = findTestData(dataFile).getValue("Execute", row): null

2023-02-08 19:36:26 - [TEST_STEP][PASSED] - out.println("Value of Execute is : " + ExecuteTC): null

2023-02-08 19:36:26 - [TEST_STEP][PASSED] - switch (executionProfile): null

2023-02-08 19:36:26 - [TEST_STEP][PASSED] - case "QAProfile":: null

2023-02-08 19:36:26 - [TEST_STEP][PASSED] - appID = findTestData(dataFile).getValue("AppIDQA", row): null

2023-02-08 19:36:26 - [TEST_STEP][PASSED] - username = findTestData(dataFile).getValue("UsernameQA", row): null

2023-02-08 19:36:26 - [TEST_STEP][PASSED] - password = findTestData(dataFile).getValue("PasswordQA", row): null

2023-02-08 19:36:26 - [TEST_STEP][PASSED] - break: null

2023-02-08 19:36:26 - [TEST_STEP][PASSED] - if (ExecuteTC.equalsIgnoreCase("Y")): null

2023-02-08 19:36:26 - [TEST_STEP][PASSED] - out.println("Begin Record Number: " + row): null

2023-02-08 19:36:26 - [TEST_STEP][PASSED] - today = new java.util.Date(): null

2023-02-08 19:36:26 - [TEST_STEP][PASSED] - println(today): null

2023-02-08 19:36:26 - [TEST_STEP][PASSED] - datText = today: null

2023-02-08 19:36:26 - [TEST_STEP][PASSED] - checkType = findTestData(dataFile).getValue("CheckType", row): null

2023-02-08 19:36:26 - [TEST_STEP][PASSED] - acNumber = findTestData(dataFile).getValue("AcNumber", row): null

2023-02-08 19:36:27 - [TEST_STEP][PASSED] - company = findTestData(dataFile).getValue("Company", row): null

2023-02-08 19:36:27 - [TEST_STEP][PASSED] - acType = findTestData(dataFile).getValue("AcType", row): null

2023-02-08 19:36:27 - [TEST_STEP][PASSED] - rtn = findTestData(dataFile).getValue("RTN", row): null

2023-02-08 19:36:27 - [TEST_STEP][PASSED] - amount = findTestData(dataFile).getValue("Amount", row): null

2023-02-08 19:36:27 - [TEST_STEP][PASSED] - sec = findTestData(dataFile).getValue("SEC", row): null

2023-02-08 19:36:27 - [TEST_STEP][PASSED] - openBrowser(VLinkURL + "debit.html"): Browser is opened with url: 'https://dev-algorithm.govolution.com/vlinktest/QA/version_2_0/debit.html'

2023-02-08 19:36:27 - [MESSAGE][WARNING] - A browser is already opened. Closing browser and opening a new one

2023-02-08 19:36:28 - [MESSAGE][INFO] - Starting 'Chrome' driver

2023-02-08 19:36:28 - [MESSAGE][INFO] - User set preference: ['acceptInsecureCerts', 'true']

2023-02-08 19:36:28 - [MESSAGE][INFO] - Action delay is set to 0 milliseconds

2023-02-08 19:36:30 - [MESSAGE][PASSED] - Browser is opened with url: 'https://dev-algorithm.govolution.com/vlinktest/QA/version_2_0/debit.html'

2023-02-08 19:36:30 - [TEST_STEP][PASSED] - maximizeWindow(): Current window maximized

2023-02-08 19:36:30 - [MESSAGE][PASSED] - Current window maximized

2023-02-08 19:36:30 - [TEST_STEP][PASSED] - genRemID1 = random() * 99999).toInteger(): null

2023-02-08 19:36:30 - [TEST_STEP][PASSED] - genRemID2 = random() * 99999).toInteger(): null

2023-02-08 19:36:30 - [TEST_STEP][PASSED] - genRemID3 = random() * 99999).toInteger(): null

2023-02-08 19:36:30 - [TEST_STEP][PASSED] - println(genRemID1): null

2023-02-08 19:36:30 - [TEST_STEP][PASSED] - println(genRemID2): null

2023-02-08 19:36:30 - [TEST_STEP][PASSED] - println(genRemID3): null

2023-02-08 19:36:30 - [TEST_STEP][PASSED] - genRemID = genRemID1 + "|" + genRemID2 + "|" + genRemID3: null

2023-02-08 19:36:30 - [TEST_STEP][PASSED] - println(genRemID): null

2023-02-08 19:36:30 - [TEST_STEP][PASSED] - setText(findTestObject("RecAndPlayBk/Page-Vlink-Debit/input_Remittance Id"), genRemID): Text '69895|81730|74611' is set on object 'Object Repository/RecAndPlayBk/Page-Vlink-Debit/input_Remittance Id'

2023-02-08 19:36:31 - [MESSAGE][PASSED] - Text '69895|81730|74611' is set on object 'Object Repository/RecAndPlayBk/Page-Vlink-Debit/input_Remittance Id'

2023-02-08 19:36:31 - [TEST_STEP][PASSED] - setText(findTestObject("RecAndPlayBk/Page-Vlink-Debit/input_Application Id"), appID): Text '234' is set on object 'Object Repository/RecAndPlayBk/Page-Vlink-Debit/input_Application Id'

2023-02-08 19:36:31 - [MESSAGE][PASSED] - Text '234' is set on object 'Object Repository/RecAndPlayBk/Page-Vlink-Debit/input_Application Id'

2023-02-08 19:36:31 - [TEST_STEP][PASSED] - setText(findTestObject("RecAndPlayBk/Page-Vlink-Debit/input_Username"), username): Text 'username' is set on object 'Object Repository/RecAndPlayBk/Page-Vlink-Debit/input_Username'

2023-02-08 19:36:32 - [MESSAGE][PASSED] - Text 'username' is set on object 'Object Repository/RecAndPlayBk/Page-Vlink-Debit/input_Username'

2023-02-08 19:36:32 - [TEST_STEP][PASSED] - setText(findTestObject("RecAndPlayBk/Page-Vlink-Debit/input_Password"), password): Text 'password' is set on object 'Object Repository/RecAndPlayBk/Page-Vlink-Debit/input_Password'

2023-02-08 19:36:32 - [MESSAGE][PASSED] - Text 'password' is set on object 'Object Repository/RecAndPlayBk/Page-Vlink-Debit/input_Password'

2023-02-08 19:36:32 - [TEST_STEP][PASSED] - setText(findTestObject("RecAndPlayBk/Page-Vlink-Debit/input_Check Type"), checkType): Text 'P' is set on object 'Object Repository/RecAndPlayBk/Page-Vlink-Debit/input_Check Type'

2023-02-08 19:36:33 - [MESSAGE][PASSED] - Text 'P' is set on object 'Object Repository/RecAndPlayBk/Page-Vlink-Debit/input_Check Type'

2023-02-08 19:36:33 - [TEST_STEP][PASSED] - setText(findTestObject("RecAndPlayBk/Page-Vlink-Debit/input_Account_check"), acNumber): Text '58963214' is set on object 'Object Repository/RecAndPlayBk/Page-Vlink-Debit/input_Account_check'

2023-02-08 19:36:34 - [MESSAGE][PASSED] - Text '58963214' is set on object 'Object Repository/RecAndPlayBk/Page-Vlink-Debit/input_Account_check'

2023-02-08 19:36:34 - [TEST_STEP][PASSED] - setText(findTestObject("RecAndPlayBk/Page-Vlink-Debit/input_Company_check"), company): Text '' is set on object 'Object Repository/RecAndPlayBk/Page-Vlink-Debit/input_Company_check'

2023-02-08 19:36:34 - [MESSAGE][PASSED] - Text '' is set on object 'Object Repository/RecAndPlayBk/Page-Vlink-Debit/input_Company_check'

2023-02-08 19:36:34 - [TEST_STEP][PASSED] - setText(findTestObject("RecAndPlayBk/Page-Vlink-Debit/input_Account Type"), acType): Text '2' is set on object 'Object Repository/RecAndPlayBk/Page-Vlink-Debit/input_Account Type'

2023-02-08 19:36:35 - [MESSAGE][PASSED] - Text '2' is set on object 'Object Repository/RecAndPlayBk/Page-Vlink-Debit/input_Account Type'

2023-02-08 19:36:35 - [TEST_STEP][PASSED] - setText(findTestObject("RecAndPlayBk/Page-Vlink-Debit/input_Routing Number"), rtn): Text '256072691' is set on object 'Object Repository/RecAndPlayBk/Page-Vlink-Debit/input_Routing Number'

2023-02-08 19:36:36 - [MESSAGE][PASSED] - Text '256072691' is set on object 'Object Repository/RecAndPlayBk/Page-Vlink-Debit/input_Routing Number'

2023-02-08 19:36:36 - [TEST_STEP][PASSED] - setText(findTestObject("RecAndPlayBk/Page-Vlink-Debit/input_Amount"), amount): Text '12.50' is set on object 'Object Repository/RecAndPlayBk/Page-Vlink-Debit/input_Amount'

2023-02-08 19:36:36 - [MESSAGE][PASSED] - Text '12.50' is set on object 'Object Repository/RecAndPlayBk/Page-Vlink-Debit/input_Amount'

2023-02-08 19:36:36 - [TEST_STEP][PASSED] - setText(findTestObject("RecAndPlayBk/Page-Vlink-Debit/input_Check Email"), ""): Text '' is set on object 'Object Repository/RecAndPlayBk/Page-Vlink-Debit/input_Check Email'

2023-02-08 19:36:37 - [MESSAGE][PASSED] - Text '' is set on object 'Object Repository/RecAndPlayBk/Page-Vlink-Debit/input_Check Email'

2023-02-08 19:36:37 - [TEST_STEP][PASSED] - setText(findTestObject("Object Repository/RecAndPlayBk/Page-Vlink-Debit/input_concat(CheckWriter, , s SSN)_check_ssn"), ""): Text '' is set on object 'Object Repository/RecAndPlayBk/Page-Vlink-Debit/input_concat(CheckWriter, , s SSN)_check_ssn'

2023-02-08 19:36:37 - [MESSAGE][PASSED] - Text '' is set on object 'Object Repository/RecAndPlayBk/Page-Vlink-Debit/input_concat(CheckWriter, , s SSN)_check_ssn'

2023-02-08 19:36:37 - [TEST_STEP][PASSED] - setText(findTestObject("Object Repository/RecAndPlayBk/Page-Vlink-Debit/input_concat(CheckWriter, , s License Numbe_020fef"), ""): Text '' is set on object 'Object Repository/RecAndPlayBk/Page-Vlink-Debit/input_concat(CheckWriter, , s License Numbe_020fef'

2023-02-08 19:36:38 - [MESSAGE][PASSED] - Text '' is set on object 'Object Repository/RecAndPlayBk/Page-Vlink-Debit/input_concat(CheckWriter, , s License Numbe_020fef'

2023-02-08 19:36:38 - [TEST_STEP][PASSED] - setText(findTestObject("Object Repository/RecAndPlayBk/Page-Vlink-Debit/input_concat(CheckWriter, , s License State_21e3e7"), ""): Text '' is set on object 'Object Repository/RecAndPlayBk/Page-Vlink-Debit/input_concat(CheckWriter, , s License State_21e3e7'

2023-02-08 19:36:39 - [MESSAGE][PASSED] - Text '' is set on object 'Object Repository/RecAndPlayBk/Page-Vlink-Debit/input_concat(CheckWriter, , s License State_21e3e7'

2023-02-08 19:36:39 - [TEST_STEP][PASSED] - setText(findTestObject("RecAndPlayBk/Page-Vlink-Debit/input_Standard Entry Class"), sec): Text 'PPD' is set on object 'Object Repository/RecAndPlayBk/Page-Vlink-Debit/input_Standard Entry Class'

2023-02-08 19:36:39 - [MESSAGE][PASSED] - Text 'PPD' is set on object 'Object Repository/RecAndPlayBk/Page-Vlink-Debit/input_Standard Entry Class'

2023-02-08 19:36:39 - [TEST_STEP][PASSED] - click(findTestObject("Object Repository/RecAndPlayBk/Page-Vlink-Debit/input")): Object: 'Object Repository/RecAndPlayBk/Page-Vlink-Debit/input' is clicked on

2023-02-08 19:36:40 - [MESSAGE][PASSED] - Object: 'Object Repository/RecAndPlayBk/Page-Vlink-Debit/input' is clicked on

2023-02-08 19:36:40 - [TEST_STEP][PASSED] - if (verifyTextPresent("Transaction approved, no errors", true)): null

2023-02-08 19:36:40 - [MESSAGE][PASSED] - Text 'Transaction approved, no errors' is present on page  using regular expression

2023-02-08 19:36:40 - [TEST_STEP][PASSED] - println("Transaction Approved, no errors text is present on the Confirmation page"): null

2023-02-08 19:36:40 - [TEST_STEP][PASSED] - sdfo = getText(findTestObject("Object Repository/Page_VLinkReceipt/pre_STX")): Text of object 'Object Repository/Page_VLinkReceipt/pre_STX' is: '<STX>69895|81730|74611             12125347            0  Transaction approved, no errors                   0                                                                                                              <ETX>'

2023-02-08 19:36:41 - [MESSAGE][PASSED] - Text of object 'Object Repository/Page_VLinkReceipt/pre_STX' is: '<STX>69895|81730|74611             12125347            0  Transaction approved, no errors                   0                                                                                                              <ETX>'

2023-02-08 19:36:41 - [TEST_STEP][PASSED] - out.println("sdfo: " + sdfo): null

2023-02-08 19:36:41 - [TEST_STEP][PASSED] - remID = substring(5, 35).trim(): null

2023-02-08 19:36:41 - [TEST_STEP][PASSED] - out.println("remID: " + remID): null

2023-02-08 19:36:41 - [TEST_STEP][PASSED] - traxID = substring(35, 55).trim(): null

2023-02-08 19:36:41 - [TEST_STEP][PASSED] - out.println("traxID: " + traxID): null

2023-02-08 19:36:41 - [TEST_STEP][PASSED] - VLinkSaleRemID = remID: null

2023-02-08 19:36:41 - [TEST_STEP][PASSED] - VLinkSaleTranxID = traxID: null

2023-02-08 19:36:41 - [TEST_STEP][PASSED] - openBrowser(VLinkURL + "ACH_void.html"): Browser is opened with url: 'https://dev-algorithm.govolution.com/vlinktest/QA/version_2_0/ACH_void.html'

2023-02-08 19:36:41 - [MESSAGE][WARNING] - A browser is already opened. Closing browser and opening a new one

2023-02-08 19:36:42 - [MESSAGE][INFO] - Starting 'Chrome' driver

2023-02-08 19:36:42 - [MESSAGE][INFO] - User set preference: ['acceptInsecureCerts', 'true']

2023-02-08 19:36:42 - [MESSAGE][INFO] - Action delay is set to 0 milliseconds

2023-02-08 19:36:43 - [MESSAGE][PASSED] - Browser is opened with url: 'https://dev-algorithm.govolution.com/vlinktest/QA/version_2_0/ACH_void.html'

2023-02-08 19:36:43 - [TEST_STEP][PASSED] - maximizeWindow(): Current window maximized

2023-02-08 19:36:43 - [MESSAGE][PASSED] - Current window maximized

2023-02-08 19:36:43 - [TEST_STEP][PASSED] - setText(findTestObject("Object Repository/RecAndPlayBk/Page-Vlink-ACH-Void/input_Remittance Id"), VLinkSaleRemID): Text '69895|81730|74611' is set on object 'Object Repository/RecAndPlayBk/Page-Vlink-ACH-Void/input_Remittance Id'

2023-02-08 19:36:44 - [MESSAGE][PASSED] - Text '69895|81730|74611' is set on object 'Object Repository/RecAndPlayBk/Page-Vlink-ACH-Void/input_Remittance Id'

2023-02-08 19:36:44 - [TEST_STEP][PASSED] - setText(findTestObject("Object Repository/RecAndPlayBk/Page-Vlink-ACH-Void/input_Application Id"), appID): Text '234' is set on object 'Object Repository/RecAndPlayBk/Page-Vlink-ACH-Void/input_Application Id'

2023-02-08 19:36:45 - [MESSAGE][PASSED] - Text '234' is set on object 'Object Repository/RecAndPlayBk/Page-Vlink-ACH-Void/input_Application Id'

2023-02-08 19:36:45 - [TEST_STEP][PASSED] - setText(findTestObject("Object Repository/RecAndPlayBk/Page-Vlink-ACH-Void/input_Username"), username): Text 'username' is set on object 'Object Repository/RecAndPlayBk/Page-Vlink-ACH-Void/input_Username'

2023-02-08 19:36:45 - [MESSAGE][PASSED] - Text 'username' is set on object 'Object Repository/RecAndPlayBk/Page-Vlink-ACH-Void/input_Username'

2023-02-08 19:36:45 - [TEST_STEP][PASSED] - setText(findTestObject("Object Repository/RecAndPlayBk/Page-Vlink-ACH-Void/input_Password"), password): Text 'password' is set on object 'Object Repository/RecAndPlayBk/Page-Vlink-ACH-Void/input_Password'

2023-02-08 19:36:46 - [MESSAGE][PASSED] - Text 'password' is set on object 'Object Repository/RecAndPlayBk/Page-Vlink-ACH-Void/input_Password'

2023-02-08 19:36:46 - [TEST_STEP][PASSED] - setText(findTestObject("Object Repository/RecAndPlayBk/Page-Vlink-ACH-Void/input_Check Type"), checkType): Text 'P' is set on object 'Object Repository/RecAndPlayBk/Page-Vlink-ACH-Void/input_Check Type'

2023-02-08 19:36:47 - [MESSAGE][PASSED] - Text 'P' is set on object 'Object Repository/RecAndPlayBk/Page-Vlink-ACH-Void/input_Check Type'

2023-02-08 19:36:47 - [TEST_STEP][PASSED] - setText(findTestObject("Object Repository/RecAndPlayBk/Page-Vlink-ACH-Void/input_Standard Entry Class"), sec): Text 'PPD' is set on object 'Object Repository/RecAndPlayBk/Page-Vlink-ACH-Void/input_Standard Entry Class'

2023-02-08 19:36:47 - [MESSAGE][PASSED] - Text 'PPD' is set on object 'Object Repository/RecAndPlayBk/Page-Vlink-ACH-Void/input_Standard Entry Class'

2023-02-08 19:36:47 - [TEST_STEP][PASSED] - setText(findTestObject("Object Repository/RecAndPlayBk/Page-Vlink-ACH-Void/input_Transaction ID"), VLinkSaleTranxID): Text '12125347' is set on object 'Object Repository/RecAndPlayBk/Page-Vlink-ACH-Void/input_Transaction ID'

2023-02-08 19:36:48 - [MESSAGE][PASSED] - Text '12125347' is set on object 'Object Repository/RecAndPlayBk/Page-Vlink-ACH-Void/input_Transaction ID'

2023-02-08 19:36:48 - [TEST_STEP][PASSED] - setText(findTestObject("Object Repository/RecAndPlayBk/Page-Vlink-ACH-Void/input_Original Transaction Type"), "200"): Text '200' is set on object 'Object Repository/RecAndPlayBk/Page-Vlink-ACH-Void/input_Original Transaction Type'

2023-02-08 19:36:49 - [MESSAGE][PASSED] - Text '200' is set on object 'Object Repository/RecAndPlayBk/Page-Vlink-ACH-Void/input_Original Transaction Type'

2023-02-08 19:36:49 - [TEST_STEP][PASSED] - click(findTestObject("Object Repository/RecAndPlayBk/Page-Vlink-ACH-Void/input")): Object: 'Object Repository/RecAndPlayBk/Page-Vlink-ACH-Void/input' is clicked on

2023-02-08 19:36:49 - [MESSAGE][PASSED] - Object: 'Object Repository/RecAndPlayBk/Page-Vlink-ACH-Void/input' is clicked on

2023-02-08 19:36:49 - [TEST_STEP][PASSED] - if (verifyTextPresent("Transaction approved, no errors", true)): null

2023-02-08 19:36:50 - [MESSAGE][PASSED] - Text 'Transaction approved, no errors' is present on page  using regular expression

2023-02-08 19:36:50 - [TEST_STEP][PASSED] - println("Transaction Approved, no errors text is present on the Confirmation page"): null

2023-02-08 19:36:50 - [TEST_STEP][PASSED] - out.println("Pass Record Number: " + row): null

2023-02-08 19:36:50 - [TEST_STEP][PASSED] - resText = "Pass": null

2023-02-08 19:36:50 - [TEST_STEP][PASSED] - pages.WriteExcel.demoKey(resText, datText, resColumn, datCloumn, fileLoc, nameSheet, row): pages.WriteExcel.demoKey is PASSED

2023-02-08 19:36:50 - [MESSAGE][PASSED] - pages.WriteExcel.demoKey is PASSED

2023-02-08 19:36:50 - [TEST_STEP][PASSED] - ExecuteTC = findTestData(dataFile).getValue("Execute", row): null

2023-02-08 19:36:50 - [TEST_STEP][PASSED] - out.println("Value of Execute is : " + ExecuteTC): null

2023-02-08 19:36:50 - [TEST_STEP][PASSED] - switch (executionProfile): null

2023-02-08 19:36:50 - [TEST_STEP][PASSED] - case "QAProfile":: null

2023-02-08 19:36:50 - [TEST_STEP][PASSED] - appID = findTestData(dataFile).getValue("AppIDQA", row): null

2023-02-08 19:36:50 - [TEST_STEP][PASSED] - username = findTestData(dataFile).getValue("UsernameQA", row): null

2023-02-08 19:36:50 - [TEST_STEP][PASSED] - password = findTestData(dataFile).getValue("PasswordQA", row): null

2023-02-08 19:36:50 - [TEST_STEP][PASSED] - break: null

2023-02-08 19:36:50 - [TEST_STEP][PASSED] - if (ExecuteTC.equalsIgnoreCase("Y")): null

2023-02-08 19:36:50 - [TEST_STEP][PASSED] - out.println("Begin Record Number: " + row): null

2023-02-08 19:36:50 - [TEST_STEP][PASSED] - today = new java.util.Date(): null

2023-02-08 19:36:50 - [TEST_STEP][PASSED] - println(today): null

2023-02-08 19:36:50 - [TEST_STEP][PASSED] - datText = today: null

2023-02-08 19:36:50 - [TEST_STEP][PASSED] - checkType = findTestData(dataFile).getValue("CheckType", row): null

2023-02-08 19:36:50 - [TEST_STEP][PASSED] - acNumber = findTestData(dataFile).getValue("AcNumber", row): null

2023-02-08 19:36:50 - [TEST_STEP][PASSED] - company = findTestData(dataFile).getValue("Company", row): null

2023-02-08 19:36:50 - [TEST_STEP][PASSED] - acType = findTestData(dataFile).getValue("AcType", row): null

2023-02-08 19:36:50 - [TEST_STEP][PASSED] - rtn = findTestData(dataFile).getValue("RTN", row): null

2023-02-08 19:36:50 - [TEST_STEP][PASSED] - amount = findTestData(dataFile).getValue("Amount", row): null

2023-02-08 19:36:50 - [TEST_STEP][PASSED] - sec = findTestData(dataFile).getValue("SEC", row): null

2023-02-08 19:36:50 - [TEST_STEP][PASSED] - openBrowser(VLinkURL + "debit.html"): Browser is opened with url: 'https://dev-algorithm.govolution.com/vlinktest/QA/version_2_0/debit.html'

2023-02-08 19:36:50 - [MESSAGE][WARNING] - A browser is already opened. Closing browser and opening a new one

2023-02-08 19:36:51 - [MESSAGE][INFO] - Starting 'Chrome' driver

2023-02-08 19:36:51 - [MESSAGE][INFO] - User set preference: ['acceptInsecureCerts', 'true']

2023-02-08 19:36:51 - [MESSAGE][INFO] - Action delay is set to 0 milliseconds

2023-02-08 19:36:53 - [MESSAGE][PASSED] - Browser is opened with url: 'https://dev-algorithm.govolution.com/vlinktest/QA/version_2_0/debit.html'

2023-02-08 19:36:53 - [TEST_STEP][PASSED] - maximizeWindow(): Current window maximized

2023-02-08 19:36:54 - [MESSAGE][PASSED] - Current window maximized

2023-02-08 19:36:54 - [TEST_STEP][PASSED] - genRemID1 = random() * 99999).toInteger(): null

2023-02-08 19:36:54 - [TEST_STEP][PASSED] - genRemID2 = random() * 99999).toInteger(): null

2023-02-08 19:36:54 - [TEST_STEP][PASSED] - genRemID3 = random() * 99999).toInteger(): null

2023-02-08 19:36:54 - [TEST_STEP][PASSED] - println(genRemID1): null

2023-02-08 19:36:54 - [TEST_STEP][PASSED] - println(genRemID2): null

2023-02-08 19:36:54 - [TEST_STEP][PASSED] - println(genRemID3): null

2023-02-08 19:36:54 - [TEST_STEP][PASSED] - genRemID = genRemID1 + "|" + genRemID2 + "|" + genRemID3: null

2023-02-08 19:36:54 - [TEST_STEP][PASSED] - println(genRemID): null

2023-02-08 19:36:54 - [TEST_STEP][PASSED] - setText(findTestObject("RecAndPlayBk/Page-Vlink-Debit/input_Remittance Id"), genRemID): Text '69452|9914|11150' is set on object 'Object Repository/RecAndPlayBk/Page-Vlink-Debit/input_Remittance Id'

2023-02-08 19:36:54 - [MESSAGE][PASSED] - Text '69452|9914|11150' is set on object 'Object Repository/RecAndPlayBk/Page-Vlink-Debit/input_Remittance Id'

2023-02-08 19:36:54 - [TEST_STEP][PASSED] - setText(findTestObject("RecAndPlayBk/Page-Vlink-Debit/input_Application Id"), appID): Text '234' is set on object 'Object Repository/RecAndPlayBk/Page-Vlink-Debit/input_Application Id'

2023-02-08 19:36:55 - [MESSAGE][PASSED] - Text '234' is set on object 'Object Repository/RecAndPlayBk/Page-Vlink-Debit/input_Application Id'

2023-02-08 19:36:55 - [TEST_STEP][PASSED] - setText(findTestObject("RecAndPlayBk/Page-Vlink-Debit/input_Username"), username): Text 'username' is set on object 'Object Repository/RecAndPlayBk/Page-Vlink-Debit/input_Username'

2023-02-08 19:36:56 - [MESSAGE][PASSED] - Text 'username' is set on object 'Object Repository/RecAndPlayBk/Page-Vlink-Debit/input_Username'

2023-02-08 19:36:56 - [TEST_STEP][PASSED] - setText(findTestObject("RecAndPlayBk/Page-Vlink-Debit/input_Password"), password): Text 'password' is set on object 'Object Repository/RecAndPlayBk/Page-Vlink-Debit/input_Password'

2023-02-08 19:36:56 - [MESSAGE][PASSED] - Text 'password' is set on object 'Object Repository/RecAndPlayBk/Page-Vlink-Debit/input_Password'

2023-02-08 19:36:56 - [TEST_STEP][PASSED] - setText(findTestObject("RecAndPlayBk/Page-Vlink-Debit/input_Check Type"), checkType): Text 'C' is set on object 'Object Repository/RecAndPlayBk/Page-Vlink-Debit/input_Check Type'

2023-02-08 19:36:57 - [MESSAGE][PASSED] - Text 'C' is set on object 'Object Repository/RecAndPlayBk/Page-Vlink-Debit/input_Check Type'

2023-02-08 19:36:57 - [TEST_STEP][PASSED] - setText(findTestObject("RecAndPlayBk/Page-Vlink-Debit/input_Account_check"), acNumber): Text '58963214' is set on object 'Object Repository/RecAndPlayBk/Page-Vlink-Debit/input_Account_check'

2023-02-08 19:36:57 - [MESSAGE][PASSED] - Text '58963214' is set on object 'Object Repository/RecAndPlayBk/Page-Vlink-Debit/input_Account_check'

2023-02-08 19:36:57 - [TEST_STEP][PASSED] - setText(findTestObject("RecAndPlayBk/Page-Vlink-Debit/input_Company_check"), company): Text 'My Company' is set on object 'Object Repository/RecAndPlayBk/Page-Vlink-Debit/input_Company_check'

2023-02-08 19:36:58 - [MESSAGE][PASSED] - Text 'My Company' is set on object 'Object Repository/RecAndPlayBk/Page-Vlink-Debit/input_Company_check'

2023-02-08 19:36:58 - [TEST_STEP][PASSED] - setText(findTestObject("RecAndPlayBk/Page-Vlink-Debit/input_Account Type"), acType): Text '' is set on object 'Object Repository/RecAndPlayBk/Page-Vlink-Debit/input_Account Type'

2023-02-08 19:36:59 - [MESSAGE][PASSED] - Text '' is set on object 'Object Repository/RecAndPlayBk/Page-Vlink-Debit/input_Account Type'

2023-02-08 19:36:59 - [TEST_STEP][PASSED] - setText(findTestObject("RecAndPlayBk/Page-Vlink-Debit/input_Routing Number"), rtn): Text '256072691' is set on object 'Object Repository/RecAndPlayBk/Page-Vlink-Debit/input_Routing Number'

2023-02-08 19:36:59 - [MESSAGE][PASSED] - Text '256072691' is set on object 'Object Repository/RecAndPlayBk/Page-Vlink-Debit/input_Routing Number'

2023-02-08 19:36:59 - [TEST_STEP][PASSED] - setText(findTestObject("RecAndPlayBk/Page-Vlink-Debit/input_Amount"), amount): Text '12.50' is set on object 'Object Repository/RecAndPlayBk/Page-Vlink-Debit/input_Amount'

2023-02-08 19:37:00 - [MESSAGE][PASSED] - Text '12.50' is set on object 'Object Repository/RecAndPlayBk/Page-Vlink-Debit/input_Amount'

2023-02-08 19:37:00 - [TEST_STEP][PASSED] - setText(findTestObject("RecAndPlayBk/Page-Vlink-Debit/input_Check Email"), ""): Text '' is set on object 'Object Repository/RecAndPlayBk/Page-Vlink-Debit/input_Check Email'

2023-02-08 19:37:00 - [MESSAGE][PASSED] - Text '' is set on object 'Object Repository/RecAndPlayBk/Page-Vlink-Debit/input_Check Email'

2023-02-08 19:37:00 - [TEST_STEP][PASSED] - setText(findTestObject("Object Repository/RecAndPlayBk/Page-Vlink-Debit/input_concat(CheckWriter, , s SSN)_check_ssn"), ""): Text '' is set on object 'Object Repository/RecAndPlayBk/Page-Vlink-Debit/input_concat(CheckWriter, , s SSN)_check_ssn'

2023-02-08 19:37:01 - [MESSAGE][PASSED] - Text '' is set on object 'Object Repository/RecAndPlayBk/Page-Vlink-Debit/input_concat(CheckWriter, , s SSN)_check_ssn'

2023-02-08 19:37:01 - [TEST_STEP][PASSED] - setText(findTestObject("Object Repository/RecAndPlayBk/Page-Vlink-Debit/input_concat(CheckWriter, , s License Numbe_020fef"), ""): Text '' is set on object 'Object Repository/RecAndPlayBk/Page-Vlink-Debit/input_concat(CheckWriter, , s License Numbe_020fef'

2023-02-08 19:37:02 - [MESSAGE][PASSED] - Text '' is set on object 'Object Repository/RecAndPlayBk/Page-Vlink-Debit/input_concat(CheckWriter, , s License Numbe_020fef'

2023-02-08 19:37:02 - [TEST_STEP][PASSED] - setText(findTestObject("Object Repository/RecAndPlayBk/Page-Vlink-Debit/input_concat(CheckWriter, , s License State_21e3e7"), ""): Text '' is set on object 'Object Repository/RecAndPlayBk/Page-Vlink-Debit/input_concat(CheckWriter, , s License State_21e3e7'

2023-02-08 19:37:02 - [MESSAGE][PASSED] - Text '' is set on object 'Object Repository/RecAndPlayBk/Page-Vlink-Debit/input_concat(CheckWriter, , s License State_21e3e7'

2023-02-08 19:37:02 - [TEST_STEP][PASSED] - setText(findTestObject("RecAndPlayBk/Page-Vlink-Debit/input_Standard Entry Class"), sec): Text 'CCD' is set on object 'Object Repository/RecAndPlayBk/Page-Vlink-Debit/input_Standard Entry Class'

2023-02-08 19:37:03 - [MESSAGE][PASSED] - Text 'CCD' is set on object 'Object Repository/RecAndPlayBk/Page-Vlink-Debit/input_Standard Entry Class'

2023-02-08 19:37:03 - [TEST_STEP][PASSED] - click(findTestObject("Object Repository/RecAndPlayBk/Page-Vlink-Debit/input")): Object: 'Object Repository/RecAndPlayBk/Page-Vlink-Debit/input' is clicked on

2023-02-08 19:37:04 - [MESSAGE][PASSED] - Object: 'Object Repository/RecAndPlayBk/Page-Vlink-Debit/input' is clicked on

2023-02-08 19:37:04 - [TEST_STEP][PASSED] - if (verifyTextPresent("Transaction approved, no errors", true)): null

2023-02-08 19:37:04 - [MESSAGE][PASSED] - Text 'Transaction approved, no errors' is present on page  using regular expression

2023-02-08 19:37:04 - [TEST_STEP][PASSED] - println("Transaction Approved, no errors text is present on the Confirmation page"): null

2023-02-08 19:37:04 - [TEST_STEP][PASSED] - sdfo = getText(findTestObject("Object Repository/Page_VLinkReceipt/pre_STX")): Text of object 'Object Repository/Page_VLinkReceipt/pre_STX' is: '<STX>69452|9914|11150              12125349            0  Transaction approved, no errors                   0                                                                                                              <ETX>'

2023-02-08 19:37:04 - [MESSAGE][PASSED] - Text of object 'Object Repository/Page_VLinkReceipt/pre_STX' is: '<STX>69452|9914|11150              12125349            0  Transaction approved, no errors                   0                                                                                                              <ETX>'

2023-02-08 19:37:04 - [TEST_STEP][PASSED] - out.println("sdfo: " + sdfo): null

2023-02-08 19:37:04 - [TEST_STEP][PASSED] - remID = substring(5, 35).trim(): null

2023-02-08 19:37:04 - [TEST_STEP][PASSED] - out.println("remID: " + remID): null

2023-02-08 19:37:04 - [TEST_STEP][PASSED] - traxID = substring(35, 55).trim(): null

2023-02-08 19:37:04 - [TEST_STEP][PASSED] - out.println("traxID: " + traxID): null

2023-02-08 19:37:04 - [TEST_STEP][PASSED] - VLinkSaleRemID = remID: null

2023-02-08 19:37:04 - [TEST_STEP][PASSED] - VLinkSaleTranxID = traxID: null

2023-02-08 19:37:04 - [TEST_STEP][PASSED] - openBrowser(VLinkURL + "ACH_void.html"): Browser is opened with url: 'https://dev-algorithm.govolution.com/vlinktest/QA/version_2_0/ACH_void.html'

2023-02-08 19:37:04 - [MESSAGE][WARNING] - A browser is already opened. Closing browser and opening a new one

2023-02-08 19:37:05 - [MESSAGE][INFO] - Starting 'Chrome' driver

2023-02-08 19:37:05 - [MESSAGE][INFO] - User set preference: ['acceptInsecureCerts', 'true']

2023-02-08 19:37:05 - [MESSAGE][INFO] - Action delay is set to 0 milliseconds

2023-02-08 19:37:07 - [MESSAGE][PASSED] - Browser is opened with url: 'https://dev-algorithm.govolution.com/vlinktest/QA/version_2_0/ACH_void.html'

2023-02-08 19:37:07 - [TEST_STEP][PASSED] - maximizeWindow(): Current window maximized

2023-02-08 19:37:07 - [MESSAGE][PASSED] - Current window maximized

2023-02-08 19:37:07 - [TEST_STEP][PASSED] - setText(findTestObject("Object Repository/RecAndPlayBk/Page-Vlink-ACH-Void/input_Remittance Id"), VLinkSaleRemID): Text '69452|9914|11150' is set on object 'Object Repository/RecAndPlayBk/Page-Vlink-ACH-Void/input_Remittance Id'

2023-02-08 19:37:08 - [MESSAGE][PASSED] - Text '69452|9914|11150' is set on object 'Object Repository/RecAndPlayBk/Page-Vlink-ACH-Void/input_Remittance Id'

2023-02-08 19:37:08 - [TEST_STEP][PASSED] - setText(findTestObject("Object Repository/RecAndPlayBk/Page-Vlink-ACH-Void/input_Application Id"), appID): Text '234' is set on object 'Object Repository/RecAndPlayBk/Page-Vlink-ACH-Void/input_Application Id'

2023-02-08 19:37:08 - [MESSAGE][PASSED] - Text '234' is set on object 'Object Repository/RecAndPlayBk/Page-Vlink-ACH-Void/input_Application Id'

2023-02-08 19:37:08 - [TEST_STEP][PASSED] - setText(findTestObject("Object Repository/RecAndPlayBk/Page-Vlink-ACH-Void/input_Username"), username): Text 'username' is set on object 'Object Repository/RecAndPlayBk/Page-Vlink-ACH-Void/input_Username'

2023-02-08 19:37:09 - [MESSAGE][PASSED] - Text 'username' is set on object 'Object Repository/RecAndPlayBk/Page-Vlink-ACH-Void/input_Username'

2023-02-08 19:37:09 - [TEST_STEP][PASSED] - setText(findTestObject("Object Repository/RecAndPlayBk/Page-Vlink-ACH-Void/input_Password"), password): Text 'password' is set on object 'Object Repository/RecAndPlayBk/Page-Vlink-ACH-Void/input_Password'

2023-02-08 19:37:10 - [MESSAGE][PASSED] - Text 'password' is set on object 'Object Repository/RecAndPlayBk/Page-Vlink-ACH-Void/input_Password'

2023-02-08 19:37:10 - [TEST_STEP][PASSED] - setText(findTestObject("Object Repository/RecAndPlayBk/Page-Vlink-ACH-Void/input_Check Type"), checkType): Text 'C' is set on object 'Object Repository/RecAndPlayBk/Page-Vlink-ACH-Void/input_Check Type'

2023-02-08 19:37:10 - [MESSAGE][PASSED] - Text 'C' is set on object 'Object Repository/RecAndPlayBk/Page-Vlink-ACH-Void/input_Check Type'

2023-02-08 19:37:10 - [TEST_STEP][PASSED] - setText(findTestObject("Object Repository/RecAndPlayBk/Page-Vlink-ACH-Void/input_Standard Entry Class"), sec): Text 'CCD' is set on object 'Object Repository/RecAndPlayBk/Page-Vlink-ACH-Void/input_Standard Entry Class'

2023-02-08 19:37:11 - [MESSAGE][PASSED] - Text 'CCD' is set on object 'Object Repository/RecAndPlayBk/Page-Vlink-ACH-Void/input_Standard Entry Class'

2023-02-08 19:37:11 - [TEST_STEP][PASSED] - setText(findTestObject("Object Repository/RecAndPlayBk/Page-Vlink-ACH-Void/input_Transaction ID"), VLinkSaleTranxID): Text '12125349' is set on object 'Object Repository/RecAndPlayBk/Page-Vlink-ACH-Void/input_Transaction ID'

2023-02-08 19:37:11 - [MESSAGE][PASSED] - Text '12125349' is set on object 'Object Repository/RecAndPlayBk/Page-Vlink-ACH-Void/input_Transaction ID'

2023-02-08 19:37:11 - [TEST_STEP][PASSED] - setText(findTestObject("Object Repository/RecAndPlayBk/Page-Vlink-ACH-Void/input_Original Transaction Type"), "200"): Text '200' is set on object 'Object Repository/RecAndPlayBk/Page-Vlink-ACH-Void/input_Original Transaction Type'

2023-02-08 19:37:12 - [MESSAGE][PASSED] - Text '200' is set on object 'Object Repository/RecAndPlayBk/Page-Vlink-ACH-Void/input_Original Transaction Type'

2023-02-08 19:37:12 - [TEST_STEP][PASSED] - click(findTestObject("Object Repository/RecAndPlayBk/Page-Vlink-ACH-Void/input")): Object: 'Object Repository/RecAndPlayBk/Page-Vlink-ACH-Void/input' is clicked on

2023-02-08 19:37:13 - [MESSAGE][PASSED] - Object: 'Object Repository/RecAndPlayBk/Page-Vlink-ACH-Void/input' is clicked on

2023-02-08 19:37:13 - [TEST_STEP][PASSED] - if (verifyTextPresent("Transaction approved, no errors", true)): null

2023-02-08 19:37:13 - [MESSAGE][PASSED] - Text 'Transaction approved, no errors' is present on page  using regular expression

2023-02-08 19:37:13 - [TEST_STEP][PASSED] - println("Transaction Approved, no errors text is present on the Confirmation page"): null

2023-02-08 19:37:13 - [TEST_STEP][PASSED] - out.println("Pass Record Number: " + row): null

2023-02-08 19:37:13 - [TEST_STEP][PASSED] - resText = "Pass": null

2023-02-08 19:37:13 - [TEST_STEP][PASSED] - pages.WriteExcel.demoKey(resText, datText, resColumn, datCloumn, fileLoc, nameSheet, row): pages.WriteExcel.demoKey is PASSED

2023-02-08 19:37:13 - [MESSAGE][PASSED] - pages.WriteExcel.demoKey is PASSED]]></system-out>
         <system-err><![CDATA[]]></system-err>
      </testcase>
      <system-out><![CDATA[2023-02-08 18:03:53 - [TEST_SUITE][FAILED] - QA_Smoke_Test: Test Cases/RecAndPlayBk/VLink/ACH-Void-MRF FAILED.
Reason:
com.kms.katalon.core.exception.StepFailedException: Text 'check_first_name, check_last_name, check_address, check_city, check_state, che' is not present on page  using regular expression (Root cause: com.kms.katalon.core.exception.StepFailedException: Text 'check_first_name, check_last_name, check_address, check_city, check_state, che' is not present on page  using regular expression
	at com.kms.katalon.core.webui.keyword.internal.WebUIKeywordMain.stepFailed(WebUIKeywordMain.groovy:64)
	at com.kms.katalon.core.webui.keyword.builtin.VerifyTextPresentKeyword$_verifyTextPresent_closure1.doCall(VerifyTextPresentKeyword.groovy:79)
	at com.kms.katalon.core.webui.keyword.builtin.VerifyTextPresentKeyword$_verifyTextPresent_closure1.call(VerifyTextPresentKeyword.groovy)
	at com.kms.katalon.core.webui.keyword.internal.WebUIKeywordMain.runKeyword(WebUIKeywordMain.groovy:20)
	at com.kms.katalon.core.webui.keyword.builtin.VerifyTextPresentKeyword.verifyTextPresent(VerifyTextPresentKeyword.groovy:83)
	at com.kms.katalon.core.webui.keyword.builtin.VerifyTextPresentKeyword.execute(VerifyTextPresentKeyword.groovy:68)
	at com.kms.katalon.core.keyword.internal.KeywordExecutor.executeKeywordForPlatform(KeywordExecutor.groovy:74)
	at com.kms.katalon.core.webui.keyword.WebUiBuiltInKeywords.verifyTextPresent(WebUiBuiltInKeywords.groovy:1723)
	at com.kms.katalon.core.webui.keyword.WebUiBuiltInKeywords$verifyTextPresent$4.call(Unknown Source)
	at ACH-Void-MRF.run(ACH-Void-MRF:105)
	at com.kms.katalon.core.main.ScriptEngine.run(ScriptEngine.java:194)
	at com.kms.katalon.core.main.ScriptEngine.runScriptAsRawText(ScriptEngine.java:119)
	at com.kms.katalon.core.main.TestCaseExecutor.runScript(TestCaseExecutor.java:442)
	at com.kms.katalon.core.main.TestCaseExecutor.doExecute(TestCaseExecutor.java:433)
	at com.kms.katalon.core.main.TestCaseExecutor.processExecutionPhase(TestCaseExecutor.java:412)
	at com.kms.katalon.core.main.TestCaseExecutor.accessMainPhase(TestCaseExecutor.java:404)
	at com.kms.katalon.core.main.TestCaseExecutor.execute(TestCaseExecutor.java:281)
	at com.kms.katalon.core.main.TestSuiteExecutor.accessTestCaseMainPhase(TestSuiteExecutor.java:202)
	at com.kms.katalon.core.main.TestSuiteExecutor.accessTestSuiteMainPhase(TestSuiteExecutor.java:164)
	at com.kms.katalon.core.main.TestSuiteExecutor.execute(TestSuiteExecutor.java:105)
	at com.kms.katalon.core.main.TestCaseMain.startTestSuite(TestCaseMain.java:185)
	at com.kms.katalon.core.main.TestCaseMain$startTestSuite$0.call(Unknown Source)
	at TempTestSuite1675897428045.run(TempTestSuite1675897428045.groovy:36)
)
	at com.kms.katalon.core.keyword.internal.KeywordMain.stepFailed(KeywordMain.groovy:39)
	at com.kms.katalon.core.webui.keyword.internal.WebUIKeywordMain.stepFailed(WebUIKeywordMain.groovy:64)
	at com.kms.katalon.core.webui.keyword.builtin.VerifyTextPresentKeyword$_verifyTextPresent_closure1.doCall(VerifyTextPresentKeyword.groovy:79)
	at com.kms.katalon.core.webui.keyword.builtin.VerifyTextPresentKeyword$_verifyTextPresent_closure1.call(VerifyTextPresentKeyword.groovy)
	at com.kms.katalon.core.webui.keyword.internal.WebUIKeywordMain.runKeyword(WebUIKeywordMain.groovy:20)
	at com.kms.katalon.core.webui.keyword.builtin.VerifyTextPresentKeyword.verifyTextPresent(VerifyTextPresentKeyword.groovy:83)
	at com.kms.katalon.core.webui.keyword.builtin.VerifyTextPresentKeyword.execute(VerifyTextPresentKeyword.groovy:68)
	at com.kms.katalon.core.keyword.internal.KeywordExecutor.executeKeywordForPlatform(KeywordExecutor.groovy:74)
	at com.kms.katalon.core.webui.keyword.WebUiBuiltInKeywords.verifyTextPresent(WebUiBuiltInKeywords.groovy:1723)
	at com.kms.katalon.core.webui.keyword.WebUiBuiltInKeywords$verifyTextPresent$4.call(Unknown Source)
	at ACH-Void-MRF.run(ACH-Void-MRF:105)
	at com.kms.katalon.core.main.ScriptEngine.run(ScriptEngine.java:194)
	at com.kms.katalon.core.main.ScriptEngine.runScriptAsRawText(ScriptEngine.java:119)
	at com.kms.katalon.core.main.TestCaseExecutor.runScript(TestCaseExecutor.java:442)
	at com.kms.katalon.core.main.TestCaseExecutor.doExecute(TestCaseExecutor.java:433)
	at com.kms.katalon.core.main.TestCaseExecutor.processExecutionPhase(TestCaseExecutor.java:412)
	at com.kms.katalon.core.main.TestCaseExecutor.accessMainPhase(TestCaseExecutor.java:404)
	at com.kms.katalon.core.main.TestCaseExecutor.execute(TestCaseExecutor.java:281)
	at com.kms.katalon.core.main.TestSuiteExecutor.accessTestCaseMainPhase(TestSuiteExecutor.java:202)
	at com.kms.katalon.core.main.TestSuiteExecutor.accessTestSuiteMainPhase(TestSuiteExecutor.java:164)
	at com.kms.katalon.core.main.TestSuiteExecutor.execute(TestSuiteExecutor.java:105)
	at com.kms.katalon.core.main.TestCaseMain.startTestSuite(TestCaseMain.java:185)
	at com.kms.katalon.core.main.TestCaseMain$startTestSuite$0.call(Unknown Source)
	at TempTestSuite1675897428045.run(TempTestSuite1675897428045.groovy:36)
Caused by: com.kms.katalon.core.exception.StepFailedException: Text 'check_first_name, check_last_name, check_address, check_city, check_state, che' is not present on page  using regular expression
	... 23 more]]></system-out>
      <system-err><![CDATA[2023-02-08 18:03:53 - [TEST_SUITE][FAILED] - QA_Smoke_Test: Test Cases/RecAndPlayBk/VLink/ACH-Void-MRF FAILED.
Reason:
com.kms.katalon.core.exception.StepFailedException: Text 'check_first_name, check_last_name, check_address, check_city, check_state, che' is not present on page  using regular expression (Root cause: com.kms.katalon.core.exception.StepFailedException: Text 'check_first_name, check_last_name, check_address, check_city, check_state, che' is not present on page  using regular expression
	at com.kms.katalon.core.webui.keyword.internal.WebUIKeywordMain.stepFailed(WebUIKeywordMain.groovy:64)
	at com.kms.katalon.core.webui.keyword.builtin.VerifyTextPresentKeyword$_verifyTextPresent_closure1.doCall(VerifyTextPresentKeyword.groovy:79)
	at com.kms.katalon.core.webui.keyword.builtin.VerifyTextPresentKeyword$_verifyTextPresent_closure1.call(VerifyTextPresentKeyword.groovy)
	at com.kms.katalon.core.webui.keyword.internal.WebUIKeywordMain.runKeyword(WebUIKeywordMain.groovy:20)
	at com.kms.katalon.core.webui.keyword.builtin.VerifyTextPresentKeyword.verifyTextPresent(VerifyTextPresentKeyword.groovy:83)
	at com.kms.katalon.core.webui.keyword.builtin.VerifyTextPresentKeyword.execute(VerifyTextPresentKeyword.groovy:68)
	at com.kms.katalon.core.keyword.internal.KeywordExecutor.executeKeywordForPlatform(KeywordExecutor.groovy:74)
	at com.kms.katalon.core.webui.keyword.WebUiBuiltInKeywords.verifyTextPresent(WebUiBuiltInKeywords.groovy:1723)
	at com.kms.katalon.core.webui.keyword.WebUiBuiltInKeywords$verifyTextPresent$4.call(Unknown Source)
	at ACH-Void-MRF.run(ACH-Void-MRF:105)
	at com.kms.katalon.core.main.ScriptEngine.run(ScriptEngine.java:194)
	at com.kms.katalon.core.main.ScriptEngine.runScriptAsRawText(ScriptEngine.java:119)
	at com.kms.katalon.core.main.TestCaseExecutor.runScript(TestCaseExecutor.java:442)
	at com.kms.katalon.core.main.TestCaseExecutor.doExecute(TestCaseExecutor.java:433)
	at com.kms.katalon.core.main.TestCaseExecutor.processExecutionPhase(TestCaseExecutor.java:412)
	at com.kms.katalon.core.main.TestCaseExecutor.accessMainPhase(TestCaseExecutor.java:404)
	at com.kms.katalon.core.main.TestCaseExecutor.execute(TestCaseExecutor.java:281)
	at com.kms.katalon.core.main.TestSuiteExecutor.accessTestCaseMainPhase(TestSuiteExecutor.java:202)
	at com.kms.katalon.core.main.TestSuiteExecutor.accessTestSuiteMainPhase(TestSuiteExecutor.java:164)
	at com.kms.katalon.core.main.TestSuiteExecutor.execute(TestSuiteExecutor.java:105)
	at com.kms.katalon.core.main.TestCaseMain.startTestSuite(TestCaseMain.java:185)
	at com.kms.katalon.core.main.TestCaseMain$startTestSuite$0.call(Unknown Source)
	at TempTestSuite1675897428045.run(TempTestSuite1675897428045.groovy:36)
)
	at com.kms.katalon.core.keyword.internal.KeywordMain.stepFailed(KeywordMain.groovy:39)
	at com.kms.katalon.core.webui.keyword.internal.WebUIKeywordMain.stepFailed(WebUIKeywordMain.groovy:64)
	at com.kms.katalon.core.webui.keyword.builtin.VerifyTextPresentKeyword$_verifyTextPresent_closure1.doCall(VerifyTextPresentKeyword.groovy:79)
	at com.kms.katalon.core.webui.keyword.builtin.VerifyTextPresentKeyword$_verifyTextPresent_closure1.call(VerifyTextPresentKeyword.groovy)
	at com.kms.katalon.core.webui.keyword.internal.WebUIKeywordMain.runKeyword(WebUIKeywordMain.groovy:20)
	at com.kms.katalon.core.webui.keyword.builtin.VerifyTextPresentKeyword.verifyTextPresent(VerifyTextPresentKeyword.groovy:83)
	at com.kms.katalon.core.webui.keyword.builtin.VerifyTextPresentKeyword.execute(VerifyTextPresentKeyword.groovy:68)
	at com.kms.katalon.core.keyword.internal.KeywordExecutor.executeKeywordForPlatform(KeywordExecutor.groovy:74)
	at com.kms.katalon.core.webui.keyword.WebUiBuiltInKeywords.verifyTextPresent(WebUiBuiltInKeywords.groovy:1723)
	at com.kms.katalon.core.webui.keyword.WebUiBuiltInKeywords$verifyTextPresent$4.call(Unknown Source)
	at ACH-Void-MRF.run(ACH-Void-MRF:105)
	at com.kms.katalon.core.main.ScriptEngine.run(ScriptEngine.java:194)
	at com.kms.katalon.core.main.ScriptEngine.runScriptAsRawText(ScriptEngine.java:119)
	at com.kms.katalon.core.main.TestCaseExecutor.runScript(TestCaseExecutor.java:442)
	at com.kms.katalon.core.main.TestCaseExecutor.doExecute(TestCaseExecutor.java:433)
	at com.kms.katalon.core.main.TestCaseExecutor.processExecutionPhase(TestCaseExecutor.java:412)
	at com.kms.katalon.core.main.TestCaseExecutor.accessMainPhase(TestCaseExecutor.java:404)
	at com.kms.katalon.core.main.TestCaseExecutor.execute(TestCaseExecutor.java:281)
	at com.kms.katalon.core.main.TestSuiteExecutor.accessTestCaseMainPhase(TestSuiteExecutor.java:202)
	at com.kms.katalon.core.main.TestSuiteExecutor.accessTestSuiteMainPhase(TestSuiteExecutor.java:164)
	at com.kms.katalon.core.main.TestSuiteExecutor.execute(TestSuiteExecutor.java:105)
	at com.kms.katalon.core.main.TestCaseMain.startTestSuite(TestCaseMain.java:185)
	at com.kms.katalon.core.main.TestCaseMain$startTestSuite$0.call(Unknown Source)
	at TempTestSuite1675897428045.run(TempTestSuite1675897428045.groovy:36)
Caused by: com.kms.katalon.core.exception.StepFailedException: Text 'check_first_name, check_last_name, check_address, check_city, check_state, che' is not present on page  using regular expression
	... 23 more]]></system-err>
   </testsuite>
</testsuites>
