<?xml version="1.0" encoding="UTF-8"?>
<testsuites name="QA_Regression_Test" time="7551.626" tests="1" failures="1" errors="0">
   <testsuite name="QA_Regression_Test" tests="1" failures="1" errors="0" time="7551.626" skipped="0" timestamp="2024-05-18 15:34:56" hostname="imtiaz - DESKTOP-B2QI6NS.govolution.com" id="Test Suites/QA/VLink/QA_Regression_Test">
      <properties>
         <property name="deviceName" value=""/>
         <property name="devicePlatform" value=""/>
         <property name="logFolder" value="E:\\Cloned-Project-Katalon\\VPS-Katalon\\Reports\\20240518_153450\\QA\\VLink\\QA_Regression_Test\\20240518_153450"/>
         <property name="logFiles" value="E:\\Cloned-Project-Katalon\\VPS-Katalon\\Reports\\20240518_153450\\QA\\VLink\\QA_Regression_Test\\20240518_153450\\execution0.log"/>
         <property name="attachments" value=""/>
         <property name="hostName" value="imtiaz - DESKTOP-B2QI6NS.govolution.com"/>
         <property name="os" value="Windows 10 64bit"/>
         <property name="katalonVersion" value="8.6.9.208"/>
         <property name="browser" value="Chrome 124.0.0.0"/>
         <property name="hostAddress" value="172.31.253.185"/>
         <property name="sessionId" value="6f6fc30396b20a2e6cc3527c29bb1efd"/>
         <property name="seleniumVersion" value="3.141.59"/>
         <property name="proxyInformation" value="ProxyInformation { proxyOption=NO_PROXY, proxyServerType=HTTP, username=, password=********, proxyServerAddress=, proxyServerPort=0, executionList=&quot;&quot;, isApplyToDesiredCapabilities=true }"/>
         <property name="platform" value="Windows 10"/>
      </properties>
      <testcase name="Test Cases/VLink/QA/VLinkSale-Successful" time="7551.204" classname="Test Cases/VLink/QA/VLinkSale-Successful" status="FAILED">
         <failure type="FAILED" message="Test Cases/VLink/QA/VLinkSale-Successful FAILED.
Reason:
com.kms.katalon.core.exception.StepFailedException: Text 'Transaction approved, no errors' is not present on page  using regular expression (Root cause: com.kms.katalon.core.exception.StepFailedException: Text 'Transaction approved, no errors' is not present on page  using regular expression
	at com.kms.katalon.core.webui.keyword.internal.WebUIKeywordMain.stepFailed(WebUIKeywordMain.groovy:64)
	at com.kms.katalon.core.webui.keyword.builtin.VerifyTextPresentKeyword$_verifyTextPresent_closure1.doCall(VerifyTextPresentKeyword.groovy:79)
	at com.kms.katalon.core.webui.keyword.builtin.VerifyTextPresentKeyword$_verifyTextPresent_closure1.call(VerifyTextPresentKeyword.groovy)
	at com.kms.katalon.core.webui.keyword.internal.WebUIKeywordMain.runKeyword(WebUIKeywordMain.groovy:20)
	at com.kms.katalon.core.webui.keyword.builtin.VerifyTextPresentKeyword.verifyTextPresent(VerifyTextPresentKeyword.groovy:83)
	at com.kms.katalon.core.webui.keyword.builtin.VerifyTextPresentKeyword.execute(VerifyTextPresentKeyword.groovy:68)
	at com.kms.katalon.core.keyword.internal.KeywordExecutor.executeKeywordForPlatform(KeywordExecutor.groovy:74)
	at com.kms.katalon.core.webui.keyword.WebUiBuiltInKeywords.verifyTextPresent(WebUiBuiltInKeywords.groovy:1723)
	at com.kms.katalon.core.webui.keyword.WebUiBuiltInKeywords$verifyTextPresent$4.call(Unknown Source)
	at VLinkSale-Successful.run(VLinkSale-Successful:89)
	at com.kms.katalon.core.main.ScriptEngine.run(ScriptEngine.java:194)
	at com.kms.katalon.core.main.ScriptEngine.runScriptAsRawText(ScriptEngine.java:119)
	at com.kms.katalon.core.main.TestCaseExecutor.runScript(TestCaseExecutor.java:448)
	at com.kms.katalon.core.main.TestCaseExecutor.doExecute(TestCaseExecutor.java:439)
	at com.kms.katalon.core.main.TestCaseExecutor.processExecutionPhase(TestCaseExecutor.java:418)
	at com.kms.katalon.core.main.TestCaseExecutor.accessMainPhase(TestCaseExecutor.java:410)
	at com.kms.katalon.core.main.TestCaseExecutor.execute(TestCaseExecutor.java:285)
	at com.kms.katalon.core.common.CommonExecutor.accessTestCaseMainPhase(CommonExecutor.java:65)
	at com.kms.katalon.core.main.TestSuiteExecutor.accessTestSuiteMainPhase(TestSuiteExecutor.java:148)
	at com.kms.katalon.core.main.TestSuiteExecutor.execute(TestSuiteExecutor.java:106)
	at com.kms.katalon.core.main.TestCaseMain.startTestSuite(TestCaseMain.java:187)
	at com.kms.katalon.core.main.TestCaseMain$startTestSuite$0.call(Unknown Source)
	at TempTestSuite1716060890167.run(TempTestSuite1716060890167.groovy:35)
)
	at com.kms.katalon.core.keyword.internal.KeywordMain.stepFailed(KeywordMain.groovy:39)
	at com.kms.katalon.core.webui.keyword.internal.WebUIKeywordMain.stepFailed(WebUIKeywordMain.groovy:64)
	at com.kms.katalon.core.webui.keyword.builtin.VerifyTextPresentKeyword$_verifyTextPresent_closure1.doCall(VerifyTextPresentKeyword.groovy:79)
	at com.kms.katalon.core.webui.keyword.builtin.VerifyTextPresentKeyword$_verifyTextPresent_closure1.call(VerifyTextPresentKeyword.groovy)
	at com.kms.katalon.core.webui.keyword.internal.WebUIKeywordMain.runKeyword(WebUIKeywordMain.groovy:20)
	at com.kms.katalon.core.webui.keyword.builtin.VerifyTextPresentKeyword.verifyTextPresent(VerifyTextPresentKeyword.groovy:83)
	at com.kms.katalon.core.webui.keyword.builtin.VerifyTextPresentKeyword.execute(VerifyTextPresentKeyword.groovy:68)
	at com.kms.katalon.core.keyword.internal.KeywordExecutor.executeKeywordForPlatform(KeywordExecutor.groovy:74)
	at com.kms.katalon.core.webui.keyword.WebUiBuiltInKeywords.verifyTextPresent(WebUiBuiltInKeywords.groovy:1723)
	at com.kms.katalon.core.webui.keyword.WebUiBuiltInKeywords$verifyTextPresent$4.call(Unknown Source)
	at VLinkSale-Successful.run(VLinkSale-Successful:89)
	at com.kms.katalon.core.main.ScriptEngine.run(ScriptEngine.java:194)
	at com.kms.katalon.core.main.ScriptEngine.runScriptAsRawText(ScriptEngine.java:119)
	at com.kms.katalon.core.main.TestCaseExecutor.runScript(TestCaseExecutor.java:448)
	at com.kms.katalon.core.main.TestCaseExecutor.doExecute(TestCaseExecutor.java:439)
	at com.kms.katalon.core.main.TestCaseExecutor.processExecutionPhase(TestCaseExecutor.java:418)
	at com.kms.katalon.core.main.TestCaseExecutor.accessMainPhase(TestCaseExecutor.java:410)
	at com.kms.katalon.core.main.TestCaseExecutor.execute(TestCaseExecutor.java:285)
	at com.kms.katalon.core.common.CommonExecutor.accessTestCaseMainPhase(CommonExecutor.java:65)
	at com.kms.katalon.core.main.TestSuiteExecutor.accessTestSuiteMainPhase(TestSuiteExecutor.java:148)
	at com.kms.katalon.core.main.TestSuiteExecutor.execute(TestSuiteExecutor.java:106)
	at com.kms.katalon.core.main.TestCaseMain.startTestSuite(TestCaseMain.java:187)
	at com.kms.katalon.core.main.TestCaseMain$startTestSuite$0.call(Unknown Source)
	at TempTestSuite1716060890167.run(TempTestSuite1716060890167.groovy:35)
Caused by: com.kms.katalon.core.exception.StepFailedException: Text 'Transaction approved, no errors' is not present on page  using regular expression
	... 23 more
"/>
         <system-out><![CDATA[2024-05-18 15:34:56 - [TEST_CASE][FAILED] - Test Cases/VLink/QA/VLinkSale-Successful: Test Cases/VLink/QA/VLinkSale-Successful FAILED.
Reason:
com.kms.katalon.core.exception.StepFailedException: Text 'Transaction approved, no errors' is not present on page  using regular expression (Root cause: com.kms.katalon.core.exception.StepFailedException: Text 'Transaction approved, no errors' is not present on page  using regular expression
	at com.kms.katalon.core.webui.keyword.internal.WebUIKeywordMain.stepFailed(WebUIKeywordMain.groovy:64)
	at com.kms.katalon.core.webui.keyword.builtin.VerifyTextPresentKeyword$_verifyTextPresent_closure1.doCall(VerifyTextPresentKeyword.groovy:79)
	at com.kms.katalon.core.webui.keyword.builtin.VerifyTextPresentKeyword$_verifyTextPresent_closure1.call(VerifyTextPresentKeyword.groovy)
	at com.kms.katalon.core.webui.keyword.internal.WebUIKeywordMain.runKeyword(WebUIKeywordMain.groovy:20)
	at com.kms.katalon.core.webui.keyword.builtin.VerifyTextPresentKeyword.verifyTextPresent(VerifyTextPresentKeyword.groovy:83)
	at com.kms.katalon.core.webui.keyword.builtin.VerifyTextPresentKeyword.execute(VerifyTextPresentKeyword.groovy:68)
	at com.kms.katalon.core.keyword.internal.KeywordExecutor.executeKeywordForPlatform(KeywordExecutor.groovy:74)
	at com.kms.katalon.core.webui.keyword.WebUiBuiltInKeywords.verifyTextPresent(WebUiBuiltInKeywords.groovy:1723)
	at com.kms.katalon.core.webui.keyword.WebUiBuiltInKeywords$verifyTextPresent$4.call(Unknown Source)
	at VLinkSale-Successful.run(VLinkSale-Successful:89)
	at com.kms.katalon.core.main.ScriptEngine.run(ScriptEngine.java:194)
	at com.kms.katalon.core.main.ScriptEngine.runScriptAsRawText(ScriptEngine.java:119)
	at com.kms.katalon.core.main.TestCaseExecutor.runScript(TestCaseExecutor.java:448)
	at com.kms.katalon.core.main.TestCaseExecutor.doExecute(TestCaseExecutor.java:439)
	at com.kms.katalon.core.main.TestCaseExecutor.processExecutionPhase(TestCaseExecutor.java:418)
	at com.kms.katalon.core.main.TestCaseExecutor.accessMainPhase(TestCaseExecutor.java:410)
	at com.kms.katalon.core.main.TestCaseExecutor.execute(TestCaseExecutor.java:285)
	at com.kms.katalon.core.common.CommonExecutor.accessTestCaseMainPhase(CommonExecutor.java:65)
	at com.kms.katalon.core.main.TestSuiteExecutor.accessTestSuiteMainPhase(TestSuiteExecutor.java:148)
	at com.kms.katalon.core.main.TestSuiteExecutor.execute(TestSuiteExecutor.java:106)
	at com.kms.katalon.core.main.TestCaseMain.startTestSuite(TestCaseMain.java:187)
	at com.kms.katalon.core.main.TestCaseMain$startTestSuite$0.call(Unknown Source)
	at TempTestSuite1716060890167.run(TempTestSuite1716060890167.groovy:35)
)
	at com.kms.katalon.core.keyword.internal.KeywordMain.stepFailed(KeywordMain.groovy:39)
	at com.kms.katalon.core.webui.keyword.internal.WebUIKeywordMain.stepFailed(WebUIKeywordMain.groovy:64)
	at com.kms.katalon.core.webui.keyword.builtin.VerifyTextPresentKeyword$_verifyTextPresent_closure1.doCall(VerifyTextPresentKeyword.groovy:79)
	at com.kms.katalon.core.webui.keyword.builtin.VerifyTextPresentKeyword$_verifyTextPresent_closure1.call(VerifyTextPresentKeyword.groovy)
	at com.kms.katalon.core.webui.keyword.internal.WebUIKeywordMain.runKeyword(WebUIKeywordMain.groovy:20)
	at com.kms.katalon.core.webui.keyword.builtin.VerifyTextPresentKeyword.verifyTextPresent(VerifyTextPresentKeyword.groovy:83)
	at com.kms.katalon.core.webui.keyword.builtin.VerifyTextPresentKeyword.execute(VerifyTextPresentKeyword.groovy:68)
	at com.kms.katalon.core.keyword.internal.KeywordExecutor.executeKeywordForPlatform(KeywordExecutor.groovy:74)
	at com.kms.katalon.core.webui.keyword.WebUiBuiltInKeywords.verifyTextPresent(WebUiBuiltInKeywords.groovy:1723)
	at com.kms.katalon.core.webui.keyword.WebUiBuiltInKeywords$verifyTextPresent$4.call(Unknown Source)
	at VLinkSale-Successful.run(VLinkSale-Successful:89)
	at com.kms.katalon.core.main.ScriptEngine.run(ScriptEngine.java:194)
	at com.kms.katalon.core.main.ScriptEngine.runScriptAsRawText(ScriptEngine.java:119)
	at com.kms.katalon.core.main.TestCaseExecutor.runScript(TestCaseExecutor.java:448)
	at com.kms.katalon.core.main.TestCaseExecutor.doExecute(TestCaseExecutor.java:439)
	at com.kms.katalon.core.main.TestCaseExecutor.processExecutionPhase(TestCaseExecutor.java:418)
	at com.kms.katalon.core.main.TestCaseExecutor.accessMainPhase(TestCaseExecutor.java:410)
	at com.kms.katalon.core.main.TestCaseExecutor.execute(TestCaseExecutor.java:285)
	at com.kms.katalon.core.common.CommonExecutor.accessTestCaseMainPhase(CommonExecutor.java:65)
	at com.kms.katalon.core.main.TestSuiteExecutor.accessTestSuiteMainPhase(TestSuiteExecutor.java:148)
	at com.kms.katalon.core.main.TestSuiteExecutor.execute(TestSuiteExecutor.java:106)
	at com.kms.katalon.core.main.TestCaseMain.startTestSuite(TestCaseMain.java:187)
	at com.kms.katalon.core.main.TestCaseMain$startTestSuite$0.call(Unknown Source)
	at TempTestSuite1716060890167.run(TempTestSuite1716060890167.groovy:35)
Caused by: com.kms.katalon.core.exception.StepFailedException: Text 'Transaction approved, no errors' is not present on page  using regular expression
	... 23 more


2024-05-18 15:34:57 - [TEST_STEP][PASSED] - resText = "Fail": null

2024-05-18 15:34:57 - [TEST_STEP][PASSED] - resColumn = "Result": null

2024-05-18 15:34:57 - [TEST_STEP][PASSED] - datCloumn = "Date": null

2024-05-18 15:34:57 - [TEST_STEP][PASSED] - fileLoc = "KatalonData/VLinkCCTestData.xlsx": null

2024-05-18 15:34:57 - [TEST_STEP][PASSED] - nameSheet = "CCSaleData": null

2024-05-18 15:34:57 - [TEST_STEP][PASSED] - numOfRows = findTestData("QA/VLinkTestData/VLinkCCTestData").getRowNumbers(): null

2024-05-18 15:34:58 - [TEST_STEP][PASSED] - println("Number of Records: " + numOfRows): null

2024-05-18 15:34:58 - [TEST_STEP][PASSED] - dataFile = "QA/VLinkTestData/VLinkCCTestData": null

2024-05-18 15:34:58 - [TEST_STEP][FAILED] - for ([row = 1, row <= numOfRows, (row++)]): null

2024-05-18 15:34:58 - [TEST_STEP][PASSED] - ExecuteTC = findTestData(dataFile).getValue("Execute", row): null

2024-05-18 15:34:58 - [TEST_STEP][PASSED] - out.println("Value of Execute is : " + ExecuteTC): null

2024-05-18 15:34:58 - [TEST_STEP][PASSED] - if (ExecuteTC.equalsIgnoreCase("Y")): Browser is closed

2024-05-18 15:34:58 - [TEST_STEP][PASSED] - out.println("Begin Record Number: " + row): null

2024-05-18 15:34:58 - [TEST_STEP][PASSED] - today = new java.util.Date(): null

2024-05-18 15:34:58 - [TEST_STEP][PASSED] - println(today): null

2024-05-18 15:34:58 - [TEST_STEP][PASSED] - datText = today: null

2024-05-18 15:34:58 - [TEST_STEP][PASSED] - openBrowser(VLinkURL + "authcap.html"): Browser is opened with url: 'https://dev-algorithm.govolution.com/vlinktest/QA2/version_2_0/authcap.html'

2024-05-18 15:34:59 - [MESSAGE][INFO] - Starting 'Chrome' driver

2024-05-18 15:34:59 - [MESSAGE][INFO] - User set preference: ['acceptInsecureCerts', 'true']

2024-05-18 15:34:59 - [MESSAGE][INFO] - Action delay is set to 0 milliseconds

2024-05-18 15:35:03 - [MESSAGE][PASSED] - Browser is opened with url: 'https://dev-algorithm.govolution.com/vlinktest/QA2/version_2_0/authcap.html'

2024-05-18 15:35:03 - [TEST_STEP][PASSED] - maximizeWindow(): Current window maximized

2024-05-18 15:35:03 - [MESSAGE][PASSED] - Current window maximized

2024-05-18 15:35:03 - [TEST_STEP][PASSED] - vlinkPages.saleCCPage.setDataSCC(row, dataFile): vlinkPages.saleCCPage.setDataSCC is PASSED

2024-05-18 15:35:07 - [MESSAGE][PASSED] - Object 'Object Repository/VLink/Page_CCSale/txt_CardNumber' is present

2024-05-18 15:35:08 - [MESSAGE][PASSED] - Text '104' is set on object 'Object Repository/VLink/Page_CCSale/txt_TransactionType'

2024-05-18 15:35:09 - [MESSAGE][PASSED] - Text '2.0C' is set on object 'Object Repository/VLink/Page_CCSale/txt_MessageVersion'

2024-05-18 15:35:10 - [MESSAGE][PASSED] - Text 'VRr7RdqUJIX1' is set on object 'Object Repository/VLink/Page_CCSale/txt_RemID'

2024-05-18 15:35:10 - [MESSAGE][PASSED] - Text '665' is set on object 'Object Repository/VLink/Page_CCSale/txt_ApplicationId'

2024-05-18 15:35:11 - [MESSAGE][PASSED] - Text 'username' is set on object 'Object Repository/VLink/Page_CCSale/txt_Username'

2024-05-18 15:35:12 - [MESSAGE][PASSED] - Text 'password' is set on object 'Object Repository/VLink/Page_CCSale/txt_Password'

2024-05-18 15:35:12 - [MESSAGE][PASSED] - Text 'fixed_width' is set on object 'Object Repository/VLink/Page_CCSale/txt_ResponseFormat'

2024-05-18 15:35:13 - [MESSAGE][PASSED] - Text 'ECOM' is set on object 'Object Repository/VLink/Page_CCSale/txt_Category'

2024-05-18 15:35:14 - [MESSAGE][PASSED] - Text '' is set on object 'Object Repository/VLink/Page_CCSale/txt_TransactionID'

2024-05-18 15:35:15 - [MESSAGE][PASSED] - Text '' is set on object 'Object Repository/VLink/Page_CCSale/txt_ApprovalCode'

2024-05-18 15:35:15 - [MESSAGE][PASSED] - Text 'Kris Roshan' is set on object 'Object Repository/VLink/Page_CCSale/txt_CardName'

2024-05-18 15:35:16 - [MESSAGE][PASSED] - Text '258 Elm Road' is set on object 'Object Repository/VLink/Page_CCSale/txt_AL1'

2024-05-18 15:35:17 - [MESSAGE][PASSED] - Text 'Suite 56' is set on object 'Object Repository/VLink/Page_CCSale/txt_AL2'

2024-05-18 15:35:17 - [MESSAGE][PASSED] - Text 'Arlington' is set on object 'Object Repository/VLink/Page_CCSale/txt_CardCity'

2024-05-18 15:35:18 - [MESSAGE][PASSED] - Text 'VA' is set on object 'Object Repository/VLink/Page_CCSale/txt_CardState'

2024-05-18 15:35:19 - [MESSAGE][PASSED] - Text '22201' is set on object 'Object Repository/VLink/Page_CCSale/txt_CardZIP'

2024-05-18 15:35:20 - [MESSAGE][PASSED] - Text '840' is set on object 'Object Repository/VLink/Page_CCSale/txt_CountryID'

2024-05-18 15:35:20 - [MESSAGE][PASSED] - Text '1.50' is set on object 'Object Repository/VLink/Page_CCSale/txt_Amount'

2024-05-18 15:35:21 - [MESSAGE][PASSED] - Text '4111111111111111' is set on object 'Object Repository/VLink/Page_CCSale/txt_CardNumber'

2024-05-18 15:35:22 - [MESSAGE][PASSED] - Text '12' is set on object 'Object Repository/VLink/Page_CCSale/txt_ExpMonth'

2024-05-18 15:35:22 - [MESSAGE][PASSED] - Text '2025' is set on object 'Object Repository/VLink/Page_CCSale/txt_ExpYear'

2024-05-18 15:35:23 - [MESSAGE][PASSED] - Text '' is set on object 'Object Repository/VLink/Page_CCSale/txt_CVV'

2024-05-18 15:35:24 - [MESSAGE][PASSED] - Text '' is set on object 'Object Repository/VLink/Page_CCSale/txt_CVVstate'

2024-05-18 15:35:25 - [MESSAGE][PASSED] - Text '' is set on object 'Object Repository/VLink/Page_CCSale/txt_TrackData'

2024-05-18 15:35:25 - [MESSAGE][PASSED] - Text '' is set on object 'Object Repository/VLink/Page_CCSale/txt_Track1Data'

2024-05-18 15:35:26 - [MESSAGE][PASSED] - Text '' is set on object 'Object Repository/VLink/Page_CCSale/txt_Track2Data'

2024-05-18 15:35:27 - [MESSAGE][PASSED] - Text 'manual' is set on object 'Object Repository/VLink/Page_CCSale/txt_POSEntryMode'

2024-05-18 15:35:27 - [MESSAGE][PASSED] - Text 'iahmed@govolution.com' is set on object 'Object Repository/VLink/Page_CCSale/txt_Email'

2024-05-18 15:35:28 - [MESSAGE][PASSED] - Text '2569362' is set on object 'Object Repository/VLink/Page_CCSale/txt_OrderNumber'

2024-05-18 15:35:29 - [MESSAGE][PASSED] - Text '1.15' is set on object 'Object Repository/VLink/Page_CCSale/txt_TaxAmount'

2024-05-18 15:35:29 - [MESSAGE][PASSED] - Text 'Charge Description' is set on object 'Object Repository/VLink/Page_CCSale/txt_ChargeDescription'

2024-05-18 15:35:30 - [MESSAGE][PASSED] - Text '147357' is set on object 'Object Repository/VLink/Page_CCSale/txt_CAN'

2024-05-18 15:35:31 - [MESSAGE][PASSED] - Text '1' is set on object 'Object Repository/VLink/Page_CCSale/txt_BillPaymentIndicator'

2024-05-18 15:35:32 - [MESSAGE][PASSED] - Text 'UDF Data 1' is set on object 'Object Repository/VLink/Page_CCSale/txt_UDF1'

2024-05-18 15:35:32 - [MESSAGE][PASSED] - Text 'UDF Data 2' is set on object 'Object Repository/VLink/Page_CCSale/txt_UDF2'

2024-05-18 15:35:33 - [MESSAGE][PASSED] - Text 'UDF Data 3' is set on object 'Object Repository/VLink/Page_CCSale/txt_UDF3'

2024-05-18 15:35:34 - [MESSAGE][PASSED] - Text 'UDF Data 4' is set on object 'Object Repository/VLink/Page_CCSale/txt_UDF4'

2024-05-18 15:35:34 - [MESSAGE][PASSED] - Text 'UDF Data 5' is set on object 'Object Repository/VLink/Page_CCSale/txt_UDF5'

2024-05-18 15:35:35 - [MESSAGE][PASSED] - Text 'UDF Data 6' is set on object 'Object Repository/VLink/Page_CCSale/txt_UDF6'

2024-05-18 15:35:36 - [MESSAGE][PASSED] - Text 'UDF Data 7' is set on object 'Object Repository/VLink/Page_CCSale/txt_UDF7'

2024-05-18 15:35:37 - [MESSAGE][PASSED] - Text 'UDF Data 8' is set on object 'Object Repository/VLink/Page_CCSale/txt_UDF8'

2024-05-18 15:35:37 - [MESSAGE][PASSED] - Text 'UDF Data 9' is set on object 'Object Repository/VLink/Page_CCSale/txt_UDF9'

2024-05-18 15:35:38 - [MESSAGE][PASSED] - Text 'UDF Data 10' is set on object 'Object Repository/VLink/Page_CCSale/txt_UDF10'

2024-05-18 15:35:41 - [MESSAGE][PASSED] - Object: 'Object Repository/VLink/Page_CCSale/btn_ProcessVLinkTransaction' is clicked on

2024-05-18 15:35:46 - [MESSAGE][PASSED] - vlinkPages.saleCCPage.setDataSCC is PASSED

2024-05-18 15:35:46 - [TEST_STEP][PASSED] - if (verifyTextPresent("Transaction approved, no errors", true)): null

2024-05-18 15:35:47 - [MESSAGE][PASSED] - Text 'Transaction approved, no errors' is present on page  using regular expression

2024-05-18 15:35:47 - [TEST_STEP][PASSED] - println("Transaction Approved, no errors text is present on the Confirmation page"): null

2024-05-18 15:35:47 - [TEST_STEP][PASSED] - out.println("Pass Record Number: " + row): null

2024-05-18 15:35:47 - [TEST_STEP][PASSED] - resText = "Pass": null

2024-05-18 15:35:47 - [TEST_STEP][PASSED] - pages.WriteExcel.demoKey(resText, datText, resColumn, datCloumn, fileLoc, nameSheet, row): pages.WriteExcel.demoKey is PASSED

2024-05-18 15:35:47 - [MESSAGE][PASSED] - pages.WriteExcel.demoKey is PASSED

2024-05-18 15:35:47 - [TEST_STEP][PASSED] - sdfo = getText(findTestObject("Object Repository/Page_VLinkReceipt/pre_STX")): Text of object 'Object Repository/Page_VLinkReceipt/pre_STX' is: '<STX>VRr7RdqUJIX1                  12153194            0  Transaction approved, no errors                   0                                                                                  XXOK6231   <ETX>'

2024-05-18 15:35:47 - [MESSAGE][PASSED] - Text of object 'Object Repository/Page_VLinkReceipt/pre_STX' is: '<STX>VRr7RdqUJIX1                  12153194            0  Transaction approved, no errors                   0                                                                                  XXOK6231   <ETX>'

2024-05-18 15:35:47 - [TEST_STEP][PASSED] - out.println("sdfo: " + sdfo): null

2024-05-18 15:35:47 - [TEST_STEP][PASSED] - remID = substring(5, 35).trim(): null

2024-05-18 15:35:47 - [TEST_STEP][PASSED] - out.println("Remittance ID: " + remID): null

2024-05-18 15:35:47 - [TEST_STEP][PASSED] - traxID = substring(35, 55).trim(): null

2024-05-18 15:35:47 - [TEST_STEP][PASSED] - out.println("Transaction ID: " + traxID): null

2024-05-18 15:35:47 - [TEST_STEP][PASSED] - out.println("End Record Number: " + row): null

2024-05-18 15:35:47 - [TEST_STEP][PASSED] - closeBrowser(): Browser is closed

2024-05-18 15:35:49 - [MESSAGE][PASSED] - Browser is closed

2024-05-18 15:35:49 - [TEST_STEP][PASSED] - ExecuteTC = findTestData(dataFile).getValue("Execute", row): null

2024-05-18 15:35:49 - [TEST_STEP][PASSED] - out.println("Value of Execute is : " + ExecuteTC): null

2024-05-18 15:35:49 - [TEST_STEP][PASSED] - if (ExecuteTC.equalsIgnoreCase("Y")): Browser is closed

2024-05-18 15:35:49 - [TEST_STEP][PASSED] - out.println("Begin Record Number: " + row): null

2024-05-18 15:35:49 - [TEST_STEP][PASSED] - today = new java.util.Date(): null

2024-05-18 15:35:49 - [TEST_STEP][PASSED] - println(today): null

2024-05-18 15:35:49 - [TEST_STEP][PASSED] - datText = today: null

2024-05-18 15:35:49 - [TEST_STEP][PASSED] - openBrowser(VLinkURL + "authcap.html"): Browser is opened with url: 'https://dev-algorithm.govolution.com/vlinktest/QA2/version_2_0/authcap.html'

2024-05-18 15:35:49 - [MESSAGE][INFO] - Starting 'Chrome' driver

2024-05-18 15:35:49 - [MESSAGE][INFO] - User set preference: ['acceptInsecureCerts', 'true']

2024-05-18 15:35:49 - [MESSAGE][INFO] - Action delay is set to 0 milliseconds

2024-05-18 15:35:51 - [MESSAGE][PASSED] - Browser is opened with url: 'https://dev-algorithm.govolution.com/vlinktest/QA2/version_2_0/authcap.html'

2024-05-18 15:35:51 - [TEST_STEP][PASSED] - maximizeWindow(): Current window maximized

2024-05-18 15:35:51 - [MESSAGE][PASSED] - Current window maximized

2024-05-18 15:35:51 - [TEST_STEP][PASSED] - vlinkPages.saleCCPage.setDataSCC(row, dataFile): vlinkPages.saleCCPage.setDataSCC is PASSED

2024-05-18 15:35:55 - [MESSAGE][PASSED] - Object 'Object Repository/VLink/Page_CCSale/txt_CardNumber' is present

2024-05-18 15:35:55 - [MESSAGE][PASSED] - Text '104' is set on object 'Object Repository/VLink/Page_CCSale/txt_TransactionType'

2024-05-18 15:35:56 - [MESSAGE][PASSED] - Text '2.0C' is set on object 'Object Repository/VLink/Page_CCSale/txt_MessageVersion'

2024-05-18 15:35:57 - [MESSAGE][PASSED] - Text 'jpi5VwTNFszc' is set on object 'Object Repository/VLink/Page_CCSale/txt_RemID'

2024-05-18 15:35:57 - [MESSAGE][PASSED] - Text '672' is set on object 'Object Repository/VLink/Page_CCSale/txt_ApplicationId'

2024-05-18 15:35:58 - [MESSAGE][PASSED] - Text 'username' is set on object 'Object Repository/VLink/Page_CCSale/txt_Username'

2024-05-18 15:35:59 - [MESSAGE][PASSED] - Text 'password' is set on object 'Object Repository/VLink/Page_CCSale/txt_Password'

2024-05-18 15:36:00 - [MESSAGE][PASSED] - Text 'fixed_width' is set on object 'Object Repository/VLink/Page_CCSale/txt_ResponseFormat'

2024-05-18 15:36:00 - [MESSAGE][PASSED] - Text 'ECOM' is set on object 'Object Repository/VLink/Page_CCSale/txt_Category'

2024-05-18 15:36:01 - [MESSAGE][PASSED] - Text '' is set on object 'Object Repository/VLink/Page_CCSale/txt_TransactionID'

2024-05-18 15:36:02 - [MESSAGE][PASSED] - Text '' is set on object 'Object Repository/VLink/Page_CCSale/txt_ApprovalCode'

2024-05-18 15:36:02 - [MESSAGE][PASSED] - Text 'Arvind Silva' is set on object 'Object Repository/VLink/Page_CCSale/txt_CardName'

2024-05-18 15:36:03 - [MESSAGE][PASSED] - Text '111 Main Ave' is set on object 'Object Repository/VLink/Page_CCSale/txt_AL1'

2024-05-18 15:36:04 - [MESSAGE][PASSED] - Text '' is set on object 'Object Repository/VLink/Page_CCSale/txt_AL2'

2024-05-18 15:36:04 - [MESSAGE][PASSED] - Text 'Arlington' is set on object 'Object Repository/VLink/Page_CCSale/txt_CardCity'

2024-05-18 15:36:05 - [MESSAGE][PASSED] - Text 'VA' is set on object 'Object Repository/VLink/Page_CCSale/txt_CardState'

2024-05-18 15:36:06 - [MESSAGE][PASSED] - Text '22201' is set on object 'Object Repository/VLink/Page_CCSale/txt_CardZIP'

2024-05-18 15:36:06 - [MESSAGE][PASSED] - Text '' is set on object 'Object Repository/VLink/Page_CCSale/txt_CountryID'

2024-05-18 15:36:07 - [MESSAGE][PASSED] - Text '2.50' is set on object 'Object Repository/VLink/Page_CCSale/txt_Amount'

2024-05-18 15:36:08 - [MESSAGE][PASSED] - Text '4111111111111111' is set on object 'Object Repository/VLink/Page_CCSale/txt_CardNumber'

2024-05-18 15:36:09 - [MESSAGE][PASSED] - Text '01' is set on object 'Object Repository/VLink/Page_CCSale/txt_ExpMonth'

2024-05-18 15:36:09 - [MESSAGE][PASSED] - Text '2026' is set on object 'Object Repository/VLink/Page_CCSale/txt_ExpYear'

2024-05-18 15:36:10 - [MESSAGE][PASSED] - Text '' is set on object 'Object Repository/VLink/Page_CCSale/txt_CVV'

2024-05-18 15:36:11 - [MESSAGE][PASSED] - Text '' is set on object 'Object Repository/VLink/Page_CCSale/txt_CVVstate'

2024-05-18 15:36:11 - [MESSAGE][PASSED] - Text '' is set on object 'Object Repository/VLink/Page_CCSale/txt_TrackData'

2024-05-18 15:36:12 - [MESSAGE][PASSED] - Text '' is set on object 'Object Repository/VLink/Page_CCSale/txt_Track1Data'

2024-05-18 15:36:13 - [MESSAGE][PASSED] - Text '' is set on object 'Object Repository/VLink/Page_CCSale/txt_Track2Data'

2024-05-18 15:36:13 - [MESSAGE][PASSED] - Text 'manual' is set on object 'Object Repository/VLink/Page_CCSale/txt_POSEntryMode'

2024-05-18 15:36:14 - [MESSAGE][PASSED] - Text '' is set on object 'Object Repository/VLink/Page_CCSale/txt_Email'

2024-05-18 15:36:15 - [MESSAGE][PASSED] - Text '' is set on object 'Object Repository/VLink/Page_CCSale/txt_OrderNumber'

2024-05-18 15:36:15 - [MESSAGE][PASSED] - Text '' is set on object 'Object Repository/VLink/Page_CCSale/txt_TaxAmount'

2024-05-18 15:36:16 - [MESSAGE][PASSED] - Text '' is set on object 'Object Repository/VLink/Page_CCSale/txt_ChargeDescription'

2024-05-18 15:36:17 - [MESSAGE][PASSED] - Text '' is set on object 'Object Repository/VLink/Page_CCSale/txt_CAN'

2024-05-18 15:36:17 - [MESSAGE][PASSED] - Text '' is set on object 'Object Repository/VLink/Page_CCSale/txt_BillPaymentIndicator'

2024-05-18 15:36:18 - [MESSAGE][PASSED] - Text '' is set on object 'Object Repository/VLink/Page_CCSale/txt_UDF1'

2024-05-18 15:36:19 - [MESSAGE][PASSED] - Text '' is set on object 'Object Repository/VLink/Page_CCSale/txt_UDF2'

2024-05-18 15:36:19 - [MESSAGE][PASSED] - Text '' is set on object 'Object Repository/VLink/Page_CCSale/txt_UDF3'

2024-05-18 15:36:20 - [MESSAGE][PASSED] - Text '' is set on object 'Object Repository/VLink/Page_CCSale/txt_UDF4'

2024-05-18 15:36:21 - [MESSAGE][PASSED] - Text '' is set on object 'Object Repository/VLink/Page_CCSale/txt_UDF5'

2024-05-18 15:36:21 - [MESSAGE][PASSED] - Text '' is set on object 'Object Repository/VLink/Page_CCSale/txt_UDF6'

2024-05-18 15:36:22 - [MESSAGE][PASSED] - Text '' is set on object 'Object Repository/VLink/Page_CCSale/txt_UDF7'

2024-05-18 15:36:23 - [MESSAGE][PASSED] - Text '' is set on object 'Object Repository/VLink/Page_CCSale/txt_UDF8'

2024-05-18 15:36:23 - [MESSAGE][PASSED] - Text '' is set on object 'Object Repository/VLink/Page_CCSale/txt_UDF9'

2024-05-18 15:36:24 - [MESSAGE][PASSED] - Text '' is set on object 'Object Repository/VLink/Page_CCSale/txt_UDF10'

2024-05-18 15:36:26 - [MESSAGE][PASSED] - Object: 'Object Repository/VLink/Page_CCSale/btn_ProcessVLinkTransaction' is clicked on

2024-05-18 15:36:31 - [MESSAGE][PASSED] - vlinkPages.saleCCPage.setDataSCC is PASSED

2024-05-18 15:36:31 - [TEST_STEP][PASSED] - if (verifyTextPresent("Transaction approved, no errors", true)): null

2024-05-18 15:36:31 - [MESSAGE][PASSED] - Text 'Transaction approved, no errors' is present on page  using regular expression

2024-05-18 15:36:31 - [TEST_STEP][PASSED] - println("Transaction Approved, no errors text is present on the Confirmation page"): null

2024-05-18 15:36:31 - [TEST_STEP][PASSED] - out.println("Pass Record Number: " + row): null

2024-05-18 15:36:31 - [TEST_STEP][PASSED] - resText = "Pass": null

2024-05-18 15:36:31 - [TEST_STEP][PASSED] - pages.WriteExcel.demoKey(resText, datText, resColumn, datCloumn, fileLoc, nameSheet, row): pages.WriteExcel.demoKey is PASSED

2024-05-18 15:36:31 - [MESSAGE][PASSED] - pages.WriteExcel.demoKey is PASSED

2024-05-18 15:36:31 - [TEST_STEP][PASSED] - sdfo = getText(findTestObject("Object Repository/Page_VLinkReceipt/pre_STX")): Text of object 'Object Repository/Page_VLinkReceipt/pre_STX' is: '<STX>jpi5VwTNFszc                  12153195            0  Transaction approved, no errors                   0                                                                                  XXOK3917   <ETX>'

2024-05-18 15:36:31 - [MESSAGE][PASSED] - Text of object 'Object Repository/Page_VLinkReceipt/pre_STX' is: '<STX>jpi5VwTNFszc                  12153195            0  Transaction approved, no errors                   0                                                                                  XXOK3917   <ETX>'

2024-05-18 15:36:31 - [TEST_STEP][PASSED] - out.println("sdfo: " + sdfo): null

2024-05-18 15:36:31 - [TEST_STEP][PASSED] - remID = substring(5, 35).trim(): null

2024-05-18 15:36:31 - [TEST_STEP][PASSED] - out.println("Remittance ID: " + remID): null

2024-05-18 15:36:31 - [TEST_STEP][PASSED] - traxID = substring(35, 55).trim(): null

2024-05-18 15:36:31 - [TEST_STEP][PASSED] - out.println("Transaction ID: " + traxID): null

2024-05-18 15:36:31 - [TEST_STEP][PASSED] - out.println("End Record Number: " + row): null

2024-05-18 15:36:31 - [TEST_STEP][PASSED] - closeBrowser(): Browser is closed

2024-05-18 15:36:33 - [MESSAGE][PASSED] - Browser is closed

2024-05-18 15:36:33 - [TEST_STEP][PASSED] - ExecuteTC = findTestData(dataFile).getValue("Execute", row): null

2024-05-18 15:36:33 - [TEST_STEP][PASSED] - out.println("Value of Execute is : " + ExecuteTC): null

2024-05-18 15:36:33 - [TEST_STEP][PASSED] - if (ExecuteTC.equalsIgnoreCase("Y")): Browser is closed

2024-05-18 15:36:33 - [TEST_STEP][PASSED] - out.println("Begin Record Number: " + row): null

2024-05-18 15:36:33 - [TEST_STEP][PASSED] - today = new java.util.Date(): null

2024-05-18 15:36:33 - [TEST_STEP][PASSED] - println(today): null

2024-05-18 15:36:33 - [TEST_STEP][PASSED] - datText = today: null

2024-05-18 15:36:33 - [TEST_STEP][PASSED] - openBrowser(VLinkURL + "authcap.html"): Browser is opened with url: 'https://dev-algorithm.govolution.com/vlinktest/QA2/version_2_0/authcap.html'

2024-05-18 15:36:33 - [MESSAGE][INFO] - Starting 'Chrome' driver

2024-05-18 15:36:33 - [MESSAGE][INFO] - User set preference: ['acceptInsecureCerts', 'true']

2024-05-18 15:36:33 - [MESSAGE][INFO] - Action delay is set to 0 milliseconds

2024-05-18 15:36:35 - [MESSAGE][PASSED] - Browser is opened with url: 'https://dev-algorithm.govolution.com/vlinktest/QA2/version_2_0/authcap.html'

2024-05-18 15:36:35 - [TEST_STEP][PASSED] - maximizeWindow(): Current window maximized

2024-05-18 15:36:35 - [MESSAGE][PASSED] - Current window maximized

2024-05-18 15:36:35 - [TEST_STEP][PASSED] - vlinkPages.saleCCPage.setDataSCC(row, dataFile): vlinkPages.saleCCPage.setDataSCC is PASSED

2024-05-18 15:36:38 - [MESSAGE][PASSED] - Object 'Object Repository/VLink/Page_CCSale/txt_CardNumber' is present

2024-05-18 15:36:39 - [MESSAGE][PASSED] - Text '104' is set on object 'Object Repository/VLink/Page_CCSale/txt_TransactionType'

2024-05-18 15:36:40 - [MESSAGE][PASSED] - Text '2.0C' is set on object 'Object Repository/VLink/Page_CCSale/txt_MessageVersion'

2024-05-18 15:36:40 - [MESSAGE][PASSED] - Text 'dCA9WiUuYLAg' is set on object 'Object Repository/VLink/Page_CCSale/txt_RemID'

2024-05-18 15:36:41 - [MESSAGE][PASSED] - Text '677' is set on object 'Object Repository/VLink/Page_CCSale/txt_ApplicationId'

2024-05-18 15:36:42 - [MESSAGE][PASSED] - Text 'username' is set on object 'Object Repository/VLink/Page_CCSale/txt_Username'

2024-05-18 15:36:42 - [MESSAGE][PASSED] - Text 'password' is set on object 'Object Repository/VLink/Page_CCSale/txt_Password'

2024-05-18 15:36:43 - [MESSAGE][PASSED] - Text 'fixed_width' is set on object 'Object Repository/VLink/Page_CCSale/txt_ResponseFormat'

2024-05-18 15:36:44 - [MESSAGE][PASSED] - Text 'ECOM' is set on object 'Object Repository/VLink/Page_CCSale/txt_Category'

2024-05-18 15:36:44 - [MESSAGE][PASSED] - Text '' is set on object 'Object Repository/VLink/Page_CCSale/txt_TransactionID'

2024-05-18 15:36:45 - [MESSAGE][PASSED] - Text '' is set on object 'Object Repository/VLink/Page_CCSale/txt_ApprovalCode'

2024-05-18 15:36:46 - [MESSAGE][PASSED] - Text 'Roshan Maha' is set on object 'Object Repository/VLink/Page_CCSale/txt_CardName'

2024-05-18 15:36:47 - [MESSAGE][PASSED] - Text '12563 Bazaar road' is set on object 'Object Repository/VLink/Page_CCSale/txt_AL1'

2024-05-18 15:36:47 - [MESSAGE][PASSED] - Text '' is set on object 'Object Repository/VLink/Page_CCSale/txt_AL2'

2024-05-18 15:36:48 - [MESSAGE][PASSED] - Text 'Crofton' is set on object 'Object Repository/VLink/Page_CCSale/txt_CardCity'

2024-05-18 15:36:49 - [MESSAGE][PASSED] - Text 'MD' is set on object 'Object Repository/VLink/Page_CCSale/txt_CardState'

2024-05-18 15:36:49 - [MESSAGE][PASSED] - Text '21114' is set on object 'Object Repository/VLink/Page_CCSale/txt_CardZIP'

2024-05-18 15:36:50 - [MESSAGE][PASSED] - Text '' is set on object 'Object Repository/VLink/Page_CCSale/txt_CountryID'

2024-05-18 15:36:51 - [MESSAGE][PASSED] - Text '3.50' is set on object 'Object Repository/VLink/Page_CCSale/txt_Amount'

2024-05-18 15:36:52 - [MESSAGE][PASSED] - Text '4111111111111111' is set on object 'Object Repository/VLink/Page_CCSale/txt_CardNumber'

2024-05-18 15:36:52 - [MESSAGE][PASSED] - Text '01' is set on object 'Object Repository/VLink/Page_CCSale/txt_ExpMonth'

2024-05-18 15:36:53 - [MESSAGE][PASSED] - Text '2026' is set on object 'Object Repository/VLink/Page_CCSale/txt_ExpYear'

2024-05-18 15:36:54 - [MESSAGE][PASSED] - Text '' is set on object 'Object Repository/VLink/Page_CCSale/txt_CVV'

2024-05-18 15:36:54 - [MESSAGE][PASSED] - Text '' is set on object 'Object Repository/VLink/Page_CCSale/txt_CVVstate'

2024-05-18 15:36:55 - [MESSAGE][PASSED] - Text '' is set on object 'Object Repository/VLink/Page_CCSale/txt_TrackData'

2024-05-18 15:36:56 - [MESSAGE][PASSED] - Text '' is set on object 'Object Repository/VLink/Page_CCSale/txt_Track1Data'

2024-05-18 15:36:56 - [MESSAGE][PASSED] - Text '' is set on object 'Object Repository/VLink/Page_CCSale/txt_Track2Data'

2024-05-18 15:36:57 - [MESSAGE][PASSED] - Text 'manual' is set on object 'Object Repository/VLink/Page_CCSale/txt_POSEntryMode'

2024-05-18 15:36:58 - [MESSAGE][PASSED] - Text '' is set on object 'Object Repository/VLink/Page_CCSale/txt_Email'

2024-05-18 15:36:58 - [MESSAGE][PASSED] - Text '' is set on object 'Object Repository/VLink/Page_CCSale/txt_OrderNumber'

2024-05-18 15:36:59 - [MESSAGE][PASSED] - Text '' is set on object 'Object Repository/VLink/Page_CCSale/txt_TaxAmount'

2024-05-18 15:37:00 - [MESSAGE][PASSED] - Text '' is set on object 'Object Repository/VLink/Page_CCSale/txt_ChargeDescription'

2024-05-18 15:37:00 - [MESSAGE][PASSED] - Text '' is set on object 'Object Repository/VLink/Page_CCSale/txt_CAN'

2024-05-18 15:37:01 - [MESSAGE][PASSED] - Text '' is set on object 'Object Repository/VLink/Page_CCSale/txt_BillPaymentIndicator'

2024-05-18 15:37:02 - [MESSAGE][PASSED] - Text '' is set on object 'Object Repository/VLink/Page_CCSale/txt_UDF1'

2024-05-18 15:37:02 - [MESSAGE][PASSED] - Text '' is set on object 'Object Repository/VLink/Page_CCSale/txt_UDF2'

2024-05-18 15:37:03 - [MESSAGE][PASSED] - Text '' is set on object 'Object Repository/VLink/Page_CCSale/txt_UDF3'

2024-05-18 15:37:04 - [MESSAGE][PASSED] - Text '' is set on object 'Object Repository/VLink/Page_CCSale/txt_UDF4'

2024-05-18 15:37:04 - [MESSAGE][PASSED] - Text '' is set on object 'Object Repository/VLink/Page_CCSale/txt_UDF5'

2024-05-18 15:37:05 - [MESSAGE][PASSED] - Text '' is set on object 'Object Repository/VLink/Page_CCSale/txt_UDF6'

2024-05-18 15:37:06 - [MESSAGE][PASSED] - Text '' is set on object 'Object Repository/VLink/Page_CCSale/txt_UDF7'

2024-05-18 15:37:06 - [MESSAGE][PASSED] - Text '' is set on object 'Object Repository/VLink/Page_CCSale/txt_UDF8'

2024-05-18 15:37:07 - [MESSAGE][PASSED] - Text '' is set on object 'Object Repository/VLink/Page_CCSale/txt_UDF9'

2024-05-18 15:37:08 - [MESSAGE][PASSED] - Text '' is set on object 'Object Repository/VLink/Page_CCSale/txt_UDF10'

2024-05-18 15:37:11 - [MESSAGE][PASSED] - Object: 'Object Repository/VLink/Page_CCSale/btn_ProcessVLinkTransaction' is clicked on

2024-05-18 15:37:16 - [MESSAGE][PASSED] - vlinkPages.saleCCPage.setDataSCC is PASSED

2024-05-18 15:37:16 - [TEST_STEP][PASSED] - if (verifyTextPresent("Transaction approved, no errors", true)): null

2024-05-18 15:37:16 - [MESSAGE][PASSED] - Text 'Transaction approved, no errors' is present on page  using regular expression

2024-05-18 15:37:16 - [TEST_STEP][PASSED] - println("Transaction Approved, no errors text is present on the Confirmation page"): null

2024-05-18 15:37:16 - [TEST_STEP][PASSED] - out.println("Pass Record Number: " + row): null

2024-05-18 15:37:16 - [TEST_STEP][PASSED] - resText = "Pass": null

2024-05-18 15:37:16 - [TEST_STEP][PASSED] - pages.WriteExcel.demoKey(resText, datText, resColumn, datCloumn, fileLoc, nameSheet, row): pages.WriteExcel.demoKey is PASSED

2024-05-18 15:37:16 - [MESSAGE][PASSED] - pages.WriteExcel.demoKey is PASSED

2024-05-18 15:37:16 - [TEST_STEP][PASSED] - sdfo = getText(findTestObject("Object Repository/Page_VLinkReceipt/pre_STX")): Text of object 'Object Repository/Page_VLinkReceipt/pre_STX' is: '<STX>dCA9WiUuYLAg                  12153196            0  Transaction approved, no errors                   0                                                                                  XXOK6271   <ETX>'

2024-05-18 15:37:17 - [MESSAGE][PASSED] - Text of object 'Object Repository/Page_VLinkReceipt/pre_STX' is: '<STX>dCA9WiUuYLAg                  12153196            0  Transaction approved, no errors                   0                                                                                  XXOK6271   <ETX>'

2024-05-18 15:37:17 - [TEST_STEP][PASSED] - out.println("sdfo: " + sdfo): null

2024-05-18 15:37:17 - [TEST_STEP][PASSED] - remID = substring(5, 35).trim(): null

2024-05-18 15:37:17 - [TEST_STEP][PASSED] - out.println("Remittance ID: " + remID): null

2024-05-18 15:37:17 - [TEST_STEP][PASSED] - traxID = substring(35, 55).trim(): null

2024-05-18 15:37:17 - [TEST_STEP][PASSED] - out.println("Transaction ID: " + traxID): null

2024-05-18 15:37:17 - [TEST_STEP][PASSED] - out.println("End Record Number: " + row): null

2024-05-18 15:37:17 - [TEST_STEP][PASSED] - closeBrowser(): Browser is closed

2024-05-18 15:37:18 - [MESSAGE][PASSED] - Browser is closed

2024-05-18 15:37:18 - [TEST_STEP][PASSED] - ExecuteTC = findTestData(dataFile).getValue("Execute", row): null

2024-05-18 15:37:18 - [TEST_STEP][PASSED] - out.println("Value of Execute is : " + ExecuteTC): null

2024-05-18 15:37:18 - [TEST_STEP][PASSED] - if (ExecuteTC.equalsIgnoreCase("Y")): Browser is closed

2024-05-18 15:37:18 - [TEST_STEP][PASSED] - out.println("Begin Record Number: " + row): null

2024-05-18 15:37:18 - [TEST_STEP][PASSED] - today = new java.util.Date(): null

2024-05-18 15:37:18 - [TEST_STEP][PASSED] - println(today): null

2024-05-18 15:37:18 - [TEST_STEP][PASSED] - datText = today: null

2024-05-18 15:37:18 - [TEST_STEP][PASSED] - openBrowser(VLinkURL + "authcap.html"): Browser is opened with url: 'https://dev-algorithm.govolution.com/vlinktest/QA2/version_2_0/authcap.html'

2024-05-18 15:37:18 - [MESSAGE][INFO] - Starting 'Chrome' driver

2024-05-18 15:37:18 - [MESSAGE][INFO] - User set preference: ['acceptInsecureCerts', 'true']

2024-05-18 15:37:18 - [MESSAGE][INFO] - Action delay is set to 0 milliseconds

2024-05-18 15:37:20 - [MESSAGE][PASSED] - Browser is opened with url: 'https://dev-algorithm.govolution.com/vlinktest/QA2/version_2_0/authcap.html'

2024-05-18 15:37:20 - [TEST_STEP][PASSED] - maximizeWindow(): Current window maximized

2024-05-18 15:37:20 - [MESSAGE][PASSED] - Current window maximized

2024-05-18 15:37:20 - [TEST_STEP][PASSED] - vlinkPages.saleCCPage.setDataSCC(row, dataFile): vlinkPages.saleCCPage.setDataSCC is PASSED

2024-05-18 15:37:23 - [MESSAGE][PASSED] - Object 'Object Repository/VLink/Page_CCSale/txt_CardNumber' is present

2024-05-18 15:37:24 - [MESSAGE][PASSED] - Text '104' is set on object 'Object Repository/VLink/Page_CCSale/txt_TransactionType'

2024-05-18 15:37:25 - [MESSAGE][PASSED] - Text '2.0C' is set on object 'Object Repository/VLink/Page_CCSale/txt_MessageVersion'

2024-05-18 15:37:26 - [MESSAGE][PASSED] - Text 'qV7x5JsLAwVU' is set on object 'Object Repository/VLink/Page_CCSale/txt_RemID'

2024-05-18 15:37:26 - [MESSAGE][PASSED] - Text '665' is set on object 'Object Repository/VLink/Page_CCSale/txt_ApplicationId'

2024-05-18 15:37:27 - [MESSAGE][PASSED] - Text 'username' is set on object 'Object Repository/VLink/Page_CCSale/txt_Username'

2024-05-18 15:37:28 - [MESSAGE][PASSED] - Text 'password' is set on object 'Object Repository/VLink/Page_CCSale/txt_Password'

2024-05-18 15:37:28 - [MESSAGE][PASSED] - Text 'fixed_width' is set on object 'Object Repository/VLink/Page_CCSale/txt_ResponseFormat'

2024-05-18 15:37:29 - [MESSAGE][PASSED] - Text 'ECOM' is set on object 'Object Repository/VLink/Page_CCSale/txt_Category'

2024-05-18 15:37:30 - [MESSAGE][PASSED] - Text '' is set on object 'Object Repository/VLink/Page_CCSale/txt_TransactionID'

2024-05-18 15:37:30 - [MESSAGE][PASSED] - Text '' is set on object 'Object Repository/VLink/Page_CCSale/txt_ApprovalCode'

2024-05-18 15:37:31 - [MESSAGE][PASSED] - Text 'Kris Roshan' is set on object 'Object Repository/VLink/Page_CCSale/txt_CardName'

2024-05-18 15:37:32 - [MESSAGE][PASSED] - Text '258 Elm Road' is set on object 'Object Repository/VLink/Page_CCSale/txt_AL1'

2024-05-18 15:37:33 - [MESSAGE][PASSED] - Text 'Suite 56' is set on object 'Object Repository/VLink/Page_CCSale/txt_AL2'

2024-05-18 15:37:33 - [MESSAGE][PASSED] - Text 'Arlington' is set on object 'Object Repository/VLink/Page_CCSale/txt_CardCity'

2024-05-18 15:37:34 - [MESSAGE][PASSED] - Text 'VA' is set on object 'Object Repository/VLink/Page_CCSale/txt_CardState'

2024-05-18 15:37:35 - [MESSAGE][PASSED] - Text '22201' is set on object 'Object Repository/VLink/Page_CCSale/txt_CardZIP'

2024-05-18 15:37:35 - [MESSAGE][PASSED] - Text '840' is set on object 'Object Repository/VLink/Page_CCSale/txt_CountryID'

2024-05-18 15:37:36 - [MESSAGE][PASSED] - Text '1.50' is set on object 'Object Repository/VLink/Page_CCSale/txt_Amount'

2024-05-18 15:37:37 - [MESSAGE][PASSED] - Text '5424000000000015' is set on object 'Object Repository/VLink/Page_CCSale/txt_CardNumber'

2024-05-18 15:37:37 - [MESSAGE][PASSED] - Text '12' is set on object 'Object Repository/VLink/Page_CCSale/txt_ExpMonth'

2024-05-18 15:37:38 - [MESSAGE][PASSED] - Text '2025' is set on object 'Object Repository/VLink/Page_CCSale/txt_ExpYear'

2024-05-18 15:37:38 - [MESSAGE][PASSED] - Text '' is set on object 'Object Repository/VLink/Page_CCSale/txt_CVV'

2024-05-18 15:37:39 - [MESSAGE][PASSED] - Text '' is set on object 'Object Repository/VLink/Page_CCSale/txt_CVVstate'

2024-05-18 15:37:40 - [MESSAGE][PASSED] - Text '' is set on object 'Object Repository/VLink/Page_CCSale/txt_TrackData'

2024-05-18 15:37:40 - [MESSAGE][PASSED] - Text '' is set on object 'Object Repository/VLink/Page_CCSale/txt_Track1Data'

2024-05-18 15:37:41 - [MESSAGE][PASSED] - Text '' is set on object 'Object Repository/VLink/Page_CCSale/txt_Track2Data'

2024-05-18 15:37:42 - [MESSAGE][PASSED] - Text 'manual' is set on object 'Object Repository/VLink/Page_CCSale/txt_POSEntryMode'

2024-05-18 15:37:42 - [MESSAGE][PASSED] - Text 'iahmed@govolution.com' is set on object 'Object Repository/VLink/Page_CCSale/txt_Email'

2024-05-18 15:37:43 - [MESSAGE][PASSED] - Text '2569362' is set on object 'Object Repository/VLink/Page_CCSale/txt_OrderNumber'

2024-05-18 15:37:43 - [MESSAGE][PASSED] - Text '1.15' is set on object 'Object Repository/VLink/Page_CCSale/txt_TaxAmount'

2024-05-18 15:37:44 - [MESSAGE][PASSED] - Text 'Charge Description' is set on object 'Object Repository/VLink/Page_CCSale/txt_ChargeDescription'

2024-05-18 15:37:45 - [MESSAGE][PASSED] - Text '147357' is set on object 'Object Repository/VLink/Page_CCSale/txt_CAN'

2024-05-18 15:37:45 - [MESSAGE][PASSED] - Text '1' is set on object 'Object Repository/VLink/Page_CCSale/txt_BillPaymentIndicator'

2024-05-18 15:37:46 - [MESSAGE][PASSED] - Text 'UDF Data 1' is set on object 'Object Repository/VLink/Page_CCSale/txt_UDF1'

2024-05-18 15:37:47 - [MESSAGE][PASSED] - Text 'UDF Data 2' is set on object 'Object Repository/VLink/Page_CCSale/txt_UDF2'

2024-05-18 15:37:47 - [MESSAGE][PASSED] - Text 'UDF Data 3' is set on object 'Object Repository/VLink/Page_CCSale/txt_UDF3'

2024-05-18 15:37:48 - [MESSAGE][PASSED] - Text 'UDF Data 4' is set on object 'Object Repository/VLink/Page_CCSale/txt_UDF4'

2024-05-18 15:37:48 - [MESSAGE][PASSED] - Text 'UDF Data 5' is set on object 'Object Repository/VLink/Page_CCSale/txt_UDF5'

2024-05-18 15:37:49 - [MESSAGE][PASSED] - Text 'UDF Data 6' is set on object 'Object Repository/VLink/Page_CCSale/txt_UDF6'

2024-05-18 15:37:50 - [MESSAGE][PASSED] - Text 'UDF Data 7' is set on object 'Object Repository/VLink/Page_CCSale/txt_UDF7'

2024-05-18 15:37:50 - [MESSAGE][PASSED] - Text 'UDF Data 8' is set on object 'Object Repository/VLink/Page_CCSale/txt_UDF8'

2024-05-18 15:37:51 - [MESSAGE][PASSED] - Text 'UDF Data 9' is set on object 'Object Repository/VLink/Page_CCSale/txt_UDF9'

2024-05-18 15:37:52 - [MESSAGE][PASSED] - Text 'UDF Data 10' is set on object 'Object Repository/VLink/Page_CCSale/txt_UDF10'

2024-05-18 15:37:53 - [MESSAGE][PASSED] - Object: 'Object Repository/VLink/Page_CCSale/btn_ProcessVLinkTransaction' is clicked on

2024-05-18 15:37:58 - [MESSAGE][PASSED] - vlinkPages.saleCCPage.setDataSCC is PASSED

2024-05-18 15:37:58 - [TEST_STEP][PASSED] - if (verifyTextPresent("Transaction approved, no errors", true)): null

2024-05-18 15:37:58 - [MESSAGE][PASSED] - Text 'Transaction approved, no errors' is present on page  using regular expression

2024-05-18 15:37:58 - [TEST_STEP][PASSED] - println("Transaction Approved, no errors text is present on the Confirmation page"): null

2024-05-18 15:37:58 - [TEST_STEP][PASSED] - out.println("Pass Record Number: " + row): null

2024-05-18 15:37:58 - [TEST_STEP][PASSED] - resText = "Pass": null

2024-05-18 15:37:58 - [TEST_STEP][PASSED] - pages.WriteExcel.demoKey(resText, datText, resColumn, datCloumn, fileLoc, nameSheet, row): pages.WriteExcel.demoKey is PASSED

2024-05-18 15:37:59 - [MESSAGE][PASSED] - pages.WriteExcel.demoKey is PASSED

2024-05-18 15:37:59 - [TEST_STEP][PASSED] - sdfo = getText(findTestObject("Object Repository/Page_VLinkReceipt/pre_STX")): Text of object 'Object Repository/Page_VLinkReceipt/pre_STX' is: '<STX>qV7x5JsLAwVU                  12153198            0  Transaction approved, no errors                   0                                                                                  XXOK4287   <ETX>'

2024-05-18 15:37:59 - [MESSAGE][PASSED] - Text of object 'Object Repository/Page_VLinkReceipt/pre_STX' is: '<STX>qV7x5JsLAwVU                  12153198            0  Transaction approved, no errors                   0                                                                                  XXOK4287   <ETX>'

2024-05-18 15:37:59 - [TEST_STEP][PASSED] - out.println("sdfo: " + sdfo): null

2024-05-18 15:37:59 - [TEST_STEP][PASSED] - remID = substring(5, 35).trim(): null

2024-05-18 15:37:59 - [TEST_STEP][PASSED] - out.println("Remittance ID: " + remID): null

2024-05-18 15:37:59 - [TEST_STEP][PASSED] - traxID = substring(35, 55).trim(): null

2024-05-18 15:37:59 - [TEST_STEP][PASSED] - out.println("Transaction ID: " + traxID): null

2024-05-18 15:37:59 - [TEST_STEP][PASSED] - out.println("End Record Number: " + row): null

2024-05-18 15:37:59 - [TEST_STEP][PASSED] - closeBrowser(): Browser is closed

2024-05-18 15:38:00 - [MESSAGE][PASSED] - Browser is closed

2024-05-18 15:38:00 - [TEST_STEP][PASSED] - ExecuteTC = findTestData(dataFile).getValue("Execute", row): null

2024-05-18 15:38:00 - [TEST_STEP][PASSED] - out.println("Value of Execute is : " + ExecuteTC): null

2024-05-18 15:38:00 - [TEST_STEP][PASSED] - if (ExecuteTC.equalsIgnoreCase("Y")): Browser is closed

2024-05-18 15:38:00 - [TEST_STEP][PASSED] - out.println("Begin Record Number: " + row): null

2024-05-18 15:38:00 - [TEST_STEP][PASSED] - today = new java.util.Date(): null

2024-05-18 15:38:00 - [TEST_STEP][PASSED] - println(today): null

2024-05-18 15:38:00 - [TEST_STEP][PASSED] - datText = today: null

2024-05-18 15:38:00 - [TEST_STEP][PASSED] - openBrowser(VLinkURL + "authcap.html"): Browser is opened with url: 'https://dev-algorithm.govolution.com/vlinktest/QA2/version_2_0/authcap.html'

2024-05-18 15:38:00 - [MESSAGE][INFO] - Starting 'Chrome' driver

2024-05-18 15:38:00 - [MESSAGE][INFO] - User set preference: ['acceptInsecureCerts', 'true']

2024-05-18 15:38:00 - [MESSAGE][INFO] - Action delay is set to 0 milliseconds

2024-05-18 15:38:03 - [MESSAGE][PASSED] - Browser is opened with url: 'https://dev-algorithm.govolution.com/vlinktest/QA2/version_2_0/authcap.html'

2024-05-18 15:38:03 - [TEST_STEP][PASSED] - maximizeWindow(): Current window maximized

2024-05-18 15:38:03 - [MESSAGE][PASSED] - Current window maximized

2024-05-18 15:38:03 - [TEST_STEP][PASSED] - vlinkPages.saleCCPage.setDataSCC(row, dataFile): vlinkPages.saleCCPage.setDataSCC is PASSED

2024-05-18 15:38:08 - [MESSAGE][PASSED] - Object 'Object Repository/VLink/Page_CCSale/txt_CardNumber' is present

2024-05-18 15:38:09 - [MESSAGE][PASSED] - Text '104' is set on object 'Object Repository/VLink/Page_CCSale/txt_TransactionType'

2024-05-18 15:38:10 - [MESSAGE][PASSED] - Text '2.0C' is set on object 'Object Repository/VLink/Page_CCSale/txt_MessageVersion'

2024-05-18 15:38:11 - [MESSAGE][PASSED] - Text 'tPuzMENmMouR' is set on object 'Object Repository/VLink/Page_CCSale/txt_RemID'

2024-05-18 15:38:11 - [MESSAGE][PASSED] - Text '672' is set on object 'Object Repository/VLink/Page_CCSale/txt_ApplicationId'

2024-05-18 15:38:12 - [MESSAGE][PASSED] - Text 'username' is set on object 'Object Repository/VLink/Page_CCSale/txt_Username'

2024-05-18 15:38:13 - [MESSAGE][PASSED] - Text 'password' is set on object 'Object Repository/VLink/Page_CCSale/txt_Password'

2024-05-18 15:38:13 - [MESSAGE][PASSED] - Text 'fixed_width' is set on object 'Object Repository/VLink/Page_CCSale/txt_ResponseFormat'

2024-05-18 15:38:14 - [MESSAGE][PASSED] - Text 'ECOM' is set on object 'Object Repository/VLink/Page_CCSale/txt_Category'

2024-05-18 15:38:15 - [MESSAGE][PASSED] - Text '' is set on object 'Object Repository/VLink/Page_CCSale/txt_TransactionID'

2024-05-18 15:38:16 - [MESSAGE][PASSED] - Text '' is set on object 'Object Repository/VLink/Page_CCSale/txt_ApprovalCode'

2024-05-18 15:38:16 - [MESSAGE][PASSED] - Text 'Arvind Silva' is set on object 'Object Repository/VLink/Page_CCSale/txt_CardName'

2024-05-18 15:38:17 - [MESSAGE][PASSED] - Text '111 Main Ave' is set on object 'Object Repository/VLink/Page_CCSale/txt_AL1'

2024-05-18 15:38:18 - [MESSAGE][PASSED] - Text '' is set on object 'Object Repository/VLink/Page_CCSale/txt_AL2'

2024-05-18 15:38:18 - [MESSAGE][PASSED] - Text 'Arlington' is set on object 'Object Repository/VLink/Page_CCSale/txt_CardCity'

2024-05-18 15:38:19 - [MESSAGE][PASSED] - Text 'VA' is set on object 'Object Repository/VLink/Page_CCSale/txt_CardState'

2024-05-18 15:38:20 - [MESSAGE][PASSED] - Text '22201' is set on object 'Object Repository/VLink/Page_CCSale/txt_CardZIP'

2024-05-18 15:38:20 - [MESSAGE][PASSED] - Text '' is set on object 'Object Repository/VLink/Page_CCSale/txt_CountryID'

2024-05-18 15:38:21 - [MESSAGE][PASSED] - Text '2.50' is set on object 'Object Repository/VLink/Page_CCSale/txt_Amount'

2024-05-18 15:38:21 - [MESSAGE][PASSED] - Text '5424000000000015' is set on object 'Object Repository/VLink/Page_CCSale/txt_CardNumber'

2024-05-18 15:38:22 - [MESSAGE][PASSED] - Text '01' is set on object 'Object Repository/VLink/Page_CCSale/txt_ExpMonth'

2024-05-18 15:38:23 - [MESSAGE][PASSED] - Text '2026' is set on object 'Object Repository/VLink/Page_CCSale/txt_ExpYear'

2024-05-18 15:38:24 - [MESSAGE][PASSED] - Text '' is set on object 'Object Repository/VLink/Page_CCSale/txt_CVV'

2024-05-18 15:38:24 - [MESSAGE][PASSED] - Text '' is set on object 'Object Repository/VLink/Page_CCSale/txt_CVVstate'

2024-05-18 15:38:25 - [MESSAGE][PASSED] - Text '' is set on object 'Object Repository/VLink/Page_CCSale/txt_TrackData'

2024-05-18 15:38:26 - [MESSAGE][PASSED] - Text '' is set on object 'Object Repository/VLink/Page_CCSale/txt_Track1Data'

2024-05-18 15:38:26 - [MESSAGE][PASSED] - Text '' is set on object 'Object Repository/VLink/Page_CCSale/txt_Track2Data'

2024-05-18 15:38:27 - [MESSAGE][PASSED] - Text 'manual' is set on object 'Object Repository/VLink/Page_CCSale/txt_POSEntryMode'

2024-05-18 15:38:28 - [MESSAGE][PASSED] - Text '' is set on object 'Object Repository/VLink/Page_CCSale/txt_Email'

2024-05-18 15:38:28 - [MESSAGE][PASSED] - Text '' is set on object 'Object Repository/VLink/Page_CCSale/txt_OrderNumber'

2024-05-18 15:38:29 - [MESSAGE][PASSED] - Text '' is set on object 'Object Repository/VLink/Page_CCSale/txt_TaxAmount'

2024-05-18 15:38:30 - [MESSAGE][PASSED] - Text '' is set on object 'Object Repository/VLink/Page_CCSale/txt_ChargeDescription'

2024-05-18 15:38:30 - [MESSAGE][PASSED] - Text '' is set on object 'Object Repository/VLink/Page_CCSale/txt_CAN'

2024-05-18 15:38:31 - [MESSAGE][PASSED] - Text '' is set on object 'Object Repository/VLink/Page_CCSale/txt_BillPaymentIndicator'

2024-05-18 15:38:32 - [MESSAGE][PASSED] - Text '' is set on object 'Object Repository/VLink/Page_CCSale/txt_UDF1'

2024-05-18 15:38:32 - [MESSAGE][PASSED] - Text '' is set on object 'Object Repository/VLink/Page_CCSale/txt_UDF2'

2024-05-18 15:38:33 - [MESSAGE][PASSED] - Text '' is set on object 'Object Repository/VLink/Page_CCSale/txt_UDF3'

2024-05-18 15:38:34 - [MESSAGE][PASSED] - Text '' is set on object 'Object Repository/VLink/Page_CCSale/txt_UDF4'

2024-05-18 15:38:34 - [MESSAGE][PASSED] - Text '' is set on object 'Object Repository/VLink/Page_CCSale/txt_UDF5'

2024-05-18 15:38:35 - [MESSAGE][PASSED] - Text '' is set on object 'Object Repository/VLink/Page_CCSale/txt_UDF6'

2024-05-18 15:38:36 - [MESSAGE][PASSED] - Text '' is set on object 'Object Repository/VLink/Page_CCSale/txt_UDF7'

2024-05-18 15:38:36 - [MESSAGE][PASSED] - Text '' is set on object 'Object Repository/VLink/Page_CCSale/txt_UDF8'

2024-05-18 15:38:37 - [MESSAGE][PASSED] - Text '' is set on object 'Object Repository/VLink/Page_CCSale/txt_UDF9'

2024-05-18 15:38:38 - [MESSAGE][PASSED] - Text '' is set on object 'Object Repository/VLink/Page_CCSale/txt_UDF10'

2024-05-18 15:38:40 - [MESSAGE][PASSED] - Object: 'Object Repository/VLink/Page_CCSale/btn_ProcessVLinkTransaction' is clicked on

2024-05-18 15:38:45 - [MESSAGE][PASSED] - vlinkPages.saleCCPage.setDataSCC is PASSED

2024-05-18 15:38:45 - [TEST_STEP][PASSED] - if (verifyTextPresent("Transaction approved, no errors", true)): null

2024-05-18 15:38:45 - [MESSAGE][PASSED] - Text 'Transaction approved, no errors' is present on page  using regular expression

2024-05-18 15:38:45 - [TEST_STEP][PASSED] - println("Transaction Approved, no errors text is present on the Confirmation page"): null

2024-05-18 15:38:45 - [TEST_STEP][PASSED] - out.println("Pass Record Number: " + row): null

2024-05-18 15:38:45 - [TEST_STEP][PASSED] - resText = "Pass": null

2024-05-18 15:38:45 - [TEST_STEP][PASSED] - pages.WriteExcel.demoKey(resText, datText, resColumn, datCloumn, fileLoc, nameSheet, row): pages.WriteExcel.demoKey is PASSED

2024-05-18 15:38:46 - [MESSAGE][PASSED] - pages.WriteExcel.demoKey is PASSED

2024-05-18 15:38:46 - [TEST_STEP][PASSED] - sdfo = getText(findTestObject("Object Repository/Page_VLinkReceipt/pre_STX")): Text of object 'Object Repository/Page_VLinkReceipt/pre_STX' is: '<STX>tPuzMENmMouR                  12153199            0  Transaction approved, no errors                   0                                                                                  XXOK6401   <ETX>'

2024-05-18 15:38:46 - [MESSAGE][PASSED] - Text of object 'Object Repository/Page_VLinkReceipt/pre_STX' is: '<STX>tPuzMENmMouR                  12153199            0  Transaction approved, no errors                   0                                                                                  XXOK6401   <ETX>'

2024-05-18 15:38:46 - [TEST_STEP][PASSED] - out.println("sdfo: " + sdfo): null

2024-05-18 15:38:46 - [TEST_STEP][PASSED] - remID = substring(5, 35).trim(): null

2024-05-18 15:38:46 - [TEST_STEP][PASSED] - out.println("Remittance ID: " + remID): null

2024-05-18 15:38:46 - [TEST_STEP][PASSED] - traxID = substring(35, 55).trim(): null

2024-05-18 15:38:46 - [TEST_STEP][PASSED] - out.println("Transaction ID: " + traxID): null

2024-05-18 15:38:46 - [TEST_STEP][PASSED] - out.println("End Record Number: " + row): null

2024-05-18 15:38:46 - [TEST_STEP][PASSED] - closeBrowser(): Browser is closed

2024-05-18 15:38:47 - [MESSAGE][PASSED] - Browser is closed

2024-05-18 15:38:47 - [TEST_STEP][PASSED] - ExecuteTC = findTestData(dataFile).getValue("Execute", row): null

2024-05-18 15:38:47 - [TEST_STEP][PASSED] - out.println("Value of Execute is : " + ExecuteTC): null

2024-05-18 15:38:47 - [TEST_STEP][PASSED] - if (ExecuteTC.equalsIgnoreCase("Y")): Browser is closed

2024-05-18 15:38:47 - [TEST_STEP][PASSED] - out.println("Begin Record Number: " + row): null

2024-05-18 15:38:47 - [TEST_STEP][PASSED] - today = new java.util.Date(): null

2024-05-18 15:38:47 - [TEST_STEP][PASSED] - println(today): null

2024-05-18 15:38:47 - [TEST_STEP][PASSED] - datText = today: null

2024-05-18 15:38:47 - [TEST_STEP][PASSED] - openBrowser(VLinkURL + "authcap.html"): Browser is opened with url: 'https://dev-algorithm.govolution.com/vlinktest/QA2/version_2_0/authcap.html'

2024-05-18 15:38:47 - [MESSAGE][INFO] - Starting 'Chrome' driver

2024-05-18 15:38:47 - [MESSAGE][INFO] - User set preference: ['acceptInsecureCerts', 'true']

2024-05-18 15:38:47 - [MESSAGE][INFO] - Action delay is set to 0 milliseconds

2024-05-18 15:38:49 - [MESSAGE][PASSED] - Browser is opened with url: 'https://dev-algorithm.govolution.com/vlinktest/QA2/version_2_0/authcap.html'

2024-05-18 15:38:49 - [TEST_STEP][PASSED] - maximizeWindow(): Current window maximized

2024-05-18 15:38:50 - [MESSAGE][PASSED] - Current window maximized

2024-05-18 15:38:50 - [TEST_STEP][PASSED] - vlinkPages.saleCCPage.setDataSCC(row, dataFile): vlinkPages.saleCCPage.setDataSCC is PASSED

2024-05-18 15:38:53 - [MESSAGE][PASSED] - Object 'Object Repository/VLink/Page_CCSale/txt_CardNumber' is present

2024-05-18 15:38:53 - [MESSAGE][PASSED] - Text '104' is set on object 'Object Repository/VLink/Page_CCSale/txt_TransactionType'

2024-05-18 15:38:54 - [MESSAGE][PASSED] - Text '2.0C' is set on object 'Object Repository/VLink/Page_CCSale/txt_MessageVersion'

2024-05-18 15:38:55 - [MESSAGE][PASSED] - Text 'P2ThmIsWxPn7' is set on object 'Object Repository/VLink/Page_CCSale/txt_RemID'

2024-05-18 15:38:55 - [MESSAGE][PASSED] - Text '677' is set on object 'Object Repository/VLink/Page_CCSale/txt_ApplicationId'

2024-05-18 15:38:56 - [MESSAGE][PASSED] - Text 'username' is set on object 'Object Repository/VLink/Page_CCSale/txt_Username'

2024-05-18 15:38:57 - [MESSAGE][PASSED] - Text 'password' is set on object 'Object Repository/VLink/Page_CCSale/txt_Password'

2024-05-18 15:38:57 - [MESSAGE][PASSED] - Text 'fixed_width' is set on object 'Object Repository/VLink/Page_CCSale/txt_ResponseFormat'

2024-05-18 15:38:58 - [MESSAGE][PASSED] - Text 'ECOM' is set on object 'Object Repository/VLink/Page_CCSale/txt_Category'

2024-05-18 15:38:59 - [MESSAGE][PASSED] - Text '' is set on object 'Object Repository/VLink/Page_CCSale/txt_TransactionID'

2024-05-18 15:38:59 - [MESSAGE][PASSED] - Text '' is set on object 'Object Repository/VLink/Page_CCSale/txt_ApprovalCode'

2024-05-18 15:39:00 - [MESSAGE][PASSED] - Text 'Roshan Maha' is set on object 'Object Repository/VLink/Page_CCSale/txt_CardName'

2024-05-18 15:39:01 - [MESSAGE][PASSED] - Text '12563 Bazaar road' is set on object 'Object Repository/VLink/Page_CCSale/txt_AL1'

2024-05-18 15:39:01 - [MESSAGE][PASSED] - Text '' is set on object 'Object Repository/VLink/Page_CCSale/txt_AL2'

2024-05-18 15:39:02 - [MESSAGE][PASSED] - Text 'Crofton' is set on object 'Object Repository/VLink/Page_CCSale/txt_CardCity'

2024-05-18 15:39:03 - [MESSAGE][PASSED] - Text 'MD' is set on object 'Object Repository/VLink/Page_CCSale/txt_CardState'

2024-05-18 15:39:03 - [MESSAGE][PASSED] - Text '21114' is set on object 'Object Repository/VLink/Page_CCSale/txt_CardZIP'

2024-05-18 15:39:04 - [MESSAGE][PASSED] - Text '' is set on object 'Object Repository/VLink/Page_CCSale/txt_CountryID'

2024-05-18 15:39:05 - [MESSAGE][PASSED] - Text '3.50' is set on object 'Object Repository/VLink/Page_CCSale/txt_Amount'

2024-05-18 15:39:05 - [MESSAGE][PASSED] - Text '5424000000000015' is set on object 'Object Repository/VLink/Page_CCSale/txt_CardNumber'

2024-05-18 15:39:06 - [MESSAGE][PASSED] - Text '01' is set on object 'Object Repository/VLink/Page_CCSale/txt_ExpMonth'

2024-05-18 15:39:07 - [MESSAGE][PASSED] - Text '2026' is set on object 'Object Repository/VLink/Page_CCSale/txt_ExpYear'

2024-05-18 15:39:08 - [MESSAGE][PASSED] - Text '' is set on object 'Object Repository/VLink/Page_CCSale/txt_CVV'

2024-05-18 15:39:08 - [MESSAGE][PASSED] - Text '' is set on object 'Object Repository/VLink/Page_CCSale/txt_CVVstate'

2024-05-18 15:39:09 - [MESSAGE][PASSED] - Text '' is set on object 'Object Repository/VLink/Page_CCSale/txt_TrackData'

2024-05-18 15:39:10 - [MESSAGE][PASSED] - Text '' is set on object 'Object Repository/VLink/Page_CCSale/txt_Track1Data'

2024-05-18 15:39:10 - [MESSAGE][PASSED] - Text '' is set on object 'Object Repository/VLink/Page_CCSale/txt_Track2Data'

2024-05-18 15:39:11 - [MESSAGE][PASSED] - Text 'manual' is set on object 'Object Repository/VLink/Page_CCSale/txt_POSEntryMode'

2024-05-18 15:39:12 - [MESSAGE][PASSED] - Text '' is set on object 'Object Repository/VLink/Page_CCSale/txt_Email'

2024-05-18 15:39:12 - [MESSAGE][PASSED] - Text '' is set on object 'Object Repository/VLink/Page_CCSale/txt_OrderNumber'

2024-05-18 15:39:13 - [MESSAGE][PASSED] - Text '' is set on object 'Object Repository/VLink/Page_CCSale/txt_TaxAmount'

2024-05-18 15:39:14 - [MESSAGE][PASSED] - Text '' is set on object 'Object Repository/VLink/Page_CCSale/txt_ChargeDescription'

2024-05-18 15:39:14 - [MESSAGE][PASSED] - Text '' is set on object 'Object Repository/VLink/Page_CCSale/txt_CAN'

2024-05-18 15:39:15 - [MESSAGE][PASSED] - Text '' is set on object 'Object Repository/VLink/Page_CCSale/txt_BillPaymentIndicator'

2024-05-18 15:39:16 - [MESSAGE][PASSED] - Text '' is set on object 'Object Repository/VLink/Page_CCSale/txt_UDF1'

2024-05-18 15:39:16 - [MESSAGE][PASSED] - Text '' is set on object 'Object Repository/VLink/Page_CCSale/txt_UDF2'

2024-05-18 15:39:17 - [MESSAGE][PASSED] - Text '' is set on object 'Object Repository/VLink/Page_CCSale/txt_UDF3'

2024-05-18 15:39:18 - [MESSAGE][PASSED] - Text '' is set on object 'Object Repository/VLink/Page_CCSale/txt_UDF4'

2024-05-18 15:39:18 - [MESSAGE][PASSED] - Text '' is set on object 'Object Repository/VLink/Page_CCSale/txt_UDF5'

2024-05-18 15:39:19 - [MESSAGE][PASSED] - Text '' is set on object 'Object Repository/VLink/Page_CCSale/txt_UDF6'

2024-05-18 15:39:20 - [MESSAGE][PASSED] - Text '' is set on object 'Object Repository/VLink/Page_CCSale/txt_UDF7'

2024-05-18 15:39:20 - [MESSAGE][PASSED] - Text '' is set on object 'Object Repository/VLink/Page_CCSale/txt_UDF8'

2024-05-18 15:39:21 - [MESSAGE][PASSED] - Text '' is set on object 'Object Repository/VLink/Page_CCSale/txt_UDF9'

2024-05-18 15:39:21 - [MESSAGE][PASSED] - Text '' is set on object 'Object Repository/VLink/Page_CCSale/txt_UDF10'

2024-05-18 15:39:23 - [MESSAGE][PASSED] - Object: 'Object Repository/VLink/Page_CCSale/btn_ProcessVLinkTransaction' is clicked on

2024-05-18 15:39:28 - [MESSAGE][PASSED] - vlinkPages.saleCCPage.setDataSCC is PASSED

2024-05-18 15:39:28 - [TEST_STEP][PASSED] - if (verifyTextPresent("Transaction approved, no errors", true)): null

2024-05-18 15:39:28 - [MESSAGE][PASSED] - Text 'Transaction approved, no errors' is present on page  using regular expression

2024-05-18 15:39:28 - [TEST_STEP][PASSED] - println("Transaction Approved, no errors text is present on the Confirmation page"): null

2024-05-18 15:39:28 - [TEST_STEP][PASSED] - out.println("Pass Record Number: " + row): null

2024-05-18 15:39:28 - [TEST_STEP][PASSED] - resText = "Pass": null

2024-05-18 15:39:28 - [TEST_STEP][PASSED] - pages.WriteExcel.demoKey(resText, datText, resColumn, datCloumn, fileLoc, nameSheet, row): pages.WriteExcel.demoKey is PASSED

2024-05-18 15:39:28 - [MESSAGE][PASSED] - pages.WriteExcel.demoKey is PASSED

2024-05-18 15:39:28 - [TEST_STEP][PASSED] - sdfo = getText(findTestObject("Object Repository/Page_VLinkReceipt/pre_STX")): Text of object 'Object Repository/Page_VLinkReceipt/pre_STX' is: '<STX>P2ThmIsWxPn7                  12153200            0  Transaction approved, no errors                   0                                                                                  XXOK4557   <ETX>'

2024-05-18 15:39:29 - [MESSAGE][PASSED] - Text of object 'Object Repository/Page_VLinkReceipt/pre_STX' is: '<STX>P2ThmIsWxPn7                  12153200            0  Transaction approved, no errors                   0                                                                                  XXOK4557   <ETX>'

2024-05-18 15:39:29 - [TEST_STEP][PASSED] - out.println("sdfo: " + sdfo): null

2024-05-18 15:39:29 - [TEST_STEP][PASSED] - remID = substring(5, 35).trim(): null

2024-05-18 15:39:29 - [TEST_STEP][PASSED] - out.println("Remittance ID: " + remID): null

2024-05-18 15:39:29 - [TEST_STEP][PASSED] - traxID = substring(35, 55).trim(): null

2024-05-18 15:39:29 - [TEST_STEP][PASSED] - out.println("Transaction ID: " + traxID): null

2024-05-18 15:39:29 - [TEST_STEP][PASSED] - out.println("End Record Number: " + row): null

2024-05-18 15:39:29 - [TEST_STEP][PASSED] - closeBrowser(): Browser is closed

2024-05-18 15:39:30 - [MESSAGE][PASSED] - Browser is closed

2024-05-18 15:39:30 - [TEST_STEP][PASSED] - ExecuteTC = findTestData(dataFile).getValue("Execute", row): null

2024-05-18 15:39:30 - [TEST_STEP][PASSED] - out.println("Value of Execute is : " + ExecuteTC): null

2024-05-18 15:39:30 - [TEST_STEP][PASSED] - if (ExecuteTC.equalsIgnoreCase("Y")): Browser is closed

2024-05-18 15:39:30 - [TEST_STEP][PASSED] - out.println("Begin Record Number: " + row): null

2024-05-18 15:39:30 - [TEST_STEP][PASSED] - today = new java.util.Date(): null

2024-05-18 15:39:30 - [TEST_STEP][PASSED] - println(today): null

2024-05-18 15:39:30 - [TEST_STEP][PASSED] - datText = today: null

2024-05-18 15:39:30 - [TEST_STEP][PASSED] - openBrowser(VLinkURL + "authcap.html"): Browser is opened with url: 'https://dev-algorithm.govolution.com/vlinktest/QA2/version_2_0/authcap.html'

2024-05-18 15:39:30 - [MESSAGE][INFO] - Starting 'Chrome' driver

2024-05-18 15:39:30 - [MESSAGE][INFO] - User set preference: ['acceptInsecureCerts', 'true']

2024-05-18 15:39:30 - [MESSAGE][INFO] - Action delay is set to 0 milliseconds

2024-05-18 15:39:32 - [MESSAGE][PASSED] - Browser is opened with url: 'https://dev-algorithm.govolution.com/vlinktest/QA2/version_2_0/authcap.html'

2024-05-18 15:39:32 - [TEST_STEP][PASSED] - maximizeWindow(): Current window maximized

2024-05-18 15:39:32 - [MESSAGE][PASSED] - Current window maximized

2024-05-18 15:39:32 - [TEST_STEP][PASSED] - vlinkPages.saleCCPage.setDataSCC(row, dataFile): vlinkPages.saleCCPage.setDataSCC is PASSED

2024-05-18 15:39:35 - [MESSAGE][PASSED] - Object 'Object Repository/VLink/Page_CCSale/txt_CardNumber' is present

2024-05-18 15:39:36 - [MESSAGE][PASSED] - Text '104' is set on object 'Object Repository/VLink/Page_CCSale/txt_TransactionType'

2024-05-18 15:39:37 - [MESSAGE][PASSED] - Text '2.0C' is set on object 'Object Repository/VLink/Page_CCSale/txt_MessageVersion'

2024-05-18 15:39:37 - [MESSAGE][PASSED] - Text 'nIHpo25rA6jB' is set on object 'Object Repository/VLink/Page_CCSale/txt_RemID'

2024-05-18 15:39:38 - [MESSAGE][PASSED] - Text '665' is set on object 'Object Repository/VLink/Page_CCSale/txt_ApplicationId'

2024-05-18 15:39:39 - [MESSAGE][PASSED] - Text 'username' is set on object 'Object Repository/VLink/Page_CCSale/txt_Username'

2024-05-18 15:39:39 - [MESSAGE][PASSED] - Text 'password' is set on object 'Object Repository/VLink/Page_CCSale/txt_Password'

2024-05-18 15:39:40 - [MESSAGE][PASSED] - Text 'fixed_width' is set on object 'Object Repository/VLink/Page_CCSale/txt_ResponseFormat'

2024-05-18 15:39:41 - [MESSAGE][PASSED] - Text 'ECOM' is set on object 'Object Repository/VLink/Page_CCSale/txt_Category'

2024-05-18 15:39:42 - [MESSAGE][PASSED] - Text '' is set on object 'Object Repository/VLink/Page_CCSale/txt_TransactionID'

2024-05-18 15:39:42 - [MESSAGE][PASSED] - Text '' is set on object 'Object Repository/VLink/Page_CCSale/txt_ApprovalCode'

2024-05-18 15:39:43 - [MESSAGE][PASSED] - Text 'Kris Roshan' is set on object 'Object Repository/VLink/Page_CCSale/txt_CardName'

2024-05-18 15:39:44 - [MESSAGE][PASSED] - Text '258 Elm Road' is set on object 'Object Repository/VLink/Page_CCSale/txt_AL1'

2024-05-18 15:39:45 - [MESSAGE][PASSED] - Text 'Suite 56' is set on object 'Object Repository/VLink/Page_CCSale/txt_AL2'

2024-05-18 15:39:45 - [MESSAGE][PASSED] - Text 'Arlington' is set on object 'Object Repository/VLink/Page_CCSale/txt_CardCity'

2024-05-18 15:39:46 - [MESSAGE][PASSED] - Text 'VA' is set on object 'Object Repository/VLink/Page_CCSale/txt_CardState'

2024-05-18 15:39:47 - [MESSAGE][PASSED] - Text '22201' is set on object 'Object Repository/VLink/Page_CCSale/txt_CardZIP'

2024-05-18 15:39:47 - [MESSAGE][PASSED] - Text '840' is set on object 'Object Repository/VLink/Page_CCSale/txt_CountryID'

2024-05-18 15:39:48 - [MESSAGE][PASSED] - Text '1.50' is set on object 'Object Repository/VLink/Page_CCSale/txt_Amount'

2024-05-18 15:39:49 - [MESSAGE][PASSED] - Text '370000000000002' is set on object 'Object Repository/VLink/Page_CCSale/txt_CardNumber'

2024-05-18 15:39:49 - [MESSAGE][PASSED] - Text '12' is set on object 'Object Repository/VLink/Page_CCSale/txt_ExpMonth'

2024-05-18 15:39:50 - [MESSAGE][PASSED] - Text '2025' is set on object 'Object Repository/VLink/Page_CCSale/txt_ExpYear'

2024-05-18 15:39:51 - [MESSAGE][PASSED] - Text '' is set on object 'Object Repository/VLink/Page_CCSale/txt_CVV'

2024-05-18 15:39:51 - [MESSAGE][PASSED] - Text '' is set on object 'Object Repository/VLink/Page_CCSale/txt_CVVstate'

2024-05-18 15:39:52 - [MESSAGE][PASSED] - Text '' is set on object 'Object Repository/VLink/Page_CCSale/txt_TrackData'

2024-05-18 15:39:53 - [MESSAGE][PASSED] - Text '' is set on object 'Object Repository/VLink/Page_CCSale/txt_Track1Data'

2024-05-18 15:39:53 - [MESSAGE][PASSED] - Text '' is set on object 'Object Repository/VLink/Page_CCSale/txt_Track2Data'

2024-05-18 15:39:54 - [MESSAGE][PASSED] - Text 'manual' is set on object 'Object Repository/VLink/Page_CCSale/txt_POSEntryMode'

2024-05-18 15:39:55 - [MESSAGE][PASSED] - Text 'iahmed@govolution.com' is set on object 'Object Repository/VLink/Page_CCSale/txt_Email'

2024-05-18 15:39:55 - [MESSAGE][PASSED] - Text '2569362' is set on object 'Object Repository/VLink/Page_CCSale/txt_OrderNumber'

2024-05-18 15:39:56 - [MESSAGE][PASSED] - Text '1.15' is set on object 'Object Repository/VLink/Page_CCSale/txt_TaxAmount'

2024-05-18 15:39:57 - [MESSAGE][PASSED] - Text 'Charge Description' is set on object 'Object Repository/VLink/Page_CCSale/txt_ChargeDescription'

2024-05-18 15:39:57 - [MESSAGE][PASSED] - Text '147357' is set on object 'Object Repository/VLink/Page_CCSale/txt_CAN'

2024-05-18 15:39:58 - [MESSAGE][PASSED] - Text '1' is set on object 'Object Repository/VLink/Page_CCSale/txt_BillPaymentIndicator'

2024-05-18 15:39:59 - [MESSAGE][PASSED] - Text 'UDF Data 1' is set on object 'Object Repository/VLink/Page_CCSale/txt_UDF1'

2024-05-18 15:40:00 - [MESSAGE][PASSED] - Text 'UDF Data 2' is set on object 'Object Repository/VLink/Page_CCSale/txt_UDF2'

2024-05-18 15:40:00 - [MESSAGE][PASSED] - Text 'UDF Data 3' is set on object 'Object Repository/VLink/Page_CCSale/txt_UDF3'

2024-05-18 15:40:01 - [MESSAGE][PASSED] - Text 'UDF Data 4' is set on object 'Object Repository/VLink/Page_CCSale/txt_UDF4'

2024-05-18 15:40:02 - [MESSAGE][PASSED] - Text 'UDF Data 5' is set on object 'Object Repository/VLink/Page_CCSale/txt_UDF5'

2024-05-18 15:40:02 - [MESSAGE][PASSED] - Text 'UDF Data 6' is set on object 'Object Repository/VLink/Page_CCSale/txt_UDF6'

2024-05-18 15:40:03 - [MESSAGE][PASSED] - Text 'UDF Data 7' is set on object 'Object Repository/VLink/Page_CCSale/txt_UDF7'

2024-05-18 15:40:04 - [MESSAGE][PASSED] - Text 'UDF Data 8' is set on object 'Object Repository/VLink/Page_CCSale/txt_UDF8'

2024-05-18 15:40:04 - [MESSAGE][PASSED] - Text 'UDF Data 9' is set on object 'Object Repository/VLink/Page_CCSale/txt_UDF9'

2024-05-18 15:40:05 - [MESSAGE][PASSED] - Text 'UDF Data 10' is set on object 'Object Repository/VLink/Page_CCSale/txt_UDF10'

2024-05-18 15:40:08 - [MESSAGE][PASSED] - Object: 'Object Repository/VLink/Page_CCSale/btn_ProcessVLinkTransaction' is clicked on

2024-05-18 15:40:13 - [MESSAGE][PASSED] - vlinkPages.saleCCPage.setDataSCC is PASSED

2024-05-18 15:40:13 - [TEST_STEP][PASSED] - if (verifyTextPresent("Transaction approved, no errors", true)): null

2024-05-18 15:40:13 - [MESSAGE][PASSED] - Text 'Transaction approved, no errors' is present on page  using regular expression

2024-05-18 15:40:13 - [TEST_STEP][PASSED] - println("Transaction Approved, no errors text is present on the Confirmation page"): null

2024-05-18 15:40:13 - [TEST_STEP][PASSED] - out.println("Pass Record Number: " + row): null

2024-05-18 15:40:13 - [TEST_STEP][PASSED] - resText = "Pass": null

2024-05-18 15:40:13 - [TEST_STEP][PASSED] - pages.WriteExcel.demoKey(resText, datText, resColumn, datCloumn, fileLoc, nameSheet, row): pages.WriteExcel.demoKey is PASSED

2024-05-18 15:40:13 - [MESSAGE][PASSED] - pages.WriteExcel.demoKey is PASSED

2024-05-18 15:40:13 - [TEST_STEP][PASSED] - sdfo = getText(findTestObject("Object Repository/Page_VLinkReceipt/pre_STX")): Text of object 'Object Repository/Page_VLinkReceipt/pre_STX' is: '<STX>nIHpo25rA6jB                  12153202            0  Transaction approved, no errors                   0                                                                                  X OK6611   <ETX>'

2024-05-18 15:40:13 - [MESSAGE][PASSED] - Text of object 'Object Repository/Page_VLinkReceipt/pre_STX' is: '<STX>nIHpo25rA6jB                  12153202            0  Transaction approved, no errors                   0                                                                                  X OK6611   <ETX>'

2024-05-18 15:40:13 - [TEST_STEP][PASSED] - out.println("sdfo: " + sdfo): null

2024-05-18 15:40:13 - [TEST_STEP][PASSED] - remID = substring(5, 35).trim(): null

2024-05-18 15:40:13 - [TEST_STEP][PASSED] - out.println("Remittance ID: " + remID): null

2024-05-18 15:40:13 - [TEST_STEP][PASSED] - traxID = substring(35, 55).trim(): null

2024-05-18 15:40:13 - [TEST_STEP][PASSED] - out.println("Transaction ID: " + traxID): null

2024-05-18 15:40:13 - [TEST_STEP][PASSED] - out.println("End Record Number: " + row): null

2024-05-18 15:40:13 - [TEST_STEP][PASSED] - closeBrowser(): Browser is closed

2024-05-18 15:40:15 - [MESSAGE][PASSED] - Browser is closed

2024-05-18 15:40:15 - [TEST_STEP][PASSED] - ExecuteTC = findTestData(dataFile).getValue("Execute", row): null

2024-05-18 15:40:15 - [TEST_STEP][PASSED] - out.println("Value of Execute is : " + ExecuteTC): null

2024-05-18 15:40:15 - [TEST_STEP][PASSED] - if (ExecuteTC.equalsIgnoreCase("Y")): Browser is closed

2024-05-18 15:40:15 - [TEST_STEP][PASSED] - out.println("Begin Record Number: " + row): null

2024-05-18 15:40:15 - [TEST_STEP][PASSED] - today = new java.util.Date(): null

2024-05-18 15:40:15 - [TEST_STEP][PASSED] - println(today): null

2024-05-18 15:40:15 - [TEST_STEP][PASSED] - datText = today: null

2024-05-18 15:40:15 - [TEST_STEP][PASSED] - openBrowser(VLinkURL + "authcap.html"): Browser is opened with url: 'https://dev-algorithm.govolution.com/vlinktest/QA2/version_2_0/authcap.html'

2024-05-18 15:40:15 - [MESSAGE][INFO] - Starting 'Chrome' driver

2024-05-18 15:40:15 - [MESSAGE][INFO] - User set preference: ['acceptInsecureCerts', 'true']

2024-05-18 15:40:15 - [MESSAGE][INFO] - Action delay is set to 0 milliseconds

2024-05-18 15:40:17 - [MESSAGE][PASSED] - Browser is opened with url: 'https://dev-algorithm.govolution.com/vlinktest/QA2/version_2_0/authcap.html'

2024-05-18 15:40:17 - [TEST_STEP][PASSED] - maximizeWindow(): Current window maximized

2024-05-18 15:40:17 - [MESSAGE][PASSED] - Current window maximized

2024-05-18 15:40:17 - [TEST_STEP][PASSED] - vlinkPages.saleCCPage.setDataSCC(row, dataFile): vlinkPages.saleCCPage.setDataSCC is PASSED

2024-05-18 15:40:20 - [MESSAGE][PASSED] - Object 'Object Repository/VLink/Page_CCSale/txt_CardNumber' is present

2024-05-18 15:40:21 - [MESSAGE][PASSED] - Text '104' is set on object 'Object Repository/VLink/Page_CCSale/txt_TransactionType'

2024-05-18 15:40:21 - [MESSAGE][PASSED] - Text '2.0C' is set on object 'Object Repository/VLink/Page_CCSale/txt_MessageVersion'

2024-05-18 15:40:22 - [MESSAGE][PASSED] - Text 'sqwDQcotGHMx' is set on object 'Object Repository/VLink/Page_CCSale/txt_RemID'

2024-05-18 15:40:23 - [MESSAGE][PASSED] - Text '672' is set on object 'Object Repository/VLink/Page_CCSale/txt_ApplicationId'

2024-05-18 15:40:24 - [MESSAGE][PASSED] - Text 'username' is set on object 'Object Repository/VLink/Page_CCSale/txt_Username'

2024-05-18 15:40:24 - [MESSAGE][PASSED] - Text 'password' is set on object 'Object Repository/VLink/Page_CCSale/txt_Password'

2024-05-18 15:40:25 - [MESSAGE][PASSED] - Text 'fixed_width' is set on object 'Object Repository/VLink/Page_CCSale/txt_ResponseFormat'

2024-05-18 15:40:26 - [MESSAGE][PASSED] - Text 'ECOM' is set on object 'Object Repository/VLink/Page_CCSale/txt_Category'

2024-05-18 15:40:26 - [MESSAGE][PASSED] - Text '' is set on object 'Object Repository/VLink/Page_CCSale/txt_TransactionID'

2024-05-18 15:40:27 - [MESSAGE][PASSED] - Text '' is set on object 'Object Repository/VLink/Page_CCSale/txt_ApprovalCode'

2024-05-18 15:40:28 - [MESSAGE][PASSED] - Text 'Arvind Silva' is set on object 'Object Repository/VLink/Page_CCSale/txt_CardName'

2024-05-18 15:40:29 - [MESSAGE][PASSED] - Text '111 Main Ave' is set on object 'Object Repository/VLink/Page_CCSale/txt_AL1'

2024-05-18 15:40:29 - [MESSAGE][PASSED] - Text '' is set on object 'Object Repository/VLink/Page_CCSale/txt_AL2'

2024-05-18 15:40:30 - [MESSAGE][PASSED] - Text 'Arlington' is set on object 'Object Repository/VLink/Page_CCSale/txt_CardCity'

2024-05-18 15:40:31 - [MESSAGE][PASSED] - Text 'VA' is set on object 'Object Repository/VLink/Page_CCSale/txt_CardState'

2024-05-18 15:40:31 - [MESSAGE][PASSED] - Text '22201' is set on object 'Object Repository/VLink/Page_CCSale/txt_CardZIP'

2024-05-18 15:40:32 - [MESSAGE][PASSED] - Text '' is set on object 'Object Repository/VLink/Page_CCSale/txt_CountryID'

2024-05-18 15:40:33 - [MESSAGE][PASSED] - Text '2.50' is set on object 'Object Repository/VLink/Page_CCSale/txt_Amount'

2024-05-18 15:40:33 - [MESSAGE][PASSED] - Text '370000000000002' is set on object 'Object Repository/VLink/Page_CCSale/txt_CardNumber'

2024-05-18 15:40:34 - [MESSAGE][PASSED] - Text '01' is set on object 'Object Repository/VLink/Page_CCSale/txt_ExpMonth'

2024-05-18 15:40:35 - [MESSAGE][PASSED] - Text '2026' is set on object 'Object Repository/VLink/Page_CCSale/txt_ExpYear'

2024-05-18 15:40:36 - [MESSAGE][PASSED] - Text '' is set on object 'Object Repository/VLink/Page_CCSale/txt_CVV'

2024-05-18 15:40:36 - [MESSAGE][PASSED] - Text '' is set on object 'Object Repository/VLink/Page_CCSale/txt_CVVstate'

2024-05-18 15:40:37 - [MESSAGE][PASSED] - Text '' is set on object 'Object Repository/VLink/Page_CCSale/txt_TrackData'

2024-05-18 15:40:38 - [MESSAGE][PASSED] - Text '' is set on object 'Object Repository/VLink/Page_CCSale/txt_Track1Data'

2024-05-18 15:40:38 - [MESSAGE][PASSED] - Text '' is set on object 'Object Repository/VLink/Page_CCSale/txt_Track2Data'

2024-05-18 15:40:39 - [MESSAGE][PASSED] - Text 'manual' is set on object 'Object Repository/VLink/Page_CCSale/txt_POSEntryMode'

2024-05-18 15:40:40 - [MESSAGE][PASSED] - Text '' is set on object 'Object Repository/VLink/Page_CCSale/txt_Email'

2024-05-18 15:40:40 - [MESSAGE][PASSED] - Text '' is set on object 'Object Repository/VLink/Page_CCSale/txt_OrderNumber'

2024-05-18 15:40:41 - [MESSAGE][PASSED] - Text '' is set on object 'Object Repository/VLink/Page_CCSale/txt_TaxAmount'

2024-05-18 15:40:42 - [MESSAGE][PASSED] - Text '' is set on object 'Object Repository/VLink/Page_CCSale/txt_ChargeDescription'

2024-05-18 15:40:42 - [MESSAGE][PASSED] - Text '' is set on object 'Object Repository/VLink/Page_CCSale/txt_CAN'

2024-05-18 15:40:43 - [MESSAGE][PASSED] - Text '' is set on object 'Object Repository/VLink/Page_CCSale/txt_BillPaymentIndicator'

2024-05-18 15:40:44 - [MESSAGE][PASSED] - Text '' is set on object 'Object Repository/VLink/Page_CCSale/txt_UDF1'

2024-05-18 15:40:44 - [MESSAGE][PASSED] - Text '' is set on object 'Object Repository/VLink/Page_CCSale/txt_UDF2'

2024-05-18 15:40:45 - [MESSAGE][PASSED] - Text '' is set on object 'Object Repository/VLink/Page_CCSale/txt_UDF3'

2024-05-18 15:40:46 - [MESSAGE][PASSED] - Text '' is set on object 'Object Repository/VLink/Page_CCSale/txt_UDF4'

2024-05-18 15:40:46 - [MESSAGE][PASSED] - Text '' is set on object 'Object Repository/VLink/Page_CCSale/txt_UDF5'

2024-05-18 15:40:47 - [MESSAGE][PASSED] - Text '' is set on object 'Object Repository/VLink/Page_CCSale/txt_UDF6'

2024-05-18 15:40:48 - [MESSAGE][PASSED] - Text '' is set on object 'Object Repository/VLink/Page_CCSale/txt_UDF7'

2024-05-18 15:40:48 - [MESSAGE][PASSED] - Text '' is set on object 'Object Repository/VLink/Page_CCSale/txt_UDF8'

2024-05-18 15:40:49 - [MESSAGE][PASSED] - Text '' is set on object 'Object Repository/VLink/Page_CCSale/txt_UDF9'

2024-05-18 15:40:50 - [MESSAGE][PASSED] - Text '' is set on object 'Object Repository/VLink/Page_CCSale/txt_UDF10'

2024-05-18 15:40:51 - [MESSAGE][PASSED] - Object: 'Object Repository/VLink/Page_CCSale/btn_ProcessVLinkTransaction' is clicked on

2024-05-18 15:40:56 - [MESSAGE][PASSED] - vlinkPages.saleCCPage.setDataSCC is PASSED

2024-05-18 15:40:56 - [TEST_STEP][PASSED] - if (verifyTextPresent("Transaction approved, no errors", true)): null

2024-05-18 15:40:56 - [MESSAGE][PASSED] - Text 'Transaction approved, no errors' is present on page  using regular expression

2024-05-18 15:40:56 - [TEST_STEP][PASSED] - println("Transaction Approved, no errors text is present on the Confirmation page"): null

2024-05-18 15:40:56 - [TEST_STEP][PASSED] - out.println("Pass Record Number: " + row): null

2024-05-18 15:40:56 - [TEST_STEP][PASSED] - resText = "Pass": null

2024-05-18 15:40:56 - [TEST_STEP][PASSED] - pages.WriteExcel.demoKey(resText, datText, resColumn, datCloumn, fileLoc, nameSheet, row): pages.WriteExcel.demoKey is PASSED

2024-05-18 15:40:56 - [MESSAGE][PASSED] - pages.WriteExcel.demoKey is PASSED

2024-05-18 15:40:56 - [TEST_STEP][PASSED] - sdfo = getText(findTestObject("Object Repository/Page_VLinkReceipt/pre_STX")): Text of object 'Object Repository/Page_VLinkReceipt/pre_STX' is: '<STX>sqwDQcotGHMx                  12153203            0  Transaction approved, no errors                   0                                                                                  X OK4897   <ETX>'

2024-05-18 15:40:57 - [MESSAGE][PASSED] - Text of object 'Object Repository/Page_VLinkReceipt/pre_STX' is: '<STX>sqwDQcotGHMx                  12153203            0  Transaction approved, no errors                   0                                                                                  X OK4897   <ETX>'

2024-05-18 15:40:57 - [TEST_STEP][PASSED] - out.println("sdfo: " + sdfo): null

2024-05-18 15:40:57 - [TEST_STEP][PASSED] - remID = substring(5, 35).trim(): null

2024-05-18 15:40:57 - [TEST_STEP][PASSED] - out.println("Remittance ID: " + remID): null

2024-05-18 15:40:57 - [TEST_STEP][PASSED] - traxID = substring(35, 55).trim(): null

2024-05-18 15:40:57 - [TEST_STEP][PASSED] - out.println("Transaction ID: " + traxID): null

2024-05-18 15:40:57 - [TEST_STEP][PASSED] - out.println("End Record Number: " + row): null

2024-05-18 15:40:57 - [TEST_STEP][PASSED] - closeBrowser(): Browser is closed

2024-05-18 15:40:58 - [MESSAGE][PASSED] - Browser is closed

2024-05-18 15:40:58 - [TEST_STEP][PASSED] - ExecuteTC = findTestData(dataFile).getValue("Execute", row): null

2024-05-18 15:40:58 - [TEST_STEP][PASSED] - out.println("Value of Execute is : " + ExecuteTC): null

2024-05-18 15:40:58 - [TEST_STEP][PASSED] - if (ExecuteTC.equalsIgnoreCase("Y")): Browser is closed

2024-05-18 15:40:58 - [TEST_STEP][PASSED] - out.println("Begin Record Number: " + row): null

2024-05-18 15:40:58 - [TEST_STEP][PASSED] - today = new java.util.Date(): null

2024-05-18 15:40:58 - [TEST_STEP][PASSED] - println(today): null

2024-05-18 15:40:58 - [TEST_STEP][PASSED] - datText = today: null

2024-05-18 15:40:58 - [TEST_STEP][PASSED] - openBrowser(VLinkURL + "authcap.html"): Browser is opened with url: 'https://dev-algorithm.govolution.com/vlinktest/QA2/version_2_0/authcap.html'

2024-05-18 15:40:58 - [MESSAGE][INFO] - Starting 'Chrome' driver

2024-05-18 15:40:58 - [MESSAGE][INFO] - User set preference: ['acceptInsecureCerts', 'true']

2024-05-18 15:40:58 - [MESSAGE][INFO] - Action delay is set to 0 milliseconds

2024-05-18 15:41:00 - [MESSAGE][PASSED] - Browser is opened with url: 'https://dev-algorithm.govolution.com/vlinktest/QA2/version_2_0/authcap.html'

2024-05-18 15:41:00 - [TEST_STEP][PASSED] - maximizeWindow(): Current window maximized

2024-05-18 15:41:00 - [MESSAGE][PASSED] - Current window maximized

2024-05-18 15:41:00 - [TEST_STEP][PASSED] - vlinkPages.saleCCPage.setDataSCC(row, dataFile): vlinkPages.saleCCPage.setDataSCC is PASSED

2024-05-18 15:41:03 - [MESSAGE][PASSED] - Object 'Object Repository/VLink/Page_CCSale/txt_CardNumber' is present

2024-05-18 15:41:04 - [MESSAGE][PASSED] - Text '104' is set on object 'Object Repository/VLink/Page_CCSale/txt_TransactionType'

2024-05-18 15:41:05 - [MESSAGE][PASSED] - Text '2.0C' is set on object 'Object Repository/VLink/Page_CCSale/txt_MessageVersion'

2024-05-18 15:41:05 - [MESSAGE][PASSED] - Text 'EvP4VnsBJl4Y' is set on object 'Object Repository/VLink/Page_CCSale/txt_RemID'

2024-05-18 15:41:06 - [MESSAGE][PASSED] - Text '677' is set on object 'Object Repository/VLink/Page_CCSale/txt_ApplicationId'

2024-05-18 15:41:07 - [MESSAGE][PASSED] - Text 'username' is set on object 'Object Repository/VLink/Page_CCSale/txt_Username'

2024-05-18 15:41:08 - [MESSAGE][PASSED] - Text 'password' is set on object 'Object Repository/VLink/Page_CCSale/txt_Password'

2024-05-18 15:41:08 - [MESSAGE][PASSED] - Text 'fixed_width' is set on object 'Object Repository/VLink/Page_CCSale/txt_ResponseFormat'

2024-05-18 15:41:09 - [MESSAGE][PASSED] - Text 'ECOM' is set on object 'Object Repository/VLink/Page_CCSale/txt_Category'

2024-05-18 15:41:10 - [MESSAGE][PASSED] - Text '' is set on object 'Object Repository/VLink/Page_CCSale/txt_TransactionID'

2024-05-18 15:41:10 - [MESSAGE][PASSED] - Text '' is set on object 'Object Repository/VLink/Page_CCSale/txt_ApprovalCode'

2024-05-18 15:41:11 - [MESSAGE][PASSED] - Text 'Roshan Maha' is set on object 'Object Repository/VLink/Page_CCSale/txt_CardName'

2024-05-18 15:41:12 - [MESSAGE][PASSED] - Text '12563 Bazaar road' is set on object 'Object Repository/VLink/Page_CCSale/txt_AL1'

2024-05-18 15:41:12 - [MESSAGE][PASSED] - Text '' is set on object 'Object Repository/VLink/Page_CCSale/txt_AL2'

2024-05-18 15:41:13 - [MESSAGE][PASSED] - Text 'Crofton' is set on object 'Object Repository/VLink/Page_CCSale/txt_CardCity'

2024-05-18 15:41:14 - [MESSAGE][PASSED] - Text 'MD' is set on object 'Object Repository/VLink/Page_CCSale/txt_CardState'

2024-05-18 15:41:15 - [MESSAGE][PASSED] - Text '21114' is set on object 'Object Repository/VLink/Page_CCSale/txt_CardZIP'

2024-05-18 15:41:15 - [MESSAGE][PASSED] - Text '' is set on object 'Object Repository/VLink/Page_CCSale/txt_CountryID'

2024-05-18 15:41:16 - [MESSAGE][PASSED] - Text '3.50' is set on object 'Object Repository/VLink/Page_CCSale/txt_Amount'

2024-05-18 15:41:17 - [MESSAGE][PASSED] - Text '370000000000002' is set on object 'Object Repository/VLink/Page_CCSale/txt_CardNumber'

2024-05-18 15:41:17 - [MESSAGE][PASSED] - Text '01' is set on object 'Object Repository/VLink/Page_CCSale/txt_ExpMonth'

2024-05-18 15:41:18 - [MESSAGE][PASSED] - Text '2026' is set on object 'Object Repository/VLink/Page_CCSale/txt_ExpYear'

2024-05-18 15:41:19 - [MESSAGE][PASSED] - Text '' is set on object 'Object Repository/VLink/Page_CCSale/txt_CVV'

2024-05-18 15:41:19 - [MESSAGE][PASSED] - Text '' is set on object 'Object Repository/VLink/Page_CCSale/txt_CVVstate'

2024-05-18 15:41:20 - [MESSAGE][PASSED] - Text '' is set on object 'Object Repository/VLink/Page_CCSale/txt_TrackData'

2024-05-18 15:41:21 - [MESSAGE][PASSED] - Text '' is set on object 'Object Repository/VLink/Page_CCSale/txt_Track1Data'

2024-05-18 15:41:21 - [MESSAGE][PASSED] - Text '' is set on object 'Object Repository/VLink/Page_CCSale/txt_Track2Data'

2024-05-18 15:41:22 - [MESSAGE][PASSED] - Text 'manual' is set on object 'Object Repository/VLink/Page_CCSale/txt_POSEntryMode'

2024-05-18 15:41:23 - [MESSAGE][PASSED] - Text '' is set on object 'Object Repository/VLink/Page_CCSale/txt_Email'

2024-05-18 15:41:23 - [MESSAGE][PASSED] - Text '' is set on object 'Object Repository/VLink/Page_CCSale/txt_OrderNumber'

2024-05-18 15:41:24 - [MESSAGE][PASSED] - Text '' is set on object 'Object Repository/VLink/Page_CCSale/txt_TaxAmount'

2024-05-18 15:41:25 - [MESSAGE][PASSED] - Text '' is set on object 'Object Repository/VLink/Page_CCSale/txt_ChargeDescription'

2024-05-18 15:41:25 - [MESSAGE][PASSED] - Text '' is set on object 'Object Repository/VLink/Page_CCSale/txt_CAN'

2024-05-18 15:41:26 - [MESSAGE][PASSED] - Text '' is set on object 'Object Repository/VLink/Page_CCSale/txt_BillPaymentIndicator'

2024-05-18 15:41:27 - [MESSAGE][PASSED] - Text '' is set on object 'Object Repository/VLink/Page_CCSale/txt_UDF1'

2024-05-18 15:41:27 - [MESSAGE][PASSED] - Text '' is set on object 'Object Repository/VLink/Page_CCSale/txt_UDF2'

2024-05-18 15:41:28 - [MESSAGE][PASSED] - Text '' is set on object 'Object Repository/VLink/Page_CCSale/txt_UDF3'

2024-05-18 15:41:29 - [MESSAGE][PASSED] - Text '' is set on object 'Object Repository/VLink/Page_CCSale/txt_UDF4'

2024-05-18 15:41:30 - [MESSAGE][PASSED] - Text '' is set on object 'Object Repository/VLink/Page_CCSale/txt_UDF5'

2024-05-18 15:41:30 - [MESSAGE][PASSED] - Text '' is set on object 'Object Repository/VLink/Page_CCSale/txt_UDF6'

2024-05-18 15:41:31 - [MESSAGE][PASSED] - Text '' is set on object 'Object Repository/VLink/Page_CCSale/txt_UDF7'

2024-05-18 15:41:32 - [MESSAGE][PASSED] - Text '' is set on object 'Object Repository/VLink/Page_CCSale/txt_UDF8'

2024-05-18 15:41:32 - [MESSAGE][PASSED] - Text '' is set on object 'Object Repository/VLink/Page_CCSale/txt_UDF9'

2024-05-18 15:41:33 - [MESSAGE][PASSED] - Text '' is set on object 'Object Repository/VLink/Page_CCSale/txt_UDF10'

2024-05-18 15:41:36 - [MESSAGE][PASSED] - Object: 'Object Repository/VLink/Page_CCSale/btn_ProcessVLinkTransaction' is clicked on

2024-05-18 15:41:41 - [MESSAGE][PASSED] - vlinkPages.saleCCPage.setDataSCC is PASSED

2024-05-18 15:41:41 - [TEST_STEP][PASSED] - if (verifyTextPresent("Transaction approved, no errors", true)): null

2024-05-18 15:41:41 - [MESSAGE][PASSED] - Text 'Transaction approved, no errors' is present on page  using regular expression

2024-05-18 15:41:41 - [TEST_STEP][PASSED] - println("Transaction Approved, no errors text is present on the Confirmation page"): null

2024-05-18 15:41:41 - [TEST_STEP][PASSED] - out.println("Pass Record Number: " + row): null

2024-05-18 15:41:41 - [TEST_STEP][PASSED] - resText = "Pass": null

2024-05-18 15:41:41 - [TEST_STEP][PASSED] - pages.WriteExcel.demoKey(resText, datText, resColumn, datCloumn, fileLoc, nameSheet, row): pages.WriteExcel.demoKey is PASSED

2024-05-18 15:41:41 - [MESSAGE][PASSED] - pages.WriteExcel.demoKey is PASSED

2024-05-18 15:41:41 - [TEST_STEP][PASSED] - sdfo = getText(findTestObject("Object Repository/Page_VLinkReceipt/pre_STX")): Text of object 'Object Repository/Page_VLinkReceipt/pre_STX' is: '<STX>EvP4VnsBJl4Y                  12153204            0  Transaction approved, no errors                   0                                                                                  X OK6721   <ETX>'

2024-05-18 15:41:42 - [MESSAGE][PASSED] - Text of object 'Object Repository/Page_VLinkReceipt/pre_STX' is: '<STX>EvP4VnsBJl4Y                  12153204            0  Transaction approved, no errors                   0                                                                                  X OK6721   <ETX>'

2024-05-18 15:41:42 - [TEST_STEP][PASSED] - out.println("sdfo: " + sdfo): null

2024-05-18 15:41:42 - [TEST_STEP][PASSED] - remID = substring(5, 35).trim(): null

2024-05-18 15:41:42 - [TEST_STEP][PASSED] - out.println("Remittance ID: " + remID): null

2024-05-18 15:41:42 - [TEST_STEP][PASSED] - traxID = substring(35, 55).trim(): null

2024-05-18 15:41:42 - [TEST_STEP][PASSED] - out.println("Transaction ID: " + traxID): null

2024-05-18 15:41:42 - [TEST_STEP][PASSED] - out.println("End Record Number: " + row): null

2024-05-18 15:41:42 - [TEST_STEP][PASSED] - closeBrowser(): Browser is closed

2024-05-18 15:41:43 - [MESSAGE][PASSED] - Browser is closed

2024-05-18 15:41:43 - [TEST_STEP][PASSED] - ExecuteTC = findTestData(dataFile).getValue("Execute", row): null

2024-05-18 15:41:43 - [TEST_STEP][PASSED] - out.println("Value of Execute is : " + ExecuteTC): null

2024-05-18 15:41:43 - [TEST_STEP][PASSED] - if (ExecuteTC.equalsIgnoreCase("Y")): Browser is closed

2024-05-18 15:41:43 - [TEST_STEP][PASSED] - out.println("Begin Record Number: " + row): null

2024-05-18 15:41:43 - [TEST_STEP][PASSED] - today = new java.util.Date(): null

2024-05-18 15:41:43 - [TEST_STEP][PASSED] - println(today): null

2024-05-18 15:41:43 - [TEST_STEP][PASSED] - datText = today: null

2024-05-18 15:41:43 - [TEST_STEP][PASSED] - openBrowser(VLinkURL + "authcap.html"): Browser is opened with url: 'https://dev-algorithm.govolution.com/vlinktest/QA2/version_2_0/authcap.html'

2024-05-18 15:41:43 - [MESSAGE][INFO] - Starting 'Chrome' driver

2024-05-18 15:41:43 - [MESSAGE][INFO] - User set preference: ['acceptInsecureCerts', 'true']

2024-05-18 15:41:43 - [MESSAGE][INFO] - Action delay is set to 0 milliseconds

2024-05-18 15:41:45 - [MESSAGE][PASSED] - Browser is opened with url: 'https://dev-algorithm.govolution.com/vlinktest/QA2/version_2_0/authcap.html'

2024-05-18 15:41:45 - [TEST_STEP][PASSED] - maximizeWindow(): Current window maximized

2024-05-18 15:41:45 - [MESSAGE][PASSED] - Current window maximized

2024-05-18 15:41:45 - [TEST_STEP][PASSED] - vlinkPages.saleCCPage.setDataSCC(row, dataFile): vlinkPages.saleCCPage.setDataSCC is PASSED

2024-05-18 15:41:48 - [MESSAGE][PASSED] - Object 'Object Repository/VLink/Page_CCSale/txt_CardNumber' is present

2024-05-18 15:41:49 - [MESSAGE][PASSED] - Text '104' is set on object 'Object Repository/VLink/Page_CCSale/txt_TransactionType'

2024-05-18 15:41:50 - [MESSAGE][PASSED] - Text '2.0C' is set on object 'Object Repository/VLink/Page_CCSale/txt_MessageVersion'

2024-05-18 15:41:50 - [MESSAGE][PASSED] - Text 'f6iu7YoN1YJ2' is set on object 'Object Repository/VLink/Page_CCSale/txt_RemID'

2024-05-18 15:41:51 - [MESSAGE][PASSED] - Text '665' is set on object 'Object Repository/VLink/Page_CCSale/txt_ApplicationId'

2024-05-18 15:41:52 - [MESSAGE][PASSED] - Text 'username' is set on object 'Object Repository/VLink/Page_CCSale/txt_Username'

2024-05-18 15:41:53 - [MESSAGE][PASSED] - Text 'password' is set on object 'Object Repository/VLink/Page_CCSale/txt_Password'

2024-05-18 15:41:53 - [MESSAGE][PASSED] - Text 'fixed_width' is set on object 'Object Repository/VLink/Page_CCSale/txt_ResponseFormat'

2024-05-18 15:41:54 - [MESSAGE][PASSED] - Text 'ECOM' is set on object 'Object Repository/VLink/Page_CCSale/txt_Category'

2024-05-18 15:41:55 - [MESSAGE][PASSED] - Text '' is set on object 'Object Repository/VLink/Page_CCSale/txt_TransactionID'

2024-05-18 15:41:55 - [MESSAGE][PASSED] - Text '' is set on object 'Object Repository/VLink/Page_CCSale/txt_ApprovalCode'

2024-05-18 15:41:56 - [MESSAGE][PASSED] - Text 'Kris Roshan' is set on object 'Object Repository/VLink/Page_CCSale/txt_CardName'

2024-05-18 15:41:57 - [MESSAGE][PASSED] - Text '258 Elm Road' is set on object 'Object Repository/VLink/Page_CCSale/txt_AL1'

2024-05-18 15:41:57 - [MESSAGE][PASSED] - Text 'Suite 56' is set on object 'Object Repository/VLink/Page_CCSale/txt_AL2'

2024-05-18 15:41:58 - [MESSAGE][PASSED] - Text 'Arlington' is set on object 'Object Repository/VLink/Page_CCSale/txt_CardCity'

2024-05-18 15:41:59 - [MESSAGE][PASSED] - Text 'VA' is set on object 'Object Repository/VLink/Page_CCSale/txt_CardState'

2024-05-18 15:42:00 - [MESSAGE][PASSED] - Text '22201' is set on object 'Object Repository/VLink/Page_CCSale/txt_CardZIP'

2024-05-18 15:42:00 - [MESSAGE][PASSED] - Text '840' is set on object 'Object Repository/VLink/Page_CCSale/txt_CountryID'

2024-05-18 15:42:01 - [MESSAGE][PASSED] - Text '1.50' is set on object 'Object Repository/VLink/Page_CCSale/txt_Amount'

2024-05-18 15:42:02 - [MESSAGE][PASSED] - Text '6011000000000004' is set on object 'Object Repository/VLink/Page_CCSale/txt_CardNumber'

2024-05-18 15:42:02 - [MESSAGE][PASSED] - Text '12' is set on object 'Object Repository/VLink/Page_CCSale/txt_ExpMonth'

2024-05-18 15:42:03 - [MESSAGE][PASSED] - Text '2025' is set on object 'Object Repository/VLink/Page_CCSale/txt_ExpYear'

2024-05-18 15:42:04 - [MESSAGE][PASSED] - Text '' is set on object 'Object Repository/VLink/Page_CCSale/txt_CVV'

2024-05-18 15:42:04 - [MESSAGE][PASSED] - Text '' is set on object 'Object Repository/VLink/Page_CCSale/txt_CVVstate'

2024-05-18 15:42:05 - [MESSAGE][PASSED] - Text '' is set on object 'Object Repository/VLink/Page_CCSale/txt_TrackData'

2024-05-18 15:42:06 - [MESSAGE][PASSED] - Text '' is set on object 'Object Repository/VLink/Page_CCSale/txt_Track1Data'

2024-05-18 15:42:06 - [MESSAGE][PASSED] - Text '' is set on object 'Object Repository/VLink/Page_CCSale/txt_Track2Data'

2024-05-18 15:42:07 - [MESSAGE][PASSED] - Text 'manual' is set on object 'Object Repository/VLink/Page_CCSale/txt_POSEntryMode'

2024-05-18 15:42:08 - [MESSAGE][PASSED] - Text 'iahmed@govolution.com' is set on object 'Object Repository/VLink/Page_CCSale/txt_Email'

2024-05-18 15:42:09 - [MESSAGE][PASSED] - Text '2569362' is set on object 'Object Repository/VLink/Page_CCSale/txt_OrderNumber'

2024-05-18 15:42:09 - [MESSAGE][PASSED] - Text '1.15' is set on object 'Object Repository/VLink/Page_CCSale/txt_TaxAmount'

2024-05-18 15:42:10 - [MESSAGE][PASSED] - Text 'Charge Description' is set on object 'Object Repository/VLink/Page_CCSale/txt_ChargeDescription'

2024-05-18 15:42:11 - [MESSAGE][PASSED] - Text '147357' is set on object 'Object Repository/VLink/Page_CCSale/txt_CAN'

2024-05-18 15:42:11 - [MESSAGE][PASSED] - Text '1' is set on object 'Object Repository/VLink/Page_CCSale/txt_BillPaymentIndicator'

2024-05-18 15:42:12 - [MESSAGE][PASSED] - Text 'UDF Data 1' is set on object 'Object Repository/VLink/Page_CCSale/txt_UDF1'

2024-05-18 15:42:13 - [MESSAGE][PASSED] - Text 'UDF Data 2' is set on object 'Object Repository/VLink/Page_CCSale/txt_UDF2'

2024-05-18 15:42:13 - [MESSAGE][PASSED] - Text 'UDF Data 3' is set on object 'Object Repository/VLink/Page_CCSale/txt_UDF3'

2024-05-18 15:42:14 - [MESSAGE][PASSED] - Text 'UDF Data 4' is set on object 'Object Repository/VLink/Page_CCSale/txt_UDF4'

2024-05-18 15:42:15 - [MESSAGE][PASSED] - Text 'UDF Data 5' is set on object 'Object Repository/VLink/Page_CCSale/txt_UDF5'

2024-05-18 15:42:15 - [MESSAGE][PASSED] - Text 'UDF Data 6' is set on object 'Object Repository/VLink/Page_CCSale/txt_UDF6'

2024-05-18 15:42:16 - [MESSAGE][PASSED] - Text 'UDF Data 7' is set on object 'Object Repository/VLink/Page_CCSale/txt_UDF7'

2024-05-18 15:42:17 - [MESSAGE][PASSED] - Text 'UDF Data 8' is set on object 'Object Repository/VLink/Page_CCSale/txt_UDF8'

2024-05-18 15:42:17 - [MESSAGE][PASSED] - Text 'UDF Data 9' is set on object 'Object Repository/VLink/Page_CCSale/txt_UDF9'

2024-05-18 15:42:18 - [MESSAGE][PASSED] - Text 'UDF Data 10' is set on object 'Object Repository/VLink/Page_CCSale/txt_UDF10'

2024-05-18 15:42:20 - [MESSAGE][PASSED] - Object: 'Object Repository/VLink/Page_CCSale/btn_ProcessVLinkTransaction' is clicked on

2024-05-18 15:42:25 - [MESSAGE][PASSED] - vlinkPages.saleCCPage.setDataSCC is PASSED

2024-05-18 15:42:25 - [TEST_STEP][PASSED] - if (verifyTextPresent("Transaction approved, no errors", true)): null

2024-05-18 15:42:25 - [MESSAGE][PASSED] - Text 'Transaction approved, no errors' is present on page  using regular expression

2024-05-18 15:42:25 - [TEST_STEP][PASSED] - println("Transaction Approved, no errors text is present on the Confirmation page"): null

2024-05-18 15:42:25 - [TEST_STEP][PASSED] - out.println("Pass Record Number: " + row): null

2024-05-18 15:42:25 - [TEST_STEP][PASSED] - resText = "Pass": null

2024-05-18 15:42:25 - [TEST_STEP][PASSED] - pages.WriteExcel.demoKey(resText, datText, resColumn, datCloumn, fileLoc, nameSheet, row): pages.WriteExcel.demoKey is PASSED

2024-05-18 15:42:25 - [MESSAGE][PASSED] - pages.WriteExcel.demoKey is PASSED

2024-05-18 15:42:25 - [TEST_STEP][PASSED] - sdfo = getText(findTestObject("Object Repository/Page_VLinkReceipt/pre_STX")): Text of object 'Object Repository/Page_VLinkReceipt/pre_STX' is: '<STX>f6iu7YoN1YJ2                  12153206            0  Transaction approved, no errors                   0                                                                                  XXOK5027   <ETX>'

2024-05-18 15:42:25 - [MESSAGE][PASSED] - Text of object 'Object Repository/Page_VLinkReceipt/pre_STX' is: '<STX>f6iu7YoN1YJ2                  12153206            0  Transaction approved, no errors                   0                                                                                  XXOK5027   <ETX>'

2024-05-18 15:42:25 - [TEST_STEP][PASSED] - out.println("sdfo: " + sdfo): null

2024-05-18 15:42:25 - [TEST_STEP][PASSED] - remID = substring(5, 35).trim(): null

2024-05-18 15:42:25 - [TEST_STEP][PASSED] - out.println("Remittance ID: " + remID): null

2024-05-18 15:42:25 - [TEST_STEP][PASSED] - traxID = substring(35, 55).trim(): null

2024-05-18 15:42:25 - [TEST_STEP][PASSED] - out.println("Transaction ID: " + traxID): null

2024-05-18 15:42:25 - [TEST_STEP][PASSED] - out.println("End Record Number: " + row): null

2024-05-18 15:42:25 - [TEST_STEP][PASSED] - closeBrowser(): Browser is closed

2024-05-18 15:42:27 - [MESSAGE][PASSED] - Browser is closed

2024-05-18 15:42:27 - [TEST_STEP][PASSED] - ExecuteTC = findTestData(dataFile).getValue("Execute", row): null

2024-05-18 15:42:27 - [TEST_STEP][PASSED] - out.println("Value of Execute is : " + ExecuteTC): null

2024-05-18 15:42:27 - [TEST_STEP][PASSED] - if (ExecuteTC.equalsIgnoreCase("Y")): Browser is closed

2024-05-18 15:42:27 - [TEST_STEP][PASSED] - out.println("Begin Record Number: " + row): null

2024-05-18 15:42:27 - [TEST_STEP][PASSED] - today = new java.util.Date(): null

2024-05-18 15:42:27 - [TEST_STEP][PASSED] - println(today): null

2024-05-18 15:42:27 - [TEST_STEP][PASSED] - datText = today: null

2024-05-18 15:42:27 - [TEST_STEP][PASSED] - openBrowser(VLinkURL + "authcap.html"): Browser is opened with url: 'https://dev-algorithm.govolution.com/vlinktest/QA2/version_2_0/authcap.html'

2024-05-18 15:42:27 - [MESSAGE][INFO] - Starting 'Chrome' driver

2024-05-18 15:42:27 - [MESSAGE][INFO] - User set preference: ['acceptInsecureCerts', 'true']

2024-05-18 15:42:27 - [MESSAGE][INFO] - Action delay is set to 0 milliseconds

2024-05-18 15:42:29 - [MESSAGE][PASSED] - Browser is opened with url: 'https://dev-algorithm.govolution.com/vlinktest/QA2/version_2_0/authcap.html'

2024-05-18 15:42:29 - [TEST_STEP][PASSED] - maximizeWindow(): Current window maximized

2024-05-18 15:42:29 - [MESSAGE][PASSED] - Current window maximized

2024-05-18 15:42:29 - [TEST_STEP][PASSED] - vlinkPages.saleCCPage.setDataSCC(row, dataFile): vlinkPages.saleCCPage.setDataSCC is PASSED

2024-05-18 15:42:32 - [MESSAGE][PASSED] - Object 'Object Repository/VLink/Page_CCSale/txt_CardNumber' is present

2024-05-18 15:42:33 - [MESSAGE][PASSED] - Text '104' is set on object 'Object Repository/VLink/Page_CCSale/txt_TransactionType'

2024-05-18 15:42:33 - [MESSAGE][PASSED] - Text '2.0C' is set on object 'Object Repository/VLink/Page_CCSale/txt_MessageVersion'

2024-05-18 15:42:34 - [MESSAGE][PASSED] - Text 'mGRDkpGpEbGY' is set on object 'Object Repository/VLink/Page_CCSale/txt_RemID'

2024-05-18 15:42:35 - [MESSAGE][PASSED] - Text '672' is set on object 'Object Repository/VLink/Page_CCSale/txt_ApplicationId'

2024-05-18 15:42:35 - [MESSAGE][PASSED] - Text 'username' is set on object 'Object Repository/VLink/Page_CCSale/txt_Username'

2024-05-18 15:42:36 - [MESSAGE][PASSED] - Text 'password' is set on object 'Object Repository/VLink/Page_CCSale/txt_Password'

2024-05-18 15:42:37 - [MESSAGE][PASSED] - Text 'fixed_width' is set on object 'Object Repository/VLink/Page_CCSale/txt_ResponseFormat'

2024-05-18 15:42:37 - [MESSAGE][PASSED] - Text 'ECOM' is set on object 'Object Repository/VLink/Page_CCSale/txt_Category'

2024-05-18 15:42:38 - [MESSAGE][PASSED] - Text '' is set on object 'Object Repository/VLink/Page_CCSale/txt_TransactionID'

2024-05-18 15:42:39 - [MESSAGE][PASSED] - Text '' is set on object 'Object Repository/VLink/Page_CCSale/txt_ApprovalCode'

2024-05-18 15:42:39 - [MESSAGE][PASSED] - Text 'Arvind Silva' is set on object 'Object Repository/VLink/Page_CCSale/txt_CardName'

2024-05-18 15:42:40 - [MESSAGE][PASSED] - Text '111 Main Ave' is set on object 'Object Repository/VLink/Page_CCSale/txt_AL1'

2024-05-18 15:42:41 - [MESSAGE][PASSED] - Text '' is set on object 'Object Repository/VLink/Page_CCSale/txt_AL2'

2024-05-18 15:42:42 - [MESSAGE][PASSED] - Text 'Arlington' is set on object 'Object Repository/VLink/Page_CCSale/txt_CardCity'

2024-05-18 15:42:42 - [MESSAGE][PASSED] - Text 'VA' is set on object 'Object Repository/VLink/Page_CCSale/txt_CardState'

2024-05-18 15:42:43 - [MESSAGE][PASSED] - Text '22201' is set on object 'Object Repository/VLink/Page_CCSale/txt_CardZIP'

2024-05-18 15:42:44 - [MESSAGE][PASSED] - Text '' is set on object 'Object Repository/VLink/Page_CCSale/txt_CountryID'

2024-05-18 15:42:44 - [MESSAGE][PASSED] - Text '2.50' is set on object 'Object Repository/VLink/Page_CCSale/txt_Amount'

2024-05-18 15:42:45 - [MESSAGE][PASSED] - Text '6011000000000004' is set on object 'Object Repository/VLink/Page_CCSale/txt_CardNumber'

2024-05-18 15:42:46 - [MESSAGE][PASSED] - Text '01' is set on object 'Object Repository/VLink/Page_CCSale/txt_ExpMonth'

2024-05-18 15:42:46 - [MESSAGE][PASSED] - Text '2026' is set on object 'Object Repository/VLink/Page_CCSale/txt_ExpYear'

2024-05-18 15:42:47 - [MESSAGE][PASSED] - Text '' is set on object 'Object Repository/VLink/Page_CCSale/txt_CVV'

2024-05-18 15:42:48 - [MESSAGE][PASSED] - Text '' is set on object 'Object Repository/VLink/Page_CCSale/txt_CVVstate'

2024-05-18 15:42:48 - [MESSAGE][PASSED] - Text '' is set on object 'Object Repository/VLink/Page_CCSale/txt_TrackData'

2024-05-18 15:42:49 - [MESSAGE][PASSED] - Text '' is set on object 'Object Repository/VLink/Page_CCSale/txt_Track1Data'

2024-05-18 15:42:50 - [MESSAGE][PASSED] - Text '' is set on object 'Object Repository/VLink/Page_CCSale/txt_Track2Data'

2024-05-18 15:42:51 - [MESSAGE][PASSED] - Text 'manual' is set on object 'Object Repository/VLink/Page_CCSale/txt_POSEntryMode'

2024-05-18 15:42:51 - [MESSAGE][PASSED] - Text '' is set on object 'Object Repository/VLink/Page_CCSale/txt_Email'

2024-05-18 15:42:52 - [MESSAGE][PASSED] - Text '' is set on object 'Object Repository/VLink/Page_CCSale/txt_OrderNumber'

2024-05-18 15:42:53 - [MESSAGE][PASSED] - Text '' is set on object 'Object Repository/VLink/Page_CCSale/txt_TaxAmount'

2024-05-18 15:42:53 - [MESSAGE][PASSED] - Text '' is set on object 'Object Repository/VLink/Page_CCSale/txt_ChargeDescription'

2024-05-18 15:42:54 - [MESSAGE][PASSED] - Text '' is set on object 'Object Repository/VLink/Page_CCSale/txt_CAN'

2024-05-18 15:42:55 - [MESSAGE][PASSED] - Text '' is set on object 'Object Repository/VLink/Page_CCSale/txt_BillPaymentIndicator'

2024-05-18 15:42:55 - [MESSAGE][PASSED] - Text '' is set on object 'Object Repository/VLink/Page_CCSale/txt_UDF1'

2024-05-18 15:42:56 - [MESSAGE][PASSED] - Text '' is set on object 'Object Repository/VLink/Page_CCSale/txt_UDF2'

2024-05-18 15:42:57 - [MESSAGE][PASSED] - Text '' is set on object 'Object Repository/VLink/Page_CCSale/txt_UDF3'

2024-05-18 15:42:57 - [MESSAGE][PASSED] - Text '' is set on object 'Object Repository/VLink/Page_CCSale/txt_UDF4'

2024-05-18 15:42:58 - [MESSAGE][PASSED] - Text '' is set on object 'Object Repository/VLink/Page_CCSale/txt_UDF5'

2024-05-18 15:42:59 - [MESSAGE][PASSED] - Text '' is set on object 'Object Repository/VLink/Page_CCSale/txt_UDF6'

2024-05-18 15:42:59 - [MESSAGE][PASSED] - Text '' is set on object 'Object Repository/VLink/Page_CCSale/txt_UDF7'

2024-05-18 15:43:00 - [MESSAGE][PASSED] - Text '' is set on object 'Object Repository/VLink/Page_CCSale/txt_UDF8'

2024-05-18 15:43:01 - [MESSAGE][PASSED] - Text '' is set on object 'Object Repository/VLink/Page_CCSale/txt_UDF9'

2024-05-18 15:43:01 - [MESSAGE][PASSED] - Text '' is set on object 'Object Repository/VLink/Page_CCSale/txt_UDF10'

2024-05-18 15:43:04 - [MESSAGE][PASSED] - Object: 'Object Repository/VLink/Page_CCSale/btn_ProcessVLinkTransaction' is clicked on

2024-05-18 15:43:09 - [MESSAGE][PASSED] - vlinkPages.saleCCPage.setDataSCC is PASSED

2024-05-18 15:43:09 - [TEST_STEP][PASSED] - if (verifyTextPresent("Transaction approved, no errors", true)): null

2024-05-18 15:43:09 - [MESSAGE][PASSED] - Text 'Transaction approved, no errors' is present on page  using regular expression

2024-05-18 15:43:09 - [TEST_STEP][PASSED] - println("Transaction Approved, no errors text is present on the Confirmation page"): null

2024-05-18 15:43:09 - [TEST_STEP][PASSED] - out.println("Pass Record Number: " + row): null

2024-05-18 15:43:09 - [TEST_STEP][PASSED] - resText = "Pass": null

2024-05-18 15:43:09 - [TEST_STEP][PASSED] - pages.WriteExcel.demoKey(resText, datText, resColumn, datCloumn, fileLoc, nameSheet, row): pages.WriteExcel.demoKey is PASSED

2024-05-18 15:43:09 - [MESSAGE][PASSED] - pages.WriteExcel.demoKey is PASSED

2024-05-18 15:43:09 - [TEST_STEP][PASSED] - sdfo = getText(findTestObject("Object Repository/Page_VLinkReceipt/pre_STX")): Text of object 'Object Repository/Page_VLinkReceipt/pre_STX' is: '<STX>mGRDkpGpEbGY                  12153207            0  Transaction approved, no errors                   0                                                                                  XXOK6831   <ETX>'

2024-05-18 15:43:10 - [MESSAGE][PASSED] - Text of object 'Object Repository/Page_VLinkReceipt/pre_STX' is: '<STX>mGRDkpGpEbGY                  12153207            0  Transaction approved, no errors                   0                                                                                  XXOK6831   <ETX>'

2024-05-18 15:43:10 - [TEST_STEP][PASSED] - out.println("sdfo: " + sdfo): null

2024-05-18 15:43:10 - [TEST_STEP][PASSED] - remID = substring(5, 35).trim(): null

2024-05-18 15:43:10 - [TEST_STEP][PASSED] - out.println("Remittance ID: " + remID): null

2024-05-18 15:43:10 - [TEST_STEP][PASSED] - traxID = substring(35, 55).trim(): null

2024-05-18 15:43:10 - [TEST_STEP][PASSED] - out.println("Transaction ID: " + traxID): null

2024-05-18 15:43:10 - [TEST_STEP][PASSED] - out.println("End Record Number: " + row): null

2024-05-18 15:43:10 - [TEST_STEP][PASSED] - closeBrowser(): Browser is closed

2024-05-18 15:43:11 - [MESSAGE][PASSED] - Browser is closed

2024-05-18 15:43:11 - [TEST_STEP][PASSED] - ExecuteTC = findTestData(dataFile).getValue("Execute", row): null

2024-05-18 15:43:11 - [TEST_STEP][PASSED] - out.println("Value of Execute is : " + ExecuteTC): null

2024-05-18 15:43:11 - [TEST_STEP][PASSED] - if (ExecuteTC.equalsIgnoreCase("Y")): Browser is closed

2024-05-18 15:43:11 - [TEST_STEP][PASSED] - out.println("Begin Record Number: " + row): null

2024-05-18 15:43:11 - [TEST_STEP][PASSED] - today = new java.util.Date(): null

2024-05-18 15:43:11 - [TEST_STEP][PASSED] - println(today): null

2024-05-18 15:43:11 - [TEST_STEP][PASSED] - datText = today: null

2024-05-18 15:43:11 - [TEST_STEP][PASSED] - openBrowser(VLinkURL + "authcap.html"): Browser is opened with url: 'https://dev-algorithm.govolution.com/vlinktest/QA2/version_2_0/authcap.html'

2024-05-18 15:43:11 - [MESSAGE][INFO] - Starting 'Chrome' driver

2024-05-18 15:43:11 - [MESSAGE][INFO] - User set preference: ['acceptInsecureCerts', 'true']

2024-05-18 15:43:11 - [MESSAGE][INFO] - Action delay is set to 0 milliseconds

2024-05-18 15:43:13 - [MESSAGE][PASSED] - Browser is opened with url: 'https://dev-algorithm.govolution.com/vlinktest/QA2/version_2_0/authcap.html'

2024-05-18 15:43:13 - [TEST_STEP][PASSED] - maximizeWindow(): Current window maximized

2024-05-18 15:43:13 - [MESSAGE][PASSED] - Current window maximized

2024-05-18 15:43:13 - [TEST_STEP][PASSED] - vlinkPages.saleCCPage.setDataSCC(row, dataFile): vlinkPages.saleCCPage.setDataSCC is PASSED

2024-05-18 15:43:16 - [MESSAGE][PASSED] - Object 'Object Repository/VLink/Page_CCSale/txt_CardNumber' is present

2024-05-18 15:43:17 - [MESSAGE][PASSED] - Text '104' is set on object 'Object Repository/VLink/Page_CCSale/txt_TransactionType'

2024-05-18 15:43:18 - [MESSAGE][PASSED] - Text '2.0C' is set on object 'Object Repository/VLink/Page_CCSale/txt_MessageVersion'

2024-05-18 15:43:18 - [MESSAGE][PASSED] - Text 'jEk5Oj5wZL5W' is set on object 'Object Repository/VLink/Page_CCSale/txt_RemID'

2024-05-18 15:43:19 - [MESSAGE][PASSED] - Text '677' is set on object 'Object Repository/VLink/Page_CCSale/txt_ApplicationId'

2024-05-18 15:43:20 - [MESSAGE][PASSED] - Text 'username' is set on object 'Object Repository/VLink/Page_CCSale/txt_Username'

2024-05-18 15:43:20 - [MESSAGE][PASSED] - Text 'password' is set on object 'Object Repository/VLink/Page_CCSale/txt_Password'

2024-05-18 15:43:21 - [MESSAGE][PASSED] - Text 'fixed_width' is set on object 'Object Repository/VLink/Page_CCSale/txt_ResponseFormat'

2024-05-18 15:43:22 - [MESSAGE][PASSED] - Text 'ECOM' is set on object 'Object Repository/VLink/Page_CCSale/txt_Category'

2024-05-18 15:43:22 - [MESSAGE][PASSED] - Text '' is set on object 'Object Repository/VLink/Page_CCSale/txt_TransactionID'

2024-05-18 15:43:23 - [MESSAGE][PASSED] - Text '' is set on object 'Object Repository/VLink/Page_CCSale/txt_ApprovalCode'

2024-05-18 15:43:24 - [MESSAGE][PASSED] - Text 'Roshan Maha' is set on object 'Object Repository/VLink/Page_CCSale/txt_CardName'

2024-05-18 15:43:25 - [MESSAGE][PASSED] - Text '12563 Bazaar road' is set on object 'Object Repository/VLink/Page_CCSale/txt_AL1'

2024-05-18 15:43:25 - [MESSAGE][PASSED] - Text '' is set on object 'Object Repository/VLink/Page_CCSale/txt_AL2'

2024-05-18 15:43:26 - [MESSAGE][PASSED] - Text 'Crofton' is set on object 'Object Repository/VLink/Page_CCSale/txt_CardCity'

2024-05-18 15:43:27 - [MESSAGE][PASSED] - Text 'MD' is set on object 'Object Repository/VLink/Page_CCSale/txt_CardState'

2024-05-18 15:43:27 - [MESSAGE][PASSED] - Text '21114' is set on object 'Object Repository/VLink/Page_CCSale/txt_CardZIP'

2024-05-18 15:43:28 - [MESSAGE][PASSED] - Text '' is set on object 'Object Repository/VLink/Page_CCSale/txt_CountryID'

2024-05-18 15:43:29 - [MESSAGE][PASSED] - Text '3.50' is set on object 'Object Repository/VLink/Page_CCSale/txt_Amount'

2024-05-18 15:43:29 - [MESSAGE][PASSED] - Text '6011000000000004' is set on object 'Object Repository/VLink/Page_CCSale/txt_CardNumber'

2024-05-18 15:43:30 - [MESSAGE][PASSED] - Text '01' is set on object 'Object Repository/VLink/Page_CCSale/txt_ExpMonth'

2024-05-18 15:43:31 - [MESSAGE][PASSED] - Text '2026' is set on object 'Object Repository/VLink/Page_CCSale/txt_ExpYear'

2024-05-18 15:43:31 - [MESSAGE][PASSED] - Text '' is set on object 'Object Repository/VLink/Page_CCSale/txt_CVV'

2024-05-18 15:43:32 - [MESSAGE][PASSED] - Text '' is set on object 'Object Repository/VLink/Page_CCSale/txt_CVVstate'

2024-05-18 15:43:33 - [MESSAGE][PASSED] - Text '' is set on object 'Object Repository/VLink/Page_CCSale/txt_TrackData'

2024-05-18 15:43:33 - [MESSAGE][PASSED] - Text '' is set on object 'Object Repository/VLink/Page_CCSale/txt_Track1Data'

2024-05-18 15:43:34 - [MESSAGE][PASSED] - Text '' is set on object 'Object Repository/VLink/Page_CCSale/txt_Track2Data'

2024-05-18 15:43:35 - [MESSAGE][PASSED] - Text 'manual' is set on object 'Object Repository/VLink/Page_CCSale/txt_POSEntryMode'

2024-05-18 15:43:35 - [MESSAGE][PASSED] - Text '' is set on object 'Object Repository/VLink/Page_CCSale/txt_Email'

2024-05-18 15:43:36 - [MESSAGE][PASSED] - Text '' is set on object 'Object Repository/VLink/Page_CCSale/txt_OrderNumber'

2024-05-18 15:43:37 - [MESSAGE][PASSED] - Text '' is set on object 'Object Repository/VLink/Page_CCSale/txt_TaxAmount'

2024-05-18 15:43:37 - [MESSAGE][PASSED] - Text '' is set on object 'Object Repository/VLink/Page_CCSale/txt_ChargeDescription'

2024-05-18 15:43:38 - [MESSAGE][PASSED] - Text '' is set on object 'Object Repository/VLink/Page_CCSale/txt_CAN'

2024-05-18 15:43:39 - [MESSAGE][PASSED] - Text '' is set on object 'Object Repository/VLink/Page_CCSale/txt_BillPaymentIndicator'

2024-05-18 15:43:39 - [MESSAGE][PASSED] - Text '' is set on object 'Object Repository/VLink/Page_CCSale/txt_UDF1'

2024-05-18 15:43:40 - [MESSAGE][PASSED] - Text '' is set on object 'Object Repository/VLink/Page_CCSale/txt_UDF2'

2024-05-18 15:43:41 - [MESSAGE][PASSED] - Text '' is set on object 'Object Repository/VLink/Page_CCSale/txt_UDF3'

2024-05-18 15:43:41 - [MESSAGE][PASSED] - Text '' is set on object 'Object Repository/VLink/Page_CCSale/txt_UDF4'

2024-05-18 15:43:42 - [MESSAGE][PASSED] - Text '' is set on object 'Object Repository/VLink/Page_CCSale/txt_UDF5'

2024-05-18 15:43:43 - [MESSAGE][PASSED] - Text '' is set on object 'Object Repository/VLink/Page_CCSale/txt_UDF6'

2024-05-18 15:43:43 - [MESSAGE][PASSED] - Text '' is set on object 'Object Repository/VLink/Page_CCSale/txt_UDF7'

2024-05-18 15:43:44 - [MESSAGE][PASSED] - Text '' is set on object 'Object Repository/VLink/Page_CCSale/txt_UDF8'

2024-05-18 15:43:45 - [MESSAGE][PASSED] - Text '' is set on object 'Object Repository/VLink/Page_CCSale/txt_UDF9'

2024-05-18 15:43:45 - [MESSAGE][PASSED] - Text '' is set on object 'Object Repository/VLink/Page_CCSale/txt_UDF10'

2024-05-18 15:43:47 - [MESSAGE][PASSED] - Object: 'Object Repository/VLink/Page_CCSale/btn_ProcessVLinkTransaction' is clicked on

2024-05-18 15:43:52 - [MESSAGE][PASSED] - vlinkPages.saleCCPage.setDataSCC is PASSED

2024-05-18 15:43:52 - [TEST_STEP][PASSED] - if (verifyTextPresent("Transaction approved, no errors", true)): null

2024-05-18 15:43:52 - [MESSAGE][PASSED] - Text 'Transaction approved, no errors' is present on page  using regular expression

2024-05-18 15:43:52 - [TEST_STEP][PASSED] - println("Transaction Approved, no errors text is present on the Confirmation page"): null

2024-05-18 15:43:52 - [TEST_STEP][PASSED] - out.println("Pass Record Number: " + row): null

2024-05-18 15:43:52 - [TEST_STEP][PASSED] - resText = "Pass": null

2024-05-18 15:43:52 - [TEST_STEP][PASSED] - pages.WriteExcel.demoKey(resText, datText, resColumn, datCloumn, fileLoc, nameSheet, row): pages.WriteExcel.demoKey is PASSED

2024-05-18 15:43:53 - [MESSAGE][PASSED] - pages.WriteExcel.demoKey is PASSED

2024-05-18 15:43:53 - [TEST_STEP][PASSED] - sdfo = getText(findTestObject("Object Repository/Page_VLinkReceipt/pre_STX")): Text of object 'Object Repository/Page_VLinkReceipt/pre_STX' is: '<STX>jEk5Oj5wZL5W                  12153208            0  Transaction approved, no errors                   0                                                                                  XXOK5177   <ETX>'

2024-05-18 15:43:53 - [MESSAGE][PASSED] - Text of object 'Object Repository/Page_VLinkReceipt/pre_STX' is: '<STX>jEk5Oj5wZL5W                  12153208            0  Transaction approved, no errors                   0                                                                                  XXOK5177   <ETX>'

2024-05-18 15:43:53 - [TEST_STEP][PASSED] - out.println("sdfo: " + sdfo): null

2024-05-18 15:43:53 - [TEST_STEP][PASSED] - remID = substring(5, 35).trim(): null

2024-05-18 15:43:53 - [TEST_STEP][PASSED] - out.println("Remittance ID: " + remID): null

2024-05-18 15:43:53 - [TEST_STEP][PASSED] - traxID = substring(35, 55).trim(): null

2024-05-18 15:43:53 - [TEST_STEP][PASSED] - out.println("Transaction ID: " + traxID): null

2024-05-18 15:43:53 - [TEST_STEP][PASSED] - out.println("End Record Number: " + row): null

2024-05-18 15:43:53 - [TEST_STEP][PASSED] - closeBrowser(): Browser is closed

2024-05-18 15:43:54 - [MESSAGE][PASSED] - Browser is closed

2024-05-18 15:43:54 - [TEST_STEP][PASSED] - ExecuteTC = findTestData(dataFile).getValue("Execute", row): null

2024-05-18 15:43:54 - [TEST_STEP][PASSED] - out.println("Value of Execute is : " + ExecuteTC): null

2024-05-18 15:43:54 - [TEST_STEP][PASSED] - if (ExecuteTC.equalsIgnoreCase("Y")): Browser is closed

2024-05-18 15:43:54 - [TEST_STEP][PASSED] - out.println("Begin Record Number: " + row): null

2024-05-18 15:43:54 - [TEST_STEP][PASSED] - today = new java.util.Date(): null

2024-05-18 15:43:54 - [TEST_STEP][PASSED] - println(today): null

2024-05-18 15:43:54 - [TEST_STEP][PASSED] - datText = today: null

2024-05-18 15:43:54 - [TEST_STEP][PASSED] - openBrowser(VLinkURL + "authcap.html"): Browser is opened with url: 'https://dev-algorithm.govolution.com/vlinktest/QA2/version_2_0/authcap.html'

2024-05-18 15:43:54 - [MESSAGE][INFO] - Starting 'Chrome' driver

2024-05-18 15:43:54 - [MESSAGE][INFO] - User set preference: ['acceptInsecureCerts', 'true']

2024-05-18 15:43:54 - [MESSAGE][INFO] - Action delay is set to 0 milliseconds

2024-05-18 15:43:57 - [MESSAGE][PASSED] - Browser is opened with url: 'https://dev-algorithm.govolution.com/vlinktest/QA2/version_2_0/authcap.html'

2024-05-18 15:43:57 - [TEST_STEP][PASSED] - maximizeWindow(): Current window maximized

2024-05-18 15:43:57 - [MESSAGE][PASSED] - Current window maximized

2024-05-18 15:43:57 - [TEST_STEP][PASSED] - vlinkPages.saleCCPage.setDataSCC(row, dataFile): vlinkPages.saleCCPage.setDataSCC is PASSED

2024-05-18 15:44:00 - [MESSAGE][PASSED] - Object 'Object Repository/VLink/Page_CCSale/txt_CardNumber' is present

2024-05-18 15:44:01 - [MESSAGE][PASSED] - Text '104' is set on object 'Object Repository/VLink/Page_CCSale/txt_TransactionType'

2024-05-18 15:44:01 - [MESSAGE][PASSED] - Text '2.0C' is set on object 'Object Repository/VLink/Page_CCSale/txt_MessageVersion'

2024-05-18 15:44:02 - [MESSAGE][PASSED] - Text 'OG0Z6xjwTb7a' is set on object 'Object Repository/VLink/Page_CCSale/txt_RemID'

2024-05-18 15:44:03 - [MESSAGE][PASSED] - Text '665' is set on object 'Object Repository/VLink/Page_CCSale/txt_ApplicationId'

2024-05-18 15:44:04 - [MESSAGE][PASSED] - Text 'username' is set on object 'Object Repository/VLink/Page_CCSale/txt_Username'

2024-05-18 15:44:04 - [MESSAGE][PASSED] - Text 'password' is set on object 'Object Repository/VLink/Page_CCSale/txt_Password'

2024-05-18 15:44:05 - [MESSAGE][PASSED] - Text 'fixed_width' is set on object 'Object Repository/VLink/Page_CCSale/txt_ResponseFormat'

2024-05-18 15:44:06 - [MESSAGE][PASSED] - Text 'MOTO' is set on object 'Object Repository/VLink/Page_CCSale/txt_Category'

2024-05-18 15:44:06 - [MESSAGE][PASSED] - Text '' is set on object 'Object Repository/VLink/Page_CCSale/txt_TransactionID'

2024-05-18 15:44:07 - [MESSAGE][PASSED] - Text '' is set on object 'Object Repository/VLink/Page_CCSale/txt_ApprovalCode'

2024-05-18 15:44:08 - [MESSAGE][PASSED] - Text 'Kris Roshan' is set on object 'Object Repository/VLink/Page_CCSale/txt_CardName'

2024-05-18 15:44:09 - [MESSAGE][PASSED] - Text '258 Elm Road' is set on object 'Object Repository/VLink/Page_CCSale/txt_AL1'

2024-05-18 15:44:09 - [MESSAGE][PASSED] - Text 'Suite 56' is set on object 'Object Repository/VLink/Page_CCSale/txt_AL2'

2024-05-18 15:44:10 - [MESSAGE][PASSED] - Text 'Arlington' is set on object 'Object Repository/VLink/Page_CCSale/txt_CardCity'

2024-05-18 15:44:11 - [MESSAGE][PASSED] - Text 'VA' is set on object 'Object Repository/VLink/Page_CCSale/txt_CardState'

2024-05-18 15:44:11 - [MESSAGE][PASSED] - Text '22201' is set on object 'Object Repository/VLink/Page_CCSale/txt_CardZIP'

2024-05-18 15:44:12 - [MESSAGE][PASSED] - Text '840' is set on object 'Object Repository/VLink/Page_CCSale/txt_CountryID'

2024-05-18 15:44:13 - [MESSAGE][PASSED] - Text '1.50' is set on object 'Object Repository/VLink/Page_CCSale/txt_Amount'

2024-05-18 15:44:13 - [MESSAGE][PASSED] - Text '4111111111111111' is set on object 'Object Repository/VLink/Page_CCSale/txt_CardNumber'

2024-05-18 15:44:14 - [MESSAGE][PASSED] - Text '12' is set on object 'Object Repository/VLink/Page_CCSale/txt_ExpMonth'

2024-05-18 15:44:15 - [MESSAGE][PASSED] - Text '2025' is set on object 'Object Repository/VLink/Page_CCSale/txt_ExpYear'

2024-05-18 15:44:15 - [MESSAGE][PASSED] - Text '' is set on object 'Object Repository/VLink/Page_CCSale/txt_CVV'

2024-05-18 15:44:16 - [MESSAGE][PASSED] - Text '' is set on object 'Object Repository/VLink/Page_CCSale/txt_CVVstate'

2024-05-18 15:44:17 - [MESSAGE][PASSED] - Text '' is set on object 'Object Repository/VLink/Page_CCSale/txt_TrackData'

2024-05-18 15:44:17 - [MESSAGE][PASSED] - Text '' is set on object 'Object Repository/VLink/Page_CCSale/txt_Track1Data'

2024-05-18 15:44:18 - [MESSAGE][PASSED] - Text '' is set on object 'Object Repository/VLink/Page_CCSale/txt_Track2Data'

2024-05-18 15:44:19 - [MESSAGE][PASSED] - Text 'manual' is set on object 'Object Repository/VLink/Page_CCSale/txt_POSEntryMode'

2024-05-18 15:44:20 - [MESSAGE][PASSED] - Text 'iahmed@govolution.com' is set on object 'Object Repository/VLink/Page_CCSale/txt_Email'

2024-05-18 15:44:20 - [MESSAGE][PASSED] - Text '2569362' is set on object 'Object Repository/VLink/Page_CCSale/txt_OrderNumber'

2024-05-18 15:44:21 - [MESSAGE][PASSED] - Text '1.15' is set on object 'Object Repository/VLink/Page_CCSale/txt_TaxAmount'

2024-05-18 15:44:22 - [MESSAGE][PASSED] - Text 'Charge Description' is set on object 'Object Repository/VLink/Page_CCSale/txt_ChargeDescription'

2024-05-18 15:44:22 - [MESSAGE][PASSED] - Text '147357' is set on object 'Object Repository/VLink/Page_CCSale/txt_CAN'

2024-05-18 15:44:23 - [MESSAGE][PASSED] - Text '1' is set on object 'Object Repository/VLink/Page_CCSale/txt_BillPaymentIndicator'

2024-05-18 15:44:24 - [MESSAGE][PASSED] - Text 'UDF Data 1' is set on object 'Object Repository/VLink/Page_CCSale/txt_UDF1'

2024-05-18 15:44:24 - [MESSAGE][PASSED] - Text 'UDF Data 2' is set on object 'Object Repository/VLink/Page_CCSale/txt_UDF2'

2024-05-18 15:44:25 - [MESSAGE][PASSED] - Text 'UDF Data 3' is set on object 'Object Repository/VLink/Page_CCSale/txt_UDF3'

2024-05-18 15:44:26 - [MESSAGE][PASSED] - Text 'UDF Data 4' is set on object 'Object Repository/VLink/Page_CCSale/txt_UDF4'

2024-05-18 15:44:27 - [MESSAGE][PASSED] - Text 'UDF Data 5' is set on object 'Object Repository/VLink/Page_CCSale/txt_UDF5'

2024-05-18 15:44:27 - [MESSAGE][PASSED] - Text 'UDF Data 6' is set on object 'Object Repository/VLink/Page_CCSale/txt_UDF6'

2024-05-18 15:44:28 - [MESSAGE][PASSED] - Text 'UDF Data 7' is set on object 'Object Repository/VLink/Page_CCSale/txt_UDF7'

2024-05-18 15:44:29 - [MESSAGE][PASSED] - Text 'UDF Data 8' is set on object 'Object Repository/VLink/Page_CCSale/txt_UDF8'

2024-05-18 15:44:29 - [MESSAGE][PASSED] - Text 'UDF Data 9' is set on object 'Object Repository/VLink/Page_CCSale/txt_UDF9'

2024-05-18 15:44:30 - [MESSAGE][PASSED] - Text 'UDF Data 10' is set on object 'Object Repository/VLink/Page_CCSale/txt_UDF10'

2024-05-18 15:44:33 - [MESSAGE][PASSED] - Object: 'Object Repository/VLink/Page_CCSale/btn_ProcessVLinkTransaction' is clicked on

2024-05-18 15:44:38 - [MESSAGE][PASSED] - vlinkPages.saleCCPage.setDataSCC is PASSED

2024-05-18 15:44:38 - [TEST_STEP][PASSED] - if (verifyTextPresent("Transaction approved, no errors", true)): null

2024-05-18 15:44:38 - [MESSAGE][PASSED] - Text 'Transaction approved, no errors' is present on page  using regular expression

2024-05-18 15:44:38 - [TEST_STEP][PASSED] - println("Transaction Approved, no errors text is present on the Confirmation page"): null

2024-05-18 15:44:38 - [TEST_STEP][PASSED] - out.println("Pass Record Number: " + row): null

2024-05-18 15:44:38 - [TEST_STEP][PASSED] - resText = "Pass": null

2024-05-18 15:44:38 - [TEST_STEP][PASSED] - pages.WriteExcel.demoKey(resText, datText, resColumn, datCloumn, fileLoc, nameSheet, row): pages.WriteExcel.demoKey is PASSED

2024-05-18 15:44:38 - [MESSAGE][PASSED] - pages.WriteExcel.demoKey is PASSED

2024-05-18 15:44:38 - [TEST_STEP][PASSED] - sdfo = getText(findTestObject("Object Repository/Page_VLinkReceipt/pre_STX")): Text of object 'Object Repository/Page_VLinkReceipt/pre_STX' is: '<STX>OG0Z6xjwTb7a                  12153210            0  Transaction approved, no errors                   0                                                                                  XXOK6861   <ETX>'

2024-05-18 15:44:38 - [MESSAGE][PASSED] - Text of object 'Object Repository/Page_VLinkReceipt/pre_STX' is: '<STX>OG0Z6xjwTb7a                  12153210            0  Transaction approved, no errors                   0                                                                                  XXOK6861   <ETX>'

2024-05-18 15:44:38 - [TEST_STEP][PASSED] - out.println("sdfo: " + sdfo): null

2024-05-18 15:44:38 - [TEST_STEP][PASSED] - remID = substring(5, 35).trim(): null

2024-05-18 15:44:38 - [TEST_STEP][PASSED] - out.println("Remittance ID: " + remID): null

2024-05-18 15:44:38 - [TEST_STEP][PASSED] - traxID = substring(35, 55).trim(): null

2024-05-18 15:44:38 - [TEST_STEP][PASSED] - out.println("Transaction ID: " + traxID): null

2024-05-18 15:44:38 - [TEST_STEP][PASSED] - out.println("End Record Number: " + row): null

2024-05-18 15:44:38 - [TEST_STEP][PASSED] - closeBrowser(): Browser is closed

2024-05-18 15:44:40 - [MESSAGE][PASSED] - Browser is closed

2024-05-18 15:44:40 - [TEST_STEP][PASSED] - ExecuteTC = findTestData(dataFile).getValue("Execute", row): null

2024-05-18 15:44:40 - [TEST_STEP][PASSED] - out.println("Value of Execute is : " + ExecuteTC): null

2024-05-18 15:44:40 - [TEST_STEP][PASSED] - if (ExecuteTC.equalsIgnoreCase("Y")): Browser is closed

2024-05-18 15:44:40 - [TEST_STEP][PASSED] - out.println("Begin Record Number: " + row): null

2024-05-18 15:44:40 - [TEST_STEP][PASSED] - today = new java.util.Date(): null

2024-05-18 15:44:40 - [TEST_STEP][PASSED] - println(today): null

2024-05-18 15:44:40 - [TEST_STEP][PASSED] - datText = today: null

2024-05-18 15:44:40 - [TEST_STEP][PASSED] - openBrowser(VLinkURL + "authcap.html"): Browser is opened with url: 'https://dev-algorithm.govolution.com/vlinktest/QA2/version_2_0/authcap.html'

2024-05-18 15:44:40 - [MESSAGE][INFO] - Starting 'Chrome' driver

2024-05-18 15:44:40 - [MESSAGE][INFO] - User set preference: ['acceptInsecureCerts', 'true']

2024-05-18 15:44:40 - [MESSAGE][INFO] - Action delay is set to 0 milliseconds

2024-05-18 15:44:42 - [MESSAGE][PASSED] - Browser is opened with url: 'https://dev-algorithm.govolution.com/vlinktest/QA2/version_2_0/authcap.html'

2024-05-18 15:44:42 - [TEST_STEP][PASSED] - maximizeWindow(): Current window maximized

2024-05-18 15:44:42 - [MESSAGE][PASSED] - Current window maximized

2024-05-18 15:44:42 - [TEST_STEP][PASSED] - vlinkPages.saleCCPage.setDataSCC(row, dataFile): vlinkPages.saleCCPage.setDataSCC is PASSED

2024-05-18 15:44:45 - [MESSAGE][PASSED] - Object 'Object Repository/VLink/Page_CCSale/txt_CardNumber' is present

2024-05-18 15:44:46 - [MESSAGE][PASSED] - Text '104' is set on object 'Object Repository/VLink/Page_CCSale/txt_TransactionType'

2024-05-18 15:44:47 - [MESSAGE][PASSED] - Text '2.0C' is set on object 'Object Repository/VLink/Page_CCSale/txt_MessageVersion'

2024-05-18 15:44:47 - [MESSAGE][PASSED] - Text 'qnl739HkBkZR' is set on object 'Object Repository/VLink/Page_CCSale/txt_RemID'

2024-05-18 15:44:48 - [MESSAGE][PASSED] - Text '672' is set on object 'Object Repository/VLink/Page_CCSale/txt_ApplicationId'

2024-05-18 15:44:49 - [MESSAGE][PASSED] - Text 'username' is set on object 'Object Repository/VLink/Page_CCSale/txt_Username'

2024-05-18 15:44:49 - [MESSAGE][PASSED] - Text 'password' is set on object 'Object Repository/VLink/Page_CCSale/txt_Password'

2024-05-18 15:44:50 - [MESSAGE][PASSED] - Text 'fixed_width' is set on object 'Object Repository/VLink/Page_CCSale/txt_ResponseFormat'

2024-05-18 15:44:51 - [MESSAGE][PASSED] - Text 'MOTO' is set on object 'Object Repository/VLink/Page_CCSale/txt_Category'

2024-05-18 15:44:51 - [MESSAGE][PASSED] - Text '' is set on object 'Object Repository/VLink/Page_CCSale/txt_TransactionID'

2024-05-18 15:44:52 - [MESSAGE][PASSED] - Text '' is set on object 'Object Repository/VLink/Page_CCSale/txt_ApprovalCode'

2024-05-18 15:44:53 - [MESSAGE][PASSED] - Text 'Arvind Silva' is set on object 'Object Repository/VLink/Page_CCSale/txt_CardName'

2024-05-18 15:44:54 - [MESSAGE][PASSED] - Text '111 Main Ave' is set on object 'Object Repository/VLink/Page_CCSale/txt_AL1'

2024-05-18 15:44:54 - [MESSAGE][PASSED] - Text '' is set on object 'Object Repository/VLink/Page_CCSale/txt_AL2'

2024-05-18 15:44:55 - [MESSAGE][PASSED] - Text 'Arlington' is set on object 'Object Repository/VLink/Page_CCSale/txt_CardCity'

2024-05-18 15:44:56 - [MESSAGE][PASSED] - Text 'VA' is set on object 'Object Repository/VLink/Page_CCSale/txt_CardState'

2024-05-18 15:44:56 - [MESSAGE][PASSED] - Text '22201' is set on object 'Object Repository/VLink/Page_CCSale/txt_CardZIP'

2024-05-18 15:44:57 - [MESSAGE][PASSED] - Text '' is set on object 'Object Repository/VLink/Page_CCSale/txt_CountryID'

2024-05-18 15:44:58 - [MESSAGE][PASSED] - Text '2.50' is set on object 'Object Repository/VLink/Page_CCSale/txt_Amount'

2024-05-18 15:44:58 - [MESSAGE][PASSED] - Text '4111111111111111' is set on object 'Object Repository/VLink/Page_CCSale/txt_CardNumber'

2024-05-18 15:44:59 - [MESSAGE][PASSED] - Text '01' is set on object 'Object Repository/VLink/Page_CCSale/txt_ExpMonth'

2024-05-18 15:45:00 - [MESSAGE][PASSED] - Text '2026' is set on object 'Object Repository/VLink/Page_CCSale/txt_ExpYear'

2024-05-18 15:45:01 - [MESSAGE][PASSED] - Text '' is set on object 'Object Repository/VLink/Page_CCSale/txt_CVV'

2024-05-18 15:45:01 - [MESSAGE][PASSED] - Text '' is set on object 'Object Repository/VLink/Page_CCSale/txt_CVVstate'

2024-05-18 15:45:02 - [MESSAGE][PASSED] - Text '' is set on object 'Object Repository/VLink/Page_CCSale/txt_TrackData'

2024-05-18 15:45:03 - [MESSAGE][PASSED] - Text '' is set on object 'Object Repository/VLink/Page_CCSale/txt_Track1Data'

2024-05-18 15:45:03 - [MESSAGE][PASSED] - Text '' is set on object 'Object Repository/VLink/Page_CCSale/txt_Track2Data'

2024-05-18 15:45:04 - [MESSAGE][PASSED] - Text 'manual' is set on object 'Object Repository/VLink/Page_CCSale/txt_POSEntryMode'

2024-05-18 15:45:05 - [MESSAGE][PASSED] - Text '' is set on object 'Object Repository/VLink/Page_CCSale/txt_Email'

2024-05-18 15:45:05 - [MESSAGE][PASSED] - Text '' is set on object 'Object Repository/VLink/Page_CCSale/txt_OrderNumber'

2024-05-18 15:45:06 - [MESSAGE][PASSED] - Text '' is set on object 'Object Repository/VLink/Page_CCSale/txt_TaxAmount'

2024-05-18 15:45:07 - [MESSAGE][PASSED] - Text '' is set on object 'Object Repository/VLink/Page_CCSale/txt_ChargeDescription'

2024-05-18 15:45:07 - [MESSAGE][PASSED] - Text '' is set on object 'Object Repository/VLink/Page_CCSale/txt_CAN'

2024-05-18 15:45:08 - [MESSAGE][PASSED] - Text '' is set on object 'Object Repository/VLink/Page_CCSale/txt_BillPaymentIndicator'

2024-05-18 15:45:09 - [MESSAGE][PASSED] - Text '' is set on object 'Object Repository/VLink/Page_CCSale/txt_UDF1'

2024-05-18 15:45:09 - [MESSAGE][PASSED] - Text '' is set on object 'Object Repository/VLink/Page_CCSale/txt_UDF2'

2024-05-18 15:45:10 - [MESSAGE][PASSED] - Text '' is set on object 'Object Repository/VLink/Page_CCSale/txt_UDF3'

2024-05-18 15:45:11 - [MESSAGE][PASSED] - Text '' is set on object 'Object Repository/VLink/Page_CCSale/txt_UDF4'

2024-05-18 15:45:11 - [MESSAGE][PASSED] - Text '' is set on object 'Object Repository/VLink/Page_CCSale/txt_UDF5'

2024-05-18 15:45:12 - [MESSAGE][PASSED] - Text '' is set on object 'Object Repository/VLink/Page_CCSale/txt_UDF6'

2024-05-18 15:45:12 - [MESSAGE][PASSED] - Text '' is set on object 'Object Repository/VLink/Page_CCSale/txt_UDF7'

2024-05-18 15:45:13 - [MESSAGE][PASSED] - Text '' is set on object 'Object Repository/VLink/Page_CCSale/txt_UDF8'

2024-05-18 15:45:14 - [MESSAGE][PASSED] - Text '' is set on object 'Object Repository/VLink/Page_CCSale/txt_UDF9'

2024-05-18 15:45:14 - [MESSAGE][PASSED] - Text '' is set on object 'Object Repository/VLink/Page_CCSale/txt_UDF10'

2024-05-18 15:45:16 - [MESSAGE][PASSED] - Object: 'Object Repository/VLink/Page_CCSale/btn_ProcessVLinkTransaction' is clicked on

2024-05-18 15:45:21 - [MESSAGE][PASSED] - vlinkPages.saleCCPage.setDataSCC is PASSED

2024-05-18 15:45:21 - [TEST_STEP][PASSED] - if (verifyTextPresent("Transaction approved, no errors", true)): null

2024-05-18 15:45:21 - [MESSAGE][PASSED] - Text 'Transaction approved, no errors' is present on page  using regular expression

2024-05-18 15:45:21 - [TEST_STEP][PASSED] - println("Transaction Approved, no errors text is present on the Confirmation page"): null

2024-05-18 15:45:21 - [TEST_STEP][PASSED] - out.println("Pass Record Number: " + row): null

2024-05-18 15:45:21 - [TEST_STEP][PASSED] - resText = "Pass": null

2024-05-18 15:45:21 - [TEST_STEP][PASSED] - pages.WriteExcel.demoKey(resText, datText, resColumn, datCloumn, fileLoc, nameSheet, row): pages.WriteExcel.demoKey is PASSED

2024-05-18 15:45:21 - [MESSAGE][PASSED] - pages.WriteExcel.demoKey is PASSED

2024-05-18 15:45:21 - [TEST_STEP][PASSED] - sdfo = getText(findTestObject("Object Repository/Page_VLinkReceipt/pre_STX")): Text of object 'Object Repository/Page_VLinkReceipt/pre_STX' is: '<STX>qnl739HkBkZR                  12153211            0  Transaction approved, no errors                   0                                                                                  XXOK5337   <ETX>'

2024-05-18 15:45:21 - [MESSAGE][PASSED] - Text of object 'Object Repository/Page_VLinkReceipt/pre_STX' is: '<STX>qnl739HkBkZR                  12153211            0  Transaction approved, no errors                   0                                                                                  XXOK5337   <ETX>'

2024-05-18 15:45:21 - [TEST_STEP][PASSED] - out.println("sdfo: " + sdfo): null

2024-05-18 15:45:21 - [TEST_STEP][PASSED] - remID = substring(5, 35).trim(): null

2024-05-18 15:45:21 - [TEST_STEP][PASSED] - out.println("Remittance ID: " + remID): null

2024-05-18 15:45:21 - [TEST_STEP][PASSED] - traxID = substring(35, 55).trim(): null

2024-05-18 15:45:21 - [TEST_STEP][PASSED] - out.println("Transaction ID: " + traxID): null

2024-05-18 15:45:21 - [TEST_STEP][PASSED] - out.println("End Record Number: " + row): null

2024-05-18 15:45:21 - [TEST_STEP][PASSED] - closeBrowser(): Browser is closed

2024-05-18 15:45:23 - [MESSAGE][PASSED] - Browser is closed

2024-05-18 15:45:23 - [TEST_STEP][PASSED] - ExecuteTC = findTestData(dataFile).getValue("Execute", row): null

2024-05-18 15:45:23 - [TEST_STEP][PASSED] - out.println("Value of Execute is : " + ExecuteTC): null

2024-05-18 15:45:23 - [TEST_STEP][PASSED] - if (ExecuteTC.equalsIgnoreCase("Y")): Browser is closed

2024-05-18 15:45:23 - [TEST_STEP][PASSED] - out.println("Begin Record Number: " + row): null

2024-05-18 15:45:23 - [TEST_STEP][PASSED] - today = new java.util.Date(): null

2024-05-18 15:45:23 - [TEST_STEP][PASSED] - println(today): null

2024-05-18 15:45:23 - [TEST_STEP][PASSED] - datText = today: null

2024-05-18 15:45:23 - [TEST_STEP][PASSED] - openBrowser(VLinkURL + "authcap.html"): Browser is opened with url: 'https://dev-algorithm.govolution.com/vlinktest/QA2/version_2_0/authcap.html'

2024-05-18 15:45:23 - [MESSAGE][INFO] - Starting 'Chrome' driver

2024-05-18 15:45:23 - [MESSAGE][INFO] - User set preference: ['acceptInsecureCerts', 'true']

2024-05-18 15:45:23 - [MESSAGE][INFO] - Action delay is set to 0 milliseconds

2024-05-18 15:45:25 - [MESSAGE][PASSED] - Browser is opened with url: 'https://dev-algorithm.govolution.com/vlinktest/QA2/version_2_0/authcap.html'

2024-05-18 15:45:25 - [TEST_STEP][PASSED] - maximizeWindow(): Current window maximized

2024-05-18 15:45:25 - [MESSAGE][PASSED] - Current window maximized

2024-05-18 15:45:25 - [TEST_STEP][PASSED] - vlinkPages.saleCCPage.setDataSCC(row, dataFile): vlinkPages.saleCCPage.setDataSCC is PASSED

2024-05-18 15:45:28 - [MESSAGE][PASSED] - Object 'Object Repository/VLink/Page_CCSale/txt_CardNumber' is present

2024-05-18 15:45:29 - [MESSAGE][PASSED] - Text '104' is set on object 'Object Repository/VLink/Page_CCSale/txt_TransactionType'

2024-05-18 15:45:30 - [MESSAGE][PASSED] - Text '2.0C' is set on object 'Object Repository/VLink/Page_CCSale/txt_MessageVersion'

2024-05-18 15:45:30 - [MESSAGE][PASSED] - Text 'IRCAyyhqHqgJ' is set on object 'Object Repository/VLink/Page_CCSale/txt_RemID'

2024-05-18 15:45:31 - [MESSAGE][PASSED] - Text '677' is set on object 'Object Repository/VLink/Page_CCSale/txt_ApplicationId'

2024-05-18 15:45:32 - [MESSAGE][PASSED] - Text 'username' is set on object 'Object Repository/VLink/Page_CCSale/txt_Username'

2024-05-18 15:45:32 - [MESSAGE][PASSED] - Text 'password' is set on object 'Object Repository/VLink/Page_CCSale/txt_Password'

2024-05-18 15:45:33 - [MESSAGE][PASSED] - Text 'fixed_width' is set on object 'Object Repository/VLink/Page_CCSale/txt_ResponseFormat'

2024-05-18 15:45:34 - [MESSAGE][PASSED] - Text 'MOTO' is set on object 'Object Repository/VLink/Page_CCSale/txt_Category'

2024-05-18 15:45:34 - [MESSAGE][PASSED] - Text '' is set on object 'Object Repository/VLink/Page_CCSale/txt_TransactionID'

2024-05-18 15:45:35 - [MESSAGE][PASSED] - Text '' is set on object 'Object Repository/VLink/Page_CCSale/txt_ApprovalCode'

2024-05-18 15:45:36 - [MESSAGE][PASSED] - Text 'Roshan Maha' is set on object 'Object Repository/VLink/Page_CCSale/txt_CardName'

2024-05-18 15:45:36 - [MESSAGE][PASSED] - Text '12563 Bazaar road' is set on object 'Object Repository/VLink/Page_CCSale/txt_AL1'

2024-05-18 15:45:37 - [MESSAGE][PASSED] - Text '' is set on object 'Object Repository/VLink/Page_CCSale/txt_AL2'

2024-05-18 15:45:38 - [MESSAGE][PASSED] - Text 'Crofton' is set on object 'Object Repository/VLink/Page_CCSale/txt_CardCity'

2024-05-18 15:45:39 - [MESSAGE][PASSED] - Text 'MD' is set on object 'Object Repository/VLink/Page_CCSale/txt_CardState'

2024-05-18 15:45:39 - [MESSAGE][PASSED] - Text '21114' is set on object 'Object Repository/VLink/Page_CCSale/txt_CardZIP'

2024-05-18 15:45:40 - [MESSAGE][PASSED] - Text '' is set on object 'Object Repository/VLink/Page_CCSale/txt_CountryID'

2024-05-18 15:45:41 - [MESSAGE][PASSED] - Text '3.50' is set on object 'Object Repository/VLink/Page_CCSale/txt_Amount'

2024-05-18 15:45:41 - [MESSAGE][PASSED] - Text '4111111111111111' is set on object 'Object Repository/VLink/Page_CCSale/txt_CardNumber'

2024-05-18 15:45:42 - [MESSAGE][PASSED] - Text '01' is set on object 'Object Repository/VLink/Page_CCSale/txt_ExpMonth'

2024-05-18 15:45:43 - [MESSAGE][PASSED] - Text '2026' is set on object 'Object Repository/VLink/Page_CCSale/txt_ExpYear'

2024-05-18 15:45:43 - [MESSAGE][PASSED] - Text '' is set on object 'Object Repository/VLink/Page_CCSale/txt_CVV'

2024-05-18 15:45:44 - [MESSAGE][PASSED] - Text '' is set on object 'Object Repository/VLink/Page_CCSale/txt_CVVstate'

2024-05-18 15:45:45 - [MESSAGE][PASSED] - Text '' is set on object 'Object Repository/VLink/Page_CCSale/txt_TrackData'

2024-05-18 15:45:45 - [MESSAGE][PASSED] - Text '' is set on object 'Object Repository/VLink/Page_CCSale/txt_Track1Data'

2024-05-18 15:45:46 - [MESSAGE][PASSED] - Text '' is set on object 'Object Repository/VLink/Page_CCSale/txt_Track2Data'

2024-05-18 15:45:47 - [MESSAGE][PASSED] - Text 'manual' is set on object 'Object Repository/VLink/Page_CCSale/txt_POSEntryMode'

2024-05-18 15:45:47 - [MESSAGE][PASSED] - Text '' is set on object 'Object Repository/VLink/Page_CCSale/txt_Email'

2024-05-18 15:45:48 - [MESSAGE][PASSED] - Text '' is set on object 'Object Repository/VLink/Page_CCSale/txt_OrderNumber'

2024-05-18 15:45:49 - [MESSAGE][PASSED] - Text '' is set on object 'Object Repository/VLink/Page_CCSale/txt_TaxAmount'

2024-05-18 15:45:49 - [MESSAGE][PASSED] - Text '' is set on object 'Object Repository/VLink/Page_CCSale/txt_ChargeDescription'

2024-05-18 15:45:50 - [MESSAGE][PASSED] - Text '' is set on object 'Object Repository/VLink/Page_CCSale/txt_CAN'

2024-05-18 15:45:51 - [MESSAGE][PASSED] - Text '' is set on object 'Object Repository/VLink/Page_CCSale/txt_BillPaymentIndicator'

2024-05-18 15:45:51 - [MESSAGE][PASSED] - Text '' is set on object 'Object Repository/VLink/Page_CCSale/txt_UDF1'

2024-05-18 15:45:52 - [MESSAGE][PASSED] - Text '' is set on object 'Object Repository/VLink/Page_CCSale/txt_UDF2'

2024-05-18 15:45:53 - [MESSAGE][PASSED] - Text '' is set on object 'Object Repository/VLink/Page_CCSale/txt_UDF3'

2024-05-18 15:45:53 - [MESSAGE][PASSED] - Text '' is set on object 'Object Repository/VLink/Page_CCSale/txt_UDF4'

2024-05-18 15:45:54 - [MESSAGE][PASSED] - Text '' is set on object 'Object Repository/VLink/Page_CCSale/txt_UDF5'

2024-05-18 15:45:55 - [MESSAGE][PASSED] - Text '' is set on object 'Object Repository/VLink/Page_CCSale/txt_UDF6'

2024-05-18 15:45:55 - [MESSAGE][PASSED] - Text '' is set on object 'Object Repository/VLink/Page_CCSale/txt_UDF7'

2024-05-18 15:45:56 - [MESSAGE][PASSED] - Text '' is set on object 'Object Repository/VLink/Page_CCSale/txt_UDF8'

2024-05-18 15:45:57 - [MESSAGE][PASSED] - Text '' is set on object 'Object Repository/VLink/Page_CCSale/txt_UDF9'

2024-05-18 15:45:57 - [MESSAGE][PASSED] - Text '' is set on object 'Object Repository/VLink/Page_CCSale/txt_UDF10'

2024-05-18 15:46:01 - [MESSAGE][PASSED] - Object: 'Object Repository/VLink/Page_CCSale/btn_ProcessVLinkTransaction' is clicked on

2024-05-18 15:46:06 - [MESSAGE][PASSED] - vlinkPages.saleCCPage.setDataSCC is PASSED

2024-05-18 15:46:06 - [TEST_STEP][PASSED] - if (verifyTextPresent("Transaction approved, no errors", true)): null

2024-05-18 15:46:06 - [MESSAGE][PASSED] - Text 'Transaction approved, no errors' is present on page  using regular expression

2024-05-18 15:46:06 - [TEST_STEP][PASSED] - println("Transaction Approved, no errors text is present on the Confirmation page"): null

2024-05-18 15:46:06 - [TEST_STEP][PASSED] - out.println("Pass Record Number: " + row): null

2024-05-18 15:46:06 - [TEST_STEP][PASSED] - resText = "Pass": null

2024-05-18 15:46:06 - [TEST_STEP][PASSED] - pages.WriteExcel.demoKey(resText, datText, resColumn, datCloumn, fileLoc, nameSheet, row): pages.WriteExcel.demoKey is PASSED

2024-05-18 15:46:06 - [MESSAGE][PASSED] - pages.WriteExcel.demoKey is PASSED

2024-05-18 15:46:06 - [TEST_STEP][PASSED] - sdfo = getText(findTestObject("Object Repository/Page_VLinkReceipt/pre_STX")): Text of object 'Object Repository/Page_VLinkReceipt/pre_STX' is: '<STX>IRCAyyhqHqgJ                  12153212            0  Transaction approved, no errors                   0                                                                                  XXOK6871   <ETX>'

2024-05-18 15:46:06 - [MESSAGE][PASSED] - Text of object 'Object Repository/Page_VLinkReceipt/pre_STX' is: '<STX>IRCAyyhqHqgJ                  12153212            0  Transaction approved, no errors                   0                                                                                  XXOK6871   <ETX>'

2024-05-18 15:46:06 - [TEST_STEP][PASSED] - out.println("sdfo: " + sdfo): null

2024-05-18 15:46:06 - [TEST_STEP][PASSED] - remID = substring(5, 35).trim(): null

2024-05-18 15:46:06 - [TEST_STEP][PASSED] - out.println("Remittance ID: " + remID): null

2024-05-18 15:46:06 - [TEST_STEP][PASSED] - traxID = substring(35, 55).trim(): null

2024-05-18 15:46:06 - [TEST_STEP][PASSED] - out.println("Transaction ID: " + traxID): null

2024-05-18 15:46:06 - [TEST_STEP][PASSED] - out.println("End Record Number: " + row): null

2024-05-18 15:46:06 - [TEST_STEP][PASSED] - closeBrowser(): Browser is closed

2024-05-18 15:46:08 - [MESSAGE][PASSED] - Browser is closed

2024-05-18 15:46:08 - [TEST_STEP][PASSED] - ExecuteTC = findTestData(dataFile).getValue("Execute", row): null

2024-05-18 15:46:08 - [TEST_STEP][PASSED] - out.println("Value of Execute is : " + ExecuteTC): null

2024-05-18 15:46:08 - [TEST_STEP][PASSED] - if (ExecuteTC.equalsIgnoreCase("Y")): Browser is closed

2024-05-18 15:46:08 - [TEST_STEP][PASSED] - out.println("Begin Record Number: " + row): null

2024-05-18 15:46:08 - [TEST_STEP][PASSED] - today = new java.util.Date(): null

2024-05-18 15:46:08 - [TEST_STEP][PASSED] - println(today): null

2024-05-18 15:46:08 - [TEST_STEP][PASSED] - datText = today: null

2024-05-18 15:46:08 - [TEST_STEP][PASSED] - openBrowser(VLinkURL + "authcap.html"): Browser is opened with url: 'https://dev-algorithm.govolution.com/vlinktest/QA2/version_2_0/authcap.html'

2024-05-18 15:46:08 - [MESSAGE][INFO] - Starting 'Chrome' driver

2024-05-18 15:46:08 - [MESSAGE][INFO] - User set preference: ['acceptInsecureCerts', 'true']

2024-05-18 15:46:08 - [MESSAGE][INFO] - Action delay is set to 0 milliseconds

2024-05-18 15:46:10 - [MESSAGE][PASSED] - Browser is opened with url: 'https://dev-algorithm.govolution.com/vlinktest/QA2/version_2_0/authcap.html'

2024-05-18 15:46:10 - [TEST_STEP][PASSED] - maximizeWindow(): Current window maximized

2024-05-18 15:46:10 - [MESSAGE][PASSED] - Current window maximized

2024-05-18 15:46:10 - [TEST_STEP][PASSED] - vlinkPages.saleCCPage.setDataSCC(row, dataFile): vlinkPages.saleCCPage.setDataSCC is PASSED

2024-05-18 15:46:13 - [MESSAGE][PASSED] - Object 'Object Repository/VLink/Page_CCSale/txt_CardNumber' is present

2024-05-18 15:46:14 - [MESSAGE][PASSED] - Text '104' is set on object 'Object Repository/VLink/Page_CCSale/txt_TransactionType'

2024-05-18 15:46:14 - [MESSAGE][PASSED] - Text '2.0C' is set on object 'Object Repository/VLink/Page_CCSale/txt_MessageVersion'

2024-05-18 15:46:15 - [MESSAGE][PASSED] - Text 'vLvUqKu5SMUX' is set on object 'Object Repository/VLink/Page_CCSale/txt_RemID'

2024-05-18 15:46:16 - [MESSAGE][PASSED] - Text '665' is set on object 'Object Repository/VLink/Page_CCSale/txt_ApplicationId'

2024-05-18 15:46:17 - [MESSAGE][PASSED] - Text 'username' is set on object 'Object Repository/VLink/Page_CCSale/txt_Username'

2024-05-18 15:46:17 - [MESSAGE][PASSED] - Text 'password' is set on object 'Object Repository/VLink/Page_CCSale/txt_Password'

2024-05-18 15:46:18 - [MESSAGE][PASSED] - Text 'fixed_width' is set on object 'Object Repository/VLink/Page_CCSale/txt_ResponseFormat'

2024-05-18 15:46:19 - [MESSAGE][PASSED] - Text 'MOTO' is set on object 'Object Repository/VLink/Page_CCSale/txt_Category'

2024-05-18 15:46:19 - [MESSAGE][PASSED] - Text '' is set on object 'Object Repository/VLink/Page_CCSale/txt_TransactionID'

2024-05-18 15:46:20 - [MESSAGE][PASSED] - Text '' is set on object 'Object Repository/VLink/Page_CCSale/txt_ApprovalCode'

2024-05-18 15:46:21 - [MESSAGE][PASSED] - Text 'Kris Roshan' is set on object 'Object Repository/VLink/Page_CCSale/txt_CardName'

2024-05-18 15:46:21 - [MESSAGE][PASSED] - Text '258 Elm Road' is set on object 'Object Repository/VLink/Page_CCSale/txt_AL1'

2024-05-18 15:46:22 - [MESSAGE][PASSED] - Text 'Suite 56' is set on object 'Object Repository/VLink/Page_CCSale/txt_AL2'

2024-05-18 15:46:23 - [MESSAGE][PASSED] - Text 'Arlington' is set on object 'Object Repository/VLink/Page_CCSale/txt_CardCity'

2024-05-18 15:46:23 - [MESSAGE][PASSED] - Text 'VA' is set on object 'Object Repository/VLink/Page_CCSale/txt_CardState'

2024-05-18 15:46:24 - [MESSAGE][PASSED] - Text '22201' is set on object 'Object Repository/VLink/Page_CCSale/txt_CardZIP'

2024-05-18 15:46:25 - [MESSAGE][PASSED] - Text '840' is set on object 'Object Repository/VLink/Page_CCSale/txt_CountryID'

2024-05-18 15:46:25 - [MESSAGE][PASSED] - Text '1.50' is set on object 'Object Repository/VLink/Page_CCSale/txt_Amount'

2024-05-18 15:46:26 - [MESSAGE][PASSED] - Text '5424000000000015' is set on object 'Object Repository/VLink/Page_CCSale/txt_CardNumber'

2024-05-18 15:46:27 - [MESSAGE][PASSED] - Text '12' is set on object 'Object Repository/VLink/Page_CCSale/txt_ExpMonth'

2024-05-18 15:46:27 - [MESSAGE][PASSED] - Text '2025' is set on object 'Object Repository/VLink/Page_CCSale/txt_ExpYear'

2024-05-18 15:46:28 - [MESSAGE][PASSED] - Text '' is set on object 'Object Repository/VLink/Page_CCSale/txt_CVV'

2024-05-18 15:46:29 - [MESSAGE][PASSED] - Text '' is set on object 'Object Repository/VLink/Page_CCSale/txt_CVVstate'

2024-05-18 15:46:29 - [MESSAGE][PASSED] - Text '' is set on object 'Object Repository/VLink/Page_CCSale/txt_TrackData'

2024-05-18 15:46:30 - [MESSAGE][PASSED] - Text '' is set on object 'Object Repository/VLink/Page_CCSale/txt_Track1Data'

2024-05-18 15:46:31 - [MESSAGE][PASSED] - Text '' is set on object 'Object Repository/VLink/Page_CCSale/txt_Track2Data'

2024-05-18 15:46:31 - [MESSAGE][PASSED] - Text 'manual' is set on object 'Object Repository/VLink/Page_CCSale/txt_POSEntryMode'

2024-05-18 15:46:32 - [MESSAGE][PASSED] - Text 'iahmed@govolution.com' is set on object 'Object Repository/VLink/Page_CCSale/txt_Email'

2024-05-18 15:46:33 - [MESSAGE][PASSED] - Text '2569362' is set on object 'Object Repository/VLink/Page_CCSale/txt_OrderNumber'

2024-05-18 15:46:34 - [MESSAGE][PASSED] - Text '1.15' is set on object 'Object Repository/VLink/Page_CCSale/txt_TaxAmount'

2024-05-18 15:46:34 - [MESSAGE][PASSED] - Text 'Charge Description' is set on object 'Object Repository/VLink/Page_CCSale/txt_ChargeDescription'

2024-05-18 15:46:35 - [MESSAGE][PASSED] - Text '147357' is set on object 'Object Repository/VLink/Page_CCSale/txt_CAN'

2024-05-18 15:46:36 - [MESSAGE][PASSED] - Text '1' is set on object 'Object Repository/VLink/Page_CCSale/txt_BillPaymentIndicator'

2024-05-18 15:46:36 - [MESSAGE][PASSED] - Text 'UDF Data 1' is set on object 'Object Repository/VLink/Page_CCSale/txt_UDF1'

2024-05-18 15:46:37 - [MESSAGE][PASSED] - Text 'UDF Data 2' is set on object 'Object Repository/VLink/Page_CCSale/txt_UDF2'

2024-05-18 15:46:38 - [MESSAGE][PASSED] - Text 'UDF Data 3' is set on object 'Object Repository/VLink/Page_CCSale/txt_UDF3'

2024-05-18 15:46:38 - [MESSAGE][PASSED] - Text 'UDF Data 4' is set on object 'Object Repository/VLink/Page_CCSale/txt_UDF4'

2024-05-18 15:46:39 - [MESSAGE][PASSED] - Text 'UDF Data 5' is set on object 'Object Repository/VLink/Page_CCSale/txt_UDF5'

2024-05-18 15:46:40 - [MESSAGE][PASSED] - Text 'UDF Data 6' is set on object 'Object Repository/VLink/Page_CCSale/txt_UDF6'

2024-05-18 15:46:40 - [MESSAGE][PASSED] - Text 'UDF Data 7' is set on object 'Object Repository/VLink/Page_CCSale/txt_UDF7'

2024-05-18 15:46:41 - [MESSAGE][PASSED] - Text 'UDF Data 8' is set on object 'Object Repository/VLink/Page_CCSale/txt_UDF8'

2024-05-18 15:46:42 - [MESSAGE][PASSED] - Text 'UDF Data 9' is set on object 'Object Repository/VLink/Page_CCSale/txt_UDF9'

2024-05-18 15:46:43 - [MESSAGE][PASSED] - Text 'UDF Data 10' is set on object 'Object Repository/VLink/Page_CCSale/txt_UDF10'

2024-05-18 15:46:44 - [MESSAGE][PASSED] - Object: 'Object Repository/VLink/Page_CCSale/btn_ProcessVLinkTransaction' is clicked on

2024-05-18 15:46:49 - [MESSAGE][PASSED] - vlinkPages.saleCCPage.setDataSCC is PASSED

2024-05-18 15:46:49 - [TEST_STEP][PASSED] - if (verifyTextPresent("Transaction approved, no errors", true)): null

2024-05-18 15:46:49 - [MESSAGE][PASSED] - Text 'Transaction approved, no errors' is present on page  using regular expression

2024-05-18 15:46:49 - [TEST_STEP][PASSED] - println("Transaction Approved, no errors text is present on the Confirmation page"): null

2024-05-18 15:46:49 - [TEST_STEP][PASSED] - out.println("Pass Record Number: " + row): null

2024-05-18 15:46:49 - [TEST_STEP][PASSED] - resText = "Pass": null

2024-05-18 15:46:49 - [TEST_STEP][PASSED] - pages.WriteExcel.demoKey(resText, datText, resColumn, datCloumn, fileLoc, nameSheet, row): pages.WriteExcel.demoKey is PASSED

2024-05-18 15:46:50 - [MESSAGE][PASSED] - pages.WriteExcel.demoKey is PASSED

2024-05-18 15:46:50 - [TEST_STEP][PASSED] - sdfo = getText(findTestObject("Object Repository/Page_VLinkReceipt/pre_STX")): Text of object 'Object Repository/Page_VLinkReceipt/pre_STX' is: '<STX>vLvUqKu5SMUX                  12153214            0  Transaction approved, no errors                   0                                                                                  XXOK5537   <ETX>'

2024-05-18 15:46:50 - [MESSAGE][PASSED] - Text of object 'Object Repository/Page_VLinkReceipt/pre_STX' is: '<STX>vLvUqKu5SMUX                  12153214            0  Transaction approved, no errors                   0                                                                                  XXOK5537   <ETX>'

2024-05-18 15:46:50 - [TEST_STEP][PASSED] - out.println("sdfo: " + sdfo): null

2024-05-18 15:46:50 - [TEST_STEP][PASSED] - remID = substring(5, 35).trim(): null

2024-05-18 15:46:50 - [TEST_STEP][PASSED] - out.println("Remittance ID: " + remID): null

2024-05-18 15:46:50 - [TEST_STEP][PASSED] - traxID = substring(35, 55).trim(): null

2024-05-18 15:46:50 - [TEST_STEP][PASSED] - out.println("Transaction ID: " + traxID): null

2024-05-18 15:46:50 - [TEST_STEP][PASSED] - out.println("End Record Number: " + row): null

2024-05-18 15:46:50 - [TEST_STEP][PASSED] - closeBrowser(): Browser is closed

2024-05-18 15:46:51 - [MESSAGE][PASSED] - Browser is closed

2024-05-18 15:46:51 - [TEST_STEP][PASSED] - ExecuteTC = findTestData(dataFile).getValue("Execute", row): null

2024-05-18 15:46:51 - [TEST_STEP][PASSED] - out.println("Value of Execute is : " + ExecuteTC): null

2024-05-18 15:46:51 - [TEST_STEP][PASSED] - if (ExecuteTC.equalsIgnoreCase("Y")): Browser is closed

2024-05-18 15:46:51 - [TEST_STEP][PASSED] - out.println("Begin Record Number: " + row): null

2024-05-18 15:46:51 - [TEST_STEP][PASSED] - today = new java.util.Date(): null

2024-05-18 15:46:51 - [TEST_STEP][PASSED] - println(today): null

2024-05-18 15:46:51 - [TEST_STEP][PASSED] - datText = today: null

2024-05-18 15:46:51 - [TEST_STEP][PASSED] - openBrowser(VLinkURL + "authcap.html"): Browser is opened with url: 'https://dev-algorithm.govolution.com/vlinktest/QA2/version_2_0/authcap.html'

2024-05-18 15:46:51 - [MESSAGE][INFO] - Starting 'Chrome' driver

2024-05-18 15:46:51 - [MESSAGE][INFO] - User set preference: ['acceptInsecureCerts', 'true']

2024-05-18 15:46:51 - [MESSAGE][INFO] - Action delay is set to 0 milliseconds

2024-05-18 15:46:53 - [MESSAGE][PASSED] - Browser is opened with url: 'https://dev-algorithm.govolution.com/vlinktest/QA2/version_2_0/authcap.html'

2024-05-18 15:46:53 - [TEST_STEP][PASSED] - maximizeWindow(): Current window maximized

2024-05-18 15:46:54 - [MESSAGE][PASSED] - Current window maximized

2024-05-18 15:46:54 - [TEST_STEP][PASSED] - vlinkPages.saleCCPage.setDataSCC(row, dataFile): vlinkPages.saleCCPage.setDataSCC is PASSED

2024-05-18 15:46:56 - [MESSAGE][PASSED] - Object 'Object Repository/VLink/Page_CCSale/txt_CardNumber' is present

2024-05-18 15:46:57 - [MESSAGE][PASSED] - Text '104' is set on object 'Object Repository/VLink/Page_CCSale/txt_TransactionType'

2024-05-18 15:46:58 - [MESSAGE][PASSED] - Text '2.0C' is set on object 'Object Repository/VLink/Page_CCSale/txt_MessageVersion'

2024-05-18 15:46:58 - [MESSAGE][PASSED] - Text 'QM7BfMqHCm4a' is set on object 'Object Repository/VLink/Page_CCSale/txt_RemID'

2024-05-18 15:46:59 - [MESSAGE][PASSED] - Text '672' is set on object 'Object Repository/VLink/Page_CCSale/txt_ApplicationId'

2024-05-18 15:47:00 - [MESSAGE][PASSED] - Text 'username' is set on object 'Object Repository/VLink/Page_CCSale/txt_Username'

2024-05-18 15:47:01 - [MESSAGE][PASSED] - Text 'password' is set on object 'Object Repository/VLink/Page_CCSale/txt_Password'

2024-05-18 15:47:01 - [MESSAGE][PASSED] - Text 'fixed_width' is set on object 'Object Repository/VLink/Page_CCSale/txt_ResponseFormat'

2024-05-18 15:47:02 - [MESSAGE][PASSED] - Text 'MOTO' is set on object 'Object Repository/VLink/Page_CCSale/txt_Category'

2024-05-18 15:47:03 - [MESSAGE][PASSED] - Text '' is set on object 'Object Repository/VLink/Page_CCSale/txt_TransactionID'

2024-05-18 15:47:03 - [MESSAGE][PASSED] - Text '' is set on object 'Object Repository/VLink/Page_CCSale/txt_ApprovalCode'

2024-05-18 15:47:04 - [MESSAGE][PASSED] - Text 'Arvind Silva' is set on object 'Object Repository/VLink/Page_CCSale/txt_CardName'

2024-05-18 15:47:05 - [MESSAGE][PASSED] - Text '111 Main Ave' is set on object 'Object Repository/VLink/Page_CCSale/txt_AL1'

2024-05-18 15:47:05 - [MESSAGE][PASSED] - Text '' is set on object 'Object Repository/VLink/Page_CCSale/txt_AL2'

2024-05-18 15:47:06 - [MESSAGE][PASSED] - Text 'Arlington' is set on object 'Object Repository/VLink/Page_CCSale/txt_CardCity'

2024-05-18 15:47:07 - [MESSAGE][PASSED] - Text 'VA' is set on object 'Object Repository/VLink/Page_CCSale/txt_CardState'

2024-05-18 15:47:07 - [MESSAGE][PASSED] - Text '22201' is set on object 'Object Repository/VLink/Page_CCSale/txt_CardZIP'

2024-05-18 15:47:08 - [MESSAGE][PASSED] - Text '' is set on object 'Object Repository/VLink/Page_CCSale/txt_CountryID'

2024-05-18 15:47:09 - [MESSAGE][PASSED] - Text '2.50' is set on object 'Object Repository/VLink/Page_CCSale/txt_Amount'

2024-05-18 15:47:09 - [MESSAGE][PASSED] - Text '5424000000000015' is set on object 'Object Repository/VLink/Page_CCSale/txt_CardNumber'

2024-05-18 15:47:10 - [MESSAGE][PASSED] - Text '01' is set on object 'Object Repository/VLink/Page_CCSale/txt_ExpMonth'

2024-05-18 15:47:10 - [MESSAGE][PASSED] - Text '2026' is set on object 'Object Repository/VLink/Page_CCSale/txt_ExpYear'

2024-05-18 15:47:11 - [MESSAGE][PASSED] - Text '' is set on object 'Object Repository/VLink/Page_CCSale/txt_CVV'

2024-05-18 15:47:12 - [MESSAGE][PASSED] - Text '' is set on object 'Object Repository/VLink/Page_CCSale/txt_CVVstate'

2024-05-18 15:47:12 - [MESSAGE][PASSED] - Text '' is set on object 'Object Repository/VLink/Page_CCSale/txt_TrackData'

2024-05-18 15:47:13 - [MESSAGE][PASSED] - Text '' is set on object 'Object Repository/VLink/Page_CCSale/txt_Track1Data'

2024-05-18 15:47:14 - [MESSAGE][PASSED] - Text '' is set on object 'Object Repository/VLink/Page_CCSale/txt_Track2Data'

2024-05-18 15:47:14 - [MESSAGE][PASSED] - Text 'manual' is set on object 'Object Repository/VLink/Page_CCSale/txt_POSEntryMode'

2024-05-18 15:47:15 - [MESSAGE][PASSED] - Text '' is set on object 'Object Repository/VLink/Page_CCSale/txt_Email'

2024-05-18 15:47:16 - [MESSAGE][PASSED] - Text '' is set on object 'Object Repository/VLink/Page_CCSale/txt_OrderNumber'

2024-05-18 15:47:16 - [MESSAGE][PASSED] - Text '' is set on object 'Object Repository/VLink/Page_CCSale/txt_TaxAmount'

2024-05-18 15:47:17 - [MESSAGE][PASSED] - Text '' is set on object 'Object Repository/VLink/Page_CCSale/txt_ChargeDescription'

2024-05-18 15:47:18 - [MESSAGE][PASSED] - Text '' is set on object 'Object Repository/VLink/Page_CCSale/txt_CAN'

2024-05-18 15:47:18 - [MESSAGE][PASSED] - Text '' is set on object 'Object Repository/VLink/Page_CCSale/txt_BillPaymentIndicator'

2024-05-18 15:47:19 - [MESSAGE][PASSED] - Text '' is set on object 'Object Repository/VLink/Page_CCSale/txt_UDF1'

2024-05-18 15:47:20 - [MESSAGE][PASSED] - Text '' is set on object 'Object Repository/VLink/Page_CCSale/txt_UDF2'

2024-05-18 15:47:21 - [MESSAGE][PASSED] - Text '' is set on object 'Object Repository/VLink/Page_CCSale/txt_UDF3'

2024-05-18 15:47:21 - [MESSAGE][PASSED] - Text '' is set on object 'Object Repository/VLink/Page_CCSale/txt_UDF4'

2024-05-18 15:47:22 - [MESSAGE][PASSED] - Text '' is set on object 'Object Repository/VLink/Page_CCSale/txt_UDF5'

2024-05-18 15:47:23 - [MESSAGE][PASSED] - Text '' is set on object 'Object Repository/VLink/Page_CCSale/txt_UDF6'

2024-05-18 15:47:23 - [MESSAGE][PASSED] - Text '' is set on object 'Object Repository/VLink/Page_CCSale/txt_UDF7'

2024-05-18 15:47:24 - [MESSAGE][PASSED] - Text '' is set on object 'Object Repository/VLink/Page_CCSale/txt_UDF8'

2024-05-18 15:47:24 - [MESSAGE][PASSED] - Text '' is set on object 'Object Repository/VLink/Page_CCSale/txt_UDF9'

2024-05-18 15:47:25 - [MESSAGE][PASSED] - Text '' is set on object 'Object Repository/VLink/Page_CCSale/txt_UDF10'

2024-05-18 15:47:28 - [MESSAGE][PASSED] - Object: 'Object Repository/VLink/Page_CCSale/btn_ProcessVLinkTransaction' is clicked on

2024-05-18 15:47:33 - [MESSAGE][PASSED] - vlinkPages.saleCCPage.setDataSCC is PASSED

2024-05-18 15:47:33 - [TEST_STEP][PASSED] - if (verifyTextPresent("Transaction approved, no errors", true)): null

2024-05-18 15:47:33 - [MESSAGE][PASSED] - Text 'Transaction approved, no errors' is present on page  using regular expression

2024-05-18 15:47:33 - [TEST_STEP][PASSED] - println("Transaction Approved, no errors text is present on the Confirmation page"): null

2024-05-18 15:47:33 - [TEST_STEP][PASSED] - out.println("Pass Record Number: " + row): null

2024-05-18 15:47:33 - [TEST_STEP][PASSED] - resText = "Pass": null

2024-05-18 15:47:33 - [TEST_STEP][PASSED] - pages.WriteExcel.demoKey(resText, datText, resColumn, datCloumn, fileLoc, nameSheet, row): pages.WriteExcel.demoKey is PASSED

2024-05-18 15:47:33 - [MESSAGE][PASSED] - pages.WriteExcel.demoKey is PASSED

2024-05-18 15:47:33 - [TEST_STEP][PASSED] - sdfo = getText(findTestObject("Object Repository/Page_VLinkReceipt/pre_STX")): Text of object 'Object Repository/Page_VLinkReceipt/pre_STX' is: '<STX>QM7BfMqHCm4a                  12153215            0  Transaction approved, no errors                   0                                                                                  XXOK6901   <ETX>'

2024-05-18 15:47:34 - [MESSAGE][PASSED] - Text of object 'Object Repository/Page_VLinkReceipt/pre_STX' is: '<STX>QM7BfMqHCm4a                  12153215            0  Transaction approved, no errors                   0                                                                                  XXOK6901   <ETX>'

2024-05-18 15:47:34 - [TEST_STEP][PASSED] - out.println("sdfo: " + sdfo): null

2024-05-18 15:47:34 - [TEST_STEP][PASSED] - remID = substring(5, 35).trim(): null

2024-05-18 15:47:34 - [TEST_STEP][PASSED] - out.println("Remittance ID: " + remID): null

2024-05-18 15:47:34 - [TEST_STEP][PASSED] - traxID = substring(35, 55).trim(): null

2024-05-18 15:47:34 - [TEST_STEP][PASSED] - out.println("Transaction ID: " + traxID): null

2024-05-18 15:47:34 - [TEST_STEP][PASSED] - out.println("End Record Number: " + row): null

2024-05-18 15:47:34 - [TEST_STEP][PASSED] - closeBrowser(): Browser is closed

2024-05-18 15:47:35 - [MESSAGE][PASSED] - Browser is closed

2024-05-18 15:47:35 - [TEST_STEP][PASSED] - ExecuteTC = findTestData(dataFile).getValue("Execute", row): null

2024-05-18 15:47:35 - [TEST_STEP][PASSED] - out.println("Value of Execute is : " + ExecuteTC): null

2024-05-18 15:47:35 - [TEST_STEP][PASSED] - if (ExecuteTC.equalsIgnoreCase("Y")): Browser is closed

2024-05-18 15:47:35 - [TEST_STEP][PASSED] - out.println("Begin Record Number: " + row): null

2024-05-18 15:47:35 - [TEST_STEP][PASSED] - today = new java.util.Date(): null

2024-05-18 15:47:35 - [TEST_STEP][PASSED] - println(today): null

2024-05-18 15:47:35 - [TEST_STEP][PASSED] - datText = today: null

2024-05-18 15:47:35 - [TEST_STEP][PASSED] - openBrowser(VLinkURL + "authcap.html"): Browser is opened with url: 'https://dev-algorithm.govolution.com/vlinktest/QA2/version_2_0/authcap.html'

2024-05-18 15:47:35 - [MESSAGE][INFO] - Starting 'Chrome' driver

2024-05-18 15:47:35 - [MESSAGE][INFO] - User set preference: ['acceptInsecureCerts', 'true']

2024-05-18 15:47:35 - [MESSAGE][INFO] - Action delay is set to 0 milliseconds

2024-05-18 15:47:37 - [MESSAGE][PASSED] - Browser is opened with url: 'https://dev-algorithm.govolution.com/vlinktest/QA2/version_2_0/authcap.html'

2024-05-18 15:47:37 - [TEST_STEP][PASSED] - maximizeWindow(): Current window maximized

2024-05-18 15:47:37 - [MESSAGE][PASSED] - Current window maximized

2024-05-18 15:47:37 - [TEST_STEP][PASSED] - vlinkPages.saleCCPage.setDataSCC(row, dataFile): vlinkPages.saleCCPage.setDataSCC is PASSED

2024-05-18 15:47:40 - [MESSAGE][PASSED] - Object 'Object Repository/VLink/Page_CCSale/txt_CardNumber' is present

2024-05-18 15:47:41 - [MESSAGE][PASSED] - Text '104' is set on object 'Object Repository/VLink/Page_CCSale/txt_TransactionType'

2024-05-18 15:47:42 - [MESSAGE][PASSED] - Text '2.0C' is set on object 'Object Repository/VLink/Page_CCSale/txt_MessageVersion'

2024-05-18 15:47:42 - [MESSAGE][PASSED] - Text '4rpdEClURB7b' is set on object 'Object Repository/VLink/Page_CCSale/txt_RemID'

2024-05-18 15:47:43 - [MESSAGE][PASSED] - Text '677' is set on object 'Object Repository/VLink/Page_CCSale/txt_ApplicationId'

2024-05-18 15:47:44 - [MESSAGE][PASSED] - Text 'username' is set on object 'Object Repository/VLink/Page_CCSale/txt_Username'

2024-05-18 15:47:44 - [MESSAGE][PASSED] - Text 'password' is set on object 'Object Repository/VLink/Page_CCSale/txt_Password'

2024-05-18 15:47:45 - [MESSAGE][PASSED] - Text 'fixed_width' is set on object 'Object Repository/VLink/Page_CCSale/txt_ResponseFormat'

2024-05-18 15:47:46 - [MESSAGE][PASSED] - Text 'MOTO' is set on object 'Object Repository/VLink/Page_CCSale/txt_Category'

2024-05-18 15:47:46 - [MESSAGE][PASSED] - Text '' is set on object 'Object Repository/VLink/Page_CCSale/txt_TransactionID'

2024-05-18 15:47:47 - [MESSAGE][PASSED] - Text '' is set on object 'Object Repository/VLink/Page_CCSale/txt_ApprovalCode'

2024-05-18 15:47:48 - [MESSAGE][PASSED] - Text 'Roshan Maha' is set on object 'Object Repository/VLink/Page_CCSale/txt_CardName'

2024-05-18 15:47:49 - [MESSAGE][PASSED] - Text '12563 Bazaar road' is set on object 'Object Repository/VLink/Page_CCSale/txt_AL1'

2024-05-18 15:47:49 - [MESSAGE][PASSED] - Text '' is set on object 'Object Repository/VLink/Page_CCSale/txt_AL2'

2024-05-18 15:47:50 - [MESSAGE][PASSED] - Text 'Crofton' is set on object 'Object Repository/VLink/Page_CCSale/txt_CardCity'

2024-05-18 15:47:51 - [MESSAGE][PASSED] - Text 'MD' is set on object 'Object Repository/VLink/Page_CCSale/txt_CardState'

2024-05-18 15:47:51 - [MESSAGE][PASSED] - Text '21114' is set on object 'Object Repository/VLink/Page_CCSale/txt_CardZIP'

2024-05-18 15:47:52 - [MESSAGE][PASSED] - Text '' is set on object 'Object Repository/VLink/Page_CCSale/txt_CountryID'

2024-05-18 15:47:53 - [MESSAGE][PASSED] - Text '3.50' is set on object 'Object Repository/VLink/Page_CCSale/txt_Amount'

2024-05-18 15:47:53 - [MESSAGE][PASSED] - Text '5424000000000015' is set on object 'Object Repository/VLink/Page_CCSale/txt_CardNumber'

2024-05-18 15:47:54 - [MESSAGE][PASSED] - Text '01' is set on object 'Object Repository/VLink/Page_CCSale/txt_ExpMonth'

2024-05-18 15:47:55 - [MESSAGE][PASSED] - Text '2026' is set on object 'Object Repository/VLink/Page_CCSale/txt_ExpYear'

2024-05-18 15:47:55 - [MESSAGE][PASSED] - Text '' is set on object 'Object Repository/VLink/Page_CCSale/txt_CVV'

2024-05-18 15:47:56 - [MESSAGE][PASSED] - Text '' is set on object 'Object Repository/VLink/Page_CCSale/txt_CVVstate'

2024-05-18 15:47:57 - [MESSAGE][PASSED] - Text '' is set on object 'Object Repository/VLink/Page_CCSale/txt_TrackData'

2024-05-18 15:47:57 - [MESSAGE][PASSED] - Text '' is set on object 'Object Repository/VLink/Page_CCSale/txt_Track1Data'

2024-05-18 15:47:58 - [MESSAGE][PASSED] - Text '' is set on object 'Object Repository/VLink/Page_CCSale/txt_Track2Data'

2024-05-18 15:47:59 - [MESSAGE][PASSED] - Text 'manual' is set on object 'Object Repository/VLink/Page_CCSale/txt_POSEntryMode'

2024-05-18 15:47:59 - [MESSAGE][PASSED] - Text '' is set on object 'Object Repository/VLink/Page_CCSale/txt_Email'

2024-05-18 15:48:00 - [MESSAGE][PASSED] - Text '' is set on object 'Object Repository/VLink/Page_CCSale/txt_OrderNumber'

2024-05-18 15:48:01 - [MESSAGE][PASSED] - Text '' is set on object 'Object Repository/VLink/Page_CCSale/txt_TaxAmount'

2024-05-18 15:48:02 - [MESSAGE][PASSED] - Text '' is set on object 'Object Repository/VLink/Page_CCSale/txt_ChargeDescription'

2024-05-18 15:48:02 - [MESSAGE][PASSED] - Text '' is set on object 'Object Repository/VLink/Page_CCSale/txt_CAN'

2024-05-18 15:48:03 - [MESSAGE][PASSED] - Text '' is set on object 'Object Repository/VLink/Page_CCSale/txt_BillPaymentIndicator'

2024-05-18 15:48:04 - [MESSAGE][PASSED] - Text '' is set on object 'Object Repository/VLink/Page_CCSale/txt_UDF1'

2024-05-18 15:48:04 - [MESSAGE][PASSED] - Text '' is set on object 'Object Repository/VLink/Page_CCSale/txt_UDF2'

2024-05-18 15:48:05 - [MESSAGE][PASSED] - Text '' is set on object 'Object Repository/VLink/Page_CCSale/txt_UDF3'

2024-05-18 15:48:06 - [MESSAGE][PASSED] - Text '' is set on object 'Object Repository/VLink/Page_CCSale/txt_UDF4'

2024-05-18 15:48:06 - [MESSAGE][PASSED] - Text '' is set on object 'Object Repository/VLink/Page_CCSale/txt_UDF5'

2024-05-18 15:48:07 - [MESSAGE][PASSED] - Text '' is set on object 'Object Repository/VLink/Page_CCSale/txt_UDF6'

2024-05-18 15:48:08 - [MESSAGE][PASSED] - Text '' is set on object 'Object Repository/VLink/Page_CCSale/txt_UDF7'

2024-05-18 15:48:08 - [MESSAGE][PASSED] - Text '' is set on object 'Object Repository/VLink/Page_CCSale/txt_UDF8'

2024-05-18 15:48:09 - [MESSAGE][PASSED] - Text '' is set on object 'Object Repository/VLink/Page_CCSale/txt_UDF9'

2024-05-18 15:48:10 - [MESSAGE][PASSED] - Text '' is set on object 'Object Repository/VLink/Page_CCSale/txt_UDF10'

2024-05-18 15:48:11 - [MESSAGE][PASSED] - Object: 'Object Repository/VLink/Page_CCSale/btn_ProcessVLinkTransaction' is clicked on

2024-05-18 15:48:16 - [MESSAGE][PASSED] - vlinkPages.saleCCPage.setDataSCC is PASSED

2024-05-18 15:48:16 - [TEST_STEP][PASSED] - if (verifyTextPresent("Transaction approved, no errors", true)): null

2024-05-18 15:48:17 - [MESSAGE][PASSED] - Text 'Transaction approved, no errors' is present on page  using regular expression

2024-05-18 15:48:17 - [TEST_STEP][PASSED] - println("Transaction Approved, no errors text is present on the Confirmation page"): null

2024-05-18 15:48:17 - [TEST_STEP][PASSED] - out.println("Pass Record Number: " + row): null

2024-05-18 15:48:17 - [TEST_STEP][PASSED] - resText = "Pass": null

2024-05-18 15:48:17 - [TEST_STEP][PASSED] - pages.WriteExcel.demoKey(resText, datText, resColumn, datCloumn, fileLoc, nameSheet, row): pages.WriteExcel.demoKey is PASSED

2024-05-18 15:48:17 - [MESSAGE][PASSED] - pages.WriteExcel.demoKey is PASSED

2024-05-18 15:48:17 - [TEST_STEP][PASSED] - sdfo = getText(findTestObject("Object Repository/Page_VLinkReceipt/pre_STX")): Text of object 'Object Repository/Page_VLinkReceipt/pre_STX' is: '<STX>4rpdEClURB7b                  12153216            0  Transaction approved, no errors                   0                                                                                  XXOK5817   <ETX>'

2024-05-18 15:48:17 - [MESSAGE][PASSED] - Text of object 'Object Repository/Page_VLinkReceipt/pre_STX' is: '<STX>4rpdEClURB7b                  12153216            0  Transaction approved, no errors                   0                                                                                  XXOK5817   <ETX>'

2024-05-18 15:48:17 - [TEST_STEP][PASSED] - out.println("sdfo: " + sdfo): null

2024-05-18 15:48:17 - [TEST_STEP][PASSED] - remID = substring(5, 35).trim(): null

2024-05-18 15:48:17 - [TEST_STEP][PASSED] - out.println("Remittance ID: " + remID): null

2024-05-18 15:48:17 - [TEST_STEP][PASSED] - traxID = substring(35, 55).trim(): null

2024-05-18 15:48:17 - [TEST_STEP][PASSED] - out.println("Transaction ID: " + traxID): null

2024-05-18 15:48:17 - [TEST_STEP][PASSED] - out.println("End Record Number: " + row): null

2024-05-18 15:48:17 - [TEST_STEP][PASSED] - closeBrowser(): Browser is closed

2024-05-18 15:48:18 - [MESSAGE][PASSED] - Browser is closed

2024-05-18 15:48:18 - [TEST_STEP][PASSED] - ExecuteTC = findTestData(dataFile).getValue("Execute", row): null

2024-05-18 15:48:18 - [TEST_STEP][PASSED] - out.println("Value of Execute is : " + ExecuteTC): null

2024-05-18 15:48:18 - [TEST_STEP][PASSED] - if (ExecuteTC.equalsIgnoreCase("Y")): Browser is closed

2024-05-18 15:48:18 - [TEST_STEP][PASSED] - out.println("Begin Record Number: " + row): null

2024-05-18 15:48:18 - [TEST_STEP][PASSED] - today = new java.util.Date(): null

2024-05-18 15:48:18 - [TEST_STEP][PASSED] - println(today): null

2024-05-18 15:48:18 - [TEST_STEP][PASSED] - datText = today: null

2024-05-18 15:48:18 - [TEST_STEP][PASSED] - openBrowser(VLinkURL + "authcap.html"): Browser is opened with url: 'https://dev-algorithm.govolution.com/vlinktest/QA2/version_2_0/authcap.html'

2024-05-18 15:48:18 - [MESSAGE][INFO] - Starting 'Chrome' driver

2024-05-18 15:48:18 - [MESSAGE][INFO] - User set preference: ['acceptInsecureCerts', 'true']

2024-05-18 15:48:18 - [MESSAGE][INFO] - Action delay is set to 0 milliseconds

2024-05-18 15:48:21 - [MESSAGE][PASSED] - Browser is opened with url: 'https://dev-algorithm.govolution.com/vlinktest/QA2/version_2_0/authcap.html'

2024-05-18 15:48:21 - [TEST_STEP][PASSED] - maximizeWindow(): Current window maximized

2024-05-18 15:48:21 - [MESSAGE][PASSED] - Current window maximized

2024-05-18 15:48:21 - [TEST_STEP][PASSED] - vlinkPages.saleCCPage.setDataSCC(row, dataFile): vlinkPages.saleCCPage.setDataSCC is PASSED

2024-05-18 15:48:24 - [MESSAGE][PASSED] - Object 'Object Repository/VLink/Page_CCSale/txt_CardNumber' is present

2024-05-18 15:48:25 - [MESSAGE][PASSED] - Text '104' is set on object 'Object Repository/VLink/Page_CCSale/txt_TransactionType'

2024-05-18 15:48:25 - [MESSAGE][PASSED] - Text '2.0C' is set on object 'Object Repository/VLink/Page_CCSale/txt_MessageVersion'

2024-05-18 15:48:26 - [MESSAGE][PASSED] - Text 'Lby2n1oIB6bR' is set on object 'Object Repository/VLink/Page_CCSale/txt_RemID'

2024-05-18 15:48:27 - [MESSAGE][PASSED] - Text '665' is set on object 'Object Repository/VLink/Page_CCSale/txt_ApplicationId'

2024-05-18 15:48:27 - [MESSAGE][PASSED] - Text 'username' is set on object 'Object Repository/VLink/Page_CCSale/txt_Username'

2024-05-18 15:48:28 - [MESSAGE][PASSED] - Text 'password' is set on object 'Object Repository/VLink/Page_CCSale/txt_Password'

2024-05-18 15:48:29 - [MESSAGE][PASSED] - Text 'fixed_width' is set on object 'Object Repository/VLink/Page_CCSale/txt_ResponseFormat'

2024-05-18 15:48:30 - [MESSAGE][PASSED] - Text 'MOTO' is set on object 'Object Repository/VLink/Page_CCSale/txt_Category'

2024-05-18 15:48:30 - [MESSAGE][PASSED] - Text '' is set on object 'Object Repository/VLink/Page_CCSale/txt_TransactionID'

2024-05-18 15:48:31 - [MESSAGE][PASSED] - Text '' is set on object 'Object Repository/VLink/Page_CCSale/txt_ApprovalCode'

2024-05-18 15:48:31 - [MESSAGE][PASSED] - Text 'Kris Roshan' is set on object 'Object Repository/VLink/Page_CCSale/txt_CardName'

2024-05-18 15:48:32 - [MESSAGE][PASSED] - Text '258 Elm Road' is set on object 'Object Repository/VLink/Page_CCSale/txt_AL1'

2024-05-18 15:48:33 - [MESSAGE][PASSED] - Text 'Suite 56' is set on object 'Object Repository/VLink/Page_CCSale/txt_AL2'

2024-05-18 15:48:34 - [MESSAGE][PASSED] - Text 'Arlington' is set on object 'Object Repository/VLink/Page_CCSale/txt_CardCity'

2024-05-18 15:48:34 - [MESSAGE][PASSED] - Text 'VA' is set on object 'Object Repository/VLink/Page_CCSale/txt_CardState'

2024-05-18 15:48:35 - [MESSAGE][PASSED] - Text '22201' is set on object 'Object Repository/VLink/Page_CCSale/txt_CardZIP'

2024-05-18 15:48:36 - [MESSAGE][PASSED] - Text '840' is set on object 'Object Repository/VLink/Page_CCSale/txt_CountryID'

2024-05-18 15:48:36 - [MESSAGE][PASSED] - Text '1.50' is set on object 'Object Repository/VLink/Page_CCSale/txt_Amount'

2024-05-18 15:48:37 - [MESSAGE][PASSED] - Text '370000000000002' is set on object 'Object Repository/VLink/Page_CCSale/txt_CardNumber'

2024-05-18 15:48:38 - [MESSAGE][PASSED] - Text '12' is set on object 'Object Repository/VLink/Page_CCSale/txt_ExpMonth'

2024-05-18 15:48:39 - [MESSAGE][PASSED] - Text '2025' is set on object 'Object Repository/VLink/Page_CCSale/txt_ExpYear'

2024-05-18 15:48:39 - [MESSAGE][PASSED] - Text '' is set on object 'Object Repository/VLink/Page_CCSale/txt_CVV'

2024-05-18 15:48:40 - [MESSAGE][PASSED] - Text '' is set on object 'Object Repository/VLink/Page_CCSale/txt_CVVstate'

2024-05-18 15:48:41 - [MESSAGE][PASSED] - Text '' is set on object 'Object Repository/VLink/Page_CCSale/txt_TrackData'

2024-05-18 15:48:41 - [MESSAGE][PASSED] - Text '' is set on object 'Object Repository/VLink/Page_CCSale/txt_Track1Data'

2024-05-18 15:48:42 - [MESSAGE][PASSED] - Text '' is set on object 'Object Repository/VLink/Page_CCSale/txt_Track2Data'

2024-05-18 15:48:43 - [MESSAGE][PASSED] - Text 'manual' is set on object 'Object Repository/VLink/Page_CCSale/txt_POSEntryMode'

2024-05-18 15:48:43 - [MESSAGE][PASSED] - Text 'iahmed@govolution.com' is set on object 'Object Repository/VLink/Page_CCSale/txt_Email'

2024-05-18 15:48:44 - [MESSAGE][PASSED] - Text '2569362' is set on object 'Object Repository/VLink/Page_CCSale/txt_OrderNumber'

2024-05-18 15:48:45 - [MESSAGE][PASSED] - Text '1.15' is set on object 'Object Repository/VLink/Page_CCSale/txt_TaxAmount'

2024-05-18 15:48:45 - [MESSAGE][PASSED] - Text 'Charge Description' is set on object 'Object Repository/VLink/Page_CCSale/txt_ChargeDescription'

2024-05-18 15:48:46 - [MESSAGE][PASSED] - Text '147357' is set on object 'Object Repository/VLink/Page_CCSale/txt_CAN'

2024-05-18 15:48:47 - [MESSAGE][PASSED] - Text '1' is set on object 'Object Repository/VLink/Page_CCSale/txt_BillPaymentIndicator'

2024-05-18 15:48:48 - [MESSAGE][PASSED] - Text 'UDF Data 1' is set on object 'Object Repository/VLink/Page_CCSale/txt_UDF1'

2024-05-18 15:48:48 - [MESSAGE][PASSED] - Text 'UDF Data 2' is set on object 'Object Repository/VLink/Page_CCSale/txt_UDF2'

2024-05-18 15:48:49 - [MESSAGE][PASSED] - Text 'UDF Data 3' is set on object 'Object Repository/VLink/Page_CCSale/txt_UDF3'

2024-05-18 15:48:50 - [MESSAGE][PASSED] - Text 'UDF Data 4' is set on object 'Object Repository/VLink/Page_CCSale/txt_UDF4'

2024-05-18 15:48:50 - [MESSAGE][PASSED] - Text 'UDF Data 5' is set on object 'Object Repository/VLink/Page_CCSale/txt_UDF5'

2024-05-18 15:48:51 - [MESSAGE][PASSED] - Text 'UDF Data 6' is set on object 'Object Repository/VLink/Page_CCSale/txt_UDF6'

2024-05-18 15:48:52 - [MESSAGE][PASSED] - Text 'UDF Data 7' is set on object 'Object Repository/VLink/Page_CCSale/txt_UDF7'

2024-05-18 15:48:52 - [MESSAGE][PASSED] - Text 'UDF Data 8' is set on object 'Object Repository/VLink/Page_CCSale/txt_UDF8'

2024-05-18 15:48:53 - [MESSAGE][PASSED] - Text 'UDF Data 9' is set on object 'Object Repository/VLink/Page_CCSale/txt_UDF9'

2024-05-18 15:48:54 - [MESSAGE][PASSED] - Text 'UDF Data 10' is set on object 'Object Repository/VLink/Page_CCSale/txt_UDF10'

2024-05-18 15:48:57 - [MESSAGE][PASSED] - Object: 'Object Repository/VLink/Page_CCSale/btn_ProcessVLinkTransaction' is clicked on

2024-05-18 15:49:02 - [MESSAGE][PASSED] - vlinkPages.saleCCPage.setDataSCC is PASSED

2024-05-18 15:49:02 - [TEST_STEP][PASSED] - if (verifyTextPresent("Transaction approved, no errors", true)): null

2024-05-18 15:49:02 - [MESSAGE][PASSED] - Text 'Transaction approved, no errors' is present on page  using regular expression

2024-05-18 15:49:02 - [TEST_STEP][PASSED] - println("Transaction Approved, no errors text is present on the Confirmation page"): null

2024-05-18 15:49:02 - [TEST_STEP][PASSED] - out.println("Pass Record Number: " + row): null

2024-05-18 15:49:02 - [TEST_STEP][PASSED] - resText = "Pass": null

2024-05-18 15:49:02 - [TEST_STEP][PASSED] - pages.WriteExcel.demoKey(resText, datText, resColumn, datCloumn, fileLoc, nameSheet, row): pages.WriteExcel.demoKey is PASSED

2024-05-18 15:49:02 - [MESSAGE][PASSED] - pages.WriteExcel.demoKey is PASSED

2024-05-18 15:49:02 - [TEST_STEP][PASSED] - sdfo = getText(findTestObject("Object Repository/Page_VLinkReceipt/pre_STX")): Text of object 'Object Repository/Page_VLinkReceipt/pre_STX' is: '<STX>Lby2n1oIB6bR                  12153218            0  Transaction approved, no errors                   0                                                                                  X OK6931   <ETX>'

2024-05-18 15:49:02 - [MESSAGE][PASSED] - Text of object 'Object Repository/Page_VLinkReceipt/pre_STX' is: '<STX>Lby2n1oIB6bR                  12153218            0  Transaction approved, no errors                   0                                                                                  X OK6931   <ETX>'

2024-05-18 15:49:02 - [TEST_STEP][PASSED] - out.println("sdfo: " + sdfo): null

2024-05-18 15:49:02 - [TEST_STEP][PASSED] - remID = substring(5, 35).trim(): null

2024-05-18 15:49:02 - [TEST_STEP][PASSED] - out.println("Remittance ID: " + remID): null

2024-05-18 15:49:02 - [TEST_STEP][PASSED] - traxID = substring(35, 55).trim(): null

2024-05-18 15:49:02 - [TEST_STEP][PASSED] - out.println("Transaction ID: " + traxID): null

2024-05-18 15:49:02 - [TEST_STEP][PASSED] - out.println("End Record Number: " + row): null

2024-05-18 15:49:02 - [TEST_STEP][PASSED] - closeBrowser(): Browser is closed

2024-05-18 15:49:03 - [MESSAGE][PASSED] - Browser is closed

2024-05-18 15:49:03 - [TEST_STEP][PASSED] - ExecuteTC = findTestData(dataFile).getValue("Execute", row): null

2024-05-18 15:49:04 - [TEST_STEP][PASSED] - out.println("Value of Execute is : " + ExecuteTC): null

2024-05-18 15:49:04 - [TEST_STEP][PASSED] - if (ExecuteTC.equalsIgnoreCase("Y")): Browser is closed

2024-05-18 15:49:04 - [TEST_STEP][PASSED] - out.println("Begin Record Number: " + row): null

2024-05-18 15:49:04 - [TEST_STEP][PASSED] - today = new java.util.Date(): null

2024-05-18 15:49:04 - [TEST_STEP][PASSED] - println(today): null

2024-05-18 15:49:04 - [TEST_STEP][PASSED] - datText = today: null

2024-05-18 15:49:04 - [TEST_STEP][PASSED] - openBrowser(VLinkURL + "authcap.html"): Browser is opened with url: 'https://dev-algorithm.govolution.com/vlinktest/QA2/version_2_0/authcap.html'

2024-05-18 15:49:04 - [MESSAGE][INFO] - Starting 'Chrome' driver

2024-05-18 15:49:04 - [MESSAGE][INFO] - User set preference: ['acceptInsecureCerts', 'true']

2024-05-18 15:49:04 - [MESSAGE][INFO] - Action delay is set to 0 milliseconds

2024-05-18 15:49:06 - [MESSAGE][PASSED] - Browser is opened with url: 'https://dev-algorithm.govolution.com/vlinktest/QA2/version_2_0/authcap.html'

2024-05-18 15:49:06 - [TEST_STEP][PASSED] - maximizeWindow(): Current window maximized

2024-05-18 15:49:06 - [MESSAGE][PASSED] - Current window maximized

2024-05-18 15:49:06 - [TEST_STEP][PASSED] - vlinkPages.saleCCPage.setDataSCC(row, dataFile): vlinkPages.saleCCPage.setDataSCC is PASSED

2024-05-18 15:49:09 - [MESSAGE][PASSED] - Object 'Object Repository/VLink/Page_CCSale/txt_CardNumber' is present

2024-05-18 15:49:10 - [MESSAGE][PASSED] - Text '104' is set on object 'Object Repository/VLink/Page_CCSale/txt_TransactionType'

2024-05-18 15:49:11 - [MESSAGE][PASSED] - Text '2.0C' is set on object 'Object Repository/VLink/Page_CCSale/txt_MessageVersion'

2024-05-18 15:49:11 - [MESSAGE][PASSED] - Text 'jGSjaa9a05ks' is set on object 'Object Repository/VLink/Page_CCSale/txt_RemID'

2024-05-18 15:49:12 - [MESSAGE][PASSED] - Text '672' is set on object 'Object Repository/VLink/Page_CCSale/txt_ApplicationId'

2024-05-18 15:49:13 - [MESSAGE][PASSED] - Text 'username' is set on object 'Object Repository/VLink/Page_CCSale/txt_Username'

2024-05-18 15:49:13 - [MESSAGE][PASSED] - Text 'password' is set on object 'Object Repository/VLink/Page_CCSale/txt_Password'

2024-05-18 15:49:14 - [MESSAGE][PASSED] - Text 'fixed_width' is set on object 'Object Repository/VLink/Page_CCSale/txt_ResponseFormat'

2024-05-18 15:49:15 - [MESSAGE][PASSED] - Text 'MOTO' is set on object 'Object Repository/VLink/Page_CCSale/txt_Category'

2024-05-18 15:49:15 - [MESSAGE][PASSED] - Text '' is set on object 'Object Repository/VLink/Page_CCSale/txt_TransactionID'

2024-05-18 15:49:16 - [MESSAGE][PASSED] - Text '' is set on object 'Object Repository/VLink/Page_CCSale/txt_ApprovalCode'

2024-05-18 15:49:17 - [MESSAGE][PASSED] - Text 'Arvind Silva' is set on object 'Object Repository/VLink/Page_CCSale/txt_CardName'

2024-05-18 15:49:18 - [MESSAGE][PASSED] - Text '111 Main Ave' is set on object 'Object Repository/VLink/Page_CCSale/txt_AL1'

2024-05-18 15:49:18 - [MESSAGE][PASSED] - Text '' is set on object 'Object Repository/VLink/Page_CCSale/txt_AL2'

2024-05-18 15:49:19 - [MESSAGE][PASSED] - Text 'Arlington' is set on object 'Object Repository/VLink/Page_CCSale/txt_CardCity'

2024-05-18 15:49:20 - [MESSAGE][PASSED] - Text 'VA' is set on object 'Object Repository/VLink/Page_CCSale/txt_CardState'

2024-05-18 15:49:20 - [MESSAGE][PASSED] - Text '22201' is set on object 'Object Repository/VLink/Page_CCSale/txt_CardZIP'

2024-05-18 15:49:21 - [MESSAGE][PASSED] - Text '' is set on object 'Object Repository/VLink/Page_CCSale/txt_CountryID'

2024-05-18 15:49:22 - [MESSAGE][PASSED] - Text '2.50' is set on object 'Object Repository/VLink/Page_CCSale/txt_Amount'

2024-05-18 15:49:22 - [MESSAGE][PASSED] - Text '370000000000002' is set on object 'Object Repository/VLink/Page_CCSale/txt_CardNumber'

2024-05-18 15:49:23 - [MESSAGE][PASSED] - Text '01' is set on object 'Object Repository/VLink/Page_CCSale/txt_ExpMonth'

2024-05-18 15:49:24 - [MESSAGE][PASSED] - Text '2026' is set on object 'Object Repository/VLink/Page_CCSale/txt_ExpYear'

2024-05-18 15:49:24 - [MESSAGE][PASSED] - Text '' is set on object 'Object Repository/VLink/Page_CCSale/txt_CVV'

2024-05-18 15:49:25 - [MESSAGE][PASSED] - Text '' is set on object 'Object Repository/VLink/Page_CCSale/txt_CVVstate'

2024-05-18 15:49:26 - [MESSAGE][PASSED] - Text '' is set on object 'Object Repository/VLink/Page_CCSale/txt_TrackData'

2024-05-18 15:49:26 - [MESSAGE][PASSED] - Text '' is set on object 'Object Repository/VLink/Page_CCSale/txt_Track1Data'

2024-05-18 15:49:27 - [MESSAGE][PASSED] - Text '' is set on object 'Object Repository/VLink/Page_CCSale/txt_Track2Data'

2024-05-18 15:49:28 - [MESSAGE][PASSED] - Text 'manual' is set on object 'Object Repository/VLink/Page_CCSale/txt_POSEntryMode'

2024-05-18 15:49:29 - [MESSAGE][PASSED] - Text '' is set on object 'Object Repository/VLink/Page_CCSale/txt_Email'

2024-05-18 15:49:29 - [MESSAGE][PASSED] - Text '' is set on object 'Object Repository/VLink/Page_CCSale/txt_OrderNumber'

2024-05-18 15:49:30 - [MESSAGE][PASSED] - Text '' is set on object 'Object Repository/VLink/Page_CCSale/txt_TaxAmount'

2024-05-18 15:49:31 - [MESSAGE][PASSED] - Text '' is set on object 'Object Repository/VLink/Page_CCSale/txt_ChargeDescription'

2024-05-18 15:49:31 - [MESSAGE][PASSED] - Text '' is set on object 'Object Repository/VLink/Page_CCSale/txt_CAN'

2024-05-18 15:49:32 - [MESSAGE][PASSED] - Text '' is set on object 'Object Repository/VLink/Page_CCSale/txt_BillPaymentIndicator'

2024-05-18 15:49:33 - [MESSAGE][PASSED] - Text '' is set on object 'Object Repository/VLink/Page_CCSale/txt_UDF1'

2024-05-18 15:49:33 - [MESSAGE][PASSED] - Text '' is set on object 'Object Repository/VLink/Page_CCSale/txt_UDF2'

2024-05-18 15:49:34 - [MESSAGE][PASSED] - Text '' is set on object 'Object Repository/VLink/Page_CCSale/txt_UDF3'

2024-05-18 15:49:35 - [MESSAGE][PASSED] - Text '' is set on object 'Object Repository/VLink/Page_CCSale/txt_UDF4'

2024-05-18 15:49:35 - [MESSAGE][PASSED] - Text '' is set on object 'Object Repository/VLink/Page_CCSale/txt_UDF5'

2024-05-18 15:49:36 - [MESSAGE][PASSED] - Text '' is set on object 'Object Repository/VLink/Page_CCSale/txt_UDF6'

2024-05-18 15:49:37 - [MESSAGE][PASSED] - Text '' is set on object 'Object Repository/VLink/Page_CCSale/txt_UDF7'

2024-05-18 15:49:37 - [MESSAGE][PASSED] - Text '' is set on object 'Object Repository/VLink/Page_CCSale/txt_UDF8'

2024-05-18 15:49:38 - [MESSAGE][PASSED] - Text '' is set on object 'Object Repository/VLink/Page_CCSale/txt_UDF9'

2024-05-18 15:49:39 - [MESSAGE][PASSED] - Text '' is set on object 'Object Repository/VLink/Page_CCSale/txt_UDF10'

2024-05-18 15:49:40 - [MESSAGE][PASSED] - Object: 'Object Repository/VLink/Page_CCSale/btn_ProcessVLinkTransaction' is clicked on

2024-05-18 15:49:45 - [MESSAGE][PASSED] - vlinkPages.saleCCPage.setDataSCC is PASSED

2024-05-18 15:49:45 - [TEST_STEP][PASSED] - if (verifyTextPresent("Transaction approved, no errors", true)): null

2024-05-18 15:49:45 - [MESSAGE][PASSED] - Text 'Transaction approved, no errors' is present on page  using regular expression

2024-05-18 15:49:45 - [TEST_STEP][PASSED] - println("Transaction Approved, no errors text is present on the Confirmation page"): null

2024-05-18 15:49:45 - [TEST_STEP][PASSED] - out.println("Pass Record Number: " + row): null

2024-05-18 15:49:45 - [TEST_STEP][PASSED] - resText = "Pass": null

2024-05-18 15:49:45 - [TEST_STEP][PASSED] - pages.WriteExcel.demoKey(resText, datText, resColumn, datCloumn, fileLoc, nameSheet, row): pages.WriteExcel.demoKey is PASSED

2024-05-18 15:49:45 - [MESSAGE][PASSED] - pages.WriteExcel.demoKey is PASSED

2024-05-18 15:49:45 - [TEST_STEP][PASSED] - sdfo = getText(findTestObject("Object Repository/Page_VLinkReceipt/pre_STX")): Text of object 'Object Repository/Page_VLinkReceipt/pre_STX' is: '<STX>jGSjaa9a05ks                  12153219            0  Transaction approved, no errors                   0                                                                                  X OK6007   <ETX>'

2024-05-18 15:49:46 - [MESSAGE][PASSED] - Text of object 'Object Repository/Page_VLinkReceipt/pre_STX' is: '<STX>jGSjaa9a05ks                  12153219            0  Transaction approved, no errors                   0                                                                                  X OK6007   <ETX>'

2024-05-18 15:49:46 - [TEST_STEP][PASSED] - out.println("sdfo: " + sdfo): null

2024-05-18 15:49:46 - [TEST_STEP][PASSED] - remID = substring(5, 35).trim(): null

2024-05-18 15:49:46 - [TEST_STEP][PASSED] - out.println("Remittance ID: " + remID): null

2024-05-18 15:49:46 - [TEST_STEP][PASSED] - traxID = substring(35, 55).trim(): null

2024-05-18 15:49:46 - [TEST_STEP][PASSED] - out.println("Transaction ID: " + traxID): null

2024-05-18 15:49:46 - [TEST_STEP][PASSED] - out.println("End Record Number: " + row): null

2024-05-18 15:49:46 - [TEST_STEP][PASSED] - closeBrowser(): Browser is closed

2024-05-18 15:49:47 - [MESSAGE][PASSED] - Browser is closed

2024-05-18 15:49:47 - [TEST_STEP][PASSED] - ExecuteTC = findTestData(dataFile).getValue("Execute", row): null

2024-05-18 15:49:47 - [TEST_STEP][PASSED] - out.println("Value of Execute is : " + ExecuteTC): null

2024-05-18 15:49:47 - [TEST_STEP][PASSED] - if (ExecuteTC.equalsIgnoreCase("Y")): Browser is closed

2024-05-18 15:49:47 - [TEST_STEP][PASSED] - out.println("Begin Record Number: " + row): null

2024-05-18 15:49:47 - [TEST_STEP][PASSED] - today = new java.util.Date(): null

2024-05-18 15:49:47 - [TEST_STEP][PASSED] - println(today): null

2024-05-18 15:49:47 - [TEST_STEP][PASSED] - datText = today: null

2024-05-18 15:49:47 - [TEST_STEP][PASSED] - openBrowser(VLinkURL + "authcap.html"): Browser is opened with url: 'https://dev-algorithm.govolution.com/vlinktest/QA2/version_2_0/authcap.html'

2024-05-18 15:49:47 - [MESSAGE][INFO] - Starting 'Chrome' driver

2024-05-18 15:49:47 - [MESSAGE][INFO] - User set preference: ['acceptInsecureCerts', 'true']

2024-05-18 15:49:47 - [MESSAGE][INFO] - Action delay is set to 0 milliseconds

2024-05-18 15:49:49 - [MESSAGE][PASSED] - Browser is opened with url: 'https://dev-algorithm.govolution.com/vlinktest/QA2/version_2_0/authcap.html'

2024-05-18 15:49:49 - [TEST_STEP][PASSED] - maximizeWindow(): Current window maximized

2024-05-18 15:49:49 - [MESSAGE][PASSED] - Current window maximized

2024-05-18 15:49:49 - [TEST_STEP][PASSED] - vlinkPages.saleCCPage.setDataSCC(row, dataFile): vlinkPages.saleCCPage.setDataSCC is PASSED

2024-05-18 15:49:52 - [MESSAGE][PASSED] - Object 'Object Repository/VLink/Page_CCSale/txt_CardNumber' is present

2024-05-18 15:49:53 - [MESSAGE][PASSED] - Text '104' is set on object 'Object Repository/VLink/Page_CCSale/txt_TransactionType'

2024-05-18 15:49:54 - [MESSAGE][PASSED] - Text '2.0C' is set on object 'Object Repository/VLink/Page_CCSale/txt_MessageVersion'

2024-05-18 15:49:54 - [MESSAGE][PASSED] - Text '4MjrVwHjqI72' is set on object 'Object Repository/VLink/Page_CCSale/txt_RemID'

2024-05-18 15:49:55 - [MESSAGE][PASSED] - Text '677' is set on object 'Object Repository/VLink/Page_CCSale/txt_ApplicationId'

2024-05-18 15:49:56 - [MESSAGE][PASSED] - Text 'username' is set on object 'Object Repository/VLink/Page_CCSale/txt_Username'

2024-05-18 15:49:56 - [MESSAGE][PASSED] - Text 'password' is set on object 'Object Repository/VLink/Page_CCSale/txt_Password'

2024-05-18 15:49:57 - [MESSAGE][PASSED] - Text 'fixed_width' is set on object 'Object Repository/VLink/Page_CCSale/txt_ResponseFormat'

2024-05-18 15:49:58 - [MESSAGE][PASSED] - Text 'MOTO' is set on object 'Object Repository/VLink/Page_CCSale/txt_Category'

2024-05-18 15:49:59 - [MESSAGE][PASSED] - Text '' is set on object 'Object Repository/VLink/Page_CCSale/txt_TransactionID'

2024-05-18 15:49:59 - [MESSAGE][PASSED] - Text '' is set on object 'Object Repository/VLink/Page_CCSale/txt_ApprovalCode'

2024-05-18 15:50:00 - [MESSAGE][PASSED] - Text 'Roshan Maha' is set on object 'Object Repository/VLink/Page_CCSale/txt_CardName'

2024-05-18 15:50:01 - [MESSAGE][PASSED] - Text '12563 Bazaar road' is set on object 'Object Repository/VLink/Page_CCSale/txt_AL1'

2024-05-18 15:50:01 - [MESSAGE][PASSED] - Text '' is set on object 'Object Repository/VLink/Page_CCSale/txt_AL2'

2024-05-18 15:50:02 - [MESSAGE][PASSED] - Text 'Crofton' is set on object 'Object Repository/VLink/Page_CCSale/txt_CardCity'

2024-05-18 15:50:03 - [MESSAGE][PASSED] - Text 'MD' is set on object 'Object Repository/VLink/Page_CCSale/txt_CardState'

2024-05-18 15:50:03 - [MESSAGE][PASSED] - Text '21114' is set on object 'Object Repository/VLink/Page_CCSale/txt_CardZIP'

2024-05-18 15:50:04 - [MESSAGE][PASSED] - Text '' is set on object 'Object Repository/VLink/Page_CCSale/txt_CountryID'

2024-05-18 15:50:05 - [MESSAGE][PASSED] - Text '3.50' is set on object 'Object Repository/VLink/Page_CCSale/txt_Amount'

2024-05-18 15:50:05 - [MESSAGE][PASSED] - Text '370000000000002' is set on object 'Object Repository/VLink/Page_CCSale/txt_CardNumber'

2024-05-18 15:50:06 - [MESSAGE][PASSED] - Text '01' is set on object 'Object Repository/VLink/Page_CCSale/txt_ExpMonth'

2024-05-18 15:50:07 - [MESSAGE][PASSED] - Text '2026' is set on object 'Object Repository/VLink/Page_CCSale/txt_ExpYear'

2024-05-18 15:50:07 - [MESSAGE][PASSED] - Text '' is set on object 'Object Repository/VLink/Page_CCSale/txt_CVV'

2024-05-18 15:50:08 - [MESSAGE][PASSED] - Text '' is set on object 'Object Repository/VLink/Page_CCSale/txt_CVVstate'

2024-05-18 15:50:09 - [MESSAGE][PASSED] - Text '' is set on object 'Object Repository/VLink/Page_CCSale/txt_TrackData'

2024-05-18 15:50:10 - [MESSAGE][PASSED] - Text '' is set on object 'Object Repository/VLink/Page_CCSale/txt_Track1Data'

2024-05-18 15:50:10 - [MESSAGE][PASSED] - Text '' is set on object 'Object Repository/VLink/Page_CCSale/txt_Track2Data'

2024-05-18 15:50:11 - [MESSAGE][PASSED] - Text 'manual' is set on object 'Object Repository/VLink/Page_CCSale/txt_POSEntryMode'

2024-05-18 15:50:12 - [MESSAGE][PASSED] - Text '' is set on object 'Object Repository/VLink/Page_CCSale/txt_Email'

2024-05-18 15:50:12 - [MESSAGE][PASSED] - Text '' is set on object 'Object Repository/VLink/Page_CCSale/txt_OrderNumber'

2024-05-18 15:50:13 - [MESSAGE][PASSED] - Text '' is set on object 'Object Repository/VLink/Page_CCSale/txt_TaxAmount'

2024-05-18 15:50:14 - [MESSAGE][PASSED] - Text '' is set on object 'Object Repository/VLink/Page_CCSale/txt_ChargeDescription'

2024-05-18 15:50:14 - [MESSAGE][PASSED] - Text '' is set on object 'Object Repository/VLink/Page_CCSale/txt_CAN'

2024-05-18 15:50:15 - [MESSAGE][PASSED] - Text '' is set on object 'Object Repository/VLink/Page_CCSale/txt_BillPaymentIndicator'

2024-05-18 15:50:16 - [MESSAGE][PASSED] - Text '' is set on object 'Object Repository/VLink/Page_CCSale/txt_UDF1'

2024-05-18 15:50:16 - [MESSAGE][PASSED] - Text '' is set on object 'Object Repository/VLink/Page_CCSale/txt_UDF2'

2024-05-18 15:50:17 - [MESSAGE][PASSED] - Text '' is set on object 'Object Repository/VLink/Page_CCSale/txt_UDF3'

2024-05-18 15:50:18 - [MESSAGE][PASSED] - Text '' is set on object 'Object Repository/VLink/Page_CCSale/txt_UDF4'

2024-05-18 15:50:18 - [MESSAGE][PASSED] - Text '' is set on object 'Object Repository/VLink/Page_CCSale/txt_UDF5'

2024-05-18 15:50:19 - [MESSAGE][PASSED] - Text '' is set on object 'Object Repository/VLink/Page_CCSale/txt_UDF6'

2024-05-18 15:50:20 - [MESSAGE][PASSED] - Text '' is set on object 'Object Repository/VLink/Page_CCSale/txt_UDF7'

2024-05-18 15:50:20 - [MESSAGE][PASSED] - Text '' is set on object 'Object Repository/VLink/Page_CCSale/txt_UDF8'

2024-05-18 15:50:21 - [MESSAGE][PASSED] - Text '' is set on object 'Object Repository/VLink/Page_CCSale/txt_UDF9'

2024-05-18 15:50:22 - [MESSAGE][PASSED] - Text '' is set on object 'Object Repository/VLink/Page_CCSale/txt_UDF10'

2024-05-18 15:50:25 - [MESSAGE][PASSED] - Object: 'Object Repository/VLink/Page_CCSale/btn_ProcessVLinkTransaction' is clicked on

2024-05-18 15:50:30 - [MESSAGE][PASSED] - vlinkPages.saleCCPage.setDataSCC is PASSED

2024-05-18 15:50:30 - [TEST_STEP][PASSED] - if (verifyTextPresent("Transaction approved, no errors", true)): null

2024-05-18 15:50:30 - [MESSAGE][PASSED] - Text 'Transaction approved, no errors' is present on page  using regular expression

2024-05-18 15:50:30 - [TEST_STEP][PASSED] - println("Transaction Approved, no errors text is present on the Confirmation page"): null

2024-05-18 15:50:30 - [TEST_STEP][PASSED] - out.println("Pass Record Number: " + row): null

2024-05-18 15:50:30 - [TEST_STEP][PASSED] - resText = "Pass": null

2024-05-18 15:50:30 - [TEST_STEP][PASSED] - pages.WriteExcel.demoKey(resText, datText, resColumn, datCloumn, fileLoc, nameSheet, row): pages.WriteExcel.demoKey is PASSED

2024-05-18 15:50:30 - [MESSAGE][PASSED] - pages.WriteExcel.demoKey is PASSED

2024-05-18 15:50:30 - [TEST_STEP][PASSED] - sdfo = getText(findTestObject("Object Repository/Page_VLinkReceipt/pre_STX")): Text of object 'Object Repository/Page_VLinkReceipt/pre_STX' is: '<STX>4MjrVwHjqI72                  12153220            0  Transaction approved, no errors                   0                                                                                  X OK6971   <ETX>'

2024-05-18 15:50:30 - [MESSAGE][PASSED] - Text of object 'Object Repository/Page_VLinkReceipt/pre_STX' is: '<STX>4MjrVwHjqI72                  12153220            0  Transaction approved, no errors                   0                                                                                  X OK6971   <ETX>'

2024-05-18 15:50:30 - [TEST_STEP][PASSED] - out.println("sdfo: " + sdfo): null

2024-05-18 15:50:30 - [TEST_STEP][PASSED] - remID = substring(5, 35).trim(): null

2024-05-18 15:50:30 - [TEST_STEP][PASSED] - out.println("Remittance ID: " + remID): null

2024-05-18 15:50:30 - [TEST_STEP][PASSED] - traxID = substring(35, 55).trim(): null

2024-05-18 15:50:30 - [TEST_STEP][PASSED] - out.println("Transaction ID: " + traxID): null

2024-05-18 15:50:30 - [TEST_STEP][PASSED] - out.println("End Record Number: " + row): null

2024-05-18 15:50:30 - [TEST_STEP][PASSED] - closeBrowser(): Browser is closed

2024-05-18 15:50:32 - [MESSAGE][PASSED] - Browser is closed

2024-05-18 15:50:32 - [TEST_STEP][PASSED] - ExecuteTC = findTestData(dataFile).getValue("Execute", row): null

2024-05-18 15:50:32 - [TEST_STEP][PASSED] - out.println("Value of Execute is : " + ExecuteTC): null

2024-05-18 15:50:32 - [TEST_STEP][PASSED] - if (ExecuteTC.equalsIgnoreCase("Y")): Browser is closed

2024-05-18 15:50:32 - [TEST_STEP][PASSED] - out.println("Begin Record Number: " + row): null

2024-05-18 15:50:32 - [TEST_STEP][PASSED] - today = new java.util.Date(): null

2024-05-18 15:50:32 - [TEST_STEP][PASSED] - println(today): null

2024-05-18 15:50:32 - [TEST_STEP][PASSED] - datText = today: null

2024-05-18 15:50:32 - [TEST_STEP][PASSED] - openBrowser(VLinkURL + "authcap.html"): Browser is opened with url: 'https://dev-algorithm.govolution.com/vlinktest/QA2/version_2_0/authcap.html'

2024-05-18 15:50:32 - [MESSAGE][INFO] - Starting 'Chrome' driver

2024-05-18 15:50:32 - [MESSAGE][INFO] - User set preference: ['acceptInsecureCerts', 'true']

2024-05-18 15:50:32 - [MESSAGE][INFO] - Action delay is set to 0 milliseconds

2024-05-18 15:50:34 - [MESSAGE][PASSED] - Browser is opened with url: 'https://dev-algorithm.govolution.com/vlinktest/QA2/version_2_0/authcap.html'

2024-05-18 15:50:34 - [TEST_STEP][PASSED] - maximizeWindow(): Current window maximized

2024-05-18 15:50:34 - [MESSAGE][PASSED] - Current window maximized

2024-05-18 15:50:34 - [TEST_STEP][PASSED] - vlinkPages.saleCCPage.setDataSCC(row, dataFile): vlinkPages.saleCCPage.setDataSCC is PASSED

2024-05-18 15:50:37 - [MESSAGE][PASSED] - Object 'Object Repository/VLink/Page_CCSale/txt_CardNumber' is present

2024-05-18 15:50:38 - [MESSAGE][PASSED] - Text '104' is set on object 'Object Repository/VLink/Page_CCSale/txt_TransactionType'

2024-05-18 15:50:38 - [MESSAGE][PASSED] - Text '2.0C' is set on object 'Object Repository/VLink/Page_CCSale/txt_MessageVersion'

2024-05-18 15:50:39 - [MESSAGE][PASSED] - Text 'vpJ6FhideG8W' is set on object 'Object Repository/VLink/Page_CCSale/txt_RemID'

2024-05-18 15:50:40 - [MESSAGE][PASSED] - Text '665' is set on object 'Object Repository/VLink/Page_CCSale/txt_ApplicationId'

2024-05-18 15:50:41 - [MESSAGE][PASSED] - Text 'username' is set on object 'Object Repository/VLink/Page_CCSale/txt_Username'

2024-05-18 15:50:41 - [MESSAGE][PASSED] - Text 'password' is set on object 'Object Repository/VLink/Page_CCSale/txt_Password'

2024-05-18 15:50:42 - [MESSAGE][PASSED] - Text 'fixed_width' is set on object 'Object Repository/VLink/Page_CCSale/txt_ResponseFormat'

2024-05-18 15:50:43 - [MESSAGE][PASSED] - Text 'MOTO' is set on object 'Object Repository/VLink/Page_CCSale/txt_Category'

2024-05-18 15:50:43 - [MESSAGE][PASSED] - Text '' is set on object 'Object Repository/VLink/Page_CCSale/txt_TransactionID'

2024-05-18 15:50:44 - [MESSAGE][PASSED] - Text '' is set on object 'Object Repository/VLink/Page_CCSale/txt_ApprovalCode'

2024-05-18 15:50:45 - [MESSAGE][PASSED] - Text 'Kris Roshan' is set on object 'Object Repository/VLink/Page_CCSale/txt_CardName'

2024-05-18 15:50:46 - [MESSAGE][PASSED] - Text '258 Elm Road' is set on object 'Object Repository/VLink/Page_CCSale/txt_AL1'

2024-05-18 15:50:46 - [MESSAGE][PASSED] - Text 'Suite 56' is set on object 'Object Repository/VLink/Page_CCSale/txt_AL2'

2024-05-18 15:50:47 - [MESSAGE][PASSED] - Text 'Arlington' is set on object 'Object Repository/VLink/Page_CCSale/txt_CardCity'

2024-05-18 15:50:48 - [MESSAGE][PASSED] - Text 'VA' is set on object 'Object Repository/VLink/Page_CCSale/txt_CardState'

2024-05-18 15:50:48 - [MESSAGE][PASSED] - Text '22201' is set on object 'Object Repository/VLink/Page_CCSale/txt_CardZIP'

2024-05-18 15:50:49 - [MESSAGE][PASSED] - Text '840' is set on object 'Object Repository/VLink/Page_CCSale/txt_CountryID'

2024-05-18 15:50:50 - [MESSAGE][PASSED] - Text '1.50' is set on object 'Object Repository/VLink/Page_CCSale/txt_Amount'

2024-05-18 15:50:51 - [MESSAGE][PASSED] - Text '6011000000000004' is set on object 'Object Repository/VLink/Page_CCSale/txt_CardNumber'

2024-05-18 15:50:51 - [MESSAGE][PASSED] - Text '12' is set on object 'Object Repository/VLink/Page_CCSale/txt_ExpMonth'

2024-05-18 15:50:52 - [MESSAGE][PASSED] - Text '2025' is set on object 'Object Repository/VLink/Page_CCSale/txt_ExpYear'

2024-05-18 15:50:53 - [MESSAGE][PASSED] - Text '' is set on object 'Object Repository/VLink/Page_CCSale/txt_CVV'

2024-05-18 15:50:53 - [MESSAGE][PASSED] - Text '' is set on object 'Object Repository/VLink/Page_CCSale/txt_CVVstate'

2024-05-18 15:50:54 - [MESSAGE][PASSED] - Text '' is set on object 'Object Repository/VLink/Page_CCSale/txt_TrackData'

2024-05-18 15:50:55 - [MESSAGE][PASSED] - Text '' is set on object 'Object Repository/VLink/Page_CCSale/txt_Track1Data'

2024-05-18 15:50:55 - [MESSAGE][PASSED] - Text '' is set on object 'Object Repository/VLink/Page_CCSale/txt_Track2Data'

2024-05-18 15:50:56 - [MESSAGE][PASSED] - Text 'manual' is set on object 'Object Repository/VLink/Page_CCSale/txt_POSEntryMode'

2024-05-18 15:50:57 - [MESSAGE][PASSED] - Text 'iahmed@govolution.com' is set on object 'Object Repository/VLink/Page_CCSale/txt_Email'

2024-05-18 15:50:58 - [MESSAGE][PASSED] - Text '2569362' is set on object 'Object Repository/VLink/Page_CCSale/txt_OrderNumber'

2024-05-18 15:50:58 - [MESSAGE][PASSED] - Text '1.15' is set on object 'Object Repository/VLink/Page_CCSale/txt_TaxAmount'

2024-05-18 15:50:59 - [MESSAGE][PASSED] - Text 'Charge Description' is set on object 'Object Repository/VLink/Page_CCSale/txt_ChargeDescription'

2024-05-18 15:51:00 - [MESSAGE][PASSED] - Text '147357' is set on object 'Object Repository/VLink/Page_CCSale/txt_CAN'

2024-05-18 15:51:00 - [MESSAGE][PASSED] - Text '1' is set on object 'Object Repository/VLink/Page_CCSale/txt_BillPaymentIndicator'

2024-05-18 15:51:01 - [MESSAGE][PASSED] - Text 'UDF Data 1' is set on object 'Object Repository/VLink/Page_CCSale/txt_UDF1'

2024-05-18 15:51:02 - [MESSAGE][PASSED] - Text 'UDF Data 2' is set on object 'Object Repository/VLink/Page_CCSale/txt_UDF2'

2024-05-18 15:51:02 - [MESSAGE][PASSED] - Text 'UDF Data 3' is set on object 'Object Repository/VLink/Page_CCSale/txt_UDF3'

2024-05-18 15:51:03 - [MESSAGE][PASSED] - Text 'UDF Data 4' is set on object 'Object Repository/VLink/Page_CCSale/txt_UDF4'

2024-05-18 15:51:04 - [MESSAGE][PASSED] - Text 'UDF Data 5' is set on object 'Object Repository/VLink/Page_CCSale/txt_UDF5'

2024-05-18 15:51:05 - [MESSAGE][PASSED] - Text 'UDF Data 6' is set on object 'Object Repository/VLink/Page_CCSale/txt_UDF6'

2024-05-18 15:51:05 - [MESSAGE][PASSED] - Text 'UDF Data 7' is set on object 'Object Repository/VLink/Page_CCSale/txt_UDF7'

2024-05-18 15:51:06 - [MESSAGE][PASSED] - Text 'UDF Data 8' is set on object 'Object Repository/VLink/Page_CCSale/txt_UDF8'

2024-05-18 15:51:07 - [MESSAGE][PASSED] - Text 'UDF Data 9' is set on object 'Object Repository/VLink/Page_CCSale/txt_UDF9'

2024-05-18 15:51:07 - [MESSAGE][PASSED] - Text 'UDF Data 10' is set on object 'Object Repository/VLink/Page_CCSale/txt_UDF10'

2024-05-18 15:51:09 - [MESSAGE][PASSED] - Object: 'Object Repository/VLink/Page_CCSale/btn_ProcessVLinkTransaction' is clicked on

2024-05-18 15:51:14 - [MESSAGE][PASSED] - vlinkPages.saleCCPage.setDataSCC is PASSED

2024-05-18 15:51:14 - [TEST_STEP][PASSED] - if (verifyTextPresent("Transaction approved, no errors", true)): null

2024-05-18 15:51:14 - [MESSAGE][PASSED] - Text 'Transaction approved, no errors' is present on page  using regular expression

2024-05-18 15:51:14 - [TEST_STEP][PASSED] - println("Transaction Approved, no errors text is present on the Confirmation page"): null

2024-05-18 15:51:14 - [TEST_STEP][PASSED] - out.println("Pass Record Number: " + row): null

2024-05-18 15:51:14 - [TEST_STEP][PASSED] - resText = "Pass": null

2024-05-18 15:51:14 - [TEST_STEP][PASSED] - pages.WriteExcel.demoKey(resText, datText, resColumn, datCloumn, fileLoc, nameSheet, row): pages.WriteExcel.demoKey is PASSED

2024-05-18 15:51:14 - [MESSAGE][PASSED] - pages.WriteExcel.demoKey is PASSED

2024-05-18 15:51:14 - [TEST_STEP][PASSED] - sdfo = getText(findTestObject("Object Repository/Page_VLinkReceipt/pre_STX")): Text of object 'Object Repository/Page_VLinkReceipt/pre_STX' is: '<STX>vpJ6FhideG8W                  12153222            0  Transaction approved, no errors                   0                                                                                  XXOK6137   <ETX>'

2024-05-18 15:51:15 - [MESSAGE][PASSED] - Text of object 'Object Repository/Page_VLinkReceipt/pre_STX' is: '<STX>vpJ6FhideG8W                  12153222            0  Transaction approved, no errors                   0                                                                                  XXOK6137   <ETX>'

2024-05-18 15:51:15 - [TEST_STEP][PASSED] - out.println("sdfo: " + sdfo): null

2024-05-18 15:51:15 - [TEST_STEP][PASSED] - remID = substring(5, 35).trim(): null

2024-05-18 15:51:15 - [TEST_STEP][PASSED] - out.println("Remittance ID: " + remID): null

2024-05-18 15:51:15 - [TEST_STEP][PASSED] - traxID = substring(35, 55).trim(): null

2024-05-18 15:51:15 - [TEST_STEP][PASSED] - out.println("Transaction ID: " + traxID): null

2024-05-18 15:51:15 - [TEST_STEP][PASSED] - out.println("End Record Number: " + row): null

2024-05-18 15:51:15 - [TEST_STEP][PASSED] - closeBrowser(): Browser is closed

2024-05-18 15:51:16 - [MESSAGE][PASSED] - Browser is closed

2024-05-18 15:51:16 - [TEST_STEP][PASSED] - ExecuteTC = findTestData(dataFile).getValue("Execute", row): null

2024-05-18 15:51:16 - [TEST_STEP][PASSED] - out.println("Value of Execute is : " + ExecuteTC): null

2024-05-18 15:51:16 - [TEST_STEP][PASSED] - if (ExecuteTC.equalsIgnoreCase("Y")): Browser is closed

2024-05-18 15:51:16 - [TEST_STEP][PASSED] - out.println("Begin Record Number: " + row): null

2024-05-18 15:51:16 - [TEST_STEP][PASSED] - today = new java.util.Date(): null

2024-05-18 15:51:16 - [TEST_STEP][PASSED] - println(today): null

2024-05-18 15:51:16 - [TEST_STEP][PASSED] - datText = today: null

2024-05-18 15:51:16 - [TEST_STEP][PASSED] - openBrowser(VLinkURL + "authcap.html"): Browser is opened with url: 'https://dev-algorithm.govolution.com/vlinktest/QA2/version_2_0/authcap.html'

2024-05-18 15:51:16 - [MESSAGE][INFO] - Starting 'Chrome' driver

2024-05-18 15:51:16 - [MESSAGE][INFO] - User set preference: ['acceptInsecureCerts', 'true']

2024-05-18 15:51:16 - [MESSAGE][INFO] - Action delay is set to 0 milliseconds

2024-05-18 15:51:18 - [MESSAGE][PASSED] - Browser is opened with url: 'https://dev-algorithm.govolution.com/vlinktest/QA2/version_2_0/authcap.html'

2024-05-18 15:51:18 - [TEST_STEP][PASSED] - maximizeWindow(): Current window maximized

2024-05-18 15:51:18 - [MESSAGE][PASSED] - Current window maximized

2024-05-18 15:51:18 - [TEST_STEP][PASSED] - vlinkPages.saleCCPage.setDataSCC(row, dataFile): vlinkPages.saleCCPage.setDataSCC is PASSED

2024-05-18 15:51:21 - [MESSAGE][PASSED] - Object 'Object Repository/VLink/Page_CCSale/txt_CardNumber' is present

2024-05-18 15:51:22 - [MESSAGE][PASSED] - Text '104' is set on object 'Object Repository/VLink/Page_CCSale/txt_TransactionType'

2024-05-18 15:51:23 - [MESSAGE][PASSED] - Text '2.0C' is set on object 'Object Repository/VLink/Page_CCSale/txt_MessageVersion'

2024-05-18 15:51:23 - [MESSAGE][PASSED] - Text 'myB6ej6FSuKk' is set on object 'Object Repository/VLink/Page_CCSale/txt_RemID'

2024-05-18 15:51:24 - [MESSAGE][PASSED] - Text '672' is set on object 'Object Repository/VLink/Page_CCSale/txt_ApplicationId'

2024-05-18 15:51:25 - [MESSAGE][PASSED] - Text 'username' is set on object 'Object Repository/VLink/Page_CCSale/txt_Username'

2024-05-18 15:51:25 - [MESSAGE][PASSED] - Text 'password' is set on object 'Object Repository/VLink/Page_CCSale/txt_Password'

2024-05-18 15:51:26 - [MESSAGE][PASSED] - Text 'fixed_width' is set on object 'Object Repository/VLink/Page_CCSale/txt_ResponseFormat'

2024-05-18 15:51:27 - [MESSAGE][PASSED] - Text 'MOTO' is set on object 'Object Repository/VLink/Page_CCSale/txt_Category'

2024-05-18 15:51:27 - [MESSAGE][PASSED] - Text '' is set on object 'Object Repository/VLink/Page_CCSale/txt_TransactionID'

2024-05-18 15:51:28 - [MESSAGE][PASSED] - Text '' is set on object 'Object Repository/VLink/Page_CCSale/txt_ApprovalCode'

2024-05-18 15:51:29 - [MESSAGE][PASSED] - Text 'Arvind Silva' is set on object 'Object Repository/VLink/Page_CCSale/txt_CardName'

2024-05-18 15:51:30 - [MESSAGE][PASSED] - Text '111 Main Ave' is set on object 'Object Repository/VLink/Page_CCSale/txt_AL1'

2024-05-18 15:51:30 - [MESSAGE][PASSED] - Text '' is set on object 'Object Repository/VLink/Page_CCSale/txt_AL2'

2024-05-18 15:51:31 - [MESSAGE][PASSED] - Text 'Arlington' is set on object 'Object Repository/VLink/Page_CCSale/txt_CardCity'

2024-05-18 15:51:32 - [MESSAGE][PASSED] - Text 'VA' is set on object 'Object Repository/VLink/Page_CCSale/txt_CardState'

2024-05-18 15:51:33 - [MESSAGE][PASSED] - Text '22201' is set on object 'Object Repository/VLink/Page_CCSale/txt_CardZIP'

2024-05-18 15:51:33 - [MESSAGE][PASSED] - Text '' is set on object 'Object Repository/VLink/Page_CCSale/txt_CountryID'

2024-05-18 15:51:34 - [MESSAGE][PASSED] - Text '2.50' is set on object 'Object Repository/VLink/Page_CCSale/txt_Amount'

2024-05-18 15:51:35 - [MESSAGE][PASSED] - Text '6011000000000004' is set on object 'Object Repository/VLink/Page_CCSale/txt_CardNumber'

2024-05-18 15:51:35 - [MESSAGE][PASSED] - Text '01' is set on object 'Object Repository/VLink/Page_CCSale/txt_ExpMonth'

2024-05-18 15:51:36 - [MESSAGE][PASSED] - Text '2026' is set on object 'Object Repository/VLink/Page_CCSale/txt_ExpYear'

2024-05-18 15:51:37 - [MESSAGE][PASSED] - Text '' is set on object 'Object Repository/VLink/Page_CCSale/txt_CVV'

2024-05-18 15:51:37 - [MESSAGE][PASSED] - Text '' is set on object 'Object Repository/VLink/Page_CCSale/txt_CVVstate'

2024-05-18 15:51:38 - [MESSAGE][PASSED] - Text '' is set on object 'Object Repository/VLink/Page_CCSale/txt_TrackData'

2024-05-18 15:51:39 - [MESSAGE][PASSED] - Text '' is set on object 'Object Repository/VLink/Page_CCSale/txt_Track1Data'

2024-05-18 15:51:40 - [MESSAGE][PASSED] - Text '' is set on object 'Object Repository/VLink/Page_CCSale/txt_Track2Data'

2024-05-18 15:51:40 - [MESSAGE][PASSED] - Text 'manual' is set on object 'Object Repository/VLink/Page_CCSale/txt_POSEntryMode'

2024-05-18 15:51:41 - [MESSAGE][PASSED] - Text '' is set on object 'Object Repository/VLink/Page_CCSale/txt_Email'

2024-05-18 15:51:42 - [MESSAGE][PASSED] - Text '' is set on object 'Object Repository/VLink/Page_CCSale/txt_OrderNumber'

2024-05-18 15:51:42 - [MESSAGE][PASSED] - Text '' is set on object 'Object Repository/VLink/Page_CCSale/txt_TaxAmount'

2024-05-18 15:51:43 - [MESSAGE][PASSED] - Text '' is set on object 'Object Repository/VLink/Page_CCSale/txt_ChargeDescription'

2024-05-18 15:51:44 - [MESSAGE][PASSED] - Text '' is set on object 'Object Repository/VLink/Page_CCSale/txt_CAN'

2024-05-18 15:51:44 - [MESSAGE][PASSED] - Text '' is set on object 'Object Repository/VLink/Page_CCSale/txt_BillPaymentIndicator'

2024-05-18 15:51:45 - [MESSAGE][PASSED] - Text '' is set on object 'Object Repository/VLink/Page_CCSale/txt_UDF1'

2024-05-18 15:51:46 - [MESSAGE][PASSED] - Text '' is set on object 'Object Repository/VLink/Page_CCSale/txt_UDF2'

2024-05-18 15:51:46 - [MESSAGE][PASSED] - Text '' is set on object 'Object Repository/VLink/Page_CCSale/txt_UDF3'

2024-05-18 15:51:47 - [MESSAGE][PASSED] - Text '' is set on object 'Object Repository/VLink/Page_CCSale/txt_UDF4'

2024-05-18 15:51:48 - [MESSAGE][PASSED] - Text '' is set on object 'Object Repository/VLink/Page_CCSale/txt_UDF5'

2024-05-18 15:51:49 - [MESSAGE][PASSED] - Text '' is set on object 'Object Repository/VLink/Page_CCSale/txt_UDF6'

2024-05-18 15:51:49 - [MESSAGE][PASSED] - Text '' is set on object 'Object Repository/VLink/Page_CCSale/txt_UDF7'

2024-05-18 15:51:50 - [MESSAGE][PASSED] - Text '' is set on object 'Object Repository/VLink/Page_CCSale/txt_UDF8'

2024-05-18 15:51:51 - [MESSAGE][PASSED] - Text '' is set on object 'Object Repository/VLink/Page_CCSale/txt_UDF9'

2024-05-18 15:51:51 - [MESSAGE][PASSED] - Text '' is set on object 'Object Repository/VLink/Page_CCSale/txt_UDF10'

2024-05-18 15:51:54 - [MESSAGE][PASSED] - Object: 'Object Repository/VLink/Page_CCSale/btn_ProcessVLinkTransaction' is clicked on

2024-05-18 15:51:59 - [MESSAGE][PASSED] - vlinkPages.saleCCPage.setDataSCC is PASSED

2024-05-18 15:51:59 - [TEST_STEP][PASSED] - if (verifyTextPresent("Transaction approved, no errors", true)): null

2024-05-18 15:51:59 - [MESSAGE][PASSED] - Text 'Transaction approved, no errors' is present on page  using regular expression

2024-05-18 15:51:59 - [TEST_STEP][PASSED] - println("Transaction Approved, no errors text is present on the Confirmation page"): null

2024-05-18 15:51:59 - [TEST_STEP][PASSED] - out.println("Pass Record Number: " + row): null

2024-05-18 15:51:59 - [TEST_STEP][PASSED] - resText = "Pass": null

2024-05-18 15:51:59 - [TEST_STEP][PASSED] - pages.WriteExcel.demoKey(resText, datText, resColumn, datCloumn, fileLoc, nameSheet, row): pages.WriteExcel.demoKey is PASSED

2024-05-18 15:51:59 - [MESSAGE][PASSED] - pages.WriteExcel.demoKey is PASSED

2024-05-18 15:51:59 - [TEST_STEP][PASSED] - sdfo = getText(findTestObject("Object Repository/Page_VLinkReceipt/pre_STX")): Text of object 'Object Repository/Page_VLinkReceipt/pre_STX' is: '<STX>myB6ej6FSuKk                  12153223            0  Transaction approved, no errors                   0                                                                                  XXOK7261   <ETX>'

2024-05-18 15:52:00 - [MESSAGE][PASSED] - Text of object 'Object Repository/Page_VLinkReceipt/pre_STX' is: '<STX>myB6ej6FSuKk                  12153223            0  Transaction approved, no errors                   0                                                                                  XXOK7261   <ETX>'

2024-05-18 15:52:00 - [TEST_STEP][PASSED] - out.println("sdfo: " + sdfo): null

2024-05-18 15:52:00 - [TEST_STEP][PASSED] - remID = substring(5, 35).trim(): null

2024-05-18 15:52:00 - [TEST_STEP][PASSED] - out.println("Remittance ID: " + remID): null

2024-05-18 15:52:00 - [TEST_STEP][PASSED] - traxID = substring(35, 55).trim(): null

2024-05-18 15:52:00 - [TEST_STEP][PASSED] - out.println("Transaction ID: " + traxID): null

2024-05-18 15:52:00 - [TEST_STEP][PASSED] - out.println("End Record Number: " + row): null

2024-05-18 15:52:00 - [TEST_STEP][PASSED] - closeBrowser(): Browser is closed

2024-05-18 15:52:01 - [MESSAGE][PASSED] - Browser is closed

2024-05-18 15:52:01 - [TEST_STEP][PASSED] - ExecuteTC = findTestData(dataFile).getValue("Execute", row): null

2024-05-18 15:52:01 - [TEST_STEP][PASSED] - out.println("Value of Execute is : " + ExecuteTC): null

2024-05-18 15:52:01 - [TEST_STEP][PASSED] - if (ExecuteTC.equalsIgnoreCase("Y")): Browser is closed

2024-05-18 15:52:01 - [TEST_STEP][PASSED] - out.println("Begin Record Number: " + row): null

2024-05-18 15:52:01 - [TEST_STEP][PASSED] - today = new java.util.Date(): null

2024-05-18 15:52:01 - [TEST_STEP][PASSED] - println(today): null

2024-05-18 15:52:01 - [TEST_STEP][PASSED] - datText = today: null

2024-05-18 15:52:01 - [TEST_STEP][PASSED] - openBrowser(VLinkURL + "authcap.html"): Browser is opened with url: 'https://dev-algorithm.govolution.com/vlinktest/QA2/version_2_0/authcap.html'

2024-05-18 15:52:01 - [MESSAGE][INFO] - Starting 'Chrome' driver

2024-05-18 15:52:01 - [MESSAGE][INFO] - User set preference: ['acceptInsecureCerts', 'true']

2024-05-18 15:52:01 - [MESSAGE][INFO] - Action delay is set to 0 milliseconds

2024-05-18 15:52:03 - [MESSAGE][PASSED] - Browser is opened with url: 'https://dev-algorithm.govolution.com/vlinktest/QA2/version_2_0/authcap.html'

2024-05-18 15:52:03 - [TEST_STEP][PASSED] - maximizeWindow(): Current window maximized

2024-05-18 15:52:03 - [MESSAGE][PASSED] - Current window maximized

2024-05-18 15:52:03 - [TEST_STEP][PASSED] - vlinkPages.saleCCPage.setDataSCC(row, dataFile): vlinkPages.saleCCPage.setDataSCC is PASSED

2024-05-18 15:52:07 - [MESSAGE][PASSED] - Object 'Object Repository/VLink/Page_CCSale/txt_CardNumber' is present

2024-05-18 15:52:07 - [MESSAGE][PASSED] - Text '104' is set on object 'Object Repository/VLink/Page_CCSale/txt_TransactionType'

2024-05-18 15:52:08 - [MESSAGE][PASSED] - Text '2.0C' is set on object 'Object Repository/VLink/Page_CCSale/txt_MessageVersion'

2024-05-18 15:52:09 - [MESSAGE][PASSED] - Text 'zvYoTy6C17gA' is set on object 'Object Repository/VLink/Page_CCSale/txt_RemID'

2024-05-18 15:52:09 - [MESSAGE][PASSED] - Text '677' is set on object 'Object Repository/VLink/Page_CCSale/txt_ApplicationId'

2024-05-18 15:52:10 - [MESSAGE][PASSED] - Text 'username' is set on object 'Object Repository/VLink/Page_CCSale/txt_Username'

2024-05-18 15:52:11 - [MESSAGE][PASSED] - Text 'password' is set on object 'Object Repository/VLink/Page_CCSale/txt_Password'

2024-05-18 15:52:11 - [MESSAGE][PASSED] - Text 'fixed_width' is set on object 'Object Repository/VLink/Page_CCSale/txt_ResponseFormat'

2024-05-18 15:52:12 - [MESSAGE][PASSED] - Text 'MOTO' is set on object 'Object Repository/VLink/Page_CCSale/txt_Category'

2024-05-18 15:52:13 - [MESSAGE][PASSED] - Text '' is set on object 'Object Repository/VLink/Page_CCSale/txt_TransactionID'

2024-05-18 15:52:13 - [MESSAGE][PASSED] - Text '' is set on object 'Object Repository/VLink/Page_CCSale/txt_ApprovalCode'

2024-05-18 15:52:14 - [MESSAGE][PASSED] - Text 'Roshan Maha' is set on object 'Object Repository/VLink/Page_CCSale/txt_CardName'

2024-05-18 15:52:15 - [MESSAGE][PASSED] - Text '12563 Bazaar road' is set on object 'Object Repository/VLink/Page_CCSale/txt_AL1'

2024-05-18 15:52:15 - [MESSAGE][PASSED] - Text '' is set on object 'Object Repository/VLink/Page_CCSale/txt_AL2'

2024-05-18 15:52:16 - [MESSAGE][PASSED] - Text 'Crofton' is set on object 'Object Repository/VLink/Page_CCSale/txt_CardCity'

2024-05-18 15:52:17 - [MESSAGE][PASSED] - Text 'MD' is set on object 'Object Repository/VLink/Page_CCSale/txt_CardState'

2024-05-18 15:52:17 - [MESSAGE][PASSED] - Text '21114' is set on object 'Object Repository/VLink/Page_CCSale/txt_CardZIP'

2024-05-18 15:52:18 - [MESSAGE][PASSED] - Text '' is set on object 'Object Repository/VLink/Page_CCSale/txt_CountryID'

2024-05-18 15:52:19 - [MESSAGE][PASSED] - Text '3.50' is set on object 'Object Repository/VLink/Page_CCSale/txt_Amount'

2024-05-18 15:52:20 - [MESSAGE][PASSED] - Text '6011000000000004' is set on object 'Object Repository/VLink/Page_CCSale/txt_CardNumber'

2024-05-18 15:52:20 - [MESSAGE][PASSED] - Text '01' is set on object 'Object Repository/VLink/Page_CCSale/txt_ExpMonth'

2024-05-18 15:52:21 - [MESSAGE][PASSED] - Text '2026' is set on object 'Object Repository/VLink/Page_CCSale/txt_ExpYear'

2024-05-18 15:52:22 - [MESSAGE][PASSED] - Text '' is set on object 'Object Repository/VLink/Page_CCSale/txt_CVV'

2024-05-18 15:52:22 - [MESSAGE][PASSED] - Text '' is set on object 'Object Repository/VLink/Page_CCSale/txt_CVVstate'

2024-05-18 15:52:23 - [MESSAGE][PASSED] - Text '' is set on object 'Object Repository/VLink/Page_CCSale/txt_TrackData'

2024-05-18 15:52:24 - [MESSAGE][PASSED] - Text '' is set on object 'Object Repository/VLink/Page_CCSale/txt_Track1Data'

2024-05-18 15:52:24 - [MESSAGE][PASSED] - Text '' is set on object 'Object Repository/VLink/Page_CCSale/txt_Track2Data'

2024-05-18 15:52:25 - [MESSAGE][PASSED] - Text 'manual' is set on object 'Object Repository/VLink/Page_CCSale/txt_POSEntryMode'

2024-05-18 15:52:26 - [MESSAGE][PASSED] - Text '' is set on object 'Object Repository/VLink/Page_CCSale/txt_Email'

2024-05-18 15:52:26 - [MESSAGE][PASSED] - Text '' is set on object 'Object Repository/VLink/Page_CCSale/txt_OrderNumber'

2024-05-18 15:52:27 - [MESSAGE][PASSED] - Text '' is set on object 'Object Repository/VLink/Page_CCSale/txt_TaxAmount'

2024-05-18 15:52:28 - [MESSAGE][PASSED] - Text '' is set on object 'Object Repository/VLink/Page_CCSale/txt_ChargeDescription'

2024-05-18 15:52:28 - [MESSAGE][PASSED] - Text '' is set on object 'Object Repository/VLink/Page_CCSale/txt_CAN'

2024-05-18 15:52:29 - [MESSAGE][PASSED] - Text '' is set on object 'Object Repository/VLink/Page_CCSale/txt_BillPaymentIndicator'

2024-05-18 15:52:30 - [MESSAGE][PASSED] - Text '' is set on object 'Object Repository/VLink/Page_CCSale/txt_UDF1'

2024-05-18 15:52:30 - [MESSAGE][PASSED] - Text '' is set on object 'Object Repository/VLink/Page_CCSale/txt_UDF2'

2024-05-18 15:52:31 - [MESSAGE][PASSED] - Text '' is set on object 'Object Repository/VLink/Page_CCSale/txt_UDF3'

2024-05-18 15:52:32 - [MESSAGE][PASSED] - Text '' is set on object 'Object Repository/VLink/Page_CCSale/txt_UDF4'

2024-05-18 15:52:32 - [MESSAGE][PASSED] - Text '' is set on object 'Object Repository/VLink/Page_CCSale/txt_UDF5'

2024-05-18 15:52:33 - [MESSAGE][PASSED] - Text '' is set on object 'Object Repository/VLink/Page_CCSale/txt_UDF6'

2024-05-18 15:52:34 - [MESSAGE][PASSED] - Text '' is set on object 'Object Repository/VLink/Page_CCSale/txt_UDF7'

2024-05-18 15:52:34 - [MESSAGE][PASSED] - Text '' is set on object 'Object Repository/VLink/Page_CCSale/txt_UDF8'

2024-05-18 15:52:35 - [MESSAGE][PASSED] - Text '' is set on object 'Object Repository/VLink/Page_CCSale/txt_UDF9'

2024-05-18 15:52:36 - [MESSAGE][PASSED] - Text '' is set on object 'Object Repository/VLink/Page_CCSale/txt_UDF10'

2024-05-18 15:52:37 - [MESSAGE][PASSED] - Object: 'Object Repository/VLink/Page_CCSale/btn_ProcessVLinkTransaction' is clicked on

2024-05-18 15:52:42 - [MESSAGE][PASSED] - vlinkPages.saleCCPage.setDataSCC is PASSED

2024-05-18 15:52:42 - [TEST_STEP][PASSED] - if (verifyTextPresent("Transaction approved, no errors", true)): null

2024-05-18 15:52:43 - [MESSAGE][PASSED] - Text 'Transaction approved, no errors' is present on page  using regular expression

2024-05-18 15:52:43 - [TEST_STEP][PASSED] - println("Transaction Approved, no errors text is present on the Confirmation page"): null

2024-05-18 15:52:43 - [TEST_STEP][PASSED] - out.println("Pass Record Number: " + row): null

2024-05-18 15:52:43 - [TEST_STEP][PASSED] - resText = "Pass": null

2024-05-18 15:52:43 - [TEST_STEP][PASSED] - pages.WriteExcel.demoKey(resText, datText, resColumn, datCloumn, fileLoc, nameSheet, row): pages.WriteExcel.demoKey is PASSED

2024-05-18 15:52:43 - [MESSAGE][PASSED] - pages.WriteExcel.demoKey is PASSED

2024-05-18 15:52:43 - [TEST_STEP][PASSED] - sdfo = getText(findTestObject("Object Repository/Page_VLinkReceipt/pre_STX")): Text of object 'Object Repository/Page_VLinkReceipt/pre_STX' is: '<STX>zvYoTy6C17gA                  12153224            0  Transaction approved, no errors                   0                                                                                  XXOK6287   <ETX>'

2024-05-18 15:52:43 - [MESSAGE][PASSED] - Text of object 'Object Repository/Page_VLinkReceipt/pre_STX' is: '<STX>zvYoTy6C17gA                  12153224            0  Transaction approved, no errors                   0                                                                                  XXOK6287   <ETX>'

2024-05-18 15:52:43 - [TEST_STEP][PASSED] - out.println("sdfo: " + sdfo): null

2024-05-18 15:52:43 - [TEST_STEP][PASSED] - remID = substring(5, 35).trim(): null

2024-05-18 15:52:43 - [TEST_STEP][PASSED] - out.println("Remittance ID: " + remID): null

2024-05-18 15:52:43 - [TEST_STEP][PASSED] - traxID = substring(35, 55).trim(): null

2024-05-18 15:52:43 - [TEST_STEP][PASSED] - out.println("Transaction ID: " + traxID): null

2024-05-18 15:52:43 - [TEST_STEP][PASSED] - out.println("End Record Number: " + row): null

2024-05-18 15:52:43 - [TEST_STEP][PASSED] - closeBrowser(): Browser is closed

2024-05-18 15:52:44 - [MESSAGE][PASSED] - Browser is closed

2024-05-18 15:52:44 - [TEST_STEP][PASSED] - ExecuteTC = findTestData(dataFile).getValue("Execute", row): null

2024-05-18 15:52:44 - [TEST_STEP][PASSED] - out.println("Value of Execute is : " + ExecuteTC): null

2024-05-18 15:52:44 - [TEST_STEP][PASSED] - if (ExecuteTC.equalsIgnoreCase("Y")): Browser is closed

2024-05-18 15:52:44 - [TEST_STEP][PASSED] - out.println("Begin Record Number: " + row): null

2024-05-18 15:52:44 - [TEST_STEP][PASSED] - today = new java.util.Date(): null

2024-05-18 15:52:44 - [TEST_STEP][PASSED] - println(today): null

2024-05-18 15:52:44 - [TEST_STEP][PASSED] - datText = today: null

2024-05-18 15:52:44 - [TEST_STEP][PASSED] - openBrowser(VLinkURL + "authcap.html"): Browser is opened with url: 'https://dev-algorithm.govolution.com/vlinktest/QA2/version_2_0/authcap.html'

2024-05-18 15:52:44 - [MESSAGE][INFO] - Starting 'Chrome' driver

2024-05-18 15:52:44 - [MESSAGE][INFO] - User set preference: ['acceptInsecureCerts', 'true']

2024-05-18 15:52:44 - [MESSAGE][INFO] - Action delay is set to 0 milliseconds

2024-05-18 15:52:46 - [MESSAGE][PASSED] - Browser is opened with url: 'https://dev-algorithm.govolution.com/vlinktest/QA2/version_2_0/authcap.html'

2024-05-18 15:52:46 - [TEST_STEP][PASSED] - maximizeWindow(): Current window maximized

2024-05-18 15:52:47 - [MESSAGE][PASSED] - Current window maximized

2024-05-18 15:52:47 - [TEST_STEP][PASSED] - vlinkPages.saleCCPage.setDataSCC(row, dataFile): vlinkPages.saleCCPage.setDataSCC is PASSED

2024-05-18 15:52:50 - [MESSAGE][PASSED] - Object 'Object Repository/VLink/Page_CCSale/txt_CardNumber' is present

2024-05-18 15:52:51 - [MESSAGE][PASSED] - Text '104' is set on object 'Object Repository/VLink/Page_CCSale/txt_TransactionType'

2024-05-18 15:52:51 - [MESSAGE][PASSED] - Text '2.0C' is set on object 'Object Repository/VLink/Page_CCSale/txt_MessageVersion'

2024-05-18 15:52:52 - [MESSAGE][PASSED] - Text 'keT5uuXIjSoP' is set on object 'Object Repository/VLink/Page_CCSale/txt_RemID'

2024-05-18 15:52:53 - [MESSAGE][PASSED] - Text '665' is set on object 'Object Repository/VLink/Page_CCSale/txt_ApplicationId'

2024-05-18 15:52:53 - [MESSAGE][PASSED] - Text 'username' is set on object 'Object Repository/VLink/Page_CCSale/txt_Username'

2024-05-18 15:52:54 - [MESSAGE][PASSED] - Text 'password' is set on object 'Object Repository/VLink/Page_CCSale/txt_Password'

2024-05-18 15:52:55 - [MESSAGE][PASSED] - Text 'fixed_width' is set on object 'Object Repository/VLink/Page_CCSale/txt_ResponseFormat'

2024-05-18 15:52:55 - [MESSAGE][PASSED] - Text 'RETL' is set on object 'Object Repository/VLink/Page_CCSale/txt_Category'

2024-05-18 15:52:56 - [MESSAGE][PASSED] - Text '' is set on object 'Object Repository/VLink/Page_CCSale/txt_TransactionID'

2024-05-18 15:52:57 - [MESSAGE][PASSED] - Text '' is set on object 'Object Repository/VLink/Page_CCSale/txt_ApprovalCode'

2024-05-18 15:52:57 - [MESSAGE][PASSED] - Text 'Kris Roshan' is set on object 'Object Repository/VLink/Page_CCSale/txt_CardName'

2024-05-18 15:52:58 - [MESSAGE][PASSED] - Text '258 Elm Road' is set on object 'Object Repository/VLink/Page_CCSale/txt_AL1'

2024-05-18 15:52:59 - [MESSAGE][PASSED] - Text 'Suite 56' is set on object 'Object Repository/VLink/Page_CCSale/txt_AL2'

2024-05-18 15:53:00 - [MESSAGE][PASSED] - Text 'Arlington' is set on object 'Object Repository/VLink/Page_CCSale/txt_CardCity'

2024-05-18 15:53:00 - [MESSAGE][PASSED] - Text 'VA' is set on object 'Object Repository/VLink/Page_CCSale/txt_CardState'

2024-05-18 15:53:01 - [MESSAGE][PASSED] - Text '22201' is set on object 'Object Repository/VLink/Page_CCSale/txt_CardZIP'

2024-05-18 15:53:02 - [MESSAGE][PASSED] - Text '840' is set on object 'Object Repository/VLink/Page_CCSale/txt_CountryID'

2024-05-18 15:53:02 - [MESSAGE][PASSED] - Text '1.50' is set on object 'Object Repository/VLink/Page_CCSale/txt_Amount'

2024-05-18 15:53:03 - [MESSAGE][PASSED] - Text '4111111111111111' is set on object 'Object Repository/VLink/Page_CCSale/txt_CardNumber'

2024-05-18 15:53:04 - [MESSAGE][PASSED] - Text '12' is set on object 'Object Repository/VLink/Page_CCSale/txt_ExpMonth'

2024-05-18 15:53:05 - [MESSAGE][PASSED] - Text '2025' is set on object 'Object Repository/VLink/Page_CCSale/txt_ExpYear'

2024-05-18 15:53:05 - [MESSAGE][PASSED] - Text '' is set on object 'Object Repository/VLink/Page_CCSale/txt_CVV'

2024-05-18 15:53:06 - [MESSAGE][PASSED] - Text '' is set on object 'Object Repository/VLink/Page_CCSale/txt_CVVstate'

2024-05-18 15:53:07 - [MESSAGE][PASSED] - Text '' is set on object 'Object Repository/VLink/Page_CCSale/txt_TrackData'

2024-05-18 15:53:07 - [MESSAGE][PASSED] - Text '' is set on object 'Object Repository/VLink/Page_CCSale/txt_Track1Data'

2024-05-18 15:53:08 - [MESSAGE][PASSED] - Text '' is set on object 'Object Repository/VLink/Page_CCSale/txt_Track2Data'

2024-05-18 15:53:09 - [MESSAGE][PASSED] - Text 'manual' is set on object 'Object Repository/VLink/Page_CCSale/txt_POSEntryMode'

2024-05-18 15:53:09 - [MESSAGE][PASSED] - Text 'iahmed@govolution.com' is set on object 'Object Repository/VLink/Page_CCSale/txt_Email'

2024-05-18 15:53:10 - [MESSAGE][PASSED] - Text '2569362' is set on object 'Object Repository/VLink/Page_CCSale/txt_OrderNumber'

2024-05-18 15:53:11 - [MESSAGE][PASSED] - Text '1.15' is set on object 'Object Repository/VLink/Page_CCSale/txt_TaxAmount'

2024-05-18 15:53:11 - [MESSAGE][PASSED] - Text 'Charge Description' is set on object 'Object Repository/VLink/Page_CCSale/txt_ChargeDescription'

2024-05-18 15:53:12 - [MESSAGE][PASSED] - Text '147357' is set on object 'Object Repository/VLink/Page_CCSale/txt_CAN'

2024-05-18 15:53:13 - [MESSAGE][PASSED] - Text '1' is set on object 'Object Repository/VLink/Page_CCSale/txt_BillPaymentIndicator'

2024-05-18 15:53:14 - [MESSAGE][PASSED] - Text 'UDF Data 1' is set on object 'Object Repository/VLink/Page_CCSale/txt_UDF1'

2024-05-18 15:53:14 - [MESSAGE][PASSED] - Text 'UDF Data 2' is set on object 'Object Repository/VLink/Page_CCSale/txt_UDF2'

2024-05-18 15:53:15 - [MESSAGE][PASSED] - Text 'UDF Data 3' is set on object 'Object Repository/VLink/Page_CCSale/txt_UDF3'

2024-05-18 15:53:16 - [MESSAGE][PASSED] - Text 'UDF Data 4' is set on object 'Object Repository/VLink/Page_CCSale/txt_UDF4'

2024-05-18 15:53:16 - [MESSAGE][PASSED] - Text 'UDF Data 5' is set on object 'Object Repository/VLink/Page_CCSale/txt_UDF5'

2024-05-18 15:53:17 - [MESSAGE][PASSED] - Text 'UDF Data 6' is set on object 'Object Repository/VLink/Page_CCSale/txt_UDF6'

2024-05-18 15:53:18 - [MESSAGE][PASSED] - Text 'UDF Data 7' is set on object 'Object Repository/VLink/Page_CCSale/txt_UDF7'

2024-05-18 15:53:18 - [MESSAGE][PASSED] - Text 'UDF Data 8' is set on object 'Object Repository/VLink/Page_CCSale/txt_UDF8'

2024-05-18 15:53:19 - [MESSAGE][PASSED] - Text 'UDF Data 9' is set on object 'Object Repository/VLink/Page_CCSale/txt_UDF9'

2024-05-18 15:53:20 - [MESSAGE][PASSED] - Text 'UDF Data 10' is set on object 'Object Repository/VLink/Page_CCSale/txt_UDF10'

2024-05-18 15:53:22 - [MESSAGE][PASSED] - Object: 'Object Repository/VLink/Page_CCSale/btn_ProcessVLinkTransaction' is clicked on

2024-05-18 15:53:27 - [MESSAGE][PASSED] - vlinkPages.saleCCPage.setDataSCC is PASSED

2024-05-18 15:53:27 - [TEST_STEP][PASSED] - if (verifyTextPresent("Transaction approved, no errors", true)): null

2024-05-18 15:53:28 - [MESSAGE][PASSED] - Text 'Transaction approved, no errors' is present on page  using regular expression

2024-05-18 15:53:28 - [TEST_STEP][PASSED] - println("Transaction Approved, no errors text is present on the Confirmation page"): null

2024-05-18 15:53:28 - [TEST_STEP][PASSED] - out.println("Pass Record Number: " + row): null

2024-05-18 15:53:28 - [TEST_STEP][PASSED] - resText = "Pass": null

2024-05-18 15:53:28 - [TEST_STEP][PASSED] - pages.WriteExcel.demoKey(resText, datText, resColumn, datCloumn, fileLoc, nameSheet, row): pages.WriteExcel.demoKey is PASSED

2024-05-18 15:53:28 - [MESSAGE][PASSED] - pages.WriteExcel.demoKey is PASSED

2024-05-18 15:53:28 - [TEST_STEP][PASSED] - sdfo = getText(findTestObject("Object Repository/Page_VLinkReceipt/pre_STX")): Text of object 'Object Repository/Page_VLinkReceipt/pre_STX' is: '<STX>keT5uuXIjSoP                  12153226            0  Transaction approved, no errors                   0                                                                                  X OK7521   <ETX>'

2024-05-18 15:53:28 - [MESSAGE][PASSED] - Text of object 'Object Repository/Page_VLinkReceipt/pre_STX' is: '<STX>keT5uuXIjSoP                  12153226            0  Transaction approved, no errors                   0                                                                                  X OK7521   <ETX>'

2024-05-18 15:53:28 - [TEST_STEP][PASSED] - out.println("sdfo: " + sdfo): null

2024-05-18 15:53:28 - [TEST_STEP][PASSED] - remID = substring(5, 35).trim(): null

2024-05-18 15:53:28 - [TEST_STEP][PASSED] - out.println("Remittance ID: " + remID): null

2024-05-18 15:53:28 - [TEST_STEP][PASSED] - traxID = substring(35, 55).trim(): null

2024-05-18 15:53:28 - [TEST_STEP][PASSED] - out.println("Transaction ID: " + traxID): null

2024-05-18 15:53:28 - [TEST_STEP][PASSED] - out.println("End Record Number: " + row): null

2024-05-18 15:53:28 - [TEST_STEP][PASSED] - closeBrowser(): Browser is closed

2024-05-18 15:53:29 - [MESSAGE][PASSED] - Browser is closed

2024-05-18 15:53:29 - [TEST_STEP][PASSED] - ExecuteTC = findTestData(dataFile).getValue("Execute", row): null

2024-05-18 15:53:29 - [TEST_STEP][PASSED] - out.println("Value of Execute is : " + ExecuteTC): null

2024-05-18 15:53:29 - [TEST_STEP][PASSED] - if (ExecuteTC.equalsIgnoreCase("Y")): Browser is closed

2024-05-18 15:53:29 - [TEST_STEP][PASSED] - out.println("Begin Record Number: " + row): null

2024-05-18 15:53:29 - [TEST_STEP][PASSED] - today = new java.util.Date(): null

2024-05-18 15:53:29 - [TEST_STEP][PASSED] - println(today): null

2024-05-18 15:53:29 - [TEST_STEP][PASSED] - datText = today: null

2024-05-18 15:53:29 - [TEST_STEP][PASSED] - openBrowser(VLinkURL + "authcap.html"): Browser is opened with url: 'https://dev-algorithm.govolution.com/vlinktest/QA2/version_2_0/authcap.html'

2024-05-18 15:53:29 - [MESSAGE][INFO] - Starting 'Chrome' driver

2024-05-18 15:53:29 - [MESSAGE][INFO] - User set preference: ['acceptInsecureCerts', 'true']

2024-05-18 15:53:29 - [MESSAGE][INFO] - Action delay is set to 0 milliseconds

2024-05-18 15:53:31 - [MESSAGE][PASSED] - Browser is opened with url: 'https://dev-algorithm.govolution.com/vlinktest/QA2/version_2_0/authcap.html'

2024-05-18 15:53:31 - [TEST_STEP][PASSED] - maximizeWindow(): Current window maximized

2024-05-18 15:53:32 - [MESSAGE][PASSED] - Current window maximized

2024-05-18 15:53:32 - [TEST_STEP][PASSED] - vlinkPages.saleCCPage.setDataSCC(row, dataFile): vlinkPages.saleCCPage.setDataSCC is PASSED

2024-05-18 15:53:35 - [MESSAGE][PASSED] - Object 'Object Repository/VLink/Page_CCSale/txt_CardNumber' is present

2024-05-18 15:53:36 - [MESSAGE][PASSED] - Text '104' is set on object 'Object Repository/VLink/Page_CCSale/txt_TransactionType'

2024-05-18 15:53:36 - [MESSAGE][PASSED] - Text '2.0C' is set on object 'Object Repository/VLink/Page_CCSale/txt_MessageVersion'

2024-05-18 15:53:37 - [MESSAGE][PASSED] - Text 'ld53wA8jkXID' is set on object 'Object Repository/VLink/Page_CCSale/txt_RemID'

2024-05-18 15:53:38 - [MESSAGE][PASSED] - Text '672' is set on object 'Object Repository/VLink/Page_CCSale/txt_ApplicationId'

2024-05-18 15:53:38 - [MESSAGE][PASSED] - Text 'username' is set on object 'Object Repository/VLink/Page_CCSale/txt_Username'

2024-05-18 15:53:39 - [MESSAGE][PASSED] - Text 'password' is set on object 'Object Repository/VLink/Page_CCSale/txt_Password'

2024-05-18 15:53:40 - [MESSAGE][PASSED] - Text 'fixed_width' is set on object 'Object Repository/VLink/Page_CCSale/txt_ResponseFormat'

2024-05-18 15:53:40 - [MESSAGE][PASSED] - Text 'RETL' is set on object 'Object Repository/VLink/Page_CCSale/txt_Category'

2024-05-18 15:53:41 - [MESSAGE][PASSED] - Text '' is set on object 'Object Repository/VLink/Page_CCSale/txt_TransactionID'

2024-05-18 15:53:42 - [MESSAGE][PASSED] - Text '' is set on object 'Object Repository/VLink/Page_CCSale/txt_ApprovalCode'

2024-05-18 15:53:42 - [MESSAGE][PASSED] - Text 'Arvind Silva' is set on object 'Object Repository/VLink/Page_CCSale/txt_CardName'

2024-05-18 15:53:43 - [MESSAGE][PASSED] - Text '111 Main Ave' is set on object 'Object Repository/VLink/Page_CCSale/txt_AL1'

2024-05-18 15:53:44 - [MESSAGE][PASSED] - Text '' is set on object 'Object Repository/VLink/Page_CCSale/txt_AL2'

2024-05-18 15:53:44 - [MESSAGE][PASSED] - Text 'Arlington' is set on object 'Object Repository/VLink/Page_CCSale/txt_CardCity'

2024-05-18 15:53:45 - [MESSAGE][PASSED] - Text 'VA' is set on object 'Object Repository/VLink/Page_CCSale/txt_CardState'

2024-05-18 15:53:46 - [MESSAGE][PASSED] - Text '22201' is set on object 'Object Repository/VLink/Page_CCSale/txt_CardZIP'

2024-05-18 15:53:47 - [MESSAGE][PASSED] - Text '' is set on object 'Object Repository/VLink/Page_CCSale/txt_CountryID'

2024-05-18 15:53:47 - [MESSAGE][PASSED] - Text '2.50' is set on object 'Object Repository/VLink/Page_CCSale/txt_Amount'

2024-05-18 15:53:48 - [MESSAGE][PASSED] - Text '4111111111111111' is set on object 'Object Repository/VLink/Page_CCSale/txt_CardNumber'

2024-05-18 15:53:49 - [MESSAGE][PASSED] - Text '01' is set on object 'Object Repository/VLink/Page_CCSale/txt_ExpMonth'

2024-05-18 15:53:49 - [MESSAGE][PASSED] - Text '2026' is set on object 'Object Repository/VLink/Page_CCSale/txt_ExpYear'

2024-05-18 15:53:50 - [MESSAGE][PASSED] - Text '' is set on object 'Object Repository/VLink/Page_CCSale/txt_CVV'

2024-05-18 15:53:51 - [MESSAGE][PASSED] - Text '' is set on object 'Object Repository/VLink/Page_CCSale/txt_CVVstate'

2024-05-18 15:53:51 - [MESSAGE][PASSED] - Text '' is set on object 'Object Repository/VLink/Page_CCSale/txt_TrackData'

2024-05-18 15:53:52 - [MESSAGE][PASSED] - Text '' is set on object 'Object Repository/VLink/Page_CCSale/txt_Track1Data'

2024-05-18 15:53:53 - [MESSAGE][PASSED] - Text '' is set on object 'Object Repository/VLink/Page_CCSale/txt_Track2Data'

2024-05-18 15:53:54 - [MESSAGE][PASSED] - Text 'manual' is set on object 'Object Repository/VLink/Page_CCSale/txt_POSEntryMode'

2024-05-18 15:53:54 - [MESSAGE][PASSED] - Text '' is set on object 'Object Repository/VLink/Page_CCSale/txt_Email'

2024-05-18 15:53:55 - [MESSAGE][PASSED] - Text '' is set on object 'Object Repository/VLink/Page_CCSale/txt_OrderNumber'

2024-05-18 15:53:56 - [MESSAGE][PASSED] - Text '' is set on object 'Object Repository/VLink/Page_CCSale/txt_TaxAmount'

2024-05-18 15:53:56 - [MESSAGE][PASSED] - Text '' is set on object 'Object Repository/VLink/Page_CCSale/txt_ChargeDescription'

2024-05-18 15:53:57 - [MESSAGE][PASSED] - Text '' is set on object 'Object Repository/VLink/Page_CCSale/txt_CAN'

2024-05-18 15:53:58 - [MESSAGE][PASSED] - Text '' is set on object 'Object Repository/VLink/Page_CCSale/txt_BillPaymentIndicator'

2024-05-18 15:53:58 - [MESSAGE][PASSED] - Text '' is set on object 'Object Repository/VLink/Page_CCSale/txt_UDF1'

2024-05-18 15:53:59 - [MESSAGE][PASSED] - Text '' is set on object 'Object Repository/VLink/Page_CCSale/txt_UDF2'

2024-05-18 15:54:00 - [MESSAGE][PASSED] - Text '' is set on object 'Object Repository/VLink/Page_CCSale/txt_UDF3'

2024-05-18 15:54:00 - [MESSAGE][PASSED] - Text '' is set on object 'Object Repository/VLink/Page_CCSale/txt_UDF4'

2024-05-18 15:54:01 - [MESSAGE][PASSED] - Text '' is set on object 'Object Repository/VLink/Page_CCSale/txt_UDF5'

2024-05-18 15:54:02 - [MESSAGE][PASSED] - Text '' is set on object 'Object Repository/VLink/Page_CCSale/txt_UDF6'

2024-05-18 15:54:02 - [MESSAGE][PASSED] - Text '' is set on object 'Object Repository/VLink/Page_CCSale/txt_UDF7'

2024-05-18 15:54:03 - [MESSAGE][PASSED] - Text '' is set on object 'Object Repository/VLink/Page_CCSale/txt_UDF8'

2024-05-18 15:54:04 - [MESSAGE][PASSED] - Text '' is set on object 'Object Repository/VLink/Page_CCSale/txt_UDF9'

2024-05-18 15:54:05 - [MESSAGE][PASSED] - Text '' is set on object 'Object Repository/VLink/Page_CCSale/txt_UDF10'

2024-05-18 15:54:06 - [MESSAGE][PASSED] - Object: 'Object Repository/VLink/Page_CCSale/btn_ProcessVLinkTransaction' is clicked on

2024-05-18 15:54:11 - [MESSAGE][PASSED] - vlinkPages.saleCCPage.setDataSCC is PASSED

2024-05-18 15:54:11 - [TEST_STEP][PASSED] - if (verifyTextPresent("Transaction approved, no errors", true)): null

2024-05-18 15:54:11 - [MESSAGE][PASSED] - Text 'Transaction approved, no errors' is present on page  using regular expression

2024-05-18 15:54:11 - [TEST_STEP][PASSED] - println("Transaction Approved, no errors text is present on the Confirmation page"): null

2024-05-18 15:54:11 - [TEST_STEP][PASSED] - out.println("Pass Record Number: " + row): null

2024-05-18 15:54:11 - [TEST_STEP][PASSED] - resText = "Pass": null

2024-05-18 15:54:11 - [TEST_STEP][PASSED] - pages.WriteExcel.demoKey(resText, datText, resColumn, datCloumn, fileLoc, nameSheet, row): pages.WriteExcel.demoKey is PASSED

2024-05-18 15:54:11 - [MESSAGE][PASSED] - pages.WriteExcel.demoKey is PASSED

2024-05-18 15:54:11 - [TEST_STEP][PASSED] - sdfo = getText(findTestObject("Object Repository/Page_VLinkReceipt/pre_STX")): Text of object 'Object Repository/Page_VLinkReceipt/pre_STX' is: '<STX>ld53wA8jkXID                  12153227            0  Transaction approved, no errors                   0                                                                                  X OK6677   <ETX>'

2024-05-18 15:54:12 - [MESSAGE][PASSED] - Text of object 'Object Repository/Page_VLinkReceipt/pre_STX' is: '<STX>ld53wA8jkXID                  12153227            0  Transaction approved, no errors                   0                                                                                  X OK6677   <ETX>'

2024-05-18 15:54:12 - [TEST_STEP][PASSED] - out.println("sdfo: " + sdfo): null

2024-05-18 15:54:12 - [TEST_STEP][PASSED] - remID = substring(5, 35).trim(): null

2024-05-18 15:54:12 - [TEST_STEP][PASSED] - out.println("Remittance ID: " + remID): null

2024-05-18 15:54:12 - [TEST_STEP][PASSED] - traxID = substring(35, 55).trim(): null

2024-05-18 15:54:12 - [TEST_STEP][PASSED] - out.println("Transaction ID: " + traxID): null

2024-05-18 15:54:12 - [TEST_STEP][PASSED] - out.println("End Record Number: " + row): null

2024-05-18 15:54:12 - [TEST_STEP][PASSED] - closeBrowser(): Browser is closed

2024-05-18 15:54:13 - [MESSAGE][PASSED] - Browser is closed

2024-05-18 15:54:13 - [TEST_STEP][PASSED] - ExecuteTC = findTestData(dataFile).getValue("Execute", row): null

2024-05-18 15:54:13 - [TEST_STEP][PASSED] - out.println("Value of Execute is : " + ExecuteTC): null

2024-05-18 15:54:13 - [TEST_STEP][PASSED] - if (ExecuteTC.equalsIgnoreCase("Y")): Browser is closed

2024-05-18 15:54:13 - [TEST_STEP][PASSED] - out.println("Begin Record Number: " + row): null

2024-05-18 15:54:13 - [TEST_STEP][PASSED] - today = new java.util.Date(): null

2024-05-18 15:54:13 - [TEST_STEP][PASSED] - println(today): null

2024-05-18 15:54:13 - [TEST_STEP][PASSED] - datText = today: null

2024-05-18 15:54:13 - [TEST_STEP][PASSED] - openBrowser(VLinkURL + "authcap.html"): Browser is opened with url: 'https://dev-algorithm.govolution.com/vlinktest/QA2/version_2_0/authcap.html'

2024-05-18 15:54:13 - [MESSAGE][INFO] - Starting 'Chrome' driver

2024-05-18 15:54:13 - [MESSAGE][INFO] - User set preference: ['acceptInsecureCerts', 'true']

2024-05-18 15:54:13 - [MESSAGE][INFO] - Action delay is set to 0 milliseconds

2024-05-18 15:54:15 - [MESSAGE][PASSED] - Browser is opened with url: 'https://dev-algorithm.govolution.com/vlinktest/QA2/version_2_0/authcap.html'

2024-05-18 15:54:15 - [TEST_STEP][PASSED] - maximizeWindow(): Current window maximized

2024-05-18 15:54:15 - [MESSAGE][PASSED] - Current window maximized

2024-05-18 15:54:15 - [TEST_STEP][PASSED] - vlinkPages.saleCCPage.setDataSCC(row, dataFile): vlinkPages.saleCCPage.setDataSCC is PASSED

2024-05-18 15:54:18 - [MESSAGE][PASSED] - Object 'Object Repository/VLink/Page_CCSale/txt_CardNumber' is present

2024-05-18 15:54:19 - [MESSAGE][PASSED] - Text '104' is set on object 'Object Repository/VLink/Page_CCSale/txt_TransactionType'

2024-05-18 15:54:20 - [MESSAGE][PASSED] - Text '2.0C' is set on object 'Object Repository/VLink/Page_CCSale/txt_MessageVersion'

2024-05-18 15:54:20 - [MESSAGE][PASSED] - Text 'CreodkFTzzrU' is set on object 'Object Repository/VLink/Page_CCSale/txt_RemID'

2024-05-18 15:54:21 - [MESSAGE][PASSED] - Text '677' is set on object 'Object Repository/VLink/Page_CCSale/txt_ApplicationId'

2024-05-18 15:54:22 - [MESSAGE][PASSED] - Text 'username' is set on object 'Object Repository/VLink/Page_CCSale/txt_Username'

2024-05-18 15:54:22 - [MESSAGE][PASSED] - Text 'password' is set on object 'Object Repository/VLink/Page_CCSale/txt_Password'

2024-05-18 15:54:23 - [MESSAGE][PASSED] - Text 'fixed_width' is set on object 'Object Repository/VLink/Page_CCSale/txt_ResponseFormat'

2024-05-18 15:54:24 - [MESSAGE][PASSED] - Text 'RETL' is set on object 'Object Repository/VLink/Page_CCSale/txt_Category'

2024-05-18 15:54:24 - [MESSAGE][PASSED] - Text '' is set on object 'Object Repository/VLink/Page_CCSale/txt_TransactionID'

2024-05-18 15:54:25 - [MESSAGE][PASSED] - Text '' is set on object 'Object Repository/VLink/Page_CCSale/txt_ApprovalCode'

2024-05-18 15:54:26 - [MESSAGE][PASSED] - Text 'Roshan Maha' is set on object 'Object Repository/VLink/Page_CCSale/txt_CardName'

2024-05-18 15:54:27 - [MESSAGE][PASSED] - Text '12563 Bazaar road' is set on object 'Object Repository/VLink/Page_CCSale/txt_AL1'

2024-05-18 15:54:27 - [MESSAGE][PASSED] - Text '' is set on object 'Object Repository/VLink/Page_CCSale/txt_AL2'

2024-05-18 15:54:28 - [MESSAGE][PASSED] - Text 'Crofton' is set on object 'Object Repository/VLink/Page_CCSale/txt_CardCity'

2024-05-18 15:54:29 - [MESSAGE][PASSED] - Text 'MD' is set on object 'Object Repository/VLink/Page_CCSale/txt_CardState'

2024-05-18 15:54:29 - [MESSAGE][PASSED] - Text '21114' is set on object 'Object Repository/VLink/Page_CCSale/txt_CardZIP'

2024-05-18 15:54:30 - [MESSAGE][PASSED] - Text '' is set on object 'Object Repository/VLink/Page_CCSale/txt_CountryID'

2024-05-18 15:54:31 - [MESSAGE][PASSED] - Text '3.50' is set on object 'Object Repository/VLink/Page_CCSale/txt_Amount'

2024-05-18 15:54:31 - [MESSAGE][PASSED] - Text '4111111111111111' is set on object 'Object Repository/VLink/Page_CCSale/txt_CardNumber'

2024-05-18 15:54:32 - [MESSAGE][PASSED] - Text '01' is set on object 'Object Repository/VLink/Page_CCSale/txt_ExpMonth'

2024-05-18 15:54:33 - [MESSAGE][PASSED] - Text '2026' is set on object 'Object Repository/VLink/Page_CCSale/txt_ExpYear'

2024-05-18 15:54:34 - [MESSAGE][PASSED] - Text '' is set on object 'Object Repository/VLink/Page_CCSale/txt_CVV'

2024-05-18 15:54:34 - [MESSAGE][PASSED] - Text '' is set on object 'Object Repository/VLink/Page_CCSale/txt_CVVstate'

2024-05-18 15:54:35 - [MESSAGE][PASSED] - Text '' is set on object 'Object Repository/VLink/Page_CCSale/txt_TrackData'

2024-05-18 15:54:36 - [MESSAGE][PASSED] - Text '' is set on object 'Object Repository/VLink/Page_CCSale/txt_Track1Data'

2024-05-18 15:54:36 - [MESSAGE][PASSED] - Text '' is set on object 'Object Repository/VLink/Page_CCSale/txt_Track2Data'

2024-05-18 15:54:37 - [MESSAGE][PASSED] - Text 'manual' is set on object 'Object Repository/VLink/Page_CCSale/txt_POSEntryMode'

2024-05-18 15:54:38 - [MESSAGE][PASSED] - Text '' is set on object 'Object Repository/VLink/Page_CCSale/txt_Email'

2024-05-18 15:54:38 - [MESSAGE][PASSED] - Text '' is set on object 'Object Repository/VLink/Page_CCSale/txt_OrderNumber'

2024-05-18 15:54:39 - [MESSAGE][PASSED] - Text '' is set on object 'Object Repository/VLink/Page_CCSale/txt_TaxAmount'

2024-05-18 15:54:40 - [MESSAGE][PASSED] - Text '' is set on object 'Object Repository/VLink/Page_CCSale/txt_ChargeDescription'

2024-05-18 15:54:40 - [MESSAGE][PASSED] - Text '' is set on object 'Object Repository/VLink/Page_CCSale/txt_CAN'

2024-05-18 15:54:41 - [MESSAGE][PASSED] - Text '' is set on object 'Object Repository/VLink/Page_CCSale/txt_BillPaymentIndicator'

2024-05-18 15:54:42 - [MESSAGE][PASSED] - Text '' is set on object 'Object Repository/VLink/Page_CCSale/txt_UDF1'

2024-05-18 15:54:42 - [MESSAGE][PASSED] - Text '' is set on object 'Object Repository/VLink/Page_CCSale/txt_UDF2'

2024-05-18 15:54:43 - [MESSAGE][PASSED] - Text '' is set on object 'Object Repository/VLink/Page_CCSale/txt_UDF3'

2024-05-18 15:54:44 - [MESSAGE][PASSED] - Text '' is set on object 'Object Repository/VLink/Page_CCSale/txt_UDF4'

2024-05-18 15:54:44 - [MESSAGE][PASSED] - Text '' is set on object 'Object Repository/VLink/Page_CCSale/txt_UDF5'

2024-05-18 15:54:45 - [MESSAGE][PASSED] - Text '' is set on object 'Object Repository/VLink/Page_CCSale/txt_UDF6'

2024-05-18 15:54:46 - [MESSAGE][PASSED] - Text '' is set on object 'Object Repository/VLink/Page_CCSale/txt_UDF7'

2024-05-18 15:54:46 - [MESSAGE][PASSED] - Text '' is set on object 'Object Repository/VLink/Page_CCSale/txt_UDF8'

2024-05-18 15:54:47 - [MESSAGE][PASSED] - Text '' is set on object 'Object Repository/VLink/Page_CCSale/txt_UDF9'

2024-05-18 15:54:48 - [MESSAGE][PASSED] - Text '' is set on object 'Object Repository/VLink/Page_CCSale/txt_UDF10'

2024-05-18 15:54:51 - [MESSAGE][PASSED] - Object: 'Object Repository/VLink/Page_CCSale/btn_ProcessVLinkTransaction' is clicked on

2024-05-18 15:54:56 - [MESSAGE][PASSED] - vlinkPages.saleCCPage.setDataSCC is PASSED

2024-05-18 15:54:56 - [TEST_STEP][PASSED] - if (verifyTextPresent("Transaction approved, no errors", true)): null

2024-05-18 15:54:56 - [MESSAGE][PASSED] - Text 'Transaction approved, no errors' is present on page  using regular expression

2024-05-18 15:54:56 - [TEST_STEP][PASSED] - println("Transaction Approved, no errors text is present on the Confirmation page"): null

2024-05-18 15:54:56 - [TEST_STEP][PASSED] - out.println("Pass Record Number: " + row): null

2024-05-18 15:54:56 - [TEST_STEP][PASSED] - resText = "Pass": null

2024-05-18 15:54:56 - [TEST_STEP][PASSED] - pages.WriteExcel.demoKey(resText, datText, resColumn, datCloumn, fileLoc, nameSheet, row): pages.WriteExcel.demoKey is PASSED

2024-05-18 15:54:56 - [MESSAGE][PASSED] - pages.WriteExcel.demoKey is PASSED

2024-05-18 15:54:56 - [TEST_STEP][PASSED] - sdfo = getText(findTestObject("Object Repository/Page_VLinkReceipt/pre_STX")): Text of object 'Object Repository/Page_VLinkReceipt/pre_STX' is: '<STX>CreodkFTzzrU                  12153228            0  Transaction approved, no errors                   0                                                                                  X OK7651   <ETX>'

2024-05-18 15:54:56 - [MESSAGE][PASSED] - Text of object 'Object Repository/Page_VLinkReceipt/pre_STX' is: '<STX>CreodkFTzzrU                  12153228            0  Transaction approved, no errors                   0                                                                                  X OK7651   <ETX>'

2024-05-18 15:54:56 - [TEST_STEP][PASSED] - out.println("sdfo: " + sdfo): null

2024-05-18 15:54:56 - [TEST_STEP][PASSED] - remID = substring(5, 35).trim(): null

2024-05-18 15:54:56 - [TEST_STEP][PASSED] - out.println("Remittance ID: " + remID): null

2024-05-18 15:54:56 - [TEST_STEP][PASSED] - traxID = substring(35, 55).trim(): null

2024-05-18 15:54:56 - [TEST_STEP][PASSED] - out.println("Transaction ID: " + traxID): null

2024-05-18 15:54:56 - [TEST_STEP][PASSED] - out.println("End Record Number: " + row): null

2024-05-18 15:54:56 - [TEST_STEP][PASSED] - closeBrowser(): Browser is closed

2024-05-18 15:54:58 - [MESSAGE][PASSED] - Browser is closed

2024-05-18 15:54:58 - [TEST_STEP][PASSED] - ExecuteTC = findTestData(dataFile).getValue("Execute", row): null

2024-05-18 15:54:58 - [TEST_STEP][PASSED] - out.println("Value of Execute is : " + ExecuteTC): null

2024-05-18 15:54:58 - [TEST_STEP][PASSED] - if (ExecuteTC.equalsIgnoreCase("Y")): Browser is closed

2024-05-18 15:54:58 - [TEST_STEP][PASSED] - out.println("Begin Record Number: " + row): null

2024-05-18 15:54:58 - [TEST_STEP][PASSED] - today = new java.util.Date(): null

2024-05-18 15:54:58 - [TEST_STEP][PASSED] - println(today): null

2024-05-18 15:54:58 - [TEST_STEP][PASSED] - datText = today: null

2024-05-18 15:54:58 - [TEST_STEP][PASSED] - openBrowser(VLinkURL + "authcap.html"): Browser is opened with url: 'https://dev-algorithm.govolution.com/vlinktest/QA2/version_2_0/authcap.html'

2024-05-18 15:54:58 - [MESSAGE][INFO] - Starting 'Chrome' driver

2024-05-18 15:54:58 - [MESSAGE][INFO] - User set preference: ['acceptInsecureCerts', 'true']

2024-05-18 15:54:58 - [MESSAGE][INFO] - Action delay is set to 0 milliseconds

2024-05-18 15:55:00 - [MESSAGE][PASSED] - Browser is opened with url: 'https://dev-algorithm.govolution.com/vlinktest/QA2/version_2_0/authcap.html'

2024-05-18 15:55:00 - [TEST_STEP][PASSED] - maximizeWindow(): Current window maximized

2024-05-18 15:55:01 - [MESSAGE][PASSED] - Current window maximized

2024-05-18 15:55:01 - [TEST_STEP][PASSED] - vlinkPages.saleCCPage.setDataSCC(row, dataFile): vlinkPages.saleCCPage.setDataSCC is PASSED

2024-05-18 15:55:04 - [MESSAGE][PASSED] - Object 'Object Repository/VLink/Page_CCSale/txt_CardNumber' is present

2024-05-18 15:55:04 - [MESSAGE][PASSED] - Text '104' is set on object 'Object Repository/VLink/Page_CCSale/txt_TransactionType'

2024-05-18 15:55:05 - [MESSAGE][PASSED] - Text '2.0C' is set on object 'Object Repository/VLink/Page_CCSale/txt_MessageVersion'

2024-05-18 15:55:06 - [MESSAGE][PASSED] - Text 'SB0YBHUv606m' is set on object 'Object Repository/VLink/Page_CCSale/txt_RemID'

2024-05-18 15:55:06 - [MESSAGE][PASSED] - Text '665' is set on object 'Object Repository/VLink/Page_CCSale/txt_ApplicationId'

2024-05-18 15:55:07 - [MESSAGE][PASSED] - Text 'username' is set on object 'Object Repository/VLink/Page_CCSale/txt_Username'

2024-05-18 15:55:08 - [MESSAGE][PASSED] - Text 'password' is set on object 'Object Repository/VLink/Page_CCSale/txt_Password'

2024-05-18 15:55:08 - [MESSAGE][PASSED] - Text 'fixed_width' is set on object 'Object Repository/VLink/Page_CCSale/txt_ResponseFormat'

2024-05-18 15:55:09 - [MESSAGE][PASSED] - Text 'RETL' is set on object 'Object Repository/VLink/Page_CCSale/txt_Category'

2024-05-18 15:55:10 - [MESSAGE][PASSED] - Text '' is set on object 'Object Repository/VLink/Page_CCSale/txt_TransactionID'

2024-05-18 15:55:11 - [MESSAGE][PASSED] - Text '' is set on object 'Object Repository/VLink/Page_CCSale/txt_ApprovalCode'

2024-05-18 15:55:11 - [MESSAGE][PASSED] - Text 'Kris Roshan' is set on object 'Object Repository/VLink/Page_CCSale/txt_CardName'

2024-05-18 15:55:12 - [MESSAGE][PASSED] - Text '258 Elm Road' is set on object 'Object Repository/VLink/Page_CCSale/txt_AL1'

2024-05-18 15:55:12 - [MESSAGE][PASSED] - Text 'Suite 56' is set on object 'Object Repository/VLink/Page_CCSale/txt_AL2'

2024-05-18 15:55:13 - [MESSAGE][PASSED] - Text 'Arlington' is set on object 'Object Repository/VLink/Page_CCSale/txt_CardCity'

2024-05-18 15:55:14 - [MESSAGE][PASSED] - Text 'VA' is set on object 'Object Repository/VLink/Page_CCSale/txt_CardState'

2024-05-18 15:55:14 - [MESSAGE][PASSED] - Text '22201' is set on object 'Object Repository/VLink/Page_CCSale/txt_CardZIP'

2024-05-18 15:55:15 - [MESSAGE][PASSED] - Text '840' is set on object 'Object Repository/VLink/Page_CCSale/txt_CountryID'

2024-05-18 15:55:16 - [MESSAGE][PASSED] - Text '1.50' is set on object 'Object Repository/VLink/Page_CCSale/txt_Amount'

2024-05-18 15:55:16 - [MESSAGE][PASSED] - Text '5424000000000015' is set on object 'Object Repository/VLink/Page_CCSale/txt_CardNumber'

2024-05-18 15:55:17 - [MESSAGE][PASSED] - Text '12' is set on object 'Object Repository/VLink/Page_CCSale/txt_ExpMonth'

2024-05-18 15:55:18 - [MESSAGE][PASSED] - Text '2025' is set on object 'Object Repository/VLink/Page_CCSale/txt_ExpYear'

2024-05-18 15:55:18 - [MESSAGE][PASSED] - Text '' is set on object 'Object Repository/VLink/Page_CCSale/txt_CVV'

2024-05-18 15:55:19 - [MESSAGE][PASSED] - Text '' is set on object 'Object Repository/VLink/Page_CCSale/txt_CVVstate'

2024-05-18 15:55:20 - [MESSAGE][PASSED] - Text '' is set on object 'Object Repository/VLink/Page_CCSale/txt_TrackData'

2024-05-18 15:55:20 - [MESSAGE][PASSED] - Text '' is set on object 'Object Repository/VLink/Page_CCSale/txt_Track1Data'

2024-05-18 15:55:21 - [MESSAGE][PASSED] - Text '' is set on object 'Object Repository/VLink/Page_CCSale/txt_Track2Data'

2024-05-18 15:55:22 - [MESSAGE][PASSED] - Text 'manual' is set on object 'Object Repository/VLink/Page_CCSale/txt_POSEntryMode'

2024-05-18 15:55:23 - [MESSAGE][PASSED] - Text 'iahmed@govolution.com' is set on object 'Object Repository/VLink/Page_CCSale/txt_Email'

2024-05-18 15:55:23 - [MESSAGE][PASSED] - Text '2569362' is set on object 'Object Repository/VLink/Page_CCSale/txt_OrderNumber'

2024-05-18 15:55:24 - [MESSAGE][PASSED] - Text '1.15' is set on object 'Object Repository/VLink/Page_CCSale/txt_TaxAmount'

2024-05-18 15:55:25 - [MESSAGE][PASSED] - Text 'Charge Description' is set on object 'Object Repository/VLink/Page_CCSale/txt_ChargeDescription'

2024-05-18 15:55:25 - [MESSAGE][PASSED] - Text '147357' is set on object 'Object Repository/VLink/Page_CCSale/txt_CAN'

2024-05-18 15:55:26 - [MESSAGE][PASSED] - Text '1' is set on object 'Object Repository/VLink/Page_CCSale/txt_BillPaymentIndicator'

2024-05-18 15:55:27 - [MESSAGE][PASSED] - Text 'UDF Data 1' is set on object 'Object Repository/VLink/Page_CCSale/txt_UDF1'

2024-05-18 15:55:27 - [MESSAGE][PASSED] - Text 'UDF Data 2' is set on object 'Object Repository/VLink/Page_CCSale/txt_UDF2'

2024-05-18 15:55:28 - [MESSAGE][PASSED] - Text 'UDF Data 3' is set on object 'Object Repository/VLink/Page_CCSale/txt_UDF3'

2024-05-18 15:55:29 - [MESSAGE][PASSED] - Text 'UDF Data 4' is set on object 'Object Repository/VLink/Page_CCSale/txt_UDF4'

2024-05-18 15:55:30 - [MESSAGE][PASSED] - Text 'UDF Data 5' is set on object 'Object Repository/VLink/Page_CCSale/txt_UDF5'

2024-05-18 15:55:30 - [MESSAGE][PASSED] - Text 'UDF Data 6' is set on object 'Object Repository/VLink/Page_CCSale/txt_UDF6'

2024-05-18 15:55:31 - [MESSAGE][PASSED] - Text 'UDF Data 7' is set on object 'Object Repository/VLink/Page_CCSale/txt_UDF7'

2024-05-18 15:55:32 - [MESSAGE][PASSED] - Text 'UDF Data 8' is set on object 'Object Repository/VLink/Page_CCSale/txt_UDF8'

2024-05-18 15:55:32 - [MESSAGE][PASSED] - Text 'UDF Data 9' is set on object 'Object Repository/VLink/Page_CCSale/txt_UDF9'

2024-05-18 15:55:33 - [MESSAGE][PASSED] - Text 'UDF Data 10' is set on object 'Object Repository/VLink/Page_CCSale/txt_UDF10'

2024-05-18 15:55:35 - [MESSAGE][PASSED] - Object: 'Object Repository/VLink/Page_CCSale/btn_ProcessVLinkTransaction' is clicked on

2024-05-18 15:55:40 - [MESSAGE][PASSED] - vlinkPages.saleCCPage.setDataSCC is PASSED

2024-05-18 15:55:40 - [TEST_STEP][PASSED] - if (verifyTextPresent("Transaction approved, no errors", true)): null

2024-05-18 15:55:40 - [MESSAGE][PASSED] - Text 'Transaction approved, no errors' is present on page  using regular expression

2024-05-18 15:55:40 - [TEST_STEP][PASSED] - println("Transaction Approved, no errors text is present on the Confirmation page"): null

2024-05-18 15:55:40 - [TEST_STEP][PASSED] - out.println("Pass Record Number: " + row): null

2024-05-18 15:55:40 - [TEST_STEP][PASSED] - resText = "Pass": null

2024-05-18 15:55:40 - [TEST_STEP][PASSED] - pages.WriteExcel.demoKey(resText, datText, resColumn, datCloumn, fileLoc, nameSheet, row): pages.WriteExcel.demoKey is PASSED

2024-05-18 15:55:40 - [MESSAGE][PASSED] - pages.WriteExcel.demoKey is PASSED

2024-05-18 15:55:40 - [TEST_STEP][PASSED] - sdfo = getText(findTestObject("Object Repository/Page_VLinkReceipt/pre_STX")): Text of object 'Object Repository/Page_VLinkReceipt/pre_STX' is: '<STX>SB0YBHUv606m                  12153230            0  Transaction approved, no errors                   0                                                                                  X OK6887   <ETX>'

2024-05-18 15:55:40 - [MESSAGE][PASSED] - Text of object 'Object Repository/Page_VLinkReceipt/pre_STX' is: '<STX>SB0YBHUv606m                  12153230            0  Transaction approved, no errors                   0                                                                                  X OK6887   <ETX>'

2024-05-18 15:55:40 - [TEST_STEP][PASSED] - out.println("sdfo: " + sdfo): null

2024-05-18 15:55:40 - [TEST_STEP][PASSED] - remID = substring(5, 35).trim(): null

2024-05-18 15:55:40 - [TEST_STEP][PASSED] - out.println("Remittance ID: " + remID): null

2024-05-18 15:55:40 - [TEST_STEP][PASSED] - traxID = substring(35, 55).trim(): null

2024-05-18 15:55:40 - [TEST_STEP][PASSED] - out.println("Transaction ID: " + traxID): null

2024-05-18 15:55:40 - [TEST_STEP][PASSED] - out.println("End Record Number: " + row): null

2024-05-18 15:55:40 - [TEST_STEP][PASSED] - closeBrowser(): Browser is closed

2024-05-18 15:55:42 - [MESSAGE][PASSED] - Browser is closed

2024-05-18 15:55:42 - [TEST_STEP][PASSED] - ExecuteTC = findTestData(dataFile).getValue("Execute", row): null

2024-05-18 15:55:42 - [TEST_STEP][PASSED] - out.println("Value of Execute is : " + ExecuteTC): null

2024-05-18 15:55:42 - [TEST_STEP][PASSED] - if (ExecuteTC.equalsIgnoreCase("Y")): Browser is closed

2024-05-18 15:55:42 - [TEST_STEP][PASSED] - out.println("Begin Record Number: " + row): null

2024-05-18 15:55:42 - [TEST_STEP][PASSED] - today = new java.util.Date(): null

2024-05-18 15:55:42 - [TEST_STEP][PASSED] - println(today): null

2024-05-18 15:55:42 - [TEST_STEP][PASSED] - datText = today: null

2024-05-18 15:55:42 - [TEST_STEP][PASSED] - openBrowser(VLinkURL + "authcap.html"): Browser is opened with url: 'https://dev-algorithm.govolution.com/vlinktest/QA2/version_2_0/authcap.html'

2024-05-18 15:55:42 - [MESSAGE][INFO] - Starting 'Chrome' driver

2024-05-18 15:55:42 - [MESSAGE][INFO] - User set preference: ['acceptInsecureCerts', 'true']

2024-05-18 15:55:42 - [MESSAGE][INFO] - Action delay is set to 0 milliseconds

2024-05-18 15:55:44 - [MESSAGE][PASSED] - Browser is opened with url: 'https://dev-algorithm.govolution.com/vlinktest/QA2/version_2_0/authcap.html'

2024-05-18 15:55:44 - [TEST_STEP][PASSED] - maximizeWindow(): Current window maximized

2024-05-18 15:55:44 - [MESSAGE][PASSED] - Current window maximized

2024-05-18 15:55:44 - [TEST_STEP][PASSED] - vlinkPages.saleCCPage.setDataSCC(row, dataFile): vlinkPages.saleCCPage.setDataSCC is PASSED

2024-05-18 15:55:47 - [MESSAGE][PASSED] - Object 'Object Repository/VLink/Page_CCSale/txt_CardNumber' is present

2024-05-18 15:55:48 - [MESSAGE][PASSED] - Text '104' is set on object 'Object Repository/VLink/Page_CCSale/txt_TransactionType'

2024-05-18 15:55:49 - [MESSAGE][PASSED] - Text '2.0C' is set on object 'Object Repository/VLink/Page_CCSale/txt_MessageVersion'

2024-05-18 15:55:49 - [MESSAGE][PASSED] - Text 'jFgQFqenEYnR' is set on object 'Object Repository/VLink/Page_CCSale/txt_RemID'

2024-05-18 15:55:50 - [MESSAGE][PASSED] - Text '672' is set on object 'Object Repository/VLink/Page_CCSale/txt_ApplicationId'

2024-05-18 15:55:51 - [MESSAGE][PASSED] - Text 'username' is set on object 'Object Repository/VLink/Page_CCSale/txt_Username'

2024-05-18 15:55:51 - [MESSAGE][PASSED] - Text 'password' is set on object 'Object Repository/VLink/Page_CCSale/txt_Password'

2024-05-18 15:55:52 - [MESSAGE][PASSED] - Text 'fixed_width' is set on object 'Object Repository/VLink/Page_CCSale/txt_ResponseFormat'

2024-05-18 15:55:53 - [MESSAGE][PASSED] - Text 'RETL' is set on object 'Object Repository/VLink/Page_CCSale/txt_Category'

2024-05-18 15:55:53 - [MESSAGE][PASSED] - Text '' is set on object 'Object Repository/VLink/Page_CCSale/txt_TransactionID'

2024-05-18 15:55:54 - [MESSAGE][PASSED] - Text '' is set on object 'Object Repository/VLink/Page_CCSale/txt_ApprovalCode'

2024-05-18 15:55:55 - [MESSAGE][PASSED] - Text 'Arvind Silva' is set on object 'Object Repository/VLink/Page_CCSale/txt_CardName'

2024-05-18 15:55:55 - [MESSAGE][PASSED] - Text '111 Main Ave' is set on object 'Object Repository/VLink/Page_CCSale/txt_AL1'

2024-05-18 15:55:56 - [MESSAGE][PASSED] - Text '' is set on object 'Object Repository/VLink/Page_CCSale/txt_AL2'

2024-05-18 15:55:57 - [MESSAGE][PASSED] - Text 'Arlington' is set on object 'Object Repository/VLink/Page_CCSale/txt_CardCity'

2024-05-18 15:55:57 - [MESSAGE][PASSED] - Text 'VA' is set on object 'Object Repository/VLink/Page_CCSale/txt_CardState'

2024-05-18 15:55:58 - [MESSAGE][PASSED] - Text '22201' is set on object 'Object Repository/VLink/Page_CCSale/txt_CardZIP'

2024-05-18 15:55:59 - [MESSAGE][PASSED] - Text '' is set on object 'Object Repository/VLink/Page_CCSale/txt_CountryID'

2024-05-18 15:56:00 - [MESSAGE][PASSED] - Text '2.50' is set on object 'Object Repository/VLink/Page_CCSale/txt_Amount'

2024-05-18 15:56:00 - [MESSAGE][PASSED] - Text '5424000000000015' is set on object 'Object Repository/VLink/Page_CCSale/txt_CardNumber'

2024-05-18 15:56:01 - [MESSAGE][PASSED] - Text '01' is set on object 'Object Repository/VLink/Page_CCSale/txt_ExpMonth'

2024-05-18 15:56:02 - [MESSAGE][PASSED] - Text '2026' is set on object 'Object Repository/VLink/Page_CCSale/txt_ExpYear'

2024-05-18 15:56:02 - [MESSAGE][PASSED] - Text '' is set on object 'Object Repository/VLink/Page_CCSale/txt_CVV'

2024-05-18 15:56:03 - [MESSAGE][PASSED] - Text '' is set on object 'Object Repository/VLink/Page_CCSale/txt_CVVstate'

2024-05-18 15:56:04 - [MESSAGE][PASSED] - Text '' is set on object 'Object Repository/VLink/Page_CCSale/txt_TrackData'

2024-05-18 15:56:04 - [MESSAGE][PASSED] - Text '' is set on object 'Object Repository/VLink/Page_CCSale/txt_Track1Data'

2024-05-18 15:56:05 - [MESSAGE][PASSED] - Text '' is set on object 'Object Repository/VLink/Page_CCSale/txt_Track2Data'

2024-05-18 15:56:06 - [MESSAGE][PASSED] - Text 'manual' is set on object 'Object Repository/VLink/Page_CCSale/txt_POSEntryMode'

2024-05-18 15:56:06 - [MESSAGE][PASSED] - Text '' is set on object 'Object Repository/VLink/Page_CCSale/txt_Email'

2024-05-18 15:56:07 - [MESSAGE][PASSED] - Text '' is set on object 'Object Repository/VLink/Page_CCSale/txt_OrderNumber'

2024-05-18 15:56:08 - [MESSAGE][PASSED] - Text '' is set on object 'Object Repository/VLink/Page_CCSale/txt_TaxAmount'

2024-05-18 15:56:09 - [MESSAGE][PASSED] - Text '' is set on object 'Object Repository/VLink/Page_CCSale/txt_ChargeDescription'

2024-05-18 15:56:09 - [MESSAGE][PASSED] - Text '' is set on object 'Object Repository/VLink/Page_CCSale/txt_CAN'

2024-05-18 15:56:10 - [MESSAGE][PASSED] - Text '' is set on object 'Object Repository/VLink/Page_CCSale/txt_BillPaymentIndicator'

2024-05-18 15:56:11 - [MESSAGE][PASSED] - Text '' is set on object 'Object Repository/VLink/Page_CCSale/txt_UDF1'

2024-05-18 15:56:11 - [MESSAGE][PASSED] - Text '' is set on object 'Object Repository/VLink/Page_CCSale/txt_UDF2'

2024-05-18 15:56:12 - [MESSAGE][PASSED] - Text '' is set on object 'Object Repository/VLink/Page_CCSale/txt_UDF3'

2024-05-18 15:56:13 - [MESSAGE][PASSED] - Text '' is set on object 'Object Repository/VLink/Page_CCSale/txt_UDF4'

2024-05-18 15:56:13 - [MESSAGE][PASSED] - Text '' is set on object 'Object Repository/VLink/Page_CCSale/txt_UDF5'

2024-05-18 15:56:14 - [MESSAGE][PASSED] - Text '' is set on object 'Object Repository/VLink/Page_CCSale/txt_UDF6'

2024-05-18 15:56:15 - [MESSAGE][PASSED] - Text '' is set on object 'Object Repository/VLink/Page_CCSale/txt_UDF7'

2024-05-18 15:56:15 - [MESSAGE][PASSED] - Text '' is set on object 'Object Repository/VLink/Page_CCSale/txt_UDF8'

2024-05-18 15:56:16 - [MESSAGE][PASSED] - Text '' is set on object 'Object Repository/VLink/Page_CCSale/txt_UDF9'

2024-05-18 15:56:17 - [MESSAGE][PASSED] - Text '' is set on object 'Object Repository/VLink/Page_CCSale/txt_UDF10'

2024-05-18 15:56:19 - [MESSAGE][PASSED] - Object: 'Object Repository/VLink/Page_CCSale/btn_ProcessVLinkTransaction' is clicked on

2024-05-18 15:56:24 - [MESSAGE][PASSED] - vlinkPages.saleCCPage.setDataSCC is PASSED

2024-05-18 15:56:24 - [TEST_STEP][PASSED] - if (verifyTextPresent("Transaction approved, no errors", true)): null

2024-05-18 15:56:25 - [MESSAGE][PASSED] - Text 'Transaction approved, no errors' is present on page  using regular expression

2024-05-18 15:56:25 - [TEST_STEP][PASSED] - println("Transaction Approved, no errors text is present on the Confirmation page"): null

2024-05-18 15:56:25 - [TEST_STEP][PASSED] - out.println("Pass Record Number: " + row): null

2024-05-18 15:56:25 - [TEST_STEP][PASSED] - resText = "Pass": null

2024-05-18 15:56:25 - [TEST_STEP][PASSED] - pages.WriteExcel.demoKey(resText, datText, resColumn, datCloumn, fileLoc, nameSheet, row): pages.WriteExcel.demoKey is PASSED

2024-05-18 15:56:25 - [MESSAGE][PASSED] - pages.WriteExcel.demoKey is PASSED

2024-05-18 15:56:25 - [TEST_STEP][PASSED] - sdfo = getText(findTestObject("Object Repository/Page_VLinkReceipt/pre_STX")): Text of object 'Object Repository/Page_VLinkReceipt/pre_STX' is: '<STX>jFgQFqenEYnR                  12153231            0  Transaction approved, no errors                   0                                                                                  X OK7841   <ETX>'

2024-05-18 15:56:25 - [MESSAGE][PASSED] - Text of object 'Object Repository/Page_VLinkReceipt/pre_STX' is: '<STX>jFgQFqenEYnR                  12153231            0  Transaction approved, no errors                   0                                                                                  X OK7841   <ETX>'

2024-05-18 15:56:25 - [TEST_STEP][PASSED] - out.println("sdfo: " + sdfo): null

2024-05-18 15:56:25 - [TEST_STEP][PASSED] - remID = substring(5, 35).trim(): null

2024-05-18 15:56:25 - [TEST_STEP][PASSED] - out.println("Remittance ID: " + remID): null

2024-05-18 15:56:25 - [TEST_STEP][PASSED] - traxID = substring(35, 55).trim(): null

2024-05-18 15:56:25 - [TEST_STEP][PASSED] - out.println("Transaction ID: " + traxID): null

2024-05-18 15:56:25 - [TEST_STEP][PASSED] - out.println("End Record Number: " + row): null

2024-05-18 15:56:25 - [TEST_STEP][PASSED] - closeBrowser(): Browser is closed

2024-05-18 15:56:26 - [MESSAGE][PASSED] - Browser is closed

2024-05-18 15:56:26 - [TEST_STEP][PASSED] - ExecuteTC = findTestData(dataFile).getValue("Execute", row): null

2024-05-18 15:56:26 - [TEST_STEP][PASSED] - out.println("Value of Execute is : " + ExecuteTC): null

2024-05-18 15:56:26 - [TEST_STEP][PASSED] - if (ExecuteTC.equalsIgnoreCase("Y")): Browser is closed

2024-05-18 15:56:26 - [TEST_STEP][PASSED] - out.println("Begin Record Number: " + row): null

2024-05-18 15:56:26 - [TEST_STEP][PASSED] - today = new java.util.Date(): null

2024-05-18 15:56:26 - [TEST_STEP][PASSED] - println(today): null

2024-05-18 15:56:26 - [TEST_STEP][PASSED] - datText = today: null

2024-05-18 15:56:26 - [TEST_STEP][PASSED] - openBrowser(VLinkURL + "authcap.html"): Browser is opened with url: 'https://dev-algorithm.govolution.com/vlinktest/QA2/version_2_0/authcap.html'

2024-05-18 15:56:26 - [MESSAGE][INFO] - Starting 'Chrome' driver

2024-05-18 15:56:26 - [MESSAGE][INFO] - User set preference: ['acceptInsecureCerts', 'true']

2024-05-18 15:56:26 - [MESSAGE][INFO] - Action delay is set to 0 milliseconds

2024-05-18 15:56:28 - [MESSAGE][PASSED] - Browser is opened with url: 'https://dev-algorithm.govolution.com/vlinktest/QA2/version_2_0/authcap.html'

2024-05-18 15:56:28 - [TEST_STEP][PASSED] - maximizeWindow(): Current window maximized

2024-05-18 15:56:29 - [MESSAGE][PASSED] - Current window maximized

2024-05-18 15:56:29 - [TEST_STEP][PASSED] - vlinkPages.saleCCPage.setDataSCC(row, dataFile): vlinkPages.saleCCPage.setDataSCC is PASSED

2024-05-18 15:56:32 - [MESSAGE][PASSED] - Object 'Object Repository/VLink/Page_CCSale/txt_CardNumber' is present

2024-05-18 15:56:32 - [MESSAGE][PASSED] - Text '104' is set on object 'Object Repository/VLink/Page_CCSale/txt_TransactionType'

2024-05-18 15:56:33 - [MESSAGE][PASSED] - Text '2.0C' is set on object 'Object Repository/VLink/Page_CCSale/txt_MessageVersion'

2024-05-18 15:56:34 - [MESSAGE][PASSED] - Text '3UeHzl21LrFh' is set on object 'Object Repository/VLink/Page_CCSale/txt_RemID'

2024-05-18 15:56:34 - [MESSAGE][PASSED] - Text '677' is set on object 'Object Repository/VLink/Page_CCSale/txt_ApplicationId'

2024-05-18 15:56:35 - [MESSAGE][PASSED] - Text 'username' is set on object 'Object Repository/VLink/Page_CCSale/txt_Username'

2024-05-18 15:56:36 - [MESSAGE][PASSED] - Text 'password' is set on object 'Object Repository/VLink/Page_CCSale/txt_Password'

2024-05-18 15:56:36 - [MESSAGE][PASSED] - Text 'fixed_width' is set on object 'Object Repository/VLink/Page_CCSale/txt_ResponseFormat'

2024-05-18 15:56:37 - [MESSAGE][PASSED] - Text 'RETL' is set on object 'Object Repository/VLink/Page_CCSale/txt_Category'

2024-05-18 15:56:38 - [MESSAGE][PASSED] - Text '' is set on object 'Object Repository/VLink/Page_CCSale/txt_TransactionID'

2024-05-18 15:56:38 - [MESSAGE][PASSED] - Text '' is set on object 'Object Repository/VLink/Page_CCSale/txt_ApprovalCode'

2024-05-18 15:56:39 - [MESSAGE][PASSED] - Text 'Roshan Maha' is set on object 'Object Repository/VLink/Page_CCSale/txt_CardName'

2024-05-18 15:56:40 - [MESSAGE][PASSED] - Text '12563 Bazaar road' is set on object 'Object Repository/VLink/Page_CCSale/txt_AL1'

2024-05-18 15:56:40 - [MESSAGE][PASSED] - Text '' is set on object 'Object Repository/VLink/Page_CCSale/txt_AL2'

2024-05-18 15:56:41 - [MESSAGE][PASSED] - Text 'Crofton' is set on object 'Object Repository/VLink/Page_CCSale/txt_CardCity'

2024-05-18 15:56:42 - [MESSAGE][PASSED] - Text 'MD' is set on object 'Object Repository/VLink/Page_CCSale/txt_CardState'

2024-05-18 15:56:43 - [MESSAGE][PASSED] - Text '21114' is set on object 'Object Repository/VLink/Page_CCSale/txt_CardZIP'

2024-05-18 15:56:43 - [MESSAGE][PASSED] - Text '' is set on object 'Object Repository/VLink/Page_CCSale/txt_CountryID'

2024-05-18 15:56:44 - [MESSAGE][PASSED] - Text '3.50' is set on object 'Object Repository/VLink/Page_CCSale/txt_Amount'

2024-05-18 15:56:45 - [MESSAGE][PASSED] - Text '5424000000000015' is set on object 'Object Repository/VLink/Page_CCSale/txt_CardNumber'

2024-05-18 15:56:45 - [MESSAGE][PASSED] - Text '01' is set on object 'Object Repository/VLink/Page_CCSale/txt_ExpMonth'

2024-05-18 15:56:46 - [MESSAGE][PASSED] - Text '2026' is set on object 'Object Repository/VLink/Page_CCSale/txt_ExpYear'

2024-05-18 15:56:47 - [MESSAGE][PASSED] - Text '' is set on object 'Object Repository/VLink/Page_CCSale/txt_CVV'

2024-05-18 15:56:47 - [MESSAGE][PASSED] - Text '' is set on object 'Object Repository/VLink/Page_CCSale/txt_CVVstate'

2024-05-18 15:56:48 - [MESSAGE][PASSED] - Text '' is set on object 'Object Repository/VLink/Page_CCSale/txt_TrackData'

2024-05-18 15:56:49 - [MESSAGE][PASSED] - Text '' is set on object 'Object Repository/VLink/Page_CCSale/txt_Track1Data'

2024-05-18 15:56:50 - [MESSAGE][PASSED] - Text '' is set on object 'Object Repository/VLink/Page_CCSale/txt_Track2Data'

2024-05-18 15:56:50 - [MESSAGE][PASSED] - Text 'manual' is set on object 'Object Repository/VLink/Page_CCSale/txt_POSEntryMode'

2024-05-18 15:56:51 - [MESSAGE][PASSED] - Text '' is set on object 'Object Repository/VLink/Page_CCSale/txt_Email'

2024-05-18 15:56:52 - [MESSAGE][PASSED] - Text '' is set on object 'Object Repository/VLink/Page_CCSale/txt_OrderNumber'

2024-05-18 15:56:52 - [MESSAGE][PASSED] - Text '' is set on object 'Object Repository/VLink/Page_CCSale/txt_TaxAmount'

2024-05-18 15:56:53 - [MESSAGE][PASSED] - Text '' is set on object 'Object Repository/VLink/Page_CCSale/txt_ChargeDescription'

2024-05-18 15:56:54 - [MESSAGE][PASSED] - Text '' is set on object 'Object Repository/VLink/Page_CCSale/txt_CAN'

2024-05-18 15:56:54 - [MESSAGE][PASSED] - Text '' is set on object 'Object Repository/VLink/Page_CCSale/txt_BillPaymentIndicator'

2024-05-18 15:56:55 - [MESSAGE][PASSED] - Text '' is set on object 'Object Repository/VLink/Page_CCSale/txt_UDF1'

2024-05-18 15:56:56 - [MESSAGE][PASSED] - Text '' is set on object 'Object Repository/VLink/Page_CCSale/txt_UDF2'

2024-05-18 15:56:56 - [MESSAGE][PASSED] - Text '' is set on object 'Object Repository/VLink/Page_CCSale/txt_UDF3'

2024-05-18 15:56:57 - [MESSAGE][PASSED] - Text '' is set on object 'Object Repository/VLink/Page_CCSale/txt_UDF4'

2024-05-18 15:56:58 - [MESSAGE][PASSED] - Text '' is set on object 'Object Repository/VLink/Page_CCSale/txt_UDF5'

2024-05-18 15:56:58 - [MESSAGE][PASSED] - Text '' is set on object 'Object Repository/VLink/Page_CCSale/txt_UDF6'

2024-05-18 15:56:59 - [MESSAGE][PASSED] - Text '' is set on object 'Object Repository/VLink/Page_CCSale/txt_UDF7'

2024-05-18 15:57:00 - [MESSAGE][PASSED] - Text '' is set on object 'Object Repository/VLink/Page_CCSale/txt_UDF8'

2024-05-18 15:57:00 - [MESSAGE][PASSED] - Text '' is set on object 'Object Repository/VLink/Page_CCSale/txt_UDF9'

2024-05-18 15:57:01 - [MESSAGE][PASSED] - Text '' is set on object 'Object Repository/VLink/Page_CCSale/txt_UDF10'

2024-05-18 15:57:03 - [MESSAGE][PASSED] - Object: 'Object Repository/VLink/Page_CCSale/btn_ProcessVLinkTransaction' is clicked on

2024-05-18 15:57:08 - [MESSAGE][PASSED] - vlinkPages.saleCCPage.setDataSCC is PASSED

2024-05-18 15:57:08 - [TEST_STEP][PASSED] - if (verifyTextPresent("Transaction approved, no errors", true)): null

2024-05-18 15:57:09 - [MESSAGE][PASSED] - Text 'Transaction approved, no errors' is present on page  using regular expression

2024-05-18 15:57:09 - [TEST_STEP][PASSED] - println("Transaction Approved, no errors text is present on the Confirmation page"): null

2024-05-18 15:57:09 - [TEST_STEP][PASSED] - out.println("Pass Record Number: " + row): null

2024-05-18 15:57:09 - [TEST_STEP][PASSED] - resText = "Pass": null

2024-05-18 15:57:09 - [TEST_STEP][PASSED] - pages.WriteExcel.demoKey(resText, datText, resColumn, datCloumn, fileLoc, nameSheet, row): pages.WriteExcel.demoKey is PASSED

2024-05-18 15:57:09 - [MESSAGE][PASSED] - pages.WriteExcel.demoKey is PASSED

2024-05-18 15:57:09 - [TEST_STEP][PASSED] - sdfo = getText(findTestObject("Object Repository/Page_VLinkReceipt/pre_STX")): Text of object 'Object Repository/Page_VLinkReceipt/pre_STX' is: '<STX>3UeHzl21LrFh                  12153232            0  Transaction approved, no errors                   0                                                                                  X OK6917   <ETX>'

2024-05-18 15:57:09 - [MESSAGE][PASSED] - Text of object 'Object Repository/Page_VLinkReceipt/pre_STX' is: '<STX>3UeHzl21LrFh                  12153232            0  Transaction approved, no errors                   0                                                                                  X OK6917   <ETX>'

2024-05-18 15:57:09 - [TEST_STEP][PASSED] - out.println("sdfo: " + sdfo): null

2024-05-18 15:57:09 - [TEST_STEP][PASSED] - remID = substring(5, 35).trim(): null

2024-05-18 15:57:09 - [TEST_STEP][PASSED] - out.println("Remittance ID: " + remID): null

2024-05-18 15:57:09 - [TEST_STEP][PASSED] - traxID = substring(35, 55).trim(): null

2024-05-18 15:57:09 - [TEST_STEP][PASSED] - out.println("Transaction ID: " + traxID): null

2024-05-18 15:57:09 - [TEST_STEP][PASSED] - out.println("End Record Number: " + row): null

2024-05-18 15:57:09 - [TEST_STEP][PASSED] - closeBrowser(): Browser is closed

2024-05-18 15:57:10 - [MESSAGE][PASSED] - Browser is closed

2024-05-18 15:57:10 - [TEST_STEP][PASSED] - ExecuteTC = findTestData(dataFile).getValue("Execute", row): null

2024-05-18 15:57:10 - [TEST_STEP][PASSED] - out.println("Value of Execute is : " + ExecuteTC): null

2024-05-18 15:57:10 - [TEST_STEP][PASSED] - if (ExecuteTC.equalsIgnoreCase("Y")): Browser is closed

2024-05-18 15:57:10 - [TEST_STEP][PASSED] - out.println("Begin Record Number: " + row): null

2024-05-18 15:57:10 - [TEST_STEP][PASSED] - today = new java.util.Date(): null

2024-05-18 15:57:10 - [TEST_STEP][PASSED] - println(today): null

2024-05-18 15:57:10 - [TEST_STEP][PASSED] - datText = today: null

2024-05-18 15:57:10 - [TEST_STEP][PASSED] - openBrowser(VLinkURL + "authcap.html"): Browser is opened with url: 'https://dev-algorithm.govolution.com/vlinktest/QA2/version_2_0/authcap.html'

2024-05-18 15:57:10 - [MESSAGE][INFO] - Starting 'Chrome' driver

2024-05-18 15:57:10 - [MESSAGE][INFO] - User set preference: ['acceptInsecureCerts', 'true']

2024-05-18 15:57:10 - [MESSAGE][INFO] - Action delay is set to 0 milliseconds

2024-05-18 15:57:12 - [MESSAGE][PASSED] - Browser is opened with url: 'https://dev-algorithm.govolution.com/vlinktest/QA2/version_2_0/authcap.html'

2024-05-18 15:57:12 - [TEST_STEP][PASSED] - maximizeWindow(): Current window maximized

2024-05-18 15:57:12 - [MESSAGE][PASSED] - Current window maximized

2024-05-18 15:57:12 - [TEST_STEP][PASSED] - vlinkPages.saleCCPage.setDataSCC(row, dataFile): vlinkPages.saleCCPage.setDataSCC is PASSED

2024-05-18 15:57:15 - [MESSAGE][PASSED] - Object 'Object Repository/VLink/Page_CCSale/txt_CardNumber' is present

2024-05-18 15:57:16 - [MESSAGE][PASSED] - Text '104' is set on object 'Object Repository/VLink/Page_CCSale/txt_TransactionType'

2024-05-18 15:57:17 - [MESSAGE][PASSED] - Text '2.0C' is set on object 'Object Repository/VLink/Page_CCSale/txt_MessageVersion'

2024-05-18 15:57:17 - [MESSAGE][PASSED] - Text '2CnDnw7gQ6RS' is set on object 'Object Repository/VLink/Page_CCSale/txt_RemID'

2024-05-18 15:57:18 - [MESSAGE][PASSED] - Text '665' is set on object 'Object Repository/VLink/Page_CCSale/txt_ApplicationId'

2024-05-18 15:57:19 - [MESSAGE][PASSED] - Text 'username' is set on object 'Object Repository/VLink/Page_CCSale/txt_Username'

2024-05-18 15:57:19 - [MESSAGE][PASSED] - Text 'password' is set on object 'Object Repository/VLink/Page_CCSale/txt_Password'

2024-05-18 15:57:20 - [MESSAGE][PASSED] - Text 'fixed_width' is set on object 'Object Repository/VLink/Page_CCSale/txt_ResponseFormat'

2024-05-18 15:57:21 - [MESSAGE][PASSED] - Text 'RETL' is set on object 'Object Repository/VLink/Page_CCSale/txt_Category'

2024-05-18 15:57:21 - [MESSAGE][PASSED] - Text '' is set on object 'Object Repository/VLink/Page_CCSale/txt_TransactionID'

2024-05-18 15:57:22 - [MESSAGE][PASSED] - Text '' is set on object 'Object Repository/VLink/Page_CCSale/txt_ApprovalCode'

2024-05-18 15:57:23 - [MESSAGE][PASSED] - Text 'Kris Roshan' is set on object 'Object Repository/VLink/Page_CCSale/txt_CardName'

2024-05-18 15:57:24 - [MESSAGE][PASSED] - Text '258 Elm Road' is set on object 'Object Repository/VLink/Page_CCSale/txt_AL1'

2024-05-18 15:57:24 - [MESSAGE][PASSED] - Text 'Suite 56' is set on object 'Object Repository/VLink/Page_CCSale/txt_AL2'

2024-05-18 15:57:25 - [MESSAGE][PASSED] - Text 'Arlington' is set on object 'Object Repository/VLink/Page_CCSale/txt_CardCity'

2024-05-18 15:57:26 - [MESSAGE][PASSED] - Text 'VA' is set on object 'Object Repository/VLink/Page_CCSale/txt_CardState'

2024-05-18 15:57:26 - [MESSAGE][PASSED] - Text '22201' is set on object 'Object Repository/VLink/Page_CCSale/txt_CardZIP'

2024-05-18 15:57:27 - [MESSAGE][PASSED] - Text '840' is set on object 'Object Repository/VLink/Page_CCSale/txt_CountryID'

2024-05-18 15:57:28 - [MESSAGE][PASSED] - Text '1.50' is set on object 'Object Repository/VLink/Page_CCSale/txt_Amount'

2024-05-18 15:57:29 - [MESSAGE][PASSED] - Text '370000000000002' is set on object 'Object Repository/VLink/Page_CCSale/txt_CardNumber'

2024-05-18 15:57:29 - [MESSAGE][PASSED] - Text '12' is set on object 'Object Repository/VLink/Page_CCSale/txt_ExpMonth'

2024-05-18 15:57:30 - [MESSAGE][PASSED] - Text '2025' is set on object 'Object Repository/VLink/Page_CCSale/txt_ExpYear'

2024-05-18 15:57:31 - [MESSAGE][PASSED] - Text '' is set on object 'Object Repository/VLink/Page_CCSale/txt_CVV'

2024-05-18 15:57:31 - [MESSAGE][PASSED] - Text '' is set on object 'Object Repository/VLink/Page_CCSale/txt_CVVstate'

2024-05-18 15:57:32 - [MESSAGE][PASSED] - Text '' is set on object 'Object Repository/VLink/Page_CCSale/txt_TrackData'

2024-05-18 15:57:33 - [MESSAGE][PASSED] - Text '' is set on object 'Object Repository/VLink/Page_CCSale/txt_Track1Data'

2024-05-18 15:57:33 - [MESSAGE][PASSED] - Text '' is set on object 'Object Repository/VLink/Page_CCSale/txt_Track2Data'

2024-05-18 15:57:34 - [MESSAGE][PASSED] - Text 'manual' is set on object 'Object Repository/VLink/Page_CCSale/txt_POSEntryMode'

2024-05-18 15:57:35 - [MESSAGE][PASSED] - Text 'iahmed@govolution.com' is set on object 'Object Repository/VLink/Page_CCSale/txt_Email'

2024-05-18 15:57:35 - [MESSAGE][PASSED] - Text '2569362' is set on object 'Object Repository/VLink/Page_CCSale/txt_OrderNumber'

2024-05-18 15:57:36 - [MESSAGE][PASSED] - Text '1.15' is set on object 'Object Repository/VLink/Page_CCSale/txt_TaxAmount'

2024-05-18 15:57:37 - [MESSAGE][PASSED] - Text 'Charge Description' is set on object 'Object Repository/VLink/Page_CCSale/txt_ChargeDescription'

2024-05-18 15:57:38 - [MESSAGE][PASSED] - Text '147357' is set on object 'Object Repository/VLink/Page_CCSale/txt_CAN'

2024-05-18 15:57:38 - [MESSAGE][PASSED] - Text '1' is set on object 'Object Repository/VLink/Page_CCSale/txt_BillPaymentIndicator'

2024-05-18 15:57:39 - [MESSAGE][PASSED] - Text 'UDF Data 1' is set on object 'Object Repository/VLink/Page_CCSale/txt_UDF1'

2024-05-18 15:57:40 - [MESSAGE][PASSED] - Text 'UDF Data 2' is set on object 'Object Repository/VLink/Page_CCSale/txt_UDF2'

2024-05-18 15:57:40 - [MESSAGE][PASSED] - Text 'UDF Data 3' is set on object 'Object Repository/VLink/Page_CCSale/txt_UDF3'

2024-05-18 15:57:41 - [MESSAGE][PASSED] - Text 'UDF Data 4' is set on object 'Object Repository/VLink/Page_CCSale/txt_UDF4'

2024-05-18 15:57:42 - [MESSAGE][PASSED] - Text 'UDF Data 5' is set on object 'Object Repository/VLink/Page_CCSale/txt_UDF5'

2024-05-18 15:57:42 - [MESSAGE][PASSED] - Text 'UDF Data 6' is set on object 'Object Repository/VLink/Page_CCSale/txt_UDF6'

2024-05-18 15:57:43 - [MESSAGE][PASSED] - Text 'UDF Data 7' is set on object 'Object Repository/VLink/Page_CCSale/txt_UDF7'

2024-05-18 15:57:44 - [MESSAGE][PASSED] - Text 'UDF Data 8' is set on object 'Object Repository/VLink/Page_CCSale/txt_UDF8'

2024-05-18 15:57:45 - [MESSAGE][PASSED] - Text 'UDF Data 9' is set on object 'Object Repository/VLink/Page_CCSale/txt_UDF9'

2024-05-18 15:57:45 - [MESSAGE][PASSED] - Text 'UDF Data 10' is set on object 'Object Repository/VLink/Page_CCSale/txt_UDF10'

2024-05-18 15:57:48 - [MESSAGE][PASSED] - Object: 'Object Repository/VLink/Page_CCSale/btn_ProcessVLinkTransaction' is clicked on

2024-05-18 15:57:53 - [MESSAGE][PASSED] - vlinkPages.saleCCPage.setDataSCC is PASSED

2024-05-18 15:57:53 - [TEST_STEP][PASSED] - if (verifyTextPresent("Transaction approved, no errors", true)): null

2024-05-18 15:57:53 - [MESSAGE][PASSED] - Text 'Transaction approved, no errors' is present on page  using regular expression

2024-05-18 15:57:53 - [TEST_STEP][PASSED] - println("Transaction Approved, no errors text is present on the Confirmation page"): null

2024-05-18 15:57:53 - [TEST_STEP][PASSED] - out.println("Pass Record Number: " + row): null

2024-05-18 15:57:53 - [TEST_STEP][PASSED] - resText = "Pass": null

2024-05-18 15:57:53 - [TEST_STEP][PASSED] - pages.WriteExcel.demoKey(resText, datText, resColumn, datCloumn, fileLoc, nameSheet, row): pages.WriteExcel.demoKey is PASSED

2024-05-18 15:57:54 - [MESSAGE][PASSED] - pages.WriteExcel.demoKey is PASSED

2024-05-18 15:57:54 - [TEST_STEP][PASSED] - sdfo = getText(findTestObject("Object Repository/Page_VLinkReceipt/pre_STX")): Text of object 'Object Repository/Page_VLinkReceipt/pre_STX' is: '<STX>2CnDnw7gQ6RS                  12153234            0  Transaction approved, no errors                   0                                                                                  X OK7961   <ETX>'

2024-05-18 15:57:54 - [MESSAGE][PASSED] - Text of object 'Object Repository/Page_VLinkReceipt/pre_STX' is: '<STX>2CnDnw7gQ6RS                  12153234            0  Transaction approved, no errors                   0                                                                                  X OK7961   <ETX>'

2024-05-18 15:57:54 - [TEST_STEP][PASSED] - out.println("sdfo: " + sdfo): null

2024-05-18 15:57:54 - [TEST_STEP][PASSED] - remID = substring(5, 35).trim(): null

2024-05-18 15:57:54 - [TEST_STEP][PASSED] - out.println("Remittance ID: " + remID): null

2024-05-18 15:57:54 - [TEST_STEP][PASSED] - traxID = substring(35, 55).trim(): null

2024-05-18 15:57:54 - [TEST_STEP][PASSED] - out.println("Transaction ID: " + traxID): null

2024-05-18 15:57:54 - [TEST_STEP][PASSED] - out.println("End Record Number: " + row): null

2024-05-18 15:57:54 - [TEST_STEP][PASSED] - closeBrowser(): Browser is closed

2024-05-18 15:57:55 - [MESSAGE][PASSED] - Browser is closed

2024-05-18 15:57:55 - [TEST_STEP][PASSED] - ExecuteTC = findTestData(dataFile).getValue("Execute", row): null

2024-05-18 15:57:55 - [TEST_STEP][PASSED] - out.println("Value of Execute is : " + ExecuteTC): null

2024-05-18 15:57:55 - [TEST_STEP][PASSED] - if (ExecuteTC.equalsIgnoreCase("Y")): Browser is closed

2024-05-18 15:57:55 - [TEST_STEP][PASSED] - out.println("Begin Record Number: " + row): null

2024-05-18 15:57:55 - [TEST_STEP][PASSED] - today = new java.util.Date(): null

2024-05-18 15:57:55 - [TEST_STEP][PASSED] - println(today): null

2024-05-18 15:57:55 - [TEST_STEP][PASSED] - datText = today: null

2024-05-18 15:57:55 - [TEST_STEP][PASSED] - openBrowser(VLinkURL + "authcap.html"): Browser is opened with url: 'https://dev-algorithm.govolution.com/vlinktest/QA2/version_2_0/authcap.html'

2024-05-18 15:57:55 - [MESSAGE][INFO] - Starting 'Chrome' driver

2024-05-18 15:57:55 - [MESSAGE][INFO] - User set preference: ['acceptInsecureCerts', 'true']

2024-05-18 15:57:55 - [MESSAGE][INFO] - Action delay is set to 0 milliseconds

2024-05-18 15:57:57 - [MESSAGE][PASSED] - Browser is opened with url: 'https://dev-algorithm.govolution.com/vlinktest/QA2/version_2_0/authcap.html'

2024-05-18 15:57:57 - [TEST_STEP][PASSED] - maximizeWindow(): Current window maximized

2024-05-18 15:57:58 - [MESSAGE][PASSED] - Current window maximized

2024-05-18 15:57:58 - [TEST_STEP][PASSED] - vlinkPages.saleCCPage.setDataSCC(row, dataFile): vlinkPages.saleCCPage.setDataSCC is PASSED

2024-05-18 15:58:01 - [MESSAGE][PASSED] - Object 'Object Repository/VLink/Page_CCSale/txt_CardNumber' is present

2024-05-18 15:58:02 - [MESSAGE][PASSED] - Text '104' is set on object 'Object Repository/VLink/Page_CCSale/txt_TransactionType'

2024-05-18 15:58:02 - [MESSAGE][PASSED] - Text '2.0C' is set on object 'Object Repository/VLink/Page_CCSale/txt_MessageVersion'

2024-05-18 15:58:03 - [MESSAGE][PASSED] - Text '9uNOIGCO7Dte' is set on object 'Object Repository/VLink/Page_CCSale/txt_RemID'

2024-05-18 15:58:04 - [MESSAGE][PASSED] - Text '672' is set on object 'Object Repository/VLink/Page_CCSale/txt_ApplicationId'

2024-05-18 15:58:04 - [MESSAGE][PASSED] - Text 'username' is set on object 'Object Repository/VLink/Page_CCSale/txt_Username'

2024-05-18 15:58:05 - [MESSAGE][PASSED] - Text 'password' is set on object 'Object Repository/VLink/Page_CCSale/txt_Password'

2024-05-18 15:58:06 - [MESSAGE][PASSED] - Text 'fixed_width' is set on object 'Object Repository/VLink/Page_CCSale/txt_ResponseFormat'

2024-05-18 15:58:06 - [MESSAGE][PASSED] - Text 'RETL' is set on object 'Object Repository/VLink/Page_CCSale/txt_Category'

2024-05-18 15:58:07 - [MESSAGE][PASSED] - Text '' is set on object 'Object Repository/VLink/Page_CCSale/txt_TransactionID'

2024-05-18 15:58:08 - [MESSAGE][PASSED] - Text '' is set on object 'Object Repository/VLink/Page_CCSale/txt_ApprovalCode'

2024-05-18 15:58:09 - [MESSAGE][PASSED] - Text 'Arvind Silva' is set on object 'Object Repository/VLink/Page_CCSale/txt_CardName'

2024-05-18 15:58:09 - [MESSAGE][PASSED] - Text '111 Main Ave' is set on object 'Object Repository/VLink/Page_CCSale/txt_AL1'

2024-05-18 15:58:10 - [MESSAGE][PASSED] - Text '' is set on object 'Object Repository/VLink/Page_CCSale/txt_AL2'

2024-05-18 15:58:11 - [MESSAGE][PASSED] - Text 'Arlington' is set on object 'Object Repository/VLink/Page_CCSale/txt_CardCity'

2024-05-18 15:58:11 - [MESSAGE][PASSED] - Text 'VA' is set on object 'Object Repository/VLink/Page_CCSale/txt_CardState'

2024-05-18 15:58:12 - [MESSAGE][PASSED] - Text '22201' is set on object 'Object Repository/VLink/Page_CCSale/txt_CardZIP'

2024-05-18 15:58:13 - [MESSAGE][PASSED] - Text '' is set on object 'Object Repository/VLink/Page_CCSale/txt_CountryID'

2024-05-18 15:58:14 - [MESSAGE][PASSED] - Text '2.50' is set on object 'Object Repository/VLink/Page_CCSale/txt_Amount'

2024-05-18 15:58:14 - [MESSAGE][PASSED] - Text '370000000000002' is set on object 'Object Repository/VLink/Page_CCSale/txt_CardNumber'

2024-05-18 15:58:15 - [MESSAGE][PASSED] - Text '01' is set on object 'Object Repository/VLink/Page_CCSale/txt_ExpMonth'

2024-05-18 15:58:16 - [MESSAGE][PASSED] - Text '2026' is set on object 'Object Repository/VLink/Page_CCSale/txt_ExpYear'

2024-05-18 15:58:16 - [MESSAGE][PASSED] - Text '' is set on object 'Object Repository/VLink/Page_CCSale/txt_CVV'

2024-05-18 15:58:17 - [MESSAGE][PASSED] - Text '' is set on object 'Object Repository/VLink/Page_CCSale/txt_CVVstate'

2024-05-18 15:58:18 - [MESSAGE][PASSED] - Text '' is set on object 'Object Repository/VLink/Page_CCSale/txt_TrackData'

2024-05-18 15:58:18 - [MESSAGE][PASSED] - Text '' is set on object 'Object Repository/VLink/Page_CCSale/txt_Track1Data'

2024-05-18 15:58:19 - [MESSAGE][PASSED] - Text '' is set on object 'Object Repository/VLink/Page_CCSale/txt_Track2Data'

2024-05-18 15:58:20 - [MESSAGE][PASSED] - Text 'manual' is set on object 'Object Repository/VLink/Page_CCSale/txt_POSEntryMode'

2024-05-18 15:58:21 - [MESSAGE][PASSED] - Text '' is set on object 'Object Repository/VLink/Page_CCSale/txt_Email'

2024-05-18 15:58:21 - [MESSAGE][PASSED] - Text '' is set on object 'Object Repository/VLink/Page_CCSale/txt_OrderNumber'

2024-05-18 15:58:22 - [MESSAGE][PASSED] - Text '' is set on object 'Object Repository/VLink/Page_CCSale/txt_TaxAmount'

2024-05-18 15:58:23 - [MESSAGE][PASSED] - Text '' is set on object 'Object Repository/VLink/Page_CCSale/txt_ChargeDescription'

2024-05-18 15:58:23 - [MESSAGE][PASSED] - Text '' is set on object 'Object Repository/VLink/Page_CCSale/txt_CAN'

2024-05-18 15:58:24 - [MESSAGE][PASSED] - Text '' is set on object 'Object Repository/VLink/Page_CCSale/txt_BillPaymentIndicator'

2024-05-18 15:58:25 - [MESSAGE][PASSED] - Text '' is set on object 'Object Repository/VLink/Page_CCSale/txt_UDF1'

2024-05-18 15:58:25 - [MESSAGE][PASSED] - Text '' is set on object 'Object Repository/VLink/Page_CCSale/txt_UDF2'

2024-05-18 15:58:26 - [MESSAGE][PASSED] - Text '' is set on object 'Object Repository/VLink/Page_CCSale/txt_UDF3'

2024-05-18 15:58:27 - [MESSAGE][PASSED] - Text '' is set on object 'Object Repository/VLink/Page_CCSale/txt_UDF4'

2024-05-18 15:58:27 - [MESSAGE][PASSED] - Text '' is set on object 'Object Repository/VLink/Page_CCSale/txt_UDF5'

2024-05-18 15:58:28 - [MESSAGE][PASSED] - Text '' is set on object 'Object Repository/VLink/Page_CCSale/txt_UDF6'

2024-05-18 15:58:29 - [MESSAGE][PASSED] - Text '' is set on object 'Object Repository/VLink/Page_CCSale/txt_UDF7'

2024-05-18 15:58:30 - [MESSAGE][PASSED] - Text '' is set on object 'Object Repository/VLink/Page_CCSale/txt_UDF8'

2024-05-18 15:58:30 - [MESSAGE][PASSED] - Text '' is set on object 'Object Repository/VLink/Page_CCSale/txt_UDF9'

2024-05-18 15:58:31 - [MESSAGE][PASSED] - Text '' is set on object 'Object Repository/VLink/Page_CCSale/txt_UDF10'

2024-05-18 15:58:32 - [MESSAGE][PASSED] - Object: 'Object Repository/VLink/Page_CCSale/btn_ProcessVLinkTransaction' is clicked on

2024-05-18 15:58:37 - [MESSAGE][PASSED] - vlinkPages.saleCCPage.setDataSCC is PASSED

2024-05-18 15:58:37 - [TEST_STEP][PASSED] - if (verifyTextPresent("Transaction approved, no errors", true)): null

2024-05-18 15:58:37 - [MESSAGE][PASSED] - Text 'Transaction approved, no errors' is present on page  using regular expression

2024-05-18 15:58:37 - [TEST_STEP][PASSED] - println("Transaction Approved, no errors text is present on the Confirmation page"): null

2024-05-18 15:58:37 - [TEST_STEP][PASSED] - out.println("Pass Record Number: " + row): null

2024-05-18 15:58:37 - [TEST_STEP][PASSED] - resText = "Pass": null

2024-05-18 15:58:37 - [TEST_STEP][PASSED] - pages.WriteExcel.demoKey(resText, datText, resColumn, datCloumn, fileLoc, nameSheet, row): pages.WriteExcel.demoKey is PASSED

2024-05-18 15:58:38 - [MESSAGE][PASSED] - pages.WriteExcel.demoKey is PASSED

2024-05-18 15:58:38 - [TEST_STEP][PASSED] - sdfo = getText(findTestObject("Object Repository/Page_VLinkReceipt/pre_STX")): Text of object 'Object Repository/Page_VLinkReceipt/pre_STX' is: '<STX>9uNOIGCO7Dte                  12153235            0  Transaction approved, no errors                   0                                                                                  X OK6947   <ETX>'

2024-05-18 15:58:38 - [MESSAGE][PASSED] - Text of object 'Object Repository/Page_VLinkReceipt/pre_STX' is: '<STX>9uNOIGCO7Dte                  12153235            0  Transaction approved, no errors                   0                                                                                  X OK6947   <ETX>'

2024-05-18 15:58:38 - [TEST_STEP][PASSED] - out.println("sdfo: " + sdfo): null

2024-05-18 15:58:38 - [TEST_STEP][PASSED] - remID = substring(5, 35).trim(): null

2024-05-18 15:58:38 - [TEST_STEP][PASSED] - out.println("Remittance ID: " + remID): null

2024-05-18 15:58:38 - [TEST_STEP][PASSED] - traxID = substring(35, 55).trim(): null

2024-05-18 15:58:38 - [TEST_STEP][PASSED] - out.println("Transaction ID: " + traxID): null

2024-05-18 15:58:38 - [TEST_STEP][PASSED] - out.println("End Record Number: " + row): null

2024-05-18 15:58:38 - [TEST_STEP][PASSED] - closeBrowser(): Browser is closed

2024-05-18 15:58:39 - [MESSAGE][PASSED] - Browser is closed

2024-05-18 15:58:39 - [TEST_STEP][PASSED] - ExecuteTC = findTestData(dataFile).getValue("Execute", row): null

2024-05-18 15:58:39 - [TEST_STEP][PASSED] - out.println("Value of Execute is : " + ExecuteTC): null

2024-05-18 15:58:39 - [TEST_STEP][PASSED] - if (ExecuteTC.equalsIgnoreCase("Y")): Browser is closed

2024-05-18 15:58:39 - [TEST_STEP][PASSED] - out.println("Begin Record Number: " + row): null

2024-05-18 15:58:39 - [TEST_STEP][PASSED] - today = new java.util.Date(): null

2024-05-18 15:58:39 - [TEST_STEP][PASSED] - println(today): null

2024-05-18 15:58:39 - [TEST_STEP][PASSED] - datText = today: null

2024-05-18 15:58:39 - [TEST_STEP][PASSED] - openBrowser(VLinkURL + "authcap.html"): Browser is opened with url: 'https://dev-algorithm.govolution.com/vlinktest/QA2/version_2_0/authcap.html'

2024-05-18 15:58:39 - [MESSAGE][INFO] - Starting 'Chrome' driver

2024-05-18 15:58:39 - [MESSAGE][INFO] - User set preference: ['acceptInsecureCerts', 'true']

2024-05-18 15:58:39 - [MESSAGE][INFO] - Action delay is set to 0 milliseconds

2024-05-18 15:58:41 - [MESSAGE][PASSED] - Browser is opened with url: 'https://dev-algorithm.govolution.com/vlinktest/QA2/version_2_0/authcap.html'

2024-05-18 15:58:41 - [TEST_STEP][PASSED] - maximizeWindow(): Current window maximized

2024-05-18 15:58:42 - [MESSAGE][PASSED] - Current window maximized

2024-05-18 15:58:42 - [TEST_STEP][PASSED] - vlinkPages.saleCCPage.setDataSCC(row, dataFile): vlinkPages.saleCCPage.setDataSCC is PASSED

2024-05-18 15:58:45 - [MESSAGE][PASSED] - Object 'Object Repository/VLink/Page_CCSale/txt_CardNumber' is present

2024-05-18 15:58:45 - [MESSAGE][PASSED] - Text '104' is set on object 'Object Repository/VLink/Page_CCSale/txt_TransactionType'

2024-05-18 15:58:46 - [MESSAGE][PASSED] - Text '2.0C' is set on object 'Object Repository/VLink/Page_CCSale/txt_MessageVersion'

2024-05-18 15:58:47 - [MESSAGE][PASSED] - Text 'tzRvfWDmZu6Y' is set on object 'Object Repository/VLink/Page_CCSale/txt_RemID'

2024-05-18 15:58:47 - [MESSAGE][PASSED] - Text '677' is set on object 'Object Repository/VLink/Page_CCSale/txt_ApplicationId'

2024-05-18 15:58:48 - [MESSAGE][PASSED] - Text 'username' is set on object 'Object Repository/VLink/Page_CCSale/txt_Username'

2024-05-18 15:58:49 - [MESSAGE][PASSED] - Text 'password' is set on object 'Object Repository/VLink/Page_CCSale/txt_Password'

2024-05-18 15:58:50 - [MESSAGE][PASSED] - Text 'fixed_width' is set on object 'Object Repository/VLink/Page_CCSale/txt_ResponseFormat'

2024-05-18 15:58:50 - [MESSAGE][PASSED] - Text 'RETL' is set on object 'Object Repository/VLink/Page_CCSale/txt_Category'

2024-05-18 15:58:51 - [MESSAGE][PASSED] - Text '' is set on object 'Object Repository/VLink/Page_CCSale/txt_TransactionID'

2024-05-18 15:58:51 - [MESSAGE][PASSED] - Text '' is set on object 'Object Repository/VLink/Page_CCSale/txt_ApprovalCode'

2024-05-18 15:58:52 - [MESSAGE][PASSED] - Text 'Roshan Maha' is set on object 'Object Repository/VLink/Page_CCSale/txt_CardName'

2024-05-18 15:58:53 - [MESSAGE][PASSED] - Text '12563 Bazaar road' is set on object 'Object Repository/VLink/Page_CCSale/txt_AL1'

2024-05-18 15:58:54 - [MESSAGE][PASSED] - Text '' is set on object 'Object Repository/VLink/Page_CCSale/txt_AL2'

2024-05-18 15:58:54 - [MESSAGE][PASSED] - Text 'Crofton' is set on object 'Object Repository/VLink/Page_CCSale/txt_CardCity'

2024-05-18 15:58:55 - [MESSAGE][PASSED] - Text 'MD' is set on object 'Object Repository/VLink/Page_CCSale/txt_CardState'

2024-05-18 15:58:56 - [MESSAGE][PASSED] - Text '21114' is set on object 'Object Repository/VLink/Page_CCSale/txt_CardZIP'

2024-05-18 15:58:56 - [MESSAGE][PASSED] - Text '' is set on object 'Object Repository/VLink/Page_CCSale/txt_CountryID'

2024-05-18 15:58:57 - [MESSAGE][PASSED] - Text '3.50' is set on object 'Object Repository/VLink/Page_CCSale/txt_Amount'

2024-05-18 15:58:58 - [MESSAGE][PASSED] - Text '370000000000002' is set on object 'Object Repository/VLink/Page_CCSale/txt_CardNumber'

2024-05-18 15:58:58 - [MESSAGE][PASSED] - Text '01' is set on object 'Object Repository/VLink/Page_CCSale/txt_ExpMonth'

2024-05-18 15:58:59 - [MESSAGE][PASSED] - Text '2026' is set on object 'Object Repository/VLink/Page_CCSale/txt_ExpYear'

2024-05-18 15:59:00 - [MESSAGE][PASSED] - Text '' is set on object 'Object Repository/VLink/Page_CCSale/txt_CVV'

2024-05-18 15:59:00 - [MESSAGE][PASSED] - Text '' is set on object 'Object Repository/VLink/Page_CCSale/txt_CVVstate'

2024-05-18 15:59:01 - [MESSAGE][PASSED] - Text '' is set on object 'Object Repository/VLink/Page_CCSale/txt_TrackData'

2024-05-18 15:59:02 - [MESSAGE][PASSED] - Text '' is set on object 'Object Repository/VLink/Page_CCSale/txt_Track1Data'

2024-05-18 15:59:03 - [MESSAGE][PASSED] - Text '' is set on object 'Object Repository/VLink/Page_CCSale/txt_Track2Data'

2024-05-18 15:59:03 - [MESSAGE][PASSED] - Text 'manual' is set on object 'Object Repository/VLink/Page_CCSale/txt_POSEntryMode'

2024-05-18 15:59:04 - [MESSAGE][PASSED] - Text '' is set on object 'Object Repository/VLink/Page_CCSale/txt_Email'

2024-05-18 15:59:05 - [MESSAGE][PASSED] - Text '' is set on object 'Object Repository/VLink/Page_CCSale/txt_OrderNumber'

2024-05-18 15:59:05 - [MESSAGE][PASSED] - Text '' is set on object 'Object Repository/VLink/Page_CCSale/txt_TaxAmount'

2024-05-18 15:59:06 - [MESSAGE][PASSED] - Text '' is set on object 'Object Repository/VLink/Page_CCSale/txt_ChargeDescription'

2024-05-18 15:59:07 - [MESSAGE][PASSED] - Text '' is set on object 'Object Repository/VLink/Page_CCSale/txt_CAN'

2024-05-18 15:59:07 - [MESSAGE][PASSED] - Text '' is set on object 'Object Repository/VLink/Page_CCSale/txt_BillPaymentIndicator'

2024-05-18 15:59:08 - [MESSAGE][PASSED] - Text '' is set on object 'Object Repository/VLink/Page_CCSale/txt_UDF1'

2024-05-18 15:59:09 - [MESSAGE][PASSED] - Text '' is set on object 'Object Repository/VLink/Page_CCSale/txt_UDF2'

2024-05-18 15:59:09 - [MESSAGE][PASSED] - Text '' is set on object 'Object Repository/VLink/Page_CCSale/txt_UDF3'

2024-05-18 15:59:10 - [MESSAGE][PASSED] - Text '' is set on object 'Object Repository/VLink/Page_CCSale/txt_UDF4'

2024-05-18 15:59:11 - [MESSAGE][PASSED] - Text '' is set on object 'Object Repository/VLink/Page_CCSale/txt_UDF5'

2024-05-18 15:59:11 - [MESSAGE][PASSED] - Text '' is set on object 'Object Repository/VLink/Page_CCSale/txt_UDF6'

2024-05-18 15:59:12 - [MESSAGE][PASSED] - Text '' is set on object 'Object Repository/VLink/Page_CCSale/txt_UDF7'

2024-05-18 15:59:13 - [MESSAGE][PASSED] - Text '' is set on object 'Object Repository/VLink/Page_CCSale/txt_UDF8'

2024-05-18 15:59:14 - [MESSAGE][PASSED] - Text '' is set on object 'Object Repository/VLink/Page_CCSale/txt_UDF9'

2024-05-18 15:59:14 - [MESSAGE][PASSED] - Text '' is set on object 'Object Repository/VLink/Page_CCSale/txt_UDF10'

2024-05-18 15:59:17 - [MESSAGE][PASSED] - Object: 'Object Repository/VLink/Page_CCSale/btn_ProcessVLinkTransaction' is clicked on

2024-05-18 15:59:22 - [MESSAGE][PASSED] - vlinkPages.saleCCPage.setDataSCC is PASSED

2024-05-18 15:59:22 - [TEST_STEP][PASSED] - if (verifyTextPresent("Transaction approved, no errors", true)): null

2024-05-18 15:59:23 - [MESSAGE][PASSED] - Text 'Transaction approved, no errors' is present on page  using regular expression

2024-05-18 15:59:23 - [TEST_STEP][PASSED] - println("Transaction Approved, no errors text is present on the Confirmation page"): null

2024-05-18 15:59:23 - [TEST_STEP][PASSED] - out.println("Pass Record Number: " + row): null

2024-05-18 15:59:23 - [TEST_STEP][PASSED] - resText = "Pass": null

2024-05-18 15:59:23 - [TEST_STEP][PASSED] - pages.WriteExcel.demoKey(resText, datText, resColumn, datCloumn, fileLoc, nameSheet, row): pages.WriteExcel.demoKey is PASSED

2024-05-18 15:59:23 - [MESSAGE][PASSED] - pages.WriteExcel.demoKey is PASSED

2024-05-18 15:59:23 - [TEST_STEP][PASSED] - sdfo = getText(findTestObject("Object Repository/Page_VLinkReceipt/pre_STX")): Text of object 'Object Repository/Page_VLinkReceipt/pre_STX' is: '<STX>tzRvfWDmZu6Y                  12153236            0  Transaction approved, no errors                   0                                                                                  X OK8171   <ETX>'

2024-05-18 15:59:23 - [MESSAGE][PASSED] - Text of object 'Object Repository/Page_VLinkReceipt/pre_STX' is: '<STX>tzRvfWDmZu6Y                  12153236            0  Transaction approved, no errors                   0                                                                                  X OK8171   <ETX>'

2024-05-18 15:59:23 - [TEST_STEP][PASSED] - out.println("sdfo: " + sdfo): null

2024-05-18 15:59:23 - [TEST_STEP][PASSED] - remID = substring(5, 35).trim(): null

2024-05-18 15:59:23 - [TEST_STEP][PASSED] - out.println("Remittance ID: " + remID): null

2024-05-18 15:59:23 - [TEST_STEP][PASSED] - traxID = substring(35, 55).trim(): null

2024-05-18 15:59:23 - [TEST_STEP][PASSED] - out.println("Transaction ID: " + traxID): null

2024-05-18 15:59:23 - [TEST_STEP][PASSED] - out.println("End Record Number: " + row): null

2024-05-18 15:59:23 - [TEST_STEP][PASSED] - closeBrowser(): Browser is closed

2024-05-18 15:59:24 - [MESSAGE][PASSED] - Browser is closed

2024-05-18 15:59:24 - [TEST_STEP][PASSED] - ExecuteTC = findTestData(dataFile).getValue("Execute", row): null

2024-05-18 15:59:24 - [TEST_STEP][PASSED] - out.println("Value of Execute is : " + ExecuteTC): null

2024-05-18 15:59:24 - [TEST_STEP][PASSED] - if (ExecuteTC.equalsIgnoreCase("Y")): Browser is closed

2024-05-18 15:59:24 - [TEST_STEP][PASSED] - out.println("Begin Record Number: " + row): null

2024-05-18 15:59:24 - [TEST_STEP][PASSED] - today = new java.util.Date(): null

2024-05-18 15:59:24 - [TEST_STEP][PASSED] - println(today): null

2024-05-18 15:59:24 - [TEST_STEP][PASSED] - datText = today: null

2024-05-18 15:59:24 - [TEST_STEP][PASSED] - openBrowser(VLinkURL + "authcap.html"): Browser is opened with url: 'https://dev-algorithm.govolution.com/vlinktest/QA2/version_2_0/authcap.html'

2024-05-18 15:59:24 - [MESSAGE][INFO] - Starting 'Chrome' driver

2024-05-18 15:59:24 - [MESSAGE][INFO] - User set preference: ['acceptInsecureCerts', 'true']

2024-05-18 15:59:24 - [MESSAGE][INFO] - Action delay is set to 0 milliseconds

2024-05-18 15:59:26 - [MESSAGE][PASSED] - Browser is opened with url: 'https://dev-algorithm.govolution.com/vlinktest/QA2/version_2_0/authcap.html'

2024-05-18 15:59:26 - [TEST_STEP][PASSED] - maximizeWindow(): Current window maximized

2024-05-18 15:59:27 - [MESSAGE][PASSED] - Current window maximized

2024-05-18 15:59:27 - [TEST_STEP][PASSED] - vlinkPages.saleCCPage.setDataSCC(row, dataFile): vlinkPages.saleCCPage.setDataSCC is PASSED

2024-05-18 15:59:30 - [MESSAGE][PASSED] - Object 'Object Repository/VLink/Page_CCSale/txt_CardNumber' is present

2024-05-18 15:59:30 - [MESSAGE][PASSED] - Text '104' is set on object 'Object Repository/VLink/Page_CCSale/txt_TransactionType'

2024-05-18 15:59:31 - [MESSAGE][PASSED] - Text '2.0C' is set on object 'Object Repository/VLink/Page_CCSale/txt_MessageVersion'

2024-05-18 15:59:32 - [MESSAGE][PASSED] - Text 'B9ERhHmeoxrk' is set on object 'Object Repository/VLink/Page_CCSale/txt_RemID'

2024-05-18 15:59:32 - [MESSAGE][PASSED] - Text '665' is set on object 'Object Repository/VLink/Page_CCSale/txt_ApplicationId'

2024-05-18 15:59:33 - [MESSAGE][PASSED] - Text 'username' is set on object 'Object Repository/VLink/Page_CCSale/txt_Username'

2024-05-18 15:59:34 - [MESSAGE][PASSED] - Text 'password' is set on object 'Object Repository/VLink/Page_CCSale/txt_Password'

2024-05-18 15:59:35 - [MESSAGE][PASSED] - Text 'fixed_width' is set on object 'Object Repository/VLink/Page_CCSale/txt_ResponseFormat'

2024-05-18 15:59:35 - [MESSAGE][PASSED] - Text 'RETL' is set on object 'Object Repository/VLink/Page_CCSale/txt_Category'

2024-05-18 15:59:36 - [MESSAGE][PASSED] - Text '' is set on object 'Object Repository/VLink/Page_CCSale/txt_TransactionID'

2024-05-18 15:59:37 - [MESSAGE][PASSED] - Text '' is set on object 'Object Repository/VLink/Page_CCSale/txt_ApprovalCode'

2024-05-18 15:59:37 - [MESSAGE][PASSED] - Text 'Kris Roshan' is set on object 'Object Repository/VLink/Page_CCSale/txt_CardName'

2024-05-18 15:59:38 - [MESSAGE][PASSED] - Text '258 Elm Road' is set on object 'Object Repository/VLink/Page_CCSale/txt_AL1'

2024-05-18 15:59:39 - [MESSAGE][PASSED] - Text 'Suite 56' is set on object 'Object Repository/VLink/Page_CCSale/txt_AL2'

2024-05-18 15:59:40 - [MESSAGE][PASSED] - Text 'Arlington' is set on object 'Object Repository/VLink/Page_CCSale/txt_CardCity'

2024-05-18 15:59:40 - [MESSAGE][PASSED] - Text 'VA' is set on object 'Object Repository/VLink/Page_CCSale/txt_CardState'

2024-05-18 15:59:41 - [MESSAGE][PASSED] - Text '22201' is set on object 'Object Repository/VLink/Page_CCSale/txt_CardZIP'

2024-05-18 15:59:42 - [MESSAGE][PASSED] - Text '840' is set on object 'Object Repository/VLink/Page_CCSale/txt_CountryID'

2024-05-18 15:59:42 - [MESSAGE][PASSED] - Text '1.50' is set on object 'Object Repository/VLink/Page_CCSale/txt_Amount'

2024-05-18 15:59:43 - [MESSAGE][PASSED] - Text '6011000000000004' is set on object 'Object Repository/VLink/Page_CCSale/txt_CardNumber'

2024-05-18 15:59:44 - [MESSAGE][PASSED] - Text '12' is set on object 'Object Repository/VLink/Page_CCSale/txt_ExpMonth'

2024-05-18 15:59:44 - [MESSAGE][PASSED] - Text '2025' is set on object 'Object Repository/VLink/Page_CCSale/txt_ExpYear'

2024-05-18 15:59:45 - [MESSAGE][PASSED] - Text '' is set on object 'Object Repository/VLink/Page_CCSale/txt_CVV'

2024-05-18 15:59:46 - [MESSAGE][PASSED] - Text '' is set on object 'Object Repository/VLink/Page_CCSale/txt_CVVstate'

2024-05-18 15:59:47 - [MESSAGE][PASSED] - Text '' is set on object 'Object Repository/VLink/Page_CCSale/txt_TrackData'

2024-05-18 15:59:47 - [MESSAGE][PASSED] - Text '' is set on object 'Object Repository/VLink/Page_CCSale/txt_Track1Data'

2024-05-18 15:59:48 - [MESSAGE][PASSED] - Text '' is set on object 'Object Repository/VLink/Page_CCSale/txt_Track2Data'

2024-05-18 15:59:49 - [MESSAGE][PASSED] - Text 'manual' is set on object 'Object Repository/VLink/Page_CCSale/txt_POSEntryMode'

2024-05-18 15:59:49 - [MESSAGE][PASSED] - Text 'iahmed@govolution.com' is set on object 'Object Repository/VLink/Page_CCSale/txt_Email'

2024-05-18 15:59:50 - [MESSAGE][PASSED] - Text '2569362' is set on object 'Object Repository/VLink/Page_CCSale/txt_OrderNumber'

2024-05-18 15:59:51 - [MESSAGE][PASSED] - Text '1.15' is set on object 'Object Repository/VLink/Page_CCSale/txt_TaxAmount'

2024-05-18 15:59:51 - [MESSAGE][PASSED] - Text 'Charge Description' is set on object 'Object Repository/VLink/Page_CCSale/txt_ChargeDescription'

2024-05-18 15:59:52 - [MESSAGE][PASSED] - Text '147357' is set on object 'Object Repository/VLink/Page_CCSale/txt_CAN'

2024-05-18 15:59:53 - [MESSAGE][PASSED] - Text '1' is set on object 'Object Repository/VLink/Page_CCSale/txt_BillPaymentIndicator'

2024-05-18 15:59:53 - [MESSAGE][PASSED] - Text 'UDF Data 1' is set on object 'Object Repository/VLink/Page_CCSale/txt_UDF1'

2024-05-18 15:59:54 - [MESSAGE][PASSED] - Text 'UDF Data 2' is set on object 'Object Repository/VLink/Page_CCSale/txt_UDF2'

2024-05-18 15:59:55 - [MESSAGE][PASSED] - Text 'UDF Data 3' is set on object 'Object Repository/VLink/Page_CCSale/txt_UDF3'

2024-05-18 15:59:56 - [MESSAGE][PASSED] - Text 'UDF Data 4' is set on object 'Object Repository/VLink/Page_CCSale/txt_UDF4'

2024-05-18 15:59:56 - [MESSAGE][PASSED] - Text 'UDF Data 5' is set on object 'Object Repository/VLink/Page_CCSale/txt_UDF5'

2024-05-18 15:59:57 - [MESSAGE][PASSED] - Text 'UDF Data 6' is set on object 'Object Repository/VLink/Page_CCSale/txt_UDF6'

2024-05-18 15:59:58 - [MESSAGE][PASSED] - Text 'UDF Data 7' is set on object 'Object Repository/VLink/Page_CCSale/txt_UDF7'

2024-05-18 15:59:58 - [MESSAGE][PASSED] - Text 'UDF Data 8' is set on object 'Object Repository/VLink/Page_CCSale/txt_UDF8'

2024-05-18 15:59:59 - [MESSAGE][PASSED] - Text 'UDF Data 9' is set on object 'Object Repository/VLink/Page_CCSale/txt_UDF9'

2024-05-18 16:00:00 - [MESSAGE][PASSED] - Text 'UDF Data 10' is set on object 'Object Repository/VLink/Page_CCSale/txt_UDF10'

2024-05-18 16:00:01 - [MESSAGE][PASSED] - Object: 'Object Repository/VLink/Page_CCSale/btn_ProcessVLinkTransaction' is clicked on

2024-05-18 16:00:06 - [MESSAGE][PASSED] - vlinkPages.saleCCPage.setDataSCC is PASSED

2024-05-18 16:00:06 - [TEST_STEP][PASSED] - if (verifyTextPresent("Transaction approved, no errors", true)): null

2024-05-18 16:00:06 - [MESSAGE][PASSED] - Text 'Transaction approved, no errors' is present on page  using regular expression

2024-05-18 16:00:06 - [TEST_STEP][PASSED] - println("Transaction Approved, no errors text is present on the Confirmation page"): null

2024-05-18 16:00:06 - [TEST_STEP][PASSED] - out.println("Pass Record Number: " + row): null

2024-05-18 16:00:06 - [TEST_STEP][PASSED] - resText = "Pass": null

2024-05-18 16:00:06 - [TEST_STEP][PASSED] - pages.WriteExcel.demoKey(resText, datText, resColumn, datCloumn, fileLoc, nameSheet, row): pages.WriteExcel.demoKey is PASSED

2024-05-18 16:00:07 - [MESSAGE][PASSED] - pages.WriteExcel.demoKey is PASSED

2024-05-18 16:00:07 - [TEST_STEP][PASSED] - sdfo = getText(findTestObject("Object Repository/Page_VLinkReceipt/pre_STX")): Text of object 'Object Repository/Page_VLinkReceipt/pre_STX' is: '<STX>B9ERhHmeoxrk                  12153238            0  Transaction approved, no errors                   0                                                                                  X OK6967   <ETX>'

2024-05-18 16:00:07 - [MESSAGE][PASSED] - Text of object 'Object Repository/Page_VLinkReceipt/pre_STX' is: '<STX>B9ERhHmeoxrk                  12153238            0  Transaction approved, no errors                   0                                                                                  X OK6967   <ETX>'

2024-05-18 16:00:07 - [TEST_STEP][PASSED] - out.println("sdfo: " + sdfo): null

2024-05-18 16:00:07 - [TEST_STEP][PASSED] - remID = substring(5, 35).trim(): null

2024-05-18 16:00:07 - [TEST_STEP][PASSED] - out.println("Remittance ID: " + remID): null

2024-05-18 16:00:07 - [TEST_STEP][PASSED] - traxID = substring(35, 55).trim(): null

2024-05-18 16:00:07 - [TEST_STEP][PASSED] - out.println("Transaction ID: " + traxID): null

2024-05-18 16:00:07 - [TEST_STEP][PASSED] - out.println("End Record Number: " + row): null

2024-05-18 16:00:07 - [TEST_STEP][PASSED] - closeBrowser(): Browser is closed

2024-05-18 16:00:08 - [MESSAGE][PASSED] - Browser is closed

2024-05-18 16:00:08 - [TEST_STEP][PASSED] - ExecuteTC = findTestData(dataFile).getValue("Execute", row): null

2024-05-18 16:00:08 - [TEST_STEP][PASSED] - out.println("Value of Execute is : " + ExecuteTC): null

2024-05-18 16:00:08 - [TEST_STEP][PASSED] - if (ExecuteTC.equalsIgnoreCase("Y")): Browser is closed

2024-05-18 16:00:08 - [TEST_STEP][PASSED] - out.println("Begin Record Number: " + row): null

2024-05-18 16:00:08 - [TEST_STEP][PASSED] - today = new java.util.Date(): null

2024-05-18 16:00:08 - [TEST_STEP][PASSED] - println(today): null

2024-05-18 16:00:08 - [TEST_STEP][PASSED] - datText = today: null

2024-05-18 16:00:08 - [TEST_STEP][PASSED] - openBrowser(VLinkURL + "authcap.html"): Browser is opened with url: 'https://dev-algorithm.govolution.com/vlinktest/QA2/version_2_0/authcap.html'

2024-05-18 16:00:08 - [MESSAGE][INFO] - Starting 'Chrome' driver

2024-05-18 16:00:08 - [MESSAGE][INFO] - User set preference: ['acceptInsecureCerts', 'true']

2024-05-18 16:00:08 - [MESSAGE][INFO] - Action delay is set to 0 milliseconds

2024-05-18 16:00:10 - [MESSAGE][PASSED] - Browser is opened with url: 'https://dev-algorithm.govolution.com/vlinktest/QA2/version_2_0/authcap.html'

2024-05-18 16:00:10 - [TEST_STEP][PASSED] - maximizeWindow(): Current window maximized

2024-05-18 16:00:11 - [MESSAGE][PASSED] - Current window maximized

2024-05-18 16:00:11 - [TEST_STEP][PASSED] - vlinkPages.saleCCPage.setDataSCC(row, dataFile): vlinkPages.saleCCPage.setDataSCC is PASSED

2024-05-18 16:00:14 - [MESSAGE][PASSED] - Object 'Object Repository/VLink/Page_CCSale/txt_CardNumber' is present

2024-05-18 16:00:14 - [MESSAGE][PASSED] - Text '104' is set on object 'Object Repository/VLink/Page_CCSale/txt_TransactionType'

2024-05-18 16:00:15 - [MESSAGE][PASSED] - Text '2.0C' is set on object 'Object Repository/VLink/Page_CCSale/txt_MessageVersion'

2024-05-18 16:00:16 - [MESSAGE][PASSED] - Text 'i7sTJsMrhWhf' is set on object 'Object Repository/VLink/Page_CCSale/txt_RemID'

2024-05-18 16:00:16 - [MESSAGE][PASSED] - Text '672' is set on object 'Object Repository/VLink/Page_CCSale/txt_ApplicationId'

2024-05-18 16:00:17 - [MESSAGE][PASSED] - Text 'username' is set on object 'Object Repository/VLink/Page_CCSale/txt_Username'

2024-05-18 16:00:18 - [MESSAGE][PASSED] - Text 'password' is set on object 'Object Repository/VLink/Page_CCSale/txt_Password'

2024-05-18 16:00:18 - [MESSAGE][PASSED] - Text 'fixed_width' is set on object 'Object Repository/VLink/Page_CCSale/txt_ResponseFormat'

2024-05-18 16:00:19 - [MESSAGE][PASSED] - Text 'RETL' is set on object 'Object Repository/VLink/Page_CCSale/txt_Category'

2024-05-18 16:00:20 - [MESSAGE][PASSED] - Text '' is set on object 'Object Repository/VLink/Page_CCSale/txt_TransactionID'

2024-05-18 16:00:20 - [MESSAGE][PASSED] - Text '' is set on object 'Object Repository/VLink/Page_CCSale/txt_ApprovalCode'

2024-05-18 16:00:21 - [MESSAGE][PASSED] - Text 'Arvind Silva' is set on object 'Object Repository/VLink/Page_CCSale/txt_CardName'

2024-05-18 16:00:22 - [MESSAGE][PASSED] - Text '111 Main Ave' is set on object 'Object Repository/VLink/Page_CCSale/txt_AL1'

2024-05-18 16:00:23 - [MESSAGE][PASSED] - Text '' is set on object 'Object Repository/VLink/Page_CCSale/txt_AL2'

2024-05-18 16:00:23 - [MESSAGE][PASSED] - Text 'Arlington' is set on object 'Object Repository/VLink/Page_CCSale/txt_CardCity'

2024-05-18 16:00:24 - [MESSAGE][PASSED] - Text 'VA' is set on object 'Object Repository/VLink/Page_CCSale/txt_CardState'

2024-05-18 16:00:25 - [MESSAGE][PASSED] - Text '22201' is set on object 'Object Repository/VLink/Page_CCSale/txt_CardZIP'

2024-05-18 16:00:25 - [MESSAGE][PASSED] - Text '' is set on object 'Object Repository/VLink/Page_CCSale/txt_CountryID'

2024-05-18 16:00:26 - [MESSAGE][PASSED] - Text '2.50' is set on object 'Object Repository/VLink/Page_CCSale/txt_Amount'

2024-05-18 16:00:27 - [MESSAGE][PASSED] - Text '6011000000000004' is set on object 'Object Repository/VLink/Page_CCSale/txt_CardNumber'

2024-05-18 16:00:28 - [MESSAGE][PASSED] - Text '01' is set on object 'Object Repository/VLink/Page_CCSale/txt_ExpMonth'

2024-05-18 16:00:28 - [MESSAGE][PASSED] - Text '2026' is set on object 'Object Repository/VLink/Page_CCSale/txt_ExpYear'

2024-05-18 16:00:29 - [MESSAGE][PASSED] - Text '' is set on object 'Object Repository/VLink/Page_CCSale/txt_CVV'

2024-05-18 16:00:30 - [MESSAGE][PASSED] - Text '' is set on object 'Object Repository/VLink/Page_CCSale/txt_CVVstate'

2024-05-18 16:00:30 - [MESSAGE][PASSED] - Text '' is set on object 'Object Repository/VLink/Page_CCSale/txt_TrackData'

2024-05-18 16:00:31 - [MESSAGE][PASSED] - Text '' is set on object 'Object Repository/VLink/Page_CCSale/txt_Track1Data'

2024-05-18 16:00:32 - [MESSAGE][PASSED] - Text '' is set on object 'Object Repository/VLink/Page_CCSale/txt_Track2Data'

2024-05-18 16:00:32 - [MESSAGE][PASSED] - Text 'manual' is set on object 'Object Repository/VLink/Page_CCSale/txt_POSEntryMode'

2024-05-18 16:00:33 - [MESSAGE][PASSED] - Text '' is set on object 'Object Repository/VLink/Page_CCSale/txt_Email'

2024-05-18 16:00:34 - [MESSAGE][PASSED] - Text '' is set on object 'Object Repository/VLink/Page_CCSale/txt_OrderNumber'

2024-05-18 16:00:34 - [MESSAGE][PASSED] - Text '' is set on object 'Object Repository/VLink/Page_CCSale/txt_TaxAmount'

2024-05-18 16:00:35 - [MESSAGE][PASSED] - Text '' is set on object 'Object Repository/VLink/Page_CCSale/txt_ChargeDescription'

2024-05-18 16:00:36 - [MESSAGE][PASSED] - Text '' is set on object 'Object Repository/VLink/Page_CCSale/txt_CAN'

2024-05-18 16:00:37 - [MESSAGE][PASSED] - Text '' is set on object 'Object Repository/VLink/Page_CCSale/txt_BillPaymentIndicator'

2024-05-18 16:00:37 - [MESSAGE][PASSED] - Text '' is set on object 'Object Repository/VLink/Page_CCSale/txt_UDF1'

2024-05-18 16:00:38 - [MESSAGE][PASSED] - Text '' is set on object 'Object Repository/VLink/Page_CCSale/txt_UDF2'

2024-05-18 16:00:39 - [MESSAGE][PASSED] - Text '' is set on object 'Object Repository/VLink/Page_CCSale/txt_UDF3'

2024-05-18 16:00:39 - [MESSAGE][PASSED] - Text '' is set on object 'Object Repository/VLink/Page_CCSale/txt_UDF4'

2024-05-18 16:00:40 - [MESSAGE][PASSED] - Text '' is set on object 'Object Repository/VLink/Page_CCSale/txt_UDF5'

2024-05-18 16:00:41 - [MESSAGE][PASSED] - Text '' is set on object 'Object Repository/VLink/Page_CCSale/txt_UDF6'

2024-05-18 16:00:41 - [MESSAGE][PASSED] - Text '' is set on object 'Object Repository/VLink/Page_CCSale/txt_UDF7'

2024-05-18 16:00:42 - [MESSAGE][PASSED] - Text '' is set on object 'Object Repository/VLink/Page_CCSale/txt_UDF8'

2024-05-18 16:00:43 - [MESSAGE][PASSED] - Text '' is set on object 'Object Repository/VLink/Page_CCSale/txt_UDF9'

2024-05-18 16:00:44 - [MESSAGE][PASSED] - Text '' is set on object 'Object Repository/VLink/Page_CCSale/txt_UDF10'

2024-05-18 16:00:46 - [MESSAGE][PASSED] - Object: 'Object Repository/VLink/Page_CCSale/btn_ProcessVLinkTransaction' is clicked on

2024-05-18 16:00:51 - [MESSAGE][PASSED] - vlinkPages.saleCCPage.setDataSCC is PASSED

2024-05-18 16:00:51 - [TEST_STEP][PASSED] - if (verifyTextPresent("Transaction approved, no errors", true)): null

2024-05-18 16:00:51 - [MESSAGE][PASSED] - Text 'Transaction approved, no errors' is present on page  using regular expression

2024-05-18 16:00:51 - [TEST_STEP][PASSED] - println("Transaction Approved, no errors text is present on the Confirmation page"): null

2024-05-18 16:00:51 - [TEST_STEP][PASSED] - out.println("Pass Record Number: " + row): null

2024-05-18 16:00:51 - [TEST_STEP][PASSED] - resText = "Pass": null

2024-05-18 16:00:51 - [TEST_STEP][PASSED] - pages.WriteExcel.demoKey(resText, datText, resColumn, datCloumn, fileLoc, nameSheet, row): pages.WriteExcel.demoKey is PASSED

2024-05-18 16:00:52 - [MESSAGE][PASSED] - pages.WriteExcel.demoKey is PASSED

2024-05-18 16:00:52 - [TEST_STEP][PASSED] - sdfo = getText(findTestObject("Object Repository/Page_VLinkReceipt/pre_STX")): Text of object 'Object Repository/Page_VLinkReceipt/pre_STX' is: '<STX>i7sTJsMrhWhf                  12153239            0  Transaction approved, no errors                   0                                                                                  X OK8341   <ETX>'

2024-05-18 16:00:52 - [MESSAGE][PASSED] - Text of object 'Object Repository/Page_VLinkReceipt/pre_STX' is: '<STX>i7sTJsMrhWhf                  12153239            0  Transaction approved, no errors                   0                                                                                  X OK8341   <ETX>'

2024-05-18 16:00:52 - [TEST_STEP][PASSED] - out.println("sdfo: " + sdfo): null

2024-05-18 16:00:52 - [TEST_STEP][PASSED] - remID = substring(5, 35).trim(): null

2024-05-18 16:00:52 - [TEST_STEP][PASSED] - out.println("Remittance ID: " + remID): null

2024-05-18 16:00:52 - [TEST_STEP][PASSED] - traxID = substring(35, 55).trim(): null

2024-05-18 16:00:52 - [TEST_STEP][PASSED] - out.println("Transaction ID: " + traxID): null

2024-05-18 16:00:52 - [TEST_STEP][PASSED] - out.println("End Record Number: " + row): null

2024-05-18 16:00:52 - [TEST_STEP][PASSED] - closeBrowser(): Browser is closed

2024-05-18 16:00:53 - [MESSAGE][PASSED] - Browser is closed

2024-05-18 16:00:53 - [TEST_STEP][PASSED] - ExecuteTC = findTestData(dataFile).getValue("Execute", row): null

2024-05-18 16:00:53 - [TEST_STEP][PASSED] - out.println("Value of Execute is : " + ExecuteTC): null

2024-05-18 16:00:53 - [TEST_STEP][PASSED] - if (ExecuteTC.equalsIgnoreCase("Y")): Browser is closed

2024-05-18 16:00:53 - [TEST_STEP][PASSED] - out.println("Begin Record Number: " + row): null

2024-05-18 16:00:53 - [TEST_STEP][PASSED] - today = new java.util.Date(): null

2024-05-18 16:00:53 - [TEST_STEP][PASSED] - println(today): null

2024-05-18 16:00:53 - [TEST_STEP][PASSED] - datText = today: null

2024-05-18 16:00:53 - [TEST_STEP][PASSED] - openBrowser(VLinkURL + "authcap.html"): Browser is opened with url: 'https://dev-algorithm.govolution.com/vlinktest/QA2/version_2_0/authcap.html'

2024-05-18 16:00:53 - [MESSAGE][INFO] - Starting 'Chrome' driver

2024-05-18 16:00:53 - [MESSAGE][INFO] - User set preference: ['acceptInsecureCerts', 'true']

2024-05-18 16:00:53 - [MESSAGE][INFO] - Action delay is set to 0 milliseconds

2024-05-18 16:00:55 - [MESSAGE][PASSED] - Browser is opened with url: 'https://dev-algorithm.govolution.com/vlinktest/QA2/version_2_0/authcap.html'

2024-05-18 16:00:55 - [TEST_STEP][PASSED] - maximizeWindow(): Current window maximized

2024-05-18 16:00:55 - [MESSAGE][PASSED] - Current window maximized

2024-05-18 16:00:55 - [TEST_STEP][PASSED] - vlinkPages.saleCCPage.setDataSCC(row, dataFile): vlinkPages.saleCCPage.setDataSCC is PASSED

2024-05-18 16:00:58 - [MESSAGE][PASSED] - Object 'Object Repository/VLink/Page_CCSale/txt_CardNumber' is present

2024-05-18 16:00:59 - [MESSAGE][PASSED] - Text '104' is set on object 'Object Repository/VLink/Page_CCSale/txt_TransactionType'

2024-05-18 16:01:00 - [MESSAGE][PASSED] - Text '2.0C' is set on object 'Object Repository/VLink/Page_CCSale/txt_MessageVersion'

2024-05-18 16:01:00 - [MESSAGE][PASSED] - Text 'FK7JCOoarNR8' is set on object 'Object Repository/VLink/Page_CCSale/txt_RemID'

2024-05-18 16:01:01 - [MESSAGE][PASSED] - Text '677' is set on object 'Object Repository/VLink/Page_CCSale/txt_ApplicationId'

2024-05-18 16:01:02 - [MESSAGE][PASSED] - Text 'username' is set on object 'Object Repository/VLink/Page_CCSale/txt_Username'

2024-05-18 16:01:02 - [MESSAGE][PASSED] - Text 'password' is set on object 'Object Repository/VLink/Page_CCSale/txt_Password'

2024-05-18 16:01:03 - [MESSAGE][PASSED] - Text 'fixed_width' is set on object 'Object Repository/VLink/Page_CCSale/txt_ResponseFormat'

2024-05-18 16:01:04 - [MESSAGE][PASSED] - Text 'RETL' is set on object 'Object Repository/VLink/Page_CCSale/txt_Category'

2024-05-18 16:01:04 - [MESSAGE][PASSED] - Text '' is set on object 'Object Repository/VLink/Page_CCSale/txt_TransactionID'

2024-05-18 16:01:05 - [MESSAGE][PASSED] - Text '' is set on object 'Object Repository/VLink/Page_CCSale/txt_ApprovalCode'

2024-05-18 16:01:06 - [MESSAGE][PASSED] - Text 'Roshan Maha' is set on object 'Object Repository/VLink/Page_CCSale/txt_CardName'

2024-05-18 16:01:07 - [MESSAGE][PASSED] - Text '12563 Bazaar road' is set on object 'Object Repository/VLink/Page_CCSale/txt_AL1'

2024-05-18 16:01:07 - [MESSAGE][PASSED] - Text '' is set on object 'Object Repository/VLink/Page_CCSale/txt_AL2'

2024-05-18 16:01:08 - [MESSAGE][PASSED] - Text 'Crofton' is set on object 'Object Repository/VLink/Page_CCSale/txt_CardCity'

2024-05-18 16:01:09 - [MESSAGE][PASSED] - Text 'MD' is set on object 'Object Repository/VLink/Page_CCSale/txt_CardState'

2024-05-18 16:01:09 - [MESSAGE][PASSED] - Text '21114' is set on object 'Object Repository/VLink/Page_CCSale/txt_CardZIP'

2024-05-18 16:01:10 - [MESSAGE][PASSED] - Text '' is set on object 'Object Repository/VLink/Page_CCSale/txt_CountryID'

2024-05-18 16:01:11 - [MESSAGE][PASSED] - Text '3.50' is set on object 'Object Repository/VLink/Page_CCSale/txt_Amount'

2024-05-18 16:01:11 - [MESSAGE][PASSED] - Text '6011000000000004' is set on object 'Object Repository/VLink/Page_CCSale/txt_CardNumber'

2024-05-18 16:01:12 - [MESSAGE][PASSED] - Text '01' is set on object 'Object Repository/VLink/Page_CCSale/txt_ExpMonth'

2024-05-18 16:01:13 - [MESSAGE][PASSED] - Text '2026' is set on object 'Object Repository/VLink/Page_CCSale/txt_ExpYear'

2024-05-18 16:01:13 - [MESSAGE][PASSED] - Text '' is set on object 'Object Repository/VLink/Page_CCSale/txt_CVV'

2024-05-18 16:01:14 - [MESSAGE][PASSED] - Text '' is set on object 'Object Repository/VLink/Page_CCSale/txt_CVVstate'

2024-05-18 16:01:15 - [MESSAGE][PASSED] - Text '' is set on object 'Object Repository/VLink/Page_CCSale/txt_TrackData'

2024-05-18 16:01:15 - [MESSAGE][PASSED] - Text '' is set on object 'Object Repository/VLink/Page_CCSale/txt_Track1Data'

2024-05-18 16:01:16 - [MESSAGE][PASSED] - Text '' is set on object 'Object Repository/VLink/Page_CCSale/txt_Track2Data'

2024-05-18 16:01:17 - [MESSAGE][PASSED] - Text 'manual' is set on object 'Object Repository/VLink/Page_CCSale/txt_POSEntryMode'

2024-05-18 16:01:17 - [MESSAGE][PASSED] - Text '' is set on object 'Object Repository/VLink/Page_CCSale/txt_Email'

2024-05-18 16:01:18 - [MESSAGE][PASSED] - Text '' is set on object 'Object Repository/VLink/Page_CCSale/txt_OrderNumber'

2024-05-18 16:01:19 - [MESSAGE][PASSED] - Text '' is set on object 'Object Repository/VLink/Page_CCSale/txt_TaxAmount'

2024-05-18 16:01:20 - [MESSAGE][PASSED] - Text '' is set on object 'Object Repository/VLink/Page_CCSale/txt_ChargeDescription'

2024-05-18 16:01:20 - [MESSAGE][PASSED] - Text '' is set on object 'Object Repository/VLink/Page_CCSale/txt_CAN'

2024-05-18 16:01:21 - [MESSAGE][PASSED] - Text '' is set on object 'Object Repository/VLink/Page_CCSale/txt_BillPaymentIndicator'

2024-05-18 16:01:22 - [MESSAGE][PASSED] - Text '' is set on object 'Object Repository/VLink/Page_CCSale/txt_UDF1'

2024-05-18 16:01:22 - [MESSAGE][PASSED] - Text '' is set on object 'Object Repository/VLink/Page_CCSale/txt_UDF2'

2024-05-18 16:01:23 - [MESSAGE][PASSED] - Text '' is set on object 'Object Repository/VLink/Page_CCSale/txt_UDF3'

2024-05-18 16:01:24 - [MESSAGE][PASSED] - Text '' is set on object 'Object Repository/VLink/Page_CCSale/txt_UDF4'

2024-05-18 16:01:24 - [MESSAGE][PASSED] - Text '' is set on object 'Object Repository/VLink/Page_CCSale/txt_UDF5'

2024-05-18 16:01:25 - [MESSAGE][PASSED] - Text '' is set on object 'Object Repository/VLink/Page_CCSale/txt_UDF6'

2024-05-18 16:01:26 - [MESSAGE][PASSED] - Text '' is set on object 'Object Repository/VLink/Page_CCSale/txt_UDF7'

2024-05-18 16:01:26 - [MESSAGE][PASSED] - Text '' is set on object 'Object Repository/VLink/Page_CCSale/txt_UDF8'

2024-05-18 16:01:27 - [MESSAGE][PASSED] - Text '' is set on object 'Object Repository/VLink/Page_CCSale/txt_UDF9'

2024-05-18 16:01:28 - [MESSAGE][PASSED] - Text '' is set on object 'Object Repository/VLink/Page_CCSale/txt_UDF10'

2024-05-18 16:01:30 - [MESSAGE][PASSED] - Object: 'Object Repository/VLink/Page_CCSale/btn_ProcessVLinkTransaction' is clicked on

2024-05-18 16:01:35 - [MESSAGE][PASSED] - vlinkPages.saleCCPage.setDataSCC is PASSED

2024-05-18 16:01:35 - [TEST_STEP][PASSED] - if (verifyTextPresent("Transaction approved, no errors", true)): null

2024-05-18 16:01:35 - [MESSAGE][PASSED] - Text 'Transaction approved, no errors' is present on page  using regular expression

2024-05-18 16:01:35 - [TEST_STEP][PASSED] - println("Transaction Approved, no errors text is present on the Confirmation page"): null

2024-05-18 16:01:35 - [TEST_STEP][PASSED] - out.println("Pass Record Number: " + row): null

2024-05-18 16:01:35 - [TEST_STEP][PASSED] - resText = "Pass": null

2024-05-18 16:01:35 - [TEST_STEP][PASSED] - pages.WriteExcel.demoKey(resText, datText, resColumn, datCloumn, fileLoc, nameSheet, row): pages.WriteExcel.demoKey is PASSED

2024-05-18 16:01:35 - [MESSAGE][PASSED] - pages.WriteExcel.demoKey is PASSED

2024-05-18 16:01:35 - [TEST_STEP][PASSED] - sdfo = getText(findTestObject("Object Repository/Page_VLinkReceipt/pre_STX")): Text of object 'Object Repository/Page_VLinkReceipt/pre_STX' is: '<STX>FK7JCOoarNR8                  12153240            0  Transaction approved, no errors                   0                                                                                  X OK6997   <ETX>'

2024-05-18 16:01:36 - [MESSAGE][PASSED] - Text of object 'Object Repository/Page_VLinkReceipt/pre_STX' is: '<STX>FK7JCOoarNR8                  12153240            0  Transaction approved, no errors                   0                                                                                  X OK6997   <ETX>'

2024-05-18 16:01:36 - [TEST_STEP][PASSED] - out.println("sdfo: " + sdfo): null

2024-05-18 16:01:36 - [TEST_STEP][PASSED] - remID = substring(5, 35).trim(): null

2024-05-18 16:01:36 - [TEST_STEP][PASSED] - out.println("Remittance ID: " + remID): null

2024-05-18 16:01:36 - [TEST_STEP][PASSED] - traxID = substring(35, 55).trim(): null

2024-05-18 16:01:36 - [TEST_STEP][PASSED] - out.println("Transaction ID: " + traxID): null

2024-05-18 16:01:36 - [TEST_STEP][PASSED] - out.println("End Record Number: " + row): null

2024-05-18 16:01:36 - [TEST_STEP][PASSED] - closeBrowser(): Browser is closed

2024-05-18 16:01:37 - [MESSAGE][PASSED] - Browser is closed

2024-05-18 16:01:37 - [TEST_STEP][PASSED] - ExecuteTC = findTestData(dataFile).getValue("Execute", row): null

2024-05-18 16:01:37 - [TEST_STEP][PASSED] - out.println("Value of Execute is : " + ExecuteTC): null

2024-05-18 16:01:37 - [TEST_STEP][PASSED] - if (ExecuteTC.equalsIgnoreCase("Y")): null

2024-05-18 16:01:37 - [TEST_STEP][PASSED] - ExecuteTC = findTestData(dataFile).getValue("Execute", row): null

2024-05-18 16:01:37 - [TEST_STEP][PASSED] - out.println("Value of Execute is : " + ExecuteTC): null

2024-05-18 16:01:37 - [TEST_STEP][PASSED] - if (ExecuteTC.equalsIgnoreCase("Y")): Browser is closed

2024-05-18 16:01:37 - [TEST_STEP][PASSED] - out.println("Begin Record Number: " + row): null

2024-05-18 16:01:37 - [TEST_STEP][PASSED] - today = new java.util.Date(): null

2024-05-18 16:01:37 - [TEST_STEP][PASSED] - println(today): null

2024-05-18 16:01:37 - [TEST_STEP][PASSED] - datText = today: null

2024-05-18 16:01:37 - [TEST_STEP][PASSED] - openBrowser(VLinkURL + "authcap.html"): Browser is opened with url: 'https://dev-algorithm.govolution.com/vlinktest/QA2/version_2_0/authcap.html'

2024-05-18 16:01:37 - [MESSAGE][INFO] - Starting 'Chrome' driver

2024-05-18 16:01:37 - [MESSAGE][INFO] - User set preference: ['acceptInsecureCerts', 'true']

2024-05-18 16:01:37 - [MESSAGE][INFO] - Action delay is set to 0 milliseconds

2024-05-18 16:01:39 - [MESSAGE][PASSED] - Browser is opened with url: 'https://dev-algorithm.govolution.com/vlinktest/QA2/version_2_0/authcap.html'

2024-05-18 16:01:39 - [TEST_STEP][PASSED] - maximizeWindow(): Current window maximized

2024-05-18 16:01:40 - [MESSAGE][PASSED] - Current window maximized

2024-05-18 16:01:40 - [TEST_STEP][PASSED] - vlinkPages.saleCCPage.setDataSCC(row, dataFile): vlinkPages.saleCCPage.setDataSCC is PASSED

2024-05-18 16:01:43 - [MESSAGE][PASSED] - Object 'Object Repository/VLink/Page_CCSale/txt_CardNumber' is present

2024-05-18 16:01:43 - [MESSAGE][PASSED] - Text '104' is set on object 'Object Repository/VLink/Page_CCSale/txt_TransactionType'

2024-05-18 16:01:44 - [MESSAGE][PASSED] - Text '2.0C' is set on object 'Object Repository/VLink/Page_CCSale/txt_MessageVersion'

2024-05-18 16:01:45 - [MESSAGE][PASSED] - Text 'ftw9YIyOXOg8' is set on object 'Object Repository/VLink/Page_CCSale/txt_RemID'

2024-05-18 16:01:45 - [MESSAGE][PASSED] - Text '667' is set on object 'Object Repository/VLink/Page_CCSale/txt_ApplicationId'

2024-05-18 16:01:46 - [MESSAGE][PASSED] - Text 'username' is set on object 'Object Repository/VLink/Page_CCSale/txt_Username'

2024-05-18 16:01:47 - [MESSAGE][PASSED] - Text 'password' is set on object 'Object Repository/VLink/Page_CCSale/txt_Password'

2024-05-18 16:01:47 - [MESSAGE][PASSED] - Text 'fixed_width' is set on object 'Object Repository/VLink/Page_CCSale/txt_ResponseFormat'

2024-05-18 16:01:48 - [MESSAGE][PASSED] - Text 'ECOM' is set on object 'Object Repository/VLink/Page_CCSale/txt_Category'

2024-05-18 16:01:49 - [MESSAGE][PASSED] - Text '' is set on object 'Object Repository/VLink/Page_CCSale/txt_TransactionID'

2024-05-18 16:01:49 - [MESSAGE][PASSED] - Text '' is set on object 'Object Repository/VLink/Page_CCSale/txt_ApprovalCode'

2024-05-18 16:01:50 - [MESSAGE][PASSED] - Text 'Arvind Silva' is set on object 'Object Repository/VLink/Page_CCSale/txt_CardName'

2024-05-18 16:01:51 - [MESSAGE][PASSED] - Text '111 Main Ave' is set on object 'Object Repository/VLink/Page_CCSale/txt_AL1'

2024-05-18 16:01:51 - [MESSAGE][PASSED] - Text '' is set on object 'Object Repository/VLink/Page_CCSale/txt_AL2'

2024-05-18 16:01:52 - [MESSAGE][PASSED] - Text 'Arlington' is set on object 'Object Repository/VLink/Page_CCSale/txt_CardCity'

2024-05-18 16:01:53 - [MESSAGE][PASSED] - Text 'VA' is set on object 'Object Repository/VLink/Page_CCSale/txt_CardState'

2024-05-18 16:01:54 - [MESSAGE][PASSED] - Text '22201' is set on object 'Object Repository/VLink/Page_CCSale/txt_CardZIP'

2024-05-18 16:01:54 - [MESSAGE][PASSED] - Text '' is set on object 'Object Repository/VLink/Page_CCSale/txt_CountryID'

2024-05-18 16:01:55 - [MESSAGE][PASSED] - Text '2.50' is set on object 'Object Repository/VLink/Page_CCSale/txt_Amount'

2024-05-18 16:01:56 - [MESSAGE][PASSED] - Text '5424000000000015' is set on object 'Object Repository/VLink/Page_CCSale/txt_CardNumber'

2024-05-18 16:01:56 - [MESSAGE][PASSED] - Text '01' is set on object 'Object Repository/VLink/Page_CCSale/txt_ExpMonth'

2024-05-18 16:01:57 - [MESSAGE][PASSED] - Text '2026' is set on object 'Object Repository/VLink/Page_CCSale/txt_ExpYear'

2024-05-18 16:01:58 - [MESSAGE][PASSED] - Text '' is set on object 'Object Repository/VLink/Page_CCSale/txt_CVV'

2024-05-18 16:01:58 - [MESSAGE][PASSED] - Text '' is set on object 'Object Repository/VLink/Page_CCSale/txt_CVVstate'

2024-05-18 16:01:59 - [MESSAGE][PASSED] - Text '' is set on object 'Object Repository/VLink/Page_CCSale/txt_TrackData'

2024-05-18 16:02:00 - [MESSAGE][PASSED] - Text '' is set on object 'Object Repository/VLink/Page_CCSale/txt_Track1Data'

2024-05-18 16:02:00 - [MESSAGE][PASSED] - Text '' is set on object 'Object Repository/VLink/Page_CCSale/txt_Track2Data'

2024-05-18 16:02:01 - [MESSAGE][PASSED] - Text 'manual' is set on object 'Object Repository/VLink/Page_CCSale/txt_POSEntryMode'

2024-05-18 16:02:02 - [MESSAGE][PASSED] - Text '' is set on object 'Object Repository/VLink/Page_CCSale/txt_Email'

2024-05-18 16:02:02 - [MESSAGE][PASSED] - Text '' is set on object 'Object Repository/VLink/Page_CCSale/txt_OrderNumber'

2024-05-18 16:02:03 - [MESSAGE][PASSED] - Text '' is set on object 'Object Repository/VLink/Page_CCSale/txt_TaxAmount'

2024-05-18 16:02:04 - [MESSAGE][PASSED] - Text '' is set on object 'Object Repository/VLink/Page_CCSale/txt_ChargeDescription'

2024-05-18 16:02:04 - [MESSAGE][PASSED] - Text '' is set on object 'Object Repository/VLink/Page_CCSale/txt_CAN'

2024-05-18 16:02:05 - [MESSAGE][PASSED] - Text '' is set on object 'Object Repository/VLink/Page_CCSale/txt_BillPaymentIndicator'

2024-05-18 16:02:06 - [MESSAGE][PASSED] - Text '' is set on object 'Object Repository/VLink/Page_CCSale/txt_UDF1'

2024-05-18 16:02:06 - [MESSAGE][PASSED] - Text '' is set on object 'Object Repository/VLink/Page_CCSale/txt_UDF2'

2024-05-18 16:02:07 - [MESSAGE][PASSED] - Text '' is set on object 'Object Repository/VLink/Page_CCSale/txt_UDF3'

2024-05-18 16:02:08 - [MESSAGE][PASSED] - Text '' is set on object 'Object Repository/VLink/Page_CCSale/txt_UDF4'

2024-05-18 16:02:09 - [MESSAGE][PASSED] - Text '' is set on object 'Object Repository/VLink/Page_CCSale/txt_UDF5'

2024-05-18 16:02:09 - [MESSAGE][PASSED] - Text '' is set on object 'Object Repository/VLink/Page_CCSale/txt_UDF6'

2024-05-18 16:02:10 - [MESSAGE][PASSED] - Text '' is set on object 'Object Repository/VLink/Page_CCSale/txt_UDF7'

2024-05-18 16:02:11 - [MESSAGE][PASSED] - Text '' is set on object 'Object Repository/VLink/Page_CCSale/txt_UDF8'

2024-05-18 16:02:11 - [MESSAGE][PASSED] - Text '' is set on object 'Object Repository/VLink/Page_CCSale/txt_UDF9'

2024-05-18 16:02:12 - [MESSAGE][PASSED] - Text '' is set on object 'Object Repository/VLink/Page_CCSale/txt_UDF10'

2024-05-18 16:02:16 - [MESSAGE][PASSED] - Object: 'Object Repository/VLink/Page_CCSale/btn_ProcessVLinkTransaction' is clicked on

2024-05-18 16:02:21 - [MESSAGE][PASSED] - vlinkPages.saleCCPage.setDataSCC is PASSED

2024-05-18 16:02:21 - [TEST_STEP][PASSED] - if (verifyTextPresent("Transaction approved, no errors", true)): null

2024-05-18 16:02:22 - [MESSAGE][PASSED] - Text 'Transaction approved, no errors' is present on page  using regular expression

2024-05-18 16:02:22 - [TEST_STEP][PASSED] - println("Transaction Approved, no errors text is present on the Confirmation page"): null

2024-05-18 16:02:22 - [TEST_STEP][PASSED] - out.println("Pass Record Number: " + row): null

2024-05-18 16:02:22 - [TEST_STEP][PASSED] - resText = "Pass": null

2024-05-18 16:02:22 - [TEST_STEP][PASSED] - pages.WriteExcel.demoKey(resText, datText, resColumn, datCloumn, fileLoc, nameSheet, row): pages.WriteExcel.demoKey is PASSED

2024-05-18 16:02:22 - [MESSAGE][PASSED] - pages.WriteExcel.demoKey is PASSED

2024-05-18 16:02:22 - [TEST_STEP][PASSED] - sdfo = getText(findTestObject("Object Repository/Page_VLinkReceipt/pre_STX")): Text of object 'Object Repository/Page_VLinkReceipt/pre_STX' is: '<STX>ftw9YIyOXOg8                  12153242            0  Transaction approved, no errors                   0                                                                                  Y OK7788   <ETX>'

2024-05-18 16:02:22 - [MESSAGE][PASSED] - Text of object 'Object Repository/Page_VLinkReceipt/pre_STX' is: '<STX>ftw9YIyOXOg8                  12153242            0  Transaction approved, no errors                   0                                                                                  Y OK7788   <ETX>'

2024-05-18 16:02:22 - [TEST_STEP][PASSED] - out.println("sdfo: " + sdfo): null

2024-05-18 16:02:22 - [TEST_STEP][PASSED] - remID = substring(5, 35).trim(): null

2024-05-18 16:02:22 - [TEST_STEP][PASSED] - out.println("Remittance ID: " + remID): null

2024-05-18 16:02:22 - [TEST_STEP][PASSED] - traxID = substring(35, 55).trim(): null

2024-05-18 16:02:22 - [TEST_STEP][PASSED] - out.println("Transaction ID: " + traxID): null

2024-05-18 16:02:22 - [TEST_STEP][PASSED] - out.println("End Record Number: " + row): null

2024-05-18 16:02:22 - [TEST_STEP][PASSED] - closeBrowser(): Browser is closed

2024-05-18 16:02:23 - [MESSAGE][PASSED] - Browser is closed

2024-05-18 16:02:23 - [TEST_STEP][PASSED] - ExecuteTC = findTestData(dataFile).getValue("Execute", row): null

2024-05-18 16:02:23 - [TEST_STEP][PASSED] - out.println("Value of Execute is : " + ExecuteTC): null

2024-05-18 16:02:23 - [TEST_STEP][PASSED] - if (ExecuteTC.equalsIgnoreCase("Y")): Browser is closed

2024-05-18 16:02:23 - [TEST_STEP][PASSED] - out.println("Begin Record Number: " + row): null

2024-05-18 16:02:23 - [TEST_STEP][PASSED] - today = new java.util.Date(): null

2024-05-18 16:02:23 - [TEST_STEP][PASSED] - println(today): null

2024-05-18 16:02:23 - [TEST_STEP][PASSED] - datText = today: null

2024-05-18 16:02:23 - [TEST_STEP][PASSED] - openBrowser(VLinkURL + "authcap.html"): Browser is opened with url: 'https://dev-algorithm.govolution.com/vlinktest/QA2/version_2_0/authcap.html'

2024-05-18 16:02:24 - [MESSAGE][INFO] - Starting 'Chrome' driver

2024-05-18 16:02:24 - [MESSAGE][INFO] - User set preference: ['acceptInsecureCerts', 'true']

2024-05-18 16:02:24 - [MESSAGE][INFO] - Action delay is set to 0 milliseconds

2024-05-18 16:02:26 - [MESSAGE][PASSED] - Browser is opened with url: 'https://dev-algorithm.govolution.com/vlinktest/QA2/version_2_0/authcap.html'

2024-05-18 16:02:26 - [TEST_STEP][PASSED] - maximizeWindow(): Current window maximized

2024-05-18 16:02:26 - [MESSAGE][PASSED] - Current window maximized

2024-05-18 16:02:26 - [TEST_STEP][PASSED] - vlinkPages.saleCCPage.setDataSCC(row, dataFile): vlinkPages.saleCCPage.setDataSCC is PASSED

2024-05-18 16:02:29 - [MESSAGE][PASSED] - Object 'Object Repository/VLink/Page_CCSale/txt_CardNumber' is present

2024-05-18 16:02:30 - [MESSAGE][PASSED] - Text '104' is set on object 'Object Repository/VLink/Page_CCSale/txt_TransactionType'

2024-05-18 16:02:30 - [MESSAGE][PASSED] - Text '2.0C' is set on object 'Object Repository/VLink/Page_CCSale/txt_MessageVersion'

2024-05-18 16:02:31 - [MESSAGE][PASSED] - Text 'QUL05aIQrOVT' is set on object 'Object Repository/VLink/Page_CCSale/txt_RemID'

2024-05-18 16:02:32 - [MESSAGE][PASSED] - Text '667' is set on object 'Object Repository/VLink/Page_CCSale/txt_ApplicationId'

2024-05-18 16:02:32 - [MESSAGE][PASSED] - Text 'username' is set on object 'Object Repository/VLink/Page_CCSale/txt_Username'

2024-05-18 16:02:33 - [MESSAGE][PASSED] - Text 'password' is set on object 'Object Repository/VLink/Page_CCSale/txt_Password'

2024-05-18 16:02:34 - [MESSAGE][PASSED] - Text 'fixed_width' is set on object 'Object Repository/VLink/Page_CCSale/txt_ResponseFormat'

2024-05-18 16:02:34 - [MESSAGE][PASSED] - Text 'ECOM' is set on object 'Object Repository/VLink/Page_CCSale/txt_Category'

2024-05-18 16:02:35 - [MESSAGE][PASSED] - Text '' is set on object 'Object Repository/VLink/Page_CCSale/txt_TransactionID'

2024-05-18 16:02:36 - [MESSAGE][PASSED] - Text '' is set on object 'Object Repository/VLink/Page_CCSale/txt_ApprovalCode'

2024-05-18 16:02:36 - [MESSAGE][PASSED] - Text 'Roshan Maha' is set on object 'Object Repository/VLink/Page_CCSale/txt_CardName'

2024-05-18 16:02:37 - [MESSAGE][PASSED] - Text '12563 Bazaar road' is set on object 'Object Repository/VLink/Page_CCSale/txt_AL1'

2024-05-18 16:02:38 - [MESSAGE][PASSED] - Text '' is set on object 'Object Repository/VLink/Page_CCSale/txt_AL2'

2024-05-18 16:02:39 - [MESSAGE][PASSED] - Text 'Crofton' is set on object 'Object Repository/VLink/Page_CCSale/txt_CardCity'

2024-05-18 16:02:39 - [MESSAGE][PASSED] - Text 'MD' is set on object 'Object Repository/VLink/Page_CCSale/txt_CardState'

2024-05-18 16:02:40 - [MESSAGE][PASSED] - Text '21114' is set on object 'Object Repository/VLink/Page_CCSale/txt_CardZIP'

2024-05-18 16:02:41 - [MESSAGE][PASSED] - Text '' is set on object 'Object Repository/VLink/Page_CCSale/txt_CountryID'

2024-05-18 16:02:41 - [MESSAGE][PASSED] - Text '3.50' is set on object 'Object Repository/VLink/Page_CCSale/txt_Amount'

2024-05-18 16:02:42 - [MESSAGE][PASSED] - Text '370000000000002' is set on object 'Object Repository/VLink/Page_CCSale/txt_CardNumber'

2024-05-18 16:02:43 - [MESSAGE][PASSED] - Text '01' is set on object 'Object Repository/VLink/Page_CCSale/txt_ExpMonth'

2024-05-18 16:02:44 - [MESSAGE][PASSED] - Text '2026' is set on object 'Object Repository/VLink/Page_CCSale/txt_ExpYear'

2024-05-18 16:02:44 - [MESSAGE][PASSED] - Text '' is set on object 'Object Repository/VLink/Page_CCSale/txt_CVV'

2024-05-18 16:02:45 - [MESSAGE][PASSED] - Text '' is set on object 'Object Repository/VLink/Page_CCSale/txt_CVVstate'

2024-05-18 16:02:46 - [MESSAGE][PASSED] - Text '' is set on object 'Object Repository/VLink/Page_CCSale/txt_TrackData'

2024-05-18 16:02:46 - [MESSAGE][PASSED] - Text '' is set on object 'Object Repository/VLink/Page_CCSale/txt_Track1Data'

2024-05-18 16:02:47 - [MESSAGE][PASSED] - Text '' is set on object 'Object Repository/VLink/Page_CCSale/txt_Track2Data'

2024-05-18 16:02:48 - [MESSAGE][PASSED] - Text 'manual' is set on object 'Object Repository/VLink/Page_CCSale/txt_POSEntryMode'

2024-05-18 16:02:48 - [MESSAGE][PASSED] - Text '' is set on object 'Object Repository/VLink/Page_CCSale/txt_Email'

2024-05-18 16:02:49 - [MESSAGE][PASSED] - Text '' is set on object 'Object Repository/VLink/Page_CCSale/txt_OrderNumber'

2024-05-18 16:02:50 - [MESSAGE][PASSED] - Text '' is set on object 'Object Repository/VLink/Page_CCSale/txt_TaxAmount'

2024-05-18 16:02:50 - [MESSAGE][PASSED] - Text '' is set on object 'Object Repository/VLink/Page_CCSale/txt_ChargeDescription'

2024-05-18 16:02:51 - [MESSAGE][PASSED] - Text '' is set on object 'Object Repository/VLink/Page_CCSale/txt_CAN'

2024-05-18 16:02:52 - [MESSAGE][PASSED] - Text '' is set on object 'Object Repository/VLink/Page_CCSale/txt_BillPaymentIndicator'

2024-05-18 16:02:52 - [MESSAGE][PASSED] - Text '' is set on object 'Object Repository/VLink/Page_CCSale/txt_UDF1'

2024-05-18 16:02:53 - [MESSAGE][PASSED] - Text '' is set on object 'Object Repository/VLink/Page_CCSale/txt_UDF2'

2024-05-18 16:02:54 - [MESSAGE][PASSED] - Text '' is set on object 'Object Repository/VLink/Page_CCSale/txt_UDF3'

2024-05-18 16:02:54 - [MESSAGE][PASSED] - Text '' is set on object 'Object Repository/VLink/Page_CCSale/txt_UDF4'

2024-05-18 16:02:55 - [MESSAGE][PASSED] - Text '' is set on object 'Object Repository/VLink/Page_CCSale/txt_UDF5'

2024-05-18 16:02:56 - [MESSAGE][PASSED] - Text '' is set on object 'Object Repository/VLink/Page_CCSale/txt_UDF6'

2024-05-18 16:02:56 - [MESSAGE][PASSED] - Text '' is set on object 'Object Repository/VLink/Page_CCSale/txt_UDF7'

2024-05-18 16:02:57 - [MESSAGE][PASSED] - Text '' is set on object 'Object Repository/VLink/Page_CCSale/txt_UDF8'

2024-05-18 16:02:58 - [MESSAGE][PASSED] - Text '' is set on object 'Object Repository/VLink/Page_CCSale/txt_UDF9'

2024-05-18 16:02:58 - [MESSAGE][PASSED] - Text '' is set on object 'Object Repository/VLink/Page_CCSale/txt_UDF10'

2024-05-18 16:03:02 - [MESSAGE][PASSED] - Object: 'Object Repository/VLink/Page_CCSale/btn_ProcessVLinkTransaction' is clicked on

2024-05-18 16:03:07 - [MESSAGE][PASSED] - vlinkPages.saleCCPage.setDataSCC is PASSED

2024-05-18 16:03:07 - [TEST_STEP][PASSED] - if (verifyTextPresent("Transaction approved, no errors", true)): null

2024-05-18 16:03:08 - [MESSAGE][PASSED] - Text 'Transaction approved, no errors' is present on page  using regular expression

2024-05-18 16:03:08 - [TEST_STEP][PASSED] - println("Transaction Approved, no errors text is present on the Confirmation page"): null

2024-05-18 16:03:08 - [TEST_STEP][PASSED] - out.println("Pass Record Number: " + row): null

2024-05-18 16:03:08 - [TEST_STEP][PASSED] - resText = "Pass": null

2024-05-18 16:03:08 - [TEST_STEP][PASSED] - pages.WriteExcel.demoKey(resText, datText, resColumn, datCloumn, fileLoc, nameSheet, row): pages.WriteExcel.demoKey is PASSED

2024-05-18 16:03:08 - [MESSAGE][PASSED] - pages.WriteExcel.demoKey is PASSED

2024-05-18 16:03:08 - [TEST_STEP][PASSED] - sdfo = getText(findTestObject("Object Repository/Page_VLinkReceipt/pre_STX")): Text of object 'Object Repository/Page_VLinkReceipt/pre_STX' is: '<STX>QUL05aIQrOVT                  12153243            0  Transaction approved, no errors                   0                                                                                  Y OK7838   <ETX>'

2024-05-18 16:03:08 - [MESSAGE][PASSED] - Text of object 'Object Repository/Page_VLinkReceipt/pre_STX' is: '<STX>QUL05aIQrOVT                  12153243            0  Transaction approved, no errors                   0                                                                                  Y OK7838   <ETX>'

2024-05-18 16:03:08 - [TEST_STEP][PASSED] - out.println("sdfo: " + sdfo): null

2024-05-18 16:03:08 - [TEST_STEP][PASSED] - remID = substring(5, 35).trim(): null

2024-05-18 16:03:08 - [TEST_STEP][PASSED] - out.println("Remittance ID: " + remID): null

2024-05-18 16:03:08 - [TEST_STEP][PASSED] - traxID = substring(35, 55).trim(): null

2024-05-18 16:03:08 - [TEST_STEP][PASSED] - out.println("Transaction ID: " + traxID): null

2024-05-18 16:03:08 - [TEST_STEP][PASSED] - out.println("End Record Number: " + row): null

2024-05-18 16:03:08 - [TEST_STEP][PASSED] - closeBrowser(): Browser is closed

2024-05-18 16:03:09 - [MESSAGE][PASSED] - Browser is closed

2024-05-18 16:03:09 - [TEST_STEP][PASSED] - ExecuteTC = findTestData(dataFile).getValue("Execute", row): null

2024-05-18 16:03:09 - [TEST_STEP][PASSED] - out.println("Value of Execute is : " + ExecuteTC): null

2024-05-18 16:03:09 - [TEST_STEP][PASSED] - if (ExecuteTC.equalsIgnoreCase("Y")): Browser is closed

2024-05-18 16:03:09 - [TEST_STEP][PASSED] - out.println("Begin Record Number: " + row): null

2024-05-18 16:03:09 - [TEST_STEP][PASSED] - today = new java.util.Date(): null

2024-05-18 16:03:09 - [TEST_STEP][PASSED] - println(today): null

2024-05-18 16:03:09 - [TEST_STEP][PASSED] - datText = today: null

2024-05-18 16:03:09 - [TEST_STEP][PASSED] - openBrowser(VLinkURL + "authcap.html"): Browser is opened with url: 'https://dev-algorithm.govolution.com/vlinktest/QA2/version_2_0/authcap.html'

2024-05-18 16:03:09 - [MESSAGE][INFO] - Starting 'Chrome' driver

2024-05-18 16:03:09 - [MESSAGE][INFO] - User set preference: ['acceptInsecureCerts', 'true']

2024-05-18 16:03:09 - [MESSAGE][INFO] - Action delay is set to 0 milliseconds

2024-05-18 16:03:11 - [MESSAGE][PASSED] - Browser is opened with url: 'https://dev-algorithm.govolution.com/vlinktest/QA2/version_2_0/authcap.html'

2024-05-18 16:03:11 - [TEST_STEP][PASSED] - maximizeWindow(): Current window maximized

2024-05-18 16:03:12 - [MESSAGE][PASSED] - Current window maximized

2024-05-18 16:03:12 - [TEST_STEP][PASSED] - vlinkPages.saleCCPage.setDataSCC(row, dataFile): vlinkPages.saleCCPage.setDataSCC is PASSED

2024-05-18 16:03:15 - [MESSAGE][PASSED] - Object 'Object Repository/VLink/Page_CCSale/txt_CardNumber' is present

2024-05-18 16:03:15 - [MESSAGE][PASSED] - Text '104' is set on object 'Object Repository/VLink/Page_CCSale/txt_TransactionType'

2024-05-18 16:03:16 - [MESSAGE][PASSED] - Text '2.0C' is set on object 'Object Repository/VLink/Page_CCSale/txt_MessageVersion'

2024-05-18 16:03:17 - [MESSAGE][PASSED] - Text 'Oaotr3oOEluP' is set on object 'Object Repository/VLink/Page_CCSale/txt_RemID'

2024-05-18 16:03:17 - [MESSAGE][PASSED] - Text '667' is set on object 'Object Repository/VLink/Page_CCSale/txt_ApplicationId'

2024-05-18 16:03:18 - [MESSAGE][PASSED] - Text 'username' is set on object 'Object Repository/VLink/Page_CCSale/txt_Username'

2024-05-18 16:03:19 - [MESSAGE][PASSED] - Text 'password' is set on object 'Object Repository/VLink/Page_CCSale/txt_Password'

2024-05-18 16:03:19 - [MESSAGE][PASSED] - Text 'fixed_width' is set on object 'Object Repository/VLink/Page_CCSale/txt_ResponseFormat'

2024-05-18 16:03:20 - [MESSAGE][PASSED] - Text 'ECOM' is set on object 'Object Repository/VLink/Page_CCSale/txt_Category'

2024-05-18 16:03:21 - [MESSAGE][PASSED] - Text '' is set on object 'Object Repository/VLink/Page_CCSale/txt_TransactionID'

2024-05-18 16:03:21 - [MESSAGE][PASSED] - Text '' is set on object 'Object Repository/VLink/Page_CCSale/txt_ApprovalCode'

2024-05-18 16:03:22 - [MESSAGE][PASSED] - Text 'Kris Roshan' is set on object 'Object Repository/VLink/Page_CCSale/txt_CardName'

2024-05-18 16:03:23 - [MESSAGE][PASSED] - Text '258 Elm Road' is set on object 'Object Repository/VLink/Page_CCSale/txt_AL1'

2024-05-18 16:03:24 - [MESSAGE][PASSED] - Text 'Suite 56' is set on object 'Object Repository/VLink/Page_CCSale/txt_AL2'

2024-05-18 16:03:24 - [MESSAGE][PASSED] - Text 'Arlington' is set on object 'Object Repository/VLink/Page_CCSale/txt_CardCity'

2024-05-18 16:03:25 - [MESSAGE][PASSED] - Text 'VA' is set on object 'Object Repository/VLink/Page_CCSale/txt_CardState'

2024-05-18 16:03:26 - [MESSAGE][PASSED] - Text '22201' is set on object 'Object Repository/VLink/Page_CCSale/txt_CardZIP'

2024-05-18 16:03:27 - [MESSAGE][PASSED] - Text '840' is set on object 'Object Repository/VLink/Page_CCSale/txt_CountryID'

2024-05-18 16:03:27 - [MESSAGE][PASSED] - Text '1.50' is set on object 'Object Repository/VLink/Page_CCSale/txt_Amount'

2024-05-18 16:03:28 - [MESSAGE][PASSED] - Text '6011000000000004' is set on object 'Object Repository/VLink/Page_CCSale/txt_CardNumber'

2024-05-18 16:03:29 - [MESSAGE][PASSED] - Text '12' is set on object 'Object Repository/VLink/Page_CCSale/txt_ExpMonth'

2024-05-18 16:03:29 - [MESSAGE][PASSED] - Text '2025' is set on object 'Object Repository/VLink/Page_CCSale/txt_ExpYear'

2024-05-18 16:03:30 - [MESSAGE][PASSED] - Text '' is set on object 'Object Repository/VLink/Page_CCSale/txt_CVV'

2024-05-18 16:03:31 - [MESSAGE][PASSED] - Text '' is set on object 'Object Repository/VLink/Page_CCSale/txt_CVVstate'

2024-05-18 16:03:32 - [MESSAGE][PASSED] - Text '' is set on object 'Object Repository/VLink/Page_CCSale/txt_TrackData'

2024-05-18 16:03:32 - [MESSAGE][PASSED] - Text '' is set on object 'Object Repository/VLink/Page_CCSale/txt_Track1Data'

2024-05-18 16:03:33 - [MESSAGE][PASSED] - Text '' is set on object 'Object Repository/VLink/Page_CCSale/txt_Track2Data'

2024-05-18 16:03:34 - [MESSAGE][PASSED] - Text 'manual' is set on object 'Object Repository/VLink/Page_CCSale/txt_POSEntryMode'

2024-05-18 16:03:34 - [MESSAGE][PASSED] - Text 'iahmed@govolution.com' is set on object 'Object Repository/VLink/Page_CCSale/txt_Email'

2024-05-18 16:03:35 - [MESSAGE][PASSED] - Text '2569362' is set on object 'Object Repository/VLink/Page_CCSale/txt_OrderNumber'

2024-05-18 16:03:36 - [MESSAGE][PASSED] - Text '1.15' is set on object 'Object Repository/VLink/Page_CCSale/txt_TaxAmount'

2024-05-18 16:03:37 - [MESSAGE][PASSED] - Text 'Charge Description' is set on object 'Object Repository/VLink/Page_CCSale/txt_ChargeDescription'

2024-05-18 16:03:37 - [MESSAGE][PASSED] - Text '147357' is set on object 'Object Repository/VLink/Page_CCSale/txt_CAN'

2024-05-18 16:03:38 - [MESSAGE][PASSED] - Text '1' is set on object 'Object Repository/VLink/Page_CCSale/txt_BillPaymentIndicator'

2024-05-18 16:03:39 - [MESSAGE][PASSED] - Text 'UDF Data 1' is set on object 'Object Repository/VLink/Page_CCSale/txt_UDF1'

2024-05-18 16:03:39 - [MESSAGE][PASSED] - Text 'UDF Data 2' is set on object 'Object Repository/VLink/Page_CCSale/txt_UDF2'

2024-05-18 16:03:40 - [MESSAGE][PASSED] - Text 'UDF Data 3' is set on object 'Object Repository/VLink/Page_CCSale/txt_UDF3'

2024-05-18 16:03:41 - [MESSAGE][PASSED] - Text 'UDF Data 4' is set on object 'Object Repository/VLink/Page_CCSale/txt_UDF4'

2024-05-18 16:03:41 - [MESSAGE][PASSED] - Text 'UDF Data 5' is set on object 'Object Repository/VLink/Page_CCSale/txt_UDF5'

2024-05-18 16:03:42 - [MESSAGE][PASSED] - Text 'UDF Data 6' is set on object 'Object Repository/VLink/Page_CCSale/txt_UDF6'

2024-05-18 16:03:43 - [MESSAGE][PASSED] - Text 'UDF Data 7' is set on object 'Object Repository/VLink/Page_CCSale/txt_UDF7'

2024-05-18 16:03:44 - [MESSAGE][PASSED] - Text 'UDF Data 8' is set on object 'Object Repository/VLink/Page_CCSale/txt_UDF8'

2024-05-18 16:03:44 - [MESSAGE][PASSED] - Text 'UDF Data 9' is set on object 'Object Repository/VLink/Page_CCSale/txt_UDF9'

2024-05-18 16:03:45 - [MESSAGE][PASSED] - Text 'UDF Data 10' is set on object 'Object Repository/VLink/Page_CCSale/txt_UDF10'

2024-05-18 16:03:49 - [MESSAGE][PASSED] - Object: 'Object Repository/VLink/Page_CCSale/btn_ProcessVLinkTransaction' is clicked on

2024-05-18 16:03:54 - [MESSAGE][PASSED] - vlinkPages.saleCCPage.setDataSCC is PASSED

2024-05-18 16:03:54 - [TEST_STEP][PASSED] - if (verifyTextPresent("Transaction approved, no errors", true)): null

2024-05-18 16:03:54 - [MESSAGE][PASSED] - Text 'Transaction approved, no errors' is present on page  using regular expression

2024-05-18 16:03:54 - [TEST_STEP][PASSED] - println("Transaction Approved, no errors text is present on the Confirmation page"): null

2024-05-18 16:03:54 - [TEST_STEP][PASSED] - out.println("Pass Record Number: " + row): null

2024-05-18 16:03:54 - [TEST_STEP][PASSED] - resText = "Pass": null

2024-05-18 16:03:54 - [TEST_STEP][PASSED] - pages.WriteExcel.demoKey(resText, datText, resColumn, datCloumn, fileLoc, nameSheet, row): pages.WriteExcel.demoKey is PASSED

2024-05-18 16:03:54 - [MESSAGE][PASSED] - pages.WriteExcel.demoKey is PASSED

2024-05-18 16:03:54 - [TEST_STEP][PASSED] - sdfo = getText(findTestObject("Object Repository/Page_VLinkReceipt/pre_STX")): Text of object 'Object Repository/Page_VLinkReceipt/pre_STX' is: '<STX>Oaotr3oOEluP                  12153244            0  Transaction approved, no errors                   0                                                                                  Y OK7868   <ETX>'

2024-05-18 16:03:55 - [MESSAGE][PASSED] - Text of object 'Object Repository/Page_VLinkReceipt/pre_STX' is: '<STX>Oaotr3oOEluP                  12153244            0  Transaction approved, no errors                   0                                                                                  Y OK7868   <ETX>'

2024-05-18 16:03:55 - [TEST_STEP][PASSED] - out.println("sdfo: " + sdfo): null

2024-05-18 16:03:55 - [TEST_STEP][PASSED] - remID = substring(5, 35).trim(): null

2024-05-18 16:03:55 - [TEST_STEP][PASSED] - out.println("Remittance ID: " + remID): null

2024-05-18 16:03:55 - [TEST_STEP][PASSED] - traxID = substring(35, 55).trim(): null

2024-05-18 16:03:55 - [TEST_STEP][PASSED] - out.println("Transaction ID: " + traxID): null

2024-05-18 16:03:55 - [TEST_STEP][PASSED] - out.println("End Record Number: " + row): null

2024-05-18 16:03:55 - [TEST_STEP][PASSED] - closeBrowser(): Browser is closed

2024-05-18 16:03:56 - [MESSAGE][PASSED] - Browser is closed

2024-05-18 16:03:56 - [TEST_STEP][PASSED] - ExecuteTC = findTestData(dataFile).getValue("Execute", row): null

2024-05-18 16:03:56 - [TEST_STEP][PASSED] - out.println("Value of Execute is : " + ExecuteTC): null

2024-05-18 16:03:56 - [TEST_STEP][PASSED] - if (ExecuteTC.equalsIgnoreCase("Y")): Browser is closed

2024-05-18 16:03:56 - [TEST_STEP][PASSED] - out.println("Begin Record Number: " + row): null

2024-05-18 16:03:56 - [TEST_STEP][PASSED] - today = new java.util.Date(): null

2024-05-18 16:03:56 - [TEST_STEP][PASSED] - println(today): null

2024-05-18 16:03:56 - [TEST_STEP][PASSED] - datText = today: null

2024-05-18 16:03:56 - [TEST_STEP][PASSED] - openBrowser(VLinkURL + "authcap.html"): Browser is opened with url: 'https://dev-algorithm.govolution.com/vlinktest/QA2/version_2_0/authcap.html'

2024-05-18 16:03:56 - [MESSAGE][INFO] - Starting 'Chrome' driver

2024-05-18 16:03:56 - [MESSAGE][INFO] - User set preference: ['acceptInsecureCerts', 'true']

2024-05-18 16:03:56 - [MESSAGE][INFO] - Action delay is set to 0 milliseconds

2024-05-18 16:03:58 - [MESSAGE][PASSED] - Browser is opened with url: 'https://dev-algorithm.govolution.com/vlinktest/QA2/version_2_0/authcap.html'

2024-05-18 16:03:58 - [TEST_STEP][PASSED] - maximizeWindow(): Current window maximized

2024-05-18 16:03:58 - [MESSAGE][PASSED] - Current window maximized

2024-05-18 16:03:58 - [TEST_STEP][PASSED] - vlinkPages.saleCCPage.setDataSCC(row, dataFile): vlinkPages.saleCCPage.setDataSCC is PASSED

2024-05-18 16:04:01 - [MESSAGE][PASSED] - Object 'Object Repository/VLink/Page_CCSale/txt_CardNumber' is present

2024-05-18 16:04:02 - [MESSAGE][PASSED] - Text '104' is set on object 'Object Repository/VLink/Page_CCSale/txt_TransactionType'

2024-05-18 16:04:03 - [MESSAGE][PASSED] - Text '2.0C' is set on object 'Object Repository/VLink/Page_CCSale/txt_MessageVersion'

2024-05-18 16:04:03 - [MESSAGE][PASSED] - Text 'Z9gEwLzO5hHR' is set on object 'Object Repository/VLink/Page_CCSale/txt_RemID'

2024-05-18 16:04:04 - [MESSAGE][PASSED] - Text '670' is set on object 'Object Repository/VLink/Page_CCSale/txt_ApplicationId'

2024-05-18 16:04:05 - [MESSAGE][PASSED] - Text 'username' is set on object 'Object Repository/VLink/Page_CCSale/txt_Username'

2024-05-18 16:04:05 - [MESSAGE][PASSED] - Text 'password' is set on object 'Object Repository/VLink/Page_CCSale/txt_Password'

2024-05-18 16:04:06 - [MESSAGE][PASSED] - Text 'fixed_width' is set on object 'Object Repository/VLink/Page_CCSale/txt_ResponseFormat'

2024-05-18 16:04:07 - [MESSAGE][PASSED] - Text 'MOTO' is set on object 'Object Repository/VLink/Page_CCSale/txt_Category'

2024-05-18 16:04:08 - [MESSAGE][PASSED] - Text '' is set on object 'Object Repository/VLink/Page_CCSale/txt_TransactionID'

2024-05-18 16:04:08 - [MESSAGE][PASSED] - Text '' is set on object 'Object Repository/VLink/Page_CCSale/txt_ApprovalCode'

2024-05-18 16:04:09 - [MESSAGE][PASSED] - Text 'Arvind Silva' is set on object 'Object Repository/VLink/Page_CCSale/txt_CardName'

2024-05-18 16:04:10 - [MESSAGE][PASSED] - Text '111 Main Ave' is set on object 'Object Repository/VLink/Page_CCSale/txt_AL1'

2024-05-18 16:04:11 - [MESSAGE][PASSED] - Text '' is set on object 'Object Repository/VLink/Page_CCSale/txt_AL2'

2024-05-18 16:04:11 - [MESSAGE][PASSED] - Text 'Arlington' is set on object 'Object Repository/VLink/Page_CCSale/txt_CardCity'

2024-05-18 16:04:12 - [MESSAGE][PASSED] - Text 'VA' is set on object 'Object Repository/VLink/Page_CCSale/txt_CardState'

2024-05-18 16:04:13 - [MESSAGE][PASSED] - Text '22201' is set on object 'Object Repository/VLink/Page_CCSale/txt_CardZIP'

2024-05-18 16:04:13 - [MESSAGE][PASSED] - Text '' is set on object 'Object Repository/VLink/Page_CCSale/txt_CountryID'

2024-05-18 16:04:14 - [MESSAGE][PASSED] - Text '2.50' is set on object 'Object Repository/VLink/Page_CCSale/txt_Amount'

2024-05-18 16:04:15 - [MESSAGE][PASSED] - Text '4111111111111111' is set on object 'Object Repository/VLink/Page_CCSale/txt_CardNumber'

2024-05-18 16:04:16 - [MESSAGE][PASSED] - Text '01' is set on object 'Object Repository/VLink/Page_CCSale/txt_ExpMonth'

2024-05-18 16:04:16 - [MESSAGE][PASSED] - Text '2026' is set on object 'Object Repository/VLink/Page_CCSale/txt_ExpYear'

2024-05-18 16:04:17 - [MESSAGE][PASSED] - Text '' is set on object 'Object Repository/VLink/Page_CCSale/txt_CVV'

2024-05-18 16:04:18 - [MESSAGE][PASSED] - Text '' is set on object 'Object Repository/VLink/Page_CCSale/txt_CVVstate'

2024-05-18 16:04:18 - [MESSAGE][PASSED] - Text '' is set on object 'Object Repository/VLink/Page_CCSale/txt_TrackData'

2024-05-18 16:04:19 - [MESSAGE][PASSED] - Text '' is set on object 'Object Repository/VLink/Page_CCSale/txt_Track1Data'

2024-05-18 16:04:20 - [MESSAGE][PASSED] - Text '' is set on object 'Object Repository/VLink/Page_CCSale/txt_Track2Data'

2024-05-18 16:04:20 - [MESSAGE][PASSED] - Text 'manual' is set on object 'Object Repository/VLink/Page_CCSale/txt_POSEntryMode'

2024-05-18 16:04:21 - [MESSAGE][PASSED] - Text '' is set on object 'Object Repository/VLink/Page_CCSale/txt_Email'

2024-05-18 16:04:22 - [MESSAGE][PASSED] - Text '' is set on object 'Object Repository/VLink/Page_CCSale/txt_OrderNumber'

2024-05-18 16:04:23 - [MESSAGE][PASSED] - Text '' is set on object 'Object Repository/VLink/Page_CCSale/txt_TaxAmount'

2024-05-18 16:04:23 - [MESSAGE][PASSED] - Text '' is set on object 'Object Repository/VLink/Page_CCSale/txt_ChargeDescription'

2024-05-18 16:04:24 - [MESSAGE][PASSED] - Text '' is set on object 'Object Repository/VLink/Page_CCSale/txt_CAN'

2024-05-18 16:04:25 - [MESSAGE][PASSED] - Text '' is set on object 'Object Repository/VLink/Page_CCSale/txt_BillPaymentIndicator'

2024-05-18 16:04:25 - [MESSAGE][PASSED] - Text '' is set on object 'Object Repository/VLink/Page_CCSale/txt_UDF1'

2024-05-18 16:04:26 - [MESSAGE][PASSED] - Text '' is set on object 'Object Repository/VLink/Page_CCSale/txt_UDF2'

2024-05-18 16:04:27 - [MESSAGE][PASSED] - Text '' is set on object 'Object Repository/VLink/Page_CCSale/txt_UDF3'

2024-05-18 16:04:27 - [MESSAGE][PASSED] - Text '' is set on object 'Object Repository/VLink/Page_CCSale/txt_UDF4'

2024-05-18 16:04:28 - [MESSAGE][PASSED] - Text '' is set on object 'Object Repository/VLink/Page_CCSale/txt_UDF5'

2024-05-18 16:04:29 - [MESSAGE][PASSED] - Text '' is set on object 'Object Repository/VLink/Page_CCSale/txt_UDF6'

2024-05-18 16:04:29 - [MESSAGE][PASSED] - Text '' is set on object 'Object Repository/VLink/Page_CCSale/txt_UDF7'

2024-05-18 16:04:30 - [MESSAGE][PASSED] - Text '' is set on object 'Object Repository/VLink/Page_CCSale/txt_UDF8'

2024-05-18 16:04:31 - [MESSAGE][PASSED] - Text '' is set on object 'Object Repository/VLink/Page_CCSale/txt_UDF9'

2024-05-18 16:04:31 - [MESSAGE][PASSED] - Text '' is set on object 'Object Repository/VLink/Page_CCSale/txt_UDF10'

2024-05-18 16:04:35 - [MESSAGE][PASSED] - Object: 'Object Repository/VLink/Page_CCSale/btn_ProcessVLinkTransaction' is clicked on

2024-05-18 16:04:40 - [MESSAGE][PASSED] - vlinkPages.saleCCPage.setDataSCC is PASSED

2024-05-18 16:04:40 - [TEST_STEP][PASSED] - if (verifyTextPresent("Transaction approved, no errors", true)): null

2024-05-18 16:04:41 - [MESSAGE][PASSED] - Text 'Transaction approved, no errors' is present on page  using regular expression

2024-05-18 16:04:41 - [TEST_STEP][PASSED] - println("Transaction Approved, no errors text is present on the Confirmation page"): null

2024-05-18 16:04:41 - [TEST_STEP][PASSED] - out.println("Pass Record Number: " + row): null

2024-05-18 16:04:41 - [TEST_STEP][PASSED] - resText = "Pass": null

2024-05-18 16:04:41 - [TEST_STEP][PASSED] - pages.WriteExcel.demoKey(resText, datText, resColumn, datCloumn, fileLoc, nameSheet, row): pages.WriteExcel.demoKey is PASSED

2024-05-18 16:04:41 - [MESSAGE][PASSED] - pages.WriteExcel.demoKey is PASSED

2024-05-18 16:04:41 - [TEST_STEP][PASSED] - sdfo = getText(findTestObject("Object Repository/Page_VLinkReceipt/pre_STX")): Text of object 'Object Repository/Page_VLinkReceipt/pre_STX' is: '<STX>Z9gEwLzO5hHR                  12153245            0  Transaction approved, no errors                   0                                                                                  Y OK7888   <ETX>'

2024-05-18 16:04:41 - [MESSAGE][PASSED] - Text of object 'Object Repository/Page_VLinkReceipt/pre_STX' is: '<STX>Z9gEwLzO5hHR                  12153245            0  Transaction approved, no errors                   0                                                                                  Y OK7888   <ETX>'

2024-05-18 16:04:41 - [TEST_STEP][PASSED] - out.println("sdfo: " + sdfo): null

2024-05-18 16:04:41 - [TEST_STEP][PASSED] - remID = substring(5, 35).trim(): null

2024-05-18 16:04:41 - [TEST_STEP][PASSED] - out.println("Remittance ID: " + remID): null

2024-05-18 16:04:41 - [TEST_STEP][PASSED] - traxID = substring(35, 55).trim(): null

2024-05-18 16:04:41 - [TEST_STEP][PASSED] - out.println("Transaction ID: " + traxID): null

2024-05-18 16:04:41 - [TEST_STEP][PASSED] - out.println("End Record Number: " + row): null

2024-05-18 16:04:41 - [TEST_STEP][PASSED] - closeBrowser(): Browser is closed

2024-05-18 16:04:42 - [MESSAGE][PASSED] - Browser is closed

2024-05-18 16:04:42 - [TEST_STEP][PASSED] - ExecuteTC = findTestData(dataFile).getValue("Execute", row): null

2024-05-18 16:04:42 - [TEST_STEP][PASSED] - out.println("Value of Execute is : " + ExecuteTC): null

2024-05-18 16:04:42 - [TEST_STEP][PASSED] - if (ExecuteTC.equalsIgnoreCase("Y")): Browser is closed

2024-05-18 16:04:42 - [TEST_STEP][PASSED] - out.println("Begin Record Number: " + row): null

2024-05-18 16:04:42 - [TEST_STEP][PASSED] - today = new java.util.Date(): null

2024-05-18 16:04:42 - [TEST_STEP][PASSED] - println(today): null

2024-05-18 16:04:42 - [TEST_STEP][PASSED] - datText = today: null

2024-05-18 16:04:42 - [TEST_STEP][PASSED] - openBrowser(VLinkURL + "authcap.html"): Browser is opened with url: 'https://dev-algorithm.govolution.com/vlinktest/QA2/version_2_0/authcap.html'

2024-05-18 16:04:42 - [MESSAGE][INFO] - Starting 'Chrome' driver

2024-05-18 16:04:42 - [MESSAGE][INFO] - User set preference: ['acceptInsecureCerts', 'true']

2024-05-18 16:04:42 - [MESSAGE][INFO] - Action delay is set to 0 milliseconds

2024-05-18 16:04:44 - [MESSAGE][PASSED] - Browser is opened with url: 'https://dev-algorithm.govolution.com/vlinktest/QA2/version_2_0/authcap.html'

2024-05-18 16:04:44 - [TEST_STEP][PASSED] - maximizeWindow(): Current window maximized

2024-05-18 16:04:45 - [MESSAGE][PASSED] - Current window maximized

2024-05-18 16:04:45 - [TEST_STEP][PASSED] - vlinkPages.saleCCPage.setDataSCC(row, dataFile): vlinkPages.saleCCPage.setDataSCC is PASSED

2024-05-18 16:04:48 - [MESSAGE][PASSED] - Object 'Object Repository/VLink/Page_CCSale/txt_CardNumber' is present

2024-05-18 16:04:48 - [MESSAGE][PASSED] - Text '104' is set on object 'Object Repository/VLink/Page_CCSale/txt_TransactionType'

2024-05-18 16:04:49 - [MESSAGE][PASSED] - Text '2.0C' is set on object 'Object Repository/VLink/Page_CCSale/txt_MessageVersion'

2024-05-18 16:04:50 - [MESSAGE][PASSED] - Text 'OI1HWya1rBXU' is set on object 'Object Repository/VLink/Page_CCSale/txt_RemID'

2024-05-18 16:04:50 - [MESSAGE][PASSED] - Text '670' is set on object 'Object Repository/VLink/Page_CCSale/txt_ApplicationId'

2024-05-18 16:04:51 - [MESSAGE][PASSED] - Text 'username' is set on object 'Object Repository/VLink/Page_CCSale/txt_Username'

2024-05-18 16:04:52 - [MESSAGE][PASSED] - Text 'password' is set on object 'Object Repository/VLink/Page_CCSale/txt_Password'

2024-05-18 16:04:52 - [MESSAGE][PASSED] - Text 'fixed_width' is set on object 'Object Repository/VLink/Page_CCSale/txt_ResponseFormat'

2024-05-18 16:04:53 - [MESSAGE][PASSED] - Text 'MOTO' is set on object 'Object Repository/VLink/Page_CCSale/txt_Category'

2024-05-18 16:04:54 - [MESSAGE][PASSED] - Text '' is set on object 'Object Repository/VLink/Page_CCSale/txt_TransactionID'

2024-05-18 16:04:54 - [MESSAGE][PASSED] - Text '' is set on object 'Object Repository/VLink/Page_CCSale/txt_ApprovalCode'

2024-05-18 16:04:55 - [MESSAGE][PASSED] - Text 'Roshan Maha' is set on object 'Object Repository/VLink/Page_CCSale/txt_CardName'

2024-05-18 16:04:56 - [MESSAGE][PASSED] - Text '12563 Bazaar road' is set on object 'Object Repository/VLink/Page_CCSale/txt_AL1'

2024-05-18 16:04:57 - [MESSAGE][PASSED] - Text '' is set on object 'Object Repository/VLink/Page_CCSale/txt_AL2'

2024-05-18 16:04:57 - [MESSAGE][PASSED] - Text 'Crofton' is set on object 'Object Repository/VLink/Page_CCSale/txt_CardCity'

2024-05-18 16:04:58 - [MESSAGE][PASSED] - Text 'MD' is set on object 'Object Repository/VLink/Page_CCSale/txt_CardState'

2024-05-18 16:04:59 - [MESSAGE][PASSED] - Text '21114' is set on object 'Object Repository/VLink/Page_CCSale/txt_CardZIP'

2024-05-18 16:04:59 - [MESSAGE][PASSED] - Text '' is set on object 'Object Repository/VLink/Page_CCSale/txt_CountryID'

2024-05-18 16:05:00 - [MESSAGE][PASSED] - Text '3.50' is set on object 'Object Repository/VLink/Page_CCSale/txt_Amount'

2024-05-18 16:05:01 - [MESSAGE][PASSED] - Text '5424000000000015' is set on object 'Object Repository/VLink/Page_CCSale/txt_CardNumber'

2024-05-18 16:05:02 - [MESSAGE][PASSED] - Text '01' is set on object 'Object Repository/VLink/Page_CCSale/txt_ExpMonth'

2024-05-18 16:05:02 - [MESSAGE][PASSED] - Text '2026' is set on object 'Object Repository/VLink/Page_CCSale/txt_ExpYear'

2024-05-18 16:05:03 - [MESSAGE][PASSED] - Text '' is set on object 'Object Repository/VLink/Page_CCSale/txt_CVV'

2024-05-18 16:05:04 - [MESSAGE][PASSED] - Text '' is set on object 'Object Repository/VLink/Page_CCSale/txt_CVVstate'

2024-05-18 16:05:04 - [MESSAGE][PASSED] - Text '' is set on object 'Object Repository/VLink/Page_CCSale/txt_TrackData'

2024-05-18 16:05:05 - [MESSAGE][PASSED] - Text '' is set on object 'Object Repository/VLink/Page_CCSale/txt_Track1Data'

2024-05-18 16:05:06 - [MESSAGE][PASSED] - Text '' is set on object 'Object Repository/VLink/Page_CCSale/txt_Track2Data'

2024-05-18 16:05:06 - [MESSAGE][PASSED] - Text 'manual' is set on object 'Object Repository/VLink/Page_CCSale/txt_POSEntryMode'

2024-05-18 16:05:07 - [MESSAGE][PASSED] - Text '' is set on object 'Object Repository/VLink/Page_CCSale/txt_Email'

2024-05-18 16:05:08 - [MESSAGE][PASSED] - Text '' is set on object 'Object Repository/VLink/Page_CCSale/txt_OrderNumber'

2024-05-18 16:05:08 - [MESSAGE][PASSED] - Text '' is set on object 'Object Repository/VLink/Page_CCSale/txt_TaxAmount'

2024-05-18 16:05:09 - [MESSAGE][PASSED] - Text '' is set on object 'Object Repository/VLink/Page_CCSale/txt_ChargeDescription'

2024-05-18 16:05:10 - [MESSAGE][PASSED] - Text '' is set on object 'Object Repository/VLink/Page_CCSale/txt_CAN'

2024-05-18 16:05:11 - [MESSAGE][PASSED] - Text '' is set on object 'Object Repository/VLink/Page_CCSale/txt_BillPaymentIndicator'

2024-05-18 16:05:11 - [MESSAGE][PASSED] - Text '' is set on object 'Object Repository/VLink/Page_CCSale/txt_UDF1'

2024-05-18 16:05:12 - [MESSAGE][PASSED] - Text '' is set on object 'Object Repository/VLink/Page_CCSale/txt_UDF2'

2024-05-18 16:05:13 - [MESSAGE][PASSED] - Text '' is set on object 'Object Repository/VLink/Page_CCSale/txt_UDF3'

2024-05-18 16:05:13 - [MESSAGE][PASSED] - Text '' is set on object 'Object Repository/VLink/Page_CCSale/txt_UDF4'

2024-05-18 16:05:14 - [MESSAGE][PASSED] - Text '' is set on object 'Object Repository/VLink/Page_CCSale/txt_UDF5'

2024-05-18 16:05:15 - [MESSAGE][PASSED] - Text '' is set on object 'Object Repository/VLink/Page_CCSale/txt_UDF6'

2024-05-18 16:05:15 - [MESSAGE][PASSED] - Text '' is set on object 'Object Repository/VLink/Page_CCSale/txt_UDF7'

2024-05-18 16:05:16 - [MESSAGE][PASSED] - Text '' is set on object 'Object Repository/VLink/Page_CCSale/txt_UDF8'

2024-05-18 16:05:17 - [MESSAGE][PASSED] - Text '' is set on object 'Object Repository/VLink/Page_CCSale/txt_UDF9'

2024-05-18 16:05:17 - [MESSAGE][PASSED] - Text '' is set on object 'Object Repository/VLink/Page_CCSale/txt_UDF10'

2024-05-18 16:05:21 - [MESSAGE][PASSED] - Object: 'Object Repository/VLink/Page_CCSale/btn_ProcessVLinkTransaction' is clicked on

2024-05-18 16:05:26 - [MESSAGE][PASSED] - vlinkPages.saleCCPage.setDataSCC is PASSED

2024-05-18 16:05:26 - [TEST_STEP][PASSED] - if (verifyTextPresent("Transaction approved, no errors", true)): null

2024-05-18 16:05:26 - [MESSAGE][PASSED] - Text 'Transaction approved, no errors' is present on page  using regular expression

2024-05-18 16:05:26 - [TEST_STEP][PASSED] - println("Transaction Approved, no errors text is present on the Confirmation page"): null

2024-05-18 16:05:26 - [TEST_STEP][PASSED] - out.println("Pass Record Number: " + row): null

2024-05-18 16:05:26 - [TEST_STEP][PASSED] - resText = "Pass": null

2024-05-18 16:05:26 - [TEST_STEP][PASSED] - pages.WriteExcel.demoKey(resText, datText, resColumn, datCloumn, fileLoc, nameSheet, row): pages.WriteExcel.demoKey is PASSED

2024-05-18 16:05:27 - [MESSAGE][PASSED] - pages.WriteExcel.demoKey is PASSED

2024-05-18 16:05:27 - [TEST_STEP][PASSED] - sdfo = getText(findTestObject("Object Repository/Page_VLinkReceipt/pre_STX")): Text of object 'Object Repository/Page_VLinkReceipt/pre_STX' is: '<STX>OI1HWya1rBXU                  12153246            0  Transaction approved, no errors                   0                                                                                  Y OK7908   <ETX>'

2024-05-18 16:05:27 - [MESSAGE][PASSED] - Text of object 'Object Repository/Page_VLinkReceipt/pre_STX' is: '<STX>OI1HWya1rBXU                  12153246            0  Transaction approved, no errors                   0                                                                                  Y OK7908   <ETX>'

2024-05-18 16:05:27 - [TEST_STEP][PASSED] - out.println("sdfo: " + sdfo): null

2024-05-18 16:05:27 - [TEST_STEP][PASSED] - remID = substring(5, 35).trim(): null

2024-05-18 16:05:27 - [TEST_STEP][PASSED] - out.println("Remittance ID: " + remID): null

2024-05-18 16:05:27 - [TEST_STEP][PASSED] - traxID = substring(35, 55).trim(): null

2024-05-18 16:05:27 - [TEST_STEP][PASSED] - out.println("Transaction ID: " + traxID): null

2024-05-18 16:05:27 - [TEST_STEP][PASSED] - out.println("End Record Number: " + row): null

2024-05-18 16:05:27 - [TEST_STEP][PASSED] - closeBrowser(): Browser is closed

2024-05-18 16:05:28 - [MESSAGE][PASSED] - Browser is closed

2024-05-18 16:05:28 - [TEST_STEP][PASSED] - ExecuteTC = findTestData(dataFile).getValue("Execute", row): null

2024-05-18 16:05:28 - [TEST_STEP][PASSED] - out.println("Value of Execute is : " + ExecuteTC): null

2024-05-18 16:05:28 - [TEST_STEP][PASSED] - if (ExecuteTC.equalsIgnoreCase("Y")): Browser is closed

2024-05-18 16:05:28 - [TEST_STEP][PASSED] - out.println("Begin Record Number: " + row): null

2024-05-18 16:05:28 - [TEST_STEP][PASSED] - today = new java.util.Date(): null

2024-05-18 16:05:28 - [TEST_STEP][PASSED] - println(today): null

2024-05-18 16:05:28 - [TEST_STEP][PASSED] - datText = today: null

2024-05-18 16:05:28 - [TEST_STEP][PASSED] - openBrowser(VLinkURL + "authcap.html"): Browser is opened with url: 'https://dev-algorithm.govolution.com/vlinktest/QA2/version_2_0/authcap.html'

2024-05-18 16:05:28 - [MESSAGE][INFO] - Starting 'Chrome' driver

2024-05-18 16:05:28 - [MESSAGE][INFO] - User set preference: ['acceptInsecureCerts', 'true']

2024-05-18 16:05:28 - [MESSAGE][INFO] - Action delay is set to 0 milliseconds

2024-05-18 16:05:30 - [MESSAGE][PASSED] - Browser is opened with url: 'https://dev-algorithm.govolution.com/vlinktest/QA2/version_2_0/authcap.html'

2024-05-18 16:05:30 - [TEST_STEP][PASSED] - maximizeWindow(): Current window maximized

2024-05-18 16:05:30 - [MESSAGE][PASSED] - Current window maximized

2024-05-18 16:05:30 - [TEST_STEP][PASSED] - vlinkPages.saleCCPage.setDataSCC(row, dataFile): vlinkPages.saleCCPage.setDataSCC is PASSED

2024-05-18 16:05:34 - [MESSAGE][PASSED] - Object 'Object Repository/VLink/Page_CCSale/txt_CardNumber' is present

2024-05-18 16:05:34 - [MESSAGE][PASSED] - Text '104' is set on object 'Object Repository/VLink/Page_CCSale/txt_TransactionType'

2024-05-18 16:05:35 - [MESSAGE][PASSED] - Text '2.0C' is set on object 'Object Repository/VLink/Page_CCSale/txt_MessageVersion'

2024-05-18 16:05:36 - [MESSAGE][PASSED] - Text 'z0AErk2qkXYq' is set on object 'Object Repository/VLink/Page_CCSale/txt_RemID'

2024-05-18 16:05:36 - [MESSAGE][PASSED] - Text '670' is set on object 'Object Repository/VLink/Page_CCSale/txt_ApplicationId'

2024-05-18 16:05:37 - [MESSAGE][PASSED] - Text 'username' is set on object 'Object Repository/VLink/Page_CCSale/txt_Username'

2024-05-18 16:05:38 - [MESSAGE][PASSED] - Text 'password' is set on object 'Object Repository/VLink/Page_CCSale/txt_Password'

2024-05-18 16:05:38 - [MESSAGE][PASSED] - Text 'fixed_width' is set on object 'Object Repository/VLink/Page_CCSale/txt_ResponseFormat'

2024-05-18 16:05:39 - [MESSAGE][PASSED] - Text 'MOTO' is set on object 'Object Repository/VLink/Page_CCSale/txt_Category'

2024-05-18 16:05:40 - [MESSAGE][PASSED] - Text '' is set on object 'Object Repository/VLink/Page_CCSale/txt_TransactionID'

2024-05-18 16:05:40 - [MESSAGE][PASSED] - Text '' is set on object 'Object Repository/VLink/Page_CCSale/txt_ApprovalCode'

2024-05-18 16:05:41 - [MESSAGE][PASSED] - Text 'Kris Roshan' is set on object 'Object Repository/VLink/Page_CCSale/txt_CardName'

2024-05-18 16:05:42 - [MESSAGE][PASSED] - Text '258 Elm Road' is set on object 'Object Repository/VLink/Page_CCSale/txt_AL1'

2024-05-18 16:05:42 - [MESSAGE][PASSED] - Text 'Suite 56' is set on object 'Object Repository/VLink/Page_CCSale/txt_AL2'

2024-05-18 16:05:43 - [MESSAGE][PASSED] - Text 'Arlington' is set on object 'Object Repository/VLink/Page_CCSale/txt_CardCity'

2024-05-18 16:05:44 - [MESSAGE][PASSED] - Text 'VA' is set on object 'Object Repository/VLink/Page_CCSale/txt_CardState'

2024-05-18 16:05:45 - [MESSAGE][PASSED] - Text '22201' is set on object 'Object Repository/VLink/Page_CCSale/txt_CardZIP'

2024-05-18 16:05:45 - [MESSAGE][PASSED] - Text '840' is set on object 'Object Repository/VLink/Page_CCSale/txt_CountryID'

2024-05-18 16:05:46 - [MESSAGE][PASSED] - Text '1.50' is set on object 'Object Repository/VLink/Page_CCSale/txt_Amount'

2024-05-18 16:05:47 - [MESSAGE][PASSED] - Text '370000000000002' is set on object 'Object Repository/VLink/Page_CCSale/txt_CardNumber'

2024-05-18 16:05:48 - [MESSAGE][PASSED] - Text '12' is set on object 'Object Repository/VLink/Page_CCSale/txt_ExpMonth'

2024-05-18 16:05:48 - [MESSAGE][PASSED] - Text '2025' is set on object 'Object Repository/VLink/Page_CCSale/txt_ExpYear'

2024-05-18 16:05:49 - [MESSAGE][PASSED] - Text '' is set on object 'Object Repository/VLink/Page_CCSale/txt_CVV'

2024-05-18 16:05:50 - [MESSAGE][PASSED] - Text '' is set on object 'Object Repository/VLink/Page_CCSale/txt_CVVstate'

2024-05-18 16:05:50 - [MESSAGE][PASSED] - Text '' is set on object 'Object Repository/VLink/Page_CCSale/txt_TrackData'

2024-05-18 16:05:51 - [MESSAGE][PASSED] - Text '' is set on object 'Object Repository/VLink/Page_CCSale/txt_Track1Data'

2024-05-18 16:05:52 - [MESSAGE][PASSED] - Text '' is set on object 'Object Repository/VLink/Page_CCSale/txt_Track2Data'

2024-05-18 16:05:52 - [MESSAGE][PASSED] - Text 'manual' is set on object 'Object Repository/VLink/Page_CCSale/txt_POSEntryMode'

2024-05-18 16:05:53 - [MESSAGE][PASSED] - Text 'iahmed@govolution.com' is set on object 'Object Repository/VLink/Page_CCSale/txt_Email'

2024-05-18 16:05:54 - [MESSAGE][PASSED] - Text '2569362' is set on object 'Object Repository/VLink/Page_CCSale/txt_OrderNumber'

2024-05-18 16:05:54 - [MESSAGE][PASSED] - Text '1.15' is set on object 'Object Repository/VLink/Page_CCSale/txt_TaxAmount'

2024-05-18 16:05:55 - [MESSAGE][PASSED] - Text 'Charge Description' is set on object 'Object Repository/VLink/Page_CCSale/txt_ChargeDescription'

2024-05-18 16:05:56 - [MESSAGE][PASSED] - Text '147357' is set on object 'Object Repository/VLink/Page_CCSale/txt_CAN'

2024-05-18 16:05:57 - [MESSAGE][PASSED] - Text '1' is set on object 'Object Repository/VLink/Page_CCSale/txt_BillPaymentIndicator'

2024-05-18 16:05:57 - [MESSAGE][PASSED] - Text 'UDF Data 1' is set on object 'Object Repository/VLink/Page_CCSale/txt_UDF1'

2024-05-18 16:05:58 - [MESSAGE][PASSED] - Text 'UDF Data 2' is set on object 'Object Repository/VLink/Page_CCSale/txt_UDF2'

2024-05-18 16:05:59 - [MESSAGE][PASSED] - Text 'UDF Data 3' is set on object 'Object Repository/VLink/Page_CCSale/txt_UDF3'

2024-05-18 16:05:59 - [MESSAGE][PASSED] - Text 'UDF Data 4' is set on object 'Object Repository/VLink/Page_CCSale/txt_UDF4'

2024-05-18 16:06:00 - [MESSAGE][PASSED] - Text 'UDF Data 5' is set on object 'Object Repository/VLink/Page_CCSale/txt_UDF5'

2024-05-18 16:06:01 - [MESSAGE][PASSED] - Text 'UDF Data 6' is set on object 'Object Repository/VLink/Page_CCSale/txt_UDF6'

2024-05-18 16:06:02 - [MESSAGE][PASSED] - Text 'UDF Data 7' is set on object 'Object Repository/VLink/Page_CCSale/txt_UDF7'

2024-05-18 16:06:02 - [MESSAGE][PASSED] - Text 'UDF Data 8' is set on object 'Object Repository/VLink/Page_CCSale/txt_UDF8'

2024-05-18 16:06:03 - [MESSAGE][PASSED] - Text 'UDF Data 9' is set on object 'Object Repository/VLink/Page_CCSale/txt_UDF9'

2024-05-18 16:06:04 - [MESSAGE][PASSED] - Text 'UDF Data 10' is set on object 'Object Repository/VLink/Page_CCSale/txt_UDF10'

2024-05-18 16:06:07 - [MESSAGE][PASSED] - Object: 'Object Repository/VLink/Page_CCSale/btn_ProcessVLinkTransaction' is clicked on

2024-05-18 16:06:12 - [MESSAGE][PASSED] - vlinkPages.saleCCPage.setDataSCC is PASSED

2024-05-18 16:06:12 - [TEST_STEP][PASSED] - if (verifyTextPresent("Transaction approved, no errors", true)): null

2024-05-18 16:06:13 - [MESSAGE][PASSED] - Text 'Transaction approved, no errors' is present on page  using regular expression

2024-05-18 16:06:13 - [TEST_STEP][PASSED] - println("Transaction Approved, no errors text is present on the Confirmation page"): null

2024-05-18 16:06:13 - [TEST_STEP][PASSED] - out.println("Pass Record Number: " + row): null

2024-05-18 16:06:13 - [TEST_STEP][PASSED] - resText = "Pass": null

2024-05-18 16:06:13 - [TEST_STEP][PASSED] - pages.WriteExcel.demoKey(resText, datText, resColumn, datCloumn, fileLoc, nameSheet, row): pages.WriteExcel.demoKey is PASSED

2024-05-18 16:06:13 - [MESSAGE][PASSED] - pages.WriteExcel.demoKey is PASSED

2024-05-18 16:06:13 - [TEST_STEP][PASSED] - sdfo = getText(findTestObject("Object Repository/Page_VLinkReceipt/pre_STX")): Text of object 'Object Repository/Page_VLinkReceipt/pre_STX' is: '<STX>z0AErk2qkXYq                  12153247            0  Transaction approved, no errors                   0                                                                                  Y OK7978   <ETX>'

2024-05-18 16:06:13 - [MESSAGE][PASSED] - Text of object 'Object Repository/Page_VLinkReceipt/pre_STX' is: '<STX>z0AErk2qkXYq                  12153247            0  Transaction approved, no errors                   0                                                                                  Y OK7978   <ETX>'

2024-05-18 16:06:13 - [TEST_STEP][PASSED] - out.println("sdfo: " + sdfo): null

2024-05-18 16:06:13 - [TEST_STEP][PASSED] - remID = substring(5, 35).trim(): null

2024-05-18 16:06:13 - [TEST_STEP][PASSED] - out.println("Remittance ID: " + remID): null

2024-05-18 16:06:13 - [TEST_STEP][PASSED] - traxID = substring(35, 55).trim(): null

2024-05-18 16:06:13 - [TEST_STEP][PASSED] - out.println("Transaction ID: " + traxID): null

2024-05-18 16:06:13 - [TEST_STEP][PASSED] - out.println("End Record Number: " + row): null

2024-05-18 16:06:13 - [TEST_STEP][PASSED] - closeBrowser(): Browser is closed

2024-05-18 16:06:14 - [MESSAGE][PASSED] - Browser is closed

2024-05-18 16:06:14 - [TEST_STEP][PASSED] - ExecuteTC = findTestData(dataFile).getValue("Execute", row): null

2024-05-18 16:06:14 - [TEST_STEP][PASSED] - out.println("Value of Execute is : " + ExecuteTC): null

2024-05-18 16:06:14 - [TEST_STEP][PASSED] - if (ExecuteTC.equalsIgnoreCase("Y")): Browser is closed

2024-05-18 16:06:14 - [TEST_STEP][PASSED] - out.println("Begin Record Number: " + row): null

2024-05-18 16:06:14 - [TEST_STEP][PASSED] - today = new java.util.Date(): null

2024-05-18 16:06:14 - [TEST_STEP][PASSED] - println(today): null

2024-05-18 16:06:14 - [TEST_STEP][PASSED] - datText = today: null

2024-05-18 16:06:14 - [TEST_STEP][PASSED] - openBrowser(VLinkURL + "authcap.html"): Browser is opened with url: 'https://dev-algorithm.govolution.com/vlinktest/QA2/version_2_0/authcap.html'

2024-05-18 16:06:14 - [MESSAGE][INFO] - Starting 'Chrome' driver

2024-05-18 16:06:14 - [MESSAGE][INFO] - User set preference: ['acceptInsecureCerts', 'true']

2024-05-18 16:06:14 - [MESSAGE][INFO] - Action delay is set to 0 milliseconds

2024-05-18 16:06:16 - [MESSAGE][PASSED] - Browser is opened with url: 'https://dev-algorithm.govolution.com/vlinktest/QA2/version_2_0/authcap.html'

2024-05-18 16:06:16 - [TEST_STEP][PASSED] - maximizeWindow(): Current window maximized

2024-05-18 16:06:17 - [MESSAGE][PASSED] - Current window maximized

2024-05-18 16:06:17 - [TEST_STEP][PASSED] - vlinkPages.saleCCPage.setDataSCC(row, dataFile): vlinkPages.saleCCPage.setDataSCC is PASSED

2024-05-18 16:06:20 - [MESSAGE][PASSED] - Object 'Object Repository/VLink/Page_CCSale/txt_CardNumber' is present

2024-05-18 16:06:21 - [MESSAGE][PASSED] - Text '104' is set on object 'Object Repository/VLink/Page_CCSale/txt_TransactionType'

2024-05-18 16:06:21 - [MESSAGE][PASSED] - Text '2.0C' is set on object 'Object Repository/VLink/Page_CCSale/txt_MessageVersion'

2024-05-18 16:06:22 - [MESSAGE][PASSED] - Text '6nB2i9RUn3ex' is set on object 'Object Repository/VLink/Page_CCSale/txt_RemID'

2024-05-18 16:06:22 - [MESSAGE][PASSED] - Text '670' is set on object 'Object Repository/VLink/Page_CCSale/txt_ApplicationId'

2024-05-18 16:06:23 - [MESSAGE][PASSED] - Text 'username' is set on object 'Object Repository/VLink/Page_CCSale/txt_Username'

2024-05-18 16:06:24 - [MESSAGE][PASSED] - Text 'password' is set on object 'Object Repository/VLink/Page_CCSale/txt_Password'

2024-05-18 16:06:25 - [MESSAGE][PASSED] - Text 'fixed_width' is set on object 'Object Repository/VLink/Page_CCSale/txt_ResponseFormat'

2024-05-18 16:06:25 - [MESSAGE][PASSED] - Text 'MOTO' is set on object 'Object Repository/VLink/Page_CCSale/txt_Category'

2024-05-18 16:06:26 - [MESSAGE][PASSED] - Text '' is set on object 'Object Repository/VLink/Page_CCSale/txt_TransactionID'

2024-05-18 16:06:27 - [MESSAGE][PASSED] - Text '' is set on object 'Object Repository/VLink/Page_CCSale/txt_ApprovalCode'

2024-05-18 16:06:27 - [MESSAGE][PASSED] - Text 'Arvind Silva' is set on object 'Object Repository/VLink/Page_CCSale/txt_CardName'

2024-05-18 16:06:28 - [MESSAGE][PASSED] - Text '111 Main Ave' is set on object 'Object Repository/VLink/Page_CCSale/txt_AL1'

2024-05-18 16:06:29 - [MESSAGE][PASSED] - Text '' is set on object 'Object Repository/VLink/Page_CCSale/txt_AL2'

2024-05-18 16:06:30 - [MESSAGE][PASSED] - Text 'Arlington' is set on object 'Object Repository/VLink/Page_CCSale/txt_CardCity'

2024-05-18 16:06:30 - [MESSAGE][PASSED] - Text 'VA' is set on object 'Object Repository/VLink/Page_CCSale/txt_CardState'

2024-05-18 16:06:31 - [MESSAGE][PASSED] - Text '22201' is set on object 'Object Repository/VLink/Page_CCSale/txt_CardZIP'

2024-05-18 16:06:32 - [MESSAGE][PASSED] - Text '' is set on object 'Object Repository/VLink/Page_CCSale/txt_CountryID'

2024-05-18 16:06:32 - [MESSAGE][PASSED] - Text '2.50' is set on object 'Object Repository/VLink/Page_CCSale/txt_Amount'

2024-05-18 16:06:33 - [MESSAGE][PASSED] - Text '6011000000000004' is set on object 'Object Repository/VLink/Page_CCSale/txt_CardNumber'

2024-05-18 16:06:34 - [MESSAGE][PASSED] - Text '01' is set on object 'Object Repository/VLink/Page_CCSale/txt_ExpMonth'

2024-05-18 16:06:34 - [MESSAGE][PASSED] - Text '2026' is set on object 'Object Repository/VLink/Page_CCSale/txt_ExpYear'

2024-05-18 16:06:35 - [MESSAGE][PASSED] - Text '' is set on object 'Object Repository/VLink/Page_CCSale/txt_CVV'

2024-05-18 16:06:36 - [MESSAGE][PASSED] - Text '' is set on object 'Object Repository/VLink/Page_CCSale/txt_CVVstate'

2024-05-18 16:06:37 - [MESSAGE][PASSED] - Text '' is set on object 'Object Repository/VLink/Page_CCSale/txt_TrackData'

2024-05-18 16:06:37 - [MESSAGE][PASSED] - Text '' is set on object 'Object Repository/VLink/Page_CCSale/txt_Track1Data'

2024-05-18 16:06:38 - [MESSAGE][PASSED] - Text '' is set on object 'Object Repository/VLink/Page_CCSale/txt_Track2Data'

2024-05-18 16:06:39 - [MESSAGE][PASSED] - Text 'manual' is set on object 'Object Repository/VLink/Page_CCSale/txt_POSEntryMode'

2024-05-18 16:06:39 - [MESSAGE][PASSED] - Text '' is set on object 'Object Repository/VLink/Page_CCSale/txt_Email'

2024-05-18 16:06:40 - [MESSAGE][PASSED] - Text '' is set on object 'Object Repository/VLink/Page_CCSale/txt_OrderNumber'

2024-05-18 16:06:41 - [MESSAGE][PASSED] - Text '' is set on object 'Object Repository/VLink/Page_CCSale/txt_TaxAmount'

2024-05-18 16:06:41 - [MESSAGE][PASSED] - Text '' is set on object 'Object Repository/VLink/Page_CCSale/txt_ChargeDescription'

2024-05-18 16:06:42 - [MESSAGE][PASSED] - Text '' is set on object 'Object Repository/VLink/Page_CCSale/txt_CAN'

2024-05-18 16:06:43 - [MESSAGE][PASSED] - Text '' is set on object 'Object Repository/VLink/Page_CCSale/txt_BillPaymentIndicator'

2024-05-18 16:06:44 - [MESSAGE][PASSED] - Text '' is set on object 'Object Repository/VLink/Page_CCSale/txt_UDF1'

2024-05-18 16:06:44 - [MESSAGE][PASSED] - Text '' is set on object 'Object Repository/VLink/Page_CCSale/txt_UDF2'

2024-05-18 16:06:45 - [MESSAGE][PASSED] - Text '' is set on object 'Object Repository/VLink/Page_CCSale/txt_UDF3'

2024-05-18 16:06:46 - [MESSAGE][PASSED] - Text '' is set on object 'Object Repository/VLink/Page_CCSale/txt_UDF4'

2024-05-18 16:06:46 - [MESSAGE][PASSED] - Text '' is set on object 'Object Repository/VLink/Page_CCSale/txt_UDF5'

2024-05-18 16:06:47 - [MESSAGE][PASSED] - Text '' is set on object 'Object Repository/VLink/Page_CCSale/txt_UDF6'

2024-05-18 16:06:48 - [MESSAGE][PASSED] - Text '' is set on object 'Object Repository/VLink/Page_CCSale/txt_UDF7'

2024-05-18 16:06:48 - [MESSAGE][PASSED] - Text '' is set on object 'Object Repository/VLink/Page_CCSale/txt_UDF8'

2024-05-18 16:06:49 - [MESSAGE][PASSED] - Text '' is set on object 'Object Repository/VLink/Page_CCSale/txt_UDF9'

2024-05-18 16:06:50 - [MESSAGE][PASSED] - Text '' is set on object 'Object Repository/VLink/Page_CCSale/txt_UDF10'

2024-05-18 16:06:54 - [MESSAGE][PASSED] - Object: 'Object Repository/VLink/Page_CCSale/btn_ProcessVLinkTransaction' is clicked on

2024-05-18 16:06:59 - [MESSAGE][PASSED] - vlinkPages.saleCCPage.setDataSCC is PASSED

2024-05-18 16:06:59 - [TEST_STEP][PASSED] - if (verifyTextPresent("Transaction approved, no errors", true)): null

2024-05-18 16:06:59 - [MESSAGE][PASSED] - Text 'Transaction approved, no errors' is present on page  using regular expression

2024-05-18 16:06:59 - [TEST_STEP][PASSED] - println("Transaction Approved, no errors text is present on the Confirmation page"): null

2024-05-18 16:06:59 - [TEST_STEP][PASSED] - out.println("Pass Record Number: " + row): null

2024-05-18 16:06:59 - [TEST_STEP][PASSED] - resText = "Pass": null

2024-05-18 16:06:59 - [TEST_STEP][PASSED] - pages.WriteExcel.demoKey(resText, datText, resColumn, datCloumn, fileLoc, nameSheet, row): pages.WriteExcel.demoKey is PASSED

2024-05-18 16:06:59 - [MESSAGE][PASSED] - pages.WriteExcel.demoKey is PASSED

2024-05-18 16:06:59 - [TEST_STEP][PASSED] - sdfo = getText(findTestObject("Object Repository/Page_VLinkReceipt/pre_STX")): Text of object 'Object Repository/Page_VLinkReceipt/pre_STX' is: '<STX>6nB2i9RUn3ex                  12153248            0  Transaction approved, no errors                   0                                                                                  Y OK8138   <ETX>'

2024-05-18 16:07:00 - [MESSAGE][PASSED] - Text of object 'Object Repository/Page_VLinkReceipt/pre_STX' is: '<STX>6nB2i9RUn3ex                  12153248            0  Transaction approved, no errors                   0                                                                                  Y OK8138   <ETX>'

2024-05-18 16:07:00 - [TEST_STEP][PASSED] - out.println("sdfo: " + sdfo): null

2024-05-18 16:07:00 - [TEST_STEP][PASSED] - remID = substring(5, 35).trim(): null

2024-05-18 16:07:00 - [TEST_STEP][PASSED] - out.println("Remittance ID: " + remID): null

2024-05-18 16:07:00 - [TEST_STEP][PASSED] - traxID = substring(35, 55).trim(): null

2024-05-18 16:07:00 - [TEST_STEP][PASSED] - out.println("Transaction ID: " + traxID): null

2024-05-18 16:07:00 - [TEST_STEP][PASSED] - out.println("End Record Number: " + row): null

2024-05-18 16:07:00 - [TEST_STEP][PASSED] - closeBrowser(): Browser is closed

2024-05-18 16:07:01 - [MESSAGE][PASSED] - Browser is closed

2024-05-18 16:07:01 - [TEST_STEP][PASSED] - ExecuteTC = findTestData(dataFile).getValue("Execute", row): null

2024-05-18 16:07:01 - [TEST_STEP][PASSED] - out.println("Value of Execute is : " + ExecuteTC): null

2024-05-18 16:07:01 - [TEST_STEP][PASSED] - if (ExecuteTC.equalsIgnoreCase("Y")): Browser is closed

2024-05-18 16:07:01 - [TEST_STEP][PASSED] - out.println("Begin Record Number: " + row): null

2024-05-18 16:07:01 - [TEST_STEP][PASSED] - today = new java.util.Date(): null

2024-05-18 16:07:01 - [TEST_STEP][PASSED] - println(today): null

2024-05-18 16:07:01 - [TEST_STEP][PASSED] - datText = today: null

2024-05-18 16:07:01 - [TEST_STEP][PASSED] - openBrowser(VLinkURL + "authcap.html"): Browser is opened with url: 'https://dev-algorithm.govolution.com/vlinktest/QA2/version_2_0/authcap.html'

2024-05-18 16:07:01 - [MESSAGE][INFO] - Starting 'Chrome' driver

2024-05-18 16:07:01 - [MESSAGE][INFO] - User set preference: ['acceptInsecureCerts', 'true']

2024-05-18 16:07:01 - [MESSAGE][INFO] - Action delay is set to 0 milliseconds

2024-05-18 16:07:03 - [MESSAGE][PASSED] - Browser is opened with url: 'https://dev-algorithm.govolution.com/vlinktest/QA2/version_2_0/authcap.html'

2024-05-18 16:07:03 - [TEST_STEP][PASSED] - maximizeWindow(): Current window maximized

2024-05-18 16:07:03 - [MESSAGE][PASSED] - Current window maximized

2024-05-18 16:07:03 - [TEST_STEP][PASSED] - vlinkPages.saleCCPage.setDataSCC(row, dataFile): vlinkPages.saleCCPage.setDataSCC is PASSED

2024-05-18 16:07:06 - [MESSAGE][PASSED] - Object 'Object Repository/VLink/Page_CCSale/txt_CardNumber' is present

2024-05-18 16:07:07 - [MESSAGE][PASSED] - Text '104' is set on object 'Object Repository/VLink/Page_CCSale/txt_TransactionType'

2024-05-18 16:07:08 - [MESSAGE][PASSED] - Text '2.0C' is set on object 'Object Repository/VLink/Page_CCSale/txt_MessageVersion'

2024-05-18 16:07:08 - [MESSAGE][PASSED] - Text 'cXqYn327IDIp' is set on object 'Object Repository/VLink/Page_CCSale/txt_RemID'

2024-05-18 16:07:09 - [MESSAGE][PASSED] - Text '671' is set on object 'Object Repository/VLink/Page_CCSale/txt_ApplicationId'

2024-05-18 16:07:10 - [MESSAGE][PASSED] - Text 'username' is set on object 'Object Repository/VLink/Page_CCSale/txt_Username'

2024-05-18 16:07:10 - [MESSAGE][PASSED] - Text 'password' is set on object 'Object Repository/VLink/Page_CCSale/txt_Password'

2024-05-18 16:07:11 - [MESSAGE][PASSED] - Text 'fixed_width' is set on object 'Object Repository/VLink/Page_CCSale/txt_ResponseFormat'

2024-05-18 16:07:12 - [MESSAGE][PASSED] - Text 'RETL' is set on object 'Object Repository/VLink/Page_CCSale/txt_Category'

2024-05-18 16:07:12 - [MESSAGE][PASSED] - Text '' is set on object 'Object Repository/VLink/Page_CCSale/txt_TransactionID'

2024-05-18 16:07:13 - [MESSAGE][PASSED] - Text '' is set on object 'Object Repository/VLink/Page_CCSale/txt_ApprovalCode'

2024-05-18 16:07:14 - [MESSAGE][PASSED] - Text 'Roshan Maha' is set on object 'Object Repository/VLink/Page_CCSale/txt_CardName'

2024-05-18 16:07:14 - [MESSAGE][PASSED] - Text '12563 Bazaar road' is set on object 'Object Repository/VLink/Page_CCSale/txt_AL1'

2024-05-18 16:07:15 - [MESSAGE][PASSED] - Text '' is set on object 'Object Repository/VLink/Page_CCSale/txt_AL2'

2024-05-18 16:07:16 - [MESSAGE][PASSED] - Text 'Crofton' is set on object 'Object Repository/VLink/Page_CCSale/txt_CardCity'

2024-05-18 16:07:17 - [MESSAGE][PASSED] - Text 'MD' is set on object 'Object Repository/VLink/Page_CCSale/txt_CardState'

2024-05-18 16:07:17 - [MESSAGE][PASSED] - Text '21114' is set on object 'Object Repository/VLink/Page_CCSale/txt_CardZIP'

2024-05-18 16:07:18 - [MESSAGE][PASSED] - Text '' is set on object 'Object Repository/VLink/Page_CCSale/txt_CountryID'

2024-05-18 16:07:19 - [MESSAGE][PASSED] - Text '3.50' is set on object 'Object Repository/VLink/Page_CCSale/txt_Amount'

2024-05-18 16:07:19 - [MESSAGE][PASSED] - Text '4111111111111111' is set on object 'Object Repository/VLink/Page_CCSale/txt_CardNumber'

2024-05-18 16:07:20 - [MESSAGE][PASSED] - Text '01' is set on object 'Object Repository/VLink/Page_CCSale/txt_ExpMonth'

2024-05-18 16:07:21 - [MESSAGE][PASSED] - Text '2026' is set on object 'Object Repository/VLink/Page_CCSale/txt_ExpYear'

2024-05-18 16:07:21 - [MESSAGE][PASSED] - Text '' is set on object 'Object Repository/VLink/Page_CCSale/txt_CVV'

2024-05-18 16:07:22 - [MESSAGE][PASSED] - Text '' is set on object 'Object Repository/VLink/Page_CCSale/txt_CVVstate'

2024-05-18 16:07:23 - [MESSAGE][PASSED] - Text '' is set on object 'Object Repository/VLink/Page_CCSale/txt_TrackData'

2024-05-18 16:07:23 - [MESSAGE][PASSED] - Text '' is set on object 'Object Repository/VLink/Page_CCSale/txt_Track1Data'

2024-05-18 16:07:24 - [MESSAGE][PASSED] - Text '' is set on object 'Object Repository/VLink/Page_CCSale/txt_Track2Data'

2024-05-18 16:07:25 - [MESSAGE][PASSED] - Text 'manual' is set on object 'Object Repository/VLink/Page_CCSale/txt_POSEntryMode'

2024-05-18 16:07:26 - [MESSAGE][PASSED] - Text '' is set on object 'Object Repository/VLink/Page_CCSale/txt_Email'

2024-05-18 16:07:26 - [MESSAGE][PASSED] - Text '' is set on object 'Object Repository/VLink/Page_CCSale/txt_OrderNumber'

2024-05-18 16:07:27 - [MESSAGE][PASSED] - Text '' is set on object 'Object Repository/VLink/Page_CCSale/txt_TaxAmount'

2024-05-18 16:07:28 - [MESSAGE][PASSED] - Text '' is set on object 'Object Repository/VLink/Page_CCSale/txt_ChargeDescription'

2024-05-18 16:07:28 - [MESSAGE][PASSED] - Text '' is set on object 'Object Repository/VLink/Page_CCSale/txt_CAN'

2024-05-18 16:07:29 - [MESSAGE][PASSED] - Text '' is set on object 'Object Repository/VLink/Page_CCSale/txt_BillPaymentIndicator'

2024-05-18 16:07:30 - [MESSAGE][PASSED] - Text '' is set on object 'Object Repository/VLink/Page_CCSale/txt_UDF1'

2024-05-18 16:07:30 - [MESSAGE][PASSED] - Text '' is set on object 'Object Repository/VLink/Page_CCSale/txt_UDF2'

2024-05-18 16:07:31 - [MESSAGE][PASSED] - Text '' is set on object 'Object Repository/VLink/Page_CCSale/txt_UDF3'

2024-05-18 16:07:32 - [MESSAGE][PASSED] - Text '' is set on object 'Object Repository/VLink/Page_CCSale/txt_UDF4'

2024-05-18 16:07:32 - [MESSAGE][PASSED] - Text '' is set on object 'Object Repository/VLink/Page_CCSale/txt_UDF5'

2024-05-18 16:07:33 - [MESSAGE][PASSED] - Text '' is set on object 'Object Repository/VLink/Page_CCSale/txt_UDF6'

2024-05-18 16:07:34 - [MESSAGE][PASSED] - Text '' is set on object 'Object Repository/VLink/Page_CCSale/txt_UDF7'

2024-05-18 16:07:34 - [MESSAGE][PASSED] - Text '' is set on object 'Object Repository/VLink/Page_CCSale/txt_UDF8'

2024-05-18 16:07:35 - [MESSAGE][PASSED] - Text '' is set on object 'Object Repository/VLink/Page_CCSale/txt_UDF9'

2024-05-18 16:07:36 - [MESSAGE][PASSED] - Text '' is set on object 'Object Repository/VLink/Page_CCSale/txt_UDF10'

2024-05-18 16:07:39 - [MESSAGE][PASSED] - Object: 'Object Repository/VLink/Page_CCSale/btn_ProcessVLinkTransaction' is clicked on

2024-05-18 16:07:44 - [MESSAGE][PASSED] - vlinkPages.saleCCPage.setDataSCC is PASSED

2024-05-18 16:07:44 - [TEST_STEP][PASSED] - if (verifyTextPresent("Transaction approved, no errors", true)): null

2024-05-18 16:07:45 - [MESSAGE][PASSED] - Text 'Transaction approved, no errors' is present on page  using regular expression

2024-05-18 16:07:45 - [TEST_STEP][PASSED] - println("Transaction Approved, no errors text is present on the Confirmation page"): null

2024-05-18 16:07:45 - [TEST_STEP][PASSED] - out.println("Pass Record Number: " + row): null

2024-05-18 16:07:45 - [TEST_STEP][PASSED] - resText = "Pass": null

2024-05-18 16:07:45 - [TEST_STEP][PASSED] - pages.WriteExcel.demoKey(resText, datText, resColumn, datCloumn, fileLoc, nameSheet, row): pages.WriteExcel.demoKey is PASSED

2024-05-18 16:07:45 - [MESSAGE][PASSED] - pages.WriteExcel.demoKey is PASSED

2024-05-18 16:07:45 - [TEST_STEP][PASSED] - sdfo = getText(findTestObject("Object Repository/Page_VLinkReceipt/pre_STX")): Text of object 'Object Repository/Page_VLinkReceipt/pre_STX' is: '<STX>cXqYn327IDIp                  12153249            0  Transaction approved, no errors                   0                                                                                  Y OK8268   <ETX>'

2024-05-18 16:07:45 - [MESSAGE][PASSED] - Text of object 'Object Repository/Page_VLinkReceipt/pre_STX' is: '<STX>cXqYn327IDIp                  12153249            0  Transaction approved, no errors                   0                                                                                  Y OK8268   <ETX>'

2024-05-18 16:07:45 - [TEST_STEP][PASSED] - out.println("sdfo: " + sdfo): null

2024-05-18 16:07:45 - [TEST_STEP][PASSED] - remID = substring(5, 35).trim(): null

2024-05-18 16:07:45 - [TEST_STEP][PASSED] - out.println("Remittance ID: " + remID): null

2024-05-18 16:07:45 - [TEST_STEP][PASSED] - traxID = substring(35, 55).trim(): null

2024-05-18 16:07:45 - [TEST_STEP][PASSED] - out.println("Transaction ID: " + traxID): null

2024-05-18 16:07:45 - [TEST_STEP][PASSED] - out.println("End Record Number: " + row): null

2024-05-18 16:07:45 - [TEST_STEP][PASSED] - closeBrowser(): Browser is closed

2024-05-18 16:07:46 - [MESSAGE][PASSED] - Browser is closed

2024-05-18 16:07:46 - [TEST_STEP][PASSED] - ExecuteTC = findTestData(dataFile).getValue("Execute", row): null

2024-05-18 16:07:46 - [TEST_STEP][PASSED] - out.println("Value of Execute is : " + ExecuteTC): null

2024-05-18 16:07:46 - [TEST_STEP][PASSED] - if (ExecuteTC.equalsIgnoreCase("Y")): Browser is closed

2024-05-18 16:07:46 - [TEST_STEP][PASSED] - out.println("Begin Record Number: " + row): null

2024-05-18 16:07:46 - [TEST_STEP][PASSED] - today = new java.util.Date(): null

2024-05-18 16:07:46 - [TEST_STEP][PASSED] - println(today): null

2024-05-18 16:07:46 - [TEST_STEP][PASSED] - datText = today: null

2024-05-18 16:07:46 - [TEST_STEP][PASSED] - openBrowser(VLinkURL + "authcap.html"): Browser is opened with url: 'https://dev-algorithm.govolution.com/vlinktest/QA2/version_2_0/authcap.html'

2024-05-18 16:07:46 - [MESSAGE][INFO] - Starting 'Chrome' driver

2024-05-18 16:07:46 - [MESSAGE][INFO] - User set preference: ['acceptInsecureCerts', 'true']

2024-05-18 16:07:46 - [MESSAGE][INFO] - Action delay is set to 0 milliseconds

2024-05-18 16:07:48 - [MESSAGE][PASSED] - Browser is opened with url: 'https://dev-algorithm.govolution.com/vlinktest/QA2/version_2_0/authcap.html'

2024-05-18 16:07:48 - [TEST_STEP][PASSED] - maximizeWindow(): Current window maximized

2024-05-18 16:07:49 - [MESSAGE][PASSED] - Current window maximized

2024-05-18 16:07:49 - [TEST_STEP][PASSED] - vlinkPages.saleCCPage.setDataSCC(row, dataFile): vlinkPages.saleCCPage.setDataSCC is PASSED

2024-05-18 16:07:52 - [MESSAGE][PASSED] - Object 'Object Repository/VLink/Page_CCSale/txt_CardNumber' is present

2024-05-18 16:07:53 - [MESSAGE][PASSED] - Text '104' is set on object 'Object Repository/VLink/Page_CCSale/txt_TransactionType'

2024-05-18 16:07:53 - [MESSAGE][PASSED] - Text '2.0C' is set on object 'Object Repository/VLink/Page_CCSale/txt_MessageVersion'

2024-05-18 16:07:54 - [MESSAGE][PASSED] - Text 'eLL53hiMtNsq' is set on object 'Object Repository/VLink/Page_CCSale/txt_RemID'

2024-05-18 16:07:55 - [MESSAGE][PASSED] - Text '671' is set on object 'Object Repository/VLink/Page_CCSale/txt_ApplicationId'

2024-05-18 16:07:55 - [MESSAGE][PASSED] - Text 'username' is set on object 'Object Repository/VLink/Page_CCSale/txt_Username'

2024-05-18 16:07:56 - [MESSAGE][PASSED] - Text 'password' is set on object 'Object Repository/VLink/Page_CCSale/txt_Password'

2024-05-18 16:07:57 - [MESSAGE][PASSED] - Text 'fixed_width' is set on object 'Object Repository/VLink/Page_CCSale/txt_ResponseFormat'

2024-05-18 16:07:57 - [MESSAGE][PASSED] - Text 'RETL' is set on object 'Object Repository/VLink/Page_CCSale/txt_Category'

2024-05-18 16:07:58 - [MESSAGE][PASSED] - Text '' is set on object 'Object Repository/VLink/Page_CCSale/txt_TransactionID'

2024-05-18 16:07:59 - [MESSAGE][PASSED] - Text '' is set on object 'Object Repository/VLink/Page_CCSale/txt_ApprovalCode'

2024-05-18 16:08:00 - [MESSAGE][PASSED] - Text 'Kris Roshan' is set on object 'Object Repository/VLink/Page_CCSale/txt_CardName'

2024-05-18 16:08:00 - [MESSAGE][PASSED] - Text '258 Elm Road' is set on object 'Object Repository/VLink/Page_CCSale/txt_AL1'

2024-05-18 16:08:01 - [MESSAGE][PASSED] - Text 'Suite 56' is set on object 'Object Repository/VLink/Page_CCSale/txt_AL2'

2024-05-18 16:08:02 - [MESSAGE][PASSED] - Text 'Arlington' is set on object 'Object Repository/VLink/Page_CCSale/txt_CardCity'

2024-05-18 16:08:02 - [MESSAGE][PASSED] - Text 'VA' is set on object 'Object Repository/VLink/Page_CCSale/txt_CardState'

2024-05-18 16:08:03 - [MESSAGE][PASSED] - Text '22201' is set on object 'Object Repository/VLink/Page_CCSale/txt_CardZIP'

2024-05-18 16:08:04 - [MESSAGE][PASSED] - Text '840' is set on object 'Object Repository/VLink/Page_CCSale/txt_CountryID'

2024-05-18 16:08:05 - [MESSAGE][PASSED] - Text '1.50' is set on object 'Object Repository/VLink/Page_CCSale/txt_Amount'

2024-05-18 16:08:05 - [MESSAGE][PASSED] - Text '5424000000000015' is set on object 'Object Repository/VLink/Page_CCSale/txt_CardNumber'

2024-05-18 16:08:06 - [MESSAGE][PASSED] - Text '12' is set on object 'Object Repository/VLink/Page_CCSale/txt_ExpMonth'

2024-05-18 16:08:07 - [MESSAGE][PASSED] - Text '2025' is set on object 'Object Repository/VLink/Page_CCSale/txt_ExpYear'

2024-05-18 16:08:07 - [MESSAGE][PASSED] - Text '' is set on object 'Object Repository/VLink/Page_CCSale/txt_CVV'

2024-05-18 16:08:08 - [MESSAGE][PASSED] - Text '' is set on object 'Object Repository/VLink/Page_CCSale/txt_CVVstate'

2024-05-18 16:08:09 - [MESSAGE][PASSED] - Text '' is set on object 'Object Repository/VLink/Page_CCSale/txt_TrackData'

2024-05-18 16:08:09 - [MESSAGE][PASSED] - Text '' is set on object 'Object Repository/VLink/Page_CCSale/txt_Track1Data'

2024-05-18 16:08:10 - [MESSAGE][PASSED] - Text '' is set on object 'Object Repository/VLink/Page_CCSale/txt_Track2Data'

2024-05-18 16:08:11 - [MESSAGE][PASSED] - Text 'manual' is set on object 'Object Repository/VLink/Page_CCSale/txt_POSEntryMode'

2024-05-18 16:08:12 - [MESSAGE][PASSED] - Text 'iahmed@govolution.com' is set on object 'Object Repository/VLink/Page_CCSale/txt_Email'

2024-05-18 16:08:12 - [MESSAGE][PASSED] - Text '2569362' is set on object 'Object Repository/VLink/Page_CCSale/txt_OrderNumber'

2024-05-18 16:08:13 - [MESSAGE][PASSED] - Text '1.15' is set on object 'Object Repository/VLink/Page_CCSale/txt_TaxAmount'

2024-05-18 16:08:14 - [MESSAGE][PASSED] - Text 'Charge Description' is set on object 'Object Repository/VLink/Page_CCSale/txt_ChargeDescription'

2024-05-18 16:08:14 - [MESSAGE][PASSED] - Text '147357' is set on object 'Object Repository/VLink/Page_CCSale/txt_CAN'

2024-05-18 16:08:15 - [MESSAGE][PASSED] - Text '1' is set on object 'Object Repository/VLink/Page_CCSale/txt_BillPaymentIndicator'

2024-05-18 16:08:16 - [MESSAGE][PASSED] - Text 'UDF Data 1' is set on object 'Object Repository/VLink/Page_CCSale/txt_UDF1'

2024-05-18 16:08:16 - [MESSAGE][PASSED] - Text 'UDF Data 2' is set on object 'Object Repository/VLink/Page_CCSale/txt_UDF2'

2024-05-18 16:08:17 - [MESSAGE][PASSED] - Text 'UDF Data 3' is set on object 'Object Repository/VLink/Page_CCSale/txt_UDF3'

2024-05-18 16:08:18 - [MESSAGE][PASSED] - Text 'UDF Data 4' is set on object 'Object Repository/VLink/Page_CCSale/txt_UDF4'

2024-05-18 16:08:19 - [MESSAGE][PASSED] - Text 'UDF Data 5' is set on object 'Object Repository/VLink/Page_CCSale/txt_UDF5'

2024-05-18 16:08:19 - [MESSAGE][PASSED] - Text 'UDF Data 6' is set on object 'Object Repository/VLink/Page_CCSale/txt_UDF6'

2024-05-18 16:08:20 - [MESSAGE][PASSED] - Text 'UDF Data 7' is set on object 'Object Repository/VLink/Page_CCSale/txt_UDF7'

2024-05-18 16:08:21 - [MESSAGE][PASSED] - Text 'UDF Data 8' is set on object 'Object Repository/VLink/Page_CCSale/txt_UDF8'

2024-05-18 16:08:21 - [MESSAGE][PASSED] - Text 'UDF Data 9' is set on object 'Object Repository/VLink/Page_CCSale/txt_UDF9'

2024-05-18 16:08:22 - [MESSAGE][PASSED] - Text 'UDF Data 10' is set on object 'Object Repository/VLink/Page_CCSale/txt_UDF10'

2024-05-18 16:08:26 - [MESSAGE][PASSED] - Object: 'Object Repository/VLink/Page_CCSale/btn_ProcessVLinkTransaction' is clicked on

2024-05-18 16:08:31 - [MESSAGE][PASSED] - vlinkPages.saleCCPage.setDataSCC is PASSED

2024-05-18 16:08:31 - [TEST_STEP][PASSED] - if (verifyTextPresent("Transaction approved, no errors", true)): null

2024-05-18 16:08:31 - [MESSAGE][PASSED] - Text 'Transaction approved, no errors' is present on page  using regular expression

2024-05-18 16:08:31 - [TEST_STEP][PASSED] - println("Transaction Approved, no errors text is present on the Confirmation page"): null

2024-05-18 16:08:31 - [TEST_STEP][PASSED] - out.println("Pass Record Number: " + row): null

2024-05-18 16:08:31 - [TEST_STEP][PASSED] - resText = "Pass": null

2024-05-18 16:08:31 - [TEST_STEP][PASSED] - pages.WriteExcel.demoKey(resText, datText, resColumn, datCloumn, fileLoc, nameSheet, row): pages.WriteExcel.demoKey is PASSED

2024-05-18 16:08:31 - [MESSAGE][PASSED] - pages.WriteExcel.demoKey is PASSED

2024-05-18 16:08:31 - [TEST_STEP][PASSED] - sdfo = getText(findTestObject("Object Repository/Page_VLinkReceipt/pre_STX")): Text of object 'Object Repository/Page_VLinkReceipt/pre_STX' is: '<STX>eLL53hiMtNsq                  12153250            0  Transaction approved, no errors                   0                                                                                  Y OK8428   <ETX>'

2024-05-18 16:08:31 - [MESSAGE][PASSED] - Text of object 'Object Repository/Page_VLinkReceipt/pre_STX' is: '<STX>eLL53hiMtNsq                  12153250            0  Transaction approved, no errors                   0                                                                                  Y OK8428   <ETX>'

2024-05-18 16:08:31 - [TEST_STEP][PASSED] - out.println("sdfo: " + sdfo): null

2024-05-18 16:08:31 - [TEST_STEP][PASSED] - remID = substring(5, 35).trim(): null

2024-05-18 16:08:31 - [TEST_STEP][PASSED] - out.println("Remittance ID: " + remID): null

2024-05-18 16:08:31 - [TEST_STEP][PASSED] - traxID = substring(35, 55).trim(): null

2024-05-18 16:08:31 - [TEST_STEP][PASSED] - out.println("Transaction ID: " + traxID): null

2024-05-18 16:08:31 - [TEST_STEP][PASSED] - out.println("End Record Number: " + row): null

2024-05-18 16:08:31 - [TEST_STEP][PASSED] - closeBrowser(): Browser is closed

2024-05-18 16:08:33 - [MESSAGE][PASSED] - Browser is closed

2024-05-18 16:08:33 - [TEST_STEP][PASSED] - ExecuteTC = findTestData(dataFile).getValue("Execute", row): null

2024-05-18 16:08:33 - [TEST_STEP][PASSED] - out.println("Value of Execute is : " + ExecuteTC): null

2024-05-18 16:08:33 - [TEST_STEP][PASSED] - if (ExecuteTC.equalsIgnoreCase("Y")): Browser is closed

2024-05-18 16:08:33 - [TEST_STEP][PASSED] - out.println("Begin Record Number: " + row): null

2024-05-18 16:08:33 - [TEST_STEP][PASSED] - today = new java.util.Date(): null

2024-05-18 16:08:33 - [TEST_STEP][PASSED] - println(today): null

2024-05-18 16:08:33 - [TEST_STEP][PASSED] - datText = today: null

2024-05-18 16:08:33 - [TEST_STEP][PASSED] - openBrowser(VLinkURL + "authcap.html"): Browser is opened with url: 'https://dev-algorithm.govolution.com/vlinktest/QA2/version_2_0/authcap.html'

2024-05-18 16:08:33 - [MESSAGE][INFO] - Starting 'Chrome' driver

2024-05-18 16:08:33 - [MESSAGE][INFO] - User set preference: ['acceptInsecureCerts', 'true']

2024-05-18 16:08:33 - [MESSAGE][INFO] - Action delay is set to 0 milliseconds

2024-05-18 16:08:35 - [MESSAGE][PASSED] - Browser is opened with url: 'https://dev-algorithm.govolution.com/vlinktest/QA2/version_2_0/authcap.html'

2024-05-18 16:08:35 - [TEST_STEP][PASSED] - maximizeWindow(): Current window maximized

2024-05-18 16:08:35 - [MESSAGE][PASSED] - Current window maximized

2024-05-18 16:08:35 - [TEST_STEP][PASSED] - vlinkPages.saleCCPage.setDataSCC(row, dataFile): vlinkPages.saleCCPage.setDataSCC is PASSED

2024-05-18 16:08:38 - [MESSAGE][PASSED] - Object 'Object Repository/VLink/Page_CCSale/txt_CardNumber' is present

2024-05-18 16:08:39 - [MESSAGE][PASSED] - Text '104' is set on object 'Object Repository/VLink/Page_CCSale/txt_TransactionType'

2024-05-18 16:08:40 - [MESSAGE][PASSED] - Text '2.0C' is set on object 'Object Repository/VLink/Page_CCSale/txt_MessageVersion'

2024-05-18 16:08:40 - [MESSAGE][PASSED] - Text '12b40Xl9hqJq' is set on object 'Object Repository/VLink/Page_CCSale/txt_RemID'

2024-05-18 16:08:41 - [MESSAGE][PASSED] - Text '671' is set on object 'Object Repository/VLink/Page_CCSale/txt_ApplicationId'

2024-05-18 16:08:42 - [MESSAGE][PASSED] - Text 'username' is set on object 'Object Repository/VLink/Page_CCSale/txt_Username'

2024-05-18 16:08:42 - [MESSAGE][PASSED] - Text 'password' is set on object 'Object Repository/VLink/Page_CCSale/txt_Password'

2024-05-18 16:08:43 - [MESSAGE][PASSED] - Text 'fixed_width' is set on object 'Object Repository/VLink/Page_CCSale/txt_ResponseFormat'

2024-05-18 16:08:44 - [MESSAGE][PASSED] - Text 'RETL' is set on object 'Object Repository/VLink/Page_CCSale/txt_Category'

2024-05-18 16:08:44 - [MESSAGE][PASSED] - Text '' is set on object 'Object Repository/VLink/Page_CCSale/txt_TransactionID'

2024-05-18 16:08:45 - [MESSAGE][PASSED] - Text '' is set on object 'Object Repository/VLink/Page_CCSale/txt_ApprovalCode'

2024-05-18 16:08:46 - [MESSAGE][PASSED] - Text 'Arvind Silva' is set on object 'Object Repository/VLink/Page_CCSale/txt_CardName'

2024-05-18 16:08:46 - [MESSAGE][PASSED] - Text '111 Main Ave' is set on object 'Object Repository/VLink/Page_CCSale/txt_AL1'

2024-05-18 16:08:47 - [MESSAGE][PASSED] - Text '' is set on object 'Object Repository/VLink/Page_CCSale/txt_AL2'

2024-05-18 16:08:48 - [MESSAGE][PASSED] - Text 'Arlington' is set on object 'Object Repository/VLink/Page_CCSale/txt_CardCity'

2024-05-18 16:08:49 - [MESSAGE][PASSED] - Text 'VA' is set on object 'Object Repository/VLink/Page_CCSale/txt_CardState'

2024-05-18 16:08:49 - [MESSAGE][PASSED] - Text '22201' is set on object 'Object Repository/VLink/Page_CCSale/txt_CardZIP'

2024-05-18 16:08:50 - [MESSAGE][PASSED] - Text '' is set on object 'Object Repository/VLink/Page_CCSale/txt_CountryID'

2024-05-18 16:08:51 - [MESSAGE][PASSED] - Text '2.50' is set on object 'Object Repository/VLink/Page_CCSale/txt_Amount'

2024-05-18 16:08:51 - [MESSAGE][PASSED] - Text '370000000000002' is set on object 'Object Repository/VLink/Page_CCSale/txt_CardNumber'

2024-05-18 16:08:52 - [MESSAGE][PASSED] - Text '01' is set on object 'Object Repository/VLink/Page_CCSale/txt_ExpMonth'

2024-05-18 16:08:53 - [MESSAGE][PASSED] - Text '2026' is set on object 'Object Repository/VLink/Page_CCSale/txt_ExpYear'

2024-05-18 16:08:53 - [MESSAGE][PASSED] - Text '' is set on object 'Object Repository/VLink/Page_CCSale/txt_CVV'

2024-05-18 16:08:54 - [MESSAGE][PASSED] - Text '' is set on object 'Object Repository/VLink/Page_CCSale/txt_CVVstate'

2024-05-18 16:08:55 - [MESSAGE][PASSED] - Text '' is set on object 'Object Repository/VLink/Page_CCSale/txt_TrackData'

2024-05-18 16:08:55 - [MESSAGE][PASSED] - Text '' is set on object 'Object Repository/VLink/Page_CCSale/txt_Track1Data'

2024-05-18 16:08:56 - [MESSAGE][PASSED] - Text '' is set on object 'Object Repository/VLink/Page_CCSale/txt_Track2Data'

2024-05-18 16:08:57 - [MESSAGE][PASSED] - Text 'manual' is set on object 'Object Repository/VLink/Page_CCSale/txt_POSEntryMode'

2024-05-18 16:08:58 - [MESSAGE][PASSED] - Text '' is set on object 'Object Repository/VLink/Page_CCSale/txt_Email'

2024-05-18 16:08:58 - [MESSAGE][PASSED] - Text '' is set on object 'Object Repository/VLink/Page_CCSale/txt_OrderNumber'

2024-05-18 16:08:59 - [MESSAGE][PASSED] - Text '' is set on object 'Object Repository/VLink/Page_CCSale/txt_TaxAmount'

2024-05-18 16:09:00 - [MESSAGE][PASSED] - Text '' is set on object 'Object Repository/VLink/Page_CCSale/txt_ChargeDescription'

2024-05-18 16:09:00 - [MESSAGE][PASSED] - Text '' is set on object 'Object Repository/VLink/Page_CCSale/txt_CAN'

2024-05-18 16:09:01 - [MESSAGE][PASSED] - Text '' is set on object 'Object Repository/VLink/Page_CCSale/txt_BillPaymentIndicator'

2024-05-18 16:09:02 - [MESSAGE][PASSED] - Text '' is set on object 'Object Repository/VLink/Page_CCSale/txt_UDF1'

2024-05-18 16:09:02 - [MESSAGE][PASSED] - Text '' is set on object 'Object Repository/VLink/Page_CCSale/txt_UDF2'

2024-05-18 16:09:03 - [MESSAGE][PASSED] - Text '' is set on object 'Object Repository/VLink/Page_CCSale/txt_UDF3'

2024-05-18 16:09:04 - [MESSAGE][PASSED] - Text '' is set on object 'Object Repository/VLink/Page_CCSale/txt_UDF4'

2024-05-18 16:09:04 - [MESSAGE][PASSED] - Text '' is set on object 'Object Repository/VLink/Page_CCSale/txt_UDF5'

2024-05-18 16:09:05 - [MESSAGE][PASSED] - Text '' is set on object 'Object Repository/VLink/Page_CCSale/txt_UDF6'

2024-05-18 16:09:06 - [MESSAGE][PASSED] - Text '' is set on object 'Object Repository/VLink/Page_CCSale/txt_UDF7'

2024-05-18 16:09:06 - [MESSAGE][PASSED] - Text '' is set on object 'Object Repository/VLink/Page_CCSale/txt_UDF8'

2024-05-18 16:09:07 - [MESSAGE][PASSED] - Text '' is set on object 'Object Repository/VLink/Page_CCSale/txt_UDF9'

2024-05-18 16:09:08 - [MESSAGE][PASSED] - Text '' is set on object 'Object Repository/VLink/Page_CCSale/txt_UDF10'

2024-05-18 16:09:12 - [MESSAGE][PASSED] - Object: 'Object Repository/VLink/Page_CCSale/btn_ProcessVLinkTransaction' is clicked on

2024-05-18 16:09:17 - [MESSAGE][PASSED] - vlinkPages.saleCCPage.setDataSCC is PASSED

2024-05-18 16:09:17 - [TEST_STEP][PASSED] - if (verifyTextPresent("Transaction approved, no errors", true)): null

2024-05-18 16:09:17 - [MESSAGE][PASSED] - Text 'Transaction approved, no errors' is present on page  using regular expression

2024-05-18 16:09:17 - [TEST_STEP][PASSED] - println("Transaction Approved, no errors text is present on the Confirmation page"): null

2024-05-18 16:09:17 - [TEST_STEP][PASSED] - out.println("Pass Record Number: " + row): null

2024-05-18 16:09:17 - [TEST_STEP][PASSED] - resText = "Pass": null

2024-05-18 16:09:17 - [TEST_STEP][PASSED] - pages.WriteExcel.demoKey(resText, datText, resColumn, datCloumn, fileLoc, nameSheet, row): pages.WriteExcel.demoKey is PASSED

2024-05-18 16:09:17 - [MESSAGE][PASSED] - pages.WriteExcel.demoKey is PASSED

2024-05-18 16:09:17 - [TEST_STEP][PASSED] - sdfo = getText(findTestObject("Object Repository/Page_VLinkReceipt/pre_STX")): Text of object 'Object Repository/Page_VLinkReceipt/pre_STX' is: '<STX>12b40Xl9hqJq                  12153251            0  Transaction approved, no errors                   0                                                                                  Y OK8448   <ETX>'

2024-05-18 16:09:17 - [MESSAGE][PASSED] - Text of object 'Object Repository/Page_VLinkReceipt/pre_STX' is: '<STX>12b40Xl9hqJq                  12153251            0  Transaction approved, no errors                   0                                                                                  Y OK8448   <ETX>'

2024-05-18 16:09:17 - [TEST_STEP][PASSED] - out.println("sdfo: " + sdfo): null

2024-05-18 16:09:17 - [TEST_STEP][PASSED] - remID = substring(5, 35).trim(): null

2024-05-18 16:09:17 - [TEST_STEP][PASSED] - out.println("Remittance ID: " + remID): null

2024-05-18 16:09:17 - [TEST_STEP][PASSED] - traxID = substring(35, 55).trim(): null

2024-05-18 16:09:17 - [TEST_STEP][PASSED] - out.println("Transaction ID: " + traxID): null

2024-05-18 16:09:17 - [TEST_STEP][PASSED] - out.println("End Record Number: " + row): null

2024-05-18 16:09:17 - [TEST_STEP][PASSED] - closeBrowser(): Browser is closed

2024-05-18 16:09:19 - [MESSAGE][PASSED] - Browser is closed

2024-05-18 16:09:19 - [TEST_STEP][PASSED] - ExecuteTC = findTestData(dataFile).getValue("Execute", row): null

2024-05-18 16:09:19 - [TEST_STEP][PASSED] - out.println("Value of Execute is : " + ExecuteTC): null

2024-05-18 16:09:19 - [TEST_STEP][PASSED] - if (ExecuteTC.equalsIgnoreCase("Y")): Browser is closed

2024-05-18 16:09:19 - [TEST_STEP][PASSED] - out.println("Begin Record Number: " + row): null

2024-05-18 16:09:19 - [TEST_STEP][PASSED] - today = new java.util.Date(): null

2024-05-18 16:09:19 - [TEST_STEP][PASSED] - println(today): null

2024-05-18 16:09:19 - [TEST_STEP][PASSED] - datText = today: null

2024-05-18 16:09:19 - [TEST_STEP][PASSED] - openBrowser(VLinkURL + "authcap.html"): Browser is opened with url: 'https://dev-algorithm.govolution.com/vlinktest/QA2/version_2_0/authcap.html'

2024-05-18 16:09:19 - [MESSAGE][INFO] - Starting 'Chrome' driver

2024-05-18 16:09:19 - [MESSAGE][INFO] - User set preference: ['acceptInsecureCerts', 'true']

2024-05-18 16:09:19 - [MESSAGE][INFO] - Action delay is set to 0 milliseconds

2024-05-18 16:09:21 - [MESSAGE][PASSED] - Browser is opened with url: 'https://dev-algorithm.govolution.com/vlinktest/QA2/version_2_0/authcap.html'

2024-05-18 16:09:21 - [TEST_STEP][PASSED] - maximizeWindow(): Current window maximized

2024-05-18 16:09:21 - [MESSAGE][PASSED] - Current window maximized

2024-05-18 16:09:21 - [TEST_STEP][PASSED] - vlinkPages.saleCCPage.setDataSCC(row, dataFile): vlinkPages.saleCCPage.setDataSCC is PASSED

2024-05-18 16:09:24 - [MESSAGE][PASSED] - Object 'Object Repository/VLink/Page_CCSale/txt_CardNumber' is present

2024-05-18 16:09:25 - [MESSAGE][PASSED] - Text '104' is set on object 'Object Repository/VLink/Page_CCSale/txt_TransactionType'

2024-05-18 16:09:26 - [MESSAGE][PASSED] - Text '2.0C' is set on object 'Object Repository/VLink/Page_CCSale/txt_MessageVersion'

2024-05-18 16:09:26 - [MESSAGE][PASSED] - Text 'YPTF4lDTIsP8' is set on object 'Object Repository/VLink/Page_CCSale/txt_RemID'

2024-05-18 16:09:27 - [MESSAGE][PASSED] - Text '671' is set on object 'Object Repository/VLink/Page_CCSale/txt_ApplicationId'

2024-05-18 16:09:28 - [MESSAGE][PASSED] - Text 'username' is set on object 'Object Repository/VLink/Page_CCSale/txt_Username'

2024-05-18 16:09:28 - [MESSAGE][PASSED] - Text 'password' is set on object 'Object Repository/VLink/Page_CCSale/txt_Password'

2024-05-18 16:09:29 - [MESSAGE][PASSED] - Text 'fixed_width' is set on object 'Object Repository/VLink/Page_CCSale/txt_ResponseFormat'

2024-05-18 16:09:30 - [MESSAGE][PASSED] - Text 'RETL' is set on object 'Object Repository/VLink/Page_CCSale/txt_Category'

2024-05-18 16:09:30 - [MESSAGE][PASSED] - Text '' is set on object 'Object Repository/VLink/Page_CCSale/txt_TransactionID'

2024-05-18 16:09:31 - [MESSAGE][PASSED] - Text '' is set on object 'Object Repository/VLink/Page_CCSale/txt_ApprovalCode'

2024-05-18 16:09:32 - [MESSAGE][PASSED] - Text 'Roshan Maha' is set on object 'Object Repository/VLink/Page_CCSale/txt_CardName'

2024-05-18 16:09:33 - [MESSAGE][PASSED] - Text '12563 Bazaar road' is set on object 'Object Repository/VLink/Page_CCSale/txt_AL1'

2024-05-18 16:09:33 - [MESSAGE][PASSED] - Text '' is set on object 'Object Repository/VLink/Page_CCSale/txt_AL2'

2024-05-18 16:09:34 - [MESSAGE][PASSED] - Text 'Crofton' is set on object 'Object Repository/VLink/Page_CCSale/txt_CardCity'

2024-05-18 16:09:35 - [MESSAGE][PASSED] - Text 'MD' is set on object 'Object Repository/VLink/Page_CCSale/txt_CardState'

2024-05-18 16:09:35 - [MESSAGE][PASSED] - Text '21114' is set on object 'Object Repository/VLink/Page_CCSale/txt_CardZIP'

2024-05-18 16:09:36 - [MESSAGE][PASSED] - Text '' is set on object 'Object Repository/VLink/Page_CCSale/txt_CountryID'

2024-05-18 16:09:37 - [MESSAGE][PASSED] - Text '3.50' is set on object 'Object Repository/VLink/Page_CCSale/txt_Amount'

2024-05-18 16:09:38 - [MESSAGE][PASSED] - Text '6011000000000004' is set on object 'Object Repository/VLink/Page_CCSale/txt_CardNumber'

2024-05-18 16:09:38 - [MESSAGE][PASSED] - Text '01' is set on object 'Object Repository/VLink/Page_CCSale/txt_ExpMonth'

2024-05-18 16:09:39 - [MESSAGE][PASSED] - Text '2026' is set on object 'Object Repository/VLink/Page_CCSale/txt_ExpYear'

2024-05-18 16:09:40 - [MESSAGE][PASSED] - Text '' is set on object 'Object Repository/VLink/Page_CCSale/txt_CVV'

2024-05-18 16:09:40 - [MESSAGE][PASSED] - Text '' is set on object 'Object Repository/VLink/Page_CCSale/txt_CVVstate'

2024-05-18 16:09:41 - [MESSAGE][PASSED] - Text '' is set on object 'Object Repository/VLink/Page_CCSale/txt_TrackData'

2024-05-18 16:09:42 - [MESSAGE][PASSED] - Text '' is set on object 'Object Repository/VLink/Page_CCSale/txt_Track1Data'

2024-05-18 16:09:42 - [MESSAGE][PASSED] - Text '' is set on object 'Object Repository/VLink/Page_CCSale/txt_Track2Data'

2024-05-18 16:09:43 - [MESSAGE][PASSED] - Text 'manual' is set on object 'Object Repository/VLink/Page_CCSale/txt_POSEntryMode'

2024-05-18 16:09:44 - [MESSAGE][PASSED] - Text '' is set on object 'Object Repository/VLink/Page_CCSale/txt_Email'

2024-05-18 16:09:45 - [MESSAGE][PASSED] - Text '' is set on object 'Object Repository/VLink/Page_CCSale/txt_OrderNumber'

2024-05-18 16:09:45 - [MESSAGE][PASSED] - Text '' is set on object 'Object Repository/VLink/Page_CCSale/txt_TaxAmount'

2024-05-18 16:09:46 - [MESSAGE][PASSED] - Text '' is set on object 'Object Repository/VLink/Page_CCSale/txt_ChargeDescription'

2024-05-18 16:09:47 - [MESSAGE][PASSED] - Text '' is set on object 'Object Repository/VLink/Page_CCSale/txt_CAN'

2024-05-18 16:09:47 - [MESSAGE][PASSED] - Text '' is set on object 'Object Repository/VLink/Page_CCSale/txt_BillPaymentIndicator'

2024-05-18 16:09:48 - [MESSAGE][PASSED] - Text '' is set on object 'Object Repository/VLink/Page_CCSale/txt_UDF1'

2024-05-18 16:09:49 - [MESSAGE][PASSED] - Text '' is set on object 'Object Repository/VLink/Page_CCSale/txt_UDF2'

2024-05-18 16:09:49 - [MESSAGE][PASSED] - Text '' is set on object 'Object Repository/VLink/Page_CCSale/txt_UDF3'

2024-05-18 16:09:50 - [MESSAGE][PASSED] - Text '' is set on object 'Object Repository/VLink/Page_CCSale/txt_UDF4'

2024-05-18 16:09:51 - [MESSAGE][PASSED] - Text '' is set on object 'Object Repository/VLink/Page_CCSale/txt_UDF5'

2024-05-18 16:09:51 - [MESSAGE][PASSED] - Text '' is set on object 'Object Repository/VLink/Page_CCSale/txt_UDF6'

2024-05-18 16:09:52 - [MESSAGE][PASSED] - Text '' is set on object 'Object Repository/VLink/Page_CCSale/txt_UDF7'

2024-05-18 16:09:53 - [MESSAGE][PASSED] - Text '' is set on object 'Object Repository/VLink/Page_CCSale/txt_UDF8'

2024-05-18 16:09:53 - [MESSAGE][PASSED] - Text '' is set on object 'Object Repository/VLink/Page_CCSale/txt_UDF9'

2024-05-18 16:09:54 - [MESSAGE][PASSED] - Text '' is set on object 'Object Repository/VLink/Page_CCSale/txt_UDF10'

2024-05-18 16:09:58 - [MESSAGE][PASSED] - Object: 'Object Repository/VLink/Page_CCSale/btn_ProcessVLinkTransaction' is clicked on

2024-05-18 16:10:03 - [MESSAGE][PASSED] - vlinkPages.saleCCPage.setDataSCC is PASSED

2024-05-18 16:10:03 - [TEST_STEP][PASSED] - if (verifyTextPresent("Transaction approved, no errors", true)): null

2024-05-18 16:10:03 - [MESSAGE][PASSED] - Text 'Transaction approved, no errors' is present on page  using regular expression

2024-05-18 16:10:03 - [TEST_STEP][PASSED] - println("Transaction Approved, no errors text is present on the Confirmation page"): null

2024-05-18 16:10:03 - [TEST_STEP][PASSED] - out.println("Pass Record Number: " + row): null

2024-05-18 16:10:03 - [TEST_STEP][PASSED] - resText = "Pass": null

2024-05-18 16:10:03 - [TEST_STEP][PASSED] - pages.WriteExcel.demoKey(resText, datText, resColumn, datCloumn, fileLoc, nameSheet, row): pages.WriteExcel.demoKey is PASSED

2024-05-18 16:10:03 - [MESSAGE][PASSED] - pages.WriteExcel.demoKey is PASSED

2024-05-18 16:10:03 - [TEST_STEP][PASSED] - sdfo = getText(findTestObject("Object Repository/Page_VLinkReceipt/pre_STX")): Text of object 'Object Repository/Page_VLinkReceipt/pre_STX' is: '<STX>YPTF4lDTIsP8                  12153252            0  Transaction approved, no errors                   0                                                                                  Y OK8468   <ETX>'

2024-05-18 16:10:04 - [MESSAGE][PASSED] - Text of object 'Object Repository/Page_VLinkReceipt/pre_STX' is: '<STX>YPTF4lDTIsP8                  12153252            0  Transaction approved, no errors                   0                                                                                  Y OK8468   <ETX>'

2024-05-18 16:10:04 - [TEST_STEP][PASSED] - out.println("sdfo: " + sdfo): null

2024-05-18 16:10:04 - [TEST_STEP][PASSED] - remID = substring(5, 35).trim(): null

2024-05-18 16:10:04 - [TEST_STEP][PASSED] - out.println("Remittance ID: " + remID): null

2024-05-18 16:10:04 - [TEST_STEP][PASSED] - traxID = substring(35, 55).trim(): null

2024-05-18 16:10:04 - [TEST_STEP][PASSED] - out.println("Transaction ID: " + traxID): null

2024-05-18 16:10:04 - [TEST_STEP][PASSED] - out.println("End Record Number: " + row): null

2024-05-18 16:10:04 - [TEST_STEP][PASSED] - closeBrowser(): Browser is closed

2024-05-18 16:10:05 - [MESSAGE][PASSED] - Browser is closed

2024-05-18 16:10:05 - [TEST_STEP][PASSED] - ExecuteTC = findTestData(dataFile).getValue("Execute", row): null

2024-05-18 16:10:05 - [TEST_STEP][PASSED] - out.println("Value of Execute is : " + ExecuteTC): null

2024-05-18 16:10:05 - [TEST_STEP][PASSED] - if (ExecuteTC.equalsIgnoreCase("Y")): Browser is closed

2024-05-18 16:10:05 - [TEST_STEP][PASSED] - out.println("Begin Record Number: " + row): null

2024-05-18 16:10:05 - [TEST_STEP][PASSED] - today = new java.util.Date(): null

2024-05-18 16:10:05 - [TEST_STEP][PASSED] - println(today): null

2024-05-18 16:10:05 - [TEST_STEP][PASSED] - datText = today: null

2024-05-18 16:10:05 - [TEST_STEP][PASSED] - openBrowser(VLinkURL + "authcap.html"): Browser is opened with url: 'https://dev-algorithm.govolution.com/vlinktest/QA2/version_2_0/authcap.html'

2024-05-18 16:10:05 - [MESSAGE][INFO] - Starting 'Chrome' driver

2024-05-18 16:10:05 - [MESSAGE][INFO] - User set preference: ['acceptInsecureCerts', 'true']

2024-05-18 16:10:05 - [MESSAGE][INFO] - Action delay is set to 0 milliseconds

2024-05-18 16:10:07 - [MESSAGE][PASSED] - Browser is opened with url: 'https://dev-algorithm.govolution.com/vlinktest/QA2/version_2_0/authcap.html'

2024-05-18 16:10:07 - [TEST_STEP][PASSED] - maximizeWindow(): Current window maximized

2024-05-18 16:10:07 - [MESSAGE][PASSED] - Current window maximized

2024-05-18 16:10:07 - [TEST_STEP][PASSED] - vlinkPages.saleCCPage.setDataSCC(row, dataFile): vlinkPages.saleCCPage.setDataSCC is PASSED

2024-05-18 16:10:10 - [MESSAGE][PASSED] - Object 'Object Repository/VLink/Page_CCSale/txt_CardNumber' is present

2024-05-18 16:10:11 - [MESSAGE][PASSED] - Text '104' is set on object 'Object Repository/VLink/Page_CCSale/txt_TransactionType'

2024-05-18 16:10:12 - [MESSAGE][PASSED] - Text '2.0C' is set on object 'Object Repository/VLink/Page_CCSale/txt_MessageVersion'

2024-05-18 16:10:12 - [MESSAGE][PASSED] - Text 'F9gsjaAPaYr1' is set on object 'Object Repository/VLink/Page_CCSale/txt_RemID'

2024-05-18 16:10:13 - [MESSAGE][PASSED] - Text '665' is set on object 'Object Repository/VLink/Page_CCSale/txt_ApplicationId'

2024-05-18 16:10:14 - [MESSAGE][PASSED] - Text 'username' is set on object 'Object Repository/VLink/Page_CCSale/txt_Username'

2024-05-18 16:10:14 - [MESSAGE][PASSED] - Text 'password' is set on object 'Object Repository/VLink/Page_CCSale/txt_Password'

2024-05-18 16:10:15 - [MESSAGE][PASSED] - Text 'fixed_width' is set on object 'Object Repository/VLink/Page_CCSale/txt_ResponseFormat'

2024-05-18 16:10:16 - [MESSAGE][PASSED] - Text 'ECOM' is set on object 'Object Repository/VLink/Page_CCSale/txt_Category'

2024-05-18 16:10:16 - [MESSAGE][PASSED] - Text '' is set on object 'Object Repository/VLink/Page_CCSale/txt_TransactionID'

2024-05-18 16:10:17 - [MESSAGE][PASSED] - Text '' is set on object 'Object Repository/VLink/Page_CCSale/txt_ApprovalCode'

2024-05-18 16:10:18 - [MESSAGE][PASSED] - Text 'Roshan Maha' is set on object 'Object Repository/VLink/Page_CCSale/txt_CardName'

2024-05-18 16:10:19 - [MESSAGE][PASSED] - Text '12563 Bazaar road' is set on object 'Object Repository/VLink/Page_CCSale/txt_AL1'

2024-05-18 16:10:19 - [MESSAGE][PASSED] - Text '' is set on object 'Object Repository/VLink/Page_CCSale/txt_AL2'

2024-05-18 16:10:20 - [MESSAGE][PASSED] - Text 'Crofton' is set on object 'Object Repository/VLink/Page_CCSale/txt_CardCity'

2024-05-18 16:10:21 - [MESSAGE][PASSED] - Text 'MD' is set on object 'Object Repository/VLink/Page_CCSale/txt_CardState'

2024-05-18 16:10:21 - [MESSAGE][PASSED] - Text '21114' is set on object 'Object Repository/VLink/Page_CCSale/txt_CardZIP'

2024-05-18 16:10:22 - [MESSAGE][PASSED] - Text '' is set on object 'Object Repository/VLink/Page_CCSale/txt_CountryID'

2024-05-18 16:10:23 - [MESSAGE][PASSED] - Text '3.50' is set on object 'Object Repository/VLink/Page_CCSale/txt_Amount'

2024-05-18 16:10:24 - [MESSAGE][PASSED] - Text '4111111111111111' is set on object 'Object Repository/VLink/Page_CCSale/txt_CardNumber'

2024-05-18 16:10:24 - [MESSAGE][PASSED] - Text '01' is set on object 'Object Repository/VLink/Page_CCSale/txt_ExpMonth'

2024-05-18 16:10:25 - [MESSAGE][PASSED] - Text '2026' is set on object 'Object Repository/VLink/Page_CCSale/txt_ExpYear'

2024-05-18 16:10:26 - [MESSAGE][PASSED] - Text '' is set on object 'Object Repository/VLink/Page_CCSale/txt_CVV'

2024-05-18 16:10:26 - [MESSAGE][PASSED] - Text '' is set on object 'Object Repository/VLink/Page_CCSale/txt_CVVstate'

2024-05-18 16:10:27 - [MESSAGE][PASSED] - Text '' is set on object 'Object Repository/VLink/Page_CCSale/txt_TrackData'

2024-05-18 16:10:28 - [MESSAGE][PASSED] - Text '' is set on object 'Object Repository/VLink/Page_CCSale/txt_Track1Data'

2024-05-18 16:10:29 - [MESSAGE][PASSED] - Text '' is set on object 'Object Repository/VLink/Page_CCSale/txt_Track2Data'

2024-05-18 16:10:29 - [MESSAGE][PASSED] - Text 'manual' is set on object 'Object Repository/VLink/Page_CCSale/txt_POSEntryMode'

2024-05-18 16:10:30 - [MESSAGE][PASSED] - Text '' is set on object 'Object Repository/VLink/Page_CCSale/txt_Email'

2024-05-18 16:10:31 - [MESSAGE][PASSED] - Text '' is set on object 'Object Repository/VLink/Page_CCSale/txt_OrderNumber'

2024-05-18 16:10:31 - [MESSAGE][PASSED] - Text '' is set on object 'Object Repository/VLink/Page_CCSale/txt_TaxAmount'

2024-05-18 16:10:32 - [MESSAGE][PASSED] - Text '' is set on object 'Object Repository/VLink/Page_CCSale/txt_ChargeDescription'

2024-05-18 16:10:33 - [MESSAGE][PASSED] - Text '' is set on object 'Object Repository/VLink/Page_CCSale/txt_CAN'

2024-05-18 16:10:33 - [MESSAGE][PASSED] - Text '' is set on object 'Object Repository/VLink/Page_CCSale/txt_BillPaymentIndicator'

2024-05-18 16:10:34 - [MESSAGE][PASSED] - Text '' is set on object 'Object Repository/VLink/Page_CCSale/txt_UDF1'

2024-05-18 16:10:35 - [MESSAGE][PASSED] - Text '' is set on object 'Object Repository/VLink/Page_CCSale/txt_UDF2'

2024-05-18 16:10:35 - [MESSAGE][PASSED] - Text '' is set on object 'Object Repository/VLink/Page_CCSale/txt_UDF3'

2024-05-18 16:10:36 - [MESSAGE][PASSED] - Text '' is set on object 'Object Repository/VLink/Page_CCSale/txt_UDF4'

2024-05-18 16:10:37 - [MESSAGE][PASSED] - Text '' is set on object 'Object Repository/VLink/Page_CCSale/txt_UDF5'

2024-05-18 16:10:38 - [MESSAGE][PASSED] - Text '' is set on object 'Object Repository/VLink/Page_CCSale/txt_UDF6'

2024-05-18 16:10:38 - [MESSAGE][PASSED] - Text '' is set on object 'Object Repository/VLink/Page_CCSale/txt_UDF7'

2024-05-18 16:10:39 - [MESSAGE][PASSED] - Text '' is set on object 'Object Repository/VLink/Page_CCSale/txt_UDF8'

2024-05-18 16:10:40 - [MESSAGE][PASSED] - Text '' is set on object 'Object Repository/VLink/Page_CCSale/txt_UDF9'

2024-05-18 16:10:40 - [MESSAGE][PASSED] - Text '' is set on object 'Object Repository/VLink/Page_CCSale/txt_UDF10'

2024-05-18 16:10:43 - [MESSAGE][PASSED] - Object: 'Object Repository/VLink/Page_CCSale/btn_ProcessVLinkTransaction' is clicked on

2024-05-18 16:10:48 - [MESSAGE][PASSED] - vlinkPages.saleCCPage.setDataSCC is PASSED

2024-05-18 16:10:48 - [TEST_STEP][PASSED] - if (verifyTextPresent("Transaction approved, no errors", true)): null

2024-05-18 16:10:48 - [MESSAGE][PASSED] - Text 'Transaction approved, no errors' is present on page  using regular expression

2024-05-18 16:10:48 - [TEST_STEP][PASSED] - println("Transaction Approved, no errors text is present on the Confirmation page"): null

2024-05-18 16:10:48 - [TEST_STEP][PASSED] - out.println("Pass Record Number: " + row): null

2024-05-18 16:10:48 - [TEST_STEP][PASSED] - resText = "Pass": null

2024-05-18 16:10:48 - [TEST_STEP][PASSED] - pages.WriteExcel.demoKey(resText, datText, resColumn, datCloumn, fileLoc, nameSheet, row): pages.WriteExcel.demoKey is PASSED

2024-05-18 16:10:48 - [MESSAGE][PASSED] - pages.WriteExcel.demoKey is PASSED

2024-05-18 16:10:48 - [TEST_STEP][PASSED] - sdfo = getText(findTestObject("Object Repository/Page_VLinkReceipt/pre_STX")): Text of object 'Object Repository/Page_VLinkReceipt/pre_STX' is: '<STX>F9gsjaAPaYr1                  12153253            0  Transaction approved, no errors                   0                                                                                  XXOK8581   <ETX>'

2024-05-18 16:10:49 - [MESSAGE][PASSED] - Text of object 'Object Repository/Page_VLinkReceipt/pre_STX' is: '<STX>F9gsjaAPaYr1                  12153253            0  Transaction approved, no errors                   0                                                                                  XXOK8581   <ETX>'

2024-05-18 16:10:49 - [TEST_STEP][PASSED] - out.println("sdfo: " + sdfo): null

2024-05-18 16:10:49 - [TEST_STEP][PASSED] - remID = substring(5, 35).trim(): null

2024-05-18 16:10:49 - [TEST_STEP][PASSED] - out.println("Remittance ID: " + remID): null

2024-05-18 16:10:49 - [TEST_STEP][PASSED] - traxID = substring(35, 55).trim(): null

2024-05-18 16:10:49 - [TEST_STEP][PASSED] - out.println("Transaction ID: " + traxID): null

2024-05-18 16:10:49 - [TEST_STEP][PASSED] - out.println("End Record Number: " + row): null

2024-05-18 16:10:49 - [TEST_STEP][PASSED] - closeBrowser(): Browser is closed

2024-05-18 16:10:50 - [MESSAGE][PASSED] - Browser is closed

2024-05-18 16:10:50 - [TEST_STEP][PASSED] - ExecuteTC = findTestData(dataFile).getValue("Execute", row): null

2024-05-18 16:10:50 - [TEST_STEP][PASSED] - out.println("Value of Execute is : " + ExecuteTC): null

2024-05-18 16:10:50 - [TEST_STEP][PASSED] - if (ExecuteTC.equalsIgnoreCase("Y")): Browser is closed

2024-05-18 16:10:50 - [TEST_STEP][PASSED] - out.println("Begin Record Number: " + row): null

2024-05-18 16:10:50 - [TEST_STEP][PASSED] - today = new java.util.Date(): null

2024-05-18 16:10:50 - [TEST_STEP][PASSED] - println(today): null

2024-05-18 16:10:50 - [TEST_STEP][PASSED] - datText = today: null

2024-05-18 16:10:50 - [TEST_STEP][PASSED] - openBrowser(VLinkURL + "authcap.html"): Browser is opened with url: 'https://dev-algorithm.govolution.com/vlinktest/QA2/version_2_0/authcap.html'

2024-05-18 16:10:50 - [MESSAGE][INFO] - Starting 'Chrome' driver

2024-05-18 16:10:50 - [MESSAGE][INFO] - User set preference: ['acceptInsecureCerts', 'true']

2024-05-18 16:10:50 - [MESSAGE][INFO] - Action delay is set to 0 milliseconds

2024-05-18 16:10:52 - [MESSAGE][PASSED] - Browser is opened with url: 'https://dev-algorithm.govolution.com/vlinktest/QA2/version_2_0/authcap.html'

2024-05-18 16:10:52 - [TEST_STEP][PASSED] - maximizeWindow(): Current window maximized

2024-05-18 16:10:52 - [MESSAGE][PASSED] - Current window maximized

2024-05-18 16:10:52 - [TEST_STEP][PASSED] - vlinkPages.saleCCPage.setDataSCC(row, dataFile): vlinkPages.saleCCPage.setDataSCC is PASSED

2024-05-18 16:10:56 - [MESSAGE][PASSED] - Object 'Object Repository/VLink/Page_CCSale/txt_CardNumber' is present

2024-05-18 16:10:56 - [MESSAGE][PASSED] - Text '104' is set on object 'Object Repository/VLink/Page_CCSale/txt_TransactionType'

2024-05-18 16:10:57 - [MESSAGE][PASSED] - Text '2.0C' is set on object 'Object Repository/VLink/Page_CCSale/txt_MessageVersion'

2024-05-18 16:10:57 - [MESSAGE][PASSED] - Text 'K28PflWcuxx2' is set on object 'Object Repository/VLink/Page_CCSale/txt_RemID'

2024-05-18 16:10:58 - [MESSAGE][PASSED] - Text '665' is set on object 'Object Repository/VLink/Page_CCSale/txt_ApplicationId'

2024-05-18 16:10:59 - [MESSAGE][PASSED] - Text 'username' is set on object 'Object Repository/VLink/Page_CCSale/txt_Username'

2024-05-18 16:11:00 - [MESSAGE][PASSED] - Text 'password' is set on object 'Object Repository/VLink/Page_CCSale/txt_Password'

2024-05-18 16:11:00 - [MESSAGE][PASSED] - Text 'fixed_width' is set on object 'Object Repository/VLink/Page_CCSale/txt_ResponseFormat'

2024-05-18 16:11:01 - [MESSAGE][PASSED] - Text 'ECOM' is set on object 'Object Repository/VLink/Page_CCSale/txt_Category'

2024-05-18 16:11:02 - [MESSAGE][PASSED] - Text '' is set on object 'Object Repository/VLink/Page_CCSale/txt_TransactionID'

2024-05-18 16:11:02 - [MESSAGE][PASSED] - Text '' is set on object 'Object Repository/VLink/Page_CCSale/txt_ApprovalCode'

2024-05-18 16:11:03 - [MESSAGE][PASSED] - Text 'Kris Roshan' is set on object 'Object Repository/VLink/Page_CCSale/txt_CardName'

2024-05-18 16:11:04 - [MESSAGE][PASSED] - Text '258 Elm Road' is set on object 'Object Repository/VLink/Page_CCSale/txt_AL1'

2024-05-18 16:11:05 - [MESSAGE][PASSED] - Text 'Suite 56' is set on object 'Object Repository/VLink/Page_CCSale/txt_AL2'

2024-05-18 16:11:05 - [MESSAGE][PASSED] - Text 'Arlington' is set on object 'Object Repository/VLink/Page_CCSale/txt_CardCity'

2024-05-18 16:11:06 - [MESSAGE][PASSED] - Text 'VA' is set on object 'Object Repository/VLink/Page_CCSale/txt_CardState'

2024-05-18 16:11:07 - [MESSAGE][PASSED] - Text '22201' is set on object 'Object Repository/VLink/Page_CCSale/txt_CardZIP'

2024-05-18 16:11:07 - [MESSAGE][PASSED] - Text '840' is set on object 'Object Repository/VLink/Page_CCSale/txt_CountryID'

2024-05-18 16:11:08 - [MESSAGE][PASSED] - Text '1.50' is set on object 'Object Repository/VLink/Page_CCSale/txt_Amount'

2024-05-18 16:11:09 - [MESSAGE][PASSED] - Text '5424000000000015' is set on object 'Object Repository/VLink/Page_CCSale/txt_CardNumber'

2024-05-18 16:11:10 - [MESSAGE][PASSED] - Text '12' is set on object 'Object Repository/VLink/Page_CCSale/txt_ExpMonth'

2024-05-18 16:11:10 - [MESSAGE][PASSED] - Text '2025' is set on object 'Object Repository/VLink/Page_CCSale/txt_ExpYear'

2024-05-18 16:11:11 - [MESSAGE][PASSED] - Text '' is set on object 'Object Repository/VLink/Page_CCSale/txt_CVV'

2024-05-18 16:11:12 - [MESSAGE][PASSED] - Text '' is set on object 'Object Repository/VLink/Page_CCSale/txt_CVVstate'

2024-05-18 16:11:12 - [MESSAGE][PASSED] - Text '' is set on object 'Object Repository/VLink/Page_CCSale/txt_TrackData'

2024-05-18 16:11:13 - [MESSAGE][PASSED] - Text '' is set on object 'Object Repository/VLink/Page_CCSale/txt_Track1Data'

2024-05-18 16:11:14 - [MESSAGE][PASSED] - Text '' is set on object 'Object Repository/VLink/Page_CCSale/txt_Track2Data'

2024-05-18 16:11:14 - [MESSAGE][PASSED] - Text 'manual' is set on object 'Object Repository/VLink/Page_CCSale/txt_POSEntryMode'

2024-05-18 16:11:15 - [MESSAGE][PASSED] - Text 'iahmed@govolution.com' is set on object 'Object Repository/VLink/Page_CCSale/txt_Email'

2024-05-18 16:11:16 - [MESSAGE][PASSED] - Text '2569362' is set on object 'Object Repository/VLink/Page_CCSale/txt_OrderNumber'

2024-05-18 16:11:16 - [MESSAGE][PASSED] - Text '1.15' is set on object 'Object Repository/VLink/Page_CCSale/txt_TaxAmount'

2024-05-18 16:11:17 - [MESSAGE][PASSED] - Text 'Charge Description' is set on object 'Object Repository/VLink/Page_CCSale/txt_ChargeDescription'

2024-05-18 16:11:18 - [MESSAGE][PASSED] - Text '147357' is set on object 'Object Repository/VLink/Page_CCSale/txt_CAN'

2024-05-18 16:11:19 - [MESSAGE][PASSED] - Text '1' is set on object 'Object Repository/VLink/Page_CCSale/txt_BillPaymentIndicator'

2024-05-18 16:11:19 - [MESSAGE][PASSED] - Text 'UDF Data 1' is set on object 'Object Repository/VLink/Page_CCSale/txt_UDF1'

2024-05-18 16:11:20 - [MESSAGE][PASSED] - Text 'UDF Data 2' is set on object 'Object Repository/VLink/Page_CCSale/txt_UDF2'

2024-05-18 16:11:21 - [MESSAGE][PASSED] - Text 'UDF Data 3' is set on object 'Object Repository/VLink/Page_CCSale/txt_UDF3'

2024-05-18 16:11:21 - [MESSAGE][PASSED] - Text 'UDF Data 4' is set on object 'Object Repository/VLink/Page_CCSale/txt_UDF4'

2024-05-18 16:11:22 - [MESSAGE][PASSED] - Text 'UDF Data 5' is set on object 'Object Repository/VLink/Page_CCSale/txt_UDF5'

2024-05-18 16:11:23 - [MESSAGE][PASSED] - Text 'UDF Data 6' is set on object 'Object Repository/VLink/Page_CCSale/txt_UDF6'

2024-05-18 16:11:24 - [MESSAGE][PASSED] - Text 'UDF Data 7' is set on object 'Object Repository/VLink/Page_CCSale/txt_UDF7'

2024-05-18 16:11:24 - [MESSAGE][PASSED] - Text 'UDF Data 8' is set on object 'Object Repository/VLink/Page_CCSale/txt_UDF8'

2024-05-18 16:11:25 - [MESSAGE][PASSED] - Text 'UDF Data 9' is set on object 'Object Repository/VLink/Page_CCSale/txt_UDF9'

2024-05-18 16:11:26 - [MESSAGE][PASSED] - Text 'UDF Data 10' is set on object 'Object Repository/VLink/Page_CCSale/txt_UDF10'

2024-05-18 16:11:27 - [MESSAGE][PASSED] - Object: 'Object Repository/VLink/Page_CCSale/btn_ProcessVLinkTransaction' is clicked on

2024-05-18 16:11:32 - [MESSAGE][PASSED] - vlinkPages.saleCCPage.setDataSCC is PASSED

2024-05-18 16:11:32 - [TEST_STEP][PASSED] - if (verifyTextPresent("Transaction approved, no errors", true)): null

2024-05-18 16:11:33 - [MESSAGE][PASSED] - Text 'Transaction approved, no errors' is present on page  using regular expression

2024-05-18 16:11:33 - [TEST_STEP][PASSED] - println("Transaction Approved, no errors text is present on the Confirmation page"): null

2024-05-18 16:11:33 - [TEST_STEP][PASSED] - out.println("Pass Record Number: " + row): null

2024-05-18 16:11:33 - [TEST_STEP][PASSED] - resText = "Pass": null

2024-05-18 16:11:33 - [TEST_STEP][PASSED] - pages.WriteExcel.demoKey(resText, datText, resColumn, datCloumn, fileLoc, nameSheet, row): pages.WriteExcel.demoKey is PASSED

2024-05-18 16:11:33 - [MESSAGE][PASSED] - pages.WriteExcel.demoKey is PASSED

2024-05-18 16:11:33 - [TEST_STEP][PASSED] - sdfo = getText(findTestObject("Object Repository/Page_VLinkReceipt/pre_STX")): Text of object 'Object Repository/Page_VLinkReceipt/pre_STX' is: '<STX>K28PflWcuxx2                  12153254            0  Transaction approved, no errors                   0                                                                                  XXOK7147   <ETX>'

2024-05-18 16:11:33 - [MESSAGE][PASSED] - Text of object 'Object Repository/Page_VLinkReceipt/pre_STX' is: '<STX>K28PflWcuxx2                  12153254            0  Transaction approved, no errors                   0                                                                                  XXOK7147   <ETX>'

2024-05-18 16:11:33 - [TEST_STEP][PASSED] - out.println("sdfo: " + sdfo): null

2024-05-18 16:11:33 - [TEST_STEP][PASSED] - remID = substring(5, 35).trim(): null

2024-05-18 16:11:33 - [TEST_STEP][PASSED] - out.println("Remittance ID: " + remID): null

2024-05-18 16:11:33 - [TEST_STEP][PASSED] - traxID = substring(35, 55).trim(): null

2024-05-18 16:11:33 - [TEST_STEP][PASSED] - out.println("Transaction ID: " + traxID): null

2024-05-18 16:11:33 - [TEST_STEP][PASSED] - out.println("End Record Number: " + row): null

2024-05-18 16:11:33 - [TEST_STEP][PASSED] - closeBrowser(): Browser is closed

2024-05-18 16:11:34 - [MESSAGE][PASSED] - Browser is closed

2024-05-18 16:11:34 - [TEST_STEP][PASSED] - ExecuteTC = findTestData(dataFile).getValue("Execute", row): null

2024-05-18 16:11:34 - [TEST_STEP][PASSED] - out.println("Value of Execute is : " + ExecuteTC): null

2024-05-18 16:11:34 - [TEST_STEP][PASSED] - if (ExecuteTC.equalsIgnoreCase("Y")): Browser is closed

2024-05-18 16:11:34 - [TEST_STEP][PASSED] - out.println("Begin Record Number: " + row): null

2024-05-18 16:11:34 - [TEST_STEP][PASSED] - today = new java.util.Date(): null

2024-05-18 16:11:34 - [TEST_STEP][PASSED] - println(today): null

2024-05-18 16:11:34 - [TEST_STEP][PASSED] - datText = today: null

2024-05-18 16:11:34 - [TEST_STEP][PASSED] - openBrowser(VLinkURL + "authcap.html"): Browser is opened with url: 'https://dev-algorithm.govolution.com/vlinktest/QA2/version_2_0/authcap.html'

2024-05-18 16:11:34 - [MESSAGE][INFO] - Starting 'Chrome' driver

2024-05-18 16:11:34 - [MESSAGE][INFO] - User set preference: ['acceptInsecureCerts', 'true']

2024-05-18 16:11:34 - [MESSAGE][INFO] - Action delay is set to 0 milliseconds

2024-05-18 16:11:36 - [MESSAGE][PASSED] - Browser is opened with url: 'https://dev-algorithm.govolution.com/vlinktest/QA2/version_2_0/authcap.html'

2024-05-18 16:11:36 - [TEST_STEP][PASSED] - maximizeWindow(): Current window maximized

2024-05-18 16:11:37 - [MESSAGE][PASSED] - Current window maximized

2024-05-18 16:11:37 - [TEST_STEP][PASSED] - vlinkPages.saleCCPage.setDataSCC(row, dataFile): vlinkPages.saleCCPage.setDataSCC is PASSED

2024-05-18 16:11:40 - [MESSAGE][PASSED] - Object 'Object Repository/VLink/Page_CCSale/txt_CardNumber' is present

2024-05-18 16:11:40 - [MESSAGE][PASSED] - Text '104' is set on object 'Object Repository/VLink/Page_CCSale/txt_TransactionType'

2024-05-18 16:11:41 - [MESSAGE][PASSED] - Text '2.0C' is set on object 'Object Repository/VLink/Page_CCSale/txt_MessageVersion'

2024-05-18 16:11:42 - [MESSAGE][PASSED] - Text 'm0HxO1OG1mbE' is set on object 'Object Repository/VLink/Page_CCSale/txt_RemID'

2024-05-18 16:11:42 - [MESSAGE][PASSED] - Text '665' is set on object 'Object Repository/VLink/Page_CCSale/txt_ApplicationId'

2024-05-18 16:11:43 - [MESSAGE][PASSED] - Text 'username' is set on object 'Object Repository/VLink/Page_CCSale/txt_Username'

2024-05-18 16:11:44 - [MESSAGE][PASSED] - Text 'password' is set on object 'Object Repository/VLink/Page_CCSale/txt_Password'

2024-05-18 16:11:45 - [MESSAGE][PASSED] - Text 'fixed_width' is set on object 'Object Repository/VLink/Page_CCSale/txt_ResponseFormat'

2024-05-18 16:11:45 - [MESSAGE][PASSED] - Text 'ECOM' is set on object 'Object Repository/VLink/Page_CCSale/txt_Category'

2024-05-18 16:11:46 - [MESSAGE][PASSED] - Text '' is set on object 'Object Repository/VLink/Page_CCSale/txt_TransactionID'

2024-05-18 16:11:47 - [MESSAGE][PASSED] - Text '' is set on object 'Object Repository/VLink/Page_CCSale/txt_ApprovalCode'

2024-05-18 16:11:47 - [MESSAGE][PASSED] - Text 'Roshan Maha' is set on object 'Object Repository/VLink/Page_CCSale/txt_CardName'

2024-05-18 16:11:48 - [MESSAGE][PASSED] - Text '12563 Bazaar road' is set on object 'Object Repository/VLink/Page_CCSale/txt_AL1'

2024-05-18 16:11:49 - [MESSAGE][PASSED] - Text '' is set on object 'Object Repository/VLink/Page_CCSale/txt_AL2'

2024-05-18 16:11:50 - [MESSAGE][PASSED] - Text 'Crofton' is set on object 'Object Repository/VLink/Page_CCSale/txt_CardCity'

2024-05-18 16:11:50 - [MESSAGE][PASSED] - Text 'MD' is set on object 'Object Repository/VLink/Page_CCSale/txt_CardState'

2024-05-18 16:11:51 - [MESSAGE][PASSED] - Text '21114' is set on object 'Object Repository/VLink/Page_CCSale/txt_CardZIP'

2024-05-18 16:11:52 - [MESSAGE][PASSED] - Text '' is set on object 'Object Repository/VLink/Page_CCSale/txt_CountryID'

2024-05-18 16:11:52 - [MESSAGE][PASSED] - Text '3.50' is set on object 'Object Repository/VLink/Page_CCSale/txt_Amount'

2024-05-18 16:11:53 - [MESSAGE][PASSED] - Text '370000000000002' is set on object 'Object Repository/VLink/Page_CCSale/txt_CardNumber'

2024-05-18 16:11:54 - [MESSAGE][PASSED] - Text '01' is set on object 'Object Repository/VLink/Page_CCSale/txt_ExpMonth'

2024-05-18 16:11:54 - [MESSAGE][PASSED] - Text '2026' is set on object 'Object Repository/VLink/Page_CCSale/txt_ExpYear'

2024-05-18 16:11:55 - [MESSAGE][PASSED] - Text '' is set on object 'Object Repository/VLink/Page_CCSale/txt_CVV'

2024-05-18 16:11:56 - [MESSAGE][PASSED] - Text '' is set on object 'Object Repository/VLink/Page_CCSale/txt_CVVstate'

2024-05-18 16:11:56 - [MESSAGE][PASSED] - Text '' is set on object 'Object Repository/VLink/Page_CCSale/txt_TrackData'

2024-05-18 16:11:57 - [MESSAGE][PASSED] - Text '' is set on object 'Object Repository/VLink/Page_CCSale/txt_Track1Data'

2024-05-18 16:11:58 - [MESSAGE][PASSED] - Text '' is set on object 'Object Repository/VLink/Page_CCSale/txt_Track2Data'

2024-05-18 16:11:58 - [MESSAGE][PASSED] - Text 'manual' is set on object 'Object Repository/VLink/Page_CCSale/txt_POSEntryMode'

2024-05-18 16:11:59 - [MESSAGE][PASSED] - Text '' is set on object 'Object Repository/VLink/Page_CCSale/txt_Email'

2024-05-18 16:12:00 - [MESSAGE][PASSED] - Text '' is set on object 'Object Repository/VLink/Page_CCSale/txt_OrderNumber'

2024-05-18 16:12:00 - [MESSAGE][PASSED] - Text '' is set on object 'Object Repository/VLink/Page_CCSale/txt_TaxAmount'

2024-05-18 16:12:01 - [MESSAGE][PASSED] - Text '' is set on object 'Object Repository/VLink/Page_CCSale/txt_ChargeDescription'

2024-05-18 16:12:02 - [MESSAGE][PASSED] - Text '' is set on object 'Object Repository/VLink/Page_CCSale/txt_CAN'

2024-05-18 16:12:02 - [MESSAGE][PASSED] - Text '' is set on object 'Object Repository/VLink/Page_CCSale/txt_BillPaymentIndicator'

2024-05-18 16:12:03 - [MESSAGE][PASSED] - Text '' is set on object 'Object Repository/VLink/Page_CCSale/txt_UDF1'

2024-05-18 16:12:04 - [MESSAGE][PASSED] - Text '' is set on object 'Object Repository/VLink/Page_CCSale/txt_UDF2'

2024-05-18 16:12:04 - [MESSAGE][PASSED] - Text '' is set on object 'Object Repository/VLink/Page_CCSale/txt_UDF3'

2024-05-18 16:12:05 - [MESSAGE][PASSED] - Text '' is set on object 'Object Repository/VLink/Page_CCSale/txt_UDF4'

2024-05-18 16:12:06 - [MESSAGE][PASSED] - Text '' is set on object 'Object Repository/VLink/Page_CCSale/txt_UDF5'

2024-05-18 16:12:06 - [MESSAGE][PASSED] - Text '' is set on object 'Object Repository/VLink/Page_CCSale/txt_UDF6'

2024-05-18 16:12:07 - [MESSAGE][PASSED] - Text '' is set on object 'Object Repository/VLink/Page_CCSale/txt_UDF7'

2024-05-18 16:12:08 - [MESSAGE][PASSED] - Text '' is set on object 'Object Repository/VLink/Page_CCSale/txt_UDF8'

2024-05-18 16:12:09 - [MESSAGE][PASSED] - Text '' is set on object 'Object Repository/VLink/Page_CCSale/txt_UDF9'

2024-05-18 16:12:09 - [MESSAGE][PASSED] - Text '' is set on object 'Object Repository/VLink/Page_CCSale/txt_UDF10'

2024-05-18 16:12:12 - [MESSAGE][PASSED] - Object: 'Object Repository/VLink/Page_CCSale/btn_ProcessVLinkTransaction' is clicked on

2024-05-18 16:12:17 - [MESSAGE][PASSED] - vlinkPages.saleCCPage.setDataSCC is PASSED

2024-05-18 16:12:17 - [TEST_STEP][PASSED] - if (verifyTextPresent("Transaction approved, no errors", true)): null

2024-05-18 16:12:17 - [MESSAGE][PASSED] - Text 'Transaction approved, no errors' is present on page  using regular expression

2024-05-18 16:12:17 - [TEST_STEP][PASSED] - println("Transaction Approved, no errors text is present on the Confirmation page"): null

2024-05-18 16:12:17 - [TEST_STEP][PASSED] - out.println("Pass Record Number: " + row): null

2024-05-18 16:12:17 - [TEST_STEP][PASSED] - resText = "Pass": null

2024-05-18 16:12:17 - [TEST_STEP][PASSED] - pages.WriteExcel.demoKey(resText, datText, resColumn, datCloumn, fileLoc, nameSheet, row): pages.WriteExcel.demoKey is PASSED

2024-05-18 16:12:17 - [MESSAGE][PASSED] - pages.WriteExcel.demoKey is PASSED

2024-05-18 16:12:17 - [TEST_STEP][PASSED] - sdfo = getText(findTestObject("Object Repository/Page_VLinkReceipt/pre_STX")): Text of object 'Object Repository/Page_VLinkReceipt/pre_STX' is: '<STX>m0HxO1OG1mbE                  12153255            0  Transaction approved, no errors                   0                                                                                  X OK8771   <ETX>'

2024-05-18 16:12:18 - [MESSAGE][PASSED] - Text of object 'Object Repository/Page_VLinkReceipt/pre_STX' is: '<STX>m0HxO1OG1mbE                  12153255            0  Transaction approved, no errors                   0                                                                                  X OK8771   <ETX>'

2024-05-18 16:12:18 - [TEST_STEP][PASSED] - out.println("sdfo: " + sdfo): null

2024-05-18 16:12:18 - [TEST_STEP][PASSED] - remID = substring(5, 35).trim(): null

2024-05-18 16:12:18 - [TEST_STEP][PASSED] - out.println("Remittance ID: " + remID): null

2024-05-18 16:12:18 - [TEST_STEP][PASSED] - traxID = substring(35, 55).trim(): null

2024-05-18 16:12:18 - [TEST_STEP][PASSED] - out.println("Transaction ID: " + traxID): null

2024-05-18 16:12:18 - [TEST_STEP][PASSED] - out.println("End Record Number: " + row): null

2024-05-18 16:12:18 - [TEST_STEP][PASSED] - closeBrowser(): Browser is closed

2024-05-18 16:12:19 - [MESSAGE][PASSED] - Browser is closed

2024-05-18 16:12:19 - [TEST_STEP][PASSED] - ExecuteTC = findTestData(dataFile).getValue("Execute", row): null

2024-05-18 16:12:19 - [TEST_STEP][PASSED] - out.println("Value of Execute is : " + ExecuteTC): null

2024-05-18 16:12:19 - [TEST_STEP][PASSED] - if (ExecuteTC.equalsIgnoreCase("Y")): Browser is closed

2024-05-18 16:12:19 - [TEST_STEP][PASSED] - out.println("Begin Record Number: " + row): null

2024-05-18 16:12:19 - [TEST_STEP][PASSED] - today = new java.util.Date(): null

2024-05-18 16:12:19 - [TEST_STEP][PASSED] - println(today): null

2024-05-18 16:12:19 - [TEST_STEP][PASSED] - datText = today: null

2024-05-18 16:12:19 - [TEST_STEP][PASSED] - openBrowser(VLinkURL + "authcap.html"): Browser is opened with url: 'https://dev-algorithm.govolution.com/vlinktest/QA2/version_2_0/authcap.html'

2024-05-18 16:12:19 - [MESSAGE][INFO] - Starting 'Chrome' driver

2024-05-18 16:12:19 - [MESSAGE][INFO] - User set preference: ['acceptInsecureCerts', 'true']

2024-05-18 16:12:19 - [MESSAGE][INFO] - Action delay is set to 0 milliseconds

2024-05-18 16:12:21 - [MESSAGE][PASSED] - Browser is opened with url: 'https://dev-algorithm.govolution.com/vlinktest/QA2/version_2_0/authcap.html'

2024-05-18 16:12:21 - [TEST_STEP][PASSED] - maximizeWindow(): Current window maximized

2024-05-18 16:12:21 - [MESSAGE][PASSED] - Current window maximized

2024-05-18 16:12:21 - [TEST_STEP][PASSED] - vlinkPages.saleCCPage.setDataSCC(row, dataFile): vlinkPages.saleCCPage.setDataSCC is PASSED

2024-05-18 16:12:24 - [MESSAGE][PASSED] - Object 'Object Repository/VLink/Page_CCSale/txt_CardNumber' is present

2024-05-18 16:12:25 - [MESSAGE][PASSED] - Text '104' is set on object 'Object Repository/VLink/Page_CCSale/txt_TransactionType'

2024-05-18 16:12:26 - [MESSAGE][PASSED] - Text '2.0C' is set on object 'Object Repository/VLink/Page_CCSale/txt_MessageVersion'

2024-05-18 16:12:26 - [MESSAGE][PASSED] - Text 'IqR4Y1DIivOu' is set on object 'Object Repository/VLink/Page_CCSale/txt_RemID'

2024-05-18 16:12:27 - [MESSAGE][PASSED] - Text '665' is set on object 'Object Repository/VLink/Page_CCSale/txt_ApplicationId'

2024-05-18 16:12:28 - [MESSAGE][PASSED] - Text 'username' is set on object 'Object Repository/VLink/Page_CCSale/txt_Username'

2024-05-18 16:12:28 - [MESSAGE][PASSED] - Text 'password' is set on object 'Object Repository/VLink/Page_CCSale/txt_Password'

2024-05-18 16:12:29 - [MESSAGE][PASSED] - Text 'fixed_width' is set on object 'Object Repository/VLink/Page_CCSale/txt_ResponseFormat'

2024-05-18 16:12:30 - [MESSAGE][PASSED] - Text 'ECOM' is set on object 'Object Repository/VLink/Page_CCSale/txt_Category'

2024-05-18 16:12:31 - [MESSAGE][PASSED] - Text '' is set on object 'Object Repository/VLink/Page_CCSale/txt_TransactionID'

2024-05-18 16:12:31 - [MESSAGE][PASSED] - Text '' is set on object 'Object Repository/VLink/Page_CCSale/txt_ApprovalCode'

2024-05-18 16:12:32 - [MESSAGE][PASSED] - Text 'Kris Roshan' is set on object 'Object Repository/VLink/Page_CCSale/txt_CardName'

2024-05-18 16:12:33 - [MESSAGE][PASSED] - Text '258 Elm Road' is set on object 'Object Repository/VLink/Page_CCSale/txt_AL1'

2024-05-18 16:12:34 - [MESSAGE][PASSED] - Text 'Suite 56' is set on object 'Object Repository/VLink/Page_CCSale/txt_AL2'

2024-05-18 16:12:34 - [MESSAGE][PASSED] - Text 'Arlington' is set on object 'Object Repository/VLink/Page_CCSale/txt_CardCity'

2024-05-18 16:12:35 - [MESSAGE][PASSED] - Text 'VA' is set on object 'Object Repository/VLink/Page_CCSale/txt_CardState'

2024-05-18 16:12:36 - [MESSAGE][PASSED] - Text '22201' is set on object 'Object Repository/VLink/Page_CCSale/txt_CardZIP'

2024-05-18 16:12:36 - [MESSAGE][PASSED] - Text '840' is set on object 'Object Repository/VLink/Page_CCSale/txt_CountryID'

2024-05-18 16:12:37 - [MESSAGE][PASSED] - Text '1.50' is set on object 'Object Repository/VLink/Page_CCSale/txt_Amount'

2024-05-18 16:12:38 - [MESSAGE][PASSED] - Text '6011000000000004' is set on object 'Object Repository/VLink/Page_CCSale/txt_CardNumber'

2024-05-18 16:12:39 - [MESSAGE][PASSED] - Text '12' is set on object 'Object Repository/VLink/Page_CCSale/txt_ExpMonth'

2024-05-18 16:12:39 - [MESSAGE][PASSED] - Text '2025' is set on object 'Object Repository/VLink/Page_CCSale/txt_ExpYear'

2024-05-18 16:12:40 - [MESSAGE][PASSED] - Text '' is set on object 'Object Repository/VLink/Page_CCSale/txt_CVV'

2024-05-18 16:12:41 - [MESSAGE][PASSED] - Text '' is set on object 'Object Repository/VLink/Page_CCSale/txt_CVVstate'

2024-05-18 16:12:41 - [MESSAGE][PASSED] - Text '' is set on object 'Object Repository/VLink/Page_CCSale/txt_TrackData'

2024-05-18 16:12:42 - [MESSAGE][PASSED] - Text '' is set on object 'Object Repository/VLink/Page_CCSale/txt_Track1Data'

2024-05-18 16:12:43 - [MESSAGE][PASSED] - Text '' is set on object 'Object Repository/VLink/Page_CCSale/txt_Track2Data'

2024-05-18 16:12:43 - [MESSAGE][PASSED] - Text 'manual' is set on object 'Object Repository/VLink/Page_CCSale/txt_POSEntryMode'

2024-05-18 16:12:44 - [MESSAGE][PASSED] - Text 'iahmed@govolution.com' is set on object 'Object Repository/VLink/Page_CCSale/txt_Email'

2024-05-18 16:12:45 - [MESSAGE][PASSED] - Text '2569362' is set on object 'Object Repository/VLink/Page_CCSale/txt_OrderNumber'

2024-05-18 16:12:46 - [MESSAGE][PASSED] - Text '1.15' is set on object 'Object Repository/VLink/Page_CCSale/txt_TaxAmount'

2024-05-18 16:12:46 - [MESSAGE][PASSED] - Text 'Charge Description' is set on object 'Object Repository/VLink/Page_CCSale/txt_ChargeDescription'

2024-05-18 16:12:47 - [MESSAGE][PASSED] - Text '147357' is set on object 'Object Repository/VLink/Page_CCSale/txt_CAN'

2024-05-18 16:12:48 - [MESSAGE][PASSED] - Text '1' is set on object 'Object Repository/VLink/Page_CCSale/txt_BillPaymentIndicator'

2024-05-18 16:12:48 - [MESSAGE][PASSED] - Text 'UDF Data 1' is set on object 'Object Repository/VLink/Page_CCSale/txt_UDF1'

2024-05-18 16:12:49 - [MESSAGE][PASSED] - Text 'UDF Data 2' is set on object 'Object Repository/VLink/Page_CCSale/txt_UDF2'

2024-05-18 16:12:50 - [MESSAGE][PASSED] - Text 'UDF Data 3' is set on object 'Object Repository/VLink/Page_CCSale/txt_UDF3'

2024-05-18 16:12:50 - [MESSAGE][PASSED] - Text 'UDF Data 4' is set on object 'Object Repository/VLink/Page_CCSale/txt_UDF4'

2024-05-18 16:12:51 - [MESSAGE][PASSED] - Text 'UDF Data 5' is set on object 'Object Repository/VLink/Page_CCSale/txt_UDF5'

2024-05-18 16:12:52 - [MESSAGE][PASSED] - Text 'UDF Data 6' is set on object 'Object Repository/VLink/Page_CCSale/txt_UDF6'

2024-05-18 16:12:53 - [MESSAGE][PASSED] - Text 'UDF Data 7' is set on object 'Object Repository/VLink/Page_CCSale/txt_UDF7'

2024-05-18 16:12:53 - [MESSAGE][PASSED] - Text 'UDF Data 8' is set on object 'Object Repository/VLink/Page_CCSale/txt_UDF8'

2024-05-18 16:12:54 - [MESSAGE][PASSED] - Text 'UDF Data 9' is set on object 'Object Repository/VLink/Page_CCSale/txt_UDF9'

2024-05-18 16:12:55 - [MESSAGE][PASSED] - Text 'UDF Data 10' is set on object 'Object Repository/VLink/Page_CCSale/txt_UDF10'

2024-05-18 16:12:56 - [MESSAGE][PASSED] - Object: 'Object Repository/VLink/Page_CCSale/btn_ProcessVLinkTransaction' is clicked on

2024-05-18 16:13:01 - [MESSAGE][PASSED] - vlinkPages.saleCCPage.setDataSCC is PASSED

2024-05-18 16:13:01 - [TEST_STEP][PASSED] - if (verifyTextPresent("Transaction approved, no errors", true)): null

2024-05-18 16:13:01 - [MESSAGE][PASSED] - Text 'Transaction approved, no errors' is present on page  using regular expression

2024-05-18 16:13:01 - [TEST_STEP][PASSED] - println("Transaction Approved, no errors text is present on the Confirmation page"): null

2024-05-18 16:13:01 - [TEST_STEP][PASSED] - out.println("Pass Record Number: " + row): null

2024-05-18 16:13:01 - [TEST_STEP][PASSED] - resText = "Pass": null

2024-05-18 16:13:01 - [TEST_STEP][PASSED] - pages.WriteExcel.demoKey(resText, datText, resColumn, datCloumn, fileLoc, nameSheet, row): pages.WriteExcel.demoKey is PASSED

2024-05-18 16:13:01 - [MESSAGE][PASSED] - pages.WriteExcel.demoKey is PASSED

2024-05-18 16:13:01 - [TEST_STEP][PASSED] - sdfo = getText(findTestObject("Object Repository/Page_VLinkReceipt/pre_STX")): Text of object 'Object Repository/Page_VLinkReceipt/pre_STX' is: '<STX>IqR4Y1DIivOu                  12153256            0  Transaction approved, no errors                   0                                                                                  XXOK7197   <ETX>'

2024-05-18 16:13:02 - [MESSAGE][PASSED] - Text of object 'Object Repository/Page_VLinkReceipt/pre_STX' is: '<STX>IqR4Y1DIivOu                  12153256            0  Transaction approved, no errors                   0                                                                                  XXOK7197   <ETX>'

2024-05-18 16:13:02 - [TEST_STEP][PASSED] - out.println("sdfo: " + sdfo): null

2024-05-18 16:13:02 - [TEST_STEP][PASSED] - remID = substring(5, 35).trim(): null

2024-05-18 16:13:02 - [TEST_STEP][PASSED] - out.println("Remittance ID: " + remID): null

2024-05-18 16:13:02 - [TEST_STEP][PASSED] - traxID = substring(35, 55).trim(): null

2024-05-18 16:13:02 - [TEST_STEP][PASSED] - out.println("Transaction ID: " + traxID): null

2024-05-18 16:13:02 - [TEST_STEP][PASSED] - out.println("End Record Number: " + row): null

2024-05-18 16:13:02 - [TEST_STEP][PASSED] - closeBrowser(): Browser is closed

2024-05-18 16:13:03 - [MESSAGE][PASSED] - Browser is closed

2024-05-18 16:13:03 - [TEST_STEP][PASSED] - ExecuteTC = findTestData(dataFile).getValue("Execute", row): null

2024-05-18 16:13:03 - [TEST_STEP][PASSED] - out.println("Value of Execute is : " + ExecuteTC): null

2024-05-18 16:13:03 - [TEST_STEP][PASSED] - if (ExecuteTC.equalsIgnoreCase("Y")): Browser is closed

2024-05-18 16:13:03 - [TEST_STEP][PASSED] - out.println("Begin Record Number: " + row): null

2024-05-18 16:13:03 - [TEST_STEP][PASSED] - today = new java.util.Date(): null

2024-05-18 16:13:03 - [TEST_STEP][PASSED] - println(today): null

2024-05-18 16:13:03 - [TEST_STEP][PASSED] - datText = today: null

2024-05-18 16:13:03 - [TEST_STEP][PASSED] - openBrowser(VLinkURL + "authcap.html"): Browser is opened with url: 'https://dev-algorithm.govolution.com/vlinktest/QA2/version_2_0/authcap.html'

2024-05-18 16:13:03 - [MESSAGE][INFO] - Starting 'Chrome' driver

2024-05-18 16:13:03 - [MESSAGE][INFO] - User set preference: ['acceptInsecureCerts', 'true']

2024-05-18 16:13:03 - [MESSAGE][INFO] - Action delay is set to 0 milliseconds

2024-05-18 16:13:05 - [MESSAGE][PASSED] - Browser is opened with url: 'https://dev-algorithm.govolution.com/vlinktest/QA2/version_2_0/authcap.html'

2024-05-18 16:13:05 - [TEST_STEP][PASSED] - maximizeWindow(): Current window maximized

2024-05-18 16:13:05 - [MESSAGE][PASSED] - Current window maximized

2024-05-18 16:13:05 - [TEST_STEP][PASSED] - vlinkPages.saleCCPage.setDataSCC(row, dataFile): vlinkPages.saleCCPage.setDataSCC is PASSED

2024-05-18 16:13:08 - [MESSAGE][PASSED] - Object 'Object Repository/VLink/Page_CCSale/txt_CardNumber' is present

2024-05-18 16:13:09 - [MESSAGE][PASSED] - Text '104' is set on object 'Object Repository/VLink/Page_CCSale/txt_TransactionType'

2024-05-18 16:13:10 - [MESSAGE][PASSED] - Text '2.0C' is set on object 'Object Repository/VLink/Page_CCSale/txt_MessageVersion'

2024-05-18 16:13:10 - [MESSAGE][PASSED] - Text 'RTWWvBUf0dS7' is set on object 'Object Repository/VLink/Page_CCSale/txt_RemID'

2024-05-18 16:13:11 - [MESSAGE][PASSED] - Text '665' is set on object 'Object Repository/VLink/Page_CCSale/txt_ApplicationId'

2024-05-18 16:13:12 - [MESSAGE][PASSED] - Text 'username' is set on object 'Object Repository/VLink/Page_CCSale/txt_Username'

2024-05-18 16:13:12 - [MESSAGE][PASSED] - Text 'password' is set on object 'Object Repository/VLink/Page_CCSale/txt_Password'

2024-05-18 16:13:13 - [MESSAGE][PASSED] - Text 'fixed_width' is set on object 'Object Repository/VLink/Page_CCSale/txt_ResponseFormat'

2024-05-18 16:13:14 - [MESSAGE][PASSED] - Text 'MOTO' is set on object 'Object Repository/VLink/Page_CCSale/txt_Category'

2024-05-18 16:13:15 - [MESSAGE][PASSED] - Text '' is set on object 'Object Repository/VLink/Page_CCSale/txt_TransactionID'

2024-05-18 16:13:15 - [MESSAGE][PASSED] - Text '' is set on object 'Object Repository/VLink/Page_CCSale/txt_ApprovalCode'

2024-05-18 16:13:16 - [MESSAGE][PASSED] - Text 'Roshan Maha' is set on object 'Object Repository/VLink/Page_CCSale/txt_CardName'

2024-05-18 16:13:17 - [MESSAGE][PASSED] - Text '12563 Bazaar road' is set on object 'Object Repository/VLink/Page_CCSale/txt_AL1'

2024-05-18 16:13:17 - [MESSAGE][PASSED] - Text '' is set on object 'Object Repository/VLink/Page_CCSale/txt_AL2'

2024-05-18 16:13:18 - [MESSAGE][PASSED] - Text 'Crofton' is set on object 'Object Repository/VLink/Page_CCSale/txt_CardCity'

2024-05-18 16:13:19 - [MESSAGE][PASSED] - Text 'MD' is set on object 'Object Repository/VLink/Page_CCSale/txt_CardState'

2024-05-18 16:13:20 - [MESSAGE][PASSED] - Text '21114' is set on object 'Object Repository/VLink/Page_CCSale/txt_CardZIP'

2024-05-18 16:13:20 - [MESSAGE][PASSED] - Text '' is set on object 'Object Repository/VLink/Page_CCSale/txt_CountryID'

2024-05-18 16:13:21 - [MESSAGE][PASSED] - Text '3.50' is set on object 'Object Repository/VLink/Page_CCSale/txt_Amount'

2024-05-18 16:13:22 - [MESSAGE][PASSED] - Text '4111111111111111' is set on object 'Object Repository/VLink/Page_CCSale/txt_CardNumber'

2024-05-18 16:13:22 - [MESSAGE][PASSED] - Text '01' is set on object 'Object Repository/VLink/Page_CCSale/txt_ExpMonth'

2024-05-18 16:13:23 - [MESSAGE][PASSED] - Text '2026' is set on object 'Object Repository/VLink/Page_CCSale/txt_ExpYear'

2024-05-18 16:13:24 - [MESSAGE][PASSED] - Text '' is set on object 'Object Repository/VLink/Page_CCSale/txt_CVV'

2024-05-18 16:13:24 - [MESSAGE][PASSED] - Text '' is set on object 'Object Repository/VLink/Page_CCSale/txt_CVVstate'

2024-05-18 16:13:25 - [MESSAGE][PASSED] - Text '' is set on object 'Object Repository/VLink/Page_CCSale/txt_TrackData'

2024-05-18 16:13:26 - [MESSAGE][PASSED] - Text '' is set on object 'Object Repository/VLink/Page_CCSale/txt_Track1Data'

2024-05-18 16:13:27 - [MESSAGE][PASSED] - Text '' is set on object 'Object Repository/VLink/Page_CCSale/txt_Track2Data'

2024-05-18 16:13:27 - [MESSAGE][PASSED] - Text 'manual' is set on object 'Object Repository/VLink/Page_CCSale/txt_POSEntryMode'

2024-05-18 16:13:28 - [MESSAGE][PASSED] - Text '' is set on object 'Object Repository/VLink/Page_CCSale/txt_Email'

2024-05-18 16:13:29 - [MESSAGE][PASSED] - Text '' is set on object 'Object Repository/VLink/Page_CCSale/txt_OrderNumber'

2024-05-18 16:13:29 - [MESSAGE][PASSED] - Text '' is set on object 'Object Repository/VLink/Page_CCSale/txt_TaxAmount'

2024-05-18 16:13:30 - [MESSAGE][PASSED] - Text '' is set on object 'Object Repository/VLink/Page_CCSale/txt_ChargeDescription'

2024-05-18 16:13:31 - [MESSAGE][PASSED] - Text '' is set on object 'Object Repository/VLink/Page_CCSale/txt_CAN'

2024-05-18 16:13:31 - [MESSAGE][PASSED] - Text '' is set on object 'Object Repository/VLink/Page_CCSale/txt_BillPaymentIndicator'

2024-05-18 16:13:32 - [MESSAGE][PASSED] - Text '' is set on object 'Object Repository/VLink/Page_CCSale/txt_UDF1'

2024-05-18 16:13:33 - [MESSAGE][PASSED] - Text '' is set on object 'Object Repository/VLink/Page_CCSale/txt_UDF2'

2024-05-18 16:13:33 - [MESSAGE][PASSED] - Text '' is set on object 'Object Repository/VLink/Page_CCSale/txt_UDF3'

2024-05-18 16:13:34 - [MESSAGE][PASSED] - Text '' is set on object 'Object Repository/VLink/Page_CCSale/txt_UDF4'

2024-05-18 16:13:35 - [MESSAGE][PASSED] - Text '' is set on object 'Object Repository/VLink/Page_CCSale/txt_UDF5'

2024-05-18 16:13:36 - [MESSAGE][PASSED] - Text '' is set on object 'Object Repository/VLink/Page_CCSale/txt_UDF6'

2024-05-18 16:13:36 - [MESSAGE][PASSED] - Text '' is set on object 'Object Repository/VLink/Page_CCSale/txt_UDF7'

2024-05-18 16:13:37 - [MESSAGE][PASSED] - Text '' is set on object 'Object Repository/VLink/Page_CCSale/txt_UDF8'

2024-05-18 16:13:38 - [MESSAGE][PASSED] - Text '' is set on object 'Object Repository/VLink/Page_CCSale/txt_UDF9'

2024-05-18 16:13:38 - [MESSAGE][PASSED] - Text '' is set on object 'Object Repository/VLink/Page_CCSale/txt_UDF10'

2024-05-18 16:13:41 - [MESSAGE][PASSED] - Object: 'Object Repository/VLink/Page_CCSale/btn_ProcessVLinkTransaction' is clicked on

2024-05-18 16:13:46 - [MESSAGE][PASSED] - vlinkPages.saleCCPage.setDataSCC is PASSED

2024-05-18 16:13:46 - [TEST_STEP][PASSED] - if (verifyTextPresent("Transaction approved, no errors", true)): null

2024-05-18 16:13:46 - [MESSAGE][PASSED] - Text 'Transaction approved, no errors' is present on page  using regular expression

2024-05-18 16:13:46 - [TEST_STEP][PASSED] - println("Transaction Approved, no errors text is present on the Confirmation page"): null

2024-05-18 16:13:46 - [TEST_STEP][PASSED] - out.println("Pass Record Number: " + row): null

2024-05-18 16:13:46 - [TEST_STEP][PASSED] - resText = "Pass": null

2024-05-18 16:13:46 - [TEST_STEP][PASSED] - pages.WriteExcel.demoKey(resText, datText, resColumn, datCloumn, fileLoc, nameSheet, row): pages.WriteExcel.demoKey is PASSED

2024-05-18 16:13:46 - [MESSAGE][PASSED] - pages.WriteExcel.demoKey is PASSED

2024-05-18 16:13:46 - [TEST_STEP][PASSED] - sdfo = getText(findTestObject("Object Repository/Page_VLinkReceipt/pre_STX")): Text of object 'Object Repository/Page_VLinkReceipt/pre_STX' is: '<STX>RTWWvBUf0dS7                  12153257            0  Transaction approved, no errors                   0                                                                                  XXOK8821   <ETX>'

2024-05-18 16:13:47 - [MESSAGE][PASSED] - Text of object 'Object Repository/Page_VLinkReceipt/pre_STX' is: '<STX>RTWWvBUf0dS7                  12153257            0  Transaction approved, no errors                   0                                                                                  XXOK8821   <ETX>'

2024-05-18 16:13:47 - [TEST_STEP][PASSED] - out.println("sdfo: " + sdfo): null

2024-05-18 16:13:47 - [TEST_STEP][PASSED] - remID = substring(5, 35).trim(): null

2024-05-18 16:13:47 - [TEST_STEP][PASSED] - out.println("Remittance ID: " + remID): null

2024-05-18 16:13:47 - [TEST_STEP][PASSED] - traxID = substring(35, 55).trim(): null

2024-05-18 16:13:47 - [TEST_STEP][PASSED] - out.println("Transaction ID: " + traxID): null

2024-05-18 16:13:47 - [TEST_STEP][PASSED] - out.println("End Record Number: " + row): null

2024-05-18 16:13:47 - [TEST_STEP][PASSED] - closeBrowser(): Browser is closed

2024-05-18 16:13:48 - [MESSAGE][PASSED] - Browser is closed

2024-05-18 16:13:48 - [TEST_STEP][PASSED] - ExecuteTC = findTestData(dataFile).getValue("Execute", row): null

2024-05-18 16:13:48 - [TEST_STEP][PASSED] - out.println("Value of Execute is : " + ExecuteTC): null

2024-05-18 16:13:48 - [TEST_STEP][PASSED] - if (ExecuteTC.equalsIgnoreCase("Y")): Browser is closed

2024-05-18 16:13:48 - [TEST_STEP][PASSED] - out.println("Begin Record Number: " + row): null

2024-05-18 16:13:48 - [TEST_STEP][PASSED] - today = new java.util.Date(): null

2024-05-18 16:13:48 - [TEST_STEP][PASSED] - println(today): null

2024-05-18 16:13:48 - [TEST_STEP][PASSED] - datText = today: null

2024-05-18 16:13:48 - [TEST_STEP][PASSED] - openBrowser(VLinkURL + "authcap.html"): Browser is opened with url: 'https://dev-algorithm.govolution.com/vlinktest/QA2/version_2_0/authcap.html'

2024-05-18 16:13:48 - [MESSAGE][INFO] - Starting 'Chrome' driver

2024-05-18 16:13:48 - [MESSAGE][INFO] - User set preference: ['acceptInsecureCerts', 'true']

2024-05-18 16:13:48 - [MESSAGE][INFO] - Action delay is set to 0 milliseconds

2024-05-18 16:13:50 - [MESSAGE][PASSED] - Browser is opened with url: 'https://dev-algorithm.govolution.com/vlinktest/QA2/version_2_0/authcap.html'

2024-05-18 16:13:50 - [TEST_STEP][PASSED] - maximizeWindow(): Current window maximized

2024-05-18 16:13:50 - [MESSAGE][PASSED] - Current window maximized

2024-05-18 16:13:50 - [TEST_STEP][PASSED] - vlinkPages.saleCCPage.setDataSCC(row, dataFile): vlinkPages.saleCCPage.setDataSCC is PASSED

2024-05-18 16:13:53 - [MESSAGE][PASSED] - Object 'Object Repository/VLink/Page_CCSale/txt_CardNumber' is present

2024-05-18 16:13:54 - [MESSAGE][PASSED] - Text '104' is set on object 'Object Repository/VLink/Page_CCSale/txt_TransactionType'

2024-05-18 16:13:55 - [MESSAGE][PASSED] - Text '2.0C' is set on object 'Object Repository/VLink/Page_CCSale/txt_MessageVersion'

2024-05-18 16:13:55 - [MESSAGE][PASSED] - Text 'gF70BttBBWdQ' is set on object 'Object Repository/VLink/Page_CCSale/txt_RemID'

2024-05-18 16:13:56 - [MESSAGE][PASSED] - Text '665' is set on object 'Object Repository/VLink/Page_CCSale/txt_ApplicationId'

2024-05-18 16:13:57 - [MESSAGE][PASSED] - Text 'username' is set on object 'Object Repository/VLink/Page_CCSale/txt_Username'

2024-05-18 16:13:57 - [MESSAGE][PASSED] - Text 'password' is set on object 'Object Repository/VLink/Page_CCSale/txt_Password'

2024-05-18 16:13:58 - [MESSAGE][PASSED] - Text 'fixed_width' is set on object 'Object Repository/VLink/Page_CCSale/txt_ResponseFormat'

2024-05-18 16:13:59 - [MESSAGE][PASSED] - Text 'MOTO' is set on object 'Object Repository/VLink/Page_CCSale/txt_Category'

2024-05-18 16:13:59 - [MESSAGE][PASSED] - Text '' is set on object 'Object Repository/VLink/Page_CCSale/txt_TransactionID'

2024-05-18 16:14:00 - [MESSAGE][PASSED] - Text '' is set on object 'Object Repository/VLink/Page_CCSale/txt_ApprovalCode'

2024-05-18 16:14:01 - [MESSAGE][PASSED] - Text 'Kris Roshan' is set on object 'Object Repository/VLink/Page_CCSale/txt_CardName'

2024-05-18 16:14:02 - [MESSAGE][PASSED] - Text '258 Elm Road' is set on object 'Object Repository/VLink/Page_CCSale/txt_AL1'

2024-05-18 16:14:02 - [MESSAGE][PASSED] - Text 'Suite 56' is set on object 'Object Repository/VLink/Page_CCSale/txt_AL2'

2024-05-18 16:14:03 - [MESSAGE][PASSED] - Text 'Arlington' is set on object 'Object Repository/VLink/Page_CCSale/txt_CardCity'

2024-05-18 16:14:04 - [MESSAGE][PASSED] - Text 'VA' is set on object 'Object Repository/VLink/Page_CCSale/txt_CardState'

2024-05-18 16:14:04 - [MESSAGE][PASSED] - Text '22201' is set on object 'Object Repository/VLink/Page_CCSale/txt_CardZIP'

2024-05-18 16:14:05 - [MESSAGE][PASSED] - Text '840' is set on object 'Object Repository/VLink/Page_CCSale/txt_CountryID'

2024-05-18 16:14:06 - [MESSAGE][PASSED] - Text '1.50' is set on object 'Object Repository/VLink/Page_CCSale/txt_Amount'

2024-05-18 16:14:06 - [MESSAGE][PASSED] - Text '5424000000000015' is set on object 'Object Repository/VLink/Page_CCSale/txt_CardNumber'

2024-05-18 16:14:07 - [MESSAGE][PASSED] - Text '12' is set on object 'Object Repository/VLink/Page_CCSale/txt_ExpMonth'

2024-05-18 16:14:08 - [MESSAGE][PASSED] - Text '2025' is set on object 'Object Repository/VLink/Page_CCSale/txt_ExpYear'

2024-05-18 16:14:09 - [MESSAGE][PASSED] - Text '' is set on object 'Object Repository/VLink/Page_CCSale/txt_CVV'

2024-05-18 16:14:09 - [MESSAGE][PASSED] - Text '' is set on object 'Object Repository/VLink/Page_CCSale/txt_CVVstate'

2024-05-18 16:14:10 - [MESSAGE][PASSED] - Text '' is set on object 'Object Repository/VLink/Page_CCSale/txt_TrackData'

2024-05-18 16:14:11 - [MESSAGE][PASSED] - Text '' is set on object 'Object Repository/VLink/Page_CCSale/txt_Track1Data'

2024-05-18 16:14:11 - [MESSAGE][PASSED] - Text '' is set on object 'Object Repository/VLink/Page_CCSale/txt_Track2Data'

2024-05-18 16:14:12 - [MESSAGE][PASSED] - Text 'manual' is set on object 'Object Repository/VLink/Page_CCSale/txt_POSEntryMode'

2024-05-18 16:14:13 - [MESSAGE][PASSED] - Text 'iahmed@govolution.com' is set on object 'Object Repository/VLink/Page_CCSale/txt_Email'

2024-05-18 16:14:13 - [MESSAGE][PASSED] - Text '2569362' is set on object 'Object Repository/VLink/Page_CCSale/txt_OrderNumber'

2024-05-18 16:14:14 - [MESSAGE][PASSED] - Text '1.15' is set on object 'Object Repository/VLink/Page_CCSale/txt_TaxAmount'

2024-05-18 16:14:15 - [MESSAGE][PASSED] - Text 'Charge Description' is set on object 'Object Repository/VLink/Page_CCSale/txt_ChargeDescription'

2024-05-18 16:14:15 - [MESSAGE][PASSED] - Text '147357' is set on object 'Object Repository/VLink/Page_CCSale/txt_CAN'

2024-05-18 16:14:16 - [MESSAGE][PASSED] - Text '1' is set on object 'Object Repository/VLink/Page_CCSale/txt_BillPaymentIndicator'

2024-05-18 16:14:17 - [MESSAGE][PASSED] - Text 'UDF Data 1' is set on object 'Object Repository/VLink/Page_CCSale/txt_UDF1'

2024-05-18 16:14:17 - [MESSAGE][PASSED] - Text 'UDF Data 2' is set on object 'Object Repository/VLink/Page_CCSale/txt_UDF2'

2024-05-18 16:14:18 - [MESSAGE][PASSED] - Text 'UDF Data 3' is set on object 'Object Repository/VLink/Page_CCSale/txt_UDF3'

2024-05-18 16:14:19 - [MESSAGE][PASSED] - Text 'UDF Data 4' is set on object 'Object Repository/VLink/Page_CCSale/txt_UDF4'

2024-05-18 16:14:20 - [MESSAGE][PASSED] - Text 'UDF Data 5' is set on object 'Object Repository/VLink/Page_CCSale/txt_UDF5'

2024-05-18 16:14:20 - [MESSAGE][PASSED] - Text 'UDF Data 6' is set on object 'Object Repository/VLink/Page_CCSale/txt_UDF6'

2024-05-18 16:14:21 - [MESSAGE][PASSED] - Text 'UDF Data 7' is set on object 'Object Repository/VLink/Page_CCSale/txt_UDF7'

2024-05-18 16:14:22 - [MESSAGE][PASSED] - Text 'UDF Data 8' is set on object 'Object Repository/VLink/Page_CCSale/txt_UDF8'

2024-05-18 16:14:22 - [MESSAGE][PASSED] - Text 'UDF Data 9' is set on object 'Object Repository/VLink/Page_CCSale/txt_UDF9'

2024-05-18 16:14:23 - [MESSAGE][PASSED] - Text 'UDF Data 10' is set on object 'Object Repository/VLink/Page_CCSale/txt_UDF10'

2024-05-18 16:14:24 - [MESSAGE][PASSED] - Object: 'Object Repository/VLink/Page_CCSale/btn_ProcessVLinkTransaction' is clicked on

2024-05-18 16:14:29 - [MESSAGE][PASSED] - vlinkPages.saleCCPage.setDataSCC is PASSED

2024-05-18 16:14:29 - [TEST_STEP][PASSED] - if (verifyTextPresent("Transaction approved, no errors", true)): null

2024-05-18 16:14:30 - [MESSAGE][PASSED] - Text 'Transaction approved, no errors' is present on page  using regular expression

2024-05-18 16:14:30 - [TEST_STEP][PASSED] - println("Transaction Approved, no errors text is present on the Confirmation page"): null

2024-05-18 16:14:30 - [TEST_STEP][PASSED] - out.println("Pass Record Number: " + row): null

2024-05-18 16:14:30 - [TEST_STEP][PASSED] - resText = "Pass": null

2024-05-18 16:14:30 - [TEST_STEP][PASSED] - pages.WriteExcel.demoKey(resText, datText, resColumn, datCloumn, fileLoc, nameSheet, row): pages.WriteExcel.demoKey is PASSED

2024-05-18 16:14:30 - [MESSAGE][PASSED] - pages.WriteExcel.demoKey is PASSED

2024-05-18 16:14:30 - [TEST_STEP][PASSED] - sdfo = getText(findTestObject("Object Repository/Page_VLinkReceipt/pre_STX")): Text of object 'Object Repository/Page_VLinkReceipt/pre_STX' is: '<STX>gF70BttBBWdQ                  12153258            0  Transaction approved, no errors                   0                                                                                  XXOK7217   <ETX>'

2024-05-18 16:14:30 - [MESSAGE][PASSED] - Text of object 'Object Repository/Page_VLinkReceipt/pre_STX' is: '<STX>gF70BttBBWdQ                  12153258            0  Transaction approved, no errors                   0                                                                                  XXOK7217   <ETX>'

2024-05-18 16:14:30 - [TEST_STEP][PASSED] - out.println("sdfo: " + sdfo): null

2024-05-18 16:14:30 - [TEST_STEP][PASSED] - remID = substring(5, 35).trim(): null

2024-05-18 16:14:30 - [TEST_STEP][PASSED] - out.println("Remittance ID: " + remID): null

2024-05-18 16:14:30 - [TEST_STEP][PASSED] - traxID = substring(35, 55).trim(): null

2024-05-18 16:14:30 - [TEST_STEP][PASSED] - out.println("Transaction ID: " + traxID): null

2024-05-18 16:14:30 - [TEST_STEP][PASSED] - out.println("End Record Number: " + row): null

2024-05-18 16:14:30 - [TEST_STEP][PASSED] - closeBrowser(): Browser is closed

2024-05-18 16:14:31 - [MESSAGE][PASSED] - Browser is closed

2024-05-18 16:14:31 - [TEST_STEP][PASSED] - ExecuteTC = findTestData(dataFile).getValue("Execute", row): null

2024-05-18 16:14:31 - [TEST_STEP][PASSED] - out.println("Value of Execute is : " + ExecuteTC): null

2024-05-18 16:14:31 - [TEST_STEP][PASSED] - if (ExecuteTC.equalsIgnoreCase("Y")): Browser is closed

2024-05-18 16:14:31 - [TEST_STEP][PASSED] - out.println("Begin Record Number: " + row): null

2024-05-18 16:14:31 - [TEST_STEP][PASSED] - today = new java.util.Date(): null

2024-05-18 16:14:31 - [TEST_STEP][PASSED] - println(today): null

2024-05-18 16:14:31 - [TEST_STEP][PASSED] - datText = today: null

2024-05-18 16:14:31 - [TEST_STEP][PASSED] - openBrowser(VLinkURL + "authcap.html"): Browser is opened with url: 'https://dev-algorithm.govolution.com/vlinktest/QA2/version_2_0/authcap.html'

2024-05-18 16:14:31 - [MESSAGE][INFO] - Starting 'Chrome' driver

2024-05-18 16:14:31 - [MESSAGE][INFO] - User set preference: ['acceptInsecureCerts', 'true']

2024-05-18 16:14:31 - [MESSAGE][INFO] - Action delay is set to 0 milliseconds

2024-05-18 16:14:33 - [MESSAGE][PASSED] - Browser is opened with url: 'https://dev-algorithm.govolution.com/vlinktest/QA2/version_2_0/authcap.html'

2024-05-18 16:14:33 - [TEST_STEP][PASSED] - maximizeWindow(): Current window maximized

2024-05-18 16:14:34 - [MESSAGE][PASSED] - Current window maximized

2024-05-18 16:14:34 - [TEST_STEP][PASSED] - vlinkPages.saleCCPage.setDataSCC(row, dataFile): vlinkPages.saleCCPage.setDataSCC is PASSED

2024-05-18 16:14:37 - [MESSAGE][PASSED] - Object 'Object Repository/VLink/Page_CCSale/txt_CardNumber' is present

2024-05-18 16:14:37 - [MESSAGE][PASSED] - Text '104' is set on object 'Object Repository/VLink/Page_CCSale/txt_TransactionType'

2024-05-18 16:14:38 - [MESSAGE][PASSED] - Text '2.0C' is set on object 'Object Repository/VLink/Page_CCSale/txt_MessageVersion'

2024-05-18 16:14:39 - [MESSAGE][PASSED] - Text 'ypaROAFHtsrX' is set on object 'Object Repository/VLink/Page_CCSale/txt_RemID'

2024-05-18 16:14:39 - [MESSAGE][PASSED] - Text '665' is set on object 'Object Repository/VLink/Page_CCSale/txt_ApplicationId'

2024-05-18 16:14:40 - [MESSAGE][PASSED] - Text 'username' is set on object 'Object Repository/VLink/Page_CCSale/txt_Username'

2024-05-18 16:14:41 - [MESSAGE][PASSED] - Text 'password' is set on object 'Object Repository/VLink/Page_CCSale/txt_Password'

2024-05-18 16:14:41 - [MESSAGE][PASSED] - Text 'fixed_width' is set on object 'Object Repository/VLink/Page_CCSale/txt_ResponseFormat'

2024-05-18 16:14:42 - [MESSAGE][PASSED] - Text 'MOTO' is set on object 'Object Repository/VLink/Page_CCSale/txt_Category'

2024-05-18 16:14:43 - [MESSAGE][PASSED] - Text '' is set on object 'Object Repository/VLink/Page_CCSale/txt_TransactionID'

2024-05-18 16:14:44 - [MESSAGE][PASSED] - Text '' is set on object 'Object Repository/VLink/Page_CCSale/txt_ApprovalCode'

2024-05-18 16:14:44 - [MESSAGE][PASSED] - Text 'Roshan Maha' is set on object 'Object Repository/VLink/Page_CCSale/txt_CardName'

2024-05-18 16:14:45 - [MESSAGE][PASSED] - Text '12563 Bazaar road' is set on object 'Object Repository/VLink/Page_CCSale/txt_AL1'

2024-05-18 16:14:46 - [MESSAGE][PASSED] - Text '' is set on object 'Object Repository/VLink/Page_CCSale/txt_AL2'

2024-05-18 16:14:46 - [MESSAGE][PASSED] - Text 'Crofton' is set on object 'Object Repository/VLink/Page_CCSale/txt_CardCity'

2024-05-18 16:14:47 - [MESSAGE][PASSED] - Text 'MD' is set on object 'Object Repository/VLink/Page_CCSale/txt_CardState'

2024-05-18 16:14:48 - [MESSAGE][PASSED] - Text '21114' is set on object 'Object Repository/VLink/Page_CCSale/txt_CardZIP'

2024-05-18 16:14:48 - [MESSAGE][PASSED] - Text '' is set on object 'Object Repository/VLink/Page_CCSale/txt_CountryID'

2024-05-18 16:14:49 - [MESSAGE][PASSED] - Text '3.50' is set on object 'Object Repository/VLink/Page_CCSale/txt_Amount'

2024-05-18 16:14:50 - [MESSAGE][PASSED] - Text '370000000000002' is set on object 'Object Repository/VLink/Page_CCSale/txt_CardNumber'

2024-05-18 16:14:50 - [MESSAGE][PASSED] - Text '01' is set on object 'Object Repository/VLink/Page_CCSale/txt_ExpMonth'

2024-05-18 16:14:51 - [MESSAGE][PASSED] - Text '2026' is set on object 'Object Repository/VLink/Page_CCSale/txt_ExpYear'

2024-05-18 16:14:52 - [MESSAGE][PASSED] - Text '' is set on object 'Object Repository/VLink/Page_CCSale/txt_CVV'

2024-05-18 16:14:52 - [MESSAGE][PASSED] - Text '' is set on object 'Object Repository/VLink/Page_CCSale/txt_CVVstate'

2024-05-18 16:14:53 - [MESSAGE][PASSED] - Text '' is set on object 'Object Repository/VLink/Page_CCSale/txt_TrackData'

2024-05-18 16:14:54 - [MESSAGE][PASSED] - Text '' is set on object 'Object Repository/VLink/Page_CCSale/txt_Track1Data'

2024-05-18 16:14:54 - [MESSAGE][PASSED] - Text '' is set on object 'Object Repository/VLink/Page_CCSale/txt_Track2Data'

2024-05-18 16:14:55 - [MESSAGE][PASSED] - Text 'manual' is set on object 'Object Repository/VLink/Page_CCSale/txt_POSEntryMode'

2024-05-18 16:14:56 - [MESSAGE][PASSED] - Text '' is set on object 'Object Repository/VLink/Page_CCSale/txt_Email'

2024-05-18 16:14:57 - [MESSAGE][PASSED] - Text '' is set on object 'Object Repository/VLink/Page_CCSale/txt_OrderNumber'

2024-05-18 16:14:57 - [MESSAGE][PASSED] - Text '' is set on object 'Object Repository/VLink/Page_CCSale/txt_TaxAmount'

2024-05-18 16:14:58 - [MESSAGE][PASSED] - Text '' is set on object 'Object Repository/VLink/Page_CCSale/txt_ChargeDescription'

2024-05-18 16:14:59 - [MESSAGE][PASSED] - Text '' is set on object 'Object Repository/VLink/Page_CCSale/txt_CAN'

2024-05-18 16:14:59 - [MESSAGE][PASSED] - Text '' is set on object 'Object Repository/VLink/Page_CCSale/txt_BillPaymentIndicator'

2024-05-18 16:15:00 - [MESSAGE][PASSED] - Text '' is set on object 'Object Repository/VLink/Page_CCSale/txt_UDF1'

2024-05-18 16:15:01 - [MESSAGE][PASSED] - Text '' is set on object 'Object Repository/VLink/Page_CCSale/txt_UDF2'

2024-05-18 16:15:01 - [MESSAGE][PASSED] - Text '' is set on object 'Object Repository/VLink/Page_CCSale/txt_UDF3'

2024-05-18 16:15:02 - [MESSAGE][PASSED] - Text '' is set on object 'Object Repository/VLink/Page_CCSale/txt_UDF4'

2024-05-18 16:15:03 - [MESSAGE][PASSED] - Text '' is set on object 'Object Repository/VLink/Page_CCSale/txt_UDF5'

2024-05-18 16:15:03 - [MESSAGE][PASSED] - Text '' is set on object 'Object Repository/VLink/Page_CCSale/txt_UDF6'

2024-05-18 16:15:04 - [MESSAGE][PASSED] - Text '' is set on object 'Object Repository/VLink/Page_CCSale/txt_UDF7'

2024-05-18 16:15:05 - [MESSAGE][PASSED] - Text '' is set on object 'Object Repository/VLink/Page_CCSale/txt_UDF8'

2024-05-18 16:15:05 - [MESSAGE][PASSED] - Text '' is set on object 'Object Repository/VLink/Page_CCSale/txt_UDF9'

2024-05-18 16:15:06 - [MESSAGE][PASSED] - Text '' is set on object 'Object Repository/VLink/Page_CCSale/txt_UDF10'

2024-05-18 16:15:09 - [MESSAGE][PASSED] - Object: 'Object Repository/VLink/Page_CCSale/btn_ProcessVLinkTransaction' is clicked on

2024-05-18 16:15:14 - [MESSAGE][PASSED] - vlinkPages.saleCCPage.setDataSCC is PASSED

2024-05-18 16:15:14 - [TEST_STEP][PASSED] - if (verifyTextPresent("Transaction approved, no errors", true)): null

2024-05-18 16:15:14 - [MESSAGE][PASSED] - Text 'Transaction approved, no errors' is present on page  using regular expression

2024-05-18 16:15:14 - [TEST_STEP][PASSED] - println("Transaction Approved, no errors text is present on the Confirmation page"): null

2024-05-18 16:15:14 - [TEST_STEP][PASSED] - out.println("Pass Record Number: " + row): null

2024-05-18 16:15:14 - [TEST_STEP][PASSED] - resText = "Pass": null

2024-05-18 16:15:14 - [TEST_STEP][PASSED] - pages.WriteExcel.demoKey(resText, datText, resColumn, datCloumn, fileLoc, nameSheet, row): pages.WriteExcel.demoKey is PASSED

2024-05-18 16:15:14 - [MESSAGE][PASSED] - pages.WriteExcel.demoKey is PASSED

2024-05-18 16:15:14 - [TEST_STEP][PASSED] - sdfo = getText(findTestObject("Object Repository/Page_VLinkReceipt/pre_STX")): Text of object 'Object Repository/Page_VLinkReceipt/pre_STX' is: '<STX>ypaROAFHtsrX                  12153259            0  Transaction approved, no errors                   0                                                                                  X OK8851   <ETX>'

2024-05-18 16:15:15 - [MESSAGE][PASSED] - Text of object 'Object Repository/Page_VLinkReceipt/pre_STX' is: '<STX>ypaROAFHtsrX                  12153259            0  Transaction approved, no errors                   0                                                                                  X OK8851   <ETX>'

2024-05-18 16:15:15 - [TEST_STEP][PASSED] - out.println("sdfo: " + sdfo): null

2024-05-18 16:15:15 - [TEST_STEP][PASSED] - remID = substring(5, 35).trim(): null

2024-05-18 16:15:15 - [TEST_STEP][PASSED] - out.println("Remittance ID: " + remID): null

2024-05-18 16:15:15 - [TEST_STEP][PASSED] - traxID = substring(35, 55).trim(): null

2024-05-18 16:15:15 - [TEST_STEP][PASSED] - out.println("Transaction ID: " + traxID): null

2024-05-18 16:15:15 - [TEST_STEP][PASSED] - out.println("End Record Number: " + row): null

2024-05-18 16:15:15 - [TEST_STEP][PASSED] - closeBrowser(): Browser is closed

2024-05-18 16:15:16 - [MESSAGE][PASSED] - Browser is closed

2024-05-18 16:15:16 - [TEST_STEP][PASSED] - ExecuteTC = findTestData(dataFile).getValue("Execute", row): null

2024-05-18 16:15:16 - [TEST_STEP][PASSED] - out.println("Value of Execute is : " + ExecuteTC): null

2024-05-18 16:15:16 - [TEST_STEP][PASSED] - if (ExecuteTC.equalsIgnoreCase("Y")): Browser is closed

2024-05-18 16:15:16 - [TEST_STEP][PASSED] - out.println("Begin Record Number: " + row): null

2024-05-18 16:15:16 - [TEST_STEP][PASSED] - today = new java.util.Date(): null

2024-05-18 16:15:16 - [TEST_STEP][PASSED] - println(today): null

2024-05-18 16:15:16 - [TEST_STEP][PASSED] - datText = today: null

2024-05-18 16:15:16 - [TEST_STEP][PASSED] - openBrowser(VLinkURL + "authcap.html"): Browser is opened with url: 'https://dev-algorithm.govolution.com/vlinktest/QA2/version_2_0/authcap.html'

2024-05-18 16:15:16 - [MESSAGE][INFO] - Starting 'Chrome' driver

2024-05-18 16:15:16 - [MESSAGE][INFO] - User set preference: ['acceptInsecureCerts', 'true']

2024-05-18 16:15:16 - [MESSAGE][INFO] - Action delay is set to 0 milliseconds

2024-05-18 16:15:18 - [MESSAGE][PASSED] - Browser is opened with url: 'https://dev-algorithm.govolution.com/vlinktest/QA2/version_2_0/authcap.html'

2024-05-18 16:15:18 - [TEST_STEP][PASSED] - maximizeWindow(): Current window maximized

2024-05-18 16:15:18 - [MESSAGE][PASSED] - Current window maximized

2024-05-18 16:15:18 - [TEST_STEP][PASSED] - vlinkPages.saleCCPage.setDataSCC(row, dataFile): vlinkPages.saleCCPage.setDataSCC is PASSED

2024-05-18 16:15:21 - [MESSAGE][PASSED] - Object 'Object Repository/VLink/Page_CCSale/txt_CardNumber' is present

2024-05-18 16:15:22 - [MESSAGE][PASSED] - Text '104' is set on object 'Object Repository/VLink/Page_CCSale/txt_TransactionType'

2024-05-18 16:15:23 - [MESSAGE][PASSED] - Text '2.0C' is set on object 'Object Repository/VLink/Page_CCSale/txt_MessageVersion'

2024-05-18 16:15:23 - [MESSAGE][PASSED] - Text 'aaWtZfwH8lBh' is set on object 'Object Repository/VLink/Page_CCSale/txt_RemID'

2024-05-18 16:15:24 - [MESSAGE][PASSED] - Text '665' is set on object 'Object Repository/VLink/Page_CCSale/txt_ApplicationId'

2024-05-18 16:15:25 - [MESSAGE][PASSED] - Text 'username' is set on object 'Object Repository/VLink/Page_CCSale/txt_Username'

2024-05-18 16:15:25 - [MESSAGE][PASSED] - Text 'password' is set on object 'Object Repository/VLink/Page_CCSale/txt_Password'

2024-05-18 16:15:26 - [MESSAGE][PASSED] - Text 'fixed_width' is set on object 'Object Repository/VLink/Page_CCSale/txt_ResponseFormat'

2024-05-18 16:15:27 - [MESSAGE][PASSED] - Text 'MOTO' is set on object 'Object Repository/VLink/Page_CCSale/txt_Category'

2024-05-18 16:15:27 - [MESSAGE][PASSED] - Text '' is set on object 'Object Repository/VLink/Page_CCSale/txt_TransactionID'

2024-05-18 16:15:28 - [MESSAGE][PASSED] - Text '' is set on object 'Object Repository/VLink/Page_CCSale/txt_ApprovalCode'

2024-05-18 16:15:29 - [MESSAGE][PASSED] - Text 'Kris Roshan' is set on object 'Object Repository/VLink/Page_CCSale/txt_CardName'

2024-05-18 16:15:30 - [MESSAGE][PASSED] - Text '258 Elm Road' is set on object 'Object Repository/VLink/Page_CCSale/txt_AL1'

2024-05-18 16:15:30 - [MESSAGE][PASSED] - Text 'Suite 56' is set on object 'Object Repository/VLink/Page_CCSale/txt_AL2'

2024-05-18 16:15:31 - [MESSAGE][PASSED] - Text 'Arlington' is set on object 'Object Repository/VLink/Page_CCSale/txt_CardCity'

2024-05-18 16:15:32 - [MESSAGE][PASSED] - Text 'VA' is set on object 'Object Repository/VLink/Page_CCSale/txt_CardState'

2024-05-18 16:15:32 - [MESSAGE][PASSED] - Text '22201' is set on object 'Object Repository/VLink/Page_CCSale/txt_CardZIP'

2024-05-18 16:15:33 - [MESSAGE][PASSED] - Text '840' is set on object 'Object Repository/VLink/Page_CCSale/txt_CountryID'

2024-05-18 16:15:34 - [MESSAGE][PASSED] - Text '1.50' is set on object 'Object Repository/VLink/Page_CCSale/txt_Amount'

2024-05-18 16:15:35 - [MESSAGE][PASSED] - Text '6011000000000004' is set on object 'Object Repository/VLink/Page_CCSale/txt_CardNumber'

2024-05-18 16:15:35 - [MESSAGE][PASSED] - Text '12' is set on object 'Object Repository/VLink/Page_CCSale/txt_ExpMonth'

2024-05-18 16:15:36 - [MESSAGE][PASSED] - Text '2025' is set on object 'Object Repository/VLink/Page_CCSale/txt_ExpYear'

2024-05-18 16:15:37 - [MESSAGE][PASSED] - Text '' is set on object 'Object Repository/VLink/Page_CCSale/txt_CVV'

2024-05-18 16:15:37 - [MESSAGE][PASSED] - Text '' is set on object 'Object Repository/VLink/Page_CCSale/txt_CVVstate'

2024-05-18 16:15:38 - [MESSAGE][PASSED] - Text '' is set on object 'Object Repository/VLink/Page_CCSale/txt_TrackData'

2024-05-18 16:15:39 - [MESSAGE][PASSED] - Text '' is set on object 'Object Repository/VLink/Page_CCSale/txt_Track1Data'

2024-05-18 16:15:39 - [MESSAGE][PASSED] - Text '' is set on object 'Object Repository/VLink/Page_CCSale/txt_Track2Data'

2024-05-18 16:15:40 - [MESSAGE][PASSED] - Text 'manual' is set on object 'Object Repository/VLink/Page_CCSale/txt_POSEntryMode'

2024-05-18 16:15:41 - [MESSAGE][PASSED] - Text 'iahmed@govolution.com' is set on object 'Object Repository/VLink/Page_CCSale/txt_Email'

2024-05-18 16:15:41 - [MESSAGE][PASSED] - Text '2569362' is set on object 'Object Repository/VLink/Page_CCSale/txt_OrderNumber'

2024-05-18 16:15:42 - [MESSAGE][PASSED] - Text '1.15' is set on object 'Object Repository/VLink/Page_CCSale/txt_TaxAmount'

2024-05-18 16:15:43 - [MESSAGE][PASSED] - Text 'Charge Description' is set on object 'Object Repository/VLink/Page_CCSale/txt_ChargeDescription'

2024-05-18 16:15:44 - [MESSAGE][PASSED] - Text '147357' is set on object 'Object Repository/VLink/Page_CCSale/txt_CAN'

2024-05-18 16:15:44 - [MESSAGE][PASSED] - Text '1' is set on object 'Object Repository/VLink/Page_CCSale/txt_BillPaymentIndicator'

2024-05-18 16:15:45 - [MESSAGE][PASSED] - Text 'UDF Data 1' is set on object 'Object Repository/VLink/Page_CCSale/txt_UDF1'

2024-05-18 16:15:46 - [MESSAGE][PASSED] - Text 'UDF Data 2' is set on object 'Object Repository/VLink/Page_CCSale/txt_UDF2'

2024-05-18 16:15:46 - [MESSAGE][PASSED] - Text 'UDF Data 3' is set on object 'Object Repository/VLink/Page_CCSale/txt_UDF3'

2024-05-18 16:15:47 - [MESSAGE][PASSED] - Text 'UDF Data 4' is set on object 'Object Repository/VLink/Page_CCSale/txt_UDF4'

2024-05-18 16:15:48 - [MESSAGE][PASSED] - Text 'UDF Data 5' is set on object 'Object Repository/VLink/Page_CCSale/txt_UDF5'

2024-05-18 16:15:49 - [MESSAGE][PASSED] - Text 'UDF Data 6' is set on object 'Object Repository/VLink/Page_CCSale/txt_UDF6'

2024-05-18 16:15:49 - [MESSAGE][PASSED] - Text 'UDF Data 7' is set on object 'Object Repository/VLink/Page_CCSale/txt_UDF7'

2024-05-18 16:15:50 - [MESSAGE][PASSED] - Text 'UDF Data 8' is set on object 'Object Repository/VLink/Page_CCSale/txt_UDF8'

2024-05-18 16:15:51 - [MESSAGE][PASSED] - Text 'UDF Data 9' is set on object 'Object Repository/VLink/Page_CCSale/txt_UDF9'

2024-05-18 16:15:51 - [MESSAGE][PASSED] - Text 'UDF Data 10' is set on object 'Object Repository/VLink/Page_CCSale/txt_UDF10'

2024-05-18 16:15:53 - [MESSAGE][PASSED] - Object: 'Object Repository/VLink/Page_CCSale/btn_ProcessVLinkTransaction' is clicked on

2024-05-18 16:15:58 - [MESSAGE][PASSED] - vlinkPages.saleCCPage.setDataSCC is PASSED

2024-05-18 16:15:58 - [TEST_STEP][PASSED] - if (verifyTextPresent("Transaction approved, no errors", true)): null

2024-05-18 16:15:58 - [MESSAGE][PASSED] - Text 'Transaction approved, no errors' is present on page  using regular expression

2024-05-18 16:15:58 - [TEST_STEP][PASSED] - println("Transaction Approved, no errors text is present on the Confirmation page"): null

2024-05-18 16:15:58 - [TEST_STEP][PASSED] - out.println("Pass Record Number: " + row): null

2024-05-18 16:15:58 - [TEST_STEP][PASSED] - resText = "Pass": null

2024-05-18 16:15:58 - [TEST_STEP][PASSED] - pages.WriteExcel.demoKey(resText, datText, resColumn, datCloumn, fileLoc, nameSheet, row): pages.WriteExcel.demoKey is PASSED

2024-05-18 16:15:58 - [MESSAGE][PASSED] - pages.WriteExcel.demoKey is PASSED

2024-05-18 16:15:58 - [TEST_STEP][PASSED] - sdfo = getText(findTestObject("Object Repository/Page_VLinkReceipt/pre_STX")): Text of object 'Object Repository/Page_VLinkReceipt/pre_STX' is: '<STX>aaWtZfwH8lBh                  12153260            0  Transaction approved, no errors                   0                                                                                  XXOK7257   <ETX>'

2024-05-18 16:15:58 - [MESSAGE][PASSED] - Text of object 'Object Repository/Page_VLinkReceipt/pre_STX' is: '<STX>aaWtZfwH8lBh                  12153260            0  Transaction approved, no errors                   0                                                                                  XXOK7257   <ETX>'

2024-05-18 16:15:58 - [TEST_STEP][PASSED] - out.println("sdfo: " + sdfo): null

2024-05-18 16:15:58 - [TEST_STEP][PASSED] - remID = substring(5, 35).trim(): null

2024-05-18 16:15:58 - [TEST_STEP][PASSED] - out.println("Remittance ID: " + remID): null

2024-05-18 16:15:58 - [TEST_STEP][PASSED] - traxID = substring(35, 55).trim(): null

2024-05-18 16:15:58 - [TEST_STEP][PASSED] - out.println("Transaction ID: " + traxID): null

2024-05-18 16:15:58 - [TEST_STEP][PASSED] - out.println("End Record Number: " + row): null

2024-05-18 16:15:58 - [TEST_STEP][PASSED] - closeBrowser(): Browser is closed

2024-05-18 16:16:00 - [MESSAGE][PASSED] - Browser is closed

2024-05-18 16:16:00 - [TEST_STEP][PASSED] - ExecuteTC = findTestData(dataFile).getValue("Execute", row): null

2024-05-18 16:16:00 - [TEST_STEP][PASSED] - out.println("Value of Execute is : " + ExecuteTC): null

2024-05-18 16:16:00 - [TEST_STEP][PASSED] - if (ExecuteTC.equalsIgnoreCase("Y")): Browser is closed

2024-05-18 16:16:00 - [TEST_STEP][PASSED] - out.println("Begin Record Number: " + row): null

2024-05-18 16:16:00 - [TEST_STEP][PASSED] - today = new java.util.Date(): null

2024-05-18 16:16:00 - [TEST_STEP][PASSED] - println(today): null

2024-05-18 16:16:00 - [TEST_STEP][PASSED] - datText = today: null

2024-05-18 16:16:00 - [TEST_STEP][PASSED] - openBrowser(VLinkURL + "authcap.html"): Browser is opened with url: 'https://dev-algorithm.govolution.com/vlinktest/QA2/version_2_0/authcap.html'

2024-05-18 16:16:00 - [MESSAGE][INFO] - Starting 'Chrome' driver

2024-05-18 16:16:00 - [MESSAGE][INFO] - User set preference: ['acceptInsecureCerts', 'true']

2024-05-18 16:16:00 - [MESSAGE][INFO] - Action delay is set to 0 milliseconds

2024-05-18 16:16:02 - [MESSAGE][PASSED] - Browser is opened with url: 'https://dev-algorithm.govolution.com/vlinktest/QA2/version_2_0/authcap.html'

2024-05-18 16:16:02 - [TEST_STEP][PASSED] - maximizeWindow(): Current window maximized

2024-05-18 16:16:02 - [MESSAGE][PASSED] - Current window maximized

2024-05-18 16:16:02 - [TEST_STEP][PASSED] - vlinkPages.saleCCPage.setDataSCC(row, dataFile): vlinkPages.saleCCPage.setDataSCC is PASSED

2024-05-18 16:16:05 - [MESSAGE][PASSED] - Object 'Object Repository/VLink/Page_CCSale/txt_CardNumber' is present

2024-05-18 16:16:06 - [MESSAGE][PASSED] - Text '104' is set on object 'Object Repository/VLink/Page_CCSale/txt_TransactionType'

2024-05-18 16:16:06 - [MESSAGE][PASSED] - Text '2.0C' is set on object 'Object Repository/VLink/Page_CCSale/txt_MessageVersion'

2024-05-18 16:16:07 - [MESSAGE][PASSED] - Text 'x2siJcTS3hl1' is set on object 'Object Repository/VLink/Page_CCSale/txt_RemID'

2024-05-18 16:16:08 - [MESSAGE][PASSED] - Text '665' is set on object 'Object Repository/VLink/Page_CCSale/txt_ApplicationId'

2024-05-18 16:16:08 - [MESSAGE][PASSED] - Text 'username' is set on object 'Object Repository/VLink/Page_CCSale/txt_Username'

2024-05-18 16:16:09 - [MESSAGE][PASSED] - Text 'password' is set on object 'Object Repository/VLink/Page_CCSale/txt_Password'

2024-05-18 16:16:10 - [MESSAGE][PASSED] - Text 'fixed_width' is set on object 'Object Repository/VLink/Page_CCSale/txt_ResponseFormat'

2024-05-18 16:16:11 - [MESSAGE][PASSED] - Text 'RETL' is set on object 'Object Repository/VLink/Page_CCSale/txt_Category'

2024-05-18 16:16:11 - [MESSAGE][PASSED] - Text '' is set on object 'Object Repository/VLink/Page_CCSale/txt_TransactionID'

2024-05-18 16:16:12 - [MESSAGE][PASSED] - Text '' is set on object 'Object Repository/VLink/Page_CCSale/txt_ApprovalCode'

2024-05-18 16:16:13 - [MESSAGE][PASSED] - Text 'Roshan Maha' is set on object 'Object Repository/VLink/Page_CCSale/txt_CardName'

2024-05-18 16:16:13 - [MESSAGE][PASSED] - Text '12563 Bazaar road' is set on object 'Object Repository/VLink/Page_CCSale/txt_AL1'

2024-05-18 16:16:14 - [MESSAGE][PASSED] - Text '' is set on object 'Object Repository/VLink/Page_CCSale/txt_AL2'

2024-05-18 16:16:15 - [MESSAGE][PASSED] - Text 'Crofton' is set on object 'Object Repository/VLink/Page_CCSale/txt_CardCity'

2024-05-18 16:16:16 - [MESSAGE][PASSED] - Text 'MD' is set on object 'Object Repository/VLink/Page_CCSale/txt_CardState'

2024-05-18 16:16:16 - [MESSAGE][PASSED] - Text '21114' is set on object 'Object Repository/VLink/Page_CCSale/txt_CardZIP'

2024-05-18 16:16:17 - [MESSAGE][PASSED] - Text '' is set on object 'Object Repository/VLink/Page_CCSale/txt_CountryID'

2024-05-18 16:16:18 - [MESSAGE][PASSED] - Text '3.50' is set on object 'Object Repository/VLink/Page_CCSale/txt_Amount'

2024-05-18 16:16:18 - [MESSAGE][PASSED] - Text '4111111111111111' is set on object 'Object Repository/VLink/Page_CCSale/txt_CardNumber'

2024-05-18 16:16:19 - [MESSAGE][PASSED] - Text '01' is set on object 'Object Repository/VLink/Page_CCSale/txt_ExpMonth'

2024-05-18 16:16:20 - [MESSAGE][PASSED] - Text '2026' is set on object 'Object Repository/VLink/Page_CCSale/txt_ExpYear'

2024-05-18 16:16:20 - [MESSAGE][PASSED] - Text '' is set on object 'Object Repository/VLink/Page_CCSale/txt_CVV'

2024-05-18 16:16:21 - [MESSAGE][PASSED] - Text '' is set on object 'Object Repository/VLink/Page_CCSale/txt_CVVstate'

2024-05-18 16:16:22 - [MESSAGE][PASSED] - Text '' is set on object 'Object Repository/VLink/Page_CCSale/txt_TrackData'

2024-05-18 16:16:23 - [MESSAGE][PASSED] - Text '' is set on object 'Object Repository/VLink/Page_CCSale/txt_Track1Data'

2024-05-18 16:16:23 - [MESSAGE][PASSED] - Text '' is set on object 'Object Repository/VLink/Page_CCSale/txt_Track2Data'

2024-05-18 16:16:24 - [MESSAGE][PASSED] - Text 'manual' is set on object 'Object Repository/VLink/Page_CCSale/txt_POSEntryMode'

2024-05-18 16:16:25 - [MESSAGE][PASSED] - Text '' is set on object 'Object Repository/VLink/Page_CCSale/txt_Email'

2024-05-18 16:16:25 - [MESSAGE][PASSED] - Text '' is set on object 'Object Repository/VLink/Page_CCSale/txt_OrderNumber'

2024-05-18 16:16:26 - [MESSAGE][PASSED] - Text '' is set on object 'Object Repository/VLink/Page_CCSale/txt_TaxAmount'

2024-05-18 16:16:27 - [MESSAGE][PASSED] - Text '' is set on object 'Object Repository/VLink/Page_CCSale/txt_ChargeDescription'

2024-05-18 16:16:27 - [MESSAGE][PASSED] - Text '' is set on object 'Object Repository/VLink/Page_CCSale/txt_CAN'

2024-05-18 16:16:28 - [MESSAGE][PASSED] - Text '' is set on object 'Object Repository/VLink/Page_CCSale/txt_BillPaymentIndicator'

2024-05-18 16:16:29 - [MESSAGE][PASSED] - Text '' is set on object 'Object Repository/VLink/Page_CCSale/txt_UDF1'

2024-05-18 16:16:29 - [MESSAGE][PASSED] - Text '' is set on object 'Object Repository/VLink/Page_CCSale/txt_UDF2'

2024-05-18 16:16:30 - [MESSAGE][PASSED] - Text '' is set on object 'Object Repository/VLink/Page_CCSale/txt_UDF3'

2024-05-18 16:16:31 - [MESSAGE][PASSED] - Text '' is set on object 'Object Repository/VLink/Page_CCSale/txt_UDF4'

2024-05-18 16:16:31 - [MESSAGE][PASSED] - Text '' is set on object 'Object Repository/VLink/Page_CCSale/txt_UDF5'

2024-05-18 16:16:32 - [MESSAGE][PASSED] - Text '' is set on object 'Object Repository/VLink/Page_CCSale/txt_UDF6'

2024-05-18 16:16:33 - [MESSAGE][PASSED] - Text '' is set on object 'Object Repository/VLink/Page_CCSale/txt_UDF7'

2024-05-18 16:16:33 - [MESSAGE][PASSED] - Text '' is set on object 'Object Repository/VLink/Page_CCSale/txt_UDF8'

2024-05-18 16:16:34 - [MESSAGE][PASSED] - Text '' is set on object 'Object Repository/VLink/Page_CCSale/txt_UDF9'

2024-05-18 16:16:35 - [MESSAGE][PASSED] - Text '' is set on object 'Object Repository/VLink/Page_CCSale/txt_UDF10'

2024-05-18 16:16:37 - [MESSAGE][PASSED] - Object: 'Object Repository/VLink/Page_CCSale/btn_ProcessVLinkTransaction' is clicked on

2024-05-18 16:16:42 - [MESSAGE][PASSED] - vlinkPages.saleCCPage.setDataSCC is PASSED

2024-05-18 16:16:42 - [TEST_STEP][PASSED] - if (verifyTextPresent("Transaction approved, no errors", true)): null

2024-05-18 16:16:43 - [MESSAGE][PASSED] - Text 'Transaction approved, no errors' is present on page  using regular expression

2024-05-18 16:16:43 - [TEST_STEP][PASSED] - println("Transaction Approved, no errors text is present on the Confirmation page"): null

2024-05-18 16:16:43 - [TEST_STEP][PASSED] - out.println("Pass Record Number: " + row): null

2024-05-18 16:16:43 - [TEST_STEP][PASSED] - resText = "Pass": null

2024-05-18 16:16:43 - [TEST_STEP][PASSED] - pages.WriteExcel.demoKey(resText, datText, resColumn, datCloumn, fileLoc, nameSheet, row): pages.WriteExcel.demoKey is PASSED

2024-05-18 16:16:43 - [MESSAGE][PASSED] - pages.WriteExcel.demoKey is PASSED

2024-05-18 16:16:43 - [TEST_STEP][PASSED] - sdfo = getText(findTestObject("Object Repository/Page_VLinkReceipt/pre_STX")): Text of object 'Object Repository/Page_VLinkReceipt/pre_STX' is: '<STX>x2siJcTS3hl1                  12153261            0  Transaction approved, no errors                   0                                                                                  X OK8901   <ETX>'

2024-05-18 16:16:43 - [MESSAGE][PASSED] - Text of object 'Object Repository/Page_VLinkReceipt/pre_STX' is: '<STX>x2siJcTS3hl1                  12153261            0  Transaction approved, no errors                   0                                                                                  X OK8901   <ETX>'

2024-05-18 16:16:43 - [TEST_STEP][PASSED] - out.println("sdfo: " + sdfo): null

2024-05-18 16:16:43 - [TEST_STEP][PASSED] - remID = substring(5, 35).trim(): null

2024-05-18 16:16:43 - [TEST_STEP][PASSED] - out.println("Remittance ID: " + remID): null

2024-05-18 16:16:43 - [TEST_STEP][PASSED] - traxID = substring(35, 55).trim(): null

2024-05-18 16:16:43 - [TEST_STEP][PASSED] - out.println("Transaction ID: " + traxID): null

2024-05-18 16:16:43 - [TEST_STEP][PASSED] - out.println("End Record Number: " + row): null

2024-05-18 16:16:43 - [TEST_STEP][PASSED] - closeBrowser(): Browser is closed

2024-05-18 16:16:44 - [MESSAGE][PASSED] - Browser is closed

2024-05-18 16:16:44 - [TEST_STEP][PASSED] - ExecuteTC = findTestData(dataFile).getValue("Execute", row): null

2024-05-18 16:16:45 - [TEST_STEP][PASSED] - out.println("Value of Execute is : " + ExecuteTC): null

2024-05-18 16:16:45 - [TEST_STEP][PASSED] - if (ExecuteTC.equalsIgnoreCase("Y")): Browser is closed

2024-05-18 16:16:45 - [TEST_STEP][PASSED] - out.println("Begin Record Number: " + row): null

2024-05-18 16:16:45 - [TEST_STEP][PASSED] - today = new java.util.Date(): null

2024-05-18 16:16:45 - [TEST_STEP][PASSED] - println(today): null

2024-05-18 16:16:45 - [TEST_STEP][PASSED] - datText = today: null

2024-05-18 16:16:45 - [TEST_STEP][PASSED] - openBrowser(VLinkURL + "authcap.html"): Browser is opened with url: 'https://dev-algorithm.govolution.com/vlinktest/QA2/version_2_0/authcap.html'

2024-05-18 16:16:45 - [MESSAGE][INFO] - Starting 'Chrome' driver

2024-05-18 16:16:45 - [MESSAGE][INFO] - User set preference: ['acceptInsecureCerts', 'true']

2024-05-18 16:16:45 - [MESSAGE][INFO] - Action delay is set to 0 milliseconds

2024-05-18 16:16:47 - [MESSAGE][PASSED] - Browser is opened with url: 'https://dev-algorithm.govolution.com/vlinktest/QA2/version_2_0/authcap.html'

2024-05-18 16:16:47 - [TEST_STEP][PASSED] - maximizeWindow(): Current window maximized

2024-05-18 16:16:47 - [MESSAGE][PASSED] - Current window maximized

2024-05-18 16:16:47 - [TEST_STEP][PASSED] - vlinkPages.saleCCPage.setDataSCC(row, dataFile): vlinkPages.saleCCPage.setDataSCC is PASSED

2024-05-18 16:16:50 - [MESSAGE][PASSED] - Object 'Object Repository/VLink/Page_CCSale/txt_CardNumber' is present

2024-05-18 16:16:51 - [MESSAGE][PASSED] - Text '104' is set on object 'Object Repository/VLink/Page_CCSale/txt_TransactionType'

2024-05-18 16:16:51 - [MESSAGE][PASSED] - Text '2.0C' is set on object 'Object Repository/VLink/Page_CCSale/txt_MessageVersion'

2024-05-18 16:16:52 - [MESSAGE][PASSED] - Text 'aiwXIUpLbwqH' is set on object 'Object Repository/VLink/Page_CCSale/txt_RemID'

2024-05-18 16:16:52 - [MESSAGE][PASSED] - Text '665' is set on object 'Object Repository/VLink/Page_CCSale/txt_ApplicationId'

2024-05-18 16:16:53 - [MESSAGE][PASSED] - Text 'username' is set on object 'Object Repository/VLink/Page_CCSale/txt_Username'

2024-05-18 16:16:54 - [MESSAGE][PASSED] - Text 'password' is set on object 'Object Repository/VLink/Page_CCSale/txt_Password'

2024-05-18 16:16:55 - [MESSAGE][PASSED] - Text 'fixed_width' is set on object 'Object Repository/VLink/Page_CCSale/txt_ResponseFormat'

2024-05-18 16:16:55 - [MESSAGE][PASSED] - Text 'RETL' is set on object 'Object Repository/VLink/Page_CCSale/txt_Category'

2024-05-18 16:16:56 - [MESSAGE][PASSED] - Text '' is set on object 'Object Repository/VLink/Page_CCSale/txt_TransactionID'

2024-05-18 16:16:57 - [MESSAGE][PASSED] - Text '' is set on object 'Object Repository/VLink/Page_CCSale/txt_ApprovalCode'

2024-05-18 16:16:57 - [MESSAGE][PASSED] - Text 'Kris Roshan' is set on object 'Object Repository/VLink/Page_CCSale/txt_CardName'

2024-05-18 16:16:58 - [MESSAGE][PASSED] - Text '258 Elm Road' is set on object 'Object Repository/VLink/Page_CCSale/txt_AL1'

2024-05-18 16:16:59 - [MESSAGE][PASSED] - Text 'Suite 56' is set on object 'Object Repository/VLink/Page_CCSale/txt_AL2'

2024-05-18 16:16:59 - [MESSAGE][PASSED] - Text 'Arlington' is set on object 'Object Repository/VLink/Page_CCSale/txt_CardCity'

2024-05-18 16:17:00 - [MESSAGE][PASSED] - Text 'VA' is set on object 'Object Repository/VLink/Page_CCSale/txt_CardState'

2024-05-18 16:17:01 - [MESSAGE][PASSED] - Text '22201' is set on object 'Object Repository/VLink/Page_CCSale/txt_CardZIP'

2024-05-18 16:17:02 - [MESSAGE][PASSED] - Text '840' is set on object 'Object Repository/VLink/Page_CCSale/txt_CountryID'

2024-05-18 16:17:02 - [MESSAGE][PASSED] - Text '1.50' is set on object 'Object Repository/VLink/Page_CCSale/txt_Amount'

2024-05-18 16:17:03 - [MESSAGE][PASSED] - Text '5424000000000015' is set on object 'Object Repository/VLink/Page_CCSale/txt_CardNumber'

2024-05-18 16:17:04 - [MESSAGE][PASSED] - Text '12' is set on object 'Object Repository/VLink/Page_CCSale/txt_ExpMonth'

2024-05-18 16:17:05 - [MESSAGE][PASSED] - Text '2025' is set on object 'Object Repository/VLink/Page_CCSale/txt_ExpYear'

2024-05-18 16:17:05 - [MESSAGE][PASSED] - Text '' is set on object 'Object Repository/VLink/Page_CCSale/txt_CVV'

2024-05-18 16:17:06 - [MESSAGE][PASSED] - Text '' is set on object 'Object Repository/VLink/Page_CCSale/txt_CVVstate'

2024-05-18 16:17:06 - [MESSAGE][PASSED] - Text '' is set on object 'Object Repository/VLink/Page_CCSale/txt_TrackData'

2024-05-18 16:17:07 - [MESSAGE][PASSED] - Text '' is set on object 'Object Repository/VLink/Page_CCSale/txt_Track1Data'

2024-05-18 16:17:08 - [MESSAGE][PASSED] - Text '' is set on object 'Object Repository/VLink/Page_CCSale/txt_Track2Data'

2024-05-18 16:17:08 - [MESSAGE][PASSED] - Text 'manual' is set on object 'Object Repository/VLink/Page_CCSale/txt_POSEntryMode'

2024-05-18 16:17:09 - [MESSAGE][PASSED] - Text 'iahmed@govolution.com' is set on object 'Object Repository/VLink/Page_CCSale/txt_Email'

2024-05-18 16:17:10 - [MESSAGE][PASSED] - Text '2569362' is set on object 'Object Repository/VLink/Page_CCSale/txt_OrderNumber'

2024-05-18 16:17:10 - [MESSAGE][PASSED] - Text '1.15' is set on object 'Object Repository/VLink/Page_CCSale/txt_TaxAmount'

2024-05-18 16:17:11 - [MESSAGE][PASSED] - Text 'Charge Description' is set on object 'Object Repository/VLink/Page_CCSale/txt_ChargeDescription'

2024-05-18 16:17:12 - [MESSAGE][PASSED] - Text '147357' is set on object 'Object Repository/VLink/Page_CCSale/txt_CAN'

2024-05-18 16:17:12 - [MESSAGE][PASSED] - Text '1' is set on object 'Object Repository/VLink/Page_CCSale/txt_BillPaymentIndicator'

2024-05-18 16:17:13 - [MESSAGE][PASSED] - Text 'UDF Data 1' is set on object 'Object Repository/VLink/Page_CCSale/txt_UDF1'

2024-05-18 16:17:14 - [MESSAGE][PASSED] - Text 'UDF Data 2' is set on object 'Object Repository/VLink/Page_CCSale/txt_UDF2'

2024-05-18 16:17:14 - [MESSAGE][PASSED] - Text 'UDF Data 3' is set on object 'Object Repository/VLink/Page_CCSale/txt_UDF3'

2024-05-18 16:17:15 - [MESSAGE][PASSED] - Text 'UDF Data 4' is set on object 'Object Repository/VLink/Page_CCSale/txt_UDF4'

2024-05-18 16:17:16 - [MESSAGE][PASSED] - Text 'UDF Data 5' is set on object 'Object Repository/VLink/Page_CCSale/txt_UDF5'

2024-05-18 16:17:17 - [MESSAGE][PASSED] - Text 'UDF Data 6' is set on object 'Object Repository/VLink/Page_CCSale/txt_UDF6'

2024-05-18 16:17:17 - [MESSAGE][PASSED] - Text 'UDF Data 7' is set on object 'Object Repository/VLink/Page_CCSale/txt_UDF7'

2024-05-18 16:17:18 - [MESSAGE][PASSED] - Text 'UDF Data 8' is set on object 'Object Repository/VLink/Page_CCSale/txt_UDF8'

2024-05-18 16:17:19 - [MESSAGE][PASSED] - Text 'UDF Data 9' is set on object 'Object Repository/VLink/Page_CCSale/txt_UDF9'

2024-05-18 16:17:19 - [MESSAGE][PASSED] - Text 'UDF Data 10' is set on object 'Object Repository/VLink/Page_CCSale/txt_UDF10'

2024-05-18 16:17:21 - [MESSAGE][PASSED] - Object: 'Object Repository/VLink/Page_CCSale/btn_ProcessVLinkTransaction' is clicked on

2024-05-18 16:17:26 - [MESSAGE][PASSED] - vlinkPages.saleCCPage.setDataSCC is PASSED

2024-05-18 16:17:26 - [TEST_STEP][PASSED] - if (verifyTextPresent("Transaction approved, no errors", true)): null

2024-05-18 16:17:26 - [MESSAGE][PASSED] - Text 'Transaction approved, no errors' is present on page  using regular expression

2024-05-18 16:17:26 - [TEST_STEP][PASSED] - println("Transaction Approved, no errors text is present on the Confirmation page"): null

2024-05-18 16:17:26 - [TEST_STEP][PASSED] - out.println("Pass Record Number: " + row): null

2024-05-18 16:17:26 - [TEST_STEP][PASSED] - resText = "Pass": null

2024-05-18 16:17:26 - [TEST_STEP][PASSED] - pages.WriteExcel.demoKey(resText, datText, resColumn, datCloumn, fileLoc, nameSheet, row): pages.WriteExcel.demoKey is PASSED

2024-05-18 16:17:26 - [MESSAGE][PASSED] - pages.WriteExcel.demoKey is PASSED

2024-05-18 16:17:26 - [TEST_STEP][PASSED] - sdfo = getText(findTestObject("Object Repository/Page_VLinkReceipt/pre_STX")): Text of object 'Object Repository/Page_VLinkReceipt/pre_STX' is: '<STX>aiwXIUpLbwqH                  12153262            0  Transaction approved, no errors                   0                                                                                  X OK7297   <ETX>'

2024-05-18 16:17:27 - [MESSAGE][PASSED] - Text of object 'Object Repository/Page_VLinkReceipt/pre_STX' is: '<STX>aiwXIUpLbwqH                  12153262            0  Transaction approved, no errors                   0                                                                                  X OK7297   <ETX>'

2024-05-18 16:17:27 - [TEST_STEP][PASSED] - out.println("sdfo: " + sdfo): null

2024-05-18 16:17:27 - [TEST_STEP][PASSED] - remID = substring(5, 35).trim(): null

2024-05-18 16:17:27 - [TEST_STEP][PASSED] - out.println("Remittance ID: " + remID): null

2024-05-18 16:17:27 - [TEST_STEP][PASSED] - traxID = substring(35, 55).trim(): null

2024-05-18 16:17:27 - [TEST_STEP][PASSED] - out.println("Transaction ID: " + traxID): null

2024-05-18 16:17:27 - [TEST_STEP][PASSED] - out.println("End Record Number: " + row): null

2024-05-18 16:17:27 - [TEST_STEP][PASSED] - closeBrowser(): Browser is closed

2024-05-18 16:17:28 - [MESSAGE][PASSED] - Browser is closed

2024-05-18 16:17:28 - [TEST_STEP][PASSED] - ExecuteTC = findTestData(dataFile).getValue("Execute", row): null

2024-05-18 16:17:28 - [TEST_STEP][PASSED] - out.println("Value of Execute is : " + ExecuteTC): null

2024-05-18 16:17:28 - [TEST_STEP][PASSED] - if (ExecuteTC.equalsIgnoreCase("Y")): Browser is closed

2024-05-18 16:17:28 - [TEST_STEP][PASSED] - out.println("Begin Record Number: " + row): null

2024-05-18 16:17:28 - [TEST_STEP][PASSED] - today = new java.util.Date(): null

2024-05-18 16:17:28 - [TEST_STEP][PASSED] - println(today): null

2024-05-18 16:17:28 - [TEST_STEP][PASSED] - datText = today: null

2024-05-18 16:17:28 - [TEST_STEP][PASSED] - openBrowser(VLinkURL + "authcap.html"): Browser is opened with url: 'https://dev-algorithm.govolution.com/vlinktest/QA2/version_2_0/authcap.html'

2024-05-18 16:17:28 - [MESSAGE][INFO] - Starting 'Chrome' driver

2024-05-18 16:17:28 - [MESSAGE][INFO] - User set preference: ['acceptInsecureCerts', 'true']

2024-05-18 16:17:28 - [MESSAGE][INFO] - Action delay is set to 0 milliseconds

2024-05-18 16:17:30 - [MESSAGE][PASSED] - Browser is opened with url: 'https://dev-algorithm.govolution.com/vlinktest/QA2/version_2_0/authcap.html'

2024-05-18 16:17:30 - [TEST_STEP][PASSED] - maximizeWindow(): Current window maximized

2024-05-18 16:17:30 - [MESSAGE][PASSED] - Current window maximized

2024-05-18 16:17:30 - [TEST_STEP][PASSED] - vlinkPages.saleCCPage.setDataSCC(row, dataFile): vlinkPages.saleCCPage.setDataSCC is PASSED

2024-05-18 16:17:33 - [MESSAGE][PASSED] - Object 'Object Repository/VLink/Page_CCSale/txt_CardNumber' is present

2024-05-18 16:17:34 - [MESSAGE][PASSED] - Text '104' is set on object 'Object Repository/VLink/Page_CCSale/txt_TransactionType'

2024-05-18 16:17:35 - [MESSAGE][PASSED] - Text '2.0C' is set on object 'Object Repository/VLink/Page_CCSale/txt_MessageVersion'

2024-05-18 16:17:35 - [MESSAGE][PASSED] - Text 'shyZU34JjuF2' is set on object 'Object Repository/VLink/Page_CCSale/txt_RemID'

2024-05-18 16:17:36 - [MESSAGE][PASSED] - Text '665' is set on object 'Object Repository/VLink/Page_CCSale/txt_ApplicationId'

2024-05-18 16:17:37 - [MESSAGE][PASSED] - Text 'username' is set on object 'Object Repository/VLink/Page_CCSale/txt_Username'

2024-05-18 16:17:37 - [MESSAGE][PASSED] - Text 'password' is set on object 'Object Repository/VLink/Page_CCSale/txt_Password'

2024-05-18 16:17:38 - [MESSAGE][PASSED] - Text 'fixed_width' is set on object 'Object Repository/VLink/Page_CCSale/txt_ResponseFormat'

2024-05-18 16:17:39 - [MESSAGE][PASSED] - Text 'RETL' is set on object 'Object Repository/VLink/Page_CCSale/txt_Category'

2024-05-18 16:17:39 - [MESSAGE][PASSED] - Text '' is set on object 'Object Repository/VLink/Page_CCSale/txt_TransactionID'

2024-05-18 16:17:40 - [MESSAGE][PASSED] - Text '' is set on object 'Object Repository/VLink/Page_CCSale/txt_ApprovalCode'

2024-05-18 16:17:41 - [MESSAGE][PASSED] - Text 'Roshan Maha' is set on object 'Object Repository/VLink/Page_CCSale/txt_CardName'

2024-05-18 16:17:42 - [MESSAGE][PASSED] - Text '12563 Bazaar road' is set on object 'Object Repository/VLink/Page_CCSale/txt_AL1'

2024-05-18 16:17:42 - [MESSAGE][PASSED] - Text '' is set on object 'Object Repository/VLink/Page_CCSale/txt_AL2'

2024-05-18 16:17:43 - [MESSAGE][PASSED] - Text 'Crofton' is set on object 'Object Repository/VLink/Page_CCSale/txt_CardCity'

2024-05-18 16:17:44 - [MESSAGE][PASSED] - Text 'MD' is set on object 'Object Repository/VLink/Page_CCSale/txt_CardState'

2024-05-18 16:17:44 - [MESSAGE][PASSED] - Text '21114' is set on object 'Object Repository/VLink/Page_CCSale/txt_CardZIP'

2024-05-18 16:17:45 - [MESSAGE][PASSED] - Text '' is set on object 'Object Repository/VLink/Page_CCSale/txt_CountryID'

2024-05-18 16:17:46 - [MESSAGE][PASSED] - Text '3.50' is set on object 'Object Repository/VLink/Page_CCSale/txt_Amount'

2024-05-18 16:17:46 - [MESSAGE][PASSED] - Text '370000000000002' is set on object 'Object Repository/VLink/Page_CCSale/txt_CardNumber'

2024-05-18 16:17:47 - [MESSAGE][PASSED] - Text '01' is set on object 'Object Repository/VLink/Page_CCSale/txt_ExpMonth'

2024-05-18 16:17:48 - [MESSAGE][PASSED] - Text '2026' is set on object 'Object Repository/VLink/Page_CCSale/txt_ExpYear'

2024-05-18 16:17:48 - [MESSAGE][PASSED] - Text '' is set on object 'Object Repository/VLink/Page_CCSale/txt_CVV'

2024-05-18 16:17:49 - [MESSAGE][PASSED] - Text '' is set on object 'Object Repository/VLink/Page_CCSale/txt_CVVstate'

2024-05-18 16:17:50 - [MESSAGE][PASSED] - Text '' is set on object 'Object Repository/VLink/Page_CCSale/txt_TrackData'

2024-05-18 16:17:50 - [MESSAGE][PASSED] - Text '' is set on object 'Object Repository/VLink/Page_CCSale/txt_Track1Data'

2024-05-18 16:17:51 - [MESSAGE][PASSED] - Text '' is set on object 'Object Repository/VLink/Page_CCSale/txt_Track2Data'

2024-05-18 16:17:52 - [MESSAGE][PASSED] - Text 'manual' is set on object 'Object Repository/VLink/Page_CCSale/txt_POSEntryMode'

2024-05-18 16:17:52 - [MESSAGE][PASSED] - Text '' is set on object 'Object Repository/VLink/Page_CCSale/txt_Email'

2024-05-18 16:17:53 - [MESSAGE][PASSED] - Text '' is set on object 'Object Repository/VLink/Page_CCSale/txt_OrderNumber'

2024-05-18 16:17:54 - [MESSAGE][PASSED] - Text '' is set on object 'Object Repository/VLink/Page_CCSale/txt_TaxAmount'

2024-05-18 16:17:54 - [MESSAGE][PASSED] - Text '' is set on object 'Object Repository/VLink/Page_CCSale/txt_ChargeDescription'

2024-05-18 16:17:55 - [MESSAGE][PASSED] - Text '' is set on object 'Object Repository/VLink/Page_CCSale/txt_CAN'

2024-05-18 16:17:56 - [MESSAGE][PASSED] - Text '' is set on object 'Object Repository/VLink/Page_CCSale/txt_BillPaymentIndicator'

2024-05-18 16:17:56 - [MESSAGE][PASSED] - Text '' is set on object 'Object Repository/VLink/Page_CCSale/txt_UDF1'

2024-05-18 16:17:57 - [MESSAGE][PASSED] - Text '' is set on object 'Object Repository/VLink/Page_CCSale/txt_UDF2'

2024-05-18 16:17:58 - [MESSAGE][PASSED] - Text '' is set on object 'Object Repository/VLink/Page_CCSale/txt_UDF3'

2024-05-18 16:17:58 - [MESSAGE][PASSED] - Text '' is set on object 'Object Repository/VLink/Page_CCSale/txt_UDF4'

2024-05-18 16:17:59 - [MESSAGE][PASSED] - Text '' is set on object 'Object Repository/VLink/Page_CCSale/txt_UDF5'

2024-05-18 16:18:00 - [MESSAGE][PASSED] - Text '' is set on object 'Object Repository/VLink/Page_CCSale/txt_UDF6'

2024-05-18 16:18:00 - [MESSAGE][PASSED] - Text '' is set on object 'Object Repository/VLink/Page_CCSale/txt_UDF7'

2024-05-18 16:18:01 - [MESSAGE][PASSED] - Text '' is set on object 'Object Repository/VLink/Page_CCSale/txt_UDF8'

2024-05-18 16:18:02 - [MESSAGE][PASSED] - Text '' is set on object 'Object Repository/VLink/Page_CCSale/txt_UDF9'

2024-05-18 16:18:02 - [MESSAGE][PASSED] - Text '' is set on object 'Object Repository/VLink/Page_CCSale/txt_UDF10'

2024-05-18 16:18:05 - [MESSAGE][PASSED] - Object: 'Object Repository/VLink/Page_CCSale/btn_ProcessVLinkTransaction' is clicked on

2024-05-18 16:18:10 - [MESSAGE][PASSED] - vlinkPages.saleCCPage.setDataSCC is PASSED

2024-05-18 16:18:10 - [TEST_STEP][PASSED] - if (verifyTextPresent("Transaction approved, no errors", true)): null

2024-05-18 16:18:10 - [MESSAGE][PASSED] - Text 'Transaction approved, no errors' is present on page  using regular expression

2024-05-18 16:18:10 - [TEST_STEP][PASSED] - println("Transaction Approved, no errors text is present on the Confirmation page"): null

2024-05-18 16:18:10 - [TEST_STEP][PASSED] - out.println("Pass Record Number: " + row): null

2024-05-18 16:18:10 - [TEST_STEP][PASSED] - resText = "Pass": null

2024-05-18 16:18:10 - [TEST_STEP][PASSED] - pages.WriteExcel.demoKey(resText, datText, resColumn, datCloumn, fileLoc, nameSheet, row): pages.WriteExcel.demoKey is PASSED

2024-05-18 16:18:11 - [MESSAGE][PASSED] - pages.WriteExcel.demoKey is PASSED

2024-05-18 16:18:11 - [TEST_STEP][PASSED] - sdfo = getText(findTestObject("Object Repository/Page_VLinkReceipt/pre_STX")): Text of object 'Object Repository/Page_VLinkReceipt/pre_STX' is: '<STX>shyZU34JjuF2                  12153263            0  Transaction approved, no errors                   0                                                                                  X OK8921   <ETX>'

2024-05-18 16:18:11 - [MESSAGE][PASSED] - Text of object 'Object Repository/Page_VLinkReceipt/pre_STX' is: '<STX>shyZU34JjuF2                  12153263            0  Transaction approved, no errors                   0                                                                                  X OK8921   <ETX>'

2024-05-18 16:18:11 - [TEST_STEP][PASSED] - out.println("sdfo: " + sdfo): null

2024-05-18 16:18:11 - [TEST_STEP][PASSED] - remID = substring(5, 35).trim(): null

2024-05-18 16:18:11 - [TEST_STEP][PASSED] - out.println("Remittance ID: " + remID): null

2024-05-18 16:18:11 - [TEST_STEP][PASSED] - traxID = substring(35, 55).trim(): null

2024-05-18 16:18:11 - [TEST_STEP][PASSED] - out.println("Transaction ID: " + traxID): null

2024-05-18 16:18:11 - [TEST_STEP][PASSED] - out.println("End Record Number: " + row): null

2024-05-18 16:18:11 - [TEST_STEP][PASSED] - closeBrowser(): Browser is closed

2024-05-18 16:18:12 - [MESSAGE][PASSED] - Browser is closed

2024-05-18 16:18:12 - [TEST_STEP][PASSED] - ExecuteTC = findTestData(dataFile).getValue("Execute", row): null

2024-05-18 16:18:12 - [TEST_STEP][PASSED] - out.println("Value of Execute is : " + ExecuteTC): null

2024-05-18 16:18:12 - [TEST_STEP][PASSED] - if (ExecuteTC.equalsIgnoreCase("Y")): Browser is closed

2024-05-18 16:18:12 - [TEST_STEP][PASSED] - out.println("Begin Record Number: " + row): null

2024-05-18 16:18:12 - [TEST_STEP][PASSED] - today = new java.util.Date(): null

2024-05-18 16:18:12 - [TEST_STEP][PASSED] - println(today): null

2024-05-18 16:18:12 - [TEST_STEP][PASSED] - datText = today: null

2024-05-18 16:18:12 - [TEST_STEP][PASSED] - openBrowser(VLinkURL + "authcap.html"): Browser is opened with url: 'https://dev-algorithm.govolution.com/vlinktest/QA2/version_2_0/authcap.html'

2024-05-18 16:18:12 - [MESSAGE][INFO] - Starting 'Chrome' driver

2024-05-18 16:18:12 - [MESSAGE][INFO] - User set preference: ['acceptInsecureCerts', 'true']

2024-05-18 16:18:12 - [MESSAGE][INFO] - Action delay is set to 0 milliseconds

2024-05-18 16:18:14 - [MESSAGE][PASSED] - Browser is opened with url: 'https://dev-algorithm.govolution.com/vlinktest/QA2/version_2_0/authcap.html'

2024-05-18 16:18:14 - [TEST_STEP][PASSED] - maximizeWindow(): Current window maximized

2024-05-18 16:18:15 - [MESSAGE][PASSED] - Current window maximized

2024-05-18 16:18:15 - [TEST_STEP][PASSED] - vlinkPages.saleCCPage.setDataSCC(row, dataFile): vlinkPages.saleCCPage.setDataSCC is PASSED

2024-05-18 16:18:18 - [MESSAGE][PASSED] - Object 'Object Repository/VLink/Page_CCSale/txt_CardNumber' is present

2024-05-18 16:18:18 - [MESSAGE][PASSED] - Text '104' is set on object 'Object Repository/VLink/Page_CCSale/txt_TransactionType'

2024-05-18 16:18:19 - [MESSAGE][PASSED] - Text '2.0C' is set on object 'Object Repository/VLink/Page_CCSale/txt_MessageVersion'

2024-05-18 16:18:20 - [MESSAGE][PASSED] - Text 'rhRtKg8Y14vI' is set on object 'Object Repository/VLink/Page_CCSale/txt_RemID'

2024-05-18 16:18:20 - [MESSAGE][PASSED] - Text '665' is set on object 'Object Repository/VLink/Page_CCSale/txt_ApplicationId'

2024-05-18 16:18:21 - [MESSAGE][PASSED] - Text 'username' is set on object 'Object Repository/VLink/Page_CCSale/txt_Username'

2024-05-18 16:18:22 - [MESSAGE][PASSED] - Text 'password' is set on object 'Object Repository/VLink/Page_CCSale/txt_Password'

2024-05-18 16:18:22 - [MESSAGE][PASSED] - Text 'fixed_width' is set on object 'Object Repository/VLink/Page_CCSale/txt_ResponseFormat'

2024-05-18 16:18:23 - [MESSAGE][PASSED] - Text 'RETL' is set on object 'Object Repository/VLink/Page_CCSale/txt_Category'

2024-05-18 16:18:24 - [MESSAGE][PASSED] - Text '' is set on object 'Object Repository/VLink/Page_CCSale/txt_TransactionID'

2024-05-18 16:18:25 - [MESSAGE][PASSED] - Text '' is set on object 'Object Repository/VLink/Page_CCSale/txt_ApprovalCode'

2024-05-18 16:18:25 - [MESSAGE][PASSED] - Text 'Kris Roshan' is set on object 'Object Repository/VLink/Page_CCSale/txt_CardName'

2024-05-18 16:18:26 - [MESSAGE][PASSED] - Text '258 Elm Road' is set on object 'Object Repository/VLink/Page_CCSale/txt_AL1'

2024-05-18 16:18:27 - [MESSAGE][PASSED] - Text 'Suite 56' is set on object 'Object Repository/VLink/Page_CCSale/txt_AL2'

2024-05-18 16:18:27 - [MESSAGE][PASSED] - Text 'Arlington' is set on object 'Object Repository/VLink/Page_CCSale/txt_CardCity'

2024-05-18 16:18:28 - [MESSAGE][PASSED] - Text 'VA' is set on object 'Object Repository/VLink/Page_CCSale/txt_CardState'

2024-05-18 16:18:29 - [MESSAGE][PASSED] - Text '22201' is set on object 'Object Repository/VLink/Page_CCSale/txt_CardZIP'

2024-05-18 16:18:29 - [MESSAGE][PASSED] - Text '840' is set on object 'Object Repository/VLink/Page_CCSale/txt_CountryID'

2024-05-18 16:18:30 - [MESSAGE][PASSED] - Text '1.50' is set on object 'Object Repository/VLink/Page_CCSale/txt_Amount'

2024-05-18 16:18:31 - [MESSAGE][PASSED] - Text '6011000000000004' is set on object 'Object Repository/VLink/Page_CCSale/txt_CardNumber'

2024-05-18 16:18:32 - [MESSAGE][PASSED] - Text '12' is set on object 'Object Repository/VLink/Page_CCSale/txt_ExpMonth'

2024-05-18 16:18:32 - [MESSAGE][PASSED] - Text '2025' is set on object 'Object Repository/VLink/Page_CCSale/txt_ExpYear'

2024-05-18 16:18:33 - [MESSAGE][PASSED] - Text '' is set on object 'Object Repository/VLink/Page_CCSale/txt_CVV'

2024-05-18 16:18:34 - [MESSAGE][PASSED] - Text '' is set on object 'Object Repository/VLink/Page_CCSale/txt_CVVstate'

2024-05-18 16:18:34 - [MESSAGE][PASSED] - Text '' is set on object 'Object Repository/VLink/Page_CCSale/txt_TrackData'

2024-05-18 16:18:35 - [MESSAGE][PASSED] - Text '' is set on object 'Object Repository/VLink/Page_CCSale/txt_Track1Data'

2024-05-18 16:18:36 - [MESSAGE][PASSED] - Text '' is set on object 'Object Repository/VLink/Page_CCSale/txt_Track2Data'

2024-05-18 16:18:36 - [MESSAGE][PASSED] - Text 'manual' is set on object 'Object Repository/VLink/Page_CCSale/txt_POSEntryMode'

2024-05-18 16:18:37 - [MESSAGE][PASSED] - Text 'iahmed@govolution.com' is set on object 'Object Repository/VLink/Page_CCSale/txt_Email'

2024-05-18 16:18:38 - [MESSAGE][PASSED] - Text '2569362' is set on object 'Object Repository/VLink/Page_CCSale/txt_OrderNumber'

2024-05-18 16:18:38 - [MESSAGE][PASSED] - Text '1.15' is set on object 'Object Repository/VLink/Page_CCSale/txt_TaxAmount'

2024-05-18 16:18:39 - [MESSAGE][PASSED] - Text 'Charge Description' is set on object 'Object Repository/VLink/Page_CCSale/txt_ChargeDescription'

2024-05-18 16:18:40 - [MESSAGE][PASSED] - Text '147357' is set on object 'Object Repository/VLink/Page_CCSale/txt_CAN'

2024-05-18 16:18:40 - [MESSAGE][PASSED] - Text '1' is set on object 'Object Repository/VLink/Page_CCSale/txt_BillPaymentIndicator'

2024-05-18 16:18:41 - [MESSAGE][PASSED] - Text 'UDF Data 1' is set on object 'Object Repository/VLink/Page_CCSale/txt_UDF1'

2024-05-18 16:18:42 - [MESSAGE][PASSED] - Text 'UDF Data 2' is set on object 'Object Repository/VLink/Page_CCSale/txt_UDF2'

2024-05-18 16:18:43 - [MESSAGE][PASSED] - Text 'UDF Data 3' is set on object 'Object Repository/VLink/Page_CCSale/txt_UDF3'

2024-05-18 16:18:43 - [MESSAGE][PASSED] - Text 'UDF Data 4' is set on object 'Object Repository/VLink/Page_CCSale/txt_UDF4'

2024-05-18 16:18:44 - [MESSAGE][PASSED] - Text 'UDF Data 5' is set on object 'Object Repository/VLink/Page_CCSale/txt_UDF5'

2024-05-18 16:18:45 - [MESSAGE][PASSED] - Text 'UDF Data 6' is set on object 'Object Repository/VLink/Page_CCSale/txt_UDF6'

2024-05-18 16:18:45 - [MESSAGE][PASSED] - Text 'UDF Data 7' is set on object 'Object Repository/VLink/Page_CCSale/txt_UDF7'

2024-05-18 16:18:46 - [MESSAGE][PASSED] - Text 'UDF Data 8' is set on object 'Object Repository/VLink/Page_CCSale/txt_UDF8'

2024-05-18 16:18:47 - [MESSAGE][PASSED] - Text 'UDF Data 9' is set on object 'Object Repository/VLink/Page_CCSale/txt_UDF9'

2024-05-18 16:18:47 - [MESSAGE][PASSED] - Text 'UDF Data 10' is set on object 'Object Repository/VLink/Page_CCSale/txt_UDF10'

2024-05-18 16:18:49 - [MESSAGE][PASSED] - Object: 'Object Repository/VLink/Page_CCSale/btn_ProcessVLinkTransaction' is clicked on

2024-05-18 16:18:54 - [MESSAGE][PASSED] - vlinkPages.saleCCPage.setDataSCC is PASSED

2024-05-18 16:18:54 - [TEST_STEP][PASSED] - if (verifyTextPresent("Transaction approved, no errors", true)): null

2024-05-18 16:18:54 - [MESSAGE][PASSED] - Text 'Transaction approved, no errors' is present on page  using regular expression

2024-05-18 16:18:54 - [TEST_STEP][PASSED] - println("Transaction Approved, no errors text is present on the Confirmation page"): null

2024-05-18 16:18:54 - [TEST_STEP][PASSED] - out.println("Pass Record Number: " + row): null

2024-05-18 16:18:54 - [TEST_STEP][PASSED] - resText = "Pass": null

2024-05-18 16:18:54 - [TEST_STEP][PASSED] - pages.WriteExcel.demoKey(resText, datText, resColumn, datCloumn, fileLoc, nameSheet, row): pages.WriteExcel.demoKey is PASSED

2024-05-18 16:18:54 - [MESSAGE][PASSED] - pages.WriteExcel.demoKey is PASSED

2024-05-18 16:18:54 - [TEST_STEP][PASSED] - sdfo = getText(findTestObject("Object Repository/Page_VLinkReceipt/pre_STX")): Text of object 'Object Repository/Page_VLinkReceipt/pre_STX' is: '<STX>rhRtKg8Y14vI                  12153264            0  Transaction approved, no errors                   0                                                                                  X OK7337   <ETX>'

2024-05-18 16:18:54 - [MESSAGE][PASSED] - Text of object 'Object Repository/Page_VLinkReceipt/pre_STX' is: '<STX>rhRtKg8Y14vI                  12153264            0  Transaction approved, no errors                   0                                                                                  X OK7337   <ETX>'

2024-05-18 16:18:54 - [TEST_STEP][PASSED] - out.println("sdfo: " + sdfo): null

2024-05-18 16:18:54 - [TEST_STEP][PASSED] - remID = substring(5, 35).trim(): null

2024-05-18 16:18:54 - [TEST_STEP][PASSED] - out.println("Remittance ID: " + remID): null

2024-05-18 16:18:54 - [TEST_STEP][PASSED] - traxID = substring(35, 55).trim(): null

2024-05-18 16:18:54 - [TEST_STEP][PASSED] - out.println("Transaction ID: " + traxID): null

2024-05-18 16:18:54 - [TEST_STEP][PASSED] - out.println("End Record Number: " + row): null

2024-05-18 16:18:54 - [TEST_STEP][PASSED] - closeBrowser(): Browser is closed

2024-05-18 16:18:56 - [MESSAGE][PASSED] - Browser is closed

2024-05-18 16:18:56 - [TEST_STEP][PASSED] - ExecuteTC = findTestData(dataFile).getValue("Execute", row): null

2024-05-18 16:18:56 - [TEST_STEP][PASSED] - out.println("Value of Execute is : " + ExecuteTC): null

2024-05-18 16:18:56 - [TEST_STEP][PASSED] - if (ExecuteTC.equalsIgnoreCase("Y")): null

2024-05-18 16:18:56 - [TEST_STEP][PASSED] - ExecuteTC = findTestData(dataFile).getValue("Execute", row): null

2024-05-18 16:18:56 - [TEST_STEP][PASSED] - out.println("Value of Execute is : " + ExecuteTC): null

2024-05-18 16:18:56 - [TEST_STEP][PASSED] - if (ExecuteTC.equalsIgnoreCase("Y")): Browser is closed

2024-05-18 16:18:56 - [TEST_STEP][PASSED] - out.println("Begin Record Number: " + row): null

2024-05-18 16:18:56 - [TEST_STEP][PASSED] - today = new java.util.Date(): null

2024-05-18 16:18:56 - [TEST_STEP][PASSED] - println(today): null

2024-05-18 16:18:56 - [TEST_STEP][PASSED] - datText = today: null

2024-05-18 16:18:56 - [TEST_STEP][PASSED] - openBrowser(VLinkURL + "authcap.html"): Browser is opened with url: 'https://dev-algorithm.govolution.com/vlinktest/QA2/version_2_0/authcap.html'

2024-05-18 16:18:56 - [MESSAGE][INFO] - Starting 'Chrome' driver

2024-05-18 16:18:56 - [MESSAGE][INFO] - User set preference: ['acceptInsecureCerts', 'true']

2024-05-18 16:18:56 - [MESSAGE][INFO] - Action delay is set to 0 milliseconds

2024-05-18 16:18:58 - [MESSAGE][PASSED] - Browser is opened with url: 'https://dev-algorithm.govolution.com/vlinktest/QA2/version_2_0/authcap.html'

2024-05-18 16:18:58 - [TEST_STEP][PASSED] - maximizeWindow(): Current window maximized

2024-05-18 16:18:58 - [MESSAGE][PASSED] - Current window maximized

2024-05-18 16:18:58 - [TEST_STEP][PASSED] - vlinkPages.saleCCPage.setDataSCC(row, dataFile): vlinkPages.saleCCPage.setDataSCC is PASSED

2024-05-18 16:19:01 - [MESSAGE][PASSED] - Object 'Object Repository/VLink/Page_CCSale/txt_CardNumber' is present

2024-05-18 16:19:02 - [MESSAGE][PASSED] - Text '104' is set on object 'Object Repository/VLink/Page_CCSale/txt_TransactionType'

2024-05-18 16:19:02 - [MESSAGE][PASSED] - Text '2.0C' is set on object 'Object Repository/VLink/Page_CCSale/txt_MessageVersion'

2024-05-18 16:19:03 - [MESSAGE][PASSED] - Text 'URHWilTQGXE2' is set on object 'Object Repository/VLink/Page_CCSale/txt_RemID'

2024-05-18 16:19:04 - [MESSAGE][PASSED] - Text '667' is set on object 'Object Repository/VLink/Page_CCSale/txt_ApplicationId'

2024-05-18 16:19:04 - [MESSAGE][PASSED] - Text 'username' is set on object 'Object Repository/VLink/Page_CCSale/txt_Username'

2024-05-18 16:19:05 - [MESSAGE][PASSED] - Text 'password' is set on object 'Object Repository/VLink/Page_CCSale/txt_Password'

2024-05-18 16:19:06 - [MESSAGE][PASSED] - Text 'fixed_width' is set on object 'Object Repository/VLink/Page_CCSale/txt_ResponseFormat'

2024-05-18 16:19:07 - [MESSAGE][PASSED] - Text 'ECOM' is set on object 'Object Repository/VLink/Page_CCSale/txt_Category'

2024-05-18 16:19:07 - [MESSAGE][PASSED] - Text '' is set on object 'Object Repository/VLink/Page_CCSale/txt_TransactionID'

2024-05-18 16:19:08 - [MESSAGE][PASSED] - Text '' is set on object 'Object Repository/VLink/Page_CCSale/txt_ApprovalCode'

2024-05-18 16:19:09 - [MESSAGE][PASSED] - Text 'Arvind Silva' is set on object 'Object Repository/VLink/Page_CCSale/txt_CardName'

2024-05-18 16:19:09 - [MESSAGE][PASSED] - Text '111 Main Ave' is set on object 'Object Repository/VLink/Page_CCSale/txt_AL1'

2024-05-18 16:19:10 - [MESSAGE][PASSED] - Text '' is set on object 'Object Repository/VLink/Page_CCSale/txt_AL2'

2024-05-18 16:19:11 - [MESSAGE][PASSED] - Text 'Arlington' is set on object 'Object Repository/VLink/Page_CCSale/txt_CardCity'

2024-05-18 16:19:11 - [MESSAGE][PASSED] - Text 'VA' is set on object 'Object Repository/VLink/Page_CCSale/txt_CardState'

2024-05-18 16:19:12 - [MESSAGE][PASSED] - Text '22201' is set on object 'Object Repository/VLink/Page_CCSale/txt_CardZIP'

2024-05-18 16:19:13 - [MESSAGE][PASSED] - Text '' is set on object 'Object Repository/VLink/Page_CCSale/txt_CountryID'

2024-05-18 16:19:14 - [MESSAGE][PASSED] - Text '2.50' is set on object 'Object Repository/VLink/Page_CCSale/txt_Amount'

2024-05-18 16:19:14 - [MESSAGE][PASSED] - Text '5424000000000015' is set on object 'Object Repository/VLink/Page_CCSale/txt_CardNumber'

2024-05-18 16:19:15 - [MESSAGE][PASSED] - Text '01' is set on object 'Object Repository/VLink/Page_CCSale/txt_ExpMonth'

2024-05-18 16:19:16 - [MESSAGE][PASSED] - Text '2026' is set on object 'Object Repository/VLink/Page_CCSale/txt_ExpYear'

2024-05-18 16:19:16 - [MESSAGE][PASSED] - Text '' is set on object 'Object Repository/VLink/Page_CCSale/txt_CVV'

2024-05-18 16:19:17 - [MESSAGE][PASSED] - Text '' is set on object 'Object Repository/VLink/Page_CCSale/txt_CVVstate'

2024-05-18 16:19:18 - [MESSAGE][PASSED] - Text '' is set on object 'Object Repository/VLink/Page_CCSale/txt_TrackData'

2024-05-18 16:19:18 - [MESSAGE][PASSED] - Text '' is set on object 'Object Repository/VLink/Page_CCSale/txt_Track1Data'

2024-05-18 16:19:19 - [MESSAGE][PASSED] - Text '' is set on object 'Object Repository/VLink/Page_CCSale/txt_Track2Data'

2024-05-18 16:19:20 - [MESSAGE][PASSED] - Text 'manual' is set on object 'Object Repository/VLink/Page_CCSale/txt_POSEntryMode'

2024-05-18 16:19:21 - [MESSAGE][PASSED] - Text '' is set on object 'Object Repository/VLink/Page_CCSale/txt_Email'

2024-05-18 16:19:21 - [MESSAGE][PASSED] - Text '' is set on object 'Object Repository/VLink/Page_CCSale/txt_OrderNumber'

2024-05-18 16:19:22 - [MESSAGE][PASSED] - Text '' is set on object 'Object Repository/VLink/Page_CCSale/txt_TaxAmount'

2024-05-18 16:19:23 - [MESSAGE][PASSED] - Text '' is set on object 'Object Repository/VLink/Page_CCSale/txt_ChargeDescription'

2024-05-18 16:19:23 - [MESSAGE][PASSED] - Text '' is set on object 'Object Repository/VLink/Page_CCSale/txt_CAN'

2024-05-18 16:19:24 - [MESSAGE][PASSED] - Text '' is set on object 'Object Repository/VLink/Page_CCSale/txt_BillPaymentIndicator'

2024-05-18 16:19:25 - [MESSAGE][PASSED] - Text '' is set on object 'Object Repository/VLink/Page_CCSale/txt_UDF1'

2024-05-18 16:19:25 - [MESSAGE][PASSED] - Text '' is set on object 'Object Repository/VLink/Page_CCSale/txt_UDF2'

2024-05-18 16:19:26 - [MESSAGE][PASSED] - Text '' is set on object 'Object Repository/VLink/Page_CCSale/txt_UDF3'

2024-05-18 16:19:27 - [MESSAGE][PASSED] - Text '' is set on object 'Object Repository/VLink/Page_CCSale/txt_UDF4'

2024-05-18 16:19:27 - [MESSAGE][PASSED] - Text '' is set on object 'Object Repository/VLink/Page_CCSale/txt_UDF5'

2024-05-18 16:19:28 - [MESSAGE][PASSED] - Text '' is set on object 'Object Repository/VLink/Page_CCSale/txt_UDF6'

2024-05-18 16:19:29 - [MESSAGE][PASSED] - Text '' is set on object 'Object Repository/VLink/Page_CCSale/txt_UDF7'

2024-05-18 16:19:30 - [MESSAGE][PASSED] - Text '' is set on object 'Object Repository/VLink/Page_CCSale/txt_UDF8'

2024-05-18 16:19:30 - [MESSAGE][PASSED] - Text '' is set on object 'Object Repository/VLink/Page_CCSale/txt_UDF9'

2024-05-18 16:19:31 - [MESSAGE][PASSED] - Text '' is set on object 'Object Repository/VLink/Page_CCSale/txt_UDF10'

2024-05-18 16:19:35 - [MESSAGE][PASSED] - Object: 'Object Repository/VLink/Page_CCSale/btn_ProcessVLinkTransaction' is clicked on

2024-05-18 16:19:40 - [MESSAGE][PASSED] - vlinkPages.saleCCPage.setDataSCC is PASSED

2024-05-18 16:19:40 - [TEST_STEP][PASSED] - if (verifyTextPresent("Transaction approved, no errors", true)): null

2024-05-18 16:19:40 - [MESSAGE][PASSED] - Text 'Transaction approved, no errors' is present on page  using regular expression

2024-05-18 16:19:40 - [TEST_STEP][PASSED] - println("Transaction Approved, no errors text is present on the Confirmation page"): null

2024-05-18 16:19:40 - [TEST_STEP][PASSED] - out.println("Pass Record Number: " + row): null

2024-05-18 16:19:40 - [TEST_STEP][PASSED] - resText = "Pass": null

2024-05-18 16:19:40 - [TEST_STEP][PASSED] - pages.WriteExcel.demoKey(resText, datText, resColumn, datCloumn, fileLoc, nameSheet, row): pages.WriteExcel.demoKey is PASSED

2024-05-18 16:19:41 - [MESSAGE][PASSED] - pages.WriteExcel.demoKey is PASSED

2024-05-18 16:19:41 - [TEST_STEP][PASSED] - sdfo = getText(findTestObject("Object Repository/Page_VLinkReceipt/pre_STX")): Text of object 'Object Repository/Page_VLinkReceipt/pre_STX' is: '<STX>URHWilTQGXE2                  12153265            0  Transaction approved, no errors                   0                                                                                  Y OK8618   <ETX>'

2024-05-18 16:19:41 - [MESSAGE][PASSED] - Text of object 'Object Repository/Page_VLinkReceipt/pre_STX' is: '<STX>URHWilTQGXE2                  12153265            0  Transaction approved, no errors                   0                                                                                  Y OK8618   <ETX>'

2024-05-18 16:19:41 - [TEST_STEP][PASSED] - out.println("sdfo: " + sdfo): null

2024-05-18 16:19:41 - [TEST_STEP][PASSED] - remID = substring(5, 35).trim(): null

2024-05-18 16:19:41 - [TEST_STEP][PASSED] - out.println("Remittance ID: " + remID): null

2024-05-18 16:19:41 - [TEST_STEP][PASSED] - traxID = substring(35, 55).trim(): null

2024-05-18 16:19:41 - [TEST_STEP][PASSED] - out.println("Transaction ID: " + traxID): null

2024-05-18 16:19:41 - [TEST_STEP][PASSED] - out.println("End Record Number: " + row): null

2024-05-18 16:19:41 - [TEST_STEP][PASSED] - closeBrowser(): Browser is closed

2024-05-18 16:19:42 - [MESSAGE][PASSED] - Browser is closed

2024-05-18 16:19:42 - [TEST_STEP][PASSED] - ExecuteTC = findTestData(dataFile).getValue("Execute", row): null

2024-05-18 16:19:42 - [TEST_STEP][PASSED] - out.println("Value of Execute is : " + ExecuteTC): null

2024-05-18 16:19:42 - [TEST_STEP][PASSED] - if (ExecuteTC.equalsIgnoreCase("Y")): Browser is closed

2024-05-18 16:19:42 - [TEST_STEP][PASSED] - out.println("Begin Record Number: " + row): null

2024-05-18 16:19:42 - [TEST_STEP][PASSED] - today = new java.util.Date(): null

2024-05-18 16:19:42 - [TEST_STEP][PASSED] - println(today): null

2024-05-18 16:19:42 - [TEST_STEP][PASSED] - datText = today: null

2024-05-18 16:19:42 - [TEST_STEP][PASSED] - openBrowser(VLinkURL + "authcap.html"): Browser is opened with url: 'https://dev-algorithm.govolution.com/vlinktest/QA2/version_2_0/authcap.html'

2024-05-18 16:19:42 - [MESSAGE][INFO] - Starting 'Chrome' driver

2024-05-18 16:19:42 - [MESSAGE][INFO] - User set preference: ['acceptInsecureCerts', 'true']

2024-05-18 16:19:42 - [MESSAGE][INFO] - Action delay is set to 0 milliseconds

2024-05-18 16:19:44 - [MESSAGE][PASSED] - Browser is opened with url: 'https://dev-algorithm.govolution.com/vlinktest/QA2/version_2_0/authcap.html'

2024-05-18 16:19:44 - [TEST_STEP][PASSED] - maximizeWindow(): Current window maximized

2024-05-18 16:19:44 - [MESSAGE][PASSED] - Current window maximized

2024-05-18 16:19:44 - [TEST_STEP][PASSED] - vlinkPages.saleCCPage.setDataSCC(row, dataFile): vlinkPages.saleCCPage.setDataSCC is PASSED

2024-05-18 16:19:48 - [MESSAGE][PASSED] - Object 'Object Repository/VLink/Page_CCSale/txt_CardNumber' is present

2024-05-18 16:19:48 - [MESSAGE][PASSED] - Text '104' is set on object 'Object Repository/VLink/Page_CCSale/txt_TransactionType'

2024-05-18 16:19:49 - [MESSAGE][PASSED] - Text '2.0C' is set on object 'Object Repository/VLink/Page_CCSale/txt_MessageVersion'

2024-05-18 16:19:50 - [MESSAGE][PASSED] - Text 'uRV9tLWwrGyJ' is set on object 'Object Repository/VLink/Page_CCSale/txt_RemID'

2024-05-18 16:19:50 - [MESSAGE][PASSED] - Text '667' is set on object 'Object Repository/VLink/Page_CCSale/txt_ApplicationId'

2024-05-18 16:19:51 - [MESSAGE][PASSED] - Text 'username' is set on object 'Object Repository/VLink/Page_CCSale/txt_Username'

2024-05-18 16:19:52 - [MESSAGE][PASSED] - Text 'password' is set on object 'Object Repository/VLink/Page_CCSale/txt_Password'

2024-05-18 16:19:52 - [MESSAGE][PASSED] - Text 'fixed_width' is set on object 'Object Repository/VLink/Page_CCSale/txt_ResponseFormat'

2024-05-18 16:19:53 - [MESSAGE][PASSED] - Text 'ECOM' is set on object 'Object Repository/VLink/Page_CCSale/txt_Category'

2024-05-18 16:19:54 - [MESSAGE][PASSED] - Text '' is set on object 'Object Repository/VLink/Page_CCSale/txt_TransactionID'

2024-05-18 16:19:55 - [MESSAGE][PASSED] - Text '' is set on object 'Object Repository/VLink/Page_CCSale/txt_ApprovalCode'

2024-05-18 16:19:55 - [MESSAGE][PASSED] - Text 'Roshan Maha' is set on object 'Object Repository/VLink/Page_CCSale/txt_CardName'

2024-05-18 16:19:56 - [MESSAGE][PASSED] - Text '12563 Bazaar road' is set on object 'Object Repository/VLink/Page_CCSale/txt_AL1'

2024-05-18 16:19:57 - [MESSAGE][PASSED] - Text '' is set on object 'Object Repository/VLink/Page_CCSale/txt_AL2'

2024-05-18 16:19:57 - [MESSAGE][PASSED] - Text 'Crofton' is set on object 'Object Repository/VLink/Page_CCSale/txt_CardCity'

2024-05-18 16:19:58 - [MESSAGE][PASSED] - Text 'MD' is set on object 'Object Repository/VLink/Page_CCSale/txt_CardState'

2024-05-18 16:19:59 - [MESSAGE][PASSED] - Text '21114' is set on object 'Object Repository/VLink/Page_CCSale/txt_CardZIP'

2024-05-18 16:19:59 - [MESSAGE][PASSED] - Text '' is set on object 'Object Repository/VLink/Page_CCSale/txt_CountryID'

2024-05-18 16:20:00 - [MESSAGE][PASSED] - Text '3.50' is set on object 'Object Repository/VLink/Page_CCSale/txt_Amount'

2024-05-18 16:20:01 - [MESSAGE][PASSED] - Text '370000000000002' is set on object 'Object Repository/VLink/Page_CCSale/txt_CardNumber'

2024-05-18 16:20:02 - [MESSAGE][PASSED] - Text '01' is set on object 'Object Repository/VLink/Page_CCSale/txt_ExpMonth'

2024-05-18 16:20:02 - [MESSAGE][PASSED] - Text '2026' is set on object 'Object Repository/VLink/Page_CCSale/txt_ExpYear'

2024-05-18 16:20:03 - [MESSAGE][PASSED] - Text '' is set on object 'Object Repository/VLink/Page_CCSale/txt_CVV'

2024-05-18 16:20:04 - [MESSAGE][PASSED] - Text '' is set on object 'Object Repository/VLink/Page_CCSale/txt_CVVstate'

2024-05-18 16:20:04 - [MESSAGE][PASSED] - Text '' is set on object 'Object Repository/VLink/Page_CCSale/txt_TrackData'

2024-05-18 16:20:05 - [MESSAGE][PASSED] - Text '' is set on object 'Object Repository/VLink/Page_CCSale/txt_Track1Data'

2024-05-18 16:20:06 - [MESSAGE][PASSED] - Text '' is set on object 'Object Repository/VLink/Page_CCSale/txt_Track2Data'

2024-05-18 16:20:06 - [MESSAGE][PASSED] - Text 'manual' is set on object 'Object Repository/VLink/Page_CCSale/txt_POSEntryMode'

2024-05-18 16:20:07 - [MESSAGE][PASSED] - Text '' is set on object 'Object Repository/VLink/Page_CCSale/txt_Email'

2024-05-18 16:20:08 - [MESSAGE][PASSED] - Text '' is set on object 'Object Repository/VLink/Page_CCSale/txt_OrderNumber'

2024-05-18 16:20:08 - [MESSAGE][PASSED] - Text '' is set on object 'Object Repository/VLink/Page_CCSale/txt_TaxAmount'

2024-05-18 16:20:09 - [MESSAGE][PASSED] - Text '' is set on object 'Object Repository/VLink/Page_CCSale/txt_ChargeDescription'

2024-05-18 16:20:10 - [MESSAGE][PASSED] - Text '' is set on object 'Object Repository/VLink/Page_CCSale/txt_CAN'

2024-05-18 16:20:11 - [MESSAGE][PASSED] - Text '' is set on object 'Object Repository/VLink/Page_CCSale/txt_BillPaymentIndicator'

2024-05-18 16:20:11 - [MESSAGE][PASSED] - Text '' is set on object 'Object Repository/VLink/Page_CCSale/txt_UDF1'

2024-05-18 16:20:12 - [MESSAGE][PASSED] - Text '' is set on object 'Object Repository/VLink/Page_CCSale/txt_UDF2'

2024-05-18 16:20:13 - [MESSAGE][PASSED] - Text '' is set on object 'Object Repository/VLink/Page_CCSale/txt_UDF3'

2024-05-18 16:20:13 - [MESSAGE][PASSED] - Text '' is set on object 'Object Repository/VLink/Page_CCSale/txt_UDF4'

2024-05-18 16:20:14 - [MESSAGE][PASSED] - Text '' is set on object 'Object Repository/VLink/Page_CCSale/txt_UDF5'

2024-05-18 16:20:15 - [MESSAGE][PASSED] - Text '' is set on object 'Object Repository/VLink/Page_CCSale/txt_UDF6'

2024-05-18 16:20:15 - [MESSAGE][PASSED] - Text '' is set on object 'Object Repository/VLink/Page_CCSale/txt_UDF7'

2024-05-18 16:20:16 - [MESSAGE][PASSED] - Text '' is set on object 'Object Repository/VLink/Page_CCSale/txt_UDF8'

2024-05-18 16:20:17 - [MESSAGE][PASSED] - Text '' is set on object 'Object Repository/VLink/Page_CCSale/txt_UDF9'

2024-05-18 16:20:17 - [MESSAGE][PASSED] - Text '' is set on object 'Object Repository/VLink/Page_CCSale/txt_UDF10'

2024-05-18 16:20:21 - [MESSAGE][PASSED] - Object: 'Object Repository/VLink/Page_CCSale/btn_ProcessVLinkTransaction' is clicked on

2024-05-18 16:20:26 - [MESSAGE][PASSED] - vlinkPages.saleCCPage.setDataSCC is PASSED

2024-05-18 16:20:26 - [TEST_STEP][PASSED] - if (verifyTextPresent("Transaction approved, no errors", true)): null

2024-05-18 16:20:26 - [MESSAGE][PASSED] - Text 'Transaction approved, no errors' is present on page  using regular expression

2024-05-18 16:20:26 - [TEST_STEP][PASSED] - println("Transaction Approved, no errors text is present on the Confirmation page"): null

2024-05-18 16:20:26 - [TEST_STEP][PASSED] - out.println("Pass Record Number: " + row): null

2024-05-18 16:20:26 - [TEST_STEP][PASSED] - resText = "Pass": null

2024-05-18 16:20:26 - [TEST_STEP][PASSED] - pages.WriteExcel.demoKey(resText, datText, resColumn, datCloumn, fileLoc, nameSheet, row): pages.WriteExcel.demoKey is PASSED

2024-05-18 16:20:26 - [MESSAGE][PASSED] - pages.WriteExcel.demoKey is PASSED

2024-05-18 16:20:26 - [TEST_STEP][PASSED] - sdfo = getText(findTestObject("Object Repository/Page_VLinkReceipt/pre_STX")): Text of object 'Object Repository/Page_VLinkReceipt/pre_STX' is: '<STX>uRV9tLWwrGyJ                  12153266            0  Transaction approved, no errors                   0                                                                                  Y OK8628   <ETX>'

2024-05-18 16:20:27 - [MESSAGE][PASSED] - Text of object 'Object Repository/Page_VLinkReceipt/pre_STX' is: '<STX>uRV9tLWwrGyJ                  12153266            0  Transaction approved, no errors                   0                                                                                  Y OK8628   <ETX>'

2024-05-18 16:20:27 - [TEST_STEP][PASSED] - out.println("sdfo: " + sdfo): null

2024-05-18 16:20:27 - [TEST_STEP][PASSED] - remID = substring(5, 35).trim(): null

2024-05-18 16:20:27 - [TEST_STEP][PASSED] - out.println("Remittance ID: " + remID): null

2024-05-18 16:20:27 - [TEST_STEP][PASSED] - traxID = substring(35, 55).trim(): null

2024-05-18 16:20:27 - [TEST_STEP][PASSED] - out.println("Transaction ID: " + traxID): null

2024-05-18 16:20:27 - [TEST_STEP][PASSED] - out.println("End Record Number: " + row): null

2024-05-18 16:20:27 - [TEST_STEP][PASSED] - closeBrowser(): Browser is closed

2024-05-18 16:20:28 - [MESSAGE][PASSED] - Browser is closed

2024-05-18 16:20:28 - [TEST_STEP][PASSED] - ExecuteTC = findTestData(dataFile).getValue("Execute", row): null

2024-05-18 16:20:28 - [TEST_STEP][PASSED] - out.println("Value of Execute is : " + ExecuteTC): null

2024-05-18 16:20:28 - [TEST_STEP][PASSED] - if (ExecuteTC.equalsIgnoreCase("Y")): Browser is closed

2024-05-18 16:20:28 - [TEST_STEP][PASSED] - out.println("Begin Record Number: " + row): null

2024-05-18 16:20:28 - [TEST_STEP][PASSED] - today = new java.util.Date(): null

2024-05-18 16:20:28 - [TEST_STEP][PASSED] - println(today): null

2024-05-18 16:20:28 - [TEST_STEP][PASSED] - datText = today: null

2024-05-18 16:20:28 - [TEST_STEP][PASSED] - openBrowser(VLinkURL + "authcap.html"): Browser is opened with url: 'https://dev-algorithm.govolution.com/vlinktest/QA2/version_2_0/authcap.html'

2024-05-18 16:20:28 - [MESSAGE][INFO] - Starting 'Chrome' driver

2024-05-18 16:20:28 - [MESSAGE][INFO] - User set preference: ['acceptInsecureCerts', 'true']

2024-05-18 16:20:28 - [MESSAGE][INFO] - Action delay is set to 0 milliseconds

2024-05-18 16:20:30 - [MESSAGE][PASSED] - Browser is opened with url: 'https://dev-algorithm.govolution.com/vlinktest/QA2/version_2_0/authcap.html'

2024-05-18 16:20:30 - [TEST_STEP][PASSED] - maximizeWindow(): Current window maximized

2024-05-18 16:20:30 - [MESSAGE][PASSED] - Current window maximized

2024-05-18 16:20:30 - [TEST_STEP][PASSED] - vlinkPages.saleCCPage.setDataSCC(row, dataFile): vlinkPages.saleCCPage.setDataSCC is PASSED

2024-05-18 16:20:34 - [MESSAGE][PASSED] - Object 'Object Repository/VLink/Page_CCSale/txt_CardNumber' is present

2024-05-18 16:20:34 - [MESSAGE][PASSED] - Text '104' is set on object 'Object Repository/VLink/Page_CCSale/txt_TransactionType'

2024-05-18 16:20:35 - [MESSAGE][PASSED] - Text '2.0C' is set on object 'Object Repository/VLink/Page_CCSale/txt_MessageVersion'

2024-05-18 16:20:36 - [MESSAGE][PASSED] - Text 'QQ0KKgxsKyyT' is set on object 'Object Repository/VLink/Page_CCSale/txt_RemID'

2024-05-18 16:20:36 - [MESSAGE][PASSED] - Text '667' is set on object 'Object Repository/VLink/Page_CCSale/txt_ApplicationId'

2024-05-18 16:20:37 - [MESSAGE][PASSED] - Text 'username' is set on object 'Object Repository/VLink/Page_CCSale/txt_Username'

2024-05-18 16:20:38 - [MESSAGE][PASSED] - Text 'password' is set on object 'Object Repository/VLink/Page_CCSale/txt_Password'

2024-05-18 16:20:38 - [MESSAGE][PASSED] - Text 'fixed_width' is set on object 'Object Repository/VLink/Page_CCSale/txt_ResponseFormat'

2024-05-18 16:20:39 - [MESSAGE][PASSED] - Text 'ECOM' is set on object 'Object Repository/VLink/Page_CCSale/txt_Category'

2024-05-18 16:20:40 - [MESSAGE][PASSED] - Text '' is set on object 'Object Repository/VLink/Page_CCSale/txt_TransactionID'

2024-05-18 16:20:40 - [MESSAGE][PASSED] - Text '' is set on object 'Object Repository/VLink/Page_CCSale/txt_ApprovalCode'

2024-05-18 16:20:41 - [MESSAGE][PASSED] - Text 'Kris Roshan' is set on object 'Object Repository/VLink/Page_CCSale/txt_CardName'

2024-05-18 16:20:42 - [MESSAGE][PASSED] - Text '258 Elm Road' is set on object 'Object Repository/VLink/Page_CCSale/txt_AL1'

2024-05-18 16:20:43 - [MESSAGE][PASSED] - Text 'Suite 56' is set on object 'Object Repository/VLink/Page_CCSale/txt_AL2'

2024-05-18 16:20:43 - [MESSAGE][PASSED] - Text 'Arlington' is set on object 'Object Repository/VLink/Page_CCSale/txt_CardCity'

2024-05-18 16:20:44 - [MESSAGE][PASSED] - Text 'VA' is set on object 'Object Repository/VLink/Page_CCSale/txt_CardState'

2024-05-18 16:20:45 - [MESSAGE][PASSED] - Text '22201' is set on object 'Object Repository/VLink/Page_CCSale/txt_CardZIP'

2024-05-18 16:20:45 - [MESSAGE][PASSED] - Text '840' is set on object 'Object Repository/VLink/Page_CCSale/txt_CountryID'

2024-05-18 16:20:46 - [MESSAGE][PASSED] - Text '1.50' is set on object 'Object Repository/VLink/Page_CCSale/txt_Amount'

2024-05-18 16:20:47 - [MESSAGE][PASSED] - Text '6011000000000004' is set on object 'Object Repository/VLink/Page_CCSale/txt_CardNumber'

2024-05-18 16:20:48 - [MESSAGE][PASSED] - Text '12' is set on object 'Object Repository/VLink/Page_CCSale/txt_ExpMonth'

2024-05-18 16:20:48 - [MESSAGE][PASSED] - Text '2025' is set on object 'Object Repository/VLink/Page_CCSale/txt_ExpYear'

2024-05-18 16:20:49 - [MESSAGE][PASSED] - Text '' is set on object 'Object Repository/VLink/Page_CCSale/txt_CVV'

2024-05-18 16:20:50 - [MESSAGE][PASSED] - Text '' is set on object 'Object Repository/VLink/Page_CCSale/txt_CVVstate'

2024-05-18 16:20:50 - [MESSAGE][PASSED] - Text '' is set on object 'Object Repository/VLink/Page_CCSale/txt_TrackData'

2024-05-18 16:20:51 - [MESSAGE][PASSED] - Text '' is set on object 'Object Repository/VLink/Page_CCSale/txt_Track1Data'

2024-05-18 16:20:52 - [MESSAGE][PASSED] - Text '' is set on object 'Object Repository/VLink/Page_CCSale/txt_Track2Data'

2024-05-18 16:20:52 - [MESSAGE][PASSED] - Text 'manual' is set on object 'Object Repository/VLink/Page_CCSale/txt_POSEntryMode'

2024-05-18 16:20:53 - [MESSAGE][PASSED] - Text 'iahmed@govolution.com' is set on object 'Object Repository/VLink/Page_CCSale/txt_Email'

2024-05-18 16:20:54 - [MESSAGE][PASSED] - Text '2569362' is set on object 'Object Repository/VLink/Page_CCSale/txt_OrderNumber'

2024-05-18 16:20:54 - [MESSAGE][PASSED] - Text '1.15' is set on object 'Object Repository/VLink/Page_CCSale/txt_TaxAmount'

2024-05-18 16:20:55 - [MESSAGE][PASSED] - Text 'Charge Description' is set on object 'Object Repository/VLink/Page_CCSale/txt_ChargeDescription'

2024-05-18 16:20:56 - [MESSAGE][PASSED] - Text '147357' is set on object 'Object Repository/VLink/Page_CCSale/txt_CAN'

2024-05-18 16:20:56 - [MESSAGE][PASSED] - Text '1' is set on object 'Object Repository/VLink/Page_CCSale/txt_BillPaymentIndicator'

2024-05-18 16:20:57 - [MESSAGE][PASSED] - Text 'UDF Data 1' is set on object 'Object Repository/VLink/Page_CCSale/txt_UDF1'

2024-05-18 16:20:58 - [MESSAGE][PASSED] - Text 'UDF Data 2' is set on object 'Object Repository/VLink/Page_CCSale/txt_UDF2'

2024-05-18 16:20:59 - [MESSAGE][PASSED] - Text 'UDF Data 3' is set on object 'Object Repository/VLink/Page_CCSale/txt_UDF3'

2024-05-18 16:20:59 - [MESSAGE][PASSED] - Text 'UDF Data 4' is set on object 'Object Repository/VLink/Page_CCSale/txt_UDF4'

2024-05-18 16:21:00 - [MESSAGE][PASSED] - Text 'UDF Data 5' is set on object 'Object Repository/VLink/Page_CCSale/txt_UDF5'

2024-05-18 16:21:01 - [MESSAGE][PASSED] - Text 'UDF Data 6' is set on object 'Object Repository/VLink/Page_CCSale/txt_UDF6'

2024-05-18 16:21:01 - [MESSAGE][PASSED] - Text 'UDF Data 7' is set on object 'Object Repository/VLink/Page_CCSale/txt_UDF7'

2024-05-18 16:21:02 - [MESSAGE][PASSED] - Text 'UDF Data 8' is set on object 'Object Repository/VLink/Page_CCSale/txt_UDF8'

2024-05-18 16:21:03 - [MESSAGE][PASSED] - Text 'UDF Data 9' is set on object 'Object Repository/VLink/Page_CCSale/txt_UDF9'

2024-05-18 16:21:04 - [MESSAGE][PASSED] - Text 'UDF Data 10' is set on object 'Object Repository/VLink/Page_CCSale/txt_UDF10'

2024-05-18 16:21:08 - [MESSAGE][PASSED] - Object: 'Object Repository/VLink/Page_CCSale/btn_ProcessVLinkTransaction' is clicked on

2024-05-18 16:21:13 - [MESSAGE][PASSED] - vlinkPages.saleCCPage.setDataSCC is PASSED

2024-05-18 16:21:13 - [TEST_STEP][PASSED] - if (verifyTextPresent("Transaction approved, no errors", true)): null

2024-05-18 16:21:13 - [MESSAGE][PASSED] - Text 'Transaction approved, no errors' is present on page  using regular expression

2024-05-18 16:21:13 - [TEST_STEP][PASSED] - println("Transaction Approved, no errors text is present on the Confirmation page"): null

2024-05-18 16:21:13 - [TEST_STEP][PASSED] - out.println("Pass Record Number: " + row): null

2024-05-18 16:21:13 - [TEST_STEP][PASSED] - resText = "Pass": null

2024-05-18 16:21:13 - [TEST_STEP][PASSED] - pages.WriteExcel.demoKey(resText, datText, resColumn, datCloumn, fileLoc, nameSheet, row): pages.WriteExcel.demoKey is PASSED

2024-05-18 16:21:13 - [MESSAGE][PASSED] - pages.WriteExcel.demoKey is PASSED

2024-05-18 16:21:13 - [TEST_STEP][PASSED] - sdfo = getText(findTestObject("Object Repository/Page_VLinkReceipt/pre_STX")): Text of object 'Object Repository/Page_VLinkReceipt/pre_STX' is: '<STX>QQ0KKgxsKyyT                  12153267            0  Transaction approved, no errors                   0                                                                                  Y OK8638   <ETX>'

2024-05-18 16:21:13 - [MESSAGE][PASSED] - Text of object 'Object Repository/Page_VLinkReceipt/pre_STX' is: '<STX>QQ0KKgxsKyyT                  12153267            0  Transaction approved, no errors                   0                                                                                  Y OK8638   <ETX>'

2024-05-18 16:21:13 - [TEST_STEP][PASSED] - out.println("sdfo: " + sdfo): null

2024-05-18 16:21:13 - [TEST_STEP][PASSED] - remID = substring(5, 35).trim(): null

2024-05-18 16:21:13 - [TEST_STEP][PASSED] - out.println("Remittance ID: " + remID): null

2024-05-18 16:21:13 - [TEST_STEP][PASSED] - traxID = substring(35, 55).trim(): null

2024-05-18 16:21:13 - [TEST_STEP][PASSED] - out.println("Transaction ID: " + traxID): null

2024-05-18 16:21:13 - [TEST_STEP][PASSED] - out.println("End Record Number: " + row): null

2024-05-18 16:21:13 - [TEST_STEP][PASSED] - closeBrowser(): Browser is closed

2024-05-18 16:21:15 - [MESSAGE][PASSED] - Browser is closed

2024-05-18 16:21:15 - [TEST_STEP][PASSED] - ExecuteTC = findTestData(dataFile).getValue("Execute", row): null

2024-05-18 16:21:15 - [TEST_STEP][PASSED] - out.println("Value of Execute is : " + ExecuteTC): null

2024-05-18 16:21:15 - [TEST_STEP][PASSED] - if (ExecuteTC.equalsIgnoreCase("Y")): Browser is closed

2024-05-18 16:21:15 - [TEST_STEP][PASSED] - out.println("Begin Record Number: " + row): null

2024-05-18 16:21:15 - [TEST_STEP][PASSED] - today = new java.util.Date(): null

2024-05-18 16:21:15 - [TEST_STEP][PASSED] - println(today): null

2024-05-18 16:21:15 - [TEST_STEP][PASSED] - datText = today: null

2024-05-18 16:21:15 - [TEST_STEP][PASSED] - openBrowser(VLinkURL + "authcap.html"): Browser is opened with url: 'https://dev-algorithm.govolution.com/vlinktest/QA2/version_2_0/authcap.html'

2024-05-18 16:21:15 - [MESSAGE][INFO] - Starting 'Chrome' driver

2024-05-18 16:21:15 - [MESSAGE][INFO] - User set preference: ['acceptInsecureCerts', 'true']

2024-05-18 16:21:15 - [MESSAGE][INFO] - Action delay is set to 0 milliseconds

2024-05-18 16:21:17 - [MESSAGE][PASSED] - Browser is opened with url: 'https://dev-algorithm.govolution.com/vlinktest/QA2/version_2_0/authcap.html'

2024-05-18 16:21:17 - [TEST_STEP][PASSED] - maximizeWindow(): Current window maximized

2024-05-18 16:21:17 - [MESSAGE][PASSED] - Current window maximized

2024-05-18 16:21:17 - [TEST_STEP][PASSED] - vlinkPages.saleCCPage.setDataSCC(row, dataFile): vlinkPages.saleCCPage.setDataSCC is PASSED

2024-05-18 16:21:21 - [MESSAGE][PASSED] - Object 'Object Repository/VLink/Page_CCSale/txt_CardNumber' is present

2024-05-18 16:21:21 - [MESSAGE][PASSED] - Text '104' is set on object 'Object Repository/VLink/Page_CCSale/txt_TransactionType'

2024-05-18 16:21:22 - [MESSAGE][PASSED] - Text '2.0C' is set on object 'Object Repository/VLink/Page_CCSale/txt_MessageVersion'

2024-05-18 16:21:22 - [MESSAGE][PASSED] - Text 'g7hBOYJXV4Lm' is set on object 'Object Repository/VLink/Page_CCSale/txt_RemID'

2024-05-18 16:21:23 - [MESSAGE][PASSED] - Text '670' is set on object 'Object Repository/VLink/Page_CCSale/txt_ApplicationId'

2024-05-18 16:21:24 - [MESSAGE][PASSED] - Text 'username' is set on object 'Object Repository/VLink/Page_CCSale/txt_Username'

2024-05-18 16:21:25 - [MESSAGE][PASSED] - Text 'password' is set on object 'Object Repository/VLink/Page_CCSale/txt_Password'

2024-05-18 16:21:25 - [MESSAGE][PASSED] - Text 'fixed_width' is set on object 'Object Repository/VLink/Page_CCSale/txt_ResponseFormat'

2024-05-18 16:21:26 - [MESSAGE][PASSED] - Text 'MOTO' is set on object 'Object Repository/VLink/Page_CCSale/txt_Category'

2024-05-18 16:21:27 - [MESSAGE][PASSED] - Text '' is set on object 'Object Repository/VLink/Page_CCSale/txt_TransactionID'

2024-05-18 16:21:27 - [MESSAGE][PASSED] - Text '' is set on object 'Object Repository/VLink/Page_CCSale/txt_ApprovalCode'

2024-05-18 16:21:28 - [MESSAGE][PASSED] - Text 'Arvind Silva' is set on object 'Object Repository/VLink/Page_CCSale/txt_CardName'

2024-05-18 16:21:29 - [MESSAGE][PASSED] - Text '111 Main Ave' is set on object 'Object Repository/VLink/Page_CCSale/txt_AL1'

2024-05-18 16:21:30 - [MESSAGE][PASSED] - Text '' is set on object 'Object Repository/VLink/Page_CCSale/txt_AL2'

2024-05-18 16:21:30 - [MESSAGE][PASSED] - Text 'Arlington' is set on object 'Object Repository/VLink/Page_CCSale/txt_CardCity'

2024-05-18 16:21:31 - [MESSAGE][PASSED] - Text 'VA' is set on object 'Object Repository/VLink/Page_CCSale/txt_CardState'

2024-05-18 16:21:32 - [MESSAGE][PASSED] - Text '22201' is set on object 'Object Repository/VLink/Page_CCSale/txt_CardZIP'

2024-05-18 16:21:33 - [MESSAGE][PASSED] - Text '' is set on object 'Object Repository/VLink/Page_CCSale/txt_CountryID'

2024-05-18 16:21:33 - [MESSAGE][PASSED] - Text '2.50' is set on object 'Object Repository/VLink/Page_CCSale/txt_Amount'

2024-05-18 16:21:34 - [MESSAGE][PASSED] - Text '4111111111111111' is set on object 'Object Repository/VLink/Page_CCSale/txt_CardNumber'

2024-05-18 16:21:35 - [MESSAGE][PASSED] - Text '01' is set on object 'Object Repository/VLink/Page_CCSale/txt_ExpMonth'

2024-05-18 16:21:35 - [MESSAGE][PASSED] - Text '2026' is set on object 'Object Repository/VLink/Page_CCSale/txt_ExpYear'

2024-05-18 16:21:36 - [MESSAGE][PASSED] - Text '' is set on object 'Object Repository/VLink/Page_CCSale/txt_CVV'

2024-05-18 16:21:37 - [MESSAGE][PASSED] - Text '' is set on object 'Object Repository/VLink/Page_CCSale/txt_CVVstate'

2024-05-18 16:21:37 - [MESSAGE][PASSED] - Text '' is set on object 'Object Repository/VLink/Page_CCSale/txt_TrackData'

2024-05-18 16:21:38 - [MESSAGE][PASSED] - Text '' is set on object 'Object Repository/VLink/Page_CCSale/txt_Track1Data'

2024-05-18 16:21:39 - [MESSAGE][PASSED] - Text '' is set on object 'Object Repository/VLink/Page_CCSale/txt_Track2Data'

2024-05-18 16:21:39 - [MESSAGE][PASSED] - Text 'manual' is set on object 'Object Repository/VLink/Page_CCSale/txt_POSEntryMode'

2024-05-18 16:21:40 - [MESSAGE][PASSED] - Text '' is set on object 'Object Repository/VLink/Page_CCSale/txt_Email'

2024-05-18 16:21:41 - [MESSAGE][PASSED] - Text '' is set on object 'Object Repository/VLink/Page_CCSale/txt_OrderNumber'

2024-05-18 16:21:41 - [MESSAGE][PASSED] - Text '' is set on object 'Object Repository/VLink/Page_CCSale/txt_TaxAmount'

2024-05-18 16:21:42 - [MESSAGE][PASSED] - Text '' is set on object 'Object Repository/VLink/Page_CCSale/txt_ChargeDescription'

2024-05-18 16:21:43 - [MESSAGE][PASSED] - Text '' is set on object 'Object Repository/VLink/Page_CCSale/txt_CAN'

2024-05-18 16:21:44 - [MESSAGE][PASSED] - Text '' is set on object 'Object Repository/VLink/Page_CCSale/txt_BillPaymentIndicator'

2024-05-18 16:21:44 - [MESSAGE][PASSED] - Text '' is set on object 'Object Repository/VLink/Page_CCSale/txt_UDF1'

2024-05-18 16:21:45 - [MESSAGE][PASSED] - Text '' is set on object 'Object Repository/VLink/Page_CCSale/txt_UDF2'

2024-05-18 16:21:46 - [MESSAGE][PASSED] - Text '' is set on object 'Object Repository/VLink/Page_CCSale/txt_UDF3'

2024-05-18 16:21:46 - [MESSAGE][PASSED] - Text '' is set on object 'Object Repository/VLink/Page_CCSale/txt_UDF4'

2024-05-18 16:21:47 - [MESSAGE][PASSED] - Text '' is set on object 'Object Repository/VLink/Page_CCSale/txt_UDF5'

2024-05-18 16:21:48 - [MESSAGE][PASSED] - Text '' is set on object 'Object Repository/VLink/Page_CCSale/txt_UDF6'

2024-05-18 16:21:48 - [MESSAGE][PASSED] - Text '' is set on object 'Object Repository/VLink/Page_CCSale/txt_UDF7'

2024-05-18 16:21:49 - [MESSAGE][PASSED] - Text '' is set on object 'Object Repository/VLink/Page_CCSale/txt_UDF8'

2024-05-18 16:21:50 - [MESSAGE][PASSED] - Text '' is set on object 'Object Repository/VLink/Page_CCSale/txt_UDF9'

2024-05-18 16:21:50 - [MESSAGE][PASSED] - Text '' is set on object 'Object Repository/VLink/Page_CCSale/txt_UDF10'

2024-05-18 16:21:54 - [MESSAGE][PASSED] - Object: 'Object Repository/VLink/Page_CCSale/btn_ProcessVLinkTransaction' is clicked on

2024-05-18 16:21:59 - [MESSAGE][PASSED] - vlinkPages.saleCCPage.setDataSCC is PASSED

2024-05-18 16:21:59 - [TEST_STEP][PASSED] - if (verifyTextPresent("Transaction approved, no errors", true)): null

2024-05-18 16:21:59 - [MESSAGE][PASSED] - Text 'Transaction approved, no errors' is present on page  using regular expression

2024-05-18 16:21:59 - [TEST_STEP][PASSED] - println("Transaction Approved, no errors text is present on the Confirmation page"): null

2024-05-18 16:21:59 - [TEST_STEP][PASSED] - out.println("Pass Record Number: " + row): null

2024-05-18 16:21:59 - [TEST_STEP][PASSED] - resText = "Pass": null

2024-05-18 16:21:59 - [TEST_STEP][PASSED] - pages.WriteExcel.demoKey(resText, datText, resColumn, datCloumn, fileLoc, nameSheet, row): pages.WriteExcel.demoKey is PASSED

2024-05-18 16:22:00 - [MESSAGE][PASSED] - pages.WriteExcel.demoKey is PASSED

2024-05-18 16:22:00 - [TEST_STEP][PASSED] - sdfo = getText(findTestObject("Object Repository/Page_VLinkReceipt/pre_STX")): Text of object 'Object Repository/Page_VLinkReceipt/pre_STX' is: '<STX>g7hBOYJXV4Lm                  12153268            0  Transaction approved, no errors                   0                                                                                  Y OK8668   <ETX>'

2024-05-18 16:22:00 - [MESSAGE][PASSED] - Text of object 'Object Repository/Page_VLinkReceipt/pre_STX' is: '<STX>g7hBOYJXV4Lm                  12153268            0  Transaction approved, no errors                   0                                                                                  Y OK8668   <ETX>'

2024-05-18 16:22:00 - [TEST_STEP][PASSED] - out.println("sdfo: " + sdfo): null

2024-05-18 16:22:00 - [TEST_STEP][PASSED] - remID = substring(5, 35).trim(): null

2024-05-18 16:22:00 - [TEST_STEP][PASSED] - out.println("Remittance ID: " + remID): null

2024-05-18 16:22:00 - [TEST_STEP][PASSED] - traxID = substring(35, 55).trim(): null

2024-05-18 16:22:00 - [TEST_STEP][PASSED] - out.println("Transaction ID: " + traxID): null

2024-05-18 16:22:00 - [TEST_STEP][PASSED] - out.println("End Record Number: " + row): null

2024-05-18 16:22:00 - [TEST_STEP][PASSED] - closeBrowser(): Browser is closed

2024-05-18 16:22:01 - [MESSAGE][PASSED] - Browser is closed

2024-05-18 16:22:01 - [TEST_STEP][PASSED] - ExecuteTC = findTestData(dataFile).getValue("Execute", row): null

2024-05-18 16:22:01 - [TEST_STEP][PASSED] - out.println("Value of Execute is : " + ExecuteTC): null

2024-05-18 16:22:01 - [TEST_STEP][PASSED] - if (ExecuteTC.equalsIgnoreCase("Y")): Browser is closed

2024-05-18 16:22:01 - [TEST_STEP][PASSED] - out.println("Begin Record Number: " + row): null

2024-05-18 16:22:01 - [TEST_STEP][PASSED] - today = new java.util.Date(): null

2024-05-18 16:22:01 - [TEST_STEP][PASSED] - println(today): null

2024-05-18 16:22:01 - [TEST_STEP][PASSED] - datText = today: null

2024-05-18 16:22:01 - [TEST_STEP][PASSED] - openBrowser(VLinkURL + "authcap.html"): Browser is opened with url: 'https://dev-algorithm.govolution.com/vlinktest/QA2/version_2_0/authcap.html'

2024-05-18 16:22:01 - [MESSAGE][INFO] - Starting 'Chrome' driver

2024-05-18 16:22:01 - [MESSAGE][INFO] - User set preference: ['acceptInsecureCerts', 'true']

2024-05-18 16:22:01 - [MESSAGE][INFO] - Action delay is set to 0 milliseconds

2024-05-18 16:22:03 - [MESSAGE][PASSED] - Browser is opened with url: 'https://dev-algorithm.govolution.com/vlinktest/QA2/version_2_0/authcap.html'

2024-05-18 16:22:03 - [TEST_STEP][PASSED] - maximizeWindow(): Current window maximized

2024-05-18 16:22:04 - [MESSAGE][PASSED] - Current window maximized

2024-05-18 16:22:04 - [TEST_STEP][PASSED] - vlinkPages.saleCCPage.setDataSCC(row, dataFile): vlinkPages.saleCCPage.setDataSCC is PASSED

2024-05-18 16:22:07 - [MESSAGE][PASSED] - Object 'Object Repository/VLink/Page_CCSale/txt_CardNumber' is present

2024-05-18 16:22:08 - [MESSAGE][PASSED] - Text '104' is set on object 'Object Repository/VLink/Page_CCSale/txt_TransactionType'

2024-05-18 16:22:08 - [MESSAGE][PASSED] - Text '2.0C' is set on object 'Object Repository/VLink/Page_CCSale/txt_MessageVersion'

2024-05-18 16:22:09 - [MESSAGE][PASSED] - Text 'KIiGsJb4aGXW' is set on object 'Object Repository/VLink/Page_CCSale/txt_RemID'

2024-05-18 16:22:10 - [MESSAGE][PASSED] - Text '670' is set on object 'Object Repository/VLink/Page_CCSale/txt_ApplicationId'

2024-05-18 16:22:10 - [MESSAGE][PASSED] - Text 'username' is set on object 'Object Repository/VLink/Page_CCSale/txt_Username'

2024-05-18 16:22:11 - [MESSAGE][PASSED] - Text 'password' is set on object 'Object Repository/VLink/Page_CCSale/txt_Password'

2024-05-18 16:22:12 - [MESSAGE][PASSED] - Text 'fixed_width' is set on object 'Object Repository/VLink/Page_CCSale/txt_ResponseFormat'

2024-05-18 16:22:12 - [MESSAGE][PASSED] - Text 'MOTO' is set on object 'Object Repository/VLink/Page_CCSale/txt_Category'

2024-05-18 16:22:13 - [MESSAGE][PASSED] - Text '' is set on object 'Object Repository/VLink/Page_CCSale/txt_TransactionID'

2024-05-18 16:22:14 - [MESSAGE][PASSED] - Text '' is set on object 'Object Repository/VLink/Page_CCSale/txt_ApprovalCode'

2024-05-18 16:22:14 - [MESSAGE][PASSED] - Text 'Roshan Maha' is set on object 'Object Repository/VLink/Page_CCSale/txt_CardName'

2024-05-18 16:22:15 - [MESSAGE][PASSED] - Text '12563 Bazaar road' is set on object 'Object Repository/VLink/Page_CCSale/txt_AL1'

2024-05-18 16:22:16 - [MESSAGE][PASSED] - Text '' is set on object 'Object Repository/VLink/Page_CCSale/txt_AL2'

2024-05-18 16:22:16 - [MESSAGE][PASSED] - Text 'Crofton' is set on object 'Object Repository/VLink/Page_CCSale/txt_CardCity'

2024-05-18 16:22:17 - [MESSAGE][PASSED] - Text 'MD' is set on object 'Object Repository/VLink/Page_CCSale/txt_CardState'

2024-05-18 16:22:18 - [MESSAGE][PASSED] - Text '21114' is set on object 'Object Repository/VLink/Page_CCSale/txt_CardZIP'

2024-05-18 16:22:19 - [MESSAGE][PASSED] - Text '' is set on object 'Object Repository/VLink/Page_CCSale/txt_CountryID'

2024-05-18 16:22:19 - [MESSAGE][PASSED] - Text '3.50' is set on object 'Object Repository/VLink/Page_CCSale/txt_Amount'

2024-05-18 16:22:20 - [MESSAGE][PASSED] - Text '5424000000000015' is set on object 'Object Repository/VLink/Page_CCSale/txt_CardNumber'

2024-05-18 16:22:21 - [MESSAGE][PASSED] - Text '01' is set on object 'Object Repository/VLink/Page_CCSale/txt_ExpMonth'

2024-05-18 16:22:21 - [MESSAGE][PASSED] - Text '2026' is set on object 'Object Repository/VLink/Page_CCSale/txt_ExpYear'

2024-05-18 16:22:22 - [MESSAGE][PASSED] - Text '' is set on object 'Object Repository/VLink/Page_CCSale/txt_CVV'

2024-05-18 16:22:23 - [MESSAGE][PASSED] - Text '' is set on object 'Object Repository/VLink/Page_CCSale/txt_CVVstate'

2024-05-18 16:22:23 - [MESSAGE][PASSED] - Text '' is set on object 'Object Repository/VLink/Page_CCSale/txt_TrackData'

2024-05-18 16:22:24 - [MESSAGE][PASSED] - Text '' is set on object 'Object Repository/VLink/Page_CCSale/txt_Track1Data'

2024-05-18 16:22:25 - [MESSAGE][PASSED] - Text '' is set on object 'Object Repository/VLink/Page_CCSale/txt_Track2Data'

2024-05-18 16:22:25 - [MESSAGE][PASSED] - Text 'manual' is set on object 'Object Repository/VLink/Page_CCSale/txt_POSEntryMode'

2024-05-18 16:22:26 - [MESSAGE][PASSED] - Text '' is set on object 'Object Repository/VLink/Page_CCSale/txt_Email'

2024-05-18 16:22:27 - [MESSAGE][PASSED] - Text '' is set on object 'Object Repository/VLink/Page_CCSale/txt_OrderNumber'

2024-05-18 16:22:28 - [MESSAGE][PASSED] - Text '' is set on object 'Object Repository/VLink/Page_CCSale/txt_TaxAmount'

2024-05-18 16:22:28 - [MESSAGE][PASSED] - Text '' is set on object 'Object Repository/VLink/Page_CCSale/txt_ChargeDescription'

2024-05-18 16:22:29 - [MESSAGE][PASSED] - Text '' is set on object 'Object Repository/VLink/Page_CCSale/txt_CAN'

2024-05-18 16:22:30 - [MESSAGE][PASSED] - Text '' is set on object 'Object Repository/VLink/Page_CCSale/txt_BillPaymentIndicator'

2024-05-18 16:22:30 - [MESSAGE][PASSED] - Text '' is set on object 'Object Repository/VLink/Page_CCSale/txt_UDF1'

2024-05-18 16:22:31 - [MESSAGE][PASSED] - Text '' is set on object 'Object Repository/VLink/Page_CCSale/txt_UDF2'

2024-05-18 16:22:32 - [MESSAGE][PASSED] - Text '' is set on object 'Object Repository/VLink/Page_CCSale/txt_UDF3'

2024-05-18 16:22:32 - [MESSAGE][PASSED] - Text '' is set on object 'Object Repository/VLink/Page_CCSale/txt_UDF4'

2024-05-18 16:22:33 - [MESSAGE][PASSED] - Text '' is set on object 'Object Repository/VLink/Page_CCSale/txt_UDF5'

2024-05-18 16:22:34 - [MESSAGE][PASSED] - Text '' is set on object 'Object Repository/VLink/Page_CCSale/txt_UDF6'

2024-05-18 16:22:34 - [MESSAGE][PASSED] - Text '' is set on object 'Object Repository/VLink/Page_CCSale/txt_UDF7'

2024-05-18 16:22:35 - [MESSAGE][PASSED] - Text '' is set on object 'Object Repository/VLink/Page_CCSale/txt_UDF8'

2024-05-18 16:22:36 - [MESSAGE][PASSED] - Text '' is set on object 'Object Repository/VLink/Page_CCSale/txt_UDF9'

2024-05-18 16:22:37 - [MESSAGE][PASSED] - Text '' is set on object 'Object Repository/VLink/Page_CCSale/txt_UDF10'

2024-05-18 16:22:41 - [MESSAGE][PASSED] - Object: 'Object Repository/VLink/Page_CCSale/btn_ProcessVLinkTransaction' is clicked on

2024-05-18 16:22:46 - [MESSAGE][PASSED] - vlinkPages.saleCCPage.setDataSCC is PASSED

2024-05-18 16:22:46 - [TEST_STEP][PASSED] - if (verifyTextPresent("Transaction approved, no errors", true)): null

2024-05-18 16:22:46 - [MESSAGE][PASSED] - Text 'Transaction approved, no errors' is present on page  using regular expression

2024-05-18 16:22:46 - [TEST_STEP][PASSED] - println("Transaction Approved, no errors text is present on the Confirmation page"): null

2024-05-18 16:22:46 - [TEST_STEP][PASSED] - out.println("Pass Record Number: " + row): null

2024-05-18 16:22:46 - [TEST_STEP][PASSED] - resText = "Pass": null

2024-05-18 16:22:46 - [TEST_STEP][PASSED] - pages.WriteExcel.demoKey(resText, datText, resColumn, datCloumn, fileLoc, nameSheet, row): pages.WriteExcel.demoKey is PASSED

2024-05-18 16:22:46 - [MESSAGE][PASSED] - pages.WriteExcel.demoKey is PASSED

2024-05-18 16:22:46 - [TEST_STEP][PASSED] - sdfo = getText(findTestObject("Object Repository/Page_VLinkReceipt/pre_STX")): Text of object 'Object Repository/Page_VLinkReceipt/pre_STX' is: '<STX>KIiGsJb4aGXW                  12153269            0  Transaction approved, no errors                   0                                                                                  Y OK8678   <ETX>'

2024-05-18 16:22:46 - [MESSAGE][PASSED] - Text of object 'Object Repository/Page_VLinkReceipt/pre_STX' is: '<STX>KIiGsJb4aGXW                  12153269            0  Transaction approved, no errors                   0                                                                                  Y OK8678   <ETX>'

2024-05-18 16:22:46 - [TEST_STEP][PASSED] - out.println("sdfo: " + sdfo): null

2024-05-18 16:22:46 - [TEST_STEP][PASSED] - remID = substring(5, 35).trim(): null

2024-05-18 16:22:46 - [TEST_STEP][PASSED] - out.println("Remittance ID: " + remID): null

2024-05-18 16:22:46 - [TEST_STEP][PASSED] - traxID = substring(35, 55).trim(): null

2024-05-18 16:22:46 - [TEST_STEP][PASSED] - out.println("Transaction ID: " + traxID): null

2024-05-18 16:22:46 - [TEST_STEP][PASSED] - out.println("End Record Number: " + row): null

2024-05-18 16:22:46 - [TEST_STEP][PASSED] - closeBrowser(): Browser is closed

2024-05-18 16:22:48 - [MESSAGE][PASSED] - Browser is closed

2024-05-18 16:22:48 - [TEST_STEP][PASSED] - ExecuteTC = findTestData(dataFile).getValue("Execute", row): null

2024-05-18 16:22:48 - [TEST_STEP][PASSED] - out.println("Value of Execute is : " + ExecuteTC): null

2024-05-18 16:22:48 - [TEST_STEP][PASSED] - if (ExecuteTC.equalsIgnoreCase("Y")): Browser is closed

2024-05-18 16:22:48 - [TEST_STEP][PASSED] - out.println("Begin Record Number: " + row): null

2024-05-18 16:22:48 - [TEST_STEP][PASSED] - today = new java.util.Date(): null

2024-05-18 16:22:48 - [TEST_STEP][PASSED] - println(today): null

2024-05-18 16:22:48 - [TEST_STEP][PASSED] - datText = today: null

2024-05-18 16:22:48 - [TEST_STEP][PASSED] - openBrowser(VLinkURL + "authcap.html"): Browser is opened with url: 'https://dev-algorithm.govolution.com/vlinktest/QA2/version_2_0/authcap.html'

2024-05-18 16:22:48 - [MESSAGE][INFO] - Starting 'Chrome' driver

2024-05-18 16:22:48 - [MESSAGE][INFO] - User set preference: ['acceptInsecureCerts', 'true']

2024-05-18 16:22:48 - [MESSAGE][INFO] - Action delay is set to 0 milliseconds

2024-05-18 16:22:50 - [MESSAGE][PASSED] - Browser is opened with url: 'https://dev-algorithm.govolution.com/vlinktest/QA2/version_2_0/authcap.html'

2024-05-18 16:22:50 - [TEST_STEP][PASSED] - maximizeWindow(): Current window maximized

2024-05-18 16:22:50 - [MESSAGE][PASSED] - Current window maximized

2024-05-18 16:22:50 - [TEST_STEP][PASSED] - vlinkPages.saleCCPage.setDataSCC(row, dataFile): vlinkPages.saleCCPage.setDataSCC is PASSED

2024-05-18 16:22:53 - [MESSAGE][PASSED] - Object 'Object Repository/VLink/Page_CCSale/txt_CardNumber' is present

2024-05-18 16:22:54 - [MESSAGE][PASSED] - Text '104' is set on object 'Object Repository/VLink/Page_CCSale/txt_TransactionType'

2024-05-18 16:22:54 - [MESSAGE][PASSED] - Text '2.0C' is set on object 'Object Repository/VLink/Page_CCSale/txt_MessageVersion'

2024-05-18 16:22:55 - [MESSAGE][PASSED] - Text 'BzjiofFt6rKk' is set on object 'Object Repository/VLink/Page_CCSale/txt_RemID'

2024-05-18 16:22:56 - [MESSAGE][PASSED] - Text '670' is set on object 'Object Repository/VLink/Page_CCSale/txt_ApplicationId'

2024-05-18 16:22:56 - [MESSAGE][PASSED] - Text 'username' is set on object 'Object Repository/VLink/Page_CCSale/txt_Username'

2024-05-18 16:22:57 - [MESSAGE][PASSED] - Text 'password' is set on object 'Object Repository/VLink/Page_CCSale/txt_Password'

2024-05-18 16:22:58 - [MESSAGE][PASSED] - Text 'fixed_width' is set on object 'Object Repository/VLink/Page_CCSale/txt_ResponseFormat'

2024-05-18 16:22:58 - [MESSAGE][PASSED] - Text 'MOTO' is set on object 'Object Repository/VLink/Page_CCSale/txt_Category'

2024-05-18 16:22:59 - [MESSAGE][PASSED] - Text '' is set on object 'Object Repository/VLink/Page_CCSale/txt_TransactionID'

2024-05-18 16:23:00 - [MESSAGE][PASSED] - Text '' is set on object 'Object Repository/VLink/Page_CCSale/txt_ApprovalCode'

2024-05-18 16:23:00 - [MESSAGE][PASSED] - Text 'Kris Roshan' is set on object 'Object Repository/VLink/Page_CCSale/txt_CardName'

2024-05-18 16:23:01 - [MESSAGE][PASSED] - Text '258 Elm Road' is set on object 'Object Repository/VLink/Page_CCSale/txt_AL1'

2024-05-18 16:23:02 - [MESSAGE][PASSED] - Text 'Suite 56' is set on object 'Object Repository/VLink/Page_CCSale/txt_AL2'

2024-05-18 16:23:03 - [MESSAGE][PASSED] - Text 'Arlington' is set on object 'Object Repository/VLink/Page_CCSale/txt_CardCity'

2024-05-18 16:23:03 - [MESSAGE][PASSED] - Text 'VA' is set on object 'Object Repository/VLink/Page_CCSale/txt_CardState'

2024-05-18 16:23:04 - [MESSAGE][PASSED] - Text '22201' is set on object 'Object Repository/VLink/Page_CCSale/txt_CardZIP'

2024-05-18 16:23:05 - [MESSAGE][PASSED] - Text '840' is set on object 'Object Repository/VLink/Page_CCSale/txt_CountryID'

2024-05-18 16:23:05 - [MESSAGE][PASSED] - Text '1.50' is set on object 'Object Repository/VLink/Page_CCSale/txt_Amount'

2024-05-18 16:23:06 - [MESSAGE][PASSED] - Text '370000000000002' is set on object 'Object Repository/VLink/Page_CCSale/txt_CardNumber'

2024-05-18 16:23:07 - [MESSAGE][PASSED] - Text '12' is set on object 'Object Repository/VLink/Page_CCSale/txt_ExpMonth'

2024-05-18 16:23:07 - [MESSAGE][PASSED] - Text '2025' is set on object 'Object Repository/VLink/Page_CCSale/txt_ExpYear'

2024-05-18 16:23:08 - [MESSAGE][PASSED] - Text '' is set on object 'Object Repository/VLink/Page_CCSale/txt_CVV'

2024-05-18 16:23:09 - [MESSAGE][PASSED] - Text '' is set on object 'Object Repository/VLink/Page_CCSale/txt_CVVstate'

2024-05-18 16:23:09 - [MESSAGE][PASSED] - Text '' is set on object 'Object Repository/VLink/Page_CCSale/txt_TrackData'

2024-05-18 16:23:10 - [MESSAGE][PASSED] - Text '' is set on object 'Object Repository/VLink/Page_CCSale/txt_Track1Data'

2024-05-18 16:23:11 - [MESSAGE][PASSED] - Text '' is set on object 'Object Repository/VLink/Page_CCSale/txt_Track2Data'

2024-05-18 16:23:12 - [MESSAGE][PASSED] - Text 'manual' is set on object 'Object Repository/VLink/Page_CCSale/txt_POSEntryMode'

2024-05-18 16:23:12 - [MESSAGE][PASSED] - Text 'iahmed@govolution.com' is set on object 'Object Repository/VLink/Page_CCSale/txt_Email'

2024-05-18 16:23:13 - [MESSAGE][PASSED] - Text '2569362' is set on object 'Object Repository/VLink/Page_CCSale/txt_OrderNumber'

2024-05-18 16:23:14 - [MESSAGE][PASSED] - Text '1.15' is set on object 'Object Repository/VLink/Page_CCSale/txt_TaxAmount'

2024-05-18 16:23:14 - [MESSAGE][PASSED] - Text 'Charge Description' is set on object 'Object Repository/VLink/Page_CCSale/txt_ChargeDescription'

2024-05-18 16:23:15 - [MESSAGE][PASSED] - Text '147357' is set on object 'Object Repository/VLink/Page_CCSale/txt_CAN'

2024-05-18 16:23:16 - [MESSAGE][PASSED] - Text '1' is set on object 'Object Repository/VLink/Page_CCSale/txt_BillPaymentIndicator'

2024-05-18 16:23:16 - [MESSAGE][PASSED] - Text 'UDF Data 1' is set on object 'Object Repository/VLink/Page_CCSale/txt_UDF1'

2024-05-18 16:23:17 - [MESSAGE][PASSED] - Text 'UDF Data 2' is set on object 'Object Repository/VLink/Page_CCSale/txt_UDF2'

2024-05-18 16:23:18 - [MESSAGE][PASSED] - Text 'UDF Data 3' is set on object 'Object Repository/VLink/Page_CCSale/txt_UDF3'

2024-05-18 16:23:19 - [MESSAGE][PASSED] - Text 'UDF Data 4' is set on object 'Object Repository/VLink/Page_CCSale/txt_UDF4'

2024-05-18 16:23:19 - [MESSAGE][PASSED] - Text 'UDF Data 5' is set on object 'Object Repository/VLink/Page_CCSale/txt_UDF5'

2024-05-18 16:23:20 - [MESSAGE][PASSED] - Text 'UDF Data 6' is set on object 'Object Repository/VLink/Page_CCSale/txt_UDF6'

2024-05-18 16:23:21 - [MESSAGE][PASSED] - Text 'UDF Data 7' is set on object 'Object Repository/VLink/Page_CCSale/txt_UDF7'

2024-05-18 16:23:21 - [MESSAGE][PASSED] - Text 'UDF Data 8' is set on object 'Object Repository/VLink/Page_CCSale/txt_UDF8'

2024-05-18 16:23:22 - [MESSAGE][PASSED] - Text 'UDF Data 9' is set on object 'Object Repository/VLink/Page_CCSale/txt_UDF9'

2024-05-18 16:23:23 - [MESSAGE][PASSED] - Text 'UDF Data 10' is set on object 'Object Repository/VLink/Page_CCSale/txt_UDF10'

2024-05-18 16:23:27 - [MESSAGE][PASSED] - Object: 'Object Repository/VLink/Page_CCSale/btn_ProcessVLinkTransaction' is clicked on

2024-05-18 16:23:32 - [MESSAGE][PASSED] - vlinkPages.saleCCPage.setDataSCC is PASSED

2024-05-18 16:23:32 - [TEST_STEP][PASSED] - if (verifyTextPresent("Transaction approved, no errors", true)): null

2024-05-18 16:23:32 - [MESSAGE][PASSED] - Text 'Transaction approved, no errors' is present on page  using regular expression

2024-05-18 16:23:32 - [TEST_STEP][PASSED] - println("Transaction Approved, no errors text is present on the Confirmation page"): null

2024-05-18 16:23:32 - [TEST_STEP][PASSED] - out.println("Pass Record Number: " + row): null

2024-05-18 16:23:32 - [TEST_STEP][PASSED] - resText = "Pass": null

2024-05-18 16:23:32 - [TEST_STEP][PASSED] - pages.WriteExcel.demoKey(resText, datText, resColumn, datCloumn, fileLoc, nameSheet, row): pages.WriteExcel.demoKey is PASSED

2024-05-18 16:23:32 - [MESSAGE][PASSED] - pages.WriteExcel.demoKey is PASSED

2024-05-18 16:23:32 - [TEST_STEP][PASSED] - sdfo = getText(findTestObject("Object Repository/Page_VLinkReceipt/pre_STX")): Text of object 'Object Repository/Page_VLinkReceipt/pre_STX' is: '<STX>BzjiofFt6rKk                  12153270            0  Transaction approved, no errors                   0                                                                                  Y OK8688   <ETX>'

2024-05-18 16:23:33 - [MESSAGE][PASSED] - Text of object 'Object Repository/Page_VLinkReceipt/pre_STX' is: '<STX>BzjiofFt6rKk                  12153270            0  Transaction approved, no errors                   0                                                                                  Y OK8688   <ETX>'

2024-05-18 16:23:33 - [TEST_STEP][PASSED] - out.println("sdfo: " + sdfo): null

2024-05-18 16:23:33 - [TEST_STEP][PASSED] - remID = substring(5, 35).trim(): null

2024-05-18 16:23:33 - [TEST_STEP][PASSED] - out.println("Remittance ID: " + remID): null

2024-05-18 16:23:33 - [TEST_STEP][PASSED] - traxID = substring(35, 55).trim(): null

2024-05-18 16:23:33 - [TEST_STEP][PASSED] - out.println("Transaction ID: " + traxID): null

2024-05-18 16:23:33 - [TEST_STEP][PASSED] - out.println("End Record Number: " + row): null

2024-05-18 16:23:33 - [TEST_STEP][PASSED] - closeBrowser(): Browser is closed

2024-05-18 16:23:34 - [MESSAGE][PASSED] - Browser is closed

2024-05-18 16:23:34 - [TEST_STEP][PASSED] - ExecuteTC = findTestData(dataFile).getValue("Execute", row): null

2024-05-18 16:23:34 - [TEST_STEP][PASSED] - out.println("Value of Execute is : " + ExecuteTC): null

2024-05-18 16:23:34 - [TEST_STEP][PASSED] - if (ExecuteTC.equalsIgnoreCase("Y")): Browser is closed

2024-05-18 16:23:34 - [TEST_STEP][PASSED] - out.println("Begin Record Number: " + row): null

2024-05-18 16:23:34 - [TEST_STEP][PASSED] - today = new java.util.Date(): null

2024-05-18 16:23:34 - [TEST_STEP][PASSED] - println(today): null

2024-05-18 16:23:34 - [TEST_STEP][PASSED] - datText = today: null

2024-05-18 16:23:34 - [TEST_STEP][PASSED] - openBrowser(VLinkURL + "authcap.html"): Browser is opened with url: 'https://dev-algorithm.govolution.com/vlinktest/QA2/version_2_0/authcap.html'

2024-05-18 16:23:34 - [MESSAGE][INFO] - Starting 'Chrome' driver

2024-05-18 16:23:34 - [MESSAGE][INFO] - User set preference: ['acceptInsecureCerts', 'true']

2024-05-18 16:23:34 - [MESSAGE][INFO] - Action delay is set to 0 milliseconds

2024-05-18 16:23:36 - [MESSAGE][PASSED] - Browser is opened with url: 'https://dev-algorithm.govolution.com/vlinktest/QA2/version_2_0/authcap.html'

2024-05-18 16:23:36 - [TEST_STEP][PASSED] - maximizeWindow(): Current window maximized

2024-05-18 16:23:36 - [MESSAGE][PASSED] - Current window maximized

2024-05-18 16:23:36 - [TEST_STEP][PASSED] - vlinkPages.saleCCPage.setDataSCC(row, dataFile): vlinkPages.saleCCPage.setDataSCC is PASSED

2024-05-18 16:23:39 - [MESSAGE][PASSED] - Object 'Object Repository/VLink/Page_CCSale/txt_CardNumber' is present

2024-05-18 16:23:40 - [MESSAGE][PASSED] - Text '104' is set on object 'Object Repository/VLink/Page_CCSale/txt_TransactionType'

2024-05-18 16:23:41 - [MESSAGE][PASSED] - Text '2.0C' is set on object 'Object Repository/VLink/Page_CCSale/txt_MessageVersion'

2024-05-18 16:23:41 - [MESSAGE][PASSED] - Text 'Qkpd3GFvTTFU' is set on object 'Object Repository/VLink/Page_CCSale/txt_RemID'

2024-05-18 16:23:42 - [MESSAGE][PASSED] - Text '670' is set on object 'Object Repository/VLink/Page_CCSale/txt_ApplicationId'

2024-05-18 16:23:43 - [MESSAGE][PASSED] - Text 'username' is set on object 'Object Repository/VLink/Page_CCSale/txt_Username'

2024-05-18 16:23:44 - [MESSAGE][PASSED] - Text 'password' is set on object 'Object Repository/VLink/Page_CCSale/txt_Password'

2024-05-18 16:23:44 - [MESSAGE][PASSED] - Text 'fixed_width' is set on object 'Object Repository/VLink/Page_CCSale/txt_ResponseFormat'

2024-05-18 16:23:45 - [MESSAGE][PASSED] - Text 'MOTO' is set on object 'Object Repository/VLink/Page_CCSale/txt_Category'

2024-05-18 16:23:46 - [MESSAGE][PASSED] - Text '' is set on object 'Object Repository/VLink/Page_CCSale/txt_TransactionID'

2024-05-18 16:23:46 - [MESSAGE][PASSED] - Text '' is set on object 'Object Repository/VLink/Page_CCSale/txt_ApprovalCode'

2024-05-18 16:23:47 - [MESSAGE][PASSED] - Text 'Arvind Silva' is set on object 'Object Repository/VLink/Page_CCSale/txt_CardName'

2024-05-18 16:23:48 - [MESSAGE][PASSED] - Text '111 Main Ave' is set on object 'Object Repository/VLink/Page_CCSale/txt_AL1'

2024-05-18 16:23:49 - [MESSAGE][PASSED] - Text '' is set on object 'Object Repository/VLink/Page_CCSale/txt_AL2'

2024-05-18 16:23:49 - [MESSAGE][PASSED] - Text 'Arlington' is set on object 'Object Repository/VLink/Page_CCSale/txt_CardCity'

2024-05-18 16:23:50 - [MESSAGE][PASSED] - Text 'VA' is set on object 'Object Repository/VLink/Page_CCSale/txt_CardState'

2024-05-18 16:23:51 - [MESSAGE][PASSED] - Text '22201' is set on object 'Object Repository/VLink/Page_CCSale/txt_CardZIP'

2024-05-18 16:23:51 - [MESSAGE][PASSED] - Text '' is set on object 'Object Repository/VLink/Page_CCSale/txt_CountryID'

2024-05-18 16:23:52 - [MESSAGE][PASSED] - Text '2.50' is set on object 'Object Repository/VLink/Page_CCSale/txt_Amount'

2024-05-18 16:23:53 - [MESSAGE][PASSED] - Text '6011000000000004' is set on object 'Object Repository/VLink/Page_CCSale/txt_CardNumber'

2024-05-18 16:23:53 - [MESSAGE][PASSED] - Text '01' is set on object 'Object Repository/VLink/Page_CCSale/txt_ExpMonth'

2024-05-18 16:23:54 - [MESSAGE][PASSED] - Text '2026' is set on object 'Object Repository/VLink/Page_CCSale/txt_ExpYear'

2024-05-18 16:23:55 - [MESSAGE][PASSED] - Text '' is set on object 'Object Repository/VLink/Page_CCSale/txt_CVV'

2024-05-18 16:23:55 - [MESSAGE][PASSED] - Text '' is set on object 'Object Repository/VLink/Page_CCSale/txt_CVVstate'

2024-05-18 16:23:56 - [MESSAGE][PASSED] - Text '' is set on object 'Object Repository/VLink/Page_CCSale/txt_TrackData'

2024-05-18 16:23:57 - [MESSAGE][PASSED] - Text '' is set on object 'Object Repository/VLink/Page_CCSale/txt_Track1Data'

2024-05-18 16:23:58 - [MESSAGE][PASSED] - Text '' is set on object 'Object Repository/VLink/Page_CCSale/txt_Track2Data'

2024-05-18 16:23:58 - [MESSAGE][PASSED] - Text 'manual' is set on object 'Object Repository/VLink/Page_CCSale/txt_POSEntryMode'

2024-05-18 16:23:59 - [MESSAGE][PASSED] - Text '' is set on object 'Object Repository/VLink/Page_CCSale/txt_Email'

2024-05-18 16:24:00 - [MESSAGE][PASSED] - Text '' is set on object 'Object Repository/VLink/Page_CCSale/txt_OrderNumber'

2024-05-18 16:24:00 - [MESSAGE][PASSED] - Text '' is set on object 'Object Repository/VLink/Page_CCSale/txt_TaxAmount'

2024-05-18 16:24:01 - [MESSAGE][PASSED] - Text '' is set on object 'Object Repository/VLink/Page_CCSale/txt_ChargeDescription'

2024-05-18 16:24:02 - [MESSAGE][PASSED] - Text '' is set on object 'Object Repository/VLink/Page_CCSale/txt_CAN'

2024-05-18 16:24:02 - [MESSAGE][PASSED] - Text '' is set on object 'Object Repository/VLink/Page_CCSale/txt_BillPaymentIndicator'

2024-05-18 16:24:03 - [MESSAGE][PASSED] - Text '' is set on object 'Object Repository/VLink/Page_CCSale/txt_UDF1'

2024-05-18 16:24:04 - [MESSAGE][PASSED] - Text '' is set on object 'Object Repository/VLink/Page_CCSale/txt_UDF2'

2024-05-18 16:24:04 - [MESSAGE][PASSED] - Text '' is set on object 'Object Repository/VLink/Page_CCSale/txt_UDF3'

2024-05-18 16:24:05 - [MESSAGE][PASSED] - Text '' is set on object 'Object Repository/VLink/Page_CCSale/txt_UDF4'

2024-05-18 16:24:06 - [MESSAGE][PASSED] - Text '' is set on object 'Object Repository/VLink/Page_CCSale/txt_UDF5'

2024-05-18 16:24:06 - [MESSAGE][PASSED] - Text '' is set on object 'Object Repository/VLink/Page_CCSale/txt_UDF6'

2024-05-18 16:24:07 - [MESSAGE][PASSED] - Text '' is set on object 'Object Repository/VLink/Page_CCSale/txt_UDF7'

2024-05-18 16:24:08 - [MESSAGE][PASSED] - Text '' is set on object 'Object Repository/VLink/Page_CCSale/txt_UDF8'

2024-05-18 16:24:08 - [MESSAGE][PASSED] - Text '' is set on object 'Object Repository/VLink/Page_CCSale/txt_UDF9'

2024-05-18 16:24:09 - [MESSAGE][PASSED] - Text '' is set on object 'Object Repository/VLink/Page_CCSale/txt_UDF10'

2024-05-18 16:24:13 - [MESSAGE][PASSED] - Object: 'Object Repository/VLink/Page_CCSale/btn_ProcessVLinkTransaction' is clicked on

2024-05-18 16:24:18 - [MESSAGE][PASSED] - vlinkPages.saleCCPage.setDataSCC is PASSED

2024-05-18 16:24:18 - [TEST_STEP][PASSED] - if (verifyTextPresent("Transaction approved, no errors", true)): null

2024-05-18 16:24:18 - [MESSAGE][PASSED] - Text 'Transaction approved, no errors' is present on page  using regular expression

2024-05-18 16:24:18 - [TEST_STEP][PASSED] - println("Transaction Approved, no errors text is present on the Confirmation page"): null

2024-05-18 16:24:18 - [TEST_STEP][PASSED] - out.println("Pass Record Number: " + row): null

2024-05-18 16:24:18 - [TEST_STEP][PASSED] - resText = "Pass": null

2024-05-18 16:24:18 - [TEST_STEP][PASSED] - pages.WriteExcel.demoKey(resText, datText, resColumn, datCloumn, fileLoc, nameSheet, row): pages.WriteExcel.demoKey is PASSED

2024-05-18 16:24:18 - [MESSAGE][PASSED] - pages.WriteExcel.demoKey is PASSED

2024-05-18 16:24:18 - [TEST_STEP][PASSED] - sdfo = getText(findTestObject("Object Repository/Page_VLinkReceipt/pre_STX")): Text of object 'Object Repository/Page_VLinkReceipt/pre_STX' is: '<STX>Qkpd3GFvTTFU                  12153271            0  Transaction approved, no errors                   0                                                                                  Y OK8708   <ETX>'

2024-05-18 16:24:19 - [MESSAGE][PASSED] - Text of object 'Object Repository/Page_VLinkReceipt/pre_STX' is: '<STX>Qkpd3GFvTTFU                  12153271            0  Transaction approved, no errors                   0                                                                                  Y OK8708   <ETX>'

2024-05-18 16:24:19 - [TEST_STEP][PASSED] - out.println("sdfo: " + sdfo): null

2024-05-18 16:24:19 - [TEST_STEP][PASSED] - remID = substring(5, 35).trim(): null

2024-05-18 16:24:19 - [TEST_STEP][PASSED] - out.println("Remittance ID: " + remID): null

2024-05-18 16:24:19 - [TEST_STEP][PASSED] - traxID = substring(35, 55).trim(): null

2024-05-18 16:24:19 - [TEST_STEP][PASSED] - out.println("Transaction ID: " + traxID): null

2024-05-18 16:24:19 - [TEST_STEP][PASSED] - out.println("End Record Number: " + row): null

2024-05-18 16:24:19 - [TEST_STEP][PASSED] - closeBrowser(): Browser is closed

2024-05-18 16:24:20 - [MESSAGE][PASSED] - Browser is closed

2024-05-18 16:24:20 - [TEST_STEP][PASSED] - ExecuteTC = findTestData(dataFile).getValue("Execute", row): null

2024-05-18 16:24:20 - [TEST_STEP][PASSED] - out.println("Value of Execute is : " + ExecuteTC): null

2024-05-18 16:24:20 - [TEST_STEP][PASSED] - if (ExecuteTC.equalsIgnoreCase("Y")): Browser is closed

2024-05-18 16:24:20 - [TEST_STEP][PASSED] - out.println("Begin Record Number: " + row): null

2024-05-18 16:24:20 - [TEST_STEP][PASSED] - today = new java.util.Date(): null

2024-05-18 16:24:20 - [TEST_STEP][PASSED] - println(today): null

2024-05-18 16:24:20 - [TEST_STEP][PASSED] - datText = today: null

2024-05-18 16:24:20 - [TEST_STEP][PASSED] - openBrowser(VLinkURL + "authcap.html"): Browser is opened with url: 'https://dev-algorithm.govolution.com/vlinktest/QA2/version_2_0/authcap.html'

2024-05-18 16:24:20 - [MESSAGE][INFO] - Starting 'Chrome' driver

2024-05-18 16:24:20 - [MESSAGE][INFO] - User set preference: ['acceptInsecureCerts', 'true']

2024-05-18 16:24:20 - [MESSAGE][INFO] - Action delay is set to 0 milliseconds

2024-05-18 16:24:22 - [MESSAGE][PASSED] - Browser is opened with url: 'https://dev-algorithm.govolution.com/vlinktest/QA2/version_2_0/authcap.html'

2024-05-18 16:24:22 - [TEST_STEP][PASSED] - maximizeWindow(): Current window maximized

2024-05-18 16:24:22 - [MESSAGE][PASSED] - Current window maximized

2024-05-18 16:24:22 - [TEST_STEP][PASSED] - vlinkPages.saleCCPage.setDataSCC(row, dataFile): vlinkPages.saleCCPage.setDataSCC is PASSED

2024-05-18 16:24:25 - [MESSAGE][PASSED] - Object 'Object Repository/VLink/Page_CCSale/txt_CardNumber' is present

2024-05-18 16:24:26 - [MESSAGE][PASSED] - Text '104' is set on object 'Object Repository/VLink/Page_CCSale/txt_TransactionType'

2024-05-18 16:24:27 - [MESSAGE][PASSED] - Text '2.0C' is set on object 'Object Repository/VLink/Page_CCSale/txt_MessageVersion'

2024-05-18 16:24:27 - [MESSAGE][PASSED] - Text 'B41ZyfXskOZs' is set on object 'Object Repository/VLink/Page_CCSale/txt_RemID'

2024-05-18 16:24:28 - [MESSAGE][PASSED] - Text '671' is set on object 'Object Repository/VLink/Page_CCSale/txt_ApplicationId'

2024-05-18 16:24:29 - [MESSAGE][PASSED] - Text 'username' is set on object 'Object Repository/VLink/Page_CCSale/txt_Username'

2024-05-18 16:24:29 - [MESSAGE][PASSED] - Text 'password' is set on object 'Object Repository/VLink/Page_CCSale/txt_Password'

2024-05-18 16:24:30 - [MESSAGE][PASSED] - Text 'fixed_width' is set on object 'Object Repository/VLink/Page_CCSale/txt_ResponseFormat'

2024-05-18 16:24:31 - [MESSAGE][PASSED] - Text 'RETL' is set on object 'Object Repository/VLink/Page_CCSale/txt_Category'

2024-05-18 16:24:32 - [MESSAGE][PASSED] - Text '' is set on object 'Object Repository/VLink/Page_CCSale/txt_TransactionID'

2024-05-18 16:24:32 - [MESSAGE][PASSED] - Text '' is set on object 'Object Repository/VLink/Page_CCSale/txt_ApprovalCode'

2024-05-18 16:24:33 - [MESSAGE][PASSED] - Text 'Roshan Maha' is set on object 'Object Repository/VLink/Page_CCSale/txt_CardName'

2024-05-18 16:24:34 - [MESSAGE][PASSED] - Text '12563 Bazaar road' is set on object 'Object Repository/VLink/Page_CCSale/txt_AL1'

2024-05-18 16:24:34 - [MESSAGE][PASSED] - Text '' is set on object 'Object Repository/VLink/Page_CCSale/txt_AL2'

2024-05-18 16:24:35 - [MESSAGE][PASSED] - Text 'Crofton' is set on object 'Object Repository/VLink/Page_CCSale/txt_CardCity'

2024-05-18 16:24:36 - [MESSAGE][PASSED] - Text 'MD' is set on object 'Object Repository/VLink/Page_CCSale/txt_CardState'

2024-05-18 16:24:37 - [MESSAGE][PASSED] - Text '21114' is set on object 'Object Repository/VLink/Page_CCSale/txt_CardZIP'

2024-05-18 16:24:37 - [MESSAGE][PASSED] - Text '' is set on object 'Object Repository/VLink/Page_CCSale/txt_CountryID'

2024-05-18 16:24:38 - [MESSAGE][PASSED] - Text '3.50' is set on object 'Object Repository/VLink/Page_CCSale/txt_Amount'

2024-05-18 16:24:39 - [MESSAGE][PASSED] - Text '4111111111111111' is set on object 'Object Repository/VLink/Page_CCSale/txt_CardNumber'

2024-05-18 16:24:39 - [MESSAGE][PASSED] - Text '01' is set on object 'Object Repository/VLink/Page_CCSale/txt_ExpMonth'

2024-05-18 16:24:40 - [MESSAGE][PASSED] - Text '2026' is set on object 'Object Repository/VLink/Page_CCSale/txt_ExpYear'

2024-05-18 16:24:41 - [MESSAGE][PASSED] - Text '' is set on object 'Object Repository/VLink/Page_CCSale/txt_CVV'

2024-05-18 16:24:41 - [MESSAGE][PASSED] - Text '' is set on object 'Object Repository/VLink/Page_CCSale/txt_CVVstate'

2024-05-18 16:24:42 - [MESSAGE][PASSED] - Text '' is set on object 'Object Repository/VLink/Page_CCSale/txt_TrackData'

2024-05-18 16:24:43 - [MESSAGE][PASSED] - Text '' is set on object 'Object Repository/VLink/Page_CCSale/txt_Track1Data'

2024-05-18 16:24:44 - [MESSAGE][PASSED] - Text '' is set on object 'Object Repository/VLink/Page_CCSale/txt_Track2Data'

2024-05-18 16:24:44 - [MESSAGE][PASSED] - Text 'manual' is set on object 'Object Repository/VLink/Page_CCSale/txt_POSEntryMode'

2024-05-18 16:24:45 - [MESSAGE][PASSED] - Text '' is set on object 'Object Repository/VLink/Page_CCSale/txt_Email'

2024-05-18 16:24:46 - [MESSAGE][PASSED] - Text '' is set on object 'Object Repository/VLink/Page_CCSale/txt_OrderNumber'

2024-05-18 16:24:46 - [MESSAGE][PASSED] - Text '' is set on object 'Object Repository/VLink/Page_CCSale/txt_TaxAmount'

2024-05-18 16:24:47 - [MESSAGE][PASSED] - Text '' is set on object 'Object Repository/VLink/Page_CCSale/txt_ChargeDescription'

2024-05-18 16:24:48 - [MESSAGE][PASSED] - Text '' is set on object 'Object Repository/VLink/Page_CCSale/txt_CAN'

2024-05-18 16:24:48 - [MESSAGE][PASSED] - Text '' is set on object 'Object Repository/VLink/Page_CCSale/txt_BillPaymentIndicator'

2024-05-18 16:24:49 - [MESSAGE][PASSED] - Text '' is set on object 'Object Repository/VLink/Page_CCSale/txt_UDF1'

2024-05-18 16:24:50 - [MESSAGE][PASSED] - Text '' is set on object 'Object Repository/VLink/Page_CCSale/txt_UDF2'

2024-05-18 16:24:50 - [MESSAGE][PASSED] - Text '' is set on object 'Object Repository/VLink/Page_CCSale/txt_UDF3'

2024-05-18 16:24:51 - [MESSAGE][PASSED] - Text '' is set on object 'Object Repository/VLink/Page_CCSale/txt_UDF4'

2024-05-18 16:24:52 - [MESSAGE][PASSED] - Text '' is set on object 'Object Repository/VLink/Page_CCSale/txt_UDF5'

2024-05-18 16:24:52 - [MESSAGE][PASSED] - Text '' is set on object 'Object Repository/VLink/Page_CCSale/txt_UDF6'

2024-05-18 16:24:53 - [MESSAGE][PASSED] - Text '' is set on object 'Object Repository/VLink/Page_CCSale/txt_UDF7'

2024-05-18 16:24:54 - [MESSAGE][PASSED] - Text '' is set on object 'Object Repository/VLink/Page_CCSale/txt_UDF8'

2024-05-18 16:24:55 - [MESSAGE][PASSED] - Text '' is set on object 'Object Repository/VLink/Page_CCSale/txt_UDF9'

2024-05-18 16:24:55 - [MESSAGE][PASSED] - Text '' is set on object 'Object Repository/VLink/Page_CCSale/txt_UDF10'

2024-05-18 16:25:00 - [MESSAGE][PASSED] - Object: 'Object Repository/VLink/Page_CCSale/btn_ProcessVLinkTransaction' is clicked on

2024-05-18 16:25:05 - [MESSAGE][PASSED] - vlinkPages.saleCCPage.setDataSCC is PASSED

2024-05-18 16:25:05 - [TEST_STEP][PASSED] - if (verifyTextPresent("Transaction approved, no errors", true)): null

2024-05-18 16:25:05 - [MESSAGE][PASSED] - Text 'Transaction approved, no errors' is present on page  using regular expression

2024-05-18 16:25:05 - [TEST_STEP][PASSED] - println("Transaction Approved, no errors text is present on the Confirmation page"): null

2024-05-18 16:25:05 - [TEST_STEP][PASSED] - out.println("Pass Record Number: " + row): null

2024-05-18 16:25:05 - [TEST_STEP][PASSED] - resText = "Pass": null

2024-05-18 16:25:05 - [TEST_STEP][PASSED] - pages.WriteExcel.demoKey(resText, datText, resColumn, datCloumn, fileLoc, nameSheet, row): pages.WriteExcel.demoKey is PASSED

2024-05-18 16:25:05 - [MESSAGE][PASSED] - pages.WriteExcel.demoKey is PASSED

2024-05-18 16:25:05 - [TEST_STEP][PASSED] - sdfo = getText(findTestObject("Object Repository/Page_VLinkReceipt/pre_STX")): Text of object 'Object Repository/Page_VLinkReceipt/pre_STX' is: '<STX>B41ZyfXskOZs                  12153272            0  Transaction approved, no errors                   0                                                                                  Y OK8718   <ETX>'

2024-05-18 16:25:05 - [MESSAGE][PASSED] - Text of object 'Object Repository/Page_VLinkReceipt/pre_STX' is: '<STX>B41ZyfXskOZs                  12153272            0  Transaction approved, no errors                   0                                                                                  Y OK8718   <ETX>'

2024-05-18 16:25:05 - [TEST_STEP][PASSED] - out.println("sdfo: " + sdfo): null

2024-05-18 16:25:05 - [TEST_STEP][PASSED] - remID = substring(5, 35).trim(): null

2024-05-18 16:25:05 - [TEST_STEP][PASSED] - out.println("Remittance ID: " + remID): null

2024-05-18 16:25:05 - [TEST_STEP][PASSED] - traxID = substring(35, 55).trim(): null

2024-05-18 16:25:05 - [TEST_STEP][PASSED] - out.println("Transaction ID: " + traxID): null

2024-05-18 16:25:05 - [TEST_STEP][PASSED] - out.println("End Record Number: " + row): null

2024-05-18 16:25:05 - [TEST_STEP][PASSED] - closeBrowser(): Browser is closed

2024-05-18 16:25:07 - [MESSAGE][PASSED] - Browser is closed

2024-05-18 16:25:07 - [TEST_STEP][PASSED] - ExecuteTC = findTestData(dataFile).getValue("Execute", row): null

2024-05-18 16:25:07 - [TEST_STEP][PASSED] - out.println("Value of Execute is : " + ExecuteTC): null

2024-05-18 16:25:07 - [TEST_STEP][PASSED] - if (ExecuteTC.equalsIgnoreCase("Y")): Browser is closed

2024-05-18 16:25:07 - [TEST_STEP][PASSED] - out.println("Begin Record Number: " + row): null

2024-05-18 16:25:07 - [TEST_STEP][PASSED] - today = new java.util.Date(): null

2024-05-18 16:25:07 - [TEST_STEP][PASSED] - println(today): null

2024-05-18 16:25:07 - [TEST_STEP][PASSED] - datText = today: null

2024-05-18 16:25:07 - [TEST_STEP][PASSED] - openBrowser(VLinkURL + "authcap.html"): Browser is opened with url: 'https://dev-algorithm.govolution.com/vlinktest/QA2/version_2_0/authcap.html'

2024-05-18 16:25:07 - [MESSAGE][INFO] - Starting 'Chrome' driver

2024-05-18 16:25:07 - [MESSAGE][INFO] - User set preference: ['acceptInsecureCerts', 'true']

2024-05-18 16:25:07 - [MESSAGE][INFO] - Action delay is set to 0 milliseconds

2024-05-18 16:25:09 - [MESSAGE][PASSED] - Browser is opened with url: 'https://dev-algorithm.govolution.com/vlinktest/QA2/version_2_0/authcap.html'

2024-05-18 16:25:09 - [TEST_STEP][PASSED] - maximizeWindow(): Current window maximized

2024-05-18 16:25:09 - [MESSAGE][PASSED] - Current window maximized

2024-05-18 16:25:09 - [TEST_STEP][PASSED] - vlinkPages.saleCCPage.setDataSCC(row, dataFile): vlinkPages.saleCCPage.setDataSCC is PASSED

2024-05-18 16:25:12 - [MESSAGE][PASSED] - Object 'Object Repository/VLink/Page_CCSale/txt_CardNumber' is present

2024-05-18 16:25:13 - [MESSAGE][PASSED] - Text '104' is set on object 'Object Repository/VLink/Page_CCSale/txt_TransactionType'

2024-05-18 16:25:13 - [MESSAGE][PASSED] - Text '2.0C' is set on object 'Object Repository/VLink/Page_CCSale/txt_MessageVersion'

2024-05-18 16:25:14 - [MESSAGE][PASSED] - Text '6cx8pn95guLg' is set on object 'Object Repository/VLink/Page_CCSale/txt_RemID'

2024-05-18 16:25:15 - [MESSAGE][PASSED] - Text '671' is set on object 'Object Repository/VLink/Page_CCSale/txt_ApplicationId'

2024-05-18 16:25:15 - [MESSAGE][PASSED] - Text 'username' is set on object 'Object Repository/VLink/Page_CCSale/txt_Username'

2024-05-18 16:25:16 - [MESSAGE][PASSED] - Text 'password' is set on object 'Object Repository/VLink/Page_CCSale/txt_Password'

2024-05-18 16:25:17 - [MESSAGE][PASSED] - Text 'fixed_width' is set on object 'Object Repository/VLink/Page_CCSale/txt_ResponseFormat'

2024-05-18 16:25:17 - [MESSAGE][PASSED] - Text 'RETL' is set on object 'Object Repository/VLink/Page_CCSale/txt_Category'

2024-05-18 16:25:18 - [MESSAGE][PASSED] - Text '' is set on object 'Object Repository/VLink/Page_CCSale/txt_TransactionID'

2024-05-18 16:25:19 - [MESSAGE][PASSED] - Text '' is set on object 'Object Repository/VLink/Page_CCSale/txt_ApprovalCode'

2024-05-18 16:25:19 - [MESSAGE][PASSED] - Text 'Kris Roshan' is set on object 'Object Repository/VLink/Page_CCSale/txt_CardName'

2024-05-18 16:25:20 - [MESSAGE][PASSED] - Text '258 Elm Road' is set on object 'Object Repository/VLink/Page_CCSale/txt_AL1'

2024-05-18 16:25:21 - [MESSAGE][PASSED] - Text 'Suite 56' is set on object 'Object Repository/VLink/Page_CCSale/txt_AL2'

2024-05-18 16:25:21 - [MESSAGE][PASSED] - Text 'Arlington' is set on object 'Object Repository/VLink/Page_CCSale/txt_CardCity'

2024-05-18 16:25:22 - [MESSAGE][PASSED] - Text 'VA' is set on object 'Object Repository/VLink/Page_CCSale/txt_CardState'

2024-05-18 16:25:23 - [MESSAGE][PASSED] - Text '22201' is set on object 'Object Repository/VLink/Page_CCSale/txt_CardZIP'

2024-05-18 16:25:24 - [MESSAGE][PASSED] - Text '840' is set on object 'Object Repository/VLink/Page_CCSale/txt_CountryID'

2024-05-18 16:25:24 - [MESSAGE][PASSED] - Text '1.50' is set on object 'Object Repository/VLink/Page_CCSale/txt_Amount'

2024-05-18 16:25:25 - [MESSAGE][PASSED] - Text '5424000000000015' is set on object 'Object Repository/VLink/Page_CCSale/txt_CardNumber'

2024-05-18 16:25:26 - [MESSAGE][PASSED] - Text '12' is set on object 'Object Repository/VLink/Page_CCSale/txt_ExpMonth'

2024-05-18 16:25:26 - [MESSAGE][PASSED] - Text '2025' is set on object 'Object Repository/VLink/Page_CCSale/txt_ExpYear'

2024-05-18 16:25:27 - [MESSAGE][PASSED] - Text '' is set on object 'Object Repository/VLink/Page_CCSale/txt_CVV'

2024-05-18 16:25:28 - [MESSAGE][PASSED] - Text '' is set on object 'Object Repository/VLink/Page_CCSale/txt_CVVstate'

2024-05-18 16:25:29 - [MESSAGE][PASSED] - Text '' is set on object 'Object Repository/VLink/Page_CCSale/txt_TrackData'

2024-05-18 16:25:29 - [MESSAGE][PASSED] - Text '' is set on object 'Object Repository/VLink/Page_CCSale/txt_Track1Data'

2024-05-18 16:25:30 - [MESSAGE][PASSED] - Text '' is set on object 'Object Repository/VLink/Page_CCSale/txt_Track2Data'

2024-05-18 16:25:31 - [MESSAGE][PASSED] - Text 'manual' is set on object 'Object Repository/VLink/Page_CCSale/txt_POSEntryMode'

2024-05-18 16:25:31 - [MESSAGE][PASSED] - Text 'iahmed@govolution.com' is set on object 'Object Repository/VLink/Page_CCSale/txt_Email'

2024-05-18 16:25:32 - [MESSAGE][PASSED] - Text '2569362' is set on object 'Object Repository/VLink/Page_CCSale/txt_OrderNumber'

2024-05-18 16:25:33 - [MESSAGE][PASSED] - Text '1.15' is set on object 'Object Repository/VLink/Page_CCSale/txt_TaxAmount'

2024-05-18 16:25:34 - [MESSAGE][PASSED] - Text 'Charge Description' is set on object 'Object Repository/VLink/Page_CCSale/txt_ChargeDescription'

2024-05-18 16:25:34 - [MESSAGE][PASSED] - Text '147357' is set on object 'Object Repository/VLink/Page_CCSale/txt_CAN'

2024-05-18 16:25:35 - [MESSAGE][PASSED] - Text '1' is set on object 'Object Repository/VLink/Page_CCSale/txt_BillPaymentIndicator'

2024-05-18 16:25:36 - [MESSAGE][PASSED] - Text 'UDF Data 1' is set on object 'Object Repository/VLink/Page_CCSale/txt_UDF1'

2024-05-18 16:25:36 - [MESSAGE][PASSED] - Text 'UDF Data 2' is set on object 'Object Repository/VLink/Page_CCSale/txt_UDF2'

2024-05-18 16:25:37 - [MESSAGE][PASSED] - Text 'UDF Data 3' is set on object 'Object Repository/VLink/Page_CCSale/txt_UDF3'

2024-05-18 16:25:38 - [MESSAGE][PASSED] - Text 'UDF Data 4' is set on object 'Object Repository/VLink/Page_CCSale/txt_UDF4'

2024-05-18 16:25:38 - [MESSAGE][PASSED] - Text 'UDF Data 5' is set on object 'Object Repository/VLink/Page_CCSale/txt_UDF5'

2024-05-18 16:25:39 - [MESSAGE][PASSED] - Text 'UDF Data 6' is set on object 'Object Repository/VLink/Page_CCSale/txt_UDF6'

2024-05-18 16:25:40 - [MESSAGE][PASSED] - Text 'UDF Data 7' is set on object 'Object Repository/VLink/Page_CCSale/txt_UDF7'

2024-05-18 16:25:41 - [MESSAGE][PASSED] - Text 'UDF Data 8' is set on object 'Object Repository/VLink/Page_CCSale/txt_UDF8'

2024-05-18 16:25:41 - [MESSAGE][PASSED] - Text 'UDF Data 9' is set on object 'Object Repository/VLink/Page_CCSale/txt_UDF9'

2024-05-18 16:25:42 - [MESSAGE][PASSED] - Text 'UDF Data 10' is set on object 'Object Repository/VLink/Page_CCSale/txt_UDF10'

2024-05-18 16:25:46 - [MESSAGE][PASSED] - Object: 'Object Repository/VLink/Page_CCSale/btn_ProcessVLinkTransaction' is clicked on

2024-05-18 16:25:51 - [MESSAGE][PASSED] - vlinkPages.saleCCPage.setDataSCC is PASSED

2024-05-18 16:25:51 - [TEST_STEP][PASSED] - if (verifyTextPresent("Transaction approved, no errors", true)): null

2024-05-18 16:25:51 - [MESSAGE][PASSED] - Text 'Transaction approved, no errors' is present on page  using regular expression

2024-05-18 16:25:51 - [TEST_STEP][PASSED] - println("Transaction Approved, no errors text is present on the Confirmation page"): null

2024-05-18 16:25:51 - [TEST_STEP][PASSED] - out.println("Pass Record Number: " + row): null

2024-05-18 16:25:51 - [TEST_STEP][PASSED] - resText = "Pass": null

2024-05-18 16:25:51 - [TEST_STEP][PASSED] - pages.WriteExcel.demoKey(resText, datText, resColumn, datCloumn, fileLoc, nameSheet, row): pages.WriteExcel.demoKey is PASSED

2024-05-18 16:25:51 - [MESSAGE][PASSED] - pages.WriteExcel.demoKey is PASSED

2024-05-18 16:25:51 - [TEST_STEP][PASSED] - sdfo = getText(findTestObject("Object Repository/Page_VLinkReceipt/pre_STX")): Text of object 'Object Repository/Page_VLinkReceipt/pre_STX' is: '<STX>6cx8pn95guLg                  12153273            0  Transaction approved, no errors                   0                                                                                  Y OK8728   <ETX>'

2024-05-18 16:25:51 - [MESSAGE][PASSED] - Text of object 'Object Repository/Page_VLinkReceipt/pre_STX' is: '<STX>6cx8pn95guLg                  12153273            0  Transaction approved, no errors                   0                                                                                  Y OK8728   <ETX>'

2024-05-18 16:25:51 - [TEST_STEP][PASSED] - out.println("sdfo: " + sdfo): null

2024-05-18 16:25:51 - [TEST_STEP][PASSED] - remID = substring(5, 35).trim(): null

2024-05-18 16:25:51 - [TEST_STEP][PASSED] - out.println("Remittance ID: " + remID): null

2024-05-18 16:25:51 - [TEST_STEP][PASSED] - traxID = substring(35, 55).trim(): null

2024-05-18 16:25:51 - [TEST_STEP][PASSED] - out.println("Transaction ID: " + traxID): null

2024-05-18 16:25:51 - [TEST_STEP][PASSED] - out.println("End Record Number: " + row): null

2024-05-18 16:25:51 - [TEST_STEP][PASSED] - closeBrowser(): Browser is closed

2024-05-18 16:25:53 - [MESSAGE][PASSED] - Browser is closed

2024-05-18 16:25:53 - [TEST_STEP][PASSED] - ExecuteTC = findTestData(dataFile).getValue("Execute", row): null

2024-05-18 16:25:53 - [TEST_STEP][PASSED] - out.println("Value of Execute is : " + ExecuteTC): null

2024-05-18 16:25:53 - [TEST_STEP][PASSED] - if (ExecuteTC.equalsIgnoreCase("Y")): Browser is closed

2024-05-18 16:25:53 - [TEST_STEP][PASSED] - out.println("Begin Record Number: " + row): null

2024-05-18 16:25:53 - [TEST_STEP][PASSED] - today = new java.util.Date(): null

2024-05-18 16:25:53 - [TEST_STEP][PASSED] - println(today): null

2024-05-18 16:25:53 - [TEST_STEP][PASSED] - datText = today: null

2024-05-18 16:25:53 - [TEST_STEP][PASSED] - openBrowser(VLinkURL + "authcap.html"): Browser is opened with url: 'https://dev-algorithm.govolution.com/vlinktest/QA2/version_2_0/authcap.html'

2024-05-18 16:25:53 - [MESSAGE][INFO] - Starting 'Chrome' driver

2024-05-18 16:25:53 - [MESSAGE][INFO] - User set preference: ['acceptInsecureCerts', 'true']

2024-05-18 16:25:53 - [MESSAGE][INFO] - Action delay is set to 0 milliseconds

2024-05-18 16:25:55 - [MESSAGE][PASSED] - Browser is opened with url: 'https://dev-algorithm.govolution.com/vlinktest/QA2/version_2_0/authcap.html'

2024-05-18 16:25:55 - [TEST_STEP][PASSED] - maximizeWindow(): Current window maximized

2024-05-18 16:25:55 - [MESSAGE][PASSED] - Current window maximized

2024-05-18 16:25:55 - [TEST_STEP][PASSED] - vlinkPages.saleCCPage.setDataSCC(row, dataFile): vlinkPages.saleCCPage.setDataSCC is PASSED

2024-05-18 16:25:58 - [MESSAGE][PASSED] - Object 'Object Repository/VLink/Page_CCSale/txt_CardNumber' is present

2024-05-18 16:25:59 - [MESSAGE][PASSED] - Text '104' is set on object 'Object Repository/VLink/Page_CCSale/txt_TransactionType'

2024-05-18 16:25:59 - [MESSAGE][PASSED] - Text '2.0C' is set on object 'Object Repository/VLink/Page_CCSale/txt_MessageVersion'

2024-05-18 16:26:00 - [MESSAGE][PASSED] - Text 'v3MSWZN9uUQn' is set on object 'Object Repository/VLink/Page_CCSale/txt_RemID'

2024-05-18 16:26:01 - [MESSAGE][PASSED] - Text '671' is set on object 'Object Repository/VLink/Page_CCSale/txt_ApplicationId'

2024-05-18 16:26:01 - [MESSAGE][PASSED] - Text 'username' is set on object 'Object Repository/VLink/Page_CCSale/txt_Username'

2024-05-18 16:26:02 - [MESSAGE][PASSED] - Text 'password' is set on object 'Object Repository/VLink/Page_CCSale/txt_Password'

2024-05-18 16:26:03 - [MESSAGE][PASSED] - Text 'fixed_width' is set on object 'Object Repository/VLink/Page_CCSale/txt_ResponseFormat'

2024-05-18 16:26:04 - [MESSAGE][PASSED] - Text 'RETL' is set on object 'Object Repository/VLink/Page_CCSale/txt_Category'

2024-05-18 16:26:04 - [MESSAGE][PASSED] - Text '' is set on object 'Object Repository/VLink/Page_CCSale/txt_TransactionID'

2024-05-18 16:26:05 - [MESSAGE][PASSED] - Text '' is set on object 'Object Repository/VLink/Page_CCSale/txt_ApprovalCode'

2024-05-18 16:26:06 - [MESSAGE][PASSED] - Text 'Arvind Silva' is set on object 'Object Repository/VLink/Page_CCSale/txt_CardName'

2024-05-18 16:26:06 - [MESSAGE][PASSED] - Text '111 Main Ave' is set on object 'Object Repository/VLink/Page_CCSale/txt_AL1'

2024-05-18 16:26:07 - [MESSAGE][PASSED] - Text '' is set on object 'Object Repository/VLink/Page_CCSale/txt_AL2'

2024-05-18 16:26:08 - [MESSAGE][PASSED] - Text 'Arlington' is set on object 'Object Repository/VLink/Page_CCSale/txt_CardCity'

2024-05-18 16:26:08 - [MESSAGE][PASSED] - Text 'VA' is set on object 'Object Repository/VLink/Page_CCSale/txt_CardState'

2024-05-18 16:26:09 - [MESSAGE][PASSED] - Text '22201' is set on object 'Object Repository/VLink/Page_CCSale/txt_CardZIP'

2024-05-18 16:26:10 - [MESSAGE][PASSED] - Text '' is set on object 'Object Repository/VLink/Page_CCSale/txt_CountryID'

2024-05-18 16:26:11 - [MESSAGE][PASSED] - Text '2.50' is set on object 'Object Repository/VLink/Page_CCSale/txt_Amount'

2024-05-18 16:26:11 - [MESSAGE][PASSED] - Text '370000000000002' is set on object 'Object Repository/VLink/Page_CCSale/txt_CardNumber'

2024-05-18 16:26:12 - [MESSAGE][PASSED] - Text '01' is set on object 'Object Repository/VLink/Page_CCSale/txt_ExpMonth'

2024-05-18 16:26:13 - [MESSAGE][PASSED] - Text '2026' is set on object 'Object Repository/VLink/Page_CCSale/txt_ExpYear'

2024-05-18 16:26:13 - [MESSAGE][PASSED] - Text '' is set on object 'Object Repository/VLink/Page_CCSale/txt_CVV'

2024-05-18 16:26:14 - [MESSAGE][PASSED] - Text '' is set on object 'Object Repository/VLink/Page_CCSale/txt_CVVstate'

2024-05-18 16:26:15 - [MESSAGE][PASSED] - Text '' is set on object 'Object Repository/VLink/Page_CCSale/txt_TrackData'

2024-05-18 16:26:16 - [MESSAGE][PASSED] - Text '' is set on object 'Object Repository/VLink/Page_CCSale/txt_Track1Data'

2024-05-18 16:26:16 - [MESSAGE][PASSED] - Text '' is set on object 'Object Repository/VLink/Page_CCSale/txt_Track2Data'

2024-05-18 16:26:17 - [MESSAGE][PASSED] - Text 'manual' is set on object 'Object Repository/VLink/Page_CCSale/txt_POSEntryMode'

2024-05-18 16:26:18 - [MESSAGE][PASSED] - Text '' is set on object 'Object Repository/VLink/Page_CCSale/txt_Email'

2024-05-18 16:26:18 - [MESSAGE][PASSED] - Text '' is set on object 'Object Repository/VLink/Page_CCSale/txt_OrderNumber'

2024-05-18 16:26:19 - [MESSAGE][PASSED] - Text '' is set on object 'Object Repository/VLink/Page_CCSale/txt_TaxAmount'

2024-05-18 16:26:20 - [MESSAGE][PASSED] - Text '' is set on object 'Object Repository/VLink/Page_CCSale/txt_ChargeDescription'

2024-05-18 16:26:20 - [MESSAGE][PASSED] - Text '' is set on object 'Object Repository/VLink/Page_CCSale/txt_CAN'

2024-05-18 16:26:21 - [MESSAGE][PASSED] - Text '' is set on object 'Object Repository/VLink/Page_CCSale/txt_BillPaymentIndicator'

2024-05-18 16:26:22 - [MESSAGE][PASSED] - Text '' is set on object 'Object Repository/VLink/Page_CCSale/txt_UDF1'

2024-05-18 16:26:22 - [MESSAGE][PASSED] - Text '' is set on object 'Object Repository/VLink/Page_CCSale/txt_UDF2'

2024-05-18 16:26:23 - [MESSAGE][PASSED] - Text '' is set on object 'Object Repository/VLink/Page_CCSale/txt_UDF3'

2024-05-18 16:26:24 - [MESSAGE][PASSED] - Text '' is set on object 'Object Repository/VLink/Page_CCSale/txt_UDF4'

2024-05-18 16:26:24 - [MESSAGE][PASSED] - Text '' is set on object 'Object Repository/VLink/Page_CCSale/txt_UDF5'

2024-05-18 16:26:25 - [MESSAGE][PASSED] - Text '' is set on object 'Object Repository/VLink/Page_CCSale/txt_UDF6'

2024-05-18 16:26:26 - [MESSAGE][PASSED] - Text '' is set on object 'Object Repository/VLink/Page_CCSale/txt_UDF7'

2024-05-18 16:26:26 - [MESSAGE][PASSED] - Text '' is set on object 'Object Repository/VLink/Page_CCSale/txt_UDF8'

2024-05-18 16:26:27 - [MESSAGE][PASSED] - Text '' is set on object 'Object Repository/VLink/Page_CCSale/txt_UDF9'

2024-05-18 16:26:28 - [MESSAGE][PASSED] - Text '' is set on object 'Object Repository/VLink/Page_CCSale/txt_UDF10'

2024-05-18 16:26:32 - [MESSAGE][PASSED] - Object: 'Object Repository/VLink/Page_CCSale/btn_ProcessVLinkTransaction' is clicked on

2024-05-18 16:26:37 - [MESSAGE][PASSED] - vlinkPages.saleCCPage.setDataSCC is PASSED

2024-05-18 16:26:37 - [TEST_STEP][PASSED] - if (verifyTextPresent("Transaction approved, no errors", true)): null

2024-05-18 16:26:37 - [MESSAGE][PASSED] - Text 'Transaction approved, no errors' is present on page  using regular expression

2024-05-18 16:26:37 - [TEST_STEP][PASSED] - println("Transaction Approved, no errors text is present on the Confirmation page"): null

2024-05-18 16:26:37 - [TEST_STEP][PASSED] - out.println("Pass Record Number: " + row): null

2024-05-18 16:26:37 - [TEST_STEP][PASSED] - resText = "Pass": null

2024-05-18 16:26:37 - [TEST_STEP][PASSED] - pages.WriteExcel.demoKey(resText, datText, resColumn, datCloumn, fileLoc, nameSheet, row): pages.WriteExcel.demoKey is PASSED

2024-05-18 16:26:37 - [MESSAGE][PASSED] - pages.WriteExcel.demoKey is PASSED

2024-05-18 16:26:37 - [TEST_STEP][PASSED] - sdfo = getText(findTestObject("Object Repository/Page_VLinkReceipt/pre_STX")): Text of object 'Object Repository/Page_VLinkReceipt/pre_STX' is: '<STX>v3MSWZN9uUQn                  12153274            0  Transaction approved, no errors                   0                                                                                  Y OK8758   <ETX>'

2024-05-18 16:26:38 - [MESSAGE][PASSED] - Text of object 'Object Repository/Page_VLinkReceipt/pre_STX' is: '<STX>v3MSWZN9uUQn                  12153274            0  Transaction approved, no errors                   0                                                                                  Y OK8758   <ETX>'

2024-05-18 16:26:38 - [TEST_STEP][PASSED] - out.println("sdfo: " + sdfo): null

2024-05-18 16:26:38 - [TEST_STEP][PASSED] - remID = substring(5, 35).trim(): null

2024-05-18 16:26:38 - [TEST_STEP][PASSED] - out.println("Remittance ID: " + remID): null

2024-05-18 16:26:38 - [TEST_STEP][PASSED] - traxID = substring(35, 55).trim(): null

2024-05-18 16:26:38 - [TEST_STEP][PASSED] - out.println("Transaction ID: " + traxID): null

2024-05-18 16:26:38 - [TEST_STEP][PASSED] - out.println("End Record Number: " + row): null

2024-05-18 16:26:38 - [TEST_STEP][PASSED] - closeBrowser(): Browser is closed

2024-05-18 16:26:39 - [MESSAGE][PASSED] - Browser is closed

2024-05-18 16:26:39 - [TEST_STEP][PASSED] - ExecuteTC = findTestData(dataFile).getValue("Execute", row): null

2024-05-18 16:26:39 - [TEST_STEP][PASSED] - out.println("Value of Execute is : " + ExecuteTC): null

2024-05-18 16:26:39 - [TEST_STEP][PASSED] - if (ExecuteTC.equalsIgnoreCase("Y")): Browser is closed

2024-05-18 16:26:39 - [TEST_STEP][PASSED] - out.println("Begin Record Number: " + row): null

2024-05-18 16:26:39 - [TEST_STEP][PASSED] - today = new java.util.Date(): null

2024-05-18 16:26:39 - [TEST_STEP][PASSED] - println(today): null

2024-05-18 16:26:39 - [TEST_STEP][PASSED] - datText = today: null

2024-05-18 16:26:39 - [TEST_STEP][PASSED] - openBrowser(VLinkURL + "authcap.html"): Browser is opened with url: 'https://dev-algorithm.govolution.com/vlinktest/QA2/version_2_0/authcap.html'

2024-05-18 16:26:39 - [MESSAGE][INFO] - Starting 'Chrome' driver

2024-05-18 16:26:39 - [MESSAGE][INFO] - User set preference: ['acceptInsecureCerts', 'true']

2024-05-18 16:26:39 - [MESSAGE][INFO] - Action delay is set to 0 milliseconds

2024-05-18 16:26:41 - [MESSAGE][PASSED] - Browser is opened with url: 'https://dev-algorithm.govolution.com/vlinktest/QA2/version_2_0/authcap.html'

2024-05-18 16:26:41 - [TEST_STEP][PASSED] - maximizeWindow(): Current window maximized

2024-05-18 16:26:41 - [MESSAGE][PASSED] - Current window maximized

2024-05-18 16:26:41 - [TEST_STEP][PASSED] - vlinkPages.saleCCPage.setDataSCC(row, dataFile): vlinkPages.saleCCPage.setDataSCC is PASSED

2024-05-18 16:26:44 - [MESSAGE][PASSED] - Object 'Object Repository/VLink/Page_CCSale/txt_CardNumber' is present

2024-05-18 16:26:45 - [MESSAGE][PASSED] - Text '104' is set on object 'Object Repository/VLink/Page_CCSale/txt_TransactionType'

2024-05-18 16:26:46 - [MESSAGE][PASSED] - Text '2.0C' is set on object 'Object Repository/VLink/Page_CCSale/txt_MessageVersion'

2024-05-18 16:26:46 - [MESSAGE][PASSED] - Text 'jqJ9zI2IzxuY' is set on object 'Object Repository/VLink/Page_CCSale/txt_RemID'

2024-05-18 16:26:47 - [MESSAGE][PASSED] - Text '671' is set on object 'Object Repository/VLink/Page_CCSale/txt_ApplicationId'

2024-05-18 16:26:48 - [MESSAGE][PASSED] - Text 'username' is set on object 'Object Repository/VLink/Page_CCSale/txt_Username'

2024-05-18 16:26:48 - [MESSAGE][PASSED] - Text 'password' is set on object 'Object Repository/VLink/Page_CCSale/txt_Password'

2024-05-18 16:26:49 - [MESSAGE][PASSED] - Text 'fixed_width' is set on object 'Object Repository/VLink/Page_CCSale/txt_ResponseFormat'

2024-05-18 16:26:50 - [MESSAGE][PASSED] - Text 'RETL' is set on object 'Object Repository/VLink/Page_CCSale/txt_Category'

2024-05-18 16:26:50 - [MESSAGE][PASSED] - Text '' is set on object 'Object Repository/VLink/Page_CCSale/txt_TransactionID'

2024-05-18 16:26:51 - [MESSAGE][PASSED] - Text '' is set on object 'Object Repository/VLink/Page_CCSale/txt_ApprovalCode'

2024-05-18 16:26:52 - [MESSAGE][PASSED] - Text 'Roshan Maha' is set on object 'Object Repository/VLink/Page_CCSale/txt_CardName'

2024-05-18 16:26:53 - [MESSAGE][PASSED] - Text '12563 Bazaar road' is set on object 'Object Repository/VLink/Page_CCSale/txt_AL1'

2024-05-18 16:26:53 - [MESSAGE][PASSED] - Text '' is set on object 'Object Repository/VLink/Page_CCSale/txt_AL2'

2024-05-18 16:26:54 - [MESSAGE][PASSED] - Text 'Crofton' is set on object 'Object Repository/VLink/Page_CCSale/txt_CardCity'

2024-05-18 16:26:55 - [MESSAGE][PASSED] - Text 'MD' is set on object 'Object Repository/VLink/Page_CCSale/txt_CardState'

2024-05-18 16:26:55 - [MESSAGE][PASSED] - Text '21114' is set on object 'Object Repository/VLink/Page_CCSale/txt_CardZIP'

2024-05-18 16:26:56 - [MESSAGE][PASSED] - Text '' is set on object 'Object Repository/VLink/Page_CCSale/txt_CountryID'

2024-05-18 16:26:57 - [MESSAGE][PASSED] - Text '3.50' is set on object 'Object Repository/VLink/Page_CCSale/txt_Amount'

2024-05-18 16:26:57 - [MESSAGE][PASSED] - Text '6011000000000004' is set on object 'Object Repository/VLink/Page_CCSale/txt_CardNumber'

2024-05-18 16:26:58 - [MESSAGE][PASSED] - Text '01' is set on object 'Object Repository/VLink/Page_CCSale/txt_ExpMonth'

2024-05-18 16:26:59 - [MESSAGE][PASSED] - Text '2026' is set on object 'Object Repository/VLink/Page_CCSale/txt_ExpYear'

2024-05-18 16:27:00 - [MESSAGE][PASSED] - Text '' is set on object 'Object Repository/VLink/Page_CCSale/txt_CVV'

2024-05-18 16:27:00 - [MESSAGE][PASSED] - Text '' is set on object 'Object Repository/VLink/Page_CCSale/txt_CVVstate'

2024-05-18 16:27:01 - [MESSAGE][PASSED] - Text '' is set on object 'Object Repository/VLink/Page_CCSale/txt_TrackData'

2024-05-18 16:27:02 - [MESSAGE][PASSED] - Text '' is set on object 'Object Repository/VLink/Page_CCSale/txt_Track1Data'

2024-05-18 16:27:02 - [MESSAGE][PASSED] - Text '' is set on object 'Object Repository/VLink/Page_CCSale/txt_Track2Data'

2024-05-18 16:27:03 - [MESSAGE][PASSED] - Text 'manual' is set on object 'Object Repository/VLink/Page_CCSale/txt_POSEntryMode'

2024-05-18 16:27:04 - [MESSAGE][PASSED] - Text '' is set on object 'Object Repository/VLink/Page_CCSale/txt_Email'

2024-05-18 16:27:04 - [MESSAGE][PASSED] - Text '' is set on object 'Object Repository/VLink/Page_CCSale/txt_OrderNumber'

2024-05-18 16:27:05 - [MESSAGE][PASSED] - Text '' is set on object 'Object Repository/VLink/Page_CCSale/txt_TaxAmount'

2024-05-18 16:27:06 - [MESSAGE][PASSED] - Text '' is set on object 'Object Repository/VLink/Page_CCSale/txt_ChargeDescription'

2024-05-18 16:27:06 - [MESSAGE][PASSED] - Text '' is set on object 'Object Repository/VLink/Page_CCSale/txt_CAN'

2024-05-18 16:27:07 - [MESSAGE][PASSED] - Text '' is set on object 'Object Repository/VLink/Page_CCSale/txt_BillPaymentIndicator'

2024-05-18 16:27:08 - [MESSAGE][PASSED] - Text '' is set on object 'Object Repository/VLink/Page_CCSale/txt_UDF1'

2024-05-18 16:27:09 - [MESSAGE][PASSED] - Text '' is set on object 'Object Repository/VLink/Page_CCSale/txt_UDF2'

2024-05-18 16:27:10 - [MESSAGE][PASSED] - Text '' is set on object 'Object Repository/VLink/Page_CCSale/txt_UDF3'

2024-05-18 16:27:10 - [MESSAGE][PASSED] - Text '' is set on object 'Object Repository/VLink/Page_CCSale/txt_UDF4'

2024-05-18 16:27:11 - [MESSAGE][PASSED] - Text '' is set on object 'Object Repository/VLink/Page_CCSale/txt_UDF5'

2024-05-18 16:27:12 - [MESSAGE][PASSED] - Text '' is set on object 'Object Repository/VLink/Page_CCSale/txt_UDF6'

2024-05-18 16:27:12 - [MESSAGE][PASSED] - Text '' is set on object 'Object Repository/VLink/Page_CCSale/txt_UDF7'

2024-05-18 16:27:13 - [MESSAGE][PASSED] - Text '' is set on object 'Object Repository/VLink/Page_CCSale/txt_UDF8'

2024-05-18 16:27:14 - [MESSAGE][PASSED] - Text '' is set on object 'Object Repository/VLink/Page_CCSale/txt_UDF9'

2024-05-18 16:27:14 - [MESSAGE][PASSED] - Text '' is set on object 'Object Repository/VLink/Page_CCSale/txt_UDF10'

2024-05-18 16:27:18 - [MESSAGE][PASSED] - Object: 'Object Repository/VLink/Page_CCSale/btn_ProcessVLinkTransaction' is clicked on

2024-05-18 16:27:23 - [MESSAGE][PASSED] - vlinkPages.saleCCPage.setDataSCC is PASSED

2024-05-18 16:27:23 - [TEST_STEP][PASSED] - if (verifyTextPresent("Transaction approved, no errors", true)): null

2024-05-18 16:27:23 - [MESSAGE][PASSED] - Text 'Transaction approved, no errors' is present on page  using regular expression

2024-05-18 16:27:23 - [TEST_STEP][PASSED] - println("Transaction Approved, no errors text is present on the Confirmation page"): null

2024-05-18 16:27:23 - [TEST_STEP][PASSED] - out.println("Pass Record Number: " + row): null

2024-05-18 16:27:23 - [TEST_STEP][PASSED] - resText = "Pass": null

2024-05-18 16:27:23 - [TEST_STEP][PASSED] - pages.WriteExcel.demoKey(resText, datText, resColumn, datCloumn, fileLoc, nameSheet, row): pages.WriteExcel.demoKey is PASSED

2024-05-18 16:27:23 - [MESSAGE][PASSED] - pages.WriteExcel.demoKey is PASSED

2024-05-18 16:27:23 - [TEST_STEP][PASSED] - sdfo = getText(findTestObject("Object Repository/Page_VLinkReceipt/pre_STX")): Text of object 'Object Repository/Page_VLinkReceipt/pre_STX' is: '<STX>jqJ9zI2IzxuY                  12153275            0  Transaction approved, no errors                   0                                                                                  Y OK8768   <ETX>'

2024-05-18 16:27:24 - [MESSAGE][PASSED] - Text of object 'Object Repository/Page_VLinkReceipt/pre_STX' is: '<STX>jqJ9zI2IzxuY                  12153275            0  Transaction approved, no errors                   0                                                                                  Y OK8768   <ETX>'

2024-05-18 16:27:24 - [TEST_STEP][PASSED] - out.println("sdfo: " + sdfo): null

2024-05-18 16:27:24 - [TEST_STEP][PASSED] - remID = substring(5, 35).trim(): null

2024-05-18 16:27:24 - [TEST_STEP][PASSED] - out.println("Remittance ID: " + remID): null

2024-05-18 16:27:24 - [TEST_STEP][PASSED] - traxID = substring(35, 55).trim(): null

2024-05-18 16:27:24 - [TEST_STEP][PASSED] - out.println("Transaction ID: " + traxID): null

2024-05-18 16:27:24 - [TEST_STEP][PASSED] - out.println("End Record Number: " + row): null

2024-05-18 16:27:24 - [TEST_STEP][PASSED] - closeBrowser(): Browser is closed

2024-05-18 16:27:25 - [MESSAGE][PASSED] - Browser is closed

2024-05-18 16:27:25 - [TEST_STEP][PASSED] - ExecuteTC = findTestData(dataFile).getValue("Execute", row): null

2024-05-18 16:27:25 - [TEST_STEP][PASSED] - out.println("Value of Execute is : " + ExecuteTC): null

2024-05-18 16:27:25 - [TEST_STEP][PASSED] - if (ExecuteTC.equalsIgnoreCase("Y")): Browser is closed

2024-05-18 16:27:25 - [TEST_STEP][PASSED] - out.println("Begin Record Number: " + row): null

2024-05-18 16:27:25 - [TEST_STEP][PASSED] - today = new java.util.Date(): null

2024-05-18 16:27:25 - [TEST_STEP][PASSED] - println(today): null

2024-05-18 16:27:25 - [TEST_STEP][PASSED] - datText = today: null

2024-05-18 16:27:25 - [TEST_STEP][PASSED] - openBrowser(VLinkURL + "authcap.html"): Browser is opened with url: 'https://dev-algorithm.govolution.com/vlinktest/QA2/version_2_0/authcap.html'

2024-05-18 16:27:25 - [MESSAGE][INFO] - Starting 'Chrome' driver

2024-05-18 16:27:25 - [MESSAGE][INFO] - User set preference: ['acceptInsecureCerts', 'true']

2024-05-18 16:27:25 - [MESSAGE][INFO] - Action delay is set to 0 milliseconds

2024-05-18 16:27:27 - [MESSAGE][PASSED] - Browser is opened with url: 'https://dev-algorithm.govolution.com/vlinktest/QA2/version_2_0/authcap.html'

2024-05-18 16:27:27 - [TEST_STEP][PASSED] - maximizeWindow(): Current window maximized

2024-05-18 16:27:28 - [MESSAGE][PASSED] - Current window maximized

2024-05-18 16:27:28 - [TEST_STEP][PASSED] - vlinkPages.saleCCPage.setDataSCC(row, dataFile): vlinkPages.saleCCPage.setDataSCC is PASSED

2024-05-18 16:27:31 - [MESSAGE][PASSED] - Object 'Object Repository/VLink/Page_CCSale/txt_CardNumber' is present

2024-05-18 16:27:31 - [MESSAGE][PASSED] - Text '104' is set on object 'Object Repository/VLink/Page_CCSale/txt_TransactionType'

2024-05-18 16:27:32 - [MESSAGE][PASSED] - Text '2.0C' is set on object 'Object Repository/VLink/Page_CCSale/txt_MessageVersion'

2024-05-18 16:27:33 - [MESSAGE][PASSED] - Text '1SMYgOyGAqOC' is set on object 'Object Repository/VLink/Page_CCSale/txt_RemID'

2024-05-18 16:27:33 - [MESSAGE][PASSED] - Text '665' is set on object 'Object Repository/VLink/Page_CCSale/txt_ApplicationId'

2024-05-18 16:27:34 - [MESSAGE][PASSED] - Text 'username' is set on object 'Object Repository/VLink/Page_CCSale/txt_Username'

2024-05-18 16:27:35 - [MESSAGE][PASSED] - Text 'password' is set on object 'Object Repository/VLink/Page_CCSale/txt_Password'

2024-05-18 16:27:35 - [MESSAGE][PASSED] - Text 'fixed_width' is set on object 'Object Repository/VLink/Page_CCSale/txt_ResponseFormat'

2024-05-18 16:27:36 - [MESSAGE][PASSED] - Text 'ECOM' is set on object 'Object Repository/VLink/Page_CCSale/txt_Category'

2024-05-18 16:27:37 - [MESSAGE][PASSED] - Text '' is set on object 'Object Repository/VLink/Page_CCSale/txt_TransactionID'

2024-05-18 16:27:37 - [MESSAGE][PASSED] - Text '' is set on object 'Object Repository/VLink/Page_CCSale/txt_ApprovalCode'

2024-05-18 16:27:38 - [MESSAGE][PASSED] - Text 'Roshan Maha' is set on object 'Object Repository/VLink/Page_CCSale/txt_CardName'

2024-05-18 16:27:39 - [MESSAGE][PASSED] - Text '12563 Bazaar road' is set on object 'Object Repository/VLink/Page_CCSale/txt_AL1'

2024-05-18 16:27:39 - [MESSAGE][PASSED] - Text '' is set on object 'Object Repository/VLink/Page_CCSale/txt_AL2'

2024-05-18 16:27:40 - [MESSAGE][PASSED] - Text 'Crofton' is set on object 'Object Repository/VLink/Page_CCSale/txt_CardCity'

2024-05-18 16:27:41 - [MESSAGE][PASSED] - Text 'MD' is set on object 'Object Repository/VLink/Page_CCSale/txt_CardState'

2024-05-18 16:27:42 - [MESSAGE][PASSED] - Text '21114' is set on object 'Object Repository/VLink/Page_CCSale/txt_CardZIP'

2024-05-18 16:27:42 - [MESSAGE][PASSED] - Text '' is set on object 'Object Repository/VLink/Page_CCSale/txt_CountryID'

2024-05-18 16:27:43 - [MESSAGE][PASSED] - Text '3.50' is set on object 'Object Repository/VLink/Page_CCSale/txt_Amount'

2024-05-18 16:27:44 - [MESSAGE][PASSED] - Text '4111111111111111' is set on object 'Object Repository/VLink/Page_CCSale/txt_CardNumber'

2024-05-18 16:27:44 - [MESSAGE][PASSED] - Text '01' is set on object 'Object Repository/VLink/Page_CCSale/txt_ExpMonth'

2024-05-18 16:27:45 - [MESSAGE][PASSED] - Text '2026' is set on object 'Object Repository/VLink/Page_CCSale/txt_ExpYear'

2024-05-18 16:27:46 - [MESSAGE][PASSED] - Text '' is set on object 'Object Repository/VLink/Page_CCSale/txt_CVV'

2024-05-18 16:27:46 - [MESSAGE][PASSED] - Text '' is set on object 'Object Repository/VLink/Page_CCSale/txt_CVVstate'

2024-05-18 16:27:47 - [MESSAGE][PASSED] - Text '' is set on object 'Object Repository/VLink/Page_CCSale/txt_TrackData'

2024-05-18 16:27:48 - [MESSAGE][PASSED] - Text '' is set on object 'Object Repository/VLink/Page_CCSale/txt_Track1Data'

2024-05-18 16:27:49 - [MESSAGE][PASSED] - Text '' is set on object 'Object Repository/VLink/Page_CCSale/txt_Track2Data'

2024-05-18 16:27:49 - [MESSAGE][PASSED] - Text 'manual' is set on object 'Object Repository/VLink/Page_CCSale/txt_POSEntryMode'

2024-05-18 16:27:50 - [MESSAGE][PASSED] - Text '' is set on object 'Object Repository/VLink/Page_CCSale/txt_Email'

2024-05-18 16:27:51 - [MESSAGE][PASSED] - Text '' is set on object 'Object Repository/VLink/Page_CCSale/txt_OrderNumber'

2024-05-18 16:27:51 - [MESSAGE][PASSED] - Text '' is set on object 'Object Repository/VLink/Page_CCSale/txt_TaxAmount'

2024-05-18 16:27:52 - [MESSAGE][PASSED] - Text '' is set on object 'Object Repository/VLink/Page_CCSale/txt_ChargeDescription'

2024-05-18 16:27:53 - [MESSAGE][PASSED] - Text '' is set on object 'Object Repository/VLink/Page_CCSale/txt_CAN'

2024-05-18 16:27:53 - [MESSAGE][PASSED] - Text '' is set on object 'Object Repository/VLink/Page_CCSale/txt_BillPaymentIndicator'

2024-05-18 16:27:54 - [MESSAGE][PASSED] - Text '' is set on object 'Object Repository/VLink/Page_CCSale/txt_UDF1'

2024-05-18 16:27:55 - [MESSAGE][PASSED] - Text '' is set on object 'Object Repository/VLink/Page_CCSale/txt_UDF2'

2024-05-18 16:27:55 - [MESSAGE][PASSED] - Text '' is set on object 'Object Repository/VLink/Page_CCSale/txt_UDF3'

2024-05-18 16:27:56 - [MESSAGE][PASSED] - Text '' is set on object 'Object Repository/VLink/Page_CCSale/txt_UDF4'

2024-05-18 16:27:57 - [MESSAGE][PASSED] - Text '' is set on object 'Object Repository/VLink/Page_CCSale/txt_UDF5'

2024-05-18 16:27:57 - [MESSAGE][PASSED] - Text '' is set on object 'Object Repository/VLink/Page_CCSale/txt_UDF6'

2024-05-18 16:27:58 - [MESSAGE][PASSED] - Text '' is set on object 'Object Repository/VLink/Page_CCSale/txt_UDF7'

2024-05-18 16:27:59 - [MESSAGE][PASSED] - Text '' is set on object 'Object Repository/VLink/Page_CCSale/txt_UDF8'

2024-05-18 16:27:59 - [MESSAGE][PASSED] - Text '' is set on object 'Object Repository/VLink/Page_CCSale/txt_UDF9'

2024-05-18 16:28:00 - [MESSAGE][PASSED] - Text '' is set on object 'Object Repository/VLink/Page_CCSale/txt_UDF10'

2024-05-18 16:28:03 - [MESSAGE][PASSED] - Object: 'Object Repository/VLink/Page_CCSale/btn_ProcessVLinkTransaction' is clicked on

2024-05-18 16:28:08 - [MESSAGE][PASSED] - vlinkPages.saleCCPage.setDataSCC is PASSED

2024-05-18 16:28:08 - [TEST_STEP][PASSED] - if (verifyTextPresent("Transaction approved, no errors", true)): null

2024-05-18 16:28:08 - [MESSAGE][PASSED] - Text 'Transaction approved, no errors' is present on page  using regular expression

2024-05-18 16:28:08 - [TEST_STEP][PASSED] - println("Transaction Approved, no errors text is present on the Confirmation page"): null

2024-05-18 16:28:08 - [TEST_STEP][PASSED] - out.println("Pass Record Number: " + row): null

2024-05-18 16:28:08 - [TEST_STEP][PASSED] - resText = "Pass": null

2024-05-18 16:28:08 - [TEST_STEP][PASSED] - pages.WriteExcel.demoKey(resText, datText, resColumn, datCloumn, fileLoc, nameSheet, row): pages.WriteExcel.demoKey is PASSED

2024-05-18 16:28:08 - [MESSAGE][PASSED] - pages.WriteExcel.demoKey is PASSED

2024-05-18 16:28:08 - [TEST_STEP][PASSED] - sdfo = getText(findTestObject("Object Repository/Page_VLinkReceipt/pre_STX")): Text of object 'Object Repository/Page_VLinkReceipt/pre_STX' is: '<STX>1SMYgOyGAqOC                  12153276            0  Transaction approved, no errors                   0                                                                                  XXOK9121   <ETX>'

2024-05-18 16:28:09 - [MESSAGE][PASSED] - Text of object 'Object Repository/Page_VLinkReceipt/pre_STX' is: '<STX>1SMYgOyGAqOC                  12153276            0  Transaction approved, no errors                   0                                                                                  XXOK9121   <ETX>'

2024-05-18 16:28:09 - [TEST_STEP][PASSED] - out.println("sdfo: " + sdfo): null

2024-05-18 16:28:09 - [TEST_STEP][PASSED] - remID = substring(5, 35).trim(): null

2024-05-18 16:28:09 - [TEST_STEP][PASSED] - out.println("Remittance ID: " + remID): null

2024-05-18 16:28:09 - [TEST_STEP][PASSED] - traxID = substring(35, 55).trim(): null

2024-05-18 16:28:09 - [TEST_STEP][PASSED] - out.println("Transaction ID: " + traxID): null

2024-05-18 16:28:09 - [TEST_STEP][PASSED] - out.println("End Record Number: " + row): null

2024-05-18 16:28:09 - [TEST_STEP][PASSED] - closeBrowser(): Browser is closed

2024-05-18 16:28:10 - [MESSAGE][PASSED] - Browser is closed

2024-05-18 16:28:10 - [TEST_STEP][PASSED] - ExecuteTC = findTestData(dataFile).getValue("Execute", row): null

2024-05-18 16:28:10 - [TEST_STEP][PASSED] - out.println("Value of Execute is : " + ExecuteTC): null

2024-05-18 16:28:10 - [TEST_STEP][PASSED] - if (ExecuteTC.equalsIgnoreCase("Y")): Browser is closed

2024-05-18 16:28:10 - [TEST_STEP][PASSED] - out.println("Begin Record Number: " + row): null

2024-05-18 16:28:10 - [TEST_STEP][PASSED] - today = new java.util.Date(): null

2024-05-18 16:28:10 - [TEST_STEP][PASSED] - println(today): null

2024-05-18 16:28:10 - [TEST_STEP][PASSED] - datText = today: null

2024-05-18 16:28:10 - [TEST_STEP][PASSED] - openBrowser(VLinkURL + "authcap.html"): Browser is opened with url: 'https://dev-algorithm.govolution.com/vlinktest/QA2/version_2_0/authcap.html'

2024-05-18 16:28:10 - [MESSAGE][INFO] - Starting 'Chrome' driver

2024-05-18 16:28:10 - [MESSAGE][INFO] - User set preference: ['acceptInsecureCerts', 'true']

2024-05-18 16:28:10 - [MESSAGE][INFO] - Action delay is set to 0 milliseconds

2024-05-18 16:28:12 - [MESSAGE][PASSED] - Browser is opened with url: 'https://dev-algorithm.govolution.com/vlinktest/QA2/version_2_0/authcap.html'

2024-05-18 16:28:12 - [TEST_STEP][PASSED] - maximizeWindow(): Current window maximized

2024-05-18 16:28:12 - [MESSAGE][PASSED] - Current window maximized

2024-05-18 16:28:12 - [TEST_STEP][PASSED] - vlinkPages.saleCCPage.setDataSCC(row, dataFile): vlinkPages.saleCCPage.setDataSCC is PASSED

2024-05-18 16:28:15 - [MESSAGE][PASSED] - Object 'Object Repository/VLink/Page_CCSale/txt_CardNumber' is present

2024-05-18 16:28:16 - [MESSAGE][PASSED] - Text '104' is set on object 'Object Repository/VLink/Page_CCSale/txt_TransactionType'

2024-05-18 16:28:17 - [MESSAGE][PASSED] - Text '2.0C' is set on object 'Object Repository/VLink/Page_CCSale/txt_MessageVersion'

2024-05-18 16:28:17 - [MESSAGE][PASSED] - Text 'DeDzsQX7HauP' is set on object 'Object Repository/VLink/Page_CCSale/txt_RemID'

2024-05-18 16:28:18 - [MESSAGE][PASSED] - Text '665' is set on object 'Object Repository/VLink/Page_CCSale/txt_ApplicationId'

2024-05-18 16:28:19 - [MESSAGE][PASSED] - Text 'username' is set on object 'Object Repository/VLink/Page_CCSale/txt_Username'

2024-05-18 16:28:19 - [MESSAGE][PASSED] - Text 'password' is set on object 'Object Repository/VLink/Page_CCSale/txt_Password'

2024-05-18 16:28:20 - [MESSAGE][PASSED] - Text 'fixed_width' is set on object 'Object Repository/VLink/Page_CCSale/txt_ResponseFormat'

2024-05-18 16:28:21 - [MESSAGE][PASSED] - Text 'ECOM' is set on object 'Object Repository/VLink/Page_CCSale/txt_Category'

2024-05-18 16:28:22 - [MESSAGE][PASSED] - Text '' is set on object 'Object Repository/VLink/Page_CCSale/txt_TransactionID'

2024-05-18 16:28:22 - [MESSAGE][PASSED] - Text '' is set on object 'Object Repository/VLink/Page_CCSale/txt_ApprovalCode'

2024-05-18 16:28:23 - [MESSAGE][PASSED] - Text 'Kris Roshan' is set on object 'Object Repository/VLink/Page_CCSale/txt_CardName'

2024-05-18 16:28:24 - [MESSAGE][PASSED] - Text '258 Elm Road' is set on object 'Object Repository/VLink/Page_CCSale/txt_AL1'

2024-05-18 16:28:24 - [MESSAGE][PASSED] - Text 'Suite 56' is set on object 'Object Repository/VLink/Page_CCSale/txt_AL2'

2024-05-18 16:28:25 - [MESSAGE][PASSED] - Text 'Arlington' is set on object 'Object Repository/VLink/Page_CCSale/txt_CardCity'

2024-05-18 16:28:26 - [MESSAGE][PASSED] - Text 'VA' is set on object 'Object Repository/VLink/Page_CCSale/txt_CardState'

2024-05-18 16:28:27 - [MESSAGE][PASSED] - Text '22201' is set on object 'Object Repository/VLink/Page_CCSale/txt_CardZIP'

2024-05-18 16:28:27 - [MESSAGE][PASSED] - Text '840' is set on object 'Object Repository/VLink/Page_CCSale/txt_CountryID'

2024-05-18 16:28:28 - [MESSAGE][PASSED] - Text '1.50' is set on object 'Object Repository/VLink/Page_CCSale/txt_Amount'

2024-05-18 16:28:29 - [MESSAGE][PASSED] - Text '5424000000000015' is set on object 'Object Repository/VLink/Page_CCSale/txt_CardNumber'

2024-05-18 16:28:29 - [MESSAGE][PASSED] - Text '12' is set on object 'Object Repository/VLink/Page_CCSale/txt_ExpMonth'

2024-05-18 16:28:30 - [MESSAGE][PASSED] - Text '2025' is set on object 'Object Repository/VLink/Page_CCSale/txt_ExpYear'

2024-05-18 16:28:31 - [MESSAGE][PASSED] - Text '' is set on object 'Object Repository/VLink/Page_CCSale/txt_CVV'

2024-05-18 16:28:31 - [MESSAGE][PASSED] - Text '' is set on object 'Object Repository/VLink/Page_CCSale/txt_CVVstate'

2024-05-18 16:28:32 - [MESSAGE][PASSED] - Text '' is set on object 'Object Repository/VLink/Page_CCSale/txt_TrackData'

2024-05-18 16:28:33 - [MESSAGE][PASSED] - Text '' is set on object 'Object Repository/VLink/Page_CCSale/txt_Track1Data'

2024-05-18 16:28:33 - [MESSAGE][PASSED] - Text '' is set on object 'Object Repository/VLink/Page_CCSale/txt_Track2Data'

2024-05-18 16:28:34 - [MESSAGE][PASSED] - Text 'manual' is set on object 'Object Repository/VLink/Page_CCSale/txt_POSEntryMode'

2024-05-18 16:28:35 - [MESSAGE][PASSED] - Text 'iahmed@govolution.com' is set on object 'Object Repository/VLink/Page_CCSale/txt_Email'

2024-05-18 16:28:35 - [MESSAGE][PASSED] - Text '2569362' is set on object 'Object Repository/VLink/Page_CCSale/txt_OrderNumber'

2024-05-18 16:28:36 - [MESSAGE][PASSED] - Text '1.15' is set on object 'Object Repository/VLink/Page_CCSale/txt_TaxAmount'

2024-05-18 16:28:37 - [MESSAGE][PASSED] - Text 'Charge Description' is set on object 'Object Repository/VLink/Page_CCSale/txt_ChargeDescription'

2024-05-18 16:28:38 - [MESSAGE][PASSED] - Text '147357' is set on object 'Object Repository/VLink/Page_CCSale/txt_CAN'

2024-05-18 16:28:38 - [MESSAGE][PASSED] - Text '1' is set on object 'Object Repository/VLink/Page_CCSale/txt_BillPaymentIndicator'

2024-05-18 16:28:39 - [MESSAGE][PASSED] - Text 'UDF Data 1' is set on object 'Object Repository/VLink/Page_CCSale/txt_UDF1'

2024-05-18 16:28:40 - [MESSAGE][PASSED] - Text 'UDF Data 2' is set on object 'Object Repository/VLink/Page_CCSale/txt_UDF2'

2024-05-18 16:28:40 - [MESSAGE][PASSED] - Text 'UDF Data 3' is set on object 'Object Repository/VLink/Page_CCSale/txt_UDF3'

2024-05-18 16:28:41 - [MESSAGE][PASSED] - Text 'UDF Data 4' is set on object 'Object Repository/VLink/Page_CCSale/txt_UDF4'

2024-05-18 16:28:42 - [MESSAGE][PASSED] - Text 'UDF Data 5' is set on object 'Object Repository/VLink/Page_CCSale/txt_UDF5'

2024-05-18 16:28:43 - [MESSAGE][PASSED] - Text 'UDF Data 6' is set on object 'Object Repository/VLink/Page_CCSale/txt_UDF6'

2024-05-18 16:28:43 - [MESSAGE][PASSED] - Text 'UDF Data 7' is set on object 'Object Repository/VLink/Page_CCSale/txt_UDF7'

2024-05-18 16:28:44 - [MESSAGE][PASSED] - Text 'UDF Data 8' is set on object 'Object Repository/VLink/Page_CCSale/txt_UDF8'

2024-05-18 16:28:45 - [MESSAGE][PASSED] - Text 'UDF Data 9' is set on object 'Object Repository/VLink/Page_CCSale/txt_UDF9'

2024-05-18 16:28:45 - [MESSAGE][PASSED] - Text 'UDF Data 10' is set on object 'Object Repository/VLink/Page_CCSale/txt_UDF10'

2024-05-18 16:28:47 - [MESSAGE][PASSED] - Object: 'Object Repository/VLink/Page_CCSale/btn_ProcessVLinkTransaction' is clicked on

2024-05-18 16:28:52 - [MESSAGE][PASSED] - vlinkPages.saleCCPage.setDataSCC is PASSED

2024-05-18 16:28:52 - [TEST_STEP][PASSED] - if (verifyTextPresent("Transaction approved, no errors", true)): null

2024-05-18 16:28:52 - [MESSAGE][PASSED] - Text 'Transaction approved, no errors' is present on page  using regular expression

2024-05-18 16:28:52 - [TEST_STEP][PASSED] - println("Transaction Approved, no errors text is present on the Confirmation page"): null

2024-05-18 16:28:52 - [TEST_STEP][PASSED] - out.println("Pass Record Number: " + row): null

2024-05-18 16:28:52 - [TEST_STEP][PASSED] - resText = "Pass": null

2024-05-18 16:28:52 - [TEST_STEP][PASSED] - pages.WriteExcel.demoKey(resText, datText, resColumn, datCloumn, fileLoc, nameSheet, row): pages.WriteExcel.demoKey is PASSED

2024-05-18 16:28:53 - [MESSAGE][PASSED] - pages.WriteExcel.demoKey is PASSED

2024-05-18 16:28:53 - [TEST_STEP][PASSED] - sdfo = getText(findTestObject("Object Repository/Page_VLinkReceipt/pre_STX")): Text of object 'Object Repository/Page_VLinkReceipt/pre_STX' is: '<STX>DeDzsQX7HauP                  12153277            0  Transaction approved, no errors                   0                                                                                  XXOK7357   <ETX>'

2024-05-18 16:28:53 - [MESSAGE][PASSED] - Text of object 'Object Repository/Page_VLinkReceipt/pre_STX' is: '<STX>DeDzsQX7HauP                  12153277            0  Transaction approved, no errors                   0                                                                                  XXOK7357   <ETX>'

2024-05-18 16:28:53 - [TEST_STEP][PASSED] - out.println("sdfo: " + sdfo): null

2024-05-18 16:28:53 - [TEST_STEP][PASSED] - remID = substring(5, 35).trim(): null

2024-05-18 16:28:53 - [TEST_STEP][PASSED] - out.println("Remittance ID: " + remID): null

2024-05-18 16:28:53 - [TEST_STEP][PASSED] - traxID = substring(35, 55).trim(): null

2024-05-18 16:28:53 - [TEST_STEP][PASSED] - out.println("Transaction ID: " + traxID): null

2024-05-18 16:28:53 - [TEST_STEP][PASSED] - out.println("End Record Number: " + row): null

2024-05-18 16:28:53 - [TEST_STEP][PASSED] - closeBrowser(): Browser is closed

2024-05-18 16:28:54 - [MESSAGE][PASSED] - Browser is closed

2024-05-18 16:28:54 - [TEST_STEP][PASSED] - ExecuteTC = findTestData(dataFile).getValue("Execute", row): null

2024-05-18 16:28:54 - [TEST_STEP][PASSED] - out.println("Value of Execute is : " + ExecuteTC): null

2024-05-18 16:28:54 - [TEST_STEP][PASSED] - if (ExecuteTC.equalsIgnoreCase("Y")): Browser is closed

2024-05-18 16:28:54 - [TEST_STEP][PASSED] - out.println("Begin Record Number: " + row): null

2024-05-18 16:28:54 - [TEST_STEP][PASSED] - today = new java.util.Date(): null

2024-05-18 16:28:54 - [TEST_STEP][PASSED] - println(today): null

2024-05-18 16:28:54 - [TEST_STEP][PASSED] - datText = today: null

2024-05-18 16:28:54 - [TEST_STEP][PASSED] - openBrowser(VLinkURL + "authcap.html"): Browser is opened with url: 'https://dev-algorithm.govolution.com/vlinktest/QA2/version_2_0/authcap.html'

2024-05-18 16:28:54 - [MESSAGE][INFO] - Starting 'Chrome' driver

2024-05-18 16:28:54 - [MESSAGE][INFO] - User set preference: ['acceptInsecureCerts', 'true']

2024-05-18 16:28:54 - [MESSAGE][INFO] - Action delay is set to 0 milliseconds

2024-05-18 16:28:56 - [MESSAGE][PASSED] - Browser is opened with url: 'https://dev-algorithm.govolution.com/vlinktest/QA2/version_2_0/authcap.html'

2024-05-18 16:28:56 - [TEST_STEP][PASSED] - maximizeWindow(): Current window maximized

2024-05-18 16:28:56 - [MESSAGE][PASSED] - Current window maximized

2024-05-18 16:28:56 - [TEST_STEP][PASSED] - vlinkPages.saleCCPage.setDataSCC(row, dataFile): vlinkPages.saleCCPage.setDataSCC is PASSED

2024-05-18 16:29:00 - [MESSAGE][PASSED] - Object 'Object Repository/VLink/Page_CCSale/txt_CardNumber' is present

2024-05-18 16:29:00 - [MESSAGE][PASSED] - Text '104' is set on object 'Object Repository/VLink/Page_CCSale/txt_TransactionType'

2024-05-18 16:29:01 - [MESSAGE][PASSED] - Text '2.0C' is set on object 'Object Repository/VLink/Page_CCSale/txt_MessageVersion'

2024-05-18 16:29:02 - [MESSAGE][PASSED] - Text '4ToemSkswBFO' is set on object 'Object Repository/VLink/Page_CCSale/txt_RemID'

2024-05-18 16:29:02 - [MESSAGE][PASSED] - Text '665' is set on object 'Object Repository/VLink/Page_CCSale/txt_ApplicationId'

2024-05-18 16:29:03 - [MESSAGE][PASSED] - Text 'username' is set on object 'Object Repository/VLink/Page_CCSale/txt_Username'

2024-05-18 16:29:04 - [MESSAGE][PASSED] - Text 'password' is set on object 'Object Repository/VLink/Page_CCSale/txt_Password'

2024-05-18 16:29:04 - [MESSAGE][PASSED] - Text 'fixed_width' is set on object 'Object Repository/VLink/Page_CCSale/txt_ResponseFormat'

2024-05-18 16:29:05 - [MESSAGE][PASSED] - Text 'ECOM' is set on object 'Object Repository/VLink/Page_CCSale/txt_Category'

2024-05-18 16:29:06 - [MESSAGE][PASSED] - Text '' is set on object 'Object Repository/VLink/Page_CCSale/txt_TransactionID'

2024-05-18 16:29:06 - [MESSAGE][PASSED] - Text '' is set on object 'Object Repository/VLink/Page_CCSale/txt_ApprovalCode'

2024-05-18 16:29:07 - [MESSAGE][PASSED] - Text 'Roshan Maha' is set on object 'Object Repository/VLink/Page_CCSale/txt_CardName'

2024-05-18 16:29:08 - [MESSAGE][PASSED] - Text '12563 Bazaar road' is set on object 'Object Repository/VLink/Page_CCSale/txt_AL1'

2024-05-18 16:29:08 - [MESSAGE][PASSED] - Text '' is set on object 'Object Repository/VLink/Page_CCSale/txt_AL2'

2024-05-18 16:29:09 - [MESSAGE][PASSED] - Text 'Crofton' is set on object 'Object Repository/VLink/Page_CCSale/txt_CardCity'

2024-05-18 16:29:10 - [MESSAGE][PASSED] - Text 'MD' is set on object 'Object Repository/VLink/Page_CCSale/txt_CardState'

2024-05-18 16:29:11 - [MESSAGE][PASSED] - Text '21114' is set on object 'Object Repository/VLink/Page_CCSale/txt_CardZIP'

2024-05-18 16:29:11 - [MESSAGE][PASSED] - Text '' is set on object 'Object Repository/VLink/Page_CCSale/txt_CountryID'

2024-05-18 16:29:12 - [MESSAGE][PASSED] - Text '3.50' is set on object 'Object Repository/VLink/Page_CCSale/txt_Amount'

2024-05-18 16:29:13 - [MESSAGE][PASSED] - Text '370000000000002' is set on object 'Object Repository/VLink/Page_CCSale/txt_CardNumber'

2024-05-18 16:29:13 - [MESSAGE][PASSED] - Text '01' is set on object 'Object Repository/VLink/Page_CCSale/txt_ExpMonth'

2024-05-18 16:29:14 - [MESSAGE][PASSED] - Text '2026' is set on object 'Object Repository/VLink/Page_CCSale/txt_ExpYear'

2024-05-18 16:29:15 - [MESSAGE][PASSED] - Text '' is set on object 'Object Repository/VLink/Page_CCSale/txt_CVV'

2024-05-18 16:29:16 - [MESSAGE][PASSED] - Text '' is set on object 'Object Repository/VLink/Page_CCSale/txt_CVVstate'

2024-05-18 16:29:16 - [MESSAGE][PASSED] - Text '' is set on object 'Object Repository/VLink/Page_CCSale/txt_TrackData'

2024-05-18 16:29:17 - [MESSAGE][PASSED] - Text '' is set on object 'Object Repository/VLink/Page_CCSale/txt_Track1Data'

2024-05-18 16:29:18 - [MESSAGE][PASSED] - Text '' is set on object 'Object Repository/VLink/Page_CCSale/txt_Track2Data'

2024-05-18 16:29:18 - [MESSAGE][PASSED] - Text 'manual' is set on object 'Object Repository/VLink/Page_CCSale/txt_POSEntryMode'

2024-05-18 16:29:19 - [MESSAGE][PASSED] - Text '' is set on object 'Object Repository/VLink/Page_CCSale/txt_Email'

2024-05-18 16:29:20 - [MESSAGE][PASSED] - Text '' is set on object 'Object Repository/VLink/Page_CCSale/txt_OrderNumber'

2024-05-18 16:29:20 - [MESSAGE][PASSED] - Text '' is set on object 'Object Repository/VLink/Page_CCSale/txt_TaxAmount'

2024-05-18 16:29:21 - [MESSAGE][PASSED] - Text '' is set on object 'Object Repository/VLink/Page_CCSale/txt_ChargeDescription'

2024-05-18 16:29:22 - [MESSAGE][PASSED] - Text '' is set on object 'Object Repository/VLink/Page_CCSale/txt_CAN'

2024-05-18 16:29:23 - [MESSAGE][PASSED] - Text '' is set on object 'Object Repository/VLink/Page_CCSale/txt_BillPaymentIndicator'

2024-05-18 16:29:23 - [MESSAGE][PASSED] - Text '' is set on object 'Object Repository/VLink/Page_CCSale/txt_UDF1'

2024-05-18 16:29:24 - [MESSAGE][PASSED] - Text '' is set on object 'Object Repository/VLink/Page_CCSale/txt_UDF2'

2024-05-18 16:29:25 - [MESSAGE][PASSED] - Text '' is set on object 'Object Repository/VLink/Page_CCSale/txt_UDF3'

2024-05-18 16:29:25 - [MESSAGE][PASSED] - Text '' is set on object 'Object Repository/VLink/Page_CCSale/txt_UDF4'

2024-05-18 16:29:26 - [MESSAGE][PASSED] - Text '' is set on object 'Object Repository/VLink/Page_CCSale/txt_UDF5'

2024-05-18 16:29:27 - [MESSAGE][PASSED] - Text '' is set on object 'Object Repository/VLink/Page_CCSale/txt_UDF6'

2024-05-18 16:29:27 - [MESSAGE][PASSED] - Text '' is set on object 'Object Repository/VLink/Page_CCSale/txt_UDF7'

2024-05-18 16:29:28 - [MESSAGE][PASSED] - Text '' is set on object 'Object Repository/VLink/Page_CCSale/txt_UDF8'

2024-05-18 16:29:29 - [MESSAGE][PASSED] - Text '' is set on object 'Object Repository/VLink/Page_CCSale/txt_UDF9'

2024-05-18 16:29:29 - [MESSAGE][PASSED] - Text '' is set on object 'Object Repository/VLink/Page_CCSale/txt_UDF10'

2024-05-18 16:29:32 - [MESSAGE][PASSED] - Object: 'Object Repository/VLink/Page_CCSale/btn_ProcessVLinkTransaction' is clicked on

2024-05-18 16:29:37 - [MESSAGE][PASSED] - vlinkPages.saleCCPage.setDataSCC is PASSED

2024-05-18 16:29:37 - [TEST_STEP][PASSED] - if (verifyTextPresent("Transaction approved, no errors", true)): null

2024-05-18 16:29:37 - [MESSAGE][PASSED] - Text 'Transaction approved, no errors' is present on page  using regular expression

2024-05-18 16:29:37 - [TEST_STEP][PASSED] - println("Transaction Approved, no errors text is present on the Confirmation page"): null

2024-05-18 16:29:37 - [TEST_STEP][PASSED] - out.println("Pass Record Number: " + row): null

2024-05-18 16:29:37 - [TEST_STEP][PASSED] - resText = "Pass": null

2024-05-18 16:29:37 - [TEST_STEP][PASSED] - pages.WriteExcel.demoKey(resText, datText, resColumn, datCloumn, fileLoc, nameSheet, row): pages.WriteExcel.demoKey is PASSED

2024-05-18 16:29:38 - [MESSAGE][PASSED] - pages.WriteExcel.demoKey is PASSED

2024-05-18 16:29:38 - [TEST_STEP][PASSED] - sdfo = getText(findTestObject("Object Repository/Page_VLinkReceipt/pre_STX")): Text of object 'Object Repository/Page_VLinkReceipt/pre_STX' is: '<STX>4ToemSkswBFO                  12153278            0  Transaction approved, no errors                   0                                                                                  X OK9151   <ETX>'

2024-05-18 16:29:38 - [MESSAGE][PASSED] - Text of object 'Object Repository/Page_VLinkReceipt/pre_STX' is: '<STX>4ToemSkswBFO                  12153278            0  Transaction approved, no errors                   0                                                                                  X OK9151   <ETX>'

2024-05-18 16:29:38 - [TEST_STEP][PASSED] - out.println("sdfo: " + sdfo): null

2024-05-18 16:29:38 - [TEST_STEP][PASSED] - remID = substring(5, 35).trim(): null

2024-05-18 16:29:38 - [TEST_STEP][PASSED] - out.println("Remittance ID: " + remID): null

2024-05-18 16:29:38 - [TEST_STEP][PASSED] - traxID = substring(35, 55).trim(): null

2024-05-18 16:29:38 - [TEST_STEP][PASSED] - out.println("Transaction ID: " + traxID): null

2024-05-18 16:29:38 - [TEST_STEP][PASSED] - out.println("End Record Number: " + row): null

2024-05-18 16:29:38 - [TEST_STEP][PASSED] - closeBrowser(): Browser is closed

2024-05-18 16:29:39 - [MESSAGE][PASSED] - Browser is closed

2024-05-18 16:29:39 - [TEST_STEP][PASSED] - ExecuteTC = findTestData(dataFile).getValue("Execute", row): null

2024-05-18 16:29:39 - [TEST_STEP][PASSED] - out.println("Value of Execute is : " + ExecuteTC): null

2024-05-18 16:29:39 - [TEST_STEP][PASSED] - if (ExecuteTC.equalsIgnoreCase("Y")): Browser is closed

2024-05-18 16:29:39 - [TEST_STEP][PASSED] - out.println("Begin Record Number: " + row): null

2024-05-18 16:29:39 - [TEST_STEP][PASSED] - today = new java.util.Date(): null

2024-05-18 16:29:39 - [TEST_STEP][PASSED] - println(today): null

2024-05-18 16:29:39 - [TEST_STEP][PASSED] - datText = today: null

2024-05-18 16:29:39 - [TEST_STEP][PASSED] - openBrowser(VLinkURL + "authcap.html"): Browser is opened with url: 'https://dev-algorithm.govolution.com/vlinktest/QA2/version_2_0/authcap.html'

2024-05-18 16:29:39 - [MESSAGE][INFO] - Starting 'Chrome' driver

2024-05-18 16:29:39 - [MESSAGE][INFO] - User set preference: ['acceptInsecureCerts', 'true']

2024-05-18 16:29:39 - [MESSAGE][INFO] - Action delay is set to 0 milliseconds

2024-05-18 16:29:41 - [MESSAGE][PASSED] - Browser is opened with url: 'https://dev-algorithm.govolution.com/vlinktest/QA2/version_2_0/authcap.html'

2024-05-18 16:29:41 - [TEST_STEP][PASSED] - maximizeWindow(): Current window maximized

2024-05-18 16:29:41 - [MESSAGE][PASSED] - Current window maximized

2024-05-18 16:29:41 - [TEST_STEP][PASSED] - vlinkPages.saleCCPage.setDataSCC(row, dataFile): vlinkPages.saleCCPage.setDataSCC is PASSED

2024-05-18 16:29:44 - [MESSAGE][PASSED] - Object 'Object Repository/VLink/Page_CCSale/txt_CardNumber' is present

2024-05-18 16:29:45 - [MESSAGE][PASSED] - Text '104' is set on object 'Object Repository/VLink/Page_CCSale/txt_TransactionType'

2024-05-18 16:29:46 - [MESSAGE][PASSED] - Text '2.0C' is set on object 'Object Repository/VLink/Page_CCSale/txt_MessageVersion'

2024-05-18 16:29:46 - [MESSAGE][PASSED] - Text 'AZtc5JwUzvmK' is set on object 'Object Repository/VLink/Page_CCSale/txt_RemID'

2024-05-18 16:29:47 - [MESSAGE][PASSED] - Text '665' is set on object 'Object Repository/VLink/Page_CCSale/txt_ApplicationId'

2024-05-18 16:29:48 - [MESSAGE][PASSED] - Text 'username' is set on object 'Object Repository/VLink/Page_CCSale/txt_Username'

2024-05-18 16:29:49 - [MESSAGE][PASSED] - Text 'password' is set on object 'Object Repository/VLink/Page_CCSale/txt_Password'

2024-05-18 16:29:49 - [MESSAGE][PASSED] - Text 'fixed_width' is set on object 'Object Repository/VLink/Page_CCSale/txt_ResponseFormat'

2024-05-18 16:29:50 - [MESSAGE][PASSED] - Text 'ECOM' is set on object 'Object Repository/VLink/Page_CCSale/txt_Category'

2024-05-18 16:29:51 - [MESSAGE][PASSED] - Text '' is set on object 'Object Repository/VLink/Page_CCSale/txt_TransactionID'

2024-05-18 16:29:51 - [MESSAGE][PASSED] - Text '' is set on object 'Object Repository/VLink/Page_CCSale/txt_ApprovalCode'

2024-05-18 16:29:52 - [MESSAGE][PASSED] - Text 'Kris Roshan' is set on object 'Object Repository/VLink/Page_CCSale/txt_CardName'

2024-05-18 16:29:53 - [MESSAGE][PASSED] - Text '258 Elm Road' is set on object 'Object Repository/VLink/Page_CCSale/txt_AL1'

2024-05-18 16:29:54 - [MESSAGE][PASSED] - Text 'Suite 56' is set on object 'Object Repository/VLink/Page_CCSale/txt_AL2'

2024-05-18 16:29:54 - [MESSAGE][PASSED] - Text 'Arlington' is set on object 'Object Repository/VLink/Page_CCSale/txt_CardCity'

2024-05-18 16:29:55 - [MESSAGE][PASSED] - Text 'VA' is set on object 'Object Repository/VLink/Page_CCSale/txt_CardState'

2024-05-18 16:29:56 - [MESSAGE][PASSED] - Text '22201' is set on object 'Object Repository/VLink/Page_CCSale/txt_CardZIP'

2024-05-18 16:29:56 - [MESSAGE][PASSED] - Text '840' is set on object 'Object Repository/VLink/Page_CCSale/txt_CountryID'

2024-05-18 16:29:57 - [MESSAGE][PASSED] - Text '1.50' is set on object 'Object Repository/VLink/Page_CCSale/txt_Amount'

2024-05-18 16:29:58 - [MESSAGE][PASSED] - Text '6011000000000004' is set on object 'Object Repository/VLink/Page_CCSale/txt_CardNumber'

2024-05-18 16:29:58 - [MESSAGE][PASSED] - Text '12' is set on object 'Object Repository/VLink/Page_CCSale/txt_ExpMonth'

2024-05-18 16:29:59 - [MESSAGE][PASSED] - Text '2025' is set on object 'Object Repository/VLink/Page_CCSale/txt_ExpYear'

2024-05-18 16:30:00 - [MESSAGE][PASSED] - Text '' is set on object 'Object Repository/VLink/Page_CCSale/txt_CVV'

2024-05-18 16:30:01 - [MESSAGE][PASSED] - Text '' is set on object 'Object Repository/VLink/Page_CCSale/txt_CVVstate'

2024-05-18 16:30:01 - [MESSAGE][PASSED] - Text '' is set on object 'Object Repository/VLink/Page_CCSale/txt_TrackData'

2024-05-18 16:30:02 - [MESSAGE][PASSED] - Text '' is set on object 'Object Repository/VLink/Page_CCSale/txt_Track1Data'

2024-05-18 16:30:03 - [MESSAGE][PASSED] - Text '' is set on object 'Object Repository/VLink/Page_CCSale/txt_Track2Data'

2024-05-18 16:30:03 - [MESSAGE][PASSED] - Text 'manual' is set on object 'Object Repository/VLink/Page_CCSale/txt_POSEntryMode'

2024-05-18 16:30:04 - [MESSAGE][PASSED] - Text 'iahmed@govolution.com' is set on object 'Object Repository/VLink/Page_CCSale/txt_Email'

2024-05-18 16:30:05 - [MESSAGE][PASSED] - Text '2569362' is set on object 'Object Repository/VLink/Page_CCSale/txt_OrderNumber'

2024-05-18 16:30:05 - [MESSAGE][PASSED] - Text '1.15' is set on object 'Object Repository/VLink/Page_CCSale/txt_TaxAmount'

2024-05-18 16:30:06 - [MESSAGE][PASSED] - Text 'Charge Description' is set on object 'Object Repository/VLink/Page_CCSale/txt_ChargeDescription'

2024-05-18 16:30:07 - [MESSAGE][PASSED] - Text '147357' is set on object 'Object Repository/VLink/Page_CCSale/txt_CAN'

2024-05-18 16:30:07 - [MESSAGE][PASSED] - Text '1' is set on object 'Object Repository/VLink/Page_CCSale/txt_BillPaymentIndicator'

2024-05-18 16:30:08 - [MESSAGE][PASSED] - Text 'UDF Data 1' is set on object 'Object Repository/VLink/Page_CCSale/txt_UDF1'

2024-05-18 16:30:09 - [MESSAGE][PASSED] - Text 'UDF Data 2' is set on object 'Object Repository/VLink/Page_CCSale/txt_UDF2'

2024-05-18 16:30:10 - [MESSAGE][PASSED] - Text 'UDF Data 3' is set on object 'Object Repository/VLink/Page_CCSale/txt_UDF3'

2024-05-18 16:30:10 - [MESSAGE][PASSED] - Text 'UDF Data 4' is set on object 'Object Repository/VLink/Page_CCSale/txt_UDF4'

2024-05-18 16:30:11 - [MESSAGE][PASSED] - Text 'UDF Data 5' is set on object 'Object Repository/VLink/Page_CCSale/txt_UDF5'

2024-05-18 16:30:12 - [MESSAGE][PASSED] - Text 'UDF Data 6' is set on object 'Object Repository/VLink/Page_CCSale/txt_UDF6'

2024-05-18 16:30:12 - [MESSAGE][PASSED] - Text 'UDF Data 7' is set on object 'Object Repository/VLink/Page_CCSale/txt_UDF7'

2024-05-18 16:30:13 - [MESSAGE][PASSED] - Text 'UDF Data 8' is set on object 'Object Repository/VLink/Page_CCSale/txt_UDF8'

2024-05-18 16:30:14 - [MESSAGE][PASSED] - Text 'UDF Data 9' is set on object 'Object Repository/VLink/Page_CCSale/txt_UDF9'

2024-05-18 16:30:14 - [MESSAGE][PASSED] - Text 'UDF Data 10' is set on object 'Object Repository/VLink/Page_CCSale/txt_UDF10'

2024-05-18 16:30:16 - [MESSAGE][PASSED] - Object: 'Object Repository/VLink/Page_CCSale/btn_ProcessVLinkTransaction' is clicked on

2024-05-18 16:30:21 - [MESSAGE][PASSED] - vlinkPages.saleCCPage.setDataSCC is PASSED

2024-05-18 16:30:21 - [TEST_STEP][PASSED] - if (verifyTextPresent("Transaction approved, no errors", true)): null

2024-05-18 16:30:21 - [MESSAGE][PASSED] - Text 'Transaction approved, no errors' is present on page  using regular expression

2024-05-18 16:30:21 - [TEST_STEP][PASSED] - println("Transaction Approved, no errors text is present on the Confirmation page"): null

2024-05-18 16:30:21 - [TEST_STEP][PASSED] - out.println("Pass Record Number: " + row): null

2024-05-18 16:30:21 - [TEST_STEP][PASSED] - resText = "Pass": null

2024-05-18 16:30:21 - [TEST_STEP][PASSED] - pages.WriteExcel.demoKey(resText, datText, resColumn, datCloumn, fileLoc, nameSheet, row): pages.WriteExcel.demoKey is PASSED

2024-05-18 16:30:21 - [MESSAGE][PASSED] - pages.WriteExcel.demoKey is PASSED

2024-05-18 16:30:21 - [TEST_STEP][PASSED] - sdfo = getText(findTestObject("Object Repository/Page_VLinkReceipt/pre_STX")): Text of object 'Object Repository/Page_VLinkReceipt/pre_STX' is: '<STX>AZtc5JwUzvmK                  12153279            0  Transaction approved, no errors                   0                                                                                  XXOK7367   <ETX>'

2024-05-18 16:30:22 - [MESSAGE][PASSED] - Text of object 'Object Repository/Page_VLinkReceipt/pre_STX' is: '<STX>AZtc5JwUzvmK                  12153279            0  Transaction approved, no errors                   0                                                                                  XXOK7367   <ETX>'

2024-05-18 16:30:22 - [TEST_STEP][PASSED] - out.println("sdfo: " + sdfo): null

2024-05-18 16:30:22 - [TEST_STEP][PASSED] - remID = substring(5, 35).trim(): null

2024-05-18 16:30:22 - [TEST_STEP][PASSED] - out.println("Remittance ID: " + remID): null

2024-05-18 16:30:22 - [TEST_STEP][PASSED] - traxID = substring(35, 55).trim(): null

2024-05-18 16:30:22 - [TEST_STEP][PASSED] - out.println("Transaction ID: " + traxID): null

2024-05-18 16:30:22 - [TEST_STEP][PASSED] - out.println("End Record Number: " + row): null

2024-05-18 16:30:22 - [TEST_STEP][PASSED] - closeBrowser(): Browser is closed

2024-05-18 16:30:23 - [MESSAGE][PASSED] - Browser is closed

2024-05-18 16:30:23 - [TEST_STEP][PASSED] - ExecuteTC = findTestData(dataFile).getValue("Execute", row): null

2024-05-18 16:30:23 - [TEST_STEP][PASSED] - out.println("Value of Execute is : " + ExecuteTC): null

2024-05-18 16:30:23 - [TEST_STEP][PASSED] - if (ExecuteTC.equalsIgnoreCase("Y")): Browser is closed

2024-05-18 16:30:23 - [TEST_STEP][PASSED] - out.println("Begin Record Number: " + row): null

2024-05-18 16:30:23 - [TEST_STEP][PASSED] - today = new java.util.Date(): null

2024-05-18 16:30:23 - [TEST_STEP][PASSED] - println(today): null

2024-05-18 16:30:23 - [TEST_STEP][PASSED] - datText = today: null

2024-05-18 16:30:23 - [TEST_STEP][PASSED] - openBrowser(VLinkURL + "authcap.html"): Browser is opened with url: 'https://dev-algorithm.govolution.com/vlinktest/QA2/version_2_0/authcap.html'

2024-05-18 16:30:23 - [MESSAGE][INFO] - Starting 'Chrome' driver

2024-05-18 16:30:23 - [MESSAGE][INFO] - User set preference: ['acceptInsecureCerts', 'true']

2024-05-18 16:30:23 - [MESSAGE][INFO] - Action delay is set to 0 milliseconds

2024-05-18 16:30:25 - [MESSAGE][PASSED] - Browser is opened with url: 'https://dev-algorithm.govolution.com/vlinktest/QA2/version_2_0/authcap.html'

2024-05-18 16:30:25 - [TEST_STEP][PASSED] - maximizeWindow(): Current window maximized

2024-05-18 16:30:25 - [MESSAGE][PASSED] - Current window maximized

2024-05-18 16:30:25 - [TEST_STEP][PASSED] - vlinkPages.saleCCPage.setDataSCC(row, dataFile): vlinkPages.saleCCPage.setDataSCC is PASSED

2024-05-18 16:30:29 - [MESSAGE][PASSED] - Object 'Object Repository/VLink/Page_CCSale/txt_CardNumber' is present

2024-05-18 16:30:29 - [MESSAGE][PASSED] - Text '104' is set on object 'Object Repository/VLink/Page_CCSale/txt_TransactionType'

2024-05-18 16:30:30 - [MESSAGE][PASSED] - Text '2.0C' is set on object 'Object Repository/VLink/Page_CCSale/txt_MessageVersion'

2024-05-18 16:30:30 - [MESSAGE][PASSED] - Text 'S2fpv8Ci8akl' is set on object 'Object Repository/VLink/Page_CCSale/txt_RemID'

2024-05-18 16:30:31 - [MESSAGE][PASSED] - Text '665' is set on object 'Object Repository/VLink/Page_CCSale/txt_ApplicationId'

2024-05-18 16:30:32 - [MESSAGE][PASSED] - Text 'username' is set on object 'Object Repository/VLink/Page_CCSale/txt_Username'

2024-05-18 16:30:33 - [MESSAGE][PASSED] - Text 'password' is set on object 'Object Repository/VLink/Page_CCSale/txt_Password'

2024-05-18 16:30:33 - [MESSAGE][PASSED] - Text 'fixed_width' is set on object 'Object Repository/VLink/Page_CCSale/txt_ResponseFormat'

2024-05-18 16:30:34 - [MESSAGE][PASSED] - Text 'MOTO' is set on object 'Object Repository/VLink/Page_CCSale/txt_Category'

2024-05-18 16:30:35 - [MESSAGE][PASSED] - Text '' is set on object 'Object Repository/VLink/Page_CCSale/txt_TransactionID'

2024-05-18 16:30:35 - [MESSAGE][PASSED] - Text '' is set on object 'Object Repository/VLink/Page_CCSale/txt_ApprovalCode'

2024-05-18 16:30:36 - [MESSAGE][PASSED] - Text 'Roshan Maha' is set on object 'Object Repository/VLink/Page_CCSale/txt_CardName'

2024-05-18 16:30:37 - [MESSAGE][PASSED] - Text '12563 Bazaar road' is set on object 'Object Repository/VLink/Page_CCSale/txt_AL1'

2024-05-18 16:30:38 - [MESSAGE][PASSED] - Text '' is set on object 'Object Repository/VLink/Page_CCSale/txt_AL2'

2024-05-18 16:30:38 - [MESSAGE][PASSED] - Text 'Crofton' is set on object 'Object Repository/VLink/Page_CCSale/txt_CardCity'

2024-05-18 16:30:39 - [MESSAGE][PASSED] - Text 'MD' is set on object 'Object Repository/VLink/Page_CCSale/txt_CardState'

2024-05-18 16:30:40 - [MESSAGE][PASSED] - Text '21114' is set on object 'Object Repository/VLink/Page_CCSale/txt_CardZIP'

2024-05-18 16:30:40 - [MESSAGE][PASSED] - Text '' is set on object 'Object Repository/VLink/Page_CCSale/txt_CountryID'

2024-05-18 16:30:41 - [MESSAGE][PASSED] - Text '3.50' is set on object 'Object Repository/VLink/Page_CCSale/txt_Amount'

2024-05-18 16:30:42 - [MESSAGE][PASSED] - Text '4111111111111111' is set on object 'Object Repository/VLink/Page_CCSale/txt_CardNumber'

2024-05-18 16:30:42 - [MESSAGE][PASSED] - Text '01' is set on object 'Object Repository/VLink/Page_CCSale/txt_ExpMonth'

2024-05-18 16:30:43 - [MESSAGE][PASSED] - Text '2026' is set on object 'Object Repository/VLink/Page_CCSale/txt_ExpYear'

2024-05-18 16:30:44 - [MESSAGE][PASSED] - Text '' is set on object 'Object Repository/VLink/Page_CCSale/txt_CVV'

2024-05-18 16:30:44 - [MESSAGE][PASSED] - Text '' is set on object 'Object Repository/VLink/Page_CCSale/txt_CVVstate'

2024-05-18 16:30:45 - [MESSAGE][PASSED] - Text '' is set on object 'Object Repository/VLink/Page_CCSale/txt_TrackData'

2024-05-18 16:30:46 - [MESSAGE][PASSED] - Text '' is set on object 'Object Repository/VLink/Page_CCSale/txt_Track1Data'

2024-05-18 16:30:46 - [MESSAGE][PASSED] - Text '' is set on object 'Object Repository/VLink/Page_CCSale/txt_Track2Data'

2024-05-18 16:30:47 - [MESSAGE][PASSED] - Text 'manual' is set on object 'Object Repository/VLink/Page_CCSale/txt_POSEntryMode'

2024-05-18 16:30:48 - [MESSAGE][PASSED] - Text '' is set on object 'Object Repository/VLink/Page_CCSale/txt_Email'

2024-05-18 16:30:48 - [MESSAGE][PASSED] - Text '' is set on object 'Object Repository/VLink/Page_CCSale/txt_OrderNumber'

2024-05-18 16:30:49 - [MESSAGE][PASSED] - Text '' is set on object 'Object Repository/VLink/Page_CCSale/txt_TaxAmount'

2024-05-18 16:30:50 - [MESSAGE][PASSED] - Text '' is set on object 'Object Repository/VLink/Page_CCSale/txt_ChargeDescription'

2024-05-18 16:30:51 - [MESSAGE][PASSED] - Text '' is set on object 'Object Repository/VLink/Page_CCSale/txt_CAN'

2024-05-18 16:30:51 - [MESSAGE][PASSED] - Text '' is set on object 'Object Repository/VLink/Page_CCSale/txt_BillPaymentIndicator'

2024-05-18 16:30:52 - [MESSAGE][PASSED] - Text '' is set on object 'Object Repository/VLink/Page_CCSale/txt_UDF1'

2024-05-18 16:30:53 - [MESSAGE][PASSED] - Text '' is set on object 'Object Repository/VLink/Page_CCSale/txt_UDF2'

2024-05-18 16:30:53 - [MESSAGE][PASSED] - Text '' is set on object 'Object Repository/VLink/Page_CCSale/txt_UDF3'

2024-05-18 16:30:54 - [MESSAGE][PASSED] - Text '' is set on object 'Object Repository/VLink/Page_CCSale/txt_UDF4'

2024-05-18 16:30:54 - [MESSAGE][PASSED] - Text '' is set on object 'Object Repository/VLink/Page_CCSale/txt_UDF5'

2024-05-18 16:30:55 - [MESSAGE][PASSED] - Text '' is set on object 'Object Repository/VLink/Page_CCSale/txt_UDF6'

2024-05-18 16:30:56 - [MESSAGE][PASSED] - Text '' is set on object 'Object Repository/VLink/Page_CCSale/txt_UDF7'

2024-05-18 16:30:56 - [MESSAGE][PASSED] - Text '' is set on object 'Object Repository/VLink/Page_CCSale/txt_UDF8'

2024-05-18 16:30:57 - [MESSAGE][PASSED] - Text '' is set on object 'Object Repository/VLink/Page_CCSale/txt_UDF9'

2024-05-18 16:30:58 - [MESSAGE][PASSED] - Text '' is set on object 'Object Repository/VLink/Page_CCSale/txt_UDF10'

2024-05-18 16:31:00 - [MESSAGE][PASSED] - Object: 'Object Repository/VLink/Page_CCSale/btn_ProcessVLinkTransaction' is clicked on

2024-05-18 16:31:05 - [MESSAGE][PASSED] - vlinkPages.saleCCPage.setDataSCC is PASSED

2024-05-18 16:31:05 - [TEST_STEP][PASSED] - if (verifyTextPresent("Transaction approved, no errors", true)): null

2024-05-18 16:31:06 - [MESSAGE][PASSED] - Text 'Transaction approved, no errors' is present on page  using regular expression

2024-05-18 16:31:06 - [TEST_STEP][PASSED] - println("Transaction Approved, no errors text is present on the Confirmation page"): null

2024-05-18 16:31:06 - [TEST_STEP][PASSED] - out.println("Pass Record Number: " + row): null

2024-05-18 16:31:06 - [TEST_STEP][PASSED] - resText = "Pass": null

2024-05-18 16:31:06 - [TEST_STEP][PASSED] - pages.WriteExcel.demoKey(resText, datText, resColumn, datCloumn, fileLoc, nameSheet, row): pages.WriteExcel.demoKey is PASSED

2024-05-18 16:31:06 - [MESSAGE][PASSED] - pages.WriteExcel.demoKey is PASSED

2024-05-18 16:31:06 - [TEST_STEP][PASSED] - sdfo = getText(findTestObject("Object Repository/Page_VLinkReceipt/pre_STX")): Text of object 'Object Repository/Page_VLinkReceipt/pre_STX' is: '<STX>S2fpv8Ci8akl                  12153280            0  Transaction approved, no errors                   0                                                                                  XXOK9181   <ETX>'

2024-05-18 16:31:06 - [MESSAGE][PASSED] - Text of object 'Object Repository/Page_VLinkReceipt/pre_STX' is: '<STX>S2fpv8Ci8akl                  12153280            0  Transaction approved, no errors                   0                                                                                  XXOK9181   <ETX>'

2024-05-18 16:31:06 - [TEST_STEP][PASSED] - out.println("sdfo: " + sdfo): null

2024-05-18 16:31:06 - [TEST_STEP][PASSED] - remID = substring(5, 35).trim(): null

2024-05-18 16:31:06 - [TEST_STEP][PASSED] - out.println("Remittance ID: " + remID): null

2024-05-18 16:31:06 - [TEST_STEP][PASSED] - traxID = substring(35, 55).trim(): null

2024-05-18 16:31:06 - [TEST_STEP][PASSED] - out.println("Transaction ID: " + traxID): null

2024-05-18 16:31:06 - [TEST_STEP][PASSED] - out.println("End Record Number: " + row): null

2024-05-18 16:31:06 - [TEST_STEP][PASSED] - closeBrowser(): Browser is closed

2024-05-18 16:31:07 - [MESSAGE][PASSED] - Browser is closed

2024-05-18 16:31:07 - [TEST_STEP][PASSED] - ExecuteTC = findTestData(dataFile).getValue("Execute", row): null

2024-05-18 16:31:07 - [TEST_STEP][PASSED] - out.println("Value of Execute is : " + ExecuteTC): null

2024-05-18 16:31:07 - [TEST_STEP][PASSED] - if (ExecuteTC.equalsIgnoreCase("Y")): Browser is closed

2024-05-18 16:31:07 - [TEST_STEP][PASSED] - out.println("Begin Record Number: " + row): null

2024-05-18 16:31:07 - [TEST_STEP][PASSED] - today = new java.util.Date(): null

2024-05-18 16:31:07 - [TEST_STEP][PASSED] - println(today): null

2024-05-18 16:31:07 - [TEST_STEP][PASSED] - datText = today: null

2024-05-18 16:31:07 - [TEST_STEP][PASSED] - openBrowser(VLinkURL + "authcap.html"): Browser is opened with url: 'https://dev-algorithm.govolution.com/vlinktest/QA2/version_2_0/authcap.html'

2024-05-18 16:31:07 - [MESSAGE][INFO] - Starting 'Chrome' driver

2024-05-18 16:31:07 - [MESSAGE][INFO] - User set preference: ['acceptInsecureCerts', 'true']

2024-05-18 16:31:07 - [MESSAGE][INFO] - Action delay is set to 0 milliseconds

2024-05-18 16:31:09 - [MESSAGE][PASSED] - Browser is opened with url: 'https://dev-algorithm.govolution.com/vlinktest/QA2/version_2_0/authcap.html'

2024-05-18 16:31:09 - [TEST_STEP][PASSED] - maximizeWindow(): Current window maximized

2024-05-18 16:31:10 - [MESSAGE][PASSED] - Current window maximized

2024-05-18 16:31:10 - [TEST_STEP][PASSED] - vlinkPages.saleCCPage.setDataSCC(row, dataFile): vlinkPages.saleCCPage.setDataSCC is PASSED

2024-05-18 16:31:13 - [MESSAGE][PASSED] - Object 'Object Repository/VLink/Page_CCSale/txt_CardNumber' is present

2024-05-18 16:31:13 - [MESSAGE][PASSED] - Text '104' is set on object 'Object Repository/VLink/Page_CCSale/txt_TransactionType'

2024-05-18 16:31:14 - [MESSAGE][PASSED] - Text '2.0C' is set on object 'Object Repository/VLink/Page_CCSale/txt_MessageVersion'

2024-05-18 16:31:15 - [MESSAGE][PASSED] - Text 'yU5391rxJVmV' is set on object 'Object Repository/VLink/Page_CCSale/txt_RemID'

2024-05-18 16:31:15 - [MESSAGE][PASSED] - Text '665' is set on object 'Object Repository/VLink/Page_CCSale/txt_ApplicationId'

2024-05-18 16:31:16 - [MESSAGE][PASSED] - Text 'username' is set on object 'Object Repository/VLink/Page_CCSale/txt_Username'

2024-05-18 16:31:17 - [MESSAGE][PASSED] - Text 'password' is set on object 'Object Repository/VLink/Page_CCSale/txt_Password'

2024-05-18 16:31:18 - [MESSAGE][PASSED] - Text 'fixed_width' is set on object 'Object Repository/VLink/Page_CCSale/txt_ResponseFormat'

2024-05-18 16:31:18 - [MESSAGE][PASSED] - Text 'MOTO' is set on object 'Object Repository/VLink/Page_CCSale/txt_Category'

2024-05-18 16:31:19 - [MESSAGE][PASSED] - Text '' is set on object 'Object Repository/VLink/Page_CCSale/txt_TransactionID'

2024-05-18 16:31:20 - [MESSAGE][PASSED] - Text '' is set on object 'Object Repository/VLink/Page_CCSale/txt_ApprovalCode'

2024-05-18 16:31:20 - [MESSAGE][PASSED] - Text 'Kris Roshan' is set on object 'Object Repository/VLink/Page_CCSale/txt_CardName'

2024-05-18 16:31:21 - [MESSAGE][PASSED] - Text '258 Elm Road' is set on object 'Object Repository/VLink/Page_CCSale/txt_AL1'

2024-05-18 16:31:22 - [MESSAGE][PASSED] - Text 'Suite 56' is set on object 'Object Repository/VLink/Page_CCSale/txt_AL2'

2024-05-18 16:31:22 - [MESSAGE][PASSED] - Text 'Arlington' is set on object 'Object Repository/VLink/Page_CCSale/txt_CardCity'

2024-05-18 16:31:23 - [MESSAGE][PASSED] - Text 'VA' is set on object 'Object Repository/VLink/Page_CCSale/txt_CardState'

2024-05-18 16:31:24 - [MESSAGE][PASSED] - Text '22201' is set on object 'Object Repository/VLink/Page_CCSale/txt_CardZIP'

2024-05-18 16:31:25 - [MESSAGE][PASSED] - Text '840' is set on object 'Object Repository/VLink/Page_CCSale/txt_CountryID'

2024-05-18 16:31:25 - [MESSAGE][PASSED] - Text '1.50' is set on object 'Object Repository/VLink/Page_CCSale/txt_Amount'

2024-05-18 16:31:26 - [MESSAGE][PASSED] - Text '5424000000000015' is set on object 'Object Repository/VLink/Page_CCSale/txt_CardNumber'

2024-05-18 16:31:27 - [MESSAGE][PASSED] - Text '12' is set on object 'Object Repository/VLink/Page_CCSale/txt_ExpMonth'

2024-05-18 16:31:27 - [MESSAGE][PASSED] - Text '2025' is set on object 'Object Repository/VLink/Page_CCSale/txt_ExpYear'

2024-05-18 16:31:28 - [MESSAGE][PASSED] - Text '' is set on object 'Object Repository/VLink/Page_CCSale/txt_CVV'

2024-05-18 16:31:29 - [MESSAGE][PASSED] - Text '' is set on object 'Object Repository/VLink/Page_CCSale/txt_CVVstate'

2024-05-18 16:31:30 - [MESSAGE][PASSED] - Text '' is set on object 'Object Repository/VLink/Page_CCSale/txt_TrackData'

2024-05-18 16:31:30 - [MESSAGE][PASSED] - Text '' is set on object 'Object Repository/VLink/Page_CCSale/txt_Track1Data'

2024-05-18 16:31:31 - [MESSAGE][PASSED] - Text '' is set on object 'Object Repository/VLink/Page_CCSale/txt_Track2Data'

2024-05-18 16:31:32 - [MESSAGE][PASSED] - Text 'manual' is set on object 'Object Repository/VLink/Page_CCSale/txt_POSEntryMode'

2024-05-18 16:31:32 - [MESSAGE][PASSED] - Text 'iahmed@govolution.com' is set on object 'Object Repository/VLink/Page_CCSale/txt_Email'

2024-05-18 16:31:33 - [MESSAGE][PASSED] - Text '2569362' is set on object 'Object Repository/VLink/Page_CCSale/txt_OrderNumber'

2024-05-18 16:31:34 - [MESSAGE][PASSED] - Text '1.15' is set on object 'Object Repository/VLink/Page_CCSale/txt_TaxAmount'

2024-05-18 16:31:35 - [MESSAGE][PASSED] - Text 'Charge Description' is set on object 'Object Repository/VLink/Page_CCSale/txt_ChargeDescription'

2024-05-18 16:31:35 - [MESSAGE][PASSED] - Text '147357' is set on object 'Object Repository/VLink/Page_CCSale/txt_CAN'

2024-05-18 16:31:36 - [MESSAGE][PASSED] - Text '1' is set on object 'Object Repository/VLink/Page_CCSale/txt_BillPaymentIndicator'

2024-05-18 16:31:37 - [MESSAGE][PASSED] - Text 'UDF Data 1' is set on object 'Object Repository/VLink/Page_CCSale/txt_UDF1'

2024-05-18 16:31:37 - [MESSAGE][PASSED] - Text 'UDF Data 2' is set on object 'Object Repository/VLink/Page_CCSale/txt_UDF2'

2024-05-18 16:31:38 - [MESSAGE][PASSED] - Text 'UDF Data 3' is set on object 'Object Repository/VLink/Page_CCSale/txt_UDF3'

2024-05-18 16:31:39 - [MESSAGE][PASSED] - Text 'UDF Data 4' is set on object 'Object Repository/VLink/Page_CCSale/txt_UDF4'

2024-05-18 16:31:40 - [MESSAGE][PASSED] - Text 'UDF Data 5' is set on object 'Object Repository/VLink/Page_CCSale/txt_UDF5'

2024-05-18 16:31:40 - [MESSAGE][PASSED] - Text 'UDF Data 6' is set on object 'Object Repository/VLink/Page_CCSale/txt_UDF6'

2024-05-18 16:31:41 - [MESSAGE][PASSED] - Text 'UDF Data 7' is set on object 'Object Repository/VLink/Page_CCSale/txt_UDF7'

2024-05-18 16:31:42 - [MESSAGE][PASSED] - Text 'UDF Data 8' is set on object 'Object Repository/VLink/Page_CCSale/txt_UDF8'

2024-05-18 16:31:42 - [MESSAGE][PASSED] - Text 'UDF Data 9' is set on object 'Object Repository/VLink/Page_CCSale/txt_UDF9'

2024-05-18 16:31:43 - [MESSAGE][PASSED] - Text 'UDF Data 10' is set on object 'Object Repository/VLink/Page_CCSale/txt_UDF10'

2024-05-18 16:31:45 - [MESSAGE][PASSED] - Object: 'Object Repository/VLink/Page_CCSale/btn_ProcessVLinkTransaction' is clicked on

2024-05-18 16:31:50 - [MESSAGE][PASSED] - vlinkPages.saleCCPage.setDataSCC is PASSED

2024-05-18 16:31:50 - [TEST_STEP][PASSED] - if (verifyTextPresent("Transaction approved, no errors", true)): null

2024-05-18 16:31:50 - [MESSAGE][PASSED] - Text 'Transaction approved, no errors' is present on page  using regular expression

2024-05-18 16:31:50 - [TEST_STEP][PASSED] - println("Transaction Approved, no errors text is present on the Confirmation page"): null

2024-05-18 16:31:50 - [TEST_STEP][PASSED] - out.println("Pass Record Number: " + row): null

2024-05-18 16:31:50 - [TEST_STEP][PASSED] - resText = "Pass": null

2024-05-18 16:31:50 - [TEST_STEP][PASSED] - pages.WriteExcel.demoKey(resText, datText, resColumn, datCloumn, fileLoc, nameSheet, row): pages.WriteExcel.demoKey is PASSED

2024-05-18 16:31:50 - [MESSAGE][PASSED] - pages.WriteExcel.demoKey is PASSED

2024-05-18 16:31:50 - [TEST_STEP][PASSED] - sdfo = getText(findTestObject("Object Repository/Page_VLinkReceipt/pre_STX")): Text of object 'Object Repository/Page_VLinkReceipt/pre_STX' is: '<STX>yU5391rxJVmV                  12153281            0  Transaction approved, no errors                   0                                                                                  XXOK7457   <ETX>'

2024-05-18 16:31:50 - [MESSAGE][PASSED] - Text of object 'Object Repository/Page_VLinkReceipt/pre_STX' is: '<STX>yU5391rxJVmV                  12153281            0  Transaction approved, no errors                   0                                                                                  XXOK7457   <ETX>'

2024-05-18 16:31:50 - [TEST_STEP][PASSED] - out.println("sdfo: " + sdfo): null

2024-05-18 16:31:50 - [TEST_STEP][PASSED] - remID = substring(5, 35).trim(): null

2024-05-18 16:31:50 - [TEST_STEP][PASSED] - out.println("Remittance ID: " + remID): null

2024-05-18 16:31:50 - [TEST_STEP][PASSED] - traxID = substring(35, 55).trim(): null

2024-05-18 16:31:50 - [TEST_STEP][PASSED] - out.println("Transaction ID: " + traxID): null

2024-05-18 16:31:50 - [TEST_STEP][PASSED] - out.println("End Record Number: " + row): null

2024-05-18 16:31:50 - [TEST_STEP][PASSED] - closeBrowser(): Browser is closed

2024-05-18 16:31:52 - [MESSAGE][PASSED] - Browser is closed

2024-05-18 16:31:52 - [TEST_STEP][PASSED] - ExecuteTC = findTestData(dataFile).getValue("Execute", row): null

2024-05-18 16:31:52 - [TEST_STEP][PASSED] - out.println("Value of Execute is : " + ExecuteTC): null

2024-05-18 16:31:52 - [TEST_STEP][PASSED] - if (ExecuteTC.equalsIgnoreCase("Y")): Browser is closed

2024-05-18 16:31:52 - [TEST_STEP][PASSED] - out.println("Begin Record Number: " + row): null

2024-05-18 16:31:52 - [TEST_STEP][PASSED] - today = new java.util.Date(): null

2024-05-18 16:31:52 - [TEST_STEP][PASSED] - println(today): null

2024-05-18 16:31:52 - [TEST_STEP][PASSED] - datText = today: null

2024-05-18 16:31:52 - [TEST_STEP][PASSED] - openBrowser(VLinkURL + "authcap.html"): Browser is opened with url: 'https://dev-algorithm.govolution.com/vlinktest/QA2/version_2_0/authcap.html'

2024-05-18 16:31:52 - [MESSAGE][INFO] - Starting 'Chrome' driver

2024-05-18 16:31:52 - [MESSAGE][INFO] - User set preference: ['acceptInsecureCerts', 'true']

2024-05-18 16:31:52 - [MESSAGE][INFO] - Action delay is set to 0 milliseconds

2024-05-18 16:31:54 - [MESSAGE][PASSED] - Browser is opened with url: 'https://dev-algorithm.govolution.com/vlinktest/QA2/version_2_0/authcap.html'

2024-05-18 16:31:54 - [TEST_STEP][PASSED] - maximizeWindow(): Current window maximized

2024-05-18 16:31:54 - [MESSAGE][PASSED] - Current window maximized

2024-05-18 16:31:54 - [TEST_STEP][PASSED] - vlinkPages.saleCCPage.setDataSCC(row, dataFile): vlinkPages.saleCCPage.setDataSCC is PASSED

2024-05-18 16:31:57 - [MESSAGE][PASSED] - Object 'Object Repository/VLink/Page_CCSale/txt_CardNumber' is present

2024-05-18 16:31:58 - [MESSAGE][PASSED] - Text '104' is set on object 'Object Repository/VLink/Page_CCSale/txt_TransactionType'

2024-05-18 16:31:59 - [MESSAGE][PASSED] - Text '2.0C' is set on object 'Object Repository/VLink/Page_CCSale/txt_MessageVersion'

2024-05-18 16:31:59 - [MESSAGE][PASSED] - Text 'iHmv2DK2ygUe' is set on object 'Object Repository/VLink/Page_CCSale/txt_RemID'

2024-05-18 16:32:00 - [MESSAGE][PASSED] - Text '665' is set on object 'Object Repository/VLink/Page_CCSale/txt_ApplicationId'

2024-05-18 16:32:01 - [MESSAGE][PASSED] - Text 'username' is set on object 'Object Repository/VLink/Page_CCSale/txt_Username'

2024-05-18 16:32:01 - [MESSAGE][PASSED] - Text 'password' is set on object 'Object Repository/VLink/Page_CCSale/txt_Password'

2024-05-18 16:32:02 - [MESSAGE][PASSED] - Text 'fixed_width' is set on object 'Object Repository/VLink/Page_CCSale/txt_ResponseFormat'

2024-05-18 16:32:03 - [MESSAGE][PASSED] - Text 'MOTO' is set on object 'Object Repository/VLink/Page_CCSale/txt_Category'

2024-05-18 16:32:03 - [MESSAGE][PASSED] - Text '' is set on object 'Object Repository/VLink/Page_CCSale/txt_TransactionID'

2024-05-18 16:32:04 - [MESSAGE][PASSED] - Text '' is set on object 'Object Repository/VLink/Page_CCSale/txt_ApprovalCode'

2024-05-18 16:32:05 - [MESSAGE][PASSED] - Text 'Roshan Maha' is set on object 'Object Repository/VLink/Page_CCSale/txt_CardName'

2024-05-18 16:32:06 - [MESSAGE][PASSED] - Text '12563 Bazaar road' is set on object 'Object Repository/VLink/Page_CCSale/txt_AL1'

2024-05-18 16:32:06 - [MESSAGE][PASSED] - Text '' is set on object 'Object Repository/VLink/Page_CCSale/txt_AL2'

2024-05-18 16:32:07 - [MESSAGE][PASSED] - Text 'Crofton' is set on object 'Object Repository/VLink/Page_CCSale/txt_CardCity'

2024-05-18 16:32:08 - [MESSAGE][PASSED] - Text 'MD' is set on object 'Object Repository/VLink/Page_CCSale/txt_CardState'

2024-05-18 16:32:08 - [MESSAGE][PASSED] - Text '21114' is set on object 'Object Repository/VLink/Page_CCSale/txt_CardZIP'

2024-05-18 16:32:09 - [MESSAGE][PASSED] - Text '' is set on object 'Object Repository/VLink/Page_CCSale/txt_CountryID'

2024-05-18 16:32:10 - [MESSAGE][PASSED] - Text '3.50' is set on object 'Object Repository/VLink/Page_CCSale/txt_Amount'

2024-05-18 16:32:11 - [MESSAGE][PASSED] - Text '370000000000002' is set on object 'Object Repository/VLink/Page_CCSale/txt_CardNumber'

2024-05-18 16:32:11 - [MESSAGE][PASSED] - Text '01' is set on object 'Object Repository/VLink/Page_CCSale/txt_ExpMonth'

2024-05-18 16:32:12 - [MESSAGE][PASSED] - Text '2026' is set on object 'Object Repository/VLink/Page_CCSale/txt_ExpYear'

2024-05-18 16:32:13 - [MESSAGE][PASSED] - Text '' is set on object 'Object Repository/VLink/Page_CCSale/txt_CVV'

2024-05-18 16:32:13 - [MESSAGE][PASSED] - Text '' is set on object 'Object Repository/VLink/Page_CCSale/txt_CVVstate'

2024-05-18 16:32:14 - [MESSAGE][PASSED] - Text '' is set on object 'Object Repository/VLink/Page_CCSale/txt_TrackData'

2024-05-18 16:32:15 - [MESSAGE][PASSED] - Text '' is set on object 'Object Repository/VLink/Page_CCSale/txt_Track1Data'

2024-05-18 16:32:15 - [MESSAGE][PASSED] - Text '' is set on object 'Object Repository/VLink/Page_CCSale/txt_Track2Data'

2024-05-18 16:32:16 - [MESSAGE][PASSED] - Text 'manual' is set on object 'Object Repository/VLink/Page_CCSale/txt_POSEntryMode'

2024-05-18 16:32:17 - [MESSAGE][PASSED] - Text '' is set on object 'Object Repository/VLink/Page_CCSale/txt_Email'

2024-05-18 16:32:18 - [MESSAGE][PASSED] - Text '' is set on object 'Object Repository/VLink/Page_CCSale/txt_OrderNumber'

2024-05-18 16:32:18 - [MESSAGE][PASSED] - Text '' is set on object 'Object Repository/VLink/Page_CCSale/txt_TaxAmount'

2024-05-18 16:32:19 - [MESSAGE][PASSED] - Text '' is set on object 'Object Repository/VLink/Page_CCSale/txt_ChargeDescription'

2024-05-18 16:32:20 - [MESSAGE][PASSED] - Text '' is set on object 'Object Repository/VLink/Page_CCSale/txt_CAN'

2024-05-18 16:32:20 - [MESSAGE][PASSED] - Text '' is set on object 'Object Repository/VLink/Page_CCSale/txt_BillPaymentIndicator'

2024-05-18 16:32:21 - [MESSAGE][PASSED] - Text '' is set on object 'Object Repository/VLink/Page_CCSale/txt_UDF1'

2024-05-18 16:32:22 - [MESSAGE][PASSED] - Text '' is set on object 'Object Repository/VLink/Page_CCSale/txt_UDF2'

2024-05-18 16:32:22 - [MESSAGE][PASSED] - Text '' is set on object 'Object Repository/VLink/Page_CCSale/txt_UDF3'

2024-05-18 16:32:23 - [MESSAGE][PASSED] - Text '' is set on object 'Object Repository/VLink/Page_CCSale/txt_UDF4'

2024-05-18 16:32:24 - [MESSAGE][PASSED] - Text '' is set on object 'Object Repository/VLink/Page_CCSale/txt_UDF5'

2024-05-18 16:32:24 - [MESSAGE][PASSED] - Text '' is set on object 'Object Repository/VLink/Page_CCSale/txt_UDF6'

2024-05-18 16:32:25 - [MESSAGE][PASSED] - Text '' is set on object 'Object Repository/VLink/Page_CCSale/txt_UDF7'

2024-05-18 16:32:26 - [MESSAGE][PASSED] - Text '' is set on object 'Object Repository/VLink/Page_CCSale/txt_UDF8'

2024-05-18 16:32:27 - [MESSAGE][PASSED] - Text '' is set on object 'Object Repository/VLink/Page_CCSale/txt_UDF9'

2024-05-18 16:32:27 - [MESSAGE][PASSED] - Text '' is set on object 'Object Repository/VLink/Page_CCSale/txt_UDF10'

2024-05-18 16:32:30 - [MESSAGE][PASSED] - Object: 'Object Repository/VLink/Page_CCSale/btn_ProcessVLinkTransaction' is clicked on

2024-05-18 16:32:35 - [MESSAGE][PASSED] - vlinkPages.saleCCPage.setDataSCC is PASSED

2024-05-18 16:32:35 - [TEST_STEP][PASSED] - if (verifyTextPresent("Transaction approved, no errors", true)): null

2024-05-18 16:32:35 - [MESSAGE][PASSED] - Text 'Transaction approved, no errors' is present on page  using regular expression

2024-05-18 16:32:35 - [TEST_STEP][PASSED] - println("Transaction Approved, no errors text is present on the Confirmation page"): null

2024-05-18 16:32:35 - [TEST_STEP][PASSED] - out.println("Pass Record Number: " + row): null

2024-05-18 16:32:35 - [TEST_STEP][PASSED] - resText = "Pass": null

2024-05-18 16:32:35 - [TEST_STEP][PASSED] - pages.WriteExcel.demoKey(resText, datText, resColumn, datCloumn, fileLoc, nameSheet, row): pages.WriteExcel.demoKey is PASSED

2024-05-18 16:32:35 - [MESSAGE][PASSED] - pages.WriteExcel.demoKey is PASSED

2024-05-18 16:32:35 - [TEST_STEP][PASSED] - sdfo = getText(findTestObject("Object Repository/Page_VLinkReceipt/pre_STX")): Text of object 'Object Repository/Page_VLinkReceipt/pre_STX' is: '<STX>iHmv2DK2ygUe                  12153282            0  Transaction approved, no errors                   0                                                                                  X OK9211   <ETX>'

2024-05-18 16:32:36 - [MESSAGE][PASSED] - Text of object 'Object Repository/Page_VLinkReceipt/pre_STX' is: '<STX>iHmv2DK2ygUe                  12153282            0  Transaction approved, no errors                   0                                                                                  X OK9211   <ETX>'

2024-05-18 16:32:36 - [TEST_STEP][PASSED] - out.println("sdfo: " + sdfo): null

2024-05-18 16:32:36 - [TEST_STEP][PASSED] - remID = substring(5, 35).trim(): null

2024-05-18 16:32:36 - [TEST_STEP][PASSED] - out.println("Remittance ID: " + remID): null

2024-05-18 16:32:36 - [TEST_STEP][PASSED] - traxID = substring(35, 55).trim(): null

2024-05-18 16:32:36 - [TEST_STEP][PASSED] - out.println("Transaction ID: " + traxID): null

2024-05-18 16:32:36 - [TEST_STEP][PASSED] - out.println("End Record Number: " + row): null

2024-05-18 16:32:36 - [TEST_STEP][PASSED] - closeBrowser(): Browser is closed

2024-05-18 16:32:37 - [MESSAGE][PASSED] - Browser is closed

2024-05-18 16:32:37 - [TEST_STEP][PASSED] - ExecuteTC = findTestData(dataFile).getValue("Execute", row): null

2024-05-18 16:32:37 - [TEST_STEP][PASSED] - out.println("Value of Execute is : " + ExecuteTC): null

2024-05-18 16:32:37 - [TEST_STEP][PASSED] - if (ExecuteTC.equalsIgnoreCase("Y")): Browser is closed

2024-05-18 16:32:37 - [TEST_STEP][PASSED] - out.println("Begin Record Number: " + row): null

2024-05-18 16:32:37 - [TEST_STEP][PASSED] - today = new java.util.Date(): null

2024-05-18 16:32:37 - [TEST_STEP][PASSED] - println(today): null

2024-05-18 16:32:37 - [TEST_STEP][PASSED] - datText = today: null

2024-05-18 16:32:37 - [TEST_STEP][PASSED] - openBrowser(VLinkURL + "authcap.html"): Browser is opened with url: 'https://dev-algorithm.govolution.com/vlinktest/QA2/version_2_0/authcap.html'

2024-05-18 16:32:37 - [MESSAGE][INFO] - Starting 'Chrome' driver

2024-05-18 16:32:37 - [MESSAGE][INFO] - User set preference: ['acceptInsecureCerts', 'true']

2024-05-18 16:32:37 - [MESSAGE][INFO] - Action delay is set to 0 milliseconds

2024-05-18 16:32:39 - [MESSAGE][PASSED] - Browser is opened with url: 'https://dev-algorithm.govolution.com/vlinktest/QA2/version_2_0/authcap.html'

2024-05-18 16:32:39 - [TEST_STEP][PASSED] - maximizeWindow(): Current window maximized

2024-05-18 16:32:39 - [MESSAGE][PASSED] - Current window maximized

2024-05-18 16:32:39 - [TEST_STEP][PASSED] - vlinkPages.saleCCPage.setDataSCC(row, dataFile): vlinkPages.saleCCPage.setDataSCC is PASSED

2024-05-18 16:32:42 - [MESSAGE][PASSED] - Object 'Object Repository/VLink/Page_CCSale/txt_CardNumber' is present

2024-05-18 16:32:43 - [MESSAGE][PASSED] - Text '104' is set on object 'Object Repository/VLink/Page_CCSale/txt_TransactionType'

2024-05-18 16:32:44 - [MESSAGE][PASSED] - Text '2.0C' is set on object 'Object Repository/VLink/Page_CCSale/txt_MessageVersion'

2024-05-18 16:32:44 - [MESSAGE][PASSED] - Text 'KEQTyJG7JAVp' is set on object 'Object Repository/VLink/Page_CCSale/txt_RemID'

2024-05-18 16:32:45 - [MESSAGE][PASSED] - Text '665' is set on object 'Object Repository/VLink/Page_CCSale/txt_ApplicationId'

2024-05-18 16:32:46 - [MESSAGE][PASSED] - Text 'username' is set on object 'Object Repository/VLink/Page_CCSale/txt_Username'

2024-05-18 16:32:46 - [MESSAGE][PASSED] - Text 'password' is set on object 'Object Repository/VLink/Page_CCSale/txt_Password'

2024-05-18 16:32:47 - [MESSAGE][PASSED] - Text 'fixed_width' is set on object 'Object Repository/VLink/Page_CCSale/txt_ResponseFormat'

2024-05-18 16:32:48 - [MESSAGE][PASSED] - Text 'MOTO' is set on object 'Object Repository/VLink/Page_CCSale/txt_Category'

2024-05-18 16:32:48 - [MESSAGE][PASSED] - Text '' is set on object 'Object Repository/VLink/Page_CCSale/txt_TransactionID'

2024-05-18 16:32:49 - [MESSAGE][PASSED] - Text '' is set on object 'Object Repository/VLink/Page_CCSale/txt_ApprovalCode'

2024-05-18 16:32:50 - [MESSAGE][PASSED] - Text 'Kris Roshan' is set on object 'Object Repository/VLink/Page_CCSale/txt_CardName'

2024-05-18 16:32:51 - [MESSAGE][PASSED] - Text '258 Elm Road' is set on object 'Object Repository/VLink/Page_CCSale/txt_AL1'

2024-05-18 16:32:51 - [MESSAGE][PASSED] - Text 'Suite 56' is set on object 'Object Repository/VLink/Page_CCSale/txt_AL2'

2024-05-18 16:32:52 - [MESSAGE][PASSED] - Text 'Arlington' is set on object 'Object Repository/VLink/Page_CCSale/txt_CardCity'

2024-05-18 16:32:53 - [MESSAGE][PASSED] - Text 'VA' is set on object 'Object Repository/VLink/Page_CCSale/txt_CardState'

2024-05-18 16:32:53 - [MESSAGE][PASSED] - Text '22201' is set on object 'Object Repository/VLink/Page_CCSale/txt_CardZIP'

2024-05-18 16:32:54 - [MESSAGE][PASSED] - Text '840' is set on object 'Object Repository/VLink/Page_CCSale/txt_CountryID'

2024-05-18 16:32:55 - [MESSAGE][PASSED] - Text '1.50' is set on object 'Object Repository/VLink/Page_CCSale/txt_Amount'

2024-05-18 16:32:55 - [MESSAGE][PASSED] - Text '6011000000000004' is set on object 'Object Repository/VLink/Page_CCSale/txt_CardNumber'

2024-05-18 16:32:56 - [MESSAGE][PASSED] - Text '12' is set on object 'Object Repository/VLink/Page_CCSale/txt_ExpMonth'

2024-05-18 16:32:57 - [MESSAGE][PASSED] - Text '2025' is set on object 'Object Repository/VLink/Page_CCSale/txt_ExpYear'

2024-05-18 16:32:58 - [MESSAGE][PASSED] - Text '' is set on object 'Object Repository/VLink/Page_CCSale/txt_CVV'

2024-05-18 16:32:58 - [MESSAGE][PASSED] - Text '' is set on object 'Object Repository/VLink/Page_CCSale/txt_CVVstate'

2024-05-18 16:32:59 - [MESSAGE][PASSED] - Text '' is set on object 'Object Repository/VLink/Page_CCSale/txt_TrackData'

2024-05-18 16:33:00 - [MESSAGE][PASSED] - Text '' is set on object 'Object Repository/VLink/Page_CCSale/txt_Track1Data'

2024-05-18 16:33:00 - [MESSAGE][PASSED] - Text '' is set on object 'Object Repository/VLink/Page_CCSale/txt_Track2Data'

2024-05-18 16:33:01 - [MESSAGE][PASSED] - Text 'manual' is set on object 'Object Repository/VLink/Page_CCSale/txt_POSEntryMode'

2024-05-18 16:33:02 - [MESSAGE][PASSED] - Text 'iahmed@govolution.com' is set on object 'Object Repository/VLink/Page_CCSale/txt_Email'

2024-05-18 16:33:02 - [MESSAGE][PASSED] - Text '2569362' is set on object 'Object Repository/VLink/Page_CCSale/txt_OrderNumber'

2024-05-18 16:33:03 - [MESSAGE][PASSED] - Text '1.15' is set on object 'Object Repository/VLink/Page_CCSale/txt_TaxAmount'

2024-05-18 16:33:04 - [MESSAGE][PASSED] - Text 'Charge Description' is set on object 'Object Repository/VLink/Page_CCSale/txt_ChargeDescription'

2024-05-18 16:33:04 - [MESSAGE][PASSED] - Text '147357' is set on object 'Object Repository/VLink/Page_CCSale/txt_CAN'

2024-05-18 16:33:05 - [MESSAGE][PASSED] - Text '1' is set on object 'Object Repository/VLink/Page_CCSale/txt_BillPaymentIndicator'

2024-05-18 16:33:06 - [MESSAGE][PASSED] - Text 'UDF Data 1' is set on object 'Object Repository/VLink/Page_CCSale/txt_UDF1'

2024-05-18 16:33:07 - [MESSAGE][PASSED] - Text 'UDF Data 2' is set on object 'Object Repository/VLink/Page_CCSale/txt_UDF2'

2024-05-18 16:33:07 - [MESSAGE][PASSED] - Text 'UDF Data 3' is set on object 'Object Repository/VLink/Page_CCSale/txt_UDF3'

2024-05-18 16:33:08 - [MESSAGE][PASSED] - Text 'UDF Data 4' is set on object 'Object Repository/VLink/Page_CCSale/txt_UDF4'

2024-05-18 16:33:09 - [MESSAGE][PASSED] - Text 'UDF Data 5' is set on object 'Object Repository/VLink/Page_CCSale/txt_UDF5'

2024-05-18 16:33:09 - [MESSAGE][PASSED] - Text 'UDF Data 6' is set on object 'Object Repository/VLink/Page_CCSale/txt_UDF6'

2024-05-18 16:33:10 - [MESSAGE][PASSED] - Text 'UDF Data 7' is set on object 'Object Repository/VLink/Page_CCSale/txt_UDF7'

2024-05-18 16:33:11 - [MESSAGE][PASSED] - Text 'UDF Data 8' is set on object 'Object Repository/VLink/Page_CCSale/txt_UDF8'

2024-05-18 16:33:12 - [MESSAGE][PASSED] - Text 'UDF Data 9' is set on object 'Object Repository/VLink/Page_CCSale/txt_UDF9'

2024-05-18 16:33:12 - [MESSAGE][PASSED] - Text 'UDF Data 10' is set on object 'Object Repository/VLink/Page_CCSale/txt_UDF10'

2024-05-18 16:33:14 - [MESSAGE][PASSED] - Object: 'Object Repository/VLink/Page_CCSale/btn_ProcessVLinkTransaction' is clicked on

2024-05-18 16:33:19 - [MESSAGE][PASSED] - vlinkPages.saleCCPage.setDataSCC is PASSED

2024-05-18 16:33:19 - [TEST_STEP][PASSED] - if (verifyTextPresent("Transaction approved, no errors", true)): null

2024-05-18 16:33:19 - [MESSAGE][PASSED] - Text 'Transaction approved, no errors' is present on page  using regular expression

2024-05-18 16:33:19 - [TEST_STEP][PASSED] - println("Transaction Approved, no errors text is present on the Confirmation page"): null

2024-05-18 16:33:19 - [TEST_STEP][PASSED] - out.println("Pass Record Number: " + row): null

2024-05-18 16:33:19 - [TEST_STEP][PASSED] - resText = "Pass": null

2024-05-18 16:33:19 - [TEST_STEP][PASSED] - pages.WriteExcel.demoKey(resText, datText, resColumn, datCloumn, fileLoc, nameSheet, row): pages.WriteExcel.demoKey is PASSED

2024-05-18 16:33:19 - [MESSAGE][PASSED] - pages.WriteExcel.demoKey is PASSED

2024-05-18 16:33:19 - [TEST_STEP][PASSED] - sdfo = getText(findTestObject("Object Repository/Page_VLinkReceipt/pre_STX")): Text of object 'Object Repository/Page_VLinkReceipt/pre_STX' is: '<STX>KEQTyJG7JAVp                  12153283            0  Transaction approved, no errors                   0                                                                                  XXOK7467   <ETX>'

2024-05-18 16:33:19 - [MESSAGE][PASSED] - Text of object 'Object Repository/Page_VLinkReceipt/pre_STX' is: '<STX>KEQTyJG7JAVp                  12153283            0  Transaction approved, no errors                   0                                                                                  XXOK7467   <ETX>'

2024-05-18 16:33:19 - [TEST_STEP][PASSED] - out.println("sdfo: " + sdfo): null

2024-05-18 16:33:19 - [TEST_STEP][PASSED] - remID = substring(5, 35).trim(): null

2024-05-18 16:33:19 - [TEST_STEP][PASSED] - out.println("Remittance ID: " + remID): null

2024-05-18 16:33:19 - [TEST_STEP][PASSED] - traxID = substring(35, 55).trim(): null

2024-05-18 16:33:19 - [TEST_STEP][PASSED] - out.println("Transaction ID: " + traxID): null

2024-05-18 16:33:19 - [TEST_STEP][PASSED] - out.println("End Record Number: " + row): null

2024-05-18 16:33:19 - [TEST_STEP][PASSED] - closeBrowser(): Browser is closed

2024-05-18 16:33:21 - [MESSAGE][PASSED] - Browser is closed

2024-05-18 16:33:21 - [TEST_STEP][PASSED] - ExecuteTC = findTestData(dataFile).getValue("Execute", row): null

2024-05-18 16:33:21 - [TEST_STEP][PASSED] - out.println("Value of Execute is : " + ExecuteTC): null

2024-05-18 16:33:21 - [TEST_STEP][PASSED] - if (ExecuteTC.equalsIgnoreCase("Y")): Browser is closed

2024-05-18 16:33:21 - [TEST_STEP][PASSED] - out.println("Begin Record Number: " + row): null

2024-05-18 16:33:21 - [TEST_STEP][PASSED] - today = new java.util.Date(): null

2024-05-18 16:33:21 - [TEST_STEP][PASSED] - println(today): null

2024-05-18 16:33:21 - [TEST_STEP][PASSED] - datText = today: null

2024-05-18 16:33:21 - [TEST_STEP][PASSED] - openBrowser(VLinkURL + "authcap.html"): Browser is opened with url: 'https://dev-algorithm.govolution.com/vlinktest/QA2/version_2_0/authcap.html'

2024-05-18 16:33:21 - [MESSAGE][INFO] - Starting 'Chrome' driver

2024-05-18 16:33:21 - [MESSAGE][INFO] - User set preference: ['acceptInsecureCerts', 'true']

2024-05-18 16:33:21 - [MESSAGE][INFO] - Action delay is set to 0 milliseconds

2024-05-18 16:33:24 - [MESSAGE][PASSED] - Browser is opened with url: 'https://dev-algorithm.govolution.com/vlinktest/QA2/version_2_0/authcap.html'

2024-05-18 16:33:24 - [TEST_STEP][PASSED] - maximizeWindow(): Current window maximized

2024-05-18 16:33:25 - [MESSAGE][PASSED] - Current window maximized

2024-05-18 16:33:25 - [TEST_STEP][PASSED] - vlinkPages.saleCCPage.setDataSCC(row, dataFile): vlinkPages.saleCCPage.setDataSCC is PASSED

2024-05-18 16:33:28 - [MESSAGE][PASSED] - Object 'Object Repository/VLink/Page_CCSale/txt_CardNumber' is present

2024-05-18 16:33:28 - [MESSAGE][PASSED] - Text '104' is set on object 'Object Repository/VLink/Page_CCSale/txt_TransactionType'

2024-05-18 16:33:29 - [MESSAGE][PASSED] - Text '2.0C' is set on object 'Object Repository/VLink/Page_CCSale/txt_MessageVersion'

2024-05-18 16:33:30 - [MESSAGE][PASSED] - Text 'aYSM9IhqkUX3' is set on object 'Object Repository/VLink/Page_CCSale/txt_RemID'

2024-05-18 16:33:30 - [MESSAGE][PASSED] - Text '665' is set on object 'Object Repository/VLink/Page_CCSale/txt_ApplicationId'

2024-05-18 16:33:31 - [MESSAGE][PASSED] - Text 'username' is set on object 'Object Repository/VLink/Page_CCSale/txt_Username'

2024-05-18 16:33:32 - [MESSAGE][PASSED] - Text 'password' is set on object 'Object Repository/VLink/Page_CCSale/txt_Password'

2024-05-18 16:33:33 - [MESSAGE][PASSED] - Text 'fixed_width' is set on object 'Object Repository/VLink/Page_CCSale/txt_ResponseFormat'

2024-05-18 16:33:33 - [MESSAGE][PASSED] - Text 'RETL' is set on object 'Object Repository/VLink/Page_CCSale/txt_Category'

2024-05-18 16:33:34 - [MESSAGE][PASSED] - Text '' is set on object 'Object Repository/VLink/Page_CCSale/txt_TransactionID'

2024-05-18 16:33:35 - [MESSAGE][PASSED] - Text '' is set on object 'Object Repository/VLink/Page_CCSale/txt_ApprovalCode'

2024-05-18 16:33:35 - [MESSAGE][PASSED] - Text 'Roshan Maha' is set on object 'Object Repository/VLink/Page_CCSale/txt_CardName'

2024-05-18 16:33:36 - [MESSAGE][PASSED] - Text '12563 Bazaar road' is set on object 'Object Repository/VLink/Page_CCSale/txt_AL1'

2024-05-18 16:33:37 - [MESSAGE][PASSED] - Text '' is set on object 'Object Repository/VLink/Page_CCSale/txt_AL2'

2024-05-18 16:33:37 - [MESSAGE][PASSED] - Text 'Crofton' is set on object 'Object Repository/VLink/Page_CCSale/txt_CardCity'

2024-05-18 16:33:38 - [MESSAGE][PASSED] - Text 'MD' is set on object 'Object Repository/VLink/Page_CCSale/txt_CardState'

2024-05-18 16:33:39 - [MESSAGE][PASSED] - Text '21114' is set on object 'Object Repository/VLink/Page_CCSale/txt_CardZIP'

2024-05-18 16:33:40 - [MESSAGE][PASSED] - Text '' is set on object 'Object Repository/VLink/Page_CCSale/txt_CountryID'

2024-05-18 16:33:40 - [MESSAGE][PASSED] - Text '3.50' is set on object 'Object Repository/VLink/Page_CCSale/txt_Amount'

2024-05-18 16:33:41 - [MESSAGE][PASSED] - Text '4111111111111111' is set on object 'Object Repository/VLink/Page_CCSale/txt_CardNumber'

2024-05-18 16:33:41 - [MESSAGE][PASSED] - Text '01' is set on object 'Object Repository/VLink/Page_CCSale/txt_ExpMonth'

2024-05-18 16:33:42 - [MESSAGE][PASSED] - Text '2026' is set on object 'Object Repository/VLink/Page_CCSale/txt_ExpYear'

2024-05-18 16:33:43 - [MESSAGE][PASSED] - Text '' is set on object 'Object Repository/VLink/Page_CCSale/txt_CVV'

2024-05-18 16:33:44 - [MESSAGE][PASSED] - Text '' is set on object 'Object Repository/VLink/Page_CCSale/txt_CVVstate'

2024-05-18 16:33:44 - [MESSAGE][PASSED] - Text '' is set on object 'Object Repository/VLink/Page_CCSale/txt_TrackData'

2024-05-18 16:33:45 - [MESSAGE][PASSED] - Text '' is set on object 'Object Repository/VLink/Page_CCSale/txt_Track1Data'

2024-05-18 16:33:46 - [MESSAGE][PASSED] - Text '' is set on object 'Object Repository/VLink/Page_CCSale/txt_Track2Data'

2024-05-18 16:33:46 - [MESSAGE][PASSED] - Text 'manual' is set on object 'Object Repository/VLink/Page_CCSale/txt_POSEntryMode'

2024-05-18 16:33:47 - [MESSAGE][PASSED] - Text '' is set on object 'Object Repository/VLink/Page_CCSale/txt_Email'

2024-05-18 16:33:48 - [MESSAGE][PASSED] - Text '' is set on object 'Object Repository/VLink/Page_CCSale/txt_OrderNumber'

2024-05-18 16:33:48 - [MESSAGE][PASSED] - Text '' is set on object 'Object Repository/VLink/Page_CCSale/txt_TaxAmount'

2024-05-18 16:33:49 - [MESSAGE][PASSED] - Text '' is set on object 'Object Repository/VLink/Page_CCSale/txt_ChargeDescription'

2024-05-18 16:33:50 - [MESSAGE][PASSED] - Text '' is set on object 'Object Repository/VLink/Page_CCSale/txt_CAN'

2024-05-18 16:33:50 - [MESSAGE][PASSED] - Text '' is set on object 'Object Repository/VLink/Page_CCSale/txt_BillPaymentIndicator'

2024-05-18 16:33:51 - [MESSAGE][PASSED] - Text '' is set on object 'Object Repository/VLink/Page_CCSale/txt_UDF1'

2024-05-18 16:33:52 - [MESSAGE][PASSED] - Text '' is set on object 'Object Repository/VLink/Page_CCSale/txt_UDF2'

2024-05-18 16:33:52 - [MESSAGE][PASSED] - Text '' is set on object 'Object Repository/VLink/Page_CCSale/txt_UDF3'

2024-05-18 16:33:53 - [MESSAGE][PASSED] - Text '' is set on object 'Object Repository/VLink/Page_CCSale/txt_UDF4'

2024-05-18 16:33:54 - [MESSAGE][PASSED] - Text '' is set on object 'Object Repository/VLink/Page_CCSale/txt_UDF5'

2024-05-18 16:33:54 - [MESSAGE][PASSED] - Text '' is set on object 'Object Repository/VLink/Page_CCSale/txt_UDF6'

2024-05-18 16:33:55 - [MESSAGE][PASSED] - Text '' is set on object 'Object Repository/VLink/Page_CCSale/txt_UDF7'

2024-05-18 16:33:56 - [MESSAGE][PASSED] - Text '' is set on object 'Object Repository/VLink/Page_CCSale/txt_UDF8'

2024-05-18 16:33:56 - [MESSAGE][PASSED] - Text '' is set on object 'Object Repository/VLink/Page_CCSale/txt_UDF9'

2024-05-18 16:33:57 - [MESSAGE][PASSED] - Text '' is set on object 'Object Repository/VLink/Page_CCSale/txt_UDF10'

2024-05-18 16:34:00 - [MESSAGE][PASSED] - Object: 'Object Repository/VLink/Page_CCSale/btn_ProcessVLinkTransaction' is clicked on

2024-05-18 16:34:05 - [MESSAGE][PASSED] - vlinkPages.saleCCPage.setDataSCC is PASSED

2024-05-18 16:34:05 - [TEST_STEP][PASSED] - if (verifyTextPresent("Transaction approved, no errors", true)): null

2024-05-18 16:34:05 - [MESSAGE][PASSED] - Text 'Transaction approved, no errors' is present on page  using regular expression

2024-05-18 16:34:05 - [TEST_STEP][PASSED] - println("Transaction Approved, no errors text is present on the Confirmation page"): null

2024-05-18 16:34:05 - [TEST_STEP][PASSED] - out.println("Pass Record Number: " + row): null

2024-05-18 16:34:05 - [TEST_STEP][PASSED] - resText = "Pass": null

2024-05-18 16:34:05 - [TEST_STEP][PASSED] - pages.WriteExcel.demoKey(resText, datText, resColumn, datCloumn, fileLoc, nameSheet, row): pages.WriteExcel.demoKey is PASSED

2024-05-18 16:34:05 - [MESSAGE][PASSED] - pages.WriteExcel.demoKey is PASSED

2024-05-18 16:34:05 - [TEST_STEP][PASSED] - sdfo = getText(findTestObject("Object Repository/Page_VLinkReceipt/pre_STX")): Text of object 'Object Repository/Page_VLinkReceipt/pre_STX' is: '<STX>aYSM9IhqkUX3                  12153284            0  Transaction approved, no errors                   0                                                                                  X OK9221   <ETX>'

2024-05-18 16:34:06 - [MESSAGE][PASSED] - Text of object 'Object Repository/Page_VLinkReceipt/pre_STX' is: '<STX>aYSM9IhqkUX3                  12153284            0  Transaction approved, no errors                   0                                                                                  X OK9221   <ETX>'

2024-05-18 16:34:06 - [TEST_STEP][PASSED] - out.println("sdfo: " + sdfo): null

2024-05-18 16:34:06 - [TEST_STEP][PASSED] - remID = substring(5, 35).trim(): null

2024-05-18 16:34:06 - [TEST_STEP][PASSED] - out.println("Remittance ID: " + remID): null

2024-05-18 16:34:06 - [TEST_STEP][PASSED] - traxID = substring(35, 55).trim(): null

2024-05-18 16:34:06 - [TEST_STEP][PASSED] - out.println("Transaction ID: " + traxID): null

2024-05-18 16:34:06 - [TEST_STEP][PASSED] - out.println("End Record Number: " + row): null

2024-05-18 16:34:06 - [TEST_STEP][PASSED] - closeBrowser(): Browser is closed

2024-05-18 16:34:07 - [MESSAGE][PASSED] - Browser is closed

2024-05-18 16:34:07 - [TEST_STEP][PASSED] - ExecuteTC = findTestData(dataFile).getValue("Execute", row): null

2024-05-18 16:34:07 - [TEST_STEP][PASSED] - out.println("Value of Execute is : " + ExecuteTC): null

2024-05-18 16:34:07 - [TEST_STEP][PASSED] - if (ExecuteTC.equalsIgnoreCase("Y")): Browser is closed

2024-05-18 16:34:07 - [TEST_STEP][PASSED] - out.println("Begin Record Number: " + row): null

2024-05-18 16:34:07 - [TEST_STEP][PASSED] - today = new java.util.Date(): null

2024-05-18 16:34:07 - [TEST_STEP][PASSED] - println(today): null

2024-05-18 16:34:07 - [TEST_STEP][PASSED] - datText = today: null

2024-05-18 16:34:07 - [TEST_STEP][PASSED] - openBrowser(VLinkURL + "authcap.html"): Browser is opened with url: 'https://dev-algorithm.govolution.com/vlinktest/QA2/version_2_0/authcap.html'

2024-05-18 16:34:07 - [MESSAGE][INFO] - Starting 'Chrome' driver

2024-05-18 16:34:07 - [MESSAGE][INFO] - User set preference: ['acceptInsecureCerts', 'true']

2024-05-18 16:34:07 - [MESSAGE][INFO] - Action delay is set to 0 milliseconds

2024-05-18 16:34:09 - [MESSAGE][PASSED] - Browser is opened with url: 'https://dev-algorithm.govolution.com/vlinktest/QA2/version_2_0/authcap.html'

2024-05-18 16:34:09 - [TEST_STEP][PASSED] - maximizeWindow(): Current window maximized

2024-05-18 16:34:09 - [MESSAGE][PASSED] - Current window maximized

2024-05-18 16:34:09 - [TEST_STEP][PASSED] - vlinkPages.saleCCPage.setDataSCC(row, dataFile): vlinkPages.saleCCPage.setDataSCC is PASSED

2024-05-18 16:34:12 - [MESSAGE][PASSED] - Object 'Object Repository/VLink/Page_CCSale/txt_CardNumber' is present

2024-05-18 16:34:13 - [MESSAGE][PASSED] - Text '104' is set on object 'Object Repository/VLink/Page_CCSale/txt_TransactionType'

2024-05-18 16:34:14 - [MESSAGE][PASSED] - Text '2.0C' is set on object 'Object Repository/VLink/Page_CCSale/txt_MessageVersion'

2024-05-18 16:34:14 - [MESSAGE][PASSED] - Text 'Yd6vRB0Qfu1m' is set on object 'Object Repository/VLink/Page_CCSale/txt_RemID'

2024-05-18 16:34:15 - [MESSAGE][PASSED] - Text '665' is set on object 'Object Repository/VLink/Page_CCSale/txt_ApplicationId'

2024-05-18 16:34:16 - [MESSAGE][PASSED] - Text 'username' is set on object 'Object Repository/VLink/Page_CCSale/txt_Username'

2024-05-18 16:34:16 - [MESSAGE][PASSED] - Text 'password' is set on object 'Object Repository/VLink/Page_CCSale/txt_Password'

2024-05-18 16:34:17 - [MESSAGE][PASSED] - Text 'fixed_width' is set on object 'Object Repository/VLink/Page_CCSale/txt_ResponseFormat'

2024-05-18 16:34:18 - [MESSAGE][PASSED] - Text 'RETL' is set on object 'Object Repository/VLink/Page_CCSale/txt_Category'

2024-05-18 16:34:18 - [MESSAGE][PASSED] - Text '' is set on object 'Object Repository/VLink/Page_CCSale/txt_TransactionID'

2024-05-18 16:34:19 - [MESSAGE][PASSED] - Text '' is set on object 'Object Repository/VLink/Page_CCSale/txt_ApprovalCode'

2024-05-18 16:34:20 - [MESSAGE][PASSED] - Text 'Kris Roshan' is set on object 'Object Repository/VLink/Page_CCSale/txt_CardName'

2024-05-18 16:34:20 - [MESSAGE][PASSED] - Text '258 Elm Road' is set on object 'Object Repository/VLink/Page_CCSale/txt_AL1'

2024-05-18 16:34:21 - [MESSAGE][PASSED] - Text 'Suite 56' is set on object 'Object Repository/VLink/Page_CCSale/txt_AL2'

2024-05-18 16:34:22 - [MESSAGE][PASSED] - Text 'Arlington' is set on object 'Object Repository/VLink/Page_CCSale/txt_CardCity'

2024-05-18 16:34:23 - [MESSAGE][PASSED] - Text 'VA' is set on object 'Object Repository/VLink/Page_CCSale/txt_CardState'

2024-05-18 16:34:23 - [MESSAGE][PASSED] - Text '22201' is set on object 'Object Repository/VLink/Page_CCSale/txt_CardZIP'

2024-05-18 16:34:24 - [MESSAGE][PASSED] - Text '840' is set on object 'Object Repository/VLink/Page_CCSale/txt_CountryID'

2024-05-18 16:34:25 - [MESSAGE][PASSED] - Text '1.50' is set on object 'Object Repository/VLink/Page_CCSale/txt_Amount'

2024-05-18 16:34:25 - [MESSAGE][PASSED] - Text '5424000000000015' is set on object 'Object Repository/VLink/Page_CCSale/txt_CardNumber'

2024-05-18 16:34:26 - [MESSAGE][PASSED] - Text '12' is set on object 'Object Repository/VLink/Page_CCSale/txt_ExpMonth'

2024-05-18 16:34:27 - [MESSAGE][PASSED] - Text '2025' is set on object 'Object Repository/VLink/Page_CCSale/txt_ExpYear'

2024-05-18 16:34:28 - [MESSAGE][PASSED] - Text '' is set on object 'Object Repository/VLink/Page_CCSale/txt_CVV'

2024-05-18 16:34:28 - [MESSAGE][PASSED] - Text '' is set on object 'Object Repository/VLink/Page_CCSale/txt_CVVstate'

2024-05-18 16:34:29 - [MESSAGE][PASSED] - Text '' is set on object 'Object Repository/VLink/Page_CCSale/txt_TrackData'

2024-05-18 16:34:30 - [MESSAGE][PASSED] - Text '' is set on object 'Object Repository/VLink/Page_CCSale/txt_Track1Data'

2024-05-18 16:34:30 - [MESSAGE][PASSED] - Text '' is set on object 'Object Repository/VLink/Page_CCSale/txt_Track2Data'

2024-05-18 16:34:31 - [MESSAGE][PASSED] - Text 'manual' is set on object 'Object Repository/VLink/Page_CCSale/txt_POSEntryMode'

2024-05-18 16:34:32 - [MESSAGE][PASSED] - Text 'iahmed@govolution.com' is set on object 'Object Repository/VLink/Page_CCSale/txt_Email'

2024-05-18 16:34:33 - [MESSAGE][PASSED] - Text '2569362' is set on object 'Object Repository/VLink/Page_CCSale/txt_OrderNumber'

2024-05-18 16:34:33 - [MESSAGE][PASSED] - Text '1.15' is set on object 'Object Repository/VLink/Page_CCSale/txt_TaxAmount'

2024-05-18 16:34:34 - [MESSAGE][PASSED] - Text 'Charge Description' is set on object 'Object Repository/VLink/Page_CCSale/txt_ChargeDescription'

2024-05-18 16:34:35 - [MESSAGE][PASSED] - Text '147357' is set on object 'Object Repository/VLink/Page_CCSale/txt_CAN'

2024-05-18 16:34:35 - [MESSAGE][PASSED] - Text '1' is set on object 'Object Repository/VLink/Page_CCSale/txt_BillPaymentIndicator'

2024-05-18 16:34:36 - [MESSAGE][PASSED] - Text 'UDF Data 1' is set on object 'Object Repository/VLink/Page_CCSale/txt_UDF1'

2024-05-18 16:34:37 - [MESSAGE][PASSED] - Text 'UDF Data 2' is set on object 'Object Repository/VLink/Page_CCSale/txt_UDF2'

2024-05-18 16:34:38 - [MESSAGE][PASSED] - Text 'UDF Data 3' is set on object 'Object Repository/VLink/Page_CCSale/txt_UDF3'

2024-05-18 16:34:38 - [MESSAGE][PASSED] - Text 'UDF Data 4' is set on object 'Object Repository/VLink/Page_CCSale/txt_UDF4'

2024-05-18 16:34:39 - [MESSAGE][PASSED] - Text 'UDF Data 5' is set on object 'Object Repository/VLink/Page_CCSale/txt_UDF5'

2024-05-18 16:34:40 - [MESSAGE][PASSED] - Text 'UDF Data 6' is set on object 'Object Repository/VLink/Page_CCSale/txt_UDF6'

2024-05-18 16:34:40 - [MESSAGE][PASSED] - Text 'UDF Data 7' is set on object 'Object Repository/VLink/Page_CCSale/txt_UDF7'

2024-05-18 16:34:41 - [MESSAGE][PASSED] - Text 'UDF Data 8' is set on object 'Object Repository/VLink/Page_CCSale/txt_UDF8'

2024-05-18 16:34:42 - [MESSAGE][PASSED] - Text 'UDF Data 9' is set on object 'Object Repository/VLink/Page_CCSale/txt_UDF9'

2024-05-18 16:34:42 - [MESSAGE][PASSED] - Text 'UDF Data 10' is set on object 'Object Repository/VLink/Page_CCSale/txt_UDF10'

2024-05-18 16:34:44 - [MESSAGE][PASSED] - Object: 'Object Repository/VLink/Page_CCSale/btn_ProcessVLinkTransaction' is clicked on

2024-05-18 16:34:49 - [MESSAGE][PASSED] - vlinkPages.saleCCPage.setDataSCC is PASSED

2024-05-18 16:34:49 - [TEST_STEP][PASSED] - if (verifyTextPresent("Transaction approved, no errors", true)): null

2024-05-18 16:34:49 - [MESSAGE][PASSED] - Text 'Transaction approved, no errors' is present on page  using regular expression

2024-05-18 16:34:49 - [TEST_STEP][PASSED] - println("Transaction Approved, no errors text is present on the Confirmation page"): null

2024-05-18 16:34:49 - [TEST_STEP][PASSED] - out.println("Pass Record Number: " + row): null

2024-05-18 16:34:49 - [TEST_STEP][PASSED] - resText = "Pass": null

2024-05-18 16:34:49 - [TEST_STEP][PASSED] - pages.WriteExcel.demoKey(resText, datText, resColumn, datCloumn, fileLoc, nameSheet, row): pages.WriteExcel.demoKey is PASSED

2024-05-18 16:34:49 - [MESSAGE][PASSED] - pages.WriteExcel.demoKey is PASSED

2024-05-18 16:34:49 - [TEST_STEP][PASSED] - sdfo = getText(findTestObject("Object Repository/Page_VLinkReceipt/pre_STX")): Text of object 'Object Repository/Page_VLinkReceipt/pre_STX' is: '<STX>Yd6vRB0Qfu1m                  12153285            0  Transaction approved, no errors                   0                                                                                  X OK7477   <ETX>'

2024-05-18 16:34:50 - [MESSAGE][PASSED] - Text of object 'Object Repository/Page_VLinkReceipt/pre_STX' is: '<STX>Yd6vRB0Qfu1m                  12153285            0  Transaction approved, no errors                   0                                                                                  X OK7477   <ETX>'

2024-05-18 16:34:50 - [TEST_STEP][PASSED] - out.println("sdfo: " + sdfo): null

2024-05-18 16:34:50 - [TEST_STEP][PASSED] - remID = substring(5, 35).trim(): null

2024-05-18 16:34:50 - [TEST_STEP][PASSED] - out.println("Remittance ID: " + remID): null

2024-05-18 16:34:50 - [TEST_STEP][PASSED] - traxID = substring(35, 55).trim(): null

2024-05-18 16:34:50 - [TEST_STEP][PASSED] - out.println("Transaction ID: " + traxID): null

2024-05-18 16:34:50 - [TEST_STEP][PASSED] - out.println("End Record Number: " + row): null

2024-05-18 16:34:50 - [TEST_STEP][PASSED] - closeBrowser(): Browser is closed

2024-05-18 16:34:51 - [MESSAGE][PASSED] - Browser is closed

2024-05-18 16:34:51 - [TEST_STEP][PASSED] - ExecuteTC = findTestData(dataFile).getValue("Execute", row): null

2024-05-18 16:34:51 - [TEST_STEP][PASSED] - out.println("Value of Execute is : " + ExecuteTC): null

2024-05-18 16:34:51 - [TEST_STEP][PASSED] - if (ExecuteTC.equalsIgnoreCase("Y")): Browser is closed

2024-05-18 16:34:51 - [TEST_STEP][PASSED] - out.println("Begin Record Number: " + row): null

2024-05-18 16:34:51 - [TEST_STEP][PASSED] - today = new java.util.Date(): null

2024-05-18 16:34:51 - [TEST_STEP][PASSED] - println(today): null

2024-05-18 16:34:51 - [TEST_STEP][PASSED] - datText = today: null

2024-05-18 16:34:51 - [TEST_STEP][PASSED] - openBrowser(VLinkURL + "authcap.html"): Browser is opened with url: 'https://dev-algorithm.govolution.com/vlinktest/QA2/version_2_0/authcap.html'

2024-05-18 16:34:51 - [MESSAGE][INFO] - Starting 'Chrome' driver

2024-05-18 16:34:51 - [MESSAGE][INFO] - User set preference: ['acceptInsecureCerts', 'true']

2024-05-18 16:34:51 - [MESSAGE][INFO] - Action delay is set to 0 milliseconds

2024-05-18 16:34:53 - [MESSAGE][PASSED] - Browser is opened with url: 'https://dev-algorithm.govolution.com/vlinktest/QA2/version_2_0/authcap.html'

2024-05-18 16:34:53 - [TEST_STEP][PASSED] - maximizeWindow(): Current window maximized

2024-05-18 16:34:53 - [MESSAGE][PASSED] - Current window maximized

2024-05-18 16:34:53 - [TEST_STEP][PASSED] - vlinkPages.saleCCPage.setDataSCC(row, dataFile): vlinkPages.saleCCPage.setDataSCC is PASSED

2024-05-18 16:34:56 - [MESSAGE][PASSED] - Object 'Object Repository/VLink/Page_CCSale/txt_CardNumber' is present

2024-05-18 16:34:57 - [MESSAGE][PASSED] - Text '104' is set on object 'Object Repository/VLink/Page_CCSale/txt_TransactionType'

2024-05-18 16:34:58 - [MESSAGE][PASSED] - Text '2.0C' is set on object 'Object Repository/VLink/Page_CCSale/txt_MessageVersion'

2024-05-18 16:34:58 - [MESSAGE][PASSED] - Text 'GUlgcol81X78' is set on object 'Object Repository/VLink/Page_CCSale/txt_RemID'

2024-05-18 16:34:59 - [MESSAGE][PASSED] - Text '665' is set on object 'Object Repository/VLink/Page_CCSale/txt_ApplicationId'

2024-05-18 16:35:00 - [MESSAGE][PASSED] - Text 'username' is set on object 'Object Repository/VLink/Page_CCSale/txt_Username'

2024-05-18 16:35:00 - [MESSAGE][PASSED] - Text 'password' is set on object 'Object Repository/VLink/Page_CCSale/txt_Password'

2024-05-18 16:35:01 - [MESSAGE][PASSED] - Text 'fixed_width' is set on object 'Object Repository/VLink/Page_CCSale/txt_ResponseFormat'

2024-05-18 16:35:02 - [MESSAGE][PASSED] - Text 'RETL' is set on object 'Object Repository/VLink/Page_CCSale/txt_Category'

2024-05-18 16:35:02 - [MESSAGE][PASSED] - Text '' is set on object 'Object Repository/VLink/Page_CCSale/txt_TransactionID'

2024-05-18 16:35:03 - [MESSAGE][PASSED] - Text '' is set on object 'Object Repository/VLink/Page_CCSale/txt_ApprovalCode'

2024-05-18 16:35:04 - [MESSAGE][PASSED] - Text 'Roshan Maha' is set on object 'Object Repository/VLink/Page_CCSale/txt_CardName'

2024-05-18 16:35:04 - [MESSAGE][PASSED] - Text '12563 Bazaar road' is set on object 'Object Repository/VLink/Page_CCSale/txt_AL1'

2024-05-18 16:35:05 - [MESSAGE][PASSED] - Text '' is set on object 'Object Repository/VLink/Page_CCSale/txt_AL2'

2024-05-18 16:35:06 - [MESSAGE][PASSED] - Text 'Crofton' is set on object 'Object Repository/VLink/Page_CCSale/txt_CardCity'

2024-05-18 16:35:06 - [MESSAGE][PASSED] - Text 'MD' is set on object 'Object Repository/VLink/Page_CCSale/txt_CardState'

2024-05-18 16:35:07 - [MESSAGE][PASSED] - Text '21114' is set on object 'Object Repository/VLink/Page_CCSale/txt_CardZIP'

2024-05-18 16:35:08 - [MESSAGE][PASSED] - Text '' is set on object 'Object Repository/VLink/Page_CCSale/txt_CountryID'

2024-05-18 16:35:08 - [MESSAGE][PASSED] - Text '3.50' is set on object 'Object Repository/VLink/Page_CCSale/txt_Amount'

2024-05-18 16:35:09 - [MESSAGE][PASSED] - Text '370000000000002' is set on object 'Object Repository/VLink/Page_CCSale/txt_CardNumber'

2024-05-18 16:35:10 - [MESSAGE][PASSED] - Text '01' is set on object 'Object Repository/VLink/Page_CCSale/txt_ExpMonth'

2024-05-18 16:35:11 - [MESSAGE][PASSED] - Text '2026' is set on object 'Object Repository/VLink/Page_CCSale/txt_ExpYear'

2024-05-18 16:35:11 - [MESSAGE][PASSED] - Text '' is set on object 'Object Repository/VLink/Page_CCSale/txt_CVV'

2024-05-18 16:35:12 - [MESSAGE][PASSED] - Text '' is set on object 'Object Repository/VLink/Page_CCSale/txt_CVVstate'

2024-05-18 16:35:13 - [MESSAGE][PASSED] - Text '' is set on object 'Object Repository/VLink/Page_CCSale/txt_TrackData'

2024-05-18 16:35:13 - [MESSAGE][PASSED] - Text '' is set on object 'Object Repository/VLink/Page_CCSale/txt_Track1Data'

2024-05-18 16:35:14 - [MESSAGE][PASSED] - Text '' is set on object 'Object Repository/VLink/Page_CCSale/txt_Track2Data'

2024-05-18 16:35:15 - [MESSAGE][PASSED] - Text 'manual' is set on object 'Object Repository/VLink/Page_CCSale/txt_POSEntryMode'

2024-05-18 16:35:15 - [MESSAGE][PASSED] - Text '' is set on object 'Object Repository/VLink/Page_CCSale/txt_Email'

2024-05-18 16:35:16 - [MESSAGE][PASSED] - Text '' is set on object 'Object Repository/VLink/Page_CCSale/txt_OrderNumber'

2024-05-18 16:35:17 - [MESSAGE][PASSED] - Text '' is set on object 'Object Repository/VLink/Page_CCSale/txt_TaxAmount'

2024-05-18 16:35:17 - [MESSAGE][PASSED] - Text '' is set on object 'Object Repository/VLink/Page_CCSale/txt_ChargeDescription'

2024-05-18 16:35:18 - [MESSAGE][PASSED] - Text '' is set on object 'Object Repository/VLink/Page_CCSale/txt_CAN'

2024-05-18 16:35:19 - [MESSAGE][PASSED] - Text '' is set on object 'Object Repository/VLink/Page_CCSale/txt_BillPaymentIndicator'

2024-05-18 16:35:19 - [MESSAGE][PASSED] - Text '' is set on object 'Object Repository/VLink/Page_CCSale/txt_UDF1'

2024-05-18 16:35:20 - [MESSAGE][PASSED] - Text '' is set on object 'Object Repository/VLink/Page_CCSale/txt_UDF2'

2024-05-18 16:35:21 - [MESSAGE][PASSED] - Text '' is set on object 'Object Repository/VLink/Page_CCSale/txt_UDF3'

2024-05-18 16:35:21 - [MESSAGE][PASSED] - Text '' is set on object 'Object Repository/VLink/Page_CCSale/txt_UDF4'

2024-05-18 16:35:22 - [MESSAGE][PASSED] - Text '' is set on object 'Object Repository/VLink/Page_CCSale/txt_UDF5'

2024-05-18 16:35:23 - [MESSAGE][PASSED] - Text '' is set on object 'Object Repository/VLink/Page_CCSale/txt_UDF6'

2024-05-18 16:35:23 - [MESSAGE][PASSED] - Text '' is set on object 'Object Repository/VLink/Page_CCSale/txt_UDF7'

2024-05-18 16:35:24 - [MESSAGE][PASSED] - Text '' is set on object 'Object Repository/VLink/Page_CCSale/txt_UDF8'

2024-05-18 16:35:25 - [MESSAGE][PASSED] - Text '' is set on object 'Object Repository/VLink/Page_CCSale/txt_UDF9'

2024-05-18 16:35:25 - [MESSAGE][PASSED] - Text '' is set on object 'Object Repository/VLink/Page_CCSale/txt_UDF10'

2024-05-18 16:35:28 - [MESSAGE][PASSED] - Object: 'Object Repository/VLink/Page_CCSale/btn_ProcessVLinkTransaction' is clicked on

2024-05-18 16:35:33 - [MESSAGE][PASSED] - vlinkPages.saleCCPage.setDataSCC is PASSED

2024-05-18 16:35:33 - [TEST_STEP][PASSED] - if (verifyTextPresent("Transaction approved, no errors", true)): null

2024-05-18 16:35:33 - [MESSAGE][PASSED] - Text 'Transaction approved, no errors' is present on page  using regular expression

2024-05-18 16:35:33 - [TEST_STEP][PASSED] - println("Transaction Approved, no errors text is present on the Confirmation page"): null

2024-05-18 16:35:33 - [TEST_STEP][PASSED] - out.println("Pass Record Number: " + row): null

2024-05-18 16:35:33 - [TEST_STEP][PASSED] - resText = "Pass": null

2024-05-18 16:35:33 - [TEST_STEP][PASSED] - pages.WriteExcel.demoKey(resText, datText, resColumn, datCloumn, fileLoc, nameSheet, row): pages.WriteExcel.demoKey is PASSED

2024-05-18 16:35:33 - [MESSAGE][PASSED] - pages.WriteExcel.demoKey is PASSED

2024-05-18 16:35:33 - [TEST_STEP][PASSED] - sdfo = getText(findTestObject("Object Repository/Page_VLinkReceipt/pre_STX")): Text of object 'Object Repository/Page_VLinkReceipt/pre_STX' is: '<STX>GUlgcol81X78                  12153286            0  Transaction approved, no errors                   0                                                                                  X OK9501   <ETX>'

2024-05-18 16:35:34 - [MESSAGE][PASSED] - Text of object 'Object Repository/Page_VLinkReceipt/pre_STX' is: '<STX>GUlgcol81X78                  12153286            0  Transaction approved, no errors                   0                                                                                  X OK9501   <ETX>'

2024-05-18 16:35:34 - [TEST_STEP][PASSED] - out.println("sdfo: " + sdfo): null

2024-05-18 16:35:34 - [TEST_STEP][PASSED] - remID = substring(5, 35).trim(): null

2024-05-18 16:35:34 - [TEST_STEP][PASSED] - out.println("Remittance ID: " + remID): null

2024-05-18 16:35:34 - [TEST_STEP][PASSED] - traxID = substring(35, 55).trim(): null

2024-05-18 16:35:34 - [TEST_STEP][PASSED] - out.println("Transaction ID: " + traxID): null

2024-05-18 16:35:34 - [TEST_STEP][PASSED] - out.println("End Record Number: " + row): null

2024-05-18 16:35:34 - [TEST_STEP][PASSED] - closeBrowser(): Browser is closed

2024-05-18 16:35:35 - [MESSAGE][PASSED] - Browser is closed

2024-05-18 16:35:35 - [TEST_STEP][PASSED] - ExecuteTC = findTestData(dataFile).getValue("Execute", row): null

2024-05-18 16:35:35 - [TEST_STEP][PASSED] - out.println("Value of Execute is : " + ExecuteTC): null

2024-05-18 16:35:35 - [TEST_STEP][PASSED] - if (ExecuteTC.equalsIgnoreCase("Y")): Browser is closed

2024-05-18 16:35:35 - [TEST_STEP][PASSED] - out.println("Begin Record Number: " + row): null

2024-05-18 16:35:35 - [TEST_STEP][PASSED] - today = new java.util.Date(): null

2024-05-18 16:35:35 - [TEST_STEP][PASSED] - println(today): null

2024-05-18 16:35:35 - [TEST_STEP][PASSED] - datText = today: null

2024-05-18 16:35:35 - [TEST_STEP][PASSED] - openBrowser(VLinkURL + "authcap.html"): Browser is opened with url: 'https://dev-algorithm.govolution.com/vlinktest/QA2/version_2_0/authcap.html'

2024-05-18 16:35:35 - [MESSAGE][INFO] - Starting 'Chrome' driver

2024-05-18 16:35:35 - [MESSAGE][INFO] - User set preference: ['acceptInsecureCerts', 'true']

2024-05-18 16:35:35 - [MESSAGE][INFO] - Action delay is set to 0 milliseconds

2024-05-18 16:35:37 - [MESSAGE][PASSED] - Browser is opened with url: 'https://dev-algorithm.govolution.com/vlinktest/QA2/version_2_0/authcap.html'

2024-05-18 16:35:37 - [TEST_STEP][PASSED] - maximizeWindow(): Current window maximized

2024-05-18 16:35:37 - [MESSAGE][PASSED] - Current window maximized

2024-05-18 16:35:37 - [TEST_STEP][PASSED] - vlinkPages.saleCCPage.setDataSCC(row, dataFile): vlinkPages.saleCCPage.setDataSCC is PASSED

2024-05-18 16:35:40 - [MESSAGE][PASSED] - Object 'Object Repository/VLink/Page_CCSale/txt_CardNumber' is present

2024-05-18 16:35:41 - [MESSAGE][PASSED] - Text '104' is set on object 'Object Repository/VLink/Page_CCSale/txt_TransactionType'

2024-05-18 16:35:42 - [MESSAGE][PASSED] - Text '2.0C' is set on object 'Object Repository/VLink/Page_CCSale/txt_MessageVersion'

2024-05-18 16:35:42 - [MESSAGE][PASSED] - Text 'ECILvPyvJypW' is set on object 'Object Repository/VLink/Page_CCSale/txt_RemID'

2024-05-18 16:35:43 - [MESSAGE][PASSED] - Text '665' is set on object 'Object Repository/VLink/Page_CCSale/txt_ApplicationId'

2024-05-18 16:35:44 - [MESSAGE][PASSED] - Text 'username' is set on object 'Object Repository/VLink/Page_CCSale/txt_Username'

2024-05-18 16:35:45 - [MESSAGE][PASSED] - Text 'password' is set on object 'Object Repository/VLink/Page_CCSale/txt_Password'

2024-05-18 16:35:45 - [MESSAGE][PASSED] - Text 'fixed_width' is set on object 'Object Repository/VLink/Page_CCSale/txt_ResponseFormat'

2024-05-18 16:35:46 - [MESSAGE][PASSED] - Text 'RETL' is set on object 'Object Repository/VLink/Page_CCSale/txt_Category'

2024-05-18 16:35:47 - [MESSAGE][PASSED] - Text '' is set on object 'Object Repository/VLink/Page_CCSale/txt_TransactionID'

2024-05-18 16:35:47 - [MESSAGE][PASSED] - Text '' is set on object 'Object Repository/VLink/Page_CCSale/txt_ApprovalCode'

2024-05-18 16:35:48 - [MESSAGE][PASSED] - Text 'Kris Roshan' is set on object 'Object Repository/VLink/Page_CCSale/txt_CardName'

2024-05-18 16:35:49 - [MESSAGE][PASSED] - Text '258 Elm Road' is set on object 'Object Repository/VLink/Page_CCSale/txt_AL1'

2024-05-18 16:35:49 - [MESSAGE][PASSED] - Text 'Suite 56' is set on object 'Object Repository/VLink/Page_CCSale/txt_AL2'

2024-05-18 16:35:50 - [MESSAGE][PASSED] - Text 'Arlington' is set on object 'Object Repository/VLink/Page_CCSale/txt_CardCity'

2024-05-18 16:35:51 - [MESSAGE][PASSED] - Text 'VA' is set on object 'Object Repository/VLink/Page_CCSale/txt_CardState'

2024-05-18 16:35:52 - [MESSAGE][PASSED] - Text '22201' is set on object 'Object Repository/VLink/Page_CCSale/txt_CardZIP'

2024-05-18 16:35:52 - [MESSAGE][PASSED] - Text '840' is set on object 'Object Repository/VLink/Page_CCSale/txt_CountryID'

2024-05-18 16:35:53 - [MESSAGE][PASSED] - Text '1.50' is set on object 'Object Repository/VLink/Page_CCSale/txt_Amount'

2024-05-18 16:35:54 - [MESSAGE][PASSED] - Text '6011000000000004' is set on object 'Object Repository/VLink/Page_CCSale/txt_CardNumber'

2024-05-18 16:35:54 - [MESSAGE][PASSED] - Text '12' is set on object 'Object Repository/VLink/Page_CCSale/txt_ExpMonth'

2024-05-18 16:35:55 - [MESSAGE][PASSED] - Text '2025' is set on object 'Object Repository/VLink/Page_CCSale/txt_ExpYear'

2024-05-18 16:35:56 - [MESSAGE][PASSED] - Text '' is set on object 'Object Repository/VLink/Page_CCSale/txt_CVV'

2024-05-18 16:35:56 - [MESSAGE][PASSED] - Text '' is set on object 'Object Repository/VLink/Page_CCSale/txt_CVVstate'

2024-05-18 16:35:57 - [MESSAGE][PASSED] - Text '' is set on object 'Object Repository/VLink/Page_CCSale/txt_TrackData'

2024-05-18 16:35:58 - [MESSAGE][PASSED] - Text '' is set on object 'Object Repository/VLink/Page_CCSale/txt_Track1Data'

2024-05-18 16:35:58 - [MESSAGE][PASSED] - Text '' is set on object 'Object Repository/VLink/Page_CCSale/txt_Track2Data'

2024-05-18 16:35:59 - [MESSAGE][PASSED] - Text 'manual' is set on object 'Object Repository/VLink/Page_CCSale/txt_POSEntryMode'

2024-05-18 16:36:00 - [MESSAGE][PASSED] - Text 'iahmed@govolution.com' is set on object 'Object Repository/VLink/Page_CCSale/txt_Email'

2024-05-18 16:36:01 - [MESSAGE][PASSED] - Text '2569362' is set on object 'Object Repository/VLink/Page_CCSale/txt_OrderNumber'

2024-05-18 16:36:01 - [MESSAGE][PASSED] - Text '1.15' is set on object 'Object Repository/VLink/Page_CCSale/txt_TaxAmount'

2024-05-18 16:36:02 - [MESSAGE][PASSED] - Text 'Charge Description' is set on object 'Object Repository/VLink/Page_CCSale/txt_ChargeDescription'

2024-05-18 16:36:03 - [MESSAGE][PASSED] - Text '147357' is set on object 'Object Repository/VLink/Page_CCSale/txt_CAN'

2024-05-18 16:36:03 - [MESSAGE][PASSED] - Text '1' is set on object 'Object Repository/VLink/Page_CCSale/txt_BillPaymentIndicator'

2024-05-18 16:36:04 - [MESSAGE][PASSED] - Text 'UDF Data 1' is set on object 'Object Repository/VLink/Page_CCSale/txt_UDF1'

2024-05-18 16:36:05 - [MESSAGE][PASSED] - Text 'UDF Data 2' is set on object 'Object Repository/VLink/Page_CCSale/txt_UDF2'

2024-05-18 16:36:05 - [MESSAGE][PASSED] - Text 'UDF Data 3' is set on object 'Object Repository/VLink/Page_CCSale/txt_UDF3'

2024-05-18 16:36:06 - [MESSAGE][PASSED] - Text 'UDF Data 4' is set on object 'Object Repository/VLink/Page_CCSale/txt_UDF4'

2024-05-18 16:36:07 - [MESSAGE][PASSED] - Text 'UDF Data 5' is set on object 'Object Repository/VLink/Page_CCSale/txt_UDF5'

2024-05-18 16:36:07 - [MESSAGE][PASSED] - Text 'UDF Data 6' is set on object 'Object Repository/VLink/Page_CCSale/txt_UDF6'

2024-05-18 16:36:08 - [MESSAGE][PASSED] - Text 'UDF Data 7' is set on object 'Object Repository/VLink/Page_CCSale/txt_UDF7'

2024-05-18 16:36:09 - [MESSAGE][PASSED] - Text 'UDF Data 8' is set on object 'Object Repository/VLink/Page_CCSale/txt_UDF8'

2024-05-18 16:36:10 - [MESSAGE][PASSED] - Text 'UDF Data 9' is set on object 'Object Repository/VLink/Page_CCSale/txt_UDF9'

2024-05-18 16:36:10 - [MESSAGE][PASSED] - Text 'UDF Data 10' is set on object 'Object Repository/VLink/Page_CCSale/txt_UDF10'

2024-05-18 16:36:12 - [MESSAGE][PASSED] - Object: 'Object Repository/VLink/Page_CCSale/btn_ProcessVLinkTransaction' is clicked on

2024-05-18 16:36:17 - [MESSAGE][PASSED] - vlinkPages.saleCCPage.setDataSCC is PASSED

2024-05-18 16:36:17 - [TEST_STEP][PASSED] - if (verifyTextPresent("Transaction approved, no errors", true)): null

2024-05-18 16:36:17 - [MESSAGE][PASSED] - Text 'Transaction approved, no errors' is present on page  using regular expression

2024-05-18 16:36:17 - [TEST_STEP][PASSED] - println("Transaction Approved, no errors text is present on the Confirmation page"): null

2024-05-18 16:36:17 - [TEST_STEP][PASSED] - out.println("Pass Record Number: " + row): null

2024-05-18 16:36:17 - [TEST_STEP][PASSED] - resText = "Pass": null

2024-05-18 16:36:17 - [TEST_STEP][PASSED] - pages.WriteExcel.demoKey(resText, datText, resColumn, datCloumn, fileLoc, nameSheet, row): pages.WriteExcel.demoKey is PASSED

2024-05-18 16:36:17 - [MESSAGE][PASSED] - pages.WriteExcel.demoKey is PASSED

2024-05-18 16:36:17 - [TEST_STEP][PASSED] - sdfo = getText(findTestObject("Object Repository/Page_VLinkReceipt/pre_STX")): Text of object 'Object Repository/Page_VLinkReceipt/pre_STX' is: '<STX>ECILvPyvJypW                  12153287            0  Transaction approved, no errors                   0                                                                                  X OK7487   <ETX>'

2024-05-18 16:36:17 - [MESSAGE][PASSED] - Text of object 'Object Repository/Page_VLinkReceipt/pre_STX' is: '<STX>ECILvPyvJypW                  12153287            0  Transaction approved, no errors                   0                                                                                  X OK7487   <ETX>'

2024-05-18 16:36:17 - [TEST_STEP][PASSED] - out.println("sdfo: " + sdfo): null

2024-05-18 16:36:17 - [TEST_STEP][PASSED] - remID = substring(5, 35).trim(): null

2024-05-18 16:36:17 - [TEST_STEP][PASSED] - out.println("Remittance ID: " + remID): null

2024-05-18 16:36:17 - [TEST_STEP][PASSED] - traxID = substring(35, 55).trim(): null

2024-05-18 16:36:17 - [TEST_STEP][PASSED] - out.println("Transaction ID: " + traxID): null

2024-05-18 16:36:17 - [TEST_STEP][PASSED] - out.println("End Record Number: " + row): null

2024-05-18 16:36:17 - [TEST_STEP][PASSED] - closeBrowser(): Browser is closed

2024-05-18 16:36:19 - [MESSAGE][PASSED] - Browser is closed

2024-05-18 16:36:19 - [TEST_STEP][PASSED] - ExecuteTC = findTestData(dataFile).getValue("Execute", row): null

2024-05-18 16:36:19 - [TEST_STEP][PASSED] - out.println("Value of Execute is : " + ExecuteTC): null

2024-05-18 16:36:19 - [TEST_STEP][PASSED] - if (ExecuteTC.equalsIgnoreCase("Y")): null

2024-05-18 16:36:19 - [TEST_STEP][PASSED] - ExecuteTC = findTestData(dataFile).getValue("Execute", row): null

2024-05-18 16:36:19 - [TEST_STEP][PASSED] - out.println("Value of Execute is : " + ExecuteTC): null

2024-05-18 16:36:19 - [TEST_STEP][PASSED] - if (ExecuteTC.equalsIgnoreCase("Y")): Browser is closed

2024-05-18 16:36:19 - [TEST_STEP][PASSED] - out.println("Begin Record Number: " + row): null

2024-05-18 16:36:19 - [TEST_STEP][PASSED] - today = new java.util.Date(): null

2024-05-18 16:36:19 - [TEST_STEP][PASSED] - println(today): null

2024-05-18 16:36:19 - [TEST_STEP][PASSED] - datText = today: null

2024-05-18 16:36:19 - [TEST_STEP][PASSED] - openBrowser(VLinkURL + "authcap.html"): Browser is opened with url: 'https://dev-algorithm.govolution.com/vlinktest/QA2/version_2_0/authcap.html'

2024-05-18 16:36:19 - [MESSAGE][INFO] - Starting 'Chrome' driver

2024-05-18 16:36:19 - [MESSAGE][INFO] - User set preference: ['acceptInsecureCerts', 'true']

2024-05-18 16:36:19 - [MESSAGE][INFO] - Action delay is set to 0 milliseconds

2024-05-18 16:36:21 - [MESSAGE][PASSED] - Browser is opened with url: 'https://dev-algorithm.govolution.com/vlinktest/QA2/version_2_0/authcap.html'

2024-05-18 16:36:21 - [TEST_STEP][PASSED] - maximizeWindow(): Current window maximized

2024-05-18 16:36:21 - [MESSAGE][PASSED] - Current window maximized

2024-05-18 16:36:21 - [TEST_STEP][PASSED] - vlinkPages.saleCCPage.setDataSCC(row, dataFile): vlinkPages.saleCCPage.setDataSCC is PASSED

2024-05-18 16:36:24 - [MESSAGE][PASSED] - Object 'Object Repository/VLink/Page_CCSale/txt_CardNumber' is present

2024-05-18 16:36:25 - [MESSAGE][PASSED] - Text '104' is set on object 'Object Repository/VLink/Page_CCSale/txt_TransactionType'

2024-05-18 16:36:26 - [MESSAGE][PASSED] - Text '2.0C' is set on object 'Object Repository/VLink/Page_CCSale/txt_MessageVersion'

2024-05-18 16:36:26 - [MESSAGE][PASSED] - Text 'WE69snVpNaq1' is set on object 'Object Repository/VLink/Page_CCSale/txt_RemID'

2024-05-18 16:36:27 - [MESSAGE][PASSED] - Text '667' is set on object 'Object Repository/VLink/Page_CCSale/txt_ApplicationId'

2024-05-18 16:36:28 - [MESSAGE][PASSED] - Text 'username' is set on object 'Object Repository/VLink/Page_CCSale/txt_Username'

2024-05-18 16:36:28 - [MESSAGE][PASSED] - Text 'password' is set on object 'Object Repository/VLink/Page_CCSale/txt_Password'

2024-05-18 16:36:29 - [MESSAGE][PASSED] - Text 'fixed_width' is set on object 'Object Repository/VLink/Page_CCSale/txt_ResponseFormat'

2024-05-18 16:36:30 - [MESSAGE][PASSED] - Text 'ECOM' is set on object 'Object Repository/VLink/Page_CCSale/txt_Category'

2024-05-18 16:36:30 - [MESSAGE][PASSED] - Text '' is set on object 'Object Repository/VLink/Page_CCSale/txt_TransactionID'

2024-05-18 16:36:31 - [MESSAGE][PASSED] - Text '' is set on object 'Object Repository/VLink/Page_CCSale/txt_ApprovalCode'

2024-05-18 16:36:32 - [MESSAGE][PASSED] - Text 'Arvind Silva' is set on object 'Object Repository/VLink/Page_CCSale/txt_CardName'

2024-05-18 16:36:32 - [MESSAGE][PASSED] - Text '111 Main Ave' is set on object 'Object Repository/VLink/Page_CCSale/txt_AL1'

2024-05-18 16:36:33 - [MESSAGE][PASSED] - Text '' is set on object 'Object Repository/VLink/Page_CCSale/txt_AL2'

2024-05-18 16:36:34 - [MESSAGE][PASSED] - Text 'Arlington' is set on object 'Object Repository/VLink/Page_CCSale/txt_CardCity'

2024-05-18 16:36:35 - [MESSAGE][PASSED] - Text 'VA' is set on object 'Object Repository/VLink/Page_CCSale/txt_CardState'

2024-05-18 16:36:35 - [MESSAGE][PASSED] - Text '22201' is set on object 'Object Repository/VLink/Page_CCSale/txt_CardZIP'

2024-05-18 16:36:36 - [MESSAGE][PASSED] - Text '' is set on object 'Object Repository/VLink/Page_CCSale/txt_CountryID'

2024-05-18 16:36:37 - [MESSAGE][PASSED] - Text '2.50' is set on object 'Object Repository/VLink/Page_CCSale/txt_Amount'

2024-05-18 16:36:37 - [MESSAGE][PASSED] - Text '5424000000000015' is set on object 'Object Repository/VLink/Page_CCSale/txt_CardNumber'

2024-05-18 16:36:38 - [MESSAGE][PASSED] - Text '01' is set on object 'Object Repository/VLink/Page_CCSale/txt_ExpMonth'

2024-05-18 16:36:39 - [MESSAGE][PASSED] - Text '2026' is set on object 'Object Repository/VLink/Page_CCSale/txt_ExpYear'

2024-05-18 16:36:39 - [MESSAGE][PASSED] - Text '' is set on object 'Object Repository/VLink/Page_CCSale/txt_CVV'

2024-05-18 16:36:40 - [MESSAGE][PASSED] - Text '' is set on object 'Object Repository/VLink/Page_CCSale/txt_CVVstate'

2024-05-18 16:36:41 - [MESSAGE][PASSED] - Text '' is set on object 'Object Repository/VLink/Page_CCSale/txt_TrackData'

2024-05-18 16:36:41 - [MESSAGE][PASSED] - Text '' is set on object 'Object Repository/VLink/Page_CCSale/txt_Track1Data'

2024-05-18 16:36:42 - [MESSAGE][PASSED] - Text '' is set on object 'Object Repository/VLink/Page_CCSale/txt_Track2Data'

2024-05-18 16:36:43 - [MESSAGE][PASSED] - Text 'manual' is set on object 'Object Repository/VLink/Page_CCSale/txt_POSEntryMode'

2024-05-18 16:36:43 - [MESSAGE][PASSED] - Text '' is set on object 'Object Repository/VLink/Page_CCSale/txt_Email'

2024-05-18 16:36:44 - [MESSAGE][PASSED] - Text '' is set on object 'Object Repository/VLink/Page_CCSale/txt_OrderNumber'

2024-05-18 16:36:45 - [MESSAGE][PASSED] - Text '' is set on object 'Object Repository/VLink/Page_CCSale/txt_TaxAmount'

2024-05-18 16:36:45 - [MESSAGE][PASSED] - Text '' is set on object 'Object Repository/VLink/Page_CCSale/txt_ChargeDescription'

2024-05-18 16:36:46 - [MESSAGE][PASSED] - Text '' is set on object 'Object Repository/VLink/Page_CCSale/txt_CAN'

2024-05-18 16:36:47 - [MESSAGE][PASSED] - Text '' is set on object 'Object Repository/VLink/Page_CCSale/txt_BillPaymentIndicator'

2024-05-18 16:36:48 - [MESSAGE][PASSED] - Text '' is set on object 'Object Repository/VLink/Page_CCSale/txt_UDF1'

2024-05-18 16:36:48 - [MESSAGE][PASSED] - Text '' is set on object 'Object Repository/VLink/Page_CCSale/txt_UDF2'

2024-05-18 16:36:49 - [MESSAGE][PASSED] - Text '' is set on object 'Object Repository/VLink/Page_CCSale/txt_UDF3'

2024-05-18 16:36:50 - [MESSAGE][PASSED] - Text '' is set on object 'Object Repository/VLink/Page_CCSale/txt_UDF4'

2024-05-18 16:36:50 - [MESSAGE][PASSED] - Text '' is set on object 'Object Repository/VLink/Page_CCSale/txt_UDF5'

2024-05-18 16:36:51 - [MESSAGE][PASSED] - Text '' is set on object 'Object Repository/VLink/Page_CCSale/txt_UDF6'

2024-05-18 16:36:52 - [MESSAGE][PASSED] - Text '' is set on object 'Object Repository/VLink/Page_CCSale/txt_UDF7'

2024-05-18 16:36:52 - [MESSAGE][PASSED] - Text '' is set on object 'Object Repository/VLink/Page_CCSale/txt_UDF8'

2024-05-18 16:36:53 - [MESSAGE][PASSED] - Text '' is set on object 'Object Repository/VLink/Page_CCSale/txt_UDF9'

2024-05-18 16:36:54 - [MESSAGE][PASSED] - Text '' is set on object 'Object Repository/VLink/Page_CCSale/txt_UDF10'

2024-05-18 16:36:57 - [MESSAGE][PASSED] - Object: 'Object Repository/VLink/Page_CCSale/btn_ProcessVLinkTransaction' is clicked on

2024-05-18 16:37:02 - [MESSAGE][PASSED] - vlinkPages.saleCCPage.setDataSCC is PASSED

2024-05-18 16:37:02 - [TEST_STEP][PASSED] - if (verifyTextPresent("Transaction approved, no errors", true)): null

2024-05-18 16:37:03 - [MESSAGE][PASSED] - Text 'Transaction approved, no errors' is present on page  using regular expression

2024-05-18 16:37:03 - [TEST_STEP][PASSED] - println("Transaction Approved, no errors text is present on the Confirmation page"): null

2024-05-18 16:37:03 - [TEST_STEP][PASSED] - out.println("Pass Record Number: " + row): null

2024-05-18 16:37:03 - [TEST_STEP][PASSED] - resText = "Pass": null

2024-05-18 16:37:03 - [TEST_STEP][PASSED] - pages.WriteExcel.demoKey(resText, datText, resColumn, datCloumn, fileLoc, nameSheet, row): pages.WriteExcel.demoKey is PASSED

2024-05-18 16:37:03 - [MESSAGE][PASSED] - pages.WriteExcel.demoKey is PASSED

2024-05-18 16:37:03 - [TEST_STEP][PASSED] - sdfo = getText(findTestObject("Object Repository/Page_VLinkReceipt/pre_STX")): Text of object 'Object Repository/Page_VLinkReceipt/pre_STX' is: '<STX>WE69snVpNaq1                  12153288            0  Transaction approved, no errors                   0                                                                                  Y OK9018   <ETX>'

2024-05-18 16:37:03 - [MESSAGE][PASSED] - Text of object 'Object Repository/Page_VLinkReceipt/pre_STX' is: '<STX>WE69snVpNaq1                  12153288            0  Transaction approved, no errors                   0                                                                                  Y OK9018   <ETX>'

2024-05-18 16:37:03 - [TEST_STEP][PASSED] - out.println("sdfo: " + sdfo): null

2024-05-18 16:37:03 - [TEST_STEP][PASSED] - remID = substring(5, 35).trim(): null

2024-05-18 16:37:03 - [TEST_STEP][PASSED] - out.println("Remittance ID: " + remID): null

2024-05-18 16:37:03 - [TEST_STEP][PASSED] - traxID = substring(35, 55).trim(): null

2024-05-18 16:37:03 - [TEST_STEP][PASSED] - out.println("Transaction ID: " + traxID): null

2024-05-18 16:37:03 - [TEST_STEP][PASSED] - out.println("End Record Number: " + row): null

2024-05-18 16:37:03 - [TEST_STEP][PASSED] - closeBrowser(): Browser is closed

2024-05-18 16:37:04 - [MESSAGE][PASSED] - Browser is closed

2024-05-18 16:37:04 - [TEST_STEP][PASSED] - ExecuteTC = findTestData(dataFile).getValue("Execute", row): null

2024-05-18 16:37:04 - [TEST_STEP][PASSED] - out.println("Value of Execute is : " + ExecuteTC): null

2024-05-18 16:37:04 - [TEST_STEP][PASSED] - if (ExecuteTC.equalsIgnoreCase("Y")): Browser is closed

2024-05-18 16:37:04 - [TEST_STEP][PASSED] - out.println("Begin Record Number: " + row): null

2024-05-18 16:37:04 - [TEST_STEP][PASSED] - today = new java.util.Date(): null

2024-05-18 16:37:04 - [TEST_STEP][PASSED] - println(today): null

2024-05-18 16:37:04 - [TEST_STEP][PASSED] - datText = today: null

2024-05-18 16:37:04 - [TEST_STEP][PASSED] - openBrowser(VLinkURL + "authcap.html"): Browser is opened with url: 'https://dev-algorithm.govolution.com/vlinktest/QA2/version_2_0/authcap.html'

2024-05-18 16:37:04 - [MESSAGE][INFO] - Starting 'Chrome' driver

2024-05-18 16:37:04 - [MESSAGE][INFO] - User set preference: ['acceptInsecureCerts', 'true']

2024-05-18 16:37:04 - [MESSAGE][INFO] - Action delay is set to 0 milliseconds

2024-05-18 16:37:06 - [MESSAGE][PASSED] - Browser is opened with url: 'https://dev-algorithm.govolution.com/vlinktest/QA2/version_2_0/authcap.html'

2024-05-18 16:37:06 - [TEST_STEP][PASSED] - maximizeWindow(): Current window maximized

2024-05-18 16:37:07 - [MESSAGE][PASSED] - Current window maximized

2024-05-18 16:37:07 - [TEST_STEP][PASSED] - vlinkPages.saleCCPage.setDataSCC(row, dataFile): vlinkPages.saleCCPage.setDataSCC is PASSED

2024-05-18 16:37:10 - [MESSAGE][PASSED] - Object 'Object Repository/VLink/Page_CCSale/txt_CardNumber' is present

2024-05-18 16:37:11 - [MESSAGE][PASSED] - Text '104' is set on object 'Object Repository/VLink/Page_CCSale/txt_TransactionType'

2024-05-18 16:37:11 - [MESSAGE][PASSED] - Text '2.0C' is set on object 'Object Repository/VLink/Page_CCSale/txt_MessageVersion'

2024-05-18 16:37:12 - [MESSAGE][PASSED] - Text 'y74AQmmzbX2m' is set on object 'Object Repository/VLink/Page_CCSale/txt_RemID'

2024-05-18 16:37:13 - [MESSAGE][PASSED] - Text '667' is set on object 'Object Repository/VLink/Page_CCSale/txt_ApplicationId'

2024-05-18 16:37:13 - [MESSAGE][PASSED] - Text 'username' is set on object 'Object Repository/VLink/Page_CCSale/txt_Username'

2024-05-18 16:37:14 - [MESSAGE][PASSED] - Text 'password' is set on object 'Object Repository/VLink/Page_CCSale/txt_Password'

2024-05-18 16:37:15 - [MESSAGE][PASSED] - Text 'fixed_width' is set on object 'Object Repository/VLink/Page_CCSale/txt_ResponseFormat'

2024-05-18 16:37:15 - [MESSAGE][PASSED] - Text 'ECOM' is set on object 'Object Repository/VLink/Page_CCSale/txt_Category'

2024-05-18 16:37:16 - [MESSAGE][PASSED] - Text '' is set on object 'Object Repository/VLink/Page_CCSale/txt_TransactionID'

2024-05-18 16:37:17 - [MESSAGE][PASSED] - Text '' is set on object 'Object Repository/VLink/Page_CCSale/txt_ApprovalCode'

2024-05-18 16:37:18 - [MESSAGE][PASSED] - Text 'Roshan Maha' is set on object 'Object Repository/VLink/Page_CCSale/txt_CardName'

2024-05-18 16:37:18 - [MESSAGE][PASSED] - Text '12563 Bazaar road' is set on object 'Object Repository/VLink/Page_CCSale/txt_AL1'

2024-05-18 16:37:19 - [MESSAGE][PASSED] - Text '' is set on object 'Object Repository/VLink/Page_CCSale/txt_AL2'

2024-05-18 16:37:20 - [MESSAGE][PASSED] - Text 'Crofton' is set on object 'Object Repository/VLink/Page_CCSale/txt_CardCity'

2024-05-18 16:37:20 - [MESSAGE][PASSED] - Text 'MD' is set on object 'Object Repository/VLink/Page_CCSale/txt_CardState'

2024-05-18 16:37:21 - [MESSAGE][PASSED] - Text '21114' is set on object 'Object Repository/VLink/Page_CCSale/txt_CardZIP'

2024-05-18 16:37:22 - [MESSAGE][PASSED] - Text '' is set on object 'Object Repository/VLink/Page_CCSale/txt_CountryID'

2024-05-18 16:37:23 - [MESSAGE][PASSED] - Text '3.50' is set on object 'Object Repository/VLink/Page_CCSale/txt_Amount'

2024-05-18 16:37:23 - [MESSAGE][PASSED] - Text '370000000000002' is set on object 'Object Repository/VLink/Page_CCSale/txt_CardNumber'

2024-05-18 16:37:24 - [MESSAGE][PASSED] - Text '01' is set on object 'Object Repository/VLink/Page_CCSale/txt_ExpMonth'

2024-05-18 16:37:25 - [MESSAGE][PASSED] - Text '2026' is set on object 'Object Repository/VLink/Page_CCSale/txt_ExpYear'

2024-05-18 16:37:25 - [MESSAGE][PASSED] - Text '' is set on object 'Object Repository/VLink/Page_CCSale/txt_CVV'

2024-05-18 16:37:26 - [MESSAGE][PASSED] - Text '' is set on object 'Object Repository/VLink/Page_CCSale/txt_CVVstate'

2024-05-18 16:37:27 - [MESSAGE][PASSED] - Text '' is set on object 'Object Repository/VLink/Page_CCSale/txt_TrackData'

2024-05-18 16:37:27 - [MESSAGE][PASSED] - Text '' is set on object 'Object Repository/VLink/Page_CCSale/txt_Track1Data'

2024-05-18 16:37:28 - [MESSAGE][PASSED] - Text '' is set on object 'Object Repository/VLink/Page_CCSale/txt_Track2Data'

2024-05-18 16:37:29 - [MESSAGE][PASSED] - Text 'manual' is set on object 'Object Repository/VLink/Page_CCSale/txt_POSEntryMode'

2024-05-18 16:37:30 - [MESSAGE][PASSED] - Text '' is set on object 'Object Repository/VLink/Page_CCSale/txt_Email'

2024-05-18 16:37:30 - [MESSAGE][PASSED] - Text '' is set on object 'Object Repository/VLink/Page_CCSale/txt_OrderNumber'

2024-05-18 16:37:31 - [MESSAGE][PASSED] - Text '' is set on object 'Object Repository/VLink/Page_CCSale/txt_TaxAmount'

2024-05-18 16:37:32 - [MESSAGE][PASSED] - Text '' is set on object 'Object Repository/VLink/Page_CCSale/txt_ChargeDescription'

2024-05-18 16:37:32 - [MESSAGE][PASSED] - Text '' is set on object 'Object Repository/VLink/Page_CCSale/txt_CAN'

2024-05-18 16:37:33 - [MESSAGE][PASSED] - Text '' is set on object 'Object Repository/VLink/Page_CCSale/txt_BillPaymentIndicator'

2024-05-18 16:37:34 - [MESSAGE][PASSED] - Text '' is set on object 'Object Repository/VLink/Page_CCSale/txt_UDF1'

2024-05-18 16:37:34 - [MESSAGE][PASSED] - Text '' is set on object 'Object Repository/VLink/Page_CCSale/txt_UDF2'

2024-05-18 16:37:35 - [MESSAGE][PASSED] - Text '' is set on object 'Object Repository/VLink/Page_CCSale/txt_UDF3'

2024-05-18 16:37:36 - [MESSAGE][PASSED] - Text '' is set on object 'Object Repository/VLink/Page_CCSale/txt_UDF4'

2024-05-18 16:37:36 - [MESSAGE][PASSED] - Text '' is set on object 'Object Repository/VLink/Page_CCSale/txt_UDF5'

2024-05-18 16:37:37 - [MESSAGE][PASSED] - Text '' is set on object 'Object Repository/VLink/Page_CCSale/txt_UDF6'

2024-05-18 16:37:38 - [MESSAGE][PASSED] - Text '' is set on object 'Object Repository/VLink/Page_CCSale/txt_UDF7'

2024-05-18 16:37:38 - [MESSAGE][PASSED] - Text '' is set on object 'Object Repository/VLink/Page_CCSale/txt_UDF8'

2024-05-18 16:37:39 - [MESSAGE][PASSED] - Text '' is set on object 'Object Repository/VLink/Page_CCSale/txt_UDF9'

2024-05-18 16:37:40 - [MESSAGE][PASSED] - Text '' is set on object 'Object Repository/VLink/Page_CCSale/txt_UDF10'

2024-05-18 16:37:44 - [MESSAGE][PASSED] - Object: 'Object Repository/VLink/Page_CCSale/btn_ProcessVLinkTransaction' is clicked on

2024-05-18 16:37:49 - [MESSAGE][PASSED] - vlinkPages.saleCCPage.setDataSCC is PASSED

2024-05-18 16:37:49 - [TEST_STEP][PASSED] - if (verifyTextPresent("Transaction approved, no errors", true)): null

2024-05-18 16:37:49 - [MESSAGE][PASSED] - Text 'Transaction approved, no errors' is present on page  using regular expression

2024-05-18 16:37:49 - [TEST_STEP][PASSED] - println("Transaction Approved, no errors text is present on the Confirmation page"): null

2024-05-18 16:37:49 - [TEST_STEP][PASSED] - out.println("Pass Record Number: " + row): null

2024-05-18 16:37:49 - [TEST_STEP][PASSED] - resText = "Pass": null

2024-05-18 16:37:49 - [TEST_STEP][PASSED] - pages.WriteExcel.demoKey(resText, datText, resColumn, datCloumn, fileLoc, nameSheet, row): pages.WriteExcel.demoKey is PASSED

2024-05-18 16:37:49 - [MESSAGE][PASSED] - pages.WriteExcel.demoKey is PASSED

2024-05-18 16:37:49 - [TEST_STEP][PASSED] - sdfo = getText(findTestObject("Object Repository/Page_VLinkReceipt/pre_STX")): Text of object 'Object Repository/Page_VLinkReceipt/pre_STX' is: '<STX>y74AQmmzbX2m                  12153289            0  Transaction approved, no errors                   0                                                                                  Y OK9058   <ETX>'

2024-05-18 16:37:50 - [MESSAGE][PASSED] - Text of object 'Object Repository/Page_VLinkReceipt/pre_STX' is: '<STX>y74AQmmzbX2m                  12153289            0  Transaction approved, no errors                   0                                                                                  Y OK9058   <ETX>'

2024-05-18 16:37:50 - [TEST_STEP][PASSED] - out.println("sdfo: " + sdfo): null

2024-05-18 16:37:50 - [TEST_STEP][PASSED] - remID = substring(5, 35).trim(): null

2024-05-18 16:37:50 - [TEST_STEP][PASSED] - out.println("Remittance ID: " + remID): null

2024-05-18 16:37:50 - [TEST_STEP][PASSED] - traxID = substring(35, 55).trim(): null

2024-05-18 16:37:50 - [TEST_STEP][PASSED] - out.println("Transaction ID: " + traxID): null

2024-05-18 16:37:50 - [TEST_STEP][PASSED] - out.println("End Record Number: " + row): null

2024-05-18 16:37:50 - [TEST_STEP][PASSED] - closeBrowser(): Browser is closed

2024-05-18 16:37:51 - [MESSAGE][PASSED] - Browser is closed

2024-05-18 16:37:51 - [TEST_STEP][PASSED] - ExecuteTC = findTestData(dataFile).getValue("Execute", row): null

2024-05-18 16:37:51 - [TEST_STEP][PASSED] - out.println("Value of Execute is : " + ExecuteTC): null

2024-05-18 16:37:51 - [TEST_STEP][PASSED] - if (ExecuteTC.equalsIgnoreCase("Y")): Browser is closed

2024-05-18 16:37:51 - [TEST_STEP][PASSED] - out.println("Begin Record Number: " + row): null

2024-05-18 16:37:51 - [TEST_STEP][PASSED] - today = new java.util.Date(): null

2024-05-18 16:37:51 - [TEST_STEP][PASSED] - println(today): null

2024-05-18 16:37:51 - [TEST_STEP][PASSED] - datText = today: null

2024-05-18 16:37:51 - [TEST_STEP][PASSED] - openBrowser(VLinkURL + "authcap.html"): Browser is opened with url: 'https://dev-algorithm.govolution.com/vlinktest/QA2/version_2_0/authcap.html'

2024-05-18 16:37:51 - [MESSAGE][INFO] - Starting 'Chrome' driver

2024-05-18 16:37:51 - [MESSAGE][INFO] - User set preference: ['acceptInsecureCerts', 'true']

2024-05-18 16:37:51 - [MESSAGE][INFO] - Action delay is set to 0 milliseconds

2024-05-18 16:37:53 - [MESSAGE][PASSED] - Browser is opened with url: 'https://dev-algorithm.govolution.com/vlinktest/QA2/version_2_0/authcap.html'

2024-05-18 16:37:53 - [TEST_STEP][PASSED] - maximizeWindow(): Current window maximized

2024-05-18 16:37:53 - [MESSAGE][PASSED] - Current window maximized

2024-05-18 16:37:53 - [TEST_STEP][PASSED] - vlinkPages.saleCCPage.setDataSCC(row, dataFile): vlinkPages.saleCCPage.setDataSCC is PASSED

2024-05-18 16:37:56 - [MESSAGE][PASSED] - Object 'Object Repository/VLink/Page_CCSale/txt_CardNumber' is present

2024-05-18 16:37:57 - [MESSAGE][PASSED] - Text '104' is set on object 'Object Repository/VLink/Page_CCSale/txt_TransactionType'

2024-05-18 16:37:58 - [MESSAGE][PASSED] - Text '2.0C' is set on object 'Object Repository/VLink/Page_CCSale/txt_MessageVersion'

2024-05-18 16:37:58 - [MESSAGE][PASSED] - Text 'PYqvIfiy81ZS' is set on object 'Object Repository/VLink/Page_CCSale/txt_RemID'

2024-05-18 16:37:59 - [MESSAGE][PASSED] - Text '667' is set on object 'Object Repository/VLink/Page_CCSale/txt_ApplicationId'

2024-05-18 16:38:00 - [MESSAGE][PASSED] - Text 'username' is set on object 'Object Repository/VLink/Page_CCSale/txt_Username'

2024-05-18 16:38:00 - [MESSAGE][PASSED] - Text 'password' is set on object 'Object Repository/VLink/Page_CCSale/txt_Password'

2024-05-18 16:38:01 - [MESSAGE][PASSED] - Text 'fixed_width' is set on object 'Object Repository/VLink/Page_CCSale/txt_ResponseFormat'

2024-05-18 16:38:02 - [MESSAGE][PASSED] - Text 'ECOM' is set on object 'Object Repository/VLink/Page_CCSale/txt_Category'

2024-05-18 16:38:02 - [MESSAGE][PASSED] - Text '' is set on object 'Object Repository/VLink/Page_CCSale/txt_TransactionID'

2024-05-18 16:38:03 - [MESSAGE][PASSED] - Text '' is set on object 'Object Repository/VLink/Page_CCSale/txt_ApprovalCode'

2024-05-18 16:38:04 - [MESSAGE][PASSED] - Text 'Kris Roshan' is set on object 'Object Repository/VLink/Page_CCSale/txt_CardName'

2024-05-18 16:38:04 - [MESSAGE][PASSED] - Text '258 Elm Road' is set on object 'Object Repository/VLink/Page_CCSale/txt_AL1'

2024-05-18 16:38:05 - [MESSAGE][PASSED] - Text 'Suite 56' is set on object 'Object Repository/VLink/Page_CCSale/txt_AL2'

2024-05-18 16:38:06 - [MESSAGE][PASSED] - Text 'Arlington' is set on object 'Object Repository/VLink/Page_CCSale/txt_CardCity'

2024-05-18 16:38:07 - [MESSAGE][PASSED] - Text 'VA' is set on object 'Object Repository/VLink/Page_CCSale/txt_CardState'

2024-05-18 16:38:07 - [MESSAGE][PASSED] - Text '22201' is set on object 'Object Repository/VLink/Page_CCSale/txt_CardZIP'

2024-05-18 16:38:08 - [MESSAGE][PASSED] - Text '840' is set on object 'Object Repository/VLink/Page_CCSale/txt_CountryID'

2024-05-18 16:38:09 - [MESSAGE][PASSED] - Text '1.50' is set on object 'Object Repository/VLink/Page_CCSale/txt_Amount'

2024-05-18 16:38:09 - [MESSAGE][PASSED] - Text '6011000000000004' is set on object 'Object Repository/VLink/Page_CCSale/txt_CardNumber'

2024-05-18 16:38:10 - [MESSAGE][PASSED] - Text '12' is set on object 'Object Repository/VLink/Page_CCSale/txt_ExpMonth'

2024-05-18 16:38:11 - [MESSAGE][PASSED] - Text '2025' is set on object 'Object Repository/VLink/Page_CCSale/txt_ExpYear'

2024-05-18 16:38:12 - [MESSAGE][PASSED] - Text '' is set on object 'Object Repository/VLink/Page_CCSale/txt_CVV'

2024-05-18 16:38:12 - [MESSAGE][PASSED] - Text '' is set on object 'Object Repository/VLink/Page_CCSale/txt_CVVstate'

2024-05-18 16:38:13 - [MESSAGE][PASSED] - Text '' is set on object 'Object Repository/VLink/Page_CCSale/txt_TrackData'

2024-05-18 16:38:14 - [MESSAGE][PASSED] - Text '' is set on object 'Object Repository/VLink/Page_CCSale/txt_Track1Data'

2024-05-18 16:38:14 - [MESSAGE][PASSED] - Text '' is set on object 'Object Repository/VLink/Page_CCSale/txt_Track2Data'

2024-05-18 16:38:15 - [MESSAGE][PASSED] - Text 'manual' is set on object 'Object Repository/VLink/Page_CCSale/txt_POSEntryMode'

2024-05-18 16:38:16 - [MESSAGE][PASSED] - Text 'iahmed@govolution.com' is set on object 'Object Repository/VLink/Page_CCSale/txt_Email'

2024-05-18 16:38:16 - [MESSAGE][PASSED] - Text '2569362' is set on object 'Object Repository/VLink/Page_CCSale/txt_OrderNumber'

2024-05-18 16:38:17 - [MESSAGE][PASSED] - Text '1.15' is set on object 'Object Repository/VLink/Page_CCSale/txt_TaxAmount'

2024-05-18 16:38:18 - [MESSAGE][PASSED] - Text 'Charge Description' is set on object 'Object Repository/VLink/Page_CCSale/txt_ChargeDescription'

2024-05-18 16:38:18 - [MESSAGE][PASSED] - Text '147357' is set on object 'Object Repository/VLink/Page_CCSale/txt_CAN'

2024-05-18 16:38:19 - [MESSAGE][PASSED] - Text '1' is set on object 'Object Repository/VLink/Page_CCSale/txt_BillPaymentIndicator'

2024-05-18 16:38:20 - [MESSAGE][PASSED] - Text 'UDF Data 1' is set on object 'Object Repository/VLink/Page_CCSale/txt_UDF1'

2024-05-18 16:38:21 - [MESSAGE][PASSED] - Text 'UDF Data 2' is set on object 'Object Repository/VLink/Page_CCSale/txt_UDF2'

2024-05-18 16:38:21 - [MESSAGE][PASSED] - Text 'UDF Data 3' is set on object 'Object Repository/VLink/Page_CCSale/txt_UDF3'

2024-05-18 16:38:22 - [MESSAGE][PASSED] - Text 'UDF Data 4' is set on object 'Object Repository/VLink/Page_CCSale/txt_UDF4'

2024-05-18 16:38:23 - [MESSAGE][PASSED] - Text 'UDF Data 5' is set on object 'Object Repository/VLink/Page_CCSale/txt_UDF5'

2024-05-18 16:38:24 - [MESSAGE][PASSED] - Text 'UDF Data 6' is set on object 'Object Repository/VLink/Page_CCSale/txt_UDF6'

2024-05-18 16:38:24 - [MESSAGE][PASSED] - Text 'UDF Data 7' is set on object 'Object Repository/VLink/Page_CCSale/txt_UDF7'

2024-05-18 16:38:25 - [MESSAGE][PASSED] - Text 'UDF Data 8' is set on object 'Object Repository/VLink/Page_CCSale/txt_UDF8'

2024-05-18 16:38:26 - [MESSAGE][PASSED] - Text 'UDF Data 9' is set on object 'Object Repository/VLink/Page_CCSale/txt_UDF9'

2024-05-18 16:38:26 - [MESSAGE][PASSED] - Text 'UDF Data 10' is set on object 'Object Repository/VLink/Page_CCSale/txt_UDF10'

2024-05-18 16:38:31 - [MESSAGE][PASSED] - Object: 'Object Repository/VLink/Page_CCSale/btn_ProcessVLinkTransaction' is clicked on

2024-05-18 16:38:36 - [MESSAGE][PASSED] - vlinkPages.saleCCPage.setDataSCC is PASSED

2024-05-18 16:38:36 - [TEST_STEP][PASSED] - if (verifyTextPresent("Transaction approved, no errors", true)): null

2024-05-18 16:38:36 - [MESSAGE][PASSED] - Text 'Transaction approved, no errors' is present on page  using regular expression

2024-05-18 16:38:36 - [TEST_STEP][PASSED] - println("Transaction Approved, no errors text is present on the Confirmation page"): null

2024-05-18 16:38:36 - [TEST_STEP][PASSED] - out.println("Pass Record Number: " + row): null

2024-05-18 16:38:36 - [TEST_STEP][PASSED] - resText = "Pass": null

2024-05-18 16:38:36 - [TEST_STEP][PASSED] - pages.WriteExcel.demoKey(resText, datText, resColumn, datCloumn, fileLoc, nameSheet, row): pages.WriteExcel.demoKey is PASSED

2024-05-18 16:38:36 - [MESSAGE][PASSED] - pages.WriteExcel.demoKey is PASSED

2024-05-18 16:38:36 - [TEST_STEP][PASSED] - sdfo = getText(findTestObject("Object Repository/Page_VLinkReceipt/pre_STX")): Text of object 'Object Repository/Page_VLinkReceipt/pre_STX' is: '<STX>PYqvIfiy81ZS                  12153290            0  Transaction approved, no errors                   0                                                                                  Y OK9098   <ETX>'

2024-05-18 16:38:36 - [MESSAGE][PASSED] - Text of object 'Object Repository/Page_VLinkReceipt/pre_STX' is: '<STX>PYqvIfiy81ZS                  12153290            0  Transaction approved, no errors                   0                                                                                  Y OK9098   <ETX>'

2024-05-18 16:38:36 - [TEST_STEP][PASSED] - out.println("sdfo: " + sdfo): null

2024-05-18 16:38:36 - [TEST_STEP][PASSED] - remID = substring(5, 35).trim(): null

2024-05-18 16:38:36 - [TEST_STEP][PASSED] - out.println("Remittance ID: " + remID): null

2024-05-18 16:38:36 - [TEST_STEP][PASSED] - traxID = substring(35, 55).trim(): null

2024-05-18 16:38:36 - [TEST_STEP][PASSED] - out.println("Transaction ID: " + traxID): null

2024-05-18 16:38:36 - [TEST_STEP][PASSED] - out.println("End Record Number: " + row): null

2024-05-18 16:38:36 - [TEST_STEP][PASSED] - closeBrowser(): Browser is closed

2024-05-18 16:38:37 - [MESSAGE][PASSED] - Browser is closed

2024-05-18 16:38:37 - [TEST_STEP][PASSED] - ExecuteTC = findTestData(dataFile).getValue("Execute", row): null

2024-05-18 16:38:38 - [TEST_STEP][PASSED] - out.println("Value of Execute is : " + ExecuteTC): null

2024-05-18 16:38:38 - [TEST_STEP][PASSED] - if (ExecuteTC.equalsIgnoreCase("Y")): Browser is closed

2024-05-18 16:38:38 - [TEST_STEP][PASSED] - out.println("Begin Record Number: " + row): null

2024-05-18 16:38:38 - [TEST_STEP][PASSED] - today = new java.util.Date(): null

2024-05-18 16:38:38 - [TEST_STEP][PASSED] - println(today): null

2024-05-18 16:38:38 - [TEST_STEP][PASSED] - datText = today: null

2024-05-18 16:38:38 - [TEST_STEP][PASSED] - openBrowser(VLinkURL + "authcap.html"): Browser is opened with url: 'https://dev-algorithm.govolution.com/vlinktest/QA2/version_2_0/authcap.html'

2024-05-18 16:38:38 - [MESSAGE][INFO] - Starting 'Chrome' driver

2024-05-18 16:38:38 - [MESSAGE][INFO] - User set preference: ['acceptInsecureCerts', 'true']

2024-05-18 16:38:38 - [MESSAGE][INFO] - Action delay is set to 0 milliseconds

2024-05-18 16:38:40 - [MESSAGE][PASSED] - Browser is opened with url: 'https://dev-algorithm.govolution.com/vlinktest/QA2/version_2_0/authcap.html'

2024-05-18 16:38:40 - [TEST_STEP][PASSED] - maximizeWindow(): Current window maximized

2024-05-18 16:38:40 - [MESSAGE][PASSED] - Current window maximized

2024-05-18 16:38:40 - [TEST_STEP][PASSED] - vlinkPages.saleCCPage.setDataSCC(row, dataFile): vlinkPages.saleCCPage.setDataSCC is PASSED

2024-05-18 16:38:43 - [MESSAGE][PASSED] - Object 'Object Repository/VLink/Page_CCSale/txt_CardNumber' is present

2024-05-18 16:38:44 - [MESSAGE][PASSED] - Text '104' is set on object 'Object Repository/VLink/Page_CCSale/txt_TransactionType'

2024-05-18 16:38:44 - [MESSAGE][PASSED] - Text '2.0C' is set on object 'Object Repository/VLink/Page_CCSale/txt_MessageVersion'

2024-05-18 16:38:45 - [MESSAGE][PASSED] - Text 'T0VLcbXWYbtq' is set on object 'Object Repository/VLink/Page_CCSale/txt_RemID'

2024-05-18 16:38:46 - [MESSAGE][PASSED] - Text '670' is set on object 'Object Repository/VLink/Page_CCSale/txt_ApplicationId'

2024-05-18 16:38:46 - [MESSAGE][PASSED] - Text 'username' is set on object 'Object Repository/VLink/Page_CCSale/txt_Username'

2024-05-18 16:38:47 - [MESSAGE][PASSED] - Text 'password' is set on object 'Object Repository/VLink/Page_CCSale/txt_Password'

2024-05-18 16:38:48 - [MESSAGE][PASSED] - Text 'fixed_width' is set on object 'Object Repository/VLink/Page_CCSale/txt_ResponseFormat'

2024-05-18 16:38:49 - [MESSAGE][PASSED] - Text 'MOTO' is set on object 'Object Repository/VLink/Page_CCSale/txt_Category'

2024-05-18 16:38:49 - [MESSAGE][PASSED] - Text '' is set on object 'Object Repository/VLink/Page_CCSale/txt_TransactionID'

2024-05-18 16:38:50 - [MESSAGE][PASSED] - Text '' is set on object 'Object Repository/VLink/Page_CCSale/txt_ApprovalCode'

2024-05-18 16:38:51 - [MESSAGE][PASSED] - Text 'Arvind Silva' is set on object 'Object Repository/VLink/Page_CCSale/txt_CardName'

2024-05-18 16:38:51 - [MESSAGE][PASSED] - Text '111 Main Ave' is set on object 'Object Repository/VLink/Page_CCSale/txt_AL1'

2024-05-18 16:38:52 - [MESSAGE][PASSED] - Text '' is set on object 'Object Repository/VLink/Page_CCSale/txt_AL2'

2024-05-18 16:38:53 - [MESSAGE][PASSED] - Text 'Arlington' is set on object 'Object Repository/VLink/Page_CCSale/txt_CardCity'

2024-05-18 16:38:53 - [MESSAGE][PASSED] - Text 'VA' is set on object 'Object Repository/VLink/Page_CCSale/txt_CardState'

2024-05-18 16:38:54 - [MESSAGE][PASSED] - Text '22201' is set on object 'Object Repository/VLink/Page_CCSale/txt_CardZIP'

2024-05-18 16:38:55 - [MESSAGE][PASSED] - Text '' is set on object 'Object Repository/VLink/Page_CCSale/txt_CountryID'

2024-05-18 16:38:56 - [MESSAGE][PASSED] - Text '2.50' is set on object 'Object Repository/VLink/Page_CCSale/txt_Amount'

2024-05-18 16:38:56 - [MESSAGE][PASSED] - Text '4111111111111111' is set on object 'Object Repository/VLink/Page_CCSale/txt_CardNumber'

2024-05-18 16:38:57 - [MESSAGE][PASSED] - Text '01' is set on object 'Object Repository/VLink/Page_CCSale/txt_ExpMonth'

2024-05-18 16:38:58 - [MESSAGE][PASSED] - Text '2026' is set on object 'Object Repository/VLink/Page_CCSale/txt_ExpYear'

2024-05-18 16:38:58 - [MESSAGE][PASSED] - Text '' is set on object 'Object Repository/VLink/Page_CCSale/txt_CVV'

2024-05-18 16:38:59 - [MESSAGE][PASSED] - Text '' is set on object 'Object Repository/VLink/Page_CCSale/txt_CVVstate'

2024-05-18 16:39:00 - [MESSAGE][PASSED] - Text '' is set on object 'Object Repository/VLink/Page_CCSale/txt_TrackData'

2024-05-18 16:39:00 - [MESSAGE][PASSED] - Text '' is set on object 'Object Repository/VLink/Page_CCSale/txt_Track1Data'

2024-05-18 16:39:01 - [MESSAGE][PASSED] - Text '' is set on object 'Object Repository/VLink/Page_CCSale/txt_Track2Data'

2024-05-18 16:39:02 - [MESSAGE][PASSED] - Text 'manual' is set on object 'Object Repository/VLink/Page_CCSale/txt_POSEntryMode'

2024-05-18 16:39:03 - [MESSAGE][PASSED] - Text '' is set on object 'Object Repository/VLink/Page_CCSale/txt_Email'

2024-05-18 16:39:03 - [MESSAGE][PASSED] - Text '' is set on object 'Object Repository/VLink/Page_CCSale/txt_OrderNumber'

2024-05-18 16:39:04 - [MESSAGE][PASSED] - Text '' is set on object 'Object Repository/VLink/Page_CCSale/txt_TaxAmount'

2024-05-18 16:39:05 - [MESSAGE][PASSED] - Text '' is set on object 'Object Repository/VLink/Page_CCSale/txt_ChargeDescription'

2024-05-18 16:39:05 - [MESSAGE][PASSED] - Text '' is set on object 'Object Repository/VLink/Page_CCSale/txt_CAN'

2024-05-18 16:39:06 - [MESSAGE][PASSED] - Text '' is set on object 'Object Repository/VLink/Page_CCSale/txt_BillPaymentIndicator'

2024-05-18 16:39:07 - [MESSAGE][PASSED] - Text '' is set on object 'Object Repository/VLink/Page_CCSale/txt_UDF1'

2024-05-18 16:39:07 - [MESSAGE][PASSED] - Text '' is set on object 'Object Repository/VLink/Page_CCSale/txt_UDF2'

2024-05-18 16:39:08 - [MESSAGE][PASSED] - Text '' is set on object 'Object Repository/VLink/Page_CCSale/txt_UDF3'

2024-05-18 16:39:09 - [MESSAGE][PASSED] - Text '' is set on object 'Object Repository/VLink/Page_CCSale/txt_UDF4'

2024-05-18 16:39:09 - [MESSAGE][PASSED] - Text '' is set on object 'Object Repository/VLink/Page_CCSale/txt_UDF5'

2024-05-18 16:39:10 - [MESSAGE][PASSED] - Text '' is set on object 'Object Repository/VLink/Page_CCSale/txt_UDF6'

2024-05-18 16:39:11 - [MESSAGE][PASSED] - Text '' is set on object 'Object Repository/VLink/Page_CCSale/txt_UDF7'

2024-05-18 16:39:11 - [MESSAGE][PASSED] - Text '' is set on object 'Object Repository/VLink/Page_CCSale/txt_UDF8'

2024-05-18 16:39:12 - [MESSAGE][PASSED] - Text '' is set on object 'Object Repository/VLink/Page_CCSale/txt_UDF9'

2024-05-18 16:39:13 - [MESSAGE][PASSED] - Text '' is set on object 'Object Repository/VLink/Page_CCSale/txt_UDF10'

2024-05-18 16:39:16 - [MESSAGE][PASSED] - Object: 'Object Repository/VLink/Page_CCSale/btn_ProcessVLinkTransaction' is clicked on

2024-05-18 16:39:21 - [MESSAGE][PASSED] - vlinkPages.saleCCPage.setDataSCC is PASSED

2024-05-18 16:39:21 - [TEST_STEP][PASSED] - if (verifyTextPresent("Transaction approved, no errors", true)): null

2024-05-18 16:39:22 - [MESSAGE][PASSED] - Text 'Transaction approved, no errors' is present on page  using regular expression

2024-05-18 16:39:22 - [TEST_STEP][PASSED] - println("Transaction Approved, no errors text is present on the Confirmation page"): null

2024-05-18 16:39:22 - [TEST_STEP][PASSED] - out.println("Pass Record Number: " + row): null

2024-05-18 16:39:22 - [TEST_STEP][PASSED] - resText = "Pass": null

2024-05-18 16:39:22 - [TEST_STEP][PASSED] - pages.WriteExcel.demoKey(resText, datText, resColumn, datCloumn, fileLoc, nameSheet, row): pages.WriteExcel.demoKey is PASSED

2024-05-18 16:39:22 - [MESSAGE][PASSED] - pages.WriteExcel.demoKey is PASSED

2024-05-18 16:39:22 - [TEST_STEP][PASSED] - sdfo = getText(findTestObject("Object Repository/Page_VLinkReceipt/pre_STX")): Text of object 'Object Repository/Page_VLinkReceipt/pre_STX' is: '<STX>T0VLcbXWYbtq                  12153291            0  Transaction approved, no errors                   0                                                                                  Y OK9188   <ETX>'

2024-05-18 16:39:22 - [MESSAGE][PASSED] - Text of object 'Object Repository/Page_VLinkReceipt/pre_STX' is: '<STX>T0VLcbXWYbtq                  12153291            0  Transaction approved, no errors                   0                                                                                  Y OK9188   <ETX>'

2024-05-18 16:39:22 - [TEST_STEP][PASSED] - out.println("sdfo: " + sdfo): null

2024-05-18 16:39:22 - [TEST_STEP][PASSED] - remID = substring(5, 35).trim(): null

2024-05-18 16:39:22 - [TEST_STEP][PASSED] - out.println("Remittance ID: " + remID): null

2024-05-18 16:39:22 - [TEST_STEP][PASSED] - traxID = substring(35, 55).trim(): null

2024-05-18 16:39:22 - [TEST_STEP][PASSED] - out.println("Transaction ID: " + traxID): null

2024-05-18 16:39:22 - [TEST_STEP][PASSED] - out.println("End Record Number: " + row): null

2024-05-18 16:39:22 - [TEST_STEP][PASSED] - closeBrowser(): Browser is closed

2024-05-18 16:39:23 - [MESSAGE][PASSED] - Browser is closed

2024-05-18 16:39:23 - [TEST_STEP][PASSED] - ExecuteTC = findTestData(dataFile).getValue("Execute", row): null

2024-05-18 16:39:24 - [TEST_STEP][PASSED] - out.println("Value of Execute is : " + ExecuteTC): null

2024-05-18 16:39:24 - [TEST_STEP][PASSED] - if (ExecuteTC.equalsIgnoreCase("Y")): Browser is closed

2024-05-18 16:39:24 - [TEST_STEP][PASSED] - out.println("Begin Record Number: " + row): null

2024-05-18 16:39:24 - [TEST_STEP][PASSED] - today = new java.util.Date(): null

2024-05-18 16:39:24 - [TEST_STEP][PASSED] - println(today): null

2024-05-18 16:39:24 - [TEST_STEP][PASSED] - datText = today: null

2024-05-18 16:39:24 - [TEST_STEP][PASSED] - openBrowser(VLinkURL + "authcap.html"): Browser is opened with url: 'https://dev-algorithm.govolution.com/vlinktest/QA2/version_2_0/authcap.html'

2024-05-18 16:39:24 - [MESSAGE][INFO] - Starting 'Chrome' driver

2024-05-18 16:39:24 - [MESSAGE][INFO] - User set preference: ['acceptInsecureCerts', 'true']

2024-05-18 16:39:24 - [MESSAGE][INFO] - Action delay is set to 0 milliseconds

2024-05-18 16:39:26 - [MESSAGE][PASSED] - Browser is opened with url: 'https://dev-algorithm.govolution.com/vlinktest/QA2/version_2_0/authcap.html'

2024-05-18 16:39:26 - [TEST_STEP][PASSED] - maximizeWindow(): Current window maximized

2024-05-18 16:39:26 - [MESSAGE][PASSED] - Current window maximized

2024-05-18 16:39:26 - [TEST_STEP][PASSED] - vlinkPages.saleCCPage.setDataSCC(row, dataFile): vlinkPages.saleCCPage.setDataSCC is PASSED

2024-05-18 16:39:29 - [MESSAGE][PASSED] - Object 'Object Repository/VLink/Page_CCSale/txt_CardNumber' is present

2024-05-18 16:39:30 - [MESSAGE][PASSED] - Text '104' is set on object 'Object Repository/VLink/Page_CCSale/txt_TransactionType'

2024-05-18 16:39:30 - [MESSAGE][PASSED] - Text '2.0C' is set on object 'Object Repository/VLink/Page_CCSale/txt_MessageVersion'

2024-05-18 16:39:31 - [MESSAGE][PASSED] - Text 'ul9pPJdANN9h' is set on object 'Object Repository/VLink/Page_CCSale/txt_RemID'

2024-05-18 16:39:32 - [MESSAGE][PASSED] - Text '670' is set on object 'Object Repository/VLink/Page_CCSale/txt_ApplicationId'

2024-05-18 16:39:32 - [MESSAGE][PASSED] - Text 'username' is set on object 'Object Repository/VLink/Page_CCSale/txt_Username'

2024-05-18 16:39:33 - [MESSAGE][PASSED] - Text 'password' is set on object 'Object Repository/VLink/Page_CCSale/txt_Password'

2024-05-18 16:39:34 - [MESSAGE][PASSED] - Text 'fixed_width' is set on object 'Object Repository/VLink/Page_CCSale/txt_ResponseFormat'

2024-05-18 16:39:34 - [MESSAGE][PASSED] - Text 'MOTO' is set on object 'Object Repository/VLink/Page_CCSale/txt_Category'

2024-05-18 16:39:35 - [MESSAGE][PASSED] - Text '' is set on object 'Object Repository/VLink/Page_CCSale/txt_TransactionID'

2024-05-18 16:39:36 - [MESSAGE][PASSED] - Text '' is set on object 'Object Repository/VLink/Page_CCSale/txt_ApprovalCode'

2024-05-18 16:39:37 - [MESSAGE][PASSED] - Text 'Roshan Maha' is set on object 'Object Repository/VLink/Page_CCSale/txt_CardName'

2024-05-18 16:39:37 - [MESSAGE][PASSED] - Text '12563 Bazaar road' is set on object 'Object Repository/VLink/Page_CCSale/txt_AL1'

2024-05-18 16:39:38 - [MESSAGE][PASSED] - Text '' is set on object 'Object Repository/VLink/Page_CCSale/txt_AL2'

2024-05-18 16:39:39 - [MESSAGE][PASSED] - Text 'Crofton' is set on object 'Object Repository/VLink/Page_CCSale/txt_CardCity'

2024-05-18 16:39:39 - [MESSAGE][PASSED] - Text 'MD' is set on object 'Object Repository/VLink/Page_CCSale/txt_CardState'

2024-05-18 16:39:40 - [MESSAGE][PASSED] - Text '21114' is set on object 'Object Repository/VLink/Page_CCSale/txt_CardZIP'

2024-05-18 16:39:41 - [MESSAGE][PASSED] - Text '' is set on object 'Object Repository/VLink/Page_CCSale/txt_CountryID'

2024-05-18 16:39:42 - [MESSAGE][PASSED] - Text '3.50' is set on object 'Object Repository/VLink/Page_CCSale/txt_Amount'

2024-05-18 16:39:42 - [MESSAGE][PASSED] - Text '5424000000000015' is set on object 'Object Repository/VLink/Page_CCSale/txt_CardNumber'

2024-05-18 16:39:43 - [MESSAGE][PASSED] - Text '01' is set on object 'Object Repository/VLink/Page_CCSale/txt_ExpMonth'

2024-05-18 16:39:44 - [MESSAGE][PASSED] - Text '2026' is set on object 'Object Repository/VLink/Page_CCSale/txt_ExpYear'

2024-05-18 16:39:44 - [MESSAGE][PASSED] - Text '' is set on object 'Object Repository/VLink/Page_CCSale/txt_CVV'

2024-05-18 16:39:45 - [MESSAGE][PASSED] - Text '' is set on object 'Object Repository/VLink/Page_CCSale/txt_CVVstate'

2024-05-18 16:39:46 - [MESSAGE][PASSED] - Text '' is set on object 'Object Repository/VLink/Page_CCSale/txt_TrackData'

2024-05-18 16:39:46 - [MESSAGE][PASSED] - Text '' is set on object 'Object Repository/VLink/Page_CCSale/txt_Track1Data'

2024-05-18 16:39:47 - [MESSAGE][PASSED] - Text '' is set on object 'Object Repository/VLink/Page_CCSale/txt_Track2Data'

2024-05-18 16:39:48 - [MESSAGE][PASSED] - Text 'manual' is set on object 'Object Repository/VLink/Page_CCSale/txt_POSEntryMode'

2024-05-18 16:39:48 - [MESSAGE][PASSED] - Text '' is set on object 'Object Repository/VLink/Page_CCSale/txt_Email'

2024-05-18 16:39:49 - [MESSAGE][PASSED] - Text '' is set on object 'Object Repository/VLink/Page_CCSale/txt_OrderNumber'

2024-05-18 16:39:50 - [MESSAGE][PASSED] - Text '' is set on object 'Object Repository/VLink/Page_CCSale/txt_TaxAmount'

2024-05-18 16:39:50 - [MESSAGE][PASSED] - Text '' is set on object 'Object Repository/VLink/Page_CCSale/txt_ChargeDescription'

2024-05-18 16:39:51 - [MESSAGE][PASSED] - Text '' is set on object 'Object Repository/VLink/Page_CCSale/txt_CAN'

2024-05-18 16:39:52 - [MESSAGE][PASSED] - Text '' is set on object 'Object Repository/VLink/Page_CCSale/txt_BillPaymentIndicator'

2024-05-18 16:39:53 - [MESSAGE][PASSED] - Text '' is set on object 'Object Repository/VLink/Page_CCSale/txt_UDF1'

2024-05-18 16:39:53 - [MESSAGE][PASSED] - Text '' is set on object 'Object Repository/VLink/Page_CCSale/txt_UDF2'

2024-05-18 16:39:54 - [MESSAGE][PASSED] - Text '' is set on object 'Object Repository/VLink/Page_CCSale/txt_UDF3'

2024-05-18 16:39:55 - [MESSAGE][PASSED] - Text '' is set on object 'Object Repository/VLink/Page_CCSale/txt_UDF4'

2024-05-18 16:39:55 - [MESSAGE][PASSED] - Text '' is set on object 'Object Repository/VLink/Page_CCSale/txt_UDF5'

2024-05-18 16:39:56 - [MESSAGE][PASSED] - Text '' is set on object 'Object Repository/VLink/Page_CCSale/txt_UDF6'

2024-05-18 16:39:57 - [MESSAGE][PASSED] - Text '' is set on object 'Object Repository/VLink/Page_CCSale/txt_UDF7'

2024-05-18 16:39:57 - [MESSAGE][PASSED] - Text '' is set on object 'Object Repository/VLink/Page_CCSale/txt_UDF8'

2024-05-18 16:39:58 - [MESSAGE][PASSED] - Text '' is set on object 'Object Repository/VLink/Page_CCSale/txt_UDF9'

2024-05-18 16:39:59 - [MESSAGE][PASSED] - Text '' is set on object 'Object Repository/VLink/Page_CCSale/txt_UDF10'

2024-05-18 16:40:02 - [MESSAGE][PASSED] - Object: 'Object Repository/VLink/Page_CCSale/btn_ProcessVLinkTransaction' is clicked on

2024-05-18 16:40:07 - [MESSAGE][PASSED] - vlinkPages.saleCCPage.setDataSCC is PASSED

2024-05-18 16:40:07 - [TEST_STEP][PASSED] - if (verifyTextPresent("Transaction approved, no errors", true)): null

2024-05-18 16:40:07 - [MESSAGE][PASSED] - Text 'Transaction approved, no errors' is present on page  using regular expression

2024-05-18 16:40:07 - [TEST_STEP][PASSED] - println("Transaction Approved, no errors text is present on the Confirmation page"): null

2024-05-18 16:40:07 - [TEST_STEP][PASSED] - out.println("Pass Record Number: " + row): null

2024-05-18 16:40:07 - [TEST_STEP][PASSED] - resText = "Pass": null

2024-05-18 16:40:07 - [TEST_STEP][PASSED] - pages.WriteExcel.demoKey(resText, datText, resColumn, datCloumn, fileLoc, nameSheet, row): pages.WriteExcel.demoKey is PASSED

2024-05-18 16:40:08 - [MESSAGE][PASSED] - pages.WriteExcel.demoKey is PASSED

2024-05-18 16:40:08 - [TEST_STEP][PASSED] - sdfo = getText(findTestObject("Object Repository/Page_VLinkReceipt/pre_STX")): Text of object 'Object Repository/Page_VLinkReceipt/pre_STX' is: '<STX>ul9pPJdANN9h                  12153292            0  Transaction approved, no errors                   0                                                                                  Y OK9198   <ETX>'

2024-05-18 16:40:08 - [MESSAGE][PASSED] - Text of object 'Object Repository/Page_VLinkReceipt/pre_STX' is: '<STX>ul9pPJdANN9h                  12153292            0  Transaction approved, no errors                   0                                                                                  Y OK9198   <ETX>'

2024-05-18 16:40:08 - [TEST_STEP][PASSED] - out.println("sdfo: " + sdfo): null

2024-05-18 16:40:08 - [TEST_STEP][PASSED] - remID = substring(5, 35).trim(): null

2024-05-18 16:40:08 - [TEST_STEP][PASSED] - out.println("Remittance ID: " + remID): null

2024-05-18 16:40:08 - [TEST_STEP][PASSED] - traxID = substring(35, 55).trim(): null

2024-05-18 16:40:08 - [TEST_STEP][PASSED] - out.println("Transaction ID: " + traxID): null

2024-05-18 16:40:08 - [TEST_STEP][PASSED] - out.println("End Record Number: " + row): null

2024-05-18 16:40:08 - [TEST_STEP][PASSED] - closeBrowser(): Browser is closed

2024-05-18 16:40:09 - [MESSAGE][PASSED] - Browser is closed

2024-05-18 16:40:09 - [TEST_STEP][PASSED] - ExecuteTC = findTestData(dataFile).getValue("Execute", row): null

2024-05-18 16:40:09 - [TEST_STEP][PASSED] - out.println("Value of Execute is : " + ExecuteTC): null

2024-05-18 16:40:09 - [TEST_STEP][PASSED] - if (ExecuteTC.equalsIgnoreCase("Y")): Browser is closed

2024-05-18 16:40:09 - [TEST_STEP][PASSED] - out.println("Begin Record Number: " + row): null

2024-05-18 16:40:09 - [TEST_STEP][PASSED] - today = new java.util.Date(): null

2024-05-18 16:40:09 - [TEST_STEP][PASSED] - println(today): null

2024-05-18 16:40:09 - [TEST_STEP][PASSED] - datText = today: null

2024-05-18 16:40:09 - [TEST_STEP][PASSED] - openBrowser(VLinkURL + "authcap.html"): Browser is opened with url: 'https://dev-algorithm.govolution.com/vlinktest/QA2/version_2_0/authcap.html'

2024-05-18 16:40:09 - [MESSAGE][INFO] - Starting 'Chrome' driver

2024-05-18 16:40:09 - [MESSAGE][INFO] - User set preference: ['acceptInsecureCerts', 'true']

2024-05-18 16:40:09 - [MESSAGE][INFO] - Action delay is set to 0 milliseconds

2024-05-18 16:40:11 - [MESSAGE][PASSED] - Browser is opened with url: 'https://dev-algorithm.govolution.com/vlinktest/QA2/version_2_0/authcap.html'

2024-05-18 16:40:11 - [TEST_STEP][PASSED] - maximizeWindow(): Current window maximized

2024-05-18 16:40:12 - [MESSAGE][PASSED] - Current window maximized

2024-05-18 16:40:12 - [TEST_STEP][PASSED] - vlinkPages.saleCCPage.setDataSCC(row, dataFile): vlinkPages.saleCCPage.setDataSCC is PASSED

2024-05-18 16:40:15 - [MESSAGE][PASSED] - Object 'Object Repository/VLink/Page_CCSale/txt_CardNumber' is present

2024-05-18 16:40:15 - [MESSAGE][PASSED] - Text '104' is set on object 'Object Repository/VLink/Page_CCSale/txt_TransactionType'

2024-05-18 16:40:16 - [MESSAGE][PASSED] - Text '2.0C' is set on object 'Object Repository/VLink/Page_CCSale/txt_MessageVersion'

2024-05-18 16:40:17 - [MESSAGE][PASSED] - Text 'hZtlxSqw64k4' is set on object 'Object Repository/VLink/Page_CCSale/txt_RemID'

2024-05-18 16:40:17 - [MESSAGE][PASSED] - Text '670' is set on object 'Object Repository/VLink/Page_CCSale/txt_ApplicationId'

2024-05-18 16:40:18 - [MESSAGE][PASSED] - Text 'username' is set on object 'Object Repository/VLink/Page_CCSale/txt_Username'

2024-05-18 16:40:19 - [MESSAGE][PASSED] - Text 'password' is set on object 'Object Repository/VLink/Page_CCSale/txt_Password'

2024-05-18 16:40:19 - [MESSAGE][PASSED] - Text 'fixed_width' is set on object 'Object Repository/VLink/Page_CCSale/txt_ResponseFormat'

2024-05-18 16:40:20 - [MESSAGE][PASSED] - Text 'MOTO' is set on object 'Object Repository/VLink/Page_CCSale/txt_Category'

2024-05-18 16:40:21 - [MESSAGE][PASSED] - Text '' is set on object 'Object Repository/VLink/Page_CCSale/txt_TransactionID'

2024-05-18 16:40:21 - [MESSAGE][PASSED] - Text '' is set on object 'Object Repository/VLink/Page_CCSale/txt_ApprovalCode'

2024-05-18 16:40:22 - [MESSAGE][PASSED] - Text 'Kris Roshan' is set on object 'Object Repository/VLink/Page_CCSale/txt_CardName'

2024-05-18 16:40:23 - [MESSAGE][PASSED] - Text '258 Elm Road' is set on object 'Object Repository/VLink/Page_CCSale/txt_AL1'

2024-05-18 16:40:24 - [MESSAGE][PASSED] - Text 'Suite 56' is set on object 'Object Repository/VLink/Page_CCSale/txt_AL2'

2024-05-18 16:40:24 - [MESSAGE][PASSED] - Text 'Arlington' is set on object 'Object Repository/VLink/Page_CCSale/txt_CardCity'

2024-05-18 16:40:25 - [MESSAGE][PASSED] - Text 'VA' is set on object 'Object Repository/VLink/Page_CCSale/txt_CardState'

2024-05-18 16:40:26 - [MESSAGE][PASSED] - Text '22201' is set on object 'Object Repository/VLink/Page_CCSale/txt_CardZIP'

2024-05-18 16:40:26 - [MESSAGE][PASSED] - Text '840' is set on object 'Object Repository/VLink/Page_CCSale/txt_CountryID'

2024-05-18 16:40:27 - [MESSAGE][PASSED] - Text '1.50' is set on object 'Object Repository/VLink/Page_CCSale/txt_Amount'

2024-05-18 16:40:28 - [MESSAGE][PASSED] - Text '370000000000002' is set on object 'Object Repository/VLink/Page_CCSale/txt_CardNumber'

2024-05-18 16:40:29 - [MESSAGE][PASSED] - Text '12' is set on object 'Object Repository/VLink/Page_CCSale/txt_ExpMonth'

2024-05-18 16:40:29 - [MESSAGE][PASSED] - Text '2025' is set on object 'Object Repository/VLink/Page_CCSale/txt_ExpYear'

2024-05-18 16:40:30 - [MESSAGE][PASSED] - Text '' is set on object 'Object Repository/VLink/Page_CCSale/txt_CVV'

2024-05-18 16:40:31 - [MESSAGE][PASSED] - Text '' is set on object 'Object Repository/VLink/Page_CCSale/txt_CVVstate'

2024-05-18 16:40:31 - [MESSAGE][PASSED] - Text '' is set on object 'Object Repository/VLink/Page_CCSale/txt_TrackData'

2024-05-18 16:40:32 - [MESSAGE][PASSED] - Text '' is set on object 'Object Repository/VLink/Page_CCSale/txt_Track1Data'

2024-05-18 16:40:33 - [MESSAGE][PASSED] - Text '' is set on object 'Object Repository/VLink/Page_CCSale/txt_Track2Data'

2024-05-18 16:40:33 - [MESSAGE][PASSED] - Text 'manual' is set on object 'Object Repository/VLink/Page_CCSale/txt_POSEntryMode'

2024-05-18 16:40:34 - [MESSAGE][PASSED] - Text 'iahmed@govolution.com' is set on object 'Object Repository/VLink/Page_CCSale/txt_Email'

2024-05-18 16:40:35 - [MESSAGE][PASSED] - Text '2569362' is set on object 'Object Repository/VLink/Page_CCSale/txt_OrderNumber'

2024-05-18 16:40:35 - [MESSAGE][PASSED] - Text '1.15' is set on object 'Object Repository/VLink/Page_CCSale/txt_TaxAmount'

2024-05-18 16:40:36 - [MESSAGE][PASSED] - Text 'Charge Description' is set on object 'Object Repository/VLink/Page_CCSale/txt_ChargeDescription'

2024-05-18 16:40:37 - [MESSAGE][PASSED] - Text '147357' is set on object 'Object Repository/VLink/Page_CCSale/txt_CAN'

2024-05-18 16:40:38 - [MESSAGE][PASSED] - Text '1' is set on object 'Object Repository/VLink/Page_CCSale/txt_BillPaymentIndicator'

2024-05-18 16:40:38 - [MESSAGE][PASSED] - Text 'UDF Data 1' is set on object 'Object Repository/VLink/Page_CCSale/txt_UDF1'

2024-05-18 16:40:39 - [MESSAGE][PASSED] - Text 'UDF Data 2' is set on object 'Object Repository/VLink/Page_CCSale/txt_UDF2'

2024-05-18 16:40:40 - [MESSAGE][PASSED] - Text 'UDF Data 3' is set on object 'Object Repository/VLink/Page_CCSale/txt_UDF3'

2024-05-18 16:40:40 - [MESSAGE][PASSED] - Text 'UDF Data 4' is set on object 'Object Repository/VLink/Page_CCSale/txt_UDF4'

2024-05-18 16:40:41 - [MESSAGE][PASSED] - Text 'UDF Data 5' is set on object 'Object Repository/VLink/Page_CCSale/txt_UDF5'

2024-05-18 16:40:42 - [MESSAGE][PASSED] - Text 'UDF Data 6' is set on object 'Object Repository/VLink/Page_CCSale/txt_UDF6'

2024-05-18 16:40:43 - [MESSAGE][PASSED] - Text 'UDF Data 7' is set on object 'Object Repository/VLink/Page_CCSale/txt_UDF7'

2024-05-18 16:40:43 - [MESSAGE][PASSED] - Text 'UDF Data 8' is set on object 'Object Repository/VLink/Page_CCSale/txt_UDF8'

2024-05-18 16:40:44 - [MESSAGE][PASSED] - Text 'UDF Data 9' is set on object 'Object Repository/VLink/Page_CCSale/txt_UDF9'

2024-05-18 16:40:45 - [MESSAGE][PASSED] - Text 'UDF Data 10' is set on object 'Object Repository/VLink/Page_CCSale/txt_UDF10'

2024-05-18 16:40:48 - [MESSAGE][PASSED] - Object: 'Object Repository/VLink/Page_CCSale/btn_ProcessVLinkTransaction' is clicked on

2024-05-18 16:40:53 - [MESSAGE][PASSED] - vlinkPages.saleCCPage.setDataSCC is PASSED

2024-05-18 16:40:53 - [TEST_STEP][PASSED] - if (verifyTextPresent("Transaction approved, no errors", true)): null

2024-05-18 16:40:54 - [MESSAGE][PASSED] - Text 'Transaction approved, no errors' is present on page  using regular expression

2024-05-18 16:40:54 - [TEST_STEP][PASSED] - println("Transaction Approved, no errors text is present on the Confirmation page"): null

2024-05-18 16:40:54 - [TEST_STEP][PASSED] - out.println("Pass Record Number: " + row): null

2024-05-18 16:40:54 - [TEST_STEP][PASSED] - resText = "Pass": null

2024-05-18 16:40:54 - [TEST_STEP][PASSED] - pages.WriteExcel.demoKey(resText, datText, resColumn, datCloumn, fileLoc, nameSheet, row): pages.WriteExcel.demoKey is PASSED

2024-05-18 16:40:54 - [MESSAGE][PASSED] - pages.WriteExcel.demoKey is PASSED

2024-05-18 16:40:54 - [TEST_STEP][PASSED] - sdfo = getText(findTestObject("Object Repository/Page_VLinkReceipt/pre_STX")): Text of object 'Object Repository/Page_VLinkReceipt/pre_STX' is: '<STX>hZtlxSqw64k4                  12153293            0  Transaction approved, no errors                   0                                                                                  Y OK9238   <ETX>'

2024-05-18 16:40:54 - [MESSAGE][PASSED] - Text of object 'Object Repository/Page_VLinkReceipt/pre_STX' is: '<STX>hZtlxSqw64k4                  12153293            0  Transaction approved, no errors                   0                                                                                  Y OK9238   <ETX>'

2024-05-18 16:40:54 - [TEST_STEP][PASSED] - out.println("sdfo: " + sdfo): null

2024-05-18 16:40:54 - [TEST_STEP][PASSED] - remID = substring(5, 35).trim(): null

2024-05-18 16:40:54 - [TEST_STEP][PASSED] - out.println("Remittance ID: " + remID): null

2024-05-18 16:40:54 - [TEST_STEP][PASSED] - traxID = substring(35, 55).trim(): null

2024-05-18 16:40:54 - [TEST_STEP][PASSED] - out.println("Transaction ID: " + traxID): null

2024-05-18 16:40:54 - [TEST_STEP][PASSED] - out.println("End Record Number: " + row): null

2024-05-18 16:40:54 - [TEST_STEP][PASSED] - closeBrowser(): Browser is closed

2024-05-18 16:40:55 - [MESSAGE][PASSED] - Browser is closed

2024-05-18 16:40:55 - [TEST_STEP][PASSED] - ExecuteTC = findTestData(dataFile).getValue("Execute", row): null

2024-05-18 16:40:55 - [TEST_STEP][PASSED] - out.println("Value of Execute is : " + ExecuteTC): null

2024-05-18 16:40:55 - [TEST_STEP][PASSED] - if (ExecuteTC.equalsIgnoreCase("Y")): Browser is closed

2024-05-18 16:40:55 - [TEST_STEP][PASSED] - out.println("Begin Record Number: " + row): null

2024-05-18 16:40:55 - [TEST_STEP][PASSED] - today = new java.util.Date(): null

2024-05-18 16:40:55 - [TEST_STEP][PASSED] - println(today): null

2024-05-18 16:40:55 - [TEST_STEP][PASSED] - datText = today: null

2024-05-18 16:40:55 - [TEST_STEP][PASSED] - openBrowser(VLinkURL + "authcap.html"): Browser is opened with url: 'https://dev-algorithm.govolution.com/vlinktest/QA2/version_2_0/authcap.html'

2024-05-18 16:40:55 - [MESSAGE][INFO] - Starting 'Chrome' driver

2024-05-18 16:40:55 - [MESSAGE][INFO] - User set preference: ['acceptInsecureCerts', 'true']

2024-05-18 16:40:55 - [MESSAGE][INFO] - Action delay is set to 0 milliseconds

2024-05-18 16:40:57 - [MESSAGE][PASSED] - Browser is opened with url: 'https://dev-algorithm.govolution.com/vlinktest/QA2/version_2_0/authcap.html'

2024-05-18 16:40:57 - [TEST_STEP][PASSED] - maximizeWindow(): Current window maximized

2024-05-18 16:40:58 - [MESSAGE][PASSED] - Current window maximized

2024-05-18 16:40:58 - [TEST_STEP][PASSED] - vlinkPages.saleCCPage.setDataSCC(row, dataFile): vlinkPages.saleCCPage.setDataSCC is PASSED

2024-05-18 16:41:01 - [MESSAGE][PASSED] - Object 'Object Repository/VLink/Page_CCSale/txt_CardNumber' is present

2024-05-18 16:41:02 - [MESSAGE][PASSED] - Text '104' is set on object 'Object Repository/VLink/Page_CCSale/txt_TransactionType'

2024-05-18 16:41:02 - [MESSAGE][PASSED] - Text '2.0C' is set on object 'Object Repository/VLink/Page_CCSale/txt_MessageVersion'

2024-05-18 16:41:03 - [MESSAGE][PASSED] - Text 'Mxo2xYi4vK56' is set on object 'Object Repository/VLink/Page_CCSale/txt_RemID'

2024-05-18 16:41:03 - [MESSAGE][PASSED] - Text '670' is set on object 'Object Repository/VLink/Page_CCSale/txt_ApplicationId'

2024-05-18 16:41:04 - [MESSAGE][PASSED] - Text 'username' is set on object 'Object Repository/VLink/Page_CCSale/txt_Username'

2024-05-18 16:41:05 - [MESSAGE][PASSED] - Text 'password' is set on object 'Object Repository/VLink/Page_CCSale/txt_Password'

2024-05-18 16:41:06 - [MESSAGE][PASSED] - Text 'fixed_width' is set on object 'Object Repository/VLink/Page_CCSale/txt_ResponseFormat'

2024-05-18 16:41:06 - [MESSAGE][PASSED] - Text 'MOTO' is set on object 'Object Repository/VLink/Page_CCSale/txt_Category'

2024-05-18 16:41:07 - [MESSAGE][PASSED] - Text '' is set on object 'Object Repository/VLink/Page_CCSale/txt_TransactionID'

2024-05-18 16:41:08 - [MESSAGE][PASSED] - Text '' is set on object 'Object Repository/VLink/Page_CCSale/txt_ApprovalCode'

2024-05-18 16:41:08 - [MESSAGE][PASSED] - Text 'Arvind Silva' is set on object 'Object Repository/VLink/Page_CCSale/txt_CardName'

2024-05-18 16:41:09 - [MESSAGE][PASSED] - Text '111 Main Ave' is set on object 'Object Repository/VLink/Page_CCSale/txt_AL1'

2024-05-18 16:41:10 - [MESSAGE][PASSED] - Text '' is set on object 'Object Repository/VLink/Page_CCSale/txt_AL2'

2024-05-18 16:41:10 - [MESSAGE][PASSED] - Text 'Arlington' is set on object 'Object Repository/VLink/Page_CCSale/txt_CardCity'

2024-05-18 16:41:11 - [MESSAGE][PASSED] - Text 'VA' is set on object 'Object Repository/VLink/Page_CCSale/txt_CardState'

2024-05-18 16:41:12 - [MESSAGE][PASSED] - Text '22201' is set on object 'Object Repository/VLink/Page_CCSale/txt_CardZIP'

2024-05-18 16:41:12 - [MESSAGE][PASSED] - Text '' is set on object 'Object Repository/VLink/Page_CCSale/txt_CountryID'

2024-05-18 16:41:13 - [MESSAGE][PASSED] - Text '2.50' is set on object 'Object Repository/VLink/Page_CCSale/txt_Amount'

2024-05-18 16:41:14 - [MESSAGE][PASSED] - Text '6011000000000004' is set on object 'Object Repository/VLink/Page_CCSale/txt_CardNumber'

2024-05-18 16:41:14 - [MESSAGE][PASSED] - Text '01' is set on object 'Object Repository/VLink/Page_CCSale/txt_ExpMonth'

2024-05-18 16:41:15 - [MESSAGE][PASSED] - Text '2026' is set on object 'Object Repository/VLink/Page_CCSale/txt_ExpYear'

2024-05-18 16:41:16 - [MESSAGE][PASSED] - Text '' is set on object 'Object Repository/VLink/Page_CCSale/txt_CVV'

2024-05-18 16:41:17 - [MESSAGE][PASSED] - Text '' is set on object 'Object Repository/VLink/Page_CCSale/txt_CVVstate'

2024-05-18 16:41:17 - [MESSAGE][PASSED] - Text '' is set on object 'Object Repository/VLink/Page_CCSale/txt_TrackData'

2024-05-18 16:41:18 - [MESSAGE][PASSED] - Text '' is set on object 'Object Repository/VLink/Page_CCSale/txt_Track1Data'

2024-05-18 16:41:19 - [MESSAGE][PASSED] - Text '' is set on object 'Object Repository/VLink/Page_CCSale/txt_Track2Data'

2024-05-18 16:41:19 - [MESSAGE][PASSED] - Text 'manual' is set on object 'Object Repository/VLink/Page_CCSale/txt_POSEntryMode'

2024-05-18 16:41:20 - [MESSAGE][PASSED] - Text '' is set on object 'Object Repository/VLink/Page_CCSale/txt_Email'

2024-05-18 16:41:21 - [MESSAGE][PASSED] - Text '' is set on object 'Object Repository/VLink/Page_CCSale/txt_OrderNumber'

2024-05-18 16:41:21 - [MESSAGE][PASSED] - Text '' is set on object 'Object Repository/VLink/Page_CCSale/txt_TaxAmount'

2024-05-18 16:41:22 - [MESSAGE][PASSED] - Text '' is set on object 'Object Repository/VLink/Page_CCSale/txt_ChargeDescription'

2024-05-18 16:41:23 - [MESSAGE][PASSED] - Text '' is set on object 'Object Repository/VLink/Page_CCSale/txt_CAN'

2024-05-18 16:41:24 - [MESSAGE][PASSED] - Text '' is set on object 'Object Repository/VLink/Page_CCSale/txt_BillPaymentIndicator'

2024-05-18 16:41:24 - [MESSAGE][PASSED] - Text '' is set on object 'Object Repository/VLink/Page_CCSale/txt_UDF1'

2024-05-18 16:41:25 - [MESSAGE][PASSED] - Text '' is set on object 'Object Repository/VLink/Page_CCSale/txt_UDF2'

2024-05-18 16:41:26 - [MESSAGE][PASSED] - Text '' is set on object 'Object Repository/VLink/Page_CCSale/txt_UDF3'

2024-05-18 16:41:26 - [MESSAGE][PASSED] - Text '' is set on object 'Object Repository/VLink/Page_CCSale/txt_UDF4'

2024-05-18 16:41:27 - [MESSAGE][PASSED] - Text '' is set on object 'Object Repository/VLink/Page_CCSale/txt_UDF5'

2024-05-18 16:41:28 - [MESSAGE][PASSED] - Text '' is set on object 'Object Repository/VLink/Page_CCSale/txt_UDF6'

2024-05-18 16:41:28 - [MESSAGE][PASSED] - Text '' is set on object 'Object Repository/VLink/Page_CCSale/txt_UDF7'

2024-05-18 16:41:29 - [MESSAGE][PASSED] - Text '' is set on object 'Object Repository/VLink/Page_CCSale/txt_UDF8'

2024-05-18 16:41:30 - [MESSAGE][PASSED] - Text '' is set on object 'Object Repository/VLink/Page_CCSale/txt_UDF9'

2024-05-18 16:41:31 - [MESSAGE][PASSED] - Text '' is set on object 'Object Repository/VLink/Page_CCSale/txt_UDF10'

2024-05-18 16:41:35 - [MESSAGE][PASSED] - Object: 'Object Repository/VLink/Page_CCSale/btn_ProcessVLinkTransaction' is clicked on

2024-05-18 16:41:40 - [MESSAGE][PASSED] - vlinkPages.saleCCPage.setDataSCC is PASSED

2024-05-18 16:41:40 - [TEST_STEP][PASSED] - if (verifyTextPresent("Transaction approved, no errors", true)): null

2024-05-18 16:41:40 - [MESSAGE][PASSED] - Text 'Transaction approved, no errors' is present on page  using regular expression

2024-05-18 16:41:40 - [TEST_STEP][PASSED] - println("Transaction Approved, no errors text is present on the Confirmation page"): null

2024-05-18 16:41:40 - [TEST_STEP][PASSED] - out.println("Pass Record Number: " + row): null

2024-05-18 16:41:40 - [TEST_STEP][PASSED] - resText = "Pass": null

2024-05-18 16:41:40 - [TEST_STEP][PASSED] - pages.WriteExcel.demoKey(resText, datText, resColumn, datCloumn, fileLoc, nameSheet, row): pages.WriteExcel.demoKey is PASSED

2024-05-18 16:41:40 - [MESSAGE][PASSED] - pages.WriteExcel.demoKey is PASSED

2024-05-18 16:41:40 - [TEST_STEP][PASSED] - sdfo = getText(findTestObject("Object Repository/Page_VLinkReceipt/pre_STX")): Text of object 'Object Repository/Page_VLinkReceipt/pre_STX' is: '<STX>Mxo2xYi4vK56                  12153294            0  Transaction approved, no errors                   0                                                                                  Y OK9258   <ETX>'

2024-05-18 16:41:40 - [MESSAGE][PASSED] - Text of object 'Object Repository/Page_VLinkReceipt/pre_STX' is: '<STX>Mxo2xYi4vK56                  12153294            0  Transaction approved, no errors                   0                                                                                  Y OK9258   <ETX>'

2024-05-18 16:41:40 - [TEST_STEP][PASSED] - out.println("sdfo: " + sdfo): null

2024-05-18 16:41:40 - [TEST_STEP][PASSED] - remID = substring(5, 35).trim(): null

2024-05-18 16:41:40 - [TEST_STEP][PASSED] - out.println("Remittance ID: " + remID): null

2024-05-18 16:41:40 - [TEST_STEP][PASSED] - traxID = substring(35, 55).trim(): null

2024-05-18 16:41:40 - [TEST_STEP][PASSED] - out.println("Transaction ID: " + traxID): null

2024-05-18 16:41:40 - [TEST_STEP][PASSED] - out.println("End Record Number: " + row): null

2024-05-18 16:41:40 - [TEST_STEP][PASSED] - closeBrowser(): Browser is closed

2024-05-18 16:41:42 - [MESSAGE][PASSED] - Browser is closed

2024-05-18 16:41:42 - [TEST_STEP][PASSED] - ExecuteTC = findTestData(dataFile).getValue("Execute", row): null

2024-05-18 16:41:42 - [TEST_STEP][PASSED] - out.println("Value of Execute is : " + ExecuteTC): null

2024-05-18 16:41:42 - [TEST_STEP][PASSED] - if (ExecuteTC.equalsIgnoreCase("Y")): Browser is closed

2024-05-18 16:41:42 - [TEST_STEP][PASSED] - out.println("Begin Record Number: " + row): null

2024-05-18 16:41:42 - [TEST_STEP][PASSED] - today = new java.util.Date(): null

2024-05-18 16:41:42 - [TEST_STEP][PASSED] - println(today): null

2024-05-18 16:41:42 - [TEST_STEP][PASSED] - datText = today: null

2024-05-18 16:41:42 - [TEST_STEP][PASSED] - openBrowser(VLinkURL + "authcap.html"): Browser is opened with url: 'https://dev-algorithm.govolution.com/vlinktest/QA2/version_2_0/authcap.html'

2024-05-18 16:41:42 - [MESSAGE][INFO] - Starting 'Chrome' driver

2024-05-18 16:41:42 - [MESSAGE][INFO] - User set preference: ['acceptInsecureCerts', 'true']

2024-05-18 16:41:42 - [MESSAGE][INFO] - Action delay is set to 0 milliseconds

2024-05-18 16:41:44 - [MESSAGE][PASSED] - Browser is opened with url: 'https://dev-algorithm.govolution.com/vlinktest/QA2/version_2_0/authcap.html'

2024-05-18 16:41:44 - [TEST_STEP][PASSED] - maximizeWindow(): Current window maximized

2024-05-18 16:41:44 - [MESSAGE][PASSED] - Current window maximized

2024-05-18 16:41:44 - [TEST_STEP][PASSED] - vlinkPages.saleCCPage.setDataSCC(row, dataFile): vlinkPages.saleCCPage.setDataSCC is PASSED

2024-05-18 16:41:47 - [MESSAGE][PASSED] - Object 'Object Repository/VLink/Page_CCSale/txt_CardNumber' is present

2024-05-18 16:41:48 - [MESSAGE][PASSED] - Text '104' is set on object 'Object Repository/VLink/Page_CCSale/txt_TransactionType'

2024-05-18 16:41:48 - [MESSAGE][PASSED] - Text '2.0C' is set on object 'Object Repository/VLink/Page_CCSale/txt_MessageVersion'

2024-05-18 16:41:49 - [MESSAGE][PASSED] - Text '7Piyyci4wBSS' is set on object 'Object Repository/VLink/Page_CCSale/txt_RemID'

2024-05-18 16:41:50 - [MESSAGE][PASSED] - Text '671' is set on object 'Object Repository/VLink/Page_CCSale/txt_ApplicationId'

2024-05-18 16:41:50 - [MESSAGE][PASSED] - Text 'username' is set on object 'Object Repository/VLink/Page_CCSale/txt_Username'

2024-05-18 16:41:51 - [MESSAGE][PASSED] - Text 'password' is set on object 'Object Repository/VLink/Page_CCSale/txt_Password'

2024-05-18 16:41:52 - [MESSAGE][PASSED] - Text 'fixed_width' is set on object 'Object Repository/VLink/Page_CCSale/txt_ResponseFormat'

2024-05-18 16:41:53 - [MESSAGE][PASSED] - Text 'RETL' is set on object 'Object Repository/VLink/Page_CCSale/txt_Category'

2024-05-18 16:41:53 - [MESSAGE][PASSED] - Text '' is set on object 'Object Repository/VLink/Page_CCSale/txt_TransactionID'

2024-05-18 16:41:54 - [MESSAGE][PASSED] - Text '' is set on object 'Object Repository/VLink/Page_CCSale/txt_ApprovalCode'

2024-05-18 16:41:55 - [MESSAGE][PASSED] - Text 'Roshan Maha' is set on object 'Object Repository/VLink/Page_CCSale/txt_CardName'

2024-05-18 16:41:55 - [MESSAGE][PASSED] - Text '12563 Bazaar road' is set on object 'Object Repository/VLink/Page_CCSale/txt_AL1'

2024-05-18 16:41:56 - [MESSAGE][PASSED] - Text '' is set on object 'Object Repository/VLink/Page_CCSale/txt_AL2'

2024-05-18 16:41:57 - [MESSAGE][PASSED] - Text 'Crofton' is set on object 'Object Repository/VLink/Page_CCSale/txt_CardCity'

2024-05-18 16:41:57 - [MESSAGE][PASSED] - Text 'MD' is set on object 'Object Repository/VLink/Page_CCSale/txt_CardState'

2024-05-18 16:41:58 - [MESSAGE][PASSED] - Text '21114' is set on object 'Object Repository/VLink/Page_CCSale/txt_CardZIP'

2024-05-18 16:41:59 - [MESSAGE][PASSED] - Text '' is set on object 'Object Repository/VLink/Page_CCSale/txt_CountryID'

2024-05-18 16:41:59 - [MESSAGE][PASSED] - Text '3.50' is set on object 'Object Repository/VLink/Page_CCSale/txt_Amount'

2024-05-18 16:42:00 - [MESSAGE][PASSED] - Text '4111111111111111' is set on object 'Object Repository/VLink/Page_CCSale/txt_CardNumber'

2024-05-18 16:42:01 - [MESSAGE][PASSED] - Text '01' is set on object 'Object Repository/VLink/Page_CCSale/txt_ExpMonth'

2024-05-18 16:42:01 - [MESSAGE][PASSED] - Text '2026' is set on object 'Object Repository/VLink/Page_CCSale/txt_ExpYear'

2024-05-18 16:42:02 - [MESSAGE][PASSED] - Text '' is set on object 'Object Repository/VLink/Page_CCSale/txt_CVV'

2024-05-18 16:42:03 - [MESSAGE][PASSED] - Text '' is set on object 'Object Repository/VLink/Page_CCSale/txt_CVVstate'

2024-05-18 16:42:03 - [MESSAGE][PASSED] - Text '' is set on object 'Object Repository/VLink/Page_CCSale/txt_TrackData'

2024-05-18 16:42:04 - [MESSAGE][PASSED] - Text '' is set on object 'Object Repository/VLink/Page_CCSale/txt_Track1Data'

2024-05-18 16:42:05 - [MESSAGE][PASSED] - Text '' is set on object 'Object Repository/VLink/Page_CCSale/txt_Track2Data'

2024-05-18 16:42:05 - [MESSAGE][PASSED] - Text 'manual' is set on object 'Object Repository/VLink/Page_CCSale/txt_POSEntryMode'

2024-05-18 16:42:06 - [MESSAGE][PASSED] - Text '' is set on object 'Object Repository/VLink/Page_CCSale/txt_Email'

2024-05-18 16:42:07 - [MESSAGE][PASSED] - Text '' is set on object 'Object Repository/VLink/Page_CCSale/txt_OrderNumber'

2024-05-18 16:42:08 - [MESSAGE][PASSED] - Text '' is set on object 'Object Repository/VLink/Page_CCSale/txt_TaxAmount'

2024-05-18 16:42:08 - [MESSAGE][PASSED] - Text '' is set on object 'Object Repository/VLink/Page_CCSale/txt_ChargeDescription'

2024-05-18 16:42:09 - [MESSAGE][PASSED] - Text '' is set on object 'Object Repository/VLink/Page_CCSale/txt_CAN'

2024-05-18 16:42:10 - [MESSAGE][PASSED] - Text '' is set on object 'Object Repository/VLink/Page_CCSale/txt_BillPaymentIndicator'

2024-05-18 16:42:10 - [MESSAGE][PASSED] - Text '' is set on object 'Object Repository/VLink/Page_CCSale/txt_UDF1'

2024-05-18 16:42:11 - [MESSAGE][PASSED] - Text '' is set on object 'Object Repository/VLink/Page_CCSale/txt_UDF2'

2024-05-18 16:42:12 - [MESSAGE][PASSED] - Text '' is set on object 'Object Repository/VLink/Page_CCSale/txt_UDF3'

2024-05-18 16:42:12 - [MESSAGE][PASSED] - Text '' is set on object 'Object Repository/VLink/Page_CCSale/txt_UDF4'

2024-05-18 16:42:13 - [MESSAGE][PASSED] - Text '' is set on object 'Object Repository/VLink/Page_CCSale/txt_UDF5'

2024-05-18 16:42:14 - [MESSAGE][PASSED] - Text '' is set on object 'Object Repository/VLink/Page_CCSale/txt_UDF6'

2024-05-18 16:42:14 - [MESSAGE][PASSED] - Text '' is set on object 'Object Repository/VLink/Page_CCSale/txt_UDF7'

2024-05-18 16:42:15 - [MESSAGE][PASSED] - Text '' is set on object 'Object Repository/VLink/Page_CCSale/txt_UDF8'

2024-05-18 16:42:16 - [MESSAGE][PASSED] - Text '' is set on object 'Object Repository/VLink/Page_CCSale/txt_UDF9'

2024-05-18 16:42:17 - [MESSAGE][PASSED] - Text '' is set on object 'Object Repository/VLink/Page_CCSale/txt_UDF10'

2024-05-18 16:42:20 - [MESSAGE][PASSED] - Object: 'Object Repository/VLink/Page_CCSale/btn_ProcessVLinkTransaction' is clicked on

2024-05-18 16:42:25 - [MESSAGE][PASSED] - vlinkPages.saleCCPage.setDataSCC is PASSED

2024-05-18 16:42:25 - [TEST_STEP][PASSED] - if (verifyTextPresent("Transaction approved, no errors", true)): null

2024-05-18 16:42:25 - [MESSAGE][PASSED] - Text 'Transaction approved, no errors' is present on page  using regular expression

2024-05-18 16:42:25 - [TEST_STEP][PASSED] - println("Transaction Approved, no errors text is present on the Confirmation page"): null

2024-05-18 16:42:25 - [TEST_STEP][PASSED] - out.println("Pass Record Number: " + row): null

2024-05-18 16:42:25 - [TEST_STEP][PASSED] - resText = "Pass": null

2024-05-18 16:42:25 - [TEST_STEP][PASSED] - pages.WriteExcel.demoKey(resText, datText, resColumn, datCloumn, fileLoc, nameSheet, row): pages.WriteExcel.demoKey is PASSED

2024-05-18 16:42:25 - [MESSAGE][PASSED] - pages.WriteExcel.demoKey is PASSED

2024-05-18 16:42:25 - [TEST_STEP][PASSED] - sdfo = getText(findTestObject("Object Repository/Page_VLinkReceipt/pre_STX")): Text of object 'Object Repository/Page_VLinkReceipt/pre_STX' is: '<STX>7Piyyci4wBSS                  12153295            0  Transaction approved, no errors                   0                                                                                  Y OK9278   <ETX>'

2024-05-18 16:42:26 - [MESSAGE][PASSED] - Text of object 'Object Repository/Page_VLinkReceipt/pre_STX' is: '<STX>7Piyyci4wBSS                  12153295            0  Transaction approved, no errors                   0                                                                                  Y OK9278   <ETX>'

2024-05-18 16:42:26 - [TEST_STEP][PASSED] - out.println("sdfo: " + sdfo): null

2024-05-18 16:42:26 - [TEST_STEP][PASSED] - remID = substring(5, 35).trim(): null

2024-05-18 16:42:26 - [TEST_STEP][PASSED] - out.println("Remittance ID: " + remID): null

2024-05-18 16:42:26 - [TEST_STEP][PASSED] - traxID = substring(35, 55).trim(): null

2024-05-18 16:42:26 - [TEST_STEP][PASSED] - out.println("Transaction ID: " + traxID): null

2024-05-18 16:42:26 - [TEST_STEP][PASSED] - out.println("End Record Number: " + row): null

2024-05-18 16:42:26 - [TEST_STEP][PASSED] - closeBrowser(): Browser is closed

2024-05-18 16:42:27 - [MESSAGE][PASSED] - Browser is closed

2024-05-18 16:42:27 - [TEST_STEP][PASSED] - ExecuteTC = findTestData(dataFile).getValue("Execute", row): null

2024-05-18 16:42:27 - [TEST_STEP][PASSED] - out.println("Value of Execute is : " + ExecuteTC): null

2024-05-18 16:42:27 - [TEST_STEP][PASSED] - if (ExecuteTC.equalsIgnoreCase("Y")): Browser is closed

2024-05-18 16:42:27 - [TEST_STEP][PASSED] - out.println("Begin Record Number: " + row): null

2024-05-18 16:42:27 - [TEST_STEP][PASSED] - today = new java.util.Date(): null

2024-05-18 16:42:27 - [TEST_STEP][PASSED] - println(today): null

2024-05-18 16:42:27 - [TEST_STEP][PASSED] - datText = today: null

2024-05-18 16:42:27 - [TEST_STEP][PASSED] - openBrowser(VLinkURL + "authcap.html"): Browser is opened with url: 'https://dev-algorithm.govolution.com/vlinktest/QA2/version_2_0/authcap.html'

2024-05-18 16:42:27 - [MESSAGE][INFO] - Starting 'Chrome' driver

2024-05-18 16:42:27 - [MESSAGE][INFO] - User set preference: ['acceptInsecureCerts', 'true']

2024-05-18 16:42:27 - [MESSAGE][INFO] - Action delay is set to 0 milliseconds

2024-05-18 16:42:29 - [MESSAGE][PASSED] - Browser is opened with url: 'https://dev-algorithm.govolution.com/vlinktest/QA2/version_2_0/authcap.html'

2024-05-18 16:42:29 - [TEST_STEP][PASSED] - maximizeWindow(): Current window maximized

2024-05-18 16:42:29 - [MESSAGE][PASSED] - Current window maximized

2024-05-18 16:42:29 - [TEST_STEP][PASSED] - vlinkPages.saleCCPage.setDataSCC(row, dataFile): vlinkPages.saleCCPage.setDataSCC is PASSED

2024-05-18 16:42:32 - [MESSAGE][PASSED] - Object 'Object Repository/VLink/Page_CCSale/txt_CardNumber' is present

2024-05-18 16:42:33 - [MESSAGE][PASSED] - Text '104' is set on object 'Object Repository/VLink/Page_CCSale/txt_TransactionType'

2024-05-18 16:42:34 - [MESSAGE][PASSED] - Text '2.0C' is set on object 'Object Repository/VLink/Page_CCSale/txt_MessageVersion'

2024-05-18 16:42:34 - [MESSAGE][PASSED] - Text 'NLFGlSlf8pqn' is set on object 'Object Repository/VLink/Page_CCSale/txt_RemID'

2024-05-18 16:42:35 - [MESSAGE][PASSED] - Text '671' is set on object 'Object Repository/VLink/Page_CCSale/txt_ApplicationId'

2024-05-18 16:42:36 - [MESSAGE][PASSED] - Text 'username' is set on object 'Object Repository/VLink/Page_CCSale/txt_Username'

2024-05-18 16:42:36 - [MESSAGE][PASSED] - Text 'password' is set on object 'Object Repository/VLink/Page_CCSale/txt_Password'

2024-05-18 16:42:37 - [MESSAGE][PASSED] - Text 'fixed_width' is set on object 'Object Repository/VLink/Page_CCSale/txt_ResponseFormat'

2024-05-18 16:42:38 - [MESSAGE][PASSED] - Text 'RETL' is set on object 'Object Repository/VLink/Page_CCSale/txt_Category'

2024-05-18 16:42:38 - [MESSAGE][PASSED] - Text '' is set on object 'Object Repository/VLink/Page_CCSale/txt_TransactionID'

2024-05-18 16:42:39 - [MESSAGE][PASSED] - Text '' is set on object 'Object Repository/VLink/Page_CCSale/txt_ApprovalCode'

2024-05-18 16:42:40 - [MESSAGE][PASSED] - Text 'Kris Roshan' is set on object 'Object Repository/VLink/Page_CCSale/txt_CardName'

2024-05-18 16:42:41 - [MESSAGE][PASSED] - Text '258 Elm Road' is set on object 'Object Repository/VLink/Page_CCSale/txt_AL1'

2024-05-18 16:42:41 - [MESSAGE][PASSED] - Text 'Suite 56' is set on object 'Object Repository/VLink/Page_CCSale/txt_AL2'

2024-05-18 16:42:42 - [MESSAGE][PASSED] - Text 'Arlington' is set on object 'Object Repository/VLink/Page_CCSale/txt_CardCity'

2024-05-18 16:42:43 - [MESSAGE][PASSED] - Text 'VA' is set on object 'Object Repository/VLink/Page_CCSale/txt_CardState'

2024-05-18 16:42:43 - [MESSAGE][PASSED] - Text '22201' is set on object 'Object Repository/VLink/Page_CCSale/txt_CardZIP'

2024-05-18 16:42:44 - [MESSAGE][PASSED] - Text '840' is set on object 'Object Repository/VLink/Page_CCSale/txt_CountryID'

2024-05-18 16:42:45 - [MESSAGE][PASSED] - Text '1.50' is set on object 'Object Repository/VLink/Page_CCSale/txt_Amount'

2024-05-18 16:42:46 - [MESSAGE][PASSED] - Text '5424000000000015' is set on object 'Object Repository/VLink/Page_CCSale/txt_CardNumber'

2024-05-18 16:42:46 - [MESSAGE][PASSED] - Text '12' is set on object 'Object Repository/VLink/Page_CCSale/txt_ExpMonth'

2024-05-18 16:42:47 - [MESSAGE][PASSED] - Text '2025' is set on object 'Object Repository/VLink/Page_CCSale/txt_ExpYear'

2024-05-18 16:42:48 - [MESSAGE][PASSED] - Text '' is set on object 'Object Repository/VLink/Page_CCSale/txt_CVV'

2024-05-18 16:42:48 - [MESSAGE][PASSED] - Text '' is set on object 'Object Repository/VLink/Page_CCSale/txt_CVVstate'

2024-05-18 16:42:49 - [MESSAGE][PASSED] - Text '' is set on object 'Object Repository/VLink/Page_CCSale/txt_TrackData'

2024-05-18 16:42:50 - [MESSAGE][PASSED] - Text '' is set on object 'Object Repository/VLink/Page_CCSale/txt_Track1Data'

2024-05-18 16:42:50 - [MESSAGE][PASSED] - Text '' is set on object 'Object Repository/VLink/Page_CCSale/txt_Track2Data'

2024-05-18 16:42:51 - [MESSAGE][PASSED] - Text 'manual' is set on object 'Object Repository/VLink/Page_CCSale/txt_POSEntryMode'

2024-05-18 16:42:52 - [MESSAGE][PASSED] - Text 'iahmed@govolution.com' is set on object 'Object Repository/VLink/Page_CCSale/txt_Email'

2024-05-18 16:42:52 - [MESSAGE][PASSED] - Text '2569362' is set on object 'Object Repository/VLink/Page_CCSale/txt_OrderNumber'

2024-05-18 16:42:53 - [MESSAGE][PASSED] - Text '1.15' is set on object 'Object Repository/VLink/Page_CCSale/txt_TaxAmount'

2024-05-18 16:42:54 - [MESSAGE][PASSED] - Text 'Charge Description' is set on object 'Object Repository/VLink/Page_CCSale/txt_ChargeDescription'

2024-05-18 16:42:55 - [MESSAGE][PASSED] - Text '147357' is set on object 'Object Repository/VLink/Page_CCSale/txt_CAN'

2024-05-18 16:42:55 - [MESSAGE][PASSED] - Text '1' is set on object 'Object Repository/VLink/Page_CCSale/txt_BillPaymentIndicator'

2024-05-18 16:42:56 - [MESSAGE][PASSED] - Text 'UDF Data 1' is set on object 'Object Repository/VLink/Page_CCSale/txt_UDF1'

2024-05-18 16:42:57 - [MESSAGE][PASSED] - Text 'UDF Data 2' is set on object 'Object Repository/VLink/Page_CCSale/txt_UDF2'

2024-05-18 16:42:57 - [MESSAGE][PASSED] - Text 'UDF Data 3' is set on object 'Object Repository/VLink/Page_CCSale/txt_UDF3'

2024-05-18 16:42:58 - [MESSAGE][PASSED] - Text 'UDF Data 4' is set on object 'Object Repository/VLink/Page_CCSale/txt_UDF4'

2024-05-18 16:42:59 - [MESSAGE][PASSED] - Text 'UDF Data 5' is set on object 'Object Repository/VLink/Page_CCSale/txt_UDF5'

2024-05-18 16:42:59 - [MESSAGE][PASSED] - Text 'UDF Data 6' is set on object 'Object Repository/VLink/Page_CCSale/txt_UDF6'

2024-05-18 16:43:00 - [MESSAGE][PASSED] - Text 'UDF Data 7' is set on object 'Object Repository/VLink/Page_CCSale/txt_UDF7'

2024-05-18 16:43:01 - [MESSAGE][PASSED] - Text 'UDF Data 8' is set on object 'Object Repository/VLink/Page_CCSale/txt_UDF8'

2024-05-18 16:43:02 - [MESSAGE][PASSED] - Text 'UDF Data 9' is set on object 'Object Repository/VLink/Page_CCSale/txt_UDF9'

2024-05-18 16:43:02 - [MESSAGE][PASSED] - Text 'UDF Data 10' is set on object 'Object Repository/VLink/Page_CCSale/txt_UDF10'

2024-05-18 16:43:06 - [MESSAGE][PASSED] - Object: 'Object Repository/VLink/Page_CCSale/btn_ProcessVLinkTransaction' is clicked on

2024-05-18 16:43:11 - [MESSAGE][PASSED] - vlinkPages.saleCCPage.setDataSCC is PASSED

2024-05-18 16:43:11 - [TEST_STEP][PASSED] - if (verifyTextPresent("Transaction approved, no errors", true)): null

2024-05-18 16:43:12 - [MESSAGE][PASSED] - Text 'Transaction approved, no errors' is present on page  using regular expression

2024-05-18 16:43:12 - [TEST_STEP][PASSED] - println("Transaction Approved, no errors text is present on the Confirmation page"): null

2024-05-18 16:43:12 - [TEST_STEP][PASSED] - out.println("Pass Record Number: " + row): null

2024-05-18 16:43:12 - [TEST_STEP][PASSED] - resText = "Pass": null

2024-05-18 16:43:12 - [TEST_STEP][PASSED] - pages.WriteExcel.demoKey(resText, datText, resColumn, datCloumn, fileLoc, nameSheet, row): pages.WriteExcel.demoKey is PASSED

2024-05-18 16:43:12 - [MESSAGE][PASSED] - pages.WriteExcel.demoKey is PASSED

2024-05-18 16:43:12 - [TEST_STEP][PASSED] - sdfo = getText(findTestObject("Object Repository/Page_VLinkReceipt/pre_STX")): Text of object 'Object Repository/Page_VLinkReceipt/pre_STX' is: '<STX>NLFGlSlf8pqn                  12153296            0  Transaction approved, no errors                   0                                                                                  Y OK9388   <ETX>'

2024-05-18 16:43:12 - [MESSAGE][PASSED] - Text of object 'Object Repository/Page_VLinkReceipt/pre_STX' is: '<STX>NLFGlSlf8pqn                  12153296            0  Transaction approved, no errors                   0                                                                                  Y OK9388   <ETX>'

2024-05-18 16:43:12 - [TEST_STEP][PASSED] - out.println("sdfo: " + sdfo): null

2024-05-18 16:43:12 - [TEST_STEP][PASSED] - remID = substring(5, 35).trim(): null

2024-05-18 16:43:12 - [TEST_STEP][PASSED] - out.println("Remittance ID: " + remID): null

2024-05-18 16:43:12 - [TEST_STEP][PASSED] - traxID = substring(35, 55).trim(): null

2024-05-18 16:43:12 - [TEST_STEP][PASSED] - out.println("Transaction ID: " + traxID): null

2024-05-18 16:43:12 - [TEST_STEP][PASSED] - out.println("End Record Number: " + row): null

2024-05-18 16:43:12 - [TEST_STEP][PASSED] - closeBrowser(): Browser is closed

2024-05-18 16:43:13 - [MESSAGE][PASSED] - Browser is closed

2024-05-18 16:43:13 - [TEST_STEP][PASSED] - ExecuteTC = findTestData(dataFile).getValue("Execute", row): null

2024-05-18 16:43:13 - [TEST_STEP][PASSED] - out.println("Value of Execute is : " + ExecuteTC): null

2024-05-18 16:43:13 - [TEST_STEP][PASSED] - if (ExecuteTC.equalsIgnoreCase("Y")): Browser is closed

2024-05-18 16:43:13 - [TEST_STEP][PASSED] - out.println("Begin Record Number: " + row): null

2024-05-18 16:43:13 - [TEST_STEP][PASSED] - today = new java.util.Date(): null

2024-05-18 16:43:13 - [TEST_STEP][PASSED] - println(today): null

2024-05-18 16:43:13 - [TEST_STEP][PASSED] - datText = today: null

2024-05-18 16:43:13 - [TEST_STEP][PASSED] - openBrowser(VLinkURL + "authcap.html"): Browser is opened with url: 'https://dev-algorithm.govolution.com/vlinktest/QA2/version_2_0/authcap.html'

2024-05-18 16:43:13 - [MESSAGE][INFO] - Starting 'Chrome' driver

2024-05-18 16:43:13 - [MESSAGE][INFO] - User set preference: ['acceptInsecureCerts', 'true']

2024-05-18 16:43:13 - [MESSAGE][INFO] - Action delay is set to 0 milliseconds

2024-05-18 16:43:15 - [MESSAGE][PASSED] - Browser is opened with url: 'https://dev-algorithm.govolution.com/vlinktest/QA2/version_2_0/authcap.html'

2024-05-18 16:43:15 - [TEST_STEP][PASSED] - maximizeWindow(): Current window maximized

2024-05-18 16:43:16 - [MESSAGE][PASSED] - Current window maximized

2024-05-18 16:43:16 - [TEST_STEP][PASSED] - vlinkPages.saleCCPage.setDataSCC(row, dataFile): vlinkPages.saleCCPage.setDataSCC is PASSED

2024-05-18 16:43:19 - [MESSAGE][PASSED] - Object 'Object Repository/VLink/Page_CCSale/txt_CardNumber' is present

2024-05-18 16:43:19 - [MESSAGE][PASSED] - Text '104' is set on object 'Object Repository/VLink/Page_CCSale/txt_TransactionType'

2024-05-18 16:43:20 - [MESSAGE][PASSED] - Text '2.0C' is set on object 'Object Repository/VLink/Page_CCSale/txt_MessageVersion'

2024-05-18 16:43:21 - [MESSAGE][PASSED] - Text 'dBCq7eL6eNRD' is set on object 'Object Repository/VLink/Page_CCSale/txt_RemID'

2024-05-18 16:43:21 - [MESSAGE][PASSED] - Text '671' is set on object 'Object Repository/VLink/Page_CCSale/txt_ApplicationId'

2024-05-18 16:43:22 - [MESSAGE][PASSED] - Text 'username' is set on object 'Object Repository/VLink/Page_CCSale/txt_Username'

2024-05-18 16:43:23 - [MESSAGE][PASSED] - Text 'password' is set on object 'Object Repository/VLink/Page_CCSale/txt_Password'

2024-05-18 16:43:23 - [MESSAGE][PASSED] - Text 'fixed_width' is set on object 'Object Repository/VLink/Page_CCSale/txt_ResponseFormat'

2024-05-18 16:43:24 - [MESSAGE][PASSED] - Text 'RETL' is set on object 'Object Repository/VLink/Page_CCSale/txt_Category'

2024-05-18 16:43:25 - [MESSAGE][PASSED] - Text '' is set on object 'Object Repository/VLink/Page_CCSale/txt_TransactionID'

2024-05-18 16:43:25 - [MESSAGE][PASSED] - Text '' is set on object 'Object Repository/VLink/Page_CCSale/txt_ApprovalCode'

2024-05-18 16:43:26 - [MESSAGE][PASSED] - Text 'Arvind Silva' is set on object 'Object Repository/VLink/Page_CCSale/txt_CardName'

2024-05-18 16:43:27 - [MESSAGE][PASSED] - Text '111 Main Ave' is set on object 'Object Repository/VLink/Page_CCSale/txt_AL1'

2024-05-18 16:43:28 - [MESSAGE][PASSED] - Text '' is set on object 'Object Repository/VLink/Page_CCSale/txt_AL2'

2024-05-18 16:43:28 - [MESSAGE][PASSED] - Text 'Arlington' is set on object 'Object Repository/VLink/Page_CCSale/txt_CardCity'

2024-05-18 16:43:29 - [MESSAGE][PASSED] - Text 'VA' is set on object 'Object Repository/VLink/Page_CCSale/txt_CardState'

2024-05-18 16:43:30 - [MESSAGE][PASSED] - Text '22201' is set on object 'Object Repository/VLink/Page_CCSale/txt_CardZIP'

2024-05-18 16:43:30 - [MESSAGE][PASSED] - Text '' is set on object 'Object Repository/VLink/Page_CCSale/txt_CountryID'

2024-05-18 16:43:31 - [MESSAGE][PASSED] - Text '2.50' is set on object 'Object Repository/VLink/Page_CCSale/txt_Amount'

2024-05-18 16:43:32 - [MESSAGE][PASSED] - Text '370000000000002' is set on object 'Object Repository/VLink/Page_CCSale/txt_CardNumber'

2024-05-18 16:43:32 - [MESSAGE][PASSED] - Text '01' is set on object 'Object Repository/VLink/Page_CCSale/txt_ExpMonth'

2024-05-18 16:43:33 - [MESSAGE][PASSED] - Text '2026' is set on object 'Object Repository/VLink/Page_CCSale/txt_ExpYear'

2024-05-18 16:43:34 - [MESSAGE][PASSED] - Text '' is set on object 'Object Repository/VLink/Page_CCSale/txt_CVV'

2024-05-18 16:43:34 - [MESSAGE][PASSED] - Text '' is set on object 'Object Repository/VLink/Page_CCSale/txt_CVVstate'

2024-05-18 16:43:35 - [MESSAGE][PASSED] - Text '' is set on object 'Object Repository/VLink/Page_CCSale/txt_TrackData'

2024-05-18 16:43:36 - [MESSAGE][PASSED] - Text '' is set on object 'Object Repository/VLink/Page_CCSale/txt_Track1Data'

2024-05-18 16:43:37 - [MESSAGE][PASSED] - Text '' is set on object 'Object Repository/VLink/Page_CCSale/txt_Track2Data'

2024-05-18 16:43:37 - [MESSAGE][PASSED] - Text 'manual' is set on object 'Object Repository/VLink/Page_CCSale/txt_POSEntryMode'

2024-05-18 16:43:38 - [MESSAGE][PASSED] - Text '' is set on object 'Object Repository/VLink/Page_CCSale/txt_Email'

2024-05-18 16:43:39 - [MESSAGE][PASSED] - Text '' is set on object 'Object Repository/VLink/Page_CCSale/txt_OrderNumber'

2024-05-18 16:43:39 - [MESSAGE][PASSED] - Text '' is set on object 'Object Repository/VLink/Page_CCSale/txt_TaxAmount'

2024-05-18 16:43:40 - [MESSAGE][PASSED] - Text '' is set on object 'Object Repository/VLink/Page_CCSale/txt_ChargeDescription'

2024-05-18 16:43:41 - [MESSAGE][PASSED] - Text '' is set on object 'Object Repository/VLink/Page_CCSale/txt_CAN'

2024-05-18 16:43:41 - [MESSAGE][PASSED] - Text '' is set on object 'Object Repository/VLink/Page_CCSale/txt_BillPaymentIndicator'

2024-05-18 16:43:42 - [MESSAGE][PASSED] - Text '' is set on object 'Object Repository/VLink/Page_CCSale/txt_UDF1'

2024-05-18 16:43:43 - [MESSAGE][PASSED] - Text '' is set on object 'Object Repository/VLink/Page_CCSale/txt_UDF2'

2024-05-18 16:43:43 - [MESSAGE][PASSED] - Text '' is set on object 'Object Repository/VLink/Page_CCSale/txt_UDF3'

2024-05-18 16:43:44 - [MESSAGE][PASSED] - Text '' is set on object 'Object Repository/VLink/Page_CCSale/txt_UDF4'

2024-05-18 16:43:45 - [MESSAGE][PASSED] - Text '' is set on object 'Object Repository/VLink/Page_CCSale/txt_UDF5'

2024-05-18 16:43:45 - [MESSAGE][PASSED] - Text '' is set on object 'Object Repository/VLink/Page_CCSale/txt_UDF6'

2024-05-18 16:43:46 - [MESSAGE][PASSED] - Text '' is set on object 'Object Repository/VLink/Page_CCSale/txt_UDF7'

2024-05-18 16:43:47 - [MESSAGE][PASSED] - Text '' is set on object 'Object Repository/VLink/Page_CCSale/txt_UDF8'

2024-05-18 16:43:47 - [MESSAGE][PASSED] - Text '' is set on object 'Object Repository/VLink/Page_CCSale/txt_UDF9'

2024-05-18 16:43:48 - [MESSAGE][PASSED] - Text '' is set on object 'Object Repository/VLink/Page_CCSale/txt_UDF10'

2024-05-18 16:43:52 - [MESSAGE][PASSED] - Object: 'Object Repository/VLink/Page_CCSale/btn_ProcessVLinkTransaction' is clicked on

2024-05-18 16:43:57 - [MESSAGE][PASSED] - vlinkPages.saleCCPage.setDataSCC is PASSED

2024-05-18 16:43:57 - [TEST_STEP][PASSED] - if (verifyTextPresent("Transaction approved, no errors", true)): null

2024-05-18 16:43:57 - [MESSAGE][PASSED] - Text 'Transaction approved, no errors' is present on page  using regular expression

2024-05-18 16:43:57 - [TEST_STEP][PASSED] - println("Transaction Approved, no errors text is present on the Confirmation page"): null

2024-05-18 16:43:57 - [TEST_STEP][PASSED] - out.println("Pass Record Number: " + row): null

2024-05-18 16:43:57 - [TEST_STEP][PASSED] - resText = "Pass": null

2024-05-18 16:43:57 - [TEST_STEP][PASSED] - pages.WriteExcel.demoKey(resText, datText, resColumn, datCloumn, fileLoc, nameSheet, row): pages.WriteExcel.demoKey is PASSED

2024-05-18 16:43:57 - [MESSAGE][PASSED] - pages.WriteExcel.demoKey is PASSED

2024-05-18 16:43:57 - [TEST_STEP][PASSED] - sdfo = getText(findTestObject("Object Repository/Page_VLinkReceipt/pre_STX")): Text of object 'Object Repository/Page_VLinkReceipt/pre_STX' is: '<STX>dBCq7eL6eNRD                  12153297            0  Transaction approved, no errors                   0                                                                                  Y OK9398   <ETX>'

2024-05-18 16:43:58 - [MESSAGE][PASSED] - Text of object 'Object Repository/Page_VLinkReceipt/pre_STX' is: '<STX>dBCq7eL6eNRD                  12153297            0  Transaction approved, no errors                   0                                                                                  Y OK9398   <ETX>'

2024-05-18 16:43:58 - [TEST_STEP][PASSED] - out.println("sdfo: " + sdfo): null

2024-05-18 16:43:58 - [TEST_STEP][PASSED] - remID = substring(5, 35).trim(): null

2024-05-18 16:43:58 - [TEST_STEP][PASSED] - out.println("Remittance ID: " + remID): null

2024-05-18 16:43:58 - [TEST_STEP][PASSED] - traxID = substring(35, 55).trim(): null

2024-05-18 16:43:58 - [TEST_STEP][PASSED] - out.println("Transaction ID: " + traxID): null

2024-05-18 16:43:58 - [TEST_STEP][PASSED] - out.println("End Record Number: " + row): null

2024-05-18 16:43:58 - [TEST_STEP][PASSED] - closeBrowser(): Browser is closed

2024-05-18 16:43:59 - [MESSAGE][PASSED] - Browser is closed

2024-05-18 16:43:59 - [TEST_STEP][PASSED] - ExecuteTC = findTestData(dataFile).getValue("Execute", row): null

2024-05-18 16:43:59 - [TEST_STEP][PASSED] - out.println("Value of Execute is : " + ExecuteTC): null

2024-05-18 16:43:59 - [TEST_STEP][PASSED] - if (ExecuteTC.equalsIgnoreCase("Y")): Browser is closed

2024-05-18 16:43:59 - [TEST_STEP][PASSED] - out.println("Begin Record Number: " + row): null

2024-05-18 16:43:59 - [TEST_STEP][PASSED] - today = new java.util.Date(): null

2024-05-18 16:43:59 - [TEST_STEP][PASSED] - println(today): null

2024-05-18 16:43:59 - [TEST_STEP][PASSED] - datText = today: null

2024-05-18 16:43:59 - [TEST_STEP][PASSED] - openBrowser(VLinkURL + "authcap.html"): Browser is opened with url: 'https://dev-algorithm.govolution.com/vlinktest/QA2/version_2_0/authcap.html'

2024-05-18 16:43:59 - [MESSAGE][INFO] - Starting 'Chrome' driver

2024-05-18 16:43:59 - [MESSAGE][INFO] - User set preference: ['acceptInsecureCerts', 'true']

2024-05-18 16:43:59 - [MESSAGE][INFO] - Action delay is set to 0 milliseconds

2024-05-18 16:44:01 - [MESSAGE][PASSED] - Browser is opened with url: 'https://dev-algorithm.govolution.com/vlinktest/QA2/version_2_0/authcap.html'

2024-05-18 16:44:01 - [TEST_STEP][PASSED] - maximizeWindow(): Current window maximized

2024-05-18 16:44:01 - [MESSAGE][PASSED] - Current window maximized

2024-05-18 16:44:01 - [TEST_STEP][PASSED] - vlinkPages.saleCCPage.setDataSCC(row, dataFile): vlinkPages.saleCCPage.setDataSCC is PASSED

2024-05-18 16:44:04 - [MESSAGE][PASSED] - Object 'Object Repository/VLink/Page_CCSale/txt_CardNumber' is present

2024-05-18 16:44:05 - [MESSAGE][PASSED] - Text '104' is set on object 'Object Repository/VLink/Page_CCSale/txt_TransactionType'

2024-05-18 16:44:06 - [MESSAGE][PASSED] - Text '2.0C' is set on object 'Object Repository/VLink/Page_CCSale/txt_MessageVersion'

2024-05-18 16:44:06 - [MESSAGE][PASSED] - Text 'jzLwDAuzbd4H' is set on object 'Object Repository/VLink/Page_CCSale/txt_RemID'

2024-05-18 16:44:07 - [MESSAGE][PASSED] - Text '671' is set on object 'Object Repository/VLink/Page_CCSale/txt_ApplicationId'

2024-05-18 16:44:08 - [MESSAGE][PASSED] - Text 'username' is set on object 'Object Repository/VLink/Page_CCSale/txt_Username'

2024-05-18 16:44:08 - [MESSAGE][PASSED] - Text 'password' is set on object 'Object Repository/VLink/Page_CCSale/txt_Password'

2024-05-18 16:44:09 - [MESSAGE][PASSED] - Text 'fixed_width' is set on object 'Object Repository/VLink/Page_CCSale/txt_ResponseFormat'

2024-05-18 16:44:10 - [MESSAGE][PASSED] - Text 'RETL' is set on object 'Object Repository/VLink/Page_CCSale/txt_Category'

2024-05-18 16:44:10 - [MESSAGE][PASSED] - Text '' is set on object 'Object Repository/VLink/Page_CCSale/txt_TransactionID'

2024-05-18 16:44:11 - [MESSAGE][PASSED] - Text '' is set on object 'Object Repository/VLink/Page_CCSale/txt_ApprovalCode'

2024-05-18 16:44:12 - [MESSAGE][PASSED] - Text 'Roshan Maha' is set on object 'Object Repository/VLink/Page_CCSale/txt_CardName'

2024-05-18 16:44:12 - [MESSAGE][PASSED] - Text '12563 Bazaar road' is set on object 'Object Repository/VLink/Page_CCSale/txt_AL1'

2024-05-18 16:44:13 - [MESSAGE][PASSED] - Text '' is set on object 'Object Repository/VLink/Page_CCSale/txt_AL2'

2024-05-18 16:44:14 - [MESSAGE][PASSED] - Text 'Crofton' is set on object 'Object Repository/VLink/Page_CCSale/txt_CardCity'

2024-05-18 16:44:15 - [MESSAGE][PASSED] - Text 'MD' is set on object 'Object Repository/VLink/Page_CCSale/txt_CardState'

2024-05-18 16:44:15 - [MESSAGE][PASSED] - Text '21114' is set on object 'Object Repository/VLink/Page_CCSale/txt_CardZIP'

2024-05-18 16:44:16 - [MESSAGE][PASSED] - Text '' is set on object 'Object Repository/VLink/Page_CCSale/txt_CountryID'

2024-05-18 16:44:17 - [MESSAGE][PASSED] - Text '3.50' is set on object 'Object Repository/VLink/Page_CCSale/txt_Amount'

2024-05-18 16:44:17 - [MESSAGE][PASSED] - Text '6011000000000004' is set on object 'Object Repository/VLink/Page_CCSale/txt_CardNumber'

2024-05-18 16:44:18 - [MESSAGE][PASSED] - Text '01' is set on object 'Object Repository/VLink/Page_CCSale/txt_ExpMonth'

2024-05-18 16:44:19 - [MESSAGE][PASSED] - Text '2026' is set on object 'Object Repository/VLink/Page_CCSale/txt_ExpYear'

2024-05-18 16:44:19 - [MESSAGE][PASSED] - Text '' is set on object 'Object Repository/VLink/Page_CCSale/txt_CVV'

2024-05-18 16:44:20 - [MESSAGE][PASSED] - Text '' is set on object 'Object Repository/VLink/Page_CCSale/txt_CVVstate'

2024-05-18 16:44:21 - [MESSAGE][PASSED] - Text '' is set on object 'Object Repository/VLink/Page_CCSale/txt_TrackData'

2024-05-18 16:44:21 - [MESSAGE][PASSED] - Text '' is set on object 'Object Repository/VLink/Page_CCSale/txt_Track1Data'

2024-05-18 16:44:22 - [MESSAGE][PASSED] - Text '' is set on object 'Object Repository/VLink/Page_CCSale/txt_Track2Data'

2024-05-18 16:44:23 - [MESSAGE][PASSED] - Text 'manual' is set on object 'Object Repository/VLink/Page_CCSale/txt_POSEntryMode'

2024-05-18 16:44:23 - [MESSAGE][PASSED] - Text '' is set on object 'Object Repository/VLink/Page_CCSale/txt_Email'

2024-05-18 16:44:24 - [MESSAGE][PASSED] - Text '' is set on object 'Object Repository/VLink/Page_CCSale/txt_OrderNumber'

2024-05-18 16:44:25 - [MESSAGE][PASSED] - Text '' is set on object 'Object Repository/VLink/Page_CCSale/txt_TaxAmount'

2024-05-18 16:44:25 - [MESSAGE][PASSED] - Text '' is set on object 'Object Repository/VLink/Page_CCSale/txt_ChargeDescription'

2024-05-18 16:44:26 - [MESSAGE][PASSED] - Text '' is set on object 'Object Repository/VLink/Page_CCSale/txt_CAN'

2024-05-18 16:44:27 - [MESSAGE][PASSED] - Text '' is set on object 'Object Repository/VLink/Page_CCSale/txt_BillPaymentIndicator'

2024-05-18 16:44:27 - [MESSAGE][PASSED] - Text '' is set on object 'Object Repository/VLink/Page_CCSale/txt_UDF1'

2024-05-18 16:44:28 - [MESSAGE][PASSED] - Text '' is set on object 'Object Repository/VLink/Page_CCSale/txt_UDF2'

2024-05-18 16:44:29 - [MESSAGE][PASSED] - Text '' is set on object 'Object Repository/VLink/Page_CCSale/txt_UDF3'

2024-05-18 16:44:30 - [MESSAGE][PASSED] - Text '' is set on object 'Object Repository/VLink/Page_CCSale/txt_UDF4'

2024-05-18 16:44:30 - [MESSAGE][PASSED] - Text '' is set on object 'Object Repository/VLink/Page_CCSale/txt_UDF5'

2024-05-18 16:44:31 - [MESSAGE][PASSED] - Text '' is set on object 'Object Repository/VLink/Page_CCSale/txt_UDF6'

2024-05-18 16:44:32 - [MESSAGE][PASSED] - Text '' is set on object 'Object Repository/VLink/Page_CCSale/txt_UDF7'

2024-05-18 16:44:32 - [MESSAGE][PASSED] - Text '' is set on object 'Object Repository/VLink/Page_CCSale/txt_UDF8'

2024-05-18 16:44:33 - [MESSAGE][PASSED] - Text '' is set on object 'Object Repository/VLink/Page_CCSale/txt_UDF9'

2024-05-18 16:44:34 - [MESSAGE][PASSED] - Text '' is set on object 'Object Repository/VLink/Page_CCSale/txt_UDF10'

2024-05-18 16:44:37 - [MESSAGE][PASSED] - Object: 'Object Repository/VLink/Page_CCSale/btn_ProcessVLinkTransaction' is clicked on

2024-05-18 16:44:42 - [MESSAGE][PASSED] - vlinkPages.saleCCPage.setDataSCC is PASSED

2024-05-18 16:44:42 - [TEST_STEP][PASSED] - if (verifyTextPresent("Transaction approved, no errors", true)): null

2024-05-18 16:44:42 - [MESSAGE][PASSED] - Text 'Transaction approved, no errors' is present on page  using regular expression

2024-05-18 16:44:42 - [TEST_STEP][PASSED] - println("Transaction Approved, no errors text is present on the Confirmation page"): null

2024-05-18 16:44:42 - [TEST_STEP][PASSED] - out.println("Pass Record Number: " + row): null

2024-05-18 16:44:42 - [TEST_STEP][PASSED] - resText = "Pass": null

2024-05-18 16:44:42 - [TEST_STEP][PASSED] - pages.WriteExcel.demoKey(resText, datText, resColumn, datCloumn, fileLoc, nameSheet, row): pages.WriteExcel.demoKey is PASSED

2024-05-18 16:44:43 - [MESSAGE][PASSED] - pages.WriteExcel.demoKey is PASSED

2024-05-18 16:44:43 - [TEST_STEP][PASSED] - sdfo = getText(findTestObject("Object Repository/Page_VLinkReceipt/pre_STX")): Text of object 'Object Repository/Page_VLinkReceipt/pre_STX' is: '<STX>jzLwDAuzbd4H                  12153298            0  Transaction approved, no errors                   0                                                                                  Y OK9428   <ETX>'

2024-05-18 16:44:43 - [MESSAGE][PASSED] - Text of object 'Object Repository/Page_VLinkReceipt/pre_STX' is: '<STX>jzLwDAuzbd4H                  12153298            0  Transaction approved, no errors                   0                                                                                  Y OK9428   <ETX>'

2024-05-18 16:44:43 - [TEST_STEP][PASSED] - out.println("sdfo: " + sdfo): null

2024-05-18 16:44:43 - [TEST_STEP][PASSED] - remID = substring(5, 35).trim(): null

2024-05-18 16:44:43 - [TEST_STEP][PASSED] - out.println("Remittance ID: " + remID): null

2024-05-18 16:44:43 - [TEST_STEP][PASSED] - traxID = substring(35, 55).trim(): null

2024-05-18 16:44:43 - [TEST_STEP][PASSED] - out.println("Transaction ID: " + traxID): null

2024-05-18 16:44:43 - [TEST_STEP][PASSED] - out.println("End Record Number: " + row): null

2024-05-18 16:44:43 - [TEST_STEP][PASSED] - closeBrowser(): Browser is closed

2024-05-18 16:44:44 - [MESSAGE][PASSED] - Browser is closed

2024-05-18 16:44:44 - [TEST_STEP][PASSED] - ExecuteTC = findTestData(dataFile).getValue("Execute", row): null

2024-05-18 16:44:44 - [TEST_STEP][PASSED] - out.println("Value of Execute is : " + ExecuteTC): null

2024-05-18 16:44:44 - [TEST_STEP][PASSED] - if (ExecuteTC.equalsIgnoreCase("Y")): Browser is closed

2024-05-18 16:44:44 - [TEST_STEP][PASSED] - out.println("Begin Record Number: " + row): null

2024-05-18 16:44:44 - [TEST_STEP][PASSED] - today = new java.util.Date(): null

2024-05-18 16:44:44 - [TEST_STEP][PASSED] - println(today): null

2024-05-18 16:44:44 - [TEST_STEP][PASSED] - datText = today: null

2024-05-18 16:44:44 - [TEST_STEP][PASSED] - openBrowser(VLinkURL + "authcap.html"): Browser is opened with url: 'https://dev-algorithm.govolution.com/vlinktest/QA2/version_2_0/authcap.html'

2024-05-18 16:44:44 - [MESSAGE][INFO] - Starting 'Chrome' driver

2024-05-18 16:44:44 - [MESSAGE][INFO] - User set preference: ['acceptInsecureCerts', 'true']

2024-05-18 16:44:44 - [MESSAGE][INFO] - Action delay is set to 0 milliseconds

2024-05-18 16:44:46 - [MESSAGE][PASSED] - Browser is opened with url: 'https://dev-algorithm.govolution.com/vlinktest/QA2/version_2_0/authcap.html'

2024-05-18 16:44:46 - [TEST_STEP][PASSED] - maximizeWindow(): Current window maximized

2024-05-18 16:44:46 - [MESSAGE][PASSED] - Current window maximized

2024-05-18 16:44:46 - [TEST_STEP][PASSED] - vlinkPages.saleCCPage.setDataSCC(row, dataFile): vlinkPages.saleCCPage.setDataSCC is PASSED

2024-05-18 16:44:49 - [MESSAGE][PASSED] - Object 'Object Repository/VLink/Page_CCSale/txt_CardNumber' is present

2024-05-18 16:44:50 - [MESSAGE][PASSED] - Text '104' is set on object 'Object Repository/VLink/Page_CCSale/txt_TransactionType'

2024-05-18 16:44:51 - [MESSAGE][PASSED] - Text '2.0C' is set on object 'Object Repository/VLink/Page_CCSale/txt_MessageVersion'

2024-05-18 16:44:51 - [MESSAGE][PASSED] - Text '3DpDSAsQ38SA' is set on object 'Object Repository/VLink/Page_CCSale/txt_RemID'

2024-05-18 16:44:52 - [MESSAGE][PASSED] - Text '665' is set on object 'Object Repository/VLink/Page_CCSale/txt_ApplicationId'

2024-05-18 16:44:53 - [MESSAGE][PASSED] - Text 'username' is set on object 'Object Repository/VLink/Page_CCSale/txt_Username'

2024-05-18 16:44:54 - [MESSAGE][PASSED] - Text 'password' is set on object 'Object Repository/VLink/Page_CCSale/txt_Password'

2024-05-18 16:44:54 - [MESSAGE][PASSED] - Text 'fixed_width' is set on object 'Object Repository/VLink/Page_CCSale/txt_ResponseFormat'

2024-05-18 16:44:55 - [MESSAGE][PASSED] - Text 'ECOM' is set on object 'Object Repository/VLink/Page_CCSale/txt_Category'

2024-05-18 16:44:56 - [MESSAGE][PASSED] - Text '' is set on object 'Object Repository/VLink/Page_CCSale/txt_TransactionID'

2024-05-18 16:44:56 - [MESSAGE][PASSED] - Text '' is set on object 'Object Repository/VLink/Page_CCSale/txt_ApprovalCode'

2024-05-18 16:44:57 - [MESSAGE][PASSED] - Text 'Kris Roshan' is set on object 'Object Repository/VLink/Page_CCSale/txt_CardName'

2024-05-18 16:44:58 - [MESSAGE][PASSED] - Text '258 Elm Road' is set on object 'Object Repository/VLink/Page_CCSale/txt_AL1'

2024-05-18 16:44:58 - [MESSAGE][PASSED] - Text '' is set on object 'Object Repository/VLink/Page_CCSale/txt_AL2'

2024-05-18 16:44:59 - [MESSAGE][PASSED] - Text '' is set on object 'Object Repository/VLink/Page_CCSale/txt_CardCity'

2024-05-18 16:45:00 - [MESSAGE][PASSED] - Text '' is set on object 'Object Repository/VLink/Page_CCSale/txt_CardState'

2024-05-18 16:45:01 - [MESSAGE][PASSED] - Text '22201' is set on object 'Object Repository/VLink/Page_CCSale/txt_CardZIP'

2024-05-18 16:45:01 - [MESSAGE][PASSED] - Text '' is set on object 'Object Repository/VLink/Page_CCSale/txt_CountryID'

2024-05-18 16:45:02 - [MESSAGE][PASSED] - Text '1.50' is set on object 'Object Repository/VLink/Page_CCSale/txt_Amount'

2024-05-18 16:45:03 - [MESSAGE][PASSED] - Text '4111111111111111' is set on object 'Object Repository/VLink/Page_CCSale/txt_CardNumber'

2024-05-18 16:45:03 - [MESSAGE][PASSED] - Text '12' is set on object 'Object Repository/VLink/Page_CCSale/txt_ExpMonth'

2024-05-18 16:45:04 - [MESSAGE][PASSED] - Text '2025' is set on object 'Object Repository/VLink/Page_CCSale/txt_ExpYear'

2024-05-18 16:45:05 - [MESSAGE][PASSED] - Text '' is set on object 'Object Repository/VLink/Page_CCSale/txt_CVV'

2024-05-18 16:45:05 - [MESSAGE][PASSED] - Text '' is set on object 'Object Repository/VLink/Page_CCSale/txt_CVVstate'

2024-05-18 16:45:06 - [MESSAGE][PASSED] - Text '' is set on object 'Object Repository/VLink/Page_CCSale/txt_TrackData'

2024-05-18 16:45:07 - [MESSAGE][PASSED] - Text '' is set on object 'Object Repository/VLink/Page_CCSale/txt_Track1Data'

2024-05-18 16:45:07 - [MESSAGE][PASSED] - Text '' is set on object 'Object Repository/VLink/Page_CCSale/txt_Track2Data'

2024-05-18 16:45:08 - [MESSAGE][PASSED] - Text '' is set on object 'Object Repository/VLink/Page_CCSale/txt_POSEntryMode'

2024-05-18 16:45:09 - [MESSAGE][PASSED] - Text '' is set on object 'Object Repository/VLink/Page_CCSale/txt_Email'

2024-05-18 16:45:09 - [MESSAGE][PASSED] - Text '' is set on object 'Object Repository/VLink/Page_CCSale/txt_OrderNumber'

2024-05-18 16:45:10 - [MESSAGE][PASSED] - Text '' is set on object 'Object Repository/VLink/Page_CCSale/txt_TaxAmount'

2024-05-18 16:45:11 - [MESSAGE][PASSED] - Text '' is set on object 'Object Repository/VLink/Page_CCSale/txt_ChargeDescription'

2024-05-18 16:45:11 - [MESSAGE][PASSED] - Text '' is set on object 'Object Repository/VLink/Page_CCSale/txt_CAN'

2024-05-18 16:45:12 - [MESSAGE][PASSED] - Text '' is set on object 'Object Repository/VLink/Page_CCSale/txt_BillPaymentIndicator'

2024-05-18 16:45:13 - [MESSAGE][PASSED] - Text '' is set on object 'Object Repository/VLink/Page_CCSale/txt_UDF1'

2024-05-18 16:45:13 - [MESSAGE][PASSED] - Text '' is set on object 'Object Repository/VLink/Page_CCSale/txt_UDF2'

2024-05-18 16:45:14 - [MESSAGE][PASSED] - Text '' is set on object 'Object Repository/VLink/Page_CCSale/txt_UDF3'

2024-05-18 16:45:15 - [MESSAGE][PASSED] - Text '' is set on object 'Object Repository/VLink/Page_CCSale/txt_UDF4'

2024-05-18 16:45:15 - [MESSAGE][PASSED] - Text '' is set on object 'Object Repository/VLink/Page_CCSale/txt_UDF5'

2024-05-18 16:45:16 - [MESSAGE][PASSED] - Text '' is set on object 'Object Repository/VLink/Page_CCSale/txt_UDF6'

2024-05-18 16:45:17 - [MESSAGE][PASSED] - Text '' is set on object 'Object Repository/VLink/Page_CCSale/txt_UDF7'

2024-05-18 16:45:18 - [MESSAGE][PASSED] - Text '' is set on object 'Object Repository/VLink/Page_CCSale/txt_UDF8'

2024-05-18 16:45:18 - [MESSAGE][PASSED] - Text '' is set on object 'Object Repository/VLink/Page_CCSale/txt_UDF9'

2024-05-18 16:45:19 - [MESSAGE][PASSED] - Text '' is set on object 'Object Repository/VLink/Page_CCSale/txt_UDF10'

2024-05-18 16:45:21 - [MESSAGE][PASSED] - Object: 'Object Repository/VLink/Page_CCSale/btn_ProcessVLinkTransaction' is clicked on

2024-05-18 16:45:26 - [MESSAGE][PASSED] - vlinkPages.saleCCPage.setDataSCC is PASSED

2024-05-18 16:45:26 - [TEST_STEP][PASSED] - if (verifyTextPresent("Transaction approved, no errors", true)): null

2024-05-18 16:45:27 - [MESSAGE][PASSED] - Text 'Transaction approved, no errors' is present on page  using regular expression

2024-05-18 16:45:27 - [TEST_STEP][PASSED] - println("Transaction Approved, no errors text is present on the Confirmation page"): null

2024-05-18 16:45:27 - [TEST_STEP][PASSED] - out.println("Pass Record Number: " + row): null

2024-05-18 16:45:27 - [TEST_STEP][PASSED] - resText = "Pass": null

2024-05-18 16:45:27 - [TEST_STEP][PASSED] - pages.WriteExcel.demoKey(resText, datText, resColumn, datCloumn, fileLoc, nameSheet, row): pages.WriteExcel.demoKey is PASSED

2024-05-18 16:45:27 - [MESSAGE][PASSED] - pages.WriteExcel.demoKey is PASSED

2024-05-18 16:45:27 - [TEST_STEP][PASSED] - sdfo = getText(findTestObject("Object Repository/Page_VLinkReceipt/pre_STX")): Text of object 'Object Repository/Page_VLinkReceipt/pre_STX' is: '<STX>3DpDSAsQ38SA                  12153299            0  Transaction approved, no errors                   0                                                                                  XXOK9741   <ETX>'

2024-05-18 16:45:27 - [MESSAGE][PASSED] - Text of object 'Object Repository/Page_VLinkReceipt/pre_STX' is: '<STX>3DpDSAsQ38SA                  12153299            0  Transaction approved, no errors                   0                                                                                  XXOK9741   <ETX>'

2024-05-18 16:45:27 - [TEST_STEP][PASSED] - out.println("sdfo: " + sdfo): null

2024-05-18 16:45:27 - [TEST_STEP][PASSED] - remID = substring(5, 35).trim(): null

2024-05-18 16:45:27 - [TEST_STEP][PASSED] - out.println("Remittance ID: " + remID): null

2024-05-18 16:45:27 - [TEST_STEP][PASSED] - traxID = substring(35, 55).trim(): null

2024-05-18 16:45:27 - [TEST_STEP][PASSED] - out.println("Transaction ID: " + traxID): null

2024-05-18 16:45:27 - [TEST_STEP][PASSED] - out.println("End Record Number: " + row): null

2024-05-18 16:45:27 - [TEST_STEP][PASSED] - closeBrowser(): Browser is closed

2024-05-18 16:45:28 - [MESSAGE][PASSED] - Browser is closed

2024-05-18 16:45:28 - [TEST_STEP][PASSED] - ExecuteTC = findTestData(dataFile).getValue("Execute", row): null

2024-05-18 16:45:29 - [TEST_STEP][PASSED] - out.println("Value of Execute is : " + ExecuteTC): null

2024-05-18 16:45:29 - [TEST_STEP][PASSED] - if (ExecuteTC.equalsIgnoreCase("Y")): Browser is closed

2024-05-18 16:45:29 - [TEST_STEP][PASSED] - out.println("Begin Record Number: " + row): null

2024-05-18 16:45:29 - [TEST_STEP][PASSED] - today = new java.util.Date(): null

2024-05-18 16:45:29 - [TEST_STEP][PASSED] - println(today): null

2024-05-18 16:45:29 - [TEST_STEP][PASSED] - datText = today: null

2024-05-18 16:45:29 - [TEST_STEP][PASSED] - openBrowser(VLinkURL + "authcap.html"): Browser is opened with url: 'https://dev-algorithm.govolution.com/vlinktest/QA2/version_2_0/authcap.html'

2024-05-18 16:45:29 - [MESSAGE][INFO] - Starting 'Chrome' driver

2024-05-18 16:45:29 - [MESSAGE][INFO] - User set preference: ['acceptInsecureCerts', 'true']

2024-05-18 16:45:29 - [MESSAGE][INFO] - Action delay is set to 0 milliseconds

2024-05-18 16:45:31 - [MESSAGE][PASSED] - Browser is opened with url: 'https://dev-algorithm.govolution.com/vlinktest/QA2/version_2_0/authcap.html'

2024-05-18 16:45:31 - [TEST_STEP][PASSED] - maximizeWindow(): Current window maximized

2024-05-18 16:45:31 - [MESSAGE][PASSED] - Current window maximized

2024-05-18 16:45:31 - [TEST_STEP][PASSED] - vlinkPages.saleCCPage.setDataSCC(row, dataFile): vlinkPages.saleCCPage.setDataSCC is PASSED

2024-05-18 16:45:34 - [MESSAGE][PASSED] - Object 'Object Repository/VLink/Page_CCSale/txt_CardNumber' is present

2024-05-18 16:45:35 - [MESSAGE][PASSED] - Text '104' is set on object 'Object Repository/VLink/Page_CCSale/txt_TransactionType'

2024-05-18 16:45:35 - [MESSAGE][PASSED] - Text '2.0C' is set on object 'Object Repository/VLink/Page_CCSale/txt_MessageVersion'

2024-05-18 16:45:36 - [MESSAGE][PASSED] - Text 'coC2mAWNKF9s' is set on object 'Object Repository/VLink/Page_CCSale/txt_RemID'

2024-05-18 16:45:37 - [MESSAGE][PASSED] - Text '665' is set on object 'Object Repository/VLink/Page_CCSale/txt_ApplicationId'

2024-05-18 16:45:37 - [MESSAGE][PASSED] - Text 'username' is set on object 'Object Repository/VLink/Page_CCSale/txt_Username'

2024-05-18 16:45:38 - [MESSAGE][PASSED] - Text 'password' is set on object 'Object Repository/VLink/Page_CCSale/txt_Password'

2024-05-18 16:45:39 - [MESSAGE][PASSED] - Text 'fixed_width' is set on object 'Object Repository/VLink/Page_CCSale/txt_ResponseFormat'

2024-05-18 16:45:39 - [MESSAGE][PASSED] - Text 'MOTO' is set on object 'Object Repository/VLink/Page_CCSale/txt_Category'

2024-05-18 16:45:40 - [MESSAGE][PASSED] - Text '' is set on object 'Object Repository/VLink/Page_CCSale/txt_TransactionID'

2024-05-18 16:45:41 - [MESSAGE][PASSED] - Text '' is set on object 'Object Repository/VLink/Page_CCSale/txt_ApprovalCode'

2024-05-18 16:45:42 - [MESSAGE][PASSED] - Text 'Kris Roshan' is set on object 'Object Repository/VLink/Page_CCSale/txt_CardName'

2024-05-18 16:45:42 - [MESSAGE][PASSED] - Text '258 Elm Road' is set on object 'Object Repository/VLink/Page_CCSale/txt_AL1'

2024-05-18 16:45:43 - [MESSAGE][PASSED] - Text '' is set on object 'Object Repository/VLink/Page_CCSale/txt_AL2'

2024-05-18 16:45:44 - [MESSAGE][PASSED] - Text '' is set on object 'Object Repository/VLink/Page_CCSale/txt_CardCity'

2024-05-18 16:45:44 - [MESSAGE][PASSED] - Text '' is set on object 'Object Repository/VLink/Page_CCSale/txt_CardState'

2024-05-18 16:45:45 - [MESSAGE][PASSED] - Text '22201' is set on object 'Object Repository/VLink/Page_CCSale/txt_CardZIP'

2024-05-18 16:45:46 - [MESSAGE][PASSED] - Text '' is set on object 'Object Repository/VLink/Page_CCSale/txt_CountryID'

2024-05-18 16:45:47 - [MESSAGE][PASSED] - Text '1.50' is set on object 'Object Repository/VLink/Page_CCSale/txt_Amount'

2024-05-18 16:45:47 - [MESSAGE][PASSED] - Text '4111111111111111' is set on object 'Object Repository/VLink/Page_CCSale/txt_CardNumber'

2024-05-18 16:45:48 - [MESSAGE][PASSED] - Text '12' is set on object 'Object Repository/VLink/Page_CCSale/txt_ExpMonth'

2024-05-18 16:45:49 - [MESSAGE][PASSED] - Text '2025' is set on object 'Object Repository/VLink/Page_CCSale/txt_ExpYear'

2024-05-18 16:45:49 - [MESSAGE][PASSED] - Text '' is set on object 'Object Repository/VLink/Page_CCSale/txt_CVV'

2024-05-18 16:45:50 - [MESSAGE][PASSED] - Text '' is set on object 'Object Repository/VLink/Page_CCSale/txt_CVVstate'

2024-05-18 16:45:51 - [MESSAGE][PASSED] - Text '' is set on object 'Object Repository/VLink/Page_CCSale/txt_TrackData'

2024-05-18 16:45:51 - [MESSAGE][PASSED] - Text '' is set on object 'Object Repository/VLink/Page_CCSale/txt_Track1Data'

2024-05-18 16:45:52 - [MESSAGE][PASSED] - Text '' is set on object 'Object Repository/VLink/Page_CCSale/txt_Track2Data'

2024-05-18 16:45:53 - [MESSAGE][PASSED] - Text '' is set on object 'Object Repository/VLink/Page_CCSale/txt_POSEntryMode'

2024-05-18 16:45:53 - [MESSAGE][PASSED] - Text '' is set on object 'Object Repository/VLink/Page_CCSale/txt_Email'

2024-05-18 16:45:54 - [MESSAGE][PASSED] - Text '' is set on object 'Object Repository/VLink/Page_CCSale/txt_OrderNumber'

2024-05-18 16:45:55 - [MESSAGE][PASSED] - Text '' is set on object 'Object Repository/VLink/Page_CCSale/txt_TaxAmount'

2024-05-18 16:45:55 - [MESSAGE][PASSED] - Text '' is set on object 'Object Repository/VLink/Page_CCSale/txt_ChargeDescription'

2024-05-18 16:45:56 - [MESSAGE][PASSED] - Text '' is set on object 'Object Repository/VLink/Page_CCSale/txt_CAN'

2024-05-18 16:45:57 - [MESSAGE][PASSED] - Text '' is set on object 'Object Repository/VLink/Page_CCSale/txt_BillPaymentIndicator'

2024-05-18 16:45:57 - [MESSAGE][PASSED] - Text '' is set on object 'Object Repository/VLink/Page_CCSale/txt_UDF1'

2024-05-18 16:45:58 - [MESSAGE][PASSED] - Text '' is set on object 'Object Repository/VLink/Page_CCSale/txt_UDF2'

2024-05-18 16:45:59 - [MESSAGE][PASSED] - Text '' is set on object 'Object Repository/VLink/Page_CCSale/txt_UDF3'

2024-05-18 16:46:00 - [MESSAGE][PASSED] - Text '' is set on object 'Object Repository/VLink/Page_CCSale/txt_UDF4'

2024-05-18 16:46:00 - [MESSAGE][PASSED] - Text '' is set on object 'Object Repository/VLink/Page_CCSale/txt_UDF5'

2024-05-18 16:46:01 - [MESSAGE][PASSED] - Text '' is set on object 'Object Repository/VLink/Page_CCSale/txt_UDF6'

2024-05-18 16:46:02 - [MESSAGE][PASSED] - Text '' is set on object 'Object Repository/VLink/Page_CCSale/txt_UDF7'

2024-05-18 16:46:02 - [MESSAGE][PASSED] - Text '' is set on object 'Object Repository/VLink/Page_CCSale/txt_UDF8'

2024-05-18 16:46:03 - [MESSAGE][PASSED] - Text '' is set on object 'Object Repository/VLink/Page_CCSale/txt_UDF9'

2024-05-18 16:46:04 - [MESSAGE][PASSED] - Text '' is set on object 'Object Repository/VLink/Page_CCSale/txt_UDF10'

2024-05-18 16:46:05 - [MESSAGE][PASSED] - Object: 'Object Repository/VLink/Page_CCSale/btn_ProcessVLinkTransaction' is clicked on

2024-05-18 16:46:10 - [MESSAGE][PASSED] - vlinkPages.saleCCPage.setDataSCC is PASSED

2024-05-18 16:46:10 - [TEST_STEP][PASSED] - if (verifyTextPresent("Transaction approved, no errors", true)): null

2024-05-18 16:46:10 - [MESSAGE][PASSED] - Text 'Transaction approved, no errors' is present on page  using regular expression

2024-05-18 16:46:10 - [TEST_STEP][PASSED] - println("Transaction Approved, no errors text is present on the Confirmation page"): null

2024-05-18 16:46:10 - [TEST_STEP][PASSED] - out.println("Pass Record Number: " + row): null

2024-05-18 16:46:10 - [TEST_STEP][PASSED] - resText = "Pass": null

2024-05-18 16:46:10 - [TEST_STEP][PASSED] - pages.WriteExcel.demoKey(resText, datText, resColumn, datCloumn, fileLoc, nameSheet, row): pages.WriteExcel.demoKey is PASSED

2024-05-18 16:46:10 - [MESSAGE][PASSED] - pages.WriteExcel.demoKey is PASSED

2024-05-18 16:46:10 - [TEST_STEP][PASSED] - sdfo = getText(findTestObject("Object Repository/Page_VLinkReceipt/pre_STX")): Text of object 'Object Repository/Page_VLinkReceipt/pre_STX' is: '<STX>coC2mAWNKF9s                  12153300            0  Transaction approved, no errors                   0                                                                                  XXOK7537   <ETX>'

2024-05-18 16:46:11 - [MESSAGE][PASSED] - Text of object 'Object Repository/Page_VLinkReceipt/pre_STX' is: '<STX>coC2mAWNKF9s                  12153300            0  Transaction approved, no errors                   0                                                                                  XXOK7537   <ETX>'

2024-05-18 16:46:11 - [TEST_STEP][PASSED] - out.println("sdfo: " + sdfo): null

2024-05-18 16:46:11 - [TEST_STEP][PASSED] - remID = substring(5, 35).trim(): null

2024-05-18 16:46:11 - [TEST_STEP][PASSED] - out.println("Remittance ID: " + remID): null

2024-05-18 16:46:11 - [TEST_STEP][PASSED] - traxID = substring(35, 55).trim(): null

2024-05-18 16:46:11 - [TEST_STEP][PASSED] - out.println("Transaction ID: " + traxID): null

2024-05-18 16:46:11 - [TEST_STEP][PASSED] - out.println("End Record Number: " + row): null

2024-05-18 16:46:11 - [TEST_STEP][PASSED] - closeBrowser(): Browser is closed

2024-05-18 16:46:12 - [MESSAGE][PASSED] - Browser is closed

2024-05-18 16:46:12 - [TEST_STEP][PASSED] - ExecuteTC = findTestData(dataFile).getValue("Execute", row): null

2024-05-18 16:46:12 - [TEST_STEP][PASSED] - out.println("Value of Execute is : " + ExecuteTC): null

2024-05-18 16:46:12 - [TEST_STEP][PASSED] - if (ExecuteTC.equalsIgnoreCase("Y")): Browser is closed

2024-05-18 16:46:12 - [TEST_STEP][PASSED] - out.println("Begin Record Number: " + row): null

2024-05-18 16:46:12 - [TEST_STEP][PASSED] - today = new java.util.Date(): null

2024-05-18 16:46:12 - [TEST_STEP][PASSED] - println(today): null

2024-05-18 16:46:12 - [TEST_STEP][PASSED] - datText = today: null

2024-05-18 16:46:12 - [TEST_STEP][PASSED] - openBrowser(VLinkURL + "authcap.html"): Browser is opened with url: 'https://dev-algorithm.govolution.com/vlinktest/QA2/version_2_0/authcap.html'

2024-05-18 16:46:12 - [MESSAGE][INFO] - Starting 'Chrome' driver

2024-05-18 16:46:12 - [MESSAGE][INFO] - User set preference: ['acceptInsecureCerts', 'true']

2024-05-18 16:46:12 - [MESSAGE][INFO] - Action delay is set to 0 milliseconds

2024-05-18 16:46:14 - [MESSAGE][PASSED] - Browser is opened with url: 'https://dev-algorithm.govolution.com/vlinktest/QA2/version_2_0/authcap.html'

2024-05-18 16:46:14 - [TEST_STEP][PASSED] - maximizeWindow(): Current window maximized

2024-05-18 16:46:14 - [MESSAGE][PASSED] - Current window maximized

2024-05-18 16:46:14 - [TEST_STEP][PASSED] - vlinkPages.saleCCPage.setDataSCC(row, dataFile): vlinkPages.saleCCPage.setDataSCC is PASSED

2024-05-18 16:46:17 - [MESSAGE][PASSED] - Object 'Object Repository/VLink/Page_CCSale/txt_CardNumber' is present

2024-05-18 16:46:18 - [MESSAGE][PASSED] - Text '104' is set on object 'Object Repository/VLink/Page_CCSale/txt_TransactionType'

2024-05-18 16:46:19 - [MESSAGE][PASSED] - Text '2.0C' is set on object 'Object Repository/VLink/Page_CCSale/txt_MessageVersion'

2024-05-18 16:46:19 - [MESSAGE][PASSED] - Text 'v03J9YwB7D4u' is set on object 'Object Repository/VLink/Page_CCSale/txt_RemID'

2024-05-18 16:46:20 - [MESSAGE][PASSED] - Text '665' is set on object 'Object Repository/VLink/Page_CCSale/txt_ApplicationId'

2024-05-18 16:46:21 - [MESSAGE][PASSED] - Text 'username' is set on object 'Object Repository/VLink/Page_CCSale/txt_Username'

2024-05-18 16:46:21 - [MESSAGE][PASSED] - Text 'password' is set on object 'Object Repository/VLink/Page_CCSale/txt_Password'

2024-05-18 16:46:22 - [MESSAGE][PASSED] - Text 'fixed_width' is set on object 'Object Repository/VLink/Page_CCSale/txt_ResponseFormat'

2024-05-18 16:46:23 - [MESSAGE][PASSED] - Text 'RETL' is set on object 'Object Repository/VLink/Page_CCSale/txt_Category'

2024-05-18 16:46:23 - [MESSAGE][PASSED] - Text '' is set on object 'Object Repository/VLink/Page_CCSale/txt_TransactionID'

2024-05-18 16:46:24 - [MESSAGE][PASSED] - Text '' is set on object 'Object Repository/VLink/Page_CCSale/txt_ApprovalCode'

2024-05-18 16:46:25 - [MESSAGE][PASSED] - Text 'Kris Roshan' is set on object 'Object Repository/VLink/Page_CCSale/txt_CardName'

2024-05-18 16:46:26 - [MESSAGE][PASSED] - Text '258 Elm Road' is set on object 'Object Repository/VLink/Page_CCSale/txt_AL1'

2024-05-18 16:46:26 - [MESSAGE][PASSED] - Text '' is set on object 'Object Repository/VLink/Page_CCSale/txt_AL2'

2024-05-18 16:46:27 - [MESSAGE][PASSED] - Text '' is set on object 'Object Repository/VLink/Page_CCSale/txt_CardCity'

2024-05-18 16:46:28 - [MESSAGE][PASSED] - Text '' is set on object 'Object Repository/VLink/Page_CCSale/txt_CardState'

2024-05-18 16:46:28 - [MESSAGE][PASSED] - Text '22201' is set on object 'Object Repository/VLink/Page_CCSale/txt_CardZIP'

2024-05-18 16:46:29 - [MESSAGE][PASSED] - Text '' is set on object 'Object Repository/VLink/Page_CCSale/txt_CountryID'

2024-05-18 16:46:30 - [MESSAGE][PASSED] - Text '1.50' is set on object 'Object Repository/VLink/Page_CCSale/txt_Amount'

2024-05-18 16:46:31 - [MESSAGE][PASSED] - Text '4111111111111111' is set on object 'Object Repository/VLink/Page_CCSale/txt_CardNumber'

2024-05-18 16:46:31 - [MESSAGE][PASSED] - Text '12' is set on object 'Object Repository/VLink/Page_CCSale/txt_ExpMonth'

2024-05-18 16:46:32 - [MESSAGE][PASSED] - Text '2025' is set on object 'Object Repository/VLink/Page_CCSale/txt_ExpYear'

2024-05-18 16:46:33 - [MESSAGE][PASSED] - Text '' is set on object 'Object Repository/VLink/Page_CCSale/txt_CVV'

2024-05-18 16:46:33 - [MESSAGE][PASSED] - Text '' is set on object 'Object Repository/VLink/Page_CCSale/txt_CVVstate'

2024-05-18 16:46:34 - [MESSAGE][PASSED] - Text '' is set on object 'Object Repository/VLink/Page_CCSale/txt_TrackData'

2024-05-18 16:46:35 - [MESSAGE][PASSED] - Text '' is set on object 'Object Repository/VLink/Page_CCSale/txt_Track1Data'

2024-05-18 16:46:35 - [MESSAGE][PASSED] - Text '' is set on object 'Object Repository/VLink/Page_CCSale/txt_Track2Data'

2024-05-18 16:46:36 - [MESSAGE][PASSED] - Text '' is set on object 'Object Repository/VLink/Page_CCSale/txt_POSEntryMode'

2024-05-18 16:46:37 - [MESSAGE][PASSED] - Text '' is set on object 'Object Repository/VLink/Page_CCSale/txt_Email'

2024-05-18 16:46:37 - [MESSAGE][PASSED] - Text '' is set on object 'Object Repository/VLink/Page_CCSale/txt_OrderNumber'

2024-05-18 16:46:38 - [MESSAGE][PASSED] - Text '' is set on object 'Object Repository/VLink/Page_CCSale/txt_TaxAmount'

2024-05-18 16:46:39 - [MESSAGE][PASSED] - Text '' is set on object 'Object Repository/VLink/Page_CCSale/txt_ChargeDescription'

2024-05-18 16:46:39 - [MESSAGE][PASSED] - Text '' is set on object 'Object Repository/VLink/Page_CCSale/txt_CAN'

2024-05-18 16:46:40 - [MESSAGE][PASSED] - Text '' is set on object 'Object Repository/VLink/Page_CCSale/txt_BillPaymentIndicator'

2024-05-18 16:46:41 - [MESSAGE][PASSED] - Text '' is set on object 'Object Repository/VLink/Page_CCSale/txt_UDF1'

2024-05-18 16:46:42 - [MESSAGE][PASSED] - Text '' is set on object 'Object Repository/VLink/Page_CCSale/txt_UDF2'

2024-05-18 16:46:42 - [MESSAGE][PASSED] - Text '' is set on object 'Object Repository/VLink/Page_CCSale/txt_UDF3'

2024-05-18 16:46:43 - [MESSAGE][PASSED] - Text '' is set on object 'Object Repository/VLink/Page_CCSale/txt_UDF4'

2024-05-18 16:46:44 - [MESSAGE][PASSED] - Text '' is set on object 'Object Repository/VLink/Page_CCSale/txt_UDF5'

2024-05-18 16:46:44 - [MESSAGE][PASSED] - Text '' is set on object 'Object Repository/VLink/Page_CCSale/txt_UDF6'

2024-05-18 16:46:45 - [MESSAGE][PASSED] - Text '' is set on object 'Object Repository/VLink/Page_CCSale/txt_UDF7'

2024-05-18 16:46:46 - [MESSAGE][PASSED] - Text '' is set on object 'Object Repository/VLink/Page_CCSale/txt_UDF8'

2024-05-18 16:46:46 - [MESSAGE][PASSED] - Text '' is set on object 'Object Repository/VLink/Page_CCSale/txt_UDF9'

2024-05-18 16:46:47 - [MESSAGE][PASSED] - Text '' is set on object 'Object Repository/VLink/Page_CCSale/txt_UDF10'

2024-05-18 16:46:50 - [MESSAGE][PASSED] - Object: 'Object Repository/VLink/Page_CCSale/btn_ProcessVLinkTransaction' is clicked on

2024-05-18 16:46:55 - [MESSAGE][PASSED] - vlinkPages.saleCCPage.setDataSCC is PASSED

2024-05-18 16:46:55 - [TEST_STEP][PASSED] - if (verifyTextPresent("Transaction approved, no errors", true)): null

2024-05-18 16:46:55 - [MESSAGE][PASSED] - Text 'Transaction approved, no errors' is present on page  using regular expression

2024-05-18 16:46:55 - [TEST_STEP][PASSED] - println("Transaction Approved, no errors text is present on the Confirmation page"): null

2024-05-18 16:46:55 - [TEST_STEP][PASSED] - out.println("Pass Record Number: " + row): null

2024-05-18 16:46:55 - [TEST_STEP][PASSED] - resText = "Pass": null

2024-05-18 16:46:55 - [TEST_STEP][PASSED] - pages.WriteExcel.demoKey(resText, datText, resColumn, datCloumn, fileLoc, nameSheet, row): pages.WriteExcel.demoKey is PASSED

2024-05-18 16:46:55 - [MESSAGE][PASSED] - pages.WriteExcel.demoKey is PASSED

2024-05-18 16:46:55 - [TEST_STEP][PASSED] - sdfo = getText(findTestObject("Object Repository/Page_VLinkReceipt/pre_STX")): Text of object 'Object Repository/Page_VLinkReceipt/pre_STX' is: '<STX>v03J9YwB7D4u                  12153301            0  Transaction approved, no errors                   0                                                                                  X OK9811   <ETX>'

2024-05-18 16:46:55 - [MESSAGE][PASSED] - Text of object 'Object Repository/Page_VLinkReceipt/pre_STX' is: '<STX>v03J9YwB7D4u                  12153301            0  Transaction approved, no errors                   0                                                                                  X OK9811   <ETX>'

2024-05-18 16:46:55 - [TEST_STEP][PASSED] - out.println("sdfo: " + sdfo): null

2024-05-18 16:46:55 - [TEST_STEP][PASSED] - remID = substring(5, 35).trim(): null

2024-05-18 16:46:55 - [TEST_STEP][PASSED] - out.println("Remittance ID: " + remID): null

2024-05-18 16:46:55 - [TEST_STEP][PASSED] - traxID = substring(35, 55).trim(): null

2024-05-18 16:46:55 - [TEST_STEP][PASSED] - out.println("Transaction ID: " + traxID): null

2024-05-18 16:46:55 - [TEST_STEP][PASSED] - out.println("End Record Number: " + row): null

2024-05-18 16:46:55 - [TEST_STEP][PASSED] - closeBrowser(): Browser is closed

2024-05-18 16:46:57 - [MESSAGE][PASSED] - Browser is closed

2024-05-18 16:46:57 - [TEST_STEP][PASSED] - ExecuteTC = findTestData(dataFile).getValue("Execute", row): null

2024-05-18 16:46:57 - [TEST_STEP][PASSED] - out.println("Value of Execute is : " + ExecuteTC): null

2024-05-18 16:46:57 - [TEST_STEP][PASSED] - if (ExecuteTC.equalsIgnoreCase("Y")): Browser is closed

2024-05-18 16:46:57 - [TEST_STEP][PASSED] - out.println("Begin Record Number: " + row): null

2024-05-18 16:46:57 - [TEST_STEP][PASSED] - today = new java.util.Date(): null

2024-05-18 16:46:57 - [TEST_STEP][PASSED] - println(today): null

2024-05-18 16:46:57 - [TEST_STEP][PASSED] - datText = today: null

2024-05-18 16:46:57 - [TEST_STEP][PASSED] - openBrowser(VLinkURL + "authcap.html"): Browser is opened with url: 'https://dev-algorithm.govolution.com/vlinktest/QA2/version_2_0/authcap.html'

2024-05-18 16:46:57 - [MESSAGE][INFO] - Starting 'Chrome' driver

2024-05-18 16:46:57 - [MESSAGE][INFO] - User set preference: ['acceptInsecureCerts', 'true']

2024-05-18 16:46:57 - [MESSAGE][INFO] - Action delay is set to 0 milliseconds

2024-05-18 16:46:59 - [MESSAGE][PASSED] - Browser is opened with url: 'https://dev-algorithm.govolution.com/vlinktest/QA2/version_2_0/authcap.html'

2024-05-18 16:46:59 - [TEST_STEP][PASSED] - maximizeWindow(): Current window maximized

2024-05-18 16:46:59 - [MESSAGE][PASSED] - Current window maximized

2024-05-18 16:46:59 - [TEST_STEP][PASSED] - vlinkPages.saleCCPage.setDataSCC(row, dataFile): vlinkPages.saleCCPage.setDataSCC is PASSED

2024-05-18 16:47:02 - [MESSAGE][PASSED] - Object 'Object Repository/VLink/Page_CCSale/txt_CardNumber' is present

2024-05-18 16:47:03 - [MESSAGE][PASSED] - Text '104' is set on object 'Object Repository/VLink/Page_CCSale/txt_TransactionType'

2024-05-18 16:47:03 - [MESSAGE][PASSED] - Text '2.0C' is set on object 'Object Repository/VLink/Page_CCSale/txt_MessageVersion'

2024-05-18 16:47:04 - [MESSAGE][PASSED] - Text 'EbcRAqv6M0lh' is set on object 'Object Repository/VLink/Page_CCSale/txt_RemID'

2024-05-18 16:47:05 - [MESSAGE][PASSED] - Text '667' is set on object 'Object Repository/VLink/Page_CCSale/txt_ApplicationId'

2024-05-18 16:47:05 - [MESSAGE][PASSED] - Text 'username' is set on object 'Object Repository/VLink/Page_CCSale/txt_Username'

2024-05-18 16:47:06 - [MESSAGE][PASSED] - Text 'password' is set on object 'Object Repository/VLink/Page_CCSale/txt_Password'

2024-05-18 16:47:07 - [MESSAGE][PASSED] - Text 'fixed_width' is set on object 'Object Repository/VLink/Page_CCSale/txt_ResponseFormat'

2024-05-18 16:47:07 - [MESSAGE][PASSED] - Text 'ECOM' is set on object 'Object Repository/VLink/Page_CCSale/txt_Category'

2024-05-18 16:47:08 - [MESSAGE][PASSED] - Text '' is set on object 'Object Repository/VLink/Page_CCSale/txt_TransactionID'

2024-05-18 16:47:09 - [MESSAGE][PASSED] - Text '' is set on object 'Object Repository/VLink/Page_CCSale/txt_ApprovalCode'

2024-05-18 16:47:10 - [MESSAGE][PASSED] - Text 'Kris Roshan' is set on object 'Object Repository/VLink/Page_CCSale/txt_CardName'

2024-05-18 16:47:10 - [MESSAGE][PASSED] - Text '258 Elm Road' is set on object 'Object Repository/VLink/Page_CCSale/txt_AL1'

2024-05-18 16:47:11 - [MESSAGE][PASSED] - Text '' is set on object 'Object Repository/VLink/Page_CCSale/txt_AL2'

2024-05-18 16:47:12 - [MESSAGE][PASSED] - Text '' is set on object 'Object Repository/VLink/Page_CCSale/txt_CardCity'

2024-05-18 16:47:12 - [MESSAGE][PASSED] - Text '' is set on object 'Object Repository/VLink/Page_CCSale/txt_CardState'

2024-05-18 16:47:13 - [MESSAGE][PASSED] - Text '22201' is set on object 'Object Repository/VLink/Page_CCSale/txt_CardZIP'

2024-05-18 16:47:14 - [MESSAGE][PASSED] - Text '' is set on object 'Object Repository/VLink/Page_CCSale/txt_CountryID'

2024-05-18 16:47:14 - [MESSAGE][PASSED] - Text '1.50' is set on object 'Object Repository/VLink/Page_CCSale/txt_Amount'

2024-05-18 16:47:15 - [MESSAGE][PASSED] - Text '4111111111111111' is set on object 'Object Repository/VLink/Page_CCSale/txt_CardNumber'

2024-05-18 16:47:16 - [MESSAGE][PASSED] - Text '12' is set on object 'Object Repository/VLink/Page_CCSale/txt_ExpMonth'

2024-05-18 16:47:17 - [MESSAGE][PASSED] - Text '2025' is set on object 'Object Repository/VLink/Page_CCSale/txt_ExpYear'

2024-05-18 16:47:17 - [MESSAGE][PASSED] - Text '' is set on object 'Object Repository/VLink/Page_CCSale/txt_CVV'

2024-05-18 16:47:18 - [MESSAGE][PASSED] - Text '' is set on object 'Object Repository/VLink/Page_CCSale/txt_CVVstate'

2024-05-18 16:47:19 - [MESSAGE][PASSED] - Text '' is set on object 'Object Repository/VLink/Page_CCSale/txt_TrackData'

2024-05-18 16:47:19 - [MESSAGE][PASSED] - Text '' is set on object 'Object Repository/VLink/Page_CCSale/txt_Track1Data'

2024-05-18 16:47:20 - [MESSAGE][PASSED] - Text '' is set on object 'Object Repository/VLink/Page_CCSale/txt_Track2Data'

2024-05-18 16:47:21 - [MESSAGE][PASSED] - Text '' is set on object 'Object Repository/VLink/Page_CCSale/txt_POSEntryMode'

2024-05-18 16:47:21 - [MESSAGE][PASSED] - Text '' is set on object 'Object Repository/VLink/Page_CCSale/txt_Email'

2024-05-18 16:47:22 - [MESSAGE][PASSED] - Text '' is set on object 'Object Repository/VLink/Page_CCSale/txt_OrderNumber'

2024-05-18 16:47:23 - [MESSAGE][PASSED] - Text '' is set on object 'Object Repository/VLink/Page_CCSale/txt_TaxAmount'

2024-05-18 16:47:23 - [MESSAGE][PASSED] - Text '' is set on object 'Object Repository/VLink/Page_CCSale/txt_ChargeDescription'

2024-05-18 16:47:24 - [MESSAGE][PASSED] - Text '' is set on object 'Object Repository/VLink/Page_CCSale/txt_CAN'

2024-05-18 16:47:25 - [MESSAGE][PASSED] - Text '' is set on object 'Object Repository/VLink/Page_CCSale/txt_BillPaymentIndicator'

2024-05-18 16:47:25 - [MESSAGE][PASSED] - Text '' is set on object 'Object Repository/VLink/Page_CCSale/txt_UDF1'

2024-05-18 16:47:26 - [MESSAGE][PASSED] - Text '' is set on object 'Object Repository/VLink/Page_CCSale/txt_UDF2'

2024-05-18 16:47:27 - [MESSAGE][PASSED] - Text '' is set on object 'Object Repository/VLink/Page_CCSale/txt_UDF3'

2024-05-18 16:47:28 - [MESSAGE][PASSED] - Text '' is set on object 'Object Repository/VLink/Page_CCSale/txt_UDF4'

2024-05-18 16:47:28 - [MESSAGE][PASSED] - Text '' is set on object 'Object Repository/VLink/Page_CCSale/txt_UDF5'

2024-05-18 16:47:29 - [MESSAGE][PASSED] - Text '' is set on object 'Object Repository/VLink/Page_CCSale/txt_UDF6'

2024-05-18 16:47:30 - [MESSAGE][PASSED] - Text '' is set on object 'Object Repository/VLink/Page_CCSale/txt_UDF7'

2024-05-18 16:47:30 - [MESSAGE][PASSED] - Text '' is set on object 'Object Repository/VLink/Page_CCSale/txt_UDF8'

2024-05-18 16:47:31 - [MESSAGE][PASSED] - Text '' is set on object 'Object Repository/VLink/Page_CCSale/txt_UDF9'

2024-05-18 16:47:32 - [MESSAGE][PASSED] - Text '' is set on object 'Object Repository/VLink/Page_CCSale/txt_UDF10'

2024-05-18 16:47:36 - [MESSAGE][PASSED] - Object: 'Object Repository/VLink/Page_CCSale/btn_ProcessVLinkTransaction' is clicked on

2024-05-18 16:47:41 - [MESSAGE][PASSED] - vlinkPages.saleCCPage.setDataSCC is PASSED

2024-05-18 16:47:41 - [TEST_STEP][PASSED] - if (verifyTextPresent("Transaction approved, no errors", true)): null

2024-05-18 16:47:41 - [MESSAGE][PASSED] - Text 'Transaction approved, no errors' is present on page  using regular expression

2024-05-18 16:47:41 - [TEST_STEP][PASSED] - println("Transaction Approved, no errors text is present on the Confirmation page"): null

2024-05-18 16:47:41 - [TEST_STEP][PASSED] - out.println("Pass Record Number: " + row): null

2024-05-18 16:47:41 - [TEST_STEP][PASSED] - resText = "Pass": null

2024-05-18 16:47:41 - [TEST_STEP][PASSED] - pages.WriteExcel.demoKey(resText, datText, resColumn, datCloumn, fileLoc, nameSheet, row): pages.WriteExcel.demoKey is PASSED

2024-05-18 16:47:41 - [MESSAGE][PASSED] - pages.WriteExcel.demoKey is PASSED

2024-05-18 16:47:41 - [TEST_STEP][PASSED] - sdfo = getText(findTestObject("Object Repository/Page_VLinkReceipt/pre_STX")): Text of object 'Object Repository/Page_VLinkReceipt/pre_STX' is: '<STX>EbcRAqv6M0lh                  12153302            0  Transaction approved, no errors                   0                                                                                  Y OK9468   <ETX>'

2024-05-18 16:47:41 - [MESSAGE][PASSED] - Text of object 'Object Repository/Page_VLinkReceipt/pre_STX' is: '<STX>EbcRAqv6M0lh                  12153302            0  Transaction approved, no errors                   0                                                                                  Y OK9468   <ETX>'

2024-05-18 16:47:41 - [TEST_STEP][PASSED] - out.println("sdfo: " + sdfo): null

2024-05-18 16:47:41 - [TEST_STEP][PASSED] - remID = substring(5, 35).trim(): null

2024-05-18 16:47:41 - [TEST_STEP][PASSED] - out.println("Remittance ID: " + remID): null

2024-05-18 16:47:41 - [TEST_STEP][PASSED] - traxID = substring(35, 55).trim(): null

2024-05-18 16:47:41 - [TEST_STEP][PASSED] - out.println("Transaction ID: " + traxID): null

2024-05-18 16:47:41 - [TEST_STEP][PASSED] - out.println("End Record Number: " + row): null

2024-05-18 16:47:41 - [TEST_STEP][PASSED] - closeBrowser(): Browser is closed

2024-05-18 16:47:42 - [MESSAGE][PASSED] - Browser is closed

2024-05-18 16:47:42 - [TEST_STEP][PASSED] - ExecuteTC = findTestData(dataFile).getValue("Execute", row): null

2024-05-18 16:47:43 - [TEST_STEP][PASSED] - out.println("Value of Execute is : " + ExecuteTC): null

2024-05-18 16:47:43 - [TEST_STEP][PASSED] - if (ExecuteTC.equalsIgnoreCase("Y")): Browser is closed

2024-05-18 16:47:43 - [TEST_STEP][PASSED] - out.println("Begin Record Number: " + row): null

2024-05-18 16:47:43 - [TEST_STEP][PASSED] - today = new java.util.Date(): null

2024-05-18 16:47:43 - [TEST_STEP][PASSED] - println(today): null

2024-05-18 16:47:43 - [TEST_STEP][PASSED] - datText = today: null

2024-05-18 16:47:43 - [TEST_STEP][PASSED] - openBrowser(VLinkURL + "authcap.html"): Browser is opened with url: 'https://dev-algorithm.govolution.com/vlinktest/QA2/version_2_0/authcap.html'

2024-05-18 16:47:43 - [MESSAGE][INFO] - Starting 'Chrome' driver

2024-05-18 16:47:43 - [MESSAGE][INFO] - User set preference: ['acceptInsecureCerts', 'true']

2024-05-18 16:47:43 - [MESSAGE][INFO] - Action delay is set to 0 milliseconds

2024-05-18 16:47:45 - [MESSAGE][PASSED] - Browser is opened with url: 'https://dev-algorithm.govolution.com/vlinktest/QA2/version_2_0/authcap.html'

2024-05-18 16:47:45 - [TEST_STEP][PASSED] - maximizeWindow(): Current window maximized

2024-05-18 16:47:45 - [MESSAGE][PASSED] - Current window maximized

2024-05-18 16:47:45 - [TEST_STEP][PASSED] - vlinkPages.saleCCPage.setDataSCC(row, dataFile): vlinkPages.saleCCPage.setDataSCC is PASSED

2024-05-18 16:47:48 - [MESSAGE][PASSED] - Object 'Object Repository/VLink/Page_CCSale/txt_CardNumber' is present

2024-05-18 16:47:49 - [MESSAGE][PASSED] - Text '104' is set on object 'Object Repository/VLink/Page_CCSale/txt_TransactionType'

2024-05-18 16:47:49 - [MESSAGE][PASSED] - Text '2.0C' is set on object 'Object Repository/VLink/Page_CCSale/txt_MessageVersion'

2024-05-18 16:47:50 - [MESSAGE][PASSED] - Text 'TBClPUeYbOl2' is set on object 'Object Repository/VLink/Page_CCSale/txt_RemID'

2024-05-18 16:47:50 - [MESSAGE][PASSED] - Text '670' is set on object 'Object Repository/VLink/Page_CCSale/txt_ApplicationId'

2024-05-18 16:47:51 - [MESSAGE][PASSED] - Text 'username' is set on object 'Object Repository/VLink/Page_CCSale/txt_Username'

2024-05-18 16:47:52 - [MESSAGE][PASSED] - Text 'password' is set on object 'Object Repository/VLink/Page_CCSale/txt_Password'

2024-05-18 16:47:53 - [MESSAGE][PASSED] - Text 'fixed_width' is set on object 'Object Repository/VLink/Page_CCSale/txt_ResponseFormat'

2024-05-18 16:47:53 - [MESSAGE][PASSED] - Text 'MOTO' is set on object 'Object Repository/VLink/Page_CCSale/txt_Category'

2024-05-18 16:47:54 - [MESSAGE][PASSED] - Text '' is set on object 'Object Repository/VLink/Page_CCSale/txt_TransactionID'

2024-05-18 16:47:55 - [MESSAGE][PASSED] - Text '' is set on object 'Object Repository/VLink/Page_CCSale/txt_ApprovalCode'

2024-05-18 16:47:55 - [MESSAGE][PASSED] - Text 'Arvind Silva' is set on object 'Object Repository/VLink/Page_CCSale/txt_CardName'

2024-05-18 16:47:56 - [MESSAGE][PASSED] - Text '111 Main Ave' is set on object 'Object Repository/VLink/Page_CCSale/txt_AL1'

2024-05-18 16:47:57 - [MESSAGE][PASSED] - Text '' is set on object 'Object Repository/VLink/Page_CCSale/txt_AL2'

2024-05-18 16:47:58 - [MESSAGE][PASSED] - Text '' is set on object 'Object Repository/VLink/Page_CCSale/txt_CardCity'

2024-05-18 16:47:58 - [MESSAGE][PASSED] - Text '' is set on object 'Object Repository/VLink/Page_CCSale/txt_CardState'

2024-05-18 16:47:59 - [MESSAGE][PASSED] - Text '22201' is set on object 'Object Repository/VLink/Page_CCSale/txt_CardZIP'

2024-05-18 16:48:00 - [MESSAGE][PASSED] - Text '' is set on object 'Object Repository/VLink/Page_CCSale/txt_CountryID'

2024-05-18 16:48:00 - [MESSAGE][PASSED] - Text '2.50' is set on object 'Object Repository/VLink/Page_CCSale/txt_Amount'

2024-05-18 16:48:01 - [MESSAGE][PASSED] - Text '4111111111111111' is set on object 'Object Repository/VLink/Page_CCSale/txt_CardNumber'

2024-05-18 16:48:02 - [MESSAGE][PASSED] - Text '01' is set on object 'Object Repository/VLink/Page_CCSale/txt_ExpMonth'

2024-05-18 16:48:02 - [MESSAGE][PASSED] - Text '2026' is set on object 'Object Repository/VLink/Page_CCSale/txt_ExpYear'

2024-05-18 16:48:03 - [MESSAGE][PASSED] - Text '' is set on object 'Object Repository/VLink/Page_CCSale/txt_CVV'

2024-05-18 16:48:04 - [MESSAGE][PASSED] - Text '' is set on object 'Object Repository/VLink/Page_CCSale/txt_CVVstate'

2024-05-18 16:48:04 - [MESSAGE][PASSED] - Text '' is set on object 'Object Repository/VLink/Page_CCSale/txt_TrackData'

2024-05-18 16:48:05 - [MESSAGE][PASSED] - Text '' is set on object 'Object Repository/VLink/Page_CCSale/txt_Track1Data'

2024-05-18 16:48:06 - [MESSAGE][PASSED] - Text '' is set on object 'Object Repository/VLink/Page_CCSale/txt_Track2Data'

2024-05-18 16:48:06 - [MESSAGE][PASSED] - Text '' is set on object 'Object Repository/VLink/Page_CCSale/txt_POSEntryMode'

2024-05-18 16:48:07 - [MESSAGE][PASSED] - Text '' is set on object 'Object Repository/VLink/Page_CCSale/txt_Email'

2024-05-18 16:48:08 - [MESSAGE][PASSED] - Text '' is set on object 'Object Repository/VLink/Page_CCSale/txt_OrderNumber'

2024-05-18 16:48:09 - [MESSAGE][PASSED] - Text '' is set on object 'Object Repository/VLink/Page_CCSale/txt_TaxAmount'

2024-05-18 16:48:09 - [MESSAGE][PASSED] - Text '' is set on object 'Object Repository/VLink/Page_CCSale/txt_ChargeDescription'

2024-05-18 16:48:10 - [MESSAGE][PASSED] - Text '' is set on object 'Object Repository/VLink/Page_CCSale/txt_CAN'

2024-05-18 16:48:11 - [MESSAGE][PASSED] - Text '' is set on object 'Object Repository/VLink/Page_CCSale/txt_BillPaymentIndicator'

2024-05-18 16:48:11 - [MESSAGE][PASSED] - Text '' is set on object 'Object Repository/VLink/Page_CCSale/txt_UDF1'

2024-05-18 16:48:12 - [MESSAGE][PASSED] - Text '' is set on object 'Object Repository/VLink/Page_CCSale/txt_UDF2'

2024-05-18 16:48:13 - [MESSAGE][PASSED] - Text '' is set on object 'Object Repository/VLink/Page_CCSale/txt_UDF3'

2024-05-18 16:48:13 - [MESSAGE][PASSED] - Text '' is set on object 'Object Repository/VLink/Page_CCSale/txt_UDF4'

2024-05-18 16:48:14 - [MESSAGE][PASSED] - Text '' is set on object 'Object Repository/VLink/Page_CCSale/txt_UDF5'

2024-05-18 16:48:15 - [MESSAGE][PASSED] - Text '' is set on object 'Object Repository/VLink/Page_CCSale/txt_UDF6'

2024-05-18 16:48:15 - [MESSAGE][PASSED] - Text '' is set on object 'Object Repository/VLink/Page_CCSale/txt_UDF7'

2024-05-18 16:48:16 - [MESSAGE][PASSED] - Text '' is set on object 'Object Repository/VLink/Page_CCSale/txt_UDF8'

2024-05-18 16:48:17 - [MESSAGE][PASSED] - Text '' is set on object 'Object Repository/VLink/Page_CCSale/txt_UDF9'

2024-05-18 16:48:17 - [MESSAGE][PASSED] - Text '' is set on object 'Object Repository/VLink/Page_CCSale/txt_UDF10'

2024-05-18 16:48:21 - [MESSAGE][PASSED] - Object: 'Object Repository/VLink/Page_CCSale/btn_ProcessVLinkTransaction' is clicked on

2024-05-18 16:48:26 - [MESSAGE][PASSED] - vlinkPages.saleCCPage.setDataSCC is PASSED

2024-05-18 16:48:26 - [TEST_STEP][PASSED] - if (verifyTextPresent("Transaction approved, no errors", true)): null

2024-05-18 16:48:26 - [MESSAGE][PASSED] - Text 'Transaction approved, no errors' is present on page  using regular expression

2024-05-18 16:48:26 - [TEST_STEP][PASSED] - println("Transaction Approved, no errors text is present on the Confirmation page"): null

2024-05-18 16:48:26 - [TEST_STEP][PASSED] - out.println("Pass Record Number: " + row): null

2024-05-18 16:48:26 - [TEST_STEP][PASSED] - resText = "Pass": null

2024-05-18 16:48:26 - [TEST_STEP][PASSED] - pages.WriteExcel.demoKey(resText, datText, resColumn, datCloumn, fileLoc, nameSheet, row): pages.WriteExcel.demoKey is PASSED

2024-05-18 16:48:26 - [MESSAGE][PASSED] - pages.WriteExcel.demoKey is PASSED

2024-05-18 16:48:26 - [TEST_STEP][PASSED] - sdfo = getText(findTestObject("Object Repository/Page_VLinkReceipt/pre_STX")): Text of object 'Object Repository/Page_VLinkReceipt/pre_STX' is: '<STX>TBClPUeYbOl2                  12153303            0  Transaction approved, no errors                   0                                                                                  Y OK9628   <ETX>'

2024-05-18 16:48:26 - [MESSAGE][PASSED] - Text of object 'Object Repository/Page_VLinkReceipt/pre_STX' is: '<STX>TBClPUeYbOl2                  12153303            0  Transaction approved, no errors                   0                                                                                  Y OK9628   <ETX>'

2024-05-18 16:48:26 - [TEST_STEP][PASSED] - out.println("sdfo: " + sdfo): null

2024-05-18 16:48:26 - [TEST_STEP][PASSED] - remID = substring(5, 35).trim(): null

2024-05-18 16:48:26 - [TEST_STEP][PASSED] - out.println("Remittance ID: " + remID): null

2024-05-18 16:48:26 - [TEST_STEP][PASSED] - traxID = substring(35, 55).trim(): null

2024-05-18 16:48:26 - [TEST_STEP][PASSED] - out.println("Transaction ID: " + traxID): null

2024-05-18 16:48:26 - [TEST_STEP][PASSED] - out.println("End Record Number: " + row): null

2024-05-18 16:48:26 - [TEST_STEP][PASSED] - closeBrowser(): Browser is closed

2024-05-18 16:48:28 - [MESSAGE][PASSED] - Browser is closed

2024-05-18 16:48:28 - [TEST_STEP][PASSED] - ExecuteTC = findTestData(dataFile).getValue("Execute", row): null

2024-05-18 16:48:28 - [TEST_STEP][PASSED] - out.println("Value of Execute is : " + ExecuteTC): null

2024-05-18 16:48:28 - [TEST_STEP][PASSED] - if (ExecuteTC.equalsIgnoreCase("Y")): Browser is closed

2024-05-18 16:48:28 - [TEST_STEP][PASSED] - out.println("Begin Record Number: " + row): null

2024-05-18 16:48:28 - [TEST_STEP][PASSED] - today = new java.util.Date(): null

2024-05-18 16:48:28 - [TEST_STEP][PASSED] - println(today): null

2024-05-18 16:48:28 - [TEST_STEP][PASSED] - datText = today: null

2024-05-18 16:48:28 - [TEST_STEP][PASSED] - openBrowser(VLinkURL + "authcap.html"): Browser is opened with url: 'https://dev-algorithm.govolution.com/vlinktest/QA2/version_2_0/authcap.html'

2024-05-18 16:48:28 - [MESSAGE][INFO] - Starting 'Chrome' driver

2024-05-18 16:48:28 - [MESSAGE][INFO] - User set preference: ['acceptInsecureCerts', 'true']

2024-05-18 16:48:28 - [MESSAGE][INFO] - Action delay is set to 0 milliseconds

2024-05-18 16:48:30 - [MESSAGE][PASSED] - Browser is opened with url: 'https://dev-algorithm.govolution.com/vlinktest/QA2/version_2_0/authcap.html'

2024-05-18 16:48:30 - [TEST_STEP][PASSED] - maximizeWindow(): Current window maximized

2024-05-18 16:48:30 - [MESSAGE][PASSED] - Current window maximized

2024-05-18 16:48:30 - [TEST_STEP][PASSED] - vlinkPages.saleCCPage.setDataSCC(row, dataFile): vlinkPages.saleCCPage.setDataSCC is PASSED

2024-05-18 16:48:33 - [MESSAGE][PASSED] - Object 'Object Repository/VLink/Page_CCSale/txt_CardNumber' is present

2024-05-18 16:48:34 - [MESSAGE][PASSED] - Text '104' is set on object 'Object Repository/VLink/Page_CCSale/txt_TransactionType'

2024-05-18 16:48:34 - [MESSAGE][PASSED] - Text '2.0C' is set on object 'Object Repository/VLink/Page_CCSale/txt_MessageVersion'

2024-05-18 16:48:35 - [MESSAGE][PASSED] - Text 'C63rAwvR9PAE' is set on object 'Object Repository/VLink/Page_CCSale/txt_RemID'

2024-05-18 16:48:36 - [MESSAGE][PASSED] - Text '671' is set on object 'Object Repository/VLink/Page_CCSale/txt_ApplicationId'

2024-05-18 16:48:36 - [MESSAGE][PASSED] - Text 'username' is set on object 'Object Repository/VLink/Page_CCSale/txt_Username'

2024-05-18 16:48:37 - [MESSAGE][PASSED] - Text 'password' is set on object 'Object Repository/VLink/Page_CCSale/txt_Password'

2024-05-18 16:48:38 - [MESSAGE][PASSED] - Text 'fixed_width' is set on object 'Object Repository/VLink/Page_CCSale/txt_ResponseFormat'

2024-05-18 16:48:38 - [MESSAGE][PASSED] - Text 'RETL' is set on object 'Object Repository/VLink/Page_CCSale/txt_Category'

2024-05-18 16:48:39 - [MESSAGE][PASSED] - Text '' is set on object 'Object Repository/VLink/Page_CCSale/txt_TransactionID'

2024-05-18 16:48:40 - [MESSAGE][PASSED] - Text '' is set on object 'Object Repository/VLink/Page_CCSale/txt_ApprovalCode'

2024-05-18 16:48:41 - [MESSAGE][PASSED] - Text 'Roshan Maha' is set on object 'Object Repository/VLink/Page_CCSale/txt_CardName'

2024-05-18 16:48:41 - [MESSAGE][PASSED] - Text '12563 Bazaar road' is set on object 'Object Repository/VLink/Page_CCSale/txt_AL1'

2024-05-18 16:48:42 - [MESSAGE][PASSED] - Text '' is set on object 'Object Repository/VLink/Page_CCSale/txt_AL2'

2024-05-18 16:48:43 - [MESSAGE][PASSED] - Text '' is set on object 'Object Repository/VLink/Page_CCSale/txt_CardCity'

2024-05-18 16:48:43 - [MESSAGE][PASSED] - Text '' is set on object 'Object Repository/VLink/Page_CCSale/txt_CardState'

2024-05-18 16:48:44 - [MESSAGE][PASSED] - Text '21114' is set on object 'Object Repository/VLink/Page_CCSale/txt_CardZIP'

2024-05-18 16:48:45 - [MESSAGE][PASSED] - Text '' is set on object 'Object Repository/VLink/Page_CCSale/txt_CountryID'

2024-05-18 16:48:46 - [MESSAGE][PASSED] - Text '3.50' is set on object 'Object Repository/VLink/Page_CCSale/txt_Amount'

2024-05-18 16:48:46 - [MESSAGE][PASSED] - Text '4111111111111111' is set on object 'Object Repository/VLink/Page_CCSale/txt_CardNumber'

2024-05-18 16:48:47 - [MESSAGE][PASSED] - Text '01' is set on object 'Object Repository/VLink/Page_CCSale/txt_ExpMonth'

2024-05-18 16:48:48 - [MESSAGE][PASSED] - Text '2026' is set on object 'Object Repository/VLink/Page_CCSale/txt_ExpYear'

2024-05-18 16:48:48 - [MESSAGE][PASSED] - Text '' is set on object 'Object Repository/VLink/Page_CCSale/txt_CVV'

2024-05-18 16:48:49 - [MESSAGE][PASSED] - Text '' is set on object 'Object Repository/VLink/Page_CCSale/txt_CVVstate'

2024-05-18 16:48:50 - [MESSAGE][PASSED] - Text '' is set on object 'Object Repository/VLink/Page_CCSale/txt_TrackData'

2024-05-18 16:48:50 - [MESSAGE][PASSED] - Text '' is set on object 'Object Repository/VLink/Page_CCSale/txt_Track1Data'

2024-05-18 16:48:51 - [MESSAGE][PASSED] - Text '' is set on object 'Object Repository/VLink/Page_CCSale/txt_Track2Data'

2024-05-18 16:48:52 - [MESSAGE][PASSED] - Text '' is set on object 'Object Repository/VLink/Page_CCSale/txt_POSEntryMode'

2024-05-18 16:48:52 - [MESSAGE][PASSED] - Text '' is set on object 'Object Repository/VLink/Page_CCSale/txt_Email'

2024-05-18 16:48:53 - [MESSAGE][PASSED] - Text '' is set on object 'Object Repository/VLink/Page_CCSale/txt_OrderNumber'

2024-05-18 16:48:54 - [MESSAGE][PASSED] - Text '' is set on object 'Object Repository/VLink/Page_CCSale/txt_TaxAmount'

2024-05-18 16:48:54 - [MESSAGE][PASSED] - Text '' is set on object 'Object Repository/VLink/Page_CCSale/txt_ChargeDescription'

2024-05-18 16:48:55 - [MESSAGE][PASSED] - Text '' is set on object 'Object Repository/VLink/Page_CCSale/txt_CAN'

2024-05-18 16:48:56 - [MESSAGE][PASSED] - Text '' is set on object 'Object Repository/VLink/Page_CCSale/txt_BillPaymentIndicator'

2024-05-18 16:48:57 - [MESSAGE][PASSED] - Text '' is set on object 'Object Repository/VLink/Page_CCSale/txt_UDF1'

2024-05-18 16:48:57 - [MESSAGE][PASSED] - Text '' is set on object 'Object Repository/VLink/Page_CCSale/txt_UDF2'

2024-05-18 16:48:58 - [MESSAGE][PASSED] - Text '' is set on object 'Object Repository/VLink/Page_CCSale/txt_UDF3'

2024-05-18 16:48:59 - [MESSAGE][PASSED] - Text '' is set on object 'Object Repository/VLink/Page_CCSale/txt_UDF4'

2024-05-18 16:48:59 - [MESSAGE][PASSED] - Text '' is set on object 'Object Repository/VLink/Page_CCSale/txt_UDF5'

2024-05-18 16:49:00 - [MESSAGE][PASSED] - Text '' is set on object 'Object Repository/VLink/Page_CCSale/txt_UDF6'

2024-05-18 16:49:01 - [MESSAGE][PASSED] - Text '' is set on object 'Object Repository/VLink/Page_CCSale/txt_UDF7'

2024-05-18 16:49:01 - [MESSAGE][PASSED] - Text '' is set on object 'Object Repository/VLink/Page_CCSale/txt_UDF8'

2024-05-18 16:49:02 - [MESSAGE][PASSED] - Text '' is set on object 'Object Repository/VLink/Page_CCSale/txt_UDF9'

2024-05-18 16:49:03 - [MESSAGE][PASSED] - Text '' is set on object 'Object Repository/VLink/Page_CCSale/txt_UDF10'

2024-05-18 16:49:06 - [MESSAGE][PASSED] - Object: 'Object Repository/VLink/Page_CCSale/btn_ProcessVLinkTransaction' is clicked on

2024-05-18 16:49:11 - [MESSAGE][PASSED] - vlinkPages.saleCCPage.setDataSCC is PASSED

2024-05-18 16:49:11 - [TEST_STEP][PASSED] - if (verifyTextPresent("Transaction approved, no errors", true)): null

2024-05-18 16:49:12 - [MESSAGE][PASSED] - Text 'Transaction approved, no errors' is present on page  using regular expression

2024-05-18 16:49:12 - [TEST_STEP][PASSED] - println("Transaction Approved, no errors text is present on the Confirmation page"): null

2024-05-18 16:49:12 - [TEST_STEP][PASSED] - out.println("Pass Record Number: " + row): null

2024-05-18 16:49:12 - [TEST_STEP][PASSED] - resText = "Pass": null

2024-05-18 16:49:12 - [TEST_STEP][PASSED] - pages.WriteExcel.demoKey(resText, datText, resColumn, datCloumn, fileLoc, nameSheet, row): pages.WriteExcel.demoKey is PASSED

2024-05-18 16:49:12 - [MESSAGE][PASSED] - pages.WriteExcel.demoKey is PASSED

2024-05-18 16:49:12 - [TEST_STEP][PASSED] - sdfo = getText(findTestObject("Object Repository/Page_VLinkReceipt/pre_STX")): Text of object 'Object Repository/Page_VLinkReceipt/pre_STX' is: '<STX>C63rAwvR9PAE                  12153304            0  Transaction approved, no errors                   0                                                                                  Y OK9648   <ETX>'

2024-05-18 16:49:12 - [MESSAGE][PASSED] - Text of object 'Object Repository/Page_VLinkReceipt/pre_STX' is: '<STX>C63rAwvR9PAE                  12153304            0  Transaction approved, no errors                   0                                                                                  Y OK9648   <ETX>'

2024-05-18 16:49:12 - [TEST_STEP][PASSED] - out.println("sdfo: " + sdfo): null

2024-05-18 16:49:12 - [TEST_STEP][PASSED] - remID = substring(5, 35).trim(): null

2024-05-18 16:49:12 - [TEST_STEP][PASSED] - out.println("Remittance ID: " + remID): null

2024-05-18 16:49:12 - [TEST_STEP][PASSED] - traxID = substring(35, 55).trim(): null

2024-05-18 16:49:12 - [TEST_STEP][PASSED] - out.println("Transaction ID: " + traxID): null

2024-05-18 16:49:12 - [TEST_STEP][PASSED] - out.println("End Record Number: " + row): null

2024-05-18 16:49:12 - [TEST_STEP][PASSED] - closeBrowser(): Browser is closed

2024-05-18 16:49:13 - [MESSAGE][PASSED] - Browser is closed

2024-05-18 16:49:13 - [TEST_STEP][PASSED] - ExecuteTC = findTestData(dataFile).getValue("Execute", row): null

2024-05-18 16:49:13 - [TEST_STEP][PASSED] - out.println("Value of Execute is : " + ExecuteTC): null

2024-05-18 16:49:13 - [TEST_STEP][PASSED] - if (ExecuteTC.equalsIgnoreCase("Y")): Browser is closed

2024-05-18 16:49:13 - [TEST_STEP][PASSED] - out.println("Begin Record Number: " + row): null

2024-05-18 16:49:13 - [TEST_STEP][PASSED] - today = new java.util.Date(): null

2024-05-18 16:49:13 - [TEST_STEP][PASSED] - println(today): null

2024-05-18 16:49:13 - [TEST_STEP][PASSED] - datText = today: null

2024-05-18 16:49:13 - [TEST_STEP][PASSED] - openBrowser(VLinkURL + "authcap.html"): Browser is opened with url: 'https://dev-algorithm.govolution.com/vlinktest/QA2/version_2_0/authcap.html'

2024-05-18 16:49:13 - [MESSAGE][INFO] - Starting 'Chrome' driver

2024-05-18 16:49:13 - [MESSAGE][INFO] - User set preference: ['acceptInsecureCerts', 'true']

2024-05-18 16:49:13 - [MESSAGE][INFO] - Action delay is set to 0 milliseconds

2024-05-18 16:49:16 - [MESSAGE][PASSED] - Browser is opened with url: 'https://dev-algorithm.govolution.com/vlinktest/QA2/version_2_0/authcap.html'

2024-05-18 16:49:16 - [TEST_STEP][PASSED] - maximizeWindow(): Current window maximized

2024-05-18 16:49:16 - [MESSAGE][PASSED] - Current window maximized

2024-05-18 16:49:16 - [TEST_STEP][PASSED] - vlinkPages.saleCCPage.setDataSCC(row, dataFile): vlinkPages.saleCCPage.setDataSCC is PASSED

2024-05-18 16:49:19 - [MESSAGE][PASSED] - Object 'Object Repository/VLink/Page_CCSale/txt_CardNumber' is present

2024-05-18 16:49:20 - [MESSAGE][PASSED] - Text '104' is set on object 'Object Repository/VLink/Page_CCSale/txt_TransactionType'

2024-05-18 16:49:21 - [MESSAGE][PASSED] - Text '2.0C' is set on object 'Object Repository/VLink/Page_CCSale/txt_MessageVersion'

2024-05-18 16:49:21 - [MESSAGE][PASSED] - Text 'iAet6l9CReNu' is set on object 'Object Repository/VLink/Page_CCSale/txt_RemID'

2024-05-18 16:49:22 - [MESSAGE][PASSED] - Text '665' is set on object 'Object Repository/VLink/Page_CCSale/txt_ApplicationId'

2024-05-18 16:49:23 - [MESSAGE][PASSED] - Text 'username' is set on object 'Object Repository/VLink/Page_CCSale/txt_Username'

2024-05-18 16:49:23 - [MESSAGE][PASSED] - Text 'password' is set on object 'Object Repository/VLink/Page_CCSale/txt_Password'

2024-05-18 16:49:24 - [MESSAGE][PASSED] - Text 'fixed_width' is set on object 'Object Repository/VLink/Page_CCSale/txt_ResponseFormat'

2024-05-18 16:49:25 - [MESSAGE][PASSED] - Text 'RETL' is set on object 'Object Repository/VLink/Page_CCSale/txt_Category'

2024-05-18 16:49:25 - [MESSAGE][PASSED] - Text '' is set on object 'Object Repository/VLink/Page_CCSale/txt_TransactionID'

2024-05-18 16:49:26 - [MESSAGE][PASSED] - Text '' is set on object 'Object Repository/VLink/Page_CCSale/txt_ApprovalCode'

2024-05-18 16:49:27 - [MESSAGE][PASSED] - Text '' is set on object 'Object Repository/VLink/Page_CCSale/txt_CardName'

2024-05-18 16:49:28 - [MESSAGE][PASSED] - Text '' is set on object 'Object Repository/VLink/Page_CCSale/txt_AL1'

2024-05-18 16:49:28 - [MESSAGE][PASSED] - Text '' is set on object 'Object Repository/VLink/Page_CCSale/txt_AL2'

2024-05-18 16:49:29 - [MESSAGE][PASSED] - Text '' is set on object 'Object Repository/VLink/Page_CCSale/txt_CardCity'

2024-05-18 16:49:30 - [MESSAGE][PASSED] - Text '' is set on object 'Object Repository/VLink/Page_CCSale/txt_CardState'

2024-05-18 16:49:30 - [MESSAGE][PASSED] - Text '' is set on object 'Object Repository/VLink/Page_CCSale/txt_CardZIP'

2024-05-18 16:49:31 - [MESSAGE][PASSED] - Text '' is set on object 'Object Repository/VLink/Page_CCSale/txt_CountryID'

2024-05-18 16:49:32 - [MESSAGE][PASSED] - Text '1.50' is set on object 'Object Repository/VLink/Page_CCSale/txt_Amount'

2024-05-18 16:49:32 - [MESSAGE][PASSED] - Text '' is set on object 'Object Repository/VLink/Page_CCSale/txt_CardNumber'

2024-05-18 16:49:33 - [MESSAGE][PASSED] - Text '' is set on object 'Object Repository/VLink/Page_CCSale/txt_ExpMonth'

2024-05-18 16:49:34 - [MESSAGE][PASSED] - Text '' is set on object 'Object Repository/VLink/Page_CCSale/txt_ExpYear'

2024-05-18 16:49:35 - [MESSAGE][PASSED] - Text '' is set on object 'Object Repository/VLink/Page_CCSale/txt_CVV'

2024-05-18 16:49:35 - [MESSAGE][PASSED] - Text '' is set on object 'Object Repository/VLink/Page_CCSale/txt_CVVstate'

2024-05-18 16:49:36 - [MESSAGE][PASSED] - Text '%B5567080011582687^AHMED/IMTIAZ              ^2603201090300000000000528000015?;5567080011582687=26032010903052800015?' is set on object 'Object Repository/VLink/Page_CCSale/txt_TrackData'

2024-05-18 16:49:37 - [MESSAGE][PASSED] - Text '' is set on object 'Object Repository/VLink/Page_CCSale/txt_Track1Data'

2024-05-18 16:49:37 - [MESSAGE][PASSED] - Text '' is set on object 'Object Repository/VLink/Page_CCSale/txt_Track2Data'

2024-05-18 16:49:38 - [MESSAGE][PASSED] - Text '' is set on object 'Object Repository/VLink/Page_CCSale/txt_POSEntryMode'

2024-05-18 16:49:39 - [MESSAGE][PASSED] - Text '' is set on object 'Object Repository/VLink/Page_CCSale/txt_Email'

2024-05-18 16:49:39 - [MESSAGE][PASSED] - Text '' is set on object 'Object Repository/VLink/Page_CCSale/txt_OrderNumber'

2024-05-18 16:49:40 - [MESSAGE][PASSED] - Text '' is set on object 'Object Repository/VLink/Page_CCSale/txt_TaxAmount'

2024-05-18 16:49:41 - [MESSAGE][PASSED] - Text '' is set on object 'Object Repository/VLink/Page_CCSale/txt_ChargeDescription'

2024-05-18 16:49:41 - [MESSAGE][PASSED] - Text '' is set on object 'Object Repository/VLink/Page_CCSale/txt_CAN'

2024-05-18 16:49:42 - [MESSAGE][PASSED] - Text '' is set on object 'Object Repository/VLink/Page_CCSale/txt_BillPaymentIndicator'

2024-05-18 16:49:43 - [MESSAGE][PASSED] - Text '' is set on object 'Object Repository/VLink/Page_CCSale/txt_UDF1'

2024-05-18 16:49:44 - [MESSAGE][PASSED] - Text '' is set on object 'Object Repository/VLink/Page_CCSale/txt_UDF2'

2024-05-18 16:49:44 - [MESSAGE][PASSED] - Text '' is set on object 'Object Repository/VLink/Page_CCSale/txt_UDF3'

2024-05-18 16:49:45 - [MESSAGE][PASSED] - Text '' is set on object 'Object Repository/VLink/Page_CCSale/txt_UDF4'

2024-05-18 16:49:46 - [MESSAGE][PASSED] - Text '' is set on object 'Object Repository/VLink/Page_CCSale/txt_UDF5'

2024-05-18 16:49:46 - [MESSAGE][PASSED] - Text '' is set on object 'Object Repository/VLink/Page_CCSale/txt_UDF6'

2024-05-18 16:49:47 - [MESSAGE][PASSED] - Text '' is set on object 'Object Repository/VLink/Page_CCSale/txt_UDF7'

2024-05-18 16:49:48 - [MESSAGE][PASSED] - Text '' is set on object 'Object Repository/VLink/Page_CCSale/txt_UDF8'

2024-05-18 16:49:48 - [MESSAGE][PASSED] - Text '' is set on object 'Object Repository/VLink/Page_CCSale/txt_UDF9'

2024-05-18 16:49:49 - [MESSAGE][PASSED] - Text '' is set on object 'Object Repository/VLink/Page_CCSale/txt_UDF10'

2024-05-18 16:49:50 - [MESSAGE][PASSED] - Object: 'Object Repository/VLink/Page_CCSale/btn_ProcessVLinkTransaction' is clicked on

2024-05-18 16:49:55 - [MESSAGE][PASSED] - vlinkPages.saleCCPage.setDataSCC is PASSED

2024-05-18 16:49:55 - [TEST_STEP][PASSED] - if (verifyTextPresent("Transaction approved, no errors", true)): null

2024-05-18 16:49:56 - [MESSAGE][PASSED] - Text 'Transaction approved, no errors' is present on page  using regular expression

2024-05-18 16:49:56 - [TEST_STEP][PASSED] - println("Transaction Approved, no errors text is present on the Confirmation page"): null

2024-05-18 16:49:56 - [TEST_STEP][PASSED] - out.println("Pass Record Number: " + row): null

2024-05-18 16:49:56 - [TEST_STEP][PASSED] - resText = "Pass": null

2024-05-18 16:49:56 - [TEST_STEP][PASSED] - pages.WriteExcel.demoKey(resText, datText, resColumn, datCloumn, fileLoc, nameSheet, row): pages.WriteExcel.demoKey is PASSED

2024-05-18 16:49:56 - [MESSAGE][PASSED] - pages.WriteExcel.demoKey is PASSED

2024-05-18 16:49:56 - [TEST_STEP][PASSED] - sdfo = getText(findTestObject("Object Repository/Page_VLinkReceipt/pre_STX")): Text of object 'Object Repository/Page_VLinkReceipt/pre_STX' is: '<STX>iAet6l9CReNu                  12153305            0  Transaction approved, no errors                   0                                                                                  R OK7547   <ETX>'

2024-05-18 16:49:56 - [MESSAGE][PASSED] - Text of object 'Object Repository/Page_VLinkReceipt/pre_STX' is: '<STX>iAet6l9CReNu                  12153305            0  Transaction approved, no errors                   0                                                                                  R OK7547   <ETX>'

2024-05-18 16:49:56 - [TEST_STEP][PASSED] - out.println("sdfo: " + sdfo): null

2024-05-18 16:49:56 - [TEST_STEP][PASSED] - remID = substring(5, 35).trim(): null

2024-05-18 16:49:56 - [TEST_STEP][PASSED] - out.println("Remittance ID: " + remID): null

2024-05-18 16:49:56 - [TEST_STEP][PASSED] - traxID = substring(35, 55).trim(): null

2024-05-18 16:49:56 - [TEST_STEP][PASSED] - out.println("Transaction ID: " + traxID): null

2024-05-18 16:49:56 - [TEST_STEP][PASSED] - out.println("End Record Number: " + row): null

2024-05-18 16:49:56 - [TEST_STEP][PASSED] - closeBrowser(): Browser is closed

2024-05-18 16:49:57 - [MESSAGE][PASSED] - Browser is closed

2024-05-18 16:49:57 - [TEST_STEP][PASSED] - ExecuteTC = findTestData(dataFile).getValue("Execute", row): null

2024-05-18 16:49:57 - [TEST_STEP][PASSED] - out.println("Value of Execute is : " + ExecuteTC): null

2024-05-18 16:49:57 - [TEST_STEP][PASSED] - if (ExecuteTC.equalsIgnoreCase("Y")): null

2024-05-18 16:49:57 - [TEST_STEP][PASSED] - ExecuteTC = findTestData(dataFile).getValue("Execute", row): null

2024-05-18 16:49:57 - [TEST_STEP][PASSED] - out.println("Value of Execute is : " + ExecuteTC): null

2024-05-18 16:49:57 - [TEST_STEP][PASSED] - if (ExecuteTC.equalsIgnoreCase("Y")): Browser is closed

2024-05-18 16:49:57 - [TEST_STEP][PASSED] - out.println("Begin Record Number: " + row): null

2024-05-18 16:49:57 - [TEST_STEP][PASSED] - today = new java.util.Date(): null

2024-05-18 16:49:57 - [TEST_STEP][PASSED] - println(today): null

2024-05-18 16:49:57 - [TEST_STEP][PASSED] - datText = today: null

2024-05-18 16:49:57 - [TEST_STEP][PASSED] - openBrowser(VLinkURL + "authcap.html"): Browser is opened with url: 'https://dev-algorithm.govolution.com/vlinktest/QA2/version_2_0/authcap.html'

2024-05-18 16:49:57 - [MESSAGE][INFO] - Starting 'Chrome' driver

2024-05-18 16:49:57 - [MESSAGE][INFO] - User set preference: ['acceptInsecureCerts', 'true']

2024-05-18 16:49:57 - [MESSAGE][INFO] - Action delay is set to 0 milliseconds

2024-05-18 16:50:00 - [MESSAGE][PASSED] - Browser is opened with url: 'https://dev-algorithm.govolution.com/vlinktest/QA2/version_2_0/authcap.html'

2024-05-18 16:50:00 - [TEST_STEP][PASSED] - maximizeWindow(): Current window maximized

2024-05-18 16:50:00 - [MESSAGE][PASSED] - Current window maximized

2024-05-18 16:50:00 - [TEST_STEP][PASSED] - vlinkPages.saleCCPage.setDataSCC(row, dataFile): vlinkPages.saleCCPage.setDataSCC is PASSED

2024-05-18 16:50:03 - [MESSAGE][PASSED] - Object 'Object Repository/VLink/Page_CCSale/txt_CardNumber' is present

2024-05-18 16:50:04 - [MESSAGE][PASSED] - Text '104' is set on object 'Object Repository/VLink/Page_CCSale/txt_TransactionType'

2024-05-18 16:50:04 - [MESSAGE][PASSED] - Text '2.0C' is set on object 'Object Repository/VLink/Page_CCSale/txt_MessageVersion'

2024-05-18 16:50:05 - [MESSAGE][PASSED] - Text 'bwx0KgvK1J18' is set on object 'Object Repository/VLink/Page_CCSale/txt_RemID'

2024-05-18 16:50:06 - [MESSAGE][PASSED] - Text '665' is set on object 'Object Repository/VLink/Page_CCSale/txt_ApplicationId'

2024-05-18 16:50:06 - [MESSAGE][PASSED] - Text 'username' is set on object 'Object Repository/VLink/Page_CCSale/txt_Username'

2024-05-18 16:50:07 - [MESSAGE][PASSED] - Text 'password' is set on object 'Object Repository/VLink/Page_CCSale/txt_Password'

2024-05-18 16:50:08 - [MESSAGE][PASSED] - Text 'fixed_width' is set on object 'Object Repository/VLink/Page_CCSale/txt_ResponseFormat'

2024-05-18 16:50:08 - [MESSAGE][PASSED] - Text 'RETL' is set on object 'Object Repository/VLink/Page_CCSale/txt_Category'

2024-05-18 16:50:09 - [MESSAGE][PASSED] - Text '' is set on object 'Object Repository/VLink/Page_CCSale/txt_TransactionID'

2024-05-18 16:50:10 - [MESSAGE][PASSED] - Text '' is set on object 'Object Repository/VLink/Page_CCSale/txt_ApprovalCode'

2024-05-18 16:50:10 - [MESSAGE][PASSED] - Text 'Angelo Matt' is set on object 'Object Repository/VLink/Page_CCSale/txt_CardName'

2024-05-18 16:50:11 - [MESSAGE][PASSED] - Text '' is set on object 'Object Repository/VLink/Page_CCSale/txt_AL1'

2024-05-18 16:50:12 - [MESSAGE][PASSED] - Text '' is set on object 'Object Repository/VLink/Page_CCSale/txt_AL2'

2024-05-18 16:50:13 - [MESSAGE][PASSED] - Text '' is set on object 'Object Repository/VLink/Page_CCSale/txt_CardCity'

2024-05-18 16:50:13 - [MESSAGE][PASSED] - Text '' is set on object 'Object Repository/VLink/Page_CCSale/txt_CardState'

2024-05-18 16:50:14 - [MESSAGE][PASSED] - Text '' is set on object 'Object Repository/VLink/Page_CCSale/txt_CardZIP'

2024-05-18 16:50:15 - [MESSAGE][PASSED] - Text '' is set on object 'Object Repository/VLink/Page_CCSale/txt_CountryID'

2024-05-18 16:50:15 - [MESSAGE][PASSED] - Text '1.50' is set on object 'Object Repository/VLink/Page_CCSale/txt_Amount'

2024-05-18 16:50:16 - [MESSAGE][PASSED] - Text '' is set on object 'Object Repository/VLink/Page_CCSale/txt_CardNumber'

2024-05-18 16:50:17 - [MESSAGE][PASSED] - Text '' is set on object 'Object Repository/VLink/Page_CCSale/txt_ExpMonth'

2024-05-18 16:50:17 - [MESSAGE][PASSED] - Text '' is set on object 'Object Repository/VLink/Page_CCSale/txt_ExpYear'

2024-05-18 16:50:18 - [MESSAGE][PASSED] - Text '' is set on object 'Object Repository/VLink/Page_CCSale/txt_CVV'

2024-05-18 16:50:19 - [MESSAGE][PASSED] - Text '' is set on object 'Object Repository/VLink/Page_CCSale/txt_CVVstate'

2024-05-18 16:50:19 - [MESSAGE][PASSED] - Text '' is set on object 'Object Repository/VLink/Page_CCSale/txt_TrackData'

2024-05-18 16:50:20 - [MESSAGE][PASSED] - Text '' is set on object 'Object Repository/VLink/Page_CCSale/txt_Track1Data'

2024-05-18 16:50:21 - [MESSAGE][PASSED] - Text ';5567080011582687=26032010903052800015?' is set on object 'Object Repository/VLink/Page_CCSale/txt_Track2Data'

2024-05-18 16:50:21 - [MESSAGE][PASSED] - Text '' is set on object 'Object Repository/VLink/Page_CCSale/txt_POSEntryMode'

2024-05-18 16:50:22 - [MESSAGE][PASSED] - Text '' is set on object 'Object Repository/VLink/Page_CCSale/txt_Email'

2024-05-18 16:50:23 - [MESSAGE][PASSED] - Text '' is set on object 'Object Repository/VLink/Page_CCSale/txt_OrderNumber'

2024-05-18 16:50:24 - [MESSAGE][PASSED] - Text '' is set on object 'Object Repository/VLink/Page_CCSale/txt_TaxAmount'

2024-05-18 16:50:24 - [MESSAGE][PASSED] - Text '' is set on object 'Object Repository/VLink/Page_CCSale/txt_ChargeDescription'

2024-05-18 16:50:25 - [MESSAGE][PASSED] - Text '' is set on object 'Object Repository/VLink/Page_CCSale/txt_CAN'

2024-05-18 16:50:26 - [MESSAGE][PASSED] - Text '' is set on object 'Object Repository/VLink/Page_CCSale/txt_BillPaymentIndicator'

2024-05-18 16:50:26 - [MESSAGE][PASSED] - Text '' is set on object 'Object Repository/VLink/Page_CCSale/txt_UDF1'

2024-05-18 16:50:27 - [MESSAGE][PASSED] - Text '' is set on object 'Object Repository/VLink/Page_CCSale/txt_UDF2'

2024-05-18 16:50:28 - [MESSAGE][PASSED] - Text '' is set on object 'Object Repository/VLink/Page_CCSale/txt_UDF3'

2024-05-18 16:50:28 - [MESSAGE][PASSED] - Text '' is set on object 'Object Repository/VLink/Page_CCSale/txt_UDF4'

2024-05-18 16:50:29 - [MESSAGE][PASSED] - Text '' is set on object 'Object Repository/VLink/Page_CCSale/txt_UDF5'

2024-05-18 16:50:30 - [MESSAGE][PASSED] - Text '' is set on object 'Object Repository/VLink/Page_CCSale/txt_UDF6'

2024-05-18 16:50:30 - [MESSAGE][PASSED] - Text '' is set on object 'Object Repository/VLink/Page_CCSale/txt_UDF7'

2024-05-18 16:50:31 - [MESSAGE][PASSED] - Text '' is set on object 'Object Repository/VLink/Page_CCSale/txt_UDF8'

2024-05-18 16:50:32 - [MESSAGE][PASSED] - Text '' is set on object 'Object Repository/VLink/Page_CCSale/txt_UDF9'

2024-05-18 16:50:33 - [MESSAGE][PASSED] - Text '' is set on object 'Object Repository/VLink/Page_CCSale/txt_UDF10'

2024-05-18 16:50:35 - [MESSAGE][PASSED] - Object: 'Object Repository/VLink/Page_CCSale/btn_ProcessVLinkTransaction' is clicked on

2024-05-18 16:50:40 - [MESSAGE][PASSED] - vlinkPages.saleCCPage.setDataSCC is PASSED

2024-05-18 16:50:40 - [TEST_STEP][PASSED] - if (verifyTextPresent("Transaction approved, no errors", true)): null

2024-05-18 16:50:40 - [MESSAGE][PASSED] - Text 'Transaction approved, no errors' is present on page  using regular expression

2024-05-18 16:50:40 - [TEST_STEP][PASSED] - println("Transaction Approved, no errors text is present on the Confirmation page"): null

2024-05-18 16:50:40 - [TEST_STEP][PASSED] - out.println("Pass Record Number: " + row): null

2024-05-18 16:50:40 - [TEST_STEP][PASSED] - resText = "Pass": null

2024-05-18 16:50:40 - [TEST_STEP][PASSED] - pages.WriteExcel.demoKey(resText, datText, resColumn, datCloumn, fileLoc, nameSheet, row): pages.WriteExcel.demoKey is PASSED

2024-05-18 16:50:41 - [MESSAGE][PASSED] - pages.WriteExcel.demoKey is PASSED

2024-05-18 16:50:41 - [TEST_STEP][PASSED] - sdfo = getText(findTestObject("Object Repository/Page_VLinkReceipt/pre_STX")): Text of object 'Object Repository/Page_VLinkReceipt/pre_STX' is: '<STX>bwx0KgvK1J18                  12153306            0  Transaction approved, no errors                   0                                                                                  R OK9871   <ETX>'

2024-05-18 16:50:41 - [MESSAGE][PASSED] - Text of object 'Object Repository/Page_VLinkReceipt/pre_STX' is: '<STX>bwx0KgvK1J18                  12153306            0  Transaction approved, no errors                   0                                                                                  R OK9871   <ETX>'

2024-05-18 16:50:41 - [TEST_STEP][PASSED] - out.println("sdfo: " + sdfo): null

2024-05-18 16:50:41 - [TEST_STEP][PASSED] - remID = substring(5, 35).trim(): null

2024-05-18 16:50:41 - [TEST_STEP][PASSED] - out.println("Remittance ID: " + remID): null

2024-05-18 16:50:41 - [TEST_STEP][PASSED] - traxID = substring(35, 55).trim(): null

2024-05-18 16:50:41 - [TEST_STEP][PASSED] - out.println("Transaction ID: " + traxID): null

2024-05-18 16:50:41 - [TEST_STEP][PASSED] - out.println("End Record Number: " + row): null

2024-05-18 16:50:41 - [TEST_STEP][PASSED] - closeBrowser(): Browser is closed

2024-05-18 16:50:42 - [MESSAGE][PASSED] - Browser is closed

2024-05-18 16:50:42 - [TEST_STEP][PASSED] - ExecuteTC = findTestData(dataFile).getValue("Execute", row): null

2024-05-18 16:50:42 - [TEST_STEP][PASSED] - out.println("Value of Execute is : " + ExecuteTC): null

2024-05-18 16:50:42 - [TEST_STEP][PASSED] - if (ExecuteTC.equalsIgnoreCase("Y")): Browser is closed

2024-05-18 16:50:42 - [TEST_STEP][PASSED] - out.println("Begin Record Number: " + row): null

2024-05-18 16:50:42 - [TEST_STEP][PASSED] - today = new java.util.Date(): null

2024-05-18 16:50:42 - [TEST_STEP][PASSED] - println(today): null

2024-05-18 16:50:42 - [TEST_STEP][PASSED] - datText = today: null

2024-05-18 16:50:42 - [TEST_STEP][PASSED] - openBrowser(VLinkURL + "authcap.html"): Browser is opened with url: 'https://dev-algorithm.govolution.com/vlinktest/QA2/version_2_0/authcap.html'

2024-05-18 16:50:42 - [MESSAGE][INFO] - Starting 'Chrome' driver

2024-05-18 16:50:42 - [MESSAGE][INFO] - User set preference: ['acceptInsecureCerts', 'true']

2024-05-18 16:50:42 - [MESSAGE][INFO] - Action delay is set to 0 milliseconds

2024-05-18 16:50:44 - [MESSAGE][PASSED] - Browser is opened with url: 'https://dev-algorithm.govolution.com/vlinktest/QA2/version_2_0/authcap.html'

2024-05-18 16:50:44 - [TEST_STEP][PASSED] - maximizeWindow(): Current window maximized

2024-05-18 16:50:45 - [MESSAGE][PASSED] - Current window maximized

2024-05-18 16:50:45 - [TEST_STEP][PASSED] - vlinkPages.saleCCPage.setDataSCC(row, dataFile): vlinkPages.saleCCPage.setDataSCC is PASSED

2024-05-18 16:50:48 - [MESSAGE][PASSED] - Object 'Object Repository/VLink/Page_CCSale/txt_CardNumber' is present

2024-05-18 16:50:48 - [MESSAGE][PASSED] - Text '104' is set on object 'Object Repository/VLink/Page_CCSale/txt_TransactionType'

2024-05-18 16:50:49 - [MESSAGE][PASSED] - Text '2.0C' is set on object 'Object Repository/VLink/Page_CCSale/txt_MessageVersion'

2024-05-18 16:50:50 - [MESSAGE][PASSED] - Text '3vKmPzJUlntd' is set on object 'Object Repository/VLink/Page_CCSale/txt_RemID'

2024-05-18 16:50:50 - [MESSAGE][PASSED] - Text '665' is set on object 'Object Repository/VLink/Page_CCSale/txt_ApplicationId'

2024-05-18 16:50:51 - [MESSAGE][PASSED] - Text 'username' is set on object 'Object Repository/VLink/Page_CCSale/txt_Username'

2024-05-18 16:50:52 - [MESSAGE][PASSED] - Text 'password' is set on object 'Object Repository/VLink/Page_CCSale/txt_Password'

2024-05-18 16:50:52 - [MESSAGE][PASSED] - Text 'fixed_width' is set on object 'Object Repository/VLink/Page_CCSale/txt_ResponseFormat'

2024-05-18 16:50:53 - [MESSAGE][PASSED] - Text 'RETL' is set on object 'Object Repository/VLink/Page_CCSale/txt_Category'

2024-05-18 16:50:54 - [MESSAGE][PASSED] - Text '' is set on object 'Object Repository/VLink/Page_CCSale/txt_TransactionID'

2024-05-18 16:50:54 - [MESSAGE][PASSED] - Text '' is set on object 'Object Repository/VLink/Page_CCSale/txt_ApprovalCode'

2024-05-18 16:50:55 - [MESSAGE][PASSED] - Text '' is set on object 'Object Repository/VLink/Page_CCSale/txt_CardName'

2024-05-18 16:50:56 - [MESSAGE][PASSED] - Text '' is set on object 'Object Repository/VLink/Page_CCSale/txt_AL1'

2024-05-18 16:50:57 - [MESSAGE][PASSED] - Text '' is set on object 'Object Repository/VLink/Page_CCSale/txt_AL2'

2024-05-18 16:50:57 - [MESSAGE][PASSED] - Text '' is set on object 'Object Repository/VLink/Page_CCSale/txt_CardCity'

2024-05-18 16:50:58 - [MESSAGE][PASSED] - Text '' is set on object 'Object Repository/VLink/Page_CCSale/txt_CardState'

2024-05-18 16:50:59 - [MESSAGE][PASSED] - Text '' is set on object 'Object Repository/VLink/Page_CCSale/txt_CardZIP'

2024-05-18 16:50:59 - [MESSAGE][PASSED] - Text '' is set on object 'Object Repository/VLink/Page_CCSale/txt_CountryID'

2024-05-18 16:51:00 - [MESSAGE][PASSED] - Text '1.50' is set on object 'Object Repository/VLink/Page_CCSale/txt_Amount'

2024-05-18 16:51:01 - [MESSAGE][PASSED] - Text '' is set on object 'Object Repository/VLink/Page_CCSale/txt_CardNumber'

2024-05-18 16:51:01 - [MESSAGE][PASSED] - Text '' is set on object 'Object Repository/VLink/Page_CCSale/txt_ExpMonth'

2024-05-18 16:51:02 - [MESSAGE][PASSED] - Text '' is set on object 'Object Repository/VLink/Page_CCSale/txt_ExpYear'

2024-05-18 16:51:03 - [MESSAGE][PASSED] - Text '' is set on object 'Object Repository/VLink/Page_CCSale/txt_CVV'

2024-05-18 16:51:04 - [MESSAGE][PASSED] - Text '' is set on object 'Object Repository/VLink/Page_CCSale/txt_CVVstate'

2024-05-18 16:51:04 - [MESSAGE][PASSED] - Text '' is set on object 'Object Repository/VLink/Page_CCSale/txt_TrackData'

2024-05-18 16:51:05 - [MESSAGE][PASSED] - Text '%B5567080011582687^AHMED/IMTIAZ              ^2603201090300000000000528000015?' is set on object 'Object Repository/VLink/Page_CCSale/txt_Track1Data'

2024-05-18 16:51:06 - [MESSAGE][PASSED] - Text ';5567080011582687=26032010903052800015?' is set on object 'Object Repository/VLink/Page_CCSale/txt_Track2Data'

2024-05-18 16:51:06 - [MESSAGE][PASSED] - Text '' is set on object 'Object Repository/VLink/Page_CCSale/txt_POSEntryMode'

2024-05-18 16:51:07 - [MESSAGE][PASSED] - Text '' is set on object 'Object Repository/VLink/Page_CCSale/txt_Email'

2024-05-18 16:51:08 - [MESSAGE][PASSED] - Text '' is set on object 'Object Repository/VLink/Page_CCSale/txt_OrderNumber'

2024-05-18 16:51:08 - [MESSAGE][PASSED] - Text '' is set on object 'Object Repository/VLink/Page_CCSale/txt_TaxAmount'

2024-05-18 16:51:09 - [MESSAGE][PASSED] - Text '' is set on object 'Object Repository/VLink/Page_CCSale/txt_ChargeDescription'

2024-05-18 16:51:10 - [MESSAGE][PASSED] - Text '' is set on object 'Object Repository/VLink/Page_CCSale/txt_CAN'

2024-05-18 16:51:10 - [MESSAGE][PASSED] - Text '' is set on object 'Object Repository/VLink/Page_CCSale/txt_BillPaymentIndicator'

2024-05-18 16:51:11 - [MESSAGE][PASSED] - Text '' is set on object 'Object Repository/VLink/Page_CCSale/txt_UDF1'

2024-05-18 16:51:12 - [MESSAGE][PASSED] - Text '' is set on object 'Object Repository/VLink/Page_CCSale/txt_UDF2'

2024-05-18 16:51:12 - [MESSAGE][PASSED] - Text '' is set on object 'Object Repository/VLink/Page_CCSale/txt_UDF3'

2024-05-18 16:51:13 - [MESSAGE][PASSED] - Text '' is set on object 'Object Repository/VLink/Page_CCSale/txt_UDF4'

2024-05-18 16:51:14 - [MESSAGE][PASSED] - Text '' is set on object 'Object Repository/VLink/Page_CCSale/txt_UDF5'

2024-05-18 16:51:14 - [MESSAGE][PASSED] - Text '' is set on object 'Object Repository/VLink/Page_CCSale/txt_UDF6'

2024-05-18 16:51:15 - [MESSAGE][PASSED] - Text '' is set on object 'Object Repository/VLink/Page_CCSale/txt_UDF7'

2024-05-18 16:51:16 - [MESSAGE][PASSED] - Text '' is set on object 'Object Repository/VLink/Page_CCSale/txt_UDF8'

2024-05-18 16:51:16 - [MESSAGE][PASSED] - Text '' is set on object 'Object Repository/VLink/Page_CCSale/txt_UDF9'

2024-05-18 16:51:17 - [MESSAGE][PASSED] - Text '' is set on object 'Object Repository/VLink/Page_CCSale/txt_UDF10'

2024-05-18 16:51:19 - [MESSAGE][PASSED] - Object: 'Object Repository/VLink/Page_CCSale/btn_ProcessVLinkTransaction' is clicked on

2024-05-18 16:51:24 - [MESSAGE][PASSED] - vlinkPages.saleCCPage.setDataSCC is PASSED

2024-05-18 16:51:24 - [TEST_STEP][PASSED] - if (verifyTextPresent("Transaction approved, no errors", true)): null

2024-05-18 16:51:24 - [MESSAGE][PASSED] - Text 'Transaction approved, no errors' is present on page  using regular expression

2024-05-18 16:51:24 - [TEST_STEP][PASSED] - println("Transaction Approved, no errors text is present on the Confirmation page"): null

2024-05-18 16:51:24 - [TEST_STEP][PASSED] - out.println("Pass Record Number: " + row): null

2024-05-18 16:51:24 - [TEST_STEP][PASSED] - resText = "Pass": null

2024-05-18 16:51:24 - [TEST_STEP][PASSED] - pages.WriteExcel.demoKey(resText, datText, resColumn, datCloumn, fileLoc, nameSheet, row): pages.WriteExcel.demoKey is PASSED

2024-05-18 16:51:24 - [MESSAGE][PASSED] - pages.WriteExcel.demoKey is PASSED

2024-05-18 16:51:24 - [TEST_STEP][PASSED] - sdfo = getText(findTestObject("Object Repository/Page_VLinkReceipt/pre_STX")): Text of object 'Object Repository/Page_VLinkReceipt/pre_STX' is: '<STX>3vKmPzJUlntd                  12153307            0  Transaction approved, no errors                   0                                                                                  R OK7557   <ETX>'

2024-05-18 16:51:24 - [MESSAGE][PASSED] - Text of object 'Object Repository/Page_VLinkReceipt/pre_STX' is: '<STX>3vKmPzJUlntd                  12153307            0  Transaction approved, no errors                   0                                                                                  R OK7557   <ETX>'

2024-05-18 16:51:24 - [TEST_STEP][PASSED] - out.println("sdfo: " + sdfo): null

2024-05-18 16:51:24 - [TEST_STEP][PASSED] - remID = substring(5, 35).trim(): null

2024-05-18 16:51:24 - [TEST_STEP][PASSED] - out.println("Remittance ID: " + remID): null

2024-05-18 16:51:24 - [TEST_STEP][PASSED] - traxID = substring(35, 55).trim(): null

2024-05-18 16:51:24 - [TEST_STEP][PASSED] - out.println("Transaction ID: " + traxID): null

2024-05-18 16:51:24 - [TEST_STEP][PASSED] - out.println("End Record Number: " + row): null

2024-05-18 16:51:24 - [TEST_STEP][PASSED] - closeBrowser(): Browser is closed

2024-05-18 16:51:26 - [MESSAGE][PASSED] - Browser is closed

2024-05-18 16:51:26 - [TEST_STEP][PASSED] - ExecuteTC = findTestData(dataFile).getValue("Execute", row): null

2024-05-18 16:51:26 - [TEST_STEP][PASSED] - out.println("Value of Execute is : " + ExecuteTC): null

2024-05-18 16:51:26 - [TEST_STEP][PASSED] - if (ExecuteTC.equalsIgnoreCase("Y")): Browser is closed

2024-05-18 16:51:26 - [TEST_STEP][PASSED] - out.println("Begin Record Number: " + row): null

2024-05-18 16:51:26 - [TEST_STEP][PASSED] - today = new java.util.Date(): null

2024-05-18 16:51:26 - [TEST_STEP][PASSED] - println(today): null

2024-05-18 16:51:26 - [TEST_STEP][PASSED] - datText = today: null

2024-05-18 16:51:26 - [TEST_STEP][PASSED] - openBrowser(VLinkURL + "authcap.html"): Browser is opened with url: 'https://dev-algorithm.govolution.com/vlinktest/QA2/version_2_0/authcap.html'

2024-05-18 16:51:26 - [MESSAGE][INFO] - Starting 'Chrome' driver

2024-05-18 16:51:26 - [MESSAGE][INFO] - User set preference: ['acceptInsecureCerts', 'true']

2024-05-18 16:51:26 - [MESSAGE][INFO] - Action delay is set to 0 milliseconds

2024-05-18 16:51:28 - [MESSAGE][PASSED] - Browser is opened with url: 'https://dev-algorithm.govolution.com/vlinktest/QA2/version_2_0/authcap.html'

2024-05-18 16:51:28 - [TEST_STEP][PASSED] - maximizeWindow(): Current window maximized

2024-05-18 16:51:28 - [MESSAGE][PASSED] - Current window maximized

2024-05-18 16:51:28 - [TEST_STEP][PASSED] - vlinkPages.saleCCPage.setDataSCC(row, dataFile): vlinkPages.saleCCPage.setDataSCC is PASSED

2024-05-18 16:51:31 - [MESSAGE][PASSED] - Object 'Object Repository/VLink/Page_CCSale/txt_CardNumber' is present

2024-05-18 16:51:32 - [MESSAGE][PASSED] - Text '104' is set on object 'Object Repository/VLink/Page_CCSale/txt_TransactionType'

2024-05-18 16:51:32 - [MESSAGE][PASSED] - Text '2.0C' is set on object 'Object Repository/VLink/Page_CCSale/txt_MessageVersion'

2024-05-18 16:51:33 - [MESSAGE][PASSED] - Text 'E0YJRBRGZQ46' is set on object 'Object Repository/VLink/Page_CCSale/txt_RemID'

2024-05-18 16:51:34 - [MESSAGE][PASSED] - Text '672' is set on object 'Object Repository/VLink/Page_CCSale/txt_ApplicationId'

2024-05-18 16:51:34 - [MESSAGE][PASSED] - Text 'username' is set on object 'Object Repository/VLink/Page_CCSale/txt_Username'

2024-05-18 16:51:35 - [MESSAGE][PASSED] - Text 'password' is set on object 'Object Repository/VLink/Page_CCSale/txt_Password'

2024-05-18 16:51:36 - [MESSAGE][PASSED] - Text 'fixed_width' is set on object 'Object Repository/VLink/Page_CCSale/txt_ResponseFormat'

2024-05-18 16:51:37 - [MESSAGE][PASSED] - Text 'RETL' is set on object 'Object Repository/VLink/Page_CCSale/txt_Category'

2024-05-18 16:51:37 - [MESSAGE][PASSED] - Text '' is set on object 'Object Repository/VLink/Page_CCSale/txt_TransactionID'

2024-05-18 16:51:38 - [MESSAGE][PASSED] - Text '' is set on object 'Object Repository/VLink/Page_CCSale/txt_ApprovalCode'

2024-05-18 16:51:39 - [MESSAGE][PASSED] - Text '' is set on object 'Object Repository/VLink/Page_CCSale/txt_CardName'

2024-05-18 16:51:39 - [MESSAGE][PASSED] - Text '' is set on object 'Object Repository/VLink/Page_CCSale/txt_AL1'

2024-05-18 16:51:40 - [MESSAGE][PASSED] - Text '' is set on object 'Object Repository/VLink/Page_CCSale/txt_AL2'

2024-05-18 16:51:41 - [MESSAGE][PASSED] - Text '' is set on object 'Object Repository/VLink/Page_CCSale/txt_CardCity'

2024-05-18 16:51:41 - [MESSAGE][PASSED] - Text '' is set on object 'Object Repository/VLink/Page_CCSale/txt_CardState'

2024-05-18 16:51:42 - [MESSAGE][PASSED] - Text '' is set on object 'Object Repository/VLink/Page_CCSale/txt_CardZIP'

2024-05-18 16:51:43 - [MESSAGE][PASSED] - Text '' is set on object 'Object Repository/VLink/Page_CCSale/txt_CountryID'

2024-05-18 16:51:44 - [MESSAGE][PASSED] - Text '2.50' is set on object 'Object Repository/VLink/Page_CCSale/txt_Amount'

2024-05-18 16:51:44 - [MESSAGE][PASSED] - Text '' is set on object 'Object Repository/VLink/Page_CCSale/txt_CardNumber'

2024-05-18 16:51:45 - [MESSAGE][PASSED] - Text '' is set on object 'Object Repository/VLink/Page_CCSale/txt_ExpMonth'

2024-05-18 16:51:46 - [MESSAGE][PASSED] - Text '' is set on object 'Object Repository/VLink/Page_CCSale/txt_ExpYear'

2024-05-18 16:51:46 - [MESSAGE][PASSED] - Text '' is set on object 'Object Repository/VLink/Page_CCSale/txt_CVV'

2024-05-18 16:51:47 - [MESSAGE][PASSED] - Text '' is set on object 'Object Repository/VLink/Page_CCSale/txt_CVVstate'

2024-05-18 16:51:48 - [MESSAGE][PASSED] - Text '%B5567080011582687^AHMED/IMTIAZ              ^2603201090300000000000528000015?;5567080011582687=26032010903052800015?' is set on object 'Object Repository/VLink/Page_CCSale/txt_TrackData'

2024-05-18 16:51:48 - [MESSAGE][PASSED] - Text '' is set on object 'Object Repository/VLink/Page_CCSale/txt_Track1Data'

2024-05-18 16:51:49 - [MESSAGE][PASSED] - Text '' is set on object 'Object Repository/VLink/Page_CCSale/txt_Track2Data'

2024-05-18 16:51:50 - [MESSAGE][PASSED] - Text '' is set on object 'Object Repository/VLink/Page_CCSale/txt_POSEntryMode'

2024-05-18 16:51:51 - [MESSAGE][PASSED] - Text '' is set on object 'Object Repository/VLink/Page_CCSale/txt_Email'

2024-05-18 16:51:51 - [MESSAGE][PASSED] - Text '' is set on object 'Object Repository/VLink/Page_CCSale/txt_OrderNumber'

2024-05-18 16:51:52 - [MESSAGE][PASSED] - Text '' is set on object 'Object Repository/VLink/Page_CCSale/txt_TaxAmount'

2024-05-18 16:51:53 - [MESSAGE][PASSED] - Text '' is set on object 'Object Repository/VLink/Page_CCSale/txt_ChargeDescription'

2024-05-18 16:51:53 - [MESSAGE][PASSED] - Text '' is set on object 'Object Repository/VLink/Page_CCSale/txt_CAN'

2024-05-18 16:51:54 - [MESSAGE][PASSED] - Text '' is set on object 'Object Repository/VLink/Page_CCSale/txt_BillPaymentIndicator'

2024-05-18 16:51:55 - [MESSAGE][PASSED] - Text '' is set on object 'Object Repository/VLink/Page_CCSale/txt_UDF1'

2024-05-18 16:51:55 - [MESSAGE][PASSED] - Text '' is set on object 'Object Repository/VLink/Page_CCSale/txt_UDF2'

2024-05-18 16:51:56 - [MESSAGE][PASSED] - Text '' is set on object 'Object Repository/VLink/Page_CCSale/txt_UDF3'

2024-05-18 16:51:57 - [MESSAGE][PASSED] - Text '' is set on object 'Object Repository/VLink/Page_CCSale/txt_UDF4'

2024-05-18 16:51:57 - [MESSAGE][PASSED] - Text '' is set on object 'Object Repository/VLink/Page_CCSale/txt_UDF5'

2024-05-18 16:51:58 - [MESSAGE][PASSED] - Text '' is set on object 'Object Repository/VLink/Page_CCSale/txt_UDF6'

2024-05-18 16:51:59 - [MESSAGE][PASSED] - Text '' is set on object 'Object Repository/VLink/Page_CCSale/txt_UDF7'

2024-05-18 16:51:59 - [MESSAGE][PASSED] - Text '' is set on object 'Object Repository/VLink/Page_CCSale/txt_UDF8'

2024-05-18 16:52:00 - [MESSAGE][PASSED] - Text '' is set on object 'Object Repository/VLink/Page_CCSale/txt_UDF9'

2024-05-18 16:52:01 - [MESSAGE][PASSED] - Text '' is set on object 'Object Repository/VLink/Page_CCSale/txt_UDF10'

2024-05-18 16:52:03 - [MESSAGE][PASSED] - Object: 'Object Repository/VLink/Page_CCSale/btn_ProcessVLinkTransaction' is clicked on

2024-05-18 16:52:08 - [MESSAGE][PASSED] - vlinkPages.saleCCPage.setDataSCC is PASSED

2024-05-18 16:52:08 - [TEST_STEP][PASSED] - if (verifyTextPresent("Transaction approved, no errors", true)): null

2024-05-18 16:52:09 - [MESSAGE][PASSED] - Text 'Transaction approved, no errors' is present on page  using regular expression

2024-05-18 16:52:09 - [TEST_STEP][PASSED] - println("Transaction Approved, no errors text is present on the Confirmation page"): null

2024-05-18 16:52:09 - [TEST_STEP][PASSED] - out.println("Pass Record Number: " + row): null

2024-05-18 16:52:09 - [TEST_STEP][PASSED] - resText = "Pass": null

2024-05-18 16:52:09 - [TEST_STEP][PASSED] - pages.WriteExcel.demoKey(resText, datText, resColumn, datCloumn, fileLoc, nameSheet, row): pages.WriteExcel.demoKey is PASSED

2024-05-18 16:52:09 - [MESSAGE][PASSED] - pages.WriteExcel.demoKey is PASSED

2024-05-18 16:52:09 - [TEST_STEP][PASSED] - sdfo = getText(findTestObject("Object Repository/Page_VLinkReceipt/pre_STX")): Text of object 'Object Repository/Page_VLinkReceipt/pre_STX' is: '<STX>E0YJRBRGZQ46                  12153308            0  Transaction approved, no errors                   0                                                                                  R OK9881   <ETX>'

2024-05-18 16:52:09 - [MESSAGE][PASSED] - Text of object 'Object Repository/Page_VLinkReceipt/pre_STX' is: '<STX>E0YJRBRGZQ46                  12153308            0  Transaction approved, no errors                   0                                                                                  R OK9881   <ETX>'

2024-05-18 16:52:09 - [TEST_STEP][PASSED] - out.println("sdfo: " + sdfo): null

2024-05-18 16:52:09 - [TEST_STEP][PASSED] - remID = substring(5, 35).trim(): null

2024-05-18 16:52:09 - [TEST_STEP][PASSED] - out.println("Remittance ID: " + remID): null

2024-05-18 16:52:09 - [TEST_STEP][PASSED] - traxID = substring(35, 55).trim(): null

2024-05-18 16:52:09 - [TEST_STEP][PASSED] - out.println("Transaction ID: " + traxID): null

2024-05-18 16:52:09 - [TEST_STEP][PASSED] - out.println("End Record Number: " + row): null

2024-05-18 16:52:09 - [TEST_STEP][PASSED] - closeBrowser(): Browser is closed

2024-05-18 16:52:10 - [MESSAGE][PASSED] - Browser is closed

2024-05-18 16:52:10 - [TEST_STEP][PASSED] - ExecuteTC = findTestData(dataFile).getValue("Execute", row): null

2024-05-18 16:52:10 - [TEST_STEP][PASSED] - out.println("Value of Execute is : " + ExecuteTC): null

2024-05-18 16:52:10 - [TEST_STEP][PASSED] - if (ExecuteTC.equalsIgnoreCase("Y")): null

2024-05-18 16:52:10 - [TEST_STEP][PASSED] - ExecuteTC = findTestData(dataFile).getValue("Execute", row): null

2024-05-18 16:52:10 - [TEST_STEP][PASSED] - out.println("Value of Execute is : " + ExecuteTC): null

2024-05-18 16:52:10 - [TEST_STEP][PASSED] - if (ExecuteTC.equalsIgnoreCase("Y")): Browser is closed

2024-05-18 16:52:10 - [TEST_STEP][PASSED] - out.println("Begin Record Number: " + row): null

2024-05-18 16:52:10 - [TEST_STEP][PASSED] - today = new java.util.Date(): null

2024-05-18 16:52:10 - [TEST_STEP][PASSED] - println(today): null

2024-05-18 16:52:10 - [TEST_STEP][PASSED] - datText = today: null

2024-05-18 16:52:10 - [TEST_STEP][PASSED] - openBrowser(VLinkURL + "authcap.html"): Browser is opened with url: 'https://dev-algorithm.govolution.com/vlinktest/QA2/version_2_0/authcap.html'

2024-05-18 16:52:10 - [MESSAGE][INFO] - Starting 'Chrome' driver

2024-05-18 16:52:10 - [MESSAGE][INFO] - User set preference: ['acceptInsecureCerts', 'true']

2024-05-18 16:52:10 - [MESSAGE][INFO] - Action delay is set to 0 milliseconds

2024-05-18 16:52:12 - [MESSAGE][PASSED] - Browser is opened with url: 'https://dev-algorithm.govolution.com/vlinktest/QA2/version_2_0/authcap.html'

2024-05-18 16:52:12 - [TEST_STEP][PASSED] - maximizeWindow(): Current window maximized

2024-05-18 16:52:13 - [MESSAGE][PASSED] - Current window maximized

2024-05-18 16:52:13 - [TEST_STEP][PASSED] - vlinkPages.saleCCPage.setDataSCC(row, dataFile): vlinkPages.saleCCPage.setDataSCC is PASSED

2024-05-18 16:52:16 - [MESSAGE][PASSED] - Object 'Object Repository/VLink/Page_CCSale/txt_CardNumber' is present

2024-05-18 16:52:17 - [MESSAGE][PASSED] - Text '104' is set on object 'Object Repository/VLink/Page_CCSale/txt_TransactionType'

2024-05-18 16:52:17 - [MESSAGE][PASSED] - Text '2.0C' is set on object 'Object Repository/VLink/Page_CCSale/txt_MessageVersion'

2024-05-18 16:52:18 - [MESSAGE][PASSED] - Text '28cM0OUJWGpq' is set on object 'Object Repository/VLink/Page_CCSale/txt_RemID'

2024-05-18 16:52:19 - [MESSAGE][PASSED] - Text '672' is set on object 'Object Repository/VLink/Page_CCSale/txt_ApplicationId'

2024-05-18 16:52:19 - [MESSAGE][PASSED] - Text 'username' is set on object 'Object Repository/VLink/Page_CCSale/txt_Username'

2024-05-18 16:52:20 - [MESSAGE][PASSED] - Text 'password' is set on object 'Object Repository/VLink/Page_CCSale/txt_Password'

2024-05-18 16:52:21 - [MESSAGE][PASSED] - Text 'fixed_width' is set on object 'Object Repository/VLink/Page_CCSale/txt_ResponseFormat'

2024-05-18 16:52:21 - [MESSAGE][PASSED] - Text 'RETL' is set on object 'Object Repository/VLink/Page_CCSale/txt_Category'

2024-05-18 16:52:22 - [MESSAGE][PASSED] - Text '' is set on object 'Object Repository/VLink/Page_CCSale/txt_TransactionID'

2024-05-18 16:52:23 - [MESSAGE][PASSED] - Text '' is set on object 'Object Repository/VLink/Page_CCSale/txt_ApprovalCode'

2024-05-18 16:52:23 - [MESSAGE][PASSED] - Text 'Angelo Matt' is set on object 'Object Repository/VLink/Page_CCSale/txt_CardName'

2024-05-18 16:52:24 - [MESSAGE][PASSED] - Text '' is set on object 'Object Repository/VLink/Page_CCSale/txt_AL1'

2024-05-18 16:52:25 - [MESSAGE][PASSED] - Text '' is set on object 'Object Repository/VLink/Page_CCSale/txt_AL2'

2024-05-18 16:52:25 - [MESSAGE][PASSED] - Text '' is set on object 'Object Repository/VLink/Page_CCSale/txt_CardCity'

2024-05-18 16:52:26 - [MESSAGE][PASSED] - Text '' is set on object 'Object Repository/VLink/Page_CCSale/txt_CardState'

2024-05-18 16:52:27 - [MESSAGE][PASSED] - Text '' is set on object 'Object Repository/VLink/Page_CCSale/txt_CardZIP'

2024-05-18 16:52:27 - [MESSAGE][PASSED] - Text '' is set on object 'Object Repository/VLink/Page_CCSale/txt_CountryID'

2024-05-18 16:52:28 - [MESSAGE][PASSED] - Text '2.50' is set on object 'Object Repository/VLink/Page_CCSale/txt_Amount'

2024-05-18 16:52:29 - [MESSAGE][PASSED] - Text '' is set on object 'Object Repository/VLink/Page_CCSale/txt_CardNumber'

2024-05-18 16:52:30 - [MESSAGE][PASSED] - Text '' is set on object 'Object Repository/VLink/Page_CCSale/txt_ExpMonth'

2024-05-18 16:52:30 - [MESSAGE][PASSED] - Text '' is set on object 'Object Repository/VLink/Page_CCSale/txt_ExpYear'

2024-05-18 16:52:31 - [MESSAGE][PASSED] - Text '' is set on object 'Object Repository/VLink/Page_CCSale/txt_CVV'

2024-05-18 16:52:32 - [MESSAGE][PASSED] - Text '' is set on object 'Object Repository/VLink/Page_CCSale/txt_CVVstate'

2024-05-18 16:52:32 - [MESSAGE][PASSED] - Text '' is set on object 'Object Repository/VLink/Page_CCSale/txt_TrackData'

2024-05-18 16:52:33 - [MESSAGE][PASSED] - Text '' is set on object 'Object Repository/VLink/Page_CCSale/txt_Track1Data'

2024-05-18 16:52:34 - [MESSAGE][PASSED] - Text ';5567080011582687=26032010903052800015?' is set on object 'Object Repository/VLink/Page_CCSale/txt_Track2Data'

2024-05-18 16:52:34 - [MESSAGE][PASSED] - Text '' is set on object 'Object Repository/VLink/Page_CCSale/txt_POSEntryMode'

2024-05-18 16:52:35 - [MESSAGE][PASSED] - Text '' is set on object 'Object Repository/VLink/Page_CCSale/txt_Email'

2024-05-18 16:52:36 - [MESSAGE][PASSED] - Text '' is set on object 'Object Repository/VLink/Page_CCSale/txt_OrderNumber'

2024-05-18 16:52:36 - [MESSAGE][PASSED] - Text '' is set on object 'Object Repository/VLink/Page_CCSale/txt_TaxAmount'

2024-05-18 16:52:37 - [MESSAGE][PASSED] - Text '' is set on object 'Object Repository/VLink/Page_CCSale/txt_ChargeDescription'

2024-05-18 16:52:38 - [MESSAGE][PASSED] - Text '' is set on object 'Object Repository/VLink/Page_CCSale/txt_CAN'

2024-05-18 16:52:38 - [MESSAGE][PASSED] - Text '' is set on object 'Object Repository/VLink/Page_CCSale/txt_BillPaymentIndicator'

2024-05-18 16:52:39 - [MESSAGE][PASSED] - Text '' is set on object 'Object Repository/VLink/Page_CCSale/txt_UDF1'

2024-05-18 16:52:40 - [MESSAGE][PASSED] - Text '' is set on object 'Object Repository/VLink/Page_CCSale/txt_UDF2'

2024-05-18 16:52:41 - [MESSAGE][PASSED] - Text '' is set on object 'Object Repository/VLink/Page_CCSale/txt_UDF3'

2024-05-18 16:52:41 - [MESSAGE][PASSED] - Text '' is set on object 'Object Repository/VLink/Page_CCSale/txt_UDF4'

2024-05-18 16:52:42 - [MESSAGE][PASSED] - Text '' is set on object 'Object Repository/VLink/Page_CCSale/txt_UDF5'

2024-05-18 16:52:42 - [MESSAGE][PASSED] - Text '' is set on object 'Object Repository/VLink/Page_CCSale/txt_UDF6'

2024-05-18 16:52:43 - [MESSAGE][PASSED] - Text '' is set on object 'Object Repository/VLink/Page_CCSale/txt_UDF7'

2024-05-18 16:52:44 - [MESSAGE][PASSED] - Text '' is set on object 'Object Repository/VLink/Page_CCSale/txt_UDF8'

2024-05-18 16:52:44 - [MESSAGE][PASSED] - Text '' is set on object 'Object Repository/VLink/Page_CCSale/txt_UDF9'

2024-05-18 16:52:45 - [MESSAGE][PASSED] - Text '' is set on object 'Object Repository/VLink/Page_CCSale/txt_UDF10'

2024-05-18 16:52:46 - [MESSAGE][PASSED] - Object: 'Object Repository/VLink/Page_CCSale/btn_ProcessVLinkTransaction' is clicked on

2024-05-18 16:52:51 - [MESSAGE][PASSED] - vlinkPages.saleCCPage.setDataSCC is PASSED

2024-05-18 16:52:51 - [TEST_STEP][PASSED] - if (verifyTextPresent("Transaction approved, no errors", true)): null

2024-05-18 16:52:52 - [MESSAGE][PASSED] - Text 'Transaction approved, no errors' is present on page  using regular expression

2024-05-18 16:52:52 - [TEST_STEP][PASSED] - println("Transaction Approved, no errors text is present on the Confirmation page"): null

2024-05-18 16:52:52 - [TEST_STEP][PASSED] - out.println("Pass Record Number: " + row): null

2024-05-18 16:52:52 - [TEST_STEP][PASSED] - resText = "Pass": null

2024-05-18 16:52:52 - [TEST_STEP][PASSED] - pages.WriteExcel.demoKey(resText, datText, resColumn, datCloumn, fileLoc, nameSheet, row): pages.WriteExcel.demoKey is PASSED

2024-05-18 16:52:52 - [MESSAGE][PASSED] - pages.WriteExcel.demoKey is PASSED

2024-05-18 16:52:52 - [TEST_STEP][PASSED] - sdfo = getText(findTestObject("Object Repository/Page_VLinkReceipt/pre_STX")): Text of object 'Object Repository/Page_VLinkReceipt/pre_STX' is: '<STX>28cM0OUJWGpq                  12153309            0  Transaction approved, no errors                   0                                                                                  R OK7567   <ETX>'

2024-05-18 16:52:52 - [MESSAGE][PASSED] - Text of object 'Object Repository/Page_VLinkReceipt/pre_STX' is: '<STX>28cM0OUJWGpq                  12153309            0  Transaction approved, no errors                   0                                                                                  R OK7567   <ETX>'

2024-05-18 16:52:52 - [TEST_STEP][PASSED] - out.println("sdfo: " + sdfo): null

2024-05-18 16:52:52 - [TEST_STEP][PASSED] - remID = substring(5, 35).trim(): null

2024-05-18 16:52:52 - [TEST_STEP][PASSED] - out.println("Remittance ID: " + remID): null

2024-05-18 16:52:52 - [TEST_STEP][PASSED] - traxID = substring(35, 55).trim(): null

2024-05-18 16:52:52 - [TEST_STEP][PASSED] - out.println("Transaction ID: " + traxID): null

2024-05-18 16:52:52 - [TEST_STEP][PASSED] - out.println("End Record Number: " + row): null

2024-05-18 16:52:52 - [TEST_STEP][PASSED] - closeBrowser(): Browser is closed

2024-05-18 16:52:53 - [MESSAGE][PASSED] - Browser is closed

2024-05-18 16:52:53 - [TEST_STEP][PASSED] - ExecuteTC = findTestData(dataFile).getValue("Execute", row): null

2024-05-18 16:52:53 - [TEST_STEP][PASSED] - out.println("Value of Execute is : " + ExecuteTC): null

2024-05-18 16:52:53 - [TEST_STEP][PASSED] - if (ExecuteTC.equalsIgnoreCase("Y")): Browser is closed

2024-05-18 16:52:53 - [TEST_STEP][PASSED] - out.println("Begin Record Number: " + row): null

2024-05-18 16:52:53 - [TEST_STEP][PASSED] - today = new java.util.Date(): null

2024-05-18 16:52:53 - [TEST_STEP][PASSED] - println(today): null

2024-05-18 16:52:53 - [TEST_STEP][PASSED] - datText = today: null

2024-05-18 16:52:53 - [TEST_STEP][PASSED] - openBrowser(VLinkURL + "authcap.html"): Browser is opened with url: 'https://dev-algorithm.govolution.com/vlinktest/QA2/version_2_0/authcap.html'

2024-05-18 16:52:53 - [MESSAGE][INFO] - Starting 'Chrome' driver

2024-05-18 16:52:53 - [MESSAGE][INFO] - User set preference: ['acceptInsecureCerts', 'true']

2024-05-18 16:52:53 - [MESSAGE][INFO] - Action delay is set to 0 milliseconds

2024-05-18 16:52:55 - [MESSAGE][PASSED] - Browser is opened with url: 'https://dev-algorithm.govolution.com/vlinktest/QA2/version_2_0/authcap.html'

2024-05-18 16:52:55 - [TEST_STEP][PASSED] - maximizeWindow(): Current window maximized

2024-05-18 16:52:56 - [MESSAGE][PASSED] - Current window maximized

2024-05-18 16:52:56 - [TEST_STEP][PASSED] - vlinkPages.saleCCPage.setDataSCC(row, dataFile): vlinkPages.saleCCPage.setDataSCC is PASSED

2024-05-18 16:52:59 - [MESSAGE][PASSED] - Object 'Object Repository/VLink/Page_CCSale/txt_CardNumber' is present

2024-05-18 16:52:59 - [MESSAGE][PASSED] - Text '104' is set on object 'Object Repository/VLink/Page_CCSale/txt_TransactionType'

2024-05-18 16:53:00 - [MESSAGE][PASSED] - Text '2.0C' is set on object 'Object Repository/VLink/Page_CCSale/txt_MessageVersion'

2024-05-18 16:53:01 - [MESSAGE][PASSED] - Text 'p4WKDGgp8k7S' is set on object 'Object Repository/VLink/Page_CCSale/txt_RemID'

2024-05-18 16:53:01 - [MESSAGE][PASSED] - Text '672' is set on object 'Object Repository/VLink/Page_CCSale/txt_ApplicationId'

2024-05-18 16:53:02 - [MESSAGE][PASSED] - Text 'username' is set on object 'Object Repository/VLink/Page_CCSale/txt_Username'

2024-05-18 16:53:03 - [MESSAGE][PASSED] - Text 'password' is set on object 'Object Repository/VLink/Page_CCSale/txt_Password'

2024-05-18 16:53:04 - [MESSAGE][PASSED] - Text 'fixed_width' is set on object 'Object Repository/VLink/Page_CCSale/txt_ResponseFormat'

2024-05-18 16:53:04 - [MESSAGE][PASSED] - Text 'RETL' is set on object 'Object Repository/VLink/Page_CCSale/txt_Category'

2024-05-18 16:53:05 - [MESSAGE][PASSED] - Text '' is set on object 'Object Repository/VLink/Page_CCSale/txt_TransactionID'

2024-05-18 16:53:06 - [MESSAGE][PASSED] - Text '' is set on object 'Object Repository/VLink/Page_CCSale/txt_ApprovalCode'

2024-05-18 16:53:06 - [MESSAGE][PASSED] - Text '' is set on object 'Object Repository/VLink/Page_CCSale/txt_CardName'

2024-05-18 16:53:07 - [MESSAGE][PASSED] - Text '' is set on object 'Object Repository/VLink/Page_CCSale/txt_AL1'

2024-05-18 16:53:08 - [MESSAGE][PASSED] - Text '' is set on object 'Object Repository/VLink/Page_CCSale/txt_AL2'

2024-05-18 16:53:08 - [MESSAGE][PASSED] - Text '' is set on object 'Object Repository/VLink/Page_CCSale/txt_CardCity'

2024-05-18 16:53:09 - [MESSAGE][PASSED] - Text '' is set on object 'Object Repository/VLink/Page_CCSale/txt_CardState'

2024-05-18 16:53:10 - [MESSAGE][PASSED] - Text '' is set on object 'Object Repository/VLink/Page_CCSale/txt_CardZIP'

2024-05-18 16:53:10 - [MESSAGE][PASSED] - Text '' is set on object 'Object Repository/VLink/Page_CCSale/txt_CountryID'

2024-05-18 16:53:11 - [MESSAGE][PASSED] - Text '2.50' is set on object 'Object Repository/VLink/Page_CCSale/txt_Amount'

2024-05-18 16:53:12 - [MESSAGE][PASSED] - Text '' is set on object 'Object Repository/VLink/Page_CCSale/txt_CardNumber'

2024-05-18 16:53:13 - [MESSAGE][PASSED] - Text '' is set on object 'Object Repository/VLink/Page_CCSale/txt_ExpMonth'

2024-05-18 16:53:13 - [MESSAGE][PASSED] - Text '' is set on object 'Object Repository/VLink/Page_CCSale/txt_ExpYear'

2024-05-18 16:53:14 - [MESSAGE][PASSED] - Text '' is set on object 'Object Repository/VLink/Page_CCSale/txt_CVV'

2024-05-18 16:53:15 - [MESSAGE][PASSED] - Text '' is set on object 'Object Repository/VLink/Page_CCSale/txt_CVVstate'

2024-05-18 16:53:15 - [MESSAGE][PASSED] - Text '' is set on object 'Object Repository/VLink/Page_CCSale/txt_TrackData'

2024-05-18 16:53:16 - [MESSAGE][PASSED] - Text '%B5567080011582687^AHMED/IMTIAZ              ^2603201090300000000000528000015?' is set on object 'Object Repository/VLink/Page_CCSale/txt_Track1Data'

2024-05-18 16:53:17 - [MESSAGE][PASSED] - Text ';5567080011582687=26032010903052800015?' is set on object 'Object Repository/VLink/Page_CCSale/txt_Track2Data'

2024-05-18 16:53:18 - [MESSAGE][PASSED] - Text '' is set on object 'Object Repository/VLink/Page_CCSale/txt_POSEntryMode'

2024-05-18 16:53:18 - [MESSAGE][PASSED] - Text '' is set on object 'Object Repository/VLink/Page_CCSale/txt_Email'

2024-05-18 16:53:19 - [MESSAGE][PASSED] - Text '' is set on object 'Object Repository/VLink/Page_CCSale/txt_OrderNumber'

2024-05-18 16:53:20 - [MESSAGE][PASSED] - Text '' is set on object 'Object Repository/VLink/Page_CCSale/txt_TaxAmount'

2024-05-18 16:53:20 - [MESSAGE][PASSED] - Text '' is set on object 'Object Repository/VLink/Page_CCSale/txt_ChargeDescription'

2024-05-18 16:53:21 - [MESSAGE][PASSED] - Text '' is set on object 'Object Repository/VLink/Page_CCSale/txt_CAN'

2024-05-18 16:53:22 - [MESSAGE][PASSED] - Text '' is set on object 'Object Repository/VLink/Page_CCSale/txt_BillPaymentIndicator'

2024-05-18 16:53:22 - [MESSAGE][PASSED] - Text '' is set on object 'Object Repository/VLink/Page_CCSale/txt_UDF1'

2024-05-18 16:53:23 - [MESSAGE][PASSED] - Text '' is set on object 'Object Repository/VLink/Page_CCSale/txt_UDF2'

2024-05-18 16:53:24 - [MESSAGE][PASSED] - Text '' is set on object 'Object Repository/VLink/Page_CCSale/txt_UDF3'

2024-05-18 16:53:24 - [MESSAGE][PASSED] - Text '' is set on object 'Object Repository/VLink/Page_CCSale/txt_UDF4'

2024-05-18 16:53:25 - [MESSAGE][PASSED] - Text '' is set on object 'Object Repository/VLink/Page_CCSale/txt_UDF5'

2024-05-18 16:53:26 - [MESSAGE][PASSED] - Text '' is set on object 'Object Repository/VLink/Page_CCSale/txt_UDF6'

2024-05-18 16:53:27 - [MESSAGE][PASSED] - Text '' is set on object 'Object Repository/VLink/Page_CCSale/txt_UDF7'

2024-05-18 16:53:27 - [MESSAGE][PASSED] - Text '' is set on object 'Object Repository/VLink/Page_CCSale/txt_UDF8'

2024-05-18 16:53:28 - [MESSAGE][PASSED] - Text '' is set on object 'Object Repository/VLink/Page_CCSale/txt_UDF9'

2024-05-18 16:53:29 - [MESSAGE][PASSED] - Text '' is set on object 'Object Repository/VLink/Page_CCSale/txt_UDF10'

2024-05-18 16:53:31 - [MESSAGE][PASSED] - Object: 'Object Repository/VLink/Page_CCSale/btn_ProcessVLinkTransaction' is clicked on

2024-05-18 16:53:36 - [MESSAGE][PASSED] - vlinkPages.saleCCPage.setDataSCC is PASSED

2024-05-18 16:53:36 - [TEST_STEP][PASSED] - if (verifyTextPresent("Transaction approved, no errors", true)): null

2024-05-18 16:53:36 - [MESSAGE][PASSED] - Text 'Transaction approved, no errors' is present on page  using regular expression

2024-05-18 16:53:36 - [TEST_STEP][PASSED] - println("Transaction Approved, no errors text is present on the Confirmation page"): null

2024-05-18 16:53:36 - [TEST_STEP][PASSED] - out.println("Pass Record Number: " + row): null

2024-05-18 16:53:36 - [TEST_STEP][PASSED] - resText = "Pass": null

2024-05-18 16:53:36 - [TEST_STEP][PASSED] - pages.WriteExcel.demoKey(resText, datText, resColumn, datCloumn, fileLoc, nameSheet, row): pages.WriteExcel.demoKey is PASSED

2024-05-18 16:53:36 - [MESSAGE][PASSED] - pages.WriteExcel.demoKey is PASSED

2024-05-18 16:53:36 - [TEST_STEP][PASSED] - sdfo = getText(findTestObject("Object Repository/Page_VLinkReceipt/pre_STX")): Text of object 'Object Repository/Page_VLinkReceipt/pre_STX' is: '<STX>p4WKDGgp8k7S                  12153310            0  Transaction approved, no errors                   0                                                                                  R OK9911   <ETX>'

2024-05-18 16:53:37 - [MESSAGE][PASSED] - Text of object 'Object Repository/Page_VLinkReceipt/pre_STX' is: '<STX>p4WKDGgp8k7S                  12153310            0  Transaction approved, no errors                   0                                                                                  R OK9911   <ETX>'

2024-05-18 16:53:37 - [TEST_STEP][PASSED] - out.println("sdfo: " + sdfo): null

2024-05-18 16:53:37 - [TEST_STEP][PASSED] - remID = substring(5, 35).trim(): null

2024-05-18 16:53:37 - [TEST_STEP][PASSED] - out.println("Remittance ID: " + remID): null

2024-05-18 16:53:37 - [TEST_STEP][PASSED] - traxID = substring(35, 55).trim(): null

2024-05-18 16:53:37 - [TEST_STEP][PASSED] - out.println("Transaction ID: " + traxID): null

2024-05-18 16:53:37 - [TEST_STEP][PASSED] - out.println("End Record Number: " + row): null

2024-05-18 16:53:37 - [TEST_STEP][PASSED] - closeBrowser(): Browser is closed

2024-05-18 16:53:38 - [MESSAGE][PASSED] - Browser is closed

2024-05-18 16:53:38 - [TEST_STEP][PASSED] - ExecuteTC = findTestData(dataFile).getValue("Execute", row): null

2024-05-18 16:53:38 - [TEST_STEP][PASSED] - out.println("Value of Execute is : " + ExecuteTC): null

2024-05-18 16:53:38 - [TEST_STEP][PASSED] - if (ExecuteTC.equalsIgnoreCase("Y")): Browser is closed

2024-05-18 16:53:38 - [TEST_STEP][PASSED] - out.println("Begin Record Number: " + row): null

2024-05-18 16:53:38 - [TEST_STEP][PASSED] - today = new java.util.Date(): null

2024-05-18 16:53:38 - [TEST_STEP][PASSED] - println(today): null

2024-05-18 16:53:38 - [TEST_STEP][PASSED] - datText = today: null

2024-05-18 16:53:38 - [TEST_STEP][PASSED] - openBrowser(VLinkURL + "authcap.html"): Browser is opened with url: 'https://dev-algorithm.govolution.com/vlinktest/QA2/version_2_0/authcap.html'

2024-05-18 16:53:38 - [MESSAGE][INFO] - Starting 'Chrome' driver

2024-05-18 16:53:38 - [MESSAGE][INFO] - User set preference: ['acceptInsecureCerts', 'true']

2024-05-18 16:53:38 - [MESSAGE][INFO] - Action delay is set to 0 milliseconds

2024-05-18 16:53:40 - [MESSAGE][PASSED] - Browser is opened with url: 'https://dev-algorithm.govolution.com/vlinktest/QA2/version_2_0/authcap.html'

2024-05-18 16:53:40 - [TEST_STEP][PASSED] - maximizeWindow(): Current window maximized

2024-05-18 16:53:40 - [MESSAGE][PASSED] - Current window maximized

2024-05-18 16:53:40 - [TEST_STEP][PASSED] - vlinkPages.saleCCPage.setDataSCC(row, dataFile): vlinkPages.saleCCPage.setDataSCC is PASSED

2024-05-18 16:53:43 - [MESSAGE][PASSED] - Object 'Object Repository/VLink/Page_CCSale/txt_CardNumber' is present

2024-05-18 16:53:44 - [MESSAGE][PASSED] - Text '104' is set on object 'Object Repository/VLink/Page_CCSale/txt_TransactionType'

2024-05-18 16:53:45 - [MESSAGE][PASSED] - Text '2.0C' is set on object 'Object Repository/VLink/Page_CCSale/txt_MessageVersion'

2024-05-18 16:53:45 - [MESSAGE][PASSED] - Text '1hKBTGTdZPN0' is set on object 'Object Repository/VLink/Page_CCSale/txt_RemID'

2024-05-18 16:53:46 - [MESSAGE][PASSED] - Text '677' is set on object 'Object Repository/VLink/Page_CCSale/txt_ApplicationId'

2024-05-18 16:53:47 - [MESSAGE][PASSED] - Text 'username' is set on object 'Object Repository/VLink/Page_CCSale/txt_Username'

2024-05-18 16:53:48 - [MESSAGE][PASSED] - Text 'password' is set on object 'Object Repository/VLink/Page_CCSale/txt_Password'

2024-05-18 16:53:48 - [MESSAGE][PASSED] - Text 'fixed_width' is set on object 'Object Repository/VLink/Page_CCSale/txt_ResponseFormat'

2024-05-18 16:53:49 - [MESSAGE][PASSED] - Text 'RETL' is set on object 'Object Repository/VLink/Page_CCSale/txt_Category'

2024-05-18 16:53:50 - [MESSAGE][PASSED] - Text '' is set on object 'Object Repository/VLink/Page_CCSale/txt_TransactionID'

2024-05-18 16:53:50 - [MESSAGE][PASSED] - Text '' is set on object 'Object Repository/VLink/Page_CCSale/txt_ApprovalCode'

2024-05-18 16:53:51 - [MESSAGE][PASSED] - Text '' is set on object 'Object Repository/VLink/Page_CCSale/txt_CardName'

2024-05-18 16:53:52 - [MESSAGE][PASSED] - Text '' is set on object 'Object Repository/VLink/Page_CCSale/txt_AL1'

2024-05-18 16:53:52 - [MESSAGE][PASSED] - Text '' is set on object 'Object Repository/VLink/Page_CCSale/txt_AL2'

2024-05-18 16:53:53 - [MESSAGE][PASSED] - Text '' is set on object 'Object Repository/VLink/Page_CCSale/txt_CardCity'

2024-05-18 16:53:54 - [MESSAGE][PASSED] - Text '' is set on object 'Object Repository/VLink/Page_CCSale/txt_CardState'

2024-05-18 16:53:55 - [MESSAGE][PASSED] - Text '' is set on object 'Object Repository/VLink/Page_CCSale/txt_CardZIP'

2024-05-18 16:53:55 - [MESSAGE][PASSED] - Text '' is set on object 'Object Repository/VLink/Page_CCSale/txt_CountryID'

2024-05-18 16:53:56 - [MESSAGE][PASSED] - Text '3.50' is set on object 'Object Repository/VLink/Page_CCSale/txt_Amount'

2024-05-18 16:53:57 - [MESSAGE][PASSED] - Text '' is set on object 'Object Repository/VLink/Page_CCSale/txt_CardNumber'

2024-05-18 16:53:57 - [MESSAGE][PASSED] - Text '' is set on object 'Object Repository/VLink/Page_CCSale/txt_ExpMonth'

2024-05-18 16:53:58 - [MESSAGE][PASSED] - Text '' is set on object 'Object Repository/VLink/Page_CCSale/txt_ExpYear'

2024-05-18 16:53:59 - [MESSAGE][PASSED] - Text '' is set on object 'Object Repository/VLink/Page_CCSale/txt_CVV'

2024-05-18 16:54:00 - [MESSAGE][PASSED] - Text '' is set on object 'Object Repository/VLink/Page_CCSale/txt_CVVstate'

2024-05-18 16:54:00 - [MESSAGE][PASSED] - Text '%B5567080011582687^AHMED/IMTIAZ              ^2603201090300000000000528000015?;5567080011582687=26032010903052800015?' is set on object 'Object Repository/VLink/Page_CCSale/txt_TrackData'

2024-05-18 16:54:01 - [MESSAGE][PASSED] - Text '' is set on object 'Object Repository/VLink/Page_CCSale/txt_Track1Data'

2024-05-18 16:54:02 - [MESSAGE][PASSED] - Text '' is set on object 'Object Repository/VLink/Page_CCSale/txt_Track2Data'

2024-05-18 16:54:02 - [MESSAGE][PASSED] - Text '' is set on object 'Object Repository/VLink/Page_CCSale/txt_POSEntryMode'

2024-05-18 16:54:03 - [MESSAGE][PASSED] - Text '' is set on object 'Object Repository/VLink/Page_CCSale/txt_Email'

2024-05-18 16:54:04 - [MESSAGE][PASSED] - Text '' is set on object 'Object Repository/VLink/Page_CCSale/txt_OrderNumber'

2024-05-18 16:54:04 - [MESSAGE][PASSED] - Text '' is set on object 'Object Repository/VLink/Page_CCSale/txt_TaxAmount'

2024-05-18 16:54:05 - [MESSAGE][PASSED] - Text '' is set on object 'Object Repository/VLink/Page_CCSale/txt_ChargeDescription'

2024-05-18 16:54:06 - [MESSAGE][PASSED] - Text '' is set on object 'Object Repository/VLink/Page_CCSale/txt_CAN'

2024-05-18 16:54:06 - [MESSAGE][PASSED] - Text '' is set on object 'Object Repository/VLink/Page_CCSale/txt_BillPaymentIndicator'

2024-05-18 16:54:07 - [MESSAGE][PASSED] - Text '' is set on object 'Object Repository/VLink/Page_CCSale/txt_UDF1'

2024-05-18 16:54:08 - [MESSAGE][PASSED] - Text '' is set on object 'Object Repository/VLink/Page_CCSale/txt_UDF2'

2024-05-18 16:54:09 - [MESSAGE][PASSED] - Text '' is set on object 'Object Repository/VLink/Page_CCSale/txt_UDF3'

2024-05-18 16:54:09 - [MESSAGE][PASSED] - Text '' is set on object 'Object Repository/VLink/Page_CCSale/txt_UDF4'

2024-05-18 16:54:10 - [MESSAGE][PASSED] - Text '' is set on object 'Object Repository/VLink/Page_CCSale/txt_UDF5'

2024-05-18 16:54:11 - [MESSAGE][PASSED] - Text '' is set on object 'Object Repository/VLink/Page_CCSale/txt_UDF6'

2024-05-18 16:54:11 - [MESSAGE][PASSED] - Text '' is set on object 'Object Repository/VLink/Page_CCSale/txt_UDF7'

2024-05-18 16:54:12 - [MESSAGE][PASSED] - Text '' is set on object 'Object Repository/VLink/Page_CCSale/txt_UDF8'

2024-05-18 16:54:13 - [MESSAGE][PASSED] - Text '' is set on object 'Object Repository/VLink/Page_CCSale/txt_UDF9'

2024-05-18 16:54:13 - [MESSAGE][PASSED] - Text '' is set on object 'Object Repository/VLink/Page_CCSale/txt_UDF10'

2024-05-18 16:54:15 - [MESSAGE][PASSED] - Object: 'Object Repository/VLink/Page_CCSale/btn_ProcessVLinkTransaction' is clicked on

2024-05-18 16:54:20 - [MESSAGE][PASSED] - vlinkPages.saleCCPage.setDataSCC is PASSED

2024-05-18 16:54:20 - [TEST_STEP][PASSED] - if (verifyTextPresent("Transaction approved, no errors", true)): null

2024-05-18 16:54:20 - [MESSAGE][PASSED] - Text 'Transaction approved, no errors' is present on page  using regular expression

2024-05-18 16:54:20 - [TEST_STEP][PASSED] - println("Transaction Approved, no errors text is present on the Confirmation page"): null

2024-05-18 16:54:20 - [TEST_STEP][PASSED] - out.println("Pass Record Number: " + row): null

2024-05-18 16:54:20 - [TEST_STEP][PASSED] - resText = "Pass": null

2024-05-18 16:54:20 - [TEST_STEP][PASSED] - pages.WriteExcel.demoKey(resText, datText, resColumn, datCloumn, fileLoc, nameSheet, row): pages.WriteExcel.demoKey is PASSED

2024-05-18 16:54:20 - [MESSAGE][PASSED] - pages.WriteExcel.demoKey is PASSED

2024-05-18 16:54:20 - [TEST_STEP][PASSED] - sdfo = getText(findTestObject("Object Repository/Page_VLinkReceipt/pre_STX")): Text of object 'Object Repository/Page_VLinkReceipt/pre_STX' is: '<STX>1hKBTGTdZPN0                  12153311            0  Transaction approved, no errors                   0                                                                                  R OK7577   <ETX>'

2024-05-18 16:54:21 - [MESSAGE][PASSED] - Text of object 'Object Repository/Page_VLinkReceipt/pre_STX' is: '<STX>1hKBTGTdZPN0                  12153311            0  Transaction approved, no errors                   0                                                                                  R OK7577   <ETX>'

2024-05-18 16:54:21 - [TEST_STEP][PASSED] - out.println("sdfo: " + sdfo): null

2024-05-18 16:54:21 - [TEST_STEP][PASSED] - remID = substring(5, 35).trim(): null

2024-05-18 16:54:21 - [TEST_STEP][PASSED] - out.println("Remittance ID: " + remID): null

2024-05-18 16:54:21 - [TEST_STEP][PASSED] - traxID = substring(35, 55).trim(): null

2024-05-18 16:54:21 - [TEST_STEP][PASSED] - out.println("Transaction ID: " + traxID): null

2024-05-18 16:54:21 - [TEST_STEP][PASSED] - out.println("End Record Number: " + row): null

2024-05-18 16:54:21 - [TEST_STEP][PASSED] - closeBrowser(): Browser is closed

2024-05-18 16:54:22 - [MESSAGE][PASSED] - Browser is closed

2024-05-18 16:54:22 - [TEST_STEP][PASSED] - ExecuteTC = findTestData(dataFile).getValue("Execute", row): null

2024-05-18 16:54:22 - [TEST_STEP][PASSED] - out.println("Value of Execute is : " + ExecuteTC): null

2024-05-18 16:54:22 - [TEST_STEP][PASSED] - if (ExecuteTC.equalsIgnoreCase("Y")): null

2024-05-18 16:54:22 - [TEST_STEP][PASSED] - ExecuteTC = findTestData(dataFile).getValue("Execute", row): null

2024-05-18 16:54:22 - [TEST_STEP][PASSED] - out.println("Value of Execute is : " + ExecuteTC): null

2024-05-18 16:54:22 - [TEST_STEP][PASSED] - if (ExecuteTC.equalsIgnoreCase("Y")): Browser is closed

2024-05-18 16:54:22 - [TEST_STEP][PASSED] - out.println("Begin Record Number: " + row): null

2024-05-18 16:54:22 - [TEST_STEP][PASSED] - today = new java.util.Date(): null

2024-05-18 16:54:22 - [TEST_STEP][PASSED] - println(today): null

2024-05-18 16:54:22 - [TEST_STEP][PASSED] - datText = today: null

2024-05-18 16:54:22 - [TEST_STEP][PASSED] - openBrowser(VLinkURL + "authcap.html"): Browser is opened with url: 'https://dev-algorithm.govolution.com/vlinktest/QA2/version_2_0/authcap.html'

2024-05-18 16:54:22 - [MESSAGE][INFO] - Starting 'Chrome' driver

2024-05-18 16:54:22 - [MESSAGE][INFO] - User set preference: ['acceptInsecureCerts', 'true']

2024-05-18 16:54:22 - [MESSAGE][INFO] - Action delay is set to 0 milliseconds

2024-05-18 16:54:24 - [MESSAGE][PASSED] - Browser is opened with url: 'https://dev-algorithm.govolution.com/vlinktest/QA2/version_2_0/authcap.html'

2024-05-18 16:54:24 - [TEST_STEP][PASSED] - maximizeWindow(): Current window maximized

2024-05-18 16:54:24 - [MESSAGE][PASSED] - Current window maximized

2024-05-18 16:54:24 - [TEST_STEP][PASSED] - vlinkPages.saleCCPage.setDataSCC(row, dataFile): vlinkPages.saleCCPage.setDataSCC is PASSED

2024-05-18 16:54:27 - [MESSAGE][PASSED] - Object 'Object Repository/VLink/Page_CCSale/txt_CardNumber' is present

2024-05-18 16:54:28 - [MESSAGE][PASSED] - Text '104' is set on object 'Object Repository/VLink/Page_CCSale/txt_TransactionType'

2024-05-18 16:54:29 - [MESSAGE][PASSED] - Text '2.0C' is set on object 'Object Repository/VLink/Page_CCSale/txt_MessageVersion'

2024-05-18 16:54:29 - [MESSAGE][PASSED] - Text 'FvwFeXYRHhHc' is set on object 'Object Repository/VLink/Page_CCSale/txt_RemID'

2024-05-18 16:54:30 - [MESSAGE][PASSED] - Text '677' is set on object 'Object Repository/VLink/Page_CCSale/txt_ApplicationId'

2024-05-18 16:54:31 - [MESSAGE][PASSED] - Text 'username' is set on object 'Object Repository/VLink/Page_CCSale/txt_Username'

2024-05-18 16:54:31 - [MESSAGE][PASSED] - Text 'password' is set on object 'Object Repository/VLink/Page_CCSale/txt_Password'

2024-05-18 16:54:32 - [MESSAGE][PASSED] - Text 'fixed_width' is set on object 'Object Repository/VLink/Page_CCSale/txt_ResponseFormat'

2024-05-18 16:54:33 - [MESSAGE][PASSED] - Text 'RETL' is set on object 'Object Repository/VLink/Page_CCSale/txt_Category'

2024-05-18 16:54:33 - [MESSAGE][PASSED] - Text '' is set on object 'Object Repository/VLink/Page_CCSale/txt_TransactionID'

2024-05-18 16:54:34 - [MESSAGE][PASSED] - Text '' is set on object 'Object Repository/VLink/Page_CCSale/txt_ApprovalCode'

2024-05-18 16:54:35 - [MESSAGE][PASSED] - Text 'Angelo Matt' is set on object 'Object Repository/VLink/Page_CCSale/txt_CardName'

2024-05-18 16:54:35 - [MESSAGE][PASSED] - Text '' is set on object 'Object Repository/VLink/Page_CCSale/txt_AL1'

2024-05-18 16:54:36 - [MESSAGE][PASSED] - Text '' is set on object 'Object Repository/VLink/Page_CCSale/txt_AL2'

2024-05-18 16:54:37 - [MESSAGE][PASSED] - Text '' is set on object 'Object Repository/VLink/Page_CCSale/txt_CardCity'

2024-05-18 16:54:38 - [MESSAGE][PASSED] - Text '' is set on object 'Object Repository/VLink/Page_CCSale/txt_CardState'

2024-05-18 16:54:38 - [MESSAGE][PASSED] - Text '' is set on object 'Object Repository/VLink/Page_CCSale/txt_CardZIP'

2024-05-18 16:54:39 - [MESSAGE][PASSED] - Text '' is set on object 'Object Repository/VLink/Page_CCSale/txt_CountryID'

2024-05-18 16:54:40 - [MESSAGE][PASSED] - Text '3.50' is set on object 'Object Repository/VLink/Page_CCSale/txt_Amount'

2024-05-18 16:54:40 - [MESSAGE][PASSED] - Text '' is set on object 'Object Repository/VLink/Page_CCSale/txt_CardNumber'

2024-05-18 16:54:41 - [MESSAGE][PASSED] - Text '' is set on object 'Object Repository/VLink/Page_CCSale/txt_ExpMonth'

2024-05-18 16:54:42 - [MESSAGE][PASSED] - Text '' is set on object 'Object Repository/VLink/Page_CCSale/txt_ExpYear'

2024-05-18 16:54:42 - [MESSAGE][PASSED] - Text '' is set on object 'Object Repository/VLink/Page_CCSale/txt_CVV'

2024-05-18 16:54:43 - [MESSAGE][PASSED] - Text '' is set on object 'Object Repository/VLink/Page_CCSale/txt_CVVstate'

2024-05-18 16:54:44 - [MESSAGE][PASSED] - Text '' is set on object 'Object Repository/VLink/Page_CCSale/txt_TrackData'

2024-05-18 16:54:44 - [MESSAGE][PASSED] - Text '' is set on object 'Object Repository/VLink/Page_CCSale/txt_Track1Data'

2024-05-18 16:54:45 - [MESSAGE][PASSED] - Text ';5567080011582687=26032010903052800015?' is set on object 'Object Repository/VLink/Page_CCSale/txt_Track2Data'

2024-05-18 16:54:46 - [MESSAGE][PASSED] - Text '' is set on object 'Object Repository/VLink/Page_CCSale/txt_POSEntryMode'

2024-05-18 16:54:47 - [MESSAGE][PASSED] - Text '' is set on object 'Object Repository/VLink/Page_CCSale/txt_Email'

2024-05-18 16:54:47 - [MESSAGE][PASSED] - Text '' is set on object 'Object Repository/VLink/Page_CCSale/txt_OrderNumber'

2024-05-18 16:54:48 - [MESSAGE][PASSED] - Text '' is set on object 'Object Repository/VLink/Page_CCSale/txt_TaxAmount'

2024-05-18 16:54:49 - [MESSAGE][PASSED] - Text '' is set on object 'Object Repository/VLink/Page_CCSale/txt_ChargeDescription'

2024-05-18 16:54:49 - [MESSAGE][PASSED] - Text '' is set on object 'Object Repository/VLink/Page_CCSale/txt_CAN'

2024-05-18 16:54:50 - [MESSAGE][PASSED] - Text '' is set on object 'Object Repository/VLink/Page_CCSale/txt_BillPaymentIndicator'

2024-05-18 16:54:51 - [MESSAGE][PASSED] - Text '' is set on object 'Object Repository/VLink/Page_CCSale/txt_UDF1'

2024-05-18 16:54:51 - [MESSAGE][PASSED] - Text '' is set on object 'Object Repository/VLink/Page_CCSale/txt_UDF2'

2024-05-18 16:54:52 - [MESSAGE][PASSED] - Text '' is set on object 'Object Repository/VLink/Page_CCSale/txt_UDF3'

2024-05-18 16:54:53 - [MESSAGE][PASSED] - Text '' is set on object 'Object Repository/VLink/Page_CCSale/txt_UDF4'

2024-05-18 16:54:53 - [MESSAGE][PASSED] - Text '' is set on object 'Object Repository/VLink/Page_CCSale/txt_UDF5'

2024-05-18 16:54:54 - [MESSAGE][PASSED] - Text '' is set on object 'Object Repository/VLink/Page_CCSale/txt_UDF6'

2024-05-18 16:54:55 - [MESSAGE][PASSED] - Text '' is set on object 'Object Repository/VLink/Page_CCSale/txt_UDF7'

2024-05-18 16:54:55 - [MESSAGE][PASSED] - Text '' is set on object 'Object Repository/VLink/Page_CCSale/txt_UDF8'

2024-05-18 16:54:56 - [MESSAGE][PASSED] - Text '' is set on object 'Object Repository/VLink/Page_CCSale/txt_UDF9'

2024-05-18 16:54:57 - [MESSAGE][PASSED] - Text '' is set on object 'Object Repository/VLink/Page_CCSale/txt_UDF10'

2024-05-18 16:55:00 - [MESSAGE][PASSED] - Object: 'Object Repository/VLink/Page_CCSale/btn_ProcessVLinkTransaction' is clicked on

2024-05-18 16:55:05 - [MESSAGE][PASSED] - vlinkPages.saleCCPage.setDataSCC is PASSED

2024-05-18 16:55:05 - [TEST_STEP][PASSED] - if (verifyTextPresent("Transaction approved, no errors", true)): null

2024-05-18 16:55:05 - [MESSAGE][PASSED] - Text 'Transaction approved, no errors' is present on page  using regular expression

2024-05-18 16:55:05 - [TEST_STEP][PASSED] - println("Transaction Approved, no errors text is present on the Confirmation page"): null

2024-05-18 16:55:05 - [TEST_STEP][PASSED] - out.println("Pass Record Number: " + row): null

2024-05-18 16:55:05 - [TEST_STEP][PASSED] - resText = "Pass": null

2024-05-18 16:55:05 - [TEST_STEP][PASSED] - pages.WriteExcel.demoKey(resText, datText, resColumn, datCloumn, fileLoc, nameSheet, row): pages.WriteExcel.demoKey is PASSED

2024-05-18 16:55:05 - [MESSAGE][PASSED] - pages.WriteExcel.demoKey is PASSED

2024-05-18 16:55:05 - [TEST_STEP][PASSED] - sdfo = getText(findTestObject("Object Repository/Page_VLinkReceipt/pre_STX")): Text of object 'Object Repository/Page_VLinkReceipt/pre_STX' is: '<STX>FvwFeXYRHhHc                  12153313            0  Transaction approved, no errors                   0                                                                                  R OK9941   <ETX>'

2024-05-18 16:55:05 - [MESSAGE][PASSED] - Text of object 'Object Repository/Page_VLinkReceipt/pre_STX' is: '<STX>FvwFeXYRHhHc                  12153313            0  Transaction approved, no errors                   0                                                                                  R OK9941   <ETX>'

2024-05-18 16:55:05 - [TEST_STEP][PASSED] - out.println("sdfo: " + sdfo): null

2024-05-18 16:55:05 - [TEST_STEP][PASSED] - remID = substring(5, 35).trim(): null

2024-05-18 16:55:05 - [TEST_STEP][PASSED] - out.println("Remittance ID: " + remID): null

2024-05-18 16:55:05 - [TEST_STEP][PASSED] - traxID = substring(35, 55).trim(): null

2024-05-18 16:55:05 - [TEST_STEP][PASSED] - out.println("Transaction ID: " + traxID): null

2024-05-18 16:55:05 - [TEST_STEP][PASSED] - out.println("End Record Number: " + row): null

2024-05-18 16:55:05 - [TEST_STEP][PASSED] - closeBrowser(): Browser is closed

2024-05-18 16:55:07 - [MESSAGE][PASSED] - Browser is closed

2024-05-18 16:55:07 - [TEST_STEP][PASSED] - ExecuteTC = findTestData(dataFile).getValue("Execute", row): null

2024-05-18 16:55:07 - [TEST_STEP][PASSED] - out.println("Value of Execute is : " + ExecuteTC): null

2024-05-18 16:55:07 - [TEST_STEP][PASSED] - if (ExecuteTC.equalsIgnoreCase("Y")): Browser is closed

2024-05-18 16:55:07 - [TEST_STEP][PASSED] - out.println("Begin Record Number: " + row): null

2024-05-18 16:55:07 - [TEST_STEP][PASSED] - today = new java.util.Date(): null

2024-05-18 16:55:07 - [TEST_STEP][PASSED] - println(today): null

2024-05-18 16:55:07 - [TEST_STEP][PASSED] - datText = today: null

2024-05-18 16:55:07 - [TEST_STEP][PASSED] - openBrowser(VLinkURL + "authcap.html"): Browser is opened with url: 'https://dev-algorithm.govolution.com/vlinktest/QA2/version_2_0/authcap.html'

2024-05-18 16:55:07 - [MESSAGE][INFO] - Starting 'Chrome' driver

2024-05-18 16:55:07 - [MESSAGE][INFO] - User set preference: ['acceptInsecureCerts', 'true']

2024-05-18 16:55:07 - [MESSAGE][INFO] - Action delay is set to 0 milliseconds

2024-05-18 16:55:09 - [MESSAGE][PASSED] - Browser is opened with url: 'https://dev-algorithm.govolution.com/vlinktest/QA2/version_2_0/authcap.html'

2024-05-18 16:55:09 - [TEST_STEP][PASSED] - maximizeWindow(): Current window maximized

2024-05-18 16:55:09 - [MESSAGE][PASSED] - Current window maximized

2024-05-18 16:55:09 - [TEST_STEP][PASSED] - vlinkPages.saleCCPage.setDataSCC(row, dataFile): vlinkPages.saleCCPage.setDataSCC is PASSED

2024-05-18 16:55:12 - [MESSAGE][PASSED] - Object 'Object Repository/VLink/Page_CCSale/txt_CardNumber' is present

2024-05-18 16:55:13 - [MESSAGE][PASSED] - Text '104' is set on object 'Object Repository/VLink/Page_CCSale/txt_TransactionType'

2024-05-18 16:55:14 - [MESSAGE][PASSED] - Text '2.0C' is set on object 'Object Repository/VLink/Page_CCSale/txt_MessageVersion'

2024-05-18 16:55:14 - [MESSAGE][PASSED] - Text 'Lo2XWzAiR9JG' is set on object 'Object Repository/VLink/Page_CCSale/txt_RemID'

2024-05-18 16:55:15 - [MESSAGE][PASSED] - Text '677' is set on object 'Object Repository/VLink/Page_CCSale/txt_ApplicationId'

2024-05-18 16:55:16 - [MESSAGE][PASSED] - Text 'username' is set on object 'Object Repository/VLink/Page_CCSale/txt_Username'

2024-05-18 16:55:16 - [MESSAGE][PASSED] - Text 'password' is set on object 'Object Repository/VLink/Page_CCSale/txt_Password'

2024-05-18 16:55:17 - [MESSAGE][PASSED] - Text 'fixed_width' is set on object 'Object Repository/VLink/Page_CCSale/txt_ResponseFormat'

2024-05-18 16:55:18 - [MESSAGE][PASSED] - Text 'RETL' is set on object 'Object Repository/VLink/Page_CCSale/txt_Category'

2024-05-18 16:55:18 - [MESSAGE][PASSED] - Text '' is set on object 'Object Repository/VLink/Page_CCSale/txt_TransactionID'

2024-05-18 16:55:19 - [MESSAGE][PASSED] - Text '' is set on object 'Object Repository/VLink/Page_CCSale/txt_ApprovalCode'

2024-05-18 16:55:20 - [MESSAGE][PASSED] - Text '' is set on object 'Object Repository/VLink/Page_CCSale/txt_CardName'

2024-05-18 16:55:21 - [MESSAGE][PASSED] - Text '' is set on object 'Object Repository/VLink/Page_CCSale/txt_AL1'

2024-05-18 16:55:21 - [MESSAGE][PASSED] - Text '' is set on object 'Object Repository/VLink/Page_CCSale/txt_AL2'

2024-05-18 16:55:22 - [MESSAGE][PASSED] - Text '' is set on object 'Object Repository/VLink/Page_CCSale/txt_CardCity'

2024-05-18 16:55:23 - [MESSAGE][PASSED] - Text '' is set on object 'Object Repository/VLink/Page_CCSale/txt_CardState'

2024-05-18 16:55:23 - [MESSAGE][PASSED] - Text '' is set on object 'Object Repository/VLink/Page_CCSale/txt_CardZIP'

2024-05-18 16:55:24 - [MESSAGE][PASSED] - Text '' is set on object 'Object Repository/VLink/Page_CCSale/txt_CountryID'

2024-05-18 16:55:25 - [MESSAGE][PASSED] - Text '3.50' is set on object 'Object Repository/VLink/Page_CCSale/txt_Amount'

2024-05-18 16:55:25 - [MESSAGE][PASSED] - Text '' is set on object 'Object Repository/VLink/Page_CCSale/txt_CardNumber'

2024-05-18 16:55:26 - [MESSAGE][PASSED] - Text '' is set on object 'Object Repository/VLink/Page_CCSale/txt_ExpMonth'

2024-05-18 16:55:27 - [MESSAGE][PASSED] - Text '' is set on object 'Object Repository/VLink/Page_CCSale/txt_ExpYear'

2024-05-18 16:55:28 - [MESSAGE][PASSED] - Text '' is set on object 'Object Repository/VLink/Page_CCSale/txt_CVV'

2024-05-18 16:55:28 - [MESSAGE][PASSED] - Text '' is set on object 'Object Repository/VLink/Page_CCSale/txt_CVVstate'

2024-05-18 16:55:29 - [MESSAGE][PASSED] - Text '' is set on object 'Object Repository/VLink/Page_CCSale/txt_TrackData'

2024-05-18 16:55:30 - [MESSAGE][PASSED] - Text '%B5567080011582687^AHMED/IMTIAZ              ^2603201090300000000000528000015?' is set on object 'Object Repository/VLink/Page_CCSale/txt_Track1Data'

2024-05-18 16:55:31 - [MESSAGE][PASSED] - Text ';5567080011582687=26032010903052800015?' is set on object 'Object Repository/VLink/Page_CCSale/txt_Track2Data'

2024-05-18 16:55:31 - [MESSAGE][PASSED] - Text '' is set on object 'Object Repository/VLink/Page_CCSale/txt_POSEntryMode'

2024-05-18 16:55:32 - [MESSAGE][PASSED] - Text '' is set on object 'Object Repository/VLink/Page_CCSale/txt_Email'

2024-05-18 16:55:33 - [MESSAGE][PASSED] - Text '' is set on object 'Object Repository/VLink/Page_CCSale/txt_OrderNumber'

2024-05-18 16:55:33 - [MESSAGE][PASSED] - Text '' is set on object 'Object Repository/VLink/Page_CCSale/txt_TaxAmount'

2024-05-18 16:55:34 - [MESSAGE][PASSED] - Text '' is set on object 'Object Repository/VLink/Page_CCSale/txt_ChargeDescription'

2024-05-18 16:55:35 - [MESSAGE][PASSED] - Text '' is set on object 'Object Repository/VLink/Page_CCSale/txt_CAN'

2024-05-18 16:55:35 - [MESSAGE][PASSED] - Text '' is set on object 'Object Repository/VLink/Page_CCSale/txt_BillPaymentIndicator'

2024-05-18 16:55:36 - [MESSAGE][PASSED] - Text '' is set on object 'Object Repository/VLink/Page_CCSale/txt_UDF1'

2024-05-18 16:55:37 - [MESSAGE][PASSED] - Text '' is set on object 'Object Repository/VLink/Page_CCSale/txt_UDF2'

2024-05-18 16:55:37 - [MESSAGE][PASSED] - Text '' is set on object 'Object Repository/VLink/Page_CCSale/txt_UDF3'

2024-05-18 16:55:38 - [MESSAGE][PASSED] - Text '' is set on object 'Object Repository/VLink/Page_CCSale/txt_UDF4'

2024-05-18 16:55:39 - [MESSAGE][PASSED] - Text '' is set on object 'Object Repository/VLink/Page_CCSale/txt_UDF5'

2024-05-18 16:55:40 - [MESSAGE][PASSED] - Text '' is set on object 'Object Repository/VLink/Page_CCSale/txt_UDF6'

2024-05-18 16:55:40 - [MESSAGE][PASSED] - Text '' is set on object 'Object Repository/VLink/Page_CCSale/txt_UDF7'

2024-05-18 16:55:41 - [MESSAGE][PASSED] - Text '' is set on object 'Object Repository/VLink/Page_CCSale/txt_UDF8'

2024-05-18 16:55:42 - [MESSAGE][PASSED] - Text '' is set on object 'Object Repository/VLink/Page_CCSale/txt_UDF9'

2024-05-18 16:55:42 - [MESSAGE][PASSED] - Text '' is set on object 'Object Repository/VLink/Page_CCSale/txt_UDF10'

2024-05-18 16:55:44 - [MESSAGE][PASSED] - Object: 'Object Repository/VLink/Page_CCSale/btn_ProcessVLinkTransaction' is clicked on

2024-05-18 16:55:49 - [MESSAGE][PASSED] - vlinkPages.saleCCPage.setDataSCC is PASSED

2024-05-18 16:55:49 - [TEST_STEP][PASSED] - if (verifyTextPresent("Transaction approved, no errors", true)): null

2024-05-18 16:55:49 - [MESSAGE][PASSED] - Text 'Transaction approved, no errors' is present on page  using regular expression

2024-05-18 16:55:49 - [TEST_STEP][PASSED] - println("Transaction Approved, no errors text is present on the Confirmation page"): null

2024-05-18 16:55:49 - [TEST_STEP][PASSED] - out.println("Pass Record Number: " + row): null

2024-05-18 16:55:49 - [TEST_STEP][PASSED] - resText = "Pass": null

2024-05-18 16:55:49 - [TEST_STEP][PASSED] - pages.WriteExcel.demoKey(resText, datText, resColumn, datCloumn, fileLoc, nameSheet, row): pages.WriteExcel.demoKey is PASSED

2024-05-18 16:55:49 - [MESSAGE][PASSED] - pages.WriteExcel.demoKey is PASSED

2024-05-18 16:55:49 - [TEST_STEP][PASSED] - sdfo = getText(findTestObject("Object Repository/Page_VLinkReceipt/pre_STX")): Text of object 'Object Repository/Page_VLinkReceipt/pre_STX' is: '<STX>Lo2XWzAiR9JG                  12153315            0  Transaction approved, no errors                   0                                                                                  R OK7587   <ETX>'

2024-05-18 16:55:50 - [MESSAGE][PASSED] - Text of object 'Object Repository/Page_VLinkReceipt/pre_STX' is: '<STX>Lo2XWzAiR9JG                  12153315            0  Transaction approved, no errors                   0                                                                                  R OK7587   <ETX>'

2024-05-18 16:55:50 - [TEST_STEP][PASSED] - out.println("sdfo: " + sdfo): null

2024-05-18 16:55:50 - [TEST_STEP][PASSED] - remID = substring(5, 35).trim(): null

2024-05-18 16:55:50 - [TEST_STEP][PASSED] - out.println("Remittance ID: " + remID): null

2024-05-18 16:55:50 - [TEST_STEP][PASSED] - traxID = substring(35, 55).trim(): null

2024-05-18 16:55:50 - [TEST_STEP][PASSED] - out.println("Transaction ID: " + traxID): null

2024-05-18 16:55:50 - [TEST_STEP][PASSED] - out.println("End Record Number: " + row): null

2024-05-18 16:55:50 - [TEST_STEP][PASSED] - closeBrowser(): Browser is closed

2024-05-18 16:55:51 - [MESSAGE][PASSED] - Browser is closed

2024-05-18 16:55:51 - [TEST_STEP][PASSED] - ExecuteTC = findTestData(dataFile).getValue("Execute", row): null

2024-05-18 16:55:51 - [TEST_STEP][PASSED] - out.println("Value of Execute is : " + ExecuteTC): null

2024-05-18 16:55:51 - [TEST_STEP][PASSED] - if (ExecuteTC.equalsIgnoreCase("Y")): Browser is closed

2024-05-18 16:55:51 - [TEST_STEP][PASSED] - out.println("Begin Record Number: " + row): null

2024-05-18 16:55:51 - [TEST_STEP][PASSED] - today = new java.util.Date(): null

2024-05-18 16:55:51 - [TEST_STEP][PASSED] - println(today): null

2024-05-18 16:55:51 - [TEST_STEP][PASSED] - datText = today: null

2024-05-18 16:55:51 - [TEST_STEP][PASSED] - openBrowser(VLinkURL + "authcap.html"): Browser is opened with url: 'https://dev-algorithm.govolution.com/vlinktest/QA2/version_2_0/authcap.html'

2024-05-18 16:55:51 - [MESSAGE][INFO] - Starting 'Chrome' driver

2024-05-18 16:55:51 - [MESSAGE][INFO] - User set preference: ['acceptInsecureCerts', 'true']

2024-05-18 16:55:51 - [MESSAGE][INFO] - Action delay is set to 0 milliseconds

2024-05-18 16:55:53 - [MESSAGE][PASSED] - Browser is opened with url: 'https://dev-algorithm.govolution.com/vlinktest/QA2/version_2_0/authcap.html'

2024-05-18 16:55:53 - [TEST_STEP][PASSED] - maximizeWindow(): Current window maximized

2024-05-18 16:55:53 - [MESSAGE][PASSED] - Current window maximized

2024-05-18 16:55:53 - [TEST_STEP][PASSED] - vlinkPages.saleCCPage.setDataSCC(row, dataFile): vlinkPages.saleCCPage.setDataSCC is PASSED

2024-05-18 16:55:56 - [MESSAGE][PASSED] - Object 'Object Repository/VLink/Page_CCSale/txt_CardNumber' is present

2024-05-18 16:55:57 - [MESSAGE][PASSED] - Text '104' is set on object 'Object Repository/VLink/Page_CCSale/txt_TransactionType'

2024-05-18 16:55:58 - [MESSAGE][PASSED] - Text '2.0C' is set on object 'Object Repository/VLink/Page_CCSale/txt_MessageVersion'

2024-05-18 16:55:58 - [MESSAGE][PASSED] - Text 'HPGObkNRjhbY' is set on object 'Object Repository/VLink/Page_CCSale/txt_RemID'

2024-05-18 16:55:59 - [MESSAGE][PASSED] - Text '87' is set on object 'Object Repository/VLink/Page_CCSale/txt_ApplicationId'

2024-05-18 16:56:00 - [MESSAGE][PASSED] - Text 'username' is set on object 'Object Repository/VLink/Page_CCSale/txt_Username'

2024-05-18 16:56:00 - [MESSAGE][PASSED] - Text 'password' is set on object 'Object Repository/VLink/Page_CCSale/txt_Password'

2024-05-18 16:56:01 - [MESSAGE][PASSED] - Text 'fixed_width' is set on object 'Object Repository/VLink/Page_CCSale/txt_ResponseFormat'

2024-05-18 16:56:02 - [MESSAGE][PASSED] - Text 'ECOM' is set on object 'Object Repository/VLink/Page_CCSale/txt_Category'

2024-05-18 16:56:02 - [MESSAGE][PASSED] - Text '' is set on object 'Object Repository/VLink/Page_CCSale/txt_TransactionID'

2024-05-18 16:56:03 - [MESSAGE][PASSED] - Text '' is set on object 'Object Repository/VLink/Page_CCSale/txt_ApprovalCode'

2024-05-18 16:56:04 - [MESSAGE][PASSED] - Text 'Kris Roshan' is set on object 'Object Repository/VLink/Page_CCSale/txt_CardName'

2024-05-18 16:56:05 - [MESSAGE][PASSED] - Text '258 Elm Road' is set on object 'Object Repository/VLink/Page_CCSale/txt_AL1'

2024-05-18 16:56:05 - [MESSAGE][PASSED] - Text 'Suite 56' is set on object 'Object Repository/VLink/Page_CCSale/txt_AL2'

2024-05-18 16:56:06 - [MESSAGE][PASSED] - Text 'Arlington' is set on object 'Object Repository/VLink/Page_CCSale/txt_CardCity'

2024-05-18 16:56:07 - [MESSAGE][PASSED] - Text 'VA' is set on object 'Object Repository/VLink/Page_CCSale/txt_CardState'

2024-05-18 16:56:07 - [MESSAGE][PASSED] - Text '22201' is set on object 'Object Repository/VLink/Page_CCSale/txt_CardZIP'

2024-05-18 16:56:08 - [MESSAGE][PASSED] - Text '840' is set on object 'Object Repository/VLink/Page_CCSale/txt_CountryID'

2024-05-18 16:56:09 - [MESSAGE][PASSED] - Text '1.50' is set on object 'Object Repository/VLink/Page_CCSale/txt_Amount'

2024-05-18 16:56:10 - [MESSAGE][PASSED] - Text '4012000098765439' is set on object 'Object Repository/VLink/Page_CCSale/txt_CardNumber'

2024-05-18 16:56:10 - [MESSAGE][PASSED] - Text '12' is set on object 'Object Repository/VLink/Page_CCSale/txt_ExpMonth'

2024-05-18 16:56:11 - [MESSAGE][PASSED] - Text '2025' is set on object 'Object Repository/VLink/Page_CCSale/txt_ExpYear'

2024-05-18 16:56:12 - [MESSAGE][PASSED] - Text '' is set on object 'Object Repository/VLink/Page_CCSale/txt_CVV'

2024-05-18 16:56:12 - [MESSAGE][PASSED] - Text '' is set on object 'Object Repository/VLink/Page_CCSale/txt_CVVstate'

2024-05-18 16:56:13 - [MESSAGE][PASSED] - Text '' is set on object 'Object Repository/VLink/Page_CCSale/txt_TrackData'

2024-05-18 16:56:14 - [MESSAGE][PASSED] - Text '' is set on object 'Object Repository/VLink/Page_CCSale/txt_Track1Data'

2024-05-18 16:56:14 - [MESSAGE][PASSED] - Text '' is set on object 'Object Repository/VLink/Page_CCSale/txt_Track2Data'

2024-05-18 16:56:15 - [MESSAGE][PASSED] - Text 'manual' is set on object 'Object Repository/VLink/Page_CCSale/txt_POSEntryMode'

2024-05-18 16:56:16 - [MESSAGE][PASSED] - Text 'iahmed@govolution.com' is set on object 'Object Repository/VLink/Page_CCSale/txt_Email'

2024-05-18 16:56:16 - [MESSAGE][PASSED] - Text '2569362' is set on object 'Object Repository/VLink/Page_CCSale/txt_OrderNumber'

2024-05-18 16:56:17 - [MESSAGE][PASSED] - Text '1.15' is set on object 'Object Repository/VLink/Page_CCSale/txt_TaxAmount'

2024-05-18 16:56:17 - [MESSAGE][PASSED] - Text 'Charge Description' is set on object 'Object Repository/VLink/Page_CCSale/txt_ChargeDescription'

2024-05-18 16:56:18 - [MESSAGE][PASSED] - Text '147357' is set on object 'Object Repository/VLink/Page_CCSale/txt_CAN'

2024-05-18 16:56:19 - [MESSAGE][PASSED] - Text '1' is set on object 'Object Repository/VLink/Page_CCSale/txt_BillPaymentIndicator'

2024-05-18 16:56:19 - [MESSAGE][PASSED] - Text 'UDF Data 1' is set on object 'Object Repository/VLink/Page_CCSale/txt_UDF1'

2024-05-18 16:56:20 - [MESSAGE][PASSED] - Text 'UDF Data 2' is set on object 'Object Repository/VLink/Page_CCSale/txt_UDF2'

2024-05-18 16:56:21 - [MESSAGE][PASSED] - Text 'UDF Data 3' is set on object 'Object Repository/VLink/Page_CCSale/txt_UDF3'

2024-05-18 16:56:22 - [MESSAGE][PASSED] - Text 'UDF Data 4' is set on object 'Object Repository/VLink/Page_CCSale/txt_UDF4'

2024-05-18 16:56:22 - [MESSAGE][PASSED] - Text 'UDF Data 5' is set on object 'Object Repository/VLink/Page_CCSale/txt_UDF5'

2024-05-18 16:56:23 - [MESSAGE][PASSED] - Text 'UDF Data 6' is set on object 'Object Repository/VLink/Page_CCSale/txt_UDF6'

2024-05-18 16:56:24 - [MESSAGE][PASSED] - Text 'UDF Data 7' is set on object 'Object Repository/VLink/Page_CCSale/txt_UDF7'

2024-05-18 16:56:24 - [MESSAGE][PASSED] - Text 'UDF Data 8' is set on object 'Object Repository/VLink/Page_CCSale/txt_UDF8'

2024-05-18 16:56:25 - [MESSAGE][PASSED] - Text 'UDF Data 9' is set on object 'Object Repository/VLink/Page_CCSale/txt_UDF9'

2024-05-18 16:56:26 - [MESSAGE][PASSED] - Text 'UDF Data 10' is set on object 'Object Repository/VLink/Page_CCSale/txt_UDF10'

2024-05-18 16:56:44 - [MESSAGE][PASSED] - Object: 'Object Repository/VLink/Page_CCSale/btn_ProcessVLinkTransaction' is clicked on

2024-05-18 16:56:49 - [MESSAGE][PASSED] - vlinkPages.saleCCPage.setDataSCC is PASSED

2024-05-18 16:56:49 - [TEST_STEP][PASSED] - if (verifyTextPresent("Transaction approved, no errors", true)): null

2024-05-18 16:56:50 - [MESSAGE][PASSED] - Text 'Transaction approved, no errors' is present on page  using regular expression

2024-05-18 16:56:50 - [TEST_STEP][PASSED] - println("Transaction Approved, no errors text is present on the Confirmation page"): null

2024-05-18 16:56:50 - [TEST_STEP][PASSED] - out.println("Pass Record Number: " + row): null

2024-05-18 16:56:50 - [TEST_STEP][PASSED] - resText = "Pass": null

2024-05-18 16:56:50 - [TEST_STEP][PASSED] - pages.WriteExcel.demoKey(resText, datText, resColumn, datCloumn, fileLoc, nameSheet, row): pages.WriteExcel.demoKey is PASSED

2024-05-18 16:56:50 - [MESSAGE][PASSED] - pages.WriteExcel.demoKey is PASSED

2024-05-18 16:56:50 - [TEST_STEP][PASSED] - sdfo = getText(findTestObject("Object Repository/Page_VLinkReceipt/pre_STX")): Text of object 'Object Repository/Page_VLinkReceipt/pre_STX' is: '<STX>HPGObkNRjhbY                  12153317            0  Transaction approved, no errors                   0                                                                                  N TAS797   <ETX>'

2024-05-18 16:56:50 - [MESSAGE][PASSED] - Text of object 'Object Repository/Page_VLinkReceipt/pre_STX' is: '<STX>HPGObkNRjhbY                  12153317            0  Transaction approved, no errors                   0                                                                                  N TAS797   <ETX>'

2024-05-18 16:56:50 - [TEST_STEP][PASSED] - out.println("sdfo: " + sdfo): null

2024-05-18 16:56:50 - [TEST_STEP][PASSED] - remID = substring(5, 35).trim(): null

2024-05-18 16:56:50 - [TEST_STEP][PASSED] - out.println("Remittance ID: " + remID): null

2024-05-18 16:56:50 - [TEST_STEP][PASSED] - traxID = substring(35, 55).trim(): null

2024-05-18 16:56:50 - [TEST_STEP][PASSED] - out.println("Transaction ID: " + traxID): null

2024-05-18 16:56:50 - [TEST_STEP][PASSED] - out.println("End Record Number: " + row): null

2024-05-18 16:56:50 - [TEST_STEP][PASSED] - closeBrowser(): Browser is closed

2024-05-18 16:56:51 - [MESSAGE][PASSED] - Browser is closed

2024-05-18 16:56:51 - [TEST_STEP][PASSED] - ExecuteTC = findTestData(dataFile).getValue("Execute", row): null

2024-05-18 16:56:51 - [TEST_STEP][PASSED] - out.println("Value of Execute is : " + ExecuteTC): null

2024-05-18 16:56:51 - [TEST_STEP][PASSED] - if (ExecuteTC.equalsIgnoreCase("Y")): Browser is closed

2024-05-18 16:56:51 - [TEST_STEP][PASSED] - out.println("Begin Record Number: " + row): null

2024-05-18 16:56:51 - [TEST_STEP][PASSED] - today = new java.util.Date(): null

2024-05-18 16:56:51 - [TEST_STEP][PASSED] - println(today): null

2024-05-18 16:56:51 - [TEST_STEP][PASSED] - datText = today: null

2024-05-18 16:56:51 - [TEST_STEP][PASSED] - openBrowser(VLinkURL + "authcap.html"): Browser is opened with url: 'https://dev-algorithm.govolution.com/vlinktest/QA2/version_2_0/authcap.html'

2024-05-18 16:56:52 - [MESSAGE][INFO] - Starting 'Chrome' driver

2024-05-18 16:56:52 - [MESSAGE][INFO] - User set preference: ['acceptInsecureCerts', 'true']

2024-05-18 16:56:52 - [MESSAGE][INFO] - Action delay is set to 0 milliseconds

2024-05-18 16:56:54 - [MESSAGE][PASSED] - Browser is opened with url: 'https://dev-algorithm.govolution.com/vlinktest/QA2/version_2_0/authcap.html'

2024-05-18 16:56:54 - [TEST_STEP][PASSED] - maximizeWindow(): Current window maximized

2024-05-18 16:56:54 - [MESSAGE][PASSED] - Current window maximized

2024-05-18 16:56:54 - [TEST_STEP][PASSED] - vlinkPages.saleCCPage.setDataSCC(row, dataFile): vlinkPages.saleCCPage.setDataSCC is PASSED

2024-05-18 16:56:57 - [MESSAGE][PASSED] - Object 'Object Repository/VLink/Page_CCSale/txt_CardNumber' is present

2024-05-18 16:56:58 - [MESSAGE][PASSED] - Text '104' is set on object 'Object Repository/VLink/Page_CCSale/txt_TransactionType'

2024-05-18 16:56:58 - [MESSAGE][PASSED] - Text '2.0C' is set on object 'Object Repository/VLink/Page_CCSale/txt_MessageVersion'

2024-05-18 16:56:59 - [MESSAGE][PASSED] - Text '7WeVCHpWhtYa' is set on object 'Object Repository/VLink/Page_CCSale/txt_RemID'

2024-05-18 16:57:00 - [MESSAGE][PASSED] - Text '87' is set on object 'Object Repository/VLink/Page_CCSale/txt_ApplicationId'

2024-05-18 16:57:00 - [MESSAGE][PASSED] - Text 'username' is set on object 'Object Repository/VLink/Page_CCSale/txt_Username'

2024-05-18 16:57:01 - [MESSAGE][PASSED] - Text 'password' is set on object 'Object Repository/VLink/Page_CCSale/txt_Password'

2024-05-18 16:57:02 - [MESSAGE][PASSED] - Text 'fixed_width' is set on object 'Object Repository/VLink/Page_CCSale/txt_ResponseFormat'

2024-05-18 16:57:02 - [MESSAGE][PASSED] - Text 'MOTO' is set on object 'Object Repository/VLink/Page_CCSale/txt_Category'

2024-05-18 16:57:03 - [MESSAGE][PASSED] - Text '' is set on object 'Object Repository/VLink/Page_CCSale/txt_TransactionID'

2024-05-18 16:57:04 - [MESSAGE][PASSED] - Text '' is set on object 'Object Repository/VLink/Page_CCSale/txt_ApprovalCode'

2024-05-18 16:57:04 - [MESSAGE][PASSED] - Text 'Kris Roshan' is set on object 'Object Repository/VLink/Page_CCSale/txt_CardName'

2024-05-18 16:57:05 - [MESSAGE][PASSED] - Text '258 Elm Road' is set on object 'Object Repository/VLink/Page_CCSale/txt_AL1'

2024-05-18 16:57:06 - [MESSAGE][PASSED] - Text 'Suite 56' is set on object 'Object Repository/VLink/Page_CCSale/txt_AL2'

2024-05-18 16:57:07 - [MESSAGE][PASSED] - Text 'Arlington' is set on object 'Object Repository/VLink/Page_CCSale/txt_CardCity'

2024-05-18 16:57:07 - [MESSAGE][PASSED] - Text 'VA' is set on object 'Object Repository/VLink/Page_CCSale/txt_CardState'

2024-05-18 16:57:08 - [MESSAGE][PASSED] - Text '22201' is set on object 'Object Repository/VLink/Page_CCSale/txt_CardZIP'

2024-05-18 16:57:09 - [MESSAGE][PASSED] - Text '840' is set on object 'Object Repository/VLink/Page_CCSale/txt_CountryID'

2024-05-18 16:57:09 - [MESSAGE][PASSED] - Text '1.50' is set on object 'Object Repository/VLink/Page_CCSale/txt_Amount'

2024-05-18 16:57:10 - [MESSAGE][PASSED] - Text '4012000098765439' is set on object 'Object Repository/VLink/Page_CCSale/txt_CardNumber'

2024-05-18 16:57:11 - [MESSAGE][PASSED] - Text '12' is set on object 'Object Repository/VLink/Page_CCSale/txt_ExpMonth'

2024-05-18 16:57:12 - [MESSAGE][PASSED] - Text '2025' is set on object 'Object Repository/VLink/Page_CCSale/txt_ExpYear'

2024-05-18 16:57:12 - [MESSAGE][PASSED] - Text '' is set on object 'Object Repository/VLink/Page_CCSale/txt_CVV'

2024-05-18 16:57:13 - [MESSAGE][PASSED] - Text '' is set on object 'Object Repository/VLink/Page_CCSale/txt_CVVstate'

2024-05-18 16:57:14 - [MESSAGE][PASSED] - Text '' is set on object 'Object Repository/VLink/Page_CCSale/txt_TrackData'

2024-05-18 16:57:14 - [MESSAGE][PASSED] - Text '' is set on object 'Object Repository/VLink/Page_CCSale/txt_Track1Data'

2024-05-18 16:57:15 - [MESSAGE][PASSED] - Text '' is set on object 'Object Repository/VLink/Page_CCSale/txt_Track2Data'

2024-05-18 16:57:16 - [MESSAGE][PASSED] - Text 'manual' is set on object 'Object Repository/VLink/Page_CCSale/txt_POSEntryMode'

2024-05-18 16:57:16 - [MESSAGE][PASSED] - Text 'iahmed@govolution.com' is set on object 'Object Repository/VLink/Page_CCSale/txt_Email'

2024-05-18 16:57:17 - [MESSAGE][PASSED] - Text '2569362' is set on object 'Object Repository/VLink/Page_CCSale/txt_OrderNumber'

2024-05-18 16:57:18 - [MESSAGE][PASSED] - Text '1.15' is set on object 'Object Repository/VLink/Page_CCSale/txt_TaxAmount'

2024-05-18 16:57:18 - [MESSAGE][PASSED] - Text 'Charge Description' is set on object 'Object Repository/VLink/Page_CCSale/txt_ChargeDescription'

2024-05-18 16:57:19 - [MESSAGE][PASSED] - Text '147357' is set on object 'Object Repository/VLink/Page_CCSale/txt_CAN'

2024-05-18 16:57:20 - [MESSAGE][PASSED] - Text '1' is set on object 'Object Repository/VLink/Page_CCSale/txt_BillPaymentIndicator'

2024-05-18 16:57:21 - [MESSAGE][PASSED] - Text 'UDF Data 1' is set on object 'Object Repository/VLink/Page_CCSale/txt_UDF1'

2024-05-18 16:57:21 - [MESSAGE][PASSED] - Text 'UDF Data 2' is set on object 'Object Repository/VLink/Page_CCSale/txt_UDF2'

2024-05-18 16:57:22 - [MESSAGE][PASSED] - Text 'UDF Data 3' is set on object 'Object Repository/VLink/Page_CCSale/txt_UDF3'

2024-05-18 16:57:23 - [MESSAGE][PASSED] - Text 'UDF Data 4' is set on object 'Object Repository/VLink/Page_CCSale/txt_UDF4'

2024-05-18 16:57:23 - [MESSAGE][PASSED] - Text 'UDF Data 5' is set on object 'Object Repository/VLink/Page_CCSale/txt_UDF5'

2024-05-18 16:57:24 - [MESSAGE][PASSED] - Text 'UDF Data 6' is set on object 'Object Repository/VLink/Page_CCSale/txt_UDF6'

2024-05-18 16:57:25 - [MESSAGE][PASSED] - Text 'UDF Data 7' is set on object 'Object Repository/VLink/Page_CCSale/txt_UDF7'

2024-05-18 16:57:25 - [MESSAGE][PASSED] - Text 'UDF Data 8' is set on object 'Object Repository/VLink/Page_CCSale/txt_UDF8'

2024-05-18 16:57:26 - [MESSAGE][PASSED] - Text 'UDF Data 9' is set on object 'Object Repository/VLink/Page_CCSale/txt_UDF9'

2024-05-18 16:57:27 - [MESSAGE][PASSED] - Text 'UDF Data 10' is set on object 'Object Repository/VLink/Page_CCSale/txt_UDF10'

2024-05-18 16:57:29 - [MESSAGE][PASSED] - Object: 'Object Repository/VLink/Page_CCSale/btn_ProcessVLinkTransaction' is clicked on

2024-05-18 16:57:34 - [MESSAGE][PASSED] - vlinkPages.saleCCPage.setDataSCC is PASSED

2024-05-18 16:57:34 - [TEST_STEP][PASSED] - if (verifyTextPresent("Transaction approved, no errors", true)): null

2024-05-18 16:57:34 - [MESSAGE][PASSED] - Text 'Transaction approved, no errors' is present on page  using regular expression

2024-05-18 16:57:34 - [TEST_STEP][PASSED] - println("Transaction Approved, no errors text is present on the Confirmation page"): null

2024-05-18 16:57:34 - [TEST_STEP][PASSED] - out.println("Pass Record Number: " + row): null

2024-05-18 16:57:34 - [TEST_STEP][PASSED] - resText = "Pass": null

2024-05-18 16:57:34 - [TEST_STEP][PASSED] - pages.WriteExcel.demoKey(resText, datText, resColumn, datCloumn, fileLoc, nameSheet, row): pages.WriteExcel.demoKey is PASSED

2024-05-18 16:57:34 - [MESSAGE][PASSED] - pages.WriteExcel.demoKey is PASSED

2024-05-18 16:57:34 - [TEST_STEP][PASSED] - sdfo = getText(findTestObject("Object Repository/Page_VLinkReceipt/pre_STX")): Text of object 'Object Repository/Page_VLinkReceipt/pre_STX' is: '<STX>7WeVCHpWhtYa                  12153318            0  Transaction approved, no errors                   0                                                                                  N TAS802   <ETX>'

2024-05-18 16:57:34 - [MESSAGE][PASSED] - Text of object 'Object Repository/Page_VLinkReceipt/pre_STX' is: '<STX>7WeVCHpWhtYa                  12153318            0  Transaction approved, no errors                   0                                                                                  N TAS802   <ETX>'

2024-05-18 16:57:34 - [TEST_STEP][PASSED] - out.println("sdfo: " + sdfo): null

2024-05-18 16:57:34 - [TEST_STEP][PASSED] - remID = substring(5, 35).trim(): null

2024-05-18 16:57:34 - [TEST_STEP][PASSED] - out.println("Remittance ID: " + remID): null

2024-05-18 16:57:34 - [TEST_STEP][PASSED] - traxID = substring(35, 55).trim(): null

2024-05-18 16:57:34 - [TEST_STEP][PASSED] - out.println("Transaction ID: " + traxID): null

2024-05-18 16:57:34 - [TEST_STEP][PASSED] - out.println("End Record Number: " + row): null

2024-05-18 16:57:34 - [TEST_STEP][PASSED] - closeBrowser(): Browser is closed

2024-05-18 16:57:36 - [MESSAGE][PASSED] - Browser is closed

2024-05-18 16:57:36 - [TEST_STEP][PASSED] - ExecuteTC = findTestData(dataFile).getValue("Execute", row): null

2024-05-18 16:57:36 - [TEST_STEP][PASSED] - out.println("Value of Execute is : " + ExecuteTC): null

2024-05-18 16:57:36 - [TEST_STEP][PASSED] - if (ExecuteTC.equalsIgnoreCase("Y")): Browser is closed

2024-05-18 16:57:36 - [TEST_STEP][PASSED] - out.println("Begin Record Number: " + row): null

2024-05-18 16:57:36 - [TEST_STEP][PASSED] - today = new java.util.Date(): null

2024-05-18 16:57:36 - [TEST_STEP][PASSED] - println(today): null

2024-05-18 16:57:36 - [TEST_STEP][PASSED] - datText = today: null

2024-05-18 16:57:36 - [TEST_STEP][PASSED] - openBrowser(VLinkURL + "authcap.html"): Browser is opened with url: 'https://dev-algorithm.govolution.com/vlinktest/QA2/version_2_0/authcap.html'

2024-05-18 16:57:36 - [MESSAGE][INFO] - Starting 'Chrome' driver

2024-05-18 16:57:36 - [MESSAGE][INFO] - User set preference: ['acceptInsecureCerts', 'true']

2024-05-18 16:57:36 - [MESSAGE][INFO] - Action delay is set to 0 milliseconds

2024-05-18 16:57:38 - [MESSAGE][PASSED] - Browser is opened with url: 'https://dev-algorithm.govolution.com/vlinktest/QA2/version_2_0/authcap.html'

2024-05-18 16:57:38 - [TEST_STEP][PASSED] - maximizeWindow(): Current window maximized

2024-05-18 16:57:38 - [MESSAGE][PASSED] - Current window maximized

2024-05-18 16:57:38 - [TEST_STEP][PASSED] - vlinkPages.saleCCPage.setDataSCC(row, dataFile): vlinkPages.saleCCPage.setDataSCC is PASSED

2024-05-18 16:57:41 - [MESSAGE][PASSED] - Object 'Object Repository/VLink/Page_CCSale/txt_CardNumber' is present

2024-05-18 16:57:42 - [MESSAGE][PASSED] - Text '104' is set on object 'Object Repository/VLink/Page_CCSale/txt_TransactionType'

2024-05-18 16:57:43 - [MESSAGE][PASSED] - Text '2.0C' is set on object 'Object Repository/VLink/Page_CCSale/txt_MessageVersion'

2024-05-18 16:57:43 - [MESSAGE][PASSED] - Text 'njjen3bb6V8f' is set on object 'Object Repository/VLink/Page_CCSale/txt_RemID'

2024-05-18 16:57:44 - [MESSAGE][PASSED] - Text '87' is set on object 'Object Repository/VLink/Page_CCSale/txt_ApplicationId'

2024-05-18 16:57:45 - [MESSAGE][PASSED] - Text 'username' is set on object 'Object Repository/VLink/Page_CCSale/txt_Username'

2024-05-18 16:57:45 - [MESSAGE][PASSED] - Text 'password' is set on object 'Object Repository/VLink/Page_CCSale/txt_Password'

2024-05-18 16:57:46 - [MESSAGE][PASSED] - Text 'fixed_width' is set on object 'Object Repository/VLink/Page_CCSale/txt_ResponseFormat'

2024-05-18 16:57:47 - [MESSAGE][PASSED] - Text 'RETL' is set on object 'Object Repository/VLink/Page_CCSale/txt_Category'

2024-05-18 16:57:47 - [MESSAGE][PASSED] - Text '' is set on object 'Object Repository/VLink/Page_CCSale/txt_TransactionID'

2024-05-18 16:57:48 - [MESSAGE][PASSED] - Text '' is set on object 'Object Repository/VLink/Page_CCSale/txt_ApprovalCode'

2024-05-18 16:57:49 - [MESSAGE][PASSED] - Text 'Kris Roshan' is set on object 'Object Repository/VLink/Page_CCSale/txt_CardName'

2024-05-18 16:57:50 - [MESSAGE][PASSED] - Text '258 Elm Road' is set on object 'Object Repository/VLink/Page_CCSale/txt_AL1'

2024-05-18 16:57:50 - [MESSAGE][PASSED] - Text 'Suite 56' is set on object 'Object Repository/VLink/Page_CCSale/txt_AL2'

2024-05-18 16:57:51 - [MESSAGE][PASSED] - Text 'Arlington' is set on object 'Object Repository/VLink/Page_CCSale/txt_CardCity'

2024-05-18 16:57:52 - [MESSAGE][PASSED] - Text 'VA' is set on object 'Object Repository/VLink/Page_CCSale/txt_CardState'

2024-05-18 16:57:52 - [MESSAGE][PASSED] - Text '22201' is set on object 'Object Repository/VLink/Page_CCSale/txt_CardZIP'

2024-05-18 16:57:53 - [MESSAGE][PASSED] - Text '840' is set on object 'Object Repository/VLink/Page_CCSale/txt_CountryID'

2024-05-18 16:57:54 - [MESSAGE][PASSED] - Text '1.50' is set on object 'Object Repository/VLink/Page_CCSale/txt_Amount'

2024-05-18 16:57:55 - [MESSAGE][PASSED] - Text '4012000098765439' is set on object 'Object Repository/VLink/Page_CCSale/txt_CardNumber'

2024-05-18 16:57:55 - [MESSAGE][PASSED] - Text '12' is set on object 'Object Repository/VLink/Page_CCSale/txt_ExpMonth'

2024-05-18 16:57:56 - [MESSAGE][PASSED] - Text '2025' is set on object 'Object Repository/VLink/Page_CCSale/txt_ExpYear'

2024-05-18 16:57:57 - [MESSAGE][PASSED] - Text '' is set on object 'Object Repository/VLink/Page_CCSale/txt_CVV'

2024-05-18 16:57:57 - [MESSAGE][PASSED] - Text '' is set on object 'Object Repository/VLink/Page_CCSale/txt_CVVstate'

2024-05-18 16:57:58 - [MESSAGE][PASSED] - Text '' is set on object 'Object Repository/VLink/Page_CCSale/txt_TrackData'

2024-05-18 16:57:59 - [MESSAGE][PASSED] - Text '' is set on object 'Object Repository/VLink/Page_CCSale/txt_Track1Data'

2024-05-18 16:57:59 - [MESSAGE][PASSED] - Text '' is set on object 'Object Repository/VLink/Page_CCSale/txt_Track2Data'

2024-05-18 16:58:00 - [MESSAGE][PASSED] - Text 'manual' is set on object 'Object Repository/VLink/Page_CCSale/txt_POSEntryMode'

2024-05-18 16:58:01 - [MESSAGE][PASSED] - Text 'iahmed@govolution.com' is set on object 'Object Repository/VLink/Page_CCSale/txt_Email'

2024-05-18 16:58:01 - [MESSAGE][PASSED] - Text '2569362' is set on object 'Object Repository/VLink/Page_CCSale/txt_OrderNumber'

2024-05-18 16:58:02 - [MESSAGE][PASSED] - Text '1.15' is set on object 'Object Repository/VLink/Page_CCSale/txt_TaxAmount'

2024-05-18 16:58:03 - [MESSAGE][PASSED] - Text 'Charge Description' is set on object 'Object Repository/VLink/Page_CCSale/txt_ChargeDescription'

2024-05-18 16:58:04 - [MESSAGE][PASSED] - Text '147357' is set on object 'Object Repository/VLink/Page_CCSale/txt_CAN'

2024-05-18 16:58:04 - [MESSAGE][PASSED] - Text '1' is set on object 'Object Repository/VLink/Page_CCSale/txt_BillPaymentIndicator'

2024-05-18 16:58:05 - [MESSAGE][PASSED] - Text 'UDF Data 1' is set on object 'Object Repository/VLink/Page_CCSale/txt_UDF1'

2024-05-18 16:58:06 - [MESSAGE][PASSED] - Text 'UDF Data 2' is set on object 'Object Repository/VLink/Page_CCSale/txt_UDF2'

2024-05-18 16:58:06 - [MESSAGE][PASSED] - Text 'UDF Data 3' is set on object 'Object Repository/VLink/Page_CCSale/txt_UDF3'

2024-05-18 16:58:07 - [MESSAGE][PASSED] - Text 'UDF Data 4' is set on object 'Object Repository/VLink/Page_CCSale/txt_UDF4'

2024-05-18 16:58:08 - [MESSAGE][PASSED] - Text 'UDF Data 5' is set on object 'Object Repository/VLink/Page_CCSale/txt_UDF5'

2024-05-18 16:58:09 - [MESSAGE][PASSED] - Text 'UDF Data 6' is set on object 'Object Repository/VLink/Page_CCSale/txt_UDF6'

2024-05-18 16:58:09 - [MESSAGE][PASSED] - Text 'UDF Data 7' is set on object 'Object Repository/VLink/Page_CCSale/txt_UDF7'

2024-05-18 16:58:10 - [MESSAGE][PASSED] - Text 'UDF Data 8' is set on object 'Object Repository/VLink/Page_CCSale/txt_UDF8'

2024-05-18 16:58:11 - [MESSAGE][PASSED] - Text 'UDF Data 9' is set on object 'Object Repository/VLink/Page_CCSale/txt_UDF9'

2024-05-18 16:58:11 - [MESSAGE][PASSED] - Text 'UDF Data 10' is set on object 'Object Repository/VLink/Page_CCSale/txt_UDF10'

2024-05-18 16:58:13 - [MESSAGE][PASSED] - Object: 'Object Repository/VLink/Page_CCSale/btn_ProcessVLinkTransaction' is clicked on

2024-05-18 16:58:18 - [MESSAGE][PASSED] - vlinkPages.saleCCPage.setDataSCC is PASSED

2024-05-18 16:58:18 - [TEST_STEP][PASSED] - if (verifyTextPresent("Transaction approved, no errors", true)): null

2024-05-18 16:58:19 - [MESSAGE][PASSED] - Text 'Transaction approved, no errors' is present on page  using regular expression

2024-05-18 16:58:19 - [TEST_STEP][PASSED] - println("Transaction Approved, no errors text is present on the Confirmation page"): null

2024-05-18 16:58:19 - [TEST_STEP][PASSED] - out.println("Pass Record Number: " + row): null

2024-05-18 16:58:19 - [TEST_STEP][PASSED] - resText = "Pass": null

2024-05-18 16:58:19 - [TEST_STEP][PASSED] - pages.WriteExcel.demoKey(resText, datText, resColumn, datCloumn, fileLoc, nameSheet, row): pages.WriteExcel.demoKey is PASSED

2024-05-18 16:58:19 - [MESSAGE][PASSED] - pages.WriteExcel.demoKey is PASSED

2024-05-18 16:58:19 - [TEST_STEP][PASSED] - sdfo = getText(findTestObject("Object Repository/Page_VLinkReceipt/pre_STX")): Text of object 'Object Repository/Page_VLinkReceipt/pre_STX' is: '<STX>njjen3bb6V8f                  12153319            0  Transaction approved, no errors                   0                                                                                  N TAS809   <ETX>'

2024-05-18 16:58:19 - [MESSAGE][PASSED] - Text of object 'Object Repository/Page_VLinkReceipt/pre_STX' is: '<STX>njjen3bb6V8f                  12153319            0  Transaction approved, no errors                   0                                                                                  N TAS809   <ETX>'

2024-05-18 16:58:19 - [TEST_STEP][PASSED] - out.println("sdfo: " + sdfo): null

2024-05-18 16:58:19 - [TEST_STEP][PASSED] - remID = substring(5, 35).trim(): null

2024-05-18 16:58:19 - [TEST_STEP][PASSED] - out.println("Remittance ID: " + remID): null

2024-05-18 16:58:19 - [TEST_STEP][PASSED] - traxID = substring(35, 55).trim(): null

2024-05-18 16:58:19 - [TEST_STEP][PASSED] - out.println("Transaction ID: " + traxID): null

2024-05-18 16:58:19 - [TEST_STEP][PASSED] - out.println("End Record Number: " + row): null

2024-05-18 16:58:19 - [TEST_STEP][PASSED] - closeBrowser(): Browser is closed

2024-05-18 16:58:20 - [MESSAGE][PASSED] - Browser is closed

2024-05-18 16:58:20 - [TEST_STEP][PASSED] - ExecuteTC = findTestData(dataFile).getValue("Execute", row): null

2024-05-18 16:58:20 - [TEST_STEP][PASSED] - out.println("Value of Execute is : " + ExecuteTC): null

2024-05-18 16:58:20 - [TEST_STEP][PASSED] - if (ExecuteTC.equalsIgnoreCase("Y")): Browser is closed

2024-05-18 16:58:20 - [TEST_STEP][PASSED] - out.println("Begin Record Number: " + row): null

2024-05-18 16:58:20 - [TEST_STEP][PASSED] - today = new java.util.Date(): null

2024-05-18 16:58:20 - [TEST_STEP][PASSED] - println(today): null

2024-05-18 16:58:20 - [TEST_STEP][PASSED] - datText = today: null

2024-05-18 16:58:20 - [TEST_STEP][PASSED] - openBrowser(VLinkURL + "authcap.html"): Browser is opened with url: 'https://dev-algorithm.govolution.com/vlinktest/QA2/version_2_0/authcap.html'

2024-05-18 16:58:21 - [MESSAGE][INFO] - Starting 'Chrome' driver

2024-05-18 16:58:21 - [MESSAGE][INFO] - User set preference: ['acceptInsecureCerts', 'true']

2024-05-18 16:58:21 - [MESSAGE][INFO] - Action delay is set to 0 milliseconds

2024-05-18 16:58:23 - [MESSAGE][PASSED] - Browser is opened with url: 'https://dev-algorithm.govolution.com/vlinktest/QA2/version_2_0/authcap.html'

2024-05-18 16:58:23 - [TEST_STEP][PASSED] - maximizeWindow(): Current window maximized

2024-05-18 16:58:23 - [MESSAGE][PASSED] - Current window maximized

2024-05-18 16:58:23 - [TEST_STEP][PASSED] - vlinkPages.saleCCPage.setDataSCC(row, dataFile): vlinkPages.saleCCPage.setDataSCC is PASSED

2024-05-18 16:58:26 - [MESSAGE][PASSED] - Object 'Object Repository/VLink/Page_CCSale/txt_CardNumber' is present

2024-05-18 16:58:27 - [MESSAGE][PASSED] - Text '104' is set on object 'Object Repository/VLink/Page_CCSale/txt_TransactionType'

2024-05-18 16:58:27 - [MESSAGE][PASSED] - Text '2.0C' is set on object 'Object Repository/VLink/Page_CCSale/txt_MessageVersion'

2024-05-18 16:58:28 - [MESSAGE][PASSED] - Text 'FPt2pTpDKGl8' is set on object 'Object Repository/VLink/Page_CCSale/txt_RemID'

2024-05-18 16:58:29 - [MESSAGE][PASSED] - Text '87' is set on object 'Object Repository/VLink/Page_CCSale/txt_ApplicationId'

2024-05-18 16:58:29 - [MESSAGE][PASSED] - Text 'username' is set on object 'Object Repository/VLink/Page_CCSale/txt_Username'

2024-05-18 16:58:30 - [MESSAGE][PASSED] - Text 'password' is set on object 'Object Repository/VLink/Page_CCSale/txt_Password'

2024-05-18 16:58:31 - [MESSAGE][PASSED] - Text 'fixed_width' is set on object 'Object Repository/VLink/Page_CCSale/txt_ResponseFormat'

2024-05-18 16:58:32 - [MESSAGE][PASSED] - Text 'ECOM' is set on object 'Object Repository/VLink/Page_CCSale/txt_Category'

2024-05-18 16:58:32 - [MESSAGE][PASSED] - Text '' is set on object 'Object Repository/VLink/Page_CCSale/txt_TransactionID'

2024-05-18 16:58:33 - [MESSAGE][PASSED] - Text '' is set on object 'Object Repository/VLink/Page_CCSale/txt_ApprovalCode'

2024-05-18 16:58:34 - [MESSAGE][PASSED] - Text 'Kris Roshan' is set on object 'Object Repository/VLink/Page_CCSale/txt_CardName'

2024-05-18 16:58:34 - [MESSAGE][PASSED] - Text '258 Elm Road' is set on object 'Object Repository/VLink/Page_CCSale/txt_AL1'

2024-05-18 16:58:35 - [MESSAGE][PASSED] - Text 'Suite 56' is set on object 'Object Repository/VLink/Page_CCSale/txt_AL2'

2024-05-18 16:58:36 - [MESSAGE][PASSED] - Text 'Arlington' is set on object 'Object Repository/VLink/Page_CCSale/txt_CardCity'

2024-05-18 16:58:36 - [MESSAGE][PASSED] - Text 'VA' is set on object 'Object Repository/VLink/Page_CCSale/txt_CardState'

2024-05-18 16:58:37 - [MESSAGE][PASSED] - Text '22201' is set on object 'Object Repository/VLink/Page_CCSale/txt_CardZIP'

2024-05-18 16:58:38 - [MESSAGE][PASSED] - Text '840' is set on object 'Object Repository/VLink/Page_CCSale/txt_CountryID'

2024-05-18 16:58:39 - [MESSAGE][PASSED] - Text '1.50' is set on object 'Object Repository/VLink/Page_CCSale/txt_Amount'

2024-05-18 16:58:39 - [MESSAGE][PASSED] - Text '5146312200000035' is set on object 'Object Repository/VLink/Page_CCSale/txt_CardNumber'

2024-05-18 16:58:40 - [MESSAGE][PASSED] - Text '12' is set on object 'Object Repository/VLink/Page_CCSale/txt_ExpMonth'

2024-05-18 16:58:41 - [MESSAGE][PASSED] - Text '2025' is set on object 'Object Repository/VLink/Page_CCSale/txt_ExpYear'

2024-05-18 16:58:41 - [MESSAGE][PASSED] - Text '' is set on object 'Object Repository/VLink/Page_CCSale/txt_CVV'

2024-05-18 16:58:42 - [MESSAGE][PASSED] - Text '' is set on object 'Object Repository/VLink/Page_CCSale/txt_CVVstate'

2024-05-18 16:58:43 - [MESSAGE][PASSED] - Text '' is set on object 'Object Repository/VLink/Page_CCSale/txt_TrackData'

2024-05-18 16:58:43 - [MESSAGE][PASSED] - Text '' is set on object 'Object Repository/VLink/Page_CCSale/txt_Track1Data'

2024-05-18 16:58:44 - [MESSAGE][PASSED] - Text '' is set on object 'Object Repository/VLink/Page_CCSale/txt_Track2Data'

2024-05-18 16:58:45 - [MESSAGE][PASSED] - Text 'manual' is set on object 'Object Repository/VLink/Page_CCSale/txt_POSEntryMode'

2024-05-18 16:58:46 - [MESSAGE][PASSED] - Text 'iahmed@govolution.com' is set on object 'Object Repository/VLink/Page_CCSale/txt_Email'

2024-05-18 16:58:46 - [MESSAGE][PASSED] - Text '2569362' is set on object 'Object Repository/VLink/Page_CCSale/txt_OrderNumber'

2024-05-18 16:58:47 - [MESSAGE][PASSED] - Text '1.15' is set on object 'Object Repository/VLink/Page_CCSale/txt_TaxAmount'

2024-05-18 16:58:48 - [MESSAGE][PASSED] - Text 'Charge Description' is set on object 'Object Repository/VLink/Page_CCSale/txt_ChargeDescription'

2024-05-18 16:58:49 - [MESSAGE][PASSED] - Text '147357' is set on object 'Object Repository/VLink/Page_CCSale/txt_CAN'

2024-05-18 16:58:49 - [MESSAGE][PASSED] - Text '1' is set on object 'Object Repository/VLink/Page_CCSale/txt_BillPaymentIndicator'

2024-05-18 16:58:50 - [MESSAGE][PASSED] - Text 'UDF Data 1' is set on object 'Object Repository/VLink/Page_CCSale/txt_UDF1'

2024-05-18 16:58:51 - [MESSAGE][PASSED] - Text 'UDF Data 2' is set on object 'Object Repository/VLink/Page_CCSale/txt_UDF2'

2024-05-18 16:58:51 - [MESSAGE][PASSED] - Text 'UDF Data 3' is set on object 'Object Repository/VLink/Page_CCSale/txt_UDF3'

2024-05-18 16:58:52 - [MESSAGE][PASSED] - Text 'UDF Data 4' is set on object 'Object Repository/VLink/Page_CCSale/txt_UDF4'

2024-05-18 16:58:53 - [MESSAGE][PASSED] - Text 'UDF Data 5' is set on object 'Object Repository/VLink/Page_CCSale/txt_UDF5'

2024-05-18 16:58:53 - [MESSAGE][PASSED] - Text 'UDF Data 6' is set on object 'Object Repository/VLink/Page_CCSale/txt_UDF6'

2024-05-18 16:58:54 - [MESSAGE][PASSED] - Text 'UDF Data 7' is set on object 'Object Repository/VLink/Page_CCSale/txt_UDF7'

2024-05-18 16:58:55 - [MESSAGE][PASSED] - Text 'UDF Data 8' is set on object 'Object Repository/VLink/Page_CCSale/txt_UDF8'

2024-05-18 16:58:56 - [MESSAGE][PASSED] - Text 'UDF Data 9' is set on object 'Object Repository/VLink/Page_CCSale/txt_UDF9'

2024-05-18 16:58:56 - [MESSAGE][PASSED] - Text 'UDF Data 10' is set on object 'Object Repository/VLink/Page_CCSale/txt_UDF10'

2024-05-18 16:58:58 - [MESSAGE][PASSED] - Object: 'Object Repository/VLink/Page_CCSale/btn_ProcessVLinkTransaction' is clicked on

2024-05-18 16:59:03 - [MESSAGE][PASSED] - vlinkPages.saleCCPage.setDataSCC is PASSED

2024-05-18 16:59:03 - [TEST_STEP][PASSED] - if (verifyTextPresent("Transaction approved, no errors", true)): null

2024-05-18 16:59:03 - [MESSAGE][PASSED] - Text 'Transaction approved, no errors' is present on page  using regular expression

2024-05-18 16:59:03 - [TEST_STEP][PASSED] - println("Transaction Approved, no errors text is present on the Confirmation page"): null

2024-05-18 16:59:03 - [TEST_STEP][PASSED] - out.println("Pass Record Number: " + row): null

2024-05-18 16:59:03 - [TEST_STEP][PASSED] - resText = "Pass": null

2024-05-18 16:59:03 - [TEST_STEP][PASSED] - pages.WriteExcel.demoKey(resText, datText, resColumn, datCloumn, fileLoc, nameSheet, row): pages.WriteExcel.demoKey is PASSED

2024-05-18 16:59:04 - [MESSAGE][PASSED] - pages.WriteExcel.demoKey is PASSED

2024-05-18 16:59:04 - [TEST_STEP][PASSED] - sdfo = getText(findTestObject("Object Repository/Page_VLinkReceipt/pre_STX")): Text of object 'Object Repository/Page_VLinkReceipt/pre_STX' is: '<STX>FPt2pTpDKGl8                  12153320            0  Transaction approved, no errors                   0                                                                                  YPVTLMC1   <ETX>'

2024-05-18 16:59:04 - [MESSAGE][PASSED] - Text of object 'Object Repository/Page_VLinkReceipt/pre_STX' is: '<STX>FPt2pTpDKGl8                  12153320            0  Transaction approved, no errors                   0                                                                                  YPVTLMC1   <ETX>'

2024-05-18 16:59:04 - [TEST_STEP][PASSED] - out.println("sdfo: " + sdfo): null

2024-05-18 16:59:04 - [TEST_STEP][PASSED] - remID = substring(5, 35).trim(): null

2024-05-18 16:59:04 - [TEST_STEP][PASSED] - out.println("Remittance ID: " + remID): null

2024-05-18 16:59:04 - [TEST_STEP][PASSED] - traxID = substring(35, 55).trim(): null

2024-05-18 16:59:04 - [TEST_STEP][PASSED] - out.println("Transaction ID: " + traxID): null

2024-05-18 16:59:04 - [TEST_STEP][PASSED] - out.println("End Record Number: " + row): null

2024-05-18 16:59:04 - [TEST_STEP][PASSED] - closeBrowser(): Browser is closed

2024-05-18 16:59:05 - [MESSAGE][PASSED] - Browser is closed

2024-05-18 16:59:05 - [TEST_STEP][PASSED] - ExecuteTC = findTestData(dataFile).getValue("Execute", row): null

2024-05-18 16:59:05 - [TEST_STEP][PASSED] - out.println("Value of Execute is : " + ExecuteTC): null

2024-05-18 16:59:05 - [TEST_STEP][PASSED] - if (ExecuteTC.equalsIgnoreCase("Y")): Browser is closed

2024-05-18 16:59:05 - [TEST_STEP][PASSED] - out.println("Begin Record Number: " + row): null

2024-05-18 16:59:05 - [TEST_STEP][PASSED] - today = new java.util.Date(): null

2024-05-18 16:59:05 - [TEST_STEP][PASSED] - println(today): null

2024-05-18 16:59:05 - [TEST_STEP][PASSED] - datText = today: null

2024-05-18 16:59:05 - [TEST_STEP][PASSED] - openBrowser(VLinkURL + "authcap.html"): Browser is opened with url: 'https://dev-algorithm.govolution.com/vlinktest/QA2/version_2_0/authcap.html'

2024-05-18 16:59:05 - [MESSAGE][INFO] - Starting 'Chrome' driver

2024-05-18 16:59:05 - [MESSAGE][INFO] - User set preference: ['acceptInsecureCerts', 'true']

2024-05-18 16:59:05 - [MESSAGE][INFO] - Action delay is set to 0 milliseconds

2024-05-18 16:59:07 - [MESSAGE][PASSED] - Browser is opened with url: 'https://dev-algorithm.govolution.com/vlinktest/QA2/version_2_0/authcap.html'

2024-05-18 16:59:07 - [TEST_STEP][PASSED] - maximizeWindow(): Current window maximized

2024-05-18 16:59:08 - [MESSAGE][PASSED] - Current window maximized

2024-05-18 16:59:08 - [TEST_STEP][PASSED] - vlinkPages.saleCCPage.setDataSCC(row, dataFile): vlinkPages.saleCCPage.setDataSCC is PASSED

2024-05-18 16:59:11 - [MESSAGE][PASSED] - Object 'Object Repository/VLink/Page_CCSale/txt_CardNumber' is present

2024-05-18 16:59:11 - [MESSAGE][PASSED] - Text '104' is set on object 'Object Repository/VLink/Page_CCSale/txt_TransactionType'

2024-05-18 16:59:12 - [MESSAGE][PASSED] - Text '2.0C' is set on object 'Object Repository/VLink/Page_CCSale/txt_MessageVersion'

2024-05-18 16:59:13 - [MESSAGE][PASSED] - Text 'S6QEZYwYQIR9' is set on object 'Object Repository/VLink/Page_CCSale/txt_RemID'

2024-05-18 16:59:13 - [MESSAGE][PASSED] - Text '87' is set on object 'Object Repository/VLink/Page_CCSale/txt_ApplicationId'

2024-05-18 16:59:14 - [MESSAGE][PASSED] - Text 'username' is set on object 'Object Repository/VLink/Page_CCSale/txt_Username'

2024-05-18 16:59:15 - [MESSAGE][PASSED] - Text 'password' is set on object 'Object Repository/VLink/Page_CCSale/txt_Password'

2024-05-18 16:59:15 - [MESSAGE][PASSED] - Text 'fixed_width' is set on object 'Object Repository/VLink/Page_CCSale/txt_ResponseFormat'

2024-05-18 16:59:16 - [MESSAGE][PASSED] - Text 'MOTO' is set on object 'Object Repository/VLink/Page_CCSale/txt_Category'

2024-05-18 16:59:17 - [MESSAGE][PASSED] - Text '' is set on object 'Object Repository/VLink/Page_CCSale/txt_TransactionID'

2024-05-18 16:59:18 - [MESSAGE][PASSED] - Text '' is set on object 'Object Repository/VLink/Page_CCSale/txt_ApprovalCode'

2024-05-18 16:59:18 - [MESSAGE][PASSED] - Text 'Kris Roshan' is set on object 'Object Repository/VLink/Page_CCSale/txt_CardName'

2024-05-18 16:59:19 - [MESSAGE][PASSED] - Text '258 Elm Road' is set on object 'Object Repository/VLink/Page_CCSale/txt_AL1'

2024-05-18 16:59:20 - [MESSAGE][PASSED] - Text 'Suite 56' is set on object 'Object Repository/VLink/Page_CCSale/txt_AL2'

2024-05-18 16:59:20 - [MESSAGE][PASSED] - Text 'Arlington' is set on object 'Object Repository/VLink/Page_CCSale/txt_CardCity'

2024-05-18 16:59:21 - [MESSAGE][PASSED] - Text 'VA' is set on object 'Object Repository/VLink/Page_CCSale/txt_CardState'

2024-05-18 16:59:22 - [MESSAGE][PASSED] - Text '22201' is set on object 'Object Repository/VLink/Page_CCSale/txt_CardZIP'

2024-05-18 16:59:22 - [MESSAGE][PASSED] - Text '840' is set on object 'Object Repository/VLink/Page_CCSale/txt_CountryID'

2024-05-18 16:59:23 - [MESSAGE][PASSED] - Text '1.50' is set on object 'Object Repository/VLink/Page_CCSale/txt_Amount'

2024-05-18 16:59:24 - [MESSAGE][PASSED] - Text '5146312200000035' is set on object 'Object Repository/VLink/Page_CCSale/txt_CardNumber'

2024-05-18 16:59:25 - [MESSAGE][PASSED] - Text '12' is set on object 'Object Repository/VLink/Page_CCSale/txt_ExpMonth'

2024-05-18 16:59:25 - [MESSAGE][PASSED] - Text '2025' is set on object 'Object Repository/VLink/Page_CCSale/txt_ExpYear'

2024-05-18 16:59:26 - [MESSAGE][PASSED] - Text '' is set on object 'Object Repository/VLink/Page_CCSale/txt_CVV'

2024-05-18 16:59:27 - [MESSAGE][PASSED] - Text '' is set on object 'Object Repository/VLink/Page_CCSale/txt_CVVstate'

2024-05-18 16:59:27 - [MESSAGE][PASSED] - Text '' is set on object 'Object Repository/VLink/Page_CCSale/txt_TrackData'

2024-05-18 16:59:28 - [MESSAGE][PASSED] - Text '' is set on object 'Object Repository/VLink/Page_CCSale/txt_Track1Data'

2024-05-18 16:59:29 - [MESSAGE][PASSED] - Text '' is set on object 'Object Repository/VLink/Page_CCSale/txt_Track2Data'

2024-05-18 16:59:29 - [MESSAGE][PASSED] - Text 'manual' is set on object 'Object Repository/VLink/Page_CCSale/txt_POSEntryMode'

2024-05-18 16:59:30 - [MESSAGE][PASSED] - Text 'iahmed@govolution.com' is set on object 'Object Repository/VLink/Page_CCSale/txt_Email'

2024-05-18 16:59:31 - [MESSAGE][PASSED] - Text '2569362' is set on object 'Object Repository/VLink/Page_CCSale/txt_OrderNumber'

2024-05-18 16:59:32 - [MESSAGE][PASSED] - Text '1.15' is set on object 'Object Repository/VLink/Page_CCSale/txt_TaxAmount'

2024-05-18 16:59:32 - [MESSAGE][PASSED] - Text 'Charge Description' is set on object 'Object Repository/VLink/Page_CCSale/txt_ChargeDescription'

2024-05-18 16:59:33 - [MESSAGE][PASSED] - Text '147357' is set on object 'Object Repository/VLink/Page_CCSale/txt_CAN'

2024-05-18 16:59:34 - [MESSAGE][PASSED] - Text '1' is set on object 'Object Repository/VLink/Page_CCSale/txt_BillPaymentIndicator'

2024-05-18 16:59:34 - [MESSAGE][PASSED] - Text 'UDF Data 1' is set on object 'Object Repository/VLink/Page_CCSale/txt_UDF1'

2024-05-18 16:59:35 - [MESSAGE][PASSED] - Text 'UDF Data 2' is set on object 'Object Repository/VLink/Page_CCSale/txt_UDF2'

2024-05-18 16:59:36 - [MESSAGE][PASSED] - Text 'UDF Data 3' is set on object 'Object Repository/VLink/Page_CCSale/txt_UDF3'

2024-05-18 16:59:37 - [MESSAGE][PASSED] - Text 'UDF Data 4' is set on object 'Object Repository/VLink/Page_CCSale/txt_UDF4'

2024-05-18 16:59:37 - [MESSAGE][PASSED] - Text 'UDF Data 5' is set on object 'Object Repository/VLink/Page_CCSale/txt_UDF5'

2024-05-18 16:59:38 - [MESSAGE][PASSED] - Text 'UDF Data 6' is set on object 'Object Repository/VLink/Page_CCSale/txt_UDF6'

2024-05-18 16:59:39 - [MESSAGE][PASSED] - Text 'UDF Data 7' is set on object 'Object Repository/VLink/Page_CCSale/txt_UDF7'

2024-05-18 16:59:39 - [MESSAGE][PASSED] - Text 'UDF Data 8' is set on object 'Object Repository/VLink/Page_CCSale/txt_UDF8'

2024-05-18 16:59:40 - [MESSAGE][PASSED] - Text 'UDF Data 9' is set on object 'Object Repository/VLink/Page_CCSale/txt_UDF9'

2024-05-18 16:59:41 - [MESSAGE][PASSED] - Text 'UDF Data 10' is set on object 'Object Repository/VLink/Page_CCSale/txt_UDF10'

2024-05-18 16:59:42 - [MESSAGE][PASSED] - Object: 'Object Repository/VLink/Page_CCSale/btn_ProcessVLinkTransaction' is clicked on

2024-05-18 16:59:47 - [MESSAGE][PASSED] - vlinkPages.saleCCPage.setDataSCC is PASSED

2024-05-18 16:59:47 - [TEST_STEP][PASSED] - if (verifyTextPresent("Transaction approved, no errors", true)): null

2024-05-18 16:59:48 - [MESSAGE][PASSED] - Text 'Transaction approved, no errors' is present on page  using regular expression

2024-05-18 16:59:48 - [TEST_STEP][PASSED] - println("Transaction Approved, no errors text is present on the Confirmation page"): null

2024-05-18 16:59:48 - [TEST_STEP][PASSED] - out.println("Pass Record Number: " + row): null

2024-05-18 16:59:48 - [TEST_STEP][PASSED] - resText = "Pass": null

2024-05-18 16:59:48 - [TEST_STEP][PASSED] - pages.WriteExcel.demoKey(resText, datText, resColumn, datCloumn, fileLoc, nameSheet, row): pages.WriteExcel.demoKey is PASSED

2024-05-18 16:59:48 - [MESSAGE][PASSED] - pages.WriteExcel.demoKey is PASSED

2024-05-18 16:59:48 - [TEST_STEP][PASSED] - sdfo = getText(findTestObject("Object Repository/Page_VLinkReceipt/pre_STX")): Text of object 'Object Repository/Page_VLinkReceipt/pre_STX' is: '<STX>S6QEZYwYQIR9                  12153321            0  Transaction approved, no errors                   0                                                                                  YPVTLMC1   <ETX>'

2024-05-18 16:59:48 - [MESSAGE][PASSED] - Text of object 'Object Repository/Page_VLinkReceipt/pre_STX' is: '<STX>S6QEZYwYQIR9                  12153321            0  Transaction approved, no errors                   0                                                                                  YPVTLMC1   <ETX>'

2024-05-18 16:59:48 - [TEST_STEP][PASSED] - out.println("sdfo: " + sdfo): null

2024-05-18 16:59:48 - [TEST_STEP][PASSED] - remID = substring(5, 35).trim(): null

2024-05-18 16:59:48 - [TEST_STEP][PASSED] - out.println("Remittance ID: " + remID): null

2024-05-18 16:59:48 - [TEST_STEP][PASSED] - traxID = substring(35, 55).trim(): null

2024-05-18 16:59:48 - [TEST_STEP][PASSED] - out.println("Transaction ID: " + traxID): null

2024-05-18 16:59:48 - [TEST_STEP][PASSED] - out.println("End Record Number: " + row): null

2024-05-18 16:59:48 - [TEST_STEP][PASSED] - closeBrowser(): Browser is closed

2024-05-18 16:59:50 - [MESSAGE][PASSED] - Browser is closed

2024-05-18 16:59:50 - [TEST_STEP][PASSED] - ExecuteTC = findTestData(dataFile).getValue("Execute", row): null

2024-05-18 16:59:50 - [TEST_STEP][PASSED] - out.println("Value of Execute is : " + ExecuteTC): null

2024-05-18 16:59:50 - [TEST_STEP][PASSED] - if (ExecuteTC.equalsIgnoreCase("Y")): Browser is closed

2024-05-18 16:59:50 - [TEST_STEP][PASSED] - out.println("Begin Record Number: " + row): null

2024-05-18 16:59:50 - [TEST_STEP][PASSED] - today = new java.util.Date(): null

2024-05-18 16:59:50 - [TEST_STEP][PASSED] - println(today): null

2024-05-18 16:59:50 - [TEST_STEP][PASSED] - datText = today: null

2024-05-18 16:59:50 - [TEST_STEP][PASSED] - openBrowser(VLinkURL + "authcap.html"): Browser is opened with url: 'https://dev-algorithm.govolution.com/vlinktest/QA2/version_2_0/authcap.html'

2024-05-18 16:59:50 - [MESSAGE][INFO] - Starting 'Chrome' driver

2024-05-18 16:59:50 - [MESSAGE][INFO] - User set preference: ['acceptInsecureCerts', 'true']

2024-05-18 16:59:50 - [MESSAGE][INFO] - Action delay is set to 0 milliseconds

2024-05-18 16:59:52 - [MESSAGE][PASSED] - Browser is opened with url: 'https://dev-algorithm.govolution.com/vlinktest/QA2/version_2_0/authcap.html'

2024-05-18 16:59:52 - [TEST_STEP][PASSED] - maximizeWindow(): Current window maximized

2024-05-18 16:59:52 - [MESSAGE][PASSED] - Current window maximized

2024-05-18 16:59:52 - [TEST_STEP][PASSED] - vlinkPages.saleCCPage.setDataSCC(row, dataFile): vlinkPages.saleCCPage.setDataSCC is PASSED

2024-05-18 16:59:55 - [MESSAGE][PASSED] - Object 'Object Repository/VLink/Page_CCSale/txt_CardNumber' is present

2024-05-18 16:59:56 - [MESSAGE][PASSED] - Text '104' is set on object 'Object Repository/VLink/Page_CCSale/txt_TransactionType'

2024-05-18 16:59:56 - [MESSAGE][PASSED] - Text '2.0C' is set on object 'Object Repository/VLink/Page_CCSale/txt_MessageVersion'

2024-05-18 16:59:57 - [MESSAGE][PASSED] - Text 'WICYypgqU91L' is set on object 'Object Repository/VLink/Page_CCSale/txt_RemID'

2024-05-18 16:59:58 - [MESSAGE][PASSED] - Text '87' is set on object 'Object Repository/VLink/Page_CCSale/txt_ApplicationId'

2024-05-18 16:59:59 - [MESSAGE][PASSED] - Text 'username' is set on object 'Object Repository/VLink/Page_CCSale/txt_Username'

2024-05-18 16:59:59 - [MESSAGE][PASSED] - Text 'password' is set on object 'Object Repository/VLink/Page_CCSale/txt_Password'

2024-05-18 17:00:00 - [MESSAGE][PASSED] - Text 'fixed_width' is set on object 'Object Repository/VLink/Page_CCSale/txt_ResponseFormat'

2024-05-18 17:00:01 - [MESSAGE][PASSED] - Text 'RETL' is set on object 'Object Repository/VLink/Page_CCSale/txt_Category'

2024-05-18 17:00:01 - [MESSAGE][PASSED] - Text '' is set on object 'Object Repository/VLink/Page_CCSale/txt_TransactionID'

2024-05-18 17:00:02 - [MESSAGE][PASSED] - Text '' is set on object 'Object Repository/VLink/Page_CCSale/txt_ApprovalCode'

2024-05-18 17:00:03 - [MESSAGE][PASSED] - Text 'Kris Roshan' is set on object 'Object Repository/VLink/Page_CCSale/txt_CardName'

2024-05-18 17:00:03 - [MESSAGE][PASSED] - Text '258 Elm Road' is set on object 'Object Repository/VLink/Page_CCSale/txt_AL1'

2024-05-18 17:00:04 - [MESSAGE][PASSED] - Text 'Suite 56' is set on object 'Object Repository/VLink/Page_CCSale/txt_AL2'

2024-05-18 17:00:05 - [MESSAGE][PASSED] - Text 'Arlington' is set on object 'Object Repository/VLink/Page_CCSale/txt_CardCity'

2024-05-18 17:00:06 - [MESSAGE][PASSED] - Text 'VA' is set on object 'Object Repository/VLink/Page_CCSale/txt_CardState'

2024-05-18 17:00:06 - [MESSAGE][PASSED] - Text '22201' is set on object 'Object Repository/VLink/Page_CCSale/txt_CardZIP'

2024-05-18 17:00:07 - [MESSAGE][PASSED] - Text '840' is set on object 'Object Repository/VLink/Page_CCSale/txt_CountryID'

2024-05-18 17:00:08 - [MESSAGE][PASSED] - Text '1.50' is set on object 'Object Repository/VLink/Page_CCSale/txt_Amount'

2024-05-18 17:00:08 - [MESSAGE][PASSED] - Text '5146312200000035' is set on object 'Object Repository/VLink/Page_CCSale/txt_CardNumber'

2024-05-18 17:00:09 - [MESSAGE][PASSED] - Text '12' is set on object 'Object Repository/VLink/Page_CCSale/txt_ExpMonth'

2024-05-18 17:00:10 - [MESSAGE][PASSED] - Text '2025' is set on object 'Object Repository/VLink/Page_CCSale/txt_ExpYear'

2024-05-18 17:00:11 - [MESSAGE][PASSED] - Text '' is set on object 'Object Repository/VLink/Page_CCSale/txt_CVV'

2024-05-18 17:00:11 - [MESSAGE][PASSED] - Text '' is set on object 'Object Repository/VLink/Page_CCSale/txt_CVVstate'

2024-05-18 17:00:12 - [MESSAGE][PASSED] - Text '' is set on object 'Object Repository/VLink/Page_CCSale/txt_TrackData'

2024-05-18 17:00:13 - [MESSAGE][PASSED] - Text '' is set on object 'Object Repository/VLink/Page_CCSale/txt_Track1Data'

2024-05-18 17:00:13 - [MESSAGE][PASSED] - Text '' is set on object 'Object Repository/VLink/Page_CCSale/txt_Track2Data'

2024-05-18 17:00:14 - [MESSAGE][PASSED] - Text 'manual' is set on object 'Object Repository/VLink/Page_CCSale/txt_POSEntryMode'

2024-05-18 17:00:15 - [MESSAGE][PASSED] - Text 'iahmed@govolution.com' is set on object 'Object Repository/VLink/Page_CCSale/txt_Email'

2024-05-18 17:00:15 - [MESSAGE][PASSED] - Text '2569362' is set on object 'Object Repository/VLink/Page_CCSale/txt_OrderNumber'

2024-05-18 17:00:16 - [MESSAGE][PASSED] - Text '1.15' is set on object 'Object Repository/VLink/Page_CCSale/txt_TaxAmount'

2024-05-18 17:00:17 - [MESSAGE][PASSED] - Text 'Charge Description' is set on object 'Object Repository/VLink/Page_CCSale/txt_ChargeDescription'

2024-05-18 17:00:18 - [MESSAGE][PASSED] - Text '147357' is set on object 'Object Repository/VLink/Page_CCSale/txt_CAN'

2024-05-18 17:00:18 - [MESSAGE][PASSED] - Text '1' is set on object 'Object Repository/VLink/Page_CCSale/txt_BillPaymentIndicator'

2024-05-18 17:00:19 - [MESSAGE][PASSED] - Text 'UDF Data 1' is set on object 'Object Repository/VLink/Page_CCSale/txt_UDF1'

2024-05-18 17:00:20 - [MESSAGE][PASSED] - Text 'UDF Data 2' is set on object 'Object Repository/VLink/Page_CCSale/txt_UDF2'

2024-05-18 17:00:20 - [MESSAGE][PASSED] - Text 'UDF Data 3' is set on object 'Object Repository/VLink/Page_CCSale/txt_UDF3'

2024-05-18 17:00:21 - [MESSAGE][PASSED] - Text 'UDF Data 4' is set on object 'Object Repository/VLink/Page_CCSale/txt_UDF4'

2024-05-18 17:00:22 - [MESSAGE][PASSED] - Text 'UDF Data 5' is set on object 'Object Repository/VLink/Page_CCSale/txt_UDF5'

2024-05-18 17:00:22 - [MESSAGE][PASSED] - Text 'UDF Data 6' is set on object 'Object Repository/VLink/Page_CCSale/txt_UDF6'

2024-05-18 17:00:23 - [MESSAGE][PASSED] - Text 'UDF Data 7' is set on object 'Object Repository/VLink/Page_CCSale/txt_UDF7'

2024-05-18 17:00:24 - [MESSAGE][PASSED] - Text 'UDF Data 8' is set on object 'Object Repository/VLink/Page_CCSale/txt_UDF8'

2024-05-18 17:00:25 - [MESSAGE][PASSED] - Text 'UDF Data 9' is set on object 'Object Repository/VLink/Page_CCSale/txt_UDF9'

2024-05-18 17:00:25 - [MESSAGE][PASSED] - Text 'UDF Data 10' is set on object 'Object Repository/VLink/Page_CCSale/txt_UDF10'

2024-05-18 17:00:27 - [MESSAGE][PASSED] - Object: 'Object Repository/VLink/Page_CCSale/btn_ProcessVLinkTransaction' is clicked on

2024-05-18 17:00:32 - [MESSAGE][PASSED] - vlinkPages.saleCCPage.setDataSCC is PASSED

2024-05-18 17:00:32 - [TEST_STEP][PASSED] - if (verifyTextPresent("Transaction approved, no errors", true)): null

2024-05-18 17:00:33 - [MESSAGE][PASSED] - Text 'Transaction approved, no errors' is present on page  using regular expression

2024-05-18 17:00:33 - [TEST_STEP][PASSED] - println("Transaction Approved, no errors text is present on the Confirmation page"): null

2024-05-18 17:00:33 - [TEST_STEP][PASSED] - out.println("Pass Record Number: " + row): null

2024-05-18 17:00:33 - [TEST_STEP][PASSED] - resText = "Pass": null

2024-05-18 17:00:33 - [TEST_STEP][PASSED] - pages.WriteExcel.demoKey(resText, datText, resColumn, datCloumn, fileLoc, nameSheet, row): pages.WriteExcel.demoKey is PASSED

2024-05-18 17:00:33 - [MESSAGE][PASSED] - pages.WriteExcel.demoKey is PASSED

2024-05-18 17:00:33 - [TEST_STEP][PASSED] - sdfo = getText(findTestObject("Object Repository/Page_VLinkReceipt/pre_STX")): Text of object 'Object Repository/Page_VLinkReceipt/pre_STX' is: '<STX>WICYypgqU91L                  12153322            0  Transaction approved, no errors                   0                                                                                  YPVTLMC1   <ETX>'

2024-05-18 17:00:33 - [MESSAGE][PASSED] - Text of object 'Object Repository/Page_VLinkReceipt/pre_STX' is: '<STX>WICYypgqU91L                  12153322            0  Transaction approved, no errors                   0                                                                                  YPVTLMC1   <ETX>'

2024-05-18 17:00:33 - [TEST_STEP][PASSED] - out.println("sdfo: " + sdfo): null

2024-05-18 17:00:33 - [TEST_STEP][PASSED] - remID = substring(5, 35).trim(): null

2024-05-18 17:00:33 - [TEST_STEP][PASSED] - out.println("Remittance ID: " + remID): null

2024-05-18 17:00:33 - [TEST_STEP][PASSED] - traxID = substring(35, 55).trim(): null

2024-05-18 17:00:33 - [TEST_STEP][PASSED] - out.println("Transaction ID: " + traxID): null

2024-05-18 17:00:33 - [TEST_STEP][PASSED] - out.println("End Record Number: " + row): null

2024-05-18 17:00:33 - [TEST_STEP][PASSED] - closeBrowser(): Browser is closed

2024-05-18 17:00:34 - [MESSAGE][PASSED] - Browser is closed

2024-05-18 17:00:34 - [TEST_STEP][PASSED] - ExecuteTC = findTestData(dataFile).getValue("Execute", row): null

2024-05-18 17:00:34 - [TEST_STEP][PASSED] - out.println("Value of Execute is : " + ExecuteTC): null

2024-05-18 17:00:34 - [TEST_STEP][PASSED] - if (ExecuteTC.equalsIgnoreCase("Y")): Browser is closed

2024-05-18 17:00:34 - [TEST_STEP][PASSED] - out.println("Begin Record Number: " + row): null

2024-05-18 17:00:34 - [TEST_STEP][PASSED] - today = new java.util.Date(): null

2024-05-18 17:00:34 - [TEST_STEP][PASSED] - println(today): null

2024-05-18 17:00:34 - [TEST_STEP][PASSED] - datText = today: null

2024-05-18 17:00:34 - [TEST_STEP][PASSED] - openBrowser(VLinkURL + "authcap.html"): Browser is opened with url: 'https://dev-algorithm.govolution.com/vlinktest/QA2/version_2_0/authcap.html'

2024-05-18 17:00:34 - [MESSAGE][INFO] - Starting 'Chrome' driver

2024-05-18 17:00:34 - [MESSAGE][INFO] - User set preference: ['acceptInsecureCerts', 'true']

2024-05-18 17:00:34 - [MESSAGE][INFO] - Action delay is set to 0 milliseconds

2024-05-18 17:00:36 - [MESSAGE][PASSED] - Browser is opened with url: 'https://dev-algorithm.govolution.com/vlinktest/QA2/version_2_0/authcap.html'

2024-05-18 17:00:36 - [TEST_STEP][PASSED] - maximizeWindow(): Current window maximized

2024-05-18 17:00:37 - [MESSAGE][PASSED] - Current window maximized

2024-05-18 17:00:37 - [TEST_STEP][PASSED] - vlinkPages.saleCCPage.setDataSCC(row, dataFile): vlinkPages.saleCCPage.setDataSCC is PASSED

2024-05-18 17:00:40 - [MESSAGE][PASSED] - Object 'Object Repository/VLink/Page_CCSale/txt_CardNumber' is present

2024-05-18 17:00:40 - [MESSAGE][PASSED] - Text '104' is set on object 'Object Repository/VLink/Page_CCSale/txt_TransactionType'

2024-05-18 17:00:41 - [MESSAGE][PASSED] - Text '2.0C' is set on object 'Object Repository/VLink/Page_CCSale/txt_MessageVersion'

2024-05-18 17:00:42 - [MESSAGE][PASSED] - Text 'WiC4E2zx2GLA' is set on object 'Object Repository/VLink/Page_CCSale/txt_RemID'

2024-05-18 17:00:42 - [MESSAGE][PASSED] - Text '87' is set on object 'Object Repository/VLink/Page_CCSale/txt_ApplicationId'

2024-05-18 17:00:43 - [MESSAGE][PASSED] - Text 'username' is set on object 'Object Repository/VLink/Page_CCSale/txt_Username'

2024-05-18 17:00:44 - [MESSAGE][PASSED] - Text 'password' is set on object 'Object Repository/VLink/Page_CCSale/txt_Password'

2024-05-18 17:00:45 - [MESSAGE][PASSED] - Text 'fixed_width' is set on object 'Object Repository/VLink/Page_CCSale/txt_ResponseFormat'

2024-05-18 17:00:45 - [MESSAGE][PASSED] - Text 'ECOM' is set on object 'Object Repository/VLink/Page_CCSale/txt_Category'

2024-05-18 17:00:46 - [MESSAGE][PASSED] - Text '' is set on object 'Object Repository/VLink/Page_CCSale/txt_TransactionID'

2024-05-18 17:00:47 - [MESSAGE][PASSED] - Text '' is set on object 'Object Repository/VLink/Page_CCSale/txt_ApprovalCode'

2024-05-18 17:00:47 - [MESSAGE][PASSED] - Text 'Kris Roshan' is set on object 'Object Repository/VLink/Page_CCSale/txt_CardName'

2024-05-18 17:00:48 - [MESSAGE][PASSED] - Text '258 Elm Road' is set on object 'Object Repository/VLink/Page_CCSale/txt_AL1'

2024-05-18 17:00:49 - [MESSAGE][PASSED] - Text 'Suite 56' is set on object 'Object Repository/VLink/Page_CCSale/txt_AL2'

2024-05-18 17:00:50 - [MESSAGE][PASSED] - Text 'Arlington' is set on object 'Object Repository/VLink/Page_CCSale/txt_CardCity'

2024-05-18 17:00:50 - [MESSAGE][PASSED] - Text 'VA' is set on object 'Object Repository/VLink/Page_CCSale/txt_CardState'

2024-05-18 17:00:51 - [MESSAGE][PASSED] - Text '22201' is set on object 'Object Repository/VLink/Page_CCSale/txt_CardZIP'

2024-05-18 17:00:52 - [MESSAGE][PASSED] - Text '840' is set on object 'Object Repository/VLink/Page_CCSale/txt_CountryID'

2024-05-18 17:00:52 - [MESSAGE][PASSED] - Text '1.50' is set on object 'Object Repository/VLink/Page_CCSale/txt_Amount'

2024-05-18 17:00:53 - [MESSAGE][PASSED] - Text '371449635392376' is set on object 'Object Repository/VLink/Page_CCSale/txt_CardNumber'

2024-05-18 17:00:54 - [MESSAGE][PASSED] - Text '12' is set on object 'Object Repository/VLink/Page_CCSale/txt_ExpMonth'

2024-05-18 17:00:55 - [MESSAGE][PASSED] - Text '2025' is set on object 'Object Repository/VLink/Page_CCSale/txt_ExpYear'

2024-05-18 17:00:55 - [MESSAGE][PASSED] - Text '' is set on object 'Object Repository/VLink/Page_CCSale/txt_CVV'

2024-05-18 17:00:56 - [MESSAGE][PASSED] - Text '' is set on object 'Object Repository/VLink/Page_CCSale/txt_CVVstate'

2024-05-18 17:00:57 - [MESSAGE][PASSED] - Text '' is set on object 'Object Repository/VLink/Page_CCSale/txt_TrackData'

2024-05-18 17:00:57 - [MESSAGE][PASSED] - Text '' is set on object 'Object Repository/VLink/Page_CCSale/txt_Track1Data'

2024-05-18 17:00:58 - [MESSAGE][PASSED] - Text '' is set on object 'Object Repository/VLink/Page_CCSale/txt_Track2Data'

2024-05-18 17:00:59 - [MESSAGE][PASSED] - Text 'manual' is set on object 'Object Repository/VLink/Page_CCSale/txt_POSEntryMode'

2024-05-18 17:00:59 - [MESSAGE][PASSED] - Text 'iahmed@govolution.com' is set on object 'Object Repository/VLink/Page_CCSale/txt_Email'

2024-05-18 17:01:00 - [MESSAGE][PASSED] - Text '2569362' is set on object 'Object Repository/VLink/Page_CCSale/txt_OrderNumber'

2024-05-18 17:01:01 - [MESSAGE][PASSED] - Text '1.15' is set on object 'Object Repository/VLink/Page_CCSale/txt_TaxAmount'

2024-05-18 17:01:02 - [MESSAGE][PASSED] - Text 'Charge Description' is set on object 'Object Repository/VLink/Page_CCSale/txt_ChargeDescription'

2024-05-18 17:01:02 - [MESSAGE][PASSED] - Text '147357' is set on object 'Object Repository/VLink/Page_CCSale/txt_CAN'

2024-05-18 17:01:03 - [MESSAGE][PASSED] - Text '1' is set on object 'Object Repository/VLink/Page_CCSale/txt_BillPaymentIndicator'

2024-05-18 17:01:04 - [MESSAGE][PASSED] - Text 'UDF Data 1' is set on object 'Object Repository/VLink/Page_CCSale/txt_UDF1'

2024-05-18 17:01:04 - [MESSAGE][PASSED] - Text 'UDF Data 2' is set on object 'Object Repository/VLink/Page_CCSale/txt_UDF2'

2024-05-18 17:01:05 - [MESSAGE][PASSED] - Text 'UDF Data 3' is set on object 'Object Repository/VLink/Page_CCSale/txt_UDF3'

2024-05-18 17:01:06 - [MESSAGE][PASSED] - Text 'UDF Data 4' is set on object 'Object Repository/VLink/Page_CCSale/txt_UDF4'

2024-05-18 17:01:06 - [MESSAGE][PASSED] - Text 'UDF Data 5' is set on object 'Object Repository/VLink/Page_CCSale/txt_UDF5'

2024-05-18 17:01:07 - [MESSAGE][PASSED] - Text 'UDF Data 6' is set on object 'Object Repository/VLink/Page_CCSale/txt_UDF6'

2024-05-18 17:01:08 - [MESSAGE][PASSED] - Text 'UDF Data 7' is set on object 'Object Repository/VLink/Page_CCSale/txt_UDF7'

2024-05-18 17:01:08 - [MESSAGE][PASSED] - Text 'UDF Data 8' is set on object 'Object Repository/VLink/Page_CCSale/txt_UDF8'

2024-05-18 17:01:09 - [MESSAGE][PASSED] - Text 'UDF Data 9' is set on object 'Object Repository/VLink/Page_CCSale/txt_UDF9'

2024-05-18 17:01:10 - [MESSAGE][PASSED] - Text 'UDF Data 10' is set on object 'Object Repository/VLink/Page_CCSale/txt_UDF10'

2024-05-18 17:01:12 - [MESSAGE][PASSED] - Object: 'Object Repository/VLink/Page_CCSale/btn_ProcessVLinkTransaction' is clicked on

2024-05-18 17:01:17 - [MESSAGE][PASSED] - vlinkPages.saleCCPage.setDataSCC is PASSED

2024-05-18 17:01:17 - [TEST_STEP][PASSED] - if (verifyTextPresent("Transaction approved, no errors", true)): null

2024-05-18 17:01:17 - [MESSAGE][PASSED] - Text 'Transaction approved, no errors' is present on page  using regular expression

2024-05-18 17:01:17 - [TEST_STEP][PASSED] - println("Transaction Approved, no errors text is present on the Confirmation page"): null

2024-05-18 17:01:17 - [TEST_STEP][PASSED] - out.println("Pass Record Number: " + row): null

2024-05-18 17:01:17 - [TEST_STEP][PASSED] - resText = "Pass": null

2024-05-18 17:01:17 - [TEST_STEP][PASSED] - pages.WriteExcel.demoKey(resText, datText, resColumn, datCloumn, fileLoc, nameSheet, row): pages.WriteExcel.demoKey is PASSED

2024-05-18 17:01:18 - [MESSAGE][PASSED] - pages.WriteExcel.demoKey is PASSED

2024-05-18 17:01:18 - [TEST_STEP][PASSED] - sdfo = getText(findTestObject("Object Repository/Page_VLinkReceipt/pre_STX")): Text of object 'Object Repository/Page_VLinkReceipt/pre_STX' is: '<STX>WiC4E2zx2GLA                  12153323            0  Transaction approved, no errors                   0                                                                                  N AXS392   <ETX>'

2024-05-18 17:01:18 - [MESSAGE][PASSED] - Text of object 'Object Repository/Page_VLinkReceipt/pre_STX' is: '<STX>WiC4E2zx2GLA                  12153323            0  Transaction approved, no errors                   0                                                                                  N AXS392   <ETX>'

2024-05-18 17:01:18 - [TEST_STEP][PASSED] - out.println("sdfo: " + sdfo): null

2024-05-18 17:01:18 - [TEST_STEP][PASSED] - remID = substring(5, 35).trim(): null

2024-05-18 17:01:18 - [TEST_STEP][PASSED] - out.println("Remittance ID: " + remID): null

2024-05-18 17:01:18 - [TEST_STEP][PASSED] - traxID = substring(35, 55).trim(): null

2024-05-18 17:01:18 - [TEST_STEP][PASSED] - out.println("Transaction ID: " + traxID): null

2024-05-18 17:01:18 - [TEST_STEP][PASSED] - out.println("End Record Number: " + row): null

2024-05-18 17:01:18 - [TEST_STEP][PASSED] - closeBrowser(): Browser is closed

2024-05-18 17:01:19 - [MESSAGE][PASSED] - Browser is closed

2024-05-18 17:01:19 - [TEST_STEP][PASSED] - ExecuteTC = findTestData(dataFile).getValue("Execute", row): null

2024-05-18 17:01:19 - [TEST_STEP][PASSED] - out.println("Value of Execute is : " + ExecuteTC): null

2024-05-18 17:01:19 - [TEST_STEP][PASSED] - if (ExecuteTC.equalsIgnoreCase("Y")): Browser is closed

2024-05-18 17:01:19 - [TEST_STEP][PASSED] - out.println("Begin Record Number: " + row): null

2024-05-18 17:01:19 - [TEST_STEP][PASSED] - today = new java.util.Date(): null

2024-05-18 17:01:19 - [TEST_STEP][PASSED] - println(today): null

2024-05-18 17:01:19 - [TEST_STEP][PASSED] - datText = today: null

2024-05-18 17:01:19 - [TEST_STEP][PASSED] - openBrowser(VLinkURL + "authcap.html"): Browser is opened with url: 'https://dev-algorithm.govolution.com/vlinktest/QA2/version_2_0/authcap.html'

2024-05-18 17:01:19 - [MESSAGE][INFO] - Starting 'Chrome' driver

2024-05-18 17:01:19 - [MESSAGE][INFO] - User set preference: ['acceptInsecureCerts', 'true']

2024-05-18 17:01:19 - [MESSAGE][INFO] - Action delay is set to 0 milliseconds

2024-05-18 17:01:21 - [MESSAGE][PASSED] - Browser is opened with url: 'https://dev-algorithm.govolution.com/vlinktest/QA2/version_2_0/authcap.html'

2024-05-18 17:01:21 - [TEST_STEP][PASSED] - maximizeWindow(): Current window maximized

2024-05-18 17:01:22 - [MESSAGE][PASSED] - Current window maximized

2024-05-18 17:01:22 - [TEST_STEP][PASSED] - vlinkPages.saleCCPage.setDataSCC(row, dataFile): vlinkPages.saleCCPage.setDataSCC is PASSED

2024-05-18 17:01:25 - [MESSAGE][PASSED] - Object 'Object Repository/VLink/Page_CCSale/txt_CardNumber' is present

2024-05-18 17:01:25 - [MESSAGE][PASSED] - Text '104' is set on object 'Object Repository/VLink/Page_CCSale/txt_TransactionType'

2024-05-18 17:01:26 - [MESSAGE][PASSED] - Text '2.0C' is set on object 'Object Repository/VLink/Page_CCSale/txt_MessageVersion'

2024-05-18 17:01:27 - [MESSAGE][PASSED] - Text 'pj5DMQeVDdsz' is set on object 'Object Repository/VLink/Page_CCSale/txt_RemID'

2024-05-18 17:01:27 - [MESSAGE][PASSED] - Text '87' is set on object 'Object Repository/VLink/Page_CCSale/txt_ApplicationId'

2024-05-18 17:01:28 - [MESSAGE][PASSED] - Text 'username' is set on object 'Object Repository/VLink/Page_CCSale/txt_Username'

2024-05-18 17:01:29 - [MESSAGE][PASSED] - Text 'password' is set on object 'Object Repository/VLink/Page_CCSale/txt_Password'

2024-05-18 17:01:30 - [MESSAGE][PASSED] - Text 'fixed_width' is set on object 'Object Repository/VLink/Page_CCSale/txt_ResponseFormat'

2024-05-18 17:01:30 - [MESSAGE][PASSED] - Text 'MOTO' is set on object 'Object Repository/VLink/Page_CCSale/txt_Category'

2024-05-18 17:01:31 - [MESSAGE][PASSED] - Text '' is set on object 'Object Repository/VLink/Page_CCSale/txt_TransactionID'

2024-05-18 17:01:32 - [MESSAGE][PASSED] - Text '' is set on object 'Object Repository/VLink/Page_CCSale/txt_ApprovalCode'

2024-05-18 17:01:32 - [MESSAGE][PASSED] - Text 'Kris Roshan' is set on object 'Object Repository/VLink/Page_CCSale/txt_CardName'

2024-05-18 17:01:33 - [MESSAGE][PASSED] - Text '258 Elm Road' is set on object 'Object Repository/VLink/Page_CCSale/txt_AL1'

2024-05-18 17:01:34 - [MESSAGE][PASSED] - Text 'Suite 56' is set on object 'Object Repository/VLink/Page_CCSale/txt_AL2'

2024-05-18 17:01:34 - [MESSAGE][PASSED] - Text 'Arlington' is set on object 'Object Repository/VLink/Page_CCSale/txt_CardCity'

2024-05-18 17:01:35 - [MESSAGE][PASSED] - Text 'VA' is set on object 'Object Repository/VLink/Page_CCSale/txt_CardState'

2024-05-18 17:01:36 - [MESSAGE][PASSED] - Text '22201' is set on object 'Object Repository/VLink/Page_CCSale/txt_CardZIP'

2024-05-18 17:01:36 - [MESSAGE][PASSED] - Text '840' is set on object 'Object Repository/VLink/Page_CCSale/txt_CountryID'

2024-05-18 17:01:37 - [MESSAGE][PASSED] - Text '1.50' is set on object 'Object Repository/VLink/Page_CCSale/txt_Amount'

2024-05-18 17:01:38 - [MESSAGE][PASSED] - Text '371449635392376' is set on object 'Object Repository/VLink/Page_CCSale/txt_CardNumber'

2024-05-18 17:01:39 - [MESSAGE][PASSED] - Text '12' is set on object 'Object Repository/VLink/Page_CCSale/txt_ExpMonth'

2024-05-18 17:01:39 - [MESSAGE][PASSED] - Text '2025' is set on object 'Object Repository/VLink/Page_CCSale/txt_ExpYear'

2024-05-18 17:01:40 - [MESSAGE][PASSED] - Text '' is set on object 'Object Repository/VLink/Page_CCSale/txt_CVV'

2024-05-18 17:01:41 - [MESSAGE][PASSED] - Text '' is set on object 'Object Repository/VLink/Page_CCSale/txt_CVVstate'

2024-05-18 17:01:41 - [MESSAGE][PASSED] - Text '' is set on object 'Object Repository/VLink/Page_CCSale/txt_TrackData'

2024-05-18 17:01:42 - [MESSAGE][PASSED] - Text '' is set on object 'Object Repository/VLink/Page_CCSale/txt_Track1Data'

2024-05-18 17:01:43 - [MESSAGE][PASSED] - Text '' is set on object 'Object Repository/VLink/Page_CCSale/txt_Track2Data'

2024-05-18 17:01:43 - [MESSAGE][PASSED] - Text 'manual' is set on object 'Object Repository/VLink/Page_CCSale/txt_POSEntryMode'

2024-05-18 17:01:44 - [MESSAGE][PASSED] - Text 'iahmed@govolution.com' is set on object 'Object Repository/VLink/Page_CCSale/txt_Email'

2024-05-18 17:01:45 - [MESSAGE][PASSED] - Text '2569362' is set on object 'Object Repository/VLink/Page_CCSale/txt_OrderNumber'

2024-05-18 17:01:45 - [MESSAGE][PASSED] - Text '1.15' is set on object 'Object Repository/VLink/Page_CCSale/txt_TaxAmount'

2024-05-18 17:01:46 - [MESSAGE][PASSED] - Text 'Charge Description' is set on object 'Object Repository/VLink/Page_CCSale/txt_ChargeDescription'

2024-05-18 17:01:47 - [MESSAGE][PASSED] - Text '147357' is set on object 'Object Repository/VLink/Page_CCSale/txt_CAN'

2024-05-18 17:01:48 - [MESSAGE][PASSED] - Text '1' is set on object 'Object Repository/VLink/Page_CCSale/txt_BillPaymentIndicator'

2024-05-18 17:01:48 - [MESSAGE][PASSED] - Text 'UDF Data 1' is set on object 'Object Repository/VLink/Page_CCSale/txt_UDF1'

2024-05-18 17:01:49 - [MESSAGE][PASSED] - Text 'UDF Data 2' is set on object 'Object Repository/VLink/Page_CCSale/txt_UDF2'

2024-05-18 17:01:50 - [MESSAGE][PASSED] - Text 'UDF Data 3' is set on object 'Object Repository/VLink/Page_CCSale/txt_UDF3'

2024-05-18 17:01:50 - [MESSAGE][PASSED] - Text 'UDF Data 4' is set on object 'Object Repository/VLink/Page_CCSale/txt_UDF4'

2024-05-18 17:01:51 - [MESSAGE][PASSED] - Text 'UDF Data 5' is set on object 'Object Repository/VLink/Page_CCSale/txt_UDF5'

2024-05-18 17:01:52 - [MESSAGE][PASSED] - Text 'UDF Data 6' is set on object 'Object Repository/VLink/Page_CCSale/txt_UDF6'

2024-05-18 17:01:52 - [MESSAGE][PASSED] - Text 'UDF Data 7' is set on object 'Object Repository/VLink/Page_CCSale/txt_UDF7'

2024-05-18 17:01:53 - [MESSAGE][PASSED] - Text 'UDF Data 8' is set on object 'Object Repository/VLink/Page_CCSale/txt_UDF8'

2024-05-18 17:01:54 - [MESSAGE][PASSED] - Text 'UDF Data 9' is set on object 'Object Repository/VLink/Page_CCSale/txt_UDF9'

2024-05-18 17:01:55 - [MESSAGE][PASSED] - Text 'UDF Data 10' is set on object 'Object Repository/VLink/Page_CCSale/txt_UDF10'

2024-05-18 17:01:57 - [MESSAGE][PASSED] - Object: 'Object Repository/VLink/Page_CCSale/btn_ProcessVLinkTransaction' is clicked on

2024-05-18 17:02:02 - [MESSAGE][PASSED] - vlinkPages.saleCCPage.setDataSCC is PASSED

2024-05-18 17:02:02 - [TEST_STEP][PASSED] - if (verifyTextPresent("Transaction approved, no errors", true)): null

2024-05-18 17:02:02 - [MESSAGE][PASSED] - Text 'Transaction approved, no errors' is present on page  using regular expression

2024-05-18 17:02:02 - [TEST_STEP][PASSED] - println("Transaction Approved, no errors text is present on the Confirmation page"): null

2024-05-18 17:02:02 - [TEST_STEP][PASSED] - out.println("Pass Record Number: " + row): null

2024-05-18 17:02:02 - [TEST_STEP][PASSED] - resText = "Pass": null

2024-05-18 17:02:02 - [TEST_STEP][PASSED] - pages.WriteExcel.demoKey(resText, datText, resColumn, datCloumn, fileLoc, nameSheet, row): pages.WriteExcel.demoKey is PASSED

2024-05-18 17:02:02 - [MESSAGE][PASSED] - pages.WriteExcel.demoKey is PASSED

2024-05-18 17:02:02 - [TEST_STEP][PASSED] - sdfo = getText(findTestObject("Object Repository/Page_VLinkReceipt/pre_STX")): Text of object 'Object Repository/Page_VLinkReceipt/pre_STX' is: '<STX>pj5DMQeVDdsz                  12153324            0  Transaction approved, no errors                   0                                                                                  N AXS393   <ETX>'

2024-05-18 17:02:03 - [MESSAGE][PASSED] - Text of object 'Object Repository/Page_VLinkReceipt/pre_STX' is: '<STX>pj5DMQeVDdsz                  12153324            0  Transaction approved, no errors                   0                                                                                  N AXS393   <ETX>'

2024-05-18 17:02:03 - [TEST_STEP][PASSED] - out.println("sdfo: " + sdfo): null

2024-05-18 17:02:03 - [TEST_STEP][PASSED] - remID = substring(5, 35).trim(): null

2024-05-18 17:02:03 - [TEST_STEP][PASSED] - out.println("Remittance ID: " + remID): null

2024-05-18 17:02:03 - [TEST_STEP][PASSED] - traxID = substring(35, 55).trim(): null

2024-05-18 17:02:03 - [TEST_STEP][PASSED] - out.println("Transaction ID: " + traxID): null

2024-05-18 17:02:03 - [TEST_STEP][PASSED] - out.println("End Record Number: " + row): null

2024-05-18 17:02:03 - [TEST_STEP][PASSED] - closeBrowser(): Browser is closed

2024-05-18 17:02:04 - [MESSAGE][PASSED] - Browser is closed

2024-05-18 17:02:04 - [TEST_STEP][PASSED] - ExecuteTC = findTestData(dataFile).getValue("Execute", row): null

2024-05-18 17:02:04 - [TEST_STEP][PASSED] - out.println("Value of Execute is : " + ExecuteTC): null

2024-05-18 17:02:04 - [TEST_STEP][PASSED] - if (ExecuteTC.equalsIgnoreCase("Y")): Browser is closed

2024-05-18 17:02:04 - [TEST_STEP][PASSED] - out.println("Begin Record Number: " + row): null

2024-05-18 17:02:04 - [TEST_STEP][PASSED] - today = new java.util.Date(): null

2024-05-18 17:02:04 - [TEST_STEP][PASSED] - println(today): null

2024-05-18 17:02:04 - [TEST_STEP][PASSED] - datText = today: null

2024-05-18 17:02:04 - [TEST_STEP][PASSED] - openBrowser(VLinkURL + "authcap.html"): Browser is opened with url: 'https://dev-algorithm.govolution.com/vlinktest/QA2/version_2_0/authcap.html'

2024-05-18 17:02:04 - [MESSAGE][INFO] - Starting 'Chrome' driver

2024-05-18 17:02:04 - [MESSAGE][INFO] - User set preference: ['acceptInsecureCerts', 'true']

2024-05-18 17:02:04 - [MESSAGE][INFO] - Action delay is set to 0 milliseconds

2024-05-18 17:02:06 - [MESSAGE][PASSED] - Browser is opened with url: 'https://dev-algorithm.govolution.com/vlinktest/QA2/version_2_0/authcap.html'

2024-05-18 17:02:06 - [TEST_STEP][PASSED] - maximizeWindow(): Current window maximized

2024-05-18 17:02:06 - [MESSAGE][PASSED] - Current window maximized

2024-05-18 17:02:06 - [TEST_STEP][PASSED] - vlinkPages.saleCCPage.setDataSCC(row, dataFile): vlinkPages.saleCCPage.setDataSCC is PASSED

2024-05-18 17:02:09 - [MESSAGE][PASSED] - Object 'Object Repository/VLink/Page_CCSale/txt_CardNumber' is present

2024-05-18 17:02:10 - [MESSAGE][PASSED] - Text '104' is set on object 'Object Repository/VLink/Page_CCSale/txt_TransactionType'

2024-05-18 17:02:11 - [MESSAGE][PASSED] - Text '2.0C' is set on object 'Object Repository/VLink/Page_CCSale/txt_MessageVersion'

2024-05-18 17:02:11 - [MESSAGE][PASSED] - Text 'rcoXk7AAVOTh' is set on object 'Object Repository/VLink/Page_CCSale/txt_RemID'

2024-05-18 17:02:12 - [MESSAGE][PASSED] - Text '87' is set on object 'Object Repository/VLink/Page_CCSale/txt_ApplicationId'

2024-05-18 17:02:13 - [MESSAGE][PASSED] - Text 'username' is set on object 'Object Repository/VLink/Page_CCSale/txt_Username'

2024-05-18 17:02:13 - [MESSAGE][PASSED] - Text 'password' is set on object 'Object Repository/VLink/Page_CCSale/txt_Password'

2024-05-18 17:02:14 - [MESSAGE][PASSED] - Text 'fixed_width' is set on object 'Object Repository/VLink/Page_CCSale/txt_ResponseFormat'

2024-05-18 17:02:15 - [MESSAGE][PASSED] - Text 'RETL' is set on object 'Object Repository/VLink/Page_CCSale/txt_Category'

2024-05-18 17:02:15 - [MESSAGE][PASSED] - Text '' is set on object 'Object Repository/VLink/Page_CCSale/txt_TransactionID'

2024-05-18 17:02:16 - [MESSAGE][PASSED] - Text '' is set on object 'Object Repository/VLink/Page_CCSale/txt_ApprovalCode'

2024-05-18 17:02:17 - [MESSAGE][PASSED] - Text 'Kris Roshan' is set on object 'Object Repository/VLink/Page_CCSale/txt_CardName'

2024-05-18 17:02:17 - [MESSAGE][PASSED] - Text '258 Elm Road' is set on object 'Object Repository/VLink/Page_CCSale/txt_AL1'

2024-05-18 17:02:18 - [MESSAGE][PASSED] - Text 'Suite 56' is set on object 'Object Repository/VLink/Page_CCSale/txt_AL2'

2024-05-18 17:02:19 - [MESSAGE][PASSED] - Text 'Arlington' is set on object 'Object Repository/VLink/Page_CCSale/txt_CardCity'

2024-05-18 17:02:20 - [MESSAGE][PASSED] - Text 'VA' is set on object 'Object Repository/VLink/Page_CCSale/txt_CardState'

2024-05-18 17:02:20 - [MESSAGE][PASSED] - Text '22201' is set on object 'Object Repository/VLink/Page_CCSale/txt_CardZIP'

2024-05-18 17:02:21 - [MESSAGE][PASSED] - Text '840' is set on object 'Object Repository/VLink/Page_CCSale/txt_CountryID'

2024-05-18 17:02:22 - [MESSAGE][PASSED] - Text '1.50' is set on object 'Object Repository/VLink/Page_CCSale/txt_Amount'

2024-05-18 17:02:22 - [MESSAGE][PASSED] - Text '371449635392376' is set on object 'Object Repository/VLink/Page_CCSale/txt_CardNumber'

2024-05-18 17:02:23 - [MESSAGE][PASSED] - Text '12' is set on object 'Object Repository/VLink/Page_CCSale/txt_ExpMonth'

2024-05-18 17:02:24 - [MESSAGE][PASSED] - Text '2025' is set on object 'Object Repository/VLink/Page_CCSale/txt_ExpYear'

2024-05-18 17:02:24 - [MESSAGE][PASSED] - Text '' is set on object 'Object Repository/VLink/Page_CCSale/txt_CVV'

2024-05-18 17:02:25 - [MESSAGE][PASSED] - Text '' is set on object 'Object Repository/VLink/Page_CCSale/txt_CVVstate'

2024-05-18 17:02:26 - [MESSAGE][PASSED] - Text '' is set on object 'Object Repository/VLink/Page_CCSale/txt_TrackData'

2024-05-18 17:02:27 - [MESSAGE][PASSED] - Text '' is set on object 'Object Repository/VLink/Page_CCSale/txt_Track1Data'

2024-05-18 17:02:27 - [MESSAGE][PASSED] - Text '' is set on object 'Object Repository/VLink/Page_CCSale/txt_Track2Data'

2024-05-18 17:02:28 - [MESSAGE][PASSED] - Text 'manual' is set on object 'Object Repository/VLink/Page_CCSale/txt_POSEntryMode'

2024-05-18 17:02:29 - [MESSAGE][PASSED] - Text 'iahmed@govolution.com' is set on object 'Object Repository/VLink/Page_CCSale/txt_Email'

2024-05-18 17:02:29 - [MESSAGE][PASSED] - Text '2569362' is set on object 'Object Repository/VLink/Page_CCSale/txt_OrderNumber'

2024-05-18 17:02:30 - [MESSAGE][PASSED] - Text '1.15' is set on object 'Object Repository/VLink/Page_CCSale/txt_TaxAmount'

2024-05-18 17:02:31 - [MESSAGE][PASSED] - Text 'Charge Description' is set on object 'Object Repository/VLink/Page_CCSale/txt_ChargeDescription'

2024-05-18 17:02:32 - [MESSAGE][PASSED] - Text '147357' is set on object 'Object Repository/VLink/Page_CCSale/txt_CAN'

2024-05-18 17:02:32 - [MESSAGE][PASSED] - Text '1' is set on object 'Object Repository/VLink/Page_CCSale/txt_BillPaymentIndicator'

2024-05-18 17:02:33 - [MESSAGE][PASSED] - Text 'UDF Data 1' is set on object 'Object Repository/VLink/Page_CCSale/txt_UDF1'

2024-05-18 17:02:34 - [MESSAGE][PASSED] - Text 'UDF Data 2' is set on object 'Object Repository/VLink/Page_CCSale/txt_UDF2'

2024-05-18 17:02:34 - [MESSAGE][PASSED] - Text 'UDF Data 3' is set on object 'Object Repository/VLink/Page_CCSale/txt_UDF3'

2024-05-18 17:02:35 - [MESSAGE][PASSED] - Text 'UDF Data 4' is set on object 'Object Repository/VLink/Page_CCSale/txt_UDF4'

2024-05-18 17:02:36 - [MESSAGE][PASSED] - Text 'UDF Data 5' is set on object 'Object Repository/VLink/Page_CCSale/txt_UDF5'

2024-05-18 17:02:36 - [MESSAGE][PASSED] - Text 'UDF Data 6' is set on object 'Object Repository/VLink/Page_CCSale/txt_UDF6'

2024-05-18 17:02:37 - [MESSAGE][PASSED] - Text 'UDF Data 7' is set on object 'Object Repository/VLink/Page_CCSale/txt_UDF7'

2024-05-18 17:02:38 - [MESSAGE][PASSED] - Text 'UDF Data 8' is set on object 'Object Repository/VLink/Page_CCSale/txt_UDF8'

2024-05-18 17:02:38 - [MESSAGE][PASSED] - Text 'UDF Data 9' is set on object 'Object Repository/VLink/Page_CCSale/txt_UDF9'

2024-05-18 17:02:39 - [MESSAGE][PASSED] - Text 'UDF Data 10' is set on object 'Object Repository/VLink/Page_CCSale/txt_UDF10'

2024-05-18 17:02:41 - [MESSAGE][PASSED] - Object: 'Object Repository/VLink/Page_CCSale/btn_ProcessVLinkTransaction' is clicked on

2024-05-18 17:02:46 - [MESSAGE][PASSED] - vlinkPages.saleCCPage.setDataSCC is PASSED

2024-05-18 17:02:46 - [TEST_STEP][PASSED] - if (verifyTextPresent("Transaction approved, no errors", true)): null

2024-05-18 17:02:46 - [MESSAGE][PASSED] - Text 'Transaction approved, no errors' is present on page  using regular expression

2024-05-18 17:02:46 - [TEST_STEP][PASSED] - println("Transaction Approved, no errors text is present on the Confirmation page"): null

2024-05-18 17:02:46 - [TEST_STEP][PASSED] - out.println("Pass Record Number: " + row): null

2024-05-18 17:02:46 - [TEST_STEP][PASSED] - resText = "Pass": null

2024-05-18 17:02:46 - [TEST_STEP][PASSED] - pages.WriteExcel.demoKey(resText, datText, resColumn, datCloumn, fileLoc, nameSheet, row): pages.WriteExcel.demoKey is PASSED

2024-05-18 17:02:47 - [MESSAGE][PASSED] - pages.WriteExcel.demoKey is PASSED

2024-05-18 17:02:47 - [TEST_STEP][PASSED] - sdfo = getText(findTestObject("Object Repository/Page_VLinkReceipt/pre_STX")): Text of object 'Object Repository/Page_VLinkReceipt/pre_STX' is: '<STX>rcoXk7AAVOTh                  12153325            0  Transaction approved, no errors                   0                                                                                  N AXS394   <ETX>'

2024-05-18 17:02:47 - [MESSAGE][PASSED] - Text of object 'Object Repository/Page_VLinkReceipt/pre_STX' is: '<STX>rcoXk7AAVOTh                  12153325            0  Transaction approved, no errors                   0                                                                                  N AXS394   <ETX>'

2024-05-18 17:02:47 - [TEST_STEP][PASSED] - out.println("sdfo: " + sdfo): null

2024-05-18 17:02:47 - [TEST_STEP][PASSED] - remID = substring(5, 35).trim(): null

2024-05-18 17:02:47 - [TEST_STEP][PASSED] - out.println("Remittance ID: " + remID): null

2024-05-18 17:02:47 - [TEST_STEP][PASSED] - traxID = substring(35, 55).trim(): null

2024-05-18 17:02:47 - [TEST_STEP][PASSED] - out.println("Transaction ID: " + traxID): null

2024-05-18 17:02:47 - [TEST_STEP][PASSED] - out.println("End Record Number: " + row): null

2024-05-18 17:02:47 - [TEST_STEP][PASSED] - closeBrowser(): Browser is closed

2024-05-18 17:02:48 - [MESSAGE][PASSED] - Browser is closed

2024-05-18 17:02:48 - [TEST_STEP][PASSED] - ExecuteTC = findTestData(dataFile).getValue("Execute", row): null

2024-05-18 17:02:48 - [TEST_STEP][PASSED] - out.println("Value of Execute is : " + ExecuteTC): null

2024-05-18 17:02:48 - [TEST_STEP][PASSED] - if (ExecuteTC.equalsIgnoreCase("Y")): Browser is closed

2024-05-18 17:02:48 - [TEST_STEP][PASSED] - out.println("Begin Record Number: " + row): null

2024-05-18 17:02:48 - [TEST_STEP][PASSED] - today = new java.util.Date(): null

2024-05-18 17:02:48 - [TEST_STEP][PASSED] - println(today): null

2024-05-18 17:02:48 - [TEST_STEP][PASSED] - datText = today: null

2024-05-18 17:02:48 - [TEST_STEP][PASSED] - openBrowser(VLinkURL + "authcap.html"): Browser is opened with url: 'https://dev-algorithm.govolution.com/vlinktest/QA2/version_2_0/authcap.html'

2024-05-18 17:02:48 - [MESSAGE][INFO] - Starting 'Chrome' driver

2024-05-18 17:02:48 - [MESSAGE][INFO] - User set preference: ['acceptInsecureCerts', 'true']

2024-05-18 17:02:48 - [MESSAGE][INFO] - Action delay is set to 0 milliseconds

2024-05-18 17:02:50 - [MESSAGE][PASSED] - Browser is opened with url: 'https://dev-algorithm.govolution.com/vlinktest/QA2/version_2_0/authcap.html'

2024-05-18 17:02:50 - [TEST_STEP][PASSED] - maximizeWindow(): Current window maximized

2024-05-18 17:02:51 - [MESSAGE][PASSED] - Current window maximized

2024-05-18 17:02:51 - [TEST_STEP][PASSED] - vlinkPages.saleCCPage.setDataSCC(row, dataFile): vlinkPages.saleCCPage.setDataSCC is PASSED

2024-05-18 17:02:54 - [MESSAGE][PASSED] - Object 'Object Repository/VLink/Page_CCSale/txt_CardNumber' is present

2024-05-18 17:02:54 - [MESSAGE][PASSED] - Text '104' is set on object 'Object Repository/VLink/Page_CCSale/txt_TransactionType'

2024-05-18 17:02:55 - [MESSAGE][PASSED] - Text '2.0C' is set on object 'Object Repository/VLink/Page_CCSale/txt_MessageVersion'

2024-05-18 17:02:56 - [MESSAGE][PASSED] - Text 'qWAuWuxBWjhX' is set on object 'Object Repository/VLink/Page_CCSale/txt_RemID'

2024-05-18 17:02:56 - [MESSAGE][PASSED] - Text '87' is set on object 'Object Repository/VLink/Page_CCSale/txt_ApplicationId'

2024-05-18 17:02:57 - [MESSAGE][PASSED] - Text 'username' is set on object 'Object Repository/VLink/Page_CCSale/txt_Username'

2024-05-18 17:02:58 - [MESSAGE][PASSED] - Text 'password' is set on object 'Object Repository/VLink/Page_CCSale/txt_Password'

2024-05-18 17:02:58 - [MESSAGE][PASSED] - Text 'fixed_width' is set on object 'Object Repository/VLink/Page_CCSale/txt_ResponseFormat'

2024-05-18 17:02:59 - [MESSAGE][PASSED] - Text 'ECOM' is set on object 'Object Repository/VLink/Page_CCSale/txt_Category'

2024-05-18 17:03:00 - [MESSAGE][PASSED] - Text '' is set on object 'Object Repository/VLink/Page_CCSale/txt_TransactionID'

2024-05-18 17:03:00 - [MESSAGE][PASSED] - Text '' is set on object 'Object Repository/VLink/Page_CCSale/txt_ApprovalCode'

2024-05-18 17:03:01 - [MESSAGE][PASSED] - Text 'Kris Roshan' is set on object 'Object Repository/VLink/Page_CCSale/txt_CardName'

2024-05-18 17:03:02 - [MESSAGE][PASSED] - Text '258 Elm Road' is set on object 'Object Repository/VLink/Page_CCSale/txt_AL1'

2024-05-18 17:03:03 - [MESSAGE][PASSED] - Text 'Suite 56' is set on object 'Object Repository/VLink/Page_CCSale/txt_AL2'

2024-05-18 17:03:03 - [MESSAGE][PASSED] - Text 'Arlington' is set on object 'Object Repository/VLink/Page_CCSale/txt_CardCity'

2024-05-18 17:03:04 - [MESSAGE][PASSED] - Text 'VA' is set on object 'Object Repository/VLink/Page_CCSale/txt_CardState'

2024-05-18 17:03:05 - [MESSAGE][PASSED] - Text '22201' is set on object 'Object Repository/VLink/Page_CCSale/txt_CardZIP'

2024-05-18 17:03:05 - [MESSAGE][PASSED] - Text '840' is set on object 'Object Repository/VLink/Page_CCSale/txt_CountryID'

2024-05-18 17:03:06 - [MESSAGE][PASSED] - Text '1.50' is set on object 'Object Repository/VLink/Page_CCSale/txt_Amount'

2024-05-18 17:03:07 - [MESSAGE][PASSED] - Text '6011000993026909' is set on object 'Object Repository/VLink/Page_CCSale/txt_CardNumber'

2024-05-18 17:03:07 - [MESSAGE][PASSED] - Text '12' is set on object 'Object Repository/VLink/Page_CCSale/txt_ExpMonth'

2024-05-18 17:03:08 - [MESSAGE][PASSED] - Text '2025' is set on object 'Object Repository/VLink/Page_CCSale/txt_ExpYear'

2024-05-18 17:03:09 - [MESSAGE][PASSED] - Text '' is set on object 'Object Repository/VLink/Page_CCSale/txt_CVV'

2024-05-18 17:03:10 - [MESSAGE][PASSED] - Text '' is set on object 'Object Repository/VLink/Page_CCSale/txt_CVVstate'

2024-05-18 17:03:10 - [MESSAGE][PASSED] - Text '' is set on object 'Object Repository/VLink/Page_CCSale/txt_TrackData'

2024-05-18 17:03:11 - [MESSAGE][PASSED] - Text '' is set on object 'Object Repository/VLink/Page_CCSale/txt_Track1Data'

2024-05-18 17:03:12 - [MESSAGE][PASSED] - Text '' is set on object 'Object Repository/VLink/Page_CCSale/txt_Track2Data'

2024-05-18 17:03:12 - [MESSAGE][PASSED] - Text 'manual' is set on object 'Object Repository/VLink/Page_CCSale/txt_POSEntryMode'

2024-05-18 17:03:13 - [MESSAGE][PASSED] - Text 'iahmed@govolution.com' is set on object 'Object Repository/VLink/Page_CCSale/txt_Email'

2024-05-18 17:03:14 - [MESSAGE][PASSED] - Text '2569362' is set on object 'Object Repository/VLink/Page_CCSale/txt_OrderNumber'

2024-05-18 17:03:14 - [MESSAGE][PASSED] - Text '1.15' is set on object 'Object Repository/VLink/Page_CCSale/txt_TaxAmount'

2024-05-18 17:03:15 - [MESSAGE][PASSED] - Text 'Charge Description' is set on object 'Object Repository/VLink/Page_CCSale/txt_ChargeDescription'

2024-05-18 17:03:16 - [MESSAGE][PASSED] - Text '147357' is set on object 'Object Repository/VLink/Page_CCSale/txt_CAN'

2024-05-18 17:03:16 - [MESSAGE][PASSED] - Text '1' is set on object 'Object Repository/VLink/Page_CCSale/txt_BillPaymentIndicator'

2024-05-18 17:03:17 - [MESSAGE][PASSED] - Text 'UDF Data 1' is set on object 'Object Repository/VLink/Page_CCSale/txt_UDF1'

2024-05-18 17:03:18 - [MESSAGE][PASSED] - Text 'UDF Data 2' is set on object 'Object Repository/VLink/Page_CCSale/txt_UDF2'

2024-05-18 17:03:19 - [MESSAGE][PASSED] - Text 'UDF Data 3' is set on object 'Object Repository/VLink/Page_CCSale/txt_UDF3'

2024-05-18 17:03:19 - [MESSAGE][PASSED] - Text 'UDF Data 4' is set on object 'Object Repository/VLink/Page_CCSale/txt_UDF4'

2024-05-18 17:03:20 - [MESSAGE][PASSED] - Text 'UDF Data 5' is set on object 'Object Repository/VLink/Page_CCSale/txt_UDF5'

2024-05-18 17:03:21 - [MESSAGE][PASSED] - Text 'UDF Data 6' is set on object 'Object Repository/VLink/Page_CCSale/txt_UDF6'

2024-05-18 17:03:21 - [MESSAGE][PASSED] - Text 'UDF Data 7' is set on object 'Object Repository/VLink/Page_CCSale/txt_UDF7'

2024-05-18 17:03:22 - [MESSAGE][PASSED] - Text 'UDF Data 8' is set on object 'Object Repository/VLink/Page_CCSale/txt_UDF8'

2024-05-18 17:03:23 - [MESSAGE][PASSED] - Text 'UDF Data 9' is set on object 'Object Repository/VLink/Page_CCSale/txt_UDF9'

2024-05-18 17:03:23 - [MESSAGE][PASSED] - Text 'UDF Data 10' is set on object 'Object Repository/VLink/Page_CCSale/txt_UDF10'

2024-05-18 17:03:26 - [MESSAGE][PASSED] - Object: 'Object Repository/VLink/Page_CCSale/btn_ProcessVLinkTransaction' is clicked on

2024-05-18 17:03:31 - [MESSAGE][PASSED] - vlinkPages.saleCCPage.setDataSCC is PASSED

2024-05-18 17:03:31 - [TEST_STEP][PASSED] - if (verifyTextPresent("Transaction approved, no errors", true)): null

2024-05-18 17:03:31 - [MESSAGE][PASSED] - Text 'Transaction approved, no errors' is present on page  using regular expression

2024-05-18 17:03:31 - [TEST_STEP][PASSED] - println("Transaction Approved, no errors text is present on the Confirmation page"): null

2024-05-18 17:03:31 - [TEST_STEP][PASSED] - out.println("Pass Record Number: " + row): null

2024-05-18 17:03:31 - [TEST_STEP][PASSED] - resText = "Pass": null

2024-05-18 17:03:31 - [TEST_STEP][PASSED] - pages.WriteExcel.demoKey(resText, datText, resColumn, datCloumn, fileLoc, nameSheet, row): pages.WriteExcel.demoKey is PASSED

2024-05-18 17:03:31 - [MESSAGE][PASSED] - pages.WriteExcel.demoKey is PASSED

2024-05-18 17:03:31 - [TEST_STEP][PASSED] - sdfo = getText(findTestObject("Object Repository/Page_VLinkReceipt/pre_STX")): Text of object 'Object Repository/Page_VLinkReceipt/pre_STX' is: '<STX>qWAuWuxBWjhX                  12153326            0  Transaction approved, no errors                   0                                                                                  N DSC702   <ETX>'

2024-05-18 17:03:31 - [MESSAGE][PASSED] - Text of object 'Object Repository/Page_VLinkReceipt/pre_STX' is: '<STX>qWAuWuxBWjhX                  12153326            0  Transaction approved, no errors                   0                                                                                  N DSC702   <ETX>'

2024-05-18 17:03:31 - [TEST_STEP][PASSED] - out.println("sdfo: " + sdfo): null

2024-05-18 17:03:31 - [TEST_STEP][PASSED] - remID = substring(5, 35).trim(): null

2024-05-18 17:03:31 - [TEST_STEP][PASSED] - out.println("Remittance ID: " + remID): null

2024-05-18 17:03:31 - [TEST_STEP][PASSED] - traxID = substring(35, 55).trim(): null

2024-05-18 17:03:31 - [TEST_STEP][PASSED] - out.println("Transaction ID: " + traxID): null

2024-05-18 17:03:31 - [TEST_STEP][PASSED] - out.println("End Record Number: " + row): null

2024-05-18 17:03:31 - [TEST_STEP][PASSED] - closeBrowser(): Browser is closed

2024-05-18 17:03:33 - [MESSAGE][PASSED] - Browser is closed

2024-05-18 17:03:33 - [TEST_STEP][PASSED] - ExecuteTC = findTestData(dataFile).getValue("Execute", row): null

2024-05-18 17:03:33 - [TEST_STEP][PASSED] - out.println("Value of Execute is : " + ExecuteTC): null

2024-05-18 17:03:33 - [TEST_STEP][PASSED] - if (ExecuteTC.equalsIgnoreCase("Y")): Browser is closed

2024-05-18 17:03:33 - [TEST_STEP][PASSED] - out.println("Begin Record Number: " + row): null

2024-05-18 17:03:33 - [TEST_STEP][PASSED] - today = new java.util.Date(): null

2024-05-18 17:03:33 - [TEST_STEP][PASSED] - println(today): null

2024-05-18 17:03:33 - [TEST_STEP][PASSED] - datText = today: null

2024-05-18 17:03:33 - [TEST_STEP][PASSED] - openBrowser(VLinkURL + "authcap.html"): Browser is opened with url: 'https://dev-algorithm.govolution.com/vlinktest/QA2/version_2_0/authcap.html'

2024-05-18 17:03:33 - [MESSAGE][INFO] - Starting 'Chrome' driver

2024-05-18 17:03:33 - [MESSAGE][INFO] - User set preference: ['acceptInsecureCerts', 'true']

2024-05-18 17:03:33 - [MESSAGE][INFO] - Action delay is set to 0 milliseconds

2024-05-18 17:03:35 - [MESSAGE][PASSED] - Browser is opened with url: 'https://dev-algorithm.govolution.com/vlinktest/QA2/version_2_0/authcap.html'

2024-05-18 17:03:35 - [TEST_STEP][PASSED] - maximizeWindow(): Current window maximized

2024-05-18 17:03:35 - [MESSAGE][PASSED] - Current window maximized

2024-05-18 17:03:35 - [TEST_STEP][PASSED] - vlinkPages.saleCCPage.setDataSCC(row, dataFile): vlinkPages.saleCCPage.setDataSCC is PASSED

2024-05-18 17:03:38 - [MESSAGE][PASSED] - Object 'Object Repository/VLink/Page_CCSale/txt_CardNumber' is present

2024-05-18 17:03:39 - [MESSAGE][PASSED] - Text '104' is set on object 'Object Repository/VLink/Page_CCSale/txt_TransactionType'

2024-05-18 17:03:39 - [MESSAGE][PASSED] - Text '2.0C' is set on object 'Object Repository/VLink/Page_CCSale/txt_MessageVersion'

2024-05-18 17:03:40 - [MESSAGE][PASSED] - Text 'Oe6qhhDiw1KW' is set on object 'Object Repository/VLink/Page_CCSale/txt_RemID'

2024-05-18 17:03:41 - [MESSAGE][PASSED] - Text '87' is set on object 'Object Repository/VLink/Page_CCSale/txt_ApplicationId'

2024-05-18 17:03:41 - [MESSAGE][PASSED] - Text 'username' is set on object 'Object Repository/VLink/Page_CCSale/txt_Username'

2024-05-18 17:03:42 - [MESSAGE][PASSED] - Text 'password' is set on object 'Object Repository/VLink/Page_CCSale/txt_Password'

2024-05-18 17:03:43 - [MESSAGE][PASSED] - Text 'fixed_width' is set on object 'Object Repository/VLink/Page_CCSale/txt_ResponseFormat'

2024-05-18 17:03:44 - [MESSAGE][PASSED] - Text 'MOTO' is set on object 'Object Repository/VLink/Page_CCSale/txt_Category'

2024-05-18 17:03:44 - [MESSAGE][PASSED] - Text '' is set on object 'Object Repository/VLink/Page_CCSale/txt_TransactionID'

2024-05-18 17:03:45 - [MESSAGE][PASSED] - Text '' is set on object 'Object Repository/VLink/Page_CCSale/txt_ApprovalCode'

2024-05-18 17:03:46 - [MESSAGE][PASSED] - Text 'Kris Roshan' is set on object 'Object Repository/VLink/Page_CCSale/txt_CardName'

2024-05-18 17:03:46 - [MESSAGE][PASSED] - Text '258 Elm Road' is set on object 'Object Repository/VLink/Page_CCSale/txt_AL1'

2024-05-18 17:03:47 - [MESSAGE][PASSED] - Text 'Suite 56' is set on object 'Object Repository/VLink/Page_CCSale/txt_AL2'

2024-05-18 17:03:48 - [MESSAGE][PASSED] - Text 'Arlington' is set on object 'Object Repository/VLink/Page_CCSale/txt_CardCity'

2024-05-18 17:03:48 - [MESSAGE][PASSED] - Text 'VA' is set on object 'Object Repository/VLink/Page_CCSale/txt_CardState'

2024-05-18 17:03:49 - [MESSAGE][PASSED] - Text '22201' is set on object 'Object Repository/VLink/Page_CCSale/txt_CardZIP'

2024-05-18 17:03:50 - [MESSAGE][PASSED] - Text '840' is set on object 'Object Repository/VLink/Page_CCSale/txt_CountryID'

2024-05-18 17:03:51 - [MESSAGE][PASSED] - Text '1.50' is set on object 'Object Repository/VLink/Page_CCSale/txt_Amount'

2024-05-18 17:03:51 - [MESSAGE][PASSED] - Text '6011000993026909' is set on object 'Object Repository/VLink/Page_CCSale/txt_CardNumber'

2024-05-18 17:03:52 - [MESSAGE][PASSED] - Text '12' is set on object 'Object Repository/VLink/Page_CCSale/txt_ExpMonth'

2024-05-18 17:03:53 - [MESSAGE][PASSED] - Text '2025' is set on object 'Object Repository/VLink/Page_CCSale/txt_ExpYear'

2024-05-18 17:03:53 - [MESSAGE][PASSED] - Text '' is set on object 'Object Repository/VLink/Page_CCSale/txt_CVV'

2024-05-18 17:03:54 - [MESSAGE][PASSED] - Text '' is set on object 'Object Repository/VLink/Page_CCSale/txt_CVVstate'

2024-05-18 17:03:55 - [MESSAGE][PASSED] - Text '' is set on object 'Object Repository/VLink/Page_CCSale/txt_TrackData'

2024-05-18 17:03:55 - [MESSAGE][PASSED] - Text '' is set on object 'Object Repository/VLink/Page_CCSale/txt_Track1Data'

2024-05-18 17:03:56 - [MESSAGE][PASSED] - Text '' is set on object 'Object Repository/VLink/Page_CCSale/txt_Track2Data'

2024-05-18 17:03:57 - [MESSAGE][PASSED] - Text 'manual' is set on object 'Object Repository/VLink/Page_CCSale/txt_POSEntryMode'

2024-05-18 17:03:58 - [MESSAGE][PASSED] - Text 'iahmed@govolution.com' is set on object 'Object Repository/VLink/Page_CCSale/txt_Email'

2024-05-18 17:03:58 - [MESSAGE][PASSED] - Text '2569362' is set on object 'Object Repository/VLink/Page_CCSale/txt_OrderNumber'

2024-05-18 17:03:59 - [MESSAGE][PASSED] - Text '1.15' is set on object 'Object Repository/VLink/Page_CCSale/txt_TaxAmount'

2024-05-18 17:04:00 - [MESSAGE][PASSED] - Text 'Charge Description' is set on object 'Object Repository/VLink/Page_CCSale/txt_ChargeDescription'

2024-05-18 17:04:00 - [MESSAGE][PASSED] - Text '147357' is set on object 'Object Repository/VLink/Page_CCSale/txt_CAN'

2024-05-18 17:04:01 - [MESSAGE][PASSED] - Text '1' is set on object 'Object Repository/VLink/Page_CCSale/txt_BillPaymentIndicator'

2024-05-18 17:04:02 - [MESSAGE][PASSED] - Text 'UDF Data 1' is set on object 'Object Repository/VLink/Page_CCSale/txt_UDF1'

2024-05-18 17:04:02 - [MESSAGE][PASSED] - Text 'UDF Data 2' is set on object 'Object Repository/VLink/Page_CCSale/txt_UDF2'

2024-05-18 17:04:03 - [MESSAGE][PASSED] - Text 'UDF Data 3' is set on object 'Object Repository/VLink/Page_CCSale/txt_UDF3'

2024-05-18 17:04:04 - [MESSAGE][PASSED] - Text 'UDF Data 4' is set on object 'Object Repository/VLink/Page_CCSale/txt_UDF4'

2024-05-18 17:04:04 - [MESSAGE][PASSED] - Text 'UDF Data 5' is set on object 'Object Repository/VLink/Page_CCSale/txt_UDF5'

2024-05-18 17:04:05 - [MESSAGE][PASSED] - Text 'UDF Data 6' is set on object 'Object Repository/VLink/Page_CCSale/txt_UDF6'

2024-05-18 17:04:06 - [MESSAGE][PASSED] - Text 'UDF Data 7' is set on object 'Object Repository/VLink/Page_CCSale/txt_UDF7'

2024-05-18 17:04:07 - [MESSAGE][PASSED] - Text 'UDF Data 8' is set on object 'Object Repository/VLink/Page_CCSale/txt_UDF8'

2024-05-18 17:04:07 - [MESSAGE][PASSED] - Text 'UDF Data 9' is set on object 'Object Repository/VLink/Page_CCSale/txt_UDF9'

2024-05-18 17:04:08 - [MESSAGE][PASSED] - Text 'UDF Data 10' is set on object 'Object Repository/VLink/Page_CCSale/txt_UDF10'

2024-05-18 17:04:10 - [MESSAGE][PASSED] - Object: 'Object Repository/VLink/Page_CCSale/btn_ProcessVLinkTransaction' is clicked on

2024-05-18 17:04:15 - [MESSAGE][PASSED] - vlinkPages.saleCCPage.setDataSCC is PASSED

2024-05-18 17:04:15 - [TEST_STEP][PASSED] - if (verifyTextPresent("Transaction approved, no errors", true)): null

2024-05-18 17:04:15 - [MESSAGE][PASSED] - Text 'Transaction approved, no errors' is present on page  using regular expression

2024-05-18 17:04:15 - [TEST_STEP][PASSED] - println("Transaction Approved, no errors text is present on the Confirmation page"): null

2024-05-18 17:04:15 - [TEST_STEP][PASSED] - out.println("Pass Record Number: " + row): null

2024-05-18 17:04:15 - [TEST_STEP][PASSED] - resText = "Pass": null

2024-05-18 17:04:15 - [TEST_STEP][PASSED] - pages.WriteExcel.demoKey(resText, datText, resColumn, datCloumn, fileLoc, nameSheet, row): pages.WriteExcel.demoKey is PASSED

2024-05-18 17:04:15 - [MESSAGE][PASSED] - pages.WriteExcel.demoKey is PASSED

2024-05-18 17:04:15 - [TEST_STEP][PASSED] - sdfo = getText(findTestObject("Object Repository/Page_VLinkReceipt/pre_STX")): Text of object 'Object Repository/Page_VLinkReceipt/pre_STX' is: '<STX>Oe6qhhDiw1KW                  12153327            0  Transaction approved, no errors                   0                                                                                  N DSC703   <ETX>'

2024-05-18 17:04:16 - [MESSAGE][PASSED] - Text of object 'Object Repository/Page_VLinkReceipt/pre_STX' is: '<STX>Oe6qhhDiw1KW                  12153327            0  Transaction approved, no errors                   0                                                                                  N DSC703   <ETX>'

2024-05-18 17:04:16 - [TEST_STEP][PASSED] - out.println("sdfo: " + sdfo): null

2024-05-18 17:04:16 - [TEST_STEP][PASSED] - remID = substring(5, 35).trim(): null

2024-05-18 17:04:16 - [TEST_STEP][PASSED] - out.println("Remittance ID: " + remID): null

2024-05-18 17:04:16 - [TEST_STEP][PASSED] - traxID = substring(35, 55).trim(): null

2024-05-18 17:04:16 - [TEST_STEP][PASSED] - out.println("Transaction ID: " + traxID): null

2024-05-18 17:04:16 - [TEST_STEP][PASSED] - out.println("End Record Number: " + row): null

2024-05-18 17:04:16 - [TEST_STEP][PASSED] - closeBrowser(): Browser is closed

2024-05-18 17:04:17 - [MESSAGE][PASSED] - Browser is closed

2024-05-18 17:04:17 - [TEST_STEP][PASSED] - ExecuteTC = findTestData(dataFile).getValue("Execute", row): null

2024-05-18 17:04:17 - [TEST_STEP][PASSED] - out.println("Value of Execute is : " + ExecuteTC): null

2024-05-18 17:04:17 - [TEST_STEP][PASSED] - if (ExecuteTC.equalsIgnoreCase("Y")): Browser is closed

2024-05-18 17:04:17 - [TEST_STEP][PASSED] - out.println("Begin Record Number: " + row): null

2024-05-18 17:04:17 - [TEST_STEP][PASSED] - today = new java.util.Date(): null

2024-05-18 17:04:17 - [TEST_STEP][PASSED] - println(today): null

2024-05-18 17:04:17 - [TEST_STEP][PASSED] - datText = today: null

2024-05-18 17:04:17 - [TEST_STEP][PASSED] - openBrowser(VLinkURL + "authcap.html"): Browser is opened with url: 'https://dev-algorithm.govolution.com/vlinktest/QA2/version_2_0/authcap.html'

2024-05-18 17:04:17 - [MESSAGE][INFO] - Starting 'Chrome' driver

2024-05-18 17:04:17 - [MESSAGE][INFO] - User set preference: ['acceptInsecureCerts', 'true']

2024-05-18 17:04:17 - [MESSAGE][INFO] - Action delay is set to 0 milliseconds

2024-05-18 17:04:19 - [MESSAGE][PASSED] - Browser is opened with url: 'https://dev-algorithm.govolution.com/vlinktest/QA2/version_2_0/authcap.html'

2024-05-18 17:04:19 - [TEST_STEP][PASSED] - maximizeWindow(): Current window maximized

2024-05-18 17:04:19 - [MESSAGE][PASSED] - Current window maximized

2024-05-18 17:04:19 - [TEST_STEP][PASSED] - vlinkPages.saleCCPage.setDataSCC(row, dataFile): vlinkPages.saleCCPage.setDataSCC is PASSED

2024-05-18 17:04:22 - [MESSAGE][PASSED] - Object 'Object Repository/VLink/Page_CCSale/txt_CardNumber' is present

2024-05-18 17:04:23 - [MESSAGE][PASSED] - Text '104' is set on object 'Object Repository/VLink/Page_CCSale/txt_TransactionType'

2024-05-18 17:04:24 - [MESSAGE][PASSED] - Text '2.0C' is set on object 'Object Repository/VLink/Page_CCSale/txt_MessageVersion'

2024-05-18 17:04:24 - [MESSAGE][PASSED] - Text 'AiInnfkwTMge' is set on object 'Object Repository/VLink/Page_CCSale/txt_RemID'

2024-05-18 17:04:25 - [MESSAGE][PASSED] - Text '87' is set on object 'Object Repository/VLink/Page_CCSale/txt_ApplicationId'

2024-05-18 17:04:26 - [MESSAGE][PASSED] - Text 'username' is set on object 'Object Repository/VLink/Page_CCSale/txt_Username'

2024-05-18 17:04:26 - [MESSAGE][PASSED] - Text 'password' is set on object 'Object Repository/VLink/Page_CCSale/txt_Password'

2024-05-18 17:04:27 - [MESSAGE][PASSED] - Text 'fixed_width' is set on object 'Object Repository/VLink/Page_CCSale/txt_ResponseFormat'

2024-05-18 17:04:28 - [MESSAGE][PASSED] - Text 'RETL' is set on object 'Object Repository/VLink/Page_CCSale/txt_Category'

2024-05-18 17:04:29 - [MESSAGE][PASSED] - Text '' is set on object 'Object Repository/VLink/Page_CCSale/txt_TransactionID'

2024-05-18 17:04:29 - [MESSAGE][PASSED] - Text '' is set on object 'Object Repository/VLink/Page_CCSale/txt_ApprovalCode'

2024-05-18 17:04:30 - [MESSAGE][PASSED] - Text 'Kris Roshan' is set on object 'Object Repository/VLink/Page_CCSale/txt_CardName'

2024-05-18 17:04:31 - [MESSAGE][PASSED] - Text '258 Elm Road' is set on object 'Object Repository/VLink/Page_CCSale/txt_AL1'

2024-05-18 17:04:31 - [MESSAGE][PASSED] - Text 'Suite 56' is set on object 'Object Repository/VLink/Page_CCSale/txt_AL2'

2024-05-18 17:04:32 - [MESSAGE][PASSED] - Text 'Arlington' is set on object 'Object Repository/VLink/Page_CCSale/txt_CardCity'

2024-05-18 17:04:33 - [MESSAGE][PASSED] - Text 'VA' is set on object 'Object Repository/VLink/Page_CCSale/txt_CardState'

2024-05-18 17:04:34 - [MESSAGE][PASSED] - Text '22201' is set on object 'Object Repository/VLink/Page_CCSale/txt_CardZIP'

2024-05-18 17:04:34 - [MESSAGE][PASSED] - Text '840' is set on object 'Object Repository/VLink/Page_CCSale/txt_CountryID'

2024-05-18 17:04:35 - [MESSAGE][PASSED] - Text '1.50' is set on object 'Object Repository/VLink/Page_CCSale/txt_Amount'

2024-05-18 17:04:36 - [MESSAGE][PASSED] - Text '6011000993026909' is set on object 'Object Repository/VLink/Page_CCSale/txt_CardNumber'

2024-05-18 17:04:36 - [MESSAGE][PASSED] - Text '12' is set on object 'Object Repository/VLink/Page_CCSale/txt_ExpMonth'

2024-05-18 17:04:37 - [MESSAGE][PASSED] - Text '2025' is set on object 'Object Repository/VLink/Page_CCSale/txt_ExpYear'

2024-05-18 17:04:38 - [MESSAGE][PASSED] - Text '' is set on object 'Object Repository/VLink/Page_CCSale/txt_CVV'

2024-05-18 17:04:38 - [MESSAGE][PASSED] - Text '' is set on object 'Object Repository/VLink/Page_CCSale/txt_CVVstate'

2024-05-18 17:04:39 - [MESSAGE][PASSED] - Text '' is set on object 'Object Repository/VLink/Page_CCSale/txt_TrackData'

2024-05-18 17:04:40 - [MESSAGE][PASSED] - Text '' is set on object 'Object Repository/VLink/Page_CCSale/txt_Track1Data'

2024-05-18 17:04:40 - [MESSAGE][PASSED] - Text '' is set on object 'Object Repository/VLink/Page_CCSale/txt_Track2Data'

2024-05-18 17:04:41 - [MESSAGE][PASSED] - Text 'manual' is set on object 'Object Repository/VLink/Page_CCSale/txt_POSEntryMode'

2024-05-18 17:04:42 - [MESSAGE][PASSED] - Text 'iahmed@govolution.com' is set on object 'Object Repository/VLink/Page_CCSale/txt_Email'

2024-05-18 17:04:43 - [MESSAGE][PASSED] - Text '2569362' is set on object 'Object Repository/VLink/Page_CCSale/txt_OrderNumber'

2024-05-18 17:04:43 - [MESSAGE][PASSED] - Text '1.15' is set on object 'Object Repository/VLink/Page_CCSale/txt_TaxAmount'

2024-05-18 17:04:44 - [MESSAGE][PASSED] - Text 'Charge Description' is set on object 'Object Repository/VLink/Page_CCSale/txt_ChargeDescription'

2024-05-18 17:04:45 - [MESSAGE][PASSED] - Text '147357' is set on object 'Object Repository/VLink/Page_CCSale/txt_CAN'

2024-05-18 17:04:45 - [MESSAGE][PASSED] - Text '1' is set on object 'Object Repository/VLink/Page_CCSale/txt_BillPaymentIndicator'

2024-05-18 17:04:46 - [MESSAGE][PASSED] - Text 'UDF Data 1' is set on object 'Object Repository/VLink/Page_CCSale/txt_UDF1'

2024-05-18 17:04:47 - [MESSAGE][PASSED] - Text 'UDF Data 2' is set on object 'Object Repository/VLink/Page_CCSale/txt_UDF2'

2024-05-18 17:04:47 - [MESSAGE][PASSED] - Text 'UDF Data 3' is set on object 'Object Repository/VLink/Page_CCSale/txt_UDF3'

2024-05-18 17:04:48 - [MESSAGE][PASSED] - Text 'UDF Data 4' is set on object 'Object Repository/VLink/Page_CCSale/txt_UDF4'

2024-05-18 17:04:49 - [MESSAGE][PASSED] - Text 'UDF Data 5' is set on object 'Object Repository/VLink/Page_CCSale/txt_UDF5'

2024-05-18 17:04:50 - [MESSAGE][PASSED] - Text 'UDF Data 6' is set on object 'Object Repository/VLink/Page_CCSale/txt_UDF6'

2024-05-18 17:04:50 - [MESSAGE][PASSED] - Text 'UDF Data 7' is set on object 'Object Repository/VLink/Page_CCSale/txt_UDF7'

2024-05-18 17:04:51 - [MESSAGE][PASSED] - Text 'UDF Data 8' is set on object 'Object Repository/VLink/Page_CCSale/txt_UDF8'

2024-05-18 17:04:52 - [MESSAGE][PASSED] - Text 'UDF Data 9' is set on object 'Object Repository/VLink/Page_CCSale/txt_UDF9'

2024-05-18 17:04:52 - [MESSAGE][PASSED] - Text 'UDF Data 10' is set on object 'Object Repository/VLink/Page_CCSale/txt_UDF10'

2024-05-18 17:04:54 - [MESSAGE][PASSED] - Object: 'Object Repository/VLink/Page_CCSale/btn_ProcessVLinkTransaction' is clicked on

2024-05-18 17:04:59 - [MESSAGE][PASSED] - vlinkPages.saleCCPage.setDataSCC is PASSED

2024-05-18 17:04:59 - [TEST_STEP][PASSED] - if (verifyTextPresent("Transaction approved, no errors", true)): null

2024-05-18 17:05:00 - [MESSAGE][PASSED] - Text 'Transaction approved, no errors' is present on page  using regular expression

2024-05-18 17:05:00 - [TEST_STEP][PASSED] - println("Transaction Approved, no errors text is present on the Confirmation page"): null

2024-05-18 17:05:00 - [TEST_STEP][PASSED] - out.println("Pass Record Number: " + row): null

2024-05-18 17:05:00 - [TEST_STEP][PASSED] - resText = "Pass": null

2024-05-18 17:05:00 - [TEST_STEP][PASSED] - pages.WriteExcel.demoKey(resText, datText, resColumn, datCloumn, fileLoc, nameSheet, row): pages.WriteExcel.demoKey is PASSED

2024-05-18 17:05:00 - [MESSAGE][PASSED] - pages.WriteExcel.demoKey is PASSED

2024-05-18 17:05:00 - [TEST_STEP][PASSED] - sdfo = getText(findTestObject("Object Repository/Page_VLinkReceipt/pre_STX")): Text of object 'Object Repository/Page_VLinkReceipt/pre_STX' is: '<STX>AiInnfkwTMge                  12153328            0  Transaction approved, no errors                   0                                                                                  N DSC704   <ETX>'

2024-05-18 17:05:00 - [MESSAGE][PASSED] - Text of object 'Object Repository/Page_VLinkReceipt/pre_STX' is: '<STX>AiInnfkwTMge                  12153328            0  Transaction approved, no errors                   0                                                                                  N DSC704   <ETX>'

2024-05-18 17:05:00 - [TEST_STEP][PASSED] - out.println("sdfo: " + sdfo): null

2024-05-18 17:05:00 - [TEST_STEP][PASSED] - remID = substring(5, 35).trim(): null

2024-05-18 17:05:00 - [TEST_STEP][PASSED] - out.println("Remittance ID: " + remID): null

2024-05-18 17:05:00 - [TEST_STEP][PASSED] - traxID = substring(35, 55).trim(): null

2024-05-18 17:05:00 - [TEST_STEP][PASSED] - out.println("Transaction ID: " + traxID): null

2024-05-18 17:05:00 - [TEST_STEP][PASSED] - out.println("End Record Number: " + row): null

2024-05-18 17:05:00 - [TEST_STEP][PASSED] - closeBrowser(): Browser is closed

2024-05-18 17:05:01 - [MESSAGE][PASSED] - Browser is closed

2024-05-18 17:05:01 - [TEST_STEP][PASSED] - ExecuteTC = findTestData(dataFile).getValue("Execute", row): null

2024-05-18 17:05:01 - [TEST_STEP][PASSED] - out.println("Value of Execute is : " + ExecuteTC): null

2024-05-18 17:05:01 - [TEST_STEP][PASSED] - if (ExecuteTC.equalsIgnoreCase("Y")): Browser is closed

2024-05-18 17:05:01 - [TEST_STEP][PASSED] - out.println("Begin Record Number: " + row): null

2024-05-18 17:05:01 - [TEST_STEP][PASSED] - today = new java.util.Date(): null

2024-05-18 17:05:01 - [TEST_STEP][PASSED] - println(today): null

2024-05-18 17:05:01 - [TEST_STEP][PASSED] - datText = today: null

2024-05-18 17:05:01 - [TEST_STEP][PASSED] - openBrowser(VLinkURL + "authcap.html"): Browser is opened with url: 'https://dev-algorithm.govolution.com/vlinktest/QA2/version_2_0/authcap.html'

2024-05-18 17:05:01 - [MESSAGE][INFO] - Starting 'Chrome' driver

2024-05-18 17:05:01 - [MESSAGE][INFO] - User set preference: ['acceptInsecureCerts', 'true']

2024-05-18 17:05:01 - [MESSAGE][INFO] - Action delay is set to 0 milliseconds

2024-05-18 17:05:03 - [MESSAGE][PASSED] - Browser is opened with url: 'https://dev-algorithm.govolution.com/vlinktest/QA2/version_2_0/authcap.html'

2024-05-18 17:05:03 - [TEST_STEP][PASSED] - maximizeWindow(): Current window maximized

2024-05-18 17:05:04 - [MESSAGE][PASSED] - Current window maximized

2024-05-18 17:05:04 - [TEST_STEP][PASSED] - vlinkPages.saleCCPage.setDataSCC(row, dataFile): vlinkPages.saleCCPage.setDataSCC is PASSED

2024-05-18 17:05:07 - [MESSAGE][PASSED] - Object 'Object Repository/VLink/Page_CCSale/txt_CardNumber' is present

2024-05-18 17:05:07 - [MESSAGE][PASSED] - Text '104' is set on object 'Object Repository/VLink/Page_CCSale/txt_TransactionType'

2024-05-18 17:05:08 - [MESSAGE][PASSED] - Text '2.0C' is set on object 'Object Repository/VLink/Page_CCSale/txt_MessageVersion'

2024-05-18 17:05:09 - [MESSAGE][PASSED] - Text 'FT1NRn9Bm5YL' is set on object 'Object Repository/VLink/Page_CCSale/txt_RemID'

2024-05-18 17:05:09 - [MESSAGE][PASSED] - Text '581' is set on object 'Object Repository/VLink/Page_CCSale/txt_ApplicationId'

2024-05-18 17:05:10 - [MESSAGE][PASSED] - Text 'usr581' is set on object 'Object Repository/VLink/Page_CCSale/txt_Username'

2024-05-18 17:05:11 - [MESSAGE][PASSED] - Text 'pwd581' is set on object 'Object Repository/VLink/Page_CCSale/txt_Password'

2024-05-18 17:05:12 - [MESSAGE][PASSED] - Text 'fixed_width' is set on object 'Object Repository/VLink/Page_CCSale/txt_ResponseFormat'

2024-05-18 17:05:12 - [MESSAGE][PASSED] - Text 'ECOM' is set on object 'Object Repository/VLink/Page_CCSale/txt_Category'

2024-05-18 17:05:13 - [MESSAGE][PASSED] - Text '' is set on object 'Object Repository/VLink/Page_CCSale/txt_TransactionID'

2024-05-18 17:05:14 - [MESSAGE][PASSED] - Text '' is set on object 'Object Repository/VLink/Page_CCSale/txt_ApprovalCode'

2024-05-18 17:05:15 - [MESSAGE][PASSED] - Text 'Kris Roshan' is set on object 'Object Repository/VLink/Page_CCSale/txt_CardName'

2024-05-18 17:05:15 - [MESSAGE][PASSED] - Text '258 Elm Road' is set on object 'Object Repository/VLink/Page_CCSale/txt_AL1'

2024-05-18 17:05:16 - [MESSAGE][PASSED] - Text 'Suite 56' is set on object 'Object Repository/VLink/Page_CCSale/txt_AL2'

2024-05-18 17:05:17 - [MESSAGE][PASSED] - Text 'Arlington' is set on object 'Object Repository/VLink/Page_CCSale/txt_CardCity'

2024-05-18 17:05:17 - [MESSAGE][PASSED] - Text 'VA' is set on object 'Object Repository/VLink/Page_CCSale/txt_CardState'

2024-05-18 17:05:18 - [MESSAGE][PASSED] - Text '22201' is set on object 'Object Repository/VLink/Page_CCSale/txt_CardZIP'

2024-05-18 17:05:19 - [MESSAGE][PASSED] - Text '840' is set on object 'Object Repository/VLink/Page_CCSale/txt_CountryID'

2024-05-18 17:05:19 - [MESSAGE][PASSED] - Text '1.50' is set on object 'Object Repository/VLink/Page_CCSale/txt_Amount'

2024-05-18 17:05:20 - [MESSAGE][PASSED] - Text '4012000098765439' is set on object 'Object Repository/VLink/Page_CCSale/txt_CardNumber'

2024-05-18 17:05:21 - [MESSAGE][PASSED] - Text '12' is set on object 'Object Repository/VLink/Page_CCSale/txt_ExpMonth'

2024-05-18 17:05:22 - [MESSAGE][PASSED] - Text '2025' is set on object 'Object Repository/VLink/Page_CCSale/txt_ExpYear'

2024-05-18 17:05:22 - [MESSAGE][PASSED] - Text '' is set on object 'Object Repository/VLink/Page_CCSale/txt_CVV'

2024-05-18 17:05:23 - [MESSAGE][PASSED] - Text '' is set on object 'Object Repository/VLink/Page_CCSale/txt_CVVstate'

2024-05-18 17:05:24 - [MESSAGE][PASSED] - Text '' is set on object 'Object Repository/VLink/Page_CCSale/txt_TrackData'

2024-05-18 17:05:24 - [MESSAGE][PASSED] - Text '' is set on object 'Object Repository/VLink/Page_CCSale/txt_Track1Data'

2024-05-18 17:05:25 - [MESSAGE][PASSED] - Text '' is set on object 'Object Repository/VLink/Page_CCSale/txt_Track2Data'

2024-05-18 17:05:26 - [MESSAGE][PASSED] - Text 'manual' is set on object 'Object Repository/VLink/Page_CCSale/txt_POSEntryMode'

2024-05-18 17:05:27 - [MESSAGE][PASSED] - Text 'iahmed@govolution.com' is set on object 'Object Repository/VLink/Page_CCSale/txt_Email'

2024-05-18 17:05:27 - [MESSAGE][PASSED] - Text '2569362' is set on object 'Object Repository/VLink/Page_CCSale/txt_OrderNumber'

2024-05-18 17:05:28 - [MESSAGE][PASSED] - Text '1.15' is set on object 'Object Repository/VLink/Page_CCSale/txt_TaxAmount'

2024-05-18 17:05:29 - [MESSAGE][PASSED] - Text 'Charge Description' is set on object 'Object Repository/VLink/Page_CCSale/txt_ChargeDescription'

2024-05-18 17:05:29 - [MESSAGE][PASSED] - Text '147357' is set on object 'Object Repository/VLink/Page_CCSale/txt_CAN'

2024-05-18 17:05:30 - [MESSAGE][PASSED] - Text '1' is set on object 'Object Repository/VLink/Page_CCSale/txt_BillPaymentIndicator'

2024-05-18 17:05:31 - [MESSAGE][PASSED] - Text 'UDF Data 1' is set on object 'Object Repository/VLink/Page_CCSale/txt_UDF1'

2024-05-18 17:05:32 - [MESSAGE][PASSED] - Text 'UDF Data 2' is set on object 'Object Repository/VLink/Page_CCSale/txt_UDF2'

2024-05-18 17:05:32 - [MESSAGE][PASSED] - Text 'UDF Data 3' is set on object 'Object Repository/VLink/Page_CCSale/txt_UDF3'

2024-05-18 17:05:33 - [MESSAGE][PASSED] - Text 'UDF Data 4' is set on object 'Object Repository/VLink/Page_CCSale/txt_UDF4'

2024-05-18 17:05:34 - [MESSAGE][PASSED] - Text 'UDF Data 5' is set on object 'Object Repository/VLink/Page_CCSale/txt_UDF5'

2024-05-18 17:05:34 - [MESSAGE][PASSED] - Text 'UDF Data 6' is set on object 'Object Repository/VLink/Page_CCSale/txt_UDF6'

2024-05-18 17:05:35 - [MESSAGE][PASSED] - Text 'UDF Data 7' is set on object 'Object Repository/VLink/Page_CCSale/txt_UDF7'

2024-05-18 17:05:36 - [MESSAGE][PASSED] - Text 'UDF Data 8' is set on object 'Object Repository/VLink/Page_CCSale/txt_UDF8'

2024-05-18 17:05:37 - [MESSAGE][PASSED] - Text 'UDF Data 9' is set on object 'Object Repository/VLink/Page_CCSale/txt_UDF9'

2024-05-18 17:05:37 - [MESSAGE][PASSED] - Text 'UDF Data 10' is set on object 'Object Repository/VLink/Page_CCSale/txt_UDF10'

2024-05-18 17:05:39 - [MESSAGE][PASSED] - Object: 'Object Repository/VLink/Page_CCSale/btn_ProcessVLinkTransaction' is clicked on

2024-05-18 17:05:44 - [MESSAGE][PASSED] - vlinkPages.saleCCPage.setDataSCC is PASSED

2024-05-18 17:05:44 - [TEST_STEP][PASSED] - if (verifyTextPresent("Transaction approved, no errors", true)): null

2024-05-18 17:05:44 - [MESSAGE][PASSED] - Text 'Transaction approved, no errors' is present on page  using regular expression

2024-05-18 17:05:44 - [TEST_STEP][PASSED] - println("Transaction Approved, no errors text is present on the Confirmation page"): null

2024-05-18 17:05:44 - [TEST_STEP][PASSED] - out.println("Pass Record Number: " + row): null

2024-05-18 17:05:44 - [TEST_STEP][PASSED] - resText = "Pass": null

2024-05-18 17:05:44 - [TEST_STEP][PASSED] - pages.WriteExcel.demoKey(resText, datText, resColumn, datCloumn, fileLoc, nameSheet, row): pages.WriteExcel.demoKey is PASSED

2024-05-18 17:05:44 - [MESSAGE][PASSED] - pages.WriteExcel.demoKey is PASSED

2024-05-18 17:05:44 - [TEST_STEP][PASSED] - sdfo = getText(findTestObject("Object Repository/Page_VLinkReceipt/pre_STX")): Text of object 'Object Repository/Page_VLinkReceipt/pre_STX' is: '<STX>FT1NRn9Bm5YL                  12153329            0  Transaction approved, no errors                   0                                                                                  YP032005   <ETX>'

2024-05-18 17:05:45 - [MESSAGE][PASSED] - Text of object 'Object Repository/Page_VLinkReceipt/pre_STX' is: '<STX>FT1NRn9Bm5YL                  12153329            0  Transaction approved, no errors                   0                                                                                  YP032005   <ETX>'

2024-05-18 17:05:45 - [TEST_STEP][PASSED] - out.println("sdfo: " + sdfo): null

2024-05-18 17:05:45 - [TEST_STEP][PASSED] - remID = substring(5, 35).trim(): null

2024-05-18 17:05:45 - [TEST_STEP][PASSED] - out.println("Remittance ID: " + remID): null

2024-05-18 17:05:45 - [TEST_STEP][PASSED] - traxID = substring(35, 55).trim(): null

2024-05-18 17:05:45 - [TEST_STEP][PASSED] - out.println("Transaction ID: " + traxID): null

2024-05-18 17:05:45 - [TEST_STEP][PASSED] - out.println("End Record Number: " + row): null

2024-05-18 17:05:45 - [TEST_STEP][PASSED] - closeBrowser(): Browser is closed

2024-05-18 17:05:46 - [MESSAGE][PASSED] - Browser is closed

2024-05-18 17:05:46 - [TEST_STEP][PASSED] - ExecuteTC = findTestData(dataFile).getValue("Execute", row): null

2024-05-18 17:05:46 - [TEST_STEP][PASSED] - out.println("Value of Execute is : " + ExecuteTC): null

2024-05-18 17:05:46 - [TEST_STEP][PASSED] - if (ExecuteTC.equalsIgnoreCase("Y")): Browser is closed

2024-05-18 17:05:46 - [TEST_STEP][PASSED] - out.println("Begin Record Number: " + row): null

2024-05-18 17:05:46 - [TEST_STEP][PASSED] - today = new java.util.Date(): null

2024-05-18 17:05:46 - [TEST_STEP][PASSED] - println(today): null

2024-05-18 17:05:46 - [TEST_STEP][PASSED] - datText = today: null

2024-05-18 17:05:46 - [TEST_STEP][PASSED] - openBrowser(VLinkURL + "authcap.html"): Browser is opened with url: 'https://dev-algorithm.govolution.com/vlinktest/QA2/version_2_0/authcap.html'

2024-05-18 17:05:46 - [MESSAGE][INFO] - Starting 'Chrome' driver

2024-05-18 17:05:46 - [MESSAGE][INFO] - User set preference: ['acceptInsecureCerts', 'true']

2024-05-18 17:05:46 - [MESSAGE][INFO] - Action delay is set to 0 milliseconds

2024-05-18 17:05:48 - [MESSAGE][PASSED] - Browser is opened with url: 'https://dev-algorithm.govolution.com/vlinktest/QA2/version_2_0/authcap.html'

2024-05-18 17:05:48 - [TEST_STEP][PASSED] - maximizeWindow(): Current window maximized

2024-05-18 17:05:49 - [MESSAGE][PASSED] - Current window maximized

2024-05-18 17:05:49 - [TEST_STEP][PASSED] - vlinkPages.saleCCPage.setDataSCC(row, dataFile): vlinkPages.saleCCPage.setDataSCC is PASSED

2024-05-18 17:05:52 - [MESSAGE][PASSED] - Object 'Object Repository/VLink/Page_CCSale/txt_CardNumber' is present

2024-05-18 17:05:53 - [MESSAGE][PASSED] - Text '104' is set on object 'Object Repository/VLink/Page_CCSale/txt_TransactionType'

2024-05-18 17:05:53 - [MESSAGE][PASSED] - Text '2.0C' is set on object 'Object Repository/VLink/Page_CCSale/txt_MessageVersion'

2024-05-18 17:05:54 - [MESSAGE][PASSED] - Text 'ozKd8eOc92yi' is set on object 'Object Repository/VLink/Page_CCSale/txt_RemID'

2024-05-18 17:05:55 - [MESSAGE][PASSED] - Text '581' is set on object 'Object Repository/VLink/Page_CCSale/txt_ApplicationId'

2024-05-18 17:05:56 - [MESSAGE][PASSED] - Text 'usr581' is set on object 'Object Repository/VLink/Page_CCSale/txt_Username'

2024-05-18 17:05:56 - [MESSAGE][PASSED] - Text 'pwd581' is set on object 'Object Repository/VLink/Page_CCSale/txt_Password'

2024-05-18 17:05:57 - [MESSAGE][PASSED] - Text 'fixed_width' is set on object 'Object Repository/VLink/Page_CCSale/txt_ResponseFormat'

2024-05-18 17:05:58 - [MESSAGE][PASSED] - Text 'MOTO' is set on object 'Object Repository/VLink/Page_CCSale/txt_Category'

2024-05-18 17:05:58 - [MESSAGE][PASSED] - Text '' is set on object 'Object Repository/VLink/Page_CCSale/txt_TransactionID'

2024-05-18 17:05:59 - [MESSAGE][PASSED] - Text '' is set on object 'Object Repository/VLink/Page_CCSale/txt_ApprovalCode'

2024-05-18 17:06:00 - [MESSAGE][PASSED] - Text 'Kris Roshan' is set on object 'Object Repository/VLink/Page_CCSale/txt_CardName'

2024-05-18 17:06:00 - [MESSAGE][PASSED] - Text '258 Elm Road' is set on object 'Object Repository/VLink/Page_CCSale/txt_AL1'

2024-05-18 17:06:01 - [MESSAGE][PASSED] - Text 'Suite 56' is set on object 'Object Repository/VLink/Page_CCSale/txt_AL2'

2024-05-18 17:06:02 - [MESSAGE][PASSED] - Text 'Arlington' is set on object 'Object Repository/VLink/Page_CCSale/txt_CardCity'

2024-05-18 17:06:03 - [MESSAGE][PASSED] - Text 'VA' is set on object 'Object Repository/VLink/Page_CCSale/txt_CardState'

2024-05-18 17:06:03 - [MESSAGE][PASSED] - Text '22201' is set on object 'Object Repository/VLink/Page_CCSale/txt_CardZIP'

2024-05-18 17:06:04 - [MESSAGE][PASSED] - Text '840' is set on object 'Object Repository/VLink/Page_CCSale/txt_CountryID'

2024-05-18 17:06:05 - [MESSAGE][PASSED] - Text '1.50' is set on object 'Object Repository/VLink/Page_CCSale/txt_Amount'

2024-05-18 17:06:05 - [MESSAGE][PASSED] - Text '4012000098765439' is set on object 'Object Repository/VLink/Page_CCSale/txt_CardNumber'

2024-05-18 17:06:06 - [MESSAGE][PASSED] - Text '12' is set on object 'Object Repository/VLink/Page_CCSale/txt_ExpMonth'

2024-05-18 17:06:07 - [MESSAGE][PASSED] - Text '2025' is set on object 'Object Repository/VLink/Page_CCSale/txt_ExpYear'

2024-05-18 17:06:07 - [MESSAGE][PASSED] - Text '' is set on object 'Object Repository/VLink/Page_CCSale/txt_CVV'

2024-05-18 17:06:08 - [MESSAGE][PASSED] - Text '' is set on object 'Object Repository/VLink/Page_CCSale/txt_CVVstate'

2024-05-18 17:06:09 - [MESSAGE][PASSED] - Text '' is set on object 'Object Repository/VLink/Page_CCSale/txt_TrackData'

2024-05-18 17:06:09 - [MESSAGE][PASSED] - Text '' is set on object 'Object Repository/VLink/Page_CCSale/txt_Track1Data'

2024-05-18 17:06:10 - [MESSAGE][PASSED] - Text '' is set on object 'Object Repository/VLink/Page_CCSale/txt_Track2Data'

2024-05-18 17:06:11 - [MESSAGE][PASSED] - Text 'manual' is set on object 'Object Repository/VLink/Page_CCSale/txt_POSEntryMode'

2024-05-18 17:06:11 - [MESSAGE][PASSED] - Text 'iahmed@govolution.com' is set on object 'Object Repository/VLink/Page_CCSale/txt_Email'

2024-05-18 17:06:12 - [MESSAGE][PASSED] - Text '2569362' is set on object 'Object Repository/VLink/Page_CCSale/txt_OrderNumber'

2024-05-18 17:06:13 - [MESSAGE][PASSED] - Text '1.15' is set on object 'Object Repository/VLink/Page_CCSale/txt_TaxAmount'

2024-05-18 17:06:14 - [MESSAGE][PASSED] - Text 'Charge Description' is set on object 'Object Repository/VLink/Page_CCSale/txt_ChargeDescription'

2024-05-18 17:06:14 - [MESSAGE][PASSED] - Text '147357' is set on object 'Object Repository/VLink/Page_CCSale/txt_CAN'

2024-05-18 17:06:15 - [MESSAGE][PASSED] - Text '1' is set on object 'Object Repository/VLink/Page_CCSale/txt_BillPaymentIndicator'

2024-05-18 17:06:16 - [MESSAGE][PASSED] - Text 'UDF Data 1' is set on object 'Object Repository/VLink/Page_CCSale/txt_UDF1'

2024-05-18 17:06:16 - [MESSAGE][PASSED] - Text 'UDF Data 2' is set on object 'Object Repository/VLink/Page_CCSale/txt_UDF2'

2024-05-18 17:06:17 - [MESSAGE][PASSED] - Text 'UDF Data 3' is set on object 'Object Repository/VLink/Page_CCSale/txt_UDF3'

2024-05-18 17:06:18 - [MESSAGE][PASSED] - Text 'UDF Data 4' is set on object 'Object Repository/VLink/Page_CCSale/txt_UDF4'

2024-05-18 17:06:18 - [MESSAGE][PASSED] - Text 'UDF Data 5' is set on object 'Object Repository/VLink/Page_CCSale/txt_UDF5'

2024-05-18 17:06:19 - [MESSAGE][PASSED] - Text 'UDF Data 6' is set on object 'Object Repository/VLink/Page_CCSale/txt_UDF6'

2024-05-18 17:06:20 - [MESSAGE][PASSED] - Text 'UDF Data 7' is set on object 'Object Repository/VLink/Page_CCSale/txt_UDF7'

2024-05-18 17:06:21 - [MESSAGE][PASSED] - Text 'UDF Data 8' is set on object 'Object Repository/VLink/Page_CCSale/txt_UDF8'

2024-05-18 17:06:21 - [MESSAGE][PASSED] - Text 'UDF Data 9' is set on object 'Object Repository/VLink/Page_CCSale/txt_UDF9'

2024-05-18 17:06:22 - [MESSAGE][PASSED] - Text 'UDF Data 10' is set on object 'Object Repository/VLink/Page_CCSale/txt_UDF10'

2024-05-18 17:06:23 - [MESSAGE][PASSED] - Object: 'Object Repository/VLink/Page_CCSale/btn_ProcessVLinkTransaction' is clicked on

2024-05-18 17:06:28 - [MESSAGE][PASSED] - vlinkPages.saleCCPage.setDataSCC is PASSED

2024-05-18 17:06:28 - [TEST_STEP][PASSED] - if (verifyTextPresent("Transaction approved, no errors", true)): null

2024-05-18 17:06:29 - [MESSAGE][PASSED] - Text 'Transaction approved, no errors' is present on page  using regular expression

2024-05-18 17:06:29 - [TEST_STEP][PASSED] - println("Transaction Approved, no errors text is present on the Confirmation page"): null

2024-05-18 17:06:29 - [TEST_STEP][PASSED] - out.println("Pass Record Number: " + row): null

2024-05-18 17:06:29 - [TEST_STEP][PASSED] - resText = "Pass": null

2024-05-18 17:06:29 - [TEST_STEP][PASSED] - pages.WriteExcel.demoKey(resText, datText, resColumn, datCloumn, fileLoc, nameSheet, row): pages.WriteExcel.demoKey is PASSED

2024-05-18 17:06:29 - [MESSAGE][PASSED] - pages.WriteExcel.demoKey is PASSED

2024-05-18 17:06:29 - [TEST_STEP][PASSED] - sdfo = getText(findTestObject("Object Repository/Page_VLinkReceipt/pre_STX")): Text of object 'Object Repository/Page_VLinkReceipt/pre_STX' is: '<STX>ozKd8eOc92yi                  12153330            0  Transaction approved, no errors                   0                                                                                  YP032006   <ETX>'

2024-05-18 17:06:29 - [MESSAGE][PASSED] - Text of object 'Object Repository/Page_VLinkReceipt/pre_STX' is: '<STX>ozKd8eOc92yi                  12153330            0  Transaction approved, no errors                   0                                                                                  YP032006   <ETX>'

2024-05-18 17:06:29 - [TEST_STEP][PASSED] - out.println("sdfo: " + sdfo): null

2024-05-18 17:06:29 - [TEST_STEP][PASSED] - remID = substring(5, 35).trim(): null

2024-05-18 17:06:29 - [TEST_STEP][PASSED] - out.println("Remittance ID: " + remID): null

2024-05-18 17:06:29 - [TEST_STEP][PASSED] - traxID = substring(35, 55).trim(): null

2024-05-18 17:06:29 - [TEST_STEP][PASSED] - out.println("Transaction ID: " + traxID): null

2024-05-18 17:06:29 - [TEST_STEP][PASSED] - out.println("End Record Number: " + row): null

2024-05-18 17:06:29 - [TEST_STEP][PASSED] - closeBrowser(): Browser is closed

2024-05-18 17:06:30 - [MESSAGE][PASSED] - Browser is closed

2024-05-18 17:06:30 - [TEST_STEP][PASSED] - ExecuteTC = findTestData(dataFile).getValue("Execute", row): null

2024-05-18 17:06:30 - [TEST_STEP][PASSED] - out.println("Value of Execute is : " + ExecuteTC): null

2024-05-18 17:06:30 - [TEST_STEP][PASSED] - if (ExecuteTC.equalsIgnoreCase("Y")): Browser is closed

2024-05-18 17:06:30 - [TEST_STEP][PASSED] - out.println("Begin Record Number: " + row): null

2024-05-18 17:06:30 - [TEST_STEP][PASSED] - today = new java.util.Date(): null

2024-05-18 17:06:30 - [TEST_STEP][PASSED] - println(today): null

2024-05-18 17:06:30 - [TEST_STEP][PASSED] - datText = today: null

2024-05-18 17:06:30 - [TEST_STEP][PASSED] - openBrowser(VLinkURL + "authcap.html"): Browser is opened with url: 'https://dev-algorithm.govolution.com/vlinktest/QA2/version_2_0/authcap.html'

2024-05-18 17:06:30 - [MESSAGE][INFO] - Starting 'Chrome' driver

2024-05-18 17:06:30 - [MESSAGE][INFO] - User set preference: ['acceptInsecureCerts', 'true']

2024-05-18 17:06:30 - [MESSAGE][INFO] - Action delay is set to 0 milliseconds

2024-05-18 17:06:33 - [MESSAGE][PASSED] - Browser is opened with url: 'https://dev-algorithm.govolution.com/vlinktest/QA2/version_2_0/authcap.html'

2024-05-18 17:06:33 - [TEST_STEP][PASSED] - maximizeWindow(): Current window maximized

2024-05-18 17:06:33 - [MESSAGE][PASSED] - Current window maximized

2024-05-18 17:06:33 - [TEST_STEP][PASSED] - vlinkPages.saleCCPage.setDataSCC(row, dataFile): vlinkPages.saleCCPage.setDataSCC is PASSED

2024-05-18 17:06:36 - [MESSAGE][PASSED] - Object 'Object Repository/VLink/Page_CCSale/txt_CardNumber' is present

2024-05-18 17:06:37 - [MESSAGE][PASSED] - Text '104' is set on object 'Object Repository/VLink/Page_CCSale/txt_TransactionType'

2024-05-18 17:06:37 - [MESSAGE][PASSED] - Text '2.0C' is set on object 'Object Repository/VLink/Page_CCSale/txt_MessageVersion'

2024-05-18 17:06:38 - [MESSAGE][PASSED] - Text 'KwH5nBFTTLu8' is set on object 'Object Repository/VLink/Page_CCSale/txt_RemID'

2024-05-18 17:06:39 - [MESSAGE][PASSED] - Text '581' is set on object 'Object Repository/VLink/Page_CCSale/txt_ApplicationId'

2024-05-18 17:06:39 - [MESSAGE][PASSED] - Text 'usr581' is set on object 'Object Repository/VLink/Page_CCSale/txt_Username'

2024-05-18 17:06:40 - [MESSAGE][PASSED] - Text 'pwd581' is set on object 'Object Repository/VLink/Page_CCSale/txt_Password'

2024-05-18 17:06:41 - [MESSAGE][PASSED] - Text 'fixed_width' is set on object 'Object Repository/VLink/Page_CCSale/txt_ResponseFormat'

2024-05-18 17:06:42 - [MESSAGE][PASSED] - Text 'RETL' is set on object 'Object Repository/VLink/Page_CCSale/txt_Category'

2024-05-18 17:06:42 - [MESSAGE][PASSED] - Text '' is set on object 'Object Repository/VLink/Page_CCSale/txt_TransactionID'

2024-05-18 17:06:43 - [MESSAGE][PASSED] - Text '' is set on object 'Object Repository/VLink/Page_CCSale/txt_ApprovalCode'

2024-05-18 17:06:44 - [MESSAGE][PASSED] - Text 'Kris Roshan' is set on object 'Object Repository/VLink/Page_CCSale/txt_CardName'

2024-05-18 17:06:44 - [MESSAGE][PASSED] - Text '258 Elm Road' is set on object 'Object Repository/VLink/Page_CCSale/txt_AL1'

2024-05-18 17:06:45 - [MESSAGE][PASSED] - Text 'Suite 56' is set on object 'Object Repository/VLink/Page_CCSale/txt_AL2'

2024-05-18 17:06:46 - [MESSAGE][PASSED] - Text 'Arlington' is set on object 'Object Repository/VLink/Page_CCSale/txt_CardCity'

2024-05-18 17:06:47 - [MESSAGE][PASSED] - Text 'VA' is set on object 'Object Repository/VLink/Page_CCSale/txt_CardState'

2024-05-18 17:06:47 - [MESSAGE][PASSED] - Text '22201' is set on object 'Object Repository/VLink/Page_CCSale/txt_CardZIP'

2024-05-18 17:06:48 - [MESSAGE][PASSED] - Text '840' is set on object 'Object Repository/VLink/Page_CCSale/txt_CountryID'

2024-05-18 17:06:49 - [MESSAGE][PASSED] - Text '1.50' is set on object 'Object Repository/VLink/Page_CCSale/txt_Amount'

2024-05-18 17:06:50 - [MESSAGE][PASSED] - Text '4012000098765439' is set on object 'Object Repository/VLink/Page_CCSale/txt_CardNumber'

2024-05-18 17:06:50 - [MESSAGE][PASSED] - Text '12' is set on object 'Object Repository/VLink/Page_CCSale/txt_ExpMonth'

2024-05-18 17:06:51 - [MESSAGE][PASSED] - Text '2025' is set on object 'Object Repository/VLink/Page_CCSale/txt_ExpYear'

2024-05-18 17:06:52 - [MESSAGE][PASSED] - Text '' is set on object 'Object Repository/VLink/Page_CCSale/txt_CVV'

2024-05-18 17:06:52 - [MESSAGE][PASSED] - Text '' is set on object 'Object Repository/VLink/Page_CCSale/txt_CVVstate'

2024-05-18 17:06:53 - [MESSAGE][PASSED] - Text '' is set on object 'Object Repository/VLink/Page_CCSale/txt_TrackData'

2024-05-18 17:06:54 - [MESSAGE][PASSED] - Text '' is set on object 'Object Repository/VLink/Page_CCSale/txt_Track1Data'

2024-05-18 17:06:54 - [MESSAGE][PASSED] - Text '' is set on object 'Object Repository/VLink/Page_CCSale/txt_Track2Data'

2024-05-18 17:06:55 - [MESSAGE][PASSED] - Text 'manual' is set on object 'Object Repository/VLink/Page_CCSale/txt_POSEntryMode'

2024-05-18 17:06:56 - [MESSAGE][PASSED] - Text 'iahmed@govolution.com' is set on object 'Object Repository/VLink/Page_CCSale/txt_Email'

2024-05-18 17:06:56 - [MESSAGE][PASSED] - Text '2569362' is set on object 'Object Repository/VLink/Page_CCSale/txt_OrderNumber'

2024-05-18 17:06:57 - [MESSAGE][PASSED] - Text '1.15' is set on object 'Object Repository/VLink/Page_CCSale/txt_TaxAmount'

2024-05-18 17:06:58 - [MESSAGE][PASSED] - Text 'Charge Description' is set on object 'Object Repository/VLink/Page_CCSale/txt_ChargeDescription'

2024-05-18 17:06:59 - [MESSAGE][PASSED] - Text '147357' is set on object 'Object Repository/VLink/Page_CCSale/txt_CAN'

2024-05-18 17:06:59 - [MESSAGE][PASSED] - Text '1' is set on object 'Object Repository/VLink/Page_CCSale/txt_BillPaymentIndicator'

2024-05-18 17:07:00 - [MESSAGE][PASSED] - Text 'UDF Data 1' is set on object 'Object Repository/VLink/Page_CCSale/txt_UDF1'

2024-05-18 17:07:01 - [MESSAGE][PASSED] - Text 'UDF Data 2' is set on object 'Object Repository/VLink/Page_CCSale/txt_UDF2'

2024-05-18 17:07:01 - [MESSAGE][PASSED] - Text 'UDF Data 3' is set on object 'Object Repository/VLink/Page_CCSale/txt_UDF3'

2024-05-18 17:07:02 - [MESSAGE][PASSED] - Text 'UDF Data 4' is set on object 'Object Repository/VLink/Page_CCSale/txt_UDF4'

2024-05-18 17:07:03 - [MESSAGE][PASSED] - Text 'UDF Data 5' is set on object 'Object Repository/VLink/Page_CCSale/txt_UDF5'

2024-05-18 17:07:03 - [MESSAGE][PASSED] - Text 'UDF Data 6' is set on object 'Object Repository/VLink/Page_CCSale/txt_UDF6'

2024-05-18 17:07:04 - [MESSAGE][PASSED] - Text 'UDF Data 7' is set on object 'Object Repository/VLink/Page_CCSale/txt_UDF7'

2024-05-18 17:07:05 - [MESSAGE][PASSED] - Text 'UDF Data 8' is set on object 'Object Repository/VLink/Page_CCSale/txt_UDF8'

2024-05-18 17:07:05 - [MESSAGE][PASSED] - Text 'UDF Data 9' is set on object 'Object Repository/VLink/Page_CCSale/txt_UDF9'

2024-05-18 17:07:06 - [MESSAGE][PASSED] - Text 'UDF Data 10' is set on object 'Object Repository/VLink/Page_CCSale/txt_UDF10'

2024-05-18 17:07:07 - [MESSAGE][PASSED] - Object: 'Object Repository/VLink/Page_CCSale/btn_ProcessVLinkTransaction' is clicked on

2024-05-18 17:07:12 - [MESSAGE][PASSED] - vlinkPages.saleCCPage.setDataSCC is PASSED

2024-05-18 17:07:12 - [TEST_STEP][PASSED] - if (verifyTextPresent("Transaction approved, no errors", true)): null

2024-05-18 17:07:13 - [MESSAGE][PASSED] - Text 'Transaction approved, no errors' is present on page  using regular expression

2024-05-18 17:07:13 - [TEST_STEP][PASSED] - println("Transaction Approved, no errors text is present on the Confirmation page"): null

2024-05-18 17:07:13 - [TEST_STEP][PASSED] - out.println("Pass Record Number: " + row): null

2024-05-18 17:07:13 - [TEST_STEP][PASSED] - resText = "Pass": null

2024-05-18 17:07:13 - [TEST_STEP][PASSED] - pages.WriteExcel.demoKey(resText, datText, resColumn, datCloumn, fileLoc, nameSheet, row): pages.WriteExcel.demoKey is PASSED

2024-05-18 17:07:13 - [MESSAGE][PASSED] - pages.WriteExcel.demoKey is PASSED

2024-05-18 17:07:13 - [TEST_STEP][PASSED] - sdfo = getText(findTestObject("Object Repository/Page_VLinkReceipt/pre_STX")): Text of object 'Object Repository/Page_VLinkReceipt/pre_STX' is: '<STX>KwH5nBFTTLu8                  12153331            0  Transaction approved, no errors                   0                                                                                  YP032007   <ETX>'

2024-05-18 17:07:13 - [MESSAGE][PASSED] - Text of object 'Object Repository/Page_VLinkReceipt/pre_STX' is: '<STX>KwH5nBFTTLu8                  12153331            0  Transaction approved, no errors                   0                                                                                  YP032007   <ETX>'

2024-05-18 17:07:13 - [TEST_STEP][PASSED] - out.println("sdfo: " + sdfo): null

2024-05-18 17:07:13 - [TEST_STEP][PASSED] - remID = substring(5, 35).trim(): null

2024-05-18 17:07:13 - [TEST_STEP][PASSED] - out.println("Remittance ID: " + remID): null

2024-05-18 17:07:13 - [TEST_STEP][PASSED] - traxID = substring(35, 55).trim(): null

2024-05-18 17:07:13 - [TEST_STEP][PASSED] - out.println("Transaction ID: " + traxID): null

2024-05-18 17:07:13 - [TEST_STEP][PASSED] - out.println("End Record Number: " + row): null

2024-05-18 17:07:13 - [TEST_STEP][PASSED] - closeBrowser(): Browser is closed

2024-05-18 17:07:14 - [MESSAGE][PASSED] - Browser is closed

2024-05-18 17:07:14 - [TEST_STEP][PASSED] - ExecuteTC = findTestData(dataFile).getValue("Execute", row): null

2024-05-18 17:07:14 - [TEST_STEP][PASSED] - out.println("Value of Execute is : " + ExecuteTC): null

2024-05-18 17:07:14 - [TEST_STEP][PASSED] - if (ExecuteTC.equalsIgnoreCase("Y")): Browser is closed

2024-05-18 17:07:14 - [TEST_STEP][PASSED] - out.println("Begin Record Number: " + row): null

2024-05-18 17:07:14 - [TEST_STEP][PASSED] - today = new java.util.Date(): null

2024-05-18 17:07:14 - [TEST_STEP][PASSED] - println(today): null

2024-05-18 17:07:14 - [TEST_STEP][PASSED] - datText = today: null

2024-05-18 17:07:14 - [TEST_STEP][PASSED] - openBrowser(VLinkURL + "authcap.html"): Browser is opened with url: 'https://dev-algorithm.govolution.com/vlinktest/QA2/version_2_0/authcap.html'

2024-05-18 17:07:14 - [MESSAGE][INFO] - Starting 'Chrome' driver

2024-05-18 17:07:14 - [MESSAGE][INFO] - User set preference: ['acceptInsecureCerts', 'true']

2024-05-18 17:07:14 - [MESSAGE][INFO] - Action delay is set to 0 milliseconds

2024-05-18 17:07:16 - [MESSAGE][PASSED] - Browser is opened with url: 'https://dev-algorithm.govolution.com/vlinktest/QA2/version_2_0/authcap.html'

2024-05-18 17:07:16 - [TEST_STEP][PASSED] - maximizeWindow(): Current window maximized

2024-05-18 17:07:17 - [MESSAGE][PASSED] - Current window maximized

2024-05-18 17:07:17 - [TEST_STEP][PASSED] - vlinkPages.saleCCPage.setDataSCC(row, dataFile): vlinkPages.saleCCPage.setDataSCC is PASSED

2024-05-18 17:07:20 - [MESSAGE][PASSED] - Object 'Object Repository/VLink/Page_CCSale/txt_CardNumber' is present

2024-05-18 17:07:20 - [MESSAGE][PASSED] - Text '104' is set on object 'Object Repository/VLink/Page_CCSale/txt_TransactionType'

2024-05-18 17:07:21 - [MESSAGE][PASSED] - Text '2.0C' is set on object 'Object Repository/VLink/Page_CCSale/txt_MessageVersion'

2024-05-18 17:07:22 - [MESSAGE][PASSED] - Text '69UJ9ESRjZI9' is set on object 'Object Repository/VLink/Page_CCSale/txt_RemID'

2024-05-18 17:07:22 - [MESSAGE][PASSED] - Text '581' is set on object 'Object Repository/VLink/Page_CCSale/txt_ApplicationId'

2024-05-18 17:07:23 - [MESSAGE][PASSED] - Text 'usr581' is set on object 'Object Repository/VLink/Page_CCSale/txt_Username'

2024-05-18 17:07:24 - [MESSAGE][PASSED] - Text 'pwd581' is set on object 'Object Repository/VLink/Page_CCSale/txt_Password'

2024-05-18 17:07:24 - [MESSAGE][PASSED] - Text 'fixed_width' is set on object 'Object Repository/VLink/Page_CCSale/txt_ResponseFormat'

2024-05-18 17:07:25 - [MESSAGE][PASSED] - Text 'ECOM' is set on object 'Object Repository/VLink/Page_CCSale/txt_Category'

2024-05-18 17:07:26 - [MESSAGE][PASSED] - Text '' is set on object 'Object Repository/VLink/Page_CCSale/txt_TransactionID'

2024-05-18 17:07:26 - [MESSAGE][PASSED] - Text '' is set on object 'Object Repository/VLink/Page_CCSale/txt_ApprovalCode'

2024-05-18 17:07:27 - [MESSAGE][PASSED] - Text 'Kris Roshan' is set on object 'Object Repository/VLink/Page_CCSale/txt_CardName'

2024-05-18 17:07:28 - [MESSAGE][PASSED] - Text '258 Elm Road' is set on object 'Object Repository/VLink/Page_CCSale/txt_AL1'

2024-05-18 17:07:29 - [MESSAGE][PASSED] - Text 'Suite 56' is set on object 'Object Repository/VLink/Page_CCSale/txt_AL2'

2024-05-18 17:07:29 - [MESSAGE][PASSED] - Text 'Arlington' is set on object 'Object Repository/VLink/Page_CCSale/txt_CardCity'

2024-05-18 17:07:30 - [MESSAGE][PASSED] - Text 'VA' is set on object 'Object Repository/VLink/Page_CCSale/txt_CardState'

2024-05-18 17:07:31 - [MESSAGE][PASSED] - Text '22201' is set on object 'Object Repository/VLink/Page_CCSale/txt_CardZIP'

2024-05-18 17:07:32 - [MESSAGE][PASSED] - Text '840' is set on object 'Object Repository/VLink/Page_CCSale/txt_CountryID'

2024-05-18 17:07:32 - [MESSAGE][PASSED] - Text '1.50' is set on object 'Object Repository/VLink/Page_CCSale/txt_Amount'

2024-05-18 17:07:33 - [MESSAGE][PASSED] - Text '5146312200000035' is set on object 'Object Repository/VLink/Page_CCSale/txt_CardNumber'

2024-05-18 17:07:34 - [MESSAGE][PASSED] - Text '12' is set on object 'Object Repository/VLink/Page_CCSale/txt_ExpMonth'

2024-05-18 17:07:34 - [MESSAGE][PASSED] - Text '2025' is set on object 'Object Repository/VLink/Page_CCSale/txt_ExpYear'

2024-05-18 17:07:35 - [MESSAGE][PASSED] - Text '' is set on object 'Object Repository/VLink/Page_CCSale/txt_CVV'

2024-05-18 17:07:36 - [MESSAGE][PASSED] - Text '' is set on object 'Object Repository/VLink/Page_CCSale/txt_CVVstate'

2024-05-18 17:07:36 - [MESSAGE][PASSED] - Text '' is set on object 'Object Repository/VLink/Page_CCSale/txt_TrackData'

2024-05-18 17:07:37 - [MESSAGE][PASSED] - Text '' is set on object 'Object Repository/VLink/Page_CCSale/txt_Track1Data'

2024-05-18 17:07:38 - [MESSAGE][PASSED] - Text '' is set on object 'Object Repository/VLink/Page_CCSale/txt_Track2Data'

2024-05-18 17:07:39 - [MESSAGE][PASSED] - Text 'manual' is set on object 'Object Repository/VLink/Page_CCSale/txt_POSEntryMode'

2024-05-18 17:07:39 - [MESSAGE][PASSED] - Text 'iahmed@govolution.com' is set on object 'Object Repository/VLink/Page_CCSale/txt_Email'

2024-05-18 17:07:40 - [MESSAGE][PASSED] - Text '2569362' is set on object 'Object Repository/VLink/Page_CCSale/txt_OrderNumber'

2024-05-18 17:07:41 - [MESSAGE][PASSED] - Text '1.15' is set on object 'Object Repository/VLink/Page_CCSale/txt_TaxAmount'

2024-05-18 17:07:41 - [MESSAGE][PASSED] - Text 'Charge Description' is set on object 'Object Repository/VLink/Page_CCSale/txt_ChargeDescription'

2024-05-18 17:07:42 - [MESSAGE][PASSED] - Text '147357' is set on object 'Object Repository/VLink/Page_CCSale/txt_CAN'

2024-05-18 17:07:43 - [MESSAGE][PASSED] - Text '1' is set on object 'Object Repository/VLink/Page_CCSale/txt_BillPaymentIndicator'

2024-05-18 17:07:43 - [MESSAGE][PASSED] - Text 'UDF Data 1' is set on object 'Object Repository/VLink/Page_CCSale/txt_UDF1'

2024-05-18 17:07:44 - [MESSAGE][PASSED] - Text 'UDF Data 2' is set on object 'Object Repository/VLink/Page_CCSale/txt_UDF2'

2024-05-18 17:07:45 - [MESSAGE][PASSED] - Text 'UDF Data 3' is set on object 'Object Repository/VLink/Page_CCSale/txt_UDF3'

2024-05-18 17:07:45 - [MESSAGE][PASSED] - Text 'UDF Data 4' is set on object 'Object Repository/VLink/Page_CCSale/txt_UDF4'

2024-05-18 17:07:46 - [MESSAGE][PASSED] - Text 'UDF Data 5' is set on object 'Object Repository/VLink/Page_CCSale/txt_UDF5'

2024-05-18 17:07:47 - [MESSAGE][PASSED] - Text 'UDF Data 6' is set on object 'Object Repository/VLink/Page_CCSale/txt_UDF6'

2024-05-18 17:07:48 - [MESSAGE][PASSED] - Text 'UDF Data 7' is set on object 'Object Repository/VLink/Page_CCSale/txt_UDF7'

2024-05-18 17:07:48 - [MESSAGE][PASSED] - Text 'UDF Data 8' is set on object 'Object Repository/VLink/Page_CCSale/txt_UDF8'

2024-05-18 17:07:49 - [MESSAGE][PASSED] - Text 'UDF Data 9' is set on object 'Object Repository/VLink/Page_CCSale/txt_UDF9'

2024-05-18 17:07:50 - [MESSAGE][PASSED] - Text 'UDF Data 10' is set on object 'Object Repository/VLink/Page_CCSale/txt_UDF10'

2024-05-18 17:07:51 - [MESSAGE][PASSED] - Object: 'Object Repository/VLink/Page_CCSale/btn_ProcessVLinkTransaction' is clicked on

2024-05-18 17:07:56 - [MESSAGE][PASSED] - vlinkPages.saleCCPage.setDataSCC is PASSED

2024-05-18 17:07:56 - [TEST_STEP][PASSED] - if (verifyTextPresent("Transaction approved, no errors", true)): null

2024-05-18 17:07:56 - [MESSAGE][PASSED] - Text 'Transaction approved, no errors' is present on page  using regular expression

2024-05-18 17:07:56 - [TEST_STEP][PASSED] - println("Transaction Approved, no errors text is present on the Confirmation page"): null

2024-05-18 17:07:56 - [TEST_STEP][PASSED] - out.println("Pass Record Number: " + row): null

2024-05-18 17:07:56 - [TEST_STEP][PASSED] - resText = "Pass": null

2024-05-18 17:07:56 - [TEST_STEP][PASSED] - pages.WriteExcel.demoKey(resText, datText, resColumn, datCloumn, fileLoc, nameSheet, row): pages.WriteExcel.demoKey is PASSED

2024-05-18 17:07:57 - [MESSAGE][PASSED] - pages.WriteExcel.demoKey is PASSED

2024-05-18 17:07:57 - [TEST_STEP][PASSED] - sdfo = getText(findTestObject("Object Repository/Page_VLinkReceipt/pre_STX")): Text of object 'Object Repository/Page_VLinkReceipt/pre_STX' is: '<STX>69UJ9ESRjZI9                  12153332            0  Transaction approved, no errors                   0                                                                                  YP032008   <ETX>'

2024-05-18 17:07:57 - [MESSAGE][PASSED] - Text of object 'Object Repository/Page_VLinkReceipt/pre_STX' is: '<STX>69UJ9ESRjZI9                  12153332            0  Transaction approved, no errors                   0                                                                                  YP032008   <ETX>'

2024-05-18 17:07:57 - [TEST_STEP][PASSED] - out.println("sdfo: " + sdfo): null

2024-05-18 17:07:57 - [TEST_STEP][PASSED] - remID = substring(5, 35).trim(): null

2024-05-18 17:07:57 - [TEST_STEP][PASSED] - out.println("Remittance ID: " + remID): null

2024-05-18 17:07:57 - [TEST_STEP][PASSED] - traxID = substring(35, 55).trim(): null

2024-05-18 17:07:57 - [TEST_STEP][PASSED] - out.println("Transaction ID: " + traxID): null

2024-05-18 17:07:57 - [TEST_STEP][PASSED] - out.println("End Record Number: " + row): null

2024-05-18 17:07:57 - [TEST_STEP][PASSED] - closeBrowser(): Browser is closed

2024-05-18 17:07:58 - [MESSAGE][PASSED] - Browser is closed

2024-05-18 17:07:58 - [TEST_STEP][PASSED] - ExecuteTC = findTestData(dataFile).getValue("Execute", row): null

2024-05-18 17:07:58 - [TEST_STEP][PASSED] - out.println("Value of Execute is : " + ExecuteTC): null

2024-05-18 17:07:58 - [TEST_STEP][PASSED] - if (ExecuteTC.equalsIgnoreCase("Y")): Browser is closed

2024-05-18 17:07:58 - [TEST_STEP][PASSED] - out.println("Begin Record Number: " + row): null

2024-05-18 17:07:58 - [TEST_STEP][PASSED] - today = new java.util.Date(): null

2024-05-18 17:07:58 - [TEST_STEP][PASSED] - println(today): null

2024-05-18 17:07:58 - [TEST_STEP][PASSED] - datText = today: null

2024-05-18 17:07:58 - [TEST_STEP][PASSED] - openBrowser(VLinkURL + "authcap.html"): Browser is opened with url: 'https://dev-algorithm.govolution.com/vlinktest/QA2/version_2_0/authcap.html'

2024-05-18 17:07:58 - [MESSAGE][INFO] - Starting 'Chrome' driver

2024-05-18 17:07:58 - [MESSAGE][INFO] - User set preference: ['acceptInsecureCerts', 'true']

2024-05-18 17:07:58 - [MESSAGE][INFO] - Action delay is set to 0 milliseconds

2024-05-18 17:08:00 - [MESSAGE][PASSED] - Browser is opened with url: 'https://dev-algorithm.govolution.com/vlinktest/QA2/version_2_0/authcap.html'

2024-05-18 17:08:00 - [TEST_STEP][PASSED] - maximizeWindow(): Current window maximized

2024-05-18 17:08:01 - [MESSAGE][PASSED] - Current window maximized

2024-05-18 17:08:01 - [TEST_STEP][PASSED] - vlinkPages.saleCCPage.setDataSCC(row, dataFile): vlinkPages.saleCCPage.setDataSCC is PASSED

2024-05-18 17:08:04 - [MESSAGE][PASSED] - Object 'Object Repository/VLink/Page_CCSale/txt_CardNumber' is present

2024-05-18 17:08:04 - [MESSAGE][PASSED] - Text '104' is set on object 'Object Repository/VLink/Page_CCSale/txt_TransactionType'

2024-05-18 17:08:05 - [MESSAGE][PASSED] - Text '2.0C' is set on object 'Object Repository/VLink/Page_CCSale/txt_MessageVersion'

2024-05-18 17:08:06 - [MESSAGE][PASSED] - Text 'rrP2gGBXXX7f' is set on object 'Object Repository/VLink/Page_CCSale/txt_RemID'

2024-05-18 17:08:06 - [MESSAGE][PASSED] - Text '581' is set on object 'Object Repository/VLink/Page_CCSale/txt_ApplicationId'

2024-05-18 17:08:07 - [MESSAGE][PASSED] - Text 'usr581' is set on object 'Object Repository/VLink/Page_CCSale/txt_Username'

2024-05-18 17:08:08 - [MESSAGE][PASSED] - Text 'pwd581' is set on object 'Object Repository/VLink/Page_CCSale/txt_Password'

2024-05-18 17:08:08 - [MESSAGE][PASSED] - Text 'fixed_width' is set on object 'Object Repository/VLink/Page_CCSale/txt_ResponseFormat'

2024-05-18 17:08:09 - [MESSAGE][PASSED] - Text 'MOTO' is set on object 'Object Repository/VLink/Page_CCSale/txt_Category'

2024-05-18 17:08:10 - [MESSAGE][PASSED] - Text '' is set on object 'Object Repository/VLink/Page_CCSale/txt_TransactionID'

2024-05-18 17:08:11 - [MESSAGE][PASSED] - Text '' is set on object 'Object Repository/VLink/Page_CCSale/txt_ApprovalCode'

2024-05-18 17:08:11 - [MESSAGE][PASSED] - Text 'Kris Roshan' is set on object 'Object Repository/VLink/Page_CCSale/txt_CardName'

2024-05-18 17:08:12 - [MESSAGE][PASSED] - Text '258 Elm Road' is set on object 'Object Repository/VLink/Page_CCSale/txt_AL1'

2024-05-18 17:08:13 - [MESSAGE][PASSED] - Text 'Suite 56' is set on object 'Object Repository/VLink/Page_CCSale/txt_AL2'

2024-05-18 17:08:14 - [MESSAGE][PASSED] - Text 'Arlington' is set on object 'Object Repository/VLink/Page_CCSale/txt_CardCity'

2024-05-18 17:08:14 - [MESSAGE][PASSED] - Text 'VA' is set on object 'Object Repository/VLink/Page_CCSale/txt_CardState'

2024-05-18 17:08:15 - [MESSAGE][PASSED] - Text '22201' is set on object 'Object Repository/VLink/Page_CCSale/txt_CardZIP'

2024-05-18 17:08:16 - [MESSAGE][PASSED] - Text '840' is set on object 'Object Repository/VLink/Page_CCSale/txt_CountryID'

2024-05-18 17:08:16 - [MESSAGE][PASSED] - Text '1.50' is set on object 'Object Repository/VLink/Page_CCSale/txt_Amount'

2024-05-18 17:08:17 - [MESSAGE][PASSED] - Text '5146312200000035' is set on object 'Object Repository/VLink/Page_CCSale/txt_CardNumber'

2024-05-18 17:08:18 - [MESSAGE][PASSED] - Text '12' is set on object 'Object Repository/VLink/Page_CCSale/txt_ExpMonth'

2024-05-18 17:08:19 - [MESSAGE][PASSED] - Text '2025' is set on object 'Object Repository/VLink/Page_CCSale/txt_ExpYear'

2024-05-18 17:08:19 - [MESSAGE][PASSED] - Text '' is set on object 'Object Repository/VLink/Page_CCSale/txt_CVV'

2024-05-18 17:08:20 - [MESSAGE][PASSED] - Text '' is set on object 'Object Repository/VLink/Page_CCSale/txt_CVVstate'

2024-05-18 17:08:21 - [MESSAGE][PASSED] - Text '' is set on object 'Object Repository/VLink/Page_CCSale/txt_TrackData'

2024-05-18 17:08:21 - [MESSAGE][PASSED] - Text '' is set on object 'Object Repository/VLink/Page_CCSale/txt_Track1Data'

2024-05-18 17:08:22 - [MESSAGE][PASSED] - Text '' is set on object 'Object Repository/VLink/Page_CCSale/txt_Track2Data'

2024-05-18 17:08:23 - [MESSAGE][PASSED] - Text 'manual' is set on object 'Object Repository/VLink/Page_CCSale/txt_POSEntryMode'

2024-05-18 17:08:23 - [MESSAGE][PASSED] - Text 'iahmed@govolution.com' is set on object 'Object Repository/VLink/Page_CCSale/txt_Email'

2024-05-18 17:08:24 - [MESSAGE][PASSED] - Text '2569362' is set on object 'Object Repository/VLink/Page_CCSale/txt_OrderNumber'

2024-05-18 17:08:25 - [MESSAGE][PASSED] - Text '1.15' is set on object 'Object Repository/VLink/Page_CCSale/txt_TaxAmount'

2024-05-18 17:08:26 - [MESSAGE][PASSED] - Text 'Charge Description' is set on object 'Object Repository/VLink/Page_CCSale/txt_ChargeDescription'

2024-05-18 17:08:26 - [MESSAGE][PASSED] - Text '147357' is set on object 'Object Repository/VLink/Page_CCSale/txt_CAN'

2024-05-18 17:08:27 - [MESSAGE][PASSED] - Text '1' is set on object 'Object Repository/VLink/Page_CCSale/txt_BillPaymentIndicator'

2024-05-18 17:08:28 - [MESSAGE][PASSED] - Text 'UDF Data 1' is set on object 'Object Repository/VLink/Page_CCSale/txt_UDF1'

2024-05-18 17:08:28 - [MESSAGE][PASSED] - Text 'UDF Data 2' is set on object 'Object Repository/VLink/Page_CCSale/txt_UDF2'

2024-05-18 17:08:29 - [MESSAGE][PASSED] - Text 'UDF Data 3' is set on object 'Object Repository/VLink/Page_CCSale/txt_UDF3'

2024-05-18 17:08:30 - [MESSAGE][PASSED] - Text 'UDF Data 4' is set on object 'Object Repository/VLink/Page_CCSale/txt_UDF4'

2024-05-18 17:08:31 - [MESSAGE][PASSED] - Text 'UDF Data 5' is set on object 'Object Repository/VLink/Page_CCSale/txt_UDF5'

2024-05-18 17:08:31 - [MESSAGE][PASSED] - Text 'UDF Data 6' is set on object 'Object Repository/VLink/Page_CCSale/txt_UDF6'

2024-05-18 17:08:32 - [MESSAGE][PASSED] - Text 'UDF Data 7' is set on object 'Object Repository/VLink/Page_CCSale/txt_UDF7'

2024-05-18 17:08:33 - [MESSAGE][PASSED] - Text 'UDF Data 8' is set on object 'Object Repository/VLink/Page_CCSale/txt_UDF8'

2024-05-18 17:08:33 - [MESSAGE][PASSED] - Text 'UDF Data 9' is set on object 'Object Repository/VLink/Page_CCSale/txt_UDF9'

2024-05-18 17:08:34 - [MESSAGE][PASSED] - Text 'UDF Data 10' is set on object 'Object Repository/VLink/Page_CCSale/txt_UDF10'

2024-05-18 17:08:36 - [MESSAGE][PASSED] - Object: 'Object Repository/VLink/Page_CCSale/btn_ProcessVLinkTransaction' is clicked on

2024-05-18 17:08:41 - [MESSAGE][PASSED] - vlinkPages.saleCCPage.setDataSCC is PASSED

2024-05-18 17:08:41 - [TEST_STEP][PASSED] - if (verifyTextPresent("Transaction approved, no errors", true)): null

2024-05-18 17:08:41 - [MESSAGE][PASSED] - Text 'Transaction approved, no errors' is present on page  using regular expression

2024-05-18 17:08:41 - [TEST_STEP][PASSED] - println("Transaction Approved, no errors text is present on the Confirmation page"): null

2024-05-18 17:08:41 - [TEST_STEP][PASSED] - out.println("Pass Record Number: " + row): null

2024-05-18 17:08:41 - [TEST_STEP][PASSED] - resText = "Pass": null

2024-05-18 17:08:41 - [TEST_STEP][PASSED] - pages.WriteExcel.demoKey(resText, datText, resColumn, datCloumn, fileLoc, nameSheet, row): pages.WriteExcel.demoKey is PASSED

2024-05-18 17:08:41 - [MESSAGE][PASSED] - pages.WriteExcel.demoKey is PASSED

2024-05-18 17:08:41 - [TEST_STEP][PASSED] - sdfo = getText(findTestObject("Object Repository/Page_VLinkReceipt/pre_STX")): Text of object 'Object Repository/Page_VLinkReceipt/pre_STX' is: '<STX>rrP2gGBXXX7f                  12153333            0  Transaction approved, no errors                   0                                                                                  YP032009   <ETX>'

2024-05-18 17:08:41 - [MESSAGE][PASSED] - Text of object 'Object Repository/Page_VLinkReceipt/pre_STX' is: '<STX>rrP2gGBXXX7f                  12153333            0  Transaction approved, no errors                   0                                                                                  YP032009   <ETX>'

2024-05-18 17:08:41 - [TEST_STEP][PASSED] - out.println("sdfo: " + sdfo): null

2024-05-18 17:08:41 - [TEST_STEP][PASSED] - remID = substring(5, 35).trim(): null

2024-05-18 17:08:41 - [TEST_STEP][PASSED] - out.println("Remittance ID: " + remID): null

2024-05-18 17:08:41 - [TEST_STEP][PASSED] - traxID = substring(35, 55).trim(): null

2024-05-18 17:08:41 - [TEST_STEP][PASSED] - out.println("Transaction ID: " + traxID): null

2024-05-18 17:08:41 - [TEST_STEP][PASSED] - out.println("End Record Number: " + row): null

2024-05-18 17:08:41 - [TEST_STEP][PASSED] - closeBrowser(): Browser is closed

2024-05-18 17:08:43 - [MESSAGE][PASSED] - Browser is closed

2024-05-18 17:08:43 - [TEST_STEP][PASSED] - ExecuteTC = findTestData(dataFile).getValue("Execute", row): null

2024-05-18 17:08:43 - [TEST_STEP][PASSED] - out.println("Value of Execute is : " + ExecuteTC): null

2024-05-18 17:08:43 - [TEST_STEP][PASSED] - if (ExecuteTC.equalsIgnoreCase("Y")): Browser is closed

2024-05-18 17:08:43 - [TEST_STEP][PASSED] - out.println("Begin Record Number: " + row): null

2024-05-18 17:08:43 - [TEST_STEP][PASSED] - today = new java.util.Date(): null

2024-05-18 17:08:43 - [TEST_STEP][PASSED] - println(today): null

2024-05-18 17:08:43 - [TEST_STEP][PASSED] - datText = today: null

2024-05-18 17:08:43 - [TEST_STEP][PASSED] - openBrowser(VLinkURL + "authcap.html"): Browser is opened with url: 'https://dev-algorithm.govolution.com/vlinktest/QA2/version_2_0/authcap.html'

2024-05-18 17:08:43 - [MESSAGE][INFO] - Starting 'Chrome' driver

2024-05-18 17:08:43 - [MESSAGE][INFO] - User set preference: ['acceptInsecureCerts', 'true']

2024-05-18 17:08:43 - [MESSAGE][INFO] - Action delay is set to 0 milliseconds

2024-05-18 17:08:45 - [MESSAGE][PASSED] - Browser is opened with url: 'https://dev-algorithm.govolution.com/vlinktest/QA2/version_2_0/authcap.html'

2024-05-18 17:08:45 - [TEST_STEP][PASSED] - maximizeWindow(): Current window maximized

2024-05-18 17:08:45 - [MESSAGE][PASSED] - Current window maximized

2024-05-18 17:08:45 - [TEST_STEP][PASSED] - vlinkPages.saleCCPage.setDataSCC(row, dataFile): vlinkPages.saleCCPage.setDataSCC is PASSED

2024-05-18 17:08:48 - [MESSAGE][PASSED] - Object 'Object Repository/VLink/Page_CCSale/txt_CardNumber' is present

2024-05-18 17:08:49 - [MESSAGE][PASSED] - Text '104' is set on object 'Object Repository/VLink/Page_CCSale/txt_TransactionType'

2024-05-18 17:08:49 - [MESSAGE][PASSED] - Text '2.0C' is set on object 'Object Repository/VLink/Page_CCSale/txt_MessageVersion'

2024-05-18 17:08:50 - [MESSAGE][PASSED] - Text 'cYaqMuqX0Crl' is set on object 'Object Repository/VLink/Page_CCSale/txt_RemID'

2024-05-18 17:08:51 - [MESSAGE][PASSED] - Text '581' is set on object 'Object Repository/VLink/Page_CCSale/txt_ApplicationId'

2024-05-18 17:08:51 - [MESSAGE][PASSED] - Text 'usr581' is set on object 'Object Repository/VLink/Page_CCSale/txt_Username'

2024-05-18 17:08:52 - [MESSAGE][PASSED] - Text 'pwd581' is set on object 'Object Repository/VLink/Page_CCSale/txt_Password'

2024-05-18 17:08:53 - [MESSAGE][PASSED] - Text 'fixed_width' is set on object 'Object Repository/VLink/Page_CCSale/txt_ResponseFormat'

2024-05-18 17:08:54 - [MESSAGE][PASSED] - Text 'RETL' is set on object 'Object Repository/VLink/Page_CCSale/txt_Category'

2024-05-18 17:08:54 - [MESSAGE][PASSED] - Text '' is set on object 'Object Repository/VLink/Page_CCSale/txt_TransactionID'

2024-05-18 17:08:55 - [MESSAGE][PASSED] - Text '' is set on object 'Object Repository/VLink/Page_CCSale/txt_ApprovalCode'

2024-05-18 17:08:56 - [MESSAGE][PASSED] - Text 'Kris Roshan' is set on object 'Object Repository/VLink/Page_CCSale/txt_CardName'

2024-05-18 17:08:56 - [MESSAGE][PASSED] - Text '258 Elm Road' is set on object 'Object Repository/VLink/Page_CCSale/txt_AL1'

2024-05-18 17:08:57 - [MESSAGE][PASSED] - Text 'Suite 56' is set on object 'Object Repository/VLink/Page_CCSale/txt_AL2'

2024-05-18 17:08:58 - [MESSAGE][PASSED] - Text 'Arlington' is set on object 'Object Repository/VLink/Page_CCSale/txt_CardCity'

2024-05-18 17:08:58 - [MESSAGE][PASSED] - Text 'VA' is set on object 'Object Repository/VLink/Page_CCSale/txt_CardState'

2024-05-18 17:08:59 - [MESSAGE][PASSED] - Text '22201' is set on object 'Object Repository/VLink/Page_CCSale/txt_CardZIP'

2024-05-18 17:09:00 - [MESSAGE][PASSED] - Text '840' is set on object 'Object Repository/VLink/Page_CCSale/txt_CountryID'

2024-05-18 17:09:01 - [MESSAGE][PASSED] - Text '1.50' is set on object 'Object Repository/VLink/Page_CCSale/txt_Amount'

2024-05-18 17:09:01 - [MESSAGE][PASSED] - Text '5146312200000035' is set on object 'Object Repository/VLink/Page_CCSale/txt_CardNumber'

2024-05-18 17:09:02 - [MESSAGE][PASSED] - Text '12' is set on object 'Object Repository/VLink/Page_CCSale/txt_ExpMonth'

2024-05-18 17:09:03 - [MESSAGE][PASSED] - Text '2025' is set on object 'Object Repository/VLink/Page_CCSale/txt_ExpYear'

2024-05-18 17:09:03 - [MESSAGE][PASSED] - Text '' is set on object 'Object Repository/VLink/Page_CCSale/txt_CVV'

2024-05-18 17:09:04 - [MESSAGE][PASSED] - Text '' is set on object 'Object Repository/VLink/Page_CCSale/txt_CVVstate'

2024-05-18 17:09:05 - [MESSAGE][PASSED] - Text '' is set on object 'Object Repository/VLink/Page_CCSale/txt_TrackData'

2024-05-18 17:09:05 - [MESSAGE][PASSED] - Text '' is set on object 'Object Repository/VLink/Page_CCSale/txt_Track1Data'

2024-05-18 17:09:06 - [MESSAGE][PASSED] - Text '' is set on object 'Object Repository/VLink/Page_CCSale/txt_Track2Data'

2024-05-18 17:09:07 - [MESSAGE][PASSED] - Text 'manual' is set on object 'Object Repository/VLink/Page_CCSale/txt_POSEntryMode'

2024-05-18 17:09:08 - [MESSAGE][PASSED] - Text 'iahmed@govolution.com' is set on object 'Object Repository/VLink/Page_CCSale/txt_Email'

2024-05-18 17:09:08 - [MESSAGE][PASSED] - Text '2569362' is set on object 'Object Repository/VLink/Page_CCSale/txt_OrderNumber'

2024-05-18 17:09:09 - [MESSAGE][PASSED] - Text '1.15' is set on object 'Object Repository/VLink/Page_CCSale/txt_TaxAmount'

2024-05-18 17:09:10 - [MESSAGE][PASSED] - Text 'Charge Description' is set on object 'Object Repository/VLink/Page_CCSale/txt_ChargeDescription'

2024-05-18 17:09:10 - [MESSAGE][PASSED] - Text '147357' is set on object 'Object Repository/VLink/Page_CCSale/txt_CAN'

2024-05-18 17:09:11 - [MESSAGE][PASSED] - Text '1' is set on object 'Object Repository/VLink/Page_CCSale/txt_BillPaymentIndicator'

2024-05-18 17:09:12 - [MESSAGE][PASSED] - Text 'UDF Data 1' is set on object 'Object Repository/VLink/Page_CCSale/txt_UDF1'

2024-05-18 17:09:12 - [MESSAGE][PASSED] - Text 'UDF Data 2' is set on object 'Object Repository/VLink/Page_CCSale/txt_UDF2'

2024-05-18 17:09:13 - [MESSAGE][PASSED] - Text 'UDF Data 3' is set on object 'Object Repository/VLink/Page_CCSale/txt_UDF3'

2024-05-18 17:09:14 - [MESSAGE][PASSED] - Text 'UDF Data 4' is set on object 'Object Repository/VLink/Page_CCSale/txt_UDF4'

2024-05-18 17:09:15 - [MESSAGE][PASSED] - Text 'UDF Data 5' is set on object 'Object Repository/VLink/Page_CCSale/txt_UDF5'

2024-05-18 17:09:15 - [MESSAGE][PASSED] - Text 'UDF Data 6' is set on object 'Object Repository/VLink/Page_CCSale/txt_UDF6'

2024-05-18 17:09:16 - [MESSAGE][PASSED] - Text 'UDF Data 7' is set on object 'Object Repository/VLink/Page_CCSale/txt_UDF7'

2024-05-18 17:09:17 - [MESSAGE][PASSED] - Text 'UDF Data 8' is set on object 'Object Repository/VLink/Page_CCSale/txt_UDF8'

2024-05-18 17:09:17 - [MESSAGE][PASSED] - Text 'UDF Data 9' is set on object 'Object Repository/VLink/Page_CCSale/txt_UDF9'

2024-05-18 17:09:18 - [MESSAGE][PASSED] - Text 'UDF Data 10' is set on object 'Object Repository/VLink/Page_CCSale/txt_UDF10'

2024-05-18 17:09:19 - [MESSAGE][PASSED] - Object: 'Object Repository/VLink/Page_CCSale/btn_ProcessVLinkTransaction' is clicked on

2024-05-18 17:09:24 - [MESSAGE][PASSED] - vlinkPages.saleCCPage.setDataSCC is PASSED

2024-05-18 17:09:24 - [TEST_STEP][PASSED] - if (verifyTextPresent("Transaction approved, no errors", true)): null

2024-05-18 17:09:25 - [MESSAGE][PASSED] - Text 'Transaction approved, no errors' is present on page  using regular expression

2024-05-18 17:09:25 - [TEST_STEP][PASSED] - println("Transaction Approved, no errors text is present on the Confirmation page"): null

2024-05-18 17:09:25 - [TEST_STEP][PASSED] - out.println("Pass Record Number: " + row): null

2024-05-18 17:09:25 - [TEST_STEP][PASSED] - resText = "Pass": null

2024-05-18 17:09:25 - [TEST_STEP][PASSED] - pages.WriteExcel.demoKey(resText, datText, resColumn, datCloumn, fileLoc, nameSheet, row): pages.WriteExcel.demoKey is PASSED

2024-05-18 17:09:25 - [MESSAGE][PASSED] - pages.WriteExcel.demoKey is PASSED

2024-05-18 17:09:25 - [TEST_STEP][PASSED] - sdfo = getText(findTestObject("Object Repository/Page_VLinkReceipt/pre_STX")): Text of object 'Object Repository/Page_VLinkReceipt/pre_STX' is: '<STX>cYaqMuqX0Crl                  12153334            0  Transaction approved, no errors                   0                                                                                  YP032010   <ETX>'

2024-05-18 17:09:25 - [MESSAGE][PASSED] - Text of object 'Object Repository/Page_VLinkReceipt/pre_STX' is: '<STX>cYaqMuqX0Crl                  12153334            0  Transaction approved, no errors                   0                                                                                  YP032010   <ETX>'

2024-05-18 17:09:25 - [TEST_STEP][PASSED] - out.println("sdfo: " + sdfo): null

2024-05-18 17:09:25 - [TEST_STEP][PASSED] - remID = substring(5, 35).trim(): null

2024-05-18 17:09:25 - [TEST_STEP][PASSED] - out.println("Remittance ID: " + remID): null

2024-05-18 17:09:25 - [TEST_STEP][PASSED] - traxID = substring(35, 55).trim(): null

2024-05-18 17:09:25 - [TEST_STEP][PASSED] - out.println("Transaction ID: " + traxID): null

2024-05-18 17:09:25 - [TEST_STEP][PASSED] - out.println("End Record Number: " + row): null

2024-05-18 17:09:25 - [TEST_STEP][PASSED] - closeBrowser(): Browser is closed

2024-05-18 17:09:26 - [MESSAGE][PASSED] - Browser is closed

2024-05-18 17:09:26 - [TEST_STEP][PASSED] - ExecuteTC = findTestData(dataFile).getValue("Execute", row): null

2024-05-18 17:09:26 - [TEST_STEP][PASSED] - out.println("Value of Execute is : " + ExecuteTC): null

2024-05-18 17:09:26 - [TEST_STEP][PASSED] - if (ExecuteTC.equalsIgnoreCase("Y")): Browser is closed

2024-05-18 17:09:26 - [TEST_STEP][PASSED] - out.println("Begin Record Number: " + row): null

2024-05-18 17:09:26 - [TEST_STEP][PASSED] - today = new java.util.Date(): null

2024-05-18 17:09:26 - [TEST_STEP][PASSED] - println(today): null

2024-05-18 17:09:26 - [TEST_STEP][PASSED] - datText = today: null

2024-05-18 17:09:26 - [TEST_STEP][PASSED] - openBrowser(VLinkURL + "authcap.html"): Browser is opened with url: 'https://dev-algorithm.govolution.com/vlinktest/QA2/version_2_0/authcap.html'

2024-05-18 17:09:26 - [MESSAGE][INFO] - Starting 'Chrome' driver

2024-05-18 17:09:26 - [MESSAGE][INFO] - User set preference: ['acceptInsecureCerts', 'true']

2024-05-18 17:09:26 - [MESSAGE][INFO] - Action delay is set to 0 milliseconds

2024-05-18 17:09:29 - [MESSAGE][PASSED] - Browser is opened with url: 'https://dev-algorithm.govolution.com/vlinktest/QA2/version_2_0/authcap.html'

2024-05-18 17:09:29 - [TEST_STEP][PASSED] - maximizeWindow(): Current window maximized

2024-05-18 17:09:29 - [MESSAGE][PASSED] - Current window maximized

2024-05-18 17:09:29 - [TEST_STEP][PASSED] - vlinkPages.saleCCPage.setDataSCC(row, dataFile): vlinkPages.saleCCPage.setDataSCC is PASSED

2024-05-18 17:09:32 - [MESSAGE][PASSED] - Object 'Object Repository/VLink/Page_CCSale/txt_CardNumber' is present

2024-05-18 17:09:33 - [MESSAGE][PASSED] - Text '104' is set on object 'Object Repository/VLink/Page_CCSale/txt_TransactionType'

2024-05-18 17:09:33 - [MESSAGE][PASSED] - Text '2.0C' is set on object 'Object Repository/VLink/Page_CCSale/txt_MessageVersion'

2024-05-18 17:09:34 - [MESSAGE][PASSED] - Text '3cJmabF2Mxcn' is set on object 'Object Repository/VLink/Page_CCSale/txt_RemID'

2024-05-18 17:09:35 - [MESSAGE][PASSED] - Text '581' is set on object 'Object Repository/VLink/Page_CCSale/txt_ApplicationId'

2024-05-18 17:09:35 - [MESSAGE][PASSED] - Text 'usr581' is set on object 'Object Repository/VLink/Page_CCSale/txt_Username'

2024-05-18 17:09:36 - [MESSAGE][PASSED] - Text 'pwd581' is set on object 'Object Repository/VLink/Page_CCSale/txt_Password'

2024-05-18 17:09:37 - [MESSAGE][PASSED] - Text 'fixed_width' is set on object 'Object Repository/VLink/Page_CCSale/txt_ResponseFormat'

2024-05-18 17:09:37 - [MESSAGE][PASSED] - Text 'ECOM' is set on object 'Object Repository/VLink/Page_CCSale/txt_Category'

2024-05-18 17:09:38 - [MESSAGE][PASSED] - Text '' is set on object 'Object Repository/VLink/Page_CCSale/txt_TransactionID'

2024-05-18 17:09:39 - [MESSAGE][PASSED] - Text '' is set on object 'Object Repository/VLink/Page_CCSale/txt_ApprovalCode'

2024-05-18 17:09:40 - [MESSAGE][PASSED] - Text 'Kris Roshan' is set on object 'Object Repository/VLink/Page_CCSale/txt_CardName'

2024-05-18 17:09:40 - [MESSAGE][PASSED] - Text '258 Elm Road' is set on object 'Object Repository/VLink/Page_CCSale/txt_AL1'

2024-05-18 17:09:41 - [MESSAGE][PASSED] - Text 'Suite 56' is set on object 'Object Repository/VLink/Page_CCSale/txt_AL2'

2024-05-18 17:09:42 - [MESSAGE][PASSED] - Text 'Arlington' is set on object 'Object Repository/VLink/Page_CCSale/txt_CardCity'

2024-05-18 17:09:42 - [MESSAGE][PASSED] - Text 'VA' is set on object 'Object Repository/VLink/Page_CCSale/txt_CardState'

2024-05-18 17:09:43 - [MESSAGE][PASSED] - Text '22201' is set on object 'Object Repository/VLink/Page_CCSale/txt_CardZIP'

2024-05-18 17:09:44 - [MESSAGE][PASSED] - Text '840' is set on object 'Object Repository/VLink/Page_CCSale/txt_CountryID'

2024-05-18 17:09:44 - [MESSAGE][PASSED] - Text '1.50' is set on object 'Object Repository/VLink/Page_CCSale/txt_Amount'

2024-05-18 17:09:45 - [MESSAGE][PASSED] - Text '371449635392376' is set on object 'Object Repository/VLink/Page_CCSale/txt_CardNumber'

2024-05-18 17:09:46 - [MESSAGE][PASSED] - Text '12' is set on object 'Object Repository/VLink/Page_CCSale/txt_ExpMonth'

2024-05-18 17:09:47 - [MESSAGE][PASSED] - Text '2025' is set on object 'Object Repository/VLink/Page_CCSale/txt_ExpYear'

2024-05-18 17:09:47 - [MESSAGE][PASSED] - Text '' is set on object 'Object Repository/VLink/Page_CCSale/txt_CVV'

2024-05-18 17:09:48 - [MESSAGE][PASSED] - Text '' is set on object 'Object Repository/VLink/Page_CCSale/txt_CVVstate'

2024-05-18 17:09:49 - [MESSAGE][PASSED] - Text '' is set on object 'Object Repository/VLink/Page_CCSale/txt_TrackData'

2024-05-18 17:09:49 - [MESSAGE][PASSED] - Text '' is set on object 'Object Repository/VLink/Page_CCSale/txt_Track1Data'

2024-05-18 17:09:50 - [MESSAGE][PASSED] - Text '' is set on object 'Object Repository/VLink/Page_CCSale/txt_Track2Data'

2024-05-18 17:09:51 - [MESSAGE][PASSED] - Text 'manual' is set on object 'Object Repository/VLink/Page_CCSale/txt_POSEntryMode'

2024-05-18 17:09:52 - [MESSAGE][PASSED] - Text 'iahmed@govolution.com' is set on object 'Object Repository/VLink/Page_CCSale/txt_Email'

2024-05-18 17:09:52 - [MESSAGE][PASSED] - Text '2569362' is set on object 'Object Repository/VLink/Page_CCSale/txt_OrderNumber'

2024-05-18 17:09:53 - [MESSAGE][PASSED] - Text '1.15' is set on object 'Object Repository/VLink/Page_CCSale/txt_TaxAmount'

2024-05-18 17:09:54 - [MESSAGE][PASSED] - Text 'Charge Description' is set on object 'Object Repository/VLink/Page_CCSale/txt_ChargeDescription'

2024-05-18 17:09:54 - [MESSAGE][PASSED] - Text '147357' is set on object 'Object Repository/VLink/Page_CCSale/txt_CAN'

2024-05-18 17:09:55 - [MESSAGE][PASSED] - Text '1' is set on object 'Object Repository/VLink/Page_CCSale/txt_BillPaymentIndicator'

2024-05-18 17:09:56 - [MESSAGE][PASSED] - Text 'UDF Data 1' is set on object 'Object Repository/VLink/Page_CCSale/txt_UDF1'

2024-05-18 17:09:56 - [MESSAGE][PASSED] - Text 'UDF Data 2' is set on object 'Object Repository/VLink/Page_CCSale/txt_UDF2'

2024-05-18 17:09:57 - [MESSAGE][PASSED] - Text 'UDF Data 3' is set on object 'Object Repository/VLink/Page_CCSale/txt_UDF3'

2024-05-18 17:09:58 - [MESSAGE][PASSED] - Text 'UDF Data 4' is set on object 'Object Repository/VLink/Page_CCSale/txt_UDF4'

2024-05-18 17:09:58 - [MESSAGE][PASSED] - Text 'UDF Data 5' is set on object 'Object Repository/VLink/Page_CCSale/txt_UDF5'

2024-05-18 17:09:59 - [MESSAGE][PASSED] - Text 'UDF Data 6' is set on object 'Object Repository/VLink/Page_CCSale/txt_UDF6'

2024-05-18 17:10:00 - [MESSAGE][PASSED] - Text 'UDF Data 7' is set on object 'Object Repository/VLink/Page_CCSale/txt_UDF7'

2024-05-18 17:10:01 - [MESSAGE][PASSED] - Text 'UDF Data 8' is set on object 'Object Repository/VLink/Page_CCSale/txt_UDF8'

2024-05-18 17:10:01 - [MESSAGE][PASSED] - Text 'UDF Data 9' is set on object 'Object Repository/VLink/Page_CCSale/txt_UDF9'

2024-05-18 17:10:02 - [MESSAGE][PASSED] - Text 'UDF Data 10' is set on object 'Object Repository/VLink/Page_CCSale/txt_UDF10'

2024-05-18 17:10:03 - [MESSAGE][PASSED] - Object: 'Object Repository/VLink/Page_CCSale/btn_ProcessVLinkTransaction' is clicked on

2024-05-18 17:10:08 - [MESSAGE][PASSED] - vlinkPages.saleCCPage.setDataSCC is PASSED

2024-05-18 17:10:08 - [TEST_STEP][PASSED] - if (verifyTextPresent("Transaction approved, no errors", true)): null

2024-05-18 17:10:09 - [MESSAGE][PASSED] - Text 'Transaction approved, no errors' is present on page  using regular expression

2024-05-18 17:10:09 - [TEST_STEP][PASSED] - println("Transaction Approved, no errors text is present on the Confirmation page"): null

2024-05-18 17:10:09 - [TEST_STEP][PASSED] - out.println("Pass Record Number: " + row): null

2024-05-18 17:10:09 - [TEST_STEP][PASSED] - resText = "Pass": null

2024-05-18 17:10:09 - [TEST_STEP][PASSED] - pages.WriteExcel.demoKey(resText, datText, resColumn, datCloumn, fileLoc, nameSheet, row): pages.WriteExcel.demoKey is PASSED

2024-05-18 17:10:09 - [MESSAGE][PASSED] - pages.WriteExcel.demoKey is PASSED

2024-05-18 17:10:09 - [TEST_STEP][PASSED] - sdfo = getText(findTestObject("Object Repository/Page_VLinkReceipt/pre_STX")): Text of object 'Object Repository/Page_VLinkReceipt/pre_STX' is: '<STX>3cJmabF2Mxcn                  12153335            0  Transaction approved, no errors                   0                                                                                  YP032011   <ETX>'

2024-05-18 17:10:09 - [MESSAGE][PASSED] - Text of object 'Object Repository/Page_VLinkReceipt/pre_STX' is: '<STX>3cJmabF2Mxcn                  12153335            0  Transaction approved, no errors                   0                                                                                  YP032011   <ETX>'

2024-05-18 17:10:09 - [TEST_STEP][PASSED] - out.println("sdfo: " + sdfo): null

2024-05-18 17:10:09 - [TEST_STEP][PASSED] - remID = substring(5, 35).trim(): null

2024-05-18 17:10:09 - [TEST_STEP][PASSED] - out.println("Remittance ID: " + remID): null

2024-05-18 17:10:09 - [TEST_STEP][PASSED] - traxID = substring(35, 55).trim(): null

2024-05-18 17:10:09 - [TEST_STEP][PASSED] - out.println("Transaction ID: " + traxID): null

2024-05-18 17:10:09 - [TEST_STEP][PASSED] - out.println("End Record Number: " + row): null

2024-05-18 17:10:09 - [TEST_STEP][PASSED] - closeBrowser(): Browser is closed

2024-05-18 17:10:10 - [MESSAGE][PASSED] - Browser is closed

2024-05-18 17:10:10 - [TEST_STEP][PASSED] - ExecuteTC = findTestData(dataFile).getValue("Execute", row): null

2024-05-18 17:10:11 - [TEST_STEP][PASSED] - out.println("Value of Execute is : " + ExecuteTC): null

2024-05-18 17:10:11 - [TEST_STEP][PASSED] - if (ExecuteTC.equalsIgnoreCase("Y")): Browser is closed

2024-05-18 17:10:11 - [TEST_STEP][PASSED] - out.println("Begin Record Number: " + row): null

2024-05-18 17:10:11 - [TEST_STEP][PASSED] - today = new java.util.Date(): null

2024-05-18 17:10:11 - [TEST_STEP][PASSED] - println(today): null

2024-05-18 17:10:11 - [TEST_STEP][PASSED] - datText = today: null

2024-05-18 17:10:11 - [TEST_STEP][PASSED] - openBrowser(VLinkURL + "authcap.html"): Browser is opened with url: 'https://dev-algorithm.govolution.com/vlinktest/QA2/version_2_0/authcap.html'

2024-05-18 17:10:11 - [MESSAGE][INFO] - Starting 'Chrome' driver

2024-05-18 17:10:11 - [MESSAGE][INFO] - User set preference: ['acceptInsecureCerts', 'true']

2024-05-18 17:10:11 - [MESSAGE][INFO] - Action delay is set to 0 milliseconds

2024-05-18 17:10:13 - [MESSAGE][PASSED] - Browser is opened with url: 'https://dev-algorithm.govolution.com/vlinktest/QA2/version_2_0/authcap.html'

2024-05-18 17:10:13 - [TEST_STEP][PASSED] - maximizeWindow(): Current window maximized

2024-05-18 17:10:13 - [MESSAGE][PASSED] - Current window maximized

2024-05-18 17:10:13 - [TEST_STEP][PASSED] - vlinkPages.saleCCPage.setDataSCC(row, dataFile): vlinkPages.saleCCPage.setDataSCC is PASSED

2024-05-18 17:10:16 - [MESSAGE][PASSED] - Object 'Object Repository/VLink/Page_CCSale/txt_CardNumber' is present

2024-05-18 17:10:17 - [MESSAGE][PASSED] - Text '104' is set on object 'Object Repository/VLink/Page_CCSale/txt_TransactionType'

2024-05-18 17:10:17 - [MESSAGE][PASSED] - Text '2.0C' is set on object 'Object Repository/VLink/Page_CCSale/txt_MessageVersion'

2024-05-18 17:10:18 - [MESSAGE][PASSED] - Text 'Wt6v9u2wuXBm' is set on object 'Object Repository/VLink/Page_CCSale/txt_RemID'

2024-05-18 17:10:19 - [MESSAGE][PASSED] - Text '581' is set on object 'Object Repository/VLink/Page_CCSale/txt_ApplicationId'

2024-05-18 17:10:19 - [MESSAGE][PASSED] - Text 'usr581' is set on object 'Object Repository/VLink/Page_CCSale/txt_Username'

2024-05-18 17:10:20 - [MESSAGE][PASSED] - Text 'pwd581' is set on object 'Object Repository/VLink/Page_CCSale/txt_Password'

2024-05-18 17:10:21 - [MESSAGE][PASSED] - Text 'fixed_width' is set on object 'Object Repository/VLink/Page_CCSale/txt_ResponseFormat'

2024-05-18 17:10:21 - [MESSAGE][PASSED] - Text 'MOTO' is set on object 'Object Repository/VLink/Page_CCSale/txt_Category'

2024-05-18 17:10:22 - [MESSAGE][PASSED] - Text '' is set on object 'Object Repository/VLink/Page_CCSale/txt_TransactionID'

2024-05-18 17:10:23 - [MESSAGE][PASSED] - Text '' is set on object 'Object Repository/VLink/Page_CCSale/txt_ApprovalCode'

2024-05-18 17:10:23 - [MESSAGE][PASSED] - Text 'Kris Roshan' is set on object 'Object Repository/VLink/Page_CCSale/txt_CardName'

2024-05-18 17:10:24 - [MESSAGE][PASSED] - Text '258 Elm Road' is set on object 'Object Repository/VLink/Page_CCSale/txt_AL1'

2024-05-18 17:10:25 - [MESSAGE][PASSED] - Text 'Suite 56' is set on object 'Object Repository/VLink/Page_CCSale/txt_AL2'

2024-05-18 17:10:25 - [MESSAGE][PASSED] - Text 'Arlington' is set on object 'Object Repository/VLink/Page_CCSale/txt_CardCity'

2024-05-18 17:10:26 - [MESSAGE][PASSED] - Text 'VA' is set on object 'Object Repository/VLink/Page_CCSale/txt_CardState'

2024-05-18 17:10:27 - [MESSAGE][PASSED] - Text '22201' is set on object 'Object Repository/VLink/Page_CCSale/txt_CardZIP'

2024-05-18 17:10:28 - [MESSAGE][PASSED] - Text '840' is set on object 'Object Repository/VLink/Page_CCSale/txt_CountryID'

2024-05-18 17:10:28 - [MESSAGE][PASSED] - Text '1.50' is set on object 'Object Repository/VLink/Page_CCSale/txt_Amount'

2024-05-18 17:10:29 - [MESSAGE][PASSED] - Text '371449635392376' is set on object 'Object Repository/VLink/Page_CCSale/txt_CardNumber'

2024-05-18 17:10:30 - [MESSAGE][PASSED] - Text '12' is set on object 'Object Repository/VLink/Page_CCSale/txt_ExpMonth'

2024-05-18 17:10:30 - [MESSAGE][PASSED] - Text '2025' is set on object 'Object Repository/VLink/Page_CCSale/txt_ExpYear'

2024-05-18 17:10:31 - [MESSAGE][PASSED] - Text '' is set on object 'Object Repository/VLink/Page_CCSale/txt_CVV'

2024-05-18 17:10:32 - [MESSAGE][PASSED] - Text '' is set on object 'Object Repository/VLink/Page_CCSale/txt_CVVstate'

2024-05-18 17:10:33 - [MESSAGE][PASSED] - Text '' is set on object 'Object Repository/VLink/Page_CCSale/txt_TrackData'

2024-05-18 17:10:33 - [MESSAGE][PASSED] - Text '' is set on object 'Object Repository/VLink/Page_CCSale/txt_Track1Data'

2024-05-18 17:10:34 - [MESSAGE][PASSED] - Text '' is set on object 'Object Repository/VLink/Page_CCSale/txt_Track2Data'

2024-05-18 17:10:35 - [MESSAGE][PASSED] - Text 'manual' is set on object 'Object Repository/VLink/Page_CCSale/txt_POSEntryMode'

2024-05-18 17:10:35 - [MESSAGE][PASSED] - Text 'iahmed@govolution.com' is set on object 'Object Repository/VLink/Page_CCSale/txt_Email'

2024-05-18 17:10:36 - [MESSAGE][PASSED] - Text '2569362' is set on object 'Object Repository/VLink/Page_CCSale/txt_OrderNumber'

2024-05-18 17:10:37 - [MESSAGE][PASSED] - Text '1.15' is set on object 'Object Repository/VLink/Page_CCSale/txt_TaxAmount'

2024-05-18 17:10:37 - [MESSAGE][PASSED] - Text 'Charge Description' is set on object 'Object Repository/VLink/Page_CCSale/txt_ChargeDescription'

2024-05-18 17:10:38 - [MESSAGE][PASSED] - Text '147357' is set on object 'Object Repository/VLink/Page_CCSale/txt_CAN'

2024-05-18 17:10:39 - [MESSAGE][PASSED] - Text '1' is set on object 'Object Repository/VLink/Page_CCSale/txt_BillPaymentIndicator'

2024-05-18 17:10:40 - [MESSAGE][PASSED] - Text 'UDF Data 1' is set on object 'Object Repository/VLink/Page_CCSale/txt_UDF1'

2024-05-18 17:10:40 - [MESSAGE][PASSED] - Text 'UDF Data 2' is set on object 'Object Repository/VLink/Page_CCSale/txt_UDF2'

2024-05-18 17:10:41 - [MESSAGE][PASSED] - Text 'UDF Data 3' is set on object 'Object Repository/VLink/Page_CCSale/txt_UDF3'

2024-05-18 17:10:42 - [MESSAGE][PASSED] - Text 'UDF Data 4' is set on object 'Object Repository/VLink/Page_CCSale/txt_UDF4'

2024-05-18 17:10:42 - [MESSAGE][PASSED] - Text 'UDF Data 5' is set on object 'Object Repository/VLink/Page_CCSale/txt_UDF5'

2024-05-18 17:10:43 - [MESSAGE][PASSED] - Text 'UDF Data 6' is set on object 'Object Repository/VLink/Page_CCSale/txt_UDF6'

2024-05-18 17:10:44 - [MESSAGE][PASSED] - Text 'UDF Data 7' is set on object 'Object Repository/VLink/Page_CCSale/txt_UDF7'

2024-05-18 17:10:45 - [MESSAGE][PASSED] - Text 'UDF Data 8' is set on object 'Object Repository/VLink/Page_CCSale/txt_UDF8'

2024-05-18 17:10:45 - [MESSAGE][PASSED] - Text 'UDF Data 9' is set on object 'Object Repository/VLink/Page_CCSale/txt_UDF9'

2024-05-18 17:10:46 - [MESSAGE][PASSED] - Text 'UDF Data 10' is set on object 'Object Repository/VLink/Page_CCSale/txt_UDF10'

2024-05-18 17:10:47 - [MESSAGE][PASSED] - Object: 'Object Repository/VLink/Page_CCSale/btn_ProcessVLinkTransaction' is clicked on

2024-05-18 17:10:52 - [MESSAGE][PASSED] - vlinkPages.saleCCPage.setDataSCC is PASSED

2024-05-18 17:10:52 - [TEST_STEP][PASSED] - if (verifyTextPresent("Transaction approved, no errors", true)): null

2024-05-18 17:10:53 - [MESSAGE][PASSED] - Text 'Transaction approved, no errors' is present on page  using regular expression

2024-05-18 17:10:53 - [TEST_STEP][PASSED] - println("Transaction Approved, no errors text is present on the Confirmation page"): null

2024-05-18 17:10:53 - [TEST_STEP][PASSED] - out.println("Pass Record Number: " + row): null

2024-05-18 17:10:53 - [TEST_STEP][PASSED] - resText = "Pass": null

2024-05-18 17:10:53 - [TEST_STEP][PASSED] - pages.WriteExcel.demoKey(resText, datText, resColumn, datCloumn, fileLoc, nameSheet, row): pages.WriteExcel.demoKey is PASSED

2024-05-18 17:10:53 - [MESSAGE][PASSED] - pages.WriteExcel.demoKey is PASSED

2024-05-18 17:10:53 - [TEST_STEP][PASSED] - sdfo = getText(findTestObject("Object Repository/Page_VLinkReceipt/pre_STX")): Text of object 'Object Repository/Page_VLinkReceipt/pre_STX' is: '<STX>Wt6v9u2wuXBm                  12153336            0  Transaction approved, no errors                   0                                                                                  YP032012   <ETX>'

2024-05-18 17:10:53 - [MESSAGE][PASSED] - Text of object 'Object Repository/Page_VLinkReceipt/pre_STX' is: '<STX>Wt6v9u2wuXBm                  12153336            0  Transaction approved, no errors                   0                                                                                  YP032012   <ETX>'

2024-05-18 17:10:53 - [TEST_STEP][PASSED] - out.println("sdfo: " + sdfo): null

2024-05-18 17:10:53 - [TEST_STEP][PASSED] - remID = substring(5, 35).trim(): null

2024-05-18 17:10:53 - [TEST_STEP][PASSED] - out.println("Remittance ID: " + remID): null

2024-05-18 17:10:53 - [TEST_STEP][PASSED] - traxID = substring(35, 55).trim(): null

2024-05-18 17:10:53 - [TEST_STEP][PASSED] - out.println("Transaction ID: " + traxID): null

2024-05-18 17:10:53 - [TEST_STEP][PASSED] - out.println("End Record Number: " + row): null

2024-05-18 17:10:53 - [TEST_STEP][PASSED] - closeBrowser(): Browser is closed

2024-05-18 17:10:54 - [MESSAGE][PASSED] - Browser is closed

2024-05-18 17:10:54 - [TEST_STEP][PASSED] - ExecuteTC = findTestData(dataFile).getValue("Execute", row): null

2024-05-18 17:10:54 - [TEST_STEP][PASSED] - out.println("Value of Execute is : " + ExecuteTC): null

2024-05-18 17:10:54 - [TEST_STEP][PASSED] - if (ExecuteTC.equalsIgnoreCase("Y")): Browser is closed

2024-05-18 17:10:54 - [TEST_STEP][PASSED] - out.println("Begin Record Number: " + row): null

2024-05-18 17:10:54 - [TEST_STEP][PASSED] - today = new java.util.Date(): null

2024-05-18 17:10:54 - [TEST_STEP][PASSED] - println(today): null

2024-05-18 17:10:54 - [TEST_STEP][PASSED] - datText = today: null

2024-05-18 17:10:54 - [TEST_STEP][PASSED] - openBrowser(VLinkURL + "authcap.html"): Browser is opened with url: 'https://dev-algorithm.govolution.com/vlinktest/QA2/version_2_0/authcap.html'

2024-05-18 17:10:54 - [MESSAGE][INFO] - Starting 'Chrome' driver

2024-05-18 17:10:54 - [MESSAGE][INFO] - User set preference: ['acceptInsecureCerts', 'true']

2024-05-18 17:10:54 - [MESSAGE][INFO] - Action delay is set to 0 milliseconds

2024-05-18 17:10:56 - [MESSAGE][PASSED] - Browser is opened with url: 'https://dev-algorithm.govolution.com/vlinktest/QA2/version_2_0/authcap.html'

2024-05-18 17:10:56 - [TEST_STEP][PASSED] - maximizeWindow(): Current window maximized

2024-05-18 17:10:57 - [MESSAGE][PASSED] - Current window maximized

2024-05-18 17:10:57 - [TEST_STEP][PASSED] - vlinkPages.saleCCPage.setDataSCC(row, dataFile): vlinkPages.saleCCPage.setDataSCC is PASSED

2024-05-18 17:11:00 - [MESSAGE][PASSED] - Object 'Object Repository/VLink/Page_CCSale/txt_CardNumber' is present

2024-05-18 17:11:00 - [MESSAGE][PASSED] - Text '104' is set on object 'Object Repository/VLink/Page_CCSale/txt_TransactionType'

2024-05-18 17:11:01 - [MESSAGE][PASSED] - Text '2.0C' is set on object 'Object Repository/VLink/Page_CCSale/txt_MessageVersion'

2024-05-18 17:11:02 - [MESSAGE][PASSED] - Text 'CYdYzBPQVkWF' is set on object 'Object Repository/VLink/Page_CCSale/txt_RemID'

2024-05-18 17:11:02 - [MESSAGE][PASSED] - Text '581' is set on object 'Object Repository/VLink/Page_CCSale/txt_ApplicationId'

2024-05-18 17:11:03 - [MESSAGE][PASSED] - Text 'usr581' is set on object 'Object Repository/VLink/Page_CCSale/txt_Username'

2024-05-18 17:11:04 - [MESSAGE][PASSED] - Text 'pwd581' is set on object 'Object Repository/VLink/Page_CCSale/txt_Password'

2024-05-18 17:11:04 - [MESSAGE][PASSED] - Text 'fixed_width' is set on object 'Object Repository/VLink/Page_CCSale/txt_ResponseFormat'

2024-05-18 17:11:05 - [MESSAGE][PASSED] - Text 'RETL' is set on object 'Object Repository/VLink/Page_CCSale/txt_Category'

2024-05-18 17:11:06 - [MESSAGE][PASSED] - Text '' is set on object 'Object Repository/VLink/Page_CCSale/txt_TransactionID'

2024-05-18 17:11:07 - [MESSAGE][PASSED] - Text '' is set on object 'Object Repository/VLink/Page_CCSale/txt_ApprovalCode'

2024-05-18 17:11:07 - [MESSAGE][PASSED] - Text 'Kris Roshan' is set on object 'Object Repository/VLink/Page_CCSale/txt_CardName'

2024-05-18 17:11:08 - [MESSAGE][PASSED] - Text '258 Elm Road' is set on object 'Object Repository/VLink/Page_CCSale/txt_AL1'

2024-05-18 17:11:09 - [MESSAGE][PASSED] - Text 'Suite 56' is set on object 'Object Repository/VLink/Page_CCSale/txt_AL2'

2024-05-18 17:11:09 - [MESSAGE][PASSED] - Text 'Arlington' is set on object 'Object Repository/VLink/Page_CCSale/txt_CardCity'

2024-05-18 17:11:10 - [MESSAGE][PASSED] - Text 'VA' is set on object 'Object Repository/VLink/Page_CCSale/txt_CardState'

2024-05-18 17:11:11 - [MESSAGE][PASSED] - Text '22201' is set on object 'Object Repository/VLink/Page_CCSale/txt_CardZIP'

2024-05-18 17:11:11 - [MESSAGE][PASSED] - Text '840' is set on object 'Object Repository/VLink/Page_CCSale/txt_CountryID'

2024-05-18 17:11:12 - [MESSAGE][PASSED] - Text '1.50' is set on object 'Object Repository/VLink/Page_CCSale/txt_Amount'

2024-05-18 17:11:13 - [MESSAGE][PASSED] - Text '371449635392376' is set on object 'Object Repository/VLink/Page_CCSale/txt_CardNumber'

2024-05-18 17:11:14 - [MESSAGE][PASSED] - Text '12' is set on object 'Object Repository/VLink/Page_CCSale/txt_ExpMonth'

2024-05-18 17:11:14 - [MESSAGE][PASSED] - Text '2025' is set on object 'Object Repository/VLink/Page_CCSale/txt_ExpYear'

2024-05-18 17:11:15 - [MESSAGE][PASSED] - Text '' is set on object 'Object Repository/VLink/Page_CCSale/txt_CVV'

2024-05-18 17:11:16 - [MESSAGE][PASSED] - Text '' is set on object 'Object Repository/VLink/Page_CCSale/txt_CVVstate'

2024-05-18 17:11:16 - [MESSAGE][PASSED] - Text '' is set on object 'Object Repository/VLink/Page_CCSale/txt_TrackData'

2024-05-18 17:11:17 - [MESSAGE][PASSED] - Text '' is set on object 'Object Repository/VLink/Page_CCSale/txt_Track1Data'

2024-05-18 17:11:18 - [MESSAGE][PASSED] - Text '' is set on object 'Object Repository/VLink/Page_CCSale/txt_Track2Data'

2024-05-18 17:11:18 - [MESSAGE][PASSED] - Text 'manual' is set on object 'Object Repository/VLink/Page_CCSale/txt_POSEntryMode'

2024-05-18 17:11:19 - [MESSAGE][PASSED] - Text 'iahmed@govolution.com' is set on object 'Object Repository/VLink/Page_CCSale/txt_Email'

2024-05-18 17:11:20 - [MESSAGE][PASSED] - Text '2569362' is set on object 'Object Repository/VLink/Page_CCSale/txt_OrderNumber'

2024-05-18 17:11:21 - [MESSAGE][PASSED] - Text '1.15' is set on object 'Object Repository/VLink/Page_CCSale/txt_TaxAmount'

2024-05-18 17:11:21 - [MESSAGE][PASSED] - Text 'Charge Description' is set on object 'Object Repository/VLink/Page_CCSale/txt_ChargeDescription'

2024-05-18 17:11:22 - [MESSAGE][PASSED] - Text '147357' is set on object 'Object Repository/VLink/Page_CCSale/txt_CAN'

2024-05-18 17:11:23 - [MESSAGE][PASSED] - Text '1' is set on object 'Object Repository/VLink/Page_CCSale/txt_BillPaymentIndicator'

2024-05-18 17:11:23 - [MESSAGE][PASSED] - Text 'UDF Data 1' is set on object 'Object Repository/VLink/Page_CCSale/txt_UDF1'

2024-05-18 17:11:24 - [MESSAGE][PASSED] - Text 'UDF Data 2' is set on object 'Object Repository/VLink/Page_CCSale/txt_UDF2'

2024-05-18 17:11:25 - [MESSAGE][PASSED] - Text 'UDF Data 3' is set on object 'Object Repository/VLink/Page_CCSale/txt_UDF3'

2024-05-18 17:11:26 - [MESSAGE][PASSED] - Text 'UDF Data 4' is set on object 'Object Repository/VLink/Page_CCSale/txt_UDF4'

2024-05-18 17:11:26 - [MESSAGE][PASSED] - Text 'UDF Data 5' is set on object 'Object Repository/VLink/Page_CCSale/txt_UDF5'

2024-05-18 17:11:27 - [MESSAGE][PASSED] - Text 'UDF Data 6' is set on object 'Object Repository/VLink/Page_CCSale/txt_UDF6'

2024-05-18 17:11:28 - [MESSAGE][PASSED] - Text 'UDF Data 7' is set on object 'Object Repository/VLink/Page_CCSale/txt_UDF7'

2024-05-18 17:11:28 - [MESSAGE][PASSED] - Text 'UDF Data 8' is set on object 'Object Repository/VLink/Page_CCSale/txt_UDF8'

2024-05-18 17:11:29 - [MESSAGE][PASSED] - Text 'UDF Data 9' is set on object 'Object Repository/VLink/Page_CCSale/txt_UDF9'

2024-05-18 17:11:30 - [MESSAGE][PASSED] - Text 'UDF Data 10' is set on object 'Object Repository/VLink/Page_CCSale/txt_UDF10'

2024-05-18 17:11:42 - [MESSAGE][PASSED] - Object: 'Object Repository/VLink/Page_CCSale/btn_ProcessVLinkTransaction' is clicked on

2024-05-18 17:11:47 - [MESSAGE][PASSED] - vlinkPages.saleCCPage.setDataSCC is PASSED

2024-05-18 17:11:47 - [TEST_STEP][PASSED] - if (verifyTextPresent("Transaction approved, no errors", true)): null

2024-05-18 17:11:47 - [MESSAGE][PASSED] - Text 'Transaction approved, no errors' is present on page  using regular expression

2024-05-18 17:11:47 - [TEST_STEP][PASSED] - println("Transaction Approved, no errors text is present on the Confirmation page"): null

2024-05-18 17:11:47 - [TEST_STEP][PASSED] - out.println("Pass Record Number: " + row): null

2024-05-18 17:11:47 - [TEST_STEP][PASSED] - resText = "Pass": null

2024-05-18 17:11:47 - [TEST_STEP][PASSED] - pages.WriteExcel.demoKey(resText, datText, resColumn, datCloumn, fileLoc, nameSheet, row): pages.WriteExcel.demoKey is PASSED

2024-05-18 17:11:47 - [MESSAGE][PASSED] - pages.WriteExcel.demoKey is PASSED

2024-05-18 17:11:47 - [TEST_STEP][PASSED] - sdfo = getText(findTestObject("Object Repository/Page_VLinkReceipt/pre_STX")): Text of object 'Object Repository/Page_VLinkReceipt/pre_STX' is: '<STX>CYdYzBPQVkWF                  12153337            0  Transaction approved, no errors                   0                                                                                  YP032013   <ETX>'

2024-05-18 17:11:47 - [MESSAGE][PASSED] - Text of object 'Object Repository/Page_VLinkReceipt/pre_STX' is: '<STX>CYdYzBPQVkWF                  12153337            0  Transaction approved, no errors                   0                                                                                  YP032013   <ETX>'

2024-05-18 17:11:47 - [TEST_STEP][PASSED] - out.println("sdfo: " + sdfo): null

2024-05-18 17:11:47 - [TEST_STEP][PASSED] - remID = substring(5, 35).trim(): null

2024-05-18 17:11:47 - [TEST_STEP][PASSED] - out.println("Remittance ID: " + remID): null

2024-05-18 17:11:47 - [TEST_STEP][PASSED] - traxID = substring(35, 55).trim(): null

2024-05-18 17:11:47 - [TEST_STEP][PASSED] - out.println("Transaction ID: " + traxID): null

2024-05-18 17:11:47 - [TEST_STEP][PASSED] - out.println("End Record Number: " + row): null

2024-05-18 17:11:47 - [TEST_STEP][PASSED] - closeBrowser(): Browser is closed

2024-05-18 17:11:48 - [MESSAGE][PASSED] - Browser is closed

2024-05-18 17:11:48 - [TEST_STEP][PASSED] - ExecuteTC = findTestData(dataFile).getValue("Execute", row): null

2024-05-18 17:11:49 - [TEST_STEP][PASSED] - out.println("Value of Execute is : " + ExecuteTC): null

2024-05-18 17:11:49 - [TEST_STEP][PASSED] - if (ExecuteTC.equalsIgnoreCase("Y")): Browser is closed

2024-05-18 17:11:49 - [TEST_STEP][PASSED] - out.println("Begin Record Number: " + row): null

2024-05-18 17:11:49 - [TEST_STEP][PASSED] - today = new java.util.Date(): null

2024-05-18 17:11:49 - [TEST_STEP][PASSED] - println(today): null

2024-05-18 17:11:49 - [TEST_STEP][PASSED] - datText = today: null

2024-05-18 17:11:49 - [TEST_STEP][PASSED] - openBrowser(VLinkURL + "authcap.html"): Browser is opened with url: 'https://dev-algorithm.govolution.com/vlinktest/QA2/version_2_0/authcap.html'

2024-05-18 17:11:49 - [MESSAGE][INFO] - Starting 'Chrome' driver

2024-05-18 17:11:49 - [MESSAGE][INFO] - User set preference: ['acceptInsecureCerts', 'true']

2024-05-18 17:11:49 - [MESSAGE][INFO] - Action delay is set to 0 milliseconds

2024-05-18 17:11:50 - [MESSAGE][PASSED] - Browser is opened with url: 'https://dev-algorithm.govolution.com/vlinktest/QA2/version_2_0/authcap.html'

2024-05-18 17:11:50 - [TEST_STEP][PASSED] - maximizeWindow(): Current window maximized

2024-05-18 17:11:51 - [MESSAGE][PASSED] - Current window maximized

2024-05-18 17:11:51 - [TEST_STEP][PASSED] - vlinkPages.saleCCPage.setDataSCC(row, dataFile): vlinkPages.saleCCPage.setDataSCC is PASSED

2024-05-18 17:11:54 - [MESSAGE][PASSED] - Object 'Object Repository/VLink/Page_CCSale/txt_CardNumber' is present

2024-05-18 17:11:55 - [MESSAGE][PASSED] - Text '104' is set on object 'Object Repository/VLink/Page_CCSale/txt_TransactionType'

2024-05-18 17:11:55 - [MESSAGE][PASSED] - Text '2.0C' is set on object 'Object Repository/VLink/Page_CCSale/txt_MessageVersion'

2024-05-18 17:11:56 - [MESSAGE][PASSED] - Text 'PYIveBEGggmn' is set on object 'Object Repository/VLink/Page_CCSale/txt_RemID'

2024-05-18 17:11:57 - [MESSAGE][PASSED] - Text '581' is set on object 'Object Repository/VLink/Page_CCSale/txt_ApplicationId'

2024-05-18 17:11:57 - [MESSAGE][PASSED] - Text 'usr581' is set on object 'Object Repository/VLink/Page_CCSale/txt_Username'

2024-05-18 17:11:58 - [MESSAGE][PASSED] - Text 'pwd581' is set on object 'Object Repository/VLink/Page_CCSale/txt_Password'

2024-05-18 17:11:59 - [MESSAGE][PASSED] - Text 'fixed_width' is set on object 'Object Repository/VLink/Page_CCSale/txt_ResponseFormat'

2024-05-18 17:11:59 - [MESSAGE][PASSED] - Text 'ECOM' is set on object 'Object Repository/VLink/Page_CCSale/txt_Category'

2024-05-18 17:12:00 - [MESSAGE][PASSED] - Text '' is set on object 'Object Repository/VLink/Page_CCSale/txt_TransactionID'

2024-05-18 17:12:01 - [MESSAGE][PASSED] - Text '' is set on object 'Object Repository/VLink/Page_CCSale/txt_ApprovalCode'

2024-05-18 17:12:01 - [MESSAGE][PASSED] - Text 'Kris Roshan' is set on object 'Object Repository/VLink/Page_CCSale/txt_CardName'

2024-05-18 17:12:02 - [MESSAGE][PASSED] - Text '258 Elm Road' is set on object 'Object Repository/VLink/Page_CCSale/txt_AL1'

2024-05-18 17:12:03 - [MESSAGE][PASSED] - Text 'Suite 56' is set on object 'Object Repository/VLink/Page_CCSale/txt_AL2'

2024-05-18 17:12:03 - [MESSAGE][PASSED] - Text 'Arlington' is set on object 'Object Repository/VLink/Page_CCSale/txt_CardCity'

2024-05-18 17:12:04 - [MESSAGE][PASSED] - Text 'VA' is set on object 'Object Repository/VLink/Page_CCSale/txt_CardState'

2024-05-18 17:12:05 - [MESSAGE][PASSED] - Text '22201' is set on object 'Object Repository/VLink/Page_CCSale/txt_CardZIP'

2024-05-18 17:12:06 - [MESSAGE][PASSED] - Text '840' is set on object 'Object Repository/VLink/Page_CCSale/txt_CountryID'

2024-05-18 17:12:06 - [MESSAGE][PASSED] - Text '1.50' is set on object 'Object Repository/VLink/Page_CCSale/txt_Amount'

2024-05-18 17:12:07 - [MESSAGE][PASSED] - Text '6011000993026909' is set on object 'Object Repository/VLink/Page_CCSale/txt_CardNumber'

2024-05-18 17:12:08 - [MESSAGE][PASSED] - Text '12' is set on object 'Object Repository/VLink/Page_CCSale/txt_ExpMonth'

2024-05-18 17:12:08 - [MESSAGE][PASSED] - Text '2025' is set on object 'Object Repository/VLink/Page_CCSale/txt_ExpYear'

2024-05-18 17:12:09 - [MESSAGE][PASSED] - Text '' is set on object 'Object Repository/VLink/Page_CCSale/txt_CVV'

2024-05-18 17:12:10 - [MESSAGE][PASSED] - Text '' is set on object 'Object Repository/VLink/Page_CCSale/txt_CVVstate'

2024-05-18 17:12:10 - [MESSAGE][PASSED] - Text '' is set on object 'Object Repository/VLink/Page_CCSale/txt_TrackData'

2024-05-18 17:12:11 - [MESSAGE][PASSED] - Text '' is set on object 'Object Repository/VLink/Page_CCSale/txt_Track1Data'

2024-05-18 17:12:12 - [MESSAGE][PASSED] - Text '' is set on object 'Object Repository/VLink/Page_CCSale/txt_Track2Data'

2024-05-18 17:12:13 - [MESSAGE][PASSED] - Text 'manual' is set on object 'Object Repository/VLink/Page_CCSale/txt_POSEntryMode'

2024-05-18 17:12:13 - [MESSAGE][PASSED] - Text 'iahmed@govolution.com' is set on object 'Object Repository/VLink/Page_CCSale/txt_Email'

2024-05-18 17:12:14 - [MESSAGE][PASSED] - Text '2569362' is set on object 'Object Repository/VLink/Page_CCSale/txt_OrderNumber'

2024-05-18 17:12:15 - [MESSAGE][PASSED] - Text '1.15' is set on object 'Object Repository/VLink/Page_CCSale/txt_TaxAmount'

2024-05-18 17:12:15 - [MESSAGE][PASSED] - Text 'Charge Description' is set on object 'Object Repository/VLink/Page_CCSale/txt_ChargeDescription'

2024-05-18 17:12:16 - [MESSAGE][PASSED] - Text '147357' is set on object 'Object Repository/VLink/Page_CCSale/txt_CAN'

2024-05-18 17:12:17 - [MESSAGE][PASSED] - Text '1' is set on object 'Object Repository/VLink/Page_CCSale/txt_BillPaymentIndicator'

2024-05-18 17:12:18 - [MESSAGE][PASSED] - Text 'UDF Data 1' is set on object 'Object Repository/VLink/Page_CCSale/txt_UDF1'

2024-05-18 17:12:18 - [MESSAGE][PASSED] - Text 'UDF Data 2' is set on object 'Object Repository/VLink/Page_CCSale/txt_UDF2'

2024-05-18 17:12:19 - [MESSAGE][PASSED] - Text 'UDF Data 3' is set on object 'Object Repository/VLink/Page_CCSale/txt_UDF3'

2024-05-18 17:12:20 - [MESSAGE][PASSED] - Text 'UDF Data 4' is set on object 'Object Repository/VLink/Page_CCSale/txt_UDF4'

2024-05-18 17:12:20 - [MESSAGE][PASSED] - Text 'UDF Data 5' is set on object 'Object Repository/VLink/Page_CCSale/txt_UDF5'

2024-05-18 17:12:21 - [MESSAGE][PASSED] - Text 'UDF Data 6' is set on object 'Object Repository/VLink/Page_CCSale/txt_UDF6'

2024-05-18 17:12:22 - [MESSAGE][PASSED] - Text 'UDF Data 7' is set on object 'Object Repository/VLink/Page_CCSale/txt_UDF7'

2024-05-18 17:12:23 - [MESSAGE][PASSED] - Text 'UDF Data 8' is set on object 'Object Repository/VLink/Page_CCSale/txt_UDF8'

2024-05-18 17:12:23 - [MESSAGE][PASSED] - Text 'UDF Data 9' is set on object 'Object Repository/VLink/Page_CCSale/txt_UDF9'

2024-05-18 17:12:24 - [MESSAGE][PASSED] - Text 'UDF Data 10' is set on object 'Object Repository/VLink/Page_CCSale/txt_UDF10'

2024-05-18 17:12:25 - [MESSAGE][PASSED] - Object: 'Object Repository/VLink/Page_CCSale/btn_ProcessVLinkTransaction' is clicked on

2024-05-18 17:12:30 - [MESSAGE][PASSED] - vlinkPages.saleCCPage.setDataSCC is PASSED

2024-05-18 17:12:30 - [TEST_STEP][PASSED] - if (verifyTextPresent("Transaction approved, no errors", true)): null

2024-05-18 17:12:31 - [MESSAGE][PASSED] - Text 'Transaction approved, no errors' is present on page  using regular expression

2024-05-18 17:12:31 - [TEST_STEP][PASSED] - println("Transaction Approved, no errors text is present on the Confirmation page"): null

2024-05-18 17:12:31 - [TEST_STEP][PASSED] - out.println("Pass Record Number: " + row): null

2024-05-18 17:12:31 - [TEST_STEP][PASSED] - resText = "Pass": null

2024-05-18 17:12:31 - [TEST_STEP][PASSED] - pages.WriteExcel.demoKey(resText, datText, resColumn, datCloumn, fileLoc, nameSheet, row): pages.WriteExcel.demoKey is PASSED

2024-05-18 17:12:31 - [MESSAGE][PASSED] - pages.WriteExcel.demoKey is PASSED

2024-05-18 17:12:31 - [TEST_STEP][PASSED] - sdfo = getText(findTestObject("Object Repository/Page_VLinkReceipt/pre_STX")): Text of object 'Object Repository/Page_VLinkReceipt/pre_STX' is: '<STX>PYIveBEGggmn                  12153338            0  Transaction approved, no errors                   0                                                                                  YP032014   <ETX>'

2024-05-18 17:12:31 - [MESSAGE][PASSED] - Text of object 'Object Repository/Page_VLinkReceipt/pre_STX' is: '<STX>PYIveBEGggmn                  12153338            0  Transaction approved, no errors                   0                                                                                  YP032014   <ETX>'

2024-05-18 17:12:31 - [TEST_STEP][PASSED] - out.println("sdfo: " + sdfo): null

2024-05-18 17:12:31 - [TEST_STEP][PASSED] - remID = substring(5, 35).trim(): null

2024-05-18 17:12:31 - [TEST_STEP][PASSED] - out.println("Remittance ID: " + remID): null

2024-05-18 17:12:31 - [TEST_STEP][PASSED] - traxID = substring(35, 55).trim(): null

2024-05-18 17:12:31 - [TEST_STEP][PASSED] - out.println("Transaction ID: " + traxID): null

2024-05-18 17:12:31 - [TEST_STEP][PASSED] - out.println("End Record Number: " + row): null

2024-05-18 17:12:31 - [TEST_STEP][PASSED] - closeBrowser(): Browser is closed

2024-05-18 17:12:32 - [MESSAGE][PASSED] - Browser is closed

2024-05-18 17:12:32 - [TEST_STEP][PASSED] - ExecuteTC = findTestData(dataFile).getValue("Execute", row): null

2024-05-18 17:12:32 - [TEST_STEP][PASSED] - out.println("Value of Execute is : " + ExecuteTC): null

2024-05-18 17:12:32 - [TEST_STEP][PASSED] - if (ExecuteTC.equalsIgnoreCase("Y")): Browser is closed

2024-05-18 17:12:32 - [TEST_STEP][PASSED] - out.println("Begin Record Number: " + row): null

2024-05-18 17:12:32 - [TEST_STEP][PASSED] - today = new java.util.Date(): null

2024-05-18 17:12:32 - [TEST_STEP][PASSED] - println(today): null

2024-05-18 17:12:32 - [TEST_STEP][PASSED] - datText = today: null

2024-05-18 17:12:32 - [TEST_STEP][PASSED] - openBrowser(VLinkURL + "authcap.html"): Browser is opened with url: 'https://dev-algorithm.govolution.com/vlinktest/QA2/version_2_0/authcap.html'

2024-05-18 17:12:32 - [MESSAGE][INFO] - Starting 'Chrome' driver

2024-05-18 17:12:32 - [MESSAGE][INFO] - User set preference: ['acceptInsecureCerts', 'true']

2024-05-18 17:12:32 - [MESSAGE][INFO] - Action delay is set to 0 milliseconds

2024-05-18 17:12:34 - [MESSAGE][PASSED] - Browser is opened with url: 'https://dev-algorithm.govolution.com/vlinktest/QA2/version_2_0/authcap.html'

2024-05-18 17:12:34 - [TEST_STEP][PASSED] - maximizeWindow(): Current window maximized

2024-05-18 17:12:35 - [MESSAGE][PASSED] - Current window maximized

2024-05-18 17:12:35 - [TEST_STEP][PASSED] - vlinkPages.saleCCPage.setDataSCC(row, dataFile): vlinkPages.saleCCPage.setDataSCC is PASSED

2024-05-18 17:12:38 - [MESSAGE][PASSED] - Object 'Object Repository/VLink/Page_CCSale/txt_CardNumber' is present

2024-05-18 17:12:38 - [MESSAGE][PASSED] - Text '104' is set on object 'Object Repository/VLink/Page_CCSale/txt_TransactionType'

2024-05-18 17:12:39 - [MESSAGE][PASSED] - Text '2.0C' is set on object 'Object Repository/VLink/Page_CCSale/txt_MessageVersion'

2024-05-18 17:12:40 - [MESSAGE][PASSED] - Text 'kL2Tbff1AYSI' is set on object 'Object Repository/VLink/Page_CCSale/txt_RemID'

2024-05-18 17:12:40 - [MESSAGE][PASSED] - Text '581' is set on object 'Object Repository/VLink/Page_CCSale/txt_ApplicationId'

2024-05-18 17:12:41 - [MESSAGE][PASSED] - Text 'usr581' is set on object 'Object Repository/VLink/Page_CCSale/txt_Username'

2024-05-18 17:12:42 - [MESSAGE][PASSED] - Text 'pwd581' is set on object 'Object Repository/VLink/Page_CCSale/txt_Password'

2024-05-18 17:12:42 - [MESSAGE][PASSED] - Text 'fixed_width' is set on object 'Object Repository/VLink/Page_CCSale/txt_ResponseFormat'

2024-05-18 17:12:43 - [MESSAGE][PASSED] - Text 'MOTO' is set on object 'Object Repository/VLink/Page_CCSale/txt_Category'

2024-05-18 17:12:44 - [MESSAGE][PASSED] - Text '' is set on object 'Object Repository/VLink/Page_CCSale/txt_TransactionID'

2024-05-18 17:12:45 - [MESSAGE][PASSED] - Text '' is set on object 'Object Repository/VLink/Page_CCSale/txt_ApprovalCode'

2024-05-18 17:12:45 - [MESSAGE][PASSED] - Text 'Kris Roshan' is set on object 'Object Repository/VLink/Page_CCSale/txt_CardName'

2024-05-18 17:12:46 - [MESSAGE][PASSED] - Text '258 Elm Road' is set on object 'Object Repository/VLink/Page_CCSale/txt_AL1'

2024-05-18 17:12:47 - [MESSAGE][PASSED] - Text 'Suite 56' is set on object 'Object Repository/VLink/Page_CCSale/txt_AL2'

2024-05-18 17:12:47 - [MESSAGE][PASSED] - Text 'Arlington' is set on object 'Object Repository/VLink/Page_CCSale/txt_CardCity'

2024-05-18 17:12:48 - [MESSAGE][PASSED] - Text 'VA' is set on object 'Object Repository/VLink/Page_CCSale/txt_CardState'

2024-05-18 17:12:49 - [MESSAGE][PASSED] - Text '22201' is set on object 'Object Repository/VLink/Page_CCSale/txt_CardZIP'

2024-05-18 17:12:50 - [MESSAGE][PASSED] - Text '840' is set on object 'Object Repository/VLink/Page_CCSale/txt_CountryID'

2024-05-18 17:12:50 - [MESSAGE][PASSED] - Text '1.50' is set on object 'Object Repository/VLink/Page_CCSale/txt_Amount'

2024-05-18 17:12:51 - [MESSAGE][PASSED] - Text '6011000993026909' is set on object 'Object Repository/VLink/Page_CCSale/txt_CardNumber'

2024-05-18 17:12:52 - [MESSAGE][PASSED] - Text '12' is set on object 'Object Repository/VLink/Page_CCSale/txt_ExpMonth'

2024-05-18 17:12:52 - [MESSAGE][PASSED] - Text '2025' is set on object 'Object Repository/VLink/Page_CCSale/txt_ExpYear'

2024-05-18 17:12:53 - [MESSAGE][PASSED] - Text '' is set on object 'Object Repository/VLink/Page_CCSale/txt_CVV'

2024-05-18 17:12:54 - [MESSAGE][PASSED] - Text '' is set on object 'Object Repository/VLink/Page_CCSale/txt_CVVstate'

2024-05-18 17:12:54 - [MESSAGE][PASSED] - Text '' is set on object 'Object Repository/VLink/Page_CCSale/txt_TrackData'

2024-05-18 17:12:55 - [MESSAGE][PASSED] - Text '' is set on object 'Object Repository/VLink/Page_CCSale/txt_Track1Data'

2024-05-18 17:12:56 - [MESSAGE][PASSED] - Text '' is set on object 'Object Repository/VLink/Page_CCSale/txt_Track2Data'

2024-05-18 17:12:56 - [MESSAGE][PASSED] - Text 'manual' is set on object 'Object Repository/VLink/Page_CCSale/txt_POSEntryMode'

2024-05-18 17:12:57 - [MESSAGE][PASSED] - Text 'iahmed@govolution.com' is set on object 'Object Repository/VLink/Page_CCSale/txt_Email'

2024-05-18 17:12:58 - [MESSAGE][PASSED] - Text '2569362' is set on object 'Object Repository/VLink/Page_CCSale/txt_OrderNumber'

2024-05-18 17:12:59 - [MESSAGE][PASSED] - Text '1.15' is set on object 'Object Repository/VLink/Page_CCSale/txt_TaxAmount'

2024-05-18 17:12:59 - [MESSAGE][PASSED] - Text 'Charge Description' is set on object 'Object Repository/VLink/Page_CCSale/txt_ChargeDescription'

2024-05-18 17:13:00 - [MESSAGE][PASSED] - Text '147357' is set on object 'Object Repository/VLink/Page_CCSale/txt_CAN'

2024-05-18 17:13:01 - [MESSAGE][PASSED] - Text '1' is set on object 'Object Repository/VLink/Page_CCSale/txt_BillPaymentIndicator'

2024-05-18 17:13:01 - [MESSAGE][PASSED] - Text 'UDF Data 1' is set on object 'Object Repository/VLink/Page_CCSale/txt_UDF1'

2024-05-18 17:13:02 - [MESSAGE][PASSED] - Text 'UDF Data 2' is set on object 'Object Repository/VLink/Page_CCSale/txt_UDF2'

2024-05-18 17:13:03 - [MESSAGE][PASSED] - Text 'UDF Data 3' is set on object 'Object Repository/VLink/Page_CCSale/txt_UDF3'

2024-05-18 17:13:04 - [MESSAGE][PASSED] - Text 'UDF Data 4' is set on object 'Object Repository/VLink/Page_CCSale/txt_UDF4'

2024-05-18 17:13:04 - [MESSAGE][PASSED] - Text 'UDF Data 5' is set on object 'Object Repository/VLink/Page_CCSale/txt_UDF5'

2024-05-18 17:13:05 - [MESSAGE][PASSED] - Text 'UDF Data 6' is set on object 'Object Repository/VLink/Page_CCSale/txt_UDF6'

2024-05-18 17:13:06 - [MESSAGE][PASSED] - Text 'UDF Data 7' is set on object 'Object Repository/VLink/Page_CCSale/txt_UDF7'

2024-05-18 17:13:06 - [MESSAGE][PASSED] - Text 'UDF Data 8' is set on object 'Object Repository/VLink/Page_CCSale/txt_UDF8'

2024-05-18 17:13:07 - [MESSAGE][PASSED] - Text 'UDF Data 9' is set on object 'Object Repository/VLink/Page_CCSale/txt_UDF9'

2024-05-18 17:13:08 - [MESSAGE][PASSED] - Text 'UDF Data 10' is set on object 'Object Repository/VLink/Page_CCSale/txt_UDF10'

2024-05-18 17:13:09 - [MESSAGE][PASSED] - Object: 'Object Repository/VLink/Page_CCSale/btn_ProcessVLinkTransaction' is clicked on

2024-05-18 17:13:14 - [MESSAGE][PASSED] - vlinkPages.saleCCPage.setDataSCC is PASSED

2024-05-18 17:13:14 - [TEST_STEP][PASSED] - if (verifyTextPresent("Transaction approved, no errors", true)): null

2024-05-18 17:13:15 - [MESSAGE][PASSED] - Text 'Transaction approved, no errors' is present on page  using regular expression

2024-05-18 17:13:15 - [TEST_STEP][PASSED] - println("Transaction Approved, no errors text is present on the Confirmation page"): null

2024-05-18 17:13:15 - [TEST_STEP][PASSED] - out.println("Pass Record Number: " + row): null

2024-05-18 17:13:15 - [TEST_STEP][PASSED] - resText = "Pass": null

2024-05-18 17:13:15 - [TEST_STEP][PASSED] - pages.WriteExcel.demoKey(resText, datText, resColumn, datCloumn, fileLoc, nameSheet, row): pages.WriteExcel.demoKey is PASSED

2024-05-18 17:13:15 - [MESSAGE][PASSED] - pages.WriteExcel.demoKey is PASSED

2024-05-18 17:13:15 - [TEST_STEP][PASSED] - sdfo = getText(findTestObject("Object Repository/Page_VLinkReceipt/pre_STX")): Text of object 'Object Repository/Page_VLinkReceipt/pre_STX' is: '<STX>kL2Tbff1AYSI                  12153339            0  Transaction approved, no errors                   0                                                                                  YP032015   <ETX>'

2024-05-18 17:13:15 - [MESSAGE][PASSED] - Text of object 'Object Repository/Page_VLinkReceipt/pre_STX' is: '<STX>kL2Tbff1AYSI                  12153339            0  Transaction approved, no errors                   0                                                                                  YP032015   <ETX>'

2024-05-18 17:13:15 - [TEST_STEP][PASSED] - out.println("sdfo: " + sdfo): null

2024-05-18 17:13:15 - [TEST_STEP][PASSED] - remID = substring(5, 35).trim(): null

2024-05-18 17:13:15 - [TEST_STEP][PASSED] - out.println("Remittance ID: " + remID): null

2024-05-18 17:13:15 - [TEST_STEP][PASSED] - traxID = substring(35, 55).trim(): null

2024-05-18 17:13:15 - [TEST_STEP][PASSED] - out.println("Transaction ID: " + traxID): null

2024-05-18 17:13:15 - [TEST_STEP][PASSED] - out.println("End Record Number: " + row): null

2024-05-18 17:13:15 - [TEST_STEP][PASSED] - closeBrowser(): Browser is closed

2024-05-18 17:13:16 - [MESSAGE][PASSED] - Browser is closed

2024-05-18 17:13:16 - [TEST_STEP][PASSED] - ExecuteTC = findTestData(dataFile).getValue("Execute", row): null

2024-05-18 17:13:16 - [TEST_STEP][PASSED] - out.println("Value of Execute is : " + ExecuteTC): null

2024-05-18 17:13:16 - [TEST_STEP][PASSED] - if (ExecuteTC.equalsIgnoreCase("Y")): Browser is closed

2024-05-18 17:13:16 - [TEST_STEP][PASSED] - out.println("Begin Record Number: " + row): null

2024-05-18 17:13:16 - [TEST_STEP][PASSED] - today = new java.util.Date(): null

2024-05-18 17:13:16 - [TEST_STEP][PASSED] - println(today): null

2024-05-18 17:13:16 - [TEST_STEP][PASSED] - datText = today: null

2024-05-18 17:13:16 - [TEST_STEP][PASSED] - openBrowser(VLinkURL + "authcap.html"): Browser is opened with url: 'https://dev-algorithm.govolution.com/vlinktest/QA2/version_2_0/authcap.html'

2024-05-18 17:13:16 - [MESSAGE][INFO] - Starting 'Chrome' driver

2024-05-18 17:13:16 - [MESSAGE][INFO] - User set preference: ['acceptInsecureCerts', 'true']

2024-05-18 17:13:16 - [MESSAGE][INFO] - Action delay is set to 0 milliseconds

2024-05-18 17:13:18 - [MESSAGE][PASSED] - Browser is opened with url: 'https://dev-algorithm.govolution.com/vlinktest/QA2/version_2_0/authcap.html'

2024-05-18 17:13:18 - [TEST_STEP][PASSED] - maximizeWindow(): Current window maximized

2024-05-18 17:13:19 - [MESSAGE][PASSED] - Current window maximized

2024-05-18 17:13:19 - [TEST_STEP][PASSED] - vlinkPages.saleCCPage.setDataSCC(row, dataFile): vlinkPages.saleCCPage.setDataSCC is PASSED

2024-05-18 17:13:22 - [MESSAGE][PASSED] - Object 'Object Repository/VLink/Page_CCSale/txt_CardNumber' is present

2024-05-18 17:13:23 - [MESSAGE][PASSED] - Text '104' is set on object 'Object Repository/VLink/Page_CCSale/txt_TransactionType'

2024-05-18 17:13:24 - [MESSAGE][PASSED] - Text '2.0C' is set on object 'Object Repository/VLink/Page_CCSale/txt_MessageVersion'

2024-05-18 17:13:24 - [MESSAGE][PASSED] - Text 'Y5AUHXSZ6TY8' is set on object 'Object Repository/VLink/Page_CCSale/txt_RemID'

2024-05-18 17:13:25 - [MESSAGE][PASSED] - Text '581' is set on object 'Object Repository/VLink/Page_CCSale/txt_ApplicationId'

2024-05-18 17:13:26 - [MESSAGE][PASSED] - Text 'usr581' is set on object 'Object Repository/VLink/Page_CCSale/txt_Username'

2024-05-18 17:13:27 - [MESSAGE][PASSED] - Text 'pwd581' is set on object 'Object Repository/VLink/Page_CCSale/txt_Password'

2024-05-18 17:13:27 - [MESSAGE][PASSED] - Text 'fixed_width' is set on object 'Object Repository/VLink/Page_CCSale/txt_ResponseFormat'

2024-05-18 17:13:28 - [MESSAGE][PASSED] - Text 'RETL' is set on object 'Object Repository/VLink/Page_CCSale/txt_Category'

2024-05-18 17:13:29 - [MESSAGE][PASSED] - Text '' is set on object 'Object Repository/VLink/Page_CCSale/txt_TransactionID'

2024-05-18 17:13:29 - [MESSAGE][PASSED] - Text '' is set on object 'Object Repository/VLink/Page_CCSale/txt_ApprovalCode'

2024-05-18 17:13:30 - [MESSAGE][PASSED] - Text 'Kris Roshan' is set on object 'Object Repository/VLink/Page_CCSale/txt_CardName'

2024-05-18 17:13:31 - [MESSAGE][PASSED] - Text '258 Elm Road' is set on object 'Object Repository/VLink/Page_CCSale/txt_AL1'

2024-05-18 17:13:31 - [MESSAGE][PASSED] - Text 'Suite 56' is set on object 'Object Repository/VLink/Page_CCSale/txt_AL2'

2024-05-18 17:13:32 - [MESSAGE][PASSED] - Text 'Arlington' is set on object 'Object Repository/VLink/Page_CCSale/txt_CardCity'

2024-05-18 17:13:33 - [MESSAGE][PASSED] - Text 'VA' is set on object 'Object Repository/VLink/Page_CCSale/txt_CardState'

2024-05-18 17:13:33 - [MESSAGE][PASSED] - Text '22201' is set on object 'Object Repository/VLink/Page_CCSale/txt_CardZIP'

2024-05-18 17:13:34 - [MESSAGE][PASSED] - Text '840' is set on object 'Object Repository/VLink/Page_CCSale/txt_CountryID'

2024-05-18 17:13:35 - [MESSAGE][PASSED] - Text '1.50' is set on object 'Object Repository/VLink/Page_CCSale/txt_Amount'

2024-05-18 17:13:36 - [MESSAGE][PASSED] - Text '6011000993026909' is set on object 'Object Repository/VLink/Page_CCSale/txt_CardNumber'

2024-05-18 17:13:37 - [MESSAGE][PASSED] - Text '12' is set on object 'Object Repository/VLink/Page_CCSale/txt_ExpMonth'

2024-05-18 17:13:38 - [MESSAGE][PASSED] - Text '2025' is set on object 'Object Repository/VLink/Page_CCSale/txt_ExpYear'

2024-05-18 17:13:38 - [MESSAGE][PASSED] - Text '' is set on object 'Object Repository/VLink/Page_CCSale/txt_CVV'

2024-05-18 17:13:39 - [MESSAGE][PASSED] - Text '' is set on object 'Object Repository/VLink/Page_CCSale/txt_CVVstate'

2024-05-18 17:13:40 - [MESSAGE][PASSED] - Text '' is set on object 'Object Repository/VLink/Page_CCSale/txt_TrackData'

2024-05-18 17:13:40 - [MESSAGE][PASSED] - Text '' is set on object 'Object Repository/VLink/Page_CCSale/txt_Track1Data'

2024-05-18 17:13:41 - [MESSAGE][PASSED] - Text '' is set on object 'Object Repository/VLink/Page_CCSale/txt_Track2Data'

2024-05-18 17:13:42 - [MESSAGE][PASSED] - Text 'manual' is set on object 'Object Repository/VLink/Page_CCSale/txt_POSEntryMode'

2024-05-18 17:13:42 - [MESSAGE][PASSED] - Text 'iahmed@govolution.com' is set on object 'Object Repository/VLink/Page_CCSale/txt_Email'

2024-05-18 17:13:43 - [MESSAGE][PASSED] - Text '2569362' is set on object 'Object Repository/VLink/Page_CCSale/txt_OrderNumber'

2024-05-18 17:13:43 - [MESSAGE][PASSED] - Text '1.15' is set on object 'Object Repository/VLink/Page_CCSale/txt_TaxAmount'

2024-05-18 17:13:44 - [MESSAGE][PASSED] - Text 'Charge Description' is set on object 'Object Repository/VLink/Page_CCSale/txt_ChargeDescription'

2024-05-18 17:13:45 - [MESSAGE][PASSED] - Text '147357' is set on object 'Object Repository/VLink/Page_CCSale/txt_CAN'

2024-05-18 17:13:46 - [MESSAGE][PASSED] - Text '1' is set on object 'Object Repository/VLink/Page_CCSale/txt_BillPaymentIndicator'

2024-05-18 17:13:46 - [MESSAGE][PASSED] - Text 'UDF Data 1' is set on object 'Object Repository/VLink/Page_CCSale/txt_UDF1'

2024-05-18 17:13:47 - [MESSAGE][PASSED] - Text 'UDF Data 2' is set on object 'Object Repository/VLink/Page_CCSale/txt_UDF2'

2024-05-18 17:13:48 - [MESSAGE][PASSED] - Text 'UDF Data 3' is set on object 'Object Repository/VLink/Page_CCSale/txt_UDF3'

2024-05-18 17:13:48 - [MESSAGE][PASSED] - Text 'UDF Data 4' is set on object 'Object Repository/VLink/Page_CCSale/txt_UDF4'

2024-05-18 17:13:49 - [MESSAGE][PASSED] - Text 'UDF Data 5' is set on object 'Object Repository/VLink/Page_CCSale/txt_UDF5'

2024-05-18 17:13:50 - [MESSAGE][PASSED] - Text 'UDF Data 6' is set on object 'Object Repository/VLink/Page_CCSale/txt_UDF6'

2024-05-18 17:13:50 - [MESSAGE][PASSED] - Text 'UDF Data 7' is set on object 'Object Repository/VLink/Page_CCSale/txt_UDF7'

2024-05-18 17:13:51 - [MESSAGE][PASSED] - Text 'UDF Data 8' is set on object 'Object Repository/VLink/Page_CCSale/txt_UDF8'

2024-05-18 17:13:52 - [MESSAGE][PASSED] - Text 'UDF Data 9' is set on object 'Object Repository/VLink/Page_CCSale/txt_UDF9'

2024-05-18 17:13:53 - [MESSAGE][PASSED] - Text 'UDF Data 10' is set on object 'Object Repository/VLink/Page_CCSale/txt_UDF10'

2024-05-18 17:13:54 - [MESSAGE][PASSED] - Object: 'Object Repository/VLink/Page_CCSale/btn_ProcessVLinkTransaction' is clicked on

2024-05-18 17:13:59 - [MESSAGE][PASSED] - vlinkPages.saleCCPage.setDataSCC is PASSED

2024-05-18 17:13:59 - [TEST_STEP][PASSED] - if (verifyTextPresent("Transaction approved, no errors", true)): null

2024-05-18 17:13:59 - [MESSAGE][PASSED] - Text 'Transaction approved, no errors' is present on page  using regular expression

2024-05-18 17:13:59 - [TEST_STEP][PASSED] - println("Transaction Approved, no errors text is present on the Confirmation page"): null

2024-05-18 17:13:59 - [TEST_STEP][PASSED] - out.println("Pass Record Number: " + row): null

2024-05-18 17:13:59 - [TEST_STEP][PASSED] - resText = "Pass": null

2024-05-18 17:13:59 - [TEST_STEP][PASSED] - pages.WriteExcel.demoKey(resText, datText, resColumn, datCloumn, fileLoc, nameSheet, row): pages.WriteExcel.demoKey is PASSED

2024-05-18 17:13:59 - [MESSAGE][PASSED] - pages.WriteExcel.demoKey is PASSED

2024-05-18 17:13:59 - [TEST_STEP][PASSED] - sdfo = getText(findTestObject("Object Repository/Page_VLinkReceipt/pre_STX")): Text of object 'Object Repository/Page_VLinkReceipt/pre_STX' is: '<STX>Y5AUHXSZ6TY8                  12153340            0  Transaction approved, no errors                   0                                                                                  YP032016   <ETX>'

2024-05-18 17:14:00 - [MESSAGE][PASSED] - Text of object 'Object Repository/Page_VLinkReceipt/pre_STX' is: '<STX>Y5AUHXSZ6TY8                  12153340            0  Transaction approved, no errors                   0                                                                                  YP032016   <ETX>'

2024-05-18 17:14:00 - [TEST_STEP][PASSED] - out.println("sdfo: " + sdfo): null

2024-05-18 17:14:00 - [TEST_STEP][PASSED] - remID = substring(5, 35).trim(): null

2024-05-18 17:14:00 - [TEST_STEP][PASSED] - out.println("Remittance ID: " + remID): null

2024-05-18 17:14:00 - [TEST_STEP][PASSED] - traxID = substring(35, 55).trim(): null

2024-05-18 17:14:00 - [TEST_STEP][PASSED] - out.println("Transaction ID: " + traxID): null

2024-05-18 17:14:00 - [TEST_STEP][PASSED] - out.println("End Record Number: " + row): null

2024-05-18 17:14:00 - [TEST_STEP][PASSED] - closeBrowser(): Browser is closed

2024-05-18 17:14:01 - [MESSAGE][PASSED] - Browser is closed

2024-05-18 17:14:01 - [TEST_STEP][PASSED] - ExecuteTC = findTestData(dataFile).getValue("Execute", row): null

2024-05-18 17:14:01 - [TEST_STEP][PASSED] - out.println("Value of Execute is : " + ExecuteTC): null

2024-05-18 17:14:01 - [TEST_STEP][PASSED] - if (ExecuteTC.equalsIgnoreCase("Y")): Browser is closed

2024-05-18 17:14:01 - [TEST_STEP][PASSED] - out.println("Begin Record Number: " + row): null

2024-05-18 17:14:01 - [TEST_STEP][PASSED] - today = new java.util.Date(): null

2024-05-18 17:14:01 - [TEST_STEP][PASSED] - println(today): null

2024-05-18 17:14:01 - [TEST_STEP][PASSED] - datText = today: null

2024-05-18 17:14:01 - [TEST_STEP][PASSED] - openBrowser(VLinkURL + "authcap.html"): Browser is opened with url: 'https://dev-algorithm.govolution.com/vlinktest/QA2/version_2_0/authcap.html'

2024-05-18 17:14:01 - [MESSAGE][INFO] - Starting 'Chrome' driver

2024-05-18 17:14:01 - [MESSAGE][INFO] - User set preference: ['acceptInsecureCerts', 'true']

2024-05-18 17:14:01 - [MESSAGE][INFO] - Action delay is set to 0 milliseconds

2024-05-18 17:14:03 - [MESSAGE][PASSED] - Browser is opened with url: 'https://dev-algorithm.govolution.com/vlinktest/QA2/version_2_0/authcap.html'

2024-05-18 17:14:03 - [TEST_STEP][PASSED] - maximizeWindow(): Current window maximized

2024-05-18 17:14:03 - [MESSAGE][PASSED] - Current window maximized

2024-05-18 17:14:03 - [TEST_STEP][PASSED] - vlinkPages.saleCCPage.setDataSCC(row, dataFile): vlinkPages.saleCCPage.setDataSCC is PASSED

2024-05-18 17:14:06 - [MESSAGE][PASSED] - Object 'Object Repository/VLink/Page_CCSale/txt_CardNumber' is present

2024-05-18 17:14:07 - [MESSAGE][PASSED] - Text '104' is set on object 'Object Repository/VLink/Page_CCSale/txt_TransactionType'

2024-05-18 17:14:08 - [MESSAGE][PASSED] - Text '2.0C' is set on object 'Object Repository/VLink/Page_CCSale/txt_MessageVersion'

2024-05-18 17:14:08 - [MESSAGE][PASSED] - Text 'e4iNewbJz1eg' is set on object 'Object Repository/VLink/Page_CCSale/txt_RemID'

2024-05-18 17:14:09 - [MESSAGE][PASSED] - Text '115' is set on object 'Object Repository/VLink/Page_CCSale/txt_ApplicationId'

2024-05-18 17:14:10 - [MESSAGE][PASSED] - Text 'username' is set on object 'Object Repository/VLink/Page_CCSale/txt_Username'

2024-05-18 17:14:10 - [MESSAGE][PASSED] - Text 'password' is set on object 'Object Repository/VLink/Page_CCSale/txt_Password'

2024-05-18 17:14:11 - [MESSAGE][PASSED] - Text 'fixed_width' is set on object 'Object Repository/VLink/Page_CCSale/txt_ResponseFormat'

2024-05-18 17:14:12 - [MESSAGE][PASSED] - Text 'ECOM' is set on object 'Object Repository/VLink/Page_CCSale/txt_Category'

2024-05-18 17:14:12 - [MESSAGE][PASSED] - Text '' is set on object 'Object Repository/VLink/Page_CCSale/txt_TransactionID'

2024-05-18 17:14:13 - [MESSAGE][PASSED] - Text '' is set on object 'Object Repository/VLink/Page_CCSale/txt_ApprovalCode'

2024-05-18 17:14:14 - [MESSAGE][PASSED] - Text 'Brij Mohan' is set on object 'Object Repository/VLink/Page_CCSale/txt_CardName'

2024-05-18 17:14:15 - [MESSAGE][PASSED] - Text '96581 Manchin St' is set on object 'Object Repository/VLink/Page_CCSale/txt_AL1'

2024-05-18 17:14:15 - [MESSAGE][PASSED] - Text 'Suite 56' is set on object 'Object Repository/VLink/Page_CCSale/txt_AL2'

2024-05-18 17:14:16 - [MESSAGE][PASSED] - Text 'Arlington' is set on object 'Object Repository/VLink/Page_CCSale/txt_CardCity'

2024-05-18 17:14:17 - [MESSAGE][PASSED] - Text 'VA' is set on object 'Object Repository/VLink/Page_CCSale/txt_CardState'

2024-05-18 17:14:17 - [MESSAGE][PASSED] - Text '22201' is set on object 'Object Repository/VLink/Page_CCSale/txt_CardZIP'

2024-05-18 17:14:18 - [MESSAGE][PASSED] - Text '840' is set on object 'Object Repository/VLink/Page_CCSale/txt_CountryID'

2024-05-18 17:14:19 - [MESSAGE][PASSED] - Text '1.50' is set on object 'Object Repository/VLink/Page_CCSale/txt_Amount'

2024-05-18 17:14:19 - [MESSAGE][PASSED] - Text '4012000098765439' is set on object 'Object Repository/VLink/Page_CCSale/txt_CardNumber'

2024-05-18 17:14:20 - [MESSAGE][PASSED] - Text '12' is set on object 'Object Repository/VLink/Page_CCSale/txt_ExpMonth'

2024-05-18 17:14:21 - [MESSAGE][PASSED] - Text '2025' is set on object 'Object Repository/VLink/Page_CCSale/txt_ExpYear'

2024-05-18 17:14:21 - [MESSAGE][PASSED] - Text '' is set on object 'Object Repository/VLink/Page_CCSale/txt_CVV'

2024-05-18 17:14:22 - [MESSAGE][PASSED] - Text '' is set on object 'Object Repository/VLink/Page_CCSale/txt_CVVstate'

2024-05-18 17:14:23 - [MESSAGE][PASSED] - Text '' is set on object 'Object Repository/VLink/Page_CCSale/txt_TrackData'

2024-05-18 17:14:24 - [MESSAGE][PASSED] - Text '' is set on object 'Object Repository/VLink/Page_CCSale/txt_Track1Data'

2024-05-18 17:14:24 - [MESSAGE][PASSED] - Text '' is set on object 'Object Repository/VLink/Page_CCSale/txt_Track2Data'

2024-05-18 17:14:25 - [MESSAGE][PASSED] - Text 'manual' is set on object 'Object Repository/VLink/Page_CCSale/txt_POSEntryMode'

2024-05-18 17:14:26 - [MESSAGE][PASSED] - Text 'iahmed@govolution.com' is set on object 'Object Repository/VLink/Page_CCSale/txt_Email'

2024-05-18 17:14:26 - [MESSAGE][PASSED] - Text '2569362' is set on object 'Object Repository/VLink/Page_CCSale/txt_OrderNumber'

2024-05-18 17:14:27 - [MESSAGE][PASSED] - Text '1.15' is set on object 'Object Repository/VLink/Page_CCSale/txt_TaxAmount'

2024-05-18 17:14:28 - [MESSAGE][PASSED] - Text 'Charge Description' is set on object 'Object Repository/VLink/Page_CCSale/txt_ChargeDescription'

2024-05-18 17:14:28 - [MESSAGE][PASSED] - Text '147357' is set on object 'Object Repository/VLink/Page_CCSale/txt_CAN'

2024-05-18 17:14:29 - [MESSAGE][PASSED] - Text '1' is set on object 'Object Repository/VLink/Page_CCSale/txt_BillPaymentIndicator'

2024-05-18 17:14:30 - [MESSAGE][PASSED] - Text 'UDF Data 1' is set on object 'Object Repository/VLink/Page_CCSale/txt_UDF1'

2024-05-18 17:14:31 - [MESSAGE][PASSED] - Text 'UDF Data 2' is set on object 'Object Repository/VLink/Page_CCSale/txt_UDF2'

2024-05-18 17:14:31 - [MESSAGE][PASSED] - Text 'UDF Data 3' is set on object 'Object Repository/VLink/Page_CCSale/txt_UDF3'

2024-05-18 17:14:32 - [MESSAGE][PASSED] - Text 'UDF Data 4' is set on object 'Object Repository/VLink/Page_CCSale/txt_UDF4'

2024-05-18 17:14:33 - [MESSAGE][PASSED] - Text 'UDF Data 5' is set on object 'Object Repository/VLink/Page_CCSale/txt_UDF5'

2024-05-18 17:14:33 - [MESSAGE][PASSED] - Text 'UDF Data 6' is set on object 'Object Repository/VLink/Page_CCSale/txt_UDF6'

2024-05-18 17:14:34 - [MESSAGE][PASSED] - Text 'UDF Data 7' is set on object 'Object Repository/VLink/Page_CCSale/txt_UDF7'

2024-05-18 17:14:35 - [MESSAGE][PASSED] - Text 'UDF Data 8' is set on object 'Object Repository/VLink/Page_CCSale/txt_UDF8'

2024-05-18 17:14:36 - [MESSAGE][PASSED] - Text 'UDF Data 9' is set on object 'Object Repository/VLink/Page_CCSale/txt_UDF9'

2024-05-18 17:14:36 - [MESSAGE][PASSED] - Text 'UDF Data 10' is set on object 'Object Repository/VLink/Page_CCSale/txt_UDF10'

2024-05-18 17:14:38 - [MESSAGE][PASSED] - Object: 'Object Repository/VLink/Page_CCSale/btn_ProcessVLinkTransaction' is clicked on

2024-05-18 17:14:43 - [MESSAGE][PASSED] - vlinkPages.saleCCPage.setDataSCC is PASSED

2024-05-18 17:14:43 - [TEST_STEP][PASSED] - if (verifyTextPresent("Transaction approved, no errors", true)): null

2024-05-18 17:14:43 - [MESSAGE][PASSED] - Text 'Transaction approved, no errors' is present on page  using regular expression

2024-05-18 17:14:43 - [TEST_STEP][PASSED] - println("Transaction Approved, no errors text is present on the Confirmation page"): null

2024-05-18 17:14:43 - [TEST_STEP][PASSED] - out.println("Pass Record Number: " + row): null

2024-05-18 17:14:43 - [TEST_STEP][PASSED] - resText = "Pass": null

2024-05-18 17:14:43 - [TEST_STEP][PASSED] - pages.WriteExcel.demoKey(resText, datText, resColumn, datCloumn, fileLoc, nameSheet, row): pages.WriteExcel.demoKey is PASSED

2024-05-18 17:14:43 - [MESSAGE][PASSED] - pages.WriteExcel.demoKey is PASSED

2024-05-18 17:14:43 - [TEST_STEP][PASSED] - sdfo = getText(findTestObject("Object Repository/Page_VLinkReceipt/pre_STX")): Text of object 'Object Repository/Page_VLinkReceipt/pre_STX' is: '<STX>e4iNewbJz1eg                  12153341            0  Transaction approved, no errors                   0                                                                                  U 096279   <ETX>'

2024-05-18 17:14:43 - [MESSAGE][PASSED] - Text of object 'Object Repository/Page_VLinkReceipt/pre_STX' is: '<STX>e4iNewbJz1eg                  12153341            0  Transaction approved, no errors                   0                                                                                  U 096279   <ETX>'

2024-05-18 17:14:43 - [TEST_STEP][PASSED] - out.println("sdfo: " + sdfo): null

2024-05-18 17:14:43 - [TEST_STEP][PASSED] - remID = substring(5, 35).trim(): null

2024-05-18 17:14:43 - [TEST_STEP][PASSED] - out.println("Remittance ID: " + remID): null

2024-05-18 17:14:43 - [TEST_STEP][PASSED] - traxID = substring(35, 55).trim(): null

2024-05-18 17:14:43 - [TEST_STEP][PASSED] - out.println("Transaction ID: " + traxID): null

2024-05-18 17:14:43 - [TEST_STEP][PASSED] - out.println("End Record Number: " + row): null

2024-05-18 17:14:43 - [TEST_STEP][PASSED] - closeBrowser(): Browser is closed

2024-05-18 17:14:45 - [MESSAGE][PASSED] - Browser is closed

2024-05-18 17:14:45 - [TEST_STEP][PASSED] - ExecuteTC = findTestData(dataFile).getValue("Execute", row): null

2024-05-18 17:14:45 - [TEST_STEP][PASSED] - out.println("Value of Execute is : " + ExecuteTC): null

2024-05-18 17:14:45 - [TEST_STEP][PASSED] - if (ExecuteTC.equalsIgnoreCase("Y")): Browser is closed

2024-05-18 17:14:45 - [TEST_STEP][PASSED] - out.println("Begin Record Number: " + row): null

2024-05-18 17:14:45 - [TEST_STEP][PASSED] - today = new java.util.Date(): null

2024-05-18 17:14:45 - [TEST_STEP][PASSED] - println(today): null

2024-05-18 17:14:45 - [TEST_STEP][PASSED] - datText = today: null

2024-05-18 17:14:45 - [TEST_STEP][PASSED] - openBrowser(VLinkURL + "authcap.html"): Browser is opened with url: 'https://dev-algorithm.govolution.com/vlinktest/QA2/version_2_0/authcap.html'

2024-05-18 17:14:45 - [MESSAGE][INFO] - Starting 'Chrome' driver

2024-05-18 17:14:45 - [MESSAGE][INFO] - User set preference: ['acceptInsecureCerts', 'true']

2024-05-18 17:14:45 - [MESSAGE][INFO] - Action delay is set to 0 milliseconds

2024-05-18 17:14:47 - [MESSAGE][PASSED] - Browser is opened with url: 'https://dev-algorithm.govolution.com/vlinktest/QA2/version_2_0/authcap.html'

2024-05-18 17:14:47 - [TEST_STEP][PASSED] - maximizeWindow(): Current window maximized

2024-05-18 17:14:47 - [MESSAGE][PASSED] - Current window maximized

2024-05-18 17:14:47 - [TEST_STEP][PASSED] - vlinkPages.saleCCPage.setDataSCC(row, dataFile): vlinkPages.saleCCPage.setDataSCC is PASSED

2024-05-18 17:14:50 - [MESSAGE][PASSED] - Object 'Object Repository/VLink/Page_CCSale/txt_CardNumber' is present

2024-05-18 17:14:51 - [MESSAGE][PASSED] - Text '104' is set on object 'Object Repository/VLink/Page_CCSale/txt_TransactionType'

2024-05-18 17:14:51 - [MESSAGE][PASSED] - Text '2.0C' is set on object 'Object Repository/VLink/Page_CCSale/txt_MessageVersion'

2024-05-18 17:14:52 - [MESSAGE][PASSED] - Text '7PgdHCZ56sHI' is set on object 'Object Repository/VLink/Page_CCSale/txt_RemID'

2024-05-18 17:14:53 - [MESSAGE][PASSED] - Text '115' is set on object 'Object Repository/VLink/Page_CCSale/txt_ApplicationId'

2024-05-18 17:14:53 - [MESSAGE][PASSED] - Text 'username' is set on object 'Object Repository/VLink/Page_CCSale/txt_Username'

2024-05-18 17:14:54 - [MESSAGE][PASSED] - Text 'password' is set on object 'Object Repository/VLink/Page_CCSale/txt_Password'

2024-05-18 17:14:55 - [MESSAGE][PASSED] - Text 'fixed_width' is set on object 'Object Repository/VLink/Page_CCSale/txt_ResponseFormat'

2024-05-18 17:14:56 - [MESSAGE][PASSED] - Text 'MOTO' is set on object 'Object Repository/VLink/Page_CCSale/txt_Category'

2024-05-18 17:14:56 - [MESSAGE][PASSED] - Text '' is set on object 'Object Repository/VLink/Page_CCSale/txt_TransactionID'

2024-05-18 17:14:57 - [MESSAGE][PASSED] - Text '' is set on object 'Object Repository/VLink/Page_CCSale/txt_ApprovalCode'

2024-05-18 17:14:58 - [MESSAGE][PASSED] - Text 'Brij Mohan' is set on object 'Object Repository/VLink/Page_CCSale/txt_CardName'

2024-05-18 17:14:58 - [MESSAGE][PASSED] - Text '96581 Manchin St' is set on object 'Object Repository/VLink/Page_CCSale/txt_AL1'

2024-05-18 17:14:59 - [MESSAGE][PASSED] - Text 'Suite 56' is set on object 'Object Repository/VLink/Page_CCSale/txt_AL2'

2024-05-18 17:15:00 - [MESSAGE][PASSED] - Text 'Arlington' is set on object 'Object Repository/VLink/Page_CCSale/txt_CardCity'

2024-05-18 17:15:00 - [MESSAGE][PASSED] - Text 'VA' is set on object 'Object Repository/VLink/Page_CCSale/txt_CardState'

2024-05-18 17:15:01 - [MESSAGE][PASSED] - Text '22201' is set on object 'Object Repository/VLink/Page_CCSale/txt_CardZIP'

2024-05-18 17:15:02 - [MESSAGE][PASSED] - Text '840' is set on object 'Object Repository/VLink/Page_CCSale/txt_CountryID'

2024-05-18 17:15:02 - [MESSAGE][PASSED] - Text '1.50' is set on object 'Object Repository/VLink/Page_CCSale/txt_Amount'

2024-05-18 17:15:03 - [MESSAGE][PASSED] - Text '4012000098765439' is set on object 'Object Repository/VLink/Page_CCSale/txt_CardNumber'

2024-05-18 17:15:04 - [MESSAGE][PASSED] - Text '12' is set on object 'Object Repository/VLink/Page_CCSale/txt_ExpMonth'

2024-05-18 17:15:05 - [MESSAGE][PASSED] - Text '2025' is set on object 'Object Repository/VLink/Page_CCSale/txt_ExpYear'

2024-05-18 17:15:05 - [MESSAGE][PASSED] - Text '' is set on object 'Object Repository/VLink/Page_CCSale/txt_CVV'

2024-05-18 17:15:06 - [MESSAGE][PASSED] - Text '' is set on object 'Object Repository/VLink/Page_CCSale/txt_CVVstate'

2024-05-18 17:15:07 - [MESSAGE][PASSED] - Text '' is set on object 'Object Repository/VLink/Page_CCSale/txt_TrackData'

2024-05-18 17:15:07 - [MESSAGE][PASSED] - Text '' is set on object 'Object Repository/VLink/Page_CCSale/txt_Track1Data'

2024-05-18 17:15:08 - [MESSAGE][PASSED] - Text '' is set on object 'Object Repository/VLink/Page_CCSale/txt_Track2Data'

2024-05-18 17:15:09 - [MESSAGE][PASSED] - Text 'manual' is set on object 'Object Repository/VLink/Page_CCSale/txt_POSEntryMode'

2024-05-18 17:15:09 - [MESSAGE][PASSED] - Text 'iahmed@govolution.com' is set on object 'Object Repository/VLink/Page_CCSale/txt_Email'

2024-05-18 17:15:10 - [MESSAGE][PASSED] - Text '2569362' is set on object 'Object Repository/VLink/Page_CCSale/txt_OrderNumber'

2024-05-18 17:15:11 - [MESSAGE][PASSED] - Text '1.15' is set on object 'Object Repository/VLink/Page_CCSale/txt_TaxAmount'

2024-05-18 17:15:12 - [MESSAGE][PASSED] - Text 'Charge Description' is set on object 'Object Repository/VLink/Page_CCSale/txt_ChargeDescription'

2024-05-18 17:15:12 - [MESSAGE][PASSED] - Text '147357' is set on object 'Object Repository/VLink/Page_CCSale/txt_CAN'

2024-05-18 17:15:13 - [MESSAGE][PASSED] - Text '1' is set on object 'Object Repository/VLink/Page_CCSale/txt_BillPaymentIndicator'

2024-05-18 17:15:14 - [MESSAGE][PASSED] - Text 'UDF Data 1' is set on object 'Object Repository/VLink/Page_CCSale/txt_UDF1'

2024-05-18 17:15:14 - [MESSAGE][PASSED] - Text 'UDF Data 2' is set on object 'Object Repository/VLink/Page_CCSale/txt_UDF2'

2024-05-18 17:15:15 - [MESSAGE][PASSED] - Text 'UDF Data 3' is set on object 'Object Repository/VLink/Page_CCSale/txt_UDF3'

2024-05-18 17:15:16 - [MESSAGE][PASSED] - Text 'UDF Data 4' is set on object 'Object Repository/VLink/Page_CCSale/txt_UDF4'

2024-05-18 17:15:16 - [MESSAGE][PASSED] - Text 'UDF Data 5' is set on object 'Object Repository/VLink/Page_CCSale/txt_UDF5'

2024-05-18 17:15:17 - [MESSAGE][PASSED] - Text 'UDF Data 6' is set on object 'Object Repository/VLink/Page_CCSale/txt_UDF6'

2024-05-18 17:15:18 - [MESSAGE][PASSED] - Text 'UDF Data 7' is set on object 'Object Repository/VLink/Page_CCSale/txt_UDF7'

2024-05-18 17:15:19 - [MESSAGE][PASSED] - Text 'UDF Data 8' is set on object 'Object Repository/VLink/Page_CCSale/txt_UDF8'

2024-05-18 17:15:19 - [MESSAGE][PASSED] - Text 'UDF Data 9' is set on object 'Object Repository/VLink/Page_CCSale/txt_UDF9'

2024-05-18 17:15:20 - [MESSAGE][PASSED] - Text 'UDF Data 10' is set on object 'Object Repository/VLink/Page_CCSale/txt_UDF10'

2024-05-18 17:15:21 - [MESSAGE][PASSED] - Object: 'Object Repository/VLink/Page_CCSale/btn_ProcessVLinkTransaction' is clicked on

2024-05-18 17:15:26 - [MESSAGE][PASSED] - vlinkPages.saleCCPage.setDataSCC is PASSED

2024-05-18 17:15:26 - [TEST_STEP][PASSED] - if (verifyTextPresent("Transaction approved, no errors", true)): null

2024-05-18 17:15:27 - [MESSAGE][PASSED] - Text 'Transaction approved, no errors' is present on page  using regular expression

2024-05-18 17:15:27 - [TEST_STEP][PASSED] - println("Transaction Approved, no errors text is present on the Confirmation page"): null

2024-05-18 17:15:27 - [TEST_STEP][PASSED] - out.println("Pass Record Number: " + row): null

2024-05-18 17:15:27 - [TEST_STEP][PASSED] - resText = "Pass": null

2024-05-18 17:15:27 - [TEST_STEP][PASSED] - pages.WriteExcel.demoKey(resText, datText, resColumn, datCloumn, fileLoc, nameSheet, row): pages.WriteExcel.demoKey is PASSED

2024-05-18 17:15:27 - [MESSAGE][PASSED] - pages.WriteExcel.demoKey is PASSED

2024-05-18 17:15:27 - [TEST_STEP][PASSED] - sdfo = getText(findTestObject("Object Repository/Page_VLinkReceipt/pre_STX")): Text of object 'Object Repository/Page_VLinkReceipt/pre_STX' is: '<STX>7PgdHCZ56sHI                  12153342            0  Transaction approved, no errors                   0                                                                                  Y 096282   <ETX>'

2024-05-18 17:15:27 - [MESSAGE][PASSED] - Text of object 'Object Repository/Page_VLinkReceipt/pre_STX' is: '<STX>7PgdHCZ56sHI                  12153342            0  Transaction approved, no errors                   0                                                                                  Y 096282   <ETX>'

2024-05-18 17:15:27 - [TEST_STEP][PASSED] - out.println("sdfo: " + sdfo): null

2024-05-18 17:15:27 - [TEST_STEP][PASSED] - remID = substring(5, 35).trim(): null

2024-05-18 17:15:27 - [TEST_STEP][PASSED] - out.println("Remittance ID: " + remID): null

2024-05-18 17:15:27 - [TEST_STEP][PASSED] - traxID = substring(35, 55).trim(): null

2024-05-18 17:15:27 - [TEST_STEP][PASSED] - out.println("Transaction ID: " + traxID): null

2024-05-18 17:15:27 - [TEST_STEP][PASSED] - out.println("End Record Number: " + row): null

2024-05-18 17:15:27 - [TEST_STEP][PASSED] - closeBrowser(): Browser is closed

2024-05-18 17:15:28 - [MESSAGE][PASSED] - Browser is closed

2024-05-18 17:15:28 - [TEST_STEP][PASSED] - ExecuteTC = findTestData(dataFile).getValue("Execute", row): null

2024-05-18 17:15:28 - [TEST_STEP][PASSED] - out.println("Value of Execute is : " + ExecuteTC): null

2024-05-18 17:15:28 - [TEST_STEP][PASSED] - if (ExecuteTC.equalsIgnoreCase("Y")): Browser is closed

2024-05-18 17:15:28 - [TEST_STEP][PASSED] - out.println("Begin Record Number: " + row): null

2024-05-18 17:15:28 - [TEST_STEP][PASSED] - today = new java.util.Date(): null

2024-05-18 17:15:28 - [TEST_STEP][PASSED] - println(today): null

2024-05-18 17:15:28 - [TEST_STEP][PASSED] - datText = today: null

2024-05-18 17:15:28 - [TEST_STEP][PASSED] - openBrowser(VLinkURL + "authcap.html"): Browser is opened with url: 'https://dev-algorithm.govolution.com/vlinktest/QA2/version_2_0/authcap.html'

2024-05-18 17:15:28 - [MESSAGE][INFO] - Starting 'Chrome' driver

2024-05-18 17:15:28 - [MESSAGE][INFO] - User set preference: ['acceptInsecureCerts', 'true']

2024-05-18 17:15:28 - [MESSAGE][INFO] - Action delay is set to 0 milliseconds

2024-05-18 17:15:30 - [MESSAGE][PASSED] - Browser is opened with url: 'https://dev-algorithm.govolution.com/vlinktest/QA2/version_2_0/authcap.html'

2024-05-18 17:15:30 - [TEST_STEP][PASSED] - maximizeWindow(): Current window maximized

2024-05-18 17:15:31 - [MESSAGE][PASSED] - Current window maximized

2024-05-18 17:15:31 - [TEST_STEP][PASSED] - vlinkPages.saleCCPage.setDataSCC(row, dataFile): vlinkPages.saleCCPage.setDataSCC is PASSED

2024-05-18 17:15:34 - [MESSAGE][PASSED] - Object 'Object Repository/VLink/Page_CCSale/txt_CardNumber' is present

2024-05-18 17:15:34 - [MESSAGE][PASSED] - Text '104' is set on object 'Object Repository/VLink/Page_CCSale/txt_TransactionType'

2024-05-18 17:15:35 - [MESSAGE][PASSED] - Text '2.0C' is set on object 'Object Repository/VLink/Page_CCSale/txt_MessageVersion'

2024-05-18 17:15:36 - [MESSAGE][PASSED] - Text 'EZB76oOtsqai' is set on object 'Object Repository/VLink/Page_CCSale/txt_RemID'

2024-05-18 17:15:37 - [MESSAGE][PASSED] - Text '115' is set on object 'Object Repository/VLink/Page_CCSale/txt_ApplicationId'

2024-05-18 17:15:37 - [MESSAGE][PASSED] - Text 'username' is set on object 'Object Repository/VLink/Page_CCSale/txt_Username'

2024-05-18 17:15:38 - [MESSAGE][PASSED] - Text 'password' is set on object 'Object Repository/VLink/Page_CCSale/txt_Password'

2024-05-18 17:15:39 - [MESSAGE][PASSED] - Text 'fixed_width' is set on object 'Object Repository/VLink/Page_CCSale/txt_ResponseFormat'

2024-05-18 17:15:39 - [MESSAGE][PASSED] - Text 'RETL' is set on object 'Object Repository/VLink/Page_CCSale/txt_Category'

2024-05-18 17:15:40 - [MESSAGE][PASSED] - Text '' is set on object 'Object Repository/VLink/Page_CCSale/txt_TransactionID'

2024-05-18 17:15:41 - [MESSAGE][PASSED] - Text '' is set on object 'Object Repository/VLink/Page_CCSale/txt_ApprovalCode'

2024-05-18 17:15:41 - [MESSAGE][PASSED] - Text 'Brij Mohan' is set on object 'Object Repository/VLink/Page_CCSale/txt_CardName'

2024-05-18 17:15:42 - [MESSAGE][PASSED] - Text '96581 Manchin St' is set on object 'Object Repository/VLink/Page_CCSale/txt_AL1'

2024-05-18 17:15:43 - [MESSAGE][PASSED] - Text 'Suite 56' is set on object 'Object Repository/VLink/Page_CCSale/txt_AL2'

2024-05-18 17:15:44 - [MESSAGE][PASSED] - Text 'Arlington' is set on object 'Object Repository/VLink/Page_CCSale/txt_CardCity'

2024-05-18 17:15:44 - [MESSAGE][PASSED] - Text 'VA' is set on object 'Object Repository/VLink/Page_CCSale/txt_CardState'

2024-05-18 17:15:45 - [MESSAGE][PASSED] - Text '22201' is set on object 'Object Repository/VLink/Page_CCSale/txt_CardZIP'

2024-05-18 17:15:46 - [MESSAGE][PASSED] - Text '840' is set on object 'Object Repository/VLink/Page_CCSale/txt_CountryID'

2024-05-18 17:15:46 - [MESSAGE][PASSED] - Text '1.50' is set on object 'Object Repository/VLink/Page_CCSale/txt_Amount'

2024-05-18 17:15:47 - [MESSAGE][PASSED] - Text '4012000098765439' is set on object 'Object Repository/VLink/Page_CCSale/txt_CardNumber'

2024-05-18 17:15:48 - [MESSAGE][PASSED] - Text '12' is set on object 'Object Repository/VLink/Page_CCSale/txt_ExpMonth'

2024-05-18 17:15:49 - [MESSAGE][PASSED] - Text '2025' is set on object 'Object Repository/VLink/Page_CCSale/txt_ExpYear'

2024-05-18 17:15:49 - [MESSAGE][PASSED] - Text '' is set on object 'Object Repository/VLink/Page_CCSale/txt_CVV'

2024-05-18 17:15:50 - [MESSAGE][PASSED] - Text '' is set on object 'Object Repository/VLink/Page_CCSale/txt_CVVstate'

2024-05-18 17:15:51 - [MESSAGE][PASSED] - Text '' is set on object 'Object Repository/VLink/Page_CCSale/txt_TrackData'

2024-05-18 17:15:51 - [MESSAGE][PASSED] - Text '' is set on object 'Object Repository/VLink/Page_CCSale/txt_Track1Data'

2024-05-18 17:15:52 - [MESSAGE][PASSED] - Text '' is set on object 'Object Repository/VLink/Page_CCSale/txt_Track2Data'

2024-05-18 17:15:53 - [MESSAGE][PASSED] - Text 'manual' is set on object 'Object Repository/VLink/Page_CCSale/txt_POSEntryMode'

2024-05-18 17:15:53 - [MESSAGE][PASSED] - Text 'iahmed@govolution.com' is set on object 'Object Repository/VLink/Page_CCSale/txt_Email'

2024-05-18 17:15:54 - [MESSAGE][PASSED] - Text '2569362' is set on object 'Object Repository/VLink/Page_CCSale/txt_OrderNumber'

2024-05-18 17:15:55 - [MESSAGE][PASSED] - Text '1.15' is set on object 'Object Repository/VLink/Page_CCSale/txt_TaxAmount'

2024-05-18 17:15:56 - [MESSAGE][PASSED] - Text 'Charge Description' is set on object 'Object Repository/VLink/Page_CCSale/txt_ChargeDescription'

2024-05-18 17:15:56 - [MESSAGE][PASSED] - Text '147357' is set on object 'Object Repository/VLink/Page_CCSale/txt_CAN'

2024-05-18 17:15:57 - [MESSAGE][PASSED] - Text '1' is set on object 'Object Repository/VLink/Page_CCSale/txt_BillPaymentIndicator'

2024-05-18 17:15:58 - [MESSAGE][PASSED] - Text 'UDF Data 1' is set on object 'Object Repository/VLink/Page_CCSale/txt_UDF1'

2024-05-18 17:15:58 - [MESSAGE][PASSED] - Text 'UDF Data 2' is set on object 'Object Repository/VLink/Page_CCSale/txt_UDF2'

2024-05-18 17:15:59 - [MESSAGE][PASSED] - Text 'UDF Data 3' is set on object 'Object Repository/VLink/Page_CCSale/txt_UDF3'

2024-05-18 17:16:00 - [MESSAGE][PASSED] - Text 'UDF Data 4' is set on object 'Object Repository/VLink/Page_CCSale/txt_UDF4'

2024-05-18 17:16:01 - [MESSAGE][PASSED] - Text 'UDF Data 5' is set on object 'Object Repository/VLink/Page_CCSale/txt_UDF5'

2024-05-18 17:16:01 - [MESSAGE][PASSED] - Text 'UDF Data 6' is set on object 'Object Repository/VLink/Page_CCSale/txt_UDF6'

2024-05-18 17:16:02 - [MESSAGE][PASSED] - Text 'UDF Data 7' is set on object 'Object Repository/VLink/Page_CCSale/txt_UDF7'

2024-05-18 17:16:03 - [MESSAGE][PASSED] - Text 'UDF Data 8' is set on object 'Object Repository/VLink/Page_CCSale/txt_UDF8'

2024-05-18 17:16:03 - [MESSAGE][PASSED] - Text 'UDF Data 9' is set on object 'Object Repository/VLink/Page_CCSale/txt_UDF9'

2024-05-18 17:16:04 - [MESSAGE][PASSED] - Text 'UDF Data 10' is set on object 'Object Repository/VLink/Page_CCSale/txt_UDF10'

2024-05-18 17:16:05 - [MESSAGE][PASSED] - Object: 'Object Repository/VLink/Page_CCSale/btn_ProcessVLinkTransaction' is clicked on

2024-05-18 17:16:10 - [MESSAGE][PASSED] - vlinkPages.saleCCPage.setDataSCC is PASSED

2024-05-18 17:16:10 - [TEST_STEP][PASSED] - if (verifyTextPresent("Transaction approved, no errors", true)): null

2024-05-18 17:16:11 - [MESSAGE][PASSED] - Text 'Transaction approved, no errors' is present on page  using regular expression

2024-05-18 17:16:11 - [TEST_STEP][PASSED] - println("Transaction Approved, no errors text is present on the Confirmation page"): null

2024-05-18 17:16:11 - [TEST_STEP][PASSED] - out.println("Pass Record Number: " + row): null

2024-05-18 17:16:11 - [TEST_STEP][PASSED] - resText = "Pass": null

2024-05-18 17:16:11 - [TEST_STEP][PASSED] - pages.WriteExcel.demoKey(resText, datText, resColumn, datCloumn, fileLoc, nameSheet, row): pages.WriteExcel.demoKey is PASSED

2024-05-18 17:16:11 - [MESSAGE][PASSED] - pages.WriteExcel.demoKey is PASSED

2024-05-18 17:16:11 - [TEST_STEP][PASSED] - sdfo = getText(findTestObject("Object Repository/Page_VLinkReceipt/pre_STX")): Text of object 'Object Repository/Page_VLinkReceipt/pre_STX' is: '<STX>EZB76oOtsqai                  12153343            0  Transaction approved, no errors                   0                                                                                  Y 096284   <ETX>'

2024-05-18 17:16:11 - [MESSAGE][PASSED] - Text of object 'Object Repository/Page_VLinkReceipt/pre_STX' is: '<STX>EZB76oOtsqai                  12153343            0  Transaction approved, no errors                   0                                                                                  Y 096284   <ETX>'

2024-05-18 17:16:11 - [TEST_STEP][PASSED] - out.println("sdfo: " + sdfo): null

2024-05-18 17:16:11 - [TEST_STEP][PASSED] - remID = substring(5, 35).trim(): null

2024-05-18 17:16:11 - [TEST_STEP][PASSED] - out.println("Remittance ID: " + remID): null

2024-05-18 17:16:11 - [TEST_STEP][PASSED] - traxID = substring(35, 55).trim(): null

2024-05-18 17:16:11 - [TEST_STEP][PASSED] - out.println("Transaction ID: " + traxID): null

2024-05-18 17:16:11 - [TEST_STEP][PASSED] - out.println("End Record Number: " + row): null

2024-05-18 17:16:11 - [TEST_STEP][PASSED] - closeBrowser(): Browser is closed

2024-05-18 17:16:12 - [MESSAGE][PASSED] - Browser is closed

2024-05-18 17:16:12 - [TEST_STEP][PASSED] - ExecuteTC = findTestData(dataFile).getValue("Execute", row): null

2024-05-18 17:16:12 - [TEST_STEP][PASSED] - out.println("Value of Execute is : " + ExecuteTC): null

2024-05-18 17:16:12 - [TEST_STEP][PASSED] - if (ExecuteTC.equalsIgnoreCase("Y")): Browser is closed

2024-05-18 17:16:12 - [TEST_STEP][PASSED] - out.println("Begin Record Number: " + row): null

2024-05-18 17:16:12 - [TEST_STEP][PASSED] - today = new java.util.Date(): null

2024-05-18 17:16:12 - [TEST_STEP][PASSED] - println(today): null

2024-05-18 17:16:12 - [TEST_STEP][PASSED] - datText = today: null

2024-05-18 17:16:12 - [TEST_STEP][PASSED] - openBrowser(VLinkURL + "authcap.html"): Browser is opened with url: 'https://dev-algorithm.govolution.com/vlinktest/QA2/version_2_0/authcap.html'

2024-05-18 17:16:12 - [MESSAGE][INFO] - Starting 'Chrome' driver

2024-05-18 17:16:12 - [MESSAGE][INFO] - User set preference: ['acceptInsecureCerts', 'true']

2024-05-18 17:16:12 - [MESSAGE][INFO] - Action delay is set to 0 milliseconds

2024-05-18 17:16:14 - [MESSAGE][PASSED] - Browser is opened with url: 'https://dev-algorithm.govolution.com/vlinktest/QA2/version_2_0/authcap.html'

2024-05-18 17:16:14 - [TEST_STEP][PASSED] - maximizeWindow(): Current window maximized

2024-05-18 17:16:15 - [MESSAGE][PASSED] - Current window maximized

2024-05-18 17:16:15 - [TEST_STEP][PASSED] - vlinkPages.saleCCPage.setDataSCC(row, dataFile): vlinkPages.saleCCPage.setDataSCC is PASSED

2024-05-18 17:16:18 - [MESSAGE][PASSED] - Object 'Object Repository/VLink/Page_CCSale/txt_CardNumber' is present

2024-05-18 17:16:19 - [MESSAGE][PASSED] - Text '104' is set on object 'Object Repository/VLink/Page_CCSale/txt_TransactionType'

2024-05-18 17:16:19 - [MESSAGE][PASSED] - Text '2.0C' is set on object 'Object Repository/VLink/Page_CCSale/txt_MessageVersion'

2024-05-18 17:16:20 - [MESSAGE][PASSED] - Text 'hwCGDuwUyN47' is set on object 'Object Repository/VLink/Page_CCSale/txt_RemID'

2024-05-18 17:16:21 - [MESSAGE][PASSED] - Text '115' is set on object 'Object Repository/VLink/Page_CCSale/txt_ApplicationId'

2024-05-18 17:16:21 - [MESSAGE][PASSED] - Text 'username' is set on object 'Object Repository/VLink/Page_CCSale/txt_Username'

2024-05-18 17:16:22 - [MESSAGE][PASSED] - Text 'password' is set on object 'Object Repository/VLink/Page_CCSale/txt_Password'

2024-05-18 17:16:23 - [MESSAGE][PASSED] - Text 'fixed_width' is set on object 'Object Repository/VLink/Page_CCSale/txt_ResponseFormat'

2024-05-18 17:16:23 - [MESSAGE][PASSED] - Text 'ECOM' is set on object 'Object Repository/VLink/Page_CCSale/txt_Category'

2024-05-18 17:16:24 - [MESSAGE][PASSED] - Text '' is set on object 'Object Repository/VLink/Page_CCSale/txt_TransactionID'

2024-05-18 17:16:25 - [MESSAGE][PASSED] - Text '' is set on object 'Object Repository/VLink/Page_CCSale/txt_ApprovalCode'

2024-05-18 17:16:25 - [MESSAGE][PASSED] - Text 'Brij Mohan' is set on object 'Object Repository/VLink/Page_CCSale/txt_CardName'

2024-05-18 17:16:26 - [MESSAGE][PASSED] - Text '96581 Manchin St' is set on object 'Object Repository/VLink/Page_CCSale/txt_AL1'

2024-05-18 17:16:27 - [MESSAGE][PASSED] - Text 'Suite 56' is set on object 'Object Repository/VLink/Page_CCSale/txt_AL2'

2024-05-18 17:16:27 - [MESSAGE][PASSED] - Text 'Arlington' is set on object 'Object Repository/VLink/Page_CCSale/txt_CardCity'

2024-05-18 17:16:28 - [MESSAGE][PASSED] - Text 'VA' is set on object 'Object Repository/VLink/Page_CCSale/txt_CardState'

2024-05-18 17:16:29 - [MESSAGE][PASSED] - Text '22201' is set on object 'Object Repository/VLink/Page_CCSale/txt_CardZIP'

2024-05-18 17:16:30 - [MESSAGE][PASSED] - Text '840' is set on object 'Object Repository/VLink/Page_CCSale/txt_CountryID'

2024-05-18 17:16:30 - [MESSAGE][PASSED] - Text '1.50' is set on object 'Object Repository/VLink/Page_CCSale/txt_Amount'

2024-05-18 17:16:31 - [MESSAGE][PASSED] - Text '5146312200000035' is set on object 'Object Repository/VLink/Page_CCSale/txt_CardNumber'

2024-05-18 17:16:32 - [MESSAGE][PASSED] - Text '12' is set on object 'Object Repository/VLink/Page_CCSale/txt_ExpMonth'

2024-05-18 17:16:32 - [MESSAGE][PASSED] - Text '2025' is set on object 'Object Repository/VLink/Page_CCSale/txt_ExpYear'

2024-05-18 17:16:33 - [MESSAGE][PASSED] - Text '' is set on object 'Object Repository/VLink/Page_CCSale/txt_CVV'

2024-05-18 17:16:34 - [MESSAGE][PASSED] - Text '' is set on object 'Object Repository/VLink/Page_CCSale/txt_CVVstate'

2024-05-18 17:16:34 - [MESSAGE][PASSED] - Text '' is set on object 'Object Repository/VLink/Page_CCSale/txt_TrackData'

2024-05-18 17:16:35 - [MESSAGE][PASSED] - Text '' is set on object 'Object Repository/VLink/Page_CCSale/txt_Track1Data'

2024-05-18 17:16:36 - [MESSAGE][PASSED] - Text '' is set on object 'Object Repository/VLink/Page_CCSale/txt_Track2Data'

2024-05-18 17:16:37 - [MESSAGE][PASSED] - Text 'manual' is set on object 'Object Repository/VLink/Page_CCSale/txt_POSEntryMode'

2024-05-18 17:16:37 - [MESSAGE][PASSED] - Text 'iahmed@govolution.com' is set on object 'Object Repository/VLink/Page_CCSale/txt_Email'

2024-05-18 17:16:38 - [MESSAGE][PASSED] - Text '2569362' is set on object 'Object Repository/VLink/Page_CCSale/txt_OrderNumber'

2024-05-18 17:16:39 - [MESSAGE][PASSED] - Text '1.15' is set on object 'Object Repository/VLink/Page_CCSale/txt_TaxAmount'

2024-05-18 17:16:39 - [MESSAGE][PASSED] - Text 'Charge Description' is set on object 'Object Repository/VLink/Page_CCSale/txt_ChargeDescription'

2024-05-18 17:16:40 - [MESSAGE][PASSED] - Text '147357' is set on object 'Object Repository/VLink/Page_CCSale/txt_CAN'

2024-05-18 17:16:41 - [MESSAGE][PASSED] - Text '1' is set on object 'Object Repository/VLink/Page_CCSale/txt_BillPaymentIndicator'

2024-05-18 17:16:42 - [MESSAGE][PASSED] - Text 'UDF Data 1' is set on object 'Object Repository/VLink/Page_CCSale/txt_UDF1'

2024-05-18 17:16:42 - [MESSAGE][PASSED] - Text 'UDF Data 2' is set on object 'Object Repository/VLink/Page_CCSale/txt_UDF2'

2024-05-18 17:16:43 - [MESSAGE][PASSED] - Text 'UDF Data 3' is set on object 'Object Repository/VLink/Page_CCSale/txt_UDF3'

2024-05-18 17:16:44 - [MESSAGE][PASSED] - Text 'UDF Data 4' is set on object 'Object Repository/VLink/Page_CCSale/txt_UDF4'

2024-05-18 17:16:44 - [MESSAGE][PASSED] - Text 'UDF Data 5' is set on object 'Object Repository/VLink/Page_CCSale/txt_UDF5'

2024-05-18 17:16:45 - [MESSAGE][PASSED] - Text 'UDF Data 6' is set on object 'Object Repository/VLink/Page_CCSale/txt_UDF6'

2024-05-18 17:16:46 - [MESSAGE][PASSED] - Text 'UDF Data 7' is set on object 'Object Repository/VLink/Page_CCSale/txt_UDF7'

2024-05-18 17:16:46 - [MESSAGE][PASSED] - Text 'UDF Data 8' is set on object 'Object Repository/VLink/Page_CCSale/txt_UDF8'

2024-05-18 17:16:47 - [MESSAGE][PASSED] - Text 'UDF Data 9' is set on object 'Object Repository/VLink/Page_CCSale/txt_UDF9'

2024-05-18 17:16:48 - [MESSAGE][PASSED] - Text 'UDF Data 10' is set on object 'Object Repository/VLink/Page_CCSale/txt_UDF10'

2024-05-18 17:16:49 - [MESSAGE][PASSED] - Object: 'Object Repository/VLink/Page_CCSale/btn_ProcessVLinkTransaction' is clicked on

2024-05-18 17:16:54 - [MESSAGE][PASSED] - vlinkPages.saleCCPage.setDataSCC is PASSED

2024-05-18 17:16:54 - [TEST_STEP][PASSED] - if (verifyTextPresent("Transaction approved, no errors", true)): null

2024-05-18 17:16:54 - [MESSAGE][PASSED] - Text 'Transaction approved, no errors' is present on page  using regular expression

2024-05-18 17:16:54 - [TEST_STEP][PASSED] - println("Transaction Approved, no errors text is present on the Confirmation page"): null

2024-05-18 17:16:54 - [TEST_STEP][PASSED] - out.println("Pass Record Number: " + row): null

2024-05-18 17:16:54 - [TEST_STEP][PASSED] - resText = "Pass": null

2024-05-18 17:16:54 - [TEST_STEP][PASSED] - pages.WriteExcel.demoKey(resText, datText, resColumn, datCloumn, fileLoc, nameSheet, row): pages.WriteExcel.demoKey is PASSED

2024-05-18 17:16:55 - [MESSAGE][PASSED] - pages.WriteExcel.demoKey is PASSED

2024-05-18 17:16:55 - [TEST_STEP][PASSED] - sdfo = getText(findTestObject("Object Repository/Page_VLinkReceipt/pre_STX")): Text of object 'Object Repository/Page_VLinkReceipt/pre_STX' is: '<STX>hwCGDuwUyN47                  12153344            0  Transaction approved, no errors                   0                                                                                  Z 196285   <ETX>'

2024-05-18 17:16:55 - [MESSAGE][PASSED] - Text of object 'Object Repository/Page_VLinkReceipt/pre_STX' is: '<STX>hwCGDuwUyN47                  12153344            0  Transaction approved, no errors                   0                                                                                  Z 196285   <ETX>'

2024-05-18 17:16:55 - [TEST_STEP][PASSED] - out.println("sdfo: " + sdfo): null

2024-05-18 17:16:55 - [TEST_STEP][PASSED] - remID = substring(5, 35).trim(): null

2024-05-18 17:16:55 - [TEST_STEP][PASSED] - out.println("Remittance ID: " + remID): null

2024-05-18 17:16:55 - [TEST_STEP][PASSED] - traxID = substring(35, 55).trim(): null

2024-05-18 17:16:55 - [TEST_STEP][PASSED] - out.println("Transaction ID: " + traxID): null

2024-05-18 17:16:55 - [TEST_STEP][PASSED] - out.println("End Record Number: " + row): null

2024-05-18 17:16:55 - [TEST_STEP][PASSED] - closeBrowser(): Browser is closed

2024-05-18 17:16:56 - [MESSAGE][PASSED] - Browser is closed

2024-05-18 17:16:56 - [TEST_STEP][PASSED] - ExecuteTC = findTestData(dataFile).getValue("Execute", row): null

2024-05-18 17:16:56 - [TEST_STEP][PASSED] - out.println("Value of Execute is : " + ExecuteTC): null

2024-05-18 17:16:56 - [TEST_STEP][PASSED] - if (ExecuteTC.equalsIgnoreCase("Y")): Browser is closed

2024-05-18 17:16:56 - [TEST_STEP][PASSED] - out.println("Begin Record Number: " + row): null

2024-05-18 17:16:56 - [TEST_STEP][PASSED] - today = new java.util.Date(): null

2024-05-18 17:16:56 - [TEST_STEP][PASSED] - println(today): null

2024-05-18 17:16:56 - [TEST_STEP][PASSED] - datText = today: null

2024-05-18 17:16:56 - [TEST_STEP][PASSED] - openBrowser(VLinkURL + "authcap.html"): Browser is opened with url: 'https://dev-algorithm.govolution.com/vlinktest/QA2/version_2_0/authcap.html'

2024-05-18 17:16:56 - [MESSAGE][INFO] - Starting 'Chrome' driver

2024-05-18 17:16:56 - [MESSAGE][INFO] - User set preference: ['acceptInsecureCerts', 'true']

2024-05-18 17:16:56 - [MESSAGE][INFO] - Action delay is set to 0 milliseconds

2024-05-18 17:16:58 - [MESSAGE][PASSED] - Browser is opened with url: 'https://dev-algorithm.govolution.com/vlinktest/QA2/version_2_0/authcap.html'

2024-05-18 17:16:58 - [TEST_STEP][PASSED] - maximizeWindow(): Current window maximized

2024-05-18 17:16:58 - [MESSAGE][PASSED] - Current window maximized

2024-05-18 17:16:58 - [TEST_STEP][PASSED] - vlinkPages.saleCCPage.setDataSCC(row, dataFile): vlinkPages.saleCCPage.setDataSCC is PASSED

2024-05-18 17:17:01 - [MESSAGE][PASSED] - Object 'Object Repository/VLink/Page_CCSale/txt_CardNumber' is present

2024-05-18 17:17:02 - [MESSAGE][PASSED] - Text '104' is set on object 'Object Repository/VLink/Page_CCSale/txt_TransactionType'

2024-05-18 17:17:03 - [MESSAGE][PASSED] - Text '2.0C' is set on object 'Object Repository/VLink/Page_CCSale/txt_MessageVersion'

2024-05-18 17:17:03 - [MESSAGE][PASSED] - Text 'eLQl5vLXaIqe' is set on object 'Object Repository/VLink/Page_CCSale/txt_RemID'

2024-05-18 17:17:04 - [MESSAGE][PASSED] - Text '115' is set on object 'Object Repository/VLink/Page_CCSale/txt_ApplicationId'

2024-05-18 17:17:05 - [MESSAGE][PASSED] - Text 'username' is set on object 'Object Repository/VLink/Page_CCSale/txt_Username'

2024-05-18 17:17:05 - [MESSAGE][PASSED] - Text 'password' is set on object 'Object Repository/VLink/Page_CCSale/txt_Password'

2024-05-18 17:17:06 - [MESSAGE][PASSED] - Text 'fixed_width' is set on object 'Object Repository/VLink/Page_CCSale/txt_ResponseFormat'

2024-05-18 17:17:07 - [MESSAGE][PASSED] - Text 'MOTO' is set on object 'Object Repository/VLink/Page_CCSale/txt_Category'

2024-05-18 17:17:07 - [MESSAGE][PASSED] - Text '' is set on object 'Object Repository/VLink/Page_CCSale/txt_TransactionID'

2024-05-18 17:17:08 - [MESSAGE][PASSED] - Text '' is set on object 'Object Repository/VLink/Page_CCSale/txt_ApprovalCode'

2024-05-18 17:17:09 - [MESSAGE][PASSED] - Text 'Brij Mohan' is set on object 'Object Repository/VLink/Page_CCSale/txt_CardName'

2024-05-18 17:17:10 - [MESSAGE][PASSED] - Text '96581 Manchin St' is set on object 'Object Repository/VLink/Page_CCSale/txt_AL1'

2024-05-18 17:17:10 - [MESSAGE][PASSED] - Text 'Suite 56' is set on object 'Object Repository/VLink/Page_CCSale/txt_AL2'

2024-05-18 17:17:11 - [MESSAGE][PASSED] - Text 'Arlington' is set on object 'Object Repository/VLink/Page_CCSale/txt_CardCity'

2024-05-18 17:17:12 - [MESSAGE][PASSED] - Text 'VA' is set on object 'Object Repository/VLink/Page_CCSale/txt_CardState'

2024-05-18 17:17:12 - [MESSAGE][PASSED] - Text '22201' is set on object 'Object Repository/VLink/Page_CCSale/txt_CardZIP'

2024-05-18 17:17:13 - [MESSAGE][PASSED] - Text '840' is set on object 'Object Repository/VLink/Page_CCSale/txt_CountryID'

2024-05-18 17:17:14 - [MESSAGE][PASSED] - Text '1.50' is set on object 'Object Repository/VLink/Page_CCSale/txt_Amount'

2024-05-18 17:17:14 - [MESSAGE][PASSED] - Text '5146312200000035' is set on object 'Object Repository/VLink/Page_CCSale/txt_CardNumber'

2024-05-18 17:17:15 - [MESSAGE][PASSED] - Text '12' is set on object 'Object Repository/VLink/Page_CCSale/txt_ExpMonth'

2024-05-18 17:17:16 - [MESSAGE][PASSED] - Text '2025' is set on object 'Object Repository/VLink/Page_CCSale/txt_ExpYear'

2024-05-18 17:17:17 - [MESSAGE][PASSED] - Text '' is set on object 'Object Repository/VLink/Page_CCSale/txt_CVV'

2024-05-18 17:17:17 - [MESSAGE][PASSED] - Text '' is set on object 'Object Repository/VLink/Page_CCSale/txt_CVVstate'

2024-05-18 17:17:18 - [MESSAGE][PASSED] - Text '' is set on object 'Object Repository/VLink/Page_CCSale/txt_TrackData'

2024-05-18 17:17:19 - [MESSAGE][PASSED] - Text '' is set on object 'Object Repository/VLink/Page_CCSale/txt_Track1Data'

2024-05-18 17:17:19 - [MESSAGE][PASSED] - Text '' is set on object 'Object Repository/VLink/Page_CCSale/txt_Track2Data'

2024-05-18 17:17:20 - [MESSAGE][PASSED] - Text 'manual' is set on object 'Object Repository/VLink/Page_CCSale/txt_POSEntryMode'

2024-05-18 17:17:21 - [MESSAGE][PASSED] - Text 'iahmed@govolution.com' is set on object 'Object Repository/VLink/Page_CCSale/txt_Email'

2024-05-18 17:17:21 - [MESSAGE][PASSED] - Text '2569362' is set on object 'Object Repository/VLink/Page_CCSale/txt_OrderNumber'

2024-05-18 17:17:22 - [MESSAGE][PASSED] - Text '1.15' is set on object 'Object Repository/VLink/Page_CCSale/txt_TaxAmount'

2024-05-18 17:17:23 - [MESSAGE][PASSED] - Text 'Charge Description' is set on object 'Object Repository/VLink/Page_CCSale/txt_ChargeDescription'

2024-05-18 17:17:23 - [MESSAGE][PASSED] - Text '147357' is set on object 'Object Repository/VLink/Page_CCSale/txt_CAN'

2024-05-18 17:17:24 - [MESSAGE][PASSED] - Text '1' is set on object 'Object Repository/VLink/Page_CCSale/txt_BillPaymentIndicator'

2024-05-18 17:17:25 - [MESSAGE][PASSED] - Text 'UDF Data 1' is set on object 'Object Repository/VLink/Page_CCSale/txt_UDF1'

2024-05-18 17:17:25 - [MESSAGE][PASSED] - Text 'UDF Data 2' is set on object 'Object Repository/VLink/Page_CCSale/txt_UDF2'

2024-05-18 17:17:26 - [MESSAGE][PASSED] - Text 'UDF Data 3' is set on object 'Object Repository/VLink/Page_CCSale/txt_UDF3'

2024-05-18 17:17:27 - [MESSAGE][PASSED] - Text 'UDF Data 4' is set on object 'Object Repository/VLink/Page_CCSale/txt_UDF4'

2024-05-18 17:17:28 - [MESSAGE][PASSED] - Text 'UDF Data 5' is set on object 'Object Repository/VLink/Page_CCSale/txt_UDF5'

2024-05-18 17:17:28 - [MESSAGE][PASSED] - Text 'UDF Data 6' is set on object 'Object Repository/VLink/Page_CCSale/txt_UDF6'

2024-05-18 17:17:29 - [MESSAGE][PASSED] - Text 'UDF Data 7' is set on object 'Object Repository/VLink/Page_CCSale/txt_UDF7'

2024-05-18 17:17:30 - [MESSAGE][PASSED] - Text 'UDF Data 8' is set on object 'Object Repository/VLink/Page_CCSale/txt_UDF8'

2024-05-18 17:17:30 - [MESSAGE][PASSED] - Text 'UDF Data 9' is set on object 'Object Repository/VLink/Page_CCSale/txt_UDF9'

2024-05-18 17:17:31 - [MESSAGE][PASSED] - Text 'UDF Data 10' is set on object 'Object Repository/VLink/Page_CCSale/txt_UDF10'

2024-05-18 17:17:32 - [MESSAGE][PASSED] - Object: 'Object Repository/VLink/Page_CCSale/btn_ProcessVLinkTransaction' is clicked on

2024-05-18 17:17:37 - [MESSAGE][PASSED] - vlinkPages.saleCCPage.setDataSCC is PASSED

2024-05-18 17:17:37 - [TEST_STEP][PASSED] - if (verifyTextPresent("Transaction approved, no errors", true)): null

2024-05-18 17:17:38 - [MESSAGE][PASSED] - Text 'Transaction approved, no errors' is present on page  using regular expression

2024-05-18 17:17:38 - [TEST_STEP][PASSED] - println("Transaction Approved, no errors text is present on the Confirmation page"): null

2024-05-18 17:17:38 - [TEST_STEP][PASSED] - out.println("Pass Record Number: " + row): null

2024-05-18 17:17:38 - [TEST_STEP][PASSED] - resText = "Pass": null

2024-05-18 17:17:38 - [TEST_STEP][PASSED] - pages.WriteExcel.demoKey(resText, datText, resColumn, datCloumn, fileLoc, nameSheet, row): pages.WriteExcel.demoKey is PASSED

2024-05-18 17:17:38 - [MESSAGE][PASSED] - pages.WriteExcel.demoKey is PASSED

2024-05-18 17:17:38 - [TEST_STEP][PASSED] - sdfo = getText(findTestObject("Object Repository/Page_VLinkReceipt/pre_STX")): Text of object 'Object Repository/Page_VLinkReceipt/pre_STX' is: '<STX>eLQl5vLXaIqe                  12153345            0  Transaction approved, no errors                   0                                                                                  Z 196288   <ETX>'

2024-05-18 17:17:38 - [MESSAGE][PASSED] - Text of object 'Object Repository/Page_VLinkReceipt/pre_STX' is: '<STX>eLQl5vLXaIqe                  12153345            0  Transaction approved, no errors                   0                                                                                  Z 196288   <ETX>'

2024-05-18 17:17:38 - [TEST_STEP][PASSED] - out.println("sdfo: " + sdfo): null

2024-05-18 17:17:38 - [TEST_STEP][PASSED] - remID = substring(5, 35).trim(): null

2024-05-18 17:17:38 - [TEST_STEP][PASSED] - out.println("Remittance ID: " + remID): null

2024-05-18 17:17:38 - [TEST_STEP][PASSED] - traxID = substring(35, 55).trim(): null

2024-05-18 17:17:38 - [TEST_STEP][PASSED] - out.println("Transaction ID: " + traxID): null

2024-05-18 17:17:38 - [TEST_STEP][PASSED] - out.println("End Record Number: " + row): null

2024-05-18 17:17:38 - [TEST_STEP][PASSED] - closeBrowser(): Browser is closed

2024-05-18 17:17:39 - [MESSAGE][PASSED] - Browser is closed

2024-05-18 17:17:39 - [TEST_STEP][PASSED] - ExecuteTC = findTestData(dataFile).getValue("Execute", row): null

2024-05-18 17:17:40 - [TEST_STEP][PASSED] - out.println("Value of Execute is : " + ExecuteTC): null

2024-05-18 17:17:40 - [TEST_STEP][PASSED] - if (ExecuteTC.equalsIgnoreCase("Y")): Browser is closed

2024-05-18 17:17:40 - [TEST_STEP][PASSED] - out.println("Begin Record Number: " + row): null

2024-05-18 17:17:40 - [TEST_STEP][PASSED] - today = new java.util.Date(): null

2024-05-18 17:17:40 - [TEST_STEP][PASSED] - println(today): null

2024-05-18 17:17:40 - [TEST_STEP][PASSED] - datText = today: null

2024-05-18 17:17:40 - [TEST_STEP][PASSED] - openBrowser(VLinkURL + "authcap.html"): Browser is opened with url: 'https://dev-algorithm.govolution.com/vlinktest/QA2/version_2_0/authcap.html'

2024-05-18 17:17:40 - [MESSAGE][INFO] - Starting 'Chrome' driver

2024-05-18 17:17:40 - [MESSAGE][INFO] - User set preference: ['acceptInsecureCerts', 'true']

2024-05-18 17:17:40 - [MESSAGE][INFO] - Action delay is set to 0 milliseconds

2024-05-18 17:17:41 - [MESSAGE][PASSED] - Browser is opened with url: 'https://dev-algorithm.govolution.com/vlinktest/QA2/version_2_0/authcap.html'

2024-05-18 17:17:41 - [TEST_STEP][PASSED] - maximizeWindow(): Current window maximized

2024-05-18 17:17:42 - [MESSAGE][PASSED] - Current window maximized

2024-05-18 17:17:42 - [TEST_STEP][PASSED] - vlinkPages.saleCCPage.setDataSCC(row, dataFile): vlinkPages.saleCCPage.setDataSCC is PASSED

2024-05-18 17:17:45 - [MESSAGE][PASSED] - Object 'Object Repository/VLink/Page_CCSale/txt_CardNumber' is present

2024-05-18 17:17:46 - [MESSAGE][PASSED] - Text '104' is set on object 'Object Repository/VLink/Page_CCSale/txt_TransactionType'

2024-05-18 17:17:46 - [MESSAGE][PASSED] - Text '2.0C' is set on object 'Object Repository/VLink/Page_CCSale/txt_MessageVersion'

2024-05-18 17:17:47 - [MESSAGE][PASSED] - Text 'ZwppRz61zhi6' is set on object 'Object Repository/VLink/Page_CCSale/txt_RemID'

2024-05-18 17:17:48 - [MESSAGE][PASSED] - Text '115' is set on object 'Object Repository/VLink/Page_CCSale/txt_ApplicationId'

2024-05-18 17:17:48 - [MESSAGE][PASSED] - Text 'username' is set on object 'Object Repository/VLink/Page_CCSale/txt_Username'

2024-05-18 17:17:49 - [MESSAGE][PASSED] - Text 'password' is set on object 'Object Repository/VLink/Page_CCSale/txt_Password'

2024-05-18 17:17:50 - [MESSAGE][PASSED] - Text 'fixed_width' is set on object 'Object Repository/VLink/Page_CCSale/txt_ResponseFormat'

2024-05-18 17:17:51 - [MESSAGE][PASSED] - Text 'RETL' is set on object 'Object Repository/VLink/Page_CCSale/txt_Category'

2024-05-18 17:17:51 - [MESSAGE][PASSED] - Text '' is set on object 'Object Repository/VLink/Page_CCSale/txt_TransactionID'

2024-05-18 17:17:52 - [MESSAGE][PASSED] - Text '' is set on object 'Object Repository/VLink/Page_CCSale/txt_ApprovalCode'

2024-05-18 17:17:53 - [MESSAGE][PASSED] - Text 'Brij Mohan' is set on object 'Object Repository/VLink/Page_CCSale/txt_CardName'

2024-05-18 17:17:53 - [MESSAGE][PASSED] - Text '96581 Manchin St' is set on object 'Object Repository/VLink/Page_CCSale/txt_AL1'

2024-05-18 17:17:54 - [MESSAGE][PASSED] - Text 'Suite 56' is set on object 'Object Repository/VLink/Page_CCSale/txt_AL2'

2024-05-18 17:17:55 - [MESSAGE][PASSED] - Text 'Arlington' is set on object 'Object Repository/VLink/Page_CCSale/txt_CardCity'

2024-05-18 17:17:55 - [MESSAGE][PASSED] - Text 'VA' is set on object 'Object Repository/VLink/Page_CCSale/txt_CardState'

2024-05-18 17:17:56 - [MESSAGE][PASSED] - Text '22201' is set on object 'Object Repository/VLink/Page_CCSale/txt_CardZIP'

2024-05-18 17:17:57 - [MESSAGE][PASSED] - Text '840' is set on object 'Object Repository/VLink/Page_CCSale/txt_CountryID'

2024-05-18 17:17:58 - [MESSAGE][PASSED] - Text '1.50' is set on object 'Object Repository/VLink/Page_CCSale/txt_Amount'

2024-05-18 17:17:58 - [MESSAGE][PASSED] - Text '5146312200000035' is set on object 'Object Repository/VLink/Page_CCSale/txt_CardNumber'

2024-05-18 17:17:59 - [MESSAGE][PASSED] - Text '12' is set on object 'Object Repository/VLink/Page_CCSale/txt_ExpMonth'

2024-05-18 17:18:00 - [MESSAGE][PASSED] - Text '2025' is set on object 'Object Repository/VLink/Page_CCSale/txt_ExpYear'

2024-05-18 17:18:00 - [MESSAGE][PASSED] - Text '' is set on object 'Object Repository/VLink/Page_CCSale/txt_CVV'

2024-05-18 17:18:01 - [MESSAGE][PASSED] - Text '' is set on object 'Object Repository/VLink/Page_CCSale/txt_CVVstate'

2024-05-18 17:18:02 - [MESSAGE][PASSED] - Text '' is set on object 'Object Repository/VLink/Page_CCSale/txt_TrackData'

2024-05-18 17:18:02 - [MESSAGE][PASSED] - Text '' is set on object 'Object Repository/VLink/Page_CCSale/txt_Track1Data'

2024-05-18 17:18:03 - [MESSAGE][PASSED] - Text '' is set on object 'Object Repository/VLink/Page_CCSale/txt_Track2Data'

2024-05-18 17:18:04 - [MESSAGE][PASSED] - Text 'manual' is set on object 'Object Repository/VLink/Page_CCSale/txt_POSEntryMode'

2024-05-18 17:18:05 - [MESSAGE][PASSED] - Text 'iahmed@govolution.com' is set on object 'Object Repository/VLink/Page_CCSale/txt_Email'

2024-05-18 17:18:05 - [MESSAGE][PASSED] - Text '2569362' is set on object 'Object Repository/VLink/Page_CCSale/txt_OrderNumber'

2024-05-18 17:18:06 - [MESSAGE][PASSED] - Text '1.15' is set on object 'Object Repository/VLink/Page_CCSale/txt_TaxAmount'

2024-05-18 17:18:06 - [MESSAGE][PASSED] - Text 'Charge Description' is set on object 'Object Repository/VLink/Page_CCSale/txt_ChargeDescription'

2024-05-18 17:18:07 - [MESSAGE][PASSED] - Text '147357' is set on object 'Object Repository/VLink/Page_CCSale/txt_CAN'

2024-05-18 17:18:08 - [MESSAGE][PASSED] - Text '1' is set on object 'Object Repository/VLink/Page_CCSale/txt_BillPaymentIndicator'

2024-05-18 17:18:08 - [MESSAGE][PASSED] - Text 'UDF Data 1' is set on object 'Object Repository/VLink/Page_CCSale/txt_UDF1'

2024-05-18 17:18:09 - [MESSAGE][PASSED] - Text 'UDF Data 2' is set on object 'Object Repository/VLink/Page_CCSale/txt_UDF2'

2024-05-18 17:18:10 - [MESSAGE][PASSED] - Text 'UDF Data 3' is set on object 'Object Repository/VLink/Page_CCSale/txt_UDF3'

2024-05-18 17:18:11 - [MESSAGE][PASSED] - Text 'UDF Data 4' is set on object 'Object Repository/VLink/Page_CCSale/txt_UDF4'

2024-05-18 17:18:11 - [MESSAGE][PASSED] - Text 'UDF Data 5' is set on object 'Object Repository/VLink/Page_CCSale/txt_UDF5'

2024-05-18 17:18:12 - [MESSAGE][PASSED] - Text 'UDF Data 6' is set on object 'Object Repository/VLink/Page_CCSale/txt_UDF6'

2024-05-18 17:18:13 - [MESSAGE][PASSED] - Text 'UDF Data 7' is set on object 'Object Repository/VLink/Page_CCSale/txt_UDF7'

2024-05-18 17:18:13 - [MESSAGE][PASSED] - Text 'UDF Data 8' is set on object 'Object Repository/VLink/Page_CCSale/txt_UDF8'

2024-05-18 17:18:14 - [MESSAGE][PASSED] - Text 'UDF Data 9' is set on object 'Object Repository/VLink/Page_CCSale/txt_UDF9'

2024-05-18 17:18:15 - [MESSAGE][PASSED] - Text 'UDF Data 10' is set on object 'Object Repository/VLink/Page_CCSale/txt_UDF10'

2024-05-18 17:18:16 - [MESSAGE][PASSED] - Object: 'Object Repository/VLink/Page_CCSale/btn_ProcessVLinkTransaction' is clicked on

2024-05-18 17:18:21 - [MESSAGE][PASSED] - vlinkPages.saleCCPage.setDataSCC is PASSED

2024-05-18 17:18:21 - [TEST_STEP][PASSED] - if (verifyTextPresent("Transaction approved, no errors", true)): null

2024-05-18 17:18:21 - [MESSAGE][PASSED] - Text 'Transaction approved, no errors' is present on page  using regular expression

2024-05-18 17:18:21 - [TEST_STEP][PASSED] - println("Transaction Approved, no errors text is present on the Confirmation page"): null

2024-05-18 17:18:21 - [TEST_STEP][PASSED] - out.println("Pass Record Number: " + row): null

2024-05-18 17:18:21 - [TEST_STEP][PASSED] - resText = "Pass": null

2024-05-18 17:18:21 - [TEST_STEP][PASSED] - pages.WriteExcel.demoKey(resText, datText, resColumn, datCloumn, fileLoc, nameSheet, row): pages.WriteExcel.demoKey is PASSED

2024-05-18 17:18:21 - [MESSAGE][PASSED] - pages.WriteExcel.demoKey is PASSED

2024-05-18 17:18:21 - [TEST_STEP][PASSED] - sdfo = getText(findTestObject("Object Repository/Page_VLinkReceipt/pre_STX")): Text of object 'Object Repository/Page_VLinkReceipt/pre_STX' is: '<STX>ZwppRz61zhi6                  12153346            0  Transaction approved, no errors                   0                                                                                  Y 196293   <ETX>'

2024-05-18 17:18:22 - [MESSAGE][PASSED] - Text of object 'Object Repository/Page_VLinkReceipt/pre_STX' is: '<STX>ZwppRz61zhi6                  12153346            0  Transaction approved, no errors                   0                                                                                  Y 196293   <ETX>'

2024-05-18 17:18:22 - [TEST_STEP][PASSED] - out.println("sdfo: " + sdfo): null

2024-05-18 17:18:22 - [TEST_STEP][PASSED] - remID = substring(5, 35).trim(): null

2024-05-18 17:18:22 - [TEST_STEP][PASSED] - out.println("Remittance ID: " + remID): null

2024-05-18 17:18:22 - [TEST_STEP][PASSED] - traxID = substring(35, 55).trim(): null

2024-05-18 17:18:22 - [TEST_STEP][PASSED] - out.println("Transaction ID: " + traxID): null

2024-05-18 17:18:22 - [TEST_STEP][PASSED] - out.println("End Record Number: " + row): null

2024-05-18 17:18:22 - [TEST_STEP][PASSED] - closeBrowser(): Browser is closed

2024-05-18 17:18:23 - [MESSAGE][PASSED] - Browser is closed

2024-05-18 17:18:23 - [TEST_STEP][PASSED] - ExecuteTC = findTestData(dataFile).getValue("Execute", row): null

2024-05-18 17:18:23 - [TEST_STEP][PASSED] - out.println("Value of Execute is : " + ExecuteTC): null

2024-05-18 17:18:23 - [TEST_STEP][PASSED] - if (ExecuteTC.equalsIgnoreCase("Y")): Browser is closed

2024-05-18 17:18:23 - [TEST_STEP][PASSED] - out.println("Begin Record Number: " + row): null

2024-05-18 17:18:23 - [TEST_STEP][PASSED] - today = new java.util.Date(): null

2024-05-18 17:18:23 - [TEST_STEP][PASSED] - println(today): null

2024-05-18 17:18:23 - [TEST_STEP][PASSED] - datText = today: null

2024-05-18 17:18:23 - [TEST_STEP][PASSED] - openBrowser(VLinkURL + "authcap.html"): Browser is opened with url: 'https://dev-algorithm.govolution.com/vlinktest/QA2/version_2_0/authcap.html'

2024-05-18 17:18:23 - [MESSAGE][INFO] - Starting 'Chrome' driver

2024-05-18 17:18:23 - [MESSAGE][INFO] - User set preference: ['acceptInsecureCerts', 'true']

2024-05-18 17:18:23 - [MESSAGE][INFO] - Action delay is set to 0 milliseconds

2024-05-18 17:18:25 - [MESSAGE][PASSED] - Browser is opened with url: 'https://dev-algorithm.govolution.com/vlinktest/QA2/version_2_0/authcap.html'

2024-05-18 17:18:25 - [TEST_STEP][PASSED] - maximizeWindow(): Current window maximized

2024-05-18 17:18:25 - [MESSAGE][PASSED] - Current window maximized

2024-05-18 17:18:25 - [TEST_STEP][PASSED] - vlinkPages.saleCCPage.setDataSCC(row, dataFile): vlinkPages.saleCCPage.setDataSCC is PASSED

2024-05-18 17:18:29 - [MESSAGE][PASSED] - Object 'Object Repository/VLink/Page_CCSale/txt_CardNumber' is present

2024-05-18 17:18:29 - [MESSAGE][PASSED] - Text '104' is set on object 'Object Repository/VLink/Page_CCSale/txt_TransactionType'

2024-05-18 17:18:30 - [MESSAGE][PASSED] - Text '2.0C' is set on object 'Object Repository/VLink/Page_CCSale/txt_MessageVersion'

2024-05-18 17:18:31 - [MESSAGE][PASSED] - Text 'FGJeYLIMFE1G' is set on object 'Object Repository/VLink/Page_CCSale/txt_RemID'

2024-05-18 17:18:31 - [MESSAGE][PASSED] - Text '115' is set on object 'Object Repository/VLink/Page_CCSale/txt_ApplicationId'

2024-05-18 17:18:32 - [MESSAGE][PASSED] - Text 'username' is set on object 'Object Repository/VLink/Page_CCSale/txt_Username'

2024-05-18 17:18:33 - [MESSAGE][PASSED] - Text 'password' is set on object 'Object Repository/VLink/Page_CCSale/txt_Password'

2024-05-18 17:18:33 - [MESSAGE][PASSED] - Text 'fixed_width' is set on object 'Object Repository/VLink/Page_CCSale/txt_ResponseFormat'

2024-05-18 17:18:34 - [MESSAGE][PASSED] - Text 'ECOM' is set on object 'Object Repository/VLink/Page_CCSale/txt_Category'

2024-05-18 17:18:35 - [MESSAGE][PASSED] - Text '' is set on object 'Object Repository/VLink/Page_CCSale/txt_TransactionID'

2024-05-18 17:18:35 - [MESSAGE][PASSED] - Text '' is set on object 'Object Repository/VLink/Page_CCSale/txt_ApprovalCode'

2024-05-18 17:18:36 - [MESSAGE][PASSED] - Text 'Brij Mohan' is set on object 'Object Repository/VLink/Page_CCSale/txt_CardName'

2024-05-18 17:18:37 - [MESSAGE][PASSED] - Text '96581 Manchin St' is set on object 'Object Repository/VLink/Page_CCSale/txt_AL1'

2024-05-18 17:18:37 - [MESSAGE][PASSED] - Text 'Suite 56' is set on object 'Object Repository/VLink/Page_CCSale/txt_AL2'

2024-05-18 17:18:38 - [MESSAGE][PASSED] - Text 'Arlington' is set on object 'Object Repository/VLink/Page_CCSale/txt_CardCity'

2024-05-18 17:18:39 - [MESSAGE][PASSED] - Text 'VA' is set on object 'Object Repository/VLink/Page_CCSale/txt_CardState'

2024-05-18 17:18:40 - [MESSAGE][PASSED] - Text '22201' is set on object 'Object Repository/VLink/Page_CCSale/txt_CardZIP'

2024-05-18 17:18:40 - [MESSAGE][PASSED] - Text '840' is set on object 'Object Repository/VLink/Page_CCSale/txt_CountryID'

2024-05-18 17:18:41 - [MESSAGE][PASSED] - Text '1.50' is set on object 'Object Repository/VLink/Page_CCSale/txt_Amount'

2024-05-18 17:18:42 - [MESSAGE][PASSED] - Text '371449635392376' is set on object 'Object Repository/VLink/Page_CCSale/txt_CardNumber'

2024-05-18 17:18:42 - [MESSAGE][PASSED] - Text '12' is set on object 'Object Repository/VLink/Page_CCSale/txt_ExpMonth'

2024-05-18 17:18:43 - [MESSAGE][PASSED] - Text '2025' is set on object 'Object Repository/VLink/Page_CCSale/txt_ExpYear'

2024-05-18 17:18:44 - [MESSAGE][PASSED] - Text '' is set on object 'Object Repository/VLink/Page_CCSale/txt_CVV'

2024-05-18 17:18:44 - [MESSAGE][PASSED] - Text '' is set on object 'Object Repository/VLink/Page_CCSale/txt_CVVstate'

2024-05-18 17:18:45 - [MESSAGE][PASSED] - Text '' is set on object 'Object Repository/VLink/Page_CCSale/txt_TrackData'

2024-05-18 17:18:46 - [MESSAGE][PASSED] - Text '' is set on object 'Object Repository/VLink/Page_CCSale/txt_Track1Data'

2024-05-18 17:18:47 - [MESSAGE][PASSED] - Text '' is set on object 'Object Repository/VLink/Page_CCSale/txt_Track2Data'

2024-05-18 17:18:47 - [MESSAGE][PASSED] - Text 'manual' is set on object 'Object Repository/VLink/Page_CCSale/txt_POSEntryMode'

2024-05-18 17:18:48 - [MESSAGE][PASSED] - Text 'iahmed@govolution.com' is set on object 'Object Repository/VLink/Page_CCSale/txt_Email'

2024-05-18 17:18:49 - [MESSAGE][PASSED] - Text '2569362' is set on object 'Object Repository/VLink/Page_CCSale/txt_OrderNumber'

2024-05-18 17:18:49 - [MESSAGE][PASSED] - Text '1.15' is set on object 'Object Repository/VLink/Page_CCSale/txt_TaxAmount'

2024-05-18 17:18:50 - [MESSAGE][PASSED] - Text 'Charge Description' is set on object 'Object Repository/VLink/Page_CCSale/txt_ChargeDescription'

2024-05-18 17:18:51 - [MESSAGE][PASSED] - Text '147357' is set on object 'Object Repository/VLink/Page_CCSale/txt_CAN'

2024-05-18 17:18:51 - [MESSAGE][PASSED] - Text '1' is set on object 'Object Repository/VLink/Page_CCSale/txt_BillPaymentIndicator'

2024-05-18 17:18:52 - [MESSAGE][PASSED] - Text 'UDF Data 1' is set on object 'Object Repository/VLink/Page_CCSale/txt_UDF1'

2024-05-18 17:18:53 - [MESSAGE][PASSED] - Text 'UDF Data 2' is set on object 'Object Repository/VLink/Page_CCSale/txt_UDF2'

2024-05-18 17:18:54 - [MESSAGE][PASSED] - Text 'UDF Data 3' is set on object 'Object Repository/VLink/Page_CCSale/txt_UDF3'

2024-05-18 17:18:54 - [MESSAGE][PASSED] - Text 'UDF Data 4' is set on object 'Object Repository/VLink/Page_CCSale/txt_UDF4'

2024-05-18 17:18:55 - [MESSAGE][PASSED] - Text 'UDF Data 5' is set on object 'Object Repository/VLink/Page_CCSale/txt_UDF5'

2024-05-18 17:18:56 - [MESSAGE][PASSED] - Text 'UDF Data 6' is set on object 'Object Repository/VLink/Page_CCSale/txt_UDF6'

2024-05-18 17:18:56 - [MESSAGE][PASSED] - Text 'UDF Data 7' is set on object 'Object Repository/VLink/Page_CCSale/txt_UDF7'

2024-05-18 17:18:57 - [MESSAGE][PASSED] - Text 'UDF Data 8' is set on object 'Object Repository/VLink/Page_CCSale/txt_UDF8'

2024-05-18 17:18:58 - [MESSAGE][PASSED] - Text 'UDF Data 9' is set on object 'Object Repository/VLink/Page_CCSale/txt_UDF9'

2024-05-18 17:18:59 - [MESSAGE][PASSED] - Text 'UDF Data 10' is set on object 'Object Repository/VLink/Page_CCSale/txt_UDF10'

2024-05-18 17:19:00 - [MESSAGE][PASSED] - Object: 'Object Repository/VLink/Page_CCSale/btn_ProcessVLinkTransaction' is clicked on

2024-05-18 17:19:05 - [MESSAGE][PASSED] - vlinkPages.saleCCPage.setDataSCC is PASSED

2024-05-18 17:19:05 - [TEST_STEP][PASSED] - if (verifyTextPresent("Transaction approved, no errors", true)): null

2024-05-18 17:19:05 - [MESSAGE][PASSED] - Text 'Transaction approved, no errors' is present on page  using regular expression

2024-05-18 17:19:05 - [TEST_STEP][PASSED] - println("Transaction Approved, no errors text is present on the Confirmation page"): null

2024-05-18 17:19:05 - [TEST_STEP][PASSED] - out.println("Pass Record Number: " + row): null

2024-05-18 17:19:05 - [TEST_STEP][PASSED] - resText = "Pass": null

2024-05-18 17:19:05 - [TEST_STEP][PASSED] - pages.WriteExcel.demoKey(resText, datText, resColumn, datCloumn, fileLoc, nameSheet, row): pages.WriteExcel.demoKey is PASSED

2024-05-18 17:19:05 - [MESSAGE][PASSED] - pages.WriteExcel.demoKey is PASSED

2024-05-18 17:19:05 - [TEST_STEP][PASSED] - sdfo = getText(findTestObject("Object Repository/Page_VLinkReceipt/pre_STX")): Text of object 'Object Repository/Page_VLinkReceipt/pre_STX' is: '<STX>FGJeYLIMFE1G                  12153347            0  Transaction approved, no errors                   0                                                                                  Z 096297   <ETX>'

2024-05-18 17:19:06 - [MESSAGE][PASSED] - Text of object 'Object Repository/Page_VLinkReceipt/pre_STX' is: '<STX>FGJeYLIMFE1G                  12153347            0  Transaction approved, no errors                   0                                                                                  Z 096297   <ETX>'

2024-05-18 17:19:06 - [TEST_STEP][PASSED] - out.println("sdfo: " + sdfo): null

2024-05-18 17:19:06 - [TEST_STEP][PASSED] - remID = substring(5, 35).trim(): null

2024-05-18 17:19:06 - [TEST_STEP][PASSED] - out.println("Remittance ID: " + remID): null

2024-05-18 17:19:06 - [TEST_STEP][PASSED] - traxID = substring(35, 55).trim(): null

2024-05-18 17:19:06 - [TEST_STEP][PASSED] - out.println("Transaction ID: " + traxID): null

2024-05-18 17:19:06 - [TEST_STEP][PASSED] - out.println("End Record Number: " + row): null

2024-05-18 17:19:06 - [TEST_STEP][PASSED] - closeBrowser(): Browser is closed

2024-05-18 17:19:07 - [MESSAGE][PASSED] - Browser is closed

2024-05-18 17:19:07 - [TEST_STEP][PASSED] - ExecuteTC = findTestData(dataFile).getValue("Execute", row): null

2024-05-18 17:19:07 - [TEST_STEP][PASSED] - out.println("Value of Execute is : " + ExecuteTC): null

2024-05-18 17:19:07 - [TEST_STEP][PASSED] - if (ExecuteTC.equalsIgnoreCase("Y")): Browser is closed

2024-05-18 17:19:07 - [TEST_STEP][PASSED] - out.println("Begin Record Number: " + row): null

2024-05-18 17:19:07 - [TEST_STEP][PASSED] - today = new java.util.Date(): null

2024-05-18 17:19:07 - [TEST_STEP][PASSED] - println(today): null

2024-05-18 17:19:07 - [TEST_STEP][PASSED] - datText = today: null

2024-05-18 17:19:07 - [TEST_STEP][PASSED] - openBrowser(VLinkURL + "authcap.html"): Browser is opened with url: 'https://dev-algorithm.govolution.com/vlinktest/QA2/version_2_0/authcap.html'

2024-05-18 17:19:07 - [MESSAGE][INFO] - Starting 'Chrome' driver

2024-05-18 17:19:07 - [MESSAGE][INFO] - User set preference: ['acceptInsecureCerts', 'true']

2024-05-18 17:19:07 - [MESSAGE][INFO] - Action delay is set to 0 milliseconds

2024-05-18 17:19:09 - [MESSAGE][PASSED] - Browser is opened with url: 'https://dev-algorithm.govolution.com/vlinktest/QA2/version_2_0/authcap.html'

2024-05-18 17:19:09 - [TEST_STEP][PASSED] - maximizeWindow(): Current window maximized

2024-05-18 17:19:09 - [MESSAGE][PASSED] - Current window maximized

2024-05-18 17:19:09 - [TEST_STEP][PASSED] - vlinkPages.saleCCPage.setDataSCC(row, dataFile): vlinkPages.saleCCPage.setDataSCC is PASSED

2024-05-18 17:19:12 - [MESSAGE][PASSED] - Object 'Object Repository/VLink/Page_CCSale/txt_CardNumber' is present

2024-05-18 17:19:13 - [MESSAGE][PASSED] - Text '104' is set on object 'Object Repository/VLink/Page_CCSale/txt_TransactionType'

2024-05-18 17:19:14 - [MESSAGE][PASSED] - Text '2.0C' is set on object 'Object Repository/VLink/Page_CCSale/txt_MessageVersion'

2024-05-18 17:19:14 - [MESSAGE][PASSED] - Text '6aW0ieEptMMQ' is set on object 'Object Repository/VLink/Page_CCSale/txt_RemID'

2024-05-18 17:19:15 - [MESSAGE][PASSED] - Text '115' is set on object 'Object Repository/VLink/Page_CCSale/txt_ApplicationId'

2024-05-18 17:19:16 - [MESSAGE][PASSED] - Text 'username' is set on object 'Object Repository/VLink/Page_CCSale/txt_Username'

2024-05-18 17:19:16 - [MESSAGE][PASSED] - Text 'password' is set on object 'Object Repository/VLink/Page_CCSale/txt_Password'

2024-05-18 17:19:17 - [MESSAGE][PASSED] - Text 'fixed_width' is set on object 'Object Repository/VLink/Page_CCSale/txt_ResponseFormat'

2024-05-18 17:19:18 - [MESSAGE][PASSED] - Text 'MOTO' is set on object 'Object Repository/VLink/Page_CCSale/txt_Category'

2024-05-18 17:19:18 - [MESSAGE][PASSED] - Text '' is set on object 'Object Repository/VLink/Page_CCSale/txt_TransactionID'

2024-05-18 17:19:19 - [MESSAGE][PASSED] - Text '' is set on object 'Object Repository/VLink/Page_CCSale/txt_ApprovalCode'

2024-05-18 17:19:20 - [MESSAGE][PASSED] - Text 'Brij Mohan' is set on object 'Object Repository/VLink/Page_CCSale/txt_CardName'

2024-05-18 17:19:21 - [MESSAGE][PASSED] - Text '96581 Manchin St' is set on object 'Object Repository/VLink/Page_CCSale/txt_AL1'

2024-05-18 17:19:21 - [MESSAGE][PASSED] - Text 'Suite 56' is set on object 'Object Repository/VLink/Page_CCSale/txt_AL2'

2024-05-18 17:19:22 - [MESSAGE][PASSED] - Text 'Arlington' is set on object 'Object Repository/VLink/Page_CCSale/txt_CardCity'

2024-05-18 17:19:23 - [MESSAGE][PASSED] - Text 'VA' is set on object 'Object Repository/VLink/Page_CCSale/txt_CardState'

2024-05-18 17:19:23 - [MESSAGE][PASSED] - Text '22201' is set on object 'Object Repository/VLink/Page_CCSale/txt_CardZIP'

2024-05-18 17:19:24 - [MESSAGE][PASSED] - Text '840' is set on object 'Object Repository/VLink/Page_CCSale/txt_CountryID'

2024-05-18 17:19:25 - [MESSAGE][PASSED] - Text '1.50' is set on object 'Object Repository/VLink/Page_CCSale/txt_Amount'

2024-05-18 17:19:25 - [MESSAGE][PASSED] - Text '371449635392376' is set on object 'Object Repository/VLink/Page_CCSale/txt_CardNumber'

2024-05-18 17:19:26 - [MESSAGE][PASSED] - Text '12' is set on object 'Object Repository/VLink/Page_CCSale/txt_ExpMonth'

2024-05-18 17:19:27 - [MESSAGE][PASSED] - Text '2025' is set on object 'Object Repository/VLink/Page_CCSale/txt_ExpYear'

2024-05-18 17:19:28 - [MESSAGE][PASSED] - Text '' is set on object 'Object Repository/VLink/Page_CCSale/txt_CVV'

2024-05-18 17:19:28 - [MESSAGE][PASSED] - Text '' is set on object 'Object Repository/VLink/Page_CCSale/txt_CVVstate'

2024-05-18 17:19:29 - [MESSAGE][PASSED] - Text '' is set on object 'Object Repository/VLink/Page_CCSale/txt_TrackData'

2024-05-18 17:19:30 - [MESSAGE][PASSED] - Text '' is set on object 'Object Repository/VLink/Page_CCSale/txt_Track1Data'

2024-05-18 17:19:30 - [MESSAGE][PASSED] - Text '' is set on object 'Object Repository/VLink/Page_CCSale/txt_Track2Data'

2024-05-18 17:19:31 - [MESSAGE][PASSED] - Text 'manual' is set on object 'Object Repository/VLink/Page_CCSale/txt_POSEntryMode'

2024-05-18 17:19:32 - [MESSAGE][PASSED] - Text 'iahmed@govolution.com' is set on object 'Object Repository/VLink/Page_CCSale/txt_Email'

2024-05-18 17:19:32 - [MESSAGE][PASSED] - Text '2569362' is set on object 'Object Repository/VLink/Page_CCSale/txt_OrderNumber'

2024-05-18 17:19:33 - [MESSAGE][PASSED] - Text '1.15' is set on object 'Object Repository/VLink/Page_CCSale/txt_TaxAmount'

2024-05-18 17:19:34 - [MESSAGE][PASSED] - Text 'Charge Description' is set on object 'Object Repository/VLink/Page_CCSale/txt_ChargeDescription'

2024-05-18 17:19:34 - [MESSAGE][PASSED] - Text '147357' is set on object 'Object Repository/VLink/Page_CCSale/txt_CAN'

2024-05-18 17:19:35 - [MESSAGE][PASSED] - Text '1' is set on object 'Object Repository/VLink/Page_CCSale/txt_BillPaymentIndicator'

2024-05-18 17:19:36 - [MESSAGE][PASSED] - Text 'UDF Data 1' is set on object 'Object Repository/VLink/Page_CCSale/txt_UDF1'

2024-05-18 17:19:37 - [MESSAGE][PASSED] - Text 'UDF Data 2' is set on object 'Object Repository/VLink/Page_CCSale/txt_UDF2'

2024-05-18 17:19:37 - [MESSAGE][PASSED] - Text 'UDF Data 3' is set on object 'Object Repository/VLink/Page_CCSale/txt_UDF3'

2024-05-18 17:19:38 - [MESSAGE][PASSED] - Text 'UDF Data 4' is set on object 'Object Repository/VLink/Page_CCSale/txt_UDF4'

2024-05-18 17:19:39 - [MESSAGE][PASSED] - Text 'UDF Data 5' is set on object 'Object Repository/VLink/Page_CCSale/txt_UDF5'

2024-05-18 17:19:39 - [MESSAGE][PASSED] - Text 'UDF Data 6' is set on object 'Object Repository/VLink/Page_CCSale/txt_UDF6'

2024-05-18 17:19:40 - [MESSAGE][PASSED] - Text 'UDF Data 7' is set on object 'Object Repository/VLink/Page_CCSale/txt_UDF7'

2024-05-18 17:19:41 - [MESSAGE][PASSED] - Text 'UDF Data 8' is set on object 'Object Repository/VLink/Page_CCSale/txt_UDF8'

2024-05-18 17:19:41 - [MESSAGE][PASSED] - Text 'UDF Data 9' is set on object 'Object Repository/VLink/Page_CCSale/txt_UDF9'

2024-05-18 17:19:42 - [MESSAGE][PASSED] - Text 'UDF Data 10' is set on object 'Object Repository/VLink/Page_CCSale/txt_UDF10'

2024-05-18 17:19:43 - [MESSAGE][PASSED] - Object: 'Object Repository/VLink/Page_CCSale/btn_ProcessVLinkTransaction' is clicked on

2024-05-18 17:19:48 - [MESSAGE][PASSED] - vlinkPages.saleCCPage.setDataSCC is PASSED

2024-05-18 17:19:48 - [TEST_STEP][PASSED] - if (verifyTextPresent("Transaction approved, no errors", true)): null

2024-05-18 17:19:49 - [MESSAGE][PASSED] - Text 'Transaction approved, no errors' is present on page  using regular expression

2024-05-18 17:19:49 - [TEST_STEP][PASSED] - println("Transaction Approved, no errors text is present on the Confirmation page"): null

2024-05-18 17:19:49 - [TEST_STEP][PASSED] - out.println("Pass Record Number: " + row): null

2024-05-18 17:19:49 - [TEST_STEP][PASSED] - resText = "Pass": null

2024-05-18 17:19:49 - [TEST_STEP][PASSED] - pages.WriteExcel.demoKey(resText, datText, resColumn, datCloumn, fileLoc, nameSheet, row): pages.WriteExcel.demoKey is PASSED

2024-05-18 17:19:49 - [MESSAGE][PASSED] - pages.WriteExcel.demoKey is PASSED

2024-05-18 17:19:49 - [TEST_STEP][PASSED] - sdfo = getText(findTestObject("Object Repository/Page_VLinkReceipt/pre_STX")): Text of object 'Object Repository/Page_VLinkReceipt/pre_STX' is: '<STX>6aW0ieEptMMQ                  12153348            0  Transaction approved, no errors                   0                                                                                  A 096299   <ETX>'

2024-05-18 17:19:49 - [MESSAGE][PASSED] - Text of object 'Object Repository/Page_VLinkReceipt/pre_STX' is: '<STX>6aW0ieEptMMQ                  12153348            0  Transaction approved, no errors                   0                                                                                  A 096299   <ETX>'

2024-05-18 17:19:49 - [TEST_STEP][PASSED] - out.println("sdfo: " + sdfo): null

2024-05-18 17:19:49 - [TEST_STEP][PASSED] - remID = substring(5, 35).trim(): null

2024-05-18 17:19:49 - [TEST_STEP][PASSED] - out.println("Remittance ID: " + remID): null

2024-05-18 17:19:49 - [TEST_STEP][PASSED] - traxID = substring(35, 55).trim(): null

2024-05-18 17:19:49 - [TEST_STEP][PASSED] - out.println("Transaction ID: " + traxID): null

2024-05-18 17:19:49 - [TEST_STEP][PASSED] - out.println("End Record Number: " + row): null

2024-05-18 17:19:49 - [TEST_STEP][PASSED] - closeBrowser(): Browser is closed

2024-05-18 17:19:50 - [MESSAGE][PASSED] - Browser is closed

2024-05-18 17:19:50 - [TEST_STEP][PASSED] - ExecuteTC = findTestData(dataFile).getValue("Execute", row): null

2024-05-18 17:19:50 - [TEST_STEP][PASSED] - out.println("Value of Execute is : " + ExecuteTC): null

2024-05-18 17:19:50 - [TEST_STEP][PASSED] - if (ExecuteTC.equalsIgnoreCase("Y")): Browser is closed

2024-05-18 17:19:50 - [TEST_STEP][PASSED] - out.println("Begin Record Number: " + row): null

2024-05-18 17:19:50 - [TEST_STEP][PASSED] - today = new java.util.Date(): null

2024-05-18 17:19:50 - [TEST_STEP][PASSED] - println(today): null

2024-05-18 17:19:50 - [TEST_STEP][PASSED] - datText = today: null

2024-05-18 17:19:50 - [TEST_STEP][PASSED] - openBrowser(VLinkURL + "authcap.html"): Browser is opened with url: 'https://dev-algorithm.govolution.com/vlinktest/QA2/version_2_0/authcap.html'

2024-05-18 17:19:50 - [MESSAGE][INFO] - Starting 'Chrome' driver

2024-05-18 17:19:50 - [MESSAGE][INFO] - User set preference: ['acceptInsecureCerts', 'true']

2024-05-18 17:19:50 - [MESSAGE][INFO] - Action delay is set to 0 milliseconds

2024-05-18 17:19:52 - [MESSAGE][PASSED] - Browser is opened with url: 'https://dev-algorithm.govolution.com/vlinktest/QA2/version_2_0/authcap.html'

2024-05-18 17:19:52 - [TEST_STEP][PASSED] - maximizeWindow(): Current window maximized

2024-05-18 17:19:53 - [MESSAGE][PASSED] - Current window maximized

2024-05-18 17:19:53 - [TEST_STEP][PASSED] - vlinkPages.saleCCPage.setDataSCC(row, dataFile): vlinkPages.saleCCPage.setDataSCC is PASSED

2024-05-18 17:19:56 - [MESSAGE][PASSED] - Object 'Object Repository/VLink/Page_CCSale/txt_CardNumber' is present

2024-05-18 17:19:57 - [MESSAGE][PASSED] - Text '104' is set on object 'Object Repository/VLink/Page_CCSale/txt_TransactionType'

2024-05-18 17:19:57 - [MESSAGE][PASSED] - Text '2.0C' is set on object 'Object Repository/VLink/Page_CCSale/txt_MessageVersion'

2024-05-18 17:19:58 - [MESSAGE][PASSED] - Text '7SLzckDWiaKn' is set on object 'Object Repository/VLink/Page_CCSale/txt_RemID'

2024-05-18 17:19:59 - [MESSAGE][PASSED] - Text '115' is set on object 'Object Repository/VLink/Page_CCSale/txt_ApplicationId'

2024-05-18 17:19:59 - [MESSAGE][PASSED] - Text 'username' is set on object 'Object Repository/VLink/Page_CCSale/txt_Username'

2024-05-18 17:20:00 - [MESSAGE][PASSED] - Text 'password' is set on object 'Object Repository/VLink/Page_CCSale/txt_Password'

2024-05-18 17:20:01 - [MESSAGE][PASSED] - Text 'fixed_width' is set on object 'Object Repository/VLink/Page_CCSale/txt_ResponseFormat'

2024-05-18 17:20:01 - [MESSAGE][PASSED] - Text 'RETL' is set on object 'Object Repository/VLink/Page_CCSale/txt_Category'

2024-05-18 17:20:02 - [MESSAGE][PASSED] - Text '' is set on object 'Object Repository/VLink/Page_CCSale/txt_TransactionID'

2024-05-18 17:20:03 - [MESSAGE][PASSED] - Text '' is set on object 'Object Repository/VLink/Page_CCSale/txt_ApprovalCode'

2024-05-18 17:20:03 - [MESSAGE][PASSED] - Text 'Brij Mohan' is set on object 'Object Repository/VLink/Page_CCSale/txt_CardName'

2024-05-18 17:20:04 - [MESSAGE][PASSED] - Text '96581 Manchin St' is set on object 'Object Repository/VLink/Page_CCSale/txt_AL1'

2024-05-18 17:20:05 - [MESSAGE][PASSED] - Text 'Suite 56' is set on object 'Object Repository/VLink/Page_CCSale/txt_AL2'

2024-05-18 17:20:06 - [MESSAGE][PASSED] - Text 'Arlington' is set on object 'Object Repository/VLink/Page_CCSale/txt_CardCity'

2024-05-18 17:20:06 - [MESSAGE][PASSED] - Text 'VA' is set on object 'Object Repository/VLink/Page_CCSale/txt_CardState'

2024-05-18 17:20:07 - [MESSAGE][PASSED] - Text '22201' is set on object 'Object Repository/VLink/Page_CCSale/txt_CardZIP'

2024-05-18 17:20:08 - [MESSAGE][PASSED] - Text '840' is set on object 'Object Repository/VLink/Page_CCSale/txt_CountryID'

2024-05-18 17:20:08 - [MESSAGE][PASSED] - Text '1.50' is set on object 'Object Repository/VLink/Page_CCSale/txt_Amount'

2024-05-18 17:20:09 - [MESSAGE][PASSED] - Text '371449635392376' is set on object 'Object Repository/VLink/Page_CCSale/txt_CardNumber'

2024-05-18 17:20:10 - [MESSAGE][PASSED] - Text '12' is set on object 'Object Repository/VLink/Page_CCSale/txt_ExpMonth'

2024-05-18 17:20:11 - [MESSAGE][PASSED] - Text '2025' is set on object 'Object Repository/VLink/Page_CCSale/txt_ExpYear'

2024-05-18 17:20:11 - [MESSAGE][PASSED] - Text '' is set on object 'Object Repository/VLink/Page_CCSale/txt_CVV'

2024-05-18 17:20:12 - [MESSAGE][PASSED] - Text '' is set on object 'Object Repository/VLink/Page_CCSale/txt_CVVstate'

2024-05-18 17:20:13 - [MESSAGE][PASSED] - Text '' is set on object 'Object Repository/VLink/Page_CCSale/txt_TrackData'

2024-05-18 17:20:13 - [MESSAGE][PASSED] - Text '' is set on object 'Object Repository/VLink/Page_CCSale/txt_Track1Data'

2024-05-18 17:20:14 - [MESSAGE][PASSED] - Text '' is set on object 'Object Repository/VLink/Page_CCSale/txt_Track2Data'

2024-05-18 17:20:15 - [MESSAGE][PASSED] - Text 'manual' is set on object 'Object Repository/VLink/Page_CCSale/txt_POSEntryMode'

2024-05-18 17:20:15 - [MESSAGE][PASSED] - Text 'iahmed@govolution.com' is set on object 'Object Repository/VLink/Page_CCSale/txt_Email'

2024-05-18 17:20:16 - [MESSAGE][PASSED] - Text '2569362' is set on object 'Object Repository/VLink/Page_CCSale/txt_OrderNumber'

2024-05-18 17:20:17 - [MESSAGE][PASSED] - Text '1.15' is set on object 'Object Repository/VLink/Page_CCSale/txt_TaxAmount'

2024-05-18 17:20:18 - [MESSAGE][PASSED] - Text 'Charge Description' is set on object 'Object Repository/VLink/Page_CCSale/txt_ChargeDescription'

2024-05-18 17:20:18 - [MESSAGE][PASSED] - Text '147357' is set on object 'Object Repository/VLink/Page_CCSale/txt_CAN'

2024-05-18 17:20:19 - [MESSAGE][PASSED] - Text '1' is set on object 'Object Repository/VLink/Page_CCSale/txt_BillPaymentIndicator'

2024-05-18 17:20:20 - [MESSAGE][PASSED] - Text 'UDF Data 1' is set on object 'Object Repository/VLink/Page_CCSale/txt_UDF1'

2024-05-18 17:20:20 - [MESSAGE][PASSED] - Text 'UDF Data 2' is set on object 'Object Repository/VLink/Page_CCSale/txt_UDF2'

2024-05-18 17:20:21 - [MESSAGE][PASSED] - Text 'UDF Data 3' is set on object 'Object Repository/VLink/Page_CCSale/txt_UDF3'

2024-05-18 17:20:22 - [MESSAGE][PASSED] - Text 'UDF Data 4' is set on object 'Object Repository/VLink/Page_CCSale/txt_UDF4'

2024-05-18 17:20:22 - [MESSAGE][PASSED] - Text 'UDF Data 5' is set on object 'Object Repository/VLink/Page_CCSale/txt_UDF5'

2024-05-18 17:20:23 - [MESSAGE][PASSED] - Text 'UDF Data 6' is set on object 'Object Repository/VLink/Page_CCSale/txt_UDF6'

2024-05-18 17:20:24 - [MESSAGE][PASSED] - Text 'UDF Data 7' is set on object 'Object Repository/VLink/Page_CCSale/txt_UDF7'

2024-05-18 17:20:24 - [MESSAGE][PASSED] - Text 'UDF Data 8' is set on object 'Object Repository/VLink/Page_CCSale/txt_UDF8'

2024-05-18 17:20:25 - [MESSAGE][PASSED] - Text 'UDF Data 9' is set on object 'Object Repository/VLink/Page_CCSale/txt_UDF9'

2024-05-18 17:20:26 - [MESSAGE][PASSED] - Text 'UDF Data 10' is set on object 'Object Repository/VLink/Page_CCSale/txt_UDF10'

2024-05-18 17:20:27 - [MESSAGE][PASSED] - Object: 'Object Repository/VLink/Page_CCSale/btn_ProcessVLinkTransaction' is clicked on

2024-05-18 17:20:32 - [MESSAGE][PASSED] - vlinkPages.saleCCPage.setDataSCC is PASSED

2024-05-18 17:20:32 - [TEST_STEP][PASSED] - if (verifyTextPresent("Transaction approved, no errors", true)): null

2024-05-18 17:20:33 - [MESSAGE][PASSED] - Text 'Transaction approved, no errors' is present on page  using regular expression

2024-05-18 17:20:33 - [TEST_STEP][PASSED] - println("Transaction Approved, no errors text is present on the Confirmation page"): null

2024-05-18 17:20:33 - [TEST_STEP][PASSED] - out.println("Pass Record Number: " + row): null

2024-05-18 17:20:33 - [TEST_STEP][PASSED] - resText = "Pass": null

2024-05-18 17:20:33 - [TEST_STEP][PASSED] - pages.WriteExcel.demoKey(resText, datText, resColumn, datCloumn, fileLoc, nameSheet, row): pages.WriteExcel.demoKey is PASSED

2024-05-18 17:20:33 - [MESSAGE][PASSED] - pages.WriteExcel.demoKey is PASSED

2024-05-18 17:20:33 - [TEST_STEP][PASSED] - sdfo = getText(findTestObject("Object Repository/Page_VLinkReceipt/pre_STX")): Text of object 'Object Repository/Page_VLinkReceipt/pre_STX' is: '<STX>7SLzckDWiaKn                  12153349            0  Transaction approved, no errors                   0                                                                                  U 096303   <ETX>'

2024-05-18 17:20:33 - [MESSAGE][PASSED] - Text of object 'Object Repository/Page_VLinkReceipt/pre_STX' is: '<STX>7SLzckDWiaKn                  12153349            0  Transaction approved, no errors                   0                                                                                  U 096303   <ETX>'

2024-05-18 17:20:33 - [TEST_STEP][PASSED] - out.println("sdfo: " + sdfo): null

2024-05-18 17:20:33 - [TEST_STEP][PASSED] - remID = substring(5, 35).trim(): null

2024-05-18 17:20:33 - [TEST_STEP][PASSED] - out.println("Remittance ID: " + remID): null

2024-05-18 17:20:33 - [TEST_STEP][PASSED] - traxID = substring(35, 55).trim(): null

2024-05-18 17:20:33 - [TEST_STEP][PASSED] - out.println("Transaction ID: " + traxID): null

2024-05-18 17:20:33 - [TEST_STEP][PASSED] - out.println("End Record Number: " + row): null

2024-05-18 17:20:33 - [TEST_STEP][PASSED] - closeBrowser(): Browser is closed

2024-05-18 17:20:34 - [MESSAGE][PASSED] - Browser is closed

2024-05-18 17:20:34 - [TEST_STEP][PASSED] - ExecuteTC = findTestData(dataFile).getValue("Execute", row): null

2024-05-18 17:20:34 - [TEST_STEP][PASSED] - out.println("Value of Execute is : " + ExecuteTC): null

2024-05-18 17:20:34 - [TEST_STEP][PASSED] - if (ExecuteTC.equalsIgnoreCase("Y")): Browser is closed

2024-05-18 17:20:34 - [TEST_STEP][PASSED] - out.println("Begin Record Number: " + row): null

2024-05-18 17:20:34 - [TEST_STEP][PASSED] - today = new java.util.Date(): null

2024-05-18 17:20:34 - [TEST_STEP][PASSED] - println(today): null

2024-05-18 17:20:34 - [TEST_STEP][PASSED] - datText = today: null

2024-05-18 17:20:34 - [TEST_STEP][PASSED] - openBrowser(VLinkURL + "authcap.html"): Browser is opened with url: 'https://dev-algorithm.govolution.com/vlinktest/QA2/version_2_0/authcap.html'

2024-05-18 17:20:34 - [MESSAGE][INFO] - Starting 'Chrome' driver

2024-05-18 17:20:34 - [MESSAGE][INFO] - User set preference: ['acceptInsecureCerts', 'true']

2024-05-18 17:20:34 - [MESSAGE][INFO] - Action delay is set to 0 milliseconds

2024-05-18 17:20:36 - [MESSAGE][PASSED] - Browser is opened with url: 'https://dev-algorithm.govolution.com/vlinktest/QA2/version_2_0/authcap.html'

2024-05-18 17:20:36 - [TEST_STEP][PASSED] - maximizeWindow(): Current window maximized

2024-05-18 17:20:37 - [MESSAGE][PASSED] - Current window maximized

2024-05-18 17:20:37 - [TEST_STEP][PASSED] - vlinkPages.saleCCPage.setDataSCC(row, dataFile): vlinkPages.saleCCPage.setDataSCC is PASSED

2024-05-18 17:20:40 - [MESSAGE][PASSED] - Object 'Object Repository/VLink/Page_CCSale/txt_CardNumber' is present

2024-05-18 17:20:41 - [MESSAGE][PASSED] - Text '104' is set on object 'Object Repository/VLink/Page_CCSale/txt_TransactionType'

2024-05-18 17:20:41 - [MESSAGE][PASSED] - Text '2.0C' is set on object 'Object Repository/VLink/Page_CCSale/txt_MessageVersion'

2024-05-18 17:20:42 - [MESSAGE][PASSED] - Text '2nPzaPFQYbjq' is set on object 'Object Repository/VLink/Page_CCSale/txt_RemID'

2024-05-18 17:20:43 - [MESSAGE][PASSED] - Text '115' is set on object 'Object Repository/VLink/Page_CCSale/txt_ApplicationId'

2024-05-18 17:20:43 - [MESSAGE][PASSED] - Text 'username' is set on object 'Object Repository/VLink/Page_CCSale/txt_Username'

2024-05-18 17:20:44 - [MESSAGE][PASSED] - Text 'password' is set on object 'Object Repository/VLink/Page_CCSale/txt_Password'

2024-05-18 17:20:45 - [MESSAGE][PASSED] - Text 'fixed_width' is set on object 'Object Repository/VLink/Page_CCSale/txt_ResponseFormat'

2024-05-18 17:20:45 - [MESSAGE][PASSED] - Text 'ECOM' is set on object 'Object Repository/VLink/Page_CCSale/txt_Category'

2024-05-18 17:20:46 - [MESSAGE][PASSED] - Text '' is set on object 'Object Repository/VLink/Page_CCSale/txt_TransactionID'

2024-05-18 17:20:47 - [MESSAGE][PASSED] - Text '' is set on object 'Object Repository/VLink/Page_CCSale/txt_ApprovalCode'

2024-05-18 17:20:48 - [MESSAGE][PASSED] - Text 'Brij Mohan' is set on object 'Object Repository/VLink/Page_CCSale/txt_CardName'

2024-05-18 17:20:48 - [MESSAGE][PASSED] - Text '96581 Manchin St' is set on object 'Object Repository/VLink/Page_CCSale/txt_AL1'

2024-05-18 17:20:49 - [MESSAGE][PASSED] - Text 'Suite 56' is set on object 'Object Repository/VLink/Page_CCSale/txt_AL2'

2024-05-18 17:20:50 - [MESSAGE][PASSED] - Text 'Arlington' is set on object 'Object Repository/VLink/Page_CCSale/txt_CardCity'

2024-05-18 17:20:50 - [MESSAGE][PASSED] - Text 'VA' is set on object 'Object Repository/VLink/Page_CCSale/txt_CardState'

2024-05-18 17:20:51 - [MESSAGE][PASSED] - Text '22201' is set on object 'Object Repository/VLink/Page_CCSale/txt_CardZIP'

2024-05-18 17:20:52 - [MESSAGE][PASSED] - Text '840' is set on object 'Object Repository/VLink/Page_CCSale/txt_CountryID'

2024-05-18 17:20:52 - [MESSAGE][PASSED] - Text '1.50' is set on object 'Object Repository/VLink/Page_CCSale/txt_Amount'

2024-05-18 17:20:53 - [MESSAGE][PASSED] - Text '6011000993026909' is set on object 'Object Repository/VLink/Page_CCSale/txt_CardNumber'

2024-05-18 17:20:54 - [MESSAGE][PASSED] - Text '12' is set on object 'Object Repository/VLink/Page_CCSale/txt_ExpMonth'

2024-05-18 17:20:55 - [MESSAGE][PASSED] - Text '2025' is set on object 'Object Repository/VLink/Page_CCSale/txt_ExpYear'

2024-05-18 17:20:55 - [MESSAGE][PASSED] - Text '' is set on object 'Object Repository/VLink/Page_CCSale/txt_CVV'

2024-05-18 17:20:56 - [MESSAGE][PASSED] - Text '' is set on object 'Object Repository/VLink/Page_CCSale/txt_CVVstate'

2024-05-18 17:20:57 - [MESSAGE][PASSED] - Text '' is set on object 'Object Repository/VLink/Page_CCSale/txt_TrackData'

2024-05-18 17:20:57 - [MESSAGE][PASSED] - Text '' is set on object 'Object Repository/VLink/Page_CCSale/txt_Track1Data'

2024-05-18 17:20:58 - [MESSAGE][PASSED] - Text '' is set on object 'Object Repository/VLink/Page_CCSale/txt_Track2Data'

2024-05-18 17:20:59 - [MESSAGE][PASSED] - Text 'manual' is set on object 'Object Repository/VLink/Page_CCSale/txt_POSEntryMode'

2024-05-18 17:20:59 - [MESSAGE][PASSED] - Text 'iahmed@govolution.com' is set on object 'Object Repository/VLink/Page_CCSale/txt_Email'

2024-05-18 17:21:00 - [MESSAGE][PASSED] - Text '2569362' is set on object 'Object Repository/VLink/Page_CCSale/txt_OrderNumber'

2024-05-18 17:21:01 - [MESSAGE][PASSED] - Text '1.15' is set on object 'Object Repository/VLink/Page_CCSale/txt_TaxAmount'

2024-05-18 17:21:02 - [MESSAGE][PASSED] - Text 'Charge Description' is set on object 'Object Repository/VLink/Page_CCSale/txt_ChargeDescription'

2024-05-18 17:21:02 - [MESSAGE][PASSED] - Text '147357' is set on object 'Object Repository/VLink/Page_CCSale/txt_CAN'

2024-05-18 17:21:03 - [MESSAGE][PASSED] - Text '1' is set on object 'Object Repository/VLink/Page_CCSale/txt_BillPaymentIndicator'

2024-05-18 17:21:04 - [MESSAGE][PASSED] - Text 'UDF Data 1' is set on object 'Object Repository/VLink/Page_CCSale/txt_UDF1'

2024-05-18 17:21:04 - [MESSAGE][PASSED] - Text 'UDF Data 2' is set on object 'Object Repository/VLink/Page_CCSale/txt_UDF2'

2024-05-18 17:21:05 - [MESSAGE][PASSED] - Text 'UDF Data 3' is set on object 'Object Repository/VLink/Page_CCSale/txt_UDF3'

2024-05-18 17:21:06 - [MESSAGE][PASSED] - Text 'UDF Data 4' is set on object 'Object Repository/VLink/Page_CCSale/txt_UDF4'

2024-05-18 17:21:07 - [MESSAGE][PASSED] - Text 'UDF Data 5' is set on object 'Object Repository/VLink/Page_CCSale/txt_UDF5'

2024-05-18 17:21:07 - [MESSAGE][PASSED] - Text 'UDF Data 6' is set on object 'Object Repository/VLink/Page_CCSale/txt_UDF6'

2024-05-18 17:21:08 - [MESSAGE][PASSED] - Text 'UDF Data 7' is set on object 'Object Repository/VLink/Page_CCSale/txt_UDF7'

2024-05-18 17:21:09 - [MESSAGE][PASSED] - Text 'UDF Data 8' is set on object 'Object Repository/VLink/Page_CCSale/txt_UDF8'

2024-05-18 17:21:09 - [MESSAGE][PASSED] - Text 'UDF Data 9' is set on object 'Object Repository/VLink/Page_CCSale/txt_UDF9'

2024-05-18 17:21:10 - [MESSAGE][PASSED] - Text 'UDF Data 10' is set on object 'Object Repository/VLink/Page_CCSale/txt_UDF10'

2024-05-18 17:21:11 - [MESSAGE][PASSED] - Object: 'Object Repository/VLink/Page_CCSale/btn_ProcessVLinkTransaction' is clicked on

2024-05-18 17:21:16 - [MESSAGE][PASSED] - vlinkPages.saleCCPage.setDataSCC is PASSED

2024-05-18 17:21:16 - [TEST_STEP][PASSED] - if (verifyTextPresent("Transaction approved, no errors", true)): null

2024-05-18 17:21:17 - [MESSAGE][PASSED] - Text 'Transaction approved, no errors' is present on page  using regular expression

2024-05-18 17:21:17 - [TEST_STEP][PASSED] - println("Transaction Approved, no errors text is present on the Confirmation page"): null

2024-05-18 17:21:17 - [TEST_STEP][PASSED] - out.println("Pass Record Number: " + row): null

2024-05-18 17:21:17 - [TEST_STEP][PASSED] - resText = "Pass": null

2024-05-18 17:21:17 - [TEST_STEP][PASSED] - pages.WriteExcel.demoKey(resText, datText, resColumn, datCloumn, fileLoc, nameSheet, row): pages.WriteExcel.demoKey is PASSED

2024-05-18 17:21:17 - [MESSAGE][PASSED] - pages.WriteExcel.demoKey is PASSED

2024-05-18 17:21:17 - [TEST_STEP][PASSED] - sdfo = getText(findTestObject("Object Repository/Page_VLinkReceipt/pre_STX")): Text of object 'Object Repository/Page_VLinkReceipt/pre_STX' is: '<STX>2nPzaPFQYbjq                  12153350            0  Transaction approved, no errors                   0                                                                                  Y 096309   <ETX>'

2024-05-18 17:21:17 - [MESSAGE][PASSED] - Text of object 'Object Repository/Page_VLinkReceipt/pre_STX' is: '<STX>2nPzaPFQYbjq                  12153350            0  Transaction approved, no errors                   0                                                                                  Y 096309   <ETX>'

2024-05-18 17:21:17 - [TEST_STEP][PASSED] - out.println("sdfo: " + sdfo): null

2024-05-18 17:21:17 - [TEST_STEP][PASSED] - remID = substring(5, 35).trim(): null

2024-05-18 17:21:17 - [TEST_STEP][PASSED] - out.println("Remittance ID: " + remID): null

2024-05-18 17:21:17 - [TEST_STEP][PASSED] - traxID = substring(35, 55).trim(): null

2024-05-18 17:21:17 - [TEST_STEP][PASSED] - out.println("Transaction ID: " + traxID): null

2024-05-18 17:21:17 - [TEST_STEP][PASSED] - out.println("End Record Number: " + row): null

2024-05-18 17:21:17 - [TEST_STEP][PASSED] - closeBrowser(): Browser is closed

2024-05-18 17:21:18 - [MESSAGE][PASSED] - Browser is closed

2024-05-18 17:21:18 - [TEST_STEP][PASSED] - ExecuteTC = findTestData(dataFile).getValue("Execute", row): null

2024-05-18 17:21:18 - [TEST_STEP][PASSED] - out.println("Value of Execute is : " + ExecuteTC): null

2024-05-18 17:21:18 - [TEST_STEP][PASSED] - if (ExecuteTC.equalsIgnoreCase("Y")): Browser is closed

2024-05-18 17:21:18 - [TEST_STEP][PASSED] - out.println("Begin Record Number: " + row): null

2024-05-18 17:21:18 - [TEST_STEP][PASSED] - today = new java.util.Date(): null

2024-05-18 17:21:18 - [TEST_STEP][PASSED] - println(today): null

2024-05-18 17:21:18 - [TEST_STEP][PASSED] - datText = today: null

2024-05-18 17:21:18 - [TEST_STEP][PASSED] - openBrowser(VLinkURL + "authcap.html"): Browser is opened with url: 'https://dev-algorithm.govolution.com/vlinktest/QA2/version_2_0/authcap.html'

2024-05-18 17:21:18 - [MESSAGE][INFO] - Starting 'Chrome' driver

2024-05-18 17:21:18 - [MESSAGE][INFO] - User set preference: ['acceptInsecureCerts', 'true']

2024-05-18 17:21:18 - [MESSAGE][INFO] - Action delay is set to 0 milliseconds

2024-05-18 17:21:20 - [MESSAGE][PASSED] - Browser is opened with url: 'https://dev-algorithm.govolution.com/vlinktest/QA2/version_2_0/authcap.html'

2024-05-18 17:21:20 - [TEST_STEP][PASSED] - maximizeWindow(): Current window maximized

2024-05-18 17:21:21 - [MESSAGE][PASSED] - Current window maximized

2024-05-18 17:21:21 - [TEST_STEP][PASSED] - vlinkPages.saleCCPage.setDataSCC(row, dataFile): vlinkPages.saleCCPage.setDataSCC is PASSED

2024-05-18 17:21:24 - [MESSAGE][PASSED] - Object 'Object Repository/VLink/Page_CCSale/txt_CardNumber' is present

2024-05-18 17:21:24 - [MESSAGE][PASSED] - Text '104' is set on object 'Object Repository/VLink/Page_CCSale/txt_TransactionType'

2024-05-18 17:21:25 - [MESSAGE][PASSED] - Text '2.0C' is set on object 'Object Repository/VLink/Page_CCSale/txt_MessageVersion'

2024-05-18 17:21:26 - [MESSAGE][PASSED] - Text 'URq5IdaFIJbT' is set on object 'Object Repository/VLink/Page_CCSale/txt_RemID'

2024-05-18 17:21:26 - [MESSAGE][PASSED] - Text '115' is set on object 'Object Repository/VLink/Page_CCSale/txt_ApplicationId'

2024-05-18 17:21:27 - [MESSAGE][PASSED] - Text 'username' is set on object 'Object Repository/VLink/Page_CCSale/txt_Username'

2024-05-18 17:21:28 - [MESSAGE][PASSED] - Text 'password' is set on object 'Object Repository/VLink/Page_CCSale/txt_Password'

2024-05-18 17:21:29 - [MESSAGE][PASSED] - Text 'fixed_width' is set on object 'Object Repository/VLink/Page_CCSale/txt_ResponseFormat'

2024-05-18 17:21:29 - [MESSAGE][PASSED] - Text 'MOTO' is set on object 'Object Repository/VLink/Page_CCSale/txt_Category'

2024-05-18 17:21:30 - [MESSAGE][PASSED] - Text '' is set on object 'Object Repository/VLink/Page_CCSale/txt_TransactionID'

2024-05-18 17:21:31 - [MESSAGE][PASSED] - Text '' is set on object 'Object Repository/VLink/Page_CCSale/txt_ApprovalCode'

2024-05-18 17:21:31 - [MESSAGE][PASSED] - Text 'Brij Mohan' is set on object 'Object Repository/VLink/Page_CCSale/txt_CardName'

2024-05-18 17:21:32 - [MESSAGE][PASSED] - Text '96581 Manchin St' is set on object 'Object Repository/VLink/Page_CCSale/txt_AL1'

2024-05-18 17:21:33 - [MESSAGE][PASSED] - Text 'Suite 56' is set on object 'Object Repository/VLink/Page_CCSale/txt_AL2'

2024-05-18 17:21:34 - [MESSAGE][PASSED] - Text 'Arlington' is set on object 'Object Repository/VLink/Page_CCSale/txt_CardCity'

2024-05-18 17:21:34 - [MESSAGE][PASSED] - Text 'VA' is set on object 'Object Repository/VLink/Page_CCSale/txt_CardState'

2024-05-18 17:21:35 - [MESSAGE][PASSED] - Text '22201' is set on object 'Object Repository/VLink/Page_CCSale/txt_CardZIP'

2024-05-18 17:21:36 - [MESSAGE][PASSED] - Text '840' is set on object 'Object Repository/VLink/Page_CCSale/txt_CountryID'

2024-05-18 17:21:36 - [MESSAGE][PASSED] - Text '1.50' is set on object 'Object Repository/VLink/Page_CCSale/txt_Amount'

2024-05-18 17:21:37 - [MESSAGE][PASSED] - Text '6011000993026909' is set on object 'Object Repository/VLink/Page_CCSale/txt_CardNumber'

2024-05-18 17:21:38 - [MESSAGE][PASSED] - Text '12' is set on object 'Object Repository/VLink/Page_CCSale/txt_ExpMonth'

2024-05-18 17:21:39 - [MESSAGE][PASSED] - Text '2025' is set on object 'Object Repository/VLink/Page_CCSale/txt_ExpYear'

2024-05-18 17:21:39 - [MESSAGE][PASSED] - Text '' is set on object 'Object Repository/VLink/Page_CCSale/txt_CVV'

2024-05-18 17:21:40 - [MESSAGE][PASSED] - Text '' is set on object 'Object Repository/VLink/Page_CCSale/txt_CVVstate'

2024-05-18 17:21:41 - [MESSAGE][PASSED] - Text '' is set on object 'Object Repository/VLink/Page_CCSale/txt_TrackData'

2024-05-18 17:21:41 - [MESSAGE][PASSED] - Text '' is set on object 'Object Repository/VLink/Page_CCSale/txt_Track1Data'

2024-05-18 17:21:42 - [MESSAGE][PASSED] - Text '' is set on object 'Object Repository/VLink/Page_CCSale/txt_Track2Data'

2024-05-18 17:21:43 - [MESSAGE][PASSED] - Text 'manual' is set on object 'Object Repository/VLink/Page_CCSale/txt_POSEntryMode'

2024-05-18 17:21:43 - [MESSAGE][PASSED] - Text 'iahmed@govolution.com' is set on object 'Object Repository/VLink/Page_CCSale/txt_Email'

2024-05-18 17:21:44 - [MESSAGE][PASSED] - Text '2569362' is set on object 'Object Repository/VLink/Page_CCSale/txt_OrderNumber'

2024-05-18 17:21:45 - [MESSAGE][PASSED] - Text '1.15' is set on object 'Object Repository/VLink/Page_CCSale/txt_TaxAmount'

2024-05-18 17:21:45 - [MESSAGE][PASSED] - Text 'Charge Description' is set on object 'Object Repository/VLink/Page_CCSale/txt_ChargeDescription'

2024-05-18 17:21:46 - [MESSAGE][PASSED] - Text '147357' is set on object 'Object Repository/VLink/Page_CCSale/txt_CAN'

2024-05-18 17:21:47 - [MESSAGE][PASSED] - Text '1' is set on object 'Object Repository/VLink/Page_CCSale/txt_BillPaymentIndicator'

2024-05-18 17:21:47 - [MESSAGE][PASSED] - Text 'UDF Data 1' is set on object 'Object Repository/VLink/Page_CCSale/txt_UDF1'

2024-05-18 17:21:48 - [MESSAGE][PASSED] - Text 'UDF Data 2' is set on object 'Object Repository/VLink/Page_CCSale/txt_UDF2'

2024-05-18 17:21:49 - [MESSAGE][PASSED] - Text 'UDF Data 3' is set on object 'Object Repository/VLink/Page_CCSale/txt_UDF3'

2024-05-18 17:21:50 - [MESSAGE][PASSED] - Text 'UDF Data 4' is set on object 'Object Repository/VLink/Page_CCSale/txt_UDF4'

2024-05-18 17:21:50 - [MESSAGE][PASSED] - Text 'UDF Data 5' is set on object 'Object Repository/VLink/Page_CCSale/txt_UDF5'

2024-05-18 17:21:51 - [MESSAGE][PASSED] - Text 'UDF Data 6' is set on object 'Object Repository/VLink/Page_CCSale/txt_UDF6'

2024-05-18 17:21:52 - [MESSAGE][PASSED] - Text 'UDF Data 7' is set on object 'Object Repository/VLink/Page_CCSale/txt_UDF7'

2024-05-18 17:21:52 - [MESSAGE][PASSED] - Text 'UDF Data 8' is set on object 'Object Repository/VLink/Page_CCSale/txt_UDF8'

2024-05-18 17:21:53 - [MESSAGE][PASSED] - Text 'UDF Data 9' is set on object 'Object Repository/VLink/Page_CCSale/txt_UDF9'

2024-05-18 17:21:54 - [MESSAGE][PASSED] - Text 'UDF Data 10' is set on object 'Object Repository/VLink/Page_CCSale/txt_UDF10'

2024-05-18 17:21:55 - [MESSAGE][PASSED] - Object: 'Object Repository/VLink/Page_CCSale/btn_ProcessVLinkTransaction' is clicked on

2024-05-18 17:22:00 - [MESSAGE][PASSED] - vlinkPages.saleCCPage.setDataSCC is PASSED

2024-05-18 17:22:00 - [TEST_STEP][PASSED] - if (verifyTextPresent("Transaction approved, no errors", true)): null

2024-05-18 17:22:00 - [MESSAGE][PASSED] - Text 'Transaction approved, no errors' is present on page  using regular expression

2024-05-18 17:22:00 - [TEST_STEP][PASSED] - println("Transaction Approved, no errors text is present on the Confirmation page"): null

2024-05-18 17:22:00 - [TEST_STEP][PASSED] - out.println("Pass Record Number: " + row): null

2024-05-18 17:22:00 - [TEST_STEP][PASSED] - resText = "Pass": null

2024-05-18 17:22:00 - [TEST_STEP][PASSED] - pages.WriteExcel.demoKey(resText, datText, resColumn, datCloumn, fileLoc, nameSheet, row): pages.WriteExcel.demoKey is PASSED

2024-05-18 17:22:00 - [MESSAGE][PASSED] - pages.WriteExcel.demoKey is PASSED

2024-05-18 17:22:00 - [TEST_STEP][PASSED] - sdfo = getText(findTestObject("Object Repository/Page_VLinkReceipt/pre_STX")): Text of object 'Object Repository/Page_VLinkReceipt/pre_STX' is: '<STX>URq5IdaFIJbT                  12153351            0  Transaction approved, no errors                   0                                                                                  Y 096312   <ETX>'

2024-05-18 17:22:01 - [MESSAGE][PASSED] - Text of object 'Object Repository/Page_VLinkReceipt/pre_STX' is: '<STX>URq5IdaFIJbT                  12153351            0  Transaction approved, no errors                   0                                                                                  Y 096312   <ETX>'

2024-05-18 17:22:01 - [TEST_STEP][PASSED] - out.println("sdfo: " + sdfo): null

2024-05-18 17:22:01 - [TEST_STEP][PASSED] - remID = substring(5, 35).trim(): null

2024-05-18 17:22:01 - [TEST_STEP][PASSED] - out.println("Remittance ID: " + remID): null

2024-05-18 17:22:01 - [TEST_STEP][PASSED] - traxID = substring(35, 55).trim(): null

2024-05-18 17:22:01 - [TEST_STEP][PASSED] - out.println("Transaction ID: " + traxID): null

2024-05-18 17:22:01 - [TEST_STEP][PASSED] - out.println("End Record Number: " + row): null

2024-05-18 17:22:01 - [TEST_STEP][PASSED] - closeBrowser(): Browser is closed

2024-05-18 17:22:02 - [MESSAGE][PASSED] - Browser is closed

2024-05-18 17:22:02 - [TEST_STEP][PASSED] - ExecuteTC = findTestData(dataFile).getValue("Execute", row): null

2024-05-18 17:22:02 - [TEST_STEP][PASSED] - out.println("Value of Execute is : " + ExecuteTC): null

2024-05-18 17:22:02 - [TEST_STEP][PASSED] - if (ExecuteTC.equalsIgnoreCase("Y")): Browser is closed

2024-05-18 17:22:02 - [TEST_STEP][PASSED] - out.println("Begin Record Number: " + row): null

2024-05-18 17:22:02 - [TEST_STEP][PASSED] - today = new java.util.Date(): null

2024-05-18 17:22:02 - [TEST_STEP][PASSED] - println(today): null

2024-05-18 17:22:02 - [TEST_STEP][PASSED] - datText = today: null

2024-05-18 17:22:02 - [TEST_STEP][PASSED] - openBrowser(VLinkURL + "authcap.html"): Browser is opened with url: 'https://dev-algorithm.govolution.com/vlinktest/QA2/version_2_0/authcap.html'

2024-05-18 17:22:02 - [MESSAGE][INFO] - Starting 'Chrome' driver

2024-05-18 17:22:02 - [MESSAGE][INFO] - User set preference: ['acceptInsecureCerts', 'true']

2024-05-18 17:22:02 - [MESSAGE][INFO] - Action delay is set to 0 milliseconds

2024-05-18 17:22:04 - [MESSAGE][PASSED] - Browser is opened with url: 'https://dev-algorithm.govolution.com/vlinktest/QA2/version_2_0/authcap.html'

2024-05-18 17:22:04 - [TEST_STEP][PASSED] - maximizeWindow(): Current window maximized

2024-05-18 17:22:04 - [MESSAGE][PASSED] - Current window maximized

2024-05-18 17:22:04 - [TEST_STEP][PASSED] - vlinkPages.saleCCPage.setDataSCC(row, dataFile): vlinkPages.saleCCPage.setDataSCC is PASSED

2024-05-18 17:22:08 - [MESSAGE][PASSED] - Object 'Object Repository/VLink/Page_CCSale/txt_CardNumber' is present

2024-05-18 17:22:08 - [MESSAGE][PASSED] - Text '104' is set on object 'Object Repository/VLink/Page_CCSale/txt_TransactionType'

2024-05-18 17:22:09 - [MESSAGE][PASSED] - Text '2.0C' is set on object 'Object Repository/VLink/Page_CCSale/txt_MessageVersion'

2024-05-18 17:22:09 - [MESSAGE][PASSED] - Text 'qyUeTIBQQu7c' is set on object 'Object Repository/VLink/Page_CCSale/txt_RemID'

2024-05-18 17:22:10 - [MESSAGE][PASSED] - Text '115' is set on object 'Object Repository/VLink/Page_CCSale/txt_ApplicationId'

2024-05-18 17:22:11 - [MESSAGE][PASSED] - Text 'username' is set on object 'Object Repository/VLink/Page_CCSale/txt_Username'

2024-05-18 17:22:12 - [MESSAGE][PASSED] - Text 'password' is set on object 'Object Repository/VLink/Page_CCSale/txt_Password'

2024-05-18 17:22:12 - [MESSAGE][PASSED] - Text 'fixed_width' is set on object 'Object Repository/VLink/Page_CCSale/txt_ResponseFormat'

2024-05-18 17:22:13 - [MESSAGE][PASSED] - Text 'RETL' is set on object 'Object Repository/VLink/Page_CCSale/txt_Category'

2024-05-18 17:22:14 - [MESSAGE][PASSED] - Text '' is set on object 'Object Repository/VLink/Page_CCSale/txt_TransactionID'

2024-05-18 17:22:14 - [MESSAGE][PASSED] - Text '' is set on object 'Object Repository/VLink/Page_CCSale/txt_ApprovalCode'

2024-05-18 17:22:15 - [MESSAGE][PASSED] - Text 'Brij Mohan' is set on object 'Object Repository/VLink/Page_CCSale/txt_CardName'

2024-05-18 17:22:16 - [MESSAGE][PASSED] - Text '96581 Manchin St' is set on object 'Object Repository/VLink/Page_CCSale/txt_AL1'

2024-05-18 17:22:16 - [MESSAGE][PASSED] - Text 'Suite 56' is set on object 'Object Repository/VLink/Page_CCSale/txt_AL2'

2024-05-18 17:22:17 - [MESSAGE][PASSED] - Text 'Arlington' is set on object 'Object Repository/VLink/Page_CCSale/txt_CardCity'

2024-05-18 17:22:18 - [MESSAGE][PASSED] - Text 'VA' is set on object 'Object Repository/VLink/Page_CCSale/txt_CardState'

2024-05-18 17:22:19 - [MESSAGE][PASSED] - Text '22201' is set on object 'Object Repository/VLink/Page_CCSale/txt_CardZIP'

2024-05-18 17:22:19 - [MESSAGE][PASSED] - Text '840' is set on object 'Object Repository/VLink/Page_CCSale/txt_CountryID'

2024-05-18 17:22:20 - [MESSAGE][PASSED] - Text '1.50' is set on object 'Object Repository/VLink/Page_CCSale/txt_Amount'

2024-05-18 17:22:21 - [MESSAGE][PASSED] - Text '6011000993026909' is set on object 'Object Repository/VLink/Page_CCSale/txt_CardNumber'

2024-05-18 17:22:21 - [MESSAGE][PASSED] - Text '12' is set on object 'Object Repository/VLink/Page_CCSale/txt_ExpMonth'

2024-05-18 17:22:22 - [MESSAGE][PASSED] - Text '2025' is set on object 'Object Repository/VLink/Page_CCSale/txt_ExpYear'

2024-05-18 17:22:23 - [MESSAGE][PASSED] - Text '' is set on object 'Object Repository/VLink/Page_CCSale/txt_CVV'

2024-05-18 17:22:23 - [MESSAGE][PASSED] - Text '' is set on object 'Object Repository/VLink/Page_CCSale/txt_CVVstate'

2024-05-18 17:22:24 - [MESSAGE][PASSED] - Text '' is set on object 'Object Repository/VLink/Page_CCSale/txt_TrackData'

2024-05-18 17:22:25 - [MESSAGE][PASSED] - Text '' is set on object 'Object Repository/VLink/Page_CCSale/txt_Track1Data'

2024-05-18 17:22:26 - [MESSAGE][PASSED] - Text '' is set on object 'Object Repository/VLink/Page_CCSale/txt_Track2Data'

2024-05-18 17:22:26 - [MESSAGE][PASSED] - Text 'manual' is set on object 'Object Repository/VLink/Page_CCSale/txt_POSEntryMode'

2024-05-18 17:22:27 - [MESSAGE][PASSED] - Text 'iahmed@govolution.com' is set on object 'Object Repository/VLink/Page_CCSale/txt_Email'

2024-05-18 17:22:28 - [MESSAGE][PASSED] - Text '2569362' is set on object 'Object Repository/VLink/Page_CCSale/txt_OrderNumber'

2024-05-18 17:22:28 - [MESSAGE][PASSED] - Text '1.15' is set on object 'Object Repository/VLink/Page_CCSale/txt_TaxAmount'

2024-05-18 17:22:29 - [MESSAGE][PASSED] - Text 'Charge Description' is set on object 'Object Repository/VLink/Page_CCSale/txt_ChargeDescription'

2024-05-18 17:22:30 - [MESSAGE][PASSED] - Text '147357' is set on object 'Object Repository/VLink/Page_CCSale/txt_CAN'

2024-05-18 17:22:30 - [MESSAGE][PASSED] - Text '1' is set on object 'Object Repository/VLink/Page_CCSale/txt_BillPaymentIndicator'

2024-05-18 17:22:31 - [MESSAGE][PASSED] - Text 'UDF Data 1' is set on object 'Object Repository/VLink/Page_CCSale/txt_UDF1'

2024-05-18 17:22:32 - [MESSAGE][PASSED] - Text 'UDF Data 2' is set on object 'Object Repository/VLink/Page_CCSale/txt_UDF2'

2024-05-18 17:22:33 - [MESSAGE][PASSED] - Text 'UDF Data 3' is set on object 'Object Repository/VLink/Page_CCSale/txt_UDF3'

2024-05-18 17:22:33 - [MESSAGE][PASSED] - Text 'UDF Data 4' is set on object 'Object Repository/VLink/Page_CCSale/txt_UDF4'

2024-05-18 17:22:34 - [MESSAGE][PASSED] - Text 'UDF Data 5' is set on object 'Object Repository/VLink/Page_CCSale/txt_UDF5'

2024-05-18 17:22:35 - [MESSAGE][PASSED] - Text 'UDF Data 6' is set on object 'Object Repository/VLink/Page_CCSale/txt_UDF6'

2024-05-18 17:22:35 - [MESSAGE][PASSED] - Text 'UDF Data 7' is set on object 'Object Repository/VLink/Page_CCSale/txt_UDF7'

2024-05-18 17:22:36 - [MESSAGE][PASSED] - Text 'UDF Data 8' is set on object 'Object Repository/VLink/Page_CCSale/txt_UDF8'

2024-05-18 17:22:37 - [MESSAGE][PASSED] - Text 'UDF Data 9' is set on object 'Object Repository/VLink/Page_CCSale/txt_UDF9'

2024-05-18 17:22:38 - [MESSAGE][PASSED] - Text 'UDF Data 10' is set on object 'Object Repository/VLink/Page_CCSale/txt_UDF10'

2024-05-18 17:22:39 - [MESSAGE][PASSED] - Object: 'Object Repository/VLink/Page_CCSale/btn_ProcessVLinkTransaction' is clicked on

2024-05-18 17:22:44 - [MESSAGE][PASSED] - vlinkPages.saleCCPage.setDataSCC is PASSED

2024-05-18 17:22:44 - [TEST_STEP][PASSED] - if (verifyTextPresent("Transaction approved, no errors", true)): null

2024-05-18 17:22:44 - [MESSAGE][PASSED] - Text 'Transaction approved, no errors' is present on page  using regular expression

2024-05-18 17:22:44 - [TEST_STEP][PASSED] - println("Transaction Approved, no errors text is present on the Confirmation page"): null

2024-05-18 17:22:44 - [TEST_STEP][PASSED] - out.println("Pass Record Number: " + row): null

2024-05-18 17:22:44 - [TEST_STEP][PASSED] - resText = "Pass": null

2024-05-18 17:22:44 - [TEST_STEP][PASSED] - pages.WriteExcel.demoKey(resText, datText, resColumn, datCloumn, fileLoc, nameSheet, row): pages.WriteExcel.demoKey is PASSED

2024-05-18 17:22:44 - [MESSAGE][PASSED] - pages.WriteExcel.demoKey is PASSED

2024-05-18 17:22:44 - [TEST_STEP][PASSED] - sdfo = getText(findTestObject("Object Repository/Page_VLinkReceipt/pre_STX")): Text of object 'Object Repository/Page_VLinkReceipt/pre_STX' is: '<STX>qyUeTIBQQu7c                  12153352            0  Transaction approved, no errors                   0                                                                                  N 096314   <ETX>'

2024-05-18 17:22:45 - [MESSAGE][PASSED] - Text of object 'Object Repository/Page_VLinkReceipt/pre_STX' is: '<STX>qyUeTIBQQu7c                  12153352            0  Transaction approved, no errors                   0                                                                                  N 096314   <ETX>'

2024-05-18 17:22:45 - [TEST_STEP][PASSED] - out.println("sdfo: " + sdfo): null

2024-05-18 17:22:45 - [TEST_STEP][PASSED] - remID = substring(5, 35).trim(): null

2024-05-18 17:22:45 - [TEST_STEP][PASSED] - out.println("Remittance ID: " + remID): null

2024-05-18 17:22:45 - [TEST_STEP][PASSED] - traxID = substring(35, 55).trim(): null

2024-05-18 17:22:45 - [TEST_STEP][PASSED] - out.println("Transaction ID: " + traxID): null

2024-05-18 17:22:45 - [TEST_STEP][PASSED] - out.println("End Record Number: " + row): null

2024-05-18 17:22:45 - [TEST_STEP][PASSED] - closeBrowser(): Browser is closed

2024-05-18 17:22:46 - [MESSAGE][PASSED] - Browser is closed

2024-05-18 17:22:46 - [TEST_STEP][PASSED] - ExecuteTC = findTestData(dataFile).getValue("Execute", row): null

2024-05-18 17:22:46 - [TEST_STEP][PASSED] - out.println("Value of Execute is : " + ExecuteTC): null

2024-05-18 17:22:46 - [TEST_STEP][PASSED] - if (ExecuteTC.equalsIgnoreCase("Y")): Browser is closed

2024-05-18 17:22:46 - [TEST_STEP][PASSED] - out.println("Begin Record Number: " + row): null

2024-05-18 17:22:46 - [TEST_STEP][PASSED] - today = new java.util.Date(): null

2024-05-18 17:22:46 - [TEST_STEP][PASSED] - println(today): null

2024-05-18 17:22:46 - [TEST_STEP][PASSED] - datText = today: null

2024-05-18 17:22:46 - [TEST_STEP][PASSED] - openBrowser(VLinkURL + "authcap.html"): Browser is opened with url: 'https://dev-algorithm.govolution.com/vlinktest/QA2/version_2_0/authcap.html'

2024-05-18 17:22:46 - [MESSAGE][INFO] - Starting 'Chrome' driver

2024-05-18 17:22:46 - [MESSAGE][INFO] - User set preference: ['acceptInsecureCerts', 'true']

2024-05-18 17:22:46 - [MESSAGE][INFO] - Action delay is set to 0 milliseconds

2024-05-18 17:22:48 - [MESSAGE][PASSED] - Browser is opened with url: 'https://dev-algorithm.govolution.com/vlinktest/QA2/version_2_0/authcap.html'

2024-05-18 17:22:48 - [TEST_STEP][PASSED] - maximizeWindow(): Current window maximized

2024-05-18 17:22:48 - [MESSAGE][PASSED] - Current window maximized

2024-05-18 17:22:48 - [TEST_STEP][PASSED] - vlinkPages.saleCCPage.setDataSCC(row, dataFile): vlinkPages.saleCCPage.setDataSCC is PASSED

2024-05-18 17:22:51 - [MESSAGE][PASSED] - Object 'Object Repository/VLink/Page_CCSale/txt_CardNumber' is present

2024-05-18 17:22:52 - [MESSAGE][PASSED] - Text '104' is set on object 'Object Repository/VLink/Page_CCSale/txt_TransactionType'

2024-05-18 17:22:53 - [MESSAGE][PASSED] - Text '2.0C' is set on object 'Object Repository/VLink/Page_CCSale/txt_MessageVersion'

2024-05-18 17:22:53 - [MESSAGE][PASSED] - Text 'pLCQR4DrIHui' is set on object 'Object Repository/VLink/Page_CCSale/txt_RemID'

2024-05-18 17:22:54 - [MESSAGE][PASSED] - Text '107' is set on object 'Object Repository/VLink/Page_CCSale/txt_ApplicationId'

2024-05-18 17:22:55 - [MESSAGE][PASSED] - Text 'username' is set on object 'Object Repository/VLink/Page_CCSale/txt_Username'

2024-05-18 17:22:55 - [MESSAGE][PASSED] - Text 'password' is set on object 'Object Repository/VLink/Page_CCSale/txt_Password'

2024-05-18 17:22:56 - [MESSAGE][PASSED] - Text 'fixed_width' is set on object 'Object Repository/VLink/Page_CCSale/txt_ResponseFormat'

2024-05-18 17:22:57 - [MESSAGE][PASSED] - Text 'ECOM' is set on object 'Object Repository/VLink/Page_CCSale/txt_Category'

2024-05-18 17:22:57 - [MESSAGE][PASSED] - Text '' is set on object 'Object Repository/VLink/Page_CCSale/txt_TransactionID'

2024-05-18 17:22:58 - [MESSAGE][PASSED] - Text '' is set on object 'Object Repository/VLink/Page_CCSale/txt_ApprovalCode'

2024-05-18 17:22:59 - [MESSAGE][PASSED] - Text 'Brij Mohan' is set on object 'Object Repository/VLink/Page_CCSale/txt_CardName'

2024-05-18 17:23:00 - [MESSAGE][PASSED] - Text '96581 Manchin St' is set on object 'Object Repository/VLink/Page_CCSale/txt_AL1'

2024-05-18 17:23:00 - [MESSAGE][PASSED] - Text 'Suite 56' is set on object 'Object Repository/VLink/Page_CCSale/txt_AL2'

2024-05-18 17:23:01 - [MESSAGE][PASSED] - Text 'Arlington' is set on object 'Object Repository/VLink/Page_CCSale/txt_CardCity'

2024-05-18 17:23:02 - [MESSAGE][PASSED] - Text 'VA' is set on object 'Object Repository/VLink/Page_CCSale/txt_CardState'

2024-05-18 17:23:02 - [MESSAGE][PASSED] - Text '22201' is set on object 'Object Repository/VLink/Page_CCSale/txt_CardZIP'

2024-05-18 17:23:03 - [MESSAGE][PASSED] - Text '840' is set on object 'Object Repository/VLink/Page_CCSale/txt_CountryID'

2024-05-18 17:23:04 - [MESSAGE][PASSED] - Text '1.50' is set on object 'Object Repository/VLink/Page_CCSale/txt_Amount'

2024-05-18 17:23:05 - [MESSAGE][PASSED] - Text '4012000098765439' is set on object 'Object Repository/VLink/Page_CCSale/txt_CardNumber'

2024-05-18 17:23:05 - [MESSAGE][PASSED] - Text '12' is set on object 'Object Repository/VLink/Page_CCSale/txt_ExpMonth'

2024-05-18 17:23:06 - [MESSAGE][PASSED] - Text '2025' is set on object 'Object Repository/VLink/Page_CCSale/txt_ExpYear'

2024-05-18 17:23:07 - [MESSAGE][PASSED] - Text '' is set on object 'Object Repository/VLink/Page_CCSale/txt_CVV'

2024-05-18 17:23:07 - [MESSAGE][PASSED] - Text '' is set on object 'Object Repository/VLink/Page_CCSale/txt_CVVstate'

2024-05-18 17:23:08 - [MESSAGE][PASSED] - Text '' is set on object 'Object Repository/VLink/Page_CCSale/txt_TrackData'

2024-05-18 17:23:09 - [MESSAGE][PASSED] - Text '' is set on object 'Object Repository/VLink/Page_CCSale/txt_Track1Data'

2024-05-18 17:23:09 - [MESSAGE][PASSED] - Text '' is set on object 'Object Repository/VLink/Page_CCSale/txt_Track2Data'

2024-05-18 17:23:10 - [MESSAGE][PASSED] - Text 'manual' is set on object 'Object Repository/VLink/Page_CCSale/txt_POSEntryMode'

2024-05-18 17:23:11 - [MESSAGE][PASSED] - Text 'iahmed@govolution.com' is set on object 'Object Repository/VLink/Page_CCSale/txt_Email'

2024-05-18 17:23:11 - [MESSAGE][PASSED] - Text '2569362' is set on object 'Object Repository/VLink/Page_CCSale/txt_OrderNumber'

2024-05-18 17:23:12 - [MESSAGE][PASSED] - Text '1.15' is set on object 'Object Repository/VLink/Page_CCSale/txt_TaxAmount'

2024-05-18 17:23:13 - [MESSAGE][PASSED] - Text 'Charge Description' is set on object 'Object Repository/VLink/Page_CCSale/txt_ChargeDescription'

2024-05-18 17:23:14 - [MESSAGE][PASSED] - Text '147357' is set on object 'Object Repository/VLink/Page_CCSale/txt_CAN'

2024-05-18 17:23:14 - [MESSAGE][PASSED] - Text '1' is set on object 'Object Repository/VLink/Page_CCSale/txt_BillPaymentIndicator'

2024-05-18 17:23:15 - [MESSAGE][PASSED] - Text 'UDF Data 1' is set on object 'Object Repository/VLink/Page_CCSale/txt_UDF1'

2024-05-18 17:23:16 - [MESSAGE][PASSED] - Text 'UDF Data 2' is set on object 'Object Repository/VLink/Page_CCSale/txt_UDF2'

2024-05-18 17:23:16 - [MESSAGE][PASSED] - Text 'UDF Data 3' is set on object 'Object Repository/VLink/Page_CCSale/txt_UDF3'

2024-05-18 17:23:17 - [MESSAGE][PASSED] - Text 'UDF Data 4' is set on object 'Object Repository/VLink/Page_CCSale/txt_UDF4'

2024-05-18 17:23:18 - [MESSAGE][PASSED] - Text 'UDF Data 5' is set on object 'Object Repository/VLink/Page_CCSale/txt_UDF5'

2024-05-18 17:23:18 - [MESSAGE][PASSED] - Text 'UDF Data 6' is set on object 'Object Repository/VLink/Page_CCSale/txt_UDF6'

2024-05-18 17:23:19 - [MESSAGE][PASSED] - Text 'UDF Data 7' is set on object 'Object Repository/VLink/Page_CCSale/txt_UDF7'

2024-05-18 17:23:20 - [MESSAGE][PASSED] - Text 'UDF Data 8' is set on object 'Object Repository/VLink/Page_CCSale/txt_UDF8'

2024-05-18 17:23:20 - [MESSAGE][PASSED] - Text 'UDF Data 9' is set on object 'Object Repository/VLink/Page_CCSale/txt_UDF9'

2024-05-18 17:23:21 - [MESSAGE][PASSED] - Text 'UDF Data 10' is set on object 'Object Repository/VLink/Page_CCSale/txt_UDF10'

2024-05-18 17:23:23 - [MESSAGE][PASSED] - Object: 'Object Repository/VLink/Page_CCSale/btn_ProcessVLinkTransaction' is clicked on

2024-05-18 17:23:28 - [MESSAGE][PASSED] - vlinkPages.saleCCPage.setDataSCC is PASSED

2024-05-18 17:23:28 - [TEST_STEP][PASSED] - if (verifyTextPresent("Transaction approved, no errors", true)): null

2024-05-18 17:23:28 - [MESSAGE][PASSED] - Text 'Transaction approved, no errors' is present on page  using regular expression

2024-05-18 17:23:28 - [TEST_STEP][PASSED] - println("Transaction Approved, no errors text is present on the Confirmation page"): null

2024-05-18 17:23:28 - [TEST_STEP][PASSED] - out.println("Pass Record Number: " + row): null

2024-05-18 17:23:28 - [TEST_STEP][PASSED] - resText = "Pass": null

2024-05-18 17:23:28 - [TEST_STEP][PASSED] - pages.WriteExcel.demoKey(resText, datText, resColumn, datCloumn, fileLoc, nameSheet, row): pages.WriteExcel.demoKey is PASSED

2024-05-18 17:23:28 - [MESSAGE][PASSED] - pages.WriteExcel.demoKey is PASSED

2024-05-18 17:23:28 - [TEST_STEP][PASSED] - sdfo = getText(findTestObject("Object Repository/Page_VLinkReceipt/pre_STX")): Text of object 'Object Repository/Page_VLinkReceipt/pre_STX' is: '<STX>pLCQR4DrIHui                  12153353            0  Transaction approved, no errors                   0                                                                                  N TAS034   <ETX>'

2024-05-18 17:23:28 - [MESSAGE][PASSED] - Text of object 'Object Repository/Page_VLinkReceipt/pre_STX' is: '<STX>pLCQR4DrIHui                  12153353            0  Transaction approved, no errors                   0                                                                                  N TAS034   <ETX>'

2024-05-18 17:23:28 - [TEST_STEP][PASSED] - out.println("sdfo: " + sdfo): null

2024-05-18 17:23:28 - [TEST_STEP][PASSED] - remID = substring(5, 35).trim(): null

2024-05-18 17:23:28 - [TEST_STEP][PASSED] - out.println("Remittance ID: " + remID): null

2024-05-18 17:23:28 - [TEST_STEP][PASSED] - traxID = substring(35, 55).trim(): null

2024-05-18 17:23:28 - [TEST_STEP][PASSED] - out.println("Transaction ID: " + traxID): null

2024-05-18 17:23:28 - [TEST_STEP][PASSED] - out.println("End Record Number: " + row): null

2024-05-18 17:23:28 - [TEST_STEP][PASSED] - closeBrowser(): Browser is closed

2024-05-18 17:23:30 - [MESSAGE][PASSED] - Browser is closed

2024-05-18 17:23:30 - [TEST_STEP][PASSED] - ExecuteTC = findTestData(dataFile).getValue("Execute", row): null

2024-05-18 17:23:30 - [TEST_STEP][PASSED] - out.println("Value of Execute is : " + ExecuteTC): null

2024-05-18 17:23:30 - [TEST_STEP][PASSED] - if (ExecuteTC.equalsIgnoreCase("Y")): Browser is closed

2024-05-18 17:23:30 - [TEST_STEP][PASSED] - out.println("Begin Record Number: " + row): null

2024-05-18 17:23:30 - [TEST_STEP][PASSED] - today = new java.util.Date(): null

2024-05-18 17:23:30 - [TEST_STEP][PASSED] - println(today): null

2024-05-18 17:23:30 - [TEST_STEP][PASSED] - datText = today: null

2024-05-18 17:23:30 - [TEST_STEP][PASSED] - openBrowser(VLinkURL + "authcap.html"): Browser is opened with url: 'https://dev-algorithm.govolution.com/vlinktest/QA2/version_2_0/authcap.html'

2024-05-18 17:23:30 - [MESSAGE][INFO] - Starting 'Chrome' driver

2024-05-18 17:23:30 - [MESSAGE][INFO] - User set preference: ['acceptInsecureCerts', 'true']

2024-05-18 17:23:30 - [MESSAGE][INFO] - Action delay is set to 0 milliseconds

2024-05-18 17:23:32 - [MESSAGE][PASSED] - Browser is opened with url: 'https://dev-algorithm.govolution.com/vlinktest/QA2/version_2_0/authcap.html'

2024-05-18 17:23:32 - [TEST_STEP][PASSED] - maximizeWindow(): Current window maximized

2024-05-18 17:23:32 - [MESSAGE][PASSED] - Current window maximized

2024-05-18 17:23:32 - [TEST_STEP][PASSED] - vlinkPages.saleCCPage.setDataSCC(row, dataFile): vlinkPages.saleCCPage.setDataSCC is PASSED

2024-05-18 17:23:35 - [MESSAGE][PASSED] - Object 'Object Repository/VLink/Page_CCSale/txt_CardNumber' is present

2024-05-18 17:23:36 - [MESSAGE][PASSED] - Text '104' is set on object 'Object Repository/VLink/Page_CCSale/txt_TransactionType'

2024-05-18 17:23:36 - [MESSAGE][PASSED] - Text '2.0C' is set on object 'Object Repository/VLink/Page_CCSale/txt_MessageVersion'

2024-05-18 17:23:37 - [MESSAGE][PASSED] - Text 'Tb8YGvS4wlsi' is set on object 'Object Repository/VLink/Page_CCSale/txt_RemID'

2024-05-18 17:23:38 - [MESSAGE][PASSED] - Text '107' is set on object 'Object Repository/VLink/Page_CCSale/txt_ApplicationId'

2024-05-18 17:23:38 - [MESSAGE][PASSED] - Text 'username' is set on object 'Object Repository/VLink/Page_CCSale/txt_Username'

2024-05-18 17:23:39 - [MESSAGE][PASSED] - Text 'password' is set on object 'Object Repository/VLink/Page_CCSale/txt_Password'

2024-05-18 17:23:40 - [MESSAGE][PASSED] - Text 'fixed_width' is set on object 'Object Repository/VLink/Page_CCSale/txt_ResponseFormat'

2024-05-18 17:23:40 - [MESSAGE][PASSED] - Text 'MOTO' is set on object 'Object Repository/VLink/Page_CCSale/txt_Category'

2024-05-18 17:23:41 - [MESSAGE][PASSED] - Text '' is set on object 'Object Repository/VLink/Page_CCSale/txt_TransactionID'

2024-05-18 17:23:42 - [MESSAGE][PASSED] - Text '' is set on object 'Object Repository/VLink/Page_CCSale/txt_ApprovalCode'

2024-05-18 17:23:42 - [MESSAGE][PASSED] - Text 'Brij Mohan' is set on object 'Object Repository/VLink/Page_CCSale/txt_CardName'

2024-05-18 17:23:43 - [MESSAGE][PASSED] - Text '96581 Manchin St' is set on object 'Object Repository/VLink/Page_CCSale/txt_AL1'

2024-05-18 17:23:44 - [MESSAGE][PASSED] - Text 'Suite 56' is set on object 'Object Repository/VLink/Page_CCSale/txt_AL2'

2024-05-18 17:23:45 - [MESSAGE][PASSED] - Text 'Arlington' is set on object 'Object Repository/VLink/Page_CCSale/txt_CardCity'

2024-05-18 17:23:45 - [MESSAGE][PASSED] - Text 'VA' is set on object 'Object Repository/VLink/Page_CCSale/txt_CardState'

2024-05-18 17:23:46 - [MESSAGE][PASSED] - Text '22201' is set on object 'Object Repository/VLink/Page_CCSale/txt_CardZIP'

2024-05-18 17:23:47 - [MESSAGE][PASSED] - Text '840' is set on object 'Object Repository/VLink/Page_CCSale/txt_CountryID'

2024-05-18 17:23:48 - [MESSAGE][PASSED] - Text '1.50' is set on object 'Object Repository/VLink/Page_CCSale/txt_Amount'

2024-05-18 17:23:48 - [MESSAGE][PASSED] - Text '4012000098765439' is set on object 'Object Repository/VLink/Page_CCSale/txt_CardNumber'

2024-05-18 17:23:49 - [MESSAGE][PASSED] - Text '12' is set on object 'Object Repository/VLink/Page_CCSale/txt_ExpMonth'

2024-05-18 17:23:50 - [MESSAGE][PASSED] - Text '2025' is set on object 'Object Repository/VLink/Page_CCSale/txt_ExpYear'

2024-05-18 17:23:50 - [MESSAGE][PASSED] - Text '' is set on object 'Object Repository/VLink/Page_CCSale/txt_CVV'

2024-05-18 17:23:51 - [MESSAGE][PASSED] - Text '' is set on object 'Object Repository/VLink/Page_CCSale/txt_CVVstate'

2024-05-18 17:23:52 - [MESSAGE][PASSED] - Text '' is set on object 'Object Repository/VLink/Page_CCSale/txt_TrackData'

2024-05-18 17:23:52 - [MESSAGE][PASSED] - Text '' is set on object 'Object Repository/VLink/Page_CCSale/txt_Track1Data'

2024-05-18 17:23:53 - [MESSAGE][PASSED] - Text '' is set on object 'Object Repository/VLink/Page_CCSale/txt_Track2Data'

2024-05-18 17:23:54 - [MESSAGE][PASSED] - Text 'manual' is set on object 'Object Repository/VLink/Page_CCSale/txt_POSEntryMode'

2024-05-18 17:23:54 - [MESSAGE][PASSED] - Text 'iahmed@govolution.com' is set on object 'Object Repository/VLink/Page_CCSale/txt_Email'

2024-05-18 17:23:55 - [MESSAGE][PASSED] - Text '2569362' is set on object 'Object Repository/VLink/Page_CCSale/txt_OrderNumber'

2024-05-18 17:23:56 - [MESSAGE][PASSED] - Text '1.15' is set on object 'Object Repository/VLink/Page_CCSale/txt_TaxAmount'

2024-05-18 17:23:57 - [MESSAGE][PASSED] - Text 'Charge Description' is set on object 'Object Repository/VLink/Page_CCSale/txt_ChargeDescription'

2024-05-18 17:23:57 - [MESSAGE][PASSED] - Text '147357' is set on object 'Object Repository/VLink/Page_CCSale/txt_CAN'

2024-05-18 17:23:58 - [MESSAGE][PASSED] - Text '1' is set on object 'Object Repository/VLink/Page_CCSale/txt_BillPaymentIndicator'

2024-05-18 17:23:59 - [MESSAGE][PASSED] - Text 'UDF Data 1' is set on object 'Object Repository/VLink/Page_CCSale/txt_UDF1'

2024-05-18 17:23:59 - [MESSAGE][PASSED] - Text 'UDF Data 2' is set on object 'Object Repository/VLink/Page_CCSale/txt_UDF2'

2024-05-18 17:24:00 - [MESSAGE][PASSED] - Text 'UDF Data 3' is set on object 'Object Repository/VLink/Page_CCSale/txt_UDF3'

2024-05-18 17:24:01 - [MESSAGE][PASSED] - Text 'UDF Data 4' is set on object 'Object Repository/VLink/Page_CCSale/txt_UDF4'

2024-05-18 17:24:02 - [MESSAGE][PASSED] - Text 'UDF Data 5' is set on object 'Object Repository/VLink/Page_CCSale/txt_UDF5'

2024-05-18 17:24:02 - [MESSAGE][PASSED] - Text 'UDF Data 6' is set on object 'Object Repository/VLink/Page_CCSale/txt_UDF6'

2024-05-18 17:24:03 - [MESSAGE][PASSED] - Text 'UDF Data 7' is set on object 'Object Repository/VLink/Page_CCSale/txt_UDF7'

2024-05-18 17:24:04 - [MESSAGE][PASSED] - Text 'UDF Data 8' is set on object 'Object Repository/VLink/Page_CCSale/txt_UDF8'

2024-05-18 17:24:04 - [MESSAGE][PASSED] - Text 'UDF Data 9' is set on object 'Object Repository/VLink/Page_CCSale/txt_UDF9'

2024-05-18 17:24:05 - [MESSAGE][PASSED] - Text 'UDF Data 10' is set on object 'Object Repository/VLink/Page_CCSale/txt_UDF10'

2024-05-18 17:24:06 - [MESSAGE][PASSED] - Object: 'Object Repository/VLink/Page_CCSale/btn_ProcessVLinkTransaction' is clicked on

2024-05-18 17:24:11 - [MESSAGE][PASSED] - vlinkPages.saleCCPage.setDataSCC is PASSED

2024-05-18 17:24:11 - [TEST_STEP][PASSED] - if (verifyTextPresent("Transaction approved, no errors", true)): null

2024-05-18 17:24:12 - [MESSAGE][PASSED] - Text 'Transaction approved, no errors' is present on page  using regular expression

2024-05-18 17:24:12 - [TEST_STEP][PASSED] - println("Transaction Approved, no errors text is present on the Confirmation page"): null

2024-05-18 17:24:12 - [TEST_STEP][PASSED] - out.println("Pass Record Number: " + row): null

2024-05-18 17:24:12 - [TEST_STEP][PASSED] - resText = "Pass": null

2024-05-18 17:24:12 - [TEST_STEP][PASSED] - pages.WriteExcel.demoKey(resText, datText, resColumn, datCloumn, fileLoc, nameSheet, row): pages.WriteExcel.demoKey is PASSED

2024-05-18 17:24:12 - [MESSAGE][PASSED] - pages.WriteExcel.demoKey is PASSED

2024-05-18 17:24:12 - [TEST_STEP][PASSED] - sdfo = getText(findTestObject("Object Repository/Page_VLinkReceipt/pre_STX")): Text of object 'Object Repository/Page_VLinkReceipt/pre_STX' is: '<STX>Tb8YGvS4wlsi                  12153354            0  Transaction approved, no errors                   0                                                                                  N TAS039   <ETX>'

2024-05-18 17:24:12 - [MESSAGE][PASSED] - Text of object 'Object Repository/Page_VLinkReceipt/pre_STX' is: '<STX>Tb8YGvS4wlsi                  12153354            0  Transaction approved, no errors                   0                                                                                  N TAS039   <ETX>'

2024-05-18 17:24:12 - [TEST_STEP][PASSED] - out.println("sdfo: " + sdfo): null

2024-05-18 17:24:12 - [TEST_STEP][PASSED] - remID = substring(5, 35).trim(): null

2024-05-18 17:24:12 - [TEST_STEP][PASSED] - out.println("Remittance ID: " + remID): null

2024-05-18 17:24:12 - [TEST_STEP][PASSED] - traxID = substring(35, 55).trim(): null

2024-05-18 17:24:12 - [TEST_STEP][PASSED] - out.println("Transaction ID: " + traxID): null

2024-05-18 17:24:12 - [TEST_STEP][PASSED] - out.println("End Record Number: " + row): null

2024-05-18 17:24:12 - [TEST_STEP][PASSED] - closeBrowser(): Browser is closed

2024-05-18 17:24:13 - [MESSAGE][PASSED] - Browser is closed

2024-05-18 17:24:13 - [TEST_STEP][PASSED] - ExecuteTC = findTestData(dataFile).getValue("Execute", row): null

2024-05-18 17:24:13 - [TEST_STEP][PASSED] - out.println("Value of Execute is : " + ExecuteTC): null

2024-05-18 17:24:13 - [TEST_STEP][PASSED] - if (ExecuteTC.equalsIgnoreCase("Y")): Browser is closed

2024-05-18 17:24:13 - [TEST_STEP][PASSED] - out.println("Begin Record Number: " + row): null

2024-05-18 17:24:13 - [TEST_STEP][PASSED] - today = new java.util.Date(): null

2024-05-18 17:24:13 - [TEST_STEP][PASSED] - println(today): null

2024-05-18 17:24:13 - [TEST_STEP][PASSED] - datText = today: null

2024-05-18 17:24:13 - [TEST_STEP][PASSED] - openBrowser(VLinkURL + "authcap.html"): Browser is opened with url: 'https://dev-algorithm.govolution.com/vlinktest/QA2/version_2_0/authcap.html'

2024-05-18 17:24:13 - [MESSAGE][INFO] - Starting 'Chrome' driver

2024-05-18 17:24:13 - [MESSAGE][INFO] - User set preference: ['acceptInsecureCerts', 'true']

2024-05-18 17:24:13 - [MESSAGE][INFO] - Action delay is set to 0 milliseconds

2024-05-18 17:24:15 - [MESSAGE][PASSED] - Browser is opened with url: 'https://dev-algorithm.govolution.com/vlinktest/QA2/version_2_0/authcap.html'

2024-05-18 17:24:15 - [TEST_STEP][PASSED] - maximizeWindow(): Current window maximized

2024-05-18 17:24:16 - [MESSAGE][PASSED] - Current window maximized

2024-05-18 17:24:16 - [TEST_STEP][PASSED] - vlinkPages.saleCCPage.setDataSCC(row, dataFile): vlinkPages.saleCCPage.setDataSCC is PASSED

2024-05-18 17:24:19 - [MESSAGE][PASSED] - Object 'Object Repository/VLink/Page_CCSale/txt_CardNumber' is present

2024-05-18 17:24:20 - [MESSAGE][PASSED] - Text '104' is set on object 'Object Repository/VLink/Page_CCSale/txt_TransactionType'

2024-05-18 17:24:20 - [MESSAGE][PASSED] - Text '2.0C' is set on object 'Object Repository/VLink/Page_CCSale/txt_MessageVersion'

2024-05-18 17:24:21 - [MESSAGE][PASSED] - Text 'cG7y2CTDeKXA' is set on object 'Object Repository/VLink/Page_CCSale/txt_RemID'

2024-05-18 17:24:22 - [MESSAGE][PASSED] - Text '107' is set on object 'Object Repository/VLink/Page_CCSale/txt_ApplicationId'

2024-05-18 17:24:22 - [MESSAGE][PASSED] - Text 'username' is set on object 'Object Repository/VLink/Page_CCSale/txt_Username'

2024-05-18 17:24:23 - [MESSAGE][PASSED] - Text 'password' is set on object 'Object Repository/VLink/Page_CCSale/txt_Password'

2024-05-18 17:24:24 - [MESSAGE][PASSED] - Text 'fixed_width' is set on object 'Object Repository/VLink/Page_CCSale/txt_ResponseFormat'

2024-05-18 17:24:24 - [MESSAGE][PASSED] - Text 'RETL' is set on object 'Object Repository/VLink/Page_CCSale/txt_Category'

2024-05-18 17:24:25 - [MESSAGE][PASSED] - Text '' is set on object 'Object Repository/VLink/Page_CCSale/txt_TransactionID'

2024-05-18 17:24:26 - [MESSAGE][PASSED] - Text '' is set on object 'Object Repository/VLink/Page_CCSale/txt_ApprovalCode'

2024-05-18 17:24:26 - [MESSAGE][PASSED] - Text 'Brij Mohan' is set on object 'Object Repository/VLink/Page_CCSale/txt_CardName'

2024-05-18 17:24:27 - [MESSAGE][PASSED] - Text '96581 Manchin St' is set on object 'Object Repository/VLink/Page_CCSale/txt_AL1'

2024-05-18 17:24:28 - [MESSAGE][PASSED] - Text 'Suite 56' is set on object 'Object Repository/VLink/Page_CCSale/txt_AL2'

2024-05-18 17:24:29 - [MESSAGE][PASSED] - Text 'Arlington' is set on object 'Object Repository/VLink/Page_CCSale/txt_CardCity'

2024-05-18 17:24:29 - [MESSAGE][PASSED] - Text 'VA' is set on object 'Object Repository/VLink/Page_CCSale/txt_CardState'

2024-05-18 17:24:30 - [MESSAGE][PASSED] - Text '22201' is set on object 'Object Repository/VLink/Page_CCSale/txt_CardZIP'

2024-05-18 17:24:31 - [MESSAGE][PASSED] - Text '840' is set on object 'Object Repository/VLink/Page_CCSale/txt_CountryID'

2024-05-18 17:24:32 - [MESSAGE][PASSED] - Text '1.50' is set on object 'Object Repository/VLink/Page_CCSale/txt_Amount'

2024-05-18 17:24:32 - [MESSAGE][PASSED] - Text '4012000098765439' is set on object 'Object Repository/VLink/Page_CCSale/txt_CardNumber'

2024-05-18 17:24:33 - [MESSAGE][PASSED] - Text '12' is set on object 'Object Repository/VLink/Page_CCSale/txt_ExpMonth'

2024-05-18 17:24:34 - [MESSAGE][PASSED] - Text '2025' is set on object 'Object Repository/VLink/Page_CCSale/txt_ExpYear'

2024-05-18 17:24:34 - [MESSAGE][PASSED] - Text '' is set on object 'Object Repository/VLink/Page_CCSale/txt_CVV'

2024-05-18 17:24:35 - [MESSAGE][PASSED] - Text '' is set on object 'Object Repository/VLink/Page_CCSale/txt_CVVstate'

2024-05-18 17:24:36 - [MESSAGE][PASSED] - Text '' is set on object 'Object Repository/VLink/Page_CCSale/txt_TrackData'

2024-05-18 17:24:37 - [MESSAGE][PASSED] - Text '' is set on object 'Object Repository/VLink/Page_CCSale/txt_Track1Data'

2024-05-18 17:24:37 - [MESSAGE][PASSED] - Text '' is set on object 'Object Repository/VLink/Page_CCSale/txt_Track2Data'

2024-05-18 17:24:38 - [MESSAGE][PASSED] - Text 'manual' is set on object 'Object Repository/VLink/Page_CCSale/txt_POSEntryMode'

2024-05-18 17:24:39 - [MESSAGE][PASSED] - Text 'iahmed@govolution.com' is set on object 'Object Repository/VLink/Page_CCSale/txt_Email'

2024-05-18 17:24:39 - [MESSAGE][PASSED] - Text '2569362' is set on object 'Object Repository/VLink/Page_CCSale/txt_OrderNumber'

2024-05-18 17:24:40 - [MESSAGE][PASSED] - Text '1.15' is set on object 'Object Repository/VLink/Page_CCSale/txt_TaxAmount'

2024-05-18 17:24:41 - [MESSAGE][PASSED] - Text 'Charge Description' is set on object 'Object Repository/VLink/Page_CCSale/txt_ChargeDescription'

2024-05-18 17:24:41 - [MESSAGE][PASSED] - Text '147357' is set on object 'Object Repository/VLink/Page_CCSale/txt_CAN'

2024-05-18 17:24:42 - [MESSAGE][PASSED] - Text '1' is set on object 'Object Repository/VLink/Page_CCSale/txt_BillPaymentIndicator'

2024-05-18 17:24:43 - [MESSAGE][PASSED] - Text 'UDF Data 1' is set on object 'Object Repository/VLink/Page_CCSale/txt_UDF1'

2024-05-18 17:24:44 - [MESSAGE][PASSED] - Text 'UDF Data 2' is set on object 'Object Repository/VLink/Page_CCSale/txt_UDF2'

2024-05-18 17:24:44 - [MESSAGE][PASSED] - Text 'UDF Data 3' is set on object 'Object Repository/VLink/Page_CCSale/txt_UDF3'

2024-05-18 17:24:45 - [MESSAGE][PASSED] - Text 'UDF Data 4' is set on object 'Object Repository/VLink/Page_CCSale/txt_UDF4'

2024-05-18 17:24:46 - [MESSAGE][PASSED] - Text 'UDF Data 5' is set on object 'Object Repository/VLink/Page_CCSale/txt_UDF5'

2024-05-18 17:24:46 - [MESSAGE][PASSED] - Text 'UDF Data 6' is set on object 'Object Repository/VLink/Page_CCSale/txt_UDF6'

2024-05-18 17:24:47 - [MESSAGE][PASSED] - Text 'UDF Data 7' is set on object 'Object Repository/VLink/Page_CCSale/txt_UDF7'

2024-05-18 17:24:48 - [MESSAGE][PASSED] - Text 'UDF Data 8' is set on object 'Object Repository/VLink/Page_CCSale/txt_UDF8'

2024-05-18 17:24:49 - [MESSAGE][PASSED] - Text 'UDF Data 9' is set on object 'Object Repository/VLink/Page_CCSale/txt_UDF9'

2024-05-18 17:24:49 - [MESSAGE][PASSED] - Text 'UDF Data 10' is set on object 'Object Repository/VLink/Page_CCSale/txt_UDF10'

2024-05-18 17:24:51 - [MESSAGE][PASSED] - Object: 'Object Repository/VLink/Page_CCSale/btn_ProcessVLinkTransaction' is clicked on

2024-05-18 17:24:56 - [MESSAGE][PASSED] - vlinkPages.saleCCPage.setDataSCC is PASSED

2024-05-18 17:24:56 - [TEST_STEP][PASSED] - if (verifyTextPresent("Transaction approved, no errors", true)): null

2024-05-18 17:24:56 - [MESSAGE][PASSED] - Text 'Transaction approved, no errors' is present on page  using regular expression

2024-05-18 17:24:56 - [TEST_STEP][PASSED] - println("Transaction Approved, no errors text is present on the Confirmation page"): null

2024-05-18 17:24:56 - [TEST_STEP][PASSED] - out.println("Pass Record Number: " + row): null

2024-05-18 17:24:56 - [TEST_STEP][PASSED] - resText = "Pass": null

2024-05-18 17:24:56 - [TEST_STEP][PASSED] - pages.WriteExcel.demoKey(resText, datText, resColumn, datCloumn, fileLoc, nameSheet, row): pages.WriteExcel.demoKey is PASSED

2024-05-18 17:24:56 - [MESSAGE][PASSED] - pages.WriteExcel.demoKey is PASSED

2024-05-18 17:24:56 - [TEST_STEP][PASSED] - sdfo = getText(findTestObject("Object Repository/Page_VLinkReceipt/pre_STX")): Text of object 'Object Repository/Page_VLinkReceipt/pre_STX' is: '<STX>cG7y2CTDeKXA                  12153355            0  Transaction approved, no errors                   0                                                                                  N TAS040   <ETX>'

2024-05-18 17:24:56 - [MESSAGE][PASSED] - Text of object 'Object Repository/Page_VLinkReceipt/pre_STX' is: '<STX>cG7y2CTDeKXA                  12153355            0  Transaction approved, no errors                   0                                                                                  N TAS040   <ETX>'

2024-05-18 17:24:56 - [TEST_STEP][PASSED] - out.println("sdfo: " + sdfo): null

2024-05-18 17:24:56 - [TEST_STEP][PASSED] - remID = substring(5, 35).trim(): null

2024-05-18 17:24:56 - [TEST_STEP][PASSED] - out.println("Remittance ID: " + remID): null

2024-05-18 17:24:56 - [TEST_STEP][PASSED] - traxID = substring(35, 55).trim(): null

2024-05-18 17:24:56 - [TEST_STEP][PASSED] - out.println("Transaction ID: " + traxID): null

2024-05-18 17:24:56 - [TEST_STEP][PASSED] - out.println("End Record Number: " + row): null

2024-05-18 17:24:56 - [TEST_STEP][PASSED] - closeBrowser(): Browser is closed

2024-05-18 17:24:58 - [MESSAGE][PASSED] - Browser is closed

2024-05-18 17:24:58 - [TEST_STEP][PASSED] - ExecuteTC = findTestData(dataFile).getValue("Execute", row): null

2024-05-18 17:24:58 - [TEST_STEP][PASSED] - out.println("Value of Execute is : " + ExecuteTC): null

2024-05-18 17:24:58 - [TEST_STEP][PASSED] - if (ExecuteTC.equalsIgnoreCase("Y")): Browser is closed

2024-05-18 17:24:58 - [TEST_STEP][PASSED] - out.println("Begin Record Number: " + row): null

2024-05-18 17:24:58 - [TEST_STEP][PASSED] - today = new java.util.Date(): null

2024-05-18 17:24:58 - [TEST_STEP][PASSED] - println(today): null

2024-05-18 17:24:58 - [TEST_STEP][PASSED] - datText = today: null

2024-05-18 17:24:58 - [TEST_STEP][PASSED] - openBrowser(VLinkURL + "authcap.html"): Browser is opened with url: 'https://dev-algorithm.govolution.com/vlinktest/QA2/version_2_0/authcap.html'

2024-05-18 17:24:58 - [MESSAGE][INFO] - Starting 'Chrome' driver

2024-05-18 17:24:58 - [MESSAGE][INFO] - User set preference: ['acceptInsecureCerts', 'true']

2024-05-18 17:24:58 - [MESSAGE][INFO] - Action delay is set to 0 milliseconds

2024-05-18 17:25:00 - [MESSAGE][PASSED] - Browser is opened with url: 'https://dev-algorithm.govolution.com/vlinktest/QA2/version_2_0/authcap.html'

2024-05-18 17:25:00 - [TEST_STEP][PASSED] - maximizeWindow(): Current window maximized

2024-05-18 17:25:00 - [MESSAGE][PASSED] - Current window maximized

2024-05-18 17:25:00 - [TEST_STEP][PASSED] - vlinkPages.saleCCPage.setDataSCC(row, dataFile): vlinkPages.saleCCPage.setDataSCC is PASSED

2024-05-18 17:25:03 - [MESSAGE][PASSED] - Object 'Object Repository/VLink/Page_CCSale/txt_CardNumber' is present

2024-05-18 17:25:04 - [MESSAGE][PASSED] - Text '104' is set on object 'Object Repository/VLink/Page_CCSale/txt_TransactionType'

2024-05-18 17:25:04 - [MESSAGE][PASSED] - Text '2.0C' is set on object 'Object Repository/VLink/Page_CCSale/txt_MessageVersion'

2024-05-18 17:25:05 - [MESSAGE][PASSED] - Text 'dItEYYvWjLhD' is set on object 'Object Repository/VLink/Page_CCSale/txt_RemID'

2024-05-18 17:25:06 - [MESSAGE][PASSED] - Text '107' is set on object 'Object Repository/VLink/Page_CCSale/txt_ApplicationId'

2024-05-18 17:25:06 - [MESSAGE][PASSED] - Text 'username' is set on object 'Object Repository/VLink/Page_CCSale/txt_Username'

2024-05-18 17:25:07 - [MESSAGE][PASSED] - Text 'password' is set on object 'Object Repository/VLink/Page_CCSale/txt_Password'

2024-05-18 17:25:08 - [MESSAGE][PASSED] - Text 'fixed_width' is set on object 'Object Repository/VLink/Page_CCSale/txt_ResponseFormat'

2024-05-18 17:25:08 - [MESSAGE][PASSED] - Text 'ECOM' is set on object 'Object Repository/VLink/Page_CCSale/txt_Category'

2024-05-18 17:25:09 - [MESSAGE][PASSED] - Text '' is set on object 'Object Repository/VLink/Page_CCSale/txt_TransactionID'

2024-05-18 17:25:10 - [MESSAGE][PASSED] - Text '' is set on object 'Object Repository/VLink/Page_CCSale/txt_ApprovalCode'

2024-05-18 17:25:10 - [MESSAGE][PASSED] - Text 'Brij Mohan' is set on object 'Object Repository/VLink/Page_CCSale/txt_CardName'

2024-05-18 17:25:11 - [MESSAGE][PASSED] - Text '96581 Manchin St' is set on object 'Object Repository/VLink/Page_CCSale/txt_AL1'

2024-05-18 17:25:12 - [MESSAGE][PASSED] - Text 'Suite 56' is set on object 'Object Repository/VLink/Page_CCSale/txt_AL2'

2024-05-18 17:25:13 - [MESSAGE][PASSED] - Text 'Arlington' is set on object 'Object Repository/VLink/Page_CCSale/txt_CardCity'

2024-05-18 17:25:13 - [MESSAGE][PASSED] - Text 'VA' is set on object 'Object Repository/VLink/Page_CCSale/txt_CardState'

2024-05-18 17:25:14 - [MESSAGE][PASSED] - Text '22201' is set on object 'Object Repository/VLink/Page_CCSale/txt_CardZIP'

2024-05-18 17:25:15 - [MESSAGE][PASSED] - Text '840' is set on object 'Object Repository/VLink/Page_CCSale/txt_CountryID'

2024-05-18 17:25:16 - [MESSAGE][PASSED] - Text '1.50' is set on object 'Object Repository/VLink/Page_CCSale/txt_Amount'

2024-05-18 17:25:16 - [MESSAGE][PASSED] - Text '5146312200000035' is set on object 'Object Repository/VLink/Page_CCSale/txt_CardNumber'

2024-05-18 17:25:17 - [MESSAGE][PASSED] - Text '12' is set on object 'Object Repository/VLink/Page_CCSale/txt_ExpMonth'

2024-05-18 17:25:18 - [MESSAGE][PASSED] - Text '2025' is set on object 'Object Repository/VLink/Page_CCSale/txt_ExpYear'

2024-05-18 17:25:18 - [MESSAGE][PASSED] - Text '' is set on object 'Object Repository/VLink/Page_CCSale/txt_CVV'

2024-05-18 17:25:19 - [MESSAGE][PASSED] - Text '' is set on object 'Object Repository/VLink/Page_CCSale/txt_CVVstate'

2024-05-18 17:25:20 - [MESSAGE][PASSED] - Text '' is set on object 'Object Repository/VLink/Page_CCSale/txt_TrackData'

2024-05-18 17:25:20 - [MESSAGE][PASSED] - Text '' is set on object 'Object Repository/VLink/Page_CCSale/txt_Track1Data'

2024-05-18 17:25:21 - [MESSAGE][PASSED] - Text '' is set on object 'Object Repository/VLink/Page_CCSale/txt_Track2Data'

2024-05-18 17:25:22 - [MESSAGE][PASSED] - Text 'manual' is set on object 'Object Repository/VLink/Page_CCSale/txt_POSEntryMode'

2024-05-18 17:25:22 - [MESSAGE][PASSED] - Text 'iahmed@govolution.com' is set on object 'Object Repository/VLink/Page_CCSale/txt_Email'

2024-05-18 17:25:23 - [MESSAGE][PASSED] - Text '2569362' is set on object 'Object Repository/VLink/Page_CCSale/txt_OrderNumber'

2024-05-18 17:25:24 - [MESSAGE][PASSED] - Text '1.15' is set on object 'Object Repository/VLink/Page_CCSale/txt_TaxAmount'

2024-05-18 17:25:25 - [MESSAGE][PASSED] - Text 'Charge Description' is set on object 'Object Repository/VLink/Page_CCSale/txt_ChargeDescription'

2024-05-18 17:25:25 - [MESSAGE][PASSED] - Text '147357' is set on object 'Object Repository/VLink/Page_CCSale/txt_CAN'

2024-05-18 17:25:26 - [MESSAGE][PASSED] - Text '1' is set on object 'Object Repository/VLink/Page_CCSale/txt_BillPaymentIndicator'

2024-05-18 17:25:27 - [MESSAGE][PASSED] - Text 'UDF Data 1' is set on object 'Object Repository/VLink/Page_CCSale/txt_UDF1'

2024-05-18 17:25:27 - [MESSAGE][PASSED] - Text 'UDF Data 2' is set on object 'Object Repository/VLink/Page_CCSale/txt_UDF2'

2024-05-18 17:25:28 - [MESSAGE][PASSED] - Text 'UDF Data 3' is set on object 'Object Repository/VLink/Page_CCSale/txt_UDF3'

2024-05-18 17:25:29 - [MESSAGE][PASSED] - Text 'UDF Data 4' is set on object 'Object Repository/VLink/Page_CCSale/txt_UDF4'

2024-05-18 17:25:29 - [MESSAGE][PASSED] - Text 'UDF Data 5' is set on object 'Object Repository/VLink/Page_CCSale/txt_UDF5'

2024-05-18 17:25:30 - [MESSAGE][PASSED] - Text 'UDF Data 6' is set on object 'Object Repository/VLink/Page_CCSale/txt_UDF6'

2024-05-18 17:25:31 - [MESSAGE][PASSED] - Text 'UDF Data 7' is set on object 'Object Repository/VLink/Page_CCSale/txt_UDF7'

2024-05-18 17:25:32 - [MESSAGE][PASSED] - Text 'UDF Data 8' is set on object 'Object Repository/VLink/Page_CCSale/txt_UDF8'

2024-05-18 17:25:32 - [MESSAGE][PASSED] - Text 'UDF Data 9' is set on object 'Object Repository/VLink/Page_CCSale/txt_UDF9'

2024-05-18 17:25:33 - [MESSAGE][PASSED] - Text 'UDF Data 10' is set on object 'Object Repository/VLink/Page_CCSale/txt_UDF10'

2024-05-18 17:25:34 - [MESSAGE][PASSED] - Object: 'Object Repository/VLink/Page_CCSale/btn_ProcessVLinkTransaction' is clicked on

2024-05-18 17:25:39 - [MESSAGE][PASSED] - vlinkPages.saleCCPage.setDataSCC is PASSED

2024-05-18 17:25:39 - [TEST_STEP][PASSED] - if (verifyTextPresent("Transaction approved, no errors", true)): null

2024-05-18 17:25:40 - [MESSAGE][PASSED] - Text 'Transaction approved, no errors' is present on page  using regular expression

2024-05-18 17:25:40 - [TEST_STEP][PASSED] - println("Transaction Approved, no errors text is present on the Confirmation page"): null

2024-05-18 17:25:40 - [TEST_STEP][PASSED] - out.println("Pass Record Number: " + row): null

2024-05-18 17:25:40 - [TEST_STEP][PASSED] - resText = "Pass": null

2024-05-18 17:25:40 - [TEST_STEP][PASSED] - pages.WriteExcel.demoKey(resText, datText, resColumn, datCloumn, fileLoc, nameSheet, row): pages.WriteExcel.demoKey is PASSED

2024-05-18 17:25:40 - [MESSAGE][PASSED] - pages.WriteExcel.demoKey is PASSED

2024-05-18 17:25:40 - [TEST_STEP][PASSED] - sdfo = getText(findTestObject("Object Repository/Page_VLinkReceipt/pre_STX")): Text of object 'Object Repository/Page_VLinkReceipt/pre_STX' is: '<STX>dItEYYvWjLhD                  12153356            0  Transaction approved, no errors                   0                                                                                  Y VTLMC1   <ETX>'

2024-05-18 17:25:40 - [MESSAGE][PASSED] - Text of object 'Object Repository/Page_VLinkReceipt/pre_STX' is: '<STX>dItEYYvWjLhD                  12153356            0  Transaction approved, no errors                   0                                                                                  Y VTLMC1   <ETX>'

2024-05-18 17:25:40 - [TEST_STEP][PASSED] - out.println("sdfo: " + sdfo): null

2024-05-18 17:25:40 - [TEST_STEP][PASSED] - remID = substring(5, 35).trim(): null

2024-05-18 17:25:40 - [TEST_STEP][PASSED] - out.println("Remittance ID: " + remID): null

2024-05-18 17:25:40 - [TEST_STEP][PASSED] - traxID = substring(35, 55).trim(): null

2024-05-18 17:25:40 - [TEST_STEP][PASSED] - out.println("Transaction ID: " + traxID): null

2024-05-18 17:25:40 - [TEST_STEP][PASSED] - out.println("End Record Number: " + row): null

2024-05-18 17:25:40 - [TEST_STEP][PASSED] - closeBrowser(): Browser is closed

2024-05-18 17:25:41 - [MESSAGE][PASSED] - Browser is closed

2024-05-18 17:25:41 - [TEST_STEP][PASSED] - ExecuteTC = findTestData(dataFile).getValue("Execute", row): null

2024-05-18 17:25:41 - [TEST_STEP][PASSED] - out.println("Value of Execute is : " + ExecuteTC): null

2024-05-18 17:25:41 - [TEST_STEP][PASSED] - if (ExecuteTC.equalsIgnoreCase("Y")): Browser is closed

2024-05-18 17:25:41 - [TEST_STEP][PASSED] - out.println("Begin Record Number: " + row): null

2024-05-18 17:25:41 - [TEST_STEP][PASSED] - today = new java.util.Date(): null

2024-05-18 17:25:41 - [TEST_STEP][PASSED] - println(today): null

2024-05-18 17:25:41 - [TEST_STEP][PASSED] - datText = today: null

2024-05-18 17:25:41 - [TEST_STEP][PASSED] - openBrowser(VLinkURL + "authcap.html"): Browser is opened with url: 'https://dev-algorithm.govolution.com/vlinktest/QA2/version_2_0/authcap.html'

2024-05-18 17:25:41 - [MESSAGE][INFO] - Starting 'Chrome' driver

2024-05-18 17:25:41 - [MESSAGE][INFO] - User set preference: ['acceptInsecureCerts', 'true']

2024-05-18 17:25:41 - [MESSAGE][INFO] - Action delay is set to 0 milliseconds

2024-05-18 17:25:43 - [MESSAGE][PASSED] - Browser is opened with url: 'https://dev-algorithm.govolution.com/vlinktest/QA2/version_2_0/authcap.html'

2024-05-18 17:25:43 - [TEST_STEP][PASSED] - maximizeWindow(): Current window maximized

2024-05-18 17:25:44 - [MESSAGE][PASSED] - Current window maximized

2024-05-18 17:25:44 - [TEST_STEP][PASSED] - vlinkPages.saleCCPage.setDataSCC(row, dataFile): vlinkPages.saleCCPage.setDataSCC is PASSED

2024-05-18 17:25:47 - [MESSAGE][PASSED] - Object 'Object Repository/VLink/Page_CCSale/txt_CardNumber' is present

2024-05-18 17:25:48 - [MESSAGE][PASSED] - Text '104' is set on object 'Object Repository/VLink/Page_CCSale/txt_TransactionType'

2024-05-18 17:25:48 - [MESSAGE][PASSED] - Text '2.0C' is set on object 'Object Repository/VLink/Page_CCSale/txt_MessageVersion'

2024-05-18 17:25:49 - [MESSAGE][PASSED] - Text 'MOg7faqt56Eo' is set on object 'Object Repository/VLink/Page_CCSale/txt_RemID'

2024-05-18 17:25:49 - [MESSAGE][PASSED] - Text '107' is set on object 'Object Repository/VLink/Page_CCSale/txt_ApplicationId'

2024-05-18 17:25:50 - [MESSAGE][PASSED] - Text 'username' is set on object 'Object Repository/VLink/Page_CCSale/txt_Username'

2024-05-18 17:25:51 - [MESSAGE][PASSED] - Text 'password' is set on object 'Object Repository/VLink/Page_CCSale/txt_Password'

2024-05-18 17:25:52 - [MESSAGE][PASSED] - Text 'fixed_width' is set on object 'Object Repository/VLink/Page_CCSale/txt_ResponseFormat'

2024-05-18 17:25:52 - [MESSAGE][PASSED] - Text 'MOTO' is set on object 'Object Repository/VLink/Page_CCSale/txt_Category'

2024-05-18 17:25:53 - [MESSAGE][PASSED] - Text '' is set on object 'Object Repository/VLink/Page_CCSale/txt_TransactionID'

2024-05-18 17:25:54 - [MESSAGE][PASSED] - Text '' is set on object 'Object Repository/VLink/Page_CCSale/txt_ApprovalCode'

2024-05-18 17:25:54 - [MESSAGE][PASSED] - Text 'Brij Mohan' is set on object 'Object Repository/VLink/Page_CCSale/txt_CardName'

2024-05-18 17:25:55 - [MESSAGE][PASSED] - Text '96581 Manchin St' is set on object 'Object Repository/VLink/Page_CCSale/txt_AL1'

2024-05-18 17:25:56 - [MESSAGE][PASSED] - Text 'Suite 56' is set on object 'Object Repository/VLink/Page_CCSale/txt_AL2'

2024-05-18 17:25:57 - [MESSAGE][PASSED] - Text 'Arlington' is set on object 'Object Repository/VLink/Page_CCSale/txt_CardCity'

2024-05-18 17:25:57 - [MESSAGE][PASSED] - Text 'VA' is set on object 'Object Repository/VLink/Page_CCSale/txt_CardState'

2024-05-18 17:25:58 - [MESSAGE][PASSED] - Text '22201' is set on object 'Object Repository/VLink/Page_CCSale/txt_CardZIP'

2024-05-18 17:25:59 - [MESSAGE][PASSED] - Text '840' is set on object 'Object Repository/VLink/Page_CCSale/txt_CountryID'

2024-05-18 17:25:59 - [MESSAGE][PASSED] - Text '1.50' is set on object 'Object Repository/VLink/Page_CCSale/txt_Amount'

2024-05-18 17:26:00 - [MESSAGE][PASSED] - Text '5146312200000035' is set on object 'Object Repository/VLink/Page_CCSale/txt_CardNumber'

2024-05-18 17:26:01 - [MESSAGE][PASSED] - Text '12' is set on object 'Object Repository/VLink/Page_CCSale/txt_ExpMonth'

2024-05-18 17:26:01 - [MESSAGE][PASSED] - Text '2025' is set on object 'Object Repository/VLink/Page_CCSale/txt_ExpYear'

2024-05-18 17:26:02 - [MESSAGE][PASSED] - Text '' is set on object 'Object Repository/VLink/Page_CCSale/txt_CVV'

2024-05-18 17:26:03 - [MESSAGE][PASSED] - Text '' is set on object 'Object Repository/VLink/Page_CCSale/txt_CVVstate'

2024-05-18 17:26:03 - [MESSAGE][PASSED] - Text '' is set on object 'Object Repository/VLink/Page_CCSale/txt_TrackData'

2024-05-18 17:26:04 - [MESSAGE][PASSED] - Text '' is set on object 'Object Repository/VLink/Page_CCSale/txt_Track1Data'

2024-05-18 17:26:05 - [MESSAGE][PASSED] - Text '' is set on object 'Object Repository/VLink/Page_CCSale/txt_Track2Data'

2024-05-18 17:26:05 - [MESSAGE][PASSED] - Text 'manual' is set on object 'Object Repository/VLink/Page_CCSale/txt_POSEntryMode'

2024-05-18 17:26:06 - [MESSAGE][PASSED] - Text 'iahmed@govolution.com' is set on object 'Object Repository/VLink/Page_CCSale/txt_Email'

2024-05-18 17:26:07 - [MESSAGE][PASSED] - Text '2569362' is set on object 'Object Repository/VLink/Page_CCSale/txt_OrderNumber'

2024-05-18 17:26:08 - [MESSAGE][PASSED] - Text '1.15' is set on object 'Object Repository/VLink/Page_CCSale/txt_TaxAmount'

2024-05-18 17:26:08 - [MESSAGE][PASSED] - Text 'Charge Description' is set on object 'Object Repository/VLink/Page_CCSale/txt_ChargeDescription'

2024-05-18 17:26:09 - [MESSAGE][PASSED] - Text '147357' is set on object 'Object Repository/VLink/Page_CCSale/txt_CAN'

2024-05-18 17:26:10 - [MESSAGE][PASSED] - Text '1' is set on object 'Object Repository/VLink/Page_CCSale/txt_BillPaymentIndicator'

2024-05-18 17:26:10 - [MESSAGE][PASSED] - Text 'UDF Data 1' is set on object 'Object Repository/VLink/Page_CCSale/txt_UDF1'

2024-05-18 17:26:11 - [MESSAGE][PASSED] - Text 'UDF Data 2' is set on object 'Object Repository/VLink/Page_CCSale/txt_UDF2'

2024-05-18 17:26:12 - [MESSAGE][PASSED] - Text 'UDF Data 3' is set on object 'Object Repository/VLink/Page_CCSale/txt_UDF3'

2024-05-18 17:26:12 - [MESSAGE][PASSED] - Text 'UDF Data 4' is set on object 'Object Repository/VLink/Page_CCSale/txt_UDF4'

2024-05-18 17:26:13 - [MESSAGE][PASSED] - Text 'UDF Data 5' is set on object 'Object Repository/VLink/Page_CCSale/txt_UDF5'

2024-05-18 17:26:14 - [MESSAGE][PASSED] - Text 'UDF Data 6' is set on object 'Object Repository/VLink/Page_CCSale/txt_UDF6'

2024-05-18 17:26:14 - [MESSAGE][PASSED] - Text 'UDF Data 7' is set on object 'Object Repository/VLink/Page_CCSale/txt_UDF7'

2024-05-18 17:26:15 - [MESSAGE][PASSED] - Text 'UDF Data 8' is set on object 'Object Repository/VLink/Page_CCSale/txt_UDF8'

2024-05-18 17:26:16 - [MESSAGE][PASSED] - Text 'UDF Data 9' is set on object 'Object Repository/VLink/Page_CCSale/txt_UDF9'

2024-05-18 17:26:17 - [MESSAGE][PASSED] - Text 'UDF Data 10' is set on object 'Object Repository/VLink/Page_CCSale/txt_UDF10'

2024-05-18 17:26:18 - [MESSAGE][PASSED] - Object: 'Object Repository/VLink/Page_CCSale/btn_ProcessVLinkTransaction' is clicked on

2024-05-18 17:26:23 - [MESSAGE][PASSED] - vlinkPages.saleCCPage.setDataSCC is PASSED

2024-05-18 17:26:23 - [TEST_STEP][PASSED] - if (verifyTextPresent("Transaction approved, no errors", true)): null

2024-05-18 17:26:23 - [MESSAGE][PASSED] - Text 'Transaction approved, no errors' is present on page  using regular expression

2024-05-18 17:26:23 - [TEST_STEP][PASSED] - println("Transaction Approved, no errors text is present on the Confirmation page"): null

2024-05-18 17:26:23 - [TEST_STEP][PASSED] - out.println("Pass Record Number: " + row): null

2024-05-18 17:26:23 - [TEST_STEP][PASSED] - resText = "Pass": null

2024-05-18 17:26:23 - [TEST_STEP][PASSED] - pages.WriteExcel.demoKey(resText, datText, resColumn, datCloumn, fileLoc, nameSheet, row): pages.WriteExcel.demoKey is PASSED

2024-05-18 17:26:24 - [MESSAGE][PASSED] - pages.WriteExcel.demoKey is PASSED

2024-05-18 17:26:24 - [TEST_STEP][PASSED] - sdfo = getText(findTestObject("Object Repository/Page_VLinkReceipt/pre_STX")): Text of object 'Object Repository/Page_VLinkReceipt/pre_STX' is: '<STX>MOg7faqt56Eo                  12153357            0  Transaction approved, no errors                   0                                                                                  Y VTLMC1   <ETX>'

2024-05-18 17:26:24 - [MESSAGE][PASSED] - Text of object 'Object Repository/Page_VLinkReceipt/pre_STX' is: '<STX>MOg7faqt56Eo                  12153357            0  Transaction approved, no errors                   0                                                                                  Y VTLMC1   <ETX>'

2024-05-18 17:26:24 - [TEST_STEP][PASSED] - out.println("sdfo: " + sdfo): null

2024-05-18 17:26:24 - [TEST_STEP][PASSED] - remID = substring(5, 35).trim(): null

2024-05-18 17:26:24 - [TEST_STEP][PASSED] - out.println("Remittance ID: " + remID): null

2024-05-18 17:26:24 - [TEST_STEP][PASSED] - traxID = substring(35, 55).trim(): null

2024-05-18 17:26:24 - [TEST_STEP][PASSED] - out.println("Transaction ID: " + traxID): null

2024-05-18 17:26:24 - [TEST_STEP][PASSED] - out.println("End Record Number: " + row): null

2024-05-18 17:26:24 - [TEST_STEP][PASSED] - closeBrowser(): Browser is closed

2024-05-18 17:26:25 - [MESSAGE][PASSED] - Browser is closed

2024-05-18 17:26:25 - [TEST_STEP][PASSED] - ExecuteTC = findTestData(dataFile).getValue("Execute", row): null

2024-05-18 17:26:25 - [TEST_STEP][PASSED] - out.println("Value of Execute is : " + ExecuteTC): null

2024-05-18 17:26:25 - [TEST_STEP][PASSED] - if (ExecuteTC.equalsIgnoreCase("Y")): Browser is closed

2024-05-18 17:26:25 - [TEST_STEP][PASSED] - out.println("Begin Record Number: " + row): null

2024-05-18 17:26:25 - [TEST_STEP][PASSED] - today = new java.util.Date(): null

2024-05-18 17:26:25 - [TEST_STEP][PASSED] - println(today): null

2024-05-18 17:26:25 - [TEST_STEP][PASSED] - datText = today: null

2024-05-18 17:26:25 - [TEST_STEP][PASSED] - openBrowser(VLinkURL + "authcap.html"): Browser is opened with url: 'https://dev-algorithm.govolution.com/vlinktest/QA2/version_2_0/authcap.html'

2024-05-18 17:26:25 - [MESSAGE][INFO] - Starting 'Chrome' driver

2024-05-18 17:26:25 - [MESSAGE][INFO] - User set preference: ['acceptInsecureCerts', 'true']

2024-05-18 17:26:25 - [MESSAGE][INFO] - Action delay is set to 0 milliseconds

2024-05-18 17:26:27 - [MESSAGE][PASSED] - Browser is opened with url: 'https://dev-algorithm.govolution.com/vlinktest/QA2/version_2_0/authcap.html'

2024-05-18 17:26:27 - [TEST_STEP][PASSED] - maximizeWindow(): Current window maximized

2024-05-18 17:26:27 - [MESSAGE][PASSED] - Current window maximized

2024-05-18 17:26:27 - [TEST_STEP][PASSED] - vlinkPages.saleCCPage.setDataSCC(row, dataFile): vlinkPages.saleCCPage.setDataSCC is PASSED

2024-05-18 17:26:31 - [MESSAGE][PASSED] - Object 'Object Repository/VLink/Page_CCSale/txt_CardNumber' is present

2024-05-18 17:26:31 - [MESSAGE][PASSED] - Text '104' is set on object 'Object Repository/VLink/Page_CCSale/txt_TransactionType'

2024-05-18 17:26:32 - [MESSAGE][PASSED] - Text '2.0C' is set on object 'Object Repository/VLink/Page_CCSale/txt_MessageVersion'

2024-05-18 17:26:32 - [MESSAGE][PASSED] - Text 'XtMz3FUSWGxd' is set on object 'Object Repository/VLink/Page_CCSale/txt_RemID'

2024-05-18 17:26:33 - [MESSAGE][PASSED] - Text '107' is set on object 'Object Repository/VLink/Page_CCSale/txt_ApplicationId'

2024-05-18 17:26:34 - [MESSAGE][PASSED] - Text 'username' is set on object 'Object Repository/VLink/Page_CCSale/txt_Username'

2024-05-18 17:26:35 - [MESSAGE][PASSED] - Text 'password' is set on object 'Object Repository/VLink/Page_CCSale/txt_Password'

2024-05-18 17:26:35 - [MESSAGE][PASSED] - Text 'fixed_width' is set on object 'Object Repository/VLink/Page_CCSale/txt_ResponseFormat'

2024-05-18 17:26:36 - [MESSAGE][PASSED] - Text 'RETL' is set on object 'Object Repository/VLink/Page_CCSale/txt_Category'

2024-05-18 17:26:37 - [MESSAGE][PASSED] - Text '' is set on object 'Object Repository/VLink/Page_CCSale/txt_TransactionID'

2024-05-18 17:26:37 - [MESSAGE][PASSED] - Text '' is set on object 'Object Repository/VLink/Page_CCSale/txt_ApprovalCode'

2024-05-18 17:26:38 - [MESSAGE][PASSED] - Text 'Brij Mohan' is set on object 'Object Repository/VLink/Page_CCSale/txt_CardName'

2024-05-18 17:26:39 - [MESSAGE][PASSED] - Text '96581 Manchin St' is set on object 'Object Repository/VLink/Page_CCSale/txt_AL1'

2024-05-18 17:26:40 - [MESSAGE][PASSED] - Text 'Suite 56' is set on object 'Object Repository/VLink/Page_CCSale/txt_AL2'

2024-05-18 17:26:40 - [MESSAGE][PASSED] - Text 'Arlington' is set on object 'Object Repository/VLink/Page_CCSale/txt_CardCity'

2024-05-18 17:26:41 - [MESSAGE][PASSED] - Text 'VA' is set on object 'Object Repository/VLink/Page_CCSale/txt_CardState'

2024-05-18 17:26:42 - [MESSAGE][PASSED] - Text '22201' is set on object 'Object Repository/VLink/Page_CCSale/txt_CardZIP'

2024-05-18 17:26:42 - [MESSAGE][PASSED] - Text '840' is set on object 'Object Repository/VLink/Page_CCSale/txt_CountryID'

2024-05-18 17:26:43 - [MESSAGE][PASSED] - Text '1.50' is set on object 'Object Repository/VLink/Page_CCSale/txt_Amount'

2024-05-18 17:26:44 - [MESSAGE][PASSED] - Text '5146312200000035' is set on object 'Object Repository/VLink/Page_CCSale/txt_CardNumber'

2024-05-18 17:26:45 - [MESSAGE][PASSED] - Text '12' is set on object 'Object Repository/VLink/Page_CCSale/txt_ExpMonth'

2024-05-18 17:26:45 - [MESSAGE][PASSED] - Text '2025' is set on object 'Object Repository/VLink/Page_CCSale/txt_ExpYear'

2024-05-18 17:26:46 - [MESSAGE][PASSED] - Text '' is set on object 'Object Repository/VLink/Page_CCSale/txt_CVV'

2024-05-18 17:26:47 - [MESSAGE][PASSED] - Text '' is set on object 'Object Repository/VLink/Page_CCSale/txt_CVVstate'

2024-05-18 17:26:47 - [MESSAGE][PASSED] - Text '' is set on object 'Object Repository/VLink/Page_CCSale/txt_TrackData'

2024-05-18 17:26:48 - [MESSAGE][PASSED] - Text '' is set on object 'Object Repository/VLink/Page_CCSale/txt_Track1Data'

2024-05-18 17:26:49 - [MESSAGE][PASSED] - Text '' is set on object 'Object Repository/VLink/Page_CCSale/txt_Track2Data'

2024-05-18 17:26:49 - [MESSAGE][PASSED] - Text 'manual' is set on object 'Object Repository/VLink/Page_CCSale/txt_POSEntryMode'

2024-05-18 17:26:50 - [MESSAGE][PASSED] - Text 'iahmed@govolution.com' is set on object 'Object Repository/VLink/Page_CCSale/txt_Email'

2024-05-18 17:26:51 - [MESSAGE][PASSED] - Text '2569362' is set on object 'Object Repository/VLink/Page_CCSale/txt_OrderNumber'

2024-05-18 17:26:51 - [MESSAGE][PASSED] - Text '1.15' is set on object 'Object Repository/VLink/Page_CCSale/txt_TaxAmount'

2024-05-18 17:26:52 - [MESSAGE][PASSED] - Text 'Charge Description' is set on object 'Object Repository/VLink/Page_CCSale/txt_ChargeDescription'

2024-05-18 17:26:53 - [MESSAGE][PASSED] - Text '147357' is set on object 'Object Repository/VLink/Page_CCSale/txt_CAN'

2024-05-18 17:26:53 - [MESSAGE][PASSED] - Text '1' is set on object 'Object Repository/VLink/Page_CCSale/txt_BillPaymentIndicator'

2024-05-18 17:26:54 - [MESSAGE][PASSED] - Text 'UDF Data 1' is set on object 'Object Repository/VLink/Page_CCSale/txt_UDF1'

2024-05-18 17:26:55 - [MESSAGE][PASSED] - Text 'UDF Data 2' is set on object 'Object Repository/VLink/Page_CCSale/txt_UDF2'

2024-05-18 17:26:56 - [MESSAGE][PASSED] - Text 'UDF Data 3' is set on object 'Object Repository/VLink/Page_CCSale/txt_UDF3'

2024-05-18 17:26:56 - [MESSAGE][PASSED] - Text 'UDF Data 4' is set on object 'Object Repository/VLink/Page_CCSale/txt_UDF4'

2024-05-18 17:26:57 - [MESSAGE][PASSED] - Text 'UDF Data 5' is set on object 'Object Repository/VLink/Page_CCSale/txt_UDF5'

2024-05-18 17:26:58 - [MESSAGE][PASSED] - Text 'UDF Data 6' is set on object 'Object Repository/VLink/Page_CCSale/txt_UDF6'

2024-05-18 17:26:58 - [MESSAGE][PASSED] - Text 'UDF Data 7' is set on object 'Object Repository/VLink/Page_CCSale/txt_UDF7'

2024-05-18 17:26:59 - [MESSAGE][PASSED] - Text 'UDF Data 8' is set on object 'Object Repository/VLink/Page_CCSale/txt_UDF8'

2024-05-18 17:27:00 - [MESSAGE][PASSED] - Text 'UDF Data 9' is set on object 'Object Repository/VLink/Page_CCSale/txt_UDF9'

2024-05-18 17:27:00 - [MESSAGE][PASSED] - Text 'UDF Data 10' is set on object 'Object Repository/VLink/Page_CCSale/txt_UDF10'

2024-05-18 17:27:02 - [MESSAGE][PASSED] - Object: 'Object Repository/VLink/Page_CCSale/btn_ProcessVLinkTransaction' is clicked on

2024-05-18 17:27:07 - [MESSAGE][PASSED] - vlinkPages.saleCCPage.setDataSCC is PASSED

2024-05-18 17:27:07 - [TEST_STEP][PASSED] - if (verifyTextPresent("Transaction approved, no errors", true)): null

2024-05-18 17:27:08 - [MESSAGE][PASSED] - Text 'Transaction approved, no errors' is present on page  using regular expression

2024-05-18 17:27:08 - [TEST_STEP][PASSED] - println("Transaction Approved, no errors text is present on the Confirmation page"): null

2024-05-18 17:27:08 - [TEST_STEP][PASSED] - out.println("Pass Record Number: " + row): null

2024-05-18 17:27:08 - [TEST_STEP][PASSED] - resText = "Pass": null

2024-05-18 17:27:08 - [TEST_STEP][PASSED] - pages.WriteExcel.demoKey(resText, datText, resColumn, datCloumn, fileLoc, nameSheet, row): pages.WriteExcel.demoKey is PASSED

2024-05-18 17:27:08 - [MESSAGE][PASSED] - pages.WriteExcel.demoKey is PASSED

2024-05-18 17:27:08 - [TEST_STEP][PASSED] - sdfo = getText(findTestObject("Object Repository/Page_VLinkReceipt/pre_STX")): Text of object 'Object Repository/Page_VLinkReceipt/pre_STX' is: '<STX>XtMz3FUSWGxd                  12153358            0  Transaction approved, no errors                   0                                                                                  Y VTLMC1   <ETX>'

2024-05-18 17:27:08 - [MESSAGE][PASSED] - Text of object 'Object Repository/Page_VLinkReceipt/pre_STX' is: '<STX>XtMz3FUSWGxd                  12153358            0  Transaction approved, no errors                   0                                                                                  Y VTLMC1   <ETX>'

2024-05-18 17:27:08 - [TEST_STEP][PASSED] - out.println("sdfo: " + sdfo): null

2024-05-18 17:27:08 - [TEST_STEP][PASSED] - remID = substring(5, 35).trim(): null

2024-05-18 17:27:08 - [TEST_STEP][PASSED] - out.println("Remittance ID: " + remID): null

2024-05-18 17:27:08 - [TEST_STEP][PASSED] - traxID = substring(35, 55).trim(): null

2024-05-18 17:27:08 - [TEST_STEP][PASSED] - out.println("Transaction ID: " + traxID): null

2024-05-18 17:27:08 - [TEST_STEP][PASSED] - out.println("End Record Number: " + row): null

2024-05-18 17:27:08 - [TEST_STEP][PASSED] - closeBrowser(): Browser is closed

2024-05-18 17:27:09 - [MESSAGE][PASSED] - Browser is closed

2024-05-18 17:27:09 - [TEST_STEP][PASSED] - ExecuteTC = findTestData(dataFile).getValue("Execute", row): null

2024-05-18 17:27:09 - [TEST_STEP][PASSED] - out.println("Value of Execute is : " + ExecuteTC): null

2024-05-18 17:27:09 - [TEST_STEP][PASSED] - if (ExecuteTC.equalsIgnoreCase("Y")): Browser is closed

2024-05-18 17:27:09 - [TEST_STEP][PASSED] - out.println("Begin Record Number: " + row): null

2024-05-18 17:27:09 - [TEST_STEP][PASSED] - today = new java.util.Date(): null

2024-05-18 17:27:09 - [TEST_STEP][PASSED] - println(today): null

2024-05-18 17:27:09 - [TEST_STEP][PASSED] - datText = today: null

2024-05-18 17:27:09 - [TEST_STEP][PASSED] - openBrowser(VLinkURL + "authcap.html"): Browser is opened with url: 'https://dev-algorithm.govolution.com/vlinktest/QA2/version_2_0/authcap.html'

2024-05-18 17:27:09 - [MESSAGE][INFO] - Starting 'Chrome' driver

2024-05-18 17:27:09 - [MESSAGE][INFO] - User set preference: ['acceptInsecureCerts', 'true']

2024-05-18 17:27:09 - [MESSAGE][INFO] - Action delay is set to 0 milliseconds

2024-05-18 17:27:11 - [MESSAGE][PASSED] - Browser is opened with url: 'https://dev-algorithm.govolution.com/vlinktest/QA2/version_2_0/authcap.html'

2024-05-18 17:27:11 - [TEST_STEP][PASSED] - maximizeWindow(): Current window maximized

2024-05-18 17:27:12 - [MESSAGE][PASSED] - Current window maximized

2024-05-18 17:27:12 - [TEST_STEP][PASSED] - vlinkPages.saleCCPage.setDataSCC(row, dataFile): vlinkPages.saleCCPage.setDataSCC is PASSED

2024-05-18 17:27:15 - [MESSAGE][PASSED] - Object 'Object Repository/VLink/Page_CCSale/txt_CardNumber' is present

2024-05-18 17:27:16 - [MESSAGE][PASSED] - Text '104' is set on object 'Object Repository/VLink/Page_CCSale/txt_TransactionType'

2024-05-18 17:27:16 - [MESSAGE][PASSED] - Text '2.0C' is set on object 'Object Repository/VLink/Page_CCSale/txt_MessageVersion'

2024-05-18 17:27:17 - [MESSAGE][PASSED] - Text 'sUwUFNSpE69h' is set on object 'Object Repository/VLink/Page_CCSale/txt_RemID'

2024-05-18 17:27:18 - [MESSAGE][PASSED] - Text '107' is set on object 'Object Repository/VLink/Page_CCSale/txt_ApplicationId'

2024-05-18 17:27:18 - [MESSAGE][PASSED] - Text 'username' is set on object 'Object Repository/VLink/Page_CCSale/txt_Username'

2024-05-18 17:27:19 - [MESSAGE][PASSED] - Text 'password' is set on object 'Object Repository/VLink/Page_CCSale/txt_Password'

2024-05-18 17:27:20 - [MESSAGE][PASSED] - Text 'fixed_width' is set on object 'Object Repository/VLink/Page_CCSale/txt_ResponseFormat'

2024-05-18 17:27:20 - [MESSAGE][PASSED] - Text 'ECOM' is set on object 'Object Repository/VLink/Page_CCSale/txt_Category'

2024-05-18 17:27:21 - [MESSAGE][PASSED] - Text '' is set on object 'Object Repository/VLink/Page_CCSale/txt_TransactionID'

2024-05-18 17:27:22 - [MESSAGE][PASSED] - Text '' is set on object 'Object Repository/VLink/Page_CCSale/txt_ApprovalCode'

2024-05-18 17:27:23 - [MESSAGE][PASSED] - Text 'Brij Mohan' is set on object 'Object Repository/VLink/Page_CCSale/txt_CardName'

2024-05-18 17:27:23 - [MESSAGE][PASSED] - Text '96581 Manchin St' is set on object 'Object Repository/VLink/Page_CCSale/txt_AL1'

2024-05-18 17:27:24 - [MESSAGE][PASSED] - Text 'Suite 56' is set on object 'Object Repository/VLink/Page_CCSale/txt_AL2'

2024-05-18 17:27:25 - [MESSAGE][PASSED] - Text 'Arlington' is set on object 'Object Repository/VLink/Page_CCSale/txt_CardCity'

2024-05-18 17:27:25 - [MESSAGE][PASSED] - Text 'VA' is set on object 'Object Repository/VLink/Page_CCSale/txt_CardState'

2024-05-18 17:27:26 - [MESSAGE][PASSED] - Text '22201' is set on object 'Object Repository/VLink/Page_CCSale/txt_CardZIP'

2024-05-18 17:27:27 - [MESSAGE][PASSED] - Text '840' is set on object 'Object Repository/VLink/Page_CCSale/txt_CountryID'

2024-05-18 17:27:28 - [MESSAGE][PASSED] - Text '1.50' is set on object 'Object Repository/VLink/Page_CCSale/txt_Amount'

2024-05-18 17:27:28 - [MESSAGE][PASSED] - Text '371449635392376' is set on object 'Object Repository/VLink/Page_CCSale/txt_CardNumber'

2024-05-18 17:27:29 - [MESSAGE][PASSED] - Text '12' is set on object 'Object Repository/VLink/Page_CCSale/txt_ExpMonth'

2024-05-18 17:27:30 - [MESSAGE][PASSED] - Text '2025' is set on object 'Object Repository/VLink/Page_CCSale/txt_ExpYear'

2024-05-18 17:27:30 - [MESSAGE][PASSED] - Text '' is set on object 'Object Repository/VLink/Page_CCSale/txt_CVV'

2024-05-18 17:27:31 - [MESSAGE][PASSED] - Text '' is set on object 'Object Repository/VLink/Page_CCSale/txt_CVVstate'

2024-05-18 17:27:32 - [MESSAGE][PASSED] - Text '' is set on object 'Object Repository/VLink/Page_CCSale/txt_TrackData'

2024-05-18 17:27:32 - [MESSAGE][PASSED] - Text '' is set on object 'Object Repository/VLink/Page_CCSale/txt_Track1Data'

2024-05-18 17:27:33 - [MESSAGE][PASSED] - Text '' is set on object 'Object Repository/VLink/Page_CCSale/txt_Track2Data'

2024-05-18 17:27:34 - [MESSAGE][PASSED] - Text 'manual' is set on object 'Object Repository/VLink/Page_CCSale/txt_POSEntryMode'

2024-05-18 17:27:34 - [MESSAGE][PASSED] - Text 'iahmed@govolution.com' is set on object 'Object Repository/VLink/Page_CCSale/txt_Email'

2024-05-18 17:27:35 - [MESSAGE][PASSED] - Text '2569362' is set on object 'Object Repository/VLink/Page_CCSale/txt_OrderNumber'

2024-05-18 17:27:36 - [MESSAGE][PASSED] - Text '1.15' is set on object 'Object Repository/VLink/Page_CCSale/txt_TaxAmount'

2024-05-18 17:27:36 - [MESSAGE][PASSED] - Text 'Charge Description' is set on object 'Object Repository/VLink/Page_CCSale/txt_ChargeDescription'

2024-05-18 17:27:37 - [MESSAGE][PASSED] - Text '147357' is set on object 'Object Repository/VLink/Page_CCSale/txt_CAN'

2024-05-18 17:27:38 - [MESSAGE][PASSED] - Text '1' is set on object 'Object Repository/VLink/Page_CCSale/txt_BillPaymentIndicator'

2024-05-18 17:27:39 - [MESSAGE][PASSED] - Text 'UDF Data 1' is set on object 'Object Repository/VLink/Page_CCSale/txt_UDF1'

2024-05-18 17:27:39 - [MESSAGE][PASSED] - Text 'UDF Data 2' is set on object 'Object Repository/VLink/Page_CCSale/txt_UDF2'

2024-05-18 17:27:40 - [MESSAGE][PASSED] - Text 'UDF Data 3' is set on object 'Object Repository/VLink/Page_CCSale/txt_UDF3'

2024-05-18 17:27:41 - [MESSAGE][PASSED] - Text 'UDF Data 4' is set on object 'Object Repository/VLink/Page_CCSale/txt_UDF4'

2024-05-18 17:27:41 - [MESSAGE][PASSED] - Text 'UDF Data 5' is set on object 'Object Repository/VLink/Page_CCSale/txt_UDF5'

2024-05-18 17:27:42 - [MESSAGE][PASSED] - Text 'UDF Data 6' is set on object 'Object Repository/VLink/Page_CCSale/txt_UDF6'

2024-05-18 17:27:43 - [MESSAGE][PASSED] - Text 'UDF Data 7' is set on object 'Object Repository/VLink/Page_CCSale/txt_UDF7'

2024-05-18 17:27:44 - [MESSAGE][PASSED] - Text 'UDF Data 8' is set on object 'Object Repository/VLink/Page_CCSale/txt_UDF8'

2024-05-18 17:27:44 - [MESSAGE][PASSED] - Text 'UDF Data 9' is set on object 'Object Repository/VLink/Page_CCSale/txt_UDF9'

2024-05-18 17:27:45 - [MESSAGE][PASSED] - Text 'UDF Data 10' is set on object 'Object Repository/VLink/Page_CCSale/txt_UDF10'

2024-05-18 17:27:47 - [MESSAGE][PASSED] - Object: 'Object Repository/VLink/Page_CCSale/btn_ProcessVLinkTransaction' is clicked on

2024-05-18 17:27:52 - [MESSAGE][PASSED] - vlinkPages.saleCCPage.setDataSCC is PASSED

2024-05-18 17:27:52 - [TEST_STEP][PASSED] - if (verifyTextPresent("Transaction approved, no errors", true)): null

2024-05-18 17:27:52 - [MESSAGE][PASSED] - Text 'Transaction approved, no errors' is present on page  using regular expression

2024-05-18 17:27:52 - [TEST_STEP][PASSED] - println("Transaction Approved, no errors text is present on the Confirmation page"): null

2024-05-18 17:27:52 - [TEST_STEP][PASSED] - out.println("Pass Record Number: " + row): null

2024-05-18 17:27:52 - [TEST_STEP][PASSED] - resText = "Pass": null

2024-05-18 17:27:52 - [TEST_STEP][PASSED] - pages.WriteExcel.demoKey(resText, datText, resColumn, datCloumn, fileLoc, nameSheet, row): pages.WriteExcel.demoKey is PASSED

2024-05-18 17:27:52 - [MESSAGE][PASSED] - pages.WriteExcel.demoKey is PASSED

2024-05-18 17:27:52 - [TEST_STEP][PASSED] - sdfo = getText(findTestObject("Object Repository/Page_VLinkReceipt/pre_STX")): Text of object 'Object Repository/Page_VLinkReceipt/pre_STX' is: '<STX>sUwUFNSpE69h                  12153359            0  Transaction approved, no errors                   0                                                                                  N AXS396   <ETX>'

2024-05-18 17:27:53 - [MESSAGE][PASSED] - Text of object 'Object Repository/Page_VLinkReceipt/pre_STX' is: '<STX>sUwUFNSpE69h                  12153359            0  Transaction approved, no errors                   0                                                                                  N AXS396   <ETX>'

2024-05-18 17:27:53 - [TEST_STEP][PASSED] - out.println("sdfo: " + sdfo): null

2024-05-18 17:27:53 - [TEST_STEP][PASSED] - remID = substring(5, 35).trim(): null

2024-05-18 17:27:53 - [TEST_STEP][PASSED] - out.println("Remittance ID: " + remID): null

2024-05-18 17:27:53 - [TEST_STEP][PASSED] - traxID = substring(35, 55).trim(): null

2024-05-18 17:27:53 - [TEST_STEP][PASSED] - out.println("Transaction ID: " + traxID): null

2024-05-18 17:27:53 - [TEST_STEP][PASSED] - out.println("End Record Number: " + row): null

2024-05-18 17:27:53 - [TEST_STEP][PASSED] - closeBrowser(): Browser is closed

2024-05-18 17:27:54 - [MESSAGE][PASSED] - Browser is closed

2024-05-18 17:27:54 - [TEST_STEP][PASSED] - ExecuteTC = findTestData(dataFile).getValue("Execute", row): null

2024-05-18 17:27:54 - [TEST_STEP][PASSED] - out.println("Value of Execute is : " + ExecuteTC): null

2024-05-18 17:27:54 - [TEST_STEP][PASSED] - if (ExecuteTC.equalsIgnoreCase("Y")): Browser is closed

2024-05-18 17:27:54 - [TEST_STEP][PASSED] - out.println("Begin Record Number: " + row): null

2024-05-18 17:27:54 - [TEST_STEP][PASSED] - today = new java.util.Date(): null

2024-05-18 17:27:54 - [TEST_STEP][PASSED] - println(today): null

2024-05-18 17:27:54 - [TEST_STEP][PASSED] - datText = today: null

2024-05-18 17:27:54 - [TEST_STEP][PASSED] - openBrowser(VLinkURL + "authcap.html"): Browser is opened with url: 'https://dev-algorithm.govolution.com/vlinktest/QA2/version_2_0/authcap.html'

2024-05-18 17:27:54 - [MESSAGE][INFO] - Starting 'Chrome' driver

2024-05-18 17:27:54 - [MESSAGE][INFO] - User set preference: ['acceptInsecureCerts', 'true']

2024-05-18 17:27:54 - [MESSAGE][INFO] - Action delay is set to 0 milliseconds

2024-05-18 17:27:56 - [MESSAGE][PASSED] - Browser is opened with url: 'https://dev-algorithm.govolution.com/vlinktest/QA2/version_2_0/authcap.html'

2024-05-18 17:27:56 - [TEST_STEP][PASSED] - maximizeWindow(): Current window maximized

2024-05-18 17:27:56 - [MESSAGE][PASSED] - Current window maximized

2024-05-18 17:27:56 - [TEST_STEP][PASSED] - vlinkPages.saleCCPage.setDataSCC(row, dataFile): vlinkPages.saleCCPage.setDataSCC is PASSED

2024-05-18 17:27:59 - [MESSAGE][PASSED] - Object 'Object Repository/VLink/Page_CCSale/txt_CardNumber' is present

2024-05-18 17:28:00 - [MESSAGE][PASSED] - Text '104' is set on object 'Object Repository/VLink/Page_CCSale/txt_TransactionType'

2024-05-18 17:28:01 - [MESSAGE][PASSED] - Text '2.0C' is set on object 'Object Repository/VLink/Page_CCSale/txt_MessageVersion'

2024-05-18 17:28:01 - [MESSAGE][PASSED] - Text '5ZP1fdtF6mZi' is set on object 'Object Repository/VLink/Page_CCSale/txt_RemID'

2024-05-18 17:28:02 - [MESSAGE][PASSED] - Text '107' is set on object 'Object Repository/VLink/Page_CCSale/txt_ApplicationId'

2024-05-18 17:28:03 - [MESSAGE][PASSED] - Text 'username' is set on object 'Object Repository/VLink/Page_CCSale/txt_Username'

2024-05-18 17:28:03 - [MESSAGE][PASSED] - Text 'password' is set on object 'Object Repository/VLink/Page_CCSale/txt_Password'

2024-05-18 17:28:04 - [MESSAGE][PASSED] - Text 'fixed_width' is set on object 'Object Repository/VLink/Page_CCSale/txt_ResponseFormat'

2024-05-18 17:28:05 - [MESSAGE][PASSED] - Text 'MOTO' is set on object 'Object Repository/VLink/Page_CCSale/txt_Category'

2024-05-18 17:28:05 - [MESSAGE][PASSED] - Text '' is set on object 'Object Repository/VLink/Page_CCSale/txt_TransactionID'

2024-05-18 17:28:06 - [MESSAGE][PASSED] - Text '' is set on object 'Object Repository/VLink/Page_CCSale/txt_ApprovalCode'

2024-05-18 17:28:07 - [MESSAGE][PASSED] - Text 'Brij Mohan' is set on object 'Object Repository/VLink/Page_CCSale/txt_CardName'

2024-05-18 17:28:08 - [MESSAGE][PASSED] - Text '96581 Manchin St' is set on object 'Object Repository/VLink/Page_CCSale/txt_AL1'

2024-05-18 17:28:08 - [MESSAGE][PASSED] - Text 'Suite 56' is set on object 'Object Repository/VLink/Page_CCSale/txt_AL2'

2024-05-18 17:28:09 - [MESSAGE][PASSED] - Text 'Arlington' is set on object 'Object Repository/VLink/Page_CCSale/txt_CardCity'

2024-05-18 17:28:10 - [MESSAGE][PASSED] - Text 'VA' is set on object 'Object Repository/VLink/Page_CCSale/txt_CardState'

2024-05-18 17:28:11 - [MESSAGE][PASSED] - Text '22201' is set on object 'Object Repository/VLink/Page_CCSale/txt_CardZIP'

2024-05-18 17:28:11 - [MESSAGE][PASSED] - Text '840' is set on object 'Object Repository/VLink/Page_CCSale/txt_CountryID'

2024-05-18 17:28:12 - [MESSAGE][PASSED] - Text '1.50' is set on object 'Object Repository/VLink/Page_CCSale/txt_Amount'

2024-05-18 17:28:13 - [MESSAGE][PASSED] - Text '371449635392376' is set on object 'Object Repository/VLink/Page_CCSale/txt_CardNumber'

2024-05-18 17:28:13 - [MESSAGE][PASSED] - Text '12' is set on object 'Object Repository/VLink/Page_CCSale/txt_ExpMonth'

2024-05-18 17:28:14 - [MESSAGE][PASSED] - Text '2025' is set on object 'Object Repository/VLink/Page_CCSale/txt_ExpYear'

2024-05-18 17:28:15 - [MESSAGE][PASSED] - Text '' is set on object 'Object Repository/VLink/Page_CCSale/txt_CVV'

2024-05-18 17:28:15 - [MESSAGE][PASSED] - Text '' is set on object 'Object Repository/VLink/Page_CCSale/txt_CVVstate'

2024-05-18 17:28:16 - [MESSAGE][PASSED] - Text '' is set on object 'Object Repository/VLink/Page_CCSale/txt_TrackData'

2024-05-18 17:28:17 - [MESSAGE][PASSED] - Text '' is set on object 'Object Repository/VLink/Page_CCSale/txt_Track1Data'

2024-05-18 17:28:17 - [MESSAGE][PASSED] - Text '' is set on object 'Object Repository/VLink/Page_CCSale/txt_Track2Data'

2024-05-18 17:28:18 - [MESSAGE][PASSED] - Text 'manual' is set on object 'Object Repository/VLink/Page_CCSale/txt_POSEntryMode'

2024-05-18 17:28:19 - [MESSAGE][PASSED] - Text 'iahmed@govolution.com' is set on object 'Object Repository/VLink/Page_CCSale/txt_Email'

2024-05-18 17:28:19 - [MESSAGE][PASSED] - Text '2569362' is set on object 'Object Repository/VLink/Page_CCSale/txt_OrderNumber'

2024-05-18 17:28:20 - [MESSAGE][PASSED] - Text '1.15' is set on object 'Object Repository/VLink/Page_CCSale/txt_TaxAmount'

2024-05-18 17:28:21 - [MESSAGE][PASSED] - Text 'Charge Description' is set on object 'Object Repository/VLink/Page_CCSale/txt_ChargeDescription'

2024-05-18 17:28:21 - [MESSAGE][PASSED] - Text '147357' is set on object 'Object Repository/VLink/Page_CCSale/txt_CAN'

2024-05-18 17:28:22 - [MESSAGE][PASSED] - Text '1' is set on object 'Object Repository/VLink/Page_CCSale/txt_BillPaymentIndicator'

2024-05-18 17:28:23 - [MESSAGE][PASSED] - Text 'UDF Data 1' is set on object 'Object Repository/VLink/Page_CCSale/txt_UDF1'

2024-05-18 17:28:23 - [MESSAGE][PASSED] - Text 'UDF Data 2' is set on object 'Object Repository/VLink/Page_CCSale/txt_UDF2'

2024-05-18 17:28:24 - [MESSAGE][PASSED] - Text 'UDF Data 3' is set on object 'Object Repository/VLink/Page_CCSale/txt_UDF3'

2024-05-18 17:28:25 - [MESSAGE][PASSED] - Text 'UDF Data 4' is set on object 'Object Repository/VLink/Page_CCSale/txt_UDF4'

2024-05-18 17:28:25 - [MESSAGE][PASSED] - Text 'UDF Data 5' is set on object 'Object Repository/VLink/Page_CCSale/txt_UDF5'

2024-05-18 17:28:26 - [MESSAGE][PASSED] - Text 'UDF Data 6' is set on object 'Object Repository/VLink/Page_CCSale/txt_UDF6'

2024-05-18 17:28:27 - [MESSAGE][PASSED] - Text 'UDF Data 7' is set on object 'Object Repository/VLink/Page_CCSale/txt_UDF7'

2024-05-18 17:28:27 - [MESSAGE][PASSED] - Text 'UDF Data 8' is set on object 'Object Repository/VLink/Page_CCSale/txt_UDF8'

2024-05-18 17:28:28 - [MESSAGE][PASSED] - Text 'UDF Data 9' is set on object 'Object Repository/VLink/Page_CCSale/txt_UDF9'

2024-05-18 17:28:29 - [MESSAGE][PASSED] - Text 'UDF Data 10' is set on object 'Object Repository/VLink/Page_CCSale/txt_UDF10'

2024-05-18 17:28:31 - [MESSAGE][PASSED] - Object: 'Object Repository/VLink/Page_CCSale/btn_ProcessVLinkTransaction' is clicked on

2024-05-18 17:28:36 - [MESSAGE][PASSED] - vlinkPages.saleCCPage.setDataSCC is PASSED

2024-05-18 17:28:36 - [TEST_STEP][PASSED] - if (verifyTextPresent("Transaction approved, no errors", true)): null

2024-05-18 17:28:36 - [MESSAGE][PASSED] - Text 'Transaction approved, no errors' is present on page  using regular expression

2024-05-18 17:28:36 - [TEST_STEP][PASSED] - println("Transaction Approved, no errors text is present on the Confirmation page"): null

2024-05-18 17:28:36 - [TEST_STEP][PASSED] - out.println("Pass Record Number: " + row): null

2024-05-18 17:28:36 - [TEST_STEP][PASSED] - resText = "Pass": null

2024-05-18 17:28:36 - [TEST_STEP][PASSED] - pages.WriteExcel.demoKey(resText, datText, resColumn, datCloumn, fileLoc, nameSheet, row): pages.WriteExcel.demoKey is PASSED

2024-05-18 17:28:36 - [MESSAGE][PASSED] - pages.WriteExcel.demoKey is PASSED

2024-05-18 17:28:36 - [TEST_STEP][PASSED] - sdfo = getText(findTestObject("Object Repository/Page_VLinkReceipt/pre_STX")): Text of object 'Object Repository/Page_VLinkReceipt/pre_STX' is: '<STX>5ZP1fdtF6mZi                  12153360            0  Transaction approved, no errors                   0                                                                                  N AXS397   <ETX>'

2024-05-18 17:28:36 - [MESSAGE][PASSED] - Text of object 'Object Repository/Page_VLinkReceipt/pre_STX' is: '<STX>5ZP1fdtF6mZi                  12153360            0  Transaction approved, no errors                   0                                                                                  N AXS397   <ETX>'

2024-05-18 17:28:36 - [TEST_STEP][PASSED] - out.println("sdfo: " + sdfo): null

2024-05-18 17:28:36 - [TEST_STEP][PASSED] - remID = substring(5, 35).trim(): null

2024-05-18 17:28:36 - [TEST_STEP][PASSED] - out.println("Remittance ID: " + remID): null

2024-05-18 17:28:36 - [TEST_STEP][PASSED] - traxID = substring(35, 55).trim(): null

2024-05-18 17:28:36 - [TEST_STEP][PASSED] - out.println("Transaction ID: " + traxID): null

2024-05-18 17:28:36 - [TEST_STEP][PASSED] - out.println("End Record Number: " + row): null

2024-05-18 17:28:36 - [TEST_STEP][PASSED] - closeBrowser(): Browser is closed

2024-05-18 17:28:38 - [MESSAGE][PASSED] - Browser is closed

2024-05-18 17:28:38 - [TEST_STEP][PASSED] - ExecuteTC = findTestData(dataFile).getValue("Execute", row): null

2024-05-18 17:28:38 - [TEST_STEP][PASSED] - out.println("Value of Execute is : " + ExecuteTC): null

2024-05-18 17:28:38 - [TEST_STEP][PASSED] - if (ExecuteTC.equalsIgnoreCase("Y")): Browser is closed

2024-05-18 17:28:38 - [TEST_STEP][PASSED] - out.println("Begin Record Number: " + row): null

2024-05-18 17:28:38 - [TEST_STEP][PASSED] - today = new java.util.Date(): null

2024-05-18 17:28:38 - [TEST_STEP][PASSED] - println(today): null

2024-05-18 17:28:38 - [TEST_STEP][PASSED] - datText = today: null

2024-05-18 17:28:38 - [TEST_STEP][PASSED] - openBrowser(VLinkURL + "authcap.html"): Browser is opened with url: 'https://dev-algorithm.govolution.com/vlinktest/QA2/version_2_0/authcap.html'

2024-05-18 17:28:38 - [MESSAGE][INFO] - Starting 'Chrome' driver

2024-05-18 17:28:38 - [MESSAGE][INFO] - User set preference: ['acceptInsecureCerts', 'true']

2024-05-18 17:28:38 - [MESSAGE][INFO] - Action delay is set to 0 milliseconds

2024-05-18 17:28:40 - [MESSAGE][PASSED] - Browser is opened with url: 'https://dev-algorithm.govolution.com/vlinktest/QA2/version_2_0/authcap.html'

2024-05-18 17:28:40 - [TEST_STEP][PASSED] - maximizeWindow(): Current window maximized

2024-05-18 17:28:40 - [MESSAGE][PASSED] - Current window maximized

2024-05-18 17:28:40 - [TEST_STEP][PASSED] - vlinkPages.saleCCPage.setDataSCC(row, dataFile): vlinkPages.saleCCPage.setDataSCC is PASSED

2024-05-18 17:28:43 - [MESSAGE][PASSED] - Object 'Object Repository/VLink/Page_CCSale/txt_CardNumber' is present

2024-05-18 17:28:44 - [MESSAGE][PASSED] - Text '104' is set on object 'Object Repository/VLink/Page_CCSale/txt_TransactionType'

2024-05-18 17:28:44 - [MESSAGE][PASSED] - Text '2.0C' is set on object 'Object Repository/VLink/Page_CCSale/txt_MessageVersion'

2024-05-18 17:28:45 - [MESSAGE][PASSED] - Text '8eFDQUjlB9sw' is set on object 'Object Repository/VLink/Page_CCSale/txt_RemID'

2024-05-18 17:28:46 - [MESSAGE][PASSED] - Text '107' is set on object 'Object Repository/VLink/Page_CCSale/txt_ApplicationId'

2024-05-18 17:28:46 - [MESSAGE][PASSED] - Text 'username' is set on object 'Object Repository/VLink/Page_CCSale/txt_Username'

2024-05-18 17:28:47 - [MESSAGE][PASSED] - Text 'password' is set on object 'Object Repository/VLink/Page_CCSale/txt_Password'

2024-05-18 17:28:48 - [MESSAGE][PASSED] - Text 'fixed_width' is set on object 'Object Repository/VLink/Page_CCSale/txt_ResponseFormat'

2024-05-18 17:28:48 - [MESSAGE][PASSED] - Text 'RETL' is set on object 'Object Repository/VLink/Page_CCSale/txt_Category'

2024-05-18 17:28:49 - [MESSAGE][PASSED] - Text '' is set on object 'Object Repository/VLink/Page_CCSale/txt_TransactionID'

2024-05-18 17:28:50 - [MESSAGE][PASSED] - Text '' is set on object 'Object Repository/VLink/Page_CCSale/txt_ApprovalCode'

2024-05-18 17:28:51 - [MESSAGE][PASSED] - Text 'Brij Mohan' is set on object 'Object Repository/VLink/Page_CCSale/txt_CardName'

2024-05-18 17:28:51 - [MESSAGE][PASSED] - Text '96581 Manchin St' is set on object 'Object Repository/VLink/Page_CCSale/txt_AL1'

2024-05-18 17:28:52 - [MESSAGE][PASSED] - Text 'Suite 56' is set on object 'Object Repository/VLink/Page_CCSale/txt_AL2'

2024-05-18 17:28:53 - [MESSAGE][PASSED] - Text 'Arlington' is set on object 'Object Repository/VLink/Page_CCSale/txt_CardCity'

2024-05-18 17:28:53 - [MESSAGE][PASSED] - Text 'VA' is set on object 'Object Repository/VLink/Page_CCSale/txt_CardState'

2024-05-18 17:28:54 - [MESSAGE][PASSED] - Text '22201' is set on object 'Object Repository/VLink/Page_CCSale/txt_CardZIP'

2024-05-18 17:28:55 - [MESSAGE][PASSED] - Text '840' is set on object 'Object Repository/VLink/Page_CCSale/txt_CountryID'

2024-05-18 17:28:55 - [MESSAGE][PASSED] - Text '1.50' is set on object 'Object Repository/VLink/Page_CCSale/txt_Amount'

2024-05-18 17:28:56 - [MESSAGE][PASSED] - Text '371449635392376' is set on object 'Object Repository/VLink/Page_CCSale/txt_CardNumber'

2024-05-18 17:28:57 - [MESSAGE][PASSED] - Text '12' is set on object 'Object Repository/VLink/Page_CCSale/txt_ExpMonth'

2024-05-18 17:28:58 - [MESSAGE][PASSED] - Text '2025' is set on object 'Object Repository/VLink/Page_CCSale/txt_ExpYear'

2024-05-18 17:28:58 - [MESSAGE][PASSED] - Text '' is set on object 'Object Repository/VLink/Page_CCSale/txt_CVV'

2024-05-18 17:28:59 - [MESSAGE][PASSED] - Text '' is set on object 'Object Repository/VLink/Page_CCSale/txt_CVVstate'

2024-05-18 17:29:00 - [MESSAGE][PASSED] - Text '' is set on object 'Object Repository/VLink/Page_CCSale/txt_TrackData'

2024-05-18 17:29:00 - [MESSAGE][PASSED] - Text '' is set on object 'Object Repository/VLink/Page_CCSale/txt_Track1Data'

2024-05-18 17:29:01 - [MESSAGE][PASSED] - Text '' is set on object 'Object Repository/VLink/Page_CCSale/txt_Track2Data'

2024-05-18 17:29:02 - [MESSAGE][PASSED] - Text 'manual' is set on object 'Object Repository/VLink/Page_CCSale/txt_POSEntryMode'

2024-05-18 17:29:02 - [MESSAGE][PASSED] - Text 'iahmed@govolution.com' is set on object 'Object Repository/VLink/Page_CCSale/txt_Email'

2024-05-18 17:29:03 - [MESSAGE][PASSED] - Text '2569362' is set on object 'Object Repository/VLink/Page_CCSale/txt_OrderNumber'

2024-05-18 17:29:04 - [MESSAGE][PASSED] - Text '1.15' is set on object 'Object Repository/VLink/Page_CCSale/txt_TaxAmount'

2024-05-18 17:29:04 - [MESSAGE][PASSED] - Text 'Charge Description' is set on object 'Object Repository/VLink/Page_CCSale/txt_ChargeDescription'

2024-05-18 17:29:05 - [MESSAGE][PASSED] - Text '147357' is set on object 'Object Repository/VLink/Page_CCSale/txt_CAN'

2024-05-18 17:29:06 - [MESSAGE][PASSED] - Text '1' is set on object 'Object Repository/VLink/Page_CCSale/txt_BillPaymentIndicator'

2024-05-18 17:29:06 - [MESSAGE][PASSED] - Text 'UDF Data 1' is set on object 'Object Repository/VLink/Page_CCSale/txt_UDF1'

2024-05-18 17:29:07 - [MESSAGE][PASSED] - Text 'UDF Data 2' is set on object 'Object Repository/VLink/Page_CCSale/txt_UDF2'

2024-05-18 17:29:08 - [MESSAGE][PASSED] - Text 'UDF Data 3' is set on object 'Object Repository/VLink/Page_CCSale/txt_UDF3'

2024-05-18 17:29:09 - [MESSAGE][PASSED] - Text 'UDF Data 4' is set on object 'Object Repository/VLink/Page_CCSale/txt_UDF4'

2024-05-18 17:29:09 - [MESSAGE][PASSED] - Text 'UDF Data 5' is set on object 'Object Repository/VLink/Page_CCSale/txt_UDF5'

2024-05-18 17:29:10 - [MESSAGE][PASSED] - Text 'UDF Data 6' is set on object 'Object Repository/VLink/Page_CCSale/txt_UDF6'

2024-05-18 17:29:11 - [MESSAGE][PASSED] - Text 'UDF Data 7' is set on object 'Object Repository/VLink/Page_CCSale/txt_UDF7'

2024-05-18 17:29:11 - [MESSAGE][PASSED] - Text 'UDF Data 8' is set on object 'Object Repository/VLink/Page_CCSale/txt_UDF8'

2024-05-18 17:29:12 - [MESSAGE][PASSED] - Text 'UDF Data 9' is set on object 'Object Repository/VLink/Page_CCSale/txt_UDF9'

2024-05-18 17:29:13 - [MESSAGE][PASSED] - Text 'UDF Data 10' is set on object 'Object Repository/VLink/Page_CCSale/txt_UDF10'

2024-05-18 17:29:14 - [MESSAGE][PASSED] - Object: 'Object Repository/VLink/Page_CCSale/btn_ProcessVLinkTransaction' is clicked on

2024-05-18 17:29:19 - [MESSAGE][PASSED] - vlinkPages.saleCCPage.setDataSCC is PASSED

2024-05-18 17:29:19 - [TEST_STEP][PASSED] - if (verifyTextPresent("Transaction approved, no errors", true)): null

2024-05-18 17:29:19 - [MESSAGE][PASSED] - Text 'Transaction approved, no errors' is present on page  using regular expression

2024-05-18 17:29:19 - [TEST_STEP][PASSED] - println("Transaction Approved, no errors text is present on the Confirmation page"): null

2024-05-18 17:29:19 - [TEST_STEP][PASSED] - out.println("Pass Record Number: " + row): null

2024-05-18 17:29:19 - [TEST_STEP][PASSED] - resText = "Pass": null

2024-05-18 17:29:19 - [TEST_STEP][PASSED] - pages.WriteExcel.demoKey(resText, datText, resColumn, datCloumn, fileLoc, nameSheet, row): pages.WriteExcel.demoKey is PASSED

2024-05-18 17:29:20 - [MESSAGE][PASSED] - pages.WriteExcel.demoKey is PASSED

2024-05-18 17:29:20 - [TEST_STEP][PASSED] - sdfo = getText(findTestObject("Object Repository/Page_VLinkReceipt/pre_STX")): Text of object 'Object Repository/Page_VLinkReceipt/pre_STX' is: '<STX>8eFDQUjlB9sw                  12153361            0  Transaction approved, no errors                   0                                                                                  N AXS398   <ETX>'

2024-05-18 17:29:20 - [MESSAGE][PASSED] - Text of object 'Object Repository/Page_VLinkReceipt/pre_STX' is: '<STX>8eFDQUjlB9sw                  12153361            0  Transaction approved, no errors                   0                                                                                  N AXS398   <ETX>'

2024-05-18 17:29:20 - [TEST_STEP][PASSED] - out.println("sdfo: " + sdfo): null

2024-05-18 17:29:20 - [TEST_STEP][PASSED] - remID = substring(5, 35).trim(): null

2024-05-18 17:29:20 - [TEST_STEP][PASSED] - out.println("Remittance ID: " + remID): null

2024-05-18 17:29:20 - [TEST_STEP][PASSED] - traxID = substring(35, 55).trim(): null

2024-05-18 17:29:20 - [TEST_STEP][PASSED] - out.println("Transaction ID: " + traxID): null

2024-05-18 17:29:20 - [TEST_STEP][PASSED] - out.println("End Record Number: " + row): null

2024-05-18 17:29:20 - [TEST_STEP][PASSED] - closeBrowser(): Browser is closed

2024-05-18 17:29:21 - [MESSAGE][PASSED] - Browser is closed

2024-05-18 17:29:21 - [TEST_STEP][PASSED] - ExecuteTC = findTestData(dataFile).getValue("Execute", row): null

2024-05-18 17:29:21 - [TEST_STEP][PASSED] - out.println("Value of Execute is : " + ExecuteTC): null

2024-05-18 17:29:21 - [TEST_STEP][PASSED] - if (ExecuteTC.equalsIgnoreCase("Y")): Browser is closed

2024-05-18 17:29:21 - [TEST_STEP][PASSED] - out.println("Begin Record Number: " + row): null

2024-05-18 17:29:21 - [TEST_STEP][PASSED] - today = new java.util.Date(): null

2024-05-18 17:29:21 - [TEST_STEP][PASSED] - println(today): null

2024-05-18 17:29:21 - [TEST_STEP][PASSED] - datText = today: null

2024-05-18 17:29:21 - [TEST_STEP][PASSED] - openBrowser(VLinkURL + "authcap.html"): Browser is opened with url: 'https://dev-algorithm.govolution.com/vlinktest/QA2/version_2_0/authcap.html'

2024-05-18 17:29:21 - [MESSAGE][INFO] - Starting 'Chrome' driver

2024-05-18 17:29:21 - [MESSAGE][INFO] - User set preference: ['acceptInsecureCerts', 'true']

2024-05-18 17:29:21 - [MESSAGE][INFO] - Action delay is set to 0 milliseconds

2024-05-18 17:29:23 - [MESSAGE][PASSED] - Browser is opened with url: 'https://dev-algorithm.govolution.com/vlinktest/QA2/version_2_0/authcap.html'

2024-05-18 17:29:23 - [TEST_STEP][PASSED] - maximizeWindow(): Current window maximized

2024-05-18 17:29:24 - [MESSAGE][PASSED] - Current window maximized

2024-05-18 17:29:24 - [TEST_STEP][PASSED] - vlinkPages.saleCCPage.setDataSCC(row, dataFile): vlinkPages.saleCCPage.setDataSCC is PASSED

2024-05-18 17:29:27 - [MESSAGE][PASSED] - Object 'Object Repository/VLink/Page_CCSale/txt_CardNumber' is present

2024-05-18 17:29:27 - [MESSAGE][PASSED] - Text '104' is set on object 'Object Repository/VLink/Page_CCSale/txt_TransactionType'

2024-05-18 17:29:28 - [MESSAGE][PASSED] - Text '2.0C' is set on object 'Object Repository/VLink/Page_CCSale/txt_MessageVersion'

2024-05-18 17:29:29 - [MESSAGE][PASSED] - Text 'HgUNq5ctBMHk' is set on object 'Object Repository/VLink/Page_CCSale/txt_RemID'

2024-05-18 17:29:29 - [MESSAGE][PASSED] - Text '107' is set on object 'Object Repository/VLink/Page_CCSale/txt_ApplicationId'

2024-05-18 17:29:30 - [MESSAGE][PASSED] - Text 'username' is set on object 'Object Repository/VLink/Page_CCSale/txt_Username'

2024-05-18 17:29:31 - [MESSAGE][PASSED] - Text 'password' is set on object 'Object Repository/VLink/Page_CCSale/txt_Password'

2024-05-18 17:29:31 - [MESSAGE][PASSED] - Text 'fixed_width' is set on object 'Object Repository/VLink/Page_CCSale/txt_ResponseFormat'

2024-05-18 17:29:32 - [MESSAGE][PASSED] - Text 'ECOM' is set on object 'Object Repository/VLink/Page_CCSale/txt_Category'

2024-05-18 17:29:33 - [MESSAGE][PASSED] - Text '' is set on object 'Object Repository/VLink/Page_CCSale/txt_TransactionID'

2024-05-18 17:29:33 - [MESSAGE][PASSED] - Text '' is set on object 'Object Repository/VLink/Page_CCSale/txt_ApprovalCode'

2024-05-18 17:29:34 - [MESSAGE][PASSED] - Text 'Brij Mohan' is set on object 'Object Repository/VLink/Page_CCSale/txt_CardName'

2024-05-18 17:29:35 - [MESSAGE][PASSED] - Text '96581 Manchin St' is set on object 'Object Repository/VLink/Page_CCSale/txt_AL1'

2024-05-18 17:29:36 - [MESSAGE][PASSED] - Text 'Suite 56' is set on object 'Object Repository/VLink/Page_CCSale/txt_AL2'

2024-05-18 17:29:36 - [MESSAGE][PASSED] - Text 'Arlington' is set on object 'Object Repository/VLink/Page_CCSale/txt_CardCity'

2024-05-18 17:29:37 - [MESSAGE][PASSED] - Text 'VA' is set on object 'Object Repository/VLink/Page_CCSale/txt_CardState'

2024-05-18 17:29:38 - [MESSAGE][PASSED] - Text '22201' is set on object 'Object Repository/VLink/Page_CCSale/txt_CardZIP'

2024-05-18 17:29:38 - [MESSAGE][PASSED] - Text '840' is set on object 'Object Repository/VLink/Page_CCSale/txt_CountryID'

2024-05-18 17:29:39 - [MESSAGE][PASSED] - Text '1.50' is set on object 'Object Repository/VLink/Page_CCSale/txt_Amount'

2024-05-18 17:29:40 - [MESSAGE][PASSED] - Text '6011000993026909' is set on object 'Object Repository/VLink/Page_CCSale/txt_CardNumber'

2024-05-18 17:29:41 - [MESSAGE][PASSED] - Text '12' is set on object 'Object Repository/VLink/Page_CCSale/txt_ExpMonth'

2024-05-18 17:29:41 - [MESSAGE][PASSED] - Text '2025' is set on object 'Object Repository/VLink/Page_CCSale/txt_ExpYear'

2024-05-18 17:29:42 - [MESSAGE][PASSED] - Text '' is set on object 'Object Repository/VLink/Page_CCSale/txt_CVV'

2024-05-18 17:29:43 - [MESSAGE][PASSED] - Text '' is set on object 'Object Repository/VLink/Page_CCSale/txt_CVVstate'

2024-05-18 17:29:43 - [MESSAGE][PASSED] - Text '' is set on object 'Object Repository/VLink/Page_CCSale/txt_TrackData'

2024-05-18 17:29:44 - [MESSAGE][PASSED] - Text '' is set on object 'Object Repository/VLink/Page_CCSale/txt_Track1Data'

2024-05-18 17:29:45 - [MESSAGE][PASSED] - Text '' is set on object 'Object Repository/VLink/Page_CCSale/txt_Track2Data'

2024-05-18 17:29:45 - [MESSAGE][PASSED] - Text 'manual' is set on object 'Object Repository/VLink/Page_CCSale/txt_POSEntryMode'

2024-05-18 17:29:46 - [MESSAGE][PASSED] - Text 'iahmed@govolution.com' is set on object 'Object Repository/VLink/Page_CCSale/txt_Email'

2024-05-18 17:29:47 - [MESSAGE][PASSED] - Text '2569362' is set on object 'Object Repository/VLink/Page_CCSale/txt_OrderNumber'

2024-05-18 17:29:48 - [MESSAGE][PASSED] - Text '1.15' is set on object 'Object Repository/VLink/Page_CCSale/txt_TaxAmount'

2024-05-18 17:29:48 - [MESSAGE][PASSED] - Text 'Charge Description' is set on object 'Object Repository/VLink/Page_CCSale/txt_ChargeDescription'

2024-05-18 17:29:49 - [MESSAGE][PASSED] - Text '147357' is set on object 'Object Repository/VLink/Page_CCSale/txt_CAN'

2024-05-18 17:29:50 - [MESSAGE][PASSED] - Text '1' is set on object 'Object Repository/VLink/Page_CCSale/txt_BillPaymentIndicator'

2024-05-18 17:29:50 - [MESSAGE][PASSED] - Text 'UDF Data 1' is set on object 'Object Repository/VLink/Page_CCSale/txt_UDF1'

2024-05-18 17:29:51 - [MESSAGE][PASSED] - Text 'UDF Data 2' is set on object 'Object Repository/VLink/Page_CCSale/txt_UDF2'

2024-05-18 17:29:52 - [MESSAGE][PASSED] - Text 'UDF Data 3' is set on object 'Object Repository/VLink/Page_CCSale/txt_UDF3'

2024-05-18 17:29:52 - [MESSAGE][PASSED] - Text 'UDF Data 4' is set on object 'Object Repository/VLink/Page_CCSale/txt_UDF4'

2024-05-18 17:29:53 - [MESSAGE][PASSED] - Text 'UDF Data 5' is set on object 'Object Repository/VLink/Page_CCSale/txt_UDF5'

2024-05-18 17:29:54 - [MESSAGE][PASSED] - Text 'UDF Data 6' is set on object 'Object Repository/VLink/Page_CCSale/txt_UDF6'

2024-05-18 17:29:55 - [MESSAGE][PASSED] - Text 'UDF Data 7' is set on object 'Object Repository/VLink/Page_CCSale/txt_UDF7'

2024-05-18 17:29:55 - [MESSAGE][PASSED] - Text 'UDF Data 8' is set on object 'Object Repository/VLink/Page_CCSale/txt_UDF8'

2024-05-18 17:29:56 - [MESSAGE][PASSED] - Text 'UDF Data 9' is set on object 'Object Repository/VLink/Page_CCSale/txt_UDF9'

2024-05-18 17:29:57 - [MESSAGE][PASSED] - Text 'UDF Data 10' is set on object 'Object Repository/VLink/Page_CCSale/txt_UDF10'

2024-05-18 17:29:58 - [MESSAGE][PASSED] - Object: 'Object Repository/VLink/Page_CCSale/btn_ProcessVLinkTransaction' is clicked on

2024-05-18 17:30:03 - [MESSAGE][PASSED] - vlinkPages.saleCCPage.setDataSCC is PASSED

2024-05-18 17:30:03 - [TEST_STEP][PASSED] - if (verifyTextPresent("Transaction approved, no errors", true)): null

2024-05-18 17:30:04 - [MESSAGE][PASSED] - Text 'Transaction approved, no errors' is present on page  using regular expression

2024-05-18 17:30:04 - [TEST_STEP][PASSED] - println("Transaction Approved, no errors text is present on the Confirmation page"): null

2024-05-18 17:30:04 - [TEST_STEP][PASSED] - out.println("Pass Record Number: " + row): null

2024-05-18 17:30:04 - [TEST_STEP][PASSED] - resText = "Pass": null

2024-05-18 17:30:04 - [TEST_STEP][PASSED] - pages.WriteExcel.demoKey(resText, datText, resColumn, datCloumn, fileLoc, nameSheet, row): pages.WriteExcel.demoKey is PASSED

2024-05-18 17:30:04 - [MESSAGE][PASSED] - pages.WriteExcel.demoKey is PASSED

2024-05-18 17:30:04 - [TEST_STEP][PASSED] - sdfo = getText(findTestObject("Object Repository/Page_VLinkReceipt/pre_STX")): Text of object 'Object Repository/Page_VLinkReceipt/pre_STX' is: '<STX>HgUNq5ctBMHk                  12153362            0  Transaction approved, no errors                   0                                                                                  N DSC707   <ETX>'

2024-05-18 17:30:04 - [MESSAGE][PASSED] - Text of object 'Object Repository/Page_VLinkReceipt/pre_STX' is: '<STX>HgUNq5ctBMHk                  12153362            0  Transaction approved, no errors                   0                                                                                  N DSC707   <ETX>'

2024-05-18 17:30:04 - [TEST_STEP][PASSED] - out.println("sdfo: " + sdfo): null

2024-05-18 17:30:04 - [TEST_STEP][PASSED] - remID = substring(5, 35).trim(): null

2024-05-18 17:30:04 - [TEST_STEP][PASSED] - out.println("Remittance ID: " + remID): null

2024-05-18 17:30:04 - [TEST_STEP][PASSED] - traxID = substring(35, 55).trim(): null

2024-05-18 17:30:04 - [TEST_STEP][PASSED] - out.println("Transaction ID: " + traxID): null

2024-05-18 17:30:04 - [TEST_STEP][PASSED] - out.println("End Record Number: " + row): null

2024-05-18 17:30:04 - [TEST_STEP][PASSED] - closeBrowser(): Browser is closed

2024-05-18 17:30:05 - [MESSAGE][PASSED] - Browser is closed

2024-05-18 17:30:05 - [TEST_STEP][PASSED] - ExecuteTC = findTestData(dataFile).getValue("Execute", row): null

2024-05-18 17:30:05 - [TEST_STEP][PASSED] - out.println("Value of Execute is : " + ExecuteTC): null

2024-05-18 17:30:05 - [TEST_STEP][PASSED] - if (ExecuteTC.equalsIgnoreCase("Y")): Browser is closed

2024-05-18 17:30:05 - [TEST_STEP][PASSED] - out.println("Begin Record Number: " + row): null

2024-05-18 17:30:05 - [TEST_STEP][PASSED] - today = new java.util.Date(): null

2024-05-18 17:30:05 - [TEST_STEP][PASSED] - println(today): null

2024-05-18 17:30:05 - [TEST_STEP][PASSED] - datText = today: null

2024-05-18 17:30:05 - [TEST_STEP][PASSED] - openBrowser(VLinkURL + "authcap.html"): Browser is opened with url: 'https://dev-algorithm.govolution.com/vlinktest/QA2/version_2_0/authcap.html'

2024-05-18 17:30:05 - [MESSAGE][INFO] - Starting 'Chrome' driver

2024-05-18 17:30:05 - [MESSAGE][INFO] - User set preference: ['acceptInsecureCerts', 'true']

2024-05-18 17:30:05 - [MESSAGE][INFO] - Action delay is set to 0 milliseconds

2024-05-18 17:30:07 - [MESSAGE][PASSED] - Browser is opened with url: 'https://dev-algorithm.govolution.com/vlinktest/QA2/version_2_0/authcap.html'

2024-05-18 17:30:07 - [TEST_STEP][PASSED] - maximizeWindow(): Current window maximized

2024-05-18 17:30:08 - [MESSAGE][PASSED] - Current window maximized

2024-05-18 17:30:08 - [TEST_STEP][PASSED] - vlinkPages.saleCCPage.setDataSCC(row, dataFile): vlinkPages.saleCCPage.setDataSCC is PASSED

2024-05-18 17:30:11 - [MESSAGE][PASSED] - Object 'Object Repository/VLink/Page_CCSale/txt_CardNumber' is present

2024-05-18 17:30:11 - [MESSAGE][PASSED] - Text '104' is set on object 'Object Repository/VLink/Page_CCSale/txt_TransactionType'

2024-05-18 17:30:12 - [MESSAGE][PASSED] - Text '2.0C' is set on object 'Object Repository/VLink/Page_CCSale/txt_MessageVersion'

2024-05-18 17:30:13 - [MESSAGE][PASSED] - Text 'wLZ8ODsGEMsJ' is set on object 'Object Repository/VLink/Page_CCSale/txt_RemID'

2024-05-18 17:30:13 - [MESSAGE][PASSED] - Text '107' is set on object 'Object Repository/VLink/Page_CCSale/txt_ApplicationId'

2024-05-18 17:30:14 - [MESSAGE][PASSED] - Text 'username' is set on object 'Object Repository/VLink/Page_CCSale/txt_Username'

2024-05-18 17:30:15 - [MESSAGE][PASSED] - Text 'password' is set on object 'Object Repository/VLink/Page_CCSale/txt_Password'

2024-05-18 17:30:16 - [MESSAGE][PASSED] - Text 'fixed_width' is set on object 'Object Repository/VLink/Page_CCSale/txt_ResponseFormat'

2024-05-18 17:30:16 - [MESSAGE][PASSED] - Text 'MOTO' is set on object 'Object Repository/VLink/Page_CCSale/txt_Category'

2024-05-18 17:30:17 - [MESSAGE][PASSED] - Text '' is set on object 'Object Repository/VLink/Page_CCSale/txt_TransactionID'

2024-05-18 17:30:18 - [MESSAGE][PASSED] - Text '' is set on object 'Object Repository/VLink/Page_CCSale/txt_ApprovalCode'

2024-05-18 17:30:18 - [MESSAGE][PASSED] - Text 'Brij Mohan' is set on object 'Object Repository/VLink/Page_CCSale/txt_CardName'

2024-05-18 17:30:19 - [MESSAGE][PASSED] - Text '96581 Manchin St' is set on object 'Object Repository/VLink/Page_CCSale/txt_AL1'

2024-05-18 17:30:20 - [MESSAGE][PASSED] - Text 'Suite 56' is set on object 'Object Repository/VLink/Page_CCSale/txt_AL2'

2024-05-18 17:30:20 - [MESSAGE][PASSED] - Text 'Arlington' is set on object 'Object Repository/VLink/Page_CCSale/txt_CardCity'

2024-05-18 17:30:21 - [MESSAGE][PASSED] - Text 'VA' is set on object 'Object Repository/VLink/Page_CCSale/txt_CardState'

2024-05-18 17:30:22 - [MESSAGE][PASSED] - Text '22201' is set on object 'Object Repository/VLink/Page_CCSale/txt_CardZIP'

2024-05-18 17:30:23 - [MESSAGE][PASSED] - Text '840' is set on object 'Object Repository/VLink/Page_CCSale/txt_CountryID'

2024-05-18 17:30:23 - [MESSAGE][PASSED] - Text '1.50' is set on object 'Object Repository/VLink/Page_CCSale/txt_Amount'

2024-05-18 17:30:24 - [MESSAGE][PASSED] - Text '6011000993026909' is set on object 'Object Repository/VLink/Page_CCSale/txt_CardNumber'

2024-05-18 17:30:25 - [MESSAGE][PASSED] - Text '12' is set on object 'Object Repository/VLink/Page_CCSale/txt_ExpMonth'

2024-05-18 17:30:25 - [MESSAGE][PASSED] - Text '2025' is set on object 'Object Repository/VLink/Page_CCSale/txt_ExpYear'

2024-05-18 17:30:26 - [MESSAGE][PASSED] - Text '' is set on object 'Object Repository/VLink/Page_CCSale/txt_CVV'

2024-05-18 17:30:27 - [MESSAGE][PASSED] - Text '' is set on object 'Object Repository/VLink/Page_CCSale/txt_CVVstate'

2024-05-18 17:30:27 - [MESSAGE][PASSED] - Text '' is set on object 'Object Repository/VLink/Page_CCSale/txt_TrackData'

2024-05-18 17:30:28 - [MESSAGE][PASSED] - Text '' is set on object 'Object Repository/VLink/Page_CCSale/txt_Track1Data'

2024-05-18 17:30:29 - [MESSAGE][PASSED] - Text '' is set on object 'Object Repository/VLink/Page_CCSale/txt_Track2Data'

2024-05-18 17:30:29 - [MESSAGE][PASSED] - Text 'manual' is set on object 'Object Repository/VLink/Page_CCSale/txt_POSEntryMode'

2024-05-18 17:30:30 - [MESSAGE][PASSED] - Text 'iahmed@govolution.com' is set on object 'Object Repository/VLink/Page_CCSale/txt_Email'

2024-05-18 17:30:31 - [MESSAGE][PASSED] - Text '2569362' is set on object 'Object Repository/VLink/Page_CCSale/txt_OrderNumber'

2024-05-18 17:30:32 - [MESSAGE][PASSED] - Text '1.15' is set on object 'Object Repository/VLink/Page_CCSale/txt_TaxAmount'

2024-05-18 17:30:32 - [MESSAGE][PASSED] - Text 'Charge Description' is set on object 'Object Repository/VLink/Page_CCSale/txt_ChargeDescription'

2024-05-18 17:30:33 - [MESSAGE][PASSED] - Text '147357' is set on object 'Object Repository/VLink/Page_CCSale/txt_CAN'

2024-05-18 17:30:34 - [MESSAGE][PASSED] - Text '1' is set on object 'Object Repository/VLink/Page_CCSale/txt_BillPaymentIndicator'

2024-05-18 17:30:34 - [MESSAGE][PASSED] - Text 'UDF Data 1' is set on object 'Object Repository/VLink/Page_CCSale/txt_UDF1'

2024-05-18 17:30:35 - [MESSAGE][PASSED] - Text 'UDF Data 2' is set on object 'Object Repository/VLink/Page_CCSale/txt_UDF2'

2024-05-18 17:30:36 - [MESSAGE][PASSED] - Text 'UDF Data 3' is set on object 'Object Repository/VLink/Page_CCSale/txt_UDF3'

2024-05-18 17:30:37 - [MESSAGE][PASSED] - Text 'UDF Data 4' is set on object 'Object Repository/VLink/Page_CCSale/txt_UDF4'

2024-05-18 17:30:37 - [MESSAGE][PASSED] - Text 'UDF Data 5' is set on object 'Object Repository/VLink/Page_CCSale/txt_UDF5'

2024-05-18 17:30:38 - [MESSAGE][PASSED] - Text 'UDF Data 6' is set on object 'Object Repository/VLink/Page_CCSale/txt_UDF6'

2024-05-18 17:30:39 - [MESSAGE][PASSED] - Text 'UDF Data 7' is set on object 'Object Repository/VLink/Page_CCSale/txt_UDF7'

2024-05-18 17:30:39 - [MESSAGE][PASSED] - Text 'UDF Data 8' is set on object 'Object Repository/VLink/Page_CCSale/txt_UDF8'

2024-05-18 17:30:40 - [MESSAGE][PASSED] - Text 'UDF Data 9' is set on object 'Object Repository/VLink/Page_CCSale/txt_UDF9'

2024-05-18 17:30:41 - [MESSAGE][PASSED] - Text 'UDF Data 10' is set on object 'Object Repository/VLink/Page_CCSale/txt_UDF10'

2024-05-18 17:30:42 - [MESSAGE][PASSED] - Object: 'Object Repository/VLink/Page_CCSale/btn_ProcessVLinkTransaction' is clicked on

2024-05-18 17:30:47 - [MESSAGE][PASSED] - vlinkPages.saleCCPage.setDataSCC is PASSED

2024-05-18 17:30:47 - [TEST_STEP][PASSED] - if (verifyTextPresent("Transaction approved, no errors", true)): null

2024-05-18 17:30:48 - [MESSAGE][PASSED] - Text 'Transaction approved, no errors' is present on page  using regular expression

2024-05-18 17:30:48 - [TEST_STEP][PASSED] - println("Transaction Approved, no errors text is present on the Confirmation page"): null

2024-05-18 17:30:48 - [TEST_STEP][PASSED] - out.println("Pass Record Number: " + row): null

2024-05-18 17:30:48 - [TEST_STEP][PASSED] - resText = "Pass": null

2024-05-18 17:30:48 - [TEST_STEP][PASSED] - pages.WriteExcel.demoKey(resText, datText, resColumn, datCloumn, fileLoc, nameSheet, row): pages.WriteExcel.demoKey is PASSED

2024-05-18 17:30:48 - [MESSAGE][PASSED] - pages.WriteExcel.demoKey is PASSED

2024-05-18 17:30:48 - [TEST_STEP][PASSED] - sdfo = getText(findTestObject("Object Repository/Page_VLinkReceipt/pre_STX")): Text of object 'Object Repository/Page_VLinkReceipt/pre_STX' is: '<STX>wLZ8ODsGEMsJ                  12153363            0  Transaction approved, no errors                   0                                                                                  N DSC708   <ETX>'

2024-05-18 17:30:48 - [MESSAGE][PASSED] - Text of object 'Object Repository/Page_VLinkReceipt/pre_STX' is: '<STX>wLZ8ODsGEMsJ                  12153363            0  Transaction approved, no errors                   0                                                                                  N DSC708   <ETX>'

2024-05-18 17:30:48 - [TEST_STEP][PASSED] - out.println("sdfo: " + sdfo): null

2024-05-18 17:30:48 - [TEST_STEP][PASSED] - remID = substring(5, 35).trim(): null

2024-05-18 17:30:48 - [TEST_STEP][PASSED] - out.println("Remittance ID: " + remID): null

2024-05-18 17:30:48 - [TEST_STEP][PASSED] - traxID = substring(35, 55).trim(): null

2024-05-18 17:30:48 - [TEST_STEP][PASSED] - out.println("Transaction ID: " + traxID): null

2024-05-18 17:30:48 - [TEST_STEP][PASSED] - out.println("End Record Number: " + row): null

2024-05-18 17:30:48 - [TEST_STEP][PASSED] - closeBrowser(): Browser is closed

2024-05-18 17:30:49 - [MESSAGE][PASSED] - Browser is closed

2024-05-18 17:30:49 - [TEST_STEP][PASSED] - ExecuteTC = findTestData(dataFile).getValue("Execute", row): null

2024-05-18 17:30:49 - [TEST_STEP][PASSED] - out.println("Value of Execute is : " + ExecuteTC): null

2024-05-18 17:30:49 - [TEST_STEP][PASSED] - if (ExecuteTC.equalsIgnoreCase("Y")): Browser is closed

2024-05-18 17:30:49 - [TEST_STEP][PASSED] - out.println("Begin Record Number: " + row): null

2024-05-18 17:30:49 - [TEST_STEP][PASSED] - today = new java.util.Date(): null

2024-05-18 17:30:49 - [TEST_STEP][PASSED] - println(today): null

2024-05-18 17:30:49 - [TEST_STEP][PASSED] - datText = today: null

2024-05-18 17:30:49 - [TEST_STEP][PASSED] - openBrowser(VLinkURL + "authcap.html"): Browser is opened with url: 'https://dev-algorithm.govolution.com/vlinktest/QA2/version_2_0/authcap.html'

2024-05-18 17:30:49 - [MESSAGE][INFO] - Starting 'Chrome' driver

2024-05-18 17:30:49 - [MESSAGE][INFO] - User set preference: ['acceptInsecureCerts', 'true']

2024-05-18 17:30:49 - [MESSAGE][INFO] - Action delay is set to 0 milliseconds

2024-05-18 17:30:51 - [MESSAGE][PASSED] - Browser is opened with url: 'https://dev-algorithm.govolution.com/vlinktest/QA2/version_2_0/authcap.html'

2024-05-18 17:30:51 - [TEST_STEP][PASSED] - maximizeWindow(): Current window maximized

2024-05-18 17:30:52 - [MESSAGE][PASSED] - Current window maximized

2024-05-18 17:30:52 - [TEST_STEP][PASSED] - vlinkPages.saleCCPage.setDataSCC(row, dataFile): vlinkPages.saleCCPage.setDataSCC is PASSED

2024-05-18 17:30:55 - [MESSAGE][PASSED] - Object 'Object Repository/VLink/Page_CCSale/txt_CardNumber' is present

2024-05-18 17:30:56 - [MESSAGE][PASSED] - Text '104' is set on object 'Object Repository/VLink/Page_CCSale/txt_TransactionType'

2024-05-18 17:30:56 - [MESSAGE][PASSED] - Text '2.0C' is set on object 'Object Repository/VLink/Page_CCSale/txt_MessageVersion'

2024-05-18 17:30:57 - [MESSAGE][PASSED] - Text 'eey9KcWzwula' is set on object 'Object Repository/VLink/Page_CCSale/txt_RemID'

2024-05-18 17:30:58 - [MESSAGE][PASSED] - Text '107' is set on object 'Object Repository/VLink/Page_CCSale/txt_ApplicationId'

2024-05-18 17:30:58 - [MESSAGE][PASSED] - Text 'username' is set on object 'Object Repository/VLink/Page_CCSale/txt_Username'

2024-05-18 17:30:59 - [MESSAGE][PASSED] - Text 'password' is set on object 'Object Repository/VLink/Page_CCSale/txt_Password'

2024-05-18 17:31:00 - [MESSAGE][PASSED] - Text 'fixed_width' is set on object 'Object Repository/VLink/Page_CCSale/txt_ResponseFormat'

2024-05-18 17:31:00 - [MESSAGE][PASSED] - Text 'RETL' is set on object 'Object Repository/VLink/Page_CCSale/txt_Category'

2024-05-18 17:31:01 - [MESSAGE][PASSED] - Text '' is set on object 'Object Repository/VLink/Page_CCSale/txt_TransactionID'

2024-05-18 17:31:02 - [MESSAGE][PASSED] - Text '' is set on object 'Object Repository/VLink/Page_CCSale/txt_ApprovalCode'

2024-05-18 17:31:02 - [MESSAGE][PASSED] - Text 'Brij Mohan' is set on object 'Object Repository/VLink/Page_CCSale/txt_CardName'

2024-05-18 17:31:03 - [MESSAGE][PASSED] - Text '96581 Manchin St' is set on object 'Object Repository/VLink/Page_CCSale/txt_AL1'

2024-05-18 17:31:04 - [MESSAGE][PASSED] - Text 'Suite 56' is set on object 'Object Repository/VLink/Page_CCSale/txt_AL2'

2024-05-18 17:31:05 - [MESSAGE][PASSED] - Text 'Arlington' is set on object 'Object Repository/VLink/Page_CCSale/txt_CardCity'

2024-05-18 17:31:05 - [MESSAGE][PASSED] - Text 'VA' is set on object 'Object Repository/VLink/Page_CCSale/txt_CardState'

2024-05-18 17:31:06 - [MESSAGE][PASSED] - Text '22201' is set on object 'Object Repository/VLink/Page_CCSale/txt_CardZIP'

2024-05-18 17:31:07 - [MESSAGE][PASSED] - Text '840' is set on object 'Object Repository/VLink/Page_CCSale/txt_CountryID'

2024-05-18 17:31:07 - [MESSAGE][PASSED] - Text '1.50' is set on object 'Object Repository/VLink/Page_CCSale/txt_Amount'

2024-05-18 17:31:08 - [MESSAGE][PASSED] - Text '6011000993026909' is set on object 'Object Repository/VLink/Page_CCSale/txt_CardNumber'

2024-05-18 17:31:09 - [MESSAGE][PASSED] - Text '12' is set on object 'Object Repository/VLink/Page_CCSale/txt_ExpMonth'

2024-05-18 17:31:09 - [MESSAGE][PASSED] - Text '2025' is set on object 'Object Repository/VLink/Page_CCSale/txt_ExpYear'

2024-05-18 17:31:10 - [MESSAGE][PASSED] - Text '' is set on object 'Object Repository/VLink/Page_CCSale/txt_CVV'

2024-05-18 17:31:11 - [MESSAGE][PASSED] - Text '' is set on object 'Object Repository/VLink/Page_CCSale/txt_CVVstate'

2024-05-18 17:31:11 - [MESSAGE][PASSED] - Text '' is set on object 'Object Repository/VLink/Page_CCSale/txt_TrackData'

2024-05-18 17:31:12 - [MESSAGE][PASSED] - Text '' is set on object 'Object Repository/VLink/Page_CCSale/txt_Track1Data'

2024-05-18 17:31:13 - [MESSAGE][PASSED] - Text '' is set on object 'Object Repository/VLink/Page_CCSale/txt_Track2Data'

2024-05-18 17:31:13 - [MESSAGE][PASSED] - Text 'manual' is set on object 'Object Repository/VLink/Page_CCSale/txt_POSEntryMode'

2024-05-18 17:31:14 - [MESSAGE][PASSED] - Text 'iahmed@govolution.com' is set on object 'Object Repository/VLink/Page_CCSale/txt_Email'

2024-05-18 17:31:15 - [MESSAGE][PASSED] - Text '2569362' is set on object 'Object Repository/VLink/Page_CCSale/txt_OrderNumber'

2024-05-18 17:31:15 - [MESSAGE][PASSED] - Text '1.15' is set on object 'Object Repository/VLink/Page_CCSale/txt_TaxAmount'

2024-05-18 17:31:16 - [MESSAGE][PASSED] - Text 'Charge Description' is set on object 'Object Repository/VLink/Page_CCSale/txt_ChargeDescription'

2024-05-18 17:31:17 - [MESSAGE][PASSED] - Text '147357' is set on object 'Object Repository/VLink/Page_CCSale/txt_CAN'

2024-05-18 17:31:17 - [MESSAGE][PASSED] - Text '1' is set on object 'Object Repository/VLink/Page_CCSale/txt_BillPaymentIndicator'

2024-05-18 17:31:18 - [MESSAGE][PASSED] - Text 'UDF Data 1' is set on object 'Object Repository/VLink/Page_CCSale/txt_UDF1'

2024-05-18 17:31:19 - [MESSAGE][PASSED] - Text 'UDF Data 2' is set on object 'Object Repository/VLink/Page_CCSale/txt_UDF2'

2024-05-18 17:31:19 - [MESSAGE][PASSED] - Text 'UDF Data 3' is set on object 'Object Repository/VLink/Page_CCSale/txt_UDF3'

2024-05-18 17:31:20 - [MESSAGE][PASSED] - Text 'UDF Data 4' is set on object 'Object Repository/VLink/Page_CCSale/txt_UDF4'

2024-05-18 17:31:21 - [MESSAGE][PASSED] - Text 'UDF Data 5' is set on object 'Object Repository/VLink/Page_CCSale/txt_UDF5'

2024-05-18 17:31:21 - [MESSAGE][PASSED] - Text 'UDF Data 6' is set on object 'Object Repository/VLink/Page_CCSale/txt_UDF6'

2024-05-18 17:31:22 - [MESSAGE][PASSED] - Text 'UDF Data 7' is set on object 'Object Repository/VLink/Page_CCSale/txt_UDF7'

2024-05-18 17:31:23 - [MESSAGE][PASSED] - Text 'UDF Data 8' is set on object 'Object Repository/VLink/Page_CCSale/txt_UDF8'

2024-05-18 17:31:23 - [MESSAGE][PASSED] - Text 'UDF Data 9' is set on object 'Object Repository/VLink/Page_CCSale/txt_UDF9'

2024-05-18 17:31:24 - [MESSAGE][PASSED] - Text 'UDF Data 10' is set on object 'Object Repository/VLink/Page_CCSale/txt_UDF10'

2024-05-18 17:31:26 - [MESSAGE][PASSED] - Object: 'Object Repository/VLink/Page_CCSale/btn_ProcessVLinkTransaction' is clicked on

2024-05-18 17:31:31 - [MESSAGE][PASSED] - vlinkPages.saleCCPage.setDataSCC is PASSED

2024-05-18 17:31:31 - [TEST_STEP][PASSED] - if (verifyTextPresent("Transaction approved, no errors", true)): null

2024-05-18 17:31:31 - [MESSAGE][PASSED] - Text 'Transaction approved, no errors' is present on page  using regular expression

2024-05-18 17:31:31 - [TEST_STEP][PASSED] - println("Transaction Approved, no errors text is present on the Confirmation page"): null

2024-05-18 17:31:31 - [TEST_STEP][PASSED] - out.println("Pass Record Number: " + row): null

2024-05-18 17:31:31 - [TEST_STEP][PASSED] - resText = "Pass": null

2024-05-18 17:31:31 - [TEST_STEP][PASSED] - pages.WriteExcel.demoKey(resText, datText, resColumn, datCloumn, fileLoc, nameSheet, row): pages.WriteExcel.demoKey is PASSED

2024-05-18 17:31:31 - [MESSAGE][PASSED] - pages.WriteExcel.demoKey is PASSED

2024-05-18 17:31:31 - [TEST_STEP][PASSED] - sdfo = getText(findTestObject("Object Repository/Page_VLinkReceipt/pre_STX")): Text of object 'Object Repository/Page_VLinkReceipt/pre_STX' is: '<STX>eey9KcWzwula                  12153364            0  Transaction approved, no errors                   0                                                                                  N DSC709   <ETX>'

2024-05-18 17:31:31 - [MESSAGE][PASSED] - Text of object 'Object Repository/Page_VLinkReceipt/pre_STX' is: '<STX>eey9KcWzwula                  12153364            0  Transaction approved, no errors                   0                                                                                  N DSC709   <ETX>'

2024-05-18 17:31:31 - [TEST_STEP][PASSED] - out.println("sdfo: " + sdfo): null

2024-05-18 17:31:31 - [TEST_STEP][PASSED] - remID = substring(5, 35).trim(): null

2024-05-18 17:31:31 - [TEST_STEP][PASSED] - out.println("Remittance ID: " + remID): null

2024-05-18 17:31:31 - [TEST_STEP][PASSED] - traxID = substring(35, 55).trim(): null

2024-05-18 17:31:31 - [TEST_STEP][PASSED] - out.println("Transaction ID: " + traxID): null

2024-05-18 17:31:31 - [TEST_STEP][PASSED] - out.println("End Record Number: " + row): null

2024-05-18 17:31:31 - [TEST_STEP][PASSED] - closeBrowser(): Browser is closed

2024-05-18 17:31:33 - [MESSAGE][PASSED] - Browser is closed

2024-05-18 17:31:33 - [TEST_STEP][PASSED] - ExecuteTC = findTestData(dataFile).getValue("Execute", row): null

2024-05-18 17:31:33 - [TEST_STEP][PASSED] - out.println("Value of Execute is : " + ExecuteTC): null

2024-05-18 17:31:33 - [TEST_STEP][PASSED] - if (ExecuteTC.equalsIgnoreCase("Y")): Browser is closed

2024-05-18 17:31:33 - [TEST_STEP][PASSED] - out.println("Begin Record Number: " + row): null

2024-05-18 17:31:33 - [TEST_STEP][PASSED] - today = new java.util.Date(): null

2024-05-18 17:31:33 - [TEST_STEP][PASSED] - println(today): null

2024-05-18 17:31:33 - [TEST_STEP][PASSED] - datText = today: null

2024-05-18 17:31:33 - [TEST_STEP][PASSED] - openBrowser(VLinkURL + "authcap.html"): Browser is opened with url: 'https://dev-algorithm.govolution.com/vlinktest/QA2/version_2_0/authcap.html'

2024-05-18 17:31:33 - [MESSAGE][INFO] - Starting 'Chrome' driver

2024-05-18 17:31:33 - [MESSAGE][INFO] - User set preference: ['acceptInsecureCerts', 'true']

2024-05-18 17:31:33 - [MESSAGE][INFO] - Action delay is set to 0 milliseconds

2024-05-18 17:31:35 - [MESSAGE][PASSED] - Browser is opened with url: 'https://dev-algorithm.govolution.com/vlinktest/QA2/version_2_0/authcap.html'

2024-05-18 17:31:35 - [TEST_STEP][PASSED] - maximizeWindow(): Current window maximized

2024-05-18 17:31:35 - [MESSAGE][PASSED] - Current window maximized

2024-05-18 17:31:35 - [TEST_STEP][PASSED] - vlinkPages.saleCCPage.setDataSCC(row, dataFile): vlinkPages.saleCCPage.setDataSCC is PASSED

2024-05-18 17:31:38 - [MESSAGE][PASSED] - Object 'Object Repository/VLink/Page_CCSale/txt_CardNumber' is present

2024-05-18 17:31:39 - [MESSAGE][PASSED] - Text '104' is set on object 'Object Repository/VLink/Page_CCSale/txt_TransactionType'

2024-05-18 17:31:40 - [MESSAGE][PASSED] - Text '2.0C' is set on object 'Object Repository/VLink/Page_CCSale/txt_MessageVersion'

2024-05-18 17:31:40 - [MESSAGE][PASSED] - Text 'TIUCRhi9eeEf' is set on object 'Object Repository/VLink/Page_CCSale/txt_RemID'

2024-05-18 17:31:41 - [MESSAGE][PASSED] - Text '501' is set on object 'Object Repository/VLink/Page_CCSale/txt_ApplicationId'

2024-05-18 17:31:42 - [MESSAGE][PASSED] - Text 'user501' is set on object 'Object Repository/VLink/Page_CCSale/txt_Username'

2024-05-18 17:31:42 - [MESSAGE][PASSED] - Text 'pwd501' is set on object 'Object Repository/VLink/Page_CCSale/txt_Password'

2024-05-18 17:31:43 - [MESSAGE][PASSED] - Text 'fixed_width' is set on object 'Object Repository/VLink/Page_CCSale/txt_ResponseFormat'

2024-05-18 17:31:44 - [MESSAGE][PASSED] - Text 'ECOM' is set on object 'Object Repository/VLink/Page_CCSale/txt_Category'

2024-05-18 17:31:44 - [MESSAGE][PASSED] - Text '' is set on object 'Object Repository/VLink/Page_CCSale/txt_TransactionID'

2024-05-18 17:31:45 - [MESSAGE][PASSED] - Text '' is set on object 'Object Repository/VLink/Page_CCSale/txt_ApprovalCode'

2024-05-18 17:31:46 - [MESSAGE][PASSED] - Text 'Brij Mohan' is set on object 'Object Repository/VLink/Page_CCSale/txt_CardName'

2024-05-18 17:31:47 - [MESSAGE][PASSED] - Text '96581 Manchin St' is set on object 'Object Repository/VLink/Page_CCSale/txt_AL1'

2024-05-18 17:31:47 - [MESSAGE][PASSED] - Text 'Suite 56' is set on object 'Object Repository/VLink/Page_CCSale/txt_AL2'

2024-05-18 17:31:48 - [MESSAGE][PASSED] - Text 'Arlington' is set on object 'Object Repository/VLink/Page_CCSale/txt_CardCity'

2024-05-18 17:31:49 - [MESSAGE][PASSED] - Text 'VA' is set on object 'Object Repository/VLink/Page_CCSale/txt_CardState'

2024-05-18 17:31:49 - [MESSAGE][PASSED] - Text '22201' is set on object 'Object Repository/VLink/Page_CCSale/txt_CardZIP'

2024-05-18 17:31:50 - [MESSAGE][PASSED] - Text '840' is set on object 'Object Repository/VLink/Page_CCSale/txt_CountryID'

2024-05-18 17:31:51 - [MESSAGE][PASSED] - Text '1.50' is set on object 'Object Repository/VLink/Page_CCSale/txt_Amount'

2024-05-18 17:31:52 - [MESSAGE][PASSED] - Text '4012000098765439' is set on object 'Object Repository/VLink/Page_CCSale/txt_CardNumber'

2024-05-18 17:31:52 - [MESSAGE][PASSED] - Text '12' is set on object 'Object Repository/VLink/Page_CCSale/txt_ExpMonth'

2024-05-18 17:31:53 - [MESSAGE][PASSED] - Text '2025' is set on object 'Object Repository/VLink/Page_CCSale/txt_ExpYear'

2024-05-18 17:31:54 - [MESSAGE][PASSED] - Text '' is set on object 'Object Repository/VLink/Page_CCSale/txt_CVV'

2024-05-18 17:31:54 - [MESSAGE][PASSED] - Text '' is set on object 'Object Repository/VLink/Page_CCSale/txt_CVVstate'

2024-05-18 17:31:55 - [MESSAGE][PASSED] - Text '' is set on object 'Object Repository/VLink/Page_CCSale/txt_TrackData'

2024-05-18 17:31:56 - [MESSAGE][PASSED] - Text '' is set on object 'Object Repository/VLink/Page_CCSale/txt_Track1Data'

2024-05-18 17:31:56 - [MESSAGE][PASSED] - Text '' is set on object 'Object Repository/VLink/Page_CCSale/txt_Track2Data'

2024-05-18 17:31:57 - [MESSAGE][PASSED] - Text 'manual' is set on object 'Object Repository/VLink/Page_CCSale/txt_POSEntryMode'

2024-05-18 17:31:58 - [MESSAGE][PASSED] - Text 'iahmed@govolution.com' is set on object 'Object Repository/VLink/Page_CCSale/txt_Email'

2024-05-18 17:31:58 - [MESSAGE][PASSED] - Text '2569362' is set on object 'Object Repository/VLink/Page_CCSale/txt_OrderNumber'

2024-05-18 17:31:59 - [MESSAGE][PASSED] - Text '0' is set on object 'Object Repository/VLink/Page_CCSale/txt_TaxAmount'

2024-05-18 17:32:00 - [MESSAGE][PASSED] - Text 'Charge Description' is set on object 'Object Repository/VLink/Page_CCSale/txt_ChargeDescription'

2024-05-18 17:32:00 - [MESSAGE][PASSED] - Text '147357' is set on object 'Object Repository/VLink/Page_CCSale/txt_CAN'

2024-05-18 17:32:01 - [MESSAGE][PASSED] - Text '1' is set on object 'Object Repository/VLink/Page_CCSale/txt_BillPaymentIndicator'

2024-05-18 17:32:02 - [MESSAGE][PASSED] - Text 'UDF Data 1' is set on object 'Object Repository/VLink/Page_CCSale/txt_UDF1'

2024-05-18 17:32:02 - [MESSAGE][PASSED] - Text 'UDF Data 2' is set on object 'Object Repository/VLink/Page_CCSale/txt_UDF2'

2024-05-18 17:32:03 - [MESSAGE][PASSED] - Text 'UDF Data 3' is set on object 'Object Repository/VLink/Page_CCSale/txt_UDF3'

2024-05-18 17:32:04 - [MESSAGE][PASSED] - Text 'UDF Data 4' is set on object 'Object Repository/VLink/Page_CCSale/txt_UDF4'

2024-05-18 17:32:05 - [MESSAGE][PASSED] - Text 'UDF Data 5' is set on object 'Object Repository/VLink/Page_CCSale/txt_UDF5'

2024-05-18 17:32:05 - [MESSAGE][PASSED] - Text 'UDF Data 6' is set on object 'Object Repository/VLink/Page_CCSale/txt_UDF6'

2024-05-18 17:32:06 - [MESSAGE][PASSED] - Text 'UDF Data 7' is set on object 'Object Repository/VLink/Page_CCSale/txt_UDF7'

2024-05-18 17:32:07 - [MESSAGE][PASSED] - Text 'UDF Data 8' is set on object 'Object Repository/VLink/Page_CCSale/txt_UDF8'

2024-05-18 17:32:07 - [MESSAGE][PASSED] - Text 'UDF Data 9' is set on object 'Object Repository/VLink/Page_CCSale/txt_UDF9'

2024-05-18 17:32:08 - [MESSAGE][PASSED] - Text 'UDF Data 10' is set on object 'Object Repository/VLink/Page_CCSale/txt_UDF10'

2024-05-18 17:32:12 - [MESSAGE][PASSED] - Object: 'Object Repository/VLink/Page_CCSale/btn_ProcessVLinkTransaction' is clicked on

2024-05-18 17:32:17 - [MESSAGE][PASSED] - vlinkPages.saleCCPage.setDataSCC is PASSED

2024-05-18 17:32:17 - [TEST_STEP][PASSED] - if (verifyTextPresent("Transaction approved, no errors", true)): null

2024-05-18 17:32:18 - [MESSAGE][PASSED] - Text 'Transaction approved, no errors' is present on page  using regular expression

2024-05-18 17:32:18 - [TEST_STEP][PASSED] - println("Transaction Approved, no errors text is present on the Confirmation page"): null

2024-05-18 17:32:18 - [TEST_STEP][PASSED] - out.println("Pass Record Number: " + row): null

2024-05-18 17:32:18 - [TEST_STEP][PASSED] - resText = "Pass": null

2024-05-18 17:32:18 - [TEST_STEP][PASSED] - pages.WriteExcel.demoKey(resText, datText, resColumn, datCloumn, fileLoc, nameSheet, row): pages.WriteExcel.demoKey is PASSED

2024-05-18 17:32:18 - [MESSAGE][PASSED] - pages.WriteExcel.demoKey is PASSED

2024-05-18 17:32:18 - [TEST_STEP][PASSED] - sdfo = getText(findTestObject("Object Repository/Page_VLinkReceipt/pre_STX")): Text of object 'Object Repository/Page_VLinkReceipt/pre_STX' is: '<STX>TIUCRhi9eeEf                  12153365            0  Transaction approved, no errors                   0                                                                                  Y OK0778   <ETX>'

2024-05-18 17:32:18 - [MESSAGE][PASSED] - Text of object 'Object Repository/Page_VLinkReceipt/pre_STX' is: '<STX>TIUCRhi9eeEf                  12153365            0  Transaction approved, no errors                   0                                                                                  Y OK0778   <ETX>'

2024-05-18 17:32:18 - [TEST_STEP][PASSED] - out.println("sdfo: " + sdfo): null

2024-05-18 17:32:18 - [TEST_STEP][PASSED] - remID = substring(5, 35).trim(): null

2024-05-18 17:32:18 - [TEST_STEP][PASSED] - out.println("Remittance ID: " + remID): null

2024-05-18 17:32:18 - [TEST_STEP][PASSED] - traxID = substring(35, 55).trim(): null

2024-05-18 17:32:18 - [TEST_STEP][PASSED] - out.println("Transaction ID: " + traxID): null

2024-05-18 17:32:18 - [TEST_STEP][PASSED] - out.println("End Record Number: " + row): null

2024-05-18 17:32:18 - [TEST_STEP][PASSED] - closeBrowser(): Browser is closed

2024-05-18 17:32:20 - [MESSAGE][PASSED] - Browser is closed

2024-05-18 17:32:20 - [TEST_STEP][PASSED] - ExecuteTC = findTestData(dataFile).getValue("Execute", row): null

2024-05-18 17:32:20 - [TEST_STEP][PASSED] - out.println("Value of Execute is : " + ExecuteTC): null

2024-05-18 17:32:20 - [TEST_STEP][PASSED] - if (ExecuteTC.equalsIgnoreCase("Y")): Browser is closed

2024-05-18 17:32:20 - [TEST_STEP][PASSED] - out.println("Begin Record Number: " + row): null

2024-05-18 17:32:20 - [TEST_STEP][PASSED] - today = new java.util.Date(): null

2024-05-18 17:32:20 - [TEST_STEP][PASSED] - println(today): null

2024-05-18 17:32:20 - [TEST_STEP][PASSED] - datText = today: null

2024-05-18 17:32:20 - [TEST_STEP][PASSED] - openBrowser(VLinkURL + "authcap.html"): Browser is opened with url: 'https://dev-algorithm.govolution.com/vlinktest/QA2/version_2_0/authcap.html'

2024-05-18 17:32:20 - [MESSAGE][INFO] - Starting 'Chrome' driver

2024-05-18 17:32:20 - [MESSAGE][INFO] - User set preference: ['acceptInsecureCerts', 'true']

2024-05-18 17:32:20 - [MESSAGE][INFO] - Action delay is set to 0 milliseconds

2024-05-18 17:32:22 - [MESSAGE][PASSED] - Browser is opened with url: 'https://dev-algorithm.govolution.com/vlinktest/QA2/version_2_0/authcap.html'

2024-05-18 17:32:22 - [TEST_STEP][PASSED] - maximizeWindow(): Current window maximized

2024-05-18 17:32:22 - [MESSAGE][PASSED] - Current window maximized

2024-05-18 17:32:22 - [TEST_STEP][PASSED] - vlinkPages.saleCCPage.setDataSCC(row, dataFile): vlinkPages.saleCCPage.setDataSCC is PASSED

2024-05-18 17:32:25 - [MESSAGE][PASSED] - Object 'Object Repository/VLink/Page_CCSale/txt_CardNumber' is present

2024-05-18 17:32:26 - [MESSAGE][PASSED] - Text '104' is set on object 'Object Repository/VLink/Page_CCSale/txt_TransactionType'

2024-05-18 17:32:27 - [MESSAGE][PASSED] - Text '2.0C' is set on object 'Object Repository/VLink/Page_CCSale/txt_MessageVersion'

2024-05-18 17:32:27 - [MESSAGE][PASSED] - Text 'Kaqr2gPGxXHl' is set on object 'Object Repository/VLink/Page_CCSale/txt_RemID'

2024-05-18 17:32:28 - [MESSAGE][PASSED] - Text '501' is set on object 'Object Repository/VLink/Page_CCSale/txt_ApplicationId'

2024-05-18 17:32:29 - [MESSAGE][PASSED] - Text 'user501' is set on object 'Object Repository/VLink/Page_CCSale/txt_Username'

2024-05-18 17:32:29 - [MESSAGE][PASSED] - Text 'pwd501' is set on object 'Object Repository/VLink/Page_CCSale/txt_Password'

2024-05-18 17:32:30 - [MESSAGE][PASSED] - Text 'fixed_width' is set on object 'Object Repository/VLink/Page_CCSale/txt_ResponseFormat'

2024-05-18 17:32:31 - [MESSAGE][PASSED] - Text 'MOTO' is set on object 'Object Repository/VLink/Page_CCSale/txt_Category'

2024-05-18 17:32:31 - [MESSAGE][PASSED] - Text '' is set on object 'Object Repository/VLink/Page_CCSale/txt_TransactionID'

2024-05-18 17:32:32 - [MESSAGE][PASSED] - Text '' is set on object 'Object Repository/VLink/Page_CCSale/txt_ApprovalCode'

2024-05-18 17:32:33 - [MESSAGE][PASSED] - Text 'Brij Mohan' is set on object 'Object Repository/VLink/Page_CCSale/txt_CardName'

2024-05-18 17:32:33 - [MESSAGE][PASSED] - Text '96581 Manchin St' is set on object 'Object Repository/VLink/Page_CCSale/txt_AL1'

2024-05-18 17:32:34 - [MESSAGE][PASSED] - Text 'Suite 56' is set on object 'Object Repository/VLink/Page_CCSale/txt_AL2'

2024-05-18 17:32:35 - [MESSAGE][PASSED] - Text 'Arlington' is set on object 'Object Repository/VLink/Page_CCSale/txt_CardCity'

2024-05-18 17:32:36 - [MESSAGE][PASSED] - Text 'VA' is set on object 'Object Repository/VLink/Page_CCSale/txt_CardState'

2024-05-18 17:32:36 - [MESSAGE][PASSED] - Text '22201' is set on object 'Object Repository/VLink/Page_CCSale/txt_CardZIP'

2024-05-18 17:32:37 - [MESSAGE][PASSED] - Text '840' is set on object 'Object Repository/VLink/Page_CCSale/txt_CountryID'

2024-05-18 17:32:38 - [MESSAGE][PASSED] - Text '1.50' is set on object 'Object Repository/VLink/Page_CCSale/txt_Amount'

2024-05-18 17:32:38 - [MESSAGE][PASSED] - Text '4012000098765439' is set on object 'Object Repository/VLink/Page_CCSale/txt_CardNumber'

2024-05-18 17:32:39 - [MESSAGE][PASSED] - Text '12' is set on object 'Object Repository/VLink/Page_CCSale/txt_ExpMonth'

2024-05-18 17:32:40 - [MESSAGE][PASSED] - Text '2025' is set on object 'Object Repository/VLink/Page_CCSale/txt_ExpYear'

2024-05-18 17:32:40 - [MESSAGE][PASSED] - Text '' is set on object 'Object Repository/VLink/Page_CCSale/txt_CVV'

2024-05-18 17:32:41 - [MESSAGE][PASSED] - Text '' is set on object 'Object Repository/VLink/Page_CCSale/txt_CVVstate'

2024-05-18 17:32:42 - [MESSAGE][PASSED] - Text '' is set on object 'Object Repository/VLink/Page_CCSale/txt_TrackData'

2024-05-18 17:32:42 - [MESSAGE][PASSED] - Text '' is set on object 'Object Repository/VLink/Page_CCSale/txt_Track1Data'

2024-05-18 17:32:43 - [MESSAGE][PASSED] - Text '' is set on object 'Object Repository/VLink/Page_CCSale/txt_Track2Data'

2024-05-18 17:32:44 - [MESSAGE][PASSED] - Text 'manual' is set on object 'Object Repository/VLink/Page_CCSale/txt_POSEntryMode'

2024-05-18 17:32:45 - [MESSAGE][PASSED] - Text 'iahmed@govolution.com' is set on object 'Object Repository/VLink/Page_CCSale/txt_Email'

2024-05-18 17:32:45 - [MESSAGE][PASSED] - Text '2569362' is set on object 'Object Repository/VLink/Page_CCSale/txt_OrderNumber'

2024-05-18 17:32:46 - [MESSAGE][PASSED] - Text '0' is set on object 'Object Repository/VLink/Page_CCSale/txt_TaxAmount'

2024-05-18 17:32:47 - [MESSAGE][PASSED] - Text 'Charge Description' is set on object 'Object Repository/VLink/Page_CCSale/txt_ChargeDescription'

2024-05-18 17:32:47 - [MESSAGE][PASSED] - Text '147357' is set on object 'Object Repository/VLink/Page_CCSale/txt_CAN'

2024-05-18 17:32:48 - [MESSAGE][PASSED] - Text '1' is set on object 'Object Repository/VLink/Page_CCSale/txt_BillPaymentIndicator'

2024-05-18 17:32:49 - [MESSAGE][PASSED] - Text 'UDF Data 1' is set on object 'Object Repository/VLink/Page_CCSale/txt_UDF1'

2024-05-18 17:32:50 - [MESSAGE][PASSED] - Text 'UDF Data 2' is set on object 'Object Repository/VLink/Page_CCSale/txt_UDF2'

2024-05-18 17:32:50 - [MESSAGE][PASSED] - Text 'UDF Data 3' is set on object 'Object Repository/VLink/Page_CCSale/txt_UDF3'

2024-05-18 17:32:51 - [MESSAGE][PASSED] - Text 'UDF Data 4' is set on object 'Object Repository/VLink/Page_CCSale/txt_UDF4'

2024-05-18 17:32:52 - [MESSAGE][PASSED] - Text 'UDF Data 5' is set on object 'Object Repository/VLink/Page_CCSale/txt_UDF5'

2024-05-18 17:32:52 - [MESSAGE][PASSED] - Text 'UDF Data 6' is set on object 'Object Repository/VLink/Page_CCSale/txt_UDF6'

2024-05-18 17:32:53 - [MESSAGE][PASSED] - Text 'UDF Data 7' is set on object 'Object Repository/VLink/Page_CCSale/txt_UDF7'

2024-05-18 17:32:54 - [MESSAGE][PASSED] - Text 'UDF Data 8' is set on object 'Object Repository/VLink/Page_CCSale/txt_UDF8'

2024-05-18 17:32:54 - [MESSAGE][PASSED] - Text 'UDF Data 9' is set on object 'Object Repository/VLink/Page_CCSale/txt_UDF9'

2024-05-18 17:32:55 - [MESSAGE][PASSED] - Text 'UDF Data 10' is set on object 'Object Repository/VLink/Page_CCSale/txt_UDF10'

2024-05-18 17:33:00 - [MESSAGE][PASSED] - Object: 'Object Repository/VLink/Page_CCSale/btn_ProcessVLinkTransaction' is clicked on

2024-05-18 17:33:05 - [MESSAGE][PASSED] - vlinkPages.saleCCPage.setDataSCC is PASSED

2024-05-18 17:33:05 - [TEST_STEP][PASSED] - if (verifyTextPresent("Transaction approved, no errors", true)): null

2024-05-18 17:33:05 - [MESSAGE][PASSED] - Text 'Transaction approved, no errors' is present on page  using regular expression

2024-05-18 17:33:05 - [TEST_STEP][PASSED] - println("Transaction Approved, no errors text is present on the Confirmation page"): null

2024-05-18 17:33:05 - [TEST_STEP][PASSED] - out.println("Pass Record Number: " + row): null

2024-05-18 17:33:05 - [TEST_STEP][PASSED] - resText = "Pass": null

2024-05-18 17:33:05 - [TEST_STEP][PASSED] - pages.WriteExcel.demoKey(resText, datText, resColumn, datCloumn, fileLoc, nameSheet, row): pages.WriteExcel.demoKey is PASSED

2024-05-18 17:33:05 - [MESSAGE][PASSED] - pages.WriteExcel.demoKey is PASSED

2024-05-18 17:33:05 - [TEST_STEP][PASSED] - sdfo = getText(findTestObject("Object Repository/Page_VLinkReceipt/pre_STX")): Text of object 'Object Repository/Page_VLinkReceipt/pre_STX' is: '<STX>Kaqr2gPGxXHl                  12153366            0  Transaction approved, no errors                   0                                                                                  Y OK0788   <ETX>'

2024-05-18 17:33:05 - [MESSAGE][PASSED] - Text of object 'Object Repository/Page_VLinkReceipt/pre_STX' is: '<STX>Kaqr2gPGxXHl                  12153366            0  Transaction approved, no errors                   0                                                                                  Y OK0788   <ETX>'

2024-05-18 17:33:05 - [TEST_STEP][PASSED] - out.println("sdfo: " + sdfo): null

2024-05-18 17:33:05 - [TEST_STEP][PASSED] - remID = substring(5, 35).trim(): null

2024-05-18 17:33:05 - [TEST_STEP][PASSED] - out.println("Remittance ID: " + remID): null

2024-05-18 17:33:05 - [TEST_STEP][PASSED] - traxID = substring(35, 55).trim(): null

2024-05-18 17:33:05 - [TEST_STEP][PASSED] - out.println("Transaction ID: " + traxID): null

2024-05-18 17:33:05 - [TEST_STEP][PASSED] - out.println("End Record Number: " + row): null

2024-05-18 17:33:05 - [TEST_STEP][PASSED] - closeBrowser(): Browser is closed

2024-05-18 17:33:07 - [MESSAGE][PASSED] - Browser is closed

2024-05-18 17:33:07 - [TEST_STEP][PASSED] - ExecuteTC = findTestData(dataFile).getValue("Execute", row): null

2024-05-18 17:33:07 - [TEST_STEP][PASSED] - out.println("Value of Execute is : " + ExecuteTC): null

2024-05-18 17:33:07 - [TEST_STEP][PASSED] - if (ExecuteTC.equalsIgnoreCase("Y")): Browser is closed

2024-05-18 17:33:07 - [TEST_STEP][PASSED] - out.println("Begin Record Number: " + row): null

2024-05-18 17:33:07 - [TEST_STEP][PASSED] - today = new java.util.Date(): null

2024-05-18 17:33:07 - [TEST_STEP][PASSED] - println(today): null

2024-05-18 17:33:07 - [TEST_STEP][PASSED] - datText = today: null

2024-05-18 17:33:07 - [TEST_STEP][PASSED] - openBrowser(VLinkURL + "authcap.html"): Browser is opened with url: 'https://dev-algorithm.govolution.com/vlinktest/QA2/version_2_0/authcap.html'

2024-05-18 17:33:07 - [MESSAGE][INFO] - Starting 'Chrome' driver

2024-05-18 17:33:07 - [MESSAGE][INFO] - User set preference: ['acceptInsecureCerts', 'true']

2024-05-18 17:33:07 - [MESSAGE][INFO] - Action delay is set to 0 milliseconds

2024-05-18 17:33:09 - [MESSAGE][PASSED] - Browser is opened with url: 'https://dev-algorithm.govolution.com/vlinktest/QA2/version_2_0/authcap.html'

2024-05-18 17:33:09 - [TEST_STEP][PASSED] - maximizeWindow(): Current window maximized

2024-05-18 17:33:09 - [MESSAGE][PASSED] - Current window maximized

2024-05-18 17:33:09 - [TEST_STEP][PASSED] - vlinkPages.saleCCPage.setDataSCC(row, dataFile): vlinkPages.saleCCPage.setDataSCC is PASSED

2024-05-18 17:33:12 - [MESSAGE][PASSED] - Object 'Object Repository/VLink/Page_CCSale/txt_CardNumber' is present

2024-05-18 17:33:13 - [MESSAGE][PASSED] - Text '104' is set on object 'Object Repository/VLink/Page_CCSale/txt_TransactionType'

2024-05-18 17:33:13 - [MESSAGE][PASSED] - Text '2.0C' is set on object 'Object Repository/VLink/Page_CCSale/txt_MessageVersion'

2024-05-18 17:33:14 - [MESSAGE][PASSED] - Text 'RuoRiExUNP51' is set on object 'Object Repository/VLink/Page_CCSale/txt_RemID'

2024-05-18 17:33:15 - [MESSAGE][PASSED] - Text '501' is set on object 'Object Repository/VLink/Page_CCSale/txt_ApplicationId'

2024-05-18 17:33:16 - [MESSAGE][PASSED] - Text 'user501' is set on object 'Object Repository/VLink/Page_CCSale/txt_Username'

2024-05-18 17:33:16 - [MESSAGE][PASSED] - Text 'pwd501' is set on object 'Object Repository/VLink/Page_CCSale/txt_Password'

2024-05-18 17:33:17 - [MESSAGE][PASSED] - Text 'fixed_width' is set on object 'Object Repository/VLink/Page_CCSale/txt_ResponseFormat'

2024-05-18 17:33:18 - [MESSAGE][PASSED] - Text 'RETL' is set on object 'Object Repository/VLink/Page_CCSale/txt_Category'

2024-05-18 17:33:18 - [MESSAGE][PASSED] - Text '' is set on object 'Object Repository/VLink/Page_CCSale/txt_TransactionID'

2024-05-18 17:33:19 - [MESSAGE][PASSED] - Text '' is set on object 'Object Repository/VLink/Page_CCSale/txt_ApprovalCode'

2024-05-18 17:33:20 - [MESSAGE][PASSED] - Text 'Brij Mohan' is set on object 'Object Repository/VLink/Page_CCSale/txt_CardName'

2024-05-18 17:33:20 - [MESSAGE][PASSED] - Text '96581 Manchin St' is set on object 'Object Repository/VLink/Page_CCSale/txt_AL1'

2024-05-18 17:33:21 - [MESSAGE][PASSED] - Text 'Suite 56' is set on object 'Object Repository/VLink/Page_CCSale/txt_AL2'

2024-05-18 17:33:22 - [MESSAGE][PASSED] - Text 'Arlington' is set on object 'Object Repository/VLink/Page_CCSale/txt_CardCity'

2024-05-18 17:33:23 - [MESSAGE][PASSED] - Text 'VA' is set on object 'Object Repository/VLink/Page_CCSale/txt_CardState'

2024-05-18 17:33:23 - [MESSAGE][PASSED] - Text '22201' is set on object 'Object Repository/VLink/Page_CCSale/txt_CardZIP'

2024-05-18 17:33:24 - [MESSAGE][PASSED] - Text '840' is set on object 'Object Repository/VLink/Page_CCSale/txt_CountryID'

2024-05-18 17:33:25 - [MESSAGE][PASSED] - Text '1.50' is set on object 'Object Repository/VLink/Page_CCSale/txt_Amount'

2024-05-18 17:33:25 - [MESSAGE][PASSED] - Text '4012000098765439' is set on object 'Object Repository/VLink/Page_CCSale/txt_CardNumber'

2024-05-18 17:33:26 - [MESSAGE][PASSED] - Text '12' is set on object 'Object Repository/VLink/Page_CCSale/txt_ExpMonth'

2024-05-18 17:33:27 - [MESSAGE][PASSED] - Text '2025' is set on object 'Object Repository/VLink/Page_CCSale/txt_ExpYear'

2024-05-18 17:33:28 - [MESSAGE][PASSED] - Text '' is set on object 'Object Repository/VLink/Page_CCSale/txt_CVV'

2024-05-18 17:33:28 - [MESSAGE][PASSED] - Text '' is set on object 'Object Repository/VLink/Page_CCSale/txt_CVVstate'

2024-05-18 17:33:29 - [MESSAGE][PASSED] - Text '' is set on object 'Object Repository/VLink/Page_CCSale/txt_TrackData'

2024-05-18 17:33:30 - [MESSAGE][PASSED] - Text '' is set on object 'Object Repository/VLink/Page_CCSale/txt_Track1Data'

2024-05-18 17:33:30 - [MESSAGE][PASSED] - Text '' is set on object 'Object Repository/VLink/Page_CCSale/txt_Track2Data'

2024-05-18 17:33:31 - [MESSAGE][PASSED] - Text 'manual' is set on object 'Object Repository/VLink/Page_CCSale/txt_POSEntryMode'

2024-05-18 17:33:32 - [MESSAGE][PASSED] - Text 'iahmed@govolution.com' is set on object 'Object Repository/VLink/Page_CCSale/txt_Email'

2024-05-18 17:33:32 - [MESSAGE][PASSED] - Text '2569362' is set on object 'Object Repository/VLink/Page_CCSale/txt_OrderNumber'

2024-05-18 17:33:33 - [MESSAGE][PASSED] - Text '0' is set on object 'Object Repository/VLink/Page_CCSale/txt_TaxAmount'

2024-05-18 17:33:34 - [MESSAGE][PASSED] - Text 'Charge Description' is set on object 'Object Repository/VLink/Page_CCSale/txt_ChargeDescription'

2024-05-18 17:33:35 - [MESSAGE][PASSED] - Text '147357' is set on object 'Object Repository/VLink/Page_CCSale/txt_CAN'

2024-05-18 17:33:35 - [MESSAGE][PASSED] - Text '1' is set on object 'Object Repository/VLink/Page_CCSale/txt_BillPaymentIndicator'

2024-05-18 17:33:36 - [MESSAGE][PASSED] - Text 'UDF Data 1' is set on object 'Object Repository/VLink/Page_CCSale/txt_UDF1'

2024-05-18 17:33:37 - [MESSAGE][PASSED] - Text 'UDF Data 2' is set on object 'Object Repository/VLink/Page_CCSale/txt_UDF2'

2024-05-18 17:33:37 - [MESSAGE][PASSED] - Text 'UDF Data 3' is set on object 'Object Repository/VLink/Page_CCSale/txt_UDF3'

2024-05-18 17:33:38 - [MESSAGE][PASSED] - Text 'UDF Data 4' is set on object 'Object Repository/VLink/Page_CCSale/txt_UDF4'

2024-05-18 17:33:39 - [MESSAGE][PASSED] - Text 'UDF Data 5' is set on object 'Object Repository/VLink/Page_CCSale/txt_UDF5'

2024-05-18 17:33:39 - [MESSAGE][PASSED] - Text 'UDF Data 6' is set on object 'Object Repository/VLink/Page_CCSale/txt_UDF6'

2024-05-18 17:33:40 - [MESSAGE][PASSED] - Text 'UDF Data 7' is set on object 'Object Repository/VLink/Page_CCSale/txt_UDF7'

2024-05-18 17:33:41 - [MESSAGE][PASSED] - Text 'UDF Data 8' is set on object 'Object Repository/VLink/Page_CCSale/txt_UDF8'

2024-05-18 17:33:42 - [MESSAGE][PASSED] - Text 'UDF Data 9' is set on object 'Object Repository/VLink/Page_CCSale/txt_UDF9'

2024-05-18 17:33:42 - [MESSAGE][PASSED] - Text 'UDF Data 10' is set on object 'Object Repository/VLink/Page_CCSale/txt_UDF10'

2024-05-18 17:33:46 - [MESSAGE][PASSED] - Object: 'Object Repository/VLink/Page_CCSale/btn_ProcessVLinkTransaction' is clicked on

2024-05-18 17:33:51 - [MESSAGE][PASSED] - vlinkPages.saleCCPage.setDataSCC is PASSED

2024-05-18 17:33:51 - [TEST_STEP][PASSED] - if (verifyTextPresent("Transaction approved, no errors", true)): null

2024-05-18 17:33:52 - [MESSAGE][PASSED] - Text 'Transaction approved, no errors' is present on page  using regular expression

2024-05-18 17:33:52 - [TEST_STEP][PASSED] - println("Transaction Approved, no errors text is present on the Confirmation page"): null

2024-05-18 17:33:52 - [TEST_STEP][PASSED] - out.println("Pass Record Number: " + row): null

2024-05-18 17:33:52 - [TEST_STEP][PASSED] - resText = "Pass": null

2024-05-18 17:33:52 - [TEST_STEP][PASSED] - pages.WriteExcel.demoKey(resText, datText, resColumn, datCloumn, fileLoc, nameSheet, row): pages.WriteExcel.demoKey is PASSED

2024-05-18 17:33:52 - [MESSAGE][PASSED] - pages.WriteExcel.demoKey is PASSED

2024-05-18 17:33:52 - [TEST_STEP][PASSED] - sdfo = getText(findTestObject("Object Repository/Page_VLinkReceipt/pre_STX")): Text of object 'Object Repository/Page_VLinkReceipt/pre_STX' is: '<STX>RuoRiExUNP51                  12153367            0  Transaction approved, no errors                   0                                                                                  Y OK0798   <ETX>'

2024-05-18 17:33:52 - [MESSAGE][PASSED] - Text of object 'Object Repository/Page_VLinkReceipt/pre_STX' is: '<STX>RuoRiExUNP51                  12153367            0  Transaction approved, no errors                   0                                                                                  Y OK0798   <ETX>'

2024-05-18 17:33:52 - [TEST_STEP][PASSED] - out.println("sdfo: " + sdfo): null

2024-05-18 17:33:52 - [TEST_STEP][PASSED] - remID = substring(5, 35).trim(): null

2024-05-18 17:33:52 - [TEST_STEP][PASSED] - out.println("Remittance ID: " + remID): null

2024-05-18 17:33:52 - [TEST_STEP][PASSED] - traxID = substring(35, 55).trim(): null

2024-05-18 17:33:52 - [TEST_STEP][PASSED] - out.println("Transaction ID: " + traxID): null

2024-05-18 17:33:52 - [TEST_STEP][PASSED] - out.println("End Record Number: " + row): null

2024-05-18 17:33:52 - [TEST_STEP][PASSED] - closeBrowser(): Browser is closed

2024-05-18 17:33:53 - [MESSAGE][PASSED] - Browser is closed

2024-05-18 17:33:53 - [TEST_STEP][PASSED] - ExecuteTC = findTestData(dataFile).getValue("Execute", row): null

2024-05-18 17:33:53 - [TEST_STEP][PASSED] - out.println("Value of Execute is : " + ExecuteTC): null

2024-05-18 17:33:53 - [TEST_STEP][FAILED] - if (ExecuteTC.equalsIgnoreCase("Y")): null

2024-05-18 17:33:53 - [TEST_STEP][PASSED] - out.println("Begin Record Number: " + row): null

2024-05-18 17:33:53 - [TEST_STEP][PASSED] - today = new java.util.Date(): null

2024-05-18 17:33:53 - [TEST_STEP][PASSED] - println(today): null

2024-05-18 17:33:53 - [TEST_STEP][PASSED] - datText = today: null

2024-05-18 17:33:53 - [TEST_STEP][PASSED] - openBrowser(VLinkURL + "authcap.html"): Browser is opened with url: 'https://dev-algorithm.govolution.com/vlinktest/QA2/version_2_0/authcap.html'

2024-05-18 17:33:53 - [MESSAGE][INFO] - Starting 'Chrome' driver

2024-05-18 17:33:53 - [MESSAGE][INFO] - User set preference: ['acceptInsecureCerts', 'true']

2024-05-18 17:33:53 - [MESSAGE][INFO] - Action delay is set to 0 milliseconds

2024-05-18 17:33:55 - [MESSAGE][PASSED] - Browser is opened with url: 'https://dev-algorithm.govolution.com/vlinktest/QA2/version_2_0/authcap.html'

2024-05-18 17:33:55 - [TEST_STEP][PASSED] - maximizeWindow(): Current window maximized

2024-05-18 17:33:56 - [MESSAGE][PASSED] - Current window maximized

2024-05-18 17:33:56 - [TEST_STEP][PASSED] - vlinkPages.saleCCPage.setDataSCC(row, dataFile): vlinkPages.saleCCPage.setDataSCC is PASSED

2024-05-18 17:33:59 - [MESSAGE][PASSED] - Object 'Object Repository/VLink/Page_CCSale/txt_CardNumber' is present

2024-05-18 17:34:00 - [MESSAGE][PASSED] - Text '104' is set on object 'Object Repository/VLink/Page_CCSale/txt_TransactionType'

2024-05-18 17:34:00 - [MESSAGE][PASSED] - Text '2.0C' is set on object 'Object Repository/VLink/Page_CCSale/txt_MessageVersion'

2024-05-18 17:34:01 - [MESSAGE][PASSED] - Text 'kwsfMcLLZcRj' is set on object 'Object Repository/VLink/Page_CCSale/txt_RemID'

2024-05-18 17:34:02 - [MESSAGE][PASSED] - Text '501' is set on object 'Object Repository/VLink/Page_CCSale/txt_ApplicationId'

2024-05-18 17:34:02 - [MESSAGE][PASSED] - Text 'user501' is set on object 'Object Repository/VLink/Page_CCSale/txt_Username'

2024-05-18 17:34:03 - [MESSAGE][PASSED] - Text 'pwd501' is set on object 'Object Repository/VLink/Page_CCSale/txt_Password'

2024-05-18 17:34:04 - [MESSAGE][PASSED] - Text 'fixed_width' is set on object 'Object Repository/VLink/Page_CCSale/txt_ResponseFormat'

2024-05-18 17:34:04 - [MESSAGE][PASSED] - Text 'ECOM' is set on object 'Object Repository/VLink/Page_CCSale/txt_Category'

2024-05-18 17:34:05 - [MESSAGE][PASSED] - Text '' is set on object 'Object Repository/VLink/Page_CCSale/txt_TransactionID'

2024-05-18 17:34:06 - [MESSAGE][PASSED] - Text '' is set on object 'Object Repository/VLink/Page_CCSale/txt_ApprovalCode'

2024-05-18 17:34:06 - [MESSAGE][PASSED] - Text 'Brij Mohan' is set on object 'Object Repository/VLink/Page_CCSale/txt_CardName'

2024-05-18 17:34:07 - [MESSAGE][PASSED] - Text '96581 Manchin St' is set on object 'Object Repository/VLink/Page_CCSale/txt_AL1'

2024-05-18 17:34:08 - [MESSAGE][PASSED] - Text 'Suite 56' is set on object 'Object Repository/VLink/Page_CCSale/txt_AL2'

2024-05-18 17:34:09 - [MESSAGE][PASSED] - Text 'Arlington' is set on object 'Object Repository/VLink/Page_CCSale/txt_CardCity'

2024-05-18 17:34:09 - [MESSAGE][PASSED] - Text 'VA' is set on object 'Object Repository/VLink/Page_CCSale/txt_CardState'

2024-05-18 17:34:10 - [MESSAGE][PASSED] - Text '22201' is set on object 'Object Repository/VLink/Page_CCSale/txt_CardZIP'

2024-05-18 17:34:11 - [MESSAGE][PASSED] - Text '840' is set on object 'Object Repository/VLink/Page_CCSale/txt_CountryID'

2024-05-18 17:34:12 - [MESSAGE][PASSED] - Text '1.50' is set on object 'Object Repository/VLink/Page_CCSale/txt_Amount'

2024-05-18 17:34:12 - [MESSAGE][PASSED] - Text '5146312200000035' is set on object 'Object Repository/VLink/Page_CCSale/txt_CardNumber'

2024-05-18 17:34:13 - [MESSAGE][PASSED] - Text '12' is set on object 'Object Repository/VLink/Page_CCSale/txt_ExpMonth'

2024-05-18 17:34:14 - [MESSAGE][PASSED] - Text '2025' is set on object 'Object Repository/VLink/Page_CCSale/txt_ExpYear'

2024-05-18 17:34:14 - [MESSAGE][PASSED] - Text '' is set on object 'Object Repository/VLink/Page_CCSale/txt_CVV'

2024-05-18 17:34:15 - [MESSAGE][PASSED] - Text '' is set on object 'Object Repository/VLink/Page_CCSale/txt_CVVstate'

2024-05-18 17:34:16 - [MESSAGE][PASSED] - Text '' is set on object 'Object Repository/VLink/Page_CCSale/txt_TrackData'

2024-05-18 17:34:16 - [MESSAGE][PASSED] - Text '' is set on object 'Object Repository/VLink/Page_CCSale/txt_Track1Data'

2024-05-18 17:34:17 - [MESSAGE][PASSED] - Text '' is set on object 'Object Repository/VLink/Page_CCSale/txt_Track2Data'

2024-05-18 17:34:18 - [MESSAGE][PASSED] - Text 'manual' is set on object 'Object Repository/VLink/Page_CCSale/txt_POSEntryMode'

2024-05-18 17:34:18 - [MESSAGE][PASSED] - Text 'iahmed@govolution.com' is set on object 'Object Repository/VLink/Page_CCSale/txt_Email'

2024-05-18 17:34:19 - [MESSAGE][PASSED] - Text '2569362' is set on object 'Object Repository/VLink/Page_CCSale/txt_OrderNumber'

2024-05-18 17:34:20 - [MESSAGE][PASSED] - Text '0' is set on object 'Object Repository/VLink/Page_CCSale/txt_TaxAmount'

2024-05-18 17:34:21 - [MESSAGE][PASSED] - Text 'Charge Description' is set on object 'Object Repository/VLink/Page_CCSale/txt_ChargeDescription'

2024-05-18 17:34:21 - [MESSAGE][PASSED] - Text '147357' is set on object 'Object Repository/VLink/Page_CCSale/txt_CAN'

2024-05-18 17:34:22 - [MESSAGE][PASSED] - Text '1' is set on object 'Object Repository/VLink/Page_CCSale/txt_BillPaymentIndicator'

2024-05-18 17:34:23 - [MESSAGE][PASSED] - Text 'UDF Data 1' is set on object 'Object Repository/VLink/Page_CCSale/txt_UDF1'

2024-05-18 17:34:23 - [MESSAGE][PASSED] - Text 'UDF Data 2' is set on object 'Object Repository/VLink/Page_CCSale/txt_UDF2'

2024-05-18 17:34:24 - [MESSAGE][PASSED] - Text 'UDF Data 3' is set on object 'Object Repository/VLink/Page_CCSale/txt_UDF3'

2024-05-18 17:34:25 - [MESSAGE][PASSED] - Text 'UDF Data 4' is set on object 'Object Repository/VLink/Page_CCSale/txt_UDF4'

2024-05-18 17:34:26 - [MESSAGE][PASSED] - Text 'UDF Data 5' is set on object 'Object Repository/VLink/Page_CCSale/txt_UDF5'

2024-05-18 17:34:26 - [MESSAGE][PASSED] - Text 'UDF Data 6' is set on object 'Object Repository/VLink/Page_CCSale/txt_UDF6'

2024-05-18 17:34:27 - [MESSAGE][PASSED] - Text 'UDF Data 7' is set on object 'Object Repository/VLink/Page_CCSale/txt_UDF7'

2024-05-18 17:34:28 - [MESSAGE][PASSED] - Text 'UDF Data 8' is set on object 'Object Repository/VLink/Page_CCSale/txt_UDF8'

2024-05-18 17:34:28 - [MESSAGE][PASSED] - Text 'UDF Data 9' is set on object 'Object Repository/VLink/Page_CCSale/txt_UDF9'

2024-05-18 17:34:29 - [MESSAGE][PASSED] - Text 'UDF Data 10' is set on object 'Object Repository/VLink/Page_CCSale/txt_UDF10'

2024-05-18 17:34:32 - [MESSAGE][PASSED] - Object: 'Object Repository/VLink/Page_CCSale/btn_ProcessVLinkTransaction' is clicked on

2024-05-18 17:34:37 - [MESSAGE][PASSED] - vlinkPages.saleCCPage.setDataSCC is PASSED

2024-05-18 17:34:37 - [TEST_STEP][FAILED] - if (verifyTextPresent("Transaction approved, no errors", true)): Text 'Transaction approved, no errors' is not present on page  using regular expression (Root cause: com.kms.katalon.core.exception.StepFailedException: Text 'Transaction approved, no errors' is not present on page  using regular expression
	at com.kms.katalon.core.webui.keyword.internal.WebUIKeywordMain.stepFailed(WebUIKeywordMain.groovy:64)
	at com.kms.katalon.core.webui.keyword.builtin.VerifyTextPresentKeyword$_verifyTextPresent_closure1.doCall(VerifyTextPresentKeyword.groovy:79)
	at com.kms.katalon.core.webui.keyword.builtin.VerifyTextPresentKeyword$_verifyTextPresent_closure1.call(VerifyTextPresentKeyword.groovy)
	at com.kms.katalon.core.webui.keyword.internal.WebUIKeywordMain.runKeyword(WebUIKeywordMain.groovy:20)
	at com.kms.katalon.core.webui.keyword.builtin.VerifyTextPresentKeyword.verifyTextPresent(VerifyTextPresentKeyword.groovy:83)
	at com.kms.katalon.core.webui.keyword.builtin.VerifyTextPresentKeyword.execute(VerifyTextPresentKeyword.groovy:68)
	at com.kms.katalon.core.keyword.internal.KeywordExecutor.executeKeywordForPlatform(KeywordExecutor.groovy:74)
	at com.kms.katalon.core.webui.keyword.WebUiBuiltInKeywords.verifyTextPresent(WebUiBuiltInKeywords.groovy:1723)
	at com.kms.katalon.core.webui.keyword.WebUiBuiltInKeywords$verifyTextPresent$4.call(Unknown Source)
	at VLinkSale-Successful.run(VLinkSale-Successful:89)
	at com.kms.katalon.core.main.ScriptEngine.run(ScriptEngine.java:194)
	at com.kms.katalon.core.main.ScriptEngine.runScriptAsRawText(ScriptEngine.java:119)
	at com.kms.katalon.core.main.TestCaseExecutor.runScript(TestCaseExecutor.java:448)
	at com.kms.katalon.core.main.TestCaseExecutor.doExecute(TestCaseExecutor.java:439)
	at com.kms.katalon.core.main.TestCaseExecutor.processExecutionPhase(TestCaseExecutor.java:418)
	at com.kms.katalon.core.main.TestCaseExecutor.accessMainPhase(TestCaseExecutor.java:410)
	at com.kms.katalon.core.main.TestCaseExecutor.execute(TestCaseExecutor.java:285)
	at com.kms.katalon.core.common.CommonExecutor.accessTestCaseMainPhase(CommonExecutor.java:65)
	at com.kms.katalon.core.main.TestSuiteExecutor.accessTestSuiteMainPhase(TestSuiteExecutor.java:148)
	at com.kms.katalon.core.main.TestSuiteExecutor.execute(TestSuiteExecutor.java:106)
	at com.kms.katalon.core.main.TestCaseMain.startTestSuite(TestCaseMain.java:187)
	at com.kms.katalon.core.main.TestCaseMain$startTestSuite$0.call(Unknown Source)
	at TempTestSuite1716060890167.run(TempTestSuite1716060890167.groovy:35)
)

2024-05-18 17:34:37 - [MESSAGE][FAILED] - Text 'Transaction approved, no errors' is not present on page  using regular expression (Root cause: com.kms.katalon.core.exception.StepFailedException: Text 'Transaction approved, no errors' is not present on page  using regular expression
	at com.kms.katalon.core.webui.keyword.internal.WebUIKeywordMain.stepFailed(WebUIKeywordMain.groovy:64)
	at com.kms.katalon.core.webui.keyword.builtin.VerifyTextPresentKeyword$_verifyTextPresent_closure1.doCall(VerifyTextPresentKeyword.groovy:79)
	at com.kms.katalon.core.webui.keyword.builtin.VerifyTextPresentKeyword$_verifyTextPresent_closure1.call(VerifyTextPresentKeyword.groovy)
	at com.kms.katalon.core.webui.keyword.internal.WebUIKeywordMain.runKeyword(WebUIKeywordMain.groovy:20)
	at com.kms.katalon.core.webui.keyword.builtin.VerifyTextPresentKeyword.verifyTextPresent(VerifyTextPresentKeyword.groovy:83)
	at com.kms.katalon.core.webui.keyword.builtin.VerifyTextPresentKeyword.execute(VerifyTextPresentKeyword.groovy:68)
	at com.kms.katalon.core.keyword.internal.KeywordExecutor.executeKeywordForPlatform(KeywordExecutor.groovy:74)
	at com.kms.katalon.core.webui.keyword.WebUiBuiltInKeywords.verifyTextPresent(WebUiBuiltInKeywords.groovy:1723)
	at com.kms.katalon.core.webui.keyword.WebUiBuiltInKeywords$verifyTextPresent$4.call(Unknown Source)
	at VLinkSale-Successful.run(VLinkSale-Successful:89)
	at com.kms.katalon.core.main.ScriptEngine.run(ScriptEngine.java:194)
	at com.kms.katalon.core.main.ScriptEngine.runScriptAsRawText(ScriptEngine.java:119)
	at com.kms.katalon.core.main.TestCaseExecutor.runScript(TestCaseExecutor.java:448)
	at com.kms.katalon.core.main.TestCaseExecutor.doExecute(TestCaseExecutor.java:439)
	at com.kms.katalon.core.main.TestCaseExecutor.processExecutionPhase(TestCaseExecutor.java:418)
	at com.kms.katalon.core.main.TestCaseExecutor.accessMainPhase(TestCaseExecutor.java:410)
	at com.kms.katalon.core.main.TestCaseExecutor.execute(TestCaseExecutor.java:285)
	at com.kms.katalon.core.common.CommonExecutor.accessTestCaseMainPhase(CommonExecutor.java:65)
	at com.kms.katalon.core.main.TestSuiteExecutor.accessTestSuiteMainPhase(TestSuiteExecutor.java:148)
	at com.kms.katalon.core.main.TestSuiteExecutor.execute(TestSuiteExecutor.java:106)
	at com.kms.katalon.core.main.TestCaseMain.startTestSuite(TestCaseMain.java:187)
	at com.kms.katalon.core.main.TestCaseMain$startTestSuite$0.call(Unknown Source)
	at TempTestSuite1716060890167.run(TempTestSuite1716060890167.groovy:35)
)

2024-05-18 17:34:37 - [TEST_STEP][PASSED] - else: pages.WriteExcel.demoKey is PASSED

2024-05-18 17:34:37 - [TEST_STEP][PASSED] - println("Transaction Approved, no errors text is not present on the Confirmation page"): null

2024-05-18 17:34:37 - [TEST_STEP][PASSED] - out.println("Fail Record Number: " + row): null

2024-05-18 17:34:37 - [TEST_STEP][PASSED] - resText = "Fail": null

2024-05-18 17:34:37 - [TEST_STEP][PASSED] - pages.WriteExcel.demoKey(resText, datText, resColumn, datCloumn, fileLoc, nameSheet, row): pages.WriteExcel.demoKey is PASSED

2024-05-18 17:34:37 - [MESSAGE][PASSED] - pages.WriteExcel.demoKey is PASSED

2024-05-18 17:34:37 - [TEST_STEP][PASSED] - sdfo = getText(findTestObject("Object Repository/Page_VLinkReceipt/pre_STX")): Text of object 'Object Repository/Page_VLinkReceipt/pre_STX' is: '<STX>kwsfMcLLZcRj                  12153368            2  Transaction failed                                105Processor reported error                                                                   <ETX>'

2024-05-18 17:34:37 - [MESSAGE][PASSED] - Text of object 'Object Repository/Page_VLinkReceipt/pre_STX' is: '<STX>kwsfMcLLZcRj                  12153368            2  Transaction failed                                105Processor reported error                                                                   <ETX>'

2024-05-18 17:34:37 - [TEST_STEP][PASSED] - out.println("sdfo: " + sdfo): null

2024-05-18 17:34:37 - [TEST_STEP][PASSED] - remID = substring(5, 35).trim(): null

2024-05-18 17:34:37 - [TEST_STEP][PASSED] - out.println("Remittance ID: " + remID): null

2024-05-18 17:34:37 - [TEST_STEP][PASSED] - traxID = substring(35, 55).trim(): null

2024-05-18 17:34:37 - [TEST_STEP][PASSED] - out.println("Transaction ID: " + traxID): null

2024-05-18 17:34:37 - [TEST_STEP][PASSED] - out.println("End Record Number: " + row): null

2024-05-18 17:34:37 - [TEST_STEP][PASSED] - closeBrowser(): Browser is closed

2024-05-18 17:34:39 - [MESSAGE][PASSED] - Browser is closed

2024-05-18 17:34:39 - [TEST_STEP][PASSED] - ExecuteTC = findTestData(dataFile).getValue("Execute", row): null

2024-05-18 17:34:39 - [TEST_STEP][PASSED] - out.println("Value of Execute is : " + ExecuteTC): null

2024-05-18 17:34:39 - [TEST_STEP][FAILED] - if (ExecuteTC.equalsIgnoreCase("Y")): null

2024-05-18 17:34:39 - [TEST_STEP][PASSED] - out.println("Begin Record Number: " + row): null

2024-05-18 17:34:39 - [TEST_STEP][PASSED] - today = new java.util.Date(): null

2024-05-18 17:34:39 - [TEST_STEP][PASSED] - println(today): null

2024-05-18 17:34:39 - [TEST_STEP][PASSED] - datText = today: null

2024-05-18 17:34:39 - [TEST_STEP][PASSED] - openBrowser(VLinkURL + "authcap.html"): Browser is opened with url: 'https://dev-algorithm.govolution.com/vlinktest/QA2/version_2_0/authcap.html'

2024-05-18 17:34:39 - [MESSAGE][INFO] - Starting 'Chrome' driver

2024-05-18 17:34:39 - [MESSAGE][INFO] - User set preference: ['acceptInsecureCerts', 'true']

2024-05-18 17:34:39 - [MESSAGE][INFO] - Action delay is set to 0 milliseconds

2024-05-18 17:34:41 - [MESSAGE][PASSED] - Browser is opened with url: 'https://dev-algorithm.govolution.com/vlinktest/QA2/version_2_0/authcap.html'

2024-05-18 17:34:41 - [TEST_STEP][PASSED] - maximizeWindow(): Current window maximized

2024-05-18 17:34:41 - [MESSAGE][PASSED] - Current window maximized

2024-05-18 17:34:41 - [TEST_STEP][PASSED] - vlinkPages.saleCCPage.setDataSCC(row, dataFile): vlinkPages.saleCCPage.setDataSCC is PASSED

2024-05-18 17:34:44 - [MESSAGE][PASSED] - Object 'Object Repository/VLink/Page_CCSale/txt_CardNumber' is present

2024-05-18 17:34:45 - [MESSAGE][PASSED] - Text '104' is set on object 'Object Repository/VLink/Page_CCSale/txt_TransactionType'

2024-05-18 17:34:46 - [MESSAGE][PASSED] - Text '2.0C' is set on object 'Object Repository/VLink/Page_CCSale/txt_MessageVersion'

2024-05-18 17:34:46 - [MESSAGE][PASSED] - Text 'Nqbqx60OklPR' is set on object 'Object Repository/VLink/Page_CCSale/txt_RemID'

2024-05-18 17:34:47 - [MESSAGE][PASSED] - Text '501' is set on object 'Object Repository/VLink/Page_CCSale/txt_ApplicationId'

2024-05-18 17:34:48 - [MESSAGE][PASSED] - Text 'user501' is set on object 'Object Repository/VLink/Page_CCSale/txt_Username'

2024-05-18 17:34:48 - [MESSAGE][PASSED] - Text 'pwd501' is set on object 'Object Repository/VLink/Page_CCSale/txt_Password'

2024-05-18 17:34:49 - [MESSAGE][PASSED] - Text 'fixed_width' is set on object 'Object Repository/VLink/Page_CCSale/txt_ResponseFormat'

2024-05-18 17:34:50 - [MESSAGE][PASSED] - Text 'MOTO' is set on object 'Object Repository/VLink/Page_CCSale/txt_Category'

2024-05-18 17:34:50 - [MESSAGE][PASSED] - Text '' is set on object 'Object Repository/VLink/Page_CCSale/txt_TransactionID'

2024-05-18 17:34:51 - [MESSAGE][PASSED] - Text '' is set on object 'Object Repository/VLink/Page_CCSale/txt_ApprovalCode'

2024-05-18 17:34:52 - [MESSAGE][PASSED] - Text 'Brij Mohan' is set on object 'Object Repository/VLink/Page_CCSale/txt_CardName'

2024-05-18 17:34:53 - [MESSAGE][PASSED] - Text '96581 Manchin St' is set on object 'Object Repository/VLink/Page_CCSale/txt_AL1'

2024-05-18 17:34:53 - [MESSAGE][PASSED] - Text 'Suite 56' is set on object 'Object Repository/VLink/Page_CCSale/txt_AL2'

2024-05-18 17:34:54 - [MESSAGE][PASSED] - Text 'Arlington' is set on object 'Object Repository/VLink/Page_CCSale/txt_CardCity'

2024-05-18 17:34:55 - [MESSAGE][PASSED] - Text 'VA' is set on object 'Object Repository/VLink/Page_CCSale/txt_CardState'

2024-05-18 17:34:55 - [MESSAGE][PASSED] - Text '22201' is set on object 'Object Repository/VLink/Page_CCSale/txt_CardZIP'

2024-05-18 17:34:56 - [MESSAGE][PASSED] - Text '840' is set on object 'Object Repository/VLink/Page_CCSale/txt_CountryID'

2024-05-18 17:34:57 - [MESSAGE][PASSED] - Text '1.50' is set on object 'Object Repository/VLink/Page_CCSale/txt_Amount'

2024-05-18 17:34:58 - [MESSAGE][PASSED] - Text '5146312200000035' is set on object 'Object Repository/VLink/Page_CCSale/txt_CardNumber'

2024-05-18 17:34:58 - [MESSAGE][PASSED] - Text '12' is set on object 'Object Repository/VLink/Page_CCSale/txt_ExpMonth'

2024-05-18 17:34:59 - [MESSAGE][PASSED] - Text '2025' is set on object 'Object Repository/VLink/Page_CCSale/txt_ExpYear'

2024-05-18 17:35:00 - [MESSAGE][PASSED] - Text '' is set on object 'Object Repository/VLink/Page_CCSale/txt_CVV'

2024-05-18 17:35:00 - [MESSAGE][PASSED] - Text '' is set on object 'Object Repository/VLink/Page_CCSale/txt_CVVstate'

2024-05-18 17:35:01 - [MESSAGE][PASSED] - Text '' is set on object 'Object Repository/VLink/Page_CCSale/txt_TrackData'

2024-05-18 17:35:02 - [MESSAGE][PASSED] - Text '' is set on object 'Object Repository/VLink/Page_CCSale/txt_Track1Data'

2024-05-18 17:35:02 - [MESSAGE][PASSED] - Text '' is set on object 'Object Repository/VLink/Page_CCSale/txt_Track2Data'

2024-05-18 17:35:03 - [MESSAGE][PASSED] - Text 'manual' is set on object 'Object Repository/VLink/Page_CCSale/txt_POSEntryMode'

2024-05-18 17:35:04 - [MESSAGE][PASSED] - Text 'iahmed@govolution.com' is set on object 'Object Repository/VLink/Page_CCSale/txt_Email'

2024-05-18 17:35:04 - [MESSAGE][PASSED] - Text '2569362' is set on object 'Object Repository/VLink/Page_CCSale/txt_OrderNumber'

2024-05-18 17:35:05 - [MESSAGE][PASSED] - Text '0' is set on object 'Object Repository/VLink/Page_CCSale/txt_TaxAmount'

2024-05-18 17:35:06 - [MESSAGE][PASSED] - Text 'Charge Description' is set on object 'Object Repository/VLink/Page_CCSale/txt_ChargeDescription'

2024-05-18 17:35:07 - [MESSAGE][PASSED] - Text '147357' is set on object 'Object Repository/VLink/Page_CCSale/txt_CAN'

2024-05-18 17:35:07 - [MESSAGE][PASSED] - Text '1' is set on object 'Object Repository/VLink/Page_CCSale/txt_BillPaymentIndicator'

2024-05-18 17:35:08 - [MESSAGE][PASSED] - Text 'UDF Data 1' is set on object 'Object Repository/VLink/Page_CCSale/txt_UDF1'

2024-05-18 17:35:09 - [MESSAGE][PASSED] - Text 'UDF Data 2' is set on object 'Object Repository/VLink/Page_CCSale/txt_UDF2'

2024-05-18 17:35:10 - [MESSAGE][PASSED] - Text 'UDF Data 3' is set on object 'Object Repository/VLink/Page_CCSale/txt_UDF3'

2024-05-18 17:35:10 - [MESSAGE][PASSED] - Text 'UDF Data 4' is set on object 'Object Repository/VLink/Page_CCSale/txt_UDF4'

2024-05-18 17:35:11 - [MESSAGE][PASSED] - Text 'UDF Data 5' is set on object 'Object Repository/VLink/Page_CCSale/txt_UDF5'

2024-05-18 17:35:12 - [MESSAGE][PASSED] - Text 'UDF Data 6' is set on object 'Object Repository/VLink/Page_CCSale/txt_UDF6'

2024-05-18 17:35:12 - [MESSAGE][PASSED] - Text 'UDF Data 7' is set on object 'Object Repository/VLink/Page_CCSale/txt_UDF7'

2024-05-18 17:35:13 - [MESSAGE][PASSED] - Text 'UDF Data 8' is set on object 'Object Repository/VLink/Page_CCSale/txt_UDF8'

2024-05-18 17:35:14 - [MESSAGE][PASSED] - Text 'UDF Data 9' is set on object 'Object Repository/VLink/Page_CCSale/txt_UDF9'

2024-05-18 17:35:14 - [MESSAGE][PASSED] - Text 'UDF Data 10' is set on object 'Object Repository/VLink/Page_CCSale/txt_UDF10'

2024-05-18 17:35:17 - [MESSAGE][PASSED] - Object: 'Object Repository/VLink/Page_CCSale/btn_ProcessVLinkTransaction' is clicked on

2024-05-18 17:35:22 - [MESSAGE][PASSED] - vlinkPages.saleCCPage.setDataSCC is PASSED

2024-05-18 17:35:22 - [TEST_STEP][FAILED] - if (verifyTextPresent("Transaction approved, no errors", true)): Text 'Transaction approved, no errors' is not present on page  using regular expression (Root cause: com.kms.katalon.core.exception.StepFailedException: Text 'Transaction approved, no errors' is not present on page  using regular expression
	at com.kms.katalon.core.webui.keyword.internal.WebUIKeywordMain.stepFailed(WebUIKeywordMain.groovy:64)
	at com.kms.katalon.core.webui.keyword.builtin.VerifyTextPresentKeyword$_verifyTextPresent_closure1.doCall(VerifyTextPresentKeyword.groovy:79)
	at com.kms.katalon.core.webui.keyword.builtin.VerifyTextPresentKeyword$_verifyTextPresent_closure1.call(VerifyTextPresentKeyword.groovy)
	at com.kms.katalon.core.webui.keyword.internal.WebUIKeywordMain.runKeyword(WebUIKeywordMain.groovy:20)
	at com.kms.katalon.core.webui.keyword.builtin.VerifyTextPresentKeyword.verifyTextPresent(VerifyTextPresentKeyword.groovy:83)
	at com.kms.katalon.core.webui.keyword.builtin.VerifyTextPresentKeyword.execute(VerifyTextPresentKeyword.groovy:68)
	at com.kms.katalon.core.keyword.internal.KeywordExecutor.executeKeywordForPlatform(KeywordExecutor.groovy:74)
	at com.kms.katalon.core.webui.keyword.WebUiBuiltInKeywords.verifyTextPresent(WebUiBuiltInKeywords.groovy:1723)
	at com.kms.katalon.core.webui.keyword.WebUiBuiltInKeywords$verifyTextPresent$4.call(Unknown Source)
	at VLinkSale-Successful.run(VLinkSale-Successful:89)
	at com.kms.katalon.core.main.ScriptEngine.run(ScriptEngine.java:194)
	at com.kms.katalon.core.main.ScriptEngine.runScriptAsRawText(ScriptEngine.java:119)
	at com.kms.katalon.core.main.TestCaseExecutor.runScript(TestCaseExecutor.java:448)
	at com.kms.katalon.core.main.TestCaseExecutor.doExecute(TestCaseExecutor.java:439)
	at com.kms.katalon.core.main.TestCaseExecutor.processExecutionPhase(TestCaseExecutor.java:418)
	at com.kms.katalon.core.main.TestCaseExecutor.accessMainPhase(TestCaseExecutor.java:410)
	at com.kms.katalon.core.main.TestCaseExecutor.execute(TestCaseExecutor.java:285)
	at com.kms.katalon.core.common.CommonExecutor.accessTestCaseMainPhase(CommonExecutor.java:65)
	at com.kms.katalon.core.main.TestSuiteExecutor.accessTestSuiteMainPhase(TestSuiteExecutor.java:148)
	at com.kms.katalon.core.main.TestSuiteExecutor.execute(TestSuiteExecutor.java:106)
	at com.kms.katalon.core.main.TestCaseMain.startTestSuite(TestCaseMain.java:187)
	at com.kms.katalon.core.main.TestCaseMain$startTestSuite$0.call(Unknown Source)
	at TempTestSuite1716060890167.run(TempTestSuite1716060890167.groovy:35)
)

2024-05-18 17:35:22 - [MESSAGE][FAILED] - Text 'Transaction approved, no errors' is not present on page  using regular expression (Root cause: com.kms.katalon.core.exception.StepFailedException: Text 'Transaction approved, no errors' is not present on page  using regular expression
	at com.kms.katalon.core.webui.keyword.internal.WebUIKeywordMain.stepFailed(WebUIKeywordMain.groovy:64)
	at com.kms.katalon.core.webui.keyword.builtin.VerifyTextPresentKeyword$_verifyTextPresent_closure1.doCall(VerifyTextPresentKeyword.groovy:79)
	at com.kms.katalon.core.webui.keyword.builtin.VerifyTextPresentKeyword$_verifyTextPresent_closure1.call(VerifyTextPresentKeyword.groovy)
	at com.kms.katalon.core.webui.keyword.internal.WebUIKeywordMain.runKeyword(WebUIKeywordMain.groovy:20)
	at com.kms.katalon.core.webui.keyword.builtin.VerifyTextPresentKeyword.verifyTextPresent(VerifyTextPresentKeyword.groovy:83)
	at com.kms.katalon.core.webui.keyword.builtin.VerifyTextPresentKeyword.execute(VerifyTextPresentKeyword.groovy:68)
	at com.kms.katalon.core.keyword.internal.KeywordExecutor.executeKeywordForPlatform(KeywordExecutor.groovy:74)
	at com.kms.katalon.core.webui.keyword.WebUiBuiltInKeywords.verifyTextPresent(WebUiBuiltInKeywords.groovy:1723)
	at com.kms.katalon.core.webui.keyword.WebUiBuiltInKeywords$verifyTextPresent$4.call(Unknown Source)
	at VLinkSale-Successful.run(VLinkSale-Successful:89)
	at com.kms.katalon.core.main.ScriptEngine.run(ScriptEngine.java:194)
	at com.kms.katalon.core.main.ScriptEngine.runScriptAsRawText(ScriptEngine.java:119)
	at com.kms.katalon.core.main.TestCaseExecutor.runScript(TestCaseExecutor.java:448)
	at com.kms.katalon.core.main.TestCaseExecutor.doExecute(TestCaseExecutor.java:439)
	at com.kms.katalon.core.main.TestCaseExecutor.processExecutionPhase(TestCaseExecutor.java:418)
	at com.kms.katalon.core.main.TestCaseExecutor.accessMainPhase(TestCaseExecutor.java:410)
	at com.kms.katalon.core.main.TestCaseExecutor.execute(TestCaseExecutor.java:285)
	at com.kms.katalon.core.common.CommonExecutor.accessTestCaseMainPhase(CommonExecutor.java:65)
	at com.kms.katalon.core.main.TestSuiteExecutor.accessTestSuiteMainPhase(TestSuiteExecutor.java:148)
	at com.kms.katalon.core.main.TestSuiteExecutor.execute(TestSuiteExecutor.java:106)
	at com.kms.katalon.core.main.TestCaseMain.startTestSuite(TestCaseMain.java:187)
	at com.kms.katalon.core.main.TestCaseMain$startTestSuite$0.call(Unknown Source)
	at TempTestSuite1716060890167.run(TempTestSuite1716060890167.groovy:35)
)

2024-05-18 17:35:22 - [TEST_STEP][PASSED] - else: pages.WriteExcel.demoKey is PASSED

2024-05-18 17:35:22 - [TEST_STEP][PASSED] - println("Transaction Approved, no errors text is not present on the Confirmation page"): null

2024-05-18 17:35:22 - [TEST_STEP][PASSED] - out.println("Fail Record Number: " + row): null

2024-05-18 17:35:22 - [TEST_STEP][PASSED] - resText = "Fail": null

2024-05-18 17:35:22 - [TEST_STEP][PASSED] - pages.WriteExcel.demoKey(resText, datText, resColumn, datCloumn, fileLoc, nameSheet, row): pages.WriteExcel.demoKey is PASSED

2024-05-18 17:35:23 - [MESSAGE][PASSED] - pages.WriteExcel.demoKey is PASSED

2024-05-18 17:35:23 - [TEST_STEP][PASSED] - sdfo = getText(findTestObject("Object Repository/Page_VLinkReceipt/pre_STX")): Text of object 'Object Repository/Page_VLinkReceipt/pre_STX' is: '<STX>Nqbqx60OklPR                  12153369            2  Transaction failed                                105Processor reported error                                                                   <ETX>'

2024-05-18 17:35:23 - [MESSAGE][PASSED] - Text of object 'Object Repository/Page_VLinkReceipt/pre_STX' is: '<STX>Nqbqx60OklPR                  12153369            2  Transaction failed                                105Processor reported error                                                                   <ETX>'

2024-05-18 17:35:23 - [TEST_STEP][PASSED] - out.println("sdfo: " + sdfo): null

2024-05-18 17:35:23 - [TEST_STEP][PASSED] - remID = substring(5, 35).trim(): null

2024-05-18 17:35:23 - [TEST_STEP][PASSED] - out.println("Remittance ID: " + remID): null

2024-05-18 17:35:23 - [TEST_STEP][PASSED] - traxID = substring(35, 55).trim(): null

2024-05-18 17:35:23 - [TEST_STEP][PASSED] - out.println("Transaction ID: " + traxID): null

2024-05-18 17:35:23 - [TEST_STEP][PASSED] - out.println("End Record Number: " + row): null

2024-05-18 17:35:23 - [TEST_STEP][PASSED] - closeBrowser(): Browser is closed

2024-05-18 17:35:24 - [MESSAGE][PASSED] - Browser is closed

2024-05-18 17:35:24 - [TEST_STEP][PASSED] - ExecuteTC = findTestData(dataFile).getValue("Execute", row): null

2024-05-18 17:35:24 - [TEST_STEP][PASSED] - out.println("Value of Execute is : " + ExecuteTC): null

2024-05-18 17:35:24 - [TEST_STEP][FAILED] - if (ExecuteTC.equalsIgnoreCase("Y")): null

2024-05-18 17:35:24 - [TEST_STEP][PASSED] - out.println("Begin Record Number: " + row): null

2024-05-18 17:35:24 - [TEST_STEP][PASSED] - today = new java.util.Date(): null

2024-05-18 17:35:24 - [TEST_STEP][PASSED] - println(today): null

2024-05-18 17:35:24 - [TEST_STEP][PASSED] - datText = today: null

2024-05-18 17:35:24 - [TEST_STEP][PASSED] - openBrowser(VLinkURL + "authcap.html"): Browser is opened with url: 'https://dev-algorithm.govolution.com/vlinktest/QA2/version_2_0/authcap.html'

2024-05-18 17:35:24 - [MESSAGE][INFO] - Starting 'Chrome' driver

2024-05-18 17:35:24 - [MESSAGE][INFO] - User set preference: ['acceptInsecureCerts', 'true']

2024-05-18 17:35:24 - [MESSAGE][INFO] - Action delay is set to 0 milliseconds

2024-05-18 17:35:26 - [MESSAGE][PASSED] - Browser is opened with url: 'https://dev-algorithm.govolution.com/vlinktest/QA2/version_2_0/authcap.html'

2024-05-18 17:35:26 - [TEST_STEP][PASSED] - maximizeWindow(): Current window maximized

2024-05-18 17:35:27 - [MESSAGE][PASSED] - Current window maximized

2024-05-18 17:35:27 - [TEST_STEP][PASSED] - vlinkPages.saleCCPage.setDataSCC(row, dataFile): vlinkPages.saleCCPage.setDataSCC is PASSED

2024-05-18 17:35:30 - [MESSAGE][PASSED] - Object 'Object Repository/VLink/Page_CCSale/txt_CardNumber' is present

2024-05-18 17:35:30 - [MESSAGE][PASSED] - Text '104' is set on object 'Object Repository/VLink/Page_CCSale/txt_TransactionType'

2024-05-18 17:35:31 - [MESSAGE][PASSED] - Text '2.0C' is set on object 'Object Repository/VLink/Page_CCSale/txt_MessageVersion'

2024-05-18 17:35:32 - [MESSAGE][PASSED] - Text 'alcKYgvm7CSd' is set on object 'Object Repository/VLink/Page_CCSale/txt_RemID'

2024-05-18 17:35:32 - [MESSAGE][PASSED] - Text '501' is set on object 'Object Repository/VLink/Page_CCSale/txt_ApplicationId'

2024-05-18 17:35:33 - [MESSAGE][PASSED] - Text 'user501' is set on object 'Object Repository/VLink/Page_CCSale/txt_Username'

2024-05-18 17:35:34 - [MESSAGE][PASSED] - Text 'pwd501' is set on object 'Object Repository/VLink/Page_CCSale/txt_Password'

2024-05-18 17:35:35 - [MESSAGE][PASSED] - Text 'fixed_width' is set on object 'Object Repository/VLink/Page_CCSale/txt_ResponseFormat'

2024-05-18 17:35:35 - [MESSAGE][PASSED] - Text 'RETL' is set on object 'Object Repository/VLink/Page_CCSale/txt_Category'

2024-05-18 17:35:36 - [MESSAGE][PASSED] - Text '' is set on object 'Object Repository/VLink/Page_CCSale/txt_TransactionID'

2024-05-18 17:35:37 - [MESSAGE][PASSED] - Text '' is set on object 'Object Repository/VLink/Page_CCSale/txt_ApprovalCode'

2024-05-18 17:35:37 - [MESSAGE][PASSED] - Text 'Brij Mohan' is set on object 'Object Repository/VLink/Page_CCSale/txt_CardName'

2024-05-18 17:35:38 - [MESSAGE][PASSED] - Text '96581 Manchin St' is set on object 'Object Repository/VLink/Page_CCSale/txt_AL1'

2024-05-18 17:35:39 - [MESSAGE][PASSED] - Text 'Suite 56' is set on object 'Object Repository/VLink/Page_CCSale/txt_AL2'

2024-05-18 17:35:40 - [MESSAGE][PASSED] - Text 'Arlington' is set on object 'Object Repository/VLink/Page_CCSale/txt_CardCity'

2024-05-18 17:35:40 - [MESSAGE][PASSED] - Text 'VA' is set on object 'Object Repository/VLink/Page_CCSale/txt_CardState'

2024-05-18 17:35:41 - [MESSAGE][PASSED] - Text '22201' is set on object 'Object Repository/VLink/Page_CCSale/txt_CardZIP'

2024-05-18 17:35:42 - [MESSAGE][PASSED] - Text '840' is set on object 'Object Repository/VLink/Page_CCSale/txt_CountryID'

2024-05-18 17:35:42 - [MESSAGE][PASSED] - Text '1.50' is set on object 'Object Repository/VLink/Page_CCSale/txt_Amount'

2024-05-18 17:35:43 - [MESSAGE][PASSED] - Text '5146312200000035' is set on object 'Object Repository/VLink/Page_CCSale/txt_CardNumber'

2024-05-18 17:35:44 - [MESSAGE][PASSED] - Text '12' is set on object 'Object Repository/VLink/Page_CCSale/txt_ExpMonth'

2024-05-18 17:35:44 - [MESSAGE][PASSED] - Text '2025' is set on object 'Object Repository/VLink/Page_CCSale/txt_ExpYear'

2024-05-18 17:35:45 - [MESSAGE][PASSED] - Text '' is set on object 'Object Repository/VLink/Page_CCSale/txt_CVV'

2024-05-18 17:35:46 - [MESSAGE][PASSED] - Text '' is set on object 'Object Repository/VLink/Page_CCSale/txt_CVVstate'

2024-05-18 17:35:46 - [MESSAGE][PASSED] - Text '' is set on object 'Object Repository/VLink/Page_CCSale/txt_TrackData'

2024-05-18 17:35:47 - [MESSAGE][PASSED] - Text '' is set on object 'Object Repository/VLink/Page_CCSale/txt_Track1Data'

2024-05-18 17:35:48 - [MESSAGE][PASSED] - Text '' is set on object 'Object Repository/VLink/Page_CCSale/txt_Track2Data'

2024-05-18 17:35:48 - [MESSAGE][PASSED] - Text 'manual' is set on object 'Object Repository/VLink/Page_CCSale/txt_POSEntryMode'

2024-05-18 17:35:49 - [MESSAGE][PASSED] - Text 'iahmed@govolution.com' is set on object 'Object Repository/VLink/Page_CCSale/txt_Email'

2024-05-18 17:35:50 - [MESSAGE][PASSED] - Text '2569362' is set on object 'Object Repository/VLink/Page_CCSale/txt_OrderNumber'

2024-05-18 17:35:50 - [MESSAGE][PASSED] - Text '0' is set on object 'Object Repository/VLink/Page_CCSale/txt_TaxAmount'

2024-05-18 17:35:51 - [MESSAGE][PASSED] - Text 'Charge Description' is set on object 'Object Repository/VLink/Page_CCSale/txt_ChargeDescription'

2024-05-18 17:35:52 - [MESSAGE][PASSED] - Text '147357' is set on object 'Object Repository/VLink/Page_CCSale/txt_CAN'

2024-05-18 17:35:53 - [MESSAGE][PASSED] - Text '1' is set on object 'Object Repository/VLink/Page_CCSale/txt_BillPaymentIndicator'

2024-05-18 17:35:53 - [MESSAGE][PASSED] - Text 'UDF Data 1' is set on object 'Object Repository/VLink/Page_CCSale/txt_UDF1'

2024-05-18 17:35:54 - [MESSAGE][PASSED] - Text 'UDF Data 2' is set on object 'Object Repository/VLink/Page_CCSale/txt_UDF2'

2024-05-18 17:35:55 - [MESSAGE][PASSED] - Text 'UDF Data 3' is set on object 'Object Repository/VLink/Page_CCSale/txt_UDF3'

2024-05-18 17:35:55 - [MESSAGE][PASSED] - Text 'UDF Data 4' is set on object 'Object Repository/VLink/Page_CCSale/txt_UDF4'

2024-05-18 17:35:56 - [MESSAGE][PASSED] - Text 'UDF Data 5' is set on object 'Object Repository/VLink/Page_CCSale/txt_UDF5'

2024-05-18 17:35:57 - [MESSAGE][PASSED] - Text 'UDF Data 6' is set on object 'Object Repository/VLink/Page_CCSale/txt_UDF6'

2024-05-18 17:35:57 - [MESSAGE][PASSED] - Text 'UDF Data 7' is set on object 'Object Repository/VLink/Page_CCSale/txt_UDF7'

2024-05-18 17:35:58 - [MESSAGE][PASSED] - Text 'UDF Data 8' is set on object 'Object Repository/VLink/Page_CCSale/txt_UDF8'

2024-05-18 17:35:59 - [MESSAGE][PASSED] - Text 'UDF Data 9' is set on object 'Object Repository/VLink/Page_CCSale/txt_UDF9'

2024-05-18 17:35:59 - [MESSAGE][PASSED] - Text 'UDF Data 10' is set on object 'Object Repository/VLink/Page_CCSale/txt_UDF10'

2024-05-18 17:36:02 - [MESSAGE][PASSED] - Object: 'Object Repository/VLink/Page_CCSale/btn_ProcessVLinkTransaction' is clicked on

2024-05-18 17:36:07 - [MESSAGE][PASSED] - vlinkPages.saleCCPage.setDataSCC is PASSED

2024-05-18 17:36:07 - [TEST_STEP][FAILED] - if (verifyTextPresent("Transaction approved, no errors", true)): Text 'Transaction approved, no errors' is not present on page  using regular expression (Root cause: com.kms.katalon.core.exception.StepFailedException: Text 'Transaction approved, no errors' is not present on page  using regular expression
	at com.kms.katalon.core.webui.keyword.internal.WebUIKeywordMain.stepFailed(WebUIKeywordMain.groovy:64)
	at com.kms.katalon.core.webui.keyword.builtin.VerifyTextPresentKeyword$_verifyTextPresent_closure1.doCall(VerifyTextPresentKeyword.groovy:79)
	at com.kms.katalon.core.webui.keyword.builtin.VerifyTextPresentKeyword$_verifyTextPresent_closure1.call(VerifyTextPresentKeyword.groovy)
	at com.kms.katalon.core.webui.keyword.internal.WebUIKeywordMain.runKeyword(WebUIKeywordMain.groovy:20)
	at com.kms.katalon.core.webui.keyword.builtin.VerifyTextPresentKeyword.verifyTextPresent(VerifyTextPresentKeyword.groovy:83)
	at com.kms.katalon.core.webui.keyword.builtin.VerifyTextPresentKeyword.execute(VerifyTextPresentKeyword.groovy:68)
	at com.kms.katalon.core.keyword.internal.KeywordExecutor.executeKeywordForPlatform(KeywordExecutor.groovy:74)
	at com.kms.katalon.core.webui.keyword.WebUiBuiltInKeywords.verifyTextPresent(WebUiBuiltInKeywords.groovy:1723)
	at com.kms.katalon.core.webui.keyword.WebUiBuiltInKeywords$verifyTextPresent$4.call(Unknown Source)
	at VLinkSale-Successful.run(VLinkSale-Successful:89)
	at com.kms.katalon.core.main.ScriptEngine.run(ScriptEngine.java:194)
	at com.kms.katalon.core.main.ScriptEngine.runScriptAsRawText(ScriptEngine.java:119)
	at com.kms.katalon.core.main.TestCaseExecutor.runScript(TestCaseExecutor.java:448)
	at com.kms.katalon.core.main.TestCaseExecutor.doExecute(TestCaseExecutor.java:439)
	at com.kms.katalon.core.main.TestCaseExecutor.processExecutionPhase(TestCaseExecutor.java:418)
	at com.kms.katalon.core.main.TestCaseExecutor.accessMainPhase(TestCaseExecutor.java:410)
	at com.kms.katalon.core.main.TestCaseExecutor.execute(TestCaseExecutor.java:285)
	at com.kms.katalon.core.common.CommonExecutor.accessTestCaseMainPhase(CommonExecutor.java:65)
	at com.kms.katalon.core.main.TestSuiteExecutor.accessTestSuiteMainPhase(TestSuiteExecutor.java:148)
	at com.kms.katalon.core.main.TestSuiteExecutor.execute(TestSuiteExecutor.java:106)
	at com.kms.katalon.core.main.TestCaseMain.startTestSuite(TestCaseMain.java:187)
	at com.kms.katalon.core.main.TestCaseMain$startTestSuite$0.call(Unknown Source)
	at TempTestSuite1716060890167.run(TempTestSuite1716060890167.groovy:35)
)

2024-05-18 17:36:07 - [MESSAGE][FAILED] - Text 'Transaction approved, no errors' is not present on page  using regular expression (Root cause: com.kms.katalon.core.exception.StepFailedException: Text 'Transaction approved, no errors' is not present on page  using regular expression
	at com.kms.katalon.core.webui.keyword.internal.WebUIKeywordMain.stepFailed(WebUIKeywordMain.groovy:64)
	at com.kms.katalon.core.webui.keyword.builtin.VerifyTextPresentKeyword$_verifyTextPresent_closure1.doCall(VerifyTextPresentKeyword.groovy:79)
	at com.kms.katalon.core.webui.keyword.builtin.VerifyTextPresentKeyword$_verifyTextPresent_closure1.call(VerifyTextPresentKeyword.groovy)
	at com.kms.katalon.core.webui.keyword.internal.WebUIKeywordMain.runKeyword(WebUIKeywordMain.groovy:20)
	at com.kms.katalon.core.webui.keyword.builtin.VerifyTextPresentKeyword.verifyTextPresent(VerifyTextPresentKeyword.groovy:83)
	at com.kms.katalon.core.webui.keyword.builtin.VerifyTextPresentKeyword.execute(VerifyTextPresentKeyword.groovy:68)
	at com.kms.katalon.core.keyword.internal.KeywordExecutor.executeKeywordForPlatform(KeywordExecutor.groovy:74)
	at com.kms.katalon.core.webui.keyword.WebUiBuiltInKeywords.verifyTextPresent(WebUiBuiltInKeywords.groovy:1723)
	at com.kms.katalon.core.webui.keyword.WebUiBuiltInKeywords$verifyTextPresent$4.call(Unknown Source)
	at VLinkSale-Successful.run(VLinkSale-Successful:89)
	at com.kms.katalon.core.main.ScriptEngine.run(ScriptEngine.java:194)
	at com.kms.katalon.core.main.ScriptEngine.runScriptAsRawText(ScriptEngine.java:119)
	at com.kms.katalon.core.main.TestCaseExecutor.runScript(TestCaseExecutor.java:448)
	at com.kms.katalon.core.main.TestCaseExecutor.doExecute(TestCaseExecutor.java:439)
	at com.kms.katalon.core.main.TestCaseExecutor.processExecutionPhase(TestCaseExecutor.java:418)
	at com.kms.katalon.core.main.TestCaseExecutor.accessMainPhase(TestCaseExecutor.java:410)
	at com.kms.katalon.core.main.TestCaseExecutor.execute(TestCaseExecutor.java:285)
	at com.kms.katalon.core.common.CommonExecutor.accessTestCaseMainPhase(CommonExecutor.java:65)
	at com.kms.katalon.core.main.TestSuiteExecutor.accessTestSuiteMainPhase(TestSuiteExecutor.java:148)
	at com.kms.katalon.core.main.TestSuiteExecutor.execute(TestSuiteExecutor.java:106)
	at com.kms.katalon.core.main.TestCaseMain.startTestSuite(TestCaseMain.java:187)
	at com.kms.katalon.core.main.TestCaseMain$startTestSuite$0.call(Unknown Source)
	at TempTestSuite1716060890167.run(TempTestSuite1716060890167.groovy:35)
)

2024-05-18 17:36:07 - [TEST_STEP][PASSED] - else: pages.WriteExcel.demoKey is PASSED

2024-05-18 17:36:07 - [TEST_STEP][PASSED] - println("Transaction Approved, no errors text is not present on the Confirmation page"): null

2024-05-18 17:36:07 - [TEST_STEP][PASSED] - out.println("Fail Record Number: " + row): null

2024-05-18 17:36:07 - [TEST_STEP][PASSED] - resText = "Fail": null

2024-05-18 17:36:07 - [TEST_STEP][PASSED] - pages.WriteExcel.demoKey(resText, datText, resColumn, datCloumn, fileLoc, nameSheet, row): pages.WriteExcel.demoKey is PASSED

2024-05-18 17:36:07 - [MESSAGE][PASSED] - pages.WriteExcel.demoKey is PASSED

2024-05-18 17:36:07 - [TEST_STEP][PASSED] - sdfo = getText(findTestObject("Object Repository/Page_VLinkReceipt/pre_STX")): Text of object 'Object Repository/Page_VLinkReceipt/pre_STX' is: '<STX>alcKYgvm7CSd                  12153370            2  Transaction failed                                105Processor reported error                                                                   <ETX>'

2024-05-18 17:36:08 - [MESSAGE][PASSED] - Text of object 'Object Repository/Page_VLinkReceipt/pre_STX' is: '<STX>alcKYgvm7CSd                  12153370            2  Transaction failed                                105Processor reported error                                                                   <ETX>'

2024-05-18 17:36:08 - [TEST_STEP][PASSED] - out.println("sdfo: " + sdfo): null

2024-05-18 17:36:08 - [TEST_STEP][PASSED] - remID = substring(5, 35).trim(): null

2024-05-18 17:36:08 - [TEST_STEP][PASSED] - out.println("Remittance ID: " + remID): null

2024-05-18 17:36:08 - [TEST_STEP][PASSED] - traxID = substring(35, 55).trim(): null

2024-05-18 17:36:08 - [TEST_STEP][PASSED] - out.println("Transaction ID: " + traxID): null

2024-05-18 17:36:08 - [TEST_STEP][PASSED] - out.println("End Record Number: " + row): null

2024-05-18 17:36:08 - [TEST_STEP][PASSED] - closeBrowser(): Browser is closed

2024-05-18 17:36:09 - [MESSAGE][PASSED] - Browser is closed

2024-05-18 17:36:09 - [TEST_STEP][PASSED] - ExecuteTC = findTestData(dataFile).getValue("Execute", row): null

2024-05-18 17:36:09 - [TEST_STEP][PASSED] - out.println("Value of Execute is : " + ExecuteTC): null

2024-05-18 17:36:09 - [TEST_STEP][PASSED] - if (ExecuteTC.equalsIgnoreCase("Y")): Browser is closed

2024-05-18 17:36:09 - [TEST_STEP][PASSED] - out.println("Begin Record Number: " + row): null

2024-05-18 17:36:09 - [TEST_STEP][PASSED] - today = new java.util.Date(): null

2024-05-18 17:36:09 - [TEST_STEP][PASSED] - println(today): null

2024-05-18 17:36:09 - [TEST_STEP][PASSED] - datText = today: null

2024-05-18 17:36:09 - [TEST_STEP][PASSED] - openBrowser(VLinkURL + "authcap.html"): Browser is opened with url: 'https://dev-algorithm.govolution.com/vlinktest/QA2/version_2_0/authcap.html'

2024-05-18 17:36:09 - [MESSAGE][INFO] - Starting 'Chrome' driver

2024-05-18 17:36:09 - [MESSAGE][INFO] - User set preference: ['acceptInsecureCerts', 'true']

2024-05-18 17:36:09 - [MESSAGE][INFO] - Action delay is set to 0 milliseconds

2024-05-18 17:36:11 - [MESSAGE][PASSED] - Browser is opened with url: 'https://dev-algorithm.govolution.com/vlinktest/QA2/version_2_0/authcap.html'

2024-05-18 17:36:11 - [TEST_STEP][PASSED] - maximizeWindow(): Current window maximized

2024-05-18 17:36:11 - [MESSAGE][PASSED] - Current window maximized

2024-05-18 17:36:11 - [TEST_STEP][PASSED] - vlinkPages.saleCCPage.setDataSCC(row, dataFile): vlinkPages.saleCCPage.setDataSCC is PASSED

2024-05-18 17:36:14 - [MESSAGE][PASSED] - Object 'Object Repository/VLink/Page_CCSale/txt_CardNumber' is present

2024-05-18 17:36:15 - [MESSAGE][PASSED] - Text '104' is set on object 'Object Repository/VLink/Page_CCSale/txt_TransactionType'

2024-05-18 17:36:16 - [MESSAGE][PASSED] - Text '2.0C' is set on object 'Object Repository/VLink/Page_CCSale/txt_MessageVersion'

2024-05-18 17:36:16 - [MESSAGE][PASSED] - Text 'RsGp4r6D3DT7' is set on object 'Object Repository/VLink/Page_CCSale/txt_RemID'

2024-05-18 17:36:17 - [MESSAGE][PASSED] - Text '501' is set on object 'Object Repository/VLink/Page_CCSale/txt_ApplicationId'

2024-05-18 17:36:18 - [MESSAGE][PASSED] - Text 'user501' is set on object 'Object Repository/VLink/Page_CCSale/txt_Username'

2024-05-18 17:36:18 - [MESSAGE][PASSED] - Text 'pwd501' is set on object 'Object Repository/VLink/Page_CCSale/txt_Password'

2024-05-18 17:36:19 - [MESSAGE][PASSED] - Text 'fixed_width' is set on object 'Object Repository/VLink/Page_CCSale/txt_ResponseFormat'

2024-05-18 17:36:20 - [MESSAGE][PASSED] - Text 'ECOM' is set on object 'Object Repository/VLink/Page_CCSale/txt_Category'

2024-05-18 17:36:20 - [MESSAGE][PASSED] - Text '' is set on object 'Object Repository/VLink/Page_CCSale/txt_TransactionID'

2024-05-18 17:36:21 - [MESSAGE][PASSED] - Text '' is set on object 'Object Repository/VLink/Page_CCSale/txt_ApprovalCode'

2024-05-18 17:36:22 - [MESSAGE][PASSED] - Text 'Brij Mohan' is set on object 'Object Repository/VLink/Page_CCSale/txt_CardName'

2024-05-18 17:36:23 - [MESSAGE][PASSED] - Text '96581 Manchin St' is set on object 'Object Repository/VLink/Page_CCSale/txt_AL1'

2024-05-18 17:36:23 - [MESSAGE][PASSED] - Text 'Suite 56' is set on object 'Object Repository/VLink/Page_CCSale/txt_AL2'

2024-05-18 17:36:24 - [MESSAGE][PASSED] - Text 'Arlington' is set on object 'Object Repository/VLink/Page_CCSale/txt_CardCity'

2024-05-18 17:36:25 - [MESSAGE][PASSED] - Text 'VA' is set on object 'Object Repository/VLink/Page_CCSale/txt_CardState'

2024-05-18 17:36:25 - [MESSAGE][PASSED] - Text '22201' is set on object 'Object Repository/VLink/Page_CCSale/txt_CardZIP'

2024-05-18 17:36:26 - [MESSAGE][PASSED] - Text '840' is set on object 'Object Repository/VLink/Page_CCSale/txt_CountryID'

2024-05-18 17:36:27 - [MESSAGE][PASSED] - Text '1.50' is set on object 'Object Repository/VLink/Page_CCSale/txt_Amount'

2024-05-18 17:36:28 - [MESSAGE][PASSED] - Text '371449635392376' is set on object 'Object Repository/VLink/Page_CCSale/txt_CardNumber'

2024-05-18 17:36:28 - [MESSAGE][PASSED] - Text '12' is set on object 'Object Repository/VLink/Page_CCSale/txt_ExpMonth'

2024-05-18 17:36:29 - [MESSAGE][PASSED] - Text '2025' is set on object 'Object Repository/VLink/Page_CCSale/txt_ExpYear'

2024-05-18 17:36:30 - [MESSAGE][PASSED] - Text '' is set on object 'Object Repository/VLink/Page_CCSale/txt_CVV'

2024-05-18 17:36:30 - [MESSAGE][PASSED] - Text '' is set on object 'Object Repository/VLink/Page_CCSale/txt_CVVstate'

2024-05-18 17:36:31 - [MESSAGE][PASSED] - Text '' is set on object 'Object Repository/VLink/Page_CCSale/txt_TrackData'

2024-05-18 17:36:32 - [MESSAGE][PASSED] - Text '' is set on object 'Object Repository/VLink/Page_CCSale/txt_Track1Data'

2024-05-18 17:36:32 - [MESSAGE][PASSED] - Text '' is set on object 'Object Repository/VLink/Page_CCSale/txt_Track2Data'

2024-05-18 17:36:33 - [MESSAGE][PASSED] - Text 'manual' is set on object 'Object Repository/VLink/Page_CCSale/txt_POSEntryMode'

2024-05-18 17:36:34 - [MESSAGE][PASSED] - Text 'iahmed@govolution.com' is set on object 'Object Repository/VLink/Page_CCSale/txt_Email'

2024-05-18 17:36:34 - [MESSAGE][PASSED] - Text '2569362' is set on object 'Object Repository/VLink/Page_CCSale/txt_OrderNumber'

2024-05-18 17:36:35 - [MESSAGE][PASSED] - Text '0' is set on object 'Object Repository/VLink/Page_CCSale/txt_TaxAmount'

2024-05-18 17:36:36 - [MESSAGE][PASSED] - Text 'Charge Description' is set on object 'Object Repository/VLink/Page_CCSale/txt_ChargeDescription'

2024-05-18 17:36:37 - [MESSAGE][PASSED] - Text '147357' is set on object 'Object Repository/VLink/Page_CCSale/txt_CAN'

2024-05-18 17:36:37 - [MESSAGE][PASSED] - Text '1' is set on object 'Object Repository/VLink/Page_CCSale/txt_BillPaymentIndicator'

2024-05-18 17:36:38 - [MESSAGE][PASSED] - Text 'UDF Data 1' is set on object 'Object Repository/VLink/Page_CCSale/txt_UDF1'

2024-05-18 17:36:39 - [MESSAGE][PASSED] - Text 'UDF Data 2' is set on object 'Object Repository/VLink/Page_CCSale/txt_UDF2'

2024-05-18 17:36:39 - [MESSAGE][PASSED] - Text 'UDF Data 3' is set on object 'Object Repository/VLink/Page_CCSale/txt_UDF3'

2024-05-18 17:36:40 - [MESSAGE][PASSED] - Text 'UDF Data 4' is set on object 'Object Repository/VLink/Page_CCSale/txt_UDF4'

2024-05-18 17:36:41 - [MESSAGE][PASSED] - Text 'UDF Data 5' is set on object 'Object Repository/VLink/Page_CCSale/txt_UDF5'

2024-05-18 17:36:41 - [MESSAGE][PASSED] - Text 'UDF Data 6' is set on object 'Object Repository/VLink/Page_CCSale/txt_UDF6'

2024-05-18 17:36:42 - [MESSAGE][PASSED] - Text 'UDF Data 7' is set on object 'Object Repository/VLink/Page_CCSale/txt_UDF7'

2024-05-18 17:36:43 - [MESSAGE][PASSED] - Text 'UDF Data 8' is set on object 'Object Repository/VLink/Page_CCSale/txt_UDF8'

2024-05-18 17:36:44 - [MESSAGE][PASSED] - Text 'UDF Data 9' is set on object 'Object Repository/VLink/Page_CCSale/txt_UDF9'

2024-05-18 17:36:44 - [MESSAGE][PASSED] - Text 'UDF Data 10' is set on object 'Object Repository/VLink/Page_CCSale/txt_UDF10'

2024-05-18 17:36:48 - [MESSAGE][PASSED] - Object: 'Object Repository/VLink/Page_CCSale/btn_ProcessVLinkTransaction' is clicked on

2024-05-18 17:36:53 - [MESSAGE][PASSED] - vlinkPages.saleCCPage.setDataSCC is PASSED

2024-05-18 17:36:53 - [TEST_STEP][PASSED] - if (verifyTextPresent("Transaction approved, no errors", true)): null

2024-05-18 17:36:54 - [MESSAGE][PASSED] - Text 'Transaction approved, no errors' is present on page  using regular expression

2024-05-18 17:36:54 - [TEST_STEP][PASSED] - println("Transaction Approved, no errors text is present on the Confirmation page"): null

2024-05-18 17:36:54 - [TEST_STEP][PASSED] - out.println("Pass Record Number: " + row): null

2024-05-18 17:36:54 - [TEST_STEP][PASSED] - resText = "Pass": null

2024-05-18 17:36:54 - [TEST_STEP][PASSED] - pages.WriteExcel.demoKey(resText, datText, resColumn, datCloumn, fileLoc, nameSheet, row): pages.WriteExcel.demoKey is PASSED

2024-05-18 17:36:54 - [MESSAGE][PASSED] - pages.WriteExcel.demoKey is PASSED

2024-05-18 17:36:54 - [TEST_STEP][PASSED] - sdfo = getText(findTestObject("Object Repository/Page_VLinkReceipt/pre_STX")): Text of object 'Object Repository/Page_VLinkReceipt/pre_STX' is: '<STX>RsGp4r6D3DT7                  12153371            0  Transaction approved, no errors                   0                                                                                  M OK0838   <ETX>'

2024-05-18 17:36:54 - [MESSAGE][PASSED] - Text of object 'Object Repository/Page_VLinkReceipt/pre_STX' is: '<STX>RsGp4r6D3DT7                  12153371            0  Transaction approved, no errors                   0                                                                                  M OK0838   <ETX>'

2024-05-18 17:36:54 - [TEST_STEP][PASSED] - out.println("sdfo: " + sdfo): null

2024-05-18 17:36:54 - [TEST_STEP][PASSED] - remID = substring(5, 35).trim(): null

2024-05-18 17:36:54 - [TEST_STEP][PASSED] - out.println("Remittance ID: " + remID): null

2024-05-18 17:36:54 - [TEST_STEP][PASSED] - traxID = substring(35, 55).trim(): null

2024-05-18 17:36:54 - [TEST_STEP][PASSED] - out.println("Transaction ID: " + traxID): null

2024-05-18 17:36:54 - [TEST_STEP][PASSED] - out.println("End Record Number: " + row): null

2024-05-18 17:36:54 - [TEST_STEP][PASSED] - closeBrowser(): Browser is closed

2024-05-18 17:36:55 - [MESSAGE][PASSED] - Browser is closed

2024-05-18 17:36:55 - [TEST_STEP][PASSED] - ExecuteTC = findTestData(dataFile).getValue("Execute", row): null

2024-05-18 17:36:55 - [TEST_STEP][PASSED] - out.println("Value of Execute is : " + ExecuteTC): null

2024-05-18 17:36:55 - [TEST_STEP][PASSED] - if (ExecuteTC.equalsIgnoreCase("Y")): Browser is closed

2024-05-18 17:36:55 - [TEST_STEP][PASSED] - out.println("Begin Record Number: " + row): null

2024-05-18 17:36:55 - [TEST_STEP][PASSED] - today = new java.util.Date(): null

2024-05-18 17:36:55 - [TEST_STEP][PASSED] - println(today): null

2024-05-18 17:36:55 - [TEST_STEP][PASSED] - datText = today: null

2024-05-18 17:36:55 - [TEST_STEP][PASSED] - openBrowser(VLinkURL + "authcap.html"): Browser is opened with url: 'https://dev-algorithm.govolution.com/vlinktest/QA2/version_2_0/authcap.html'

2024-05-18 17:36:55 - [MESSAGE][INFO] - Starting 'Chrome' driver

2024-05-18 17:36:55 - [MESSAGE][INFO] - User set preference: ['acceptInsecureCerts', 'true']

2024-05-18 17:36:55 - [MESSAGE][INFO] - Action delay is set to 0 milliseconds

2024-05-18 17:36:58 - [MESSAGE][PASSED] - Browser is opened with url: 'https://dev-algorithm.govolution.com/vlinktest/QA2/version_2_0/authcap.html'

2024-05-18 17:36:58 - [TEST_STEP][PASSED] - maximizeWindow(): Current window maximized

2024-05-18 17:36:58 - [MESSAGE][PASSED] - Current window maximized

2024-05-18 17:36:58 - [TEST_STEP][PASSED] - vlinkPages.saleCCPage.setDataSCC(row, dataFile): vlinkPages.saleCCPage.setDataSCC is PASSED

2024-05-18 17:37:01 - [MESSAGE][PASSED] - Object 'Object Repository/VLink/Page_CCSale/txt_CardNumber' is present

2024-05-18 17:37:02 - [MESSAGE][PASSED] - Text '104' is set on object 'Object Repository/VLink/Page_CCSale/txt_TransactionType'

2024-05-18 17:37:02 - [MESSAGE][PASSED] - Text '2.0C' is set on object 'Object Repository/VLink/Page_CCSale/txt_MessageVersion'

2024-05-18 17:37:03 - [MESSAGE][PASSED] - Text 'dXrqxN1LkLlK' is set on object 'Object Repository/VLink/Page_CCSale/txt_RemID'

2024-05-18 17:37:04 - [MESSAGE][PASSED] - Text '501' is set on object 'Object Repository/VLink/Page_CCSale/txt_ApplicationId'

2024-05-18 17:37:04 - [MESSAGE][PASSED] - Text 'user501' is set on object 'Object Repository/VLink/Page_CCSale/txt_Username'

2024-05-18 17:37:05 - [MESSAGE][PASSED] - Text 'pwd501' is set on object 'Object Repository/VLink/Page_CCSale/txt_Password'

2024-05-18 17:37:06 - [MESSAGE][PASSED] - Text 'fixed_width' is set on object 'Object Repository/VLink/Page_CCSale/txt_ResponseFormat'

2024-05-18 17:37:06 - [MESSAGE][PASSED] - Text 'MOTO' is set on object 'Object Repository/VLink/Page_CCSale/txt_Category'

2024-05-18 17:37:07 - [MESSAGE][PASSED] - Text '' is set on object 'Object Repository/VLink/Page_CCSale/txt_TransactionID'

2024-05-18 17:37:08 - [MESSAGE][PASSED] - Text '' is set on object 'Object Repository/VLink/Page_CCSale/txt_ApprovalCode'

2024-05-18 17:37:08 - [MESSAGE][PASSED] - Text 'Brij Mohan' is set on object 'Object Repository/VLink/Page_CCSale/txt_CardName'

2024-05-18 17:37:09 - [MESSAGE][PASSED] - Text '96581 Manchin St' is set on object 'Object Repository/VLink/Page_CCSale/txt_AL1'

2024-05-18 17:37:10 - [MESSAGE][PASSED] - Text 'Suite 56' is set on object 'Object Repository/VLink/Page_CCSale/txt_AL2'

2024-05-18 17:37:11 - [MESSAGE][PASSED] - Text 'Arlington' is set on object 'Object Repository/VLink/Page_CCSale/txt_CardCity'

2024-05-18 17:37:11 - [MESSAGE][PASSED] - Text 'VA' is set on object 'Object Repository/VLink/Page_CCSale/txt_CardState'

2024-05-18 17:37:12 - [MESSAGE][PASSED] - Text '22201' is set on object 'Object Repository/VLink/Page_CCSale/txt_CardZIP'

2024-05-18 17:37:13 - [MESSAGE][PASSED] - Text '840' is set on object 'Object Repository/VLink/Page_CCSale/txt_CountryID'

2024-05-18 17:37:13 - [MESSAGE][PASSED] - Text '1.50' is set on object 'Object Repository/VLink/Page_CCSale/txt_Amount'

2024-05-18 17:37:14 - [MESSAGE][PASSED] - Text '371449635392376' is set on object 'Object Repository/VLink/Page_CCSale/txt_CardNumber'

2024-05-18 17:37:15 - [MESSAGE][PASSED] - Text '12' is set on object 'Object Repository/VLink/Page_CCSale/txt_ExpMonth'

2024-05-18 17:37:15 - [MESSAGE][PASSED] - Text '2025' is set on object 'Object Repository/VLink/Page_CCSale/txt_ExpYear'

2024-05-18 17:37:16 - [MESSAGE][PASSED] - Text '' is set on object 'Object Repository/VLink/Page_CCSale/txt_CVV'

2024-05-18 17:37:17 - [MESSAGE][PASSED] - Text '' is set on object 'Object Repository/VLink/Page_CCSale/txt_CVVstate'

2024-05-18 17:37:17 - [MESSAGE][PASSED] - Text '' is set on object 'Object Repository/VLink/Page_CCSale/txt_TrackData'

2024-05-18 17:37:18 - [MESSAGE][PASSED] - Text '' is set on object 'Object Repository/VLink/Page_CCSale/txt_Track1Data'

2024-05-18 17:37:19 - [MESSAGE][PASSED] - Text '' is set on object 'Object Repository/VLink/Page_CCSale/txt_Track2Data'

2024-05-18 17:37:20 - [MESSAGE][PASSED] - Text 'manual' is set on object 'Object Repository/VLink/Page_CCSale/txt_POSEntryMode'

2024-05-18 17:37:20 - [MESSAGE][PASSED] - Text 'iahmed@govolution.com' is set on object 'Object Repository/VLink/Page_CCSale/txt_Email'

2024-05-18 17:37:21 - [MESSAGE][PASSED] - Text '2569362' is set on object 'Object Repository/VLink/Page_CCSale/txt_OrderNumber'

2024-05-18 17:37:22 - [MESSAGE][PASSED] - Text '0' is set on object 'Object Repository/VLink/Page_CCSale/txt_TaxAmount'

2024-05-18 17:37:22 - [MESSAGE][PASSED] - Text 'Charge Description' is set on object 'Object Repository/VLink/Page_CCSale/txt_ChargeDescription'

2024-05-18 17:37:23 - [MESSAGE][PASSED] - Text '147357' is set on object 'Object Repository/VLink/Page_CCSale/txt_CAN'

2024-05-18 17:37:24 - [MESSAGE][PASSED] - Text '1' is set on object 'Object Repository/VLink/Page_CCSale/txt_BillPaymentIndicator'

2024-05-18 17:37:24 - [MESSAGE][PASSED] - Text 'UDF Data 1' is set on object 'Object Repository/VLink/Page_CCSale/txt_UDF1'

2024-05-18 17:37:25 - [MESSAGE][PASSED] - Text 'UDF Data 2' is set on object 'Object Repository/VLink/Page_CCSale/txt_UDF2'

2024-05-18 17:37:26 - [MESSAGE][PASSED] - Text 'UDF Data 3' is set on object 'Object Repository/VLink/Page_CCSale/txt_UDF3'

2024-05-18 17:37:26 - [MESSAGE][PASSED] - Text 'UDF Data 4' is set on object 'Object Repository/VLink/Page_CCSale/txt_UDF4'

2024-05-18 17:37:27 - [MESSAGE][PASSED] - Text 'UDF Data 5' is set on object 'Object Repository/VLink/Page_CCSale/txt_UDF5'

2024-05-18 17:37:28 - [MESSAGE][PASSED] - Text 'UDF Data 6' is set on object 'Object Repository/VLink/Page_CCSale/txt_UDF6'

2024-05-18 17:37:29 - [MESSAGE][PASSED] - Text 'UDF Data 7' is set on object 'Object Repository/VLink/Page_CCSale/txt_UDF7'

2024-05-18 17:37:29 - [MESSAGE][PASSED] - Text 'UDF Data 8' is set on object 'Object Repository/VLink/Page_CCSale/txt_UDF8'

2024-05-18 17:37:30 - [MESSAGE][PASSED] - Text 'UDF Data 9' is set on object 'Object Repository/VLink/Page_CCSale/txt_UDF9'

2024-05-18 17:37:31 - [MESSAGE][PASSED] - Text 'UDF Data 10' is set on object 'Object Repository/VLink/Page_CCSale/txt_UDF10'

2024-05-18 17:37:35 - [MESSAGE][PASSED] - Object: 'Object Repository/VLink/Page_CCSale/btn_ProcessVLinkTransaction' is clicked on

2024-05-18 17:37:40 - [MESSAGE][PASSED] - vlinkPages.saleCCPage.setDataSCC is PASSED

2024-05-18 17:37:40 - [TEST_STEP][PASSED] - if (verifyTextPresent("Transaction approved, no errors", true)): null

2024-05-18 17:37:40 - [MESSAGE][PASSED] - Text 'Transaction approved, no errors' is present on page  using regular expression

2024-05-18 17:37:40 - [TEST_STEP][PASSED] - println("Transaction Approved, no errors text is present on the Confirmation page"): null

2024-05-18 17:37:40 - [TEST_STEP][PASSED] - out.println("Pass Record Number: " + row): null

2024-05-18 17:37:40 - [TEST_STEP][PASSED] - resText = "Pass": null

2024-05-18 17:37:40 - [TEST_STEP][PASSED] - pages.WriteExcel.demoKey(resText, datText, resColumn, datCloumn, fileLoc, nameSheet, row): pages.WriteExcel.demoKey is PASSED

2024-05-18 17:37:40 - [MESSAGE][PASSED] - pages.WriteExcel.demoKey is PASSED

2024-05-18 17:37:40 - [TEST_STEP][PASSED] - sdfo = getText(findTestObject("Object Repository/Page_VLinkReceipt/pre_STX")): Text of object 'Object Repository/Page_VLinkReceipt/pre_STX' is: '<STX>dXrqxN1LkLlK                  12153372            0  Transaction approved, no errors                   0                                                                                  M OK0848   <ETX>'

2024-05-18 17:37:41 - [MESSAGE][PASSED] - Text of object 'Object Repository/Page_VLinkReceipt/pre_STX' is: '<STX>dXrqxN1LkLlK                  12153372            0  Transaction approved, no errors                   0                                                                                  M OK0848   <ETX>'

2024-05-18 17:37:41 - [TEST_STEP][PASSED] - out.println("sdfo: " + sdfo): null

2024-05-18 17:37:41 - [TEST_STEP][PASSED] - remID = substring(5, 35).trim(): null

2024-05-18 17:37:41 - [TEST_STEP][PASSED] - out.println("Remittance ID: " + remID): null

2024-05-18 17:37:41 - [TEST_STEP][PASSED] - traxID = substring(35, 55).trim(): null

2024-05-18 17:37:41 - [TEST_STEP][PASSED] - out.println("Transaction ID: " + traxID): null

2024-05-18 17:37:41 - [TEST_STEP][PASSED] - out.println("End Record Number: " + row): null

2024-05-18 17:37:41 - [TEST_STEP][PASSED] - closeBrowser(): Browser is closed

2024-05-18 17:37:42 - [MESSAGE][PASSED] - Browser is closed

2024-05-18 17:37:42 - [TEST_STEP][PASSED] - ExecuteTC = findTestData(dataFile).getValue("Execute", row): null

2024-05-18 17:37:42 - [TEST_STEP][PASSED] - out.println("Value of Execute is : " + ExecuteTC): null

2024-05-18 17:37:42 - [TEST_STEP][PASSED] - if (ExecuteTC.equalsIgnoreCase("Y")): Browser is closed

2024-05-18 17:37:42 - [TEST_STEP][PASSED] - out.println("Begin Record Number: " + row): null

2024-05-18 17:37:42 - [TEST_STEP][PASSED] - today = new java.util.Date(): null

2024-05-18 17:37:42 - [TEST_STEP][PASSED] - println(today): null

2024-05-18 17:37:42 - [TEST_STEP][PASSED] - datText = today: null

2024-05-18 17:37:42 - [TEST_STEP][PASSED] - openBrowser(VLinkURL + "authcap.html"): Browser is opened with url: 'https://dev-algorithm.govolution.com/vlinktest/QA2/version_2_0/authcap.html'

2024-05-18 17:37:42 - [MESSAGE][INFO] - Starting 'Chrome' driver

2024-05-18 17:37:42 - [MESSAGE][INFO] - User set preference: ['acceptInsecureCerts', 'true']

2024-05-18 17:37:42 - [MESSAGE][INFO] - Action delay is set to 0 milliseconds

2024-05-18 17:37:44 - [MESSAGE][PASSED] - Browser is opened with url: 'https://dev-algorithm.govolution.com/vlinktest/QA2/version_2_0/authcap.html'

2024-05-18 17:37:44 - [TEST_STEP][PASSED] - maximizeWindow(): Current window maximized

2024-05-18 17:37:44 - [MESSAGE][PASSED] - Current window maximized

2024-05-18 17:37:44 - [TEST_STEP][PASSED] - vlinkPages.saleCCPage.setDataSCC(row, dataFile): vlinkPages.saleCCPage.setDataSCC is PASSED

2024-05-18 17:37:48 - [MESSAGE][PASSED] - Object 'Object Repository/VLink/Page_CCSale/txt_CardNumber' is present

2024-05-18 17:37:48 - [MESSAGE][PASSED] - Text '104' is set on object 'Object Repository/VLink/Page_CCSale/txt_TransactionType'

2024-05-18 17:37:49 - [MESSAGE][PASSED] - Text '2.0C' is set on object 'Object Repository/VLink/Page_CCSale/txt_MessageVersion'

2024-05-18 17:37:49 - [MESSAGE][PASSED] - Text 'v7F0F2HWz71O' is set on object 'Object Repository/VLink/Page_CCSale/txt_RemID'

2024-05-18 17:37:50 - [MESSAGE][PASSED] - Text '501' is set on object 'Object Repository/VLink/Page_CCSale/txt_ApplicationId'

2024-05-18 17:37:51 - [MESSAGE][PASSED] - Text 'user501' is set on object 'Object Repository/VLink/Page_CCSale/txt_Username'

2024-05-18 17:37:52 - [MESSAGE][PASSED] - Text 'pwd501' is set on object 'Object Repository/VLink/Page_CCSale/txt_Password'

2024-05-18 17:37:52 - [MESSAGE][PASSED] - Text 'fixed_width' is set on object 'Object Repository/VLink/Page_CCSale/txt_ResponseFormat'

2024-05-18 17:37:53 - [MESSAGE][PASSED] - Text 'RETL' is set on object 'Object Repository/VLink/Page_CCSale/txt_Category'

2024-05-18 17:37:54 - [MESSAGE][PASSED] - Text '' is set on object 'Object Repository/VLink/Page_CCSale/txt_TransactionID'

2024-05-18 17:37:54 - [MESSAGE][PASSED] - Text '' is set on object 'Object Repository/VLink/Page_CCSale/txt_ApprovalCode'

2024-05-18 17:37:55 - [MESSAGE][PASSED] - Text 'Brij Mohan' is set on object 'Object Repository/VLink/Page_CCSale/txt_CardName'

2024-05-18 17:37:56 - [MESSAGE][PASSED] - Text '96581 Manchin St' is set on object 'Object Repository/VLink/Page_CCSale/txt_AL1'

2024-05-18 17:37:57 - [MESSAGE][PASSED] - Text 'Suite 56' is set on object 'Object Repository/VLink/Page_CCSale/txt_AL2'

2024-05-18 17:37:57 - [MESSAGE][PASSED] - Text 'Arlington' is set on object 'Object Repository/VLink/Page_CCSale/txt_CardCity'

2024-05-18 17:37:58 - [MESSAGE][PASSED] - Text 'VA' is set on object 'Object Repository/VLink/Page_CCSale/txt_CardState'

2024-05-18 17:37:59 - [MESSAGE][PASSED] - Text '22201' is set on object 'Object Repository/VLink/Page_CCSale/txt_CardZIP'

2024-05-18 17:37:59 - [MESSAGE][PASSED] - Text '840' is set on object 'Object Repository/VLink/Page_CCSale/txt_CountryID'

2024-05-18 17:38:00 - [MESSAGE][PASSED] - Text '1.50' is set on object 'Object Repository/VLink/Page_CCSale/txt_Amount'

2024-05-18 17:38:01 - [MESSAGE][PASSED] - Text '371449635392376' is set on object 'Object Repository/VLink/Page_CCSale/txt_CardNumber'

2024-05-18 17:38:01 - [MESSAGE][PASSED] - Text '12' is set on object 'Object Repository/VLink/Page_CCSale/txt_ExpMonth'

2024-05-18 17:38:02 - [MESSAGE][PASSED] - Text '2025' is set on object 'Object Repository/VLink/Page_CCSale/txt_ExpYear'

2024-05-18 17:38:03 - [MESSAGE][PASSED] - Text '' is set on object 'Object Repository/VLink/Page_CCSale/txt_CVV'

2024-05-18 17:38:03 - [MESSAGE][PASSED] - Text '' is set on object 'Object Repository/VLink/Page_CCSale/txt_CVVstate'

2024-05-18 17:38:04 - [MESSAGE][PASSED] - Text '' is set on object 'Object Repository/VLink/Page_CCSale/txt_TrackData'

2024-05-18 17:38:05 - [MESSAGE][PASSED] - Text '' is set on object 'Object Repository/VLink/Page_CCSale/txt_Track1Data'

2024-05-18 17:38:06 - [MESSAGE][PASSED] - Text '' is set on object 'Object Repository/VLink/Page_CCSale/txt_Track2Data'

2024-05-18 17:38:06 - [MESSAGE][PASSED] - Text 'manual' is set on object 'Object Repository/VLink/Page_CCSale/txt_POSEntryMode'

2024-05-18 17:38:07 - [MESSAGE][PASSED] - Text 'iahmed@govolution.com' is set on object 'Object Repository/VLink/Page_CCSale/txt_Email'

2024-05-18 17:38:08 - [MESSAGE][PASSED] - Text '2569362' is set on object 'Object Repository/VLink/Page_CCSale/txt_OrderNumber'

2024-05-18 17:38:08 - [MESSAGE][PASSED] - Text '0' is set on object 'Object Repository/VLink/Page_CCSale/txt_TaxAmount'

2024-05-18 17:38:09 - [MESSAGE][PASSED] - Text 'Charge Description' is set on object 'Object Repository/VLink/Page_CCSale/txt_ChargeDescription'

2024-05-18 17:38:10 - [MESSAGE][PASSED] - Text '147357' is set on object 'Object Repository/VLink/Page_CCSale/txt_CAN'

2024-05-18 17:38:10 - [MESSAGE][PASSED] - Text '1' is set on object 'Object Repository/VLink/Page_CCSale/txt_BillPaymentIndicator'

2024-05-18 17:38:11 - [MESSAGE][PASSED] - Text 'UDF Data 1' is set on object 'Object Repository/VLink/Page_CCSale/txt_UDF1'

2024-05-18 17:38:12 - [MESSAGE][PASSED] - Text 'UDF Data 2' is set on object 'Object Repository/VLink/Page_CCSale/txt_UDF2'

2024-05-18 17:38:12 - [MESSAGE][PASSED] - Text 'UDF Data 3' is set on object 'Object Repository/VLink/Page_CCSale/txt_UDF3'

2024-05-18 17:38:13 - [MESSAGE][PASSED] - Text 'UDF Data 4' is set on object 'Object Repository/VLink/Page_CCSale/txt_UDF4'

2024-05-18 17:38:14 - [MESSAGE][PASSED] - Text 'UDF Data 5' is set on object 'Object Repository/VLink/Page_CCSale/txt_UDF5'

2024-05-18 17:38:14 - [MESSAGE][PASSED] - Text 'UDF Data 6' is set on object 'Object Repository/VLink/Page_CCSale/txt_UDF6'

2024-05-18 17:38:15 - [MESSAGE][PASSED] - Text 'UDF Data 7' is set on object 'Object Repository/VLink/Page_CCSale/txt_UDF7'

2024-05-18 17:38:16 - [MESSAGE][PASSED] - Text 'UDF Data 8' is set on object 'Object Repository/VLink/Page_CCSale/txt_UDF8'

2024-05-18 17:38:17 - [MESSAGE][PASSED] - Text 'UDF Data 9' is set on object 'Object Repository/VLink/Page_CCSale/txt_UDF9'

2024-05-18 17:38:17 - [MESSAGE][PASSED] - Text 'UDF Data 10' is set on object 'Object Repository/VLink/Page_CCSale/txt_UDF10'

2024-05-18 17:38:21 - [MESSAGE][PASSED] - Object: 'Object Repository/VLink/Page_CCSale/btn_ProcessVLinkTransaction' is clicked on

2024-05-18 17:38:26 - [MESSAGE][PASSED] - vlinkPages.saleCCPage.setDataSCC is PASSED

2024-05-18 17:38:26 - [TEST_STEP][PASSED] - if (verifyTextPresent("Transaction approved, no errors", true)): null

2024-05-18 17:38:27 - [MESSAGE][PASSED] - Text 'Transaction approved, no errors' is present on page  using regular expression

2024-05-18 17:38:27 - [TEST_STEP][PASSED] - println("Transaction Approved, no errors text is present on the Confirmation page"): null

2024-05-18 17:38:27 - [TEST_STEP][PASSED] - out.println("Pass Record Number: " + row): null

2024-05-18 17:38:27 - [TEST_STEP][PASSED] - resText = "Pass": null

2024-05-18 17:38:27 - [TEST_STEP][PASSED] - pages.WriteExcel.demoKey(resText, datText, resColumn, datCloumn, fileLoc, nameSheet, row): pages.WriteExcel.demoKey is PASSED

2024-05-18 17:38:27 - [MESSAGE][PASSED] - pages.WriteExcel.demoKey is PASSED

2024-05-18 17:38:27 - [TEST_STEP][PASSED] - sdfo = getText(findTestObject("Object Repository/Page_VLinkReceipt/pre_STX")): Text of object 'Object Repository/Page_VLinkReceipt/pre_STX' is: '<STX>v7F0F2HWz71O                  12153373            0  Transaction approved, no errors                   0                                                                                  M OK0868   <ETX>'

2024-05-18 17:38:27 - [MESSAGE][PASSED] - Text of object 'Object Repository/Page_VLinkReceipt/pre_STX' is: '<STX>v7F0F2HWz71O                  12153373            0  Transaction approved, no errors                   0                                                                                  M OK0868   <ETX>'

2024-05-18 17:38:27 - [TEST_STEP][PASSED] - out.println("sdfo: " + sdfo): null

2024-05-18 17:38:27 - [TEST_STEP][PASSED] - remID = substring(5, 35).trim(): null

2024-05-18 17:38:27 - [TEST_STEP][PASSED] - out.println("Remittance ID: " + remID): null

2024-05-18 17:38:27 - [TEST_STEP][PASSED] - traxID = substring(35, 55).trim(): null

2024-05-18 17:38:27 - [TEST_STEP][PASSED] - out.println("Transaction ID: " + traxID): null

2024-05-18 17:38:27 - [TEST_STEP][PASSED] - out.println("End Record Number: " + row): null

2024-05-18 17:38:27 - [TEST_STEP][PASSED] - closeBrowser(): Browser is closed

2024-05-18 17:38:28 - [MESSAGE][PASSED] - Browser is closed

2024-05-18 17:38:28 - [TEST_STEP][PASSED] - ExecuteTC = findTestData(dataFile).getValue("Execute", row): null

2024-05-18 17:38:28 - [TEST_STEP][PASSED] - out.println("Value of Execute is : " + ExecuteTC): null

2024-05-18 17:38:28 - [TEST_STEP][PASSED] - if (ExecuteTC.equalsIgnoreCase("Y")): Browser is closed

2024-05-18 17:38:28 - [TEST_STEP][PASSED] - out.println("Begin Record Number: " + row): null

2024-05-18 17:38:28 - [TEST_STEP][PASSED] - today = new java.util.Date(): null

2024-05-18 17:38:28 - [TEST_STEP][PASSED] - println(today): null

2024-05-18 17:38:28 - [TEST_STEP][PASSED] - datText = today: null

2024-05-18 17:38:28 - [TEST_STEP][PASSED] - openBrowser(VLinkURL + "authcap.html"): Browser is opened with url: 'https://dev-algorithm.govolution.com/vlinktest/QA2/version_2_0/authcap.html'

2024-05-18 17:38:28 - [MESSAGE][INFO] - Starting 'Chrome' driver

2024-05-18 17:38:28 - [MESSAGE][INFO] - User set preference: ['acceptInsecureCerts', 'true']

2024-05-18 17:38:28 - [MESSAGE][INFO] - Action delay is set to 0 milliseconds

2024-05-18 17:38:30 - [MESSAGE][PASSED] - Browser is opened with url: 'https://dev-algorithm.govolution.com/vlinktest/QA2/version_2_0/authcap.html'

2024-05-18 17:38:30 - [TEST_STEP][PASSED] - maximizeWindow(): Current window maximized

2024-05-18 17:38:31 - [MESSAGE][PASSED] - Current window maximized

2024-05-18 17:38:31 - [TEST_STEP][PASSED] - vlinkPages.saleCCPage.setDataSCC(row, dataFile): vlinkPages.saleCCPage.setDataSCC is PASSED

2024-05-18 17:38:34 - [MESSAGE][PASSED] - Object 'Object Repository/VLink/Page_CCSale/txt_CardNumber' is present

2024-05-18 17:38:35 - [MESSAGE][PASSED] - Text '104' is set on object 'Object Repository/VLink/Page_CCSale/txt_TransactionType'

2024-05-18 17:38:35 - [MESSAGE][PASSED] - Text '2.0C' is set on object 'Object Repository/VLink/Page_CCSale/txt_MessageVersion'

2024-05-18 17:38:36 - [MESSAGE][PASSED] - Text 'j5Pn2iQUhVRS' is set on object 'Object Repository/VLink/Page_CCSale/txt_RemID'

2024-05-18 17:38:37 - [MESSAGE][PASSED] - Text '501' is set on object 'Object Repository/VLink/Page_CCSale/txt_ApplicationId'

2024-05-18 17:38:37 - [MESSAGE][PASSED] - Text 'user501' is set on object 'Object Repository/VLink/Page_CCSale/txt_Username'

2024-05-18 17:38:38 - [MESSAGE][PASSED] - Text 'pwd501' is set on object 'Object Repository/VLink/Page_CCSale/txt_Password'

2024-05-18 17:38:39 - [MESSAGE][PASSED] - Text 'fixed_width' is set on object 'Object Repository/VLink/Page_CCSale/txt_ResponseFormat'

2024-05-18 17:38:39 - [MESSAGE][PASSED] - Text 'ECOM' is set on object 'Object Repository/VLink/Page_CCSale/txt_Category'

2024-05-18 17:38:40 - [MESSAGE][PASSED] - Text '' is set on object 'Object Repository/VLink/Page_CCSale/txt_TransactionID'

2024-05-18 17:38:41 - [MESSAGE][PASSED] - Text '' is set on object 'Object Repository/VLink/Page_CCSale/txt_ApprovalCode'

2024-05-18 17:38:42 - [MESSAGE][PASSED] - Text 'Brij Mohan' is set on object 'Object Repository/VLink/Page_CCSale/txt_CardName'

2024-05-18 17:38:42 - [MESSAGE][PASSED] - Text '96581 Manchin St' is set on object 'Object Repository/VLink/Page_CCSale/txt_AL1'

2024-05-18 17:38:43 - [MESSAGE][PASSED] - Text 'Suite 56' is set on object 'Object Repository/VLink/Page_CCSale/txt_AL2'

2024-05-18 17:38:44 - [MESSAGE][PASSED] - Text 'Arlington' is set on object 'Object Repository/VLink/Page_CCSale/txt_CardCity'

2024-05-18 17:38:44 - [MESSAGE][PASSED] - Text 'VA' is set on object 'Object Repository/VLink/Page_CCSale/txt_CardState'

2024-05-18 17:38:45 - [MESSAGE][PASSED] - Text '22201' is set on object 'Object Repository/VLink/Page_CCSale/txt_CardZIP'

2024-05-18 17:38:46 - [MESSAGE][PASSED] - Text '840' is set on object 'Object Repository/VLink/Page_CCSale/txt_CountryID'

2024-05-18 17:38:47 - [MESSAGE][PASSED] - Text '1.50' is set on object 'Object Repository/VLink/Page_CCSale/txt_Amount'

2024-05-18 17:38:47 - [MESSAGE][PASSED] - Text '6011000993026909' is set on object 'Object Repository/VLink/Page_CCSale/txt_CardNumber'

2024-05-18 17:38:48 - [MESSAGE][PASSED] - Text '12' is set on object 'Object Repository/VLink/Page_CCSale/txt_ExpMonth'

2024-05-18 17:38:49 - [MESSAGE][PASSED] - Text '2025' is set on object 'Object Repository/VLink/Page_CCSale/txt_ExpYear'

2024-05-18 17:38:49 - [MESSAGE][PASSED] - Text '' is set on object 'Object Repository/VLink/Page_CCSale/txt_CVV'

2024-05-18 17:38:50 - [MESSAGE][PASSED] - Text '' is set on object 'Object Repository/VLink/Page_CCSale/txt_CVVstate'

2024-05-18 17:38:51 - [MESSAGE][PASSED] - Text '' is set on object 'Object Repository/VLink/Page_CCSale/txt_TrackData'

2024-05-18 17:38:51 - [MESSAGE][PASSED] - Text '' is set on object 'Object Repository/VLink/Page_CCSale/txt_Track1Data'

2024-05-18 17:38:52 - [MESSAGE][PASSED] - Text '' is set on object 'Object Repository/VLink/Page_CCSale/txt_Track2Data'

2024-05-18 17:38:53 - [MESSAGE][PASSED] - Text 'manual' is set on object 'Object Repository/VLink/Page_CCSale/txt_POSEntryMode'

2024-05-18 17:38:54 - [MESSAGE][PASSED] - Text 'iahmed@govolution.com' is set on object 'Object Repository/VLink/Page_CCSale/txt_Email'

2024-05-18 17:38:54 - [MESSAGE][PASSED] - Text '2569362' is set on object 'Object Repository/VLink/Page_CCSale/txt_OrderNumber'

2024-05-18 17:38:55 - [MESSAGE][PASSED] - Text '0' is set on object 'Object Repository/VLink/Page_CCSale/txt_TaxAmount'

2024-05-18 17:38:56 - [MESSAGE][PASSED] - Text 'Charge Description' is set on object 'Object Repository/VLink/Page_CCSale/txt_ChargeDescription'

2024-05-18 17:38:56 - [MESSAGE][PASSED] - Text '147357' is set on object 'Object Repository/VLink/Page_CCSale/txt_CAN'

2024-05-18 17:38:57 - [MESSAGE][PASSED] - Text '1' is set on object 'Object Repository/VLink/Page_CCSale/txt_BillPaymentIndicator'

2024-05-18 17:38:58 - [MESSAGE][PASSED] - Text 'UDF Data 1' is set on object 'Object Repository/VLink/Page_CCSale/txt_UDF1'

2024-05-18 17:38:59 - [MESSAGE][PASSED] - Text 'UDF Data 2' is set on object 'Object Repository/VLink/Page_CCSale/txt_UDF2'

2024-05-18 17:38:59 - [MESSAGE][PASSED] - Text 'UDF Data 3' is set on object 'Object Repository/VLink/Page_CCSale/txt_UDF3'

2024-05-18 17:39:00 - [MESSAGE][PASSED] - Text 'UDF Data 4' is set on object 'Object Repository/VLink/Page_CCSale/txt_UDF4'

2024-05-18 17:39:01 - [MESSAGE][PASSED] - Text 'UDF Data 5' is set on object 'Object Repository/VLink/Page_CCSale/txt_UDF5'

2024-05-18 17:39:01 - [MESSAGE][PASSED] - Text 'UDF Data 6' is set on object 'Object Repository/VLink/Page_CCSale/txt_UDF6'

2024-05-18 17:39:02 - [MESSAGE][PASSED] - Text 'UDF Data 7' is set on object 'Object Repository/VLink/Page_CCSale/txt_UDF7'

2024-05-18 17:39:03 - [MESSAGE][PASSED] - Text 'UDF Data 8' is set on object 'Object Repository/VLink/Page_CCSale/txt_UDF8'

2024-05-18 17:39:04 - [MESSAGE][PASSED] - Text 'UDF Data 9' is set on object 'Object Repository/VLink/Page_CCSale/txt_UDF9'

2024-05-18 17:39:04 - [MESSAGE][PASSED] - Text 'UDF Data 10' is set on object 'Object Repository/VLink/Page_CCSale/txt_UDF10'

2024-05-18 17:39:09 - [MESSAGE][PASSED] - Object: 'Object Repository/VLink/Page_CCSale/btn_ProcessVLinkTransaction' is clicked on

2024-05-18 17:39:14 - [MESSAGE][PASSED] - vlinkPages.saleCCPage.setDataSCC is PASSED

2024-05-18 17:39:14 - [TEST_STEP][PASSED] - if (verifyTextPresent("Transaction approved, no errors", true)): null

2024-05-18 17:39:14 - [MESSAGE][PASSED] - Text 'Transaction approved, no errors' is present on page  using regular expression

2024-05-18 17:39:14 - [TEST_STEP][PASSED] - println("Transaction Approved, no errors text is present on the Confirmation page"): null

2024-05-18 17:39:14 - [TEST_STEP][PASSED] - out.println("Pass Record Number: " + row): null

2024-05-18 17:39:14 - [TEST_STEP][PASSED] - resText = "Pass": null

2024-05-18 17:39:14 - [TEST_STEP][PASSED] - pages.WriteExcel.demoKey(resText, datText, resColumn, datCloumn, fileLoc, nameSheet, row): pages.WriteExcel.demoKey is PASSED

2024-05-18 17:39:14 - [MESSAGE][PASSED] - pages.WriteExcel.demoKey is PASSED

2024-05-18 17:39:14 - [TEST_STEP][PASSED] - sdfo = getText(findTestObject("Object Repository/Page_VLinkReceipt/pre_STX")): Text of object 'Object Repository/Page_VLinkReceipt/pre_STX' is: '<STX>j5Pn2iQUhVRS                  12153374            0  Transaction approved, no errors                   0                                                                                  Y OK0878   <ETX>'

2024-05-18 17:39:14 - [MESSAGE][PASSED] - Text of object 'Object Repository/Page_VLinkReceipt/pre_STX' is: '<STX>j5Pn2iQUhVRS                  12153374            0  Transaction approved, no errors                   0                                                                                  Y OK0878   <ETX>'

2024-05-18 17:39:14 - [TEST_STEP][PASSED] - out.println("sdfo: " + sdfo): null

2024-05-18 17:39:14 - [TEST_STEP][PASSED] - remID = substring(5, 35).trim(): null

2024-05-18 17:39:14 - [TEST_STEP][PASSED] - out.println("Remittance ID: " + remID): null

2024-05-18 17:39:14 - [TEST_STEP][PASSED] - traxID = substring(35, 55).trim(): null

2024-05-18 17:39:14 - [TEST_STEP][PASSED] - out.println("Transaction ID: " + traxID): null

2024-05-18 17:39:14 - [TEST_STEP][PASSED] - out.println("End Record Number: " + row): null

2024-05-18 17:39:14 - [TEST_STEP][PASSED] - closeBrowser(): Browser is closed

2024-05-18 17:39:15 - [MESSAGE][PASSED] - Browser is closed

2024-05-18 17:39:15 - [TEST_STEP][PASSED] - ExecuteTC = findTestData(dataFile).getValue("Execute", row): null

2024-05-18 17:39:16 - [TEST_STEP][PASSED] - out.println("Value of Execute is : " + ExecuteTC): null

2024-05-18 17:39:16 - [TEST_STEP][PASSED] - if (ExecuteTC.equalsIgnoreCase("Y")): Browser is closed

2024-05-18 17:39:16 - [TEST_STEP][PASSED] - out.println("Begin Record Number: " + row): null

2024-05-18 17:39:16 - [TEST_STEP][PASSED] - today = new java.util.Date(): null

2024-05-18 17:39:16 - [TEST_STEP][PASSED] - println(today): null

2024-05-18 17:39:16 - [TEST_STEP][PASSED] - datText = today: null

2024-05-18 17:39:16 - [TEST_STEP][PASSED] - openBrowser(VLinkURL + "authcap.html"): Browser is opened with url: 'https://dev-algorithm.govolution.com/vlinktest/QA2/version_2_0/authcap.html'

2024-05-18 17:39:16 - [MESSAGE][INFO] - Starting 'Chrome' driver

2024-05-18 17:39:16 - [MESSAGE][INFO] - User set preference: ['acceptInsecureCerts', 'true']

2024-05-18 17:39:16 - [MESSAGE][INFO] - Action delay is set to 0 milliseconds

2024-05-18 17:39:18 - [MESSAGE][PASSED] - Browser is opened with url: 'https://dev-algorithm.govolution.com/vlinktest/QA2/version_2_0/authcap.html'

2024-05-18 17:39:18 - [TEST_STEP][PASSED] - maximizeWindow(): Current window maximized

2024-05-18 17:39:18 - [MESSAGE][PASSED] - Current window maximized

2024-05-18 17:39:18 - [TEST_STEP][PASSED] - vlinkPages.saleCCPage.setDataSCC(row, dataFile): vlinkPages.saleCCPage.setDataSCC is PASSED

2024-05-18 17:39:21 - [MESSAGE][PASSED] - Object 'Object Repository/VLink/Page_CCSale/txt_CardNumber' is present

2024-05-18 17:39:22 - [MESSAGE][PASSED] - Text '104' is set on object 'Object Repository/VLink/Page_CCSale/txt_TransactionType'

2024-05-18 17:39:22 - [MESSAGE][PASSED] - Text '2.0C' is set on object 'Object Repository/VLink/Page_CCSale/txt_MessageVersion'

2024-05-18 17:39:23 - [MESSAGE][PASSED] - Text 'HBKBClsJDpp0' is set on object 'Object Repository/VLink/Page_CCSale/txt_RemID'

2024-05-18 17:39:24 - [MESSAGE][PASSED] - Text '501' is set on object 'Object Repository/VLink/Page_CCSale/txt_ApplicationId'

2024-05-18 17:39:24 - [MESSAGE][PASSED] - Text 'user501' is set on object 'Object Repository/VLink/Page_CCSale/txt_Username'

2024-05-18 17:39:25 - [MESSAGE][PASSED] - Text 'pwd501' is set on object 'Object Repository/VLink/Page_CCSale/txt_Password'

2024-05-18 17:39:26 - [MESSAGE][PASSED] - Text 'fixed_width' is set on object 'Object Repository/VLink/Page_CCSale/txt_ResponseFormat'

2024-05-18 17:39:26 - [MESSAGE][PASSED] - Text 'MOTO' is set on object 'Object Repository/VLink/Page_CCSale/txt_Category'

2024-05-18 17:39:27 - [MESSAGE][PASSED] - Text '' is set on object 'Object Repository/VLink/Page_CCSale/txt_TransactionID'

2024-05-18 17:39:28 - [MESSAGE][PASSED] - Text '' is set on object 'Object Repository/VLink/Page_CCSale/txt_ApprovalCode'

2024-05-18 17:39:28 - [MESSAGE][PASSED] - Text 'Brij Mohan' is set on object 'Object Repository/VLink/Page_CCSale/txt_CardName'

2024-05-18 17:39:29 - [MESSAGE][PASSED] - Text '96581 Manchin St' is set on object 'Object Repository/VLink/Page_CCSale/txt_AL1'

2024-05-18 17:39:30 - [MESSAGE][PASSED] - Text 'Suite 56' is set on object 'Object Repository/VLink/Page_CCSale/txt_AL2'

2024-05-18 17:39:30 - [MESSAGE][PASSED] - Text 'Arlington' is set on object 'Object Repository/VLink/Page_CCSale/txt_CardCity'

2024-05-18 17:39:31 - [MESSAGE][PASSED] - Text 'VA' is set on object 'Object Repository/VLink/Page_CCSale/txt_CardState'

2024-05-18 17:39:32 - [MESSAGE][PASSED] - Text '22201' is set on object 'Object Repository/VLink/Page_CCSale/txt_CardZIP'

2024-05-18 17:39:33 - [MESSAGE][PASSED] - Text '840' is set on object 'Object Repository/VLink/Page_CCSale/txt_CountryID'

2024-05-18 17:39:33 - [MESSAGE][PASSED] - Text '1.50' is set on object 'Object Repository/VLink/Page_CCSale/txt_Amount'

2024-05-18 17:39:34 - [MESSAGE][PASSED] - Text '6011000993026909' is set on object 'Object Repository/VLink/Page_CCSale/txt_CardNumber'

2024-05-18 17:39:35 - [MESSAGE][PASSED] - Text '12' is set on object 'Object Repository/VLink/Page_CCSale/txt_ExpMonth'

2024-05-18 17:39:35 - [MESSAGE][PASSED] - Text '2025' is set on object 'Object Repository/VLink/Page_CCSale/txt_ExpYear'

2024-05-18 17:39:36 - [MESSAGE][PASSED] - Text '' is set on object 'Object Repository/VLink/Page_CCSale/txt_CVV'

2024-05-18 17:39:37 - [MESSAGE][PASSED] - Text '' is set on object 'Object Repository/VLink/Page_CCSale/txt_CVVstate'

2024-05-18 17:39:37 - [MESSAGE][PASSED] - Text '' is set on object 'Object Repository/VLink/Page_CCSale/txt_TrackData'

2024-05-18 17:39:38 - [MESSAGE][PASSED] - Text '' is set on object 'Object Repository/VLink/Page_CCSale/txt_Track1Data'

2024-05-18 17:39:39 - [MESSAGE][PASSED] - Text '' is set on object 'Object Repository/VLink/Page_CCSale/txt_Track2Data'

2024-05-18 17:39:40 - [MESSAGE][PASSED] - Text 'manual' is set on object 'Object Repository/VLink/Page_CCSale/txt_POSEntryMode'

2024-05-18 17:39:40 - [MESSAGE][PASSED] - Text 'iahmed@govolution.com' is set on object 'Object Repository/VLink/Page_CCSale/txt_Email'

2024-05-18 17:39:41 - [MESSAGE][PASSED] - Text '2569362' is set on object 'Object Repository/VLink/Page_CCSale/txt_OrderNumber'

2024-05-18 17:39:42 - [MESSAGE][PASSED] - Text '0' is set on object 'Object Repository/VLink/Page_CCSale/txt_TaxAmount'

2024-05-18 17:39:42 - [MESSAGE][PASSED] - Text 'Charge Description' is set on object 'Object Repository/VLink/Page_CCSale/txt_ChargeDescription'

2024-05-18 17:39:43 - [MESSAGE][PASSED] - Text '147357' is set on object 'Object Repository/VLink/Page_CCSale/txt_CAN'

2024-05-18 17:39:44 - [MESSAGE][PASSED] - Text '1' is set on object 'Object Repository/VLink/Page_CCSale/txt_BillPaymentIndicator'

2024-05-18 17:39:44 - [MESSAGE][PASSED] - Text 'UDF Data 1' is set on object 'Object Repository/VLink/Page_CCSale/txt_UDF1'

2024-05-18 17:39:45 - [MESSAGE][PASSED] - Text 'UDF Data 2' is set on object 'Object Repository/VLink/Page_CCSale/txt_UDF2'

2024-05-18 17:39:46 - [MESSAGE][PASSED] - Text 'UDF Data 3' is set on object 'Object Repository/VLink/Page_CCSale/txt_UDF3'

2024-05-18 17:39:46 - [MESSAGE][PASSED] - Text 'UDF Data 4' is set on object 'Object Repository/VLink/Page_CCSale/txt_UDF4'

2024-05-18 17:39:47 - [MESSAGE][PASSED] - Text 'UDF Data 5' is set on object 'Object Repository/VLink/Page_CCSale/txt_UDF5'

2024-05-18 17:39:48 - [MESSAGE][PASSED] - Text 'UDF Data 6' is set on object 'Object Repository/VLink/Page_CCSale/txt_UDF6'

2024-05-18 17:39:48 - [MESSAGE][PASSED] - Text 'UDF Data 7' is set on object 'Object Repository/VLink/Page_CCSale/txt_UDF7'

2024-05-18 17:39:49 - [MESSAGE][PASSED] - Text 'UDF Data 8' is set on object 'Object Repository/VLink/Page_CCSale/txt_UDF8'

2024-05-18 17:39:50 - [MESSAGE][PASSED] - Text 'UDF Data 9' is set on object 'Object Repository/VLink/Page_CCSale/txt_UDF9'

2024-05-18 17:39:51 - [MESSAGE][PASSED] - Text 'UDF Data 10' is set on object 'Object Repository/VLink/Page_CCSale/txt_UDF10'

2024-05-18 17:39:54 - [MESSAGE][PASSED] - Object: 'Object Repository/VLink/Page_CCSale/btn_ProcessVLinkTransaction' is clicked on

2024-05-18 17:39:59 - [MESSAGE][PASSED] - vlinkPages.saleCCPage.setDataSCC is PASSED

2024-05-18 17:39:59 - [TEST_STEP][PASSED] - if (verifyTextPresent("Transaction approved, no errors", true)): null

2024-05-18 17:40:00 - [MESSAGE][PASSED] - Text 'Transaction approved, no errors' is present on page  using regular expression

2024-05-18 17:40:00 - [TEST_STEP][PASSED] - println("Transaction Approved, no errors text is present on the Confirmation page"): null

2024-05-18 17:40:00 - [TEST_STEP][PASSED] - out.println("Pass Record Number: " + row): null

2024-05-18 17:40:00 - [TEST_STEP][PASSED] - resText = "Pass": null

2024-05-18 17:40:00 - [TEST_STEP][PASSED] - pages.WriteExcel.demoKey(resText, datText, resColumn, datCloumn, fileLoc, nameSheet, row): pages.WriteExcel.demoKey is PASSED

2024-05-18 17:40:00 - [MESSAGE][PASSED] - pages.WriteExcel.demoKey is PASSED

2024-05-18 17:40:00 - [TEST_STEP][PASSED] - sdfo = getText(findTestObject("Object Repository/Page_VLinkReceipt/pre_STX")): Text of object 'Object Repository/Page_VLinkReceipt/pre_STX' is: '<STX>HBKBClsJDpp0                  12153375            0  Transaction approved, no errors                   0                                                                                  Y OK0928   <ETX>'

2024-05-18 17:40:00 - [MESSAGE][PASSED] - Text of object 'Object Repository/Page_VLinkReceipt/pre_STX' is: '<STX>HBKBClsJDpp0                  12153375            0  Transaction approved, no errors                   0                                                                                  Y OK0928   <ETX>'

2024-05-18 17:40:00 - [TEST_STEP][PASSED] - out.println("sdfo: " + sdfo): null

2024-05-18 17:40:00 - [TEST_STEP][PASSED] - remID = substring(5, 35).trim(): null

2024-05-18 17:40:00 - [TEST_STEP][PASSED] - out.println("Remittance ID: " + remID): null

2024-05-18 17:40:00 - [TEST_STEP][PASSED] - traxID = substring(35, 55).trim(): null

2024-05-18 17:40:00 - [TEST_STEP][PASSED] - out.println("Transaction ID: " + traxID): null

2024-05-18 17:40:00 - [TEST_STEP][PASSED] - out.println("End Record Number: " + row): null

2024-05-18 17:40:00 - [TEST_STEP][PASSED] - closeBrowser(): Browser is closed

2024-05-18 17:40:01 - [MESSAGE][PASSED] - Browser is closed

2024-05-18 17:40:01 - [TEST_STEP][PASSED] - ExecuteTC = findTestData(dataFile).getValue("Execute", row): null

2024-05-18 17:40:01 - [TEST_STEP][PASSED] - out.println("Value of Execute is : " + ExecuteTC): null

2024-05-18 17:40:01 - [TEST_STEP][PASSED] - if (ExecuteTC.equalsIgnoreCase("Y")): Browser is closed

2024-05-18 17:40:01 - [TEST_STEP][PASSED] - out.println("Begin Record Number: " + row): null

2024-05-18 17:40:01 - [TEST_STEP][PASSED] - today = new java.util.Date(): null

2024-05-18 17:40:01 - [TEST_STEP][PASSED] - println(today): null

2024-05-18 17:40:01 - [TEST_STEP][PASSED] - datText = today: null

2024-05-18 17:40:01 - [TEST_STEP][PASSED] - openBrowser(VLinkURL + "authcap.html"): Browser is opened with url: 'https://dev-algorithm.govolution.com/vlinktest/QA2/version_2_0/authcap.html'

2024-05-18 17:40:01 - [MESSAGE][INFO] - Starting 'Chrome' driver

2024-05-18 17:40:01 - [MESSAGE][INFO] - User set preference: ['acceptInsecureCerts', 'true']

2024-05-18 17:40:01 - [MESSAGE][INFO] - Action delay is set to 0 milliseconds

2024-05-18 17:40:03 - [MESSAGE][PASSED] - Browser is opened with url: 'https://dev-algorithm.govolution.com/vlinktest/QA2/version_2_0/authcap.html'

2024-05-18 17:40:03 - [TEST_STEP][PASSED] - maximizeWindow(): Current window maximized

2024-05-18 17:40:04 - [MESSAGE][PASSED] - Current window maximized

2024-05-18 17:40:04 - [TEST_STEP][PASSED] - vlinkPages.saleCCPage.setDataSCC(row, dataFile): vlinkPages.saleCCPage.setDataSCC is PASSED

2024-05-18 17:40:07 - [MESSAGE][PASSED] - Object 'Object Repository/VLink/Page_CCSale/txt_CardNumber' is present

2024-05-18 17:40:07 - [MESSAGE][PASSED] - Text '104' is set on object 'Object Repository/VLink/Page_CCSale/txt_TransactionType'

2024-05-18 17:40:08 - [MESSAGE][PASSED] - Text '2.0C' is set on object 'Object Repository/VLink/Page_CCSale/txt_MessageVersion'

2024-05-18 17:40:09 - [MESSAGE][PASSED] - Text 'dHOM9sCEjOVB' is set on object 'Object Repository/VLink/Page_CCSale/txt_RemID'

2024-05-18 17:40:09 - [MESSAGE][PASSED] - Text '501' is set on object 'Object Repository/VLink/Page_CCSale/txt_ApplicationId'

2024-05-18 17:40:10 - [MESSAGE][PASSED] - Text 'user501' is set on object 'Object Repository/VLink/Page_CCSale/txt_Username'

2024-05-18 17:40:11 - [MESSAGE][PASSED] - Text 'pwd501' is set on object 'Object Repository/VLink/Page_CCSale/txt_Password'

2024-05-18 17:40:12 - [MESSAGE][PASSED] - Text 'fixed_width' is set on object 'Object Repository/VLink/Page_CCSale/txt_ResponseFormat'

2024-05-18 17:40:12 - [MESSAGE][PASSED] - Text 'RETL' is set on object 'Object Repository/VLink/Page_CCSale/txt_Category'

2024-05-18 17:40:13 - [MESSAGE][PASSED] - Text '' is set on object 'Object Repository/VLink/Page_CCSale/txt_TransactionID'

2024-05-18 17:40:14 - [MESSAGE][PASSED] - Text '' is set on object 'Object Repository/VLink/Page_CCSale/txt_ApprovalCode'

2024-05-18 17:40:14 - [MESSAGE][PASSED] - Text 'Brij Mohan' is set on object 'Object Repository/VLink/Page_CCSale/txt_CardName'

2024-05-18 17:40:15 - [MESSAGE][PASSED] - Text '96581 Manchin St' is set on object 'Object Repository/VLink/Page_CCSale/txt_AL1'

2024-05-18 17:40:16 - [MESSAGE][PASSED] - Text 'Suite 56' is set on object 'Object Repository/VLink/Page_CCSale/txt_AL2'

2024-05-18 17:40:17 - [MESSAGE][PASSED] - Text 'Arlington' is set on object 'Object Repository/VLink/Page_CCSale/txt_CardCity'

2024-05-18 17:40:17 - [MESSAGE][PASSED] - Text 'VA' is set on object 'Object Repository/VLink/Page_CCSale/txt_CardState'

2024-05-18 17:40:18 - [MESSAGE][PASSED] - Text '22201' is set on object 'Object Repository/VLink/Page_CCSale/txt_CardZIP'

2024-05-18 17:40:19 - [MESSAGE][PASSED] - Text '840' is set on object 'Object Repository/VLink/Page_CCSale/txt_CountryID'

2024-05-18 17:40:19 - [MESSAGE][PASSED] - Text '1.50' is set on object 'Object Repository/VLink/Page_CCSale/txt_Amount'

2024-05-18 17:40:20 - [MESSAGE][PASSED] - Text '6011000993026909' is set on object 'Object Repository/VLink/Page_CCSale/txt_CardNumber'

2024-05-18 17:40:21 - [MESSAGE][PASSED] - Text '12' is set on object 'Object Repository/VLink/Page_CCSale/txt_ExpMonth'

2024-05-18 17:40:22 - [MESSAGE][PASSED] - Text '2025' is set on object 'Object Repository/VLink/Page_CCSale/txt_ExpYear'

2024-05-18 17:40:22 - [MESSAGE][PASSED] - Text '' is set on object 'Object Repository/VLink/Page_CCSale/txt_CVV'

2024-05-18 17:40:23 - [MESSAGE][PASSED] - Text '' is set on object 'Object Repository/VLink/Page_CCSale/txt_CVVstate'

2024-05-18 17:40:24 - [MESSAGE][PASSED] - Text '' is set on object 'Object Repository/VLink/Page_CCSale/txt_TrackData'

2024-05-18 17:40:24 - [MESSAGE][PASSED] - Text '' is set on object 'Object Repository/VLink/Page_CCSale/txt_Track1Data'

2024-05-18 17:40:25 - [MESSAGE][PASSED] - Text '' is set on object 'Object Repository/VLink/Page_CCSale/txt_Track2Data'

2024-05-18 17:40:26 - [MESSAGE][PASSED] - Text 'manual' is set on object 'Object Repository/VLink/Page_CCSale/txt_POSEntryMode'

2024-05-18 17:40:26 - [MESSAGE][PASSED] - Text 'iahmed@govolution.com' is set on object 'Object Repository/VLink/Page_CCSale/txt_Email'

2024-05-18 17:40:27 - [MESSAGE][PASSED] - Text '2569362' is set on object 'Object Repository/VLink/Page_CCSale/txt_OrderNumber'

2024-05-18 17:40:28 - [MESSAGE][PASSED] - Text '0' is set on object 'Object Repository/VLink/Page_CCSale/txt_TaxAmount'

2024-05-18 17:40:28 - [MESSAGE][PASSED] - Text 'Charge Description' is set on object 'Object Repository/VLink/Page_CCSale/txt_ChargeDescription'

2024-05-18 17:40:29 - [MESSAGE][PASSED] - Text '147357' is set on object 'Object Repository/VLink/Page_CCSale/txt_CAN'

2024-05-18 17:40:30 - [MESSAGE][PASSED] - Text '1' is set on object 'Object Repository/VLink/Page_CCSale/txt_BillPaymentIndicator'

2024-05-18 17:40:31 - [MESSAGE][PASSED] - Text 'UDF Data 1' is set on object 'Object Repository/VLink/Page_CCSale/txt_UDF1'

2024-05-18 17:40:31 - [MESSAGE][PASSED] - Text 'UDF Data 2' is set on object 'Object Repository/VLink/Page_CCSale/txt_UDF2'

2024-05-18 17:40:32 - [MESSAGE][PASSED] - Text 'UDF Data 3' is set on object 'Object Repository/VLink/Page_CCSale/txt_UDF3'

2024-05-18 17:40:33 - [MESSAGE][PASSED] - Text 'UDF Data 4' is set on object 'Object Repository/VLink/Page_CCSale/txt_UDF4'

2024-05-18 17:40:33 - [MESSAGE][PASSED] - Text 'UDF Data 5' is set on object 'Object Repository/VLink/Page_CCSale/txt_UDF5'

2024-05-18 17:40:34 - [MESSAGE][PASSED] - Text 'UDF Data 6' is set on object 'Object Repository/VLink/Page_CCSale/txt_UDF6'

2024-05-18 17:40:35 - [MESSAGE][PASSED] - Text 'UDF Data 7' is set on object 'Object Repository/VLink/Page_CCSale/txt_UDF7'

2024-05-18 17:40:35 - [MESSAGE][PASSED] - Text 'UDF Data 8' is set on object 'Object Repository/VLink/Page_CCSale/txt_UDF8'

2024-05-18 17:40:36 - [MESSAGE][PASSED] - Text 'UDF Data 9' is set on object 'Object Repository/VLink/Page_CCSale/txt_UDF9'

2024-05-18 17:40:37 - [MESSAGE][PASSED] - Text 'UDF Data 10' is set on object 'Object Repository/VLink/Page_CCSale/txt_UDF10'

2024-05-18 17:40:41 - [MESSAGE][PASSED] - Object: 'Object Repository/VLink/Page_CCSale/btn_ProcessVLinkTransaction' is clicked on

2024-05-18 17:40:46 - [MESSAGE][PASSED] - vlinkPages.saleCCPage.setDataSCC is PASSED

2024-05-18 17:40:46 - [TEST_STEP][PASSED] - if (verifyTextPresent("Transaction approved, no errors", true)): null

2024-05-18 17:40:46 - [MESSAGE][PASSED] - Text 'Transaction approved, no errors' is present on page  using regular expression

2024-05-18 17:40:46 - [TEST_STEP][PASSED] - println("Transaction Approved, no errors text is present on the Confirmation page"): null

2024-05-18 17:40:46 - [TEST_STEP][PASSED] - out.println("Pass Record Number: " + row): null

2024-05-18 17:40:46 - [TEST_STEP][PASSED] - resText = "Pass": null

2024-05-18 17:40:46 - [TEST_STEP][PASSED] - pages.WriteExcel.demoKey(resText, datText, resColumn, datCloumn, fileLoc, nameSheet, row): pages.WriteExcel.demoKey is PASSED

2024-05-18 17:40:46 - [MESSAGE][PASSED] - pages.WriteExcel.demoKey is PASSED

2024-05-18 17:40:46 - [TEST_STEP][PASSED] - sdfo = getText(findTestObject("Object Repository/Page_VLinkReceipt/pre_STX")): Text of object 'Object Repository/Page_VLinkReceipt/pre_STX' is: '<STX>dHOM9sCEjOVB                  12153376            0  Transaction approved, no errors                   0                                                                                  Y OK0938   <ETX>'

2024-05-18 17:40:46 - [MESSAGE][PASSED] - Text of object 'Object Repository/Page_VLinkReceipt/pre_STX' is: '<STX>dHOM9sCEjOVB                  12153376            0  Transaction approved, no errors                   0                                                                                  Y OK0938   <ETX>'

2024-05-18 17:40:46 - [TEST_STEP][PASSED] - out.println("sdfo: " + sdfo): null

2024-05-18 17:40:46 - [TEST_STEP][PASSED] - remID = substring(5, 35).trim(): null

2024-05-18 17:40:46 - [TEST_STEP][PASSED] - out.println("Remittance ID: " + remID): null

2024-05-18 17:40:46 - [TEST_STEP][PASSED] - traxID = substring(35, 55).trim(): null

2024-05-18 17:40:46 - [TEST_STEP][PASSED] - out.println("Transaction ID: " + traxID): null

2024-05-18 17:40:46 - [TEST_STEP][PASSED] - out.println("End Record Number: " + row): null

2024-05-18 17:40:46 - [TEST_STEP][PASSED] - closeBrowser(): Browser is closed

2024-05-18 17:40:48 - [MESSAGE][PASSED] - Browser is closed]]></system-out>
         <system-err><![CDATA[2024-05-18 15:34:56 - [TEST_CASE][FAILED] - Test Cases/VLink/QA/VLinkSale-Successful: Test Cases/VLink/QA/VLinkSale-Successful FAILED.
Reason:
com.kms.katalon.core.exception.StepFailedException: Text 'Transaction approved, no errors' is not present on page  using regular expression (Root cause: com.kms.katalon.core.exception.StepFailedException: Text 'Transaction approved, no errors' is not present on page  using regular expression
	at com.kms.katalon.core.webui.keyword.internal.WebUIKeywordMain.stepFailed(WebUIKeywordMain.groovy:64)
	at com.kms.katalon.core.webui.keyword.builtin.VerifyTextPresentKeyword$_verifyTextPresent_closure1.doCall(VerifyTextPresentKeyword.groovy:79)
	at com.kms.katalon.core.webui.keyword.builtin.VerifyTextPresentKeyword$_verifyTextPresent_closure1.call(VerifyTextPresentKeyword.groovy)
	at com.kms.katalon.core.webui.keyword.internal.WebUIKeywordMain.runKeyword(WebUIKeywordMain.groovy:20)
	at com.kms.katalon.core.webui.keyword.builtin.VerifyTextPresentKeyword.verifyTextPresent(VerifyTextPresentKeyword.groovy:83)
	at com.kms.katalon.core.webui.keyword.builtin.VerifyTextPresentKeyword.execute(VerifyTextPresentKeyword.groovy:68)
	at com.kms.katalon.core.keyword.internal.KeywordExecutor.executeKeywordForPlatform(KeywordExecutor.groovy:74)
	at com.kms.katalon.core.webui.keyword.WebUiBuiltInKeywords.verifyTextPresent(WebUiBuiltInKeywords.groovy:1723)
	at com.kms.katalon.core.webui.keyword.WebUiBuiltInKeywords$verifyTextPresent$4.call(Unknown Source)
	at VLinkSale-Successful.run(VLinkSale-Successful:89)
	at com.kms.katalon.core.main.ScriptEngine.run(ScriptEngine.java:194)
	at com.kms.katalon.core.main.ScriptEngine.runScriptAsRawText(ScriptEngine.java:119)
	at com.kms.katalon.core.main.TestCaseExecutor.runScript(TestCaseExecutor.java:448)
	at com.kms.katalon.core.main.TestCaseExecutor.doExecute(TestCaseExecutor.java:439)
	at com.kms.katalon.core.main.TestCaseExecutor.processExecutionPhase(TestCaseExecutor.java:418)
	at com.kms.katalon.core.main.TestCaseExecutor.accessMainPhase(TestCaseExecutor.java:410)
	at com.kms.katalon.core.main.TestCaseExecutor.execute(TestCaseExecutor.java:285)
	at com.kms.katalon.core.common.CommonExecutor.accessTestCaseMainPhase(CommonExecutor.java:65)
	at com.kms.katalon.core.main.TestSuiteExecutor.accessTestSuiteMainPhase(TestSuiteExecutor.java:148)
	at com.kms.katalon.core.main.TestSuiteExecutor.execute(TestSuiteExecutor.java:106)
	at com.kms.katalon.core.main.TestCaseMain.startTestSuite(TestCaseMain.java:187)
	at com.kms.katalon.core.main.TestCaseMain$startTestSuite$0.call(Unknown Source)
	at TempTestSuite1716060890167.run(TempTestSuite1716060890167.groovy:35)
)
	at com.kms.katalon.core.keyword.internal.KeywordMain.stepFailed(KeywordMain.groovy:39)
	at com.kms.katalon.core.webui.keyword.internal.WebUIKeywordMain.stepFailed(WebUIKeywordMain.groovy:64)
	at com.kms.katalon.core.webui.keyword.builtin.VerifyTextPresentKeyword$_verifyTextPresent_closure1.doCall(VerifyTextPresentKeyword.groovy:79)
	at com.kms.katalon.core.webui.keyword.builtin.VerifyTextPresentKeyword$_verifyTextPresent_closure1.call(VerifyTextPresentKeyword.groovy)
	at com.kms.katalon.core.webui.keyword.internal.WebUIKeywordMain.runKeyword(WebUIKeywordMain.groovy:20)
	at com.kms.katalon.core.webui.keyword.builtin.VerifyTextPresentKeyword.verifyTextPresent(VerifyTextPresentKeyword.groovy:83)
	at com.kms.katalon.core.webui.keyword.builtin.VerifyTextPresentKeyword.execute(VerifyTextPresentKeyword.groovy:68)
	at com.kms.katalon.core.keyword.internal.KeywordExecutor.executeKeywordForPlatform(KeywordExecutor.groovy:74)
	at com.kms.katalon.core.webui.keyword.WebUiBuiltInKeywords.verifyTextPresent(WebUiBuiltInKeywords.groovy:1723)
	at com.kms.katalon.core.webui.keyword.WebUiBuiltInKeywords$verifyTextPresent$4.call(Unknown Source)
	at VLinkSale-Successful.run(VLinkSale-Successful:89)
	at com.kms.katalon.core.main.ScriptEngine.run(ScriptEngine.java:194)
	at com.kms.katalon.core.main.ScriptEngine.runScriptAsRawText(ScriptEngine.java:119)
	at com.kms.katalon.core.main.TestCaseExecutor.runScript(TestCaseExecutor.java:448)
	at com.kms.katalon.core.main.TestCaseExecutor.doExecute(TestCaseExecutor.java:439)
	at com.kms.katalon.core.main.TestCaseExecutor.processExecutionPhase(TestCaseExecutor.java:418)
	at com.kms.katalon.core.main.TestCaseExecutor.accessMainPhase(TestCaseExecutor.java:410)
	at com.kms.katalon.core.main.TestCaseExecutor.execute(TestCaseExecutor.java:285)
	at com.kms.katalon.core.common.CommonExecutor.accessTestCaseMainPhase(CommonExecutor.java:65)
	at com.kms.katalon.core.main.TestSuiteExecutor.accessTestSuiteMainPhase(TestSuiteExecutor.java:148)
	at com.kms.katalon.core.main.TestSuiteExecutor.execute(TestSuiteExecutor.java:106)
	at com.kms.katalon.core.main.TestCaseMain.startTestSuite(TestCaseMain.java:187)
	at com.kms.katalon.core.main.TestCaseMain$startTestSuite$0.call(Unknown Source)
	at TempTestSuite1716060890167.run(TempTestSuite1716060890167.groovy:35)
Caused by: com.kms.katalon.core.exception.StepFailedException: Text 'Transaction approved, no errors' is not present on page  using regular expression
	... 23 more]]></system-err>
      </testcase>
      <system-out><![CDATA[2024-05-18 15:34:56 - [TEST_SUITE][FAILED] - QA_Regression_Test: Test Cases/VLink/QA/VLinkSale-Successful FAILED.
Reason:
com.kms.katalon.core.exception.StepFailedException: Text 'Transaction approved, no errors' is not present on page  using regular expression (Root cause: com.kms.katalon.core.exception.StepFailedException: Text 'Transaction approved, no errors' is not present on page  using regular expression
	at com.kms.katalon.core.webui.keyword.internal.WebUIKeywordMain.stepFailed(WebUIKeywordMain.groovy:64)
	at com.kms.katalon.core.webui.keyword.builtin.VerifyTextPresentKeyword$_verifyTextPresent_closure1.doCall(VerifyTextPresentKeyword.groovy:79)
	at com.kms.katalon.core.webui.keyword.builtin.VerifyTextPresentKeyword$_verifyTextPresent_closure1.call(VerifyTextPresentKeyword.groovy)
	at com.kms.katalon.core.webui.keyword.internal.WebUIKeywordMain.runKeyword(WebUIKeywordMain.groovy:20)
	at com.kms.katalon.core.webui.keyword.builtin.VerifyTextPresentKeyword.verifyTextPresent(VerifyTextPresentKeyword.groovy:83)
	at com.kms.katalon.core.webui.keyword.builtin.VerifyTextPresentKeyword.execute(VerifyTextPresentKeyword.groovy:68)
	at com.kms.katalon.core.keyword.internal.KeywordExecutor.executeKeywordForPlatform(KeywordExecutor.groovy:74)
	at com.kms.katalon.core.webui.keyword.WebUiBuiltInKeywords.verifyTextPresent(WebUiBuiltInKeywords.groovy:1723)
	at com.kms.katalon.core.webui.keyword.WebUiBuiltInKeywords$verifyTextPresent$4.call(Unknown Source)
	at VLinkSale-Successful.run(VLinkSale-Successful:89)
	at com.kms.katalon.core.main.ScriptEngine.run(ScriptEngine.java:194)
	at com.kms.katalon.core.main.ScriptEngine.runScriptAsRawText(ScriptEngine.java:119)
	at com.kms.katalon.core.main.TestCaseExecutor.runScript(TestCaseExecutor.java:448)
	at com.kms.katalon.core.main.TestCaseExecutor.doExecute(TestCaseExecutor.java:439)
	at com.kms.katalon.core.main.TestCaseExecutor.processExecutionPhase(TestCaseExecutor.java:418)
	at com.kms.katalon.core.main.TestCaseExecutor.accessMainPhase(TestCaseExecutor.java:410)
	at com.kms.katalon.core.main.TestCaseExecutor.execute(TestCaseExecutor.java:285)
	at com.kms.katalon.core.common.CommonExecutor.accessTestCaseMainPhase(CommonExecutor.java:65)
	at com.kms.katalon.core.main.TestSuiteExecutor.accessTestSuiteMainPhase(TestSuiteExecutor.java:148)
	at com.kms.katalon.core.main.TestSuiteExecutor.execute(TestSuiteExecutor.java:106)
	at com.kms.katalon.core.main.TestCaseMain.startTestSuite(TestCaseMain.java:187)
	at com.kms.katalon.core.main.TestCaseMain$startTestSuite$0.call(Unknown Source)
	at TempTestSuite1716060890167.run(TempTestSuite1716060890167.groovy:35)
)
	at com.kms.katalon.core.keyword.internal.KeywordMain.stepFailed(KeywordMain.groovy:39)
	at com.kms.katalon.core.webui.keyword.internal.WebUIKeywordMain.stepFailed(WebUIKeywordMain.groovy:64)
	at com.kms.katalon.core.webui.keyword.builtin.VerifyTextPresentKeyword$_verifyTextPresent_closure1.doCall(VerifyTextPresentKeyword.groovy:79)
	at com.kms.katalon.core.webui.keyword.builtin.VerifyTextPresentKeyword$_verifyTextPresent_closure1.call(VerifyTextPresentKeyword.groovy)
	at com.kms.katalon.core.webui.keyword.internal.WebUIKeywordMain.runKeyword(WebUIKeywordMain.groovy:20)
	at com.kms.katalon.core.webui.keyword.builtin.VerifyTextPresentKeyword.verifyTextPresent(VerifyTextPresentKeyword.groovy:83)
	at com.kms.katalon.core.webui.keyword.builtin.VerifyTextPresentKeyword.execute(VerifyTextPresentKeyword.groovy:68)
	at com.kms.katalon.core.keyword.internal.KeywordExecutor.executeKeywordForPlatform(KeywordExecutor.groovy:74)
	at com.kms.katalon.core.webui.keyword.WebUiBuiltInKeywords.verifyTextPresent(WebUiBuiltInKeywords.groovy:1723)
	at com.kms.katalon.core.webui.keyword.WebUiBuiltInKeywords$verifyTextPresent$4.call(Unknown Source)
	at VLinkSale-Successful.run(VLinkSale-Successful:89)
	at com.kms.katalon.core.main.ScriptEngine.run(ScriptEngine.java:194)
	at com.kms.katalon.core.main.ScriptEngine.runScriptAsRawText(ScriptEngine.java:119)
	at com.kms.katalon.core.main.TestCaseExecutor.runScript(TestCaseExecutor.java:448)
	at com.kms.katalon.core.main.TestCaseExecutor.doExecute(TestCaseExecutor.java:439)
	at com.kms.katalon.core.main.TestCaseExecutor.processExecutionPhase(TestCaseExecutor.java:418)
	at com.kms.katalon.core.main.TestCaseExecutor.accessMainPhase(TestCaseExecutor.java:410)
	at com.kms.katalon.core.main.TestCaseExecutor.execute(TestCaseExecutor.java:285)
	at com.kms.katalon.core.common.CommonExecutor.accessTestCaseMainPhase(CommonExecutor.java:65)
	at com.kms.katalon.core.main.TestSuiteExecutor.accessTestSuiteMainPhase(TestSuiteExecutor.java:148)
	at com.kms.katalon.core.main.TestSuiteExecutor.execute(TestSuiteExecutor.java:106)
	at com.kms.katalon.core.main.TestCaseMain.startTestSuite(TestCaseMain.java:187)
	at com.kms.katalon.core.main.TestCaseMain$startTestSuite$0.call(Unknown Source)
	at TempTestSuite1716060890167.run(TempTestSuite1716060890167.groovy:35)
Caused by: com.kms.katalon.core.exception.StepFailedException: Text 'Transaction approved, no errors' is not present on page  using regular expression
	... 23 more]]></system-out>
      <system-err><![CDATA[2024-05-18 15:34:56 - [TEST_SUITE][FAILED] - QA_Regression_Test: Test Cases/VLink/QA/VLinkSale-Successful FAILED.
Reason:
com.kms.katalon.core.exception.StepFailedException: Text 'Transaction approved, no errors' is not present on page  using regular expression (Root cause: com.kms.katalon.core.exception.StepFailedException: Text 'Transaction approved, no errors' is not present on page  using regular expression
	at com.kms.katalon.core.webui.keyword.internal.WebUIKeywordMain.stepFailed(WebUIKeywordMain.groovy:64)
	at com.kms.katalon.core.webui.keyword.builtin.VerifyTextPresentKeyword$_verifyTextPresent_closure1.doCall(VerifyTextPresentKeyword.groovy:79)
	at com.kms.katalon.core.webui.keyword.builtin.VerifyTextPresentKeyword$_verifyTextPresent_closure1.call(VerifyTextPresentKeyword.groovy)
	at com.kms.katalon.core.webui.keyword.internal.WebUIKeywordMain.runKeyword(WebUIKeywordMain.groovy:20)
	at com.kms.katalon.core.webui.keyword.builtin.VerifyTextPresentKeyword.verifyTextPresent(VerifyTextPresentKeyword.groovy:83)
	at com.kms.katalon.core.webui.keyword.builtin.VerifyTextPresentKeyword.execute(VerifyTextPresentKeyword.groovy:68)
	at com.kms.katalon.core.keyword.internal.KeywordExecutor.executeKeywordForPlatform(KeywordExecutor.groovy:74)
	at com.kms.katalon.core.webui.keyword.WebUiBuiltInKeywords.verifyTextPresent(WebUiBuiltInKeywords.groovy:1723)
	at com.kms.katalon.core.webui.keyword.WebUiBuiltInKeywords$verifyTextPresent$4.call(Unknown Source)
	at VLinkSale-Successful.run(VLinkSale-Successful:89)
	at com.kms.katalon.core.main.ScriptEngine.run(ScriptEngine.java:194)
	at com.kms.katalon.core.main.ScriptEngine.runScriptAsRawText(ScriptEngine.java:119)
	at com.kms.katalon.core.main.TestCaseExecutor.runScript(TestCaseExecutor.java:448)
	at com.kms.katalon.core.main.TestCaseExecutor.doExecute(TestCaseExecutor.java:439)
	at com.kms.katalon.core.main.TestCaseExecutor.processExecutionPhase(TestCaseExecutor.java:418)
	at com.kms.katalon.core.main.TestCaseExecutor.accessMainPhase(TestCaseExecutor.java:410)
	at com.kms.katalon.core.main.TestCaseExecutor.execute(TestCaseExecutor.java:285)
	at com.kms.katalon.core.common.CommonExecutor.accessTestCaseMainPhase(CommonExecutor.java:65)
	at com.kms.katalon.core.main.TestSuiteExecutor.accessTestSuiteMainPhase(TestSuiteExecutor.java:148)
	at com.kms.katalon.core.main.TestSuiteExecutor.execute(TestSuiteExecutor.java:106)
	at com.kms.katalon.core.main.TestCaseMain.startTestSuite(TestCaseMain.java:187)
	at com.kms.katalon.core.main.TestCaseMain$startTestSuite$0.call(Unknown Source)
	at TempTestSuite1716060890167.run(TempTestSuite1716060890167.groovy:35)
)
	at com.kms.katalon.core.keyword.internal.KeywordMain.stepFailed(KeywordMain.groovy:39)
	at com.kms.katalon.core.webui.keyword.internal.WebUIKeywordMain.stepFailed(WebUIKeywordMain.groovy:64)
	at com.kms.katalon.core.webui.keyword.builtin.VerifyTextPresentKeyword$_verifyTextPresent_closure1.doCall(VerifyTextPresentKeyword.groovy:79)
	at com.kms.katalon.core.webui.keyword.builtin.VerifyTextPresentKeyword$_verifyTextPresent_closure1.call(VerifyTextPresentKeyword.groovy)
	at com.kms.katalon.core.webui.keyword.internal.WebUIKeywordMain.runKeyword(WebUIKeywordMain.groovy:20)
	at com.kms.katalon.core.webui.keyword.builtin.VerifyTextPresentKeyword.verifyTextPresent(VerifyTextPresentKeyword.groovy:83)
	at com.kms.katalon.core.webui.keyword.builtin.VerifyTextPresentKeyword.execute(VerifyTextPresentKeyword.groovy:68)
	at com.kms.katalon.core.keyword.internal.KeywordExecutor.executeKeywordForPlatform(KeywordExecutor.groovy:74)
	at com.kms.katalon.core.webui.keyword.WebUiBuiltInKeywords.verifyTextPresent(WebUiBuiltInKeywords.groovy:1723)
	at com.kms.katalon.core.webui.keyword.WebUiBuiltInKeywords$verifyTextPresent$4.call(Unknown Source)
	at VLinkSale-Successful.run(VLinkSale-Successful:89)
	at com.kms.katalon.core.main.ScriptEngine.run(ScriptEngine.java:194)
	at com.kms.katalon.core.main.ScriptEngine.runScriptAsRawText(ScriptEngine.java:119)
	at com.kms.katalon.core.main.TestCaseExecutor.runScript(TestCaseExecutor.java:448)
	at com.kms.katalon.core.main.TestCaseExecutor.doExecute(TestCaseExecutor.java:439)
	at com.kms.katalon.core.main.TestCaseExecutor.processExecutionPhase(TestCaseExecutor.java:418)
	at com.kms.katalon.core.main.TestCaseExecutor.accessMainPhase(TestCaseExecutor.java:410)
	at com.kms.katalon.core.main.TestCaseExecutor.execute(TestCaseExecutor.java:285)
	at com.kms.katalon.core.common.CommonExecutor.accessTestCaseMainPhase(CommonExecutor.java:65)
	at com.kms.katalon.core.main.TestSuiteExecutor.accessTestSuiteMainPhase(TestSuiteExecutor.java:148)
	at com.kms.katalon.core.main.TestSuiteExecutor.execute(TestSuiteExecutor.java:106)
	at com.kms.katalon.core.main.TestCaseMain.startTestSuite(TestCaseMain.java:187)
	at com.kms.katalon.core.main.TestCaseMain$startTestSuite$0.call(Unknown Source)
	at TempTestSuite1716060890167.run(TempTestSuite1716060890167.groovy:35)
Caused by: com.kms.katalon.core.exception.StepFailedException: Text 'Transaction approved, no errors' is not present on page  using regular expression
	... 23 more]]></system-err>
   </testsuite>
</testsuites>
