<?xml version="1.0" encoding="UTF-8"?>
<testsuites name="RAD_UI_TestSuite" time="520.369" tests="1" failures="1" errors="0">
   <testsuite name="RAD_UI_TestSuite" tests="1" failures="1" errors="0" time="520.369" skipped="0" timestamp="2021-10-21 12:49:02" hostname="iahmed - DESKTOP-B2QI6NS.govolution.com" id="Test Suites/RAD_TestSuite/RAD_UI_TestSuite">
      <properties>
         <property name="deviceName" value=""/>
         <property name="devicePlatform" value=""/>
         <property name="logFolder" value="E:\\Cloned-Project-Katalon\\VPS-Katalon\\Reports\\20211021_124858\\RAD_TestSuite\\RAD_UI_TestSuite\\20211021_124858"/>
         <property name="logFiles" value="E:\\Cloned-Project-Katalon\\VPS-Katalon\\Reports\\20211021_124858\\RAD_TestSuite\\RAD_UI_TestSuite\\20211021_124858\\execution0.log"/>
         <property name="attachments" value="E:\\Cloned-Project-Katalon\\VPS-Katalon\\Reports\\20211021_124858\\RAD_TestSuite\\RAD_UI_TestSuite\\20211021_124858\\1634835365459.png, E:\\Cloned-Project-Katalon\\VPS-Katalon\\Reports\\20211021_124858\\RAD_TestSuite\\RAD_UI_TestSuite\\20211021_124858\\1634835369067.png, E:\\Cloned-Project-Katalon\\VPS-Katalon\\Reports\\20211021_124858\\RAD_TestSuite\\RAD_UI_TestSuite\\20211021_124858\\1634835369619.png, E:\\Cloned-Project-Katalon\\VPS-Katalon\\Reports\\20211021_124858\\RAD_TestSuite\\RAD_UI_TestSuite\\20211021_124858\\1634835370181.png, E:\\Cloned-Project-Katalon\\VPS-Katalon\\Reports\\20211021_124858\\RAD_TestSuite\\RAD_UI_TestSuite\\20211021_124858\\1634835370756.png, E:\\Cloned-Project-Katalon\\VPS-Katalon\\Reports\\20211021_124858\\RAD_TestSuite\\RAD_UI_TestSuite\\20211021_124858\\1634835419695.png, E:\\Cloned-Project-Katalon\\VPS-Katalon\\Reports\\20211021_124858\\RAD_TestSuite\\RAD_UI_TestSuite\\20211021_124858\\1634835423278.png, E:\\Cloned-Project-Katalon\\VPS-Katalon\\Reports\\20211021_124858\\RAD_TestSuite\\RAD_UI_TestSuite\\20211021_124858\\1634835423826.png, E:\\Cloned-Project-Katalon\\VPS-Katalon\\Reports\\20211021_124858\\RAD_TestSuite\\RAD_UI_TestSuite\\20211021_124858\\1634835424360.png, E:\\Cloned-Project-Katalon\\VPS-Katalon\\Reports\\20211021_124858\\RAD_TestSuite\\RAD_UI_TestSuite\\20211021_124858\\1634835424934.png"/>
         <property name="hostName" value="iahmed - DESKTOP-B2QI6NS.govolution.com"/>
         <property name="os" value="Windows 10 64bit"/>
         <property name="katalonVersion" value="8.0.5.208"/>
         <property name="browser" value="Chrome 95.0.4638.54"/>
         <property name="hostAddress" value="172.30.2.167"/>
         <property name="sessionId" value="32461aa909763002d1aa2c8eb94102cf"/>
         <property name="seleniumVersion" value="3.141.59"/>
         <property name="proxyInformation" value="ProxyInformation { proxyOption=NO_PROXY, proxyServerType=HTTP, username=, password=********, proxyServerAddress=, proxyServerPort=0, executionList=&quot;&quot;, isApplyToDesiredCapabilities=true }"/>
         <property name="platform" value="Windows 10"/>
      </properties>
      <testcase name="Test Cases/RAD_TestCases/PaymentsHardCoded/Payments_HC_TC" time="518.249" classname="Test Cases/RAD_TestCases/PaymentsHardCoded/Payments_HC_TC" status="FAILED">
         <failure type="FAILED" message="Test Cases/RAD_TestCases/PaymentsHardCoded/Payments_HC_TC FAILED.
Reason:
com.kms.katalon.core.exception.StepFailedException: Unable to check object 'Object Repository/RAD_Pages/FilingStatus_Page/input_userType_Joint' (Root cause: com.kms.katalon.core.exception.StepFailedException: Unable to check object 'Object Repository/RAD_Pages/FilingStatus_Page/input_userType_Joint'
	at com.kms.katalon.core.webui.keyword.internal.WebUIKeywordMain.stepFailed(WebUIKeywordMain.groovy:64)
	at com.kms.katalon.core.webui.keyword.internal.WebUIKeywordMain.runKeyword(WebUIKeywordMain.groovy:26)
	at com.kms.katalon.core.webui.keyword.builtin.CheckKeyword.check(CheckKeyword.groovy:88)
	at com.kms.katalon.core.webui.keyword.builtin.CheckKeyword.execute(CheckKeyword.groovy:67)
	at com.kms.katalon.core.keyword.internal.KeywordExecutor.executeKeywordForPlatform(KeywordExecutor.groovy:73)
	at com.kms.katalon.core.webui.keyword.WebUiBuiltInKeywords.check(WebUiBuiltInKeywords.groovy:1069)
	at com.kms.katalon.core.webui.keyword.WebUiBuiltInKeywords$check$4.call(Unknown Source)
	at Payments_HC_TC.run(Payments_HC_TC:129)
	at com.kms.katalon.core.main.ScriptEngine.run(ScriptEngine.java:194)
	at com.kms.katalon.core.main.ScriptEngine.runScriptAsRawText(ScriptEngine.java:119)
	at com.kms.katalon.core.main.TestCaseExecutor.runScript(TestCaseExecutor.java:369)
	at com.kms.katalon.core.main.TestCaseExecutor.doExecute(TestCaseExecutor.java:360)
	at com.kms.katalon.core.main.TestCaseExecutor.processExecutionPhase(TestCaseExecutor.java:339)
	at com.kms.katalon.core.main.TestCaseExecutor.accessMainPhase(TestCaseExecutor.java:331)
	at com.kms.katalon.core.main.TestCaseExecutor.execute(TestCaseExecutor.java:248)
	at com.kms.katalon.core.main.TestSuiteExecutor.accessTestCaseMainPhase(TestSuiteExecutor.java:191)
	at com.kms.katalon.core.main.TestSuiteExecutor.accessTestSuiteMainPhase(TestSuiteExecutor.java:140)
	at com.kms.katalon.core.main.TestSuiteExecutor.execute(TestSuiteExecutor.java:89)
	at com.kms.katalon.core.main.TestCaseMain.startTestSuite(TestCaseMain.java:185)
	at com.kms.katalon.core.main.TestCaseMain$startTestSuite$0.call(Unknown Source)
	at TempTestSuite1634834938608.run(TempTestSuite1634834938608.groovy:39)
Caused by: org.openqa.selenium.ElementNotInteractableException: element not interactable
  (Session info: chrome=95.0.4638.54)
Build info: version: '3.141.59', revision: 'e82be7d358', time: '2018-11-14T08:25:53'
System info: host: 'DESKTOP-B2QI6NS', ip: '172.30.2.167', os.name: 'Windows 10', os.arch: 'amd64', os.version: '10.0', java.version: '1.8.0_181'
Driver info: com.kms.katalon.selenium.driver.CChromeDriver
Capabilities {acceptInsecureCerts: true, browserName: chrome, browserVersion: 95.0.4638.54, chrome: {chromedriverVersion: 94.0.4606.61 (418b78f5838ed..., userDataDir: C:\Users\iahmed\AppData\Loc...}, goog:chromeOptions: {debuggerAddress: localhost:57713}, javascriptEnabled: true, networkConnectionEnabled: false, pageLoadStrategy: normal, platform: WINDOWS, platformName: WINDOWS, proxy: Proxy(), setWindowRect: true, strictFileInteractability: false, timeouts: {implicit: 0, pageLoad: 300000, script: 30000}, unhandledPromptBehavior: dismiss and notify, webauthn:extension:credBlob: true, webauthn:extension:largeBlob: true, webauthn:virtualAuthenticators: true}
Session ID: 24fef4662cc735e5f30fc12745cbd464
	at org.openqa.selenium.remote.http.W3CHttpResponseCodec.createException(W3CHttpResponseCodec.java:187)
	at org.openqa.selenium.remote.http.W3CHttpResponseCodec.decode(W3CHttpResponseCodec.java:122)
	at org.openqa.selenium.remote.http.W3CHttpResponseCodec.decode(W3CHttpResponseCodec.java:49)
	at org.openqa.selenium.remote.HttpCommandExecutor.execute(HttpCommandExecutor.java:158)
	at org.openqa.selenium.remote.service.DriverCommandExecutor.execute(DriverCommandExecutor.java:83)
	at org.openqa.selenium.remote.RemoteWebDriver.execute(RemoteWebDriver.java:552)
	at com.kms.katalon.selenium.driver.CChromeDriver.execute(CChromeDriver.java:19)
	at org.openqa.selenium.remote.RemoteWebElement.execute(RemoteWebElement.java:285)
	at org.openqa.selenium.remote.RemoteWebElement.click(RemoteWebElement.java:84)
	at org.openqa.selenium.support.events.EventFiringWebDriver$EventFiringWebElement.lambda$new$0(EventFiringWebDriver.java:404)
	at com.sun.proxy.$Proxy11.click(Unknown Source)
	at org.openqa.selenium.support.events.EventFiringWebDriver$EventFiringWebElement.click(EventFiringWebDriver.java:417)
	at com.kms.katalon.core.webui.keyword.builtin.CheckKeyword$_check_closure1.doCall(CheckKeyword.groovy:80)
	at com.kms.katalon.core.webui.keyword.builtin.CheckKeyword$_check_closure1.call(CheckKeyword.groovy)
	at com.kms.katalon.core.webui.keyword.internal.WebUIKeywordMain.runKeyword(WebUIKeywordMain.groovy:20)
	at com.kms.katalon.core.webui.keyword.builtin.CheckKeyword.check(CheckKeyword.groovy:88)
	at com.kms.katalon.core.webui.keyword.builtin.CheckKeyword.execute(CheckKeyword.groovy:67)
	at com.kms.katalon.core.keyword.internal.KeywordExecutor.executeKeywordForPlatform(KeywordExecutor.groovy:73)
	at com.kms.katalon.core.webui.keyword.WebUiBuiltInKeywords.check(WebUiBuiltInKeywords.groovy:1069)
	at com.kms.katalon.core.webui.keyword.WebUiBuiltInKeywords$check$4.call(Unknown Source)
	at Script1634674829687.run(Script1634674829687.groovy:129)
	... 13 more
)
	at com.kms.katalon.core.keyword.internal.KeywordMain.stepFailed(KeywordMain.groovy:39)
	at com.kms.katalon.core.webui.keyword.internal.WebUIKeywordMain.stepFailed(WebUIKeywordMain.groovy:64)
	at com.kms.katalon.core.webui.keyword.internal.WebUIKeywordMain.runKeyword(WebUIKeywordMain.groovy:26)
	at com.kms.katalon.core.webui.keyword.builtin.CheckKeyword.check(CheckKeyword.groovy:88)
	at com.kms.katalon.core.webui.keyword.builtin.CheckKeyword.execute(CheckKeyword.groovy:67)
	at com.kms.katalon.core.keyword.internal.KeywordExecutor.executeKeywordForPlatform(KeywordExecutor.groovy:73)
	at com.kms.katalon.core.webui.keyword.WebUiBuiltInKeywords.check(WebUiBuiltInKeywords.groovy:1069)
	at com.kms.katalon.core.webui.keyword.WebUiBuiltInKeywords$check$4.call(Unknown Source)
	at Payments_HC_TC.run(Payments_HC_TC:129)
	at com.kms.katalon.core.main.ScriptEngine.run(ScriptEngine.java:194)
	at com.kms.katalon.core.main.ScriptEngine.runScriptAsRawText(ScriptEngine.java:119)
	at com.kms.katalon.core.main.TestCaseExecutor.runScript(TestCaseExecutor.java:369)
	at com.kms.katalon.core.main.TestCaseExecutor.doExecute(TestCaseExecutor.java:360)
	at com.kms.katalon.core.main.TestCaseExecutor.processExecutionPhase(TestCaseExecutor.java:339)
	at com.kms.katalon.core.main.TestCaseExecutor.accessMainPhase(TestCaseExecutor.java:331)
	at com.kms.katalon.core.main.TestCaseExecutor.execute(TestCaseExecutor.java:248)
	at com.kms.katalon.core.main.TestSuiteExecutor.accessTestCaseMainPhase(TestSuiteExecutor.java:191)
	at com.kms.katalon.core.main.TestSuiteExecutor.accessTestSuiteMainPhase(TestSuiteExecutor.java:140)
	at com.kms.katalon.core.main.TestSuiteExecutor.execute(TestSuiteExecutor.java:89)
	at com.kms.katalon.core.main.TestCaseMain.startTestSuite(TestCaseMain.java:185)
	at com.kms.katalon.core.main.TestCaseMain$startTestSuite$0.call(Unknown Source)
	at TempTestSuite1634834938608.run(TempTestSuite1634834938608.groovy:39)
Caused by: com.kms.katalon.core.exception.StepFailedException: Unable to check object 'Object Repository/RAD_Pages/FilingStatus_Page/input_userType_Joint'
	... 21 more
Caused by: org.openqa.selenium.ElementNotInteractableException: element not interactable
  (Session info: chrome=95.0.4638.54)
Build info: version: '3.141.59', revision: 'e82be7d358', time: '2018-11-14T08:25:53'
System info: host: 'DESKTOP-B2QI6NS', ip: '172.30.2.167', os.name: 'Windows 10', os.arch: 'amd64', os.version: '10.0', java.version: '1.8.0_181'
Driver info: com.kms.katalon.selenium.driver.CChromeDriver
Capabilities {acceptInsecureCerts: true, browserName: chrome, browserVersion: 95.0.4638.54, chrome: {chromedriverVersion: 94.0.4606.61 (418b78f5838ed..., userDataDir: C:\Users\iahmed\AppData\Loc...}, goog:chromeOptions: {debuggerAddress: localhost:57713}, javascriptEnabled: true, networkConnectionEnabled: false, pageLoadStrategy: normal, platform: WINDOWS, platformName: WINDOWS, proxy: Proxy(), setWindowRect: true, strictFileInteractability: false, timeouts: {implicit: 0, pageLoad: 300000, script: 30000}, unhandledPromptBehavior: dismiss and notify, webauthn:extension:credBlob: true, webauthn:extension:largeBlob: true, webauthn:virtualAuthenticators: true}
Session ID: 24fef4662cc735e5f30fc12745cbd464
	at org.openqa.selenium.remote.http.W3CHttpResponseCodec.createException(W3CHttpResponseCodec.java:187)
	at org.openqa.selenium.remote.http.W3CHttpResponseCodec.decode(W3CHttpResponseCodec.java:122)
	at org.openqa.selenium.remote.http.W3CHttpResponseCodec.decode(W3CHttpResponseCodec.java:49)
	at org.openqa.selenium.remote.HttpCommandExecutor.execute(HttpCommandExecutor.java:158)
	at org.openqa.selenium.remote.service.DriverCommandExecutor.execute(DriverCommandExecutor.java:83)
	at org.openqa.selenium.remote.RemoteWebDriver.execute(RemoteWebDriver.java:552)
	at com.kms.katalon.selenium.driver.CChromeDriver.execute(CChromeDriver.java:19)
	at org.openqa.selenium.remote.RemoteWebElement.execute(RemoteWebElement.java:285)
	at org.openqa.selenium.remote.RemoteWebElement.click(RemoteWebElement.java:84)
	at org.openqa.selenium.support.events.EventFiringWebDriver$EventFiringWebElement.lambda$new$0(EventFiringWebDriver.java:404)
	at com.sun.proxy.$Proxy11.click(Unknown Source)
	at org.openqa.selenium.support.events.EventFiringWebDriver$EventFiringWebElement.click(EventFiringWebDriver.java:417)
	at com.kms.katalon.core.webui.keyword.builtin.CheckKeyword$_check_closure1.doCall(CheckKeyword.groovy:80)
	at com.kms.katalon.core.webui.keyword.builtin.CheckKeyword$_check_closure1.call(CheckKeyword.groovy)
	at com.kms.katalon.core.webui.keyword.internal.WebUIKeywordMain.runKeyword(WebUIKeywordMain.groovy:20)
	... 19 more
"/>
         <system-out><![CDATA[2021-10-21 12:49:02 - [TEST_CASE][FAILED] - Test Cases/RAD_TestCases/PaymentsHardCoded/Payments_HC_TC: Test Cases/RAD_TestCases/PaymentsHardCoded/Payments_HC_TC FAILED.
Reason:
com.kms.katalon.core.exception.StepFailedException: Unable to check object 'Object Repository/RAD_Pages/FilingStatus_Page/input_userType_Joint' (Root cause: com.kms.katalon.core.exception.StepFailedException: Unable to check object 'Object Repository/RAD_Pages/FilingStatus_Page/input_userType_Joint'
	at com.kms.katalon.core.webui.keyword.internal.WebUIKeywordMain.stepFailed(WebUIKeywordMain.groovy:64)
	at com.kms.katalon.core.webui.keyword.internal.WebUIKeywordMain.runKeyword(WebUIKeywordMain.groovy:26)
	at com.kms.katalon.core.webui.keyword.builtin.CheckKeyword.check(CheckKeyword.groovy:88)
	at com.kms.katalon.core.webui.keyword.builtin.CheckKeyword.execute(CheckKeyword.groovy:67)
	at com.kms.katalon.core.keyword.internal.KeywordExecutor.executeKeywordForPlatform(KeywordExecutor.groovy:73)
	at com.kms.katalon.core.webui.keyword.WebUiBuiltInKeywords.check(WebUiBuiltInKeywords.groovy:1069)
	at com.kms.katalon.core.webui.keyword.WebUiBuiltInKeywords$check$4.call(Unknown Source)
	at Payments_HC_TC.run(Payments_HC_TC:129)
	at com.kms.katalon.core.main.ScriptEngine.run(ScriptEngine.java:194)
	at com.kms.katalon.core.main.ScriptEngine.runScriptAsRawText(ScriptEngine.java:119)
	at com.kms.katalon.core.main.TestCaseExecutor.runScript(TestCaseExecutor.java:369)
	at com.kms.katalon.core.main.TestCaseExecutor.doExecute(TestCaseExecutor.java:360)
	at com.kms.katalon.core.main.TestCaseExecutor.processExecutionPhase(TestCaseExecutor.java:339)
	at com.kms.katalon.core.main.TestCaseExecutor.accessMainPhase(TestCaseExecutor.java:331)
	at com.kms.katalon.core.main.TestCaseExecutor.execute(TestCaseExecutor.java:248)
	at com.kms.katalon.core.main.TestSuiteExecutor.accessTestCaseMainPhase(TestSuiteExecutor.java:191)
	at com.kms.katalon.core.main.TestSuiteExecutor.accessTestSuiteMainPhase(TestSuiteExecutor.java:140)
	at com.kms.katalon.core.main.TestSuiteExecutor.execute(TestSuiteExecutor.java:89)
	at com.kms.katalon.core.main.TestCaseMain.startTestSuite(TestCaseMain.java:185)
	at com.kms.katalon.core.main.TestCaseMain$startTestSuite$0.call(Unknown Source)
	at TempTestSuite1634834938608.run(TempTestSuite1634834938608.groovy:39)
Caused by: org.openqa.selenium.ElementNotInteractableException: element not interactable
  (Session info: chrome=95.0.4638.54)
Build info: version: '3.141.59', revision: 'e82be7d358', time: '2018-11-14T08:25:53'
System info: host: 'DESKTOP-B2QI6NS', ip: '172.30.2.167', os.name: 'Windows 10', os.arch: 'amd64', os.version: '10.0', java.version: '1.8.0_181'
Driver info: com.kms.katalon.selenium.driver.CChromeDriver
Capabilities {acceptInsecureCerts: true, browserName: chrome, browserVersion: 95.0.4638.54, chrome: {chromedriverVersion: 94.0.4606.61 (418b78f5838ed..., userDataDir: C:\Users\iahmed\AppData\Loc...}, goog:chromeOptions: {debuggerAddress: localhost:57713}, javascriptEnabled: true, networkConnectionEnabled: false, pageLoadStrategy: normal, platform: WINDOWS, platformName: WINDOWS, proxy: Proxy(), setWindowRect: true, strictFileInteractability: false, timeouts: {implicit: 0, pageLoad: 300000, script: 30000}, unhandledPromptBehavior: dismiss and notify, webauthn:extension:credBlob: true, webauthn:extension:largeBlob: true, webauthn:virtualAuthenticators: true}
Session ID: 24fef4662cc735e5f30fc12745cbd464
	at org.openqa.selenium.remote.http.W3CHttpResponseCodec.createException(W3CHttpResponseCodec.java:187)
	at org.openqa.selenium.remote.http.W3CHttpResponseCodec.decode(W3CHttpResponseCodec.java:122)
	at org.openqa.selenium.remote.http.W3CHttpResponseCodec.decode(W3CHttpResponseCodec.java:49)
	at org.openqa.selenium.remote.HttpCommandExecutor.execute(HttpCommandExecutor.java:158)
	at org.openqa.selenium.remote.service.DriverCommandExecutor.execute(DriverCommandExecutor.java:83)
	at org.openqa.selenium.remote.RemoteWebDriver.execute(RemoteWebDriver.java:552)
	at com.kms.katalon.selenium.driver.CChromeDriver.execute(CChromeDriver.java:19)
	at org.openqa.selenium.remote.RemoteWebElement.execute(RemoteWebElement.java:285)
	at org.openqa.selenium.remote.RemoteWebElement.click(RemoteWebElement.java:84)
	at org.openqa.selenium.support.events.EventFiringWebDriver$EventFiringWebElement.lambda$new$0(EventFiringWebDriver.java:404)
	at com.sun.proxy.$Proxy11.click(Unknown Source)
	at org.openqa.selenium.support.events.EventFiringWebDriver$EventFiringWebElement.click(EventFiringWebDriver.java:417)
	at com.kms.katalon.core.webui.keyword.builtin.CheckKeyword$_check_closure1.doCall(CheckKeyword.groovy:80)
	at com.kms.katalon.core.webui.keyword.builtin.CheckKeyword$_check_closure1.call(CheckKeyword.groovy)
	at com.kms.katalon.core.webui.keyword.internal.WebUIKeywordMain.runKeyword(WebUIKeywordMain.groovy:20)
	at com.kms.katalon.core.webui.keyword.builtin.CheckKeyword.check(CheckKeyword.groovy:88)
	at com.kms.katalon.core.webui.keyword.builtin.CheckKeyword.execute(CheckKeyword.groovy:67)
	at com.kms.katalon.core.keyword.internal.KeywordExecutor.executeKeywordForPlatform(KeywordExecutor.groovy:73)
	at com.kms.katalon.core.webui.keyword.WebUiBuiltInKeywords.check(WebUiBuiltInKeywords.groovy:1069)
	at com.kms.katalon.core.webui.keyword.WebUiBuiltInKeywords$check$4.call(Unknown Source)
	at Script1634674829687.run(Script1634674829687.groovy:129)
	... 13 more
)
	at com.kms.katalon.core.keyword.internal.KeywordMain.stepFailed(KeywordMain.groovy:39)
	at com.kms.katalon.core.webui.keyword.internal.WebUIKeywordMain.stepFailed(WebUIKeywordMain.groovy:64)
	at com.kms.katalon.core.webui.keyword.internal.WebUIKeywordMain.runKeyword(WebUIKeywordMain.groovy:26)
	at com.kms.katalon.core.webui.keyword.builtin.CheckKeyword.check(CheckKeyword.groovy:88)
	at com.kms.katalon.core.webui.keyword.builtin.CheckKeyword.execute(CheckKeyword.groovy:67)
	at com.kms.katalon.core.keyword.internal.KeywordExecutor.executeKeywordForPlatform(KeywordExecutor.groovy:73)
	at com.kms.katalon.core.webui.keyword.WebUiBuiltInKeywords.check(WebUiBuiltInKeywords.groovy:1069)
	at com.kms.katalon.core.webui.keyword.WebUiBuiltInKeywords$check$4.call(Unknown Source)
	at Payments_HC_TC.run(Payments_HC_TC:129)
	at com.kms.katalon.core.main.ScriptEngine.run(ScriptEngine.java:194)
	at com.kms.katalon.core.main.ScriptEngine.runScriptAsRawText(ScriptEngine.java:119)
	at com.kms.katalon.core.main.TestCaseExecutor.runScript(TestCaseExecutor.java:369)
	at com.kms.katalon.core.main.TestCaseExecutor.doExecute(TestCaseExecutor.java:360)
	at com.kms.katalon.core.main.TestCaseExecutor.processExecutionPhase(TestCaseExecutor.java:339)
	at com.kms.katalon.core.main.TestCaseExecutor.accessMainPhase(TestCaseExecutor.java:331)
	at com.kms.katalon.core.main.TestCaseExecutor.execute(TestCaseExecutor.java:248)
	at com.kms.katalon.core.main.TestSuiteExecutor.accessTestCaseMainPhase(TestSuiteExecutor.java:191)
	at com.kms.katalon.core.main.TestSuiteExecutor.accessTestSuiteMainPhase(TestSuiteExecutor.java:140)
	at com.kms.katalon.core.main.TestSuiteExecutor.execute(TestSuiteExecutor.java:89)
	at com.kms.katalon.core.main.TestCaseMain.startTestSuite(TestCaseMain.java:185)
	at com.kms.katalon.core.main.TestCaseMain$startTestSuite$0.call(Unknown Source)
	at TempTestSuite1634834938608.run(TempTestSuite1634834938608.groovy:39)
Caused by: com.kms.katalon.core.exception.StepFailedException: Unable to check object 'Object Repository/RAD_Pages/FilingStatus_Page/input_userType_Joint'
	... 21 more
Caused by: org.openqa.selenium.ElementNotInteractableException: element not interactable
  (Session info: chrome=95.0.4638.54)
Build info: version: '3.141.59', revision: 'e82be7d358', time: '2018-11-14T08:25:53'
System info: host: 'DESKTOP-B2QI6NS', ip: '172.30.2.167', os.name: 'Windows 10', os.arch: 'amd64', os.version: '10.0', java.version: '1.8.0_181'
Driver info: com.kms.katalon.selenium.driver.CChromeDriver
Capabilities {acceptInsecureCerts: true, browserName: chrome, browserVersion: 95.0.4638.54, chrome: {chromedriverVersion: 94.0.4606.61 (418b78f5838ed..., userDataDir: C:\Users\iahmed\AppData\Loc...}, goog:chromeOptions: {debuggerAddress: localhost:57713}, javascriptEnabled: true, networkConnectionEnabled: false, pageLoadStrategy: normal, platform: WINDOWS, platformName: WINDOWS, proxy: Proxy(), setWindowRect: true, strictFileInteractability: false, timeouts: {implicit: 0, pageLoad: 300000, script: 30000}, unhandledPromptBehavior: dismiss and notify, webauthn:extension:credBlob: true, webauthn:extension:largeBlob: true, webauthn:virtualAuthenticators: true}
Session ID: 24fef4662cc735e5f30fc12745cbd464
	at org.openqa.selenium.remote.http.W3CHttpResponseCodec.createException(W3CHttpResponseCodec.java:187)
	at org.openqa.selenium.remote.http.W3CHttpResponseCodec.decode(W3CHttpResponseCodec.java:122)
	at org.openqa.selenium.remote.http.W3CHttpResponseCodec.decode(W3CHttpResponseCodec.java:49)
	at org.openqa.selenium.remote.HttpCommandExecutor.execute(HttpCommandExecutor.java:158)
	at org.openqa.selenium.remote.service.DriverCommandExecutor.execute(DriverCommandExecutor.java:83)
	at org.openqa.selenium.remote.RemoteWebDriver.execute(RemoteWebDriver.java:552)
	at com.kms.katalon.selenium.driver.CChromeDriver.execute(CChromeDriver.java:19)
	at org.openqa.selenium.remote.RemoteWebElement.execute(RemoteWebElement.java:285)
	at org.openqa.selenium.remote.RemoteWebElement.click(RemoteWebElement.java:84)
	at org.openqa.selenium.support.events.EventFiringWebDriver$EventFiringWebElement.lambda$new$0(EventFiringWebDriver.java:404)
	at com.sun.proxy.$Proxy11.click(Unknown Source)
	at org.openqa.selenium.support.events.EventFiringWebDriver$EventFiringWebElement.click(EventFiringWebDriver.java:417)
	at com.kms.katalon.core.webui.keyword.builtin.CheckKeyword$_check_closure1.doCall(CheckKeyword.groovy:80)
	at com.kms.katalon.core.webui.keyword.builtin.CheckKeyword$_check_closure1.call(CheckKeyword.groovy)
	at com.kms.katalon.core.webui.keyword.internal.WebUIKeywordMain.runKeyword(WebUIKeywordMain.groovy:20)
	... 19 more


2021-10-21 12:49:03 - [TEST_STEP][PASSED] - resText = "Fail": null

2021-10-21 12:49:03 - [TEST_STEP][PASSED] - resColumn = "Result": null

2021-10-21 12:49:03 - [TEST_STEP][PASSED] - datCloumn = "Date": null

2021-10-21 12:49:03 - [TEST_STEP][PASSED] - fileLoc = "C:\KatalonData\RADTestData\PaymentsHardCoded.xlsx": null

2021-10-21 12:49:03 - [TEST_STEP][PASSED] - nameSheet = "Sheet1": null

2021-10-21 12:49:03 - [TEST_STEP][PASSED] - dataFile = "RADTestData/PaymentsHardCoded": null

2021-10-21 12:49:03 - [TEST_STEP][PASSED] - ExecuteTC = <not implemented yet for class: org.codehaus.groovy.ast.expr.EmptyExpression>: null

2021-10-21 12:49:03 - [TEST_STEP][PASSED] - Taxtype = <not implemented yet for class: org.codehaus.groovy.ast.expr.EmptyExpression>: null

2021-10-21 12:49:03 - [TEST_STEP][PASSED] - PaymentType = <not implemented yet for class: org.codehaus.groovy.ast.expr.EmptyExpression>: null

2021-10-21 12:49:03 - [TEST_STEP][PASSED] - FilingYear = <not implemented yet for class: org.codehaus.groovy.ast.expr.EmptyExpression>: null

2021-10-21 12:49:03 - [TEST_STEP][PASSED] - PeriodEnding = <not implemented yet for class: org.codehaus.groovy.ast.expr.EmptyExpression>: null

2021-10-21 12:49:03 - [TEST_STEP][PASSED] - FName = <not implemented yet for class: org.codehaus.groovy.ast.expr.EmptyExpression>: null

2021-10-21 12:49:03 - [TEST_STEP][PASSED] - LName = <not implemented yet for class: org.codehaus.groovy.ast.expr.EmptyExpression>: null

2021-10-21 12:49:03 - [TEST_STEP][PASSED] - SSN = <not implemented yet for class: org.codehaus.groovy.ast.expr.EmptyExpression>: null

2021-10-21 12:49:03 - [TEST_STEP][PASSED] - AL1 = <not implemented yet for class: org.codehaus.groovy.ast.expr.EmptyExpression>: null

2021-10-21 12:49:03 - [TEST_STEP][PASSED] - City = <not implemented yet for class: org.codehaus.groovy.ast.expr.EmptyExpression>: null

2021-10-21 12:49:03 - [TEST_STEP][PASSED] - ZIP = <not implemented yet for class: org.codehaus.groovy.ast.expr.EmptyExpression>: null

2021-10-21 12:49:03 - [TEST_STEP][PASSED] - FilingType = <not implemented yet for class: org.codehaus.groovy.ast.expr.EmptyExpression>: null

2021-10-21 12:49:03 - [TEST_STEP][PASSED] - Withholding = <not implemented yet for class: org.codehaus.groovy.ast.expr.EmptyExpression>: null

2021-10-21 12:49:03 - [TEST_STEP][PASSED] - Amount = <not implemented yet for class: org.codehaus.groovy.ast.expr.EmptyExpression>: null

2021-10-21 12:49:03 - [TEST_STEP][PASSED] - CCNumber = <not implemented yet for class: org.codehaus.groovy.ast.expr.EmptyExpression>: null

2021-10-21 12:49:03 - [TEST_STEP][PASSED] - CVV = <not implemented yet for class: org.codehaus.groovy.ast.expr.EmptyExpression>: null

2021-10-21 12:49:03 - [TEST_STEP][PASSED] - numOfRows = findTestData(dataFile).getRowNumbers(): null

2021-10-21 12:49:04 - [TEST_STEP][PASSED] - println("Number of Records: " + numOfRows): null

2021-10-21 12:49:04 - [TEST_STEP][FAILED] - for ([row = 1, row <= numOfRows, (row++)]): null

2021-10-21 12:49:04 - [TEST_STEP][PASSED] - ExecuteTC = findTestData(dataFile).getValue("Execute", row): null

2021-10-21 12:49:04 - [TEST_STEP][PASSED] - PaymentType = findTestData(dataFile).getValue("PaymentType", row): null

2021-10-21 12:49:04 - [TEST_STEP][PASSED] - FilingYear = findTestData(dataFile).getValue("FilingYear", row): null

2021-10-21 12:49:04 - [TEST_STEP][PASSED] - PeriodEnding = findTestData(dataFile).getValue("PeriodEnding", row): null

2021-10-21 12:49:04 - [TEST_STEP][PASSED] - FName = findTestData(dataFile).getValue("Fname", row): null

2021-10-21 12:49:04 - [TEST_STEP][PASSED] - LName = findTestData(dataFile).getValue("Lname", row): null

2021-10-21 12:49:04 - [TEST_STEP][PASSED] - SSN = findTestData(dataFile).getValue("SSN", row): null

2021-10-21 12:49:04 - [TEST_STEP][PASSED] - BusName = findTestData(dataFile).getValue("BusName", row): null

2021-10-21 12:49:04 - [TEST_STEP][PASSED] - AL1 = findTestData(dataFile).getValue("AL1", row): null

2021-10-21 12:49:04 - [TEST_STEP][PASSED] - City = findTestData(dataFile).getValue("City", row): null

2021-10-21 12:49:04 - [TEST_STEP][PASSED] - ZIP = findTestData(dataFile).getValue("ZIP", row): null

2021-10-21 12:49:04 - [TEST_STEP][PASSED] - FilingType = findTestData(dataFile).getValue("FilingType", row): null

2021-10-21 12:49:04 - [TEST_STEP][PASSED] - Withholding = findTestData(dataFile).getValue("Withholding", row): null

2021-10-21 12:49:05 - [TEST_STEP][PASSED] - Amount = findTestData(dataFile).getValue("Amount", row): null

2021-10-21 12:49:05 - [TEST_STEP][PASSED] - CCNumber = findTestData(dataFile).getValue("CCNumber", row): null

2021-10-21 12:49:05 - [TEST_STEP][PASSED] - CVV = findTestData(dataFile).getValue("CVV", row): null

2021-10-21 12:49:05 - [TEST_STEP][PASSED] - out.println("Value of Execute is : " + ExecuteTC): null

2021-10-21 12:49:05 - [TEST_STEP][PASSED] - if (ExecuteTC.equalsIgnoreCase("Y")): null

2021-10-21 12:49:05 - [TEST_STEP][PASSED] - out.println("Begin Record Number: " + row): null

2021-10-21 12:49:05 - [TEST_STEP][PASSED] - today = new java.util.Date(): null

2021-10-21 12:49:05 - [TEST_STEP][PASSED] - println(today): null

2021-10-21 12:49:05 - [TEST_STEP][PASSED] - datText = today: null

2021-10-21 12:49:05 - [TEST_STEP][PASSED] - Taxtype = findTestData(dataFile).getValue("TaxType", row): null

2021-10-21 12:49:05 - [TEST_STEP][PASSED] - out.println("Taxtype value is : " + Taxtype): null

2021-10-21 12:49:05 - [TEST_STEP][PASSED] - openBrowser(""): Browser is opened with url: ''

2021-10-21 12:49:05 - [MESSAGE][INFO] - Starting 'Chrome' driver

2021-10-21 12:49:05 - [MESSAGE][INFO] - User set preference: ['acceptInsecureCerts', 'true']

2021-10-21 12:49:05 - [MESSAGE][INFO] - Action delay is set to 0 milliseconds

2021-10-21 12:49:08 - [MESSAGE][PASSED] - Browser is opened with url: ''

2021-10-21 12:49:08 - [TEST_STEP][PASSED] - maximizeWindow(): Current window maximized

2021-10-21 12:49:08 - [MESSAGE][PASSED] - Current window maximized

2021-10-21 12:49:08 - [TEST_STEP][PASSED] - navigateToUrl(RADurl): Navigate to 'https://demo.velocitypayment.com/client/rad/index.html' successfully

2021-10-21 12:49:09 - [MESSAGE][PASSED] - Navigate to 'https://demo.velocitypayment.com/client/rad/index.html' successfully

2021-10-21 12:49:09 - [TEST_STEP][PASSED] - orPath_Landing = "Object Repository/RAD_Pages/Landing_Page": null

2021-10-21 12:49:09 - [TEST_STEP][PASSED] - orPath_TaxTypeFilingYear = "Object Repository/RAD_Pages/TaxTypeFilingYear_Page": null

2021-10-21 12:49:09 - [TEST_STEP][PASSED] - orPath_TaxPayer = "Object Repository/RAD_Pages/Taxpayer_Page": null

2021-10-21 12:49:09 - [TEST_STEP][PASSED] - orPath_AddressContact = "Object Repository/RAD_Pages/AddressAndContactInfo_Page": null

2021-10-21 12:49:09 - [TEST_STEP][PASSED] - orPath_FilingStatus = "Object Repository/RAD_Pages/FilingStatus_Page": null

2021-10-21 12:49:09 - [TEST_STEP][PASSED] - orPath_Amount = "Object Repository/RAD_Pages/PaymentAmount_Page": null

2021-10-21 12:49:09 - [TEST_STEP][PASSED] - orPath_TaxInfo = "Object Repository/RAD_Pages/TaxInfo_Page": null

2021-10-21 12:49:09 - [TEST_STEP][PASSED] - orPath_Withholding = "Object Repository/RAD_Pages/Withholding_Page": null

2021-10-21 12:49:09 - [TEST_STEP][PASSED] - orPath_Summary = "Object Repository/RAD_Pages/Summary_Page": null

2021-10-21 12:49:09 - [TEST_STEP][PASSED] - orPath_PaymentReady = "Object Repository/RAD_Pages/PaymentReady_Page": null

2021-10-21 12:49:09 - [TEST_STEP][PASSED] - orPath_PaymentEntry = "Object Repository/RAD_Pages/PaymentEntry_Page": null

2021-10-21 12:49:09 - [TEST_STEP][PASSED] - orPath_PaymentConfirmation = "Object Repository/RAD_Pages/PaymentConfirmation_Page": null

2021-10-21 12:49:09 - [TEST_STEP][PASSED] - orPath_ServiceFeesAccept = "Object Repository/RAD_Pages/ServiceFeeAccept_Page": null

2021-10-21 12:49:09 - [TEST_STEP][PASSED] - selectOptionByLabel(findTestObject(orPath_Landing + "/dd_TaxType"), Taxtype, false): All options with label 'Estimated Tax' are selected in object 'Object Repository/RAD_Pages/Landing_Page/dd_TaxType' 

2021-10-21 12:49:10 - [MESSAGE][PASSED] - All options with label 'Estimated Tax' are selected in object 'Object Repository/RAD_Pages/Landing_Page/dd_TaxType' 

2021-10-21 12:49:10 - [TEST_STEP][PASSED] - delay(3): Delayed 3 second(s)

2021-10-21 12:49:13 - [MESSAGE][PASSED] - Delayed 3 second(s)

2021-10-21 12:49:13 - [TEST_STEP][PASSED] - switch (Taxtype): null

2021-10-21 12:49:13 - [TEST_STEP][PASSED] - case "Estimated Tax":: null

2021-10-21 12:49:13 - [TEST_STEP][PASSED] - selectOptionByLabel(findTestObject(orPath_TaxTypeFilingYear + "/select_PaymentType"), PaymentType, false): All options with label 'Personal' are selected in object 'Object Repository/RAD_Pages/TaxTypeFilingYear_Page/select_PaymentType' 

2021-10-21 12:49:14 - [MESSAGE][PASSED] - All options with label 'Personal' are selected in object 'Object Repository/RAD_Pages/TaxTypeFilingYear_Page/select_PaymentType' 

2021-10-21 12:49:14 - [TEST_STEP][PASSED] - selectOptionByLabel(findTestObject(orPath_TaxTypeFilingYear + "/select_FilingYear"), FilingYear, false): All options with label '2022' are selected in object 'Object Repository/RAD_Pages/TaxTypeFilingYear_Page/select_FilingYear' 

2021-10-21 12:49:15 - [MESSAGE][PASSED] - All options with label '2022' are selected in object 'Object Repository/RAD_Pages/TaxTypeFilingYear_Page/select_FilingYear' 

2021-10-21 12:49:15 - [TEST_STEP][PASSED] - setText(findTestObject(orPath_TaxPayer + "/input_PSSN"), SSN): Text '123-44-1234' is set on object 'Object Repository/RAD_Pages/Taxpayer_Page/input_PSSN'

2021-10-21 12:49:15 - [MESSAGE][PASSED] - Text '123-44-1234' is set on object 'Object Repository/RAD_Pages/Taxpayer_Page/input_PSSN'

2021-10-21 12:49:15 - [TEST_STEP][PASSED] - setText(findTestObject(orPath_TaxPayer + "/input_reEnterPSSN"), SSN): Text '123-44-1234' is set on object 'Object Repository/RAD_Pages/Taxpayer_Page/input_reEnterPSSN'

2021-10-21 12:49:16 - [MESSAGE][PASSED] - Text '123-44-1234' is set on object 'Object Repository/RAD_Pages/Taxpayer_Page/input_reEnterPSSN'

2021-10-21 12:49:16 - [TEST_STEP][PASSED] - if (FilingType.equalsIgnoreCase("Y")): Object 'Object Repository/RAD_Pages/FilingStatus_Page/input_userType_Individual' is checked

2021-10-21 12:49:16 - [TEST_STEP][PASSED] - check(findTestObject(orPath_FilingStatus + "/input_userType_Individual")): Object 'Object Repository/RAD_Pages/FilingStatus_Page/input_userType_Individual' is checked

2021-10-21 12:49:16 - [MESSAGE][PASSED] - Object 'Object Repository/RAD_Pages/FilingStatus_Page/input_userType_Individual' is checked

2021-10-21 12:49:16 - [TEST_STEP][PASSED] - break: null

2021-10-21 12:49:16 - [TEST_STEP][PASSED] - setText(findTestObject(orPath_TaxPayer + "/input_firstName"), FName): Text 'Michael' is set on object 'Object Repository/RAD_Pages/Taxpayer_Page/input_firstName'

2021-10-21 12:49:17 - [MESSAGE][PASSED] - Text 'Michael' is set on object 'Object Repository/RAD_Pages/Taxpayer_Page/input_firstName'

2021-10-21 12:49:17 - [TEST_STEP][PASSED] - setText(findTestObject(orPath_TaxPayer + "/input_lastName"), LName): Text 'Anderson' is set on object 'Object Repository/RAD_Pages/Taxpayer_Page/input_lastName'

2021-10-21 12:49:18 - [MESSAGE][PASSED] - Text 'Anderson' is set on object 'Object Repository/RAD_Pages/Taxpayer_Page/input_lastName'

2021-10-21 12:49:18 - [TEST_STEP][PASSED] - selectOptionByLabel(findTestObject(orPath_AddressContact + "/select_Country"), "United States", false): All options with label 'United States' are selected in object 'Object Repository/RAD_Pages/AddressAndContactInfo_Page/select_Country' 

2021-10-21 12:49:18 - [MESSAGE][PASSED] - All options with label 'United States' are selected in object 'Object Repository/RAD_Pages/AddressAndContactInfo_Page/select_Country' 

2021-10-21 12:49:18 - [TEST_STEP][PASSED] - setText(findTestObject(orPath_AddressContact + "/input_streetAddress1"), AL1): Text '2311 York road' is set on object 'Object Repository/RAD_Pages/AddressAndContactInfo_Page/input_streetAddress1'

2021-10-21 12:49:19 - [MESSAGE][PASSED] - Text '2311 York road' is set on object 'Object Repository/RAD_Pages/AddressAndContactInfo_Page/input_streetAddress1'

2021-10-21 12:49:19 - [TEST_STEP][PASSED] - setText(findTestObject(orPath_AddressContact + "/input_streetAddress2"), ""): Text '' is set on object 'Object Repository/RAD_Pages/AddressAndContactInfo_Page/input_streetAddress2'

2021-10-21 12:49:20 - [MESSAGE][PASSED] - Text '' is set on object 'Object Repository/RAD_Pages/AddressAndContactInfo_Page/input_streetAddress2'

2021-10-21 12:49:20 - [TEST_STEP][PASSED] - setText(findTestObject(orPath_AddressContact + "/input_city"), City): Text 'Gambrills' is set on object 'Object Repository/RAD_Pages/AddressAndContactInfo_Page/input_city'

2021-10-21 12:49:21 - [MESSAGE][PASSED] - Text 'Gambrills' is set on object 'Object Repository/RAD_Pages/AddressAndContactInfo_Page/input_city'

2021-10-21 12:49:21 - [TEST_STEP][PASSED] - selectOptionByLabel(findTestObject(orPath_AddressContact + "/select_State"), "Maryland", false): All options with label 'Maryland' are selected in object 'Object Repository/RAD_Pages/AddressAndContactInfo_Page/select_State' 

2021-10-21 12:49:21 - [MESSAGE][PASSED] - All options with label 'Maryland' are selected in object 'Object Repository/RAD_Pages/AddressAndContactInfo_Page/select_State' 

2021-10-21 12:49:21 - [TEST_STEP][PASSED] - setText(findTestObject(orPath_AddressContact + "/input_zipCode"), ZIP): Text '21054' is set on object 'Object Repository/RAD_Pages/AddressAndContactInfo_Page/input_zipCode'

2021-10-21 12:49:22 - [MESSAGE][PASSED] - Text '21054' is set on object 'Object Repository/RAD_Pages/AddressAndContactInfo_Page/input_zipCode'

2021-10-21 12:49:22 - [TEST_STEP][PASSED] - setText(findTestObject(orPath_AddressContact + "/input_phoneNumber"), "(703) 894-5000"): Text '(703) 894-5000' is set on object 'Object Repository/RAD_Pages/AddressAndContactInfo_Page/input_phoneNumber'

2021-10-21 12:49:22 - [MESSAGE][PASSED] - Text '(703) 894-5000' is set on object 'Object Repository/RAD_Pages/AddressAndContactInfo_Page/input_phoneNumber'

2021-10-21 12:49:22 - [TEST_STEP][PASSED] - setText(findTestObject(orPath_AddressContact + "/input_eMailAddress"), "iahmed@govolution.com"): Text 'iahmed@govolution.com' is set on object 'Object Repository/RAD_Pages/AddressAndContactInfo_Page/input_eMailAddress'

2021-10-21 12:49:23 - [MESSAGE][PASSED] - Text 'iahmed@govolution.com' is set on object 'Object Repository/RAD_Pages/AddressAndContactInfo_Page/input_eMailAddress'

2021-10-21 12:49:23 - [TEST_STEP][PASSED] - setText(findTestObject(orPath_AddressContact + "/input_reEnterEMailAddress"), "iahmed@govolution.com"): Text 'iahmed@govolution.com' is set on object 'Object Repository/RAD_Pages/AddressAndContactInfo_Page/input_reEnterEMailAddress'

2021-10-21 12:49:24 - [MESSAGE][PASSED] - Text 'iahmed@govolution.com' is set on object 'Object Repository/RAD_Pages/AddressAndContactInfo_Page/input_reEnterEMailAddress'

2021-10-21 12:49:24 - [TEST_STEP][PASSED] - setText(findTestObject(orPath_Amount + "/input__paymentAmount"), Amount): Text '100.00' is set on object 'Object Repository/RAD_Pages/PaymentAmount_Page/input__paymentAmount'

2021-10-21 12:49:25 - [MESSAGE][PASSED] - Text '100.00' is set on object 'Object Repository/RAD_Pages/PaymentAmount_Page/input__paymentAmount'

2021-10-21 12:49:25 - [TEST_STEP][PASSED] - scrollToElement(findTestObject(orPath_Landing + "/button_Continue"), 3): Scroll to object 'Object Repository/RAD_Pages/Landing_Page/button_Continue' successfully

2021-10-21 12:49:25 - [MESSAGE][PASSED] - Scroll to object 'Object Repository/RAD_Pages/Landing_Page/button_Continue' successfully

2021-10-21 12:49:25 - [TEST_STEP][PASSED] - waitForElementClickable(findTestObject(orPath_Landing + "/button_Continue"), 5): Object 'Object Repository/RAD_Pages/Landing_Page/button_Continue' is clickable

2021-10-21 12:49:26 - [MESSAGE][PASSED] - Object 'Object Repository/RAD_Pages/Landing_Page/button_Continue' is clickable

2021-10-21 12:49:26 - [TEST_STEP][PASSED] - click(findTestObject(orPath_Landing + "/button_Continue")): Object: 'Object Repository/RAD_Pages/Landing_Page/button_Continue' is clicked on

2021-10-21 12:49:26 - [MESSAGE][PASSED] - Object: 'Object Repository/RAD_Pages/Landing_Page/button_Continue' is clicked on

2021-10-21 12:49:26 - [TEST_STEP][PASSED] - verifyTextPresent("Review the information below and make any necessary corrections by clicking the", true): Text 'Review the information below and make any necessary corrections by clicking the' is present on page  using regular expression

2021-10-21 12:49:27 - [MESSAGE][PASSED] - Text 'Review the information below and make any necessary corrections by clicking the' is present on page  using regular expression

2021-10-21 12:49:27 - [TEST_STEP][PASSED] - verifyTextPresent("When you are confident that all the information is correct", true): Text 'When you are confident that all the information is correct' is present on page  using regular expression

2021-10-21 12:49:27 - [MESSAGE][PASSED] - Text 'When you are confident that all the information is correct' is present on page  using regular expression

2021-10-21 12:49:27 - [TEST_STEP][PASSED] - scrollToElement(findTestObject(orPath_Summary + "/button_Continue_Summary"), 3): Scroll to object 'Object Repository/RAD_Pages/Summary_Page/button_Continue_Summary' successfully

2021-10-21 12:49:28 - [MESSAGE][PASSED] - Scroll to object 'Object Repository/RAD_Pages/Summary_Page/button_Continue_Summary' successfully

2021-10-21 12:49:28 - [TEST_STEP][PASSED] - waitForElementClickable(findTestObject(orPath_Summary + "/button_Continue_Summary"), 5): Object 'Object Repository/RAD_Pages/Summary_Page/button_Continue_Summary' is clickable

2021-10-21 12:49:28 - [MESSAGE][PASSED] - Object 'Object Repository/RAD_Pages/Summary_Page/button_Continue_Summary' is clickable

2021-10-21 12:49:28 - [TEST_STEP][PASSED] - delay(3): Delayed 3 second(s)

2021-10-21 12:49:31 - [MESSAGE][PASSED] - Delayed 3 second(s)

2021-10-21 12:49:31 - [TEST_STEP][PASSED] - click(findTestObject(orPath_Summary + "/button_Continue_Summary")): Object: 'Object Repository/RAD_Pages/Summary_Page/button_Continue_Summary' is clicked on

2021-10-21 12:49:31 - [MESSAGE][PASSED] - Object: 'Object Repository/RAD_Pages/Summary_Page/button_Continue_Summary' is clicked on

2021-10-21 12:49:31 - [TEST_STEP][PASSED] - delay(3): Delayed 3 second(s)

2021-10-21 12:49:34 - [MESSAGE][PASSED] - Delayed 3 second(s)

2021-10-21 12:49:34 - [TEST_STEP][PASSED] - click(findTestObject(orPath_PaymentReady + "/button_ProceedtoPayment")): Object: 'Object Repository/RAD_Pages/PaymentReady_Page/button_ProceedtoPayment' is clicked on

2021-10-21 12:49:36 - [MESSAGE][PASSED] - Object: 'Object Repository/RAD_Pages/PaymentReady_Page/button_ProceedtoPayment' is clicked on

2021-10-21 12:49:36 - [TEST_STEP][PASSED] - setText(findTestObject(orPath_PaymentEntry + "/input__cardNumber"), CCNumber): Text '4012000098765439' is set on object 'Object Repository/RAD_Pages/PaymentEntry_Page/input__cardNumber'

2021-10-21 12:49:37 - [MESSAGE][PASSED] - Text '4012000098765439' is set on object 'Object Repository/RAD_Pages/PaymentEntry_Page/input__cardNumber'

2021-10-21 12:49:37 - [TEST_STEP][PASSED] - setText(findTestObject(orPath_PaymentEntry + "/input__spc"), CVV): Text '123' is set on object 'Object Repository/RAD_Pages/PaymentEntry_Page/input__spc'

2021-10-21 12:49:38 - [MESSAGE][PASSED] - Text '123' is set on object 'Object Repository/RAD_Pages/PaymentEntry_Page/input__spc'

2021-10-21 12:49:38 - [TEST_STEP][PASSED] - selectOptionByLabel(findTestObject(orPath_PaymentEntry + "/select_MM"), "12", false): All options with label '12' are selected in object 'Object Repository/RAD_Pages/PaymentEntry_Page/select_MM' 

2021-10-21 12:49:38 - [MESSAGE][PASSED] - All options with label '12' are selected in object 'Object Repository/RAD_Pages/PaymentEntry_Page/select_MM' 

2021-10-21 12:49:38 - [TEST_STEP][PASSED] - selectOptionByLabel(findTestObject(orPath_PaymentEntry + "/select_YYYY"), "2023", false): All options with label '2023' are selected in object 'Object Repository/RAD_Pages/PaymentEntry_Page/select_YYYY' 

2021-10-21 12:49:39 - [MESSAGE][PASSED] - All options with label '2023' are selected in object 'Object Repository/RAD_Pages/PaymentEntry_Page/select_YYYY' 

2021-10-21 12:49:39 - [TEST_STEP][PASSED] - click(findTestObject(orPath_PaymentEntry + "/input_Field_ccSubmit")): Object: 'Object Repository/RAD_Pages/PaymentEntry_Page/input_Field_ccSubmit' is clicked on

2021-10-21 12:49:40 - [MESSAGE][PASSED] - Object: 'Object Repository/RAD_Pages/PaymentEntry_Page/input_Field_ccSubmit' is clicked on

2021-10-21 12:49:40 - [TEST_STEP][PASSED] - click(findTestObject(orPath_PaymentConfirmation + "/input_N_confirmNotifyAction")): Object: 'Object Repository/RAD_Pages/PaymentConfirmation_Page/input_N_confirmNotifyAction' is clicked on

2021-10-21 12:49:41 - [MESSAGE][PASSED] - Object: 'Object Repository/RAD_Pages/PaymentConfirmation_Page/input_N_confirmNotifyAction' is clicked on

2021-10-21 12:49:41 - [TEST_STEP][PASSED] - click(findTestObject(orPath_ServiceFeesAccept + "/input_convFeeNotifyAction")): Object: 'Object Repository/RAD_Pages/ServiceFeeAccept_Page/input_convFeeNotifyAction' is clicked on

2021-10-21 12:49:42 - [MESSAGE][PASSED] - Object: 'Object Repository/RAD_Pages/ServiceFeeAccept_Page/input_convFeeNotifyAction' is clicked on

2021-10-21 12:49:42 - [TEST_STEP][PASSED] - delay(10): Delayed 10 second(s)

2021-10-21 12:49:52 - [MESSAGE][PASSED] - Delayed 10 second(s)

2021-10-21 12:49:52 - [TEST_STEP][PASSED] - verifyTextPresent("Successful Payment Receipt", true): Text 'Successful Payment Receipt' is present on page  using regular expression

2021-10-21 12:49:53 - [MESSAGE][PASSED] - Text 'Successful Payment Receipt' is present on page  using regular expression

2021-10-21 12:49:53 - [TEST_STEP][PASSED] - if (verifyTextPresent("Successful Payment Receipt", true)): null

2021-10-21 12:49:53 - [MESSAGE][PASSED] - Text 'Successful Payment Receipt' is present on page  using regular expression

2021-10-21 12:49:53 - [TEST_STEP][PASSED] - println("Transaction was Successful"): null

2021-10-21 12:49:53 - [TEST_STEP][PASSED] - out.println("Pass Record Number: " + row): null

2021-10-21 12:49:53 - [TEST_STEP][PASSED] - resText = "Pass": null

2021-10-21 12:49:53 - [TEST_STEP][PASSED] - pages.WriteExcel.demoKey(resText, datText, resColumn, datCloumn, fileLoc, nameSheet, row): pages.WriteExcel.demoKey is PASSED

2021-10-21 12:49:53 - [MESSAGE][PASSED] - pages.WriteExcel.demoKey is PASSED

2021-10-21 12:49:53 - [TEST_STEP][PASSED] - ExecuteTC = findTestData(dataFile).getValue("Execute", row): null

2021-10-21 12:49:53 - [TEST_STEP][PASSED] - PaymentType = findTestData(dataFile).getValue("PaymentType", row): null

2021-10-21 12:49:53 - [TEST_STEP][PASSED] - FilingYear = findTestData(dataFile).getValue("FilingYear", row): null

2021-10-21 12:49:53 - [TEST_STEP][PASSED] - PeriodEnding = findTestData(dataFile).getValue("PeriodEnding", row): null

2021-10-21 12:49:53 - [TEST_STEP][PASSED] - FName = findTestData(dataFile).getValue("Fname", row): null

2021-10-21 12:49:54 - [TEST_STEP][PASSED] - LName = findTestData(dataFile).getValue("Lname", row): null

2021-10-21 12:49:54 - [TEST_STEP][PASSED] - SSN = findTestData(dataFile).getValue("SSN", row): null

2021-10-21 12:49:54 - [TEST_STEP][PASSED] - BusName = findTestData(dataFile).getValue("BusName", row): null

2021-10-21 12:49:54 - [TEST_STEP][PASSED] - AL1 = findTestData(dataFile).getValue("AL1", row): null

2021-10-21 12:49:54 - [TEST_STEP][PASSED] - City = findTestData(dataFile).getValue("City", row): null

2021-10-21 12:49:54 - [TEST_STEP][PASSED] - ZIP = findTestData(dataFile).getValue("ZIP", row): null

2021-10-21 12:49:54 - [TEST_STEP][PASSED] - FilingType = findTestData(dataFile).getValue("FilingType", row): null

2021-10-21 12:49:54 - [TEST_STEP][PASSED] - Withholding = findTestData(dataFile).getValue("Withholding", row): null

2021-10-21 12:49:54 - [TEST_STEP][PASSED] - Amount = findTestData(dataFile).getValue("Amount", row): null

2021-10-21 12:49:54 - [TEST_STEP][PASSED] - CCNumber = findTestData(dataFile).getValue("CCNumber", row): null

2021-10-21 12:49:54 - [TEST_STEP][PASSED] - CVV = findTestData(dataFile).getValue("CVV", row): null

2021-10-21 12:49:54 - [TEST_STEP][PASSED] - out.println("Value of Execute is : " + ExecuteTC): null

2021-10-21 12:49:54 - [TEST_STEP][PASSED] - if (ExecuteTC.equalsIgnoreCase("Y")): null

2021-10-21 12:49:54 - [TEST_STEP][PASSED] - out.println("Begin Record Number: " + row): null

2021-10-21 12:49:54 - [TEST_STEP][PASSED] - today = new java.util.Date(): null

2021-10-21 12:49:54 - [TEST_STEP][PASSED] - println(today): null

2021-10-21 12:49:54 - [TEST_STEP][PASSED] - datText = today: null

2021-10-21 12:49:54 - [TEST_STEP][PASSED] - Taxtype = findTestData(dataFile).getValue("TaxType", row): null

2021-10-21 12:49:55 - [TEST_STEP][PASSED] - out.println("Taxtype value is : " + Taxtype): null

2021-10-21 12:49:55 - [TEST_STEP][PASSED] - openBrowser(""): Browser is opened with url: ''

2021-10-21 12:49:55 - [MESSAGE][WARNING] - A browser is already opened. Closing browser and opening a new one

2021-10-21 12:49:56 - [MESSAGE][INFO] - Starting 'Chrome' driver

2021-10-21 12:49:56 - [MESSAGE][INFO] - User set preference: ['acceptInsecureCerts', 'true']

2021-10-21 12:49:56 - [MESSAGE][INFO] - Action delay is set to 0 milliseconds

2021-10-21 12:49:57 - [MESSAGE][PASSED] - Browser is opened with url: ''

2021-10-21 12:49:57 - [TEST_STEP][PASSED] - maximizeWindow(): Current window maximized

2021-10-21 12:49:57 - [MESSAGE][PASSED] - Current window maximized

2021-10-21 12:49:57 - [TEST_STEP][PASSED] - navigateToUrl(RADurl): Navigate to 'https://demo.velocitypayment.com/client/rad/index.html' successfully

2021-10-21 12:49:59 - [MESSAGE][PASSED] - Navigate to 'https://demo.velocitypayment.com/client/rad/index.html' successfully

2021-10-21 12:49:59 - [TEST_STEP][PASSED] - orPath_Landing = "Object Repository/RAD_Pages/Landing_Page": null

2021-10-21 12:49:59 - [TEST_STEP][PASSED] - orPath_TaxTypeFilingYear = "Object Repository/RAD_Pages/TaxTypeFilingYear_Page": null

2021-10-21 12:49:59 - [TEST_STEP][PASSED] - orPath_TaxPayer = "Object Repository/RAD_Pages/Taxpayer_Page": null

2021-10-21 12:49:59 - [TEST_STEP][PASSED] - orPath_AddressContact = "Object Repository/RAD_Pages/AddressAndContactInfo_Page": null

2021-10-21 12:49:59 - [TEST_STEP][PASSED] - orPath_FilingStatus = "Object Repository/RAD_Pages/FilingStatus_Page": null

2021-10-21 12:49:59 - [TEST_STEP][PASSED] - orPath_Amount = "Object Repository/RAD_Pages/PaymentAmount_Page": null

2021-10-21 12:49:59 - [TEST_STEP][PASSED] - orPath_TaxInfo = "Object Repository/RAD_Pages/TaxInfo_Page": null

2021-10-21 12:49:59 - [TEST_STEP][PASSED] - orPath_Withholding = "Object Repository/RAD_Pages/Withholding_Page": null

2021-10-21 12:49:59 - [TEST_STEP][PASSED] - orPath_Summary = "Object Repository/RAD_Pages/Summary_Page": null

2021-10-21 12:49:59 - [TEST_STEP][PASSED] - orPath_PaymentReady = "Object Repository/RAD_Pages/PaymentReady_Page": null

2021-10-21 12:49:59 - [TEST_STEP][PASSED] - orPath_PaymentEntry = "Object Repository/RAD_Pages/PaymentEntry_Page": null

2021-10-21 12:49:59 - [TEST_STEP][PASSED] - orPath_PaymentConfirmation = "Object Repository/RAD_Pages/PaymentConfirmation_Page": null

2021-10-21 12:49:59 - [TEST_STEP][PASSED] - orPath_ServiceFeesAccept = "Object Repository/RAD_Pages/ServiceFeeAccept_Page": null

2021-10-21 12:49:59 - [TEST_STEP][PASSED] - selectOptionByLabel(findTestObject(orPath_Landing + "/dd_TaxType"), Taxtype, false): All options with label 'Personal Income Tax' are selected in object 'Object Repository/RAD_Pages/Landing_Page/dd_TaxType' 

2021-10-21 12:50:00 - [MESSAGE][PASSED] - All options with label 'Personal Income Tax' are selected in object 'Object Repository/RAD_Pages/Landing_Page/dd_TaxType' 

2021-10-21 12:50:00 - [TEST_STEP][PASSED] - delay(3): Delayed 3 second(s)

2021-10-21 12:50:03 - [MESSAGE][PASSED] - Delayed 3 second(s)

2021-10-21 12:50:03 - [TEST_STEP][PASSED] - switch (Taxtype): null

2021-10-21 12:50:03 - [TEST_STEP][PASSED] - case "Personal Income Tax":: null

2021-10-21 12:50:03 - [TEST_STEP][PASSED] - selectOptionByLabel(findTestObject(orPath_TaxTypeFilingYear + "/select_FilingYear"), FilingYear, false): All options with label '2022' are selected in object 'Object Repository/RAD_Pages/TaxTypeFilingYear_Page/select_FilingYear' 

2021-10-21 12:50:03 - [MESSAGE][PASSED] - All options with label '2022' are selected in object 'Object Repository/RAD_Pages/TaxTypeFilingYear_Page/select_FilingYear' 

2021-10-21 12:50:03 - [TEST_STEP][PASSED] - setText(findTestObject(orPath_TaxPayer + "/input_PSSN"), SSN): Text '123-44-6523' is set on object 'Object Repository/RAD_Pages/Taxpayer_Page/input_PSSN'

2021-10-21 12:50:04 - [MESSAGE][PASSED] - Text '123-44-6523' is set on object 'Object Repository/RAD_Pages/Taxpayer_Page/input_PSSN'

2021-10-21 12:50:04 - [TEST_STEP][PASSED] - setText(findTestObject(orPath_TaxPayer + "/input_reEnterPSSN"), SSN): Text '123-44-6523' is set on object 'Object Repository/RAD_Pages/Taxpayer_Page/input_reEnterPSSN'

2021-10-21 12:50:05 - [MESSAGE][PASSED] - Text '123-44-6523' is set on object 'Object Repository/RAD_Pages/Taxpayer_Page/input_reEnterPSSN'

2021-10-21 12:50:05 - [TEST_STEP][PASSED] - if (FilingType.equalsIgnoreCase("Y")): Object 'Object Repository/RAD_Pages/FilingStatus_Page/input_userType_Individual' is checked

2021-10-21 12:50:05 - [TEST_STEP][PASSED] - check(findTestObject(orPath_FilingStatus + "/input_userType_Individual")): Object 'Object Repository/RAD_Pages/FilingStatus_Page/input_userType_Individual' is checked

2021-10-21 12:50:06 - [MESSAGE][PASSED] - Object 'Object Repository/RAD_Pages/FilingStatus_Page/input_userType_Individual' is checked

2021-10-21 12:50:06 - [TEST_STEP][PASSED] - break: null

2021-10-21 12:50:06 - [TEST_STEP][PASSED] - setText(findTestObject(orPath_TaxPayer + "/input_firstName"), FName): Text 'Andy' is set on object 'Object Repository/RAD_Pages/Taxpayer_Page/input_firstName'

2021-10-21 12:50:06 - [MESSAGE][PASSED] - Text 'Andy' is set on object 'Object Repository/RAD_Pages/Taxpayer_Page/input_firstName'

2021-10-21 12:50:06 - [TEST_STEP][PASSED] - setText(findTestObject(orPath_TaxPayer + "/input_lastName"), LName): Text 'Broad' is set on object 'Object Repository/RAD_Pages/Taxpayer_Page/input_lastName'

2021-10-21 12:50:07 - [MESSAGE][PASSED] - Text 'Broad' is set on object 'Object Repository/RAD_Pages/Taxpayer_Page/input_lastName'

2021-10-21 12:50:07 - [TEST_STEP][PASSED] - selectOptionByLabel(findTestObject(orPath_AddressContact + "/select_Country"), "United States", false): All options with label 'United States' are selected in object 'Object Repository/RAD_Pages/AddressAndContactInfo_Page/select_Country' 

2021-10-21 12:50:08 - [MESSAGE][PASSED] - All options with label 'United States' are selected in object 'Object Repository/RAD_Pages/AddressAndContactInfo_Page/select_Country' 

2021-10-21 12:50:08 - [TEST_STEP][PASSED] - setText(findTestObject(orPath_AddressContact + "/input_streetAddress1"), AL1): Text '25 Moan Road' is set on object 'Object Repository/RAD_Pages/AddressAndContactInfo_Page/input_streetAddress1'

2021-10-21 12:50:08 - [MESSAGE][PASSED] - Text '25 Moan Road' is set on object 'Object Repository/RAD_Pages/AddressAndContactInfo_Page/input_streetAddress1'

2021-10-21 12:50:08 - [TEST_STEP][PASSED] - setText(findTestObject(orPath_AddressContact + "/input_streetAddress2"), ""): Text '' is set on object 'Object Repository/RAD_Pages/AddressAndContactInfo_Page/input_streetAddress2'

2021-10-21 12:50:09 - [MESSAGE][PASSED] - Text '' is set on object 'Object Repository/RAD_Pages/AddressAndContactInfo_Page/input_streetAddress2'

2021-10-21 12:50:09 - [TEST_STEP][PASSED] - setText(findTestObject(orPath_AddressContact + "/input_city"), City): Text 'Severn' is set on object 'Object Repository/RAD_Pages/AddressAndContactInfo_Page/input_city'

2021-10-21 12:50:10 - [MESSAGE][PASSED] - Text 'Severn' is set on object 'Object Repository/RAD_Pages/AddressAndContactInfo_Page/input_city'

2021-10-21 12:50:10 - [TEST_STEP][PASSED] - selectOptionByLabel(findTestObject(orPath_AddressContact + "/select_State"), "Maryland", false): All options with label 'Maryland' are selected in object 'Object Repository/RAD_Pages/AddressAndContactInfo_Page/select_State' 

2021-10-21 12:50:10 - [MESSAGE][PASSED] - All options with label 'Maryland' are selected in object 'Object Repository/RAD_Pages/AddressAndContactInfo_Page/select_State' 

2021-10-21 12:50:10 - [TEST_STEP][PASSED] - setText(findTestObject(orPath_AddressContact + "/input_zipCode"), ZIP): Text '21114' is set on object 'Object Repository/RAD_Pages/AddressAndContactInfo_Page/input_zipCode'

2021-10-21 12:50:11 - [MESSAGE][PASSED] - Text '21114' is set on object 'Object Repository/RAD_Pages/AddressAndContactInfo_Page/input_zipCode'

2021-10-21 12:50:11 - [TEST_STEP][PASSED] - setText(findTestObject(orPath_AddressContact + "/input_phoneNumber"), "(703) 894-5000"): Text '(703) 894-5000' is set on object 'Object Repository/RAD_Pages/AddressAndContactInfo_Page/input_phoneNumber'

2021-10-21 12:50:12 - [MESSAGE][PASSED] - Text '(703) 894-5000' is set on object 'Object Repository/RAD_Pages/AddressAndContactInfo_Page/input_phoneNumber'

2021-10-21 12:50:12 - [TEST_STEP][PASSED] - setText(findTestObject(orPath_AddressContact + "/input_eMailAddress"), "iahmed@govolution.com"): Text 'iahmed@govolution.com' is set on object 'Object Repository/RAD_Pages/AddressAndContactInfo_Page/input_eMailAddress'

2021-10-21 12:50:13 - [MESSAGE][PASSED] - Text 'iahmed@govolution.com' is set on object 'Object Repository/RAD_Pages/AddressAndContactInfo_Page/input_eMailAddress'

2021-10-21 12:50:13 - [TEST_STEP][PASSED] - setText(findTestObject(orPath_AddressContact + "/input_reEnterEMailAddress"), "iahmed@govolution.com"): Text 'iahmed@govolution.com' is set on object 'Object Repository/RAD_Pages/AddressAndContactInfo_Page/input_reEnterEMailAddress'

2021-10-21 12:50:14 - [MESSAGE][PASSED] - Text 'iahmed@govolution.com' is set on object 'Object Repository/RAD_Pages/AddressAndContactInfo_Page/input_reEnterEMailAddress'

2021-10-21 12:50:14 - [TEST_STEP][PASSED] - setText(findTestObject(orPath_Amount + "/input__paymentAmount"), Amount): Text '10.50' is set on object 'Object Repository/RAD_Pages/PaymentAmount_Page/input__paymentAmount'

2021-10-21 12:50:15 - [MESSAGE][PASSED] - Text '10.50' is set on object 'Object Repository/RAD_Pages/PaymentAmount_Page/input__paymentAmount'

2021-10-21 12:50:15 - [TEST_STEP][PASSED] - scrollToElement(findTestObject(orPath_Landing + "/button_Continue"), 3): Scroll to object 'Object Repository/RAD_Pages/Landing_Page/button_Continue' successfully

2021-10-21 12:50:15 - [MESSAGE][PASSED] - Scroll to object 'Object Repository/RAD_Pages/Landing_Page/button_Continue' successfully

2021-10-21 12:50:15 - [TEST_STEP][PASSED] - waitForElementClickable(findTestObject(orPath_Landing + "/button_Continue"), 5): Object 'Object Repository/RAD_Pages/Landing_Page/button_Continue' is clickable

2021-10-21 12:50:15 - [MESSAGE][PASSED] - Object 'Object Repository/RAD_Pages/Landing_Page/button_Continue' is clickable

2021-10-21 12:50:15 - [TEST_STEP][PASSED] - click(findTestObject(orPath_Landing + "/button_Continue")): Object: 'Object Repository/RAD_Pages/Landing_Page/button_Continue' is clicked on

2021-10-21 12:50:16 - [MESSAGE][PASSED] - Object: 'Object Repository/RAD_Pages/Landing_Page/button_Continue' is clicked on

2021-10-21 12:50:16 - [TEST_STEP][PASSED] - verifyTextPresent("Review the information below and make any necessary corrections by clicking the", true): Text 'Review the information below and make any necessary corrections by clicking the' is present on page  using regular expression

2021-10-21 12:50:16 - [MESSAGE][PASSED] - Text 'Review the information below and make any necessary corrections by clicking the' is present on page  using regular expression

2021-10-21 12:50:16 - [TEST_STEP][PASSED] - verifyTextPresent("When you are confident that all the information is correct", true): Text 'When you are confident that all the information is correct' is present on page  using regular expression

2021-10-21 12:50:17 - [MESSAGE][PASSED] - Text 'When you are confident that all the information is correct' is present on page  using regular expression

2021-10-21 12:50:17 - [TEST_STEP][PASSED] - scrollToElement(findTestObject(orPath_Summary + "/button_Continue_Summary"), 3): Scroll to object 'Object Repository/RAD_Pages/Summary_Page/button_Continue_Summary' successfully

2021-10-21 12:50:17 - [MESSAGE][PASSED] - Scroll to object 'Object Repository/RAD_Pages/Summary_Page/button_Continue_Summary' successfully

2021-10-21 12:50:17 - [TEST_STEP][PASSED] - waitForElementClickable(findTestObject(orPath_Summary + "/button_Continue_Summary"), 5): Object 'Object Repository/RAD_Pages/Summary_Page/button_Continue_Summary' is clickable

2021-10-21 12:50:17 - [MESSAGE][PASSED] - Object 'Object Repository/RAD_Pages/Summary_Page/button_Continue_Summary' is clickable

2021-10-21 12:50:17 - [TEST_STEP][PASSED] - delay(3): Delayed 3 second(s)

2021-10-21 12:50:20 - [MESSAGE][PASSED] - Delayed 3 second(s)

2021-10-21 12:50:20 - [TEST_STEP][PASSED] - click(findTestObject(orPath_Summary + "/button_Continue_Summary")): Object: 'Object Repository/RAD_Pages/Summary_Page/button_Continue_Summary' is clicked on

2021-10-21 12:50:21 - [MESSAGE][PASSED] - Object: 'Object Repository/RAD_Pages/Summary_Page/button_Continue_Summary' is clicked on

2021-10-21 12:50:21 - [TEST_STEP][PASSED] - delay(3): Delayed 3 second(s)

2021-10-21 12:50:24 - [MESSAGE][PASSED] - Delayed 3 second(s)

2021-10-21 12:50:24 - [TEST_STEP][PASSED] - click(findTestObject(orPath_PaymentReady + "/button_ProceedtoPayment")): Object: 'Object Repository/RAD_Pages/PaymentReady_Page/button_ProceedtoPayment' is clicked on

2021-10-21 12:50:26 - [MESSAGE][PASSED] - Object: 'Object Repository/RAD_Pages/PaymentReady_Page/button_ProceedtoPayment' is clicked on

2021-10-21 12:50:26 - [TEST_STEP][PASSED] - setText(findTestObject(orPath_PaymentEntry + "/input__cardNumber"), CCNumber): Text '5146312200000035' is set on object 'Object Repository/RAD_Pages/PaymentEntry_Page/input__cardNumber'

2021-10-21 12:50:26 - [MESSAGE][PASSED] - Text '5146312200000035' is set on object 'Object Repository/RAD_Pages/PaymentEntry_Page/input__cardNumber'

2021-10-21 12:50:26 - [TEST_STEP][PASSED] - setText(findTestObject(orPath_PaymentEntry + "/input__spc"), CVV): Text '123' is set on object 'Object Repository/RAD_Pages/PaymentEntry_Page/input__spc'

2021-10-21 12:50:27 - [MESSAGE][PASSED] - Text '123' is set on object 'Object Repository/RAD_Pages/PaymentEntry_Page/input__spc'

2021-10-21 12:50:27 - [TEST_STEP][PASSED] - selectOptionByLabel(findTestObject(orPath_PaymentEntry + "/select_MM"), "12", false): All options with label '12' are selected in object 'Object Repository/RAD_Pages/PaymentEntry_Page/select_MM' 

2021-10-21 12:50:28 - [MESSAGE][PASSED] - All options with label '12' are selected in object 'Object Repository/RAD_Pages/PaymentEntry_Page/select_MM' 

2021-10-21 12:50:28 - [TEST_STEP][PASSED] - selectOptionByLabel(findTestObject(orPath_PaymentEntry + "/select_YYYY"), "2023", false): All options with label '2023' are selected in object 'Object Repository/RAD_Pages/PaymentEntry_Page/select_YYYY' 

2021-10-21 12:50:28 - [MESSAGE][PASSED] - All options with label '2023' are selected in object 'Object Repository/RAD_Pages/PaymentEntry_Page/select_YYYY' 

2021-10-21 12:50:28 - [TEST_STEP][PASSED] - click(findTestObject(orPath_PaymentEntry + "/input_Field_ccSubmit")): Object: 'Object Repository/RAD_Pages/PaymentEntry_Page/input_Field_ccSubmit' is clicked on

2021-10-21 12:50:29 - [MESSAGE][PASSED] - Object: 'Object Repository/RAD_Pages/PaymentEntry_Page/input_Field_ccSubmit' is clicked on

2021-10-21 12:50:29 - [TEST_STEP][PASSED] - click(findTestObject(orPath_PaymentConfirmation + "/input_N_confirmNotifyAction")): Object: 'Object Repository/RAD_Pages/PaymentConfirmation_Page/input_N_confirmNotifyAction' is clicked on

2021-10-21 12:50:30 - [MESSAGE][PASSED] - Object: 'Object Repository/RAD_Pages/PaymentConfirmation_Page/input_N_confirmNotifyAction' is clicked on

2021-10-21 12:50:30 - [TEST_STEP][PASSED] - click(findTestObject(orPath_ServiceFeesAccept + "/input_convFeeNotifyAction")): Object: 'Object Repository/RAD_Pages/ServiceFeeAccept_Page/input_convFeeNotifyAction' is clicked on

2021-10-21 12:50:32 - [MESSAGE][PASSED] - Object: 'Object Repository/RAD_Pages/ServiceFeeAccept_Page/input_convFeeNotifyAction' is clicked on

2021-10-21 12:50:32 - [TEST_STEP][PASSED] - delay(10): Delayed 10 second(s)

2021-10-21 12:50:42 - [MESSAGE][PASSED] - Delayed 10 second(s)

2021-10-21 12:50:42 - [TEST_STEP][PASSED] - verifyTextPresent("Successful Payment Receipt", true): Text 'Successful Payment Receipt' is present on page  using regular expression

2021-10-21 12:50:42 - [MESSAGE][PASSED] - Text 'Successful Payment Receipt' is present on page  using regular expression

2021-10-21 12:50:42 - [TEST_STEP][PASSED] - if (verifyTextPresent("Successful Payment Receipt", true)): null

2021-10-21 12:50:42 - [MESSAGE][PASSED] - Text 'Successful Payment Receipt' is present on page  using regular expression

2021-10-21 12:50:42 - [TEST_STEP][PASSED] - println("Transaction was Successful"): null

2021-10-21 12:50:42 - [TEST_STEP][PASSED] - out.println("Pass Record Number: " + row): null

2021-10-21 12:50:42 - [TEST_STEP][PASSED] - resText = "Pass": null

2021-10-21 12:50:42 - [TEST_STEP][PASSED] - pages.WriteExcel.demoKey(resText, datText, resColumn, datCloumn, fileLoc, nameSheet, row): pages.WriteExcel.demoKey is PASSED

2021-10-21 12:50:42 - [MESSAGE][PASSED] - pages.WriteExcel.demoKey is PASSED

2021-10-21 12:50:42 - [TEST_STEP][PASSED] - ExecuteTC = findTestData(dataFile).getValue("Execute", row): null

2021-10-21 12:50:42 - [TEST_STEP][PASSED] - PaymentType = findTestData(dataFile).getValue("PaymentType", row): null

2021-10-21 12:50:42 - [TEST_STEP][PASSED] - FilingYear = findTestData(dataFile).getValue("FilingYear", row): null

2021-10-21 12:50:43 - [TEST_STEP][PASSED] - PeriodEnding = findTestData(dataFile).getValue("PeriodEnding", row): null

2021-10-21 12:50:43 - [TEST_STEP][PASSED] - FName = findTestData(dataFile).getValue("Fname", row): null

2021-10-21 12:50:43 - [TEST_STEP][PASSED] - LName = findTestData(dataFile).getValue("Lname", row): null

2021-10-21 12:50:43 - [TEST_STEP][PASSED] - SSN = findTestData(dataFile).getValue("SSN", row): null

2021-10-21 12:50:43 - [TEST_STEP][PASSED] - BusName = findTestData(dataFile).getValue("BusName", row): null

2021-10-21 12:50:43 - [TEST_STEP][PASSED] - AL1 = findTestData(dataFile).getValue("AL1", row): null

2021-10-21 12:50:43 - [TEST_STEP][PASSED] - City = findTestData(dataFile).getValue("City", row): null

2021-10-21 12:50:43 - [TEST_STEP][PASSED] - ZIP = findTestData(dataFile).getValue("ZIP", row): null

2021-10-21 12:50:43 - [TEST_STEP][PASSED] - FilingType = findTestData(dataFile).getValue("FilingType", row): null

2021-10-21 12:50:43 - [TEST_STEP][PASSED] - Withholding = findTestData(dataFile).getValue("Withholding", row): null

2021-10-21 12:50:43 - [TEST_STEP][PASSED] - Amount = findTestData(dataFile).getValue("Amount", row): null

2021-10-21 12:50:43 - [TEST_STEP][PASSED] - CCNumber = findTestData(dataFile).getValue("CCNumber", row): null

2021-10-21 12:50:43 - [TEST_STEP][PASSED] - CVV = findTestData(dataFile).getValue("CVV", row): null

2021-10-21 12:50:43 - [TEST_STEP][PASSED] - out.println("Value of Execute is : " + ExecuteTC): null

2021-10-21 12:50:43 - [TEST_STEP][PASSED] - if (ExecuteTC.equalsIgnoreCase("Y")): null

2021-10-21 12:50:43 - [TEST_STEP][PASSED] - out.println("Begin Record Number: " + row): null

2021-10-21 12:50:43 - [TEST_STEP][PASSED] - today = new java.util.Date(): null

2021-10-21 12:50:43 - [TEST_STEP][PASSED] - println(today): null

2021-10-21 12:50:43 - [TEST_STEP][PASSED] - datText = today: null

2021-10-21 12:50:43 - [TEST_STEP][PASSED] - Taxtype = findTestData(dataFile).getValue("TaxType", row): null

2021-10-21 12:50:43 - [TEST_STEP][PASSED] - out.println("Taxtype value is : " + Taxtype): null

2021-10-21 12:50:43 - [TEST_STEP][PASSED] - openBrowser(""): Browser is opened with url: ''

2021-10-21 12:50:43 - [MESSAGE][WARNING] - A browser is already opened. Closing browser and opening a new one

2021-10-21 12:50:44 - [MESSAGE][INFO] - Starting 'Chrome' driver

2021-10-21 12:50:44 - [MESSAGE][INFO] - User set preference: ['acceptInsecureCerts', 'true']

2021-10-21 12:50:44 - [MESSAGE][INFO] - Action delay is set to 0 milliseconds

2021-10-21 12:50:45 - [MESSAGE][PASSED] - Browser is opened with url: ''

2021-10-21 12:50:45 - [TEST_STEP][PASSED] - maximizeWindow(): Current window maximized

2021-10-21 12:50:45 - [MESSAGE][PASSED] - Current window maximized

2021-10-21 12:50:45 - [TEST_STEP][PASSED] - navigateToUrl(RADurl): Navigate to 'https://demo.velocitypayment.com/client/rad/index.html' successfully

2021-10-21 12:50:47 - [MESSAGE][PASSED] - Navigate to 'https://demo.velocitypayment.com/client/rad/index.html' successfully

2021-10-21 12:50:47 - [TEST_STEP][PASSED] - orPath_Landing = "Object Repository/RAD_Pages/Landing_Page": null

2021-10-21 12:50:47 - [TEST_STEP][PASSED] - orPath_TaxTypeFilingYear = "Object Repository/RAD_Pages/TaxTypeFilingYear_Page": null

2021-10-21 12:50:47 - [TEST_STEP][PASSED] - orPath_TaxPayer = "Object Repository/RAD_Pages/Taxpayer_Page": null

2021-10-21 12:50:47 - [TEST_STEP][PASSED] - orPath_AddressContact = "Object Repository/RAD_Pages/AddressAndContactInfo_Page": null

2021-10-21 12:50:47 - [TEST_STEP][PASSED] - orPath_FilingStatus = "Object Repository/RAD_Pages/FilingStatus_Page": null

2021-10-21 12:50:47 - [TEST_STEP][PASSED] - orPath_Amount = "Object Repository/RAD_Pages/PaymentAmount_Page": null

2021-10-21 12:50:47 - [TEST_STEP][PASSED] - orPath_TaxInfo = "Object Repository/RAD_Pages/TaxInfo_Page": null

2021-10-21 12:50:47 - [TEST_STEP][PASSED] - orPath_Withholding = "Object Repository/RAD_Pages/Withholding_Page": null

2021-10-21 12:50:47 - [TEST_STEP][PASSED] - orPath_Summary = "Object Repository/RAD_Pages/Summary_Page": null

2021-10-21 12:50:47 - [TEST_STEP][PASSED] - orPath_PaymentReady = "Object Repository/RAD_Pages/PaymentReady_Page": null

2021-10-21 12:50:47 - [TEST_STEP][PASSED] - orPath_PaymentEntry = "Object Repository/RAD_Pages/PaymentEntry_Page": null

2021-10-21 12:50:47 - [TEST_STEP][PASSED] - orPath_PaymentConfirmation = "Object Repository/RAD_Pages/PaymentConfirmation_Page": null

2021-10-21 12:50:47 - [TEST_STEP][PASSED] - orPath_ServiceFeesAccept = "Object Repository/RAD_Pages/ServiceFeeAccept_Page": null

2021-10-21 12:50:47 - [TEST_STEP][PASSED] - selectOptionByLabel(findTestObject(orPath_Landing + "/dd_TaxType"), Taxtype, false): All options with label 'Extension Payments' are selected in object 'Object Repository/RAD_Pages/Landing_Page/dd_TaxType' 

2021-10-21 12:50:48 - [MESSAGE][PASSED] - All options with label 'Extension Payments' are selected in object 'Object Repository/RAD_Pages/Landing_Page/dd_TaxType' 

2021-10-21 12:50:48 - [TEST_STEP][PASSED] - delay(3): Delayed 3 second(s)

2021-10-21 12:50:51 - [MESSAGE][PASSED] - Delayed 3 second(s)

2021-10-21 12:50:51 - [TEST_STEP][PASSED] - switch (Taxtype): null

2021-10-21 12:50:51 - [TEST_STEP][PASSED] - case "Extension Payments":: null

2021-10-21 12:50:51 - [TEST_STEP][PASSED] - selectOptionByLabel(findTestObject(orPath_TaxTypeFilingYear + "/select_PaymentType"), PaymentType, false): All options with label 'Personal' are selected in object 'Object Repository/RAD_Pages/TaxTypeFilingYear_Page/select_PaymentType' 

2021-10-21 12:50:51 - [MESSAGE][PASSED] - All options with label 'Personal' are selected in object 'Object Repository/RAD_Pages/TaxTypeFilingYear_Page/select_PaymentType' 

2021-10-21 12:50:51 - [TEST_STEP][PASSED] - selectOptionByLabel(findTestObject(orPath_TaxTypeFilingYear + "/select_FilingYear"), FilingYear, false): All options with label '2022' are selected in object 'Object Repository/RAD_Pages/TaxTypeFilingYear_Page/select_FilingYear' 

2021-10-21 12:50:52 - [MESSAGE][PASSED] - All options with label '2022' are selected in object 'Object Repository/RAD_Pages/TaxTypeFilingYear_Page/select_FilingYear' 

2021-10-21 12:50:52 - [TEST_STEP][PASSED] - setText(findTestObject(orPath_TaxPayer + "/input_PSSN"), SSN): Text '123-44-0145' is set on object 'Object Repository/RAD_Pages/Taxpayer_Page/input_PSSN'

2021-10-21 12:50:53 - [MESSAGE][PASSED] - Text '123-44-0145' is set on object 'Object Repository/RAD_Pages/Taxpayer_Page/input_PSSN'

2021-10-21 12:50:53 - [TEST_STEP][PASSED] - setText(findTestObject(orPath_TaxPayer + "/input_reEnterPSSN"), SSN): Text '123-44-0145' is set on object 'Object Repository/RAD_Pages/Taxpayer_Page/input_reEnterPSSN'

2021-10-21 12:50:54 - [MESSAGE][PASSED] - Text '123-44-0145' is set on object 'Object Repository/RAD_Pages/Taxpayer_Page/input_reEnterPSSN'

2021-10-21 12:50:54 - [TEST_STEP][PASSED] - if (FilingType.equalsIgnoreCase("Y")): Object 'Object Repository/RAD_Pages/FilingStatus_Page/input_userType_Individual' is checked

2021-10-21 12:50:54 - [TEST_STEP][PASSED] - check(findTestObject(orPath_FilingStatus + "/input_userType_Individual")): Object 'Object Repository/RAD_Pages/FilingStatus_Page/input_userType_Individual' is checked

2021-10-21 12:50:54 - [MESSAGE][PASSED] - Object 'Object Repository/RAD_Pages/FilingStatus_Page/input_userType_Individual' is checked

2021-10-21 12:50:54 - [TEST_STEP][PASSED] - break: null

2021-10-21 12:50:54 - [TEST_STEP][PASSED] - setText(findTestObject(orPath_TaxPayer + "/input_firstName"), FName): Text 'Jason' is set on object 'Object Repository/RAD_Pages/Taxpayer_Page/input_firstName'

2021-10-21 12:50:55 - [MESSAGE][PASSED] - Text 'Jason' is set on object 'Object Repository/RAD_Pages/Taxpayer_Page/input_firstName'

2021-10-21 12:50:55 - [TEST_STEP][PASSED] - setText(findTestObject(orPath_TaxPayer + "/input_lastName"), LName): Text 'Cook' is set on object 'Object Repository/RAD_Pages/Taxpayer_Page/input_lastName'

2021-10-21 12:50:55 - [MESSAGE][PASSED] - Text 'Cook' is set on object 'Object Repository/RAD_Pages/Taxpayer_Page/input_lastName'

2021-10-21 12:50:55 - [TEST_STEP][PASSED] - selectOptionByLabel(findTestObject(orPath_AddressContact + "/select_Country"), "United States", false): All options with label 'United States' are selected in object 'Object Repository/RAD_Pages/AddressAndContactInfo_Page/select_Country' 

2021-10-21 12:50:56 - [MESSAGE][PASSED] - All options with label 'United States' are selected in object 'Object Repository/RAD_Pages/AddressAndContactInfo_Page/select_Country' 

2021-10-21 12:50:56 - [TEST_STEP][PASSED] - setText(findTestObject(orPath_AddressContact + "/input_streetAddress1"), AL1): Text '1501 Mandan Terrace' is set on object 'Object Repository/RAD_Pages/AddressAndContactInfo_Page/input_streetAddress1'

2021-10-21 12:50:57 - [MESSAGE][PASSED] - Text '1501 Mandan Terrace' is set on object 'Object Repository/RAD_Pages/AddressAndContactInfo_Page/input_streetAddress1'

2021-10-21 12:50:57 - [TEST_STEP][PASSED] - setText(findTestObject(orPath_AddressContact + "/input_streetAddress2"), ""): Text '' is set on object 'Object Repository/RAD_Pages/AddressAndContactInfo_Page/input_streetAddress2'

2021-10-21 12:50:57 - [MESSAGE][PASSED] - Text '' is set on object 'Object Repository/RAD_Pages/AddressAndContactInfo_Page/input_streetAddress2'

2021-10-21 12:50:57 - [TEST_STEP][PASSED] - setText(findTestObject(orPath_AddressContact + "/input_city"), City): Text 'Bowie' is set on object 'Object Repository/RAD_Pages/AddressAndContactInfo_Page/input_city'

2021-10-21 12:50:58 - [MESSAGE][PASSED] - Text 'Bowie' is set on object 'Object Repository/RAD_Pages/AddressAndContactInfo_Page/input_city'

2021-10-21 12:50:58 - [TEST_STEP][PASSED] - selectOptionByLabel(findTestObject(orPath_AddressContact + "/select_State"), "Maryland", false): All options with label 'Maryland' are selected in object 'Object Repository/RAD_Pages/AddressAndContactInfo_Page/select_State' 

2021-10-21 12:50:59 - [MESSAGE][PASSED] - All options with label 'Maryland' are selected in object 'Object Repository/RAD_Pages/AddressAndContactInfo_Page/select_State' 

2021-10-21 12:50:59 - [TEST_STEP][PASSED] - setText(findTestObject(orPath_AddressContact + "/input_zipCode"), ZIP): Text '20720' is set on object 'Object Repository/RAD_Pages/AddressAndContactInfo_Page/input_zipCode'

2021-10-21 12:50:59 - [MESSAGE][PASSED] - Text '20720' is set on object 'Object Repository/RAD_Pages/AddressAndContactInfo_Page/input_zipCode'

2021-10-21 12:50:59 - [TEST_STEP][PASSED] - setText(findTestObject(orPath_AddressContact + "/input_phoneNumber"), "(703) 894-5000"): Text '(703) 894-5000' is set on object 'Object Repository/RAD_Pages/AddressAndContactInfo_Page/input_phoneNumber'

2021-10-21 12:51:00 - [MESSAGE][PASSED] - Text '(703) 894-5000' is set on object 'Object Repository/RAD_Pages/AddressAndContactInfo_Page/input_phoneNumber'

2021-10-21 12:51:00 - [TEST_STEP][PASSED] - setText(findTestObject(orPath_AddressContact + "/input_eMailAddress"), "iahmed@govolution.com"): Text 'iahmed@govolution.com' is set on object 'Object Repository/RAD_Pages/AddressAndContactInfo_Page/input_eMailAddress'

2021-10-21 12:51:01 - [MESSAGE][PASSED] - Text 'iahmed@govolution.com' is set on object 'Object Repository/RAD_Pages/AddressAndContactInfo_Page/input_eMailAddress'

2021-10-21 12:51:01 - [TEST_STEP][PASSED] - setText(findTestObject(orPath_AddressContact + "/input_reEnterEMailAddress"), "iahmed@govolution.com"): Text 'iahmed@govolution.com' is set on object 'Object Repository/RAD_Pages/AddressAndContactInfo_Page/input_reEnterEMailAddress'

2021-10-21 12:51:02 - [MESSAGE][PASSED] - Text 'iahmed@govolution.com' is set on object 'Object Repository/RAD_Pages/AddressAndContactInfo_Page/input_reEnterEMailAddress'

2021-10-21 12:51:02 - [TEST_STEP][PASSED] - setText(findTestObject(orPath_Amount + "/input__paymentAmount"), Amount): Text '10.50' is set on object 'Object Repository/RAD_Pages/PaymentAmount_Page/input__paymentAmount'

2021-10-21 12:51:02 - [MESSAGE][PASSED] - Text '10.50' is set on object 'Object Repository/RAD_Pages/PaymentAmount_Page/input__paymentAmount'

2021-10-21 12:51:02 - [TEST_STEP][PASSED] - scrollToElement(findTestObject(orPath_Landing + "/button_Continue"), 3): Scroll to object 'Object Repository/RAD_Pages/Landing_Page/button_Continue' successfully

2021-10-21 12:51:03 - [MESSAGE][PASSED] - Scroll to object 'Object Repository/RAD_Pages/Landing_Page/button_Continue' successfully

2021-10-21 12:51:03 - [TEST_STEP][PASSED] - waitForElementClickable(findTestObject(orPath_Landing + "/button_Continue"), 5): Object 'Object Repository/RAD_Pages/Landing_Page/button_Continue' is clickable

2021-10-21 12:51:03 - [MESSAGE][PASSED] - Object 'Object Repository/RAD_Pages/Landing_Page/button_Continue' is clickable

2021-10-21 12:51:03 - [TEST_STEP][PASSED] - click(findTestObject(orPath_Landing + "/button_Continue")): Object: 'Object Repository/RAD_Pages/Landing_Page/button_Continue' is clicked on

2021-10-21 12:51:04 - [MESSAGE][PASSED] - Object: 'Object Repository/RAD_Pages/Landing_Page/button_Continue' is clicked on

2021-10-21 12:51:04 - [TEST_STEP][PASSED] - verifyTextPresent("Review the information below and make any necessary corrections by clicking the", true): Text 'Review the information below and make any necessary corrections by clicking the' is present on page  using regular expression

2021-10-21 12:51:04 - [MESSAGE][PASSED] - Text 'Review the information below and make any necessary corrections by clicking the' is present on page  using regular expression

2021-10-21 12:51:04 - [TEST_STEP][PASSED] - verifyTextPresent("When you are confident that all the information is correct", true): Text 'When you are confident that all the information is correct' is present on page  using regular expression

2021-10-21 12:51:05 - [MESSAGE][PASSED] - Text 'When you are confident that all the information is correct' is present on page  using regular expression

2021-10-21 12:51:05 - [TEST_STEP][PASSED] - scrollToElement(findTestObject(orPath_Summary + "/button_Continue_Summary"), 3): Scroll to object 'Object Repository/RAD_Pages/Summary_Page/button_Continue_Summary' successfully

2021-10-21 12:51:05 - [MESSAGE][PASSED] - Scroll to object 'Object Repository/RAD_Pages/Summary_Page/button_Continue_Summary' successfully

2021-10-21 12:51:05 - [TEST_STEP][PASSED] - waitForElementClickable(findTestObject(orPath_Summary + "/button_Continue_Summary"), 5): Object 'Object Repository/RAD_Pages/Summary_Page/button_Continue_Summary' is clickable

2021-10-21 12:51:05 - [MESSAGE][PASSED] - Object 'Object Repository/RAD_Pages/Summary_Page/button_Continue_Summary' is clickable

2021-10-21 12:51:05 - [TEST_STEP][PASSED] - delay(3): Delayed 3 second(s)

2021-10-21 12:51:08 - [MESSAGE][PASSED] - Delayed 3 second(s)

2021-10-21 12:51:08 - [TEST_STEP][PASSED] - click(findTestObject(orPath_Summary + "/button_Continue_Summary")): Object: 'Object Repository/RAD_Pages/Summary_Page/button_Continue_Summary' is clicked on

2021-10-21 12:51:09 - [MESSAGE][PASSED] - Object: 'Object Repository/RAD_Pages/Summary_Page/button_Continue_Summary' is clicked on

2021-10-21 12:51:09 - [TEST_STEP][PASSED] - delay(3): Delayed 3 second(s)

2021-10-21 12:51:12 - [MESSAGE][PASSED] - Delayed 3 second(s)

2021-10-21 12:51:12 - [TEST_STEP][PASSED] - click(findTestObject(orPath_PaymentReady + "/button_ProceedtoPayment")): Object: 'Object Repository/RAD_Pages/PaymentReady_Page/button_ProceedtoPayment' is clicked on

2021-10-21 12:51:14 - [MESSAGE][PASSED] - Object: 'Object Repository/RAD_Pages/PaymentReady_Page/button_ProceedtoPayment' is clicked on

2021-10-21 12:51:14 - [TEST_STEP][PASSED] - setText(findTestObject(orPath_PaymentEntry + "/input__cardNumber"), CCNumber): Text '4012000098765439' is set on object 'Object Repository/RAD_Pages/PaymentEntry_Page/input__cardNumber'

2021-10-21 12:51:14 - [MESSAGE][PASSED] - Text '4012000098765439' is set on object 'Object Repository/RAD_Pages/PaymentEntry_Page/input__cardNumber'

2021-10-21 12:51:14 - [TEST_STEP][PASSED] - setText(findTestObject(orPath_PaymentEntry + "/input__spc"), CVV): Text '123' is set on object 'Object Repository/RAD_Pages/PaymentEntry_Page/input__spc'

2021-10-21 12:51:15 - [MESSAGE][PASSED] - Text '123' is set on object 'Object Repository/RAD_Pages/PaymentEntry_Page/input__spc'

2021-10-21 12:51:15 - [TEST_STEP][PASSED] - selectOptionByLabel(findTestObject(orPath_PaymentEntry + "/select_MM"), "12", false): All options with label '12' are selected in object 'Object Repository/RAD_Pages/PaymentEntry_Page/select_MM' 

2021-10-21 12:51:16 - [MESSAGE][PASSED] - All options with label '12' are selected in object 'Object Repository/RAD_Pages/PaymentEntry_Page/select_MM' 

2021-10-21 12:51:16 - [TEST_STEP][PASSED] - selectOptionByLabel(findTestObject(orPath_PaymentEntry + "/select_YYYY"), "2023", false): All options with label '2023' are selected in object 'Object Repository/RAD_Pages/PaymentEntry_Page/select_YYYY' 

2021-10-21 12:51:16 - [MESSAGE][PASSED] - All options with label '2023' are selected in object 'Object Repository/RAD_Pages/PaymentEntry_Page/select_YYYY' 

2021-10-21 12:51:16 - [TEST_STEP][PASSED] - click(findTestObject(orPath_PaymentEntry + "/input_Field_ccSubmit")): Object: 'Object Repository/RAD_Pages/PaymentEntry_Page/input_Field_ccSubmit' is clicked on

2021-10-21 12:51:19 - [MESSAGE][PASSED] - Object: 'Object Repository/RAD_Pages/PaymentEntry_Page/input_Field_ccSubmit' is clicked on

2021-10-21 12:51:19 - [TEST_STEP][PASSED] - click(findTestObject(orPath_PaymentConfirmation + "/input_N_confirmNotifyAction")): Object: 'Object Repository/RAD_Pages/PaymentConfirmation_Page/input_N_confirmNotifyAction' is clicked on

2021-10-21 12:51:20 - [MESSAGE][PASSED] - Object: 'Object Repository/RAD_Pages/PaymentConfirmation_Page/input_N_confirmNotifyAction' is clicked on

2021-10-21 12:51:20 - [TEST_STEP][PASSED] - click(findTestObject(orPath_ServiceFeesAccept + "/input_convFeeNotifyAction")): Object: 'Object Repository/RAD_Pages/ServiceFeeAccept_Page/input_convFeeNotifyAction' is clicked on

2021-10-21 12:51:21 - [MESSAGE][PASSED] - Object: 'Object Repository/RAD_Pages/ServiceFeeAccept_Page/input_convFeeNotifyAction' is clicked on

2021-10-21 12:51:21 - [TEST_STEP][PASSED] - delay(10): Delayed 10 second(s)

2021-10-21 12:51:31 - [MESSAGE][PASSED] - Delayed 10 second(s)

2021-10-21 12:51:31 - [TEST_STEP][PASSED] - verifyTextPresent("Successful Payment Receipt", true): Text 'Successful Payment Receipt' is present on page  using regular expression

2021-10-21 12:51:32 - [MESSAGE][PASSED] - Text 'Successful Payment Receipt' is present on page  using regular expression

2021-10-21 12:51:32 - [TEST_STEP][PASSED] - if (verifyTextPresent("Successful Payment Receipt", true)): null

2021-10-21 12:51:32 - [MESSAGE][PASSED] - Text 'Successful Payment Receipt' is present on page  using regular expression

2021-10-21 12:51:32 - [TEST_STEP][PASSED] - println("Transaction was Successful"): null

2021-10-21 12:51:32 - [TEST_STEP][PASSED] - out.println("Pass Record Number: " + row): null

2021-10-21 12:51:32 - [TEST_STEP][PASSED] - resText = "Pass": null

2021-10-21 12:51:32 - [TEST_STEP][PASSED] - pages.WriteExcel.demoKey(resText, datText, resColumn, datCloumn, fileLoc, nameSheet, row): pages.WriteExcel.demoKey is PASSED

2021-10-21 12:51:32 - [MESSAGE][PASSED] - pages.WriteExcel.demoKey is PASSED

2021-10-21 12:51:32 - [TEST_STEP][PASSED] - ExecuteTC = findTestData(dataFile).getValue("Execute", row): null

2021-10-21 12:51:32 - [TEST_STEP][PASSED] - PaymentType = findTestData(dataFile).getValue("PaymentType", row): null

2021-10-21 12:51:32 - [TEST_STEP][PASSED] - FilingYear = findTestData(dataFile).getValue("FilingYear", row): null

2021-10-21 12:51:32 - [TEST_STEP][PASSED] - PeriodEnding = findTestData(dataFile).getValue("PeriodEnding", row): null

2021-10-21 12:51:32 - [TEST_STEP][PASSED] - FName = findTestData(dataFile).getValue("Fname", row): null

2021-10-21 12:51:32 - [TEST_STEP][PASSED] - LName = findTestData(dataFile).getValue("Lname", row): null

2021-10-21 12:51:32 - [TEST_STEP][PASSED] - SSN = findTestData(dataFile).getValue("SSN", row): null

2021-10-21 12:51:32 - [TEST_STEP][PASSED] - BusName = findTestData(dataFile).getValue("BusName", row): null

2021-10-21 12:51:32 - [TEST_STEP][PASSED] - AL1 = findTestData(dataFile).getValue("AL1", row): null

2021-10-21 12:51:32 - [TEST_STEP][PASSED] - City = findTestData(dataFile).getValue("City", row): null

2021-10-21 12:51:32 - [TEST_STEP][PASSED] - ZIP = findTestData(dataFile).getValue("ZIP", row): null

2021-10-21 12:51:32 - [TEST_STEP][PASSED] - FilingType = findTestData(dataFile).getValue("FilingType", row): null

2021-10-21 12:51:32 - [TEST_STEP][PASSED] - Withholding = findTestData(dataFile).getValue("Withholding", row): null

2021-10-21 12:51:32 - [TEST_STEP][PASSED] - Amount = findTestData(dataFile).getValue("Amount", row): null

2021-10-21 12:51:32 - [TEST_STEP][PASSED] - CCNumber = findTestData(dataFile).getValue("CCNumber", row): null

2021-10-21 12:51:32 - [TEST_STEP][PASSED] - CVV = findTestData(dataFile).getValue("CVV", row): null

2021-10-21 12:51:33 - [TEST_STEP][PASSED] - out.println("Value of Execute is : " + ExecuteTC): null

2021-10-21 12:51:33 - [TEST_STEP][PASSED] - if (ExecuteTC.equalsIgnoreCase("Y")): null

2021-10-21 12:51:33 - [TEST_STEP][PASSED] - ExecuteTC = findTestData(dataFile).getValue("Execute", row): null

2021-10-21 12:51:33 - [TEST_STEP][PASSED] - PaymentType = findTestData(dataFile).getValue("PaymentType", row): null

2021-10-21 12:51:33 - [TEST_STEP][PASSED] - FilingYear = findTestData(dataFile).getValue("FilingYear", row): null

2021-10-21 12:51:33 - [TEST_STEP][PASSED] - PeriodEnding = findTestData(dataFile).getValue("PeriodEnding", row): null

2021-10-21 12:51:33 - [TEST_STEP][PASSED] - FName = findTestData(dataFile).getValue("Fname", row): null

2021-10-21 12:51:33 - [TEST_STEP][PASSED] - LName = findTestData(dataFile).getValue("Lname", row): null

2021-10-21 12:51:33 - [TEST_STEP][PASSED] - SSN = findTestData(dataFile).getValue("SSN", row): null

2021-10-21 12:51:33 - [TEST_STEP][PASSED] - BusName = findTestData(dataFile).getValue("BusName", row): null

2021-10-21 12:51:33 - [TEST_STEP][PASSED] - AL1 = findTestData(dataFile).getValue("AL1", row): null

2021-10-21 12:51:33 - [TEST_STEP][PASSED] - City = findTestData(dataFile).getValue("City", row): null

2021-10-21 12:51:33 - [TEST_STEP][PASSED] - ZIP = findTestData(dataFile).getValue("ZIP", row): null

2021-10-21 12:51:33 - [TEST_STEP][PASSED] - FilingType = findTestData(dataFile).getValue("FilingType", row): null

2021-10-21 12:51:33 - [TEST_STEP][PASSED] - Withholding = findTestData(dataFile).getValue("Withholding", row): null

2021-10-21 12:51:33 - [TEST_STEP][PASSED] - Amount = findTestData(dataFile).getValue("Amount", row): null

2021-10-21 12:51:33 - [TEST_STEP][PASSED] - CCNumber = findTestData(dataFile).getValue("CCNumber", row): null

2021-10-21 12:51:33 - [TEST_STEP][PASSED] - CVV = findTestData(dataFile).getValue("CVV", row): null

2021-10-21 12:51:33 - [TEST_STEP][PASSED] - out.println("Value of Execute is : " + ExecuteTC): null

2021-10-21 12:51:33 - [TEST_STEP][PASSED] - if (ExecuteTC.equalsIgnoreCase("Y")): null

2021-10-21 12:51:33 - [TEST_STEP][PASSED] - ExecuteTC = findTestData(dataFile).getValue("Execute", row): null

2021-10-21 12:51:33 - [TEST_STEP][PASSED] - PaymentType = findTestData(dataFile).getValue("PaymentType", row): null

2021-10-21 12:51:33 - [TEST_STEP][PASSED] - FilingYear = findTestData(dataFile).getValue("FilingYear", row): null

2021-10-21 12:51:33 - [TEST_STEP][PASSED] - PeriodEnding = findTestData(dataFile).getValue("PeriodEnding", row): null

2021-10-21 12:51:33 - [TEST_STEP][PASSED] - FName = findTestData(dataFile).getValue("Fname", row): null

2021-10-21 12:51:33 - [TEST_STEP][PASSED] - LName = findTestData(dataFile).getValue("Lname", row): null

2021-10-21 12:51:33 - [TEST_STEP][PASSED] - SSN = findTestData(dataFile).getValue("SSN", row): null

2021-10-21 12:51:33 - [TEST_STEP][PASSED] - BusName = findTestData(dataFile).getValue("BusName", row): null

2021-10-21 12:51:33 - [TEST_STEP][PASSED] - AL1 = findTestData(dataFile).getValue("AL1", row): null

2021-10-21 12:51:33 - [TEST_STEP][PASSED] - City = findTestData(dataFile).getValue("City", row): null

2021-10-21 12:51:33 - [TEST_STEP][PASSED] - ZIP = findTestData(dataFile).getValue("ZIP", row): null

2021-10-21 12:51:33 - [TEST_STEP][PASSED] - FilingType = findTestData(dataFile).getValue("FilingType", row): null

2021-10-21 12:51:33 - [TEST_STEP][PASSED] - Withholding = findTestData(dataFile).getValue("Withholding", row): null

2021-10-21 12:51:33 - [TEST_STEP][PASSED] - Amount = findTestData(dataFile).getValue("Amount", row): null

2021-10-21 12:51:33 - [TEST_STEP][PASSED] - CCNumber = findTestData(dataFile).getValue("CCNumber", row): null

2021-10-21 12:51:33 - [TEST_STEP][PASSED] - CVV = findTestData(dataFile).getValue("CVV", row): null

2021-10-21 12:51:34 - [TEST_STEP][PASSED] - out.println("Value of Execute is : " + ExecuteTC): null

2021-10-21 12:51:34 - [TEST_STEP][PASSED] - if (ExecuteTC.equalsIgnoreCase("Y")): null

2021-10-21 12:51:34 - [TEST_STEP][PASSED] - out.println("Begin Record Number: " + row): null

2021-10-21 12:51:34 - [TEST_STEP][PASSED] - today = new java.util.Date(): null

2021-10-21 12:51:34 - [TEST_STEP][PASSED] - println(today): null

2021-10-21 12:51:34 - [TEST_STEP][PASSED] - datText = today: null

2021-10-21 12:51:34 - [TEST_STEP][PASSED] - Taxtype = findTestData(dataFile).getValue("TaxType", row): null

2021-10-21 12:51:34 - [TEST_STEP][PASSED] - out.println("Taxtype value is : " + Taxtype): null

2021-10-21 12:51:34 - [TEST_STEP][PASSED] - openBrowser(""): Browser is opened with url: ''

2021-10-21 12:51:34 - [MESSAGE][WARNING] - A browser is already opened. Closing browser and opening a new one

2021-10-21 12:51:34 - [MESSAGE][INFO] - Starting 'Chrome' driver

2021-10-21 12:51:34 - [MESSAGE][INFO] - User set preference: ['acceptInsecureCerts', 'true']

2021-10-21 12:51:34 - [MESSAGE][INFO] - Action delay is set to 0 milliseconds

2021-10-21 12:51:36 - [MESSAGE][PASSED] - Browser is opened with url: ''

2021-10-21 12:51:36 - [TEST_STEP][PASSED] - maximizeWindow(): Current window maximized

2021-10-21 12:51:36 - [MESSAGE][PASSED] - Current window maximized

2021-10-21 12:51:36 - [TEST_STEP][PASSED] - navigateToUrl(RADurl): Navigate to 'https://demo.velocitypayment.com/client/rad/index.html' successfully

2021-10-21 12:51:37 - [MESSAGE][PASSED] - Navigate to 'https://demo.velocitypayment.com/client/rad/index.html' successfully

2021-10-21 12:51:37 - [TEST_STEP][PASSED] - orPath_Landing = "Object Repository/RAD_Pages/Landing_Page": null

2021-10-21 12:51:37 - [TEST_STEP][PASSED] - orPath_TaxTypeFilingYear = "Object Repository/RAD_Pages/TaxTypeFilingYear_Page": null

2021-10-21 12:51:37 - [TEST_STEP][PASSED] - orPath_TaxPayer = "Object Repository/RAD_Pages/Taxpayer_Page": null

2021-10-21 12:51:37 - [TEST_STEP][PASSED] - orPath_AddressContact = "Object Repository/RAD_Pages/AddressAndContactInfo_Page": null

2021-10-21 12:51:37 - [TEST_STEP][PASSED] - orPath_FilingStatus = "Object Repository/RAD_Pages/FilingStatus_Page": null

2021-10-21 12:51:37 - [TEST_STEP][PASSED] - orPath_Amount = "Object Repository/RAD_Pages/PaymentAmount_Page": null

2021-10-21 12:51:37 - [TEST_STEP][PASSED] - orPath_TaxInfo = "Object Repository/RAD_Pages/TaxInfo_Page": null

2021-10-21 12:51:37 - [TEST_STEP][PASSED] - orPath_Withholding = "Object Repository/RAD_Pages/Withholding_Page": null

2021-10-21 12:51:37 - [TEST_STEP][PASSED] - orPath_Summary = "Object Repository/RAD_Pages/Summary_Page": null

2021-10-21 12:51:37 - [TEST_STEP][PASSED] - orPath_PaymentReady = "Object Repository/RAD_Pages/PaymentReady_Page": null

2021-10-21 12:51:37 - [TEST_STEP][PASSED] - orPath_PaymentEntry = "Object Repository/RAD_Pages/PaymentEntry_Page": null

2021-10-21 12:51:37 - [TEST_STEP][PASSED] - orPath_PaymentConfirmation = "Object Repository/RAD_Pages/PaymentConfirmation_Page": null

2021-10-21 12:51:37 - [TEST_STEP][PASSED] - orPath_ServiceFeesAccept = "Object Repository/RAD_Pages/ServiceFeeAccept_Page": null

2021-10-21 12:51:37 - [TEST_STEP][PASSED] - selectOptionByLabel(findTestObject(orPath_Landing + "/dd_TaxType"), Taxtype, false): All options with label 'Estimated Tax' are selected in object 'Object Repository/RAD_Pages/Landing_Page/dd_TaxType' 

2021-10-21 12:51:38 - [MESSAGE][PASSED] - All options with label 'Estimated Tax' are selected in object 'Object Repository/RAD_Pages/Landing_Page/dd_TaxType' 

2021-10-21 12:51:38 - [TEST_STEP][PASSED] - delay(3): Delayed 3 second(s)

2021-10-21 12:51:41 - [MESSAGE][PASSED] - Delayed 3 second(s)

2021-10-21 12:51:41 - [TEST_STEP][PASSED] - switch (Taxtype): null

2021-10-21 12:51:41 - [TEST_STEP][PASSED] - case "Estimated Tax":: null

2021-10-21 12:51:41 - [TEST_STEP][PASSED] - selectOptionByLabel(findTestObject(orPath_TaxTypeFilingYear + "/select_PaymentType"), PaymentType, false): All options with label 'Personal' are selected in object 'Object Repository/RAD_Pages/TaxTypeFilingYear_Page/select_PaymentType' 

2021-10-21 12:51:42 - [MESSAGE][PASSED] - All options with label 'Personal' are selected in object 'Object Repository/RAD_Pages/TaxTypeFilingYear_Page/select_PaymentType' 

2021-10-21 12:51:42 - [TEST_STEP][PASSED] - selectOptionByLabel(findTestObject(orPath_TaxTypeFilingYear + "/select_FilingYear"), FilingYear, false): All options with label '2022' are selected in object 'Object Repository/RAD_Pages/TaxTypeFilingYear_Page/select_FilingYear' 

2021-10-21 12:51:43 - [MESSAGE][PASSED] - All options with label '2022' are selected in object 'Object Repository/RAD_Pages/TaxTypeFilingYear_Page/select_FilingYear' 

2021-10-21 12:51:43 - [TEST_STEP][PASSED] - setText(findTestObject(orPath_TaxPayer + "/input_PSSN"), SSN): Text '123-44-0145' is set on object 'Object Repository/RAD_Pages/Taxpayer_Page/input_PSSN'

2021-10-21 12:51:43 - [MESSAGE][PASSED] - Text '123-44-0145' is set on object 'Object Repository/RAD_Pages/Taxpayer_Page/input_PSSN'

2021-10-21 12:51:43 - [TEST_STEP][PASSED] - setText(findTestObject(orPath_TaxPayer + "/input_reEnterPSSN"), SSN): Text '123-44-0145' is set on object 'Object Repository/RAD_Pages/Taxpayer_Page/input_reEnterPSSN'

2021-10-21 12:51:44 - [MESSAGE][PASSED] - Text '123-44-0145' is set on object 'Object Repository/RAD_Pages/Taxpayer_Page/input_reEnterPSSN'

2021-10-21 12:51:44 - [TEST_STEP][PASSED] - if (FilingType.equalsIgnoreCase("Y")): null

2021-10-21 12:51:44 - [TEST_STEP][PASSED] - else: Text '357-95-1852' is set on object 'Object Repository/RAD_Pages/FilingStatus_Page/input_reEnterjointSSN'

2021-10-21 12:51:44 - [TEST_STEP][PASSED] - scrollToElement(findTestObject(orPath_Amount + "/input__paymentAmount"), 3): Scroll to object 'Object Repository/RAD_Pages/PaymentAmount_Page/input__paymentAmount' successfully

2021-10-21 12:51:44 - [MESSAGE][PASSED] - Scroll to object 'Object Repository/RAD_Pages/PaymentAmount_Page/input__paymentAmount' successfully

2021-10-21 12:51:44 - [TEST_STEP][PASSED] - waitForElementClickable(findTestObject(orPath_FilingStatus + "/input_userType_Joint"), 5): Object 'Object Repository/RAD_Pages/FilingStatus_Page/input_userType_Joint' is clickable

2021-10-21 12:51:45 - [MESSAGE][PASSED] - Object 'Object Repository/RAD_Pages/FilingStatus_Page/input_userType_Joint' is clickable

2021-10-21 12:51:45 - [TEST_STEP][PASSED] - check(findTestObject(orPath_FilingStatus + "/input_userType_Joint")): Object 'Object Repository/RAD_Pages/FilingStatus_Page/input_userType_Joint' is checked

2021-10-21 12:51:45 - [MESSAGE][PASSED] - Object 'Object Repository/RAD_Pages/FilingStatus_Page/input_userType_Joint' is checked

2021-10-21 12:51:45 - [TEST_STEP][PASSED] - delay(3): Delayed 3 second(s)

2021-10-21 12:51:48 - [MESSAGE][PASSED] - Delayed 3 second(s)

2021-10-21 12:51:48 - [TEST_STEP][PASSED] - setText(findTestObject(orPath_FilingStatus + "/input_jointFirstName"), "Sam"): Text 'Sam' is set on object 'Object Repository/RAD_Pages/FilingStatus_Page/input_jointFirstName'

2021-10-21 12:51:49 - [MESSAGE][PASSED] - Text 'Sam' is set on object 'Object Repository/RAD_Pages/FilingStatus_Page/input_jointFirstName'

2021-10-21 12:51:49 - [TEST_STEP][PASSED] - setText(findTestObject(orPath_FilingStatus + "/input_jointLastName"), "Katrina"): Text 'Katrina' is set on object 'Object Repository/RAD_Pages/FilingStatus_Page/input_jointLastName'

2021-10-21 12:51:50 - [MESSAGE][PASSED] - Text 'Katrina' is set on object 'Object Repository/RAD_Pages/FilingStatus_Page/input_jointLastName'

2021-10-21 12:51:50 - [TEST_STEP][PASSED] - setText(findTestObject(orPath_FilingStatus + "/input_jointSSN"), "357-95-1852"): Text '357-95-1852' is set on object 'Object Repository/RAD_Pages/FilingStatus_Page/input_jointSSN'

2021-10-21 12:51:50 - [MESSAGE][PASSED] - Text '357-95-1852' is set on object 'Object Repository/RAD_Pages/FilingStatus_Page/input_jointSSN'

2021-10-21 12:51:50 - [TEST_STEP][PASSED] - setText(findTestObject(orPath_FilingStatus + "/input_reEnterjointSSN"), "357-95-1852"): Text '357-95-1852' is set on object 'Object Repository/RAD_Pages/FilingStatus_Page/input_reEnterjointSSN'

2021-10-21 12:51:51 - [MESSAGE][PASSED] - Text '357-95-1852' is set on object 'Object Repository/RAD_Pages/FilingStatus_Page/input_reEnterjointSSN'

2021-10-21 12:51:51 - [TEST_STEP][PASSED] - break: null

2021-10-21 12:51:51 - [TEST_STEP][PASSED] - setText(findTestObject(orPath_TaxPayer + "/input_firstName"), FName): Text 'Joshua' is set on object 'Object Repository/RAD_Pages/Taxpayer_Page/input_firstName'

2021-10-21 12:51:52 - [MESSAGE][PASSED] - Text 'Joshua' is set on object 'Object Repository/RAD_Pages/Taxpayer_Page/input_firstName'

2021-10-21 12:51:52 - [TEST_STEP][PASSED] - setText(findTestObject(orPath_TaxPayer + "/input_lastName"), LName): Text 'Cook' is set on object 'Object Repository/RAD_Pages/Taxpayer_Page/input_lastName'

2021-10-21 12:51:52 - [MESSAGE][PASSED] - Text 'Cook' is set on object 'Object Repository/RAD_Pages/Taxpayer_Page/input_lastName'

2021-10-21 12:51:52 - [TEST_STEP][PASSED] - selectOptionByLabel(findTestObject(orPath_AddressContact + "/select_Country"), "United States", false): All options with label 'United States' are selected in object 'Object Repository/RAD_Pages/AddressAndContactInfo_Page/select_Country' 

2021-10-21 12:51:53 - [MESSAGE][PASSED] - All options with label 'United States' are selected in object 'Object Repository/RAD_Pages/AddressAndContactInfo_Page/select_Country' 

2021-10-21 12:51:53 - [TEST_STEP][PASSED] - setText(findTestObject(orPath_AddressContact + "/input_streetAddress1"), AL1): Text '2311 York road' is set on object 'Object Repository/RAD_Pages/AddressAndContactInfo_Page/input_streetAddress1'

2021-10-21 12:51:54 - [MESSAGE][PASSED] - Text '2311 York road' is set on object 'Object Repository/RAD_Pages/AddressAndContactInfo_Page/input_streetAddress1'

2021-10-21 12:51:54 - [TEST_STEP][PASSED] - setText(findTestObject(orPath_AddressContact + "/input_streetAddress2"), ""): Text '' is set on object 'Object Repository/RAD_Pages/AddressAndContactInfo_Page/input_streetAddress2'

2021-10-21 12:51:55 - [MESSAGE][PASSED] - Text '' is set on object 'Object Repository/RAD_Pages/AddressAndContactInfo_Page/input_streetAddress2'

2021-10-21 12:51:55 - [TEST_STEP][PASSED] - setText(findTestObject(orPath_AddressContact + "/input_city"), City): Text 'Gambrills' is set on object 'Object Repository/RAD_Pages/AddressAndContactInfo_Page/input_city'

2021-10-21 12:51:55 - [MESSAGE][PASSED] - Text 'Gambrills' is set on object 'Object Repository/RAD_Pages/AddressAndContactInfo_Page/input_city'

2021-10-21 12:51:55 - [TEST_STEP][PASSED] - selectOptionByLabel(findTestObject(orPath_AddressContact + "/select_State"), "Maryland", false): All options with label 'Maryland' are selected in object 'Object Repository/RAD_Pages/AddressAndContactInfo_Page/select_State' 

2021-10-21 12:51:56 - [MESSAGE][PASSED] - All options with label 'Maryland' are selected in object 'Object Repository/RAD_Pages/AddressAndContactInfo_Page/select_State' 

2021-10-21 12:51:56 - [TEST_STEP][PASSED] - setText(findTestObject(orPath_AddressContact + "/input_zipCode"), ZIP): Text '21054' is set on object 'Object Repository/RAD_Pages/AddressAndContactInfo_Page/input_zipCode'

2021-10-21 12:51:57 - [MESSAGE][PASSED] - Text '21054' is set on object 'Object Repository/RAD_Pages/AddressAndContactInfo_Page/input_zipCode'

2021-10-21 12:51:57 - [TEST_STEP][PASSED] - setText(findTestObject(orPath_AddressContact + "/input_phoneNumber"), "(703) 894-5000"): Text '(703) 894-5000' is set on object 'Object Repository/RAD_Pages/AddressAndContactInfo_Page/input_phoneNumber'

2021-10-21 12:51:57 - [MESSAGE][PASSED] - Text '(703) 894-5000' is set on object 'Object Repository/RAD_Pages/AddressAndContactInfo_Page/input_phoneNumber'

2021-10-21 12:51:57 - [TEST_STEP][PASSED] - setText(findTestObject(orPath_AddressContact + "/input_eMailAddress"), "iahmed@govolution.com"): Text 'iahmed@govolution.com' is set on object 'Object Repository/RAD_Pages/AddressAndContactInfo_Page/input_eMailAddress'

2021-10-21 12:51:58 - [MESSAGE][PASSED] - Text 'iahmed@govolution.com' is set on object 'Object Repository/RAD_Pages/AddressAndContactInfo_Page/input_eMailAddress'

2021-10-21 12:51:58 - [TEST_STEP][PASSED] - setText(findTestObject(orPath_AddressContact + "/input_reEnterEMailAddress"), "iahmed@govolution.com"): Text 'iahmed@govolution.com' is set on object 'Object Repository/RAD_Pages/AddressAndContactInfo_Page/input_reEnterEMailAddress'

2021-10-21 12:51:59 - [MESSAGE][PASSED] - Text 'iahmed@govolution.com' is set on object 'Object Repository/RAD_Pages/AddressAndContactInfo_Page/input_reEnterEMailAddress'

2021-10-21 12:51:59 - [TEST_STEP][PASSED] - setText(findTestObject(orPath_Amount + "/input__paymentAmount"), Amount): Text '10.50' is set on object 'Object Repository/RAD_Pages/PaymentAmount_Page/input__paymentAmount'

2021-10-21 12:52:00 - [MESSAGE][PASSED] - Text '10.50' is set on object 'Object Repository/RAD_Pages/PaymentAmount_Page/input__paymentAmount'

2021-10-21 12:52:00 - [TEST_STEP][PASSED] - scrollToElement(findTestObject(orPath_Landing + "/button_Continue"), 3): Scroll to object 'Object Repository/RAD_Pages/Landing_Page/button_Continue' successfully

2021-10-21 12:52:00 - [MESSAGE][PASSED] - Scroll to object 'Object Repository/RAD_Pages/Landing_Page/button_Continue' successfully

2021-10-21 12:52:00 - [TEST_STEP][PASSED] - waitForElementClickable(findTestObject(orPath_Landing + "/button_Continue"), 5): Object 'Object Repository/RAD_Pages/Landing_Page/button_Continue' is clickable

2021-10-21 12:52:00 - [MESSAGE][PASSED] - Object 'Object Repository/RAD_Pages/Landing_Page/button_Continue' is clickable

2021-10-21 12:52:00 - [TEST_STEP][PASSED] - click(findTestObject(orPath_Landing + "/button_Continue")): Object: 'Object Repository/RAD_Pages/Landing_Page/button_Continue' is clicked on

2021-10-21 12:52:01 - [MESSAGE][PASSED] - Object: 'Object Repository/RAD_Pages/Landing_Page/button_Continue' is clicked on

2021-10-21 12:52:01 - [TEST_STEP][PASSED] - verifyTextPresent("Review the information below and make any necessary corrections by clicking the", true): Text 'Review the information below and make any necessary corrections by clicking the' is present on page  using regular expression

2021-10-21 12:52:02 - [MESSAGE][PASSED] - Text 'Review the information below and make any necessary corrections by clicking the' is present on page  using regular expression

2021-10-21 12:52:02 - [TEST_STEP][PASSED] - verifyTextPresent("When you are confident that all the information is correct", true): Text 'When you are confident that all the information is correct' is present on page  using regular expression

2021-10-21 12:52:02 - [MESSAGE][PASSED] - Text 'When you are confident that all the information is correct' is present on page  using regular expression

2021-10-21 12:52:02 - [TEST_STEP][PASSED] - scrollToElement(findTestObject(orPath_Summary + "/button_Continue_Summary"), 3): Scroll to object 'Object Repository/RAD_Pages/Summary_Page/button_Continue_Summary' successfully

2021-10-21 12:52:02 - [MESSAGE][PASSED] - Scroll to object 'Object Repository/RAD_Pages/Summary_Page/button_Continue_Summary' successfully

2021-10-21 12:52:02 - [TEST_STEP][PASSED] - waitForElementClickable(findTestObject(orPath_Summary + "/button_Continue_Summary"), 5): Object 'Object Repository/RAD_Pages/Summary_Page/button_Continue_Summary' is clickable

2021-10-21 12:52:03 - [MESSAGE][PASSED] - Object 'Object Repository/RAD_Pages/Summary_Page/button_Continue_Summary' is clickable

2021-10-21 12:52:03 - [TEST_STEP][PASSED] - delay(3): Delayed 3 second(s)

2021-10-21 12:52:06 - [MESSAGE][PASSED] - Delayed 3 second(s)

2021-10-21 12:52:06 - [TEST_STEP][PASSED] - click(findTestObject(orPath_Summary + "/button_Continue_Summary")): Object: 'Object Repository/RAD_Pages/Summary_Page/button_Continue_Summary' is clicked on

2021-10-21 12:52:06 - [MESSAGE][PASSED] - Object: 'Object Repository/RAD_Pages/Summary_Page/button_Continue_Summary' is clicked on

2021-10-21 12:52:06 - [TEST_STEP][PASSED] - delay(3): Delayed 3 second(s)

2021-10-21 12:52:09 - [MESSAGE][PASSED] - Delayed 3 second(s)

2021-10-21 12:52:09 - [TEST_STEP][PASSED] - click(findTestObject(orPath_PaymentReady + "/button_ProceedtoPayment")): Object: 'Object Repository/RAD_Pages/PaymentReady_Page/button_ProceedtoPayment' is clicked on

2021-10-21 12:52:10 - [MESSAGE][PASSED] - Object: 'Object Repository/RAD_Pages/PaymentReady_Page/button_ProceedtoPayment' is clicked on

2021-10-21 12:52:10 - [TEST_STEP][PASSED] - setText(findTestObject(orPath_PaymentEntry + "/input__cardNumber"), CCNumber): Text '5146312200000035' is set on object 'Object Repository/RAD_Pages/PaymentEntry_Page/input__cardNumber'

2021-10-21 12:52:11 - [MESSAGE][PASSED] - Text '5146312200000035' is set on object 'Object Repository/RAD_Pages/PaymentEntry_Page/input__cardNumber'

2021-10-21 12:52:11 - [TEST_STEP][PASSED] - setText(findTestObject(orPath_PaymentEntry + "/input__spc"), CVV): Text '123' is set on object 'Object Repository/RAD_Pages/PaymentEntry_Page/input__spc'

2021-10-21 12:52:12 - [MESSAGE][PASSED] - Text '123' is set on object 'Object Repository/RAD_Pages/PaymentEntry_Page/input__spc'

2021-10-21 12:52:12 - [TEST_STEP][PASSED] - selectOptionByLabel(findTestObject(orPath_PaymentEntry + "/select_MM"), "12", false): All options with label '12' are selected in object 'Object Repository/RAD_Pages/PaymentEntry_Page/select_MM' 

2021-10-21 12:52:13 - [MESSAGE][PASSED] - All options with label '12' are selected in object 'Object Repository/RAD_Pages/PaymentEntry_Page/select_MM' 

2021-10-21 12:52:13 - [TEST_STEP][PASSED] - selectOptionByLabel(findTestObject(orPath_PaymentEntry + "/select_YYYY"), "2023", false): All options with label '2023' are selected in object 'Object Repository/RAD_Pages/PaymentEntry_Page/select_YYYY' 

2021-10-21 12:52:13 - [MESSAGE][PASSED] - All options with label '2023' are selected in object 'Object Repository/RAD_Pages/PaymentEntry_Page/select_YYYY' 

2021-10-21 12:52:13 - [TEST_STEP][PASSED] - click(findTestObject(orPath_PaymentEntry + "/input_Field_ccSubmit")): Object: 'Object Repository/RAD_Pages/PaymentEntry_Page/input_Field_ccSubmit' is clicked on

2021-10-21 12:52:14 - [MESSAGE][PASSED] - Object: 'Object Repository/RAD_Pages/PaymentEntry_Page/input_Field_ccSubmit' is clicked on

2021-10-21 12:52:14 - [TEST_STEP][PASSED] - click(findTestObject(orPath_PaymentConfirmation + "/input_N_confirmNotifyAction")): Object: 'Object Repository/RAD_Pages/PaymentConfirmation_Page/input_N_confirmNotifyAction' is clicked on

2021-10-21 12:52:15 - [MESSAGE][PASSED] - Object: 'Object Repository/RAD_Pages/PaymentConfirmation_Page/input_N_confirmNotifyAction' is clicked on

2021-10-21 12:52:15 - [TEST_STEP][PASSED] - click(findTestObject(orPath_ServiceFeesAccept + "/input_convFeeNotifyAction")): Object: 'Object Repository/RAD_Pages/ServiceFeeAccept_Page/input_convFeeNotifyAction' is clicked on

2021-10-21 12:52:16 - [MESSAGE][PASSED] - Object: 'Object Repository/RAD_Pages/ServiceFeeAccept_Page/input_convFeeNotifyAction' is clicked on

2021-10-21 12:52:16 - [TEST_STEP][PASSED] - delay(10): Delayed 10 second(s)

2021-10-21 12:52:26 - [MESSAGE][PASSED] - Delayed 10 second(s)

2021-10-21 12:52:26 - [TEST_STEP][PASSED] - verifyTextPresent("Successful Payment Receipt", true): Text 'Successful Payment Receipt' is present on page  using regular expression

2021-10-21 12:52:27 - [MESSAGE][PASSED] - Text 'Successful Payment Receipt' is present on page  using regular expression

2021-10-21 12:52:27 - [TEST_STEP][PASSED] - if (verifyTextPresent("Successful Payment Receipt", true)): null

2021-10-21 12:52:27 - [MESSAGE][PASSED] - Text 'Successful Payment Receipt' is present on page  using regular expression

2021-10-21 12:52:27 - [TEST_STEP][PASSED] - println("Transaction was Successful"): null

2021-10-21 12:52:27 - [TEST_STEP][PASSED] - out.println("Pass Record Number: " + row): null

2021-10-21 12:52:27 - [TEST_STEP][PASSED] - resText = "Pass": null

2021-10-21 12:52:27 - [TEST_STEP][PASSED] - pages.WriteExcel.demoKey(resText, datText, resColumn, datCloumn, fileLoc, nameSheet, row): pages.WriteExcel.demoKey is PASSED

2021-10-21 12:52:27 - [MESSAGE][PASSED] - pages.WriteExcel.demoKey is PASSED

2021-10-21 12:52:27 - [TEST_STEP][PASSED] - ExecuteTC = findTestData(dataFile).getValue("Execute", row): null

2021-10-21 12:52:27 - [TEST_STEP][PASSED] - PaymentType = findTestData(dataFile).getValue("PaymentType", row): null

2021-10-21 12:52:27 - [TEST_STEP][PASSED] - FilingYear = findTestData(dataFile).getValue("FilingYear", row): null

2021-10-21 12:52:27 - [TEST_STEP][PASSED] - PeriodEnding = findTestData(dataFile).getValue("PeriodEnding", row): null

2021-10-21 12:52:27 - [TEST_STEP][PASSED] - FName = findTestData(dataFile).getValue("Fname", row): null

2021-10-21 12:52:27 - [TEST_STEP][PASSED] - LName = findTestData(dataFile).getValue("Lname", row): null

2021-10-21 12:52:27 - [TEST_STEP][PASSED] - SSN = findTestData(dataFile).getValue("SSN", row): null

2021-10-21 12:52:27 - [TEST_STEP][PASSED] - BusName = findTestData(dataFile).getValue("BusName", row): null

2021-10-21 12:52:27 - [TEST_STEP][PASSED] - AL1 = findTestData(dataFile).getValue("AL1", row): null

2021-10-21 12:52:27 - [TEST_STEP][PASSED] - City = findTestData(dataFile).getValue("City", row): null

2021-10-21 12:52:27 - [TEST_STEP][PASSED] - ZIP = findTestData(dataFile).getValue("ZIP", row): null

2021-10-21 12:52:27 - [TEST_STEP][PASSED] - FilingType = findTestData(dataFile).getValue("FilingType", row): null

2021-10-21 12:52:27 - [TEST_STEP][PASSED] - Withholding = findTestData(dataFile).getValue("Withholding", row): null

2021-10-21 12:52:27 - [TEST_STEP][PASSED] - Amount = findTestData(dataFile).getValue("Amount", row): null

2021-10-21 12:52:28 - [TEST_STEP][PASSED] - CCNumber = findTestData(dataFile).getValue("CCNumber", row): null

2021-10-21 12:52:28 - [TEST_STEP][PASSED] - CVV = findTestData(dataFile).getValue("CVV", row): null

2021-10-21 12:52:28 - [TEST_STEP][PASSED] - out.println("Value of Execute is : " + ExecuteTC): null

2021-10-21 12:52:28 - [TEST_STEP][PASSED] - if (ExecuteTC.equalsIgnoreCase("Y")): null

2021-10-21 12:52:28 - [TEST_STEP][PASSED] - out.println("Begin Record Number: " + row): null

2021-10-21 12:52:28 - [TEST_STEP][PASSED] - today = new java.util.Date(): null

2021-10-21 12:52:28 - [TEST_STEP][PASSED] - println(today): null

2021-10-21 12:52:28 - [TEST_STEP][PASSED] - datText = today: null

2021-10-21 12:52:28 - [TEST_STEP][PASSED] - Taxtype = findTestData(dataFile).getValue("TaxType", row): null

2021-10-21 12:52:28 - [TEST_STEP][PASSED] - out.println("Taxtype value is : " + Taxtype): null

2021-10-21 12:52:28 - [TEST_STEP][PASSED] - openBrowser(""): Browser is opened with url: ''

2021-10-21 12:52:28 - [MESSAGE][WARNING] - A browser is already opened. Closing browser and opening a new one

2021-10-21 12:52:28 - [MESSAGE][INFO] - Starting 'Chrome' driver

2021-10-21 12:52:28 - [MESSAGE][INFO] - User set preference: ['acceptInsecureCerts', 'true']

2021-10-21 12:52:28 - [MESSAGE][INFO] - Action delay is set to 0 milliseconds

2021-10-21 12:52:30 - [MESSAGE][PASSED] - Browser is opened with url: ''

2021-10-21 12:52:30 - [TEST_STEP][PASSED] - maximizeWindow(): Current window maximized

2021-10-21 12:52:30 - [MESSAGE][PASSED] - Current window maximized

2021-10-21 12:52:30 - [TEST_STEP][PASSED] - navigateToUrl(RADurl): Navigate to 'https://demo.velocitypayment.com/client/rad/index.html' successfully

2021-10-21 12:52:32 - [MESSAGE][PASSED] - Navigate to 'https://demo.velocitypayment.com/client/rad/index.html' successfully

2021-10-21 12:52:32 - [TEST_STEP][PASSED] - orPath_Landing = "Object Repository/RAD_Pages/Landing_Page": null

2021-10-21 12:52:32 - [TEST_STEP][PASSED] - orPath_TaxTypeFilingYear = "Object Repository/RAD_Pages/TaxTypeFilingYear_Page": null

2021-10-21 12:52:32 - [TEST_STEP][PASSED] - orPath_TaxPayer = "Object Repository/RAD_Pages/Taxpayer_Page": null

2021-10-21 12:52:32 - [TEST_STEP][PASSED] - orPath_AddressContact = "Object Repository/RAD_Pages/AddressAndContactInfo_Page": null

2021-10-21 12:52:32 - [TEST_STEP][PASSED] - orPath_FilingStatus = "Object Repository/RAD_Pages/FilingStatus_Page": null

2021-10-21 12:52:32 - [TEST_STEP][PASSED] - orPath_Amount = "Object Repository/RAD_Pages/PaymentAmount_Page": null

2021-10-21 12:52:32 - [TEST_STEP][PASSED] - orPath_TaxInfo = "Object Repository/RAD_Pages/TaxInfo_Page": null

2021-10-21 12:52:32 - [TEST_STEP][PASSED] - orPath_Withholding = "Object Repository/RAD_Pages/Withholding_Page": null

2021-10-21 12:52:32 - [TEST_STEP][PASSED] - orPath_Summary = "Object Repository/RAD_Pages/Summary_Page": null

2021-10-21 12:52:32 - [TEST_STEP][PASSED] - orPath_PaymentReady = "Object Repository/RAD_Pages/PaymentReady_Page": null

2021-10-21 12:52:32 - [TEST_STEP][PASSED] - orPath_PaymentEntry = "Object Repository/RAD_Pages/PaymentEntry_Page": null

2021-10-21 12:52:32 - [TEST_STEP][PASSED] - orPath_PaymentConfirmation = "Object Repository/RAD_Pages/PaymentConfirmation_Page": null

2021-10-21 12:52:32 - [TEST_STEP][PASSED] - orPath_ServiceFeesAccept = "Object Repository/RAD_Pages/ServiceFeeAccept_Page": null

2021-10-21 12:52:32 - [TEST_STEP][PASSED] - selectOptionByLabel(findTestObject(orPath_Landing + "/dd_TaxType"), Taxtype, false): All options with label 'Personal Income Tax' are selected in object 'Object Repository/RAD_Pages/Landing_Page/dd_TaxType' 

2021-10-21 12:52:33 - [MESSAGE][PASSED] - All options with label 'Personal Income Tax' are selected in object 'Object Repository/RAD_Pages/Landing_Page/dd_TaxType' 

2021-10-21 12:52:33 - [TEST_STEP][PASSED] - delay(3): Delayed 3 second(s)

2021-10-21 12:52:36 - [MESSAGE][PASSED] - Delayed 3 second(s)

2021-10-21 12:52:36 - [TEST_STEP][PASSED] - switch (Taxtype): null

2021-10-21 12:52:36 - [TEST_STEP][PASSED] - case "Personal Income Tax":: null

2021-10-21 12:52:36 - [TEST_STEP][PASSED] - selectOptionByLabel(findTestObject(orPath_TaxTypeFilingYear + "/select_FilingYear"), FilingYear, false): All options with label '2022' are selected in object 'Object Repository/RAD_Pages/TaxTypeFilingYear_Page/select_FilingYear' 

2021-10-21 12:52:36 - [MESSAGE][PASSED] - All options with label '2022' are selected in object 'Object Repository/RAD_Pages/TaxTypeFilingYear_Page/select_FilingYear' 

2021-10-21 12:52:36 - [TEST_STEP][PASSED] - setText(findTestObject(orPath_TaxPayer + "/input_PSSN"), SSN): Text '123-44-9630' is set on object 'Object Repository/RAD_Pages/Taxpayer_Page/input_PSSN'

2021-10-21 12:52:37 - [MESSAGE][PASSED] - Text '123-44-9630' is set on object 'Object Repository/RAD_Pages/Taxpayer_Page/input_PSSN'

2021-10-21 12:52:37 - [TEST_STEP][PASSED] - setText(findTestObject(orPath_TaxPayer + "/input_reEnterPSSN"), SSN): Text '123-44-9630' is set on object 'Object Repository/RAD_Pages/Taxpayer_Page/input_reEnterPSSN'

2021-10-21 12:52:38 - [MESSAGE][PASSED] - Text '123-44-9630' is set on object 'Object Repository/RAD_Pages/Taxpayer_Page/input_reEnterPSSN'

2021-10-21 12:52:38 - [TEST_STEP][PASSED] - if (FilingType.equalsIgnoreCase("Y")): null

2021-10-21 12:52:38 - [TEST_STEP][PASSED] - else: Text '357-95-1852' is set on object 'Object Repository/RAD_Pages/FilingStatus_Page/input_reEnterjointSSN'

2021-10-21 12:52:38 - [TEST_STEP][PASSED] - scrollToElement(findTestObject(orPath_Amount + "/input__paymentAmount"), 3): Scroll to object 'Object Repository/RAD_Pages/PaymentAmount_Page/input__paymentAmount' successfully

2021-10-21 12:52:38 - [MESSAGE][PASSED] - Scroll to object 'Object Repository/RAD_Pages/PaymentAmount_Page/input__paymentAmount' successfully

2021-10-21 12:52:38 - [TEST_STEP][PASSED] - waitForElementClickable(findTestObject(orPath_FilingStatus + "/input_userType_Joint"), 5): Object 'Object Repository/RAD_Pages/FilingStatus_Page/input_userType_Joint' is clickable

2021-10-21 12:52:38 - [MESSAGE][PASSED] - Object 'Object Repository/RAD_Pages/FilingStatus_Page/input_userType_Joint' is clickable

2021-10-21 12:52:38 - [TEST_STEP][PASSED] - check(findTestObject(orPath_FilingStatus + "/input_userType_Joint")): Object 'Object Repository/RAD_Pages/FilingStatus_Page/input_userType_Joint' is checked

2021-10-21 12:52:39 - [MESSAGE][PASSED] - Object 'Object Repository/RAD_Pages/FilingStatus_Page/input_userType_Joint' is checked

2021-10-21 12:52:39 - [TEST_STEP][PASSED] - delay(3): Delayed 3 second(s)

2021-10-21 12:52:42 - [MESSAGE][PASSED] - Delayed 3 second(s)

2021-10-21 12:52:42 - [TEST_STEP][PASSED] - setText(findTestObject(orPath_FilingStatus + "/input_jointFirstName"), "Sam"): Text 'Sam' is set on object 'Object Repository/RAD_Pages/FilingStatus_Page/input_jointFirstName'

2021-10-21 12:52:42 - [MESSAGE][PASSED] - Text 'Sam' is set on object 'Object Repository/RAD_Pages/FilingStatus_Page/input_jointFirstName'

2021-10-21 12:52:42 - [TEST_STEP][PASSED] - setText(findTestObject(orPath_FilingStatus + "/input_jointLastName"), "Katrina"): Text 'Katrina' is set on object 'Object Repository/RAD_Pages/FilingStatus_Page/input_jointLastName'

2021-10-21 12:52:43 - [MESSAGE][PASSED] - Text 'Katrina' is set on object 'Object Repository/RAD_Pages/FilingStatus_Page/input_jointLastName'

2021-10-21 12:52:43 - [TEST_STEP][PASSED] - setText(findTestObject(orPath_FilingStatus + "/input_jointSSN"), "357-95-1852"): Text '357-95-1852' is set on object 'Object Repository/RAD_Pages/FilingStatus_Page/input_jointSSN'

2021-10-21 12:52:44 - [MESSAGE][PASSED] - Text '357-95-1852' is set on object 'Object Repository/RAD_Pages/FilingStatus_Page/input_jointSSN'

2021-10-21 12:52:44 - [TEST_STEP][PASSED] - setText(findTestObject(orPath_FilingStatus + "/input_reEnterjointSSN"), "357-95-1852"): Text '357-95-1852' is set on object 'Object Repository/RAD_Pages/FilingStatus_Page/input_reEnterjointSSN'

2021-10-21 12:52:45 - [MESSAGE][PASSED] - Text '357-95-1852' is set on object 'Object Repository/RAD_Pages/FilingStatus_Page/input_reEnterjointSSN'

2021-10-21 12:52:45 - [TEST_STEP][PASSED] - break: null

2021-10-21 12:52:45 - [TEST_STEP][PASSED] - setText(findTestObject(orPath_TaxPayer + "/input_firstName"), FName): Text 'Robin' is set on object 'Object Repository/RAD_Pages/Taxpayer_Page/input_firstName'

2021-10-21 12:52:45 - [MESSAGE][PASSED] - Text 'Robin' is set on object 'Object Repository/RAD_Pages/Taxpayer_Page/input_firstName'

2021-10-21 12:52:45 - [TEST_STEP][PASSED] - setText(findTestObject(orPath_TaxPayer + "/input_lastName"), LName): Text 'Bell' is set on object 'Object Repository/RAD_Pages/Taxpayer_Page/input_lastName'

2021-10-21 12:52:46 - [MESSAGE][PASSED] - Text 'Bell' is set on object 'Object Repository/RAD_Pages/Taxpayer_Page/input_lastName'

2021-10-21 12:52:46 - [TEST_STEP][PASSED] - selectOptionByLabel(findTestObject(orPath_AddressContact + "/select_Country"), "United States", false): All options with label 'United States' are selected in object 'Object Repository/RAD_Pages/AddressAndContactInfo_Page/select_Country' 

2021-10-21 12:52:47 - [MESSAGE][PASSED] - All options with label 'United States' are selected in object 'Object Repository/RAD_Pages/AddressAndContactInfo_Page/select_Country' 

2021-10-21 12:52:47 - [TEST_STEP][PASSED] - setText(findTestObject(orPath_AddressContact + "/input_streetAddress1"), AL1): Text '25 Moan Road' is set on object 'Object Repository/RAD_Pages/AddressAndContactInfo_Page/input_streetAddress1'

2021-10-21 12:52:48 - [MESSAGE][PASSED] - Text '25 Moan Road' is set on object 'Object Repository/RAD_Pages/AddressAndContactInfo_Page/input_streetAddress1'

2021-10-21 12:52:48 - [TEST_STEP][PASSED] - setText(findTestObject(orPath_AddressContact + "/input_streetAddress2"), ""): Text '' is set on object 'Object Repository/RAD_Pages/AddressAndContactInfo_Page/input_streetAddress2'

2021-10-21 12:52:48 - [MESSAGE][PASSED] - Text '' is set on object 'Object Repository/RAD_Pages/AddressAndContactInfo_Page/input_streetAddress2'

2021-10-21 12:52:48 - [TEST_STEP][PASSED] - setText(findTestObject(orPath_AddressContact + "/input_city"), City): Text 'Severn' is set on object 'Object Repository/RAD_Pages/AddressAndContactInfo_Page/input_city'

2021-10-21 12:52:49 - [MESSAGE][PASSED] - Text 'Severn' is set on object 'Object Repository/RAD_Pages/AddressAndContactInfo_Page/input_city'

2021-10-21 12:52:49 - [TEST_STEP][PASSED] - selectOptionByLabel(findTestObject(orPath_AddressContact + "/select_State"), "Maryland", false): All options with label 'Maryland' are selected in object 'Object Repository/RAD_Pages/AddressAndContactInfo_Page/select_State' 

2021-10-21 12:52:50 - [MESSAGE][PASSED] - All options with label 'Maryland' are selected in object 'Object Repository/RAD_Pages/AddressAndContactInfo_Page/select_State' 

2021-10-21 12:52:50 - [TEST_STEP][PASSED] - setText(findTestObject(orPath_AddressContact + "/input_zipCode"), ZIP): Text '21114' is set on object 'Object Repository/RAD_Pages/AddressAndContactInfo_Page/input_zipCode'

2021-10-21 12:52:50 - [MESSAGE][PASSED] - Text '21114' is set on object 'Object Repository/RAD_Pages/AddressAndContactInfo_Page/input_zipCode'

2021-10-21 12:52:50 - [TEST_STEP][PASSED] - setText(findTestObject(orPath_AddressContact + "/input_phoneNumber"), "(703) 894-5000"): Text '(703) 894-5000' is set on object 'Object Repository/RAD_Pages/AddressAndContactInfo_Page/input_phoneNumber'

2021-10-21 12:52:51 - [MESSAGE][PASSED] - Text '(703) 894-5000' is set on object 'Object Repository/RAD_Pages/AddressAndContactInfo_Page/input_phoneNumber'

2021-10-21 12:52:51 - [TEST_STEP][PASSED] - setText(findTestObject(orPath_AddressContact + "/input_eMailAddress"), "iahmed@govolution.com"): Text 'iahmed@govolution.com' is set on object 'Object Repository/RAD_Pages/AddressAndContactInfo_Page/input_eMailAddress'

2021-10-21 12:52:52 - [MESSAGE][PASSED] - Text 'iahmed@govolution.com' is set on object 'Object Repository/RAD_Pages/AddressAndContactInfo_Page/input_eMailAddress'

2021-10-21 12:52:52 - [TEST_STEP][PASSED] - setText(findTestObject(orPath_AddressContact + "/input_reEnterEMailAddress"), "iahmed@govolution.com"): Text 'iahmed@govolution.com' is set on object 'Object Repository/RAD_Pages/AddressAndContactInfo_Page/input_reEnterEMailAddress'

2021-10-21 12:52:53 - [MESSAGE][PASSED] - Text 'iahmed@govolution.com' is set on object 'Object Repository/RAD_Pages/AddressAndContactInfo_Page/input_reEnterEMailAddress'

2021-10-21 12:52:53 - [TEST_STEP][PASSED] - setText(findTestObject(orPath_Amount + "/input__paymentAmount"), Amount): Text '10.50' is set on object 'Object Repository/RAD_Pages/PaymentAmount_Page/input__paymentAmount'

2021-10-21 12:52:54 - [MESSAGE][PASSED] - Text '10.50' is set on object 'Object Repository/RAD_Pages/PaymentAmount_Page/input__paymentAmount'

2021-10-21 12:52:54 - [TEST_STEP][PASSED] - scrollToElement(findTestObject(orPath_Landing + "/button_Continue"), 3): Scroll to object 'Object Repository/RAD_Pages/Landing_Page/button_Continue' successfully

2021-10-21 12:52:54 - [MESSAGE][PASSED] - Scroll to object 'Object Repository/RAD_Pages/Landing_Page/button_Continue' successfully

2021-10-21 12:52:54 - [TEST_STEP][PASSED] - waitForElementClickable(findTestObject(orPath_Landing + "/button_Continue"), 5): Object 'Object Repository/RAD_Pages/Landing_Page/button_Continue' is clickable

2021-10-21 12:52:54 - [MESSAGE][PASSED] - Object 'Object Repository/RAD_Pages/Landing_Page/button_Continue' is clickable

2021-10-21 12:52:54 - [TEST_STEP][PASSED] - click(findTestObject(orPath_Landing + "/button_Continue")): Object: 'Object Repository/RAD_Pages/Landing_Page/button_Continue' is clicked on

2021-10-21 12:52:55 - [MESSAGE][PASSED] - Object: 'Object Repository/RAD_Pages/Landing_Page/button_Continue' is clicked on

2021-10-21 12:52:55 - [TEST_STEP][PASSED] - verifyTextPresent("Review the information below and make any necessary corrections by clicking the", true): Text 'Review the information below and make any necessary corrections by clicking the' is present on page  using regular expression

2021-10-21 12:52:55 - [MESSAGE][PASSED] - Text 'Review the information below and make any necessary corrections by clicking the' is present on page  using regular expression

2021-10-21 12:52:55 - [TEST_STEP][PASSED] - verifyTextPresent("When you are confident that all the information is correct", true): Text 'When you are confident that all the information is correct' is present on page  using regular expression

2021-10-21 12:52:56 - [MESSAGE][PASSED] - Text 'When you are confident that all the information is correct' is present on page  using regular expression

2021-10-21 12:52:56 - [TEST_STEP][PASSED] - scrollToElement(findTestObject(orPath_Summary + "/button_Continue_Summary"), 3): Scroll to object 'Object Repository/RAD_Pages/Summary_Page/button_Continue_Summary' successfully

2021-10-21 12:52:56 - [MESSAGE][PASSED] - Scroll to object 'Object Repository/RAD_Pages/Summary_Page/button_Continue_Summary' successfully

2021-10-21 12:52:56 - [TEST_STEP][PASSED] - waitForElementClickable(findTestObject(orPath_Summary + "/button_Continue_Summary"), 5): Object 'Object Repository/RAD_Pages/Summary_Page/button_Continue_Summary' is clickable

2021-10-21 12:52:56 - [MESSAGE][PASSED] - Object 'Object Repository/RAD_Pages/Summary_Page/button_Continue_Summary' is clickable

2021-10-21 12:52:56 - [TEST_STEP][PASSED] - delay(3): Delayed 3 second(s)

2021-10-21 12:52:59 - [MESSAGE][PASSED] - Delayed 3 second(s)

2021-10-21 12:52:59 - [TEST_STEP][PASSED] - click(findTestObject(orPath_Summary + "/button_Continue_Summary")): Object: 'Object Repository/RAD_Pages/Summary_Page/button_Continue_Summary' is clicked on

2021-10-21 12:53:00 - [MESSAGE][PASSED] - Object: 'Object Repository/RAD_Pages/Summary_Page/button_Continue_Summary' is clicked on

2021-10-21 12:53:00 - [TEST_STEP][PASSED] - delay(3): Delayed 3 second(s)

2021-10-21 12:53:03 - [MESSAGE][PASSED] - Delayed 3 second(s)

2021-10-21 12:53:03 - [TEST_STEP][PASSED] - click(findTestObject(orPath_PaymentReady + "/button_ProceedtoPayment")): Object: 'Object Repository/RAD_Pages/PaymentReady_Page/button_ProceedtoPayment' is clicked on

2021-10-21 12:53:04 - [MESSAGE][PASSED] - Object: 'Object Repository/RAD_Pages/PaymentReady_Page/button_ProceedtoPayment' is clicked on

2021-10-21 12:53:04 - [TEST_STEP][PASSED] - setText(findTestObject(orPath_PaymentEntry + "/input__cardNumber"), CCNumber): Text '4012000098765439' is set on object 'Object Repository/RAD_Pages/PaymentEntry_Page/input__cardNumber'

2021-10-21 12:53:05 - [MESSAGE][PASSED] - Text '4012000098765439' is set on object 'Object Repository/RAD_Pages/PaymentEntry_Page/input__cardNumber'

2021-10-21 12:53:05 - [TEST_STEP][PASSED] - setText(findTestObject(orPath_PaymentEntry + "/input__spc"), CVV): Text '123' is set on object 'Object Repository/RAD_Pages/PaymentEntry_Page/input__spc'

2021-10-21 12:53:05 - [MESSAGE][PASSED] - Text '123' is set on object 'Object Repository/RAD_Pages/PaymentEntry_Page/input__spc'

2021-10-21 12:53:05 - [TEST_STEP][PASSED] - selectOptionByLabel(findTestObject(orPath_PaymentEntry + "/select_MM"), "12", false): All options with label '12' are selected in object 'Object Repository/RAD_Pages/PaymentEntry_Page/select_MM' 

2021-10-21 12:53:06 - [MESSAGE][PASSED] - All options with label '12' are selected in object 'Object Repository/RAD_Pages/PaymentEntry_Page/select_MM' 

2021-10-21 12:53:06 - [TEST_STEP][PASSED] - selectOptionByLabel(findTestObject(orPath_PaymentEntry + "/select_YYYY"), "2023", false): All options with label '2023' are selected in object 'Object Repository/RAD_Pages/PaymentEntry_Page/select_YYYY' 

2021-10-21 12:53:07 - [MESSAGE][PASSED] - All options with label '2023' are selected in object 'Object Repository/RAD_Pages/PaymentEntry_Page/select_YYYY' 

2021-10-21 12:53:07 - [TEST_STEP][PASSED] - click(findTestObject(orPath_PaymentEntry + "/input_Field_ccSubmit")): Object: 'Object Repository/RAD_Pages/PaymentEntry_Page/input_Field_ccSubmit' is clicked on

2021-10-21 12:53:08 - [MESSAGE][PASSED] - Object: 'Object Repository/RAD_Pages/PaymentEntry_Page/input_Field_ccSubmit' is clicked on

2021-10-21 12:53:08 - [TEST_STEP][PASSED] - click(findTestObject(orPath_PaymentConfirmation + "/input_N_confirmNotifyAction")): Object: 'Object Repository/RAD_Pages/PaymentConfirmation_Page/input_N_confirmNotifyAction' is clicked on

2021-10-21 12:53:09 - [MESSAGE][PASSED] - Object: 'Object Repository/RAD_Pages/PaymentConfirmation_Page/input_N_confirmNotifyAction' is clicked on

2021-10-21 12:53:09 - [TEST_STEP][PASSED] - click(findTestObject(orPath_ServiceFeesAccept + "/input_convFeeNotifyAction")): Object: 'Object Repository/RAD_Pages/ServiceFeeAccept_Page/input_convFeeNotifyAction' is clicked on

2021-10-21 12:53:10 - [MESSAGE][PASSED] - Object: 'Object Repository/RAD_Pages/ServiceFeeAccept_Page/input_convFeeNotifyAction' is clicked on

2021-10-21 12:53:10 - [TEST_STEP][PASSED] - delay(10): Delayed 10 second(s)

2021-10-21 12:53:20 - [MESSAGE][PASSED] - Delayed 10 second(s)

2021-10-21 12:53:20 - [TEST_STEP][PASSED] - verifyTextPresent("Successful Payment Receipt", true): Text 'Successful Payment Receipt' is present on page  using regular expression

2021-10-21 12:53:20 - [MESSAGE][PASSED] - Text 'Successful Payment Receipt' is present on page  using regular expression

2021-10-21 12:53:20 - [TEST_STEP][PASSED] - if (verifyTextPresent("Successful Payment Receipt", true)): null

2021-10-21 12:53:21 - [MESSAGE][PASSED] - Text 'Successful Payment Receipt' is present on page  using regular expression

2021-10-21 12:53:21 - [TEST_STEP][PASSED] - println("Transaction was Successful"): null

2021-10-21 12:53:21 - [TEST_STEP][PASSED] - out.println("Pass Record Number: " + row): null

2021-10-21 12:53:21 - [TEST_STEP][PASSED] - resText = "Pass": null

2021-10-21 12:53:21 - [TEST_STEP][PASSED] - pages.WriteExcel.demoKey(resText, datText, resColumn, datCloumn, fileLoc, nameSheet, row): pages.WriteExcel.demoKey is PASSED

2021-10-21 12:53:21 - [MESSAGE][PASSED] - pages.WriteExcel.demoKey is PASSED

2021-10-21 12:53:21 - [TEST_STEP][PASSED] - ExecuteTC = findTestData(dataFile).getValue("Execute", row): null

2021-10-21 12:53:21 - [TEST_STEP][PASSED] - PaymentType = findTestData(dataFile).getValue("PaymentType", row): null

2021-10-21 12:53:21 - [TEST_STEP][PASSED] - FilingYear = findTestData(dataFile).getValue("FilingYear", row): null

2021-10-21 12:53:21 - [TEST_STEP][PASSED] - PeriodEnding = findTestData(dataFile).getValue("PeriodEnding", row): null

2021-10-21 12:53:21 - [TEST_STEP][PASSED] - FName = findTestData(dataFile).getValue("Fname", row): null

2021-10-21 12:53:21 - [TEST_STEP][PASSED] - LName = findTestData(dataFile).getValue("Lname", row): null

2021-10-21 12:53:21 - [TEST_STEP][PASSED] - SSN = findTestData(dataFile).getValue("SSN", row): null

2021-10-21 12:53:21 - [TEST_STEP][PASSED] - BusName = findTestData(dataFile).getValue("BusName", row): null

2021-10-21 12:53:21 - [TEST_STEP][PASSED] - AL1 = findTestData(dataFile).getValue("AL1", row): null

2021-10-21 12:53:21 - [TEST_STEP][PASSED] - City = findTestData(dataFile).getValue("City", row): null

2021-10-21 12:53:21 - [TEST_STEP][PASSED] - ZIP = findTestData(dataFile).getValue("ZIP", row): null

2021-10-21 12:53:21 - [TEST_STEP][PASSED] - FilingType = findTestData(dataFile).getValue("FilingType", row): null

2021-10-21 12:53:21 - [TEST_STEP][PASSED] - Withholding = findTestData(dataFile).getValue("Withholding", row): null

2021-10-21 12:53:21 - [TEST_STEP][PASSED] - Amount = findTestData(dataFile).getValue("Amount", row): null

2021-10-21 12:53:21 - [TEST_STEP][PASSED] - CCNumber = findTestData(dataFile).getValue("CCNumber", row): null

2021-10-21 12:53:21 - [TEST_STEP][PASSED] - CVV = findTestData(dataFile).getValue("CVV", row): null

2021-10-21 12:53:21 - [TEST_STEP][PASSED] - out.println("Value of Execute is : " + ExecuteTC): null

2021-10-21 12:53:21 - [TEST_STEP][PASSED] - if (ExecuteTC.equalsIgnoreCase("Y")): null

2021-10-21 12:53:21 - [TEST_STEP][PASSED] - out.println("Begin Record Number: " + row): null

2021-10-21 12:53:21 - [TEST_STEP][PASSED] - today = new java.util.Date(): null

2021-10-21 12:53:21 - [TEST_STEP][PASSED] - println(today): null

2021-10-21 12:53:21 - [TEST_STEP][PASSED] - datText = today: null

2021-10-21 12:53:21 - [TEST_STEP][PASSED] - Taxtype = findTestData(dataFile).getValue("TaxType", row): null

2021-10-21 12:53:21 - [TEST_STEP][PASSED] - out.println("Taxtype value is : " + Taxtype): null

2021-10-21 12:53:21 - [TEST_STEP][PASSED] - openBrowser(""): Browser is opened with url: ''

2021-10-21 12:53:21 - [MESSAGE][WARNING] - A browser is already opened. Closing browser and opening a new one

2021-10-21 12:53:22 - [MESSAGE][INFO] - Starting 'Chrome' driver

2021-10-21 12:53:22 - [MESSAGE][INFO] - User set preference: ['acceptInsecureCerts', 'true']

2021-10-21 12:53:22 - [MESSAGE][INFO] - Action delay is set to 0 milliseconds

2021-10-21 12:53:23 - [MESSAGE][PASSED] - Browser is opened with url: ''

2021-10-21 12:53:23 - [TEST_STEP][PASSED] - maximizeWindow(): Current window maximized

2021-10-21 12:53:24 - [MESSAGE][PASSED] - Current window maximized

2021-10-21 12:53:24 - [TEST_STEP][PASSED] - navigateToUrl(RADurl): Navigate to 'https://demo.velocitypayment.com/client/rad/index.html' successfully

2021-10-21 12:53:25 - [MESSAGE][PASSED] - Navigate to 'https://demo.velocitypayment.com/client/rad/index.html' successfully

2021-10-21 12:53:25 - [TEST_STEP][PASSED] - orPath_Landing = "Object Repository/RAD_Pages/Landing_Page": null

2021-10-21 12:53:25 - [TEST_STEP][PASSED] - orPath_TaxTypeFilingYear = "Object Repository/RAD_Pages/TaxTypeFilingYear_Page": null

2021-10-21 12:53:25 - [TEST_STEP][PASSED] - orPath_TaxPayer = "Object Repository/RAD_Pages/Taxpayer_Page": null

2021-10-21 12:53:25 - [TEST_STEP][PASSED] - orPath_AddressContact = "Object Repository/RAD_Pages/AddressAndContactInfo_Page": null

2021-10-21 12:53:25 - [TEST_STEP][PASSED] - orPath_FilingStatus = "Object Repository/RAD_Pages/FilingStatus_Page": null

2021-10-21 12:53:25 - [TEST_STEP][PASSED] - orPath_Amount = "Object Repository/RAD_Pages/PaymentAmount_Page": null

2021-10-21 12:53:25 - [TEST_STEP][PASSED] - orPath_TaxInfo = "Object Repository/RAD_Pages/TaxInfo_Page": null

2021-10-21 12:53:25 - [TEST_STEP][PASSED] - orPath_Withholding = "Object Repository/RAD_Pages/Withholding_Page": null

2021-10-21 12:53:25 - [TEST_STEP][PASSED] - orPath_Summary = "Object Repository/RAD_Pages/Summary_Page": null

2021-10-21 12:53:25 - [TEST_STEP][PASSED] - orPath_PaymentReady = "Object Repository/RAD_Pages/PaymentReady_Page": null

2021-10-21 12:53:25 - [TEST_STEP][PASSED] - orPath_PaymentEntry = "Object Repository/RAD_Pages/PaymentEntry_Page": null

2021-10-21 12:53:25 - [TEST_STEP][PASSED] - orPath_PaymentConfirmation = "Object Repository/RAD_Pages/PaymentConfirmation_Page": null

2021-10-21 12:53:25 - [TEST_STEP][PASSED] - orPath_ServiceFeesAccept = "Object Repository/RAD_Pages/ServiceFeeAccept_Page": null

2021-10-21 12:53:25 - [TEST_STEP][PASSED] - selectOptionByLabel(findTestObject(orPath_Landing + "/dd_TaxType"), Taxtype, false): All options with label 'Extension Payments' are selected in object 'Object Repository/RAD_Pages/Landing_Page/dd_TaxType' 

2021-10-21 12:53:26 - [MESSAGE][PASSED] - All options with label 'Extension Payments' are selected in object 'Object Repository/RAD_Pages/Landing_Page/dd_TaxType' 

2021-10-21 12:53:26 - [TEST_STEP][PASSED] - delay(3): Delayed 3 second(s)

2021-10-21 12:53:29 - [MESSAGE][PASSED] - Delayed 3 second(s)

2021-10-21 12:53:29 - [TEST_STEP][PASSED] - switch (Taxtype): null

2021-10-21 12:53:29 - [TEST_STEP][PASSED] - case "Extension Payments":: null

2021-10-21 12:53:29 - [TEST_STEP][PASSED] - selectOptionByLabel(findTestObject(orPath_TaxTypeFilingYear + "/select_PaymentType"), PaymentType, false): All options with label 'Personal' are selected in object 'Object Repository/RAD_Pages/TaxTypeFilingYear_Page/select_PaymentType' 

2021-10-21 12:53:30 - [MESSAGE][PASSED] - All options with label 'Personal' are selected in object 'Object Repository/RAD_Pages/TaxTypeFilingYear_Page/select_PaymentType' 

2021-10-21 12:53:30 - [TEST_STEP][PASSED] - selectOptionByLabel(findTestObject(orPath_TaxTypeFilingYear + "/select_FilingYear"), FilingYear, false): All options with label '2022' are selected in object 'Object Repository/RAD_Pages/TaxTypeFilingYear_Page/select_FilingYear' 

2021-10-21 12:53:30 - [MESSAGE][PASSED] - All options with label '2022' are selected in object 'Object Repository/RAD_Pages/TaxTypeFilingYear_Page/select_FilingYear' 

2021-10-21 12:53:30 - [TEST_STEP][PASSED] - setText(findTestObject(orPath_TaxPayer + "/input_PSSN"), SSN): Text '123-44-2514' is set on object 'Object Repository/RAD_Pages/Taxpayer_Page/input_PSSN'

2021-10-21 12:53:31 - [MESSAGE][PASSED] - Text '123-44-2514' is set on object 'Object Repository/RAD_Pages/Taxpayer_Page/input_PSSN'

2021-10-21 12:53:31 - [TEST_STEP][PASSED] - setText(findTestObject(orPath_TaxPayer + "/input_reEnterPSSN"), SSN): Text '123-44-2514' is set on object 'Object Repository/RAD_Pages/Taxpayer_Page/input_reEnterPSSN'

2021-10-21 12:53:32 - [MESSAGE][PASSED] - Text '123-44-2514' is set on object 'Object Repository/RAD_Pages/Taxpayer_Page/input_reEnterPSSN'

2021-10-21 12:53:32 - [TEST_STEP][PASSED] - if (FilingType.equalsIgnoreCase("Y")): null

2021-10-21 12:53:32 - [TEST_STEP][PASSED] - else: Text '357-95-1852' is set on object 'Object Repository/RAD_Pages/FilingStatus_Page/input_reEnterjointSSN'

2021-10-21 12:53:32 - [TEST_STEP][PASSED] - scrollToElement(findTestObject(orPath_Amount + "/input__paymentAmount"), 3): Scroll to object 'Object Repository/RAD_Pages/PaymentAmount_Page/input__paymentAmount' successfully

2021-10-21 12:53:32 - [MESSAGE][PASSED] - Scroll to object 'Object Repository/RAD_Pages/PaymentAmount_Page/input__paymentAmount' successfully

2021-10-21 12:53:32 - [TEST_STEP][PASSED] - waitForElementClickable(findTestObject(orPath_FilingStatus + "/input_userType_Joint"), 5): Object 'Object Repository/RAD_Pages/FilingStatus_Page/input_userType_Joint' is clickable

2021-10-21 12:53:32 - [MESSAGE][PASSED] - Object 'Object Repository/RAD_Pages/FilingStatus_Page/input_userType_Joint' is clickable

2021-10-21 12:53:32 - [TEST_STEP][PASSED] - check(findTestObject(orPath_FilingStatus + "/input_userType_Joint")): Object 'Object Repository/RAD_Pages/FilingStatus_Page/input_userType_Joint' is checked

2021-10-21 12:53:33 - [MESSAGE][PASSED] - Object 'Object Repository/RAD_Pages/FilingStatus_Page/input_userType_Joint' is checked

2021-10-21 12:53:33 - [TEST_STEP][PASSED] - delay(3): Delayed 3 second(s)

2021-10-21 12:53:36 - [MESSAGE][PASSED] - Delayed 3 second(s)

2021-10-21 12:53:36 - [TEST_STEP][PASSED] - setText(findTestObject(orPath_FilingStatus + "/input_jointFirstName"), "Sam"): Text 'Sam' is set on object 'Object Repository/RAD_Pages/FilingStatus_Page/input_jointFirstName'

2021-10-21 12:53:37 - [MESSAGE][PASSED] - Text 'Sam' is set on object 'Object Repository/RAD_Pages/FilingStatus_Page/input_jointFirstName'

2021-10-21 12:53:37 - [TEST_STEP][PASSED] - setText(findTestObject(orPath_FilingStatus + "/input_jointLastName"), "Katrina"): Text 'Katrina' is set on object 'Object Repository/RAD_Pages/FilingStatus_Page/input_jointLastName'

2021-10-21 12:53:37 - [MESSAGE][PASSED] - Text 'Katrina' is set on object 'Object Repository/RAD_Pages/FilingStatus_Page/input_jointLastName'

2021-10-21 12:53:37 - [TEST_STEP][PASSED] - setText(findTestObject(orPath_FilingStatus + "/input_jointSSN"), "357-95-1852"): Text '357-95-1852' is set on object 'Object Repository/RAD_Pages/FilingStatus_Page/input_jointSSN'

2021-10-21 12:53:38 - [MESSAGE][PASSED] - Text '357-95-1852' is set on object 'Object Repository/RAD_Pages/FilingStatus_Page/input_jointSSN'

2021-10-21 12:53:38 - [TEST_STEP][PASSED] - setText(findTestObject(orPath_FilingStatus + "/input_reEnterjointSSN"), "357-95-1852"): Text '357-95-1852' is set on object 'Object Repository/RAD_Pages/FilingStatus_Page/input_reEnterjointSSN'

2021-10-21 12:53:39 - [MESSAGE][PASSED] - Text '357-95-1852' is set on object 'Object Repository/RAD_Pages/FilingStatus_Page/input_reEnterjointSSN'

2021-10-21 12:53:39 - [TEST_STEP][PASSED] - break: null

2021-10-21 12:53:39 - [TEST_STEP][PASSED] - setText(findTestObject(orPath_TaxPayer + "/input_firstName"), FName): Text 'Jackson' is set on object 'Object Repository/RAD_Pages/Taxpayer_Page/input_firstName'

2021-10-21 12:53:39 - [MESSAGE][PASSED] - Text 'Jackson' is set on object 'Object Repository/RAD_Pages/Taxpayer_Page/input_firstName'

2021-10-21 12:53:39 - [TEST_STEP][PASSED] - setText(findTestObject(orPath_TaxPayer + "/input_lastName"), LName): Text 'Vaughn' is set on object 'Object Repository/RAD_Pages/Taxpayer_Page/input_lastName'

2021-10-21 12:53:40 - [MESSAGE][PASSED] - Text 'Vaughn' is set on object 'Object Repository/RAD_Pages/Taxpayer_Page/input_lastName'

2021-10-21 12:53:40 - [TEST_STEP][PASSED] - selectOptionByLabel(findTestObject(orPath_AddressContact + "/select_Country"), "United States", false): All options with label 'United States' are selected in object 'Object Repository/RAD_Pages/AddressAndContactInfo_Page/select_Country' 

2021-10-21 12:53:41 - [MESSAGE][PASSED] - All options with label 'United States' are selected in object 'Object Repository/RAD_Pages/AddressAndContactInfo_Page/select_Country' 

2021-10-21 12:53:41 - [TEST_STEP][PASSED] - setText(findTestObject(orPath_AddressContact + "/input_streetAddress1"), AL1): Text '1501 Mandan Terrace' is set on object 'Object Repository/RAD_Pages/AddressAndContactInfo_Page/input_streetAddress1'

2021-10-21 12:53:42 - [MESSAGE][PASSED] - Text '1501 Mandan Terrace' is set on object 'Object Repository/RAD_Pages/AddressAndContactInfo_Page/input_streetAddress1'

2021-10-21 12:53:42 - [TEST_STEP][PASSED] - setText(findTestObject(orPath_AddressContact + "/input_streetAddress2"), ""): Text '' is set on object 'Object Repository/RAD_Pages/AddressAndContactInfo_Page/input_streetAddress2'

2021-10-21 12:53:42 - [MESSAGE][PASSED] - Text '' is set on object 'Object Repository/RAD_Pages/AddressAndContactInfo_Page/input_streetAddress2'

2021-10-21 12:53:42 - [TEST_STEP][PASSED] - setText(findTestObject(orPath_AddressContact + "/input_city"), City): Text 'Bowie' is set on object 'Object Repository/RAD_Pages/AddressAndContactInfo_Page/input_city'

2021-10-21 12:53:43 - [MESSAGE][PASSED] - Text 'Bowie' is set on object 'Object Repository/RAD_Pages/AddressAndContactInfo_Page/input_city'

2021-10-21 12:53:43 - [TEST_STEP][PASSED] - selectOptionByLabel(findTestObject(orPath_AddressContact + "/select_State"), "Maryland", false): All options with label 'Maryland' are selected in object 'Object Repository/RAD_Pages/AddressAndContactInfo_Page/select_State' 

2021-10-21 12:53:44 - [MESSAGE][PASSED] - All options with label 'Maryland' are selected in object 'Object Repository/RAD_Pages/AddressAndContactInfo_Page/select_State' 

2021-10-21 12:53:44 - [TEST_STEP][PASSED] - setText(findTestObject(orPath_AddressContact + "/input_zipCode"), ZIP): Text '20720' is set on object 'Object Repository/RAD_Pages/AddressAndContactInfo_Page/input_zipCode'

2021-10-21 12:53:44 - [MESSAGE][PASSED] - Text '20720' is set on object 'Object Repository/RAD_Pages/AddressAndContactInfo_Page/input_zipCode'

2021-10-21 12:53:44 - [TEST_STEP][PASSED] - setText(findTestObject(orPath_AddressContact + "/input_phoneNumber"), "(703) 894-5000"): Text '(703) 894-5000' is set on object 'Object Repository/RAD_Pages/AddressAndContactInfo_Page/input_phoneNumber'

2021-10-21 12:53:45 - [MESSAGE][PASSED] - Text '(703) 894-5000' is set on object 'Object Repository/RAD_Pages/AddressAndContactInfo_Page/input_phoneNumber'

2021-10-21 12:53:45 - [TEST_STEP][PASSED] - setText(findTestObject(orPath_AddressContact + "/input_eMailAddress"), "iahmed@govolution.com"): Text 'iahmed@govolution.com' is set on object 'Object Repository/RAD_Pages/AddressAndContactInfo_Page/input_eMailAddress'

2021-10-21 12:53:46 - [MESSAGE][PASSED] - Text 'iahmed@govolution.com' is set on object 'Object Repository/RAD_Pages/AddressAndContactInfo_Page/input_eMailAddress'

2021-10-21 12:53:46 - [TEST_STEP][PASSED] - setText(findTestObject(orPath_AddressContact + "/input_reEnterEMailAddress"), "iahmed@govolution.com"): Text 'iahmed@govolution.com' is set on object 'Object Repository/RAD_Pages/AddressAndContactInfo_Page/input_reEnterEMailAddress'

2021-10-21 12:53:47 - [MESSAGE][PASSED] - Text 'iahmed@govolution.com' is set on object 'Object Repository/RAD_Pages/AddressAndContactInfo_Page/input_reEnterEMailAddress'

2021-10-21 12:53:47 - [TEST_STEP][PASSED] - setText(findTestObject(orPath_Amount + "/input__paymentAmount"), Amount): Text '10.50' is set on object 'Object Repository/RAD_Pages/PaymentAmount_Page/input__paymentAmount'

2021-10-21 12:53:47 - [MESSAGE][PASSED] - Text '10.50' is set on object 'Object Repository/RAD_Pages/PaymentAmount_Page/input__paymentAmount'

2021-10-21 12:53:47 - [TEST_STEP][PASSED] - scrollToElement(findTestObject(orPath_Landing + "/button_Continue"), 3): Scroll to object 'Object Repository/RAD_Pages/Landing_Page/button_Continue' successfully

2021-10-21 12:53:48 - [MESSAGE][PASSED] - Scroll to object 'Object Repository/RAD_Pages/Landing_Page/button_Continue' successfully

2021-10-21 12:53:48 - [TEST_STEP][PASSED] - waitForElementClickable(findTestObject(orPath_Landing + "/button_Continue"), 5): Object 'Object Repository/RAD_Pages/Landing_Page/button_Continue' is clickable

2021-10-21 12:53:48 - [MESSAGE][PASSED] - Object 'Object Repository/RAD_Pages/Landing_Page/button_Continue' is clickable

2021-10-21 12:53:48 - [TEST_STEP][PASSED] - click(findTestObject(orPath_Landing + "/button_Continue")): Object: 'Object Repository/RAD_Pages/Landing_Page/button_Continue' is clicked on

2021-10-21 12:53:49 - [MESSAGE][PASSED] - Object: 'Object Repository/RAD_Pages/Landing_Page/button_Continue' is clicked on

2021-10-21 12:53:49 - [TEST_STEP][PASSED] - verifyTextPresent("Review the information below and make any necessary corrections by clicking the", true): Text 'Review the information below and make any necessary corrections by clicking the' is present on page  using regular expression

2021-10-21 12:53:49 - [MESSAGE][PASSED] - Text 'Review the information below and make any necessary corrections by clicking the' is present on page  using regular expression

2021-10-21 12:53:49 - [TEST_STEP][PASSED] - verifyTextPresent("When you are confident that all the information is correct", true): Text 'When you are confident that all the information is correct' is present on page  using regular expression

2021-10-21 12:53:49 - [MESSAGE][PASSED] - Text 'When you are confident that all the information is correct' is present on page  using regular expression

2021-10-21 12:53:49 - [TEST_STEP][PASSED] - scrollToElement(findTestObject(orPath_Summary + "/button_Continue_Summary"), 3): Scroll to object 'Object Repository/RAD_Pages/Summary_Page/button_Continue_Summary' successfully

2021-10-21 12:53:50 - [MESSAGE][PASSED] - Scroll to object 'Object Repository/RAD_Pages/Summary_Page/button_Continue_Summary' successfully

2021-10-21 12:53:50 - [TEST_STEP][PASSED] - waitForElementClickable(findTestObject(orPath_Summary + "/button_Continue_Summary"), 5): Object 'Object Repository/RAD_Pages/Summary_Page/button_Continue_Summary' is clickable

2021-10-21 12:53:50 - [MESSAGE][PASSED] - Object 'Object Repository/RAD_Pages/Summary_Page/button_Continue_Summary' is clickable

2021-10-21 12:53:50 - [TEST_STEP][PASSED] - delay(3): Delayed 3 second(s)

2021-10-21 12:53:53 - [MESSAGE][PASSED] - Delayed 3 second(s)

2021-10-21 12:53:53 - [TEST_STEP][PASSED] - click(findTestObject(orPath_Summary + "/button_Continue_Summary")): Object: 'Object Repository/RAD_Pages/Summary_Page/button_Continue_Summary' is clicked on

2021-10-21 12:53:54 - [MESSAGE][PASSED] - Object: 'Object Repository/RAD_Pages/Summary_Page/button_Continue_Summary' is clicked on

2021-10-21 12:53:54 - [TEST_STEP][PASSED] - delay(3): Delayed 3 second(s)

2021-10-21 12:53:57 - [MESSAGE][PASSED] - Delayed 3 second(s)

2021-10-21 12:53:57 - [TEST_STEP][PASSED] - click(findTestObject(orPath_PaymentReady + "/button_ProceedtoPayment")): Object: 'Object Repository/RAD_Pages/PaymentReady_Page/button_ProceedtoPayment' is clicked on

2021-10-21 12:53:58 - [MESSAGE][PASSED] - Object: 'Object Repository/RAD_Pages/PaymentReady_Page/button_ProceedtoPayment' is clicked on

2021-10-21 12:53:58 - [TEST_STEP][PASSED] - setText(findTestObject(orPath_PaymentEntry + "/input__cardNumber"), CCNumber): Text '6011000993026909' is set on object 'Object Repository/RAD_Pages/PaymentEntry_Page/input__cardNumber'

2021-10-21 12:53:59 - [MESSAGE][PASSED] - Text '6011000993026909' is set on object 'Object Repository/RAD_Pages/PaymentEntry_Page/input__cardNumber'

2021-10-21 12:53:59 - [TEST_STEP][PASSED] - setText(findTestObject(orPath_PaymentEntry + "/input__spc"), CVV): Text '123' is set on object 'Object Repository/RAD_Pages/PaymentEntry_Page/input__spc'

2021-10-21 12:54:00 - [MESSAGE][PASSED] - Text '123' is set on object 'Object Repository/RAD_Pages/PaymentEntry_Page/input__spc'

2021-10-21 12:54:00 - [TEST_STEP][PASSED] - selectOptionByLabel(findTestObject(orPath_PaymentEntry + "/select_MM"), "12", false): All options with label '12' are selected in object 'Object Repository/RAD_Pages/PaymentEntry_Page/select_MM' 

2021-10-21 12:54:00 - [MESSAGE][PASSED] - All options with label '12' are selected in object 'Object Repository/RAD_Pages/PaymentEntry_Page/select_MM' 

2021-10-21 12:54:00 - [TEST_STEP][PASSED] - selectOptionByLabel(findTestObject(orPath_PaymentEntry + "/select_YYYY"), "2023", false): All options with label '2023' are selected in object 'Object Repository/RAD_Pages/PaymentEntry_Page/select_YYYY' 

2021-10-21 12:54:01 - [MESSAGE][PASSED] - All options with label '2023' are selected in object 'Object Repository/RAD_Pages/PaymentEntry_Page/select_YYYY' 

2021-10-21 12:54:01 - [TEST_STEP][PASSED] - click(findTestObject(orPath_PaymentEntry + "/input_Field_ccSubmit")): Object: 'Object Repository/RAD_Pages/PaymentEntry_Page/input_Field_ccSubmit' is clicked on

2021-10-21 12:54:03 - [MESSAGE][PASSED] - Object: 'Object Repository/RAD_Pages/PaymentEntry_Page/input_Field_ccSubmit' is clicked on

2021-10-21 12:54:03 - [TEST_STEP][PASSED] - click(findTestObject(orPath_PaymentConfirmation + "/input_N_confirmNotifyAction")): Object: 'Object Repository/RAD_Pages/PaymentConfirmation_Page/input_N_confirmNotifyAction' is clicked on

2021-10-21 12:54:05 - [MESSAGE][PASSED] - Object: 'Object Repository/RAD_Pages/PaymentConfirmation_Page/input_N_confirmNotifyAction' is clicked on

2021-10-21 12:54:05 - [TEST_STEP][PASSED] - click(findTestObject(orPath_ServiceFeesAccept + "/input_convFeeNotifyAction")): Object: 'Object Repository/RAD_Pages/ServiceFeeAccept_Page/input_convFeeNotifyAction' is clicked on

2021-10-21 12:54:06 - [MESSAGE][PASSED] - Object: 'Object Repository/RAD_Pages/ServiceFeeAccept_Page/input_convFeeNotifyAction' is clicked on

2021-10-21 12:54:06 - [TEST_STEP][PASSED] - delay(10): Delayed 10 second(s)

2021-10-21 12:54:16 - [MESSAGE][PASSED] - Delayed 10 second(s)

2021-10-21 12:54:16 - [TEST_STEP][PASSED] - verifyTextPresent("Successful Payment Receipt", true): Text 'Successful Payment Receipt' is present on page  using regular expression

2021-10-21 12:54:16 - [MESSAGE][PASSED] - Text 'Successful Payment Receipt' is present on page  using regular expression

2021-10-21 12:54:16 - [TEST_STEP][PASSED] - if (verifyTextPresent("Successful Payment Receipt", true)): null

2021-10-21 12:54:17 - [MESSAGE][PASSED] - Text 'Successful Payment Receipt' is present on page  using regular expression

2021-10-21 12:54:17 - [TEST_STEP][PASSED] - println("Transaction was Successful"): null

2021-10-21 12:54:17 - [TEST_STEP][PASSED] - out.println("Pass Record Number: " + row): null

2021-10-21 12:54:17 - [TEST_STEP][PASSED] - resText = "Pass": null

2021-10-21 12:54:17 - [TEST_STEP][PASSED] - pages.WriteExcel.demoKey(resText, datText, resColumn, datCloumn, fileLoc, nameSheet, row): pages.WriteExcel.demoKey is PASSED

2021-10-21 12:54:17 - [MESSAGE][PASSED] - pages.WriteExcel.demoKey is PASSED

2021-10-21 12:54:17 - [TEST_STEP][PASSED] - ExecuteTC = findTestData(dataFile).getValue("Execute", row): null

2021-10-21 12:54:17 - [TEST_STEP][PASSED] - PaymentType = findTestData(dataFile).getValue("PaymentType", row): null

2021-10-21 12:54:17 - [TEST_STEP][PASSED] - FilingYear = findTestData(dataFile).getValue("FilingYear", row): null

2021-10-21 12:54:17 - [TEST_STEP][PASSED] - PeriodEnding = findTestData(dataFile).getValue("PeriodEnding", row): null

2021-10-21 12:54:17 - [TEST_STEP][PASSED] - FName = findTestData(dataFile).getValue("Fname", row): null

2021-10-21 12:54:17 - [TEST_STEP][PASSED] - LName = findTestData(dataFile).getValue("Lname", row): null

2021-10-21 12:54:17 - [TEST_STEP][PASSED] - SSN = findTestData(dataFile).getValue("SSN", row): null

2021-10-21 12:54:17 - [TEST_STEP][PASSED] - BusName = findTestData(dataFile).getValue("BusName", row): null

2021-10-21 12:54:17 - [TEST_STEP][PASSED] - AL1 = findTestData(dataFile).getValue("AL1", row): null

2021-10-21 12:54:17 - [TEST_STEP][PASSED] - City = findTestData(dataFile).getValue("City", row): null

2021-10-21 12:54:17 - [TEST_STEP][PASSED] - ZIP = findTestData(dataFile).getValue("ZIP", row): null

2021-10-21 12:54:17 - [TEST_STEP][PASSED] - FilingType = findTestData(dataFile).getValue("FilingType", row): null

2021-10-21 12:54:17 - [TEST_STEP][PASSED] - Withholding = findTestData(dataFile).getValue("Withholding", row): null

2021-10-21 12:54:17 - [TEST_STEP][PASSED] - Amount = findTestData(dataFile).getValue("Amount", row): null

2021-10-21 12:54:17 - [TEST_STEP][PASSED] - CCNumber = findTestData(dataFile).getValue("CCNumber", row): null

2021-10-21 12:54:17 - [TEST_STEP][PASSED] - CVV = findTestData(dataFile).getValue("CVV", row): null

2021-10-21 12:54:17 - [TEST_STEP][PASSED] - out.println("Value of Execute is : " + ExecuteTC): null

2021-10-21 12:54:17 - [TEST_STEP][PASSED] - if (ExecuteTC.equalsIgnoreCase("Y")): null

2021-10-21 12:54:17 - [TEST_STEP][PASSED] - ExecuteTC = findTestData(dataFile).getValue("Execute", row): null

2021-10-21 12:54:17 - [TEST_STEP][PASSED] - PaymentType = findTestData(dataFile).getValue("PaymentType", row): null

2021-10-21 12:54:17 - [TEST_STEP][PASSED] - FilingYear = findTestData(dataFile).getValue("FilingYear", row): null

2021-10-21 12:54:17 - [TEST_STEP][PASSED] - PeriodEnding = findTestData(dataFile).getValue("PeriodEnding", row): null

2021-10-21 12:54:17 - [TEST_STEP][PASSED] - FName = findTestData(dataFile).getValue("Fname", row): null

2021-10-21 12:54:17 - [TEST_STEP][PASSED] - LName = findTestData(dataFile).getValue("Lname", row): null

2021-10-21 12:54:17 - [TEST_STEP][PASSED] - SSN = findTestData(dataFile).getValue("SSN", row): null

2021-10-21 12:54:17 - [TEST_STEP][PASSED] - BusName = findTestData(dataFile).getValue("BusName", row): null

2021-10-21 12:54:17 - [TEST_STEP][PASSED] - AL1 = findTestData(dataFile).getValue("AL1", row): null

2021-10-21 12:54:17 - [TEST_STEP][PASSED] - City = findTestData(dataFile).getValue("City", row): null

2021-10-21 12:54:17 - [TEST_STEP][PASSED] - ZIP = findTestData(dataFile).getValue("ZIP", row): null

2021-10-21 12:54:17 - [TEST_STEP][PASSED] - FilingType = findTestData(dataFile).getValue("FilingType", row): null

2021-10-21 12:54:17 - [TEST_STEP][PASSED] - Withholding = findTestData(dataFile).getValue("Withholding", row): null

2021-10-21 12:54:17 - [TEST_STEP][PASSED] - Amount = findTestData(dataFile).getValue("Amount", row): null

2021-10-21 12:54:18 - [TEST_STEP][PASSED] - CCNumber = findTestData(dataFile).getValue("CCNumber", row): null

2021-10-21 12:54:18 - [TEST_STEP][PASSED] - CVV = findTestData(dataFile).getValue("CVV", row): null

2021-10-21 12:54:18 - [TEST_STEP][PASSED] - out.println("Value of Execute is : " + ExecuteTC): null

2021-10-21 12:54:18 - [TEST_STEP][PASSED] - if (ExecuteTC.equalsIgnoreCase("Y")): null

2021-10-21 12:54:18 - [TEST_STEP][PASSED] - ExecuteTC = findTestData(dataFile).getValue("Execute", row): null

2021-10-21 12:54:18 - [TEST_STEP][PASSED] - PaymentType = findTestData(dataFile).getValue("PaymentType", row): null

2021-10-21 12:54:18 - [TEST_STEP][PASSED] - FilingYear = findTestData(dataFile).getValue("FilingYear", row): null

2021-10-21 12:54:18 - [TEST_STEP][PASSED] - PeriodEnding = findTestData(dataFile).getValue("PeriodEnding", row): null

2021-10-21 12:54:18 - [TEST_STEP][PASSED] - FName = findTestData(dataFile).getValue("Fname", row): null

2021-10-21 12:54:18 - [TEST_STEP][PASSED] - LName = findTestData(dataFile).getValue("Lname", row): null

2021-10-21 12:54:18 - [TEST_STEP][PASSED] - SSN = findTestData(dataFile).getValue("SSN", row): null

2021-10-21 12:54:18 - [TEST_STEP][PASSED] - BusName = findTestData(dataFile).getValue("BusName", row): null

2021-10-21 12:54:18 - [TEST_STEP][PASSED] - AL1 = findTestData(dataFile).getValue("AL1", row): null

2021-10-21 12:54:18 - [TEST_STEP][PASSED] - City = findTestData(dataFile).getValue("City", row): null

2021-10-21 12:54:18 - [TEST_STEP][PASSED] - ZIP = findTestData(dataFile).getValue("ZIP", row): null

2021-10-21 12:54:18 - [TEST_STEP][PASSED] - FilingType = findTestData(dataFile).getValue("FilingType", row): null

2021-10-21 12:54:18 - [TEST_STEP][PASSED] - Withholding = findTestData(dataFile).getValue("Withholding", row): null

2021-10-21 12:54:18 - [TEST_STEP][PASSED] - Amount = findTestData(dataFile).getValue("Amount", row): null

2021-10-21 12:54:18 - [TEST_STEP][PASSED] - CCNumber = findTestData(dataFile).getValue("CCNumber", row): null

2021-10-21 12:54:18 - [TEST_STEP][PASSED] - CVV = findTestData(dataFile).getValue("CVV", row): null

2021-10-21 12:54:18 - [TEST_STEP][PASSED] - out.println("Value of Execute is : " + ExecuteTC): null

2021-10-21 12:54:18 - [TEST_STEP][PASSED] - if (ExecuteTC.equalsIgnoreCase("Y")): null

2021-10-21 12:54:18 - [TEST_STEP][PASSED] - out.println("Begin Record Number: " + row): null

2021-10-21 12:54:18 - [TEST_STEP][PASSED] - today = new java.util.Date(): null

2021-10-21 12:54:18 - [TEST_STEP][PASSED] - println(today): null

2021-10-21 12:54:18 - [TEST_STEP][PASSED] - datText = today: null

2021-10-21 12:54:18 - [TEST_STEP][PASSED] - Taxtype = findTestData(dataFile).getValue("TaxType", row): null

2021-10-21 12:54:18 - [TEST_STEP][PASSED] - out.println("Taxtype value is : " + Taxtype): null

2021-10-21 12:54:18 - [TEST_STEP][PASSED] - openBrowser(""): Browser is opened with url: ''

2021-10-21 12:54:18 - [MESSAGE][WARNING] - A browser is already opened. Closing browser and opening a new one

2021-10-21 12:54:19 - [MESSAGE][INFO] - Starting 'Chrome' driver

2021-10-21 12:54:19 - [MESSAGE][INFO] - User set preference: ['acceptInsecureCerts', 'true']

2021-10-21 12:54:19 - [MESSAGE][INFO] - Action delay is set to 0 milliseconds

2021-10-21 12:54:20 - [MESSAGE][PASSED] - Browser is opened with url: ''

2021-10-21 12:54:20 - [TEST_STEP][PASSED] - maximizeWindow(): Current window maximized

2021-10-21 12:54:21 - [MESSAGE][PASSED] - Current window maximized

2021-10-21 12:54:21 - [TEST_STEP][PASSED] - navigateToUrl(RADurl): Navigate to 'https://demo.velocitypayment.com/client/rad/index.html' successfully

2021-10-21 12:54:22 - [MESSAGE][PASSED] - Navigate to 'https://demo.velocitypayment.com/client/rad/index.html' successfully

2021-10-21 12:54:22 - [TEST_STEP][PASSED] - orPath_Landing = "Object Repository/RAD_Pages/Landing_Page": null

2021-10-21 12:54:22 - [TEST_STEP][PASSED] - orPath_TaxTypeFilingYear = "Object Repository/RAD_Pages/TaxTypeFilingYear_Page": null

2021-10-21 12:54:22 - [TEST_STEP][PASSED] - orPath_TaxPayer = "Object Repository/RAD_Pages/Taxpayer_Page": null

2021-10-21 12:54:22 - [TEST_STEP][PASSED] - orPath_AddressContact = "Object Repository/RAD_Pages/AddressAndContactInfo_Page": null

2021-10-21 12:54:22 - [TEST_STEP][PASSED] - orPath_FilingStatus = "Object Repository/RAD_Pages/FilingStatus_Page": null

2021-10-21 12:54:22 - [TEST_STEP][PASSED] - orPath_Amount = "Object Repository/RAD_Pages/PaymentAmount_Page": null

2021-10-21 12:54:22 - [TEST_STEP][PASSED] - orPath_TaxInfo = "Object Repository/RAD_Pages/TaxInfo_Page": null

2021-10-21 12:54:22 - [TEST_STEP][PASSED] - orPath_Withholding = "Object Repository/RAD_Pages/Withholding_Page": null

2021-10-21 12:54:22 - [TEST_STEP][PASSED] - orPath_Summary = "Object Repository/RAD_Pages/Summary_Page": null

2021-10-21 12:54:22 - [TEST_STEP][PASSED] - orPath_PaymentReady = "Object Repository/RAD_Pages/PaymentReady_Page": null

2021-10-21 12:54:22 - [TEST_STEP][PASSED] - orPath_PaymentEntry = "Object Repository/RAD_Pages/PaymentEntry_Page": null

2021-10-21 12:54:22 - [TEST_STEP][PASSED] - orPath_PaymentConfirmation = "Object Repository/RAD_Pages/PaymentConfirmation_Page": null

2021-10-21 12:54:22 - [TEST_STEP][PASSED] - orPath_ServiceFeesAccept = "Object Repository/RAD_Pages/ServiceFeeAccept_Page": null

2021-10-21 12:54:22 - [TEST_STEP][PASSED] - selectOptionByLabel(findTestObject(orPath_Landing + "/dd_TaxType"), Taxtype, false): All options with label 'Estimated Tax' are selected in object 'Object Repository/RAD_Pages/Landing_Page/dd_TaxType' 

2021-10-21 12:54:23 - [MESSAGE][PASSED] - All options with label 'Estimated Tax' are selected in object 'Object Repository/RAD_Pages/Landing_Page/dd_TaxType' 

2021-10-21 12:54:23 - [TEST_STEP][PASSED] - delay(3): Delayed 3 second(s)

2021-10-21 12:54:26 - [MESSAGE][PASSED] - Delayed 3 second(s)

2021-10-21 12:54:26 - [TEST_STEP][PASSED] - switch (Taxtype): null

2021-10-21 12:54:26 - [TEST_STEP][PASSED] - case "Estimated Tax":: null

2021-10-21 12:54:26 - [TEST_STEP][PASSED] - selectOptionByLabel(findTestObject(orPath_TaxTypeFilingYear + "/select_PaymentType"), PaymentType, false): All options with label 'Corporate' are selected in object 'Object Repository/RAD_Pages/TaxTypeFilingYear_Page/select_PaymentType' 

2021-10-21 12:54:27 - [MESSAGE][PASSED] - All options with label 'Corporate' are selected in object 'Object Repository/RAD_Pages/TaxTypeFilingYear_Page/select_PaymentType' 

2021-10-21 12:54:27 - [TEST_STEP][PASSED] - selectOptionByLabel(findTestObject(orPath_TaxTypeFilingYear + "/select_FilingYear"), FilingYear, false): All options with label '2022' are selected in object 'Object Repository/RAD_Pages/TaxTypeFilingYear_Page/select_FilingYear' 

2021-10-21 12:54:27 - [MESSAGE][PASSED] - All options with label '2022' are selected in object 'Object Repository/RAD_Pages/TaxTypeFilingYear_Page/select_FilingYear' 

2021-10-21 12:54:27 - [TEST_STEP][PASSED] - setText(findTestObject(orPath_TaxPayer + "/input_PSSN"), SSN): Text '123-44-3210' is set on object 'Object Repository/RAD_Pages/Taxpayer_Page/input_PSSN'

2021-10-21 12:54:28 - [MESSAGE][PASSED] - Text '123-44-3210' is set on object 'Object Repository/RAD_Pages/Taxpayer_Page/input_PSSN'

2021-10-21 12:54:28 - [TEST_STEP][PASSED] - setText(findTestObject(orPath_TaxPayer + "/input_reEnterPSSN"), SSN): Text '123-44-3210' is set on object 'Object Repository/RAD_Pages/Taxpayer_Page/input_reEnterPSSN'

2021-10-21 12:54:29 - [MESSAGE][PASSED] - Text '123-44-3210' is set on object 'Object Repository/RAD_Pages/Taxpayer_Page/input_reEnterPSSN'

2021-10-21 12:54:29 - [TEST_STEP][PASSED] - if (FilingType.equalsIgnoreCase("Y")): Object 'Object Repository/RAD_Pages/FilingStatus_Page/input_userType_Individual' is checked

2021-10-21 12:54:29 - [TEST_STEP][PASSED] - check(findTestObject(orPath_FilingStatus + "/input_userType_Individual")): Object 'Object Repository/RAD_Pages/FilingStatus_Page/input_userType_Individual' is checked

2021-10-21 12:54:29 - [MESSAGE][PASSED] - Object 'Object Repository/RAD_Pages/FilingStatus_Page/input_userType_Individual' is checked

2021-10-21 12:54:29 - [TEST_STEP][PASSED] - break: null

2021-10-21 12:54:29 - [TEST_STEP][PASSED] - setText(findTestObject(orPath_TaxPayer + "/input_firstName"), FName): Text 'Thomas' is set on object 'Object Repository/RAD_Pages/Taxpayer_Page/input_firstName'

2021-10-21 12:54:30 - [MESSAGE][PASSED] - Text 'Thomas' is set on object 'Object Repository/RAD_Pages/Taxpayer_Page/input_firstName'

2021-10-21 12:54:30 - [TEST_STEP][PASSED] - setText(findTestObject(orPath_TaxPayer + "/input_lastName"), LName): Text 'Stokes' is set on object 'Object Repository/RAD_Pages/Taxpayer_Page/input_lastName'

2021-10-21 12:54:30 - [MESSAGE][PASSED] - Text 'Stokes' is set on object 'Object Repository/RAD_Pages/Taxpayer_Page/input_lastName'

2021-10-21 12:54:30 - [TEST_STEP][PASSED] - selectOptionByLabel(findTestObject(orPath_AddressContact + "/select_Country"), "United States", false): All options with label 'United States' are selected in object 'Object Repository/RAD_Pages/AddressAndContactInfo_Page/select_Country' 

2021-10-21 12:54:31 - [MESSAGE][PASSED] - All options with label 'United States' are selected in object 'Object Repository/RAD_Pages/AddressAndContactInfo_Page/select_Country' 

2021-10-21 12:54:31 - [TEST_STEP][PASSED] - setText(findTestObject(orPath_AddressContact + "/input_streetAddress1"), AL1): Text '2311 York road' is set on object 'Object Repository/RAD_Pages/AddressAndContactInfo_Page/input_streetAddress1'

2021-10-21 12:54:32 - [MESSAGE][PASSED] - Text '2311 York road' is set on object 'Object Repository/RAD_Pages/AddressAndContactInfo_Page/input_streetAddress1'

2021-10-21 12:54:32 - [TEST_STEP][PASSED] - setText(findTestObject(orPath_AddressContact + "/input_streetAddress2"), ""): Text '' is set on object 'Object Repository/RAD_Pages/AddressAndContactInfo_Page/input_streetAddress2'

2021-10-21 12:54:32 - [MESSAGE][PASSED] - Text '' is set on object 'Object Repository/RAD_Pages/AddressAndContactInfo_Page/input_streetAddress2'

2021-10-21 12:54:32 - [TEST_STEP][PASSED] - setText(findTestObject(orPath_AddressContact + "/input_city"), City): Text 'Gambrills' is set on object 'Object Repository/RAD_Pages/AddressAndContactInfo_Page/input_city'

2021-10-21 12:54:33 - [MESSAGE][PASSED] - Text 'Gambrills' is set on object 'Object Repository/RAD_Pages/AddressAndContactInfo_Page/input_city'

2021-10-21 12:54:33 - [TEST_STEP][PASSED] - selectOptionByLabel(findTestObject(orPath_AddressContact + "/select_State"), "Maryland", false): All options with label 'Maryland' are selected in object 'Object Repository/RAD_Pages/AddressAndContactInfo_Page/select_State' 

2021-10-21 12:54:34 - [MESSAGE][PASSED] - All options with label 'Maryland' are selected in object 'Object Repository/RAD_Pages/AddressAndContactInfo_Page/select_State' 

2021-10-21 12:54:34 - [TEST_STEP][PASSED] - setText(findTestObject(orPath_AddressContact + "/input_zipCode"), ZIP): Text '21054' is set on object 'Object Repository/RAD_Pages/AddressAndContactInfo_Page/input_zipCode'

2021-10-21 12:54:34 - [MESSAGE][PASSED] - Text '21054' is set on object 'Object Repository/RAD_Pages/AddressAndContactInfo_Page/input_zipCode'

2021-10-21 12:54:34 - [TEST_STEP][PASSED] - setText(findTestObject(orPath_AddressContact + "/input_phoneNumber"), "(703) 894-5000"): Text '(703) 894-5000' is set on object 'Object Repository/RAD_Pages/AddressAndContactInfo_Page/input_phoneNumber'

2021-10-21 12:54:35 - [MESSAGE][PASSED] - Text '(703) 894-5000' is set on object 'Object Repository/RAD_Pages/AddressAndContactInfo_Page/input_phoneNumber'

2021-10-21 12:54:35 - [TEST_STEP][PASSED] - setText(findTestObject(orPath_AddressContact + "/input_eMailAddress"), "iahmed@govolution.com"): Text 'iahmed@govolution.com' is set on object 'Object Repository/RAD_Pages/AddressAndContactInfo_Page/input_eMailAddress'

2021-10-21 12:54:36 - [MESSAGE][PASSED] - Text 'iahmed@govolution.com' is set on object 'Object Repository/RAD_Pages/AddressAndContactInfo_Page/input_eMailAddress'

2021-10-21 12:54:36 - [TEST_STEP][PASSED] - setText(findTestObject(orPath_AddressContact + "/input_reEnterEMailAddress"), "iahmed@govolution.com"): Text 'iahmed@govolution.com' is set on object 'Object Repository/RAD_Pages/AddressAndContactInfo_Page/input_reEnterEMailAddress'

2021-10-21 12:54:36 - [MESSAGE][PASSED] - Text 'iahmed@govolution.com' is set on object 'Object Repository/RAD_Pages/AddressAndContactInfo_Page/input_reEnterEMailAddress'

2021-10-21 12:54:36 - [TEST_STEP][PASSED] - setText(findTestObject(orPath_Amount + "/input__paymentAmount"), Amount): Text '10.50' is set on object 'Object Repository/RAD_Pages/PaymentAmount_Page/input__paymentAmount'

2021-10-21 12:54:37 - [MESSAGE][PASSED] - Text '10.50' is set on object 'Object Repository/RAD_Pages/PaymentAmount_Page/input__paymentAmount'

2021-10-21 12:54:37 - [TEST_STEP][PASSED] - scrollToElement(findTestObject(orPath_Landing + "/button_Continue"), 3): Scroll to object 'Object Repository/RAD_Pages/Landing_Page/button_Continue' successfully

2021-10-21 12:54:38 - [MESSAGE][PASSED] - Scroll to object 'Object Repository/RAD_Pages/Landing_Page/button_Continue' successfully

2021-10-21 12:54:38 - [TEST_STEP][PASSED] - waitForElementClickable(findTestObject(orPath_Landing + "/button_Continue"), 5): Object 'Object Repository/RAD_Pages/Landing_Page/button_Continue' is clickable

2021-10-21 12:54:38 - [MESSAGE][PASSED] - Object 'Object Repository/RAD_Pages/Landing_Page/button_Continue' is clickable

2021-10-21 12:54:38 - [TEST_STEP][PASSED] - click(findTestObject(orPath_Landing + "/button_Continue")): Object: 'Object Repository/RAD_Pages/Landing_Page/button_Continue' is clicked on

2021-10-21 12:54:38 - [MESSAGE][PASSED] - Object: 'Object Repository/RAD_Pages/Landing_Page/button_Continue' is clicked on

2021-10-21 12:54:38 - [TEST_STEP][PASSED] - verifyTextPresent("Review the information below and make any necessary corrections by clicking the", true): Text 'Review the information below and make any necessary corrections by clicking the' is present on page  using regular expression

2021-10-21 12:54:39 - [MESSAGE][PASSED] - Text 'Review the information below and make any necessary corrections by clicking the' is present on page  using regular expression

2021-10-21 12:54:39 - [TEST_STEP][PASSED] - verifyTextPresent("When you are confident that all the information is correct", true): Text 'When you are confident that all the information is correct' is present on page  using regular expression

2021-10-21 12:54:39 - [MESSAGE][PASSED] - Text 'When you are confident that all the information is correct' is present on page  using regular expression

2021-10-21 12:54:39 - [TEST_STEP][PASSED] - scrollToElement(findTestObject(orPath_Summary + "/button_Continue_Summary"), 3): Scroll to object 'Object Repository/RAD_Pages/Summary_Page/button_Continue_Summary' successfully

2021-10-21 12:54:40 - [MESSAGE][PASSED] - Scroll to object 'Object Repository/RAD_Pages/Summary_Page/button_Continue_Summary' successfully

2021-10-21 12:54:40 - [TEST_STEP][PASSED] - waitForElementClickable(findTestObject(orPath_Summary + "/button_Continue_Summary"), 5): Object 'Object Repository/RAD_Pages/Summary_Page/button_Continue_Summary' is clickable

2021-10-21 12:54:40 - [MESSAGE][PASSED] - Object 'Object Repository/RAD_Pages/Summary_Page/button_Continue_Summary' is clickable

2021-10-21 12:54:40 - [TEST_STEP][PASSED] - delay(3): Delayed 3 second(s)

2021-10-21 12:54:43 - [MESSAGE][PASSED] - Delayed 3 second(s)

2021-10-21 12:54:43 - [TEST_STEP][PASSED] - click(findTestObject(orPath_Summary + "/button_Continue_Summary")): Object: 'Object Repository/RAD_Pages/Summary_Page/button_Continue_Summary' is clicked on

2021-10-21 12:54:43 - [MESSAGE][PASSED] - Object: 'Object Repository/RAD_Pages/Summary_Page/button_Continue_Summary' is clicked on

2021-10-21 12:54:43 - [TEST_STEP][PASSED] - delay(3): Delayed 3 second(s)

2021-10-21 12:54:46 - [MESSAGE][PASSED] - Delayed 3 second(s)

2021-10-21 12:54:46 - [TEST_STEP][PASSED] - click(findTestObject(orPath_PaymentReady + "/button_ProceedtoPayment")): Object: 'Object Repository/RAD_Pages/PaymentReady_Page/button_ProceedtoPayment' is clicked on

2021-10-21 12:54:48 - [MESSAGE][PASSED] - Object: 'Object Repository/RAD_Pages/PaymentReady_Page/button_ProceedtoPayment' is clicked on

2021-10-21 12:54:48 - [TEST_STEP][PASSED] - setText(findTestObject(orPath_PaymentEntry + "/input__cardNumber"), CCNumber): Text '4012000098765439' is set on object 'Object Repository/RAD_Pages/PaymentEntry_Page/input__cardNumber'

2021-10-21 12:54:49 - [MESSAGE][PASSED] - Text '4012000098765439' is set on object 'Object Repository/RAD_Pages/PaymentEntry_Page/input__cardNumber'

2021-10-21 12:54:49 - [TEST_STEP][PASSED] - setText(findTestObject(orPath_PaymentEntry + "/input__spc"), CVV): Text '123' is set on object 'Object Repository/RAD_Pages/PaymentEntry_Page/input__spc'

2021-10-21 12:54:50 - [MESSAGE][PASSED] - Text '123' is set on object 'Object Repository/RAD_Pages/PaymentEntry_Page/input__spc'

2021-10-21 12:54:50 - [TEST_STEP][PASSED] - selectOptionByLabel(findTestObject(orPath_PaymentEntry + "/select_MM"), "12", false): All options with label '12' are selected in object 'Object Repository/RAD_Pages/PaymentEntry_Page/select_MM' 

2021-10-21 12:54:50 - [MESSAGE][PASSED] - All options with label '12' are selected in object 'Object Repository/RAD_Pages/PaymentEntry_Page/select_MM' 

2021-10-21 12:54:50 - [TEST_STEP][PASSED] - selectOptionByLabel(findTestObject(orPath_PaymentEntry + "/select_YYYY"), "2023", false): All options with label '2023' are selected in object 'Object Repository/RAD_Pages/PaymentEntry_Page/select_YYYY' 

2021-10-21 12:54:51 - [MESSAGE][PASSED] - All options with label '2023' are selected in object 'Object Repository/RAD_Pages/PaymentEntry_Page/select_YYYY' 

2021-10-21 12:54:51 - [TEST_STEP][PASSED] - click(findTestObject(orPath_PaymentEntry + "/input_Field_ccSubmit")): Object: 'Object Repository/RAD_Pages/PaymentEntry_Page/input_Field_ccSubmit' is clicked on

2021-10-21 12:54:52 - [MESSAGE][PASSED] - Object: 'Object Repository/RAD_Pages/PaymentEntry_Page/input_Field_ccSubmit' is clicked on

2021-10-21 12:54:52 - [TEST_STEP][PASSED] - click(findTestObject(orPath_PaymentConfirmation + "/input_N_confirmNotifyAction")): Object: 'Object Repository/RAD_Pages/PaymentConfirmation_Page/input_N_confirmNotifyAction' is clicked on

2021-10-21 12:54:53 - [MESSAGE][PASSED] - Object: 'Object Repository/RAD_Pages/PaymentConfirmation_Page/input_N_confirmNotifyAction' is clicked on

2021-10-21 12:54:53 - [TEST_STEP][PASSED] - click(findTestObject(orPath_ServiceFeesAccept + "/input_convFeeNotifyAction")): Object: 'Object Repository/RAD_Pages/ServiceFeeAccept_Page/input_convFeeNotifyAction' is clicked on

2021-10-21 12:54:54 - [MESSAGE][PASSED] - Object: 'Object Repository/RAD_Pages/ServiceFeeAccept_Page/input_convFeeNotifyAction' is clicked on

2021-10-21 12:54:54 - [TEST_STEP][PASSED] - delay(10): Delayed 10 second(s)

2021-10-21 12:55:04 - [MESSAGE][PASSED] - Delayed 10 second(s)

2021-10-21 12:55:04 - [TEST_STEP][PASSED] - verifyTextPresent("Successful Payment Receipt", true): Text 'Successful Payment Receipt' is present on page  using regular expression

2021-10-21 12:55:05 - [MESSAGE][PASSED] - Text 'Successful Payment Receipt' is present on page  using regular expression

2021-10-21 12:55:05 - [TEST_STEP][PASSED] - if (verifyTextPresent("Successful Payment Receipt", true)): null

2021-10-21 12:55:05 - [MESSAGE][PASSED] - Text 'Successful Payment Receipt' is present on page  using regular expression

2021-10-21 12:55:05 - [TEST_STEP][PASSED] - println("Transaction was Successful"): null

2021-10-21 12:55:05 - [TEST_STEP][PASSED] - out.println("Pass Record Number: " + row): null

2021-10-21 12:55:05 - [TEST_STEP][PASSED] - resText = "Pass": null

2021-10-21 12:55:05 - [TEST_STEP][PASSED] - pages.WriteExcel.demoKey(resText, datText, resColumn, datCloumn, fileLoc, nameSheet, row): pages.WriteExcel.demoKey is PASSED

2021-10-21 12:55:05 - [MESSAGE][PASSED] - pages.WriteExcel.demoKey is PASSED

2021-10-21 12:55:05 - [TEST_STEP][PASSED] - ExecuteTC = findTestData(dataFile).getValue("Execute", row): null

2021-10-21 12:55:05 - [TEST_STEP][PASSED] - PaymentType = findTestData(dataFile).getValue("PaymentType", row): null

2021-10-21 12:55:05 - [TEST_STEP][PASSED] - FilingYear = findTestData(dataFile).getValue("FilingYear", row): null

2021-10-21 12:55:05 - [TEST_STEP][PASSED] - PeriodEnding = findTestData(dataFile).getValue("PeriodEnding", row): null

2021-10-21 12:55:05 - [TEST_STEP][PASSED] - FName = findTestData(dataFile).getValue("Fname", row): null

2021-10-21 12:55:05 - [TEST_STEP][PASSED] - LName = findTestData(dataFile).getValue("Lname", row): null

2021-10-21 12:55:05 - [TEST_STEP][PASSED] - SSN = findTestData(dataFile).getValue("SSN", row): null

2021-10-21 12:55:05 - [TEST_STEP][PASSED] - BusName = findTestData(dataFile).getValue("BusName", row): null

2021-10-21 12:55:05 - [TEST_STEP][PASSED] - AL1 = findTestData(dataFile).getValue("AL1", row): null

2021-10-21 12:55:05 - [TEST_STEP][PASSED] - City = findTestData(dataFile).getValue("City", row): null

2021-10-21 12:55:05 - [TEST_STEP][PASSED] - ZIP = findTestData(dataFile).getValue("ZIP", row): null

2021-10-21 12:55:05 - [TEST_STEP][PASSED] - FilingType = findTestData(dataFile).getValue("FilingType", row): null

2021-10-21 12:55:05 - [TEST_STEP][PASSED] - Withholding = findTestData(dataFile).getValue("Withholding", row): null

2021-10-21 12:55:05 - [TEST_STEP][PASSED] - Amount = findTestData(dataFile).getValue("Amount", row): null

2021-10-21 12:55:05 - [TEST_STEP][PASSED] - CCNumber = findTestData(dataFile).getValue("CCNumber", row): null

2021-10-21 12:55:05 - [TEST_STEP][PASSED] - CVV = findTestData(dataFile).getValue("CVV", row): null

2021-10-21 12:55:05 - [TEST_STEP][PASSED] - out.println("Value of Execute is : " + ExecuteTC): null

2021-10-21 12:55:05 - [TEST_STEP][PASSED] - if (ExecuteTC.equalsIgnoreCase("Y")): null

2021-10-21 12:55:05 - [TEST_STEP][PASSED] - out.println("Begin Record Number: " + row): null

2021-10-21 12:55:05 - [TEST_STEP][PASSED] - today = new java.util.Date(): null

2021-10-21 12:55:05 - [TEST_STEP][PASSED] - println(today): null

2021-10-21 12:55:05 - [TEST_STEP][PASSED] - datText = today: null

2021-10-21 12:55:05 - [TEST_STEP][PASSED] - Taxtype = findTestData(dataFile).getValue("TaxType", row): null

2021-10-21 12:55:06 - [TEST_STEP][PASSED] - out.println("Taxtype value is : " + Taxtype): null

2021-10-21 12:55:06 - [TEST_STEP][PASSED] - openBrowser(""): Browser is opened with url: ''

2021-10-21 12:55:06 - [MESSAGE][WARNING] - A browser is already opened. Closing browser and opening a new one

2021-10-21 12:55:06 - [MESSAGE][INFO] - Starting 'Chrome' driver

2021-10-21 12:55:06 - [MESSAGE][INFO] - User set preference: ['acceptInsecureCerts', 'true']

2021-10-21 12:55:06 - [MESSAGE][INFO] - Action delay is set to 0 milliseconds

2021-10-21 12:55:08 - [MESSAGE][PASSED] - Browser is opened with url: ''

2021-10-21 12:55:08 - [TEST_STEP][PASSED] - maximizeWindow(): Current window maximized

2021-10-21 12:55:08 - [MESSAGE][PASSED] - Current window maximized

2021-10-21 12:55:08 - [TEST_STEP][PASSED] - navigateToUrl(RADurl): Navigate to 'https://demo.velocitypayment.com/client/rad/index.html' successfully

2021-10-21 12:55:10 - [MESSAGE][PASSED] - Navigate to 'https://demo.velocitypayment.com/client/rad/index.html' successfully

2021-10-21 12:55:10 - [TEST_STEP][PASSED] - orPath_Landing = "Object Repository/RAD_Pages/Landing_Page": null

2021-10-21 12:55:10 - [TEST_STEP][PASSED] - orPath_TaxTypeFilingYear = "Object Repository/RAD_Pages/TaxTypeFilingYear_Page": null

2021-10-21 12:55:10 - [TEST_STEP][PASSED] - orPath_TaxPayer = "Object Repository/RAD_Pages/Taxpayer_Page": null

2021-10-21 12:55:10 - [TEST_STEP][PASSED] - orPath_AddressContact = "Object Repository/RAD_Pages/AddressAndContactInfo_Page": null

2021-10-21 12:55:10 - [TEST_STEP][PASSED] - orPath_FilingStatus = "Object Repository/RAD_Pages/FilingStatus_Page": null

2021-10-21 12:55:10 - [TEST_STEP][PASSED] - orPath_Amount = "Object Repository/RAD_Pages/PaymentAmount_Page": null

2021-10-21 12:55:10 - [TEST_STEP][PASSED] - orPath_TaxInfo = "Object Repository/RAD_Pages/TaxInfo_Page": null

2021-10-21 12:55:10 - [TEST_STEP][PASSED] - orPath_Withholding = "Object Repository/RAD_Pages/Withholding_Page": null

2021-10-21 12:55:10 - [TEST_STEP][PASSED] - orPath_Summary = "Object Repository/RAD_Pages/Summary_Page": null

2021-10-21 12:55:10 - [TEST_STEP][PASSED] - orPath_PaymentReady = "Object Repository/RAD_Pages/PaymentReady_Page": null

2021-10-21 12:55:10 - [TEST_STEP][PASSED] - orPath_PaymentEntry = "Object Repository/RAD_Pages/PaymentEntry_Page": null

2021-10-21 12:55:10 - [TEST_STEP][PASSED] - orPath_PaymentConfirmation = "Object Repository/RAD_Pages/PaymentConfirmation_Page": null

2021-10-21 12:55:10 - [TEST_STEP][PASSED] - orPath_ServiceFeesAccept = "Object Repository/RAD_Pages/ServiceFeeAccept_Page": null

2021-10-21 12:55:10 - [TEST_STEP][PASSED] - selectOptionByLabel(findTestObject(orPath_Landing + "/dd_TaxType"), Taxtype, false): All options with label 'Extension Payments' are selected in object 'Object Repository/RAD_Pages/Landing_Page/dd_TaxType' 

2021-10-21 12:55:10 - [MESSAGE][PASSED] - All options with label 'Extension Payments' are selected in object 'Object Repository/RAD_Pages/Landing_Page/dd_TaxType' 

2021-10-21 12:55:10 - [TEST_STEP][PASSED] - delay(3): Delayed 3 second(s)

2021-10-21 12:55:13 - [MESSAGE][PASSED] - Delayed 3 second(s)

2021-10-21 12:55:13 - [TEST_STEP][PASSED] - switch (Taxtype): null

2021-10-21 12:55:13 - [TEST_STEP][PASSED] - case "Extension Payments":: null

2021-10-21 12:55:13 - [TEST_STEP][PASSED] - selectOptionByLabel(findTestObject(orPath_TaxTypeFilingYear + "/select_PaymentType"), PaymentType, false): All options with label 'Corporate' are selected in object 'Object Repository/RAD_Pages/TaxTypeFilingYear_Page/select_PaymentType' 

2021-10-21 12:55:14 - [MESSAGE][PASSED] - All options with label 'Corporate' are selected in object 'Object Repository/RAD_Pages/TaxTypeFilingYear_Page/select_PaymentType' 

2021-10-21 12:55:14 - [TEST_STEP][PASSED] - selectOptionByLabel(findTestObject(orPath_TaxTypeFilingYear + "/select_FilingYear"), FilingYear, false): All options with label '2022' are selected in object 'Object Repository/RAD_Pages/TaxTypeFilingYear_Page/select_FilingYear' 

2021-10-21 12:55:15 - [MESSAGE][PASSED] - All options with label '2022' are selected in object 'Object Repository/RAD_Pages/TaxTypeFilingYear_Page/select_FilingYear' 

2021-10-21 12:55:15 - [TEST_STEP][PASSED] - setText(findTestObject(orPath_TaxPayer + "/input_PSSN"), SSN): Text '123-44-5555' is set on object 'Object Repository/RAD_Pages/Taxpayer_Page/input_PSSN'

2021-10-21 12:55:15 - [MESSAGE][PASSED] - Text '123-44-5555' is set on object 'Object Repository/RAD_Pages/Taxpayer_Page/input_PSSN'

2021-10-21 12:55:15 - [TEST_STEP][PASSED] - setText(findTestObject(orPath_TaxPayer + "/input_reEnterPSSN"), SSN): Text '123-44-5555' is set on object 'Object Repository/RAD_Pages/Taxpayer_Page/input_reEnterPSSN'

2021-10-21 12:55:16 - [MESSAGE][PASSED] - Text '123-44-5555' is set on object 'Object Repository/RAD_Pages/Taxpayer_Page/input_reEnterPSSN'

2021-10-21 12:55:16 - [TEST_STEP][PASSED] - if (FilingType.equalsIgnoreCase("Y")): Object 'Object Repository/RAD_Pages/FilingStatus_Page/input_userType_Individual' is checked

2021-10-21 12:55:16 - [TEST_STEP][PASSED] - check(findTestObject(orPath_FilingStatus + "/input_userType_Individual")): Object 'Object Repository/RAD_Pages/FilingStatus_Page/input_userType_Individual' is checked

2021-10-21 12:55:16 - [MESSAGE][PASSED] - Object 'Object Repository/RAD_Pages/FilingStatus_Page/input_userType_Individual' is checked

2021-10-21 12:55:16 - [TEST_STEP][PASSED] - break: null

2021-10-21 12:55:16 - [TEST_STEP][PASSED] - setText(findTestObject(orPath_TaxPayer + "/input_firstName"), FName): Text 'Chris' is set on object 'Object Repository/RAD_Pages/Taxpayer_Page/input_firstName'

2021-10-21 12:55:17 - [MESSAGE][PASSED] - Text 'Chris' is set on object 'Object Repository/RAD_Pages/Taxpayer_Page/input_firstName'

2021-10-21 12:55:17 - [TEST_STEP][PASSED] - setText(findTestObject(orPath_TaxPayer + "/input_lastName"), LName): Text 'Murray' is set on object 'Object Repository/RAD_Pages/Taxpayer_Page/input_lastName'

2021-10-21 12:55:18 - [MESSAGE][PASSED] - Text 'Murray' is set on object 'Object Repository/RAD_Pages/Taxpayer_Page/input_lastName'

2021-10-21 12:55:18 - [TEST_STEP][PASSED] - selectOptionByLabel(findTestObject(orPath_AddressContact + "/select_Country"), "United States", false): All options with label 'United States' are selected in object 'Object Repository/RAD_Pages/AddressAndContactInfo_Page/select_Country' 

2021-10-21 12:55:18 - [MESSAGE][PASSED] - All options with label 'United States' are selected in object 'Object Repository/RAD_Pages/AddressAndContactInfo_Page/select_Country' 

2021-10-21 12:55:18 - [TEST_STEP][PASSED] - setText(findTestObject(orPath_AddressContact + "/input_streetAddress1"), AL1): Text '1501 Mandan Terrace' is set on object 'Object Repository/RAD_Pages/AddressAndContactInfo_Page/input_streetAddress1'

2021-10-21 12:55:19 - [MESSAGE][PASSED] - Text '1501 Mandan Terrace' is set on object 'Object Repository/RAD_Pages/AddressAndContactInfo_Page/input_streetAddress1'

2021-10-21 12:55:19 - [TEST_STEP][PASSED] - setText(findTestObject(orPath_AddressContact + "/input_streetAddress2"), ""): Text '' is set on object 'Object Repository/RAD_Pages/AddressAndContactInfo_Page/input_streetAddress2'

2021-10-21 12:55:20 - [MESSAGE][PASSED] - Text '' is set on object 'Object Repository/RAD_Pages/AddressAndContactInfo_Page/input_streetAddress2'

2021-10-21 12:55:20 - [TEST_STEP][PASSED] - setText(findTestObject(orPath_AddressContact + "/input_city"), City): Text 'Bowie' is set on object 'Object Repository/RAD_Pages/AddressAndContactInfo_Page/input_city'

2021-10-21 12:55:20 - [MESSAGE][PASSED] - Text 'Bowie' is set on object 'Object Repository/RAD_Pages/AddressAndContactInfo_Page/input_city'

2021-10-21 12:55:20 - [TEST_STEP][PASSED] - selectOptionByLabel(findTestObject(orPath_AddressContact + "/select_State"), "Maryland", false): All options with label 'Maryland' are selected in object 'Object Repository/RAD_Pages/AddressAndContactInfo_Page/select_State' 

2021-10-21 12:55:21 - [MESSAGE][PASSED] - All options with label 'Maryland' are selected in object 'Object Repository/RAD_Pages/AddressAndContactInfo_Page/select_State' 

2021-10-21 12:55:21 - [TEST_STEP][PASSED] - setText(findTestObject(orPath_AddressContact + "/input_zipCode"), ZIP): Text '20720' is set on object 'Object Repository/RAD_Pages/AddressAndContactInfo_Page/input_zipCode'

2021-10-21 12:55:22 - [MESSAGE][PASSED] - Text '20720' is set on object 'Object Repository/RAD_Pages/AddressAndContactInfo_Page/input_zipCode'

2021-10-21 12:55:22 - [TEST_STEP][PASSED] - setText(findTestObject(orPath_AddressContact + "/input_phoneNumber"), "(703) 894-5000"): Text '(703) 894-5000' is set on object 'Object Repository/RAD_Pages/AddressAndContactInfo_Page/input_phoneNumber'

2021-10-21 12:55:22 - [MESSAGE][PASSED] - Text '(703) 894-5000' is set on object 'Object Repository/RAD_Pages/AddressAndContactInfo_Page/input_phoneNumber'

2021-10-21 12:55:22 - [TEST_STEP][PASSED] - setText(findTestObject(orPath_AddressContact + "/input_eMailAddress"), "iahmed@govolution.com"): Text 'iahmed@govolution.com' is set on object 'Object Repository/RAD_Pages/AddressAndContactInfo_Page/input_eMailAddress'

2021-10-21 12:55:23 - [MESSAGE][PASSED] - Text 'iahmed@govolution.com' is set on object 'Object Repository/RAD_Pages/AddressAndContactInfo_Page/input_eMailAddress'

2021-10-21 12:55:23 - [TEST_STEP][PASSED] - setText(findTestObject(orPath_AddressContact + "/input_reEnterEMailAddress"), "iahmed@govolution.com"): Text 'iahmed@govolution.com' is set on object 'Object Repository/RAD_Pages/AddressAndContactInfo_Page/input_reEnterEMailAddress'

2021-10-21 12:55:24 - [MESSAGE][PASSED] - Text 'iahmed@govolution.com' is set on object 'Object Repository/RAD_Pages/AddressAndContactInfo_Page/input_reEnterEMailAddress'

2021-10-21 12:55:24 - [TEST_STEP][PASSED] - setText(findTestObject(orPath_Amount + "/input__paymentAmount"), Amount): Text '10.50' is set on object 'Object Repository/RAD_Pages/PaymentAmount_Page/input__paymentAmount'

2021-10-21 12:55:25 - [MESSAGE][PASSED] - Text '10.50' is set on object 'Object Repository/RAD_Pages/PaymentAmount_Page/input__paymentAmount'

2021-10-21 12:55:25 - [TEST_STEP][PASSED] - scrollToElement(findTestObject(orPath_Landing + "/button_Continue"), 3): Scroll to object 'Object Repository/RAD_Pages/Landing_Page/button_Continue' successfully

2021-10-21 12:55:25 - [MESSAGE][PASSED] - Scroll to object 'Object Repository/RAD_Pages/Landing_Page/button_Continue' successfully

2021-10-21 12:55:25 - [TEST_STEP][PASSED] - waitForElementClickable(findTestObject(orPath_Landing + "/button_Continue"), 5): Object 'Object Repository/RAD_Pages/Landing_Page/button_Continue' is clickable

2021-10-21 12:55:25 - [MESSAGE][PASSED] - Object 'Object Repository/RAD_Pages/Landing_Page/button_Continue' is clickable

2021-10-21 12:55:25 - [TEST_STEP][PASSED] - click(findTestObject(orPath_Landing + "/button_Continue")): Object: 'Object Repository/RAD_Pages/Landing_Page/button_Continue' is clicked on

2021-10-21 12:55:26 - [MESSAGE][PASSED] - Object: 'Object Repository/RAD_Pages/Landing_Page/button_Continue' is clicked on

2021-10-21 12:55:26 - [TEST_STEP][PASSED] - verifyTextPresent("Review the information below and make any necessary corrections by clicking the", true): Text 'Review the information below and make any necessary corrections by clicking the' is present on page  using regular expression

2021-10-21 12:55:26 - [MESSAGE][PASSED] - Text 'Review the information below and make any necessary corrections by clicking the' is present on page  using regular expression

2021-10-21 12:55:26 - [TEST_STEP][PASSED] - verifyTextPresent("When you are confident that all the information is correct", true): Text 'When you are confident that all the information is correct' is present on page  using regular expression

2021-10-21 12:55:27 - [MESSAGE][PASSED] - Text 'When you are confident that all the information is correct' is present on page  using regular expression

2021-10-21 12:55:27 - [TEST_STEP][PASSED] - scrollToElement(findTestObject(orPath_Summary + "/button_Continue_Summary"), 3): Scroll to object 'Object Repository/RAD_Pages/Summary_Page/button_Continue_Summary' successfully

2021-10-21 12:55:27 - [MESSAGE][PASSED] - Scroll to object 'Object Repository/RAD_Pages/Summary_Page/button_Continue_Summary' successfully

2021-10-21 12:55:27 - [TEST_STEP][PASSED] - waitForElementClickable(findTestObject(orPath_Summary + "/button_Continue_Summary"), 5): Object 'Object Repository/RAD_Pages/Summary_Page/button_Continue_Summary' is clickable

2021-10-21 12:55:27 - [MESSAGE][PASSED] - Object 'Object Repository/RAD_Pages/Summary_Page/button_Continue_Summary' is clickable

2021-10-21 12:55:27 - [TEST_STEP][PASSED] - delay(3): Delayed 3 second(s)

2021-10-21 12:55:30 - [MESSAGE][PASSED] - Delayed 3 second(s)

2021-10-21 12:55:30 - [TEST_STEP][PASSED] - click(findTestObject(orPath_Summary + "/button_Continue_Summary")): Object: 'Object Repository/RAD_Pages/Summary_Page/button_Continue_Summary' is clicked on

2021-10-21 12:55:31 - [MESSAGE][PASSED] - Object: 'Object Repository/RAD_Pages/Summary_Page/button_Continue_Summary' is clicked on

2021-10-21 12:55:31 - [TEST_STEP][PASSED] - delay(3): Delayed 3 second(s)

2021-10-21 12:55:34 - [MESSAGE][PASSED] - Delayed 3 second(s)

2021-10-21 12:55:34 - [TEST_STEP][PASSED] - click(findTestObject(orPath_PaymentReady + "/button_ProceedtoPayment")): Object: 'Object Repository/RAD_Pages/PaymentReady_Page/button_ProceedtoPayment' is clicked on

2021-10-21 12:55:36 - [MESSAGE][PASSED] - Object: 'Object Repository/RAD_Pages/PaymentReady_Page/button_ProceedtoPayment' is clicked on

2021-10-21 12:55:36 - [TEST_STEP][PASSED] - setText(findTestObject(orPath_PaymentEntry + "/input__cardNumber"), CCNumber): Text '5146312200000035' is set on object 'Object Repository/RAD_Pages/PaymentEntry_Page/input__cardNumber'

2021-10-21 12:55:36 - [MESSAGE][PASSED] - Text '5146312200000035' is set on object 'Object Repository/RAD_Pages/PaymentEntry_Page/input__cardNumber'

2021-10-21 12:55:36 - [TEST_STEP][PASSED] - setText(findTestObject(orPath_PaymentEntry + "/input__spc"), CVV): Text '123' is set on object 'Object Repository/RAD_Pages/PaymentEntry_Page/input__spc'

2021-10-21 12:55:37 - [MESSAGE][PASSED] - Text '123' is set on object 'Object Repository/RAD_Pages/PaymentEntry_Page/input__spc'

2021-10-21 12:55:37 - [TEST_STEP][PASSED] - selectOptionByLabel(findTestObject(orPath_PaymentEntry + "/select_MM"), "12", false): All options with label '12' are selected in object 'Object Repository/RAD_Pages/PaymentEntry_Page/select_MM' 

2021-10-21 12:55:38 - [MESSAGE][PASSED] - All options with label '12' are selected in object 'Object Repository/RAD_Pages/PaymentEntry_Page/select_MM' 

2021-10-21 12:55:38 - [TEST_STEP][PASSED] - selectOptionByLabel(findTestObject(orPath_PaymentEntry + "/select_YYYY"), "2023", false): All options with label '2023' are selected in object 'Object Repository/RAD_Pages/PaymentEntry_Page/select_YYYY' 

2021-10-21 12:55:38 - [MESSAGE][PASSED] - All options with label '2023' are selected in object 'Object Repository/RAD_Pages/PaymentEntry_Page/select_YYYY' 

2021-10-21 12:55:38 - [TEST_STEP][PASSED] - click(findTestObject(orPath_PaymentEntry + "/input_Field_ccSubmit")): Object: 'Object Repository/RAD_Pages/PaymentEntry_Page/input_Field_ccSubmit' is clicked on

2021-10-21 12:55:39 - [MESSAGE][PASSED] - Object: 'Object Repository/RAD_Pages/PaymentEntry_Page/input_Field_ccSubmit' is clicked on

2021-10-21 12:55:39 - [TEST_STEP][PASSED] - click(findTestObject(orPath_PaymentConfirmation + "/input_N_confirmNotifyAction")): Object: 'Object Repository/RAD_Pages/PaymentConfirmation_Page/input_N_confirmNotifyAction' is clicked on

2021-10-21 12:55:40 - [MESSAGE][PASSED] - Object: 'Object Repository/RAD_Pages/PaymentConfirmation_Page/input_N_confirmNotifyAction' is clicked on

2021-10-21 12:55:40 - [TEST_STEP][PASSED] - click(findTestObject(orPath_ServiceFeesAccept + "/input_convFeeNotifyAction")): Object: 'Object Repository/RAD_Pages/ServiceFeeAccept_Page/input_convFeeNotifyAction' is clicked on

2021-10-21 12:55:42 - [MESSAGE][PASSED] - Object: 'Object Repository/RAD_Pages/ServiceFeeAccept_Page/input_convFeeNotifyAction' is clicked on

2021-10-21 12:55:42 - [TEST_STEP][PASSED] - delay(10): Delayed 10 second(s)

2021-10-21 12:55:52 - [MESSAGE][PASSED] - Delayed 10 second(s)

2021-10-21 12:55:52 - [TEST_STEP][PASSED] - verifyTextPresent("Successful Payment Receipt", true): Text 'Successful Payment Receipt' is present on page  using regular expression

2021-10-21 12:55:52 - [MESSAGE][PASSED] - Text 'Successful Payment Receipt' is present on page  using regular expression

2021-10-21 12:55:52 - [TEST_STEP][PASSED] - if (verifyTextPresent("Successful Payment Receipt", true)): null

2021-10-21 12:55:53 - [MESSAGE][PASSED] - Text 'Successful Payment Receipt' is present on page  using regular expression

2021-10-21 12:55:53 - [TEST_STEP][PASSED] - println("Transaction was Successful"): null

2021-10-21 12:55:53 - [TEST_STEP][PASSED] - out.println("Pass Record Number: " + row): null

2021-10-21 12:55:53 - [TEST_STEP][PASSED] - resText = "Pass": null

2021-10-21 12:55:53 - [TEST_STEP][PASSED] - pages.WriteExcel.demoKey(resText, datText, resColumn, datCloumn, fileLoc, nameSheet, row): pages.WriteExcel.demoKey is PASSED

2021-10-21 12:55:53 - [MESSAGE][PASSED] - pages.WriteExcel.demoKey is PASSED

2021-10-21 12:55:53 - [TEST_STEP][PASSED] - ExecuteTC = findTestData(dataFile).getValue("Execute", row): null

2021-10-21 12:55:53 - [TEST_STEP][PASSED] - PaymentType = findTestData(dataFile).getValue("PaymentType", row): null

2021-10-21 12:55:53 - [TEST_STEP][PASSED] - FilingYear = findTestData(dataFile).getValue("FilingYear", row): null

2021-10-21 12:55:53 - [TEST_STEP][PASSED] - PeriodEnding = findTestData(dataFile).getValue("PeriodEnding", row): null

2021-10-21 12:55:53 - [TEST_STEP][PASSED] - FName = findTestData(dataFile).getValue("Fname", row): null

2021-10-21 12:55:53 - [TEST_STEP][PASSED] - LName = findTestData(dataFile).getValue("Lname", row): null

2021-10-21 12:55:53 - [TEST_STEP][PASSED] - SSN = findTestData(dataFile).getValue("SSN", row): null

2021-10-21 12:55:53 - [TEST_STEP][PASSED] - BusName = findTestData(dataFile).getValue("BusName", row): null

2021-10-21 12:55:53 - [TEST_STEP][PASSED] - AL1 = findTestData(dataFile).getValue("AL1", row): null

2021-10-21 12:55:53 - [TEST_STEP][PASSED] - City = findTestData(dataFile).getValue("City", row): null

2021-10-21 12:55:53 - [TEST_STEP][PASSED] - ZIP = findTestData(dataFile).getValue("ZIP", row): null

2021-10-21 12:55:53 - [TEST_STEP][PASSED] - FilingType = findTestData(dataFile).getValue("FilingType", row): null

2021-10-21 12:55:53 - [TEST_STEP][PASSED] - Withholding = findTestData(dataFile).getValue("Withholding", row): null

2021-10-21 12:55:53 - [TEST_STEP][PASSED] - Amount = findTestData(dataFile).getValue("Amount", row): null

2021-10-21 12:55:53 - [TEST_STEP][PASSED] - CCNumber = findTestData(dataFile).getValue("CCNumber", row): null

2021-10-21 12:55:53 - [TEST_STEP][PASSED] - CVV = findTestData(dataFile).getValue("CVV", row): null

2021-10-21 12:55:53 - [TEST_STEP][PASSED] - out.println("Value of Execute is : " + ExecuteTC): null

2021-10-21 12:55:53 - [TEST_STEP][FAILED] - if (ExecuteTC.equalsIgnoreCase("Y")): null

2021-10-21 12:55:53 - [TEST_STEP][PASSED] - out.println("Begin Record Number: " + row): null

2021-10-21 12:55:53 - [TEST_STEP][PASSED] - today = new java.util.Date(): null

2021-10-21 12:55:53 - [TEST_STEP][PASSED] - println(today): null

2021-10-21 12:55:53 - [TEST_STEP][PASSED] - datText = today: null

2021-10-21 12:55:53 - [TEST_STEP][PASSED] - Taxtype = findTestData(dataFile).getValue("TaxType", row): null

2021-10-21 12:55:53 - [TEST_STEP][PASSED] - out.println("Taxtype value is : " + Taxtype): null

2021-10-21 12:55:53 - [TEST_STEP][PASSED] - openBrowser(""): Browser is opened with url: ''

2021-10-21 12:55:53 - [MESSAGE][WARNING] - A browser is already opened. Closing browser and opening a new one

2021-10-21 12:55:54 - [MESSAGE][INFO] - Starting 'Chrome' driver

2021-10-21 12:55:54 - [MESSAGE][INFO] - User set preference: ['acceptInsecureCerts', 'true']

2021-10-21 12:55:54 - [MESSAGE][INFO] - Action delay is set to 0 milliseconds

2021-10-21 12:55:56 - [MESSAGE][PASSED] - Browser is opened with url: ''

2021-10-21 12:55:56 - [TEST_STEP][PASSED] - maximizeWindow(): Current window maximized

2021-10-21 12:55:56 - [MESSAGE][PASSED] - Current window maximized

2021-10-21 12:55:56 - [TEST_STEP][PASSED] - navigateToUrl(RADurl): Navigate to 'https://demo.velocitypayment.com/client/rad/index.html' successfully

2021-10-21 12:55:57 - [MESSAGE][PASSED] - Navigate to 'https://demo.velocitypayment.com/client/rad/index.html' successfully

2021-10-21 12:55:57 - [TEST_STEP][PASSED] - orPath_Landing = "Object Repository/RAD_Pages/Landing_Page": null

2021-10-21 12:55:57 - [TEST_STEP][PASSED] - orPath_TaxTypeFilingYear = "Object Repository/RAD_Pages/TaxTypeFilingYear_Page": null

2021-10-21 12:55:57 - [TEST_STEP][PASSED] - orPath_TaxPayer = "Object Repository/RAD_Pages/Taxpayer_Page": null

2021-10-21 12:55:57 - [TEST_STEP][PASSED] - orPath_AddressContact = "Object Repository/RAD_Pages/AddressAndContactInfo_Page": null

2021-10-21 12:55:57 - [TEST_STEP][PASSED] - orPath_FilingStatus = "Object Repository/RAD_Pages/FilingStatus_Page": null

2021-10-21 12:55:57 - [TEST_STEP][PASSED] - orPath_Amount = "Object Repository/RAD_Pages/PaymentAmount_Page": null

2021-10-21 12:55:57 - [TEST_STEP][PASSED] - orPath_TaxInfo = "Object Repository/RAD_Pages/TaxInfo_Page": null

2021-10-21 12:55:57 - [TEST_STEP][PASSED] - orPath_Withholding = "Object Repository/RAD_Pages/Withholding_Page": null

2021-10-21 12:55:57 - [TEST_STEP][PASSED] - orPath_Summary = "Object Repository/RAD_Pages/Summary_Page": null

2021-10-21 12:55:57 - [TEST_STEP][PASSED] - orPath_PaymentReady = "Object Repository/RAD_Pages/PaymentReady_Page": null

2021-10-21 12:55:57 - [TEST_STEP][PASSED] - orPath_PaymentEntry = "Object Repository/RAD_Pages/PaymentEntry_Page": null

2021-10-21 12:55:57 - [TEST_STEP][PASSED] - orPath_PaymentConfirmation = "Object Repository/RAD_Pages/PaymentConfirmation_Page": null

2021-10-21 12:55:57 - [TEST_STEP][PASSED] - orPath_ServiceFeesAccept = "Object Repository/RAD_Pages/ServiceFeeAccept_Page": null

2021-10-21 12:55:57 - [TEST_STEP][PASSED] - selectOptionByLabel(findTestObject(orPath_Landing + "/dd_TaxType"), Taxtype, false): All options with label 'Estimated Tax' are selected in object 'Object Repository/RAD_Pages/Landing_Page/dd_TaxType' 

2021-10-21 12:55:58 - [MESSAGE][PASSED] - All options with label 'Estimated Tax' are selected in object 'Object Repository/RAD_Pages/Landing_Page/dd_TaxType' 

2021-10-21 12:55:58 - [TEST_STEP][PASSED] - delay(3): Delayed 3 second(s)

2021-10-21 12:56:01 - [MESSAGE][PASSED] - Delayed 3 second(s)

2021-10-21 12:56:01 - [TEST_STEP][FAILED] - switch (Taxtype): null

2021-10-21 12:56:01 - [TEST_STEP][FAILED] - case "Estimated Tax":: null

2021-10-21 12:56:01 - [TEST_STEP][PASSED] - selectOptionByLabel(findTestObject(orPath_TaxTypeFilingYear + "/select_PaymentType"), PaymentType, false): All options with label 'Corporate' are selected in object 'Object Repository/RAD_Pages/TaxTypeFilingYear_Page/select_PaymentType' 

2021-10-21 12:56:02 - [MESSAGE][PASSED] - All options with label 'Corporate' are selected in object 'Object Repository/RAD_Pages/TaxTypeFilingYear_Page/select_PaymentType' 

2021-10-21 12:56:02 - [TEST_STEP][PASSED] - selectOptionByLabel(findTestObject(orPath_TaxTypeFilingYear + "/select_FilingYear"), FilingYear, false): All options with label '2022' are selected in object 'Object Repository/RAD_Pages/TaxTypeFilingYear_Page/select_FilingYear' 

2021-10-21 12:56:02 - [MESSAGE][PASSED] - All options with label '2022' are selected in object 'Object Repository/RAD_Pages/TaxTypeFilingYear_Page/select_FilingYear' 

2021-10-21 12:56:02 - [TEST_STEP][PASSED] - setText(findTestObject(orPath_TaxPayer + "/input_PSSN"), SSN): Text '123-44-7754' is set on object 'Object Repository/RAD_Pages/Taxpayer_Page/input_PSSN'

2021-10-21 12:56:03 - [MESSAGE][PASSED] - Text '123-44-7754' is set on object 'Object Repository/RAD_Pages/Taxpayer_Page/input_PSSN'

2021-10-21 12:56:03 - [TEST_STEP][PASSED] - setText(findTestObject(orPath_TaxPayer + "/input_reEnterPSSN"), SSN): Text '123-44-7754' is set on object 'Object Repository/RAD_Pages/Taxpayer_Page/input_reEnterPSSN'

2021-10-21 12:56:04 - [MESSAGE][PASSED] - Text '123-44-7754' is set on object 'Object Repository/RAD_Pages/Taxpayer_Page/input_reEnterPSSN'

2021-10-21 12:56:04 - [TEST_STEP][PASSED] - if (FilingType.equalsIgnoreCase("Y")): null

2021-10-21 12:56:04 - [TEST_STEP][FAILED] - else: null

2021-10-21 12:56:04 - [TEST_STEP][PASSED] - scrollToElement(findTestObject(orPath_Amount + "/input__paymentAmount"), 3): Scroll to object 'Object Repository/RAD_Pages/PaymentAmount_Page/input__paymentAmount' successfully

2021-10-21 12:56:04 - [MESSAGE][PASSED] - Scroll to object 'Object Repository/RAD_Pages/PaymentAmount_Page/input__paymentAmount' successfully

2021-10-21 12:56:04 - [TEST_STEP][PASSED] - waitForElementClickable(findTestObject(orPath_FilingStatus + "/input_userType_Joint"), 5): Object 'Object Repository/RAD_Pages/FilingStatus_Page/input_userType_Joint' is clickable

2021-10-21 12:56:05 - [MESSAGE][PASSED] - Object 'Object Repository/RAD_Pages/FilingStatus_Page/input_userType_Joint' is clickable

2021-10-21 12:56:05 - [TEST_STEP][FAILED] - check(findTestObject(orPath_FilingStatus + "/input_userType_Joint")): Unable to check object 'Object Repository/RAD_Pages/FilingStatus_Page/input_userType_Joint' (Root cause: com.kms.katalon.core.exception.StepFailedException: Unable to check object 'Object Repository/RAD_Pages/FilingStatus_Page/input_userType_Joint'
	at com.kms.katalon.core.webui.keyword.internal.WebUIKeywordMain.stepFailed(WebUIKeywordMain.groovy:64)
	at com.kms.katalon.core.webui.keyword.internal.WebUIKeywordMain.runKeyword(WebUIKeywordMain.groovy:26)
	at com.kms.katalon.core.webui.keyword.builtin.CheckKeyword.check(CheckKeyword.groovy:88)
	at com.kms.katalon.core.webui.keyword.builtin.CheckKeyword.execute(CheckKeyword.groovy:67)
	at com.kms.katalon.core.keyword.internal.KeywordExecutor.executeKeywordForPlatform(KeywordExecutor.groovy:73)
	at com.kms.katalon.core.webui.keyword.WebUiBuiltInKeywords.check(WebUiBuiltInKeywords.groovy:1069)
	at com.kms.katalon.core.webui.keyword.WebUiBuiltInKeywords$check$4.call(Unknown Source)
	at Payments_HC_TC.run(Payments_HC_TC:129)
	at com.kms.katalon.core.main.ScriptEngine.run(ScriptEngine.java:194)
	at com.kms.katalon.core.main.ScriptEngine.runScriptAsRawText(ScriptEngine.java:119)
	at com.kms.katalon.core.main.TestCaseExecutor.runScript(TestCaseExecutor.java:369)
	at com.kms.katalon.core.main.TestCaseExecutor.doExecute(TestCaseExecutor.java:360)
	at com.kms.katalon.core.main.TestCaseExecutor.processExecutionPhase(TestCaseExecutor.java:339)
	at com.kms.katalon.core.main.TestCaseExecutor.accessMainPhase(TestCaseExecutor.java:331)
	at com.kms.katalon.core.main.TestCaseExecutor.execute(TestCaseExecutor.java:248)
	at com.kms.katalon.core.main.TestSuiteExecutor.accessTestCaseMainPhase(TestSuiteExecutor.java:191)
	at com.kms.katalon.core.main.TestSuiteExecutor.accessTestSuiteMainPhase(TestSuiteExecutor.java:140)
	at com.kms.katalon.core.main.TestSuiteExecutor.execute(TestSuiteExecutor.java:89)
	at com.kms.katalon.core.main.TestCaseMain.startTestSuite(TestCaseMain.java:185)
	at com.kms.katalon.core.main.TestCaseMain$startTestSuite$0.call(Unknown Source)
	at TempTestSuite1634834938608.run(TempTestSuite1634834938608.groovy:39)
Caused by: org.openqa.selenium.ElementNotInteractableException: element not interactable
  (Session info: chrome=95.0.4638.54)
Build info: version: '3.141.59', revision: 'e82be7d358', time: '2018-11-14T08:25:53'
System info: host: 'DESKTOP-B2QI6NS', ip: '172.30.2.167', os.name: 'Windows 10', os.arch: 'amd64', os.version: '10.0', java.version: '1.8.0_181'
Driver info: com.kms.katalon.selenium.driver.CChromeDriver
Capabilities {acceptInsecureCerts: true, browserName: chrome, browserVersion: 95.0.4638.54, chrome: {chromedriverVersion: 94.0.4606.61 (418b78f5838ed..., userDataDir: C:\Users\iahmed\AppData\Loc...}, goog:chromeOptions: {debuggerAddress: localhost:57713}, javascriptEnabled: true, networkConnectionEnabled: false, pageLoadStrategy: normal, platform: WINDOWS, platformName: WINDOWS, proxy: Proxy(), setWindowRect: true, strictFileInteractability: false, timeouts: {implicit: 0, pageLoad: 300000, script: 30000}, unhandledPromptBehavior: dismiss and notify, webauthn:extension:credBlob: true, webauthn:extension:largeBlob: true, webauthn:virtualAuthenticators: true}
Session ID: 24fef4662cc735e5f30fc12745cbd464
	at org.openqa.selenium.remote.http.W3CHttpResponseCodec.createException(W3CHttpResponseCodec.java:187)
	at org.openqa.selenium.remote.http.W3CHttpResponseCodec.decode(W3CHttpResponseCodec.java:122)
	at org.openqa.selenium.remote.http.W3CHttpResponseCodec.decode(W3CHttpResponseCodec.java:49)
	at org.openqa.selenium.remote.HttpCommandExecutor.execute(HttpCommandExecutor.java:158)
	at org.openqa.selenium.remote.service.DriverCommandExecutor.execute(DriverCommandExecutor.java:83)
	at org.openqa.selenium.remote.RemoteWebDriver.execute(RemoteWebDriver.java:552)
	at com.kms.katalon.selenium.driver.CChromeDriver.execute(CChromeDriver.java:19)
	at org.openqa.selenium.remote.RemoteWebElement.execute(RemoteWebElement.java:285)
	at org.openqa.selenium.remote.RemoteWebElement.click(RemoteWebElement.java:84)
	at org.openqa.selenium.support.events.EventFiringWebDriver$EventFiringWebElement.lambda$new$0(EventFiringWebDriver.java:404)
	at com.sun.proxy.$Proxy11.click(Unknown Source)
	at org.openqa.selenium.support.events.EventFiringWebDriver$EventFiringWebElement.click(EventFiringWebDriver.java:417)
	at com.kms.katalon.core.webui.keyword.builtin.CheckKeyword$_check_closure1.doCall(CheckKeyword.groovy:80)
	at com.kms.katalon.core.webui.keyword.builtin.CheckKeyword$_check_closure1.call(CheckKeyword.groovy)
	at com.kms.katalon.core.webui.keyword.internal.WebUIKeywordMain.runKeyword(WebUIKeywordMain.groovy:20)
	at com.kms.katalon.core.webui.keyword.builtin.CheckKeyword.check(CheckKeyword.groovy:88)
	at com.kms.katalon.core.webui.keyword.builtin.CheckKeyword.execute(CheckKeyword.groovy:67)
	at com.kms.katalon.core.keyword.internal.KeywordExecutor.executeKeywordForPlatform(KeywordExecutor.groovy:73)
	at com.kms.katalon.core.webui.keyword.WebUiBuiltInKeywords.check(WebUiBuiltInKeywords.groovy:1069)
	at com.kms.katalon.core.webui.keyword.WebUiBuiltInKeywords$check$4.call(Unknown Source)
	at Script1634674829687.run(Script1634674829687.groovy:129)
	... 13 more
)

2021-10-21 12:56:05 - [MESSAGE][FAILED] - Unable to check object 'Object Repository/RAD_Pages/FilingStatus_Page/input_userType_Joint' (Root cause: com.kms.katalon.core.exception.StepFailedException: Unable to check object 'Object Repository/RAD_Pages/FilingStatus_Page/input_userType_Joint'
	at com.kms.katalon.core.webui.keyword.internal.WebUIKeywordMain.stepFailed(WebUIKeywordMain.groovy:64)
	at com.kms.katalon.core.webui.keyword.internal.WebUIKeywordMain.runKeyword(WebUIKeywordMain.groovy:26)
	at com.kms.katalon.core.webui.keyword.builtin.CheckKeyword.check(CheckKeyword.groovy:88)
	at com.kms.katalon.core.webui.keyword.builtin.CheckKeyword.execute(CheckKeyword.groovy:67)
	at com.kms.katalon.core.keyword.internal.KeywordExecutor.executeKeywordForPlatform(KeywordExecutor.groovy:73)
	at com.kms.katalon.core.webui.keyword.WebUiBuiltInKeywords.check(WebUiBuiltInKeywords.groovy:1069)
	at com.kms.katalon.core.webui.keyword.WebUiBuiltInKeywords$check$4.call(Unknown Source)
	at Payments_HC_TC.run(Payments_HC_TC:129)
	at com.kms.katalon.core.main.ScriptEngine.run(ScriptEngine.java:194)
	at com.kms.katalon.core.main.ScriptEngine.runScriptAsRawText(ScriptEngine.java:119)
	at com.kms.katalon.core.main.TestCaseExecutor.runScript(TestCaseExecutor.java:369)
	at com.kms.katalon.core.main.TestCaseExecutor.doExecute(TestCaseExecutor.java:360)
	at com.kms.katalon.core.main.TestCaseExecutor.processExecutionPhase(TestCaseExecutor.java:339)
	at com.kms.katalon.core.main.TestCaseExecutor.accessMainPhase(TestCaseExecutor.java:331)
	at com.kms.katalon.core.main.TestCaseExecutor.execute(TestCaseExecutor.java:248)
	at com.kms.katalon.core.main.TestSuiteExecutor.accessTestCaseMainPhase(TestSuiteExecutor.java:191)
	at com.kms.katalon.core.main.TestSuiteExecutor.accessTestSuiteMainPhase(TestSuiteExecutor.java:140)
	at com.kms.katalon.core.main.TestSuiteExecutor.execute(TestSuiteExecutor.java:89)
	at com.kms.katalon.core.main.TestCaseMain.startTestSuite(TestCaseMain.java:185)
	at com.kms.katalon.core.main.TestCaseMain$startTestSuite$0.call(Unknown Source)
	at TempTestSuite1634834938608.run(TempTestSuite1634834938608.groovy:39)
Caused by: org.openqa.selenium.ElementNotInteractableException: element not interactable
  (Session info: chrome=95.0.4638.54)
Build info: version: '3.141.59', revision: 'e82be7d358', time: '2018-11-14T08:25:53'
System info: host: 'DESKTOP-B2QI6NS', ip: '172.30.2.167', os.name: 'Windows 10', os.arch: 'amd64', os.version: '10.0', java.version: '1.8.0_181'
Driver info: com.kms.katalon.selenium.driver.CChromeDriver
Capabilities {acceptInsecureCerts: true, browserName: chrome, browserVersion: 95.0.4638.54, chrome: {chromedriverVersion: 94.0.4606.61 (418b78f5838ed..., userDataDir: C:\Users\iahmed\AppData\Loc...}, goog:chromeOptions: {debuggerAddress: localhost:57713}, javascriptEnabled: true, networkConnectionEnabled: false, pageLoadStrategy: normal, platform: WINDOWS, platformName: WINDOWS, proxy: Proxy(), setWindowRect: true, strictFileInteractability: false, timeouts: {implicit: 0, pageLoad: 300000, script: 30000}, unhandledPromptBehavior: dismiss and notify, webauthn:extension:credBlob: true, webauthn:extension:largeBlob: true, webauthn:virtualAuthenticators: true}
Session ID: 24fef4662cc735e5f30fc12745cbd464
	at org.openqa.selenium.remote.http.W3CHttpResponseCodec.createException(W3CHttpResponseCodec.java:187)
	at org.openqa.selenium.remote.http.W3CHttpResponseCodec.decode(W3CHttpResponseCodec.java:122)
	at org.openqa.selenium.remote.http.W3CHttpResponseCodec.decode(W3CHttpResponseCodec.java:49)
	at org.openqa.selenium.remote.HttpCommandExecutor.execute(HttpCommandExecutor.java:158)
	at org.openqa.selenium.remote.service.DriverCommandExecutor.execute(DriverCommandExecutor.java:83)
	at org.openqa.selenium.remote.RemoteWebDriver.execute(RemoteWebDriver.java:552)
	at com.kms.katalon.selenium.driver.CChromeDriver.execute(CChromeDriver.java:19)
	at org.openqa.selenium.remote.RemoteWebElement.execute(RemoteWebElement.java:285)
	at org.openqa.selenium.remote.RemoteWebElement.click(RemoteWebElement.java:84)
	at org.openqa.selenium.support.events.EventFiringWebDriver$EventFiringWebElement.lambda$new$0(EventFiringWebDriver.java:404)
	at com.sun.proxy.$Proxy11.click(Unknown Source)
	at org.openqa.selenium.support.events.EventFiringWebDriver$EventFiringWebElement.click(EventFiringWebDriver.java:417)
	at com.kms.katalon.core.webui.keyword.builtin.CheckKeyword$_check_closure1.doCall(CheckKeyword.groovy:80)
	at com.kms.katalon.core.webui.keyword.builtin.CheckKeyword$_check_closure1.call(CheckKeyword.groovy)
	at com.kms.katalon.core.webui.keyword.internal.WebUIKeywordMain.runKeyword(WebUIKeywordMain.groovy:20)
	at com.kms.katalon.core.webui.keyword.builtin.CheckKeyword.check(CheckKeyword.groovy:88)
	at com.kms.katalon.core.webui.keyword.builtin.CheckKeyword.execute(CheckKeyword.groovy:67)
	at com.kms.katalon.core.keyword.internal.KeywordExecutor.executeKeywordForPlatform(KeywordExecutor.groovy:73)
	at com.kms.katalon.core.webui.keyword.WebUiBuiltInKeywords.check(WebUiBuiltInKeywords.groovy:1069)
	at com.kms.katalon.core.webui.keyword.WebUiBuiltInKeywords$check$4.call(Unknown Source)
	at Script1634674829687.run(Script1634674829687.groovy:129)
	... 13 more
)
[[ATTACHMENT|E:\\Cloned-Project-Katalon\\VPS-Katalon\\Reports\\20211021_124858\\RAD_TestSuite\\RAD_UI_TestSuite\\20211021_124858\\1634835365459.png]]

2021-10-21 12:56:05 - [TEST_STEP][PASSED] - delay(3): Delayed 3 second(s)

2021-10-21 12:56:08 - [MESSAGE][PASSED] - Delayed 3 second(s)

2021-10-21 12:56:08 - [TEST_STEP][FAILED] - setText(findTestObject(orPath_FilingStatus + "/input_jointFirstName"), "Sam"): Unable to set text 'Sam' of object 'Object Repository/RAD_Pages/FilingStatus_Page/input_jointFirstName' (Root cause: com.kms.katalon.core.exception.StepFailedException: Unable to set text 'Sam' of object 'Object Repository/RAD_Pages/FilingStatus_Page/input_jointFirstName'
	at com.kms.katalon.core.webui.keyword.internal.WebUIKeywordMain.stepFailed(WebUIKeywordMain.groovy:64)
	at com.kms.katalon.core.webui.keyword.internal.WebUIKeywordMain.runKeyword(WebUIKeywordMain.groovy:26)
	at com.kms.katalon.core.webui.keyword.builtin.SetTextKeyword.setText(SetTextKeyword.groovy:66)
	at com.kms.katalon.core.webui.keyword.builtin.SetTextKeyword.execute(SetTextKeyword.groovy:37)
	at com.kms.katalon.core.keyword.internal.KeywordExecutor.executeKeywordForPlatform(KeywordExecutor.groovy:73)
	at com.kms.katalon.core.webui.keyword.WebUiBuiltInKeywords.setText(WebUiBuiltInKeywords.groovy:980)
	at com.kms.katalon.core.webui.keyword.WebUiBuiltInKeywords$setText$3.call(Unknown Source)
	at Payments_HC_TC.run(Payments_HC_TC:131)
	at com.kms.katalon.core.main.ScriptEngine.run(ScriptEngine.java:194)
	at com.kms.katalon.core.main.ScriptEngine.runScriptAsRawText(ScriptEngine.java:119)
	at com.kms.katalon.core.main.TestCaseExecutor.runScript(TestCaseExecutor.java:369)
	at com.kms.katalon.core.main.TestCaseExecutor.doExecute(TestCaseExecutor.java:360)
	at com.kms.katalon.core.main.TestCaseExecutor.processExecutionPhase(TestCaseExecutor.java:339)
	at com.kms.katalon.core.main.TestCaseExecutor.accessMainPhase(TestCaseExecutor.java:331)
	at com.kms.katalon.core.main.TestCaseExecutor.execute(TestCaseExecutor.java:248)
	at com.kms.katalon.core.main.TestSuiteExecutor.accessTestCaseMainPhase(TestSuiteExecutor.java:191)
	at com.kms.katalon.core.main.TestSuiteExecutor.accessTestSuiteMainPhase(TestSuiteExecutor.java:140)
	at com.kms.katalon.core.main.TestSuiteExecutor.execute(TestSuiteExecutor.java:89)
	at com.kms.katalon.core.main.TestCaseMain.startTestSuite(TestCaseMain.java:185)
	at com.kms.katalon.core.main.TestCaseMain$startTestSuite$0.call(Unknown Source)
	at TempTestSuite1634834938608.run(TempTestSuite1634834938608.groovy:39)
Caused by: org.openqa.selenium.ElementNotInteractableException: element not interactable
  (Session info: chrome=95.0.4638.54)
Build info: version: '3.141.59', revision: 'e82be7d358', time: '2018-11-14T08:25:53'
System info: host: 'DESKTOP-B2QI6NS', ip: '172.30.2.167', os.name: 'Windows 10', os.arch: 'amd64', os.version: '10.0', java.version: '1.8.0_181'
Driver info: com.kms.katalon.selenium.driver.CChromeDriver
Capabilities {acceptInsecureCerts: true, browserName: chrome, browserVersion: 95.0.4638.54, chrome: {chromedriverVersion: 94.0.4606.61 (418b78f5838ed..., userDataDir: C:\Users\iahmed\AppData\Loc...}, goog:chromeOptions: {debuggerAddress: localhost:57713}, javascriptEnabled: true, networkConnectionEnabled: false, pageLoadStrategy: normal, platform: WINDOWS, platformName: WINDOWS, proxy: Proxy(), setWindowRect: true, strictFileInteractability: false, timeouts: {implicit: 0, pageLoad: 300000, script: 30000}, unhandledPromptBehavior: dismiss and notify, webauthn:extension:credBlob: true, webauthn:extension:largeBlob: true, webauthn:virtualAuthenticators: true}
Session ID: 24fef4662cc735e5f30fc12745cbd464
	at org.openqa.selenium.remote.http.W3CHttpResponseCodec.createException(W3CHttpResponseCodec.java:187)
	at org.openqa.selenium.remote.http.W3CHttpResponseCodec.decode(W3CHttpResponseCodec.java:122)
	at org.openqa.selenium.remote.http.W3CHttpResponseCodec.decode(W3CHttpResponseCodec.java:49)
	at org.openqa.selenium.remote.HttpCommandExecutor.execute(HttpCommandExecutor.java:158)
	at org.openqa.selenium.remote.service.DriverCommandExecutor.execute(DriverCommandExecutor.java:83)
	at org.openqa.selenium.remote.RemoteWebDriver.execute(RemoteWebDriver.java:552)
	at com.kms.katalon.selenium.driver.CChromeDriver.execute(CChromeDriver.java:19)
	at org.openqa.selenium.remote.RemoteWebElement.execute(RemoteWebElement.java:285)
	at org.openqa.selenium.remote.RemoteWebElement.clear(RemoteWebElement.java:124)
	at org.openqa.selenium.support.events.EventFiringWebDriver$EventFiringWebElement.lambda$new$0(EventFiringWebDriver.java:404)
	at com.sun.proxy.$Proxy11.clear(Unknown Source)
	at org.openqa.selenium.support.events.EventFiringWebDriver$EventFiringWebElement.clear(EventFiringWebDriver.java:436)
	at com.kms.katalon.core.webui.keyword.builtin.SetTextKeyword$_setText_closure1.doCall(SetTextKeyword.groovy:53)
	at com.kms.katalon.core.webui.keyword.builtin.SetTextKeyword$_setText_closure1.call(SetTextKeyword.groovy)
	at com.kms.katalon.core.webui.keyword.internal.WebUIKeywordMain.runKeyword(WebUIKeywordMain.groovy:20)
	at com.kms.katalon.core.webui.keyword.builtin.SetTextKeyword.setText(SetTextKeyword.groovy:66)
	at com.kms.katalon.core.webui.keyword.builtin.SetTextKeyword.execute(SetTextKeyword.groovy:37)
	at com.kms.katalon.core.keyword.internal.KeywordExecutor.executeKeywordForPlatform(KeywordExecutor.groovy:73)
	at com.kms.katalon.core.webui.keyword.WebUiBuiltInKeywords.setText(WebUiBuiltInKeywords.groovy:980)
	at com.kms.katalon.core.webui.keyword.WebUiBuiltInKeywords$setText$3.call(Unknown Source)
	at Script1634674829687.run(Script1634674829687.groovy:131)
	... 13 more
)

2021-10-21 12:56:09 - [MESSAGE][FAILED] - Unable to set text 'Sam' of object 'Object Repository/RAD_Pages/FilingStatus_Page/input_jointFirstName' (Root cause: com.kms.katalon.core.exception.StepFailedException: Unable to set text 'Sam' of object 'Object Repository/RAD_Pages/FilingStatus_Page/input_jointFirstName'
	at com.kms.katalon.core.webui.keyword.internal.WebUIKeywordMain.stepFailed(WebUIKeywordMain.groovy:64)
	at com.kms.katalon.core.webui.keyword.internal.WebUIKeywordMain.runKeyword(WebUIKeywordMain.groovy:26)
	at com.kms.katalon.core.webui.keyword.builtin.SetTextKeyword.setText(SetTextKeyword.groovy:66)
	at com.kms.katalon.core.webui.keyword.builtin.SetTextKeyword.execute(SetTextKeyword.groovy:37)
	at com.kms.katalon.core.keyword.internal.KeywordExecutor.executeKeywordForPlatform(KeywordExecutor.groovy:73)
	at com.kms.katalon.core.webui.keyword.WebUiBuiltInKeywords.setText(WebUiBuiltInKeywords.groovy:980)
	at com.kms.katalon.core.webui.keyword.WebUiBuiltInKeywords$setText$3.call(Unknown Source)
	at Payments_HC_TC.run(Payments_HC_TC:131)
	at com.kms.katalon.core.main.ScriptEngine.run(ScriptEngine.java:194)
	at com.kms.katalon.core.main.ScriptEngine.runScriptAsRawText(ScriptEngine.java:119)
	at com.kms.katalon.core.main.TestCaseExecutor.runScript(TestCaseExecutor.java:369)
	at com.kms.katalon.core.main.TestCaseExecutor.doExecute(TestCaseExecutor.java:360)
	at com.kms.katalon.core.main.TestCaseExecutor.processExecutionPhase(TestCaseExecutor.java:339)
	at com.kms.katalon.core.main.TestCaseExecutor.accessMainPhase(TestCaseExecutor.java:331)
	at com.kms.katalon.core.main.TestCaseExecutor.execute(TestCaseExecutor.java:248)
	at com.kms.katalon.core.main.TestSuiteExecutor.accessTestCaseMainPhase(TestSuiteExecutor.java:191)
	at com.kms.katalon.core.main.TestSuiteExecutor.accessTestSuiteMainPhase(TestSuiteExecutor.java:140)
	at com.kms.katalon.core.main.TestSuiteExecutor.execute(TestSuiteExecutor.java:89)
	at com.kms.katalon.core.main.TestCaseMain.startTestSuite(TestCaseMain.java:185)
	at com.kms.katalon.core.main.TestCaseMain$startTestSuite$0.call(Unknown Source)
	at TempTestSuite1634834938608.run(TempTestSuite1634834938608.groovy:39)
Caused by: org.openqa.selenium.ElementNotInteractableException: element not interactable
  (Session info: chrome=95.0.4638.54)
Build info: version: '3.141.59', revision: 'e82be7d358', time: '2018-11-14T08:25:53'
System info: host: 'DESKTOP-B2QI6NS', ip: '172.30.2.167', os.name: 'Windows 10', os.arch: 'amd64', os.version: '10.0', java.version: '1.8.0_181'
Driver info: com.kms.katalon.selenium.driver.CChromeDriver
Capabilities {acceptInsecureCerts: true, browserName: chrome, browserVersion: 95.0.4638.54, chrome: {chromedriverVersion: 94.0.4606.61 (418b78f5838ed..., userDataDir: C:\Users\iahmed\AppData\Loc...}, goog:chromeOptions: {debuggerAddress: localhost:57713}, javascriptEnabled: true, networkConnectionEnabled: false, pageLoadStrategy: normal, platform: WINDOWS, platformName: WINDOWS, proxy: Proxy(), setWindowRect: true, strictFileInteractability: false, timeouts: {implicit: 0, pageLoad: 300000, script: 30000}, unhandledPromptBehavior: dismiss and notify, webauthn:extension:credBlob: true, webauthn:extension:largeBlob: true, webauthn:virtualAuthenticators: true}
Session ID: 24fef4662cc735e5f30fc12745cbd464
	at org.openqa.selenium.remote.http.W3CHttpResponseCodec.createException(W3CHttpResponseCodec.java:187)
	at org.openqa.selenium.remote.http.W3CHttpResponseCodec.decode(W3CHttpResponseCodec.java:122)
	at org.openqa.selenium.remote.http.W3CHttpResponseCodec.decode(W3CHttpResponseCodec.java:49)
	at org.openqa.selenium.remote.HttpCommandExecutor.execute(HttpCommandExecutor.java:158)
	at org.openqa.selenium.remote.service.DriverCommandExecutor.execute(DriverCommandExecutor.java:83)
	at org.openqa.selenium.remote.RemoteWebDriver.execute(RemoteWebDriver.java:552)
	at com.kms.katalon.selenium.driver.CChromeDriver.execute(CChromeDriver.java:19)
	at org.openqa.selenium.remote.RemoteWebElement.execute(RemoteWebElement.java:285)
	at org.openqa.selenium.remote.RemoteWebElement.clear(RemoteWebElement.java:124)
	at org.openqa.selenium.support.events.EventFiringWebDriver$EventFiringWebElement.lambda$new$0(EventFiringWebDriver.java:404)
	at com.sun.proxy.$Proxy11.clear(Unknown Source)
	at org.openqa.selenium.support.events.EventFiringWebDriver$EventFiringWebElement.clear(EventFiringWebDriver.java:436)
	at com.kms.katalon.core.webui.keyword.builtin.SetTextKeyword$_setText_closure1.doCall(SetTextKeyword.groovy:53)
	at com.kms.katalon.core.webui.keyword.builtin.SetTextKeyword$_setText_closure1.call(SetTextKeyword.groovy)
	at com.kms.katalon.core.webui.keyword.internal.WebUIKeywordMain.runKeyword(WebUIKeywordMain.groovy:20)
	at com.kms.katalon.core.webui.keyword.builtin.SetTextKeyword.setText(SetTextKeyword.groovy:66)
	at com.kms.katalon.core.webui.keyword.builtin.SetTextKeyword.execute(SetTextKeyword.groovy:37)
	at com.kms.katalon.core.keyword.internal.KeywordExecutor.executeKeywordForPlatform(KeywordExecutor.groovy:73)
	at com.kms.katalon.core.webui.keyword.WebUiBuiltInKeywords.setText(WebUiBuiltInKeywords.groovy:980)
	at com.kms.katalon.core.webui.keyword.WebUiBuiltInKeywords$setText$3.call(Unknown Source)
	at Script1634674829687.run(Script1634674829687.groovy:131)
	... 13 more
)
[[ATTACHMENT|E:\\Cloned-Project-Katalon\\VPS-Katalon\\Reports\\20211021_124858\\RAD_TestSuite\\RAD_UI_TestSuite\\20211021_124858\\1634835369067.png]]

2021-10-21 12:56:09 - [TEST_STEP][FAILED] - setText(findTestObject(orPath_FilingStatus + "/input_jointLastName"), "Katrina"): Unable to set text 'Katrina' of object 'Object Repository/RAD_Pages/FilingStatus_Page/input_jointLastName' (Root cause: com.kms.katalon.core.exception.StepFailedException: Unable to set text 'Katrina' of object 'Object Repository/RAD_Pages/FilingStatus_Page/input_jointLastName'
	at com.kms.katalon.core.webui.keyword.internal.WebUIKeywordMain.stepFailed(WebUIKeywordMain.groovy:64)
	at com.kms.katalon.core.webui.keyword.internal.WebUIKeywordMain.runKeyword(WebUIKeywordMain.groovy:26)
	at com.kms.katalon.core.webui.keyword.builtin.SetTextKeyword.setText(SetTextKeyword.groovy:66)
	at com.kms.katalon.core.webui.keyword.builtin.SetTextKeyword.execute(SetTextKeyword.groovy:37)
	at com.kms.katalon.core.keyword.internal.KeywordExecutor.executeKeywordForPlatform(KeywordExecutor.groovy:73)
	at com.kms.katalon.core.webui.keyword.WebUiBuiltInKeywords.setText(WebUiBuiltInKeywords.groovy:980)
	at com.kms.katalon.core.webui.keyword.WebUiBuiltInKeywords$setText$3.call(Unknown Source)
	at Payments_HC_TC.run(Payments_HC_TC:132)
	at com.kms.katalon.core.main.ScriptEngine.run(ScriptEngine.java:194)
	at com.kms.katalon.core.main.ScriptEngine.runScriptAsRawText(ScriptEngine.java:119)
	at com.kms.katalon.core.main.TestCaseExecutor.runScript(TestCaseExecutor.java:369)
	at com.kms.katalon.core.main.TestCaseExecutor.doExecute(TestCaseExecutor.java:360)
	at com.kms.katalon.core.main.TestCaseExecutor.processExecutionPhase(TestCaseExecutor.java:339)
	at com.kms.katalon.core.main.TestCaseExecutor.accessMainPhase(TestCaseExecutor.java:331)
	at com.kms.katalon.core.main.TestCaseExecutor.execute(TestCaseExecutor.java:248)
	at com.kms.katalon.core.main.TestSuiteExecutor.accessTestCaseMainPhase(TestSuiteExecutor.java:191)
	at com.kms.katalon.core.main.TestSuiteExecutor.accessTestSuiteMainPhase(TestSuiteExecutor.java:140)
	at com.kms.katalon.core.main.TestSuiteExecutor.execute(TestSuiteExecutor.java:89)
	at com.kms.katalon.core.main.TestCaseMain.startTestSuite(TestCaseMain.java:185)
	at com.kms.katalon.core.main.TestCaseMain$startTestSuite$0.call(Unknown Source)
	at TempTestSuite1634834938608.run(TempTestSuite1634834938608.groovy:39)
Caused by: org.openqa.selenium.ElementNotInteractableException: element not interactable
  (Session info: chrome=95.0.4638.54)
Build info: version: '3.141.59', revision: 'e82be7d358', time: '2018-11-14T08:25:53'
System info: host: 'DESKTOP-B2QI6NS', ip: '172.30.2.167', os.name: 'Windows 10', os.arch: 'amd64', os.version: '10.0', java.version: '1.8.0_181'
Driver info: com.kms.katalon.selenium.driver.CChromeDriver
Capabilities {acceptInsecureCerts: true, browserName: chrome, browserVersion: 95.0.4638.54, chrome: {chromedriverVersion: 94.0.4606.61 (418b78f5838ed..., userDataDir: C:\Users\iahmed\AppData\Loc...}, goog:chromeOptions: {debuggerAddress: localhost:57713}, javascriptEnabled: true, networkConnectionEnabled: false, pageLoadStrategy: normal, platform: WINDOWS, platformName: WINDOWS, proxy: Proxy(), setWindowRect: true, strictFileInteractability: false, timeouts: {implicit: 0, pageLoad: 300000, script: 30000}, unhandledPromptBehavior: dismiss and notify, webauthn:extension:credBlob: true, webauthn:extension:largeBlob: true, webauthn:virtualAuthenticators: true}
Session ID: 24fef4662cc735e5f30fc12745cbd464
	at org.openqa.selenium.remote.http.W3CHttpResponseCodec.createException(W3CHttpResponseCodec.java:187)
	at org.openqa.selenium.remote.http.W3CHttpResponseCodec.decode(W3CHttpResponseCodec.java:122)
	at org.openqa.selenium.remote.http.W3CHttpResponseCodec.decode(W3CHttpResponseCodec.java:49)
	at org.openqa.selenium.remote.HttpCommandExecutor.execute(HttpCommandExecutor.java:158)
	at org.openqa.selenium.remote.service.DriverCommandExecutor.execute(DriverCommandExecutor.java:83)
	at org.openqa.selenium.remote.RemoteWebDriver.execute(RemoteWebDriver.java:552)
	at com.kms.katalon.selenium.driver.CChromeDriver.execute(CChromeDriver.java:19)
	at org.openqa.selenium.remote.RemoteWebElement.execute(RemoteWebElement.java:285)
	at org.openqa.selenium.remote.RemoteWebElement.clear(RemoteWebElement.java:124)
	at org.openqa.selenium.support.events.EventFiringWebDriver$EventFiringWebElement.lambda$new$0(EventFiringWebDriver.java:404)
	at com.sun.proxy.$Proxy11.clear(Unknown Source)
	at org.openqa.selenium.support.events.EventFiringWebDriver$EventFiringWebElement.clear(EventFiringWebDriver.java:436)
	at com.kms.katalon.core.webui.keyword.builtin.SetTextKeyword$_setText_closure1.doCall(SetTextKeyword.groovy:53)
	at com.kms.katalon.core.webui.keyword.builtin.SetTextKeyword$_setText_closure1.call(SetTextKeyword.groovy)
	at com.kms.katalon.core.webui.keyword.internal.WebUIKeywordMain.runKeyword(WebUIKeywordMain.groovy:20)
	at com.kms.katalon.core.webui.keyword.builtin.SetTextKeyword.setText(SetTextKeyword.groovy:66)
	at com.kms.katalon.core.webui.keyword.builtin.SetTextKeyword.execute(SetTextKeyword.groovy:37)
	at com.kms.katalon.core.keyword.internal.KeywordExecutor.executeKeywordForPlatform(KeywordExecutor.groovy:73)
	at com.kms.katalon.core.webui.keyword.WebUiBuiltInKeywords.setText(WebUiBuiltInKeywords.groovy:980)
	at com.kms.katalon.core.webui.keyword.WebUiBuiltInKeywords$setText$3.call(Unknown Source)
	at Script1634674829687.run(Script1634674829687.groovy:132)
	... 13 more
)

2021-10-21 12:56:09 - [MESSAGE][FAILED] - Unable to set text 'Katrina' of object 'Object Repository/RAD_Pages/FilingStatus_Page/input_jointLastName' (Root cause: com.kms.katalon.core.exception.StepFailedException: Unable to set text 'Katrina' of object 'Object Repository/RAD_Pages/FilingStatus_Page/input_jointLastName'
	at com.kms.katalon.core.webui.keyword.internal.WebUIKeywordMain.stepFailed(WebUIKeywordMain.groovy:64)
	at com.kms.katalon.core.webui.keyword.internal.WebUIKeywordMain.runKeyword(WebUIKeywordMain.groovy:26)
	at com.kms.katalon.core.webui.keyword.builtin.SetTextKeyword.setText(SetTextKeyword.groovy:66)
	at com.kms.katalon.core.webui.keyword.builtin.SetTextKeyword.execute(SetTextKeyword.groovy:37)
	at com.kms.katalon.core.keyword.internal.KeywordExecutor.executeKeywordForPlatform(KeywordExecutor.groovy:73)
	at com.kms.katalon.core.webui.keyword.WebUiBuiltInKeywords.setText(WebUiBuiltInKeywords.groovy:980)
	at com.kms.katalon.core.webui.keyword.WebUiBuiltInKeywords$setText$3.call(Unknown Source)
	at Payments_HC_TC.run(Payments_HC_TC:132)
	at com.kms.katalon.core.main.ScriptEngine.run(ScriptEngine.java:194)
	at com.kms.katalon.core.main.ScriptEngine.runScriptAsRawText(ScriptEngine.java:119)
	at com.kms.katalon.core.main.TestCaseExecutor.runScript(TestCaseExecutor.java:369)
	at com.kms.katalon.core.main.TestCaseExecutor.doExecute(TestCaseExecutor.java:360)
	at com.kms.katalon.core.main.TestCaseExecutor.processExecutionPhase(TestCaseExecutor.java:339)
	at com.kms.katalon.core.main.TestCaseExecutor.accessMainPhase(TestCaseExecutor.java:331)
	at com.kms.katalon.core.main.TestCaseExecutor.execute(TestCaseExecutor.java:248)
	at com.kms.katalon.core.main.TestSuiteExecutor.accessTestCaseMainPhase(TestSuiteExecutor.java:191)
	at com.kms.katalon.core.main.TestSuiteExecutor.accessTestSuiteMainPhase(TestSuiteExecutor.java:140)
	at com.kms.katalon.core.main.TestSuiteExecutor.execute(TestSuiteExecutor.java:89)
	at com.kms.katalon.core.main.TestCaseMain.startTestSuite(TestCaseMain.java:185)
	at com.kms.katalon.core.main.TestCaseMain$startTestSuite$0.call(Unknown Source)
	at TempTestSuite1634834938608.run(TempTestSuite1634834938608.groovy:39)
Caused by: org.openqa.selenium.ElementNotInteractableException: element not interactable
  (Session info: chrome=95.0.4638.54)
Build info: version: '3.141.59', revision: 'e82be7d358', time: '2018-11-14T08:25:53'
System info: host: 'DESKTOP-B2QI6NS', ip: '172.30.2.167', os.name: 'Windows 10', os.arch: 'amd64', os.version: '10.0', java.version: '1.8.0_181'
Driver info: com.kms.katalon.selenium.driver.CChromeDriver
Capabilities {acceptInsecureCerts: true, browserName: chrome, browserVersion: 95.0.4638.54, chrome: {chromedriverVersion: 94.0.4606.61 (418b78f5838ed..., userDataDir: C:\Users\iahmed\AppData\Loc...}, goog:chromeOptions: {debuggerAddress: localhost:57713}, javascriptEnabled: true, networkConnectionEnabled: false, pageLoadStrategy: normal, platform: WINDOWS, platformName: WINDOWS, proxy: Proxy(), setWindowRect: true, strictFileInteractability: false, timeouts: {implicit: 0, pageLoad: 300000, script: 30000}, unhandledPromptBehavior: dismiss and notify, webauthn:extension:credBlob: true, webauthn:extension:largeBlob: true, webauthn:virtualAuthenticators: true}
Session ID: 24fef4662cc735e5f30fc12745cbd464
	at org.openqa.selenium.remote.http.W3CHttpResponseCodec.createException(W3CHttpResponseCodec.java:187)
	at org.openqa.selenium.remote.http.W3CHttpResponseCodec.decode(W3CHttpResponseCodec.java:122)
	at org.openqa.selenium.remote.http.W3CHttpResponseCodec.decode(W3CHttpResponseCodec.java:49)
	at org.openqa.selenium.remote.HttpCommandExecutor.execute(HttpCommandExecutor.java:158)
	at org.openqa.selenium.remote.service.DriverCommandExecutor.execute(DriverCommandExecutor.java:83)
	at org.openqa.selenium.remote.RemoteWebDriver.execute(RemoteWebDriver.java:552)
	at com.kms.katalon.selenium.driver.CChromeDriver.execute(CChromeDriver.java:19)
	at org.openqa.selenium.remote.RemoteWebElement.execute(RemoteWebElement.java:285)
	at org.openqa.selenium.remote.RemoteWebElement.clear(RemoteWebElement.java:124)
	at org.openqa.selenium.support.events.EventFiringWebDriver$EventFiringWebElement.lambda$new$0(EventFiringWebDriver.java:404)
	at com.sun.proxy.$Proxy11.clear(Unknown Source)
	at org.openqa.selenium.support.events.EventFiringWebDriver$EventFiringWebElement.clear(EventFiringWebDriver.java:436)
	at com.kms.katalon.core.webui.keyword.builtin.SetTextKeyword$_setText_closure1.doCall(SetTextKeyword.groovy:53)
	at com.kms.katalon.core.webui.keyword.builtin.SetTextKeyword$_setText_closure1.call(SetTextKeyword.groovy)
	at com.kms.katalon.core.webui.keyword.internal.WebUIKeywordMain.runKeyword(WebUIKeywordMain.groovy:20)
	at com.kms.katalon.core.webui.keyword.builtin.SetTextKeyword.setText(SetTextKeyword.groovy:66)
	at com.kms.katalon.core.webui.keyword.builtin.SetTextKeyword.execute(SetTextKeyword.groovy:37)
	at com.kms.katalon.core.keyword.internal.KeywordExecutor.executeKeywordForPlatform(KeywordExecutor.groovy:73)
	at com.kms.katalon.core.webui.keyword.WebUiBuiltInKeywords.setText(WebUiBuiltInKeywords.groovy:980)
	at com.kms.katalon.core.webui.keyword.WebUiBuiltInKeywords$setText$3.call(Unknown Source)
	at Script1634674829687.run(Script1634674829687.groovy:132)
	... 13 more
)
[[ATTACHMENT|E:\\Cloned-Project-Katalon\\VPS-Katalon\\Reports\\20211021_124858\\RAD_TestSuite\\RAD_UI_TestSuite\\20211021_124858\\1634835369619.png]]

2021-10-21 12:56:09 - [TEST_STEP][FAILED] - setText(findTestObject(orPath_FilingStatus + "/input_jointSSN"), "357-95-1852"): Unable to set text '357-95-1852' of object 'Object Repository/RAD_Pages/FilingStatus_Page/input_jointSSN' (Root cause: com.kms.katalon.core.exception.StepFailedException: Unable to set text '357-95-1852' of object 'Object Repository/RAD_Pages/FilingStatus_Page/input_jointSSN'
	at com.kms.katalon.core.webui.keyword.internal.WebUIKeywordMain.stepFailed(WebUIKeywordMain.groovy:64)
	at com.kms.katalon.core.webui.keyword.internal.WebUIKeywordMain.runKeyword(WebUIKeywordMain.groovy:26)
	at com.kms.katalon.core.webui.keyword.builtin.SetTextKeyword.setText(SetTextKeyword.groovy:66)
	at com.kms.katalon.core.webui.keyword.builtin.SetTextKeyword.execute(SetTextKeyword.groovy:37)
	at com.kms.katalon.core.keyword.internal.KeywordExecutor.executeKeywordForPlatform(KeywordExecutor.groovy:73)
	at com.kms.katalon.core.webui.keyword.WebUiBuiltInKeywords.setText(WebUiBuiltInKeywords.groovy:980)
	at com.kms.katalon.core.webui.keyword.WebUiBuiltInKeywords$setText$3.call(Unknown Source)
	at Payments_HC_TC.run(Payments_HC_TC:133)
	at com.kms.katalon.core.main.ScriptEngine.run(ScriptEngine.java:194)
	at com.kms.katalon.core.main.ScriptEngine.runScriptAsRawText(ScriptEngine.java:119)
	at com.kms.katalon.core.main.TestCaseExecutor.runScript(TestCaseExecutor.java:369)
	at com.kms.katalon.core.main.TestCaseExecutor.doExecute(TestCaseExecutor.java:360)
	at com.kms.katalon.core.main.TestCaseExecutor.processExecutionPhase(TestCaseExecutor.java:339)
	at com.kms.katalon.core.main.TestCaseExecutor.accessMainPhase(TestCaseExecutor.java:331)
	at com.kms.katalon.core.main.TestCaseExecutor.execute(TestCaseExecutor.java:248)
	at com.kms.katalon.core.main.TestSuiteExecutor.accessTestCaseMainPhase(TestSuiteExecutor.java:191)
	at com.kms.katalon.core.main.TestSuiteExecutor.accessTestSuiteMainPhase(TestSuiteExecutor.java:140)
	at com.kms.katalon.core.main.TestSuiteExecutor.execute(TestSuiteExecutor.java:89)
	at com.kms.katalon.core.main.TestCaseMain.startTestSuite(TestCaseMain.java:185)
	at com.kms.katalon.core.main.TestCaseMain$startTestSuite$0.call(Unknown Source)
	at TempTestSuite1634834938608.run(TempTestSuite1634834938608.groovy:39)
Caused by: org.openqa.selenium.ElementNotInteractableException: element not interactable
  (Session info: chrome=95.0.4638.54)
Build info: version: '3.141.59', revision: 'e82be7d358', time: '2018-11-14T08:25:53'
System info: host: 'DESKTOP-B2QI6NS', ip: '172.30.2.167', os.name: 'Windows 10', os.arch: 'amd64', os.version: '10.0', java.version: '1.8.0_181'
Driver info: com.kms.katalon.selenium.driver.CChromeDriver
Capabilities {acceptInsecureCerts: true, browserName: chrome, browserVersion: 95.0.4638.54, chrome: {chromedriverVersion: 94.0.4606.61 (418b78f5838ed..., userDataDir: C:\Users\iahmed\AppData\Loc...}, goog:chromeOptions: {debuggerAddress: localhost:57713}, javascriptEnabled: true, networkConnectionEnabled: false, pageLoadStrategy: normal, platform: WINDOWS, platformName: WINDOWS, proxy: Proxy(), setWindowRect: true, strictFileInteractability: false, timeouts: {implicit: 0, pageLoad: 300000, script: 30000}, unhandledPromptBehavior: dismiss and notify, webauthn:extension:credBlob: true, webauthn:extension:largeBlob: true, webauthn:virtualAuthenticators: true}
Session ID: 24fef4662cc735e5f30fc12745cbd464
	at org.openqa.selenium.remote.http.W3CHttpResponseCodec.createException(W3CHttpResponseCodec.java:187)
	at org.openqa.selenium.remote.http.W3CHttpResponseCodec.decode(W3CHttpResponseCodec.java:122)
	at org.openqa.selenium.remote.http.W3CHttpResponseCodec.decode(W3CHttpResponseCodec.java:49)
	at org.openqa.selenium.remote.HttpCommandExecutor.execute(HttpCommandExecutor.java:158)
	at org.openqa.selenium.remote.service.DriverCommandExecutor.execute(DriverCommandExecutor.java:83)
	at org.openqa.selenium.remote.RemoteWebDriver.execute(RemoteWebDriver.java:552)
	at com.kms.katalon.selenium.driver.CChromeDriver.execute(CChromeDriver.java:19)
	at org.openqa.selenium.remote.RemoteWebElement.execute(RemoteWebElement.java:285)
	at org.openqa.selenium.remote.RemoteWebElement.clear(RemoteWebElement.java:124)
	at org.openqa.selenium.support.events.EventFiringWebDriver$EventFiringWebElement.lambda$new$0(EventFiringWebDriver.java:404)
	at com.sun.proxy.$Proxy11.clear(Unknown Source)
	at org.openqa.selenium.support.events.EventFiringWebDriver$EventFiringWebElement.clear(EventFiringWebDriver.java:436)
	at com.kms.katalon.core.webui.keyword.builtin.SetTextKeyword$_setText_closure1.doCall(SetTextKeyword.groovy:53)
	at com.kms.katalon.core.webui.keyword.builtin.SetTextKeyword$_setText_closure1.call(SetTextKeyword.groovy)
	at com.kms.katalon.core.webui.keyword.internal.WebUIKeywordMain.runKeyword(WebUIKeywordMain.groovy:20)
	at com.kms.katalon.core.webui.keyword.builtin.SetTextKeyword.setText(SetTextKeyword.groovy:66)
	at com.kms.katalon.core.webui.keyword.builtin.SetTextKeyword.execute(SetTextKeyword.groovy:37)
	at com.kms.katalon.core.keyword.internal.KeywordExecutor.executeKeywordForPlatform(KeywordExecutor.groovy:73)
	at com.kms.katalon.core.webui.keyword.WebUiBuiltInKeywords.setText(WebUiBuiltInKeywords.groovy:980)
	at com.kms.katalon.core.webui.keyword.WebUiBuiltInKeywords$setText$3.call(Unknown Source)
	at Script1634674829687.run(Script1634674829687.groovy:133)
	... 13 more
)

2021-10-21 12:56:10 - [MESSAGE][FAILED] - Unable to set text '357-95-1852' of object 'Object Repository/RAD_Pages/FilingStatus_Page/input_jointSSN' (Root cause: com.kms.katalon.core.exception.StepFailedException: Unable to set text '357-95-1852' of object 'Object Repository/RAD_Pages/FilingStatus_Page/input_jointSSN'
	at com.kms.katalon.core.webui.keyword.internal.WebUIKeywordMain.stepFailed(WebUIKeywordMain.groovy:64)
	at com.kms.katalon.core.webui.keyword.internal.WebUIKeywordMain.runKeyword(WebUIKeywordMain.groovy:26)
	at com.kms.katalon.core.webui.keyword.builtin.SetTextKeyword.setText(SetTextKeyword.groovy:66)
	at com.kms.katalon.core.webui.keyword.builtin.SetTextKeyword.execute(SetTextKeyword.groovy:37)
	at com.kms.katalon.core.keyword.internal.KeywordExecutor.executeKeywordForPlatform(KeywordExecutor.groovy:73)
	at com.kms.katalon.core.webui.keyword.WebUiBuiltInKeywords.setText(WebUiBuiltInKeywords.groovy:980)
	at com.kms.katalon.core.webui.keyword.WebUiBuiltInKeywords$setText$3.call(Unknown Source)
	at Payments_HC_TC.run(Payments_HC_TC:133)
	at com.kms.katalon.core.main.ScriptEngine.run(ScriptEngine.java:194)
	at com.kms.katalon.core.main.ScriptEngine.runScriptAsRawText(ScriptEngine.java:119)
	at com.kms.katalon.core.main.TestCaseExecutor.runScript(TestCaseExecutor.java:369)
	at com.kms.katalon.core.main.TestCaseExecutor.doExecute(TestCaseExecutor.java:360)
	at com.kms.katalon.core.main.TestCaseExecutor.processExecutionPhase(TestCaseExecutor.java:339)
	at com.kms.katalon.core.main.TestCaseExecutor.accessMainPhase(TestCaseExecutor.java:331)
	at com.kms.katalon.core.main.TestCaseExecutor.execute(TestCaseExecutor.java:248)
	at com.kms.katalon.core.main.TestSuiteExecutor.accessTestCaseMainPhase(TestSuiteExecutor.java:191)
	at com.kms.katalon.core.main.TestSuiteExecutor.accessTestSuiteMainPhase(TestSuiteExecutor.java:140)
	at com.kms.katalon.core.main.TestSuiteExecutor.execute(TestSuiteExecutor.java:89)
	at com.kms.katalon.core.main.TestCaseMain.startTestSuite(TestCaseMain.java:185)
	at com.kms.katalon.core.main.TestCaseMain$startTestSuite$0.call(Unknown Source)
	at TempTestSuite1634834938608.run(TempTestSuite1634834938608.groovy:39)
Caused by: org.openqa.selenium.ElementNotInteractableException: element not interactable
  (Session info: chrome=95.0.4638.54)
Build info: version: '3.141.59', revision: 'e82be7d358', time: '2018-11-14T08:25:53'
System info: host: 'DESKTOP-B2QI6NS', ip: '172.30.2.167', os.name: 'Windows 10', os.arch: 'amd64', os.version: '10.0', java.version: '1.8.0_181'
Driver info: com.kms.katalon.selenium.driver.CChromeDriver
Capabilities {acceptInsecureCerts: true, browserName: chrome, browserVersion: 95.0.4638.54, chrome: {chromedriverVersion: 94.0.4606.61 (418b78f5838ed..., userDataDir: C:\Users\iahmed\AppData\Loc...}, goog:chromeOptions: {debuggerAddress: localhost:57713}, javascriptEnabled: true, networkConnectionEnabled: false, pageLoadStrategy: normal, platform: WINDOWS, platformName: WINDOWS, proxy: Proxy(), setWindowRect: true, strictFileInteractability: false, timeouts: {implicit: 0, pageLoad: 300000, script: 30000}, unhandledPromptBehavior: dismiss and notify, webauthn:extension:credBlob: true, webauthn:extension:largeBlob: true, webauthn:virtualAuthenticators: true}
Session ID: 24fef4662cc735e5f30fc12745cbd464
	at org.openqa.selenium.remote.http.W3CHttpResponseCodec.createException(W3CHttpResponseCodec.java:187)
	at org.openqa.selenium.remote.http.W3CHttpResponseCodec.decode(W3CHttpResponseCodec.java:122)
	at org.openqa.selenium.remote.http.W3CHttpResponseCodec.decode(W3CHttpResponseCodec.java:49)
	at org.openqa.selenium.remote.HttpCommandExecutor.execute(HttpCommandExecutor.java:158)
	at org.openqa.selenium.remote.service.DriverCommandExecutor.execute(DriverCommandExecutor.java:83)
	at org.openqa.selenium.remote.RemoteWebDriver.execute(RemoteWebDriver.java:552)
	at com.kms.katalon.selenium.driver.CChromeDriver.execute(CChromeDriver.java:19)
	at org.openqa.selenium.remote.RemoteWebElement.execute(RemoteWebElement.java:285)
	at org.openqa.selenium.remote.RemoteWebElement.clear(RemoteWebElement.java:124)
	at org.openqa.selenium.support.events.EventFiringWebDriver$EventFiringWebElement.lambda$new$0(EventFiringWebDriver.java:404)
	at com.sun.proxy.$Proxy11.clear(Unknown Source)
	at org.openqa.selenium.support.events.EventFiringWebDriver$EventFiringWebElement.clear(EventFiringWebDriver.java:436)
	at com.kms.katalon.core.webui.keyword.builtin.SetTextKeyword$_setText_closure1.doCall(SetTextKeyword.groovy:53)
	at com.kms.katalon.core.webui.keyword.builtin.SetTextKeyword$_setText_closure1.call(SetTextKeyword.groovy)
	at com.kms.katalon.core.webui.keyword.internal.WebUIKeywordMain.runKeyword(WebUIKeywordMain.groovy:20)
	at com.kms.katalon.core.webui.keyword.builtin.SetTextKeyword.setText(SetTextKeyword.groovy:66)
	at com.kms.katalon.core.webui.keyword.builtin.SetTextKeyword.execute(SetTextKeyword.groovy:37)
	at com.kms.katalon.core.keyword.internal.KeywordExecutor.executeKeywordForPlatform(KeywordExecutor.groovy:73)
	at com.kms.katalon.core.webui.keyword.WebUiBuiltInKeywords.setText(WebUiBuiltInKeywords.groovy:980)
	at com.kms.katalon.core.webui.keyword.WebUiBuiltInKeywords$setText$3.call(Unknown Source)
	at Script1634674829687.run(Script1634674829687.groovy:133)
	... 13 more
)
[[ATTACHMENT|E:\\Cloned-Project-Katalon\\VPS-Katalon\\Reports\\20211021_124858\\RAD_TestSuite\\RAD_UI_TestSuite\\20211021_124858\\1634835370181.png]]

2021-10-21 12:56:10 - [TEST_STEP][FAILED] - setText(findTestObject(orPath_FilingStatus + "/input_reEnterjointSSN"), "357-95-1852"): Unable to set text '357-95-1852' of object 'Object Repository/RAD_Pages/FilingStatus_Page/input_reEnterjointSSN' (Root cause: com.kms.katalon.core.exception.StepFailedException: Unable to set text '357-95-1852' of object 'Object Repository/RAD_Pages/FilingStatus_Page/input_reEnterjointSSN'
	at com.kms.katalon.core.webui.keyword.internal.WebUIKeywordMain.stepFailed(WebUIKeywordMain.groovy:64)
	at com.kms.katalon.core.webui.keyword.internal.WebUIKeywordMain.runKeyword(WebUIKeywordMain.groovy:26)
	at com.kms.katalon.core.webui.keyword.builtin.SetTextKeyword.setText(SetTextKeyword.groovy:66)
	at com.kms.katalon.core.webui.keyword.builtin.SetTextKeyword.execute(SetTextKeyword.groovy:37)
	at com.kms.katalon.core.keyword.internal.KeywordExecutor.executeKeywordForPlatform(KeywordExecutor.groovy:73)
	at com.kms.katalon.core.webui.keyword.WebUiBuiltInKeywords.setText(WebUiBuiltInKeywords.groovy:980)
	at com.kms.katalon.core.webui.keyword.WebUiBuiltInKeywords$setText$3.call(Unknown Source)
	at Payments_HC_TC.run(Payments_HC_TC:134)
	at com.kms.katalon.core.main.ScriptEngine.run(ScriptEngine.java:194)
	at com.kms.katalon.core.main.ScriptEngine.runScriptAsRawText(ScriptEngine.java:119)
	at com.kms.katalon.core.main.TestCaseExecutor.runScript(TestCaseExecutor.java:369)
	at com.kms.katalon.core.main.TestCaseExecutor.doExecute(TestCaseExecutor.java:360)
	at com.kms.katalon.core.main.TestCaseExecutor.processExecutionPhase(TestCaseExecutor.java:339)
	at com.kms.katalon.core.main.TestCaseExecutor.accessMainPhase(TestCaseExecutor.java:331)
	at com.kms.katalon.core.main.TestCaseExecutor.execute(TestCaseExecutor.java:248)
	at com.kms.katalon.core.main.TestSuiteExecutor.accessTestCaseMainPhase(TestSuiteExecutor.java:191)
	at com.kms.katalon.core.main.TestSuiteExecutor.accessTestSuiteMainPhase(TestSuiteExecutor.java:140)
	at com.kms.katalon.core.main.TestSuiteExecutor.execute(TestSuiteExecutor.java:89)
	at com.kms.katalon.core.main.TestCaseMain.startTestSuite(TestCaseMain.java:185)
	at com.kms.katalon.core.main.TestCaseMain$startTestSuite$0.call(Unknown Source)
	at TempTestSuite1634834938608.run(TempTestSuite1634834938608.groovy:39)
Caused by: org.openqa.selenium.ElementNotInteractableException: element not interactable
  (Session info: chrome=95.0.4638.54)
Build info: version: '3.141.59', revision: 'e82be7d358', time: '2018-11-14T08:25:53'
System info: host: 'DESKTOP-B2QI6NS', ip: '172.30.2.167', os.name: 'Windows 10', os.arch: 'amd64', os.version: '10.0', java.version: '1.8.0_181'
Driver info: com.kms.katalon.selenium.driver.CChromeDriver
Capabilities {acceptInsecureCerts: true, browserName: chrome, browserVersion: 95.0.4638.54, chrome: {chromedriverVersion: 94.0.4606.61 (418b78f5838ed..., userDataDir: C:\Users\iahmed\AppData\Loc...}, goog:chromeOptions: {debuggerAddress: localhost:57713}, javascriptEnabled: true, networkConnectionEnabled: false, pageLoadStrategy: normal, platform: WINDOWS, platformName: WINDOWS, proxy: Proxy(), setWindowRect: true, strictFileInteractability: false, timeouts: {implicit: 0, pageLoad: 300000, script: 30000}, unhandledPromptBehavior: dismiss and notify, webauthn:extension:credBlob: true, webauthn:extension:largeBlob: true, webauthn:virtualAuthenticators: true}
Session ID: 24fef4662cc735e5f30fc12745cbd464
	at org.openqa.selenium.remote.http.W3CHttpResponseCodec.createException(W3CHttpResponseCodec.java:187)
	at org.openqa.selenium.remote.http.W3CHttpResponseCodec.decode(W3CHttpResponseCodec.java:122)
	at org.openqa.selenium.remote.http.W3CHttpResponseCodec.decode(W3CHttpResponseCodec.java:49)
	at org.openqa.selenium.remote.HttpCommandExecutor.execute(HttpCommandExecutor.java:158)
	at org.openqa.selenium.remote.service.DriverCommandExecutor.execute(DriverCommandExecutor.java:83)
	at org.openqa.selenium.remote.RemoteWebDriver.execute(RemoteWebDriver.java:552)
	at com.kms.katalon.selenium.driver.CChromeDriver.execute(CChromeDriver.java:19)
	at org.openqa.selenium.remote.RemoteWebElement.execute(RemoteWebElement.java:285)
	at org.openqa.selenium.remote.RemoteWebElement.clear(RemoteWebElement.java:124)
	at org.openqa.selenium.support.events.EventFiringWebDriver$EventFiringWebElement.lambda$new$0(EventFiringWebDriver.java:404)
	at com.sun.proxy.$Proxy11.clear(Unknown Source)
	at org.openqa.selenium.support.events.EventFiringWebDriver$EventFiringWebElement.clear(EventFiringWebDriver.java:436)
	at com.kms.katalon.core.webui.keyword.builtin.SetTextKeyword$_setText_closure1.doCall(SetTextKeyword.groovy:53)
	at com.kms.katalon.core.webui.keyword.builtin.SetTextKeyword$_setText_closure1.call(SetTextKeyword.groovy)
	at com.kms.katalon.core.webui.keyword.internal.WebUIKeywordMain.runKeyword(WebUIKeywordMain.groovy:20)
	at com.kms.katalon.core.webui.keyword.builtin.SetTextKeyword.setText(SetTextKeyword.groovy:66)
	at com.kms.katalon.core.webui.keyword.builtin.SetTextKeyword.execute(SetTextKeyword.groovy:37)
	at com.kms.katalon.core.keyword.internal.KeywordExecutor.executeKeywordForPlatform(KeywordExecutor.groovy:73)
	at com.kms.katalon.core.webui.keyword.WebUiBuiltInKeywords.setText(WebUiBuiltInKeywords.groovy:980)
	at com.kms.katalon.core.webui.keyword.WebUiBuiltInKeywords$setText$3.call(Unknown Source)
	at Script1634674829687.run(Script1634674829687.groovy:134)
	... 13 more
)

2021-10-21 12:56:10 - [MESSAGE][FAILED] - Unable to set text '357-95-1852' of object 'Object Repository/RAD_Pages/FilingStatus_Page/input_reEnterjointSSN' (Root cause: com.kms.katalon.core.exception.StepFailedException: Unable to set text '357-95-1852' of object 'Object Repository/RAD_Pages/FilingStatus_Page/input_reEnterjointSSN'
	at com.kms.katalon.core.webui.keyword.internal.WebUIKeywordMain.stepFailed(WebUIKeywordMain.groovy:64)
	at com.kms.katalon.core.webui.keyword.internal.WebUIKeywordMain.runKeyword(WebUIKeywordMain.groovy:26)
	at com.kms.katalon.core.webui.keyword.builtin.SetTextKeyword.setText(SetTextKeyword.groovy:66)
	at com.kms.katalon.core.webui.keyword.builtin.SetTextKeyword.execute(SetTextKeyword.groovy:37)
	at com.kms.katalon.core.keyword.internal.KeywordExecutor.executeKeywordForPlatform(KeywordExecutor.groovy:73)
	at com.kms.katalon.core.webui.keyword.WebUiBuiltInKeywords.setText(WebUiBuiltInKeywords.groovy:980)
	at com.kms.katalon.core.webui.keyword.WebUiBuiltInKeywords$setText$3.call(Unknown Source)
	at Payments_HC_TC.run(Payments_HC_TC:134)
	at com.kms.katalon.core.main.ScriptEngine.run(ScriptEngine.java:194)
	at com.kms.katalon.core.main.ScriptEngine.runScriptAsRawText(ScriptEngine.java:119)
	at com.kms.katalon.core.main.TestCaseExecutor.runScript(TestCaseExecutor.java:369)
	at com.kms.katalon.core.main.TestCaseExecutor.doExecute(TestCaseExecutor.java:360)
	at com.kms.katalon.core.main.TestCaseExecutor.processExecutionPhase(TestCaseExecutor.java:339)
	at com.kms.katalon.core.main.TestCaseExecutor.accessMainPhase(TestCaseExecutor.java:331)
	at com.kms.katalon.core.main.TestCaseExecutor.execute(TestCaseExecutor.java:248)
	at com.kms.katalon.core.main.TestSuiteExecutor.accessTestCaseMainPhase(TestSuiteExecutor.java:191)
	at com.kms.katalon.core.main.TestSuiteExecutor.accessTestSuiteMainPhase(TestSuiteExecutor.java:140)
	at com.kms.katalon.core.main.TestSuiteExecutor.execute(TestSuiteExecutor.java:89)
	at com.kms.katalon.core.main.TestCaseMain.startTestSuite(TestCaseMain.java:185)
	at com.kms.katalon.core.main.TestCaseMain$startTestSuite$0.call(Unknown Source)
	at TempTestSuite1634834938608.run(TempTestSuite1634834938608.groovy:39)
Caused by: org.openqa.selenium.ElementNotInteractableException: element not interactable
  (Session info: chrome=95.0.4638.54)
Build info: version: '3.141.59', revision: 'e82be7d358', time: '2018-11-14T08:25:53'
System info: host: 'DESKTOP-B2QI6NS', ip: '172.30.2.167', os.name: 'Windows 10', os.arch: 'amd64', os.version: '10.0', java.version: '1.8.0_181'
Driver info: com.kms.katalon.selenium.driver.CChromeDriver
Capabilities {acceptInsecureCerts: true, browserName: chrome, browserVersion: 95.0.4638.54, chrome: {chromedriverVersion: 94.0.4606.61 (418b78f5838ed..., userDataDir: C:\Users\iahmed\AppData\Loc...}, goog:chromeOptions: {debuggerAddress: localhost:57713}, javascriptEnabled: true, networkConnectionEnabled: false, pageLoadStrategy: normal, platform: WINDOWS, platformName: WINDOWS, proxy: Proxy(), setWindowRect: true, strictFileInteractability: false, timeouts: {implicit: 0, pageLoad: 300000, script: 30000}, unhandledPromptBehavior: dismiss and notify, webauthn:extension:credBlob: true, webauthn:extension:largeBlob: true, webauthn:virtualAuthenticators: true}
Session ID: 24fef4662cc735e5f30fc12745cbd464
	at org.openqa.selenium.remote.http.W3CHttpResponseCodec.createException(W3CHttpResponseCodec.java:187)
	at org.openqa.selenium.remote.http.W3CHttpResponseCodec.decode(W3CHttpResponseCodec.java:122)
	at org.openqa.selenium.remote.http.W3CHttpResponseCodec.decode(W3CHttpResponseCodec.java:49)
	at org.openqa.selenium.remote.HttpCommandExecutor.execute(HttpCommandExecutor.java:158)
	at org.openqa.selenium.remote.service.DriverCommandExecutor.execute(DriverCommandExecutor.java:83)
	at org.openqa.selenium.remote.RemoteWebDriver.execute(RemoteWebDriver.java:552)
	at com.kms.katalon.selenium.driver.CChromeDriver.execute(CChromeDriver.java:19)
	at org.openqa.selenium.remote.RemoteWebElement.execute(RemoteWebElement.java:285)
	at org.openqa.selenium.remote.RemoteWebElement.clear(RemoteWebElement.java:124)
	at org.openqa.selenium.support.events.EventFiringWebDriver$EventFiringWebElement.lambda$new$0(EventFiringWebDriver.java:404)
	at com.sun.proxy.$Proxy11.clear(Unknown Source)
	at org.openqa.selenium.support.events.EventFiringWebDriver$EventFiringWebElement.clear(EventFiringWebDriver.java:436)
	at com.kms.katalon.core.webui.keyword.builtin.SetTextKeyword$_setText_closure1.doCall(SetTextKeyword.groovy:53)
	at com.kms.katalon.core.webui.keyword.builtin.SetTextKeyword$_setText_closure1.call(SetTextKeyword.groovy)
	at com.kms.katalon.core.webui.keyword.internal.WebUIKeywordMain.runKeyword(WebUIKeywordMain.groovy:20)
	at com.kms.katalon.core.webui.keyword.builtin.SetTextKeyword.setText(SetTextKeyword.groovy:66)
	at com.kms.katalon.core.webui.keyword.builtin.SetTextKeyword.execute(SetTextKeyword.groovy:37)
	at com.kms.katalon.core.keyword.internal.KeywordExecutor.executeKeywordForPlatform(KeywordExecutor.groovy:73)
	at com.kms.katalon.core.webui.keyword.WebUiBuiltInKeywords.setText(WebUiBuiltInKeywords.groovy:980)
	at com.kms.katalon.core.webui.keyword.WebUiBuiltInKeywords$setText$3.call(Unknown Source)
	at Script1634674829687.run(Script1634674829687.groovy:134)
	... 13 more
)
[[ATTACHMENT|E:\\Cloned-Project-Katalon\\VPS-Katalon\\Reports\\20211021_124858\\RAD_TestSuite\\RAD_UI_TestSuite\\20211021_124858\\1634835370756.png]]

2021-10-21 12:56:11 - [TEST_STEP][PASSED] - break: null

2021-10-21 12:56:11 - [TEST_STEP][PASSED] - setText(findTestObject(orPath_TaxPayer + "/input_firstName"), FName): Text 'Michael' is set on object 'Object Repository/RAD_Pages/Taxpayer_Page/input_firstName'

2021-10-21 12:56:11 - [MESSAGE][PASSED] - Text 'Michael' is set on object 'Object Repository/RAD_Pages/Taxpayer_Page/input_firstName'

2021-10-21 12:56:11 - [TEST_STEP][PASSED] - setText(findTestObject(orPath_TaxPayer + "/input_lastName"), LName): Text 'Wright' is set on object 'Object Repository/RAD_Pages/Taxpayer_Page/input_lastName'

2021-10-21 12:56:12 - [MESSAGE][PASSED] - Text 'Wright' is set on object 'Object Repository/RAD_Pages/Taxpayer_Page/input_lastName'

2021-10-21 12:56:12 - [TEST_STEP][PASSED] - selectOptionByLabel(findTestObject(orPath_AddressContact + "/select_Country"), "United States", false): All options with label 'United States' are selected in object 'Object Repository/RAD_Pages/AddressAndContactInfo_Page/select_Country' 

2021-10-21 12:56:13 - [MESSAGE][PASSED] - All options with label 'United States' are selected in object 'Object Repository/RAD_Pages/AddressAndContactInfo_Page/select_Country' 

2021-10-21 12:56:13 - [TEST_STEP][PASSED] - setText(findTestObject(orPath_AddressContact + "/input_streetAddress1"), AL1): Text '2311 York road' is set on object 'Object Repository/RAD_Pages/AddressAndContactInfo_Page/input_streetAddress1'

2021-10-21 12:56:13 - [MESSAGE][PASSED] - Text '2311 York road' is set on object 'Object Repository/RAD_Pages/AddressAndContactInfo_Page/input_streetAddress1'

2021-10-21 12:56:13 - [TEST_STEP][PASSED] - setText(findTestObject(orPath_AddressContact + "/input_streetAddress2"), ""): Text '' is set on object 'Object Repository/RAD_Pages/AddressAndContactInfo_Page/input_streetAddress2'

2021-10-21 12:56:14 - [MESSAGE][PASSED] - Text '' is set on object 'Object Repository/RAD_Pages/AddressAndContactInfo_Page/input_streetAddress2'

2021-10-21 12:56:14 - [TEST_STEP][PASSED] - setText(findTestObject(orPath_AddressContact + "/input_city"), City): Text 'Gambrills' is set on object 'Object Repository/RAD_Pages/AddressAndContactInfo_Page/input_city'

2021-10-21 12:56:15 - [MESSAGE][PASSED] - Text 'Gambrills' is set on object 'Object Repository/RAD_Pages/AddressAndContactInfo_Page/input_city'

2021-10-21 12:56:15 - [TEST_STEP][PASSED] - selectOptionByLabel(findTestObject(orPath_AddressContact + "/select_State"), "Maryland", false): All options with label 'Maryland' are selected in object 'Object Repository/RAD_Pages/AddressAndContactInfo_Page/select_State' 

2021-10-21 12:56:15 - [MESSAGE][PASSED] - All options with label 'Maryland' are selected in object 'Object Repository/RAD_Pages/AddressAndContactInfo_Page/select_State' 

2021-10-21 12:56:15 - [TEST_STEP][PASSED] - setText(findTestObject(orPath_AddressContact + "/input_zipCode"), ZIP): Text '21054' is set on object 'Object Repository/RAD_Pages/AddressAndContactInfo_Page/input_zipCode'

2021-10-21 12:56:16 - [MESSAGE][PASSED] - Text '21054' is set on object 'Object Repository/RAD_Pages/AddressAndContactInfo_Page/input_zipCode'

2021-10-21 12:56:16 - [TEST_STEP][PASSED] - setText(findTestObject(orPath_AddressContact + "/input_phoneNumber"), "(703) 894-5000"): Text '(703) 894-5000' is set on object 'Object Repository/RAD_Pages/AddressAndContactInfo_Page/input_phoneNumber'

2021-10-21 12:56:17 - [MESSAGE][PASSED] - Text '(703) 894-5000' is set on object 'Object Repository/RAD_Pages/AddressAndContactInfo_Page/input_phoneNumber'

2021-10-21 12:56:17 - [TEST_STEP][PASSED] - setText(findTestObject(orPath_AddressContact + "/input_eMailAddress"), "iahmed@govolution.com"): Text 'iahmed@govolution.com' is set on object 'Object Repository/RAD_Pages/AddressAndContactInfo_Page/input_eMailAddress'

2021-10-21 12:56:18 - [MESSAGE][PASSED] - Text 'iahmed@govolution.com' is set on object 'Object Repository/RAD_Pages/AddressAndContactInfo_Page/input_eMailAddress'

2021-10-21 12:56:18 - [TEST_STEP][PASSED] - setText(findTestObject(orPath_AddressContact + "/input_reEnterEMailAddress"), "iahmed@govolution.com"): Text 'iahmed@govolution.com' is set on object 'Object Repository/RAD_Pages/AddressAndContactInfo_Page/input_reEnterEMailAddress'

2021-10-21 12:56:18 - [MESSAGE][PASSED] - Text 'iahmed@govolution.com' is set on object 'Object Repository/RAD_Pages/AddressAndContactInfo_Page/input_reEnterEMailAddress'

2021-10-21 12:56:18 - [TEST_STEP][PASSED] - setText(findTestObject(orPath_Amount + "/input__paymentAmount"), Amount): Text '10.50' is set on object 'Object Repository/RAD_Pages/PaymentAmount_Page/input__paymentAmount'

2021-10-21 12:56:19 - [MESSAGE][PASSED] - Text '10.50' is set on object 'Object Repository/RAD_Pages/PaymentAmount_Page/input__paymentAmount'

2021-10-21 12:56:19 - [TEST_STEP][PASSED] - scrollToElement(findTestObject(orPath_Landing + "/button_Continue"), 3): Scroll to object 'Object Repository/RAD_Pages/Landing_Page/button_Continue' successfully

2021-10-21 12:56:19 - [MESSAGE][PASSED] - Scroll to object 'Object Repository/RAD_Pages/Landing_Page/button_Continue' successfully

2021-10-21 12:56:19 - [TEST_STEP][PASSED] - waitForElementClickable(findTestObject(orPath_Landing + "/button_Continue"), 5): Object 'Object Repository/RAD_Pages/Landing_Page/button_Continue' is clickable

2021-10-21 12:56:20 - [MESSAGE][PASSED] - Object 'Object Repository/RAD_Pages/Landing_Page/button_Continue' is clickable

2021-10-21 12:56:20 - [TEST_STEP][PASSED] - click(findTestObject(orPath_Landing + "/button_Continue")): Object: 'Object Repository/RAD_Pages/Landing_Page/button_Continue' is clicked on

2021-10-21 12:56:20 - [MESSAGE][PASSED] - Object: 'Object Repository/RAD_Pages/Landing_Page/button_Continue' is clicked on

2021-10-21 12:56:20 - [TEST_STEP][PASSED] - verifyTextPresent("Review the information below and make any necessary corrections by clicking the", true): Text 'Review the information below and make any necessary corrections by clicking the' is present on page  using regular expression

2021-10-21 12:56:21 - [MESSAGE][PASSED] - Text 'Review the information below and make any necessary corrections by clicking the' is present on page  using regular expression

2021-10-21 12:56:21 - [TEST_STEP][PASSED] - verifyTextPresent("When you are confident that all the information is correct", true): Text 'When you are confident that all the information is correct' is present on page  using regular expression

2021-10-21 12:56:21 - [MESSAGE][PASSED] - Text 'When you are confident that all the information is correct' is present on page  using regular expression

2021-10-21 12:56:21 - [TEST_STEP][PASSED] - scrollToElement(findTestObject(orPath_Summary + "/button_Continue_Summary"), 3): Scroll to object 'Object Repository/RAD_Pages/Summary_Page/button_Continue_Summary' successfully

2021-10-21 12:56:21 - [MESSAGE][PASSED] - Scroll to object 'Object Repository/RAD_Pages/Summary_Page/button_Continue_Summary' successfully

2021-10-21 12:56:21 - [TEST_STEP][PASSED] - waitForElementClickable(findTestObject(orPath_Summary + "/button_Continue_Summary"), 5): Object 'Object Repository/RAD_Pages/Summary_Page/button_Continue_Summary' is clickable

2021-10-21 12:56:22 - [MESSAGE][PASSED] - Object 'Object Repository/RAD_Pages/Summary_Page/button_Continue_Summary' is clickable

2021-10-21 12:56:22 - [TEST_STEP][PASSED] - delay(3): Delayed 3 second(s)

2021-10-21 12:56:25 - [MESSAGE][PASSED] - Delayed 3 second(s)

2021-10-21 12:56:25 - [TEST_STEP][PASSED] - click(findTestObject(orPath_Summary + "/button_Continue_Summary")): Object: 'Object Repository/RAD_Pages/Summary_Page/button_Continue_Summary' is clicked on

2021-10-21 12:56:25 - [MESSAGE][PASSED] - Object: 'Object Repository/RAD_Pages/Summary_Page/button_Continue_Summary' is clicked on

2021-10-21 12:56:25 - [TEST_STEP][PASSED] - delay(3): Delayed 3 second(s)

2021-10-21 12:56:28 - [MESSAGE][PASSED] - Delayed 3 second(s)

2021-10-21 12:56:28 - [TEST_STEP][PASSED] - click(findTestObject(orPath_PaymentReady + "/button_ProceedtoPayment")): Object: 'Object Repository/RAD_Pages/PaymentReady_Page/button_ProceedtoPayment' is clicked on

2021-10-21 12:56:30 - [MESSAGE][PASSED] - Object: 'Object Repository/RAD_Pages/PaymentReady_Page/button_ProceedtoPayment' is clicked on

2021-10-21 12:56:30 - [TEST_STEP][PASSED] - setText(findTestObject(orPath_PaymentEntry + "/input__cardNumber"), CCNumber): Text '4012000098765439' is set on object 'Object Repository/RAD_Pages/PaymentEntry_Page/input__cardNumber'

2021-10-21 12:56:31 - [MESSAGE][PASSED] - Text '4012000098765439' is set on object 'Object Repository/RAD_Pages/PaymentEntry_Page/input__cardNumber'

2021-10-21 12:56:31 - [TEST_STEP][PASSED] - setText(findTestObject(orPath_PaymentEntry + "/input__spc"), CVV): Text '123' is set on object 'Object Repository/RAD_Pages/PaymentEntry_Page/input__spc'

2021-10-21 12:56:32 - [MESSAGE][PASSED] - Text '123' is set on object 'Object Repository/RAD_Pages/PaymentEntry_Page/input__spc'

2021-10-21 12:56:32 - [TEST_STEP][PASSED] - selectOptionByLabel(findTestObject(orPath_PaymentEntry + "/select_MM"), "12", false): All options with label '12' are selected in object 'Object Repository/RAD_Pages/PaymentEntry_Page/select_MM' 

2021-10-21 12:56:32 - [MESSAGE][PASSED] - All options with label '12' are selected in object 'Object Repository/RAD_Pages/PaymentEntry_Page/select_MM' 

2021-10-21 12:56:32 - [TEST_STEP][PASSED] - selectOptionByLabel(findTestObject(orPath_PaymentEntry + "/select_YYYY"), "2023", false): All options with label '2023' are selected in object 'Object Repository/RAD_Pages/PaymentEntry_Page/select_YYYY' 

2021-10-21 12:56:33 - [MESSAGE][PASSED] - All options with label '2023' are selected in object 'Object Repository/RAD_Pages/PaymentEntry_Page/select_YYYY' 

2021-10-21 12:56:33 - [TEST_STEP][PASSED] - click(findTestObject(orPath_PaymentEntry + "/input_Field_ccSubmit")): Object: 'Object Repository/RAD_Pages/PaymentEntry_Page/input_Field_ccSubmit' is clicked on

2021-10-21 12:56:34 - [MESSAGE][PASSED] - Object: 'Object Repository/RAD_Pages/PaymentEntry_Page/input_Field_ccSubmit' is clicked on

2021-10-21 12:56:34 - [TEST_STEP][PASSED] - click(findTestObject(orPath_PaymentConfirmation + "/input_N_confirmNotifyAction")): Object: 'Object Repository/RAD_Pages/PaymentConfirmation_Page/input_N_confirmNotifyAction' is clicked on

2021-10-21 12:56:35 - [MESSAGE][PASSED] - Object: 'Object Repository/RAD_Pages/PaymentConfirmation_Page/input_N_confirmNotifyAction' is clicked on

2021-10-21 12:56:35 - [TEST_STEP][PASSED] - click(findTestObject(orPath_ServiceFeesAccept + "/input_convFeeNotifyAction")): Object: 'Object Repository/RAD_Pages/ServiceFeeAccept_Page/input_convFeeNotifyAction' is clicked on

2021-10-21 12:56:36 - [MESSAGE][PASSED] - Object: 'Object Repository/RAD_Pages/ServiceFeeAccept_Page/input_convFeeNotifyAction' is clicked on

2021-10-21 12:56:36 - [TEST_STEP][PASSED] - delay(10): Delayed 10 second(s)

2021-10-21 12:56:46 - [MESSAGE][PASSED] - Delayed 10 second(s)

2021-10-21 12:56:46 - [TEST_STEP][PASSED] - verifyTextPresent("Successful Payment Receipt", true): Text 'Successful Payment Receipt' is present on page  using regular expression

2021-10-21 12:56:47 - [MESSAGE][PASSED] - Text 'Successful Payment Receipt' is present on page  using regular expression

2021-10-21 12:56:47 - [TEST_STEP][PASSED] - if (verifyTextPresent("Successful Payment Receipt", true)): null

2021-10-21 12:56:47 - [MESSAGE][PASSED] - Text 'Successful Payment Receipt' is present on page  using regular expression

2021-10-21 12:56:47 - [TEST_STEP][PASSED] - println("Transaction was Successful"): null

2021-10-21 12:56:47 - [TEST_STEP][PASSED] - out.println("Pass Record Number: " + row): null

2021-10-21 12:56:47 - [TEST_STEP][PASSED] - resText = "Pass": null

2021-10-21 12:56:47 - [TEST_STEP][PASSED] - pages.WriteExcel.demoKey(resText, datText, resColumn, datCloumn, fileLoc, nameSheet, row): pages.WriteExcel.demoKey is PASSED

2021-10-21 12:56:47 - [MESSAGE][PASSED] - pages.WriteExcel.demoKey is PASSED

2021-10-21 12:56:47 - [TEST_STEP][PASSED] - ExecuteTC = findTestData(dataFile).getValue("Execute", row): null

2021-10-21 12:56:47 - [TEST_STEP][PASSED] - PaymentType = findTestData(dataFile).getValue("PaymentType", row): null

2021-10-21 12:56:47 - [TEST_STEP][PASSED] - FilingYear = findTestData(dataFile).getValue("FilingYear", row): null

2021-10-21 12:56:47 - [TEST_STEP][PASSED] - PeriodEnding = findTestData(dataFile).getValue("PeriodEnding", row): null

2021-10-21 12:56:47 - [TEST_STEP][PASSED] - FName = findTestData(dataFile).getValue("Fname", row): null

2021-10-21 12:56:47 - [TEST_STEP][PASSED] - LName = findTestData(dataFile).getValue("Lname", row): null

2021-10-21 12:56:47 - [TEST_STEP][PASSED] - SSN = findTestData(dataFile).getValue("SSN", row): null

2021-10-21 12:56:47 - [TEST_STEP][PASSED] - BusName = findTestData(dataFile).getValue("BusName", row): null

2021-10-21 12:56:47 - [TEST_STEP][PASSED] - AL1 = findTestData(dataFile).getValue("AL1", row): null

2021-10-21 12:56:47 - [TEST_STEP][PASSED] - City = findTestData(dataFile).getValue("City", row): null

2021-10-21 12:56:47 - [TEST_STEP][PASSED] - ZIP = findTestData(dataFile).getValue("ZIP", row): null

2021-10-21 12:56:47 - [TEST_STEP][PASSED] - FilingType = findTestData(dataFile).getValue("FilingType", row): null

2021-10-21 12:56:47 - [TEST_STEP][PASSED] - Withholding = findTestData(dataFile).getValue("Withholding", row): null

2021-10-21 12:56:48 - [TEST_STEP][PASSED] - Amount = findTestData(dataFile).getValue("Amount", row): null

2021-10-21 12:56:48 - [TEST_STEP][PASSED] - CCNumber = findTestData(dataFile).getValue("CCNumber", row): null

2021-10-21 12:56:48 - [TEST_STEP][PASSED] - CVV = findTestData(dataFile).getValue("CVV", row): null

2021-10-21 12:56:48 - [TEST_STEP][PASSED] - out.println("Value of Execute is : " + ExecuteTC): null

2021-10-21 12:56:48 - [TEST_STEP][FAILED] - if (ExecuteTC.equalsIgnoreCase("Y")): null

2021-10-21 12:56:48 - [TEST_STEP][PASSED] - out.println("Begin Record Number: " + row): null

2021-10-21 12:56:48 - [TEST_STEP][PASSED] - today = new java.util.Date(): null

2021-10-21 12:56:48 - [TEST_STEP][PASSED] - println(today): null

2021-10-21 12:56:48 - [TEST_STEP][PASSED] - datText = today: null

2021-10-21 12:56:48 - [TEST_STEP][PASSED] - Taxtype = findTestData(dataFile).getValue("TaxType", row): null

2021-10-21 12:56:48 - [TEST_STEP][PASSED] - out.println("Taxtype value is : " + Taxtype): null

2021-10-21 12:56:48 - [TEST_STEP][PASSED] - openBrowser(""): Browser is opened with url: ''

2021-10-21 12:56:48 - [MESSAGE][WARNING] - A browser is already opened. Closing browser and opening a new one

2021-10-21 12:56:48 - [MESSAGE][INFO] - Starting 'Chrome' driver

2021-10-21 12:56:48 - [MESSAGE][INFO] - User set preference: ['acceptInsecureCerts', 'true']

2021-10-21 12:56:48 - [MESSAGE][INFO] - Action delay is set to 0 milliseconds

2021-10-21 12:56:50 - [MESSAGE][PASSED] - Browser is opened with url: ''

2021-10-21 12:56:50 - [TEST_STEP][PASSED] - maximizeWindow(): Current window maximized

2021-10-21 12:56:50 - [MESSAGE][PASSED] - Current window maximized

2021-10-21 12:56:50 - [TEST_STEP][PASSED] - navigateToUrl(RADurl): Navigate to 'https://demo.velocitypayment.com/client/rad/index.html' successfully

2021-10-21 12:56:52 - [MESSAGE][PASSED] - Navigate to 'https://demo.velocitypayment.com/client/rad/index.html' successfully

2021-10-21 12:56:52 - [TEST_STEP][PASSED] - orPath_Landing = "Object Repository/RAD_Pages/Landing_Page": null

2021-10-21 12:56:52 - [TEST_STEP][PASSED] - orPath_TaxTypeFilingYear = "Object Repository/RAD_Pages/TaxTypeFilingYear_Page": null

2021-10-21 12:56:52 - [TEST_STEP][PASSED] - orPath_TaxPayer = "Object Repository/RAD_Pages/Taxpayer_Page": null

2021-10-21 12:56:52 - [TEST_STEP][PASSED] - orPath_AddressContact = "Object Repository/RAD_Pages/AddressAndContactInfo_Page": null

2021-10-21 12:56:52 - [TEST_STEP][PASSED] - orPath_FilingStatus = "Object Repository/RAD_Pages/FilingStatus_Page": null

2021-10-21 12:56:52 - [TEST_STEP][PASSED] - orPath_Amount = "Object Repository/RAD_Pages/PaymentAmount_Page": null

2021-10-21 12:56:52 - [TEST_STEP][PASSED] - orPath_TaxInfo = "Object Repository/RAD_Pages/TaxInfo_Page": null

2021-10-21 12:56:52 - [TEST_STEP][PASSED] - orPath_Withholding = "Object Repository/RAD_Pages/Withholding_Page": null

2021-10-21 12:56:52 - [TEST_STEP][PASSED] - orPath_Summary = "Object Repository/RAD_Pages/Summary_Page": null

2021-10-21 12:56:52 - [TEST_STEP][PASSED] - orPath_PaymentReady = "Object Repository/RAD_Pages/PaymentReady_Page": null

2021-10-21 12:56:52 - [TEST_STEP][PASSED] - orPath_PaymentEntry = "Object Repository/RAD_Pages/PaymentEntry_Page": null

2021-10-21 12:56:52 - [TEST_STEP][PASSED] - orPath_PaymentConfirmation = "Object Repository/RAD_Pages/PaymentConfirmation_Page": null

2021-10-21 12:56:52 - [TEST_STEP][PASSED] - orPath_ServiceFeesAccept = "Object Repository/RAD_Pages/ServiceFeeAccept_Page": null

2021-10-21 12:56:52 - [TEST_STEP][PASSED] - selectOptionByLabel(findTestObject(orPath_Landing + "/dd_TaxType"), Taxtype, false): All options with label 'Extension Payments' are selected in object 'Object Repository/RAD_Pages/Landing_Page/dd_TaxType' 

2021-10-21 12:56:52 - [MESSAGE][PASSED] - All options with label 'Extension Payments' are selected in object 'Object Repository/RAD_Pages/Landing_Page/dd_TaxType' 

2021-10-21 12:56:53 - [TEST_STEP][PASSED] - delay(3): Delayed 3 second(s)

2021-10-21 12:56:56 - [MESSAGE][PASSED] - Delayed 3 second(s)

2021-10-21 12:56:56 - [TEST_STEP][FAILED] - switch (Taxtype): null

2021-10-21 12:56:56 - [TEST_STEP][FAILED] - case "Extension Payments":: null

2021-10-21 12:56:56 - [TEST_STEP][PASSED] - selectOptionByLabel(findTestObject(orPath_TaxTypeFilingYear + "/select_PaymentType"), PaymentType, false): All options with label 'Corporate' are selected in object 'Object Repository/RAD_Pages/TaxTypeFilingYear_Page/select_PaymentType' 

2021-10-21 12:56:56 - [MESSAGE][PASSED] - All options with label 'Corporate' are selected in object 'Object Repository/RAD_Pages/TaxTypeFilingYear_Page/select_PaymentType' 

2021-10-21 12:56:56 - [TEST_STEP][PASSED] - selectOptionByLabel(findTestObject(orPath_TaxTypeFilingYear + "/select_FilingYear"), FilingYear, false): All options with label '2022' are selected in object 'Object Repository/RAD_Pages/TaxTypeFilingYear_Page/select_FilingYear' 

2021-10-21 12:56:57 - [MESSAGE][PASSED] - All options with label '2022' are selected in object 'Object Repository/RAD_Pages/TaxTypeFilingYear_Page/select_FilingYear' 

2021-10-21 12:56:57 - [TEST_STEP][PASSED] - setText(findTestObject(orPath_TaxPayer + "/input_PSSN"), SSN): Text '123-44-1234' is set on object 'Object Repository/RAD_Pages/Taxpayer_Page/input_PSSN'

2021-10-21 12:56:57 - [MESSAGE][PASSED] - Text '123-44-1234' is set on object 'Object Repository/RAD_Pages/Taxpayer_Page/input_PSSN'

2021-10-21 12:56:57 - [TEST_STEP][PASSED] - setText(findTestObject(orPath_TaxPayer + "/input_reEnterPSSN"), SSN): Text '123-44-1234' is set on object 'Object Repository/RAD_Pages/Taxpayer_Page/input_reEnterPSSN'

2021-10-21 12:56:58 - [MESSAGE][PASSED] - Text '123-44-1234' is set on object 'Object Repository/RAD_Pages/Taxpayer_Page/input_reEnterPSSN'

2021-10-21 12:56:58 - [TEST_STEP][PASSED] - if (FilingType.equalsIgnoreCase("Y")): null

2021-10-21 12:56:58 - [TEST_STEP][FAILED] - else: null

2021-10-21 12:56:58 - [TEST_STEP][PASSED] - scrollToElement(findTestObject(orPath_Amount + "/input__paymentAmount"), 3): Scroll to object 'Object Repository/RAD_Pages/PaymentAmount_Page/input__paymentAmount' successfully

2021-10-21 12:56:58 - [MESSAGE][PASSED] - Scroll to object 'Object Repository/RAD_Pages/PaymentAmount_Page/input__paymentAmount' successfully

2021-10-21 12:56:58 - [TEST_STEP][PASSED] - waitForElementClickable(findTestObject(orPath_FilingStatus + "/input_userType_Joint"), 5): Object 'Object Repository/RAD_Pages/FilingStatus_Page/input_userType_Joint' is clickable

2021-10-21 12:56:59 - [MESSAGE][PASSED] - Object 'Object Repository/RAD_Pages/FilingStatus_Page/input_userType_Joint' is clickable

2021-10-21 12:56:59 - [TEST_STEP][FAILED] - check(findTestObject(orPath_FilingStatus + "/input_userType_Joint")): Unable to check object 'Object Repository/RAD_Pages/FilingStatus_Page/input_userType_Joint' (Root cause: com.kms.katalon.core.exception.StepFailedException: Unable to check object 'Object Repository/RAD_Pages/FilingStatus_Page/input_userType_Joint'
	at com.kms.katalon.core.webui.keyword.internal.WebUIKeywordMain.stepFailed(WebUIKeywordMain.groovy:64)
	at com.kms.katalon.core.webui.keyword.internal.WebUIKeywordMain.runKeyword(WebUIKeywordMain.groovy:26)
	at com.kms.katalon.core.webui.keyword.builtin.CheckKeyword.check(CheckKeyword.groovy:88)
	at com.kms.katalon.core.webui.keyword.builtin.CheckKeyword.execute(CheckKeyword.groovy:67)
	at com.kms.katalon.core.keyword.internal.KeywordExecutor.executeKeywordForPlatform(KeywordExecutor.groovy:73)
	at com.kms.katalon.core.webui.keyword.WebUiBuiltInKeywords.check(WebUiBuiltInKeywords.groovy:1069)
	at com.kms.katalon.core.webui.keyword.WebUiBuiltInKeywords$check$4.call(Unknown Source)
	at Payments_HC_TC.run(Payments_HC_TC:176)
	at com.kms.katalon.core.main.ScriptEngine.run(ScriptEngine.java:194)
	at com.kms.katalon.core.main.ScriptEngine.runScriptAsRawText(ScriptEngine.java:119)
	at com.kms.katalon.core.main.TestCaseExecutor.runScript(TestCaseExecutor.java:369)
	at com.kms.katalon.core.main.TestCaseExecutor.doExecute(TestCaseExecutor.java:360)
	at com.kms.katalon.core.main.TestCaseExecutor.processExecutionPhase(TestCaseExecutor.java:339)
	at com.kms.katalon.core.main.TestCaseExecutor.accessMainPhase(TestCaseExecutor.java:331)
	at com.kms.katalon.core.main.TestCaseExecutor.execute(TestCaseExecutor.java:248)
	at com.kms.katalon.core.main.TestSuiteExecutor.accessTestCaseMainPhase(TestSuiteExecutor.java:191)
	at com.kms.katalon.core.main.TestSuiteExecutor.accessTestSuiteMainPhase(TestSuiteExecutor.java:140)
	at com.kms.katalon.core.main.TestSuiteExecutor.execute(TestSuiteExecutor.java:89)
	at com.kms.katalon.core.main.TestCaseMain.startTestSuite(TestCaseMain.java:185)
	at com.kms.katalon.core.main.TestCaseMain$startTestSuite$0.call(Unknown Source)
	at TempTestSuite1634834938608.run(TempTestSuite1634834938608.groovy:39)
Caused by: org.openqa.selenium.ElementNotInteractableException: element not interactable
  (Session info: chrome=95.0.4638.54)
Build info: version: '3.141.59', revision: 'e82be7d358', time: '2018-11-14T08:25:53'
System info: host: 'DESKTOP-B2QI6NS', ip: '172.30.2.167', os.name: 'Windows 10', os.arch: 'amd64', os.version: '10.0', java.version: '1.8.0_181'
Driver info: com.kms.katalon.selenium.driver.CChromeDriver
Capabilities {acceptInsecureCerts: true, browserName: chrome, browserVersion: 95.0.4638.54, chrome: {chromedriverVersion: 94.0.4606.61 (418b78f5838ed..., userDataDir: C:\Users\iahmed\AppData\Loc...}, goog:chromeOptions: {debuggerAddress: localhost:64790}, javascriptEnabled: true, networkConnectionEnabled: false, pageLoadStrategy: normal, platform: WINDOWS, platformName: WINDOWS, proxy: Proxy(), setWindowRect: true, strictFileInteractability: false, timeouts: {implicit: 0, pageLoad: 300000, script: 30000}, unhandledPromptBehavior: dismiss and notify, webauthn:extension:credBlob: true, webauthn:extension:largeBlob: true, webauthn:virtualAuthenticators: true}
Session ID: 32461aa909763002d1aa2c8eb94102cf
	at org.openqa.selenium.remote.http.W3CHttpResponseCodec.createException(W3CHttpResponseCodec.java:187)
	at org.openqa.selenium.remote.http.W3CHttpResponseCodec.decode(W3CHttpResponseCodec.java:122)
	at org.openqa.selenium.remote.http.W3CHttpResponseCodec.decode(W3CHttpResponseCodec.java:49)
	at org.openqa.selenium.remote.HttpCommandExecutor.execute(HttpCommandExecutor.java:158)
	at org.openqa.selenium.remote.service.DriverCommandExecutor.execute(DriverCommandExecutor.java:83)
	at org.openqa.selenium.remote.RemoteWebDriver.execute(RemoteWebDriver.java:552)
	at com.kms.katalon.selenium.driver.CChromeDriver.execute(CChromeDriver.java:19)
	at org.openqa.selenium.remote.RemoteWebElement.execute(RemoteWebElement.java:285)
	at org.openqa.selenium.remote.RemoteWebElement.click(RemoteWebElement.java:84)
	at org.openqa.selenium.support.events.EventFiringWebDriver$EventFiringWebElement.lambda$new$0(EventFiringWebDriver.java:404)
	at com.sun.proxy.$Proxy11.click(Unknown Source)
	at org.openqa.selenium.support.events.EventFiringWebDriver$EventFiringWebElement.click(EventFiringWebDriver.java:417)
	at com.kms.katalon.core.webui.keyword.builtin.CheckKeyword$_check_closure1.doCall(CheckKeyword.groovy:80)
	at com.kms.katalon.core.webui.keyword.builtin.CheckKeyword$_check_closure1.call(CheckKeyword.groovy)
	at com.kms.katalon.core.webui.keyword.internal.WebUIKeywordMain.runKeyword(WebUIKeywordMain.groovy:20)
	at com.kms.katalon.core.webui.keyword.builtin.CheckKeyword.check(CheckKeyword.groovy:88)
	at com.kms.katalon.core.webui.keyword.builtin.CheckKeyword.execute(CheckKeyword.groovy:67)
	at com.kms.katalon.core.keyword.internal.KeywordExecutor.executeKeywordForPlatform(KeywordExecutor.groovy:73)
	at com.kms.katalon.core.webui.keyword.WebUiBuiltInKeywords.check(WebUiBuiltInKeywords.groovy:1069)
	at com.kms.katalon.core.webui.keyword.WebUiBuiltInKeywords$check$4.call(Unknown Source)
	at Script1634674829687.run(Script1634674829687.groovy:176)
	... 13 more
)

2021-10-21 12:56:59 - [MESSAGE][FAILED] - Unable to check object 'Object Repository/RAD_Pages/FilingStatus_Page/input_userType_Joint' (Root cause: com.kms.katalon.core.exception.StepFailedException: Unable to check object 'Object Repository/RAD_Pages/FilingStatus_Page/input_userType_Joint'
	at com.kms.katalon.core.webui.keyword.internal.WebUIKeywordMain.stepFailed(WebUIKeywordMain.groovy:64)
	at com.kms.katalon.core.webui.keyword.internal.WebUIKeywordMain.runKeyword(WebUIKeywordMain.groovy:26)
	at com.kms.katalon.core.webui.keyword.builtin.CheckKeyword.check(CheckKeyword.groovy:88)
	at com.kms.katalon.core.webui.keyword.builtin.CheckKeyword.execute(CheckKeyword.groovy:67)
	at com.kms.katalon.core.keyword.internal.KeywordExecutor.executeKeywordForPlatform(KeywordExecutor.groovy:73)
	at com.kms.katalon.core.webui.keyword.WebUiBuiltInKeywords.check(WebUiBuiltInKeywords.groovy:1069)
	at com.kms.katalon.core.webui.keyword.WebUiBuiltInKeywords$check$4.call(Unknown Source)
	at Payments_HC_TC.run(Payments_HC_TC:176)
	at com.kms.katalon.core.main.ScriptEngine.run(ScriptEngine.java:194)
	at com.kms.katalon.core.main.ScriptEngine.runScriptAsRawText(ScriptEngine.java:119)
	at com.kms.katalon.core.main.TestCaseExecutor.runScript(TestCaseExecutor.java:369)
	at com.kms.katalon.core.main.TestCaseExecutor.doExecute(TestCaseExecutor.java:360)
	at com.kms.katalon.core.main.TestCaseExecutor.processExecutionPhase(TestCaseExecutor.java:339)
	at com.kms.katalon.core.main.TestCaseExecutor.accessMainPhase(TestCaseExecutor.java:331)
	at com.kms.katalon.core.main.TestCaseExecutor.execute(TestCaseExecutor.java:248)
	at com.kms.katalon.core.main.TestSuiteExecutor.accessTestCaseMainPhase(TestSuiteExecutor.java:191)
	at com.kms.katalon.core.main.TestSuiteExecutor.accessTestSuiteMainPhase(TestSuiteExecutor.java:140)
	at com.kms.katalon.core.main.TestSuiteExecutor.execute(TestSuiteExecutor.java:89)
	at com.kms.katalon.core.main.TestCaseMain.startTestSuite(TestCaseMain.java:185)
	at com.kms.katalon.core.main.TestCaseMain$startTestSuite$0.call(Unknown Source)
	at TempTestSuite1634834938608.run(TempTestSuite1634834938608.groovy:39)
Caused by: org.openqa.selenium.ElementNotInteractableException: element not interactable
  (Session info: chrome=95.0.4638.54)
Build info: version: '3.141.59', revision: 'e82be7d358', time: '2018-11-14T08:25:53'
System info: host: 'DESKTOP-B2QI6NS', ip: '172.30.2.167', os.name: 'Windows 10', os.arch: 'amd64', os.version: '10.0', java.version: '1.8.0_181'
Driver info: com.kms.katalon.selenium.driver.CChromeDriver
Capabilities {acceptInsecureCerts: true, browserName: chrome, browserVersion: 95.0.4638.54, chrome: {chromedriverVersion: 94.0.4606.61 (418b78f5838ed..., userDataDir: C:\Users\iahmed\AppData\Loc...}, goog:chromeOptions: {debuggerAddress: localhost:64790}, javascriptEnabled: true, networkConnectionEnabled: false, pageLoadStrategy: normal, platform: WINDOWS, platformName: WINDOWS, proxy: Proxy(), setWindowRect: true, strictFileInteractability: false, timeouts: {implicit: 0, pageLoad: 300000, script: 30000}, unhandledPromptBehavior: dismiss and notify, webauthn:extension:credBlob: true, webauthn:extension:largeBlob: true, webauthn:virtualAuthenticators: true}
Session ID: 32461aa909763002d1aa2c8eb94102cf
	at org.openqa.selenium.remote.http.W3CHttpResponseCodec.createException(W3CHttpResponseCodec.java:187)
	at org.openqa.selenium.remote.http.W3CHttpResponseCodec.decode(W3CHttpResponseCodec.java:122)
	at org.openqa.selenium.remote.http.W3CHttpResponseCodec.decode(W3CHttpResponseCodec.java:49)
	at org.openqa.selenium.remote.HttpCommandExecutor.execute(HttpCommandExecutor.java:158)
	at org.openqa.selenium.remote.service.DriverCommandExecutor.execute(DriverCommandExecutor.java:83)
	at org.openqa.selenium.remote.RemoteWebDriver.execute(RemoteWebDriver.java:552)
	at com.kms.katalon.selenium.driver.CChromeDriver.execute(CChromeDriver.java:19)
	at org.openqa.selenium.remote.RemoteWebElement.execute(RemoteWebElement.java:285)
	at org.openqa.selenium.remote.RemoteWebElement.click(RemoteWebElement.java:84)
	at org.openqa.selenium.support.events.EventFiringWebDriver$EventFiringWebElement.lambda$new$0(EventFiringWebDriver.java:404)
	at com.sun.proxy.$Proxy11.click(Unknown Source)
	at org.openqa.selenium.support.events.EventFiringWebDriver$EventFiringWebElement.click(EventFiringWebDriver.java:417)
	at com.kms.katalon.core.webui.keyword.builtin.CheckKeyword$_check_closure1.doCall(CheckKeyword.groovy:80)
	at com.kms.katalon.core.webui.keyword.builtin.CheckKeyword$_check_closure1.call(CheckKeyword.groovy)
	at com.kms.katalon.core.webui.keyword.internal.WebUIKeywordMain.runKeyword(WebUIKeywordMain.groovy:20)
	at com.kms.katalon.core.webui.keyword.builtin.CheckKeyword.check(CheckKeyword.groovy:88)
	at com.kms.katalon.core.webui.keyword.builtin.CheckKeyword.execute(CheckKeyword.groovy:67)
	at com.kms.katalon.core.keyword.internal.KeywordExecutor.executeKeywordForPlatform(KeywordExecutor.groovy:73)
	at com.kms.katalon.core.webui.keyword.WebUiBuiltInKeywords.check(WebUiBuiltInKeywords.groovy:1069)
	at com.kms.katalon.core.webui.keyword.WebUiBuiltInKeywords$check$4.call(Unknown Source)
	at Script1634674829687.run(Script1634674829687.groovy:176)
	... 13 more
)
[[ATTACHMENT|E:\\Cloned-Project-Katalon\\VPS-Katalon\\Reports\\20211021_124858\\RAD_TestSuite\\RAD_UI_TestSuite\\20211021_124858\\1634835419695.png]]

2021-10-21 12:56:59 - [TEST_STEP][PASSED] - delay(3): Delayed 3 second(s)

2021-10-21 12:57:02 - [MESSAGE][PASSED] - Delayed 3 second(s)

2021-10-21 12:57:02 - [TEST_STEP][FAILED] - setText(findTestObject(orPath_FilingStatus + "/input_jointFirstName"), "Sam"): Unable to set text 'Sam' of object 'Object Repository/RAD_Pages/FilingStatus_Page/input_jointFirstName' (Root cause: com.kms.katalon.core.exception.StepFailedException: Unable to set text 'Sam' of object 'Object Repository/RAD_Pages/FilingStatus_Page/input_jointFirstName'
	at com.kms.katalon.core.webui.keyword.internal.WebUIKeywordMain.stepFailed(WebUIKeywordMain.groovy:64)
	at com.kms.katalon.core.webui.keyword.internal.WebUIKeywordMain.runKeyword(WebUIKeywordMain.groovy:26)
	at com.kms.katalon.core.webui.keyword.builtin.SetTextKeyword.setText(SetTextKeyword.groovy:66)
	at com.kms.katalon.core.webui.keyword.builtin.SetTextKeyword.execute(SetTextKeyword.groovy:37)
	at com.kms.katalon.core.keyword.internal.KeywordExecutor.executeKeywordForPlatform(KeywordExecutor.groovy:73)
	at com.kms.katalon.core.webui.keyword.WebUiBuiltInKeywords.setText(WebUiBuiltInKeywords.groovy:980)
	at com.kms.katalon.core.webui.keyword.WebUiBuiltInKeywords$setText$3.call(Unknown Source)
	at Payments_HC_TC.run(Payments_HC_TC:178)
	at com.kms.katalon.core.main.ScriptEngine.run(ScriptEngine.java:194)
	at com.kms.katalon.core.main.ScriptEngine.runScriptAsRawText(ScriptEngine.java:119)
	at com.kms.katalon.core.main.TestCaseExecutor.runScript(TestCaseExecutor.java:369)
	at com.kms.katalon.core.main.TestCaseExecutor.doExecute(TestCaseExecutor.java:360)
	at com.kms.katalon.core.main.TestCaseExecutor.processExecutionPhase(TestCaseExecutor.java:339)
	at com.kms.katalon.core.main.TestCaseExecutor.accessMainPhase(TestCaseExecutor.java:331)
	at com.kms.katalon.core.main.TestCaseExecutor.execute(TestCaseExecutor.java:248)
	at com.kms.katalon.core.main.TestSuiteExecutor.accessTestCaseMainPhase(TestSuiteExecutor.java:191)
	at com.kms.katalon.core.main.TestSuiteExecutor.accessTestSuiteMainPhase(TestSuiteExecutor.java:140)
	at com.kms.katalon.core.main.TestSuiteExecutor.execute(TestSuiteExecutor.java:89)
	at com.kms.katalon.core.main.TestCaseMain.startTestSuite(TestCaseMain.java:185)
	at com.kms.katalon.core.main.TestCaseMain$startTestSuite$0.call(Unknown Source)
	at TempTestSuite1634834938608.run(TempTestSuite1634834938608.groovy:39)
Caused by: org.openqa.selenium.ElementNotInteractableException: element not interactable
  (Session info: chrome=95.0.4638.54)
Build info: version: '3.141.59', revision: 'e82be7d358', time: '2018-11-14T08:25:53'
System info: host: 'DESKTOP-B2QI6NS', ip: '172.30.2.167', os.name: 'Windows 10', os.arch: 'amd64', os.version: '10.0', java.version: '1.8.0_181'
Driver info: com.kms.katalon.selenium.driver.CChromeDriver
Capabilities {acceptInsecureCerts: true, browserName: chrome, browserVersion: 95.0.4638.54, chrome: {chromedriverVersion: 94.0.4606.61 (418b78f5838ed..., userDataDir: C:\Users\iahmed\AppData\Loc...}, goog:chromeOptions: {debuggerAddress: localhost:64790}, javascriptEnabled: true, networkConnectionEnabled: false, pageLoadStrategy: normal, platform: WINDOWS, platformName: WINDOWS, proxy: Proxy(), setWindowRect: true, strictFileInteractability: false, timeouts: {implicit: 0, pageLoad: 300000, script: 30000}, unhandledPromptBehavior: dismiss and notify, webauthn:extension:credBlob: true, webauthn:extension:largeBlob: true, webauthn:virtualAuthenticators: true}
Session ID: 32461aa909763002d1aa2c8eb94102cf
	at org.openqa.selenium.remote.http.W3CHttpResponseCodec.createException(W3CHttpResponseCodec.java:187)
	at org.openqa.selenium.remote.http.W3CHttpResponseCodec.decode(W3CHttpResponseCodec.java:122)
	at org.openqa.selenium.remote.http.W3CHttpResponseCodec.decode(W3CHttpResponseCodec.java:49)
	at org.openqa.selenium.remote.HttpCommandExecutor.execute(HttpCommandExecutor.java:158)
	at org.openqa.selenium.remote.service.DriverCommandExecutor.execute(DriverCommandExecutor.java:83)
	at org.openqa.selenium.remote.RemoteWebDriver.execute(RemoteWebDriver.java:552)
	at com.kms.katalon.selenium.driver.CChromeDriver.execute(CChromeDriver.java:19)
	at org.openqa.selenium.remote.RemoteWebElement.execute(RemoteWebElement.java:285)
	at org.openqa.selenium.remote.RemoteWebElement.clear(RemoteWebElement.java:124)
	at org.openqa.selenium.support.events.EventFiringWebDriver$EventFiringWebElement.lambda$new$0(EventFiringWebDriver.java:404)
	at com.sun.proxy.$Proxy11.clear(Unknown Source)
	at org.openqa.selenium.support.events.EventFiringWebDriver$EventFiringWebElement.clear(EventFiringWebDriver.java:436)
	at com.kms.katalon.core.webui.keyword.builtin.SetTextKeyword$_setText_closure1.doCall(SetTextKeyword.groovy:53)
	at com.kms.katalon.core.webui.keyword.builtin.SetTextKeyword$_setText_closure1.call(SetTextKeyword.groovy)
	at com.kms.katalon.core.webui.keyword.internal.WebUIKeywordMain.runKeyword(WebUIKeywordMain.groovy:20)
	at com.kms.katalon.core.webui.keyword.builtin.SetTextKeyword.setText(SetTextKeyword.groovy:66)
	at com.kms.katalon.core.webui.keyword.builtin.SetTextKeyword.execute(SetTextKeyword.groovy:37)
	at com.kms.katalon.core.keyword.internal.KeywordExecutor.executeKeywordForPlatform(KeywordExecutor.groovy:73)
	at com.kms.katalon.core.webui.keyword.WebUiBuiltInKeywords.setText(WebUiBuiltInKeywords.groovy:980)
	at com.kms.katalon.core.webui.keyword.WebUiBuiltInKeywords$setText$3.call(Unknown Source)
	at Script1634674829687.run(Script1634674829687.groovy:178)
	... 13 more
)

2021-10-21 12:57:03 - [MESSAGE][FAILED] - Unable to set text 'Sam' of object 'Object Repository/RAD_Pages/FilingStatus_Page/input_jointFirstName' (Root cause: com.kms.katalon.core.exception.StepFailedException: Unable to set text 'Sam' of object 'Object Repository/RAD_Pages/FilingStatus_Page/input_jointFirstName'
	at com.kms.katalon.core.webui.keyword.internal.WebUIKeywordMain.stepFailed(WebUIKeywordMain.groovy:64)
	at com.kms.katalon.core.webui.keyword.internal.WebUIKeywordMain.runKeyword(WebUIKeywordMain.groovy:26)
	at com.kms.katalon.core.webui.keyword.builtin.SetTextKeyword.setText(SetTextKeyword.groovy:66)
	at com.kms.katalon.core.webui.keyword.builtin.SetTextKeyword.execute(SetTextKeyword.groovy:37)
	at com.kms.katalon.core.keyword.internal.KeywordExecutor.executeKeywordForPlatform(KeywordExecutor.groovy:73)
	at com.kms.katalon.core.webui.keyword.WebUiBuiltInKeywords.setText(WebUiBuiltInKeywords.groovy:980)
	at com.kms.katalon.core.webui.keyword.WebUiBuiltInKeywords$setText$3.call(Unknown Source)
	at Payments_HC_TC.run(Payments_HC_TC:178)
	at com.kms.katalon.core.main.ScriptEngine.run(ScriptEngine.java:194)
	at com.kms.katalon.core.main.ScriptEngine.runScriptAsRawText(ScriptEngine.java:119)
	at com.kms.katalon.core.main.TestCaseExecutor.runScript(TestCaseExecutor.java:369)
	at com.kms.katalon.core.main.TestCaseExecutor.doExecute(TestCaseExecutor.java:360)
	at com.kms.katalon.core.main.TestCaseExecutor.processExecutionPhase(TestCaseExecutor.java:339)
	at com.kms.katalon.core.main.TestCaseExecutor.accessMainPhase(TestCaseExecutor.java:331)
	at com.kms.katalon.core.main.TestCaseExecutor.execute(TestCaseExecutor.java:248)
	at com.kms.katalon.core.main.TestSuiteExecutor.accessTestCaseMainPhase(TestSuiteExecutor.java:191)
	at com.kms.katalon.core.main.TestSuiteExecutor.accessTestSuiteMainPhase(TestSuiteExecutor.java:140)
	at com.kms.katalon.core.main.TestSuiteExecutor.execute(TestSuiteExecutor.java:89)
	at com.kms.katalon.core.main.TestCaseMain.startTestSuite(TestCaseMain.java:185)
	at com.kms.katalon.core.main.TestCaseMain$startTestSuite$0.call(Unknown Source)
	at TempTestSuite1634834938608.run(TempTestSuite1634834938608.groovy:39)
Caused by: org.openqa.selenium.ElementNotInteractableException: element not interactable
  (Session info: chrome=95.0.4638.54)
Build info: version: '3.141.59', revision: 'e82be7d358', time: '2018-11-14T08:25:53'
System info: host: 'DESKTOP-B2QI6NS', ip: '172.30.2.167', os.name: 'Windows 10', os.arch: 'amd64', os.version: '10.0', java.version: '1.8.0_181'
Driver info: com.kms.katalon.selenium.driver.CChromeDriver
Capabilities {acceptInsecureCerts: true, browserName: chrome, browserVersion: 95.0.4638.54, chrome: {chromedriverVersion: 94.0.4606.61 (418b78f5838ed..., userDataDir: C:\Users\iahmed\AppData\Loc...}, goog:chromeOptions: {debuggerAddress: localhost:64790}, javascriptEnabled: true, networkConnectionEnabled: false, pageLoadStrategy: normal, platform: WINDOWS, platformName: WINDOWS, proxy: Proxy(), setWindowRect: true, strictFileInteractability: false, timeouts: {implicit: 0, pageLoad: 300000, script: 30000}, unhandledPromptBehavior: dismiss and notify, webauthn:extension:credBlob: true, webauthn:extension:largeBlob: true, webauthn:virtualAuthenticators: true}
Session ID: 32461aa909763002d1aa2c8eb94102cf
	at org.openqa.selenium.remote.http.W3CHttpResponseCodec.createException(W3CHttpResponseCodec.java:187)
	at org.openqa.selenium.remote.http.W3CHttpResponseCodec.decode(W3CHttpResponseCodec.java:122)
	at org.openqa.selenium.remote.http.W3CHttpResponseCodec.decode(W3CHttpResponseCodec.java:49)
	at org.openqa.selenium.remote.HttpCommandExecutor.execute(HttpCommandExecutor.java:158)
	at org.openqa.selenium.remote.service.DriverCommandExecutor.execute(DriverCommandExecutor.java:83)
	at org.openqa.selenium.remote.RemoteWebDriver.execute(RemoteWebDriver.java:552)
	at com.kms.katalon.selenium.driver.CChromeDriver.execute(CChromeDriver.java:19)
	at org.openqa.selenium.remote.RemoteWebElement.execute(RemoteWebElement.java:285)
	at org.openqa.selenium.remote.RemoteWebElement.clear(RemoteWebElement.java:124)
	at org.openqa.selenium.support.events.EventFiringWebDriver$EventFiringWebElement.lambda$new$0(EventFiringWebDriver.java:404)
	at com.sun.proxy.$Proxy11.clear(Unknown Source)
	at org.openqa.selenium.support.events.EventFiringWebDriver$EventFiringWebElement.clear(EventFiringWebDriver.java:436)
	at com.kms.katalon.core.webui.keyword.builtin.SetTextKeyword$_setText_closure1.doCall(SetTextKeyword.groovy:53)
	at com.kms.katalon.core.webui.keyword.builtin.SetTextKeyword$_setText_closure1.call(SetTextKeyword.groovy)
	at com.kms.katalon.core.webui.keyword.internal.WebUIKeywordMain.runKeyword(WebUIKeywordMain.groovy:20)
	at com.kms.katalon.core.webui.keyword.builtin.SetTextKeyword.setText(SetTextKeyword.groovy:66)
	at com.kms.katalon.core.webui.keyword.builtin.SetTextKeyword.execute(SetTextKeyword.groovy:37)
	at com.kms.katalon.core.keyword.internal.KeywordExecutor.executeKeywordForPlatform(KeywordExecutor.groovy:73)
	at com.kms.katalon.core.webui.keyword.WebUiBuiltInKeywords.setText(WebUiBuiltInKeywords.groovy:980)
	at com.kms.katalon.core.webui.keyword.WebUiBuiltInKeywords$setText$3.call(Unknown Source)
	at Script1634674829687.run(Script1634674829687.groovy:178)
	... 13 more
)
[[ATTACHMENT|E:\\Cloned-Project-Katalon\\VPS-Katalon\\Reports\\20211021_124858\\RAD_TestSuite\\RAD_UI_TestSuite\\20211021_124858\\1634835423278.png]]

2021-10-21 12:57:03 - [TEST_STEP][FAILED] - setText(findTestObject(orPath_FilingStatus + "/input_jointLastName"), "Katrina"): Unable to set text 'Katrina' of object 'Object Repository/RAD_Pages/FilingStatus_Page/input_jointLastName' (Root cause: com.kms.katalon.core.exception.StepFailedException: Unable to set text 'Katrina' of object 'Object Repository/RAD_Pages/FilingStatus_Page/input_jointLastName'
	at com.kms.katalon.core.webui.keyword.internal.WebUIKeywordMain.stepFailed(WebUIKeywordMain.groovy:64)
	at com.kms.katalon.core.webui.keyword.internal.WebUIKeywordMain.runKeyword(WebUIKeywordMain.groovy:26)
	at com.kms.katalon.core.webui.keyword.builtin.SetTextKeyword.setText(SetTextKeyword.groovy:66)
	at com.kms.katalon.core.webui.keyword.builtin.SetTextKeyword.execute(SetTextKeyword.groovy:37)
	at com.kms.katalon.core.keyword.internal.KeywordExecutor.executeKeywordForPlatform(KeywordExecutor.groovy:73)
	at com.kms.katalon.core.webui.keyword.WebUiBuiltInKeywords.setText(WebUiBuiltInKeywords.groovy:980)
	at com.kms.katalon.core.webui.keyword.WebUiBuiltInKeywords$setText$3.call(Unknown Source)
	at Payments_HC_TC.run(Payments_HC_TC:179)
	at com.kms.katalon.core.main.ScriptEngine.run(ScriptEngine.java:194)
	at com.kms.katalon.core.main.ScriptEngine.runScriptAsRawText(ScriptEngine.java:119)
	at com.kms.katalon.core.main.TestCaseExecutor.runScript(TestCaseExecutor.java:369)
	at com.kms.katalon.core.main.TestCaseExecutor.doExecute(TestCaseExecutor.java:360)
	at com.kms.katalon.core.main.TestCaseExecutor.processExecutionPhase(TestCaseExecutor.java:339)
	at com.kms.katalon.core.main.TestCaseExecutor.accessMainPhase(TestCaseExecutor.java:331)
	at com.kms.katalon.core.main.TestCaseExecutor.execute(TestCaseExecutor.java:248)
	at com.kms.katalon.core.main.TestSuiteExecutor.accessTestCaseMainPhase(TestSuiteExecutor.java:191)
	at com.kms.katalon.core.main.TestSuiteExecutor.accessTestSuiteMainPhase(TestSuiteExecutor.java:140)
	at com.kms.katalon.core.main.TestSuiteExecutor.execute(TestSuiteExecutor.java:89)
	at com.kms.katalon.core.main.TestCaseMain.startTestSuite(TestCaseMain.java:185)
	at com.kms.katalon.core.main.TestCaseMain$startTestSuite$0.call(Unknown Source)
	at TempTestSuite1634834938608.run(TempTestSuite1634834938608.groovy:39)
Caused by: org.openqa.selenium.ElementNotInteractableException: element not interactable
  (Session info: chrome=95.0.4638.54)
Build info: version: '3.141.59', revision: 'e82be7d358', time: '2018-11-14T08:25:53'
System info: host: 'DESKTOP-B2QI6NS', ip: '172.30.2.167', os.name: 'Windows 10', os.arch: 'amd64', os.version: '10.0', java.version: '1.8.0_181'
Driver info: com.kms.katalon.selenium.driver.CChromeDriver
Capabilities {acceptInsecureCerts: true, browserName: chrome, browserVersion: 95.0.4638.54, chrome: {chromedriverVersion: 94.0.4606.61 (418b78f5838ed..., userDataDir: C:\Users\iahmed\AppData\Loc...}, goog:chromeOptions: {debuggerAddress: localhost:64790}, javascriptEnabled: true, networkConnectionEnabled: false, pageLoadStrategy: normal, platform: WINDOWS, platformName: WINDOWS, proxy: Proxy(), setWindowRect: true, strictFileInteractability: false, timeouts: {implicit: 0, pageLoad: 300000, script: 30000}, unhandledPromptBehavior: dismiss and notify, webauthn:extension:credBlob: true, webauthn:extension:largeBlob: true, webauthn:virtualAuthenticators: true}
Session ID: 32461aa909763002d1aa2c8eb94102cf
	at org.openqa.selenium.remote.http.W3CHttpResponseCodec.createException(W3CHttpResponseCodec.java:187)
	at org.openqa.selenium.remote.http.W3CHttpResponseCodec.decode(W3CHttpResponseCodec.java:122)
	at org.openqa.selenium.remote.http.W3CHttpResponseCodec.decode(W3CHttpResponseCodec.java:49)
	at org.openqa.selenium.remote.HttpCommandExecutor.execute(HttpCommandExecutor.java:158)
	at org.openqa.selenium.remote.service.DriverCommandExecutor.execute(DriverCommandExecutor.java:83)
	at org.openqa.selenium.remote.RemoteWebDriver.execute(RemoteWebDriver.java:552)
	at com.kms.katalon.selenium.driver.CChromeDriver.execute(CChromeDriver.java:19)
	at org.openqa.selenium.remote.RemoteWebElement.execute(RemoteWebElement.java:285)
	at org.openqa.selenium.remote.RemoteWebElement.clear(RemoteWebElement.java:124)
	at org.openqa.selenium.support.events.EventFiringWebDriver$EventFiringWebElement.lambda$new$0(EventFiringWebDriver.java:404)
	at com.sun.proxy.$Proxy11.clear(Unknown Source)
	at org.openqa.selenium.support.events.EventFiringWebDriver$EventFiringWebElement.clear(EventFiringWebDriver.java:436)
	at com.kms.katalon.core.webui.keyword.builtin.SetTextKeyword$_setText_closure1.doCall(SetTextKeyword.groovy:53)
	at com.kms.katalon.core.webui.keyword.builtin.SetTextKeyword$_setText_closure1.call(SetTextKeyword.groovy)
	at com.kms.katalon.core.webui.keyword.internal.WebUIKeywordMain.runKeyword(WebUIKeywordMain.groovy:20)
	at com.kms.katalon.core.webui.keyword.builtin.SetTextKeyword.setText(SetTextKeyword.groovy:66)
	at com.kms.katalon.core.webui.keyword.builtin.SetTextKeyword.execute(SetTextKeyword.groovy:37)
	at com.kms.katalon.core.keyword.internal.KeywordExecutor.executeKeywordForPlatform(KeywordExecutor.groovy:73)
	at com.kms.katalon.core.webui.keyword.WebUiBuiltInKeywords.setText(WebUiBuiltInKeywords.groovy:980)
	at com.kms.katalon.core.webui.keyword.WebUiBuiltInKeywords$setText$3.call(Unknown Source)
	at Script1634674829687.run(Script1634674829687.groovy:179)
	... 13 more
)

2021-10-21 12:57:04 - [MESSAGE][FAILED] - Unable to set text 'Katrina' of object 'Object Repository/RAD_Pages/FilingStatus_Page/input_jointLastName' (Root cause: com.kms.katalon.core.exception.StepFailedException: Unable to set text 'Katrina' of object 'Object Repository/RAD_Pages/FilingStatus_Page/input_jointLastName'
	at com.kms.katalon.core.webui.keyword.internal.WebUIKeywordMain.stepFailed(WebUIKeywordMain.groovy:64)
	at com.kms.katalon.core.webui.keyword.internal.WebUIKeywordMain.runKeyword(WebUIKeywordMain.groovy:26)
	at com.kms.katalon.core.webui.keyword.builtin.SetTextKeyword.setText(SetTextKeyword.groovy:66)
	at com.kms.katalon.core.webui.keyword.builtin.SetTextKeyword.execute(SetTextKeyword.groovy:37)
	at com.kms.katalon.core.keyword.internal.KeywordExecutor.executeKeywordForPlatform(KeywordExecutor.groovy:73)
	at com.kms.katalon.core.webui.keyword.WebUiBuiltInKeywords.setText(WebUiBuiltInKeywords.groovy:980)
	at com.kms.katalon.core.webui.keyword.WebUiBuiltInKeywords$setText$3.call(Unknown Source)
	at Payments_HC_TC.run(Payments_HC_TC:179)
	at com.kms.katalon.core.main.ScriptEngine.run(ScriptEngine.java:194)
	at com.kms.katalon.core.main.ScriptEngine.runScriptAsRawText(ScriptEngine.java:119)
	at com.kms.katalon.core.main.TestCaseExecutor.runScript(TestCaseExecutor.java:369)
	at com.kms.katalon.core.main.TestCaseExecutor.doExecute(TestCaseExecutor.java:360)
	at com.kms.katalon.core.main.TestCaseExecutor.processExecutionPhase(TestCaseExecutor.java:339)
	at com.kms.katalon.core.main.TestCaseExecutor.accessMainPhase(TestCaseExecutor.java:331)
	at com.kms.katalon.core.main.TestCaseExecutor.execute(TestCaseExecutor.java:248)
	at com.kms.katalon.core.main.TestSuiteExecutor.accessTestCaseMainPhase(TestSuiteExecutor.java:191)
	at com.kms.katalon.core.main.TestSuiteExecutor.accessTestSuiteMainPhase(TestSuiteExecutor.java:140)
	at com.kms.katalon.core.main.TestSuiteExecutor.execute(TestSuiteExecutor.java:89)
	at com.kms.katalon.core.main.TestCaseMain.startTestSuite(TestCaseMain.java:185)
	at com.kms.katalon.core.main.TestCaseMain$startTestSuite$0.call(Unknown Source)
	at TempTestSuite1634834938608.run(TempTestSuite1634834938608.groovy:39)
Caused by: org.openqa.selenium.ElementNotInteractableException: element not interactable
  (Session info: chrome=95.0.4638.54)
Build info: version: '3.141.59', revision: 'e82be7d358', time: '2018-11-14T08:25:53'
System info: host: 'DESKTOP-B2QI6NS', ip: '172.30.2.167', os.name: 'Windows 10', os.arch: 'amd64', os.version: '10.0', java.version: '1.8.0_181'
Driver info: com.kms.katalon.selenium.driver.CChromeDriver
Capabilities {acceptInsecureCerts: true, browserName: chrome, browserVersion: 95.0.4638.54, chrome: {chromedriverVersion: 94.0.4606.61 (418b78f5838ed..., userDataDir: C:\Users\iahmed\AppData\Loc...}, goog:chromeOptions: {debuggerAddress: localhost:64790}, javascriptEnabled: true, networkConnectionEnabled: false, pageLoadStrategy: normal, platform: WINDOWS, platformName: WINDOWS, proxy: Proxy(), setWindowRect: true, strictFileInteractability: false, timeouts: {implicit: 0, pageLoad: 300000, script: 30000}, unhandledPromptBehavior: dismiss and notify, webauthn:extension:credBlob: true, webauthn:extension:largeBlob: true, webauthn:virtualAuthenticators: true}
Session ID: 32461aa909763002d1aa2c8eb94102cf
	at org.openqa.selenium.remote.http.W3CHttpResponseCodec.createException(W3CHttpResponseCodec.java:187)
	at org.openqa.selenium.remote.http.W3CHttpResponseCodec.decode(W3CHttpResponseCodec.java:122)
	at org.openqa.selenium.remote.http.W3CHttpResponseCodec.decode(W3CHttpResponseCodec.java:49)
	at org.openqa.selenium.remote.HttpCommandExecutor.execute(HttpCommandExecutor.java:158)
	at org.openqa.selenium.remote.service.DriverCommandExecutor.execute(DriverCommandExecutor.java:83)
	at org.openqa.selenium.remote.RemoteWebDriver.execute(RemoteWebDriver.java:552)
	at com.kms.katalon.selenium.driver.CChromeDriver.execute(CChromeDriver.java:19)
	at org.openqa.selenium.remote.RemoteWebElement.execute(RemoteWebElement.java:285)
	at org.openqa.selenium.remote.RemoteWebElement.clear(RemoteWebElement.java:124)
	at org.openqa.selenium.support.events.EventFiringWebDriver$EventFiringWebElement.lambda$new$0(EventFiringWebDriver.java:404)
	at com.sun.proxy.$Proxy11.clear(Unknown Source)
	at org.openqa.selenium.support.events.EventFiringWebDriver$EventFiringWebElement.clear(EventFiringWebDriver.java:436)
	at com.kms.katalon.core.webui.keyword.builtin.SetTextKeyword$_setText_closure1.doCall(SetTextKeyword.groovy:53)
	at com.kms.katalon.core.webui.keyword.builtin.SetTextKeyword$_setText_closure1.call(SetTextKeyword.groovy)
	at com.kms.katalon.core.webui.keyword.internal.WebUIKeywordMain.runKeyword(WebUIKeywordMain.groovy:20)
	at com.kms.katalon.core.webui.keyword.builtin.SetTextKeyword.setText(SetTextKeyword.groovy:66)
	at com.kms.katalon.core.webui.keyword.builtin.SetTextKeyword.execute(SetTextKeyword.groovy:37)
	at com.kms.katalon.core.keyword.internal.KeywordExecutor.executeKeywordForPlatform(KeywordExecutor.groovy:73)
	at com.kms.katalon.core.webui.keyword.WebUiBuiltInKeywords.setText(WebUiBuiltInKeywords.groovy:980)
	at com.kms.katalon.core.webui.keyword.WebUiBuiltInKeywords$setText$3.call(Unknown Source)
	at Script1634674829687.run(Script1634674829687.groovy:179)
	... 13 more
)
[[ATTACHMENT|E:\\Cloned-Project-Katalon\\VPS-Katalon\\Reports\\20211021_124858\\RAD_TestSuite\\RAD_UI_TestSuite\\20211021_124858\\1634835423826.png]]

2021-10-21 12:57:04 - [TEST_STEP][FAILED] - setText(findTestObject(orPath_FilingStatus + "/input_jointSSN"), "357-95-1852"): Unable to set text '357-95-1852' of object 'Object Repository/RAD_Pages/FilingStatus_Page/input_jointSSN' (Root cause: com.kms.katalon.core.exception.StepFailedException: Unable to set text '357-95-1852' of object 'Object Repository/RAD_Pages/FilingStatus_Page/input_jointSSN'
	at com.kms.katalon.core.webui.keyword.internal.WebUIKeywordMain.stepFailed(WebUIKeywordMain.groovy:64)
	at com.kms.katalon.core.webui.keyword.internal.WebUIKeywordMain.runKeyword(WebUIKeywordMain.groovy:26)
	at com.kms.katalon.core.webui.keyword.builtin.SetTextKeyword.setText(SetTextKeyword.groovy:66)
	at com.kms.katalon.core.webui.keyword.builtin.SetTextKeyword.execute(SetTextKeyword.groovy:37)
	at com.kms.katalon.core.keyword.internal.KeywordExecutor.executeKeywordForPlatform(KeywordExecutor.groovy:73)
	at com.kms.katalon.core.webui.keyword.WebUiBuiltInKeywords.setText(WebUiBuiltInKeywords.groovy:980)
	at com.kms.katalon.core.webui.keyword.WebUiBuiltInKeywords$setText$3.call(Unknown Source)
	at Payments_HC_TC.run(Payments_HC_TC:180)
	at com.kms.katalon.core.main.ScriptEngine.run(ScriptEngine.java:194)
	at com.kms.katalon.core.main.ScriptEngine.runScriptAsRawText(ScriptEngine.java:119)
	at com.kms.katalon.core.main.TestCaseExecutor.runScript(TestCaseExecutor.java:369)
	at com.kms.katalon.core.main.TestCaseExecutor.doExecute(TestCaseExecutor.java:360)
	at com.kms.katalon.core.main.TestCaseExecutor.processExecutionPhase(TestCaseExecutor.java:339)
	at com.kms.katalon.core.main.TestCaseExecutor.accessMainPhase(TestCaseExecutor.java:331)
	at com.kms.katalon.core.main.TestCaseExecutor.execute(TestCaseExecutor.java:248)
	at com.kms.katalon.core.main.TestSuiteExecutor.accessTestCaseMainPhase(TestSuiteExecutor.java:191)
	at com.kms.katalon.core.main.TestSuiteExecutor.accessTestSuiteMainPhase(TestSuiteExecutor.java:140)
	at com.kms.katalon.core.main.TestSuiteExecutor.execute(TestSuiteExecutor.java:89)
	at com.kms.katalon.core.main.TestCaseMain.startTestSuite(TestCaseMain.java:185)
	at com.kms.katalon.core.main.TestCaseMain$startTestSuite$0.call(Unknown Source)
	at TempTestSuite1634834938608.run(TempTestSuite1634834938608.groovy:39)
Caused by: org.openqa.selenium.ElementNotInteractableException: element not interactable
  (Session info: chrome=95.0.4638.54)
Build info: version: '3.141.59', revision: 'e82be7d358', time: '2018-11-14T08:25:53'
System info: host: 'DESKTOP-B2QI6NS', ip: '172.30.2.167', os.name: 'Windows 10', os.arch: 'amd64', os.version: '10.0', java.version: '1.8.0_181'
Driver info: com.kms.katalon.selenium.driver.CChromeDriver
Capabilities {acceptInsecureCerts: true, browserName: chrome, browserVersion: 95.0.4638.54, chrome: {chromedriverVersion: 94.0.4606.61 (418b78f5838ed..., userDataDir: C:\Users\iahmed\AppData\Loc...}, goog:chromeOptions: {debuggerAddress: localhost:64790}, javascriptEnabled: true, networkConnectionEnabled: false, pageLoadStrategy: normal, platform: WINDOWS, platformName: WINDOWS, proxy: Proxy(), setWindowRect: true, strictFileInteractability: false, timeouts: {implicit: 0, pageLoad: 300000, script: 30000}, unhandledPromptBehavior: dismiss and notify, webauthn:extension:credBlob: true, webauthn:extension:largeBlob: true, webauthn:virtualAuthenticators: true}
Session ID: 32461aa909763002d1aa2c8eb94102cf
	at org.openqa.selenium.remote.http.W3CHttpResponseCodec.createException(W3CHttpResponseCodec.java:187)
	at org.openqa.selenium.remote.http.W3CHttpResponseCodec.decode(W3CHttpResponseCodec.java:122)
	at org.openqa.selenium.remote.http.W3CHttpResponseCodec.decode(W3CHttpResponseCodec.java:49)
	at org.openqa.selenium.remote.HttpCommandExecutor.execute(HttpCommandExecutor.java:158)
	at org.openqa.selenium.remote.service.DriverCommandExecutor.execute(DriverCommandExecutor.java:83)
	at org.openqa.selenium.remote.RemoteWebDriver.execute(RemoteWebDriver.java:552)
	at com.kms.katalon.selenium.driver.CChromeDriver.execute(CChromeDriver.java:19)
	at org.openqa.selenium.remote.RemoteWebElement.execute(RemoteWebElement.java:285)
	at org.openqa.selenium.remote.RemoteWebElement.clear(RemoteWebElement.java:124)
	at org.openqa.selenium.support.events.EventFiringWebDriver$EventFiringWebElement.lambda$new$0(EventFiringWebDriver.java:404)
	at com.sun.proxy.$Proxy11.clear(Unknown Source)
	at org.openqa.selenium.support.events.EventFiringWebDriver$EventFiringWebElement.clear(EventFiringWebDriver.java:436)
	at com.kms.katalon.core.webui.keyword.builtin.SetTextKeyword$_setText_closure1.doCall(SetTextKeyword.groovy:53)
	at com.kms.katalon.core.webui.keyword.builtin.SetTextKeyword$_setText_closure1.call(SetTextKeyword.groovy)
	at com.kms.katalon.core.webui.keyword.internal.WebUIKeywordMain.runKeyword(WebUIKeywordMain.groovy:20)
	at com.kms.katalon.core.webui.keyword.builtin.SetTextKeyword.setText(SetTextKeyword.groovy:66)
	at com.kms.katalon.core.webui.keyword.builtin.SetTextKeyword.execute(SetTextKeyword.groovy:37)
	at com.kms.katalon.core.keyword.internal.KeywordExecutor.executeKeywordForPlatform(KeywordExecutor.groovy:73)
	at com.kms.katalon.core.webui.keyword.WebUiBuiltInKeywords.setText(WebUiBuiltInKeywords.groovy:980)
	at com.kms.katalon.core.webui.keyword.WebUiBuiltInKeywords$setText$3.call(Unknown Source)
	at Script1634674829687.run(Script1634674829687.groovy:180)
	... 13 more
)

2021-10-21 12:57:04 - [MESSAGE][FAILED] - Unable to set text '357-95-1852' of object 'Object Repository/RAD_Pages/FilingStatus_Page/input_jointSSN' (Root cause: com.kms.katalon.core.exception.StepFailedException: Unable to set text '357-95-1852' of object 'Object Repository/RAD_Pages/FilingStatus_Page/input_jointSSN'
	at com.kms.katalon.core.webui.keyword.internal.WebUIKeywordMain.stepFailed(WebUIKeywordMain.groovy:64)
	at com.kms.katalon.core.webui.keyword.internal.WebUIKeywordMain.runKeyword(WebUIKeywordMain.groovy:26)
	at com.kms.katalon.core.webui.keyword.builtin.SetTextKeyword.setText(SetTextKeyword.groovy:66)
	at com.kms.katalon.core.webui.keyword.builtin.SetTextKeyword.execute(SetTextKeyword.groovy:37)
	at com.kms.katalon.core.keyword.internal.KeywordExecutor.executeKeywordForPlatform(KeywordExecutor.groovy:73)
	at com.kms.katalon.core.webui.keyword.WebUiBuiltInKeywords.setText(WebUiBuiltInKeywords.groovy:980)
	at com.kms.katalon.core.webui.keyword.WebUiBuiltInKeywords$setText$3.call(Unknown Source)
	at Payments_HC_TC.run(Payments_HC_TC:180)
	at com.kms.katalon.core.main.ScriptEngine.run(ScriptEngine.java:194)
	at com.kms.katalon.core.main.ScriptEngine.runScriptAsRawText(ScriptEngine.java:119)
	at com.kms.katalon.core.main.TestCaseExecutor.runScript(TestCaseExecutor.java:369)
	at com.kms.katalon.core.main.TestCaseExecutor.doExecute(TestCaseExecutor.java:360)
	at com.kms.katalon.core.main.TestCaseExecutor.processExecutionPhase(TestCaseExecutor.java:339)
	at com.kms.katalon.core.main.TestCaseExecutor.accessMainPhase(TestCaseExecutor.java:331)
	at com.kms.katalon.core.main.TestCaseExecutor.execute(TestCaseExecutor.java:248)
	at com.kms.katalon.core.main.TestSuiteExecutor.accessTestCaseMainPhase(TestSuiteExecutor.java:191)
	at com.kms.katalon.core.main.TestSuiteExecutor.accessTestSuiteMainPhase(TestSuiteExecutor.java:140)
	at com.kms.katalon.core.main.TestSuiteExecutor.execute(TestSuiteExecutor.java:89)
	at com.kms.katalon.core.main.TestCaseMain.startTestSuite(TestCaseMain.java:185)
	at com.kms.katalon.core.main.TestCaseMain$startTestSuite$0.call(Unknown Source)
	at TempTestSuite1634834938608.run(TempTestSuite1634834938608.groovy:39)
Caused by: org.openqa.selenium.ElementNotInteractableException: element not interactable
  (Session info: chrome=95.0.4638.54)
Build info: version: '3.141.59', revision: 'e82be7d358', time: '2018-11-14T08:25:53'
System info: host: 'DESKTOP-B2QI6NS', ip: '172.30.2.167', os.name: 'Windows 10', os.arch: 'amd64', os.version: '10.0', java.version: '1.8.0_181'
Driver info: com.kms.katalon.selenium.driver.CChromeDriver
Capabilities {acceptInsecureCerts: true, browserName: chrome, browserVersion: 95.0.4638.54, chrome: {chromedriverVersion: 94.0.4606.61 (418b78f5838ed..., userDataDir: C:\Users\iahmed\AppData\Loc...}, goog:chromeOptions: {debuggerAddress: localhost:64790}, javascriptEnabled: true, networkConnectionEnabled: false, pageLoadStrategy: normal, platform: WINDOWS, platformName: WINDOWS, proxy: Proxy(), setWindowRect: true, strictFileInteractability: false, timeouts: {implicit: 0, pageLoad: 300000, script: 30000}, unhandledPromptBehavior: dismiss and notify, webauthn:extension:credBlob: true, webauthn:extension:largeBlob: true, webauthn:virtualAuthenticators: true}
Session ID: 32461aa909763002d1aa2c8eb94102cf
	at org.openqa.selenium.remote.http.W3CHttpResponseCodec.createException(W3CHttpResponseCodec.java:187)
	at org.openqa.selenium.remote.http.W3CHttpResponseCodec.decode(W3CHttpResponseCodec.java:122)
	at org.openqa.selenium.remote.http.W3CHttpResponseCodec.decode(W3CHttpResponseCodec.java:49)
	at org.openqa.selenium.remote.HttpCommandExecutor.execute(HttpCommandExecutor.java:158)
	at org.openqa.selenium.remote.service.DriverCommandExecutor.execute(DriverCommandExecutor.java:83)
	at org.openqa.selenium.remote.RemoteWebDriver.execute(RemoteWebDriver.java:552)
	at com.kms.katalon.selenium.driver.CChromeDriver.execute(CChromeDriver.java:19)
	at org.openqa.selenium.remote.RemoteWebElement.execute(RemoteWebElement.java:285)
	at org.openqa.selenium.remote.RemoteWebElement.clear(RemoteWebElement.java:124)
	at org.openqa.selenium.support.events.EventFiringWebDriver$EventFiringWebElement.lambda$new$0(EventFiringWebDriver.java:404)
	at com.sun.proxy.$Proxy11.clear(Unknown Source)
	at org.openqa.selenium.support.events.EventFiringWebDriver$EventFiringWebElement.clear(EventFiringWebDriver.java:436)
	at com.kms.katalon.core.webui.keyword.builtin.SetTextKeyword$_setText_closure1.doCall(SetTextKeyword.groovy:53)
	at com.kms.katalon.core.webui.keyword.builtin.SetTextKeyword$_setText_closure1.call(SetTextKeyword.groovy)
	at com.kms.katalon.core.webui.keyword.internal.WebUIKeywordMain.runKeyword(WebUIKeywordMain.groovy:20)
	at com.kms.katalon.core.webui.keyword.builtin.SetTextKeyword.setText(SetTextKeyword.groovy:66)
	at com.kms.katalon.core.webui.keyword.builtin.SetTextKeyword.execute(SetTextKeyword.groovy:37)
	at com.kms.katalon.core.keyword.internal.KeywordExecutor.executeKeywordForPlatform(KeywordExecutor.groovy:73)
	at com.kms.katalon.core.webui.keyword.WebUiBuiltInKeywords.setText(WebUiBuiltInKeywords.groovy:980)
	at com.kms.katalon.core.webui.keyword.WebUiBuiltInKeywords$setText$3.call(Unknown Source)
	at Script1634674829687.run(Script1634674829687.groovy:180)
	... 13 more
)
[[ATTACHMENT|E:\\Cloned-Project-Katalon\\VPS-Katalon\\Reports\\20211021_124858\\RAD_TestSuite\\RAD_UI_TestSuite\\20211021_124858\\1634835424360.png]]

2021-10-21 12:57:04 - [TEST_STEP][FAILED] - setText(findTestObject(orPath_FilingStatus + "/input_reEnterjointSSN"), "357-95-1852"): Unable to set text '357-95-1852' of object 'Object Repository/RAD_Pages/FilingStatus_Page/input_reEnterjointSSN' (Root cause: com.kms.katalon.core.exception.StepFailedException: Unable to set text '357-95-1852' of object 'Object Repository/RAD_Pages/FilingStatus_Page/input_reEnterjointSSN'
	at com.kms.katalon.core.webui.keyword.internal.WebUIKeywordMain.stepFailed(WebUIKeywordMain.groovy:64)
	at com.kms.katalon.core.webui.keyword.internal.WebUIKeywordMain.runKeyword(WebUIKeywordMain.groovy:26)
	at com.kms.katalon.core.webui.keyword.builtin.SetTextKeyword.setText(SetTextKeyword.groovy:66)
	at com.kms.katalon.core.webui.keyword.builtin.SetTextKeyword.execute(SetTextKeyword.groovy:37)
	at com.kms.katalon.core.keyword.internal.KeywordExecutor.executeKeywordForPlatform(KeywordExecutor.groovy:73)
	at com.kms.katalon.core.webui.keyword.WebUiBuiltInKeywords.setText(WebUiBuiltInKeywords.groovy:980)
	at com.kms.katalon.core.webui.keyword.WebUiBuiltInKeywords$setText$3.call(Unknown Source)
	at Payments_HC_TC.run(Payments_HC_TC:181)
	at com.kms.katalon.core.main.ScriptEngine.run(ScriptEngine.java:194)
	at com.kms.katalon.core.main.ScriptEngine.runScriptAsRawText(ScriptEngine.java:119)
	at com.kms.katalon.core.main.TestCaseExecutor.runScript(TestCaseExecutor.java:369)
	at com.kms.katalon.core.main.TestCaseExecutor.doExecute(TestCaseExecutor.java:360)
	at com.kms.katalon.core.main.TestCaseExecutor.processExecutionPhase(TestCaseExecutor.java:339)
	at com.kms.katalon.core.main.TestCaseExecutor.accessMainPhase(TestCaseExecutor.java:331)
	at com.kms.katalon.core.main.TestCaseExecutor.execute(TestCaseExecutor.java:248)
	at com.kms.katalon.core.main.TestSuiteExecutor.accessTestCaseMainPhase(TestSuiteExecutor.java:191)
	at com.kms.katalon.core.main.TestSuiteExecutor.accessTestSuiteMainPhase(TestSuiteExecutor.java:140)
	at com.kms.katalon.core.main.TestSuiteExecutor.execute(TestSuiteExecutor.java:89)
	at com.kms.katalon.core.main.TestCaseMain.startTestSuite(TestCaseMain.java:185)
	at com.kms.katalon.core.main.TestCaseMain$startTestSuite$0.call(Unknown Source)
	at TempTestSuite1634834938608.run(TempTestSuite1634834938608.groovy:39)
Caused by: org.openqa.selenium.ElementNotInteractableException: element not interactable
  (Session info: chrome=95.0.4638.54)
Build info: version: '3.141.59', revision: 'e82be7d358', time: '2018-11-14T08:25:53'
System info: host: 'DESKTOP-B2QI6NS', ip: '172.30.2.167', os.name: 'Windows 10', os.arch: 'amd64', os.version: '10.0', java.version: '1.8.0_181'
Driver info: com.kms.katalon.selenium.driver.CChromeDriver
Capabilities {acceptInsecureCerts: true, browserName: chrome, browserVersion: 95.0.4638.54, chrome: {chromedriverVersion: 94.0.4606.61 (418b78f5838ed..., userDataDir: C:\Users\iahmed\AppData\Loc...}, goog:chromeOptions: {debuggerAddress: localhost:64790}, javascriptEnabled: true, networkConnectionEnabled: false, pageLoadStrategy: normal, platform: WINDOWS, platformName: WINDOWS, proxy: Proxy(), setWindowRect: true, strictFileInteractability: false, timeouts: {implicit: 0, pageLoad: 300000, script: 30000}, unhandledPromptBehavior: dismiss and notify, webauthn:extension:credBlob: true, webauthn:extension:largeBlob: true, webauthn:virtualAuthenticators: true}
Session ID: 32461aa909763002d1aa2c8eb94102cf
	at org.openqa.selenium.remote.http.W3CHttpResponseCodec.createException(W3CHttpResponseCodec.java:187)
	at org.openqa.selenium.remote.http.W3CHttpResponseCodec.decode(W3CHttpResponseCodec.java:122)
	at org.openqa.selenium.remote.http.W3CHttpResponseCodec.decode(W3CHttpResponseCodec.java:49)
	at org.openqa.selenium.remote.HttpCommandExecutor.execute(HttpCommandExecutor.java:158)
	at org.openqa.selenium.remote.service.DriverCommandExecutor.execute(DriverCommandExecutor.java:83)
	at org.openqa.selenium.remote.RemoteWebDriver.execute(RemoteWebDriver.java:552)
	at com.kms.katalon.selenium.driver.CChromeDriver.execute(CChromeDriver.java:19)
	at org.openqa.selenium.remote.RemoteWebElement.execute(RemoteWebElement.java:285)
	at org.openqa.selenium.remote.RemoteWebElement.clear(RemoteWebElement.java:124)
	at org.openqa.selenium.support.events.EventFiringWebDriver$EventFiringWebElement.lambda$new$0(EventFiringWebDriver.java:404)
	at com.sun.proxy.$Proxy11.clear(Unknown Source)
	at org.openqa.selenium.support.events.EventFiringWebDriver$EventFiringWebElement.clear(EventFiringWebDriver.java:436)
	at com.kms.katalon.core.webui.keyword.builtin.SetTextKeyword$_setText_closure1.doCall(SetTextKeyword.groovy:53)
	at com.kms.katalon.core.webui.keyword.builtin.SetTextKeyword$_setText_closure1.call(SetTextKeyword.groovy)
	at com.kms.katalon.core.webui.keyword.internal.WebUIKeywordMain.runKeyword(WebUIKeywordMain.groovy:20)
	at com.kms.katalon.core.webui.keyword.builtin.SetTextKeyword.setText(SetTextKeyword.groovy:66)
	at com.kms.katalon.core.webui.keyword.builtin.SetTextKeyword.execute(SetTextKeyword.groovy:37)
	at com.kms.katalon.core.keyword.internal.KeywordExecutor.executeKeywordForPlatform(KeywordExecutor.groovy:73)
	at com.kms.katalon.core.webui.keyword.WebUiBuiltInKeywords.setText(WebUiBuiltInKeywords.groovy:980)
	at com.kms.katalon.core.webui.keyword.WebUiBuiltInKeywords$setText$3.call(Unknown Source)
	at Script1634674829687.run(Script1634674829687.groovy:181)
	... 13 more
)

2021-10-21 12:57:05 - [MESSAGE][FAILED] - Unable to set text '357-95-1852' of object 'Object Repository/RAD_Pages/FilingStatus_Page/input_reEnterjointSSN' (Root cause: com.kms.katalon.core.exception.StepFailedException: Unable to set text '357-95-1852' of object 'Object Repository/RAD_Pages/FilingStatus_Page/input_reEnterjointSSN'
	at com.kms.katalon.core.webui.keyword.internal.WebUIKeywordMain.stepFailed(WebUIKeywordMain.groovy:64)
	at com.kms.katalon.core.webui.keyword.internal.WebUIKeywordMain.runKeyword(WebUIKeywordMain.groovy:26)
	at com.kms.katalon.core.webui.keyword.builtin.SetTextKeyword.setText(SetTextKeyword.groovy:66)
	at com.kms.katalon.core.webui.keyword.builtin.SetTextKeyword.execute(SetTextKeyword.groovy:37)
	at com.kms.katalon.core.keyword.internal.KeywordExecutor.executeKeywordForPlatform(KeywordExecutor.groovy:73)
	at com.kms.katalon.core.webui.keyword.WebUiBuiltInKeywords.setText(WebUiBuiltInKeywords.groovy:980)
	at com.kms.katalon.core.webui.keyword.WebUiBuiltInKeywords$setText$3.call(Unknown Source)
	at Payments_HC_TC.run(Payments_HC_TC:181)
	at com.kms.katalon.core.main.ScriptEngine.run(ScriptEngine.java:194)
	at com.kms.katalon.core.main.ScriptEngine.runScriptAsRawText(ScriptEngine.java:119)
	at com.kms.katalon.core.main.TestCaseExecutor.runScript(TestCaseExecutor.java:369)
	at com.kms.katalon.core.main.TestCaseExecutor.doExecute(TestCaseExecutor.java:360)
	at com.kms.katalon.core.main.TestCaseExecutor.processExecutionPhase(TestCaseExecutor.java:339)
	at com.kms.katalon.core.main.TestCaseExecutor.accessMainPhase(TestCaseExecutor.java:331)
	at com.kms.katalon.core.main.TestCaseExecutor.execute(TestCaseExecutor.java:248)
	at com.kms.katalon.core.main.TestSuiteExecutor.accessTestCaseMainPhase(TestSuiteExecutor.java:191)
	at com.kms.katalon.core.main.TestSuiteExecutor.accessTestSuiteMainPhase(TestSuiteExecutor.java:140)
	at com.kms.katalon.core.main.TestSuiteExecutor.execute(TestSuiteExecutor.java:89)
	at com.kms.katalon.core.main.TestCaseMain.startTestSuite(TestCaseMain.java:185)
	at com.kms.katalon.core.main.TestCaseMain$startTestSuite$0.call(Unknown Source)
	at TempTestSuite1634834938608.run(TempTestSuite1634834938608.groovy:39)
Caused by: org.openqa.selenium.ElementNotInteractableException: element not interactable
  (Session info: chrome=95.0.4638.54)
Build info: version: '3.141.59', revision: 'e82be7d358', time: '2018-11-14T08:25:53'
System info: host: 'DESKTOP-B2QI6NS', ip: '172.30.2.167', os.name: 'Windows 10', os.arch: 'amd64', os.version: '10.0', java.version: '1.8.0_181'
Driver info: com.kms.katalon.selenium.driver.CChromeDriver
Capabilities {acceptInsecureCerts: true, browserName: chrome, browserVersion: 95.0.4638.54, chrome: {chromedriverVersion: 94.0.4606.61 (418b78f5838ed..., userDataDir: C:\Users\iahmed\AppData\Loc...}, goog:chromeOptions: {debuggerAddress: localhost:64790}, javascriptEnabled: true, networkConnectionEnabled: false, pageLoadStrategy: normal, platform: WINDOWS, platformName: WINDOWS, proxy: Proxy(), setWindowRect: true, strictFileInteractability: false, timeouts: {implicit: 0, pageLoad: 300000, script: 30000}, unhandledPromptBehavior: dismiss and notify, webauthn:extension:credBlob: true, webauthn:extension:largeBlob: true, webauthn:virtualAuthenticators: true}
Session ID: 32461aa909763002d1aa2c8eb94102cf
	at org.openqa.selenium.remote.http.W3CHttpResponseCodec.createException(W3CHttpResponseCodec.java:187)
	at org.openqa.selenium.remote.http.W3CHttpResponseCodec.decode(W3CHttpResponseCodec.java:122)
	at org.openqa.selenium.remote.http.W3CHttpResponseCodec.decode(W3CHttpResponseCodec.java:49)
	at org.openqa.selenium.remote.HttpCommandExecutor.execute(HttpCommandExecutor.java:158)
	at org.openqa.selenium.remote.service.DriverCommandExecutor.execute(DriverCommandExecutor.java:83)
	at org.openqa.selenium.remote.RemoteWebDriver.execute(RemoteWebDriver.java:552)
	at com.kms.katalon.selenium.driver.CChromeDriver.execute(CChromeDriver.java:19)
	at org.openqa.selenium.remote.RemoteWebElement.execute(RemoteWebElement.java:285)
	at org.openqa.selenium.remote.RemoteWebElement.clear(RemoteWebElement.java:124)
	at org.openqa.selenium.support.events.EventFiringWebDriver$EventFiringWebElement.lambda$new$0(EventFiringWebDriver.java:404)
	at com.sun.proxy.$Proxy11.clear(Unknown Source)
	at org.openqa.selenium.support.events.EventFiringWebDriver$EventFiringWebElement.clear(EventFiringWebDriver.java:436)
	at com.kms.katalon.core.webui.keyword.builtin.SetTextKeyword$_setText_closure1.doCall(SetTextKeyword.groovy:53)
	at com.kms.katalon.core.webui.keyword.builtin.SetTextKeyword$_setText_closure1.call(SetTextKeyword.groovy)
	at com.kms.katalon.core.webui.keyword.internal.WebUIKeywordMain.runKeyword(WebUIKeywordMain.groovy:20)
	at com.kms.katalon.core.webui.keyword.builtin.SetTextKeyword.setText(SetTextKeyword.groovy:66)
	at com.kms.katalon.core.webui.keyword.builtin.SetTextKeyword.execute(SetTextKeyword.groovy:37)
	at com.kms.katalon.core.keyword.internal.KeywordExecutor.executeKeywordForPlatform(KeywordExecutor.groovy:73)
	at com.kms.katalon.core.webui.keyword.WebUiBuiltInKeywords.setText(WebUiBuiltInKeywords.groovy:980)
	at com.kms.katalon.core.webui.keyword.WebUiBuiltInKeywords$setText$3.call(Unknown Source)
	at Script1634674829687.run(Script1634674829687.groovy:181)
	... 13 more
)
[[ATTACHMENT|E:\\Cloned-Project-Katalon\\VPS-Katalon\\Reports\\20211021_124858\\RAD_TestSuite\\RAD_UI_TestSuite\\20211021_124858\\1634835424934.png]]

2021-10-21 12:57:05 - [TEST_STEP][PASSED] - break: null

2021-10-21 12:57:05 - [TEST_STEP][PASSED] - setText(findTestObject(orPath_TaxPayer + "/input_firstName"), FName): Text 'Malcom' is set on object 'Object Repository/RAD_Pages/Taxpayer_Page/input_firstName'

2021-10-21 12:57:05 - [MESSAGE][PASSED] - Text 'Malcom' is set on object 'Object Repository/RAD_Pages/Taxpayer_Page/input_firstName'

2021-10-21 12:57:05 - [TEST_STEP][PASSED] - setText(findTestObject(orPath_TaxPayer + "/input_lastName"), LName): Text 'Anderson' is set on object 'Object Repository/RAD_Pages/Taxpayer_Page/input_lastName'

2021-10-21 12:57:06 - [MESSAGE][PASSED] - Text 'Anderson' is set on object 'Object Repository/RAD_Pages/Taxpayer_Page/input_lastName'

2021-10-21 12:57:06 - [TEST_STEP][PASSED] - selectOptionByLabel(findTestObject(orPath_AddressContact + "/select_Country"), "United States", false): All options with label 'United States' are selected in object 'Object Repository/RAD_Pages/AddressAndContactInfo_Page/select_Country' 

2021-10-21 12:57:07 - [MESSAGE][PASSED] - All options with label 'United States' are selected in object 'Object Repository/RAD_Pages/AddressAndContactInfo_Page/select_Country' 

2021-10-21 12:57:07 - [TEST_STEP][PASSED] - setText(findTestObject(orPath_AddressContact + "/input_streetAddress1"), AL1): Text '1501 Mandan Terrace' is set on object 'Object Repository/RAD_Pages/AddressAndContactInfo_Page/input_streetAddress1'

2021-10-21 12:57:08 - [MESSAGE][PASSED] - Text '1501 Mandan Terrace' is set on object 'Object Repository/RAD_Pages/AddressAndContactInfo_Page/input_streetAddress1'

2021-10-21 12:57:08 - [TEST_STEP][PASSED] - setText(findTestObject(orPath_AddressContact + "/input_streetAddress2"), ""): Text '' is set on object 'Object Repository/RAD_Pages/AddressAndContactInfo_Page/input_streetAddress2'

2021-10-21 12:57:08 - [MESSAGE][PASSED] - Text '' is set on object 'Object Repository/RAD_Pages/AddressAndContactInfo_Page/input_streetAddress2'

2021-10-21 12:57:08 - [TEST_STEP][PASSED] - setText(findTestObject(orPath_AddressContact + "/input_city"), City): Text 'Bowie' is set on object 'Object Repository/RAD_Pages/AddressAndContactInfo_Page/input_city'

2021-10-21 12:57:09 - [MESSAGE][PASSED] - Text 'Bowie' is set on object 'Object Repository/RAD_Pages/AddressAndContactInfo_Page/input_city'

2021-10-21 12:57:09 - [TEST_STEP][PASSED] - selectOptionByLabel(findTestObject(orPath_AddressContact + "/select_State"), "Maryland", false): All options with label 'Maryland' are selected in object 'Object Repository/RAD_Pages/AddressAndContactInfo_Page/select_State' 

2021-10-21 12:57:10 - [MESSAGE][PASSED] - All options with label 'Maryland' are selected in object 'Object Repository/RAD_Pages/AddressAndContactInfo_Page/select_State' 

2021-10-21 12:57:10 - [TEST_STEP][PASSED] - setText(findTestObject(orPath_AddressContact + "/input_zipCode"), ZIP): Text '20720' is set on object 'Object Repository/RAD_Pages/AddressAndContactInfo_Page/input_zipCode'

2021-10-21 12:57:10 - [MESSAGE][PASSED] - Text '20720' is set on object 'Object Repository/RAD_Pages/AddressAndContactInfo_Page/input_zipCode'

2021-10-21 12:57:10 - [TEST_STEP][PASSED] - setText(findTestObject(orPath_AddressContact + "/input_phoneNumber"), "(703) 894-5000"): Text '(703) 894-5000' is set on object 'Object Repository/RAD_Pages/AddressAndContactInfo_Page/input_phoneNumber'

2021-10-21 12:57:11 - [MESSAGE][PASSED] - Text '(703) 894-5000' is set on object 'Object Repository/RAD_Pages/AddressAndContactInfo_Page/input_phoneNumber'

2021-10-21 12:57:11 - [TEST_STEP][PASSED] - setText(findTestObject(orPath_AddressContact + "/input_eMailAddress"), "iahmed@govolution.com"): Text 'iahmed@govolution.com' is set on object 'Object Repository/RAD_Pages/AddressAndContactInfo_Page/input_eMailAddress'

2021-10-21 12:57:12 - [MESSAGE][PASSED] - Text 'iahmed@govolution.com' is set on object 'Object Repository/RAD_Pages/AddressAndContactInfo_Page/input_eMailAddress'

2021-10-21 12:57:12 - [TEST_STEP][PASSED] - setText(findTestObject(orPath_AddressContact + "/input_reEnterEMailAddress"), "iahmed@govolution.com"): Text 'iahmed@govolution.com' is set on object 'Object Repository/RAD_Pages/AddressAndContactInfo_Page/input_reEnterEMailAddress'

2021-10-21 12:57:13 - [MESSAGE][PASSED] - Text 'iahmed@govolution.com' is set on object 'Object Repository/RAD_Pages/AddressAndContactInfo_Page/input_reEnterEMailAddress'

2021-10-21 12:57:13 - [TEST_STEP][PASSED] - setText(findTestObject(orPath_Amount + "/input__paymentAmount"), Amount): Text '10.50' is set on object 'Object Repository/RAD_Pages/PaymentAmount_Page/input__paymentAmount'

2021-10-21 12:57:13 - [MESSAGE][PASSED] - Text '10.50' is set on object 'Object Repository/RAD_Pages/PaymentAmount_Page/input__paymentAmount'

2021-10-21 12:57:13 - [TEST_STEP][PASSED] - scrollToElement(findTestObject(orPath_Landing + "/button_Continue"), 3): Scroll to object 'Object Repository/RAD_Pages/Landing_Page/button_Continue' successfully

2021-10-21 12:57:14 - [MESSAGE][PASSED] - Scroll to object 'Object Repository/RAD_Pages/Landing_Page/button_Continue' successfully

2021-10-21 12:57:14 - [TEST_STEP][PASSED] - waitForElementClickable(findTestObject(orPath_Landing + "/button_Continue"), 5): Object 'Object Repository/RAD_Pages/Landing_Page/button_Continue' is clickable

2021-10-21 12:57:14 - [MESSAGE][PASSED] - Object 'Object Repository/RAD_Pages/Landing_Page/button_Continue' is clickable

2021-10-21 12:57:14 - [TEST_STEP][PASSED] - click(findTestObject(orPath_Landing + "/button_Continue")): Object: 'Object Repository/RAD_Pages/Landing_Page/button_Continue' is clicked on

2021-10-21 12:57:14 - [MESSAGE][PASSED] - Object: 'Object Repository/RAD_Pages/Landing_Page/button_Continue' is clicked on

2021-10-21 12:57:14 - [TEST_STEP][PASSED] - verifyTextPresent("Review the information below and make any necessary corrections by clicking the", true): Text 'Review the information below and make any necessary corrections by clicking the' is present on page  using regular expression

2021-10-21 12:57:15 - [MESSAGE][PASSED] - Text 'Review the information below and make any necessary corrections by clicking the' is present on page  using regular expression

2021-10-21 12:57:15 - [TEST_STEP][PASSED] - verifyTextPresent("When you are confident that all the information is correct", true): Text 'When you are confident that all the information is correct' is present on page  using regular expression

2021-10-21 12:57:15 - [MESSAGE][PASSED] - Text 'When you are confident that all the information is correct' is present on page  using regular expression

2021-10-21 12:57:15 - [TEST_STEP][PASSED] - scrollToElement(findTestObject(orPath_Summary + "/button_Continue_Summary"), 3): Scroll to object 'Object Repository/RAD_Pages/Summary_Page/button_Continue_Summary' successfully

2021-10-21 12:57:16 - [MESSAGE][PASSED] - Scroll to object 'Object Repository/RAD_Pages/Summary_Page/button_Continue_Summary' successfully

2021-10-21 12:57:16 - [TEST_STEP][PASSED] - waitForElementClickable(findTestObject(orPath_Summary + "/button_Continue_Summary"), 5): Object 'Object Repository/RAD_Pages/Summary_Page/button_Continue_Summary' is clickable

2021-10-21 12:57:16 - [MESSAGE][PASSED] - Object 'Object Repository/RAD_Pages/Summary_Page/button_Continue_Summary' is clickable

2021-10-21 12:57:16 - [TEST_STEP][PASSED] - delay(3): Delayed 3 second(s)

2021-10-21 12:57:19 - [MESSAGE][PASSED] - Delayed 3 second(s)

2021-10-21 12:57:19 - [TEST_STEP][PASSED] - click(findTestObject(orPath_Summary + "/button_Continue_Summary")): Object: 'Object Repository/RAD_Pages/Summary_Page/button_Continue_Summary' is clicked on

2021-10-21 12:57:19 - [MESSAGE][PASSED] - Object: 'Object Repository/RAD_Pages/Summary_Page/button_Continue_Summary' is clicked on

2021-10-21 12:57:19 - [TEST_STEP][PASSED] - delay(3): Delayed 3 second(s)

2021-10-21 12:57:22 - [MESSAGE][PASSED] - Delayed 3 second(s)

2021-10-21 12:57:22 - [TEST_STEP][PASSED] - click(findTestObject(orPath_PaymentReady + "/button_ProceedtoPayment")): Object: 'Object Repository/RAD_Pages/PaymentReady_Page/button_ProceedtoPayment' is clicked on

2021-10-21 12:57:24 - [MESSAGE][PASSED] - Object: 'Object Repository/RAD_Pages/PaymentReady_Page/button_ProceedtoPayment' is clicked on

2021-10-21 12:57:24 - [TEST_STEP][PASSED] - setText(findTestObject(orPath_PaymentEntry + "/input__cardNumber"), CCNumber): Text '5146312200000035' is set on object 'Object Repository/RAD_Pages/PaymentEntry_Page/input__cardNumber'

2021-10-21 12:57:24 - [MESSAGE][PASSED] - Text '5146312200000035' is set on object 'Object Repository/RAD_Pages/PaymentEntry_Page/input__cardNumber'

2021-10-21 12:57:24 - [TEST_STEP][PASSED] - setText(findTestObject(orPath_PaymentEntry + "/input__spc"), CVV): Text '123' is set on object 'Object Repository/RAD_Pages/PaymentEntry_Page/input__spc'

2021-10-21 12:57:25 - [MESSAGE][PASSED] - Text '123' is set on object 'Object Repository/RAD_Pages/PaymentEntry_Page/input__spc'

2021-10-21 12:57:25 - [TEST_STEP][PASSED] - selectOptionByLabel(findTestObject(orPath_PaymentEntry + "/select_MM"), "12", false): All options with label '12' are selected in object 'Object Repository/RAD_Pages/PaymentEntry_Page/select_MM' 

2021-10-21 12:57:26 - [MESSAGE][PASSED] - All options with label '12' are selected in object 'Object Repository/RAD_Pages/PaymentEntry_Page/select_MM' 

2021-10-21 12:57:26 - [TEST_STEP][PASSED] - selectOptionByLabel(findTestObject(orPath_PaymentEntry + "/select_YYYY"), "2023", false): All options with label '2023' are selected in object 'Object Repository/RAD_Pages/PaymentEntry_Page/select_YYYY' 

2021-10-21 12:57:26 - [MESSAGE][PASSED] - All options with label '2023' are selected in object 'Object Repository/RAD_Pages/PaymentEntry_Page/select_YYYY' 

2021-10-21 12:57:26 - [TEST_STEP][PASSED] - click(findTestObject(orPath_PaymentEntry + "/input_Field_ccSubmit")): Object: 'Object Repository/RAD_Pages/PaymentEntry_Page/input_Field_ccSubmit' is clicked on

2021-10-21 12:57:27 - [MESSAGE][PASSED] - Object: 'Object Repository/RAD_Pages/PaymentEntry_Page/input_Field_ccSubmit' is clicked on

2021-10-21 12:57:27 - [TEST_STEP][PASSED] - click(findTestObject(orPath_PaymentConfirmation + "/input_N_confirmNotifyAction")): Object: 'Object Repository/RAD_Pages/PaymentConfirmation_Page/input_N_confirmNotifyAction' is clicked on

2021-10-21 12:57:29 - [MESSAGE][PASSED] - Object: 'Object Repository/RAD_Pages/PaymentConfirmation_Page/input_N_confirmNotifyAction' is clicked on

2021-10-21 12:57:29 - [TEST_STEP][PASSED] - click(findTestObject(orPath_ServiceFeesAccept + "/input_convFeeNotifyAction")): Object: 'Object Repository/RAD_Pages/ServiceFeeAccept_Page/input_convFeeNotifyAction' is clicked on

2021-10-21 12:57:30 - [MESSAGE][PASSED] - Object: 'Object Repository/RAD_Pages/ServiceFeeAccept_Page/input_convFeeNotifyAction' is clicked on

2021-10-21 12:57:30 - [TEST_STEP][PASSED] - delay(10): Delayed 10 second(s)

2021-10-21 12:57:40 - [MESSAGE][PASSED] - Delayed 10 second(s)

2021-10-21 12:57:40 - [TEST_STEP][PASSED] - verifyTextPresent("Successful Payment Receipt", true): Text 'Successful Payment Receipt' is present on page  using regular expression

2021-10-21 12:57:40 - [MESSAGE][PASSED] - Text 'Successful Payment Receipt' is present on page  using regular expression

2021-10-21 12:57:40 - [TEST_STEP][PASSED] - if (verifyTextPresent("Successful Payment Receipt", true)): null

2021-10-21 12:57:40 - [MESSAGE][PASSED] - Text 'Successful Payment Receipt' is present on page  using regular expression

2021-10-21 12:57:40 - [TEST_STEP][PASSED] - println("Transaction was Successful"): null

2021-10-21 12:57:40 - [TEST_STEP][PASSED] - out.println("Pass Record Number: " + row): null

2021-10-21 12:57:40 - [TEST_STEP][PASSED] - resText = "Pass": null

2021-10-21 12:57:40 - [TEST_STEP][PASSED] - pages.WriteExcel.demoKey(resText, datText, resColumn, datCloumn, fileLoc, nameSheet, row): pages.WriteExcel.demoKey is PASSED

2021-10-21 12:57:40 - [MESSAGE][PASSED] - pages.WriteExcel.demoKey is PASSED]]></system-out>
         <system-err><![CDATA[2021-10-21 12:49:02 - [TEST_CASE][FAILED] - Test Cases/RAD_TestCases/PaymentsHardCoded/Payments_HC_TC: Test Cases/RAD_TestCases/PaymentsHardCoded/Payments_HC_TC FAILED.
Reason:
com.kms.katalon.core.exception.StepFailedException: Unable to check object 'Object Repository/RAD_Pages/FilingStatus_Page/input_userType_Joint' (Root cause: com.kms.katalon.core.exception.StepFailedException: Unable to check object 'Object Repository/RAD_Pages/FilingStatus_Page/input_userType_Joint'
	at com.kms.katalon.core.webui.keyword.internal.WebUIKeywordMain.stepFailed(WebUIKeywordMain.groovy:64)
	at com.kms.katalon.core.webui.keyword.internal.WebUIKeywordMain.runKeyword(WebUIKeywordMain.groovy:26)
	at com.kms.katalon.core.webui.keyword.builtin.CheckKeyword.check(CheckKeyword.groovy:88)
	at com.kms.katalon.core.webui.keyword.builtin.CheckKeyword.execute(CheckKeyword.groovy:67)
	at com.kms.katalon.core.keyword.internal.KeywordExecutor.executeKeywordForPlatform(KeywordExecutor.groovy:73)
	at com.kms.katalon.core.webui.keyword.WebUiBuiltInKeywords.check(WebUiBuiltInKeywords.groovy:1069)
	at com.kms.katalon.core.webui.keyword.WebUiBuiltInKeywords$check$4.call(Unknown Source)
	at Payments_HC_TC.run(Payments_HC_TC:129)
	at com.kms.katalon.core.main.ScriptEngine.run(ScriptEngine.java:194)
	at com.kms.katalon.core.main.ScriptEngine.runScriptAsRawText(ScriptEngine.java:119)
	at com.kms.katalon.core.main.TestCaseExecutor.runScript(TestCaseExecutor.java:369)
	at com.kms.katalon.core.main.TestCaseExecutor.doExecute(TestCaseExecutor.java:360)
	at com.kms.katalon.core.main.TestCaseExecutor.processExecutionPhase(TestCaseExecutor.java:339)
	at com.kms.katalon.core.main.TestCaseExecutor.accessMainPhase(TestCaseExecutor.java:331)
	at com.kms.katalon.core.main.TestCaseExecutor.execute(TestCaseExecutor.java:248)
	at com.kms.katalon.core.main.TestSuiteExecutor.accessTestCaseMainPhase(TestSuiteExecutor.java:191)
	at com.kms.katalon.core.main.TestSuiteExecutor.accessTestSuiteMainPhase(TestSuiteExecutor.java:140)
	at com.kms.katalon.core.main.TestSuiteExecutor.execute(TestSuiteExecutor.java:89)
	at com.kms.katalon.core.main.TestCaseMain.startTestSuite(TestCaseMain.java:185)
	at com.kms.katalon.core.main.TestCaseMain$startTestSuite$0.call(Unknown Source)
	at TempTestSuite1634834938608.run(TempTestSuite1634834938608.groovy:39)
Caused by: org.openqa.selenium.ElementNotInteractableException: element not interactable
  (Session info: chrome=95.0.4638.54)
Build info: version: '3.141.59', revision: 'e82be7d358', time: '2018-11-14T08:25:53'
System info: host: 'DESKTOP-B2QI6NS', ip: '172.30.2.167', os.name: 'Windows 10', os.arch: 'amd64', os.version: '10.0', java.version: '1.8.0_181'
Driver info: com.kms.katalon.selenium.driver.CChromeDriver
Capabilities {acceptInsecureCerts: true, browserName: chrome, browserVersion: 95.0.4638.54, chrome: {chromedriverVersion: 94.0.4606.61 (418b78f5838ed..., userDataDir: C:\Users\iahmed\AppData\Loc...}, goog:chromeOptions: {debuggerAddress: localhost:57713}, javascriptEnabled: true, networkConnectionEnabled: false, pageLoadStrategy: normal, platform: WINDOWS, platformName: WINDOWS, proxy: Proxy(), setWindowRect: true, strictFileInteractability: false, timeouts: {implicit: 0, pageLoad: 300000, script: 30000}, unhandledPromptBehavior: dismiss and notify, webauthn:extension:credBlob: true, webauthn:extension:largeBlob: true, webauthn:virtualAuthenticators: true}
Session ID: 24fef4662cc735e5f30fc12745cbd464
	at org.openqa.selenium.remote.http.W3CHttpResponseCodec.createException(W3CHttpResponseCodec.java:187)
	at org.openqa.selenium.remote.http.W3CHttpResponseCodec.decode(W3CHttpResponseCodec.java:122)
	at org.openqa.selenium.remote.http.W3CHttpResponseCodec.decode(W3CHttpResponseCodec.java:49)
	at org.openqa.selenium.remote.HttpCommandExecutor.execute(HttpCommandExecutor.java:158)
	at org.openqa.selenium.remote.service.DriverCommandExecutor.execute(DriverCommandExecutor.java:83)
	at org.openqa.selenium.remote.RemoteWebDriver.execute(RemoteWebDriver.java:552)
	at com.kms.katalon.selenium.driver.CChromeDriver.execute(CChromeDriver.java:19)
	at org.openqa.selenium.remote.RemoteWebElement.execute(RemoteWebElement.java:285)
	at org.openqa.selenium.remote.RemoteWebElement.click(RemoteWebElement.java:84)
	at org.openqa.selenium.support.events.EventFiringWebDriver$EventFiringWebElement.lambda$new$0(EventFiringWebDriver.java:404)
	at com.sun.proxy.$Proxy11.click(Unknown Source)
	at org.openqa.selenium.support.events.EventFiringWebDriver$EventFiringWebElement.click(EventFiringWebDriver.java:417)
	at com.kms.katalon.core.webui.keyword.builtin.CheckKeyword$_check_closure1.doCall(CheckKeyword.groovy:80)
	at com.kms.katalon.core.webui.keyword.builtin.CheckKeyword$_check_closure1.call(CheckKeyword.groovy)
	at com.kms.katalon.core.webui.keyword.internal.WebUIKeywordMain.runKeyword(WebUIKeywordMain.groovy:20)
	at com.kms.katalon.core.webui.keyword.builtin.CheckKeyword.check(CheckKeyword.groovy:88)
	at com.kms.katalon.core.webui.keyword.builtin.CheckKeyword.execute(CheckKeyword.groovy:67)
	at com.kms.katalon.core.keyword.internal.KeywordExecutor.executeKeywordForPlatform(KeywordExecutor.groovy:73)
	at com.kms.katalon.core.webui.keyword.WebUiBuiltInKeywords.check(WebUiBuiltInKeywords.groovy:1069)
	at com.kms.katalon.core.webui.keyword.WebUiBuiltInKeywords$check$4.call(Unknown Source)
	at Script1634674829687.run(Script1634674829687.groovy:129)
	... 13 more
)
	at com.kms.katalon.core.keyword.internal.KeywordMain.stepFailed(KeywordMain.groovy:39)
	at com.kms.katalon.core.webui.keyword.internal.WebUIKeywordMain.stepFailed(WebUIKeywordMain.groovy:64)
	at com.kms.katalon.core.webui.keyword.internal.WebUIKeywordMain.runKeyword(WebUIKeywordMain.groovy:26)
	at com.kms.katalon.core.webui.keyword.builtin.CheckKeyword.check(CheckKeyword.groovy:88)
	at com.kms.katalon.core.webui.keyword.builtin.CheckKeyword.execute(CheckKeyword.groovy:67)
	at com.kms.katalon.core.keyword.internal.KeywordExecutor.executeKeywordForPlatform(KeywordExecutor.groovy:73)
	at com.kms.katalon.core.webui.keyword.WebUiBuiltInKeywords.check(WebUiBuiltInKeywords.groovy:1069)
	at com.kms.katalon.core.webui.keyword.WebUiBuiltInKeywords$check$4.call(Unknown Source)
	at Payments_HC_TC.run(Payments_HC_TC:129)
	at com.kms.katalon.core.main.ScriptEngine.run(ScriptEngine.java:194)
	at com.kms.katalon.core.main.ScriptEngine.runScriptAsRawText(ScriptEngine.java:119)
	at com.kms.katalon.core.main.TestCaseExecutor.runScript(TestCaseExecutor.java:369)
	at com.kms.katalon.core.main.TestCaseExecutor.doExecute(TestCaseExecutor.java:360)
	at com.kms.katalon.core.main.TestCaseExecutor.processExecutionPhase(TestCaseExecutor.java:339)
	at com.kms.katalon.core.main.TestCaseExecutor.accessMainPhase(TestCaseExecutor.java:331)
	at com.kms.katalon.core.main.TestCaseExecutor.execute(TestCaseExecutor.java:248)
	at com.kms.katalon.core.main.TestSuiteExecutor.accessTestCaseMainPhase(TestSuiteExecutor.java:191)
	at com.kms.katalon.core.main.TestSuiteExecutor.accessTestSuiteMainPhase(TestSuiteExecutor.java:140)
	at com.kms.katalon.core.main.TestSuiteExecutor.execute(TestSuiteExecutor.java:89)
	at com.kms.katalon.core.main.TestCaseMain.startTestSuite(TestCaseMain.java:185)
	at com.kms.katalon.core.main.TestCaseMain$startTestSuite$0.call(Unknown Source)
	at TempTestSuite1634834938608.run(TempTestSuite1634834938608.groovy:39)
Caused by: com.kms.katalon.core.exception.StepFailedException: Unable to check object 'Object Repository/RAD_Pages/FilingStatus_Page/input_userType_Joint'
	... 21 more
Caused by: org.openqa.selenium.ElementNotInteractableException: element not interactable
  (Session info: chrome=95.0.4638.54)
Build info: version: '3.141.59', revision: 'e82be7d358', time: '2018-11-14T08:25:53'
System info: host: 'DESKTOP-B2QI6NS', ip: '172.30.2.167', os.name: 'Windows 10', os.arch: 'amd64', os.version: '10.0', java.version: '1.8.0_181'
Driver info: com.kms.katalon.selenium.driver.CChromeDriver
Capabilities {acceptInsecureCerts: true, browserName: chrome, browserVersion: 95.0.4638.54, chrome: {chromedriverVersion: 94.0.4606.61 (418b78f5838ed..., userDataDir: C:\Users\iahmed\AppData\Loc...}, goog:chromeOptions: {debuggerAddress: localhost:57713}, javascriptEnabled: true, networkConnectionEnabled: false, pageLoadStrategy: normal, platform: WINDOWS, platformName: WINDOWS, proxy: Proxy(), setWindowRect: true, strictFileInteractability: false, timeouts: {implicit: 0, pageLoad: 300000, script: 30000}, unhandledPromptBehavior: dismiss and notify, webauthn:extension:credBlob: true, webauthn:extension:largeBlob: true, webauthn:virtualAuthenticators: true}
Session ID: 24fef4662cc735e5f30fc12745cbd464
	at org.openqa.selenium.remote.http.W3CHttpResponseCodec.createException(W3CHttpResponseCodec.java:187)
	at org.openqa.selenium.remote.http.W3CHttpResponseCodec.decode(W3CHttpResponseCodec.java:122)
	at org.openqa.selenium.remote.http.W3CHttpResponseCodec.decode(W3CHttpResponseCodec.java:49)
	at org.openqa.selenium.remote.HttpCommandExecutor.execute(HttpCommandExecutor.java:158)
	at org.openqa.selenium.remote.service.DriverCommandExecutor.execute(DriverCommandExecutor.java:83)
	at org.openqa.selenium.remote.RemoteWebDriver.execute(RemoteWebDriver.java:552)
	at com.kms.katalon.selenium.driver.CChromeDriver.execute(CChromeDriver.java:19)
	at org.openqa.selenium.remote.RemoteWebElement.execute(RemoteWebElement.java:285)
	at org.openqa.selenium.remote.RemoteWebElement.click(RemoteWebElement.java:84)
	at org.openqa.selenium.support.events.EventFiringWebDriver$EventFiringWebElement.lambda$new$0(EventFiringWebDriver.java:404)
	at com.sun.proxy.$Proxy11.click(Unknown Source)
	at org.openqa.selenium.support.events.EventFiringWebDriver$EventFiringWebElement.click(EventFiringWebDriver.java:417)
	at com.kms.katalon.core.webui.keyword.builtin.CheckKeyword$_check_closure1.doCall(CheckKeyword.groovy:80)
	at com.kms.katalon.core.webui.keyword.builtin.CheckKeyword$_check_closure1.call(CheckKeyword.groovy)
	at com.kms.katalon.core.webui.keyword.internal.WebUIKeywordMain.runKeyword(WebUIKeywordMain.groovy:20)
	... 19 more]]></system-err>
      </testcase>
      <system-out><![CDATA[2021-10-21 12:49:02 - [TEST_SUITE][FAILED] - RAD_UI_TestSuite: Test Cases/RAD_TestCases/PaymentsHardCoded/Payments_HC_TC FAILED.
Reason:
com.kms.katalon.core.exception.StepFailedException: Unable to check object 'Object Repository/RAD_Pages/FilingStatus_Page/input_userType_Joint' (Root cause: com.kms.katalon.core.exception.StepFailedException: Unable to check object 'Object Repository/RAD_Pages/FilingStatus_Page/input_userType_Joint'
	at com.kms.katalon.core.webui.keyword.internal.WebUIKeywordMain.stepFailed(WebUIKeywordMain.groovy:64)
	at com.kms.katalon.core.webui.keyword.internal.WebUIKeywordMain.runKeyword(WebUIKeywordMain.groovy:26)
	at com.kms.katalon.core.webui.keyword.builtin.CheckKeyword.check(CheckKeyword.groovy:88)
	at com.kms.katalon.core.webui.keyword.builtin.CheckKeyword.execute(CheckKeyword.groovy:67)
	at com.kms.katalon.core.keyword.internal.KeywordExecutor.executeKeywordForPlatform(KeywordExecutor.groovy:73)
	at com.kms.katalon.core.webui.keyword.WebUiBuiltInKeywords.check(WebUiBuiltInKeywords.groovy:1069)
	at com.kms.katalon.core.webui.keyword.WebUiBuiltInKeywords$check$4.call(Unknown Source)
	at Payments_HC_TC.run(Payments_HC_TC:129)
	at com.kms.katalon.core.main.ScriptEngine.run(ScriptEngine.java:194)
	at com.kms.katalon.core.main.ScriptEngine.runScriptAsRawText(ScriptEngine.java:119)
	at com.kms.katalon.core.main.TestCaseExecutor.runScript(TestCaseExecutor.java:369)
	at com.kms.katalon.core.main.TestCaseExecutor.doExecute(TestCaseExecutor.java:360)
	at com.kms.katalon.core.main.TestCaseExecutor.processExecutionPhase(TestCaseExecutor.java:339)
	at com.kms.katalon.core.main.TestCaseExecutor.accessMainPhase(TestCaseExecutor.java:331)
	at com.kms.katalon.core.main.TestCaseExecutor.execute(TestCaseExecutor.java:248)
	at com.kms.katalon.core.main.TestSuiteExecutor.accessTestCaseMainPhase(TestSuiteExecutor.java:191)
	at com.kms.katalon.core.main.TestSuiteExecutor.accessTestSuiteMainPhase(TestSuiteExecutor.java:140)
	at com.kms.katalon.core.main.TestSuiteExecutor.execute(TestSuiteExecutor.java:89)
	at com.kms.katalon.core.main.TestCaseMain.startTestSuite(TestCaseMain.java:185)
	at com.kms.katalon.core.main.TestCaseMain$startTestSuite$0.call(Unknown Source)
	at TempTestSuite1634834938608.run(TempTestSuite1634834938608.groovy:39)
Caused by: org.openqa.selenium.ElementNotInteractableException: element not interactable
  (Session info: chrome=95.0.4638.54)
Build info: version: '3.141.59', revision: 'e82be7d358', time: '2018-11-14T08:25:53'
System info: host: 'DESKTOP-B2QI6NS', ip: '172.30.2.167', os.name: 'Windows 10', os.arch: 'amd64', os.version: '10.0', java.version: '1.8.0_181'
Driver info: com.kms.katalon.selenium.driver.CChromeDriver
Capabilities {acceptInsecureCerts: true, browserName: chrome, browserVersion: 95.0.4638.54, chrome: {chromedriverVersion: 94.0.4606.61 (418b78f5838ed..., userDataDir: C:\Users\iahmed\AppData\Loc...}, goog:chromeOptions: {debuggerAddress: localhost:57713}, javascriptEnabled: true, networkConnectionEnabled: false, pageLoadStrategy: normal, platform: WINDOWS, platformName: WINDOWS, proxy: Proxy(), setWindowRect: true, strictFileInteractability: false, timeouts: {implicit: 0, pageLoad: 300000, script: 30000}, unhandledPromptBehavior: dismiss and notify, webauthn:extension:credBlob: true, webauthn:extension:largeBlob: true, webauthn:virtualAuthenticators: true}
Session ID: 24fef4662cc735e5f30fc12745cbd464
	at org.openqa.selenium.remote.http.W3CHttpResponseCodec.createException(W3CHttpResponseCodec.java:187)
	at org.openqa.selenium.remote.http.W3CHttpResponseCodec.decode(W3CHttpResponseCodec.java:122)
	at org.openqa.selenium.remote.http.W3CHttpResponseCodec.decode(W3CHttpResponseCodec.java:49)
	at org.openqa.selenium.remote.HttpCommandExecutor.execute(HttpCommandExecutor.java:158)
	at org.openqa.selenium.remote.service.DriverCommandExecutor.execute(DriverCommandExecutor.java:83)
	at org.openqa.selenium.remote.RemoteWebDriver.execute(RemoteWebDriver.java:552)
	at com.kms.katalon.selenium.driver.CChromeDriver.execute(CChromeDriver.java:19)
	at org.openqa.selenium.remote.RemoteWebElement.execute(RemoteWebElement.java:285)
	at org.openqa.selenium.remote.RemoteWebElement.click(RemoteWebElement.java:84)
	at org.openqa.selenium.support.events.EventFiringWebDriver$EventFiringWebElement.lambda$new$0(EventFiringWebDriver.java:404)
	at com.sun.proxy.$Proxy11.click(Unknown Source)
	at org.openqa.selenium.support.events.EventFiringWebDriver$EventFiringWebElement.click(EventFiringWebDriver.java:417)
	at com.kms.katalon.core.webui.keyword.builtin.CheckKeyword$_check_closure1.doCall(CheckKeyword.groovy:80)
	at com.kms.katalon.core.webui.keyword.builtin.CheckKeyword$_check_closure1.call(CheckKeyword.groovy)
	at com.kms.katalon.core.webui.keyword.internal.WebUIKeywordMain.runKeyword(WebUIKeywordMain.groovy:20)
	at com.kms.katalon.core.webui.keyword.builtin.CheckKeyword.check(CheckKeyword.groovy:88)
	at com.kms.katalon.core.webui.keyword.builtin.CheckKeyword.execute(CheckKeyword.groovy:67)
	at com.kms.katalon.core.keyword.internal.KeywordExecutor.executeKeywordForPlatform(KeywordExecutor.groovy:73)
	at com.kms.katalon.core.webui.keyword.WebUiBuiltInKeywords.check(WebUiBuiltInKeywords.groovy:1069)
	at com.kms.katalon.core.webui.keyword.WebUiBuiltInKeywords$check$4.call(Unknown Source)
	at Script1634674829687.run(Script1634674829687.groovy:129)
	... 13 more
)
	at com.kms.katalon.core.keyword.internal.KeywordMain.stepFailed(KeywordMain.groovy:39)
	at com.kms.katalon.core.webui.keyword.internal.WebUIKeywordMain.stepFailed(WebUIKeywordMain.groovy:64)
	at com.kms.katalon.core.webui.keyword.internal.WebUIKeywordMain.runKeyword(WebUIKeywordMain.groovy:26)
	at com.kms.katalon.core.webui.keyword.builtin.CheckKeyword.check(CheckKeyword.groovy:88)
	at com.kms.katalon.core.webui.keyword.builtin.CheckKeyword.execute(CheckKeyword.groovy:67)
	at com.kms.katalon.core.keyword.internal.KeywordExecutor.executeKeywordForPlatform(KeywordExecutor.groovy:73)
	at com.kms.katalon.core.webui.keyword.WebUiBuiltInKeywords.check(WebUiBuiltInKeywords.groovy:1069)
	at com.kms.katalon.core.webui.keyword.WebUiBuiltInKeywords$check$4.call(Unknown Source)
	at Payments_HC_TC.run(Payments_HC_TC:129)
	at com.kms.katalon.core.main.ScriptEngine.run(ScriptEngine.java:194)
	at com.kms.katalon.core.main.ScriptEngine.runScriptAsRawText(ScriptEngine.java:119)
	at com.kms.katalon.core.main.TestCaseExecutor.runScript(TestCaseExecutor.java:369)
	at com.kms.katalon.core.main.TestCaseExecutor.doExecute(TestCaseExecutor.java:360)
	at com.kms.katalon.core.main.TestCaseExecutor.processExecutionPhase(TestCaseExecutor.java:339)
	at com.kms.katalon.core.main.TestCaseExecutor.accessMainPhase(TestCaseExecutor.java:331)
	at com.kms.katalon.core.main.TestCaseExecutor.execute(TestCaseExecutor.java:248)
	at com.kms.katalon.core.main.TestSuiteExecutor.accessTestCaseMainPhase(TestSuiteExecutor.java:191)
	at com.kms.katalon.core.main.TestSuiteExecutor.accessTestSuiteMainPhase(TestSuiteExecutor.java:140)
	at com.kms.katalon.core.main.TestSuiteExecutor.execute(TestSuiteExecutor.java:89)
	at com.kms.katalon.core.main.TestCaseMain.startTestSuite(TestCaseMain.java:185)
	at com.kms.katalon.core.main.TestCaseMain$startTestSuite$0.call(Unknown Source)
	at TempTestSuite1634834938608.run(TempTestSuite1634834938608.groovy:39)
Caused by: com.kms.katalon.core.exception.StepFailedException: Unable to check object 'Object Repository/RAD_Pages/FilingStatus_Page/input_userType_Joint'
	... 21 more
Caused by: org.openqa.selenium.ElementNotInteractableException: element not interactable
  (Session info: chrome=95.0.4638.54)
Build info: version: '3.141.59', revision: 'e82be7d358', time: '2018-11-14T08:25:53'
System info: host: 'DESKTOP-B2QI6NS', ip: '172.30.2.167', os.name: 'Windows 10', os.arch: 'amd64', os.version: '10.0', java.version: '1.8.0_181'
Driver info: com.kms.katalon.selenium.driver.CChromeDriver
Capabilities {acceptInsecureCerts: true, browserName: chrome, browserVersion: 95.0.4638.54, chrome: {chromedriverVersion: 94.0.4606.61 (418b78f5838ed..., userDataDir: C:\Users\iahmed\AppData\Loc...}, goog:chromeOptions: {debuggerAddress: localhost:57713}, javascriptEnabled: true, networkConnectionEnabled: false, pageLoadStrategy: normal, platform: WINDOWS, platformName: WINDOWS, proxy: Proxy(), setWindowRect: true, strictFileInteractability: false, timeouts: {implicit: 0, pageLoad: 300000, script: 30000}, unhandledPromptBehavior: dismiss and notify, webauthn:extension:credBlob: true, webauthn:extension:largeBlob: true, webauthn:virtualAuthenticators: true}
Session ID: 24fef4662cc735e5f30fc12745cbd464
	at org.openqa.selenium.remote.http.W3CHttpResponseCodec.createException(W3CHttpResponseCodec.java:187)
	at org.openqa.selenium.remote.http.W3CHttpResponseCodec.decode(W3CHttpResponseCodec.java:122)
	at org.openqa.selenium.remote.http.W3CHttpResponseCodec.decode(W3CHttpResponseCodec.java:49)
	at org.openqa.selenium.remote.HttpCommandExecutor.execute(HttpCommandExecutor.java:158)
	at org.openqa.selenium.remote.service.DriverCommandExecutor.execute(DriverCommandExecutor.java:83)
	at org.openqa.selenium.remote.RemoteWebDriver.execute(RemoteWebDriver.java:552)
	at com.kms.katalon.selenium.driver.CChromeDriver.execute(CChromeDriver.java:19)
	at org.openqa.selenium.remote.RemoteWebElement.execute(RemoteWebElement.java:285)
	at org.openqa.selenium.remote.RemoteWebElement.click(RemoteWebElement.java:84)
	at org.openqa.selenium.support.events.EventFiringWebDriver$EventFiringWebElement.lambda$new$0(EventFiringWebDriver.java:404)
	at com.sun.proxy.$Proxy11.click(Unknown Source)
	at org.openqa.selenium.support.events.EventFiringWebDriver$EventFiringWebElement.click(EventFiringWebDriver.java:417)
	at com.kms.katalon.core.webui.keyword.builtin.CheckKeyword$_check_closure1.doCall(CheckKeyword.groovy:80)
	at com.kms.katalon.core.webui.keyword.builtin.CheckKeyword$_check_closure1.call(CheckKeyword.groovy)
	at com.kms.katalon.core.webui.keyword.internal.WebUIKeywordMain.runKeyword(WebUIKeywordMain.groovy:20)
	... 19 more]]></system-out>
      <system-err><![CDATA[2021-10-21 12:49:02 - [TEST_SUITE][FAILED] - RAD_UI_TestSuite: Test Cases/RAD_TestCases/PaymentsHardCoded/Payments_HC_TC FAILED.
Reason:
com.kms.katalon.core.exception.StepFailedException: Unable to check object 'Object Repository/RAD_Pages/FilingStatus_Page/input_userType_Joint' (Root cause: com.kms.katalon.core.exception.StepFailedException: Unable to check object 'Object Repository/RAD_Pages/FilingStatus_Page/input_userType_Joint'
	at com.kms.katalon.core.webui.keyword.internal.WebUIKeywordMain.stepFailed(WebUIKeywordMain.groovy:64)
	at com.kms.katalon.core.webui.keyword.internal.WebUIKeywordMain.runKeyword(WebUIKeywordMain.groovy:26)
	at com.kms.katalon.core.webui.keyword.builtin.CheckKeyword.check(CheckKeyword.groovy:88)
	at com.kms.katalon.core.webui.keyword.builtin.CheckKeyword.execute(CheckKeyword.groovy:67)
	at com.kms.katalon.core.keyword.internal.KeywordExecutor.executeKeywordForPlatform(KeywordExecutor.groovy:73)
	at com.kms.katalon.core.webui.keyword.WebUiBuiltInKeywords.check(WebUiBuiltInKeywords.groovy:1069)
	at com.kms.katalon.core.webui.keyword.WebUiBuiltInKeywords$check$4.call(Unknown Source)
	at Payments_HC_TC.run(Payments_HC_TC:129)
	at com.kms.katalon.core.main.ScriptEngine.run(ScriptEngine.java:194)
	at com.kms.katalon.core.main.ScriptEngine.runScriptAsRawText(ScriptEngine.java:119)
	at com.kms.katalon.core.main.TestCaseExecutor.runScript(TestCaseExecutor.java:369)
	at com.kms.katalon.core.main.TestCaseExecutor.doExecute(TestCaseExecutor.java:360)
	at com.kms.katalon.core.main.TestCaseExecutor.processExecutionPhase(TestCaseExecutor.java:339)
	at com.kms.katalon.core.main.TestCaseExecutor.accessMainPhase(TestCaseExecutor.java:331)
	at com.kms.katalon.core.main.TestCaseExecutor.execute(TestCaseExecutor.java:248)
	at com.kms.katalon.core.main.TestSuiteExecutor.accessTestCaseMainPhase(TestSuiteExecutor.java:191)
	at com.kms.katalon.core.main.TestSuiteExecutor.accessTestSuiteMainPhase(TestSuiteExecutor.java:140)
	at com.kms.katalon.core.main.TestSuiteExecutor.execute(TestSuiteExecutor.java:89)
	at com.kms.katalon.core.main.TestCaseMain.startTestSuite(TestCaseMain.java:185)
	at com.kms.katalon.core.main.TestCaseMain$startTestSuite$0.call(Unknown Source)
	at TempTestSuite1634834938608.run(TempTestSuite1634834938608.groovy:39)
Caused by: org.openqa.selenium.ElementNotInteractableException: element not interactable
  (Session info: chrome=95.0.4638.54)
Build info: version: '3.141.59', revision: 'e82be7d358', time: '2018-11-14T08:25:53'
System info: host: 'DESKTOP-B2QI6NS', ip: '172.30.2.167', os.name: 'Windows 10', os.arch: 'amd64', os.version: '10.0', java.version: '1.8.0_181'
Driver info: com.kms.katalon.selenium.driver.CChromeDriver
Capabilities {acceptInsecureCerts: true, browserName: chrome, browserVersion: 95.0.4638.54, chrome: {chromedriverVersion: 94.0.4606.61 (418b78f5838ed..., userDataDir: C:\Users\iahmed\AppData\Loc...}, goog:chromeOptions: {debuggerAddress: localhost:57713}, javascriptEnabled: true, networkConnectionEnabled: false, pageLoadStrategy: normal, platform: WINDOWS, platformName: WINDOWS, proxy: Proxy(), setWindowRect: true, strictFileInteractability: false, timeouts: {implicit: 0, pageLoad: 300000, script: 30000}, unhandledPromptBehavior: dismiss and notify, webauthn:extension:credBlob: true, webauthn:extension:largeBlob: true, webauthn:virtualAuthenticators: true}
Session ID: 24fef4662cc735e5f30fc12745cbd464
	at org.openqa.selenium.remote.http.W3CHttpResponseCodec.createException(W3CHttpResponseCodec.java:187)
	at org.openqa.selenium.remote.http.W3CHttpResponseCodec.decode(W3CHttpResponseCodec.java:122)
	at org.openqa.selenium.remote.http.W3CHttpResponseCodec.decode(W3CHttpResponseCodec.java:49)
	at org.openqa.selenium.remote.HttpCommandExecutor.execute(HttpCommandExecutor.java:158)
	at org.openqa.selenium.remote.service.DriverCommandExecutor.execute(DriverCommandExecutor.java:83)
	at org.openqa.selenium.remote.RemoteWebDriver.execute(RemoteWebDriver.java:552)
	at com.kms.katalon.selenium.driver.CChromeDriver.execute(CChromeDriver.java:19)
	at org.openqa.selenium.remote.RemoteWebElement.execute(RemoteWebElement.java:285)
	at org.openqa.selenium.remote.RemoteWebElement.click(RemoteWebElement.java:84)
	at org.openqa.selenium.support.events.EventFiringWebDriver$EventFiringWebElement.lambda$new$0(EventFiringWebDriver.java:404)
	at com.sun.proxy.$Proxy11.click(Unknown Source)
	at org.openqa.selenium.support.events.EventFiringWebDriver$EventFiringWebElement.click(EventFiringWebDriver.java:417)
	at com.kms.katalon.core.webui.keyword.builtin.CheckKeyword$_check_closure1.doCall(CheckKeyword.groovy:80)
	at com.kms.katalon.core.webui.keyword.builtin.CheckKeyword$_check_closure1.call(CheckKeyword.groovy)
	at com.kms.katalon.core.webui.keyword.internal.WebUIKeywordMain.runKeyword(WebUIKeywordMain.groovy:20)
	at com.kms.katalon.core.webui.keyword.builtin.CheckKeyword.check(CheckKeyword.groovy:88)
	at com.kms.katalon.core.webui.keyword.builtin.CheckKeyword.execute(CheckKeyword.groovy:67)
	at com.kms.katalon.core.keyword.internal.KeywordExecutor.executeKeywordForPlatform(KeywordExecutor.groovy:73)
	at com.kms.katalon.core.webui.keyword.WebUiBuiltInKeywords.check(WebUiBuiltInKeywords.groovy:1069)
	at com.kms.katalon.core.webui.keyword.WebUiBuiltInKeywords$check$4.call(Unknown Source)
	at Script1634674829687.run(Script1634674829687.groovy:129)
	... 13 more
)
	at com.kms.katalon.core.keyword.internal.KeywordMain.stepFailed(KeywordMain.groovy:39)
	at com.kms.katalon.core.webui.keyword.internal.WebUIKeywordMain.stepFailed(WebUIKeywordMain.groovy:64)
	at com.kms.katalon.core.webui.keyword.internal.WebUIKeywordMain.runKeyword(WebUIKeywordMain.groovy:26)
	at com.kms.katalon.core.webui.keyword.builtin.CheckKeyword.check(CheckKeyword.groovy:88)
	at com.kms.katalon.core.webui.keyword.builtin.CheckKeyword.execute(CheckKeyword.groovy:67)
	at com.kms.katalon.core.keyword.internal.KeywordExecutor.executeKeywordForPlatform(KeywordExecutor.groovy:73)
	at com.kms.katalon.core.webui.keyword.WebUiBuiltInKeywords.check(WebUiBuiltInKeywords.groovy:1069)
	at com.kms.katalon.core.webui.keyword.WebUiBuiltInKeywords$check$4.call(Unknown Source)
	at Payments_HC_TC.run(Payments_HC_TC:129)
	at com.kms.katalon.core.main.ScriptEngine.run(ScriptEngine.java:194)
	at com.kms.katalon.core.main.ScriptEngine.runScriptAsRawText(ScriptEngine.java:119)
	at com.kms.katalon.core.main.TestCaseExecutor.runScript(TestCaseExecutor.java:369)
	at com.kms.katalon.core.main.TestCaseExecutor.doExecute(TestCaseExecutor.java:360)
	at com.kms.katalon.core.main.TestCaseExecutor.processExecutionPhase(TestCaseExecutor.java:339)
	at com.kms.katalon.core.main.TestCaseExecutor.accessMainPhase(TestCaseExecutor.java:331)
	at com.kms.katalon.core.main.TestCaseExecutor.execute(TestCaseExecutor.java:248)
	at com.kms.katalon.core.main.TestSuiteExecutor.accessTestCaseMainPhase(TestSuiteExecutor.java:191)
	at com.kms.katalon.core.main.TestSuiteExecutor.accessTestSuiteMainPhase(TestSuiteExecutor.java:140)
	at com.kms.katalon.core.main.TestSuiteExecutor.execute(TestSuiteExecutor.java:89)
	at com.kms.katalon.core.main.TestCaseMain.startTestSuite(TestCaseMain.java:185)
	at com.kms.katalon.core.main.TestCaseMain$startTestSuite$0.call(Unknown Source)
	at TempTestSuite1634834938608.run(TempTestSuite1634834938608.groovy:39)
Caused by: com.kms.katalon.core.exception.StepFailedException: Unable to check object 'Object Repository/RAD_Pages/FilingStatus_Page/input_userType_Joint'
	... 21 more
Caused by: org.openqa.selenium.ElementNotInteractableException: element not interactable
  (Session info: chrome=95.0.4638.54)
Build info: version: '3.141.59', revision: 'e82be7d358', time: '2018-11-14T08:25:53'
System info: host: 'DESKTOP-B2QI6NS', ip: '172.30.2.167', os.name: 'Windows 10', os.arch: 'amd64', os.version: '10.0', java.version: '1.8.0_181'
Driver info: com.kms.katalon.selenium.driver.CChromeDriver
Capabilities {acceptInsecureCerts: true, browserName: chrome, browserVersion: 95.0.4638.54, chrome: {chromedriverVersion: 94.0.4606.61 (418b78f5838ed..., userDataDir: C:\Users\iahmed\AppData\Loc...}, goog:chromeOptions: {debuggerAddress: localhost:57713}, javascriptEnabled: true, networkConnectionEnabled: false, pageLoadStrategy: normal, platform: WINDOWS, platformName: WINDOWS, proxy: Proxy(), setWindowRect: true, strictFileInteractability: false, timeouts: {implicit: 0, pageLoad: 300000, script: 30000}, unhandledPromptBehavior: dismiss and notify, webauthn:extension:credBlob: true, webauthn:extension:largeBlob: true, webauthn:virtualAuthenticators: true}
Session ID: 24fef4662cc735e5f30fc12745cbd464
	at org.openqa.selenium.remote.http.W3CHttpResponseCodec.createException(W3CHttpResponseCodec.java:187)
	at org.openqa.selenium.remote.http.W3CHttpResponseCodec.decode(W3CHttpResponseCodec.java:122)
	at org.openqa.selenium.remote.http.W3CHttpResponseCodec.decode(W3CHttpResponseCodec.java:49)
	at org.openqa.selenium.remote.HttpCommandExecutor.execute(HttpCommandExecutor.java:158)
	at org.openqa.selenium.remote.service.DriverCommandExecutor.execute(DriverCommandExecutor.java:83)
	at org.openqa.selenium.remote.RemoteWebDriver.execute(RemoteWebDriver.java:552)
	at com.kms.katalon.selenium.driver.CChromeDriver.execute(CChromeDriver.java:19)
	at org.openqa.selenium.remote.RemoteWebElement.execute(RemoteWebElement.java:285)
	at org.openqa.selenium.remote.RemoteWebElement.click(RemoteWebElement.java:84)
	at org.openqa.selenium.support.events.EventFiringWebDriver$EventFiringWebElement.lambda$new$0(EventFiringWebDriver.java:404)
	at com.sun.proxy.$Proxy11.click(Unknown Source)
	at org.openqa.selenium.support.events.EventFiringWebDriver$EventFiringWebElement.click(EventFiringWebDriver.java:417)
	at com.kms.katalon.core.webui.keyword.builtin.CheckKeyword$_check_closure1.doCall(CheckKeyword.groovy:80)
	at com.kms.katalon.core.webui.keyword.builtin.CheckKeyword$_check_closure1.call(CheckKeyword.groovy)
	at com.kms.katalon.core.webui.keyword.internal.WebUIKeywordMain.runKeyword(WebUIKeywordMain.groovy:20)
	... 19 more]]></system-err>
   </testsuite>
</testsuites>
